<?xml version="1.0" encoding="UTF-8"?>
<testsuite xmlns:xsi="http://www.w3.org/2001/XMLSchema-instance" xsi:noNamespaceSchemaLocation="https://maven.apache.org/surefire/maven-surefire-plugin/xsd/surefire-test-report-3.0.xsd" version="3.0" name="org.apache.hadoop.fs.ozone.TestRootedOzoneFileSystem" time="372.691" tests="170" errors="0" skipped="14" failures="1">
  <properties>
    <property name="awt.toolkit" value="sun.awt.X11.XToolkit"/>
    <property name="file.encoding.pkg" value="sun.io"/>
    <property name="java.specification.version" value="1.8"/>
    <property name="sun.cpu.isalist" value=""/>
    <property name="sun.jnu.encoding" value="UTF-8"/>
    <property name="java.class.path" value="/home/runner/work/ozone/ozone/hadoop-ozone/integration-test/target/test-classes:/home/runner/work/ozone/ozone/hadoop-ozone/integration-test/target/classes:/home/runner/.m2/repository/org/apache/ozone/ozone-common/1.3.0-SNAPSHOT/ozone-common-1.3.0-SNAPSHOT.jar:/home/runner/.m2/repository/io/grpc/grpc-netty/1.44.0/grpc-netty-1.44.0.jar:/home/runner/.m2/repository/io/grpc/grpc-core/1.44.0/grpc-core-1.44.0.jar:/home/runner/.m2/repository/com/google/android/annotations/4.1.1.4/annotations-4.1.1.4.jar:/home/runner/.m2/repository/org/codehaus/mojo/animal-sniffer-annotations/1.19/animal-sniffer-annotations-1.19.jar:/home/runner/.m2/repository/com/google/errorprone/error_prone_annotations/2.2.0/error_prone_annotations-2.2.0.jar:/home/runner/.m2/repository/io/perfmark/perfmark-api/0.23.0/perfmark-api-0.23.0.jar:/home/runner/.m2/repository/io/netty/netty-codec-http2/4.1.79.Final/netty-codec-http2-4.1.79.Final.jar:/home/runner/.m2/repository/io/netty/netty-common/4.1.79.Final/netty-common-4.1.79.Final.jar:/home/runner/.m2/repository/io/netty/netty-buffer/4.1.79.Final/netty-buffer-4.1.79.Final.jar:/home/runner/.m2/repository/io/netty/netty-codec-http/4.1.79.Final/netty-codec-http-4.1.79.Final.jar:/home/runner/.m2/repository/io/netty/netty-handler-proxy/4.1.79.Final/netty-handler-proxy-4.1.79.Final.jar:/home/runner/.m2/repository/io/netty/netty-codec-socks/4.1.79.Final/netty-codec-socks-4.1.79.Final.jar:/home/runner/.m2/repository/io/netty/netty-tcnative-boringssl-static/2.0.53.Final/netty-tcnative-boringssl-static-2.0.53.Final.jar:/home/runner/.m2/repository/io/netty/netty-tcnative-classes/2.0.53.Final/netty-tcnative-classes-2.0.53.Final.jar:/home/runner/.m2/repository/io/netty/netty-tcnative-boringssl-static/2.0.53.Final/netty-tcnative-boringssl-static-2.0.53.Final-linux-x86_64.jar:/home/runner/.m2/repository/io/netty/netty-tcnative-boringssl-static/2.0.53.Final/netty-tcnative-boringssl-static-2.0.53.Final-linux-aarch_64.jar:/home/runner/.m2/repository/io/netty/netty-tcnative-boringssl-static/2.0.53.Final/netty-tcnative-boringssl-static-2.0.53.Final-osx-x86_64.jar:/home/runner/.m2/repository/io/netty/netty-tcnative-boringssl-static/2.0.53.Final/netty-tcnative-boringssl-static-2.0.53.Final-osx-aarch_64.jar:/home/runner/.m2/repository/io/netty/netty-tcnative-boringssl-static/2.0.53.Final/netty-tcnative-boringssl-static-2.0.53.Final-windows-x86_64.jar:/home/runner/.m2/repository/org/apache/commons/commons-compress/1.21/commons-compress-1.21.jar:/home/runner/.m2/repository/org/apache/ozone/hdds-common/1.3.0-SNAPSHOT/hdds-common-1.3.0-SNAPSHOT.jar:/home/runner/.m2/repository/org/apache/ozone/hdds-client/1.3.0-SNAPSHOT/hdds-client-1.3.0-SNAPSHOT.jar:/home/runner/.m2/repository/org/apache/ozone/ozone-interface-client/1.3.0-SNAPSHOT/ozone-interface-client-1.3.0-SNAPSHOT.jar:/home/runner/.m2/repository/org/apache/ozone/hdds-test-utils/1.3.0-SNAPSHOT/hdds-test-utils-1.3.0-SNAPSHOT.jar:/home/runner/.m2/repository/com/google/guava/guava/31.1-jre/guava-31.1-jre.jar:/home/runner/.m2/repository/com/google/guava/failureaccess/1.0.1/failureaccess-1.0.1.jar:/home/runner/.m2/repository/com/google/guava/listenablefuture/9999.0-empty-to-avoid-conflict-with-guava/listenablefuture-9999.0-empty-to-avoid-conflict-with-guava.jar:/home/runner/.m2/repository/com/google/code/findbugs/jsr305/3.0.0/jsr305-3.0.0.jar:/home/runner/.m2/repository/org/checkerframework/checker-qual/3.12.0/checker-qual-3.12.0.jar:/home/runner/.m2/repository/com/google/j2objc/j2objc-annotations/1.3/j2objc-annotations-1.3.jar:/home/runner/.m2/repository/commons-io/commons-io/2.11.0/commons-io-2.11.0.jar:/home/runner/.m2/repository/commons-logging/commons-logging/1.2/commons-logging-1.2.jar:/home/runner/.m2/repository/log4j/log4j/1.2.17/log4j-1.2.17.jar:/home/runner/.m2/repository/org/slf4j/slf4j-api/1.7.30/slf4j-api-1.7.30.jar:/home/runner/.m2/repository/org/apache/ozone/hdds-server-scm/1.3.0-SNAPSHOT/hdds-server-scm-1.3.0-SNAPSHOT.jar:/home/runner/.m2/repository/org/apache/ozone/hdds-container-service/1.3.0-SNAPSHOT/hdds-container-service-1.3.0-SNAPSHOT.jar:/home/runner/.m2/repository/org/apache/ozone/hdds-hadoop-dependency-server/1.3.0-SNAPSHOT/hdds-hadoop-dependency-server-1.3.0-SNAPSHOT.jar:/home/runner/.m2/repository/org/apache/hadoop/hadoop-hdfs/3.3.1/hadoop-hdfs-3.3.1.jar:/home/runner/.m2/repository/org/apache/ozone/hdds-server-framework/1.3.0-SNAPSHOT/hdds-server-framework-1.3.0-SNAPSHOT.jar:/home/runner/.m2/repository/org/apache/ozone/hdds-interface-server/1.3.0-SNAPSHOT/hdds-interface-server-1.3.0-SNAPSHOT.jar:/home/runner/.m2/repository/org/apache/logging/log4j/log4j-core/2.17.1/log4j-core-2.17.1.jar:/home/runner/.m2/repository/com/lmax/disruptor/3.4.2/disruptor-3.4.2.jar:/home/runner/.m2/repository/org/eclipse/jetty/jetty-servlet/9.4.43.v20210629/jetty-servlet-9.4.43.v20210629.jar:/home/runner/.m2/repository/org/eclipse/jetty/jetty-security/9.4.43.v20210629/jetty-security-9.4.43.v20210629.jar:/home/runner/.m2/repository/org/rocksdb/rocksdbjni/6.29.5/rocksdbjni-6.29.5.jar:/home/runner/.m2/repository/io/prometheus/simpleclient_dropwizard/0.7.0/simpleclient_dropwizard-0.7.0.jar:/home/runner/.m2/repository/io/prometheus/simpleclient/0.7.0/simpleclient-0.7.0.jar:/home/runner/.m2/repository/io/prometheus/simpleclient_common/0.7.0/simpleclient_common-0.7.0.jar:/home/runner/.m2/repository/io/dropwizard/metrics/metrics-core/3.2.4/metrics-core-3.2.4.jar:/home/runner/.m2/repository/org/apache/hadoop/hadoop-hdfs-client/3.3.1/hadoop-hdfs-client-3.3.1.jar:/home/runner/.m2/repository/org/bouncycastle/bcprov-jdk15on/1.67/bcprov-jdk15on-1.67.jar:/home/runner/.m2/repository/com/google/protobuf/protobuf-java/2.5.0/protobuf-java-2.5.0.jar:/home/runner/.m2/repository/org/apache/ozone/ozone-manager/1.3.0-SNAPSHOT/ozone-manager-1.3.0-SNAPSHOT.jar:/home/runner/.m2/repository/org/aspectj/aspectjrt/1.9.7/aspectjrt-1.9.7.jar:/home/runner/.m2/repository/org/aspectj/aspectjweaver/1.9.7/aspectjweaver-1.9.7.jar:/home/runner/.m2/repository/org/apache/ozone/hdds-interface-client/1.3.0-SNAPSHOT/hdds-interface-client-1.3.0-SNAPSHOT.jar:/home/runner/.m2/repository/org/apache/hadoop/thirdparty/hadoop-shaded-protobuf_3_7/1.1.1/hadoop-shaded-protobuf_3_7-1.1.1.jar:/home/runner/.m2/repository/org/apache/ozone/ozone-interface-storage/1.3.0-SNAPSHOT/ozone-interface-storage-1.3.0-SNAPSHOT.jar:/home/runner/.m2/repository/org/reflections/reflections/0.9.11/reflections-0.9.11.jar:/home/runner/.m2/repository/com/sun/jersey/jersey-client/1.19/jersey-client-1.19.jar:/home/runner/.m2/repository/org/apache/ranger/ranger-intg/2.3.0/ranger-intg-2.3.0.jar:/home/runner/.m2/repository/org/apache/ranger/ranger-plugins-common/2.3.0/ranger-plugins-common-2.3.0.jar:/home/runner/.m2/repository/commons-lang/commons-lang/2.6/commons-lang-2.6.jar:/home/runner/.m2/repository/org/codehaus/jackson/jackson-jaxrs/1.9.13/jackson-jaxrs-1.9.13.jar:/home/runner/.m2/repository/org/apache/ranger/ranger-plugins-cred/2.3.0/ranger-plugins-cred-2.3.0.jar:/home/runner/.m2/repository/org/apache/ranger/ranger-plugins-audit/2.3.0/ranger-plugins-audit-2.3.0.jar:/home/runner/.m2/repository/org/apache/kafka/kafka-clients/2.8.1/kafka-clients-2.8.1.jar:/home/runner/.m2/repository/com/github/luben/zstd-jni/1.4.9-1/zstd-jni-1.4.9-1.jar:/home/runner/.m2/repository/org/apache/solr/solr-solrj/8.6.3/solr-solrj-8.6.3.jar:/home/runner/.m2/repository/org/slf4j/jcl-over-slf4j/1.7.24/jcl-over-slf4j-1.7.24.jar:/home/runner/.m2/repository/org/eclipse/jetty/jetty-client/9.4.31.v20200723/jetty-client-9.4.31.v20200723.jar:/home/runner/.m2/repository/org/apache/httpcomponents/httpmime/4.5.6/httpmime-4.5.6.jar:/home/runner/.m2/repository/org/apache/httpcomponents/httpcore-nio/4.4.6/httpcore-nio-4.4.6.jar:/home/runner/.m2/repository/org/apache/httpcomponents/httpasyncclient/4.1.3/httpasyncclient-4.1.3.jar:/home/runner/.m2/repository/com/carrotsearch/hppc/0.8.0/hppc-0.8.0.jar:/home/runner/.m2/repository/org/apache/hive/hive-storage-api/2.7.2/hive-storage-api-2.7.2.jar:/home/runner/.m2/repository/org/apache/orc/orc-core/1.5.8/orc-core-1.5.8.jar:/home/runner/.m2/repository/com/amazonaws/aws-java-sdk-bundle/1.12.125/aws-java-sdk-bundle-1.12.125.jar:/home/runner/.m2/repository/net/java/dev/jna/jna/5.2.0/jna-5.2.0.jar:/home/runner/.m2/repository/net/java/dev/jna/jna-platform/5.2.0/jna-platform-5.2.0.jar:/home/runner/.m2/repository/com/kstruct/gethostname4j/0.0.2/gethostname4j-0.0.2.jar:/home/runner/.m2/repository/org/apache/ranger/ranger-plugin-classloader/2.3.0/ranger-plugin-classloader-2.3.0.jar:/home/runner/.m2/repository/org/apache/hadoop/hadoop-minikdc/3.3.1/hadoop-minikdc-3.3.1.jar:/home/runner/.m2/repository/org/apache/kerby/kerb-simplekdc/1.0.1/kerb-simplekdc-1.0.1.jar:/home/runner/.m2/repository/org/apache/kerby/kerb-client/1.0.1/kerb-client-1.0.1.jar:/home/runner/.m2/repository/org/apache/kerby/kerby-config/1.0.1/kerby-config-1.0.1.jar:/home/runner/.m2/repository/org/apache/kerby/kerb-common/1.0.1/kerb-common-1.0.1.jar:/home/runner/.m2/repository/org/apache/kerby/kerb-crypto/1.0.1/kerb-crypto-1.0.1.jar:/home/runner/.m2/repository/org/apache/kerby/kerb-util/1.0.1/kerb-util-1.0.1.jar:/home/runner/.m2/repository/org/apache/kerby/token-provider/1.0.1/token-provider-1.0.1.jar:/home/runner/.m2/repository/org/apache/kerby/kerb-admin/1.0.1/kerb-admin-1.0.1.jar:/home/runner/.m2/repository/org/apache/kerby/kerb-server/1.0.1/kerb-server-1.0.1.jar:/home/runner/.m2/repository/org/apache/kerby/kerb-identity/1.0.1/kerb-identity-1.0.1.jar:/home/runner/.m2/repository/org/apache/kerby/kerby-xdr/1.0.1/kerby-xdr-1.0.1.jar:/home/runner/.m2/repository/org/slf4j/slf4j-log4j12/1.7.30/slf4j-log4j12-1.7.30.jar:/home/runner/.m2/repository/org/apache/ozone/ozone-s3gateway/1.3.0-SNAPSHOT/ozone-s3gateway-1.3.0-SNAPSHOT.jar:/home/runner/.m2/repository/org/javassist/javassist/3.21.0-GA/javassist-3.21.0-GA.jar:/home/runner/.m2/repository/org/jboss/weld/servlet/weld-servlet/2.4.7.Final/weld-servlet-2.4.7.Final.jar:/home/runner/.m2/repository/org/glassfish/jersey/containers/jersey-container-servlet-core/2.33/jersey-container-servlet-core-2.33.jar:/home/runner/.m2/repository/org/glassfish/hk2/external/jakarta.inject/2.6.1/jakarta.inject-2.6.1.jar:/home/runner/.m2/repository/org/glassfish/jersey/core/jersey-common/2.33/jersey-common-2.33.jar:/home/runner/.m2/repository/jakarta/ws/rs/jakarta.ws.rs-api/2.1.6/jakarta.ws.rs-api-2.1.6.jar:/home/runner/.m2/repository/org/glassfish/jersey/ext/cdi/jersey-cdi1x/2.33/jersey-cdi1x-2.33.jar:/home/runner/.m2/repository/org/glassfish/jersey/inject/jersey-hk2/2.33/jersey-hk2-2.33.jar:/home/runner/.m2/repository/org/glassfish/hk2/hk2-locator/2.6.1/hk2-locator-2.6.1.jar:/home/runner/.m2/repository/org/glassfish/jersey/media/jersey-media-jaxb/2.33/jersey-media-jaxb-2.33.jar:/home/runner/.m2/repository/org/glassfish/hk2/osgi-resource-locator/1.0.3/osgi-resource-locator-1.0.3.jar:/home/runner/.m2/repository/org/glassfish/hk2/hk2-api/2.5.0/hk2-api-2.5.0.jar:/home/runner/.m2/repository/org/glassfish/hk2/hk2-utils/2.5.0/hk2-utils-2.5.0.jar:/home/runner/.m2/repository/org/glassfish/hk2/external/aopalliance-repackaged/2.5.0/aopalliance-repackaged-2.5.0.jar:/home/runner/.m2/repository/com/fasterxml/jackson/dataformat/jackson-dataformat-xml/2.13.2/jackson-dataformat-xml-2.13.2.jar:/home/runner/.m2/repository/com/fasterxml/jackson/core/jackson-core/2.13.2/jackson-core-2.13.2.jar:/home/runner/.m2/repository/org/codehaus/woodstox/stax2-api/3.1.4/stax2-api-3.1.4.jar:/home/runner/.m2/repository/com/fasterxml/woodstox/woodstox-core/5.0.3/woodstox-core-5.0.3.jar:/home/runner/.m2/repository/com/fasterxml/jackson/module/jackson-module-jaxb-annotations/2.13.2/jackson-module-jaxb-annotations-2.13.2.jar:/home/runner/.m2/repository/jakarta/xml/bind/jakarta.xml.bind-api/2.3.3/jakarta.xml.bind-api-2.3.3.jar:/home/runner/.m2/repository/jakarta/activation/jakarta.activation-api/1.2.1/jakarta.activation-api-1.2.1.jar:/home/runner/.m2/repository/javax/enterprise/cdi-api/1.2/cdi-api-1.2.jar:/home/runner/.m2/repository/javax/el/javax.el-api/3.0.0/javax.el-api-3.0.0.jar:/home/runner/.m2/repository/javax/interceptor/javax.interceptor-api/1.2/javax.interceptor-api-1.2.jar:/home/runner/.m2/repository/javax/inject/javax.inject/1/javax.inject-1.jar:/home/runner/.m2/repository/javax/xml/bind/jaxb-api/2.3.0/jaxb-api-2.3.0.jar:/home/runner/.m2/repository/org/glassfish/jaxb/jaxb-runtime/2.3.0.1/jaxb-runtime-2.3.0.1.jar:/home/runner/.m2/repository/org/glassfish/jaxb/jaxb-core/2.3.0.1/jaxb-core-2.3.0.1.jar:/home/runner/.m2/repository/org/glassfish/jaxb/txw2/2.3.0.1/txw2-2.3.0.1.jar:/home/runner/.m2/repository/com/sun/istack/istack-commons-runtime/3.0.5/istack-commons-runtime-3.0.5.jar:/home/runner/.m2/repository/org/jvnet/staxex/stax-ex/1.7.8/stax-ex-1.7.8.jar:/home/runner/.m2/repository/com/sun/xml/fastinfoset/FastInfoset/1.2.13/FastInfoset-1.2.13.jar:/home/runner/.m2/repository/javax/activation/activation/1.1.1/activation-1.1.1.jar:/home/runner/.m2/repository/io/grpc/grpc-protobuf/1.44.0/grpc-protobuf-1.44.0.jar:/home/runner/.m2/repository/io/grpc/grpc-api/1.44.0/grpc-api-1.44.0.jar:/home/runner/.m2/repository/io/grpc/grpc-context/1.44.0/grpc-context-1.44.0.jar:/home/runner/.m2/repository/com/google/api/grpc/proto-google-common-protos/2.0.1/proto-google-common-protos-2.0.1.jar:/home/runner/.m2/repository/io/grpc/grpc-protobuf-lite/1.44.0/grpc-protobuf-lite-1.44.0.jar:/home/runner/.m2/repository/io/grpc/grpc-stub/1.44.0/grpc-stub-1.44.0.jar:/home/runner/.m2/repository/io/netty/netty-transport/4.1.79.Final/netty-transport-4.1.79.Final.jar:/home/runner/.m2/repository/io/netty/netty-resolver/4.1.79.Final/netty-resolver-4.1.79.Final.jar:/home/runner/.m2/repository/org/apache/ozone/ozone-csi/1.3.0-SNAPSHOT/ozone-csi-1.3.0-SNAPSHOT.jar:/home/runner/.m2/repository/com/google/protobuf/protobuf-java-util/3.19.2/protobuf-java-util-3.19.2.jar:/home/runner/.m2/repository/com/google/code/gson/gson/2.9.0/gson-2.9.0.jar:/home/runner/.m2/repository/org/apache/ozone/hdds-config/1.3.0-SNAPSHOT/hdds-config-1.3.0-SNAPSHOT.jar:/home/runner/.m2/repository/io/netty/netty-transport-native-epoll/4.1.79.Final/netty-transport-native-epoll-4.1.79.Final-linux-x86_64.jar:/home/runner/.m2/repository/io/netty/netty-transport-classes-epoll/4.1.79.Final/netty-transport-classes-epoll-4.1.79.Final.jar:/home/runner/.m2/repository/io/netty/netty-transport-native-unix-common/4.1.79.Final/netty-transport-native-unix-common-4.1.79.Final.jar:/home/runner/.m2/repository/org/apache/ozone/ozone-recon/1.3.0-SNAPSHOT/ozone-recon-1.3.0-SNAPSHOT.jar:/home/runner/.m2/repository/org/apache/ozone/ozone-reconcodegen/1.3.0-SNAPSHOT/ozone-reconcodegen-1.3.0-SNAPSHOT.jar:/home/runner/.m2/repository/com/google/inject/extensions/guice-multibindings/4.0/guice-multibindings-4.0.jar:/home/runner/.m2/repository/com/google/inject/guice/4.0/guice-4.0.jar:/home/runner/.m2/repository/aopalliance/aopalliance/1.0/aopalliance-1.0.jar:/home/runner/.m2/repository/com/google/inject/extensions/guice-assistedinject/4.0/guice-assistedinject-4.0.jar:/home/runner/.m2/repository/com/google/inject/extensions/guice-servlet/4.0/guice-servlet-4.0.jar:/home/runner/.m2/repository/org/glassfish/jersey/containers/jersey-container-servlet/2.33/jersey-container-servlet-2.33.jar:/home/runner/.m2/repository/org/glassfish/hk2/guice-bridge/2.5.0/guice-bridge-2.5.0.jar:/home/runner/.m2/repository/org/glassfish/jersey/core/jersey-server/2.33/jersey-server-2.33.jar:/home/runner/.m2/repository/org/glassfish/jersey/core/jersey-client/2.33/jersey-client-2.33.jar:/home/runner/.m2/repository/jakarta/annotation/jakarta.annotation-api/1.3.5/jakarta.annotation-api-1.3.5.jar:/home/runner/.m2/repository/jakarta/validation/jakarta.validation-api/2.0.2/jakarta.validation-api-2.0.2.jar:/home/runner/.m2/repository/org/glassfish/jersey/media/jersey-media-json-jackson/2.33/jersey-media-json-jackson-2.33.jar:/home/runner/.m2/repository/org/glassfish/jersey/ext/jersey-entity-filtering/2.33/jersey-entity-filtering-2.33.jar:/home/runner/.m2/repository/org/jooq/jooq/3.11.10/jooq-3.11.10.jar:/home/runner/.m2/repository/org/jooq/jooq-meta/3.11.10/jooq-meta-3.11.10.jar:/home/runner/.m2/repository/org/jooq/jooq-codegen/3.11.10/jooq-codegen-3.11.10.jar:/home/runner/.m2/repository/com/jolbox/bonecp/0.8.0.RELEASE/bonecp-0.8.0.RELEASE.jar:/home/runner/.m2/repository/org/apache/derby/derby/10.14.2.0/derby-10.14.2.0.jar:/home/runner/.m2/repository/org/xerial/sqlite-jdbc/3.25.2/sqlite-jdbc-3.25.2.jar:/home/runner/.m2/repository/org/springframework/spring-jdbc/5.2.20.RELEASE/spring-jdbc-5.2.20.RELEASE.jar:/home/runner/.m2/repository/org/springframework/spring-beans/5.2.20.RELEASE/spring-beans-5.2.20.RELEASE.jar:/home/runner/.m2/repository/org/springframework/spring-core/5.2.20.RELEASE/spring-core-5.2.20.RELEASE.jar:/home/runner/.m2/repository/org/springframework/spring-jcl/5.2.20.RELEASE/spring-jcl-5.2.20.RELEASE.jar:/home/runner/.m2/repository/org/springframework/spring-tx/5.2.20.RELEASE/spring-tx-5.2.20.RELEASE.jar:/home/runner/.m2/repository/org/apache/ozone/ozone-client/1.3.0-SNAPSHOT/ozone-client-1.3.0-SNAPSHOT.jar:/home/runner/.m2/repository/org/apache/ozone/hdds-erasurecode/1.3.0-SNAPSHOT/hdds-erasurecode-1.3.0-SNAPSHOT.jar:/home/runner/.m2/repository/com/github/spotbugs/spotbugs-annotations/3.1.12/spotbugs-annotations-3.1.12.jar:/home/runner/.m2/repository/org/apache/ozone/ozone-filesystem/1.3.0-SNAPSHOT/ozone-filesystem-1.3.0-SNAPSHOT.jar:/home/runner/.m2/repository/org/apache/ozone/ozone-filesystem-common/1.3.0-SNAPSHOT/ozone-filesystem-common-1.3.0-SNAPSHOT.jar:/home/runner/.m2/repository/org/apache/ozone/ozone-tools/1.3.0-SNAPSHOT/ozone-tools-1.3.0-SNAPSHOT.jar:/home/runner/.m2/repository/org/apache/ratis/ratis-tools/2.3.0/ratis-tools-2.3.0.jar:/home/runner/.m2/repository/com/amazonaws/aws-java-sdk-core/1.12.261/aws-java-sdk-core-1.12.261.jar:/home/runner/.m2/repository/org/apache/httpcomponents/httpclient/4.5.13/httpclient-4.5.13.jar:/home/runner/.m2/repository/org/apache/httpcomponents/httpcore/4.4.13/httpcore-4.4.13.jar:/home/runner/.m2/repository/software/amazon/ion/ion-java/1.0.2/ion-java-1.0.2.jar:/home/runner/.m2/repository/com/fasterxml/jackson/dataformat/jackson-dataformat-cbor/2.13.2/jackson-dataformat-cbor-2.13.2.jar:/home/runner/.m2/repository/joda-time/joda-time/2.8.1/joda-time-2.8.1.jar:/home/runner/.m2/repository/com/amazonaws/aws-java-sdk-s3/1.12.261/aws-java-sdk-s3-1.12.261.jar:/home/runner/.m2/repository/com/amazonaws/aws-java-sdk-kms/1.12.261/aws-java-sdk-kms-1.12.261.jar:/home/runner/.m2/repository/com/amazonaws/jmespath-java/1.12.261/jmespath-java-1.12.261.jar:/home/runner/.m2/repository/org/kohsuke/metainf-services/metainf-services/1.8/metainf-services-1.8.jar:/home/runner/.m2/repository/org/apache/ozone/hdds-tools/1.3.0-SNAPSHOT/hdds-tools-1.3.0-SNAPSHOT.jar:/home/runner/.m2/repository/commons-cli/commons-cli/1.2/commons-cli-1.2.jar:/home/runner/.m2/repository/org/apache/commons/commons-lang3/3.7/commons-lang3-3.7.jar:/home/runner/.m2/repository/org/apache/ozone/ozone-manager/1.3.0-SNAPSHOT/ozone-manager-1.3.0-SNAPSHOT-tests.jar:/home/runner/.m2/repository/org/apache/ozone/hdds-common/1.3.0-SNAPSHOT/hdds-common-1.3.0-SNAPSHOT-tests.jar:/home/runner/.m2/repository/org/apache/ozone/hdds-hadoop-dependency-client/1.3.0-SNAPSHOT/hdds-hadoop-dependency-client-1.3.0-SNAPSHOT.jar:/home/runner/.m2/repository/info/picocli/picocli/4.6.1/picocli-4.6.1.jar:/home/runner/.m2/repository/com/fasterxml/jackson/core/jackson-annotations/2.13.2/jackson-annotations-2.13.2.jar:/home/runner/.m2/repository/com/fasterxml/jackson/datatype/jackson-datatype-jsr310/2.13.2/jackson-datatype-jsr310-2.13.2.jar:/home/runner/.m2/repository/javax/annotation/javax.annotation-api/1.2/javax.annotation-api-1.2.jar:/home/runner/.m2/repository/org/apache/ratis/ratis-server/2.3.0/ratis-server-2.3.0.jar:/home/runner/.m2/repository/org/apache/ratis/ratis-client/2.3.0/ratis-client-2.3.0.jar:/home/runner/.m2/repository/org/apache/ratis/ratis-server-api/2.3.0/ratis-server-api-2.3.0.jar:/home/runner/.m2/repository/org/apache/ratis/ratis-metrics/2.3.0/ratis-metrics-2.3.0.jar:/home/runner/.m2/repository/org/apache/ratis/ratis-netty/2.3.0/ratis-netty-2.3.0.jar:/home/runner/.m2/repository/org/apache/ratis/ratis-grpc/2.3.0/ratis-grpc-2.3.0.jar:/home/runner/.m2/repository/org/apache/logging/log4j/log4j-api/2.17.1/log4j-api-2.17.1.jar:/home/runner/.m2/repository/org/apache/commons/commons-pool2/2.6.0/commons-pool2-2.6.0.jar:/home/runner/.m2/repository/org/bouncycastle/bcpkix-jdk15on/1.67/bcpkix-jdk15on-1.67.jar:/home/runner/.m2/repository/commons-validator/commons-validator/1.6/commons-validator-1.6.jar:/home/runner/.m2/repository/commons-beanutils/commons-beanutils/1.9.4/commons-beanutils-1.9.4.jar:/home/runner/.m2/repository/commons-digester/commons-digester/1.8.1/commons-digester-1.8.1.jar:/home/runner/.m2/repository/commons-collections/commons-collections/3.2.2/commons-collections-3.2.2.jar:/home/runner/.m2/repository/io/jaegertracing/jaeger-client/1.6.0/jaeger-client-1.6.0.jar:/home/runner/.m2/repository/io/jaegertracing/jaeger-thrift/1.6.0/jaeger-thrift-1.6.0.jar:/home/runner/.m2/repository/org/apache/thrift/libthrift/0.14.1/libthrift-0.14.1.jar:/home/runner/.m2/repository/com/squareup/okhttp3/okhttp/4.9.0/okhttp-4.9.0.jar:/home/runner/.m2/repository/com/squareup/okio/okio/2.8.0/okio-2.8.0.jar:/home/runner/.m2/repository/io/jaegertracing/jaeger-core/1.6.0/jaeger-core-1.6.0.jar:/home/runner/.m2/repository/io/jaegertracing/jaeger-tracerresolver/1.6.0/jaeger-tracerresolver-1.6.0.jar:/home/runner/.m2/repository/io/opentracing/contrib/opentracing-tracerresolver/0.1.8/opentracing-tracerresolver-0.1.8.jar:/home/runner/.m2/repository/org/jetbrains/kotlin/kotlin-stdlib/1.6.21/kotlin-stdlib-1.6.21.jar:/home/runner/.m2/repository/org/jetbrains/kotlin/kotlin-stdlib-common/1.6.21/kotlin-stdlib-common-1.6.21.jar:/home/runner/.m2/repository/org/jetbrains/annotations/13.0/annotations-13.0.jar:/home/runner/.m2/repository/io/opentracing/opentracing-util/0.33.0/opentracing-util-0.33.0.jar:/home/runner/.m2/repository/io/opentracing/opentracing-api/0.33.0/opentracing-api-0.33.0.jar:/home/runner/.m2/repository/io/opentracing/opentracing-noop/0.33.0/opentracing-noop-0.33.0.jar:/home/runner/.m2/repository/org/yaml/snakeyaml/1.26/snakeyaml-1.26.jar:/home/runner/.m2/repository/org/apache/ozone/hdds-interface-admin/1.3.0-SNAPSHOT/hdds-interface-admin-1.3.0-SNAPSHOT.jar:/home/runner/.m2/repository/junit/junit/4.13.1/junit-4.13.1.jar:/home/runner/.m2/repository/org/hamcrest/hamcrest-core/1.3/hamcrest-core-1.3.jar:/home/runner/.m2/repository/org/junit/jupiter/junit-jupiter-api/5.8.2/junit-jupiter-api-5.8.2.jar:/home/runner/.m2/repository/org/opentest4j/opentest4j/1.2.0/opentest4j-1.2.0.jar:/home/runner/.m2/repository/org/junit/platform/junit-platform-commons/1.8.2/junit-platform-commons-1.8.2.jar:/home/runner/.m2/repository/org/apiguardian/apiguardian-api/1.1.2/apiguardian-api-1.1.2.jar:/home/runner/.m2/repository/org/junit/jupiter/junit-jupiter-params/5.8.2/junit-jupiter-params-5.8.2.jar:/home/runner/.m2/repository/org/junit/jupiter/junit-jupiter-migrationsupport/5.8.2/junit-jupiter-migrationsupport-5.8.2.jar:/home/runner/.m2/repository/org/junit/jupiter/junit-jupiter-engine/5.8.2/junit-jupiter-engine-5.8.2.jar:/home/runner/.m2/repository/org/junit/platform/junit-platform-engine/1.8.2/junit-platform-engine-1.8.2.jar:/home/runner/.m2/repository/org/junit/vintage/junit-vintage-engine/5.8.2/junit-vintage-engine-5.8.2.jar:/home/runner/.m2/repository/org/junit/platform/junit-platform-launcher/1.8.2/junit-platform-launcher-1.8.2.jar:/home/runner/.m2/repository/org/mockito/mockito-core/2.28.2/mockito-core-2.28.2.jar:/home/runner/.m2/repository/net/bytebuddy/byte-buddy/1.9.10/byte-buddy-1.9.10.jar:/home/runner/.m2/repository/net/bytebuddy/byte-buddy-agent/1.9.10/byte-buddy-agent-1.9.10.jar:/home/runner/.m2/repository/org/objenesis/objenesis/1.0/objenesis-1.0.jar:/home/runner/.m2/repository/org/apache/hadoop/hadoop-kms/3.3.1/hadoop-kms-3.3.1.jar:/home/runner/.m2/repository/org/apache/hadoop/hadoop-auth/3.3.1/hadoop-auth-3.3.1.jar:/home/runner/.m2/repository/com/nimbusds/nimbus-jose-jwt/7.9/nimbus-jose-jwt-7.9.jar:/home/runner/.m2/repository/com/github/stephenc/jcip/jcip-annotations/1.0-1/jcip-annotations-1.0-1.jar:/home/runner/.m2/repository/net/minidev/json-smart/2.4.7/json-smart-2.4.7.jar:/home/runner/.m2/repository/net/minidev/accessors-smart/2.4.7/accessors-smart-2.4.7.jar:/home/runner/.m2/repository/org/ow2/asm/asm/5.0.4/asm-5.0.4.jar:/home/runner/.m2/repository/org/apache/zookeeper/zookeeper/3.5.6/zookeeper-3.5.6.jar:/home/runner/.m2/repository/org/apache/zookeeper/zookeeper-jute/3.5.6/zookeeper-jute-3.5.6.jar:/home/runner/.m2/repository/org/apache/yetus/audience-annotations/0.5.0/audience-annotations-0.5.0.jar:/home/runner/.m2/repository/org/apache/curator/curator-framework/4.2.0/curator-framework-4.2.0.jar:/home/runner/.m2/repository/org/apache/hadoop/thirdparty/hadoop-shaded-guava/1.1.1/hadoop-shaded-guava-1.1.1.jar:/home/runner/.m2/repository/com/sun/jersey/jersey-core/1.19/jersey-core-1.19.jar:/home/runner/.m2/repository/javax/ws/rs/jsr311-api/1.1.1/jsr311-api-1.1.1.jar:/home/runner/.m2/repository/com/sun/jersey/jersey-server/1.19/jersey-server-1.19.jar:/home/runner/.m2/repository/javax/servlet/javax.servlet-api/3.1.0/javax.servlet-api-3.1.0.jar:/home/runner/.m2/repository/org/eclipse/jetty/jetty-server/9.4.43.v20210629/jetty-server-9.4.43.v20210629.jar:/home/runner/.m2/repository/org/eclipse/jetty/jetty-http/9.4.43.v20210629/jetty-http-9.4.43.v20210629.jar:/home/runner/.m2/repository/org/eclipse/jetty/jetty-io/9.4.43.v20210629/jetty-io-9.4.43.v20210629.jar:/home/runner/.m2/repository/org/eclipse/jetty/jetty-webapp/9.4.43.v20210629/jetty-webapp-9.4.43.v20210629.jar:/home/runner/.m2/repository/org/eclipse/jetty/jetty-xml/9.4.43.v20210629/jetty-xml-9.4.43.v20210629.jar:/home/runner/.m2/repository/org/apache/hadoop/hadoop-common/3.3.1/hadoop-common-3.3.1.jar:/home/runner/.m2/repository/org/apache/commons/commons-math3/3.1.1/commons-math3-3.1.1.jar:/home/runner/.m2/repository/commons-net/commons-net/3.6/commons-net-3.6.jar:/home/runner/.m2/repository/com/sun/jersey/jersey-servlet/1.19/jersey-servlet-1.19.jar:/home/runner/.m2/repository/com/sun/jersey/jersey-json/1.19/jersey-json-1.19.jar:/home/runner/.m2/repository/org/codehaus/jettison/jettison/1.1/jettison-1.1.jar:/home/runner/.m2/repository/com/sun/xml/bind/jaxb-impl/2.2.3-1/jaxb-impl-2.2.3-1.jar:/home/runner/.m2/repository/org/codehaus/jackson/jackson-xc/1.9.2/jackson-xc-1.9.2.jar:/home/runner/.m2/repository/org/apache/commons/commons-configuration2/2.1.1/commons-configuration2-2.1.1.jar:/home/runner/.m2/repository/org/apache/commons/commons-text/1.4/commons-text-1.4.jar:/home/runner/.m2/repository/com/google/re2j/re2j/1.1/re2j-1.1.jar:/home/runner/.m2/repository/com/jcraft/jsch/0.1.54/jsch-0.1.54.jar:/home/runner/.m2/repository/org/apache/curator/curator-client/4.2.0/curator-client-4.2.0.jar:/home/runner/.m2/repository/org/apache/curator/curator-recipes/4.2.0/curator-recipes-4.2.0.jar:/home/runner/.m2/repository/org/apache/kerby/kerb-core/1.0.1/kerb-core-1.0.1.jar:/home/runner/.m2/repository/org/apache/kerby/kerby-pkix/1.0.1/kerby-pkix-1.0.1.jar:/home/runner/.m2/repository/org/apache/kerby/kerby-asn1/1.0.1/kerby-asn1-1.0.1.jar:/home/runner/.m2/repository/org/apache/kerby/kerby-util/1.0.1/kerby-util-1.0.1.jar:/home/runner/.m2/repository/dnsjava/dnsjava/2.1.7/dnsjava-2.1.7.jar:/home/runner/.m2/repository/org/xerial/snappy/snappy-java/1.1.8.2/snappy-java-1.1.8.2.jar:/home/runner/.m2/repository/org/slf4j/jul-to-slf4j/1.7.30/jul-to-slf4j-1.7.30.jar:/home/runner/.m2/repository/org/eclipse/jetty/jetty-util/9.4.43.v20210629/jetty-util-9.4.43.v20210629.jar:/home/runner/.m2/repository/com/fasterxml/jackson/core/jackson-databind/2.13.2.2/jackson-databind-2.13.2.2.jar:/home/runner/.m2/repository/org/apache/hadoop/hadoop-kms/3.3.1/hadoop-kms-3.3.1-tests.jar:/home/runner/.m2/repository/org/apache/ozone/hdds-server-scm/1.3.0-SNAPSHOT/hdds-server-scm-1.3.0-SNAPSHOT-tests.jar:/home/runner/.m2/repository/org/apache/ozone/hdds-container-service/1.3.0-SNAPSHOT/hdds-container-service-1.3.0-SNAPSHOT-tests.jar:/home/runner/.m2/repository/commons-codec/commons-codec/1.11/commons-codec-1.11.jar:/home/runner/.m2/repository/io/netty/netty-codec/4.1.79.Final/netty-codec-4.1.79.Final.jar:/home/runner/.m2/repository/io/netty/netty-handler/4.1.79.Final/netty-handler-4.1.79.Final.jar:/home/runner/.m2/repository/org/apache/ozone/hdds-hadoop-dependency-test/1.3.0-SNAPSHOT/hdds-hadoop-dependency-test-1.3.0-SNAPSHOT.jar:/home/runner/.m2/repository/org/apache/hadoop/hadoop-common/3.3.1/hadoop-common-3.3.1-tests.jar:/home/runner/.m2/repository/org/assertj/assertj-core/3.12.2/assertj-core-3.12.2.jar:/home/runner/.m2/repository/org/apache/hadoop/hadoop-hdfs/3.3.1/hadoop-hdfs-3.3.1-tests.jar:/home/runner/.m2/repository/org/eclipse/jetty/jetty-util-ajax/9.4.43.v20210629/jetty-util-ajax-9.4.43.v20210629.jar:/home/runner/.m2/repository/commons-daemon/commons-daemon/1.0.13/commons-daemon-1.0.13.jar:/home/runner/.m2/repository/io/netty/netty/3.10.6.Final/netty-3.10.6.Final.jar:/home/runner/.m2/repository/io/netty/netty-all/4.1.79.Final/netty-all-4.1.79.Final.jar:/home/runner/.m2/repository/io/netty/netty-codec-dns/4.1.79.Final/netty-codec-dns-4.1.79.Final.jar:/home/runner/.m2/repository/io/netty/netty-codec-haproxy/4.1.79.Final/netty-codec-haproxy-4.1.79.Final.jar:/home/runner/.m2/repository/io/netty/netty-codec-memcache/4.1.79.Final/netty-codec-memcache-4.1.79.Final.jar:/home/runner/.m2/repository/io/netty/netty-codec-mqtt/4.1.79.Final/netty-codec-mqtt-4.1.79.Final.jar:/home/runner/.m2/repository/io/netty/netty-codec-redis/4.1.79.Final/netty-codec-redis-4.1.79.Final.jar:/home/runner/.m2/repository/io/netty/netty-codec-smtp/4.1.79.Final/netty-codec-smtp-4.1.79.Final.jar:/home/runner/.m2/repository/io/netty/netty-codec-stomp/4.1.79.Final/netty-codec-stomp-4.1.79.Final.jar:/home/runner/.m2/repository/io/netty/netty-codec-xml/4.1.79.Final/netty-codec-xml-4.1.79.Final.jar:/home/runner/.m2/repository/io/netty/netty-resolver-dns/4.1.79.Final/netty-resolver-dns-4.1.79.Final.jar:/home/runner/.m2/repository/io/netty/netty-transport-rxtx/4.1.79.Final/netty-transport-rxtx-4.1.79.Final.jar:/home/runner/.m2/repository/io/netty/netty-transport-sctp/4.1.79.Final/netty-transport-sctp-4.1.79.Final.jar:/home/runner/.m2/repository/io/netty/netty-transport-udt/4.1.79.Final/netty-transport-udt-4.1.79.Final.jar:/home/runner/.m2/repository/io/netty/netty-transport-classes-kqueue/4.1.79.Final/netty-transport-classes-kqueue-4.1.79.Final.jar:/home/runner/.m2/repository/io/netty/netty-resolver-dns-classes-macos/4.1.79.Final/netty-resolver-dns-classes-macos-4.1.79.Final.jar:/home/runner/.m2/repository/io/netty/netty-transport-native-epoll/4.1.79.Final/netty-transport-native-epoll-4.1.79.Final-linux-aarch_64.jar:/home/runner/.m2/repository/io/netty/netty-transport-native-kqueue/4.1.79.Final/netty-transport-native-kqueue-4.1.79.Final-osx-x86_64.jar:/home/runner/.m2/repository/io/netty/netty-transport-native-kqueue/4.1.79.Final/netty-transport-native-kqueue-4.1.79.Final-osx-aarch_64.jar:/home/runner/.m2/repository/io/netty/netty-resolver-dns-native-macos/4.1.79.Final/netty-resolver-dns-native-macos-4.1.79.Final-osx-x86_64.jar:/home/runner/.m2/repository/io/netty/netty-resolver-dns-native-macos/4.1.79.Final/netty-resolver-dns-native-macos-4.1.79.Final-osx-aarch_64.jar:/home/runner/.m2/repository/org/apache/htrace/htrace-core4/4.1.0-incubating/htrace-core4-4.1.0-incubating.jar:/home/runner/.m2/repository/org/fusesource/leveldbjni/leveldbjni-all/1.8/leveldbjni-all-1.8.jar:/home/runner/.m2/repository/org/apache/hadoop/hadoop-distcp/3.3.1/hadoop-distcp-3.3.1.jar:/home/runner/.m2/repository/org/apache/hadoop/hadoop-mapreduce-client-jobclient/3.3.1/hadoop-mapreduce-client-jobclient-3.3.1.jar:/home/runner/.m2/repository/org/apache/hadoop/hadoop-mapreduce-client-common/3.3.1/hadoop-mapreduce-client-common-3.3.1.jar:/home/runner/.m2/repository/org/apache/hadoop/hadoop-yarn-common/3.3.1/hadoop-yarn-common-3.3.1.jar:/home/runner/.m2/repository/org/apache/hadoop/hadoop-yarn-api/3.3.1/hadoop-yarn-api-3.3.1.jar:/home/runner/.m2/repository/com/sun/jersey/contribs/jersey-guice/1.19/jersey-guice-1.19.jar:/home/runner/.m2/repository/com/fasterxml/jackson/jaxrs/jackson-jaxrs-json-provider/2.13.2/jackson-jaxrs-json-provider-2.13.2.jar:/home/runner/.m2/repository/com/fasterxml/jackson/jaxrs/jackson-jaxrs-base/2.13.2/jackson-jaxrs-base-2.13.2.jar:/home/runner/.m2/repository/org/apache/hadoop/hadoop-yarn-client/3.3.1/hadoop-yarn-client-3.3.1.jar:/home/runner/.m2/repository/org/eclipse/jetty/websocket/websocket-client/9.4.40.v20210413/websocket-client-9.4.40.v20210413.jar:/home/runner/.m2/repository/org/eclipse/jetty/websocket/websocket-common/9.4.40.v20210413/websocket-common-9.4.40.v20210413.jar:/home/runner/.m2/repository/org/eclipse/jetty/websocket/websocket-api/9.4.40.v20210413/websocket-api-9.4.40.v20210413.jar:/home/runner/.m2/repository/org/jline/jline/3.9.0/jline-3.9.0.jar:/home/runner/.m2/repository/org/apache/hadoop/hadoop-mapreduce-client-core/3.3.1/hadoop-mapreduce-client-core-3.3.1.jar:/home/runner/.m2/repository/org/apache/avro/avro/1.7.7/avro-1.7.7.jar:/home/runner/.m2/repository/org/codehaus/jackson/jackson-core-asl/1.9.13/jackson-core-asl-1.9.13.jar:/home/runner/.m2/repository/org/codehaus/jackson/jackson-mapper-asl/1.9.13/jackson-mapper-asl-1.9.13.jar:/home/runner/.m2/repository/com/thoughtworks/paranamer/paranamer/2.3/paranamer-2.3.jar:/home/runner/.m2/repository/org/apache/hadoop/hadoop-annotations/3.3.1/hadoop-annotations-3.3.1.jar:/usr/lib/jvm/temurin-8-jdk-amd64/jre/../lib/tools.jar:/home/runner/.m2/repository/org/apache/hadoop/hadoop-distcp/3.3.1/hadoop-distcp-3.3.1-tests.jar:/home/runner/.m2/repository/org/apache/ratis/ratis-common/2.3.0/ratis-common-2.3.0.jar:/home/runner/.m2/repository/org/apache/ratis/ratis-thirdparty-misc/1.0.0/ratis-thirdparty-misc-1.0.0.jar:/home/runner/.m2/repository/org/apache/ratis/ratis-proto/2.3.0/ratis-proto-2.3.0.jar:/home/runner/.m2/repository/org/apache/ozone/ozone-annotation-processing/1.3.0-SNAPSHOT/ozone-annotation-processing-1.3.0-SNAPSHOT.jar:"/>
    <property name="java.vm.vendor" value="Temurin"/>
    <property name="sun.arch.data.model" value="64"/>
    <property name="test.build.dir" value="/home/runner/work/ozone/ozone/hadoop-ozone/integration-test/target/test-dir"/>
    <property name="test.cache.data" value=""/>
    <property name="java.vendor.url" value="https://adoptium.net/"/>
    <property name="user.timezone" value="Etc/UTC"/>
    <property name="java.vm.specification.version" value="1.8"/>
    <property name="os.name" value="Linux"/>
    <property name="test.build.data" value="/home/runner/work/ozone/ozone/hadoop-ozone/integration-test/target/test-dir"/>
    <property name="sun.java.launcher" value="SUN_STANDARD"/>
    <property name="sun.boot.library.path" value="/usr/lib/jvm/temurin-8-jdk-amd64/jre/lib/amd64"/>
    <property name="sun.java.command" value="/home/runner/work/ozone/ozone/hadoop-ozone/integration-test/target/surefire/surefirebooter4898808434042510653.jar /home/runner/work/ozone/ozone/hadoop-ozone/integration-test/target/surefire 2022-07-27T13-00-27_252-jvmRun1 surefire7201696247014469870tmp surefire_357409031764819974343tmp"/>
    <property name="surefire.test.class.path" value="/home/runner/work/ozone/ozone/hadoop-ozone/integration-test/target/test-classes:/home/runner/work/ozone/ozone/hadoop-ozone/integration-test/target/classes:/home/runner/.m2/repository/org/apache/ozone/ozone-common/1.3.0-SNAPSHOT/ozone-common-1.3.0-SNAPSHOT.jar:/home/runner/.m2/repository/io/grpc/grpc-netty/1.44.0/grpc-netty-1.44.0.jar:/home/runner/.m2/repository/io/grpc/grpc-core/1.44.0/grpc-core-1.44.0.jar:/home/runner/.m2/repository/com/google/android/annotations/4.1.1.4/annotations-4.1.1.4.jar:/home/runner/.m2/repository/org/codehaus/mojo/animal-sniffer-annotations/1.19/animal-sniffer-annotations-1.19.jar:/home/runner/.m2/repository/com/google/errorprone/error_prone_annotations/2.2.0/error_prone_annotations-2.2.0.jar:/home/runner/.m2/repository/io/perfmark/perfmark-api/0.23.0/perfmark-api-0.23.0.jar:/home/runner/.m2/repository/io/netty/netty-codec-http2/4.1.79.Final/netty-codec-http2-4.1.79.Final.jar:/home/runner/.m2/repository/io/netty/netty-common/4.1.79.Final/netty-common-4.1.79.Final.jar:/home/runner/.m2/repository/io/netty/netty-buffer/4.1.79.Final/netty-buffer-4.1.79.Final.jar:/home/runner/.m2/repository/io/netty/netty-codec-http/4.1.79.Final/netty-codec-http-4.1.79.Final.jar:/home/runner/.m2/repository/io/netty/netty-handler-proxy/4.1.79.Final/netty-handler-proxy-4.1.79.Final.jar:/home/runner/.m2/repository/io/netty/netty-codec-socks/4.1.79.Final/netty-codec-socks-4.1.79.Final.jar:/home/runner/.m2/repository/io/netty/netty-tcnative-boringssl-static/2.0.53.Final/netty-tcnative-boringssl-static-2.0.53.Final.jar:/home/runner/.m2/repository/io/netty/netty-tcnative-classes/2.0.53.Final/netty-tcnative-classes-2.0.53.Final.jar:/home/runner/.m2/repository/io/netty/netty-tcnative-boringssl-static/2.0.53.Final/netty-tcnative-boringssl-static-2.0.53.Final-linux-x86_64.jar:/home/runner/.m2/repository/io/netty/netty-tcnative-boringssl-static/2.0.53.Final/netty-tcnative-boringssl-static-2.0.53.Final-linux-aarch_64.jar:/home/runner/.m2/repository/io/netty/netty-tcnative-boringssl-static/2.0.53.Final/netty-tcnative-boringssl-static-2.0.53.Final-osx-x86_64.jar:/home/runner/.m2/repository/io/netty/netty-tcnative-boringssl-static/2.0.53.Final/netty-tcnative-boringssl-static-2.0.53.Final-osx-aarch_64.jar:/home/runner/.m2/repository/io/netty/netty-tcnative-boringssl-static/2.0.53.Final/netty-tcnative-boringssl-static-2.0.53.Final-windows-x86_64.jar:/home/runner/.m2/repository/org/apache/commons/commons-compress/1.21/commons-compress-1.21.jar:/home/runner/.m2/repository/org/apache/ozone/hdds-common/1.3.0-SNAPSHOT/hdds-common-1.3.0-SNAPSHOT.jar:/home/runner/.m2/repository/org/apache/ozone/hdds-client/1.3.0-SNAPSHOT/hdds-client-1.3.0-SNAPSHOT.jar:/home/runner/.m2/repository/org/apache/ozone/ozone-interface-client/1.3.0-SNAPSHOT/ozone-interface-client-1.3.0-SNAPSHOT.jar:/home/runner/.m2/repository/org/apache/ozone/hdds-test-utils/1.3.0-SNAPSHOT/hdds-test-utils-1.3.0-SNAPSHOT.jar:/home/runner/.m2/repository/com/google/guava/guava/31.1-jre/guava-31.1-jre.jar:/home/runner/.m2/repository/com/google/guava/failureaccess/1.0.1/failureaccess-1.0.1.jar:/home/runner/.m2/repository/com/google/guava/listenablefuture/9999.0-empty-to-avoid-conflict-with-guava/listenablefuture-9999.0-empty-to-avoid-conflict-with-guava.jar:/home/runner/.m2/repository/com/google/code/findbugs/jsr305/3.0.0/jsr305-3.0.0.jar:/home/runner/.m2/repository/org/checkerframework/checker-qual/3.12.0/checker-qual-3.12.0.jar:/home/runner/.m2/repository/com/google/j2objc/j2objc-annotations/1.3/j2objc-annotations-1.3.jar:/home/runner/.m2/repository/commons-io/commons-io/2.11.0/commons-io-2.11.0.jar:/home/runner/.m2/repository/commons-logging/commons-logging/1.2/commons-logging-1.2.jar:/home/runner/.m2/repository/log4j/log4j/1.2.17/log4j-1.2.17.jar:/home/runner/.m2/repository/org/slf4j/slf4j-api/1.7.30/slf4j-api-1.7.30.jar:/home/runner/.m2/repository/org/apache/ozone/hdds-server-scm/1.3.0-SNAPSHOT/hdds-server-scm-1.3.0-SNAPSHOT.jar:/home/runner/.m2/repository/org/apache/ozone/hdds-container-service/1.3.0-SNAPSHOT/hdds-container-service-1.3.0-SNAPSHOT.jar:/home/runner/.m2/repository/org/apache/ozone/hdds-hadoop-dependency-server/1.3.0-SNAPSHOT/hdds-hadoop-dependency-server-1.3.0-SNAPSHOT.jar:/home/runner/.m2/repository/org/apache/hadoop/hadoop-hdfs/3.3.1/hadoop-hdfs-3.3.1.jar:/home/runner/.m2/repository/org/apache/ozone/hdds-server-framework/1.3.0-SNAPSHOT/hdds-server-framework-1.3.0-SNAPSHOT.jar:/home/runner/.m2/repository/org/apache/ozone/hdds-interface-server/1.3.0-SNAPSHOT/hdds-interface-server-1.3.0-SNAPSHOT.jar:/home/runner/.m2/repository/org/apache/logging/log4j/log4j-core/2.17.1/log4j-core-2.17.1.jar:/home/runner/.m2/repository/com/lmax/disruptor/3.4.2/disruptor-3.4.2.jar:/home/runner/.m2/repository/org/eclipse/jetty/jetty-servlet/9.4.43.v20210629/jetty-servlet-9.4.43.v20210629.jar:/home/runner/.m2/repository/org/eclipse/jetty/jetty-security/9.4.43.v20210629/jetty-security-9.4.43.v20210629.jar:/home/runner/.m2/repository/org/rocksdb/rocksdbjni/6.29.5/rocksdbjni-6.29.5.jar:/home/runner/.m2/repository/io/prometheus/simpleclient_dropwizard/0.7.0/simpleclient_dropwizard-0.7.0.jar:/home/runner/.m2/repository/io/prometheus/simpleclient/0.7.0/simpleclient-0.7.0.jar:/home/runner/.m2/repository/io/prometheus/simpleclient_common/0.7.0/simpleclient_common-0.7.0.jar:/home/runner/.m2/repository/io/dropwizard/metrics/metrics-core/3.2.4/metrics-core-3.2.4.jar:/home/runner/.m2/repository/org/apache/hadoop/hadoop-hdfs-client/3.3.1/hadoop-hdfs-client-3.3.1.jar:/home/runner/.m2/repository/org/bouncycastle/bcprov-jdk15on/1.67/bcprov-jdk15on-1.67.jar:/home/runner/.m2/repository/com/google/protobuf/protobuf-java/2.5.0/protobuf-java-2.5.0.jar:/home/runner/.m2/repository/org/apache/ozone/ozone-manager/1.3.0-SNAPSHOT/ozone-manager-1.3.0-SNAPSHOT.jar:/home/runner/.m2/repository/org/aspectj/aspectjrt/1.9.7/aspectjrt-1.9.7.jar:/home/runner/.m2/repository/org/aspectj/aspectjweaver/1.9.7/aspectjweaver-1.9.7.jar:/home/runner/.m2/repository/org/apache/ozone/hdds-interface-client/1.3.0-SNAPSHOT/hdds-interface-client-1.3.0-SNAPSHOT.jar:/home/runner/.m2/repository/org/apache/hadoop/thirdparty/hadoop-shaded-protobuf_3_7/1.1.1/hadoop-shaded-protobuf_3_7-1.1.1.jar:/home/runner/.m2/repository/org/apache/ozone/ozone-interface-storage/1.3.0-SNAPSHOT/ozone-interface-storage-1.3.0-SNAPSHOT.jar:/home/runner/.m2/repository/org/reflections/reflections/0.9.11/reflections-0.9.11.jar:/home/runner/.m2/repository/com/sun/jersey/jersey-client/1.19/jersey-client-1.19.jar:/home/runner/.m2/repository/org/apache/ranger/ranger-intg/2.3.0/ranger-intg-2.3.0.jar:/home/runner/.m2/repository/org/apache/ranger/ranger-plugins-common/2.3.0/ranger-plugins-common-2.3.0.jar:/home/runner/.m2/repository/commons-lang/commons-lang/2.6/commons-lang-2.6.jar:/home/runner/.m2/repository/org/codehaus/jackson/jackson-jaxrs/1.9.13/jackson-jaxrs-1.9.13.jar:/home/runner/.m2/repository/org/apache/ranger/ranger-plugins-cred/2.3.0/ranger-plugins-cred-2.3.0.jar:/home/runner/.m2/repository/org/apache/ranger/ranger-plugins-audit/2.3.0/ranger-plugins-audit-2.3.0.jar:/home/runner/.m2/repository/org/apache/kafka/kafka-clients/2.8.1/kafka-clients-2.8.1.jar:/home/runner/.m2/repository/com/github/luben/zstd-jni/1.4.9-1/zstd-jni-1.4.9-1.jar:/home/runner/.m2/repository/org/apache/solr/solr-solrj/8.6.3/solr-solrj-8.6.3.jar:/home/runner/.m2/repository/org/slf4j/jcl-over-slf4j/1.7.24/jcl-over-slf4j-1.7.24.jar:/home/runner/.m2/repository/org/eclipse/jetty/jetty-client/9.4.31.v20200723/jetty-client-9.4.31.v20200723.jar:/home/runner/.m2/repository/org/apache/httpcomponents/httpmime/4.5.6/httpmime-4.5.6.jar:/home/runner/.m2/repository/org/apache/httpcomponents/httpcore-nio/4.4.6/httpcore-nio-4.4.6.jar:/home/runner/.m2/repository/org/apache/httpcomponents/httpasyncclient/4.1.3/httpasyncclient-4.1.3.jar:/home/runner/.m2/repository/com/carrotsearch/hppc/0.8.0/hppc-0.8.0.jar:/home/runner/.m2/repository/org/apache/hive/hive-storage-api/2.7.2/hive-storage-api-2.7.2.jar:/home/runner/.m2/repository/org/apache/orc/orc-core/1.5.8/orc-core-1.5.8.jar:/home/runner/.m2/repository/com/amazonaws/aws-java-sdk-bundle/1.12.125/aws-java-sdk-bundle-1.12.125.jar:/home/runner/.m2/repository/net/java/dev/jna/jna/5.2.0/jna-5.2.0.jar:/home/runner/.m2/repository/net/java/dev/jna/jna-platform/5.2.0/jna-platform-5.2.0.jar:/home/runner/.m2/repository/com/kstruct/gethostname4j/0.0.2/gethostname4j-0.0.2.jar:/home/runner/.m2/repository/org/apache/ranger/ranger-plugin-classloader/2.3.0/ranger-plugin-classloader-2.3.0.jar:/home/runner/.m2/repository/org/apache/hadoop/hadoop-minikdc/3.3.1/hadoop-minikdc-3.3.1.jar:/home/runner/.m2/repository/org/apache/kerby/kerb-simplekdc/1.0.1/kerb-simplekdc-1.0.1.jar:/home/runner/.m2/repository/org/apache/kerby/kerb-client/1.0.1/kerb-client-1.0.1.jar:/home/runner/.m2/repository/org/apache/kerby/kerby-config/1.0.1/kerby-config-1.0.1.jar:/home/runner/.m2/repository/org/apache/kerby/kerb-common/1.0.1/kerb-common-1.0.1.jar:/home/runner/.m2/repository/org/apache/kerby/kerb-crypto/1.0.1/kerb-crypto-1.0.1.jar:/home/runner/.m2/repository/org/apache/kerby/kerb-util/1.0.1/kerb-util-1.0.1.jar:/home/runner/.m2/repository/org/apache/kerby/token-provider/1.0.1/token-provider-1.0.1.jar:/home/runner/.m2/repository/org/apache/kerby/kerb-admin/1.0.1/kerb-admin-1.0.1.jar:/home/runner/.m2/repository/org/apache/kerby/kerb-server/1.0.1/kerb-server-1.0.1.jar:/home/runner/.m2/repository/org/apache/kerby/kerb-identity/1.0.1/kerb-identity-1.0.1.jar:/home/runner/.m2/repository/org/apache/kerby/kerby-xdr/1.0.1/kerby-xdr-1.0.1.jar:/home/runner/.m2/repository/org/slf4j/slf4j-log4j12/1.7.30/slf4j-log4j12-1.7.30.jar:/home/runner/.m2/repository/org/apache/ozone/ozone-s3gateway/1.3.0-SNAPSHOT/ozone-s3gateway-1.3.0-SNAPSHOT.jar:/home/runner/.m2/repository/org/javassist/javassist/3.21.0-GA/javassist-3.21.0-GA.jar:/home/runner/.m2/repository/org/jboss/weld/servlet/weld-servlet/2.4.7.Final/weld-servlet-2.4.7.Final.jar:/home/runner/.m2/repository/org/glassfish/jersey/containers/jersey-container-servlet-core/2.33/jersey-container-servlet-core-2.33.jar:/home/runner/.m2/repository/org/glassfish/hk2/external/jakarta.inject/2.6.1/jakarta.inject-2.6.1.jar:/home/runner/.m2/repository/org/glassfish/jersey/core/jersey-common/2.33/jersey-common-2.33.jar:/home/runner/.m2/repository/jakarta/ws/rs/jakarta.ws.rs-api/2.1.6/jakarta.ws.rs-api-2.1.6.jar:/home/runner/.m2/repository/org/glassfish/jersey/ext/cdi/jersey-cdi1x/2.33/jersey-cdi1x-2.33.jar:/home/runner/.m2/repository/org/glassfish/jersey/inject/jersey-hk2/2.33/jersey-hk2-2.33.jar:/home/runner/.m2/repository/org/glassfish/hk2/hk2-locator/2.6.1/hk2-locator-2.6.1.jar:/home/runner/.m2/repository/org/glassfish/jersey/media/jersey-media-jaxb/2.33/jersey-media-jaxb-2.33.jar:/home/runner/.m2/repository/org/glassfish/hk2/osgi-resource-locator/1.0.3/osgi-resource-locator-1.0.3.jar:/home/runner/.m2/repository/org/glassfish/hk2/hk2-api/2.5.0/hk2-api-2.5.0.jar:/home/runner/.m2/repository/org/glassfish/hk2/hk2-utils/2.5.0/hk2-utils-2.5.0.jar:/home/runner/.m2/repository/org/glassfish/hk2/external/aopalliance-repackaged/2.5.0/aopalliance-repackaged-2.5.0.jar:/home/runner/.m2/repository/com/fasterxml/jackson/dataformat/jackson-dataformat-xml/2.13.2/jackson-dataformat-xml-2.13.2.jar:/home/runner/.m2/repository/com/fasterxml/jackson/core/jackson-core/2.13.2/jackson-core-2.13.2.jar:/home/runner/.m2/repository/org/codehaus/woodstox/stax2-api/3.1.4/stax2-api-3.1.4.jar:/home/runner/.m2/repository/com/fasterxml/woodstox/woodstox-core/5.0.3/woodstox-core-5.0.3.jar:/home/runner/.m2/repository/com/fasterxml/jackson/module/jackson-module-jaxb-annotations/2.13.2/jackson-module-jaxb-annotations-2.13.2.jar:/home/runner/.m2/repository/jakarta/xml/bind/jakarta.xml.bind-api/2.3.3/jakarta.xml.bind-api-2.3.3.jar:/home/runner/.m2/repository/jakarta/activation/jakarta.activation-api/1.2.1/jakarta.activation-api-1.2.1.jar:/home/runner/.m2/repository/javax/enterprise/cdi-api/1.2/cdi-api-1.2.jar:/home/runner/.m2/repository/javax/el/javax.el-api/3.0.0/javax.el-api-3.0.0.jar:/home/runner/.m2/repository/javax/interceptor/javax.interceptor-api/1.2/javax.interceptor-api-1.2.jar:/home/runner/.m2/repository/javax/inject/javax.inject/1/javax.inject-1.jar:/home/runner/.m2/repository/javax/xml/bind/jaxb-api/2.3.0/jaxb-api-2.3.0.jar:/home/runner/.m2/repository/org/glassfish/jaxb/jaxb-runtime/2.3.0.1/jaxb-runtime-2.3.0.1.jar:/home/runner/.m2/repository/org/glassfish/jaxb/jaxb-core/2.3.0.1/jaxb-core-2.3.0.1.jar:/home/runner/.m2/repository/org/glassfish/jaxb/txw2/2.3.0.1/txw2-2.3.0.1.jar:/home/runner/.m2/repository/com/sun/istack/istack-commons-runtime/3.0.5/istack-commons-runtime-3.0.5.jar:/home/runner/.m2/repository/org/jvnet/staxex/stax-ex/1.7.8/stax-ex-1.7.8.jar:/home/runner/.m2/repository/com/sun/xml/fastinfoset/FastInfoset/1.2.13/FastInfoset-1.2.13.jar:/home/runner/.m2/repository/javax/activation/activation/1.1.1/activation-1.1.1.jar:/home/runner/.m2/repository/io/grpc/grpc-protobuf/1.44.0/grpc-protobuf-1.44.0.jar:/home/runner/.m2/repository/io/grpc/grpc-api/1.44.0/grpc-api-1.44.0.jar:/home/runner/.m2/repository/io/grpc/grpc-context/1.44.0/grpc-context-1.44.0.jar:/home/runner/.m2/repository/com/google/api/grpc/proto-google-common-protos/2.0.1/proto-google-common-protos-2.0.1.jar:/home/runner/.m2/repository/io/grpc/grpc-protobuf-lite/1.44.0/grpc-protobuf-lite-1.44.0.jar:/home/runner/.m2/repository/io/grpc/grpc-stub/1.44.0/grpc-stub-1.44.0.jar:/home/runner/.m2/repository/io/netty/netty-transport/4.1.79.Final/netty-transport-4.1.79.Final.jar:/home/runner/.m2/repository/io/netty/netty-resolver/4.1.79.Final/netty-resolver-4.1.79.Final.jar:/home/runner/.m2/repository/org/apache/ozone/ozone-csi/1.3.0-SNAPSHOT/ozone-csi-1.3.0-SNAPSHOT.jar:/home/runner/.m2/repository/com/google/protobuf/protobuf-java-util/3.19.2/protobuf-java-util-3.19.2.jar:/home/runner/.m2/repository/com/google/code/gson/gson/2.9.0/gson-2.9.0.jar:/home/runner/.m2/repository/org/apache/ozone/hdds-config/1.3.0-SNAPSHOT/hdds-config-1.3.0-SNAPSHOT.jar:/home/runner/.m2/repository/io/netty/netty-transport-native-epoll/4.1.79.Final/netty-transport-native-epoll-4.1.79.Final-linux-x86_64.jar:/home/runner/.m2/repository/io/netty/netty-transport-classes-epoll/4.1.79.Final/netty-transport-classes-epoll-4.1.79.Final.jar:/home/runner/.m2/repository/io/netty/netty-transport-native-unix-common/4.1.79.Final/netty-transport-native-unix-common-4.1.79.Final.jar:/home/runner/.m2/repository/org/apache/ozone/ozone-recon/1.3.0-SNAPSHOT/ozone-recon-1.3.0-SNAPSHOT.jar:/home/runner/.m2/repository/org/apache/ozone/ozone-reconcodegen/1.3.0-SNAPSHOT/ozone-reconcodegen-1.3.0-SNAPSHOT.jar:/home/runner/.m2/repository/com/google/inject/extensions/guice-multibindings/4.0/guice-multibindings-4.0.jar:/home/runner/.m2/repository/com/google/inject/guice/4.0/guice-4.0.jar:/home/runner/.m2/repository/aopalliance/aopalliance/1.0/aopalliance-1.0.jar:/home/runner/.m2/repository/com/google/inject/extensions/guice-assistedinject/4.0/guice-assistedinject-4.0.jar:/home/runner/.m2/repository/com/google/inject/extensions/guice-servlet/4.0/guice-servlet-4.0.jar:/home/runner/.m2/repository/org/glassfish/jersey/containers/jersey-container-servlet/2.33/jersey-container-servlet-2.33.jar:/home/runner/.m2/repository/org/glassfish/hk2/guice-bridge/2.5.0/guice-bridge-2.5.0.jar:/home/runner/.m2/repository/org/glassfish/jersey/core/jersey-server/2.33/jersey-server-2.33.jar:/home/runner/.m2/repository/org/glassfish/jersey/core/jersey-client/2.33/jersey-client-2.33.jar:/home/runner/.m2/repository/jakarta/annotation/jakarta.annotation-api/1.3.5/jakarta.annotation-api-1.3.5.jar:/home/runner/.m2/repository/jakarta/validation/jakarta.validation-api/2.0.2/jakarta.validation-api-2.0.2.jar:/home/runner/.m2/repository/org/glassfish/jersey/media/jersey-media-json-jackson/2.33/jersey-media-json-jackson-2.33.jar:/home/runner/.m2/repository/org/glassfish/jersey/ext/jersey-entity-filtering/2.33/jersey-entity-filtering-2.33.jar:/home/runner/.m2/repository/org/jooq/jooq/3.11.10/jooq-3.11.10.jar:/home/runner/.m2/repository/org/jooq/jooq-meta/3.11.10/jooq-meta-3.11.10.jar:/home/runner/.m2/repository/org/jooq/jooq-codegen/3.11.10/jooq-codegen-3.11.10.jar:/home/runner/.m2/repository/com/jolbox/bonecp/0.8.0.RELEASE/bonecp-0.8.0.RELEASE.jar:/home/runner/.m2/repository/org/apache/derby/derby/10.14.2.0/derby-10.14.2.0.jar:/home/runner/.m2/repository/org/xerial/sqlite-jdbc/3.25.2/sqlite-jdbc-3.25.2.jar:/home/runner/.m2/repository/org/springframework/spring-jdbc/5.2.20.RELEASE/spring-jdbc-5.2.20.RELEASE.jar:/home/runner/.m2/repository/org/springframework/spring-beans/5.2.20.RELEASE/spring-beans-5.2.20.RELEASE.jar:/home/runner/.m2/repository/org/springframework/spring-core/5.2.20.RELEASE/spring-core-5.2.20.RELEASE.jar:/home/runner/.m2/repository/org/springframework/spring-jcl/5.2.20.RELEASE/spring-jcl-5.2.20.RELEASE.jar:/home/runner/.m2/repository/org/springframework/spring-tx/5.2.20.RELEASE/spring-tx-5.2.20.RELEASE.jar:/home/runner/.m2/repository/org/apache/ozone/ozone-client/1.3.0-SNAPSHOT/ozone-client-1.3.0-SNAPSHOT.jar:/home/runner/.m2/repository/org/apache/ozone/hdds-erasurecode/1.3.0-SNAPSHOT/hdds-erasurecode-1.3.0-SNAPSHOT.jar:/home/runner/.m2/repository/com/github/spotbugs/spotbugs-annotations/3.1.12/spotbugs-annotations-3.1.12.jar:/home/runner/.m2/repository/org/apache/ozone/ozone-filesystem/1.3.0-SNAPSHOT/ozone-filesystem-1.3.0-SNAPSHOT.jar:/home/runner/.m2/repository/org/apache/ozone/ozone-filesystem-common/1.3.0-SNAPSHOT/ozone-filesystem-common-1.3.0-SNAPSHOT.jar:/home/runner/.m2/repository/org/apache/ozone/ozone-tools/1.3.0-SNAPSHOT/ozone-tools-1.3.0-SNAPSHOT.jar:/home/runner/.m2/repository/org/apache/ratis/ratis-tools/2.3.0/ratis-tools-2.3.0.jar:/home/runner/.m2/repository/com/amazonaws/aws-java-sdk-core/1.12.261/aws-java-sdk-core-1.12.261.jar:/home/runner/.m2/repository/org/apache/httpcomponents/httpclient/4.5.13/httpclient-4.5.13.jar:/home/runner/.m2/repository/org/apache/httpcomponents/httpcore/4.4.13/httpcore-4.4.13.jar:/home/runner/.m2/repository/software/amazon/ion/ion-java/1.0.2/ion-java-1.0.2.jar:/home/runner/.m2/repository/com/fasterxml/jackson/dataformat/jackson-dataformat-cbor/2.13.2/jackson-dataformat-cbor-2.13.2.jar:/home/runner/.m2/repository/joda-time/joda-time/2.8.1/joda-time-2.8.1.jar:/home/runner/.m2/repository/com/amazonaws/aws-java-sdk-s3/1.12.261/aws-java-sdk-s3-1.12.261.jar:/home/runner/.m2/repository/com/amazonaws/aws-java-sdk-kms/1.12.261/aws-java-sdk-kms-1.12.261.jar:/home/runner/.m2/repository/com/amazonaws/jmespath-java/1.12.261/jmespath-java-1.12.261.jar:/home/runner/.m2/repository/org/kohsuke/metainf-services/metainf-services/1.8/metainf-services-1.8.jar:/home/runner/.m2/repository/org/apache/ozone/hdds-tools/1.3.0-SNAPSHOT/hdds-tools-1.3.0-SNAPSHOT.jar:/home/runner/.m2/repository/commons-cli/commons-cli/1.2/commons-cli-1.2.jar:/home/runner/.m2/repository/org/apache/commons/commons-lang3/3.7/commons-lang3-3.7.jar:/home/runner/.m2/repository/org/apache/ozone/ozone-manager/1.3.0-SNAPSHOT/ozone-manager-1.3.0-SNAPSHOT-tests.jar:/home/runner/.m2/repository/org/apache/ozone/hdds-common/1.3.0-SNAPSHOT/hdds-common-1.3.0-SNAPSHOT-tests.jar:/home/runner/.m2/repository/org/apache/ozone/hdds-hadoop-dependency-client/1.3.0-SNAPSHOT/hdds-hadoop-dependency-client-1.3.0-SNAPSHOT.jar:/home/runner/.m2/repository/info/picocli/picocli/4.6.1/picocli-4.6.1.jar:/home/runner/.m2/repository/com/fasterxml/jackson/core/jackson-annotations/2.13.2/jackson-annotations-2.13.2.jar:/home/runner/.m2/repository/com/fasterxml/jackson/datatype/jackson-datatype-jsr310/2.13.2/jackson-datatype-jsr310-2.13.2.jar:/home/runner/.m2/repository/javax/annotation/javax.annotation-api/1.2/javax.annotation-api-1.2.jar:/home/runner/.m2/repository/org/apache/ratis/ratis-server/2.3.0/ratis-server-2.3.0.jar:/home/runner/.m2/repository/org/apache/ratis/ratis-client/2.3.0/ratis-client-2.3.0.jar:/home/runner/.m2/repository/org/apache/ratis/ratis-server-api/2.3.0/ratis-server-api-2.3.0.jar:/home/runner/.m2/repository/org/apache/ratis/ratis-metrics/2.3.0/ratis-metrics-2.3.0.jar:/home/runner/.m2/repository/org/apache/ratis/ratis-netty/2.3.0/ratis-netty-2.3.0.jar:/home/runner/.m2/repository/org/apache/ratis/ratis-grpc/2.3.0/ratis-grpc-2.3.0.jar:/home/runner/.m2/repository/org/apache/logging/log4j/log4j-api/2.17.1/log4j-api-2.17.1.jar:/home/runner/.m2/repository/org/apache/commons/commons-pool2/2.6.0/commons-pool2-2.6.0.jar:/home/runner/.m2/repository/org/bouncycastle/bcpkix-jdk15on/1.67/bcpkix-jdk15on-1.67.jar:/home/runner/.m2/repository/commons-validator/commons-validator/1.6/commons-validator-1.6.jar:/home/runner/.m2/repository/commons-beanutils/commons-beanutils/1.9.4/commons-beanutils-1.9.4.jar:/home/runner/.m2/repository/commons-digester/commons-digester/1.8.1/commons-digester-1.8.1.jar:/home/runner/.m2/repository/commons-collections/commons-collections/3.2.2/commons-collections-3.2.2.jar:/home/runner/.m2/repository/io/jaegertracing/jaeger-client/1.6.0/jaeger-client-1.6.0.jar:/home/runner/.m2/repository/io/jaegertracing/jaeger-thrift/1.6.0/jaeger-thrift-1.6.0.jar:/home/runner/.m2/repository/org/apache/thrift/libthrift/0.14.1/libthrift-0.14.1.jar:/home/runner/.m2/repository/com/squareup/okhttp3/okhttp/4.9.0/okhttp-4.9.0.jar:/home/runner/.m2/repository/com/squareup/okio/okio/2.8.0/okio-2.8.0.jar:/home/runner/.m2/repository/io/jaegertracing/jaeger-core/1.6.0/jaeger-core-1.6.0.jar:/home/runner/.m2/repository/io/jaegertracing/jaeger-tracerresolver/1.6.0/jaeger-tracerresolver-1.6.0.jar:/home/runner/.m2/repository/io/opentracing/contrib/opentracing-tracerresolver/0.1.8/opentracing-tracerresolver-0.1.8.jar:/home/runner/.m2/repository/org/jetbrains/kotlin/kotlin-stdlib/1.6.21/kotlin-stdlib-1.6.21.jar:/home/runner/.m2/repository/org/jetbrains/kotlin/kotlin-stdlib-common/1.6.21/kotlin-stdlib-common-1.6.21.jar:/home/runner/.m2/repository/org/jetbrains/annotations/13.0/annotations-13.0.jar:/home/runner/.m2/repository/io/opentracing/opentracing-util/0.33.0/opentracing-util-0.33.0.jar:/home/runner/.m2/repository/io/opentracing/opentracing-api/0.33.0/opentracing-api-0.33.0.jar:/home/runner/.m2/repository/io/opentracing/opentracing-noop/0.33.0/opentracing-noop-0.33.0.jar:/home/runner/.m2/repository/org/yaml/snakeyaml/1.26/snakeyaml-1.26.jar:/home/runner/.m2/repository/org/apache/ozone/hdds-interface-admin/1.3.0-SNAPSHOT/hdds-interface-admin-1.3.0-SNAPSHOT.jar:/home/runner/.m2/repository/junit/junit/4.13.1/junit-4.13.1.jar:/home/runner/.m2/repository/org/hamcrest/hamcrest-core/1.3/hamcrest-core-1.3.jar:/home/runner/.m2/repository/org/junit/jupiter/junit-jupiter-api/5.8.2/junit-jupiter-api-5.8.2.jar:/home/runner/.m2/repository/org/opentest4j/opentest4j/1.2.0/opentest4j-1.2.0.jar:/home/runner/.m2/repository/org/junit/platform/junit-platform-commons/1.8.2/junit-platform-commons-1.8.2.jar:/home/runner/.m2/repository/org/apiguardian/apiguardian-api/1.1.2/apiguardian-api-1.1.2.jar:/home/runner/.m2/repository/org/junit/jupiter/junit-jupiter-params/5.8.2/junit-jupiter-params-5.8.2.jar:/home/runner/.m2/repository/org/junit/jupiter/junit-jupiter-migrationsupport/5.8.2/junit-jupiter-migrationsupport-5.8.2.jar:/home/runner/.m2/repository/org/junit/jupiter/junit-jupiter-engine/5.8.2/junit-jupiter-engine-5.8.2.jar:/home/runner/.m2/repository/org/junit/platform/junit-platform-engine/1.8.2/junit-platform-engine-1.8.2.jar:/home/runner/.m2/repository/org/junit/vintage/junit-vintage-engine/5.8.2/junit-vintage-engine-5.8.2.jar:/home/runner/.m2/repository/org/junit/platform/junit-platform-launcher/1.8.2/junit-platform-launcher-1.8.2.jar:/home/runner/.m2/repository/org/mockito/mockito-core/2.28.2/mockito-core-2.28.2.jar:/home/runner/.m2/repository/net/bytebuddy/byte-buddy/1.9.10/byte-buddy-1.9.10.jar:/home/runner/.m2/repository/net/bytebuddy/byte-buddy-agent/1.9.10/byte-buddy-agent-1.9.10.jar:/home/runner/.m2/repository/org/objenesis/objenesis/1.0/objenesis-1.0.jar:/home/runner/.m2/repository/org/apache/hadoop/hadoop-kms/3.3.1/hadoop-kms-3.3.1.jar:/home/runner/.m2/repository/org/apache/hadoop/hadoop-auth/3.3.1/hadoop-auth-3.3.1.jar:/home/runner/.m2/repository/com/nimbusds/nimbus-jose-jwt/7.9/nimbus-jose-jwt-7.9.jar:/home/runner/.m2/repository/com/github/stephenc/jcip/jcip-annotations/1.0-1/jcip-annotations-1.0-1.jar:/home/runner/.m2/repository/net/minidev/json-smart/2.4.7/json-smart-2.4.7.jar:/home/runner/.m2/repository/net/minidev/accessors-smart/2.4.7/accessors-smart-2.4.7.jar:/home/runner/.m2/repository/org/ow2/asm/asm/5.0.4/asm-5.0.4.jar:/home/runner/.m2/repository/org/apache/zookeeper/zookeeper/3.5.6/zookeeper-3.5.6.jar:/home/runner/.m2/repository/org/apache/zookeeper/zookeeper-jute/3.5.6/zookeeper-jute-3.5.6.jar:/home/runner/.m2/repository/org/apache/yetus/audience-annotations/0.5.0/audience-annotations-0.5.0.jar:/home/runner/.m2/repository/org/apache/curator/curator-framework/4.2.0/curator-framework-4.2.0.jar:/home/runner/.m2/repository/org/apache/hadoop/thirdparty/hadoop-shaded-guava/1.1.1/hadoop-shaded-guava-1.1.1.jar:/home/runner/.m2/repository/com/sun/jersey/jersey-core/1.19/jersey-core-1.19.jar:/home/runner/.m2/repository/javax/ws/rs/jsr311-api/1.1.1/jsr311-api-1.1.1.jar:/home/runner/.m2/repository/com/sun/jersey/jersey-server/1.19/jersey-server-1.19.jar:/home/runner/.m2/repository/javax/servlet/javax.servlet-api/3.1.0/javax.servlet-api-3.1.0.jar:/home/runner/.m2/repository/org/eclipse/jetty/jetty-server/9.4.43.v20210629/jetty-server-9.4.43.v20210629.jar:/home/runner/.m2/repository/org/eclipse/jetty/jetty-http/9.4.43.v20210629/jetty-http-9.4.43.v20210629.jar:/home/runner/.m2/repository/org/eclipse/jetty/jetty-io/9.4.43.v20210629/jetty-io-9.4.43.v20210629.jar:/home/runner/.m2/repository/org/eclipse/jetty/jetty-webapp/9.4.43.v20210629/jetty-webapp-9.4.43.v20210629.jar:/home/runner/.m2/repository/org/eclipse/jetty/jetty-xml/9.4.43.v20210629/jetty-xml-9.4.43.v20210629.jar:/home/runner/.m2/repository/org/apache/hadoop/hadoop-common/3.3.1/hadoop-common-3.3.1.jar:/home/runner/.m2/repository/org/apache/commons/commons-math3/3.1.1/commons-math3-3.1.1.jar:/home/runner/.m2/repository/commons-net/commons-net/3.6/commons-net-3.6.jar:/home/runner/.m2/repository/com/sun/jersey/jersey-servlet/1.19/jersey-servlet-1.19.jar:/home/runner/.m2/repository/com/sun/jersey/jersey-json/1.19/jersey-json-1.19.jar:/home/runner/.m2/repository/org/codehaus/jettison/jettison/1.1/jettison-1.1.jar:/home/runner/.m2/repository/com/sun/xml/bind/jaxb-impl/2.2.3-1/jaxb-impl-2.2.3-1.jar:/home/runner/.m2/repository/org/codehaus/jackson/jackson-xc/1.9.2/jackson-xc-1.9.2.jar:/home/runner/.m2/repository/org/apache/commons/commons-configuration2/2.1.1/commons-configuration2-2.1.1.jar:/home/runner/.m2/repository/org/apache/commons/commons-text/1.4/commons-text-1.4.jar:/home/runner/.m2/repository/com/google/re2j/re2j/1.1/re2j-1.1.jar:/home/runner/.m2/repository/com/jcraft/jsch/0.1.54/jsch-0.1.54.jar:/home/runner/.m2/repository/org/apache/curator/curator-client/4.2.0/curator-client-4.2.0.jar:/home/runner/.m2/repository/org/apache/curator/curator-recipes/4.2.0/curator-recipes-4.2.0.jar:/home/runner/.m2/repository/org/apache/kerby/kerb-core/1.0.1/kerb-core-1.0.1.jar:/home/runner/.m2/repository/org/apache/kerby/kerby-pkix/1.0.1/kerby-pkix-1.0.1.jar:/home/runner/.m2/repository/org/apache/kerby/kerby-asn1/1.0.1/kerby-asn1-1.0.1.jar:/home/runner/.m2/repository/org/apache/kerby/kerby-util/1.0.1/kerby-util-1.0.1.jar:/home/runner/.m2/repository/dnsjava/dnsjava/2.1.7/dnsjava-2.1.7.jar:/home/runner/.m2/repository/org/xerial/snappy/snappy-java/1.1.8.2/snappy-java-1.1.8.2.jar:/home/runner/.m2/repository/org/slf4j/jul-to-slf4j/1.7.30/jul-to-slf4j-1.7.30.jar:/home/runner/.m2/repository/org/eclipse/jetty/jetty-util/9.4.43.v20210629/jetty-util-9.4.43.v20210629.jar:/home/runner/.m2/repository/com/fasterxml/jackson/core/jackson-databind/2.13.2.2/jackson-databind-2.13.2.2.jar:/home/runner/.m2/repository/org/apache/hadoop/hadoop-kms/3.3.1/hadoop-kms-3.3.1-tests.jar:/home/runner/.m2/repository/org/apache/ozone/hdds-server-scm/1.3.0-SNAPSHOT/hdds-server-scm-1.3.0-SNAPSHOT-tests.jar:/home/runner/.m2/repository/org/apache/ozone/hdds-container-service/1.3.0-SNAPSHOT/hdds-container-service-1.3.0-SNAPSHOT-tests.jar:/home/runner/.m2/repository/commons-codec/commons-codec/1.11/commons-codec-1.11.jar:/home/runner/.m2/repository/io/netty/netty-codec/4.1.79.Final/netty-codec-4.1.79.Final.jar:/home/runner/.m2/repository/io/netty/netty-handler/4.1.79.Final/netty-handler-4.1.79.Final.jar:/home/runner/.m2/repository/org/apache/ozone/hdds-hadoop-dependency-test/1.3.0-SNAPSHOT/hdds-hadoop-dependency-test-1.3.0-SNAPSHOT.jar:/home/runner/.m2/repository/org/apache/hadoop/hadoop-common/3.3.1/hadoop-common-3.3.1-tests.jar:/home/runner/.m2/repository/org/assertj/assertj-core/3.12.2/assertj-core-3.12.2.jar:/home/runner/.m2/repository/org/apache/hadoop/hadoop-hdfs/3.3.1/hadoop-hdfs-3.3.1-tests.jar:/home/runner/.m2/repository/org/eclipse/jetty/jetty-util-ajax/9.4.43.v20210629/jetty-util-ajax-9.4.43.v20210629.jar:/home/runner/.m2/repository/commons-daemon/commons-daemon/1.0.13/commons-daemon-1.0.13.jar:/home/runner/.m2/repository/io/netty/netty/3.10.6.Final/netty-3.10.6.Final.jar:/home/runner/.m2/repository/io/netty/netty-all/4.1.79.Final/netty-all-4.1.79.Final.jar:/home/runner/.m2/repository/io/netty/netty-codec-dns/4.1.79.Final/netty-codec-dns-4.1.79.Final.jar:/home/runner/.m2/repository/io/netty/netty-codec-haproxy/4.1.79.Final/netty-codec-haproxy-4.1.79.Final.jar:/home/runner/.m2/repository/io/netty/netty-codec-memcache/4.1.79.Final/netty-codec-memcache-4.1.79.Final.jar:/home/runner/.m2/repository/io/netty/netty-codec-mqtt/4.1.79.Final/netty-codec-mqtt-4.1.79.Final.jar:/home/runner/.m2/repository/io/netty/netty-codec-redis/4.1.79.Final/netty-codec-redis-4.1.79.Final.jar:/home/runner/.m2/repository/io/netty/netty-codec-smtp/4.1.79.Final/netty-codec-smtp-4.1.79.Final.jar:/home/runner/.m2/repository/io/netty/netty-codec-stomp/4.1.79.Final/netty-codec-stomp-4.1.79.Final.jar:/home/runner/.m2/repository/io/netty/netty-codec-xml/4.1.79.Final/netty-codec-xml-4.1.79.Final.jar:/home/runner/.m2/repository/io/netty/netty-resolver-dns/4.1.79.Final/netty-resolver-dns-4.1.79.Final.jar:/home/runner/.m2/repository/io/netty/netty-transport-rxtx/4.1.79.Final/netty-transport-rxtx-4.1.79.Final.jar:/home/runner/.m2/repository/io/netty/netty-transport-sctp/4.1.79.Final/netty-transport-sctp-4.1.79.Final.jar:/home/runner/.m2/repository/io/netty/netty-transport-udt/4.1.79.Final/netty-transport-udt-4.1.79.Final.jar:/home/runner/.m2/repository/io/netty/netty-transport-classes-kqueue/4.1.79.Final/netty-transport-classes-kqueue-4.1.79.Final.jar:/home/runner/.m2/repository/io/netty/netty-resolver-dns-classes-macos/4.1.79.Final/netty-resolver-dns-classes-macos-4.1.79.Final.jar:/home/runner/.m2/repository/io/netty/netty-transport-native-epoll/4.1.79.Final/netty-transport-native-epoll-4.1.79.Final-linux-aarch_64.jar:/home/runner/.m2/repository/io/netty/netty-transport-native-kqueue/4.1.79.Final/netty-transport-native-kqueue-4.1.79.Final-osx-x86_64.jar:/home/runner/.m2/repository/io/netty/netty-transport-native-kqueue/4.1.79.Final/netty-transport-native-kqueue-4.1.79.Final-osx-aarch_64.jar:/home/runner/.m2/repository/io/netty/netty-resolver-dns-native-macos/4.1.79.Final/netty-resolver-dns-native-macos-4.1.79.Final-osx-x86_64.jar:/home/runner/.m2/repository/io/netty/netty-resolver-dns-native-macos/4.1.79.Final/netty-resolver-dns-native-macos-4.1.79.Final-osx-aarch_64.jar:/home/runner/.m2/repository/org/apache/htrace/htrace-core4/4.1.0-incubating/htrace-core4-4.1.0-incubating.jar:/home/runner/.m2/repository/org/fusesource/leveldbjni/leveldbjni-all/1.8/leveldbjni-all-1.8.jar:/home/runner/.m2/repository/org/apache/hadoop/hadoop-distcp/3.3.1/hadoop-distcp-3.3.1.jar:/home/runner/.m2/repository/org/apache/hadoop/hadoop-mapreduce-client-jobclient/3.3.1/hadoop-mapreduce-client-jobclient-3.3.1.jar:/home/runner/.m2/repository/org/apache/hadoop/hadoop-mapreduce-client-common/3.3.1/hadoop-mapreduce-client-common-3.3.1.jar:/home/runner/.m2/repository/org/apache/hadoop/hadoop-yarn-common/3.3.1/hadoop-yarn-common-3.3.1.jar:/home/runner/.m2/repository/org/apache/hadoop/hadoop-yarn-api/3.3.1/hadoop-yarn-api-3.3.1.jar:/home/runner/.m2/repository/com/sun/jersey/contribs/jersey-guice/1.19/jersey-guice-1.19.jar:/home/runner/.m2/repository/com/fasterxml/jackson/jaxrs/jackson-jaxrs-json-provider/2.13.2/jackson-jaxrs-json-provider-2.13.2.jar:/home/runner/.m2/repository/com/fasterxml/jackson/jaxrs/jackson-jaxrs-base/2.13.2/jackson-jaxrs-base-2.13.2.jar:/home/runner/.m2/repository/org/apache/hadoop/hadoop-yarn-client/3.3.1/hadoop-yarn-client-3.3.1.jar:/home/runner/.m2/repository/org/eclipse/jetty/websocket/websocket-client/9.4.40.v20210413/websocket-client-9.4.40.v20210413.jar:/home/runner/.m2/repository/org/eclipse/jetty/websocket/websocket-common/9.4.40.v20210413/websocket-common-9.4.40.v20210413.jar:/home/runner/.m2/repository/org/eclipse/jetty/websocket/websocket-api/9.4.40.v20210413/websocket-api-9.4.40.v20210413.jar:/home/runner/.m2/repository/org/jline/jline/3.9.0/jline-3.9.0.jar:/home/runner/.m2/repository/org/apache/hadoop/hadoop-mapreduce-client-core/3.3.1/hadoop-mapreduce-client-core-3.3.1.jar:/home/runner/.m2/repository/org/apache/avro/avro/1.7.7/avro-1.7.7.jar:/home/runner/.m2/repository/org/codehaus/jackson/jackson-core-asl/1.9.13/jackson-core-asl-1.9.13.jar:/home/runner/.m2/repository/org/codehaus/jackson/jackson-mapper-asl/1.9.13/jackson-mapper-asl-1.9.13.jar:/home/runner/.m2/repository/com/thoughtworks/paranamer/paranamer/2.3/paranamer-2.3.jar:/home/runner/.m2/repository/org/apache/hadoop/hadoop-annotations/3.3.1/hadoop-annotations-3.3.1.jar:/usr/lib/jvm/temurin-8-jdk-amd64/jre/../lib/tools.jar:/home/runner/.m2/repository/org/apache/hadoop/hadoop-distcp/3.3.1/hadoop-distcp-3.3.1-tests.jar:/home/runner/.m2/repository/org/apache/ratis/ratis-common/2.3.0/ratis-common-2.3.0.jar:/home/runner/.m2/repository/org/apache/ratis/ratis-thirdparty-misc/1.0.0/ratis-thirdparty-misc-1.0.0.jar:/home/runner/.m2/repository/org/apache/ratis/ratis-proto/2.3.0/ratis-proto-2.3.0.jar:/home/runner/.m2/repository/org/apache/ozone/ozone-annotation-processing/1.3.0-SNAPSHOT/ozone-annotation-processing-1.3.0-SNAPSHOT.jar:"/>
    <property name="sun.cpu.endian" value="little"/>
    <property name="user.home" value="/home/runner"/>
    <property name="user.language" value="en"/>
    <property name="java.specification.vendor" value="Oracle Corporation"/>
    <property name="java.home" value="/usr/lib/jvm/temurin-8-jdk-amd64/jre"/>
    <property name="java.security.krb5.conf" value="/home/runner/work/ozone/ozone/hadoop-ozone/integration-test/target/test-classes/krb5.conf"/>
    <property name="basedir" value="/home/runner/work/ozone/ozone/hadoop-ozone/integration-test"/>
    <property name="file.separator" value="/"/>
    <property name="line.separator" value="&#10;"/>
    <property name="java.vm.specification.vendor" value="Oracle Corporation"/>
    <property name="java.specification.name" value="Java Platform API Specification"/>
    <property name="java.awt.graphicsenv" value="sun.awt.X11GraphicsEnvironment"/>
    <property name="skip.installnpx" value="true"/>
    <property name="surefire.real.class.path" value="/home/runner/work/ozone/ozone/hadoop-ozone/integration-test/target/surefire/surefirebooter4898808434042510653.jar:/home/runner/.m2/repository/org/jacoco/org.jacoco.agent/0.8.5/org.jacoco.agent-0.8.5-runtime.jar"/>
    <property name="hadoop.log.dir" value="/home/runner/work/ozone/ozone/hadoop-ozone/integration-test/target/log"/>
    <property name="sun.boot.class.path" value="/usr/lib/jvm/temurin-8-jdk-amd64/jre/lib/resources.jar:/usr/lib/jvm/temurin-8-jdk-amd64/jre/lib/rt.jar:/usr/lib/jvm/temurin-8-jdk-amd64/jre/lib/sunrsasign.jar:/usr/lib/jvm/temurin-8-jdk-amd64/jre/lib/jsse.jar:/usr/lib/jvm/temurin-8-jdk-amd64/jre/lib/jce.jar:/usr/lib/jvm/temurin-8-jdk-amd64/jre/lib/charsets.jar:/usr/lib/jvm/temurin-8-jdk-amd64/jre/lib/jfr.jar:/usr/lib/jvm/temurin-8-jdk-amd64/jre/classes"/>
    <property name="sun.management.compiler" value="HotSpot 64-Bit Tiered Compilers"/>
    <property name="skip.npx" value="true"/>
    <property name="java.runtime.version" value="1.8.0_332-b09"/>
    <property name="java.net.preferIPv4Stack" value="true"/>
    <property name="user.name" value="runner"/>
    <property name="path.separator" value=":"/>
    <property name="java.security.egd" value="file:///dev/urandom"/>
    <property name="os.version" value="5.4.0-1086-azure"/>
    <property name="java.endorsed.dirs" value="/usr/lib/jvm/temurin-8-jdk-amd64/jre/lib/endorsed"/>
    <property name="java.runtime.name" value="OpenJDK Runtime Environment"/>
    <property name="file.encoding" value="UTF-8"/>
    <property name="java.vm.name" value="OpenJDK 64-Bit Server VM"/>
    <property name="test.build.webapps" value=""/>
    <property name="localRepository" value="/home/runner/.m2/repository"/>
    <property name="jetty.git.hash" value="526006ecfa3af7f1a27ef3a288e2bef7ea9dd7e8"/>
    <property name="java.vendor.url.bug" value="https://github.com/adoptium/adoptium-support/issues"/>
    <property name="java.io.tmpdir" value="/tmp"/>
    <property name="require.test.libhadoop" value=""/>
    <property name="java.version" value="1.8.0_332"/>
    <property name="user.dir" value="/home/runner/work/ozone/ozone/hadoop-ozone/integration-test"/>
    <property name="os.arch" value="amd64"/>
    <property name="java.vm.specification.name" value="Java Virtual Machine Specification"/>
    <property name="test.build.classes" value="/home/runner/work/ozone/ozone/hadoop-ozone/integration-test/target/test-classes"/>
    <property name="java.awt.printerjob" value="sun.print.PSPrinterJob"/>
    <property name="sun.os.patch.level" value="unknown"/>
    <property name="hadoop.tmp.dir" value="/home/runner/work/ozone/ozone/hadoop-ozone/integration-test/target/tmp"/>
    <property name="java.library.path" value="/usr/java/packages/lib/amd64:/usr/lib64:/lib64:/lib:/usr/lib"/>
    <property name="java.vm.info" value="mixed mode"/>
    <property name="java.vendor" value="Temurin"/>
    <property name="java.vm.version" value="25.332-b09"/>
    <property name="java.ext.dirs" value="/usr/lib/jvm/temurin-8-jdk-amd64/jre/lib/ext:/usr/java/packages/lib/ext"/>
    <property name="sun.io.unicode.encoding" value="UnicodeLittle"/>
    <property name="java.class.version" value="52.0"/>
  </properties>
  <testcase name="testRenameFile" classname="TestRootedOzoneFileSystem" time="0.552">
    <system-out><![CDATA[2022-07-27 13:48:56,035 [main] WARN  server.ServerUtils (ServerUtils.java:getScmDbDir(148)) - ozone.scm.db.dirs is not configured. We recommend adding this setting. Falling back to ozone.metadata.dirs instead.
2022-07-27 13:48:56,128 [main] WARN  server.ServerUtils (ServerUtils.java:getScmDbDir(148)) - ozone.scm.db.dirs is not configured. We recommend adding this setting. Falling back to ozone.metadata.dirs instead.
2022-07-27 13:48:56,131 [main] INFO  ha.SCMHANodeDetails (SCMHANodeDetails.java:loadSCMHAConfig(209)) - ServiceID for StorageContainerManager is null
2022-07-27 13:48:56,142 [main] WARN  ha.SCMHANodeDetails (SCMHANodeDetails.java:validateSCMHAConfig(182)) - Invalid config ozone.scm.ratis.enable. The config was not specified, but the default value true conflicts with the expected config value false. Falling back to the expected value. Current State of SCM: SCM is running in Non-HA without Ratis Ratis SCM -> Non Ratis SCM or Non HA SCM -> HA SCM is not supported
2022-07-27 13:48:56,142 [main] INFO  ha.SCMHANodeDetails (SCMHANodeDetails.java:loadSCMHAConfig(214)) - ozone.scm.default.service.id is not defined, falling back to ozone.scm.service.ids to find serviceID for StorageContainerManager if it is HA enabled cluster
2022-07-27 13:48:56,609 [main] WARN  utils.HAUtils (HAUtils.java:getMetaDir(342)) - ozone.scm.db.dirs is not configured. We recommend adding this setting. Falling back to ozone.metadata.dirs instead.
2022-07-27 13:48:56,816 [main] WARN  db.DBStoreBuilder (DBStoreBuilder.java:applyDBDefinition(145)) - ozone.scm.db.dirs is not configured. We recommend adding this setting. Falling back to ozone.metadata.dirs instead.
2022-07-27 13:48:57,009 [main] INFO  net.NodeSchemaLoader (NodeSchemaLoader.java:loadSchemaFromFile(129)) - Loading schema from [jar:file:/home/runner/.m2/repository/org/apache/ozone/hdds-common/1.3.0-SNAPSHOT/hdds-common-1.3.0-SNAPSHOT.jar!/network-topology-default.xml]
2022-07-27 13:48:57,010 [main] INFO  net.NodeSchemaLoader (NodeSchemaLoader.java:loadSchema(176)) - Loading network topology layer schema file
2022-07-27 13:48:57,048 [main] INFO  metrics.MetricRegistries (MetricRegistriesLoader.java:load(64)) - Loaded MetricRegistries class org.apache.ratis.metrics.impl.MetricRegistriesImpl
2022-07-27 13:48:57,054 [main] INFO  upgrade.AbstractLayoutVersionManager (AbstractLayoutVersionManager.java:init(83)) - Initializing Layout version manager with metadata layout = DATANODE_SCHEMA_V3 (version = 4), software layout = DATANODE_SCHEMA_V3 (version = 4)
2022-07-27 13:48:57,226 [main] INFO  reflections.Reflections (Reflections.java:scan(232)) - Reflections took 112 ms to scan 7 urls, producing 132 keys and 321 values 
2022-07-27 13:48:57,314 [main] INFO  ha.SequenceIdGenerator (SequenceIdGenerator.java:upgradeToSequenceId(349)) - upgrade localId to 109611004723200000
2022-07-27 13:48:57,314 [main] INFO  ha.SequenceIdGenerator (SequenceIdGenerator.java:upgradeToSequenceId(359)) - upgrade delTxnId to 0
2022-07-27 13:48:57,318 [main] INFO  ha.SequenceIdGenerator (SequenceIdGenerator.java:upgradeToSequenceId(376)) - upgrade containerId to 0
2022-07-27 13:48:57,320 [main] INFO  ha.SequenceIdGenerator (SequenceIdGenerator.java:<init>(220)) - Init the HA SequenceIdGenerator.
2022-07-27 13:48:57,356 [main] WARN  server.ServerUtils (ServerUtils.java:sanitizeUserArgs(73)) - ozone.scm.stale.node.interval value = 300000 is larger than max = 100000 based on the key value of ozone.scm.heartbeat.thread.interval, reset to the max value 100000.
2022-07-27 13:48:57,357 [main] WARN  server.ServerUtils (ServerUtils.java:sanitizeUserArgs(73)) - ozone.scm.stale.node.interval value = 300000 is larger than max = 100000 based on the key value of ozone.scm.heartbeat.thread.interval, reset to the max value 100000.
2022-07-27 13:48:57,363 [main] INFO  node.SCMNodeManager (SCMNodeManager.java:<init>(149)) - Entering startup safe mode.
2022-07-27 13:48:57,375 [main] INFO  algorithms.ContainerPlacementPolicyFactory (ContainerPlacementPolicyFactory.java:getPolicyInternal(86)) - Create container placement policy of type org.apache.hadoop.hdds.scm.container.placement.algorithms.SCMContainerPlacementRandom
2022-07-27 13:48:57,385 [main] INFO  pipeline.PipelineStateManagerImpl (PipelineStateManagerImpl.java:initialize(78)) - No pipeline exists in current db
2022-07-27 13:48:57,419 [main] INFO  algorithms.LeaderChoosePolicyFactory (LeaderChoosePolicyFactory.java:getPolicy(57)) - Create leader choose policy of type org.apache.hadoop.hdds.scm.pipeline.leader.choose.algorithms.MinLeaderCountChoosePolicy
2022-07-27 13:48:57,419 [main] INFO  algorithms.ContainerPlacementPolicyFactory (ContainerPlacementPolicyFactory.java:getPolicyInternal(86)) - Create container placement policy of type org.apache.hadoop.hdds.scm.container.placement.algorithms.SCMContainerPlacementRackScatter
2022-07-27 13:48:57,425 [main] INFO  ha.SCMServiceManager (SCMServiceManager.java:register(42)) - Registering service BackgroundPipelineCreator.
2022-07-27 13:48:57,425 [main] INFO  pipeline.BackgroundPipelineCreator (BackgroundPipelineCreator.java:start(124)) - Starting RatisPipelineUtilsThread.
2022-07-27 13:48:57,429 [main] INFO  BackgroundPipelineScrubber (BackgroundSCMService.java:start(68)) - Starting BackgroundPipelineScrubber Service.
2022-07-27 13:48:57,431 [main] INFO  ha.SCMServiceManager (SCMServiceManager.java:register(42)) - Registering service BackgroundPipelineScrubber.
2022-07-27 13:48:57,453 [main] INFO  ExpiredContainerReplicaOpScrubber (BackgroundSCMService.java:start(68)) - Starting ExpiredContainerReplicaOpScrubber Service.
2022-07-27 13:48:57,453 [main] INFO  ha.SCMServiceManager (SCMServiceManager.java:register(42)) - Registering service ExpiredContainerReplicaOpScrubber.
2022-07-27 13:48:57,488 [main] INFO  algorithms.PipelineChoosePolicyFactory (PipelineChoosePolicyFactory.java:createPipelineChoosePolicyFromClass(73)) - Create pipeline choose policy of type org.apache.hadoop.hdds.scm.pipeline.choose.algorithms.RandomPipelineChoosePolicy
2022-07-27 13:48:57,511 [main] INFO  ha.SCMServiceManager (SCMServiceManager.java:register(42)) - Registering service SCMBlockDeletingService.
2022-07-27 13:48:57,554 [main] INFO  replication.ReplicationManager (ReplicationManager.java:start(200)) - Starting Replication Monitor Thread.
2022-07-27 13:48:57,564 [main] INFO  UnderReplicatedQueueThread (BackgroundSCMService.java:start(68)) - Starting UnderReplicatedQueueThread Service.
2022-07-27 13:48:57,565 [ReplicationMonitor] INFO  replication.ReplicationManager (ReplicationManager.java:processAll(249)) - Replication Manager is not ready to run until 3000ms after safemode exit
2022-07-27 13:48:57,565 [main] INFO  ha.SCMServiceManager (SCMServiceManager.java:register(42)) - Registering service UnderReplicatedQueueThread.
2022-07-27 13:48:57,567 [main] INFO  OverReplicatedQueueThread (BackgroundSCMService.java:start(68)) - Starting OverReplicatedQueueThread Service.
2022-07-27 13:48:57,567 [main] INFO  ha.SCMServiceManager (SCMServiceManager.java:register(42)) - Registering service OverReplicatedQueueThread.
2022-07-27 13:48:57,567 [main] INFO  ha.SCMServiceManager (SCMServiceManager.java:register(42)) - Registering service ReplicationManager.
2022-07-27 13:48:57,579 [main] INFO  safemode.ContainerSafeModeRule (ContainerSafeModeRule.java:<init>(89)) - containers with one replica threshold count 0
2022-07-27 13:48:57,583 [main] INFO  safemode.HealthyPipelineSafeModeRule (HealthyPipelineSafeModeRule.java:initializeRule(169)) - Total pipeline count is 0, healthy pipeline threshold count is 1
2022-07-27 13:48:57,590 [main] INFO  safemode.OneReplicaPipelineSafeModeRule (OneReplicaPipelineSafeModeRule.java:initializeRule(180)) - Total pipeline count is 0, pipeline's with at least one datanode reported threshold count is 0
2022-07-27 13:48:57,865 [main] INFO  audit.AuditLogger (AuditLogger.java:refreshDebugCmdSet(126)) - Refresh DebugCmdSet for SCMAudit to [].
2022-07-27 13:48:57,895 [main] INFO  ipc.CallQueueManager (CallQueueManager.java:<init>(90)) - Using callQueue: class java.util.concurrent.LinkedBlockingQueue, queueCapacity: 2000, scheduler: class org.apache.hadoop.ipc.DefaultRpcScheduler, ipcBackoff: false.
2022-07-27 13:48:57,932 [Socket Reader #1 for port 0] INFO  ipc.Server (Server.java:run(1265)) - Starting Socket Reader #1 for port 0
2022-07-27 13:48:57,984 [Listener at 0.0.0.0/35237] INFO  audit.AuditLogger (AuditLogger.java:refreshDebugCmdSet(126)) - Refresh DebugCmdSet for SCMAudit to [].
2022-07-27 13:48:57,990 [Listener at 0.0.0.0/35237] INFO  ipc.CallQueueManager (CallQueueManager.java:<init>(90)) - Using callQueue: class java.util.concurrent.LinkedBlockingQueue, queueCapacity: 2000, scheduler: class org.apache.hadoop.ipc.DefaultRpcScheduler, ipcBackoff: false.
2022-07-27 13:48:57,991 [Socket Reader #1 for port 0] INFO  ipc.Server (Server.java:run(1265)) - Starting Socket Reader #1 for port 0
2022-07-27 13:48:58,022 [Listener at 0.0.0.0/40261] INFO  audit.AuditLogger (AuditLogger.java:refreshDebugCmdSet(126)) - Refresh DebugCmdSet for SCMAudit to [].
2022-07-27 13:48:58,033 [Listener at 0.0.0.0/40261] INFO  ipc.CallQueueManager (CallQueueManager.java:<init>(90)) - Using callQueue: class java.util.concurrent.LinkedBlockingQueue, queueCapacity: 2000, scheduler: class org.apache.hadoop.ipc.DefaultRpcScheduler, ipcBackoff: false.
2022-07-27 13:48:58,036 [Socket Reader #1 for port 0] INFO  ipc.Server (Server.java:run(1265)) - Starting Socket Reader #1 for port 0
2022-07-27 13:48:58,090 [Listener at 0.0.0.0/44489] INFO  ha.SCMServiceManager (SCMServiceManager.java:register(42)) - Registering service ContainerBalancer.
2022-07-27 13:48:58,090 [Listener at 0.0.0.0/44489] INFO  server.StorageContainerManager (StorageContainerManager.java:<init>(403)) - 
Container Balancer status:
Key                            Value
Running                        false
Container Balancer Configuration values:
Key                                                Value
Threshold                                          10
Max Datanodes to Involve per Iteration(percent)    20
Max Size to Move per Iteration                     500GB
Max Size Entering Target per Iteration             26GB
Max Size Leaving Source per Iteration              26GB

2022-07-27 13:48:58,090 [Listener at 0.0.0.0/44489] WARN  events.EventQueue (EventQueue.java:fireEvent(216)) - No event handler registered for event TypedEvent{payloadType=SafeModeStatus, name='Safe mode status'}
2022-07-27 13:48:58,091 [Listener at 0.0.0.0/44489] INFO  ha.SCMContext (SCMContext.java:updateSafeModeStatus(228)) - Update SafeModeStatus from SafeModeStatus{safeModeStatus=true, preCheckPassed=false} to SafeModeStatus{safeModeStatus=true, preCheckPassed=false}.
2022-07-27 13:48:58,093 [Listener at 0.0.0.0/44489] INFO  server.StorageContainerManager (StorageContainerManager.java:start(1452)) - StorageContainerLocationProtocol RPC server is listening at /0.0.0.0:44489
2022-07-27 13:48:58,171 [Listener at 0.0.0.0/44489] WARN  impl.MetricsConfig (MetricsConfig.java:loadFirst(136)) - Cannot locate configuration: tried hadoop-metrics2-storagecontainermanager.properties,hadoop-metrics2.properties
2022-07-27 13:48:58,187 [Listener at 0.0.0.0/44489] INFO  impl.MetricsSystemImpl (MetricsSystemImpl.java:startTimer(378)) - Scheduled Metric snapshot period at 10 second(s).
2022-07-27 13:48:58,187 [Listener at 0.0.0.0/44489] INFO  impl.MetricsSystemImpl (MetricsSystemImpl.java:start(191)) - StorageContainerManager metrics system started
2022-07-27 13:48:58,493 [Listener at 0.0.0.0/44489] INFO  server.SCMClientProtocolServer (SCMClientProtocolServer.java:start(170)) - RPC server for Client  is listening at /0.0.0.0:44489
2022-07-27 13:48:58,493 [IPC Server Responder] INFO  ipc.Server (Server.java:run(1507)) - IPC Server Responder: starting
2022-07-27 13:48:58,494 [IPC Server listener on 0] INFO  ipc.Server (Server.java:run(1344)) - IPC Server listener on 0: starting
2022-07-27 13:48:58,500 [Listener at 0.0.0.0/44489] INFO  server.StorageContainerManager (StorageContainerManager.java:start(1467)) - ScmBlockLocationProtocol RPC server is listening at /0.0.0.0:40261
2022-07-27 13:48:58,501 [Listener at 0.0.0.0/44489] INFO  server.SCMBlockProtocolServer (SCMBlockProtocolServer.java:start(152)) - RPC server for Block Protocol is listening at /0.0.0.0:40261
2022-07-27 13:48:58,501 [IPC Server Responder] INFO  ipc.Server (Server.java:run(1507)) - IPC Server Responder: starting
2022-07-27 13:48:58,501 [IPC Server listener on 0] INFO  ipc.Server (Server.java:run(1344)) - IPC Server listener on 0: starting
2022-07-27 13:48:58,505 [Listener at 0.0.0.0/44489] INFO  server.SCMDatanodeProtocolServer (SCMDatanodeProtocolServer.java:start(186)) - ScmDatanodeProtocol RPC server for DataNodes is listening at /0.0.0.0:35237
2022-07-27 13:48:58,506 [IPC Server Responder] INFO  ipc.Server (Server.java:run(1507)) - IPC Server Responder: starting
2022-07-27 13:48:58,506 [IPC Server listener on 0] INFO  ipc.Server (Server.java:run(1344)) - IPC Server listener on 0: starting
2022-07-27 13:48:58,515 [org.apache.hadoop.util.JvmPauseMonitor$Monitor@781bd9dd] INFO  util.JvmPauseMonitor (JvmPauseMonitor.java:run(188)) - Starting JVM pause monitor
2022-07-27 13:48:58,533 [Listener at 0.0.0.0/44489] INFO  http.BaseHttpServer (BaseHttpServer.java:newHttpServer2BuilderForOzone(209)) - Starting Web-server for scm at: http://0.0.0.0:0
2022-07-27 13:48:58,533 [Listener at 0.0.0.0/44489] INFO  http.BaseHttpServer (BaseHttpServer.java:<init>(107)) - Hadoop Security Enabled: false Ozone Security Enabled: false Ozone HTTP Security Enabled: false 
2022-07-27 13:48:58,559 [Listener at 0.0.0.0/44489] INFO  util.log (Log.java:initialized(170)) - Logging initialized @4121ms to org.eclipse.jetty.util.log.Slf4jLog
2022-07-27 13:48:58,661 [Listener at 0.0.0.0/44489] INFO  server.AuthenticationFilter (AuthenticationFilter.java:constructSecretProvider(240)) - Unable to initialize FileSignerSecretProvider, falling back to use random secrets.
2022-07-27 13:48:58,667 [Listener at 0.0.0.0/44489] WARN  http.HttpRequestLog (HttpRequestLog.java:getRequestLog(103)) - Jetty request log can only be enabled using Log4j
2022-07-27 13:48:58,673 [Listener at 0.0.0.0/44489] INFO  http.HttpServer2 (HttpServer2.java:addGlobalFilter(1029)) - Added global filter 'safety' (class=org.apache.hadoop.hdds.server.http.HttpServer2$QuotingInputFilter)
2022-07-27 13:48:58,675 [Listener at 0.0.0.0/44489] INFO  http.HttpServer2 (HttpServer2.java:addFilter(1005)) - Added filter static_user_filter (class=org.apache.hadoop.http.lib.StaticUserWebFilter$StaticUserFilter) to context scm
2022-07-27 13:48:58,676 [Listener at 0.0.0.0/44489] INFO  http.HttpServer2 (HttpServer2.java:addFilter(1013)) - Added filter static_user_filter (class=org.apache.hadoop.http.lib.StaticUserWebFilter$StaticUserFilter) to context logs
2022-07-27 13:48:58,676 [Listener at 0.0.0.0/44489] INFO  http.HttpServer2 (HttpServer2.java:addFilter(1013)) - Added filter static_user_filter (class=org.apache.hadoop.http.lib.StaticUserWebFilter$StaticUserFilter) to context static
2022-07-27 13:48:58,715 [Listener at 0.0.0.0/44489] INFO  http.HttpServer2 (HttpServer2.java:bindListener(1248)) - Jetty bound to port 40965
2022-07-27 13:48:58,717 [Listener at 0.0.0.0/44489] INFO  server.Server (Server.java:doStart(375)) - jetty-9.4.43.v20210629; built: 2021-06-30T11:07:22.254Z; git: 526006ecfa3af7f1a27ef3a288e2bef7ea9dd7e8; jvm 1.8.0_332-b09
2022-07-27 13:48:58,751 [Listener at 0.0.0.0/44489] INFO  server.session (DefaultSessionIdManager.java:doStart(334)) - DefaultSessionIdManager workerName=node0
2022-07-27 13:48:58,751 [Listener at 0.0.0.0/44489] INFO  server.session (DefaultSessionIdManager.java:doStart(339)) - No SessionScavenger set, using defaults
2022-07-27 13:48:58,753 [Listener at 0.0.0.0/44489] INFO  server.session (HouseKeeper.java:startScavenging(132)) - node0 Scavenging every 660000ms
2022-07-27 13:48:58,766 [Listener at 0.0.0.0/44489] INFO  handler.ContextHandler (ContextHandler.java:doStart(915)) - Started o.e.j.s.ServletContextHandler@43c20142{logs,/logs,file:///home/runner/work/ozone/ozone/hadoop-ozone/integration-test/target/log,AVAILABLE}
2022-07-27 13:48:58,768 [Listener at 0.0.0.0/44489] INFO  handler.ContextHandler (ContextHandler.java:doStart(915)) - Started o.e.j.s.ServletContextHandler@3e265811{static,/static,file:///home/runner/work/ozone/ozone/hadoop-ozone/integration-test/target/test-classes/webapps/static,AVAILABLE}
2022-07-27 13:48:58,811 [Listener at 0.0.0.0/44489] INFO  handler.ContextHandler (ContextHandler.java:doStart(915)) - Started o.e.j.w.WebAppContext@70f0c352{scm,/,file:///home/runner/work/ozone/ozone/hadoop-ozone/integration-test/target/test-classes/webapps/scm/,AVAILABLE}{file:/home/runner/work/ozone/ozone/hadoop-ozone/integration-test/target/test-classes/webapps/scm}
2022-07-27 13:48:58,821 [Listener at 0.0.0.0/44489] INFO  server.AbstractConnector (AbstractConnector.java:doStart(331)) - Started ServerConnector@1acfc058{HTTP/1.1, (http/1.1)}{0.0.0.0:40965}
2022-07-27 13:48:58,821 [Listener at 0.0.0.0/44489] INFO  server.Server (Server.java:doStart(415)) - Started @4384ms
2022-07-27 13:48:58,824 [Listener at 0.0.0.0/44489] INFO  impl.MetricsSinkAdapter (MetricsSinkAdapter.java:start(204)) - Sink prometheus started
2022-07-27 13:48:58,824 [Listener at 0.0.0.0/44489] INFO  impl.MetricsSystemImpl (MetricsSystemImpl.java:registerSink(305)) - Registered sink prometheus
2022-07-27 13:48:58,825 [Listener at 0.0.0.0/44489] INFO  http.BaseHttpServer (BaseHttpServer.java:updateConnectorAddress(329)) - HTTP server of scm listening at http://0.0.0.0:40965
2022-07-27 13:48:58,827 [Listener at 0.0.0.0/44489] WARN  server.ServerUtils (ServerUtils.java:getDBPath(225)) - ozone.om.db.dirs is not configured. We recommend adding this setting. Falling back to ozone.metadata.dirs instead.
2022-07-27 13:48:58,879 [Listener at 0.0.0.0/44489] INFO  audit.AuditLogger (AuditLogger.java:refreshDebugCmdSet(126)) - Refresh DebugCmdSet for OMAudit to [].
2022-07-27 13:48:58,980 [Listener at 0.0.0.0/44489] INFO  ha.OMHANodeDetails (OMHANodeDetails.java:loadOMHAConfig(115)) - ozone.om.internal.service.id is not defined, falling back to ozone.om.service.ids to find serviceID for OzoneManager if it is HA enabled cluster
2022-07-27 13:48:58,983 [Listener at 0.0.0.0/44489] INFO  ha.OMHANodeDetails (OMHANodeDetails.java:loadOMHAConfig(226)) - Configuration does not have ozone.om.address set. Falling back to the default OM address /127.0.0.1:0
2022-07-27 13:48:58,983 [Listener at 0.0.0.0/44489] INFO  ha.OMHANodeDetails (OMHANodeDetails.java:getOMNodeDetailsForNonHA(254)) - OM Service ID is not set. Setting it to the default ID: omServiceIdDefault
2022-07-27 13:48:58,983 [Listener at 0.0.0.0/44489] INFO  ha.OMHANodeDetails (OMHANodeDetails.java:getOMNodeDetailsForNonHA(261)) - OM Node ID is not set. Setting it to the default ID: om1
2022-07-27 13:48:58,987 [Listener at 0.0.0.0/44489] WARN  server.ServerUtils (ServerUtils.java:getDBPath(225)) - ozone.om.db.dirs is not configured. We recommend adding this setting. Falling back to ozone.metadata.dirs instead.
2022-07-27 13:48:58,988 [Listener at 0.0.0.0/44489] INFO  upgrade.AbstractLayoutVersionManager (AbstractLayoutVersionManager.java:init(83)) - Initializing Layout version manager with metadata layout = MULTITENANCY_SCHEMA (version = 3), software layout = MULTITENANCY_SCHEMA (version = 3)
2022-07-27 13:48:59,064 [Listener at 0.0.0.0/44489] INFO  reflections.Reflections (Reflections.java:scan(232)) - Reflections took 71 ms to scan 2 urls, producing 152 keys and 424 values [using 2 cores]
2022-07-27 13:48:59,069 [Listener at 0.0.0.0/44489] INFO  upgrade.OMLayoutVersionManager (OMLayoutVersionManager.java:lambda$0(115)) - Skipping Upgrade Action MockOmUpgradeAction since it has been finalized.
2022-07-27 13:48:59,070 [Listener at 0.0.0.0/44489] WARN  server.ServerUtils (ServerUtils.java:getDBPath(225)) - ozone.om.db.dirs is not configured. We recommend adding this setting. Falling back to ozone.metadata.dirs instead.
2022-07-27 13:48:59,222 [Listener at 0.0.0.0/44489] INFO  proxy.SCMBlockLocationFailoverProxyProvider (SCMBlockLocationFailoverProxyProvider.java:<init>(114)) - Created block location fail-over proxy with 1 nodes: [nodeId=scmNodeId,nodeAddress=/0.0.0.0:40261]
2022-07-27 13:48:59,246 [Listener at 0.0.0.0/44489] INFO  proxy.SCMBlockLocationFailoverProxyProvider (SCMBlockLocationFailoverProxyProvider.java:<init>(114)) - Created block location fail-over proxy with 1 nodes: [nodeId=scmNodeId,nodeAddress=/0.0.0.0:40261]
2022-07-27 13:48:59,465 [Listener at 0.0.0.0/44489] WARN  server.ServerUtils (ServerUtils.java:getDBPath(225)) - ozone.om.db.dirs is not configured. We recommend adding this setting. Falling back to ozone.metadata.dirs instead.
2022-07-27 13:48:59,474 [Listener at 0.0.0.0/44489] INFO  codec.OmKeyInfoCodec (OmKeyInfoCodec.java:<init>(49)) - OmKeyInfoCodec ignorePipeline = true
2022-07-27 13:48:59,475 [Listener at 0.0.0.0/44489] INFO  codec.RepeatedOmKeyInfoCodec (RepeatedOmKeyInfoCodec.java:<init>(41)) - RepeatedOmKeyInfoCodec ignorePipeline = true
2022-07-27 13:48:59,645 [Listener at 0.0.0.0/44489] INFO  om.OzoneManager (OzoneManager.java:instantiateServices(696)) - S3 Multi-Tenancy is disabled
2022-07-27 13:48:59,726 [Listener at 0.0.0.0/44489] INFO  om.OzoneManager (OzoneManager.java:addS3GVolumeToDB(4307)) - Created Volume s3v With Owner runner required for S3Gateway operations.
2022-07-27 13:48:59,795 [Listener at 0.0.0.0/44489] WARN  server.ServerUtils (ServerUtils.java:getDefaultRatisDirectory(237)) - Storage directory for Ratis is not configured. It is a good idea to map this to an SSD disk. Falling back to ozone.metadata.dirs
2022-07-27 13:48:59,795 [Listener at 0.0.0.0/44489] WARN  utils.OzoneManagerRatisUtils (OzoneManagerRatisUtils.java:getOMRatisSnapshotDirectory(431)) - ozone.om.ratis.snapshot.dir is not configured. Falling back to ozone.metadata.dirs config
2022-07-27 13:48:59,815 [Listener at 0.0.0.0/44489] WARN  server.ServerUtils (ServerUtils.java:getDefaultRatisDirectory(237)) - Storage directory for Ratis is not configured. It is a good idea to map this to an SSD disk. Falling back to ozone.metadata.dirs
2022-07-27 13:48:59,844 [Listener at 0.0.0.0/44489] INFO  ratis.OzoneManagerRatisServer (OzoneManagerRatisServer.java:<init>(159)) - Instantiating OM Ratis server with groupID: omServiceIdDefault and peers: localhost:9872
2022-07-27 13:48:59,852 [Listener at 0.0.0.0/44489] INFO  ratis.OzoneManagerStateMachine (OzoneManagerStateMachine.java:loadSnapshotInfoFromDB(632)) - LastAppliedIndex is set from TransactionInfo from OM DB as (t:0, i:~)
2022-07-27 13:48:59,902 [Listener at 0.0.0.0/44489] INFO  server.RaftServer (ConfUtils.java:logGet(46)) - raft.rpc.type = GRPC (default)
2022-07-27 13:48:59,986 [Listener at 0.0.0.0/44489] INFO  grpc.GrpcFactory (GrpcFactory.java:checkPooledByteBufAllocatorUseCacheForAllThreads(48)) - PERFORMANCE WARNING: useCacheForAllThreads is true that may cause Netty to create a lot garbage objects and, as a result, trigger GC.
	It is recommended to disable useCacheForAllThreads by setting -Dorg.apache.ratis.thirdparty.io.netty.allocator.useCacheForAllThreads=false in command line.
2022-07-27 13:48:59,990 [Listener at 0.0.0.0/44489] INFO  grpc.GrpcConfigKeys (ConfUtils.java:logGet(46)) - raft.grpc.admin.port = -1 (default)
2022-07-27 13:48:59,991 [Listener at 0.0.0.0/44489] INFO  grpc.GrpcConfigKeys (ConfUtils.java:logGet(46)) - raft.grpc.server.port = 9872 (custom)
2022-07-27 13:48:59,991 [Listener at 0.0.0.0/44489] INFO  grpc.GrpcConfigKeys (ConfUtils.java:logGet(46)) - raft.grpc.client.port = -1 (default)
2022-07-27 13:48:59,991 [Listener at 0.0.0.0/44489] INFO  grpc.GrpcConfigKeys (ConfUtils.java:logGet(46)) - raft.grpc.server.port = 9872 (custom)
2022-07-27 13:48:59,992 [Listener at 0.0.0.0/44489] INFO  grpc.GrpcConfigKeys (ConfUtils.java:logGet(46)) - raft.grpc.server.port = 9872 (custom)
2022-07-27 13:48:59,992 [Listener at 0.0.0.0/44489] INFO  server.GrpcService (ConfUtils.java:logGet(46)) - raft.grpc.message.size.max = 33554432 (custom)
2022-07-27 13:48:59,993 [Listener at 0.0.0.0/44489] INFO  server.RaftServerConfigKeys (ConfUtils.java:logGet(46)) - raft.server.log.appender.buffer.byte-limit = 33554432 (custom)
2022-07-27 13:48:59,994 [Listener at 0.0.0.0/44489] INFO  server.GrpcService (ConfUtils.java:logGet(46)) - raft.grpc.flow.control.window = 1MB (=1048576) (default)
2022-07-27 13:48:59,994 [Listener at 0.0.0.0/44489] INFO  server.RaftServerConfigKeys (ConfUtils.java:logGet(46)) - raft.server.rpc.request.timeout = 3000ms (default)
2022-07-27 13:49:00,012 [Listener at 0.0.0.0/44489] INFO  grpc.GrpcConfigKeys (ConfUtils.java:logGet(46)) - raft.grpc.server.async.request.thread.pool.cached = true (default)
2022-07-27 13:49:00,013 [Listener at 0.0.0.0/44489] INFO  grpc.GrpcConfigKeys (ConfUtils.java:logGet(46)) - raft.grpc.server.async.request.thread.pool.size = 32 (default)
2022-07-27 13:49:00,318 [Listener at 0.0.0.0/44489] INFO  impl.DataStreamServerImpl (ConfUtils.java:logGet(46)) - raft.datastream.type = DISABLED (default)
2022-07-27 13:49:00,321 [Listener at 0.0.0.0/44489] INFO  server.RaftServerConfigKeys (ConfUtils.java:logGet(46)) - raft.server.threadpool.proxy.cached = true (default)
2022-07-27 13:49:00,322 [Listener at 0.0.0.0/44489] INFO  server.RaftServerConfigKeys (ConfUtils.java:logGet(46)) - raft.server.threadpool.proxy.size = 0 (default)
2022-07-27 13:49:00,322 [Listener at 0.0.0.0/44489] INFO  server.RaftServerConfigKeys (ConfUtils.java:logGet(46)) - raft.server.rpc.slowness.timeout = 120s (custom)
2022-07-27 13:49:00,322 [Listener at 0.0.0.0/44489] INFO  server.RaftServerConfigKeys (ConfUtils.java:logGet(46)) - raft.server.leaderelection.leader.step-down.wait-time = 10s (default)
2022-07-27 13:49:00,325 [Listener at 0.0.0.0/44489] INFO  server.RaftServerConfigKeys (ConfUtils.java:logGet(46)) - raft.server.storage.dir = [/home/runner/work/ozone/ozone/hadoop-ozone/integration-test/target/test-dir/MiniOzoneClusterImpl-cbeacfe2-84b1-4648-87cc-d28f9e4744b3/ozone-meta/ratis] (custom)
2022-07-27 13:49:00,335 [Listener at 0.0.0.0/44489] INFO  server.RaftServer (RaftServerProxy.java:addNew(96)) - om1: addNew group-C5BA1605619E:[om1|rpc:localhost:9872|priority:0] returns group-C5BA1605619E:java.util.concurrent.CompletableFuture@905e189[Not completed]
2022-07-27 13:49:00,336 [Listener at 0.0.0.0/44489] INFO  om.OzoneManager (OzoneManager.java:initializeRatisServer(1962)) - OzoneManager Ratis server initialized at port 9872
2022-07-27 13:49:00,344 [Listener at 0.0.0.0/44489] INFO  om.OzoneManager (OzoneManager.java:getRpcServer(1085)) - Creating RPC Server
2022-07-27 13:49:00,382 [pool-55-thread-1] INFO  server.RaftServer$Division (RaftServerImpl.java:<init>(190)) - om1: new RaftServerImpl for group-C5BA1605619E:[om1|rpc:localhost:9872|priority:0] with OzoneManagerStateMachine:uninitialized
2022-07-27 13:49:00,384 [pool-55-thread-1] INFO  server.RaftServerConfigKeys (ConfUtils.java:logGet(46)) - raft.server.rpc.timeout.min = 1s (custom)
2022-07-27 13:49:00,384 [pool-55-thread-1] INFO  server.RaftServerConfigKeys (ConfUtils.java:logGet(46)) - raft.server.rpc.timeout.max = 1200ms (custom)
2022-07-27 13:49:00,384 [pool-55-thread-1] INFO  server.RaftServerConfigKeys (ConfUtils.java:logGet(46)) - raft.server.rpc.sleep.time = 25ms (default)
2022-07-27 13:49:00,385 [pool-55-thread-1] INFO  server.RaftServerConfigKeys (ConfUtils.java:logGet(46)) - raft.server.rpc.slowness.timeout = 120s (custom)
2022-07-27 13:49:00,385 [pool-55-thread-1] INFO  server.RaftServerConfigKeys (ConfUtils.java:logGet(46)) - raft.server.leaderelection.leader.step-down.wait-time = 10s (default)
2022-07-27 13:49:00,385 [pool-55-thread-1] INFO  server.RaftServerConfigKeys (ConfUtils.java:logGet(46)) - raft.server.sleep.deviation.threshold = 300ms (default)
2022-07-27 13:49:00,400 [pool-55-thread-1] INFO  server.RaftServer$Division (ServerState.java:<init>(107)) - om1@group-C5BA1605619E: ConfigurationManager, init=-1: [om1|rpc:localhost:9872|priority:0], old=null, confs=<EMPTY_MAP>
2022-07-27 13:49:00,401 [pool-55-thread-1] INFO  server.RaftServerConfigKeys (ConfUtils.java:logGet(46)) - raft.server.storage.dir = [/home/runner/work/ozone/ozone/hadoop-ozone/integration-test/target/test-dir/MiniOzoneClusterImpl-cbeacfe2-84b1-4648-87cc-d28f9e4744b3/ozone-meta/ratis] (custom)
2022-07-27 13:49:00,405 [pool-55-thread-1] INFO  server.RaftServerConfigKeys (ConfUtils.java:logGet(46)) - raft.server.log.corruption.policy = EXCEPTION (default)
2022-07-27 13:49:00,405 [pool-55-thread-1] INFO  server.RaftServerConfigKeys (ConfUtils.java:logGet(46)) - raft.server.storage.free-space.min = 0MB (=0) (default)
2022-07-27 13:49:00,407 [pool-55-thread-1] INFO  storage.RaftStorageDirectory (RaftStorageDirectoryImpl.java:analyzeStorage(135)) - The storage directory /home/runner/work/ozone/ozone/hadoop-ozone/integration-test/target/test-dir/MiniOzoneClusterImpl-cbeacfe2-84b1-4648-87cc-d28f9e4744b3/ozone-meta/ratis/bf265839-605b-3f16-9796-c5ba1605619e does not exist. Creating ...
2022-07-27 13:49:00,422 [pool-55-thread-1] INFO  storage.RaftStorageDirectory (RaftStorageDirectoryImpl.java:tryLock(230)) - Lock on /home/runner/work/ozone/ozone/hadoop-ozone/integration-test/target/test-dir/MiniOzoneClusterImpl-cbeacfe2-84b1-4648-87cc-d28f9e4744b3/ozone-meta/ratis/bf265839-605b-3f16-9796-c5ba1605619e/in_use.lock acquired by nodename 11093@fv-az217-261
2022-07-27 13:49:00,428 [pool-55-thread-1] INFO  storage.RaftStorage (RaftStorageImpl.java:format(89)) - Storage directory /home/runner/work/ozone/ozone/hadoop-ozone/integration-test/target/test-dir/MiniOzoneClusterImpl-cbeacfe2-84b1-4648-87cc-d28f9e4744b3/ozone-meta/ratis/bf265839-605b-3f16-9796-c5ba1605619e has been successfully formatted.
2022-07-27 13:49:00,431 [pool-55-thread-1] INFO  server.RaftServerConfigKeys (ConfUtils.java:logGet(46)) - raft.server.notification.no-leader.timeout = 120s (custom)
2022-07-27 13:49:00,433 [pool-55-thread-1] INFO  server.RaftServerConfigKeys (ConfUtils.java:logGet(46)) - raft.server.log.use.memory = false (default)
2022-07-27 13:49:00,479 [pool-55-thread-1] INFO  server.RaftServerConfigKeys (ConfUtils.java:logGet(46)) - raft.server.log.purge.gap = 1000000 (custom)
2022-07-27 13:49:00,479 [pool-55-thread-1] INFO  server.RaftServerConfigKeys (ConfUtils.java:logGet(46)) - raft.server.log.appender.buffer.byte-limit = 33554432 (custom)
2022-07-27 13:49:00,482 [pool-55-thread-1] INFO  server.RaftServerConfigKeys (ConfUtils.java:logGet(46)) - raft.server.log.statemachine.data.read.timeout = 1000ms (default)
2022-07-27 13:49:00,517 [pool-55-thread-1] INFO  server.RaftServerConfigKeys (ConfUtils.java:logGet(46)) - raft.server.log.segment.size.max = 4194304 (custom)
2022-07-27 13:49:00,577 [pool-55-thread-1] INFO  server.RaftServerConfigKeys (ConfUtils.java:logGet(46)) - raft.server.log.segment.cache.num.max = 2 (custom)
2022-07-27 13:49:00,578 [pool-55-thread-1] INFO  server.RaftServerConfigKeys (ConfUtils.java:logGet(46)) - raft.server.log.segment.cache.size.max = 200MB (=209715200) (default)
2022-07-27 13:49:00,589 [pool-55-thread-1] INFO  segmented.SegmentedRaftLogWorker (SegmentedRaftLogWorker.java:<init>(187)) - new om1@group-C5BA1605619E-SegmentedRaftLogWorker for RaftStorageImpl:Storage Directory /home/runner/work/ozone/ozone/hadoop-ozone/integration-test/target/test-dir/MiniOzoneClusterImpl-cbeacfe2-84b1-4648-87cc-d28f9e4744b3/ozone-meta/ratis/bf265839-605b-3f16-9796-c5ba1605619e
2022-07-27 13:49:00,590 [pool-55-thread-1] INFO  server.RaftServerConfigKeys (ConfUtils.java:logGet(46)) - raft.server.log.queue.byte-limit = 64MB (=67108864) (default)
2022-07-27 13:49:00,590 [pool-55-thread-1] INFO  server.RaftServerConfigKeys (ConfUtils.java:logGet(46)) - raft.server.log.queue.element-limit = 4096 (default)
2022-07-27 13:49:00,591 [pool-55-thread-1] INFO  server.RaftServerConfigKeys (ConfUtils.java:logGet(46)) - raft.server.log.segment.size.max = 4194304 (custom)
2022-07-27 13:49:00,591 [pool-55-thread-1] INFO  server.RaftServerConfigKeys (ConfUtils.java:logGet(46)) - raft.server.log.preallocated.size = 4194304 (custom)
2022-07-27 13:49:00,592 [pool-55-thread-1] INFO  server.RaftServerConfigKeys (ConfUtils.java:logGet(46)) - raft.server.log.force.sync.num = 128 (default)
2022-07-27 13:49:00,593 [pool-55-thread-1] INFO  server.RaftServerConfigKeys (ConfUtils.java:logGet(46)) - raft.server.log.statemachine.data.sync = true (default)
2022-07-27 13:49:00,593 [pool-55-thread-1] INFO  server.RaftServerConfigKeys (ConfUtils.java:logGet(46)) - raft.server.log.statemachine.data.sync.timeout = 10s (default)
2022-07-27 13:49:00,593 [pool-55-thread-1] INFO  server.RaftServerConfigKeys (ConfUtils.java:logGet(46)) - raft.server.log.statemachine.data.sync.timeout.retry = -1 (default)
2022-07-27 13:49:00,601 [pool-55-thread-1] INFO  server.RaftServerConfigKeys (ConfUtils.java:logGet(46)) - raft.server.log.write.buffer.size = 64KB (=65536) (default)
2022-07-27 13:49:00,602 [pool-55-thread-1] INFO  server.RaftServerConfigKeys (ConfUtils.java:logGet(46)) - raft.server.log.unsafe-flush.enabled = false (default)
2022-07-27 13:49:00,602 [pool-55-thread-1] INFO  server.RaftServerConfigKeys (ConfUtils.java:logGet(46)) - raft.server.log.statemachine.data.caching.enabled = false (default)
2022-07-27 13:49:00,621 [pool-55-thread-1] INFO  segmented.SegmentedRaftLogWorker (SegmentedRaftLogWorker.java:lambda$new$0(135)) - om1@group-C5BA1605619E-SegmentedRaftLogWorker: flushIndex: setUnconditionally 0 -> -1
2022-07-27 13:49:00,621 [pool-55-thread-1] INFO  segmented.SegmentedRaftLogWorker (SegmentedRaftLogWorker.java:lambda$new$0(135)) - om1@group-C5BA1605619E-SegmentedRaftLogWorker: safeCacheEvictIndex: setUnconditionally 0 -> -1
2022-07-27 13:49:00,633 [pool-55-thread-1] INFO  server.RaftServerConfigKeys (ConfUtils.java:logGet(46)) - raft.server.snapshot.auto.trigger.enabled = true (custom)
2022-07-27 13:49:00,639 [pool-55-thread-1] INFO  server.RaftServerConfigKeys (ConfUtils.java:logGet(46)) - raft.server.snapshot.auto.trigger.threshold = 400000 (default)
2022-07-27 13:49:00,639 [pool-55-thread-1] INFO  server.RaftServerConfigKeys (ConfUtils.java:logGet(46)) - raft.server.snapshot.retention.file.num = -1 (default)
2022-07-27 13:49:00,640 [pool-55-thread-1] INFO  server.RaftServerConfigKeys (ConfUtils.java:logGet(46)) - raft.server.log.purge.upto.snapshot.index = true (custom)
2022-07-27 13:49:00,642 [pool-55-thread-1] INFO  server.RaftServerConfigKeys (ConfUtils.java:logGet(46)) - raft.server.retrycache.expirytime = 300s (custom)
2022-07-27 13:49:00,642 [pool-55-thread-1] INFO  server.RaftServerConfigKeys (ConfUtils.java:logGet(46)) - raft.server.retrycache.statistics.expirytime = 100μs (default)
2022-07-27 13:49:00,750 [pool-55-thread-1] INFO  server.RaftServerConfigKeys (ConfUtils.java:logGet(46)) - raft.server.log.appender.install.snapshot.enabled = false (custom)
2022-07-27 13:49:00,750 [pool-55-thread-1] INFO  server.RaftServerConfigKeys (ConfUtils.java:logGet(46)) - raft.server.threadpool.server.cached = true (default)
2022-07-27 13:49:00,750 [pool-55-thread-1] INFO  server.RaftServerConfigKeys (ConfUtils.java:logGet(46)) - raft.server.threadpool.server.size = 0 (default)
2022-07-27 13:49:00,759 [pool-55-thread-1] INFO  server.RaftServerConfigKeys (ConfUtils.java:logGet(46)) - raft.server.threadpool.client.cached = true (default)
2022-07-27 13:49:00,759 [pool-55-thread-1] INFO  server.RaftServerConfigKeys (ConfUtils.java:logGet(46)) - raft.server.threadpool.client.size = 0 (default)
2022-07-27 13:49:01,063 [Listener at 0.0.0.0/44489] INFO  reflections.Reflections (Reflections.java:scan(232)) - Reflections took 650 ms to scan 19 urls, producing 67 keys and 4137 values [using 2 cores]
2022-07-27 13:49:01,218 [Listener at 0.0.0.0/44489] INFO  ipc.CallQueueManager (CallQueueManager.java:<init>(90)) - Using callQueue: class java.util.concurrent.LinkedBlockingQueue, queueCapacity: 2000, scheduler: class org.apache.hadoop.ipc.DefaultRpcScheduler, ipcBackoff: false.
2022-07-27 13:49:01,218 [Socket Reader #1 for port 0] INFO  ipc.Server (Server.java:run(1265)) - Starting Socket Reader #1 for port 0
2022-07-27 13:49:01,257 [Listener at 127.0.0.1/44975] INFO  impl.MetricsSystemImpl (MetricsSystemImpl.java:init(158)) - OzoneManager metrics system started (again)
2022-07-27 13:49:01,272 [Listener at 127.0.0.1/44975] INFO  om.OzoneManager (OzoneManager.java:start(1469)) - OzoneManager RPC server is listening at localhost/127.0.0.1:44975
2022-07-27 13:49:01,272 [Listener at 127.0.0.1/44975] INFO  ratis.OzoneManagerRatisServer (OzoneManagerRatisServer.java:start(554)) - Starting OzoneManagerRatisServer om1 at port 9872
2022-07-27 13:49:01,275 [om1-impl-thread1] INFO  server.RaftServer$Division (RaftServerImpl.java:start(310)) - om1@group-C5BA1605619E: start as a follower, conf=-1: [om1|rpc:localhost:9872|priority:0], old=null
2022-07-27 13:49:01,275 [om1-impl-thread1] INFO  server.RaftServer$Division (RaftServerImpl.java:setRole(299)) - om1@group-C5BA1605619E: changes role from      null to FOLLOWER at term 0 for startAsFollower
2022-07-27 13:49:01,277 [om1-impl-thread1] INFO  impl.RoleInfo (RoleInfo.java:updateAndGet(139)) - om1: start om1@group-C5BA1605619E-FollowerState
2022-07-27 13:49:01,278 [om1-impl-thread1] INFO  util.JmxRegister (JmxRegister.java:tryRegister(44)) - Successfully registered JMX Bean with object name Ratis:service=RaftServer,group=group-C5BA1605619E,id=om1
2022-07-27 13:49:01,285 [Listener at 127.0.0.1/44975] INFO  server.RaftServer (RaftServerProxy.java:lambda$start$6(382)) - om1: start RPC server
2022-07-27 13:49:01,472 [Listener at 127.0.0.1/44975] INFO  server.GrpcService (GrpcService.java:startImpl(260)) - om1: GrpcService started, listening on 9872
2022-07-27 13:49:01,474 [Listener at 127.0.0.1/44975] INFO  om.OzoneManager (OzoneManager.java:start(1485)) - Version File has different layout version (3) than OM DB (null). That is expected if this OM has never been finalized to a newer layout version.
2022-07-27 13:49:01,476 [org.apache.ratis.util.JvmPauseMonitor$$Lambda$615/1136232276@7d8b1735] INFO  util.JvmPauseMonitor (JvmPauseMonitor.java:run(103)) - JvmPauseMonitor-om1: Started
2022-07-27 13:49:01,493 [Listener at 127.0.0.1/44975] INFO  http.BaseHttpServer (BaseHttpServer.java:newHttpServer2BuilderForOzone(209)) - Starting Web-server for ozoneManager at: http://0.0.0.0:0
2022-07-27 13:49:01,494 [Listener at 127.0.0.1/44975] INFO  http.BaseHttpServer (BaseHttpServer.java:<init>(107)) - Hadoop Security Enabled: false Ozone Security Enabled: false Ozone HTTP Security Enabled: false 
2022-07-27 13:49:01,495 [Listener at 127.0.0.1/44975] INFO  server.AuthenticationFilter (AuthenticationFilter.java:constructSecretProvider(240)) - Unable to initialize FileSignerSecretProvider, falling back to use random secrets.
2022-07-27 13:49:01,499 [Listener at 127.0.0.1/44975] WARN  http.HttpRequestLog (HttpRequestLog.java:getRequestLog(103)) - Jetty request log can only be enabled using Log4j
2022-07-27 13:49:01,501 [Listener at 127.0.0.1/44975] INFO  http.HttpServer2 (HttpServer2.java:addGlobalFilter(1029)) - Added global filter 'safety' (class=org.apache.hadoop.hdds.server.http.HttpServer2$QuotingInputFilter)
2022-07-27 13:49:01,501 [Listener at 127.0.0.1/44975] INFO  http.HttpServer2 (HttpServer2.java:addFilter(1005)) - Added filter static_user_filter (class=org.apache.hadoop.http.lib.StaticUserWebFilter$StaticUserFilter) to context ozoneManager
2022-07-27 13:49:01,502 [Listener at 127.0.0.1/44975] INFO  http.HttpServer2 (HttpServer2.java:addFilter(1013)) - Added filter static_user_filter (class=org.apache.hadoop.http.lib.StaticUserWebFilter$StaticUserFilter) to context logs
2022-07-27 13:49:01,502 [Listener at 127.0.0.1/44975] INFO  http.HttpServer2 (HttpServer2.java:addFilter(1013)) - Added filter static_user_filter (class=org.apache.hadoop.http.lib.StaticUserWebFilter$StaticUserFilter) to context static
2022-07-27 13:49:01,504 [Listener at 127.0.0.1/44975] INFO  http.HttpServer2 (HttpServer2.java:bindListener(1248)) - Jetty bound to port 37523
2022-07-27 13:49:01,504 [Listener at 127.0.0.1/44975] INFO  server.Server (Server.java:doStart(375)) - jetty-9.4.43.v20210629; built: 2021-06-30T11:07:22.254Z; git: 526006ecfa3af7f1a27ef3a288e2bef7ea9dd7e8; jvm 1.8.0_332-b09
2022-07-27 13:49:01,506 [Listener at 127.0.0.1/44975] INFO  server.session (DefaultSessionIdManager.java:doStart(334)) - DefaultSessionIdManager workerName=node0
2022-07-27 13:49:01,506 [Listener at 127.0.0.1/44975] INFO  server.session (DefaultSessionIdManager.java:doStart(339)) - No SessionScavenger set, using defaults
2022-07-27 13:49:01,506 [Listener at 127.0.0.1/44975] INFO  server.session (HouseKeeper.java:startScavenging(132)) - node0 Scavenging every 660000ms
2022-07-27 13:49:01,511 [Listener at 127.0.0.1/44975] INFO  handler.ContextHandler (ContextHandler.java:doStart(915)) - Started o.e.j.s.ServletContextHandler@3fe4d9d4{logs,/logs,file:///home/runner/work/ozone/ozone/hadoop-ozone/integration-test/target/log,AVAILABLE}
2022-07-27 13:49:01,512 [Listener at 127.0.0.1/44975] INFO  handler.ContextHandler (ContextHandler.java:doStart(915)) - Started o.e.j.s.ServletContextHandler@5c18c936{static,/static,file:///home/runner/work/ozone/ozone/hadoop-ozone/integration-test/target/test-classes/webapps/static,AVAILABLE}
2022-07-27 13:49:01,515 [Listener at 127.0.0.1/44975] INFO  handler.ContextHandler (ContextHandler.java:doStart(915)) - Started o.e.j.w.WebAppContext@6c6664c4{ozoneManager,/,file:///home/runner/work/ozone/ozone/hadoop-ozone/integration-test/target/test-classes/webapps/ozoneManager/,AVAILABLE}{file:/home/runner/work/ozone/ozone/hadoop-ozone/integration-test/target/test-classes/webapps/ozoneManager}
2022-07-27 13:49:01,517 [Listener at 127.0.0.1/44975] INFO  server.AbstractConnector (AbstractConnector.java:doStart(331)) - Started ServerConnector@5286aa41{HTTP/1.1, (http/1.1)}{0.0.0.0:37523}
2022-07-27 13:49:01,517 [Listener at 127.0.0.1/44975] INFO  server.Server (Server.java:doStart(415)) - Started @7080ms
2022-07-27 13:49:01,517 [Listener at 127.0.0.1/44975] WARN  impl.MetricsSystemImpl (MetricsSystemImpl.java:register(279)) - Sink prometheus already exists!
2022-07-27 13:49:01,518 [Listener at 127.0.0.1/44975] INFO  http.BaseHttpServer (BaseHttpServer.java:updateConnectorAddress(329)) - HTTP server of ozoneManager listening at http://0.0.0.0:37523
2022-07-27 13:49:01,519 [IPC Server Responder] INFO  ipc.Server (Server.java:run(1507)) - IPC Server Responder: starting
2022-07-27 13:49:01,519 [IPC Server listener on 0] INFO  ipc.Server (Server.java:run(1344)) - IPC Server listener on 0: starting
2022-07-27 13:49:01,563 [Listener at 127.0.0.1/44975] INFO  om.TrashPolicyOzone (TrashPolicyOzone.java:<init>(178)) - Ozone Manager trash configuration: Deletion interval = 0 minutes, Emptier interval = 0 minutes.
2022-07-27 13:49:01,575 [org.apache.hadoop.util.JvmPauseMonitor$Monitor@61022ddb] INFO  util.JvmPauseMonitor (JvmPauseMonitor.java:run(188)) - Starting JVM pause monitor
2022-07-27 13:49:01,749 [Listener at 127.0.0.1/44975] WARN  impl.MetricRegistriesImpl (MetricRegistriesImpl.java:addReporterRegistration(111)) - New reporters are added after registries were created. Some metrics will be missing from the reporter. Please add reporter before adding any new registry.
2022-07-27 13:49:01,749 [Listener at 127.0.0.1/44975] WARN  impl.MetricRegistriesImpl (MetricRegistriesImpl.java:addReporterRegistration(111)) - New reporters are added after registries were created. Some metrics will be missing from the reporter. Please add reporter before adding any new registry.
2022-07-27 13:49:01,749 [Listener at 127.0.0.1/44975] INFO  impl.MetricsSystemImpl (MetricsSystemImpl.java:init(158)) - HddsDatanode metrics system started (again)
2022-07-27 13:49:01,768 [Listener at 127.0.0.1/44975] INFO  ozone.HddsDatanodeService (HddsDatanodeService.java:start(236)) - HddsDatanodeService host:fv-az217-261.5fhmivlnczbevhjmk01nzrxweh.bx.internal.cloudapp.net ip:10.1.0.21
2022-07-27 13:49:01,801 [Listener at 127.0.0.1/44975] INFO  upgrade.AbstractLayoutVersionManager (AbstractLayoutVersionManager.java:init(83)) - Initializing Layout version manager with metadata layout = DATANODE_SCHEMA_V3 (version = 4), software layout = DATANODE_SCHEMA_V3 (version = 4)
2022-07-27 13:49:01,848 [Listener at 127.0.0.1/44975] INFO  reflections.Reflections (Reflections.java:scan(232)) - Reflections took 45 ms to scan 7 urls, producing 132 keys and 321 values 
2022-07-27 13:49:01,854 [Listener at 127.0.0.1/44975] INFO  statemachine.DatanodeStateMachine (DatanodeStateMachine.java:getEndPointTaskThreadPoolSize(237)) - Datanode State Machine Task Thread Pool size 2
2022-07-27 13:49:01,916 [Listener at 127.0.0.1/44975] INFO  volume.HddsVolume (HddsVolume.java:<init>(116)) - Creating HddsVolume: /home/runner/work/ozone/ozone/hadoop-ozone/integration-test/target/test-dir/MiniOzoneClusterImpl-cbeacfe2-84b1-4648-87cc-d28f9e4744b3/datanode-0/data-0/containers/hdds of storage type : DISK capacity : 9223372036854775807
2022-07-27 13:49:01,918 [Listener at 127.0.0.1/44975] INFO  volume.MutableVolumeSet (MutableVolumeSet.java:initializeVolumeSet(174)) - Added Volume : /home/runner/work/ozone/ozone/hadoop-ozone/integration-test/target/test-dir/MiniOzoneClusterImpl-cbeacfe2-84b1-4648-87cc-d28f9e4744b3/datanode-0/data-0/containers/hdds to VolumeSet
2022-07-27 13:49:01,919 [Listener at 127.0.0.1/44975] INFO  volume.ThrottledAsyncChecker (ThrottledAsyncChecker.java:schedule(141)) - Scheduling a check for /home/runner/work/ozone/ozone/hadoop-ozone/integration-test/target/test-dir/MiniOzoneClusterImpl-cbeacfe2-84b1-4648-87cc-d28f9e4744b3/datanode-0/data-0/containers/hdds
2022-07-27 13:49:01,939 [Listener at 127.0.0.1/44975] INFO  volume.StorageVolumeChecker (StorageVolumeChecker.java:checkAllVolumes(202)) - Scheduled health check for volume /home/runner/work/ozone/ozone/hadoop-ozone/integration-test/target/test-dir/MiniOzoneClusterImpl-cbeacfe2-84b1-4648-87cc-d28f9e4744b3/datanode-0/data-0/containers/hdds
2022-07-27 13:49:01,955 [Listener at 127.0.0.1/44975] INFO  volume.MutableVolumeSet (MutableVolumeSet.java:initializeVolumeSet(174)) - Added Volume : /home/runner/work/ozone/ozone/hadoop-ozone/integration-test/target/test-dir/MiniOzoneClusterImpl-cbeacfe2-84b1-4648-87cc-d28f9e4744b3/datanode-0/data/ratis to VolumeSet
2022-07-27 13:49:01,956 [Listener at 127.0.0.1/44975] INFO  volume.ThrottledAsyncChecker (ThrottledAsyncChecker.java:schedule(141)) - Scheduling a check for /home/runner/work/ozone/ozone/hadoop-ozone/integration-test/target/test-dir/MiniOzoneClusterImpl-cbeacfe2-84b1-4648-87cc-d28f9e4744b3/datanode-0/data/ratis
2022-07-27 13:49:01,956 [Listener at 127.0.0.1/44975] INFO  volume.StorageVolumeChecker (StorageVolumeChecker.java:checkAllVolumes(202)) - Scheduled health check for volume /home/runner/work/ozone/ozone/hadoop-ozone/integration-test/target/test-dir/MiniOzoneClusterImpl-cbeacfe2-84b1-4648-87cc-d28f9e4744b3/datanode-0/data/ratis
2022-07-27 13:49:01,981 [Thread-136] INFO  ozoneimpl.ContainerReader (ContainerReader.java:readVolume(175)) - Finish verifying containers on volume /home/runner/work/ozone/ozone/hadoop-ozone/integration-test/target/test-dir/MiniOzoneClusterImpl-cbeacfe2-84b1-4648-87cc-d28f9e4744b3/datanode-0/data-0/containers/hdds
2022-07-27 13:49:01,981 [Listener at 127.0.0.1/44975] INFO  ozoneimpl.OzoneContainer (OzoneContainer.java:buildContainerSet(299)) - Build ContainerSet costs 0s
2022-07-27 13:49:02,028 [Listener at 127.0.0.1/44975] INFO  audit.AuditLogger (AuditLogger.java:refreshDebugCmdSet(126)) - Refresh DebugCmdSet for DNAudit to [].
2022-07-27 13:49:02,058 [Listener at 127.0.0.1/44975] INFO  server.RaftServer (ConfUtils.java:logGet(46)) - raft.rpc.type = GRPC (default)
2022-07-27 13:49:02,058 [Listener at 127.0.0.1/44975] INFO  grpc.GrpcFactory (GrpcFactory.java:checkPooledByteBufAllocatorUseCacheForAllThreads(48)) - PERFORMANCE WARNING: useCacheForAllThreads is true that may cause Netty to create a lot garbage objects and, as a result, trigger GC.
	It is recommended to disable useCacheForAllThreads by setting -Dorg.apache.ratis.thirdparty.io.netty.allocator.useCacheForAllThreads=false in command line.
2022-07-27 13:49:02,061 [Listener at 127.0.0.1/44975] INFO  grpc.GrpcConfigKeys (ConfUtils.java:logGet(46)) - raft.grpc.admin.port = 0 (custom)
2022-07-27 13:49:02,061 [Listener at 127.0.0.1/44975] INFO  grpc.GrpcConfigKeys (ConfUtils.java:logGet(46)) - raft.grpc.client.port = 0 (custom)
2022-07-27 13:49:02,061 [Listener at 127.0.0.1/44975] INFO  grpc.GrpcConfigKeys (ConfUtils.java:logGet(46)) - raft.grpc.server.port = 0 (default)
2022-07-27 13:49:02,062 [Listener at 127.0.0.1/44975] INFO  server.GrpcService (ConfUtils.java:logGet(46)) - raft.grpc.message.size.max = 32MB (=33554432) (custom)
2022-07-27 13:49:02,062 [Listener at 127.0.0.1/44975] INFO  server.RaftServerConfigKeys (ConfUtils.java:logGet(46)) - raft.server.log.appender.buffer.byte-limit = 33554432 (custom)
2022-07-27 13:49:02,062 [Listener at 127.0.0.1/44975] INFO  server.GrpcService (ConfUtils.java:logGet(46)) - raft.grpc.flow.control.window = 5MB (=5242880) (custom)
2022-07-27 13:49:02,062 [Listener at 127.0.0.1/44975] INFO  server.RaftServerConfigKeys (ConfUtils.java:logGet(46)) - raft.server.rpc.request.timeout = 60s (custom)
2022-07-27 13:49:02,063 [Listener at 127.0.0.1/44975] INFO  grpc.GrpcConfigKeys (ConfUtils.java:logGet(46)) - raft.grpc.server.async.request.thread.pool.cached = true (default)
2022-07-27 13:49:02,063 [Listener at 127.0.0.1/44975] INFO  grpc.GrpcConfigKeys (ConfUtils.java:logGet(46)) - raft.grpc.server.async.request.thread.pool.size = 32 (default)
2022-07-27 13:49:02,065 [Listener at 127.0.0.1/44975] INFO  impl.DataStreamServerImpl (ConfUtils.java:logGet(46)) - raft.datastream.type = DISABLED (default)
2022-07-27 13:49:02,065 [Listener at 127.0.0.1/44975] INFO  server.RaftServerConfigKeys (ConfUtils.java:logGet(46)) - raft.server.threadpool.proxy.cached = true (default)
2022-07-27 13:49:02,066 [Listener at 127.0.0.1/44975] INFO  server.RaftServerConfigKeys (ConfUtils.java:logGet(46)) - raft.server.threadpool.proxy.size = 0 (default)
2022-07-27 13:49:02,067 [Listener at 127.0.0.1/44975] INFO  server.RaftServerConfigKeys (ConfUtils.java:logGet(46)) - raft.server.rpc.slowness.timeout = 300s (custom)
2022-07-27 13:49:02,067 [Listener at 127.0.0.1/44975] INFO  server.RaftServerConfigKeys (ConfUtils.java:logGet(46)) - raft.server.leaderelection.leader.step-down.wait-time = 10s (default)
2022-07-27 13:49:02,068 [Listener at 127.0.0.1/44975] INFO  server.RaftServerConfigKeys (ConfUtils.java:logGet(46)) - raft.server.storage.dir = [/home/runner/work/ozone/ozone/hadoop-ozone/integration-test/target/test-dir/MiniOzoneClusterImpl-cbeacfe2-84b1-4648-87cc-d28f9e4744b3/datanode-0/data/ratis] (custom)
2022-07-27 13:49:02,088 [Listener at 127.0.0.1/44975] INFO  server.XceiverServerGrpc (XceiverServerGrpc.java:<init>(132)) - GrpcServer channel type EpollServerSocketChannel
2022-07-27 13:49:02,171 [Listener at 127.0.0.1/44975] INFO  http.BaseHttpServer (BaseHttpServer.java:newHttpServer2BuilderForOzone(209)) - Starting Web-server for hddsDatanode at: http://0.0.0.0:0
2022-07-27 13:49:02,171 [Listener at 127.0.0.1/44975] INFO  http.BaseHttpServer (BaseHttpServer.java:<init>(107)) - Hadoop Security Enabled: false Ozone Security Enabled: false Ozone HTTP Security Enabled: false 
2022-07-27 13:49:02,173 [Listener at 127.0.0.1/44975] INFO  server.AuthenticationFilter (AuthenticationFilter.java:constructSecretProvider(240)) - Unable to initialize FileSignerSecretProvider, falling back to use random secrets.
2022-07-27 13:49:02,175 [Listener at 127.0.0.1/44975] WARN  http.HttpRequestLog (HttpRequestLog.java:getRequestLog(103)) - Jetty request log can only be enabled using Log4j
2022-07-27 13:49:02,176 [Listener at 127.0.0.1/44975] INFO  http.HttpServer2 (HttpServer2.java:addGlobalFilter(1029)) - Added global filter 'safety' (class=org.apache.hadoop.hdds.server.http.HttpServer2$QuotingInputFilter)
2022-07-27 13:49:02,177 [Listener at 127.0.0.1/44975] INFO  http.HttpServer2 (HttpServer2.java:addFilter(1005)) - Added filter static_user_filter (class=org.apache.hadoop.http.lib.StaticUserWebFilter$StaticUserFilter) to context hddsDatanode
2022-07-27 13:49:02,177 [Listener at 127.0.0.1/44975] INFO  http.HttpServer2 (HttpServer2.java:addFilter(1013)) - Added filter static_user_filter (class=org.apache.hadoop.http.lib.StaticUserWebFilter$StaticUserFilter) to context static
2022-07-27 13:49:02,178 [Listener at 127.0.0.1/44975] INFO  http.HttpServer2 (HttpServer2.java:addFilter(1013)) - Added filter static_user_filter (class=org.apache.hadoop.http.lib.StaticUserWebFilter$StaticUserFilter) to context logs
2022-07-27 13:49:02,178 [Listener at 127.0.0.1/44975] INFO  http.HttpServer2 (HttpServer2.java:bindListener(1248)) - Jetty bound to port 37057
2022-07-27 13:49:02,178 [Listener at 127.0.0.1/44975] INFO  server.Server (Server.java:doStart(375)) - jetty-9.4.43.v20210629; built: 2021-06-30T11:07:22.254Z; git: 526006ecfa3af7f1a27ef3a288e2bef7ea9dd7e8; jvm 1.8.0_332-b09
2022-07-27 13:49:02,187 [Listener at 127.0.0.1/44975] INFO  server.session (DefaultSessionIdManager.java:doStart(334)) - DefaultSessionIdManager workerName=node0
2022-07-27 13:49:02,187 [Listener at 127.0.0.1/44975] INFO  server.session (DefaultSessionIdManager.java:doStart(339)) - No SessionScavenger set, using defaults
2022-07-27 13:49:02,187 [Listener at 127.0.0.1/44975] INFO  server.session (HouseKeeper.java:startScavenging(132)) - node0 Scavenging every 600000ms
2022-07-27 13:49:02,189 [Listener at 127.0.0.1/44975] INFO  handler.ContextHandler (ContextHandler.java:doStart(915)) - Started o.e.j.s.ServletContextHandler@4b0b4083{logs,/logs,file:///home/runner/work/ozone/ozone/hadoop-ozone/integration-test/target/log,AVAILABLE}
2022-07-27 13:49:02,189 [Listener at 127.0.0.1/44975] INFO  handler.ContextHandler (ContextHandler.java:doStart(915)) - Started o.e.j.s.ServletContextHandler@45e0589{static,/static,jar:file:/home/runner/.m2/repository/org/apache/ozone/hdds-container-service/1.3.0-SNAPSHOT/hdds-container-service-1.3.0-SNAPSHOT.jar!/webapps/static,AVAILABLE}
2022-07-27 13:49:02,351 [om1@group-C5BA1605619E-FollowerState] INFO  impl.FollowerState (FollowerState.java:run(143)) - om1@group-C5BA1605619E-FollowerState: change to CANDIDATE, lastRpcElapsedTime:1074738258ns, electionTimeout:1065ms
2022-07-27 13:49:02,352 [om1@group-C5BA1605619E-FollowerState] INFO  impl.RoleInfo (RoleInfo.java:shutdownFollowerState(110)) - om1: shutdown om1@group-C5BA1605619E-FollowerState
2022-07-27 13:49:02,354 [om1@group-C5BA1605619E-FollowerState] INFO  server.RaftServer$Division (RaftServerImpl.java:setRole(299)) - om1@group-C5BA1605619E: changes role from  FOLLOWER to CANDIDATE at term 0 for changeToCandidate
2022-07-27 13:49:02,357 [om1@group-C5BA1605619E-FollowerState] INFO  server.RaftServerConfigKeys (ConfUtils.java:logGet(46)) - raft.server.leaderelection.pre-vote = false (custom)
2022-07-27 13:49:02,357 [om1@group-C5BA1605619E-FollowerState] INFO  impl.RoleInfo (RoleInfo.java:updateAndGet(139)) - om1: start om1@group-C5BA1605619E-LeaderElection1
2022-07-27 13:49:02,365 [om1@group-C5BA1605619E-LeaderElection1] INFO  impl.LeaderElection (LeaderElection.java:askForVotes(310)) - om1@group-C5BA1605619E-LeaderElection1 ELECTION round 0: submit vote requests at term 1 for -1: [om1|rpc:localhost:9872|priority:0], old=null
2022-07-27 13:49:02,366 [om1@group-C5BA1605619E-LeaderElection1] INFO  impl.LeaderElection (LeaderElection.java:askForVotes(312)) - om1@group-C5BA1605619E-LeaderElection1 ELECTION round 0: result PASSED (term=1)
2022-07-27 13:49:02,366 [om1@group-C5BA1605619E-LeaderElection1] INFO  impl.RoleInfo (RoleInfo.java:shutdownLeaderElection(130)) - om1: shutdown om1@group-C5BA1605619E-LeaderElection1
2022-07-27 13:49:02,366 [om1@group-C5BA1605619E-LeaderElection1] INFO  server.RaftServer$Division (RaftServerImpl.java:setRole(299)) - om1@group-C5BA1605619E: changes role from CANDIDATE to LEADER at term 1 for changeToLeader
2022-07-27 13:49:02,367 [om1@group-C5BA1605619E-LeaderElection1] INFO  server.RaftServer$Division (ServerState.java:setLeader(287)) - om1@group-C5BA1605619E: change Leader from null to om1 at term 1 for becomeLeader, leader elected after 1935ms
2022-07-27 13:49:02,381 [om1@group-C5BA1605619E-LeaderElection1] INFO  server.RaftServerConfigKeys (ConfUtils.java:logGet(46)) - raft.server.staging.catchup.gap = 1000 (default)
2022-07-27 13:49:02,394 [om1@group-C5BA1605619E-LeaderElection1] INFO  server.RaftServerConfigKeys (ConfUtils.java:logGet(46)) - raft.server.write.element-limit = 4096 (default)
2022-07-27 13:49:02,394 [om1@group-C5BA1605619E-LeaderElection1] INFO  server.RaftServerConfigKeys (ConfUtils.java:logGet(46)) - raft.server.write.byte-limit = 64MB (=67108864) (default)
2022-07-27 13:49:02,396 [Listener at 127.0.0.1/44975] INFO  handler.ContextHandler (ContextHandler.java:doStart(915)) - Started o.e.j.w.WebAppContext@1bd6c0de{hddsDatanode,/,file:///tmp/jetty-0_0_0_0-37057-hdds-container-service-1_3_0-SNAPSHOT_jar-_-any-3930228090921210642/webapp/,AVAILABLE}{jar:file:/home/runner/.m2/repository/org/apache/ozone/hdds-container-service/1.3.0-SNAPSHOT/hdds-container-service-1.3.0-SNAPSHOT.jar!/webapps/hddsDatanode}
2022-07-27 13:49:02,398 [Listener at 127.0.0.1/44975] INFO  server.AbstractConnector (AbstractConnector.java:doStart(331)) - Started ServerConnector@4a126898{HTTP/1.1, (http/1.1)}{0.0.0.0:37057}
2022-07-27 13:49:02,398 [Listener at 127.0.0.1/44975] INFO  server.Server (Server.java:doStart(415)) - Started @7961ms
2022-07-27 13:49:02,399 [Listener at 127.0.0.1/44975] WARN  impl.MetricsSystemImpl (MetricsSystemImpl.java:register(279)) - Sink prometheus already exists!
2022-07-27 13:49:02,400 [Listener at 127.0.0.1/44975] INFO  http.BaseHttpServer (BaseHttpServer.java:updateConnectorAddress(329)) - HTTP server of hddsDatanode listening at http://0.0.0.0:37057
2022-07-27 13:49:02,401 [Listener at 127.0.0.1/44975] WARN  impl.MetricRegistriesImpl (MetricRegistriesImpl.java:addReporterRegistration(111)) - New reporters are added after registries were created. Some metrics will be missing from the reporter. Please add reporter before adding any new registry.
2022-07-27 13:49:02,401 [Listener at 127.0.0.1/44975] WARN  impl.MetricRegistriesImpl (MetricRegistriesImpl.java:addReporterRegistration(111)) - New reporters are added after registries were created. Some metrics will be missing from the reporter. Please add reporter before adding any new registry.
2022-07-27 13:49:02,401 [Listener at 127.0.0.1/44975] INFO  impl.MetricsSystemImpl (MetricsSystemImpl.java:init(158)) - HddsDatanode metrics system started (again)
2022-07-27 13:49:02,407 [Datanode State Machine Daemon Thread] INFO  statemachine.DatanodeStateMachine (DatanodeStateMachine.java:lambda$startDaemon$0(492)) - Ozone container server started.
2022-07-27 13:49:02,411 [om1@group-C5BA1605619E-LeaderElection1] INFO  server.RaftServerConfigKeys (ConfUtils.java:logGet(46)) - raft.server.watch.timeout = 10s (default)
2022-07-27 13:49:02,411 [om1@group-C5BA1605619E-LeaderElection1] INFO  server.RaftServerConfigKeys (ConfUtils.java:logGet(46)) - raft.server.watch.timeout.denomination = 1s (default)
2022-07-27 13:49:02,411 [om1@group-C5BA1605619E-LeaderElection1] INFO  server.RaftServerConfigKeys (ConfUtils.java:logGet(46)) - raft.server.watch.element-limit = 65536 (default)
2022-07-27 13:49:02,417 [om1@group-C5BA1605619E-LeaderElection1] INFO  server.RaftServerConfigKeys (ConfUtils.java:logGet(46)) - raft.server.write.element-limit = 4096 (default)
2022-07-27 13:49:02,418 [om1@group-C5BA1605619E-LeaderElection1] INFO  server.RaftServerConfigKeys (ConfUtils.java:logGet(46)) - raft.server.write.follower.gap.ratio.max = -1.0 (default)
2022-07-27 13:49:02,419 [Listener at 127.0.0.1/44975] INFO  ozone.HddsDatanodeService (HddsDatanodeService.java:start(236)) - HddsDatanodeService host:fv-az217-261.5fhmivlnczbevhjmk01nzrxweh.bx.internal.cloudapp.net ip:10.1.0.21
2022-07-27 13:49:02,423 [om1@group-C5BA1605619E-LeaderElection1] INFO  impl.RoleInfo (RoleInfo.java:updateAndGet(139)) - om1: start om1@group-C5BA1605619E-LeaderStateImpl
2022-07-27 13:49:02,461 [org.apache.hadoop.util.JvmPauseMonitor$Monitor@4d7a2fe8] INFO  util.JvmPauseMonitor (JvmPauseMonitor.java:run(188)) - Starting JVM pause monitor
2022-07-27 13:49:02,470 [Listener at 127.0.0.1/44975] INFO  upgrade.AbstractLayoutVersionManager (AbstractLayoutVersionManager.java:init(83)) - Initializing Layout version manager with metadata layout = DATANODE_SCHEMA_V3 (version = 4), software layout = DATANODE_SCHEMA_V3 (version = 4)
2022-07-27 13:49:02,477 [om1@group-C5BA1605619E-LeaderElection1] INFO  segmented.SegmentedRaftLogWorker (SegmentedRaftLogWorker.java:startLogSegment(425)) - om1@group-C5BA1605619E-SegmentedRaftLogWorker: Starting segment from index:0
2022-07-27 13:49:02,571 [Listener at 127.0.0.1/44975] INFO  reflections.Reflections (Reflections.java:scan(232)) - Reflections took 93 ms to scan 7 urls, producing 132 keys and 321 values 
2022-07-27 13:49:02,572 [Listener at 127.0.0.1/44975] INFO  statemachine.DatanodeStateMachine (DatanodeStateMachine.java:getEndPointTaskThreadPoolSize(237)) - Datanode State Machine Task Thread Pool size 2
2022-07-27 13:49:02,596 [Listener at 127.0.0.1/44975] INFO  volume.HddsVolume (HddsVolume.java:<init>(116)) - Creating HddsVolume: /home/runner/work/ozone/ozone/hadoop-ozone/integration-test/target/test-dir/MiniOzoneClusterImpl-cbeacfe2-84b1-4648-87cc-d28f9e4744b3/datanode-1/data-0/containers/hdds of storage type : DISK capacity : 9223372036854775807
2022-07-27 13:49:02,597 [Listener at 127.0.0.1/44975] INFO  volume.MutableVolumeSet (MutableVolumeSet.java:initializeVolumeSet(174)) - Added Volume : /home/runner/work/ozone/ozone/hadoop-ozone/integration-test/target/test-dir/MiniOzoneClusterImpl-cbeacfe2-84b1-4648-87cc-d28f9e4744b3/datanode-1/data-0/containers/hdds to VolumeSet
2022-07-27 13:49:02,597 [Listener at 127.0.0.1/44975] INFO  volume.ThrottledAsyncChecker (ThrottledAsyncChecker.java:schedule(141)) - Scheduling a check for /home/runner/work/ozone/ozone/hadoop-ozone/integration-test/target/test-dir/MiniOzoneClusterImpl-cbeacfe2-84b1-4648-87cc-d28f9e4744b3/datanode-1/data-0/containers/hdds
2022-07-27 13:49:02,635 [Listener at 127.0.0.1/44975] INFO  volume.StorageVolumeChecker (StorageVolumeChecker.java:checkAllVolumes(202)) - Scheduled health check for volume /home/runner/work/ozone/ozone/hadoop-ozone/integration-test/target/test-dir/MiniOzoneClusterImpl-cbeacfe2-84b1-4648-87cc-d28f9e4744b3/datanode-1/data-0/containers/hdds
2022-07-27 13:49:02,656 [om1@group-C5BA1605619E-LeaderElection1] INFO  server.RaftServer$Division (ServerState.java:setRaftConf(393)) - om1@group-C5BA1605619E: set configuration 0: [om1|rpc:localhost:9872|admin:|client:|dataStream:|priority:0], old=null
2022-07-27 13:49:02,662 [Listener at 127.0.0.1/44975] INFO  volume.MutableVolumeSet (MutableVolumeSet.java:initializeVolumeSet(174)) - Added Volume : /home/runner/work/ozone/ozone/hadoop-ozone/integration-test/target/test-dir/MiniOzoneClusterImpl-cbeacfe2-84b1-4648-87cc-d28f9e4744b3/datanode-1/data/ratis to VolumeSet
2022-07-27 13:49:02,662 [Listener at 127.0.0.1/44975] INFO  volume.ThrottledAsyncChecker (ThrottledAsyncChecker.java:schedule(141)) - Scheduling a check for /home/runner/work/ozone/ozone/hadoop-ozone/integration-test/target/test-dir/MiniOzoneClusterImpl-cbeacfe2-84b1-4648-87cc-d28f9e4744b3/datanode-1/data/ratis
2022-07-27 13:49:02,662 [Listener at 127.0.0.1/44975] INFO  volume.StorageVolumeChecker (StorageVolumeChecker.java:checkAllVolumes(202)) - Scheduled health check for volume /home/runner/work/ozone/ozone/hadoop-ozone/integration-test/target/test-dir/MiniOzoneClusterImpl-cbeacfe2-84b1-4648-87cc-d28f9e4744b3/datanode-1/data/ratis
2022-07-27 13:49:02,689 [Datanode State Machine Task Thread - 0] INFO  datanode.InitDatanodeState (InitDatanodeState.java:persistContainerDatanodeDetails(138)) - DatanodeDetails is persisted to /home/runner/work/ozone/ozone/hadoop-ozone/integration-test/target/test-dir/MiniOzoneClusterImpl-cbeacfe2-84b1-4648-87cc-d28f9e4744b3/datanode-0/meta/datanode.id
2022-07-27 13:49:02,703 [Thread-151] INFO  ozoneimpl.ContainerReader (ContainerReader.java:readVolume(175)) - Finish verifying containers on volume /home/runner/work/ozone/ozone/hadoop-ozone/integration-test/target/test-dir/MiniOzoneClusterImpl-cbeacfe2-84b1-4648-87cc-d28f9e4744b3/datanode-1/data-0/containers/hdds
2022-07-27 13:49:02,704 [Listener at 127.0.0.1/44975] INFO  ozoneimpl.OzoneContainer (OzoneContainer.java:buildContainerSet(299)) - Build ContainerSet costs 0s
2022-07-27 13:49:02,705 [om1@group-C5BA1605619E-SegmentedRaftLogWorker] INFO  segmented.SegmentedRaftLogWorker (SegmentedRaftLogWorker.java:execute(629)) - om1@group-C5BA1605619E-SegmentedRaftLogWorker: created new log segment /home/runner/work/ozone/ozone/hadoop-ozone/integration-test/target/test-dir/MiniOzoneClusterImpl-cbeacfe2-84b1-4648-87cc-d28f9e4744b3/ozone-meta/ratis/bf265839-605b-3f16-9796-c5ba1605619e/current/log_inprogress_0
2022-07-27 13:49:02,713 [Listener at 127.0.0.1/44975] INFO  server.RaftServer (ConfUtils.java:logGet(46)) - raft.rpc.type = GRPC (default)
2022-07-27 13:49:02,713 [Listener at 127.0.0.1/44975] INFO  grpc.GrpcFactory (GrpcFactory.java:checkPooledByteBufAllocatorUseCacheForAllThreads(48)) - PERFORMANCE WARNING: useCacheForAllThreads is true that may cause Netty to create a lot garbage objects and, as a result, trigger GC.
	It is recommended to disable useCacheForAllThreads by setting -Dorg.apache.ratis.thirdparty.io.netty.allocator.useCacheForAllThreads=false in command line.
2022-07-27 13:49:02,713 [Listener at 127.0.0.1/44975] INFO  grpc.GrpcConfigKeys (ConfUtils.java:logGet(46)) - raft.grpc.admin.port = 0 (custom)
2022-07-27 13:49:02,713 [Listener at 127.0.0.1/44975] INFO  grpc.GrpcConfigKeys (ConfUtils.java:logGet(46)) - raft.grpc.client.port = 0 (custom)
2022-07-27 13:49:02,714 [Listener at 127.0.0.1/44975] INFO  grpc.GrpcConfigKeys (ConfUtils.java:logGet(46)) - raft.grpc.server.port = 0 (default)
2022-07-27 13:49:02,714 [Listener at 127.0.0.1/44975] INFO  server.GrpcService (ConfUtils.java:logGet(46)) - raft.grpc.message.size.max = 32MB (=33554432) (custom)
2022-07-27 13:49:02,714 [Listener at 127.0.0.1/44975] INFO  server.RaftServerConfigKeys (ConfUtils.java:logGet(46)) - raft.server.log.appender.buffer.byte-limit = 33554432 (custom)
2022-07-27 13:49:02,714 [Listener at 127.0.0.1/44975] INFO  server.GrpcService (ConfUtils.java:logGet(46)) - raft.grpc.flow.control.window = 5MB (=5242880) (custom)
2022-07-27 13:49:02,714 [Listener at 127.0.0.1/44975] INFO  server.RaftServerConfigKeys (ConfUtils.java:logGet(46)) - raft.server.rpc.request.timeout = 60s (custom)
2022-07-27 13:49:02,714 [Listener at 127.0.0.1/44975] INFO  grpc.GrpcConfigKeys (ConfUtils.java:logGet(46)) - raft.grpc.server.async.request.thread.pool.cached = true (default)
2022-07-27 13:49:02,714 [Listener at 127.0.0.1/44975] INFO  grpc.GrpcConfigKeys (ConfUtils.java:logGet(46)) - raft.grpc.server.async.request.thread.pool.size = 32 (default)
2022-07-27 13:49:02,716 [Listener at 127.0.0.1/44975] INFO  impl.DataStreamServerImpl (ConfUtils.java:logGet(46)) - raft.datastream.type = DISABLED (default)
2022-07-27 13:49:02,716 [Listener at 127.0.0.1/44975] INFO  server.RaftServerConfigKeys (ConfUtils.java:logGet(46)) - raft.server.threadpool.proxy.cached = true (default)
2022-07-27 13:49:02,716 [Listener at 127.0.0.1/44975] INFO  server.RaftServerConfigKeys (ConfUtils.java:logGet(46)) - raft.server.threadpool.proxy.size = 0 (default)
2022-07-27 13:49:02,716 [Listener at 127.0.0.1/44975] INFO  server.RaftServerConfigKeys (ConfUtils.java:logGet(46)) - raft.server.rpc.slowness.timeout = 300s (custom)
2022-07-27 13:49:02,716 [Listener at 127.0.0.1/44975] INFO  server.RaftServerConfigKeys (ConfUtils.java:logGet(46)) - raft.server.leaderelection.leader.step-down.wait-time = 10s (default)
2022-07-27 13:49:02,716 [Listener at 127.0.0.1/44975] INFO  server.RaftServerConfigKeys (ConfUtils.java:logGet(46)) - raft.server.storage.dir = [/home/runner/work/ozone/ozone/hadoop-ozone/integration-test/target/test-dir/MiniOzoneClusterImpl-cbeacfe2-84b1-4648-87cc-d28f9e4744b3/datanode-1/data/ratis] (custom)
2022-07-27 13:49:02,723 [Listener at 127.0.0.1/44975] INFO  server.XceiverServerGrpc (XceiverServerGrpc.java:<init>(132)) - GrpcServer channel type EpollServerSocketChannel
2022-07-27 13:49:02,726 [Listener at 127.0.0.1/44975] INFO  http.BaseHttpServer (BaseHttpServer.java:newHttpServer2BuilderForOzone(209)) - Starting Web-server for hddsDatanode at: http://0.0.0.0:0
2022-07-27 13:49:02,726 [Listener at 127.0.0.1/44975] INFO  http.BaseHttpServer (BaseHttpServer.java:<init>(107)) - Hadoop Security Enabled: false Ozone Security Enabled: false Ozone HTTP Security Enabled: false 
2022-07-27 13:49:02,728 [Listener at 127.0.0.1/44975] INFO  server.AuthenticationFilter (AuthenticationFilter.java:constructSecretProvider(240)) - Unable to initialize FileSignerSecretProvider, falling back to use random secrets.
2022-07-27 13:49:02,735 [Listener at 127.0.0.1/44975] WARN  http.HttpRequestLog (HttpRequestLog.java:getRequestLog(103)) - Jetty request log can only be enabled using Log4j
2022-07-27 13:49:02,736 [Listener at 127.0.0.1/44975] INFO  http.HttpServer2 (HttpServer2.java:addGlobalFilter(1029)) - Added global filter 'safety' (class=org.apache.hadoop.hdds.server.http.HttpServer2$QuotingInputFilter)
2022-07-27 13:49:02,737 [Listener at 127.0.0.1/44975] INFO  http.HttpServer2 (HttpServer2.java:addFilter(1005)) - Added filter static_user_filter (class=org.apache.hadoop.http.lib.StaticUserWebFilter$StaticUserFilter) to context hddsDatanode
2022-07-27 13:49:02,738 [Listener at 127.0.0.1/44975] INFO  http.HttpServer2 (HttpServer2.java:addFilter(1013)) - Added filter static_user_filter (class=org.apache.hadoop.http.lib.StaticUserWebFilter$StaticUserFilter) to context logs
2022-07-27 13:49:02,738 [Listener at 127.0.0.1/44975] INFO  http.HttpServer2 (HttpServer2.java:addFilter(1013)) - Added filter static_user_filter (class=org.apache.hadoop.http.lib.StaticUserWebFilter$StaticUserFilter) to context static
2022-07-27 13:49:02,738 [Listener at 127.0.0.1/44975] INFO  http.HttpServer2 (HttpServer2.java:bindListener(1248)) - Jetty bound to port 39729
2022-07-27 13:49:02,738 [Listener at 127.0.0.1/44975] INFO  server.Server (Server.java:doStart(375)) - jetty-9.4.43.v20210629; built: 2021-06-30T11:07:22.254Z; git: 526006ecfa3af7f1a27ef3a288e2bef7ea9dd7e8; jvm 1.8.0_332-b09
2022-07-27 13:49:02,754 [Listener at 127.0.0.1/44975] INFO  server.session (DefaultSessionIdManager.java:doStart(334)) - DefaultSessionIdManager workerName=node0
2022-07-27 13:49:02,754 [Listener at 127.0.0.1/44975] INFO  server.session (DefaultSessionIdManager.java:doStart(339)) - No SessionScavenger set, using defaults
2022-07-27 13:49:02,754 [Listener at 127.0.0.1/44975] INFO  server.session (HouseKeeper.java:startScavenging(132)) - node0 Scavenging every 660000ms
2022-07-27 13:49:02,757 [Listener at 127.0.0.1/44975] INFO  handler.ContextHandler (ContextHandler.java:doStart(915)) - Started o.e.j.s.ServletContextHandler@63822d44{logs,/logs,file:///home/runner/work/ozone/ozone/hadoop-ozone/integration-test/target/log,AVAILABLE}
2022-07-27 13:49:02,758 [Listener at 127.0.0.1/44975] INFO  handler.ContextHandler (ContextHandler.java:doStart(915)) - Started o.e.j.s.ServletContextHandler@7f3f5a67{static,/static,jar:file:/home/runner/.m2/repository/org/apache/ozone/hdds-container-service/1.3.0-SNAPSHOT/hdds-container-service-1.3.0-SNAPSHOT.jar!/webapps/static,AVAILABLE}
2022-07-27 13:49:02,818 [om1@group-C5BA1605619E-StateMachineUpdater] INFO  ratis.OzoneManagerStateMachine (OzoneManagerStateMachine.java:notifyConfigurationChanged(192)) - Received Configuration change notification from Ratis. New Peer list:
[id: "om1"
address: "localhost:9872"
]
2022-07-27 13:49:02,943 [Listener at 127.0.0.1/44975] INFO  handler.ContextHandler (ContextHandler.java:doStart(915)) - Started o.e.j.w.WebAppContext@53106235{hddsDatanode,/,file:///tmp/jetty-0_0_0_0-39729-hdds-container-service-1_3_0-SNAPSHOT_jar-_-any-3288583272910165118/webapp/,AVAILABLE}{jar:file:/home/runner/.m2/repository/org/apache/ozone/hdds-container-service/1.3.0-SNAPSHOT/hdds-container-service-1.3.0-SNAPSHOT.jar!/webapps/hddsDatanode}
2022-07-27 13:49:02,945 [Listener at 127.0.0.1/44975] INFO  server.AbstractConnector (AbstractConnector.java:doStart(331)) - Started ServerConnector@7785e48b{HTTP/1.1, (http/1.1)}{0.0.0.0:39729}
2022-07-27 13:49:02,945 [Listener at 127.0.0.1/44975] INFO  server.Server (Server.java:doStart(415)) - Started @8508ms
2022-07-27 13:49:02,945 [Listener at 127.0.0.1/44975] WARN  impl.MetricsSystemImpl (MetricsSystemImpl.java:register(279)) - Sink prometheus already exists!
2022-07-27 13:49:02,945 [Listener at 127.0.0.1/44975] INFO  http.BaseHttpServer (BaseHttpServer.java:updateConnectorAddress(329)) - HTTP server of hddsDatanode listening at http://0.0.0.0:39729
2022-07-27 13:49:02,952 [Listener at 127.0.0.1/44975] WARN  impl.MetricRegistriesImpl (MetricRegistriesImpl.java:addReporterRegistration(111)) - New reporters are added after registries were created. Some metrics will be missing from the reporter. Please add reporter before adding any new registry.
2022-07-27 13:49:02,952 [Listener at 127.0.0.1/44975] WARN  impl.MetricRegistriesImpl (MetricRegistriesImpl.java:addReporterRegistration(111)) - New reporters are added after registries were created. Some metrics will be missing from the reporter. Please add reporter before adding any new registry.
2022-07-27 13:49:02,952 [Listener at 127.0.0.1/44975] INFO  impl.MetricsSystemImpl (MetricsSystemImpl.java:init(158)) - HddsDatanode metrics system started (again)
2022-07-27 13:49:02,959 [Datanode State Machine Daemon Thread] INFO  statemachine.DatanodeStateMachine (DatanodeStateMachine.java:lambda$startDaemon$0(492)) - Ozone container server started.
2022-07-27 13:49:02,967 [org.apache.hadoop.util.JvmPauseMonitor$Monitor@1d2e96d8] INFO  util.JvmPauseMonitor (JvmPauseMonitor.java:run(188)) - Starting JVM pause monitor
2022-07-27 13:49:02,970 [Listener at 127.0.0.1/44975] INFO  ozone.HddsDatanodeService (HddsDatanodeService.java:start(236)) - HddsDatanodeService host:fv-az217-261.5fhmivlnczbevhjmk01nzrxweh.bx.internal.cloudapp.net ip:10.1.0.21
2022-07-27 13:49:02,979 [Datanode State Machine Task Thread - 0] INFO  datanode.InitDatanodeState (InitDatanodeState.java:persistContainerDatanodeDetails(138)) - DatanodeDetails is persisted to /home/runner/work/ozone/ozone/hadoop-ozone/integration-test/target/test-dir/MiniOzoneClusterImpl-cbeacfe2-84b1-4648-87cc-d28f9e4744b3/datanode-1/meta/datanode.id
2022-07-27 13:49:02,996 [Listener at 127.0.0.1/44975] INFO  upgrade.AbstractLayoutVersionManager (AbstractLayoutVersionManager.java:init(83)) - Initializing Layout version manager with metadata layout = DATANODE_SCHEMA_V3 (version = 4), software layout = DATANODE_SCHEMA_V3 (version = 4)
2022-07-27 13:49:03,044 [Listener at 127.0.0.1/44975] INFO  reflections.Reflections (Reflections.java:scan(232)) - Reflections took 45 ms to scan 7 urls, producing 132 keys and 321 values 
2022-07-27 13:49:03,045 [Listener at 127.0.0.1/44975] INFO  statemachine.DatanodeStateMachine (DatanodeStateMachine.java:getEndPointTaskThreadPoolSize(237)) - Datanode State Machine Task Thread Pool size 2
2022-07-27 13:49:03,048 [Listener at 127.0.0.1/44975] INFO  volume.HddsVolume (HddsVolume.java:<init>(116)) - Creating HddsVolume: /home/runner/work/ozone/ozone/hadoop-ozone/integration-test/target/test-dir/MiniOzoneClusterImpl-cbeacfe2-84b1-4648-87cc-d28f9e4744b3/datanode-2/data-0/containers/hdds of storage type : DISK capacity : 9223372036854775807
2022-07-27 13:49:03,048 [Listener at 127.0.0.1/44975] INFO  volume.MutableVolumeSet (MutableVolumeSet.java:initializeVolumeSet(174)) - Added Volume : /home/runner/work/ozone/ozone/hadoop-ozone/integration-test/target/test-dir/MiniOzoneClusterImpl-cbeacfe2-84b1-4648-87cc-d28f9e4744b3/datanode-2/data-0/containers/hdds to VolumeSet
2022-07-27 13:49:03,048 [Listener at 127.0.0.1/44975] INFO  volume.ThrottledAsyncChecker (ThrottledAsyncChecker.java:schedule(141)) - Scheduling a check for /home/runner/work/ozone/ozone/hadoop-ozone/integration-test/target/test-dir/MiniOzoneClusterImpl-cbeacfe2-84b1-4648-87cc-d28f9e4744b3/datanode-2/data-0/containers/hdds
2022-07-27 13:49:03,055 [Listener at 127.0.0.1/44975] INFO  volume.StorageVolumeChecker (StorageVolumeChecker.java:checkAllVolumes(202)) - Scheduled health check for volume /home/runner/work/ozone/ozone/hadoop-ozone/integration-test/target/test-dir/MiniOzoneClusterImpl-cbeacfe2-84b1-4648-87cc-d28f9e4744b3/datanode-2/data-0/containers/hdds
2022-07-27 13:49:03,066 [Listener at 127.0.0.1/44975] INFO  volume.MutableVolumeSet (MutableVolumeSet.java:initializeVolumeSet(174)) - Added Volume : /home/runner/work/ozone/ozone/hadoop-ozone/integration-test/target/test-dir/MiniOzoneClusterImpl-cbeacfe2-84b1-4648-87cc-d28f9e4744b3/datanode-2/data/ratis to VolumeSet
2022-07-27 13:49:03,066 [Listener at 127.0.0.1/44975] INFO  volume.ThrottledAsyncChecker (ThrottledAsyncChecker.java:schedule(141)) - Scheduling a check for /home/runner/work/ozone/ozone/hadoop-ozone/integration-test/target/test-dir/MiniOzoneClusterImpl-cbeacfe2-84b1-4648-87cc-d28f9e4744b3/datanode-2/data/ratis
2022-07-27 13:49:03,067 [Listener at 127.0.0.1/44975] INFO  volume.StorageVolumeChecker (StorageVolumeChecker.java:checkAllVolumes(202)) - Scheduled health check for volume /home/runner/work/ozone/ozone/hadoop-ozone/integration-test/target/test-dir/MiniOzoneClusterImpl-cbeacfe2-84b1-4648-87cc-d28f9e4744b3/datanode-2/data/ratis
2022-07-27 13:49:03,077 [Thread-164] INFO  ozoneimpl.ContainerReader (ContainerReader.java:readVolume(175)) - Finish verifying containers on volume /home/runner/work/ozone/ozone/hadoop-ozone/integration-test/target/test-dir/MiniOzoneClusterImpl-cbeacfe2-84b1-4648-87cc-d28f9e4744b3/datanode-2/data-0/containers/hdds
2022-07-27 13:49:03,078 [Listener at 127.0.0.1/44975] INFO  ozoneimpl.OzoneContainer (OzoneContainer.java:buildContainerSet(299)) - Build ContainerSet costs 0s
2022-07-27 13:49:03,081 [Listener at 127.0.0.1/44975] INFO  server.RaftServer (ConfUtils.java:logGet(46)) - raft.rpc.type = GRPC (default)
2022-07-27 13:49:03,081 [Listener at 127.0.0.1/44975] INFO  grpc.GrpcFactory (GrpcFactory.java:checkPooledByteBufAllocatorUseCacheForAllThreads(48)) - PERFORMANCE WARNING: useCacheForAllThreads is true that may cause Netty to create a lot garbage objects and, as a result, trigger GC.
	It is recommended to disable useCacheForAllThreads by setting -Dorg.apache.ratis.thirdparty.io.netty.allocator.useCacheForAllThreads=false in command line.
2022-07-27 13:49:03,081 [Listener at 127.0.0.1/44975] INFO  grpc.GrpcConfigKeys (ConfUtils.java:logGet(46)) - raft.grpc.admin.port = 0 (custom)
2022-07-27 13:49:03,081 [Listener at 127.0.0.1/44975] INFO  grpc.GrpcConfigKeys (ConfUtils.java:logGet(46)) - raft.grpc.client.port = 0 (custom)
2022-07-27 13:49:03,081 [Listener at 127.0.0.1/44975] INFO  grpc.GrpcConfigKeys (ConfUtils.java:logGet(46)) - raft.grpc.server.port = 0 (default)
2022-07-27 13:49:03,081 [Listener at 127.0.0.1/44975] INFO  server.GrpcService (ConfUtils.java:logGet(46)) - raft.grpc.message.size.max = 32MB (=33554432) (custom)
2022-07-27 13:49:03,081 [Listener at 127.0.0.1/44975] INFO  server.RaftServerConfigKeys (ConfUtils.java:logGet(46)) - raft.server.log.appender.buffer.byte-limit = 33554432 (custom)
2022-07-27 13:49:03,082 [Listener at 127.0.0.1/44975] INFO  server.GrpcService (ConfUtils.java:logGet(46)) - raft.grpc.flow.control.window = 5MB (=5242880) (custom)
2022-07-27 13:49:03,082 [Listener at 127.0.0.1/44975] INFO  server.RaftServerConfigKeys (ConfUtils.java:logGet(46)) - raft.server.rpc.request.timeout = 60s (custom)
2022-07-27 13:49:03,082 [Listener at 127.0.0.1/44975] INFO  grpc.GrpcConfigKeys (ConfUtils.java:logGet(46)) - raft.grpc.server.async.request.thread.pool.cached = true (default)
2022-07-27 13:49:03,082 [Listener at 127.0.0.1/44975] INFO  grpc.GrpcConfigKeys (ConfUtils.java:logGet(46)) - raft.grpc.server.async.request.thread.pool.size = 32 (default)
2022-07-27 13:49:03,083 [Listener at 127.0.0.1/44975] INFO  impl.DataStreamServerImpl (ConfUtils.java:logGet(46)) - raft.datastream.type = DISABLED (default)
2022-07-27 13:49:03,083 [Listener at 127.0.0.1/44975] INFO  server.RaftServerConfigKeys (ConfUtils.java:logGet(46)) - raft.server.threadpool.proxy.cached = true (default)
2022-07-27 13:49:03,083 [Listener at 127.0.0.1/44975] INFO  server.RaftServerConfigKeys (ConfUtils.java:logGet(46)) - raft.server.threadpool.proxy.size = 0 (default)
2022-07-27 13:49:03,084 [Listener at 127.0.0.1/44975] INFO  server.RaftServerConfigKeys (ConfUtils.java:logGet(46)) - raft.server.rpc.slowness.timeout = 300s (custom)
2022-07-27 13:49:03,084 [Listener at 127.0.0.1/44975] INFO  server.RaftServerConfigKeys (ConfUtils.java:logGet(46)) - raft.server.leaderelection.leader.step-down.wait-time = 10s (default)
2022-07-27 13:49:03,084 [Listener at 127.0.0.1/44975] INFO  server.RaftServerConfigKeys (ConfUtils.java:logGet(46)) - raft.server.storage.dir = [/home/runner/work/ozone/ozone/hadoop-ozone/integration-test/target/test-dir/MiniOzoneClusterImpl-cbeacfe2-84b1-4648-87cc-d28f9e4744b3/datanode-2/data/ratis] (custom)
2022-07-27 13:49:03,091 [Listener at 127.0.0.1/44975] INFO  server.XceiverServerGrpc (XceiverServerGrpc.java:<init>(132)) - GrpcServer channel type EpollServerSocketChannel
2022-07-27 13:49:03,096 [Listener at 127.0.0.1/44975] INFO  http.BaseHttpServer (BaseHttpServer.java:newHttpServer2BuilderForOzone(209)) - Starting Web-server for hddsDatanode at: http://0.0.0.0:0
2022-07-27 13:49:03,096 [Listener at 127.0.0.1/44975] INFO  http.BaseHttpServer (BaseHttpServer.java:<init>(107)) - Hadoop Security Enabled: false Ozone Security Enabled: false Ozone HTTP Security Enabled: false 
2022-07-27 13:49:03,097 [Listener at 127.0.0.1/44975] INFO  server.AuthenticationFilter (AuthenticationFilter.java:constructSecretProvider(240)) - Unable to initialize FileSignerSecretProvider, falling back to use random secrets.
2022-07-27 13:49:03,099 [Listener at 127.0.0.1/44975] WARN  http.HttpRequestLog (HttpRequestLog.java:getRequestLog(103)) - Jetty request log can only be enabled using Log4j
2022-07-27 13:49:03,100 [Listener at 127.0.0.1/44975] INFO  http.HttpServer2 (HttpServer2.java:addGlobalFilter(1029)) - Added global filter 'safety' (class=org.apache.hadoop.hdds.server.http.HttpServer2$QuotingInputFilter)
2022-07-27 13:49:03,101 [Listener at 127.0.0.1/44975] INFO  http.HttpServer2 (HttpServer2.java:addFilter(1005)) - Added filter static_user_filter (class=org.apache.hadoop.http.lib.StaticUserWebFilter$StaticUserFilter) to context hddsDatanode
2022-07-27 13:49:03,101 [Listener at 127.0.0.1/44975] INFO  http.HttpServer2 (HttpServer2.java:addFilter(1013)) - Added filter static_user_filter (class=org.apache.hadoop.http.lib.StaticUserWebFilter$StaticUserFilter) to context logs
2022-07-27 13:49:03,101 [Listener at 127.0.0.1/44975] INFO  http.HttpServer2 (HttpServer2.java:addFilter(1013)) - Added filter static_user_filter (class=org.apache.hadoop.http.lib.StaticUserWebFilter$StaticUserFilter) to context static
2022-07-27 13:49:03,102 [Listener at 127.0.0.1/44975] INFO  http.HttpServer2 (HttpServer2.java:bindListener(1248)) - Jetty bound to port 45417
2022-07-27 13:49:03,102 [Listener at 127.0.0.1/44975] INFO  server.Server (Server.java:doStart(375)) - jetty-9.4.43.v20210629; built: 2021-06-30T11:07:22.254Z; git: 526006ecfa3af7f1a27ef3a288e2bef7ea9dd7e8; jvm 1.8.0_332-b09
2022-07-27 13:49:03,106 [Listener at 127.0.0.1/44975] INFO  server.session (DefaultSessionIdManager.java:doStart(334)) - DefaultSessionIdManager workerName=node0
2022-07-27 13:49:03,106 [Listener at 127.0.0.1/44975] INFO  server.session (DefaultSessionIdManager.java:doStart(339)) - No SessionScavenger set, using defaults
2022-07-27 13:49:03,107 [Listener at 127.0.0.1/44975] INFO  server.session (HouseKeeper.java:startScavenging(132)) - node0 Scavenging every 600000ms
2022-07-27 13:49:03,107 [Listener at 127.0.0.1/44975] INFO  handler.ContextHandler (ContextHandler.java:doStart(915)) - Started o.e.j.s.ServletContextHandler@54dfde5b{logs,/logs,file:///home/runner/work/ozone/ozone/hadoop-ozone/integration-test/target/log,AVAILABLE}
2022-07-27 13:49:03,108 [Listener at 127.0.0.1/44975] INFO  handler.ContextHandler (ContextHandler.java:doStart(915)) - Started o.e.j.s.ServletContextHandler@189ab1be{static,/static,jar:file:/home/runner/.m2/repository/org/apache/ozone/hdds-container-service/1.3.0-SNAPSHOT/hdds-container-service-1.3.0-SNAPSHOT.jar!/webapps/static,AVAILABLE}
2022-07-27 13:49:03,272 [Listener at 127.0.0.1/44975] INFO  handler.ContextHandler (ContextHandler.java:doStart(915)) - Started o.e.j.w.WebAppContext@7f93df12{hddsDatanode,/,file:///tmp/jetty-0_0_0_0-45417-hdds-container-service-1_3_0-SNAPSHOT_jar-_-any-6840370135205855973/webapp/,AVAILABLE}{jar:file:/home/runner/.m2/repository/org/apache/ozone/hdds-container-service/1.3.0-SNAPSHOT/hdds-container-service-1.3.0-SNAPSHOT.jar!/webapps/hddsDatanode}
2022-07-27 13:49:03,273 [Listener at 127.0.0.1/44975] INFO  server.AbstractConnector (AbstractConnector.java:doStart(331)) - Started ServerConnector@5bb556ab{HTTP/1.1, (http/1.1)}{0.0.0.0:45417}
2022-07-27 13:49:03,273 [Listener at 127.0.0.1/44975] INFO  server.Server (Server.java:doStart(415)) - Started @8836ms
2022-07-27 13:49:03,273 [Listener at 127.0.0.1/44975] WARN  impl.MetricsSystemImpl (MetricsSystemImpl.java:register(279)) - Sink prometheus already exists!
2022-07-27 13:49:03,274 [Listener at 127.0.0.1/44975] INFO  http.BaseHttpServer (BaseHttpServer.java:updateConnectorAddress(329)) - HTTP server of hddsDatanode listening at http://0.0.0.0:45417
2022-07-27 13:49:03,279 [Datanode State Machine Daemon Thread] INFO  statemachine.DatanodeStateMachine (DatanodeStateMachine.java:lambda$startDaemon$0(492)) - Ozone container server started.
2022-07-27 13:49:03,279 [Listener at 127.0.0.1/44975] WARN  impl.MetricRegistriesImpl (MetricRegistriesImpl.java:addReporterRegistration(111)) - New reporters are added after registries were created. Some metrics will be missing from the reporter. Please add reporter before adding any new registry.
2022-07-27 13:49:03,280 [Listener at 127.0.0.1/44975] WARN  impl.MetricRegistriesImpl (MetricRegistriesImpl.java:addReporterRegistration(111)) - New reporters are added after registries were created. Some metrics will be missing from the reporter. Please add reporter before adding any new registry.
2022-07-27 13:49:03,280 [Listener at 127.0.0.1/44975] INFO  impl.MetricsSystemImpl (MetricsSystemImpl.java:init(158)) - HddsDatanode metrics system started (again)
2022-07-27 13:49:03,292 [Listener at 127.0.0.1/44975] INFO  ozone.HddsDatanodeService (HddsDatanodeService.java:start(236)) - HddsDatanodeService host:fv-az217-261.5fhmivlnczbevhjmk01nzrxweh.bx.internal.cloudapp.net ip:10.1.0.21
2022-07-27 13:49:03,292 [org.apache.hadoop.util.JvmPauseMonitor$Monitor@7949d1a6] INFO  util.JvmPauseMonitor (JvmPauseMonitor.java:run(188)) - Starting JVM pause monitor
2022-07-27 13:49:03,296 [Datanode State Machine Task Thread - 0] INFO  datanode.InitDatanodeState (InitDatanodeState.java:persistContainerDatanodeDetails(138)) - DatanodeDetails is persisted to /home/runner/work/ozone/ozone/hadoop-ozone/integration-test/target/test-dir/MiniOzoneClusterImpl-cbeacfe2-84b1-4648-87cc-d28f9e4744b3/datanode-2/meta/datanode.id
2022-07-27 13:49:03,314 [Listener at 127.0.0.1/44975] INFO  upgrade.AbstractLayoutVersionManager (AbstractLayoutVersionManager.java:init(83)) - Initializing Layout version manager with metadata layout = DATANODE_SCHEMA_V3 (version = 4), software layout = DATANODE_SCHEMA_V3 (version = 4)
2022-07-27 13:49:03,357 [Listener at 127.0.0.1/44975] INFO  reflections.Reflections (Reflections.java:scan(232)) - Reflections took 41 ms to scan 7 urls, producing 132 keys and 321 values 
2022-07-27 13:49:03,358 [Listener at 127.0.0.1/44975] INFO  statemachine.DatanodeStateMachine (DatanodeStateMachine.java:getEndPointTaskThreadPoolSize(237)) - Datanode State Machine Task Thread Pool size 2
2022-07-27 13:49:03,360 [Listener at 127.0.0.1/44975] INFO  volume.HddsVolume (HddsVolume.java:<init>(116)) - Creating HddsVolume: /home/runner/work/ozone/ozone/hadoop-ozone/integration-test/target/test-dir/MiniOzoneClusterImpl-cbeacfe2-84b1-4648-87cc-d28f9e4744b3/datanode-3/data-0/containers/hdds of storage type : DISK capacity : 9223372036854775807
2022-07-27 13:49:03,360 [Listener at 127.0.0.1/44975] INFO  volume.MutableVolumeSet (MutableVolumeSet.java:initializeVolumeSet(174)) - Added Volume : /home/runner/work/ozone/ozone/hadoop-ozone/integration-test/target/test-dir/MiniOzoneClusterImpl-cbeacfe2-84b1-4648-87cc-d28f9e4744b3/datanode-3/data-0/containers/hdds to VolumeSet
2022-07-27 13:49:03,360 [Listener at 127.0.0.1/44975] INFO  volume.ThrottledAsyncChecker (ThrottledAsyncChecker.java:schedule(141)) - Scheduling a check for /home/runner/work/ozone/ozone/hadoop-ozone/integration-test/target/test-dir/MiniOzoneClusterImpl-cbeacfe2-84b1-4648-87cc-d28f9e4744b3/datanode-3/data-0/containers/hdds
2022-07-27 13:49:03,363 [Listener at 127.0.0.1/44975] INFO  volume.StorageVolumeChecker (StorageVolumeChecker.java:checkAllVolumes(202)) - Scheduled health check for volume /home/runner/work/ozone/ozone/hadoop-ozone/integration-test/target/test-dir/MiniOzoneClusterImpl-cbeacfe2-84b1-4648-87cc-d28f9e4744b3/datanode-3/data-0/containers/hdds
2022-07-27 13:49:03,375 [Listener at 127.0.0.1/44975] INFO  volume.MutableVolumeSet (MutableVolumeSet.java:initializeVolumeSet(174)) - Added Volume : /home/runner/work/ozone/ozone/hadoop-ozone/integration-test/target/test-dir/MiniOzoneClusterImpl-cbeacfe2-84b1-4648-87cc-d28f9e4744b3/datanode-3/data/ratis to VolumeSet
2022-07-27 13:49:03,375 [Listener at 127.0.0.1/44975] INFO  volume.ThrottledAsyncChecker (ThrottledAsyncChecker.java:schedule(141)) - Scheduling a check for /home/runner/work/ozone/ozone/hadoop-ozone/integration-test/target/test-dir/MiniOzoneClusterImpl-cbeacfe2-84b1-4648-87cc-d28f9e4744b3/datanode-3/data/ratis
2022-07-27 13:49:03,376 [Listener at 127.0.0.1/44975] INFO  volume.StorageVolumeChecker (StorageVolumeChecker.java:checkAllVolumes(202)) - Scheduled health check for volume /home/runner/work/ozone/ozone/hadoop-ozone/integration-test/target/test-dir/MiniOzoneClusterImpl-cbeacfe2-84b1-4648-87cc-d28f9e4744b3/datanode-3/data/ratis
2022-07-27 13:49:03,386 [Thread-177] INFO  ozoneimpl.ContainerReader (ContainerReader.java:readVolume(175)) - Finish verifying containers on volume /home/runner/work/ozone/ozone/hadoop-ozone/integration-test/target/test-dir/MiniOzoneClusterImpl-cbeacfe2-84b1-4648-87cc-d28f9e4744b3/datanode-3/data-0/containers/hdds
2022-07-27 13:49:03,386 [Listener at 127.0.0.1/44975] INFO  ozoneimpl.OzoneContainer (OzoneContainer.java:buildContainerSet(299)) - Build ContainerSet costs 0s
2022-07-27 13:49:03,389 [Listener at 127.0.0.1/44975] INFO  server.RaftServer (ConfUtils.java:logGet(46)) - raft.rpc.type = GRPC (default)
2022-07-27 13:49:03,389 [Listener at 127.0.0.1/44975] INFO  grpc.GrpcFactory (GrpcFactory.java:checkPooledByteBufAllocatorUseCacheForAllThreads(48)) - PERFORMANCE WARNING: useCacheForAllThreads is true that may cause Netty to create a lot garbage objects and, as a result, trigger GC.
	It is recommended to disable useCacheForAllThreads by setting -Dorg.apache.ratis.thirdparty.io.netty.allocator.useCacheForAllThreads=false in command line.
2022-07-27 13:49:03,389 [Listener at 127.0.0.1/44975] INFO  grpc.GrpcConfigKeys (ConfUtils.java:logGet(46)) - raft.grpc.admin.port = 0 (custom)
2022-07-27 13:49:03,389 [Listener at 127.0.0.1/44975] INFO  grpc.GrpcConfigKeys (ConfUtils.java:logGet(46)) - raft.grpc.client.port = 0 (custom)
2022-07-27 13:49:03,389 [Listener at 127.0.0.1/44975] INFO  grpc.GrpcConfigKeys (ConfUtils.java:logGet(46)) - raft.grpc.server.port = 0 (default)
2022-07-27 13:49:03,390 [Listener at 127.0.0.1/44975] INFO  server.GrpcService (ConfUtils.java:logGet(46)) - raft.grpc.message.size.max = 32MB (=33554432) (custom)
2022-07-27 13:49:03,390 [Listener at 127.0.0.1/44975] INFO  server.RaftServerConfigKeys (ConfUtils.java:logGet(46)) - raft.server.log.appender.buffer.byte-limit = 33554432 (custom)
2022-07-27 13:49:03,390 [Listener at 127.0.0.1/44975] INFO  server.GrpcService (ConfUtils.java:logGet(46)) - raft.grpc.flow.control.window = 5MB (=5242880) (custom)
2022-07-27 13:49:03,390 [Listener at 127.0.0.1/44975] INFO  server.RaftServerConfigKeys (ConfUtils.java:logGet(46)) - raft.server.rpc.request.timeout = 60s (custom)
2022-07-27 13:49:03,390 [Listener at 127.0.0.1/44975] INFO  grpc.GrpcConfigKeys (ConfUtils.java:logGet(46)) - raft.grpc.server.async.request.thread.pool.cached = true (default)
2022-07-27 13:49:03,390 [Listener at 127.0.0.1/44975] INFO  grpc.GrpcConfigKeys (ConfUtils.java:logGet(46)) - raft.grpc.server.async.request.thread.pool.size = 32 (default)
2022-07-27 13:49:03,391 [Listener at 127.0.0.1/44975] INFO  impl.DataStreamServerImpl (ConfUtils.java:logGet(46)) - raft.datastream.type = DISABLED (default)
2022-07-27 13:49:03,391 [Listener at 127.0.0.1/44975] INFO  server.RaftServerConfigKeys (ConfUtils.java:logGet(46)) - raft.server.threadpool.proxy.cached = true (default)
2022-07-27 13:49:03,392 [Listener at 127.0.0.1/44975] INFO  server.RaftServerConfigKeys (ConfUtils.java:logGet(46)) - raft.server.threadpool.proxy.size = 0 (default)
2022-07-27 13:49:03,392 [Listener at 127.0.0.1/44975] INFO  server.RaftServerConfigKeys (ConfUtils.java:logGet(46)) - raft.server.rpc.slowness.timeout = 300s (custom)
2022-07-27 13:49:03,392 [Listener at 127.0.0.1/44975] INFO  server.RaftServerConfigKeys (ConfUtils.java:logGet(46)) - raft.server.leaderelection.leader.step-down.wait-time = 10s (default)
2022-07-27 13:49:03,392 [Listener at 127.0.0.1/44975] INFO  server.RaftServerConfigKeys (ConfUtils.java:logGet(46)) - raft.server.storage.dir = [/home/runner/work/ozone/ozone/hadoop-ozone/integration-test/target/test-dir/MiniOzoneClusterImpl-cbeacfe2-84b1-4648-87cc-d28f9e4744b3/datanode-3/data/ratis] (custom)
2022-07-27 13:49:03,394 [Listener at 127.0.0.1/44975] INFO  server.XceiverServerGrpc (XceiverServerGrpc.java:<init>(132)) - GrpcServer channel type EpollServerSocketChannel
2022-07-27 13:49:03,400 [Listener at 127.0.0.1/44975] INFO  http.BaseHttpServer (BaseHttpServer.java:newHttpServer2BuilderForOzone(209)) - Starting Web-server for hddsDatanode at: http://0.0.0.0:0
2022-07-27 13:49:03,400 [Listener at 127.0.0.1/44975] INFO  http.BaseHttpServer (BaseHttpServer.java:<init>(107)) - Hadoop Security Enabled: false Ozone Security Enabled: false Ozone HTTP Security Enabled: false 
2022-07-27 13:49:03,401 [Listener at 127.0.0.1/44975] INFO  server.AuthenticationFilter (AuthenticationFilter.java:constructSecretProvider(240)) - Unable to initialize FileSignerSecretProvider, falling back to use random secrets.
2022-07-27 13:49:03,401 [Listener at 127.0.0.1/44975] WARN  http.HttpRequestLog (HttpRequestLog.java:getRequestLog(103)) - Jetty request log can only be enabled using Log4j
2022-07-27 13:49:03,403 [Listener at 127.0.0.1/44975] INFO  http.HttpServer2 (HttpServer2.java:addGlobalFilter(1029)) - Added global filter 'safety' (class=org.apache.hadoop.hdds.server.http.HttpServer2$QuotingInputFilter)
2022-07-27 13:49:03,403 [Listener at 127.0.0.1/44975] INFO  http.HttpServer2 (HttpServer2.java:addFilter(1005)) - Added filter static_user_filter (class=org.apache.hadoop.http.lib.StaticUserWebFilter$StaticUserFilter) to context hddsDatanode
2022-07-27 13:49:03,404 [Listener at 127.0.0.1/44975] INFO  http.HttpServer2 (HttpServer2.java:addFilter(1013)) - Added filter static_user_filter (class=org.apache.hadoop.http.lib.StaticUserWebFilter$StaticUserFilter) to context logs
2022-07-27 13:49:03,404 [Listener at 127.0.0.1/44975] INFO  http.HttpServer2 (HttpServer2.java:addFilter(1013)) - Added filter static_user_filter (class=org.apache.hadoop.http.lib.StaticUserWebFilter$StaticUserFilter) to context static
2022-07-27 13:49:03,404 [Listener at 127.0.0.1/44975] INFO  http.HttpServer2 (HttpServer2.java:bindListener(1248)) - Jetty bound to port 39463
2022-07-27 13:49:03,404 [Listener at 127.0.0.1/44975] INFO  server.Server (Server.java:doStart(375)) - jetty-9.4.43.v20210629; built: 2021-06-30T11:07:22.254Z; git: 526006ecfa3af7f1a27ef3a288e2bef7ea9dd7e8; jvm 1.8.0_332-b09
2022-07-27 13:49:03,406 [Listener at 127.0.0.1/44975] INFO  server.session (DefaultSessionIdManager.java:doStart(334)) - DefaultSessionIdManager workerName=node0
2022-07-27 13:49:03,406 [Listener at 127.0.0.1/44975] INFO  server.session (DefaultSessionIdManager.java:doStart(339)) - No SessionScavenger set, using defaults
2022-07-27 13:49:03,407 [Listener at 127.0.0.1/44975] INFO  server.session (HouseKeeper.java:startScavenging(132)) - node0 Scavenging every 660000ms
2022-07-27 13:49:03,408 [Listener at 127.0.0.1/44975] INFO  handler.ContextHandler (ContextHandler.java:doStart(915)) - Started o.e.j.s.ServletContextHandler@a45802c{logs,/logs,file:///home/runner/work/ozone/ozone/hadoop-ozone/integration-test/target/log,AVAILABLE}
2022-07-27 13:49:03,408 [Listener at 127.0.0.1/44975] INFO  handler.ContextHandler (ContextHandler.java:doStart(915)) - Started o.e.j.s.ServletContextHandler@682f0992{static,/static,jar:file:/home/runner/.m2/repository/org/apache/ozone/hdds-container-service/1.3.0-SNAPSHOT/hdds-container-service-1.3.0-SNAPSHOT.jar!/webapps/static,AVAILABLE}
2022-07-27 13:49:03,572 [Listener at 127.0.0.1/44975] INFO  handler.ContextHandler (ContextHandler.java:doStart(915)) - Started o.e.j.w.WebAppContext@34d5a168{hddsDatanode,/,file:///tmp/jetty-0_0_0_0-39463-hdds-container-service-1_3_0-SNAPSHOT_jar-_-any-3076376220482586587/webapp/,AVAILABLE}{jar:file:/home/runner/.m2/repository/org/apache/ozone/hdds-container-service/1.3.0-SNAPSHOT/hdds-container-service-1.3.0-SNAPSHOT.jar!/webapps/hddsDatanode}
2022-07-27 13:49:03,574 [Listener at 127.0.0.1/44975] INFO  server.AbstractConnector (AbstractConnector.java:doStart(331)) - Started ServerConnector@546d4a2{HTTP/1.1, (http/1.1)}{0.0.0.0:39463}
2022-07-27 13:49:03,574 [Listener at 127.0.0.1/44975] INFO  server.Server (Server.java:doStart(415)) - Started @9137ms
2022-07-27 13:49:03,574 [Listener at 127.0.0.1/44975] WARN  impl.MetricsSystemImpl (MetricsSystemImpl.java:register(279)) - Sink prometheus already exists!
2022-07-27 13:49:03,575 [Listener at 127.0.0.1/44975] INFO  http.BaseHttpServer (BaseHttpServer.java:updateConnectorAddress(329)) - HTTP server of hddsDatanode listening at http://0.0.0.0:39463
2022-07-27 13:49:03,575 [Datanode State Machine Daemon Thread] INFO  statemachine.DatanodeStateMachine (DatanodeStateMachine.java:lambda$startDaemon$0(492)) - Ozone container server started.
2022-07-27 13:49:03,575 [Listener at 127.0.0.1/44975] WARN  impl.MetricRegistriesImpl (MetricRegistriesImpl.java:addReporterRegistration(111)) - New reporters are added after registries were created. Some metrics will be missing from the reporter. Please add reporter before adding any new registry.
2022-07-27 13:49:03,576 [Listener at 127.0.0.1/44975] WARN  impl.MetricRegistriesImpl (MetricRegistriesImpl.java:addReporterRegistration(111)) - New reporters are added after registries were created. Some metrics will be missing from the reporter. Please add reporter before adding any new registry.
2022-07-27 13:49:03,576 [Listener at 127.0.0.1/44975] INFO  impl.MetricsSystemImpl (MetricsSystemImpl.java:init(158)) - HddsDatanode metrics system started (again)
2022-07-27 13:49:03,587 [Listener at 127.0.0.1/44975] INFO  ozone.HddsDatanodeService (HddsDatanodeService.java:start(236)) - HddsDatanodeService host:fv-az217-261.5fhmivlnczbevhjmk01nzrxweh.bx.internal.cloudapp.net ip:10.1.0.21
2022-07-27 13:49:03,588 [org.apache.hadoop.util.JvmPauseMonitor$Monitor@5ba6fc68] INFO  util.JvmPauseMonitor (JvmPauseMonitor.java:run(188)) - Starting JVM pause monitor
2022-07-27 13:49:03,590 [Datanode State Machine Task Thread - 0] INFO  datanode.InitDatanodeState (InitDatanodeState.java:persistContainerDatanodeDetails(138)) - DatanodeDetails is persisted to /home/runner/work/ozone/ozone/hadoop-ozone/integration-test/target/test-dir/MiniOzoneClusterImpl-cbeacfe2-84b1-4648-87cc-d28f9e4744b3/datanode-3/meta/datanode.id
2022-07-27 13:49:03,606 [Listener at 127.0.0.1/44975] INFO  upgrade.AbstractLayoutVersionManager (AbstractLayoutVersionManager.java:init(83)) - Initializing Layout version manager with metadata layout = DATANODE_SCHEMA_V3 (version = 4), software layout = DATANODE_SCHEMA_V3 (version = 4)
2022-07-27 13:49:03,649 [Listener at 127.0.0.1/44975] INFO  reflections.Reflections (Reflections.java:scan(232)) - Reflections took 41 ms to scan 7 urls, producing 132 keys and 321 values 
2022-07-27 13:49:03,651 [Listener at 127.0.0.1/44975] INFO  statemachine.DatanodeStateMachine (DatanodeStateMachine.java:getEndPointTaskThreadPoolSize(237)) - Datanode State Machine Task Thread Pool size 2
2022-07-27 13:49:03,656 [Listener at 127.0.0.1/44975] INFO  volume.HddsVolume (HddsVolume.java:<init>(116)) - Creating HddsVolume: /home/runner/work/ozone/ozone/hadoop-ozone/integration-test/target/test-dir/MiniOzoneClusterImpl-cbeacfe2-84b1-4648-87cc-d28f9e4744b3/datanode-4/data-0/containers/hdds of storage type : DISK capacity : 9223372036854775807
2022-07-27 13:49:03,656 [Listener at 127.0.0.1/44975] INFO  volume.MutableVolumeSet (MutableVolumeSet.java:initializeVolumeSet(174)) - Added Volume : /home/runner/work/ozone/ozone/hadoop-ozone/integration-test/target/test-dir/MiniOzoneClusterImpl-cbeacfe2-84b1-4648-87cc-d28f9e4744b3/datanode-4/data-0/containers/hdds to VolumeSet
2022-07-27 13:49:03,656 [Listener at 127.0.0.1/44975] INFO  volume.ThrottledAsyncChecker (ThrottledAsyncChecker.java:schedule(141)) - Scheduling a check for /home/runner/work/ozone/ozone/hadoop-ozone/integration-test/target/test-dir/MiniOzoneClusterImpl-cbeacfe2-84b1-4648-87cc-d28f9e4744b3/datanode-4/data-0/containers/hdds
2022-07-27 13:49:03,660 [Listener at 127.0.0.1/44975] INFO  volume.StorageVolumeChecker (StorageVolumeChecker.java:checkAllVolumes(202)) - Scheduled health check for volume /home/runner/work/ozone/ozone/hadoop-ozone/integration-test/target/test-dir/MiniOzoneClusterImpl-cbeacfe2-84b1-4648-87cc-d28f9e4744b3/datanode-4/data-0/containers/hdds
2022-07-27 13:49:03,671 [Listener at 127.0.0.1/44975] INFO  volume.MutableVolumeSet (MutableVolumeSet.java:initializeVolumeSet(174)) - Added Volume : /home/runner/work/ozone/ozone/hadoop-ozone/integration-test/target/test-dir/MiniOzoneClusterImpl-cbeacfe2-84b1-4648-87cc-d28f9e4744b3/datanode-4/data/ratis to VolumeSet
2022-07-27 13:49:03,672 [Listener at 127.0.0.1/44975] INFO  volume.ThrottledAsyncChecker (ThrottledAsyncChecker.java:schedule(141)) - Scheduling a check for /home/runner/work/ozone/ozone/hadoop-ozone/integration-test/target/test-dir/MiniOzoneClusterImpl-cbeacfe2-84b1-4648-87cc-d28f9e4744b3/datanode-4/data/ratis
2022-07-27 13:49:03,672 [Listener at 127.0.0.1/44975] INFO  volume.StorageVolumeChecker (StorageVolumeChecker.java:checkAllVolumes(202)) - Scheduled health check for volume /home/runner/work/ozone/ozone/hadoop-ozone/integration-test/target/test-dir/MiniOzoneClusterImpl-cbeacfe2-84b1-4648-87cc-d28f9e4744b3/datanode-4/data/ratis
2022-07-27 13:49:03,683 [Thread-190] INFO  ozoneimpl.ContainerReader (ContainerReader.java:readVolume(175)) - Finish verifying containers on volume /home/runner/work/ozone/ozone/hadoop-ozone/integration-test/target/test-dir/MiniOzoneClusterImpl-cbeacfe2-84b1-4648-87cc-d28f9e4744b3/datanode-4/data-0/containers/hdds
2022-07-27 13:49:03,683 [Listener at 127.0.0.1/44975] INFO  ozoneimpl.OzoneContainer (OzoneContainer.java:buildContainerSet(299)) - Build ContainerSet costs 0s
2022-07-27 13:49:03,686 [Listener at 127.0.0.1/44975] INFO  server.RaftServer (ConfUtils.java:logGet(46)) - raft.rpc.type = GRPC (default)
2022-07-27 13:49:03,686 [Listener at 127.0.0.1/44975] INFO  grpc.GrpcFactory (GrpcFactory.java:checkPooledByteBufAllocatorUseCacheForAllThreads(48)) - PERFORMANCE WARNING: useCacheForAllThreads is true that may cause Netty to create a lot garbage objects and, as a result, trigger GC.
	It is recommended to disable useCacheForAllThreads by setting -Dorg.apache.ratis.thirdparty.io.netty.allocator.useCacheForAllThreads=false in command line.
2022-07-27 13:49:03,686 [Listener at 127.0.0.1/44975] INFO  grpc.GrpcConfigKeys (ConfUtils.java:logGet(46)) - raft.grpc.admin.port = 0 (custom)
2022-07-27 13:49:03,686 [Listener at 127.0.0.1/44975] INFO  grpc.GrpcConfigKeys (ConfUtils.java:logGet(46)) - raft.grpc.client.port = 0 (custom)
2022-07-27 13:49:03,686 [Listener at 127.0.0.1/44975] INFO  grpc.GrpcConfigKeys (ConfUtils.java:logGet(46)) - raft.grpc.server.port = 0 (default)
2022-07-27 13:49:03,686 [Listener at 127.0.0.1/44975] INFO  server.GrpcService (ConfUtils.java:logGet(46)) - raft.grpc.message.size.max = 32MB (=33554432) (custom)
2022-07-27 13:49:03,686 [Listener at 127.0.0.1/44975] INFO  server.RaftServerConfigKeys (ConfUtils.java:logGet(46)) - raft.server.log.appender.buffer.byte-limit = 33554432 (custom)
2022-07-27 13:49:03,686 [Listener at 127.0.0.1/44975] INFO  server.GrpcService (ConfUtils.java:logGet(46)) - raft.grpc.flow.control.window = 5MB (=5242880) (custom)
2022-07-27 13:49:03,687 [Listener at 127.0.0.1/44975] INFO  server.RaftServerConfigKeys (ConfUtils.java:logGet(46)) - raft.server.rpc.request.timeout = 60s (custom)
2022-07-27 13:49:03,687 [Listener at 127.0.0.1/44975] INFO  grpc.GrpcConfigKeys (ConfUtils.java:logGet(46)) - raft.grpc.server.async.request.thread.pool.cached = true (default)
2022-07-27 13:49:03,687 [Listener at 127.0.0.1/44975] INFO  grpc.GrpcConfigKeys (ConfUtils.java:logGet(46)) - raft.grpc.server.async.request.thread.pool.size = 32 (default)
2022-07-27 13:49:03,688 [Listener at 127.0.0.1/44975] INFO  impl.DataStreamServerImpl (ConfUtils.java:logGet(46)) - raft.datastream.type = DISABLED (default)
2022-07-27 13:49:03,688 [Listener at 127.0.0.1/44975] INFO  server.RaftServerConfigKeys (ConfUtils.java:logGet(46)) - raft.server.threadpool.proxy.cached = true (default)
2022-07-27 13:49:03,688 [Listener at 127.0.0.1/44975] INFO  server.RaftServerConfigKeys (ConfUtils.java:logGet(46)) - raft.server.threadpool.proxy.size = 0 (default)
2022-07-27 13:49:03,688 [Listener at 127.0.0.1/44975] INFO  server.RaftServerConfigKeys (ConfUtils.java:logGet(46)) - raft.server.rpc.slowness.timeout = 300s (custom)
2022-07-27 13:49:03,688 [Listener at 127.0.0.1/44975] INFO  server.RaftServerConfigKeys (ConfUtils.java:logGet(46)) - raft.server.leaderelection.leader.step-down.wait-time = 10s (default)
2022-07-27 13:49:03,689 [Listener at 127.0.0.1/44975] INFO  server.RaftServerConfigKeys (ConfUtils.java:logGet(46)) - raft.server.storage.dir = [/home/runner/work/ozone/ozone/hadoop-ozone/integration-test/target/test-dir/MiniOzoneClusterImpl-cbeacfe2-84b1-4648-87cc-d28f9e4744b3/datanode-4/data/ratis] (custom)
2022-07-27 13:49:03,690 [Listener at 127.0.0.1/44975] INFO  server.XceiverServerGrpc (XceiverServerGrpc.java:<init>(132)) - GrpcServer channel type EpollServerSocketChannel
2022-07-27 13:49:03,695 [Listener at 127.0.0.1/44975] INFO  http.BaseHttpServer (BaseHttpServer.java:newHttpServer2BuilderForOzone(209)) - Starting Web-server for hddsDatanode at: http://0.0.0.0:0
2022-07-27 13:49:03,696 [Listener at 127.0.0.1/44975] INFO  http.BaseHttpServer (BaseHttpServer.java:<init>(107)) - Hadoop Security Enabled: false Ozone Security Enabled: false Ozone HTTP Security Enabled: false 
2022-07-27 13:49:03,697 [Listener at 127.0.0.1/44975] INFO  server.AuthenticationFilter (AuthenticationFilter.java:constructSecretProvider(240)) - Unable to initialize FileSignerSecretProvider, falling back to use random secrets.
2022-07-27 13:49:03,697 [Listener at 127.0.0.1/44975] WARN  http.HttpRequestLog (HttpRequestLog.java:getRequestLog(103)) - Jetty request log can only be enabled using Log4j
2022-07-27 13:49:03,699 [Listener at 127.0.0.1/44975] INFO  http.HttpServer2 (HttpServer2.java:addGlobalFilter(1029)) - Added global filter 'safety' (class=org.apache.hadoop.hdds.server.http.HttpServer2$QuotingInputFilter)
2022-07-27 13:49:03,699 [Listener at 127.0.0.1/44975] INFO  http.HttpServer2 (HttpServer2.java:addFilter(1005)) - Added filter static_user_filter (class=org.apache.hadoop.http.lib.StaticUserWebFilter$StaticUserFilter) to context hddsDatanode
2022-07-27 13:49:03,700 [Listener at 127.0.0.1/44975] INFO  http.HttpServer2 (HttpServer2.java:addFilter(1013)) - Added filter static_user_filter (class=org.apache.hadoop.http.lib.StaticUserWebFilter$StaticUserFilter) to context static
2022-07-27 13:49:03,700 [Listener at 127.0.0.1/44975] INFO  http.HttpServer2 (HttpServer2.java:addFilter(1013)) - Added filter static_user_filter (class=org.apache.hadoop.http.lib.StaticUserWebFilter$StaticUserFilter) to context logs
2022-07-27 13:49:03,700 [Listener at 127.0.0.1/44975] INFO  http.HttpServer2 (HttpServer2.java:bindListener(1248)) - Jetty bound to port 39231
2022-07-27 13:49:03,700 [Listener at 127.0.0.1/44975] INFO  server.Server (Server.java:doStart(375)) - jetty-9.4.43.v20210629; built: 2021-06-30T11:07:22.254Z; git: 526006ecfa3af7f1a27ef3a288e2bef7ea9dd7e8; jvm 1.8.0_332-b09
2022-07-27 13:49:03,703 [Listener at 127.0.0.1/44975] INFO  server.session (DefaultSessionIdManager.java:doStart(334)) - DefaultSessionIdManager workerName=node0
2022-07-27 13:49:03,703 [Listener at 127.0.0.1/44975] INFO  server.session (DefaultSessionIdManager.java:doStart(339)) - No SessionScavenger set, using defaults
2022-07-27 13:49:03,703 [Listener at 127.0.0.1/44975] INFO  server.session (HouseKeeper.java:startScavenging(132)) - node0 Scavenging every 600000ms
2022-07-27 13:49:03,704 [Listener at 127.0.0.1/44975] INFO  handler.ContextHandler (ContextHandler.java:doStart(915)) - Started o.e.j.s.ServletContextHandler@40c65f8d{logs,/logs,file:///home/runner/work/ozone/ozone/hadoop-ozone/integration-test/target/log,AVAILABLE}
2022-07-27 13:49:03,704 [Listener at 127.0.0.1/44975] INFO  handler.ContextHandler (ContextHandler.java:doStart(915)) - Started o.e.j.s.ServletContextHandler@979ca7c{static,/static,jar:file:/home/runner/.m2/repository/org/apache/ozone/hdds-container-service/1.3.0-SNAPSHOT/hdds-container-service-1.3.0-SNAPSHOT.jar!/webapps/static,AVAILABLE}
2022-07-27 13:49:03,865 [Listener at 127.0.0.1/44975] INFO  handler.ContextHandler (ContextHandler.java:doStart(915)) - Started o.e.j.w.WebAppContext@412c1ad0{hddsDatanode,/,file:///tmp/jetty-0_0_0_0-39231-hdds-container-service-1_3_0-SNAPSHOT_jar-_-any-127953468842677447/webapp/,AVAILABLE}{jar:file:/home/runner/.m2/repository/org/apache/ozone/hdds-container-service/1.3.0-SNAPSHOT/hdds-container-service-1.3.0-SNAPSHOT.jar!/webapps/hddsDatanode}
2022-07-27 13:49:03,867 [Listener at 127.0.0.1/44975] INFO  server.AbstractConnector (AbstractConnector.java:doStart(331)) - Started ServerConnector@348e200e{HTTP/1.1, (http/1.1)}{0.0.0.0:39231}
2022-07-27 13:49:03,867 [Listener at 127.0.0.1/44975] INFO  server.Server (Server.java:doStart(415)) - Started @9430ms
2022-07-27 13:49:03,867 [Listener at 127.0.0.1/44975] WARN  impl.MetricsSystemImpl (MetricsSystemImpl.java:register(279)) - Sink prometheus already exists!
2022-07-27 13:49:03,868 [Listener at 127.0.0.1/44975] INFO  http.BaseHttpServer (BaseHttpServer.java:updateConnectorAddress(329)) - HTTP server of hddsDatanode listening at http://0.0.0.0:39231
2022-07-27 13:49:03,872 [Listener at 127.0.0.1/44975] INFO  ozone.MiniOzoneClusterImpl (MiniOzoneClusterImpl.java:lambda$waitForClusterToBeReady$0(216)) - Waiting for nodes to be ready. Got 0 of 5 DN Heartbeats.
2022-07-27 13:49:03,872 [Listener at 127.0.0.1/44975] INFO  ozone.MiniOzoneClusterImpl (MiniOzoneClusterImpl.java:lambda$waitForClusterToBeReady$0(219)) - Waiting for cluster to exit safe mode
2022-07-27 13:49:03,872 [Listener at 127.0.0.1/44975] INFO  ozone.MiniOzoneClusterImpl (MiniOzoneClusterImpl.java:lambda$waitForClusterToBeReady$0(221)) - SCM became leader
2022-07-27 13:49:03,873 [Datanode State Machine Daemon Thread] INFO  statemachine.DatanodeStateMachine (DatanodeStateMachine.java:lambda$startDaemon$0(492)) - Ozone container server started.
2022-07-27 13:49:03,879 [org.apache.hadoop.util.JvmPauseMonitor$Monitor@4150a351] INFO  util.JvmPauseMonitor (JvmPauseMonitor.java:run(188)) - Starting JVM pause monitor
2022-07-27 13:49:03,881 [Datanode State Machine Task Thread - 0] INFO  datanode.InitDatanodeState (InitDatanodeState.java:persistContainerDatanodeDetails(138)) - DatanodeDetails is persisted to /home/runner/work/ozone/ozone/hadoop-ozone/integration-test/target/test-dir/MiniOzoneClusterImpl-cbeacfe2-84b1-4648-87cc-d28f9e4744b3/datanode-4/meta/datanode.id
2022-07-27 13:49:04,560 [EndpointStateMachine task thread for /0.0.0.0:35237 - 0 ] INFO  volume.HddsVolume (HddsVolume.java:createDbStore(309)) - SchemaV3 db is created and loaded at /home/runner/work/ozone/ozone/hadoop-ozone/integration-test/target/test-dir/MiniOzoneClusterImpl-cbeacfe2-84b1-4648-87cc-d28f9e4744b3/datanode-0/data-0/containers/hdds/cbeacfe2-84b1-4648-87cc-d28f9e4744b3/DS-d16e5b30-b70a-4c2b-a68f-a4659648e065/container.db for volume DS-d16e5b30-b70a-4c2b-a68f-a4659648e065
2022-07-27 13:49:04,563 [EndpointStateMachine task thread for /0.0.0.0:35237 - 0 ] INFO  volume.HddsVolume (HddsVolume.java:closeDbStore(340)) - SchemaV3 db is stopped at /home/runner/work/ozone/ozone/hadoop-ozone/integration-test/target/test-dir/MiniOzoneClusterImpl-cbeacfe2-84b1-4648-87cc-d28f9e4744b3/datanode-0/data-0/containers/hdds/cbeacfe2-84b1-4648-87cc-d28f9e4744b3/DS-d16e5b30-b70a-4c2b-a68f-a4659648e065/container.db for volume DS-d16e5b30-b70a-4c2b-a68f-a4659648e065
2022-07-27 13:49:04,564 [EndpointStateMachine task thread for /0.0.0.0:35237 - 0 ] INFO  ozoneimpl.OzoneContainer (OzoneContainer.java:start(377)) - Attempting to start container services.
2022-07-27 13:49:04,566 [EndpointStateMachine task thread for /0.0.0.0:35237 - 0 ] INFO  ozoneimpl.OzoneContainer (OzoneContainer.java:startContainerScrub(312)) - Background container scanner has been disabled.
2022-07-27 13:49:04,567 [EndpointStateMachine task thread for /0.0.0.0:35237 - 0 ] INFO  replication.ReplicationServer (ReplicationServer.java:start(111)) - ReplicationServer is started using port 39873
2022-07-27 13:49:04,570 [EndpointStateMachine task thread for /0.0.0.0:35237 - 0 ] INFO  ratis.XceiverServerRatis (XceiverServerRatis.java:start(481)) - Starting XceiverServerRatis df335623-852d-4a6f-8cff-fa9ba72c6e1b
2022-07-27 13:49:04,570 [EndpointStateMachine task thread for /0.0.0.0:35237 - 0 ] INFO  server.RaftServer (RaftServerProxy.java:lambda$start$6(382)) - df335623-852d-4a6f-8cff-fa9ba72c6e1b: start RPC server
2022-07-27 13:49:04,577 [EndpointStateMachine task thread for /0.0.0.0:35237 - 0 ] INFO  server.GrpcService (GrpcService.java:startImpl(260)) - df335623-852d-4a6f-8cff-fa9ba72c6e1b: GrpcService started, listening on 40909
2022-07-27 13:49:04,579 [EndpointStateMachine task thread for /0.0.0.0:35237 - 0 ] INFO  ratis.XceiverServerRatis (XceiverServerRatis.java:getRealPort(502)) - XceiverServerRatis df335623-852d-4a6f-8cff-fa9ba72c6e1b is started using port 40909 for RATIS
2022-07-27 13:49:04,579 [EndpointStateMachine task thread for /0.0.0.0:35237 - 0 ] INFO  ratis.XceiverServerRatis (XceiverServerRatis.java:getRealPort(502)) - XceiverServerRatis df335623-852d-4a6f-8cff-fa9ba72c6e1b is started using port 40909 for RATIS_ADMIN
2022-07-27 13:49:04,579 [EndpointStateMachine task thread for /0.0.0.0:35237 - 0 ] INFO  ratis.XceiverServerRatis (XceiverServerRatis.java:getRealPort(502)) - XceiverServerRatis df335623-852d-4a6f-8cff-fa9ba72c6e1b is started using port 40909 for RATIS_SERVER
2022-07-27 13:49:04,579 [org.apache.ratis.util.JvmPauseMonitor$$Lambda$615/1136232276@4521921] INFO  util.JvmPauseMonitor (JvmPauseMonitor.java:run(103)) - JvmPauseMonitor-df335623-852d-4a6f-8cff-fa9ba72c6e1b: Started
2022-07-27 13:49:04,588 [EndpointStateMachine task thread for /0.0.0.0:35237 - 0 ] INFO  server.XceiverServerGrpc (XceiverServerGrpc.java:start(180)) - XceiverServerGrpc df335623-852d-4a6f-8cff-fa9ba72c6e1b is started using port 42335
2022-07-27 13:49:04,873 [Listener at 127.0.0.1/44975] INFO  ozone.MiniOzoneClusterImpl (MiniOzoneClusterImpl.java:lambda$waitForClusterToBeReady$0(216)) - Waiting for nodes to be ready. Got 0 of 5 DN Heartbeats.
2022-07-27 13:49:04,873 [Listener at 127.0.0.1/44975] INFO  ozone.MiniOzoneClusterImpl (MiniOzoneClusterImpl.java:lambda$waitForClusterToBeReady$0(219)) - Waiting for cluster to exit safe mode
2022-07-27 13:49:04,873 [Listener at 127.0.0.1/44975] INFO  ozone.MiniOzoneClusterImpl (MiniOzoneClusterImpl.java:lambda$waitForClusterToBeReady$0(221)) - SCM became leader
2022-07-27 13:49:05,000 [EndpointStateMachine task thread for /0.0.0.0:35237 - 0 ] INFO  volume.HddsVolume (HddsVolume.java:createDbStore(309)) - SchemaV3 db is created and loaded at /home/runner/work/ozone/ozone/hadoop-ozone/integration-test/target/test-dir/MiniOzoneClusterImpl-cbeacfe2-84b1-4648-87cc-d28f9e4744b3/datanode-1/data-0/containers/hdds/cbeacfe2-84b1-4648-87cc-d28f9e4744b3/DS-5dd28463-e880-4235-9c75-4aef8b53e38f/container.db for volume DS-5dd28463-e880-4235-9c75-4aef8b53e38f
2022-07-27 13:49:05,001 [EndpointStateMachine task thread for /0.0.0.0:35237 - 0 ] INFO  volume.HddsVolume (HddsVolume.java:closeDbStore(340)) - SchemaV3 db is stopped at /home/runner/work/ozone/ozone/hadoop-ozone/integration-test/target/test-dir/MiniOzoneClusterImpl-cbeacfe2-84b1-4648-87cc-d28f9e4744b3/datanode-1/data-0/containers/hdds/cbeacfe2-84b1-4648-87cc-d28f9e4744b3/DS-5dd28463-e880-4235-9c75-4aef8b53e38f/container.db for volume DS-5dd28463-e880-4235-9c75-4aef8b53e38f
2022-07-27 13:49:05,001 [EndpointStateMachine task thread for /0.0.0.0:35237 - 0 ] INFO  ozoneimpl.OzoneContainer (OzoneContainer.java:start(377)) - Attempting to start container services.
2022-07-27 13:49:05,001 [EndpointStateMachine task thread for /0.0.0.0:35237 - 0 ] INFO  ozoneimpl.OzoneContainer (OzoneContainer.java:startContainerScrub(312)) - Background container scanner has been disabled.
2022-07-27 13:49:05,003 [EndpointStateMachine task thread for /0.0.0.0:35237 - 0 ] INFO  replication.ReplicationServer (ReplicationServer.java:start(111)) - ReplicationServer is started using port 38989
2022-07-27 13:49:05,003 [EndpointStateMachine task thread for /0.0.0.0:35237 - 0 ] INFO  ratis.XceiverServerRatis (XceiverServerRatis.java:start(481)) - Starting XceiverServerRatis efe9fd25-7228-4310-8e5d-4bcbbad78a8a
2022-07-27 13:49:05,004 [EndpointStateMachine task thread for /0.0.0.0:35237 - 0 ] INFO  server.RaftServer (RaftServerProxy.java:lambda$start$6(382)) - efe9fd25-7228-4310-8e5d-4bcbbad78a8a: start RPC server
2022-07-27 13:49:05,005 [EndpointStateMachine task thread for /0.0.0.0:35237 - 0 ] INFO  server.GrpcService (GrpcService.java:startImpl(260)) - efe9fd25-7228-4310-8e5d-4bcbbad78a8a: GrpcService started, listening on 38425
2022-07-27 13:49:05,006 [EndpointStateMachine task thread for /0.0.0.0:35237 - 0 ] INFO  ratis.XceiverServerRatis (XceiverServerRatis.java:getRealPort(502)) - XceiverServerRatis efe9fd25-7228-4310-8e5d-4bcbbad78a8a is started using port 38425 for RATIS
2022-07-27 13:49:05,006 [org.apache.ratis.util.JvmPauseMonitor$$Lambda$615/1136232276@3ac9061] INFO  util.JvmPauseMonitor (JvmPauseMonitor.java:run(103)) - JvmPauseMonitor-efe9fd25-7228-4310-8e5d-4bcbbad78a8a: Started
2022-07-27 13:49:05,006 [EndpointStateMachine task thread for /0.0.0.0:35237 - 0 ] INFO  ratis.XceiverServerRatis (XceiverServerRatis.java:getRealPort(502)) - XceiverServerRatis efe9fd25-7228-4310-8e5d-4bcbbad78a8a is started using port 38425 for RATIS_ADMIN
2022-07-27 13:49:05,007 [EndpointStateMachine task thread for /0.0.0.0:35237 - 0 ] INFO  ratis.XceiverServerRatis (XceiverServerRatis.java:getRealPort(502)) - XceiverServerRatis efe9fd25-7228-4310-8e5d-4bcbbad78a8a is started using port 38425 for RATIS_SERVER
2022-07-27 13:49:05,009 [EndpointStateMachine task thread for /0.0.0.0:35237 - 0 ] INFO  server.XceiverServerGrpc (XceiverServerGrpc.java:start(180)) - XceiverServerGrpc efe9fd25-7228-4310-8e5d-4bcbbad78a8a is started using port 46799
2022-07-27 13:49:05,324 [EndpointStateMachine task thread for /0.0.0.0:35237 - 0 ] INFO  volume.HddsVolume (HddsVolume.java:createDbStore(309)) - SchemaV3 db is created and loaded at /home/runner/work/ozone/ozone/hadoop-ozone/integration-test/target/test-dir/MiniOzoneClusterImpl-cbeacfe2-84b1-4648-87cc-d28f9e4744b3/datanode-2/data-0/containers/hdds/cbeacfe2-84b1-4648-87cc-d28f9e4744b3/DS-aa986115-9e99-45cf-a378-de998b8b8d63/container.db for volume DS-aa986115-9e99-45cf-a378-de998b8b8d63
2022-07-27 13:49:05,324 [EndpointStateMachine task thread for /0.0.0.0:35237 - 0 ] INFO  volume.HddsVolume (HddsVolume.java:closeDbStore(340)) - SchemaV3 db is stopped at /home/runner/work/ozone/ozone/hadoop-ozone/integration-test/target/test-dir/MiniOzoneClusterImpl-cbeacfe2-84b1-4648-87cc-d28f9e4744b3/datanode-2/data-0/containers/hdds/cbeacfe2-84b1-4648-87cc-d28f9e4744b3/DS-aa986115-9e99-45cf-a378-de998b8b8d63/container.db for volume DS-aa986115-9e99-45cf-a378-de998b8b8d63
2022-07-27 13:49:05,324 [EndpointStateMachine task thread for /0.0.0.0:35237 - 0 ] INFO  ozoneimpl.OzoneContainer (OzoneContainer.java:start(377)) - Attempting to start container services.
2022-07-27 13:49:05,324 [EndpointStateMachine task thread for /0.0.0.0:35237 - 0 ] INFO  ozoneimpl.OzoneContainer (OzoneContainer.java:startContainerScrub(312)) - Background container scanner has been disabled.
2022-07-27 13:49:05,327 [EndpointStateMachine task thread for /0.0.0.0:35237 - 0 ] INFO  replication.ReplicationServer (ReplicationServer.java:start(111)) - ReplicationServer is started using port 37661
2022-07-27 13:49:05,327 [EndpointStateMachine task thread for /0.0.0.0:35237 - 0 ] INFO  ratis.XceiverServerRatis (XceiverServerRatis.java:start(481)) - Starting XceiverServerRatis 9135c07c-9562-4fec-aca6-20239d7a9d6d
2022-07-27 13:49:05,328 [EndpointStateMachine task thread for /0.0.0.0:35237 - 0 ] INFO  server.RaftServer (RaftServerProxy.java:lambda$start$6(382)) - 9135c07c-9562-4fec-aca6-20239d7a9d6d: start RPC server
2022-07-27 13:49:05,330 [EndpointStateMachine task thread for /0.0.0.0:35237 - 0 ] INFO  server.GrpcService (GrpcService.java:startImpl(260)) - 9135c07c-9562-4fec-aca6-20239d7a9d6d: GrpcService started, listening on 40625
2022-07-27 13:49:05,330 [EndpointStateMachine task thread for /0.0.0.0:35237 - 0 ] INFO  ratis.XceiverServerRatis (XceiverServerRatis.java:getRealPort(502)) - XceiverServerRatis 9135c07c-9562-4fec-aca6-20239d7a9d6d is started using port 40625 for RATIS
2022-07-27 13:49:05,330 [EndpointStateMachine task thread for /0.0.0.0:35237 - 0 ] INFO  ratis.XceiverServerRatis (XceiverServerRatis.java:getRealPort(502)) - XceiverServerRatis 9135c07c-9562-4fec-aca6-20239d7a9d6d is started using port 40625 for RATIS_ADMIN
2022-07-27 13:49:05,330 [EndpointStateMachine task thread for /0.0.0.0:35237 - 0 ] INFO  ratis.XceiverServerRatis (XceiverServerRatis.java:getRealPort(502)) - XceiverServerRatis 9135c07c-9562-4fec-aca6-20239d7a9d6d is started using port 40625 for RATIS_SERVER
2022-07-27 13:49:05,330 [org.apache.ratis.util.JvmPauseMonitor$$Lambda$615/1136232276@68aa2c73] INFO  util.JvmPauseMonitor (JvmPauseMonitor.java:run(103)) - JvmPauseMonitor-9135c07c-9562-4fec-aca6-20239d7a9d6d: Started
2022-07-27 13:49:05,333 [EndpointStateMachine task thread for /0.0.0.0:35237 - 0 ] INFO  server.XceiverServerGrpc (XceiverServerGrpc.java:start(180)) - XceiverServerGrpc 9135c07c-9562-4fec-aca6-20239d7a9d6d is started using port 42889
2022-07-27 13:49:05,619 [EndpointStateMachine task thread for /0.0.0.0:35237 - 0 ] INFO  volume.HddsVolume (HddsVolume.java:createDbStore(309)) - SchemaV3 db is created and loaded at /home/runner/work/ozone/ozone/hadoop-ozone/integration-test/target/test-dir/MiniOzoneClusterImpl-cbeacfe2-84b1-4648-87cc-d28f9e4744b3/datanode-3/data-0/containers/hdds/cbeacfe2-84b1-4648-87cc-d28f9e4744b3/DS-be443dea-84fc-47b3-b448-d677dd5b98e2/container.db for volume DS-be443dea-84fc-47b3-b448-d677dd5b98e2
2022-07-27 13:49:05,620 [EndpointStateMachine task thread for /0.0.0.0:35237 - 0 ] INFO  volume.HddsVolume (HddsVolume.java:closeDbStore(340)) - SchemaV3 db is stopped at /home/runner/work/ozone/ozone/hadoop-ozone/integration-test/target/test-dir/MiniOzoneClusterImpl-cbeacfe2-84b1-4648-87cc-d28f9e4744b3/datanode-3/data-0/containers/hdds/cbeacfe2-84b1-4648-87cc-d28f9e4744b3/DS-be443dea-84fc-47b3-b448-d677dd5b98e2/container.db for volume DS-be443dea-84fc-47b3-b448-d677dd5b98e2
2022-07-27 13:49:05,620 [EndpointStateMachine task thread for /0.0.0.0:35237 - 0 ] INFO  ozoneimpl.OzoneContainer (OzoneContainer.java:start(377)) - Attempting to start container services.
2022-07-27 13:49:05,620 [EndpointStateMachine task thread for /0.0.0.0:35237 - 0 ] INFO  ozoneimpl.OzoneContainer (OzoneContainer.java:startContainerScrub(312)) - Background container scanner has been disabled.
2022-07-27 13:49:05,622 [EndpointStateMachine task thread for /0.0.0.0:35237 - 0 ] INFO  replication.ReplicationServer (ReplicationServer.java:start(111)) - ReplicationServer is started using port 46015
2022-07-27 13:49:05,622 [EndpointStateMachine task thread for /0.0.0.0:35237 - 0 ] INFO  ratis.XceiverServerRatis (XceiverServerRatis.java:start(481)) - Starting XceiverServerRatis cb7edee7-fe7c-4fa3-abda-3ed18a74bab8
2022-07-27 13:49:05,623 [EndpointStateMachine task thread for /0.0.0.0:35237 - 0 ] INFO  server.RaftServer (RaftServerProxy.java:lambda$start$6(382)) - cb7edee7-fe7c-4fa3-abda-3ed18a74bab8: start RPC server
2022-07-27 13:49:05,624 [EndpointStateMachine task thread for /0.0.0.0:35237 - 0 ] INFO  server.GrpcService (GrpcService.java:startImpl(260)) - cb7edee7-fe7c-4fa3-abda-3ed18a74bab8: GrpcService started, listening on 39367
2022-07-27 13:49:05,624 [EndpointStateMachine task thread for /0.0.0.0:35237 - 0 ] INFO  ratis.XceiverServerRatis (XceiverServerRatis.java:getRealPort(502)) - XceiverServerRatis cb7edee7-fe7c-4fa3-abda-3ed18a74bab8 is started using port 39367 for RATIS
2022-07-27 13:49:05,624 [EndpointStateMachine task thread for /0.0.0.0:35237 - 0 ] INFO  ratis.XceiverServerRatis (XceiverServerRatis.java:getRealPort(502)) - XceiverServerRatis cb7edee7-fe7c-4fa3-abda-3ed18a74bab8 is started using port 39367 for RATIS_ADMIN
2022-07-27 13:49:05,624 [EndpointStateMachine task thread for /0.0.0.0:35237 - 0 ] INFO  ratis.XceiverServerRatis (XceiverServerRatis.java:getRealPort(502)) - XceiverServerRatis cb7edee7-fe7c-4fa3-abda-3ed18a74bab8 is started using port 39367 for RATIS_SERVER
2022-07-27 13:49:05,625 [org.apache.ratis.util.JvmPauseMonitor$$Lambda$615/1136232276@6549742b] INFO  util.JvmPauseMonitor (JvmPauseMonitor.java:run(103)) - JvmPauseMonitor-cb7edee7-fe7c-4fa3-abda-3ed18a74bab8: Started
2022-07-27 13:49:05,627 [EndpointStateMachine task thread for /0.0.0.0:35237 - 0 ] INFO  server.XceiverServerGrpc (XceiverServerGrpc.java:start(180)) - XceiverServerGrpc cb7edee7-fe7c-4fa3-abda-3ed18a74bab8 is started using port 34043
2022-07-27 13:49:05,873 [Listener at 127.0.0.1/44975] INFO  ozone.MiniOzoneClusterImpl (MiniOzoneClusterImpl.java:lambda$waitForClusterToBeReady$0(216)) - Waiting for nodes to be ready. Got 0 of 5 DN Heartbeats.
2022-07-27 13:49:05,874 [Listener at 127.0.0.1/44975] INFO  ozone.MiniOzoneClusterImpl (MiniOzoneClusterImpl.java:lambda$waitForClusterToBeReady$0(219)) - Waiting for cluster to exit safe mode
2022-07-27 13:49:05,874 [Listener at 127.0.0.1/44975] INFO  ozone.MiniOzoneClusterImpl (MiniOzoneClusterImpl.java:lambda$waitForClusterToBeReady$0(221)) - SCM became leader
2022-07-27 13:49:05,911 [EndpointStateMachine task thread for /0.0.0.0:35237 - 0 ] INFO  volume.HddsVolume (HddsVolume.java:createDbStore(309)) - SchemaV3 db is created and loaded at /home/runner/work/ozone/ozone/hadoop-ozone/integration-test/target/test-dir/MiniOzoneClusterImpl-cbeacfe2-84b1-4648-87cc-d28f9e4744b3/datanode-4/data-0/containers/hdds/cbeacfe2-84b1-4648-87cc-d28f9e4744b3/DS-74fb8af5-3cac-4ddb-a669-c25f8574b5cc/container.db for volume DS-74fb8af5-3cac-4ddb-a669-c25f8574b5cc
2022-07-27 13:49:05,911 [EndpointStateMachine task thread for /0.0.0.0:35237 - 0 ] INFO  volume.HddsVolume (HddsVolume.java:closeDbStore(340)) - SchemaV3 db is stopped at /home/runner/work/ozone/ozone/hadoop-ozone/integration-test/target/test-dir/MiniOzoneClusterImpl-cbeacfe2-84b1-4648-87cc-d28f9e4744b3/datanode-4/data-0/containers/hdds/cbeacfe2-84b1-4648-87cc-d28f9e4744b3/DS-74fb8af5-3cac-4ddb-a669-c25f8574b5cc/container.db for volume DS-74fb8af5-3cac-4ddb-a669-c25f8574b5cc
2022-07-27 13:49:05,912 [EndpointStateMachine task thread for /0.0.0.0:35237 - 0 ] INFO  ozoneimpl.OzoneContainer (OzoneContainer.java:start(377)) - Attempting to start container services.
2022-07-27 13:49:05,912 [EndpointStateMachine task thread for /0.0.0.0:35237 - 0 ] INFO  ozoneimpl.OzoneContainer (OzoneContainer.java:startContainerScrub(312)) - Background container scanner has been disabled.
2022-07-27 13:49:05,914 [EndpointStateMachine task thread for /0.0.0.0:35237 - 0 ] INFO  replication.ReplicationServer (ReplicationServer.java:start(111)) - ReplicationServer is started using port 38841
2022-07-27 13:49:05,914 [EndpointStateMachine task thread for /0.0.0.0:35237 - 0 ] INFO  ratis.XceiverServerRatis (XceiverServerRatis.java:start(481)) - Starting XceiverServerRatis 89f3cafd-f6f4-41ae-bc62-6e12401c3bdc
2022-07-27 13:49:05,915 [EndpointStateMachine task thread for /0.0.0.0:35237 - 0 ] INFO  server.RaftServer (RaftServerProxy.java:lambda$start$6(382)) - 89f3cafd-f6f4-41ae-bc62-6e12401c3bdc: start RPC server
2022-07-27 13:49:05,917 [EndpointStateMachine task thread for /0.0.0.0:35237 - 0 ] INFO  server.GrpcService (GrpcService.java:startImpl(260)) - 89f3cafd-f6f4-41ae-bc62-6e12401c3bdc: GrpcService started, listening on 34539
2022-07-27 13:49:05,917 [EndpointStateMachine task thread for /0.0.0.0:35237 - 0 ] INFO  ratis.XceiverServerRatis (XceiverServerRatis.java:getRealPort(502)) - XceiverServerRatis 89f3cafd-f6f4-41ae-bc62-6e12401c3bdc is started using port 34539 for RATIS
2022-07-27 13:49:05,917 [EndpointStateMachine task thread for /0.0.0.0:35237 - 0 ] INFO  ratis.XceiverServerRatis (XceiverServerRatis.java:getRealPort(502)) - XceiverServerRatis 89f3cafd-f6f4-41ae-bc62-6e12401c3bdc is started using port 34539 for RATIS_ADMIN
2022-07-27 13:49:05,917 [EndpointStateMachine task thread for /0.0.0.0:35237 - 0 ] INFO  ratis.XceiverServerRatis (XceiverServerRatis.java:getRealPort(502)) - XceiverServerRatis 89f3cafd-f6f4-41ae-bc62-6e12401c3bdc is started using port 34539 for RATIS_SERVER
2022-07-27 13:49:05,919 [EndpointStateMachine task thread for /0.0.0.0:35237 - 0 ] INFO  server.XceiverServerGrpc (XceiverServerGrpc.java:start(180)) - XceiverServerGrpc 89f3cafd-f6f4-41ae-bc62-6e12401c3bdc is started using port 35801
2022-07-27 13:49:05,926 [org.apache.ratis.util.JvmPauseMonitor$$Lambda$615/1136232276@65044f3b] INFO  util.JvmPauseMonitor (JvmPauseMonitor.java:run(103)) - JvmPauseMonitor-89f3cafd-f6f4-41ae-bc62-6e12401c3bdc: Started
2022-07-27 13:49:06,498 [IPC Server handler 5 on default port 35237] INFO  net.NetworkTopologyImpl (NetworkTopologyImpl.java:add(112)) - Added a new node: /default-rack/df335623-852d-4a6f-8cff-fa9ba72c6e1b
2022-07-27 13:49:06,502 [IPC Server handler 5 on default port 35237] INFO  node.SCMNodeManager (SCMNodeManager.java:register(397)) - Registered Data node : df335623-852d-4a6f-8cff-fa9ba72c6e1b{ip: 10.1.0.21, host: fv-az217-261.5fhmivlnczbevhjmk01nzrxweh.bx.internal.cloudapp.net, ports: [REPLICATION=39873, RATIS=40909, RATIS_ADMIN=40909, RATIS_SERVER=40909, STANDALONE=42335], networkLocation: /default-rack, certSerialId: null, persistedOpState: null, persistedOpStateExpiryEpochSec: 0}
2022-07-27 13:49:06,506 [EventQueue-NewNodeForNewNodeHandler] INFO  pipeline.BackgroundPipelineCreator (BackgroundPipelineCreator.java:notifyEventTriggered(276)) - trigger a one-shot run on RatisPipelineUtilsThread.
2022-07-27 13:49:06,511 [EventQueue-NodeRegistrationContainerReportForDataNodeSafeModeRule] INFO  safemode.SCMSafeModeManager (DataNodeSafeModeRule.java:process(71)) - SCM in safe mode. 1 DataNodes registered, 3 required.
2022-07-27 13:49:06,515 [RatisPipelineUtilsThread - 0] INFO  pipeline.RatisPipelineProvider (RatisPipelineProvider.java:lambda$create$0(195)) - Sending CreatePipelineCommand for pipeline:PipelineID=c0957ea4-2684-4d83-8b4a-9244b3f990a8 to datanode:df335623-852d-4a6f-8cff-fa9ba72c6e1b
2022-07-27 13:49:06,515 [EventQueue-NodeRegistrationContainerReportForContainerSafeModeRule] INFO  safemode.SCMSafeModeManager (SCMSafeModeManager.java:validateSafeModeExitRules(204)) - ContainerSafeModeRule rule is successfully validated
2022-07-27 13:49:06,516 [EventQueue-PipelineReportForOneReplicaPipelineSafeModeRule] INFO  safemode.SCMSafeModeManager (SCMSafeModeManager.java:validateSafeModeExitRules(204)) - AtleastOneDatanodeReportedRule rule is successfully validated
2022-07-27 13:49:06,527 [RatisPipelineUtilsThread - 0] INFO  pipeline.PipelineStateManagerImpl (PipelineStateManagerImpl.java:addPipeline(103)) - Created pipeline Pipeline[ Id: c0957ea4-2684-4d83-8b4a-9244b3f990a8, Nodes: df335623-852d-4a6f-8cff-fa9ba72c6e1b{ip: 10.1.0.21, host: fv-az217-261.5fhmivlnczbevhjmk01nzrxweh.bx.internal.cloudapp.net, ports: [REPLICATION=39873, RATIS=40909, RATIS_ADMIN=40909, RATIS_SERVER=40909, STANDALONE=42335], networkLocation: /default-rack, certSerialId: null, persistedOpState: IN_SERVICE, persistedOpStateExpiryEpochSec: 0}, ReplicationConfig: RATIS/ONE, State:ALLOCATED, leaderId:, CreationTimestamp2022-07-27T13:49:06.512Z[Etc/UTC]].
2022-07-27 13:49:06,874 [Listener at 127.0.0.1/44975] INFO  ozone.MiniOzoneClusterImpl (MiniOzoneClusterImpl.java:lambda$waitForClusterToBeReady$0(216)) - Waiting for nodes to be ready. Got 1 of 5 DN Heartbeats.
2022-07-27 13:49:06,874 [Listener at 127.0.0.1/44975] INFO  ozone.MiniOzoneClusterImpl (MiniOzoneClusterImpl.java:lambda$waitForClusterToBeReady$0(219)) - Waiting for cluster to exit safe mode
2022-07-27 13:49:06,875 [Listener at 127.0.0.1/44975] INFO  ozone.MiniOzoneClusterImpl (MiniOzoneClusterImpl.java:lambda$waitForClusterToBeReady$0(221)) - SCM became leader
2022-07-27 13:49:06,968 [IPC Server handler 3 on default port 35237] INFO  net.NetworkTopologyImpl (NetworkTopologyImpl.java:add(112)) - Added a new node: /default-rack/efe9fd25-7228-4310-8e5d-4bcbbad78a8a
2022-07-27 13:49:06,969 [IPC Server handler 3 on default port 35237] INFO  node.SCMNodeManager (SCMNodeManager.java:register(397)) - Registered Data node : efe9fd25-7228-4310-8e5d-4bcbbad78a8a{ip: 10.1.0.21, host: fv-az217-261.5fhmivlnczbevhjmk01nzrxweh.bx.internal.cloudapp.net, ports: [REPLICATION=38989, RATIS=38425, RATIS_ADMIN=38425, RATIS_SERVER=38425, STANDALONE=46799], networkLocation: /default-rack, certSerialId: null, persistedOpState: null, persistedOpStateExpiryEpochSec: 0}
2022-07-27 13:49:06,970 [EventQueue-NewNodeForNewNodeHandler] INFO  pipeline.BackgroundPipelineCreator (BackgroundPipelineCreator.java:notifyEventTriggered(276)) - trigger a one-shot run on RatisPipelineUtilsThread.
2022-07-27 13:49:06,970 [EventQueue-NodeRegistrationContainerReportForDataNodeSafeModeRule] INFO  safemode.SCMSafeModeManager (DataNodeSafeModeRule.java:process(71)) - SCM in safe mode. 2 DataNodes registered, 3 required.
2022-07-27 13:49:06,971 [RatisPipelineUtilsThread - 0] INFO  pipeline.RatisPipelineProvider (RatisPipelineProvider.java:lambda$create$0(195)) - Sending CreatePipelineCommand for pipeline:PipelineID=c1a27d42-e517-4ab2-91d7-ab9871409ae8 to datanode:efe9fd25-7228-4310-8e5d-4bcbbad78a8a
2022-07-27 13:49:06,972 [RatisPipelineUtilsThread - 0] INFO  pipeline.PipelineStateManagerImpl (PipelineStateManagerImpl.java:addPipeline(103)) - Created pipeline Pipeline[ Id: c1a27d42-e517-4ab2-91d7-ab9871409ae8, Nodes: efe9fd25-7228-4310-8e5d-4bcbbad78a8a{ip: 10.1.0.21, host: fv-az217-261.5fhmivlnczbevhjmk01nzrxweh.bx.internal.cloudapp.net, ports: [REPLICATION=38989, RATIS=38425, RATIS_ADMIN=38425, RATIS_SERVER=38425, STANDALONE=46799], networkLocation: /default-rack, certSerialId: null, persistedOpState: IN_SERVICE, persistedOpStateExpiryEpochSec: 0}, ReplicationConfig: RATIS/ONE, State:ALLOCATED, leaderId:, CreationTimestamp2022-07-27T13:49:06.971Z[Etc/UTC]].
2022-07-27 13:49:07,295 [IPC Server handler 2 on default port 35237] INFO  net.NetworkTopologyImpl (NetworkTopologyImpl.java:add(112)) - Added a new node: /default-rack/9135c07c-9562-4fec-aca6-20239d7a9d6d
2022-07-27 13:49:07,295 [IPC Server handler 2 on default port 35237] INFO  node.SCMNodeManager (SCMNodeManager.java:register(397)) - Registered Data node : 9135c07c-9562-4fec-aca6-20239d7a9d6d{ip: 10.1.0.21, host: fv-az217-261.5fhmivlnczbevhjmk01nzrxweh.bx.internal.cloudapp.net, ports: [REPLICATION=37661, RATIS=40625, RATIS_ADMIN=40625, RATIS_SERVER=40625, STANDALONE=42889], networkLocation: /default-rack, certSerialId: null, persistedOpState: null, persistedOpStateExpiryEpochSec: 0}
2022-07-27 13:49:07,296 [EventQueue-NewNodeForNewNodeHandler] INFO  pipeline.BackgroundPipelineCreator (BackgroundPipelineCreator.java:notifyEventTriggered(276)) - trigger a one-shot run on RatisPipelineUtilsThread.
2022-07-27 13:49:07,297 [EventQueue-NodeRegistrationContainerReportForDataNodeSafeModeRule] INFO  safemode.SCMSafeModeManager (DataNodeSafeModeRule.java:process(71)) - SCM in safe mode. 3 DataNodes registered, 3 required.
2022-07-27 13:49:07,297 [EventQueue-NodeRegistrationContainerReportForDataNodeSafeModeRule] INFO  safemode.SCMSafeModeManager (SCMSafeModeManager.java:validateSafeModeExitRules(204)) - DataNodeSafeModeRule rule is successfully validated
2022-07-27 13:49:07,297 [RatisPipelineUtilsThread - 0] INFO  pipeline.RatisPipelineProvider (RatisPipelineProvider.java:lambda$create$0(195)) - Sending CreatePipelineCommand for pipeline:PipelineID=bdff44e7-6034-4792-b192-01f245c95a2e to datanode:9135c07c-9562-4fec-aca6-20239d7a9d6d
2022-07-27 13:49:07,297 [RatisPipelineUtilsThread - 0] INFO  pipeline.PipelineStateManagerImpl (PipelineStateManagerImpl.java:addPipeline(103)) - Created pipeline Pipeline[ Id: bdff44e7-6034-4792-b192-01f245c95a2e, Nodes: 9135c07c-9562-4fec-aca6-20239d7a9d6d{ip: 10.1.0.21, host: fv-az217-261.5fhmivlnczbevhjmk01nzrxweh.bx.internal.cloudapp.net, ports: [REPLICATION=37661, RATIS=40625, RATIS_ADMIN=40625, RATIS_SERVER=40625, STANDALONE=42889], networkLocation: /default-rack, certSerialId: null, persistedOpState: IN_SERVICE, persistedOpStateExpiryEpochSec: 0}, ReplicationConfig: RATIS/ONE, State:ALLOCATED, leaderId:, CreationTimestamp2022-07-27T13:49:07.297Z[Etc/UTC]].
2022-07-27 13:49:07,297 [EventQueue-NodeRegistrationContainerReportForDataNodeSafeModeRule] INFO  safemode.SCMSafeModeManager (SCMSafeModeManager.java:completePreCheck(233)) - All SCM safe mode pre check rules have passed
2022-07-27 13:49:07,298 [EventQueue-NodeRegistrationContainerReportForDataNodeSafeModeRule] WARN  events.EventQueue (EventQueue.java:fireEvent(216)) - No event handler registered for event TypedEvent{payloadType=SafeModeStatus, name='Safe mode status'}
2022-07-27 13:49:07,298 [EventQueue-NodeRegistrationContainerReportForDataNodeSafeModeRule] INFO  ha.SCMContext (SCMContext.java:updateSafeModeStatus(228)) - Update SafeModeStatus from SafeModeStatus{safeModeStatus=true, preCheckPassed=false} to SafeModeStatus{safeModeStatus=true, preCheckPassed=true}.
2022-07-27 13:49:07,298 [EventQueue-NodeRegistrationContainerReportForDataNodeSafeModeRule] INFO  pipeline.BackgroundPipelineCreator (BackgroundPipelineCreator.java:notifyEventTriggered(276)) - trigger a one-shot run on RatisPipelineUtilsThread.
2022-07-27 13:49:07,302 [RatisPipelineUtilsThread - 0] INFO  pipeline.RatisPipelineProvider (RatisPipelineProvider.java:lambda$create$0(195)) - Sending CreatePipelineCommand for pipeline:PipelineID=51927b3c-84a4-444b-8ba1-4d17f1f44f46 to datanode:9135c07c-9562-4fec-aca6-20239d7a9d6d
2022-07-27 13:49:07,302 [RatisPipelineUtilsThread - 0] INFO  pipeline.RatisPipelineProvider (RatisPipelineProvider.java:lambda$create$0(195)) - Sending CreatePipelineCommand for pipeline:PipelineID=51927b3c-84a4-444b-8ba1-4d17f1f44f46 to datanode:df335623-852d-4a6f-8cff-fa9ba72c6e1b
2022-07-27 13:49:07,302 [RatisPipelineUtilsThread - 0] INFO  pipeline.RatisPipelineProvider (RatisPipelineProvider.java:lambda$create$0(195)) - Sending CreatePipelineCommand for pipeline:PipelineID=51927b3c-84a4-444b-8ba1-4d17f1f44f46 to datanode:efe9fd25-7228-4310-8e5d-4bcbbad78a8a
2022-07-27 13:49:07,303 [RatisPipelineUtilsThread - 0] INFO  pipeline.PipelineStateManagerImpl (PipelineStateManagerImpl.java:addPipeline(103)) - Created pipeline Pipeline[ Id: 51927b3c-84a4-444b-8ba1-4d17f1f44f46, Nodes: 9135c07c-9562-4fec-aca6-20239d7a9d6d{ip: 10.1.0.21, host: fv-az217-261.5fhmivlnczbevhjmk01nzrxweh.bx.internal.cloudapp.net, ports: [REPLICATION=37661, RATIS=40625, RATIS_ADMIN=40625, RATIS_SERVER=40625, STANDALONE=42889], networkLocation: /default-rack, certSerialId: null, persistedOpState: IN_SERVICE, persistedOpStateExpiryEpochSec: 0}df335623-852d-4a6f-8cff-fa9ba72c6e1b{ip: 10.1.0.21, host: fv-az217-261.5fhmivlnczbevhjmk01nzrxweh.bx.internal.cloudapp.net, ports: [REPLICATION=39873, RATIS=40909, RATIS_ADMIN=40909, RATIS_SERVER=40909, STANDALONE=42335], networkLocation: /default-rack, certSerialId: null, persistedOpState: IN_SERVICE, persistedOpStateExpiryEpochSec: 0}efe9fd25-7228-4310-8e5d-4bcbbad78a8a{ip: 10.1.0.21, host: fv-az217-261.5fhmivlnczbevhjmk01nzrxweh.bx.internal.cloudapp.net, ports: [REPLICATION=38989, RATIS=38425, RATIS_ADMIN=38425, RATIS_SERVER=38425, STANDALONE=46799], networkLocation: /default-rack, certSerialId: null, persistedOpState: IN_SERVICE, persistedOpStateExpiryEpochSec: 0}, ReplicationConfig: RATIS/THREE, State:ALLOCATED, leaderId:, CreationTimestamp2022-07-27T13:49:07.302Z[Etc/UTC]].
2022-07-27 13:49:07,304 [RatisPipelineUtilsThread - 0] INFO  pipeline.RatisPipelineProvider (RatisPipelineProvider.java:lambda$create$0(195)) - Sending CreatePipelineCommand for pipeline:PipelineID=d20d3ed0-ea39-4881-8953-ec36fc0c3e24 to datanode:efe9fd25-7228-4310-8e5d-4bcbbad78a8a
2022-07-27 13:49:07,304 [RatisPipelineUtilsThread - 0] INFO  pipeline.RatisPipelineProvider (RatisPipelineProvider.java:lambda$create$0(195)) - Sending CreatePipelineCommand for pipeline:PipelineID=d20d3ed0-ea39-4881-8953-ec36fc0c3e24 to datanode:9135c07c-9562-4fec-aca6-20239d7a9d6d
2022-07-27 13:49:07,304 [RatisPipelineUtilsThread - 0] INFO  pipeline.RatisPipelineProvider (RatisPipelineProvider.java:lambda$create$0(195)) - Sending CreatePipelineCommand for pipeline:PipelineID=d20d3ed0-ea39-4881-8953-ec36fc0c3e24 to datanode:df335623-852d-4a6f-8cff-fa9ba72c6e1b
2022-07-27 13:49:07,305 [RatisPipelineUtilsThread - 0] INFO  pipeline.PipelineStateManagerImpl (PipelineStateManagerImpl.java:addPipeline(103)) - Created pipeline Pipeline[ Id: d20d3ed0-ea39-4881-8953-ec36fc0c3e24, Nodes: efe9fd25-7228-4310-8e5d-4bcbbad78a8a{ip: 10.1.0.21, host: fv-az217-261.5fhmivlnczbevhjmk01nzrxweh.bx.internal.cloudapp.net, ports: [REPLICATION=38989, RATIS=38425, RATIS_ADMIN=38425, RATIS_SERVER=38425, STANDALONE=46799], networkLocation: /default-rack, certSerialId: null, persistedOpState: IN_SERVICE, persistedOpStateExpiryEpochSec: 0}9135c07c-9562-4fec-aca6-20239d7a9d6d{ip: 10.1.0.21, host: fv-az217-261.5fhmivlnczbevhjmk01nzrxweh.bx.internal.cloudapp.net, ports: [REPLICATION=37661, RATIS=40625, RATIS_ADMIN=40625, RATIS_SERVER=40625, STANDALONE=42889], networkLocation: /default-rack, certSerialId: null, persistedOpState: IN_SERVICE, persistedOpStateExpiryEpochSec: 0}df335623-852d-4a6f-8cff-fa9ba72c6e1b{ip: 10.1.0.21, host: fv-az217-261.5fhmivlnczbevhjmk01nzrxweh.bx.internal.cloudapp.net, ports: [REPLICATION=39873, RATIS=40909, RATIS_ADMIN=40909, RATIS_SERVER=40909, STANDALONE=42335], networkLocation: /default-rack, certSerialId: null, persistedOpState: IN_SERVICE, persistedOpStateExpiryEpochSec: 0}, ReplicationConfig: RATIS/THREE, State:ALLOCATED, leaderId:, CreationTimestamp2022-07-27T13:49:07.304Z[Etc/UTC]].
2022-07-27 13:49:07,305 [RatisPipelineUtilsThread - 0] INFO  pipeline.PipelineManagerImpl (PipelineManagerImpl.java:recordMetricsForPipeline(796)) - Pipeline: PipelineID=d20d3ed0-ea39-4881-8953-ec36fc0c3e24 contains same datanodes as previous pipelines: PipelineID=51927b3c-84a4-444b-8ba1-4d17f1f44f46 nodeIds: efe9fd25-7228-4310-8e5d-4bcbbad78a8a, 9135c07c-9562-4fec-aca6-20239d7a9d6d, df335623-852d-4a6f-8cff-fa9ba72c6e1b
2022-07-27 13:49:07,590 [IPC Server handler 6 on default port 35237] INFO  net.NetworkTopologyImpl (NetworkTopologyImpl.java:add(112)) - Added a new node: /default-rack/cb7edee7-fe7c-4fa3-abda-3ed18a74bab8
2022-07-27 13:49:07,591 [IPC Server handler 6 on default port 35237] INFO  node.SCMNodeManager (SCMNodeManager.java:register(397)) - Registered Data node : cb7edee7-fe7c-4fa3-abda-3ed18a74bab8{ip: 10.1.0.21, host: fv-az217-261.5fhmivlnczbevhjmk01nzrxweh.bx.internal.cloudapp.net, ports: [REPLICATION=46015, RATIS=39367, RATIS_ADMIN=39367, RATIS_SERVER=39367, STANDALONE=34043], networkLocation: /default-rack, certSerialId: null, persistedOpState: null, persistedOpStateExpiryEpochSec: 0}
2022-07-27 13:49:07,591 [EventQueue-NewNodeForNewNodeHandler] INFO  pipeline.BackgroundPipelineCreator (BackgroundPipelineCreator.java:notifyEventTriggered(276)) - trigger a one-shot run on RatisPipelineUtilsThread.
2022-07-27 13:49:07,593 [RatisPipelineUtilsThread - 0] INFO  pipeline.RatisPipelineProvider (RatisPipelineProvider.java:lambda$create$0(195)) - Sending CreatePipelineCommand for pipeline:PipelineID=a2e80931-c90e-41dd-8107-da5c3482901f to datanode:cb7edee7-fe7c-4fa3-abda-3ed18a74bab8
2022-07-27 13:49:07,593 [RatisPipelineUtilsThread - 0] INFO  pipeline.PipelineStateManagerImpl (PipelineStateManagerImpl.java:addPipeline(103)) - Created pipeline Pipeline[ Id: a2e80931-c90e-41dd-8107-da5c3482901f, Nodes: cb7edee7-fe7c-4fa3-abda-3ed18a74bab8{ip: 10.1.0.21, host: fv-az217-261.5fhmivlnczbevhjmk01nzrxweh.bx.internal.cloudapp.net, ports: [REPLICATION=46015, RATIS=39367, RATIS_ADMIN=39367, RATIS_SERVER=39367, STANDALONE=34043], networkLocation: /default-rack, certSerialId: null, persistedOpState: IN_SERVICE, persistedOpStateExpiryEpochSec: 0}, ReplicationConfig: RATIS/ONE, State:ALLOCATED, leaderId:, CreationTimestamp2022-07-27T13:49:07.593Z[Etc/UTC]].
2022-07-27 13:49:07,875 [Listener at 127.0.0.1/44975] INFO  ozone.MiniOzoneClusterImpl (MiniOzoneClusterImpl.java:lambda$waitForClusterToBeReady$0(216)) - Waiting for nodes to be ready. Got 4 of 5 DN Heartbeats.
2022-07-27 13:49:07,875 [Listener at 127.0.0.1/44975] INFO  ozone.MiniOzoneClusterImpl (MiniOzoneClusterImpl.java:lambda$waitForClusterToBeReady$0(219)) - Waiting for cluster to exit safe mode
2022-07-27 13:49:07,875 [Listener at 127.0.0.1/44975] INFO  ozone.MiniOzoneClusterImpl (MiniOzoneClusterImpl.java:lambda$waitForClusterToBeReady$0(221)) - SCM became leader
2022-07-27 13:49:07,883 [IPC Server handler 4 on default port 35237] INFO  net.NetworkTopologyImpl (NetworkTopologyImpl.java:add(112)) - Added a new node: /default-rack/89f3cafd-f6f4-41ae-bc62-6e12401c3bdc
2022-07-27 13:49:07,884 [IPC Server handler 4 on default port 35237] INFO  node.SCMNodeManager (SCMNodeManager.java:register(397)) - Registered Data node : 89f3cafd-f6f4-41ae-bc62-6e12401c3bdc{ip: 10.1.0.21, host: fv-az217-261.5fhmivlnczbevhjmk01nzrxweh.bx.internal.cloudapp.net, ports: [REPLICATION=38841, RATIS=34539, RATIS_ADMIN=34539, RATIS_SERVER=34539, STANDALONE=35801], networkLocation: /default-rack, certSerialId: null, persistedOpState: null, persistedOpStateExpiryEpochSec: 0}
2022-07-27 13:49:07,885 [EventQueue-NewNodeForNewNodeHandler] INFO  pipeline.BackgroundPipelineCreator (BackgroundPipelineCreator.java:notifyEventTriggered(276)) - trigger a one-shot run on RatisPipelineUtilsThread.
2022-07-27 13:49:07,885 [RatisPipelineUtilsThread - 0] INFO  pipeline.RatisPipelineProvider (RatisPipelineProvider.java:lambda$create$0(195)) - Sending CreatePipelineCommand for pipeline:PipelineID=1da72f4d-31a7-4aa7-932d-80fea706ba56 to datanode:89f3cafd-f6f4-41ae-bc62-6e12401c3bdc
2022-07-27 13:49:07,886 [RatisPipelineUtilsThread - 0] INFO  pipeline.PipelineStateManagerImpl (PipelineStateManagerImpl.java:addPipeline(103)) - Created pipeline Pipeline[ Id: 1da72f4d-31a7-4aa7-932d-80fea706ba56, Nodes: 89f3cafd-f6f4-41ae-bc62-6e12401c3bdc{ip: 10.1.0.21, host: fv-az217-261.5fhmivlnczbevhjmk01nzrxweh.bx.internal.cloudapp.net, ports: [REPLICATION=38841, RATIS=34539, RATIS_ADMIN=34539, RATIS_SERVER=34539, STANDALONE=35801], networkLocation: /default-rack, certSerialId: null, persistedOpState: IN_SERVICE, persistedOpStateExpiryEpochSec: 0}, ReplicationConfig: RATIS/ONE, State:ALLOCATED, leaderId:, CreationTimestamp2022-07-27T13:49:07.885Z[Etc/UTC]].
2022-07-27 13:49:08,876 [Listener at 127.0.0.1/44975] INFO  ozone.MiniOzoneClusterImpl (MiniOzoneClusterImpl.java:lambda$waitForClusterToBeReady$0(216)) - Nodes are ready. Got 5 of 5 DN Heartbeats.
2022-07-27 13:49:08,876 [Listener at 127.0.0.1/44975] INFO  ozone.MiniOzoneClusterImpl (MiniOzoneClusterImpl.java:lambda$waitForClusterToBeReady$0(219)) - Waiting for cluster to exit safe mode
2022-07-27 13:49:08,876 [Listener at 127.0.0.1/44975] INFO  ozone.MiniOzoneClusterImpl (MiniOzoneClusterImpl.java:lambda$waitForClusterToBeReady$0(221)) - SCM became leader
2022-07-27 13:49:09,496 [Command processor thread] INFO  server.RaftServer (RaftServerProxy.java:addNew(96)) - df335623-852d-4a6f-8cff-fa9ba72c6e1b: addNew group-9244B3F990A8:[df335623-852d-4a6f-8cff-fa9ba72c6e1b|rpc:10.1.0.21:40909|priority:1] returns group-9244B3F990A8:java.util.concurrent.CompletableFuture@7fe8ce3[Not completed]
2022-07-27 13:49:09,506 [pool-73-thread-1] INFO  server.RaftServer$Division (RaftServerImpl.java:<init>(190)) - df335623-852d-4a6f-8cff-fa9ba72c6e1b: new RaftServerImpl for group-9244B3F990A8:[df335623-852d-4a6f-8cff-fa9ba72c6e1b|rpc:10.1.0.21:40909|priority:1] with ContainerStateMachine:uninitialized
2022-07-27 13:49:09,506 [pool-73-thread-1] INFO  server.RaftServerConfigKeys (ConfUtils.java:logGet(46)) - raft.server.rpc.timeout.min = 5s (custom)
2022-07-27 13:49:09,506 [pool-73-thread-1] INFO  server.RaftServerConfigKeys (ConfUtils.java:logGet(46)) - raft.server.rpc.timeout.max = 5200ms (custom)
2022-07-27 13:49:09,506 [pool-73-thread-1] INFO  server.RaftServerConfigKeys (ConfUtils.java:logGet(46)) - raft.server.rpc.sleep.time = 25ms (default)
2022-07-27 13:49:09,506 [pool-73-thread-1] INFO  server.RaftServerConfigKeys (ConfUtils.java:logGet(46)) - raft.server.rpc.slowness.timeout = 300s (custom)
2022-07-27 13:49:09,506 [pool-73-thread-1] INFO  server.RaftServerConfigKeys (ConfUtils.java:logGet(46)) - raft.server.leaderelection.leader.step-down.wait-time = 10s (default)
2022-07-27 13:49:09,506 [pool-73-thread-1] INFO  server.RaftServerConfigKeys (ConfUtils.java:logGet(46)) - raft.server.sleep.deviation.threshold = 300ms (default)
2022-07-27 13:49:09,506 [pool-73-thread-1] INFO  server.RaftServer$Division (ServerState.java:<init>(107)) - df335623-852d-4a6f-8cff-fa9ba72c6e1b@group-9244B3F990A8: ConfigurationManager, init=-1: [df335623-852d-4a6f-8cff-fa9ba72c6e1b|rpc:10.1.0.21:40909|priority:1], old=null, confs=<EMPTY_MAP>
2022-07-27 13:49:09,507 [pool-73-thread-1] INFO  server.RaftServerConfigKeys (ConfUtils.java:logGet(46)) - raft.server.storage.dir = [/home/runner/work/ozone/ozone/hadoop-ozone/integration-test/target/test-dir/MiniOzoneClusterImpl-cbeacfe2-84b1-4648-87cc-d28f9e4744b3/datanode-0/data/ratis] (custom)
2022-07-27 13:49:09,507 [pool-73-thread-1] INFO  server.RaftServerConfigKeys (ConfUtils.java:logGet(46)) - raft.server.log.corruption.policy = EXCEPTION (default)
2022-07-27 13:49:09,507 [pool-73-thread-1] INFO  server.RaftServerConfigKeys (ConfUtils.java:logGet(46)) - raft.server.storage.free-space.min = 0MB (=0) (default)
2022-07-27 13:49:09,507 [pool-73-thread-1] INFO  storage.RaftStorageDirectory (RaftStorageDirectoryImpl.java:analyzeStorage(135)) - The storage directory /home/runner/work/ozone/ozone/hadoop-ozone/integration-test/target/test-dir/MiniOzoneClusterImpl-cbeacfe2-84b1-4648-87cc-d28f9e4744b3/datanode-0/data/ratis/c0957ea4-2684-4d83-8b4a-9244b3f990a8 does not exist. Creating ...
2022-07-27 13:49:09,509 [pool-73-thread-1] INFO  storage.RaftStorageDirectory (RaftStorageDirectoryImpl.java:tryLock(230)) - Lock on /home/runner/work/ozone/ozone/hadoop-ozone/integration-test/target/test-dir/MiniOzoneClusterImpl-cbeacfe2-84b1-4648-87cc-d28f9e4744b3/datanode-0/data/ratis/c0957ea4-2684-4d83-8b4a-9244b3f990a8/in_use.lock acquired by nodename 11093@fv-az217-261
2022-07-27 13:49:09,510 [pool-73-thread-1] INFO  storage.RaftStorage (RaftStorageImpl.java:format(89)) - Storage directory /home/runner/work/ozone/ozone/hadoop-ozone/integration-test/target/test-dir/MiniOzoneClusterImpl-cbeacfe2-84b1-4648-87cc-d28f9e4744b3/datanode-0/data/ratis/c0957ea4-2684-4d83-8b4a-9244b3f990a8 has been successfully formatted.
2022-07-27 13:49:09,536 [pool-73-thread-1] INFO  ratis.ContainerStateMachine (ContainerStateMachine.java:loadSnapshot(236)) - group-9244B3F990A8: The snapshot info is null. Setting the last applied indexto:(t:0, i:~)
2022-07-27 13:49:09,536 [pool-73-thread-1] INFO  server.RaftServerConfigKeys (ConfUtils.java:logGet(46)) - raft.server.notification.no-leader.timeout = 300s (custom)
2022-07-27 13:49:09,536 [pool-73-thread-1] INFO  server.RaftServerConfigKeys (ConfUtils.java:logGet(46)) - raft.server.log.use.memory = false (default)
2022-07-27 13:49:09,536 [pool-73-thread-1] INFO  server.RaftServerConfigKeys (ConfUtils.java:logGet(46)) - raft.server.log.purge.gap = 1000000 (custom)
2022-07-27 13:49:09,536 [pool-73-thread-1] INFO  server.RaftServerConfigKeys (ConfUtils.java:logGet(46)) - raft.server.log.appender.buffer.byte-limit = 33554432 (custom)
2022-07-27 13:49:09,536 [pool-73-thread-1] INFO  server.RaftServerConfigKeys (ConfUtils.java:logGet(46)) - raft.server.log.statemachine.data.read.timeout = 1000ms (default)
2022-07-27 13:49:09,537 [pool-73-thread-1] INFO  server.RaftServerConfigKeys (ConfUtils.java:logGet(46)) - raft.server.log.segment.size.max = 1048576 (custom)
2022-07-27 13:49:09,537 [pool-73-thread-1] INFO  server.RaftServerConfigKeys (ConfUtils.java:logGet(46)) - raft.server.log.segment.cache.num.max = 2 (custom)
2022-07-27 13:49:09,537 [pool-73-thread-1] INFO  server.RaftServerConfigKeys (ConfUtils.java:logGet(46)) - raft.server.log.segment.cache.size.max = 200MB (=209715200) (default)
2022-07-27 13:49:09,548 [pool-73-thread-1] INFO  segmented.SegmentedRaftLogWorker (SegmentedRaftLogWorker.java:<init>(187)) - new df335623-852d-4a6f-8cff-fa9ba72c6e1b@group-9244B3F990A8-SegmentedRaftLogWorker for RaftStorageImpl:Storage Directory /home/runner/work/ozone/ozone/hadoop-ozone/integration-test/target/test-dir/MiniOzoneClusterImpl-cbeacfe2-84b1-4648-87cc-d28f9e4744b3/datanode-0/data/ratis/c0957ea4-2684-4d83-8b4a-9244b3f990a8
2022-07-27 13:49:09,548 [pool-73-thread-1] INFO  server.RaftServerConfigKeys (ConfUtils.java:logGet(46)) - raft.server.log.queue.byte-limit = 4294967296 (custom)
2022-07-27 13:49:09,548 [pool-73-thread-1] INFO  server.RaftServerConfigKeys (ConfUtils.java:logGet(46)) - raft.server.log.queue.element-limit = 1024 (custom)
2022-07-27 13:49:09,548 [pool-73-thread-1] INFO  server.RaftServerConfigKeys (ConfUtils.java:logGet(46)) - raft.server.log.segment.size.max = 1048576 (custom)
2022-07-27 13:49:09,548 [pool-73-thread-1] INFO  server.RaftServerConfigKeys (ConfUtils.java:logGet(46)) - raft.server.log.preallocated.size = 16384 (custom)
2022-07-27 13:49:09,548 [pool-73-thread-1] INFO  server.RaftServerConfigKeys (ConfUtils.java:logGet(46)) - raft.server.log.force.sync.num = 128 (default)
2022-07-27 13:49:09,548 [pool-73-thread-1] INFO  server.RaftServerConfigKeys (ConfUtils.java:logGet(46)) - raft.server.log.statemachine.data.sync = true (default)
2022-07-27 13:49:09,549 [pool-73-thread-1] INFO  server.RaftServerConfigKeys (ConfUtils.java:logGet(46)) - raft.server.log.statemachine.data.sync.timeout = 10s (default)
2022-07-27 13:49:09,549 [pool-73-thread-1] INFO  server.RaftServerConfigKeys (ConfUtils.java:logGet(46)) - raft.server.log.statemachine.data.sync.timeout.retry = -1 (default)
2022-07-27 13:49:09,550 [pool-73-thread-1] INFO  server.RaftServerConfigKeys (ConfUtils.java:logGet(46)) - raft.server.log.write.buffer.size = 1048576 (custom)
2022-07-27 13:49:09,551 [pool-73-thread-1] INFO  server.RaftServerConfigKeys (ConfUtils.java:logGet(46)) - raft.server.log.unsafe-flush.enabled = false (default)
2022-07-27 13:49:09,551 [pool-73-thread-1] INFO  server.RaftServerConfigKeys (ConfUtils.java:logGet(46)) - raft.server.log.statemachine.data.caching.enabled = true (custom)
2022-07-27 13:49:09,551 [pool-73-thread-1] INFO  segmented.SegmentedRaftLogWorker (SegmentedRaftLogWorker.java:lambda$new$0(135)) - df335623-852d-4a6f-8cff-fa9ba72c6e1b@group-9244B3F990A8-SegmentedRaftLogWorker: flushIndex: setUnconditionally 0 -> -1
2022-07-27 13:49:09,551 [pool-73-thread-1] INFO  segmented.SegmentedRaftLogWorker (SegmentedRaftLogWorker.java:lambda$new$0(135)) - df335623-852d-4a6f-8cff-fa9ba72c6e1b@group-9244B3F990A8-SegmentedRaftLogWorker: safeCacheEvictIndex: setUnconditionally 0 -> -1
2022-07-27 13:49:09,555 [pool-73-thread-1] INFO  server.RaftServerConfigKeys (ConfUtils.java:logGet(46)) - raft.server.snapshot.auto.trigger.enabled = true (custom)
2022-07-27 13:49:09,556 [pool-73-thread-1] INFO  server.RaftServerConfigKeys (ConfUtils.java:logGet(46)) - raft.server.snapshot.auto.trigger.threshold = 10000 (custom)
2022-07-27 13:49:09,556 [pool-73-thread-1] INFO  server.RaftServerConfigKeys (ConfUtils.java:logGet(46)) - raft.server.snapshot.retention.file.num = 5 (custom)
2022-07-27 13:49:09,556 [pool-73-thread-1] INFO  server.RaftServerConfigKeys (ConfUtils.java:logGet(46)) - raft.server.log.purge.upto.snapshot.index = false (default)
2022-07-27 13:49:09,556 [pool-73-thread-1] INFO  server.RaftServerConfigKeys (ConfUtils.java:logGet(46)) - raft.server.retrycache.expirytime = 600000ms (custom)
2022-07-27 13:49:09,556 [pool-73-thread-1] INFO  server.RaftServerConfigKeys (ConfUtils.java:logGet(46)) - raft.server.retrycache.statistics.expirytime = 100μs (default)
2022-07-27 13:49:09,559 [pool-73-thread-1] INFO  server.RaftServerConfigKeys (ConfUtils.java:logGet(46)) - raft.server.log.appender.install.snapshot.enabled = false (custom)
2022-07-27 13:49:09,559 [pool-73-thread-1] INFO  server.RaftServerConfigKeys (ConfUtils.java:logGet(46)) - raft.server.threadpool.server.cached = true (default)
2022-07-27 13:49:09,559 [pool-73-thread-1] INFO  server.RaftServerConfigKeys (ConfUtils.java:logGet(46)) - raft.server.threadpool.server.size = 0 (default)
2022-07-27 13:49:09,560 [pool-73-thread-1] INFO  server.RaftServerConfigKeys (ConfUtils.java:logGet(46)) - raft.server.threadpool.client.cached = true (default)
2022-07-27 13:49:09,560 [pool-73-thread-1] INFO  server.RaftServerConfigKeys (ConfUtils.java:logGet(46)) - raft.server.threadpool.client.size = 0 (default)
2022-07-27 13:49:09,560 [pool-73-thread-1] INFO  server.RaftServer$Division (RaftServerImpl.java:start(310)) - df335623-852d-4a6f-8cff-fa9ba72c6e1b@group-9244B3F990A8: start as a follower, conf=-1: [df335623-852d-4a6f-8cff-fa9ba72c6e1b|rpc:10.1.0.21:40909|priority:1], old=null
2022-07-27 13:49:09,560 [pool-73-thread-1] INFO  server.RaftServer$Division (RaftServerImpl.java:setRole(299)) - df335623-852d-4a6f-8cff-fa9ba72c6e1b@group-9244B3F990A8: changes role from      null to FOLLOWER at term 0 for startAsFollower
2022-07-27 13:49:09,560 [pool-73-thread-1] INFO  impl.RoleInfo (RoleInfo.java:updateAndGet(139)) - df335623-852d-4a6f-8cff-fa9ba72c6e1b: start df335623-852d-4a6f-8cff-fa9ba72c6e1b@group-9244B3F990A8-FollowerState
2022-07-27 13:49:09,560 [EventQueue-PipelineReportForPipelineReportHandler] INFO  pipeline.PipelineManagerImpl (PipelineManagerImpl.java:openPipeline(367)) - Pipeline Pipeline[ Id: c0957ea4-2684-4d83-8b4a-9244b3f990a8, Nodes: df335623-852d-4a6f-8cff-fa9ba72c6e1b{ip: 10.1.0.21, host: fv-az217-261.5fhmivlnczbevhjmk01nzrxweh.bx.internal.cloudapp.net, ports: [REPLICATION=39873, RATIS=40909, RATIS_ADMIN=40909, RATIS_SERVER=40909, STANDALONE=42335], networkLocation: /default-rack, certSerialId: null, persistedOpState: IN_SERVICE, persistedOpStateExpiryEpochSec: 0}, ReplicationConfig: RATIS/ONE, State:ALLOCATED, leaderId:df335623-852d-4a6f-8cff-fa9ba72c6e1b, CreationTimestamp2022-07-27T13:49:06.512Z[Etc/UTC]] moved to OPEN state
2022-07-27 13:49:09,567 [pool-73-thread-1] INFO  util.JmxRegister (JmxRegister.java:tryRegister(44)) - Successfully registered JMX Bean with object name Ratis:service=RaftServer,group=group-9244B3F990A8,id=df335623-852d-4a6f-8cff-fa9ba72c6e1b
2022-07-27 13:49:09,570 [EventQueue-OpenPipelineForHealthyPipelineSafeModeRule] INFO  safemode.SCMSafeModeManager (HealthyPipelineSafeModeRule.java:process(137)) - SCM in safe mode. Healthy pipelines reported count is 0, required healthy pipeline reported count is 1
2022-07-27 13:49:09,579 [Command processor thread] INFO  ratis.XceiverServerRatis (XceiverServerRatis.java:addGroup(765)) - Created group PipelineID=c0957ea4-2684-4d83-8b4a-9244b3f990a8
2022-07-27 13:49:09,579 [Command processor thread] INFO  commandhandler.CreatePipelineCommandHandler (CreatePipelineCommandHandler.java:handle(113)) - Created Pipeline RATIS ONE PipelineID=c0957ea4-2684-4d83-8b4a-9244b3f990a8.
2022-07-27 13:49:09,580 [Command processor thread] INFO  server.RaftServer (RaftServerProxy.java:addNew(96)) - df335623-852d-4a6f-8cff-fa9ba72c6e1b: addNew group-4D17F1F44F46:[df335623-852d-4a6f-8cff-fa9ba72c6e1b|rpc:10.1.0.21:40909|priority:1, efe9fd25-7228-4310-8e5d-4bcbbad78a8a|rpc:10.1.0.21:38425|priority:0, 9135c07c-9562-4fec-aca6-20239d7a9d6d|rpc:10.1.0.21:40625|priority:0] returns group-4D17F1F44F46:java.util.concurrent.CompletableFuture@7d8b70ad[Not completed]
2022-07-27 13:49:09,581 [pool-73-thread-1] INFO  server.RaftServer$Division (RaftServerImpl.java:<init>(190)) - df335623-852d-4a6f-8cff-fa9ba72c6e1b: new RaftServerImpl for group-4D17F1F44F46:[df335623-852d-4a6f-8cff-fa9ba72c6e1b|rpc:10.1.0.21:40909|priority:1, efe9fd25-7228-4310-8e5d-4bcbbad78a8a|rpc:10.1.0.21:38425|priority:0, 9135c07c-9562-4fec-aca6-20239d7a9d6d|rpc:10.1.0.21:40625|priority:0] with ContainerStateMachine:uninitialized
2022-07-27 13:49:09,581 [pool-73-thread-1] INFO  server.RaftServerConfigKeys (ConfUtils.java:logGet(46)) - raft.server.rpc.timeout.min = 5s (custom)
2022-07-27 13:49:09,581 [pool-73-thread-1] INFO  server.RaftServerConfigKeys (ConfUtils.java:logGet(46)) - raft.server.rpc.timeout.max = 5200ms (custom)
2022-07-27 13:49:09,581 [pool-73-thread-1] INFO  server.RaftServerConfigKeys (ConfUtils.java:logGet(46)) - raft.server.rpc.sleep.time = 25ms (default)
2022-07-27 13:49:09,581 [pool-73-thread-1] INFO  server.RaftServerConfigKeys (ConfUtils.java:logGet(46)) - raft.server.rpc.slowness.timeout = 300s (custom)
2022-07-27 13:49:09,581 [pool-73-thread-1] INFO  server.RaftServerConfigKeys (ConfUtils.java:logGet(46)) - raft.server.leaderelection.leader.step-down.wait-time = 10s (default)
2022-07-27 13:49:09,581 [pool-73-thread-1] INFO  server.RaftServerConfigKeys (ConfUtils.java:logGet(46)) - raft.server.sleep.deviation.threshold = 300ms (default)
2022-07-27 13:49:09,582 [pool-73-thread-1] INFO  server.RaftServer$Division (ServerState.java:<init>(107)) - df335623-852d-4a6f-8cff-fa9ba72c6e1b@group-4D17F1F44F46: ConfigurationManager, init=-1: [df335623-852d-4a6f-8cff-fa9ba72c6e1b|rpc:10.1.0.21:40909|priority:1, efe9fd25-7228-4310-8e5d-4bcbbad78a8a|rpc:10.1.0.21:38425|priority:0, 9135c07c-9562-4fec-aca6-20239d7a9d6d|rpc:10.1.0.21:40625|priority:0], old=null, confs=<EMPTY_MAP>
2022-07-27 13:49:09,582 [pool-73-thread-1] INFO  server.RaftServerConfigKeys (ConfUtils.java:logGet(46)) - raft.server.storage.dir = [/home/runner/work/ozone/ozone/hadoop-ozone/integration-test/target/test-dir/MiniOzoneClusterImpl-cbeacfe2-84b1-4648-87cc-d28f9e4744b3/datanode-0/data/ratis] (custom)
2022-07-27 13:49:09,582 [pool-73-thread-1] INFO  server.RaftServerConfigKeys (ConfUtils.java:logGet(46)) - raft.server.log.corruption.policy = EXCEPTION (default)
2022-07-27 13:49:09,582 [pool-73-thread-1] INFO  server.RaftServerConfigKeys (ConfUtils.java:logGet(46)) - raft.server.storage.free-space.min = 0MB (=0) (default)
2022-07-27 13:49:09,582 [pool-73-thread-1] INFO  storage.RaftStorageDirectory (RaftStorageDirectoryImpl.java:analyzeStorage(135)) - The storage directory /home/runner/work/ozone/ozone/hadoop-ozone/integration-test/target/test-dir/MiniOzoneClusterImpl-cbeacfe2-84b1-4648-87cc-d28f9e4744b3/datanode-0/data/ratis/51927b3c-84a4-444b-8ba1-4d17f1f44f46 does not exist. Creating ...
2022-07-27 13:49:09,583 [pool-73-thread-1] INFO  storage.RaftStorageDirectory (RaftStorageDirectoryImpl.java:tryLock(230)) - Lock on /home/runner/work/ozone/ozone/hadoop-ozone/integration-test/target/test-dir/MiniOzoneClusterImpl-cbeacfe2-84b1-4648-87cc-d28f9e4744b3/datanode-0/data/ratis/51927b3c-84a4-444b-8ba1-4d17f1f44f46/in_use.lock acquired by nodename 11093@fv-az217-261
2022-07-27 13:49:09,584 [pool-73-thread-1] INFO  storage.RaftStorage (RaftStorageImpl.java:format(89)) - Storage directory /home/runner/work/ozone/ozone/hadoop-ozone/integration-test/target/test-dir/MiniOzoneClusterImpl-cbeacfe2-84b1-4648-87cc-d28f9e4744b3/datanode-0/data/ratis/51927b3c-84a4-444b-8ba1-4d17f1f44f46 has been successfully formatted.
2022-07-27 13:49:09,585 [pool-73-thread-1] INFO  ratis.ContainerStateMachine (ContainerStateMachine.java:loadSnapshot(236)) - group-4D17F1F44F46: The snapshot info is null. Setting the last applied indexto:(t:0, i:~)
2022-07-27 13:49:09,585 [pool-73-thread-1] INFO  server.RaftServerConfigKeys (ConfUtils.java:logGet(46)) - raft.server.notification.no-leader.timeout = 300s (custom)
2022-07-27 13:49:09,585 [pool-73-thread-1] INFO  server.RaftServerConfigKeys (ConfUtils.java:logGet(46)) - raft.server.log.use.memory = false (default)
2022-07-27 13:49:09,585 [pool-73-thread-1] INFO  server.RaftServerConfigKeys (ConfUtils.java:logGet(46)) - raft.server.log.purge.gap = 1000000 (custom)
2022-07-27 13:49:09,585 [pool-73-thread-1] INFO  server.RaftServerConfigKeys (ConfUtils.java:logGet(46)) - raft.server.log.appender.buffer.byte-limit = 33554432 (custom)
2022-07-27 13:49:09,585 [pool-73-thread-1] INFO  server.RaftServerConfigKeys (ConfUtils.java:logGet(46)) - raft.server.log.statemachine.data.read.timeout = 1000ms (default)
2022-07-27 13:49:09,593 [EventQueue-OpenPipelineForHealthyPipelineSafeModeRule] INFO  safemode.SCMSafeModeManager (HealthyPipelineSafeModeRule.java:process(137)) - SCM in safe mode. Healthy pipelines reported count is 0, required healthy pipeline reported count is 1
2022-07-27 13:49:09,594 [pool-73-thread-1] INFO  server.RaftServerConfigKeys (ConfUtils.java:logGet(46)) - raft.server.log.segment.size.max = 1048576 (custom)
2022-07-27 13:49:09,595 [pool-73-thread-1] INFO  server.RaftServerConfigKeys (ConfUtils.java:logGet(46)) - raft.server.log.segment.cache.num.max = 2 (custom)
2022-07-27 13:49:09,595 [pool-73-thread-1] INFO  server.RaftServerConfigKeys (ConfUtils.java:logGet(46)) - raft.server.log.segment.cache.size.max = 200MB (=209715200) (default)
2022-07-27 13:49:09,595 [pool-73-thread-1] INFO  segmented.SegmentedRaftLogWorker (SegmentedRaftLogWorker.java:<init>(187)) - new df335623-852d-4a6f-8cff-fa9ba72c6e1b@group-4D17F1F44F46-SegmentedRaftLogWorker for RaftStorageImpl:Storage Directory /home/runner/work/ozone/ozone/hadoop-ozone/integration-test/target/test-dir/MiniOzoneClusterImpl-cbeacfe2-84b1-4648-87cc-d28f9e4744b3/datanode-0/data/ratis/51927b3c-84a4-444b-8ba1-4d17f1f44f46
2022-07-27 13:49:09,595 [pool-73-thread-1] INFO  server.RaftServerConfigKeys (ConfUtils.java:logGet(46)) - raft.server.log.queue.byte-limit = 4294967296 (custom)
2022-07-27 13:49:09,595 [pool-73-thread-1] INFO  server.RaftServerConfigKeys (ConfUtils.java:logGet(46)) - raft.server.log.queue.element-limit = 1024 (custom)
2022-07-27 13:49:09,595 [pool-73-thread-1] INFO  server.RaftServerConfigKeys (ConfUtils.java:logGet(46)) - raft.server.log.segment.size.max = 1048576 (custom)
2022-07-27 13:49:09,595 [pool-73-thread-1] INFO  server.RaftServerConfigKeys (ConfUtils.java:logGet(46)) - raft.server.log.preallocated.size = 16384 (custom)
2022-07-27 13:49:09,595 [pool-73-thread-1] INFO  server.RaftServerConfigKeys (ConfUtils.java:logGet(46)) - raft.server.log.force.sync.num = 128 (default)
2022-07-27 13:49:09,595 [pool-73-thread-1] INFO  server.RaftServerConfigKeys (ConfUtils.java:logGet(46)) - raft.server.log.statemachine.data.sync = true (default)
2022-07-27 13:49:09,595 [pool-73-thread-1] INFO  server.RaftServerConfigKeys (ConfUtils.java:logGet(46)) - raft.server.log.statemachine.data.sync.timeout = 10s (default)
2022-07-27 13:49:09,595 [pool-73-thread-1] INFO  server.RaftServerConfigKeys (ConfUtils.java:logGet(46)) - raft.server.log.statemachine.data.sync.timeout.retry = -1 (default)
2022-07-27 13:49:09,597 [pool-73-thread-1] INFO  server.RaftServerConfigKeys (ConfUtils.java:logGet(46)) - raft.server.log.write.buffer.size = 1048576 (custom)
2022-07-27 13:49:09,597 [pool-73-thread-1] INFO  server.RaftServerConfigKeys (ConfUtils.java:logGet(46)) - raft.server.log.unsafe-flush.enabled = false (default)
2022-07-27 13:49:09,598 [pool-73-thread-1] INFO  server.RaftServerConfigKeys (ConfUtils.java:logGet(46)) - raft.server.log.statemachine.data.caching.enabled = true (custom)
2022-07-27 13:49:09,598 [pool-73-thread-1] INFO  segmented.SegmentedRaftLogWorker (SegmentedRaftLogWorker.java:lambda$new$0(135)) - df335623-852d-4a6f-8cff-fa9ba72c6e1b@group-4D17F1F44F46-SegmentedRaftLogWorker: flushIndex: setUnconditionally 0 -> -1
2022-07-27 13:49:09,598 [pool-73-thread-1] INFO  segmented.SegmentedRaftLogWorker (SegmentedRaftLogWorker.java:lambda$new$0(135)) - df335623-852d-4a6f-8cff-fa9ba72c6e1b@group-4D17F1F44F46-SegmentedRaftLogWorker: safeCacheEvictIndex: setUnconditionally 0 -> -1
2022-07-27 13:49:09,598 [pool-73-thread-1] INFO  server.RaftServerConfigKeys (ConfUtils.java:logGet(46)) - raft.server.snapshot.auto.trigger.enabled = true (custom)
2022-07-27 13:49:09,598 [pool-73-thread-1] INFO  server.RaftServerConfigKeys (ConfUtils.java:logGet(46)) - raft.server.snapshot.auto.trigger.threshold = 10000 (custom)
2022-07-27 13:49:09,598 [pool-73-thread-1] INFO  server.RaftServerConfigKeys (ConfUtils.java:logGet(46)) - raft.server.snapshot.retention.file.num = 5 (custom)
2022-07-27 13:49:09,598 [pool-73-thread-1] INFO  server.RaftServerConfigKeys (ConfUtils.java:logGet(46)) - raft.server.log.purge.upto.snapshot.index = false (default)
2022-07-27 13:49:09,598 [pool-73-thread-1] INFO  server.RaftServerConfigKeys (ConfUtils.java:logGet(46)) - raft.server.retrycache.expirytime = 600000ms (custom)
2022-07-27 13:49:09,598 [pool-73-thread-1] INFO  server.RaftServerConfigKeys (ConfUtils.java:logGet(46)) - raft.server.retrycache.statistics.expirytime = 100μs (default)
2022-07-27 13:49:09,600 [pool-73-thread-1] INFO  server.RaftServerConfigKeys (ConfUtils.java:logGet(46)) - raft.server.log.appender.install.snapshot.enabled = false (custom)
2022-07-27 13:49:09,600 [pool-73-thread-1] INFO  server.RaftServerConfigKeys (ConfUtils.java:logGet(46)) - raft.server.threadpool.server.cached = true (default)
2022-07-27 13:49:09,600 [pool-73-thread-1] INFO  server.RaftServerConfigKeys (ConfUtils.java:logGet(46)) - raft.server.threadpool.server.size = 0 (default)
2022-07-27 13:49:09,600 [pool-73-thread-1] INFO  server.RaftServerConfigKeys (ConfUtils.java:logGet(46)) - raft.server.threadpool.client.cached = true (default)
2022-07-27 13:49:09,600 [pool-73-thread-1] INFO  server.RaftServerConfigKeys (ConfUtils.java:logGet(46)) - raft.server.threadpool.client.size = 0 (default)
2022-07-27 13:49:09,600 [pool-73-thread-1] INFO  server.RaftServer$Division (RaftServerImpl.java:start(310)) - df335623-852d-4a6f-8cff-fa9ba72c6e1b@group-4D17F1F44F46: start as a follower, conf=-1: [df335623-852d-4a6f-8cff-fa9ba72c6e1b|rpc:10.1.0.21:40909|priority:1, efe9fd25-7228-4310-8e5d-4bcbbad78a8a|rpc:10.1.0.21:38425|priority:0, 9135c07c-9562-4fec-aca6-20239d7a9d6d|rpc:10.1.0.21:40625|priority:0], old=null
2022-07-27 13:49:09,600 [pool-73-thread-1] INFO  server.RaftServer$Division (RaftServerImpl.java:setRole(299)) - df335623-852d-4a6f-8cff-fa9ba72c6e1b@group-4D17F1F44F46: changes role from      null to FOLLOWER at term 0 for startAsFollower
2022-07-27 13:49:09,600 [pool-73-thread-1] INFO  impl.RoleInfo (RoleInfo.java:updateAndGet(139)) - df335623-852d-4a6f-8cff-fa9ba72c6e1b: start df335623-852d-4a6f-8cff-fa9ba72c6e1b@group-4D17F1F44F46-FollowerState
2022-07-27 13:49:09,603 [pool-73-thread-1] INFO  util.JmxRegister (JmxRegister.java:tryRegister(44)) - Successfully registered JMX Bean with object name Ratis:service=RaftServer,group=group-4D17F1F44F46,id=df335623-852d-4a6f-8cff-fa9ba72c6e1b
2022-07-27 13:49:09,604 [Command processor thread] INFO  ratis.XceiverServerRatis (XceiverServerRatis.java:addGroup(765)) - Created group PipelineID=51927b3c-84a4-444b-8ba1-4d17f1f44f46
2022-07-27 13:49:09,876 [Listener at 127.0.0.1/44975] INFO  ozone.MiniOzoneClusterImpl (MiniOzoneClusterImpl.java:lambda$waitForClusterToBeReady$0(216)) - Nodes are ready. Got 5 of 5 DN Heartbeats.
2022-07-27 13:49:09,876 [Listener at 127.0.0.1/44975] INFO  ozone.MiniOzoneClusterImpl (MiniOzoneClusterImpl.java:lambda$waitForClusterToBeReady$0(219)) - Waiting for cluster to exit safe mode
2022-07-27 13:49:09,877 [Listener at 127.0.0.1/44975] INFO  ozone.MiniOzoneClusterImpl (MiniOzoneClusterImpl.java:lambda$waitForClusterToBeReady$0(221)) - SCM became leader
2022-07-27 13:49:09,969 [Command processor thread] INFO  server.RaftServer (RaftServerProxy.java:addNew(96)) - efe9fd25-7228-4310-8e5d-4bcbbad78a8a: addNew group-AB9871409AE8:[efe9fd25-7228-4310-8e5d-4bcbbad78a8a|rpc:10.1.0.21:38425|priority:1] returns group-AB9871409AE8:java.util.concurrent.CompletableFuture@42da67e4[Not completed]
2022-07-27 13:49:09,977 [pool-96-thread-1] INFO  server.RaftServer$Division (RaftServerImpl.java:<init>(190)) - efe9fd25-7228-4310-8e5d-4bcbbad78a8a: new RaftServerImpl for group-AB9871409AE8:[efe9fd25-7228-4310-8e5d-4bcbbad78a8a|rpc:10.1.0.21:38425|priority:1] with ContainerStateMachine:uninitialized
2022-07-27 13:49:09,977 [pool-96-thread-1] INFO  server.RaftServerConfigKeys (ConfUtils.java:logGet(46)) - raft.server.rpc.timeout.min = 5s (custom)
2022-07-27 13:49:09,977 [pool-96-thread-1] INFO  server.RaftServerConfigKeys (ConfUtils.java:logGet(46)) - raft.server.rpc.timeout.max = 5200ms (custom)
2022-07-27 13:49:09,977 [pool-96-thread-1] INFO  server.RaftServerConfigKeys (ConfUtils.java:logGet(46)) - raft.server.rpc.sleep.time = 25ms (default)
2022-07-27 13:49:09,977 [pool-96-thread-1] INFO  server.RaftServerConfigKeys (ConfUtils.java:logGet(46)) - raft.server.rpc.slowness.timeout = 300s (custom)
2022-07-27 13:49:09,977 [pool-96-thread-1] INFO  server.RaftServerConfigKeys (ConfUtils.java:logGet(46)) - raft.server.leaderelection.leader.step-down.wait-time = 10s (default)
2022-07-27 13:49:09,977 [pool-96-thread-1] INFO  server.RaftServerConfigKeys (ConfUtils.java:logGet(46)) - raft.server.sleep.deviation.threshold = 300ms (default)
2022-07-27 13:49:09,977 [pool-96-thread-1] INFO  server.RaftServer$Division (ServerState.java:<init>(107)) - efe9fd25-7228-4310-8e5d-4bcbbad78a8a@group-AB9871409AE8: ConfigurationManager, init=-1: [efe9fd25-7228-4310-8e5d-4bcbbad78a8a|rpc:10.1.0.21:38425|priority:1], old=null, confs=<EMPTY_MAP>
2022-07-27 13:49:09,977 [pool-96-thread-1] INFO  server.RaftServerConfigKeys (ConfUtils.java:logGet(46)) - raft.server.storage.dir = [/home/runner/work/ozone/ozone/hadoop-ozone/integration-test/target/test-dir/MiniOzoneClusterImpl-cbeacfe2-84b1-4648-87cc-d28f9e4744b3/datanode-1/data/ratis] (custom)
2022-07-27 13:49:09,978 [pool-96-thread-1] INFO  server.RaftServerConfigKeys (ConfUtils.java:logGet(46)) - raft.server.log.corruption.policy = EXCEPTION (default)
2022-07-27 13:49:09,978 [pool-96-thread-1] INFO  server.RaftServerConfigKeys (ConfUtils.java:logGet(46)) - raft.server.storage.free-space.min = 0MB (=0) (default)
2022-07-27 13:49:09,978 [pool-96-thread-1] INFO  storage.RaftStorageDirectory (RaftStorageDirectoryImpl.java:analyzeStorage(135)) - The storage directory /home/runner/work/ozone/ozone/hadoop-ozone/integration-test/target/test-dir/MiniOzoneClusterImpl-cbeacfe2-84b1-4648-87cc-d28f9e4744b3/datanode-1/data/ratis/c1a27d42-e517-4ab2-91d7-ab9871409ae8 does not exist. Creating ...
2022-07-27 13:49:09,987 [pool-96-thread-1] INFO  storage.RaftStorageDirectory (RaftStorageDirectoryImpl.java:tryLock(230)) - Lock on /home/runner/work/ozone/ozone/hadoop-ozone/integration-test/target/test-dir/MiniOzoneClusterImpl-cbeacfe2-84b1-4648-87cc-d28f9e4744b3/datanode-1/data/ratis/c1a27d42-e517-4ab2-91d7-ab9871409ae8/in_use.lock acquired by nodename 11093@fv-az217-261
2022-07-27 13:49:09,988 [pool-96-thread-1] INFO  storage.RaftStorage (RaftStorageImpl.java:format(89)) - Storage directory /home/runner/work/ozone/ozone/hadoop-ozone/integration-test/target/test-dir/MiniOzoneClusterImpl-cbeacfe2-84b1-4648-87cc-d28f9e4744b3/datanode-1/data/ratis/c1a27d42-e517-4ab2-91d7-ab9871409ae8 has been successfully formatted.
2022-07-27 13:49:09,989 [pool-96-thread-1] INFO  ratis.ContainerStateMachine (ContainerStateMachine.java:loadSnapshot(236)) - group-AB9871409AE8: The snapshot info is null. Setting the last applied indexto:(t:0, i:~)
2022-07-27 13:49:09,991 [pool-96-thread-1] INFO  server.RaftServerConfigKeys (ConfUtils.java:logGet(46)) - raft.server.notification.no-leader.timeout = 300s (custom)
2022-07-27 13:49:09,991 [pool-96-thread-1] INFO  server.RaftServerConfigKeys (ConfUtils.java:logGet(46)) - raft.server.log.use.memory = false (default)
2022-07-27 13:49:09,991 [pool-96-thread-1] INFO  server.RaftServerConfigKeys (ConfUtils.java:logGet(46)) - raft.server.log.purge.gap = 1000000 (custom)
2022-07-27 13:49:09,992 [pool-96-thread-1] INFO  server.RaftServerConfigKeys (ConfUtils.java:logGet(46)) - raft.server.log.appender.buffer.byte-limit = 33554432 (custom)
2022-07-27 13:49:09,992 [pool-96-thread-1] INFO  server.RaftServerConfigKeys (ConfUtils.java:logGet(46)) - raft.server.log.statemachine.data.read.timeout = 1000ms (default)
2022-07-27 13:49:09,992 [pool-96-thread-1] INFO  server.RaftServerConfigKeys (ConfUtils.java:logGet(46)) - raft.server.log.segment.size.max = 1048576 (custom)
2022-07-27 13:49:09,992 [pool-96-thread-1] INFO  server.RaftServerConfigKeys (ConfUtils.java:logGet(46)) - raft.server.log.segment.cache.num.max = 2 (custom)
2022-07-27 13:49:09,993 [pool-96-thread-1] INFO  server.RaftServerConfigKeys (ConfUtils.java:logGet(46)) - raft.server.log.segment.cache.size.max = 200MB (=209715200) (default)
2022-07-27 13:49:09,993 [pool-96-thread-1] INFO  segmented.SegmentedRaftLogWorker (SegmentedRaftLogWorker.java:<init>(187)) - new efe9fd25-7228-4310-8e5d-4bcbbad78a8a@group-AB9871409AE8-SegmentedRaftLogWorker for RaftStorageImpl:Storage Directory /home/runner/work/ozone/ozone/hadoop-ozone/integration-test/target/test-dir/MiniOzoneClusterImpl-cbeacfe2-84b1-4648-87cc-d28f9e4744b3/datanode-1/data/ratis/c1a27d42-e517-4ab2-91d7-ab9871409ae8
2022-07-27 13:49:09,993 [pool-96-thread-1] INFO  server.RaftServerConfigKeys (ConfUtils.java:logGet(46)) - raft.server.log.queue.byte-limit = 4294967296 (custom)
2022-07-27 13:49:09,993 [pool-96-thread-1] INFO  server.RaftServerConfigKeys (ConfUtils.java:logGet(46)) - raft.server.log.queue.element-limit = 1024 (custom)
2022-07-27 13:49:09,993 [pool-96-thread-1] INFO  server.RaftServerConfigKeys (ConfUtils.java:logGet(46)) - raft.server.log.segment.size.max = 1048576 (custom)
2022-07-27 13:49:09,993 [pool-96-thread-1] INFO  server.RaftServerConfigKeys (ConfUtils.java:logGet(46)) - raft.server.log.preallocated.size = 16384 (custom)
2022-07-27 13:49:09,993 [pool-96-thread-1] INFO  server.RaftServerConfigKeys (ConfUtils.java:logGet(46)) - raft.server.log.force.sync.num = 128 (default)
2022-07-27 13:49:09,993 [pool-96-thread-1] INFO  server.RaftServerConfigKeys (ConfUtils.java:logGet(46)) - raft.server.log.statemachine.data.sync = true (default)
2022-07-27 13:49:09,993 [pool-96-thread-1] INFO  server.RaftServerConfigKeys (ConfUtils.java:logGet(46)) - raft.server.log.statemachine.data.sync.timeout = 10s (default)
2022-07-27 13:49:09,993 [pool-96-thread-1] INFO  server.RaftServerConfigKeys (ConfUtils.java:logGet(46)) - raft.server.log.statemachine.data.sync.timeout.retry = -1 (default)
2022-07-27 13:49:09,997 [EventQueue-PipelineReportForPipelineReportHandler] INFO  pipeline.PipelineManagerImpl (PipelineManagerImpl.java:openPipeline(367)) - Pipeline Pipeline[ Id: c1a27d42-e517-4ab2-91d7-ab9871409ae8, Nodes: efe9fd25-7228-4310-8e5d-4bcbbad78a8a{ip: 10.1.0.21, host: fv-az217-261.5fhmivlnczbevhjmk01nzrxweh.bx.internal.cloudapp.net, ports: [REPLICATION=38989, RATIS=38425, RATIS_ADMIN=38425, RATIS_SERVER=38425, STANDALONE=46799], networkLocation: /default-rack, certSerialId: null, persistedOpState: IN_SERVICE, persistedOpStateExpiryEpochSec: 0}, ReplicationConfig: RATIS/ONE, State:ALLOCATED, leaderId:efe9fd25-7228-4310-8e5d-4bcbbad78a8a, CreationTimestamp2022-07-27T13:49:06.971Z[Etc/UTC]] moved to OPEN state
2022-07-27 13:49:09,998 [EventQueue-OpenPipelineForHealthyPipelineSafeModeRule] INFO  safemode.SCMSafeModeManager (HealthyPipelineSafeModeRule.java:process(137)) - SCM in safe mode. Healthy pipelines reported count is 0, required healthy pipeline reported count is 1
2022-07-27 13:49:10,000 [pool-96-thread-1] INFO  server.RaftServerConfigKeys (ConfUtils.java:logGet(46)) - raft.server.log.write.buffer.size = 1048576 (custom)
2022-07-27 13:49:10,005 [pool-96-thread-1] INFO  server.RaftServerConfigKeys (ConfUtils.java:logGet(46)) - raft.server.log.unsafe-flush.enabled = false (default)
2022-07-27 13:49:10,005 [pool-96-thread-1] INFO  server.RaftServerConfigKeys (ConfUtils.java:logGet(46)) - raft.server.log.statemachine.data.caching.enabled = true (custom)
2022-07-27 13:49:10,005 [pool-96-thread-1] INFO  segmented.SegmentedRaftLogWorker (SegmentedRaftLogWorker.java:lambda$new$0(135)) - efe9fd25-7228-4310-8e5d-4bcbbad78a8a@group-AB9871409AE8-SegmentedRaftLogWorker: flushIndex: setUnconditionally 0 -> -1
2022-07-27 13:49:10,005 [pool-96-thread-1] INFO  segmented.SegmentedRaftLogWorker (SegmentedRaftLogWorker.java:lambda$new$0(135)) - efe9fd25-7228-4310-8e5d-4bcbbad78a8a@group-AB9871409AE8-SegmentedRaftLogWorker: safeCacheEvictIndex: setUnconditionally 0 -> -1
2022-07-27 13:49:10,005 [pool-96-thread-1] INFO  server.RaftServerConfigKeys (ConfUtils.java:logGet(46)) - raft.server.snapshot.auto.trigger.enabled = true (custom)
2022-07-27 13:49:10,005 [pool-96-thread-1] INFO  server.RaftServerConfigKeys (ConfUtils.java:logGet(46)) - raft.server.snapshot.auto.trigger.threshold = 10000 (custom)
2022-07-27 13:49:10,006 [pool-96-thread-1] INFO  server.RaftServerConfigKeys (ConfUtils.java:logGet(46)) - raft.server.snapshot.retention.file.num = 5 (custom)
2022-07-27 13:49:10,006 [pool-96-thread-1] INFO  server.RaftServerConfigKeys (ConfUtils.java:logGet(46)) - raft.server.log.purge.upto.snapshot.index = false (default)
2022-07-27 13:49:10,006 [pool-96-thread-1] INFO  server.RaftServerConfigKeys (ConfUtils.java:logGet(46)) - raft.server.retrycache.expirytime = 600000ms (custom)
2022-07-27 13:49:10,006 [pool-96-thread-1] INFO  server.RaftServerConfigKeys (ConfUtils.java:logGet(46)) - raft.server.retrycache.statistics.expirytime = 100μs (default)
2022-07-27 13:49:10,007 [pool-96-thread-1] INFO  server.RaftServerConfigKeys (ConfUtils.java:logGet(46)) - raft.server.log.appender.install.snapshot.enabled = false (custom)
2022-07-27 13:49:10,007 [pool-96-thread-1] INFO  server.RaftServerConfigKeys (ConfUtils.java:logGet(46)) - raft.server.threadpool.server.cached = true (default)
2022-07-27 13:49:10,007 [pool-96-thread-1] INFO  server.RaftServerConfigKeys (ConfUtils.java:logGet(46)) - raft.server.threadpool.server.size = 0 (default)
2022-07-27 13:49:10,007 [pool-96-thread-1] INFO  server.RaftServerConfigKeys (ConfUtils.java:logGet(46)) - raft.server.threadpool.client.cached = true (default)
2022-07-27 13:49:10,007 [pool-96-thread-1] INFO  server.RaftServerConfigKeys (ConfUtils.java:logGet(46)) - raft.server.threadpool.client.size = 0 (default)
2022-07-27 13:49:10,008 [pool-96-thread-1] INFO  server.RaftServer$Division (RaftServerImpl.java:start(310)) - efe9fd25-7228-4310-8e5d-4bcbbad78a8a@group-AB9871409AE8: start as a follower, conf=-1: [efe9fd25-7228-4310-8e5d-4bcbbad78a8a|rpc:10.1.0.21:38425|priority:1], old=null
2022-07-27 13:49:10,008 [pool-96-thread-1] INFO  server.RaftServer$Division (RaftServerImpl.java:setRole(299)) - efe9fd25-7228-4310-8e5d-4bcbbad78a8a@group-AB9871409AE8: changes role from      null to FOLLOWER at term 0 for startAsFollower
2022-07-27 13:49:10,008 [pool-96-thread-1] INFO  impl.RoleInfo (RoleInfo.java:updateAndGet(139)) - efe9fd25-7228-4310-8e5d-4bcbbad78a8a: start efe9fd25-7228-4310-8e5d-4bcbbad78a8a@group-AB9871409AE8-FollowerState
2022-07-27 13:49:10,010 [pool-96-thread-1] INFO  util.JmxRegister (JmxRegister.java:tryRegister(44)) - Successfully registered JMX Bean with object name Ratis:service=RaftServer,group=group-AB9871409AE8,id=efe9fd25-7228-4310-8e5d-4bcbbad78a8a
2022-07-27 13:49:10,011 [Command processor thread] INFO  ratis.XceiverServerRatis (XceiverServerRatis.java:addGroup(765)) - Created group PipelineID=c1a27d42-e517-4ab2-91d7-ab9871409ae8
2022-07-27 13:49:10,011 [Command processor thread] INFO  commandhandler.CreatePipelineCommandHandler (CreatePipelineCommandHandler.java:handle(113)) - Created Pipeline RATIS ONE PipelineID=c1a27d42-e517-4ab2-91d7-ab9871409ae8.
2022-07-27 13:49:10,011 [Command processor thread] INFO  server.RaftServer (RaftServerProxy.java:addNew(96)) - efe9fd25-7228-4310-8e5d-4bcbbad78a8a: addNew group-4D17F1F44F46:[df335623-852d-4a6f-8cff-fa9ba72c6e1b|rpc:10.1.0.21:40909|priority:1, efe9fd25-7228-4310-8e5d-4bcbbad78a8a|rpc:10.1.0.21:38425|priority:0, 9135c07c-9562-4fec-aca6-20239d7a9d6d|rpc:10.1.0.21:40625|priority:0] returns group-4D17F1F44F46:java.util.concurrent.CompletableFuture@46e5fb67[Not completed]
2022-07-27 13:49:10,012 [pool-96-thread-1] INFO  server.RaftServer$Division (RaftServerImpl.java:<init>(190)) - efe9fd25-7228-4310-8e5d-4bcbbad78a8a: new RaftServerImpl for group-4D17F1F44F46:[df335623-852d-4a6f-8cff-fa9ba72c6e1b|rpc:10.1.0.21:40909|priority:1, efe9fd25-7228-4310-8e5d-4bcbbad78a8a|rpc:10.1.0.21:38425|priority:0, 9135c07c-9562-4fec-aca6-20239d7a9d6d|rpc:10.1.0.21:40625|priority:0] with ContainerStateMachine:uninitialized
2022-07-27 13:49:10,013 [pool-96-thread-1] INFO  server.RaftServerConfigKeys (ConfUtils.java:logGet(46)) - raft.server.rpc.timeout.min = 5s (custom)
2022-07-27 13:49:10,013 [pool-96-thread-1] INFO  server.RaftServerConfigKeys (ConfUtils.java:logGet(46)) - raft.server.rpc.timeout.max = 5200ms (custom)
2022-07-27 13:49:10,013 [pool-96-thread-1] INFO  server.RaftServerConfigKeys (ConfUtils.java:logGet(46)) - raft.server.rpc.sleep.time = 25ms (default)
2022-07-27 13:49:10,013 [pool-96-thread-1] INFO  server.RaftServerConfigKeys (ConfUtils.java:logGet(46)) - raft.server.rpc.slowness.timeout = 300s (custom)
2022-07-27 13:49:10,013 [pool-96-thread-1] INFO  server.RaftServerConfigKeys (ConfUtils.java:logGet(46)) - raft.server.leaderelection.leader.step-down.wait-time = 10s (default)
2022-07-27 13:49:10,013 [pool-96-thread-1] INFO  server.RaftServerConfigKeys (ConfUtils.java:logGet(46)) - raft.server.sleep.deviation.threshold = 300ms (default)
2022-07-27 13:49:10,013 [pool-96-thread-1] INFO  server.RaftServer$Division (ServerState.java:<init>(107)) - efe9fd25-7228-4310-8e5d-4bcbbad78a8a@group-4D17F1F44F46: ConfigurationManager, init=-1: [df335623-852d-4a6f-8cff-fa9ba72c6e1b|rpc:10.1.0.21:40909|priority:1, efe9fd25-7228-4310-8e5d-4bcbbad78a8a|rpc:10.1.0.21:38425|priority:0, 9135c07c-9562-4fec-aca6-20239d7a9d6d|rpc:10.1.0.21:40625|priority:0], old=null, confs=<EMPTY_MAP>
2022-07-27 13:49:10,013 [pool-96-thread-1] INFO  server.RaftServerConfigKeys (ConfUtils.java:logGet(46)) - raft.server.storage.dir = [/home/runner/work/ozone/ozone/hadoop-ozone/integration-test/target/test-dir/MiniOzoneClusterImpl-cbeacfe2-84b1-4648-87cc-d28f9e4744b3/datanode-1/data/ratis] (custom)
2022-07-27 13:49:10,013 [pool-96-thread-1] INFO  server.RaftServerConfigKeys (ConfUtils.java:logGet(46)) - raft.server.log.corruption.policy = EXCEPTION (default)
2022-07-27 13:49:10,013 [pool-96-thread-1] INFO  server.RaftServerConfigKeys (ConfUtils.java:logGet(46)) - raft.server.storage.free-space.min = 0MB (=0) (default)
2022-07-27 13:49:10,013 [pool-96-thread-1] INFO  storage.RaftStorageDirectory (RaftStorageDirectoryImpl.java:analyzeStorage(135)) - The storage directory /home/runner/work/ozone/ozone/hadoop-ozone/integration-test/target/test-dir/MiniOzoneClusterImpl-cbeacfe2-84b1-4648-87cc-d28f9e4744b3/datanode-1/data/ratis/51927b3c-84a4-444b-8ba1-4d17f1f44f46 does not exist. Creating ...
2022-07-27 13:49:10,015 [pool-96-thread-1] INFO  storage.RaftStorageDirectory (RaftStorageDirectoryImpl.java:tryLock(230)) - Lock on /home/runner/work/ozone/ozone/hadoop-ozone/integration-test/target/test-dir/MiniOzoneClusterImpl-cbeacfe2-84b1-4648-87cc-d28f9e4744b3/datanode-1/data/ratis/51927b3c-84a4-444b-8ba1-4d17f1f44f46/in_use.lock acquired by nodename 11093@fv-az217-261
2022-07-27 13:49:10,016 [pool-96-thread-1] INFO  storage.RaftStorage (RaftStorageImpl.java:format(89)) - Storage directory /home/runner/work/ozone/ozone/hadoop-ozone/integration-test/target/test-dir/MiniOzoneClusterImpl-cbeacfe2-84b1-4648-87cc-d28f9e4744b3/datanode-1/data/ratis/51927b3c-84a4-444b-8ba1-4d17f1f44f46 has been successfully formatted.
2022-07-27 13:49:10,016 [pool-96-thread-1] INFO  ratis.ContainerStateMachine (ContainerStateMachine.java:loadSnapshot(236)) - group-4D17F1F44F46: The snapshot info is null. Setting the last applied indexto:(t:0, i:~)
2022-07-27 13:49:10,018 [pool-96-thread-1] INFO  server.RaftServerConfigKeys (ConfUtils.java:logGet(46)) - raft.server.notification.no-leader.timeout = 300s (custom)
2022-07-27 13:49:10,018 [pool-96-thread-1] INFO  server.RaftServerConfigKeys (ConfUtils.java:logGet(46)) - raft.server.log.use.memory = false (default)
2022-07-27 13:49:10,018 [pool-96-thread-1] INFO  server.RaftServerConfigKeys (ConfUtils.java:logGet(46)) - raft.server.log.purge.gap = 1000000 (custom)
2022-07-27 13:49:10,020 [EventQueue-OpenPipelineForHealthyPipelineSafeModeRule] INFO  safemode.SCMSafeModeManager (HealthyPipelineSafeModeRule.java:process(137)) - SCM in safe mode. Healthy pipelines reported count is 0, required healthy pipeline reported count is 1
2022-07-27 13:49:10,024 [pool-96-thread-1] INFO  server.RaftServerConfigKeys (ConfUtils.java:logGet(46)) - raft.server.log.appender.buffer.byte-limit = 33554432 (custom)
2022-07-27 13:49:10,024 [pool-96-thread-1] INFO  server.RaftServerConfigKeys (ConfUtils.java:logGet(46)) - raft.server.log.statemachine.data.read.timeout = 1000ms (default)
2022-07-27 13:49:10,024 [pool-96-thread-1] INFO  server.RaftServerConfigKeys (ConfUtils.java:logGet(46)) - raft.server.log.segment.size.max = 1048576 (custom)
2022-07-27 13:49:10,025 [pool-96-thread-1] INFO  server.RaftServerConfigKeys (ConfUtils.java:logGet(46)) - raft.server.log.segment.cache.num.max = 2 (custom)
2022-07-27 13:49:10,025 [pool-96-thread-1] INFO  server.RaftServerConfigKeys (ConfUtils.java:logGet(46)) - raft.server.log.segment.cache.size.max = 200MB (=209715200) (default)
2022-07-27 13:49:10,025 [pool-96-thread-1] INFO  segmented.SegmentedRaftLogWorker (SegmentedRaftLogWorker.java:<init>(187)) - new efe9fd25-7228-4310-8e5d-4bcbbad78a8a@group-4D17F1F44F46-SegmentedRaftLogWorker for RaftStorageImpl:Storage Directory /home/runner/work/ozone/ozone/hadoop-ozone/integration-test/target/test-dir/MiniOzoneClusterImpl-cbeacfe2-84b1-4648-87cc-d28f9e4744b3/datanode-1/data/ratis/51927b3c-84a4-444b-8ba1-4d17f1f44f46
2022-07-27 13:49:10,025 [pool-96-thread-1] INFO  server.RaftServerConfigKeys (ConfUtils.java:logGet(46)) - raft.server.log.queue.byte-limit = 4294967296 (custom)
2022-07-27 13:49:10,025 [pool-96-thread-1] INFO  server.RaftServerConfigKeys (ConfUtils.java:logGet(46)) - raft.server.log.queue.element-limit = 1024 (custom)
2022-07-27 13:49:10,025 [pool-96-thread-1] INFO  server.RaftServerConfigKeys (ConfUtils.java:logGet(46)) - raft.server.log.segment.size.max = 1048576 (custom)
2022-07-27 13:49:10,025 [pool-96-thread-1] INFO  server.RaftServerConfigKeys (ConfUtils.java:logGet(46)) - raft.server.log.preallocated.size = 16384 (custom)
2022-07-27 13:49:10,025 [pool-96-thread-1] INFO  server.RaftServerConfigKeys (ConfUtils.java:logGet(46)) - raft.server.log.force.sync.num = 128 (default)
2022-07-27 13:49:10,025 [pool-96-thread-1] INFO  server.RaftServerConfigKeys (ConfUtils.java:logGet(46)) - raft.server.log.statemachine.data.sync = true (default)
2022-07-27 13:49:10,025 [pool-96-thread-1] INFO  server.RaftServerConfigKeys (ConfUtils.java:logGet(46)) - raft.server.log.statemachine.data.sync.timeout = 10s (default)
2022-07-27 13:49:10,025 [pool-96-thread-1] INFO  server.RaftServerConfigKeys (ConfUtils.java:logGet(46)) - raft.server.log.statemachine.data.sync.timeout.retry = -1 (default)
2022-07-27 13:49:10,026 [pool-96-thread-1] INFO  server.RaftServerConfigKeys (ConfUtils.java:logGet(46)) - raft.server.log.write.buffer.size = 1048576 (custom)
2022-07-27 13:49:10,026 [pool-96-thread-1] INFO  server.RaftServerConfigKeys (ConfUtils.java:logGet(46)) - raft.server.log.unsafe-flush.enabled = false (default)
2022-07-27 13:49:10,026 [pool-96-thread-1] INFO  server.RaftServerConfigKeys (ConfUtils.java:logGet(46)) - raft.server.log.statemachine.data.caching.enabled = true (custom)
2022-07-27 13:49:10,027 [pool-96-thread-1] INFO  segmented.SegmentedRaftLogWorker (SegmentedRaftLogWorker.java:lambda$new$0(135)) - efe9fd25-7228-4310-8e5d-4bcbbad78a8a@group-4D17F1F44F46-SegmentedRaftLogWorker: flushIndex: setUnconditionally 0 -> -1
2022-07-27 13:49:10,027 [pool-96-thread-1] INFO  segmented.SegmentedRaftLogWorker (SegmentedRaftLogWorker.java:lambda$new$0(135)) - efe9fd25-7228-4310-8e5d-4bcbbad78a8a@group-4D17F1F44F46-SegmentedRaftLogWorker: safeCacheEvictIndex: setUnconditionally 0 -> -1
2022-07-27 13:49:10,027 [pool-96-thread-1] INFO  server.RaftServerConfigKeys (ConfUtils.java:logGet(46)) - raft.server.snapshot.auto.trigger.enabled = true (custom)
2022-07-27 13:49:10,027 [pool-96-thread-1] INFO  server.RaftServerConfigKeys (ConfUtils.java:logGet(46)) - raft.server.snapshot.auto.trigger.threshold = 10000 (custom)
2022-07-27 13:49:10,027 [pool-96-thread-1] INFO  server.RaftServerConfigKeys (ConfUtils.java:logGet(46)) - raft.server.snapshot.retention.file.num = 5 (custom)
2022-07-27 13:49:10,027 [pool-96-thread-1] INFO  server.RaftServerConfigKeys (ConfUtils.java:logGet(46)) - raft.server.log.purge.upto.snapshot.index = false (default)
2022-07-27 13:49:10,027 [pool-96-thread-1] INFO  server.RaftServerConfigKeys (ConfUtils.java:logGet(46)) - raft.server.retrycache.expirytime = 600000ms (custom)
2022-07-27 13:49:10,027 [pool-96-thread-1] INFO  server.RaftServerConfigKeys (ConfUtils.java:logGet(46)) - raft.server.retrycache.statistics.expirytime = 100μs (default)
2022-07-27 13:49:10,029 [pool-96-thread-1] INFO  server.RaftServerConfigKeys (ConfUtils.java:logGet(46)) - raft.server.log.appender.install.snapshot.enabled = false (custom)
2022-07-27 13:49:10,029 [pool-96-thread-1] INFO  server.RaftServerConfigKeys (ConfUtils.java:logGet(46)) - raft.server.threadpool.server.cached = true (default)
2022-07-27 13:49:10,029 [pool-96-thread-1] INFO  server.RaftServerConfigKeys (ConfUtils.java:logGet(46)) - raft.server.threadpool.server.size = 0 (default)
2022-07-27 13:49:10,029 [pool-96-thread-1] INFO  server.RaftServerConfigKeys (ConfUtils.java:logGet(46)) - raft.server.threadpool.client.cached = true (default)
2022-07-27 13:49:10,029 [pool-96-thread-1] INFO  server.RaftServerConfigKeys (ConfUtils.java:logGet(46)) - raft.server.threadpool.client.size = 0 (default)
2022-07-27 13:49:10,029 [pool-96-thread-1] INFO  server.RaftServer$Division (RaftServerImpl.java:start(310)) - efe9fd25-7228-4310-8e5d-4bcbbad78a8a@group-4D17F1F44F46: start as a follower, conf=-1: [df335623-852d-4a6f-8cff-fa9ba72c6e1b|rpc:10.1.0.21:40909|priority:1, efe9fd25-7228-4310-8e5d-4bcbbad78a8a|rpc:10.1.0.21:38425|priority:0, 9135c07c-9562-4fec-aca6-20239d7a9d6d|rpc:10.1.0.21:40625|priority:0], old=null
2022-07-27 13:49:10,029 [pool-96-thread-1] INFO  server.RaftServer$Division (RaftServerImpl.java:setRole(299)) - efe9fd25-7228-4310-8e5d-4bcbbad78a8a@group-4D17F1F44F46: changes role from      null to FOLLOWER at term 0 for startAsFollower
2022-07-27 13:49:10,029 [pool-96-thread-1] INFO  impl.RoleInfo (RoleInfo.java:updateAndGet(139)) - efe9fd25-7228-4310-8e5d-4bcbbad78a8a: start efe9fd25-7228-4310-8e5d-4bcbbad78a8a@group-4D17F1F44F46-FollowerState
2022-07-27 13:49:10,033 [pool-96-thread-1] INFO  util.JmxRegister (JmxRegister.java:tryRegister(44)) - Successfully registered JMX Bean with object name Ratis:service=RaftServer,group=group-4D17F1F44F46,id=efe9fd25-7228-4310-8e5d-4bcbbad78a8a
2022-07-27 13:49:10,045 [Command processor thread] INFO  ratis.XceiverServerRatis (XceiverServerRatis.java:addGroup(765)) - Created group PipelineID=51927b3c-84a4-444b-8ba1-4d17f1f44f46
2022-07-27 13:49:10,127 [grpc-default-executor-0] INFO  server.RaftServer (RaftServerProxy.java:addNew(96)) - 9135c07c-9562-4fec-aca6-20239d7a9d6d: addNew group-4D17F1F44F46:[df335623-852d-4a6f-8cff-fa9ba72c6e1b|rpc:10.1.0.21:40909|dataStream:|priority:1, efe9fd25-7228-4310-8e5d-4bcbbad78a8a|rpc:10.1.0.21:38425|dataStream:|priority:0, 9135c07c-9562-4fec-aca6-20239d7a9d6d|rpc:10.1.0.21:40625|dataStream:|priority:0] returns group-4D17F1F44F46:java.util.concurrent.CompletableFuture@355ef018[Not completed]
2022-07-27 13:49:10,129 [pool-119-thread-1] INFO  server.RaftServer$Division (RaftServerImpl.java:<init>(190)) - 9135c07c-9562-4fec-aca6-20239d7a9d6d: new RaftServerImpl for group-4D17F1F44F46:[df335623-852d-4a6f-8cff-fa9ba72c6e1b|rpc:10.1.0.21:40909|dataStream:|priority:1, efe9fd25-7228-4310-8e5d-4bcbbad78a8a|rpc:10.1.0.21:38425|dataStream:|priority:0, 9135c07c-9562-4fec-aca6-20239d7a9d6d|rpc:10.1.0.21:40625|dataStream:|priority:0] with ContainerStateMachine:uninitialized
2022-07-27 13:49:10,129 [pool-119-thread-1] INFO  server.RaftServerConfigKeys (ConfUtils.java:logGet(46)) - raft.server.rpc.timeout.min = 5s (custom)
2022-07-27 13:49:10,129 [pool-119-thread-1] INFO  server.RaftServerConfigKeys (ConfUtils.java:logGet(46)) - raft.server.rpc.timeout.max = 5200ms (custom)
2022-07-27 13:49:10,129 [pool-119-thread-1] INFO  server.RaftServerConfigKeys (ConfUtils.java:logGet(46)) - raft.server.rpc.sleep.time = 25ms (default)
2022-07-27 13:49:10,129 [pool-119-thread-1] INFO  server.RaftServerConfigKeys (ConfUtils.java:logGet(46)) - raft.server.rpc.slowness.timeout = 300s (custom)
2022-07-27 13:49:10,129 [pool-119-thread-1] INFO  server.RaftServerConfigKeys (ConfUtils.java:logGet(46)) - raft.server.leaderelection.leader.step-down.wait-time = 10s (default)
2022-07-27 13:49:10,129 [pool-119-thread-1] INFO  server.RaftServerConfigKeys (ConfUtils.java:logGet(46)) - raft.server.sleep.deviation.threshold = 300ms (default)
2022-07-27 13:49:10,129 [pool-119-thread-1] INFO  server.RaftServer$Division (ServerState.java:<init>(107)) - 9135c07c-9562-4fec-aca6-20239d7a9d6d@group-4D17F1F44F46: ConfigurationManager, init=-1: [df335623-852d-4a6f-8cff-fa9ba72c6e1b|rpc:10.1.0.21:40909|dataStream:|priority:1, efe9fd25-7228-4310-8e5d-4bcbbad78a8a|rpc:10.1.0.21:38425|dataStream:|priority:0, 9135c07c-9562-4fec-aca6-20239d7a9d6d|rpc:10.1.0.21:40625|dataStream:|priority:0], old=null, confs=<EMPTY_MAP>
2022-07-27 13:49:10,129 [pool-119-thread-1] INFO  server.RaftServerConfigKeys (ConfUtils.java:logGet(46)) - raft.server.storage.dir = [/home/runner/work/ozone/ozone/hadoop-ozone/integration-test/target/test-dir/MiniOzoneClusterImpl-cbeacfe2-84b1-4648-87cc-d28f9e4744b3/datanode-2/data/ratis] (custom)
2022-07-27 13:49:10,130 [pool-119-thread-1] INFO  server.RaftServerConfigKeys (ConfUtils.java:logGet(46)) - raft.server.log.corruption.policy = EXCEPTION (default)
2022-07-27 13:49:10,130 [pool-119-thread-1] INFO  server.RaftServerConfigKeys (ConfUtils.java:logGet(46)) - raft.server.storage.free-space.min = 0MB (=0) (default)
2022-07-27 13:49:10,130 [pool-119-thread-1] INFO  storage.RaftStorageDirectory (RaftStorageDirectoryImpl.java:analyzeStorage(135)) - The storage directory /home/runner/work/ozone/ozone/hadoop-ozone/integration-test/target/test-dir/MiniOzoneClusterImpl-cbeacfe2-84b1-4648-87cc-d28f9e4744b3/datanode-2/data/ratis/51927b3c-84a4-444b-8ba1-4d17f1f44f46 does not exist. Creating ...
2022-07-27 13:49:10,131 [pool-119-thread-1] INFO  storage.RaftStorageDirectory (RaftStorageDirectoryImpl.java:tryLock(230)) - Lock on /home/runner/work/ozone/ozone/hadoop-ozone/integration-test/target/test-dir/MiniOzoneClusterImpl-cbeacfe2-84b1-4648-87cc-d28f9e4744b3/datanode-2/data/ratis/51927b3c-84a4-444b-8ba1-4d17f1f44f46/in_use.lock acquired by nodename 11093@fv-az217-261
2022-07-27 13:49:10,132 [pool-119-thread-1] INFO  storage.RaftStorage (RaftStorageImpl.java:format(89)) - Storage directory /home/runner/work/ozone/ozone/hadoop-ozone/integration-test/target/test-dir/MiniOzoneClusterImpl-cbeacfe2-84b1-4648-87cc-d28f9e4744b3/datanode-2/data/ratis/51927b3c-84a4-444b-8ba1-4d17f1f44f46 has been successfully formatted.
2022-07-27 13:49:10,136 [pool-119-thread-1] INFO  ratis.ContainerStateMachine (ContainerStateMachine.java:loadSnapshot(236)) - group-4D17F1F44F46: The snapshot info is null. Setting the last applied indexto:(t:0, i:~)
2022-07-27 13:49:10,137 [pool-119-thread-1] INFO  server.RaftServerConfigKeys (ConfUtils.java:logGet(46)) - raft.server.notification.no-leader.timeout = 300s (custom)
2022-07-27 13:49:10,137 [pool-119-thread-1] INFO  server.RaftServerConfigKeys (ConfUtils.java:logGet(46)) - raft.server.log.use.memory = false (default)
2022-07-27 13:49:10,137 [pool-119-thread-1] INFO  server.RaftServerConfigKeys (ConfUtils.java:logGet(46)) - raft.server.log.purge.gap = 1000000 (custom)
2022-07-27 13:49:10,137 [pool-119-thread-1] INFO  server.RaftServerConfigKeys (ConfUtils.java:logGet(46)) - raft.server.log.appender.buffer.byte-limit = 33554432 (custom)
2022-07-27 13:49:10,137 [pool-119-thread-1] INFO  server.RaftServerConfigKeys (ConfUtils.java:logGet(46)) - raft.server.log.statemachine.data.read.timeout = 1000ms (default)
2022-07-27 13:49:10,137 [pool-119-thread-1] INFO  server.RaftServerConfigKeys (ConfUtils.java:logGet(46)) - raft.server.log.segment.size.max = 1048576 (custom)
2022-07-27 13:49:10,138 [pool-119-thread-1] INFO  server.RaftServerConfigKeys (ConfUtils.java:logGet(46)) - raft.server.log.segment.cache.num.max = 2 (custom)
2022-07-27 13:49:10,138 [pool-119-thread-1] INFO  server.RaftServerConfigKeys (ConfUtils.java:logGet(46)) - raft.server.log.segment.cache.size.max = 200MB (=209715200) (default)
2022-07-27 13:49:10,138 [pool-119-thread-1] INFO  segmented.SegmentedRaftLogWorker (SegmentedRaftLogWorker.java:<init>(187)) - new 9135c07c-9562-4fec-aca6-20239d7a9d6d@group-4D17F1F44F46-SegmentedRaftLogWorker for RaftStorageImpl:Storage Directory /home/runner/work/ozone/ozone/hadoop-ozone/integration-test/target/test-dir/MiniOzoneClusterImpl-cbeacfe2-84b1-4648-87cc-d28f9e4744b3/datanode-2/data/ratis/51927b3c-84a4-444b-8ba1-4d17f1f44f46
2022-07-27 13:49:10,138 [pool-119-thread-1] INFO  server.RaftServerConfigKeys (ConfUtils.java:logGet(46)) - raft.server.log.queue.byte-limit = 4294967296 (custom)
2022-07-27 13:49:10,138 [pool-119-thread-1] INFO  server.RaftServerConfigKeys (ConfUtils.java:logGet(46)) - raft.server.log.queue.element-limit = 1024 (custom)
2022-07-27 13:49:10,138 [pool-119-thread-1] INFO  server.RaftServerConfigKeys (ConfUtils.java:logGet(46)) - raft.server.log.segment.size.max = 1048576 (custom)
2022-07-27 13:49:10,138 [pool-119-thread-1] INFO  server.RaftServerConfigKeys (ConfUtils.java:logGet(46)) - raft.server.log.preallocated.size = 16384 (custom)
2022-07-27 13:49:10,138 [pool-119-thread-1] INFO  server.RaftServerConfigKeys (ConfUtils.java:logGet(46)) - raft.server.log.force.sync.num = 128 (default)
2022-07-27 13:49:10,138 [pool-119-thread-1] INFO  server.RaftServerConfigKeys (ConfUtils.java:logGet(46)) - raft.server.log.statemachine.data.sync = true (default)
2022-07-27 13:49:10,138 [pool-119-thread-1] INFO  server.RaftServerConfigKeys (ConfUtils.java:logGet(46)) - raft.server.log.statemachine.data.sync.timeout = 10s (default)
2022-07-27 13:49:10,138 [pool-119-thread-1] INFO  server.RaftServerConfigKeys (ConfUtils.java:logGet(46)) - raft.server.log.statemachine.data.sync.timeout.retry = -1 (default)
2022-07-27 13:49:10,139 [pool-119-thread-1] INFO  server.RaftServerConfigKeys (ConfUtils.java:logGet(46)) - raft.server.log.write.buffer.size = 1048576 (custom)
2022-07-27 13:49:10,140 [pool-119-thread-1] INFO  server.RaftServerConfigKeys (ConfUtils.java:logGet(46)) - raft.server.log.unsafe-flush.enabled = false (default)
2022-07-27 13:49:10,140 [pool-119-thread-1] INFO  server.RaftServerConfigKeys (ConfUtils.java:logGet(46)) - raft.server.log.statemachine.data.caching.enabled = true (custom)
2022-07-27 13:49:10,140 [pool-119-thread-1] INFO  segmented.SegmentedRaftLogWorker (SegmentedRaftLogWorker.java:lambda$new$0(135)) - 9135c07c-9562-4fec-aca6-20239d7a9d6d@group-4D17F1F44F46-SegmentedRaftLogWorker: flushIndex: setUnconditionally 0 -> -1
2022-07-27 13:49:10,140 [pool-119-thread-1] INFO  segmented.SegmentedRaftLogWorker (SegmentedRaftLogWorker.java:lambda$new$0(135)) - 9135c07c-9562-4fec-aca6-20239d7a9d6d@group-4D17F1F44F46-SegmentedRaftLogWorker: safeCacheEvictIndex: setUnconditionally 0 -> -1
2022-07-27 13:49:10,143 [pool-119-thread-1] INFO  server.RaftServerConfigKeys (ConfUtils.java:logGet(46)) - raft.server.snapshot.auto.trigger.enabled = true (custom)
2022-07-27 13:49:10,143 [pool-119-thread-1] INFO  server.RaftServerConfigKeys (ConfUtils.java:logGet(46)) - raft.server.snapshot.auto.trigger.threshold = 10000 (custom)
2022-07-27 13:49:10,143 [pool-119-thread-1] INFO  server.RaftServerConfigKeys (ConfUtils.java:logGet(46)) - raft.server.snapshot.retention.file.num = 5 (custom)
2022-07-27 13:49:10,143 [pool-119-thread-1] INFO  server.RaftServerConfigKeys (ConfUtils.java:logGet(46)) - raft.server.log.purge.upto.snapshot.index = false (default)
2022-07-27 13:49:10,143 [pool-119-thread-1] INFO  server.RaftServerConfigKeys (ConfUtils.java:logGet(46)) - raft.server.retrycache.expirytime = 600000ms (custom)
2022-07-27 13:49:10,143 [pool-119-thread-1] INFO  server.RaftServerConfigKeys (ConfUtils.java:logGet(46)) - raft.server.retrycache.statistics.expirytime = 100μs (default)
2022-07-27 13:49:10,144 [pool-119-thread-1] INFO  server.RaftServerConfigKeys (ConfUtils.java:logGet(46)) - raft.server.log.appender.install.snapshot.enabled = false (custom)
2022-07-27 13:49:10,144 [pool-119-thread-1] INFO  server.RaftServerConfigKeys (ConfUtils.java:logGet(46)) - raft.server.threadpool.server.cached = true (default)
2022-07-27 13:49:10,144 [pool-119-thread-1] INFO  server.RaftServerConfigKeys (ConfUtils.java:logGet(46)) - raft.server.threadpool.server.size = 0 (default)
2022-07-27 13:49:10,144 [pool-119-thread-1] INFO  server.RaftServerConfigKeys (ConfUtils.java:logGet(46)) - raft.server.threadpool.client.cached = true (default)
2022-07-27 13:49:10,144 [pool-119-thread-1] INFO  server.RaftServerConfigKeys (ConfUtils.java:logGet(46)) - raft.server.threadpool.client.size = 0 (default)
2022-07-27 13:49:10,145 [pool-119-thread-1] INFO  server.RaftServer$Division (RaftServerImpl.java:start(310)) - 9135c07c-9562-4fec-aca6-20239d7a9d6d@group-4D17F1F44F46: start as a follower, conf=-1: [df335623-852d-4a6f-8cff-fa9ba72c6e1b|rpc:10.1.0.21:40909|dataStream:|priority:1, efe9fd25-7228-4310-8e5d-4bcbbad78a8a|rpc:10.1.0.21:38425|dataStream:|priority:0, 9135c07c-9562-4fec-aca6-20239d7a9d6d|rpc:10.1.0.21:40625|dataStream:|priority:0], old=null
2022-07-27 13:49:10,145 [pool-119-thread-1] INFO  server.RaftServer$Division (RaftServerImpl.java:setRole(299)) - 9135c07c-9562-4fec-aca6-20239d7a9d6d@group-4D17F1F44F46: changes role from      null to FOLLOWER at term 0 for startAsFollower
2022-07-27 13:49:10,145 [pool-119-thread-1] INFO  impl.RoleInfo (RoleInfo.java:updateAndGet(139)) - 9135c07c-9562-4fec-aca6-20239d7a9d6d: start 9135c07c-9562-4fec-aca6-20239d7a9d6d@group-4D17F1F44F46-FollowerState
2022-07-27 13:49:10,145 [pool-119-thread-1] INFO  util.JmxRegister (JmxRegister.java:tryRegister(44)) - Successfully registered JMX Bean with object name Ratis:service=RaftServer,group=group-4D17F1F44F46,id=9135c07c-9562-4fec-aca6-20239d7a9d6d
2022-07-27 13:49:10,252 [Command processor thread] INFO  commandhandler.CreatePipelineCommandHandler (CreatePipelineCommandHandler.java:handle(113)) - Created Pipeline RATIS THREE PipelineID=51927b3c-84a4-444b-8ba1-4d17f1f44f46.
2022-07-27 13:49:10,252 [Command processor thread] INFO  server.RaftServer (RaftServerProxy.java:addNew(96)) - efe9fd25-7228-4310-8e5d-4bcbbad78a8a: addNew group-EC36FC0C3E24:[df335623-852d-4a6f-8cff-fa9ba72c6e1b|rpc:10.1.0.21:40909|priority:0, efe9fd25-7228-4310-8e5d-4bcbbad78a8a|rpc:10.1.0.21:38425|priority:0, 9135c07c-9562-4fec-aca6-20239d7a9d6d|rpc:10.1.0.21:40625|priority:1] returns group-EC36FC0C3E24:java.util.concurrent.CompletableFuture@6962d2ba[Not completed]
2022-07-27 13:49:10,252 [Command processor thread] INFO  commandhandler.CreatePipelineCommandHandler (CreatePipelineCommandHandler.java:handle(113)) - Created Pipeline RATIS THREE PipelineID=51927b3c-84a4-444b-8ba1-4d17f1f44f46.
2022-07-27 13:49:10,254 [pool-96-thread-1] INFO  server.RaftServer$Division (RaftServerImpl.java:<init>(190)) - efe9fd25-7228-4310-8e5d-4bcbbad78a8a: new RaftServerImpl for group-EC36FC0C3E24:[df335623-852d-4a6f-8cff-fa9ba72c6e1b|rpc:10.1.0.21:40909|priority:0, efe9fd25-7228-4310-8e5d-4bcbbad78a8a|rpc:10.1.0.21:38425|priority:0, 9135c07c-9562-4fec-aca6-20239d7a9d6d|rpc:10.1.0.21:40625|priority:1] with ContainerStateMachine:uninitialized
2022-07-27 13:49:10,254 [pool-96-thread-1] INFO  server.RaftServerConfigKeys (ConfUtils.java:logGet(46)) - raft.server.rpc.timeout.min = 5s (custom)
2022-07-27 13:49:10,254 [pool-96-thread-1] INFO  server.RaftServerConfigKeys (ConfUtils.java:logGet(46)) - raft.server.rpc.timeout.max = 5200ms (custom)
2022-07-27 13:49:10,254 [pool-96-thread-1] INFO  server.RaftServerConfigKeys (ConfUtils.java:logGet(46)) - raft.server.rpc.sleep.time = 25ms (default)
2022-07-27 13:49:10,254 [pool-96-thread-1] INFO  server.RaftServerConfigKeys (ConfUtils.java:logGet(46)) - raft.server.rpc.slowness.timeout = 300s (custom)
2022-07-27 13:49:10,254 [pool-96-thread-1] INFO  server.RaftServerConfigKeys (ConfUtils.java:logGet(46)) - raft.server.leaderelection.leader.step-down.wait-time = 10s (default)
2022-07-27 13:49:10,254 [pool-96-thread-1] INFO  server.RaftServerConfigKeys (ConfUtils.java:logGet(46)) - raft.server.sleep.deviation.threshold = 300ms (default)
2022-07-27 13:49:10,254 [pool-96-thread-1] INFO  server.RaftServer$Division (ServerState.java:<init>(107)) - efe9fd25-7228-4310-8e5d-4bcbbad78a8a@group-EC36FC0C3E24: ConfigurationManager, init=-1: [df335623-852d-4a6f-8cff-fa9ba72c6e1b|rpc:10.1.0.21:40909|priority:0, efe9fd25-7228-4310-8e5d-4bcbbad78a8a|rpc:10.1.0.21:38425|priority:0, 9135c07c-9562-4fec-aca6-20239d7a9d6d|rpc:10.1.0.21:40625|priority:1], old=null, confs=<EMPTY_MAP>
2022-07-27 13:49:10,254 [pool-73-thread-1] INFO  server.RaftServer$Division (RaftServerImpl.java:<init>(190)) - df335623-852d-4a6f-8cff-fa9ba72c6e1b: new RaftServerImpl for group-EC36FC0C3E24:[df335623-852d-4a6f-8cff-fa9ba72c6e1b|rpc:10.1.0.21:40909|priority:0, efe9fd25-7228-4310-8e5d-4bcbbad78a8a|rpc:10.1.0.21:38425|priority:0, 9135c07c-9562-4fec-aca6-20239d7a9d6d|rpc:10.1.0.21:40625|priority:1] with ContainerStateMachine:uninitialized
2022-07-27 13:49:10,254 [pool-96-thread-1] INFO  server.RaftServerConfigKeys (ConfUtils.java:logGet(46)) - raft.server.storage.dir = [/home/runner/work/ozone/ozone/hadoop-ozone/integration-test/target/test-dir/MiniOzoneClusterImpl-cbeacfe2-84b1-4648-87cc-d28f9e4744b3/datanode-1/data/ratis] (custom)
2022-07-27 13:49:10,254 [pool-73-thread-1] INFO  server.RaftServerConfigKeys (ConfUtils.java:logGet(46)) - raft.server.rpc.timeout.min = 5s (custom)
2022-07-27 13:49:10,254 [pool-73-thread-1] INFO  server.RaftServerConfigKeys (ConfUtils.java:logGet(46)) - raft.server.rpc.timeout.max = 5200ms (custom)
2022-07-27 13:49:10,255 [pool-73-thread-1] INFO  server.RaftServerConfigKeys (ConfUtils.java:logGet(46)) - raft.server.rpc.sleep.time = 25ms (default)
2022-07-27 13:49:10,255 [pool-96-thread-1] INFO  server.RaftServerConfigKeys (ConfUtils.java:logGet(46)) - raft.server.log.corruption.policy = EXCEPTION (default)
2022-07-27 13:49:10,255 [Command processor thread] INFO  server.RaftServer (RaftServerProxy.java:addNew(96)) - df335623-852d-4a6f-8cff-fa9ba72c6e1b: addNew group-EC36FC0C3E24:[df335623-852d-4a6f-8cff-fa9ba72c6e1b|rpc:10.1.0.21:40909|priority:0, efe9fd25-7228-4310-8e5d-4bcbbad78a8a|rpc:10.1.0.21:38425|priority:0, 9135c07c-9562-4fec-aca6-20239d7a9d6d|rpc:10.1.0.21:40625|priority:1] returns group-EC36FC0C3E24:java.util.concurrent.CompletableFuture@12afc531[Not completed]
2022-07-27 13:49:10,255 [pool-73-thread-1] INFO  server.RaftServerConfigKeys (ConfUtils.java:logGet(46)) - raft.server.rpc.slowness.timeout = 300s (custom)
2022-07-27 13:49:10,255 [pool-73-thread-1] INFO  server.RaftServerConfigKeys (ConfUtils.java:logGet(46)) - raft.server.leaderelection.leader.step-down.wait-time = 10s (default)
2022-07-27 13:49:10,255 [pool-73-thread-1] INFO  server.RaftServerConfigKeys (ConfUtils.java:logGet(46)) - raft.server.sleep.deviation.threshold = 300ms (default)
2022-07-27 13:49:10,255 [pool-73-thread-1] INFO  server.RaftServer$Division (ServerState.java:<init>(107)) - df335623-852d-4a6f-8cff-fa9ba72c6e1b@group-EC36FC0C3E24: ConfigurationManager, init=-1: [df335623-852d-4a6f-8cff-fa9ba72c6e1b|rpc:10.1.0.21:40909|priority:0, efe9fd25-7228-4310-8e5d-4bcbbad78a8a|rpc:10.1.0.21:38425|priority:0, 9135c07c-9562-4fec-aca6-20239d7a9d6d|rpc:10.1.0.21:40625|priority:1], old=null, confs=<EMPTY_MAP>
2022-07-27 13:49:10,255 [pool-73-thread-1] INFO  server.RaftServerConfigKeys (ConfUtils.java:logGet(46)) - raft.server.storage.dir = [/home/runner/work/ozone/ozone/hadoop-ozone/integration-test/target/test-dir/MiniOzoneClusterImpl-cbeacfe2-84b1-4648-87cc-d28f9e4744b3/datanode-0/data/ratis] (custom)
2022-07-27 13:49:10,255 [pool-73-thread-1] INFO  server.RaftServerConfigKeys (ConfUtils.java:logGet(46)) - raft.server.log.corruption.policy = EXCEPTION (default)
2022-07-27 13:49:10,255 [pool-73-thread-1] INFO  server.RaftServerConfigKeys (ConfUtils.java:logGet(46)) - raft.server.storage.free-space.min = 0MB (=0) (default)
2022-07-27 13:49:10,255 [pool-73-thread-1] INFO  storage.RaftStorageDirectory (RaftStorageDirectoryImpl.java:analyzeStorage(135)) - The storage directory /home/runner/work/ozone/ozone/hadoop-ozone/integration-test/target/test-dir/MiniOzoneClusterImpl-cbeacfe2-84b1-4648-87cc-d28f9e4744b3/datanode-0/data/ratis/d20d3ed0-ea39-4881-8953-ec36fc0c3e24 does not exist. Creating ...
2022-07-27 13:49:10,255 [pool-96-thread-1] INFO  server.RaftServerConfigKeys (ConfUtils.java:logGet(46)) - raft.server.storage.free-space.min = 0MB (=0) (default)
2022-07-27 13:49:10,256 [pool-96-thread-1] INFO  storage.RaftStorageDirectory (RaftStorageDirectoryImpl.java:analyzeStorage(135)) - The storage directory /home/runner/work/ozone/ozone/hadoop-ozone/integration-test/target/test-dir/MiniOzoneClusterImpl-cbeacfe2-84b1-4648-87cc-d28f9e4744b3/datanode-1/data/ratis/d20d3ed0-ea39-4881-8953-ec36fc0c3e24 does not exist. Creating ...
2022-07-27 13:49:10,257 [pool-96-thread-1] INFO  storage.RaftStorageDirectory (RaftStorageDirectoryImpl.java:tryLock(230)) - Lock on /home/runner/work/ozone/ozone/hadoop-ozone/integration-test/target/test-dir/MiniOzoneClusterImpl-cbeacfe2-84b1-4648-87cc-d28f9e4744b3/datanode-1/data/ratis/d20d3ed0-ea39-4881-8953-ec36fc0c3e24/in_use.lock acquired by nodename 11093@fv-az217-261
2022-07-27 13:49:10,257 [pool-73-thread-1] INFO  storage.RaftStorageDirectory (RaftStorageDirectoryImpl.java:tryLock(230)) - Lock on /home/runner/work/ozone/ozone/hadoop-ozone/integration-test/target/test-dir/MiniOzoneClusterImpl-cbeacfe2-84b1-4648-87cc-d28f9e4744b3/datanode-0/data/ratis/d20d3ed0-ea39-4881-8953-ec36fc0c3e24/in_use.lock acquired by nodename 11093@fv-az217-261
2022-07-27 13:49:10,259 [pool-96-thread-1] INFO  storage.RaftStorage (RaftStorageImpl.java:format(89)) - Storage directory /home/runner/work/ozone/ozone/hadoop-ozone/integration-test/target/test-dir/MiniOzoneClusterImpl-cbeacfe2-84b1-4648-87cc-d28f9e4744b3/datanode-1/data/ratis/d20d3ed0-ea39-4881-8953-ec36fc0c3e24 has been successfully formatted.
2022-07-27 13:49:10,259 [pool-73-thread-1] INFO  storage.RaftStorage (RaftStorageImpl.java:format(89)) - Storage directory /home/runner/work/ozone/ozone/hadoop-ozone/integration-test/target/test-dir/MiniOzoneClusterImpl-cbeacfe2-84b1-4648-87cc-d28f9e4744b3/datanode-0/data/ratis/d20d3ed0-ea39-4881-8953-ec36fc0c3e24 has been successfully formatted.
2022-07-27 13:49:10,259 [pool-96-thread-1] INFO  ratis.ContainerStateMachine (ContainerStateMachine.java:loadSnapshot(236)) - group-EC36FC0C3E24: The snapshot info is null. Setting the last applied indexto:(t:0, i:~)
2022-07-27 13:49:10,260 [pool-73-thread-1] INFO  ratis.ContainerStateMachine (ContainerStateMachine.java:loadSnapshot(236)) - group-EC36FC0C3E24: The snapshot info is null. Setting the last applied indexto:(t:0, i:~)
2022-07-27 13:49:10,261 [EventQueue-OpenPipelineForHealthyPipelineSafeModeRule] INFO  safemode.SCMSafeModeManager (HealthyPipelineSafeModeRule.java:process(137)) - SCM in safe mode. Healthy pipelines reported count is 0, required healthy pipeline reported count is 1
2022-07-27 13:49:10,262 [pool-73-thread-1] INFO  server.RaftServerConfigKeys (ConfUtils.java:logGet(46)) - raft.server.notification.no-leader.timeout = 300s (custom)
2022-07-27 13:49:10,263 [pool-73-thread-1] INFO  server.RaftServerConfigKeys (ConfUtils.java:logGet(46)) - raft.server.log.use.memory = false (default)
2022-07-27 13:49:10,263 [pool-73-thread-1] INFO  server.RaftServerConfigKeys (ConfUtils.java:logGet(46)) - raft.server.log.purge.gap = 1000000 (custom)
2022-07-27 13:49:10,263 [pool-73-thread-1] INFO  server.RaftServerConfigKeys (ConfUtils.java:logGet(46)) - raft.server.log.appender.buffer.byte-limit = 33554432 (custom)
2022-07-27 13:49:10,263 [pool-73-thread-1] INFO  server.RaftServerConfigKeys (ConfUtils.java:logGet(46)) - raft.server.log.statemachine.data.read.timeout = 1000ms (default)
2022-07-27 13:49:10,263 [pool-73-thread-1] INFO  server.RaftServerConfigKeys (ConfUtils.java:logGet(46)) - raft.server.log.segment.size.max = 1048576 (custom)
2022-07-27 13:49:10,262 [pool-96-thread-1] INFO  server.RaftServerConfigKeys (ConfUtils.java:logGet(46)) - raft.server.notification.no-leader.timeout = 300s (custom)
2022-07-27 13:49:10,263 [EventQueue-OpenPipelineForHealthyPipelineSafeModeRule] INFO  safemode.SCMSafeModeManager (HealthyPipelineSafeModeRule.java:process(137)) - SCM in safe mode. Healthy pipelines reported count is 0, required healthy pipeline reported count is 1
2022-07-27 13:49:10,263 [pool-96-thread-1] INFO  server.RaftServerConfigKeys (ConfUtils.java:logGet(46)) - raft.server.log.use.memory = false (default)
2022-07-27 13:49:10,263 [pool-96-thread-1] INFO  server.RaftServerConfigKeys (ConfUtils.java:logGet(46)) - raft.server.log.purge.gap = 1000000 (custom)
2022-07-27 13:49:10,264 [pool-96-thread-1] INFO  server.RaftServerConfigKeys (ConfUtils.java:logGet(46)) - raft.server.log.appender.buffer.byte-limit = 33554432 (custom)
2022-07-27 13:49:10,264 [pool-96-thread-1] INFO  server.RaftServerConfigKeys (ConfUtils.java:logGet(46)) - raft.server.log.statemachine.data.read.timeout = 1000ms (default)
2022-07-27 13:49:10,264 [pool-96-thread-1] INFO  server.RaftServerConfigKeys (ConfUtils.java:logGet(46)) - raft.server.log.segment.size.max = 1048576 (custom)
2022-07-27 13:49:10,264 [pool-73-thread-1] INFO  server.RaftServerConfigKeys (ConfUtils.java:logGet(46)) - raft.server.log.segment.cache.num.max = 2 (custom)
2022-07-27 13:49:10,265 [pool-73-thread-1] INFO  server.RaftServerConfigKeys (ConfUtils.java:logGet(46)) - raft.server.log.segment.cache.size.max = 200MB (=209715200) (default)
2022-07-27 13:49:10,265 [pool-73-thread-1] INFO  segmented.SegmentedRaftLogWorker (SegmentedRaftLogWorker.java:<init>(187)) - new df335623-852d-4a6f-8cff-fa9ba72c6e1b@group-EC36FC0C3E24-SegmentedRaftLogWorker for RaftStorageImpl:Storage Directory /home/runner/work/ozone/ozone/hadoop-ozone/integration-test/target/test-dir/MiniOzoneClusterImpl-cbeacfe2-84b1-4648-87cc-d28f9e4744b3/datanode-0/data/ratis/d20d3ed0-ea39-4881-8953-ec36fc0c3e24
2022-07-27 13:49:10,265 [pool-73-thread-1] INFO  server.RaftServerConfigKeys (ConfUtils.java:logGet(46)) - raft.server.log.queue.byte-limit = 4294967296 (custom)
2022-07-27 13:49:10,265 [pool-73-thread-1] INFO  server.RaftServerConfigKeys (ConfUtils.java:logGet(46)) - raft.server.log.queue.element-limit = 1024 (custom)
2022-07-27 13:49:10,265 [pool-73-thread-1] INFO  server.RaftServerConfigKeys (ConfUtils.java:logGet(46)) - raft.server.log.segment.size.max = 1048576 (custom)
2022-07-27 13:49:10,265 [pool-73-thread-1] INFO  server.RaftServerConfigKeys (ConfUtils.java:logGet(46)) - raft.server.log.preallocated.size = 16384 (custom)
2022-07-27 13:49:10,265 [pool-73-thread-1] INFO  server.RaftServerConfigKeys (ConfUtils.java:logGet(46)) - raft.server.log.force.sync.num = 128 (default)
2022-07-27 13:49:10,265 [pool-73-thread-1] INFO  server.RaftServerConfigKeys (ConfUtils.java:logGet(46)) - raft.server.log.statemachine.data.sync = true (default)
2022-07-27 13:49:10,265 [pool-73-thread-1] INFO  server.RaftServerConfigKeys (ConfUtils.java:logGet(46)) - raft.server.log.statemachine.data.sync.timeout = 10s (default)
2022-07-27 13:49:10,265 [pool-73-thread-1] INFO  server.RaftServerConfigKeys (ConfUtils.java:logGet(46)) - raft.server.log.statemachine.data.sync.timeout.retry = -1 (default)
2022-07-27 13:49:10,265 [pool-96-thread-1] INFO  server.RaftServerConfigKeys (ConfUtils.java:logGet(46)) - raft.server.log.segment.cache.num.max = 2 (custom)
2022-07-27 13:49:10,265 [pool-96-thread-1] INFO  server.RaftServerConfigKeys (ConfUtils.java:logGet(46)) - raft.server.log.segment.cache.size.max = 200MB (=209715200) (default)
2022-07-27 13:49:10,265 [pool-96-thread-1] INFO  segmented.SegmentedRaftLogWorker (SegmentedRaftLogWorker.java:<init>(187)) - new efe9fd25-7228-4310-8e5d-4bcbbad78a8a@group-EC36FC0C3E24-SegmentedRaftLogWorker for RaftStorageImpl:Storage Directory /home/runner/work/ozone/ozone/hadoop-ozone/integration-test/target/test-dir/MiniOzoneClusterImpl-cbeacfe2-84b1-4648-87cc-d28f9e4744b3/datanode-1/data/ratis/d20d3ed0-ea39-4881-8953-ec36fc0c3e24
2022-07-27 13:49:10,265 [pool-96-thread-1] INFO  server.RaftServerConfigKeys (ConfUtils.java:logGet(46)) - raft.server.log.queue.byte-limit = 4294967296 (custom)
2022-07-27 13:49:10,265 [pool-96-thread-1] INFO  server.RaftServerConfigKeys (ConfUtils.java:logGet(46)) - raft.server.log.queue.element-limit = 1024 (custom)
2022-07-27 13:49:10,265 [pool-96-thread-1] INFO  server.RaftServerConfigKeys (ConfUtils.java:logGet(46)) - raft.server.log.segment.size.max = 1048576 (custom)
2022-07-27 13:49:10,265 [pool-96-thread-1] INFO  server.RaftServerConfigKeys (ConfUtils.java:logGet(46)) - raft.server.log.preallocated.size = 16384 (custom)
2022-07-27 13:49:10,266 [pool-96-thread-1] INFO  server.RaftServerConfigKeys (ConfUtils.java:logGet(46)) - raft.server.log.force.sync.num = 128 (default)
2022-07-27 13:49:10,266 [pool-96-thread-1] INFO  server.RaftServerConfigKeys (ConfUtils.java:logGet(46)) - raft.server.log.statemachine.data.sync = true (default)
2022-07-27 13:49:10,266 [pool-96-thread-1] INFO  server.RaftServerConfigKeys (ConfUtils.java:logGet(46)) - raft.server.log.statemachine.data.sync.timeout = 10s (default)
2022-07-27 13:49:10,266 [pool-96-thread-1] INFO  server.RaftServerConfigKeys (ConfUtils.java:logGet(46)) - raft.server.log.statemachine.data.sync.timeout.retry = -1 (default)
2022-07-27 13:49:10,267 [pool-73-thread-1] INFO  server.RaftServerConfigKeys (ConfUtils.java:logGet(46)) - raft.server.log.write.buffer.size = 1048576 (custom)
2022-07-27 13:49:10,268 [pool-73-thread-1] INFO  server.RaftServerConfigKeys (ConfUtils.java:logGet(46)) - raft.server.log.unsafe-flush.enabled = false (default)
2022-07-27 13:49:10,268 [pool-73-thread-1] INFO  server.RaftServerConfigKeys (ConfUtils.java:logGet(46)) - raft.server.log.statemachine.data.caching.enabled = true (custom)
2022-07-27 13:49:10,268 [pool-73-thread-1] INFO  segmented.SegmentedRaftLogWorker (SegmentedRaftLogWorker.java:lambda$new$0(135)) - df335623-852d-4a6f-8cff-fa9ba72c6e1b@group-EC36FC0C3E24-SegmentedRaftLogWorker: flushIndex: setUnconditionally 0 -> -1
2022-07-27 13:49:10,268 [pool-73-thread-1] INFO  segmented.SegmentedRaftLogWorker (SegmentedRaftLogWorker.java:lambda$new$0(135)) - df335623-852d-4a6f-8cff-fa9ba72c6e1b@group-EC36FC0C3E24-SegmentedRaftLogWorker: safeCacheEvictIndex: setUnconditionally 0 -> -1
2022-07-27 13:49:10,269 [pool-96-thread-1] INFO  server.RaftServerConfigKeys (ConfUtils.java:logGet(46)) - raft.server.log.write.buffer.size = 1048576 (custom)
2022-07-27 13:49:10,269 [pool-96-thread-1] INFO  server.RaftServerConfigKeys (ConfUtils.java:logGet(46)) - raft.server.log.unsafe-flush.enabled = false (default)
2022-07-27 13:49:10,269 [pool-96-thread-1] INFO  server.RaftServerConfigKeys (ConfUtils.java:logGet(46)) - raft.server.log.statemachine.data.caching.enabled = true (custom)
2022-07-27 13:49:10,269 [pool-96-thread-1] INFO  segmented.SegmentedRaftLogWorker (SegmentedRaftLogWorker.java:lambda$new$0(135)) - efe9fd25-7228-4310-8e5d-4bcbbad78a8a@group-EC36FC0C3E24-SegmentedRaftLogWorker: flushIndex: setUnconditionally 0 -> -1
2022-07-27 13:49:10,269 [pool-96-thread-1] INFO  segmented.SegmentedRaftLogWorker (SegmentedRaftLogWorker.java:lambda$new$0(135)) - efe9fd25-7228-4310-8e5d-4bcbbad78a8a@group-EC36FC0C3E24-SegmentedRaftLogWorker: safeCacheEvictIndex: setUnconditionally 0 -> -1
2022-07-27 13:49:10,271 [pool-73-thread-1] INFO  server.RaftServerConfigKeys (ConfUtils.java:logGet(46)) - raft.server.snapshot.auto.trigger.enabled = true (custom)
2022-07-27 13:49:10,271 [pool-73-thread-1] INFO  server.RaftServerConfigKeys (ConfUtils.java:logGet(46)) - raft.server.snapshot.auto.trigger.threshold = 10000 (custom)
2022-07-27 13:49:10,271 [pool-73-thread-1] INFO  server.RaftServerConfigKeys (ConfUtils.java:logGet(46)) - raft.server.snapshot.retention.file.num = 5 (custom)
2022-07-27 13:49:10,271 [pool-73-thread-1] INFO  server.RaftServerConfigKeys (ConfUtils.java:logGet(46)) - raft.server.log.purge.upto.snapshot.index = false (default)
2022-07-27 13:49:10,271 [pool-73-thread-1] INFO  server.RaftServerConfigKeys (ConfUtils.java:logGet(46)) - raft.server.retrycache.expirytime = 600000ms (custom)
2022-07-27 13:49:10,271 [pool-73-thread-1] INFO  server.RaftServerConfigKeys (ConfUtils.java:logGet(46)) - raft.server.retrycache.statistics.expirytime = 100μs (default)
2022-07-27 13:49:10,272 [pool-96-thread-1] INFO  server.RaftServerConfigKeys (ConfUtils.java:logGet(46)) - raft.server.snapshot.auto.trigger.enabled = true (custom)
2022-07-27 13:49:10,272 [pool-96-thread-1] INFO  server.RaftServerConfigKeys (ConfUtils.java:logGet(46)) - raft.server.snapshot.auto.trigger.threshold = 10000 (custom)
2022-07-27 13:49:10,272 [pool-96-thread-1] INFO  server.RaftServerConfigKeys (ConfUtils.java:logGet(46)) - raft.server.snapshot.retention.file.num = 5 (custom)
2022-07-27 13:49:10,272 [pool-96-thread-1] INFO  server.RaftServerConfigKeys (ConfUtils.java:logGet(46)) - raft.server.log.purge.upto.snapshot.index = false (default)
2022-07-27 13:49:10,272 [pool-96-thread-1] INFO  server.RaftServerConfigKeys (ConfUtils.java:logGet(46)) - raft.server.retrycache.expirytime = 600000ms (custom)
2022-07-27 13:49:10,272 [pool-96-thread-1] INFO  server.RaftServerConfigKeys (ConfUtils.java:logGet(46)) - raft.server.retrycache.statistics.expirytime = 100μs (default)
2022-07-27 13:49:10,272 [pool-73-thread-1] INFO  server.RaftServerConfigKeys (ConfUtils.java:logGet(46)) - raft.server.log.appender.install.snapshot.enabled = false (custom)
2022-07-27 13:49:10,273 [pool-73-thread-1] INFO  server.RaftServerConfigKeys (ConfUtils.java:logGet(46)) - raft.server.threadpool.server.cached = true (default)
2022-07-27 13:49:10,273 [pool-73-thread-1] INFO  server.RaftServerConfigKeys (ConfUtils.java:logGet(46)) - raft.server.threadpool.server.size = 0 (default)
2022-07-27 13:49:10,273 [pool-73-thread-1] INFO  server.RaftServerConfigKeys (ConfUtils.java:logGet(46)) - raft.server.threadpool.client.cached = true (default)
2022-07-27 13:49:10,273 [pool-73-thread-1] INFO  server.RaftServerConfigKeys (ConfUtils.java:logGet(46)) - raft.server.threadpool.client.size = 0 (default)
2022-07-27 13:49:10,273 [pool-73-thread-1] INFO  server.RaftServer$Division (RaftServerImpl.java:start(310)) - df335623-852d-4a6f-8cff-fa9ba72c6e1b@group-EC36FC0C3E24: start as a follower, conf=-1: [df335623-852d-4a6f-8cff-fa9ba72c6e1b|rpc:10.1.0.21:40909|priority:0, efe9fd25-7228-4310-8e5d-4bcbbad78a8a|rpc:10.1.0.21:38425|priority:0, 9135c07c-9562-4fec-aca6-20239d7a9d6d|rpc:10.1.0.21:40625|priority:1], old=null
2022-07-27 13:49:10,273 [pool-73-thread-1] INFO  server.RaftServer$Division (RaftServerImpl.java:setRole(299)) - df335623-852d-4a6f-8cff-fa9ba72c6e1b@group-EC36FC0C3E24: changes role from      null to FOLLOWER at term 0 for startAsFollower
2022-07-27 13:49:10,273 [pool-73-thread-1] INFO  impl.RoleInfo (RoleInfo.java:updateAndGet(139)) - df335623-852d-4a6f-8cff-fa9ba72c6e1b: start df335623-852d-4a6f-8cff-fa9ba72c6e1b@group-EC36FC0C3E24-FollowerState
2022-07-27 13:49:10,273 [pool-96-thread-1] INFO  server.RaftServerConfigKeys (ConfUtils.java:logGet(46)) - raft.server.log.appender.install.snapshot.enabled = false (custom)
2022-07-27 13:49:10,273 [pool-96-thread-1] INFO  server.RaftServerConfigKeys (ConfUtils.java:logGet(46)) - raft.server.threadpool.server.cached = true (default)
2022-07-27 13:49:10,273 [pool-96-thread-1] INFO  server.RaftServerConfigKeys (ConfUtils.java:logGet(46)) - raft.server.threadpool.server.size = 0 (default)
2022-07-27 13:49:10,273 [pool-96-thread-1] INFO  server.RaftServerConfigKeys (ConfUtils.java:logGet(46)) - raft.server.threadpool.client.cached = true (default)
2022-07-27 13:49:10,273 [pool-96-thread-1] INFO  server.RaftServerConfigKeys (ConfUtils.java:logGet(46)) - raft.server.threadpool.client.size = 0 (default)
2022-07-27 13:49:10,273 [pool-96-thread-1] INFO  server.RaftServer$Division (RaftServerImpl.java:start(310)) - efe9fd25-7228-4310-8e5d-4bcbbad78a8a@group-EC36FC0C3E24: start as a follower, conf=-1: [df335623-852d-4a6f-8cff-fa9ba72c6e1b|rpc:10.1.0.21:40909|priority:0, efe9fd25-7228-4310-8e5d-4bcbbad78a8a|rpc:10.1.0.21:38425|priority:0, 9135c07c-9562-4fec-aca6-20239d7a9d6d|rpc:10.1.0.21:40625|priority:1], old=null
2022-07-27 13:49:10,273 [pool-96-thread-1] INFO  server.RaftServer$Division (RaftServerImpl.java:setRole(299)) - efe9fd25-7228-4310-8e5d-4bcbbad78a8a@group-EC36FC0C3E24: changes role from      null to FOLLOWER at term 0 for startAsFollower
2022-07-27 13:49:10,274 [pool-96-thread-1] INFO  impl.RoleInfo (RoleInfo.java:updateAndGet(139)) - efe9fd25-7228-4310-8e5d-4bcbbad78a8a: start efe9fd25-7228-4310-8e5d-4bcbbad78a8a@group-EC36FC0C3E24-FollowerState
2022-07-27 13:49:10,274 [pool-73-thread-1] INFO  util.JmxRegister (JmxRegister.java:tryRegister(44)) - Successfully registered JMX Bean with object name Ratis:service=RaftServer,group=group-EC36FC0C3E24,id=df335623-852d-4a6f-8cff-fa9ba72c6e1b
2022-07-27 13:49:10,275 [pool-96-thread-1] INFO  util.JmxRegister (JmxRegister.java:tryRegister(44)) - Successfully registered JMX Bean with object name Ratis:service=RaftServer,group=group-EC36FC0C3E24,id=efe9fd25-7228-4310-8e5d-4bcbbad78a8a
2022-07-27 13:49:10,278 [Command processor thread] INFO  ratis.XceiverServerRatis (XceiverServerRatis.java:addGroup(765)) - Created group PipelineID=d20d3ed0-ea39-4881-8953-ec36fc0c3e24
2022-07-27 13:49:10,278 [Command processor thread] INFO  ratis.XceiverServerRatis (XceiverServerRatis.java:addGroup(765)) - Created group PipelineID=d20d3ed0-ea39-4881-8953-ec36fc0c3e24
2022-07-27 13:49:10,293 [Command processor thread] INFO  server.RaftServer (RaftServerProxy.java:addNew(96)) - 9135c07c-9562-4fec-aca6-20239d7a9d6d: addNew group-01F245C95A2E:[9135c07c-9562-4fec-aca6-20239d7a9d6d|rpc:10.1.0.21:40625|priority:1] returns group-01F245C95A2E:java.util.concurrent.CompletableFuture@66d06050[Not completed]
2022-07-27 13:49:10,296 [pool-119-thread-1] INFO  server.RaftServer$Division (RaftServerImpl.java:<init>(190)) - 9135c07c-9562-4fec-aca6-20239d7a9d6d: new RaftServerImpl for group-01F245C95A2E:[9135c07c-9562-4fec-aca6-20239d7a9d6d|rpc:10.1.0.21:40625|priority:1] with ContainerStateMachine:uninitialized
2022-07-27 13:49:10,296 [pool-119-thread-1] INFO  server.RaftServerConfigKeys (ConfUtils.java:logGet(46)) - raft.server.rpc.timeout.min = 5s (custom)
2022-07-27 13:49:10,296 [pool-119-thread-1] INFO  server.RaftServerConfigKeys (ConfUtils.java:logGet(46)) - raft.server.rpc.timeout.max = 5200ms (custom)
2022-07-27 13:49:10,296 [pool-119-thread-1] INFO  server.RaftServerConfigKeys (ConfUtils.java:logGet(46)) - raft.server.rpc.sleep.time = 25ms (default)
2022-07-27 13:49:10,296 [pool-119-thread-1] INFO  server.RaftServerConfigKeys (ConfUtils.java:logGet(46)) - raft.server.rpc.slowness.timeout = 300s (custom)
2022-07-27 13:49:10,296 [pool-119-thread-1] INFO  server.RaftServerConfigKeys (ConfUtils.java:logGet(46)) - raft.server.leaderelection.leader.step-down.wait-time = 10s (default)
2022-07-27 13:49:10,296 [pool-119-thread-1] INFO  server.RaftServerConfigKeys (ConfUtils.java:logGet(46)) - raft.server.sleep.deviation.threshold = 300ms (default)
2022-07-27 13:49:10,296 [pool-119-thread-1] INFO  server.RaftServer$Division (ServerState.java:<init>(107)) - 9135c07c-9562-4fec-aca6-20239d7a9d6d@group-01F245C95A2E: ConfigurationManager, init=-1: [9135c07c-9562-4fec-aca6-20239d7a9d6d|rpc:10.1.0.21:40625|priority:1], old=null, confs=<EMPTY_MAP>
2022-07-27 13:49:10,296 [pool-119-thread-1] INFO  server.RaftServerConfigKeys (ConfUtils.java:logGet(46)) - raft.server.storage.dir = [/home/runner/work/ozone/ozone/hadoop-ozone/integration-test/target/test-dir/MiniOzoneClusterImpl-cbeacfe2-84b1-4648-87cc-d28f9e4744b3/datanode-2/data/ratis] (custom)
2022-07-27 13:49:10,296 [pool-119-thread-1] INFO  server.RaftServerConfigKeys (ConfUtils.java:logGet(46)) - raft.server.log.corruption.policy = EXCEPTION (default)
2022-07-27 13:49:10,296 [pool-119-thread-1] INFO  server.RaftServerConfigKeys (ConfUtils.java:logGet(46)) - raft.server.storage.free-space.min = 0MB (=0) (default)
2022-07-27 13:49:10,297 [pool-119-thread-1] INFO  storage.RaftStorageDirectory (RaftStorageDirectoryImpl.java:analyzeStorage(135)) - The storage directory /home/runner/work/ozone/ozone/hadoop-ozone/integration-test/target/test-dir/MiniOzoneClusterImpl-cbeacfe2-84b1-4648-87cc-d28f9e4744b3/datanode-2/data/ratis/bdff44e7-6034-4792-b192-01f245c95a2e does not exist. Creating ...
2022-07-27 13:49:10,298 [pool-119-thread-1] INFO  storage.RaftStorageDirectory (RaftStorageDirectoryImpl.java:tryLock(230)) - Lock on /home/runner/work/ozone/ozone/hadoop-ozone/integration-test/target/test-dir/MiniOzoneClusterImpl-cbeacfe2-84b1-4648-87cc-d28f9e4744b3/datanode-2/data/ratis/bdff44e7-6034-4792-b192-01f245c95a2e/in_use.lock acquired by nodename 11093@fv-az217-261
2022-07-27 13:49:10,300 [grpc-default-executor-0] INFO  server.RaftServer (RaftServerProxy.java:addNew(96)) - 9135c07c-9562-4fec-aca6-20239d7a9d6d: addNew group-EC36FC0C3E24:[df335623-852d-4a6f-8cff-fa9ba72c6e1b|rpc:10.1.0.21:40909|dataStream:|priority:0, efe9fd25-7228-4310-8e5d-4bcbbad78a8a|rpc:10.1.0.21:38425|dataStream:|priority:0, 9135c07c-9562-4fec-aca6-20239d7a9d6d|rpc:10.1.0.21:40625|dataStream:|priority:1] returns group-EC36FC0C3E24:java.util.concurrent.CompletableFuture@225cf022[Not completed]
2022-07-27 13:49:10,302 [pool-119-thread-1] INFO  storage.RaftStorage (RaftStorageImpl.java:format(89)) - Storage directory /home/runner/work/ozone/ozone/hadoop-ozone/integration-test/target/test-dir/MiniOzoneClusterImpl-cbeacfe2-84b1-4648-87cc-d28f9e4744b3/datanode-2/data/ratis/bdff44e7-6034-4792-b192-01f245c95a2e has been successfully formatted.
2022-07-27 13:49:10,302 [pool-119-thread-1] INFO  ratis.ContainerStateMachine (ContainerStateMachine.java:loadSnapshot(236)) - group-01F245C95A2E: The snapshot info is null. Setting the last applied indexto:(t:0, i:~)
2022-07-27 13:49:10,303 [pool-119-thread-1] INFO  server.RaftServerConfigKeys (ConfUtils.java:logGet(46)) - raft.server.notification.no-leader.timeout = 300s (custom)
2022-07-27 13:49:10,303 [pool-119-thread-1] INFO  server.RaftServerConfigKeys (ConfUtils.java:logGet(46)) - raft.server.log.use.memory = false (default)
2022-07-27 13:49:10,303 [pool-119-thread-1] INFO  server.RaftServerConfigKeys (ConfUtils.java:logGet(46)) - raft.server.log.purge.gap = 1000000 (custom)
2022-07-27 13:49:10,303 [pool-119-thread-1] INFO  server.RaftServerConfigKeys (ConfUtils.java:logGet(46)) - raft.server.log.appender.buffer.byte-limit = 33554432 (custom)
2022-07-27 13:49:10,303 [pool-119-thread-1] INFO  server.RaftServerConfigKeys (ConfUtils.java:logGet(46)) - raft.server.log.statemachine.data.read.timeout = 1000ms (default)
2022-07-27 13:49:10,303 [pool-119-thread-1] INFO  server.RaftServerConfigKeys (ConfUtils.java:logGet(46)) - raft.server.log.segment.size.max = 1048576 (custom)
2022-07-27 13:49:10,303 [pool-119-thread-1] INFO  server.RaftServerConfigKeys (ConfUtils.java:logGet(46)) - raft.server.log.segment.cache.num.max = 2 (custom)
2022-07-27 13:49:10,303 [pool-119-thread-1] INFO  server.RaftServerConfigKeys (ConfUtils.java:logGet(46)) - raft.server.log.segment.cache.size.max = 200MB (=209715200) (default)
2022-07-27 13:49:10,304 [pool-119-thread-1] INFO  segmented.SegmentedRaftLogWorker (SegmentedRaftLogWorker.java:<init>(187)) - new 9135c07c-9562-4fec-aca6-20239d7a9d6d@group-01F245C95A2E-SegmentedRaftLogWorker for RaftStorageImpl:Storage Directory /home/runner/work/ozone/ozone/hadoop-ozone/integration-test/target/test-dir/MiniOzoneClusterImpl-cbeacfe2-84b1-4648-87cc-d28f9e4744b3/datanode-2/data/ratis/bdff44e7-6034-4792-b192-01f245c95a2e
2022-07-27 13:49:10,304 [pool-119-thread-1] INFO  server.RaftServerConfigKeys (ConfUtils.java:logGet(46)) - raft.server.log.queue.byte-limit = 4294967296 (custom)
2022-07-27 13:49:10,304 [pool-119-thread-1] INFO  server.RaftServerConfigKeys (ConfUtils.java:logGet(46)) - raft.server.log.queue.element-limit = 1024 (custom)
2022-07-27 13:49:10,304 [pool-119-thread-1] INFO  server.RaftServerConfigKeys (ConfUtils.java:logGet(46)) - raft.server.log.segment.size.max = 1048576 (custom)
2022-07-27 13:49:10,304 [pool-119-thread-1] INFO  server.RaftServerConfigKeys (ConfUtils.java:logGet(46)) - raft.server.log.preallocated.size = 16384 (custom)
2022-07-27 13:49:10,304 [pool-119-thread-1] INFO  server.RaftServerConfigKeys (ConfUtils.java:logGet(46)) - raft.server.log.force.sync.num = 128 (default)
2022-07-27 13:49:10,304 [pool-119-thread-1] INFO  server.RaftServerConfigKeys (ConfUtils.java:logGet(46)) - raft.server.log.statemachine.data.sync = true (default)
2022-07-27 13:49:10,304 [pool-119-thread-1] INFO  server.RaftServerConfigKeys (ConfUtils.java:logGet(46)) - raft.server.log.statemachine.data.sync.timeout = 10s (default)
2022-07-27 13:49:10,304 [pool-119-thread-1] INFO  server.RaftServerConfigKeys (ConfUtils.java:logGet(46)) - raft.server.log.statemachine.data.sync.timeout.retry = -1 (default)
2022-07-27 13:49:10,304 [pool-119-thread-1] INFO  server.RaftServerConfigKeys (ConfUtils.java:logGet(46)) - raft.server.log.write.buffer.size = 1048576 (custom)
2022-07-27 13:49:10,305 [pool-119-thread-1] INFO  server.RaftServerConfigKeys (ConfUtils.java:logGet(46)) - raft.server.log.unsafe-flush.enabled = false (default)
2022-07-27 13:49:10,305 [pool-119-thread-1] INFO  server.RaftServerConfigKeys (ConfUtils.java:logGet(46)) - raft.server.log.statemachine.data.caching.enabled = true (custom)
2022-07-27 13:49:10,305 [pool-119-thread-1] INFO  segmented.SegmentedRaftLogWorker (SegmentedRaftLogWorker.java:lambda$new$0(135)) - 9135c07c-9562-4fec-aca6-20239d7a9d6d@group-01F245C95A2E-SegmentedRaftLogWorker: flushIndex: setUnconditionally 0 -> -1
2022-07-27 13:49:10,305 [pool-119-thread-1] INFO  segmented.SegmentedRaftLogWorker (SegmentedRaftLogWorker.java:lambda$new$0(135)) - 9135c07c-9562-4fec-aca6-20239d7a9d6d@group-01F245C95A2E-SegmentedRaftLogWorker: safeCacheEvictIndex: setUnconditionally 0 -> -1
2022-07-27 13:49:10,306 [pool-119-thread-1] INFO  server.RaftServerConfigKeys (ConfUtils.java:logGet(46)) - raft.server.snapshot.auto.trigger.enabled = true (custom)
2022-07-27 13:49:10,306 [pool-119-thread-1] INFO  server.RaftServerConfigKeys (ConfUtils.java:logGet(46)) - raft.server.snapshot.auto.trigger.threshold = 10000 (custom)
2022-07-27 13:49:10,306 [pool-119-thread-1] INFO  server.RaftServerConfigKeys (ConfUtils.java:logGet(46)) - raft.server.snapshot.retention.file.num = 5 (custom)
2022-07-27 13:49:10,306 [pool-119-thread-1] INFO  server.RaftServerConfigKeys (ConfUtils.java:logGet(46)) - raft.server.log.purge.upto.snapshot.index = false (default)
2022-07-27 13:49:10,306 [pool-119-thread-1] INFO  server.RaftServerConfigKeys (ConfUtils.java:logGet(46)) - raft.server.retrycache.expirytime = 600000ms (custom)
2022-07-27 13:49:10,306 [pool-119-thread-1] INFO  server.RaftServerConfigKeys (ConfUtils.java:logGet(46)) - raft.server.retrycache.statistics.expirytime = 100μs (default)
2022-07-27 13:49:10,308 [pool-119-thread-1] INFO  server.RaftServerConfigKeys (ConfUtils.java:logGet(46)) - raft.server.log.appender.install.snapshot.enabled = false (custom)
2022-07-27 13:49:10,308 [pool-119-thread-1] INFO  server.RaftServerConfigKeys (ConfUtils.java:logGet(46)) - raft.server.threadpool.server.cached = true (default)
2022-07-27 13:49:10,308 [pool-119-thread-1] INFO  server.RaftServerConfigKeys (ConfUtils.java:logGet(46)) - raft.server.threadpool.server.size = 0 (default)
2022-07-27 13:49:10,308 [pool-119-thread-1] INFO  server.RaftServerConfigKeys (ConfUtils.java:logGet(46)) - raft.server.threadpool.client.cached = true (default)
2022-07-27 13:49:10,308 [pool-119-thread-1] INFO  server.RaftServerConfigKeys (ConfUtils.java:logGet(46)) - raft.server.threadpool.client.size = 0 (default)
2022-07-27 13:49:10,311 [EventQueue-PipelineReportForPipelineReportHandler] INFO  pipeline.PipelineManagerImpl (PipelineManagerImpl.java:openPipeline(367)) - Pipeline Pipeline[ Id: bdff44e7-6034-4792-b192-01f245c95a2e, Nodes: 9135c07c-9562-4fec-aca6-20239d7a9d6d{ip: 10.1.0.21, host: fv-az217-261.5fhmivlnczbevhjmk01nzrxweh.bx.internal.cloudapp.net, ports: [REPLICATION=37661, RATIS=40625, RATIS_ADMIN=40625, RATIS_SERVER=40625, STANDALONE=42889], networkLocation: /default-rack, certSerialId: null, persistedOpState: IN_SERVICE, persistedOpStateExpiryEpochSec: 0}, ReplicationConfig: RATIS/ONE, State:ALLOCATED, leaderId:9135c07c-9562-4fec-aca6-20239d7a9d6d, CreationTimestamp2022-07-27T13:49:07.297Z[Etc/UTC]] moved to OPEN state
2022-07-27 13:49:10,312 [EventQueue-OpenPipelineForHealthyPipelineSafeModeRule] INFO  safemode.SCMSafeModeManager (HealthyPipelineSafeModeRule.java:process(137)) - SCM in safe mode. Healthy pipelines reported count is 0, required healthy pipeline reported count is 1
2022-07-27 13:49:10,312 [pool-119-thread-1] INFO  server.RaftServer$Division (RaftServerImpl.java:<init>(190)) - 9135c07c-9562-4fec-aca6-20239d7a9d6d: new RaftServerImpl for group-EC36FC0C3E24:[df335623-852d-4a6f-8cff-fa9ba72c6e1b|rpc:10.1.0.21:40909|dataStream:|priority:0, efe9fd25-7228-4310-8e5d-4bcbbad78a8a|rpc:10.1.0.21:38425|dataStream:|priority:0, 9135c07c-9562-4fec-aca6-20239d7a9d6d|rpc:10.1.0.21:40625|dataStream:|priority:1] with ContainerStateMachine:uninitialized
2022-07-27 13:49:10,313 [pool-119-thread-1] INFO  server.RaftServerConfigKeys (ConfUtils.java:logGet(46)) - raft.server.rpc.timeout.min = 5s (custom)
2022-07-27 13:49:10,313 [pool-119-thread-1] INFO  server.RaftServerConfigKeys (ConfUtils.java:logGet(46)) - raft.server.rpc.timeout.max = 5200ms (custom)
2022-07-27 13:49:10,313 [pool-119-thread-1] INFO  server.RaftServerConfigKeys (ConfUtils.java:logGet(46)) - raft.server.rpc.sleep.time = 25ms (default)
2022-07-27 13:49:10,313 [pool-119-thread-1] INFO  server.RaftServerConfigKeys (ConfUtils.java:logGet(46)) - raft.server.rpc.slowness.timeout = 300s (custom)
2022-07-27 13:49:10,313 [pool-119-thread-1] INFO  server.RaftServerConfigKeys (ConfUtils.java:logGet(46)) - raft.server.leaderelection.leader.step-down.wait-time = 10s (default)
2022-07-27 13:49:10,313 [pool-119-thread-1] INFO  server.RaftServerConfigKeys (ConfUtils.java:logGet(46)) - raft.server.sleep.deviation.threshold = 300ms (default)
2022-07-27 13:49:10,313 [pool-119-thread-1] INFO  server.RaftServer$Division (ServerState.java:<init>(107)) - 9135c07c-9562-4fec-aca6-20239d7a9d6d@group-EC36FC0C3E24: ConfigurationManager, init=-1: [df335623-852d-4a6f-8cff-fa9ba72c6e1b|rpc:10.1.0.21:40909|dataStream:|priority:0, efe9fd25-7228-4310-8e5d-4bcbbad78a8a|rpc:10.1.0.21:38425|dataStream:|priority:0, 9135c07c-9562-4fec-aca6-20239d7a9d6d|rpc:10.1.0.21:40625|dataStream:|priority:1], old=null, confs=<EMPTY_MAP>
2022-07-27 13:49:10,313 [pool-119-thread-1] INFO  server.RaftServerConfigKeys (ConfUtils.java:logGet(46)) - raft.server.storage.dir = [/home/runner/work/ozone/ozone/hadoop-ozone/integration-test/target/test-dir/MiniOzoneClusterImpl-cbeacfe2-84b1-4648-87cc-d28f9e4744b3/datanode-2/data/ratis] (custom)
2022-07-27 13:49:10,313 [pool-119-thread-1] INFO  server.RaftServerConfigKeys (ConfUtils.java:logGet(46)) - raft.server.log.corruption.policy = EXCEPTION (default)
2022-07-27 13:49:10,313 [pool-119-thread-1] INFO  server.RaftServerConfigKeys (ConfUtils.java:logGet(46)) - raft.server.storage.free-space.min = 0MB (=0) (default)
2022-07-27 13:49:10,314 [pool-119-thread-1] INFO  storage.RaftStorageDirectory (RaftStorageDirectoryImpl.java:analyzeStorage(135)) - The storage directory /home/runner/work/ozone/ozone/hadoop-ozone/integration-test/target/test-dir/MiniOzoneClusterImpl-cbeacfe2-84b1-4648-87cc-d28f9e4744b3/datanode-2/data/ratis/d20d3ed0-ea39-4881-8953-ec36fc0c3e24 does not exist. Creating ...
2022-07-27 13:49:10,320 [pool-119-thread-1] INFO  storage.RaftStorageDirectory (RaftStorageDirectoryImpl.java:tryLock(230)) - Lock on /home/runner/work/ozone/ozone/hadoop-ozone/integration-test/target/test-dir/MiniOzoneClusterImpl-cbeacfe2-84b1-4648-87cc-d28f9e4744b3/datanode-2/data/ratis/d20d3ed0-ea39-4881-8953-ec36fc0c3e24/in_use.lock acquired by nodename 11093@fv-az217-261
2022-07-27 13:49:10,321 [pool-119-thread-1] INFO  storage.RaftStorage (RaftStorageImpl.java:format(89)) - Storage directory /home/runner/work/ozone/ozone/hadoop-ozone/integration-test/target/test-dir/MiniOzoneClusterImpl-cbeacfe2-84b1-4648-87cc-d28f9e4744b3/datanode-2/data/ratis/d20d3ed0-ea39-4881-8953-ec36fc0c3e24 has been successfully formatted.
2022-07-27 13:49:10,322 [pool-119-thread-1] INFO  ratis.ContainerStateMachine (ContainerStateMachine.java:loadSnapshot(236)) - group-EC36FC0C3E24: The snapshot info is null. Setting the last applied indexto:(t:0, i:~)
2022-07-27 13:49:10,322 [pool-119-thread-1] INFO  server.RaftServerConfigKeys (ConfUtils.java:logGet(46)) - raft.server.notification.no-leader.timeout = 300s (custom)
2022-07-27 13:49:10,322 [pool-119-thread-1] INFO  server.RaftServerConfigKeys (ConfUtils.java:logGet(46)) - raft.server.log.use.memory = false (default)
2022-07-27 13:49:10,322 [pool-119-thread-1] INFO  server.RaftServerConfigKeys (ConfUtils.java:logGet(46)) - raft.server.log.purge.gap = 1000000 (custom)
2022-07-27 13:49:10,322 [pool-119-thread-1] INFO  server.RaftServerConfigKeys (ConfUtils.java:logGet(46)) - raft.server.log.appender.buffer.byte-limit = 33554432 (custom)
2022-07-27 13:49:10,322 [pool-119-thread-1] INFO  server.RaftServerConfigKeys (ConfUtils.java:logGet(46)) - raft.server.log.statemachine.data.read.timeout = 1000ms (default)
2022-07-27 13:49:10,322 [pool-119-thread-1] INFO  server.RaftServerConfigKeys (ConfUtils.java:logGet(46)) - raft.server.log.segment.size.max = 1048576 (custom)
2022-07-27 13:49:10,324 [EventQueue-OpenPipelineForHealthyPipelineSafeModeRule] INFO  safemode.SCMSafeModeManager (HealthyPipelineSafeModeRule.java:process(137)) - SCM in safe mode. Healthy pipelines reported count is 0, required healthy pipeline reported count is 1
2022-07-27 13:49:10,325 [pool-119-thread-1] INFO  server.RaftServerConfigKeys (ConfUtils.java:logGet(46)) - raft.server.log.segment.cache.num.max = 2 (custom)
2022-07-27 13:49:10,326 [pool-119-thread-1] INFO  server.RaftServerConfigKeys (ConfUtils.java:logGet(46)) - raft.server.log.segment.cache.size.max = 200MB (=209715200) (default)
2022-07-27 13:49:10,326 [pool-119-thread-1] INFO  segmented.SegmentedRaftLogWorker (SegmentedRaftLogWorker.java:<init>(187)) - new 9135c07c-9562-4fec-aca6-20239d7a9d6d@group-EC36FC0C3E24-SegmentedRaftLogWorker for RaftStorageImpl:Storage Directory /home/runner/work/ozone/ozone/hadoop-ozone/integration-test/target/test-dir/MiniOzoneClusterImpl-cbeacfe2-84b1-4648-87cc-d28f9e4744b3/datanode-2/data/ratis/d20d3ed0-ea39-4881-8953-ec36fc0c3e24
2022-07-27 13:49:10,326 [pool-119-thread-1] INFO  server.RaftServerConfigKeys (ConfUtils.java:logGet(46)) - raft.server.log.queue.byte-limit = 4294967296 (custom)
2022-07-27 13:49:10,326 [pool-119-thread-1] INFO  server.RaftServerConfigKeys (ConfUtils.java:logGet(46)) - raft.server.log.queue.element-limit = 1024 (custom)
2022-07-27 13:49:10,326 [pool-119-thread-1] INFO  server.RaftServerConfigKeys (ConfUtils.java:logGet(46)) - raft.server.log.segment.size.max = 1048576 (custom)
2022-07-27 13:49:10,326 [pool-119-thread-1] INFO  server.RaftServerConfigKeys (ConfUtils.java:logGet(46)) - raft.server.log.preallocated.size = 16384 (custom)
2022-07-27 13:49:10,329 [pool-119-thread-1] INFO  server.RaftServerConfigKeys (ConfUtils.java:logGet(46)) - raft.server.log.force.sync.num = 128 (default)
2022-07-27 13:49:10,329 [pool-119-thread-1] INFO  server.RaftServerConfigKeys (ConfUtils.java:logGet(46)) - raft.server.log.statemachine.data.sync = true (default)
2022-07-27 13:49:10,329 [pool-119-thread-1] INFO  server.RaftServerConfigKeys (ConfUtils.java:logGet(46)) - raft.server.log.statemachine.data.sync.timeout = 10s (default)
2022-07-27 13:49:10,329 [pool-119-thread-1] INFO  server.RaftServerConfigKeys (ConfUtils.java:logGet(46)) - raft.server.log.statemachine.data.sync.timeout.retry = -1 (default)
2022-07-27 13:49:10,329 [pool-119-thread-1] INFO  server.RaftServerConfigKeys (ConfUtils.java:logGet(46)) - raft.server.log.write.buffer.size = 1048576 (custom)
2022-07-27 13:49:10,330 [pool-119-thread-1] INFO  server.RaftServerConfigKeys (ConfUtils.java:logGet(46)) - raft.server.log.unsafe-flush.enabled = false (default)
2022-07-27 13:49:10,330 [pool-119-thread-1] INFO  server.RaftServerConfigKeys (ConfUtils.java:logGet(46)) - raft.server.log.statemachine.data.caching.enabled = true (custom)
2022-07-27 13:49:10,330 [pool-119-thread-1] INFO  segmented.SegmentedRaftLogWorker (SegmentedRaftLogWorker.java:lambda$new$0(135)) - 9135c07c-9562-4fec-aca6-20239d7a9d6d@group-EC36FC0C3E24-SegmentedRaftLogWorker: flushIndex: setUnconditionally 0 -> -1
2022-07-27 13:49:10,330 [pool-119-thread-1] INFO  segmented.SegmentedRaftLogWorker (SegmentedRaftLogWorker.java:lambda$new$0(135)) - 9135c07c-9562-4fec-aca6-20239d7a9d6d@group-EC36FC0C3E24-SegmentedRaftLogWorker: safeCacheEvictIndex: setUnconditionally 0 -> -1
2022-07-27 13:49:10,330 [pool-119-thread-1] INFO  server.RaftServerConfigKeys (ConfUtils.java:logGet(46)) - raft.server.snapshot.auto.trigger.enabled = true (custom)
2022-07-27 13:49:10,330 [pool-119-thread-1] INFO  server.RaftServerConfigKeys (ConfUtils.java:logGet(46)) - raft.server.snapshot.auto.trigger.threshold = 10000 (custom)
2022-07-27 13:49:10,331 [pool-119-thread-1] INFO  server.RaftServerConfigKeys (ConfUtils.java:logGet(46)) - raft.server.snapshot.retention.file.num = 5 (custom)
2022-07-27 13:49:10,331 [pool-119-thread-1] INFO  server.RaftServerConfigKeys (ConfUtils.java:logGet(46)) - raft.server.log.purge.upto.snapshot.index = false (default)
2022-07-27 13:49:10,331 [pool-119-thread-1] INFO  server.RaftServerConfigKeys (ConfUtils.java:logGet(46)) - raft.server.retrycache.expirytime = 600000ms (custom)
2022-07-27 13:49:10,331 [pool-119-thread-1] INFO  server.RaftServerConfigKeys (ConfUtils.java:logGet(46)) - raft.server.retrycache.statistics.expirytime = 100μs (default)
2022-07-27 13:49:10,332 [pool-119-thread-1] INFO  server.RaftServerConfigKeys (ConfUtils.java:logGet(46)) - raft.server.log.appender.install.snapshot.enabled = false (custom)
2022-07-27 13:49:10,332 [pool-119-thread-1] INFO  server.RaftServerConfigKeys (ConfUtils.java:logGet(46)) - raft.server.threadpool.server.cached = true (default)
2022-07-27 13:49:10,332 [pool-119-thread-1] INFO  server.RaftServerConfigKeys (ConfUtils.java:logGet(46)) - raft.server.threadpool.server.size = 0 (default)
2022-07-27 13:49:10,332 [pool-119-thread-1] INFO  server.RaftServerConfigKeys (ConfUtils.java:logGet(46)) - raft.server.threadpool.client.cached = true (default)
2022-07-27 13:49:10,332 [pool-119-thread-1] INFO  server.RaftServerConfigKeys (ConfUtils.java:logGet(46)) - raft.server.threadpool.client.size = 0 (default)
2022-07-27 13:49:10,332 [pool-119-thread-1] INFO  server.RaftServer$Division (RaftServerImpl.java:start(310)) - 9135c07c-9562-4fec-aca6-20239d7a9d6d@group-01F245C95A2E: start as a follower, conf=-1: [9135c07c-9562-4fec-aca6-20239d7a9d6d|rpc:10.1.0.21:40625|priority:1], old=null
2022-07-27 13:49:10,332 [pool-119-thread-1] INFO  server.RaftServer$Division (RaftServerImpl.java:setRole(299)) - 9135c07c-9562-4fec-aca6-20239d7a9d6d@group-01F245C95A2E: changes role from      null to FOLLOWER at term 0 for startAsFollower
2022-07-27 13:49:10,332 [pool-119-thread-1] INFO  impl.RoleInfo (RoleInfo.java:updateAndGet(139)) - 9135c07c-9562-4fec-aca6-20239d7a9d6d: start 9135c07c-9562-4fec-aca6-20239d7a9d6d@group-01F245C95A2E-FollowerState
2022-07-27 13:49:10,339 [pool-119-thread-1] INFO  util.JmxRegister (JmxRegister.java:tryRegister(44)) - Successfully registered JMX Bean with object name Ratis:service=RaftServer,group=group-01F245C95A2E,id=9135c07c-9562-4fec-aca6-20239d7a9d6d
2022-07-27 13:49:10,353 [pool-119-thread-1] INFO  server.RaftServer$Division (RaftServerImpl.java:start(310)) - 9135c07c-9562-4fec-aca6-20239d7a9d6d@group-EC36FC0C3E24: start as a follower, conf=-1: [df335623-852d-4a6f-8cff-fa9ba72c6e1b|rpc:10.1.0.21:40909|dataStream:|priority:0, efe9fd25-7228-4310-8e5d-4bcbbad78a8a|rpc:10.1.0.21:38425|dataStream:|priority:0, 9135c07c-9562-4fec-aca6-20239d7a9d6d|rpc:10.1.0.21:40625|dataStream:|priority:1], old=null
2022-07-27 13:49:10,353 [pool-119-thread-1] INFO  server.RaftServer$Division (RaftServerImpl.java:setRole(299)) - 9135c07c-9562-4fec-aca6-20239d7a9d6d@group-EC36FC0C3E24: changes role from      null to FOLLOWER at term 0 for startAsFollower
2022-07-27 13:49:10,353 [pool-119-thread-1] INFO  impl.RoleInfo (RoleInfo.java:updateAndGet(139)) - 9135c07c-9562-4fec-aca6-20239d7a9d6d: start 9135c07c-9562-4fec-aca6-20239d7a9d6d@group-EC36FC0C3E24-FollowerState
2022-07-27 13:49:10,353 [Command processor thread] INFO  ratis.XceiverServerRatis (XceiverServerRatis.java:addGroup(765)) - Created group PipelineID=bdff44e7-6034-4792-b192-01f245c95a2e
2022-07-27 13:49:10,353 [Command processor thread] INFO  commandhandler.CreatePipelineCommandHandler (CreatePipelineCommandHandler.java:handle(113)) - Created Pipeline RATIS ONE PipelineID=bdff44e7-6034-4792-b192-01f245c95a2e.
2022-07-27 13:49:10,354 [pool-119-thread-1] INFO  util.JmxRegister (JmxRegister.java:tryRegister(44)) - Successfully registered JMX Bean with object name Ratis:service=RaftServer,group=group-EC36FC0C3E24,id=9135c07c-9562-4fec-aca6-20239d7a9d6d
2022-07-27 13:49:10,390 [Command processor thread] INFO  commandhandler.CreatePipelineCommandHandler (CreatePipelineCommandHandler.java:handle(113)) - Created Pipeline RATIS THREE PipelineID=d20d3ed0-ea39-4881-8953-ec36fc0c3e24.
2022-07-27 13:49:10,391 [Command processor thread] INFO  commandhandler.CreatePipelineCommandHandler (CreatePipelineCommandHandler.java:handle(113)) - Created Pipeline RATIS THREE PipelineID=d20d3ed0-ea39-4881-8953-ec36fc0c3e24.
2022-07-27 13:49:10,590 [Command processor thread] INFO  server.RaftServer (RaftServerProxy.java:addNew(96)) - cb7edee7-fe7c-4fa3-abda-3ed18a74bab8: addNew group-DA5C3482901F:[cb7edee7-fe7c-4fa3-abda-3ed18a74bab8|rpc:10.1.0.21:39367|priority:1] returns group-DA5C3482901F:java.util.concurrent.CompletableFuture@1489c8df[Not completed]
2022-07-27 13:49:10,591 [pool-142-thread-1] INFO  server.RaftServer$Division (RaftServerImpl.java:<init>(190)) - cb7edee7-fe7c-4fa3-abda-3ed18a74bab8: new RaftServerImpl for group-DA5C3482901F:[cb7edee7-fe7c-4fa3-abda-3ed18a74bab8|rpc:10.1.0.21:39367|priority:1] with ContainerStateMachine:uninitialized
2022-07-27 13:49:10,592 [pool-142-thread-1] INFO  server.RaftServerConfigKeys (ConfUtils.java:logGet(46)) - raft.server.rpc.timeout.min = 5s (custom)
2022-07-27 13:49:10,592 [pool-142-thread-1] INFO  server.RaftServerConfigKeys (ConfUtils.java:logGet(46)) - raft.server.rpc.timeout.max = 5200ms (custom)
2022-07-27 13:49:10,592 [pool-142-thread-1] INFO  server.RaftServerConfigKeys (ConfUtils.java:logGet(46)) - raft.server.rpc.sleep.time = 25ms (default)
2022-07-27 13:49:10,592 [pool-142-thread-1] INFO  server.RaftServerConfigKeys (ConfUtils.java:logGet(46)) - raft.server.rpc.slowness.timeout = 300s (custom)
2022-07-27 13:49:10,592 [pool-142-thread-1] INFO  server.RaftServerConfigKeys (ConfUtils.java:logGet(46)) - raft.server.leaderelection.leader.step-down.wait-time = 10s (default)
2022-07-27 13:49:10,592 [pool-142-thread-1] INFO  server.RaftServerConfigKeys (ConfUtils.java:logGet(46)) - raft.server.sleep.deviation.threshold = 300ms (default)
2022-07-27 13:49:10,592 [pool-142-thread-1] INFO  server.RaftServer$Division (ServerState.java:<init>(107)) - cb7edee7-fe7c-4fa3-abda-3ed18a74bab8@group-DA5C3482901F: ConfigurationManager, init=-1: [cb7edee7-fe7c-4fa3-abda-3ed18a74bab8|rpc:10.1.0.21:39367|priority:1], old=null, confs=<EMPTY_MAP>
2022-07-27 13:49:10,592 [pool-142-thread-1] INFO  server.RaftServerConfigKeys (ConfUtils.java:logGet(46)) - raft.server.storage.dir = [/home/runner/work/ozone/ozone/hadoop-ozone/integration-test/target/test-dir/MiniOzoneClusterImpl-cbeacfe2-84b1-4648-87cc-d28f9e4744b3/datanode-3/data/ratis] (custom)
2022-07-27 13:49:10,592 [pool-142-thread-1] INFO  server.RaftServerConfigKeys (ConfUtils.java:logGet(46)) - raft.server.log.corruption.policy = EXCEPTION (default)
2022-07-27 13:49:10,592 [pool-142-thread-1] INFO  server.RaftServerConfigKeys (ConfUtils.java:logGet(46)) - raft.server.storage.free-space.min = 0MB (=0) (default)
2022-07-27 13:49:10,592 [pool-142-thread-1] INFO  storage.RaftStorageDirectory (RaftStorageDirectoryImpl.java:analyzeStorage(135)) - The storage directory /home/runner/work/ozone/ozone/hadoop-ozone/integration-test/target/test-dir/MiniOzoneClusterImpl-cbeacfe2-84b1-4648-87cc-d28f9e4744b3/datanode-3/data/ratis/a2e80931-c90e-41dd-8107-da5c3482901f does not exist. Creating ...
2022-07-27 13:49:10,594 [pool-142-thread-1] INFO  storage.RaftStorageDirectory (RaftStorageDirectoryImpl.java:tryLock(230)) - Lock on /home/runner/work/ozone/ozone/hadoop-ozone/integration-test/target/test-dir/MiniOzoneClusterImpl-cbeacfe2-84b1-4648-87cc-d28f9e4744b3/datanode-3/data/ratis/a2e80931-c90e-41dd-8107-da5c3482901f/in_use.lock acquired by nodename 11093@fv-az217-261
2022-07-27 13:49:10,596 [pool-142-thread-1] INFO  storage.RaftStorage (RaftStorageImpl.java:format(89)) - Storage directory /home/runner/work/ozone/ozone/hadoop-ozone/integration-test/target/test-dir/MiniOzoneClusterImpl-cbeacfe2-84b1-4648-87cc-d28f9e4744b3/datanode-3/data/ratis/a2e80931-c90e-41dd-8107-da5c3482901f has been successfully formatted.
2022-07-27 13:49:10,597 [pool-142-thread-1] INFO  ratis.ContainerStateMachine (ContainerStateMachine.java:loadSnapshot(236)) - group-DA5C3482901F: The snapshot info is null. Setting the last applied indexto:(t:0, i:~)
2022-07-27 13:49:10,597 [pool-142-thread-1] INFO  server.RaftServerConfigKeys (ConfUtils.java:logGet(46)) - raft.server.notification.no-leader.timeout = 300s (custom)
2022-07-27 13:49:10,597 [pool-142-thread-1] INFO  server.RaftServerConfigKeys (ConfUtils.java:logGet(46)) - raft.server.log.use.memory = false (default)
2022-07-27 13:49:10,597 [pool-142-thread-1] INFO  server.RaftServerConfigKeys (ConfUtils.java:logGet(46)) - raft.server.log.purge.gap = 1000000 (custom)
2022-07-27 13:49:10,597 [pool-142-thread-1] INFO  server.RaftServerConfigKeys (ConfUtils.java:logGet(46)) - raft.server.log.appender.buffer.byte-limit = 33554432 (custom)
2022-07-27 13:49:10,597 [pool-142-thread-1] INFO  server.RaftServerConfigKeys (ConfUtils.java:logGet(46)) - raft.server.log.statemachine.data.read.timeout = 1000ms (default)
2022-07-27 13:49:10,597 [pool-142-thread-1] INFO  server.RaftServerConfigKeys (ConfUtils.java:logGet(46)) - raft.server.log.segment.size.max = 1048576 (custom)
2022-07-27 13:49:10,598 [pool-142-thread-1] INFO  server.RaftServerConfigKeys (ConfUtils.java:logGet(46)) - raft.server.log.segment.cache.num.max = 2 (custom)
2022-07-27 13:49:10,598 [pool-142-thread-1] INFO  server.RaftServerConfigKeys (ConfUtils.java:logGet(46)) - raft.server.log.segment.cache.size.max = 200MB (=209715200) (default)
2022-07-27 13:49:10,598 [pool-142-thread-1] INFO  segmented.SegmentedRaftLogWorker (SegmentedRaftLogWorker.java:<init>(187)) - new cb7edee7-fe7c-4fa3-abda-3ed18a74bab8@group-DA5C3482901F-SegmentedRaftLogWorker for RaftStorageImpl:Storage Directory /home/runner/work/ozone/ozone/hadoop-ozone/integration-test/target/test-dir/MiniOzoneClusterImpl-cbeacfe2-84b1-4648-87cc-d28f9e4744b3/datanode-3/data/ratis/a2e80931-c90e-41dd-8107-da5c3482901f
2022-07-27 13:49:10,598 [pool-142-thread-1] INFO  server.RaftServerConfigKeys (ConfUtils.java:logGet(46)) - raft.server.log.queue.byte-limit = 4294967296 (custom)
2022-07-27 13:49:10,598 [pool-142-thread-1] INFO  server.RaftServerConfigKeys (ConfUtils.java:logGet(46)) - raft.server.log.queue.element-limit = 1024 (custom)
2022-07-27 13:49:10,598 [pool-142-thread-1] INFO  server.RaftServerConfigKeys (ConfUtils.java:logGet(46)) - raft.server.log.segment.size.max = 1048576 (custom)
2022-07-27 13:49:10,598 [pool-142-thread-1] INFO  server.RaftServerConfigKeys (ConfUtils.java:logGet(46)) - raft.server.log.preallocated.size = 16384 (custom)
2022-07-27 13:49:10,598 [pool-142-thread-1] INFO  server.RaftServerConfigKeys (ConfUtils.java:logGet(46)) - raft.server.log.force.sync.num = 128 (default)
2022-07-27 13:49:10,598 [pool-142-thread-1] INFO  server.RaftServerConfigKeys (ConfUtils.java:logGet(46)) - raft.server.log.statemachine.data.sync = true (default)
2022-07-27 13:49:10,598 [pool-142-thread-1] INFO  server.RaftServerConfigKeys (ConfUtils.java:logGet(46)) - raft.server.log.statemachine.data.sync.timeout = 10s (default)
2022-07-27 13:49:10,598 [pool-142-thread-1] INFO  server.RaftServerConfigKeys (ConfUtils.java:logGet(46)) - raft.server.log.statemachine.data.sync.timeout.retry = -1 (default)
2022-07-27 13:49:10,599 [pool-142-thread-1] INFO  server.RaftServerConfigKeys (ConfUtils.java:logGet(46)) - raft.server.log.write.buffer.size = 1048576 (custom)
2022-07-27 13:49:10,600 [pool-142-thread-1] INFO  server.RaftServerConfigKeys (ConfUtils.java:logGet(46)) - raft.server.log.unsafe-flush.enabled = false (default)
2022-07-27 13:49:10,600 [pool-142-thread-1] INFO  server.RaftServerConfigKeys (ConfUtils.java:logGet(46)) - raft.server.log.statemachine.data.caching.enabled = true (custom)
2022-07-27 13:49:10,601 [pool-142-thread-1] INFO  segmented.SegmentedRaftLogWorker (SegmentedRaftLogWorker.java:lambda$new$0(135)) - cb7edee7-fe7c-4fa3-abda-3ed18a74bab8@group-DA5C3482901F-SegmentedRaftLogWorker: flushIndex: setUnconditionally 0 -> -1
2022-07-27 13:49:10,601 [pool-142-thread-1] INFO  segmented.SegmentedRaftLogWorker (SegmentedRaftLogWorker.java:lambda$new$0(135)) - cb7edee7-fe7c-4fa3-abda-3ed18a74bab8@group-DA5C3482901F-SegmentedRaftLogWorker: safeCacheEvictIndex: setUnconditionally 0 -> -1
2022-07-27 13:49:10,601 [EventQueue-PipelineReportForPipelineReportHandler] INFO  pipeline.PipelineManagerImpl (PipelineManagerImpl.java:openPipeline(367)) - Pipeline Pipeline[ Id: a2e80931-c90e-41dd-8107-da5c3482901f, Nodes: cb7edee7-fe7c-4fa3-abda-3ed18a74bab8{ip: 10.1.0.21, host: fv-az217-261.5fhmivlnczbevhjmk01nzrxweh.bx.internal.cloudapp.net, ports: [REPLICATION=46015, RATIS=39367, RATIS_ADMIN=39367, RATIS_SERVER=39367, STANDALONE=34043], networkLocation: /default-rack, certSerialId: null, persistedOpState: IN_SERVICE, persistedOpStateExpiryEpochSec: 0}, ReplicationConfig: RATIS/ONE, State:ALLOCATED, leaderId:cb7edee7-fe7c-4fa3-abda-3ed18a74bab8, CreationTimestamp2022-07-27T13:49:07.593Z[Etc/UTC]] moved to OPEN state
2022-07-27 13:49:10,601 [EventQueue-OpenPipelineForHealthyPipelineSafeModeRule] INFO  safemode.SCMSafeModeManager (HealthyPipelineSafeModeRule.java:process(137)) - SCM in safe mode. Healthy pipelines reported count is 0, required healthy pipeline reported count is 1
2022-07-27 13:49:10,607 [pool-142-thread-1] INFO  server.RaftServerConfigKeys (ConfUtils.java:logGet(46)) - raft.server.snapshot.auto.trigger.enabled = true (custom)
2022-07-27 13:49:10,608 [pool-142-thread-1] INFO  server.RaftServerConfigKeys (ConfUtils.java:logGet(46)) - raft.server.snapshot.auto.trigger.threshold = 10000 (custom)
2022-07-27 13:49:10,608 [pool-142-thread-1] INFO  server.RaftServerConfigKeys (ConfUtils.java:logGet(46)) - raft.server.snapshot.retention.file.num = 5 (custom)
2022-07-27 13:49:10,608 [pool-142-thread-1] INFO  server.RaftServerConfigKeys (ConfUtils.java:logGet(46)) - raft.server.log.purge.upto.snapshot.index = false (default)
2022-07-27 13:49:10,608 [pool-142-thread-1] INFO  server.RaftServerConfigKeys (ConfUtils.java:logGet(46)) - raft.server.retrycache.expirytime = 600000ms (custom)
2022-07-27 13:49:10,608 [pool-142-thread-1] INFO  server.RaftServerConfigKeys (ConfUtils.java:logGet(46)) - raft.server.retrycache.statistics.expirytime = 100μs (default)
2022-07-27 13:49:10,609 [pool-142-thread-1] INFO  server.RaftServerConfigKeys (ConfUtils.java:logGet(46)) - raft.server.log.appender.install.snapshot.enabled = false (custom)
2022-07-27 13:49:10,609 [pool-142-thread-1] INFO  server.RaftServerConfigKeys (ConfUtils.java:logGet(46)) - raft.server.threadpool.server.cached = true (default)
2022-07-27 13:49:10,609 [pool-142-thread-1] INFO  server.RaftServerConfigKeys (ConfUtils.java:logGet(46)) - raft.server.threadpool.server.size = 0 (default)
2022-07-27 13:49:10,609 [pool-142-thread-1] INFO  server.RaftServerConfigKeys (ConfUtils.java:logGet(46)) - raft.server.threadpool.client.cached = true (default)
2022-07-27 13:49:10,609 [pool-142-thread-1] INFO  server.RaftServerConfigKeys (ConfUtils.java:logGet(46)) - raft.server.threadpool.client.size = 0 (default)
2022-07-27 13:49:10,609 [pool-142-thread-1] INFO  server.RaftServer$Division (RaftServerImpl.java:start(310)) - cb7edee7-fe7c-4fa3-abda-3ed18a74bab8@group-DA5C3482901F: start as a follower, conf=-1: [cb7edee7-fe7c-4fa3-abda-3ed18a74bab8|rpc:10.1.0.21:39367|priority:1], old=null
2022-07-27 13:49:10,609 [pool-142-thread-1] INFO  server.RaftServer$Division (RaftServerImpl.java:setRole(299)) - cb7edee7-fe7c-4fa3-abda-3ed18a74bab8@group-DA5C3482901F: changes role from      null to FOLLOWER at term 0 for startAsFollower
2022-07-27 13:49:10,609 [pool-142-thread-1] INFO  impl.RoleInfo (RoleInfo.java:updateAndGet(139)) - cb7edee7-fe7c-4fa3-abda-3ed18a74bab8: start cb7edee7-fe7c-4fa3-abda-3ed18a74bab8@group-DA5C3482901F-FollowerState
2022-07-27 13:49:10,612 [pool-142-thread-1] INFO  util.JmxRegister (JmxRegister.java:tryRegister(44)) - Successfully registered JMX Bean with object name Ratis:service=RaftServer,group=group-DA5C3482901F,id=cb7edee7-fe7c-4fa3-abda-3ed18a74bab8
2022-07-27 13:49:10,612 [Command processor thread] INFO  ratis.XceiverServerRatis (XceiverServerRatis.java:addGroup(765)) - Created group PipelineID=a2e80931-c90e-41dd-8107-da5c3482901f
2022-07-27 13:49:10,612 [Command processor thread] INFO  commandhandler.CreatePipelineCommandHandler (CreatePipelineCommandHandler.java:handle(113)) - Created Pipeline RATIS ONE PipelineID=a2e80931-c90e-41dd-8107-da5c3482901f.
2022-07-27 13:49:10,877 [Listener at 127.0.0.1/44975] INFO  ozone.MiniOzoneClusterImpl (MiniOzoneClusterImpl.java:lambda$waitForClusterToBeReady$0(216)) - Nodes are ready. Got 5 of 5 DN Heartbeats.
2022-07-27 13:49:10,877 [Listener at 127.0.0.1/44975] INFO  ozone.MiniOzoneClusterImpl (MiniOzoneClusterImpl.java:lambda$waitForClusterToBeReady$0(219)) - Waiting for cluster to exit safe mode
2022-07-27 13:49:10,877 [Listener at 127.0.0.1/44975] INFO  ozone.MiniOzoneClusterImpl (MiniOzoneClusterImpl.java:lambda$waitForClusterToBeReady$0(221)) - SCM became leader
2022-07-27 13:49:10,882 [Command processor thread] INFO  server.RaftServer (RaftServerProxy.java:addNew(96)) - 89f3cafd-f6f4-41ae-bc62-6e12401c3bdc: addNew group-80FEA706BA56:[89f3cafd-f6f4-41ae-bc62-6e12401c3bdc|rpc:10.1.0.21:34539|priority:1] returns group-80FEA706BA56:java.util.concurrent.CompletableFuture@6fd9c8c4[Not completed]
2022-07-27 13:49:10,883 [pool-165-thread-1] INFO  server.RaftServer$Division (RaftServerImpl.java:<init>(190)) - 89f3cafd-f6f4-41ae-bc62-6e12401c3bdc: new RaftServerImpl for group-80FEA706BA56:[89f3cafd-f6f4-41ae-bc62-6e12401c3bdc|rpc:10.1.0.21:34539|priority:1] with ContainerStateMachine:uninitialized
2022-07-27 13:49:10,883 [pool-165-thread-1] INFO  server.RaftServerConfigKeys (ConfUtils.java:logGet(46)) - raft.server.rpc.timeout.min = 5s (custom)
2022-07-27 13:49:10,883 [pool-165-thread-1] INFO  server.RaftServerConfigKeys (ConfUtils.java:logGet(46)) - raft.server.rpc.timeout.max = 5200ms (custom)
2022-07-27 13:49:10,884 [pool-165-thread-1] INFO  server.RaftServerConfigKeys (ConfUtils.java:logGet(46)) - raft.server.rpc.sleep.time = 25ms (default)
2022-07-27 13:49:10,884 [pool-165-thread-1] INFO  server.RaftServerConfigKeys (ConfUtils.java:logGet(46)) - raft.server.rpc.slowness.timeout = 300s (custom)
2022-07-27 13:49:10,884 [pool-165-thread-1] INFO  server.RaftServerConfigKeys (ConfUtils.java:logGet(46)) - raft.server.leaderelection.leader.step-down.wait-time = 10s (default)
2022-07-27 13:49:10,884 [pool-165-thread-1] INFO  server.RaftServerConfigKeys (ConfUtils.java:logGet(46)) - raft.server.sleep.deviation.threshold = 300ms (default)
2022-07-27 13:49:10,884 [pool-165-thread-1] INFO  server.RaftServer$Division (ServerState.java:<init>(107)) - 89f3cafd-f6f4-41ae-bc62-6e12401c3bdc@group-80FEA706BA56: ConfigurationManager, init=-1: [89f3cafd-f6f4-41ae-bc62-6e12401c3bdc|rpc:10.1.0.21:34539|priority:1], old=null, confs=<EMPTY_MAP>
2022-07-27 13:49:10,884 [pool-165-thread-1] INFO  server.RaftServerConfigKeys (ConfUtils.java:logGet(46)) - raft.server.storage.dir = [/home/runner/work/ozone/ozone/hadoop-ozone/integration-test/target/test-dir/MiniOzoneClusterImpl-cbeacfe2-84b1-4648-87cc-d28f9e4744b3/datanode-4/data/ratis] (custom)
2022-07-27 13:49:10,884 [pool-165-thread-1] INFO  server.RaftServerConfigKeys (ConfUtils.java:logGet(46)) - raft.server.log.corruption.policy = EXCEPTION (default)
2022-07-27 13:49:10,884 [pool-165-thread-1] INFO  server.RaftServerConfigKeys (ConfUtils.java:logGet(46)) - raft.server.storage.free-space.min = 0MB (=0) (default)
2022-07-27 13:49:10,884 [pool-165-thread-1] INFO  storage.RaftStorageDirectory (RaftStorageDirectoryImpl.java:analyzeStorage(135)) - The storage directory /home/runner/work/ozone/ozone/hadoop-ozone/integration-test/target/test-dir/MiniOzoneClusterImpl-cbeacfe2-84b1-4648-87cc-d28f9e4744b3/datanode-4/data/ratis/1da72f4d-31a7-4aa7-932d-80fea706ba56 does not exist. Creating ...
2022-07-27 13:49:10,885 [pool-165-thread-1] INFO  storage.RaftStorageDirectory (RaftStorageDirectoryImpl.java:tryLock(230)) - Lock on /home/runner/work/ozone/ozone/hadoop-ozone/integration-test/target/test-dir/MiniOzoneClusterImpl-cbeacfe2-84b1-4648-87cc-d28f9e4744b3/datanode-4/data/ratis/1da72f4d-31a7-4aa7-932d-80fea706ba56/in_use.lock acquired by nodename 11093@fv-az217-261
2022-07-27 13:49:10,886 [pool-165-thread-1] INFO  storage.RaftStorage (RaftStorageImpl.java:format(89)) - Storage directory /home/runner/work/ozone/ozone/hadoop-ozone/integration-test/target/test-dir/MiniOzoneClusterImpl-cbeacfe2-84b1-4648-87cc-d28f9e4744b3/datanode-4/data/ratis/1da72f4d-31a7-4aa7-932d-80fea706ba56 has been successfully formatted.
2022-07-27 13:49:10,887 [pool-165-thread-1] INFO  ratis.ContainerStateMachine (ContainerStateMachine.java:loadSnapshot(236)) - group-80FEA706BA56: The snapshot info is null. Setting the last applied indexto:(t:0, i:~)
2022-07-27 13:49:10,888 [pool-165-thread-1] INFO  server.RaftServerConfigKeys (ConfUtils.java:logGet(46)) - raft.server.notification.no-leader.timeout = 300s (custom)
2022-07-27 13:49:10,888 [pool-165-thread-1] INFO  server.RaftServerConfigKeys (ConfUtils.java:logGet(46)) - raft.server.log.use.memory = false (default)
2022-07-27 13:49:10,888 [pool-165-thread-1] INFO  server.RaftServerConfigKeys (ConfUtils.java:logGet(46)) - raft.server.log.purge.gap = 1000000 (custom)
2022-07-27 13:49:10,889 [pool-165-thread-1] INFO  server.RaftServerConfigKeys (ConfUtils.java:logGet(46)) - raft.server.log.appender.buffer.byte-limit = 33554432 (custom)
2022-07-27 13:49:10,889 [pool-165-thread-1] INFO  server.RaftServerConfigKeys (ConfUtils.java:logGet(46)) - raft.server.log.statemachine.data.read.timeout = 1000ms (default)
2022-07-27 13:49:10,890 [EventQueue-PipelineReportForPipelineReportHandler] INFO  pipeline.PipelineManagerImpl (PipelineManagerImpl.java:openPipeline(367)) - Pipeline Pipeline[ Id: 1da72f4d-31a7-4aa7-932d-80fea706ba56, Nodes: 89f3cafd-f6f4-41ae-bc62-6e12401c3bdc{ip: 10.1.0.21, host: fv-az217-261.5fhmivlnczbevhjmk01nzrxweh.bx.internal.cloudapp.net, ports: [REPLICATION=38841, RATIS=34539, RATIS_ADMIN=34539, RATIS_SERVER=34539, STANDALONE=35801], networkLocation: /default-rack, certSerialId: null, persistedOpState: IN_SERVICE, persistedOpStateExpiryEpochSec: 0}, ReplicationConfig: RATIS/ONE, State:ALLOCATED, leaderId:89f3cafd-f6f4-41ae-bc62-6e12401c3bdc, CreationTimestamp2022-07-27T13:49:07.885Z[Etc/UTC]] moved to OPEN state
2022-07-27 13:49:10,890 [EventQueue-OpenPipelineForHealthyPipelineSafeModeRule] INFO  safemode.SCMSafeModeManager (HealthyPipelineSafeModeRule.java:process(137)) - SCM in safe mode. Healthy pipelines reported count is 0, required healthy pipeline reported count is 1
2022-07-27 13:49:10,890 [pool-165-thread-1] INFO  server.RaftServerConfigKeys (ConfUtils.java:logGet(46)) - raft.server.log.segment.size.max = 1048576 (custom)
2022-07-27 13:49:10,891 [pool-165-thread-1] INFO  server.RaftServerConfigKeys (ConfUtils.java:logGet(46)) - raft.server.log.segment.cache.num.max = 2 (custom)
2022-07-27 13:49:10,891 [pool-165-thread-1] INFO  server.RaftServerConfigKeys (ConfUtils.java:logGet(46)) - raft.server.log.segment.cache.size.max = 200MB (=209715200) (default)
2022-07-27 13:49:10,891 [pool-165-thread-1] INFO  segmented.SegmentedRaftLogWorker (SegmentedRaftLogWorker.java:<init>(187)) - new 89f3cafd-f6f4-41ae-bc62-6e12401c3bdc@group-80FEA706BA56-SegmentedRaftLogWorker for RaftStorageImpl:Storage Directory /home/runner/work/ozone/ozone/hadoop-ozone/integration-test/target/test-dir/MiniOzoneClusterImpl-cbeacfe2-84b1-4648-87cc-d28f9e4744b3/datanode-4/data/ratis/1da72f4d-31a7-4aa7-932d-80fea706ba56
2022-07-27 13:49:10,891 [pool-165-thread-1] INFO  server.RaftServerConfigKeys (ConfUtils.java:logGet(46)) - raft.server.log.queue.byte-limit = 4294967296 (custom)
2022-07-27 13:49:10,891 [pool-165-thread-1] INFO  server.RaftServerConfigKeys (ConfUtils.java:logGet(46)) - raft.server.log.queue.element-limit = 1024 (custom)
2022-07-27 13:49:10,891 [pool-165-thread-1] INFO  server.RaftServerConfigKeys (ConfUtils.java:logGet(46)) - raft.server.log.segment.size.max = 1048576 (custom)
2022-07-27 13:49:10,892 [pool-165-thread-1] INFO  server.RaftServerConfigKeys (ConfUtils.java:logGet(46)) - raft.server.log.preallocated.size = 16384 (custom)
2022-07-27 13:49:10,892 [pool-165-thread-1] INFO  server.RaftServerConfigKeys (ConfUtils.java:logGet(46)) - raft.server.log.force.sync.num = 128 (default)
2022-07-27 13:49:10,892 [pool-165-thread-1] INFO  server.RaftServerConfigKeys (ConfUtils.java:logGet(46)) - raft.server.log.statemachine.data.sync = true (default)
2022-07-27 13:49:10,892 [pool-165-thread-1] INFO  server.RaftServerConfigKeys (ConfUtils.java:logGet(46)) - raft.server.log.statemachine.data.sync.timeout = 10s (default)
2022-07-27 13:49:10,892 [pool-165-thread-1] INFO  server.RaftServerConfigKeys (ConfUtils.java:logGet(46)) - raft.server.log.statemachine.data.sync.timeout.retry = -1 (default)
2022-07-27 13:49:10,892 [pool-165-thread-1] INFO  server.RaftServerConfigKeys (ConfUtils.java:logGet(46)) - raft.server.log.write.buffer.size = 1048576 (custom)
2022-07-27 13:49:10,893 [pool-165-thread-1] INFO  server.RaftServerConfigKeys (ConfUtils.java:logGet(46)) - raft.server.log.unsafe-flush.enabled = false (default)
2022-07-27 13:49:10,893 [pool-165-thread-1] INFO  server.RaftServerConfigKeys (ConfUtils.java:logGet(46)) - raft.server.log.statemachine.data.caching.enabled = true (custom)
2022-07-27 13:49:10,893 [pool-165-thread-1] INFO  segmented.SegmentedRaftLogWorker (SegmentedRaftLogWorker.java:lambda$new$0(135)) - 89f3cafd-f6f4-41ae-bc62-6e12401c3bdc@group-80FEA706BA56-SegmentedRaftLogWorker: flushIndex: setUnconditionally 0 -> -1
2022-07-27 13:49:10,893 [pool-165-thread-1] INFO  segmented.SegmentedRaftLogWorker (SegmentedRaftLogWorker.java:lambda$new$0(135)) - 89f3cafd-f6f4-41ae-bc62-6e12401c3bdc@group-80FEA706BA56-SegmentedRaftLogWorker: safeCacheEvictIndex: setUnconditionally 0 -> -1
2022-07-27 13:49:10,894 [pool-165-thread-1] INFO  server.RaftServerConfigKeys (ConfUtils.java:logGet(46)) - raft.server.snapshot.auto.trigger.enabled = true (custom)
2022-07-27 13:49:10,894 [pool-165-thread-1] INFO  server.RaftServerConfigKeys (ConfUtils.java:logGet(46)) - raft.server.snapshot.auto.trigger.threshold = 10000 (custom)
2022-07-27 13:49:10,894 [pool-165-thread-1] INFO  server.RaftServerConfigKeys (ConfUtils.java:logGet(46)) - raft.server.snapshot.retention.file.num = 5 (custom)
2022-07-27 13:49:10,894 [pool-165-thread-1] INFO  server.RaftServerConfigKeys (ConfUtils.java:logGet(46)) - raft.server.log.purge.upto.snapshot.index = false (default)
2022-07-27 13:49:10,894 [pool-165-thread-1] INFO  server.RaftServerConfigKeys (ConfUtils.java:logGet(46)) - raft.server.retrycache.expirytime = 600000ms (custom)
2022-07-27 13:49:10,894 [pool-165-thread-1] INFO  server.RaftServerConfigKeys (ConfUtils.java:logGet(46)) - raft.server.retrycache.statistics.expirytime = 100μs (default)
2022-07-27 13:49:10,895 [pool-165-thread-1] INFO  server.RaftServerConfigKeys (ConfUtils.java:logGet(46)) - raft.server.log.appender.install.snapshot.enabled = false (custom)
2022-07-27 13:49:10,895 [pool-165-thread-1] INFO  server.RaftServerConfigKeys (ConfUtils.java:logGet(46)) - raft.server.threadpool.server.cached = true (default)
2022-07-27 13:49:10,895 [pool-165-thread-1] INFO  server.RaftServerConfigKeys (ConfUtils.java:logGet(46)) - raft.server.threadpool.server.size = 0 (default)
2022-07-27 13:49:10,895 [pool-165-thread-1] INFO  server.RaftServerConfigKeys (ConfUtils.java:logGet(46)) - raft.server.threadpool.client.cached = true (default)
2022-07-27 13:49:10,895 [pool-165-thread-1] INFO  server.RaftServerConfigKeys (ConfUtils.java:logGet(46)) - raft.server.threadpool.client.size = 0 (default)
2022-07-27 13:49:10,895 [pool-165-thread-1] INFO  server.RaftServer$Division (RaftServerImpl.java:start(310)) - 89f3cafd-f6f4-41ae-bc62-6e12401c3bdc@group-80FEA706BA56: start as a follower, conf=-1: [89f3cafd-f6f4-41ae-bc62-6e12401c3bdc|rpc:10.1.0.21:34539|priority:1], old=null
2022-07-27 13:49:10,895 [pool-165-thread-1] INFO  server.RaftServer$Division (RaftServerImpl.java:setRole(299)) - 89f3cafd-f6f4-41ae-bc62-6e12401c3bdc@group-80FEA706BA56: changes role from      null to FOLLOWER at term 0 for startAsFollower
2022-07-27 13:49:10,895 [pool-165-thread-1] INFO  impl.RoleInfo (RoleInfo.java:updateAndGet(139)) - 89f3cafd-f6f4-41ae-bc62-6e12401c3bdc: start 89f3cafd-f6f4-41ae-bc62-6e12401c3bdc@group-80FEA706BA56-FollowerState
2022-07-27 13:49:10,895 [pool-165-thread-1] INFO  util.JmxRegister (JmxRegister.java:tryRegister(44)) - Successfully registered JMX Bean with object name Ratis:service=RaftServer,group=group-80FEA706BA56,id=89f3cafd-f6f4-41ae-bc62-6e12401c3bdc
2022-07-27 13:49:10,896 [Command processor thread] INFO  ratis.XceiverServerRatis (XceiverServerRatis.java:addGroup(765)) - Created group PipelineID=1da72f4d-31a7-4aa7-932d-80fea706ba56
2022-07-27 13:49:10,896 [Command processor thread] INFO  commandhandler.CreatePipelineCommandHandler (CreatePipelineCommandHandler.java:handle(113)) - Created Pipeline RATIS ONE PipelineID=1da72f4d-31a7-4aa7-932d-80fea706ba56.
2022-07-27 13:49:11,878 [Listener at 127.0.0.1/44975] INFO  ozone.MiniOzoneClusterImpl (MiniOzoneClusterImpl.java:lambda$waitForClusterToBeReady$0(216)) - Nodes are ready. Got 5 of 5 DN Heartbeats.
2022-07-27 13:49:11,878 [Listener at 127.0.0.1/44975] INFO  ozone.MiniOzoneClusterImpl (MiniOzoneClusterImpl.java:lambda$waitForClusterToBeReady$0(219)) - Waiting for cluster to exit safe mode
2022-07-27 13:49:11,878 [Listener at 127.0.0.1/44975] INFO  ozone.MiniOzoneClusterImpl (MiniOzoneClusterImpl.java:lambda$waitForClusterToBeReady$0(221)) - SCM became leader
2022-07-27 13:49:12,878 [Listener at 127.0.0.1/44975] INFO  ozone.MiniOzoneClusterImpl (MiniOzoneClusterImpl.java:lambda$waitForClusterToBeReady$0(216)) - Nodes are ready. Got 5 of 5 DN Heartbeats.
2022-07-27 13:49:12,879 [Listener at 127.0.0.1/44975] INFO  ozone.MiniOzoneClusterImpl (MiniOzoneClusterImpl.java:lambda$waitForClusterToBeReady$0(219)) - Waiting for cluster to exit safe mode
2022-07-27 13:49:12,879 [Listener at 127.0.0.1/44975] INFO  ozone.MiniOzoneClusterImpl (MiniOzoneClusterImpl.java:lambda$waitForClusterToBeReady$0(221)) - SCM became leader
2022-07-27 13:49:13,879 [Listener at 127.0.0.1/44975] INFO  ozone.MiniOzoneClusterImpl (MiniOzoneClusterImpl.java:lambda$waitForClusterToBeReady$0(216)) - Nodes are ready. Got 5 of 5 DN Heartbeats.
2022-07-27 13:49:13,880 [Listener at 127.0.0.1/44975] INFO  ozone.MiniOzoneClusterImpl (MiniOzoneClusterImpl.java:lambda$waitForClusterToBeReady$0(219)) - Waiting for cluster to exit safe mode
2022-07-27 13:49:13,880 [Listener at 127.0.0.1/44975] INFO  ozone.MiniOzoneClusterImpl (MiniOzoneClusterImpl.java:lambda$waitForClusterToBeReady$0(221)) - SCM became leader
2022-07-27 13:49:14,691 [df335623-852d-4a6f-8cff-fa9ba72c6e1b@group-4D17F1F44F46-FollowerState] INFO  impl.FollowerState (FollowerState.java:run(143)) - df335623-852d-4a6f-8cff-fa9ba72c6e1b@group-4D17F1F44F46-FollowerState: change to CANDIDATE, lastRpcElapsedTime:5090847356ns, electionTimeout:5088ms
2022-07-27 13:49:14,692 [df335623-852d-4a6f-8cff-fa9ba72c6e1b@group-4D17F1F44F46-FollowerState] INFO  impl.RoleInfo (RoleInfo.java:shutdownFollowerState(110)) - df335623-852d-4a6f-8cff-fa9ba72c6e1b: shutdown df335623-852d-4a6f-8cff-fa9ba72c6e1b@group-4D17F1F44F46-FollowerState
2022-07-27 13:49:14,692 [df335623-852d-4a6f-8cff-fa9ba72c6e1b@group-4D17F1F44F46-FollowerState] INFO  server.RaftServer$Division (RaftServerImpl.java:setRole(299)) - df335623-852d-4a6f-8cff-fa9ba72c6e1b@group-4D17F1F44F46: changes role from  FOLLOWER to CANDIDATE at term 0 for changeToCandidate
2022-07-27 13:49:14,692 [df335623-852d-4a6f-8cff-fa9ba72c6e1b@group-4D17F1F44F46-FollowerState] INFO  server.RaftServerConfigKeys (ConfUtils.java:logGet(46)) - raft.server.leaderelection.pre-vote = false (custom)
2022-07-27 13:49:14,692 [df335623-852d-4a6f-8cff-fa9ba72c6e1b@group-4D17F1F44F46-FollowerState] INFO  impl.RoleInfo (RoleInfo.java:updateAndGet(139)) - df335623-852d-4a6f-8cff-fa9ba72c6e1b: start df335623-852d-4a6f-8cff-fa9ba72c6e1b@group-4D17F1F44F46-LeaderElection2
2022-07-27 13:49:14,694 [df335623-852d-4a6f-8cff-fa9ba72c6e1b@group-9244B3F990A8-FollowerState] INFO  impl.FollowerState (FollowerState.java:run(143)) - df335623-852d-4a6f-8cff-fa9ba72c6e1b@group-9244B3F990A8-FollowerState: change to CANDIDATE, lastRpcElapsedTime:5134046249ns, electionTimeout:5122ms
2022-07-27 13:49:14,694 [df335623-852d-4a6f-8cff-fa9ba72c6e1b@group-9244B3F990A8-FollowerState] INFO  impl.RoleInfo (RoleInfo.java:shutdownFollowerState(110)) - df335623-852d-4a6f-8cff-fa9ba72c6e1b: shutdown df335623-852d-4a6f-8cff-fa9ba72c6e1b@group-9244B3F990A8-FollowerState
2022-07-27 13:49:14,695 [df335623-852d-4a6f-8cff-fa9ba72c6e1b@group-9244B3F990A8-FollowerState] INFO  server.RaftServer$Division (RaftServerImpl.java:setRole(299)) - df335623-852d-4a6f-8cff-fa9ba72c6e1b@group-9244B3F990A8: changes role from  FOLLOWER to CANDIDATE at term 0 for changeToCandidate
2022-07-27 13:49:14,695 [df335623-852d-4a6f-8cff-fa9ba72c6e1b@group-9244B3F990A8-FollowerState] INFO  server.RaftServerConfigKeys (ConfUtils.java:logGet(46)) - raft.server.leaderelection.pre-vote = false (custom)
2022-07-27 13:49:14,695 [df335623-852d-4a6f-8cff-fa9ba72c6e1b@group-9244B3F990A8-FollowerState] INFO  impl.RoleInfo (RoleInfo.java:updateAndGet(139)) - df335623-852d-4a6f-8cff-fa9ba72c6e1b: start df335623-852d-4a6f-8cff-fa9ba72c6e1b@group-9244B3F990A8-LeaderElection3
2022-07-27 13:49:14,697 [df335623-852d-4a6f-8cff-fa9ba72c6e1b@group-4D17F1F44F46-LeaderElection2] INFO  impl.LeaderElection (LeaderElection.java:askForVotes(310)) - df335623-852d-4a6f-8cff-fa9ba72c6e1b@group-4D17F1F44F46-LeaderElection2 ELECTION round 0: submit vote requests at term 1 for -1: [df335623-852d-4a6f-8cff-fa9ba72c6e1b|rpc:10.1.0.21:40909|priority:1, efe9fd25-7228-4310-8e5d-4bcbbad78a8a|rpc:10.1.0.21:38425|priority:0, 9135c07c-9562-4fec-aca6-20239d7a9d6d|rpc:10.1.0.21:40625|priority:0], old=null
2022-07-27 13:49:14,698 [df335623-852d-4a6f-8cff-fa9ba72c6e1b@group-9244B3F990A8-LeaderElection3] INFO  impl.LeaderElection (LeaderElection.java:askForVotes(310)) - df335623-852d-4a6f-8cff-fa9ba72c6e1b@group-9244B3F990A8-LeaderElection3 ELECTION round 0: submit vote requests at term 1 for -1: [df335623-852d-4a6f-8cff-fa9ba72c6e1b|rpc:10.1.0.21:40909|priority:1], old=null
2022-07-27 13:49:14,698 [df335623-852d-4a6f-8cff-fa9ba72c6e1b@group-9244B3F990A8-LeaderElection3] INFO  impl.LeaderElection (LeaderElection.java:askForVotes(312)) - df335623-852d-4a6f-8cff-fa9ba72c6e1b@group-9244B3F990A8-LeaderElection3 ELECTION round 0: result PASSED (term=1)
2022-07-27 13:49:14,698 [df335623-852d-4a6f-8cff-fa9ba72c6e1b@group-9244B3F990A8-LeaderElection3] INFO  impl.RoleInfo (RoleInfo.java:shutdownLeaderElection(130)) - df335623-852d-4a6f-8cff-fa9ba72c6e1b: shutdown df335623-852d-4a6f-8cff-fa9ba72c6e1b@group-9244B3F990A8-LeaderElection3
2022-07-27 13:49:14,698 [df335623-852d-4a6f-8cff-fa9ba72c6e1b@group-9244B3F990A8-LeaderElection3] INFO  server.RaftServer$Division (RaftServerImpl.java:setRole(299)) - df335623-852d-4a6f-8cff-fa9ba72c6e1b@group-9244B3F990A8: changes role from CANDIDATE to LEADER at term 1 for changeToLeader
2022-07-27 13:49:14,698 [df335623-852d-4a6f-8cff-fa9ba72c6e1b@group-9244B3F990A8-LeaderElection3] INFO  ratis.XceiverServerRatis (XceiverServerRatis.java:handleLeaderChangedNotification(863)) - Leader change notification received for group: group-9244B3F990A8 with new leaderId: df335623-852d-4a6f-8cff-fa9ba72c6e1b
2022-07-27 13:49:14,700 [EventQueue-OpenPipelineForHealthyPipelineSafeModeRule] INFO  safemode.SCMSafeModeManager (HealthyPipelineSafeModeRule.java:process(137)) - SCM in safe mode. Healthy pipelines reported count is 0, required healthy pipeline reported count is 1
2022-07-27 13:49:14,702 [df335623-852d-4a6f-8cff-fa9ba72c6e1b@group-9244B3F990A8-LeaderElection3] INFO  server.RaftServer$Division (ServerState.java:setLeader(287)) - df335623-852d-4a6f-8cff-fa9ba72c6e1b@group-9244B3F990A8: change Leader from null to df335623-852d-4a6f-8cff-fa9ba72c6e1b at term 1 for becomeLeader, leader elected after 5162ms
2022-07-27 13:49:14,702 [df335623-852d-4a6f-8cff-fa9ba72c6e1b@group-9244B3F990A8-LeaderElection3] INFO  server.RaftServerConfigKeys (ConfUtils.java:logGet(46)) - raft.server.staging.catchup.gap = 1000 (default)
2022-07-27 13:49:14,702 [df335623-852d-4a6f-8cff-fa9ba72c6e1b@group-9244B3F990A8-LeaderElection3] INFO  server.RaftServerConfigKeys (ConfUtils.java:logGet(46)) - raft.server.write.element-limit = 1024 (custom)
2022-07-27 13:49:14,703 [df335623-852d-4a6f-8cff-fa9ba72c6e1b@group-9244B3F990A8-LeaderElection3] INFO  server.RaftServerConfigKeys (ConfUtils.java:logGet(46)) - raft.server.write.byte-limit = 1024 M (=1073741824) (custom)
2022-07-27 13:49:14,703 [df335623-852d-4a6f-8cff-fa9ba72c6e1b@group-9244B3F990A8-LeaderElection3] INFO  server.RaftServerConfigKeys (ConfUtils.java:logGet(46)) - raft.server.watch.timeout = 180s (custom)
2022-07-27 13:49:14,703 [df335623-852d-4a6f-8cff-fa9ba72c6e1b@group-9244B3F990A8-LeaderElection3] INFO  server.RaftServerConfigKeys (ConfUtils.java:logGet(46)) - raft.server.watch.timeout.denomination = 1s (default)
2022-07-27 13:49:14,703 [df335623-852d-4a6f-8cff-fa9ba72c6e1b@group-9244B3F990A8-LeaderElection3] INFO  server.RaftServerConfigKeys (ConfUtils.java:logGet(46)) - raft.server.watch.element-limit = 65536 (default)
2022-07-27 13:49:14,704 [df335623-852d-4a6f-8cff-fa9ba72c6e1b@group-9244B3F990A8-LeaderElection3] INFO  server.RaftServerConfigKeys (ConfUtils.java:logGet(46)) - raft.server.write.element-limit = 1024 (custom)
2022-07-27 13:49:14,704 [df335623-852d-4a6f-8cff-fa9ba72c6e1b@group-9244B3F990A8-LeaderElection3] INFO  server.RaftServerConfigKeys (ConfUtils.java:logGet(46)) - raft.server.write.follower.gap.ratio.max = -1.0 (default)
2022-07-27 13:49:14,704 [df335623-852d-4a6f-8cff-fa9ba72c6e1b@group-9244B3F990A8-LeaderElection3] INFO  impl.RoleInfo (RoleInfo.java:updateAndGet(139)) - df335623-852d-4a6f-8cff-fa9ba72c6e1b: start df335623-852d-4a6f-8cff-fa9ba72c6e1b@group-9244B3F990A8-LeaderStateImpl
2022-07-27 13:49:14,704 [df335623-852d-4a6f-8cff-fa9ba72c6e1b@group-9244B3F990A8-LeaderElection3] INFO  segmented.SegmentedRaftLogWorker (SegmentedRaftLogWorker.java:startLogSegment(425)) - df335623-852d-4a6f-8cff-fa9ba72c6e1b@group-9244B3F990A8-SegmentedRaftLogWorker: Starting segment from index:0
2022-07-27 13:49:14,705 [df335623-852d-4a6f-8cff-fa9ba72c6e1b@group-9244B3F990A8-SegmentedRaftLogWorker] INFO  segmented.SegmentedRaftLogWorker (SegmentedRaftLogWorker.java:execute(629)) - df335623-852d-4a6f-8cff-fa9ba72c6e1b@group-9244B3F990A8-SegmentedRaftLogWorker: created new log segment /home/runner/work/ozone/ozone/hadoop-ozone/integration-test/target/test-dir/MiniOzoneClusterImpl-cbeacfe2-84b1-4648-87cc-d28f9e4744b3/datanode-0/data/ratis/c0957ea4-2684-4d83-8b4a-9244b3f990a8/current/log_inprogress_0
2022-07-27 13:49:14,712 [df335623-852d-4a6f-8cff-fa9ba72c6e1b@group-9244B3F990A8-LeaderElection3] INFO  server.RaftServer$Division (ServerState.java:setRaftConf(393)) - df335623-852d-4a6f-8cff-fa9ba72c6e1b@group-9244B3F990A8: set configuration 0: [df335623-852d-4a6f-8cff-fa9ba72c6e1b|rpc:10.1.0.21:40909|dataStream:|priority:1], old=null
2022-07-27 13:49:14,734 [grpc-default-executor-1] INFO  server.RaftServer$Division (RaftServerImpl.java:requestVote(1152)) - 9135c07c-9562-4fec-aca6-20239d7a9d6d@group-4D17F1F44F46: receive requestVote(ELECTION, df335623-852d-4a6f-8cff-fa9ba72c6e1b, group-4D17F1F44F46, 1, (t:0, i:0))
2022-07-27 13:49:14,736 [grpc-default-executor-1] INFO  impl.VoteContext (VoteContext.java:log(48)) - 9135c07c-9562-4fec-aca6-20239d7a9d6d@group-4D17F1F44F46-FOLLOWER: accept ELECTION from df335623-852d-4a6f-8cff-fa9ba72c6e1b: our priority 0 <= candidate's priority 1
2022-07-27 13:49:14,736 [grpc-default-executor-1] INFO  server.RaftServer$Division (RaftServerImpl.java:setRole(299)) - 9135c07c-9562-4fec-aca6-20239d7a9d6d@group-4D17F1F44F46: changes role from  FOLLOWER to FOLLOWER at term 1 for candidate:df335623-852d-4a6f-8cff-fa9ba72c6e1b
2022-07-27 13:49:14,736 [grpc-default-executor-1] INFO  impl.RoleInfo (RoleInfo.java:shutdownFollowerState(110)) - 9135c07c-9562-4fec-aca6-20239d7a9d6d: shutdown 9135c07c-9562-4fec-aca6-20239d7a9d6d@group-4D17F1F44F46-FollowerState
2022-07-27 13:49:14,736 [grpc-default-executor-1] INFO  impl.RoleInfo (RoleInfo.java:updateAndGet(139)) - 9135c07c-9562-4fec-aca6-20239d7a9d6d: start 9135c07c-9562-4fec-aca6-20239d7a9d6d@group-4D17F1F44F46-FollowerState
2022-07-27 13:49:14,736 [9135c07c-9562-4fec-aca6-20239d7a9d6d@group-4D17F1F44F46-FollowerState] INFO  impl.FollowerState (FollowerState.java:run(152)) - 9135c07c-9562-4fec-aca6-20239d7a9d6d@group-4D17F1F44F46-FollowerState was interrupted
2022-07-27 13:49:14,744 [grpc-default-executor-0] INFO  server.RaftServer$Division (RaftServerImpl.java:requestVote(1152)) - efe9fd25-7228-4310-8e5d-4bcbbad78a8a@group-4D17F1F44F46: receive requestVote(ELECTION, df335623-852d-4a6f-8cff-fa9ba72c6e1b, group-4D17F1F44F46, 1, (t:0, i:0))
2022-07-27 13:49:14,744 [grpc-default-executor-0] INFO  impl.VoteContext (VoteContext.java:log(48)) - efe9fd25-7228-4310-8e5d-4bcbbad78a8a@group-4D17F1F44F46-FOLLOWER: accept ELECTION from df335623-852d-4a6f-8cff-fa9ba72c6e1b: our priority 0 <= candidate's priority 1
2022-07-27 13:49:14,745 [grpc-default-executor-0] INFO  server.RaftServer$Division (RaftServerImpl.java:setRole(299)) - efe9fd25-7228-4310-8e5d-4bcbbad78a8a@group-4D17F1F44F46: changes role from  FOLLOWER to FOLLOWER at term 1 for candidate:df335623-852d-4a6f-8cff-fa9ba72c6e1b
2022-07-27 13:49:14,745 [grpc-default-executor-0] INFO  impl.RoleInfo (RoleInfo.java:shutdownFollowerState(110)) - efe9fd25-7228-4310-8e5d-4bcbbad78a8a: shutdown efe9fd25-7228-4310-8e5d-4bcbbad78a8a@group-4D17F1F44F46-FollowerState
2022-07-27 13:49:14,745 [grpc-default-executor-0] INFO  impl.RoleInfo (RoleInfo.java:updateAndGet(139)) - efe9fd25-7228-4310-8e5d-4bcbbad78a8a: start efe9fd25-7228-4310-8e5d-4bcbbad78a8a@group-4D17F1F44F46-FollowerState
2022-07-27 13:49:14,745 [efe9fd25-7228-4310-8e5d-4bcbbad78a8a@group-4D17F1F44F46-FollowerState] INFO  impl.FollowerState (FollowerState.java:run(152)) - efe9fd25-7228-4310-8e5d-4bcbbad78a8a@group-4D17F1F44F46-FollowerState was interrupted
2022-07-27 13:49:14,749 [grpc-default-executor-1] INFO  server.RaftServer$Division (RaftServerImpl.java:requestVote(1184)) - 9135c07c-9562-4fec-aca6-20239d7a9d6d@group-4D17F1F44F46 replies to ELECTION vote request: df335623-852d-4a6f-8cff-fa9ba72c6e1b<-9135c07c-9562-4fec-aca6-20239d7a9d6d#0:OK-t1. Peer's state: 9135c07c-9562-4fec-aca6-20239d7a9d6d@group-4D17F1F44F46:t1, leader=null, voted=df335623-852d-4a6f-8cff-fa9ba72c6e1b, raftlog=9135c07c-9562-4fec-aca6-20239d7a9d6d@group-4D17F1F44F46-SegmentedRaftLog:OPENED:c-1, conf=-1: [df335623-852d-4a6f-8cff-fa9ba72c6e1b|rpc:10.1.0.21:40909|dataStream:|priority:1, efe9fd25-7228-4310-8e5d-4bcbbad78a8a|rpc:10.1.0.21:38425|dataStream:|priority:0, 9135c07c-9562-4fec-aca6-20239d7a9d6d|rpc:10.1.0.21:40625|dataStream:|priority:0], old=null
2022-07-27 13:49:14,752 [grpc-default-executor-0] INFO  server.RaftServer$Division (RaftServerImpl.java:requestVote(1184)) - efe9fd25-7228-4310-8e5d-4bcbbad78a8a@group-4D17F1F44F46 replies to ELECTION vote request: df335623-852d-4a6f-8cff-fa9ba72c6e1b<-efe9fd25-7228-4310-8e5d-4bcbbad78a8a#0:OK-t1. Peer's state: efe9fd25-7228-4310-8e5d-4bcbbad78a8a@group-4D17F1F44F46:t1, leader=null, voted=df335623-852d-4a6f-8cff-fa9ba72c6e1b, raftlog=efe9fd25-7228-4310-8e5d-4bcbbad78a8a@group-4D17F1F44F46-SegmentedRaftLog:OPENED:c-1, conf=-1: [df335623-852d-4a6f-8cff-fa9ba72c6e1b|rpc:10.1.0.21:40909|priority:1, efe9fd25-7228-4310-8e5d-4bcbbad78a8a|rpc:10.1.0.21:38425|priority:0, 9135c07c-9562-4fec-aca6-20239d7a9d6d|rpc:10.1.0.21:40625|priority:0], old=null
2022-07-27 13:49:14,758 [df335623-852d-4a6f-8cff-fa9ba72c6e1b@group-4D17F1F44F46-LeaderElection2] INFO  impl.LeaderElection (LeaderElection.java:logAndReturn(90)) - df335623-852d-4a6f-8cff-fa9ba72c6e1b@group-4D17F1F44F46-LeaderElection2: ELECTION PASSED received 1 response(s) and 0 exception(s):
2022-07-27 13:49:14,760 [df335623-852d-4a6f-8cff-fa9ba72c6e1b@group-4D17F1F44F46-LeaderElection2] INFO  impl.LeaderElection (LeaderElection.java:logAndReturn(94)) -   Response 0: df335623-852d-4a6f-8cff-fa9ba72c6e1b<-9135c07c-9562-4fec-aca6-20239d7a9d6d#0:OK-t1
2022-07-27 13:49:14,760 [df335623-852d-4a6f-8cff-fa9ba72c6e1b@group-4D17F1F44F46-LeaderElection2] INFO  impl.LeaderElection (LeaderElection.java:askForVotes(312)) - df335623-852d-4a6f-8cff-fa9ba72c6e1b@group-4D17F1F44F46-LeaderElection2 ELECTION round 0: result PASSED
2022-07-27 13:49:14,760 [df335623-852d-4a6f-8cff-fa9ba72c6e1b@group-4D17F1F44F46-LeaderElection2] INFO  impl.RoleInfo (RoleInfo.java:shutdownLeaderElection(130)) - df335623-852d-4a6f-8cff-fa9ba72c6e1b: shutdown df335623-852d-4a6f-8cff-fa9ba72c6e1b@group-4D17F1F44F46-LeaderElection2
2022-07-27 13:49:14,760 [df335623-852d-4a6f-8cff-fa9ba72c6e1b@group-4D17F1F44F46-LeaderElection2] INFO  server.RaftServer$Division (RaftServerImpl.java:setRole(299)) - df335623-852d-4a6f-8cff-fa9ba72c6e1b@group-4D17F1F44F46: changes role from CANDIDATE to LEADER at term 1 for changeToLeader
2022-07-27 13:49:14,760 [df335623-852d-4a6f-8cff-fa9ba72c6e1b@group-4D17F1F44F46-LeaderElection2] INFO  ratis.XceiverServerRatis (XceiverServerRatis.java:handleLeaderChangedNotification(863)) - Leader change notification received for group: group-4D17F1F44F46 with new leaderId: df335623-852d-4a6f-8cff-fa9ba72c6e1b
2022-07-27 13:49:14,760 [df335623-852d-4a6f-8cff-fa9ba72c6e1b@group-4D17F1F44F46-LeaderElection2] INFO  server.RaftServer$Division (ServerState.java:setLeader(287)) - df335623-852d-4a6f-8cff-fa9ba72c6e1b@group-4D17F1F44F46: change Leader from null to df335623-852d-4a6f-8cff-fa9ba72c6e1b at term 1 for becomeLeader, leader elected after 5175ms
2022-07-27 13:49:14,760 [df335623-852d-4a6f-8cff-fa9ba72c6e1b@group-4D17F1F44F46-LeaderElection2] INFO  server.RaftServerConfigKeys (ConfUtils.java:logGet(46)) - raft.server.staging.catchup.gap = 1000 (default)
2022-07-27 13:49:14,760 [df335623-852d-4a6f-8cff-fa9ba72c6e1b@group-4D17F1F44F46-LeaderElection2] INFO  server.RaftServerConfigKeys (ConfUtils.java:logGet(46)) - raft.server.write.element-limit = 1024 (custom)
2022-07-27 13:49:14,760 [df335623-852d-4a6f-8cff-fa9ba72c6e1b@group-4D17F1F44F46-LeaderElection2] INFO  server.RaftServerConfigKeys (ConfUtils.java:logGet(46)) - raft.server.write.byte-limit = 1024 M (=1073741824) (custom)
2022-07-27 13:49:14,761 [df335623-852d-4a6f-8cff-fa9ba72c6e1b@group-4D17F1F44F46-LeaderElection2] INFO  server.RaftServerConfigKeys (ConfUtils.java:logGet(46)) - raft.server.watch.timeout = 180s (custom)
2022-07-27 13:49:14,761 [df335623-852d-4a6f-8cff-fa9ba72c6e1b@group-4D17F1F44F46-LeaderElection2] INFO  server.RaftServerConfigKeys (ConfUtils.java:logGet(46)) - raft.server.watch.timeout.denomination = 1s (default)
2022-07-27 13:49:14,761 [df335623-852d-4a6f-8cff-fa9ba72c6e1b@group-4D17F1F44F46-LeaderElection2] INFO  server.RaftServerConfigKeys (ConfUtils.java:logGet(46)) - raft.server.watch.element-limit = 65536 (default)
2022-07-27 13:49:14,761 [df335623-852d-4a6f-8cff-fa9ba72c6e1b@group-4D17F1F44F46-LeaderElection2] INFO  server.RaftServerConfigKeys (ConfUtils.java:logGet(46)) - raft.server.write.element-limit = 1024 (custom)
2022-07-27 13:49:14,761 [df335623-852d-4a6f-8cff-fa9ba72c6e1b@group-4D17F1F44F46-LeaderElection2] INFO  server.RaftServerConfigKeys (ConfUtils.java:logGet(46)) - raft.server.write.follower.gap.ratio.max = -1.0 (default)
2022-07-27 13:49:14,764 [EventQueue-PipelineReportForPipelineReportHandler] INFO  pipeline.PipelineManagerImpl (PipelineManagerImpl.java:openPipeline(367)) - Pipeline Pipeline[ Id: 51927b3c-84a4-444b-8ba1-4d17f1f44f46, Nodes: 9135c07c-9562-4fec-aca6-20239d7a9d6d{ip: 10.1.0.21, host: fv-az217-261.5fhmivlnczbevhjmk01nzrxweh.bx.internal.cloudapp.net, ports: [REPLICATION=37661, RATIS=40625, RATIS_ADMIN=40625, RATIS_SERVER=40625, STANDALONE=42889], networkLocation: /default-rack, certSerialId: null, persistedOpState: IN_SERVICE, persistedOpStateExpiryEpochSec: 0}df335623-852d-4a6f-8cff-fa9ba72c6e1b{ip: 10.1.0.21, host: fv-az217-261.5fhmivlnczbevhjmk01nzrxweh.bx.internal.cloudapp.net, ports: [REPLICATION=39873, RATIS=40909, RATIS_ADMIN=40909, RATIS_SERVER=40909, STANDALONE=42335], networkLocation: /default-rack, certSerialId: null, persistedOpState: IN_SERVICE, persistedOpStateExpiryEpochSec: 0}efe9fd25-7228-4310-8e5d-4bcbbad78a8a{ip: 10.1.0.21, host: fv-az217-261.5fhmivlnczbevhjmk01nzrxweh.bx.internal.cloudapp.net, ports: [REPLICATION=38989, RATIS=38425, RATIS_ADMIN=38425, RATIS_SERVER=38425, STANDALONE=46799], networkLocation: /default-rack, certSerialId: null, persistedOpState: IN_SERVICE, persistedOpStateExpiryEpochSec: 0}, ReplicationConfig: RATIS/THREE, State:ALLOCATED, leaderId:df335623-852d-4a6f-8cff-fa9ba72c6e1b, CreationTimestamp2022-07-27T13:49:07.302Z[Etc/UTC]] moved to OPEN state
2022-07-27 13:49:14,770 [EventQueue-OpenPipelineForHealthyPipelineSafeModeRule] INFO  safemode.SCMSafeModeManager (HealthyPipelineSafeModeRule.java:process(137)) - SCM in safe mode. Healthy pipelines reported count is 1, required healthy pipeline reported count is 1
2022-07-27 13:49:14,770 [EventQueue-OpenPipelineForHealthyPipelineSafeModeRule] INFO  safemode.SCMSafeModeManager (SCMSafeModeManager.java:validateSafeModeExitRules(204)) - HealthyPipelineSafeModeRule rule is successfully validated
2022-07-27 13:49:14,770 [EventQueue-OpenPipelineForHealthyPipelineSafeModeRule] INFO  safemode.SCMSafeModeManager (SCMSafeModeManager.java:validateSafeModeExitRules(219)) - ScmSafeModeManager, all rules are successfully validated
2022-07-27 13:49:14,770 [EventQueue-OpenPipelineForHealthyPipelineSafeModeRule] INFO  safemode.SCMSafeModeManager (SCMSafeModeManager.java:exitSafeMode(248)) - SCM exiting safe mode.
2022-07-27 13:49:14,770 [EventQueue-OpenPipelineForHealthyPipelineSafeModeRule] WARN  events.EventQueue (EventQueue.java:fireEvent(216)) - No event handler registered for event TypedEvent{payloadType=SafeModeStatus, name='Safe mode status'}
2022-07-27 13:49:14,770 [EventQueue-OpenPipelineForHealthyPipelineSafeModeRule] INFO  ha.SCMContext (SCMContext.java:updateSafeModeStatus(228)) - Update SafeModeStatus from SafeModeStatus{safeModeStatus=true, preCheckPassed=true} to SafeModeStatus{safeModeStatus=false, preCheckPassed=true}.
2022-07-27 13:49:14,770 [EventQueue-OpenPipelineForHealthyPipelineSafeModeRule] INFO  pipeline.BackgroundPipelineCreator (BackgroundPipelineCreator.java:notifyStatusChanged(254)) - Service BackgroundPipelineCreator transitions to RUNNING.
2022-07-27 13:49:14,770 [EventQueue-OpenPipelineForHealthyPipelineSafeModeRule] INFO  BackgroundPipelineScrubber (BackgroundSCMService.java:notifyStatusChanged(82)) - Service BackgroundPipelineScrubber transitions to RUNNING.
2022-07-27 13:49:14,770 [EventQueue-OpenPipelineForHealthyPipelineSafeModeRule] INFO  ExpiredContainerReplicaOpScrubber (BackgroundSCMService.java:notifyStatusChanged(82)) - Service ExpiredContainerReplicaOpScrubber transitions to RUNNING.
2022-07-27 13:49:14,770 [EventQueue-OpenPipelineForHealthyPipelineSafeModeRule] INFO  UnderReplicatedQueueThread (BackgroundSCMService.java:notifyStatusChanged(82)) - Service UnderReplicatedQueueThread transitions to RUNNING.
2022-07-27 13:49:14,770 [EventQueue-OpenPipelineForHealthyPipelineSafeModeRule] INFO  OverReplicatedQueueThread (BackgroundSCMService.java:notifyStatusChanged(82)) - Service OverReplicatedQueueThread transitions to RUNNING.
2022-07-27 13:49:14,770 [EventQueue-OpenPipelineForHealthyPipelineSafeModeRule] INFO  replication.ReplicationManager (ReplicationManager.java:notifyStatusChanged(642)) - Service ReplicationManager transitions to RUNNING.
2022-07-27 13:49:14,771 [EventQueue-OpenPipelineForHealthyPipelineSafeModeRule] WARN  balancer.ContainerBalancer (ContainerBalancer.java:shouldRun(903)) - Could not find persisted configuration for ContainerBalancer when checking if ContainerBalancer should run. ContainerBalancer should not run now.
2022-07-27 13:49:14,774 [df335623-852d-4a6f-8cff-fa9ba72c6e1b@group-4D17F1F44F46-LeaderElection2] INFO  server.RaftServerConfigKeys (ConfUtils.java:logGet(46)) - raft.server.log.appender.snapshot.chunk.size.max = 16MB (=16777216) (default)
2022-07-27 13:49:14,775 [df335623-852d-4a6f-8cff-fa9ba72c6e1b@group-4D17F1F44F46-LeaderElection2] INFO  server.RaftServerConfigKeys (ConfUtils.java:logGet(46)) - raft.server.log.appender.buffer.byte-limit = 33554432 (custom)
2022-07-27 13:49:14,775 [df335623-852d-4a6f-8cff-fa9ba72c6e1b@group-4D17F1F44F46-LeaderElection2] INFO  server.RaftServerConfigKeys (ConfUtils.java:logGet(46)) - raft.server.log.appender.buffer.element-limit = 1 (custom)
2022-07-27 13:49:14,777 [df335623-852d-4a6f-8cff-fa9ba72c6e1b@group-4D17F1F44F46-LeaderElection2] INFO  grpc.GrpcConfigKeys (ConfUtils.java:logGet(46)) - raft.grpc.server.leader.outstanding.appends.max = 128 (default)
2022-07-27 13:49:14,777 [df335623-852d-4a6f-8cff-fa9ba72c6e1b@group-4D17F1F44F46-LeaderElection2] INFO  server.RaftServerConfigKeys (ConfUtils.java:logGet(46)) - raft.server.rpc.request.timeout = 60s (custom)
2022-07-27 13:49:14,777 [df335623-852d-4a6f-8cff-fa9ba72c6e1b@group-4D17F1F44F46-LeaderElection2] INFO  server.RaftServerConfigKeys (ConfUtils.java:logGet(46)) - raft.server.log.appender.install.snapshot.enabled = false (custom)
2022-07-27 13:49:14,779 [df335623-852d-4a6f-8cff-fa9ba72c6e1b@group-4D17F1F44F46-LeaderElection2] INFO  server.RaftServerConfigKeys (ConfUtils.java:logGet(46)) - raft.server.log.appender.snapshot.chunk.size.max = 16MB (=16777216) (default)
2022-07-27 13:49:14,779 [df335623-852d-4a6f-8cff-fa9ba72c6e1b@group-4D17F1F44F46-LeaderElection2] INFO  server.RaftServerConfigKeys (ConfUtils.java:logGet(46)) - raft.server.log.appender.buffer.byte-limit = 33554432 (custom)
2022-07-27 13:49:14,779 [df335623-852d-4a6f-8cff-fa9ba72c6e1b@group-4D17F1F44F46-LeaderElection2] INFO  server.RaftServerConfigKeys (ConfUtils.java:logGet(46)) - raft.server.log.appender.buffer.element-limit = 1 (custom)
2022-07-27 13:49:14,779 [df335623-852d-4a6f-8cff-fa9ba72c6e1b@group-4D17F1F44F46-LeaderElection2] INFO  grpc.GrpcConfigKeys (ConfUtils.java:logGet(46)) - raft.grpc.server.leader.outstanding.appends.max = 128 (default)
2022-07-27 13:49:14,779 [df335623-852d-4a6f-8cff-fa9ba72c6e1b@group-4D17F1F44F46-LeaderElection2] INFO  server.RaftServerConfigKeys (ConfUtils.java:logGet(46)) - raft.server.rpc.request.timeout = 60s (custom)
2022-07-27 13:49:14,780 [df335623-852d-4a6f-8cff-fa9ba72c6e1b@group-4D17F1F44F46-LeaderElection2] INFO  server.RaftServerConfigKeys (ConfUtils.java:logGet(46)) - raft.server.log.appender.install.snapshot.enabled = false (custom)
2022-07-27 13:49:14,780 [df335623-852d-4a6f-8cff-fa9ba72c6e1b@group-4D17F1F44F46-LeaderElection2] INFO  impl.RoleInfo (RoleInfo.java:updateAndGet(139)) - df335623-852d-4a6f-8cff-fa9ba72c6e1b: start df335623-852d-4a6f-8cff-fa9ba72c6e1b@group-4D17F1F44F46-LeaderStateImpl
2022-07-27 13:49:14,781 [df335623-852d-4a6f-8cff-fa9ba72c6e1b@group-4D17F1F44F46-LeaderElection2] INFO  segmented.SegmentedRaftLogWorker (SegmentedRaftLogWorker.java:startLogSegment(425)) - df335623-852d-4a6f-8cff-fa9ba72c6e1b@group-4D17F1F44F46-SegmentedRaftLogWorker: Starting segment from index:0
2022-07-27 13:49:14,782 [df335623-852d-4a6f-8cff-fa9ba72c6e1b@group-4D17F1F44F46-SegmentedRaftLogWorker] INFO  segmented.SegmentedRaftLogWorker (SegmentedRaftLogWorker.java:execute(629)) - df335623-852d-4a6f-8cff-fa9ba72c6e1b@group-4D17F1F44F46-SegmentedRaftLogWorker: created new log segment /home/runner/work/ozone/ozone/hadoop-ozone/integration-test/target/test-dir/MiniOzoneClusterImpl-cbeacfe2-84b1-4648-87cc-d28f9e4744b3/datanode-0/data/ratis/51927b3c-84a4-444b-8ba1-4d17f1f44f46/current/log_inprogress_0
2022-07-27 13:49:14,792 [df335623-852d-4a6f-8cff-fa9ba72c6e1b@group-4D17F1F44F46-LeaderElection2] INFO  server.RaftServer$Division (ServerState.java:setRaftConf(393)) - df335623-852d-4a6f-8cff-fa9ba72c6e1b@group-4D17F1F44F46: set configuration 0: [df335623-852d-4a6f-8cff-fa9ba72c6e1b|rpc:10.1.0.21:40909|dataStream:|priority:1, efe9fd25-7228-4310-8e5d-4bcbbad78a8a|rpc:10.1.0.21:38425|dataStream:|priority:0, 9135c07c-9562-4fec-aca6-20239d7a9d6d|rpc:10.1.0.21:40625|dataStream:|priority:0], old=null
2022-07-27 13:49:14,808 [efe9fd25-7228-4310-8e5d-4bcbbad78a8a-server-thread1] INFO  ratis.XceiverServerRatis (XceiverServerRatis.java:handleLeaderChangedNotification(863)) - Leader change notification received for group: group-4D17F1F44F46 with new leaderId: df335623-852d-4a6f-8cff-fa9ba72c6e1b
2022-07-27 13:49:14,808 [efe9fd25-7228-4310-8e5d-4bcbbad78a8a-server-thread1] INFO  server.RaftServer$Division (ServerState.java:setLeader(287)) - efe9fd25-7228-4310-8e5d-4bcbbad78a8a@group-4D17F1F44F46: change Leader from null to df335623-852d-4a6f-8cff-fa9ba72c6e1b at term 1 for appendEntries, leader elected after 4791ms
2022-07-27 13:49:14,810 [9135c07c-9562-4fec-aca6-20239d7a9d6d-server-thread1] INFO  ratis.XceiverServerRatis (XceiverServerRatis.java:handleLeaderChangedNotification(863)) - Leader change notification received for group: group-4D17F1F44F46 with new leaderId: df335623-852d-4a6f-8cff-fa9ba72c6e1b
2022-07-27 13:49:14,810 [9135c07c-9562-4fec-aca6-20239d7a9d6d-server-thread1] INFO  server.RaftServer$Division (ServerState.java:setLeader(287)) - 9135c07c-9562-4fec-aca6-20239d7a9d6d@group-4D17F1F44F46: change Leader from null to df335623-852d-4a6f-8cff-fa9ba72c6e1b at term 1 for appendEntries, leader elected after 4672ms
2022-07-27 13:49:14,828 [efe9fd25-7228-4310-8e5d-4bcbbad78a8a-server-thread1] INFO  server.RaftServer$Division (ServerState.java:setRaftConf(393)) - efe9fd25-7228-4310-8e5d-4bcbbad78a8a@group-4D17F1F44F46: set configuration 0: [df335623-852d-4a6f-8cff-fa9ba72c6e1b|rpc:10.1.0.21:40909|dataStream:|priority:1, efe9fd25-7228-4310-8e5d-4bcbbad78a8a|rpc:10.1.0.21:38425|dataStream:|priority:0, 9135c07c-9562-4fec-aca6-20239d7a9d6d|rpc:10.1.0.21:40625|dataStream:|priority:0], old=null
2022-07-27 13:49:14,828 [efe9fd25-7228-4310-8e5d-4bcbbad78a8a-server-thread1] INFO  segmented.SegmentedRaftLogWorker (SegmentedRaftLogWorker.java:startLogSegment(425)) - efe9fd25-7228-4310-8e5d-4bcbbad78a8a@group-4D17F1F44F46-SegmentedRaftLogWorker: Starting segment from index:0
2022-07-27 13:49:14,829 [9135c07c-9562-4fec-aca6-20239d7a9d6d-server-thread1] INFO  server.RaftServer$Division (ServerState.java:setRaftConf(393)) - 9135c07c-9562-4fec-aca6-20239d7a9d6d@group-4D17F1F44F46: set configuration 0: [df335623-852d-4a6f-8cff-fa9ba72c6e1b|rpc:10.1.0.21:40909|dataStream:|priority:1, efe9fd25-7228-4310-8e5d-4bcbbad78a8a|rpc:10.1.0.21:38425|dataStream:|priority:0, 9135c07c-9562-4fec-aca6-20239d7a9d6d|rpc:10.1.0.21:40625|dataStream:|priority:0], old=null
2022-07-27 13:49:14,829 [9135c07c-9562-4fec-aca6-20239d7a9d6d-server-thread1] INFO  segmented.SegmentedRaftLogWorker (SegmentedRaftLogWorker.java:startLogSegment(425)) - 9135c07c-9562-4fec-aca6-20239d7a9d6d@group-4D17F1F44F46-SegmentedRaftLogWorker: Starting segment from index:0
2022-07-27 13:49:14,831 [efe9fd25-7228-4310-8e5d-4bcbbad78a8a@group-4D17F1F44F46-SegmentedRaftLogWorker] INFO  segmented.SegmentedRaftLogWorker (SegmentedRaftLogWorker.java:execute(629)) - efe9fd25-7228-4310-8e5d-4bcbbad78a8a@group-4D17F1F44F46-SegmentedRaftLogWorker: created new log segment /home/runner/work/ozone/ozone/hadoop-ozone/integration-test/target/test-dir/MiniOzoneClusterImpl-cbeacfe2-84b1-4648-87cc-d28f9e4744b3/datanode-1/data/ratis/51927b3c-84a4-444b-8ba1-4d17f1f44f46/current/log_inprogress_0
2022-07-27 13:49:14,831 [9135c07c-9562-4fec-aca6-20239d7a9d6d@group-4D17F1F44F46-SegmentedRaftLogWorker] INFO  segmented.SegmentedRaftLogWorker (SegmentedRaftLogWorker.java:execute(629)) - 9135c07c-9562-4fec-aca6-20239d7a9d6d@group-4D17F1F44F46-SegmentedRaftLogWorker: created new log segment /home/runner/work/ozone/ozone/hadoop-ozone/integration-test/target/test-dir/MiniOzoneClusterImpl-cbeacfe2-84b1-4648-87cc-d28f9e4744b3/datanode-2/data/ratis/51927b3c-84a4-444b-8ba1-4d17f1f44f46/current/log_inprogress_0
2022-07-27 13:49:14,880 [Listener at 127.0.0.1/44975] INFO  ozone.MiniOzoneClusterImpl (MiniOzoneClusterImpl.java:lambda$waitForClusterToBeReady$0(216)) - Nodes are ready. Got 5 of 5 DN Heartbeats.
2022-07-27 13:49:14,880 [Listener at 127.0.0.1/44975] INFO  ozone.MiniOzoneClusterImpl (MiniOzoneClusterImpl.java:lambda$waitForClusterToBeReady$0(219)) - Cluster exits safe mode
2022-07-27 13:49:14,880 [Listener at 127.0.0.1/44975] INFO  ozone.MiniOzoneClusterImpl (MiniOzoneClusterImpl.java:lambda$waitForClusterToBeReady$0(221)) - SCM became leader
2022-07-27 13:49:15,121 [efe9fd25-7228-4310-8e5d-4bcbbad78a8a@group-AB9871409AE8-FollowerState] INFO  impl.FollowerState (FollowerState.java:run(143)) - efe9fd25-7228-4310-8e5d-4bcbbad78a8a@group-AB9871409AE8-FollowerState: change to CANDIDATE, lastRpcElapsedTime:5113126356ns, electionTimeout:5109ms
2022-07-27 13:49:15,121 [efe9fd25-7228-4310-8e5d-4bcbbad78a8a@group-AB9871409AE8-FollowerState] INFO  impl.RoleInfo (RoleInfo.java:shutdownFollowerState(110)) - efe9fd25-7228-4310-8e5d-4bcbbad78a8a: shutdown efe9fd25-7228-4310-8e5d-4bcbbad78a8a@group-AB9871409AE8-FollowerState
2022-07-27 13:49:15,121 [efe9fd25-7228-4310-8e5d-4bcbbad78a8a@group-AB9871409AE8-FollowerState] INFO  server.RaftServer$Division (RaftServerImpl.java:setRole(299)) - efe9fd25-7228-4310-8e5d-4bcbbad78a8a@group-AB9871409AE8: changes role from  FOLLOWER to CANDIDATE at term 0 for changeToCandidate
2022-07-27 13:49:15,121 [efe9fd25-7228-4310-8e5d-4bcbbad78a8a@group-AB9871409AE8-FollowerState] INFO  server.RaftServerConfigKeys (ConfUtils.java:logGet(46)) - raft.server.leaderelection.pre-vote = false (custom)
2022-07-27 13:49:15,121 [efe9fd25-7228-4310-8e5d-4bcbbad78a8a@group-AB9871409AE8-FollowerState] INFO  impl.RoleInfo (RoleInfo.java:updateAndGet(139)) - efe9fd25-7228-4310-8e5d-4bcbbad78a8a: start efe9fd25-7228-4310-8e5d-4bcbbad78a8a@group-AB9871409AE8-LeaderElection4
2022-07-27 13:49:15,146 [efe9fd25-7228-4310-8e5d-4bcbbad78a8a@group-AB9871409AE8-LeaderElection4] INFO  impl.LeaderElection (LeaderElection.java:askForVotes(310)) - efe9fd25-7228-4310-8e5d-4bcbbad78a8a@group-AB9871409AE8-LeaderElection4 ELECTION round 0: submit vote requests at term 1 for -1: [efe9fd25-7228-4310-8e5d-4bcbbad78a8a|rpc:10.1.0.21:38425|priority:1], old=null
2022-07-27 13:49:15,146 [efe9fd25-7228-4310-8e5d-4bcbbad78a8a@group-AB9871409AE8-LeaderElection4] INFO  impl.LeaderElection (LeaderElection.java:askForVotes(312)) - efe9fd25-7228-4310-8e5d-4bcbbad78a8a@group-AB9871409AE8-LeaderElection4 ELECTION round 0: result PASSED (term=1)
2022-07-27 13:49:15,146 [efe9fd25-7228-4310-8e5d-4bcbbad78a8a@group-AB9871409AE8-LeaderElection4] INFO  impl.RoleInfo (RoleInfo.java:shutdownLeaderElection(130)) - efe9fd25-7228-4310-8e5d-4bcbbad78a8a: shutdown efe9fd25-7228-4310-8e5d-4bcbbad78a8a@group-AB9871409AE8-LeaderElection4
2022-07-27 13:49:15,146 [efe9fd25-7228-4310-8e5d-4bcbbad78a8a@group-AB9871409AE8-LeaderElection4] INFO  server.RaftServer$Division (RaftServerImpl.java:setRole(299)) - efe9fd25-7228-4310-8e5d-4bcbbad78a8a@group-AB9871409AE8: changes role from CANDIDATE to LEADER at term 1 for changeToLeader
2022-07-27 13:49:15,146 [efe9fd25-7228-4310-8e5d-4bcbbad78a8a@group-AB9871409AE8-LeaderElection4] INFO  ratis.XceiverServerRatis (XceiverServerRatis.java:handleLeaderChangedNotification(863)) - Leader change notification received for group: group-AB9871409AE8 with new leaderId: efe9fd25-7228-4310-8e5d-4bcbbad78a8a
2022-07-27 13:49:15,147 [efe9fd25-7228-4310-8e5d-4bcbbad78a8a@group-AB9871409AE8-LeaderElection4] INFO  server.RaftServer$Division (ServerState.java:setLeader(287)) - efe9fd25-7228-4310-8e5d-4bcbbad78a8a@group-AB9871409AE8: change Leader from null to efe9fd25-7228-4310-8e5d-4bcbbad78a8a at term 1 for becomeLeader, leader elected after 5155ms
2022-07-27 13:49:15,147 [efe9fd25-7228-4310-8e5d-4bcbbad78a8a@group-AB9871409AE8-LeaderElection4] INFO  server.RaftServerConfigKeys (ConfUtils.java:logGet(46)) - raft.server.staging.catchup.gap = 1000 (default)
2022-07-27 13:49:15,149 [efe9fd25-7228-4310-8e5d-4bcbbad78a8a@group-AB9871409AE8-LeaderElection4] INFO  server.RaftServerConfigKeys (ConfUtils.java:logGet(46)) - raft.server.write.element-limit = 1024 (custom)
2022-07-27 13:49:15,149 [efe9fd25-7228-4310-8e5d-4bcbbad78a8a@group-AB9871409AE8-LeaderElection4] INFO  server.RaftServerConfigKeys (ConfUtils.java:logGet(46)) - raft.server.write.byte-limit = 1024 M (=1073741824) (custom)
2022-07-27 13:49:15,149 [efe9fd25-7228-4310-8e5d-4bcbbad78a8a@group-AB9871409AE8-LeaderElection4] INFO  server.RaftServerConfigKeys (ConfUtils.java:logGet(46)) - raft.server.watch.timeout = 180s (custom)
2022-07-27 13:49:15,149 [efe9fd25-7228-4310-8e5d-4bcbbad78a8a@group-AB9871409AE8-LeaderElection4] INFO  server.RaftServerConfigKeys (ConfUtils.java:logGet(46)) - raft.server.watch.timeout.denomination = 1s (default)
2022-07-27 13:49:15,149 [efe9fd25-7228-4310-8e5d-4bcbbad78a8a@group-AB9871409AE8-LeaderElection4] INFO  server.RaftServerConfigKeys (ConfUtils.java:logGet(46)) - raft.server.watch.element-limit = 65536 (default)
2022-07-27 13:49:15,149 [efe9fd25-7228-4310-8e5d-4bcbbad78a8a@group-AB9871409AE8-LeaderElection4] INFO  server.RaftServerConfigKeys (ConfUtils.java:logGet(46)) - raft.server.write.element-limit = 1024 (custom)
2022-07-27 13:49:15,149 [efe9fd25-7228-4310-8e5d-4bcbbad78a8a@group-AB9871409AE8-LeaderElection4] INFO  server.RaftServerConfigKeys (ConfUtils.java:logGet(46)) - raft.server.write.follower.gap.ratio.max = -1.0 (default)
2022-07-27 13:49:15,149 [efe9fd25-7228-4310-8e5d-4bcbbad78a8a@group-AB9871409AE8-LeaderElection4] INFO  impl.RoleInfo (RoleInfo.java:updateAndGet(139)) - efe9fd25-7228-4310-8e5d-4bcbbad78a8a: start efe9fd25-7228-4310-8e5d-4bcbbad78a8a@group-AB9871409AE8-LeaderStateImpl
2022-07-27 13:49:15,150 [efe9fd25-7228-4310-8e5d-4bcbbad78a8a@group-AB9871409AE8-LeaderElection4] INFO  segmented.SegmentedRaftLogWorker (SegmentedRaftLogWorker.java:startLogSegment(425)) - efe9fd25-7228-4310-8e5d-4bcbbad78a8a@group-AB9871409AE8-SegmentedRaftLogWorker: Starting segment from index:0
2022-07-27 13:49:15,152 [efe9fd25-7228-4310-8e5d-4bcbbad78a8a@group-AB9871409AE8-SegmentedRaftLogWorker] INFO  segmented.SegmentedRaftLogWorker (SegmentedRaftLogWorker.java:execute(629)) - efe9fd25-7228-4310-8e5d-4bcbbad78a8a@group-AB9871409AE8-SegmentedRaftLogWorker: created new log segment /home/runner/work/ozone/ozone/hadoop-ozone/integration-test/target/test-dir/MiniOzoneClusterImpl-cbeacfe2-84b1-4648-87cc-d28f9e4744b3/datanode-1/data/ratis/c1a27d42-e517-4ab2-91d7-ab9871409ae8/current/log_inprogress_0
2022-07-27 13:49:15,153 [efe9fd25-7228-4310-8e5d-4bcbbad78a8a@group-AB9871409AE8-LeaderElection4] INFO  server.RaftServer$Division (ServerState.java:setRaftConf(393)) - efe9fd25-7228-4310-8e5d-4bcbbad78a8a@group-AB9871409AE8: set configuration 0: [efe9fd25-7228-4310-8e5d-4bcbbad78a8a|rpc:10.1.0.21:38425|dataStream:|priority:1], old=null
2022-07-27 13:49:15,337 [efe9fd25-7228-4310-8e5d-4bcbbad78a8a@group-EC36FC0C3E24-FollowerState] INFO  impl.FollowerState (FollowerState.java:run(143)) - efe9fd25-7228-4310-8e5d-4bcbbad78a8a@group-EC36FC0C3E24-FollowerState: change to CANDIDATE, lastRpcElapsedTime:5062619796ns, electionTimeout:5061ms
2022-07-27 13:49:15,337 [efe9fd25-7228-4310-8e5d-4bcbbad78a8a@group-EC36FC0C3E24-FollowerState] INFO  impl.RoleInfo (RoleInfo.java:shutdownFollowerState(110)) - efe9fd25-7228-4310-8e5d-4bcbbad78a8a: shutdown efe9fd25-7228-4310-8e5d-4bcbbad78a8a@group-EC36FC0C3E24-FollowerState
2022-07-27 13:49:15,337 [efe9fd25-7228-4310-8e5d-4bcbbad78a8a@group-EC36FC0C3E24-FollowerState] INFO  server.RaftServer$Division (RaftServerImpl.java:setRole(299)) - efe9fd25-7228-4310-8e5d-4bcbbad78a8a@group-EC36FC0C3E24: changes role from  FOLLOWER to CANDIDATE at term 0 for changeToCandidate
2022-07-27 13:49:15,337 [efe9fd25-7228-4310-8e5d-4bcbbad78a8a@group-EC36FC0C3E24-FollowerState] INFO  server.RaftServerConfigKeys (ConfUtils.java:logGet(46)) - raft.server.leaderelection.pre-vote = false (custom)
2022-07-27 13:49:15,337 [efe9fd25-7228-4310-8e5d-4bcbbad78a8a@group-EC36FC0C3E24-FollowerState] INFO  impl.RoleInfo (RoleInfo.java:updateAndGet(139)) - efe9fd25-7228-4310-8e5d-4bcbbad78a8a: start efe9fd25-7228-4310-8e5d-4bcbbad78a8a@group-EC36FC0C3E24-LeaderElection5
2022-07-27 13:49:15,354 [efe9fd25-7228-4310-8e5d-4bcbbad78a8a@group-EC36FC0C3E24-LeaderElection5] INFO  impl.LeaderElection (LeaderElection.java:askForVotes(310)) - efe9fd25-7228-4310-8e5d-4bcbbad78a8a@group-EC36FC0C3E24-LeaderElection5 ELECTION round 0: submit vote requests at term 1 for -1: [df335623-852d-4a6f-8cff-fa9ba72c6e1b|rpc:10.1.0.21:40909|priority:0, efe9fd25-7228-4310-8e5d-4bcbbad78a8a|rpc:10.1.0.21:38425|priority:0, 9135c07c-9562-4fec-aca6-20239d7a9d6d|rpc:10.1.0.21:40625|priority:1], old=null
2022-07-27 13:49:15,377 [grpc-default-executor-1] INFO  server.RaftServer$Division (RaftServerImpl.java:requestVote(1152)) - df335623-852d-4a6f-8cff-fa9ba72c6e1b@group-EC36FC0C3E24: receive requestVote(ELECTION, efe9fd25-7228-4310-8e5d-4bcbbad78a8a, group-EC36FC0C3E24, 1, (t:0, i:0))
2022-07-27 13:49:15,377 [grpc-default-executor-1] INFO  impl.VoteContext (VoteContext.java:log(48)) - df335623-852d-4a6f-8cff-fa9ba72c6e1b@group-EC36FC0C3E24-FOLLOWER: accept ELECTION from efe9fd25-7228-4310-8e5d-4bcbbad78a8a: our priority 0 <= candidate's priority 0
2022-07-27 13:49:15,377 [grpc-default-executor-1] INFO  server.RaftServer$Division (RaftServerImpl.java:setRole(299)) - df335623-852d-4a6f-8cff-fa9ba72c6e1b@group-EC36FC0C3E24: changes role from  FOLLOWER to FOLLOWER at term 1 for candidate:efe9fd25-7228-4310-8e5d-4bcbbad78a8a
2022-07-27 13:49:15,377 [grpc-default-executor-1] INFO  impl.RoleInfo (RoleInfo.java:shutdownFollowerState(110)) - df335623-852d-4a6f-8cff-fa9ba72c6e1b: shutdown df335623-852d-4a6f-8cff-fa9ba72c6e1b@group-EC36FC0C3E24-FollowerState
2022-07-27 13:49:15,377 [grpc-default-executor-1] INFO  impl.RoleInfo (RoleInfo.java:updateAndGet(139)) - df335623-852d-4a6f-8cff-fa9ba72c6e1b: start df335623-852d-4a6f-8cff-fa9ba72c6e1b@group-EC36FC0C3E24-FollowerState
2022-07-27 13:49:15,377 [df335623-852d-4a6f-8cff-fa9ba72c6e1b@group-EC36FC0C3E24-FollowerState] INFO  impl.FollowerState (FollowerState.java:run(152)) - df335623-852d-4a6f-8cff-fa9ba72c6e1b@group-EC36FC0C3E24-FollowerState was interrupted
2022-07-27 13:49:15,390 [grpc-default-executor-1] INFO  server.RaftServer$Division (RaftServerImpl.java:requestVote(1184)) - df335623-852d-4a6f-8cff-fa9ba72c6e1b@group-EC36FC0C3E24 replies to ELECTION vote request: efe9fd25-7228-4310-8e5d-4bcbbad78a8a<-df335623-852d-4a6f-8cff-fa9ba72c6e1b#0:OK-t1. Peer's state: df335623-852d-4a6f-8cff-fa9ba72c6e1b@group-EC36FC0C3E24:t1, leader=null, voted=efe9fd25-7228-4310-8e5d-4bcbbad78a8a, raftlog=df335623-852d-4a6f-8cff-fa9ba72c6e1b@group-EC36FC0C3E24-SegmentedRaftLog:OPENED:c-1, conf=-1: [df335623-852d-4a6f-8cff-fa9ba72c6e1b|rpc:10.1.0.21:40909|priority:0, efe9fd25-7228-4310-8e5d-4bcbbad78a8a|rpc:10.1.0.21:38425|priority:0, 9135c07c-9562-4fec-aca6-20239d7a9d6d|rpc:10.1.0.21:40625|priority:1], old=null
2022-07-27 13:49:15,407 [9135c07c-9562-4fec-aca6-20239d7a9d6d@group-EC36FC0C3E24-FollowerState] INFO  impl.FollowerState (FollowerState.java:run(143)) - 9135c07c-9562-4fec-aca6-20239d7a9d6d@group-EC36FC0C3E24-FollowerState: change to CANDIDATE, lastRpcElapsedTime:5053633215ns, electionTimeout:5050ms
2022-07-27 13:49:15,407 [grpc-default-executor-1] INFO  server.RaftServer$Division (RaftServerImpl.java:requestVote(1152)) - 9135c07c-9562-4fec-aca6-20239d7a9d6d@group-EC36FC0C3E24: receive requestVote(ELECTION, efe9fd25-7228-4310-8e5d-4bcbbad78a8a, group-EC36FC0C3E24, 1, (t:0, i:0))
2022-07-27 13:49:15,407 [9135c07c-9562-4fec-aca6-20239d7a9d6d@group-EC36FC0C3E24-FollowerState] INFO  impl.RoleInfo (RoleInfo.java:shutdownFollowerState(110)) - 9135c07c-9562-4fec-aca6-20239d7a9d6d: shutdown 9135c07c-9562-4fec-aca6-20239d7a9d6d@group-EC36FC0C3E24-FollowerState
2022-07-27 13:49:15,408 [9135c07c-9562-4fec-aca6-20239d7a9d6d@group-EC36FC0C3E24-FollowerState] INFO  server.RaftServer$Division (RaftServerImpl.java:setRole(299)) - 9135c07c-9562-4fec-aca6-20239d7a9d6d@group-EC36FC0C3E24: changes role from  FOLLOWER to CANDIDATE at term 0 for changeToCandidate
2022-07-27 13:49:15,408 [9135c07c-9562-4fec-aca6-20239d7a9d6d@group-EC36FC0C3E24-FollowerState] INFO  server.RaftServerConfigKeys (ConfUtils.java:logGet(46)) - raft.server.leaderelection.pre-vote = false (custom)
2022-07-27 13:49:15,408 [9135c07c-9562-4fec-aca6-20239d7a9d6d@group-EC36FC0C3E24-FollowerState] INFO  impl.RoleInfo (RoleInfo.java:updateAndGet(139)) - 9135c07c-9562-4fec-aca6-20239d7a9d6d: start 9135c07c-9562-4fec-aca6-20239d7a9d6d@group-EC36FC0C3E24-LeaderElection6
2022-07-27 13:49:15,417 [grpc-default-executor-1] INFO  impl.VoteContext (VoteContext.java:log(48)) - 9135c07c-9562-4fec-aca6-20239d7a9d6d@group-EC36FC0C3E24-CANDIDATE: reject ELECTION from efe9fd25-7228-4310-8e5d-4bcbbad78a8a: already has voted for 9135c07c-9562-4fec-aca6-20239d7a9d6d at current term 1
2022-07-27 13:49:15,417 [grpc-default-executor-1] INFO  server.RaftServer$Division (RaftServerImpl.java:requestVote(1184)) - 9135c07c-9562-4fec-aca6-20239d7a9d6d@group-EC36FC0C3E24 replies to ELECTION vote request: efe9fd25-7228-4310-8e5d-4bcbbad78a8a<-9135c07c-9562-4fec-aca6-20239d7a9d6d#0:FAIL-t1. Peer's state: 9135c07c-9562-4fec-aca6-20239d7a9d6d@group-EC36FC0C3E24:t1, leader=null, voted=9135c07c-9562-4fec-aca6-20239d7a9d6d, raftlog=9135c07c-9562-4fec-aca6-20239d7a9d6d@group-EC36FC0C3E24-SegmentedRaftLog:OPENED:c-1, conf=-1: [df335623-852d-4a6f-8cff-fa9ba72c6e1b|rpc:10.1.0.21:40909|dataStream:|priority:0, efe9fd25-7228-4310-8e5d-4bcbbad78a8a|rpc:10.1.0.21:38425|dataStream:|priority:0, 9135c07c-9562-4fec-aca6-20239d7a9d6d|rpc:10.1.0.21:40625|dataStream:|priority:1], old=null
2022-07-27 13:49:15,419 [9135c07c-9562-4fec-aca6-20239d7a9d6d@group-EC36FC0C3E24-LeaderElection6] INFO  impl.LeaderElection (LeaderElection.java:askForVotes(310)) - 9135c07c-9562-4fec-aca6-20239d7a9d6d@group-EC36FC0C3E24-LeaderElection6 ELECTION round 0: submit vote requests at term 1 for -1: [df335623-852d-4a6f-8cff-fa9ba72c6e1b|rpc:10.1.0.21:40909|dataStream:|priority:0, efe9fd25-7228-4310-8e5d-4bcbbad78a8a|rpc:10.1.0.21:38425|dataStream:|priority:0, 9135c07c-9562-4fec-aca6-20239d7a9d6d|rpc:10.1.0.21:40625|dataStream:|priority:1], old=null
2022-07-27 13:49:15,432 [efe9fd25-7228-4310-8e5d-4bcbbad78a8a@group-EC36FC0C3E24-LeaderElection5] INFO  impl.LeaderElection (LeaderElection.java:logAndReturn(90)) - efe9fd25-7228-4310-8e5d-4bcbbad78a8a@group-EC36FC0C3E24-LeaderElection5: ELECTION REJECTED received 2 response(s) and 0 exception(s):
2022-07-27 13:49:15,440 [efe9fd25-7228-4310-8e5d-4bcbbad78a8a@group-EC36FC0C3E24-LeaderElection5] INFO  impl.LeaderElection (LeaderElection.java:logAndReturn(94)) -   Response 0: efe9fd25-7228-4310-8e5d-4bcbbad78a8a<-df335623-852d-4a6f-8cff-fa9ba72c6e1b#0:OK-t1
2022-07-27 13:49:15,440 [efe9fd25-7228-4310-8e5d-4bcbbad78a8a@group-EC36FC0C3E24-LeaderElection5] INFO  impl.LeaderElection (LeaderElection.java:logAndReturn(94)) -   Response 1: efe9fd25-7228-4310-8e5d-4bcbbad78a8a<-9135c07c-9562-4fec-aca6-20239d7a9d6d#0:FAIL-t1
2022-07-27 13:49:15,440 [efe9fd25-7228-4310-8e5d-4bcbbad78a8a@group-EC36FC0C3E24-LeaderElection5] INFO  impl.LeaderElection (LeaderElection.java:askForVotes(312)) - efe9fd25-7228-4310-8e5d-4bcbbad78a8a@group-EC36FC0C3E24-LeaderElection5 ELECTION round 0: result REJECTED
2022-07-27 13:49:15,441 [efe9fd25-7228-4310-8e5d-4bcbbad78a8a@group-EC36FC0C3E24-LeaderElection5] INFO  server.RaftServer$Division (RaftServerImpl.java:setRole(299)) - efe9fd25-7228-4310-8e5d-4bcbbad78a8a@group-EC36FC0C3E24: changes role from CANDIDATE to FOLLOWER at term 1 for REJECTED
2022-07-27 13:49:15,441 [efe9fd25-7228-4310-8e5d-4bcbbad78a8a@group-EC36FC0C3E24-LeaderElection5] INFO  impl.RoleInfo (RoleInfo.java:shutdownLeaderElection(130)) - efe9fd25-7228-4310-8e5d-4bcbbad78a8a: shutdown efe9fd25-7228-4310-8e5d-4bcbbad78a8a@group-EC36FC0C3E24-LeaderElection5
2022-07-27 13:49:15,441 [efe9fd25-7228-4310-8e5d-4bcbbad78a8a@group-EC36FC0C3E24-LeaderElection5] INFO  impl.RoleInfo (RoleInfo.java:updateAndGet(139)) - efe9fd25-7228-4310-8e5d-4bcbbad78a8a: start efe9fd25-7228-4310-8e5d-4bcbbad78a8a@group-EC36FC0C3E24-FollowerState
2022-07-27 13:49:15,467 [grpc-default-executor-1] INFO  server.RaftServer$Division (RaftServerImpl.java:requestVote(1152)) - df335623-852d-4a6f-8cff-fa9ba72c6e1b@group-EC36FC0C3E24: receive requestVote(ELECTION, 9135c07c-9562-4fec-aca6-20239d7a9d6d, group-EC36FC0C3E24, 1, (t:0, i:0))
2022-07-27 13:49:15,472 [grpc-default-executor-1] INFO  impl.VoteContext (VoteContext.java:log(48)) - df335623-852d-4a6f-8cff-fa9ba72c6e1b@group-EC36FC0C3E24-FOLLOWER: reject ELECTION from 9135c07c-9562-4fec-aca6-20239d7a9d6d: already has voted for efe9fd25-7228-4310-8e5d-4bcbbad78a8a at current term 1
2022-07-27 13:49:15,472 [grpc-default-executor-1] INFO  server.RaftServer$Division (RaftServerImpl.java:requestVote(1184)) - df335623-852d-4a6f-8cff-fa9ba72c6e1b@group-EC36FC0C3E24 replies to ELECTION vote request: 9135c07c-9562-4fec-aca6-20239d7a9d6d<-df335623-852d-4a6f-8cff-fa9ba72c6e1b#0:FAIL-t1. Peer's state: df335623-852d-4a6f-8cff-fa9ba72c6e1b@group-EC36FC0C3E24:t1, leader=null, voted=efe9fd25-7228-4310-8e5d-4bcbbad78a8a, raftlog=df335623-852d-4a6f-8cff-fa9ba72c6e1b@group-EC36FC0C3E24-SegmentedRaftLog:OPENED:c-1, conf=-1: [df335623-852d-4a6f-8cff-fa9ba72c6e1b|rpc:10.1.0.21:40909|priority:0, efe9fd25-7228-4310-8e5d-4bcbbad78a8a|rpc:10.1.0.21:38425|priority:0, 9135c07c-9562-4fec-aca6-20239d7a9d6d|rpc:10.1.0.21:40625|priority:1], old=null
2022-07-27 13:49:15,472 [grpc-default-executor-0] INFO  server.RaftServer$Division (RaftServerImpl.java:requestVote(1152)) - efe9fd25-7228-4310-8e5d-4bcbbad78a8a@group-EC36FC0C3E24: receive requestVote(ELECTION, 9135c07c-9562-4fec-aca6-20239d7a9d6d, group-EC36FC0C3E24, 1, (t:0, i:0))
2022-07-27 13:49:15,472 [grpc-default-executor-0] INFO  impl.VoteContext (VoteContext.java:log(48)) - efe9fd25-7228-4310-8e5d-4bcbbad78a8a@group-EC36FC0C3E24-FOLLOWER: reject ELECTION from 9135c07c-9562-4fec-aca6-20239d7a9d6d: already has voted for efe9fd25-7228-4310-8e5d-4bcbbad78a8a at current term 1
2022-07-27 13:49:15,472 [grpc-default-executor-0] INFO  server.RaftServer$Division (RaftServerImpl.java:requestVote(1184)) - efe9fd25-7228-4310-8e5d-4bcbbad78a8a@group-EC36FC0C3E24 replies to ELECTION vote request: 9135c07c-9562-4fec-aca6-20239d7a9d6d<-efe9fd25-7228-4310-8e5d-4bcbbad78a8a#0:FAIL-t1. Peer's state: efe9fd25-7228-4310-8e5d-4bcbbad78a8a@group-EC36FC0C3E24:t1, leader=null, voted=efe9fd25-7228-4310-8e5d-4bcbbad78a8a, raftlog=efe9fd25-7228-4310-8e5d-4bcbbad78a8a@group-EC36FC0C3E24-SegmentedRaftLog:OPENED:c-1, conf=-1: [df335623-852d-4a6f-8cff-fa9ba72c6e1b|rpc:10.1.0.21:40909|priority:0, efe9fd25-7228-4310-8e5d-4bcbbad78a8a|rpc:10.1.0.21:38425|priority:0, 9135c07c-9562-4fec-aca6-20239d7a9d6d|rpc:10.1.0.21:40625|priority:1], old=null
2022-07-27 13:49:15,480 [9135c07c-9562-4fec-aca6-20239d7a9d6d@group-EC36FC0C3E24-LeaderElection6] INFO  impl.LeaderElection (LeaderElection.java:logAndReturn(90)) - 9135c07c-9562-4fec-aca6-20239d7a9d6d@group-EC36FC0C3E24-LeaderElection6: ELECTION REJECTED received 2 response(s) and 0 exception(s):
2022-07-27 13:49:15,481 [9135c07c-9562-4fec-aca6-20239d7a9d6d@group-EC36FC0C3E24-LeaderElection6] INFO  impl.LeaderElection (LeaderElection.java:logAndReturn(94)) -   Response 0: 9135c07c-9562-4fec-aca6-20239d7a9d6d<-df335623-852d-4a6f-8cff-fa9ba72c6e1b#0:FAIL-t1
2022-07-27 13:49:15,481 [9135c07c-9562-4fec-aca6-20239d7a9d6d@group-EC36FC0C3E24-LeaderElection6] INFO  impl.LeaderElection (LeaderElection.java:logAndReturn(94)) -   Response 1: 9135c07c-9562-4fec-aca6-20239d7a9d6d<-efe9fd25-7228-4310-8e5d-4bcbbad78a8a#0:FAIL-t1
2022-07-27 13:49:15,481 [9135c07c-9562-4fec-aca6-20239d7a9d6d@group-EC36FC0C3E24-LeaderElection6] INFO  impl.LeaderElection (LeaderElection.java:askForVotes(312)) - 9135c07c-9562-4fec-aca6-20239d7a9d6d@group-EC36FC0C3E24-LeaderElection6 ELECTION round 0: result REJECTED
2022-07-27 13:49:15,481 [9135c07c-9562-4fec-aca6-20239d7a9d6d@group-EC36FC0C3E24-LeaderElection6] INFO  server.RaftServer$Division (RaftServerImpl.java:setRole(299)) - 9135c07c-9562-4fec-aca6-20239d7a9d6d@group-EC36FC0C3E24: changes role from CANDIDATE to FOLLOWER at term 1 for REJECTED
2022-07-27 13:49:15,481 [9135c07c-9562-4fec-aca6-20239d7a9d6d@group-EC36FC0C3E24-LeaderElection6] INFO  impl.RoleInfo (RoleInfo.java:shutdownLeaderElection(130)) - 9135c07c-9562-4fec-aca6-20239d7a9d6d: shutdown 9135c07c-9562-4fec-aca6-20239d7a9d6d@group-EC36FC0C3E24-LeaderElection6
2022-07-27 13:49:15,481 [9135c07c-9562-4fec-aca6-20239d7a9d6d@group-EC36FC0C3E24-LeaderElection6] INFO  impl.RoleInfo (RoleInfo.java:updateAndGet(139)) - 9135c07c-9562-4fec-aca6-20239d7a9d6d: start 9135c07c-9562-4fec-aca6-20239d7a9d6d@group-EC36FC0C3E24-FollowerState
2022-07-27 13:49:15,492 [9135c07c-9562-4fec-aca6-20239d7a9d6d@group-01F245C95A2E-FollowerState] INFO  impl.FollowerState (FollowerState.java:run(143)) - 9135c07c-9562-4fec-aca6-20239d7a9d6d@group-01F245C95A2E-FollowerState: change to CANDIDATE, lastRpcElapsedTime:5160126180ns, electionTimeout:5149ms
2022-07-27 13:49:15,493 [9135c07c-9562-4fec-aca6-20239d7a9d6d@group-01F245C95A2E-FollowerState] INFO  impl.RoleInfo (RoleInfo.java:shutdownFollowerState(110)) - 9135c07c-9562-4fec-aca6-20239d7a9d6d: shutdown 9135c07c-9562-4fec-aca6-20239d7a9d6d@group-01F245C95A2E-FollowerState
2022-07-27 13:49:15,493 [9135c07c-9562-4fec-aca6-20239d7a9d6d@group-01F245C95A2E-FollowerState] INFO  server.RaftServer$Division (RaftServerImpl.java:setRole(299)) - 9135c07c-9562-4fec-aca6-20239d7a9d6d@group-01F245C95A2E: changes role from  FOLLOWER to CANDIDATE at term 0 for changeToCandidate
2022-07-27 13:49:15,493 [9135c07c-9562-4fec-aca6-20239d7a9d6d@group-01F245C95A2E-FollowerState] INFO  server.RaftServerConfigKeys (ConfUtils.java:logGet(46)) - raft.server.leaderelection.pre-vote = false (custom)
2022-07-27 13:49:15,493 [9135c07c-9562-4fec-aca6-20239d7a9d6d@group-01F245C95A2E-FollowerState] INFO  impl.RoleInfo (RoleInfo.java:updateAndGet(139)) - 9135c07c-9562-4fec-aca6-20239d7a9d6d: start 9135c07c-9562-4fec-aca6-20239d7a9d6d@group-01F245C95A2E-LeaderElection7
2022-07-27 13:49:15,506 [9135c07c-9562-4fec-aca6-20239d7a9d6d@group-01F245C95A2E-LeaderElection7] INFO  impl.LeaderElection (LeaderElection.java:askForVotes(310)) - 9135c07c-9562-4fec-aca6-20239d7a9d6d@group-01F245C95A2E-LeaderElection7 ELECTION round 0: submit vote requests at term 1 for -1: [9135c07c-9562-4fec-aca6-20239d7a9d6d|rpc:10.1.0.21:40625|priority:1], old=null
2022-07-27 13:49:15,506 [9135c07c-9562-4fec-aca6-20239d7a9d6d@group-01F245C95A2E-LeaderElection7] INFO  impl.LeaderElection (LeaderElection.java:askForVotes(312)) - 9135c07c-9562-4fec-aca6-20239d7a9d6d@group-01F245C95A2E-LeaderElection7 ELECTION round 0: result PASSED (term=1)
2022-07-27 13:49:15,510 [9135c07c-9562-4fec-aca6-20239d7a9d6d@group-01F245C95A2E-LeaderElection7] INFO  impl.RoleInfo (RoleInfo.java:shutdownLeaderElection(130)) - 9135c07c-9562-4fec-aca6-20239d7a9d6d: shutdown 9135c07c-9562-4fec-aca6-20239d7a9d6d@group-01F245C95A2E-LeaderElection7
2022-07-27 13:49:15,510 [9135c07c-9562-4fec-aca6-20239d7a9d6d@group-01F245C95A2E-LeaderElection7] INFO  server.RaftServer$Division (RaftServerImpl.java:setRole(299)) - 9135c07c-9562-4fec-aca6-20239d7a9d6d@group-01F245C95A2E: changes role from CANDIDATE to LEADER at term 1 for changeToLeader
2022-07-27 13:49:15,510 [9135c07c-9562-4fec-aca6-20239d7a9d6d@group-01F245C95A2E-LeaderElection7] INFO  ratis.XceiverServerRatis (XceiverServerRatis.java:handleLeaderChangedNotification(863)) - Leader change notification received for group: group-01F245C95A2E with new leaderId: 9135c07c-9562-4fec-aca6-20239d7a9d6d
2022-07-27 13:49:15,511 [9135c07c-9562-4fec-aca6-20239d7a9d6d@group-01F245C95A2E-LeaderElection7] INFO  server.RaftServer$Division (ServerState.java:setLeader(287)) - 9135c07c-9562-4fec-aca6-20239d7a9d6d@group-01F245C95A2E: change Leader from null to 9135c07c-9562-4fec-aca6-20239d7a9d6d at term 1 for becomeLeader, leader elected after 5207ms
2022-07-27 13:49:15,513 [9135c07c-9562-4fec-aca6-20239d7a9d6d@group-01F245C95A2E-LeaderElection7] INFO  server.RaftServerConfigKeys (ConfUtils.java:logGet(46)) - raft.server.staging.catchup.gap = 1000 (default)
2022-07-27 13:49:15,513 [9135c07c-9562-4fec-aca6-20239d7a9d6d@group-01F245C95A2E-LeaderElection7] INFO  server.RaftServerConfigKeys (ConfUtils.java:logGet(46)) - raft.server.write.element-limit = 1024 (custom)
2022-07-27 13:49:15,513 [9135c07c-9562-4fec-aca6-20239d7a9d6d@group-01F245C95A2E-LeaderElection7] INFO  server.RaftServerConfigKeys (ConfUtils.java:logGet(46)) - raft.server.write.byte-limit = 1024 M (=1073741824) (custom)
2022-07-27 13:49:15,527 [9135c07c-9562-4fec-aca6-20239d7a9d6d@group-01F245C95A2E-LeaderElection7] INFO  server.RaftServerConfigKeys (ConfUtils.java:logGet(46)) - raft.server.watch.timeout = 180s (custom)
2022-07-27 13:49:15,527 [9135c07c-9562-4fec-aca6-20239d7a9d6d@group-01F245C95A2E-LeaderElection7] INFO  server.RaftServerConfigKeys (ConfUtils.java:logGet(46)) - raft.server.watch.timeout.denomination = 1s (default)
2022-07-27 13:49:15,527 [9135c07c-9562-4fec-aca6-20239d7a9d6d@group-01F245C95A2E-LeaderElection7] INFO  server.RaftServerConfigKeys (ConfUtils.java:logGet(46)) - raft.server.watch.element-limit = 65536 (default)
2022-07-27 13:49:15,527 [9135c07c-9562-4fec-aca6-20239d7a9d6d@group-01F245C95A2E-LeaderElection7] INFO  server.RaftServerConfigKeys (ConfUtils.java:logGet(46)) - raft.server.write.element-limit = 1024 (custom)
2022-07-27 13:49:15,527 [9135c07c-9562-4fec-aca6-20239d7a9d6d@group-01F245C95A2E-LeaderElection7] INFO  server.RaftServerConfigKeys (ConfUtils.java:logGet(46)) - raft.server.write.follower.gap.ratio.max = -1.0 (default)
2022-07-27 13:49:15,528 [9135c07c-9562-4fec-aca6-20239d7a9d6d@group-01F245C95A2E-LeaderElection7] INFO  impl.RoleInfo (RoleInfo.java:updateAndGet(139)) - 9135c07c-9562-4fec-aca6-20239d7a9d6d: start 9135c07c-9562-4fec-aca6-20239d7a9d6d@group-01F245C95A2E-LeaderStateImpl
2022-07-27 13:49:15,528 [9135c07c-9562-4fec-aca6-20239d7a9d6d@group-01F245C95A2E-LeaderElection7] INFO  segmented.SegmentedRaftLogWorker (SegmentedRaftLogWorker.java:startLogSegment(425)) - 9135c07c-9562-4fec-aca6-20239d7a9d6d@group-01F245C95A2E-SegmentedRaftLogWorker: Starting segment from index:0
2022-07-27 13:49:15,529 [9135c07c-9562-4fec-aca6-20239d7a9d6d@group-01F245C95A2E-SegmentedRaftLogWorker] INFO  segmented.SegmentedRaftLogWorker (SegmentedRaftLogWorker.java:execute(629)) - 9135c07c-9562-4fec-aca6-20239d7a9d6d@group-01F245C95A2E-SegmentedRaftLogWorker: created new log segment /home/runner/work/ozone/ozone/hadoop-ozone/integration-test/target/test-dir/MiniOzoneClusterImpl-cbeacfe2-84b1-4648-87cc-d28f9e4744b3/datanode-2/data/ratis/bdff44e7-6034-4792-b192-01f245c95a2e/current/log_inprogress_0
2022-07-27 13:49:15,532 [9135c07c-9562-4fec-aca6-20239d7a9d6d@group-01F245C95A2E-LeaderElection7] INFO  server.RaftServer$Division (ServerState.java:setRaftConf(393)) - 9135c07c-9562-4fec-aca6-20239d7a9d6d@group-01F245C95A2E: set configuration 0: [9135c07c-9562-4fec-aca6-20239d7a9d6d|rpc:10.1.0.21:40625|dataStream:|priority:1], old=null
2022-07-27 13:49:15,574 [Time-limited test] INFO  rpc.RpcClient (RpcClient.java:createVolume(467)) - Creating Volume: volume88634, with user01953 as owner and space quota set to -1 bytes, counts quota set to -1
2022-07-27 13:49:15,635 [OM StateMachine ApplyTransaction Thread - 0] INFO  volume.OMVolumeCreateRequest (OMVolumeCreateRequest.java:validateAndUpdateCache(195)) - created volume:volume88634 for user:user01953
2022-07-27 13:49:15,651 [Time-limited test] INFO  rpc.RpcClient (RpcClient.java:createBucket(670)) - Creating Bucket: volume88634/bucket55746, with bucket layout LEGACY, runner as owner, Versioning false, Storage Type set to DISK and Encryption set to false 
2022-07-27 13:49:15,667 [OM StateMachine ApplyTransaction Thread - 0] INFO  bucket.OMBucketCreateRequest (OMBucketCreateRequest.java:validateAndUpdateCache(260)) - created bucket: bucket55746 of layout LEGACY in volume: volume88634
2022-07-27 13:49:15,786 [IPC Server handler 0 on default port 40261] INFO  ha.SequenceIdGenerator (SequenceIdGenerator.java:getNextId(128)) - Allocate a batch for containerId, change lastId from 0 to 1000.
2022-07-27 13:49:15,790 [cb7edee7-fe7c-4fa3-abda-3ed18a74bab8@group-DA5C3482901F-FollowerState] INFO  impl.FollowerState (FollowerState.java:run(143)) - cb7edee7-fe7c-4fa3-abda-3ed18a74bab8@group-DA5C3482901F-FollowerState: change to CANDIDATE, lastRpcElapsedTime:5180881866ns, electionTimeout:5178ms
2022-07-27 13:49:15,790 [cb7edee7-fe7c-4fa3-abda-3ed18a74bab8@group-DA5C3482901F-FollowerState] INFO  impl.RoleInfo (RoleInfo.java:shutdownFollowerState(110)) - cb7edee7-fe7c-4fa3-abda-3ed18a74bab8: shutdown cb7edee7-fe7c-4fa3-abda-3ed18a74bab8@group-DA5C3482901F-FollowerState
2022-07-27 13:49:15,791 [cb7edee7-fe7c-4fa3-abda-3ed18a74bab8@group-DA5C3482901F-FollowerState] INFO  server.RaftServer$Division (RaftServerImpl.java:setRole(299)) - cb7edee7-fe7c-4fa3-abda-3ed18a74bab8@group-DA5C3482901F: changes role from  FOLLOWER to CANDIDATE at term 0 for changeToCandidate
2022-07-27 13:49:15,791 [cb7edee7-fe7c-4fa3-abda-3ed18a74bab8@group-DA5C3482901F-FollowerState] INFO  server.RaftServerConfigKeys (ConfUtils.java:logGet(46)) - raft.server.leaderelection.pre-vote = false (custom)
2022-07-27 13:49:15,791 [cb7edee7-fe7c-4fa3-abda-3ed18a74bab8@group-DA5C3482901F-FollowerState] INFO  impl.RoleInfo (RoleInfo.java:updateAndGet(139)) - cb7edee7-fe7c-4fa3-abda-3ed18a74bab8: start cb7edee7-fe7c-4fa3-abda-3ed18a74bab8@group-DA5C3482901F-LeaderElection8
2022-07-27 13:49:15,798 [IPC Server handler 0 on default port 40261] WARN  ha.SequenceIdGenerator (SequenceIdGenerator.java:allocateBatch(237)) - Failed to allocate a batch for localId, expected lastId is 0, actual lastId is 109611004723200000.
2022-07-27 13:49:15,798 [IPC Server handler 0 on default port 40261] INFO  ha.SequenceIdGenerator (SequenceIdGenerator.java:getNextId(128)) - Allocate a batch for localId, change lastId from 109611004723200000 to 109611004723201000.
2022-07-27 13:49:15,803 [cb7edee7-fe7c-4fa3-abda-3ed18a74bab8@group-DA5C3482901F-LeaderElection8] INFO  impl.LeaderElection (LeaderElection.java:askForVotes(310)) - cb7edee7-fe7c-4fa3-abda-3ed18a74bab8@group-DA5C3482901F-LeaderElection8 ELECTION round 0: submit vote requests at term 1 for -1: [cb7edee7-fe7c-4fa3-abda-3ed18a74bab8|rpc:10.1.0.21:39367|priority:1], old=null
2022-07-27 13:49:15,803 [cb7edee7-fe7c-4fa3-abda-3ed18a74bab8@group-DA5C3482901F-LeaderElection8] INFO  impl.LeaderElection (LeaderElection.java:askForVotes(312)) - cb7edee7-fe7c-4fa3-abda-3ed18a74bab8@group-DA5C3482901F-LeaderElection8 ELECTION round 0: result PASSED (term=1)
2022-07-27 13:49:15,803 [cb7edee7-fe7c-4fa3-abda-3ed18a74bab8@group-DA5C3482901F-LeaderElection8] INFO  impl.RoleInfo (RoleInfo.java:shutdownLeaderElection(130)) - cb7edee7-fe7c-4fa3-abda-3ed18a74bab8: shutdown cb7edee7-fe7c-4fa3-abda-3ed18a74bab8@group-DA5C3482901F-LeaderElection8
2022-07-27 13:49:15,803 [cb7edee7-fe7c-4fa3-abda-3ed18a74bab8@group-DA5C3482901F-LeaderElection8] INFO  server.RaftServer$Division (RaftServerImpl.java:setRole(299)) - cb7edee7-fe7c-4fa3-abda-3ed18a74bab8@group-DA5C3482901F: changes role from CANDIDATE to LEADER at term 1 for changeToLeader
2022-07-27 13:49:15,803 [cb7edee7-fe7c-4fa3-abda-3ed18a74bab8@group-DA5C3482901F-LeaderElection8] INFO  ratis.XceiverServerRatis (XceiverServerRatis.java:handleLeaderChangedNotification(863)) - Leader change notification received for group: group-DA5C3482901F with new leaderId: cb7edee7-fe7c-4fa3-abda-3ed18a74bab8
2022-07-27 13:49:15,806 [cb7edee7-fe7c-4fa3-abda-3ed18a74bab8@group-DA5C3482901F-LeaderElection8] INFO  server.RaftServer$Division (ServerState.java:setLeader(287)) - cb7edee7-fe7c-4fa3-abda-3ed18a74bab8@group-DA5C3482901F: change Leader from null to cb7edee7-fe7c-4fa3-abda-3ed18a74bab8 at term 1 for becomeLeader, leader elected after 5206ms
2022-07-27 13:49:15,806 [cb7edee7-fe7c-4fa3-abda-3ed18a74bab8@group-DA5C3482901F-LeaderElection8] INFO  server.RaftServerConfigKeys (ConfUtils.java:logGet(46)) - raft.server.staging.catchup.gap = 1000 (default)
2022-07-27 13:49:15,806 [cb7edee7-fe7c-4fa3-abda-3ed18a74bab8@group-DA5C3482901F-LeaderElection8] INFO  server.RaftServerConfigKeys (ConfUtils.java:logGet(46)) - raft.server.write.element-limit = 1024 (custom)
2022-07-27 13:49:15,806 [cb7edee7-fe7c-4fa3-abda-3ed18a74bab8@group-DA5C3482901F-LeaderElection8] INFO  server.RaftServerConfigKeys (ConfUtils.java:logGet(46)) - raft.server.write.byte-limit = 1024 M (=1073741824) (custom)
2022-07-27 13:49:15,807 [cb7edee7-fe7c-4fa3-abda-3ed18a74bab8@group-DA5C3482901F-LeaderElection8] INFO  server.RaftServerConfigKeys (ConfUtils.java:logGet(46)) - raft.server.watch.timeout = 180s (custom)
2022-07-27 13:49:15,807 [cb7edee7-fe7c-4fa3-abda-3ed18a74bab8@group-DA5C3482901F-LeaderElection8] INFO  server.RaftServerConfigKeys (ConfUtils.java:logGet(46)) - raft.server.watch.timeout.denomination = 1s (default)
2022-07-27 13:49:15,807 [cb7edee7-fe7c-4fa3-abda-3ed18a74bab8@group-DA5C3482901F-LeaderElection8] INFO  server.RaftServerConfigKeys (ConfUtils.java:logGet(46)) - raft.server.watch.element-limit = 65536 (default)
2022-07-27 13:49:15,807 [cb7edee7-fe7c-4fa3-abda-3ed18a74bab8@group-DA5C3482901F-LeaderElection8] INFO  server.RaftServerConfigKeys (ConfUtils.java:logGet(46)) - raft.server.write.element-limit = 1024 (custom)
2022-07-27 13:49:15,808 [cb7edee7-fe7c-4fa3-abda-3ed18a74bab8@group-DA5C3482901F-LeaderElection8] INFO  server.RaftServerConfigKeys (ConfUtils.java:logGet(46)) - raft.server.write.follower.gap.ratio.max = -1.0 (default)
2022-07-27 13:49:15,808 [cb7edee7-fe7c-4fa3-abda-3ed18a74bab8@group-DA5C3482901F-LeaderElection8] INFO  impl.RoleInfo (RoleInfo.java:updateAndGet(139)) - cb7edee7-fe7c-4fa3-abda-3ed18a74bab8: start cb7edee7-fe7c-4fa3-abda-3ed18a74bab8@group-DA5C3482901F-LeaderStateImpl
2022-07-27 13:49:15,808 [cb7edee7-fe7c-4fa3-abda-3ed18a74bab8@group-DA5C3482901F-LeaderElection8] INFO  segmented.SegmentedRaftLogWorker (SegmentedRaftLogWorker.java:startLogSegment(425)) - cb7edee7-fe7c-4fa3-abda-3ed18a74bab8@group-DA5C3482901F-SegmentedRaftLogWorker: Starting segment from index:0
2022-07-27 13:49:15,809 [cb7edee7-fe7c-4fa3-abda-3ed18a74bab8@group-DA5C3482901F-SegmentedRaftLogWorker] INFO  segmented.SegmentedRaftLogWorker (SegmentedRaftLogWorker.java:execute(629)) - cb7edee7-fe7c-4fa3-abda-3ed18a74bab8@group-DA5C3482901F-SegmentedRaftLogWorker: created new log segment /home/runner/work/ozone/ozone/hadoop-ozone/integration-test/target/test-dir/MiniOzoneClusterImpl-cbeacfe2-84b1-4648-87cc-d28f9e4744b3/datanode-3/data/ratis/a2e80931-c90e-41dd-8107-da5c3482901f/current/log_inprogress_0
2022-07-27 13:49:15,817 [cb7edee7-fe7c-4fa3-abda-3ed18a74bab8@group-DA5C3482901F-LeaderElection8] INFO  server.RaftServer$Division (ServerState.java:setRaftConf(393)) - cb7edee7-fe7c-4fa3-abda-3ed18a74bab8@group-DA5C3482901F: set configuration 0: [cb7edee7-fe7c-4fa3-abda-3ed18a74bab8|rpc:10.1.0.21:39367|dataStream:|priority:1], old=null
13:49:15.896 [IPC Server handler 4 on default port 44975] ERROR OMAudit - user=runner | ip=127.0.0.1 | op=GET_FILE_STATUS {volume=volume88634, bucket=bucket55746, key=dir838/file1, dataSize=0, replicationConfig=null} | ret=FAILURE
org.apache.hadoop.ozone.om.exceptions.OMException: Unable to get file status: volume: volume88634 bucket: bucket55746 key: dir838/file1
	at org.apache.hadoop.ozone.om.KeyManagerImpl.getOzoneFileStatus(KeyManagerImpl.java:1311) ~[ozone-manager-1.3.0-SNAPSHOT.jar:?]
	at org.apache.hadoop.ozone.om.KeyManagerImpl.getFileStatus(KeyManagerImpl.java:1241) ~[ozone-manager-1.3.0-SNAPSHOT.jar:?]
	at org.apache.hadoop.ozone.om.OzoneManager.getFileStatus(OzoneManager.java:3467) ~[ozone-manager-1.3.0-SNAPSHOT.jar:?]
	at org.apache.hadoop.ozone.protocolPB.OzoneManagerRequestHandler.getOzoneFileStatus(OzoneManagerRequestHandler.java:878) ~[ozone-manager-1.3.0-SNAPSHOT.jar:?]
	at org.apache.hadoop.ozone.protocolPB.OzoneManagerRequestHandler.handleReadRequest(OzoneManagerRequestHandler.java:224) ~[ozone-manager-1.3.0-SNAPSHOT.jar:?]
	at org.apache.hadoop.ozone.protocolPB.OzoneManagerProtocolServerSideTranslatorPB.submitReadRequestToOM(OzoneManagerProtocolServerSideTranslatorPB.java:226) ~[ozone-manager-1.3.0-SNAPSHOT.jar:?]
	at org.apache.hadoop.ozone.protocolPB.OzoneManagerProtocolServerSideTranslatorPB.processRequest(OzoneManagerProtocolServerSideTranslatorPB.java:175) ~[ozone-manager-1.3.0-SNAPSHOT.jar:?]
	at org.apache.hadoop.hdds.server.OzoneProtocolMessageDispatcher.processRequest(OzoneProtocolMessageDispatcher.java:87) [hdds-server-framework-1.3.0-SNAPSHOT.jar:?]
	at org.apache.hadoop.ozone.protocolPB.OzoneManagerProtocolServerSideTranslatorPB.submitRequest(OzoneManagerProtocolServerSideTranslatorPB.java:147) [ozone-manager-1.3.0-SNAPSHOT.jar:?]
	at org.apache.hadoop.ozone.protocol.proto.OzoneManagerProtocolProtos$OzoneManagerService$2.callBlockingMethod(OzoneManagerProtocolProtos.java) [ozone-interface-client-1.3.0-SNAPSHOT.jar:?]
	at org.apache.hadoop.ipc.ProtobufRpcEngine$Server.processCall(ProtobufRpcEngine.java:466) [hadoop-common-3.3.1.jar:?]
	at org.apache.hadoop.ipc.ProtobufRpcEngine2$Server$ProtoBufRpcInvoker.call(ProtobufRpcEngine2.java:574) [hadoop-common-3.3.1.jar:?]
	at org.apache.hadoop.ipc.ProtobufRpcEngine2$Server$ProtoBufRpcInvoker.call(ProtobufRpcEngine2.java:552) [hadoop-common-3.3.1.jar:?]
	at org.apache.hadoop.ipc.RPC$Server.call(RPC.java:1093) [hadoop-common-3.3.1.jar:?]
	at org.apache.hadoop.ipc.Server$RpcCall.run(Server.java:1035) [hadoop-common-3.3.1.jar:?]
	at org.apache.hadoop.ipc.Server$RpcCall.run(Server.java:963) [hadoop-common-3.3.1.jar:?]
	at java.security.AccessController.doPrivileged(Native Method) ~[?:1.8.0_332]
	at javax.security.auth.Subject.doAs(Subject.java:422) [?:1.8.0_332]
	at org.apache.hadoop.security.UserGroupInformation.doAs(UserGroupInformation.java:1878) [hadoop-common-3.3.1.jar:?]
	at org.apache.hadoop.ipc.Server$Handler.run(Server.java:2966) [hadoop-common-3.3.1.jar:?]
2022-07-27 13:49:15,912 [89f3cafd-f6f4-41ae-bc62-6e12401c3bdc@group-80FEA706BA56-FollowerState] INFO  impl.FollowerState (FollowerState.java:run(143)) - 89f3cafd-f6f4-41ae-bc62-6e12401c3bdc@group-80FEA706BA56-FollowerState: change to CANDIDATE, lastRpcElapsedTime:5016983280ns, electionTimeout:5016ms
2022-07-27 13:49:15,912 [89f3cafd-f6f4-41ae-bc62-6e12401c3bdc@group-80FEA706BA56-FollowerState] INFO  impl.RoleInfo (RoleInfo.java:shutdownFollowerState(110)) - 89f3cafd-f6f4-41ae-bc62-6e12401c3bdc: shutdown 89f3cafd-f6f4-41ae-bc62-6e12401c3bdc@group-80FEA706BA56-FollowerState
2022-07-27 13:49:15,912 [89f3cafd-f6f4-41ae-bc62-6e12401c3bdc@group-80FEA706BA56-FollowerState] INFO  server.RaftServer$Division (RaftServerImpl.java:setRole(299)) - 89f3cafd-f6f4-41ae-bc62-6e12401c3bdc@group-80FEA706BA56: changes role from  FOLLOWER to CANDIDATE at term 0 for changeToCandidate
2022-07-27 13:49:15,912 [89f3cafd-f6f4-41ae-bc62-6e12401c3bdc@group-80FEA706BA56-FollowerState] INFO  server.RaftServerConfigKeys (ConfUtils.java:logGet(46)) - raft.server.leaderelection.pre-vote = false (custom)
2022-07-27 13:49:15,913 [89f3cafd-f6f4-41ae-bc62-6e12401c3bdc@group-80FEA706BA56-FollowerState] INFO  impl.RoleInfo (RoleInfo.java:updateAndGet(139)) - 89f3cafd-f6f4-41ae-bc62-6e12401c3bdc: start 89f3cafd-f6f4-41ae-bc62-6e12401c3bdc@group-80FEA706BA56-LeaderElection9
2022-07-27 13:49:15,934 [89f3cafd-f6f4-41ae-bc62-6e12401c3bdc@group-80FEA706BA56-LeaderElection9] INFO  impl.LeaderElection (LeaderElection.java:askForVotes(310)) - 89f3cafd-f6f4-41ae-bc62-6e12401c3bdc@group-80FEA706BA56-LeaderElection9 ELECTION round 0: submit vote requests at term 1 for -1: [89f3cafd-f6f4-41ae-bc62-6e12401c3bdc|rpc:10.1.0.21:34539|priority:1], old=null
2022-07-27 13:49:15,934 [89f3cafd-f6f4-41ae-bc62-6e12401c3bdc@group-80FEA706BA56-LeaderElection9] INFO  impl.LeaderElection (LeaderElection.java:askForVotes(312)) - 89f3cafd-f6f4-41ae-bc62-6e12401c3bdc@group-80FEA706BA56-LeaderElection9 ELECTION round 0: result PASSED (term=1)
2022-07-27 13:49:15,934 [89f3cafd-f6f4-41ae-bc62-6e12401c3bdc@group-80FEA706BA56-LeaderElection9] INFO  impl.RoleInfo (RoleInfo.java:shutdownLeaderElection(130)) - 89f3cafd-f6f4-41ae-bc62-6e12401c3bdc: shutdown 89f3cafd-f6f4-41ae-bc62-6e12401c3bdc@group-80FEA706BA56-LeaderElection9
2022-07-27 13:49:15,934 [89f3cafd-f6f4-41ae-bc62-6e12401c3bdc@group-80FEA706BA56-LeaderElection9] INFO  server.RaftServer$Division (RaftServerImpl.java:setRole(299)) - 89f3cafd-f6f4-41ae-bc62-6e12401c3bdc@group-80FEA706BA56: changes role from CANDIDATE to LEADER at term 1 for changeToLeader
2022-07-27 13:49:15,934 [89f3cafd-f6f4-41ae-bc62-6e12401c3bdc@group-80FEA706BA56-LeaderElection9] INFO  ratis.XceiverServerRatis (XceiverServerRatis.java:handleLeaderChangedNotification(863)) - Leader change notification received for group: group-80FEA706BA56 with new leaderId: 89f3cafd-f6f4-41ae-bc62-6e12401c3bdc
2022-07-27 13:49:15,934 [89f3cafd-f6f4-41ae-bc62-6e12401c3bdc@group-80FEA706BA56-LeaderElection9] INFO  server.RaftServer$Division (ServerState.java:setLeader(287)) - 89f3cafd-f6f4-41ae-bc62-6e12401c3bdc@group-80FEA706BA56: change Leader from null to 89f3cafd-f6f4-41ae-bc62-6e12401c3bdc at term 1 for becomeLeader, leader elected after 5046ms
2022-07-27 13:49:15,934 [89f3cafd-f6f4-41ae-bc62-6e12401c3bdc@group-80FEA706BA56-LeaderElection9] INFO  server.RaftServerConfigKeys (ConfUtils.java:logGet(46)) - raft.server.staging.catchup.gap = 1000 (default)
2022-07-27 13:49:15,934 [89f3cafd-f6f4-41ae-bc62-6e12401c3bdc@group-80FEA706BA56-LeaderElection9] INFO  server.RaftServerConfigKeys (ConfUtils.java:logGet(46)) - raft.server.write.element-limit = 1024 (custom)
2022-07-27 13:49:15,934 [89f3cafd-f6f4-41ae-bc62-6e12401c3bdc@group-80FEA706BA56-LeaderElection9] INFO  server.RaftServerConfigKeys (ConfUtils.java:logGet(46)) - raft.server.write.byte-limit = 1024 M (=1073741824) (custom)
2022-07-27 13:49:15,935 [89f3cafd-f6f4-41ae-bc62-6e12401c3bdc@group-80FEA706BA56-LeaderElection9] INFO  server.RaftServerConfigKeys (ConfUtils.java:logGet(46)) - raft.server.watch.timeout = 180s (custom)
2022-07-27 13:49:15,935 [89f3cafd-f6f4-41ae-bc62-6e12401c3bdc@group-80FEA706BA56-LeaderElection9] INFO  server.RaftServerConfigKeys (ConfUtils.java:logGet(46)) - raft.server.watch.timeout.denomination = 1s (default)
2022-07-27 13:49:15,935 [89f3cafd-f6f4-41ae-bc62-6e12401c3bdc@group-80FEA706BA56-LeaderElection9] INFO  server.RaftServerConfigKeys (ConfUtils.java:logGet(46)) - raft.server.watch.element-limit = 65536 (default)
2022-07-27 13:49:15,935 [89f3cafd-f6f4-41ae-bc62-6e12401c3bdc@group-80FEA706BA56-LeaderElection9] INFO  server.RaftServerConfigKeys (ConfUtils.java:logGet(46)) - raft.server.write.element-limit = 1024 (custom)
2022-07-27 13:49:15,935 [89f3cafd-f6f4-41ae-bc62-6e12401c3bdc@group-80FEA706BA56-LeaderElection9] INFO  server.RaftServerConfigKeys (ConfUtils.java:logGet(46)) - raft.server.write.follower.gap.ratio.max = -1.0 (default)
2022-07-27 13:49:15,935 [89f3cafd-f6f4-41ae-bc62-6e12401c3bdc@group-80FEA706BA56-LeaderElection9] INFO  impl.RoleInfo (RoleInfo.java:updateAndGet(139)) - 89f3cafd-f6f4-41ae-bc62-6e12401c3bdc: start 89f3cafd-f6f4-41ae-bc62-6e12401c3bdc@group-80FEA706BA56-LeaderStateImpl
2022-07-27 13:49:15,935 [89f3cafd-f6f4-41ae-bc62-6e12401c3bdc@group-80FEA706BA56-LeaderElection9] INFO  segmented.SegmentedRaftLogWorker (SegmentedRaftLogWorker.java:startLogSegment(425)) - 89f3cafd-f6f4-41ae-bc62-6e12401c3bdc@group-80FEA706BA56-SegmentedRaftLogWorker: Starting segment from index:0
2022-07-27 13:49:15,942 [89f3cafd-f6f4-41ae-bc62-6e12401c3bdc@group-80FEA706BA56-SegmentedRaftLogWorker] INFO  segmented.SegmentedRaftLogWorker (SegmentedRaftLogWorker.java:execute(629)) - 89f3cafd-f6f4-41ae-bc62-6e12401c3bdc@group-80FEA706BA56-SegmentedRaftLogWorker: created new log segment /home/runner/work/ozone/ozone/hadoop-ozone/integration-test/target/test-dir/MiniOzoneClusterImpl-cbeacfe2-84b1-4648-87cc-d28f9e4744b3/datanode-4/data/ratis/1da72f4d-31a7-4aa7-932d-80fea706ba56/current/log_inprogress_0
2022-07-27 13:49:15,947 [89f3cafd-f6f4-41ae-bc62-6e12401c3bdc@group-80FEA706BA56-LeaderElection9] INFO  server.RaftServer$Division (ServerState.java:setRaftConf(393)) - 89f3cafd-f6f4-41ae-bc62-6e12401c3bdc@group-80FEA706BA56: set configuration 0: [89f3cafd-f6f4-41ae-bc62-6e12401c3bdc|rpc:10.1.0.21:34539|dataStream:|priority:1], old=null
]]></system-out>
  </testcase>
  <testcase name="testRenameFile" classname="TestRootedOzoneFileSystem" time="0.342">
    <system-out><![CDATA[2022-07-27 13:49:33,148 [Listener at 127.0.0.1/44975] INFO  ozone.MiniOzoneClusterImpl (MiniOzoneClusterImpl.java:shutdown(448)) - Shutting down the Mini Ozone Cluster
2022-07-27 13:49:33,148 [Listener at 127.0.0.1/44975] INFO  ozone.MiniOzoneClusterImpl (MiniOzoneClusterImpl.java:stop(463)) - Stopping the Mini Ozone Cluster
2022-07-27 13:49:33,148 [Listener at 127.0.0.1/44975] INFO  ozone.MiniOzoneClusterImpl (MiniOzoneClusterImpl.java:stopOM(545)) - Stopping the OzoneManager
2022-07-27 13:49:33,148 [Listener at 127.0.0.1/44975] INFO  om.OzoneManager (OzoneManager.java:stop(2021)) - om1[localhost:0]: Stopping Ozone Manager
2022-07-27 13:49:33,149 [Listener at 127.0.0.1/44975] INFO  ipc.Server (Server.java:stop(3414)) - Stopping server on 44975
2022-07-27 13:49:33,153 [IPC Server Responder] INFO  ipc.Server (Server.java:run(1512)) - Stopping IPC Server Responder
2022-07-27 13:49:33,154 [IPC Server listener on 0] INFO  ipc.Server (Server.java:run(1376)) - Stopping IPC Server listener on 0
2022-07-27 13:49:33,154 [Listener at 127.0.0.1/44975] INFO  server.RaftServer (RaftServerProxy.java:lambda$close$7(398)) - om1: close
2022-07-27 13:49:33,159 [Listener at 127.0.0.1/44975] INFO  server.RaftServer$Division (RaftServerImpl.java:lambda$close$4(434)) - om1@group-C5BA1605619E: shutdown
2022-07-27 13:49:33,159 [Listener at 127.0.0.1/44975] INFO  util.JmxRegister (JmxRegister.java:unregister(73)) - Successfully un-registered JMX Bean with object name Ratis:service=RaftServer,group=group-C5BA1605619E,id=om1
2022-07-27 13:49:33,159 [Listener at 127.0.0.1/44975] INFO  impl.RoleInfo (RoleInfo.java:shutdownLeaderState(93)) - om1: shutdown om1@group-C5BA1605619E-LeaderStateImpl
2022-07-27 13:49:33,160 [Listener at 127.0.0.1/44975] INFO  impl.PendingRequests (PendingRequests.java:sendNotLeaderResponses(282)) - om1@group-C5BA1605619E-PendingRequests: sendNotLeaderResponses
2022-07-27 13:49:33,163 [Listener at 127.0.0.1/44975] INFO  impl.StateMachineUpdater (StateMachineUpdater.java:stopAndJoin(153)) - om1@group-C5BA1605619E-StateMachineUpdater: set stopIndex = 6846
2022-07-27 13:49:33,163 [om1@group-C5BA1605619E-StateMachineUpdater] INFO  ratis.OzoneManagerStateMachine (OzoneManagerStateMachine.java:takeSnapshot(441)) - Current Snapshot Index (t:1, i:6846)
2022-07-27 13:49:33,165 [om1@group-C5BA1605619E-StateMachineUpdater] INFO  impl.StateMachineUpdater (StateMachineUpdater.java:takeSnapshot(287)) - om1@group-C5BA1605619E-StateMachineUpdater: Took a snapshot at index 6846
2022-07-27 13:49:33,165 [om1@group-C5BA1605619E-StateMachineUpdater] INFO  impl.StateMachineUpdater (StateMachineUpdater.java:lambda$new$0(92)) - om1@group-C5BA1605619E-StateMachineUpdater: snapshotIndex: updateIncreasingly -1 -> 6846
2022-07-27 13:49:33,165 [om1@group-C5BA1605619E-StateMachineUpdater] INFO  ratis.OzoneManagerStateMachine (OzoneManagerStateMachine.java:close(495)) - StateMachine has shutdown. Shutdown OzoneManager if not already shutdown.
2022-07-27 13:49:33,165 [om1@group-C5BA1605619E-StateMachineUpdater] INFO  ratis.OzoneManagerDoubleBuffer (OzoneManagerDoubleBuffer.java:stop(466)) - Stopping OMDoubleBuffer flush thread
2022-07-27 13:49:33,165 [OMDoubleBufferFlushThread] INFO  ratis.OzoneManagerDoubleBuffer (OzoneManagerDoubleBuffer.java:flushTransactions(385)) - OMDoubleBuffer flush thread OMDoubleBufferFlushThread is interrupted and will exit.
2022-07-27 13:49:33,167 [Listener at 127.0.0.1/44975] INFO  server.RaftServer$Division (ServerState.java:close(429)) - om1@group-C5BA1605619E: closes. applyIndex: 6846
2022-07-27 13:49:33,169 [om1@group-C5BA1605619E-SegmentedRaftLogWorker] INFO  segmented.SegmentedRaftLogWorker (SegmentedRaftLogWorker.java:run(336)) - om1@group-C5BA1605619E-SegmentedRaftLogWorker was interrupted, exiting. There are 0 tasks remaining in the queue.
2022-07-27 13:49:33,171 [Listener at 127.0.0.1/44975] INFO  segmented.SegmentedRaftLogWorker (SegmentedRaftLogWorker.java:close(246)) - om1@group-C5BA1605619E-SegmentedRaftLogWorker close()
2022-07-27 13:49:33,172 [Listener at 127.0.0.1/44975] INFO  server.GrpcService (GrpcService.java:closeImpl(269)) - om1: shutdown server with port 9872 now
2022-07-27 13:49:33,180 [Listener at 127.0.0.1/44975] INFO  server.GrpcService (GrpcService.java:closeImpl(278)) - om1: shutdown server with port 9872 successfully
2022-07-27 13:49:33,180 [org.apache.ratis.util.JvmPauseMonitor$$Lambda$615/1136232276@7d8b1735] INFO  util.JvmPauseMonitor (JvmPauseMonitor.java:run(109)) - JvmPauseMonitor-om1: Stopped
2022-07-27 13:49:33,181 [Listener at 127.0.0.1/44975] INFO  ratis.OzoneManagerStateMachine (OzoneManagerStateMachine.java:close(495)) - StateMachine has shutdown. Shutdown OzoneManager if not already shutdown.
2022-07-27 13:49:33,181 [Listener at 127.0.0.1/44975] INFO  ratis.OzoneManagerDoubleBuffer (OzoneManagerDoubleBuffer.java:stop(478)) - OMDoubleBuffer flush thread is not running.
2022-07-27 13:49:33,181 [Listener at 127.0.0.1/44975] INFO  utils.BackgroundService (BackgroundService.java:shutdown(141)) - Shutting down service KeyDeletingService
2022-07-27 13:49:33,181 [Listener at 127.0.0.1/44975] INFO  utils.BackgroundService (BackgroundService.java:shutdown(141)) - Shutting down service DirectoryDeletingService
2022-07-27 13:49:33,182 [Listener at 127.0.0.1/44975] INFO  utils.BackgroundService (BackgroundService.java:shutdown(141)) - Shutting down service OpenKeyCleanupService
2022-07-27 13:49:33,184 [Listener at 127.0.0.1/44975] INFO  handler.ContextHandler (ContextHandler.java:doStop(1153)) - Stopped o.e.j.w.WebAppContext@6c6664c4{ozoneManager,/,null,STOPPED}{file:/home/runner/work/ozone/ozone/hadoop-ozone/integration-test/target/test-classes/webapps/ozoneManager}
2022-07-27 13:49:33,189 [Listener at 127.0.0.1/44975] INFO  server.AbstractConnector (AbstractConnector.java:doStop(381)) - Stopped ServerConnector@5286aa41{HTTP/1.1, (http/1.1)}{0.0.0.0:0}
2022-07-27 13:49:33,189 [Listener at 127.0.0.1/44975] INFO  server.session (HouseKeeper.java:stopScavenging(149)) - node0 Stopped scavenging
2022-07-27 13:49:33,190 [Listener at 127.0.0.1/44975] INFO  handler.ContextHandler (ContextHandler.java:doStop(1153)) - Stopped o.e.j.s.ServletContextHandler@5c18c936{static,/static,file:///home/runner/work/ozone/ozone/hadoop-ozone/integration-test/target/test-classes/webapps/static,STOPPED}
2022-07-27 13:49:33,190 [Listener at 127.0.0.1/44975] INFO  handler.ContextHandler (ContextHandler.java:doStop(1153)) - Stopped o.e.j.s.ServletContextHandler@3fe4d9d4{logs,/logs,file:///home/runner/work/ozone/ozone/hadoop-ozone/integration-test/target/log,STOPPED}
2022-07-27 13:49:33,193 [Trash Emptier] ERROR om.TrashPolicyOzone (TrashPolicyOzone.java:run(251)) - Error attempting to shutdown
java.lang.InterruptedException
	at java.util.concurrent.locks.AbstractQueuedSynchronizer$ConditionObject.awaitNanos(AbstractQueuedSynchronizer.java:2067)
	at java.util.concurrent.ThreadPoolExecutor.awaitTermination(ThreadPoolExecutor.java:1475)
	at org.apache.hadoop.ozone.om.TrashPolicyOzone$Emptier.run(TrashPolicyOzone.java:249)
	at java.lang.Thread.run(Thread.java:750)
2022-07-27 13:49:33,193 [Trash Emptier] ERROR util.ExitUtils (ExitUtils.java:terminate(133)) - Terminating with exit status -1: Thread[Trash Emptier,5,main] has thrown an uncaught exception
java.lang.UnsupportedOperationException: fs.getUri() not implemented in TrashOzoneFileSystem
	at org.apache.hadoop.ozone.om.TrashOzoneFileSystem.getUri(TrashOzoneFileSystem.java:126)
	at org.apache.hadoop.fs.FileSystem.close(FileSystem.java:2592)
	at org.apache.hadoop.ozone.om.TrashPolicyOzone$Emptier.run(TrashPolicyOzone.java:243)
	at java.lang.Thread.run(Thread.java:750)
2022-07-27 13:49:33,197 [Listener at 127.0.0.1/44975] INFO  ozone.MiniOzoneClusterImpl (MiniOzoneClusterImpl.java:stopDatanodes(522)) - Stopping the HddsDatanodes
2022-07-27 13:49:38,243 [Listener at 127.0.0.1/44975] INFO  ozoneimpl.OzoneContainer (OzoneContainer.java:stop(399)) - Attempting to stop container services.
2022-07-27 13:49:38,246 [ForkJoinPool.commonPool-worker-0] INFO  ozoneimpl.OzoneContainer (OzoneContainer.java:stop(399)) - Attempting to stop container services.
2022-07-27 13:49:38,249 [Listener at 127.0.0.1/44975] INFO  server.RaftServer (RaftServerProxy.java:lambda$close$7(398)) - 9135c07c-9562-4fec-aca6-20239d7a9d6d: close
2022-07-27 13:49:38,249 [ForkJoinPool.commonPool-worker-0] INFO  server.RaftServer (RaftServerProxy.java:lambda$close$7(398)) - efe9fd25-7228-4310-8e5d-4bcbbad78a8a: close
2022-07-27 13:49:38,249 [ForkJoinPool.commonPool-worker-0] INFO  server.RaftServer$Division (RaftServerImpl.java:lambda$close$4(434)) - efe9fd25-7228-4310-8e5d-4bcbbad78a8a@group-AB9871409AE8: shutdown
2022-07-27 13:49:38,249 [ForkJoinPool.commonPool-worker-0] INFO  util.JmxRegister (JmxRegister.java:unregister(73)) - Successfully un-registered JMX Bean with object name Ratis:service=RaftServer,group=group-AB9871409AE8,id=efe9fd25-7228-4310-8e5d-4bcbbad78a8a
2022-07-27 13:49:38,250 [ForkJoinPool.commonPool-worker-0] INFO  impl.RoleInfo (RoleInfo.java:shutdownLeaderState(93)) - efe9fd25-7228-4310-8e5d-4bcbbad78a8a: shutdown efe9fd25-7228-4310-8e5d-4bcbbad78a8a@group-AB9871409AE8-LeaderStateImpl
2022-07-27 13:49:38,249 [Listener at 127.0.0.1/44975] INFO  server.RaftServer$Division (RaftServerImpl.java:lambda$close$4(434)) - 9135c07c-9562-4fec-aca6-20239d7a9d6d@group-4D17F1F44F46: shutdown
2022-07-27 13:49:38,253 [Listener at 127.0.0.1/44975] INFO  util.JmxRegister (JmxRegister.java:unregister(73)) - Successfully un-registered JMX Bean with object name Ratis:service=RaftServer,group=group-4D17F1F44F46,id=9135c07c-9562-4fec-aca6-20239d7a9d6d
2022-07-27 13:49:38,253 [Listener at 127.0.0.1/44975] INFO  impl.RoleInfo (RoleInfo.java:shutdownFollowerState(110)) - 9135c07c-9562-4fec-aca6-20239d7a9d6d: shutdown 9135c07c-9562-4fec-aca6-20239d7a9d6d@group-4D17F1F44F46-FollowerState
2022-07-27 13:49:38,253 [Listener at 127.0.0.1/44975] INFO  impl.StateMachineUpdater (StateMachineUpdater.java:stopAndJoin(153)) - 9135c07c-9562-4fec-aca6-20239d7a9d6d@group-4D17F1F44F46-StateMachineUpdater: set stopIndex = 32
2022-07-27 13:49:38,254 [9135c07c-9562-4fec-aca6-20239d7a9d6d@group-4D17F1F44F46-StateMachineUpdater] INFO  ratis.ContainerStateMachine (ContainerStateMachine.java:takeSnapshot(304)) - group-4D17F1F44F46: Taking a snapshot at:(t:1, i:32) file /home/runner/work/ozone/ozone/hadoop-ozone/integration-test/target/test-dir/MiniOzoneClusterImpl-cbeacfe2-84b1-4648-87cc-d28f9e4744b3/datanode-2/data/ratis/51927b3c-84a4-444b-8ba1-4d17f1f44f46/sm/snapshot.1_32
2022-07-27 13:49:38,250 [ForkJoinPool.commonPool-worker-0] INFO  impl.PendingRequests (PendingRequests.java:sendNotLeaderResponses(282)) - efe9fd25-7228-4310-8e5d-4bcbbad78a8a@group-AB9871409AE8-PendingRequests: sendNotLeaderResponses
2022-07-27 13:49:38,254 [ForkJoinPool.commonPool-worker-0] INFO  impl.StateMachineUpdater (StateMachineUpdater.java:stopAndJoin(153)) - efe9fd25-7228-4310-8e5d-4bcbbad78a8a@group-AB9871409AE8-StateMachineUpdater: set stopIndex = 0
2022-07-27 13:49:38,255 [9135c07c-9562-4fec-aca6-20239d7a9d6d@group-4D17F1F44F46-FollowerState] INFO  impl.FollowerState (FollowerState.java:run(152)) - 9135c07c-9562-4fec-aca6-20239d7a9d6d@group-4D17F1F44F46-FollowerState was interrupted
2022-07-27 13:49:38,255 [efe9fd25-7228-4310-8e5d-4bcbbad78a8a@group-AB9871409AE8-StateMachineUpdater] INFO  ratis.ContainerStateMachine (ContainerStateMachine.java:takeSnapshot(304)) - group-AB9871409AE8: Taking a snapshot at:(t:1, i:0) file /home/runner/work/ozone/ozone/hadoop-ozone/integration-test/target/test-dir/MiniOzoneClusterImpl-cbeacfe2-84b1-4648-87cc-d28f9e4744b3/datanode-1/data/ratis/c1a27d42-e517-4ab2-91d7-ab9871409ae8/sm/snapshot.1_0
2022-07-27 13:49:38,291 [efe9fd25-7228-4310-8e5d-4bcbbad78a8a@group-AB9871409AE8-StateMachineUpdater] INFO  ratis.ContainerStateMachine (ContainerStateMachine.java:takeSnapshot(315)) - group-AB9871409AE8: Finished taking a snapshot at:(t:1, i:0) file:/home/runner/work/ozone/ozone/hadoop-ozone/integration-test/target/test-dir/MiniOzoneClusterImpl-cbeacfe2-84b1-4648-87cc-d28f9e4744b3/datanode-1/data/ratis/c1a27d42-e517-4ab2-91d7-ab9871409ae8/sm/snapshot.1_0 took: 36 ms
2022-07-27 13:49:38,293 [efe9fd25-7228-4310-8e5d-4bcbbad78a8a@group-AB9871409AE8-StateMachineUpdater] INFO  impl.StateMachineUpdater (StateMachineUpdater.java:takeSnapshot(287)) - efe9fd25-7228-4310-8e5d-4bcbbad78a8a@group-AB9871409AE8-StateMachineUpdater: Took a snapshot at index 0
2022-07-27 13:49:38,293 [efe9fd25-7228-4310-8e5d-4bcbbad78a8a@group-AB9871409AE8-StateMachineUpdater] INFO  impl.StateMachineUpdater (StateMachineUpdater.java:lambda$new$0(92)) - efe9fd25-7228-4310-8e5d-4bcbbad78a8a@group-AB9871409AE8-StateMachineUpdater: snapshotIndex: updateIncreasingly -1 -> 0
2022-07-27 13:49:38,293 [9135c07c-9562-4fec-aca6-20239d7a9d6d@group-4D17F1F44F46-StateMachineUpdater] INFO  ratis.ContainerStateMachine (ContainerStateMachine.java:takeSnapshot(315)) - group-4D17F1F44F46: Finished taking a snapshot at:(t:1, i:32) file:/home/runner/work/ozone/ozone/hadoop-ozone/integration-test/target/test-dir/MiniOzoneClusterImpl-cbeacfe2-84b1-4648-87cc-d28f9e4744b3/datanode-2/data/ratis/51927b3c-84a4-444b-8ba1-4d17f1f44f46/sm/snapshot.1_32 took: 40 ms
2022-07-27 13:49:38,293 [9135c07c-9562-4fec-aca6-20239d7a9d6d@group-4D17F1F44F46-StateMachineUpdater] INFO  impl.StateMachineUpdater (StateMachineUpdater.java:takeSnapshot(287)) - 9135c07c-9562-4fec-aca6-20239d7a9d6d@group-4D17F1F44F46-StateMachineUpdater: Took a snapshot at index 32
2022-07-27 13:49:38,293 [9135c07c-9562-4fec-aca6-20239d7a9d6d@group-4D17F1F44F46-StateMachineUpdater] INFO  impl.StateMachineUpdater (StateMachineUpdater.java:lambda$new$0(92)) - 9135c07c-9562-4fec-aca6-20239d7a9d6d@group-4D17F1F44F46-StateMachineUpdater: snapshotIndex: updateIncreasingly -1 -> 32
2022-07-27 13:49:38,298 [Listener at 127.0.0.1/44975] INFO  server.RaftServer$Division (ServerState.java:close(429)) - 9135c07c-9562-4fec-aca6-20239d7a9d6d@group-4D17F1F44F46: closes. applyIndex: 32
2022-07-27 13:49:38,298 [9135c07c-9562-4fec-aca6-20239d7a9d6d@group-4D17F1F44F46-SegmentedRaftLogWorker] INFO  segmented.SegmentedRaftLogWorker (SegmentedRaftLogWorker.java:run(336)) - 9135c07c-9562-4fec-aca6-20239d7a9d6d@group-4D17F1F44F46-SegmentedRaftLogWorker was interrupted, exiting. There are 0 tasks remaining in the queue.
2022-07-27 13:49:38,299 [Listener at 127.0.0.1/44975] INFO  segmented.SegmentedRaftLogWorker (SegmentedRaftLogWorker.java:close(246)) - 9135c07c-9562-4fec-aca6-20239d7a9d6d@group-4D17F1F44F46-SegmentedRaftLogWorker close()
2022-07-27 13:49:38,300 [ForkJoinPool.commonPool-worker-0] INFO  server.RaftServer$Division (ServerState.java:close(429)) - efe9fd25-7228-4310-8e5d-4bcbbad78a8a@group-AB9871409AE8: closes. applyIndex: 0
2022-07-27 13:49:38,300 [efe9fd25-7228-4310-8e5d-4bcbbad78a8a@group-AB9871409AE8-SegmentedRaftLogWorker] INFO  segmented.SegmentedRaftLogWorker (SegmentedRaftLogWorker.java:run(336)) - efe9fd25-7228-4310-8e5d-4bcbbad78a8a@group-AB9871409AE8-SegmentedRaftLogWorker was interrupted, exiting. There are 0 tasks remaining in the queue.
2022-07-27 13:49:38,300 [ForkJoinPool.commonPool-worker-0] INFO  segmented.SegmentedRaftLogWorker (SegmentedRaftLogWorker.java:close(246)) - efe9fd25-7228-4310-8e5d-4bcbbad78a8a@group-AB9871409AE8-SegmentedRaftLogWorker close()
2022-07-27 13:49:38,301 [Listener at 127.0.0.1/44975] INFO  server.RaftServer$Division (RaftServerImpl.java:lambda$close$4(434)) - 9135c07c-9562-4fec-aca6-20239d7a9d6d@group-EC36FC0C3E24: shutdown
2022-07-27 13:49:38,301 [Listener at 127.0.0.1/44975] INFO  util.JmxRegister (JmxRegister.java:unregister(73)) - Successfully un-registered JMX Bean with object name Ratis:service=RaftServer,group=group-EC36FC0C3E24,id=9135c07c-9562-4fec-aca6-20239d7a9d6d
2022-07-27 13:49:38,301 [Listener at 127.0.0.1/44975] INFO  impl.RoleInfo (RoleInfo.java:shutdownLeaderState(93)) - 9135c07c-9562-4fec-aca6-20239d7a9d6d: shutdown 9135c07c-9562-4fec-aca6-20239d7a9d6d@group-EC36FC0C3E24-LeaderStateImpl
2022-07-27 13:49:38,301 [Listener at 127.0.0.1/44975] INFO  impl.PendingRequests (PendingRequests.java:sendNotLeaderResponses(282)) - 9135c07c-9562-4fec-aca6-20239d7a9d6d@group-EC36FC0C3E24-PendingRequests: sendNotLeaderResponses
2022-07-27 13:49:38,301 [9135c07c-9562-4fec-aca6-20239d7a9d6d@group-EC36FC0C3E24->df335623-852d-4a6f-8cff-fa9ba72c6e1b-GrpcLogAppender-LogAppenderDaemon] WARN  server.GrpcLogAppender (GrpcLogAppender.java:mayWait(171)) - 9135c07c-9562-4fec-aca6-20239d7a9d6d@group-EC36FC0C3E24->df335623-852d-4a6f-8cff-fa9ba72c6e1b-GrpcLogAppender: Wait interrupted by java.lang.InterruptedException
2022-07-27 13:49:38,302 [Listener at 127.0.0.1/44975] INFO  impl.StateMachineUpdater (StateMachineUpdater.java:stopAndJoin(153)) - 9135c07c-9562-4fec-aca6-20239d7a9d6d@group-EC36FC0C3E24-StateMachineUpdater: set stopIndex = 0
2022-07-27 13:49:38,302 [9135c07c-9562-4fec-aca6-20239d7a9d6d@group-EC36FC0C3E24-StateMachineUpdater] INFO  ratis.ContainerStateMachine (ContainerStateMachine.java:takeSnapshot(304)) - group-EC36FC0C3E24: Taking a snapshot at:(t:2, i:0) file /home/runner/work/ozone/ozone/hadoop-ozone/integration-test/target/test-dir/MiniOzoneClusterImpl-cbeacfe2-84b1-4648-87cc-d28f9e4744b3/datanode-2/data/ratis/d20d3ed0-ea39-4881-8953-ec36fc0c3e24/sm/snapshot.2_0
2022-07-27 13:49:38,303 [grpc-default-executor-2] INFO  server.GrpcServerProtocolService (GrpcServerProtocolService.java:onCompleted(140)) - df335623-852d-4a6f-8cff-fa9ba72c6e1b: Completed APPEND_ENTRIES, lastRequest: 9135c07c-9562-4fec-aca6-20239d7a9d6d->df335623-852d-4a6f-8cff-fa9ba72c6e1b#1-t2,previous=(t:0, i:0),leaderCommit=-1,initializing? true,entries: size=1, first=(t:2, i:0), CONFIGURATIONENTRY
2022-07-27 13:49:38,303 [9135c07c-9562-4fec-aca6-20239d7a9d6d@group-EC36FC0C3E24-StateMachineUpdater] INFO  ratis.ContainerStateMachine (ContainerStateMachine.java:takeSnapshot(315)) - group-EC36FC0C3E24: Finished taking a snapshot at:(t:2, i:0) file:/home/runner/work/ozone/ozone/hadoop-ozone/integration-test/target/test-dir/MiniOzoneClusterImpl-cbeacfe2-84b1-4648-87cc-d28f9e4744b3/datanode-2/data/ratis/d20d3ed0-ea39-4881-8953-ec36fc0c3e24/sm/snapshot.2_0 took: 1 ms
2022-07-27 13:49:38,304 [9135c07c-9562-4fec-aca6-20239d7a9d6d@group-EC36FC0C3E24-StateMachineUpdater] INFO  impl.StateMachineUpdater (StateMachineUpdater.java:takeSnapshot(287)) - 9135c07c-9562-4fec-aca6-20239d7a9d6d@group-EC36FC0C3E24-StateMachineUpdater: Took a snapshot at index 0
2022-07-27 13:49:38,304 [9135c07c-9562-4fec-aca6-20239d7a9d6d@group-EC36FC0C3E24-StateMachineUpdater] INFO  impl.StateMachineUpdater (StateMachineUpdater.java:lambda$new$0(92)) - 9135c07c-9562-4fec-aca6-20239d7a9d6d@group-EC36FC0C3E24-StateMachineUpdater: snapshotIndex: updateIncreasingly -1 -> 0
2022-07-27 13:49:38,305 [ForkJoinPool.commonPool-worker-0] INFO  server.RaftServer$Division (RaftServerImpl.java:lambda$close$4(434)) - efe9fd25-7228-4310-8e5d-4bcbbad78a8a@group-4D17F1F44F46: shutdown
2022-07-27 13:49:38,305 [ForkJoinPool.commonPool-worker-0] INFO  util.JmxRegister (JmxRegister.java:unregister(73)) - Successfully un-registered JMX Bean with object name Ratis:service=RaftServer,group=group-4D17F1F44F46,id=efe9fd25-7228-4310-8e5d-4bcbbad78a8a
2022-07-27 13:49:38,305 [ForkJoinPool.commonPool-worker-0] INFO  impl.RoleInfo (RoleInfo.java:shutdownFollowerState(110)) - efe9fd25-7228-4310-8e5d-4bcbbad78a8a: shutdown efe9fd25-7228-4310-8e5d-4bcbbad78a8a@group-4D17F1F44F46-FollowerState
2022-07-27 13:49:38,305 [ForkJoinPool.commonPool-worker-0] INFO  impl.StateMachineUpdater (StateMachineUpdater.java:stopAndJoin(153)) - efe9fd25-7228-4310-8e5d-4bcbbad78a8a@group-4D17F1F44F46-StateMachineUpdater: set stopIndex = 32
2022-07-27 13:49:38,305 [efe9fd25-7228-4310-8e5d-4bcbbad78a8a@group-4D17F1F44F46-FollowerState] INFO  impl.FollowerState (FollowerState.java:run(152)) - efe9fd25-7228-4310-8e5d-4bcbbad78a8a@group-4D17F1F44F46-FollowerState was interrupted
2022-07-27 13:49:38,301 [9135c07c-9562-4fec-aca6-20239d7a9d6d@group-EC36FC0C3E24->efe9fd25-7228-4310-8e5d-4bcbbad78a8a-GrpcLogAppender-LogAppenderDaemon] WARN  server.GrpcLogAppender (GrpcLogAppender.java:mayWait(171)) - 9135c07c-9562-4fec-aca6-20239d7a9d6d@group-EC36FC0C3E24->efe9fd25-7228-4310-8e5d-4bcbbad78a8a-GrpcLogAppender: Wait interrupted by java.lang.InterruptedException
2022-07-27 13:49:38,306 [efe9fd25-7228-4310-8e5d-4bcbbad78a8a@group-4D17F1F44F46-StateMachineUpdater] INFO  ratis.ContainerStateMachine (ContainerStateMachine.java:takeSnapshot(304)) - group-4D17F1F44F46: Taking a snapshot at:(t:1, i:32) file /home/runner/work/ozone/ozone/hadoop-ozone/integration-test/target/test-dir/MiniOzoneClusterImpl-cbeacfe2-84b1-4648-87cc-d28f9e4744b3/datanode-1/data/ratis/51927b3c-84a4-444b-8ba1-4d17f1f44f46/sm/snapshot.1_32
2022-07-27 13:49:38,306 [grpc-default-executor-2] INFO  server.GrpcServerProtocolService (GrpcServerProtocolService.java:onCompleted(140)) - efe9fd25-7228-4310-8e5d-4bcbbad78a8a: Completed APPEND_ENTRIES, lastRequest: 9135c07c-9562-4fec-aca6-20239d7a9d6d->efe9fd25-7228-4310-8e5d-4bcbbad78a8a#1-t2,previous=(t:0, i:0),leaderCommit=-1,initializing? true,entries: size=1, first=(t:2, i:0), CONFIGURATIONENTRY
2022-07-27 13:49:38,304 [grpc-default-executor-1] INFO  server.GrpcLogAppender (GrpcLogAppender.java:onCompleted(339)) - 9135c07c-9562-4fec-aca6-20239d7a9d6d@group-EC36FC0C3E24->df335623-852d-4a6f-8cff-fa9ba72c6e1b-AppendLogResponseHandler: follower responses appendEntries COMPLETED
2022-07-27 13:49:38,307 [Listener at 127.0.0.1/44975] INFO  server.RaftServer$Division (ServerState.java:close(429)) - 9135c07c-9562-4fec-aca6-20239d7a9d6d@group-EC36FC0C3E24: closes. applyIndex: 0
2022-07-27 13:49:38,307 [9135c07c-9562-4fec-aca6-20239d7a9d6d@group-EC36FC0C3E24-SegmentedRaftLogWorker] INFO  segmented.SegmentedRaftLogWorker (SegmentedRaftLogWorker.java:run(336)) - 9135c07c-9562-4fec-aca6-20239d7a9d6d@group-EC36FC0C3E24-SegmentedRaftLogWorker was interrupted, exiting. There are 0 tasks remaining in the queue.
2022-07-27 13:49:38,308 [efe9fd25-7228-4310-8e5d-4bcbbad78a8a@group-4D17F1F44F46-StateMachineUpdater] INFO  ratis.ContainerStateMachine (ContainerStateMachine.java:takeSnapshot(315)) - group-4D17F1F44F46: Finished taking a snapshot at:(t:1, i:32) file:/home/runner/work/ozone/ozone/hadoop-ozone/integration-test/target/test-dir/MiniOzoneClusterImpl-cbeacfe2-84b1-4648-87cc-d28f9e4744b3/datanode-1/data/ratis/51927b3c-84a4-444b-8ba1-4d17f1f44f46/sm/snapshot.1_32 took: 1 ms
2022-07-27 13:49:38,308 [Listener at 127.0.0.1/44975] INFO  segmented.SegmentedRaftLogWorker (SegmentedRaftLogWorker.java:close(246)) - 9135c07c-9562-4fec-aca6-20239d7a9d6d@group-EC36FC0C3E24-SegmentedRaftLogWorker close()
2022-07-27 13:49:38,308 [efe9fd25-7228-4310-8e5d-4bcbbad78a8a@group-4D17F1F44F46-StateMachineUpdater] INFO  impl.StateMachineUpdater (StateMachineUpdater.java:takeSnapshot(287)) - efe9fd25-7228-4310-8e5d-4bcbbad78a8a@group-4D17F1F44F46-StateMachineUpdater: Took a snapshot at index 32
2022-07-27 13:49:38,312 [efe9fd25-7228-4310-8e5d-4bcbbad78a8a@group-4D17F1F44F46-StateMachineUpdater] INFO  impl.StateMachineUpdater (StateMachineUpdater.java:lambda$new$0(92)) - efe9fd25-7228-4310-8e5d-4bcbbad78a8a@group-4D17F1F44F46-StateMachineUpdater: snapshotIndex: updateIncreasingly -1 -> 32
2022-07-27 13:49:38,313 [ForkJoinPool.commonPool-worker-0] INFO  server.RaftServer$Division (ServerState.java:close(429)) - efe9fd25-7228-4310-8e5d-4bcbbad78a8a@group-4D17F1F44F46: closes. applyIndex: 32
2022-07-27 13:49:38,313 [efe9fd25-7228-4310-8e5d-4bcbbad78a8a@group-4D17F1F44F46-SegmentedRaftLogWorker] INFO  segmented.SegmentedRaftLogWorker (SegmentedRaftLogWorker.java:run(336)) - efe9fd25-7228-4310-8e5d-4bcbbad78a8a@group-4D17F1F44F46-SegmentedRaftLogWorker was interrupted, exiting. There are 0 tasks remaining in the queue.
2022-07-27 13:49:38,313 [grpc-default-executor-1] INFO  leader.FollowerInfo (FollowerInfoImpl.java:lambda$new$0(48)) - 9135c07c-9562-4fec-aca6-20239d7a9d6d@group-EC36FC0C3E24->df335623-852d-4a6f-8cff-fa9ba72c6e1b: nextIndex: updateUnconditionally 1 -> 0
2022-07-27 13:49:38,312 [grpc-default-executor-3] INFO  server.GrpcLogAppender (GrpcLogAppender.java:onCompleted(339)) - 9135c07c-9562-4fec-aca6-20239d7a9d6d@group-EC36FC0C3E24->efe9fd25-7228-4310-8e5d-4bcbbad78a8a-AppendLogResponseHandler: follower responses appendEntries COMPLETED
2022-07-27 13:49:38,309 [Listener at 127.0.0.1/44975] INFO  server.RaftServer$Division (RaftServerImpl.java:lambda$close$4(434)) - 9135c07c-9562-4fec-aca6-20239d7a9d6d@group-01F245C95A2E: shutdown
2022-07-27 13:49:38,314 [Listener at 127.0.0.1/44975] INFO  util.JmxRegister (JmxRegister.java:unregister(73)) - Successfully un-registered JMX Bean with object name Ratis:service=RaftServer,group=group-01F245C95A2E,id=9135c07c-9562-4fec-aca6-20239d7a9d6d
2022-07-27 13:49:38,315 [Listener at 127.0.0.1/44975] INFO  impl.RoleInfo (RoleInfo.java:shutdownLeaderState(93)) - 9135c07c-9562-4fec-aca6-20239d7a9d6d: shutdown 9135c07c-9562-4fec-aca6-20239d7a9d6d@group-01F245C95A2E-LeaderStateImpl
2022-07-27 13:49:38,315 [Listener at 127.0.0.1/44975] INFO  impl.PendingRequests (PendingRequests.java:sendNotLeaderResponses(282)) - 9135c07c-9562-4fec-aca6-20239d7a9d6d@group-01F245C95A2E-PendingRequests: sendNotLeaderResponses
2022-07-27 13:49:38,315 [Listener at 127.0.0.1/44975] INFO  impl.StateMachineUpdater (StateMachineUpdater.java:stopAndJoin(153)) - 9135c07c-9562-4fec-aca6-20239d7a9d6d@group-01F245C95A2E-StateMachineUpdater: set stopIndex = 0
2022-07-27 13:49:38,315 [9135c07c-9562-4fec-aca6-20239d7a9d6d@group-01F245C95A2E-StateMachineUpdater] INFO  ratis.ContainerStateMachine (ContainerStateMachine.java:takeSnapshot(304)) - group-01F245C95A2E: Taking a snapshot at:(t:1, i:0) file /home/runner/work/ozone/ozone/hadoop-ozone/integration-test/target/test-dir/MiniOzoneClusterImpl-cbeacfe2-84b1-4648-87cc-d28f9e4744b3/datanode-2/data/ratis/bdff44e7-6034-4792-b192-01f245c95a2e/sm/snapshot.1_0
2022-07-27 13:49:38,316 [ForkJoinPool.commonPool-worker-0] INFO  segmented.SegmentedRaftLogWorker (SegmentedRaftLogWorker.java:close(246)) - efe9fd25-7228-4310-8e5d-4bcbbad78a8a@group-4D17F1F44F46-SegmentedRaftLogWorker close()
2022-07-27 13:49:38,314 [grpc-default-executor-3] INFO  leader.FollowerInfo (FollowerInfoImpl.java:lambda$new$0(48)) - 9135c07c-9562-4fec-aca6-20239d7a9d6d@group-EC36FC0C3E24->efe9fd25-7228-4310-8e5d-4bcbbad78a8a: nextIndex: updateUnconditionally 1 -> 0
2022-07-27 13:49:38,317 [9135c07c-9562-4fec-aca6-20239d7a9d6d@group-01F245C95A2E-StateMachineUpdater] INFO  ratis.ContainerStateMachine (ContainerStateMachine.java:takeSnapshot(315)) - group-01F245C95A2E: Finished taking a snapshot at:(t:1, i:0) file:/home/runner/work/ozone/ozone/hadoop-ozone/integration-test/target/test-dir/MiniOzoneClusterImpl-cbeacfe2-84b1-4648-87cc-d28f9e4744b3/datanode-2/data/ratis/bdff44e7-6034-4792-b192-01f245c95a2e/sm/snapshot.1_0 took: 1 ms
2022-07-27 13:49:38,317 [9135c07c-9562-4fec-aca6-20239d7a9d6d@group-01F245C95A2E-StateMachineUpdater] INFO  impl.StateMachineUpdater (StateMachineUpdater.java:takeSnapshot(287)) - 9135c07c-9562-4fec-aca6-20239d7a9d6d@group-01F245C95A2E-StateMachineUpdater: Took a snapshot at index 0
2022-07-27 13:49:38,317 [9135c07c-9562-4fec-aca6-20239d7a9d6d@group-01F245C95A2E-StateMachineUpdater] INFO  impl.StateMachineUpdater (StateMachineUpdater.java:lambda$new$0(92)) - 9135c07c-9562-4fec-aca6-20239d7a9d6d@group-01F245C95A2E-StateMachineUpdater: snapshotIndex: updateIncreasingly -1 -> 0
2022-07-27 13:49:38,317 [Listener at 127.0.0.1/44975] INFO  server.RaftServer$Division (ServerState.java:close(429)) - 9135c07c-9562-4fec-aca6-20239d7a9d6d@group-01F245C95A2E: closes. applyIndex: 0
2022-07-27 13:49:38,317 [ForkJoinPool.commonPool-worker-0] INFO  server.RaftServer$Division (RaftServerImpl.java:lambda$close$4(434)) - efe9fd25-7228-4310-8e5d-4bcbbad78a8a@group-EC36FC0C3E24: shutdown
2022-07-27 13:49:38,317 [ForkJoinPool.commonPool-worker-0] INFO  util.JmxRegister (JmxRegister.java:unregister(73)) - Successfully un-registered JMX Bean with object name Ratis:service=RaftServer,group=group-EC36FC0C3E24,id=efe9fd25-7228-4310-8e5d-4bcbbad78a8a
2022-07-27 13:49:38,317 [ForkJoinPool.commonPool-worker-0] INFO  impl.RoleInfo (RoleInfo.java:shutdownFollowerState(110)) - efe9fd25-7228-4310-8e5d-4bcbbad78a8a: shutdown efe9fd25-7228-4310-8e5d-4bcbbad78a8a@group-EC36FC0C3E24-FollowerState
2022-07-27 13:49:38,318 [ForkJoinPool.commonPool-worker-0] INFO  impl.StateMachineUpdater (StateMachineUpdater.java:stopAndJoin(153)) - efe9fd25-7228-4310-8e5d-4bcbbad78a8a@group-EC36FC0C3E24-StateMachineUpdater: set stopIndex = 0
2022-07-27 13:49:38,318 [9135c07c-9562-4fec-aca6-20239d7a9d6d@group-01F245C95A2E-SegmentedRaftLogWorker] INFO  segmented.SegmentedRaftLogWorker (SegmentedRaftLogWorker.java:run(336)) - 9135c07c-9562-4fec-aca6-20239d7a9d6d@group-01F245C95A2E-SegmentedRaftLogWorker was interrupted, exiting. There are 0 tasks remaining in the queue.
2022-07-27 13:49:38,318 [efe9fd25-7228-4310-8e5d-4bcbbad78a8a@group-EC36FC0C3E24-StateMachineUpdater] INFO  ratis.ContainerStateMachine (ContainerStateMachine.java:takeSnapshot(304)) - group-EC36FC0C3E24: Taking a snapshot at:(t:2, i:0) file /home/runner/work/ozone/ozone/hadoop-ozone/integration-test/target/test-dir/MiniOzoneClusterImpl-cbeacfe2-84b1-4648-87cc-d28f9e4744b3/datanode-1/data/ratis/d20d3ed0-ea39-4881-8953-ec36fc0c3e24/sm/snapshot.2_0
2022-07-27 13:49:38,318 [Listener at 127.0.0.1/44975] INFO  segmented.SegmentedRaftLogWorker (SegmentedRaftLogWorker.java:close(246)) - 9135c07c-9562-4fec-aca6-20239d7a9d6d@group-01F245C95A2E-SegmentedRaftLogWorker close()
2022-07-27 13:49:38,318 [efe9fd25-7228-4310-8e5d-4bcbbad78a8a@group-EC36FC0C3E24-FollowerState] INFO  impl.FollowerState (FollowerState.java:run(152)) - efe9fd25-7228-4310-8e5d-4bcbbad78a8a@group-EC36FC0C3E24-FollowerState was interrupted
2022-07-27 13:49:38,319 [efe9fd25-7228-4310-8e5d-4bcbbad78a8a@group-EC36FC0C3E24-StateMachineUpdater] INFO  ratis.ContainerStateMachine (ContainerStateMachine.java:takeSnapshot(315)) - group-EC36FC0C3E24: Finished taking a snapshot at:(t:2, i:0) file:/home/runner/work/ozone/ozone/hadoop-ozone/integration-test/target/test-dir/MiniOzoneClusterImpl-cbeacfe2-84b1-4648-87cc-d28f9e4744b3/datanode-1/data/ratis/d20d3ed0-ea39-4881-8953-ec36fc0c3e24/sm/snapshot.2_0 took: 1 ms
2022-07-27 13:49:38,319 [Listener at 127.0.0.1/44975] INFO  server.GrpcService (GrpcService.java:closeImpl(269)) - 9135c07c-9562-4fec-aca6-20239d7a9d6d: shutdown server with port 40625 now
2022-07-27 13:49:38,319 [efe9fd25-7228-4310-8e5d-4bcbbad78a8a@group-EC36FC0C3E24-StateMachineUpdater] INFO  impl.StateMachineUpdater (StateMachineUpdater.java:takeSnapshot(287)) - efe9fd25-7228-4310-8e5d-4bcbbad78a8a@group-EC36FC0C3E24-StateMachineUpdater: Took a snapshot at index 0
2022-07-27 13:49:38,319 [efe9fd25-7228-4310-8e5d-4bcbbad78a8a@group-EC36FC0C3E24-StateMachineUpdater] INFO  impl.StateMachineUpdater (StateMachineUpdater.java:lambda$new$0(92)) - efe9fd25-7228-4310-8e5d-4bcbbad78a8a@group-EC36FC0C3E24-StateMachineUpdater: snapshotIndex: updateIncreasingly -1 -> 0
2022-07-27 13:49:38,320 [ForkJoinPool.commonPool-worker-0] INFO  server.RaftServer$Division (ServerState.java:close(429)) - efe9fd25-7228-4310-8e5d-4bcbbad78a8a@group-EC36FC0C3E24: closes. applyIndex: 0
2022-07-27 13:49:38,320 [efe9fd25-7228-4310-8e5d-4bcbbad78a8a@group-EC36FC0C3E24-SegmentedRaftLogWorker] INFO  segmented.SegmentedRaftLogWorker (SegmentedRaftLogWorker.java:run(336)) - efe9fd25-7228-4310-8e5d-4bcbbad78a8a@group-EC36FC0C3E24-SegmentedRaftLogWorker was interrupted, exiting. There are 0 tasks remaining in the queue.
2022-07-27 13:49:38,320 [ForkJoinPool.commonPool-worker-0] INFO  segmented.SegmentedRaftLogWorker (SegmentedRaftLogWorker.java:close(246)) - efe9fd25-7228-4310-8e5d-4bcbbad78a8a@group-EC36FC0C3E24-SegmentedRaftLogWorker close()
2022-07-27 13:49:38,333 [ForkJoinPool.commonPool-worker-0] INFO  server.GrpcService (GrpcService.java:closeImpl(269)) - efe9fd25-7228-4310-8e5d-4bcbbad78a8a: shutdown server with port 38425 now
2022-07-27 13:49:38,334 [grpc-default-executor-1] WARN  server.GrpcServerProtocolService (LogUtils.java:warn(122)) - 9135c07c-9562-4fec-aca6-20239d7a9d6d: installSnapshot onError, lastRequest: df335623-852d-4a6f-8cff-fa9ba72c6e1b->9135c07c-9562-4fec-aca6-20239d7a9d6d#463-t1,previous=(t:1, i:31),leaderCommit=30,initializing? true,entries: size=1, first=(t:1, i:32), METADATAENTRY(c:30): org.apache.ratis.thirdparty.io.grpc.StatusRuntimeException: CANCELLED: client cancelled
2022-07-27 13:49:38,341 [grpc-default-executor-3] WARN  server.GrpcServerProtocolService (LogUtils.java:warn(122)) - efe9fd25-7228-4310-8e5d-4bcbbad78a8a: installSnapshot onError, lastRequest: df335623-852d-4a6f-8cff-fa9ba72c6e1b->efe9fd25-7228-4310-8e5d-4bcbbad78a8a#454-t1,previous=(t:1, i:31),leaderCommit=30,initializing? true,entries: size=1, first=(t:1, i:32), METADATAENTRY(c:30): org.apache.ratis.thirdparty.io.grpc.StatusRuntimeException: CANCELLED: client cancelled
2022-07-27 13:49:38,346 [ForkJoinPool.commonPool-worker-0] INFO  server.GrpcService (GrpcService.java:closeImpl(278)) - efe9fd25-7228-4310-8e5d-4bcbbad78a8a: shutdown server with port 38425 successfully
2022-07-27 13:49:38,346 [org.apache.ratis.util.JvmPauseMonitor$$Lambda$615/1136232276@3ac9061] INFO  util.JvmPauseMonitor (JvmPauseMonitor.java:run(109)) - JvmPauseMonitor-efe9fd25-7228-4310-8e5d-4bcbbad78a8a: Stopped
2022-07-27 13:49:38,348 [grpc-default-executor-3] WARN  server.GrpcLogAppender (LogUtils.java:warn(122)) - df335623-852d-4a6f-8cff-fa9ba72c6e1b@group-4D17F1F44F46->9135c07c-9562-4fec-aca6-20239d7a9d6d-AppendLogResponseHandler: Failed appendEntries: org.apache.ratis.thirdparty.io.grpc.StatusRuntimeException: CANCELLED: RST_STREAM closed stream. HTTP/2 error code: CANCEL
2022-07-27 13:49:38,348 [grpc-default-executor-1] WARN  server.GrpcLogAppender (LogUtils.java:warn(122)) - df335623-852d-4a6f-8cff-fa9ba72c6e1b@group-4D17F1F44F46->efe9fd25-7228-4310-8e5d-4bcbbad78a8a-AppendLogResponseHandler: Failed appendEntries: org.apache.ratis.thirdparty.io.grpc.StatusRuntimeException: CANCELLED: RST_STREAM closed stream. HTTP/2 error code: CANCEL
2022-07-27 13:49:38,348 [grpc-default-executor-1] INFO  leader.FollowerInfo (FollowerInfoImpl.java:lambda$new$0(48)) - df335623-852d-4a6f-8cff-fa9ba72c6e1b@group-4D17F1F44F46->efe9fd25-7228-4310-8e5d-4bcbbad78a8a: nextIndex: updateUnconditionally 33 -> 32
2022-07-27 13:49:38,348 [grpc-default-executor-3] INFO  leader.FollowerInfo (FollowerInfoImpl.java:lambda$new$0(48)) - df335623-852d-4a6f-8cff-fa9ba72c6e1b@group-4D17F1F44F46->9135c07c-9562-4fec-aca6-20239d7a9d6d: nextIndex: updateUnconditionally 33 -> 32
2022-07-27 13:49:38,349 [Listener at 127.0.0.1/44975] INFO  server.GrpcService (GrpcService.java:closeImpl(278)) - 9135c07c-9562-4fec-aca6-20239d7a9d6d: shutdown server with port 40625 successfully
2022-07-27 13:49:38,350 [org.apache.ratis.util.JvmPauseMonitor$$Lambda$615/1136232276@68aa2c73] INFO  util.JvmPauseMonitor (JvmPauseMonitor.java:run(109)) - JvmPauseMonitor-9135c07c-9562-4fec-aca6-20239d7a9d6d: Stopped
2022-07-27 13:49:38,365 [grpc-default-executor-3] WARN  server.GrpcLogAppender (LogUtils.java:warn(122)) - df335623-852d-4a6f-8cff-fa9ba72c6e1b@group-4D17F1F44F46->efe9fd25-7228-4310-8e5d-4bcbbad78a8a-AppendLogResponseHandler: Failed appendEntries: org.apache.ratis.thirdparty.io.grpc.StatusRuntimeException: UNAVAILABLE: io exception
2022-07-27 13:49:38,365 [grpc-default-executor-2] WARN  server.GrpcLogAppender (LogUtils.java:warn(122)) - df335623-852d-4a6f-8cff-fa9ba72c6e1b@group-4D17F1F44F46->9135c07c-9562-4fec-aca6-20239d7a9d6d-AppendLogResponseHandler: Failed appendEntries: org.apache.ratis.thirdparty.io.grpc.StatusRuntimeException: UNAVAILABLE: io exception
2022-07-27 13:49:38,366 [grpc-default-executor-2] INFO  leader.FollowerInfo (FollowerInfoImpl.java:lambda$new$0(48)) - df335623-852d-4a6f-8cff-fa9ba72c6e1b@group-4D17F1F44F46->9135c07c-9562-4fec-aca6-20239d7a9d6d: nextIndex: updateUnconditionally 33 -> 32
2022-07-27 13:49:38,366 [grpc-default-executor-3] INFO  leader.FollowerInfo (FollowerInfoImpl.java:lambda$new$0(48)) - df335623-852d-4a6f-8cff-fa9ba72c6e1b@group-4D17F1F44F46->efe9fd25-7228-4310-8e5d-4bcbbad78a8a: nextIndex: updateUnconditionally 33 -> 32
2022-07-27 13:49:40,379 [Listener at 127.0.0.1/44975] INFO  utils.BackgroundService (BackgroundService.java:shutdown(141)) - Shutting down service BlockDeletingService
2022-07-27 13:49:40,381 [ForkJoinPool.commonPool-worker-0] INFO  utils.BackgroundService (BackgroundService.java:shutdown(141)) - Shutting down service BlockDeletingService
2022-07-27 13:49:40,382 [Listener at 127.0.0.1/44975] INFO  utils.BackgroundService (BackgroundService.java:shutdown(141)) - Shutting down service StaleRecoveringContainerScrubbingService
2022-07-27 13:49:40,382 [ForkJoinPool.commonPool-worker-0] INFO  utils.BackgroundService (BackgroundService.java:shutdown(141)) - Shutting down service StaleRecoveringContainerScrubbingService
2022-07-27 13:49:40,746 [grpc-default-executor-3] WARN  server.GrpcLogAppender (LogUtils.java:warn(122)) - df335623-852d-4a6f-8cff-fa9ba72c6e1b@group-4D17F1F44F46->efe9fd25-7228-4310-8e5d-4bcbbad78a8a-AppendLogResponseHandler: Failed appendEntries: org.apache.ratis.thirdparty.io.grpc.StatusRuntimeException: UNAVAILABLE: io exception
2022-07-27 13:49:40,748 [grpc-default-executor-3] INFO  leader.FollowerInfo (FollowerInfoImpl.java:lambda$new$0(48)) - df335623-852d-4a6f-8cff-fa9ba72c6e1b@group-4D17F1F44F46->efe9fd25-7228-4310-8e5d-4bcbbad78a8a: nextIndex: updateUnconditionally 33 -> 32
2022-07-27 13:49:40,755 [grpc-default-executor-3] WARN  server.GrpcLogAppender (LogUtils.java:warn(122)) - df335623-852d-4a6f-8cff-fa9ba72c6e1b@group-4D17F1F44F46->9135c07c-9562-4fec-aca6-20239d7a9d6d-AppendLogResponseHandler: Failed appendEntries: org.apache.ratis.thirdparty.io.grpc.StatusRuntimeException: UNAVAILABLE: io exception
2022-07-27 13:49:40,756 [grpc-default-executor-3] INFO  leader.FollowerInfo (FollowerInfoImpl.java:lambda$new$0(48)) - df335623-852d-4a6f-8cff-fa9ba72c6e1b@group-4D17F1F44F46->9135c07c-9562-4fec-aca6-20239d7a9d6d: nextIndex: updateUnconditionally 33 -> 32
2022-07-27 13:49:41,997 [grpc-default-executor-3] WARN  server.GrpcLogAppender (LogUtils.java:warn(122)) - df335623-852d-4a6f-8cff-fa9ba72c6e1b@group-4D17F1F44F46->efe9fd25-7228-4310-8e5d-4bcbbad78a8a-AppendLogResponseHandler: Failed appendEntries: org.apache.ratis.thirdparty.io.grpc.StatusRuntimeException: UNAVAILABLE: io exception
2022-07-27 13:49:41,998 [grpc-default-executor-3] INFO  leader.FollowerInfo (FollowerInfoImpl.java:lambda$new$0(48)) - df335623-852d-4a6f-8cff-fa9ba72c6e1b@group-4D17F1F44F46->efe9fd25-7228-4310-8e5d-4bcbbad78a8a: nextIndex: updateUnconditionally 33 -> 32
2022-07-27 13:49:42,006 [grpc-default-executor-3] WARN  server.GrpcLogAppender (LogUtils.java:warn(122)) - df335623-852d-4a6f-8cff-fa9ba72c6e1b@group-4D17F1F44F46->9135c07c-9562-4fec-aca6-20239d7a9d6d-AppendLogResponseHandler: Failed appendEntries: org.apache.ratis.thirdparty.io.grpc.StatusRuntimeException: UNAVAILABLE: io exception
2022-07-27 13:49:42,007 [grpc-default-executor-3] INFO  leader.FollowerInfo (FollowerInfoImpl.java:lambda$new$0(48)) - df335623-852d-4a6f-8cff-fa9ba72c6e1b@group-4D17F1F44F46->9135c07c-9562-4fec-aca6-20239d7a9d6d: nextIndex: updateUnconditionally 33 -> 32
2022-07-27 13:49:43,248 [grpc-default-executor-3] WARN  server.GrpcLogAppender (LogUtils.java:warn(122)) - df335623-852d-4a6f-8cff-fa9ba72c6e1b@group-4D17F1F44F46->efe9fd25-7228-4310-8e5d-4bcbbad78a8a-AppendLogResponseHandler: Failed appendEntries: org.apache.ratis.thirdparty.io.grpc.StatusRuntimeException: UNAVAILABLE: io exception
2022-07-27 13:49:43,248 [grpc-default-executor-3] INFO  leader.FollowerInfo (FollowerInfoImpl.java:lambda$new$0(48)) - df335623-852d-4a6f-8cff-fa9ba72c6e1b@group-4D17F1F44F46->efe9fd25-7228-4310-8e5d-4bcbbad78a8a: nextIndex: updateUnconditionally 33 -> 32
2022-07-27 13:49:43,257 [grpc-default-executor-3] WARN  server.GrpcLogAppender (LogUtils.java:warn(122)) - df335623-852d-4a6f-8cff-fa9ba72c6e1b@group-4D17F1F44F46->9135c07c-9562-4fec-aca6-20239d7a9d6d-AppendLogResponseHandler: Failed appendEntries: org.apache.ratis.thirdparty.io.grpc.StatusRuntimeException: UNAVAILABLE: io exception
2022-07-27 13:49:43,258 [grpc-default-executor-3] INFO  leader.FollowerInfo (FollowerInfoImpl.java:lambda$new$0(48)) - df335623-852d-4a6f-8cff-fa9ba72c6e1b@group-4D17F1F44F46->9135c07c-9562-4fec-aca6-20239d7a9d6d: nextIndex: updateUnconditionally 33 -> 32
2022-07-27 13:49:43,384 [Listener at 127.0.0.1/44975] INFO  statemachine.DatanodeStateMachine (DatanodeStateMachine.java:stopDaemon(580)) - Ozone container server stopped.
2022-07-27 13:49:43,392 [Listener at 127.0.0.1/44975] INFO  handler.ContextHandler (ContextHandler.java:doStop(1153)) - Stopped o.e.j.w.WebAppContext@7f93df12{hddsDatanode,/,null,STOPPED}{jar:file:/home/runner/.m2/repository/org/apache/ozone/hdds-container-service/1.3.0-SNAPSHOT/hdds-container-service-1.3.0-SNAPSHOT.jar!/webapps/hddsDatanode}
2022-07-27 13:49:43,392 [ForkJoinPool.commonPool-worker-0] INFO  statemachine.DatanodeStateMachine (DatanodeStateMachine.java:stopDaemon(580)) - Ozone container server stopped.
2022-07-27 13:49:43,399 [Listener at 127.0.0.1/44975] INFO  server.AbstractConnector (AbstractConnector.java:doStop(381)) - Stopped ServerConnector@5bb556ab{HTTP/1.1, (http/1.1)}{0.0.0.0:0}
2022-07-27 13:49:43,400 [Listener at 127.0.0.1/44975] INFO  server.session (HouseKeeper.java:stopScavenging(149)) - node0 Stopped scavenging
2022-07-27 13:49:43,400 [Listener at 127.0.0.1/44975] INFO  handler.ContextHandler (ContextHandler.java:doStop(1153)) - Stopped o.e.j.s.ServletContextHandler@189ab1be{static,/static,jar:file:/home/runner/.m2/repository/org/apache/ozone/hdds-container-service/1.3.0-SNAPSHOT/hdds-container-service-1.3.0-SNAPSHOT.jar!/webapps/static,STOPPED}
2022-07-27 13:49:43,400 [Listener at 127.0.0.1/44975] INFO  handler.ContextHandler (ContextHandler.java:doStop(1153)) - Stopped o.e.j.s.ServletContextHandler@54dfde5b{logs,/logs,file:///home/runner/work/ozone/ozone/hadoop-ozone/integration-test/target/log,STOPPED}
2022-07-27 13:49:43,411 [ForkJoinPool.commonPool-worker-0] INFO  handler.ContextHandler (ContextHandler.java:doStop(1153)) - Stopped o.e.j.w.WebAppContext@53106235{hddsDatanode,/,null,STOPPED}{jar:file:/home/runner/.m2/repository/org/apache/ozone/hdds-container-service/1.3.0-SNAPSHOT/hdds-container-service-1.3.0-SNAPSHOT.jar!/webapps/hddsDatanode}
2022-07-27 13:49:43,413 [ForkJoinPool.commonPool-worker-0] INFO  server.AbstractConnector (AbstractConnector.java:doStop(381)) - Stopped ServerConnector@7785e48b{HTTP/1.1, (http/1.1)}{0.0.0.0:0}
2022-07-27 13:49:43,414 [ForkJoinPool.commonPool-worker-0] INFO  server.session (HouseKeeper.java:stopScavenging(149)) - node0 Stopped scavenging
2022-07-27 13:49:43,415 [ForkJoinPool.commonPool-worker-0] INFO  handler.ContextHandler (ContextHandler.java:doStop(1153)) - Stopped o.e.j.s.ServletContextHandler@7f3f5a67{static,/static,jar:file:/home/runner/.m2/repository/org/apache/ozone/hdds-container-service/1.3.0-SNAPSHOT/hdds-container-service-1.3.0-SNAPSHOT.jar!/webapps/static,STOPPED}
2022-07-27 13:49:43,415 [ForkJoinPool.commonPool-worker-0] INFO  handler.ContextHandler (ContextHandler.java:doStop(1153)) - Stopped o.e.j.s.ServletContextHandler@63822d44{logs,/logs,file:///home/runner/work/ozone/ozone/hadoop-ozone/integration-test/target/log,STOPPED}
2022-07-27 13:49:44,498 [grpc-default-executor-3] WARN  server.GrpcLogAppender (LogUtils.java:warn(122)) - df335623-852d-4a6f-8cff-fa9ba72c6e1b@group-4D17F1F44F46->efe9fd25-7228-4310-8e5d-4bcbbad78a8a-AppendLogResponseHandler: Failed appendEntries: org.apache.ratis.thirdparty.io.grpc.StatusRuntimeException: UNAVAILABLE: io exception
2022-07-27 13:49:44,499 [grpc-default-executor-3] INFO  leader.FollowerInfo (FollowerInfoImpl.java:lambda$new$0(48)) - df335623-852d-4a6f-8cff-fa9ba72c6e1b@group-4D17F1F44F46->efe9fd25-7228-4310-8e5d-4bcbbad78a8a: nextIndex: updateUnconditionally 33 -> 32
2022-07-27 13:49:44,507 [grpc-default-executor-3] WARN  server.GrpcLogAppender (LogUtils.java:warn(122)) - df335623-852d-4a6f-8cff-fa9ba72c6e1b@group-4D17F1F44F46->9135c07c-9562-4fec-aca6-20239d7a9d6d-AppendLogResponseHandler: Failed appendEntries: org.apache.ratis.thirdparty.io.grpc.StatusRuntimeException: UNAVAILABLE: io exception
2022-07-27 13:49:44,508 [grpc-default-executor-3] INFO  leader.FollowerInfo (FollowerInfoImpl.java:lambda$new$0(48)) - df335623-852d-4a6f-8cff-fa9ba72c6e1b@group-4D17F1F44F46->9135c07c-9562-4fec-aca6-20239d7a9d6d: nextIndex: updateUnconditionally 33 -> 32
2022-07-27 13:49:45,749 [grpc-default-executor-3] WARN  server.GrpcLogAppender (LogUtils.java:warn(122)) - df335623-852d-4a6f-8cff-fa9ba72c6e1b@group-4D17F1F44F46->efe9fd25-7228-4310-8e5d-4bcbbad78a8a-AppendLogResponseHandler: Failed appendEntries: org.apache.ratis.thirdparty.io.grpc.StatusRuntimeException: UNAVAILABLE: io exception
2022-07-27 13:49:45,750 [grpc-default-executor-3] INFO  leader.FollowerInfo (FollowerInfoImpl.java:lambda$new$0(48)) - df335623-852d-4a6f-8cff-fa9ba72c6e1b@group-4D17F1F44F46->efe9fd25-7228-4310-8e5d-4bcbbad78a8a: nextIndex: updateUnconditionally 33 -> 32
2022-07-27 13:49:45,758 [grpc-default-executor-3] WARN  server.GrpcLogAppender (LogUtils.java:warn(122)) - df335623-852d-4a6f-8cff-fa9ba72c6e1b@group-4D17F1F44F46->9135c07c-9562-4fec-aca6-20239d7a9d6d-AppendLogResponseHandler: Failed appendEntries: org.apache.ratis.thirdparty.io.grpc.StatusRuntimeException: UNAVAILABLE: io exception
2022-07-27 13:49:45,762 [grpc-default-executor-3] INFO  leader.FollowerInfo (FollowerInfoImpl.java:lambda$new$0(48)) - df335623-852d-4a6f-8cff-fa9ba72c6e1b@group-4D17F1F44F46->9135c07c-9562-4fec-aca6-20239d7a9d6d: nextIndex: updateUnconditionally 33 -> 32
2022-07-27 13:49:46,255 [df335623-852d-4a6f-8cff-fa9ba72c6e1b@group-EC36FC0C3E24-FollowerState] INFO  impl.FollowerState (FollowerState.java:run(143)) - df335623-852d-4a6f-8cff-fa9ba72c6e1b@group-EC36FC0C3E24-FollowerState: change to CANDIDATE, lastRpcElapsedTime:8106500597ns, electionTimeout:5190ms
2022-07-27 13:49:46,255 [df335623-852d-4a6f-8cff-fa9ba72c6e1b@group-EC36FC0C3E24-FollowerState] INFO  impl.RoleInfo (RoleInfo.java:shutdownFollowerState(110)) - df335623-852d-4a6f-8cff-fa9ba72c6e1b: shutdown df335623-852d-4a6f-8cff-fa9ba72c6e1b@group-EC36FC0C3E24-FollowerState
2022-07-27 13:49:46,256 [df335623-852d-4a6f-8cff-fa9ba72c6e1b@group-EC36FC0C3E24-FollowerState] INFO  server.RaftServer$Division (RaftServerImpl.java:setRole(299)) - df335623-852d-4a6f-8cff-fa9ba72c6e1b@group-EC36FC0C3E24: changes role from  FOLLOWER to CANDIDATE at term 2 for changeToCandidate
2022-07-27 13:49:46,256 [df335623-852d-4a6f-8cff-fa9ba72c6e1b@group-EC36FC0C3E24-FollowerState] INFO  server.RaftServerConfigKeys (ConfUtils.java:logGet(46)) - raft.server.leaderelection.pre-vote = false (custom)
2022-07-27 13:49:46,256 [df335623-852d-4a6f-8cff-fa9ba72c6e1b@group-EC36FC0C3E24-FollowerState] INFO  impl.RoleInfo (RoleInfo.java:updateAndGet(139)) - df335623-852d-4a6f-8cff-fa9ba72c6e1b: start df335623-852d-4a6f-8cff-fa9ba72c6e1b@group-EC36FC0C3E24-LeaderElection13
2022-07-27 13:49:46,265 [df335623-852d-4a6f-8cff-fa9ba72c6e1b@group-EC36FC0C3E24-LeaderElection13] INFO  server.RaftServer$Division (ServerState.java:setLeader(287)) - df335623-852d-4a6f-8cff-fa9ba72c6e1b@group-EC36FC0C3E24: change Leader from 9135c07c-9562-4fec-aca6-20239d7a9d6d to null at term 2 for ELECTION
2022-07-27 13:49:46,274 [df335623-852d-4a6f-8cff-fa9ba72c6e1b@group-EC36FC0C3E24-LeaderElection13] INFO  impl.LeaderElection (LeaderElection.java:askForVotes(310)) - df335623-852d-4a6f-8cff-fa9ba72c6e1b@group-EC36FC0C3E24-LeaderElection13 ELECTION round 0: submit vote requests at term 3 for 0: [df335623-852d-4a6f-8cff-fa9ba72c6e1b|rpc:10.1.0.21:40909|dataStream:|priority:0, efe9fd25-7228-4310-8e5d-4bcbbad78a8a|rpc:10.1.0.21:38425|dataStream:|priority:0, 9135c07c-9562-4fec-aca6-20239d7a9d6d|rpc:10.1.0.21:40625|dataStream:|priority:1], old=null
2022-07-27 13:49:46,286 [df335623-852d-4a6f-8cff-fa9ba72c6e1b@group-EC36FC0C3E24-LeaderElection13] INFO  impl.LeaderElection (LogUtils.java:infoOrTrace(137)) - df335623-852d-4a6f-8cff-fa9ba72c6e1b@group-EC36FC0C3E24-LeaderElection13 got exception when requesting votes: java.util.concurrent.ExecutionException: org.apache.ratis.thirdparty.io.grpc.StatusRuntimeException: UNAVAILABLE: io exception
2022-07-27 13:49:46,293 [df335623-852d-4a6f-8cff-fa9ba72c6e1b@group-EC36FC0C3E24-LeaderElection13] INFO  impl.LeaderElection (LogUtils.java:infoOrTrace(137)) - df335623-852d-4a6f-8cff-fa9ba72c6e1b@group-EC36FC0C3E24-LeaderElection13 got exception when requesting votes: java.util.concurrent.ExecutionException: org.apache.ratis.thirdparty.io.grpc.StatusRuntimeException: UNAVAILABLE: io exception
2022-07-27 13:49:46,293 [df335623-852d-4a6f-8cff-fa9ba72c6e1b@group-EC36FC0C3E24-LeaderElection13] INFO  impl.LeaderElection (LeaderElection.java:logAndReturn(90)) - df335623-852d-4a6f-8cff-fa9ba72c6e1b@group-EC36FC0C3E24-LeaderElection13: ELECTION REJECTED received 0 response(s) and 2 exception(s):
2022-07-27 13:49:46,293 [df335623-852d-4a6f-8cff-fa9ba72c6e1b@group-EC36FC0C3E24-LeaderElection13] INFO  impl.LeaderElection (LogUtils.java:infoOrTrace(137)) -   Exception 0: java.util.concurrent.ExecutionException: org.apache.ratis.thirdparty.io.grpc.StatusRuntimeException: UNAVAILABLE: io exception
2022-07-27 13:49:46,293 [df335623-852d-4a6f-8cff-fa9ba72c6e1b@group-EC36FC0C3E24-LeaderElection13] INFO  impl.LeaderElection (LogUtils.java:infoOrTrace(137)) -   Exception 1: java.util.concurrent.ExecutionException: org.apache.ratis.thirdparty.io.grpc.StatusRuntimeException: UNAVAILABLE: io exception
2022-07-27 13:49:46,293 [df335623-852d-4a6f-8cff-fa9ba72c6e1b@group-EC36FC0C3E24-LeaderElection13] INFO  impl.LeaderElection (LeaderElection.java:askForVotes(312)) - df335623-852d-4a6f-8cff-fa9ba72c6e1b@group-EC36FC0C3E24-LeaderElection13 ELECTION round 0: result REJECTED
2022-07-27 13:49:46,297 [df335623-852d-4a6f-8cff-fa9ba72c6e1b@group-EC36FC0C3E24-LeaderElection13] INFO  server.RaftServer$Division (RaftServerImpl.java:setRole(299)) - df335623-852d-4a6f-8cff-fa9ba72c6e1b@group-EC36FC0C3E24: changes role from CANDIDATE to FOLLOWER at term 3 for REJECTED
2022-07-27 13:49:46,297 [df335623-852d-4a6f-8cff-fa9ba72c6e1b@group-EC36FC0C3E24-LeaderElection13] INFO  impl.RoleInfo (RoleInfo.java:shutdownLeaderElection(130)) - df335623-852d-4a6f-8cff-fa9ba72c6e1b: shutdown df335623-852d-4a6f-8cff-fa9ba72c6e1b@group-EC36FC0C3E24-LeaderElection13
2022-07-27 13:49:46,297 [df335623-852d-4a6f-8cff-fa9ba72c6e1b@group-EC36FC0C3E24-LeaderElection13] INFO  impl.RoleInfo (RoleInfo.java:updateAndGet(139)) - df335623-852d-4a6f-8cff-fa9ba72c6e1b: start df335623-852d-4a6f-8cff-fa9ba72c6e1b@group-EC36FC0C3E24-FollowerState
2022-07-27 13:49:46,662 [df335623-852d-4a6f-8cff-fa9ba72c6e1b@group-4D17F1F44F46-LeaderStateImpl] WARN  server.RaftServer$Division (LeaderStateImpl.java:checkLeadership(1018)) - df335623-852d-4a6f-8cff-fa9ba72c6e1b@group-4D17F1F44F46-LeaderStateImpl: Lost leadership on term: 1. Election timeout: 5200ms. In charge for: 31902ms. Conf: 0: [df335623-852d-4a6f-8cff-fa9ba72c6e1b|rpc:10.1.0.21:40909|dataStream:|priority:1, efe9fd25-7228-4310-8e5d-4bcbbad78a8a|rpc:10.1.0.21:38425|dataStream:|priority:0, 9135c07c-9562-4fec-aca6-20239d7a9d6d|rpc:10.1.0.21:40625|dataStream:|priority:0], old=null
2022-07-27 13:49:46,663 [df335623-852d-4a6f-8cff-fa9ba72c6e1b@group-4D17F1F44F46-LeaderStateImpl] WARN  server.RaftServer$Division (LeaderStateImpl.java:lambda$checkLeadership$17(1022)) - Follower df335623-852d-4a6f-8cff-fa9ba72c6e1b@group-4D17F1F44F46->efe9fd25-7228-4310-8e5d-4bcbbad78a8a(c32,m32,n32, attendVote=true, lastRpcSendTime=914, lastRpcResponseTime=8417)
2022-07-27 13:49:46,663 [df335623-852d-4a6f-8cff-fa9ba72c6e1b@group-4D17F1F44F46-LeaderStateImpl] WARN  server.RaftServer$Division (LeaderStateImpl.java:lambda$checkLeadership$17(1022)) - Follower df335623-852d-4a6f-8cff-fa9ba72c6e1b@group-4D17F1F44F46->9135c07c-9562-4fec-aca6-20239d7a9d6d(c32,m32,n32, attendVote=true, lastRpcSendTime=905, lastRpcResponseTime=8408)
2022-07-27 13:49:46,663 [df335623-852d-4a6f-8cff-fa9ba72c6e1b@group-4D17F1F44F46-LeaderStateImpl] INFO  server.RaftServer$Division (RaftServerImpl.java:setRole(299)) - df335623-852d-4a6f-8cff-fa9ba72c6e1b@group-4D17F1F44F46: changes role from    LEADER to FOLLOWER at term 1 for StepDownReason:LOST_MAJORITY_HEARTBEATS
2022-07-27 13:49:46,663 [df335623-852d-4a6f-8cff-fa9ba72c6e1b@group-4D17F1F44F46-LeaderStateImpl] INFO  impl.RoleInfo (RoleInfo.java:shutdownLeaderState(93)) - df335623-852d-4a6f-8cff-fa9ba72c6e1b: shutdown df335623-852d-4a6f-8cff-fa9ba72c6e1b@group-4D17F1F44F46-LeaderStateImpl
2022-07-27 13:49:46,664 [df335623-852d-4a6f-8cff-fa9ba72c6e1b@group-4D17F1F44F46->9135c07c-9562-4fec-aca6-20239d7a9d6d-GrpcLogAppender-LogAppenderDaemon] WARN  server.GrpcLogAppender (GrpcLogAppender.java:mayWait(171)) - df335623-852d-4a6f-8cff-fa9ba72c6e1b@group-4D17F1F44F46->9135c07c-9562-4fec-aca6-20239d7a9d6d-GrpcLogAppender: Wait interrupted by java.lang.InterruptedException
2022-07-27 13:49:46,664 [df335623-852d-4a6f-8cff-fa9ba72c6e1b@group-4D17F1F44F46-LeaderStateImpl] INFO  impl.PendingRequests (PendingRequests.java:sendNotLeaderResponses(282)) - df335623-852d-4a6f-8cff-fa9ba72c6e1b@group-4D17F1F44F46-PendingRequests: sendNotLeaderResponses
2022-07-27 13:49:46,664 [df335623-852d-4a6f-8cff-fa9ba72c6e1b@group-4D17F1F44F46->efe9fd25-7228-4310-8e5d-4bcbbad78a8a-GrpcLogAppender-LogAppenderDaemon] WARN  server.GrpcLogAppender (GrpcLogAppender.java:mayWait(171)) - df335623-852d-4a6f-8cff-fa9ba72c6e1b@group-4D17F1F44F46->efe9fd25-7228-4310-8e5d-4bcbbad78a8a-GrpcLogAppender: Wait interrupted by java.lang.InterruptedException
2022-07-27 13:49:46,668 [df335623-852d-4a6f-8cff-fa9ba72c6e1b@group-4D17F1F44F46-LeaderStateImpl] INFO  impl.RoleInfo (RoleInfo.java:updateAndGet(139)) - df335623-852d-4a6f-8cff-fa9ba72c6e1b: start df335623-852d-4a6f-8cff-fa9ba72c6e1b@group-4D17F1F44F46-FollowerState
2022-07-27 13:49:48,406 [Listener at 127.0.0.1/44975] INFO  ozoneimpl.OzoneContainer (OzoneContainer.java:stop(399)) - Attempting to stop container services.
2022-07-27 13:49:48,406 [Listener at 127.0.0.1/44975] INFO  server.RaftServer (RaftServerProxy.java:lambda$close$7(398)) - 89f3cafd-f6f4-41ae-bc62-6e12401c3bdc: close
2022-07-27 13:49:48,407 [Listener at 127.0.0.1/44975] INFO  server.RaftServer$Division (RaftServerImpl.java:lambda$close$4(434)) - 89f3cafd-f6f4-41ae-bc62-6e12401c3bdc@group-80FEA706BA56: shutdown
2022-07-27 13:49:48,407 [Listener at 127.0.0.1/44975] INFO  util.JmxRegister (JmxRegister.java:unregister(73)) - Successfully un-registered JMX Bean with object name Ratis:service=RaftServer,group=group-80FEA706BA56,id=89f3cafd-f6f4-41ae-bc62-6e12401c3bdc
2022-07-27 13:49:48,407 [Listener at 127.0.0.1/44975] INFO  impl.RoleInfo (RoleInfo.java:shutdownLeaderState(93)) - 89f3cafd-f6f4-41ae-bc62-6e12401c3bdc: shutdown 89f3cafd-f6f4-41ae-bc62-6e12401c3bdc@group-80FEA706BA56-LeaderStateImpl
2022-07-27 13:49:48,407 [Listener at 127.0.0.1/44975] INFO  impl.PendingRequests (PendingRequests.java:sendNotLeaderResponses(282)) - 89f3cafd-f6f4-41ae-bc62-6e12401c3bdc@group-80FEA706BA56-PendingRequests: sendNotLeaderResponses
2022-07-27 13:49:48,408 [Listener at 127.0.0.1/44975] INFO  impl.StateMachineUpdater (StateMachineUpdater.java:stopAndJoin(153)) - 89f3cafd-f6f4-41ae-bc62-6e12401c3bdc@group-80FEA706BA56-StateMachineUpdater: set stopIndex = 0
2022-07-27 13:49:48,408 [89f3cafd-f6f4-41ae-bc62-6e12401c3bdc@group-80FEA706BA56-StateMachineUpdater] INFO  ratis.ContainerStateMachine (ContainerStateMachine.java:takeSnapshot(304)) - group-80FEA706BA56: Taking a snapshot at:(t:1, i:0) file /home/runner/work/ozone/ozone/hadoop-ozone/integration-test/target/test-dir/MiniOzoneClusterImpl-cbeacfe2-84b1-4648-87cc-d28f9e4744b3/datanode-4/data/ratis/1da72f4d-31a7-4aa7-932d-80fea706ba56/sm/snapshot.1_0
2022-07-27 13:49:48,409 [89f3cafd-f6f4-41ae-bc62-6e12401c3bdc@group-80FEA706BA56-StateMachineUpdater] INFO  ratis.ContainerStateMachine (ContainerStateMachine.java:takeSnapshot(315)) - group-80FEA706BA56: Finished taking a snapshot at:(t:1, i:0) file:/home/runner/work/ozone/ozone/hadoop-ozone/integration-test/target/test-dir/MiniOzoneClusterImpl-cbeacfe2-84b1-4648-87cc-d28f9e4744b3/datanode-4/data/ratis/1da72f4d-31a7-4aa7-932d-80fea706ba56/sm/snapshot.1_0 took: 2 ms
2022-07-27 13:49:48,409 [89f3cafd-f6f4-41ae-bc62-6e12401c3bdc@group-80FEA706BA56-StateMachineUpdater] INFO  impl.StateMachineUpdater (StateMachineUpdater.java:takeSnapshot(287)) - 89f3cafd-f6f4-41ae-bc62-6e12401c3bdc@group-80FEA706BA56-StateMachineUpdater: Took a snapshot at index 0
2022-07-27 13:49:48,409 [89f3cafd-f6f4-41ae-bc62-6e12401c3bdc@group-80FEA706BA56-StateMachineUpdater] INFO  impl.StateMachineUpdater (StateMachineUpdater.java:lambda$new$0(92)) - 89f3cafd-f6f4-41ae-bc62-6e12401c3bdc@group-80FEA706BA56-StateMachineUpdater: snapshotIndex: updateIncreasingly -1 -> 0
2022-07-27 13:49:48,410 [Listener at 127.0.0.1/44975] INFO  server.RaftServer$Division (ServerState.java:close(429)) - 89f3cafd-f6f4-41ae-bc62-6e12401c3bdc@group-80FEA706BA56: closes. applyIndex: 0
2022-07-27 13:49:48,410 [89f3cafd-f6f4-41ae-bc62-6e12401c3bdc@group-80FEA706BA56-SegmentedRaftLogWorker] INFO  segmented.SegmentedRaftLogWorker (SegmentedRaftLogWorker.java:run(336)) - 89f3cafd-f6f4-41ae-bc62-6e12401c3bdc@group-80FEA706BA56-SegmentedRaftLogWorker was interrupted, exiting. There are 0 tasks remaining in the queue.
2022-07-27 13:49:48,410 [Listener at 127.0.0.1/44975] INFO  segmented.SegmentedRaftLogWorker (SegmentedRaftLogWorker.java:close(246)) - 89f3cafd-f6f4-41ae-bc62-6e12401c3bdc@group-80FEA706BA56-SegmentedRaftLogWorker close()
2022-07-27 13:49:48,411 [Listener at 127.0.0.1/44975] INFO  server.GrpcService (GrpcService.java:closeImpl(269)) - 89f3cafd-f6f4-41ae-bc62-6e12401c3bdc: shutdown server with port 34539 now
2022-07-27 13:49:48,412 [Listener at 127.0.0.1/44975] INFO  server.GrpcService (GrpcService.java:closeImpl(278)) - 89f3cafd-f6f4-41ae-bc62-6e12401c3bdc: shutdown server with port 34539 successfully
2022-07-27 13:49:48,412 [org.apache.ratis.util.JvmPauseMonitor$$Lambda$615/1136232276@65044f3b] INFO  util.JvmPauseMonitor (JvmPauseMonitor.java:run(109)) - JvmPauseMonitor-89f3cafd-f6f4-41ae-bc62-6e12401c3bdc: Stopped
2022-07-27 13:49:48,419 [ForkJoinPool.commonPool-worker-0] INFO  ozoneimpl.OzoneContainer (OzoneContainer.java:stop(399)) - Attempting to stop container services.
2022-07-27 13:49:48,420 [ForkJoinPool.commonPool-worker-0] INFO  server.RaftServer (RaftServerProxy.java:lambda$close$7(398)) - df335623-852d-4a6f-8cff-fa9ba72c6e1b: close
2022-07-27 13:49:48,420 [ForkJoinPool.commonPool-worker-0] INFO  server.RaftServer$Division (RaftServerImpl.java:lambda$close$4(434)) - df335623-852d-4a6f-8cff-fa9ba72c6e1b@group-4D17F1F44F46: shutdown
2022-07-27 13:49:48,420 [ForkJoinPool.commonPool-worker-0] INFO  util.JmxRegister (JmxRegister.java:unregister(73)) - Successfully un-registered JMX Bean with object name Ratis:service=RaftServer,group=group-4D17F1F44F46,id=df335623-852d-4a6f-8cff-fa9ba72c6e1b
2022-07-27 13:49:48,420 [ForkJoinPool.commonPool-worker-0] INFO  impl.RoleInfo (RoleInfo.java:shutdownFollowerState(110)) - df335623-852d-4a6f-8cff-fa9ba72c6e1b: shutdown df335623-852d-4a6f-8cff-fa9ba72c6e1b@group-4D17F1F44F46-FollowerState
2022-07-27 13:49:48,420 [ForkJoinPool.commonPool-worker-0] INFO  impl.StateMachineUpdater (StateMachineUpdater.java:stopAndJoin(153)) - df335623-852d-4a6f-8cff-fa9ba72c6e1b@group-4D17F1F44F46-StateMachineUpdater: set stopIndex = 32
2022-07-27 13:49:48,421 [df335623-852d-4a6f-8cff-fa9ba72c6e1b@group-4D17F1F44F46-FollowerState] INFO  impl.FollowerState (FollowerState.java:run(152)) - df335623-852d-4a6f-8cff-fa9ba72c6e1b@group-4D17F1F44F46-FollowerState was interrupted
2022-07-27 13:49:48,422 [df335623-852d-4a6f-8cff-fa9ba72c6e1b@group-4D17F1F44F46-StateMachineUpdater] INFO  ratis.ContainerStateMachine (ContainerStateMachine.java:takeSnapshot(304)) - group-4D17F1F44F46: Taking a snapshot at:(t:1, i:32) file /home/runner/work/ozone/ozone/hadoop-ozone/integration-test/target/test-dir/MiniOzoneClusterImpl-cbeacfe2-84b1-4648-87cc-d28f9e4744b3/datanode-0/data/ratis/51927b3c-84a4-444b-8ba1-4d17f1f44f46/sm/snapshot.1_32
2022-07-27 13:49:48,424 [df335623-852d-4a6f-8cff-fa9ba72c6e1b@group-4D17F1F44F46-StateMachineUpdater] INFO  ratis.ContainerStateMachine (ContainerStateMachine.java:takeSnapshot(315)) - group-4D17F1F44F46: Finished taking a snapshot at:(t:1, i:32) file:/home/runner/work/ozone/ozone/hadoop-ozone/integration-test/target/test-dir/MiniOzoneClusterImpl-cbeacfe2-84b1-4648-87cc-d28f9e4744b3/datanode-0/data/ratis/51927b3c-84a4-444b-8ba1-4d17f1f44f46/sm/snapshot.1_32 took: 2 ms
2022-07-27 13:49:48,424 [df335623-852d-4a6f-8cff-fa9ba72c6e1b@group-4D17F1F44F46-StateMachineUpdater] INFO  impl.StateMachineUpdater (StateMachineUpdater.java:takeSnapshot(287)) - df335623-852d-4a6f-8cff-fa9ba72c6e1b@group-4D17F1F44F46-StateMachineUpdater: Took a snapshot at index 32
2022-07-27 13:49:48,424 [df335623-852d-4a6f-8cff-fa9ba72c6e1b@group-4D17F1F44F46-StateMachineUpdater] INFO  impl.StateMachineUpdater (StateMachineUpdater.java:lambda$new$0(92)) - df335623-852d-4a6f-8cff-fa9ba72c6e1b@group-4D17F1F44F46-StateMachineUpdater: snapshotIndex: updateIncreasingly -1 -> 32
2022-07-27 13:49:48,427 [ForkJoinPool.commonPool-worker-0] INFO  server.RaftServer$Division (ServerState.java:close(429)) - df335623-852d-4a6f-8cff-fa9ba72c6e1b@group-4D17F1F44F46: closes. applyIndex: 32
2022-07-27 13:49:48,427 [df335623-852d-4a6f-8cff-fa9ba72c6e1b@group-4D17F1F44F46-SegmentedRaftLogWorker] INFO  segmented.SegmentedRaftLogWorker (SegmentedRaftLogWorker.java:run(336)) - df335623-852d-4a6f-8cff-fa9ba72c6e1b@group-4D17F1F44F46-SegmentedRaftLogWorker was interrupted, exiting. There are 0 tasks remaining in the queue.
2022-07-27 13:49:48,428 [ForkJoinPool.commonPool-worker-0] INFO  segmented.SegmentedRaftLogWorker (SegmentedRaftLogWorker.java:close(246)) - df335623-852d-4a6f-8cff-fa9ba72c6e1b@group-4D17F1F44F46-SegmentedRaftLogWorker close()
2022-07-27 13:49:48,429 [ForkJoinPool.commonPool-worker-0] INFO  server.RaftServer$Division (RaftServerImpl.java:lambda$close$4(434)) - df335623-852d-4a6f-8cff-fa9ba72c6e1b@group-EC36FC0C3E24: shutdown
2022-07-27 13:49:48,429 [ForkJoinPool.commonPool-worker-0] INFO  util.JmxRegister (JmxRegister.java:unregister(73)) - Successfully un-registered JMX Bean with object name Ratis:service=RaftServer,group=group-EC36FC0C3E24,id=df335623-852d-4a6f-8cff-fa9ba72c6e1b
2022-07-27 13:49:48,429 [ForkJoinPool.commonPool-worker-0] INFO  impl.RoleInfo (RoleInfo.java:shutdownFollowerState(110)) - df335623-852d-4a6f-8cff-fa9ba72c6e1b: shutdown df335623-852d-4a6f-8cff-fa9ba72c6e1b@group-EC36FC0C3E24-FollowerState
2022-07-27 13:49:48,429 [ForkJoinPool.commonPool-worker-0] INFO  impl.StateMachineUpdater (StateMachineUpdater.java:stopAndJoin(153)) - df335623-852d-4a6f-8cff-fa9ba72c6e1b@group-EC36FC0C3E24-StateMachineUpdater: set stopIndex = 0
2022-07-27 13:49:48,429 [df335623-852d-4a6f-8cff-fa9ba72c6e1b@group-EC36FC0C3E24-FollowerState] INFO  impl.FollowerState (FollowerState.java:run(152)) - df335623-852d-4a6f-8cff-fa9ba72c6e1b@group-EC36FC0C3E24-FollowerState was interrupted
2022-07-27 13:49:48,430 [df335623-852d-4a6f-8cff-fa9ba72c6e1b@group-EC36FC0C3E24-StateMachineUpdater] INFO  ratis.ContainerStateMachine (ContainerStateMachine.java:takeSnapshot(304)) - group-EC36FC0C3E24: Taking a snapshot at:(t:2, i:0) file /home/runner/work/ozone/ozone/hadoop-ozone/integration-test/target/test-dir/MiniOzoneClusterImpl-cbeacfe2-84b1-4648-87cc-d28f9e4744b3/datanode-0/data/ratis/d20d3ed0-ea39-4881-8953-ec36fc0c3e24/sm/snapshot.2_0
2022-07-27 13:49:48,431 [df335623-852d-4a6f-8cff-fa9ba72c6e1b@group-EC36FC0C3E24-StateMachineUpdater] INFO  ratis.ContainerStateMachine (ContainerStateMachine.java:takeSnapshot(315)) - group-EC36FC0C3E24: Finished taking a snapshot at:(t:2, i:0) file:/home/runner/work/ozone/ozone/hadoop-ozone/integration-test/target/test-dir/MiniOzoneClusterImpl-cbeacfe2-84b1-4648-87cc-d28f9e4744b3/datanode-0/data/ratis/d20d3ed0-ea39-4881-8953-ec36fc0c3e24/sm/snapshot.2_0 took: 2 ms
2022-07-27 13:49:48,431 [df335623-852d-4a6f-8cff-fa9ba72c6e1b@group-EC36FC0C3E24-StateMachineUpdater] INFO  impl.StateMachineUpdater (StateMachineUpdater.java:takeSnapshot(287)) - df335623-852d-4a6f-8cff-fa9ba72c6e1b@group-EC36FC0C3E24-StateMachineUpdater: Took a snapshot at index 0
2022-07-27 13:49:48,431 [df335623-852d-4a6f-8cff-fa9ba72c6e1b@group-EC36FC0C3E24-StateMachineUpdater] INFO  impl.StateMachineUpdater (StateMachineUpdater.java:lambda$new$0(92)) - df335623-852d-4a6f-8cff-fa9ba72c6e1b@group-EC36FC0C3E24-StateMachineUpdater: snapshotIndex: updateIncreasingly -1 -> 0
2022-07-27 13:49:48,432 [ForkJoinPool.commonPool-worker-0] INFO  server.RaftServer$Division (ServerState.java:close(429)) - df335623-852d-4a6f-8cff-fa9ba72c6e1b@group-EC36FC0C3E24: closes. applyIndex: 0
2022-07-27 13:49:48,432 [df335623-852d-4a6f-8cff-fa9ba72c6e1b@group-EC36FC0C3E24-SegmentedRaftLogWorker] INFO  segmented.SegmentedRaftLogWorker (SegmentedRaftLogWorker.java:run(336)) - df335623-852d-4a6f-8cff-fa9ba72c6e1b@group-EC36FC0C3E24-SegmentedRaftLogWorker was interrupted, exiting. There are 0 tasks remaining in the queue.
2022-07-27 13:49:48,432 [ForkJoinPool.commonPool-worker-0] INFO  segmented.SegmentedRaftLogWorker (SegmentedRaftLogWorker.java:close(246)) - df335623-852d-4a6f-8cff-fa9ba72c6e1b@group-EC36FC0C3E24-SegmentedRaftLogWorker close()
2022-07-27 13:49:48,433 [ForkJoinPool.commonPool-worker-0] INFO  server.RaftServer$Division (RaftServerImpl.java:lambda$close$4(434)) - df335623-852d-4a6f-8cff-fa9ba72c6e1b@group-9244B3F990A8: shutdown
2022-07-27 13:49:48,433 [ForkJoinPool.commonPool-worker-0] INFO  util.JmxRegister (JmxRegister.java:unregister(73)) - Successfully un-registered JMX Bean with object name Ratis:service=RaftServer,group=group-9244B3F990A8,id=df335623-852d-4a6f-8cff-fa9ba72c6e1b
2022-07-27 13:49:48,433 [ForkJoinPool.commonPool-worker-0] INFO  impl.RoleInfo (RoleInfo.java:shutdownLeaderState(93)) - df335623-852d-4a6f-8cff-fa9ba72c6e1b: shutdown df335623-852d-4a6f-8cff-fa9ba72c6e1b@group-9244B3F990A8-LeaderStateImpl
2022-07-27 13:49:48,433 [ForkJoinPool.commonPool-worker-0] INFO  impl.PendingRequests (PendingRequests.java:sendNotLeaderResponses(282)) - df335623-852d-4a6f-8cff-fa9ba72c6e1b@group-9244B3F990A8-PendingRequests: sendNotLeaderResponses
2022-07-27 13:49:48,434 [ForkJoinPool.commonPool-worker-0] INFO  impl.StateMachineUpdater (StateMachineUpdater.java:stopAndJoin(153)) - df335623-852d-4a6f-8cff-fa9ba72c6e1b@group-9244B3F990A8-StateMachineUpdater: set stopIndex = 0
2022-07-27 13:49:48,434 [df335623-852d-4a6f-8cff-fa9ba72c6e1b@group-9244B3F990A8-StateMachineUpdater] INFO  ratis.ContainerStateMachine (ContainerStateMachine.java:takeSnapshot(304)) - group-9244B3F990A8: Taking a snapshot at:(t:1, i:0) file /home/runner/work/ozone/ozone/hadoop-ozone/integration-test/target/test-dir/MiniOzoneClusterImpl-cbeacfe2-84b1-4648-87cc-d28f9e4744b3/datanode-0/data/ratis/c0957ea4-2684-4d83-8b4a-9244b3f990a8/sm/snapshot.1_0
2022-07-27 13:49:48,435 [df335623-852d-4a6f-8cff-fa9ba72c6e1b@group-9244B3F990A8-StateMachineUpdater] INFO  ratis.ContainerStateMachine (ContainerStateMachine.java:takeSnapshot(315)) - group-9244B3F990A8: Finished taking a snapshot at:(t:1, i:0) file:/home/runner/work/ozone/ozone/hadoop-ozone/integration-test/target/test-dir/MiniOzoneClusterImpl-cbeacfe2-84b1-4648-87cc-d28f9e4744b3/datanode-0/data/ratis/c0957ea4-2684-4d83-8b4a-9244b3f990a8/sm/snapshot.1_0 took: 1 ms
2022-07-27 13:49:48,435 [df335623-852d-4a6f-8cff-fa9ba72c6e1b@group-9244B3F990A8-StateMachineUpdater] INFO  impl.StateMachineUpdater (StateMachineUpdater.java:takeSnapshot(287)) - df335623-852d-4a6f-8cff-fa9ba72c6e1b@group-9244B3F990A8-StateMachineUpdater: Took a snapshot at index 0
2022-07-27 13:49:48,435 [df335623-852d-4a6f-8cff-fa9ba72c6e1b@group-9244B3F990A8-StateMachineUpdater] INFO  impl.StateMachineUpdater (StateMachineUpdater.java:lambda$new$0(92)) - df335623-852d-4a6f-8cff-fa9ba72c6e1b@group-9244B3F990A8-StateMachineUpdater: snapshotIndex: updateIncreasingly -1 -> 0
2022-07-27 13:49:48,435 [ForkJoinPool.commonPool-worker-0] INFO  server.RaftServer$Division (ServerState.java:close(429)) - df335623-852d-4a6f-8cff-fa9ba72c6e1b@group-9244B3F990A8: closes. applyIndex: 0
2022-07-27 13:49:48,435 [df335623-852d-4a6f-8cff-fa9ba72c6e1b@group-9244B3F990A8-SegmentedRaftLogWorker] INFO  segmented.SegmentedRaftLogWorker (SegmentedRaftLogWorker.java:run(336)) - df335623-852d-4a6f-8cff-fa9ba72c6e1b@group-9244B3F990A8-SegmentedRaftLogWorker was interrupted, exiting. There are 0 tasks remaining in the queue.
2022-07-27 13:49:48,436 [ForkJoinPool.commonPool-worker-0] INFO  segmented.SegmentedRaftLogWorker (SegmentedRaftLogWorker.java:close(246)) - df335623-852d-4a6f-8cff-fa9ba72c6e1b@group-9244B3F990A8-SegmentedRaftLogWorker close()
2022-07-27 13:49:48,436 [ForkJoinPool.commonPool-worker-0] INFO  server.GrpcService (GrpcService.java:closeImpl(269)) - df335623-852d-4a6f-8cff-fa9ba72c6e1b: shutdown server with port 40909 now
2022-07-27 13:49:48,440 [ForkJoinPool.commonPool-worker-0] INFO  server.GrpcService (GrpcService.java:closeImpl(278)) - df335623-852d-4a6f-8cff-fa9ba72c6e1b: shutdown server with port 40909 successfully
2022-07-27 13:49:48,440 [org.apache.ratis.util.JvmPauseMonitor$$Lambda$615/1136232276@4521921] INFO  util.JvmPauseMonitor (JvmPauseMonitor.java:run(109)) - JvmPauseMonitor-df335623-852d-4a6f-8cff-fa9ba72c6e1b: Stopped
2022-07-27 13:49:50,427 [Listener at 127.0.0.1/44975] INFO  utils.BackgroundService (BackgroundService.java:shutdown(141)) - Shutting down service BlockDeletingService
2022-07-27 13:49:50,429 [Listener at 127.0.0.1/44975] INFO  utils.BackgroundService (BackgroundService.java:shutdown(141)) - Shutting down service StaleRecoveringContainerScrubbingService
2022-07-27 13:49:50,456 [ForkJoinPool.commonPool-worker-0] INFO  utils.BackgroundService (BackgroundService.java:shutdown(141)) - Shutting down service BlockDeletingService
2022-07-27 13:49:50,456 [ForkJoinPool.commonPool-worker-0] INFO  utils.BackgroundService (BackgroundService.java:shutdown(141)) - Shutting down service StaleRecoveringContainerScrubbingService
2022-07-27 13:49:53,431 [Listener at 127.0.0.1/44975] INFO  statemachine.DatanodeStateMachine (DatanodeStateMachine.java:stopDaemon(580)) - Ozone container server stopped.
2022-07-27 13:49:53,439 [Listener at 127.0.0.1/44975] INFO  handler.ContextHandler (ContextHandler.java:doStop(1153)) - Stopped o.e.j.w.WebAppContext@412c1ad0{hddsDatanode,/,null,STOPPED}{jar:file:/home/runner/.m2/repository/org/apache/ozone/hdds-container-service/1.3.0-SNAPSHOT/hdds-container-service-1.3.0-SNAPSHOT.jar!/webapps/hddsDatanode}
2022-07-27 13:49:53,445 [Listener at 127.0.0.1/44975] INFO  server.AbstractConnector (AbstractConnector.java:doStop(381)) - Stopped ServerConnector@348e200e{HTTP/1.1, (http/1.1)}{0.0.0.0:0}
2022-07-27 13:49:53,446 [Listener at 127.0.0.1/44975] INFO  server.session (HouseKeeper.java:stopScavenging(149)) - node0 Stopped scavenging
2022-07-27 13:49:53,447 [Listener at 127.0.0.1/44975] INFO  handler.ContextHandler (ContextHandler.java:doStop(1153)) - Stopped o.e.j.s.ServletContextHandler@979ca7c{static,/static,jar:file:/home/runner/.m2/repository/org/apache/ozone/hdds-container-service/1.3.0-SNAPSHOT/hdds-container-service-1.3.0-SNAPSHOT.jar!/webapps/static,STOPPED}
2022-07-27 13:49:53,447 [Listener at 127.0.0.1/44975] INFO  handler.ContextHandler (ContextHandler.java:doStop(1153)) - Stopped o.e.j.s.ServletContextHandler@40c65f8d{logs,/logs,file:///home/runner/work/ozone/ozone/hadoop-ozone/integration-test/target/log,STOPPED}
2022-07-27 13:49:53,463 [ForkJoinPool.commonPool-worker-0] INFO  statemachine.DatanodeStateMachine (DatanodeStateMachine.java:stopDaemon(580)) - Ozone container server stopped.
2022-07-27 13:49:53,488 [ForkJoinPool.commonPool-worker-0] INFO  handler.ContextHandler (ContextHandler.java:doStop(1153)) - Stopped o.e.j.w.WebAppContext@1bd6c0de{hddsDatanode,/,null,STOPPED}{jar:file:/home/runner/.m2/repository/org/apache/ozone/hdds-container-service/1.3.0-SNAPSHOT/hdds-container-service-1.3.0-SNAPSHOT.jar!/webapps/hddsDatanode}
2022-07-27 13:49:53,491 [ForkJoinPool.commonPool-worker-0] INFO  server.AbstractConnector (AbstractConnector.java:doStop(381)) - Stopped ServerConnector@4a126898{HTTP/1.1, (http/1.1)}{0.0.0.0:0}
2022-07-27 13:49:53,491 [ForkJoinPool.commonPool-worker-0] INFO  server.session (HouseKeeper.java:stopScavenging(149)) - node0 Stopped scavenging
2022-07-27 13:49:53,503 [ForkJoinPool.commonPool-worker-0] INFO  handler.ContextHandler (ContextHandler.java:doStop(1153)) - Stopped o.e.j.s.ServletContextHandler@45e0589{static,/static,jar:file:/home/runner/.m2/repository/org/apache/ozone/hdds-container-service/1.3.0-SNAPSHOT/hdds-container-service-1.3.0-SNAPSHOT.jar!/webapps/static,STOPPED}
2022-07-27 13:49:53,504 [ForkJoinPool.commonPool-worker-0] INFO  handler.ContextHandler (ContextHandler.java:doStop(1153)) - Stopped o.e.j.s.ServletContextHandler@4b0b4083{logs,/logs,file:///home/runner/work/ozone/ozone/hadoop-ozone/integration-test/target/log,STOPPED}
2022-07-27 13:49:57,568 [UnderReplicatedQueueThreadThread] INFO  replication.UnderReplicatedProcessor (UnderReplicatedProcessor.java:processAll(85)) - Processed 0 under replicated containers, failed processing 0
2022-07-27 13:49:57,572 [OverReplicatedQueueThreadThread] INFO  replication.OverReplicatedProcessor (OverReplicatedProcessor.java:processAll(83)) - Processed 0 over replicated containers, failed processing 0
2022-07-27 13:49:58,457 [Listener at 127.0.0.1/44975] INFO  ozoneimpl.OzoneContainer (OzoneContainer.java:stop(399)) - Attempting to stop container services.
2022-07-27 13:49:58,458 [Listener at 127.0.0.1/44975] INFO  server.RaftServer (RaftServerProxy.java:lambda$close$7(398)) - cb7edee7-fe7c-4fa3-abda-3ed18a74bab8: close
2022-07-27 13:49:58,458 [Listener at 127.0.0.1/44975] INFO  server.RaftServer$Division (RaftServerImpl.java:lambda$close$4(434)) - cb7edee7-fe7c-4fa3-abda-3ed18a74bab8@group-DA5C3482901F: shutdown
2022-07-27 13:49:58,458 [Listener at 127.0.0.1/44975] INFO  util.JmxRegister (JmxRegister.java:unregister(73)) - Successfully un-registered JMX Bean with object name Ratis:service=RaftServer,group=group-DA5C3482901F,id=cb7edee7-fe7c-4fa3-abda-3ed18a74bab8
2022-07-27 13:49:58,458 [Listener at 127.0.0.1/44975] INFO  impl.RoleInfo (RoleInfo.java:shutdownLeaderState(93)) - cb7edee7-fe7c-4fa3-abda-3ed18a74bab8: shutdown cb7edee7-fe7c-4fa3-abda-3ed18a74bab8@group-DA5C3482901F-LeaderStateImpl
2022-07-27 13:49:58,458 [Listener at 127.0.0.1/44975] INFO  impl.PendingRequests (PendingRequests.java:sendNotLeaderResponses(282)) - cb7edee7-fe7c-4fa3-abda-3ed18a74bab8@group-DA5C3482901F-PendingRequests: sendNotLeaderResponses
2022-07-27 13:49:58,459 [Listener at 127.0.0.1/44975] INFO  impl.StateMachineUpdater (StateMachineUpdater.java:stopAndJoin(153)) - cb7edee7-fe7c-4fa3-abda-3ed18a74bab8@group-DA5C3482901F-StateMachineUpdater: set stopIndex = 0
2022-07-27 13:49:58,459 [cb7edee7-fe7c-4fa3-abda-3ed18a74bab8@group-DA5C3482901F-StateMachineUpdater] INFO  ratis.ContainerStateMachine (ContainerStateMachine.java:takeSnapshot(304)) - group-DA5C3482901F: Taking a snapshot at:(t:1, i:0) file /home/runner/work/ozone/ozone/hadoop-ozone/integration-test/target/test-dir/MiniOzoneClusterImpl-cbeacfe2-84b1-4648-87cc-d28f9e4744b3/datanode-3/data/ratis/a2e80931-c90e-41dd-8107-da5c3482901f/sm/snapshot.1_0
2022-07-27 13:49:58,465 [cb7edee7-fe7c-4fa3-abda-3ed18a74bab8@group-DA5C3482901F-StateMachineUpdater] INFO  ratis.ContainerStateMachine (ContainerStateMachine.java:takeSnapshot(315)) - group-DA5C3482901F: Finished taking a snapshot at:(t:1, i:0) file:/home/runner/work/ozone/ozone/hadoop-ozone/integration-test/target/test-dir/MiniOzoneClusterImpl-cbeacfe2-84b1-4648-87cc-d28f9e4744b3/datanode-3/data/ratis/a2e80931-c90e-41dd-8107-da5c3482901f/sm/snapshot.1_0 took: 6 ms
2022-07-27 13:49:58,465 [cb7edee7-fe7c-4fa3-abda-3ed18a74bab8@group-DA5C3482901F-StateMachineUpdater] INFO  impl.StateMachineUpdater (StateMachineUpdater.java:takeSnapshot(287)) - cb7edee7-fe7c-4fa3-abda-3ed18a74bab8@group-DA5C3482901F-StateMachineUpdater: Took a snapshot at index 0
2022-07-27 13:49:58,465 [cb7edee7-fe7c-4fa3-abda-3ed18a74bab8@group-DA5C3482901F-StateMachineUpdater] INFO  impl.StateMachineUpdater (StateMachineUpdater.java:lambda$new$0(92)) - cb7edee7-fe7c-4fa3-abda-3ed18a74bab8@group-DA5C3482901F-StateMachineUpdater: snapshotIndex: updateIncreasingly -1 -> 0
2022-07-27 13:49:58,466 [Listener at 127.0.0.1/44975] INFO  server.RaftServer$Division (ServerState.java:close(429)) - cb7edee7-fe7c-4fa3-abda-3ed18a74bab8@group-DA5C3482901F: closes. applyIndex: 0
2022-07-27 13:49:58,466 [cb7edee7-fe7c-4fa3-abda-3ed18a74bab8@group-DA5C3482901F-SegmentedRaftLogWorker] INFO  segmented.SegmentedRaftLogWorker (SegmentedRaftLogWorker.java:run(336)) - cb7edee7-fe7c-4fa3-abda-3ed18a74bab8@group-DA5C3482901F-SegmentedRaftLogWorker was interrupted, exiting. There are 0 tasks remaining in the queue.
2022-07-27 13:49:58,466 [Listener at 127.0.0.1/44975] INFO  segmented.SegmentedRaftLogWorker (SegmentedRaftLogWorker.java:close(246)) - cb7edee7-fe7c-4fa3-abda-3ed18a74bab8@group-DA5C3482901F-SegmentedRaftLogWorker close()
2022-07-27 13:49:58,467 [Listener at 127.0.0.1/44975] INFO  server.GrpcService (GrpcService.java:closeImpl(269)) - cb7edee7-fe7c-4fa3-abda-3ed18a74bab8: shutdown server with port 39367 now
2022-07-27 13:49:58,471 [Listener at 127.0.0.1/44975] INFO  server.GrpcService (GrpcService.java:closeImpl(278)) - cb7edee7-fe7c-4fa3-abda-3ed18a74bab8: shutdown server with port 39367 successfully
2022-07-27 13:49:58,471 [org.apache.ratis.util.JvmPauseMonitor$$Lambda$615/1136232276@6549742b] INFO  util.JvmPauseMonitor (JvmPauseMonitor.java:run(109)) - JvmPauseMonitor-cb7edee7-fe7c-4fa3-abda-3ed18a74bab8: Stopped
2022-07-27 13:50:00,491 [Listener at 127.0.0.1/44975] INFO  utils.BackgroundService (BackgroundService.java:shutdown(141)) - Shutting down service BlockDeletingService
2022-07-27 13:50:00,492 [Listener at 127.0.0.1/44975] INFO  utils.BackgroundService (BackgroundService.java:shutdown(141)) - Shutting down service StaleRecoveringContainerScrubbingService
2022-07-27 13:50:03,511 [Listener at 127.0.0.1/44975] INFO  statemachine.DatanodeStateMachine (DatanodeStateMachine.java:stopDaemon(580)) - Ozone container server stopped.
2022-07-27 13:50:03,527 [Listener at 127.0.0.1/44975] INFO  handler.ContextHandler (ContextHandler.java:doStop(1153)) - Stopped o.e.j.w.WebAppContext@34d5a168{hddsDatanode,/,null,STOPPED}{jar:file:/home/runner/.m2/repository/org/apache/ozone/hdds-container-service/1.3.0-SNAPSHOT/hdds-container-service-1.3.0-SNAPSHOT.jar!/webapps/hddsDatanode}
2022-07-27 13:50:03,539 [Listener at 127.0.0.1/44975] INFO  server.AbstractConnector (AbstractConnector.java:doStop(381)) - Stopped ServerConnector@546d4a2{HTTP/1.1, (http/1.1)}{0.0.0.0:0}
2022-07-27 13:50:03,539 [Listener at 127.0.0.1/44975] INFO  server.session (HouseKeeper.java:stopScavenging(149)) - node0 Stopped scavenging
2022-07-27 13:50:03,539 [Listener at 127.0.0.1/44975] INFO  handler.ContextHandler (ContextHandler.java:doStop(1153)) - Stopped o.e.j.s.ServletContextHandler@682f0992{static,/static,jar:file:/home/runner/.m2/repository/org/apache/ozone/hdds-container-service/1.3.0-SNAPSHOT/hdds-container-service-1.3.0-SNAPSHOT.jar!/webapps/static,STOPPED}
2022-07-27 13:50:03,539 [Listener at 127.0.0.1/44975] INFO  handler.ContextHandler (ContextHandler.java:doStop(1153)) - Stopped o.e.j.s.ServletContextHandler@a45802c{logs,/logs,file:///home/runner/work/ozone/ozone/hadoop-ozone/integration-test/target/log,STOPPED}
2022-07-27 13:50:03,548 [Listener at 127.0.0.1/44975] INFO  ozone.MiniOzoneClusterImpl (MiniOzoneClusterImpl.java:stopSCM(537)) - Stopping the StorageContainerManager
2022-07-27 13:50:03,548 [Listener at 127.0.0.1/44975] INFO  server.StorageContainerManager (StorageContainerManager.java:stop(1544)) - Container Balancer is not running.
2022-07-27 13:50:03,548 [Listener at 127.0.0.1/44975] INFO  server.StorageContainerManager (StorageContainerManager.java:stop(1551)) - Stopping Replication Manager Service.
2022-07-27 13:50:03,548 [Listener at 127.0.0.1/44975] INFO  replication.ReplicationManager (ReplicationManager.java:stop(233)) - Stopping Replication Monitor Thread.
2022-07-27 13:50:03,548 [Listener at 127.0.0.1/44975] INFO  server.StorageContainerManager (StorageContainerManager.java:stop(1558)) - Stopping the Datanode Admin Monitor.
2022-07-27 13:50:03,548 [ReplicationMonitor] INFO  replication.ReplicationManager (ReplicationManager.java:run(466)) - Replication Monitor Thread is stopped
2022-07-27 13:50:03,548 [Listener at 127.0.0.1/44975] INFO  server.StorageContainerManager (StorageContainerManager.java:stop(1565)) - Stopping Lease Manager of the command watchers
2022-07-27 13:50:03,551 [Listener at 127.0.0.1/44975] INFO  server.StorageContainerManager (StorageContainerManager.java:stop(1572)) - Stopping datanode service RPC server
2022-07-27 13:50:03,551 [Listener at 127.0.0.1/44975] INFO  server.SCMDatanodeProtocolServer (SCMDatanodeProtocolServer.java:stop(414)) - Stopping the RPC server for DataNodes
2022-07-27 13:50:03,551 [Listener at 127.0.0.1/44975] INFO  ipc.Server (Server.java:stop(3414)) - Stopping server on 35237
2022-07-27 13:50:03,554 [IPC Server listener on 0] INFO  ipc.Server (Server.java:run(1376)) - Stopping IPC Server listener on 0
2022-07-27 13:50:03,557 [IPC Server Responder] INFO  ipc.Server (Server.java:run(1512)) - Stopping IPC Server Responder
2022-07-27 13:50:03,615 [SCM Heartbeat Processing Thread - 0] WARN  node.NodeStateManager (NodeStateManager.java:scheduleNextHealthCheck(870)) - Current Thread is interrupted, shutting down HB processing thread for Node Manager.
2022-07-27 13:50:03,615 [Listener at 127.0.0.1/44975] INFO  server.StorageContainerManager (StorageContainerManager.java:stop(1580)) - Stopping block service RPC server
2022-07-27 13:50:03,615 [Listener at 127.0.0.1/44975] INFO  server.SCMBlockProtocolServer (SCMBlockProtocolServer.java:stop(161)) - Stopping the RPC server for Block Protocol
2022-07-27 13:50:03,615 [Listener at 127.0.0.1/44975] INFO  ipc.Server (Server.java:stop(3414)) - Stopping server on 40261
2022-07-27 13:50:03,619 [IPC Server Responder] INFO  ipc.Server (Server.java:run(1512)) - Stopping IPC Server Responder
2022-07-27 13:50:03,620 [Listener at 127.0.0.1/44975] INFO  server.StorageContainerManager (StorageContainerManager.java:stop(1587)) - Stopping the StorageContainerLocationProtocol RPC server
2022-07-27 13:50:03,620 [Listener at 127.0.0.1/44975] INFO  server.SCMClientProtocolServer (SCMClientProtocolServer.java:stop(179)) - Stopping the RPC server for Client Protocol
2022-07-27 13:50:03,620 [Listener at 127.0.0.1/44975] INFO  ipc.Server (Server.java:stop(3414)) - Stopping server on 44489
2022-07-27 13:50:03,620 [IPC Server listener on 0] INFO  ipc.Server (Server.java:run(1376)) - Stopping IPC Server listener on 0
2022-07-27 13:50:03,623 [IPC Server Responder] INFO  ipc.Server (Server.java:run(1512)) - Stopping IPC Server Responder
2022-07-27 13:50:03,623 [Listener at 127.0.0.1/44975] INFO  server.StorageContainerManager (StorageContainerManager.java:stop(1594)) - Stopping Storage Container Manager HTTP server.
2022-07-27 13:50:03,623 [Listener at 127.0.0.1/44975] INFO  handler.ContextHandler (ContextHandler.java:doStop(1153)) - Stopped o.e.j.w.WebAppContext@70f0c352{scm,/,null,STOPPED}{file:/home/runner/work/ozone/ozone/hadoop-ozone/integration-test/target/test-classes/webapps/scm}
2022-07-27 13:50:03,624 [IPC Server listener on 0] INFO  ipc.Server (Server.java:run(1376)) - Stopping IPC Server listener on 0
2022-07-27 13:50:03,624 [Listener at 127.0.0.1/44975] INFO  server.AbstractConnector (AbstractConnector.java:doStop(381)) - Stopped ServerConnector@1acfc058{HTTP/1.1, (http/1.1)}{0.0.0.0:0}
2022-07-27 13:50:03,624 [Listener at 127.0.0.1/44975] INFO  server.session (HouseKeeper.java:stopScavenging(149)) - node0 Stopped scavenging
2022-07-27 13:50:03,626 [Listener at 127.0.0.1/44975] INFO  handler.ContextHandler (ContextHandler.java:doStop(1153)) - Stopped o.e.j.s.ServletContextHandler@3e265811{static,/static,file:///home/runner/work/ozone/ozone/hadoop-ozone/integration-test/target/test-classes/webapps/static,STOPPED}
2022-07-27 13:50:03,626 [Listener at 127.0.0.1/44975] INFO  handler.ContextHandler (ContextHandler.java:doStop(1153)) - Stopped o.e.j.s.ServletContextHandler@43c20142{logs,/logs,file:///home/runner/work/ozone/ozone/hadoop-ozone/integration-test/target/log,STOPPED}
2022-07-27 13:50:03,641 [Listener at 127.0.0.1/44975] INFO  server.StorageContainerManager (StorageContainerManager.java:stop(1605)) - Stopping Block Manager Service.
2022-07-27 13:50:03,642 [Listener at 127.0.0.1/44975] INFO  utils.BackgroundService (BackgroundService.java:shutdown(141)) - Shutting down service SCMBlockDeletingService
2022-07-27 13:50:03,642 [Listener at 127.0.0.1/44975] INFO  utils.BackgroundService (BackgroundService.java:shutdown(141)) - Shutting down service SCMBlockDeletingService
2022-07-27 13:50:03,642 [Listener at 127.0.0.1/44975] INFO  server.StorageContainerManager (StorageContainerManager.java:stop(1632)) - Stopping SCM Event Queue.
2022-07-27 13:50:03,644 [Listener at 127.0.0.1/44975] INFO  server.StorageContainerManager (StorageContainerManager.java:stop(1643)) - Stopping SCM HA services.
2022-07-27 13:50:03,645 [Listener at 127.0.0.1/44975] INFO  pipeline.BackgroundPipelineCreator (BackgroundPipelineCreator.java:stop(149)) - Stopping RatisPipelineUtilsThread.
2022-07-27 13:50:03,645 [RatisPipelineUtilsThread - 0] WARN  pipeline.BackgroundPipelineCreator (BackgroundPipelineCreator.java:run(180)) - RatisPipelineUtilsThread is interrupted.
2022-07-27 13:50:03,645 [BackgroundPipelineScrubberThread] WARN  BackgroundPipelineScrubber (BackgroundSCMService.java:run(110)) - BackgroundPipelineScrubber is interrupted, exit
2022-07-27 13:50:03,645 [Listener at 127.0.0.1/44975] INFO  BackgroundPipelineScrubber (BackgroundSCMService.java:stop(126)) - Stopping BackgroundPipelineScrubber Service.
2022-07-27 13:50:03,646 [Listener at 127.0.0.1/44975] INFO  server.StorageContainerManager (StorageContainerManager.java:stop(1653)) - Stopping SCM MetadataStore.
2022-07-27 13:50:03,655 [Listener at 127.0.0.1/44975] INFO  impl.MetricsSystemImpl (MetricsSystemImpl.java:stop(210)) - Stopping XceiverClientMetrics metrics system...
2022-07-27 13:50:03,673 [prometheus] INFO  impl.MetricsSinkAdapter (MetricsSinkAdapter.java:publishMetricsFromQueue(141)) - prometheus thread interrupted.
2022-07-27 13:50:03,674 [Listener at 127.0.0.1/44975] INFO  impl.MetricsSystemImpl (MetricsSystemImpl.java:stop(216)) - XceiverClientMetrics metrics system stopped.
2022-07-27 13:50:03,864 [Listener at 127.0.0.1/44975] WARN  server.ServerUtils (ServerUtils.java:getScmDbDir(148)) - ozone.scm.db.dirs is not configured. We recommend adding this setting. Falling back to ozone.metadata.dirs instead.
2022-07-27 13:50:03,879 [Listener at 127.0.0.1/44975] WARN  server.ServerUtils (ServerUtils.java:getScmDbDir(148)) - ozone.scm.db.dirs is not configured. We recommend adding this setting. Falling back to ozone.metadata.dirs instead.
2022-07-27 13:50:03,879 [Listener at 127.0.0.1/44975] INFO  ha.SCMHANodeDetails (SCMHANodeDetails.java:loadSCMHAConfig(209)) - ServiceID for StorageContainerManager is null
2022-07-27 13:50:03,879 [Listener at 127.0.0.1/44975] INFO  ha.SCMHANodeDetails (SCMHANodeDetails.java:loadSCMHAConfig(214)) - ozone.scm.default.service.id is not defined, falling back to ozone.scm.service.ids to find serviceID for StorageContainerManager if it is HA enabled cluster
2022-07-27 13:50:03,886 [Listener at 127.0.0.1/44975] WARN  utils.HAUtils (HAUtils.java:getMetaDir(342)) - ozone.scm.db.dirs is not configured. We recommend adding this setting. Falling back to ozone.metadata.dirs instead.
2022-07-27 13:50:03,887 [Listener at 127.0.0.1/44975] WARN  db.DBStoreBuilder (DBStoreBuilder.java:applyDBDefinition(145)) - ozone.scm.db.dirs is not configured. We recommend adding this setting. Falling back to ozone.metadata.dirs instead.
2022-07-27 13:50:04,064 [Listener at 127.0.0.1/44975] INFO  net.NodeSchemaLoader (NodeSchemaLoader.java:loadSchemaFromFile(129)) - Loading schema from [jar:file:/home/runner/.m2/repository/org/apache/ozone/hdds-common/1.3.0-SNAPSHOT/hdds-common-1.3.0-SNAPSHOT.jar!/network-topology-default.xml]
2022-07-27 13:50:04,064 [Listener at 127.0.0.1/44975] INFO  net.NodeSchemaLoader (NodeSchemaLoader.java:loadSchema(176)) - Loading network topology layer schema file
2022-07-27 13:50:04,068 [Listener at 127.0.0.1/44975] INFO  upgrade.AbstractLayoutVersionManager (AbstractLayoutVersionManager.java:init(83)) - Initializing Layout version manager with metadata layout = DATANODE_SCHEMA_V3 (version = 4), software layout = DATANODE_SCHEMA_V3 (version = 4)
2022-07-27 13:50:04,172 [Listener at 127.0.0.1/44975] INFO  reflections.Reflections (Reflections.java:scan(232)) - Reflections took 103 ms to scan 7 urls, producing 132 keys and 321 values 
2022-07-27 13:50:04,173 [Listener at 127.0.0.1/44975] INFO  ha.SequenceIdGenerator (SequenceIdGenerator.java:upgradeToSequenceId(349)) - upgrade localId to 109611004723200000
2022-07-27 13:50:04,174 [Listener at 127.0.0.1/44975] INFO  ha.SequenceIdGenerator (SequenceIdGenerator.java:upgradeToSequenceId(359)) - upgrade delTxnId to 0
2022-07-27 13:50:04,174 [Listener at 127.0.0.1/44975] INFO  ha.SequenceIdGenerator (SequenceIdGenerator.java:upgradeToSequenceId(376)) - upgrade containerId to 0
2022-07-27 13:50:04,174 [Listener at 127.0.0.1/44975] INFO  ha.SequenceIdGenerator (SequenceIdGenerator.java:<init>(220)) - Init the HA SequenceIdGenerator.
2022-07-27 13:50:04,174 [Listener at 127.0.0.1/44975] WARN  server.ServerUtils (ServerUtils.java:sanitizeUserArgs(73)) - ozone.scm.stale.node.interval value = 300000 is larger than max = 100000 based on the key value of ozone.scm.heartbeat.thread.interval, reset to the max value 100000.
2022-07-27 13:50:04,174 [Listener at 127.0.0.1/44975] WARN  server.ServerUtils (ServerUtils.java:sanitizeUserArgs(73)) - ozone.scm.stale.node.interval value = 300000 is larger than max = 100000 based on the key value of ozone.scm.heartbeat.thread.interval, reset to the max value 100000.
2022-07-27 13:50:04,178 [Listener at 127.0.0.1/44975] INFO  node.SCMNodeManager (SCMNodeManager.java:<init>(149)) - Entering startup safe mode.
2022-07-27 13:50:04,178 [Listener at 127.0.0.1/44975] INFO  algorithms.ContainerPlacementPolicyFactory (ContainerPlacementPolicyFactory.java:getPolicyInternal(86)) - Create container placement policy of type org.apache.hadoop.hdds.scm.container.placement.algorithms.SCMContainerPlacementRandom
2022-07-27 13:50:04,178 [Listener at 127.0.0.1/44975] INFO  pipeline.PipelineStateManagerImpl (PipelineStateManagerImpl.java:initialize(78)) - No pipeline exists in current db
2022-07-27 13:50:04,179 [Listener at 127.0.0.1/44975] INFO  algorithms.LeaderChoosePolicyFactory (LeaderChoosePolicyFactory.java:getPolicy(57)) - Create leader choose policy of type org.apache.hadoop.hdds.scm.pipeline.leader.choose.algorithms.MinLeaderCountChoosePolicy
2022-07-27 13:50:04,179 [Listener at 127.0.0.1/44975] INFO  algorithms.ContainerPlacementPolicyFactory (ContainerPlacementPolicyFactory.java:getPolicyInternal(86)) - Create container placement policy of type org.apache.hadoop.hdds.scm.container.placement.algorithms.SCMContainerPlacementRackScatter
2022-07-27 13:50:04,179 [Listener at 127.0.0.1/44975] INFO  ha.SCMServiceManager (SCMServiceManager.java:register(42)) - Registering service BackgroundPipelineCreator.
2022-07-27 13:50:04,179 [Listener at 127.0.0.1/44975] INFO  pipeline.BackgroundPipelineCreator (BackgroundPipelineCreator.java:start(124)) - Starting RatisPipelineUtilsThread.
2022-07-27 13:50:04,187 [Listener at 127.0.0.1/44975] INFO  BackgroundPipelineScrubber (BackgroundSCMService.java:start(68)) - Starting BackgroundPipelineScrubber Service.
2022-07-27 13:50:04,195 [Listener at 127.0.0.1/44975] INFO  ha.SCMServiceManager (SCMServiceManager.java:register(42)) - Registering service BackgroundPipelineScrubber.
2022-07-27 13:50:04,195 [Listener at 127.0.0.1/44975] INFO  ExpiredContainerReplicaOpScrubber (BackgroundSCMService.java:start(68)) - Starting ExpiredContainerReplicaOpScrubber Service.
2022-07-27 13:50:04,195 [Listener at 127.0.0.1/44975] INFO  ha.SCMServiceManager (SCMServiceManager.java:register(42)) - Registering service ExpiredContainerReplicaOpScrubber.
2022-07-27 13:50:04,196 [Listener at 127.0.0.1/44975] INFO  algorithms.PipelineChoosePolicyFactory (PipelineChoosePolicyFactory.java:createPipelineChoosePolicyFromClass(73)) - Create pipeline choose policy of type org.apache.hadoop.hdds.scm.pipeline.choose.algorithms.RandomPipelineChoosePolicy
2022-07-27 13:50:04,196 [Listener at 127.0.0.1/44975] INFO  ha.SCMServiceManager (SCMServiceManager.java:register(42)) - Registering service SCMBlockDeletingService.
2022-07-27 13:50:04,197 [Listener at 127.0.0.1/44975] INFO  replication.ReplicationManager (ReplicationManager.java:start(200)) - Starting Replication Monitor Thread.
2022-07-27 13:50:04,197 [Listener at 127.0.0.1/44975] INFO  UnderReplicatedQueueThread (BackgroundSCMService.java:start(68)) - Starting UnderReplicatedQueueThread Service.
2022-07-27 13:50:04,197 [Listener at 127.0.0.1/44975] INFO  ha.SCMServiceManager (SCMServiceManager.java:register(42)) - Registering service UnderReplicatedQueueThread.
2022-07-27 13:50:04,197 [Listener at 127.0.0.1/44975] INFO  OverReplicatedQueueThread (BackgroundSCMService.java:start(68)) - Starting OverReplicatedQueueThread Service.
2022-07-27 13:50:04,198 [Listener at 127.0.0.1/44975] INFO  ha.SCMServiceManager (SCMServiceManager.java:register(42)) - Registering service OverReplicatedQueueThread.
2022-07-27 13:50:04,198 [Listener at 127.0.0.1/44975] INFO  ha.SCMServiceManager (SCMServiceManager.java:register(42)) - Registering service ReplicationManager.
2022-07-27 13:50:04,198 [Listener at 127.0.0.1/44975] INFO  safemode.ContainerSafeModeRule (ContainerSafeModeRule.java:<init>(89)) - containers with one replica threshold count 0
2022-07-27 13:50:04,198 [Listener at 127.0.0.1/44975] INFO  safemode.HealthyPipelineSafeModeRule (HealthyPipelineSafeModeRule.java:initializeRule(169)) - Total pipeline count is 0, healthy pipeline threshold count is 1
2022-07-27 13:50:04,198 [Listener at 127.0.0.1/44975] INFO  safemode.OneReplicaPipelineSafeModeRule (OneReplicaPipelineSafeModeRule.java:initializeRule(180)) - Total pipeline count is 0, pipeline's with at least one datanode reported threshold count is 0
2022-07-27 13:50:04,199 [Listener at 127.0.0.1/44975] INFO  ipc.CallQueueManager (CallQueueManager.java:<init>(90)) - Using callQueue: class java.util.concurrent.LinkedBlockingQueue, queueCapacity: 2000, scheduler: class org.apache.hadoop.ipc.DefaultRpcScheduler, ipcBackoff: false.
2022-07-27 13:50:04,200 [Socket Reader #1 for port 0] INFO  ipc.Server (Server.java:run(1265)) - Starting Socket Reader #1 for port 0
2022-07-27 13:50:04,200 [Listener at 0.0.0.0/40839] INFO  ipc.CallQueueManager (CallQueueManager.java:<init>(90)) - Using callQueue: class java.util.concurrent.LinkedBlockingQueue, queueCapacity: 2000, scheduler: class org.apache.hadoop.ipc.DefaultRpcScheduler, ipcBackoff: false.
2022-07-27 13:50:04,201 [Socket Reader #1 for port 0] INFO  ipc.Server (Server.java:run(1265)) - Starting Socket Reader #1 for port 0
2022-07-27 13:50:04,201 [Listener at 0.0.0.0/46187] INFO  ipc.CallQueueManager (CallQueueManager.java:<init>(90)) - Using callQueue: class java.util.concurrent.LinkedBlockingQueue, queueCapacity: 2000, scheduler: class org.apache.hadoop.ipc.DefaultRpcScheduler, ipcBackoff: false.
2022-07-27 13:50:04,202 [Socket Reader #1 for port 0] INFO  ipc.Server (Server.java:run(1265)) - Starting Socket Reader #1 for port 0
2022-07-27 13:50:04,210 [ReplicationMonitor] INFO  replication.ReplicationManager (ReplicationManager.java:processAll(249)) - Replication Manager is not ready to run until 3000ms after safemode exit
2022-07-27 13:50:04,269 [Listener at 0.0.0.0/43293] INFO  ha.SCMServiceManager (SCMServiceManager.java:register(42)) - Registering service ContainerBalancer.
2022-07-27 13:50:04,270 [Listener at 0.0.0.0/43293] INFO  server.StorageContainerManager (StorageContainerManager.java:<init>(403)) - 
Container Balancer status:
Key                            Value
Running                        false
Container Balancer Configuration values:
Key                                                Value
Threshold                                          10
Max Datanodes to Involve per Iteration(percent)    20
Max Size to Move per Iteration                     500GB
Max Size Entering Target per Iteration             26GB
Max Size Leaving Source per Iteration              26GB

2022-07-27 13:50:04,270 [Listener at 0.0.0.0/43293] WARN  events.EventQueue (EventQueue.java:fireEvent(216)) - No event handler registered for event TypedEvent{payloadType=SafeModeStatus, name='Safe mode status'}
2022-07-27 13:50:04,270 [Listener at 0.0.0.0/43293] INFO  ha.SCMContext (SCMContext.java:updateSafeModeStatus(228)) - Update SafeModeStatus from SafeModeStatus{safeModeStatus=true, preCheckPassed=false} to SafeModeStatus{safeModeStatus=true, preCheckPassed=false}.
2022-07-27 13:50:04,270 [Listener at 0.0.0.0/43293] INFO  server.StorageContainerManager (StorageContainerManager.java:start(1452)) - StorageContainerLocationProtocol RPC server is listening at /0.0.0.0:43293
2022-07-27 13:50:04,276 [Listener at 0.0.0.0/43293] WARN  impl.MetricsConfig (MetricsConfig.java:loadFirst(136)) - Cannot locate configuration: tried hadoop-metrics2-storagecontainermanager.properties,hadoop-metrics2.properties
2022-07-27 13:50:04,287 [Listener at 0.0.0.0/43293] INFO  impl.MetricsSystemImpl (MetricsSystemImpl.java:startTimer(378)) - Scheduled Metric snapshot period at 10 second(s).
2022-07-27 13:50:04,287 [Listener at 0.0.0.0/43293] INFO  impl.MetricsSystemImpl (MetricsSystemImpl.java:start(191)) - StorageContainerManager metrics system started
2022-07-27 13:50:04,307 [Listener at 0.0.0.0/43293] INFO  impl.MetricsSinkAdapter (MetricsSinkAdapter.java:start(204)) - Sink prometheus started
2022-07-27 13:50:04,307 [Listener at 0.0.0.0/43293] INFO  impl.MetricsSystemImpl (MetricsSystemImpl.java:registerSink(305)) - Registered sink prometheus
2022-07-27 13:50:04,337 [Listener at 0.0.0.0/43293] INFO  server.SCMClientProtocolServer (SCMClientProtocolServer.java:start(170)) - RPC server for Client  is listening at /0.0.0.0:43293
2022-07-27 13:50:04,343 [IPC Server Responder] INFO  ipc.Server (Server.java:run(1507)) - IPC Server Responder: starting
2022-07-27 13:50:04,363 [IPC Server listener on 0] INFO  ipc.Server (Server.java:run(1344)) - IPC Server listener on 0: starting
2022-07-27 13:50:04,423 [Listener at 0.0.0.0/43293] INFO  server.StorageContainerManager (StorageContainerManager.java:start(1467)) - ScmBlockLocationProtocol RPC server is listening at /0.0.0.0:46187
2022-07-27 13:50:04,424 [Listener at 0.0.0.0/43293] INFO  server.SCMBlockProtocolServer (SCMBlockProtocolServer.java:start(152)) - RPC server for Block Protocol is listening at /0.0.0.0:46187
2022-07-27 13:50:04,425 [IPC Server Responder] INFO  ipc.Server (Server.java:run(1507)) - IPC Server Responder: starting
2022-07-27 13:50:04,434 [IPC Server listener on 0] INFO  ipc.Server (Server.java:run(1344)) - IPC Server listener on 0: starting
2022-07-27 13:50:04,484 [Listener at 0.0.0.0/43293] INFO  server.SCMDatanodeProtocolServer (SCMDatanodeProtocolServer.java:start(186)) - ScmDatanodeProtocol RPC server for DataNodes is listening at /0.0.0.0:40839
2022-07-27 13:50:04,491 [IPC Server Responder] INFO  ipc.Server (Server.java:run(1507)) - IPC Server Responder: starting
2022-07-27 13:50:04,565 [IPC Server listener on 0] INFO  ipc.Server (Server.java:run(1344)) - IPC Server listener on 0: starting
2022-07-27 13:50:04,570 [Listener at 0.0.0.0/43293] INFO  http.BaseHttpServer (BaseHttpServer.java:newHttpServer2BuilderForOzone(209)) - Starting Web-server for scm at: http://0.0.0.0:0
2022-07-27 13:50:04,571 [Listener at 0.0.0.0/43293] INFO  http.BaseHttpServer (BaseHttpServer.java:<init>(107)) - Hadoop Security Enabled: false Ozone Security Enabled: false Ozone HTTP Security Enabled: false 
2022-07-27 13:50:04,572 [Listener at 0.0.0.0/43293] INFO  server.AuthenticationFilter (AuthenticationFilter.java:constructSecretProvider(240)) - Unable to initialize FileSignerSecretProvider, falling back to use random secrets.
2022-07-27 13:50:04,584 [Listener at 0.0.0.0/43293] WARN  http.HttpRequestLog (HttpRequestLog.java:getRequestLog(103)) - Jetty request log can only be enabled using Log4j
2022-07-27 13:50:04,586 [Listener at 0.0.0.0/43293] INFO  http.HttpServer2 (HttpServer2.java:addGlobalFilter(1029)) - Added global filter 'safety' (class=org.apache.hadoop.hdds.server.http.HttpServer2$QuotingInputFilter)
2022-07-27 13:50:04,587 [Listener at 0.0.0.0/43293] INFO  http.HttpServer2 (HttpServer2.java:addFilter(1005)) - Added filter static_user_filter (class=org.apache.hadoop.http.lib.StaticUserWebFilter$StaticUserFilter) to context scm
2022-07-27 13:50:04,587 [Listener at 0.0.0.0/43293] INFO  http.HttpServer2 (HttpServer2.java:addFilter(1013)) - Added filter static_user_filter (class=org.apache.hadoop.http.lib.StaticUserWebFilter$StaticUserFilter) to context logs
2022-07-27 13:50:04,587 [Listener at 0.0.0.0/43293] INFO  http.HttpServer2 (HttpServer2.java:addFilter(1013)) - Added filter static_user_filter (class=org.apache.hadoop.http.lib.StaticUserWebFilter$StaticUserFilter) to context static
2022-07-27 13:50:04,588 [org.apache.hadoop.util.JvmPauseMonitor$Monitor@164b2a36] INFO  util.JvmPauseMonitor (JvmPauseMonitor.java:run(188)) - Starting JVM pause monitor
2022-07-27 13:50:04,591 [Listener at 0.0.0.0/43293] INFO  http.HttpServer2 (HttpServer2.java:bindListener(1248)) - Jetty bound to port 33635
2022-07-27 13:50:04,591 [Listener at 0.0.0.0/43293] INFO  server.Server (Server.java:doStart(375)) - jetty-9.4.43.v20210629; built: 2021-06-30T11:07:22.254Z; git: 526006ecfa3af7f1a27ef3a288e2bef7ea9dd7e8; jvm 1.8.0_332-b09
2022-07-27 13:50:04,604 [Listener at 0.0.0.0/43293] INFO  server.session (DefaultSessionIdManager.java:doStart(334)) - DefaultSessionIdManager workerName=node0
2022-07-27 13:50:04,604 [Listener at 0.0.0.0/43293] INFO  server.session (DefaultSessionIdManager.java:doStart(339)) - No SessionScavenger set, using defaults
2022-07-27 13:50:04,605 [Listener at 0.0.0.0/43293] INFO  server.session (HouseKeeper.java:startScavenging(132)) - node0 Scavenging every 600000ms
2022-07-27 13:50:04,605 [Listener at 0.0.0.0/43293] INFO  handler.ContextHandler (ContextHandler.java:doStart(915)) - Started o.e.j.s.ServletContextHandler@1ae42ea1{logs,/logs,file:///home/runner/work/ozone/ozone/hadoop-ozone/integration-test/target/log,AVAILABLE}
2022-07-27 13:50:04,606 [Listener at 0.0.0.0/43293] INFO  handler.ContextHandler (ContextHandler.java:doStart(915)) - Started o.e.j.s.ServletContextHandler@6d5a85c0{static,/static,file:///home/runner/work/ozone/ozone/hadoop-ozone/integration-test/target/test-classes/webapps/static,AVAILABLE}
2022-07-27 13:50:04,609 [Listener at 0.0.0.0/43293] INFO  handler.ContextHandler (ContextHandler.java:doStart(915)) - Started o.e.j.w.WebAppContext@47ca97ee{scm,/,file:///home/runner/work/ozone/ozone/hadoop-ozone/integration-test/target/test-classes/webapps/scm/,AVAILABLE}{file:/home/runner/work/ozone/ozone/hadoop-ozone/integration-test/target/test-classes/webapps/scm}
2022-07-27 13:50:04,633 [Listener at 0.0.0.0/43293] INFO  server.AbstractConnector (AbstractConnector.java:doStart(331)) - Started ServerConnector@2ab90dd4{HTTP/1.1, (http/1.1)}{0.0.0.0:33635}
2022-07-27 13:50:04,633 [Listener at 0.0.0.0/43293] INFO  server.Server (Server.java:doStart(415)) - Started @70196ms
2022-07-27 13:50:04,633 [Listener at 0.0.0.0/43293] WARN  impl.MetricsSystemImpl (MetricsSystemImpl.java:register(279)) - Sink prometheus already exists!
2022-07-27 13:50:04,634 [Listener at 0.0.0.0/43293] INFO  http.BaseHttpServer (BaseHttpServer.java:updateConnectorAddress(329)) - HTTP server of scm listening at http://0.0.0.0:33635
2022-07-27 13:50:04,634 [Listener at 0.0.0.0/43293] WARN  server.ServerUtils (ServerUtils.java:getDBPath(225)) - ozone.om.db.dirs is not configured. We recommend adding this setting. Falling back to ozone.metadata.dirs instead.
2022-07-27 13:50:04,636 [Listener at 0.0.0.0/43293] INFO  ha.OMHANodeDetails (OMHANodeDetails.java:loadOMHAConfig(115)) - ozone.om.internal.service.id is not defined, falling back to ozone.om.service.ids to find serviceID for OzoneManager if it is HA enabled cluster
2022-07-27 13:50:04,636 [Listener at 0.0.0.0/43293] INFO  ha.OMHANodeDetails (OMHANodeDetails.java:loadOMHAConfig(226)) - Configuration does not have ozone.om.address set. Falling back to the default OM address /127.0.0.1:0
2022-07-27 13:50:04,636 [Listener at 0.0.0.0/43293] INFO  ha.OMHANodeDetails (OMHANodeDetails.java:getOMNodeDetailsForNonHA(254)) - OM Service ID is not set. Setting it to the default ID: omServiceIdDefault
2022-07-27 13:50:04,637 [Listener at 0.0.0.0/43293] INFO  ha.OMHANodeDetails (OMHANodeDetails.java:getOMNodeDetailsForNonHA(261)) - OM Node ID is not set. Setting it to the default ID: om1
2022-07-27 13:50:04,637 [Listener at 0.0.0.0/43293] WARN  server.ServerUtils (ServerUtils.java:getDBPath(225)) - ozone.om.db.dirs is not configured. We recommend adding this setting. Falling back to ozone.metadata.dirs instead.
2022-07-27 13:50:04,637 [Listener at 0.0.0.0/43293] INFO  upgrade.AbstractLayoutVersionManager (AbstractLayoutVersionManager.java:init(83)) - Initializing Layout version manager with metadata layout = MULTITENANCY_SCHEMA (version = 3), software layout = MULTITENANCY_SCHEMA (version = 3)
2022-07-27 13:50:04,815 [Listener at 0.0.0.0/43293] INFO  reflections.Reflections (Reflections.java:scan(232)) - Reflections took 177 ms to scan 2 urls, producing 152 keys and 424 values [using 2 cores]
2022-07-27 13:50:04,816 [Listener at 0.0.0.0/43293] INFO  upgrade.OMLayoutVersionManager (OMLayoutVersionManager.java:lambda$0(115)) - Skipping Upgrade Action MockOmUpgradeAction since it has been finalized.
2022-07-27 13:50:04,816 [Listener at 0.0.0.0/43293] WARN  server.ServerUtils (ServerUtils.java:getDBPath(225)) - ozone.om.db.dirs is not configured. We recommend adding this setting. Falling back to ozone.metadata.dirs instead.
2022-07-27 13:50:04,816 [Listener at 0.0.0.0/43293] INFO  proxy.SCMBlockLocationFailoverProxyProvider (SCMBlockLocationFailoverProxyProvider.java:<init>(114)) - Created block location fail-over proxy with 1 nodes: [nodeId=scmNodeId,nodeAddress=/0.0.0.0:46187]
2022-07-27 13:50:04,818 [Listener at 0.0.0.0/43293] INFO  proxy.SCMBlockLocationFailoverProxyProvider (SCMBlockLocationFailoverProxyProvider.java:<init>(114)) - Created block location fail-over proxy with 1 nodes: [nodeId=scmNodeId,nodeAddress=/0.0.0.0:46187]
2022-07-27 13:50:04,846 [Listener at 0.0.0.0/43293] WARN  server.ServerUtils (ServerUtils.java:getDBPath(225)) - ozone.om.db.dirs is not configured. We recommend adding this setting. Falling back to ozone.metadata.dirs instead.
2022-07-27 13:50:04,847 [Listener at 0.0.0.0/43293] INFO  codec.OmKeyInfoCodec (OmKeyInfoCodec.java:<init>(49)) - OmKeyInfoCodec ignorePipeline = true
2022-07-27 13:50:04,847 [Listener at 0.0.0.0/43293] INFO  codec.RepeatedOmKeyInfoCodec (RepeatedOmKeyInfoCodec.java:<init>(41)) - RepeatedOmKeyInfoCodec ignorePipeline = true
2022-07-27 13:50:05,244 [Listener at 0.0.0.0/43293] INFO  om.OzoneManager (OzoneManager.java:instantiateServices(696)) - S3 Multi-Tenancy is disabled
2022-07-27 13:50:05,245 [Listener at 0.0.0.0/43293] INFO  om.OzoneManager (OzoneManager.java:addS3GVolumeToDB(4307)) - Created Volume s3v With Owner runner required for S3Gateway operations.
2022-07-27 13:50:05,245 [Listener at 0.0.0.0/43293] WARN  server.ServerUtils (ServerUtils.java:getDefaultRatisDirectory(237)) - Storage directory for Ratis is not configured. It is a good idea to map this to an SSD disk. Falling back to ozone.metadata.dirs
2022-07-27 13:50:05,245 [Listener at 0.0.0.0/43293] WARN  utils.OzoneManagerRatisUtils (OzoneManagerRatisUtils.java:getOMRatisSnapshotDirectory(431)) - ozone.om.ratis.snapshot.dir is not configured. Falling back to ozone.metadata.dirs config
2022-07-27 13:50:05,245 [Listener at 0.0.0.0/43293] WARN  server.ServerUtils (ServerUtils.java:getDefaultRatisDirectory(237)) - Storage directory for Ratis is not configured. It is a good idea to map this to an SSD disk. Falling back to ozone.metadata.dirs
2022-07-27 13:50:05,247 [Listener at 0.0.0.0/43293] INFO  ratis.OzoneManagerRatisServer (OzoneManagerRatisServer.java:<init>(159)) - Instantiating OM Ratis server with groupID: omServiceIdDefault and peers: localhost:9872
2022-07-27 13:50:05,247 [Listener at 0.0.0.0/43293] INFO  ratis.OzoneManagerStateMachine (OzoneManagerStateMachine.java:loadSnapshotInfoFromDB(632)) - LastAppliedIndex is set from TransactionInfo from OM DB as (t:0, i:~)
2022-07-27 13:50:05,247 [Listener at 0.0.0.0/43293] INFO  server.RaftServer (ConfUtils.java:logGet(46)) - raft.rpc.type = GRPC (default)
2022-07-27 13:50:05,248 [Listener at 0.0.0.0/43293] INFO  grpc.GrpcFactory (GrpcFactory.java:checkPooledByteBufAllocatorUseCacheForAllThreads(48)) - PERFORMANCE WARNING: useCacheForAllThreads is true that may cause Netty to create a lot garbage objects and, as a result, trigger GC.
	It is recommended to disable useCacheForAllThreads by setting -Dorg.apache.ratis.thirdparty.io.netty.allocator.useCacheForAllThreads=false in command line.
2022-07-27 13:50:05,248 [Listener at 0.0.0.0/43293] INFO  grpc.GrpcConfigKeys (ConfUtils.java:logGet(46)) - raft.grpc.admin.port = -1 (default)
2022-07-27 13:50:05,248 [Listener at 0.0.0.0/43293] INFO  grpc.GrpcConfigKeys (ConfUtils.java:logGet(46)) - raft.grpc.server.port = 9872 (custom)
2022-07-27 13:50:05,248 [Listener at 0.0.0.0/43293] INFO  grpc.GrpcConfigKeys (ConfUtils.java:logGet(46)) - raft.grpc.client.port = -1 (default)
2022-07-27 13:50:05,248 [Listener at 0.0.0.0/43293] INFO  grpc.GrpcConfigKeys (ConfUtils.java:logGet(46)) - raft.grpc.server.port = 9872 (custom)
2022-07-27 13:50:05,248 [Listener at 0.0.0.0/43293] INFO  grpc.GrpcConfigKeys (ConfUtils.java:logGet(46)) - raft.grpc.server.port = 9872 (custom)
2022-07-27 13:50:05,248 [Listener at 0.0.0.0/43293] INFO  server.GrpcService (ConfUtils.java:logGet(46)) - raft.grpc.message.size.max = 33554432 (custom)
2022-07-27 13:50:05,248 [Listener at 0.0.0.0/43293] INFO  server.RaftServerConfigKeys (ConfUtils.java:logGet(46)) - raft.server.log.appender.buffer.byte-limit = 33554432 (custom)
2022-07-27 13:50:05,249 [Listener at 0.0.0.0/43293] INFO  server.GrpcService (ConfUtils.java:logGet(46)) - raft.grpc.flow.control.window = 1MB (=1048576) (default)
2022-07-27 13:50:05,249 [Listener at 0.0.0.0/43293] INFO  server.RaftServerConfigKeys (ConfUtils.java:logGet(46)) - raft.server.rpc.request.timeout = 3000ms (default)
2022-07-27 13:50:05,249 [Listener at 0.0.0.0/43293] INFO  grpc.GrpcConfigKeys (ConfUtils.java:logGet(46)) - raft.grpc.server.async.request.thread.pool.cached = true (default)
2022-07-27 13:50:05,249 [Listener at 0.0.0.0/43293] INFO  grpc.GrpcConfigKeys (ConfUtils.java:logGet(46)) - raft.grpc.server.async.request.thread.pool.size = 32 (default)
2022-07-27 13:50:05,250 [Listener at 0.0.0.0/43293] INFO  impl.DataStreamServerImpl (ConfUtils.java:logGet(46)) - raft.datastream.type = DISABLED (default)
2022-07-27 13:50:05,250 [Listener at 0.0.0.0/43293] INFO  server.RaftServerConfigKeys (ConfUtils.java:logGet(46)) - raft.server.threadpool.proxy.cached = true (default)
2022-07-27 13:50:05,251 [Listener at 0.0.0.0/43293] INFO  server.RaftServerConfigKeys (ConfUtils.java:logGet(46)) - raft.server.threadpool.proxy.size = 0 (default)
2022-07-27 13:50:05,251 [Listener at 0.0.0.0/43293] INFO  server.RaftServerConfigKeys (ConfUtils.java:logGet(46)) - raft.server.rpc.slowness.timeout = 120s (custom)
2022-07-27 13:50:05,251 [Listener at 0.0.0.0/43293] INFO  server.RaftServerConfigKeys (ConfUtils.java:logGet(46)) - raft.server.leaderelection.leader.step-down.wait-time = 10s (default)
2022-07-27 13:50:05,251 [Listener at 0.0.0.0/43293] INFO  server.RaftServerConfigKeys (ConfUtils.java:logGet(46)) - raft.server.storage.dir = [/home/runner/work/ozone/ozone/hadoop-ozone/integration-test/target/test-dir/MiniOzoneClusterImpl-29ab875d-7565-45f7-8a7f-94142ec04d49/ozone-meta/ratis] (custom)
2022-07-27 13:50:05,287 [Listener at 0.0.0.0/43293] INFO  server.RaftServer (RaftServerProxy.java:addNew(96)) - om1: addNew group-C5BA1605619E:[om1|rpc:localhost:9872|priority:0] returns group-C5BA1605619E:java.util.concurrent.CompletableFuture@7adcaa6b[Not completed]
2022-07-27 13:50:05,287 [Listener at 0.0.0.0/43293] INFO  om.OzoneManager (OzoneManager.java:initializeRatisServer(1962)) - OzoneManager Ratis server initialized at port 9872
2022-07-27 13:50:05,289 [Listener at 0.0.0.0/43293] INFO  om.OzoneManager (OzoneManager.java:getRpcServer(1085)) - Creating RPC Server
2022-07-27 13:50:05,292 [pool-317-thread-1] INFO  server.RaftServer$Division (RaftServerImpl.java:<init>(190)) - om1: new RaftServerImpl for group-C5BA1605619E:[om1|rpc:localhost:9872|priority:0] with OzoneManagerStateMachine:uninitialized
2022-07-27 13:50:05,299 [pool-317-thread-1] INFO  server.RaftServerConfigKeys (ConfUtils.java:logGet(46)) - raft.server.rpc.timeout.min = 1s (custom)
2022-07-27 13:50:05,299 [pool-317-thread-1] INFO  server.RaftServerConfigKeys (ConfUtils.java:logGet(46)) - raft.server.rpc.timeout.max = 1200ms (custom)
2022-07-27 13:50:05,299 [pool-317-thread-1] INFO  server.RaftServerConfigKeys (ConfUtils.java:logGet(46)) - raft.server.rpc.sleep.time = 25ms (default)
2022-07-27 13:50:05,299 [pool-317-thread-1] INFO  server.RaftServerConfigKeys (ConfUtils.java:logGet(46)) - raft.server.rpc.slowness.timeout = 120s (custom)
2022-07-27 13:50:05,299 [pool-317-thread-1] INFO  server.RaftServerConfigKeys (ConfUtils.java:logGet(46)) - raft.server.leaderelection.leader.step-down.wait-time = 10s (default)
2022-07-27 13:50:05,299 [pool-317-thread-1] INFO  server.RaftServerConfigKeys (ConfUtils.java:logGet(46)) - raft.server.sleep.deviation.threshold = 300ms (default)
2022-07-27 13:50:05,299 [pool-317-thread-1] INFO  server.RaftServer$Division (ServerState.java:<init>(107)) - om1@group-C5BA1605619E: ConfigurationManager, init=-1: [om1|rpc:localhost:9872|priority:0], old=null, confs=<EMPTY_MAP>
2022-07-27 13:50:05,299 [pool-317-thread-1] INFO  server.RaftServerConfigKeys (ConfUtils.java:logGet(46)) - raft.server.storage.dir = [/home/runner/work/ozone/ozone/hadoop-ozone/integration-test/target/test-dir/MiniOzoneClusterImpl-29ab875d-7565-45f7-8a7f-94142ec04d49/ozone-meta/ratis] (custom)
2022-07-27 13:50:05,300 [pool-317-thread-1] INFO  server.RaftServerConfigKeys (ConfUtils.java:logGet(46)) - raft.server.log.corruption.policy = EXCEPTION (default)
2022-07-27 13:50:05,300 [pool-317-thread-1] INFO  server.RaftServerConfigKeys (ConfUtils.java:logGet(46)) - raft.server.storage.free-space.min = 0MB (=0) (default)
2022-07-27 13:50:05,300 [pool-317-thread-1] INFO  storage.RaftStorageDirectory (RaftStorageDirectoryImpl.java:analyzeStorage(135)) - The storage directory /home/runner/work/ozone/ozone/hadoop-ozone/integration-test/target/test-dir/MiniOzoneClusterImpl-29ab875d-7565-45f7-8a7f-94142ec04d49/ozone-meta/ratis/bf265839-605b-3f16-9796-c5ba1605619e does not exist. Creating ...
2022-07-27 13:50:05,308 [pool-317-thread-1] INFO  storage.RaftStorageDirectory (RaftStorageDirectoryImpl.java:tryLock(230)) - Lock on /home/runner/work/ozone/ozone/hadoop-ozone/integration-test/target/test-dir/MiniOzoneClusterImpl-29ab875d-7565-45f7-8a7f-94142ec04d49/ozone-meta/ratis/bf265839-605b-3f16-9796-c5ba1605619e/in_use.lock acquired by nodename 11093@fv-az217-261
2022-07-27 13:50:05,310 [pool-317-thread-1] INFO  storage.RaftStorage (RaftStorageImpl.java:format(89)) - Storage directory /home/runner/work/ozone/ozone/hadoop-ozone/integration-test/target/test-dir/MiniOzoneClusterImpl-29ab875d-7565-45f7-8a7f-94142ec04d49/ozone-meta/ratis/bf265839-605b-3f16-9796-c5ba1605619e has been successfully formatted.
2022-07-27 13:50:05,311 [pool-317-thread-1] INFO  server.RaftServerConfigKeys (ConfUtils.java:logGet(46)) - raft.server.notification.no-leader.timeout = 120s (custom)
2022-07-27 13:50:05,311 [pool-317-thread-1] INFO  server.RaftServerConfigKeys (ConfUtils.java:logGet(46)) - raft.server.log.use.memory = false (default)
2022-07-27 13:50:05,311 [pool-317-thread-1] INFO  server.RaftServerConfigKeys (ConfUtils.java:logGet(46)) - raft.server.log.purge.gap = 1000000 (custom)
2022-07-27 13:50:05,311 [pool-317-thread-1] INFO  server.RaftServerConfigKeys (ConfUtils.java:logGet(46)) - raft.server.log.appender.buffer.byte-limit = 33554432 (custom)
2022-07-27 13:50:05,311 [pool-317-thread-1] INFO  server.RaftServerConfigKeys (ConfUtils.java:logGet(46)) - raft.server.log.statemachine.data.read.timeout = 1000ms (default)
2022-07-27 13:50:05,311 [pool-317-thread-1] INFO  server.RaftServerConfigKeys (ConfUtils.java:logGet(46)) - raft.server.log.segment.size.max = 4194304 (custom)
2022-07-27 13:50:05,312 [pool-317-thread-1] INFO  server.RaftServerConfigKeys (ConfUtils.java:logGet(46)) - raft.server.log.segment.cache.num.max = 2 (custom)
2022-07-27 13:50:05,312 [pool-317-thread-1] INFO  server.RaftServerConfigKeys (ConfUtils.java:logGet(46)) - raft.server.log.segment.cache.size.max = 200MB (=209715200) (default)
2022-07-27 13:50:05,312 [pool-317-thread-1] INFO  segmented.SegmentedRaftLogWorker (SegmentedRaftLogWorker.java:<init>(187)) - new om1@group-C5BA1605619E-SegmentedRaftLogWorker for RaftStorageImpl:Storage Directory /home/runner/work/ozone/ozone/hadoop-ozone/integration-test/target/test-dir/MiniOzoneClusterImpl-29ab875d-7565-45f7-8a7f-94142ec04d49/ozone-meta/ratis/bf265839-605b-3f16-9796-c5ba1605619e
2022-07-27 13:50:05,312 [pool-317-thread-1] INFO  server.RaftServerConfigKeys (ConfUtils.java:logGet(46)) - raft.server.log.queue.byte-limit = 64MB (=67108864) (default)
2022-07-27 13:50:05,312 [pool-317-thread-1] INFO  server.RaftServerConfigKeys (ConfUtils.java:logGet(46)) - raft.server.log.queue.element-limit = 4096 (default)
2022-07-27 13:50:05,312 [pool-317-thread-1] INFO  server.RaftServerConfigKeys (ConfUtils.java:logGet(46)) - raft.server.log.segment.size.max = 4194304 (custom)
2022-07-27 13:50:05,312 [pool-317-thread-1] INFO  server.RaftServerConfigKeys (ConfUtils.java:logGet(46)) - raft.server.log.preallocated.size = 4194304 (custom)
2022-07-27 13:50:05,312 [pool-317-thread-1] INFO  server.RaftServerConfigKeys (ConfUtils.java:logGet(46)) - raft.server.log.force.sync.num = 128 (default)
2022-07-27 13:50:05,312 [pool-317-thread-1] INFO  server.RaftServerConfigKeys (ConfUtils.java:logGet(46)) - raft.server.log.statemachine.data.sync = true (default)
2022-07-27 13:50:05,312 [pool-317-thread-1] INFO  server.RaftServerConfigKeys (ConfUtils.java:logGet(46)) - raft.server.log.statemachine.data.sync.timeout = 10s (default)
2022-07-27 13:50:05,312 [pool-317-thread-1] INFO  server.RaftServerConfigKeys (ConfUtils.java:logGet(46)) - raft.server.log.statemachine.data.sync.timeout.retry = -1 (default)
2022-07-27 13:50:05,313 [pool-317-thread-1] INFO  server.RaftServerConfigKeys (ConfUtils.java:logGet(46)) - raft.server.log.write.buffer.size = 64KB (=65536) (default)
2022-07-27 13:50:05,313 [pool-317-thread-1] INFO  server.RaftServerConfigKeys (ConfUtils.java:logGet(46)) - raft.server.log.unsafe-flush.enabled = false (default)
2022-07-27 13:50:05,313 [pool-317-thread-1] INFO  server.RaftServerConfigKeys (ConfUtils.java:logGet(46)) - raft.server.log.statemachine.data.caching.enabled = false (default)
2022-07-27 13:50:05,313 [pool-317-thread-1] INFO  segmented.SegmentedRaftLogWorker (SegmentedRaftLogWorker.java:lambda$new$0(135)) - om1@group-C5BA1605619E-SegmentedRaftLogWorker: flushIndex: setUnconditionally 0 -> -1
2022-07-27 13:50:05,313 [pool-317-thread-1] INFO  segmented.SegmentedRaftLogWorker (SegmentedRaftLogWorker.java:lambda$new$0(135)) - om1@group-C5BA1605619E-SegmentedRaftLogWorker: safeCacheEvictIndex: setUnconditionally 0 -> -1
2022-07-27 13:50:05,327 [pool-317-thread-1] INFO  server.RaftServerConfigKeys (ConfUtils.java:logGet(46)) - raft.server.snapshot.auto.trigger.enabled = true (custom)
2022-07-27 13:50:05,327 [pool-317-thread-1] INFO  server.RaftServerConfigKeys (ConfUtils.java:logGet(46)) - raft.server.snapshot.auto.trigger.threshold = 400000 (default)
2022-07-27 13:50:05,327 [pool-317-thread-1] INFO  server.RaftServerConfigKeys (ConfUtils.java:logGet(46)) - raft.server.snapshot.retention.file.num = -1 (default)
2022-07-27 13:50:05,327 [pool-317-thread-1] INFO  server.RaftServerConfigKeys (ConfUtils.java:logGet(46)) - raft.server.log.purge.upto.snapshot.index = true (custom)
2022-07-27 13:50:05,327 [pool-317-thread-1] INFO  server.RaftServerConfigKeys (ConfUtils.java:logGet(46)) - raft.server.retrycache.expirytime = 300s (custom)
2022-07-27 13:50:05,327 [pool-317-thread-1] INFO  server.RaftServerConfigKeys (ConfUtils.java:logGet(46)) - raft.server.retrycache.statistics.expirytime = 100μs (default)
2022-07-27 13:50:05,339 [pool-317-thread-1] INFO  server.RaftServerConfigKeys (ConfUtils.java:logGet(46)) - raft.server.log.appender.install.snapshot.enabled = false (custom)
2022-07-27 13:50:05,340 [pool-317-thread-1] INFO  server.RaftServerConfigKeys (ConfUtils.java:logGet(46)) - raft.server.threadpool.server.cached = true (default)
2022-07-27 13:50:05,340 [pool-317-thread-1] INFO  server.RaftServerConfigKeys (ConfUtils.java:logGet(46)) - raft.server.threadpool.server.size = 0 (default)
2022-07-27 13:50:05,340 [pool-317-thread-1] INFO  server.RaftServerConfigKeys (ConfUtils.java:logGet(46)) - raft.server.threadpool.client.cached = true (default)
2022-07-27 13:50:05,340 [pool-317-thread-1] INFO  server.RaftServerConfigKeys (ConfUtils.java:logGet(46)) - raft.server.threadpool.client.size = 0 (default)
2022-07-27 13:50:06,367 [Listener at 0.0.0.0/43293] INFO  reflections.Reflections (Reflections.java:scan(232)) - Reflections took 1077 ms to scan 19 urls, producing 67 keys and 4137 values [using 2 cores]
2022-07-27 13:50:06,368 [Listener at 0.0.0.0/43293] INFO  ipc.CallQueueManager (CallQueueManager.java:<init>(90)) - Using callQueue: class java.util.concurrent.LinkedBlockingQueue, queueCapacity: 2000, scheduler: class org.apache.hadoop.ipc.DefaultRpcScheduler, ipcBackoff: false.
2022-07-27 13:50:06,375 [Socket Reader #1 for port 0] INFO  ipc.Server (Server.java:run(1265)) - Starting Socket Reader #1 for port 0
2022-07-27 13:50:06,438 [Listener at 127.0.0.1/46277] INFO  impl.MetricsSystemImpl (MetricsSystemImpl.java:init(158)) - OzoneManager metrics system started (again)
2022-07-27 13:50:06,459 [Listener at 127.0.0.1/46277] INFO  om.OzoneManager (OzoneManager.java:start(1469)) - OzoneManager RPC server is listening at localhost/127.0.0.1:46277
2022-07-27 13:50:06,479 [Listener at 127.0.0.1/46277] INFO  ratis.OzoneManagerRatisServer (OzoneManagerRatisServer.java:start(554)) - Starting OzoneManagerRatisServer om1 at port 9872
2022-07-27 13:50:06,479 [om1-impl-thread1] INFO  server.RaftServer$Division (RaftServerImpl.java:start(310)) - om1@group-C5BA1605619E: start as a follower, conf=-1: [om1|rpc:localhost:9872|priority:0], old=null
2022-07-27 13:50:06,479 [om1-impl-thread1] INFO  server.RaftServer$Division (RaftServerImpl.java:setRole(299)) - om1@group-C5BA1605619E: changes role from      null to FOLLOWER at term 0 for startAsFollower
2022-07-27 13:50:06,479 [om1-impl-thread1] INFO  impl.RoleInfo (RoleInfo.java:updateAndGet(139)) - om1: start om1@group-C5BA1605619E-FollowerState
2022-07-27 13:50:06,491 [om1-impl-thread1] INFO  util.JmxRegister (JmxRegister.java:tryRegister(44)) - Successfully registered JMX Bean with object name Ratis:service=RaftServer,group=group-C5BA1605619E,id=om1
2022-07-27 13:50:06,503 [Listener at 127.0.0.1/46277] INFO  server.RaftServer (RaftServerProxy.java:lambda$start$6(382)) - om1: start RPC server
2022-07-27 13:50:06,536 [Listener at 127.0.0.1/46277] INFO  server.GrpcService (GrpcService.java:startImpl(260)) - om1: GrpcService started, listening on 9872
2022-07-27 13:50:06,538 [Listener at 127.0.0.1/46277] INFO  om.OzoneManager (OzoneManager.java:start(1485)) - Version File has different layout version (3) than OM DB (null). That is expected if this OM has never been finalized to a newer layout version.
2022-07-27 13:50:06,538 [org.apache.ratis.util.JvmPauseMonitor$$Lambda$615/1136232276@edb5079] INFO  util.JvmPauseMonitor (JvmPauseMonitor.java:run(103)) - JvmPauseMonitor-om1: Started
2022-07-27 13:50:06,547 [Listener at 127.0.0.1/46277] INFO  http.BaseHttpServer (BaseHttpServer.java:newHttpServer2BuilderForOzone(209)) - Starting Web-server for ozoneManager at: http://0.0.0.0:0
2022-07-27 13:50:06,547 [Listener at 127.0.0.1/46277] INFO  http.BaseHttpServer (BaseHttpServer.java:<init>(107)) - Hadoop Security Enabled: false Ozone Security Enabled: false Ozone HTTP Security Enabled: false 
2022-07-27 13:50:06,549 [Listener at 127.0.0.1/46277] INFO  server.AuthenticationFilter (AuthenticationFilter.java:constructSecretProvider(240)) - Unable to initialize FileSignerSecretProvider, falling back to use random secrets.
2022-07-27 13:50:06,559 [Listener at 127.0.0.1/46277] WARN  http.HttpRequestLog (HttpRequestLog.java:getRequestLog(103)) - Jetty request log can only be enabled using Log4j
2022-07-27 13:50:06,560 [Listener at 127.0.0.1/46277] INFO  http.HttpServer2 (HttpServer2.java:addGlobalFilter(1029)) - Added global filter 'safety' (class=org.apache.hadoop.hdds.server.http.HttpServer2$QuotingInputFilter)
2022-07-27 13:50:06,561 [Listener at 127.0.0.1/46277] INFO  http.HttpServer2 (HttpServer2.java:addFilter(1005)) - Added filter static_user_filter (class=org.apache.hadoop.http.lib.StaticUserWebFilter$StaticUserFilter) to context ozoneManager
2022-07-27 13:50:06,561 [Listener at 127.0.0.1/46277] INFO  http.HttpServer2 (HttpServer2.java:addFilter(1013)) - Added filter static_user_filter (class=org.apache.hadoop.http.lib.StaticUserWebFilter$StaticUserFilter) to context logs
2022-07-27 13:50:06,561 [Listener at 127.0.0.1/46277] INFO  http.HttpServer2 (HttpServer2.java:addFilter(1013)) - Added filter static_user_filter (class=org.apache.hadoop.http.lib.StaticUserWebFilter$StaticUserFilter) to context static
2022-07-27 13:50:06,562 [Listener at 127.0.0.1/46277] INFO  http.HttpServer2 (HttpServer2.java:bindListener(1248)) - Jetty bound to port 39887
2022-07-27 13:50:06,562 [Listener at 127.0.0.1/46277] INFO  server.Server (Server.java:doStart(375)) - jetty-9.4.43.v20210629; built: 2021-06-30T11:07:22.254Z; git: 526006ecfa3af7f1a27ef3a288e2bef7ea9dd7e8; jvm 1.8.0_332-b09
2022-07-27 13:50:06,606 [Listener at 127.0.0.1/46277] INFO  server.session (DefaultSessionIdManager.java:doStart(334)) - DefaultSessionIdManager workerName=node0
2022-07-27 13:50:06,606 [Listener at 127.0.0.1/46277] INFO  server.session (DefaultSessionIdManager.java:doStart(339)) - No SessionScavenger set, using defaults
2022-07-27 13:50:06,606 [Listener at 127.0.0.1/46277] INFO  server.session (HouseKeeper.java:startScavenging(132)) - node0 Scavenging every 660000ms
2022-07-27 13:50:06,607 [Listener at 127.0.0.1/46277] INFO  handler.ContextHandler (ContextHandler.java:doStart(915)) - Started o.e.j.s.ServletContextHandler@3102ee71{logs,/logs,file:///home/runner/work/ozone/ozone/hadoop-ozone/integration-test/target/log,AVAILABLE}
2022-07-27 13:50:06,607 [Listener at 127.0.0.1/46277] INFO  handler.ContextHandler (ContextHandler.java:doStart(915)) - Started o.e.j.s.ServletContextHandler@29a879a5{static,/static,file:///home/runner/work/ozone/ozone/hadoop-ozone/integration-test/target/test-classes/webapps/static,AVAILABLE}
2022-07-27 13:50:06,619 [Listener at 127.0.0.1/46277] INFO  handler.ContextHandler (ContextHandler.java:doStart(915)) - Started o.e.j.w.WebAppContext@5343ec9a{ozoneManager,/,file:///home/runner/work/ozone/ozone/hadoop-ozone/integration-test/target/test-classes/webapps/ozoneManager/,AVAILABLE}{file:/home/runner/work/ozone/ozone/hadoop-ozone/integration-test/target/test-classes/webapps/ozoneManager}
2022-07-27 13:50:06,625 [Listener at 127.0.0.1/46277] INFO  server.AbstractConnector (AbstractConnector.java:doStart(331)) - Started ServerConnector@4b831495{HTTP/1.1, (http/1.1)}{0.0.0.0:39887}
2022-07-27 13:50:06,625 [Listener at 127.0.0.1/46277] INFO  server.Server (Server.java:doStart(415)) - Started @72188ms
2022-07-27 13:50:06,625 [Listener at 127.0.0.1/46277] WARN  impl.MetricsSystemImpl (MetricsSystemImpl.java:register(279)) - Sink prometheus already exists!
2022-07-27 13:50:06,635 [Listener at 127.0.0.1/46277] INFO  http.BaseHttpServer (BaseHttpServer.java:updateConnectorAddress(329)) - HTTP server of ozoneManager listening at http://0.0.0.0:39887
2022-07-27 13:50:06,642 [IPC Server Responder] INFO  ipc.Server (Server.java:run(1507)) - IPC Server Responder: starting
2022-07-27 13:50:06,653 [IPC Server listener on 0] INFO  ipc.Server (Server.java:run(1344)) - IPC Server listener on 0: starting
2022-07-27 13:50:06,803 [Listener at 127.0.0.1/46277] INFO  om.TrashPolicyOzone (TrashPolicyOzone.java:<init>(178)) - Ozone Manager trash configuration: Deletion interval = 0 minutes, Emptier interval = 0 minutes.
2022-07-27 13:50:06,851 [org.apache.hadoop.util.JvmPauseMonitor$Monitor@792333b0] INFO  util.JvmPauseMonitor (JvmPauseMonitor.java:run(188)) - Starting JVM pause monitor
2022-07-27 13:50:06,871 [Listener at 127.0.0.1/46277] WARN  impl.MetricRegistriesImpl (MetricRegistriesImpl.java:addReporterRegistration(111)) - New reporters are added after registries were created. Some metrics will be missing from the reporter. Please add reporter before adding any new registry.
2022-07-27 13:50:06,871 [Listener at 127.0.0.1/46277] WARN  impl.MetricRegistriesImpl (MetricRegistriesImpl.java:addReporterRegistration(111)) - New reporters are added after registries were created. Some metrics will be missing from the reporter. Please add reporter before adding any new registry.
2022-07-27 13:50:06,871 [Listener at 127.0.0.1/46277] INFO  impl.MetricsSystemImpl (MetricsSystemImpl.java:init(158)) - HddsDatanode metrics system started (again)
2022-07-27 13:50:06,891 [Listener at 127.0.0.1/46277] INFO  ozone.HddsDatanodeService (HddsDatanodeService.java:start(236)) - HddsDatanodeService host:fv-az217-261.5fhmivlnczbevhjmk01nzrxweh.bx.internal.cloudapp.net ip:10.1.0.21
2022-07-27 13:50:06,943 [Listener at 127.0.0.1/46277] INFO  upgrade.AbstractLayoutVersionManager (AbstractLayoutVersionManager.java:init(83)) - Initializing Layout version manager with metadata layout = DATANODE_SCHEMA_V3 (version = 4), software layout = DATANODE_SCHEMA_V3 (version = 4)
2022-07-27 13:50:07,044 [Listener at 127.0.0.1/46277] INFO  reflections.Reflections (Reflections.java:scan(232)) - Reflections took 99 ms to scan 7 urls, producing 132 keys and 321 values 
2022-07-27 13:50:07,046 [Listener at 127.0.0.1/46277] INFO  statemachine.DatanodeStateMachine (DatanodeStateMachine.java:getEndPointTaskThreadPoolSize(237)) - Datanode State Machine Task Thread Pool size 2
2022-07-27 13:50:07,052 [Listener at 127.0.0.1/46277] INFO  volume.HddsVolume (HddsVolume.java:<init>(116)) - Creating HddsVolume: /home/runner/work/ozone/ozone/hadoop-ozone/integration-test/target/test-dir/MiniOzoneClusterImpl-29ab875d-7565-45f7-8a7f-94142ec04d49/datanode-0/data-0/containers/hdds of storage type : DISK capacity : 9223372036854775807
2022-07-27 13:50:07,052 [Listener at 127.0.0.1/46277] INFO  volume.MutableVolumeSet (MutableVolumeSet.java:initializeVolumeSet(174)) - Added Volume : /home/runner/work/ozone/ozone/hadoop-ozone/integration-test/target/test-dir/MiniOzoneClusterImpl-29ab875d-7565-45f7-8a7f-94142ec04d49/datanode-0/data-0/containers/hdds to VolumeSet
2022-07-27 13:50:07,052 [Listener at 127.0.0.1/46277] INFO  volume.ThrottledAsyncChecker (ThrottledAsyncChecker.java:schedule(141)) - Scheduling a check for /home/runner/work/ozone/ozone/hadoop-ozone/integration-test/target/test-dir/MiniOzoneClusterImpl-29ab875d-7565-45f7-8a7f-94142ec04d49/datanode-0/data-0/containers/hdds
2022-07-27 13:50:07,056 [Listener at 127.0.0.1/46277] INFO  volume.StorageVolumeChecker (StorageVolumeChecker.java:checkAllVolumes(202)) - Scheduled health check for volume /home/runner/work/ozone/ozone/hadoop-ozone/integration-test/target/test-dir/MiniOzoneClusterImpl-29ab875d-7565-45f7-8a7f-94142ec04d49/datanode-0/data-0/containers/hdds
2022-07-27 13:50:07,123 [Listener at 127.0.0.1/46277] INFO  volume.MutableVolumeSet (MutableVolumeSet.java:initializeVolumeSet(174)) - Added Volume : /home/runner/work/ozone/ozone/hadoop-ozone/integration-test/target/test-dir/MiniOzoneClusterImpl-29ab875d-7565-45f7-8a7f-94142ec04d49/datanode-0/data/ratis to VolumeSet
2022-07-27 13:50:07,124 [Listener at 127.0.0.1/46277] INFO  volume.ThrottledAsyncChecker (ThrottledAsyncChecker.java:schedule(141)) - Scheduling a check for /home/runner/work/ozone/ozone/hadoop-ozone/integration-test/target/test-dir/MiniOzoneClusterImpl-29ab875d-7565-45f7-8a7f-94142ec04d49/datanode-0/data/ratis
2022-07-27 13:50:07,129 [Listener at 127.0.0.1/46277] INFO  volume.StorageVolumeChecker (StorageVolumeChecker.java:checkAllVolumes(202)) - Scheduled health check for volume /home/runner/work/ozone/ozone/hadoop-ozone/integration-test/target/test-dir/MiniOzoneClusterImpl-29ab875d-7565-45f7-8a7f-94142ec04d49/datanode-0/data/ratis
2022-07-27 13:50:07,163 [Thread-639] INFO  ozoneimpl.ContainerReader (ContainerReader.java:readVolume(175)) - Finish verifying containers on volume /home/runner/work/ozone/ozone/hadoop-ozone/integration-test/target/test-dir/MiniOzoneClusterImpl-29ab875d-7565-45f7-8a7f-94142ec04d49/datanode-0/data-0/containers/hdds
2022-07-27 13:50:07,163 [Listener at 127.0.0.1/46277] INFO  ozoneimpl.OzoneContainer (OzoneContainer.java:buildContainerSet(299)) - Build ContainerSet costs 0s
2022-07-27 13:50:07,168 [Listener at 127.0.0.1/46277] INFO  server.RaftServer (ConfUtils.java:logGet(46)) - raft.rpc.type = GRPC (default)
2022-07-27 13:50:07,168 [Listener at 127.0.0.1/46277] INFO  grpc.GrpcFactory (GrpcFactory.java:checkPooledByteBufAllocatorUseCacheForAllThreads(48)) - PERFORMANCE WARNING: useCacheForAllThreads is true that may cause Netty to create a lot garbage objects and, as a result, trigger GC.
	It is recommended to disable useCacheForAllThreads by setting -Dorg.apache.ratis.thirdparty.io.netty.allocator.useCacheForAllThreads=false in command line.
2022-07-27 13:50:07,168 [Listener at 127.0.0.1/46277] INFO  grpc.GrpcConfigKeys (ConfUtils.java:logGet(46)) - raft.grpc.admin.port = 0 (custom)
2022-07-27 13:50:07,168 [Listener at 127.0.0.1/46277] INFO  grpc.GrpcConfigKeys (ConfUtils.java:logGet(46)) - raft.grpc.client.port = 0 (custom)
2022-07-27 13:50:07,168 [Listener at 127.0.0.1/46277] INFO  grpc.GrpcConfigKeys (ConfUtils.java:logGet(46)) - raft.grpc.server.port = 0 (default)
2022-07-27 13:50:07,168 [Listener at 127.0.0.1/46277] INFO  server.GrpcService (ConfUtils.java:logGet(46)) - raft.grpc.message.size.max = 32MB (=33554432) (custom)
2022-07-27 13:50:07,169 [Listener at 127.0.0.1/46277] INFO  server.RaftServerConfigKeys (ConfUtils.java:logGet(46)) - raft.server.log.appender.buffer.byte-limit = 33554432 (custom)
2022-07-27 13:50:07,169 [Listener at 127.0.0.1/46277] INFO  server.GrpcService (ConfUtils.java:logGet(46)) - raft.grpc.flow.control.window = 5MB (=5242880) (custom)
2022-07-27 13:50:07,169 [Listener at 127.0.0.1/46277] INFO  server.RaftServerConfigKeys (ConfUtils.java:logGet(46)) - raft.server.rpc.request.timeout = 60s (custom)
2022-07-27 13:50:07,169 [Listener at 127.0.0.1/46277] INFO  grpc.GrpcConfigKeys (ConfUtils.java:logGet(46)) - raft.grpc.server.async.request.thread.pool.cached = true (default)
2022-07-27 13:50:07,169 [Listener at 127.0.0.1/46277] INFO  grpc.GrpcConfigKeys (ConfUtils.java:logGet(46)) - raft.grpc.server.async.request.thread.pool.size = 32 (default)
2022-07-27 13:50:07,170 [Listener at 127.0.0.1/46277] INFO  impl.DataStreamServerImpl (ConfUtils.java:logGet(46)) - raft.datastream.type = DISABLED (default)
2022-07-27 13:50:07,170 [Listener at 127.0.0.1/46277] INFO  server.RaftServerConfigKeys (ConfUtils.java:logGet(46)) - raft.server.threadpool.proxy.cached = true (default)
2022-07-27 13:50:07,170 [Listener at 127.0.0.1/46277] INFO  server.RaftServerConfigKeys (ConfUtils.java:logGet(46)) - raft.server.threadpool.proxy.size = 0 (default)
2022-07-27 13:50:07,171 [Listener at 127.0.0.1/46277] INFO  server.RaftServerConfigKeys (ConfUtils.java:logGet(46)) - raft.server.rpc.slowness.timeout = 300s (custom)
2022-07-27 13:50:07,171 [Listener at 127.0.0.1/46277] INFO  server.RaftServerConfigKeys (ConfUtils.java:logGet(46)) - raft.server.leaderelection.leader.step-down.wait-time = 10s (default)
2022-07-27 13:50:07,171 [Listener at 127.0.0.1/46277] INFO  server.RaftServerConfigKeys (ConfUtils.java:logGet(46)) - raft.server.storage.dir = [/home/runner/work/ozone/ozone/hadoop-ozone/integration-test/target/test-dir/MiniOzoneClusterImpl-29ab875d-7565-45f7-8a7f-94142ec04d49/datanode-0/data/ratis] (custom)
2022-07-27 13:50:07,174 [Listener at 127.0.0.1/46277] INFO  server.XceiverServerGrpc (XceiverServerGrpc.java:<init>(132)) - GrpcServer channel type EpollServerSocketChannel
2022-07-27 13:50:07,179 [Listener at 127.0.0.1/46277] INFO  http.BaseHttpServer (BaseHttpServer.java:newHttpServer2BuilderForOzone(209)) - Starting Web-server for hddsDatanode at: http://0.0.0.0:0
2022-07-27 13:50:07,179 [Listener at 127.0.0.1/46277] INFO  http.BaseHttpServer (BaseHttpServer.java:<init>(107)) - Hadoop Security Enabled: false Ozone Security Enabled: false Ozone HTTP Security Enabled: false 
2022-07-27 13:50:07,180 [Listener at 127.0.0.1/46277] INFO  server.AuthenticationFilter (AuthenticationFilter.java:constructSecretProvider(240)) - Unable to initialize FileSignerSecretProvider, falling back to use random secrets.
2022-07-27 13:50:07,191 [Listener at 127.0.0.1/46277] WARN  http.HttpRequestLog (HttpRequestLog.java:getRequestLog(103)) - Jetty request log can only be enabled using Log4j
2022-07-27 13:50:07,192 [Listener at 127.0.0.1/46277] INFO  http.HttpServer2 (HttpServer2.java:addGlobalFilter(1029)) - Added global filter 'safety' (class=org.apache.hadoop.hdds.server.http.HttpServer2$QuotingInputFilter)
2022-07-27 13:50:07,194 [Listener at 127.0.0.1/46277] INFO  http.HttpServer2 (HttpServer2.java:addFilter(1005)) - Added filter static_user_filter (class=org.apache.hadoop.http.lib.StaticUserWebFilter$StaticUserFilter) to context hddsDatanode
2022-07-27 13:50:07,194 [Listener at 127.0.0.1/46277] INFO  http.HttpServer2 (HttpServer2.java:addFilter(1013)) - Added filter static_user_filter (class=org.apache.hadoop.http.lib.StaticUserWebFilter$StaticUserFilter) to context logs
2022-07-27 13:50:07,194 [Listener at 127.0.0.1/46277] INFO  http.HttpServer2 (HttpServer2.java:addFilter(1013)) - Added filter static_user_filter (class=org.apache.hadoop.http.lib.StaticUserWebFilter$StaticUserFilter) to context static
2022-07-27 13:50:07,195 [Listener at 127.0.0.1/46277] INFO  http.HttpServer2 (HttpServer2.java:bindListener(1248)) - Jetty bound to port 42081
2022-07-27 13:50:07,195 [Listener at 127.0.0.1/46277] INFO  server.Server (Server.java:doStart(375)) - jetty-9.4.43.v20210629; built: 2021-06-30T11:07:22.254Z; git: 526006ecfa3af7f1a27ef3a288e2bef7ea9dd7e8; jvm 1.8.0_332-b09
2022-07-27 13:50:07,203 [Listener at 127.0.0.1/46277] INFO  server.session (DefaultSessionIdManager.java:doStart(334)) - DefaultSessionIdManager workerName=node0
2022-07-27 13:50:07,203 [Listener at 127.0.0.1/46277] INFO  server.session (DefaultSessionIdManager.java:doStart(339)) - No SessionScavenger set, using defaults
2022-07-27 13:50:07,203 [Listener at 127.0.0.1/46277] INFO  server.session (HouseKeeper.java:startScavenging(132)) - node0 Scavenging every 600000ms
2022-07-27 13:50:07,212 [Listener at 127.0.0.1/46277] INFO  handler.ContextHandler (ContextHandler.java:doStart(915)) - Started o.e.j.s.ServletContextHandler@1e6453dc{logs,/logs,file:///home/runner/work/ozone/ozone/hadoop-ozone/integration-test/target/log,AVAILABLE}
2022-07-27 13:50:07,212 [Listener at 127.0.0.1/46277] INFO  handler.ContextHandler (ContextHandler.java:doStart(915)) - Started o.e.j.s.ServletContextHandler@7289d0b7{static,/static,jar:file:/home/runner/.m2/repository/org/apache/ozone/hdds-container-service/1.3.0-SNAPSHOT/hdds-container-service-1.3.0-SNAPSHOT.jar!/webapps/static,AVAILABLE}
2022-07-27 13:50:07,553 [om1@group-C5BA1605619E-FollowerState] INFO  impl.FollowerState (FollowerState.java:run(143)) - om1@group-C5BA1605619E-FollowerState: change to CANDIDATE, lastRpcElapsedTime:1073667663ns, electionTimeout:1046ms
2022-07-27 13:50:07,553 [om1@group-C5BA1605619E-FollowerState] INFO  impl.RoleInfo (RoleInfo.java:shutdownFollowerState(110)) - om1: shutdown om1@group-C5BA1605619E-FollowerState
2022-07-27 13:50:07,553 [om1@group-C5BA1605619E-FollowerState] INFO  server.RaftServer$Division (RaftServerImpl.java:setRole(299)) - om1@group-C5BA1605619E: changes role from  FOLLOWER to CANDIDATE at term 0 for changeToCandidate
2022-07-27 13:50:07,554 [om1@group-C5BA1605619E-FollowerState] INFO  server.RaftServerConfigKeys (ConfUtils.java:logGet(46)) - raft.server.leaderelection.pre-vote = false (custom)
2022-07-27 13:50:07,554 [om1@group-C5BA1605619E-FollowerState] INFO  impl.RoleInfo (RoleInfo.java:updateAndGet(139)) - om1: start om1@group-C5BA1605619E-LeaderElection14
2022-07-27 13:50:07,554 [Listener at 127.0.0.1/46277] INFO  handler.ContextHandler (ContextHandler.java:doStart(915)) - Started o.e.j.w.WebAppContext@6598309b{hddsDatanode,/,file:///tmp/jetty-0_0_0_0-42081-hdds-container-service-1_3_0-SNAPSHOT_jar-_-any-1023450395716561234/webapp/,AVAILABLE}{jar:file:/home/runner/.m2/repository/org/apache/ozone/hdds-container-service/1.3.0-SNAPSHOT/hdds-container-service-1.3.0-SNAPSHOT.jar!/webapps/hddsDatanode}
2022-07-27 13:50:07,568 [Listener at 127.0.0.1/46277] INFO  server.AbstractConnector (AbstractConnector.java:doStart(331)) - Started ServerConnector@306b2912{HTTP/1.1, (http/1.1)}{0.0.0.0:42081}
2022-07-27 13:50:07,577 [om1@group-C5BA1605619E-LeaderElection14] INFO  impl.LeaderElection (LeaderElection.java:askForVotes(310)) - om1@group-C5BA1605619E-LeaderElection14 ELECTION round 0: submit vote requests at term 1 for -1: [om1|rpc:localhost:9872|priority:0], old=null
2022-07-27 13:50:07,582 [Listener at 127.0.0.1/46277] INFO  server.Server (Server.java:doStart(415)) - Started @73145ms
2022-07-27 13:50:07,582 [om1@group-C5BA1605619E-LeaderElection14] INFO  impl.LeaderElection (LeaderElection.java:askForVotes(312)) - om1@group-C5BA1605619E-LeaderElection14 ELECTION round 0: result PASSED (term=1)
2022-07-27 13:50:07,582 [Listener at 127.0.0.1/46277] WARN  impl.MetricsSystemImpl (MetricsSystemImpl.java:register(279)) - Sink prometheus already exists!
2022-07-27 13:50:07,582 [om1@group-C5BA1605619E-LeaderElection14] INFO  impl.RoleInfo (RoleInfo.java:shutdownLeaderElection(130)) - om1: shutdown om1@group-C5BA1605619E-LeaderElection14
2022-07-27 13:50:07,582 [om1@group-C5BA1605619E-LeaderElection14] INFO  server.RaftServer$Division (RaftServerImpl.java:setRole(299)) - om1@group-C5BA1605619E: changes role from CANDIDATE to LEADER at term 1 for changeToLeader
2022-07-27 13:50:07,582 [om1@group-C5BA1605619E-LeaderElection14] INFO  server.RaftServer$Division (ServerState.java:setLeader(287)) - om1@group-C5BA1605619E: change Leader from null to om1 at term 1 for becomeLeader, leader elected after 2271ms
2022-07-27 13:50:07,583 [om1@group-C5BA1605619E-LeaderElection14] INFO  server.RaftServerConfigKeys (ConfUtils.java:logGet(46)) - raft.server.staging.catchup.gap = 1000 (default)
2022-07-27 13:50:07,583 [om1@group-C5BA1605619E-LeaderElection14] INFO  server.RaftServerConfigKeys (ConfUtils.java:logGet(46)) - raft.server.write.element-limit = 4096 (default)
2022-07-27 13:50:07,583 [om1@group-C5BA1605619E-LeaderElection14] INFO  server.RaftServerConfigKeys (ConfUtils.java:logGet(46)) - raft.server.write.byte-limit = 64MB (=67108864) (default)
2022-07-27 13:50:07,583 [om1@group-C5BA1605619E-LeaderElection14] INFO  server.RaftServerConfigKeys (ConfUtils.java:logGet(46)) - raft.server.watch.timeout = 10s (default)
2022-07-27 13:50:07,583 [om1@group-C5BA1605619E-LeaderElection14] INFO  server.RaftServerConfigKeys (ConfUtils.java:logGet(46)) - raft.server.watch.timeout.denomination = 1s (default)
2022-07-27 13:50:07,583 [om1@group-C5BA1605619E-LeaderElection14] INFO  server.RaftServerConfigKeys (ConfUtils.java:logGet(46)) - raft.server.watch.element-limit = 65536 (default)
2022-07-27 13:50:07,583 [om1@group-C5BA1605619E-LeaderElection14] INFO  server.RaftServerConfigKeys (ConfUtils.java:logGet(46)) - raft.server.write.element-limit = 4096 (default)
2022-07-27 13:50:07,583 [om1@group-C5BA1605619E-LeaderElection14] INFO  server.RaftServerConfigKeys (ConfUtils.java:logGet(46)) - raft.server.write.follower.gap.ratio.max = -1.0 (default)
2022-07-27 13:50:07,583 [om1@group-C5BA1605619E-LeaderElection14] INFO  impl.RoleInfo (RoleInfo.java:updateAndGet(139)) - om1: start om1@group-C5BA1605619E-LeaderStateImpl
2022-07-27 13:50:07,584 [om1@group-C5BA1605619E-LeaderElection14] INFO  segmented.SegmentedRaftLogWorker (SegmentedRaftLogWorker.java:startLogSegment(425)) - om1@group-C5BA1605619E-SegmentedRaftLogWorker: Starting segment from index:0
2022-07-27 13:50:07,591 [Listener at 127.0.0.1/46277] INFO  http.BaseHttpServer (BaseHttpServer.java:updateConnectorAddress(329)) - HTTP server of hddsDatanode listening at http://0.0.0.0:42081
2022-07-27 13:50:07,600 [om1@group-C5BA1605619E-LeaderElection14] INFO  server.RaftServer$Division (ServerState.java:setRaftConf(393)) - om1@group-C5BA1605619E: set configuration 0: [om1|rpc:localhost:9872|admin:|client:|dataStream:|priority:0], old=null
2022-07-27 13:50:07,600 [Listener at 127.0.0.1/46277] WARN  impl.MetricRegistriesImpl (MetricRegistriesImpl.java:addReporterRegistration(111)) - New reporters are added after registries were created. Some metrics will be missing from the reporter. Please add reporter before adding any new registry.
2022-07-27 13:50:07,609 [Listener at 127.0.0.1/46277] WARN  impl.MetricRegistriesImpl (MetricRegistriesImpl.java:addReporterRegistration(111)) - New reporters are added after registries were created. Some metrics will be missing from the reporter. Please add reporter before adding any new registry.
2022-07-27 13:50:07,609 [Listener at 127.0.0.1/46277] INFO  impl.MetricsSystemImpl (MetricsSystemImpl.java:init(158)) - HddsDatanode metrics system started (again)
2022-07-27 13:50:07,607 [om1@group-C5BA1605619E-SegmentedRaftLogWorker] INFO  segmented.SegmentedRaftLogWorker (SegmentedRaftLogWorker.java:execute(629)) - om1@group-C5BA1605619E-SegmentedRaftLogWorker: created new log segment /home/runner/work/ozone/ozone/hadoop-ozone/integration-test/target/test-dir/MiniOzoneClusterImpl-29ab875d-7565-45f7-8a7f-94142ec04d49/ozone-meta/ratis/bf265839-605b-3f16-9796-c5ba1605619e/current/log_inprogress_0
2022-07-27 13:50:07,615 [om1@group-C5BA1605619E-StateMachineUpdater] INFO  ratis.OzoneManagerStateMachine (OzoneManagerStateMachine.java:notifyConfigurationChanged(192)) - Received Configuration change notification from Ratis. New Peer list:
[id: "om1"
address: "localhost:9872"
]
2022-07-27 13:50:07,621 [Datanode State Machine Daemon Thread] INFO  statemachine.DatanodeStateMachine (DatanodeStateMachine.java:lambda$startDaemon$0(492)) - Ozone container server started.
2022-07-27 13:50:07,642 [Listener at 127.0.0.1/46277] INFO  ozone.HddsDatanodeService (HddsDatanodeService.java:start(236)) - HddsDatanodeService host:fv-az217-261.5fhmivlnczbevhjmk01nzrxweh.bx.internal.cloudapp.net ip:10.1.0.21
2022-07-27 13:50:07,655 [org.apache.hadoop.util.JvmPauseMonitor$Monitor@6b3c020d] INFO  util.JvmPauseMonitor (JvmPauseMonitor.java:run(188)) - Starting JVM pause monitor
2022-07-27 13:50:07,662 [Datanode State Machine Task Thread - 0] INFO  datanode.InitDatanodeState (InitDatanodeState.java:persistContainerDatanodeDetails(138)) - DatanodeDetails is persisted to /home/runner/work/ozone/ozone/hadoop-ozone/integration-test/target/test-dir/MiniOzoneClusterImpl-29ab875d-7565-45f7-8a7f-94142ec04d49/datanode-0/meta/datanode.id
2022-07-27 13:50:07,670 [Listener at 127.0.0.1/46277] INFO  upgrade.AbstractLayoutVersionManager (AbstractLayoutVersionManager.java:init(83)) - Initializing Layout version manager with metadata layout = DATANODE_SCHEMA_V3 (version = 4), software layout = DATANODE_SCHEMA_V3 (version = 4)
2022-07-27 13:50:07,732 [Listener at 127.0.0.1/46277] INFO  reflections.Reflections (Reflections.java:scan(232)) - Reflections took 52 ms to scan 7 urls, producing 132 keys and 321 values 
2022-07-27 13:50:07,736 [Listener at 127.0.0.1/46277] INFO  statemachine.DatanodeStateMachine (DatanodeStateMachine.java:getEndPointTaskThreadPoolSize(237)) - Datanode State Machine Task Thread Pool size 2
2022-07-27 13:50:07,749 [Listener at 127.0.0.1/46277] INFO  volume.HddsVolume (HddsVolume.java:<init>(116)) - Creating HddsVolume: /home/runner/work/ozone/ozone/hadoop-ozone/integration-test/target/test-dir/MiniOzoneClusterImpl-29ab875d-7565-45f7-8a7f-94142ec04d49/datanode-1/data-0/containers/hdds of storage type : DISK capacity : 9223372036854775807
2022-07-27 13:50:07,749 [Listener at 127.0.0.1/46277] INFO  volume.MutableVolumeSet (MutableVolumeSet.java:initializeVolumeSet(174)) - Added Volume : /home/runner/work/ozone/ozone/hadoop-ozone/integration-test/target/test-dir/MiniOzoneClusterImpl-29ab875d-7565-45f7-8a7f-94142ec04d49/datanode-1/data-0/containers/hdds to VolumeSet
2022-07-27 13:50:07,749 [Listener at 127.0.0.1/46277] INFO  volume.ThrottledAsyncChecker (ThrottledAsyncChecker.java:schedule(141)) - Scheduling a check for /home/runner/work/ozone/ozone/hadoop-ozone/integration-test/target/test-dir/MiniOzoneClusterImpl-29ab875d-7565-45f7-8a7f-94142ec04d49/datanode-1/data-0/containers/hdds
2022-07-27 13:50:07,756 [Listener at 127.0.0.1/46277] INFO  volume.StorageVolumeChecker (StorageVolumeChecker.java:checkAllVolumes(202)) - Scheduled health check for volume /home/runner/work/ozone/ozone/hadoop-ozone/integration-test/target/test-dir/MiniOzoneClusterImpl-29ab875d-7565-45f7-8a7f-94142ec04d49/datanode-1/data-0/containers/hdds
2022-07-27 13:50:07,785 [Listener at 127.0.0.1/46277] INFO  volume.MutableVolumeSet (MutableVolumeSet.java:initializeVolumeSet(174)) - Added Volume : /home/runner/work/ozone/ozone/hadoop-ozone/integration-test/target/test-dir/MiniOzoneClusterImpl-29ab875d-7565-45f7-8a7f-94142ec04d49/datanode-1/data/ratis to VolumeSet
2022-07-27 13:50:07,786 [Listener at 127.0.0.1/46277] INFO  volume.ThrottledAsyncChecker (ThrottledAsyncChecker.java:schedule(141)) - Scheduling a check for /home/runner/work/ozone/ozone/hadoop-ozone/integration-test/target/test-dir/MiniOzoneClusterImpl-29ab875d-7565-45f7-8a7f-94142ec04d49/datanode-1/data/ratis
2022-07-27 13:50:07,786 [Listener at 127.0.0.1/46277] INFO  volume.StorageVolumeChecker (StorageVolumeChecker.java:checkAllVolumes(202)) - Scheduled health check for volume /home/runner/work/ozone/ozone/hadoop-ozone/integration-test/target/test-dir/MiniOzoneClusterImpl-29ab875d-7565-45f7-8a7f-94142ec04d49/datanode-1/data/ratis
2022-07-27 13:50:07,816 [Thread-654] INFO  ozoneimpl.ContainerReader (ContainerReader.java:readVolume(175)) - Finish verifying containers on volume /home/runner/work/ozone/ozone/hadoop-ozone/integration-test/target/test-dir/MiniOzoneClusterImpl-29ab875d-7565-45f7-8a7f-94142ec04d49/datanode-1/data-0/containers/hdds
2022-07-27 13:50:07,816 [Listener at 127.0.0.1/46277] INFO  ozoneimpl.OzoneContainer (OzoneContainer.java:buildContainerSet(299)) - Build ContainerSet costs 0s
2022-07-27 13:50:07,818 [Listener at 127.0.0.1/46277] INFO  server.RaftServer (ConfUtils.java:logGet(46)) - raft.rpc.type = GRPC (default)
2022-07-27 13:50:07,818 [Listener at 127.0.0.1/46277] INFO  grpc.GrpcFactory (GrpcFactory.java:checkPooledByteBufAllocatorUseCacheForAllThreads(48)) - PERFORMANCE WARNING: useCacheForAllThreads is true that may cause Netty to create a lot garbage objects and, as a result, trigger GC.
	It is recommended to disable useCacheForAllThreads by setting -Dorg.apache.ratis.thirdparty.io.netty.allocator.useCacheForAllThreads=false in command line.
2022-07-27 13:50:07,819 [Listener at 127.0.0.1/46277] INFO  grpc.GrpcConfigKeys (ConfUtils.java:logGet(46)) - raft.grpc.admin.port = 0 (custom)
2022-07-27 13:50:07,819 [Listener at 127.0.0.1/46277] INFO  grpc.GrpcConfigKeys (ConfUtils.java:logGet(46)) - raft.grpc.client.port = 0 (custom)
2022-07-27 13:50:07,819 [Listener at 127.0.0.1/46277] INFO  grpc.GrpcConfigKeys (ConfUtils.java:logGet(46)) - raft.grpc.server.port = 0 (default)
2022-07-27 13:50:07,819 [Listener at 127.0.0.1/46277] INFO  server.GrpcService (ConfUtils.java:logGet(46)) - raft.grpc.message.size.max = 32MB (=33554432) (custom)
2022-07-27 13:50:07,819 [Listener at 127.0.0.1/46277] INFO  server.RaftServerConfigKeys (ConfUtils.java:logGet(46)) - raft.server.log.appender.buffer.byte-limit = 33554432 (custom)
2022-07-27 13:50:07,819 [Listener at 127.0.0.1/46277] INFO  server.GrpcService (ConfUtils.java:logGet(46)) - raft.grpc.flow.control.window = 5MB (=5242880) (custom)
2022-07-27 13:50:07,819 [Listener at 127.0.0.1/46277] INFO  server.RaftServerConfigKeys (ConfUtils.java:logGet(46)) - raft.server.rpc.request.timeout = 60s (custom)
2022-07-27 13:50:07,819 [Listener at 127.0.0.1/46277] INFO  grpc.GrpcConfigKeys (ConfUtils.java:logGet(46)) - raft.grpc.server.async.request.thread.pool.cached = true (default)
2022-07-27 13:50:07,819 [Listener at 127.0.0.1/46277] INFO  grpc.GrpcConfigKeys (ConfUtils.java:logGet(46)) - raft.grpc.server.async.request.thread.pool.size = 32 (default)
2022-07-27 13:50:07,820 [Listener at 127.0.0.1/46277] INFO  impl.DataStreamServerImpl (ConfUtils.java:logGet(46)) - raft.datastream.type = DISABLED (default)
2022-07-27 13:50:07,821 [Listener at 127.0.0.1/46277] INFO  server.RaftServerConfigKeys (ConfUtils.java:logGet(46)) - raft.server.threadpool.proxy.cached = true (default)
2022-07-27 13:50:07,821 [Listener at 127.0.0.1/46277] INFO  server.RaftServerConfigKeys (ConfUtils.java:logGet(46)) - raft.server.threadpool.proxy.size = 0 (default)
2022-07-27 13:50:07,821 [Listener at 127.0.0.1/46277] INFO  server.RaftServerConfigKeys (ConfUtils.java:logGet(46)) - raft.server.rpc.slowness.timeout = 300s (custom)
2022-07-27 13:50:07,821 [Listener at 127.0.0.1/46277] INFO  server.RaftServerConfigKeys (ConfUtils.java:logGet(46)) - raft.server.leaderelection.leader.step-down.wait-time = 10s (default)
2022-07-27 13:50:07,821 [Listener at 127.0.0.1/46277] INFO  server.RaftServerConfigKeys (ConfUtils.java:logGet(46)) - raft.server.storage.dir = [/home/runner/work/ozone/ozone/hadoop-ozone/integration-test/target/test-dir/MiniOzoneClusterImpl-29ab875d-7565-45f7-8a7f-94142ec04d49/datanode-1/data/ratis] (custom)
2022-07-27 13:50:07,826 [Listener at 127.0.0.1/46277] INFO  server.XceiverServerGrpc (XceiverServerGrpc.java:<init>(132)) - GrpcServer channel type EpollServerSocketChannel
2022-07-27 13:50:07,834 [Listener at 127.0.0.1/46277] INFO  http.BaseHttpServer (BaseHttpServer.java:newHttpServer2BuilderForOzone(209)) - Starting Web-server for hddsDatanode at: http://0.0.0.0:0
2022-07-27 13:50:07,834 [Listener at 127.0.0.1/46277] INFO  http.BaseHttpServer (BaseHttpServer.java:<init>(107)) - Hadoop Security Enabled: false Ozone Security Enabled: false Ozone HTTP Security Enabled: false 
2022-07-27 13:50:07,835 [Listener at 127.0.0.1/46277] INFO  server.AuthenticationFilter (AuthenticationFilter.java:constructSecretProvider(240)) - Unable to initialize FileSignerSecretProvider, falling back to use random secrets.
2022-07-27 13:50:07,843 [Listener at 127.0.0.1/46277] WARN  http.HttpRequestLog (HttpRequestLog.java:getRequestLog(103)) - Jetty request log can only be enabled using Log4j
2022-07-27 13:50:07,844 [Listener at 127.0.0.1/46277] INFO  http.HttpServer2 (HttpServer2.java:addGlobalFilter(1029)) - Added global filter 'safety' (class=org.apache.hadoop.hdds.server.http.HttpServer2$QuotingInputFilter)
2022-07-27 13:50:07,845 [Listener at 127.0.0.1/46277] INFO  http.HttpServer2 (HttpServer2.java:addFilter(1005)) - Added filter static_user_filter (class=org.apache.hadoop.http.lib.StaticUserWebFilter$StaticUserFilter) to context hddsDatanode
2022-07-27 13:50:07,845 [Listener at 127.0.0.1/46277] INFO  http.HttpServer2 (HttpServer2.java:addFilter(1013)) - Added filter static_user_filter (class=org.apache.hadoop.http.lib.StaticUserWebFilter$StaticUserFilter) to context logs
2022-07-27 13:50:07,845 [Listener at 127.0.0.1/46277] INFO  http.HttpServer2 (HttpServer2.java:addFilter(1013)) - Added filter static_user_filter (class=org.apache.hadoop.http.lib.StaticUserWebFilter$StaticUserFilter) to context static
2022-07-27 13:50:07,845 [Listener at 127.0.0.1/46277] INFO  http.HttpServer2 (HttpServer2.java:bindListener(1248)) - Jetty bound to port 38263
2022-07-27 13:50:07,845 [Listener at 127.0.0.1/46277] INFO  server.Server (Server.java:doStart(375)) - jetty-9.4.43.v20210629; built: 2021-06-30T11:07:22.254Z; git: 526006ecfa3af7f1a27ef3a288e2bef7ea9dd7e8; jvm 1.8.0_332-b09
2022-07-27 13:50:07,891 [Listener at 127.0.0.1/46277] INFO  server.session (DefaultSessionIdManager.java:doStart(334)) - DefaultSessionIdManager workerName=node0
2022-07-27 13:50:07,892 [Listener at 127.0.0.1/46277] INFO  server.session (DefaultSessionIdManager.java:doStart(339)) - No SessionScavenger set, using defaults
2022-07-27 13:50:07,892 [Listener at 127.0.0.1/46277] INFO  server.session (HouseKeeper.java:startScavenging(132)) - node0 Scavenging every 660000ms
2022-07-27 13:50:07,893 [Listener at 127.0.0.1/46277] INFO  handler.ContextHandler (ContextHandler.java:doStart(915)) - Started o.e.j.s.ServletContextHandler@402d09dd{logs,/logs,file:///home/runner/work/ozone/ozone/hadoop-ozone/integration-test/target/log,AVAILABLE}
2022-07-27 13:50:07,893 [Listener at 127.0.0.1/46277] INFO  handler.ContextHandler (ContextHandler.java:doStart(915)) - Started o.e.j.s.ServletContextHandler@747a8258{static,/static,jar:file:/home/runner/.m2/repository/org/apache/ozone/hdds-container-service/1.3.0-SNAPSHOT/hdds-container-service-1.3.0-SNAPSHOT.jar!/webapps/static,AVAILABLE}
2022-07-27 13:50:08,347 [Listener at 127.0.0.1/46277] INFO  handler.ContextHandler (ContextHandler.java:doStart(915)) - Started o.e.j.w.WebAppContext@7f25ff1f{hddsDatanode,/,file:///tmp/jetty-0_0_0_0-38263-hdds-container-service-1_3_0-SNAPSHOT_jar-_-any-3253738963958751272/webapp/,AVAILABLE}{jar:file:/home/runner/.m2/repository/org/apache/ozone/hdds-container-service/1.3.0-SNAPSHOT/hdds-container-service-1.3.0-SNAPSHOT.jar!/webapps/hddsDatanode}
2022-07-27 13:50:08,351 [Listener at 127.0.0.1/46277] INFO  server.AbstractConnector (AbstractConnector.java:doStart(331)) - Started ServerConnector@107a9490{HTTP/1.1, (http/1.1)}{0.0.0.0:38263}
2022-07-27 13:50:08,351 [Listener at 127.0.0.1/46277] INFO  server.Server (Server.java:doStart(415)) - Started @73914ms
2022-07-27 13:50:08,351 [Listener at 127.0.0.1/46277] WARN  impl.MetricsSystemImpl (MetricsSystemImpl.java:register(279)) - Sink prometheus already exists!
2022-07-27 13:50:08,355 [Listener at 127.0.0.1/46277] INFO  http.BaseHttpServer (BaseHttpServer.java:updateConnectorAddress(329)) - HTTP server of hddsDatanode listening at http://0.0.0.0:38263
2022-07-27 13:50:08,366 [Listener at 127.0.0.1/46277] WARN  impl.MetricRegistriesImpl (MetricRegistriesImpl.java:addReporterRegistration(111)) - New reporters are added after registries were created. Some metrics will be missing from the reporter. Please add reporter before adding any new registry.
2022-07-27 13:50:08,366 [Listener at 127.0.0.1/46277] WARN  impl.MetricRegistriesImpl (MetricRegistriesImpl.java:addReporterRegistration(111)) - New reporters are added after registries were created. Some metrics will be missing from the reporter. Please add reporter before adding any new registry.
2022-07-27 13:50:08,366 [Listener at 127.0.0.1/46277] INFO  impl.MetricsSystemImpl (MetricsSystemImpl.java:init(158)) - HddsDatanode metrics system started (again)
2022-07-27 13:50:08,384 [Datanode State Machine Daemon Thread] INFO  statemachine.DatanodeStateMachine (DatanodeStateMachine.java:lambda$startDaemon$0(492)) - Ozone container server started.
2022-07-27 13:50:08,407 [org.apache.hadoop.util.JvmPauseMonitor$Monitor@65b00110] INFO  util.JvmPauseMonitor (JvmPauseMonitor.java:run(188)) - Starting JVM pause monitor
2022-07-27 13:50:08,417 [Listener at 127.0.0.1/46277] INFO  ozone.HddsDatanodeService (HddsDatanodeService.java:start(236)) - HddsDatanodeService host:fv-az217-261.5fhmivlnczbevhjmk01nzrxweh.bx.internal.cloudapp.net ip:10.1.0.21
2022-07-27 13:50:08,421 [Datanode State Machine Task Thread - 0] INFO  datanode.InitDatanodeState (InitDatanodeState.java:persistContainerDatanodeDetails(138)) - DatanodeDetails is persisted to /home/runner/work/ozone/ozone/hadoop-ozone/integration-test/target/test-dir/MiniOzoneClusterImpl-29ab875d-7565-45f7-8a7f-94142ec04d49/datanode-1/meta/datanode.id
2022-07-27 13:50:08,448 [Listener at 127.0.0.1/46277] INFO  upgrade.AbstractLayoutVersionManager (AbstractLayoutVersionManager.java:init(83)) - Initializing Layout version manager with metadata layout = DATANODE_SCHEMA_V3 (version = 4), software layout = DATANODE_SCHEMA_V3 (version = 4)
2022-07-27 13:50:08,573 [Listener at 127.0.0.1/46277] INFO  reflections.Reflections (Reflections.java:scan(232)) - Reflections took 124 ms to scan 7 urls, producing 132 keys and 321 values 
2022-07-27 13:50:08,581 [Listener at 127.0.0.1/46277] INFO  statemachine.DatanodeStateMachine (DatanodeStateMachine.java:getEndPointTaskThreadPoolSize(237)) - Datanode State Machine Task Thread Pool size 2
2022-07-27 13:50:08,590 [Listener at 127.0.0.1/46277] INFO  volume.HddsVolume (HddsVolume.java:<init>(116)) - Creating HddsVolume: /home/runner/work/ozone/ozone/hadoop-ozone/integration-test/target/test-dir/MiniOzoneClusterImpl-29ab875d-7565-45f7-8a7f-94142ec04d49/datanode-2/data-0/containers/hdds of storage type : DISK capacity : 9223372036854775807
2022-07-27 13:50:08,590 [Listener at 127.0.0.1/46277] INFO  volume.MutableVolumeSet (MutableVolumeSet.java:initializeVolumeSet(174)) - Added Volume : /home/runner/work/ozone/ozone/hadoop-ozone/integration-test/target/test-dir/MiniOzoneClusterImpl-29ab875d-7565-45f7-8a7f-94142ec04d49/datanode-2/data-0/containers/hdds to VolumeSet
2022-07-27 13:50:08,590 [Listener at 127.0.0.1/46277] INFO  volume.ThrottledAsyncChecker (ThrottledAsyncChecker.java:schedule(141)) - Scheduling a check for /home/runner/work/ozone/ozone/hadoop-ozone/integration-test/target/test-dir/MiniOzoneClusterImpl-29ab875d-7565-45f7-8a7f-94142ec04d49/datanode-2/data-0/containers/hdds
2022-07-27 13:50:08,610 [Listener at 127.0.0.1/46277] INFO  volume.StorageVolumeChecker (StorageVolumeChecker.java:checkAllVolumes(202)) - Scheduled health check for volume /home/runner/work/ozone/ozone/hadoop-ozone/integration-test/target/test-dir/MiniOzoneClusterImpl-29ab875d-7565-45f7-8a7f-94142ec04d49/datanode-2/data-0/containers/hdds
2022-07-27 13:50:08,627 [Listener at 127.0.0.1/46277] INFO  volume.MutableVolumeSet (MutableVolumeSet.java:initializeVolumeSet(174)) - Added Volume : /home/runner/work/ozone/ozone/hadoop-ozone/integration-test/target/test-dir/MiniOzoneClusterImpl-29ab875d-7565-45f7-8a7f-94142ec04d49/datanode-2/data/ratis to VolumeSet
2022-07-27 13:50:08,627 [Listener at 127.0.0.1/46277] INFO  volume.ThrottledAsyncChecker (ThrottledAsyncChecker.java:schedule(141)) - Scheduling a check for /home/runner/work/ozone/ozone/hadoop-ozone/integration-test/target/test-dir/MiniOzoneClusterImpl-29ab875d-7565-45f7-8a7f-94142ec04d49/datanode-2/data/ratis
2022-07-27 13:50:08,627 [Listener at 127.0.0.1/46277] INFO  volume.StorageVolumeChecker (StorageVolumeChecker.java:checkAllVolumes(202)) - Scheduled health check for volume /home/runner/work/ozone/ozone/hadoop-ozone/integration-test/target/test-dir/MiniOzoneClusterImpl-29ab875d-7565-45f7-8a7f-94142ec04d49/datanode-2/data/ratis
2022-07-27 13:50:08,667 [Thread-667] INFO  ozoneimpl.ContainerReader (ContainerReader.java:readVolume(175)) - Finish verifying containers on volume /home/runner/work/ozone/ozone/hadoop-ozone/integration-test/target/test-dir/MiniOzoneClusterImpl-29ab875d-7565-45f7-8a7f-94142ec04d49/datanode-2/data-0/containers/hdds
2022-07-27 13:50:08,667 [Listener at 127.0.0.1/46277] INFO  ozoneimpl.OzoneContainer (OzoneContainer.java:buildContainerSet(299)) - Build ContainerSet costs 0s
2022-07-27 13:50:08,681 [Listener at 127.0.0.1/46277] INFO  server.RaftServer (ConfUtils.java:logGet(46)) - raft.rpc.type = GRPC (default)
2022-07-27 13:50:08,681 [Listener at 127.0.0.1/46277] INFO  grpc.GrpcFactory (GrpcFactory.java:checkPooledByteBufAllocatorUseCacheForAllThreads(48)) - PERFORMANCE WARNING: useCacheForAllThreads is true that may cause Netty to create a lot garbage objects and, as a result, trigger GC.
	It is recommended to disable useCacheForAllThreads by setting -Dorg.apache.ratis.thirdparty.io.netty.allocator.useCacheForAllThreads=false in command line.
2022-07-27 13:50:08,682 [Listener at 127.0.0.1/46277] INFO  grpc.GrpcConfigKeys (ConfUtils.java:logGet(46)) - raft.grpc.admin.port = 0 (custom)
2022-07-27 13:50:08,683 [Listener at 127.0.0.1/46277] INFO  grpc.GrpcConfigKeys (ConfUtils.java:logGet(46)) - raft.grpc.client.port = 0 (custom)
2022-07-27 13:50:08,684 [Listener at 127.0.0.1/46277] INFO  grpc.GrpcConfigKeys (ConfUtils.java:logGet(46)) - raft.grpc.server.port = 0 (default)
2022-07-27 13:50:08,684 [Listener at 127.0.0.1/46277] INFO  server.GrpcService (ConfUtils.java:logGet(46)) - raft.grpc.message.size.max = 32MB (=33554432) (custom)
2022-07-27 13:50:08,691 [Listener at 127.0.0.1/46277] INFO  server.RaftServerConfigKeys (ConfUtils.java:logGet(46)) - raft.server.log.appender.buffer.byte-limit = 33554432 (custom)
2022-07-27 13:50:08,691 [Listener at 127.0.0.1/46277] INFO  server.GrpcService (ConfUtils.java:logGet(46)) - raft.grpc.flow.control.window = 5MB (=5242880) (custom)
2022-07-27 13:50:08,691 [Listener at 127.0.0.1/46277] INFO  server.RaftServerConfigKeys (ConfUtils.java:logGet(46)) - raft.server.rpc.request.timeout = 60s (custom)
2022-07-27 13:50:08,691 [Listener at 127.0.0.1/46277] INFO  grpc.GrpcConfigKeys (ConfUtils.java:logGet(46)) - raft.grpc.server.async.request.thread.pool.cached = true (default)
2022-07-27 13:50:08,691 [Listener at 127.0.0.1/46277] INFO  grpc.GrpcConfigKeys (ConfUtils.java:logGet(46)) - raft.grpc.server.async.request.thread.pool.size = 32 (default)
2022-07-27 13:50:08,693 [Listener at 127.0.0.1/46277] INFO  impl.DataStreamServerImpl (ConfUtils.java:logGet(46)) - raft.datastream.type = DISABLED (default)
2022-07-27 13:50:08,694 [Listener at 127.0.0.1/46277] INFO  server.RaftServerConfigKeys (ConfUtils.java:logGet(46)) - raft.server.threadpool.proxy.cached = true (default)
2022-07-27 13:50:08,695 [Listener at 127.0.0.1/46277] INFO  server.RaftServerConfigKeys (ConfUtils.java:logGet(46)) - raft.server.threadpool.proxy.size = 0 (default)
2022-07-27 13:50:08,695 [Listener at 127.0.0.1/46277] INFO  server.RaftServerConfigKeys (ConfUtils.java:logGet(46)) - raft.server.rpc.slowness.timeout = 300s (custom)
2022-07-27 13:50:08,695 [Listener at 127.0.0.1/46277] INFO  server.RaftServerConfigKeys (ConfUtils.java:logGet(46)) - raft.server.leaderelection.leader.step-down.wait-time = 10s (default)
2022-07-27 13:50:08,695 [Listener at 127.0.0.1/46277] INFO  server.RaftServerConfigKeys (ConfUtils.java:logGet(46)) - raft.server.storage.dir = [/home/runner/work/ozone/ozone/hadoop-ozone/integration-test/target/test-dir/MiniOzoneClusterImpl-29ab875d-7565-45f7-8a7f-94142ec04d49/datanode-2/data/ratis] (custom)
2022-07-27 13:50:08,696 [Listener at 127.0.0.1/46277] INFO  server.XceiverServerGrpc (XceiverServerGrpc.java:<init>(132)) - GrpcServer channel type EpollServerSocketChannel
2022-07-27 13:50:08,707 [Listener at 127.0.0.1/46277] INFO  http.BaseHttpServer (BaseHttpServer.java:newHttpServer2BuilderForOzone(209)) - Starting Web-server for hddsDatanode at: http://0.0.0.0:0
2022-07-27 13:50:08,707 [Listener at 127.0.0.1/46277] INFO  http.BaseHttpServer (BaseHttpServer.java:<init>(107)) - Hadoop Security Enabled: false Ozone Security Enabled: false Ozone HTTP Security Enabled: false 
2022-07-27 13:50:08,708 [Listener at 127.0.0.1/46277] INFO  server.AuthenticationFilter (AuthenticationFilter.java:constructSecretProvider(240)) - Unable to initialize FileSignerSecretProvider, falling back to use random secrets.
2022-07-27 13:50:08,719 [Listener at 127.0.0.1/46277] WARN  http.HttpRequestLog (HttpRequestLog.java:getRequestLog(103)) - Jetty request log can only be enabled using Log4j
2022-07-27 13:50:08,720 [Listener at 127.0.0.1/46277] INFO  http.HttpServer2 (HttpServer2.java:addGlobalFilter(1029)) - Added global filter 'safety' (class=org.apache.hadoop.hdds.server.http.HttpServer2$QuotingInputFilter)
2022-07-27 13:50:08,721 [Listener at 127.0.0.1/46277] INFO  http.HttpServer2 (HttpServer2.java:addFilter(1005)) - Added filter static_user_filter (class=org.apache.hadoop.http.lib.StaticUserWebFilter$StaticUserFilter) to context hddsDatanode
2022-07-27 13:50:08,721 [Listener at 127.0.0.1/46277] INFO  http.HttpServer2 (HttpServer2.java:addFilter(1013)) - Added filter static_user_filter (class=org.apache.hadoop.http.lib.StaticUserWebFilter$StaticUserFilter) to context static
2022-07-27 13:50:08,721 [Listener at 127.0.0.1/46277] INFO  http.HttpServer2 (HttpServer2.java:addFilter(1013)) - Added filter static_user_filter (class=org.apache.hadoop.http.lib.StaticUserWebFilter$StaticUserFilter) to context logs
2022-07-27 13:50:08,721 [Listener at 127.0.0.1/46277] INFO  http.HttpServer2 (HttpServer2.java:bindListener(1248)) - Jetty bound to port 33195
2022-07-27 13:50:08,722 [Listener at 127.0.0.1/46277] INFO  server.Server (Server.java:doStart(375)) - jetty-9.4.43.v20210629; built: 2021-06-30T11:07:22.254Z; git: 526006ecfa3af7f1a27ef3a288e2bef7ea9dd7e8; jvm 1.8.0_332-b09
2022-07-27 13:50:08,819 [Listener at 127.0.0.1/46277] INFO  server.session (DefaultSessionIdManager.java:doStart(334)) - DefaultSessionIdManager workerName=node0
2022-07-27 13:50:08,820 [Listener at 127.0.0.1/46277] INFO  server.session (DefaultSessionIdManager.java:doStart(339)) - No SessionScavenger set, using defaults
2022-07-27 13:50:08,820 [Listener at 127.0.0.1/46277] INFO  server.session (HouseKeeper.java:startScavenging(132)) - node0 Scavenging every 660000ms
2022-07-27 13:50:08,831 [Listener at 127.0.0.1/46277] INFO  handler.ContextHandler (ContextHandler.java:doStart(915)) - Started o.e.j.s.ServletContextHandler@20d95a84{logs,/logs,file:///home/runner/work/ozone/ozone/hadoop-ozone/integration-test/target/log,AVAILABLE}
2022-07-27 13:50:08,832 [Listener at 127.0.0.1/46277] INFO  handler.ContextHandler (ContextHandler.java:doStart(915)) - Started o.e.j.s.ServletContextHandler@14c42273{static,/static,jar:file:/home/runner/.m2/repository/org/apache/ozone/hdds-container-service/1.3.0-SNAPSHOT/hdds-container-service-1.3.0-SNAPSHOT.jar!/webapps/static,AVAILABLE}
2022-07-27 13:50:09,316 [Listener at 127.0.0.1/46277] INFO  handler.ContextHandler (ContextHandler.java:doStart(915)) - Started o.e.j.w.WebAppContext@27f89d3b{hddsDatanode,/,file:///tmp/jetty-0_0_0_0-33195-hdds-container-service-1_3_0-SNAPSHOT_jar-_-any-4358017170615324826/webapp/,AVAILABLE}{jar:file:/home/runner/.m2/repository/org/apache/ozone/hdds-container-service/1.3.0-SNAPSHOT/hdds-container-service-1.3.0-SNAPSHOT.jar!/webapps/hddsDatanode}
2022-07-27 13:50:09,327 [Listener at 127.0.0.1/46277] INFO  server.AbstractConnector (AbstractConnector.java:doStart(331)) - Started ServerConnector@5e1ebcb0{HTTP/1.1, (http/1.1)}{0.0.0.0:33195}
2022-07-27 13:50:09,328 [Listener at 127.0.0.1/46277] INFO  server.Server (Server.java:doStart(415)) - Started @74890ms
2022-07-27 13:50:09,328 [Listener at 127.0.0.1/46277] WARN  impl.MetricsSystemImpl (MetricsSystemImpl.java:register(279)) - Sink prometheus already exists!
2022-07-27 13:50:09,328 [Listener at 127.0.0.1/46277] INFO  http.BaseHttpServer (BaseHttpServer.java:updateConnectorAddress(329)) - HTTP server of hddsDatanode listening at http://0.0.0.0:33195
2022-07-27 13:50:09,336 [Datanode State Machine Daemon Thread] INFO  statemachine.DatanodeStateMachine (DatanodeStateMachine.java:lambda$startDaemon$0(492)) - Ozone container server started.
2022-07-27 13:50:09,336 [Listener at 127.0.0.1/46277] WARN  impl.MetricRegistriesImpl (MetricRegistriesImpl.java:addReporterRegistration(111)) - New reporters are added after registries were created. Some metrics will be missing from the reporter. Please add reporter before adding any new registry.
2022-07-27 13:50:09,343 [Listener at 127.0.0.1/46277] WARN  impl.MetricRegistriesImpl (MetricRegistriesImpl.java:addReporterRegistration(111)) - New reporters are added after registries were created. Some metrics will be missing from the reporter. Please add reporter before adding any new registry.
2022-07-27 13:50:09,343 [Listener at 127.0.0.1/46277] INFO  impl.MetricsSystemImpl (MetricsSystemImpl.java:init(158)) - HddsDatanode metrics system started (again)
2022-07-27 13:50:09,413 [Listener at 127.0.0.1/46277] INFO  ozone.HddsDatanodeService (HddsDatanodeService.java:start(236)) - HddsDatanodeService host:fv-az217-261.5fhmivlnczbevhjmk01nzrxweh.bx.internal.cloudapp.net ip:10.1.0.21
2022-07-27 13:50:09,419 [org.apache.hadoop.util.JvmPauseMonitor$Monitor@58a49770] INFO  util.JvmPauseMonitor (JvmPauseMonitor.java:run(188)) - Starting JVM pause monitor
2022-07-27 13:50:09,420 [Datanode State Machine Task Thread - 0] INFO  datanode.InitDatanodeState (InitDatanodeState.java:persistContainerDatanodeDetails(138)) - DatanodeDetails is persisted to /home/runner/work/ozone/ozone/hadoop-ozone/integration-test/target/test-dir/MiniOzoneClusterImpl-29ab875d-7565-45f7-8a7f-94142ec04d49/datanode-2/meta/datanode.id
2022-07-27 13:50:09,472 [Listener at 127.0.0.1/46277] INFO  upgrade.AbstractLayoutVersionManager (AbstractLayoutVersionManager.java:init(83)) - Initializing Layout version manager with metadata layout = DATANODE_SCHEMA_V3 (version = 4), software layout = DATANODE_SCHEMA_V3 (version = 4)
2022-07-27 13:50:09,553 [Listener at 127.0.0.1/46277] INFO  reflections.Reflections (Reflections.java:scan(232)) - Reflections took 73 ms to scan 7 urls, producing 132 keys and 321 values 
2022-07-27 13:50:09,554 [Listener at 127.0.0.1/46277] INFO  statemachine.DatanodeStateMachine (DatanodeStateMachine.java:getEndPointTaskThreadPoolSize(237)) - Datanode State Machine Task Thread Pool size 2
2022-07-27 13:50:09,556 [Listener at 127.0.0.1/46277] INFO  volume.HddsVolume (HddsVolume.java:<init>(116)) - Creating HddsVolume: /home/runner/work/ozone/ozone/hadoop-ozone/integration-test/target/test-dir/MiniOzoneClusterImpl-29ab875d-7565-45f7-8a7f-94142ec04d49/datanode-3/data-0/containers/hdds of storage type : DISK capacity : 9223372036854775807
2022-07-27 13:50:09,556 [Listener at 127.0.0.1/46277] INFO  volume.MutableVolumeSet (MutableVolumeSet.java:initializeVolumeSet(174)) - Added Volume : /home/runner/work/ozone/ozone/hadoop-ozone/integration-test/target/test-dir/MiniOzoneClusterImpl-29ab875d-7565-45f7-8a7f-94142ec04d49/datanode-3/data-0/containers/hdds to VolumeSet
2022-07-27 13:50:09,556 [Listener at 127.0.0.1/46277] INFO  volume.ThrottledAsyncChecker (ThrottledAsyncChecker.java:schedule(141)) - Scheduling a check for /home/runner/work/ozone/ozone/hadoop-ozone/integration-test/target/test-dir/MiniOzoneClusterImpl-29ab875d-7565-45f7-8a7f-94142ec04d49/datanode-3/data-0/containers/hdds
2022-07-27 13:50:09,557 [Listener at 127.0.0.1/46277] INFO  volume.StorageVolumeChecker (StorageVolumeChecker.java:checkAllVolumes(202)) - Scheduled health check for volume /home/runner/work/ozone/ozone/hadoop-ozone/integration-test/target/test-dir/MiniOzoneClusterImpl-29ab875d-7565-45f7-8a7f-94142ec04d49/datanode-3/data-0/containers/hdds
2022-07-27 13:50:09,584 [Listener at 127.0.0.1/46277] INFO  volume.MutableVolumeSet (MutableVolumeSet.java:initializeVolumeSet(174)) - Added Volume : /home/runner/work/ozone/ozone/hadoop-ozone/integration-test/target/test-dir/MiniOzoneClusterImpl-29ab875d-7565-45f7-8a7f-94142ec04d49/datanode-3/data/ratis to VolumeSet
2022-07-27 13:50:09,584 [Listener at 127.0.0.1/46277] INFO  volume.ThrottledAsyncChecker (ThrottledAsyncChecker.java:schedule(141)) - Scheduling a check for /home/runner/work/ozone/ozone/hadoop-ozone/integration-test/target/test-dir/MiniOzoneClusterImpl-29ab875d-7565-45f7-8a7f-94142ec04d49/datanode-3/data/ratis
2022-07-27 13:50:09,585 [Listener at 127.0.0.1/46277] INFO  volume.StorageVolumeChecker (StorageVolumeChecker.java:checkAllVolumes(202)) - Scheduled health check for volume /home/runner/work/ozone/ozone/hadoop-ozone/integration-test/target/test-dir/MiniOzoneClusterImpl-29ab875d-7565-45f7-8a7f-94142ec04d49/datanode-3/data/ratis
2022-07-27 13:50:09,625 [Thread-680] INFO  ozoneimpl.ContainerReader (ContainerReader.java:readVolume(175)) - Finish verifying containers on volume /home/runner/work/ozone/ozone/hadoop-ozone/integration-test/target/test-dir/MiniOzoneClusterImpl-29ab875d-7565-45f7-8a7f-94142ec04d49/datanode-3/data-0/containers/hdds
2022-07-27 13:50:09,625 [Listener at 127.0.0.1/46277] INFO  ozoneimpl.OzoneContainer (OzoneContainer.java:buildContainerSet(299)) - Build ContainerSet costs 0s
2022-07-27 13:50:09,627 [Listener at 127.0.0.1/46277] INFO  server.RaftServer (ConfUtils.java:logGet(46)) - raft.rpc.type = GRPC (default)
2022-07-27 13:50:09,628 [Listener at 127.0.0.1/46277] INFO  grpc.GrpcFactory (GrpcFactory.java:checkPooledByteBufAllocatorUseCacheForAllThreads(48)) - PERFORMANCE WARNING: useCacheForAllThreads is true that may cause Netty to create a lot garbage objects and, as a result, trigger GC.
	It is recommended to disable useCacheForAllThreads by setting -Dorg.apache.ratis.thirdparty.io.netty.allocator.useCacheForAllThreads=false in command line.
2022-07-27 13:50:09,628 [Listener at 127.0.0.1/46277] INFO  grpc.GrpcConfigKeys (ConfUtils.java:logGet(46)) - raft.grpc.admin.port = 0 (custom)
2022-07-27 13:50:09,628 [Listener at 127.0.0.1/46277] INFO  grpc.GrpcConfigKeys (ConfUtils.java:logGet(46)) - raft.grpc.client.port = 0 (custom)
2022-07-27 13:50:09,628 [Listener at 127.0.0.1/46277] INFO  grpc.GrpcConfigKeys (ConfUtils.java:logGet(46)) - raft.grpc.server.port = 0 (default)
2022-07-27 13:50:09,628 [Listener at 127.0.0.1/46277] INFO  server.GrpcService (ConfUtils.java:logGet(46)) - raft.grpc.message.size.max = 32MB (=33554432) (custom)
2022-07-27 13:50:09,628 [Listener at 127.0.0.1/46277] INFO  server.RaftServerConfigKeys (ConfUtils.java:logGet(46)) - raft.server.log.appender.buffer.byte-limit = 33554432 (custom)
2022-07-27 13:50:09,628 [Listener at 127.0.0.1/46277] INFO  server.GrpcService (ConfUtils.java:logGet(46)) - raft.grpc.flow.control.window = 5MB (=5242880) (custom)
2022-07-27 13:50:09,628 [Listener at 127.0.0.1/46277] INFO  server.RaftServerConfigKeys (ConfUtils.java:logGet(46)) - raft.server.rpc.request.timeout = 60s (custom)
2022-07-27 13:50:09,628 [Listener at 127.0.0.1/46277] INFO  grpc.GrpcConfigKeys (ConfUtils.java:logGet(46)) - raft.grpc.server.async.request.thread.pool.cached = true (default)
2022-07-27 13:50:09,629 [Listener at 127.0.0.1/46277] INFO  grpc.GrpcConfigKeys (ConfUtils.java:logGet(46)) - raft.grpc.server.async.request.thread.pool.size = 32 (default)
2022-07-27 13:50:09,630 [Listener at 127.0.0.1/46277] INFO  impl.DataStreamServerImpl (ConfUtils.java:logGet(46)) - raft.datastream.type = DISABLED (default)
2022-07-27 13:50:09,630 [Listener at 127.0.0.1/46277] INFO  server.RaftServerConfigKeys (ConfUtils.java:logGet(46)) - raft.server.threadpool.proxy.cached = true (default)
2022-07-27 13:50:09,630 [Listener at 127.0.0.1/46277] INFO  server.RaftServerConfigKeys (ConfUtils.java:logGet(46)) - raft.server.threadpool.proxy.size = 0 (default)
2022-07-27 13:50:09,630 [Listener at 127.0.0.1/46277] INFO  server.RaftServerConfigKeys (ConfUtils.java:logGet(46)) - raft.server.rpc.slowness.timeout = 300s (custom)
2022-07-27 13:50:09,630 [Listener at 127.0.0.1/46277] INFO  server.RaftServerConfigKeys (ConfUtils.java:logGet(46)) - raft.server.leaderelection.leader.step-down.wait-time = 10s (default)
2022-07-27 13:50:09,630 [Listener at 127.0.0.1/46277] INFO  server.RaftServerConfigKeys (ConfUtils.java:logGet(46)) - raft.server.storage.dir = [/home/runner/work/ozone/ozone/hadoop-ozone/integration-test/target/test-dir/MiniOzoneClusterImpl-29ab875d-7565-45f7-8a7f-94142ec04d49/datanode-3/data/ratis] (custom)
2022-07-27 13:50:09,641 [Listener at 127.0.0.1/46277] INFO  server.XceiverServerGrpc (XceiverServerGrpc.java:<init>(132)) - GrpcServer channel type EpollServerSocketChannel
2022-07-27 13:50:09,655 [Listener at 127.0.0.1/46277] INFO  http.BaseHttpServer (BaseHttpServer.java:newHttpServer2BuilderForOzone(209)) - Starting Web-server for hddsDatanode at: http://0.0.0.0:0
2022-07-27 13:50:09,655 [Listener at 127.0.0.1/46277] INFO  http.BaseHttpServer (BaseHttpServer.java:<init>(107)) - Hadoop Security Enabled: false Ozone Security Enabled: false Ozone HTTP Security Enabled: false 
2022-07-27 13:50:09,656 [Listener at 127.0.0.1/46277] INFO  server.AuthenticationFilter (AuthenticationFilter.java:constructSecretProvider(240)) - Unable to initialize FileSignerSecretProvider, falling back to use random secrets.
2022-07-27 13:50:09,659 [Listener at 127.0.0.1/46277] WARN  http.HttpRequestLog (HttpRequestLog.java:getRequestLog(103)) - Jetty request log can only be enabled using Log4j
2022-07-27 13:50:09,660 [Listener at 127.0.0.1/46277] INFO  http.HttpServer2 (HttpServer2.java:addGlobalFilter(1029)) - Added global filter 'safety' (class=org.apache.hadoop.hdds.server.http.HttpServer2$QuotingInputFilter)
2022-07-27 13:50:09,661 [Listener at 127.0.0.1/46277] INFO  http.HttpServer2 (HttpServer2.java:addFilter(1005)) - Added filter static_user_filter (class=org.apache.hadoop.http.lib.StaticUserWebFilter$StaticUserFilter) to context hddsDatanode
2022-07-27 13:50:09,661 [Listener at 127.0.0.1/46277] INFO  http.HttpServer2 (HttpServer2.java:addFilter(1013)) - Added filter static_user_filter (class=org.apache.hadoop.http.lib.StaticUserWebFilter$StaticUserFilter) to context logs
2022-07-27 13:50:09,661 [Listener at 127.0.0.1/46277] INFO  http.HttpServer2 (HttpServer2.java:addFilter(1013)) - Added filter static_user_filter (class=org.apache.hadoop.http.lib.StaticUserWebFilter$StaticUserFilter) to context static
2022-07-27 13:50:09,662 [Listener at 127.0.0.1/46277] INFO  http.HttpServer2 (HttpServer2.java:bindListener(1248)) - Jetty bound to port 43335
2022-07-27 13:50:09,662 [Listener at 127.0.0.1/46277] INFO  server.Server (Server.java:doStart(375)) - jetty-9.4.43.v20210629; built: 2021-06-30T11:07:22.254Z; git: 526006ecfa3af7f1a27ef3a288e2bef7ea9dd7e8; jvm 1.8.0_332-b09
2022-07-27 13:50:09,663 [Listener at 127.0.0.1/46277] INFO  server.session (DefaultSessionIdManager.java:doStart(334)) - DefaultSessionIdManager workerName=node0
2022-07-27 13:50:09,663 [Listener at 127.0.0.1/46277] INFO  server.session (DefaultSessionIdManager.java:doStart(339)) - No SessionScavenger set, using defaults
2022-07-27 13:50:09,663 [Listener at 127.0.0.1/46277] INFO  server.session (HouseKeeper.java:startScavenging(132)) - node0 Scavenging every 600000ms
2022-07-27 13:50:09,664 [Listener at 127.0.0.1/46277] INFO  handler.ContextHandler (ContextHandler.java:doStart(915)) - Started o.e.j.s.ServletContextHandler@7491aef5{logs,/logs,file:///home/runner/work/ozone/ozone/hadoop-ozone/integration-test/target/log,AVAILABLE}
2022-07-27 13:50:09,664 [Listener at 127.0.0.1/46277] INFO  handler.ContextHandler (ContextHandler.java:doStart(915)) - Started o.e.j.s.ServletContextHandler@67aeb1f4{static,/static,jar:file:/home/runner/.m2/repository/org/apache/ozone/hdds-container-service/1.3.0-SNAPSHOT/hdds-container-service-1.3.0-SNAPSHOT.jar!/webapps/static,AVAILABLE}
2022-07-27 13:50:09,740 [EndpointStateMachine task thread for /0.0.0.0:40839 - 0 ] INFO  volume.HddsVolume (HddsVolume.java:createDbStore(309)) - SchemaV3 db is created and loaded at /home/runner/work/ozone/ozone/hadoop-ozone/integration-test/target/test-dir/MiniOzoneClusterImpl-29ab875d-7565-45f7-8a7f-94142ec04d49/datanode-0/data-0/containers/hdds/29ab875d-7565-45f7-8a7f-94142ec04d49/DS-f81a072b-2199-4759-99af-fce63a1ab1c9/container.db for volume DS-f81a072b-2199-4759-99af-fce63a1ab1c9
2022-07-27 13:50:09,757 [EndpointStateMachine task thread for /0.0.0.0:40839 - 0 ] INFO  volume.HddsVolume (HddsVolume.java:closeDbStore(340)) - SchemaV3 db is stopped at /home/runner/work/ozone/ozone/hadoop-ozone/integration-test/target/test-dir/MiniOzoneClusterImpl-29ab875d-7565-45f7-8a7f-94142ec04d49/datanode-0/data-0/containers/hdds/29ab875d-7565-45f7-8a7f-94142ec04d49/DS-f81a072b-2199-4759-99af-fce63a1ab1c9/container.db for volume DS-f81a072b-2199-4759-99af-fce63a1ab1c9
2022-07-27 13:50:09,757 [EndpointStateMachine task thread for /0.0.0.0:40839 - 0 ] INFO  ozoneimpl.OzoneContainer (OzoneContainer.java:start(377)) - Attempting to start container services.
2022-07-27 13:50:09,757 [EndpointStateMachine task thread for /0.0.0.0:40839 - 0 ] INFO  ozoneimpl.OzoneContainer (OzoneContainer.java:startContainerScrub(312)) - Background container scanner has been disabled.
2022-07-27 13:50:09,760 [EndpointStateMachine task thread for /0.0.0.0:40839 - 0 ] INFO  replication.ReplicationServer (ReplicationServer.java:start(111)) - ReplicationServer is started using port 43173
2022-07-27 13:50:09,761 [EndpointStateMachine task thread for /0.0.0.0:40839 - 0 ] INFO  ratis.XceiverServerRatis (XceiverServerRatis.java:start(481)) - Starting XceiverServerRatis e71fbb36-3969-41f7-998b-9a309dacec97
2022-07-27 13:50:09,762 [EndpointStateMachine task thread for /0.0.0.0:40839 - 0 ] INFO  server.RaftServer (RaftServerProxy.java:lambda$start$6(382)) - e71fbb36-3969-41f7-998b-9a309dacec97: start RPC server
2022-07-27 13:50:09,764 [EndpointStateMachine task thread for /0.0.0.0:40839 - 0 ] INFO  server.GrpcService (GrpcService.java:startImpl(260)) - e71fbb36-3969-41f7-998b-9a309dacec97: GrpcService started, listening on 38701
2022-07-27 13:50:09,765 [EndpointStateMachine task thread for /0.0.0.0:40839 - 0 ] INFO  ratis.XceiverServerRatis (XceiverServerRatis.java:getRealPort(502)) - XceiverServerRatis e71fbb36-3969-41f7-998b-9a309dacec97 is started using port 38701 for RATIS
2022-07-27 13:50:09,765 [EndpointStateMachine task thread for /0.0.0.0:40839 - 0 ] INFO  ratis.XceiverServerRatis (XceiverServerRatis.java:getRealPort(502)) - XceiverServerRatis e71fbb36-3969-41f7-998b-9a309dacec97 is started using port 38701 for RATIS_ADMIN
2022-07-27 13:50:09,765 [EndpointStateMachine task thread for /0.0.0.0:40839 - 0 ] INFO  ratis.XceiverServerRatis (XceiverServerRatis.java:getRealPort(502)) - XceiverServerRatis e71fbb36-3969-41f7-998b-9a309dacec97 is started using port 38701 for RATIS_SERVER
2022-07-27 13:50:09,766 [org.apache.ratis.util.JvmPauseMonitor$$Lambda$615/1136232276@71f2680d] INFO  util.JvmPauseMonitor (JvmPauseMonitor.java:run(103)) - JvmPauseMonitor-e71fbb36-3969-41f7-998b-9a309dacec97: Started
2022-07-27 13:50:09,801 [EndpointStateMachine task thread for /0.0.0.0:40839 - 0 ] INFO  server.XceiverServerGrpc (XceiverServerGrpc.java:start(180)) - XceiverServerGrpc e71fbb36-3969-41f7-998b-9a309dacec97 is started using port 44877
2022-07-27 13:50:10,061 [Listener at 127.0.0.1/46277] INFO  handler.ContextHandler (ContextHandler.java:doStart(915)) - Started o.e.j.w.WebAppContext@5245b5e0{hddsDatanode,/,file:///tmp/jetty-0_0_0_0-43335-hdds-container-service-1_3_0-SNAPSHOT_jar-_-any-187097256192338958/webapp/,AVAILABLE}{jar:file:/home/runner/.m2/repository/org/apache/ozone/hdds-container-service/1.3.0-SNAPSHOT/hdds-container-service-1.3.0-SNAPSHOT.jar!/webapps/hddsDatanode}
2022-07-27 13:50:10,075 [Listener at 127.0.0.1/46277] INFO  server.AbstractConnector (AbstractConnector.java:doStart(331)) - Started ServerConnector@4dce4fa{HTTP/1.1, (http/1.1)}{0.0.0.0:43335}
2022-07-27 13:50:10,075 [Listener at 127.0.0.1/46277] INFO  server.Server (Server.java:doStart(415)) - Started @75638ms
2022-07-27 13:50:10,076 [Listener at 127.0.0.1/46277] WARN  impl.MetricsSystemImpl (MetricsSystemImpl.java:register(279)) - Sink prometheus already exists!
2022-07-27 13:50:10,076 [Listener at 127.0.0.1/46277] INFO  http.BaseHttpServer (BaseHttpServer.java:updateConnectorAddress(329)) - HTTP server of hddsDatanode listening at http://0.0.0.0:43335
2022-07-27 13:50:10,079 [Listener at 127.0.0.1/46277] WARN  impl.MetricRegistriesImpl (MetricRegistriesImpl.java:addReporterRegistration(111)) - New reporters are added after registries were created. Some metrics will be missing from the reporter. Please add reporter before adding any new registry.
2022-07-27 13:50:10,079 [Listener at 127.0.0.1/46277] WARN  impl.MetricRegistriesImpl (MetricRegistriesImpl.java:addReporterRegistration(111)) - New reporters are added after registries were created. Some metrics will be missing from the reporter. Please add reporter before adding any new registry.
2022-07-27 13:50:10,079 [Listener at 127.0.0.1/46277] INFO  impl.MetricsSystemImpl (MetricsSystemImpl.java:init(158)) - HddsDatanode metrics system started (again)
2022-07-27 13:50:10,087 [Datanode State Machine Daemon Thread] INFO  statemachine.DatanodeStateMachine (DatanodeStateMachine.java:lambda$startDaemon$0(492)) - Ozone container server started.
2022-07-27 13:50:10,113 [Listener at 127.0.0.1/46277] INFO  ozone.HddsDatanodeService (HddsDatanodeService.java:start(236)) - HddsDatanodeService host:fv-az217-261.5fhmivlnczbevhjmk01nzrxweh.bx.internal.cloudapp.net ip:10.1.0.21
2022-07-27 13:50:10,150 [Listener at 127.0.0.1/46277] INFO  upgrade.AbstractLayoutVersionManager (AbstractLayoutVersionManager.java:init(83)) - Initializing Layout version manager with metadata layout = DATANODE_SCHEMA_V3 (version = 4), software layout = DATANODE_SCHEMA_V3 (version = 4)
2022-07-27 13:50:10,175 [org.apache.hadoop.util.JvmPauseMonitor$Monitor@dc996b8] INFO  util.JvmPauseMonitor (JvmPauseMonitor.java:run(188)) - Starting JVM pause monitor
2022-07-27 13:50:10,189 [Datanode State Machine Task Thread - 0] INFO  datanode.InitDatanodeState (InitDatanodeState.java:persistContainerDatanodeDetails(138)) - DatanodeDetails is persisted to /home/runner/work/ozone/ozone/hadoop-ozone/integration-test/target/test-dir/MiniOzoneClusterImpl-29ab875d-7565-45f7-8a7f-94142ec04d49/datanode-3/meta/datanode.id
2022-07-27 13:50:10,270 [Listener at 127.0.0.1/46277] INFO  reflections.Reflections (Reflections.java:scan(232)) - Reflections took 119 ms to scan 7 urls, producing 132 keys and 321 values 
2022-07-27 13:50:10,273 [Listener at 127.0.0.1/46277] INFO  statemachine.DatanodeStateMachine (DatanodeStateMachine.java:getEndPointTaskThreadPoolSize(237)) - Datanode State Machine Task Thread Pool size 2
2022-07-27 13:50:10,285 [Listener at 127.0.0.1/46277] INFO  volume.HddsVolume (HddsVolume.java:<init>(116)) - Creating HddsVolume: /home/runner/work/ozone/ozone/hadoop-ozone/integration-test/target/test-dir/MiniOzoneClusterImpl-29ab875d-7565-45f7-8a7f-94142ec04d49/datanode-4/data-0/containers/hdds of storage type : DISK capacity : 9223372036854775807
2022-07-27 13:50:10,285 [Listener at 127.0.0.1/46277] INFO  volume.MutableVolumeSet (MutableVolumeSet.java:initializeVolumeSet(174)) - Added Volume : /home/runner/work/ozone/ozone/hadoop-ozone/integration-test/target/test-dir/MiniOzoneClusterImpl-29ab875d-7565-45f7-8a7f-94142ec04d49/datanode-4/data-0/containers/hdds to VolumeSet
2022-07-27 13:50:10,285 [Listener at 127.0.0.1/46277] INFO  volume.ThrottledAsyncChecker (ThrottledAsyncChecker.java:schedule(141)) - Scheduling a check for /home/runner/work/ozone/ozone/hadoop-ozone/integration-test/target/test-dir/MiniOzoneClusterImpl-29ab875d-7565-45f7-8a7f-94142ec04d49/datanode-4/data-0/containers/hdds
2022-07-27 13:50:10,299 [Listener at 127.0.0.1/46277] INFO  volume.StorageVolumeChecker (StorageVolumeChecker.java:checkAllVolumes(202)) - Scheduled health check for volume /home/runner/work/ozone/ozone/hadoop-ozone/integration-test/target/test-dir/MiniOzoneClusterImpl-29ab875d-7565-45f7-8a7f-94142ec04d49/datanode-4/data-0/containers/hdds
2022-07-27 13:50:10,311 [Listener at 127.0.0.1/46277] INFO  volume.MutableVolumeSet (MutableVolumeSet.java:initializeVolumeSet(174)) - Added Volume : /home/runner/work/ozone/ozone/hadoop-ozone/integration-test/target/test-dir/MiniOzoneClusterImpl-29ab875d-7565-45f7-8a7f-94142ec04d49/datanode-4/data/ratis to VolumeSet
2022-07-27 13:50:10,311 [Listener at 127.0.0.1/46277] INFO  volume.ThrottledAsyncChecker (ThrottledAsyncChecker.java:schedule(141)) - Scheduling a check for /home/runner/work/ozone/ozone/hadoop-ozone/integration-test/target/test-dir/MiniOzoneClusterImpl-29ab875d-7565-45f7-8a7f-94142ec04d49/datanode-4/data/ratis
2022-07-27 13:50:10,315 [Listener at 127.0.0.1/46277] INFO  volume.StorageVolumeChecker (StorageVolumeChecker.java:checkAllVolumes(202)) - Scheduled health check for volume /home/runner/work/ozone/ozone/hadoop-ozone/integration-test/target/test-dir/MiniOzoneClusterImpl-29ab875d-7565-45f7-8a7f-94142ec04d49/datanode-4/data/ratis
2022-07-27 13:50:10,350 [Thread-699] INFO  ozoneimpl.ContainerReader (ContainerReader.java:readVolume(175)) - Finish verifying containers on volume /home/runner/work/ozone/ozone/hadoop-ozone/integration-test/target/test-dir/MiniOzoneClusterImpl-29ab875d-7565-45f7-8a7f-94142ec04d49/datanode-4/data-0/containers/hdds
2022-07-27 13:50:10,350 [Listener at 127.0.0.1/46277] INFO  ozoneimpl.OzoneContainer (OzoneContainer.java:buildContainerSet(299)) - Build ContainerSet costs 0s
2022-07-27 13:50:10,353 [Listener at 127.0.0.1/46277] INFO  server.RaftServer (ConfUtils.java:logGet(46)) - raft.rpc.type = GRPC (default)
2022-07-27 13:50:10,353 [Listener at 127.0.0.1/46277] INFO  grpc.GrpcFactory (GrpcFactory.java:checkPooledByteBufAllocatorUseCacheForAllThreads(48)) - PERFORMANCE WARNING: useCacheForAllThreads is true that may cause Netty to create a lot garbage objects and, as a result, trigger GC.
	It is recommended to disable useCacheForAllThreads by setting -Dorg.apache.ratis.thirdparty.io.netty.allocator.useCacheForAllThreads=false in command line.
2022-07-27 13:50:10,353 [Listener at 127.0.0.1/46277] INFO  grpc.GrpcConfigKeys (ConfUtils.java:logGet(46)) - raft.grpc.admin.port = 0 (custom)
2022-07-27 13:50:10,353 [Listener at 127.0.0.1/46277] INFO  grpc.GrpcConfigKeys (ConfUtils.java:logGet(46)) - raft.grpc.client.port = 0 (custom)
2022-07-27 13:50:10,353 [Listener at 127.0.0.1/46277] INFO  grpc.GrpcConfigKeys (ConfUtils.java:logGet(46)) - raft.grpc.server.port = 0 (default)
2022-07-27 13:50:10,353 [Listener at 127.0.0.1/46277] INFO  server.GrpcService (ConfUtils.java:logGet(46)) - raft.grpc.message.size.max = 32MB (=33554432) (custom)
2022-07-27 13:50:10,353 [Listener at 127.0.0.1/46277] INFO  server.RaftServerConfigKeys (ConfUtils.java:logGet(46)) - raft.server.log.appender.buffer.byte-limit = 33554432 (custom)
2022-07-27 13:50:10,353 [Listener at 127.0.0.1/46277] INFO  server.GrpcService (ConfUtils.java:logGet(46)) - raft.grpc.flow.control.window = 5MB (=5242880) (custom)
2022-07-27 13:50:10,354 [Listener at 127.0.0.1/46277] INFO  server.RaftServerConfigKeys (ConfUtils.java:logGet(46)) - raft.server.rpc.request.timeout = 60s (custom)
2022-07-27 13:50:10,354 [Listener at 127.0.0.1/46277] INFO  grpc.GrpcConfigKeys (ConfUtils.java:logGet(46)) - raft.grpc.server.async.request.thread.pool.cached = true (default)
2022-07-27 13:50:10,354 [Listener at 127.0.0.1/46277] INFO  grpc.GrpcConfigKeys (ConfUtils.java:logGet(46)) - raft.grpc.server.async.request.thread.pool.size = 32 (default)
2022-07-27 13:50:10,355 [Listener at 127.0.0.1/46277] INFO  impl.DataStreamServerImpl (ConfUtils.java:logGet(46)) - raft.datastream.type = DISABLED (default)
2022-07-27 13:50:10,355 [Listener at 127.0.0.1/46277] INFO  server.RaftServerConfigKeys (ConfUtils.java:logGet(46)) - raft.server.threadpool.proxy.cached = true (default)
2022-07-27 13:50:10,355 [Listener at 127.0.0.1/46277] INFO  server.RaftServerConfigKeys (ConfUtils.java:logGet(46)) - raft.server.threadpool.proxy.size = 0 (default)
2022-07-27 13:50:10,355 [Listener at 127.0.0.1/46277] INFO  server.RaftServerConfigKeys (ConfUtils.java:logGet(46)) - raft.server.rpc.slowness.timeout = 300s (custom)
2022-07-27 13:50:10,355 [Listener at 127.0.0.1/46277] INFO  server.RaftServerConfigKeys (ConfUtils.java:logGet(46)) - raft.server.leaderelection.leader.step-down.wait-time = 10s (default)
2022-07-27 13:50:10,355 [Listener at 127.0.0.1/46277] INFO  server.RaftServerConfigKeys (ConfUtils.java:logGet(46)) - raft.server.storage.dir = [/home/runner/work/ozone/ozone/hadoop-ozone/integration-test/target/test-dir/MiniOzoneClusterImpl-29ab875d-7565-45f7-8a7f-94142ec04d49/datanode-4/data/ratis] (custom)
2022-07-27 13:50:10,366 [Listener at 127.0.0.1/46277] INFO  server.XceiverServerGrpc (XceiverServerGrpc.java:<init>(132)) - GrpcServer channel type EpollServerSocketChannel
2022-07-27 13:50:10,387 [Listener at 127.0.0.1/46277] INFO  http.BaseHttpServer (BaseHttpServer.java:newHttpServer2BuilderForOzone(209)) - Starting Web-server for hddsDatanode at: http://0.0.0.0:0
2022-07-27 13:50:10,387 [Listener at 127.0.0.1/46277] INFO  http.BaseHttpServer (BaseHttpServer.java:<init>(107)) - Hadoop Security Enabled: false Ozone Security Enabled: false Ozone HTTP Security Enabled: false 
2022-07-27 13:50:10,388 [Listener at 127.0.0.1/46277] INFO  server.AuthenticationFilter (AuthenticationFilter.java:constructSecretProvider(240)) - Unable to initialize FileSignerSecretProvider, falling back to use random secrets.
2022-07-27 13:50:10,407 [Listener at 127.0.0.1/46277] WARN  http.HttpRequestLog (HttpRequestLog.java:getRequestLog(103)) - Jetty request log can only be enabled using Log4j
2022-07-27 13:50:10,408 [Listener at 127.0.0.1/46277] INFO  http.HttpServer2 (HttpServer2.java:addGlobalFilter(1029)) - Added global filter 'safety' (class=org.apache.hadoop.hdds.server.http.HttpServer2$QuotingInputFilter)
2022-07-27 13:50:10,409 [Listener at 127.0.0.1/46277] INFO  http.HttpServer2 (HttpServer2.java:addFilter(1005)) - Added filter static_user_filter (class=org.apache.hadoop.http.lib.StaticUserWebFilter$StaticUserFilter) to context hddsDatanode
2022-07-27 13:50:10,409 [Listener at 127.0.0.1/46277] INFO  http.HttpServer2 (HttpServer2.java:addFilter(1013)) - Added filter static_user_filter (class=org.apache.hadoop.http.lib.StaticUserWebFilter$StaticUserFilter) to context static
2022-07-27 13:50:10,409 [Listener at 127.0.0.1/46277] INFO  http.HttpServer2 (HttpServer2.java:addFilter(1013)) - Added filter static_user_filter (class=org.apache.hadoop.http.lib.StaticUserWebFilter$StaticUserFilter) to context logs
2022-07-27 13:50:10,410 [Listener at 127.0.0.1/46277] INFO  http.HttpServer2 (HttpServer2.java:bindListener(1248)) - Jetty bound to port 43535
2022-07-27 13:50:10,410 [Listener at 127.0.0.1/46277] INFO  server.Server (Server.java:doStart(375)) - jetty-9.4.43.v20210629; built: 2021-06-30T11:07:22.254Z; git: 526006ecfa3af7f1a27ef3a288e2bef7ea9dd7e8; jvm 1.8.0_332-b09
2022-07-27 13:50:10,488 [Listener at 127.0.0.1/46277] INFO  server.session (DefaultSessionIdManager.java:doStart(334)) - DefaultSessionIdManager workerName=node0
2022-07-27 13:50:10,489 [Listener at 127.0.0.1/46277] INFO  server.session (DefaultSessionIdManager.java:doStart(339)) - No SessionScavenger set, using defaults
2022-07-27 13:50:10,489 [Listener at 127.0.0.1/46277] INFO  server.session (HouseKeeper.java:startScavenging(132)) - node0 Scavenging every 600000ms
2022-07-27 13:50:10,499 [Listener at 127.0.0.1/46277] INFO  handler.ContextHandler (ContextHandler.java:doStart(915)) - Started o.e.j.s.ServletContextHandler@6dd80c6{logs,/logs,file:///home/runner/work/ozone/ozone/hadoop-ozone/integration-test/target/log,AVAILABLE}
2022-07-27 13:50:10,500 [Listener at 127.0.0.1/46277] INFO  handler.ContextHandler (ContextHandler.java:doStart(915)) - Started o.e.j.s.ServletContextHandler@230714e6{static,/static,jar:file:/home/runner/.m2/repository/org/apache/ozone/hdds-container-service/1.3.0-SNAPSHOT/hdds-container-service-1.3.0-SNAPSHOT.jar!/webapps/static,AVAILABLE}
2022-07-27 13:50:10,560 [EndpointStateMachine task thread for /0.0.0.0:40839 - 0 ] INFO  volume.HddsVolume (HddsVolume.java:createDbStore(309)) - SchemaV3 db is created and loaded at /home/runner/work/ozone/ozone/hadoop-ozone/integration-test/target/test-dir/MiniOzoneClusterImpl-29ab875d-7565-45f7-8a7f-94142ec04d49/datanode-1/data-0/containers/hdds/29ab875d-7565-45f7-8a7f-94142ec04d49/DS-c2034913-08a7-4369-8d6b-f66d17959b93/container.db for volume DS-c2034913-08a7-4369-8d6b-f66d17959b93
2022-07-27 13:50:10,583 [EndpointStateMachine task thread for /0.0.0.0:40839 - 0 ] INFO  volume.HddsVolume (HddsVolume.java:closeDbStore(340)) - SchemaV3 db is stopped at /home/runner/work/ozone/ozone/hadoop-ozone/integration-test/target/test-dir/MiniOzoneClusterImpl-29ab875d-7565-45f7-8a7f-94142ec04d49/datanode-1/data-0/containers/hdds/29ab875d-7565-45f7-8a7f-94142ec04d49/DS-c2034913-08a7-4369-8d6b-f66d17959b93/container.db for volume DS-c2034913-08a7-4369-8d6b-f66d17959b93
2022-07-27 13:50:10,584 [EndpointStateMachine task thread for /0.0.0.0:40839 - 0 ] INFO  ozoneimpl.OzoneContainer (OzoneContainer.java:start(377)) - Attempting to start container services.
2022-07-27 13:50:10,584 [EndpointStateMachine task thread for /0.0.0.0:40839 - 0 ] INFO  ozoneimpl.OzoneContainer (OzoneContainer.java:startContainerScrub(312)) - Background container scanner has been disabled.
2022-07-27 13:50:10,591 [EndpointStateMachine task thread for /0.0.0.0:40839 - 0 ] INFO  replication.ReplicationServer (ReplicationServer.java:start(111)) - ReplicationServer is started using port 37515
2022-07-27 13:50:10,595 [EndpointStateMachine task thread for /0.0.0.0:40839 - 0 ] INFO  ratis.XceiverServerRatis (XceiverServerRatis.java:start(481)) - Starting XceiverServerRatis 307e1e91-324e-43cf-a54a-5645731ed350
2022-07-27 13:50:10,596 [EndpointStateMachine task thread for /0.0.0.0:40839 - 0 ] INFO  server.RaftServer (RaftServerProxy.java:lambda$start$6(382)) - 307e1e91-324e-43cf-a54a-5645731ed350: start RPC server
2022-07-27 13:50:10,612 [EndpointStateMachine task thread for /0.0.0.0:40839 - 0 ] INFO  server.GrpcService (GrpcService.java:startImpl(260)) - 307e1e91-324e-43cf-a54a-5645731ed350: GrpcService started, listening on 40907
2022-07-27 13:50:10,615 [EndpointStateMachine task thread for /0.0.0.0:40839 - 0 ] INFO  ratis.XceiverServerRatis (XceiverServerRatis.java:getRealPort(502)) - XceiverServerRatis 307e1e91-324e-43cf-a54a-5645731ed350 is started using port 40907 for RATIS
2022-07-27 13:50:10,615 [EndpointStateMachine task thread for /0.0.0.0:40839 - 0 ] INFO  ratis.XceiverServerRatis (XceiverServerRatis.java:getRealPort(502)) - XceiverServerRatis 307e1e91-324e-43cf-a54a-5645731ed350 is started using port 40907 for RATIS_ADMIN
2022-07-27 13:50:10,615 [EndpointStateMachine task thread for /0.0.0.0:40839 - 0 ] INFO  ratis.XceiverServerRatis (XceiverServerRatis.java:getRealPort(502)) - XceiverServerRatis 307e1e91-324e-43cf-a54a-5645731ed350 is started using port 40907 for RATIS_SERVER
2022-07-27 13:50:10,615 [org.apache.ratis.util.JvmPauseMonitor$$Lambda$615/1136232276@7cd4a203] INFO  util.JvmPauseMonitor (JvmPauseMonitor.java:run(103)) - JvmPauseMonitor-307e1e91-324e-43cf-a54a-5645731ed350: Started
2022-07-27 13:50:10,670 [EndpointStateMachine task thread for /0.0.0.0:40839 - 0 ] INFO  server.XceiverServerGrpc (XceiverServerGrpc.java:start(180)) - XceiverServerGrpc 307e1e91-324e-43cf-a54a-5645731ed350 is started using port 38363
2022-07-27 13:50:10,902 [Listener at 127.0.0.1/46277] INFO  handler.ContextHandler (ContextHandler.java:doStart(915)) - Started o.e.j.w.WebAppContext@7f264c79{hddsDatanode,/,file:///tmp/jetty-0_0_0_0-43535-hdds-container-service-1_3_0-SNAPSHOT_jar-_-any-7812651415128820941/webapp/,AVAILABLE}{jar:file:/home/runner/.m2/repository/org/apache/ozone/hdds-container-service/1.3.0-SNAPSHOT/hdds-container-service-1.3.0-SNAPSHOT.jar!/webapps/hddsDatanode}
2022-07-27 13:50:10,910 [Listener at 127.0.0.1/46277] INFO  server.AbstractConnector (AbstractConnector.java:doStart(331)) - Started ServerConnector@412d517b{HTTP/1.1, (http/1.1)}{0.0.0.0:43535}
2022-07-27 13:50:10,910 [Listener at 127.0.0.1/46277] INFO  server.Server (Server.java:doStart(415)) - Started @76473ms
2022-07-27 13:50:10,910 [Listener at 127.0.0.1/46277] WARN  impl.MetricsSystemImpl (MetricsSystemImpl.java:register(279)) - Sink prometheus already exists!
2022-07-27 13:50:10,911 [Listener at 127.0.0.1/46277] INFO  http.BaseHttpServer (BaseHttpServer.java:updateConnectorAddress(329)) - HTTP server of hddsDatanode listening at http://0.0.0.0:43535
2022-07-27 13:50:10,920 [Listener at 127.0.0.1/46277] INFO  ozone.MiniOzoneClusterImpl (MiniOzoneClusterImpl.java:lambda$waitForClusterToBeReady$0(216)) - Waiting for nodes to be ready. Got 0 of 5 DN Heartbeats.
2022-07-27 13:50:10,920 [Listener at 127.0.0.1/46277] INFO  ozone.MiniOzoneClusterImpl (MiniOzoneClusterImpl.java:lambda$waitForClusterToBeReady$0(219)) - Waiting for cluster to exit safe mode
2022-07-27 13:50:10,920 [Listener at 127.0.0.1/46277] INFO  ozone.MiniOzoneClusterImpl (MiniOzoneClusterImpl.java:lambda$waitForClusterToBeReady$0(221)) - SCM became leader
2022-07-27 13:50:10,938 [Datanode State Machine Daemon Thread] INFO  statemachine.DatanodeStateMachine (DatanodeStateMachine.java:lambda$startDaemon$0(492)) - Ozone container server started.
2022-07-27 13:50:11,031 [org.apache.hadoop.util.JvmPauseMonitor$Monitor@51eec3c5] INFO  util.JvmPauseMonitor (JvmPauseMonitor.java:run(188)) - Starting JVM pause monitor
2022-07-27 13:50:11,035 [Datanode State Machine Task Thread - 0] INFO  datanode.InitDatanodeState (InitDatanodeState.java:persistContainerDatanodeDetails(138)) - DatanodeDetails is persisted to /home/runner/work/ozone/ozone/hadoop-ozone/integration-test/target/test-dir/MiniOzoneClusterImpl-29ab875d-7565-45f7-8a7f-94142ec04d49/datanode-4/meta/datanode.id
2022-07-27 13:50:11,478 [EndpointStateMachine task thread for /0.0.0.0:40839 - 0 ] INFO  volume.HddsVolume (HddsVolume.java:createDbStore(309)) - SchemaV3 db is created and loaded at /home/runner/work/ozone/ozone/hadoop-ozone/integration-test/target/test-dir/MiniOzoneClusterImpl-29ab875d-7565-45f7-8a7f-94142ec04d49/datanode-2/data-0/containers/hdds/29ab875d-7565-45f7-8a7f-94142ec04d49/DS-cc1bc2c4-d85e-44fb-99c6-9119e2ded2b0/container.db for volume DS-cc1bc2c4-d85e-44fb-99c6-9119e2ded2b0
2022-07-27 13:50:11,482 [EndpointStateMachine task thread for /0.0.0.0:40839 - 0 ] INFO  volume.HddsVolume (HddsVolume.java:closeDbStore(340)) - SchemaV3 db is stopped at /home/runner/work/ozone/ozone/hadoop-ozone/integration-test/target/test-dir/MiniOzoneClusterImpl-29ab875d-7565-45f7-8a7f-94142ec04d49/datanode-2/data-0/containers/hdds/29ab875d-7565-45f7-8a7f-94142ec04d49/DS-cc1bc2c4-d85e-44fb-99c6-9119e2ded2b0/container.db for volume DS-cc1bc2c4-d85e-44fb-99c6-9119e2ded2b0
2022-07-27 13:50:11,483 [EndpointStateMachine task thread for /0.0.0.0:40839 - 0 ] INFO  ozoneimpl.OzoneContainer (OzoneContainer.java:start(377)) - Attempting to start container services.
2022-07-27 13:50:11,483 [EndpointStateMachine task thread for /0.0.0.0:40839 - 0 ] INFO  ozoneimpl.OzoneContainer (OzoneContainer.java:startContainerScrub(312)) - Background container scanner has been disabled.
2022-07-27 13:50:11,489 [EndpointStateMachine task thread for /0.0.0.0:40839 - 0 ] INFO  replication.ReplicationServer (ReplicationServer.java:start(111)) - ReplicationServer is started using port 35705
2022-07-27 13:50:11,489 [EndpointStateMachine task thread for /0.0.0.0:40839 - 0 ] INFO  ratis.XceiverServerRatis (XceiverServerRatis.java:start(481)) - Starting XceiverServerRatis 68b1a215-e375-44d3-a5cb-74a1c393ca27
2022-07-27 13:50:11,495 [EndpointStateMachine task thread for /0.0.0.0:40839 - 0 ] INFO  server.RaftServer (RaftServerProxy.java:lambda$start$6(382)) - 68b1a215-e375-44d3-a5cb-74a1c393ca27: start RPC server
2022-07-27 13:50:11,511 [EndpointStateMachine task thread for /0.0.0.0:40839 - 0 ] INFO  server.GrpcService (GrpcService.java:startImpl(260)) - 68b1a215-e375-44d3-a5cb-74a1c393ca27: GrpcService started, listening on 44933
2022-07-27 13:50:11,512 [EndpointStateMachine task thread for /0.0.0.0:40839 - 0 ] INFO  ratis.XceiverServerRatis (XceiverServerRatis.java:getRealPort(502)) - XceiverServerRatis 68b1a215-e375-44d3-a5cb-74a1c393ca27 is started using port 44933 for RATIS
2022-07-27 13:50:11,512 [EndpointStateMachine task thread for /0.0.0.0:40839 - 0 ] INFO  ratis.XceiverServerRatis (XceiverServerRatis.java:getRealPort(502)) - XceiverServerRatis 68b1a215-e375-44d3-a5cb-74a1c393ca27 is started using port 44933 for RATIS_ADMIN
2022-07-27 13:50:11,512 [EndpointStateMachine task thread for /0.0.0.0:40839 - 0 ] INFO  ratis.XceiverServerRatis (XceiverServerRatis.java:getRealPort(502)) - XceiverServerRatis 68b1a215-e375-44d3-a5cb-74a1c393ca27 is started using port 44933 for RATIS_SERVER
2022-07-27 13:50:11,512 [org.apache.ratis.util.JvmPauseMonitor$$Lambda$615/1136232276@2a8f2722] INFO  util.JvmPauseMonitor (JvmPauseMonitor.java:run(103)) - JvmPauseMonitor-68b1a215-e375-44d3-a5cb-74a1c393ca27: Started
2022-07-27 13:50:11,545 [EndpointStateMachine task thread for /0.0.0.0:40839 - 0 ] INFO  server.XceiverServerGrpc (XceiverServerGrpc.java:start(180)) - XceiverServerGrpc 68b1a215-e375-44d3-a5cb-74a1c393ca27 is started using port 35225
2022-07-27 13:50:11,658 [IPC Server handler 2 on default port 40839] INFO  net.NetworkTopologyImpl (NetworkTopologyImpl.java:add(112)) - Added a new node: /default-rack/e71fbb36-3969-41f7-998b-9a309dacec97
2022-07-27 13:50:11,658 [IPC Server handler 2 on default port 40839] INFO  node.SCMNodeManager (SCMNodeManager.java:register(397)) - Registered Data node : e71fbb36-3969-41f7-998b-9a309dacec97{ip: 10.1.0.21, host: fv-az217-261.5fhmivlnczbevhjmk01nzrxweh.bx.internal.cloudapp.net, ports: [REPLICATION=43173, RATIS=38701, RATIS_ADMIN=38701, RATIS_SERVER=38701, STANDALONE=44877], networkLocation: /default-rack, certSerialId: null, persistedOpState: null, persistedOpStateExpiryEpochSec: 0}
2022-07-27 13:50:11,663 [EventQueue-NodeRegistrationContainerReportForDataNodeSafeModeRule] INFO  safemode.SCMSafeModeManager (DataNodeSafeModeRule.java:process(71)) - SCM in safe mode. 1 DataNodes registered, 3 required.
2022-07-27 13:50:11,663 [EventQueue-NodeRegistrationContainerReportForContainerSafeModeRule] INFO  safemode.SCMSafeModeManager (SCMSafeModeManager.java:validateSafeModeExitRules(204)) - ContainerSafeModeRule rule is successfully validated
2022-07-27 13:50:11,674 [EventQueue-NewNodeForNewNodeHandler] INFO  pipeline.BackgroundPipelineCreator (BackgroundPipelineCreator.java:notifyEventTriggered(276)) - trigger a one-shot run on RatisPipelineUtilsThread.
2022-07-27 13:50:11,675 [RatisPipelineUtilsThread - 0] INFO  pipeline.RatisPipelineProvider (RatisPipelineProvider.java:lambda$create$0(195)) - Sending CreatePipelineCommand for pipeline:PipelineID=b76fa1fd-0cc0-4c87-8b18-94fbed79ee0a to datanode:e71fbb36-3969-41f7-998b-9a309dacec97
2022-07-27 13:50:11,675 [EventQueue-PipelineReportForOneReplicaPipelineSafeModeRule] INFO  safemode.SCMSafeModeManager (SCMSafeModeManager.java:validateSafeModeExitRules(204)) - AtleastOneDatanodeReportedRule rule is successfully validated
2022-07-27 13:50:11,679 [RatisPipelineUtilsThread - 0] INFO  pipeline.PipelineStateManagerImpl (PipelineStateManagerImpl.java:addPipeline(103)) - Created pipeline Pipeline[ Id: b76fa1fd-0cc0-4c87-8b18-94fbed79ee0a, Nodes: e71fbb36-3969-41f7-998b-9a309dacec97{ip: 10.1.0.21, host: fv-az217-261.5fhmivlnczbevhjmk01nzrxweh.bx.internal.cloudapp.net, ports: [REPLICATION=43173, RATIS=38701, RATIS_ADMIN=38701, RATIS_SERVER=38701, STANDALONE=44877], networkLocation: /default-rack, certSerialId: null, persistedOpState: IN_SERVICE, persistedOpStateExpiryEpochSec: 0}, ReplicationConfig: RATIS/ONE, State:ALLOCATED, leaderId:, CreationTimestamp2022-07-27T13:50:11.675Z[Etc/UTC]].
2022-07-27 13:50:11,920 [Listener at 127.0.0.1/46277] INFO  ozone.MiniOzoneClusterImpl (MiniOzoneClusterImpl.java:lambda$waitForClusterToBeReady$0(216)) - Waiting for nodes to be ready. Got 1 of 5 DN Heartbeats.
2022-07-27 13:50:11,920 [Listener at 127.0.0.1/46277] INFO  ozone.MiniOzoneClusterImpl (MiniOzoneClusterImpl.java:lambda$waitForClusterToBeReady$0(219)) - Waiting for cluster to exit safe mode
2022-07-27 13:50:11,920 [Listener at 127.0.0.1/46277] INFO  ozone.MiniOzoneClusterImpl (MiniOzoneClusterImpl.java:lambda$waitForClusterToBeReady$0(221)) - SCM became leader
2022-07-27 13:50:12,242 [EndpointStateMachine task thread for /0.0.0.0:40839 - 0 ] INFO  volume.HddsVolume (HddsVolume.java:createDbStore(309)) - SchemaV3 db is created and loaded at /home/runner/work/ozone/ozone/hadoop-ozone/integration-test/target/test-dir/MiniOzoneClusterImpl-29ab875d-7565-45f7-8a7f-94142ec04d49/datanode-3/data-0/containers/hdds/29ab875d-7565-45f7-8a7f-94142ec04d49/DS-38b24a0e-574e-4f82-8429-0682831f1264/container.db for volume DS-38b24a0e-574e-4f82-8429-0682831f1264
2022-07-27 13:50:12,243 [EndpointStateMachine task thread for /0.0.0.0:40839 - 0 ] INFO  volume.HddsVolume (HddsVolume.java:closeDbStore(340)) - SchemaV3 db is stopped at /home/runner/work/ozone/ozone/hadoop-ozone/integration-test/target/test-dir/MiniOzoneClusterImpl-29ab875d-7565-45f7-8a7f-94142ec04d49/datanode-3/data-0/containers/hdds/29ab875d-7565-45f7-8a7f-94142ec04d49/DS-38b24a0e-574e-4f82-8429-0682831f1264/container.db for volume DS-38b24a0e-574e-4f82-8429-0682831f1264
2022-07-27 13:50:12,243 [EndpointStateMachine task thread for /0.0.0.0:40839 - 0 ] INFO  ozoneimpl.OzoneContainer (OzoneContainer.java:start(377)) - Attempting to start container services.
2022-07-27 13:50:12,243 [EndpointStateMachine task thread for /0.0.0.0:40839 - 0 ] INFO  ozoneimpl.OzoneContainer (OzoneContainer.java:startContainerScrub(312)) - Background container scanner has been disabled.
2022-07-27 13:50:12,251 [EndpointStateMachine task thread for /0.0.0.0:40839 - 0 ] INFO  replication.ReplicationServer (ReplicationServer.java:start(111)) - ReplicationServer is started using port 38033
2022-07-27 13:50:12,255 [EndpointStateMachine task thread for /0.0.0.0:40839 - 0 ] INFO  ratis.XceiverServerRatis (XceiverServerRatis.java:start(481)) - Starting XceiverServerRatis 4368bcce-d3a4-4966-9cea-5707d0aefce9
2022-07-27 13:50:12,256 [EndpointStateMachine task thread for /0.0.0.0:40839 - 0 ] INFO  server.RaftServer (RaftServerProxy.java:lambda$start$6(382)) - 4368bcce-d3a4-4966-9cea-5707d0aefce9: start RPC server
2022-07-27 13:50:12,264 [EndpointStateMachine task thread for /0.0.0.0:40839 - 0 ] INFO  server.GrpcService (GrpcService.java:startImpl(260)) - 4368bcce-d3a4-4966-9cea-5707d0aefce9: GrpcService started, listening on 38965
2022-07-27 13:50:12,264 [EndpointStateMachine task thread for /0.0.0.0:40839 - 0 ] INFO  ratis.XceiverServerRatis (XceiverServerRatis.java:getRealPort(502)) - XceiverServerRatis 4368bcce-d3a4-4966-9cea-5707d0aefce9 is started using port 38965 for RATIS
2022-07-27 13:50:12,264 [EndpointStateMachine task thread for /0.0.0.0:40839 - 0 ] INFO  ratis.XceiverServerRatis (XceiverServerRatis.java:getRealPort(502)) - XceiverServerRatis 4368bcce-d3a4-4966-9cea-5707d0aefce9 is started using port 38965 for RATIS_ADMIN
2022-07-27 13:50:12,264 [EndpointStateMachine task thread for /0.0.0.0:40839 - 0 ] INFO  ratis.XceiverServerRatis (XceiverServerRatis.java:getRealPort(502)) - XceiverServerRatis 4368bcce-d3a4-4966-9cea-5707d0aefce9 is started using port 38965 for RATIS_SERVER
2022-07-27 13:50:12,267 [org.apache.ratis.util.JvmPauseMonitor$$Lambda$615/1136232276@2af47e2d] INFO  util.JvmPauseMonitor (JvmPauseMonitor.java:run(103)) - JvmPauseMonitor-4368bcce-d3a4-4966-9cea-5707d0aefce9: Started
2022-07-27 13:50:12,294 [EndpointStateMachine task thread for /0.0.0.0:40839 - 0 ] INFO  server.XceiverServerGrpc (XceiverServerGrpc.java:start(180)) - XceiverServerGrpc 4368bcce-d3a4-4966-9cea-5707d0aefce9 is started using port 36003
2022-07-27 13:50:12,409 [IPC Server handler 3 on default port 40839] INFO  net.NetworkTopologyImpl (NetworkTopologyImpl.java:add(112)) - Added a new node: /default-rack/307e1e91-324e-43cf-a54a-5645731ed350
2022-07-27 13:50:12,409 [IPC Server handler 3 on default port 40839] INFO  node.SCMNodeManager (SCMNodeManager.java:register(397)) - Registered Data node : 307e1e91-324e-43cf-a54a-5645731ed350{ip: 10.1.0.21, host: fv-az217-261.5fhmivlnczbevhjmk01nzrxweh.bx.internal.cloudapp.net, ports: [REPLICATION=37515, RATIS=40907, RATIS_ADMIN=40907, RATIS_SERVER=40907, STANDALONE=38363], networkLocation: /default-rack, certSerialId: null, persistedOpState: null, persistedOpStateExpiryEpochSec: 0}
2022-07-27 13:50:12,409 [EventQueue-NewNodeForNewNodeHandler] INFO  pipeline.BackgroundPipelineCreator (BackgroundPipelineCreator.java:notifyEventTriggered(276)) - trigger a one-shot run on RatisPipelineUtilsThread.
2022-07-27 13:50:12,411 [EventQueue-NodeRegistrationContainerReportForDataNodeSafeModeRule] INFO  safemode.SCMSafeModeManager (DataNodeSafeModeRule.java:process(71)) - SCM in safe mode. 2 DataNodes registered, 3 required.
2022-07-27 13:50:12,415 [RatisPipelineUtilsThread - 0] INFO  pipeline.RatisPipelineProvider (RatisPipelineProvider.java:lambda$create$0(195)) - Sending CreatePipelineCommand for pipeline:PipelineID=4c328e59-6694-4491-ad21-7ee2b4bb8e9b to datanode:307e1e91-324e-43cf-a54a-5645731ed350
2022-07-27 13:50:12,416 [RatisPipelineUtilsThread - 0] INFO  pipeline.PipelineStateManagerImpl (PipelineStateManagerImpl.java:addPipeline(103)) - Created pipeline Pipeline[ Id: 4c328e59-6694-4491-ad21-7ee2b4bb8e9b, Nodes: 307e1e91-324e-43cf-a54a-5645731ed350{ip: 10.1.0.21, host: fv-az217-261.5fhmivlnczbevhjmk01nzrxweh.bx.internal.cloudapp.net, ports: [REPLICATION=37515, RATIS=40907, RATIS_ADMIN=40907, RATIS_SERVER=40907, STANDALONE=38363], networkLocation: /default-rack, certSerialId: null, persistedOpState: IN_SERVICE, persistedOpStateExpiryEpochSec: 0}, ReplicationConfig: RATIS/ONE, State:ALLOCATED, leaderId:, CreationTimestamp2022-07-27T13:50:12.415Z[Etc/UTC]].
2022-07-27 13:50:12,921 [Listener at 127.0.0.1/46277] INFO  ozone.MiniOzoneClusterImpl (MiniOzoneClusterImpl.java:lambda$waitForClusterToBeReady$0(216)) - Waiting for nodes to be ready. Got 2 of 5 DN Heartbeats.
2022-07-27 13:50:12,921 [Listener at 127.0.0.1/46277] INFO  ozone.MiniOzoneClusterImpl (MiniOzoneClusterImpl.java:lambda$waitForClusterToBeReady$0(219)) - Waiting for cluster to exit safe mode
2022-07-27 13:50:12,921 [Listener at 127.0.0.1/46277] INFO  ozone.MiniOzoneClusterImpl (MiniOzoneClusterImpl.java:lambda$waitForClusterToBeReady$0(221)) - SCM became leader
2022-07-27 13:50:13,094 [EndpointStateMachine task thread for /0.0.0.0:40839 - 0 ] INFO  volume.HddsVolume (HddsVolume.java:createDbStore(309)) - SchemaV3 db is created and loaded at /home/runner/work/ozone/ozone/hadoop-ozone/integration-test/target/test-dir/MiniOzoneClusterImpl-29ab875d-7565-45f7-8a7f-94142ec04d49/datanode-4/data-0/containers/hdds/29ab875d-7565-45f7-8a7f-94142ec04d49/DS-106f698e-35a9-4020-9064-8e15b1331843/container.db for volume DS-106f698e-35a9-4020-9064-8e15b1331843
2022-07-27 13:50:13,095 [EndpointStateMachine task thread for /0.0.0.0:40839 - 0 ] INFO  volume.HddsVolume (HddsVolume.java:closeDbStore(340)) - SchemaV3 db is stopped at /home/runner/work/ozone/ozone/hadoop-ozone/integration-test/target/test-dir/MiniOzoneClusterImpl-29ab875d-7565-45f7-8a7f-94142ec04d49/datanode-4/data-0/containers/hdds/29ab875d-7565-45f7-8a7f-94142ec04d49/DS-106f698e-35a9-4020-9064-8e15b1331843/container.db for volume DS-106f698e-35a9-4020-9064-8e15b1331843
2022-07-27 13:50:13,095 [EndpointStateMachine task thread for /0.0.0.0:40839 - 0 ] INFO  ozoneimpl.OzoneContainer (OzoneContainer.java:start(377)) - Attempting to start container services.
2022-07-27 13:50:13,095 [EndpointStateMachine task thread for /0.0.0.0:40839 - 0 ] INFO  ozoneimpl.OzoneContainer (OzoneContainer.java:startContainerScrub(312)) - Background container scanner has been disabled.
2022-07-27 13:50:13,114 [EndpointStateMachine task thread for /0.0.0.0:40839 - 0 ] INFO  replication.ReplicationServer (ReplicationServer.java:start(111)) - ReplicationServer is started using port 41787
2022-07-27 13:50:13,115 [EndpointStateMachine task thread for /0.0.0.0:40839 - 0 ] INFO  ratis.XceiverServerRatis (XceiverServerRatis.java:start(481)) - Starting XceiverServerRatis b1f21995-8a75-4aec-821c-59eaee93e6a8
2022-07-27 13:50:13,119 [EndpointStateMachine task thread for /0.0.0.0:40839 - 0 ] INFO  server.RaftServer (RaftServerProxy.java:lambda$start$6(382)) - b1f21995-8a75-4aec-821c-59eaee93e6a8: start RPC server
2022-07-27 13:50:13,128 [EndpointStateMachine task thread for /0.0.0.0:40839 - 0 ] INFO  server.GrpcService (GrpcService.java:startImpl(260)) - b1f21995-8a75-4aec-821c-59eaee93e6a8: GrpcService started, listening on 35633
2022-07-27 13:50:13,128 [EndpointStateMachine task thread for /0.0.0.0:40839 - 0 ] INFO  ratis.XceiverServerRatis (XceiverServerRatis.java:getRealPort(502)) - XceiverServerRatis b1f21995-8a75-4aec-821c-59eaee93e6a8 is started using port 35633 for RATIS
2022-07-27 13:50:13,128 [EndpointStateMachine task thread for /0.0.0.0:40839 - 0 ] INFO  ratis.XceiverServerRatis (XceiverServerRatis.java:getRealPort(502)) - XceiverServerRatis b1f21995-8a75-4aec-821c-59eaee93e6a8 is started using port 35633 for RATIS_ADMIN
2022-07-27 13:50:13,128 [EndpointStateMachine task thread for /0.0.0.0:40839 - 0 ] INFO  ratis.XceiverServerRatis (XceiverServerRatis.java:getRealPort(502)) - XceiverServerRatis b1f21995-8a75-4aec-821c-59eaee93e6a8 is started using port 35633 for RATIS_SERVER
2022-07-27 13:50:13,128 [org.apache.ratis.util.JvmPauseMonitor$$Lambda$615/1136232276@145cd2ad] INFO  util.JvmPauseMonitor (JvmPauseMonitor.java:run(103)) - JvmPauseMonitor-b1f21995-8a75-4aec-821c-59eaee93e6a8: Started
2022-07-27 13:50:13,144 [EndpointStateMachine task thread for /0.0.0.0:40839 - 0 ] INFO  server.XceiverServerGrpc (XceiverServerGrpc.java:start(180)) - XceiverServerGrpc b1f21995-8a75-4aec-821c-59eaee93e6a8 is started using port 34949
2022-07-27 13:50:13,397 [IPC Server handler 3 on default port 40839] INFO  net.NetworkTopologyImpl (NetworkTopologyImpl.java:add(112)) - Added a new node: /default-rack/68b1a215-e375-44d3-a5cb-74a1c393ca27
2022-07-27 13:50:13,397 [IPC Server handler 3 on default port 40839] INFO  node.SCMNodeManager (SCMNodeManager.java:register(397)) - Registered Data node : 68b1a215-e375-44d3-a5cb-74a1c393ca27{ip: 10.1.0.21, host: fv-az217-261.5fhmivlnczbevhjmk01nzrxweh.bx.internal.cloudapp.net, ports: [REPLICATION=35705, RATIS=44933, RATIS_ADMIN=44933, RATIS_SERVER=44933, STANDALONE=35225], networkLocation: /default-rack, certSerialId: null, persistedOpState: null, persistedOpStateExpiryEpochSec: 0}
2022-07-27 13:50:13,397 [EventQueue-NewNodeForNewNodeHandler] INFO  pipeline.BackgroundPipelineCreator (BackgroundPipelineCreator.java:notifyEventTriggered(276)) - trigger a one-shot run on RatisPipelineUtilsThread.
2022-07-27 13:50:13,398 [EventQueue-NodeRegistrationContainerReportForDataNodeSafeModeRule] INFO  safemode.SCMSafeModeManager (DataNodeSafeModeRule.java:process(71)) - SCM in safe mode. 3 DataNodes registered, 3 required.
2022-07-27 13:50:13,398 [EventQueue-NodeRegistrationContainerReportForDataNodeSafeModeRule] INFO  safemode.SCMSafeModeManager (SCMSafeModeManager.java:validateSafeModeExitRules(204)) - DataNodeSafeModeRule rule is successfully validated
2022-07-27 13:50:13,398 [EventQueue-NodeRegistrationContainerReportForDataNodeSafeModeRule] INFO  safemode.SCMSafeModeManager (SCMSafeModeManager.java:completePreCheck(233)) - All SCM safe mode pre check rules have passed
2022-07-27 13:50:13,398 [EventQueue-NodeRegistrationContainerReportForDataNodeSafeModeRule] WARN  events.EventQueue (EventQueue.java:fireEvent(216)) - No event handler registered for event TypedEvent{payloadType=SafeModeStatus, name='Safe mode status'}
2022-07-27 13:50:13,398 [EventQueue-NodeRegistrationContainerReportForDataNodeSafeModeRule] INFO  ha.SCMContext (SCMContext.java:updateSafeModeStatus(228)) - Update SafeModeStatus from SafeModeStatus{safeModeStatus=true, preCheckPassed=false} to SafeModeStatus{safeModeStatus=true, preCheckPassed=true}.
2022-07-27 13:50:13,398 [EventQueue-NodeRegistrationContainerReportForDataNodeSafeModeRule] INFO  pipeline.BackgroundPipelineCreator (BackgroundPipelineCreator.java:notifyEventTriggered(276)) - trigger a one-shot run on RatisPipelineUtilsThread.
2022-07-27 13:50:13,398 [RatisPipelineUtilsThread - 0] INFO  pipeline.RatisPipelineProvider (RatisPipelineProvider.java:lambda$create$0(195)) - Sending CreatePipelineCommand for pipeline:PipelineID=618a9e73-8c9f-4dda-8e49-641f242e788a to datanode:68b1a215-e375-44d3-a5cb-74a1c393ca27
2022-07-27 13:50:13,399 [RatisPipelineUtilsThread - 0] INFO  pipeline.PipelineStateManagerImpl (PipelineStateManagerImpl.java:addPipeline(103)) - Created pipeline Pipeline[ Id: 618a9e73-8c9f-4dda-8e49-641f242e788a, Nodes: 68b1a215-e375-44d3-a5cb-74a1c393ca27{ip: 10.1.0.21, host: fv-az217-261.5fhmivlnczbevhjmk01nzrxweh.bx.internal.cloudapp.net, ports: [REPLICATION=35705, RATIS=44933, RATIS_ADMIN=44933, RATIS_SERVER=44933, STANDALONE=35225], networkLocation: /default-rack, certSerialId: null, persistedOpState: IN_SERVICE, persistedOpStateExpiryEpochSec: 0}, ReplicationConfig: RATIS/ONE, State:ALLOCATED, leaderId:, CreationTimestamp2022-07-27T13:50:13.398Z[Etc/UTC]].
2022-07-27 13:50:13,399 [RatisPipelineUtilsThread - 0] INFO  pipeline.RatisPipelineProvider (RatisPipelineProvider.java:lambda$create$0(195)) - Sending CreatePipelineCommand for pipeline:PipelineID=b143bdf1-9fc2-4af8-a1c4-95dcfddae3b9 to datanode:e71fbb36-3969-41f7-998b-9a309dacec97
2022-07-27 13:50:13,399 [RatisPipelineUtilsThread - 0] INFO  pipeline.RatisPipelineProvider (RatisPipelineProvider.java:lambda$create$0(195)) - Sending CreatePipelineCommand for pipeline:PipelineID=b143bdf1-9fc2-4af8-a1c4-95dcfddae3b9 to datanode:68b1a215-e375-44d3-a5cb-74a1c393ca27
2022-07-27 13:50:13,399 [RatisPipelineUtilsThread - 0] INFO  pipeline.RatisPipelineProvider (RatisPipelineProvider.java:lambda$create$0(195)) - Sending CreatePipelineCommand for pipeline:PipelineID=b143bdf1-9fc2-4af8-a1c4-95dcfddae3b9 to datanode:307e1e91-324e-43cf-a54a-5645731ed350
2022-07-27 13:50:13,400 [RatisPipelineUtilsThread - 0] INFO  pipeline.PipelineStateManagerImpl (PipelineStateManagerImpl.java:addPipeline(103)) - Created pipeline Pipeline[ Id: b143bdf1-9fc2-4af8-a1c4-95dcfddae3b9, Nodes: e71fbb36-3969-41f7-998b-9a309dacec97{ip: 10.1.0.21, host: fv-az217-261.5fhmivlnczbevhjmk01nzrxweh.bx.internal.cloudapp.net, ports: [REPLICATION=43173, RATIS=38701, RATIS_ADMIN=38701, RATIS_SERVER=38701, STANDALONE=44877], networkLocation: /default-rack, certSerialId: null, persistedOpState: IN_SERVICE, persistedOpStateExpiryEpochSec: 0}68b1a215-e375-44d3-a5cb-74a1c393ca27{ip: 10.1.0.21, host: fv-az217-261.5fhmivlnczbevhjmk01nzrxweh.bx.internal.cloudapp.net, ports: [REPLICATION=35705, RATIS=44933, RATIS_ADMIN=44933, RATIS_SERVER=44933, STANDALONE=35225], networkLocation: /default-rack, certSerialId: null, persistedOpState: IN_SERVICE, persistedOpStateExpiryEpochSec: 0}307e1e91-324e-43cf-a54a-5645731ed350{ip: 10.1.0.21, host: fv-az217-261.5fhmivlnczbevhjmk01nzrxweh.bx.internal.cloudapp.net, ports: [REPLICATION=37515, RATIS=40907, RATIS_ADMIN=40907, RATIS_SERVER=40907, STANDALONE=38363], networkLocation: /default-rack, certSerialId: null, persistedOpState: IN_SERVICE, persistedOpStateExpiryEpochSec: 0}, ReplicationConfig: RATIS/THREE, State:ALLOCATED, leaderId:, CreationTimestamp2022-07-27T13:50:13.399Z[Etc/UTC]].
2022-07-27 13:50:13,400 [RatisPipelineUtilsThread - 0] INFO  pipeline.RatisPipelineProvider (RatisPipelineProvider.java:lambda$create$0(195)) - Sending CreatePipelineCommand for pipeline:PipelineID=f9d8f533-7712-46a2-b154-475cd9ecf321 to datanode:307e1e91-324e-43cf-a54a-5645731ed350
2022-07-27 13:50:13,400 [RatisPipelineUtilsThread - 0] INFO  pipeline.RatisPipelineProvider (RatisPipelineProvider.java:lambda$create$0(195)) - Sending CreatePipelineCommand for pipeline:PipelineID=f9d8f533-7712-46a2-b154-475cd9ecf321 to datanode:e71fbb36-3969-41f7-998b-9a309dacec97
2022-07-27 13:50:13,400 [RatisPipelineUtilsThread - 0] INFO  pipeline.RatisPipelineProvider (RatisPipelineProvider.java:lambda$create$0(195)) - Sending CreatePipelineCommand for pipeline:PipelineID=f9d8f533-7712-46a2-b154-475cd9ecf321 to datanode:68b1a215-e375-44d3-a5cb-74a1c393ca27
2022-07-27 13:50:13,401 [RatisPipelineUtilsThread - 0] INFO  pipeline.PipelineStateManagerImpl (PipelineStateManagerImpl.java:addPipeline(103)) - Created pipeline Pipeline[ Id: f9d8f533-7712-46a2-b154-475cd9ecf321, Nodes: 307e1e91-324e-43cf-a54a-5645731ed350{ip: 10.1.0.21, host: fv-az217-261.5fhmivlnczbevhjmk01nzrxweh.bx.internal.cloudapp.net, ports: [REPLICATION=37515, RATIS=40907, RATIS_ADMIN=40907, RATIS_SERVER=40907, STANDALONE=38363], networkLocation: /default-rack, certSerialId: null, persistedOpState: IN_SERVICE, persistedOpStateExpiryEpochSec: 0}e71fbb36-3969-41f7-998b-9a309dacec97{ip: 10.1.0.21, host: fv-az217-261.5fhmivlnczbevhjmk01nzrxweh.bx.internal.cloudapp.net, ports: [REPLICATION=43173, RATIS=38701, RATIS_ADMIN=38701, RATIS_SERVER=38701, STANDALONE=44877], networkLocation: /default-rack, certSerialId: null, persistedOpState: IN_SERVICE, persistedOpStateExpiryEpochSec: 0}68b1a215-e375-44d3-a5cb-74a1c393ca27{ip: 10.1.0.21, host: fv-az217-261.5fhmivlnczbevhjmk01nzrxweh.bx.internal.cloudapp.net, ports: [REPLICATION=35705, RATIS=44933, RATIS_ADMIN=44933, RATIS_SERVER=44933, STANDALONE=35225], networkLocation: /default-rack, certSerialId: null, persistedOpState: IN_SERVICE, persistedOpStateExpiryEpochSec: 0}, ReplicationConfig: RATIS/THREE, State:ALLOCATED, leaderId:, CreationTimestamp2022-07-27T13:50:13.400Z[Etc/UTC]].
2022-07-27 13:50:13,401 [RatisPipelineUtilsThread - 0] INFO  pipeline.PipelineManagerImpl (PipelineManagerImpl.java:recordMetricsForPipeline(796)) - Pipeline: PipelineID=f9d8f533-7712-46a2-b154-475cd9ecf321 contains same datanodes as previous pipelines: PipelineID=b143bdf1-9fc2-4af8-a1c4-95dcfddae3b9 nodeIds: 307e1e91-324e-43cf-a54a-5645731ed350, e71fbb36-3969-41f7-998b-9a309dacec97, 68b1a215-e375-44d3-a5cb-74a1c393ca27
2022-07-27 13:50:13,921 [Listener at 127.0.0.1/46277] INFO  ozone.MiniOzoneClusterImpl (MiniOzoneClusterImpl.java:lambda$waitForClusterToBeReady$0(216)) - Waiting for nodes to be ready. Got 3 of 5 DN Heartbeats.
2022-07-27 13:50:13,921 [Listener at 127.0.0.1/46277] INFO  ozone.MiniOzoneClusterImpl (MiniOzoneClusterImpl.java:lambda$waitForClusterToBeReady$0(219)) - Waiting for cluster to exit safe mode
2022-07-27 13:50:13,921 [Listener at 127.0.0.1/46277] INFO  ozone.MiniOzoneClusterImpl (MiniOzoneClusterImpl.java:lambda$waitForClusterToBeReady$0(221)) - SCM became leader
2022-07-27 13:50:14,179 [IPC Server handler 3 on default port 40839] INFO  net.NetworkTopologyImpl (NetworkTopologyImpl.java:add(112)) - Added a new node: /default-rack/4368bcce-d3a4-4966-9cea-5707d0aefce9
2022-07-27 13:50:14,180 [IPC Server handler 3 on default port 40839] INFO  node.SCMNodeManager (SCMNodeManager.java:register(397)) - Registered Data node : 4368bcce-d3a4-4966-9cea-5707d0aefce9{ip: 10.1.0.21, host: fv-az217-261.5fhmivlnczbevhjmk01nzrxweh.bx.internal.cloudapp.net, ports: [REPLICATION=38033, RATIS=38965, RATIS_ADMIN=38965, RATIS_SERVER=38965, STANDALONE=36003], networkLocation: /default-rack, certSerialId: null, persistedOpState: null, persistedOpStateExpiryEpochSec: 0}
2022-07-27 13:50:14,180 [EventQueue-NewNodeForNewNodeHandler] INFO  pipeline.BackgroundPipelineCreator (BackgroundPipelineCreator.java:notifyEventTriggered(276)) - trigger a one-shot run on RatisPipelineUtilsThread.
2022-07-27 13:50:14,180 [RatisPipelineUtilsThread - 0] INFO  pipeline.RatisPipelineProvider (RatisPipelineProvider.java:lambda$create$0(195)) - Sending CreatePipelineCommand for pipeline:PipelineID=9e8cf556-a942-4a1e-b850-28a629b2c966 to datanode:4368bcce-d3a4-4966-9cea-5707d0aefce9
2022-07-27 13:50:14,181 [RatisPipelineUtilsThread - 0] INFO  pipeline.PipelineStateManagerImpl (PipelineStateManagerImpl.java:addPipeline(103)) - Created pipeline Pipeline[ Id: 9e8cf556-a942-4a1e-b850-28a629b2c966, Nodes: 4368bcce-d3a4-4966-9cea-5707d0aefce9{ip: 10.1.0.21, host: fv-az217-261.5fhmivlnczbevhjmk01nzrxweh.bx.internal.cloudapp.net, ports: [REPLICATION=38033, RATIS=38965, RATIS_ADMIN=38965, RATIS_SERVER=38965, STANDALONE=36003], networkLocation: /default-rack, certSerialId: null, persistedOpState: IN_SERVICE, persistedOpStateExpiryEpochSec: 0}, ReplicationConfig: RATIS/ONE, State:ALLOCATED, leaderId:, CreationTimestamp2022-07-27T13:50:14.180Z[Etc/UTC]].
2022-07-27 13:50:14,662 [Command processor thread] INFO  server.RaftServer (RaftServerProxy.java:addNew(96)) - e71fbb36-3969-41f7-998b-9a309dacec97: addNew group-94FBED79EE0A:[e71fbb36-3969-41f7-998b-9a309dacec97|rpc:10.1.0.21:38701|priority:1] returns group-94FBED79EE0A:java.util.concurrent.CompletableFuture@365a2334[Not completed]
2022-07-27 13:50:14,672 [pool-333-thread-1] INFO  server.RaftServer$Division (RaftServerImpl.java:<init>(190)) - e71fbb36-3969-41f7-998b-9a309dacec97: new RaftServerImpl for group-94FBED79EE0A:[e71fbb36-3969-41f7-998b-9a309dacec97|rpc:10.1.0.21:38701|priority:1] with ContainerStateMachine:uninitialized
2022-07-27 13:50:14,673 [pool-333-thread-1] INFO  server.RaftServerConfigKeys (ConfUtils.java:logGet(46)) - raft.server.rpc.timeout.min = 5s (custom)
2022-07-27 13:50:14,673 [pool-333-thread-1] INFO  server.RaftServerConfigKeys (ConfUtils.java:logGet(46)) - raft.server.rpc.timeout.max = 5200ms (custom)
2022-07-27 13:50:14,673 [pool-333-thread-1] INFO  server.RaftServerConfigKeys (ConfUtils.java:logGet(46)) - raft.server.rpc.sleep.time = 25ms (default)
2022-07-27 13:50:14,673 [pool-333-thread-1] INFO  server.RaftServerConfigKeys (ConfUtils.java:logGet(46)) - raft.server.rpc.slowness.timeout = 300s (custom)
2022-07-27 13:50:14,673 [pool-333-thread-1] INFO  server.RaftServerConfigKeys (ConfUtils.java:logGet(46)) - raft.server.leaderelection.leader.step-down.wait-time = 10s (default)
2022-07-27 13:50:14,673 [pool-333-thread-1] INFO  server.RaftServerConfigKeys (ConfUtils.java:logGet(46)) - raft.server.sleep.deviation.threshold = 300ms (default)
2022-07-27 13:50:14,673 [pool-333-thread-1] INFO  server.RaftServer$Division (ServerState.java:<init>(107)) - e71fbb36-3969-41f7-998b-9a309dacec97@group-94FBED79EE0A: ConfigurationManager, init=-1: [e71fbb36-3969-41f7-998b-9a309dacec97|rpc:10.1.0.21:38701|priority:1], old=null, confs=<EMPTY_MAP>
2022-07-27 13:50:14,673 [pool-333-thread-1] INFO  server.RaftServerConfigKeys (ConfUtils.java:logGet(46)) - raft.server.storage.dir = [/home/runner/work/ozone/ozone/hadoop-ozone/integration-test/target/test-dir/MiniOzoneClusterImpl-29ab875d-7565-45f7-8a7f-94142ec04d49/datanode-0/data/ratis] (custom)
2022-07-27 13:50:14,673 [pool-333-thread-1] INFO  server.RaftServerConfigKeys (ConfUtils.java:logGet(46)) - raft.server.log.corruption.policy = EXCEPTION (default)
2022-07-27 13:50:14,673 [pool-333-thread-1] INFO  server.RaftServerConfigKeys (ConfUtils.java:logGet(46)) - raft.server.storage.free-space.min = 0MB (=0) (default)
2022-07-27 13:50:14,673 [pool-333-thread-1] INFO  storage.RaftStorageDirectory (RaftStorageDirectoryImpl.java:analyzeStorage(135)) - The storage directory /home/runner/work/ozone/ozone/hadoop-ozone/integration-test/target/test-dir/MiniOzoneClusterImpl-29ab875d-7565-45f7-8a7f-94142ec04d49/datanode-0/data/ratis/b76fa1fd-0cc0-4c87-8b18-94fbed79ee0a does not exist. Creating ...
2022-07-27 13:50:14,679 [pool-333-thread-1] INFO  storage.RaftStorageDirectory (RaftStorageDirectoryImpl.java:tryLock(230)) - Lock on /home/runner/work/ozone/ozone/hadoop-ozone/integration-test/target/test-dir/MiniOzoneClusterImpl-29ab875d-7565-45f7-8a7f-94142ec04d49/datanode-0/data/ratis/b76fa1fd-0cc0-4c87-8b18-94fbed79ee0a/in_use.lock acquired by nodename 11093@fv-az217-261
2022-07-27 13:50:14,683 [pool-333-thread-1] INFO  storage.RaftStorage (RaftStorageImpl.java:format(89)) - Storage directory /home/runner/work/ozone/ozone/hadoop-ozone/integration-test/target/test-dir/MiniOzoneClusterImpl-29ab875d-7565-45f7-8a7f-94142ec04d49/datanode-0/data/ratis/b76fa1fd-0cc0-4c87-8b18-94fbed79ee0a has been successfully formatted.
2022-07-27 13:50:14,685 [pool-333-thread-1] INFO  ratis.ContainerStateMachine (ContainerStateMachine.java:loadSnapshot(236)) - group-94FBED79EE0A: The snapshot info is null. Setting the last applied indexto:(t:0, i:~)
2022-07-27 13:50:14,685 [pool-333-thread-1] INFO  server.RaftServerConfigKeys (ConfUtils.java:logGet(46)) - raft.server.notification.no-leader.timeout = 300s (custom)
2022-07-27 13:50:14,685 [pool-333-thread-1] INFO  server.RaftServerConfigKeys (ConfUtils.java:logGet(46)) - raft.server.log.use.memory = false (default)
2022-07-27 13:50:14,685 [pool-333-thread-1] INFO  server.RaftServerConfigKeys (ConfUtils.java:logGet(46)) - raft.server.log.purge.gap = 1000000 (custom)
2022-07-27 13:50:14,685 [pool-333-thread-1] INFO  server.RaftServerConfigKeys (ConfUtils.java:logGet(46)) - raft.server.log.appender.buffer.byte-limit = 33554432 (custom)
2022-07-27 13:50:14,685 [pool-333-thread-1] INFO  server.RaftServerConfigKeys (ConfUtils.java:logGet(46)) - raft.server.log.statemachine.data.read.timeout = 1000ms (default)
2022-07-27 13:50:14,686 [EventQueue-PipelineReportForPipelineReportHandler] INFO  pipeline.PipelineManagerImpl (PipelineManagerImpl.java:openPipeline(367)) - Pipeline Pipeline[ Id: b76fa1fd-0cc0-4c87-8b18-94fbed79ee0a, Nodes: e71fbb36-3969-41f7-998b-9a309dacec97{ip: 10.1.0.21, host: fv-az217-261.5fhmivlnczbevhjmk01nzrxweh.bx.internal.cloudapp.net, ports: [REPLICATION=43173, RATIS=38701, RATIS_ADMIN=38701, RATIS_SERVER=38701, STANDALONE=44877], networkLocation: /default-rack, certSerialId: null, persistedOpState: IN_SERVICE, persistedOpStateExpiryEpochSec: 0}, ReplicationConfig: RATIS/ONE, State:ALLOCATED, leaderId:e71fbb36-3969-41f7-998b-9a309dacec97, CreationTimestamp2022-07-27T13:50:11.675Z[Etc/UTC]] moved to OPEN state
2022-07-27 13:50:14,692 [pool-333-thread-1] INFO  server.RaftServerConfigKeys (ConfUtils.java:logGet(46)) - raft.server.log.segment.size.max = 1048576 (custom)
2022-07-27 13:50:14,692 [pool-333-thread-1] INFO  server.RaftServerConfigKeys (ConfUtils.java:logGet(46)) - raft.server.log.segment.cache.num.max = 2 (custom)
2022-07-27 13:50:14,692 [pool-333-thread-1] INFO  server.RaftServerConfigKeys (ConfUtils.java:logGet(46)) - raft.server.log.segment.cache.size.max = 200MB (=209715200) (default)
2022-07-27 13:50:14,692 [pool-333-thread-1] INFO  segmented.SegmentedRaftLogWorker (SegmentedRaftLogWorker.java:<init>(187)) - new e71fbb36-3969-41f7-998b-9a309dacec97@group-94FBED79EE0A-SegmentedRaftLogWorker for RaftStorageImpl:Storage Directory /home/runner/work/ozone/ozone/hadoop-ozone/integration-test/target/test-dir/MiniOzoneClusterImpl-29ab875d-7565-45f7-8a7f-94142ec04d49/datanode-0/data/ratis/b76fa1fd-0cc0-4c87-8b18-94fbed79ee0a
2022-07-27 13:50:14,693 [pool-333-thread-1] INFO  server.RaftServerConfigKeys (ConfUtils.java:logGet(46)) - raft.server.log.queue.byte-limit = 4294967296 (custom)
2022-07-27 13:50:14,693 [pool-333-thread-1] INFO  server.RaftServerConfigKeys (ConfUtils.java:logGet(46)) - raft.server.log.queue.element-limit = 1024 (custom)
2022-07-27 13:50:14,693 [pool-333-thread-1] INFO  server.RaftServerConfigKeys (ConfUtils.java:logGet(46)) - raft.server.log.segment.size.max = 1048576 (custom)
2022-07-27 13:50:14,693 [pool-333-thread-1] INFO  server.RaftServerConfigKeys (ConfUtils.java:logGet(46)) - raft.server.log.preallocated.size = 16384 (custom)
2022-07-27 13:50:14,693 [pool-333-thread-1] INFO  server.RaftServerConfigKeys (ConfUtils.java:logGet(46)) - raft.server.log.force.sync.num = 128 (default)
2022-07-27 13:50:14,693 [pool-333-thread-1] INFO  server.RaftServerConfigKeys (ConfUtils.java:logGet(46)) - raft.server.log.statemachine.data.sync = true (default)
2022-07-27 13:50:14,693 [pool-333-thread-1] INFO  server.RaftServerConfigKeys (ConfUtils.java:logGet(46)) - raft.server.log.statemachine.data.sync.timeout = 10s (default)
2022-07-27 13:50:14,693 [pool-333-thread-1] INFO  server.RaftServerConfigKeys (ConfUtils.java:logGet(46)) - raft.server.log.statemachine.data.sync.timeout.retry = -1 (default)
2022-07-27 13:50:14,694 [pool-333-thread-1] INFO  server.RaftServerConfigKeys (ConfUtils.java:logGet(46)) - raft.server.log.write.buffer.size = 1048576 (custom)
2022-07-27 13:50:14,694 [pool-333-thread-1] INFO  server.RaftServerConfigKeys (ConfUtils.java:logGet(46)) - raft.server.log.unsafe-flush.enabled = false (default)
2022-07-27 13:50:14,694 [pool-333-thread-1] INFO  server.RaftServerConfigKeys (ConfUtils.java:logGet(46)) - raft.server.log.statemachine.data.caching.enabled = true (custom)
2022-07-27 13:50:14,694 [pool-333-thread-1] INFO  segmented.SegmentedRaftLogWorker (SegmentedRaftLogWorker.java:lambda$new$0(135)) - e71fbb36-3969-41f7-998b-9a309dacec97@group-94FBED79EE0A-SegmentedRaftLogWorker: flushIndex: setUnconditionally 0 -> -1
2022-07-27 13:50:14,695 [pool-333-thread-1] INFO  segmented.SegmentedRaftLogWorker (SegmentedRaftLogWorker.java:lambda$new$0(135)) - e71fbb36-3969-41f7-998b-9a309dacec97@group-94FBED79EE0A-SegmentedRaftLogWorker: safeCacheEvictIndex: setUnconditionally 0 -> -1
2022-07-27 13:50:14,707 [EventQueue-OpenPipelineForHealthyPipelineSafeModeRule] INFO  safemode.SCMSafeModeManager (HealthyPipelineSafeModeRule.java:process(137)) - SCM in safe mode. Healthy pipelines reported count is 0, required healthy pipeline reported count is 1
2022-07-27 13:50:14,709 [pool-333-thread-1] INFO  server.RaftServerConfigKeys (ConfUtils.java:logGet(46)) - raft.server.snapshot.auto.trigger.enabled = true (custom)
2022-07-27 13:50:14,709 [pool-333-thread-1] INFO  server.RaftServerConfigKeys (ConfUtils.java:logGet(46)) - raft.server.snapshot.auto.trigger.threshold = 10000 (custom)
2022-07-27 13:50:14,709 [pool-333-thread-1] INFO  server.RaftServerConfigKeys (ConfUtils.java:logGet(46)) - raft.server.snapshot.retention.file.num = 5 (custom)
2022-07-27 13:50:14,709 [pool-333-thread-1] INFO  server.RaftServerConfigKeys (ConfUtils.java:logGet(46)) - raft.server.log.purge.upto.snapshot.index = false (default)
2022-07-27 13:50:14,709 [pool-333-thread-1] INFO  server.RaftServerConfigKeys (ConfUtils.java:logGet(46)) - raft.server.retrycache.expirytime = 600000ms (custom)
2022-07-27 13:50:14,709 [pool-333-thread-1] INFO  server.RaftServerConfigKeys (ConfUtils.java:logGet(46)) - raft.server.retrycache.statistics.expirytime = 100μs (default)
2022-07-27 13:50:14,716 [pool-333-thread-1] INFO  server.RaftServerConfigKeys (ConfUtils.java:logGet(46)) - raft.server.log.appender.install.snapshot.enabled = false (custom)
2022-07-27 13:50:14,716 [pool-333-thread-1] INFO  server.RaftServerConfigKeys (ConfUtils.java:logGet(46)) - raft.server.threadpool.server.cached = true (default)
2022-07-27 13:50:14,716 [pool-333-thread-1] INFO  server.RaftServerConfigKeys (ConfUtils.java:logGet(46)) - raft.server.threadpool.server.size = 0 (default)
2022-07-27 13:50:14,716 [pool-333-thread-1] INFO  server.RaftServerConfigKeys (ConfUtils.java:logGet(46)) - raft.server.threadpool.client.cached = true (default)
2022-07-27 13:50:14,716 [pool-333-thread-1] INFO  server.RaftServerConfigKeys (ConfUtils.java:logGet(46)) - raft.server.threadpool.client.size = 0 (default)
2022-07-27 13:50:14,716 [pool-333-thread-1] INFO  server.RaftServer$Division (RaftServerImpl.java:start(310)) - e71fbb36-3969-41f7-998b-9a309dacec97@group-94FBED79EE0A: start as a follower, conf=-1: [e71fbb36-3969-41f7-998b-9a309dacec97|rpc:10.1.0.21:38701|priority:1], old=null
2022-07-27 13:50:14,716 [pool-333-thread-1] INFO  server.RaftServer$Division (RaftServerImpl.java:setRole(299)) - e71fbb36-3969-41f7-998b-9a309dacec97@group-94FBED79EE0A: changes role from      null to FOLLOWER at term 0 for startAsFollower
2022-07-27 13:50:14,716 [pool-333-thread-1] INFO  impl.RoleInfo (RoleInfo.java:updateAndGet(139)) - e71fbb36-3969-41f7-998b-9a309dacec97: start e71fbb36-3969-41f7-998b-9a309dacec97@group-94FBED79EE0A-FollowerState
2022-07-27 13:50:14,726 [pool-333-thread-1] INFO  util.JmxRegister (JmxRegister.java:tryRegister(44)) - Successfully registered JMX Bean with object name Ratis:service=RaftServer,group=group-94FBED79EE0A,id=e71fbb36-3969-41f7-998b-9a309dacec97
2022-07-27 13:50:14,732 [Command processor thread] INFO  ratis.XceiverServerRatis (XceiverServerRatis.java:addGroup(765)) - Created group PipelineID=b76fa1fd-0cc0-4c87-8b18-94fbed79ee0a
2022-07-27 13:50:14,732 [Command processor thread] INFO  commandhandler.CreatePipelineCommandHandler (CreatePipelineCommandHandler.java:handle(113)) - Created Pipeline RATIS ONE PipelineID=b76fa1fd-0cc0-4c87-8b18-94fbed79ee0a.
2022-07-27 13:50:14,733 [Command processor thread] INFO  server.RaftServer (RaftServerProxy.java:addNew(96)) - e71fbb36-3969-41f7-998b-9a309dacec97: addNew group-95DCFDDAE3B9:[307e1e91-324e-43cf-a54a-5645731ed350|rpc:10.1.0.21:40907|priority:0, e71fbb36-3969-41f7-998b-9a309dacec97|rpc:10.1.0.21:38701|priority:1, 68b1a215-e375-44d3-a5cb-74a1c393ca27|rpc:10.1.0.21:44933|priority:0] returns group-95DCFDDAE3B9:java.util.concurrent.CompletableFuture@3265b127[Not completed]
2022-07-27 13:50:14,733 [pool-333-thread-1] INFO  server.RaftServer$Division (RaftServerImpl.java:<init>(190)) - e71fbb36-3969-41f7-998b-9a309dacec97: new RaftServerImpl for group-95DCFDDAE3B9:[307e1e91-324e-43cf-a54a-5645731ed350|rpc:10.1.0.21:40907|priority:0, e71fbb36-3969-41f7-998b-9a309dacec97|rpc:10.1.0.21:38701|priority:1, 68b1a215-e375-44d3-a5cb-74a1c393ca27|rpc:10.1.0.21:44933|priority:0] with ContainerStateMachine:uninitialized
2022-07-27 13:50:14,734 [pool-333-thread-1] INFO  server.RaftServerConfigKeys (ConfUtils.java:logGet(46)) - raft.server.rpc.timeout.min = 5s (custom)
2022-07-27 13:50:14,734 [pool-333-thread-1] INFO  server.RaftServerConfigKeys (ConfUtils.java:logGet(46)) - raft.server.rpc.timeout.max = 5200ms (custom)
2022-07-27 13:50:14,734 [pool-333-thread-1] INFO  server.RaftServerConfigKeys (ConfUtils.java:logGet(46)) - raft.server.rpc.sleep.time = 25ms (default)
2022-07-27 13:50:14,734 [pool-333-thread-1] INFO  server.RaftServerConfigKeys (ConfUtils.java:logGet(46)) - raft.server.rpc.slowness.timeout = 300s (custom)
2022-07-27 13:50:14,734 [pool-333-thread-1] INFO  server.RaftServerConfigKeys (ConfUtils.java:logGet(46)) - raft.server.leaderelection.leader.step-down.wait-time = 10s (default)
2022-07-27 13:50:14,734 [pool-333-thread-1] INFO  server.RaftServerConfigKeys (ConfUtils.java:logGet(46)) - raft.server.sleep.deviation.threshold = 300ms (default)
2022-07-27 13:50:14,734 [pool-333-thread-1] INFO  server.RaftServer$Division (ServerState.java:<init>(107)) - e71fbb36-3969-41f7-998b-9a309dacec97@group-95DCFDDAE3B9: ConfigurationManager, init=-1: [307e1e91-324e-43cf-a54a-5645731ed350|rpc:10.1.0.21:40907|priority:0, e71fbb36-3969-41f7-998b-9a309dacec97|rpc:10.1.0.21:38701|priority:1, 68b1a215-e375-44d3-a5cb-74a1c393ca27|rpc:10.1.0.21:44933|priority:0], old=null, confs=<EMPTY_MAP>
2022-07-27 13:50:14,734 [pool-333-thread-1] INFO  server.RaftServerConfigKeys (ConfUtils.java:logGet(46)) - raft.server.storage.dir = [/home/runner/work/ozone/ozone/hadoop-ozone/integration-test/target/test-dir/MiniOzoneClusterImpl-29ab875d-7565-45f7-8a7f-94142ec04d49/datanode-0/data/ratis] (custom)
2022-07-27 13:50:14,734 [pool-333-thread-1] INFO  server.RaftServerConfigKeys (ConfUtils.java:logGet(46)) - raft.server.log.corruption.policy = EXCEPTION (default)
2022-07-27 13:50:14,734 [pool-333-thread-1] INFO  server.RaftServerConfigKeys (ConfUtils.java:logGet(46)) - raft.server.storage.free-space.min = 0MB (=0) (default)
2022-07-27 13:50:14,734 [pool-333-thread-1] INFO  storage.RaftStorageDirectory (RaftStorageDirectoryImpl.java:analyzeStorage(135)) - The storage directory /home/runner/work/ozone/ozone/hadoop-ozone/integration-test/target/test-dir/MiniOzoneClusterImpl-29ab875d-7565-45f7-8a7f-94142ec04d49/datanode-0/data/ratis/b143bdf1-9fc2-4af8-a1c4-95dcfddae3b9 does not exist. Creating ...
2022-07-27 13:50:14,735 [pool-333-thread-1] INFO  storage.RaftStorageDirectory (RaftStorageDirectoryImpl.java:tryLock(230)) - Lock on /home/runner/work/ozone/ozone/hadoop-ozone/integration-test/target/test-dir/MiniOzoneClusterImpl-29ab875d-7565-45f7-8a7f-94142ec04d49/datanode-0/data/ratis/b143bdf1-9fc2-4af8-a1c4-95dcfddae3b9/in_use.lock acquired by nodename 11093@fv-az217-261
2022-07-27 13:50:14,736 [pool-333-thread-1] INFO  storage.RaftStorage (RaftStorageImpl.java:format(89)) - Storage directory /home/runner/work/ozone/ozone/hadoop-ozone/integration-test/target/test-dir/MiniOzoneClusterImpl-29ab875d-7565-45f7-8a7f-94142ec04d49/datanode-0/data/ratis/b143bdf1-9fc2-4af8-a1c4-95dcfddae3b9 has been successfully formatted.
2022-07-27 13:50:14,737 [pool-333-thread-1] INFO  ratis.ContainerStateMachine (ContainerStateMachine.java:loadSnapshot(236)) - group-95DCFDDAE3B9: The snapshot info is null. Setting the last applied indexto:(t:0, i:~)
2022-07-27 13:50:14,737 [pool-333-thread-1] INFO  server.RaftServerConfigKeys (ConfUtils.java:logGet(46)) - raft.server.notification.no-leader.timeout = 300s (custom)
2022-07-27 13:50:14,737 [pool-333-thread-1] INFO  server.RaftServerConfigKeys (ConfUtils.java:logGet(46)) - raft.server.log.use.memory = false (default)
2022-07-27 13:50:14,737 [pool-333-thread-1] INFO  server.RaftServerConfigKeys (ConfUtils.java:logGet(46)) - raft.server.log.purge.gap = 1000000 (custom)
2022-07-27 13:50:14,737 [pool-333-thread-1] INFO  server.RaftServerConfigKeys (ConfUtils.java:logGet(46)) - raft.server.log.appender.buffer.byte-limit = 33554432 (custom)
2022-07-27 13:50:14,737 [pool-333-thread-1] INFO  server.RaftServerConfigKeys (ConfUtils.java:logGet(46)) - raft.server.log.statemachine.data.read.timeout = 1000ms (default)
2022-07-27 13:50:14,737 [pool-333-thread-1] INFO  server.RaftServerConfigKeys (ConfUtils.java:logGet(46)) - raft.server.log.segment.size.max = 1048576 (custom)
2022-07-27 13:50:14,743 [EventQueue-OpenPipelineForHealthyPipelineSafeModeRule] INFO  safemode.SCMSafeModeManager (HealthyPipelineSafeModeRule.java:process(137)) - SCM in safe mode. Healthy pipelines reported count is 0, required healthy pipeline reported count is 1
2022-07-27 13:50:14,744 [pool-333-thread-1] INFO  server.RaftServerConfigKeys (ConfUtils.java:logGet(46)) - raft.server.log.segment.cache.num.max = 2 (custom)
2022-07-27 13:50:14,744 [pool-333-thread-1] INFO  server.RaftServerConfigKeys (ConfUtils.java:logGet(46)) - raft.server.log.segment.cache.size.max = 200MB (=209715200) (default)
2022-07-27 13:50:14,744 [pool-333-thread-1] INFO  segmented.SegmentedRaftLogWorker (SegmentedRaftLogWorker.java:<init>(187)) - new e71fbb36-3969-41f7-998b-9a309dacec97@group-95DCFDDAE3B9-SegmentedRaftLogWorker for RaftStorageImpl:Storage Directory /home/runner/work/ozone/ozone/hadoop-ozone/integration-test/target/test-dir/MiniOzoneClusterImpl-29ab875d-7565-45f7-8a7f-94142ec04d49/datanode-0/data/ratis/b143bdf1-9fc2-4af8-a1c4-95dcfddae3b9
2022-07-27 13:50:14,744 [pool-333-thread-1] INFO  server.RaftServerConfigKeys (ConfUtils.java:logGet(46)) - raft.server.log.queue.byte-limit = 4294967296 (custom)
2022-07-27 13:50:14,744 [pool-333-thread-1] INFO  server.RaftServerConfigKeys (ConfUtils.java:logGet(46)) - raft.server.log.queue.element-limit = 1024 (custom)
2022-07-27 13:50:14,744 [pool-333-thread-1] INFO  server.RaftServerConfigKeys (ConfUtils.java:logGet(46)) - raft.server.log.segment.size.max = 1048576 (custom)
2022-07-27 13:50:14,744 [pool-333-thread-1] INFO  server.RaftServerConfigKeys (ConfUtils.java:logGet(46)) - raft.server.log.preallocated.size = 16384 (custom)
2022-07-27 13:50:14,744 [pool-333-thread-1] INFO  server.RaftServerConfigKeys (ConfUtils.java:logGet(46)) - raft.server.log.force.sync.num = 128 (default)
2022-07-27 13:50:14,744 [pool-333-thread-1] INFO  server.RaftServerConfigKeys (ConfUtils.java:logGet(46)) - raft.server.log.statemachine.data.sync = true (default)
2022-07-27 13:50:14,744 [pool-333-thread-1] INFO  server.RaftServerConfigKeys (ConfUtils.java:logGet(46)) - raft.server.log.statemachine.data.sync.timeout = 10s (default)
2022-07-27 13:50:14,745 [pool-333-thread-1] INFO  server.RaftServerConfigKeys (ConfUtils.java:logGet(46)) - raft.server.log.statemachine.data.sync.timeout.retry = -1 (default)
2022-07-27 13:50:14,745 [pool-333-thread-1] INFO  server.RaftServerConfigKeys (ConfUtils.java:logGet(46)) - raft.server.log.write.buffer.size = 1048576 (custom)
2022-07-27 13:50:14,746 [pool-333-thread-1] INFO  server.RaftServerConfigKeys (ConfUtils.java:logGet(46)) - raft.server.log.unsafe-flush.enabled = false (default)
2022-07-27 13:50:14,746 [pool-333-thread-1] INFO  server.RaftServerConfigKeys (ConfUtils.java:logGet(46)) - raft.server.log.statemachine.data.caching.enabled = true (custom)
2022-07-27 13:50:14,746 [pool-333-thread-1] INFO  segmented.SegmentedRaftLogWorker (SegmentedRaftLogWorker.java:lambda$new$0(135)) - e71fbb36-3969-41f7-998b-9a309dacec97@group-95DCFDDAE3B9-SegmentedRaftLogWorker: flushIndex: setUnconditionally 0 -> -1
2022-07-27 13:50:14,746 [pool-333-thread-1] INFO  segmented.SegmentedRaftLogWorker (SegmentedRaftLogWorker.java:lambda$new$0(135)) - e71fbb36-3969-41f7-998b-9a309dacec97@group-95DCFDDAE3B9-SegmentedRaftLogWorker: safeCacheEvictIndex: setUnconditionally 0 -> -1
2022-07-27 13:50:14,748 [pool-333-thread-1] INFO  server.RaftServerConfigKeys (ConfUtils.java:logGet(46)) - raft.server.snapshot.auto.trigger.enabled = true (custom)
2022-07-27 13:50:14,748 [pool-333-thread-1] INFO  server.RaftServerConfigKeys (ConfUtils.java:logGet(46)) - raft.server.snapshot.auto.trigger.threshold = 10000 (custom)
2022-07-27 13:50:14,748 [pool-333-thread-1] INFO  server.RaftServerConfigKeys (ConfUtils.java:logGet(46)) - raft.server.snapshot.retention.file.num = 5 (custom)
2022-07-27 13:50:14,748 [pool-333-thread-1] INFO  server.RaftServerConfigKeys (ConfUtils.java:logGet(46)) - raft.server.log.purge.upto.snapshot.index = false (default)
2022-07-27 13:50:14,748 [pool-333-thread-1] INFO  server.RaftServerConfigKeys (ConfUtils.java:logGet(46)) - raft.server.retrycache.expirytime = 600000ms (custom)
2022-07-27 13:50:14,748 [pool-333-thread-1] INFO  server.RaftServerConfigKeys (ConfUtils.java:logGet(46)) - raft.server.retrycache.statistics.expirytime = 100μs (default)
2022-07-27 13:50:14,749 [pool-333-thread-1] INFO  server.RaftServerConfigKeys (ConfUtils.java:logGet(46)) - raft.server.log.appender.install.snapshot.enabled = false (custom)
2022-07-27 13:50:14,749 [pool-333-thread-1] INFO  server.RaftServerConfigKeys (ConfUtils.java:logGet(46)) - raft.server.threadpool.server.cached = true (default)
2022-07-27 13:50:14,749 [pool-333-thread-1] INFO  server.RaftServerConfigKeys (ConfUtils.java:logGet(46)) - raft.server.threadpool.server.size = 0 (default)
2022-07-27 13:50:14,749 [pool-333-thread-1] INFO  server.RaftServerConfigKeys (ConfUtils.java:logGet(46)) - raft.server.threadpool.client.cached = true (default)
2022-07-27 13:50:14,749 [pool-333-thread-1] INFO  server.RaftServerConfigKeys (ConfUtils.java:logGet(46)) - raft.server.threadpool.client.size = 0 (default)
2022-07-27 13:50:14,749 [pool-333-thread-1] INFO  server.RaftServer$Division (RaftServerImpl.java:start(310)) - e71fbb36-3969-41f7-998b-9a309dacec97@group-95DCFDDAE3B9: start as a follower, conf=-1: [307e1e91-324e-43cf-a54a-5645731ed350|rpc:10.1.0.21:40907|priority:0, e71fbb36-3969-41f7-998b-9a309dacec97|rpc:10.1.0.21:38701|priority:1, 68b1a215-e375-44d3-a5cb-74a1c393ca27|rpc:10.1.0.21:44933|priority:0], old=null
2022-07-27 13:50:14,749 [pool-333-thread-1] INFO  server.RaftServer$Division (RaftServerImpl.java:setRole(299)) - e71fbb36-3969-41f7-998b-9a309dacec97@group-95DCFDDAE3B9: changes role from      null to FOLLOWER at term 0 for startAsFollower
2022-07-27 13:50:14,749 [pool-333-thread-1] INFO  impl.RoleInfo (RoleInfo.java:updateAndGet(139)) - e71fbb36-3969-41f7-998b-9a309dacec97: start e71fbb36-3969-41f7-998b-9a309dacec97@group-95DCFDDAE3B9-FollowerState
2022-07-27 13:50:14,750 [pool-333-thread-1] INFO  util.JmxRegister (JmxRegister.java:tryRegister(44)) - Successfully registered JMX Bean with object name Ratis:service=RaftServer,group=group-95DCFDDAE3B9,id=e71fbb36-3969-41f7-998b-9a309dacec97
2022-07-27 13:50:14,750 [Command processor thread] INFO  ratis.XceiverServerRatis (XceiverServerRatis.java:addGroup(765)) - Created group PipelineID=b143bdf1-9fc2-4af8-a1c4-95dcfddae3b9
2022-07-27 13:50:14,822 [grpc-default-executor-0] INFO  server.RaftServer (RaftServerProxy.java:addNew(96)) - 68b1a215-e375-44d3-a5cb-74a1c393ca27: addNew group-95DCFDDAE3B9:[307e1e91-324e-43cf-a54a-5645731ed350|rpc:10.1.0.21:40907|dataStream:|priority:0, e71fbb36-3969-41f7-998b-9a309dacec97|rpc:10.1.0.21:38701|dataStream:|priority:1, 68b1a215-e375-44d3-a5cb-74a1c393ca27|rpc:10.1.0.21:44933|dataStream:|priority:0] returns group-95DCFDDAE3B9:java.util.concurrent.CompletableFuture@638becdb[Not completed]
2022-07-27 13:50:14,836 [pool-379-thread-1] INFO  server.RaftServer$Division (RaftServerImpl.java:<init>(190)) - 68b1a215-e375-44d3-a5cb-74a1c393ca27: new RaftServerImpl for group-95DCFDDAE3B9:[307e1e91-324e-43cf-a54a-5645731ed350|rpc:10.1.0.21:40907|dataStream:|priority:0, e71fbb36-3969-41f7-998b-9a309dacec97|rpc:10.1.0.21:38701|dataStream:|priority:1, 68b1a215-e375-44d3-a5cb-74a1c393ca27|rpc:10.1.0.21:44933|dataStream:|priority:0] with ContainerStateMachine:uninitialized
2022-07-27 13:50:14,836 [pool-379-thread-1] INFO  server.RaftServerConfigKeys (ConfUtils.java:logGet(46)) - raft.server.rpc.timeout.min = 5s (custom)
2022-07-27 13:50:14,836 [pool-379-thread-1] INFO  server.RaftServerConfigKeys (ConfUtils.java:logGet(46)) - raft.server.rpc.timeout.max = 5200ms (custom)
2022-07-27 13:50:14,836 [pool-379-thread-1] INFO  server.RaftServerConfigKeys (ConfUtils.java:logGet(46)) - raft.server.rpc.sleep.time = 25ms (default)
2022-07-27 13:50:14,836 [pool-379-thread-1] INFO  server.RaftServerConfigKeys (ConfUtils.java:logGet(46)) - raft.server.rpc.slowness.timeout = 300s (custom)
2022-07-27 13:50:14,836 [pool-379-thread-1] INFO  server.RaftServerConfigKeys (ConfUtils.java:logGet(46)) - raft.server.leaderelection.leader.step-down.wait-time = 10s (default)
2022-07-27 13:50:14,836 [pool-379-thread-1] INFO  server.RaftServerConfigKeys (ConfUtils.java:logGet(46)) - raft.server.sleep.deviation.threshold = 300ms (default)
2022-07-27 13:50:14,836 [pool-379-thread-1] INFO  server.RaftServer$Division (ServerState.java:<init>(107)) - 68b1a215-e375-44d3-a5cb-74a1c393ca27@group-95DCFDDAE3B9: ConfigurationManager, init=-1: [307e1e91-324e-43cf-a54a-5645731ed350|rpc:10.1.0.21:40907|dataStream:|priority:0, e71fbb36-3969-41f7-998b-9a309dacec97|rpc:10.1.0.21:38701|dataStream:|priority:1, 68b1a215-e375-44d3-a5cb-74a1c393ca27|rpc:10.1.0.21:44933|dataStream:|priority:0], old=null, confs=<EMPTY_MAP>
2022-07-27 13:50:14,836 [pool-379-thread-1] INFO  server.RaftServerConfigKeys (ConfUtils.java:logGet(46)) - raft.server.storage.dir = [/home/runner/work/ozone/ozone/hadoop-ozone/integration-test/target/test-dir/MiniOzoneClusterImpl-29ab875d-7565-45f7-8a7f-94142ec04d49/datanode-2/data/ratis] (custom)
2022-07-27 13:50:14,836 [pool-379-thread-1] INFO  server.RaftServerConfigKeys (ConfUtils.java:logGet(46)) - raft.server.log.corruption.policy = EXCEPTION (default)
2022-07-27 13:50:14,836 [pool-379-thread-1] INFO  server.RaftServerConfigKeys (ConfUtils.java:logGet(46)) - raft.server.storage.free-space.min = 0MB (=0) (default)
2022-07-27 13:50:14,837 [pool-379-thread-1] INFO  storage.RaftStorageDirectory (RaftStorageDirectoryImpl.java:analyzeStorage(135)) - The storage directory /home/runner/work/ozone/ozone/hadoop-ozone/integration-test/target/test-dir/MiniOzoneClusterImpl-29ab875d-7565-45f7-8a7f-94142ec04d49/datanode-2/data/ratis/b143bdf1-9fc2-4af8-a1c4-95dcfddae3b9 does not exist. Creating ...
2022-07-27 13:50:14,847 [pool-379-thread-1] INFO  storage.RaftStorageDirectory (RaftStorageDirectoryImpl.java:tryLock(230)) - Lock on /home/runner/work/ozone/ozone/hadoop-ozone/integration-test/target/test-dir/MiniOzoneClusterImpl-29ab875d-7565-45f7-8a7f-94142ec04d49/datanode-2/data/ratis/b143bdf1-9fc2-4af8-a1c4-95dcfddae3b9/in_use.lock acquired by nodename 11093@fv-az217-261
2022-07-27 13:50:14,856 [pool-379-thread-1] INFO  storage.RaftStorage (RaftStorageImpl.java:format(89)) - Storage directory /home/runner/work/ozone/ozone/hadoop-ozone/integration-test/target/test-dir/MiniOzoneClusterImpl-29ab875d-7565-45f7-8a7f-94142ec04d49/datanode-2/data/ratis/b143bdf1-9fc2-4af8-a1c4-95dcfddae3b9 has been successfully formatted.
2022-07-27 13:50:14,856 [pool-379-thread-1] INFO  ratis.ContainerStateMachine (ContainerStateMachine.java:loadSnapshot(236)) - group-95DCFDDAE3B9: The snapshot info is null. Setting the last applied indexto:(t:0, i:~)
2022-07-27 13:50:14,856 [pool-379-thread-1] INFO  server.RaftServerConfigKeys (ConfUtils.java:logGet(46)) - raft.server.notification.no-leader.timeout = 300s (custom)
2022-07-27 13:50:14,856 [pool-379-thread-1] INFO  server.RaftServerConfigKeys (ConfUtils.java:logGet(46)) - raft.server.log.use.memory = false (default)
2022-07-27 13:50:14,856 [pool-379-thread-1] INFO  server.RaftServerConfigKeys (ConfUtils.java:logGet(46)) - raft.server.log.purge.gap = 1000000 (custom)
2022-07-27 13:50:14,857 [pool-379-thread-1] INFO  server.RaftServerConfigKeys (ConfUtils.java:logGet(46)) - raft.server.log.appender.buffer.byte-limit = 33554432 (custom)
2022-07-27 13:50:14,857 [pool-379-thread-1] INFO  server.RaftServerConfigKeys (ConfUtils.java:logGet(46)) - raft.server.log.statemachine.data.read.timeout = 1000ms (default)
2022-07-27 13:50:14,857 [pool-379-thread-1] INFO  server.RaftServerConfigKeys (ConfUtils.java:logGet(46)) - raft.server.log.segment.size.max = 1048576 (custom)
2022-07-27 13:50:14,857 [pool-379-thread-1] INFO  server.RaftServerConfigKeys (ConfUtils.java:logGet(46)) - raft.server.log.segment.cache.num.max = 2 (custom)
2022-07-27 13:50:14,857 [pool-379-thread-1] INFO  server.RaftServerConfigKeys (ConfUtils.java:logGet(46)) - raft.server.log.segment.cache.size.max = 200MB (=209715200) (default)
2022-07-27 13:50:14,857 [pool-379-thread-1] INFO  segmented.SegmentedRaftLogWorker (SegmentedRaftLogWorker.java:<init>(187)) - new 68b1a215-e375-44d3-a5cb-74a1c393ca27@group-95DCFDDAE3B9-SegmentedRaftLogWorker for RaftStorageImpl:Storage Directory /home/runner/work/ozone/ozone/hadoop-ozone/integration-test/target/test-dir/MiniOzoneClusterImpl-29ab875d-7565-45f7-8a7f-94142ec04d49/datanode-2/data/ratis/b143bdf1-9fc2-4af8-a1c4-95dcfddae3b9
2022-07-27 13:50:14,857 [pool-379-thread-1] INFO  server.RaftServerConfigKeys (ConfUtils.java:logGet(46)) - raft.server.log.queue.byte-limit = 4294967296 (custom)
2022-07-27 13:50:14,857 [pool-379-thread-1] INFO  server.RaftServerConfigKeys (ConfUtils.java:logGet(46)) - raft.server.log.queue.element-limit = 1024 (custom)
2022-07-27 13:50:14,857 [pool-379-thread-1] INFO  server.RaftServerConfigKeys (ConfUtils.java:logGet(46)) - raft.server.log.segment.size.max = 1048576 (custom)
2022-07-27 13:50:14,857 [pool-379-thread-1] INFO  server.RaftServerConfigKeys (ConfUtils.java:logGet(46)) - raft.server.log.preallocated.size = 16384 (custom)
2022-07-27 13:50:14,857 [pool-379-thread-1] INFO  server.RaftServerConfigKeys (ConfUtils.java:logGet(46)) - raft.server.log.force.sync.num = 128 (default)
2022-07-27 13:50:14,858 [pool-379-thread-1] INFO  server.RaftServerConfigKeys (ConfUtils.java:logGet(46)) - raft.server.log.statemachine.data.sync = true (default)
2022-07-27 13:50:14,858 [pool-379-thread-1] INFO  server.RaftServerConfigKeys (ConfUtils.java:logGet(46)) - raft.server.log.statemachine.data.sync.timeout = 10s (default)
2022-07-27 13:50:14,858 [pool-379-thread-1] INFO  server.RaftServerConfigKeys (ConfUtils.java:logGet(46)) - raft.server.log.statemachine.data.sync.timeout.retry = -1 (default)
2022-07-27 13:50:14,858 [pool-379-thread-1] INFO  server.RaftServerConfigKeys (ConfUtils.java:logGet(46)) - raft.server.log.write.buffer.size = 1048576 (custom)
2022-07-27 13:50:14,875 [pool-379-thread-1] INFO  server.RaftServerConfigKeys (ConfUtils.java:logGet(46)) - raft.server.log.unsafe-flush.enabled = false (default)
2022-07-27 13:50:14,875 [pool-379-thread-1] INFO  server.RaftServerConfigKeys (ConfUtils.java:logGet(46)) - raft.server.log.statemachine.data.caching.enabled = true (custom)
2022-07-27 13:50:14,875 [pool-379-thread-1] INFO  segmented.SegmentedRaftLogWorker (SegmentedRaftLogWorker.java:lambda$new$0(135)) - 68b1a215-e375-44d3-a5cb-74a1c393ca27@group-95DCFDDAE3B9-SegmentedRaftLogWorker: flushIndex: setUnconditionally 0 -> -1
2022-07-27 13:50:14,875 [pool-379-thread-1] INFO  segmented.SegmentedRaftLogWorker (SegmentedRaftLogWorker.java:lambda$new$0(135)) - 68b1a215-e375-44d3-a5cb-74a1c393ca27@group-95DCFDDAE3B9-SegmentedRaftLogWorker: safeCacheEvictIndex: setUnconditionally 0 -> -1
2022-07-27 13:50:14,879 [pool-379-thread-1] INFO  server.RaftServerConfigKeys (ConfUtils.java:logGet(46)) - raft.server.snapshot.auto.trigger.enabled = true (custom)
2022-07-27 13:50:14,879 [pool-379-thread-1] INFO  server.RaftServerConfigKeys (ConfUtils.java:logGet(46)) - raft.server.snapshot.auto.trigger.threshold = 10000 (custom)
2022-07-27 13:50:14,879 [pool-379-thread-1] INFO  server.RaftServerConfigKeys (ConfUtils.java:logGet(46)) - raft.server.snapshot.retention.file.num = 5 (custom)
2022-07-27 13:50:14,879 [pool-379-thread-1] INFO  server.RaftServerConfigKeys (ConfUtils.java:logGet(46)) - raft.server.log.purge.upto.snapshot.index = false (default)
2022-07-27 13:50:14,879 [pool-379-thread-1] INFO  server.RaftServerConfigKeys (ConfUtils.java:logGet(46)) - raft.server.retrycache.expirytime = 600000ms (custom)
2022-07-27 13:50:14,879 [pool-379-thread-1] INFO  server.RaftServerConfigKeys (ConfUtils.java:logGet(46)) - raft.server.retrycache.statistics.expirytime = 100μs (default)
2022-07-27 13:50:14,884 [pool-379-thread-1] INFO  server.RaftServerConfigKeys (ConfUtils.java:logGet(46)) - raft.server.log.appender.install.snapshot.enabled = false (custom)
2022-07-27 13:50:14,884 [pool-379-thread-1] INFO  server.RaftServerConfigKeys (ConfUtils.java:logGet(46)) - raft.server.threadpool.server.cached = true (default)
2022-07-27 13:50:14,884 [pool-379-thread-1] INFO  server.RaftServerConfigKeys (ConfUtils.java:logGet(46)) - raft.server.threadpool.server.size = 0 (default)
2022-07-27 13:50:14,884 [pool-379-thread-1] INFO  server.RaftServerConfigKeys (ConfUtils.java:logGet(46)) - raft.server.threadpool.client.cached = true (default)
2022-07-27 13:50:14,884 [pool-379-thread-1] INFO  server.RaftServerConfigKeys (ConfUtils.java:logGet(46)) - raft.server.threadpool.client.size = 0 (default)
2022-07-27 13:50:14,884 [pool-379-thread-1] INFO  server.RaftServer$Division (RaftServerImpl.java:start(310)) - 68b1a215-e375-44d3-a5cb-74a1c393ca27@group-95DCFDDAE3B9: start as a follower, conf=-1: [307e1e91-324e-43cf-a54a-5645731ed350|rpc:10.1.0.21:40907|dataStream:|priority:0, e71fbb36-3969-41f7-998b-9a309dacec97|rpc:10.1.0.21:38701|dataStream:|priority:1, 68b1a215-e375-44d3-a5cb-74a1c393ca27|rpc:10.1.0.21:44933|dataStream:|priority:0], old=null
2022-07-27 13:50:14,884 [pool-379-thread-1] INFO  server.RaftServer$Division (RaftServerImpl.java:setRole(299)) - 68b1a215-e375-44d3-a5cb-74a1c393ca27@group-95DCFDDAE3B9: changes role from      null to FOLLOWER at term 0 for startAsFollower
2022-07-27 13:50:14,884 [pool-379-thread-1] INFO  impl.RoleInfo (RoleInfo.java:updateAndGet(139)) - 68b1a215-e375-44d3-a5cb-74a1c393ca27: start 68b1a215-e375-44d3-a5cb-74a1c393ca27@group-95DCFDDAE3B9-FollowerState
2022-07-27 13:50:14,899 [pool-379-thread-1] INFO  util.JmxRegister (JmxRegister.java:tryRegister(44)) - Successfully registered JMX Bean with object name Ratis:service=RaftServer,group=group-95DCFDDAE3B9,id=68b1a215-e375-44d3-a5cb-74a1c393ca27
2022-07-27 13:50:14,933 [Listener at 127.0.0.1/46277] INFO  ozone.MiniOzoneClusterImpl (MiniOzoneClusterImpl.java:lambda$waitForClusterToBeReady$0(216)) - Waiting for nodes to be ready. Got 4 of 5 DN Heartbeats.
2022-07-27 13:50:14,934 [Listener at 127.0.0.1/46277] INFO  ozone.MiniOzoneClusterImpl (MiniOzoneClusterImpl.java:lambda$waitForClusterToBeReady$0(219)) - Waiting for cluster to exit safe mode
2022-07-27 13:50:14,934 [Listener at 127.0.0.1/46277] INFO  ozone.MiniOzoneClusterImpl (MiniOzoneClusterImpl.java:lambda$waitForClusterToBeReady$0(221)) - SCM became leader
2022-07-27 13:50:14,963 [grpc-default-executor-0] INFO  server.RaftServer (RaftServerProxy.java:addNew(96)) - 307e1e91-324e-43cf-a54a-5645731ed350: addNew group-95DCFDDAE3B9:[307e1e91-324e-43cf-a54a-5645731ed350|rpc:10.1.0.21:40907|dataStream:|priority:0, e71fbb36-3969-41f7-998b-9a309dacec97|rpc:10.1.0.21:38701|dataStream:|priority:1, 68b1a215-e375-44d3-a5cb-74a1c393ca27|rpc:10.1.0.21:44933|dataStream:|priority:0] returns group-95DCFDDAE3B9:java.util.concurrent.CompletableFuture@700b2a8[Not completed]
2022-07-27 13:50:14,984 [pool-356-thread-1] INFO  server.RaftServer$Division (RaftServerImpl.java:<init>(190)) - 307e1e91-324e-43cf-a54a-5645731ed350: new RaftServerImpl for group-95DCFDDAE3B9:[307e1e91-324e-43cf-a54a-5645731ed350|rpc:10.1.0.21:40907|dataStream:|priority:0, e71fbb36-3969-41f7-998b-9a309dacec97|rpc:10.1.0.21:38701|dataStream:|priority:1, 68b1a215-e375-44d3-a5cb-74a1c393ca27|rpc:10.1.0.21:44933|dataStream:|priority:0] with ContainerStateMachine:uninitialized
2022-07-27 13:50:14,984 [pool-356-thread-1] INFO  server.RaftServerConfigKeys (ConfUtils.java:logGet(46)) - raft.server.rpc.timeout.min = 5s (custom)
2022-07-27 13:50:14,984 [pool-356-thread-1] INFO  server.RaftServerConfigKeys (ConfUtils.java:logGet(46)) - raft.server.rpc.timeout.max = 5200ms (custom)
2022-07-27 13:50:14,984 [pool-356-thread-1] INFO  server.RaftServerConfigKeys (ConfUtils.java:logGet(46)) - raft.server.rpc.sleep.time = 25ms (default)
2022-07-27 13:50:14,984 [pool-356-thread-1] INFO  server.RaftServerConfigKeys (ConfUtils.java:logGet(46)) - raft.server.rpc.slowness.timeout = 300s (custom)
2022-07-27 13:50:14,984 [pool-356-thread-1] INFO  server.RaftServerConfigKeys (ConfUtils.java:logGet(46)) - raft.server.leaderelection.leader.step-down.wait-time = 10s (default)
2022-07-27 13:50:14,984 [pool-356-thread-1] INFO  server.RaftServerConfigKeys (ConfUtils.java:logGet(46)) - raft.server.sleep.deviation.threshold = 300ms (default)
2022-07-27 13:50:14,984 [pool-356-thread-1] INFO  server.RaftServer$Division (ServerState.java:<init>(107)) - 307e1e91-324e-43cf-a54a-5645731ed350@group-95DCFDDAE3B9: ConfigurationManager, init=-1: [307e1e91-324e-43cf-a54a-5645731ed350|rpc:10.1.0.21:40907|dataStream:|priority:0, e71fbb36-3969-41f7-998b-9a309dacec97|rpc:10.1.0.21:38701|dataStream:|priority:1, 68b1a215-e375-44d3-a5cb-74a1c393ca27|rpc:10.1.0.21:44933|dataStream:|priority:0], old=null, confs=<EMPTY_MAP>
2022-07-27 13:50:14,984 [pool-356-thread-1] INFO  server.RaftServerConfigKeys (ConfUtils.java:logGet(46)) - raft.server.storage.dir = [/home/runner/work/ozone/ozone/hadoop-ozone/integration-test/target/test-dir/MiniOzoneClusterImpl-29ab875d-7565-45f7-8a7f-94142ec04d49/datanode-1/data/ratis] (custom)
2022-07-27 13:50:14,984 [pool-356-thread-1] INFO  server.RaftServerConfigKeys (ConfUtils.java:logGet(46)) - raft.server.log.corruption.policy = EXCEPTION (default)
2022-07-27 13:50:14,990 [pool-356-thread-1] INFO  server.RaftServerConfigKeys (ConfUtils.java:logGet(46)) - raft.server.storage.free-space.min = 0MB (=0) (default)
2022-07-27 13:50:14,990 [pool-356-thread-1] INFO  storage.RaftStorageDirectory (RaftStorageDirectoryImpl.java:analyzeStorage(135)) - The storage directory /home/runner/work/ozone/ozone/hadoop-ozone/integration-test/target/test-dir/MiniOzoneClusterImpl-29ab875d-7565-45f7-8a7f-94142ec04d49/datanode-1/data/ratis/b143bdf1-9fc2-4af8-a1c4-95dcfddae3b9 does not exist. Creating ...
2022-07-27 13:50:14,999 [pool-356-thread-1] INFO  storage.RaftStorageDirectory (RaftStorageDirectoryImpl.java:tryLock(230)) - Lock on /home/runner/work/ozone/ozone/hadoop-ozone/integration-test/target/test-dir/MiniOzoneClusterImpl-29ab875d-7565-45f7-8a7f-94142ec04d49/datanode-1/data/ratis/b143bdf1-9fc2-4af8-a1c4-95dcfddae3b9/in_use.lock acquired by nodename 11093@fv-az217-261
2022-07-27 13:50:15,000 [pool-356-thread-1] INFO  storage.RaftStorage (RaftStorageImpl.java:format(89)) - Storage directory /home/runner/work/ozone/ozone/hadoop-ozone/integration-test/target/test-dir/MiniOzoneClusterImpl-29ab875d-7565-45f7-8a7f-94142ec04d49/datanode-1/data/ratis/b143bdf1-9fc2-4af8-a1c4-95dcfddae3b9 has been successfully formatted.
2022-07-27 13:50:15,003 [pool-356-thread-1] INFO  ratis.ContainerStateMachine (ContainerStateMachine.java:loadSnapshot(236)) - group-95DCFDDAE3B9: The snapshot info is null. Setting the last applied indexto:(t:0, i:~)
2022-07-27 13:50:15,003 [pool-356-thread-1] INFO  server.RaftServerConfigKeys (ConfUtils.java:logGet(46)) - raft.server.notification.no-leader.timeout = 300s (custom)
2022-07-27 13:50:15,003 [pool-356-thread-1] INFO  server.RaftServerConfigKeys (ConfUtils.java:logGet(46)) - raft.server.log.use.memory = false (default)
2022-07-27 13:50:15,003 [pool-356-thread-1] INFO  server.RaftServerConfigKeys (ConfUtils.java:logGet(46)) - raft.server.log.purge.gap = 1000000 (custom)
2022-07-27 13:50:15,003 [pool-356-thread-1] INFO  server.RaftServerConfigKeys (ConfUtils.java:logGet(46)) - raft.server.log.appender.buffer.byte-limit = 33554432 (custom)
2022-07-27 13:50:15,003 [pool-356-thread-1] INFO  server.RaftServerConfigKeys (ConfUtils.java:logGet(46)) - raft.server.log.statemachine.data.read.timeout = 1000ms (default)
2022-07-27 13:50:15,004 [pool-356-thread-1] INFO  server.RaftServerConfigKeys (ConfUtils.java:logGet(46)) - raft.server.log.segment.size.max = 1048576 (custom)
2022-07-27 13:50:15,004 [pool-356-thread-1] INFO  server.RaftServerConfigKeys (ConfUtils.java:logGet(46)) - raft.server.log.segment.cache.num.max = 2 (custom)
2022-07-27 13:50:15,004 [pool-356-thread-1] INFO  server.RaftServerConfigKeys (ConfUtils.java:logGet(46)) - raft.server.log.segment.cache.size.max = 200MB (=209715200) (default)
2022-07-27 13:50:15,004 [pool-356-thread-1] INFO  segmented.SegmentedRaftLogWorker (SegmentedRaftLogWorker.java:<init>(187)) - new 307e1e91-324e-43cf-a54a-5645731ed350@group-95DCFDDAE3B9-SegmentedRaftLogWorker for RaftStorageImpl:Storage Directory /home/runner/work/ozone/ozone/hadoop-ozone/integration-test/target/test-dir/MiniOzoneClusterImpl-29ab875d-7565-45f7-8a7f-94142ec04d49/datanode-1/data/ratis/b143bdf1-9fc2-4af8-a1c4-95dcfddae3b9
2022-07-27 13:50:15,004 [pool-356-thread-1] INFO  server.RaftServerConfigKeys (ConfUtils.java:logGet(46)) - raft.server.log.queue.byte-limit = 4294967296 (custom)
2022-07-27 13:50:15,004 [pool-356-thread-1] INFO  server.RaftServerConfigKeys (ConfUtils.java:logGet(46)) - raft.server.log.queue.element-limit = 1024 (custom)
2022-07-27 13:50:15,004 [pool-356-thread-1] INFO  server.RaftServerConfigKeys (ConfUtils.java:logGet(46)) - raft.server.log.segment.size.max = 1048576 (custom)
2022-07-27 13:50:15,004 [pool-356-thread-1] INFO  server.RaftServerConfigKeys (ConfUtils.java:logGet(46)) - raft.server.log.preallocated.size = 16384 (custom)
2022-07-27 13:50:15,004 [pool-356-thread-1] INFO  server.RaftServerConfigKeys (ConfUtils.java:logGet(46)) - raft.server.log.force.sync.num = 128 (default)
2022-07-27 13:50:15,004 [pool-356-thread-1] INFO  server.RaftServerConfigKeys (ConfUtils.java:logGet(46)) - raft.server.log.statemachine.data.sync = true (default)
2022-07-27 13:50:15,004 [pool-356-thread-1] INFO  server.RaftServerConfigKeys (ConfUtils.java:logGet(46)) - raft.server.log.statemachine.data.sync.timeout = 10s (default)
2022-07-27 13:50:15,004 [pool-356-thread-1] INFO  server.RaftServerConfigKeys (ConfUtils.java:logGet(46)) - raft.server.log.statemachine.data.sync.timeout.retry = -1 (default)
2022-07-27 13:50:15,005 [pool-356-thread-1] INFO  server.RaftServerConfigKeys (ConfUtils.java:logGet(46)) - raft.server.log.write.buffer.size = 1048576 (custom)
2022-07-27 13:50:15,006 [pool-356-thread-1] INFO  server.RaftServerConfigKeys (ConfUtils.java:logGet(46)) - raft.server.log.unsafe-flush.enabled = false (default)
2022-07-27 13:50:15,006 [pool-356-thread-1] INFO  server.RaftServerConfigKeys (ConfUtils.java:logGet(46)) - raft.server.log.statemachine.data.caching.enabled = true (custom)
2022-07-27 13:50:15,006 [pool-356-thread-1] INFO  segmented.SegmentedRaftLogWorker (SegmentedRaftLogWorker.java:lambda$new$0(135)) - 307e1e91-324e-43cf-a54a-5645731ed350@group-95DCFDDAE3B9-SegmentedRaftLogWorker: flushIndex: setUnconditionally 0 -> -1
2022-07-27 13:50:15,006 [pool-356-thread-1] INFO  segmented.SegmentedRaftLogWorker (SegmentedRaftLogWorker.java:lambda$new$0(135)) - 307e1e91-324e-43cf-a54a-5645731ed350@group-95DCFDDAE3B9-SegmentedRaftLogWorker: safeCacheEvictIndex: setUnconditionally 0 -> -1
2022-07-27 13:50:15,013 [pool-356-thread-1] INFO  server.RaftServerConfigKeys (ConfUtils.java:logGet(46)) - raft.server.snapshot.auto.trigger.enabled = true (custom)
2022-07-27 13:50:15,013 [pool-356-thread-1] INFO  server.RaftServerConfigKeys (ConfUtils.java:logGet(46)) - raft.server.snapshot.auto.trigger.threshold = 10000 (custom)
2022-07-27 13:50:15,013 [pool-356-thread-1] INFO  server.RaftServerConfigKeys (ConfUtils.java:logGet(46)) - raft.server.snapshot.retention.file.num = 5 (custom)
2022-07-27 13:50:15,013 [pool-356-thread-1] INFO  server.RaftServerConfigKeys (ConfUtils.java:logGet(46)) - raft.server.log.purge.upto.snapshot.index = false (default)
2022-07-27 13:50:15,013 [pool-356-thread-1] INFO  server.RaftServerConfigKeys (ConfUtils.java:logGet(46)) - raft.server.retrycache.expirytime = 600000ms (custom)
2022-07-27 13:50:15,013 [pool-356-thread-1] INFO  server.RaftServerConfigKeys (ConfUtils.java:logGet(46)) - raft.server.retrycache.statistics.expirytime = 100μs (default)
2022-07-27 13:50:15,014 [pool-356-thread-1] INFO  server.RaftServerConfigKeys (ConfUtils.java:logGet(46)) - raft.server.log.appender.install.snapshot.enabled = false (custom)
2022-07-27 13:50:15,014 [pool-356-thread-1] INFO  server.RaftServerConfigKeys (ConfUtils.java:logGet(46)) - raft.server.threadpool.server.cached = true (default)
2022-07-27 13:50:15,014 [pool-356-thread-1] INFO  server.RaftServerConfigKeys (ConfUtils.java:logGet(46)) - raft.server.threadpool.server.size = 0 (default)
2022-07-27 13:50:15,014 [pool-356-thread-1] INFO  server.RaftServerConfigKeys (ConfUtils.java:logGet(46)) - raft.server.threadpool.client.cached = true (default)
2022-07-27 13:50:15,014 [pool-356-thread-1] INFO  server.RaftServerConfigKeys (ConfUtils.java:logGet(46)) - raft.server.threadpool.client.size = 0 (default)
2022-07-27 13:50:15,014 [pool-356-thread-1] INFO  server.RaftServer$Division (RaftServerImpl.java:start(310)) - 307e1e91-324e-43cf-a54a-5645731ed350@group-95DCFDDAE3B9: start as a follower, conf=-1: [307e1e91-324e-43cf-a54a-5645731ed350|rpc:10.1.0.21:40907|dataStream:|priority:0, e71fbb36-3969-41f7-998b-9a309dacec97|rpc:10.1.0.21:38701|dataStream:|priority:1, 68b1a215-e375-44d3-a5cb-74a1c393ca27|rpc:10.1.0.21:44933|dataStream:|priority:0], old=null
2022-07-27 13:50:15,014 [pool-356-thread-1] INFO  server.RaftServer$Division (RaftServerImpl.java:setRole(299)) - 307e1e91-324e-43cf-a54a-5645731ed350@group-95DCFDDAE3B9: changes role from      null to FOLLOWER at term 0 for startAsFollower
2022-07-27 13:50:15,014 [pool-356-thread-1] INFO  impl.RoleInfo (RoleInfo.java:updateAndGet(139)) - 307e1e91-324e-43cf-a54a-5645731ed350: start 307e1e91-324e-43cf-a54a-5645731ed350@group-95DCFDDAE3B9-FollowerState
2022-07-27 13:50:15,015 [pool-356-thread-1] INFO  util.JmxRegister (JmxRegister.java:tryRegister(44)) - Successfully registered JMX Bean with object name Ratis:service=RaftServer,group=group-95DCFDDAE3B9,id=307e1e91-324e-43cf-a54a-5645731ed350
2022-07-27 13:50:15,032 [IPC Server handler 6 on default port 40839] INFO  net.NetworkTopologyImpl (NetworkTopologyImpl.java:add(112)) - Added a new node: /default-rack/b1f21995-8a75-4aec-821c-59eaee93e6a8
2022-07-27 13:50:15,032 [IPC Server handler 6 on default port 40839] INFO  node.SCMNodeManager (SCMNodeManager.java:register(397)) - Registered Data node : b1f21995-8a75-4aec-821c-59eaee93e6a8{ip: 10.1.0.21, host: fv-az217-261.5fhmivlnczbevhjmk01nzrxweh.bx.internal.cloudapp.net, ports: [REPLICATION=41787, RATIS=35633, RATIS_ADMIN=35633, RATIS_SERVER=35633, STANDALONE=34949], networkLocation: /default-rack, certSerialId: null, persistedOpState: null, persistedOpStateExpiryEpochSec: 0}
2022-07-27 13:50:15,033 [EventQueue-NewNodeForNewNodeHandler] INFO  pipeline.BackgroundPipelineCreator (BackgroundPipelineCreator.java:notifyEventTriggered(276)) - trigger a one-shot run on RatisPipelineUtilsThread.
2022-07-27 13:50:15,034 [RatisPipelineUtilsThread - 0] INFO  pipeline.RatisPipelineProvider (RatisPipelineProvider.java:lambda$create$0(195)) - Sending CreatePipelineCommand for pipeline:PipelineID=b2c22f31-85a5-4678-8022-8b1bc287c88a to datanode:b1f21995-8a75-4aec-821c-59eaee93e6a8
2022-07-27 13:50:15,035 [RatisPipelineUtilsThread - 0] INFO  pipeline.PipelineStateManagerImpl (PipelineStateManagerImpl.java:addPipeline(103)) - Created pipeline Pipeline[ Id: b2c22f31-85a5-4678-8022-8b1bc287c88a, Nodes: b1f21995-8a75-4aec-821c-59eaee93e6a8{ip: 10.1.0.21, host: fv-az217-261.5fhmivlnczbevhjmk01nzrxweh.bx.internal.cloudapp.net, ports: [REPLICATION=41787, RATIS=35633, RATIS_ADMIN=35633, RATIS_SERVER=35633, STANDALONE=34949], networkLocation: /default-rack, certSerialId: null, persistedOpState: IN_SERVICE, persistedOpStateExpiryEpochSec: 0}, ReplicationConfig: RATIS/ONE, State:ALLOCATED, leaderId:, CreationTimestamp2022-07-27T13:50:15.034Z[Etc/UTC]].
2022-07-27 13:50:15,048 [Command processor thread] INFO  commandhandler.CreatePipelineCommandHandler (CreatePipelineCommandHandler.java:handle(113)) - Created Pipeline RATIS THREE PipelineID=b143bdf1-9fc2-4af8-a1c4-95dcfddae3b9.
2022-07-27 13:50:15,048 [Command processor thread] INFO  server.RaftServer (RaftServerProxy.java:addNew(96)) - e71fbb36-3969-41f7-998b-9a309dacec97: addNew group-475CD9ECF321:[307e1e91-324e-43cf-a54a-5645731ed350|rpc:10.1.0.21:40907|priority:0, e71fbb36-3969-41f7-998b-9a309dacec97|rpc:10.1.0.21:38701|priority:0, 68b1a215-e375-44d3-a5cb-74a1c393ca27|rpc:10.1.0.21:44933|priority:1] returns group-475CD9ECF321:java.util.concurrent.CompletableFuture@3b619318[Not completed]
2022-07-27 13:50:15,049 [pool-333-thread-1] INFO  server.RaftServer$Division (RaftServerImpl.java:<init>(190)) - e71fbb36-3969-41f7-998b-9a309dacec97: new RaftServerImpl for group-475CD9ECF321:[307e1e91-324e-43cf-a54a-5645731ed350|rpc:10.1.0.21:40907|priority:0, e71fbb36-3969-41f7-998b-9a309dacec97|rpc:10.1.0.21:38701|priority:0, 68b1a215-e375-44d3-a5cb-74a1c393ca27|rpc:10.1.0.21:44933|priority:1] with ContainerStateMachine:uninitialized
2022-07-27 13:50:15,049 [pool-333-thread-1] INFO  server.RaftServerConfigKeys (ConfUtils.java:logGet(46)) - raft.server.rpc.timeout.min = 5s (custom)
2022-07-27 13:50:15,049 [pool-333-thread-1] INFO  server.RaftServerConfigKeys (ConfUtils.java:logGet(46)) - raft.server.rpc.timeout.max = 5200ms (custom)
2022-07-27 13:50:15,049 [pool-333-thread-1] INFO  server.RaftServerConfigKeys (ConfUtils.java:logGet(46)) - raft.server.rpc.sleep.time = 25ms (default)
2022-07-27 13:50:15,049 [pool-333-thread-1] INFO  server.RaftServerConfigKeys (ConfUtils.java:logGet(46)) - raft.server.rpc.slowness.timeout = 300s (custom)
2022-07-27 13:50:15,049 [pool-333-thread-1] INFO  server.RaftServerConfigKeys (ConfUtils.java:logGet(46)) - raft.server.leaderelection.leader.step-down.wait-time = 10s (default)
2022-07-27 13:50:15,049 [pool-333-thread-1] INFO  server.RaftServerConfigKeys (ConfUtils.java:logGet(46)) - raft.server.sleep.deviation.threshold = 300ms (default)
2022-07-27 13:50:15,049 [pool-333-thread-1] INFO  server.RaftServer$Division (ServerState.java:<init>(107)) - e71fbb36-3969-41f7-998b-9a309dacec97@group-475CD9ECF321: ConfigurationManager, init=-1: [307e1e91-324e-43cf-a54a-5645731ed350|rpc:10.1.0.21:40907|priority:0, e71fbb36-3969-41f7-998b-9a309dacec97|rpc:10.1.0.21:38701|priority:0, 68b1a215-e375-44d3-a5cb-74a1c393ca27|rpc:10.1.0.21:44933|priority:1], old=null, confs=<EMPTY_MAP>
2022-07-27 13:50:15,049 [pool-333-thread-1] INFO  server.RaftServerConfigKeys (ConfUtils.java:logGet(46)) - raft.server.storage.dir = [/home/runner/work/ozone/ozone/hadoop-ozone/integration-test/target/test-dir/MiniOzoneClusterImpl-29ab875d-7565-45f7-8a7f-94142ec04d49/datanode-0/data/ratis] (custom)
2022-07-27 13:50:15,049 [pool-333-thread-1] INFO  server.RaftServerConfigKeys (ConfUtils.java:logGet(46)) - raft.server.log.corruption.policy = EXCEPTION (default)
2022-07-27 13:50:15,049 [pool-333-thread-1] INFO  server.RaftServerConfigKeys (ConfUtils.java:logGet(46)) - raft.server.storage.free-space.min = 0MB (=0) (default)
2022-07-27 13:50:15,049 [pool-333-thread-1] INFO  storage.RaftStorageDirectory (RaftStorageDirectoryImpl.java:analyzeStorage(135)) - The storage directory /home/runner/work/ozone/ozone/hadoop-ozone/integration-test/target/test-dir/MiniOzoneClusterImpl-29ab875d-7565-45f7-8a7f-94142ec04d49/datanode-0/data/ratis/f9d8f533-7712-46a2-b154-475cd9ecf321 does not exist. Creating ...
2022-07-27 13:50:15,052 [pool-333-thread-1] INFO  storage.RaftStorageDirectory (RaftStorageDirectoryImpl.java:tryLock(230)) - Lock on /home/runner/work/ozone/ozone/hadoop-ozone/integration-test/target/test-dir/MiniOzoneClusterImpl-29ab875d-7565-45f7-8a7f-94142ec04d49/datanode-0/data/ratis/f9d8f533-7712-46a2-b154-475cd9ecf321/in_use.lock acquired by nodename 11093@fv-az217-261
2022-07-27 13:50:15,054 [pool-333-thread-1] INFO  storage.RaftStorage (RaftStorageImpl.java:format(89)) - Storage directory /home/runner/work/ozone/ozone/hadoop-ozone/integration-test/target/test-dir/MiniOzoneClusterImpl-29ab875d-7565-45f7-8a7f-94142ec04d49/datanode-0/data/ratis/f9d8f533-7712-46a2-b154-475cd9ecf321 has been successfully formatted.
2022-07-27 13:50:15,054 [pool-333-thread-1] INFO  ratis.ContainerStateMachine (ContainerStateMachine.java:loadSnapshot(236)) - group-475CD9ECF321: The snapshot info is null. Setting the last applied indexto:(t:0, i:~)
2022-07-27 13:50:15,055 [EventQueue-OpenPipelineForHealthyPipelineSafeModeRule] INFO  safemode.SCMSafeModeManager (HealthyPipelineSafeModeRule.java:process(137)) - SCM in safe mode. Healthy pipelines reported count is 0, required healthy pipeline reported count is 1
2022-07-27 13:50:15,055 [pool-333-thread-1] INFO  server.RaftServerConfigKeys (ConfUtils.java:logGet(46)) - raft.server.notification.no-leader.timeout = 300s (custom)
2022-07-27 13:50:15,055 [pool-333-thread-1] INFO  server.RaftServerConfigKeys (ConfUtils.java:logGet(46)) - raft.server.log.use.memory = false (default)
2022-07-27 13:50:15,055 [pool-333-thread-1] INFO  server.RaftServerConfigKeys (ConfUtils.java:logGet(46)) - raft.server.log.purge.gap = 1000000 (custom)
2022-07-27 13:50:15,055 [pool-333-thread-1] INFO  server.RaftServerConfigKeys (ConfUtils.java:logGet(46)) - raft.server.log.appender.buffer.byte-limit = 33554432 (custom)
2022-07-27 13:50:15,055 [pool-333-thread-1] INFO  server.RaftServerConfigKeys (ConfUtils.java:logGet(46)) - raft.server.log.statemachine.data.read.timeout = 1000ms (default)
2022-07-27 13:50:15,056 [pool-333-thread-1] INFO  server.RaftServerConfigKeys (ConfUtils.java:logGet(46)) - raft.server.log.segment.size.max = 1048576 (custom)
2022-07-27 13:50:15,056 [pool-333-thread-1] INFO  server.RaftServerConfigKeys (ConfUtils.java:logGet(46)) - raft.server.log.segment.cache.num.max = 2 (custom)
2022-07-27 13:50:15,056 [pool-333-thread-1] INFO  server.RaftServerConfigKeys (ConfUtils.java:logGet(46)) - raft.server.log.segment.cache.size.max = 200MB (=209715200) (default)
2022-07-27 13:50:15,056 [pool-333-thread-1] INFO  segmented.SegmentedRaftLogWorker (SegmentedRaftLogWorker.java:<init>(187)) - new e71fbb36-3969-41f7-998b-9a309dacec97@group-475CD9ECF321-SegmentedRaftLogWorker for RaftStorageImpl:Storage Directory /home/runner/work/ozone/ozone/hadoop-ozone/integration-test/target/test-dir/MiniOzoneClusterImpl-29ab875d-7565-45f7-8a7f-94142ec04d49/datanode-0/data/ratis/f9d8f533-7712-46a2-b154-475cd9ecf321
2022-07-27 13:50:15,056 [pool-333-thread-1] INFO  server.RaftServerConfigKeys (ConfUtils.java:logGet(46)) - raft.server.log.queue.byte-limit = 4294967296 (custom)
2022-07-27 13:50:15,056 [pool-333-thread-1] INFO  server.RaftServerConfigKeys (ConfUtils.java:logGet(46)) - raft.server.log.queue.element-limit = 1024 (custom)
2022-07-27 13:50:15,056 [pool-333-thread-1] INFO  server.RaftServerConfigKeys (ConfUtils.java:logGet(46)) - raft.server.log.segment.size.max = 1048576 (custom)
2022-07-27 13:50:15,056 [pool-333-thread-1] INFO  server.RaftServerConfigKeys (ConfUtils.java:logGet(46)) - raft.server.log.preallocated.size = 16384 (custom)
2022-07-27 13:50:15,056 [pool-333-thread-1] INFO  server.RaftServerConfigKeys (ConfUtils.java:logGet(46)) - raft.server.log.force.sync.num = 128 (default)
2022-07-27 13:50:15,056 [pool-333-thread-1] INFO  server.RaftServerConfigKeys (ConfUtils.java:logGet(46)) - raft.server.log.statemachine.data.sync = true (default)
2022-07-27 13:50:15,058 [pool-333-thread-1] INFO  server.RaftServerConfigKeys (ConfUtils.java:logGet(46)) - raft.server.log.statemachine.data.sync.timeout = 10s (default)
2022-07-27 13:50:15,058 [pool-333-thread-1] INFO  server.RaftServerConfigKeys (ConfUtils.java:logGet(46)) - raft.server.log.statemachine.data.sync.timeout.retry = -1 (default)
2022-07-27 13:50:15,059 [pool-333-thread-1] INFO  server.RaftServerConfigKeys (ConfUtils.java:logGet(46)) - raft.server.log.write.buffer.size = 1048576 (custom)
2022-07-27 13:50:15,060 [pool-333-thread-1] INFO  server.RaftServerConfigKeys (ConfUtils.java:logGet(46)) - raft.server.log.unsafe-flush.enabled = false (default)
2022-07-27 13:50:15,060 [pool-333-thread-1] INFO  server.RaftServerConfigKeys (ConfUtils.java:logGet(46)) - raft.server.log.statemachine.data.caching.enabled = true (custom)
2022-07-27 13:50:15,060 [pool-333-thread-1] INFO  segmented.SegmentedRaftLogWorker (SegmentedRaftLogWorker.java:lambda$new$0(135)) - e71fbb36-3969-41f7-998b-9a309dacec97@group-475CD9ECF321-SegmentedRaftLogWorker: flushIndex: setUnconditionally 0 -> -1
2022-07-27 13:50:15,060 [pool-333-thread-1] INFO  segmented.SegmentedRaftLogWorker (SegmentedRaftLogWorker.java:lambda$new$0(135)) - e71fbb36-3969-41f7-998b-9a309dacec97@group-475CD9ECF321-SegmentedRaftLogWorker: safeCacheEvictIndex: setUnconditionally 0 -> -1
2022-07-27 13:50:15,072 [pool-333-thread-1] INFO  server.RaftServerConfigKeys (ConfUtils.java:logGet(46)) - raft.server.snapshot.auto.trigger.enabled = true (custom)
2022-07-27 13:50:15,072 [pool-333-thread-1] INFO  server.RaftServerConfigKeys (ConfUtils.java:logGet(46)) - raft.server.snapshot.auto.trigger.threshold = 10000 (custom)
2022-07-27 13:50:15,072 [pool-333-thread-1] INFO  server.RaftServerConfigKeys (ConfUtils.java:logGet(46)) - raft.server.snapshot.retention.file.num = 5 (custom)
2022-07-27 13:50:15,072 [pool-333-thread-1] INFO  server.RaftServerConfigKeys (ConfUtils.java:logGet(46)) - raft.server.log.purge.upto.snapshot.index = false (default)
2022-07-27 13:50:15,072 [pool-333-thread-1] INFO  server.RaftServerConfigKeys (ConfUtils.java:logGet(46)) - raft.server.retrycache.expirytime = 600000ms (custom)
2022-07-27 13:50:15,072 [pool-333-thread-1] INFO  server.RaftServerConfigKeys (ConfUtils.java:logGet(46)) - raft.server.retrycache.statistics.expirytime = 100μs (default)
2022-07-27 13:50:15,073 [pool-333-thread-1] INFO  server.RaftServerConfigKeys (ConfUtils.java:logGet(46)) - raft.server.log.appender.install.snapshot.enabled = false (custom)
2022-07-27 13:50:15,073 [pool-333-thread-1] INFO  server.RaftServerConfigKeys (ConfUtils.java:logGet(46)) - raft.server.threadpool.server.cached = true (default)
2022-07-27 13:50:15,073 [pool-333-thread-1] INFO  server.RaftServerConfigKeys (ConfUtils.java:logGet(46)) - raft.server.threadpool.server.size = 0 (default)
2022-07-27 13:50:15,073 [pool-333-thread-1] INFO  server.RaftServerConfigKeys (ConfUtils.java:logGet(46)) - raft.server.threadpool.client.cached = true (default)
2022-07-27 13:50:15,073 [pool-333-thread-1] INFO  server.RaftServerConfigKeys (ConfUtils.java:logGet(46)) - raft.server.threadpool.client.size = 0 (default)
2022-07-27 13:50:15,073 [pool-333-thread-1] INFO  server.RaftServer$Division (RaftServerImpl.java:start(310)) - e71fbb36-3969-41f7-998b-9a309dacec97@group-475CD9ECF321: start as a follower, conf=-1: [307e1e91-324e-43cf-a54a-5645731ed350|rpc:10.1.0.21:40907|priority:0, e71fbb36-3969-41f7-998b-9a309dacec97|rpc:10.1.0.21:38701|priority:0, 68b1a215-e375-44d3-a5cb-74a1c393ca27|rpc:10.1.0.21:44933|priority:1], old=null
2022-07-27 13:50:15,073 [pool-333-thread-1] INFO  server.RaftServer$Division (RaftServerImpl.java:setRole(299)) - e71fbb36-3969-41f7-998b-9a309dacec97@group-475CD9ECF321: changes role from      null to FOLLOWER at term 0 for startAsFollower
2022-07-27 13:50:15,073 [pool-333-thread-1] INFO  impl.RoleInfo (RoleInfo.java:updateAndGet(139)) - e71fbb36-3969-41f7-998b-9a309dacec97: start e71fbb36-3969-41f7-998b-9a309dacec97@group-475CD9ECF321-FollowerState
2022-07-27 13:50:15,091 [pool-333-thread-1] INFO  util.JmxRegister (JmxRegister.java:tryRegister(44)) - Successfully registered JMX Bean with object name Ratis:service=RaftServer,group=group-475CD9ECF321,id=e71fbb36-3969-41f7-998b-9a309dacec97
2022-07-27 13:50:15,099 [Command processor thread] INFO  ratis.XceiverServerRatis (XceiverServerRatis.java:addGroup(765)) - Created group PipelineID=f9d8f533-7712-46a2-b154-475cd9ecf321
2022-07-27 13:50:15,118 [grpc-default-executor-0] INFO  server.RaftServer (RaftServerProxy.java:addNew(96)) - 307e1e91-324e-43cf-a54a-5645731ed350: addNew group-475CD9ECF321:[307e1e91-324e-43cf-a54a-5645731ed350|rpc:10.1.0.21:40907|dataStream:|priority:0, e71fbb36-3969-41f7-998b-9a309dacec97|rpc:10.1.0.21:38701|dataStream:|priority:0, 68b1a215-e375-44d3-a5cb-74a1c393ca27|rpc:10.1.0.21:44933|dataStream:|priority:1] returns group-475CD9ECF321:java.util.concurrent.CompletableFuture@5faf629e[Not completed]
2022-07-27 13:50:15,121 [pool-356-thread-1] INFO  server.RaftServer$Division (RaftServerImpl.java:<init>(190)) - 307e1e91-324e-43cf-a54a-5645731ed350: new RaftServerImpl for group-475CD9ECF321:[307e1e91-324e-43cf-a54a-5645731ed350|rpc:10.1.0.21:40907|dataStream:|priority:0, e71fbb36-3969-41f7-998b-9a309dacec97|rpc:10.1.0.21:38701|dataStream:|priority:0, 68b1a215-e375-44d3-a5cb-74a1c393ca27|rpc:10.1.0.21:44933|dataStream:|priority:1] with ContainerStateMachine:uninitialized
2022-07-27 13:50:15,121 [pool-356-thread-1] INFO  server.RaftServerConfigKeys (ConfUtils.java:logGet(46)) - raft.server.rpc.timeout.min = 5s (custom)
2022-07-27 13:50:15,121 [pool-356-thread-1] INFO  server.RaftServerConfigKeys (ConfUtils.java:logGet(46)) - raft.server.rpc.timeout.max = 5200ms (custom)
2022-07-27 13:50:15,121 [pool-356-thread-1] INFO  server.RaftServerConfigKeys (ConfUtils.java:logGet(46)) - raft.server.rpc.sleep.time = 25ms (default)
2022-07-27 13:50:15,121 [pool-356-thread-1] INFO  server.RaftServerConfigKeys (ConfUtils.java:logGet(46)) - raft.server.rpc.slowness.timeout = 300s (custom)
2022-07-27 13:50:15,121 [pool-356-thread-1] INFO  server.RaftServerConfigKeys (ConfUtils.java:logGet(46)) - raft.server.leaderelection.leader.step-down.wait-time = 10s (default)
2022-07-27 13:50:15,121 [pool-356-thread-1] INFO  server.RaftServerConfigKeys (ConfUtils.java:logGet(46)) - raft.server.sleep.deviation.threshold = 300ms (default)
2022-07-27 13:50:15,121 [pool-356-thread-1] INFO  server.RaftServer$Division (ServerState.java:<init>(107)) - 307e1e91-324e-43cf-a54a-5645731ed350@group-475CD9ECF321: ConfigurationManager, init=-1: [307e1e91-324e-43cf-a54a-5645731ed350|rpc:10.1.0.21:40907|dataStream:|priority:0, e71fbb36-3969-41f7-998b-9a309dacec97|rpc:10.1.0.21:38701|dataStream:|priority:0, 68b1a215-e375-44d3-a5cb-74a1c393ca27|rpc:10.1.0.21:44933|dataStream:|priority:1], old=null, confs=<EMPTY_MAP>
2022-07-27 13:50:15,121 [pool-356-thread-1] INFO  server.RaftServerConfigKeys (ConfUtils.java:logGet(46)) - raft.server.storage.dir = [/home/runner/work/ozone/ozone/hadoop-ozone/integration-test/target/test-dir/MiniOzoneClusterImpl-29ab875d-7565-45f7-8a7f-94142ec04d49/datanode-1/data/ratis] (custom)
2022-07-27 13:50:15,121 [pool-356-thread-1] INFO  server.RaftServerConfigKeys (ConfUtils.java:logGet(46)) - raft.server.log.corruption.policy = EXCEPTION (default)
2022-07-27 13:50:15,121 [pool-356-thread-1] INFO  server.RaftServerConfigKeys (ConfUtils.java:logGet(46)) - raft.server.storage.free-space.min = 0MB (=0) (default)
2022-07-27 13:50:15,121 [pool-356-thread-1] INFO  storage.RaftStorageDirectory (RaftStorageDirectoryImpl.java:analyzeStorage(135)) - The storage directory /home/runner/work/ozone/ozone/hadoop-ozone/integration-test/target/test-dir/MiniOzoneClusterImpl-29ab875d-7565-45f7-8a7f-94142ec04d49/datanode-1/data/ratis/f9d8f533-7712-46a2-b154-475cd9ecf321 does not exist. Creating ...
2022-07-27 13:50:15,123 [pool-356-thread-1] INFO  storage.RaftStorageDirectory (RaftStorageDirectoryImpl.java:tryLock(230)) - Lock on /home/runner/work/ozone/ozone/hadoop-ozone/integration-test/target/test-dir/MiniOzoneClusterImpl-29ab875d-7565-45f7-8a7f-94142ec04d49/datanode-1/data/ratis/f9d8f533-7712-46a2-b154-475cd9ecf321/in_use.lock acquired by nodename 11093@fv-az217-261
2022-07-27 13:50:15,128 [pool-356-thread-1] INFO  storage.RaftStorage (RaftStorageImpl.java:format(89)) - Storage directory /home/runner/work/ozone/ozone/hadoop-ozone/integration-test/target/test-dir/MiniOzoneClusterImpl-29ab875d-7565-45f7-8a7f-94142ec04d49/datanode-1/data/ratis/f9d8f533-7712-46a2-b154-475cd9ecf321 has been successfully formatted.
2022-07-27 13:50:15,128 [pool-356-thread-1] INFO  ratis.ContainerStateMachine (ContainerStateMachine.java:loadSnapshot(236)) - group-475CD9ECF321: The snapshot info is null. Setting the last applied indexto:(t:0, i:~)
2022-07-27 13:50:15,128 [pool-356-thread-1] INFO  server.RaftServerConfigKeys (ConfUtils.java:logGet(46)) - raft.server.notification.no-leader.timeout = 300s (custom)
2022-07-27 13:50:15,128 [pool-356-thread-1] INFO  server.RaftServerConfigKeys (ConfUtils.java:logGet(46)) - raft.server.log.use.memory = false (default)
2022-07-27 13:50:15,128 [pool-356-thread-1] INFO  server.RaftServerConfigKeys (ConfUtils.java:logGet(46)) - raft.server.log.purge.gap = 1000000 (custom)
2022-07-27 13:50:15,128 [pool-356-thread-1] INFO  server.RaftServerConfigKeys (ConfUtils.java:logGet(46)) - raft.server.log.appender.buffer.byte-limit = 33554432 (custom)
2022-07-27 13:50:15,128 [pool-356-thread-1] INFO  server.RaftServerConfigKeys (ConfUtils.java:logGet(46)) - raft.server.log.statemachine.data.read.timeout = 1000ms (default)
2022-07-27 13:50:15,128 [pool-356-thread-1] INFO  server.RaftServerConfigKeys (ConfUtils.java:logGet(46)) - raft.server.log.segment.size.max = 1048576 (custom)
2022-07-27 13:50:15,129 [pool-356-thread-1] INFO  server.RaftServerConfigKeys (ConfUtils.java:logGet(46)) - raft.server.log.segment.cache.num.max = 2 (custom)
2022-07-27 13:50:15,129 [pool-356-thread-1] INFO  server.RaftServerConfigKeys (ConfUtils.java:logGet(46)) - raft.server.log.segment.cache.size.max = 200MB (=209715200) (default)
2022-07-27 13:50:15,129 [pool-356-thread-1] INFO  segmented.SegmentedRaftLogWorker (SegmentedRaftLogWorker.java:<init>(187)) - new 307e1e91-324e-43cf-a54a-5645731ed350@group-475CD9ECF321-SegmentedRaftLogWorker for RaftStorageImpl:Storage Directory /home/runner/work/ozone/ozone/hadoop-ozone/integration-test/target/test-dir/MiniOzoneClusterImpl-29ab875d-7565-45f7-8a7f-94142ec04d49/datanode-1/data/ratis/f9d8f533-7712-46a2-b154-475cd9ecf321
2022-07-27 13:50:15,129 [pool-356-thread-1] INFO  server.RaftServerConfigKeys (ConfUtils.java:logGet(46)) - raft.server.log.queue.byte-limit = 4294967296 (custom)
2022-07-27 13:50:15,129 [pool-356-thread-1] INFO  server.RaftServerConfigKeys (ConfUtils.java:logGet(46)) - raft.server.log.queue.element-limit = 1024 (custom)
2022-07-27 13:50:15,129 [pool-356-thread-1] INFO  server.RaftServerConfigKeys (ConfUtils.java:logGet(46)) - raft.server.log.segment.size.max = 1048576 (custom)
2022-07-27 13:50:15,129 [pool-356-thread-1] INFO  server.RaftServerConfigKeys (ConfUtils.java:logGet(46)) - raft.server.log.preallocated.size = 16384 (custom)
2022-07-27 13:50:15,129 [pool-356-thread-1] INFO  server.RaftServerConfigKeys (ConfUtils.java:logGet(46)) - raft.server.log.force.sync.num = 128 (default)
2022-07-27 13:50:15,129 [pool-356-thread-1] INFO  server.RaftServerConfigKeys (ConfUtils.java:logGet(46)) - raft.server.log.statemachine.data.sync = true (default)
2022-07-27 13:50:15,129 [pool-356-thread-1] INFO  server.RaftServerConfigKeys (ConfUtils.java:logGet(46)) - raft.server.log.statemachine.data.sync.timeout = 10s (default)
2022-07-27 13:50:15,129 [pool-356-thread-1] INFO  server.RaftServerConfigKeys (ConfUtils.java:logGet(46)) - raft.server.log.statemachine.data.sync.timeout.retry = -1 (default)
2022-07-27 13:50:15,130 [pool-356-thread-1] INFO  server.RaftServerConfigKeys (ConfUtils.java:logGet(46)) - raft.server.log.write.buffer.size = 1048576 (custom)
2022-07-27 13:50:15,131 [pool-356-thread-1] INFO  server.RaftServerConfigKeys (ConfUtils.java:logGet(46)) - raft.server.log.unsafe-flush.enabled = false (default)
2022-07-27 13:50:15,131 [pool-356-thread-1] INFO  server.RaftServerConfigKeys (ConfUtils.java:logGet(46)) - raft.server.log.statemachine.data.caching.enabled = true (custom)
2022-07-27 13:50:15,142 [pool-356-thread-1] INFO  segmented.SegmentedRaftLogWorker (SegmentedRaftLogWorker.java:lambda$new$0(135)) - 307e1e91-324e-43cf-a54a-5645731ed350@group-475CD9ECF321-SegmentedRaftLogWorker: flushIndex: setUnconditionally 0 -> -1
2022-07-27 13:50:15,142 [pool-356-thread-1] INFO  segmented.SegmentedRaftLogWorker (SegmentedRaftLogWorker.java:lambda$new$0(135)) - 307e1e91-324e-43cf-a54a-5645731ed350@group-475CD9ECF321-SegmentedRaftLogWorker: safeCacheEvictIndex: setUnconditionally 0 -> -1
2022-07-27 13:50:15,150 [pool-356-thread-1] INFO  server.RaftServerConfigKeys (ConfUtils.java:logGet(46)) - raft.server.snapshot.auto.trigger.enabled = true (custom)
2022-07-27 13:50:15,150 [pool-356-thread-1] INFO  server.RaftServerConfigKeys (ConfUtils.java:logGet(46)) - raft.server.snapshot.auto.trigger.threshold = 10000 (custom)
2022-07-27 13:50:15,150 [pool-356-thread-1] INFO  server.RaftServerConfigKeys (ConfUtils.java:logGet(46)) - raft.server.snapshot.retention.file.num = 5 (custom)
2022-07-27 13:50:15,150 [pool-356-thread-1] INFO  server.RaftServerConfigKeys (ConfUtils.java:logGet(46)) - raft.server.log.purge.upto.snapshot.index = false (default)
2022-07-27 13:50:15,150 [pool-356-thread-1] INFO  server.RaftServerConfigKeys (ConfUtils.java:logGet(46)) - raft.server.retrycache.expirytime = 600000ms (custom)
2022-07-27 13:50:15,151 [pool-356-thread-1] INFO  server.RaftServerConfigKeys (ConfUtils.java:logGet(46)) - raft.server.retrycache.statistics.expirytime = 100μs (default)
2022-07-27 13:50:15,152 [pool-356-thread-1] INFO  server.RaftServerConfigKeys (ConfUtils.java:logGet(46)) - raft.server.log.appender.install.snapshot.enabled = false (custom)
2022-07-27 13:50:15,152 [pool-356-thread-1] INFO  server.RaftServerConfigKeys (ConfUtils.java:logGet(46)) - raft.server.threadpool.server.cached = true (default)
2022-07-27 13:50:15,152 [pool-356-thread-1] INFO  server.RaftServerConfigKeys (ConfUtils.java:logGet(46)) - raft.server.threadpool.server.size = 0 (default)
2022-07-27 13:50:15,152 [pool-356-thread-1] INFO  server.RaftServerConfigKeys (ConfUtils.java:logGet(46)) - raft.server.threadpool.client.cached = true (default)
2022-07-27 13:50:15,152 [pool-356-thread-1] INFO  server.RaftServerConfigKeys (ConfUtils.java:logGet(46)) - raft.server.threadpool.client.size = 0 (default)
2022-07-27 13:50:15,152 [pool-356-thread-1] INFO  server.RaftServer$Division (RaftServerImpl.java:start(310)) - 307e1e91-324e-43cf-a54a-5645731ed350@group-475CD9ECF321: start as a follower, conf=-1: [307e1e91-324e-43cf-a54a-5645731ed350|rpc:10.1.0.21:40907|dataStream:|priority:0, e71fbb36-3969-41f7-998b-9a309dacec97|rpc:10.1.0.21:38701|dataStream:|priority:0, 68b1a215-e375-44d3-a5cb-74a1c393ca27|rpc:10.1.0.21:44933|dataStream:|priority:1], old=null
2022-07-27 13:50:15,152 [pool-356-thread-1] INFO  server.RaftServer$Division (RaftServerImpl.java:setRole(299)) - 307e1e91-324e-43cf-a54a-5645731ed350@group-475CD9ECF321: changes role from      null to FOLLOWER at term 0 for startAsFollower
2022-07-27 13:50:15,152 [pool-356-thread-1] INFO  impl.RoleInfo (RoleInfo.java:updateAndGet(139)) - 307e1e91-324e-43cf-a54a-5645731ed350: start 307e1e91-324e-43cf-a54a-5645731ed350@group-475CD9ECF321-FollowerState
2022-07-27 13:50:15,160 [pool-356-thread-1] INFO  util.JmxRegister (JmxRegister.java:tryRegister(44)) - Successfully registered JMX Bean with object name Ratis:service=RaftServer,group=group-475CD9ECF321,id=307e1e91-324e-43cf-a54a-5645731ed350
2022-07-27 13:50:15,227 [grpc-default-executor-0] INFO  server.RaftServer (RaftServerProxy.java:addNew(96)) - 68b1a215-e375-44d3-a5cb-74a1c393ca27: addNew group-475CD9ECF321:[307e1e91-324e-43cf-a54a-5645731ed350|rpc:10.1.0.21:40907|dataStream:|priority:0, e71fbb36-3969-41f7-998b-9a309dacec97|rpc:10.1.0.21:38701|dataStream:|priority:0, 68b1a215-e375-44d3-a5cb-74a1c393ca27|rpc:10.1.0.21:44933|dataStream:|priority:1] returns group-475CD9ECF321:java.util.concurrent.CompletableFuture@4e7b859e[Not completed]
2022-07-27 13:50:15,228 [pool-379-thread-1] INFO  server.RaftServer$Division (RaftServerImpl.java:<init>(190)) - 68b1a215-e375-44d3-a5cb-74a1c393ca27: new RaftServerImpl for group-475CD9ECF321:[307e1e91-324e-43cf-a54a-5645731ed350|rpc:10.1.0.21:40907|dataStream:|priority:0, e71fbb36-3969-41f7-998b-9a309dacec97|rpc:10.1.0.21:38701|dataStream:|priority:0, 68b1a215-e375-44d3-a5cb-74a1c393ca27|rpc:10.1.0.21:44933|dataStream:|priority:1] with ContainerStateMachine:uninitialized
2022-07-27 13:50:15,228 [pool-379-thread-1] INFO  server.RaftServerConfigKeys (ConfUtils.java:logGet(46)) - raft.server.rpc.timeout.min = 5s (custom)
2022-07-27 13:50:15,228 [pool-379-thread-1] INFO  server.RaftServerConfigKeys (ConfUtils.java:logGet(46)) - raft.server.rpc.timeout.max = 5200ms (custom)
2022-07-27 13:50:15,228 [pool-379-thread-1] INFO  server.RaftServerConfigKeys (ConfUtils.java:logGet(46)) - raft.server.rpc.sleep.time = 25ms (default)
2022-07-27 13:50:15,228 [pool-379-thread-1] INFO  server.RaftServerConfigKeys (ConfUtils.java:logGet(46)) - raft.server.rpc.slowness.timeout = 300s (custom)
2022-07-27 13:50:15,229 [pool-379-thread-1] INFO  server.RaftServerConfigKeys (ConfUtils.java:logGet(46)) - raft.server.leaderelection.leader.step-down.wait-time = 10s (default)
2022-07-27 13:50:15,229 [pool-379-thread-1] INFO  server.RaftServerConfigKeys (ConfUtils.java:logGet(46)) - raft.server.sleep.deviation.threshold = 300ms (default)
2022-07-27 13:50:15,229 [pool-379-thread-1] INFO  server.RaftServer$Division (ServerState.java:<init>(107)) - 68b1a215-e375-44d3-a5cb-74a1c393ca27@group-475CD9ECF321: ConfigurationManager, init=-1: [307e1e91-324e-43cf-a54a-5645731ed350|rpc:10.1.0.21:40907|dataStream:|priority:0, e71fbb36-3969-41f7-998b-9a309dacec97|rpc:10.1.0.21:38701|dataStream:|priority:0, 68b1a215-e375-44d3-a5cb-74a1c393ca27|rpc:10.1.0.21:44933|dataStream:|priority:1], old=null, confs=<EMPTY_MAP>
2022-07-27 13:50:15,229 [pool-379-thread-1] INFO  server.RaftServerConfigKeys (ConfUtils.java:logGet(46)) - raft.server.storage.dir = [/home/runner/work/ozone/ozone/hadoop-ozone/integration-test/target/test-dir/MiniOzoneClusterImpl-29ab875d-7565-45f7-8a7f-94142ec04d49/datanode-2/data/ratis] (custom)
2022-07-27 13:50:15,229 [pool-379-thread-1] INFO  server.RaftServerConfigKeys (ConfUtils.java:logGet(46)) - raft.server.log.corruption.policy = EXCEPTION (default)
2022-07-27 13:50:15,229 [pool-379-thread-1] INFO  server.RaftServerConfigKeys (ConfUtils.java:logGet(46)) - raft.server.storage.free-space.min = 0MB (=0) (default)
2022-07-27 13:50:15,229 [pool-379-thread-1] INFO  storage.RaftStorageDirectory (RaftStorageDirectoryImpl.java:analyzeStorage(135)) - The storage directory /home/runner/work/ozone/ozone/hadoop-ozone/integration-test/target/test-dir/MiniOzoneClusterImpl-29ab875d-7565-45f7-8a7f-94142ec04d49/datanode-2/data/ratis/f9d8f533-7712-46a2-b154-475cd9ecf321 does not exist. Creating ...
2022-07-27 13:50:15,231 [pool-379-thread-1] INFO  storage.RaftStorageDirectory (RaftStorageDirectoryImpl.java:tryLock(230)) - Lock on /home/runner/work/ozone/ozone/hadoop-ozone/integration-test/target/test-dir/MiniOzoneClusterImpl-29ab875d-7565-45f7-8a7f-94142ec04d49/datanode-2/data/ratis/f9d8f533-7712-46a2-b154-475cd9ecf321/in_use.lock acquired by nodename 11093@fv-az217-261
2022-07-27 13:50:15,235 [pool-379-thread-1] INFO  storage.RaftStorage (RaftStorageImpl.java:format(89)) - Storage directory /home/runner/work/ozone/ozone/hadoop-ozone/integration-test/target/test-dir/MiniOzoneClusterImpl-29ab875d-7565-45f7-8a7f-94142ec04d49/datanode-2/data/ratis/f9d8f533-7712-46a2-b154-475cd9ecf321 has been successfully formatted.
2022-07-27 13:50:15,236 [pool-379-thread-1] INFO  ratis.ContainerStateMachine (ContainerStateMachine.java:loadSnapshot(236)) - group-475CD9ECF321: The snapshot info is null. Setting the last applied indexto:(t:0, i:~)
2022-07-27 13:50:15,236 [pool-379-thread-1] INFO  server.RaftServerConfigKeys (ConfUtils.java:logGet(46)) - raft.server.notification.no-leader.timeout = 300s (custom)
2022-07-27 13:50:15,236 [pool-379-thread-1] INFO  server.RaftServerConfigKeys (ConfUtils.java:logGet(46)) - raft.server.log.use.memory = false (default)
2022-07-27 13:50:15,237 [pool-379-thread-1] INFO  server.RaftServerConfigKeys (ConfUtils.java:logGet(46)) - raft.server.log.purge.gap = 1000000 (custom)
2022-07-27 13:50:15,237 [pool-379-thread-1] INFO  server.RaftServerConfigKeys (ConfUtils.java:logGet(46)) - raft.server.log.appender.buffer.byte-limit = 33554432 (custom)
2022-07-27 13:50:15,237 [pool-379-thread-1] INFO  server.RaftServerConfigKeys (ConfUtils.java:logGet(46)) - raft.server.log.statemachine.data.read.timeout = 1000ms (default)
2022-07-27 13:50:15,237 [pool-379-thread-1] INFO  server.RaftServerConfigKeys (ConfUtils.java:logGet(46)) - raft.server.log.segment.size.max = 1048576 (custom)
2022-07-27 13:50:15,237 [pool-379-thread-1] INFO  server.RaftServerConfigKeys (ConfUtils.java:logGet(46)) - raft.server.log.segment.cache.num.max = 2 (custom)
2022-07-27 13:50:15,238 [pool-379-thread-1] INFO  server.RaftServerConfigKeys (ConfUtils.java:logGet(46)) - raft.server.log.segment.cache.size.max = 200MB (=209715200) (default)
2022-07-27 13:50:15,238 [pool-379-thread-1] INFO  segmented.SegmentedRaftLogWorker (SegmentedRaftLogWorker.java:<init>(187)) - new 68b1a215-e375-44d3-a5cb-74a1c393ca27@group-475CD9ECF321-SegmentedRaftLogWorker for RaftStorageImpl:Storage Directory /home/runner/work/ozone/ozone/hadoop-ozone/integration-test/target/test-dir/MiniOzoneClusterImpl-29ab875d-7565-45f7-8a7f-94142ec04d49/datanode-2/data/ratis/f9d8f533-7712-46a2-b154-475cd9ecf321
2022-07-27 13:50:15,238 [pool-379-thread-1] INFO  server.RaftServerConfigKeys (ConfUtils.java:logGet(46)) - raft.server.log.queue.byte-limit = 4294967296 (custom)
2022-07-27 13:50:15,238 [pool-379-thread-1] INFO  server.RaftServerConfigKeys (ConfUtils.java:logGet(46)) - raft.server.log.queue.element-limit = 1024 (custom)
2022-07-27 13:50:15,238 [pool-379-thread-1] INFO  server.RaftServerConfigKeys (ConfUtils.java:logGet(46)) - raft.server.log.segment.size.max = 1048576 (custom)
2022-07-27 13:50:15,238 [pool-379-thread-1] INFO  server.RaftServerConfigKeys (ConfUtils.java:logGet(46)) - raft.server.log.preallocated.size = 16384 (custom)
2022-07-27 13:50:15,238 [pool-379-thread-1] INFO  server.RaftServerConfigKeys (ConfUtils.java:logGet(46)) - raft.server.log.force.sync.num = 128 (default)
2022-07-27 13:50:15,239 [pool-379-thread-1] INFO  server.RaftServerConfigKeys (ConfUtils.java:logGet(46)) - raft.server.log.statemachine.data.sync = true (default)
2022-07-27 13:50:15,239 [pool-379-thread-1] INFO  server.RaftServerConfigKeys (ConfUtils.java:logGet(46)) - raft.server.log.statemachine.data.sync.timeout = 10s (default)
2022-07-27 13:50:15,239 [pool-379-thread-1] INFO  server.RaftServerConfigKeys (ConfUtils.java:logGet(46)) - raft.server.log.statemachine.data.sync.timeout.retry = -1 (default)
2022-07-27 13:50:15,240 [pool-379-thread-1] INFO  server.RaftServerConfigKeys (ConfUtils.java:logGet(46)) - raft.server.log.write.buffer.size = 1048576 (custom)
2022-07-27 13:50:15,240 [pool-379-thread-1] INFO  server.RaftServerConfigKeys (ConfUtils.java:logGet(46)) - raft.server.log.unsafe-flush.enabled = false (default)
2022-07-27 13:50:15,240 [pool-379-thread-1] INFO  server.RaftServerConfigKeys (ConfUtils.java:logGet(46)) - raft.server.log.statemachine.data.caching.enabled = true (custom)
2022-07-27 13:50:15,240 [pool-379-thread-1] INFO  segmented.SegmentedRaftLogWorker (SegmentedRaftLogWorker.java:lambda$new$0(135)) - 68b1a215-e375-44d3-a5cb-74a1c393ca27@group-475CD9ECF321-SegmentedRaftLogWorker: flushIndex: setUnconditionally 0 -> -1
2022-07-27 13:50:15,240 [pool-379-thread-1] INFO  segmented.SegmentedRaftLogWorker (SegmentedRaftLogWorker.java:lambda$new$0(135)) - 68b1a215-e375-44d3-a5cb-74a1c393ca27@group-475CD9ECF321-SegmentedRaftLogWorker: safeCacheEvictIndex: setUnconditionally 0 -> -1
2022-07-27 13:50:15,248 [pool-379-thread-1] INFO  server.RaftServerConfigKeys (ConfUtils.java:logGet(46)) - raft.server.snapshot.auto.trigger.enabled = true (custom)
2022-07-27 13:50:15,248 [pool-379-thread-1] INFO  server.RaftServerConfigKeys (ConfUtils.java:logGet(46)) - raft.server.snapshot.auto.trigger.threshold = 10000 (custom)
2022-07-27 13:50:15,248 [pool-379-thread-1] INFO  server.RaftServerConfigKeys (ConfUtils.java:logGet(46)) - raft.server.snapshot.retention.file.num = 5 (custom)
2022-07-27 13:50:15,249 [pool-379-thread-1] INFO  server.RaftServerConfigKeys (ConfUtils.java:logGet(46)) - raft.server.log.purge.upto.snapshot.index = false (default)
2022-07-27 13:50:15,249 [pool-379-thread-1] INFO  server.RaftServerConfigKeys (ConfUtils.java:logGet(46)) - raft.server.retrycache.expirytime = 600000ms (custom)
2022-07-27 13:50:15,249 [pool-379-thread-1] INFO  server.RaftServerConfigKeys (ConfUtils.java:logGet(46)) - raft.server.retrycache.statistics.expirytime = 100μs (default)
2022-07-27 13:50:15,250 [pool-379-thread-1] INFO  server.RaftServerConfigKeys (ConfUtils.java:logGet(46)) - raft.server.log.appender.install.snapshot.enabled = false (custom)
2022-07-27 13:50:15,250 [pool-379-thread-1] INFO  server.RaftServerConfigKeys (ConfUtils.java:logGet(46)) - raft.server.threadpool.server.cached = true (default)
2022-07-27 13:50:15,250 [pool-379-thread-1] INFO  server.RaftServerConfigKeys (ConfUtils.java:logGet(46)) - raft.server.threadpool.server.size = 0 (default)
2022-07-27 13:50:15,250 [pool-379-thread-1] INFO  server.RaftServerConfigKeys (ConfUtils.java:logGet(46)) - raft.server.threadpool.client.cached = true (default)
2022-07-27 13:50:15,250 [pool-379-thread-1] INFO  server.RaftServerConfigKeys (ConfUtils.java:logGet(46)) - raft.server.threadpool.client.size = 0 (default)
2022-07-27 13:50:15,250 [pool-379-thread-1] INFO  server.RaftServer$Division (RaftServerImpl.java:start(310)) - 68b1a215-e375-44d3-a5cb-74a1c393ca27@group-475CD9ECF321: start as a follower, conf=-1: [307e1e91-324e-43cf-a54a-5645731ed350|rpc:10.1.0.21:40907|dataStream:|priority:0, e71fbb36-3969-41f7-998b-9a309dacec97|rpc:10.1.0.21:38701|dataStream:|priority:0, 68b1a215-e375-44d3-a5cb-74a1c393ca27|rpc:10.1.0.21:44933|dataStream:|priority:1], old=null
2022-07-27 13:50:15,250 [pool-379-thread-1] INFO  server.RaftServer$Division (RaftServerImpl.java:setRole(299)) - 68b1a215-e375-44d3-a5cb-74a1c393ca27@group-475CD9ECF321: changes role from      null to FOLLOWER at term 0 for startAsFollower
2022-07-27 13:50:15,250 [pool-379-thread-1] INFO  impl.RoleInfo (RoleInfo.java:updateAndGet(139)) - 68b1a215-e375-44d3-a5cb-74a1c393ca27: start 68b1a215-e375-44d3-a5cb-74a1c393ca27@group-475CD9ECF321-FollowerState
2022-07-27 13:50:15,257 [pool-379-thread-1] INFO  util.JmxRegister (JmxRegister.java:tryRegister(44)) - Successfully registered JMX Bean with object name Ratis:service=RaftServer,group=group-475CD9ECF321,id=68b1a215-e375-44d3-a5cb-74a1c393ca27
2022-07-27 13:50:15,286 [Command processor thread] INFO  commandhandler.CreatePipelineCommandHandler (CreatePipelineCommandHandler.java:handle(113)) - Created Pipeline RATIS THREE PipelineID=f9d8f533-7712-46a2-b154-475cd9ecf321.
2022-07-27 13:50:15,408 [Command processor thread] INFO  server.RaftServer (RaftServerProxy.java:addNew(96)) - 307e1e91-324e-43cf-a54a-5645731ed350: addNew group-7EE2B4BB8E9B:[307e1e91-324e-43cf-a54a-5645731ed350|rpc:10.1.0.21:40907|priority:1] returns group-7EE2B4BB8E9B:java.util.concurrent.CompletableFuture@363873b2[Not completed]
2022-07-27 13:50:15,408 [pool-356-thread-1] INFO  server.RaftServer$Division (RaftServerImpl.java:<init>(190)) - 307e1e91-324e-43cf-a54a-5645731ed350: new RaftServerImpl for group-7EE2B4BB8E9B:[307e1e91-324e-43cf-a54a-5645731ed350|rpc:10.1.0.21:40907|priority:1] with ContainerStateMachine:uninitialized
2022-07-27 13:50:15,409 [pool-356-thread-1] INFO  server.RaftServerConfigKeys (ConfUtils.java:logGet(46)) - raft.server.rpc.timeout.min = 5s (custom)
2022-07-27 13:50:15,409 [pool-356-thread-1] INFO  server.RaftServerConfigKeys (ConfUtils.java:logGet(46)) - raft.server.rpc.timeout.max = 5200ms (custom)
2022-07-27 13:50:15,409 [pool-356-thread-1] INFO  server.RaftServerConfigKeys (ConfUtils.java:logGet(46)) - raft.server.rpc.sleep.time = 25ms (default)
2022-07-27 13:50:15,409 [pool-356-thread-1] INFO  server.RaftServerConfigKeys (ConfUtils.java:logGet(46)) - raft.server.rpc.slowness.timeout = 300s (custom)
2022-07-27 13:50:15,409 [pool-356-thread-1] INFO  server.RaftServerConfigKeys (ConfUtils.java:logGet(46)) - raft.server.leaderelection.leader.step-down.wait-time = 10s (default)
2022-07-27 13:50:15,409 [pool-356-thread-1] INFO  server.RaftServerConfigKeys (ConfUtils.java:logGet(46)) - raft.server.sleep.deviation.threshold = 300ms (default)
2022-07-27 13:50:15,409 [pool-356-thread-1] INFO  server.RaftServer$Division (ServerState.java:<init>(107)) - 307e1e91-324e-43cf-a54a-5645731ed350@group-7EE2B4BB8E9B: ConfigurationManager, init=-1: [307e1e91-324e-43cf-a54a-5645731ed350|rpc:10.1.0.21:40907|priority:1], old=null, confs=<EMPTY_MAP>
2022-07-27 13:50:15,409 [pool-356-thread-1] INFO  server.RaftServerConfigKeys (ConfUtils.java:logGet(46)) - raft.server.storage.dir = [/home/runner/work/ozone/ozone/hadoop-ozone/integration-test/target/test-dir/MiniOzoneClusterImpl-29ab875d-7565-45f7-8a7f-94142ec04d49/datanode-1/data/ratis] (custom)
2022-07-27 13:50:15,409 [pool-356-thread-1] INFO  server.RaftServerConfigKeys (ConfUtils.java:logGet(46)) - raft.server.log.corruption.policy = EXCEPTION (default)
2022-07-27 13:50:15,409 [pool-356-thread-1] INFO  server.RaftServerConfigKeys (ConfUtils.java:logGet(46)) - raft.server.storage.free-space.min = 0MB (=0) (default)
2022-07-27 13:50:15,409 [pool-356-thread-1] INFO  storage.RaftStorageDirectory (RaftStorageDirectoryImpl.java:analyzeStorage(135)) - The storage directory /home/runner/work/ozone/ozone/hadoop-ozone/integration-test/target/test-dir/MiniOzoneClusterImpl-29ab875d-7565-45f7-8a7f-94142ec04d49/datanode-1/data/ratis/4c328e59-6694-4491-ad21-7ee2b4bb8e9b does not exist. Creating ...
2022-07-27 13:50:15,419 [pool-356-thread-1] INFO  storage.RaftStorageDirectory (RaftStorageDirectoryImpl.java:tryLock(230)) - Lock on /home/runner/work/ozone/ozone/hadoop-ozone/integration-test/target/test-dir/MiniOzoneClusterImpl-29ab875d-7565-45f7-8a7f-94142ec04d49/datanode-1/data/ratis/4c328e59-6694-4491-ad21-7ee2b4bb8e9b/in_use.lock acquired by nodename 11093@fv-az217-261
2022-07-27 13:50:15,420 [pool-356-thread-1] INFO  storage.RaftStorage (RaftStorageImpl.java:format(89)) - Storage directory /home/runner/work/ozone/ozone/hadoop-ozone/integration-test/target/test-dir/MiniOzoneClusterImpl-29ab875d-7565-45f7-8a7f-94142ec04d49/datanode-1/data/ratis/4c328e59-6694-4491-ad21-7ee2b4bb8e9b has been successfully formatted.
2022-07-27 13:50:15,427 [pool-356-thread-1] INFO  ratis.ContainerStateMachine (ContainerStateMachine.java:loadSnapshot(236)) - group-7EE2B4BB8E9B: The snapshot info is null. Setting the last applied indexto:(t:0, i:~)
2022-07-27 13:50:15,427 [pool-356-thread-1] INFO  server.RaftServerConfigKeys (ConfUtils.java:logGet(46)) - raft.server.notification.no-leader.timeout = 300s (custom)
2022-07-27 13:50:15,427 [pool-356-thread-1] INFO  server.RaftServerConfigKeys (ConfUtils.java:logGet(46)) - raft.server.log.use.memory = false (default)
2022-07-27 13:50:15,427 [pool-356-thread-1] INFO  server.RaftServerConfigKeys (ConfUtils.java:logGet(46)) - raft.server.log.purge.gap = 1000000 (custom)
2022-07-27 13:50:15,427 [pool-356-thread-1] INFO  server.RaftServerConfigKeys (ConfUtils.java:logGet(46)) - raft.server.log.appender.buffer.byte-limit = 33554432 (custom)
2022-07-27 13:50:15,427 [pool-356-thread-1] INFO  server.RaftServerConfigKeys (ConfUtils.java:logGet(46)) - raft.server.log.statemachine.data.read.timeout = 1000ms (default)
2022-07-27 13:50:15,428 [EventQueue-PipelineReportForPipelineReportHandler] INFO  pipeline.PipelineManagerImpl (PipelineManagerImpl.java:openPipeline(367)) - Pipeline Pipeline[ Id: 4c328e59-6694-4491-ad21-7ee2b4bb8e9b, Nodes: 307e1e91-324e-43cf-a54a-5645731ed350{ip: 10.1.0.21, host: fv-az217-261.5fhmivlnczbevhjmk01nzrxweh.bx.internal.cloudapp.net, ports: [REPLICATION=37515, RATIS=40907, RATIS_ADMIN=40907, RATIS_SERVER=40907, STANDALONE=38363], networkLocation: /default-rack, certSerialId: null, persistedOpState: IN_SERVICE, persistedOpStateExpiryEpochSec: 0}, ReplicationConfig: RATIS/ONE, State:ALLOCATED, leaderId:307e1e91-324e-43cf-a54a-5645731ed350, CreationTimestamp2022-07-27T13:50:12.415Z[Etc/UTC]] moved to OPEN state
2022-07-27 13:50:15,429 [EventQueue-OpenPipelineForHealthyPipelineSafeModeRule] INFO  safemode.SCMSafeModeManager (HealthyPipelineSafeModeRule.java:process(137)) - SCM in safe mode. Healthy pipelines reported count is 0, required healthy pipeline reported count is 1
2022-07-27 13:50:15,429 [pool-356-thread-1] INFO  server.RaftServerConfigKeys (ConfUtils.java:logGet(46)) - raft.server.log.segment.size.max = 1048576 (custom)
2022-07-27 13:50:15,429 [pool-356-thread-1] INFO  server.RaftServerConfigKeys (ConfUtils.java:logGet(46)) - raft.server.log.segment.cache.num.max = 2 (custom)
2022-07-27 13:50:15,429 [pool-356-thread-1] INFO  server.RaftServerConfigKeys (ConfUtils.java:logGet(46)) - raft.server.log.segment.cache.size.max = 200MB (=209715200) (default)
2022-07-27 13:50:15,429 [pool-356-thread-1] INFO  segmented.SegmentedRaftLogWorker (SegmentedRaftLogWorker.java:<init>(187)) - new 307e1e91-324e-43cf-a54a-5645731ed350@group-7EE2B4BB8E9B-SegmentedRaftLogWorker for RaftStorageImpl:Storage Directory /home/runner/work/ozone/ozone/hadoop-ozone/integration-test/target/test-dir/MiniOzoneClusterImpl-29ab875d-7565-45f7-8a7f-94142ec04d49/datanode-1/data/ratis/4c328e59-6694-4491-ad21-7ee2b4bb8e9b
2022-07-27 13:50:15,429 [pool-356-thread-1] INFO  server.RaftServerConfigKeys (ConfUtils.java:logGet(46)) - raft.server.log.queue.byte-limit = 4294967296 (custom)
2022-07-27 13:50:15,429 [pool-356-thread-1] INFO  server.RaftServerConfigKeys (ConfUtils.java:logGet(46)) - raft.server.log.queue.element-limit = 1024 (custom)
2022-07-27 13:50:15,429 [pool-356-thread-1] INFO  server.RaftServerConfigKeys (ConfUtils.java:logGet(46)) - raft.server.log.segment.size.max = 1048576 (custom)
2022-07-27 13:50:15,429 [pool-356-thread-1] INFO  server.RaftServerConfigKeys (ConfUtils.java:logGet(46)) - raft.server.log.preallocated.size = 16384 (custom)
2022-07-27 13:50:15,430 [pool-356-thread-1] INFO  server.RaftServerConfigKeys (ConfUtils.java:logGet(46)) - raft.server.log.force.sync.num = 128 (default)
2022-07-27 13:50:15,430 [pool-356-thread-1] INFO  server.RaftServerConfigKeys (ConfUtils.java:logGet(46)) - raft.server.log.statemachine.data.sync = true (default)
2022-07-27 13:50:15,430 [pool-356-thread-1] INFO  server.RaftServerConfigKeys (ConfUtils.java:logGet(46)) - raft.server.log.statemachine.data.sync.timeout = 10s (default)
2022-07-27 13:50:15,430 [pool-356-thread-1] INFO  server.RaftServerConfigKeys (ConfUtils.java:logGet(46)) - raft.server.log.statemachine.data.sync.timeout.retry = -1 (default)
2022-07-27 13:50:15,430 [pool-356-thread-1] INFO  server.RaftServerConfigKeys (ConfUtils.java:logGet(46)) - raft.server.log.write.buffer.size = 1048576 (custom)
2022-07-27 13:50:15,433 [pool-356-thread-1] INFO  server.RaftServerConfigKeys (ConfUtils.java:logGet(46)) - raft.server.log.unsafe-flush.enabled = false (default)
2022-07-27 13:50:15,433 [pool-356-thread-1] INFO  server.RaftServerConfigKeys (ConfUtils.java:logGet(46)) - raft.server.log.statemachine.data.caching.enabled = true (custom)
2022-07-27 13:50:15,433 [pool-356-thread-1] INFO  segmented.SegmentedRaftLogWorker (SegmentedRaftLogWorker.java:lambda$new$0(135)) - 307e1e91-324e-43cf-a54a-5645731ed350@group-7EE2B4BB8E9B-SegmentedRaftLogWorker: flushIndex: setUnconditionally 0 -> -1
2022-07-27 13:50:15,433 [pool-356-thread-1] INFO  segmented.SegmentedRaftLogWorker (SegmentedRaftLogWorker.java:lambda$new$0(135)) - 307e1e91-324e-43cf-a54a-5645731ed350@group-7EE2B4BB8E9B-SegmentedRaftLogWorker: safeCacheEvictIndex: setUnconditionally 0 -> -1
2022-07-27 13:50:15,438 [pool-356-thread-1] INFO  server.RaftServerConfigKeys (ConfUtils.java:logGet(46)) - raft.server.snapshot.auto.trigger.enabled = true (custom)
2022-07-27 13:50:15,438 [pool-356-thread-1] INFO  server.RaftServerConfigKeys (ConfUtils.java:logGet(46)) - raft.server.snapshot.auto.trigger.threshold = 10000 (custom)
2022-07-27 13:50:15,438 [pool-356-thread-1] INFO  server.RaftServerConfigKeys (ConfUtils.java:logGet(46)) - raft.server.snapshot.retention.file.num = 5 (custom)
2022-07-27 13:50:15,438 [pool-356-thread-1] INFO  server.RaftServerConfigKeys (ConfUtils.java:logGet(46)) - raft.server.log.purge.upto.snapshot.index = false (default)
2022-07-27 13:50:15,438 [pool-356-thread-1] INFO  server.RaftServerConfigKeys (ConfUtils.java:logGet(46)) - raft.server.retrycache.expirytime = 600000ms (custom)
2022-07-27 13:50:15,438 [pool-356-thread-1] INFO  server.RaftServerConfigKeys (ConfUtils.java:logGet(46)) - raft.server.retrycache.statistics.expirytime = 100μs (default)
2022-07-27 13:50:15,439 [pool-356-thread-1] INFO  server.RaftServerConfigKeys (ConfUtils.java:logGet(46)) - raft.server.log.appender.install.snapshot.enabled = false (custom)
2022-07-27 13:50:15,439 [pool-356-thread-1] INFO  server.RaftServerConfigKeys (ConfUtils.java:logGet(46)) - raft.server.threadpool.server.cached = true (default)
2022-07-27 13:50:15,439 [pool-356-thread-1] INFO  server.RaftServerConfigKeys (ConfUtils.java:logGet(46)) - raft.server.threadpool.server.size = 0 (default)
2022-07-27 13:50:15,439 [pool-356-thread-1] INFO  server.RaftServerConfigKeys (ConfUtils.java:logGet(46)) - raft.server.threadpool.client.cached = true (default)
2022-07-27 13:50:15,439 [pool-356-thread-1] INFO  server.RaftServerConfigKeys (ConfUtils.java:logGet(46)) - raft.server.threadpool.client.size = 0 (default)
2022-07-27 13:50:15,439 [pool-356-thread-1] INFO  server.RaftServer$Division (RaftServerImpl.java:start(310)) - 307e1e91-324e-43cf-a54a-5645731ed350@group-7EE2B4BB8E9B: start as a follower, conf=-1: [307e1e91-324e-43cf-a54a-5645731ed350|rpc:10.1.0.21:40907|priority:1], old=null
2022-07-27 13:50:15,439 [pool-356-thread-1] INFO  server.RaftServer$Division (RaftServerImpl.java:setRole(299)) - 307e1e91-324e-43cf-a54a-5645731ed350@group-7EE2B4BB8E9B: changes role from      null to FOLLOWER at term 0 for startAsFollower
2022-07-27 13:50:15,439 [pool-356-thread-1] INFO  impl.RoleInfo (RoleInfo.java:updateAndGet(139)) - 307e1e91-324e-43cf-a54a-5645731ed350: start 307e1e91-324e-43cf-a54a-5645731ed350@group-7EE2B4BB8E9B-FollowerState
2022-07-27 13:50:15,443 [pool-356-thread-1] INFO  util.JmxRegister (JmxRegister.java:tryRegister(44)) - Successfully registered JMX Bean with object name Ratis:service=RaftServer,group=group-7EE2B4BB8E9B,id=307e1e91-324e-43cf-a54a-5645731ed350
2022-07-27 13:50:15,454 [Command processor thread] INFO  ratis.XceiverServerRatis (XceiverServerRatis.java:addGroup(765)) - Created group PipelineID=4c328e59-6694-4491-ad21-7ee2b4bb8e9b
2022-07-27 13:50:15,454 [Command processor thread] INFO  commandhandler.CreatePipelineCommandHandler (CreatePipelineCommandHandler.java:handle(113)) - Created Pipeline RATIS ONE PipelineID=4c328e59-6694-4491-ad21-7ee2b4bb8e9b.
2022-07-27 13:50:15,934 [Listener at 127.0.0.1/46277] INFO  ozone.MiniOzoneClusterImpl (MiniOzoneClusterImpl.java:lambda$waitForClusterToBeReady$0(216)) - Nodes are ready. Got 5 of 5 DN Heartbeats.
2022-07-27 13:50:15,934 [Listener at 127.0.0.1/46277] INFO  ozone.MiniOzoneClusterImpl (MiniOzoneClusterImpl.java:lambda$waitForClusterToBeReady$0(219)) - Waiting for cluster to exit safe mode
2022-07-27 13:50:15,934 [Listener at 127.0.0.1/46277] INFO  ozone.MiniOzoneClusterImpl (MiniOzoneClusterImpl.java:lambda$waitForClusterToBeReady$0(221)) - SCM became leader
2022-07-27 13:50:16,395 [Command processor thread] INFO  server.RaftServer (RaftServerProxy.java:addNew(96)) - 68b1a215-e375-44d3-a5cb-74a1c393ca27: addNew group-641F242E788A:[68b1a215-e375-44d3-a5cb-74a1c393ca27|rpc:10.1.0.21:44933|priority:1] returns group-641F242E788A:java.util.concurrent.CompletableFuture@618700d8[Not completed]
2022-07-27 13:50:16,397 [pool-379-thread-1] INFO  server.RaftServer$Division (RaftServerImpl.java:<init>(190)) - 68b1a215-e375-44d3-a5cb-74a1c393ca27: new RaftServerImpl for group-641F242E788A:[68b1a215-e375-44d3-a5cb-74a1c393ca27|rpc:10.1.0.21:44933|priority:1] with ContainerStateMachine:uninitialized
2022-07-27 13:50:16,397 [pool-379-thread-1] INFO  server.RaftServerConfigKeys (ConfUtils.java:logGet(46)) - raft.server.rpc.timeout.min = 5s (custom)
2022-07-27 13:50:16,397 [pool-379-thread-1] INFO  server.RaftServerConfigKeys (ConfUtils.java:logGet(46)) - raft.server.rpc.timeout.max = 5200ms (custom)
2022-07-27 13:50:16,397 [pool-379-thread-1] INFO  server.RaftServerConfigKeys (ConfUtils.java:logGet(46)) - raft.server.rpc.sleep.time = 25ms (default)
2022-07-27 13:50:16,397 [pool-379-thread-1] INFO  server.RaftServerConfigKeys (ConfUtils.java:logGet(46)) - raft.server.rpc.slowness.timeout = 300s (custom)
2022-07-27 13:50:16,397 [pool-379-thread-1] INFO  server.RaftServerConfigKeys (ConfUtils.java:logGet(46)) - raft.server.leaderelection.leader.step-down.wait-time = 10s (default)
2022-07-27 13:50:16,397 [pool-379-thread-1] INFO  server.RaftServerConfigKeys (ConfUtils.java:logGet(46)) - raft.server.sleep.deviation.threshold = 300ms (default)
2022-07-27 13:50:16,397 [pool-379-thread-1] INFO  server.RaftServer$Division (ServerState.java:<init>(107)) - 68b1a215-e375-44d3-a5cb-74a1c393ca27@group-641F242E788A: ConfigurationManager, init=-1: [68b1a215-e375-44d3-a5cb-74a1c393ca27|rpc:10.1.0.21:44933|priority:1], old=null, confs=<EMPTY_MAP>
2022-07-27 13:50:16,397 [pool-379-thread-1] INFO  server.RaftServerConfigKeys (ConfUtils.java:logGet(46)) - raft.server.storage.dir = [/home/runner/work/ozone/ozone/hadoop-ozone/integration-test/target/test-dir/MiniOzoneClusterImpl-29ab875d-7565-45f7-8a7f-94142ec04d49/datanode-2/data/ratis] (custom)
2022-07-27 13:50:16,398 [pool-379-thread-1] INFO  server.RaftServerConfigKeys (ConfUtils.java:logGet(46)) - raft.server.log.corruption.policy = EXCEPTION (default)
2022-07-27 13:50:16,398 [pool-379-thread-1] INFO  server.RaftServerConfigKeys (ConfUtils.java:logGet(46)) - raft.server.storage.free-space.min = 0MB (=0) (default)
2022-07-27 13:50:16,398 [pool-379-thread-1] INFO  storage.RaftStorageDirectory (RaftStorageDirectoryImpl.java:analyzeStorage(135)) - The storage directory /home/runner/work/ozone/ozone/hadoop-ozone/integration-test/target/test-dir/MiniOzoneClusterImpl-29ab875d-7565-45f7-8a7f-94142ec04d49/datanode-2/data/ratis/618a9e73-8c9f-4dda-8e49-641f242e788a does not exist. Creating ...
2022-07-27 13:50:16,402 [pool-379-thread-1] INFO  storage.RaftStorageDirectory (RaftStorageDirectoryImpl.java:tryLock(230)) - Lock on /home/runner/work/ozone/ozone/hadoop-ozone/integration-test/target/test-dir/MiniOzoneClusterImpl-29ab875d-7565-45f7-8a7f-94142ec04d49/datanode-2/data/ratis/618a9e73-8c9f-4dda-8e49-641f242e788a/in_use.lock acquired by nodename 11093@fv-az217-261
2022-07-27 13:50:16,403 [pool-379-thread-1] INFO  storage.RaftStorage (RaftStorageImpl.java:format(89)) - Storage directory /home/runner/work/ozone/ozone/hadoop-ozone/integration-test/target/test-dir/MiniOzoneClusterImpl-29ab875d-7565-45f7-8a7f-94142ec04d49/datanode-2/data/ratis/618a9e73-8c9f-4dda-8e49-641f242e788a has been successfully formatted.
2022-07-27 13:50:16,403 [pool-379-thread-1] INFO  ratis.ContainerStateMachine (ContainerStateMachine.java:loadSnapshot(236)) - group-641F242E788A: The snapshot info is null. Setting the last applied indexto:(t:0, i:~)
2022-07-27 13:50:16,403 [pool-379-thread-1] INFO  server.RaftServerConfigKeys (ConfUtils.java:logGet(46)) - raft.server.notification.no-leader.timeout = 300s (custom)
2022-07-27 13:50:16,403 [pool-379-thread-1] INFO  server.RaftServerConfigKeys (ConfUtils.java:logGet(46)) - raft.server.log.use.memory = false (default)
2022-07-27 13:50:16,404 [pool-379-thread-1] INFO  server.RaftServerConfigKeys (ConfUtils.java:logGet(46)) - raft.server.log.purge.gap = 1000000 (custom)
2022-07-27 13:50:16,404 [pool-379-thread-1] INFO  server.RaftServerConfigKeys (ConfUtils.java:logGet(46)) - raft.server.log.appender.buffer.byte-limit = 33554432 (custom)
2022-07-27 13:50:16,404 [pool-379-thread-1] INFO  server.RaftServerConfigKeys (ConfUtils.java:logGet(46)) - raft.server.log.statemachine.data.read.timeout = 1000ms (default)
2022-07-27 13:50:16,404 [pool-379-thread-1] INFO  server.RaftServerConfigKeys (ConfUtils.java:logGet(46)) - raft.server.log.segment.size.max = 1048576 (custom)
2022-07-27 13:50:16,404 [pool-379-thread-1] INFO  server.RaftServerConfigKeys (ConfUtils.java:logGet(46)) - raft.server.log.segment.cache.num.max = 2 (custom)
2022-07-27 13:50:16,404 [pool-379-thread-1] INFO  server.RaftServerConfigKeys (ConfUtils.java:logGet(46)) - raft.server.log.segment.cache.size.max = 200MB (=209715200) (default)
2022-07-27 13:50:16,404 [pool-379-thread-1] INFO  segmented.SegmentedRaftLogWorker (SegmentedRaftLogWorker.java:<init>(187)) - new 68b1a215-e375-44d3-a5cb-74a1c393ca27@group-641F242E788A-SegmentedRaftLogWorker for RaftStorageImpl:Storage Directory /home/runner/work/ozone/ozone/hadoop-ozone/integration-test/target/test-dir/MiniOzoneClusterImpl-29ab875d-7565-45f7-8a7f-94142ec04d49/datanode-2/data/ratis/618a9e73-8c9f-4dda-8e49-641f242e788a
2022-07-27 13:50:16,404 [pool-379-thread-1] INFO  server.RaftServerConfigKeys (ConfUtils.java:logGet(46)) - raft.server.log.queue.byte-limit = 4294967296 (custom)
2022-07-27 13:50:16,404 [pool-379-thread-1] INFO  server.RaftServerConfigKeys (ConfUtils.java:logGet(46)) - raft.server.log.queue.element-limit = 1024 (custom)
2022-07-27 13:50:16,404 [pool-379-thread-1] INFO  server.RaftServerConfigKeys (ConfUtils.java:logGet(46)) - raft.server.log.segment.size.max = 1048576 (custom)
2022-07-27 13:50:16,404 [pool-379-thread-1] INFO  server.RaftServerConfigKeys (ConfUtils.java:logGet(46)) - raft.server.log.preallocated.size = 16384 (custom)
2022-07-27 13:50:16,404 [pool-379-thread-1] INFO  server.RaftServerConfigKeys (ConfUtils.java:logGet(46)) - raft.server.log.force.sync.num = 128 (default)
2022-07-27 13:50:16,404 [pool-379-thread-1] INFO  server.RaftServerConfigKeys (ConfUtils.java:logGet(46)) - raft.server.log.statemachine.data.sync = true (default)
2022-07-27 13:50:16,405 [pool-379-thread-1] INFO  server.RaftServerConfigKeys (ConfUtils.java:logGet(46)) - raft.server.log.statemachine.data.sync.timeout = 10s (default)
2022-07-27 13:50:16,405 [pool-379-thread-1] INFO  server.RaftServerConfigKeys (ConfUtils.java:logGet(46)) - raft.server.log.statemachine.data.sync.timeout.retry = -1 (default)
2022-07-27 13:50:16,405 [pool-379-thread-1] INFO  server.RaftServerConfigKeys (ConfUtils.java:logGet(46)) - raft.server.log.write.buffer.size = 1048576 (custom)
2022-07-27 13:50:16,406 [pool-379-thread-1] INFO  server.RaftServerConfigKeys (ConfUtils.java:logGet(46)) - raft.server.log.unsafe-flush.enabled = false (default)
2022-07-27 13:50:16,406 [pool-379-thread-1] INFO  server.RaftServerConfigKeys (ConfUtils.java:logGet(46)) - raft.server.log.statemachine.data.caching.enabled = true (custom)
2022-07-27 13:50:16,406 [pool-379-thread-1] INFO  segmented.SegmentedRaftLogWorker (SegmentedRaftLogWorker.java:lambda$new$0(135)) - 68b1a215-e375-44d3-a5cb-74a1c393ca27@group-641F242E788A-SegmentedRaftLogWorker: flushIndex: setUnconditionally 0 -> -1
2022-07-27 13:50:16,406 [pool-379-thread-1] INFO  segmented.SegmentedRaftLogWorker (SegmentedRaftLogWorker.java:lambda$new$0(135)) - 68b1a215-e375-44d3-a5cb-74a1c393ca27@group-641F242E788A-SegmentedRaftLogWorker: safeCacheEvictIndex: setUnconditionally 0 -> -1
2022-07-27 13:50:16,423 [pool-379-thread-1] INFO  server.RaftServerConfigKeys (ConfUtils.java:logGet(46)) - raft.server.snapshot.auto.trigger.enabled = true (custom)
2022-07-27 13:50:16,423 [pool-379-thread-1] INFO  server.RaftServerConfigKeys (ConfUtils.java:logGet(46)) - raft.server.snapshot.auto.trigger.threshold = 10000 (custom)
2022-07-27 13:50:16,423 [pool-379-thread-1] INFO  server.RaftServerConfigKeys (ConfUtils.java:logGet(46)) - raft.server.snapshot.retention.file.num = 5 (custom)
2022-07-27 13:50:16,423 [pool-379-thread-1] INFO  server.RaftServerConfigKeys (ConfUtils.java:logGet(46)) - raft.server.log.purge.upto.snapshot.index = false (default)
2022-07-27 13:50:16,423 [pool-379-thread-1] INFO  server.RaftServerConfigKeys (ConfUtils.java:logGet(46)) - raft.server.retrycache.expirytime = 600000ms (custom)
2022-07-27 13:50:16,423 [pool-379-thread-1] INFO  server.RaftServerConfigKeys (ConfUtils.java:logGet(46)) - raft.server.retrycache.statistics.expirytime = 100μs (default)
2022-07-27 13:50:16,424 [pool-379-thread-1] INFO  server.RaftServerConfigKeys (ConfUtils.java:logGet(46)) - raft.server.log.appender.install.snapshot.enabled = false (custom)
2022-07-27 13:50:16,424 [pool-379-thread-1] INFO  server.RaftServerConfigKeys (ConfUtils.java:logGet(46)) - raft.server.threadpool.server.cached = true (default)
2022-07-27 13:50:16,424 [pool-379-thread-1] INFO  server.RaftServerConfigKeys (ConfUtils.java:logGet(46)) - raft.server.threadpool.server.size = 0 (default)
2022-07-27 13:50:16,424 [pool-379-thread-1] INFO  server.RaftServerConfigKeys (ConfUtils.java:logGet(46)) - raft.server.threadpool.client.cached = true (default)
2022-07-27 13:50:16,424 [pool-379-thread-1] INFO  server.RaftServerConfigKeys (ConfUtils.java:logGet(46)) - raft.server.threadpool.client.size = 0 (default)
2022-07-27 13:50:16,424 [pool-379-thread-1] INFO  server.RaftServer$Division (RaftServerImpl.java:start(310)) - 68b1a215-e375-44d3-a5cb-74a1c393ca27@group-641F242E788A: start as a follower, conf=-1: [68b1a215-e375-44d3-a5cb-74a1c393ca27|rpc:10.1.0.21:44933|priority:1], old=null
2022-07-27 13:50:16,424 [pool-379-thread-1] INFO  server.RaftServer$Division (RaftServerImpl.java:setRole(299)) - 68b1a215-e375-44d3-a5cb-74a1c393ca27@group-641F242E788A: changes role from      null to FOLLOWER at term 0 for startAsFollower
2022-07-27 13:50:16,424 [pool-379-thread-1] INFO  impl.RoleInfo (RoleInfo.java:updateAndGet(139)) - 68b1a215-e375-44d3-a5cb-74a1c393ca27: start 68b1a215-e375-44d3-a5cb-74a1c393ca27@group-641F242E788A-FollowerState
2022-07-27 13:50:16,427 [pool-379-thread-1] INFO  util.JmxRegister (JmxRegister.java:tryRegister(44)) - Successfully registered JMX Bean with object name Ratis:service=RaftServer,group=group-641F242E788A,id=68b1a215-e375-44d3-a5cb-74a1c393ca27
2022-07-27 13:50:16,428 [EventQueue-PipelineReportForPipelineReportHandler] INFO  pipeline.PipelineManagerImpl (PipelineManagerImpl.java:openPipeline(367)) - Pipeline Pipeline[ Id: 618a9e73-8c9f-4dda-8e49-641f242e788a, Nodes: 68b1a215-e375-44d3-a5cb-74a1c393ca27{ip: 10.1.0.21, host: fv-az217-261.5fhmivlnczbevhjmk01nzrxweh.bx.internal.cloudapp.net, ports: [REPLICATION=35705, RATIS=44933, RATIS_ADMIN=44933, RATIS_SERVER=44933, STANDALONE=35225], networkLocation: /default-rack, certSerialId: null, persistedOpState: IN_SERVICE, persistedOpStateExpiryEpochSec: 0}, ReplicationConfig: RATIS/ONE, State:ALLOCATED, leaderId:68b1a215-e375-44d3-a5cb-74a1c393ca27, CreationTimestamp2022-07-27T13:50:13.398Z[Etc/UTC]] moved to OPEN state
2022-07-27 13:50:16,428 [EventQueue-OpenPipelineForHealthyPipelineSafeModeRule] INFO  safemode.SCMSafeModeManager (HealthyPipelineSafeModeRule.java:process(137)) - SCM in safe mode. Healthy pipelines reported count is 0, required healthy pipeline reported count is 1
2022-07-27 13:50:16,436 [Command processor thread] INFO  ratis.XceiverServerRatis (XceiverServerRatis.java:addGroup(765)) - Created group PipelineID=618a9e73-8c9f-4dda-8e49-641f242e788a
2022-07-27 13:50:16,436 [Command processor thread] INFO  commandhandler.CreatePipelineCommandHandler (CreatePipelineCommandHandler.java:handle(113)) - Created Pipeline RATIS ONE PipelineID=618a9e73-8c9f-4dda-8e49-641f242e788a.
2022-07-27 13:50:16,934 [Listener at 127.0.0.1/46277] INFO  ozone.MiniOzoneClusterImpl (MiniOzoneClusterImpl.java:lambda$waitForClusterToBeReady$0(216)) - Nodes are ready. Got 5 of 5 DN Heartbeats.
2022-07-27 13:50:16,935 [Listener at 127.0.0.1/46277] INFO  ozone.MiniOzoneClusterImpl (MiniOzoneClusterImpl.java:lambda$waitForClusterToBeReady$0(219)) - Waiting for cluster to exit safe mode
2022-07-27 13:50:16,935 [Listener at 127.0.0.1/46277] INFO  ozone.MiniOzoneClusterImpl (MiniOzoneClusterImpl.java:lambda$waitForClusterToBeReady$0(221)) - SCM became leader
2022-07-27 13:50:17,180 [Command processor thread] INFO  server.RaftServer (RaftServerProxy.java:addNew(96)) - 4368bcce-d3a4-4966-9cea-5707d0aefce9: addNew group-28A629B2C966:[4368bcce-d3a4-4966-9cea-5707d0aefce9|rpc:10.1.0.21:38965|priority:1] returns group-28A629B2C966:java.util.concurrent.CompletableFuture@5f5fcbab[Not completed]
2022-07-27 13:50:17,201 [pool-402-thread-1] INFO  server.RaftServer$Division (RaftServerImpl.java:<init>(190)) - 4368bcce-d3a4-4966-9cea-5707d0aefce9: new RaftServerImpl for group-28A629B2C966:[4368bcce-d3a4-4966-9cea-5707d0aefce9|rpc:10.1.0.21:38965|priority:1] with ContainerStateMachine:uninitialized
2022-07-27 13:50:17,201 [pool-402-thread-1] INFO  server.RaftServerConfigKeys (ConfUtils.java:logGet(46)) - raft.server.rpc.timeout.min = 5s (custom)
2022-07-27 13:50:17,201 [pool-402-thread-1] INFO  server.RaftServerConfigKeys (ConfUtils.java:logGet(46)) - raft.server.rpc.timeout.max = 5200ms (custom)
2022-07-27 13:50:17,201 [pool-402-thread-1] INFO  server.RaftServerConfigKeys (ConfUtils.java:logGet(46)) - raft.server.rpc.sleep.time = 25ms (default)
2022-07-27 13:50:17,201 [pool-402-thread-1] INFO  server.RaftServerConfigKeys (ConfUtils.java:logGet(46)) - raft.server.rpc.slowness.timeout = 300s (custom)
2022-07-27 13:50:17,201 [pool-402-thread-1] INFO  server.RaftServerConfigKeys (ConfUtils.java:logGet(46)) - raft.server.leaderelection.leader.step-down.wait-time = 10s (default)
2022-07-27 13:50:17,202 [pool-402-thread-1] INFO  server.RaftServerConfigKeys (ConfUtils.java:logGet(46)) - raft.server.sleep.deviation.threshold = 300ms (default)
2022-07-27 13:50:17,202 [pool-402-thread-1] INFO  server.RaftServer$Division (ServerState.java:<init>(107)) - 4368bcce-d3a4-4966-9cea-5707d0aefce9@group-28A629B2C966: ConfigurationManager, init=-1: [4368bcce-d3a4-4966-9cea-5707d0aefce9|rpc:10.1.0.21:38965|priority:1], old=null, confs=<EMPTY_MAP>
2022-07-27 13:50:17,202 [pool-402-thread-1] INFO  server.RaftServerConfigKeys (ConfUtils.java:logGet(46)) - raft.server.storage.dir = [/home/runner/work/ozone/ozone/hadoop-ozone/integration-test/target/test-dir/MiniOzoneClusterImpl-29ab875d-7565-45f7-8a7f-94142ec04d49/datanode-3/data/ratis] (custom)
2022-07-27 13:50:17,202 [pool-402-thread-1] INFO  server.RaftServerConfigKeys (ConfUtils.java:logGet(46)) - raft.server.log.corruption.policy = EXCEPTION (default)
2022-07-27 13:50:17,202 [pool-402-thread-1] INFO  server.RaftServerConfigKeys (ConfUtils.java:logGet(46)) - raft.server.storage.free-space.min = 0MB (=0) (default)
2022-07-27 13:50:17,202 [pool-402-thread-1] INFO  storage.RaftStorageDirectory (RaftStorageDirectoryImpl.java:analyzeStorage(135)) - The storage directory /home/runner/work/ozone/ozone/hadoop-ozone/integration-test/target/test-dir/MiniOzoneClusterImpl-29ab875d-7565-45f7-8a7f-94142ec04d49/datanode-3/data/ratis/9e8cf556-a942-4a1e-b850-28a629b2c966 does not exist. Creating ...
2022-07-27 13:50:17,203 [pool-402-thread-1] INFO  storage.RaftStorageDirectory (RaftStorageDirectoryImpl.java:tryLock(230)) - Lock on /home/runner/work/ozone/ozone/hadoop-ozone/integration-test/target/test-dir/MiniOzoneClusterImpl-29ab875d-7565-45f7-8a7f-94142ec04d49/datanode-3/data/ratis/9e8cf556-a942-4a1e-b850-28a629b2c966/in_use.lock acquired by nodename 11093@fv-az217-261
2022-07-27 13:50:17,213 [pool-402-thread-1] INFO  storage.RaftStorage (RaftStorageImpl.java:format(89)) - Storage directory /home/runner/work/ozone/ozone/hadoop-ozone/integration-test/target/test-dir/MiniOzoneClusterImpl-29ab875d-7565-45f7-8a7f-94142ec04d49/datanode-3/data/ratis/9e8cf556-a942-4a1e-b850-28a629b2c966 has been successfully formatted.
2022-07-27 13:50:17,221 [pool-402-thread-1] INFO  ratis.ContainerStateMachine (ContainerStateMachine.java:loadSnapshot(236)) - group-28A629B2C966: The snapshot info is null. Setting the last applied indexto:(t:0, i:~)
2022-07-27 13:50:17,221 [pool-402-thread-1] INFO  server.RaftServerConfigKeys (ConfUtils.java:logGet(46)) - raft.server.notification.no-leader.timeout = 300s (custom)
2022-07-27 13:50:17,221 [pool-402-thread-1] INFO  server.RaftServerConfigKeys (ConfUtils.java:logGet(46)) - raft.server.log.use.memory = false (default)
2022-07-27 13:50:17,221 [pool-402-thread-1] INFO  server.RaftServerConfigKeys (ConfUtils.java:logGet(46)) - raft.server.log.purge.gap = 1000000 (custom)
2022-07-27 13:50:17,221 [pool-402-thread-1] INFO  server.RaftServerConfigKeys (ConfUtils.java:logGet(46)) - raft.server.log.appender.buffer.byte-limit = 33554432 (custom)
2022-07-27 13:50:17,221 [pool-402-thread-1] INFO  server.RaftServerConfigKeys (ConfUtils.java:logGet(46)) - raft.server.log.statemachine.data.read.timeout = 1000ms (default)
2022-07-27 13:50:17,221 [pool-402-thread-1] INFO  server.RaftServerConfigKeys (ConfUtils.java:logGet(46)) - raft.server.log.segment.size.max = 1048576 (custom)
2022-07-27 13:50:17,222 [pool-402-thread-1] INFO  server.RaftServerConfigKeys (ConfUtils.java:logGet(46)) - raft.server.log.segment.cache.num.max = 2 (custom)
2022-07-27 13:50:17,222 [pool-402-thread-1] INFO  server.RaftServerConfigKeys (ConfUtils.java:logGet(46)) - raft.server.log.segment.cache.size.max = 200MB (=209715200) (default)
2022-07-27 13:50:17,222 [EventQueue-PipelineReportForPipelineReportHandler] INFO  pipeline.PipelineManagerImpl (PipelineManagerImpl.java:openPipeline(367)) - Pipeline Pipeline[ Id: 9e8cf556-a942-4a1e-b850-28a629b2c966, Nodes: 4368bcce-d3a4-4966-9cea-5707d0aefce9{ip: 10.1.0.21, host: fv-az217-261.5fhmivlnczbevhjmk01nzrxweh.bx.internal.cloudapp.net, ports: [REPLICATION=38033, RATIS=38965, RATIS_ADMIN=38965, RATIS_SERVER=38965, STANDALONE=36003], networkLocation: /default-rack, certSerialId: null, persistedOpState: IN_SERVICE, persistedOpStateExpiryEpochSec: 0}, ReplicationConfig: RATIS/ONE, State:ALLOCATED, leaderId:4368bcce-d3a4-4966-9cea-5707d0aefce9, CreationTimestamp2022-07-27T13:50:14.180Z[Etc/UTC]] moved to OPEN state
2022-07-27 13:50:17,222 [EventQueue-OpenPipelineForHealthyPipelineSafeModeRule] INFO  safemode.SCMSafeModeManager (HealthyPipelineSafeModeRule.java:process(137)) - SCM in safe mode. Healthy pipelines reported count is 0, required healthy pipeline reported count is 1
2022-07-27 13:50:17,222 [pool-402-thread-1] INFO  segmented.SegmentedRaftLogWorker (SegmentedRaftLogWorker.java:<init>(187)) - new 4368bcce-d3a4-4966-9cea-5707d0aefce9@group-28A629B2C966-SegmentedRaftLogWorker for RaftStorageImpl:Storage Directory /home/runner/work/ozone/ozone/hadoop-ozone/integration-test/target/test-dir/MiniOzoneClusterImpl-29ab875d-7565-45f7-8a7f-94142ec04d49/datanode-3/data/ratis/9e8cf556-a942-4a1e-b850-28a629b2c966
2022-07-27 13:50:17,223 [pool-402-thread-1] INFO  server.RaftServerConfigKeys (ConfUtils.java:logGet(46)) - raft.server.log.queue.byte-limit = 4294967296 (custom)
2022-07-27 13:50:17,223 [pool-402-thread-1] INFO  server.RaftServerConfigKeys (ConfUtils.java:logGet(46)) - raft.server.log.queue.element-limit = 1024 (custom)
2022-07-27 13:50:17,223 [pool-402-thread-1] INFO  server.RaftServerConfigKeys (ConfUtils.java:logGet(46)) - raft.server.log.segment.size.max = 1048576 (custom)
2022-07-27 13:50:17,223 [pool-402-thread-1] INFO  server.RaftServerConfigKeys (ConfUtils.java:logGet(46)) - raft.server.log.preallocated.size = 16384 (custom)
2022-07-27 13:50:17,223 [pool-402-thread-1] INFO  server.RaftServerConfigKeys (ConfUtils.java:logGet(46)) - raft.server.log.force.sync.num = 128 (default)
2022-07-27 13:50:17,223 [pool-402-thread-1] INFO  server.RaftServerConfigKeys (ConfUtils.java:logGet(46)) - raft.server.log.statemachine.data.sync = true (default)
2022-07-27 13:50:17,223 [pool-402-thread-1] INFO  server.RaftServerConfigKeys (ConfUtils.java:logGet(46)) - raft.server.log.statemachine.data.sync.timeout = 10s (default)
2022-07-27 13:50:17,223 [pool-402-thread-1] INFO  server.RaftServerConfigKeys (ConfUtils.java:logGet(46)) - raft.server.log.statemachine.data.sync.timeout.retry = -1 (default)
2022-07-27 13:50:17,224 [pool-402-thread-1] INFO  server.RaftServerConfigKeys (ConfUtils.java:logGet(46)) - raft.server.log.write.buffer.size = 1048576 (custom)
2022-07-27 13:50:17,224 [pool-402-thread-1] INFO  server.RaftServerConfigKeys (ConfUtils.java:logGet(46)) - raft.server.log.unsafe-flush.enabled = false (default)
2022-07-27 13:50:17,224 [pool-402-thread-1] INFO  server.RaftServerConfigKeys (ConfUtils.java:logGet(46)) - raft.server.log.statemachine.data.caching.enabled = true (custom)
2022-07-27 13:50:17,224 [pool-402-thread-1] INFO  segmented.SegmentedRaftLogWorker (SegmentedRaftLogWorker.java:lambda$new$0(135)) - 4368bcce-d3a4-4966-9cea-5707d0aefce9@group-28A629B2C966-SegmentedRaftLogWorker: flushIndex: setUnconditionally 0 -> -1
2022-07-27 13:50:17,224 [pool-402-thread-1] INFO  segmented.SegmentedRaftLogWorker (SegmentedRaftLogWorker.java:lambda$new$0(135)) - 4368bcce-d3a4-4966-9cea-5707d0aefce9@group-28A629B2C966-SegmentedRaftLogWorker: safeCacheEvictIndex: setUnconditionally 0 -> -1
2022-07-27 13:50:17,229 [pool-402-thread-1] INFO  server.RaftServerConfigKeys (ConfUtils.java:logGet(46)) - raft.server.snapshot.auto.trigger.enabled = true (custom)
2022-07-27 13:50:17,229 [pool-402-thread-1] INFO  server.RaftServerConfigKeys (ConfUtils.java:logGet(46)) - raft.server.snapshot.auto.trigger.threshold = 10000 (custom)
2022-07-27 13:50:17,229 [pool-402-thread-1] INFO  server.RaftServerConfigKeys (ConfUtils.java:logGet(46)) - raft.server.snapshot.retention.file.num = 5 (custom)
2022-07-27 13:50:17,229 [pool-402-thread-1] INFO  server.RaftServerConfigKeys (ConfUtils.java:logGet(46)) - raft.server.log.purge.upto.snapshot.index = false (default)
2022-07-27 13:50:17,229 [pool-402-thread-1] INFO  server.RaftServerConfigKeys (ConfUtils.java:logGet(46)) - raft.server.retrycache.expirytime = 600000ms (custom)
2022-07-27 13:50:17,229 [pool-402-thread-1] INFO  server.RaftServerConfigKeys (ConfUtils.java:logGet(46)) - raft.server.retrycache.statistics.expirytime = 100μs (default)
2022-07-27 13:50:17,231 [pool-402-thread-1] INFO  server.RaftServerConfigKeys (ConfUtils.java:logGet(46)) - raft.server.log.appender.install.snapshot.enabled = false (custom)
2022-07-27 13:50:17,231 [pool-402-thread-1] INFO  server.RaftServerConfigKeys (ConfUtils.java:logGet(46)) - raft.server.threadpool.server.cached = true (default)
2022-07-27 13:50:17,231 [pool-402-thread-1] INFO  server.RaftServerConfigKeys (ConfUtils.java:logGet(46)) - raft.server.threadpool.server.size = 0 (default)
2022-07-27 13:50:17,231 [pool-402-thread-1] INFO  server.RaftServerConfigKeys (ConfUtils.java:logGet(46)) - raft.server.threadpool.client.cached = true (default)
2022-07-27 13:50:17,231 [pool-402-thread-1] INFO  server.RaftServerConfigKeys (ConfUtils.java:logGet(46)) - raft.server.threadpool.client.size = 0 (default)
2022-07-27 13:50:17,231 [pool-402-thread-1] INFO  server.RaftServer$Division (RaftServerImpl.java:start(310)) - 4368bcce-d3a4-4966-9cea-5707d0aefce9@group-28A629B2C966: start as a follower, conf=-1: [4368bcce-d3a4-4966-9cea-5707d0aefce9|rpc:10.1.0.21:38965|priority:1], old=null
2022-07-27 13:50:17,231 [pool-402-thread-1] INFO  server.RaftServer$Division (RaftServerImpl.java:setRole(299)) - 4368bcce-d3a4-4966-9cea-5707d0aefce9@group-28A629B2C966: changes role from      null to FOLLOWER at term 0 for startAsFollower
2022-07-27 13:50:17,231 [pool-402-thread-1] INFO  impl.RoleInfo (RoleInfo.java:updateAndGet(139)) - 4368bcce-d3a4-4966-9cea-5707d0aefce9: start 4368bcce-d3a4-4966-9cea-5707d0aefce9@group-28A629B2C966-FollowerState
2022-07-27 13:50:17,239 [pool-402-thread-1] INFO  util.JmxRegister (JmxRegister.java:tryRegister(44)) - Successfully registered JMX Bean with object name Ratis:service=RaftServer,group=group-28A629B2C966,id=4368bcce-d3a4-4966-9cea-5707d0aefce9
2022-07-27 13:50:17,247 [Command processor thread] INFO  ratis.XceiverServerRatis (XceiverServerRatis.java:addGroup(765)) - Created group PipelineID=9e8cf556-a942-4a1e-b850-28a629b2c966
2022-07-27 13:50:17,247 [Command processor thread] INFO  commandhandler.CreatePipelineCommandHandler (CreatePipelineCommandHandler.java:handle(113)) - Created Pipeline RATIS ONE PipelineID=9e8cf556-a942-4a1e-b850-28a629b2c966.
2022-07-27 13:50:17,935 [Listener at 127.0.0.1/46277] INFO  ozone.MiniOzoneClusterImpl (MiniOzoneClusterImpl.java:lambda$waitForClusterToBeReady$0(216)) - Nodes are ready. Got 5 of 5 DN Heartbeats.
2022-07-27 13:50:17,935 [Listener at 127.0.0.1/46277] INFO  ozone.MiniOzoneClusterImpl (MiniOzoneClusterImpl.java:lambda$waitForClusterToBeReady$0(219)) - Waiting for cluster to exit safe mode
2022-07-27 13:50:17,935 [Listener at 127.0.0.1/46277] INFO  ozone.MiniOzoneClusterImpl (MiniOzoneClusterImpl.java:lambda$waitForClusterToBeReady$0(221)) - SCM became leader
2022-07-27 13:50:18,033 [Command processor thread] INFO  server.RaftServer (RaftServerProxy.java:addNew(96)) - b1f21995-8a75-4aec-821c-59eaee93e6a8: addNew group-8B1BC287C88A:[b1f21995-8a75-4aec-821c-59eaee93e6a8|rpc:10.1.0.21:35633|priority:1] returns group-8B1BC287C88A:java.util.concurrent.CompletableFuture@22134671[Not completed]
2022-07-27 13:50:18,038 [pool-429-thread-1] INFO  server.RaftServer$Division (RaftServerImpl.java:<init>(190)) - b1f21995-8a75-4aec-821c-59eaee93e6a8: new RaftServerImpl for group-8B1BC287C88A:[b1f21995-8a75-4aec-821c-59eaee93e6a8|rpc:10.1.0.21:35633|priority:1] with ContainerStateMachine:uninitialized
2022-07-27 13:50:18,038 [pool-429-thread-1] INFO  server.RaftServerConfigKeys (ConfUtils.java:logGet(46)) - raft.server.rpc.timeout.min = 5s (custom)
2022-07-27 13:50:18,038 [pool-429-thread-1] INFO  server.RaftServerConfigKeys (ConfUtils.java:logGet(46)) - raft.server.rpc.timeout.max = 5200ms (custom)
2022-07-27 13:50:18,038 [pool-429-thread-1] INFO  server.RaftServerConfigKeys (ConfUtils.java:logGet(46)) - raft.server.rpc.sleep.time = 25ms (default)
2022-07-27 13:50:18,038 [pool-429-thread-1] INFO  server.RaftServerConfigKeys (ConfUtils.java:logGet(46)) - raft.server.rpc.slowness.timeout = 300s (custom)
2022-07-27 13:50:18,038 [pool-429-thread-1] INFO  server.RaftServerConfigKeys (ConfUtils.java:logGet(46)) - raft.server.leaderelection.leader.step-down.wait-time = 10s (default)
2022-07-27 13:50:18,038 [pool-429-thread-1] INFO  server.RaftServerConfigKeys (ConfUtils.java:logGet(46)) - raft.server.sleep.deviation.threshold = 300ms (default)
2022-07-27 13:50:18,038 [pool-429-thread-1] INFO  server.RaftServer$Division (ServerState.java:<init>(107)) - b1f21995-8a75-4aec-821c-59eaee93e6a8@group-8B1BC287C88A: ConfigurationManager, init=-1: [b1f21995-8a75-4aec-821c-59eaee93e6a8|rpc:10.1.0.21:35633|priority:1], old=null, confs=<EMPTY_MAP>
2022-07-27 13:50:18,038 [pool-429-thread-1] INFO  server.RaftServerConfigKeys (ConfUtils.java:logGet(46)) - raft.server.storage.dir = [/home/runner/work/ozone/ozone/hadoop-ozone/integration-test/target/test-dir/MiniOzoneClusterImpl-29ab875d-7565-45f7-8a7f-94142ec04d49/datanode-4/data/ratis] (custom)
2022-07-27 13:50:18,039 [pool-429-thread-1] INFO  server.RaftServerConfigKeys (ConfUtils.java:logGet(46)) - raft.server.log.corruption.policy = EXCEPTION (default)
2022-07-27 13:50:18,040 [pool-429-thread-1] INFO  server.RaftServerConfigKeys (ConfUtils.java:logGet(46)) - raft.server.storage.free-space.min = 0MB (=0) (default)
2022-07-27 13:50:18,041 [pool-429-thread-1] INFO  storage.RaftStorageDirectory (RaftStorageDirectoryImpl.java:analyzeStorage(135)) - The storage directory /home/runner/work/ozone/ozone/hadoop-ozone/integration-test/target/test-dir/MiniOzoneClusterImpl-29ab875d-7565-45f7-8a7f-94142ec04d49/datanode-4/data/ratis/b2c22f31-85a5-4678-8022-8b1bc287c88a does not exist. Creating ...
2022-07-27 13:50:18,048 [pool-429-thread-1] INFO  storage.RaftStorageDirectory (RaftStorageDirectoryImpl.java:tryLock(230)) - Lock on /home/runner/work/ozone/ozone/hadoop-ozone/integration-test/target/test-dir/MiniOzoneClusterImpl-29ab875d-7565-45f7-8a7f-94142ec04d49/datanode-4/data/ratis/b2c22f31-85a5-4678-8022-8b1bc287c88a/in_use.lock acquired by nodename 11093@fv-az217-261
2022-07-27 13:50:18,051 [pool-429-thread-1] INFO  storage.RaftStorage (RaftStorageImpl.java:format(89)) - Storage directory /home/runner/work/ozone/ozone/hadoop-ozone/integration-test/target/test-dir/MiniOzoneClusterImpl-29ab875d-7565-45f7-8a7f-94142ec04d49/datanode-4/data/ratis/b2c22f31-85a5-4678-8022-8b1bc287c88a has been successfully formatted.
2022-07-27 13:50:18,056 [EventQueue-PipelineReportForPipelineReportHandler] INFO  pipeline.PipelineManagerImpl (PipelineManagerImpl.java:openPipeline(367)) - Pipeline Pipeline[ Id: b2c22f31-85a5-4678-8022-8b1bc287c88a, Nodes: b1f21995-8a75-4aec-821c-59eaee93e6a8{ip: 10.1.0.21, host: fv-az217-261.5fhmivlnczbevhjmk01nzrxweh.bx.internal.cloudapp.net, ports: [REPLICATION=41787, RATIS=35633, RATIS_ADMIN=35633, RATIS_SERVER=35633, STANDALONE=34949], networkLocation: /default-rack, certSerialId: null, persistedOpState: IN_SERVICE, persistedOpStateExpiryEpochSec: 0}, ReplicationConfig: RATIS/ONE, State:ALLOCATED, leaderId:b1f21995-8a75-4aec-821c-59eaee93e6a8, CreationTimestamp2022-07-27T13:50:15.034Z[Etc/UTC]] moved to OPEN state
2022-07-27 13:50:18,056 [EventQueue-OpenPipelineForHealthyPipelineSafeModeRule] INFO  safemode.SCMSafeModeManager (HealthyPipelineSafeModeRule.java:process(137)) - SCM in safe mode. Healthy pipelines reported count is 0, required healthy pipeline reported count is 1
2022-07-27 13:50:18,057 [pool-429-thread-1] INFO  ratis.ContainerStateMachine (ContainerStateMachine.java:loadSnapshot(236)) - group-8B1BC287C88A: The snapshot info is null. Setting the last applied indexto:(t:0, i:~)
2022-07-27 13:50:18,057 [pool-429-thread-1] INFO  server.RaftServerConfigKeys (ConfUtils.java:logGet(46)) - raft.server.notification.no-leader.timeout = 300s (custom)
2022-07-27 13:50:18,057 [pool-429-thread-1] INFO  server.RaftServerConfigKeys (ConfUtils.java:logGet(46)) - raft.server.log.use.memory = false (default)
2022-07-27 13:50:18,057 [pool-429-thread-1] INFO  server.RaftServerConfigKeys (ConfUtils.java:logGet(46)) - raft.server.log.purge.gap = 1000000 (custom)
2022-07-27 13:50:18,057 [pool-429-thread-1] INFO  server.RaftServerConfigKeys (ConfUtils.java:logGet(46)) - raft.server.log.appender.buffer.byte-limit = 33554432 (custom)
2022-07-27 13:50:18,057 [pool-429-thread-1] INFO  server.RaftServerConfigKeys (ConfUtils.java:logGet(46)) - raft.server.log.statemachine.data.read.timeout = 1000ms (default)
2022-07-27 13:50:18,057 [pool-429-thread-1] INFO  server.RaftServerConfigKeys (ConfUtils.java:logGet(46)) - raft.server.log.segment.size.max = 1048576 (custom)
2022-07-27 13:50:18,065 [pool-429-thread-1] INFO  server.RaftServerConfigKeys (ConfUtils.java:logGet(46)) - raft.server.log.segment.cache.num.max = 2 (custom)
2022-07-27 13:50:18,065 [pool-429-thread-1] INFO  server.RaftServerConfigKeys (ConfUtils.java:logGet(46)) - raft.server.log.segment.cache.size.max = 200MB (=209715200) (default)
2022-07-27 13:50:18,065 [pool-429-thread-1] INFO  segmented.SegmentedRaftLogWorker (SegmentedRaftLogWorker.java:<init>(187)) - new b1f21995-8a75-4aec-821c-59eaee93e6a8@group-8B1BC287C88A-SegmentedRaftLogWorker for RaftStorageImpl:Storage Directory /home/runner/work/ozone/ozone/hadoop-ozone/integration-test/target/test-dir/MiniOzoneClusterImpl-29ab875d-7565-45f7-8a7f-94142ec04d49/datanode-4/data/ratis/b2c22f31-85a5-4678-8022-8b1bc287c88a
2022-07-27 13:50:18,065 [pool-429-thread-1] INFO  server.RaftServerConfigKeys (ConfUtils.java:logGet(46)) - raft.server.log.queue.byte-limit = 4294967296 (custom)
2022-07-27 13:50:18,065 [pool-429-thread-1] INFO  server.RaftServerConfigKeys (ConfUtils.java:logGet(46)) - raft.server.log.queue.element-limit = 1024 (custom)
2022-07-27 13:50:18,065 [pool-429-thread-1] INFO  server.RaftServerConfigKeys (ConfUtils.java:logGet(46)) - raft.server.log.segment.size.max = 1048576 (custom)
2022-07-27 13:50:18,065 [pool-429-thread-1] INFO  server.RaftServerConfigKeys (ConfUtils.java:logGet(46)) - raft.server.log.preallocated.size = 16384 (custom)
2022-07-27 13:50:18,065 [pool-429-thread-1] INFO  server.RaftServerConfigKeys (ConfUtils.java:logGet(46)) - raft.server.log.force.sync.num = 128 (default)
2022-07-27 13:50:18,065 [pool-429-thread-1] INFO  server.RaftServerConfigKeys (ConfUtils.java:logGet(46)) - raft.server.log.statemachine.data.sync = true (default)
2022-07-27 13:50:18,065 [pool-429-thread-1] INFO  server.RaftServerConfigKeys (ConfUtils.java:logGet(46)) - raft.server.log.statemachine.data.sync.timeout = 10s (default)
2022-07-27 13:50:18,065 [pool-429-thread-1] INFO  server.RaftServerConfigKeys (ConfUtils.java:logGet(46)) - raft.server.log.statemachine.data.sync.timeout.retry = -1 (default)
2022-07-27 13:50:18,066 [pool-429-thread-1] INFO  server.RaftServerConfigKeys (ConfUtils.java:logGet(46)) - raft.server.log.write.buffer.size = 1048576 (custom)
2022-07-27 13:50:18,066 [pool-429-thread-1] INFO  server.RaftServerConfigKeys (ConfUtils.java:logGet(46)) - raft.server.log.unsafe-flush.enabled = false (default)
2022-07-27 13:50:18,066 [pool-429-thread-1] INFO  server.RaftServerConfigKeys (ConfUtils.java:logGet(46)) - raft.server.log.statemachine.data.caching.enabled = true (custom)
2022-07-27 13:50:18,066 [pool-429-thread-1] INFO  segmented.SegmentedRaftLogWorker (SegmentedRaftLogWorker.java:lambda$new$0(135)) - b1f21995-8a75-4aec-821c-59eaee93e6a8@group-8B1BC287C88A-SegmentedRaftLogWorker: flushIndex: setUnconditionally 0 -> -1
2022-07-27 13:50:18,066 [pool-429-thread-1] INFO  segmented.SegmentedRaftLogWorker (SegmentedRaftLogWorker.java:lambda$new$0(135)) - b1f21995-8a75-4aec-821c-59eaee93e6a8@group-8B1BC287C88A-SegmentedRaftLogWorker: safeCacheEvictIndex: setUnconditionally 0 -> -1
2022-07-27 13:50:18,077 [pool-429-thread-1] INFO  server.RaftServerConfigKeys (ConfUtils.java:logGet(46)) - raft.server.snapshot.auto.trigger.enabled = true (custom)
2022-07-27 13:50:18,078 [pool-429-thread-1] INFO  server.RaftServerConfigKeys (ConfUtils.java:logGet(46)) - raft.server.snapshot.auto.trigger.threshold = 10000 (custom)
2022-07-27 13:50:18,078 [pool-429-thread-1] INFO  server.RaftServerConfigKeys (ConfUtils.java:logGet(46)) - raft.server.snapshot.retention.file.num = 5 (custom)
2022-07-27 13:50:18,079 [pool-429-thread-1] INFO  server.RaftServerConfigKeys (ConfUtils.java:logGet(46)) - raft.server.log.purge.upto.snapshot.index = false (default)
2022-07-27 13:50:18,079 [pool-429-thread-1] INFO  server.RaftServerConfigKeys (ConfUtils.java:logGet(46)) - raft.server.retrycache.expirytime = 600000ms (custom)
2022-07-27 13:50:18,079 [pool-429-thread-1] INFO  server.RaftServerConfigKeys (ConfUtils.java:logGet(46)) - raft.server.retrycache.statistics.expirytime = 100μs (default)
2022-07-27 13:50:18,080 [pool-429-thread-1] INFO  server.RaftServerConfigKeys (ConfUtils.java:logGet(46)) - raft.server.log.appender.install.snapshot.enabled = false (custom)
2022-07-27 13:50:18,080 [pool-429-thread-1] INFO  server.RaftServerConfigKeys (ConfUtils.java:logGet(46)) - raft.server.threadpool.server.cached = true (default)
2022-07-27 13:50:18,080 [pool-429-thread-1] INFO  server.RaftServerConfigKeys (ConfUtils.java:logGet(46)) - raft.server.threadpool.server.size = 0 (default)
2022-07-27 13:50:18,080 [pool-429-thread-1] INFO  server.RaftServerConfigKeys (ConfUtils.java:logGet(46)) - raft.server.threadpool.client.cached = true (default)
2022-07-27 13:50:18,080 [pool-429-thread-1] INFO  server.RaftServerConfigKeys (ConfUtils.java:logGet(46)) - raft.server.threadpool.client.size = 0 (default)
2022-07-27 13:50:18,080 [pool-429-thread-1] INFO  server.RaftServer$Division (RaftServerImpl.java:start(310)) - b1f21995-8a75-4aec-821c-59eaee93e6a8@group-8B1BC287C88A: start as a follower, conf=-1: [b1f21995-8a75-4aec-821c-59eaee93e6a8|rpc:10.1.0.21:35633|priority:1], old=null
2022-07-27 13:50:18,080 [pool-429-thread-1] INFO  server.RaftServer$Division (RaftServerImpl.java:setRole(299)) - b1f21995-8a75-4aec-821c-59eaee93e6a8@group-8B1BC287C88A: changes role from      null to FOLLOWER at term 0 for startAsFollower
2022-07-27 13:50:18,080 [pool-429-thread-1] INFO  impl.RoleInfo (RoleInfo.java:updateAndGet(139)) - b1f21995-8a75-4aec-821c-59eaee93e6a8: start b1f21995-8a75-4aec-821c-59eaee93e6a8@group-8B1BC287C88A-FollowerState
2022-07-27 13:50:18,086 [pool-429-thread-1] INFO  util.JmxRegister (JmxRegister.java:tryRegister(44)) - Successfully registered JMX Bean with object name Ratis:service=RaftServer,group=group-8B1BC287C88A,id=b1f21995-8a75-4aec-821c-59eaee93e6a8
2022-07-27 13:50:18,087 [Command processor thread] INFO  ratis.XceiverServerRatis (XceiverServerRatis.java:addGroup(765)) - Created group PipelineID=b2c22f31-85a5-4678-8022-8b1bc287c88a
2022-07-27 13:50:18,087 [Command processor thread] INFO  commandhandler.CreatePipelineCommandHandler (CreatePipelineCommandHandler.java:handle(113)) - Created Pipeline RATIS ONE PipelineID=b2c22f31-85a5-4678-8022-8b1bc287c88a.
2022-07-27 13:50:18,935 [Listener at 127.0.0.1/46277] INFO  ozone.MiniOzoneClusterImpl (MiniOzoneClusterImpl.java:lambda$waitForClusterToBeReady$0(216)) - Nodes are ready. Got 5 of 5 DN Heartbeats.
2022-07-27 13:50:18,936 [Listener at 127.0.0.1/46277] INFO  ozone.MiniOzoneClusterImpl (MiniOzoneClusterImpl.java:lambda$waitForClusterToBeReady$0(219)) - Waiting for cluster to exit safe mode
2022-07-27 13:50:18,936 [Listener at 127.0.0.1/46277] INFO  ozone.MiniOzoneClusterImpl (MiniOzoneClusterImpl.java:lambda$waitForClusterToBeReady$0(221)) - SCM became leader
2022-07-27 13:50:19,778 [e71fbb36-3969-41f7-998b-9a309dacec97@group-95DCFDDAE3B9-FollowerState] INFO  impl.FollowerState (FollowerState.java:run(143)) - e71fbb36-3969-41f7-998b-9a309dacec97@group-95DCFDDAE3B9-FollowerState: change to CANDIDATE, lastRpcElapsedTime:5028913404ns, electionTimeout:5028ms
2022-07-27 13:50:19,779 [e71fbb36-3969-41f7-998b-9a309dacec97@group-95DCFDDAE3B9-FollowerState] INFO  impl.RoleInfo (RoleInfo.java:shutdownFollowerState(110)) - e71fbb36-3969-41f7-998b-9a309dacec97: shutdown e71fbb36-3969-41f7-998b-9a309dacec97@group-95DCFDDAE3B9-FollowerState
2022-07-27 13:50:19,779 [e71fbb36-3969-41f7-998b-9a309dacec97@group-95DCFDDAE3B9-FollowerState] INFO  server.RaftServer$Division (RaftServerImpl.java:setRole(299)) - e71fbb36-3969-41f7-998b-9a309dacec97@group-95DCFDDAE3B9: changes role from  FOLLOWER to CANDIDATE at term 0 for changeToCandidate
2022-07-27 13:50:19,779 [e71fbb36-3969-41f7-998b-9a309dacec97@group-95DCFDDAE3B9-FollowerState] INFO  server.RaftServerConfigKeys (ConfUtils.java:logGet(46)) - raft.server.leaderelection.pre-vote = false (custom)
2022-07-27 13:50:19,779 [e71fbb36-3969-41f7-998b-9a309dacec97@group-95DCFDDAE3B9-FollowerState] INFO  impl.RoleInfo (RoleInfo.java:updateAndGet(139)) - e71fbb36-3969-41f7-998b-9a309dacec97: start e71fbb36-3969-41f7-998b-9a309dacec97@group-95DCFDDAE3B9-LeaderElection15
2022-07-27 13:50:19,797 [e71fbb36-3969-41f7-998b-9a309dacec97@group-95DCFDDAE3B9-LeaderElection15] INFO  impl.LeaderElection (LeaderElection.java:askForVotes(310)) - e71fbb36-3969-41f7-998b-9a309dacec97@group-95DCFDDAE3B9-LeaderElection15 ELECTION round 0: submit vote requests at term 1 for -1: [307e1e91-324e-43cf-a54a-5645731ed350|rpc:10.1.0.21:40907|priority:0, e71fbb36-3969-41f7-998b-9a309dacec97|rpc:10.1.0.21:38701|priority:1, 68b1a215-e375-44d3-a5cb-74a1c393ca27|rpc:10.1.0.21:44933|priority:0], old=null
2022-07-27 13:50:19,821 [grpc-default-executor-0] INFO  server.RaftServer$Division (RaftServerImpl.java:requestVote(1152)) - 307e1e91-324e-43cf-a54a-5645731ed350@group-95DCFDDAE3B9: receive requestVote(ELECTION, e71fbb36-3969-41f7-998b-9a309dacec97, group-95DCFDDAE3B9, 1, (t:0, i:0))
2022-07-27 13:50:19,821 [grpc-default-executor-0] INFO  impl.VoteContext (VoteContext.java:log(48)) - 307e1e91-324e-43cf-a54a-5645731ed350@group-95DCFDDAE3B9-FOLLOWER: accept ELECTION from e71fbb36-3969-41f7-998b-9a309dacec97: our priority 0 <= candidate's priority 1
2022-07-27 13:50:19,821 [grpc-default-executor-0] INFO  server.RaftServer$Division (RaftServerImpl.java:setRole(299)) - 307e1e91-324e-43cf-a54a-5645731ed350@group-95DCFDDAE3B9: changes role from  FOLLOWER to FOLLOWER at term 1 for candidate:e71fbb36-3969-41f7-998b-9a309dacec97
2022-07-27 13:50:19,821 [grpc-default-executor-0] INFO  impl.RoleInfo (RoleInfo.java:shutdownFollowerState(110)) - 307e1e91-324e-43cf-a54a-5645731ed350: shutdown 307e1e91-324e-43cf-a54a-5645731ed350@group-95DCFDDAE3B9-FollowerState
2022-07-27 13:50:19,821 [grpc-default-executor-0] INFO  impl.RoleInfo (RoleInfo.java:updateAndGet(139)) - 307e1e91-324e-43cf-a54a-5645731ed350: start 307e1e91-324e-43cf-a54a-5645731ed350@group-95DCFDDAE3B9-FollowerState
2022-07-27 13:50:19,821 [307e1e91-324e-43cf-a54a-5645731ed350@group-95DCFDDAE3B9-FollowerState] INFO  impl.FollowerState (FollowerState.java:run(152)) - 307e1e91-324e-43cf-a54a-5645731ed350@group-95DCFDDAE3B9-FollowerState was interrupted
2022-07-27 13:50:19,843 [grpc-default-executor-0] INFO  server.RaftServer$Division (RaftServerImpl.java:requestVote(1184)) - 307e1e91-324e-43cf-a54a-5645731ed350@group-95DCFDDAE3B9 replies to ELECTION vote request: e71fbb36-3969-41f7-998b-9a309dacec97<-307e1e91-324e-43cf-a54a-5645731ed350#0:OK-t1. Peer's state: 307e1e91-324e-43cf-a54a-5645731ed350@group-95DCFDDAE3B9:t1, leader=null, voted=e71fbb36-3969-41f7-998b-9a309dacec97, raftlog=307e1e91-324e-43cf-a54a-5645731ed350@group-95DCFDDAE3B9-SegmentedRaftLog:OPENED:c-1, conf=-1: [307e1e91-324e-43cf-a54a-5645731ed350|rpc:10.1.0.21:40907|dataStream:|priority:0, e71fbb36-3969-41f7-998b-9a309dacec97|rpc:10.1.0.21:38701|dataStream:|priority:1, 68b1a215-e375-44d3-a5cb-74a1c393ca27|rpc:10.1.0.21:44933|dataStream:|priority:0], old=null
2022-07-27 13:50:19,845 [e71fbb36-3969-41f7-998b-9a309dacec97@group-95DCFDDAE3B9-LeaderElection15] INFO  impl.LeaderElection (LeaderElection.java:logAndReturn(90)) - e71fbb36-3969-41f7-998b-9a309dacec97@group-95DCFDDAE3B9-LeaderElection15: ELECTION PASSED received 1 response(s) and 0 exception(s):
2022-07-27 13:50:19,845 [e71fbb36-3969-41f7-998b-9a309dacec97@group-95DCFDDAE3B9-LeaderElection15] INFO  impl.LeaderElection (LeaderElection.java:logAndReturn(94)) -   Response 0: e71fbb36-3969-41f7-998b-9a309dacec97<-307e1e91-324e-43cf-a54a-5645731ed350#0:OK-t1
2022-07-27 13:50:19,845 [e71fbb36-3969-41f7-998b-9a309dacec97@group-95DCFDDAE3B9-LeaderElection15] INFO  impl.LeaderElection (LeaderElection.java:askForVotes(312)) - e71fbb36-3969-41f7-998b-9a309dacec97@group-95DCFDDAE3B9-LeaderElection15 ELECTION round 0: result PASSED
2022-07-27 13:50:19,845 [e71fbb36-3969-41f7-998b-9a309dacec97@group-95DCFDDAE3B9-LeaderElection15] INFO  impl.RoleInfo (RoleInfo.java:shutdownLeaderElection(130)) - e71fbb36-3969-41f7-998b-9a309dacec97: shutdown e71fbb36-3969-41f7-998b-9a309dacec97@group-95DCFDDAE3B9-LeaderElection15
2022-07-27 13:50:19,845 [e71fbb36-3969-41f7-998b-9a309dacec97@group-95DCFDDAE3B9-LeaderElection15] INFO  server.RaftServer$Division (RaftServerImpl.java:setRole(299)) - e71fbb36-3969-41f7-998b-9a309dacec97@group-95DCFDDAE3B9: changes role from CANDIDATE to LEADER at term 1 for changeToLeader
2022-07-27 13:50:19,845 [e71fbb36-3969-41f7-998b-9a309dacec97@group-95DCFDDAE3B9-LeaderElection15] INFO  ratis.XceiverServerRatis (XceiverServerRatis.java:handleLeaderChangedNotification(863)) - Leader change notification received for group: group-95DCFDDAE3B9 with new leaderId: e71fbb36-3969-41f7-998b-9a309dacec97
2022-07-27 13:50:19,845 [e71fbb36-3969-41f7-998b-9a309dacec97@group-95DCFDDAE3B9-LeaderElection15] INFO  server.RaftServer$Division (ServerState.java:setLeader(287)) - e71fbb36-3969-41f7-998b-9a309dacec97@group-95DCFDDAE3B9: change Leader from null to e71fbb36-3969-41f7-998b-9a309dacec97 at term 1 for becomeLeader, leader elected after 5108ms
2022-07-27 13:50:19,845 [e71fbb36-3969-41f7-998b-9a309dacec97@group-95DCFDDAE3B9-LeaderElection15] INFO  server.RaftServerConfigKeys (ConfUtils.java:logGet(46)) - raft.server.staging.catchup.gap = 1000 (default)
2022-07-27 13:50:19,846 [e71fbb36-3969-41f7-998b-9a309dacec97@group-95DCFDDAE3B9-LeaderElection15] INFO  server.RaftServerConfigKeys (ConfUtils.java:logGet(46)) - raft.server.write.element-limit = 1024 (custom)
2022-07-27 13:50:19,846 [e71fbb36-3969-41f7-998b-9a309dacec97@group-95DCFDDAE3B9-LeaderElection15] INFO  server.RaftServerConfigKeys (ConfUtils.java:logGet(46)) - raft.server.write.byte-limit = 1024 M (=1073741824) (custom)
2022-07-27 13:50:19,846 [e71fbb36-3969-41f7-998b-9a309dacec97@group-95DCFDDAE3B9-LeaderElection15] INFO  server.RaftServerConfigKeys (ConfUtils.java:logGet(46)) - raft.server.watch.timeout = 180s (custom)
2022-07-27 13:50:19,846 [e71fbb36-3969-41f7-998b-9a309dacec97@group-95DCFDDAE3B9-LeaderElection15] INFO  server.RaftServerConfigKeys (ConfUtils.java:logGet(46)) - raft.server.watch.timeout.denomination = 1s (default)
2022-07-27 13:50:19,846 [e71fbb36-3969-41f7-998b-9a309dacec97@group-95DCFDDAE3B9-LeaderElection15] INFO  server.RaftServerConfigKeys (ConfUtils.java:logGet(46)) - raft.server.watch.element-limit = 65536 (default)
2022-07-27 13:50:19,846 [e71fbb36-3969-41f7-998b-9a309dacec97@group-95DCFDDAE3B9-LeaderElection15] INFO  server.RaftServerConfigKeys (ConfUtils.java:logGet(46)) - raft.server.write.element-limit = 1024 (custom)
2022-07-27 13:50:19,846 [e71fbb36-3969-41f7-998b-9a309dacec97@group-95DCFDDAE3B9-LeaderElection15] INFO  server.RaftServerConfigKeys (ConfUtils.java:logGet(46)) - raft.server.write.follower.gap.ratio.max = -1.0 (default)
2022-07-27 13:50:19,847 [e71fbb36-3969-41f7-998b-9a309dacec97@group-95DCFDDAE3B9-LeaderElection15] INFO  server.RaftServerConfigKeys (ConfUtils.java:logGet(46)) - raft.server.log.appender.snapshot.chunk.size.max = 16MB (=16777216) (default)
2022-07-27 13:50:19,847 [e71fbb36-3969-41f7-998b-9a309dacec97@group-95DCFDDAE3B9-LeaderElection15] INFO  server.RaftServerConfigKeys (ConfUtils.java:logGet(46)) - raft.server.log.appender.buffer.byte-limit = 33554432 (custom)
2022-07-27 13:50:19,847 [e71fbb36-3969-41f7-998b-9a309dacec97@group-95DCFDDAE3B9-LeaderElection15] INFO  server.RaftServerConfigKeys (ConfUtils.java:logGet(46)) - raft.server.log.appender.buffer.element-limit = 1 (custom)
2022-07-27 13:50:19,853 [e71fbb36-3969-41f7-998b-9a309dacec97@group-95DCFDDAE3B9-LeaderElection15] INFO  grpc.GrpcConfigKeys (ConfUtils.java:logGet(46)) - raft.grpc.server.leader.outstanding.appends.max = 128 (default)
2022-07-27 13:50:19,853 [e71fbb36-3969-41f7-998b-9a309dacec97@group-95DCFDDAE3B9-LeaderElection15] INFO  server.RaftServerConfigKeys (ConfUtils.java:logGet(46)) - raft.server.rpc.request.timeout = 60s (custom)
2022-07-27 13:50:19,853 [e71fbb36-3969-41f7-998b-9a309dacec97@group-95DCFDDAE3B9-LeaderElection15] INFO  server.RaftServerConfigKeys (ConfUtils.java:logGet(46)) - raft.server.log.appender.install.snapshot.enabled = false (custom)
2022-07-27 13:50:19,854 [e71fbb36-3969-41f7-998b-9a309dacec97@group-95DCFDDAE3B9-LeaderElection15] INFO  server.RaftServerConfigKeys (ConfUtils.java:logGet(46)) - raft.server.log.appender.snapshot.chunk.size.max = 16MB (=16777216) (default)
2022-07-27 13:50:19,854 [e71fbb36-3969-41f7-998b-9a309dacec97@group-95DCFDDAE3B9-LeaderElection15] INFO  server.RaftServerConfigKeys (ConfUtils.java:logGet(46)) - raft.server.log.appender.buffer.byte-limit = 33554432 (custom)
2022-07-27 13:50:19,854 [e71fbb36-3969-41f7-998b-9a309dacec97@group-95DCFDDAE3B9-LeaderElection15] INFO  server.RaftServerConfigKeys (ConfUtils.java:logGet(46)) - raft.server.log.appender.buffer.element-limit = 1 (custom)
2022-07-27 13:50:19,854 [e71fbb36-3969-41f7-998b-9a309dacec97@group-95DCFDDAE3B9-LeaderElection15] INFO  grpc.GrpcConfigKeys (ConfUtils.java:logGet(46)) - raft.grpc.server.leader.outstanding.appends.max = 128 (default)
2022-07-27 13:50:19,854 [e71fbb36-3969-41f7-998b-9a309dacec97@group-95DCFDDAE3B9-LeaderElection15] INFO  server.RaftServerConfigKeys (ConfUtils.java:logGet(46)) - raft.server.rpc.request.timeout = 60s (custom)
2022-07-27 13:50:19,855 [e71fbb36-3969-41f7-998b-9a309dacec97@group-95DCFDDAE3B9-LeaderElection15] INFO  server.RaftServerConfigKeys (ConfUtils.java:logGet(46)) - raft.server.log.appender.install.snapshot.enabled = false (custom)
2022-07-27 13:50:19,855 [e71fbb36-3969-41f7-998b-9a309dacec97@group-95DCFDDAE3B9-LeaderElection15] INFO  impl.RoleInfo (RoleInfo.java:updateAndGet(139)) - e71fbb36-3969-41f7-998b-9a309dacec97: start e71fbb36-3969-41f7-998b-9a309dacec97@group-95DCFDDAE3B9-LeaderStateImpl
2022-07-27 13:50:19,859 [e71fbb36-3969-41f7-998b-9a309dacec97@group-95DCFDDAE3B9-LeaderElection15] INFO  segmented.SegmentedRaftLogWorker (SegmentedRaftLogWorker.java:startLogSegment(425)) - e71fbb36-3969-41f7-998b-9a309dacec97@group-95DCFDDAE3B9-SegmentedRaftLogWorker: Starting segment from index:0
2022-07-27 13:50:19,861 [e71fbb36-3969-41f7-998b-9a309dacec97@group-95DCFDDAE3B9-SegmentedRaftLogWorker] INFO  segmented.SegmentedRaftLogWorker (SegmentedRaftLogWorker.java:execute(629)) - e71fbb36-3969-41f7-998b-9a309dacec97@group-95DCFDDAE3B9-SegmentedRaftLogWorker: created new log segment /home/runner/work/ozone/ozone/hadoop-ozone/integration-test/target/test-dir/MiniOzoneClusterImpl-29ab875d-7565-45f7-8a7f-94142ec04d49/datanode-0/data/ratis/b143bdf1-9fc2-4af8-a1c4-95dcfddae3b9/current/log_inprogress_0
2022-07-27 13:50:19,874 [e71fbb36-3969-41f7-998b-9a309dacec97@group-94FBED79EE0A-FollowerState] INFO  impl.FollowerState (FollowerState.java:run(143)) - e71fbb36-3969-41f7-998b-9a309dacec97@group-94FBED79EE0A-FollowerState: change to CANDIDATE, lastRpcElapsedTime:5158071065ns, electionTimeout:5147ms
2022-07-27 13:50:19,874 [e71fbb36-3969-41f7-998b-9a309dacec97@group-94FBED79EE0A-FollowerState] INFO  impl.RoleInfo (RoleInfo.java:shutdownFollowerState(110)) - e71fbb36-3969-41f7-998b-9a309dacec97: shutdown e71fbb36-3969-41f7-998b-9a309dacec97@group-94FBED79EE0A-FollowerState
2022-07-27 13:50:19,874 [e71fbb36-3969-41f7-998b-9a309dacec97@group-94FBED79EE0A-FollowerState] INFO  server.RaftServer$Division (RaftServerImpl.java:setRole(299)) - e71fbb36-3969-41f7-998b-9a309dacec97@group-94FBED79EE0A: changes role from  FOLLOWER to CANDIDATE at term 0 for changeToCandidate
2022-07-27 13:50:19,890 [EventQueue-PipelineReportForPipelineReportHandler] INFO  pipeline.PipelineManagerImpl (PipelineManagerImpl.java:openPipeline(367)) - Pipeline Pipeline[ Id: b143bdf1-9fc2-4af8-a1c4-95dcfddae3b9, Nodes: e71fbb36-3969-41f7-998b-9a309dacec97{ip: 10.1.0.21, host: fv-az217-261.5fhmivlnczbevhjmk01nzrxweh.bx.internal.cloudapp.net, ports: [REPLICATION=43173, RATIS=38701, RATIS_ADMIN=38701, RATIS_SERVER=38701, STANDALONE=44877], networkLocation: /default-rack, certSerialId: null, persistedOpState: IN_SERVICE, persistedOpStateExpiryEpochSec: 0}68b1a215-e375-44d3-a5cb-74a1c393ca27{ip: 10.1.0.21, host: fv-az217-261.5fhmivlnczbevhjmk01nzrxweh.bx.internal.cloudapp.net, ports: [REPLICATION=35705, RATIS=44933, RATIS_ADMIN=44933, RATIS_SERVER=44933, STANDALONE=35225], networkLocation: /default-rack, certSerialId: null, persistedOpState: IN_SERVICE, persistedOpStateExpiryEpochSec: 0}307e1e91-324e-43cf-a54a-5645731ed350{ip: 10.1.0.21, host: fv-az217-261.5fhmivlnczbevhjmk01nzrxweh.bx.internal.cloudapp.net, ports: [REPLICATION=37515, RATIS=40907, RATIS_ADMIN=40907, RATIS_SERVER=40907, STANDALONE=38363], networkLocation: /default-rack, certSerialId: null, persistedOpState: IN_SERVICE, persistedOpStateExpiryEpochSec: 0}, ReplicationConfig: RATIS/THREE, State:ALLOCATED, leaderId:e71fbb36-3969-41f7-998b-9a309dacec97, CreationTimestamp2022-07-27T13:50:13.399Z[Etc/UTC]] moved to OPEN state
2022-07-27 13:50:19,891 [e71fbb36-3969-41f7-998b-9a309dacec97@group-95DCFDDAE3B9-LeaderElection15] INFO  server.RaftServer$Division (ServerState.java:setRaftConf(393)) - e71fbb36-3969-41f7-998b-9a309dacec97@group-95DCFDDAE3B9: set configuration 0: [307e1e91-324e-43cf-a54a-5645731ed350|rpc:10.1.0.21:40907|dataStream:|priority:0, e71fbb36-3969-41f7-998b-9a309dacec97|rpc:10.1.0.21:38701|dataStream:|priority:1, 68b1a215-e375-44d3-a5cb-74a1c393ca27|rpc:10.1.0.21:44933|dataStream:|priority:0], old=null
2022-07-27 13:50:19,892 [EventQueue-OpenPipelineForHealthyPipelineSafeModeRule] INFO  safemode.SCMSafeModeManager (HealthyPipelineSafeModeRule.java:process(137)) - SCM in safe mode. Healthy pipelines reported count is 1, required healthy pipeline reported count is 1
2022-07-27 13:50:19,892 [EventQueue-OpenPipelineForHealthyPipelineSafeModeRule] INFO  safemode.SCMSafeModeManager (SCMSafeModeManager.java:validateSafeModeExitRules(204)) - HealthyPipelineSafeModeRule rule is successfully validated
2022-07-27 13:50:19,892 [EventQueue-OpenPipelineForHealthyPipelineSafeModeRule] INFO  safemode.SCMSafeModeManager (SCMSafeModeManager.java:validateSafeModeExitRules(219)) - ScmSafeModeManager, all rules are successfully validated
2022-07-27 13:50:19,892 [EventQueue-OpenPipelineForHealthyPipelineSafeModeRule] INFO  safemode.SCMSafeModeManager (SCMSafeModeManager.java:exitSafeMode(248)) - SCM exiting safe mode.
2022-07-27 13:50:19,892 [EventQueue-OpenPipelineForHealthyPipelineSafeModeRule] WARN  events.EventQueue (EventQueue.java:fireEvent(216)) - No event handler registered for event TypedEvent{payloadType=SafeModeStatus, name='Safe mode status'}
2022-07-27 13:50:19,893 [EventQueue-OpenPipelineForHealthyPipelineSafeModeRule] INFO  ha.SCMContext (SCMContext.java:updateSafeModeStatus(228)) - Update SafeModeStatus from SafeModeStatus{safeModeStatus=true, preCheckPassed=true} to SafeModeStatus{safeModeStatus=false, preCheckPassed=true}.
2022-07-27 13:50:19,893 [EventQueue-OpenPipelineForHealthyPipelineSafeModeRule] INFO  pipeline.BackgroundPipelineCreator (BackgroundPipelineCreator.java:notifyStatusChanged(254)) - Service BackgroundPipelineCreator transitions to RUNNING.
2022-07-27 13:50:19,893 [EventQueue-OpenPipelineForHealthyPipelineSafeModeRule] INFO  BackgroundPipelineScrubber (BackgroundSCMService.java:notifyStatusChanged(82)) - Service BackgroundPipelineScrubber transitions to RUNNING.
2022-07-27 13:50:19,893 [EventQueue-OpenPipelineForHealthyPipelineSafeModeRule] INFO  ExpiredContainerReplicaOpScrubber (BackgroundSCMService.java:notifyStatusChanged(82)) - Service ExpiredContainerReplicaOpScrubber transitions to RUNNING.
2022-07-27 13:50:19,893 [EventQueue-OpenPipelineForHealthyPipelineSafeModeRule] INFO  UnderReplicatedQueueThread (BackgroundSCMService.java:notifyStatusChanged(82)) - Service UnderReplicatedQueueThread transitions to RUNNING.
2022-07-27 13:50:19,893 [EventQueue-OpenPipelineForHealthyPipelineSafeModeRule] INFO  OverReplicatedQueueThread (BackgroundSCMService.java:notifyStatusChanged(82)) - Service OverReplicatedQueueThread transitions to RUNNING.
2022-07-27 13:50:19,893 [EventQueue-OpenPipelineForHealthyPipelineSafeModeRule] INFO  replication.ReplicationManager (ReplicationManager.java:notifyStatusChanged(642)) - Service ReplicationManager transitions to RUNNING.
2022-07-27 13:50:19,893 [EventQueue-OpenPipelineForHealthyPipelineSafeModeRule] WARN  balancer.ContainerBalancer (ContainerBalancer.java:shouldRun(903)) - Could not find persisted configuration for ContainerBalancer when checking if ContainerBalancer should run. ContainerBalancer should not run now.
2022-07-27 13:50:19,931 [e71fbb36-3969-41f7-998b-9a309dacec97@group-94FBED79EE0A-FollowerState] INFO  server.RaftServerConfigKeys (ConfUtils.java:logGet(46)) - raft.server.leaderelection.pre-vote = false (custom)
2022-07-27 13:50:19,931 [e71fbb36-3969-41f7-998b-9a309dacec97@group-94FBED79EE0A-FollowerState] INFO  impl.RoleInfo (RoleInfo.java:updateAndGet(139)) - e71fbb36-3969-41f7-998b-9a309dacec97: start e71fbb36-3969-41f7-998b-9a309dacec97@group-94FBED79EE0A-LeaderElection16
2022-07-27 13:50:19,936 [Listener at 127.0.0.1/46277] INFO  ozone.MiniOzoneClusterImpl (MiniOzoneClusterImpl.java:lambda$waitForClusterToBeReady$0(216)) - Nodes are ready. Got 5 of 5 DN Heartbeats.
2022-07-27 13:50:19,936 [Listener at 127.0.0.1/46277] INFO  ozone.MiniOzoneClusterImpl (MiniOzoneClusterImpl.java:lambda$waitForClusterToBeReady$0(219)) - Cluster exits safe mode
2022-07-27 13:50:19,936 [Listener at 127.0.0.1/46277] INFO  ozone.MiniOzoneClusterImpl (MiniOzoneClusterImpl.java:lambda$waitForClusterToBeReady$0(221)) - SCM became leader
2022-07-27 13:50:19,941 [grpc-default-executor-1] INFO  server.RaftServer$Division (RaftServerImpl.java:requestVote(1152)) - 68b1a215-e375-44d3-a5cb-74a1c393ca27@group-95DCFDDAE3B9: receive requestVote(ELECTION, e71fbb36-3969-41f7-998b-9a309dacec97, group-95DCFDDAE3B9, 1, (t:0, i:0))
2022-07-27 13:50:19,941 [grpc-default-executor-1] INFO  impl.VoteContext (VoteContext.java:log(48)) - 68b1a215-e375-44d3-a5cb-74a1c393ca27@group-95DCFDDAE3B9-FOLLOWER: accept ELECTION from e71fbb36-3969-41f7-998b-9a309dacec97: our priority 0 <= candidate's priority 1
2022-07-27 13:50:19,941 [grpc-default-executor-1] INFO  server.RaftServer$Division (RaftServerImpl.java:setRole(299)) - 68b1a215-e375-44d3-a5cb-74a1c393ca27@group-95DCFDDAE3B9: changes role from  FOLLOWER to FOLLOWER at term 1 for candidate:e71fbb36-3969-41f7-998b-9a309dacec97
2022-07-27 13:50:19,941 [grpc-default-executor-1] INFO  impl.RoleInfo (RoleInfo.java:shutdownFollowerState(110)) - 68b1a215-e375-44d3-a5cb-74a1c393ca27: shutdown 68b1a215-e375-44d3-a5cb-74a1c393ca27@group-95DCFDDAE3B9-FollowerState
2022-07-27 13:50:19,951 [grpc-default-executor-1] INFO  impl.RoleInfo (RoleInfo.java:updateAndGet(139)) - 68b1a215-e375-44d3-a5cb-74a1c393ca27: start 68b1a215-e375-44d3-a5cb-74a1c393ca27@group-95DCFDDAE3B9-FollowerState
2022-07-27 13:50:19,951 [68b1a215-e375-44d3-a5cb-74a1c393ca27@group-95DCFDDAE3B9-FollowerState] INFO  impl.FollowerState (FollowerState.java:run(152)) - 68b1a215-e375-44d3-a5cb-74a1c393ca27@group-95DCFDDAE3B9-FollowerState was interrupted
2022-07-27 13:50:19,972 [307e1e91-324e-43cf-a54a-5645731ed350-server-thread1] INFO  ratis.XceiverServerRatis (XceiverServerRatis.java:handleLeaderChangedNotification(863)) - Leader change notification received for group: group-95DCFDDAE3B9 with new leaderId: e71fbb36-3969-41f7-998b-9a309dacec97
2022-07-27 13:50:19,973 [grpc-default-executor-1] INFO  server.RaftServer$Division (RaftServerImpl.java:requestVote(1184)) - 68b1a215-e375-44d3-a5cb-74a1c393ca27@group-95DCFDDAE3B9 replies to ELECTION vote request: e71fbb36-3969-41f7-998b-9a309dacec97<-68b1a215-e375-44d3-a5cb-74a1c393ca27#0:OK-t1. Peer's state: 68b1a215-e375-44d3-a5cb-74a1c393ca27@group-95DCFDDAE3B9:t1, leader=null, voted=e71fbb36-3969-41f7-998b-9a309dacec97, raftlog=68b1a215-e375-44d3-a5cb-74a1c393ca27@group-95DCFDDAE3B9-SegmentedRaftLog:OPENED:c-1, conf=-1: [307e1e91-324e-43cf-a54a-5645731ed350|rpc:10.1.0.21:40907|dataStream:|priority:0, e71fbb36-3969-41f7-998b-9a309dacec97|rpc:10.1.0.21:38701|dataStream:|priority:1, 68b1a215-e375-44d3-a5cb-74a1c393ca27|rpc:10.1.0.21:44933|dataStream:|priority:0], old=null
2022-07-27 13:50:20,005 [68b1a215-e375-44d3-a5cb-74a1c393ca27-server-thread1] INFO  ratis.XceiverServerRatis (XceiverServerRatis.java:handleLeaderChangedNotification(863)) - Leader change notification received for group: group-95DCFDDAE3B9 with new leaderId: e71fbb36-3969-41f7-998b-9a309dacec97
2022-07-27 13:50:19,973 [307e1e91-324e-43cf-a54a-5645731ed350-server-thread1] INFO  server.RaftServer$Division (ServerState.java:setLeader(287)) - 307e1e91-324e-43cf-a54a-5645731ed350@group-95DCFDDAE3B9: change Leader from null to e71fbb36-3969-41f7-998b-9a309dacec97 at term 1 for appendEntries, leader elected after 4969ms
2022-07-27 13:50:20,005 [68b1a215-e375-44d3-a5cb-74a1c393ca27-server-thread1] INFO  server.RaftServer$Division (ServerState.java:setLeader(287)) - 68b1a215-e375-44d3-a5cb-74a1c393ca27@group-95DCFDDAE3B9: change Leader from null to e71fbb36-3969-41f7-998b-9a309dacec97 at term 1 for appendEntries, leader elected after 5148ms
2022-07-27 13:50:20,037 [307e1e91-324e-43cf-a54a-5645731ed350-server-thread1] INFO  server.RaftServer$Division (ServerState.java:setRaftConf(393)) - 307e1e91-324e-43cf-a54a-5645731ed350@group-95DCFDDAE3B9: set configuration 0: [307e1e91-324e-43cf-a54a-5645731ed350|rpc:10.1.0.21:40907|dataStream:|priority:0, e71fbb36-3969-41f7-998b-9a309dacec97|rpc:10.1.0.21:38701|dataStream:|priority:1, 68b1a215-e375-44d3-a5cb-74a1c393ca27|rpc:10.1.0.21:44933|dataStream:|priority:0], old=null
2022-07-27 13:50:20,038 [307e1e91-324e-43cf-a54a-5645731ed350-server-thread1] INFO  segmented.SegmentedRaftLogWorker (SegmentedRaftLogWorker.java:startLogSegment(425)) - 307e1e91-324e-43cf-a54a-5645731ed350@group-95DCFDDAE3B9-SegmentedRaftLogWorker: Starting segment from index:0
2022-07-27 13:50:20,039 [307e1e91-324e-43cf-a54a-5645731ed350@group-95DCFDDAE3B9-SegmentedRaftLogWorker] INFO  segmented.SegmentedRaftLogWorker (SegmentedRaftLogWorker.java:execute(629)) - 307e1e91-324e-43cf-a54a-5645731ed350@group-95DCFDDAE3B9-SegmentedRaftLogWorker: created new log segment /home/runner/work/ozone/ozone/hadoop-ozone/integration-test/target/test-dir/MiniOzoneClusterImpl-29ab875d-7565-45f7-8a7f-94142ec04d49/datanode-1/data/ratis/b143bdf1-9fc2-4af8-a1c4-95dcfddae3b9/current/log_inprogress_0
2022-07-27 13:50:20,048 [68b1a215-e375-44d3-a5cb-74a1c393ca27-server-thread1] INFO  server.RaftServer$Division (ServerState.java:setRaftConf(393)) - 68b1a215-e375-44d3-a5cb-74a1c393ca27@group-95DCFDDAE3B9: set configuration 0: [307e1e91-324e-43cf-a54a-5645731ed350|rpc:10.1.0.21:40907|dataStream:|priority:0, e71fbb36-3969-41f7-998b-9a309dacec97|rpc:10.1.0.21:38701|dataStream:|priority:1, 68b1a215-e375-44d3-a5cb-74a1c393ca27|rpc:10.1.0.21:44933|dataStream:|priority:0], old=null
2022-07-27 13:50:20,068 [e71fbb36-3969-41f7-998b-9a309dacec97@group-94FBED79EE0A-LeaderElection16] INFO  impl.LeaderElection (LeaderElection.java:askForVotes(310)) - e71fbb36-3969-41f7-998b-9a309dacec97@group-94FBED79EE0A-LeaderElection16 ELECTION round 0: submit vote requests at term 1 for -1: [e71fbb36-3969-41f7-998b-9a309dacec97|rpc:10.1.0.21:38701|priority:1], old=null
2022-07-27 13:50:20,068 [e71fbb36-3969-41f7-998b-9a309dacec97@group-94FBED79EE0A-LeaderElection16] INFO  impl.LeaderElection (LeaderElection.java:askForVotes(312)) - e71fbb36-3969-41f7-998b-9a309dacec97@group-94FBED79EE0A-LeaderElection16 ELECTION round 0: result PASSED (term=1)
2022-07-27 13:50:20,068 [e71fbb36-3969-41f7-998b-9a309dacec97@group-94FBED79EE0A-LeaderElection16] INFO  impl.RoleInfo (RoleInfo.java:shutdownLeaderElection(130)) - e71fbb36-3969-41f7-998b-9a309dacec97: shutdown e71fbb36-3969-41f7-998b-9a309dacec97@group-94FBED79EE0A-LeaderElection16
2022-07-27 13:50:20,068 [e71fbb36-3969-41f7-998b-9a309dacec97@group-94FBED79EE0A-LeaderElection16] INFO  server.RaftServer$Division (RaftServerImpl.java:setRole(299)) - e71fbb36-3969-41f7-998b-9a309dacec97@group-94FBED79EE0A: changes role from CANDIDATE to LEADER at term 1 for changeToLeader
2022-07-27 13:50:20,068 [e71fbb36-3969-41f7-998b-9a309dacec97@group-94FBED79EE0A-LeaderElection16] INFO  ratis.XceiverServerRatis (XceiverServerRatis.java:handleLeaderChangedNotification(863)) - Leader change notification received for group: group-94FBED79EE0A with new leaderId: e71fbb36-3969-41f7-998b-9a309dacec97
2022-07-27 13:50:20,069 [e71fbb36-3969-41f7-998b-9a309dacec97@group-94FBED79EE0A-LeaderElection16] INFO  server.RaftServer$Division (ServerState.java:setLeader(287)) - e71fbb36-3969-41f7-998b-9a309dacec97@group-94FBED79EE0A: change Leader from null to e71fbb36-3969-41f7-998b-9a309dacec97 at term 1 for becomeLeader, leader elected after 5383ms
2022-07-27 13:50:20,069 [e71fbb36-3969-41f7-998b-9a309dacec97@group-94FBED79EE0A-LeaderElection16] INFO  server.RaftServerConfigKeys (ConfUtils.java:logGet(46)) - raft.server.staging.catchup.gap = 1000 (default)
2022-07-27 13:50:20,069 [e71fbb36-3969-41f7-998b-9a309dacec97@group-94FBED79EE0A-LeaderElection16] INFO  server.RaftServerConfigKeys (ConfUtils.java:logGet(46)) - raft.server.write.element-limit = 1024 (custom)
2022-07-27 13:50:20,069 [e71fbb36-3969-41f7-998b-9a309dacec97@group-94FBED79EE0A-LeaderElection16] INFO  server.RaftServerConfigKeys (ConfUtils.java:logGet(46)) - raft.server.write.byte-limit = 1024 M (=1073741824) (custom)
2022-07-27 13:50:20,069 [e71fbb36-3969-41f7-998b-9a309dacec97@group-94FBED79EE0A-LeaderElection16] INFO  server.RaftServerConfigKeys (ConfUtils.java:logGet(46)) - raft.server.watch.timeout = 180s (custom)
2022-07-27 13:50:20,069 [e71fbb36-3969-41f7-998b-9a309dacec97@group-94FBED79EE0A-LeaderElection16] INFO  server.RaftServerConfigKeys (ConfUtils.java:logGet(46)) - raft.server.watch.timeout.denomination = 1s (default)
2022-07-27 13:50:20,069 [e71fbb36-3969-41f7-998b-9a309dacec97@group-94FBED79EE0A-LeaderElection16] INFO  server.RaftServerConfigKeys (ConfUtils.java:logGet(46)) - raft.server.watch.element-limit = 65536 (default)
2022-07-27 13:50:20,069 [e71fbb36-3969-41f7-998b-9a309dacec97@group-94FBED79EE0A-LeaderElection16] INFO  server.RaftServerConfigKeys (ConfUtils.java:logGet(46)) - raft.server.write.element-limit = 1024 (custom)
2022-07-27 13:50:20,069 [e71fbb36-3969-41f7-998b-9a309dacec97@group-94FBED79EE0A-LeaderElection16] INFO  server.RaftServerConfigKeys (ConfUtils.java:logGet(46)) - raft.server.write.follower.gap.ratio.max = -1.0 (default)
2022-07-27 13:50:20,069 [e71fbb36-3969-41f7-998b-9a309dacec97@group-94FBED79EE0A-LeaderElection16] INFO  impl.RoleInfo (RoleInfo.java:updateAndGet(139)) - e71fbb36-3969-41f7-998b-9a309dacec97: start e71fbb36-3969-41f7-998b-9a309dacec97@group-94FBED79EE0A-LeaderStateImpl
2022-07-27 13:50:20,070 [e71fbb36-3969-41f7-998b-9a309dacec97@group-94FBED79EE0A-LeaderElection16] INFO  segmented.SegmentedRaftLogWorker (SegmentedRaftLogWorker.java:startLogSegment(425)) - e71fbb36-3969-41f7-998b-9a309dacec97@group-94FBED79EE0A-SegmentedRaftLogWorker: Starting segment from index:0
2022-07-27 13:50:20,070 [68b1a215-e375-44d3-a5cb-74a1c393ca27-server-thread1] INFO  segmented.SegmentedRaftLogWorker (SegmentedRaftLogWorker.java:startLogSegment(425)) - 68b1a215-e375-44d3-a5cb-74a1c393ca27@group-95DCFDDAE3B9-SegmentedRaftLogWorker: Starting segment from index:0
2022-07-27 13:50:20,072 [e71fbb36-3969-41f7-998b-9a309dacec97@group-94FBED79EE0A-SegmentedRaftLogWorker] INFO  segmented.SegmentedRaftLogWorker (SegmentedRaftLogWorker.java:execute(629)) - e71fbb36-3969-41f7-998b-9a309dacec97@group-94FBED79EE0A-SegmentedRaftLogWorker: created new log segment /home/runner/work/ozone/ozone/hadoop-ozone/integration-test/target/test-dir/MiniOzoneClusterImpl-29ab875d-7565-45f7-8a7f-94142ec04d49/datanode-0/data/ratis/b76fa1fd-0cc0-4c87-8b18-94fbed79ee0a/current/log_inprogress_0
2022-07-27 13:50:20,081 [e71fbb36-3969-41f7-998b-9a309dacec97@group-94FBED79EE0A-LeaderElection16] INFO  server.RaftServer$Division (ServerState.java:setRaftConf(393)) - e71fbb36-3969-41f7-998b-9a309dacec97@group-94FBED79EE0A: set configuration 0: [e71fbb36-3969-41f7-998b-9a309dacec97|rpc:10.1.0.21:38701|dataStream:|priority:1], old=null
2022-07-27 13:50:20,085 [68b1a215-e375-44d3-a5cb-74a1c393ca27@group-95DCFDDAE3B9-SegmentedRaftLogWorker] INFO  segmented.SegmentedRaftLogWorker (SegmentedRaftLogWorker.java:execute(629)) - 68b1a215-e375-44d3-a5cb-74a1c393ca27@group-95DCFDDAE3B9-SegmentedRaftLogWorker: created new log segment /home/runner/work/ozone/ozone/hadoop-ozone/integration-test/target/test-dir/MiniOzoneClusterImpl-29ab875d-7565-45f7-8a7f-94142ec04d49/datanode-2/data/ratis/b143bdf1-9fc2-4af8-a1c4-95dcfddae3b9/current/log_inprogress_0
2022-07-27 13:50:20,159 [e71fbb36-3969-41f7-998b-9a309dacec97@group-475CD9ECF321-FollowerState] INFO  impl.FollowerState (FollowerState.java:run(143)) - e71fbb36-3969-41f7-998b-9a309dacec97@group-475CD9ECF321-FollowerState: change to CANDIDATE, lastRpcElapsedTime:5085419510ns, electionTimeout:5067ms
2022-07-27 13:50:20,159 [e71fbb36-3969-41f7-998b-9a309dacec97@group-475CD9ECF321-FollowerState] INFO  impl.RoleInfo (RoleInfo.java:shutdownFollowerState(110)) - e71fbb36-3969-41f7-998b-9a309dacec97: shutdown e71fbb36-3969-41f7-998b-9a309dacec97@group-475CD9ECF321-FollowerState
2022-07-27 13:50:20,159 [e71fbb36-3969-41f7-998b-9a309dacec97@group-475CD9ECF321-FollowerState] INFO  server.RaftServer$Division (RaftServerImpl.java:setRole(299)) - e71fbb36-3969-41f7-998b-9a309dacec97@group-475CD9ECF321: changes role from  FOLLOWER to CANDIDATE at term 0 for changeToCandidate
2022-07-27 13:50:20,159 [e71fbb36-3969-41f7-998b-9a309dacec97@group-475CD9ECF321-FollowerState] INFO  server.RaftServerConfigKeys (ConfUtils.java:logGet(46)) - raft.server.leaderelection.pre-vote = false (custom)
2022-07-27 13:50:20,159 [e71fbb36-3969-41f7-998b-9a309dacec97@group-475CD9ECF321-FollowerState] INFO  impl.RoleInfo (RoleInfo.java:updateAndGet(139)) - e71fbb36-3969-41f7-998b-9a309dacec97: start e71fbb36-3969-41f7-998b-9a309dacec97@group-475CD9ECF321-LeaderElection17
2022-07-27 13:50:20,198 [e71fbb36-3969-41f7-998b-9a309dacec97@group-475CD9ECF321-LeaderElection17] INFO  impl.LeaderElection (LeaderElection.java:askForVotes(310)) - e71fbb36-3969-41f7-998b-9a309dacec97@group-475CD9ECF321-LeaderElection17 ELECTION round 0: submit vote requests at term 1 for -1: [307e1e91-324e-43cf-a54a-5645731ed350|rpc:10.1.0.21:40907|priority:0, e71fbb36-3969-41f7-998b-9a309dacec97|rpc:10.1.0.21:38701|priority:0, 68b1a215-e375-44d3-a5cb-74a1c393ca27|rpc:10.1.0.21:44933|priority:1], old=null
2022-07-27 13:50:20,228 [grpc-default-executor-3] INFO  server.RaftServer$Division (RaftServerImpl.java:requestVote(1152)) - 307e1e91-324e-43cf-a54a-5645731ed350@group-475CD9ECF321: receive requestVote(ELECTION, e71fbb36-3969-41f7-998b-9a309dacec97, group-475CD9ECF321, 1, (t:0, i:0))
2022-07-27 13:50:20,228 [grpc-default-executor-3] INFO  impl.VoteContext (VoteContext.java:log(48)) - 307e1e91-324e-43cf-a54a-5645731ed350@group-475CD9ECF321-FOLLOWER: accept ELECTION from e71fbb36-3969-41f7-998b-9a309dacec97: our priority 0 <= candidate's priority 0
2022-07-27 13:50:20,228 [grpc-default-executor-3] INFO  server.RaftServer$Division (RaftServerImpl.java:setRole(299)) - 307e1e91-324e-43cf-a54a-5645731ed350@group-475CD9ECF321: changes role from  FOLLOWER to FOLLOWER at term 1 for candidate:e71fbb36-3969-41f7-998b-9a309dacec97
2022-07-27 13:50:20,228 [grpc-default-executor-3] INFO  impl.RoleInfo (RoleInfo.java:shutdownFollowerState(110)) - 307e1e91-324e-43cf-a54a-5645731ed350: shutdown 307e1e91-324e-43cf-a54a-5645731ed350@group-475CD9ECF321-FollowerState
2022-07-27 13:50:20,228 [grpc-default-executor-3] INFO  impl.RoleInfo (RoleInfo.java:updateAndGet(139)) - 307e1e91-324e-43cf-a54a-5645731ed350: start 307e1e91-324e-43cf-a54a-5645731ed350@group-475CD9ECF321-FollowerState
2022-07-27 13:50:20,228 [307e1e91-324e-43cf-a54a-5645731ed350@group-475CD9ECF321-FollowerState] INFO  impl.FollowerState (FollowerState.java:run(152)) - 307e1e91-324e-43cf-a54a-5645731ed350@group-475CD9ECF321-FollowerState was interrupted
2022-07-27 13:50:20,232 [grpc-default-executor-3] INFO  server.RaftServer$Division (RaftServerImpl.java:requestVote(1184)) - 307e1e91-324e-43cf-a54a-5645731ed350@group-475CD9ECF321 replies to ELECTION vote request: e71fbb36-3969-41f7-998b-9a309dacec97<-307e1e91-324e-43cf-a54a-5645731ed350#0:OK-t1. Peer's state: 307e1e91-324e-43cf-a54a-5645731ed350@group-475CD9ECF321:t1, leader=null, voted=e71fbb36-3969-41f7-998b-9a309dacec97, raftlog=307e1e91-324e-43cf-a54a-5645731ed350@group-475CD9ECF321-SegmentedRaftLog:OPENED:c-1, conf=-1: [307e1e91-324e-43cf-a54a-5645731ed350|rpc:10.1.0.21:40907|dataStream:|priority:0, e71fbb36-3969-41f7-998b-9a309dacec97|rpc:10.1.0.21:38701|dataStream:|priority:0, 68b1a215-e375-44d3-a5cb-74a1c393ca27|rpc:10.1.0.21:44933|dataStream:|priority:1], old=null
2022-07-27 13:50:20,260 [grpc-default-executor-3] INFO  server.RaftServer$Division (RaftServerImpl.java:requestVote(1152)) - 68b1a215-e375-44d3-a5cb-74a1c393ca27@group-475CD9ECF321: receive requestVote(ELECTION, e71fbb36-3969-41f7-998b-9a309dacec97, group-475CD9ECF321, 1, (t:0, i:0))
2022-07-27 13:50:20,260 [grpc-default-executor-3] INFO  impl.VoteContext (VoteContext.java:log(48)) - 68b1a215-e375-44d3-a5cb-74a1c393ca27@group-475CD9ECF321-FOLLOWER: reject ELECTION from e71fbb36-3969-41f7-998b-9a309dacec97: our priority 1 > candidate's priority 0
2022-07-27 13:50:20,260 [grpc-default-executor-3] INFO  server.RaftServer$Division (RaftServerImpl.java:setRole(299)) - 68b1a215-e375-44d3-a5cb-74a1c393ca27@group-475CD9ECF321: changes role from  FOLLOWER to FOLLOWER at term 1 for candidate:e71fbb36-3969-41f7-998b-9a309dacec97
2022-07-27 13:50:20,260 [grpc-default-executor-3] INFO  impl.RoleInfo (RoleInfo.java:shutdownFollowerState(110)) - 68b1a215-e375-44d3-a5cb-74a1c393ca27: shutdown 68b1a215-e375-44d3-a5cb-74a1c393ca27@group-475CD9ECF321-FollowerState
2022-07-27 13:50:20,260 [grpc-default-executor-3] INFO  impl.RoleInfo (RoleInfo.java:updateAndGet(139)) - 68b1a215-e375-44d3-a5cb-74a1c393ca27: start 68b1a215-e375-44d3-a5cb-74a1c393ca27@group-475CD9ECF321-FollowerState
2022-07-27 13:50:20,260 [68b1a215-e375-44d3-a5cb-74a1c393ca27@group-475CD9ECF321-FollowerState] INFO  impl.FollowerState (FollowerState.java:run(152)) - 68b1a215-e375-44d3-a5cb-74a1c393ca27@group-475CD9ECF321-FollowerState was interrupted
2022-07-27 13:50:20,281 [grpc-default-executor-3] INFO  server.RaftServer$Division (RaftServerImpl.java:requestVote(1184)) - 68b1a215-e375-44d3-a5cb-74a1c393ca27@group-475CD9ECF321 replies to ELECTION vote request: e71fbb36-3969-41f7-998b-9a309dacec97<-68b1a215-e375-44d3-a5cb-74a1c393ca27#0:FAIL-t1. Peer's state: 68b1a215-e375-44d3-a5cb-74a1c393ca27@group-475CD9ECF321:t1, leader=null, voted=null, raftlog=68b1a215-e375-44d3-a5cb-74a1c393ca27@group-475CD9ECF321-SegmentedRaftLog:OPENED:c-1, conf=-1: [307e1e91-324e-43cf-a54a-5645731ed350|rpc:10.1.0.21:40907|dataStream:|priority:0, e71fbb36-3969-41f7-998b-9a309dacec97|rpc:10.1.0.21:38701|dataStream:|priority:0, 68b1a215-e375-44d3-a5cb-74a1c393ca27|rpc:10.1.0.21:44933|dataStream:|priority:1], old=null
2022-07-27 13:50:20,283 [e71fbb36-3969-41f7-998b-9a309dacec97@group-475CD9ECF321-LeaderElection17] INFO  impl.LeaderElection (LeaderElection.java:logAndReturn(90)) - e71fbb36-3969-41f7-998b-9a309dacec97@group-475CD9ECF321-LeaderElection17: ELECTION REJECTED received 2 response(s) and 0 exception(s):
2022-07-27 13:50:20,283 [e71fbb36-3969-41f7-998b-9a309dacec97@group-475CD9ECF321-LeaderElection17] INFO  impl.LeaderElection (LeaderElection.java:logAndReturn(94)) -   Response 0: e71fbb36-3969-41f7-998b-9a309dacec97<-307e1e91-324e-43cf-a54a-5645731ed350#0:OK-t1
2022-07-27 13:50:20,283 [e71fbb36-3969-41f7-998b-9a309dacec97@group-475CD9ECF321-LeaderElection17] INFO  impl.LeaderElection (LeaderElection.java:logAndReturn(94)) -   Response 1: e71fbb36-3969-41f7-998b-9a309dacec97<-68b1a215-e375-44d3-a5cb-74a1c393ca27#0:FAIL-t1
2022-07-27 13:50:20,283 [e71fbb36-3969-41f7-998b-9a309dacec97@group-475CD9ECF321-LeaderElection17] INFO  impl.LeaderElection (LeaderElection.java:askForVotes(312)) - e71fbb36-3969-41f7-998b-9a309dacec97@group-475CD9ECF321-LeaderElection17 ELECTION round 0: result REJECTED
2022-07-27 13:50:20,283 [e71fbb36-3969-41f7-998b-9a309dacec97@group-475CD9ECF321-LeaderElection17] INFO  server.RaftServer$Division (RaftServerImpl.java:setRole(299)) - e71fbb36-3969-41f7-998b-9a309dacec97@group-475CD9ECF321: changes role from CANDIDATE to FOLLOWER at term 1 for REJECTED
2022-07-27 13:50:20,283 [e71fbb36-3969-41f7-998b-9a309dacec97@group-475CD9ECF321-LeaderElection17] INFO  impl.RoleInfo (RoleInfo.java:shutdownLeaderElection(130)) - e71fbb36-3969-41f7-998b-9a309dacec97: shutdown e71fbb36-3969-41f7-998b-9a309dacec97@group-475CD9ECF321-LeaderElection17
2022-07-27 13:50:20,283 [e71fbb36-3969-41f7-998b-9a309dacec97@group-475CD9ECF321-LeaderElection17] INFO  impl.RoleInfo (RoleInfo.java:updateAndGet(139)) - e71fbb36-3969-41f7-998b-9a309dacec97: start e71fbb36-3969-41f7-998b-9a309dacec97@group-475CD9ECF321-FollowerState
2022-07-27 13:50:20,285 [Time-limited test] INFO  rpc.RpcClient (RpcClient.java:createVolume(467)) - Creating Volume: volume12103, with user01960 as owner and space quota set to -1 bytes, counts quota set to -1
2022-07-27 13:50:20,320 [OM StateMachine ApplyTransaction Thread - 0] INFO  volume.OMVolumeCreateRequest (OMVolumeCreateRequest.java:validateAndUpdateCache(195)) - created volume:volume12103 for user:user01960
2022-07-27 13:50:20,336 [Time-limited test] INFO  rpc.RpcClient (RpcClient.java:createBucket(670)) - Creating Bucket: volume12103/bucket67846, with bucket layout LEGACY, runner as owner, Versioning false, Storage Type set to DISK and Encryption set to false 
2022-07-27 13:50:20,337 [OM StateMachine ApplyTransaction Thread - 0] INFO  bucket.OMBucketCreateRequest (OMBucketCreateRequest.java:validateAndUpdateCache(260)) - created bucket: bucket67846 of layout LEGACY in volume: volume12103
2022-07-27 13:50:20,379 [IPC Server handler 12 on default port 46187] INFO  ha.SequenceIdGenerator (SequenceIdGenerator.java:getNextId(128)) - Allocate a batch for containerId, change lastId from 0 to 1000.
2022-07-27 13:50:20,380 [IPC Server handler 12 on default port 46187] WARN  ha.SequenceIdGenerator (SequenceIdGenerator.java:allocateBatch(237)) - Failed to allocate a batch for localId, expected lastId is 0, actual lastId is 109611004723200000.
2022-07-27 13:50:20,380 [IPC Server handler 12 on default port 46187] INFO  ha.SequenceIdGenerator (SequenceIdGenerator.java:getNextId(128)) - Allocate a batch for localId, change lastId from 109611004723200000 to 109611004723201000.
13:50:20.416 [IPC Server handler 17 on default port 46277] ERROR OMAudit - user=runner | ip=127.0.0.1 | op=GET_FILE_STATUS {volume=volume12103, bucket=bucket67846, key=dir385/file1, dataSize=0, replicationConfig=null} | ret=FAILURE
org.apache.hadoop.ozone.om.exceptions.OMException: Unable to get file status: volume: volume12103 bucket: bucket67846 key: dir385/file1
	at org.apache.hadoop.ozone.om.KeyManagerImpl.getOzoneFileStatus(KeyManagerImpl.java:1311) ~[ozone-manager-1.3.0-SNAPSHOT.jar:?]
	at org.apache.hadoop.ozone.om.KeyManagerImpl.getFileStatus(KeyManagerImpl.java:1241) ~[ozone-manager-1.3.0-SNAPSHOT.jar:?]
	at org.apache.hadoop.ozone.om.OzoneManager.getFileStatus(OzoneManager.java:3467) ~[ozone-manager-1.3.0-SNAPSHOT.jar:?]
	at org.apache.hadoop.ozone.protocolPB.OzoneManagerRequestHandler.getOzoneFileStatus(OzoneManagerRequestHandler.java:878) ~[ozone-manager-1.3.0-SNAPSHOT.jar:?]
	at org.apache.hadoop.ozone.protocolPB.OzoneManagerRequestHandler.handleReadRequest(OzoneManagerRequestHandler.java:224) ~[ozone-manager-1.3.0-SNAPSHOT.jar:?]
	at org.apache.hadoop.ozone.protocolPB.OzoneManagerProtocolServerSideTranslatorPB.submitReadRequestToOM(OzoneManagerProtocolServerSideTranslatorPB.java:226) ~[ozone-manager-1.3.0-SNAPSHOT.jar:?]
	at org.apache.hadoop.ozone.protocolPB.OzoneManagerProtocolServerSideTranslatorPB.processRequest(OzoneManagerProtocolServerSideTranslatorPB.java:175) ~[ozone-manager-1.3.0-SNAPSHOT.jar:?]
	at org.apache.hadoop.hdds.server.OzoneProtocolMessageDispatcher.processRequest(OzoneProtocolMessageDispatcher.java:87) [hdds-server-framework-1.3.0-SNAPSHOT.jar:?]
	at org.apache.hadoop.ozone.protocolPB.OzoneManagerProtocolServerSideTranslatorPB.submitRequest(OzoneManagerProtocolServerSideTranslatorPB.java:147) [ozone-manager-1.3.0-SNAPSHOT.jar:?]
	at org.apache.hadoop.ozone.protocol.proto.OzoneManagerProtocolProtos$OzoneManagerService$2.callBlockingMethod(OzoneManagerProtocolProtos.java) [ozone-interface-client-1.3.0-SNAPSHOT.jar:?]
	at org.apache.hadoop.ipc.ProtobufRpcEngine$Server.processCall(ProtobufRpcEngine.java:466) [hadoop-common-3.3.1.jar:?]
	at org.apache.hadoop.ipc.ProtobufRpcEngine2$Server$ProtoBufRpcInvoker.call(ProtobufRpcEngine2.java:574) [hadoop-common-3.3.1.jar:?]
	at org.apache.hadoop.ipc.ProtobufRpcEngine2$Server$ProtoBufRpcInvoker.call(ProtobufRpcEngine2.java:552) [hadoop-common-3.3.1.jar:?]
	at org.apache.hadoop.ipc.RPC$Server.call(RPC.java:1093) [hadoop-common-3.3.1.jar:?]
	at org.apache.hadoop.ipc.Server$RpcCall.run(Server.java:1035) [hadoop-common-3.3.1.jar:?]
	at org.apache.hadoop.ipc.Server$RpcCall.run(Server.java:963) [hadoop-common-3.3.1.jar:?]
	at java.security.AccessController.doPrivileged(Native Method) ~[?:1.8.0_332]
	at javax.security.auth.Subject.doAs(Subject.java:422) [?:1.8.0_332]
	at org.apache.hadoop.security.UserGroupInformation.doAs(UserGroupInformation.java:1878) [hadoop-common-3.3.1.jar:?]
	at org.apache.hadoop.ipc.Server$Handler.run(Server.java:2966) [hadoop-common-3.3.1.jar:?]
]]></system-out>
  </testcase>
  <testcase name="testRenameFile" classname="TestRootedOzoneFileSystem" time="0.236">
    <system-out><![CDATA[2022-07-27 13:50:38,021 [Listener at 127.0.0.1/46277] INFO  ozone.MiniOzoneClusterImpl (MiniOzoneClusterImpl.java:shutdown(448)) - Shutting down the Mini Ozone Cluster
2022-07-27 13:50:38,021 [Listener at 127.0.0.1/46277] INFO  ozone.MiniOzoneClusterImpl (MiniOzoneClusterImpl.java:stop(463)) - Stopping the Mini Ozone Cluster
2022-07-27 13:50:38,021 [Listener at 127.0.0.1/46277] INFO  ozone.MiniOzoneClusterImpl (MiniOzoneClusterImpl.java:stopOM(545)) - Stopping the OzoneManager
2022-07-27 13:50:38,021 [Listener at 127.0.0.1/46277] INFO  om.OzoneManager (OzoneManager.java:stop(2021)) - om1[localhost:0]: Stopping Ozone Manager
2022-07-27 13:50:38,021 [Listener at 127.0.0.1/46277] INFO  ipc.Server (Server.java:stop(3414)) - Stopping server on 46277
2022-07-27 13:50:38,035 [IPC Server listener on 0] INFO  ipc.Server (Server.java:run(1376)) - Stopping IPC Server listener on 0
2022-07-27 13:50:38,036 [IPC Server Responder] INFO  ipc.Server (Server.java:run(1512)) - Stopping IPC Server Responder
2022-07-27 13:50:38,036 [Listener at 127.0.0.1/46277] INFO  server.RaftServer (RaftServerProxy.java:lambda$close$7(398)) - om1: close
2022-07-27 13:50:38,036 [Listener at 127.0.0.1/46277] INFO  server.RaftServer$Division (RaftServerImpl.java:lambda$close$4(434)) - om1@group-C5BA1605619E: shutdown
2022-07-27 13:50:38,036 [Listener at 127.0.0.1/46277] INFO  util.JmxRegister (JmxRegister.java:unregister(73)) - Successfully un-registered JMX Bean with object name Ratis:service=RaftServer,group=group-C5BA1605619E,id=om1
2022-07-27 13:50:38,036 [Listener at 127.0.0.1/46277] INFO  impl.RoleInfo (RoleInfo.java:shutdownLeaderState(93)) - om1: shutdown om1@group-C5BA1605619E-LeaderStateImpl
2022-07-27 13:50:38,036 [Listener at 127.0.0.1/46277] INFO  impl.PendingRequests (PendingRequests.java:sendNotLeaderResponses(282)) - om1@group-C5BA1605619E-PendingRequests: sendNotLeaderResponses
2022-07-27 13:50:38,060 [Listener at 127.0.0.1/46277] INFO  impl.StateMachineUpdater (StateMachineUpdater.java:stopAndJoin(153)) - om1@group-C5BA1605619E-StateMachineUpdater: set stopIndex = 6846
2022-07-27 13:50:38,060 [om1@group-C5BA1605619E-StateMachineUpdater] INFO  ratis.OzoneManagerStateMachine (OzoneManagerStateMachine.java:takeSnapshot(441)) - Current Snapshot Index (t:1, i:6846)
2022-07-27 13:50:38,060 [om1@group-C5BA1605619E-StateMachineUpdater] INFO  impl.StateMachineUpdater (StateMachineUpdater.java:takeSnapshot(287)) - om1@group-C5BA1605619E-StateMachineUpdater: Took a snapshot at index 6846
2022-07-27 13:50:38,060 [om1@group-C5BA1605619E-StateMachineUpdater] INFO  impl.StateMachineUpdater (StateMachineUpdater.java:lambda$new$0(92)) - om1@group-C5BA1605619E-StateMachineUpdater: snapshotIndex: updateIncreasingly -1 -> 6846
2022-07-27 13:50:38,060 [om1@group-C5BA1605619E-StateMachineUpdater] INFO  ratis.OzoneManagerStateMachine (OzoneManagerStateMachine.java:close(495)) - StateMachine has shutdown. Shutdown OzoneManager if not already shutdown.
2022-07-27 13:50:38,060 [om1@group-C5BA1605619E-StateMachineUpdater] INFO  ratis.OzoneManagerDoubleBuffer (OzoneManagerDoubleBuffer.java:stop(466)) - Stopping OMDoubleBuffer flush thread
2022-07-27 13:50:38,060 [OMDoubleBufferFlushThread] INFO  ratis.OzoneManagerDoubleBuffer (OzoneManagerDoubleBuffer.java:flushTransactions(385)) - OMDoubleBuffer flush thread OMDoubleBufferFlushThread is interrupted and will exit.
2022-07-27 13:50:38,069 [Listener at 127.0.0.1/46277] INFO  server.RaftServer$Division (ServerState.java:close(429)) - om1@group-C5BA1605619E: closes. applyIndex: 6846
2022-07-27 13:50:38,069 [om1@group-C5BA1605619E-SegmentedRaftLogWorker] INFO  segmented.SegmentedRaftLogWorker (SegmentedRaftLogWorker.java:run(336)) - om1@group-C5BA1605619E-SegmentedRaftLogWorker was interrupted, exiting. There are 0 tasks remaining in the queue.
2022-07-27 13:50:38,071 [Listener at 127.0.0.1/46277] INFO  segmented.SegmentedRaftLogWorker (SegmentedRaftLogWorker.java:close(246)) - om1@group-C5BA1605619E-SegmentedRaftLogWorker close()
2022-07-27 13:50:38,075 [Listener at 127.0.0.1/46277] INFO  server.GrpcService (GrpcService.java:closeImpl(269)) - om1: shutdown server with port 9872 now
2022-07-27 13:50:38,076 [Listener at 127.0.0.1/46277] INFO  server.GrpcService (GrpcService.java:closeImpl(278)) - om1: shutdown server with port 9872 successfully
2022-07-27 13:50:38,077 [org.apache.ratis.util.JvmPauseMonitor$$Lambda$615/1136232276@edb5079] INFO  util.JvmPauseMonitor (JvmPauseMonitor.java:run(109)) - JvmPauseMonitor-om1: Stopped
2022-07-27 13:50:38,083 [Listener at 127.0.0.1/46277] INFO  ratis.OzoneManagerStateMachine (OzoneManagerStateMachine.java:close(495)) - StateMachine has shutdown. Shutdown OzoneManager if not already shutdown.
2022-07-27 13:50:38,083 [Listener at 127.0.0.1/46277] INFO  ratis.OzoneManagerDoubleBuffer (OzoneManagerDoubleBuffer.java:stop(478)) - OMDoubleBuffer flush thread is not running.
2022-07-27 13:50:38,083 [Listener at 127.0.0.1/46277] INFO  utils.BackgroundService (BackgroundService.java:shutdown(141)) - Shutting down service KeyDeletingService
2022-07-27 13:50:38,083 [Listener at 127.0.0.1/46277] INFO  utils.BackgroundService (BackgroundService.java:shutdown(141)) - Shutting down service DirectoryDeletingService
2022-07-27 13:50:38,084 [Listener at 127.0.0.1/46277] INFO  utils.BackgroundService (BackgroundService.java:shutdown(141)) - Shutting down service OpenKeyCleanupService
2022-07-27 13:50:38,084 [Listener at 127.0.0.1/46277] INFO  handler.ContextHandler (ContextHandler.java:doStop(1153)) - Stopped o.e.j.w.WebAppContext@5343ec9a{ozoneManager,/,null,STOPPED}{file:/home/runner/work/ozone/ozone/hadoop-ozone/integration-test/target/test-classes/webapps/ozoneManager}
2022-07-27 13:50:38,085 [Listener at 127.0.0.1/46277] INFO  server.AbstractConnector (AbstractConnector.java:doStop(381)) - Stopped ServerConnector@4b831495{HTTP/1.1, (http/1.1)}{0.0.0.0:0}
2022-07-27 13:50:38,085 [Listener at 127.0.0.1/46277] INFO  server.session (HouseKeeper.java:stopScavenging(149)) - node0 Stopped scavenging
2022-07-27 13:50:38,085 [Listener at 127.0.0.1/46277] INFO  handler.ContextHandler (ContextHandler.java:doStop(1153)) - Stopped o.e.j.s.ServletContextHandler@29a879a5{static,/static,file:///home/runner/work/ozone/ozone/hadoop-ozone/integration-test/target/test-classes/webapps/static,STOPPED}
2022-07-27 13:50:38,085 [Listener at 127.0.0.1/46277] INFO  handler.ContextHandler (ContextHandler.java:doStop(1153)) - Stopped o.e.j.s.ServletContextHandler@3102ee71{logs,/logs,file:///home/runner/work/ozone/ozone/hadoop-ozone/integration-test/target/log,STOPPED}
2022-07-27 13:50:38,093 [Listener at 127.0.0.1/46277] INFO  ozone.MiniOzoneClusterImpl (MiniOzoneClusterImpl.java:stopDatanodes(522)) - Stopping the HddsDatanodes
2022-07-27 13:50:38,103 [Trash Emptier] ERROR util.ExitUtils (ExitUtils.java:terminate(133)) - Terminating with exit status -1: Thread[Trash Emptier,5,main] has thrown an uncaught exception
java.lang.UnsupportedOperationException: fs.getUri() not implemented in TrashOzoneFileSystem
	at org.apache.hadoop.ozone.om.TrashOzoneFileSystem.getUri(TrashOzoneFileSystem.java:126)
	at org.apache.hadoop.fs.FileSystem.close(FileSystem.java:2592)
	at org.apache.hadoop.ozone.om.TrashPolicyOzone$Emptier.run(TrashPolicyOzone.java:243)
	at java.lang.Thread.run(Thread.java:750)
2022-07-27 13:50:43,095 [ForkJoinPool.commonPool-worker-1] INFO  ozoneimpl.OzoneContainer (OzoneContainer.java:stop(399)) - Attempting to stop container services.
2022-07-27 13:50:43,096 [ForkJoinPool.commonPool-worker-1] INFO  server.RaftServer (RaftServerProxy.java:lambda$close$7(398)) - 307e1e91-324e-43cf-a54a-5645731ed350: close
2022-07-27 13:50:43,096 [ForkJoinPool.commonPool-worker-1] INFO  server.RaftServer$Division (RaftServerImpl.java:lambda$close$4(434)) - 307e1e91-324e-43cf-a54a-5645731ed350@group-95DCFDDAE3B9: shutdown
2022-07-27 13:50:43,096 [ForkJoinPool.commonPool-worker-1] INFO  util.JmxRegister (JmxRegister.java:unregister(73)) - Successfully un-registered JMX Bean with object name Ratis:service=RaftServer,group=group-95DCFDDAE3B9,id=307e1e91-324e-43cf-a54a-5645731ed350
2022-07-27 13:50:43,096 [ForkJoinPool.commonPool-worker-1] INFO  impl.RoleInfo (RoleInfo.java:shutdownFollowerState(110)) - 307e1e91-324e-43cf-a54a-5645731ed350: shutdown 307e1e91-324e-43cf-a54a-5645731ed350@group-95DCFDDAE3B9-FollowerState
2022-07-27 13:50:43,096 [ForkJoinPool.commonPool-worker-1] INFO  impl.StateMachineUpdater (StateMachineUpdater.java:stopAndJoin(153)) - 307e1e91-324e-43cf-a54a-5645731ed350@group-95DCFDDAE3B9-StateMachineUpdater: set stopIndex = 28
2022-07-27 13:50:43,096 [307e1e91-324e-43cf-a54a-5645731ed350@group-95DCFDDAE3B9-FollowerState] INFO  impl.FollowerState (FollowerState.java:run(152)) - 307e1e91-324e-43cf-a54a-5645731ed350@group-95DCFDDAE3B9-FollowerState was interrupted
2022-07-27 13:50:43,099 [307e1e91-324e-43cf-a54a-5645731ed350@group-95DCFDDAE3B9-StateMachineUpdater] INFO  ratis.ContainerStateMachine (ContainerStateMachine.java:takeSnapshot(304)) - group-95DCFDDAE3B9: Taking a snapshot at:(t:1, i:28) file /home/runner/work/ozone/ozone/hadoop-ozone/integration-test/target/test-dir/MiniOzoneClusterImpl-29ab875d-7565-45f7-8a7f-94142ec04d49/datanode-1/data/ratis/b143bdf1-9fc2-4af8-a1c4-95dcfddae3b9/sm/snapshot.1_28
2022-07-27 13:50:43,103 [307e1e91-324e-43cf-a54a-5645731ed350@group-95DCFDDAE3B9-StateMachineUpdater] INFO  ratis.ContainerStateMachine (ContainerStateMachine.java:takeSnapshot(315)) - group-95DCFDDAE3B9: Finished taking a snapshot at:(t:1, i:28) file:/home/runner/work/ozone/ozone/hadoop-ozone/integration-test/target/test-dir/MiniOzoneClusterImpl-29ab875d-7565-45f7-8a7f-94142ec04d49/datanode-1/data/ratis/b143bdf1-9fc2-4af8-a1c4-95dcfddae3b9/sm/snapshot.1_28 took: 4 ms
2022-07-27 13:50:43,103 [307e1e91-324e-43cf-a54a-5645731ed350@group-95DCFDDAE3B9-StateMachineUpdater] INFO  impl.StateMachineUpdater (StateMachineUpdater.java:takeSnapshot(287)) - 307e1e91-324e-43cf-a54a-5645731ed350@group-95DCFDDAE3B9-StateMachineUpdater: Took a snapshot at index 28
2022-07-27 13:50:43,103 [307e1e91-324e-43cf-a54a-5645731ed350@group-95DCFDDAE3B9-StateMachineUpdater] INFO  impl.StateMachineUpdater (StateMachineUpdater.java:lambda$new$0(92)) - 307e1e91-324e-43cf-a54a-5645731ed350@group-95DCFDDAE3B9-StateMachineUpdater: snapshotIndex: updateIncreasingly -1 -> 28
2022-07-27 13:50:43,104 [ForkJoinPool.commonPool-worker-1] INFO  server.RaftServer$Division (ServerState.java:close(429)) - 307e1e91-324e-43cf-a54a-5645731ed350@group-95DCFDDAE3B9: closes. applyIndex: 28
2022-07-27 13:50:43,104 [307e1e91-324e-43cf-a54a-5645731ed350@group-95DCFDDAE3B9-SegmentedRaftLogWorker] INFO  segmented.SegmentedRaftLogWorker (SegmentedRaftLogWorker.java:run(336)) - 307e1e91-324e-43cf-a54a-5645731ed350@group-95DCFDDAE3B9-SegmentedRaftLogWorker was interrupted, exiting. There are 0 tasks remaining in the queue.
2022-07-27 13:50:43,106 [Listener at 127.0.0.1/46277] INFO  ozoneimpl.OzoneContainer (OzoneContainer.java:stop(399)) - Attempting to stop container services.
2022-07-27 13:50:43,107 [Listener at 127.0.0.1/46277] INFO  server.RaftServer (RaftServerProxy.java:lambda$close$7(398)) - 68b1a215-e375-44d3-a5cb-74a1c393ca27: close
2022-07-27 13:50:43,107 [Listener at 127.0.0.1/46277] INFO  server.RaftServer$Division (RaftServerImpl.java:lambda$close$4(434)) - 68b1a215-e375-44d3-a5cb-74a1c393ca27@group-95DCFDDAE3B9: shutdown
2022-07-27 13:50:43,107 [Listener at 127.0.0.1/46277] INFO  util.JmxRegister (JmxRegister.java:unregister(73)) - Successfully un-registered JMX Bean with object name Ratis:service=RaftServer,group=group-95DCFDDAE3B9,id=68b1a215-e375-44d3-a5cb-74a1c393ca27
2022-07-27 13:50:43,107 [Listener at 127.0.0.1/46277] INFO  impl.RoleInfo (RoleInfo.java:shutdownFollowerState(110)) - 68b1a215-e375-44d3-a5cb-74a1c393ca27: shutdown 68b1a215-e375-44d3-a5cb-74a1c393ca27@group-95DCFDDAE3B9-FollowerState
2022-07-27 13:50:43,107 [Listener at 127.0.0.1/46277] INFO  impl.StateMachineUpdater (StateMachineUpdater.java:stopAndJoin(153)) - 68b1a215-e375-44d3-a5cb-74a1c393ca27@group-95DCFDDAE3B9-StateMachineUpdater: set stopIndex = 28
2022-07-27 13:50:43,107 [68b1a215-e375-44d3-a5cb-74a1c393ca27@group-95DCFDDAE3B9-FollowerState] INFO  impl.FollowerState (FollowerState.java:run(152)) - 68b1a215-e375-44d3-a5cb-74a1c393ca27@group-95DCFDDAE3B9-FollowerState was interrupted
2022-07-27 13:50:43,108 [68b1a215-e375-44d3-a5cb-74a1c393ca27@group-95DCFDDAE3B9-StateMachineUpdater] INFO  ratis.ContainerStateMachine (ContainerStateMachine.java:takeSnapshot(304)) - group-95DCFDDAE3B9: Taking a snapshot at:(t:1, i:28) file /home/runner/work/ozone/ozone/hadoop-ozone/integration-test/target/test-dir/MiniOzoneClusterImpl-29ab875d-7565-45f7-8a7f-94142ec04d49/datanode-2/data/ratis/b143bdf1-9fc2-4af8-a1c4-95dcfddae3b9/sm/snapshot.1_28
2022-07-27 13:50:43,109 [68b1a215-e375-44d3-a5cb-74a1c393ca27@group-95DCFDDAE3B9-StateMachineUpdater] INFO  ratis.ContainerStateMachine (ContainerStateMachine.java:takeSnapshot(315)) - group-95DCFDDAE3B9: Finished taking a snapshot at:(t:1, i:28) file:/home/runner/work/ozone/ozone/hadoop-ozone/integration-test/target/test-dir/MiniOzoneClusterImpl-29ab875d-7565-45f7-8a7f-94142ec04d49/datanode-2/data/ratis/b143bdf1-9fc2-4af8-a1c4-95dcfddae3b9/sm/snapshot.1_28 took: 2 ms
2022-07-27 13:50:43,109 [ForkJoinPool.commonPool-worker-1] INFO  segmented.SegmentedRaftLogWorker (SegmentedRaftLogWorker.java:close(246)) - 307e1e91-324e-43cf-a54a-5645731ed350@group-95DCFDDAE3B9-SegmentedRaftLogWorker close()
2022-07-27 13:50:43,109 [68b1a215-e375-44d3-a5cb-74a1c393ca27@group-95DCFDDAE3B9-StateMachineUpdater] INFO  impl.StateMachineUpdater (StateMachineUpdater.java:takeSnapshot(287)) - 68b1a215-e375-44d3-a5cb-74a1c393ca27@group-95DCFDDAE3B9-StateMachineUpdater: Took a snapshot at index 28
2022-07-27 13:50:43,109 [68b1a215-e375-44d3-a5cb-74a1c393ca27@group-95DCFDDAE3B9-StateMachineUpdater] INFO  impl.StateMachineUpdater (StateMachineUpdater.java:lambda$new$0(92)) - 68b1a215-e375-44d3-a5cb-74a1c393ca27@group-95DCFDDAE3B9-StateMachineUpdater: snapshotIndex: updateIncreasingly -1 -> 28
2022-07-27 13:50:43,113 [ForkJoinPool.commonPool-worker-1] INFO  server.RaftServer$Division (RaftServerImpl.java:lambda$close$4(434)) - 307e1e91-324e-43cf-a54a-5645731ed350@group-7EE2B4BB8E9B: shutdown
2022-07-27 13:50:43,113 [ForkJoinPool.commonPool-worker-1] INFO  util.JmxRegister (JmxRegister.java:unregister(73)) - Successfully un-registered JMX Bean with object name Ratis:service=RaftServer,group=group-7EE2B4BB8E9B,id=307e1e91-324e-43cf-a54a-5645731ed350
2022-07-27 13:50:43,113 [ForkJoinPool.commonPool-worker-1] INFO  impl.RoleInfo (RoleInfo.java:shutdownLeaderState(93)) - 307e1e91-324e-43cf-a54a-5645731ed350: shutdown 307e1e91-324e-43cf-a54a-5645731ed350@group-7EE2B4BB8E9B-LeaderStateImpl
2022-07-27 13:50:43,113 [ForkJoinPool.commonPool-worker-1] INFO  impl.PendingRequests (PendingRequests.java:sendNotLeaderResponses(282)) - 307e1e91-324e-43cf-a54a-5645731ed350@group-7EE2B4BB8E9B-PendingRequests: sendNotLeaderResponses
2022-07-27 13:50:43,114 [ForkJoinPool.commonPool-worker-1] INFO  impl.StateMachineUpdater (StateMachineUpdater.java:stopAndJoin(153)) - 307e1e91-324e-43cf-a54a-5645731ed350@group-7EE2B4BB8E9B-StateMachineUpdater: set stopIndex = 0
2022-07-27 13:50:43,114 [307e1e91-324e-43cf-a54a-5645731ed350@group-7EE2B4BB8E9B-StateMachineUpdater] INFO  ratis.ContainerStateMachine (ContainerStateMachine.java:takeSnapshot(304)) - group-7EE2B4BB8E9B: Taking a snapshot at:(t:1, i:0) file /home/runner/work/ozone/ozone/hadoop-ozone/integration-test/target/test-dir/MiniOzoneClusterImpl-29ab875d-7565-45f7-8a7f-94142ec04d49/datanode-1/data/ratis/4c328e59-6694-4491-ad21-7ee2b4bb8e9b/sm/snapshot.1_0
2022-07-27 13:50:43,115 [307e1e91-324e-43cf-a54a-5645731ed350@group-7EE2B4BB8E9B-StateMachineUpdater] INFO  ratis.ContainerStateMachine (ContainerStateMachine.java:takeSnapshot(315)) - group-7EE2B4BB8E9B: Finished taking a snapshot at:(t:1, i:0) file:/home/runner/work/ozone/ozone/hadoop-ozone/integration-test/target/test-dir/MiniOzoneClusterImpl-29ab875d-7565-45f7-8a7f-94142ec04d49/datanode-1/data/ratis/4c328e59-6694-4491-ad21-7ee2b4bb8e9b/sm/snapshot.1_0 took: 2 ms
2022-07-27 13:50:43,115 [307e1e91-324e-43cf-a54a-5645731ed350@group-7EE2B4BB8E9B-StateMachineUpdater] INFO  impl.StateMachineUpdater (StateMachineUpdater.java:takeSnapshot(287)) - 307e1e91-324e-43cf-a54a-5645731ed350@group-7EE2B4BB8E9B-StateMachineUpdater: Took a snapshot at index 0
2022-07-27 13:50:43,115 [307e1e91-324e-43cf-a54a-5645731ed350@group-7EE2B4BB8E9B-StateMachineUpdater] INFO  impl.StateMachineUpdater (StateMachineUpdater.java:lambda$new$0(92)) - 307e1e91-324e-43cf-a54a-5645731ed350@group-7EE2B4BB8E9B-StateMachineUpdater: snapshotIndex: updateIncreasingly -1 -> 0
2022-07-27 13:50:43,115 [ForkJoinPool.commonPool-worker-1] INFO  server.RaftServer$Division (ServerState.java:close(429)) - 307e1e91-324e-43cf-a54a-5645731ed350@group-7EE2B4BB8E9B: closes. applyIndex: 0
2022-07-27 13:50:43,116 [Listener at 127.0.0.1/46277] INFO  server.RaftServer$Division (ServerState.java:close(429)) - 68b1a215-e375-44d3-a5cb-74a1c393ca27@group-95DCFDDAE3B9: closes. applyIndex: 28
2022-07-27 13:50:43,116 [307e1e91-324e-43cf-a54a-5645731ed350@group-7EE2B4BB8E9B-SegmentedRaftLogWorker] INFO  segmented.SegmentedRaftLogWorker (SegmentedRaftLogWorker.java:run(336)) - 307e1e91-324e-43cf-a54a-5645731ed350@group-7EE2B4BB8E9B-SegmentedRaftLogWorker was interrupted, exiting. There are 0 tasks remaining in the queue.
2022-07-27 13:50:43,116 [68b1a215-e375-44d3-a5cb-74a1c393ca27@group-95DCFDDAE3B9-SegmentedRaftLogWorker] INFO  segmented.SegmentedRaftLogWorker (SegmentedRaftLogWorker.java:run(336)) - 68b1a215-e375-44d3-a5cb-74a1c393ca27@group-95DCFDDAE3B9-SegmentedRaftLogWorker was interrupted, exiting. There are 0 tasks remaining in the queue.
2022-07-27 13:50:43,116 [ForkJoinPool.commonPool-worker-1] INFO  segmented.SegmentedRaftLogWorker (SegmentedRaftLogWorker.java:close(246)) - 307e1e91-324e-43cf-a54a-5645731ed350@group-7EE2B4BB8E9B-SegmentedRaftLogWorker close()
2022-07-27 13:50:43,123 [Listener at 127.0.0.1/46277] INFO  segmented.SegmentedRaftLogWorker (SegmentedRaftLogWorker.java:close(246)) - 68b1a215-e375-44d3-a5cb-74a1c393ca27@group-95DCFDDAE3B9-SegmentedRaftLogWorker close()
2022-07-27 13:50:43,124 [ForkJoinPool.commonPool-worker-1] INFO  server.RaftServer$Division (RaftServerImpl.java:lambda$close$4(434)) - 307e1e91-324e-43cf-a54a-5645731ed350@group-475CD9ECF321: shutdown
2022-07-27 13:50:43,124 [ForkJoinPool.commonPool-worker-1] INFO  util.JmxRegister (JmxRegister.java:unregister(73)) - Successfully un-registered JMX Bean with object name Ratis:service=RaftServer,group=group-475CD9ECF321,id=307e1e91-324e-43cf-a54a-5645731ed350
2022-07-27 13:50:43,124 [ForkJoinPool.commonPool-worker-1] INFO  impl.RoleInfo (RoleInfo.java:shutdownFollowerState(110)) - 307e1e91-324e-43cf-a54a-5645731ed350: shutdown 307e1e91-324e-43cf-a54a-5645731ed350@group-475CD9ECF321-FollowerState
2022-07-27 13:50:43,124 [ForkJoinPool.commonPool-worker-1] INFO  impl.StateMachineUpdater (StateMachineUpdater.java:stopAndJoin(153)) - 307e1e91-324e-43cf-a54a-5645731ed350@group-475CD9ECF321-StateMachineUpdater: set stopIndex = 4
2022-07-27 13:50:43,124 [307e1e91-324e-43cf-a54a-5645731ed350@group-475CD9ECF321-FollowerState] INFO  impl.FollowerState (FollowerState.java:run(152)) - 307e1e91-324e-43cf-a54a-5645731ed350@group-475CD9ECF321-FollowerState was interrupted
2022-07-27 13:50:43,126 [Listener at 127.0.0.1/46277] INFO  server.RaftServer$Division (RaftServerImpl.java:lambda$close$4(434)) - 68b1a215-e375-44d3-a5cb-74a1c393ca27@group-475CD9ECF321: shutdown
2022-07-27 13:50:43,126 [Listener at 127.0.0.1/46277] INFO  util.JmxRegister (JmxRegister.java:unregister(73)) - Successfully un-registered JMX Bean with object name Ratis:service=RaftServer,group=group-475CD9ECF321,id=68b1a215-e375-44d3-a5cb-74a1c393ca27
2022-07-27 13:50:43,126 [Listener at 127.0.0.1/46277] INFO  impl.RoleInfo (RoleInfo.java:shutdownLeaderState(93)) - 68b1a215-e375-44d3-a5cb-74a1c393ca27: shutdown 68b1a215-e375-44d3-a5cb-74a1c393ca27@group-475CD9ECF321-LeaderStateImpl
2022-07-27 13:50:43,126 [Listener at 127.0.0.1/46277] INFO  impl.PendingRequests (PendingRequests.java:sendNotLeaderResponses(282)) - 68b1a215-e375-44d3-a5cb-74a1c393ca27@group-475CD9ECF321-PendingRequests: sendNotLeaderResponses
2022-07-27 13:50:43,128 [68b1a215-e375-44d3-a5cb-74a1c393ca27@group-475CD9ECF321->307e1e91-324e-43cf-a54a-5645731ed350-GrpcLogAppender-LogAppenderDaemon] WARN  server.GrpcLogAppender (GrpcLogAppender.java:mayWait(171)) - 68b1a215-e375-44d3-a5cb-74a1c393ca27@group-475CD9ECF321->307e1e91-324e-43cf-a54a-5645731ed350-GrpcLogAppender: Wait interrupted by java.lang.InterruptedException
2022-07-27 13:50:43,130 [Listener at 127.0.0.1/46277] INFO  impl.StateMachineUpdater (StateMachineUpdater.java:stopAndJoin(153)) - 68b1a215-e375-44d3-a5cb-74a1c393ca27@group-475CD9ECF321-StateMachineUpdater: set stopIndex = 4
2022-07-27 13:50:43,131 [307e1e91-324e-43cf-a54a-5645731ed350@group-475CD9ECF321-StateMachineUpdater] INFO  ratis.ContainerStateMachine (ContainerStateMachine.java:takeSnapshot(304)) - group-475CD9ECF321: Taking a snapshot at:(t:2, i:4) file /home/runner/work/ozone/ozone/hadoop-ozone/integration-test/target/test-dir/MiniOzoneClusterImpl-29ab875d-7565-45f7-8a7f-94142ec04d49/datanode-1/data/ratis/f9d8f533-7712-46a2-b154-475cd9ecf321/sm/snapshot.2_4
2022-07-27 13:50:43,129 [68b1a215-e375-44d3-a5cb-74a1c393ca27@group-475CD9ECF321->e71fbb36-3969-41f7-998b-9a309dacec97-GrpcLogAppender-LogAppenderDaemon] WARN  server.GrpcLogAppender (GrpcLogAppender.java:mayWait(171)) - 68b1a215-e375-44d3-a5cb-74a1c393ca27@group-475CD9ECF321->e71fbb36-3969-41f7-998b-9a309dacec97-GrpcLogAppender: Wait interrupted by java.lang.InterruptedException
2022-07-27 13:50:43,131 [68b1a215-e375-44d3-a5cb-74a1c393ca27@group-475CD9ECF321-StateMachineUpdater] INFO  ratis.ContainerStateMachine (ContainerStateMachine.java:takeSnapshot(304)) - group-475CD9ECF321: Taking a snapshot at:(t:2, i:4) file /home/runner/work/ozone/ozone/hadoop-ozone/integration-test/target/test-dir/MiniOzoneClusterImpl-29ab875d-7565-45f7-8a7f-94142ec04d49/datanode-2/data/ratis/f9d8f533-7712-46a2-b154-475cd9ecf321/sm/snapshot.2_4
2022-07-27 13:50:43,131 [grpc-default-executor-3] INFO  server.GrpcServerProtocolService (GrpcServerProtocolService.java:onCompleted(140)) - 307e1e91-324e-43cf-a54a-5645731ed350: Completed APPEND_ENTRIES, lastRequest: 68b1a215-e375-44d3-a5cb-74a1c393ca27->307e1e91-324e-43cf-a54a-5645731ed350#13-t2,previous=(t:2, i:3),leaderCommit=2,initializing? true,entries: size=1, first=(t:2, i:4), METADATAENTRY(c:2)
2022-07-27 13:50:43,132 [grpc-default-executor-3] INFO  server.GrpcServerProtocolService (GrpcServerProtocolService.java:onCompleted(140)) - e71fbb36-3969-41f7-998b-9a309dacec97: Completed APPEND_ENTRIES, lastRequest: 68b1a215-e375-44d3-a5cb-74a1c393ca27->e71fbb36-3969-41f7-998b-9a309dacec97#11-t2,previous=(t:2, i:3),leaderCommit=3,initializing? true,entries: size=1, first=(t:2, i:4), METADATAENTRY(c:2)
2022-07-27 13:50:43,132 [68b1a215-e375-44d3-a5cb-74a1c393ca27@group-475CD9ECF321-StateMachineUpdater] INFO  ratis.ContainerStateMachine (ContainerStateMachine.java:takeSnapshot(315)) - group-475CD9ECF321: Finished taking a snapshot at:(t:2, i:4) file:/home/runner/work/ozone/ozone/hadoop-ozone/integration-test/target/test-dir/MiniOzoneClusterImpl-29ab875d-7565-45f7-8a7f-94142ec04d49/datanode-2/data/ratis/f9d8f533-7712-46a2-b154-475cd9ecf321/sm/snapshot.2_4 took: 1 ms
2022-07-27 13:50:43,132 [68b1a215-e375-44d3-a5cb-74a1c393ca27@group-475CD9ECF321-StateMachineUpdater] INFO  impl.StateMachineUpdater (StateMachineUpdater.java:takeSnapshot(287)) - 68b1a215-e375-44d3-a5cb-74a1c393ca27@group-475CD9ECF321-StateMachineUpdater: Took a snapshot at index 4
2022-07-27 13:50:43,132 [68b1a215-e375-44d3-a5cb-74a1c393ca27@group-475CD9ECF321-StateMachineUpdater] INFO  impl.StateMachineUpdater (StateMachineUpdater.java:lambda$new$0(92)) - 68b1a215-e375-44d3-a5cb-74a1c393ca27@group-475CD9ECF321-StateMachineUpdater: snapshotIndex: updateIncreasingly -1 -> 4
2022-07-27 13:50:43,133 [grpc-default-executor-1] INFO  server.GrpcLogAppender (GrpcLogAppender.java:onCompleted(339)) - 68b1a215-e375-44d3-a5cb-74a1c393ca27@group-475CD9ECF321->e71fbb36-3969-41f7-998b-9a309dacec97-AppendLogResponseHandler: follower responses appendEntries COMPLETED
2022-07-27 13:50:43,133 [grpc-default-executor-1] INFO  leader.FollowerInfo (FollowerInfoImpl.java:lambda$new$0(48)) - 68b1a215-e375-44d3-a5cb-74a1c393ca27@group-475CD9ECF321->e71fbb36-3969-41f7-998b-9a309dacec97: nextIndex: updateUnconditionally 5 -> 4
2022-07-27 13:50:43,133 [Listener at 127.0.0.1/46277] INFO  server.RaftServer$Division (ServerState.java:close(429)) - 68b1a215-e375-44d3-a5cb-74a1c393ca27@group-475CD9ECF321: closes. applyIndex: 4
2022-07-27 13:50:43,133 [307e1e91-324e-43cf-a54a-5645731ed350@group-475CD9ECF321-StateMachineUpdater] INFO  ratis.ContainerStateMachine (ContainerStateMachine.java:takeSnapshot(315)) - group-475CD9ECF321: Finished taking a snapshot at:(t:2, i:4) file:/home/runner/work/ozone/ozone/hadoop-ozone/integration-test/target/test-dir/MiniOzoneClusterImpl-29ab875d-7565-45f7-8a7f-94142ec04d49/datanode-1/data/ratis/f9d8f533-7712-46a2-b154-475cd9ecf321/sm/snapshot.2_4 took: 2 ms
2022-07-27 13:50:43,133 [68b1a215-e375-44d3-a5cb-74a1c393ca27@group-475CD9ECF321-SegmentedRaftLogWorker] INFO  segmented.SegmentedRaftLogWorker (SegmentedRaftLogWorker.java:run(336)) - 68b1a215-e375-44d3-a5cb-74a1c393ca27@group-475CD9ECF321-SegmentedRaftLogWorker was interrupted, exiting. There are 0 tasks remaining in the queue.
2022-07-27 13:50:43,133 [307e1e91-324e-43cf-a54a-5645731ed350@group-475CD9ECF321-StateMachineUpdater] INFO  impl.StateMachineUpdater (StateMachineUpdater.java:takeSnapshot(287)) - 307e1e91-324e-43cf-a54a-5645731ed350@group-475CD9ECF321-StateMachineUpdater: Took a snapshot at index 4
2022-07-27 13:50:43,133 [307e1e91-324e-43cf-a54a-5645731ed350@group-475CD9ECF321-StateMachineUpdater] INFO  impl.StateMachineUpdater (StateMachineUpdater.java:lambda$new$0(92)) - 307e1e91-324e-43cf-a54a-5645731ed350@group-475CD9ECF321-StateMachineUpdater: snapshotIndex: updateIncreasingly -1 -> 4
2022-07-27 13:50:43,134 [ForkJoinPool.commonPool-worker-1] INFO  server.RaftServer$Division (ServerState.java:close(429)) - 307e1e91-324e-43cf-a54a-5645731ed350@group-475CD9ECF321: closes. applyIndex: 4
2022-07-27 13:50:43,134 [307e1e91-324e-43cf-a54a-5645731ed350@group-475CD9ECF321-SegmentedRaftLogWorker] INFO  segmented.SegmentedRaftLogWorker (SegmentedRaftLogWorker.java:run(336)) - 307e1e91-324e-43cf-a54a-5645731ed350@group-475CD9ECF321-SegmentedRaftLogWorker was interrupted, exiting. There are 0 tasks remaining in the queue.
2022-07-27 13:50:43,134 [grpc-default-executor-3] INFO  server.GrpcLogAppender (GrpcLogAppender.java:onCompleted(339)) - 68b1a215-e375-44d3-a5cb-74a1c393ca27@group-475CD9ECF321->307e1e91-324e-43cf-a54a-5645731ed350-AppendLogResponseHandler: follower responses appendEntries COMPLETED
2022-07-27 13:50:43,134 [grpc-default-executor-3] INFO  leader.FollowerInfo (FollowerInfoImpl.java:lambda$new$0(48)) - 68b1a215-e375-44d3-a5cb-74a1c393ca27@group-475CD9ECF321->307e1e91-324e-43cf-a54a-5645731ed350: nextIndex: updateUnconditionally 5 -> 4
2022-07-27 13:50:43,146 [Listener at 127.0.0.1/46277] INFO  segmented.SegmentedRaftLogWorker (SegmentedRaftLogWorker.java:close(246)) - 68b1a215-e375-44d3-a5cb-74a1c393ca27@group-475CD9ECF321-SegmentedRaftLogWorker close()
2022-07-27 13:50:43,146 [ForkJoinPool.commonPool-worker-1] INFO  segmented.SegmentedRaftLogWorker (SegmentedRaftLogWorker.java:close(246)) - 307e1e91-324e-43cf-a54a-5645731ed350@group-475CD9ECF321-SegmentedRaftLogWorker close()
2022-07-27 13:50:43,147 [ForkJoinPool.commonPool-worker-1] INFO  server.GrpcService (GrpcService.java:closeImpl(269)) - 307e1e91-324e-43cf-a54a-5645731ed350: shutdown server with port 40907 now
2022-07-27 13:50:43,148 [Listener at 127.0.0.1/46277] INFO  server.RaftServer$Division (RaftServerImpl.java:lambda$close$4(434)) - 68b1a215-e375-44d3-a5cb-74a1c393ca27@group-641F242E788A: shutdown
2022-07-27 13:50:43,148 [Listener at 127.0.0.1/46277] INFO  util.JmxRegister (JmxRegister.java:unregister(73)) - Successfully un-registered JMX Bean with object name Ratis:service=RaftServer,group=group-641F242E788A,id=68b1a215-e375-44d3-a5cb-74a1c393ca27
2022-07-27 13:50:43,148 [Listener at 127.0.0.1/46277] INFO  impl.RoleInfo (RoleInfo.java:shutdownLeaderState(93)) - 68b1a215-e375-44d3-a5cb-74a1c393ca27: shutdown 68b1a215-e375-44d3-a5cb-74a1c393ca27@group-641F242E788A-LeaderStateImpl
2022-07-27 13:50:43,148 [Listener at 127.0.0.1/46277] INFO  impl.PendingRequests (PendingRequests.java:sendNotLeaderResponses(282)) - 68b1a215-e375-44d3-a5cb-74a1c393ca27@group-641F242E788A-PendingRequests: sendNotLeaderResponses
2022-07-27 13:50:43,149 [Listener at 127.0.0.1/46277] INFO  impl.StateMachineUpdater (StateMachineUpdater.java:stopAndJoin(153)) - 68b1a215-e375-44d3-a5cb-74a1c393ca27@group-641F242E788A-StateMachineUpdater: set stopIndex = 0
2022-07-27 13:50:43,149 [68b1a215-e375-44d3-a5cb-74a1c393ca27@group-641F242E788A-StateMachineUpdater] INFO  ratis.ContainerStateMachine (ContainerStateMachine.java:takeSnapshot(304)) - group-641F242E788A: Taking a snapshot at:(t:1, i:0) file /home/runner/work/ozone/ozone/hadoop-ozone/integration-test/target/test-dir/MiniOzoneClusterImpl-29ab875d-7565-45f7-8a7f-94142ec04d49/datanode-2/data/ratis/618a9e73-8c9f-4dda-8e49-641f242e788a/sm/snapshot.1_0
2022-07-27 13:50:43,153 [grpc-default-executor-3] WARN  server.GrpcServerProtocolService (LogUtils.java:warn(122)) - 307e1e91-324e-43cf-a54a-5645731ed350: installSnapshot onError, lastRequest: e71fbb36-3969-41f7-998b-9a309dacec97->307e1e91-324e-43cf-a54a-5645731ed350#375-t1,previous=(t:1, i:27),leaderCommit=26,initializing? true,entries: size=1, first=(t:1, i:28), METADATAENTRY(c:26): org.apache.ratis.thirdparty.io.grpc.StatusRuntimeException: CANCELLED: client cancelled
2022-07-27 13:50:43,153 [ForkJoinPool.commonPool-worker-1] INFO  server.GrpcService (GrpcService.java:closeImpl(278)) - 307e1e91-324e-43cf-a54a-5645731ed350: shutdown server with port 40907 successfully
2022-07-27 13:50:43,153 [org.apache.ratis.util.JvmPauseMonitor$$Lambda$615/1136232276@7cd4a203] INFO  util.JvmPauseMonitor (JvmPauseMonitor.java:run(109)) - JvmPauseMonitor-307e1e91-324e-43cf-a54a-5645731ed350: Stopped
2022-07-27 13:50:43,162 [68b1a215-e375-44d3-a5cb-74a1c393ca27@group-641F242E788A-StateMachineUpdater] INFO  ratis.ContainerStateMachine (ContainerStateMachine.java:takeSnapshot(315)) - group-641F242E788A: Finished taking a snapshot at:(t:1, i:0) file:/home/runner/work/ozone/ozone/hadoop-ozone/integration-test/target/test-dir/MiniOzoneClusterImpl-29ab875d-7565-45f7-8a7f-94142ec04d49/datanode-2/data/ratis/618a9e73-8c9f-4dda-8e49-641f242e788a/sm/snapshot.1_0 took: 13 ms
2022-07-27 13:50:43,163 [68b1a215-e375-44d3-a5cb-74a1c393ca27@group-641F242E788A-StateMachineUpdater] INFO  impl.StateMachineUpdater (StateMachineUpdater.java:takeSnapshot(287)) - 68b1a215-e375-44d3-a5cb-74a1c393ca27@group-641F242E788A-StateMachineUpdater: Took a snapshot at index 0
2022-07-27 13:50:43,163 [68b1a215-e375-44d3-a5cb-74a1c393ca27@group-641F242E788A-StateMachineUpdater] INFO  impl.StateMachineUpdater (StateMachineUpdater.java:lambda$new$0(92)) - 68b1a215-e375-44d3-a5cb-74a1c393ca27@group-641F242E788A-StateMachineUpdater: snapshotIndex: updateIncreasingly -1 -> 0
2022-07-27 13:50:43,163 [Listener at 127.0.0.1/46277] INFO  server.RaftServer$Division (ServerState.java:close(429)) - 68b1a215-e375-44d3-a5cb-74a1c393ca27@group-641F242E788A: closes. applyIndex: 0
2022-07-27 13:50:43,164 [68b1a215-e375-44d3-a5cb-74a1c393ca27@group-641F242E788A-SegmentedRaftLogWorker] INFO  segmented.SegmentedRaftLogWorker (SegmentedRaftLogWorker.java:run(336)) - 68b1a215-e375-44d3-a5cb-74a1c393ca27@group-641F242E788A-SegmentedRaftLogWorker was interrupted, exiting. There are 0 tasks remaining in the queue.
2022-07-27 13:50:43,164 [Listener at 127.0.0.1/46277] INFO  segmented.SegmentedRaftLogWorker (SegmentedRaftLogWorker.java:close(246)) - 68b1a215-e375-44d3-a5cb-74a1c393ca27@group-641F242E788A-SegmentedRaftLogWorker close()
2022-07-27 13:50:43,171 [grpc-default-executor-3] WARN  server.GrpcLogAppender (LogUtils.java:warn(122)) - e71fbb36-3969-41f7-998b-9a309dacec97@group-95DCFDDAE3B9->307e1e91-324e-43cf-a54a-5645731ed350-AppendLogResponseHandler: Failed appendEntries: org.apache.ratis.thirdparty.io.grpc.StatusRuntimeException: CANCELLED: RST_STREAM closed stream. HTTP/2 error code: CANCEL
2022-07-27 13:50:43,172 [Listener at 127.0.0.1/46277] INFO  server.GrpcService (GrpcService.java:closeImpl(269)) - 68b1a215-e375-44d3-a5cb-74a1c393ca27: shutdown server with port 44933 now
2022-07-27 13:50:43,173 [grpc-default-executor-3] INFO  leader.FollowerInfo (FollowerInfoImpl.java:lambda$new$0(48)) - e71fbb36-3969-41f7-998b-9a309dacec97@group-95DCFDDAE3B9->307e1e91-324e-43cf-a54a-5645731ed350: nextIndex: updateUnconditionally 29 -> 28
2022-07-27 13:50:43,174 [grpc-default-executor-2] WARN  server.GrpcClientProtocolService (LogUtils.java:warn(122)) - 1-UnorderedRequestStreamObserver1: onError: org.apache.ratis.thirdparty.io.grpc.StatusRuntimeException: CANCELLED: client cancelled
2022-07-27 13:50:43,175 [grpc-default-executor-0] WARN  server.GrpcServerProtocolService (LogUtils.java:warn(122)) - 68b1a215-e375-44d3-a5cb-74a1c393ca27: installSnapshot onError, lastRequest: e71fbb36-3969-41f7-998b-9a309dacec97->68b1a215-e375-44d3-a5cb-74a1c393ca27#382-t1,previous=(t:1, i:27),leaderCommit=26,initializing? true,entries: size=1, first=(t:1, i:28), METADATAENTRY(c:26): org.apache.ratis.thirdparty.io.grpc.StatusRuntimeException: CANCELLED: client cancelled
2022-07-27 13:50:43,175 [grpc-default-executor-4] WARN  server.GrpcLogAppender (LogUtils.java:warn(122)) - e71fbb36-3969-41f7-998b-9a309dacec97@group-95DCFDDAE3B9->68b1a215-e375-44d3-a5cb-74a1c393ca27-AppendLogResponseHandler: Failed appendEntries: org.apache.ratis.thirdparty.io.grpc.StatusRuntimeException: CANCELLED: RST_STREAM closed stream. HTTP/2 error code: CANCEL
2022-07-27 13:50:43,202 [grpc-default-executor-4] INFO  leader.FollowerInfo (FollowerInfoImpl.java:lambda$new$0(48)) - e71fbb36-3969-41f7-998b-9a309dacec97@group-95DCFDDAE3B9->68b1a215-e375-44d3-a5cb-74a1c393ca27: nextIndex: updateUnconditionally 29 -> 28
2022-07-27 13:50:43,196 [grpc-default-executor-3] WARN  server.GrpcLogAppender (LogUtils.java:warn(122)) - e71fbb36-3969-41f7-998b-9a309dacec97@group-95DCFDDAE3B9->307e1e91-324e-43cf-a54a-5645731ed350-AppendLogResponseHandler: Failed appendEntries: org.apache.ratis.thirdparty.io.grpc.StatusRuntimeException: UNAVAILABLE: io exception
2022-07-27 13:50:43,195 [Listener at 127.0.0.1/46277] INFO  server.GrpcService (GrpcService.java:closeImpl(278)) - 68b1a215-e375-44d3-a5cb-74a1c393ca27: shutdown server with port 44933 successfully
2022-07-27 13:50:43,202 [org.apache.ratis.util.JvmPauseMonitor$$Lambda$615/1136232276@2a8f2722] INFO  util.JvmPauseMonitor (JvmPauseMonitor.java:run(109)) - JvmPauseMonitor-68b1a215-e375-44d3-a5cb-74a1c393ca27: Stopped
2022-07-27 13:50:43,202 [grpc-default-executor-3] INFO  leader.FollowerInfo (FollowerInfoImpl.java:lambda$new$0(48)) - e71fbb36-3969-41f7-998b-9a309dacec97@group-95DCFDDAE3B9->307e1e91-324e-43cf-a54a-5645731ed350: nextIndex: updateUnconditionally 29 -> 28
2022-07-27 13:50:43,213 [grpc-default-executor-4] WARN  server.GrpcLogAppender (LogUtils.java:warn(122)) - e71fbb36-3969-41f7-998b-9a309dacec97@group-95DCFDDAE3B9->68b1a215-e375-44d3-a5cb-74a1c393ca27-AppendLogResponseHandler: Failed appendEntries: org.apache.ratis.thirdparty.io.grpc.StatusRuntimeException: UNAVAILABLE: io exception
2022-07-27 13:50:43,213 [grpc-default-executor-4] INFO  leader.FollowerInfo (FollowerInfoImpl.java:lambda$new$0(48)) - e71fbb36-3969-41f7-998b-9a309dacec97@group-95DCFDDAE3B9->68b1a215-e375-44d3-a5cb-74a1c393ca27: nextIndex: updateUnconditionally 29 -> 28
2022-07-27 13:50:44,693 [grpc-default-executor-4] WARN  server.GrpcLogAppender (LogUtils.java:warn(122)) - e71fbb36-3969-41f7-998b-9a309dacec97@group-95DCFDDAE3B9->307e1e91-324e-43cf-a54a-5645731ed350-AppendLogResponseHandler: Failed appendEntries: org.apache.ratis.thirdparty.io.grpc.StatusRuntimeException: UNAVAILABLE: io exception
2022-07-27 13:50:44,694 [grpc-default-executor-4] INFO  leader.FollowerInfo (FollowerInfoImpl.java:lambda$new$0(48)) - e71fbb36-3969-41f7-998b-9a309dacec97@group-95DCFDDAE3B9->307e1e91-324e-43cf-a54a-5645731ed350: nextIndex: updateUnconditionally 29 -> 28
2022-07-27 13:50:44,772 [grpc-default-executor-4] WARN  server.GrpcLogAppender (LogUtils.java:warn(122)) - e71fbb36-3969-41f7-998b-9a309dacec97@group-95DCFDDAE3B9->68b1a215-e375-44d3-a5cb-74a1c393ca27-AppendLogResponseHandler: Failed appendEntries: org.apache.ratis.thirdparty.io.grpc.StatusRuntimeException: UNAVAILABLE: io exception
2022-07-27 13:50:44,773 [grpc-default-executor-4] INFO  leader.FollowerInfo (FollowerInfoImpl.java:lambda$new$0(48)) - e71fbb36-3969-41f7-998b-9a309dacec97@group-95DCFDDAE3B9->68b1a215-e375-44d3-a5cb-74a1c393ca27: nextIndex: updateUnconditionally 29 -> 28
2022-07-27 13:50:45,227 [ForkJoinPool.commonPool-worker-1] INFO  utils.BackgroundService (BackgroundService.java:shutdown(141)) - Shutting down service BlockDeletingService
2022-07-27 13:50:45,239 [ForkJoinPool.commonPool-worker-1] INFO  utils.BackgroundService (BackgroundService.java:shutdown(141)) - Shutting down service StaleRecoveringContainerScrubbingService
2022-07-27 13:50:45,239 [Listener at 127.0.0.1/46277] INFO  utils.BackgroundService (BackgroundService.java:shutdown(141)) - Shutting down service BlockDeletingService
2022-07-27 13:50:45,249 [Listener at 127.0.0.1/46277] INFO  utils.BackgroundService (BackgroundService.java:shutdown(141)) - Shutting down service StaleRecoveringContainerScrubbingService
2022-07-27 13:50:45,944 [grpc-default-executor-4] WARN  server.GrpcLogAppender (LogUtils.java:warn(122)) - e71fbb36-3969-41f7-998b-9a309dacec97@group-95DCFDDAE3B9->307e1e91-324e-43cf-a54a-5645731ed350-AppendLogResponseHandler: Failed appendEntries: org.apache.ratis.thirdparty.io.grpc.StatusRuntimeException: UNAVAILABLE: io exception
2022-07-27 13:50:45,945 [grpc-default-executor-4] INFO  leader.FollowerInfo (FollowerInfoImpl.java:lambda$new$0(48)) - e71fbb36-3969-41f7-998b-9a309dacec97@group-95DCFDDAE3B9->307e1e91-324e-43cf-a54a-5645731ed350: nextIndex: updateUnconditionally 29 -> 28
2022-07-27 13:50:46,023 [grpc-default-executor-4] WARN  server.GrpcLogAppender (LogUtils.java:warn(122)) - e71fbb36-3969-41f7-998b-9a309dacec97@group-95DCFDDAE3B9->68b1a215-e375-44d3-a5cb-74a1c393ca27-AppendLogResponseHandler: Failed appendEntries: org.apache.ratis.thirdparty.io.grpc.StatusRuntimeException: UNAVAILABLE: io exception
2022-07-27 13:50:46,024 [grpc-default-executor-4] INFO  leader.FollowerInfo (FollowerInfoImpl.java:lambda$new$0(48)) - e71fbb36-3969-41f7-998b-9a309dacec97@group-95DCFDDAE3B9->68b1a215-e375-44d3-a5cb-74a1c393ca27: nextIndex: updateUnconditionally 29 -> 28
2022-07-27 13:50:47,195 [grpc-default-executor-4] WARN  server.GrpcLogAppender (LogUtils.java:warn(122)) - e71fbb36-3969-41f7-998b-9a309dacec97@group-95DCFDDAE3B9->307e1e91-324e-43cf-a54a-5645731ed350-AppendLogResponseHandler: Failed appendEntries: org.apache.ratis.thirdparty.io.grpc.StatusRuntimeException: UNAVAILABLE: io exception
2022-07-27 13:50:47,196 [grpc-default-executor-4] INFO  leader.FollowerInfo (FollowerInfoImpl.java:lambda$new$0(48)) - e71fbb36-3969-41f7-998b-9a309dacec97@group-95DCFDDAE3B9->307e1e91-324e-43cf-a54a-5645731ed350: nextIndex: updateUnconditionally 29 -> 28
2022-07-27 13:50:47,274 [grpc-default-executor-4] WARN  server.GrpcLogAppender (LogUtils.java:warn(122)) - e71fbb36-3969-41f7-998b-9a309dacec97@group-95DCFDDAE3B9->68b1a215-e375-44d3-a5cb-74a1c393ca27-AppendLogResponseHandler: Failed appendEntries: org.apache.ratis.thirdparty.io.grpc.StatusRuntimeException: UNAVAILABLE: io exception
2022-07-27 13:50:47,274 [grpc-default-executor-4] INFO  leader.FollowerInfo (FollowerInfoImpl.java:lambda$new$0(48)) - e71fbb36-3969-41f7-998b-9a309dacec97@group-95DCFDDAE3B9->68b1a215-e375-44d3-a5cb-74a1c393ca27: nextIndex: updateUnconditionally 29 -> 28
2022-07-27 13:50:48,252 [ForkJoinPool.commonPool-worker-1] INFO  statemachine.DatanodeStateMachine (DatanodeStateMachine.java:stopDaemon(580)) - Ozone container server stopped.
2022-07-27 13:50:48,260 [Listener at 127.0.0.1/46277] INFO  statemachine.DatanodeStateMachine (DatanodeStateMachine.java:stopDaemon(580)) - Ozone container server stopped.
2022-07-27 13:50:48,267 [Listener at 127.0.0.1/46277] INFO  handler.ContextHandler (ContextHandler.java:doStop(1153)) - Stopped o.e.j.w.WebAppContext@27f89d3b{hddsDatanode,/,null,STOPPED}{jar:file:/home/runner/.m2/repository/org/apache/ozone/hdds-container-service/1.3.0-SNAPSHOT/hdds-container-service-1.3.0-SNAPSHOT.jar!/webapps/hddsDatanode}
2022-07-27 13:50:48,302 [Listener at 127.0.0.1/46277] INFO  server.AbstractConnector (AbstractConnector.java:doStop(381)) - Stopped ServerConnector@5e1ebcb0{HTTP/1.1, (http/1.1)}{0.0.0.0:0}
2022-07-27 13:50:48,303 [Listener at 127.0.0.1/46277] INFO  server.session (HouseKeeper.java:stopScavenging(149)) - node0 Stopped scavenging
2022-07-27 13:50:48,303 [Listener at 127.0.0.1/46277] INFO  handler.ContextHandler (ContextHandler.java:doStop(1153)) - Stopped o.e.j.s.ServletContextHandler@14c42273{static,/static,jar:file:/home/runner/.m2/repository/org/apache/ozone/hdds-container-service/1.3.0-SNAPSHOT/hdds-container-service-1.3.0-SNAPSHOT.jar!/webapps/static,STOPPED}
2022-07-27 13:50:48,303 [Listener at 127.0.0.1/46277] INFO  handler.ContextHandler (ContextHandler.java:doStop(1153)) - Stopped o.e.j.s.ServletContextHandler@20d95a84{logs,/logs,file:///home/runner/work/ozone/ozone/hadoop-ozone/integration-test/target/log,STOPPED}
2022-07-27 13:50:48,306 [ForkJoinPool.commonPool-worker-1] INFO  handler.ContextHandler (ContextHandler.java:doStop(1153)) - Stopped o.e.j.w.WebAppContext@7f25ff1f{hddsDatanode,/,null,STOPPED}{jar:file:/home/runner/.m2/repository/org/apache/ozone/hdds-container-service/1.3.0-SNAPSHOT/hdds-container-service-1.3.0-SNAPSHOT.jar!/webapps/hddsDatanode}
2022-07-27 13:50:48,308 [ForkJoinPool.commonPool-worker-1] INFO  server.AbstractConnector (AbstractConnector.java:doStop(381)) - Stopped ServerConnector@107a9490{HTTP/1.1, (http/1.1)}{0.0.0.0:0}
2022-07-27 13:50:48,309 [ForkJoinPool.commonPool-worker-1] INFO  server.session (HouseKeeper.java:stopScavenging(149)) - node0 Stopped scavenging
2022-07-27 13:50:48,310 [ForkJoinPool.commonPool-worker-1] INFO  handler.ContextHandler (ContextHandler.java:doStop(1153)) - Stopped o.e.j.s.ServletContextHandler@747a8258{static,/static,jar:file:/home/runner/.m2/repository/org/apache/ozone/hdds-container-service/1.3.0-SNAPSHOT/hdds-container-service-1.3.0-SNAPSHOT.jar!/webapps/static,STOPPED}
2022-07-27 13:50:48,318 [ForkJoinPool.commonPool-worker-1] INFO  handler.ContextHandler (ContextHandler.java:doStop(1153)) - Stopped o.e.j.s.ServletContextHandler@402d09dd{logs,/logs,file:///home/runner/work/ozone/ozone/hadoop-ozone/integration-test/target/log,STOPPED}
2022-07-27 13:50:48,446 [grpc-default-executor-4] WARN  server.GrpcLogAppender (LogUtils.java:warn(122)) - e71fbb36-3969-41f7-998b-9a309dacec97@group-95DCFDDAE3B9->307e1e91-324e-43cf-a54a-5645731ed350-AppendLogResponseHandler: Failed appendEntries: org.apache.ratis.thirdparty.io.grpc.StatusRuntimeException: UNAVAILABLE: io exception
2022-07-27 13:50:48,447 [grpc-default-executor-4] INFO  leader.FollowerInfo (FollowerInfoImpl.java:lambda$new$0(48)) - e71fbb36-3969-41f7-998b-9a309dacec97@group-95DCFDDAE3B9->307e1e91-324e-43cf-a54a-5645731ed350: nextIndex: updateUnconditionally 29 -> 28
2022-07-27 13:50:48,524 [grpc-default-executor-4] WARN  server.GrpcLogAppender (LogUtils.java:warn(122)) - e71fbb36-3969-41f7-998b-9a309dacec97@group-95DCFDDAE3B9->68b1a215-e375-44d3-a5cb-74a1c393ca27-AppendLogResponseHandler: Failed appendEntries: org.apache.ratis.thirdparty.io.grpc.StatusRuntimeException: UNAVAILABLE: io exception
2022-07-27 13:50:48,525 [grpc-default-executor-4] INFO  leader.FollowerInfo (FollowerInfoImpl.java:lambda$new$0(48)) - e71fbb36-3969-41f7-998b-9a309dacec97@group-95DCFDDAE3B9->68b1a215-e375-44d3-a5cb-74a1c393ca27: nextIndex: updateUnconditionally 29 -> 28
2022-07-27 13:50:49,698 [grpc-default-executor-4] WARN  server.GrpcLogAppender (LogUtils.java:warn(122)) - e71fbb36-3969-41f7-998b-9a309dacec97@group-95DCFDDAE3B9->307e1e91-324e-43cf-a54a-5645731ed350-AppendLogResponseHandler: Failed appendEntries: org.apache.ratis.thirdparty.io.grpc.StatusRuntimeException: UNAVAILABLE: io exception
2022-07-27 13:50:49,698 [grpc-default-executor-4] INFO  leader.FollowerInfo (FollowerInfoImpl.java:lambda$new$0(48)) - e71fbb36-3969-41f7-998b-9a309dacec97@group-95DCFDDAE3B9->307e1e91-324e-43cf-a54a-5645731ed350: nextIndex: updateUnconditionally 29 -> 28
2022-07-27 13:50:49,775 [grpc-default-executor-4] WARN  server.GrpcLogAppender (LogUtils.java:warn(122)) - e71fbb36-3969-41f7-998b-9a309dacec97@group-95DCFDDAE3B9->68b1a215-e375-44d3-a5cb-74a1c393ca27-AppendLogResponseHandler: Failed appendEntries: org.apache.ratis.thirdparty.io.grpc.StatusRuntimeException: UNAVAILABLE: io exception
2022-07-27 13:50:49,776 [grpc-default-executor-4] INFO  leader.FollowerInfo (FollowerInfoImpl.java:lambda$new$0(48)) - e71fbb36-3969-41f7-998b-9a309dacec97@group-95DCFDDAE3B9->68b1a215-e375-44d3-a5cb-74a1c393ca27: nextIndex: updateUnconditionally 29 -> 28
2022-07-27 13:50:50,663 [e71fbb36-3969-41f7-998b-9a309dacec97@group-95DCFDDAE3B9-LeaderStateImpl] WARN  server.RaftServer$Division (LeaderStateImpl.java:checkLeadership(1018)) - e71fbb36-3969-41f7-998b-9a309dacec97@group-95DCFDDAE3B9-LeaderStateImpl: Lost leadership on term: 1. Election timeout: 5200ms. In charge for: 30818ms. Conf: 0: [307e1e91-324e-43cf-a54a-5645731ed350|rpc:10.1.0.21:40907|dataStream:|priority:0, e71fbb36-3969-41f7-998b-9a309dacec97|rpc:10.1.0.21:38701|dataStream:|priority:1, 68b1a215-e375-44d3-a5cb-74a1c393ca27|rpc:10.1.0.21:44933|dataStream:|priority:0], old=null
2022-07-27 13:50:50,663 [e71fbb36-3969-41f7-998b-9a309dacec97@group-95DCFDDAE3B9-LeaderStateImpl] WARN  server.RaftServer$Division (LeaderStateImpl.java:lambda$checkLeadership$17(1022)) - Follower e71fbb36-3969-41f7-998b-9a309dacec97@group-95DCFDDAE3B9->307e1e91-324e-43cf-a54a-5645731ed350(c28,m28,n28, attendVote=true, lastRpcSendTime=965, lastRpcResponseTime=8471)
2022-07-27 13:50:50,664 [e71fbb36-3969-41f7-998b-9a309dacec97@group-95DCFDDAE3B9-LeaderStateImpl] WARN  server.RaftServer$Division (LeaderStateImpl.java:lambda$checkLeadership$17(1022)) - Follower e71fbb36-3969-41f7-998b-9a309dacec97@group-95DCFDDAE3B9->68b1a215-e375-44d3-a5cb-74a1c393ca27(c28,m28,n28, attendVote=true, lastRpcSendTime=888, lastRpcResponseTime=8392)
2022-07-27 13:50:50,664 [e71fbb36-3969-41f7-998b-9a309dacec97@group-95DCFDDAE3B9-LeaderStateImpl] INFO  server.RaftServer$Division (RaftServerImpl.java:setRole(299)) - e71fbb36-3969-41f7-998b-9a309dacec97@group-95DCFDDAE3B9: changes role from    LEADER to FOLLOWER at term 1 for StepDownReason:LOST_MAJORITY_HEARTBEATS
2022-07-27 13:50:50,664 [e71fbb36-3969-41f7-998b-9a309dacec97@group-95DCFDDAE3B9-LeaderStateImpl] INFO  impl.RoleInfo (RoleInfo.java:shutdownLeaderState(93)) - e71fbb36-3969-41f7-998b-9a309dacec97: shutdown e71fbb36-3969-41f7-998b-9a309dacec97@group-95DCFDDAE3B9-LeaderStateImpl
2022-07-27 13:50:50,664 [e71fbb36-3969-41f7-998b-9a309dacec97@group-95DCFDDAE3B9->307e1e91-324e-43cf-a54a-5645731ed350-GrpcLogAppender-LogAppenderDaemon] WARN  server.GrpcLogAppender (GrpcLogAppender.java:mayWait(171)) - e71fbb36-3969-41f7-998b-9a309dacec97@group-95DCFDDAE3B9->307e1e91-324e-43cf-a54a-5645731ed350-GrpcLogAppender: Wait interrupted by java.lang.InterruptedException
2022-07-27 13:50:50,664 [e71fbb36-3969-41f7-998b-9a309dacec97@group-95DCFDDAE3B9->68b1a215-e375-44d3-a5cb-74a1c393ca27-GrpcLogAppender-LogAppenderDaemon] WARN  server.GrpcLogAppender (GrpcLogAppender.java:mayWait(171)) - e71fbb36-3969-41f7-998b-9a309dacec97@group-95DCFDDAE3B9->68b1a215-e375-44d3-a5cb-74a1c393ca27-GrpcLogAppender: Wait interrupted by java.lang.InterruptedException
2022-07-27 13:50:50,664 [e71fbb36-3969-41f7-998b-9a309dacec97@group-95DCFDDAE3B9-LeaderStateImpl] INFO  impl.PendingRequests (PendingRequests.java:sendNotLeaderResponses(282)) - e71fbb36-3969-41f7-998b-9a309dacec97@group-95DCFDDAE3B9-PendingRequests: sendNotLeaderResponses
2022-07-27 13:50:50,665 [e71fbb36-3969-41f7-998b-9a309dacec97@group-95DCFDDAE3B9-LeaderStateImpl] INFO  impl.RoleInfo (RoleInfo.java:updateAndGet(139)) - e71fbb36-3969-41f7-998b-9a309dacec97: start e71fbb36-3969-41f7-998b-9a309dacec97@group-95DCFDDAE3B9-FollowerState
2022-07-27 13:50:50,792 [e71fbb36-3969-41f7-998b-9a309dacec97@group-475CD9ECF321-FollowerState] INFO  impl.FollowerState (FollowerState.java:run(143)) - e71fbb36-3969-41f7-998b-9a309dacec97@group-475CD9ECF321-FollowerState: change to CANDIDATE, lastRpcElapsedTime:9507730265ns, electionTimeout:5060ms
2022-07-27 13:50:50,792 [e71fbb36-3969-41f7-998b-9a309dacec97@group-475CD9ECF321-FollowerState] INFO  impl.RoleInfo (RoleInfo.java:shutdownFollowerState(110)) - e71fbb36-3969-41f7-998b-9a309dacec97: shutdown e71fbb36-3969-41f7-998b-9a309dacec97@group-475CD9ECF321-FollowerState
2022-07-27 13:50:50,792 [e71fbb36-3969-41f7-998b-9a309dacec97@group-475CD9ECF321-FollowerState] INFO  server.RaftServer$Division (RaftServerImpl.java:setRole(299)) - e71fbb36-3969-41f7-998b-9a309dacec97@group-475CD9ECF321: changes role from  FOLLOWER to CANDIDATE at term 2 for changeToCandidate
2022-07-27 13:50:50,792 [e71fbb36-3969-41f7-998b-9a309dacec97@group-475CD9ECF321-FollowerState] INFO  server.RaftServerConfigKeys (ConfUtils.java:logGet(46)) - raft.server.leaderelection.pre-vote = false (custom)
2022-07-27 13:50:50,792 [e71fbb36-3969-41f7-998b-9a309dacec97@group-475CD9ECF321-FollowerState] INFO  impl.RoleInfo (RoleInfo.java:updateAndGet(139)) - e71fbb36-3969-41f7-998b-9a309dacec97: start e71fbb36-3969-41f7-998b-9a309dacec97@group-475CD9ECF321-LeaderElection23
2022-07-27 13:50:50,811 [e71fbb36-3969-41f7-998b-9a309dacec97@group-475CD9ECF321-LeaderElection23] INFO  server.RaftServer$Division (ServerState.java:setLeader(287)) - e71fbb36-3969-41f7-998b-9a309dacec97@group-475CD9ECF321: change Leader from 68b1a215-e375-44d3-a5cb-74a1c393ca27 to null at term 2 for ELECTION
2022-07-27 13:50:50,815 [e71fbb36-3969-41f7-998b-9a309dacec97@group-475CD9ECF321-LeaderElection23] INFO  impl.LeaderElection (LeaderElection.java:askForVotes(310)) - e71fbb36-3969-41f7-998b-9a309dacec97@group-475CD9ECF321-LeaderElection23 ELECTION round 0: submit vote requests at term 3 for 0: [307e1e91-324e-43cf-a54a-5645731ed350|rpc:10.1.0.21:40907|dataStream:|priority:0, e71fbb36-3969-41f7-998b-9a309dacec97|rpc:10.1.0.21:38701|dataStream:|priority:0, 68b1a215-e375-44d3-a5cb-74a1c393ca27|rpc:10.1.0.21:44933|dataStream:|priority:1], old=null
2022-07-27 13:50:50,816 [e71fbb36-3969-41f7-998b-9a309dacec97@group-475CD9ECF321-LeaderElection23] INFO  impl.LeaderElection (LogUtils.java:infoOrTrace(137)) - e71fbb36-3969-41f7-998b-9a309dacec97@group-475CD9ECF321-LeaderElection23 got exception when requesting votes: java.util.concurrent.ExecutionException: org.apache.ratis.thirdparty.io.grpc.StatusRuntimeException: UNAVAILABLE: io exception
2022-07-27 13:50:50,819 [e71fbb36-3969-41f7-998b-9a309dacec97@group-475CD9ECF321-LeaderElection23] INFO  impl.LeaderElection (LogUtils.java:infoOrTrace(137)) - e71fbb36-3969-41f7-998b-9a309dacec97@group-475CD9ECF321-LeaderElection23 got exception when requesting votes: java.util.concurrent.ExecutionException: org.apache.ratis.thirdparty.io.grpc.StatusRuntimeException: UNAVAILABLE: io exception
2022-07-27 13:50:50,819 [e71fbb36-3969-41f7-998b-9a309dacec97@group-475CD9ECF321-LeaderElection23] INFO  impl.LeaderElection (LeaderElection.java:logAndReturn(90)) - e71fbb36-3969-41f7-998b-9a309dacec97@group-475CD9ECF321-LeaderElection23: ELECTION REJECTED received 0 response(s) and 2 exception(s):
2022-07-27 13:50:50,819 [e71fbb36-3969-41f7-998b-9a309dacec97@group-475CD9ECF321-LeaderElection23] INFO  impl.LeaderElection (LogUtils.java:infoOrTrace(137)) -   Exception 0: java.util.concurrent.ExecutionException: org.apache.ratis.thirdparty.io.grpc.StatusRuntimeException: UNAVAILABLE: io exception
2022-07-27 13:50:50,819 [e71fbb36-3969-41f7-998b-9a309dacec97@group-475CD9ECF321-LeaderElection23] INFO  impl.LeaderElection (LogUtils.java:infoOrTrace(137)) -   Exception 1: java.util.concurrent.ExecutionException: org.apache.ratis.thirdparty.io.grpc.StatusRuntimeException: UNAVAILABLE: io exception
2022-07-27 13:50:50,819 [e71fbb36-3969-41f7-998b-9a309dacec97@group-475CD9ECF321-LeaderElection23] INFO  impl.LeaderElection (LeaderElection.java:askForVotes(312)) - e71fbb36-3969-41f7-998b-9a309dacec97@group-475CD9ECF321-LeaderElection23 ELECTION round 0: result REJECTED
2022-07-27 13:50:50,819 [e71fbb36-3969-41f7-998b-9a309dacec97@group-475CD9ECF321-LeaderElection23] INFO  server.RaftServer$Division (RaftServerImpl.java:setRole(299)) - e71fbb36-3969-41f7-998b-9a309dacec97@group-475CD9ECF321: changes role from CANDIDATE to FOLLOWER at term 3 for REJECTED
2022-07-27 13:50:50,819 [e71fbb36-3969-41f7-998b-9a309dacec97@group-475CD9ECF321-LeaderElection23] INFO  impl.RoleInfo (RoleInfo.java:shutdownLeaderElection(130)) - e71fbb36-3969-41f7-998b-9a309dacec97: shutdown e71fbb36-3969-41f7-998b-9a309dacec97@group-475CD9ECF321-LeaderElection23
2022-07-27 13:50:50,819 [e71fbb36-3969-41f7-998b-9a309dacec97@group-475CD9ECF321-LeaderElection23] INFO  impl.RoleInfo (RoleInfo.java:updateAndGet(139)) - e71fbb36-3969-41f7-998b-9a309dacec97: start e71fbb36-3969-41f7-998b-9a309dacec97@group-475CD9ECF321-FollowerState
2022-07-27 13:50:53,307 [Listener at 127.0.0.1/46277] INFO  ozoneimpl.OzoneContainer (OzoneContainer.java:stop(399)) - Attempting to stop container services.
2022-07-27 13:50:53,308 [Listener at 127.0.0.1/46277] INFO  server.RaftServer (RaftServerProxy.java:lambda$close$7(398)) - b1f21995-8a75-4aec-821c-59eaee93e6a8: close
2022-07-27 13:50:53,308 [Listener at 127.0.0.1/46277] INFO  server.RaftServer$Division (RaftServerImpl.java:lambda$close$4(434)) - b1f21995-8a75-4aec-821c-59eaee93e6a8@group-8B1BC287C88A: shutdown
2022-07-27 13:50:53,308 [Listener at 127.0.0.1/46277] INFO  util.JmxRegister (JmxRegister.java:unregister(73)) - Successfully un-registered JMX Bean with object name Ratis:service=RaftServer,group=group-8B1BC287C88A,id=b1f21995-8a75-4aec-821c-59eaee93e6a8
2022-07-27 13:50:53,309 [Listener at 127.0.0.1/46277] INFO  impl.RoleInfo (RoleInfo.java:shutdownLeaderState(93)) - b1f21995-8a75-4aec-821c-59eaee93e6a8: shutdown b1f21995-8a75-4aec-821c-59eaee93e6a8@group-8B1BC287C88A-LeaderStateImpl
2022-07-27 13:50:53,309 [Listener at 127.0.0.1/46277] INFO  impl.PendingRequests (PendingRequests.java:sendNotLeaderResponses(282)) - b1f21995-8a75-4aec-821c-59eaee93e6a8@group-8B1BC287C88A-PendingRequests: sendNotLeaderResponses
2022-07-27 13:50:53,309 [Listener at 127.0.0.1/46277] INFO  impl.StateMachineUpdater (StateMachineUpdater.java:stopAndJoin(153)) - b1f21995-8a75-4aec-821c-59eaee93e6a8@group-8B1BC287C88A-StateMachineUpdater: set stopIndex = 0
2022-07-27 13:50:53,311 [b1f21995-8a75-4aec-821c-59eaee93e6a8@group-8B1BC287C88A-StateMachineUpdater] INFO  ratis.ContainerStateMachine (ContainerStateMachine.java:takeSnapshot(304)) - group-8B1BC287C88A: Taking a snapshot at:(t:1, i:0) file /home/runner/work/ozone/ozone/hadoop-ozone/integration-test/target/test-dir/MiniOzoneClusterImpl-29ab875d-7565-45f7-8a7f-94142ec04d49/datanode-4/data/ratis/b2c22f31-85a5-4678-8022-8b1bc287c88a/sm/snapshot.1_0
2022-07-27 13:50:53,312 [b1f21995-8a75-4aec-821c-59eaee93e6a8@group-8B1BC287C88A-StateMachineUpdater] INFO  ratis.ContainerStateMachine (ContainerStateMachine.java:takeSnapshot(315)) - group-8B1BC287C88A: Finished taking a snapshot at:(t:1, i:0) file:/home/runner/work/ozone/ozone/hadoop-ozone/integration-test/target/test-dir/MiniOzoneClusterImpl-29ab875d-7565-45f7-8a7f-94142ec04d49/datanode-4/data/ratis/b2c22f31-85a5-4678-8022-8b1bc287c88a/sm/snapshot.1_0 took: 1 ms
2022-07-27 13:50:53,312 [b1f21995-8a75-4aec-821c-59eaee93e6a8@group-8B1BC287C88A-StateMachineUpdater] INFO  impl.StateMachineUpdater (StateMachineUpdater.java:takeSnapshot(287)) - b1f21995-8a75-4aec-821c-59eaee93e6a8@group-8B1BC287C88A-StateMachineUpdater: Took a snapshot at index 0
2022-07-27 13:50:53,312 [b1f21995-8a75-4aec-821c-59eaee93e6a8@group-8B1BC287C88A-StateMachineUpdater] INFO  impl.StateMachineUpdater (StateMachineUpdater.java:lambda$new$0(92)) - b1f21995-8a75-4aec-821c-59eaee93e6a8@group-8B1BC287C88A-StateMachineUpdater: snapshotIndex: updateIncreasingly -1 -> 0
2022-07-27 13:50:53,313 [Listener at 127.0.0.1/46277] INFO  server.RaftServer$Division (ServerState.java:close(429)) - b1f21995-8a75-4aec-821c-59eaee93e6a8@group-8B1BC287C88A: closes. applyIndex: 0
2022-07-27 13:50:53,313 [b1f21995-8a75-4aec-821c-59eaee93e6a8@group-8B1BC287C88A-SegmentedRaftLogWorker] INFO  segmented.SegmentedRaftLogWorker (SegmentedRaftLogWorker.java:run(336)) - b1f21995-8a75-4aec-821c-59eaee93e6a8@group-8B1BC287C88A-SegmentedRaftLogWorker was interrupted, exiting. There are 0 tasks remaining in the queue.
2022-07-27 13:50:53,314 [Listener at 127.0.0.1/46277] INFO  segmented.SegmentedRaftLogWorker (SegmentedRaftLogWorker.java:close(246)) - b1f21995-8a75-4aec-821c-59eaee93e6a8@group-8B1BC287C88A-SegmentedRaftLogWorker close()
2022-07-27 13:50:53,316 [Listener at 127.0.0.1/46277] INFO  server.GrpcService (GrpcService.java:closeImpl(269)) - b1f21995-8a75-4aec-821c-59eaee93e6a8: shutdown server with port 35633 now
2022-07-27 13:50:53,319 [Listener at 127.0.0.1/46277] INFO  server.GrpcService (GrpcService.java:closeImpl(278)) - b1f21995-8a75-4aec-821c-59eaee93e6a8: shutdown server with port 35633 successfully
2022-07-27 13:50:53,319 [org.apache.ratis.util.JvmPauseMonitor$$Lambda$615/1136232276@145cd2ad] INFO  util.JvmPauseMonitor (JvmPauseMonitor.java:run(109)) - JvmPauseMonitor-b1f21995-8a75-4aec-821c-59eaee93e6a8: Stopped
2022-07-27 13:50:53,324 [ForkJoinPool.commonPool-worker-1] INFO  ozoneimpl.OzoneContainer (OzoneContainer.java:stop(399)) - Attempting to stop container services.
2022-07-27 13:50:53,325 [ForkJoinPool.commonPool-worker-1] INFO  server.RaftServer (RaftServerProxy.java:lambda$close$7(398)) - e71fbb36-3969-41f7-998b-9a309dacec97: close
2022-07-27 13:50:53,325 [ForkJoinPool.commonPool-worker-1] INFO  server.RaftServer$Division (RaftServerImpl.java:lambda$close$4(434)) - e71fbb36-3969-41f7-998b-9a309dacec97@group-95DCFDDAE3B9: shutdown
2022-07-27 13:50:53,325 [ForkJoinPool.commonPool-worker-1] INFO  util.JmxRegister (JmxRegister.java:unregister(73)) - Successfully un-registered JMX Bean with object name Ratis:service=RaftServer,group=group-95DCFDDAE3B9,id=e71fbb36-3969-41f7-998b-9a309dacec97
2022-07-27 13:50:53,325 [ForkJoinPool.commonPool-worker-1] INFO  impl.RoleInfo (RoleInfo.java:shutdownFollowerState(110)) - e71fbb36-3969-41f7-998b-9a309dacec97: shutdown e71fbb36-3969-41f7-998b-9a309dacec97@group-95DCFDDAE3B9-FollowerState
2022-07-27 13:50:53,325 [ForkJoinPool.commonPool-worker-1] INFO  impl.StateMachineUpdater (StateMachineUpdater.java:stopAndJoin(153)) - e71fbb36-3969-41f7-998b-9a309dacec97@group-95DCFDDAE3B9-StateMachineUpdater: set stopIndex = 28
2022-07-27 13:50:53,326 [e71fbb36-3969-41f7-998b-9a309dacec97@group-95DCFDDAE3B9-StateMachineUpdater] INFO  ratis.ContainerStateMachine (ContainerStateMachine.java:takeSnapshot(304)) - group-95DCFDDAE3B9: Taking a snapshot at:(t:1, i:28) file /home/runner/work/ozone/ozone/hadoop-ozone/integration-test/target/test-dir/MiniOzoneClusterImpl-29ab875d-7565-45f7-8a7f-94142ec04d49/datanode-0/data/ratis/b143bdf1-9fc2-4af8-a1c4-95dcfddae3b9/sm/snapshot.1_28
2022-07-27 13:50:53,326 [e71fbb36-3969-41f7-998b-9a309dacec97@group-95DCFDDAE3B9-FollowerState] INFO  impl.FollowerState (FollowerState.java:run(152)) - e71fbb36-3969-41f7-998b-9a309dacec97@group-95DCFDDAE3B9-FollowerState was interrupted
2022-07-27 13:50:53,327 [e71fbb36-3969-41f7-998b-9a309dacec97@group-95DCFDDAE3B9-StateMachineUpdater] INFO  ratis.ContainerStateMachine (ContainerStateMachine.java:takeSnapshot(315)) - group-95DCFDDAE3B9: Finished taking a snapshot at:(t:1, i:28) file:/home/runner/work/ozone/ozone/hadoop-ozone/integration-test/target/test-dir/MiniOzoneClusterImpl-29ab875d-7565-45f7-8a7f-94142ec04d49/datanode-0/data/ratis/b143bdf1-9fc2-4af8-a1c4-95dcfddae3b9/sm/snapshot.1_28 took: 1 ms
2022-07-27 13:50:53,328 [e71fbb36-3969-41f7-998b-9a309dacec97@group-95DCFDDAE3B9-StateMachineUpdater] INFO  impl.StateMachineUpdater (StateMachineUpdater.java:takeSnapshot(287)) - e71fbb36-3969-41f7-998b-9a309dacec97@group-95DCFDDAE3B9-StateMachineUpdater: Took a snapshot at index 28
2022-07-27 13:50:53,328 [e71fbb36-3969-41f7-998b-9a309dacec97@group-95DCFDDAE3B9-StateMachineUpdater] INFO  impl.StateMachineUpdater (StateMachineUpdater.java:lambda$new$0(92)) - e71fbb36-3969-41f7-998b-9a309dacec97@group-95DCFDDAE3B9-StateMachineUpdater: snapshotIndex: updateIncreasingly -1 -> 28
2022-07-27 13:50:53,328 [ForkJoinPool.commonPool-worker-1] INFO  server.RaftServer$Division (ServerState.java:close(429)) - e71fbb36-3969-41f7-998b-9a309dacec97@group-95DCFDDAE3B9: closes. applyIndex: 28
2022-07-27 13:50:53,329 [e71fbb36-3969-41f7-998b-9a309dacec97@group-95DCFDDAE3B9-SegmentedRaftLogWorker] INFO  segmented.SegmentedRaftLogWorker (SegmentedRaftLogWorker.java:run(336)) - e71fbb36-3969-41f7-998b-9a309dacec97@group-95DCFDDAE3B9-SegmentedRaftLogWorker was interrupted, exiting. There are 0 tasks remaining in the queue.
2022-07-27 13:50:53,329 [ForkJoinPool.commonPool-worker-1] INFO  segmented.SegmentedRaftLogWorker (SegmentedRaftLogWorker.java:close(246)) - e71fbb36-3969-41f7-998b-9a309dacec97@group-95DCFDDAE3B9-SegmentedRaftLogWorker close()
2022-07-27 13:50:53,330 [ForkJoinPool.commonPool-worker-1] INFO  server.RaftServer$Division (RaftServerImpl.java:lambda$close$4(434)) - e71fbb36-3969-41f7-998b-9a309dacec97@group-94FBED79EE0A: shutdown
2022-07-27 13:50:53,330 [ForkJoinPool.commonPool-worker-1] INFO  util.JmxRegister (JmxRegister.java:unregister(73)) - Successfully un-registered JMX Bean with object name Ratis:service=RaftServer,group=group-94FBED79EE0A,id=e71fbb36-3969-41f7-998b-9a309dacec97
2022-07-27 13:50:53,330 [ForkJoinPool.commonPool-worker-1] INFO  impl.RoleInfo (RoleInfo.java:shutdownLeaderState(93)) - e71fbb36-3969-41f7-998b-9a309dacec97: shutdown e71fbb36-3969-41f7-998b-9a309dacec97@group-94FBED79EE0A-LeaderStateImpl
2022-07-27 13:50:53,330 [ForkJoinPool.commonPool-worker-1] INFO  impl.PendingRequests (PendingRequests.java:sendNotLeaderResponses(282)) - e71fbb36-3969-41f7-998b-9a309dacec97@group-94FBED79EE0A-PendingRequests: sendNotLeaderResponses
2022-07-27 13:50:53,330 [ForkJoinPool.commonPool-worker-1] INFO  impl.StateMachineUpdater (StateMachineUpdater.java:stopAndJoin(153)) - e71fbb36-3969-41f7-998b-9a309dacec97@group-94FBED79EE0A-StateMachineUpdater: set stopIndex = 0
2022-07-27 13:50:53,331 [e71fbb36-3969-41f7-998b-9a309dacec97@group-94FBED79EE0A-StateMachineUpdater] INFO  ratis.ContainerStateMachine (ContainerStateMachine.java:takeSnapshot(304)) - group-94FBED79EE0A: Taking a snapshot at:(t:1, i:0) file /home/runner/work/ozone/ozone/hadoop-ozone/integration-test/target/test-dir/MiniOzoneClusterImpl-29ab875d-7565-45f7-8a7f-94142ec04d49/datanode-0/data/ratis/b76fa1fd-0cc0-4c87-8b18-94fbed79ee0a/sm/snapshot.1_0
2022-07-27 13:50:53,331 [e71fbb36-3969-41f7-998b-9a309dacec97@group-94FBED79EE0A-StateMachineUpdater] INFO  ratis.ContainerStateMachine (ContainerStateMachine.java:takeSnapshot(315)) - group-94FBED79EE0A: Finished taking a snapshot at:(t:1, i:0) file:/home/runner/work/ozone/ozone/hadoop-ozone/integration-test/target/test-dir/MiniOzoneClusterImpl-29ab875d-7565-45f7-8a7f-94142ec04d49/datanode-0/data/ratis/b76fa1fd-0cc0-4c87-8b18-94fbed79ee0a/sm/snapshot.1_0 took: 1 ms
2022-07-27 13:50:53,332 [e71fbb36-3969-41f7-998b-9a309dacec97@group-94FBED79EE0A-StateMachineUpdater] INFO  impl.StateMachineUpdater (StateMachineUpdater.java:takeSnapshot(287)) - e71fbb36-3969-41f7-998b-9a309dacec97@group-94FBED79EE0A-StateMachineUpdater: Took a snapshot at index 0
2022-07-27 13:50:53,332 [e71fbb36-3969-41f7-998b-9a309dacec97@group-94FBED79EE0A-StateMachineUpdater] INFO  impl.StateMachineUpdater (StateMachineUpdater.java:lambda$new$0(92)) - e71fbb36-3969-41f7-998b-9a309dacec97@group-94FBED79EE0A-StateMachineUpdater: snapshotIndex: updateIncreasingly -1 -> 0
2022-07-27 13:50:53,332 [ForkJoinPool.commonPool-worker-1] INFO  server.RaftServer$Division (ServerState.java:close(429)) - e71fbb36-3969-41f7-998b-9a309dacec97@group-94FBED79EE0A: closes. applyIndex: 0
2022-07-27 13:50:53,332 [e71fbb36-3969-41f7-998b-9a309dacec97@group-94FBED79EE0A-SegmentedRaftLogWorker] INFO  segmented.SegmentedRaftLogWorker (SegmentedRaftLogWorker.java:run(336)) - e71fbb36-3969-41f7-998b-9a309dacec97@group-94FBED79EE0A-SegmentedRaftLogWorker was interrupted, exiting. There are 0 tasks remaining in the queue.
2022-07-27 13:50:53,332 [ForkJoinPool.commonPool-worker-1] INFO  segmented.SegmentedRaftLogWorker (SegmentedRaftLogWorker.java:close(246)) - e71fbb36-3969-41f7-998b-9a309dacec97@group-94FBED79EE0A-SegmentedRaftLogWorker close()
2022-07-27 13:50:53,332 [ForkJoinPool.commonPool-worker-1] INFO  server.RaftServer$Division (RaftServerImpl.java:lambda$close$4(434)) - e71fbb36-3969-41f7-998b-9a309dacec97@group-475CD9ECF321: shutdown
2022-07-27 13:50:53,332 [ForkJoinPool.commonPool-worker-1] INFO  util.JmxRegister (JmxRegister.java:unregister(73)) - Successfully un-registered JMX Bean with object name Ratis:service=RaftServer,group=group-475CD9ECF321,id=e71fbb36-3969-41f7-998b-9a309dacec97
2022-07-27 13:50:53,332 [ForkJoinPool.commonPool-worker-1] INFO  impl.RoleInfo (RoleInfo.java:shutdownFollowerState(110)) - e71fbb36-3969-41f7-998b-9a309dacec97: shutdown e71fbb36-3969-41f7-998b-9a309dacec97@group-475CD9ECF321-FollowerState
2022-07-27 13:50:53,333 [e71fbb36-3969-41f7-998b-9a309dacec97@group-475CD9ECF321-FollowerState] INFO  impl.FollowerState (FollowerState.java:run(152)) - e71fbb36-3969-41f7-998b-9a309dacec97@group-475CD9ECF321-FollowerState was interrupted
2022-07-27 13:50:53,333 [ForkJoinPool.commonPool-worker-1] INFO  impl.StateMachineUpdater (StateMachineUpdater.java:stopAndJoin(153)) - e71fbb36-3969-41f7-998b-9a309dacec97@group-475CD9ECF321-StateMachineUpdater: set stopIndex = 4
2022-07-27 13:50:53,335 [e71fbb36-3969-41f7-998b-9a309dacec97@group-475CD9ECF321-StateMachineUpdater] INFO  ratis.ContainerStateMachine (ContainerStateMachine.java:takeSnapshot(304)) - group-475CD9ECF321: Taking a snapshot at:(t:2, i:4) file /home/runner/work/ozone/ozone/hadoop-ozone/integration-test/target/test-dir/MiniOzoneClusterImpl-29ab875d-7565-45f7-8a7f-94142ec04d49/datanode-0/data/ratis/f9d8f533-7712-46a2-b154-475cd9ecf321/sm/snapshot.2_4
2022-07-27 13:50:53,336 [e71fbb36-3969-41f7-998b-9a309dacec97@group-475CD9ECF321-StateMachineUpdater] INFO  ratis.ContainerStateMachine (ContainerStateMachine.java:takeSnapshot(315)) - group-475CD9ECF321: Finished taking a snapshot at:(t:2, i:4) file:/home/runner/work/ozone/ozone/hadoop-ozone/integration-test/target/test-dir/MiniOzoneClusterImpl-29ab875d-7565-45f7-8a7f-94142ec04d49/datanode-0/data/ratis/f9d8f533-7712-46a2-b154-475cd9ecf321/sm/snapshot.2_4 took: 0 ms
2022-07-27 13:50:53,336 [e71fbb36-3969-41f7-998b-9a309dacec97@group-475CD9ECF321-StateMachineUpdater] INFO  impl.StateMachineUpdater (StateMachineUpdater.java:takeSnapshot(287)) - e71fbb36-3969-41f7-998b-9a309dacec97@group-475CD9ECF321-StateMachineUpdater: Took a snapshot at index 4
2022-07-27 13:50:53,336 [e71fbb36-3969-41f7-998b-9a309dacec97@group-475CD9ECF321-StateMachineUpdater] INFO  impl.StateMachineUpdater (StateMachineUpdater.java:lambda$new$0(92)) - e71fbb36-3969-41f7-998b-9a309dacec97@group-475CD9ECF321-StateMachineUpdater: snapshotIndex: updateIncreasingly -1 -> 4
2022-07-27 13:50:53,336 [ForkJoinPool.commonPool-worker-1] INFO  server.RaftServer$Division (ServerState.java:close(429)) - e71fbb36-3969-41f7-998b-9a309dacec97@group-475CD9ECF321: closes. applyIndex: 4
2022-07-27 13:50:53,336 [e71fbb36-3969-41f7-998b-9a309dacec97@group-475CD9ECF321-SegmentedRaftLogWorker] INFO  segmented.SegmentedRaftLogWorker (SegmentedRaftLogWorker.java:run(336)) - e71fbb36-3969-41f7-998b-9a309dacec97@group-475CD9ECF321-SegmentedRaftLogWorker was interrupted, exiting. There are 0 tasks remaining in the queue.
2022-07-27 13:50:53,337 [ForkJoinPool.commonPool-worker-1] INFO  segmented.SegmentedRaftLogWorker (SegmentedRaftLogWorker.java:close(246)) - e71fbb36-3969-41f7-998b-9a309dacec97@group-475CD9ECF321-SegmentedRaftLogWorker close()
2022-07-27 13:50:53,338 [ForkJoinPool.commonPool-worker-1] INFO  server.GrpcService (GrpcService.java:closeImpl(269)) - e71fbb36-3969-41f7-998b-9a309dacec97: shutdown server with port 38701 now
2022-07-27 13:50:53,343 [ForkJoinPool.commonPool-worker-1] INFO  server.GrpcService (GrpcService.java:closeImpl(278)) - e71fbb36-3969-41f7-998b-9a309dacec97: shutdown server with port 38701 successfully
2022-07-27 13:50:53,347 [org.apache.ratis.util.JvmPauseMonitor$$Lambda$615/1136232276@71f2680d] INFO  util.JvmPauseMonitor (JvmPauseMonitor.java:run(109)) - JvmPauseMonitor-e71fbb36-3969-41f7-998b-9a309dacec97: Stopped
2022-07-27 13:50:55,368 [Listener at 127.0.0.1/46277] INFO  utils.BackgroundService (BackgroundService.java:shutdown(141)) - Shutting down service BlockDeletingService
2022-07-27 13:50:55,390 [Listener at 127.0.0.1/46277] INFO  utils.BackgroundService (BackgroundService.java:shutdown(141)) - Shutting down service StaleRecoveringContainerScrubbingService
2022-07-27 13:50:55,410 [ForkJoinPool.commonPool-worker-1] INFO  utils.BackgroundService (BackgroundService.java:shutdown(141)) - Shutting down service BlockDeletingService
2022-07-27 13:50:55,415 [ForkJoinPool.commonPool-worker-1] INFO  utils.BackgroundService (BackgroundService.java:shutdown(141)) - Shutting down service StaleRecoveringContainerScrubbingService
2022-07-27 13:50:57,569 [UnderReplicatedQueueThreadThread] INFO  replication.UnderReplicatedProcessor (UnderReplicatedProcessor.java:processAll(85)) - Processed 0 under replicated containers, failed processing 0
2022-07-27 13:50:57,572 [OverReplicatedQueueThreadThread] INFO  replication.OverReplicatedProcessor (OverReplicatedProcessor.java:processAll(83)) - Processed 0 over replicated containers, failed processing 0
2022-07-27 13:50:58,393 [Listener at 127.0.0.1/46277] INFO  statemachine.DatanodeStateMachine (DatanodeStateMachine.java:stopDaemon(580)) - Ozone container server stopped.
2022-07-27 13:50:58,403 [Listener at 127.0.0.1/46277] INFO  handler.ContextHandler (ContextHandler.java:doStop(1153)) - Stopped o.e.j.w.WebAppContext@7f264c79{hddsDatanode,/,null,STOPPED}{jar:file:/home/runner/.m2/repository/org/apache/ozone/hdds-container-service/1.3.0-SNAPSHOT/hdds-container-service-1.3.0-SNAPSHOT.jar!/webapps/hddsDatanode}
2022-07-27 13:50:58,416 [Listener at 127.0.0.1/46277] INFO  server.AbstractConnector (AbstractConnector.java:doStop(381)) - Stopped ServerConnector@412d517b{HTTP/1.1, (http/1.1)}{0.0.0.0:0}
2022-07-27 13:50:58,416 [Listener at 127.0.0.1/46277] INFO  server.session (HouseKeeper.java:stopScavenging(149)) - node0 Stopped scavenging
2022-07-27 13:50:58,417 [Listener at 127.0.0.1/46277] INFO  handler.ContextHandler (ContextHandler.java:doStop(1153)) - Stopped o.e.j.s.ServletContextHandler@230714e6{static,/static,jar:file:/home/runner/.m2/repository/org/apache/ozone/hdds-container-service/1.3.0-SNAPSHOT/hdds-container-service-1.3.0-SNAPSHOT.jar!/webapps/static,STOPPED}
2022-07-27 13:50:58,417 [Listener at 127.0.0.1/46277] INFO  handler.ContextHandler (ContextHandler.java:doStop(1153)) - Stopped o.e.j.s.ServletContextHandler@6dd80c6{logs,/logs,file:///home/runner/work/ozone/ozone/hadoop-ozone/integration-test/target/log,STOPPED}
2022-07-27 13:50:58,423 [ForkJoinPool.commonPool-worker-1] INFO  statemachine.DatanodeStateMachine (DatanodeStateMachine.java:stopDaemon(580)) - Ozone container server stopped.
2022-07-27 13:50:58,450 [ForkJoinPool.commonPool-worker-1] INFO  handler.ContextHandler (ContextHandler.java:doStop(1153)) - Stopped o.e.j.w.WebAppContext@6598309b{hddsDatanode,/,null,STOPPED}{jar:file:/home/runner/.m2/repository/org/apache/ozone/hdds-container-service/1.3.0-SNAPSHOT/hdds-container-service-1.3.0-SNAPSHOT.jar!/webapps/hddsDatanode}
2022-07-27 13:50:58,451 [ForkJoinPool.commonPool-worker-1] INFO  server.AbstractConnector (AbstractConnector.java:doStop(381)) - Stopped ServerConnector@306b2912{HTTP/1.1, (http/1.1)}{0.0.0.0:0}
2022-07-27 13:50:58,451 [ForkJoinPool.commonPool-worker-1] INFO  server.session (HouseKeeper.java:stopScavenging(149)) - node0 Stopped scavenging
2022-07-27 13:50:58,455 [ForkJoinPool.commonPool-worker-1] INFO  handler.ContextHandler (ContextHandler.java:doStop(1153)) - Stopped o.e.j.s.ServletContextHandler@7289d0b7{static,/static,jar:file:/home/runner/.m2/repository/org/apache/ozone/hdds-container-service/1.3.0-SNAPSHOT/hdds-container-service-1.3.0-SNAPSHOT.jar!/webapps/static,STOPPED}
2022-07-27 13:50:58,471 [ForkJoinPool.commonPool-worker-1] INFO  handler.ContextHandler (ContextHandler.java:doStop(1153)) - Stopped o.e.j.s.ServletContextHandler@1e6453dc{logs,/logs,file:///home/runner/work/ozone/ozone/hadoop-ozone/integration-test/target/log,STOPPED}
2022-07-27 13:51:03,436 [Listener at 127.0.0.1/46277] INFO  ozoneimpl.OzoneContainer (OzoneContainer.java:stop(399)) - Attempting to stop container services.
2022-07-27 13:51:03,437 [Listener at 127.0.0.1/46277] INFO  server.RaftServer (RaftServerProxy.java:lambda$close$7(398)) - 4368bcce-d3a4-4966-9cea-5707d0aefce9: close
2022-07-27 13:51:03,438 [Listener at 127.0.0.1/46277] INFO  server.RaftServer$Division (RaftServerImpl.java:lambda$close$4(434)) - 4368bcce-d3a4-4966-9cea-5707d0aefce9@group-28A629B2C966: shutdown
2022-07-27 13:51:03,438 [Listener at 127.0.0.1/46277] INFO  util.JmxRegister (JmxRegister.java:unregister(73)) - Successfully un-registered JMX Bean with object name Ratis:service=RaftServer,group=group-28A629B2C966,id=4368bcce-d3a4-4966-9cea-5707d0aefce9
2022-07-27 13:51:03,438 [Listener at 127.0.0.1/46277] INFO  impl.RoleInfo (RoleInfo.java:shutdownLeaderState(93)) - 4368bcce-d3a4-4966-9cea-5707d0aefce9: shutdown 4368bcce-d3a4-4966-9cea-5707d0aefce9@group-28A629B2C966-LeaderStateImpl
2022-07-27 13:51:03,438 [Listener at 127.0.0.1/46277] INFO  impl.PendingRequests (PendingRequests.java:sendNotLeaderResponses(282)) - 4368bcce-d3a4-4966-9cea-5707d0aefce9@group-28A629B2C966-PendingRequests: sendNotLeaderResponses
2022-07-27 13:51:03,443 [4368bcce-d3a4-4966-9cea-5707d0aefce9@group-28A629B2C966-StateMachineUpdater] INFO  ratis.ContainerStateMachine (ContainerStateMachine.java:takeSnapshot(304)) - group-28A629B2C966: Taking a snapshot at:(t:1, i:0) file /home/runner/work/ozone/ozone/hadoop-ozone/integration-test/target/test-dir/MiniOzoneClusterImpl-29ab875d-7565-45f7-8a7f-94142ec04d49/datanode-3/data/ratis/9e8cf556-a942-4a1e-b850-28a629b2c966/sm/snapshot.1_0
2022-07-27 13:51:03,446 [Listener at 127.0.0.1/46277] INFO  impl.StateMachineUpdater (StateMachineUpdater.java:stopAndJoin(153)) - 4368bcce-d3a4-4966-9cea-5707d0aefce9@group-28A629B2C966-StateMachineUpdater: set stopIndex = 0
2022-07-27 13:51:03,451 [4368bcce-d3a4-4966-9cea-5707d0aefce9@group-28A629B2C966-StateMachineUpdater] INFO  ratis.ContainerStateMachine (ContainerStateMachine.java:takeSnapshot(315)) - group-28A629B2C966: Finished taking a snapshot at:(t:1, i:0) file:/home/runner/work/ozone/ozone/hadoop-ozone/integration-test/target/test-dir/MiniOzoneClusterImpl-29ab875d-7565-45f7-8a7f-94142ec04d49/datanode-3/data/ratis/9e8cf556-a942-4a1e-b850-28a629b2c966/sm/snapshot.1_0 took: 8 ms
2022-07-27 13:51:03,451 [4368bcce-d3a4-4966-9cea-5707d0aefce9@group-28A629B2C966-StateMachineUpdater] INFO  impl.StateMachineUpdater (StateMachineUpdater.java:takeSnapshot(287)) - 4368bcce-d3a4-4966-9cea-5707d0aefce9@group-28A629B2C966-StateMachineUpdater: Took a snapshot at index 0
2022-07-27 13:51:03,451 [4368bcce-d3a4-4966-9cea-5707d0aefce9@group-28A629B2C966-StateMachineUpdater] INFO  impl.StateMachineUpdater (StateMachineUpdater.java:lambda$new$0(92)) - 4368bcce-d3a4-4966-9cea-5707d0aefce9@group-28A629B2C966-StateMachineUpdater: snapshotIndex: updateIncreasingly -1 -> 0
2022-07-27 13:51:03,454 [Listener at 127.0.0.1/46277] INFO  server.RaftServer$Division (ServerState.java:close(429)) - 4368bcce-d3a4-4966-9cea-5707d0aefce9@group-28A629B2C966: closes. applyIndex: 0
2022-07-27 13:51:03,455 [4368bcce-d3a4-4966-9cea-5707d0aefce9@group-28A629B2C966-SegmentedRaftLogWorker] INFO  segmented.SegmentedRaftLogWorker (SegmentedRaftLogWorker.java:run(336)) - 4368bcce-d3a4-4966-9cea-5707d0aefce9@group-28A629B2C966-SegmentedRaftLogWorker was interrupted, exiting. There are 0 tasks remaining in the queue.
2022-07-27 13:51:03,455 [Listener at 127.0.0.1/46277] INFO  segmented.SegmentedRaftLogWorker (SegmentedRaftLogWorker.java:close(246)) - 4368bcce-d3a4-4966-9cea-5707d0aefce9@group-28A629B2C966-SegmentedRaftLogWorker close()
2022-07-27 13:51:03,455 [Listener at 127.0.0.1/46277] INFO  server.GrpcService (GrpcService.java:closeImpl(269)) - 4368bcce-d3a4-4966-9cea-5707d0aefce9: shutdown server with port 38965 now
2022-07-27 13:51:03,467 [Listener at 127.0.0.1/46277] INFO  server.GrpcService (GrpcService.java:closeImpl(278)) - 4368bcce-d3a4-4966-9cea-5707d0aefce9: shutdown server with port 38965 successfully
2022-07-27 13:51:03,467 [org.apache.ratis.util.JvmPauseMonitor$$Lambda$615/1136232276@2af47e2d] INFO  util.JvmPauseMonitor (JvmPauseMonitor.java:run(109)) - JvmPauseMonitor-4368bcce-d3a4-4966-9cea-5707d0aefce9: Stopped
2022-07-27 13:51:04,198 [UnderReplicatedQueueThreadThread] INFO  replication.UnderReplicatedProcessor (UnderReplicatedProcessor.java:processAll(85)) - Processed 0 under replicated containers, failed processing 0
2022-07-27 13:51:04,201 [OverReplicatedQueueThreadThread] INFO  replication.OverReplicatedProcessor (OverReplicatedProcessor.java:processAll(83)) - Processed 0 over replicated containers, failed processing 0
2022-07-27 13:51:05,495 [Listener at 127.0.0.1/46277] INFO  utils.BackgroundService (BackgroundService.java:shutdown(141)) - Shutting down service BlockDeletingService
2022-07-27 13:51:05,498 [Listener at 127.0.0.1/46277] INFO  utils.BackgroundService (BackgroundService.java:shutdown(141)) - Shutting down service StaleRecoveringContainerScrubbingService
2022-07-27 13:51:08,512 [Listener at 127.0.0.1/46277] INFO  statemachine.DatanodeStateMachine (DatanodeStateMachine.java:stopDaemon(580)) - Ozone container server stopped.
2022-07-27 13:51:08,533 [Listener at 127.0.0.1/46277] INFO  handler.ContextHandler (ContextHandler.java:doStop(1153)) - Stopped o.e.j.w.WebAppContext@5245b5e0{hddsDatanode,/,null,STOPPED}{jar:file:/home/runner/.m2/repository/org/apache/ozone/hdds-container-service/1.3.0-SNAPSHOT/hdds-container-service-1.3.0-SNAPSHOT.jar!/webapps/hddsDatanode}
2022-07-27 13:51:08,535 [Listener at 127.0.0.1/46277] INFO  server.AbstractConnector (AbstractConnector.java:doStop(381)) - Stopped ServerConnector@4dce4fa{HTTP/1.1, (http/1.1)}{0.0.0.0:0}
2022-07-27 13:51:08,536 [Listener at 127.0.0.1/46277] INFO  server.session (HouseKeeper.java:stopScavenging(149)) - node0 Stopped scavenging
2022-07-27 13:51:08,536 [Listener at 127.0.0.1/46277] INFO  handler.ContextHandler (ContextHandler.java:doStop(1153)) - Stopped o.e.j.s.ServletContextHandler@67aeb1f4{static,/static,jar:file:/home/runner/.m2/repository/org/apache/ozone/hdds-container-service/1.3.0-SNAPSHOT/hdds-container-service-1.3.0-SNAPSHOT.jar!/webapps/static,STOPPED}
2022-07-27 13:51:08,537 [Listener at 127.0.0.1/46277] INFO  handler.ContextHandler (ContextHandler.java:doStop(1153)) - Stopped o.e.j.s.ServletContextHandler@7491aef5{logs,/logs,file:///home/runner/work/ozone/ozone/hadoop-ozone/integration-test/target/log,STOPPED}
2022-07-27 13:51:08,560 [Listener at 127.0.0.1/46277] INFO  ozone.MiniOzoneClusterImpl (MiniOzoneClusterImpl.java:stopSCM(537)) - Stopping the StorageContainerManager
2022-07-27 13:51:08,560 [Listener at 127.0.0.1/46277] INFO  server.StorageContainerManager (StorageContainerManager.java:stop(1544)) - Container Balancer is not running.
2022-07-27 13:51:08,560 [Listener at 127.0.0.1/46277] INFO  server.StorageContainerManager (StorageContainerManager.java:stop(1551)) - Stopping Replication Manager Service.
2022-07-27 13:51:08,560 [Listener at 127.0.0.1/46277] INFO  replication.ReplicationManager (ReplicationManager.java:stop(233)) - Stopping Replication Monitor Thread.
2022-07-27 13:51:08,560 [Listener at 127.0.0.1/46277] INFO  server.StorageContainerManager (StorageContainerManager.java:stop(1558)) - Stopping the Datanode Admin Monitor.
2022-07-27 13:51:08,560 [ReplicationMonitor] INFO  replication.ReplicationManager (ReplicationManager.java:run(466)) - Replication Monitor Thread is stopped
2022-07-27 13:51:08,560 [Listener at 127.0.0.1/46277] INFO  server.StorageContainerManager (StorageContainerManager.java:stop(1565)) - Stopping Lease Manager of the command watchers
2022-07-27 13:51:08,563 [Listener at 127.0.0.1/46277] INFO  server.StorageContainerManager (StorageContainerManager.java:stop(1572)) - Stopping datanode service RPC server
2022-07-27 13:51:08,563 [Listener at 127.0.0.1/46277] INFO  server.SCMDatanodeProtocolServer (SCMDatanodeProtocolServer.java:stop(414)) - Stopping the RPC server for DataNodes
2022-07-27 13:51:08,571 [Listener at 127.0.0.1/46277] INFO  ipc.Server (Server.java:stop(3414)) - Stopping server on 40839
2022-07-27 13:51:08,573 [IPC Server listener on 0] INFO  ipc.Server (Server.java:run(1376)) - Stopping IPC Server listener on 0
2022-07-27 13:51:08,594 [IPC Server Responder] INFO  ipc.Server (Server.java:run(1512)) - Stopping IPC Server Responder
2022-07-27 13:51:08,673 [SCM Heartbeat Processing Thread - 0] WARN  node.NodeStateManager (NodeStateManager.java:scheduleNextHealthCheck(870)) - Current Thread is interrupted, shutting down HB processing thread for Node Manager.
2022-07-27 13:51:08,673 [Listener at 127.0.0.1/46277] INFO  server.StorageContainerManager (StorageContainerManager.java:stop(1580)) - Stopping block service RPC server
2022-07-27 13:51:08,673 [Listener at 127.0.0.1/46277] INFO  server.SCMBlockProtocolServer (SCMBlockProtocolServer.java:stop(161)) - Stopping the RPC server for Block Protocol
2022-07-27 13:51:08,673 [Listener at 127.0.0.1/46277] INFO  ipc.Server (Server.java:stop(3414)) - Stopping server on 46187
2022-07-27 13:51:08,679 [Listener at 127.0.0.1/46277] INFO  server.StorageContainerManager (StorageContainerManager.java:stop(1587)) - Stopping the StorageContainerLocationProtocol RPC server
2022-07-27 13:51:08,679 [Listener at 127.0.0.1/46277] INFO  server.SCMClientProtocolServer (SCMClientProtocolServer.java:stop(179)) - Stopping the RPC server for Client Protocol
2022-07-27 13:51:08,679 [Listener at 127.0.0.1/46277] INFO  ipc.Server (Server.java:stop(3414)) - Stopping server on 43293
2022-07-27 13:51:08,679 [IPC Server Responder] INFO  ipc.Server (Server.java:run(1512)) - Stopping IPC Server Responder
2022-07-27 13:51:08,680 [IPC Server listener on 0] INFO  ipc.Server (Server.java:run(1376)) - Stopping IPC Server listener on 0
2022-07-27 13:51:08,695 [IPC Server Responder] INFO  ipc.Server (Server.java:run(1512)) - Stopping IPC Server Responder
2022-07-27 13:51:08,695 [Listener at 127.0.0.1/46277] INFO  server.StorageContainerManager (StorageContainerManager.java:stop(1594)) - Stopping Storage Container Manager HTTP server.
2022-07-27 13:51:08,696 [Listener at 127.0.0.1/46277] INFO  handler.ContextHandler (ContextHandler.java:doStop(1153)) - Stopped o.e.j.w.WebAppContext@47ca97ee{scm,/,null,STOPPED}{file:/home/runner/work/ozone/ozone/hadoop-ozone/integration-test/target/test-classes/webapps/scm}
2022-07-27 13:51:08,698 [IPC Server listener on 0] INFO  ipc.Server (Server.java:run(1376)) - Stopping IPC Server listener on 0
2022-07-27 13:51:08,733 [Listener at 127.0.0.1/46277] INFO  server.AbstractConnector (AbstractConnector.java:doStop(381)) - Stopped ServerConnector@2ab90dd4{HTTP/1.1, (http/1.1)}{0.0.0.0:0}
2022-07-27 13:51:08,733 [Listener at 127.0.0.1/46277] INFO  server.session (HouseKeeper.java:stopScavenging(149)) - node0 Stopped scavenging
2022-07-27 13:51:08,734 [Listener at 127.0.0.1/46277] INFO  handler.ContextHandler (ContextHandler.java:doStop(1153)) - Stopped o.e.j.s.ServletContextHandler@6d5a85c0{static,/static,file:///home/runner/work/ozone/ozone/hadoop-ozone/integration-test/target/test-classes/webapps/static,STOPPED}
2022-07-27 13:51:08,734 [Listener at 127.0.0.1/46277] INFO  handler.ContextHandler (ContextHandler.java:doStop(1153)) - Stopped o.e.j.s.ServletContextHandler@1ae42ea1{logs,/logs,file:///home/runner/work/ozone/ozone/hadoop-ozone/integration-test/target/log,STOPPED}
2022-07-27 13:51:08,735 [Listener at 127.0.0.1/46277] INFO  server.StorageContainerManager (StorageContainerManager.java:stop(1605)) - Stopping Block Manager Service.
2022-07-27 13:51:08,735 [Listener at 127.0.0.1/46277] INFO  utils.BackgroundService (BackgroundService.java:shutdown(141)) - Shutting down service SCMBlockDeletingService
2022-07-27 13:51:08,735 [Listener at 127.0.0.1/46277] INFO  utils.BackgroundService (BackgroundService.java:shutdown(141)) - Shutting down service SCMBlockDeletingService
2022-07-27 13:51:08,735 [Listener at 127.0.0.1/46277] INFO  server.StorageContainerManager (StorageContainerManager.java:stop(1632)) - Stopping SCM Event Queue.
2022-07-27 13:51:08,739 [Listener at 127.0.0.1/46277] INFO  server.StorageContainerManager (StorageContainerManager.java:stop(1643)) - Stopping SCM HA services.
2022-07-27 13:51:08,739 [Listener at 127.0.0.1/46277] INFO  pipeline.BackgroundPipelineCreator (BackgroundPipelineCreator.java:stop(149)) - Stopping RatisPipelineUtilsThread.
2022-07-27 13:51:08,743 [RatisPipelineUtilsThread - 0] WARN  pipeline.BackgroundPipelineCreator (BackgroundPipelineCreator.java:run(180)) - RatisPipelineUtilsThread is interrupted.
2022-07-27 13:51:08,743 [Listener at 127.0.0.1/46277] INFO  BackgroundPipelineScrubber (BackgroundSCMService.java:stop(126)) - Stopping BackgroundPipelineScrubber Service.
2022-07-27 13:51:08,743 [Listener at 127.0.0.1/46277] INFO  server.StorageContainerManager (StorageContainerManager.java:stop(1653)) - Stopping SCM MetadataStore.
2022-07-27 13:51:08,744 [Listener at 127.0.0.1/46277] INFO  impl.MetricsSystemImpl (MetricsSystemImpl.java:stop(210)) - Stopping HddsDatanode metrics system...
2022-07-27 13:51:08,747 [BackgroundPipelineScrubberThread] WARN  BackgroundPipelineScrubber (BackgroundSCMService.java:run(110)) - BackgroundPipelineScrubber is interrupted, exit
2022-07-27 13:51:08,790 [prometheus] INFO  impl.MetricsSinkAdapter (MetricsSinkAdapter.java:publishMetricsFromQueue(141)) - prometheus thread interrupted.
2022-07-27 13:51:08,790 [Listener at 127.0.0.1/46277] INFO  impl.MetricsSystemImpl (MetricsSystemImpl.java:stop(216)) - HddsDatanode metrics system stopped.
2022-07-27 13:51:09,030 [Listener at 127.0.0.1/46277] WARN  server.ServerUtils (ServerUtils.java:getScmDbDir(148)) - ozone.scm.db.dirs is not configured. We recommend adding this setting. Falling back to ozone.metadata.dirs instead.
2022-07-27 13:51:09,045 [Listener at 127.0.0.1/46277] WARN  server.ServerUtils (ServerUtils.java:getScmDbDir(148)) - ozone.scm.db.dirs is not configured. We recommend adding this setting. Falling back to ozone.metadata.dirs instead.
2022-07-27 13:51:09,045 [Listener at 127.0.0.1/46277] INFO  ha.SCMHANodeDetails (SCMHANodeDetails.java:loadSCMHAConfig(209)) - ServiceID for StorageContainerManager is null
2022-07-27 13:51:09,045 [Listener at 127.0.0.1/46277] INFO  ha.SCMHANodeDetails (SCMHANodeDetails.java:loadSCMHAConfig(214)) - ozone.scm.default.service.id is not defined, falling back to ozone.scm.service.ids to find serviceID for StorageContainerManager if it is HA enabled cluster
2022-07-27 13:51:09,046 [Listener at 127.0.0.1/46277] WARN  utils.HAUtils (HAUtils.java:getMetaDir(342)) - ozone.scm.db.dirs is not configured. We recommend adding this setting. Falling back to ozone.metadata.dirs instead.
2022-07-27 13:51:09,047 [Listener at 127.0.0.1/46277] WARN  db.DBStoreBuilder (DBStoreBuilder.java:applyDBDefinition(145)) - ozone.scm.db.dirs is not configured. We recommend adding this setting. Falling back to ozone.metadata.dirs instead.
2022-07-27 13:51:09,309 [Listener at 127.0.0.1/46277] INFO  net.NodeSchemaLoader (NodeSchemaLoader.java:loadSchemaFromFile(129)) - Loading schema from [jar:file:/home/runner/.m2/repository/org/apache/ozone/hdds-common/1.3.0-SNAPSHOT/hdds-common-1.3.0-SNAPSHOT.jar!/network-topology-default.xml]
2022-07-27 13:51:09,309 [Listener at 127.0.0.1/46277] INFO  net.NodeSchemaLoader (NodeSchemaLoader.java:loadSchema(176)) - Loading network topology layer schema file
2022-07-27 13:51:09,333 [Listener at 127.0.0.1/46277] INFO  upgrade.AbstractLayoutVersionManager (AbstractLayoutVersionManager.java:init(83)) - Initializing Layout version manager with metadata layout = DATANODE_SCHEMA_V3 (version = 4), software layout = DATANODE_SCHEMA_V3 (version = 4)
2022-07-27 13:51:09,459 [Listener at 127.0.0.1/46277] INFO  reflections.Reflections (Reflections.java:scan(232)) - Reflections took 124 ms to scan 7 urls, producing 132 keys and 321 values 
2022-07-27 13:51:09,460 [Listener at 127.0.0.1/46277] INFO  ha.SequenceIdGenerator (SequenceIdGenerator.java:upgradeToSequenceId(349)) - upgrade localId to 109611004723200000
2022-07-27 13:51:09,460 [Listener at 127.0.0.1/46277] INFO  ha.SequenceIdGenerator (SequenceIdGenerator.java:upgradeToSequenceId(359)) - upgrade delTxnId to 0
2022-07-27 13:51:09,461 [Listener at 127.0.0.1/46277] INFO  ha.SequenceIdGenerator (SequenceIdGenerator.java:upgradeToSequenceId(376)) - upgrade containerId to 0
2022-07-27 13:51:09,461 [Listener at 127.0.0.1/46277] INFO  ha.SequenceIdGenerator (SequenceIdGenerator.java:<init>(220)) - Init the HA SequenceIdGenerator.
2022-07-27 13:51:09,461 [Listener at 127.0.0.1/46277] WARN  server.ServerUtils (ServerUtils.java:sanitizeUserArgs(73)) - ozone.scm.stale.node.interval value = 300000 is larger than max = 100000 based on the key value of ozone.scm.heartbeat.thread.interval, reset to the max value 100000.
2022-07-27 13:51:09,461 [Listener at 127.0.0.1/46277] WARN  server.ServerUtils (ServerUtils.java:sanitizeUserArgs(73)) - ozone.scm.stale.node.interval value = 300000 is larger than max = 100000 based on the key value of ozone.scm.heartbeat.thread.interval, reset to the max value 100000.
2022-07-27 13:51:09,461 [Listener at 127.0.0.1/46277] INFO  node.SCMNodeManager (SCMNodeManager.java:<init>(149)) - Entering startup safe mode.
2022-07-27 13:51:09,462 [Listener at 127.0.0.1/46277] INFO  algorithms.ContainerPlacementPolicyFactory (ContainerPlacementPolicyFactory.java:getPolicyInternal(86)) - Create container placement policy of type org.apache.hadoop.hdds.scm.container.placement.algorithms.SCMContainerPlacementRandom
2022-07-27 13:51:09,462 [Listener at 127.0.0.1/46277] INFO  pipeline.PipelineStateManagerImpl (PipelineStateManagerImpl.java:initialize(78)) - No pipeline exists in current db
2022-07-27 13:51:09,462 [Listener at 127.0.0.1/46277] INFO  algorithms.LeaderChoosePolicyFactory (LeaderChoosePolicyFactory.java:getPolicy(57)) - Create leader choose policy of type org.apache.hadoop.hdds.scm.pipeline.leader.choose.algorithms.MinLeaderCountChoosePolicy
2022-07-27 13:51:09,462 [Listener at 127.0.0.1/46277] INFO  algorithms.ContainerPlacementPolicyFactory (ContainerPlacementPolicyFactory.java:getPolicyInternal(86)) - Create container placement policy of type org.apache.hadoop.hdds.scm.container.placement.algorithms.SCMContainerPlacementRackScatter
2022-07-27 13:51:09,463 [Listener at 127.0.0.1/46277] INFO  ha.SCMServiceManager (SCMServiceManager.java:register(42)) - Registering service BackgroundPipelineCreator.
2022-07-27 13:51:09,463 [Listener at 127.0.0.1/46277] INFO  pipeline.BackgroundPipelineCreator (BackgroundPipelineCreator.java:start(124)) - Starting RatisPipelineUtilsThread.
2022-07-27 13:51:09,463 [Listener at 127.0.0.1/46277] INFO  BackgroundPipelineScrubber (BackgroundSCMService.java:start(68)) - Starting BackgroundPipelineScrubber Service.
2022-07-27 13:51:09,463 [Listener at 127.0.0.1/46277] INFO  ha.SCMServiceManager (SCMServiceManager.java:register(42)) - Registering service BackgroundPipelineScrubber.
2022-07-27 13:51:09,463 [Listener at 127.0.0.1/46277] INFO  ExpiredContainerReplicaOpScrubber (BackgroundSCMService.java:start(68)) - Starting ExpiredContainerReplicaOpScrubber Service.
2022-07-27 13:51:09,464 [Listener at 127.0.0.1/46277] INFO  ha.SCMServiceManager (SCMServiceManager.java:register(42)) - Registering service ExpiredContainerReplicaOpScrubber.
2022-07-27 13:51:09,464 [Listener at 127.0.0.1/46277] INFO  algorithms.PipelineChoosePolicyFactory (PipelineChoosePolicyFactory.java:createPipelineChoosePolicyFromClass(73)) - Create pipeline choose policy of type org.apache.hadoop.hdds.scm.pipeline.choose.algorithms.RandomPipelineChoosePolicy
2022-07-27 13:51:09,464 [Listener at 127.0.0.1/46277] INFO  ha.SCMServiceManager (SCMServiceManager.java:register(42)) - Registering service SCMBlockDeletingService.
2022-07-27 13:51:09,465 [Listener at 127.0.0.1/46277] INFO  replication.ReplicationManager (ReplicationManager.java:start(200)) - Starting Replication Monitor Thread.
2022-07-27 13:51:09,465 [Listener at 127.0.0.1/46277] INFO  UnderReplicatedQueueThread (BackgroundSCMService.java:start(68)) - Starting UnderReplicatedQueueThread Service.
2022-07-27 13:51:09,465 [Listener at 127.0.0.1/46277] INFO  ha.SCMServiceManager (SCMServiceManager.java:register(42)) - Registering service UnderReplicatedQueueThread.
2022-07-27 13:51:09,503 [Listener at 127.0.0.1/46277] INFO  OverReplicatedQueueThread (BackgroundSCMService.java:start(68)) - Starting OverReplicatedQueueThread Service.
2022-07-27 13:51:09,466 [ReplicationMonitor] INFO  replication.ReplicationManager (ReplicationManager.java:processAll(249)) - Replication Manager is not ready to run until 3000ms after safemode exit
2022-07-27 13:51:09,507 [Listener at 127.0.0.1/46277] INFO  ha.SCMServiceManager (SCMServiceManager.java:register(42)) - Registering service OverReplicatedQueueThread.
2022-07-27 13:51:09,507 [Listener at 127.0.0.1/46277] INFO  ha.SCMServiceManager (SCMServiceManager.java:register(42)) - Registering service ReplicationManager.
2022-07-27 13:51:09,507 [Listener at 127.0.0.1/46277] INFO  safemode.ContainerSafeModeRule (ContainerSafeModeRule.java:<init>(89)) - containers with one replica threshold count 0
2022-07-27 13:51:09,508 [Listener at 127.0.0.1/46277] INFO  safemode.HealthyPipelineSafeModeRule (HealthyPipelineSafeModeRule.java:initializeRule(169)) - Total pipeline count is 0, healthy pipeline threshold count is 1
2022-07-27 13:51:09,508 [Listener at 127.0.0.1/46277] INFO  safemode.OneReplicaPipelineSafeModeRule (OneReplicaPipelineSafeModeRule.java:initializeRule(180)) - Total pipeline count is 0, pipeline's with at least one datanode reported threshold count is 0
2022-07-27 13:51:09,515 [Listener at 127.0.0.1/46277] INFO  ipc.CallQueueManager (CallQueueManager.java:<init>(90)) - Using callQueue: class java.util.concurrent.LinkedBlockingQueue, queueCapacity: 2000, scheduler: class org.apache.hadoop.ipc.DefaultRpcScheduler, ipcBackoff: false.
2022-07-27 13:51:09,527 [Socket Reader #1 for port 0] INFO  ipc.Server (Server.java:run(1265)) - Starting Socket Reader #1 for port 0
2022-07-27 13:51:09,536 [Listener at 0.0.0.0/45457] INFO  ipc.CallQueueManager (CallQueueManager.java:<init>(90)) - Using callQueue: class java.util.concurrent.LinkedBlockingQueue, queueCapacity: 2000, scheduler: class org.apache.hadoop.ipc.DefaultRpcScheduler, ipcBackoff: false.
2022-07-27 13:51:09,543 [Socket Reader #1 for port 0] INFO  ipc.Server (Server.java:run(1265)) - Starting Socket Reader #1 for port 0
2022-07-27 13:51:09,550 [Listener at 0.0.0.0/33205] INFO  ipc.CallQueueManager (CallQueueManager.java:<init>(90)) - Using callQueue: class java.util.concurrent.LinkedBlockingQueue, queueCapacity: 2000, scheduler: class org.apache.hadoop.ipc.DefaultRpcScheduler, ipcBackoff: false.
2022-07-27 13:51:09,591 [Socket Reader #1 for port 0] INFO  ipc.Server (Server.java:run(1265)) - Starting Socket Reader #1 for port 0
2022-07-27 13:51:09,652 [Listener at 0.0.0.0/38355] INFO  ha.SCMServiceManager (SCMServiceManager.java:register(42)) - Registering service ContainerBalancer.
2022-07-27 13:51:09,653 [Listener at 0.0.0.0/38355] INFO  server.StorageContainerManager (StorageContainerManager.java:<init>(403)) - 
Container Balancer status:
Key                            Value
Running                        false
Container Balancer Configuration values:
Key                                                Value
Threshold                                          10
Max Datanodes to Involve per Iteration(percent)    20
Max Size to Move per Iteration                     500GB
Max Size Entering Target per Iteration             26GB
Max Size Leaving Source per Iteration              26GB

2022-07-27 13:51:09,653 [Listener at 0.0.0.0/38355] WARN  events.EventQueue (EventQueue.java:fireEvent(216)) - No event handler registered for event TypedEvent{payloadType=SafeModeStatus, name='Safe mode status'}
2022-07-27 13:51:09,653 [Listener at 0.0.0.0/38355] INFO  ha.SCMContext (SCMContext.java:updateSafeModeStatus(228)) - Update SafeModeStatus from SafeModeStatus{safeModeStatus=true, preCheckPassed=false} to SafeModeStatus{safeModeStatus=true, preCheckPassed=false}.
2022-07-27 13:51:09,656 [Listener at 0.0.0.0/38355] INFO  server.StorageContainerManager (StorageContainerManager.java:start(1452)) - StorageContainerLocationProtocol RPC server is listening at /0.0.0.0:38355
2022-07-27 13:51:09,659 [Listener at 0.0.0.0/38355] WARN  impl.MetricsConfig (MetricsConfig.java:loadFirst(136)) - Cannot locate configuration: tried hadoop-metrics2-storagecontainermanager.properties,hadoop-metrics2.properties
2022-07-27 13:51:09,662 [Listener at 0.0.0.0/38355] INFO  impl.MetricsSystemImpl (MetricsSystemImpl.java:startTimer(378)) - Scheduled Metric snapshot period at 10 second(s).
2022-07-27 13:51:09,663 [Listener at 0.0.0.0/38355] INFO  impl.MetricsSystemImpl (MetricsSystemImpl.java:start(191)) - StorageContainerManager metrics system started
2022-07-27 13:51:09,701 [Listener at 0.0.0.0/38355] INFO  impl.MetricsSinkAdapter (MetricsSinkAdapter.java:start(204)) - Sink prometheus started
2022-07-27 13:51:09,701 [Listener at 0.0.0.0/38355] INFO  impl.MetricsSystemImpl (MetricsSystemImpl.java:registerSink(305)) - Registered sink prometheus
2022-07-27 13:51:09,759 [Listener at 0.0.0.0/38355] INFO  server.SCMClientProtocolServer (SCMClientProtocolServer.java:start(170)) - RPC server for Client  is listening at /0.0.0.0:38355
2022-07-27 13:51:09,766 [IPC Server Responder] INFO  ipc.Server (Server.java:run(1507)) - IPC Server Responder: starting
2022-07-27 13:51:09,766 [IPC Server listener on 0] INFO  ipc.Server (Server.java:run(1344)) - IPC Server listener on 0: starting
2022-07-27 13:51:09,767 [Listener at 0.0.0.0/38355] INFO  server.StorageContainerManager (StorageContainerManager.java:start(1467)) - ScmBlockLocationProtocol RPC server is listening at /0.0.0.0:33205
2022-07-27 13:51:09,768 [Listener at 0.0.0.0/38355] INFO  server.SCMBlockProtocolServer (SCMBlockProtocolServer.java:start(152)) - RPC server for Block Protocol is listening at /0.0.0.0:33205
2022-07-27 13:51:09,768 [IPC Server Responder] INFO  ipc.Server (Server.java:run(1507)) - IPC Server Responder: starting
2022-07-27 13:51:09,768 [IPC Server listener on 0] INFO  ipc.Server (Server.java:run(1344)) - IPC Server listener on 0: starting
2022-07-27 13:51:09,769 [Listener at 0.0.0.0/38355] INFO  server.SCMDatanodeProtocolServer (SCMDatanodeProtocolServer.java:start(186)) - ScmDatanodeProtocol RPC server for DataNodes is listening at /0.0.0.0:45457
2022-07-27 13:51:09,770 [IPC Server Responder] INFO  ipc.Server (Server.java:run(1507)) - IPC Server Responder: starting
2022-07-27 13:51:09,770 [IPC Server listener on 0] INFO  ipc.Server (Server.java:run(1344)) - IPC Server listener on 0: starting
2022-07-27 13:51:09,797 [Listener at 0.0.0.0/38355] INFO  http.BaseHttpServer (BaseHttpServer.java:newHttpServer2BuilderForOzone(209)) - Starting Web-server for scm at: http://0.0.0.0:0
2022-07-27 13:51:09,797 [Listener at 0.0.0.0/38355] INFO  http.BaseHttpServer (BaseHttpServer.java:<init>(107)) - Hadoop Security Enabled: false Ozone Security Enabled: false Ozone HTTP Security Enabled: false 
2022-07-27 13:51:09,799 [Listener at 0.0.0.0/38355] INFO  server.AuthenticationFilter (AuthenticationFilter.java:constructSecretProvider(240)) - Unable to initialize FileSignerSecretProvider, falling back to use random secrets.
2022-07-27 13:51:09,807 [Listener at 0.0.0.0/38355] WARN  http.HttpRequestLog (HttpRequestLog.java:getRequestLog(103)) - Jetty request log can only be enabled using Log4j
2022-07-27 13:51:09,808 [Listener at 0.0.0.0/38355] INFO  http.HttpServer2 (HttpServer2.java:addGlobalFilter(1029)) - Added global filter 'safety' (class=org.apache.hadoop.hdds.server.http.HttpServer2$QuotingInputFilter)
2022-07-27 13:51:09,809 [Listener at 0.0.0.0/38355] INFO  http.HttpServer2 (HttpServer2.java:addFilter(1005)) - Added filter static_user_filter (class=org.apache.hadoop.http.lib.StaticUserWebFilter$StaticUserFilter) to context scm
2022-07-27 13:51:09,809 [Listener at 0.0.0.0/38355] INFO  http.HttpServer2 (HttpServer2.java:addFilter(1013)) - Added filter static_user_filter (class=org.apache.hadoop.http.lib.StaticUserWebFilter$StaticUserFilter) to context logs
2022-07-27 13:51:09,809 [Listener at 0.0.0.0/38355] INFO  http.HttpServer2 (HttpServer2.java:addFilter(1013)) - Added filter static_user_filter (class=org.apache.hadoop.http.lib.StaticUserWebFilter$StaticUserFilter) to context static
2022-07-27 13:51:09,819 [Listener at 0.0.0.0/38355] INFO  http.HttpServer2 (HttpServer2.java:bindListener(1248)) - Jetty bound to port 45205
2022-07-27 13:51:09,819 [Listener at 0.0.0.0/38355] INFO  server.Server (Server.java:doStart(375)) - jetty-9.4.43.v20210629; built: 2021-06-30T11:07:22.254Z; git: 526006ecfa3af7f1a27ef3a288e2bef7ea9dd7e8; jvm 1.8.0_332-b09
2022-07-27 13:51:09,823 [org.apache.hadoop.util.JvmPauseMonitor$Monitor@6d954f5a] INFO  util.JvmPauseMonitor (JvmPauseMonitor.java:run(188)) - Starting JVM pause monitor
2022-07-27 13:51:09,939 [Listener at 0.0.0.0/38355] INFO  server.session (DefaultSessionIdManager.java:doStart(334)) - DefaultSessionIdManager workerName=node0
2022-07-27 13:51:09,939 [Listener at 0.0.0.0/38355] INFO  server.session (DefaultSessionIdManager.java:doStart(339)) - No SessionScavenger set, using defaults
2022-07-27 13:51:09,940 [Listener at 0.0.0.0/38355] INFO  server.session (HouseKeeper.java:startScavenging(132)) - node0 Scavenging every 600000ms
2022-07-27 13:51:09,940 [Listener at 0.0.0.0/38355] INFO  handler.ContextHandler (ContextHandler.java:doStart(915)) - Started o.e.j.s.ServletContextHandler@3fa9893{logs,/logs,file:///home/runner/work/ozone/ozone/hadoop-ozone/integration-test/target/log,AVAILABLE}
2022-07-27 13:51:09,941 [Listener at 0.0.0.0/38355] INFO  handler.ContextHandler (ContextHandler.java:doStart(915)) - Started o.e.j.s.ServletContextHandler@2b03242f{static,/static,file:///home/runner/work/ozone/ozone/hadoop-ozone/integration-test/target/test-classes/webapps/static,AVAILABLE}
2022-07-27 13:51:09,944 [Listener at 0.0.0.0/38355] INFO  handler.ContextHandler (ContextHandler.java:doStart(915)) - Started o.e.j.w.WebAppContext@21fe8a00{scm,/,file:///home/runner/work/ozone/ozone/hadoop-ozone/integration-test/target/test-classes/webapps/scm/,AVAILABLE}{file:/home/runner/work/ozone/ozone/hadoop-ozone/integration-test/target/test-classes/webapps/scm}
2022-07-27 13:51:09,974 [Listener at 0.0.0.0/38355] INFO  server.AbstractConnector (AbstractConnector.java:doStart(331)) - Started ServerConnector@3a456c10{HTTP/1.1, (http/1.1)}{0.0.0.0:45205}
2022-07-27 13:51:09,975 [Listener at 0.0.0.0/38355] INFO  server.Server (Server.java:doStart(415)) - Started @135538ms
2022-07-27 13:51:09,975 [Listener at 0.0.0.0/38355] WARN  impl.MetricsSystemImpl (MetricsSystemImpl.java:register(279)) - Sink prometheus already exists!
2022-07-27 13:51:09,976 [Listener at 0.0.0.0/38355] INFO  http.BaseHttpServer (BaseHttpServer.java:updateConnectorAddress(329)) - HTTP server of scm listening at http://0.0.0.0:45205
2022-07-27 13:51:09,976 [Listener at 0.0.0.0/38355] WARN  server.ServerUtils (ServerUtils.java:getDBPath(225)) - ozone.om.db.dirs is not configured. We recommend adding this setting. Falling back to ozone.metadata.dirs instead.
2022-07-27 13:51:09,986 [Listener at 0.0.0.0/38355] INFO  ha.OMHANodeDetails (OMHANodeDetails.java:loadOMHAConfig(115)) - ozone.om.internal.service.id is not defined, falling back to ozone.om.service.ids to find serviceID for OzoneManager if it is HA enabled cluster
2022-07-27 13:51:09,987 [Listener at 0.0.0.0/38355] INFO  ha.OMHANodeDetails (OMHANodeDetails.java:loadOMHAConfig(226)) - Configuration does not have ozone.om.address set. Falling back to the default OM address /127.0.0.1:0
2022-07-27 13:51:09,988 [Listener at 0.0.0.0/38355] INFO  ha.OMHANodeDetails (OMHANodeDetails.java:getOMNodeDetailsForNonHA(254)) - OM Service ID is not set. Setting it to the default ID: omServiceIdDefault
2022-07-27 13:51:09,988 [Listener at 0.0.0.0/38355] INFO  ha.OMHANodeDetails (OMHANodeDetails.java:getOMNodeDetailsForNonHA(261)) - OM Node ID is not set. Setting it to the default ID: om1
2022-07-27 13:51:09,988 [Listener at 0.0.0.0/38355] WARN  server.ServerUtils (ServerUtils.java:getDBPath(225)) - ozone.om.db.dirs is not configured. We recommend adding this setting. Falling back to ozone.metadata.dirs instead.
2022-07-27 13:51:09,989 [Listener at 0.0.0.0/38355] INFO  upgrade.AbstractLayoutVersionManager (AbstractLayoutVersionManager.java:init(83)) - Initializing Layout version manager with metadata layout = MULTITENANCY_SCHEMA (version = 3), software layout = MULTITENANCY_SCHEMA (version = 3)
2022-07-27 13:51:10,160 [Listener at 0.0.0.0/38355] INFO  reflections.Reflections (Reflections.java:scan(232)) - Reflections took 170 ms to scan 2 urls, producing 152 keys and 424 values [using 2 cores]
2022-07-27 13:51:10,161 [Listener at 0.0.0.0/38355] INFO  upgrade.OMLayoutVersionManager (OMLayoutVersionManager.java:lambda$0(115)) - Skipping Upgrade Action MockOmUpgradeAction since it has been finalized.
2022-07-27 13:51:10,161 [Listener at 0.0.0.0/38355] WARN  server.ServerUtils (ServerUtils.java:getDBPath(225)) - ozone.om.db.dirs is not configured. We recommend adding this setting. Falling back to ozone.metadata.dirs instead.
2022-07-27 13:51:10,162 [Listener at 0.0.0.0/38355] INFO  proxy.SCMBlockLocationFailoverProxyProvider (SCMBlockLocationFailoverProxyProvider.java:<init>(114)) - Created block location fail-over proxy with 1 nodes: [nodeId=scmNodeId,nodeAddress=/0.0.0.0:33205]
2022-07-27 13:51:10,174 [Listener at 0.0.0.0/38355] INFO  proxy.SCMBlockLocationFailoverProxyProvider (SCMBlockLocationFailoverProxyProvider.java:<init>(114)) - Created block location fail-over proxy with 1 nodes: [nodeId=scmNodeId,nodeAddress=/0.0.0.0:33205]
2022-07-27 13:51:10,200 [Listener at 0.0.0.0/38355] WARN  server.ServerUtils (ServerUtils.java:getDBPath(225)) - ozone.om.db.dirs is not configured. We recommend adding this setting. Falling back to ozone.metadata.dirs instead.
2022-07-27 13:51:10,211 [Listener at 0.0.0.0/38355] INFO  codec.OmKeyInfoCodec (OmKeyInfoCodec.java:<init>(49)) - OmKeyInfoCodec ignorePipeline = true
2022-07-27 13:51:10,211 [Listener at 0.0.0.0/38355] INFO  codec.RepeatedOmKeyInfoCodec (RepeatedOmKeyInfoCodec.java:<init>(41)) - RepeatedOmKeyInfoCodec ignorePipeline = true
2022-07-27 13:51:10,697 [Listener at 0.0.0.0/38355] INFO  om.OzoneManager (OzoneManager.java:instantiateServices(696)) - S3 Multi-Tenancy is disabled
2022-07-27 13:51:10,697 [Listener at 0.0.0.0/38355] INFO  om.OzoneManager (OzoneManager.java:addS3GVolumeToDB(4307)) - Created Volume s3v With Owner runner required for S3Gateway operations.
2022-07-27 13:51:10,707 [Listener at 0.0.0.0/38355] INFO  om.OzoneManager (OzoneManager.java:getRpcServer(1085)) - Creating RPC Server
2022-07-27 13:51:11,604 [Listener at 0.0.0.0/38355] INFO  reflections.Reflections (Reflections.java:scan(232)) - Reflections took 894 ms to scan 19 urls, producing 67 keys and 4137 values [using 2 cores]
2022-07-27 13:51:11,605 [Listener at 0.0.0.0/38355] INFO  ipc.CallQueueManager (CallQueueManager.java:<init>(90)) - Using callQueue: class java.util.concurrent.LinkedBlockingQueue, queueCapacity: 2000, scheduler: class org.apache.hadoop.ipc.DefaultRpcScheduler, ipcBackoff: false.
2022-07-27 13:51:11,622 [Socket Reader #1 for port 0] INFO  ipc.Server (Server.java:run(1265)) - Starting Socket Reader #1 for port 0
2022-07-27 13:51:11,676 [Listener at 127.0.0.1/45285] INFO  impl.MetricsSystemImpl (MetricsSystemImpl.java:init(158)) - OzoneManager metrics system started (again)
2022-07-27 13:51:11,695 [Listener at 127.0.0.1/45285] INFO  om.OzoneManager (OzoneManager.java:start(1469)) - OzoneManager RPC server is listening at localhost/127.0.0.1:45285
2022-07-27 13:51:11,696 [Listener at 127.0.0.1/45285] INFO  om.OzoneManager (OzoneManager.java:start(1485)) - Version File has different layout version (3) than OM DB (null). That is expected if this OM has never been finalized to a newer layout version.
2022-07-27 13:51:11,709 [Listener at 127.0.0.1/45285] INFO  http.BaseHttpServer (BaseHttpServer.java:newHttpServer2BuilderForOzone(209)) - Starting Web-server for ozoneManager at: http://0.0.0.0:0
2022-07-27 13:51:11,709 [Listener at 127.0.0.1/45285] INFO  http.BaseHttpServer (BaseHttpServer.java:<init>(107)) - Hadoop Security Enabled: false Ozone Security Enabled: false Ozone HTTP Security Enabled: false 
2022-07-27 13:51:11,711 [Listener at 127.0.0.1/45285] INFO  server.AuthenticationFilter (AuthenticationFilter.java:constructSecretProvider(240)) - Unable to initialize FileSignerSecretProvider, falling back to use random secrets.
2022-07-27 13:51:11,754 [Listener at 127.0.0.1/45285] WARN  http.HttpRequestLog (HttpRequestLog.java:getRequestLog(103)) - Jetty request log can only be enabled using Log4j
2022-07-27 13:51:11,755 [Listener at 127.0.0.1/45285] INFO  http.HttpServer2 (HttpServer2.java:addGlobalFilter(1029)) - Added global filter 'safety' (class=org.apache.hadoop.hdds.server.http.HttpServer2$QuotingInputFilter)
2022-07-27 13:51:11,756 [Listener at 127.0.0.1/45285] INFO  http.HttpServer2 (HttpServer2.java:addFilter(1005)) - Added filter static_user_filter (class=org.apache.hadoop.http.lib.StaticUserWebFilter$StaticUserFilter) to context ozoneManager
2022-07-27 13:51:11,757 [Listener at 127.0.0.1/45285] INFO  http.HttpServer2 (HttpServer2.java:addFilter(1013)) - Added filter static_user_filter (class=org.apache.hadoop.http.lib.StaticUserWebFilter$StaticUserFilter) to context logs
2022-07-27 13:51:11,757 [Listener at 127.0.0.1/45285] INFO  http.HttpServer2 (HttpServer2.java:addFilter(1013)) - Added filter static_user_filter (class=org.apache.hadoop.http.lib.StaticUserWebFilter$StaticUserFilter) to context static
2022-07-27 13:51:11,758 [Listener at 127.0.0.1/45285] INFO  http.HttpServer2 (HttpServer2.java:bindListener(1248)) - Jetty bound to port 38873
2022-07-27 13:51:11,758 [Listener at 127.0.0.1/45285] INFO  server.Server (Server.java:doStart(375)) - jetty-9.4.43.v20210629; built: 2021-06-30T11:07:22.254Z; git: 526006ecfa3af7f1a27ef3a288e2bef7ea9dd7e8; jvm 1.8.0_332-b09
2022-07-27 13:51:11,790 [Listener at 127.0.0.1/45285] INFO  server.session (DefaultSessionIdManager.java:doStart(334)) - DefaultSessionIdManager workerName=node0
2022-07-27 13:51:11,790 [Listener at 127.0.0.1/45285] INFO  server.session (DefaultSessionIdManager.java:doStart(339)) - No SessionScavenger set, using defaults
2022-07-27 13:51:11,791 [Listener at 127.0.0.1/45285] INFO  server.session (HouseKeeper.java:startScavenging(132)) - node0 Scavenging every 600000ms
2022-07-27 13:51:11,792 [Listener at 127.0.0.1/45285] INFO  handler.ContextHandler (ContextHandler.java:doStart(915)) - Started o.e.j.s.ServletContextHandler@6cf63fd7{logs,/logs,file:///home/runner/work/ozone/ozone/hadoop-ozone/integration-test/target/log,AVAILABLE}
2022-07-27 13:51:11,792 [Listener at 127.0.0.1/45285] INFO  handler.ContextHandler (ContextHandler.java:doStart(915)) - Started o.e.j.s.ServletContextHandler@11b317b7{static,/static,file:///home/runner/work/ozone/ozone/hadoop-ozone/integration-test/target/test-classes/webapps/static,AVAILABLE}
2022-07-27 13:51:11,816 [Listener at 127.0.0.1/45285] INFO  handler.ContextHandler (ContextHandler.java:doStart(915)) - Started o.e.j.w.WebAppContext@198ff0f3{ozoneManager,/,file:///home/runner/work/ozone/ozone/hadoop-ozone/integration-test/target/test-classes/webapps/ozoneManager/,AVAILABLE}{file:/home/runner/work/ozone/ozone/hadoop-ozone/integration-test/target/test-classes/webapps/ozoneManager}
2022-07-27 13:51:11,817 [Listener at 127.0.0.1/45285] INFO  server.AbstractConnector (AbstractConnector.java:doStart(331)) - Started ServerConnector@4643b082{HTTP/1.1, (http/1.1)}{0.0.0.0:38873}
2022-07-27 13:51:11,818 [Listener at 127.0.0.1/45285] INFO  server.Server (Server.java:doStart(415)) - Started @137381ms
2022-07-27 13:51:11,818 [Listener at 127.0.0.1/45285] WARN  impl.MetricsSystemImpl (MetricsSystemImpl.java:register(279)) - Sink prometheus already exists!
2022-07-27 13:51:11,819 [Listener at 127.0.0.1/45285] INFO  http.BaseHttpServer (BaseHttpServer.java:updateConnectorAddress(329)) - HTTP server of ozoneManager listening at http://0.0.0.0:38873
2022-07-27 13:51:11,820 [IPC Server Responder] INFO  ipc.Server (Server.java:run(1507)) - IPC Server Responder: starting
2022-07-27 13:51:11,821 [IPC Server listener on 0] INFO  ipc.Server (Server.java:run(1344)) - IPC Server listener on 0: starting
2022-07-27 13:51:11,822 [Listener at 127.0.0.1/45285] INFO  om.TrashPolicyOzone (TrashPolicyOzone.java:<init>(178)) - Ozone Manager trash configuration: Deletion interval = 0 minutes, Emptier interval = 0 minutes.
2022-07-27 13:51:11,855 [org.apache.hadoop.util.JvmPauseMonitor$Monitor@23be198a] INFO  util.JvmPauseMonitor (JvmPauseMonitor.java:run(188)) - Starting JVM pause monitor
2022-07-27 13:51:11,870 [Listener at 127.0.0.1/45285] INFO  impl.MetricsSystemImpl (MetricsSystemImpl.java:init(158)) - HddsDatanode metrics system started (again)
2022-07-27 13:51:11,918 [Listener at 127.0.0.1/45285] INFO  ozone.HddsDatanodeService (HddsDatanodeService.java:start(236)) - HddsDatanodeService host:fv-az217-261.5fhmivlnczbevhjmk01nzrxweh.bx.internal.cloudapp.net ip:10.1.0.21
2022-07-27 13:51:11,964 [Listener at 127.0.0.1/45285] INFO  upgrade.AbstractLayoutVersionManager (AbstractLayoutVersionManager.java:init(83)) - Initializing Layout version manager with metadata layout = DATANODE_SCHEMA_V3 (version = 4), software layout = DATANODE_SCHEMA_V3 (version = 4)
2022-07-27 13:51:12,319 [Listener at 127.0.0.1/45285] INFO  reflections.Reflections (Reflections.java:scan(232)) - Reflections took 353 ms to scan 7 urls, producing 132 keys and 321 values 
2022-07-27 13:51:12,320 [Listener at 127.0.0.1/45285] INFO  statemachine.DatanodeStateMachine (DatanodeStateMachine.java:getEndPointTaskThreadPoolSize(237)) - Datanode State Machine Task Thread Pool size 2
2022-07-27 13:51:12,355 [Listener at 127.0.0.1/45285] INFO  volume.HddsVolume (HddsVolume.java:<init>(116)) - Creating HddsVolume: /home/runner/work/ozone/ozone/hadoop-ozone/integration-test/target/test-dir/MiniOzoneClusterImpl-e3e01987-94f8-4a87-8a0d-2583aef5e8b1/datanode-0/data-0/containers/hdds of storage type : DISK capacity : 9223372036854775807
2022-07-27 13:51:12,355 [Listener at 127.0.0.1/45285] INFO  volume.MutableVolumeSet (MutableVolumeSet.java:initializeVolumeSet(174)) - Added Volume : /home/runner/work/ozone/ozone/hadoop-ozone/integration-test/target/test-dir/MiniOzoneClusterImpl-e3e01987-94f8-4a87-8a0d-2583aef5e8b1/datanode-0/data-0/containers/hdds to VolumeSet
2022-07-27 13:51:12,355 [Listener at 127.0.0.1/45285] INFO  volume.ThrottledAsyncChecker (ThrottledAsyncChecker.java:schedule(141)) - Scheduling a check for /home/runner/work/ozone/ozone/hadoop-ozone/integration-test/target/test-dir/MiniOzoneClusterImpl-e3e01987-94f8-4a87-8a0d-2583aef5e8b1/datanode-0/data-0/containers/hdds
2022-07-27 13:51:12,356 [Listener at 127.0.0.1/45285] INFO  volume.StorageVolumeChecker (StorageVolumeChecker.java:checkAllVolumes(202)) - Scheduled health check for volume /home/runner/work/ozone/ozone/hadoop-ozone/integration-test/target/test-dir/MiniOzoneClusterImpl-e3e01987-94f8-4a87-8a0d-2583aef5e8b1/datanode-0/data-0/containers/hdds
2022-07-27 13:51:12,376 [Listener at 127.0.0.1/45285] INFO  volume.MutableVolumeSet (MutableVolumeSet.java:initializeVolumeSet(174)) - Added Volume : /home/runner/work/ozone/ozone/hadoop-ozone/integration-test/target/test-dir/MiniOzoneClusterImpl-e3e01987-94f8-4a87-8a0d-2583aef5e8b1/datanode-0/data/ratis to VolumeSet
2022-07-27 13:51:12,377 [Listener at 127.0.0.1/45285] INFO  volume.ThrottledAsyncChecker (ThrottledAsyncChecker.java:schedule(141)) - Scheduling a check for /home/runner/work/ozone/ozone/hadoop-ozone/integration-test/target/test-dir/MiniOzoneClusterImpl-e3e01987-94f8-4a87-8a0d-2583aef5e8b1/datanode-0/data/ratis
2022-07-27 13:51:12,377 [Listener at 127.0.0.1/45285] INFO  volume.StorageVolumeChecker (StorageVolumeChecker.java:checkAllVolumes(202)) - Scheduled health check for volume /home/runner/work/ozone/ozone/hadoop-ozone/integration-test/target/test-dir/MiniOzoneClusterImpl-e3e01987-94f8-4a87-8a0d-2583aef5e8b1/datanode-0/data/ratis
2022-07-27 13:51:12,403 [Thread-1124] INFO  ozoneimpl.ContainerReader (ContainerReader.java:readVolume(175)) - Finish verifying containers on volume /home/runner/work/ozone/ozone/hadoop-ozone/integration-test/target/test-dir/MiniOzoneClusterImpl-e3e01987-94f8-4a87-8a0d-2583aef5e8b1/datanode-0/data-0/containers/hdds
2022-07-27 13:51:12,403 [Listener at 127.0.0.1/45285] INFO  ozoneimpl.OzoneContainer (OzoneContainer.java:buildContainerSet(299)) - Build ContainerSet costs 0s
2022-07-27 13:51:12,405 [Listener at 127.0.0.1/45285] INFO  server.RaftServer (ConfUtils.java:logGet(46)) - raft.rpc.type = GRPC (default)
2022-07-27 13:51:12,406 [Listener at 127.0.0.1/45285] INFO  grpc.GrpcFactory (GrpcFactory.java:checkPooledByteBufAllocatorUseCacheForAllThreads(48)) - PERFORMANCE WARNING: useCacheForAllThreads is true that may cause Netty to create a lot garbage objects and, as a result, trigger GC.
	It is recommended to disable useCacheForAllThreads by setting -Dorg.apache.ratis.thirdparty.io.netty.allocator.useCacheForAllThreads=false in command line.
2022-07-27 13:51:12,406 [Listener at 127.0.0.1/45285] INFO  grpc.GrpcConfigKeys (ConfUtils.java:logGet(46)) - raft.grpc.admin.port = 0 (custom)
2022-07-27 13:51:12,406 [Listener at 127.0.0.1/45285] INFO  grpc.GrpcConfigKeys (ConfUtils.java:logGet(46)) - raft.grpc.client.port = 0 (custom)
2022-07-27 13:51:12,406 [Listener at 127.0.0.1/45285] INFO  grpc.GrpcConfigKeys (ConfUtils.java:logGet(46)) - raft.grpc.server.port = 0 (default)
2022-07-27 13:51:12,406 [Listener at 127.0.0.1/45285] INFO  server.GrpcService (ConfUtils.java:logGet(46)) - raft.grpc.message.size.max = 32MB (=33554432) (custom)
2022-07-27 13:51:12,406 [Listener at 127.0.0.1/45285] INFO  server.RaftServerConfigKeys (ConfUtils.java:logGet(46)) - raft.server.log.appender.buffer.byte-limit = 33554432 (custom)
2022-07-27 13:51:12,406 [Listener at 127.0.0.1/45285] INFO  server.GrpcService (ConfUtils.java:logGet(46)) - raft.grpc.flow.control.window = 5MB (=5242880) (custom)
2022-07-27 13:51:12,406 [Listener at 127.0.0.1/45285] INFO  server.RaftServerConfigKeys (ConfUtils.java:logGet(46)) - raft.server.rpc.request.timeout = 60s (custom)
2022-07-27 13:51:12,406 [Listener at 127.0.0.1/45285] INFO  grpc.GrpcConfigKeys (ConfUtils.java:logGet(46)) - raft.grpc.server.async.request.thread.pool.cached = true (default)
2022-07-27 13:51:12,407 [Listener at 127.0.0.1/45285] INFO  grpc.GrpcConfigKeys (ConfUtils.java:logGet(46)) - raft.grpc.server.async.request.thread.pool.size = 32 (default)
2022-07-27 13:51:12,420 [Listener at 127.0.0.1/45285] INFO  impl.DataStreamServerImpl (ConfUtils.java:logGet(46)) - raft.datastream.type = DISABLED (default)
2022-07-27 13:51:12,420 [Listener at 127.0.0.1/45285] INFO  server.RaftServerConfigKeys (ConfUtils.java:logGet(46)) - raft.server.threadpool.proxy.cached = true (default)
2022-07-27 13:51:12,420 [Listener at 127.0.0.1/45285] INFO  server.RaftServerConfigKeys (ConfUtils.java:logGet(46)) - raft.server.threadpool.proxy.size = 0 (default)
2022-07-27 13:51:12,420 [Listener at 127.0.0.1/45285] INFO  server.RaftServerConfigKeys (ConfUtils.java:logGet(46)) - raft.server.rpc.slowness.timeout = 300s (custom)
2022-07-27 13:51:12,421 [Listener at 127.0.0.1/45285] INFO  server.RaftServerConfigKeys (ConfUtils.java:logGet(46)) - raft.server.leaderelection.leader.step-down.wait-time = 10s (default)
2022-07-27 13:51:12,421 [Listener at 127.0.0.1/45285] INFO  server.RaftServerConfigKeys (ConfUtils.java:logGet(46)) - raft.server.storage.dir = [/home/runner/work/ozone/ozone/hadoop-ozone/integration-test/target/test-dir/MiniOzoneClusterImpl-e3e01987-94f8-4a87-8a0d-2583aef5e8b1/datanode-0/data/ratis] (custom)
2022-07-27 13:51:12,455 [Listener at 127.0.0.1/45285] INFO  server.XceiverServerGrpc (XceiverServerGrpc.java:<init>(132)) - GrpcServer channel type EpollServerSocketChannel
2022-07-27 13:51:12,468 [Listener at 127.0.0.1/45285] INFO  http.BaseHttpServer (BaseHttpServer.java:newHttpServer2BuilderForOzone(209)) - Starting Web-server for hddsDatanode at: http://0.0.0.0:0
2022-07-27 13:51:12,468 [Listener at 127.0.0.1/45285] INFO  http.BaseHttpServer (BaseHttpServer.java:<init>(107)) - Hadoop Security Enabled: false Ozone Security Enabled: false Ozone HTTP Security Enabled: false 
2022-07-27 13:51:12,470 [Listener at 127.0.0.1/45285] INFO  server.AuthenticationFilter (AuthenticationFilter.java:constructSecretProvider(240)) - Unable to initialize FileSignerSecretProvider, falling back to use random secrets.
2022-07-27 13:51:12,475 [Listener at 127.0.0.1/45285] WARN  http.HttpRequestLog (HttpRequestLog.java:getRequestLog(103)) - Jetty request log can only be enabled using Log4j
2022-07-27 13:51:12,476 [Listener at 127.0.0.1/45285] INFO  http.HttpServer2 (HttpServer2.java:addGlobalFilter(1029)) - Added global filter 'safety' (class=org.apache.hadoop.hdds.server.http.HttpServer2$QuotingInputFilter)
2022-07-27 13:51:12,477 [Listener at 127.0.0.1/45285] INFO  http.HttpServer2 (HttpServer2.java:addFilter(1005)) - Added filter static_user_filter (class=org.apache.hadoop.http.lib.StaticUserWebFilter$StaticUserFilter) to context hddsDatanode
2022-07-27 13:51:12,477 [Listener at 127.0.0.1/45285] INFO  http.HttpServer2 (HttpServer2.java:addFilter(1013)) - Added filter static_user_filter (class=org.apache.hadoop.http.lib.StaticUserWebFilter$StaticUserFilter) to context static
2022-07-27 13:51:12,477 [Listener at 127.0.0.1/45285] INFO  http.HttpServer2 (HttpServer2.java:addFilter(1013)) - Added filter static_user_filter (class=org.apache.hadoop.http.lib.StaticUserWebFilter$StaticUserFilter) to context logs
2022-07-27 13:51:12,477 [Listener at 127.0.0.1/45285] INFO  http.HttpServer2 (HttpServer2.java:bindListener(1248)) - Jetty bound to port 44127
2022-07-27 13:51:12,478 [Listener at 127.0.0.1/45285] INFO  server.Server (Server.java:doStart(375)) - jetty-9.4.43.v20210629; built: 2021-06-30T11:07:22.254Z; git: 526006ecfa3af7f1a27ef3a288e2bef7ea9dd7e8; jvm 1.8.0_332-b09
2022-07-27 13:51:12,528 [Listener at 127.0.0.1/45285] INFO  server.session (DefaultSessionIdManager.java:doStart(334)) - DefaultSessionIdManager workerName=node0
2022-07-27 13:51:12,528 [Listener at 127.0.0.1/45285] INFO  server.session (DefaultSessionIdManager.java:doStart(339)) - No SessionScavenger set, using defaults
2022-07-27 13:51:12,529 [Listener at 127.0.0.1/45285] INFO  server.session (HouseKeeper.java:startScavenging(132)) - node0 Scavenging every 600000ms
2022-07-27 13:51:12,531 [Listener at 127.0.0.1/45285] INFO  handler.ContextHandler (ContextHandler.java:doStart(915)) - Started o.e.j.s.ServletContextHandler@4d5533{logs,/logs,file:///home/runner/work/ozone/ozone/hadoop-ozone/integration-test/target/log,AVAILABLE}
2022-07-27 13:51:12,531 [Listener at 127.0.0.1/45285] INFO  handler.ContextHandler (ContextHandler.java:doStart(915)) - Started o.e.j.s.ServletContextHandler@3faabf8c{static,/static,jar:file:/home/runner/.m2/repository/org/apache/ozone/hdds-container-service/1.3.0-SNAPSHOT/hdds-container-service-1.3.0-SNAPSHOT.jar!/webapps/static,AVAILABLE}
2022-07-27 13:51:12,886 [Listener at 127.0.0.1/45285] INFO  handler.ContextHandler (ContextHandler.java:doStart(915)) - Started o.e.j.w.WebAppContext@19a36c8f{hddsDatanode,/,file:///tmp/jetty-0_0_0_0-44127-hdds-container-service-1_3_0-SNAPSHOT_jar-_-any-4620038586566511951/webapp/,AVAILABLE}{jar:file:/home/runner/.m2/repository/org/apache/ozone/hdds-container-service/1.3.0-SNAPSHOT/hdds-container-service-1.3.0-SNAPSHOT.jar!/webapps/hddsDatanode}
2022-07-27 13:51:12,902 [Listener at 127.0.0.1/45285] INFO  server.AbstractConnector (AbstractConnector.java:doStart(331)) - Started ServerConnector@3c35d2f{HTTP/1.1, (http/1.1)}{0.0.0.0:44127}
2022-07-27 13:51:12,902 [Listener at 127.0.0.1/45285] INFO  server.Server (Server.java:doStart(415)) - Started @138465ms
2022-07-27 13:51:12,902 [Listener at 127.0.0.1/45285] WARN  impl.MetricsSystemImpl (MetricsSystemImpl.java:register(279)) - Sink prometheus already exists!
2022-07-27 13:51:12,903 [Listener at 127.0.0.1/45285] INFO  http.BaseHttpServer (BaseHttpServer.java:updateConnectorAddress(329)) - HTTP server of hddsDatanode listening at http://0.0.0.0:44127
2022-07-27 13:51:12,904 [Listener at 127.0.0.1/45285] INFO  impl.MetricsSystemImpl (MetricsSystemImpl.java:init(158)) - HddsDatanode metrics system started (again)
2022-07-27 13:51:12,913 [Datanode State Machine Daemon Thread] INFO  statemachine.DatanodeStateMachine (DatanodeStateMachine.java:lambda$startDaemon$0(492)) - Ozone container server started.
2022-07-27 13:51:12,975 [org.apache.hadoop.util.JvmPauseMonitor$Monitor@30496914] INFO  util.JvmPauseMonitor (JvmPauseMonitor.java:run(188)) - Starting JVM pause monitor
2022-07-27 13:51:12,997 [Datanode State Machine Task Thread - 0] INFO  datanode.InitDatanodeState (InitDatanodeState.java:persistContainerDatanodeDetails(138)) - DatanodeDetails is persisted to /home/runner/work/ozone/ozone/hadoop-ozone/integration-test/target/test-dir/MiniOzoneClusterImpl-e3e01987-94f8-4a87-8a0d-2583aef5e8b1/datanode-0/meta/datanode.id
2022-07-27 13:51:13,004 [Listener at 127.0.0.1/45285] INFO  ozone.HddsDatanodeService (HddsDatanodeService.java:start(236)) - HddsDatanodeService host:fv-az217-261.5fhmivlnczbevhjmk01nzrxweh.bx.internal.cloudapp.net ip:10.1.0.21
2022-07-27 13:51:13,060 [Listener at 127.0.0.1/45285] INFO  upgrade.AbstractLayoutVersionManager (AbstractLayoutVersionManager.java:init(83)) - Initializing Layout version manager with metadata layout = DATANODE_SCHEMA_V3 (version = 4), software layout = DATANODE_SCHEMA_V3 (version = 4)
2022-07-27 13:51:13,143 [Listener at 127.0.0.1/45285] INFO  reflections.Reflections (Reflections.java:scan(232)) - Reflections took 82 ms to scan 7 urls, producing 132 keys and 321 values 
2022-07-27 13:51:13,157 [Listener at 127.0.0.1/45285] INFO  statemachine.DatanodeStateMachine (DatanodeStateMachine.java:getEndPointTaskThreadPoolSize(237)) - Datanode State Machine Task Thread Pool size 2
2022-07-27 13:51:13,171 [Listener at 127.0.0.1/45285] INFO  volume.HddsVolume (HddsVolume.java:<init>(116)) - Creating HddsVolume: /home/runner/work/ozone/ozone/hadoop-ozone/integration-test/target/test-dir/MiniOzoneClusterImpl-e3e01987-94f8-4a87-8a0d-2583aef5e8b1/datanode-1/data-0/containers/hdds of storage type : DISK capacity : 9223372036854775807
2022-07-27 13:51:13,172 [Listener at 127.0.0.1/45285] INFO  volume.MutableVolumeSet (MutableVolumeSet.java:initializeVolumeSet(174)) - Added Volume : /home/runner/work/ozone/ozone/hadoop-ozone/integration-test/target/test-dir/MiniOzoneClusterImpl-e3e01987-94f8-4a87-8a0d-2583aef5e8b1/datanode-1/data-0/containers/hdds to VolumeSet
2022-07-27 13:51:13,172 [Listener at 127.0.0.1/45285] INFO  volume.ThrottledAsyncChecker (ThrottledAsyncChecker.java:schedule(141)) - Scheduling a check for /home/runner/work/ozone/ozone/hadoop-ozone/integration-test/target/test-dir/MiniOzoneClusterImpl-e3e01987-94f8-4a87-8a0d-2583aef5e8b1/datanode-1/data-0/containers/hdds
2022-07-27 13:51:13,187 [Listener at 127.0.0.1/45285] INFO  volume.StorageVolumeChecker (StorageVolumeChecker.java:checkAllVolumes(202)) - Scheduled health check for volume /home/runner/work/ozone/ozone/hadoop-ozone/integration-test/target/test-dir/MiniOzoneClusterImpl-e3e01987-94f8-4a87-8a0d-2583aef5e8b1/datanode-1/data-0/containers/hdds
2022-07-27 13:51:13,203 [Listener at 127.0.0.1/45285] INFO  volume.MutableVolumeSet (MutableVolumeSet.java:initializeVolumeSet(174)) - Added Volume : /home/runner/work/ozone/ozone/hadoop-ozone/integration-test/target/test-dir/MiniOzoneClusterImpl-e3e01987-94f8-4a87-8a0d-2583aef5e8b1/datanode-1/data/ratis to VolumeSet
2022-07-27 13:51:13,203 [Listener at 127.0.0.1/45285] INFO  volume.ThrottledAsyncChecker (ThrottledAsyncChecker.java:schedule(141)) - Scheduling a check for /home/runner/work/ozone/ozone/hadoop-ozone/integration-test/target/test-dir/MiniOzoneClusterImpl-e3e01987-94f8-4a87-8a0d-2583aef5e8b1/datanode-1/data/ratis
2022-07-27 13:51:13,204 [Listener at 127.0.0.1/45285] INFO  volume.StorageVolumeChecker (StorageVolumeChecker.java:checkAllVolumes(202)) - Scheduled health check for volume /home/runner/work/ozone/ozone/hadoop-ozone/integration-test/target/test-dir/MiniOzoneClusterImpl-e3e01987-94f8-4a87-8a0d-2583aef5e8b1/datanode-1/data/ratis
2022-07-27 13:51:13,229 [Thread-1137] INFO  ozoneimpl.ContainerReader (ContainerReader.java:readVolume(175)) - Finish verifying containers on volume /home/runner/work/ozone/ozone/hadoop-ozone/integration-test/target/test-dir/MiniOzoneClusterImpl-e3e01987-94f8-4a87-8a0d-2583aef5e8b1/datanode-1/data-0/containers/hdds
2022-07-27 13:51:13,229 [Listener at 127.0.0.1/45285] INFO  ozoneimpl.OzoneContainer (OzoneContainer.java:buildContainerSet(299)) - Build ContainerSet costs 0s
2022-07-27 13:51:13,233 [Listener at 127.0.0.1/45285] INFO  server.RaftServer (ConfUtils.java:logGet(46)) - raft.rpc.type = GRPC (default)
2022-07-27 13:51:13,234 [Listener at 127.0.0.1/45285] INFO  grpc.GrpcFactory (GrpcFactory.java:checkPooledByteBufAllocatorUseCacheForAllThreads(48)) - PERFORMANCE WARNING: useCacheForAllThreads is true that may cause Netty to create a lot garbage objects and, as a result, trigger GC.
	It is recommended to disable useCacheForAllThreads by setting -Dorg.apache.ratis.thirdparty.io.netty.allocator.useCacheForAllThreads=false in command line.
2022-07-27 13:51:13,234 [Listener at 127.0.0.1/45285] INFO  grpc.GrpcConfigKeys (ConfUtils.java:logGet(46)) - raft.grpc.admin.port = 0 (custom)
2022-07-27 13:51:13,234 [Listener at 127.0.0.1/45285] INFO  grpc.GrpcConfigKeys (ConfUtils.java:logGet(46)) - raft.grpc.client.port = 0 (custom)
2022-07-27 13:51:13,234 [Listener at 127.0.0.1/45285] INFO  grpc.GrpcConfigKeys (ConfUtils.java:logGet(46)) - raft.grpc.server.port = 0 (default)
2022-07-27 13:51:13,234 [Listener at 127.0.0.1/45285] INFO  server.GrpcService (ConfUtils.java:logGet(46)) - raft.grpc.message.size.max = 32MB (=33554432) (custom)
2022-07-27 13:51:13,234 [Listener at 127.0.0.1/45285] INFO  server.RaftServerConfigKeys (ConfUtils.java:logGet(46)) - raft.server.log.appender.buffer.byte-limit = 33554432 (custom)
2022-07-27 13:51:13,234 [Listener at 127.0.0.1/45285] INFO  server.GrpcService (ConfUtils.java:logGet(46)) - raft.grpc.flow.control.window = 5MB (=5242880) (custom)
2022-07-27 13:51:13,234 [Listener at 127.0.0.1/45285] INFO  server.RaftServerConfigKeys (ConfUtils.java:logGet(46)) - raft.server.rpc.request.timeout = 60s (custom)
2022-07-27 13:51:13,234 [Listener at 127.0.0.1/45285] INFO  grpc.GrpcConfigKeys (ConfUtils.java:logGet(46)) - raft.grpc.server.async.request.thread.pool.cached = true (default)
2022-07-27 13:51:13,234 [Listener at 127.0.0.1/45285] INFO  grpc.GrpcConfigKeys (ConfUtils.java:logGet(46)) - raft.grpc.server.async.request.thread.pool.size = 32 (default)
2022-07-27 13:51:13,257 [Listener at 127.0.0.1/45285] INFO  impl.DataStreamServerImpl (ConfUtils.java:logGet(46)) - raft.datastream.type = DISABLED (default)
2022-07-27 13:51:13,257 [Listener at 127.0.0.1/45285] INFO  server.RaftServerConfigKeys (ConfUtils.java:logGet(46)) - raft.server.threadpool.proxy.cached = true (default)
2022-07-27 13:51:13,257 [Listener at 127.0.0.1/45285] INFO  server.RaftServerConfigKeys (ConfUtils.java:logGet(46)) - raft.server.threadpool.proxy.size = 0 (default)
2022-07-27 13:51:13,257 [Listener at 127.0.0.1/45285] INFO  server.RaftServerConfigKeys (ConfUtils.java:logGet(46)) - raft.server.rpc.slowness.timeout = 300s (custom)
2022-07-27 13:51:13,257 [Listener at 127.0.0.1/45285] INFO  server.RaftServerConfigKeys (ConfUtils.java:logGet(46)) - raft.server.leaderelection.leader.step-down.wait-time = 10s (default)
2022-07-27 13:51:13,257 [Listener at 127.0.0.1/45285] INFO  server.RaftServerConfigKeys (ConfUtils.java:logGet(46)) - raft.server.storage.dir = [/home/runner/work/ozone/ozone/hadoop-ozone/integration-test/target/test-dir/MiniOzoneClusterImpl-e3e01987-94f8-4a87-8a0d-2583aef5e8b1/datanode-1/data/ratis] (custom)
2022-07-27 13:51:13,272 [Listener at 127.0.0.1/45285] INFO  server.XceiverServerGrpc (XceiverServerGrpc.java:<init>(132)) - GrpcServer channel type EpollServerSocketChannel
2022-07-27 13:51:13,306 [Listener at 127.0.0.1/45285] INFO  http.BaseHttpServer (BaseHttpServer.java:newHttpServer2BuilderForOzone(209)) - Starting Web-server for hddsDatanode at: http://0.0.0.0:0
2022-07-27 13:51:13,306 [Listener at 127.0.0.1/45285] INFO  http.BaseHttpServer (BaseHttpServer.java:<init>(107)) - Hadoop Security Enabled: false Ozone Security Enabled: false Ozone HTTP Security Enabled: false 
2022-07-27 13:51:13,308 [Listener at 127.0.0.1/45285] INFO  server.AuthenticationFilter (AuthenticationFilter.java:constructSecretProvider(240)) - Unable to initialize FileSignerSecretProvider, falling back to use random secrets.
2022-07-27 13:51:13,329 [Listener at 127.0.0.1/45285] WARN  http.HttpRequestLog (HttpRequestLog.java:getRequestLog(103)) - Jetty request log can only be enabled using Log4j
2022-07-27 13:51:13,331 [Listener at 127.0.0.1/45285] INFO  http.HttpServer2 (HttpServer2.java:addGlobalFilter(1029)) - Added global filter 'safety' (class=org.apache.hadoop.hdds.server.http.HttpServer2$QuotingInputFilter)
2022-07-27 13:51:13,332 [Listener at 127.0.0.1/45285] INFO  http.HttpServer2 (HttpServer2.java:addFilter(1005)) - Added filter static_user_filter (class=org.apache.hadoop.http.lib.StaticUserWebFilter$StaticUserFilter) to context hddsDatanode
2022-07-27 13:51:13,332 [Listener at 127.0.0.1/45285] INFO  http.HttpServer2 (HttpServer2.java:addFilter(1013)) - Added filter static_user_filter (class=org.apache.hadoop.http.lib.StaticUserWebFilter$StaticUserFilter) to context static
2022-07-27 13:51:13,332 [Listener at 127.0.0.1/45285] INFO  http.HttpServer2 (HttpServer2.java:addFilter(1013)) - Added filter static_user_filter (class=org.apache.hadoop.http.lib.StaticUserWebFilter$StaticUserFilter) to context logs
2022-07-27 13:51:13,333 [Listener at 127.0.0.1/45285] INFO  http.HttpServer2 (HttpServer2.java:bindListener(1248)) - Jetty bound to port 33695
2022-07-27 13:51:13,333 [Listener at 127.0.0.1/45285] INFO  server.Server (Server.java:doStart(375)) - jetty-9.4.43.v20210629; built: 2021-06-30T11:07:22.254Z; git: 526006ecfa3af7f1a27ef3a288e2bef7ea9dd7e8; jvm 1.8.0_332-b09
2022-07-27 13:51:13,334 [Listener at 127.0.0.1/45285] INFO  server.session (DefaultSessionIdManager.java:doStart(334)) - DefaultSessionIdManager workerName=node0
2022-07-27 13:51:13,334 [Listener at 127.0.0.1/45285] INFO  server.session (DefaultSessionIdManager.java:doStart(339)) - No SessionScavenger set, using defaults
2022-07-27 13:51:13,334 [Listener at 127.0.0.1/45285] INFO  server.session (HouseKeeper.java:startScavenging(132)) - node0 Scavenging every 660000ms
2022-07-27 13:51:13,335 [Listener at 127.0.0.1/45285] INFO  handler.ContextHandler (ContextHandler.java:doStart(915)) - Started o.e.j.s.ServletContextHandler@74502b2f{logs,/logs,file:///home/runner/work/ozone/ozone/hadoop-ozone/integration-test/target/log,AVAILABLE}
2022-07-27 13:51:13,335 [Listener at 127.0.0.1/45285] INFO  handler.ContextHandler (ContextHandler.java:doStart(915)) - Started o.e.j.s.ServletContextHandler@31b10b12{static,/static,jar:file:/home/runner/.m2/repository/org/apache/ozone/hdds-container-service/1.3.0-SNAPSHOT/hdds-container-service-1.3.0-SNAPSHOT.jar!/webapps/static,AVAILABLE}
2022-07-27 13:51:13,671 [Listener at 127.0.0.1/45285] INFO  handler.ContextHandler (ContextHandler.java:doStart(915)) - Started o.e.j.w.WebAppContext@2e7ea527{hddsDatanode,/,file:///tmp/jetty-0_0_0_0-33695-hdds-container-service-1_3_0-SNAPSHOT_jar-_-any-5416960542586282819/webapp/,AVAILABLE}{jar:file:/home/runner/.m2/repository/org/apache/ozone/hdds-container-service/1.3.0-SNAPSHOT/hdds-container-service-1.3.0-SNAPSHOT.jar!/webapps/hddsDatanode}
2022-07-27 13:51:13,675 [Listener at 127.0.0.1/45285] INFO  server.AbstractConnector (AbstractConnector.java:doStart(331)) - Started ServerConnector@57a4c9df{HTTP/1.1, (http/1.1)}{0.0.0.0:33695}
2022-07-27 13:51:13,676 [Listener at 127.0.0.1/45285] INFO  server.Server (Server.java:doStart(415)) - Started @139238ms
2022-07-27 13:51:13,676 [Listener at 127.0.0.1/45285] WARN  impl.MetricsSystemImpl (MetricsSystemImpl.java:register(279)) - Sink prometheus already exists!
2022-07-27 13:51:13,676 [Listener at 127.0.0.1/45285] INFO  http.BaseHttpServer (BaseHttpServer.java:updateConnectorAddress(329)) - HTTP server of hddsDatanode listening at http://0.0.0.0:33695
2022-07-27 13:51:13,683 [Listener at 127.0.0.1/45285] INFO  impl.MetricsSystemImpl (MetricsSystemImpl.java:init(158)) - HddsDatanode metrics system started (again)
2022-07-27 13:51:13,701 [Datanode State Machine Daemon Thread] INFO  statemachine.DatanodeStateMachine (DatanodeStateMachine.java:lambda$startDaemon$0(492)) - Ozone container server started.
2022-07-27 13:51:13,722 [Listener at 127.0.0.1/45285] INFO  ozone.HddsDatanodeService (HddsDatanodeService.java:start(236)) - HddsDatanodeService host:fv-az217-261.5fhmivlnczbevhjmk01nzrxweh.bx.internal.cloudapp.net ip:10.1.0.21
2022-07-27 13:51:13,723 [org.apache.hadoop.util.JvmPauseMonitor$Monitor@365515b8] INFO  util.JvmPauseMonitor (JvmPauseMonitor.java:run(188)) - Starting JVM pause monitor
2022-07-27 13:51:13,730 [Datanode State Machine Task Thread - 0] INFO  datanode.InitDatanodeState (InitDatanodeState.java:persistContainerDatanodeDetails(138)) - DatanodeDetails is persisted to /home/runner/work/ozone/ozone/hadoop-ozone/integration-test/target/test-dir/MiniOzoneClusterImpl-e3e01987-94f8-4a87-8a0d-2583aef5e8b1/datanode-1/meta/datanode.id
2022-07-27 13:51:13,756 [Listener at 127.0.0.1/45285] INFO  upgrade.AbstractLayoutVersionManager (AbstractLayoutVersionManager.java:init(83)) - Initializing Layout version manager with metadata layout = DATANODE_SCHEMA_V3 (version = 4), software layout = DATANODE_SCHEMA_V3 (version = 4)
2022-07-27 13:51:13,826 [Listener at 127.0.0.1/45285] INFO  reflections.Reflections (Reflections.java:scan(232)) - Reflections took 69 ms to scan 7 urls, producing 132 keys and 321 values 
2022-07-27 13:51:13,870 [Listener at 127.0.0.1/45285] INFO  statemachine.DatanodeStateMachine (DatanodeStateMachine.java:getEndPointTaskThreadPoolSize(237)) - Datanode State Machine Task Thread Pool size 2
2022-07-27 13:51:13,876 [Listener at 127.0.0.1/45285] INFO  volume.HddsVolume (HddsVolume.java:<init>(116)) - Creating HddsVolume: /home/runner/work/ozone/ozone/hadoop-ozone/integration-test/target/test-dir/MiniOzoneClusterImpl-e3e01987-94f8-4a87-8a0d-2583aef5e8b1/datanode-2/data-0/containers/hdds of storage type : DISK capacity : 9223372036854775807
2022-07-27 13:51:13,877 [Listener at 127.0.0.1/45285] INFO  volume.MutableVolumeSet (MutableVolumeSet.java:initializeVolumeSet(174)) - Added Volume : /home/runner/work/ozone/ozone/hadoop-ozone/integration-test/target/test-dir/MiniOzoneClusterImpl-e3e01987-94f8-4a87-8a0d-2583aef5e8b1/datanode-2/data-0/containers/hdds to VolumeSet
2022-07-27 13:51:13,877 [Listener at 127.0.0.1/45285] INFO  volume.ThrottledAsyncChecker (ThrottledAsyncChecker.java:schedule(141)) - Scheduling a check for /home/runner/work/ozone/ozone/hadoop-ozone/integration-test/target/test-dir/MiniOzoneClusterImpl-e3e01987-94f8-4a87-8a0d-2583aef5e8b1/datanode-2/data-0/containers/hdds
2022-07-27 13:51:13,891 [Listener at 127.0.0.1/45285] INFO  volume.StorageVolumeChecker (StorageVolumeChecker.java:checkAllVolumes(202)) - Scheduled health check for volume /home/runner/work/ozone/ozone/hadoop-ozone/integration-test/target/test-dir/MiniOzoneClusterImpl-e3e01987-94f8-4a87-8a0d-2583aef5e8b1/datanode-2/data-0/containers/hdds
2022-07-27 13:51:13,913 [Listener at 127.0.0.1/45285] INFO  volume.MutableVolumeSet (MutableVolumeSet.java:initializeVolumeSet(174)) - Added Volume : /home/runner/work/ozone/ozone/hadoop-ozone/integration-test/target/test-dir/MiniOzoneClusterImpl-e3e01987-94f8-4a87-8a0d-2583aef5e8b1/datanode-2/data/ratis to VolumeSet
2022-07-27 13:51:13,914 [Listener at 127.0.0.1/45285] INFO  volume.ThrottledAsyncChecker (ThrottledAsyncChecker.java:schedule(141)) - Scheduling a check for /home/runner/work/ozone/ozone/hadoop-ozone/integration-test/target/test-dir/MiniOzoneClusterImpl-e3e01987-94f8-4a87-8a0d-2583aef5e8b1/datanode-2/data/ratis
2022-07-27 13:51:13,914 [Listener at 127.0.0.1/45285] INFO  volume.StorageVolumeChecker (StorageVolumeChecker.java:checkAllVolumes(202)) - Scheduled health check for volume /home/runner/work/ozone/ozone/hadoop-ozone/integration-test/target/test-dir/MiniOzoneClusterImpl-e3e01987-94f8-4a87-8a0d-2583aef5e8b1/datanode-2/data/ratis
2022-07-27 13:51:13,934 [Thread-1150] INFO  ozoneimpl.ContainerReader (ContainerReader.java:readVolume(175)) - Finish verifying containers on volume /home/runner/work/ozone/ozone/hadoop-ozone/integration-test/target/test-dir/MiniOzoneClusterImpl-e3e01987-94f8-4a87-8a0d-2583aef5e8b1/datanode-2/data-0/containers/hdds
2022-07-27 13:51:13,934 [Listener at 127.0.0.1/45285] INFO  ozoneimpl.OzoneContainer (OzoneContainer.java:buildContainerSet(299)) - Build ContainerSet costs 0s
2022-07-27 13:51:13,936 [Listener at 127.0.0.1/45285] INFO  server.RaftServer (ConfUtils.java:logGet(46)) - raft.rpc.type = GRPC (default)
2022-07-27 13:51:13,936 [Listener at 127.0.0.1/45285] INFO  grpc.GrpcFactory (GrpcFactory.java:checkPooledByteBufAllocatorUseCacheForAllThreads(48)) - PERFORMANCE WARNING: useCacheForAllThreads is true that may cause Netty to create a lot garbage objects and, as a result, trigger GC.
	It is recommended to disable useCacheForAllThreads by setting -Dorg.apache.ratis.thirdparty.io.netty.allocator.useCacheForAllThreads=false in command line.
2022-07-27 13:51:13,936 [Listener at 127.0.0.1/45285] INFO  grpc.GrpcConfigKeys (ConfUtils.java:logGet(46)) - raft.grpc.admin.port = 0 (custom)
2022-07-27 13:51:13,936 [Listener at 127.0.0.1/45285] INFO  grpc.GrpcConfigKeys (ConfUtils.java:logGet(46)) - raft.grpc.client.port = 0 (custom)
2022-07-27 13:51:13,936 [Listener at 127.0.0.1/45285] INFO  grpc.GrpcConfigKeys (ConfUtils.java:logGet(46)) - raft.grpc.server.port = 0 (default)
2022-07-27 13:51:13,937 [Listener at 127.0.0.1/45285] INFO  server.GrpcService (ConfUtils.java:logGet(46)) - raft.grpc.message.size.max = 32MB (=33554432) (custom)
2022-07-27 13:51:13,937 [Listener at 127.0.0.1/45285] INFO  server.RaftServerConfigKeys (ConfUtils.java:logGet(46)) - raft.server.log.appender.buffer.byte-limit = 33554432 (custom)
2022-07-27 13:51:13,937 [Listener at 127.0.0.1/45285] INFO  server.GrpcService (ConfUtils.java:logGet(46)) - raft.grpc.flow.control.window = 5MB (=5242880) (custom)
2022-07-27 13:51:13,937 [Listener at 127.0.0.1/45285] INFO  server.RaftServerConfigKeys (ConfUtils.java:logGet(46)) - raft.server.rpc.request.timeout = 60s (custom)
2022-07-27 13:51:13,937 [Listener at 127.0.0.1/45285] INFO  grpc.GrpcConfigKeys (ConfUtils.java:logGet(46)) - raft.grpc.server.async.request.thread.pool.cached = true (default)
2022-07-27 13:51:13,937 [Listener at 127.0.0.1/45285] INFO  grpc.GrpcConfigKeys (ConfUtils.java:logGet(46)) - raft.grpc.server.async.request.thread.pool.size = 32 (default)
2022-07-27 13:51:13,938 [Listener at 127.0.0.1/45285] INFO  impl.DataStreamServerImpl (ConfUtils.java:logGet(46)) - raft.datastream.type = DISABLED (default)
2022-07-27 13:51:13,938 [Listener at 127.0.0.1/45285] INFO  server.RaftServerConfigKeys (ConfUtils.java:logGet(46)) - raft.server.threadpool.proxy.cached = true (default)
2022-07-27 13:51:13,938 [Listener at 127.0.0.1/45285] INFO  server.RaftServerConfigKeys (ConfUtils.java:logGet(46)) - raft.server.threadpool.proxy.size = 0 (default)
2022-07-27 13:51:13,939 [Listener at 127.0.0.1/45285] INFO  server.RaftServerConfigKeys (ConfUtils.java:logGet(46)) - raft.server.rpc.slowness.timeout = 300s (custom)
2022-07-27 13:51:13,939 [Listener at 127.0.0.1/45285] INFO  server.RaftServerConfigKeys (ConfUtils.java:logGet(46)) - raft.server.leaderelection.leader.step-down.wait-time = 10s (default)
2022-07-27 13:51:13,939 [Listener at 127.0.0.1/45285] INFO  server.RaftServerConfigKeys (ConfUtils.java:logGet(46)) - raft.server.storage.dir = [/home/runner/work/ozone/ozone/hadoop-ozone/integration-test/target/test-dir/MiniOzoneClusterImpl-e3e01987-94f8-4a87-8a0d-2583aef5e8b1/datanode-2/data/ratis] (custom)
2022-07-27 13:51:13,942 [Listener at 127.0.0.1/45285] INFO  server.XceiverServerGrpc (XceiverServerGrpc.java:<init>(132)) - GrpcServer channel type EpollServerSocketChannel
2022-07-27 13:51:13,951 [Listener at 127.0.0.1/45285] INFO  http.BaseHttpServer (BaseHttpServer.java:newHttpServer2BuilderForOzone(209)) - Starting Web-server for hddsDatanode at: http://0.0.0.0:0
2022-07-27 13:51:13,951 [Listener at 127.0.0.1/45285] INFO  http.BaseHttpServer (BaseHttpServer.java:<init>(107)) - Hadoop Security Enabled: false Ozone Security Enabled: false Ozone HTTP Security Enabled: false 
2022-07-27 13:51:13,956 [Listener at 127.0.0.1/45285] INFO  server.AuthenticationFilter (AuthenticationFilter.java:constructSecretProvider(240)) - Unable to initialize FileSignerSecretProvider, falling back to use random secrets.
2022-07-27 13:51:13,976 [Listener at 127.0.0.1/45285] WARN  http.HttpRequestLog (HttpRequestLog.java:getRequestLog(103)) - Jetty request log can only be enabled using Log4j
2022-07-27 13:51:13,977 [Listener at 127.0.0.1/45285] INFO  http.HttpServer2 (HttpServer2.java:addGlobalFilter(1029)) - Added global filter 'safety' (class=org.apache.hadoop.hdds.server.http.HttpServer2$QuotingInputFilter)
2022-07-27 13:51:13,978 [Listener at 127.0.0.1/45285] INFO  http.HttpServer2 (HttpServer2.java:addFilter(1005)) - Added filter static_user_filter (class=org.apache.hadoop.http.lib.StaticUserWebFilter$StaticUserFilter) to context hddsDatanode
2022-07-27 13:51:13,978 [Listener at 127.0.0.1/45285] INFO  http.HttpServer2 (HttpServer2.java:addFilter(1013)) - Added filter static_user_filter (class=org.apache.hadoop.http.lib.StaticUserWebFilter$StaticUserFilter) to context logs
2022-07-27 13:51:13,978 [Listener at 127.0.0.1/45285] INFO  http.HttpServer2 (HttpServer2.java:addFilter(1013)) - Added filter static_user_filter (class=org.apache.hadoop.http.lib.StaticUserWebFilter$StaticUserFilter) to context static
2022-07-27 13:51:13,978 [Listener at 127.0.0.1/45285] INFO  http.HttpServer2 (HttpServer2.java:bindListener(1248)) - Jetty bound to port 32983
2022-07-27 13:51:13,979 [Listener at 127.0.0.1/45285] INFO  server.Server (Server.java:doStart(375)) - jetty-9.4.43.v20210629; built: 2021-06-30T11:07:22.254Z; git: 526006ecfa3af7f1a27ef3a288e2bef7ea9dd7e8; jvm 1.8.0_332-b09
2022-07-27 13:51:13,993 [Listener at 127.0.0.1/45285] INFO  server.session (DefaultSessionIdManager.java:doStart(334)) - DefaultSessionIdManager workerName=node0
2022-07-27 13:51:13,993 [Listener at 127.0.0.1/45285] INFO  server.session (DefaultSessionIdManager.java:doStart(339)) - No SessionScavenger set, using defaults
2022-07-27 13:51:13,994 [Listener at 127.0.0.1/45285] INFO  server.session (HouseKeeper.java:startScavenging(132)) - node0 Scavenging every 660000ms
2022-07-27 13:51:13,995 [Listener at 127.0.0.1/45285] INFO  handler.ContextHandler (ContextHandler.java:doStart(915)) - Started o.e.j.s.ServletContextHandler@1ac12253{logs,/logs,file:///home/runner/work/ozone/ozone/hadoop-ozone/integration-test/target/log,AVAILABLE}
2022-07-27 13:51:13,996 [Listener at 127.0.0.1/45285] INFO  handler.ContextHandler (ContextHandler.java:doStart(915)) - Started o.e.j.s.ServletContextHandler@510d09e2{static,/static,jar:file:/home/runner/.m2/repository/org/apache/ozone/hdds-container-service/1.3.0-SNAPSHOT/hdds-container-service-1.3.0-SNAPSHOT.jar!/webapps/static,AVAILABLE}
2022-07-27 13:51:14,397 [Listener at 127.0.0.1/45285] INFO  handler.ContextHandler (ContextHandler.java:doStart(915)) - Started o.e.j.w.WebAppContext@6e746639{hddsDatanode,/,file:///tmp/jetty-0_0_0_0-32983-hdds-container-service-1_3_0-SNAPSHOT_jar-_-any-7321681864913062874/webapp/,AVAILABLE}{jar:file:/home/runner/.m2/repository/org/apache/ozone/hdds-container-service/1.3.0-SNAPSHOT/hdds-container-service-1.3.0-SNAPSHOT.jar!/webapps/hddsDatanode}
2022-07-27 13:51:14,399 [Listener at 127.0.0.1/45285] INFO  server.AbstractConnector (AbstractConnector.java:doStart(331)) - Started ServerConnector@4e98bd7{HTTP/1.1, (http/1.1)}{0.0.0.0:32983}
2022-07-27 13:51:14,399 [Listener at 127.0.0.1/45285] INFO  server.Server (Server.java:doStart(415)) - Started @139962ms
2022-07-27 13:51:14,399 [Listener at 127.0.0.1/45285] WARN  impl.MetricsSystemImpl (MetricsSystemImpl.java:register(279)) - Sink prometheus already exists!
2022-07-27 13:51:14,400 [Listener at 127.0.0.1/45285] INFO  http.BaseHttpServer (BaseHttpServer.java:updateConnectorAddress(329)) - HTTP server of hddsDatanode listening at http://0.0.0.0:32983
2022-07-27 13:51:14,400 [Listener at 127.0.0.1/45285] INFO  impl.MetricsSystemImpl (MetricsSystemImpl.java:init(158)) - HddsDatanode metrics system started (again)
2022-07-27 13:51:14,407 [Datanode State Machine Daemon Thread] INFO  statemachine.DatanodeStateMachine (DatanodeStateMachine.java:lambda$startDaemon$0(492)) - Ozone container server started.
2022-07-27 13:51:14,430 [Listener at 127.0.0.1/45285] INFO  ozone.HddsDatanodeService (HddsDatanodeService.java:start(236)) - HddsDatanodeService host:fv-az217-261.5fhmivlnczbevhjmk01nzrxweh.bx.internal.cloudapp.net ip:10.1.0.21
2022-07-27 13:51:14,471 [org.apache.hadoop.util.JvmPauseMonitor$Monitor@5efdabae] INFO  util.JvmPauseMonitor (JvmPauseMonitor.java:run(188)) - Starting JVM pause monitor
2022-07-27 13:51:14,472 [Datanode State Machine Task Thread - 0] INFO  datanode.InitDatanodeState (InitDatanodeState.java:persistContainerDatanodeDetails(138)) - DatanodeDetails is persisted to /home/runner/work/ozone/ozone/hadoop-ozone/integration-test/target/test-dir/MiniOzoneClusterImpl-e3e01987-94f8-4a87-8a0d-2583aef5e8b1/datanode-2/meta/datanode.id
2022-07-27 13:51:14,506 [Listener at 127.0.0.1/45285] INFO  upgrade.AbstractLayoutVersionManager (AbstractLayoutVersionManager.java:init(83)) - Initializing Layout version manager with metadata layout = DATANODE_SCHEMA_V3 (version = 4), software layout = DATANODE_SCHEMA_V3 (version = 4)
2022-07-27 13:51:14,604 [Listener at 127.0.0.1/45285] INFO  reflections.Reflections (Reflections.java:scan(232)) - Reflections took 97 ms to scan 7 urls, producing 132 keys and 321 values 
2022-07-27 13:51:14,606 [Listener at 127.0.0.1/45285] INFO  statemachine.DatanodeStateMachine (DatanodeStateMachine.java:getEndPointTaskThreadPoolSize(237)) - Datanode State Machine Task Thread Pool size 2
2022-07-27 13:51:14,632 [Listener at 127.0.0.1/45285] INFO  volume.HddsVolume (HddsVolume.java:<init>(116)) - Creating HddsVolume: /home/runner/work/ozone/ozone/hadoop-ozone/integration-test/target/test-dir/MiniOzoneClusterImpl-e3e01987-94f8-4a87-8a0d-2583aef5e8b1/datanode-3/data-0/containers/hdds of storage type : DISK capacity : 9223372036854775807
2022-07-27 13:51:14,633 [Listener at 127.0.0.1/45285] INFO  volume.MutableVolumeSet (MutableVolumeSet.java:initializeVolumeSet(174)) - Added Volume : /home/runner/work/ozone/ozone/hadoop-ozone/integration-test/target/test-dir/MiniOzoneClusterImpl-e3e01987-94f8-4a87-8a0d-2583aef5e8b1/datanode-3/data-0/containers/hdds to VolumeSet
2022-07-27 13:51:14,633 [Listener at 127.0.0.1/45285] INFO  volume.ThrottledAsyncChecker (ThrottledAsyncChecker.java:schedule(141)) - Scheduling a check for /home/runner/work/ozone/ozone/hadoop-ozone/integration-test/target/test-dir/MiniOzoneClusterImpl-e3e01987-94f8-4a87-8a0d-2583aef5e8b1/datanode-3/data-0/containers/hdds
2022-07-27 13:51:14,647 [Listener at 127.0.0.1/45285] INFO  volume.StorageVolumeChecker (StorageVolumeChecker.java:checkAllVolumes(202)) - Scheduled health check for volume /home/runner/work/ozone/ozone/hadoop-ozone/integration-test/target/test-dir/MiniOzoneClusterImpl-e3e01987-94f8-4a87-8a0d-2583aef5e8b1/datanode-3/data-0/containers/hdds
2022-07-27 13:51:14,671 [Listener at 127.0.0.1/45285] INFO  volume.MutableVolumeSet (MutableVolumeSet.java:initializeVolumeSet(174)) - Added Volume : /home/runner/work/ozone/ozone/hadoop-ozone/integration-test/target/test-dir/MiniOzoneClusterImpl-e3e01987-94f8-4a87-8a0d-2583aef5e8b1/datanode-3/data/ratis to VolumeSet
2022-07-27 13:51:14,695 [Listener at 127.0.0.1/45285] INFO  volume.ThrottledAsyncChecker (ThrottledAsyncChecker.java:schedule(141)) - Scheduling a check for /home/runner/work/ozone/ozone/hadoop-ozone/integration-test/target/test-dir/MiniOzoneClusterImpl-e3e01987-94f8-4a87-8a0d-2583aef5e8b1/datanode-3/data/ratis
2022-07-27 13:51:14,695 [Listener at 127.0.0.1/45285] INFO  volume.StorageVolumeChecker (StorageVolumeChecker.java:checkAllVolumes(202)) - Scheduled health check for volume /home/runner/work/ozone/ozone/hadoop-ozone/integration-test/target/test-dir/MiniOzoneClusterImpl-e3e01987-94f8-4a87-8a0d-2583aef5e8b1/datanode-3/data/ratis
2022-07-27 13:51:14,770 [Thread-1163] INFO  ozoneimpl.ContainerReader (ContainerReader.java:readVolume(175)) - Finish verifying containers on volume /home/runner/work/ozone/ozone/hadoop-ozone/integration-test/target/test-dir/MiniOzoneClusterImpl-e3e01987-94f8-4a87-8a0d-2583aef5e8b1/datanode-3/data-0/containers/hdds
2022-07-27 13:51:14,770 [Listener at 127.0.0.1/45285] INFO  ozoneimpl.OzoneContainer (OzoneContainer.java:buildContainerSet(299)) - Build ContainerSet costs 0s
2022-07-27 13:51:14,772 [Listener at 127.0.0.1/45285] INFO  server.RaftServer (ConfUtils.java:logGet(46)) - raft.rpc.type = GRPC (default)
2022-07-27 13:51:14,773 [Listener at 127.0.0.1/45285] INFO  grpc.GrpcFactory (GrpcFactory.java:checkPooledByteBufAllocatorUseCacheForAllThreads(48)) - PERFORMANCE WARNING: useCacheForAllThreads is true that may cause Netty to create a lot garbage objects and, as a result, trigger GC.
	It is recommended to disable useCacheForAllThreads by setting -Dorg.apache.ratis.thirdparty.io.netty.allocator.useCacheForAllThreads=false in command line.
2022-07-27 13:51:14,773 [Listener at 127.0.0.1/45285] INFO  grpc.GrpcConfigKeys (ConfUtils.java:logGet(46)) - raft.grpc.admin.port = 0 (custom)
2022-07-27 13:51:14,773 [Listener at 127.0.0.1/45285] INFO  grpc.GrpcConfigKeys (ConfUtils.java:logGet(46)) - raft.grpc.client.port = 0 (custom)
2022-07-27 13:51:14,773 [Listener at 127.0.0.1/45285] INFO  grpc.GrpcConfigKeys (ConfUtils.java:logGet(46)) - raft.grpc.server.port = 0 (default)
2022-07-27 13:51:14,773 [Listener at 127.0.0.1/45285] INFO  server.GrpcService (ConfUtils.java:logGet(46)) - raft.grpc.message.size.max = 32MB (=33554432) (custom)
2022-07-27 13:51:14,773 [Listener at 127.0.0.1/45285] INFO  server.RaftServerConfigKeys (ConfUtils.java:logGet(46)) - raft.server.log.appender.buffer.byte-limit = 33554432 (custom)
2022-07-27 13:51:14,773 [Listener at 127.0.0.1/45285] INFO  server.GrpcService (ConfUtils.java:logGet(46)) - raft.grpc.flow.control.window = 5MB (=5242880) (custom)
2022-07-27 13:51:14,773 [Listener at 127.0.0.1/45285] INFO  server.RaftServerConfigKeys (ConfUtils.java:logGet(46)) - raft.server.rpc.request.timeout = 60s (custom)
2022-07-27 13:51:14,773 [Listener at 127.0.0.1/45285] INFO  grpc.GrpcConfigKeys (ConfUtils.java:logGet(46)) - raft.grpc.server.async.request.thread.pool.cached = true (default)
2022-07-27 13:51:14,773 [Listener at 127.0.0.1/45285] INFO  grpc.GrpcConfigKeys (ConfUtils.java:logGet(46)) - raft.grpc.server.async.request.thread.pool.size = 32 (default)
2022-07-27 13:51:14,775 [Listener at 127.0.0.1/45285] INFO  impl.DataStreamServerImpl (ConfUtils.java:logGet(46)) - raft.datastream.type = DISABLED (default)
2022-07-27 13:51:14,778 [Listener at 127.0.0.1/45285] INFO  server.RaftServerConfigKeys (ConfUtils.java:logGet(46)) - raft.server.threadpool.proxy.cached = true (default)
2022-07-27 13:51:14,778 [Listener at 127.0.0.1/45285] INFO  server.RaftServerConfigKeys (ConfUtils.java:logGet(46)) - raft.server.threadpool.proxy.size = 0 (default)
2022-07-27 13:51:14,778 [Listener at 127.0.0.1/45285] INFO  server.RaftServerConfigKeys (ConfUtils.java:logGet(46)) - raft.server.rpc.slowness.timeout = 300s (custom)
2022-07-27 13:51:14,778 [Listener at 127.0.0.1/45285] INFO  server.RaftServerConfigKeys (ConfUtils.java:logGet(46)) - raft.server.leaderelection.leader.step-down.wait-time = 10s (default)
2022-07-27 13:51:14,778 [Listener at 127.0.0.1/45285] INFO  server.RaftServerConfigKeys (ConfUtils.java:logGet(46)) - raft.server.storage.dir = [/home/runner/work/ozone/ozone/hadoop-ozone/integration-test/target/test-dir/MiniOzoneClusterImpl-e3e01987-94f8-4a87-8a0d-2583aef5e8b1/datanode-3/data/ratis] (custom)
2022-07-27 13:51:14,780 [Listener at 127.0.0.1/45285] INFO  server.XceiverServerGrpc (XceiverServerGrpc.java:<init>(132)) - GrpcServer channel type EpollServerSocketChannel
2022-07-27 13:51:14,784 [Listener at 127.0.0.1/45285] INFO  http.BaseHttpServer (BaseHttpServer.java:newHttpServer2BuilderForOzone(209)) - Starting Web-server for hddsDatanode at: http://0.0.0.0:0
2022-07-27 13:51:14,784 [Listener at 127.0.0.1/45285] INFO  http.BaseHttpServer (BaseHttpServer.java:<init>(107)) - Hadoop Security Enabled: false Ozone Security Enabled: false Ozone HTTP Security Enabled: false 
2022-07-27 13:51:14,785 [Listener at 127.0.0.1/45285] INFO  server.AuthenticationFilter (AuthenticationFilter.java:constructSecretProvider(240)) - Unable to initialize FileSignerSecretProvider, falling back to use random secrets.
2022-07-27 13:51:14,786 [Listener at 127.0.0.1/45285] WARN  http.HttpRequestLog (HttpRequestLog.java:getRequestLog(103)) - Jetty request log can only be enabled using Log4j
2022-07-27 13:51:14,787 [Listener at 127.0.0.1/45285] INFO  http.HttpServer2 (HttpServer2.java:addGlobalFilter(1029)) - Added global filter 'safety' (class=org.apache.hadoop.hdds.server.http.HttpServer2$QuotingInputFilter)
2022-07-27 13:51:14,787 [Listener at 127.0.0.1/45285] INFO  http.HttpServer2 (HttpServer2.java:addFilter(1005)) - Added filter static_user_filter (class=org.apache.hadoop.http.lib.StaticUserWebFilter$StaticUserFilter) to context hddsDatanode
2022-07-27 13:51:14,787 [Listener at 127.0.0.1/45285] INFO  http.HttpServer2 (HttpServer2.java:addFilter(1013)) - Added filter static_user_filter (class=org.apache.hadoop.http.lib.StaticUserWebFilter$StaticUserFilter) to context logs
2022-07-27 13:51:14,787 [Listener at 127.0.0.1/45285] INFO  http.HttpServer2 (HttpServer2.java:addFilter(1013)) - Added filter static_user_filter (class=org.apache.hadoop.http.lib.StaticUserWebFilter$StaticUserFilter) to context static
2022-07-27 13:51:14,788 [Listener at 127.0.0.1/45285] INFO  http.HttpServer2 (HttpServer2.java:bindListener(1248)) - Jetty bound to port 34459
2022-07-27 13:51:14,788 [Listener at 127.0.0.1/45285] INFO  server.Server (Server.java:doStart(375)) - jetty-9.4.43.v20210629; built: 2021-06-30T11:07:22.254Z; git: 526006ecfa3af7f1a27ef3a288e2bef7ea9dd7e8; jvm 1.8.0_332-b09
2022-07-27 13:51:14,789 [Listener at 127.0.0.1/45285] INFO  server.session (DefaultSessionIdManager.java:doStart(334)) - DefaultSessionIdManager workerName=node0
2022-07-27 13:51:14,789 [Listener at 127.0.0.1/45285] INFO  server.session (DefaultSessionIdManager.java:doStart(339)) - No SessionScavenger set, using defaults
2022-07-27 13:51:14,789 [Listener at 127.0.0.1/45285] INFO  server.session (HouseKeeper.java:startScavenging(132)) - node0 Scavenging every 600000ms
2022-07-27 13:51:14,797 [Listener at 127.0.0.1/45285] INFO  handler.ContextHandler (ContextHandler.java:doStart(915)) - Started o.e.j.s.ServletContextHandler@525dc4ad{logs,/logs,file:///home/runner/work/ozone/ozone/hadoop-ozone/integration-test/target/log,AVAILABLE}
2022-07-27 13:51:14,797 [Listener at 127.0.0.1/45285] INFO  handler.ContextHandler (ContextHandler.java:doStart(915)) - Started o.e.j.s.ServletContextHandler@198270b8{static,/static,jar:file:/home/runner/.m2/repository/org/apache/ozone/hdds-container-service/1.3.0-SNAPSHOT/hdds-container-service-1.3.0-SNAPSHOT.jar!/webapps/static,AVAILABLE}
2022-07-27 13:51:15,123 [EndpointStateMachine task thread for /0.0.0.0:45457 - 0 ] INFO  volume.HddsVolume (HddsVolume.java:createDbStore(309)) - SchemaV3 db is created and loaded at /home/runner/work/ozone/ozone/hadoop-ozone/integration-test/target/test-dir/MiniOzoneClusterImpl-e3e01987-94f8-4a87-8a0d-2583aef5e8b1/datanode-0/data-0/containers/hdds/e3e01987-94f8-4a87-8a0d-2583aef5e8b1/DS-95bb3c1d-5982-4a0f-bdd5-33b7331d9606/container.db for volume DS-95bb3c1d-5982-4a0f-bdd5-33b7331d9606
2022-07-27 13:51:15,135 [EndpointStateMachine task thread for /0.0.0.0:45457 - 0 ] INFO  volume.HddsVolume (HddsVolume.java:closeDbStore(340)) - SchemaV3 db is stopped at /home/runner/work/ozone/ozone/hadoop-ozone/integration-test/target/test-dir/MiniOzoneClusterImpl-e3e01987-94f8-4a87-8a0d-2583aef5e8b1/datanode-0/data-0/containers/hdds/e3e01987-94f8-4a87-8a0d-2583aef5e8b1/DS-95bb3c1d-5982-4a0f-bdd5-33b7331d9606/container.db for volume DS-95bb3c1d-5982-4a0f-bdd5-33b7331d9606
2022-07-27 13:51:15,135 [EndpointStateMachine task thread for /0.0.0.0:45457 - 0 ] INFO  ozoneimpl.OzoneContainer (OzoneContainer.java:start(377)) - Attempting to start container services.
2022-07-27 13:51:15,136 [EndpointStateMachine task thread for /0.0.0.0:45457 - 0 ] INFO  ozoneimpl.OzoneContainer (OzoneContainer.java:startContainerScrub(312)) - Background container scanner has been disabled.
2022-07-27 13:51:15,151 [Listener at 127.0.0.1/45285] INFO  handler.ContextHandler (ContextHandler.java:doStart(915)) - Started o.e.j.w.WebAppContext@4c89f60b{hddsDatanode,/,file:///tmp/jetty-0_0_0_0-34459-hdds-container-service-1_3_0-SNAPSHOT_jar-_-any-5246590028727292033/webapp/,AVAILABLE}{jar:file:/home/runner/.m2/repository/org/apache/ozone/hdds-container-service/1.3.0-SNAPSHOT/hdds-container-service-1.3.0-SNAPSHOT.jar!/webapps/hddsDatanode}
2022-07-27 13:51:15,180 [Listener at 127.0.0.1/45285] INFO  server.AbstractConnector (AbstractConnector.java:doStart(331)) - Started ServerConnector@2fac813f{HTTP/1.1, (http/1.1)}{0.0.0.0:34459}
2022-07-27 13:51:15,180 [Listener at 127.0.0.1/45285] INFO  server.Server (Server.java:doStart(415)) - Started @140743ms
2022-07-27 13:51:15,181 [Listener at 127.0.0.1/45285] WARN  impl.MetricsSystemImpl (MetricsSystemImpl.java:register(279)) - Sink prometheus already exists!
2022-07-27 13:51:15,182 [Listener at 127.0.0.1/45285] INFO  http.BaseHttpServer (BaseHttpServer.java:updateConnectorAddress(329)) - HTTP server of hddsDatanode listening at http://0.0.0.0:34459
2022-07-27 13:51:15,183 [Listener at 127.0.0.1/45285] INFO  impl.MetricsSystemImpl (MetricsSystemImpl.java:init(158)) - HddsDatanode metrics system started (again)
2022-07-27 13:51:15,201 [Datanode State Machine Daemon Thread] INFO  statemachine.DatanodeStateMachine (DatanodeStateMachine.java:lambda$startDaemon$0(492)) - Ozone container server started.
2022-07-27 13:51:15,202 [Listener at 127.0.0.1/45285] INFO  ozone.HddsDatanodeService (HddsDatanodeService.java:start(236)) - HddsDatanodeService host:fv-az217-261.5fhmivlnczbevhjmk01nzrxweh.bx.internal.cloudapp.net ip:10.1.0.21
2022-07-27 13:51:15,215 [EndpointStateMachine task thread for /0.0.0.0:45457 - 0 ] INFO  replication.ReplicationServer (ReplicationServer.java:start(111)) - ReplicationServer is started using port 38815
2022-07-27 13:51:15,231 [EndpointStateMachine task thread for /0.0.0.0:45457 - 0 ] INFO  ratis.XceiverServerRatis (XceiverServerRatis.java:start(481)) - Starting XceiverServerRatis 32550fa0-9153-4d09-8fa0-706fd13e6797
2022-07-27 13:51:15,263 [Listener at 127.0.0.1/45285] INFO  upgrade.AbstractLayoutVersionManager (AbstractLayoutVersionManager.java:init(83)) - Initializing Layout version manager with metadata layout = DATANODE_SCHEMA_V3 (version = 4), software layout = DATANODE_SCHEMA_V3 (version = 4)
2022-07-27 13:51:15,264 [org.apache.hadoop.util.JvmPauseMonitor$Monitor@2e1941f6] INFO  util.JvmPauseMonitor (JvmPauseMonitor.java:run(188)) - Starting JVM pause monitor
2022-07-27 13:51:15,304 [Datanode State Machine Task Thread - 0] INFO  datanode.InitDatanodeState (InitDatanodeState.java:persistContainerDatanodeDetails(138)) - DatanodeDetails is persisted to /home/runner/work/ozone/ozone/hadoop-ozone/integration-test/target/test-dir/MiniOzoneClusterImpl-e3e01987-94f8-4a87-8a0d-2583aef5e8b1/datanode-3/meta/datanode.id
2022-07-27 13:51:15,362 [EndpointStateMachine task thread for /0.0.0.0:45457 - 0 ] INFO  server.RaftServer (RaftServerProxy.java:lambda$start$6(382)) - 32550fa0-9153-4d09-8fa0-706fd13e6797: start RPC server
2022-07-27 13:51:15,364 [EndpointStateMachine task thread for /0.0.0.0:45457 - 0 ] INFO  server.GrpcService (GrpcService.java:startImpl(260)) - 32550fa0-9153-4d09-8fa0-706fd13e6797: GrpcService started, listening on 42101
2022-07-27 13:51:15,365 [EndpointStateMachine task thread for /0.0.0.0:45457 - 0 ] INFO  ratis.XceiverServerRatis (XceiverServerRatis.java:getRealPort(502)) - XceiverServerRatis 32550fa0-9153-4d09-8fa0-706fd13e6797 is started using port 42101 for RATIS
2022-07-27 13:51:15,365 [EndpointStateMachine task thread for /0.0.0.0:45457 - 0 ] INFO  ratis.XceiverServerRatis (XceiverServerRatis.java:getRealPort(502)) - XceiverServerRatis 32550fa0-9153-4d09-8fa0-706fd13e6797 is started using port 42101 for RATIS_ADMIN
2022-07-27 13:51:15,365 [EndpointStateMachine task thread for /0.0.0.0:45457 - 0 ] INFO  ratis.XceiverServerRatis (XceiverServerRatis.java:getRealPort(502)) - XceiverServerRatis 32550fa0-9153-4d09-8fa0-706fd13e6797 is started using port 42101 for RATIS_SERVER
2022-07-27 13:51:15,365 [org.apache.ratis.util.JvmPauseMonitor$$Lambda$615/1136232276@71c4abb7] INFO  util.JvmPauseMonitor (JvmPauseMonitor.java:run(103)) - JvmPauseMonitor-32550fa0-9153-4d09-8fa0-706fd13e6797: Started
2022-07-27 13:51:15,426 [EndpointStateMachine task thread for /0.0.0.0:45457 - 0 ] INFO  server.XceiverServerGrpc (XceiverServerGrpc.java:start(180)) - XceiverServerGrpc 32550fa0-9153-4d09-8fa0-706fd13e6797 is started using port 33017
2022-07-27 13:51:15,442 [Listener at 127.0.0.1/45285] INFO  reflections.Reflections (Reflections.java:scan(232)) - Reflections took 173 ms to scan 7 urls, producing 132 keys and 321 values 
2022-07-27 13:51:15,448 [Listener at 127.0.0.1/45285] INFO  statemachine.DatanodeStateMachine (DatanodeStateMachine.java:getEndPointTaskThreadPoolSize(237)) - Datanode State Machine Task Thread Pool size 2
2022-07-27 13:51:15,449 [Listener at 127.0.0.1/45285] INFO  volume.HddsVolume (HddsVolume.java:<init>(116)) - Creating HddsVolume: /home/runner/work/ozone/ozone/hadoop-ozone/integration-test/target/test-dir/MiniOzoneClusterImpl-e3e01987-94f8-4a87-8a0d-2583aef5e8b1/datanode-4/data-0/containers/hdds of storage type : DISK capacity : 9223372036854775807
2022-07-27 13:51:15,449 [Listener at 127.0.0.1/45285] INFO  volume.MutableVolumeSet (MutableVolumeSet.java:initializeVolumeSet(174)) - Added Volume : /home/runner/work/ozone/ozone/hadoop-ozone/integration-test/target/test-dir/MiniOzoneClusterImpl-e3e01987-94f8-4a87-8a0d-2583aef5e8b1/datanode-4/data-0/containers/hdds to VolumeSet
2022-07-27 13:51:15,450 [Listener at 127.0.0.1/45285] INFO  volume.ThrottledAsyncChecker (ThrottledAsyncChecker.java:schedule(141)) - Scheduling a check for /home/runner/work/ozone/ozone/hadoop-ozone/integration-test/target/test-dir/MiniOzoneClusterImpl-e3e01987-94f8-4a87-8a0d-2583aef5e8b1/datanode-4/data-0/containers/hdds
2022-07-27 13:51:15,515 [Listener at 127.0.0.1/45285] INFO  volume.StorageVolumeChecker (StorageVolumeChecker.java:checkAllVolumes(202)) - Scheduled health check for volume /home/runner/work/ozone/ozone/hadoop-ozone/integration-test/target/test-dir/MiniOzoneClusterImpl-e3e01987-94f8-4a87-8a0d-2583aef5e8b1/datanode-4/data-0/containers/hdds
2022-07-27 13:51:15,543 [Listener at 127.0.0.1/45285] INFO  volume.MutableVolumeSet (MutableVolumeSet.java:initializeVolumeSet(174)) - Added Volume : /home/runner/work/ozone/ozone/hadoop-ozone/integration-test/target/test-dir/MiniOzoneClusterImpl-e3e01987-94f8-4a87-8a0d-2583aef5e8b1/datanode-4/data/ratis to VolumeSet
2022-07-27 13:51:15,558 [Listener at 127.0.0.1/45285] INFO  volume.ThrottledAsyncChecker (ThrottledAsyncChecker.java:schedule(141)) - Scheduling a check for /home/runner/work/ozone/ozone/hadoop-ozone/integration-test/target/test-dir/MiniOzoneClusterImpl-e3e01987-94f8-4a87-8a0d-2583aef5e8b1/datanode-4/data/ratis
2022-07-27 13:51:15,559 [Listener at 127.0.0.1/45285] INFO  volume.StorageVolumeChecker (StorageVolumeChecker.java:checkAllVolumes(202)) - Scheduled health check for volume /home/runner/work/ozone/ozone/hadoop-ozone/integration-test/target/test-dir/MiniOzoneClusterImpl-e3e01987-94f8-4a87-8a0d-2583aef5e8b1/datanode-4/data/ratis
2022-07-27 13:51:15,600 [Thread-1182] INFO  ozoneimpl.ContainerReader (ContainerReader.java:readVolume(175)) - Finish verifying containers on volume /home/runner/work/ozone/ozone/hadoop-ozone/integration-test/target/test-dir/MiniOzoneClusterImpl-e3e01987-94f8-4a87-8a0d-2583aef5e8b1/datanode-4/data-0/containers/hdds
2022-07-27 13:51:15,600 [Listener at 127.0.0.1/45285] INFO  ozoneimpl.OzoneContainer (OzoneContainer.java:buildContainerSet(299)) - Build ContainerSet costs 0s
2022-07-27 13:51:15,602 [Listener at 127.0.0.1/45285] INFO  server.RaftServer (ConfUtils.java:logGet(46)) - raft.rpc.type = GRPC (default)
2022-07-27 13:51:15,603 [Listener at 127.0.0.1/45285] INFO  grpc.GrpcFactory (GrpcFactory.java:checkPooledByteBufAllocatorUseCacheForAllThreads(48)) - PERFORMANCE WARNING: useCacheForAllThreads is true that may cause Netty to create a lot garbage objects and, as a result, trigger GC.
	It is recommended to disable useCacheForAllThreads by setting -Dorg.apache.ratis.thirdparty.io.netty.allocator.useCacheForAllThreads=false in command line.
2022-07-27 13:51:15,603 [Listener at 127.0.0.1/45285] INFO  grpc.GrpcConfigKeys (ConfUtils.java:logGet(46)) - raft.grpc.admin.port = 0 (custom)
2022-07-27 13:51:15,603 [Listener at 127.0.0.1/45285] INFO  grpc.GrpcConfigKeys (ConfUtils.java:logGet(46)) - raft.grpc.client.port = 0 (custom)
2022-07-27 13:51:15,603 [Listener at 127.0.0.1/45285] INFO  grpc.GrpcConfigKeys (ConfUtils.java:logGet(46)) - raft.grpc.server.port = 0 (default)
2022-07-27 13:51:15,603 [Listener at 127.0.0.1/45285] INFO  server.GrpcService (ConfUtils.java:logGet(46)) - raft.grpc.message.size.max = 32MB (=33554432) (custom)
2022-07-27 13:51:15,603 [Listener at 127.0.0.1/45285] INFO  server.RaftServerConfigKeys (ConfUtils.java:logGet(46)) - raft.server.log.appender.buffer.byte-limit = 33554432 (custom)
2022-07-27 13:51:15,603 [Listener at 127.0.0.1/45285] INFO  server.GrpcService (ConfUtils.java:logGet(46)) - raft.grpc.flow.control.window = 5MB (=5242880) (custom)
2022-07-27 13:51:15,603 [Listener at 127.0.0.1/45285] INFO  server.RaftServerConfigKeys (ConfUtils.java:logGet(46)) - raft.server.rpc.request.timeout = 60s (custom)
2022-07-27 13:51:15,603 [Listener at 127.0.0.1/45285] INFO  grpc.GrpcConfigKeys (ConfUtils.java:logGet(46)) - raft.grpc.server.async.request.thread.pool.cached = true (default)
2022-07-27 13:51:15,603 [Listener at 127.0.0.1/45285] INFO  grpc.GrpcConfigKeys (ConfUtils.java:logGet(46)) - raft.grpc.server.async.request.thread.pool.size = 32 (default)
2022-07-27 13:51:15,605 [Listener at 127.0.0.1/45285] INFO  impl.DataStreamServerImpl (ConfUtils.java:logGet(46)) - raft.datastream.type = DISABLED (default)
2022-07-27 13:51:15,605 [Listener at 127.0.0.1/45285] INFO  server.RaftServerConfigKeys (ConfUtils.java:logGet(46)) - raft.server.threadpool.proxy.cached = true (default)
2022-07-27 13:51:15,605 [Listener at 127.0.0.1/45285] INFO  server.RaftServerConfigKeys (ConfUtils.java:logGet(46)) - raft.server.threadpool.proxy.size = 0 (default)
2022-07-27 13:51:15,605 [Listener at 127.0.0.1/45285] INFO  server.RaftServerConfigKeys (ConfUtils.java:logGet(46)) - raft.server.rpc.slowness.timeout = 300s (custom)
2022-07-27 13:51:15,605 [Listener at 127.0.0.1/45285] INFO  server.RaftServerConfigKeys (ConfUtils.java:logGet(46)) - raft.server.leaderelection.leader.step-down.wait-time = 10s (default)
2022-07-27 13:51:15,605 [Listener at 127.0.0.1/45285] INFO  server.RaftServerConfigKeys (ConfUtils.java:logGet(46)) - raft.server.storage.dir = [/home/runner/work/ozone/ozone/hadoop-ozone/integration-test/target/test-dir/MiniOzoneClusterImpl-e3e01987-94f8-4a87-8a0d-2583aef5e8b1/datanode-4/data/ratis] (custom)
2022-07-27 13:51:15,606 [Listener at 127.0.0.1/45285] INFO  server.XceiverServerGrpc (XceiverServerGrpc.java:<init>(132)) - GrpcServer channel type EpollServerSocketChannel
2022-07-27 13:51:15,609 [Listener at 127.0.0.1/45285] INFO  http.BaseHttpServer (BaseHttpServer.java:newHttpServer2BuilderForOzone(209)) - Starting Web-server for hddsDatanode at: http://0.0.0.0:0
2022-07-27 13:51:15,609 [Listener at 127.0.0.1/45285] INFO  http.BaseHttpServer (BaseHttpServer.java:<init>(107)) - Hadoop Security Enabled: false Ozone Security Enabled: false Ozone HTTP Security Enabled: false 
2022-07-27 13:51:15,612 [Listener at 127.0.0.1/45285] INFO  server.AuthenticationFilter (AuthenticationFilter.java:constructSecretProvider(240)) - Unable to initialize FileSignerSecretProvider, falling back to use random secrets.
2022-07-27 13:51:15,612 [Listener at 127.0.0.1/45285] WARN  http.HttpRequestLog (HttpRequestLog.java:getRequestLog(103)) - Jetty request log can only be enabled using Log4j
2022-07-27 13:51:15,613 [Listener at 127.0.0.1/45285] INFO  http.HttpServer2 (HttpServer2.java:addGlobalFilter(1029)) - Added global filter 'safety' (class=org.apache.hadoop.hdds.server.http.HttpServer2$QuotingInputFilter)
2022-07-27 13:51:15,614 [Listener at 127.0.0.1/45285] INFO  http.HttpServer2 (HttpServer2.java:addFilter(1005)) - Added filter static_user_filter (class=org.apache.hadoop.http.lib.StaticUserWebFilter$StaticUserFilter) to context hddsDatanode
2022-07-27 13:51:15,614 [Listener at 127.0.0.1/45285] INFO  http.HttpServer2 (HttpServer2.java:addFilter(1013)) - Added filter static_user_filter (class=org.apache.hadoop.http.lib.StaticUserWebFilter$StaticUserFilter) to context static
2022-07-27 13:51:15,614 [Listener at 127.0.0.1/45285] INFO  http.HttpServer2 (HttpServer2.java:addFilter(1013)) - Added filter static_user_filter (class=org.apache.hadoop.http.lib.StaticUserWebFilter$StaticUserFilter) to context logs
2022-07-27 13:51:15,614 [Listener at 127.0.0.1/45285] INFO  http.HttpServer2 (HttpServer2.java:bindListener(1248)) - Jetty bound to port 45145
2022-07-27 13:51:15,614 [Listener at 127.0.0.1/45285] INFO  server.Server (Server.java:doStart(375)) - jetty-9.4.43.v20210629; built: 2021-06-30T11:07:22.254Z; git: 526006ecfa3af7f1a27ef3a288e2bef7ea9dd7e8; jvm 1.8.0_332-b09
2022-07-27 13:51:15,643 [Listener at 127.0.0.1/45285] INFO  server.session (DefaultSessionIdManager.java:doStart(334)) - DefaultSessionIdManager workerName=node0
2022-07-27 13:51:15,643 [Listener at 127.0.0.1/45285] INFO  server.session (DefaultSessionIdManager.java:doStart(339)) - No SessionScavenger set, using defaults
2022-07-27 13:51:15,650 [Listener at 127.0.0.1/45285] INFO  server.session (HouseKeeper.java:startScavenging(132)) - node0 Scavenging every 660000ms
2022-07-27 13:51:15,651 [Listener at 127.0.0.1/45285] INFO  handler.ContextHandler (ContextHandler.java:doStart(915)) - Started o.e.j.s.ServletContextHandler@70b51448{logs,/logs,file:///home/runner/work/ozone/ozone/hadoop-ozone/integration-test/target/log,AVAILABLE}
2022-07-27 13:51:15,651 [Listener at 127.0.0.1/45285] INFO  handler.ContextHandler (ContextHandler.java:doStart(915)) - Started o.e.j.s.ServletContextHandler@3389e535{static,/static,jar:file:/home/runner/.m2/repository/org/apache/ozone/hdds-container-service/1.3.0-SNAPSHOT/hdds-container-service-1.3.0-SNAPSHOT.jar!/webapps/static,AVAILABLE}
2022-07-27 13:51:15,829 [EndpointStateMachine task thread for /0.0.0.0:45457 - 0 ] INFO  volume.HddsVolume (HddsVolume.java:createDbStore(309)) - SchemaV3 db is created and loaded at /home/runner/work/ozone/ozone/hadoop-ozone/integration-test/target/test-dir/MiniOzoneClusterImpl-e3e01987-94f8-4a87-8a0d-2583aef5e8b1/datanode-1/data-0/containers/hdds/e3e01987-94f8-4a87-8a0d-2583aef5e8b1/DS-fd9dd57b-7eb9-45be-a63a-43535775031b/container.db for volume DS-fd9dd57b-7eb9-45be-a63a-43535775031b
2022-07-27 13:51:15,836 [EndpointStateMachine task thread for /0.0.0.0:45457 - 0 ] INFO  volume.HddsVolume (HddsVolume.java:closeDbStore(340)) - SchemaV3 db is stopped at /home/runner/work/ozone/ozone/hadoop-ozone/integration-test/target/test-dir/MiniOzoneClusterImpl-e3e01987-94f8-4a87-8a0d-2583aef5e8b1/datanode-1/data-0/containers/hdds/e3e01987-94f8-4a87-8a0d-2583aef5e8b1/DS-fd9dd57b-7eb9-45be-a63a-43535775031b/container.db for volume DS-fd9dd57b-7eb9-45be-a63a-43535775031b
2022-07-27 13:51:15,837 [EndpointStateMachine task thread for /0.0.0.0:45457 - 0 ] INFO  ozoneimpl.OzoneContainer (OzoneContainer.java:start(377)) - Attempting to start container services.
2022-07-27 13:51:15,837 [EndpointStateMachine task thread for /0.0.0.0:45457 - 0 ] INFO  ozoneimpl.OzoneContainer (OzoneContainer.java:startContainerScrub(312)) - Background container scanner has been disabled.
2022-07-27 13:51:15,845 [EndpointStateMachine task thread for /0.0.0.0:45457 - 0 ] INFO  replication.ReplicationServer (ReplicationServer.java:start(111)) - ReplicationServer is started using port 38153
2022-07-27 13:51:15,845 [EndpointStateMachine task thread for /0.0.0.0:45457 - 0 ] INFO  ratis.XceiverServerRatis (XceiverServerRatis.java:start(481)) - Starting XceiverServerRatis 366e6065-a50f-499f-97ce-c324ed4f2808
2022-07-27 13:51:15,851 [EndpointStateMachine task thread for /0.0.0.0:45457 - 0 ] INFO  server.RaftServer (RaftServerProxy.java:lambda$start$6(382)) - 366e6065-a50f-499f-97ce-c324ed4f2808: start RPC server
2022-07-27 13:51:15,870 [EndpointStateMachine task thread for /0.0.0.0:45457 - 0 ] INFO  server.GrpcService (GrpcService.java:startImpl(260)) - 366e6065-a50f-499f-97ce-c324ed4f2808: GrpcService started, listening on 41283
2022-07-27 13:51:15,871 [EndpointStateMachine task thread for /0.0.0.0:45457 - 0 ] INFO  ratis.XceiverServerRatis (XceiverServerRatis.java:getRealPort(502)) - XceiverServerRatis 366e6065-a50f-499f-97ce-c324ed4f2808 is started using port 41283 for RATIS
2022-07-27 13:51:15,871 [EndpointStateMachine task thread for /0.0.0.0:45457 - 0 ] INFO  ratis.XceiverServerRatis (XceiverServerRatis.java:getRealPort(502)) - XceiverServerRatis 366e6065-a50f-499f-97ce-c324ed4f2808 is started using port 41283 for RATIS_ADMIN
2022-07-27 13:51:15,871 [EndpointStateMachine task thread for /0.0.0.0:45457 - 0 ] INFO  ratis.XceiverServerRatis (XceiverServerRatis.java:getRealPort(502)) - XceiverServerRatis 366e6065-a50f-499f-97ce-c324ed4f2808 is started using port 41283 for RATIS_SERVER
2022-07-27 13:51:15,871 [org.apache.ratis.util.JvmPauseMonitor$$Lambda$615/1136232276@72b5bf87] INFO  util.JvmPauseMonitor (JvmPauseMonitor.java:run(103)) - JvmPauseMonitor-366e6065-a50f-499f-97ce-c324ed4f2808: Started
2022-07-27 13:51:15,916 [EndpointStateMachine task thread for /0.0.0.0:45457 - 0 ] INFO  server.XceiverServerGrpc (XceiverServerGrpc.java:start(180)) - XceiverServerGrpc 366e6065-a50f-499f-97ce-c324ed4f2808 is started using port 43931
2022-07-27 13:51:16,037 [Listener at 127.0.0.1/45285] INFO  handler.ContextHandler (ContextHandler.java:doStart(915)) - Started o.e.j.w.WebAppContext@1449ffba{hddsDatanode,/,file:///tmp/jetty-0_0_0_0-45145-hdds-container-service-1_3_0-SNAPSHOT_jar-_-any-3108423206365067933/webapp/,AVAILABLE}{jar:file:/home/runner/.m2/repository/org/apache/ozone/hdds-container-service/1.3.0-SNAPSHOT/hdds-container-service-1.3.0-SNAPSHOT.jar!/webapps/hddsDatanode}
2022-07-27 13:51:16,044 [Listener at 127.0.0.1/45285] INFO  server.AbstractConnector (AbstractConnector.java:doStart(331)) - Started ServerConnector@30feee58{HTTP/1.1, (http/1.1)}{0.0.0.0:45145}
2022-07-27 13:51:16,044 [Listener at 127.0.0.1/45285] INFO  server.Server (Server.java:doStart(415)) - Started @141607ms
2022-07-27 13:51:16,044 [Listener at 127.0.0.1/45285] WARN  impl.MetricsSystemImpl (MetricsSystemImpl.java:register(279)) - Sink prometheus already exists!
2022-07-27 13:51:16,045 [Listener at 127.0.0.1/45285] INFO  http.BaseHttpServer (BaseHttpServer.java:updateConnectorAddress(329)) - HTTP server of hddsDatanode listening at http://0.0.0.0:45145
2022-07-27 13:51:16,064 [Listener at 127.0.0.1/45285] INFO  ozone.MiniOzoneClusterImpl (MiniOzoneClusterImpl.java:lambda$waitForClusterToBeReady$0(216)) - Waiting for nodes to be ready. Got 0 of 5 DN Heartbeats.
2022-07-27 13:51:16,064 [Listener at 127.0.0.1/45285] INFO  ozone.MiniOzoneClusterImpl (MiniOzoneClusterImpl.java:lambda$waitForClusterToBeReady$0(219)) - Waiting for cluster to exit safe mode
2022-07-27 13:51:16,064 [Listener at 127.0.0.1/45285] INFO  ozone.MiniOzoneClusterImpl (MiniOzoneClusterImpl.java:lambda$waitForClusterToBeReady$0(221)) - SCM became leader
2022-07-27 13:51:16,075 [Datanode State Machine Daemon Thread] INFO  statemachine.DatanodeStateMachine (DatanodeStateMachine.java:lambda$startDaemon$0(492)) - Ozone container server started.
2022-07-27 13:51:16,114 [org.apache.hadoop.util.JvmPauseMonitor$Monitor@71fcc907] INFO  util.JvmPauseMonitor (JvmPauseMonitor.java:run(188)) - Starting JVM pause monitor
2022-07-27 13:51:16,123 [Datanode State Machine Task Thread - 0] INFO  datanode.InitDatanodeState (InitDatanodeState.java:persistContainerDatanodeDetails(138)) - DatanodeDetails is persisted to /home/runner/work/ozone/ozone/hadoop-ozone/integration-test/target/test-dir/MiniOzoneClusterImpl-e3e01987-94f8-4a87-8a0d-2583aef5e8b1/datanode-4/meta/datanode.id
2022-07-27 13:51:16,648 [EndpointStateMachine task thread for /0.0.0.0:45457 - 0 ] INFO  volume.HddsVolume (HddsVolume.java:createDbStore(309)) - SchemaV3 db is created and loaded at /home/runner/work/ozone/ozone/hadoop-ozone/integration-test/target/test-dir/MiniOzoneClusterImpl-e3e01987-94f8-4a87-8a0d-2583aef5e8b1/datanode-2/data-0/containers/hdds/e3e01987-94f8-4a87-8a0d-2583aef5e8b1/DS-550afa2a-a41b-4d89-9954-5eb70a854366/container.db for volume DS-550afa2a-a41b-4d89-9954-5eb70a854366
2022-07-27 13:51:16,649 [EndpointStateMachine task thread for /0.0.0.0:45457 - 0 ] INFO  volume.HddsVolume (HddsVolume.java:closeDbStore(340)) - SchemaV3 db is stopped at /home/runner/work/ozone/ozone/hadoop-ozone/integration-test/target/test-dir/MiniOzoneClusterImpl-e3e01987-94f8-4a87-8a0d-2583aef5e8b1/datanode-2/data-0/containers/hdds/e3e01987-94f8-4a87-8a0d-2583aef5e8b1/DS-550afa2a-a41b-4d89-9954-5eb70a854366/container.db for volume DS-550afa2a-a41b-4d89-9954-5eb70a854366
2022-07-27 13:51:16,649 [EndpointStateMachine task thread for /0.0.0.0:45457 - 0 ] INFO  ozoneimpl.OzoneContainer (OzoneContainer.java:start(377)) - Attempting to start container services.
2022-07-27 13:51:16,649 [EndpointStateMachine task thread for /0.0.0.0:45457 - 0 ] INFO  ozoneimpl.OzoneContainer (OzoneContainer.java:startContainerScrub(312)) - Background container scanner has been disabled.
2022-07-27 13:51:16,695 [EndpointStateMachine task thread for /0.0.0.0:45457 - 0 ] INFO  replication.ReplicationServer (ReplicationServer.java:start(111)) - ReplicationServer is started using port 42005
2022-07-27 13:51:16,696 [EndpointStateMachine task thread for /0.0.0.0:45457 - 0 ] INFO  ratis.XceiverServerRatis (XceiverServerRatis.java:start(481)) - Starting XceiverServerRatis 462f06fe-cae1-4868-8f74-05801ae52ce2
2022-07-27 13:51:16,709 [EndpointStateMachine task thread for /0.0.0.0:45457 - 0 ] INFO  server.RaftServer (RaftServerProxy.java:lambda$start$6(382)) - 462f06fe-cae1-4868-8f74-05801ae52ce2: start RPC server
2022-07-27 13:51:16,712 [EndpointStateMachine task thread for /0.0.0.0:45457 - 0 ] INFO  server.GrpcService (GrpcService.java:startImpl(260)) - 462f06fe-cae1-4868-8f74-05801ae52ce2: GrpcService started, listening on 35767
2022-07-27 13:51:16,712 [EndpointStateMachine task thread for /0.0.0.0:45457 - 0 ] INFO  ratis.XceiverServerRatis (XceiverServerRatis.java:getRealPort(502)) - XceiverServerRatis 462f06fe-cae1-4868-8f74-05801ae52ce2 is started using port 35767 for RATIS
2022-07-27 13:51:16,712 [EndpointStateMachine task thread for /0.0.0.0:45457 - 0 ] INFO  ratis.XceiverServerRatis (XceiverServerRatis.java:getRealPort(502)) - XceiverServerRatis 462f06fe-cae1-4868-8f74-05801ae52ce2 is started using port 35767 for RATIS_ADMIN
2022-07-27 13:51:16,713 [EndpointStateMachine task thread for /0.0.0.0:45457 - 0 ] INFO  ratis.XceiverServerRatis (XceiverServerRatis.java:getRealPort(502)) - XceiverServerRatis 462f06fe-cae1-4868-8f74-05801ae52ce2 is started using port 35767 for RATIS_SERVER
2022-07-27 13:51:16,713 [org.apache.ratis.util.JvmPauseMonitor$$Lambda$615/1136232276@18a770b1] INFO  util.JvmPauseMonitor (JvmPauseMonitor.java:run(103)) - JvmPauseMonitor-462f06fe-cae1-4868-8f74-05801ae52ce2: Started
2022-07-27 13:51:16,759 [EndpointStateMachine task thread for /0.0.0.0:45457 - 0 ] INFO  server.XceiverServerGrpc (XceiverServerGrpc.java:start(180)) - XceiverServerGrpc 462f06fe-cae1-4868-8f74-05801ae52ce2 is started using port 43383
2022-07-27 13:51:16,978 [IPC Server handler 1 on default port 45457] INFO  net.NetworkTopologyImpl (NetworkTopologyImpl.java:add(112)) - Added a new node: /default-rack/32550fa0-9153-4d09-8fa0-706fd13e6797
2022-07-27 13:51:16,978 [IPC Server handler 1 on default port 45457] INFO  node.SCMNodeManager (SCMNodeManager.java:register(397)) - Registered Data node : 32550fa0-9153-4d09-8fa0-706fd13e6797{ip: 10.1.0.21, host: fv-az217-261.5fhmivlnczbevhjmk01nzrxweh.bx.internal.cloudapp.net, ports: [REPLICATION=38815, RATIS=42101, RATIS_ADMIN=42101, RATIS_SERVER=42101, STANDALONE=33017], networkLocation: /default-rack, certSerialId: null, persistedOpState: null, persistedOpStateExpiryEpochSec: 0}
2022-07-27 13:51:16,989 [EventQueue-NodeRegistrationContainerReportForDataNodeSafeModeRule] INFO  safemode.SCMSafeModeManager (DataNodeSafeModeRule.java:process(71)) - SCM in safe mode. 1 DataNodes registered, 3 required.
2022-07-27 13:51:16,989 [EventQueue-NodeRegistrationContainerReportForContainerSafeModeRule] INFO  safemode.SCMSafeModeManager (SCMSafeModeManager.java:validateSafeModeExitRules(204)) - ContainerSafeModeRule rule is successfully validated
2022-07-27 13:51:17,008 [EventQueue-PipelineReportForOneReplicaPipelineSafeModeRule] INFO  safemode.SCMSafeModeManager (SCMSafeModeManager.java:validateSafeModeExitRules(204)) - AtleastOneDatanodeReportedRule rule is successfully validated
2022-07-27 13:51:17,036 [EventQueue-NewNodeForNewNodeHandler] INFO  pipeline.BackgroundPipelineCreator (BackgroundPipelineCreator.java:notifyEventTriggered(276)) - trigger a one-shot run on RatisPipelineUtilsThread.
2022-07-27 13:51:17,037 [RatisPipelineUtilsThread - 0] INFO  pipeline.RatisPipelineProvider (RatisPipelineProvider.java:lambda$create$0(195)) - Sending CreatePipelineCommand for pipeline:PipelineID=15ac74a8-d3d4-4a46-b6ac-aa615c2f0a62 to datanode:32550fa0-9153-4d09-8fa0-706fd13e6797
2022-07-27 13:51:17,054 [RatisPipelineUtilsThread - 0] INFO  pipeline.PipelineStateManagerImpl (PipelineStateManagerImpl.java:addPipeline(103)) - Created pipeline Pipeline[ Id: 15ac74a8-d3d4-4a46-b6ac-aa615c2f0a62, Nodes: 32550fa0-9153-4d09-8fa0-706fd13e6797{ip: 10.1.0.21, host: fv-az217-261.5fhmivlnczbevhjmk01nzrxweh.bx.internal.cloudapp.net, ports: [REPLICATION=38815, RATIS=42101, RATIS_ADMIN=42101, RATIS_SERVER=42101, STANDALONE=33017], networkLocation: /default-rack, certSerialId: null, persistedOpState: IN_SERVICE, persistedOpStateExpiryEpochSec: 0}, ReplicationConfig: RATIS/ONE, State:ALLOCATED, leaderId:, CreationTimestamp2022-07-27T13:51:17.037Z[Etc/UTC]].
2022-07-27 13:51:17,064 [Listener at 127.0.0.1/45285] INFO  ozone.MiniOzoneClusterImpl (MiniOzoneClusterImpl.java:lambda$waitForClusterToBeReady$0(216)) - Waiting for nodes to be ready. Got 1 of 5 DN Heartbeats.
2022-07-27 13:51:17,064 [Listener at 127.0.0.1/45285] INFO  ozone.MiniOzoneClusterImpl (MiniOzoneClusterImpl.java:lambda$waitForClusterToBeReady$0(219)) - Waiting for cluster to exit safe mode
2022-07-27 13:51:17,064 [Listener at 127.0.0.1/45285] INFO  ozone.MiniOzoneClusterImpl (MiniOzoneClusterImpl.java:lambda$waitForClusterToBeReady$0(221)) - SCM became leader
2022-07-27 13:51:17,361 [EndpointStateMachine task thread for /0.0.0.0:45457 - 0 ] INFO  volume.HddsVolume (HddsVolume.java:createDbStore(309)) - SchemaV3 db is created and loaded at /home/runner/work/ozone/ozone/hadoop-ozone/integration-test/target/test-dir/MiniOzoneClusterImpl-e3e01987-94f8-4a87-8a0d-2583aef5e8b1/datanode-3/data-0/containers/hdds/e3e01987-94f8-4a87-8a0d-2583aef5e8b1/DS-492657ce-bc09-4906-913e-4e089dd52e44/container.db for volume DS-492657ce-bc09-4906-913e-4e089dd52e44
2022-07-27 13:51:17,361 [EndpointStateMachine task thread for /0.0.0.0:45457 - 0 ] INFO  volume.HddsVolume (HddsVolume.java:closeDbStore(340)) - SchemaV3 db is stopped at /home/runner/work/ozone/ozone/hadoop-ozone/integration-test/target/test-dir/MiniOzoneClusterImpl-e3e01987-94f8-4a87-8a0d-2583aef5e8b1/datanode-3/data-0/containers/hdds/e3e01987-94f8-4a87-8a0d-2583aef5e8b1/DS-492657ce-bc09-4906-913e-4e089dd52e44/container.db for volume DS-492657ce-bc09-4906-913e-4e089dd52e44
2022-07-27 13:51:17,361 [EndpointStateMachine task thread for /0.0.0.0:45457 - 0 ] INFO  ozoneimpl.OzoneContainer (OzoneContainer.java:start(377)) - Attempting to start container services.
2022-07-27 13:51:17,362 [EndpointStateMachine task thread for /0.0.0.0:45457 - 0 ] INFO  ozoneimpl.OzoneContainer (OzoneContainer.java:startContainerScrub(312)) - Background container scanner has been disabled.
2022-07-27 13:51:17,394 [EndpointStateMachine task thread for /0.0.0.0:45457 - 0 ] INFO  replication.ReplicationServer (ReplicationServer.java:start(111)) - ReplicationServer is started using port 41077
2022-07-27 13:51:17,395 [EndpointStateMachine task thread for /0.0.0.0:45457 - 0 ] INFO  ratis.XceiverServerRatis (XceiverServerRatis.java:start(481)) - Starting XceiverServerRatis 16fef9e4-21ad-40ad-b8c3-337e342720e9
2022-07-27 13:51:17,398 [EndpointStateMachine task thread for /0.0.0.0:45457 - 0 ] INFO  server.RaftServer (RaftServerProxy.java:lambda$start$6(382)) - 16fef9e4-21ad-40ad-b8c3-337e342720e9: start RPC server
2022-07-27 13:51:17,438 [EndpointStateMachine task thread for /0.0.0.0:45457 - 0 ] INFO  server.GrpcService (GrpcService.java:startImpl(260)) - 16fef9e4-21ad-40ad-b8c3-337e342720e9: GrpcService started, listening on 33565
2022-07-27 13:51:17,438 [EndpointStateMachine task thread for /0.0.0.0:45457 - 0 ] INFO  ratis.XceiverServerRatis (XceiverServerRatis.java:getRealPort(502)) - XceiverServerRatis 16fef9e4-21ad-40ad-b8c3-337e342720e9 is started using port 33565 for RATIS
2022-07-27 13:51:17,438 [EndpointStateMachine task thread for /0.0.0.0:45457 - 0 ] INFO  ratis.XceiverServerRatis (XceiverServerRatis.java:getRealPort(502)) - XceiverServerRatis 16fef9e4-21ad-40ad-b8c3-337e342720e9 is started using port 33565 for RATIS_ADMIN
2022-07-27 13:51:17,438 [EndpointStateMachine task thread for /0.0.0.0:45457 - 0 ] INFO  ratis.XceiverServerRatis (XceiverServerRatis.java:getRealPort(502)) - XceiverServerRatis 16fef9e4-21ad-40ad-b8c3-337e342720e9 is started using port 33565 for RATIS_SERVER
2022-07-27 13:51:17,454 [org.apache.ratis.util.JvmPauseMonitor$$Lambda$615/1136232276@439772fd] INFO  util.JvmPauseMonitor (JvmPauseMonitor.java:run(103)) - JvmPauseMonitor-16fef9e4-21ad-40ad-b8c3-337e342720e9: Started
2022-07-27 13:51:17,455 [EndpointStateMachine task thread for /0.0.0.0:45457 - 0 ] INFO  server.XceiverServerGrpc (XceiverServerGrpc.java:start(180)) - XceiverServerGrpc 16fef9e4-21ad-40ad-b8c3-337e342720e9 is started using port 38741
2022-07-27 13:51:17,725 [IPC Server handler 2 on default port 45457] INFO  net.NetworkTopologyImpl (NetworkTopologyImpl.java:add(112)) - Added a new node: /default-rack/366e6065-a50f-499f-97ce-c324ed4f2808
2022-07-27 13:51:17,725 [IPC Server handler 2 on default port 45457] INFO  node.SCMNodeManager (SCMNodeManager.java:register(397)) - Registered Data node : 366e6065-a50f-499f-97ce-c324ed4f2808{ip: 10.1.0.21, host: fv-az217-261.5fhmivlnczbevhjmk01nzrxweh.bx.internal.cloudapp.net, ports: [REPLICATION=38153, RATIS=41283, RATIS_ADMIN=41283, RATIS_SERVER=41283, STANDALONE=43931], networkLocation: /default-rack, certSerialId: null, persistedOpState: null, persistedOpStateExpiryEpochSec: 0}
2022-07-27 13:51:17,725 [EventQueue-NewNodeForNewNodeHandler] INFO  pipeline.BackgroundPipelineCreator (BackgroundPipelineCreator.java:notifyEventTriggered(276)) - trigger a one-shot run on RatisPipelineUtilsThread.
2022-07-27 13:51:17,738 [EventQueue-NodeRegistrationContainerReportForDataNodeSafeModeRule] INFO  safemode.SCMSafeModeManager (DataNodeSafeModeRule.java:process(71)) - SCM in safe mode. 2 DataNodes registered, 3 required.
2022-07-27 13:51:17,739 [RatisPipelineUtilsThread - 0] INFO  pipeline.RatisPipelineProvider (RatisPipelineProvider.java:lambda$create$0(195)) - Sending CreatePipelineCommand for pipeline:PipelineID=ab8ac5fc-894d-4d02-8147-4b55898dfecd to datanode:366e6065-a50f-499f-97ce-c324ed4f2808
2022-07-27 13:51:17,739 [RatisPipelineUtilsThread - 0] INFO  pipeline.PipelineStateManagerImpl (PipelineStateManagerImpl.java:addPipeline(103)) - Created pipeline Pipeline[ Id: ab8ac5fc-894d-4d02-8147-4b55898dfecd, Nodes: 366e6065-a50f-499f-97ce-c324ed4f2808{ip: 10.1.0.21, host: fv-az217-261.5fhmivlnczbevhjmk01nzrxweh.bx.internal.cloudapp.net, ports: [REPLICATION=38153, RATIS=41283, RATIS_ADMIN=41283, RATIS_SERVER=41283, STANDALONE=43931], networkLocation: /default-rack, certSerialId: null, persistedOpState: IN_SERVICE, persistedOpStateExpiryEpochSec: 0}, ReplicationConfig: RATIS/ONE, State:ALLOCATED, leaderId:, CreationTimestamp2022-07-27T13:51:17.739Z[Etc/UTC]].
2022-07-27 13:51:18,066 [Listener at 127.0.0.1/45285] INFO  ozone.MiniOzoneClusterImpl (MiniOzoneClusterImpl.java:lambda$waitForClusterToBeReady$0(216)) - Waiting for nodes to be ready. Got 2 of 5 DN Heartbeats.
2022-07-27 13:51:18,066 [Listener at 127.0.0.1/45285] INFO  ozone.MiniOzoneClusterImpl (MiniOzoneClusterImpl.java:lambda$waitForClusterToBeReady$0(219)) - Waiting for cluster to exit safe mode
2022-07-27 13:51:18,066 [Listener at 127.0.0.1/45285] INFO  ozone.MiniOzoneClusterImpl (MiniOzoneClusterImpl.java:lambda$waitForClusterToBeReady$0(221)) - SCM became leader
2022-07-27 13:51:18,232 [EndpointStateMachine task thread for /0.0.0.0:45457 - 0 ] INFO  volume.HddsVolume (HddsVolume.java:createDbStore(309)) - SchemaV3 db is created and loaded at /home/runner/work/ozone/ozone/hadoop-ozone/integration-test/target/test-dir/MiniOzoneClusterImpl-e3e01987-94f8-4a87-8a0d-2583aef5e8b1/datanode-4/data-0/containers/hdds/e3e01987-94f8-4a87-8a0d-2583aef5e8b1/DS-8c56f5f1-2681-47ae-a3fd-9b03c91aabd3/container.db for volume DS-8c56f5f1-2681-47ae-a3fd-9b03c91aabd3
2022-07-27 13:51:18,232 [EndpointStateMachine task thread for /0.0.0.0:45457 - 0 ] INFO  volume.HddsVolume (HddsVolume.java:closeDbStore(340)) - SchemaV3 db is stopped at /home/runner/work/ozone/ozone/hadoop-ozone/integration-test/target/test-dir/MiniOzoneClusterImpl-e3e01987-94f8-4a87-8a0d-2583aef5e8b1/datanode-4/data-0/containers/hdds/e3e01987-94f8-4a87-8a0d-2583aef5e8b1/DS-8c56f5f1-2681-47ae-a3fd-9b03c91aabd3/container.db for volume DS-8c56f5f1-2681-47ae-a3fd-9b03c91aabd3
2022-07-27 13:51:18,232 [EndpointStateMachine task thread for /0.0.0.0:45457 - 0 ] INFO  ozoneimpl.OzoneContainer (OzoneContainer.java:start(377)) - Attempting to start container services.
2022-07-27 13:51:18,232 [EndpointStateMachine task thread for /0.0.0.0:45457 - 0 ] INFO  ozoneimpl.OzoneContainer (OzoneContainer.java:startContainerScrub(312)) - Background container scanner has been disabled.
2022-07-27 13:51:18,263 [EndpointStateMachine task thread for /0.0.0.0:45457 - 0 ] INFO  replication.ReplicationServer (ReplicationServer.java:start(111)) - ReplicationServer is started using port 42203
2022-07-27 13:51:18,267 [EndpointStateMachine task thread for /0.0.0.0:45457 - 0 ] INFO  ratis.XceiverServerRatis (XceiverServerRatis.java:start(481)) - Starting XceiverServerRatis 63bc2f19-35e4-497a-b77b-da5c1db8f193
2022-07-27 13:51:18,268 [EndpointStateMachine task thread for /0.0.0.0:45457 - 0 ] INFO  server.RaftServer (RaftServerProxy.java:lambda$start$6(382)) - 63bc2f19-35e4-497a-b77b-da5c1db8f193: start RPC server
2022-07-27 13:51:18,283 [EndpointStateMachine task thread for /0.0.0.0:45457 - 0 ] INFO  server.GrpcService (GrpcService.java:startImpl(260)) - 63bc2f19-35e4-497a-b77b-da5c1db8f193: GrpcService started, listening on 45151
2022-07-27 13:51:18,287 [EndpointStateMachine task thread for /0.0.0.0:45457 - 0 ] INFO  ratis.XceiverServerRatis (XceiverServerRatis.java:getRealPort(502)) - XceiverServerRatis 63bc2f19-35e4-497a-b77b-da5c1db8f193 is started using port 45151 for RATIS
2022-07-27 13:51:18,287 [EndpointStateMachine task thread for /0.0.0.0:45457 - 0 ] INFO  ratis.XceiverServerRatis (XceiverServerRatis.java:getRealPort(502)) - XceiverServerRatis 63bc2f19-35e4-497a-b77b-da5c1db8f193 is started using port 45151 for RATIS_ADMIN
2022-07-27 13:51:18,287 [EndpointStateMachine task thread for /0.0.0.0:45457 - 0 ] INFO  ratis.XceiverServerRatis (XceiverServerRatis.java:getRealPort(502)) - XceiverServerRatis 63bc2f19-35e4-497a-b77b-da5c1db8f193 is started using port 45151 for RATIS_SERVER
2022-07-27 13:51:18,287 [org.apache.ratis.util.JvmPauseMonitor$$Lambda$615/1136232276@44b24637] INFO  util.JvmPauseMonitor (JvmPauseMonitor.java:run(103)) - JvmPauseMonitor-63bc2f19-35e4-497a-b77b-da5c1db8f193: Started
2022-07-27 13:51:18,332 [EndpointStateMachine task thread for /0.0.0.0:45457 - 0 ] INFO  server.XceiverServerGrpc (XceiverServerGrpc.java:start(180)) - XceiverServerGrpc 63bc2f19-35e4-497a-b77b-da5c1db8f193 is started using port 36653
2022-07-27 13:51:18,477 [IPC Server handler 2 on default port 45457] INFO  net.NetworkTopologyImpl (NetworkTopologyImpl.java:add(112)) - Added a new node: /default-rack/462f06fe-cae1-4868-8f74-05801ae52ce2
2022-07-27 13:51:18,477 [IPC Server handler 2 on default port 45457] INFO  node.SCMNodeManager (SCMNodeManager.java:register(397)) - Registered Data node : 462f06fe-cae1-4868-8f74-05801ae52ce2{ip: 10.1.0.21, host: fv-az217-261.5fhmivlnczbevhjmk01nzrxweh.bx.internal.cloudapp.net, ports: [REPLICATION=42005, RATIS=35767, RATIS_ADMIN=35767, RATIS_SERVER=35767, STANDALONE=43383], networkLocation: /default-rack, certSerialId: null, persistedOpState: null, persistedOpStateExpiryEpochSec: 0}
2022-07-27 13:51:18,477 [EventQueue-NodeRegistrationContainerReportForDataNodeSafeModeRule] INFO  safemode.SCMSafeModeManager (DataNodeSafeModeRule.java:process(71)) - SCM in safe mode. 3 DataNodes registered, 3 required.
2022-07-27 13:51:18,477 [EventQueue-NodeRegistrationContainerReportForDataNodeSafeModeRule] INFO  safemode.SCMSafeModeManager (SCMSafeModeManager.java:validateSafeModeExitRules(204)) - DataNodeSafeModeRule rule is successfully validated
2022-07-27 13:51:18,477 [EventQueue-NodeRegistrationContainerReportForDataNodeSafeModeRule] INFO  safemode.SCMSafeModeManager (SCMSafeModeManager.java:completePreCheck(233)) - All SCM safe mode pre check rules have passed
2022-07-27 13:51:18,477 [EventQueue-NodeRegistrationContainerReportForDataNodeSafeModeRule] WARN  events.EventQueue (EventQueue.java:fireEvent(216)) - No event handler registered for event TypedEvent{payloadType=SafeModeStatus, name='Safe mode status'}
2022-07-27 13:51:18,477 [EventQueue-NewNodeForNewNodeHandler] INFO  pipeline.BackgroundPipelineCreator (BackgroundPipelineCreator.java:notifyEventTriggered(276)) - trigger a one-shot run on RatisPipelineUtilsThread.
2022-07-27 13:51:18,477 [EventQueue-NodeRegistrationContainerReportForDataNodeSafeModeRule] INFO  ha.SCMContext (SCMContext.java:updateSafeModeStatus(228)) - Update SafeModeStatus from SafeModeStatus{safeModeStatus=true, preCheckPassed=false} to SafeModeStatus{safeModeStatus=true, preCheckPassed=true}.
2022-07-27 13:51:18,478 [EventQueue-NodeRegistrationContainerReportForDataNodeSafeModeRule] INFO  pipeline.BackgroundPipelineCreator (BackgroundPipelineCreator.java:notifyEventTriggered(276)) - trigger a one-shot run on RatisPipelineUtilsThread.
2022-07-27 13:51:18,478 [RatisPipelineUtilsThread - 0] INFO  pipeline.RatisPipelineProvider (RatisPipelineProvider.java:lambda$create$0(195)) - Sending CreatePipelineCommand for pipeline:PipelineID=06321366-0a36-4cd1-9992-739b529d322a to datanode:462f06fe-cae1-4868-8f74-05801ae52ce2
2022-07-27 13:51:18,479 [RatisPipelineUtilsThread - 0] INFO  pipeline.PipelineStateManagerImpl (PipelineStateManagerImpl.java:addPipeline(103)) - Created pipeline Pipeline[ Id: 06321366-0a36-4cd1-9992-739b529d322a, Nodes: 462f06fe-cae1-4868-8f74-05801ae52ce2{ip: 10.1.0.21, host: fv-az217-261.5fhmivlnczbevhjmk01nzrxweh.bx.internal.cloudapp.net, ports: [REPLICATION=42005, RATIS=35767, RATIS_ADMIN=35767, RATIS_SERVER=35767, STANDALONE=43383], networkLocation: /default-rack, certSerialId: null, persistedOpState: IN_SERVICE, persistedOpStateExpiryEpochSec: 0}, ReplicationConfig: RATIS/ONE, State:ALLOCATED, leaderId:, CreationTimestamp2022-07-27T13:51:18.478Z[Etc/UTC]].
2022-07-27 13:51:18,479 [RatisPipelineUtilsThread - 0] INFO  pipeline.RatisPipelineProvider (RatisPipelineProvider.java:lambda$create$0(195)) - Sending CreatePipelineCommand for pipeline:PipelineID=148f56dc-8dd3-4460-9900-0f6684652f28 to datanode:32550fa0-9153-4d09-8fa0-706fd13e6797
2022-07-27 13:51:18,479 [RatisPipelineUtilsThread - 0] INFO  pipeline.RatisPipelineProvider (RatisPipelineProvider.java:lambda$create$0(195)) - Sending CreatePipelineCommand for pipeline:PipelineID=148f56dc-8dd3-4460-9900-0f6684652f28 to datanode:366e6065-a50f-499f-97ce-c324ed4f2808
2022-07-27 13:51:18,479 [RatisPipelineUtilsThread - 0] INFO  pipeline.RatisPipelineProvider (RatisPipelineProvider.java:lambda$create$0(195)) - Sending CreatePipelineCommand for pipeline:PipelineID=148f56dc-8dd3-4460-9900-0f6684652f28 to datanode:462f06fe-cae1-4868-8f74-05801ae52ce2
2022-07-27 13:51:18,479 [RatisPipelineUtilsThread - 0] INFO  pipeline.PipelineStateManagerImpl (PipelineStateManagerImpl.java:addPipeline(103)) - Created pipeline Pipeline[ Id: 148f56dc-8dd3-4460-9900-0f6684652f28, Nodes: 32550fa0-9153-4d09-8fa0-706fd13e6797{ip: 10.1.0.21, host: fv-az217-261.5fhmivlnczbevhjmk01nzrxweh.bx.internal.cloudapp.net, ports: [REPLICATION=38815, RATIS=42101, RATIS_ADMIN=42101, RATIS_SERVER=42101, STANDALONE=33017], networkLocation: /default-rack, certSerialId: null, persistedOpState: IN_SERVICE, persistedOpStateExpiryEpochSec: 0}366e6065-a50f-499f-97ce-c324ed4f2808{ip: 10.1.0.21, host: fv-az217-261.5fhmivlnczbevhjmk01nzrxweh.bx.internal.cloudapp.net, ports: [REPLICATION=38153, RATIS=41283, RATIS_ADMIN=41283, RATIS_SERVER=41283, STANDALONE=43931], networkLocation: /default-rack, certSerialId: null, persistedOpState: IN_SERVICE, persistedOpStateExpiryEpochSec: 0}462f06fe-cae1-4868-8f74-05801ae52ce2{ip: 10.1.0.21, host: fv-az217-261.5fhmivlnczbevhjmk01nzrxweh.bx.internal.cloudapp.net, ports: [REPLICATION=42005, RATIS=35767, RATIS_ADMIN=35767, RATIS_SERVER=35767, STANDALONE=43383], networkLocation: /default-rack, certSerialId: null, persistedOpState: IN_SERVICE, persistedOpStateExpiryEpochSec: 0}, ReplicationConfig: RATIS/THREE, State:ALLOCATED, leaderId:, CreationTimestamp2022-07-27T13:51:18.479Z[Etc/UTC]].
2022-07-27 13:51:18,480 [RatisPipelineUtilsThread - 0] INFO  pipeline.RatisPipelineProvider (RatisPipelineProvider.java:lambda$create$0(195)) - Sending CreatePipelineCommand for pipeline:PipelineID=7ea47a8d-5c69-44ac-805f-ea1bf7a302c0 to datanode:32550fa0-9153-4d09-8fa0-706fd13e6797
2022-07-27 13:51:18,480 [RatisPipelineUtilsThread - 0] INFO  pipeline.RatisPipelineProvider (RatisPipelineProvider.java:lambda$create$0(195)) - Sending CreatePipelineCommand for pipeline:PipelineID=7ea47a8d-5c69-44ac-805f-ea1bf7a302c0 to datanode:462f06fe-cae1-4868-8f74-05801ae52ce2
2022-07-27 13:51:18,480 [RatisPipelineUtilsThread - 0] INFO  pipeline.RatisPipelineProvider (RatisPipelineProvider.java:lambda$create$0(195)) - Sending CreatePipelineCommand for pipeline:PipelineID=7ea47a8d-5c69-44ac-805f-ea1bf7a302c0 to datanode:366e6065-a50f-499f-97ce-c324ed4f2808
2022-07-27 13:51:18,480 [RatisPipelineUtilsThread - 0] INFO  pipeline.PipelineStateManagerImpl (PipelineStateManagerImpl.java:addPipeline(103)) - Created pipeline Pipeline[ Id: 7ea47a8d-5c69-44ac-805f-ea1bf7a302c0, Nodes: 32550fa0-9153-4d09-8fa0-706fd13e6797{ip: 10.1.0.21, host: fv-az217-261.5fhmivlnczbevhjmk01nzrxweh.bx.internal.cloudapp.net, ports: [REPLICATION=38815, RATIS=42101, RATIS_ADMIN=42101, RATIS_SERVER=42101, STANDALONE=33017], networkLocation: /default-rack, certSerialId: null, persistedOpState: IN_SERVICE, persistedOpStateExpiryEpochSec: 0}462f06fe-cae1-4868-8f74-05801ae52ce2{ip: 10.1.0.21, host: fv-az217-261.5fhmivlnczbevhjmk01nzrxweh.bx.internal.cloudapp.net, ports: [REPLICATION=42005, RATIS=35767, RATIS_ADMIN=35767, RATIS_SERVER=35767, STANDALONE=43383], networkLocation: /default-rack, certSerialId: null, persistedOpState: IN_SERVICE, persistedOpStateExpiryEpochSec: 0}366e6065-a50f-499f-97ce-c324ed4f2808{ip: 10.1.0.21, host: fv-az217-261.5fhmivlnczbevhjmk01nzrxweh.bx.internal.cloudapp.net, ports: [REPLICATION=38153, RATIS=41283, RATIS_ADMIN=41283, RATIS_SERVER=41283, STANDALONE=43931], networkLocation: /default-rack, certSerialId: null, persistedOpState: IN_SERVICE, persistedOpStateExpiryEpochSec: 0}, ReplicationConfig: RATIS/THREE, State:ALLOCATED, leaderId:, CreationTimestamp2022-07-27T13:51:18.480Z[Etc/UTC]].
2022-07-27 13:51:18,480 [RatisPipelineUtilsThread - 0] INFO  pipeline.PipelineManagerImpl (PipelineManagerImpl.java:recordMetricsForPipeline(796)) - Pipeline: PipelineID=7ea47a8d-5c69-44ac-805f-ea1bf7a302c0 contains same datanodes as previous pipelines: PipelineID=148f56dc-8dd3-4460-9900-0f6684652f28 nodeIds: 32550fa0-9153-4d09-8fa0-706fd13e6797, 462f06fe-cae1-4868-8f74-05801ae52ce2, 366e6065-a50f-499f-97ce-c324ed4f2808
2022-07-27 13:51:19,066 [Listener at 127.0.0.1/45285] INFO  ozone.MiniOzoneClusterImpl (MiniOzoneClusterImpl.java:lambda$waitForClusterToBeReady$0(216)) - Waiting for nodes to be ready. Got 3 of 5 DN Heartbeats.
2022-07-27 13:51:19,066 [Listener at 127.0.0.1/45285] INFO  ozone.MiniOzoneClusterImpl (MiniOzoneClusterImpl.java:lambda$waitForClusterToBeReady$0(219)) - Waiting for cluster to exit safe mode
2022-07-27 13:51:19,066 [Listener at 127.0.0.1/45285] INFO  ozone.MiniOzoneClusterImpl (MiniOzoneClusterImpl.java:lambda$waitForClusterToBeReady$0(221)) - SCM became leader
2022-07-27 13:51:19,271 [IPC Server handler 2 on default port 45457] INFO  net.NetworkTopologyImpl (NetworkTopologyImpl.java:add(112)) - Added a new node: /default-rack/16fef9e4-21ad-40ad-b8c3-337e342720e9
2022-07-27 13:51:19,271 [IPC Server handler 2 on default port 45457] INFO  node.SCMNodeManager (SCMNodeManager.java:register(397)) - Registered Data node : 16fef9e4-21ad-40ad-b8c3-337e342720e9{ip: 10.1.0.21, host: fv-az217-261.5fhmivlnczbevhjmk01nzrxweh.bx.internal.cloudapp.net, ports: [REPLICATION=41077, RATIS=33565, RATIS_ADMIN=33565, RATIS_SERVER=33565, STANDALONE=38741], networkLocation: /default-rack, certSerialId: null, persistedOpState: null, persistedOpStateExpiryEpochSec: 0}
2022-07-27 13:51:19,272 [EventQueue-NewNodeForNewNodeHandler] INFO  pipeline.BackgroundPipelineCreator (BackgroundPipelineCreator.java:notifyEventTriggered(276)) - trigger a one-shot run on RatisPipelineUtilsThread.
2022-07-27 13:51:19,272 [RatisPipelineUtilsThread - 0] INFO  pipeline.RatisPipelineProvider (RatisPipelineProvider.java:lambda$create$0(195)) - Sending CreatePipelineCommand for pipeline:PipelineID=a32ccc4c-d3a6-43c4-adbb-096b66f59075 to datanode:16fef9e4-21ad-40ad-b8c3-337e342720e9
2022-07-27 13:51:19,273 [RatisPipelineUtilsThread - 0] INFO  pipeline.PipelineStateManagerImpl (PipelineStateManagerImpl.java:addPipeline(103)) - Created pipeline Pipeline[ Id: a32ccc4c-d3a6-43c4-adbb-096b66f59075, Nodes: 16fef9e4-21ad-40ad-b8c3-337e342720e9{ip: 10.1.0.21, host: fv-az217-261.5fhmivlnczbevhjmk01nzrxweh.bx.internal.cloudapp.net, ports: [REPLICATION=41077, RATIS=33565, RATIS_ADMIN=33565, RATIS_SERVER=33565, STANDALONE=38741], networkLocation: /default-rack, certSerialId: null, persistedOpState: IN_SERVICE, persistedOpStateExpiryEpochSec: 0}, ReplicationConfig: RATIS/ONE, State:ALLOCATED, leaderId:, CreationTimestamp2022-07-27T13:51:19.272Z[Etc/UTC]].
2022-07-27 13:51:19,979 [Command processor thread] INFO  server.RaftServer (RaftServerProxy.java:addNew(96)) - 32550fa0-9153-4d09-8fa0-706fd13e6797: addNew group-AA615C2F0A62:[32550fa0-9153-4d09-8fa0-706fd13e6797|rpc:10.1.0.21:42101|priority:1] returns group-AA615C2F0A62:java.util.concurrent.CompletableFuture@45a9e73a[Not completed]
2022-07-27 13:51:19,999 [pool-601-thread-1] INFO  server.RaftServer$Division (RaftServerImpl.java:<init>(190)) - 32550fa0-9153-4d09-8fa0-706fd13e6797: new RaftServerImpl for group-AA615C2F0A62:[32550fa0-9153-4d09-8fa0-706fd13e6797|rpc:10.1.0.21:42101|priority:1] with ContainerStateMachine:uninitialized
2022-07-27 13:51:19,999 [pool-601-thread-1] INFO  server.RaftServerConfigKeys (ConfUtils.java:logGet(46)) - raft.server.rpc.timeout.min = 5s (custom)
2022-07-27 13:51:19,999 [pool-601-thread-1] INFO  server.RaftServerConfigKeys (ConfUtils.java:logGet(46)) - raft.server.rpc.timeout.max = 5200ms (custom)
2022-07-27 13:51:19,999 [pool-601-thread-1] INFO  server.RaftServerConfigKeys (ConfUtils.java:logGet(46)) - raft.server.rpc.sleep.time = 25ms (default)
2022-07-27 13:51:19,999 [pool-601-thread-1] INFO  server.RaftServerConfigKeys (ConfUtils.java:logGet(46)) - raft.server.rpc.slowness.timeout = 300s (custom)
2022-07-27 13:51:19,999 [pool-601-thread-1] INFO  server.RaftServerConfigKeys (ConfUtils.java:logGet(46)) - raft.server.leaderelection.leader.step-down.wait-time = 10s (default)
2022-07-27 13:51:20,003 [pool-601-thread-1] INFO  server.RaftServerConfigKeys (ConfUtils.java:logGet(46)) - raft.server.sleep.deviation.threshold = 300ms (default)
2022-07-27 13:51:20,007 [pool-601-thread-1] INFO  server.RaftServer$Division (ServerState.java:<init>(107)) - 32550fa0-9153-4d09-8fa0-706fd13e6797@group-AA615C2F0A62: ConfigurationManager, init=-1: [32550fa0-9153-4d09-8fa0-706fd13e6797|rpc:10.1.0.21:42101|priority:1], old=null, confs=<EMPTY_MAP>
2022-07-27 13:51:20,007 [pool-601-thread-1] INFO  server.RaftServerConfigKeys (ConfUtils.java:logGet(46)) - raft.server.storage.dir = [/home/runner/work/ozone/ozone/hadoop-ozone/integration-test/target/test-dir/MiniOzoneClusterImpl-e3e01987-94f8-4a87-8a0d-2583aef5e8b1/datanode-0/data/ratis] (custom)
2022-07-27 13:51:20,007 [pool-601-thread-1] INFO  server.RaftServerConfigKeys (ConfUtils.java:logGet(46)) - raft.server.log.corruption.policy = EXCEPTION (default)
2022-07-27 13:51:20,007 [pool-601-thread-1] INFO  server.RaftServerConfigKeys (ConfUtils.java:logGet(46)) - raft.server.storage.free-space.min = 0MB (=0) (default)
2022-07-27 13:51:20,007 [pool-601-thread-1] INFO  storage.RaftStorageDirectory (RaftStorageDirectoryImpl.java:analyzeStorage(135)) - The storage directory /home/runner/work/ozone/ozone/hadoop-ozone/integration-test/target/test-dir/MiniOzoneClusterImpl-e3e01987-94f8-4a87-8a0d-2583aef5e8b1/datanode-0/data/ratis/15ac74a8-d3d4-4a46-b6ac-aa615c2f0a62 does not exist. Creating ...
2022-07-27 13:51:20,019 [pool-601-thread-1] INFO  storage.RaftStorageDirectory (RaftStorageDirectoryImpl.java:tryLock(230)) - Lock on /home/runner/work/ozone/ozone/hadoop-ozone/integration-test/target/test-dir/MiniOzoneClusterImpl-e3e01987-94f8-4a87-8a0d-2583aef5e8b1/datanode-0/data/ratis/15ac74a8-d3d4-4a46-b6ac-aa615c2f0a62/in_use.lock acquired by nodename 11093@fv-az217-261
2022-07-27 13:51:20,027 [pool-601-thread-1] INFO  storage.RaftStorage (RaftStorageImpl.java:format(89)) - Storage directory /home/runner/work/ozone/ozone/hadoop-ozone/integration-test/target/test-dir/MiniOzoneClusterImpl-e3e01987-94f8-4a87-8a0d-2583aef5e8b1/datanode-0/data/ratis/15ac74a8-d3d4-4a46-b6ac-aa615c2f0a62 has been successfully formatted.
2022-07-27 13:51:20,043 [pool-601-thread-1] INFO  ratis.ContainerStateMachine (ContainerStateMachine.java:loadSnapshot(236)) - group-AA615C2F0A62: The snapshot info is null. Setting the last applied indexto:(t:0, i:~)
2022-07-27 13:51:20,043 [pool-601-thread-1] INFO  server.RaftServerConfigKeys (ConfUtils.java:logGet(46)) - raft.server.notification.no-leader.timeout = 300s (custom)
2022-07-27 13:51:20,043 [pool-601-thread-1] INFO  server.RaftServerConfigKeys (ConfUtils.java:logGet(46)) - raft.server.log.use.memory = false (default)
2022-07-27 13:51:20,043 [pool-601-thread-1] INFO  server.RaftServerConfigKeys (ConfUtils.java:logGet(46)) - raft.server.log.purge.gap = 1000000 (custom)
2022-07-27 13:51:20,043 [pool-601-thread-1] INFO  server.RaftServerConfigKeys (ConfUtils.java:logGet(46)) - raft.server.log.appender.buffer.byte-limit = 33554432 (custom)
2022-07-27 13:51:20,043 [pool-601-thread-1] INFO  server.RaftServerConfigKeys (ConfUtils.java:logGet(46)) - raft.server.log.statemachine.data.read.timeout = 1000ms (default)
2022-07-27 13:51:20,044 [EventQueue-PipelineReportForPipelineReportHandler] INFO  pipeline.PipelineManagerImpl (PipelineManagerImpl.java:openPipeline(367)) - Pipeline Pipeline[ Id: 15ac74a8-d3d4-4a46-b6ac-aa615c2f0a62, Nodes: 32550fa0-9153-4d09-8fa0-706fd13e6797{ip: 10.1.0.21, host: fv-az217-261.5fhmivlnczbevhjmk01nzrxweh.bx.internal.cloudapp.net, ports: [REPLICATION=38815, RATIS=42101, RATIS_ADMIN=42101, RATIS_SERVER=42101, STANDALONE=33017], networkLocation: /default-rack, certSerialId: null, persistedOpState: IN_SERVICE, persistedOpStateExpiryEpochSec: 0}, ReplicationConfig: RATIS/ONE, State:ALLOCATED, leaderId:32550fa0-9153-4d09-8fa0-706fd13e6797, CreationTimestamp2022-07-27T13:51:17.037Z[Etc/UTC]] moved to OPEN state
2022-07-27 13:51:20,068 [pool-601-thread-1] INFO  server.RaftServerConfigKeys (ConfUtils.java:logGet(46)) - raft.server.log.segment.size.max = 1048576 (custom)
2022-07-27 13:51:20,069 [pool-601-thread-1] INFO  server.RaftServerConfigKeys (ConfUtils.java:logGet(46)) - raft.server.log.segment.cache.num.max = 2 (custom)
2022-07-27 13:51:20,069 [pool-601-thread-1] INFO  server.RaftServerConfigKeys (ConfUtils.java:logGet(46)) - raft.server.log.segment.cache.size.max = 200MB (=209715200) (default)
2022-07-27 13:51:20,069 [pool-601-thread-1] INFO  segmented.SegmentedRaftLogWorker (SegmentedRaftLogWorker.java:<init>(187)) - new 32550fa0-9153-4d09-8fa0-706fd13e6797@group-AA615C2F0A62-SegmentedRaftLogWorker for RaftStorageImpl:Storage Directory /home/runner/work/ozone/ozone/hadoop-ozone/integration-test/target/test-dir/MiniOzoneClusterImpl-e3e01987-94f8-4a87-8a0d-2583aef5e8b1/datanode-0/data/ratis/15ac74a8-d3d4-4a46-b6ac-aa615c2f0a62
2022-07-27 13:51:20,069 [pool-601-thread-1] INFO  server.RaftServerConfigKeys (ConfUtils.java:logGet(46)) - raft.server.log.queue.byte-limit = 4294967296 (custom)
2022-07-27 13:51:20,069 [pool-601-thread-1] INFO  server.RaftServerConfigKeys (ConfUtils.java:logGet(46)) - raft.server.log.queue.element-limit = 1024 (custom)
2022-07-27 13:51:20,069 [pool-601-thread-1] INFO  server.RaftServerConfigKeys (ConfUtils.java:logGet(46)) - raft.server.log.segment.size.max = 1048576 (custom)
2022-07-27 13:51:20,069 [pool-601-thread-1] INFO  server.RaftServerConfigKeys (ConfUtils.java:logGet(46)) - raft.server.log.preallocated.size = 16384 (custom)
2022-07-27 13:51:20,069 [pool-601-thread-1] INFO  server.RaftServerConfigKeys (ConfUtils.java:logGet(46)) - raft.server.log.force.sync.num = 128 (default)
2022-07-27 13:51:20,069 [pool-601-thread-1] INFO  server.RaftServerConfigKeys (ConfUtils.java:logGet(46)) - raft.server.log.statemachine.data.sync = true (default)
2022-07-27 13:51:20,069 [pool-601-thread-1] INFO  server.RaftServerConfigKeys (ConfUtils.java:logGet(46)) - raft.server.log.statemachine.data.sync.timeout = 10s (default)
2022-07-27 13:51:20,069 [pool-601-thread-1] INFO  server.RaftServerConfigKeys (ConfUtils.java:logGet(46)) - raft.server.log.statemachine.data.sync.timeout.retry = -1 (default)
2022-07-27 13:51:20,070 [pool-601-thread-1] INFO  server.RaftServerConfigKeys (ConfUtils.java:logGet(46)) - raft.server.log.write.buffer.size = 1048576 (custom)
2022-07-27 13:51:20,071 [pool-601-thread-1] INFO  server.RaftServerConfigKeys (ConfUtils.java:logGet(46)) - raft.server.log.unsafe-flush.enabled = false (default)
2022-07-27 13:51:20,071 [pool-601-thread-1] INFO  server.RaftServerConfigKeys (ConfUtils.java:logGet(46)) - raft.server.log.statemachine.data.caching.enabled = true (custom)
2022-07-27 13:51:20,071 [Listener at 127.0.0.1/45285] INFO  ozone.MiniOzoneClusterImpl (MiniOzoneClusterImpl.java:lambda$waitForClusterToBeReady$0(216)) - Waiting for nodes to be ready. Got 4 of 5 DN Heartbeats.
2022-07-27 13:51:20,071 [Listener at 127.0.0.1/45285] INFO  ozone.MiniOzoneClusterImpl (MiniOzoneClusterImpl.java:lambda$waitForClusterToBeReady$0(219)) - Waiting for cluster to exit safe mode
2022-07-27 13:51:20,071 [Listener at 127.0.0.1/45285] INFO  ozone.MiniOzoneClusterImpl (MiniOzoneClusterImpl.java:lambda$waitForClusterToBeReady$0(221)) - SCM became leader
2022-07-27 13:51:20,071 [pool-601-thread-1] INFO  segmented.SegmentedRaftLogWorker (SegmentedRaftLogWorker.java:lambda$new$0(135)) - 32550fa0-9153-4d09-8fa0-706fd13e6797@group-AA615C2F0A62-SegmentedRaftLogWorker: flushIndex: setUnconditionally 0 -> -1
2022-07-27 13:51:20,085 [pool-601-thread-1] INFO  segmented.SegmentedRaftLogWorker (SegmentedRaftLogWorker.java:lambda$new$0(135)) - 32550fa0-9153-4d09-8fa0-706fd13e6797@group-AA615C2F0A62-SegmentedRaftLogWorker: safeCacheEvictIndex: setUnconditionally 0 -> -1
2022-07-27 13:51:20,103 [pool-601-thread-1] INFO  server.RaftServerConfigKeys (ConfUtils.java:logGet(46)) - raft.server.snapshot.auto.trigger.enabled = true (custom)
2022-07-27 13:51:20,103 [pool-601-thread-1] INFO  server.RaftServerConfigKeys (ConfUtils.java:logGet(46)) - raft.server.snapshot.auto.trigger.threshold = 10000 (custom)
2022-07-27 13:51:20,103 [pool-601-thread-1] INFO  server.RaftServerConfigKeys (ConfUtils.java:logGet(46)) - raft.server.snapshot.retention.file.num = 5 (custom)
2022-07-27 13:51:20,103 [pool-601-thread-1] INFO  server.RaftServerConfigKeys (ConfUtils.java:logGet(46)) - raft.server.log.purge.upto.snapshot.index = false (default)
2022-07-27 13:51:20,103 [pool-601-thread-1] INFO  server.RaftServerConfigKeys (ConfUtils.java:logGet(46)) - raft.server.retrycache.expirytime = 600000ms (custom)
2022-07-27 13:51:20,103 [pool-601-thread-1] INFO  server.RaftServerConfigKeys (ConfUtils.java:logGet(46)) - raft.server.retrycache.statistics.expirytime = 100μs (default)
2022-07-27 13:51:20,104 [pool-601-thread-1] INFO  server.RaftServerConfigKeys (ConfUtils.java:logGet(46)) - raft.server.log.appender.install.snapshot.enabled = false (custom)
2022-07-27 13:51:20,104 [pool-601-thread-1] INFO  server.RaftServerConfigKeys (ConfUtils.java:logGet(46)) - raft.server.threadpool.server.cached = true (default)
2022-07-27 13:51:20,105 [pool-601-thread-1] INFO  server.RaftServerConfigKeys (ConfUtils.java:logGet(46)) - raft.server.threadpool.server.size = 0 (default)
2022-07-27 13:51:20,105 [pool-601-thread-1] INFO  server.RaftServerConfigKeys (ConfUtils.java:logGet(46)) - raft.server.threadpool.client.cached = true (default)
2022-07-27 13:51:20,105 [pool-601-thread-1] INFO  server.RaftServerConfigKeys (ConfUtils.java:logGet(46)) - raft.server.threadpool.client.size = 0 (default)
2022-07-27 13:51:20,105 [pool-601-thread-1] INFO  server.RaftServer$Division (RaftServerImpl.java:start(310)) - 32550fa0-9153-4d09-8fa0-706fd13e6797@group-AA615C2F0A62: start as a follower, conf=-1: [32550fa0-9153-4d09-8fa0-706fd13e6797|rpc:10.1.0.21:42101|priority:1], old=null
2022-07-27 13:51:20,105 [pool-601-thread-1] INFO  server.RaftServer$Division (RaftServerImpl.java:setRole(299)) - 32550fa0-9153-4d09-8fa0-706fd13e6797@group-AA615C2F0A62: changes role from      null to FOLLOWER at term 0 for startAsFollower
2022-07-27 13:51:20,105 [pool-601-thread-1] INFO  impl.RoleInfo (RoleInfo.java:updateAndGet(139)) - 32550fa0-9153-4d09-8fa0-706fd13e6797: start 32550fa0-9153-4d09-8fa0-706fd13e6797@group-AA615C2F0A62-FollowerState
2022-07-27 13:51:20,107 [pool-601-thread-1] INFO  util.JmxRegister (JmxRegister.java:tryRegister(44)) - Successfully registered JMX Bean with object name Ratis:service=RaftServer,group=group-AA615C2F0A62,id=32550fa0-9153-4d09-8fa0-706fd13e6797
2022-07-27 13:51:20,125 [Command processor thread] INFO  ratis.XceiverServerRatis (XceiverServerRatis.java:addGroup(765)) - Created group PipelineID=15ac74a8-d3d4-4a46-b6ac-aa615c2f0a62
2022-07-27 13:51:20,125 [Command processor thread] INFO  commandhandler.CreatePipelineCommandHandler (CreatePipelineCommandHandler.java:handle(113)) - Created Pipeline RATIS ONE PipelineID=15ac74a8-d3d4-4a46-b6ac-aa615c2f0a62.
2022-07-27 13:51:20,125 [Command processor thread] INFO  server.RaftServer (RaftServerProxy.java:addNew(96)) - 32550fa0-9153-4d09-8fa0-706fd13e6797: addNew group-0F6684652F28:[366e6065-a50f-499f-97ce-c324ed4f2808|rpc:10.1.0.21:41283|priority:1, 462f06fe-cae1-4868-8f74-05801ae52ce2|rpc:10.1.0.21:35767|priority:0, 32550fa0-9153-4d09-8fa0-706fd13e6797|rpc:10.1.0.21:42101|priority:0] returns group-0F6684652F28:java.util.concurrent.CompletableFuture@41966b57[Not completed]
2022-07-27 13:51:20,126 [IPC Server handler 2 on default port 45457] INFO  net.NetworkTopologyImpl (NetworkTopologyImpl.java:add(112)) - Added a new node: /default-rack/63bc2f19-35e4-497a-b77b-da5c1db8f193
2022-07-27 13:51:20,126 [IPC Server handler 2 on default port 45457] INFO  node.SCMNodeManager (SCMNodeManager.java:register(397)) - Registered Data node : 63bc2f19-35e4-497a-b77b-da5c1db8f193{ip: 10.1.0.21, host: fv-az217-261.5fhmivlnczbevhjmk01nzrxweh.bx.internal.cloudapp.net, ports: [REPLICATION=42203, RATIS=45151, RATIS_ADMIN=45151, RATIS_SERVER=45151, STANDALONE=36653], networkLocation: /default-rack, certSerialId: null, persistedOpState: null, persistedOpStateExpiryEpochSec: 0}
2022-07-27 13:51:20,127 [EventQueue-OpenPipelineForHealthyPipelineSafeModeRule] INFO  safemode.SCMSafeModeManager (HealthyPipelineSafeModeRule.java:process(137)) - SCM in safe mode. Healthy pipelines reported count is 0, required healthy pipeline reported count is 1
2022-07-27 13:51:20,127 [EventQueue-NewNodeForNewNodeHandler] INFO  pipeline.BackgroundPipelineCreator (BackgroundPipelineCreator.java:notifyEventTriggered(276)) - trigger a one-shot run on RatisPipelineUtilsThread.
2022-07-27 13:51:20,127 [RatisPipelineUtilsThread - 0] INFO  pipeline.RatisPipelineProvider (RatisPipelineProvider.java:lambda$create$0(195)) - Sending CreatePipelineCommand for pipeline:PipelineID=b4827998-69a3-442d-a484-9b367ec24710 to datanode:63bc2f19-35e4-497a-b77b-da5c1db8f193
2022-07-27 13:51:20,128 [pool-601-thread-1] INFO  server.RaftServer$Division (RaftServerImpl.java:<init>(190)) - 32550fa0-9153-4d09-8fa0-706fd13e6797: new RaftServerImpl for group-0F6684652F28:[366e6065-a50f-499f-97ce-c324ed4f2808|rpc:10.1.0.21:41283|priority:1, 462f06fe-cae1-4868-8f74-05801ae52ce2|rpc:10.1.0.21:35767|priority:0, 32550fa0-9153-4d09-8fa0-706fd13e6797|rpc:10.1.0.21:42101|priority:0] with ContainerStateMachine:uninitialized
2022-07-27 13:51:20,128 [pool-601-thread-1] INFO  server.RaftServerConfigKeys (ConfUtils.java:logGet(46)) - raft.server.rpc.timeout.min = 5s (custom)
2022-07-27 13:51:20,128 [RatisPipelineUtilsThread - 0] INFO  pipeline.PipelineStateManagerImpl (PipelineStateManagerImpl.java:addPipeline(103)) - Created pipeline Pipeline[ Id: b4827998-69a3-442d-a484-9b367ec24710, Nodes: 63bc2f19-35e4-497a-b77b-da5c1db8f193{ip: 10.1.0.21, host: fv-az217-261.5fhmivlnczbevhjmk01nzrxweh.bx.internal.cloudapp.net, ports: [REPLICATION=42203, RATIS=45151, RATIS_ADMIN=45151, RATIS_SERVER=45151, STANDALONE=36653], networkLocation: /default-rack, certSerialId: null, persistedOpState: IN_SERVICE, persistedOpStateExpiryEpochSec: 0}, ReplicationConfig: RATIS/ONE, State:ALLOCATED, leaderId:, CreationTimestamp2022-07-27T13:51:20.127Z[Etc/UTC]].
2022-07-27 13:51:20,128 [pool-601-thread-1] INFO  server.RaftServerConfigKeys (ConfUtils.java:logGet(46)) - raft.server.rpc.timeout.max = 5200ms (custom)
2022-07-27 13:51:20,131 [pool-601-thread-1] INFO  server.RaftServerConfigKeys (ConfUtils.java:logGet(46)) - raft.server.rpc.sleep.time = 25ms (default)
2022-07-27 13:51:20,131 [pool-601-thread-1] INFO  server.RaftServerConfigKeys (ConfUtils.java:logGet(46)) - raft.server.rpc.slowness.timeout = 300s (custom)
2022-07-27 13:51:20,131 [pool-601-thread-1] INFO  server.RaftServerConfigKeys (ConfUtils.java:logGet(46)) - raft.server.leaderelection.leader.step-down.wait-time = 10s (default)
2022-07-27 13:51:20,131 [pool-601-thread-1] INFO  server.RaftServerConfigKeys (ConfUtils.java:logGet(46)) - raft.server.sleep.deviation.threshold = 300ms (default)
2022-07-27 13:51:20,131 [pool-601-thread-1] INFO  server.RaftServer$Division (ServerState.java:<init>(107)) - 32550fa0-9153-4d09-8fa0-706fd13e6797@group-0F6684652F28: ConfigurationManager, init=-1: [366e6065-a50f-499f-97ce-c324ed4f2808|rpc:10.1.0.21:41283|priority:1, 462f06fe-cae1-4868-8f74-05801ae52ce2|rpc:10.1.0.21:35767|priority:0, 32550fa0-9153-4d09-8fa0-706fd13e6797|rpc:10.1.0.21:42101|priority:0], old=null, confs=<EMPTY_MAP>
2022-07-27 13:51:20,131 [pool-601-thread-1] INFO  server.RaftServerConfigKeys (ConfUtils.java:logGet(46)) - raft.server.storage.dir = [/home/runner/work/ozone/ozone/hadoop-ozone/integration-test/target/test-dir/MiniOzoneClusterImpl-e3e01987-94f8-4a87-8a0d-2583aef5e8b1/datanode-0/data/ratis] (custom)
2022-07-27 13:51:20,131 [pool-601-thread-1] INFO  server.RaftServerConfigKeys (ConfUtils.java:logGet(46)) - raft.server.log.corruption.policy = EXCEPTION (default)
2022-07-27 13:51:20,131 [pool-601-thread-1] INFO  server.RaftServerConfigKeys (ConfUtils.java:logGet(46)) - raft.server.storage.free-space.min = 0MB (=0) (default)
2022-07-27 13:51:20,131 [pool-601-thread-1] INFO  storage.RaftStorageDirectory (RaftStorageDirectoryImpl.java:analyzeStorage(135)) - The storage directory /home/runner/work/ozone/ozone/hadoop-ozone/integration-test/target/test-dir/MiniOzoneClusterImpl-e3e01987-94f8-4a87-8a0d-2583aef5e8b1/datanode-0/data/ratis/148f56dc-8dd3-4460-9900-0f6684652f28 does not exist. Creating ...
2022-07-27 13:51:20,133 [pool-601-thread-1] INFO  storage.RaftStorageDirectory (RaftStorageDirectoryImpl.java:tryLock(230)) - Lock on /home/runner/work/ozone/ozone/hadoop-ozone/integration-test/target/test-dir/MiniOzoneClusterImpl-e3e01987-94f8-4a87-8a0d-2583aef5e8b1/datanode-0/data/ratis/148f56dc-8dd3-4460-9900-0f6684652f28/in_use.lock acquired by nodename 11093@fv-az217-261
2022-07-27 13:51:20,135 [pool-601-thread-1] INFO  storage.RaftStorage (RaftStorageImpl.java:format(89)) - Storage directory /home/runner/work/ozone/ozone/hadoop-ozone/integration-test/target/test-dir/MiniOzoneClusterImpl-e3e01987-94f8-4a87-8a0d-2583aef5e8b1/datanode-0/data/ratis/148f56dc-8dd3-4460-9900-0f6684652f28 has been successfully formatted.
2022-07-27 13:51:20,135 [pool-601-thread-1] INFO  ratis.ContainerStateMachine (ContainerStateMachine.java:loadSnapshot(236)) - group-0F6684652F28: The snapshot info is null. Setting the last applied indexto:(t:0, i:~)
2022-07-27 13:51:20,135 [pool-601-thread-1] INFO  server.RaftServerConfigKeys (ConfUtils.java:logGet(46)) - raft.server.notification.no-leader.timeout = 300s (custom)
2022-07-27 13:51:20,135 [pool-601-thread-1] INFO  server.RaftServerConfigKeys (ConfUtils.java:logGet(46)) - raft.server.log.use.memory = false (default)
2022-07-27 13:51:20,135 [pool-601-thread-1] INFO  server.RaftServerConfigKeys (ConfUtils.java:logGet(46)) - raft.server.log.purge.gap = 1000000 (custom)
2022-07-27 13:51:20,135 [pool-601-thread-1] INFO  server.RaftServerConfigKeys (ConfUtils.java:logGet(46)) - raft.server.log.appender.buffer.byte-limit = 33554432 (custom)
2022-07-27 13:51:20,135 [pool-601-thread-1] INFO  server.RaftServerConfigKeys (ConfUtils.java:logGet(46)) - raft.server.log.statemachine.data.read.timeout = 1000ms (default)
2022-07-27 13:51:20,136 [pool-601-thread-1] INFO  server.RaftServerConfigKeys (ConfUtils.java:logGet(46)) - raft.server.log.segment.size.max = 1048576 (custom)
2022-07-27 13:51:20,136 [EventQueue-OpenPipelineForHealthyPipelineSafeModeRule] INFO  safemode.SCMSafeModeManager (HealthyPipelineSafeModeRule.java:process(137)) - SCM in safe mode. Healthy pipelines reported count is 0, required healthy pipeline reported count is 1
2022-07-27 13:51:20,136 [pool-601-thread-1] INFO  server.RaftServerConfigKeys (ConfUtils.java:logGet(46)) - raft.server.log.segment.cache.num.max = 2 (custom)
2022-07-27 13:51:20,136 [pool-601-thread-1] INFO  server.RaftServerConfigKeys (ConfUtils.java:logGet(46)) - raft.server.log.segment.cache.size.max = 200MB (=209715200) (default)
2022-07-27 13:51:20,136 [pool-601-thread-1] INFO  segmented.SegmentedRaftLogWorker (SegmentedRaftLogWorker.java:<init>(187)) - new 32550fa0-9153-4d09-8fa0-706fd13e6797@group-0F6684652F28-SegmentedRaftLogWorker for RaftStorageImpl:Storage Directory /home/runner/work/ozone/ozone/hadoop-ozone/integration-test/target/test-dir/MiniOzoneClusterImpl-e3e01987-94f8-4a87-8a0d-2583aef5e8b1/datanode-0/data/ratis/148f56dc-8dd3-4460-9900-0f6684652f28
2022-07-27 13:51:20,136 [pool-601-thread-1] INFO  server.RaftServerConfigKeys (ConfUtils.java:logGet(46)) - raft.server.log.queue.byte-limit = 4294967296 (custom)
2022-07-27 13:51:20,136 [pool-601-thread-1] INFO  server.RaftServerConfigKeys (ConfUtils.java:logGet(46)) - raft.server.log.queue.element-limit = 1024 (custom)
2022-07-27 13:51:20,136 [pool-601-thread-1] INFO  server.RaftServerConfigKeys (ConfUtils.java:logGet(46)) - raft.server.log.segment.size.max = 1048576 (custom)
2022-07-27 13:51:20,136 [pool-601-thread-1] INFO  server.RaftServerConfigKeys (ConfUtils.java:logGet(46)) - raft.server.log.preallocated.size = 16384 (custom)
2022-07-27 13:51:20,136 [pool-601-thread-1] INFO  server.RaftServerConfigKeys (ConfUtils.java:logGet(46)) - raft.server.log.force.sync.num = 128 (default)
2022-07-27 13:51:20,136 [pool-601-thread-1] INFO  server.RaftServerConfigKeys (ConfUtils.java:logGet(46)) - raft.server.log.statemachine.data.sync = true (default)
2022-07-27 13:51:20,137 [pool-601-thread-1] INFO  server.RaftServerConfigKeys (ConfUtils.java:logGet(46)) - raft.server.log.statemachine.data.sync.timeout = 10s (default)
2022-07-27 13:51:20,137 [pool-601-thread-1] INFO  server.RaftServerConfigKeys (ConfUtils.java:logGet(46)) - raft.server.log.statemachine.data.sync.timeout.retry = -1 (default)
2022-07-27 13:51:20,137 [pool-601-thread-1] INFO  server.RaftServerConfigKeys (ConfUtils.java:logGet(46)) - raft.server.log.write.buffer.size = 1048576 (custom)
2022-07-27 13:51:20,138 [pool-601-thread-1] INFO  server.RaftServerConfigKeys (ConfUtils.java:logGet(46)) - raft.server.log.unsafe-flush.enabled = false (default)
2022-07-27 13:51:20,138 [pool-601-thread-1] INFO  server.RaftServerConfigKeys (ConfUtils.java:logGet(46)) - raft.server.log.statemachine.data.caching.enabled = true (custom)
2022-07-27 13:51:20,138 [pool-601-thread-1] INFO  segmented.SegmentedRaftLogWorker (SegmentedRaftLogWorker.java:lambda$new$0(135)) - 32550fa0-9153-4d09-8fa0-706fd13e6797@group-0F6684652F28-SegmentedRaftLogWorker: flushIndex: setUnconditionally 0 -> -1
2022-07-27 13:51:20,138 [pool-601-thread-1] INFO  segmented.SegmentedRaftLogWorker (SegmentedRaftLogWorker.java:lambda$new$0(135)) - 32550fa0-9153-4d09-8fa0-706fd13e6797@group-0F6684652F28-SegmentedRaftLogWorker: safeCacheEvictIndex: setUnconditionally 0 -> -1
2022-07-27 13:51:20,157 [pool-601-thread-1] INFO  server.RaftServerConfigKeys (ConfUtils.java:logGet(46)) - raft.server.snapshot.auto.trigger.enabled = true (custom)
2022-07-27 13:51:20,157 [pool-601-thread-1] INFO  server.RaftServerConfigKeys (ConfUtils.java:logGet(46)) - raft.server.snapshot.auto.trigger.threshold = 10000 (custom)
2022-07-27 13:51:20,157 [pool-601-thread-1] INFO  server.RaftServerConfigKeys (ConfUtils.java:logGet(46)) - raft.server.snapshot.retention.file.num = 5 (custom)
2022-07-27 13:51:20,157 [pool-601-thread-1] INFO  server.RaftServerConfigKeys (ConfUtils.java:logGet(46)) - raft.server.log.purge.upto.snapshot.index = false (default)
2022-07-27 13:51:20,157 [pool-601-thread-1] INFO  server.RaftServerConfigKeys (ConfUtils.java:logGet(46)) - raft.server.retrycache.expirytime = 600000ms (custom)
2022-07-27 13:51:20,157 [pool-601-thread-1] INFO  server.RaftServerConfigKeys (ConfUtils.java:logGet(46)) - raft.server.retrycache.statistics.expirytime = 100μs (default)
2022-07-27 13:51:20,158 [pool-601-thread-1] INFO  server.RaftServerConfigKeys (ConfUtils.java:logGet(46)) - raft.server.log.appender.install.snapshot.enabled = false (custom)
2022-07-27 13:51:20,159 [pool-601-thread-1] INFO  server.RaftServerConfigKeys (ConfUtils.java:logGet(46)) - raft.server.threadpool.server.cached = true (default)
2022-07-27 13:51:20,159 [pool-601-thread-1] INFO  server.RaftServerConfigKeys (ConfUtils.java:logGet(46)) - raft.server.threadpool.server.size = 0 (default)
2022-07-27 13:51:20,159 [pool-601-thread-1] INFO  server.RaftServerConfigKeys (ConfUtils.java:logGet(46)) - raft.server.threadpool.client.cached = true (default)
2022-07-27 13:51:20,159 [pool-601-thread-1] INFO  server.RaftServerConfigKeys (ConfUtils.java:logGet(46)) - raft.server.threadpool.client.size = 0 (default)
2022-07-27 13:51:20,159 [pool-601-thread-1] INFO  server.RaftServer$Division (RaftServerImpl.java:start(310)) - 32550fa0-9153-4d09-8fa0-706fd13e6797@group-0F6684652F28: start as a follower, conf=-1: [366e6065-a50f-499f-97ce-c324ed4f2808|rpc:10.1.0.21:41283|priority:1, 462f06fe-cae1-4868-8f74-05801ae52ce2|rpc:10.1.0.21:35767|priority:0, 32550fa0-9153-4d09-8fa0-706fd13e6797|rpc:10.1.0.21:42101|priority:0], old=null
2022-07-27 13:51:20,159 [pool-601-thread-1] INFO  server.RaftServer$Division (RaftServerImpl.java:setRole(299)) - 32550fa0-9153-4d09-8fa0-706fd13e6797@group-0F6684652F28: changes role from      null to FOLLOWER at term 0 for startAsFollower
2022-07-27 13:51:20,159 [pool-601-thread-1] INFO  impl.RoleInfo (RoleInfo.java:updateAndGet(139)) - 32550fa0-9153-4d09-8fa0-706fd13e6797: start 32550fa0-9153-4d09-8fa0-706fd13e6797@group-0F6684652F28-FollowerState
2022-07-27 13:51:20,167 [pool-601-thread-1] INFO  util.JmxRegister (JmxRegister.java:tryRegister(44)) - Successfully registered JMX Bean with object name Ratis:service=RaftServer,group=group-0F6684652F28,id=32550fa0-9153-4d09-8fa0-706fd13e6797
2022-07-27 13:51:20,182 [Command processor thread] INFO  ratis.XceiverServerRatis (XceiverServerRatis.java:addGroup(765)) - Created group PipelineID=148f56dc-8dd3-4460-9900-0f6684652f28
2022-07-27 13:51:20,284 [grpc-default-executor-0] INFO  server.RaftServer (RaftServerProxy.java:addNew(96)) - 366e6065-a50f-499f-97ce-c324ed4f2808: addNew group-0F6684652F28:[366e6065-a50f-499f-97ce-c324ed4f2808|rpc:10.1.0.21:41283|dataStream:|priority:1, 462f06fe-cae1-4868-8f74-05801ae52ce2|rpc:10.1.0.21:35767|dataStream:|priority:0, 32550fa0-9153-4d09-8fa0-706fd13e6797|rpc:10.1.0.21:42101|dataStream:|priority:0] returns group-0F6684652F28:java.util.concurrent.CompletableFuture@77d4f340[Not completed]
2022-07-27 13:51:20,291 [pool-624-thread-1] INFO  server.RaftServer$Division (RaftServerImpl.java:<init>(190)) - 366e6065-a50f-499f-97ce-c324ed4f2808: new RaftServerImpl for group-0F6684652F28:[366e6065-a50f-499f-97ce-c324ed4f2808|rpc:10.1.0.21:41283|dataStream:|priority:1, 462f06fe-cae1-4868-8f74-05801ae52ce2|rpc:10.1.0.21:35767|dataStream:|priority:0, 32550fa0-9153-4d09-8fa0-706fd13e6797|rpc:10.1.0.21:42101|dataStream:|priority:0] with ContainerStateMachine:uninitialized
2022-07-27 13:51:20,292 [pool-624-thread-1] INFO  server.RaftServerConfigKeys (ConfUtils.java:logGet(46)) - raft.server.rpc.timeout.min = 5s (custom)
2022-07-27 13:51:20,292 [pool-624-thread-1] INFO  server.RaftServerConfigKeys (ConfUtils.java:logGet(46)) - raft.server.rpc.timeout.max = 5200ms (custom)
2022-07-27 13:51:20,292 [pool-624-thread-1] INFO  server.RaftServerConfigKeys (ConfUtils.java:logGet(46)) - raft.server.rpc.sleep.time = 25ms (default)
2022-07-27 13:51:20,292 [pool-624-thread-1] INFO  server.RaftServerConfigKeys (ConfUtils.java:logGet(46)) - raft.server.rpc.slowness.timeout = 300s (custom)
2022-07-27 13:51:20,292 [pool-624-thread-1] INFO  server.RaftServerConfigKeys (ConfUtils.java:logGet(46)) - raft.server.leaderelection.leader.step-down.wait-time = 10s (default)
2022-07-27 13:51:20,292 [pool-624-thread-1] INFO  server.RaftServerConfigKeys (ConfUtils.java:logGet(46)) - raft.server.sleep.deviation.threshold = 300ms (default)
2022-07-27 13:51:20,292 [pool-624-thread-1] INFO  server.RaftServer$Division (ServerState.java:<init>(107)) - 366e6065-a50f-499f-97ce-c324ed4f2808@group-0F6684652F28: ConfigurationManager, init=-1: [366e6065-a50f-499f-97ce-c324ed4f2808|rpc:10.1.0.21:41283|dataStream:|priority:1, 462f06fe-cae1-4868-8f74-05801ae52ce2|rpc:10.1.0.21:35767|dataStream:|priority:0, 32550fa0-9153-4d09-8fa0-706fd13e6797|rpc:10.1.0.21:42101|dataStream:|priority:0], old=null, confs=<EMPTY_MAP>
2022-07-27 13:51:20,292 [pool-624-thread-1] INFO  server.RaftServerConfigKeys (ConfUtils.java:logGet(46)) - raft.server.storage.dir = [/home/runner/work/ozone/ozone/hadoop-ozone/integration-test/target/test-dir/MiniOzoneClusterImpl-e3e01987-94f8-4a87-8a0d-2583aef5e8b1/datanode-1/data/ratis] (custom)
2022-07-27 13:51:20,292 [pool-624-thread-1] INFO  server.RaftServerConfigKeys (ConfUtils.java:logGet(46)) - raft.server.log.corruption.policy = EXCEPTION (default)
2022-07-27 13:51:20,292 [pool-624-thread-1] INFO  server.RaftServerConfigKeys (ConfUtils.java:logGet(46)) - raft.server.storage.free-space.min = 0MB (=0) (default)
2022-07-27 13:51:20,292 [pool-624-thread-1] INFO  storage.RaftStorageDirectory (RaftStorageDirectoryImpl.java:analyzeStorage(135)) - The storage directory /home/runner/work/ozone/ozone/hadoop-ozone/integration-test/target/test-dir/MiniOzoneClusterImpl-e3e01987-94f8-4a87-8a0d-2583aef5e8b1/datanode-1/data/ratis/148f56dc-8dd3-4460-9900-0f6684652f28 does not exist. Creating ...
2022-07-27 13:51:20,293 [pool-624-thread-1] INFO  storage.RaftStorageDirectory (RaftStorageDirectoryImpl.java:tryLock(230)) - Lock on /home/runner/work/ozone/ozone/hadoop-ozone/integration-test/target/test-dir/MiniOzoneClusterImpl-e3e01987-94f8-4a87-8a0d-2583aef5e8b1/datanode-1/data/ratis/148f56dc-8dd3-4460-9900-0f6684652f28/in_use.lock acquired by nodename 11093@fv-az217-261
2022-07-27 13:51:20,302 [pool-624-thread-1] INFO  storage.RaftStorage (RaftStorageImpl.java:format(89)) - Storage directory /home/runner/work/ozone/ozone/hadoop-ozone/integration-test/target/test-dir/MiniOzoneClusterImpl-e3e01987-94f8-4a87-8a0d-2583aef5e8b1/datanode-1/data/ratis/148f56dc-8dd3-4460-9900-0f6684652f28 has been successfully formatted.
2022-07-27 13:51:20,318 [pool-624-thread-1] INFO  ratis.ContainerStateMachine (ContainerStateMachine.java:loadSnapshot(236)) - group-0F6684652F28: The snapshot info is null. Setting the last applied indexto:(t:0, i:~)
2022-07-27 13:51:20,318 [pool-624-thread-1] INFO  server.RaftServerConfigKeys (ConfUtils.java:logGet(46)) - raft.server.notification.no-leader.timeout = 300s (custom)
2022-07-27 13:51:20,318 [pool-624-thread-1] INFO  server.RaftServerConfigKeys (ConfUtils.java:logGet(46)) - raft.server.log.use.memory = false (default)
2022-07-27 13:51:20,318 [pool-624-thread-1] INFO  server.RaftServerConfigKeys (ConfUtils.java:logGet(46)) - raft.server.log.purge.gap = 1000000 (custom)
2022-07-27 13:51:20,318 [pool-624-thread-1] INFO  server.RaftServerConfigKeys (ConfUtils.java:logGet(46)) - raft.server.log.appender.buffer.byte-limit = 33554432 (custom)
2022-07-27 13:51:20,318 [pool-624-thread-1] INFO  server.RaftServerConfigKeys (ConfUtils.java:logGet(46)) - raft.server.log.statemachine.data.read.timeout = 1000ms (default)
2022-07-27 13:51:20,318 [pool-624-thread-1] INFO  server.RaftServerConfigKeys (ConfUtils.java:logGet(46)) - raft.server.log.segment.size.max = 1048576 (custom)
2022-07-27 13:51:20,319 [pool-624-thread-1] INFO  server.RaftServerConfigKeys (ConfUtils.java:logGet(46)) - raft.server.log.segment.cache.num.max = 2 (custom)
2022-07-27 13:51:20,319 [pool-624-thread-1] INFO  server.RaftServerConfigKeys (ConfUtils.java:logGet(46)) - raft.server.log.segment.cache.size.max = 200MB (=209715200) (default)
2022-07-27 13:51:20,319 [pool-624-thread-1] INFO  segmented.SegmentedRaftLogWorker (SegmentedRaftLogWorker.java:<init>(187)) - new 366e6065-a50f-499f-97ce-c324ed4f2808@group-0F6684652F28-SegmentedRaftLogWorker for RaftStorageImpl:Storage Directory /home/runner/work/ozone/ozone/hadoop-ozone/integration-test/target/test-dir/MiniOzoneClusterImpl-e3e01987-94f8-4a87-8a0d-2583aef5e8b1/datanode-1/data/ratis/148f56dc-8dd3-4460-9900-0f6684652f28
2022-07-27 13:51:20,319 [pool-624-thread-1] INFO  server.RaftServerConfigKeys (ConfUtils.java:logGet(46)) - raft.server.log.queue.byte-limit = 4294967296 (custom)
2022-07-27 13:51:20,319 [pool-624-thread-1] INFO  server.RaftServerConfigKeys (ConfUtils.java:logGet(46)) - raft.server.log.queue.element-limit = 1024 (custom)
2022-07-27 13:51:20,319 [pool-624-thread-1] INFO  server.RaftServerConfigKeys (ConfUtils.java:logGet(46)) - raft.server.log.segment.size.max = 1048576 (custom)
2022-07-27 13:51:20,319 [pool-624-thread-1] INFO  server.RaftServerConfigKeys (ConfUtils.java:logGet(46)) - raft.server.log.preallocated.size = 16384 (custom)
2022-07-27 13:51:20,319 [pool-624-thread-1] INFO  server.RaftServerConfigKeys (ConfUtils.java:logGet(46)) - raft.server.log.force.sync.num = 128 (default)
2022-07-27 13:51:20,319 [pool-624-thread-1] INFO  server.RaftServerConfigKeys (ConfUtils.java:logGet(46)) - raft.server.log.statemachine.data.sync = true (default)
2022-07-27 13:51:20,319 [pool-624-thread-1] INFO  server.RaftServerConfigKeys (ConfUtils.java:logGet(46)) - raft.server.log.statemachine.data.sync.timeout = 10s (default)
2022-07-27 13:51:20,319 [pool-624-thread-1] INFO  server.RaftServerConfigKeys (ConfUtils.java:logGet(46)) - raft.server.log.statemachine.data.sync.timeout.retry = -1 (default)
2022-07-27 13:51:20,320 [pool-624-thread-1] INFO  server.RaftServerConfigKeys (ConfUtils.java:logGet(46)) - raft.server.log.write.buffer.size = 1048576 (custom)
2022-07-27 13:51:20,320 [pool-624-thread-1] INFO  server.RaftServerConfigKeys (ConfUtils.java:logGet(46)) - raft.server.log.unsafe-flush.enabled = false (default)
2022-07-27 13:51:20,321 [pool-624-thread-1] INFO  server.RaftServerConfigKeys (ConfUtils.java:logGet(46)) - raft.server.log.statemachine.data.caching.enabled = true (custom)
2022-07-27 13:51:20,321 [pool-624-thread-1] INFO  segmented.SegmentedRaftLogWorker (SegmentedRaftLogWorker.java:lambda$new$0(135)) - 366e6065-a50f-499f-97ce-c324ed4f2808@group-0F6684652F28-SegmentedRaftLogWorker: flushIndex: setUnconditionally 0 -> -1
2022-07-27 13:51:20,321 [pool-624-thread-1] INFO  segmented.SegmentedRaftLogWorker (SegmentedRaftLogWorker.java:lambda$new$0(135)) - 366e6065-a50f-499f-97ce-c324ed4f2808@group-0F6684652F28-SegmentedRaftLogWorker: safeCacheEvictIndex: setUnconditionally 0 -> -1
2022-07-27 13:51:20,323 [pool-624-thread-1] INFO  server.RaftServerConfigKeys (ConfUtils.java:logGet(46)) - raft.server.snapshot.auto.trigger.enabled = true (custom)
2022-07-27 13:51:20,323 [pool-624-thread-1] INFO  server.RaftServerConfigKeys (ConfUtils.java:logGet(46)) - raft.server.snapshot.auto.trigger.threshold = 10000 (custom)
2022-07-27 13:51:20,323 [pool-624-thread-1] INFO  server.RaftServerConfigKeys (ConfUtils.java:logGet(46)) - raft.server.snapshot.retention.file.num = 5 (custom)
2022-07-27 13:51:20,323 [pool-624-thread-1] INFO  server.RaftServerConfigKeys (ConfUtils.java:logGet(46)) - raft.server.log.purge.upto.snapshot.index = false (default)
2022-07-27 13:51:20,323 [pool-624-thread-1] INFO  server.RaftServerConfigKeys (ConfUtils.java:logGet(46)) - raft.server.retrycache.expirytime = 600000ms (custom)
2022-07-27 13:51:20,323 [pool-624-thread-1] INFO  server.RaftServerConfigKeys (ConfUtils.java:logGet(46)) - raft.server.retrycache.statistics.expirytime = 100μs (default)
2022-07-27 13:51:20,324 [pool-624-thread-1] INFO  server.RaftServerConfigKeys (ConfUtils.java:logGet(46)) - raft.server.log.appender.install.snapshot.enabled = false (custom)
2022-07-27 13:51:20,324 [pool-624-thread-1] INFO  server.RaftServerConfigKeys (ConfUtils.java:logGet(46)) - raft.server.threadpool.server.cached = true (default)
2022-07-27 13:51:20,324 [pool-624-thread-1] INFO  server.RaftServerConfigKeys (ConfUtils.java:logGet(46)) - raft.server.threadpool.server.size = 0 (default)
2022-07-27 13:51:20,324 [pool-624-thread-1] INFO  server.RaftServerConfigKeys (ConfUtils.java:logGet(46)) - raft.server.threadpool.client.cached = true (default)
2022-07-27 13:51:20,324 [pool-624-thread-1] INFO  server.RaftServerConfigKeys (ConfUtils.java:logGet(46)) - raft.server.threadpool.client.size = 0 (default)
2022-07-27 13:51:20,324 [pool-624-thread-1] INFO  server.RaftServer$Division (RaftServerImpl.java:start(310)) - 366e6065-a50f-499f-97ce-c324ed4f2808@group-0F6684652F28: start as a follower, conf=-1: [366e6065-a50f-499f-97ce-c324ed4f2808|rpc:10.1.0.21:41283|dataStream:|priority:1, 462f06fe-cae1-4868-8f74-05801ae52ce2|rpc:10.1.0.21:35767|dataStream:|priority:0, 32550fa0-9153-4d09-8fa0-706fd13e6797|rpc:10.1.0.21:42101|dataStream:|priority:0], old=null
2022-07-27 13:51:20,324 [pool-624-thread-1] INFO  server.RaftServer$Division (RaftServerImpl.java:setRole(299)) - 366e6065-a50f-499f-97ce-c324ed4f2808@group-0F6684652F28: changes role from      null to FOLLOWER at term 0 for startAsFollower
2022-07-27 13:51:20,324 [pool-624-thread-1] INFO  impl.RoleInfo (RoleInfo.java:updateAndGet(139)) - 366e6065-a50f-499f-97ce-c324ed4f2808: start 366e6065-a50f-499f-97ce-c324ed4f2808@group-0F6684652F28-FollowerState
2022-07-27 13:51:20,325 [pool-624-thread-1] INFO  util.JmxRegister (JmxRegister.java:tryRegister(44)) - Successfully registered JMX Bean with object name Ratis:service=RaftServer,group=group-0F6684652F28,id=366e6065-a50f-499f-97ce-c324ed4f2808
2022-07-27 13:51:20,372 [grpc-default-executor-0] INFO  server.RaftServer (RaftServerProxy.java:addNew(96)) - 462f06fe-cae1-4868-8f74-05801ae52ce2: addNew group-0F6684652F28:[366e6065-a50f-499f-97ce-c324ed4f2808|rpc:10.1.0.21:41283|dataStream:|priority:1, 462f06fe-cae1-4868-8f74-05801ae52ce2|rpc:10.1.0.21:35767|dataStream:|priority:0, 32550fa0-9153-4d09-8fa0-706fd13e6797|rpc:10.1.0.21:42101|dataStream:|priority:0] returns group-0F6684652F28:java.util.concurrent.CompletableFuture@40a4769b[Not completed]
2022-07-27 13:51:20,373 [pool-647-thread-1] INFO  server.RaftServer$Division (RaftServerImpl.java:<init>(190)) - 462f06fe-cae1-4868-8f74-05801ae52ce2: new RaftServerImpl for group-0F6684652F28:[366e6065-a50f-499f-97ce-c324ed4f2808|rpc:10.1.0.21:41283|dataStream:|priority:1, 462f06fe-cae1-4868-8f74-05801ae52ce2|rpc:10.1.0.21:35767|dataStream:|priority:0, 32550fa0-9153-4d09-8fa0-706fd13e6797|rpc:10.1.0.21:42101|dataStream:|priority:0] with ContainerStateMachine:uninitialized
2022-07-27 13:51:20,375 [pool-647-thread-1] INFO  server.RaftServerConfigKeys (ConfUtils.java:logGet(46)) - raft.server.rpc.timeout.min = 5s (custom)
2022-07-27 13:51:20,375 [pool-647-thread-1] INFO  server.RaftServerConfigKeys (ConfUtils.java:logGet(46)) - raft.server.rpc.timeout.max = 5200ms (custom)
2022-07-27 13:51:20,375 [pool-647-thread-1] INFO  server.RaftServerConfigKeys (ConfUtils.java:logGet(46)) - raft.server.rpc.sleep.time = 25ms (default)
2022-07-27 13:51:20,375 [pool-647-thread-1] INFO  server.RaftServerConfigKeys (ConfUtils.java:logGet(46)) - raft.server.rpc.slowness.timeout = 300s (custom)
2022-07-27 13:51:20,375 [pool-647-thread-1] INFO  server.RaftServerConfigKeys (ConfUtils.java:logGet(46)) - raft.server.leaderelection.leader.step-down.wait-time = 10s (default)
2022-07-27 13:51:20,375 [pool-647-thread-1] INFO  server.RaftServerConfigKeys (ConfUtils.java:logGet(46)) - raft.server.sleep.deviation.threshold = 300ms (default)
2022-07-27 13:51:20,375 [pool-647-thread-1] INFO  server.RaftServer$Division (ServerState.java:<init>(107)) - 462f06fe-cae1-4868-8f74-05801ae52ce2@group-0F6684652F28: ConfigurationManager, init=-1: [366e6065-a50f-499f-97ce-c324ed4f2808|rpc:10.1.0.21:41283|dataStream:|priority:1, 462f06fe-cae1-4868-8f74-05801ae52ce2|rpc:10.1.0.21:35767|dataStream:|priority:0, 32550fa0-9153-4d09-8fa0-706fd13e6797|rpc:10.1.0.21:42101|dataStream:|priority:0], old=null, confs=<EMPTY_MAP>
2022-07-27 13:51:20,376 [pool-647-thread-1] INFO  server.RaftServerConfigKeys (ConfUtils.java:logGet(46)) - raft.server.storage.dir = [/home/runner/work/ozone/ozone/hadoop-ozone/integration-test/target/test-dir/MiniOzoneClusterImpl-e3e01987-94f8-4a87-8a0d-2583aef5e8b1/datanode-2/data/ratis] (custom)
2022-07-27 13:51:20,376 [pool-647-thread-1] INFO  server.RaftServerConfigKeys (ConfUtils.java:logGet(46)) - raft.server.log.corruption.policy = EXCEPTION (default)
2022-07-27 13:51:20,376 [pool-647-thread-1] INFO  server.RaftServerConfigKeys (ConfUtils.java:logGet(46)) - raft.server.storage.free-space.min = 0MB (=0) (default)
2022-07-27 13:51:20,376 [pool-647-thread-1] INFO  storage.RaftStorageDirectory (RaftStorageDirectoryImpl.java:analyzeStorage(135)) - The storage directory /home/runner/work/ozone/ozone/hadoop-ozone/integration-test/target/test-dir/MiniOzoneClusterImpl-e3e01987-94f8-4a87-8a0d-2583aef5e8b1/datanode-2/data/ratis/148f56dc-8dd3-4460-9900-0f6684652f28 does not exist. Creating ...
2022-07-27 13:51:20,391 [pool-647-thread-1] INFO  storage.RaftStorageDirectory (RaftStorageDirectoryImpl.java:tryLock(230)) - Lock on /home/runner/work/ozone/ozone/hadoop-ozone/integration-test/target/test-dir/MiniOzoneClusterImpl-e3e01987-94f8-4a87-8a0d-2583aef5e8b1/datanode-2/data/ratis/148f56dc-8dd3-4460-9900-0f6684652f28/in_use.lock acquired by nodename 11093@fv-az217-261
2022-07-27 13:51:20,403 [pool-647-thread-1] INFO  storage.RaftStorage (RaftStorageImpl.java:format(89)) - Storage directory /home/runner/work/ozone/ozone/hadoop-ozone/integration-test/target/test-dir/MiniOzoneClusterImpl-e3e01987-94f8-4a87-8a0d-2583aef5e8b1/datanode-2/data/ratis/148f56dc-8dd3-4460-9900-0f6684652f28 has been successfully formatted.
2022-07-27 13:51:20,403 [pool-647-thread-1] INFO  ratis.ContainerStateMachine (ContainerStateMachine.java:loadSnapshot(236)) - group-0F6684652F28: The snapshot info is null. Setting the last applied indexto:(t:0, i:~)
2022-07-27 13:51:20,435 [pool-647-thread-1] INFO  server.RaftServerConfigKeys (ConfUtils.java:logGet(46)) - raft.server.notification.no-leader.timeout = 300s (custom)
2022-07-27 13:51:20,435 [pool-647-thread-1] INFO  server.RaftServerConfigKeys (ConfUtils.java:logGet(46)) - raft.server.log.use.memory = false (default)
2022-07-27 13:51:20,435 [pool-647-thread-1] INFO  server.RaftServerConfigKeys (ConfUtils.java:logGet(46)) - raft.server.log.purge.gap = 1000000 (custom)
2022-07-27 13:51:20,435 [pool-647-thread-1] INFO  server.RaftServerConfigKeys (ConfUtils.java:logGet(46)) - raft.server.log.appender.buffer.byte-limit = 33554432 (custom)
2022-07-27 13:51:20,435 [pool-647-thread-1] INFO  server.RaftServerConfigKeys (ConfUtils.java:logGet(46)) - raft.server.log.statemachine.data.read.timeout = 1000ms (default)
2022-07-27 13:51:20,436 [pool-647-thread-1] INFO  server.RaftServerConfigKeys (ConfUtils.java:logGet(46)) - raft.server.log.segment.size.max = 1048576 (custom)
2022-07-27 13:51:20,436 [pool-647-thread-1] INFO  server.RaftServerConfigKeys (ConfUtils.java:logGet(46)) - raft.server.log.segment.cache.num.max = 2 (custom)
2022-07-27 13:51:20,436 [pool-647-thread-1] INFO  server.RaftServerConfigKeys (ConfUtils.java:logGet(46)) - raft.server.log.segment.cache.size.max = 200MB (=209715200) (default)
2022-07-27 13:51:20,436 [pool-647-thread-1] INFO  segmented.SegmentedRaftLogWorker (SegmentedRaftLogWorker.java:<init>(187)) - new 462f06fe-cae1-4868-8f74-05801ae52ce2@group-0F6684652F28-SegmentedRaftLogWorker for RaftStorageImpl:Storage Directory /home/runner/work/ozone/ozone/hadoop-ozone/integration-test/target/test-dir/MiniOzoneClusterImpl-e3e01987-94f8-4a87-8a0d-2583aef5e8b1/datanode-2/data/ratis/148f56dc-8dd3-4460-9900-0f6684652f28
2022-07-27 13:51:20,436 [pool-647-thread-1] INFO  server.RaftServerConfigKeys (ConfUtils.java:logGet(46)) - raft.server.log.queue.byte-limit = 4294967296 (custom)
2022-07-27 13:51:20,436 [pool-647-thread-1] INFO  server.RaftServerConfigKeys (ConfUtils.java:logGet(46)) - raft.server.log.queue.element-limit = 1024 (custom)
2022-07-27 13:51:20,436 [pool-647-thread-1] INFO  server.RaftServerConfigKeys (ConfUtils.java:logGet(46)) - raft.server.log.segment.size.max = 1048576 (custom)
2022-07-27 13:51:20,436 [pool-647-thread-1] INFO  server.RaftServerConfigKeys (ConfUtils.java:logGet(46)) - raft.server.log.preallocated.size = 16384 (custom)
2022-07-27 13:51:20,436 [pool-647-thread-1] INFO  server.RaftServerConfigKeys (ConfUtils.java:logGet(46)) - raft.server.log.force.sync.num = 128 (default)
2022-07-27 13:51:20,436 [pool-647-thread-1] INFO  server.RaftServerConfigKeys (ConfUtils.java:logGet(46)) - raft.server.log.statemachine.data.sync = true (default)
2022-07-27 13:51:20,436 [pool-647-thread-1] INFO  server.RaftServerConfigKeys (ConfUtils.java:logGet(46)) - raft.server.log.statemachine.data.sync.timeout = 10s (default)
2022-07-27 13:51:20,436 [pool-647-thread-1] INFO  server.RaftServerConfigKeys (ConfUtils.java:logGet(46)) - raft.server.log.statemachine.data.sync.timeout.retry = -1 (default)
2022-07-27 13:51:20,437 [pool-647-thread-1] INFO  server.RaftServerConfigKeys (ConfUtils.java:logGet(46)) - raft.server.log.write.buffer.size = 1048576 (custom)
2022-07-27 13:51:20,438 [pool-647-thread-1] INFO  server.RaftServerConfigKeys (ConfUtils.java:logGet(46)) - raft.server.log.unsafe-flush.enabled = false (default)
2022-07-27 13:51:20,438 [pool-647-thread-1] INFO  server.RaftServerConfigKeys (ConfUtils.java:logGet(46)) - raft.server.log.statemachine.data.caching.enabled = true (custom)
2022-07-27 13:51:20,438 [pool-647-thread-1] INFO  segmented.SegmentedRaftLogWorker (SegmentedRaftLogWorker.java:lambda$new$0(135)) - 462f06fe-cae1-4868-8f74-05801ae52ce2@group-0F6684652F28-SegmentedRaftLogWorker: flushIndex: setUnconditionally 0 -> -1
2022-07-27 13:51:20,438 [pool-647-thread-1] INFO  segmented.SegmentedRaftLogWorker (SegmentedRaftLogWorker.java:lambda$new$0(135)) - 462f06fe-cae1-4868-8f74-05801ae52ce2@group-0F6684652F28-SegmentedRaftLogWorker: safeCacheEvictIndex: setUnconditionally 0 -> -1
2022-07-27 13:51:20,455 [pool-647-thread-1] INFO  server.RaftServerConfigKeys (ConfUtils.java:logGet(46)) - raft.server.snapshot.auto.trigger.enabled = true (custom)
2022-07-27 13:51:20,455 [pool-647-thread-1] INFO  server.RaftServerConfigKeys (ConfUtils.java:logGet(46)) - raft.server.snapshot.auto.trigger.threshold = 10000 (custom)
2022-07-27 13:51:20,455 [pool-647-thread-1] INFO  server.RaftServerConfigKeys (ConfUtils.java:logGet(46)) - raft.server.snapshot.retention.file.num = 5 (custom)
2022-07-27 13:51:20,455 [pool-647-thread-1] INFO  server.RaftServerConfigKeys (ConfUtils.java:logGet(46)) - raft.server.log.purge.upto.snapshot.index = false (default)
2022-07-27 13:51:20,455 [pool-647-thread-1] INFO  server.RaftServerConfigKeys (ConfUtils.java:logGet(46)) - raft.server.retrycache.expirytime = 600000ms (custom)
2022-07-27 13:51:20,455 [pool-647-thread-1] INFO  server.RaftServerConfigKeys (ConfUtils.java:logGet(46)) - raft.server.retrycache.statistics.expirytime = 100μs (default)
2022-07-27 13:51:20,456 [pool-647-thread-1] INFO  server.RaftServerConfigKeys (ConfUtils.java:logGet(46)) - raft.server.log.appender.install.snapshot.enabled = false (custom)
2022-07-27 13:51:20,456 [pool-647-thread-1] INFO  server.RaftServerConfigKeys (ConfUtils.java:logGet(46)) - raft.server.threadpool.server.cached = true (default)
2022-07-27 13:51:20,456 [pool-647-thread-1] INFO  server.RaftServerConfigKeys (ConfUtils.java:logGet(46)) - raft.server.threadpool.server.size = 0 (default)
2022-07-27 13:51:20,457 [pool-647-thread-1] INFO  server.RaftServerConfigKeys (ConfUtils.java:logGet(46)) - raft.server.threadpool.client.cached = true (default)
2022-07-27 13:51:20,457 [pool-647-thread-1] INFO  server.RaftServerConfigKeys (ConfUtils.java:logGet(46)) - raft.server.threadpool.client.size = 0 (default)
2022-07-27 13:51:20,457 [pool-647-thread-1] INFO  server.RaftServer$Division (RaftServerImpl.java:start(310)) - 462f06fe-cae1-4868-8f74-05801ae52ce2@group-0F6684652F28: start as a follower, conf=-1: [366e6065-a50f-499f-97ce-c324ed4f2808|rpc:10.1.0.21:41283|dataStream:|priority:1, 462f06fe-cae1-4868-8f74-05801ae52ce2|rpc:10.1.0.21:35767|dataStream:|priority:0, 32550fa0-9153-4d09-8fa0-706fd13e6797|rpc:10.1.0.21:42101|dataStream:|priority:0], old=null
2022-07-27 13:51:20,457 [pool-647-thread-1] INFO  server.RaftServer$Division (RaftServerImpl.java:setRole(299)) - 462f06fe-cae1-4868-8f74-05801ae52ce2@group-0F6684652F28: changes role from      null to FOLLOWER at term 0 for startAsFollower
2022-07-27 13:51:20,457 [pool-647-thread-1] INFO  impl.RoleInfo (RoleInfo.java:updateAndGet(139)) - 462f06fe-cae1-4868-8f74-05801ae52ce2: start 462f06fe-cae1-4868-8f74-05801ae52ce2@group-0F6684652F28-FollowerState
2022-07-27 13:51:20,460 [pool-647-thread-1] INFO  util.JmxRegister (JmxRegister.java:tryRegister(44)) - Successfully registered JMX Bean with object name Ratis:service=RaftServer,group=group-0F6684652F28,id=462f06fe-cae1-4868-8f74-05801ae52ce2
2022-07-27 13:51:20,490 [Command processor thread] INFO  commandhandler.CreatePipelineCommandHandler (CreatePipelineCommandHandler.java:handle(113)) - Created Pipeline RATIS THREE PipelineID=148f56dc-8dd3-4460-9900-0f6684652f28.
2022-07-27 13:51:20,490 [Command processor thread] INFO  server.RaftServer (RaftServerProxy.java:addNew(96)) - 32550fa0-9153-4d09-8fa0-706fd13e6797: addNew group-EA1BF7A302C0:[366e6065-a50f-499f-97ce-c324ed4f2808|rpc:10.1.0.21:41283|priority:0, 462f06fe-cae1-4868-8f74-05801ae52ce2|rpc:10.1.0.21:35767|priority:0, 32550fa0-9153-4d09-8fa0-706fd13e6797|rpc:10.1.0.21:42101|priority:1] returns group-EA1BF7A302C0:java.util.concurrent.CompletableFuture@32a89fac[Not completed]
2022-07-27 13:51:20,491 [pool-601-thread-1] INFO  server.RaftServer$Division (RaftServerImpl.java:<init>(190)) - 32550fa0-9153-4d09-8fa0-706fd13e6797: new RaftServerImpl for group-EA1BF7A302C0:[366e6065-a50f-499f-97ce-c324ed4f2808|rpc:10.1.0.21:41283|priority:0, 462f06fe-cae1-4868-8f74-05801ae52ce2|rpc:10.1.0.21:35767|priority:0, 32550fa0-9153-4d09-8fa0-706fd13e6797|rpc:10.1.0.21:42101|priority:1] with ContainerStateMachine:uninitialized
2022-07-27 13:51:20,491 [pool-601-thread-1] INFO  server.RaftServerConfigKeys (ConfUtils.java:logGet(46)) - raft.server.rpc.timeout.min = 5s (custom)
2022-07-27 13:51:20,491 [pool-601-thread-1] INFO  server.RaftServerConfigKeys (ConfUtils.java:logGet(46)) - raft.server.rpc.timeout.max = 5200ms (custom)
2022-07-27 13:51:20,491 [pool-601-thread-1] INFO  server.RaftServerConfigKeys (ConfUtils.java:logGet(46)) - raft.server.rpc.sleep.time = 25ms (default)
2022-07-27 13:51:20,491 [pool-601-thread-1] INFO  server.RaftServerConfigKeys (ConfUtils.java:logGet(46)) - raft.server.rpc.slowness.timeout = 300s (custom)
2022-07-27 13:51:20,491 [pool-601-thread-1] INFO  server.RaftServerConfigKeys (ConfUtils.java:logGet(46)) - raft.server.leaderelection.leader.step-down.wait-time = 10s (default)
2022-07-27 13:51:20,491 [pool-601-thread-1] INFO  server.RaftServerConfigKeys (ConfUtils.java:logGet(46)) - raft.server.sleep.deviation.threshold = 300ms (default)
2022-07-27 13:51:20,491 [pool-601-thread-1] INFO  server.RaftServer$Division (ServerState.java:<init>(107)) - 32550fa0-9153-4d09-8fa0-706fd13e6797@group-EA1BF7A302C0: ConfigurationManager, init=-1: [366e6065-a50f-499f-97ce-c324ed4f2808|rpc:10.1.0.21:41283|priority:0, 462f06fe-cae1-4868-8f74-05801ae52ce2|rpc:10.1.0.21:35767|priority:0, 32550fa0-9153-4d09-8fa0-706fd13e6797|rpc:10.1.0.21:42101|priority:1], old=null, confs=<EMPTY_MAP>
2022-07-27 13:51:20,491 [pool-601-thread-1] INFO  server.RaftServerConfigKeys (ConfUtils.java:logGet(46)) - raft.server.storage.dir = [/home/runner/work/ozone/ozone/hadoop-ozone/integration-test/target/test-dir/MiniOzoneClusterImpl-e3e01987-94f8-4a87-8a0d-2583aef5e8b1/datanode-0/data/ratis] (custom)
2022-07-27 13:51:20,491 [pool-601-thread-1] INFO  server.RaftServerConfigKeys (ConfUtils.java:logGet(46)) - raft.server.log.corruption.policy = EXCEPTION (default)
2022-07-27 13:51:20,491 [pool-601-thread-1] INFO  server.RaftServerConfigKeys (ConfUtils.java:logGet(46)) - raft.server.storage.free-space.min = 0MB (=0) (default)
2022-07-27 13:51:20,492 [pool-601-thread-1] INFO  storage.RaftStorageDirectory (RaftStorageDirectoryImpl.java:analyzeStorage(135)) - The storage directory /home/runner/work/ozone/ozone/hadoop-ozone/integration-test/target/test-dir/MiniOzoneClusterImpl-e3e01987-94f8-4a87-8a0d-2583aef5e8b1/datanode-0/data/ratis/7ea47a8d-5c69-44ac-805f-ea1bf7a302c0 does not exist. Creating ...
2022-07-27 13:51:20,496 [pool-601-thread-1] INFO  storage.RaftStorageDirectory (RaftStorageDirectoryImpl.java:tryLock(230)) - Lock on /home/runner/work/ozone/ozone/hadoop-ozone/integration-test/target/test-dir/MiniOzoneClusterImpl-e3e01987-94f8-4a87-8a0d-2583aef5e8b1/datanode-0/data/ratis/7ea47a8d-5c69-44ac-805f-ea1bf7a302c0/in_use.lock acquired by nodename 11093@fv-az217-261
2022-07-27 13:51:20,497 [pool-601-thread-1] INFO  storage.RaftStorage (RaftStorageImpl.java:format(89)) - Storage directory /home/runner/work/ozone/ozone/hadoop-ozone/integration-test/target/test-dir/MiniOzoneClusterImpl-e3e01987-94f8-4a87-8a0d-2583aef5e8b1/datanode-0/data/ratis/7ea47a8d-5c69-44ac-805f-ea1bf7a302c0 has been successfully formatted.
2022-07-27 13:51:20,497 [pool-601-thread-1] INFO  ratis.ContainerStateMachine (ContainerStateMachine.java:loadSnapshot(236)) - group-EA1BF7A302C0: The snapshot info is null. Setting the last applied indexto:(t:0, i:~)
2022-07-27 13:51:20,497 [pool-601-thread-1] INFO  server.RaftServerConfigKeys (ConfUtils.java:logGet(46)) - raft.server.notification.no-leader.timeout = 300s (custom)
2022-07-27 13:51:20,497 [pool-601-thread-1] INFO  server.RaftServerConfigKeys (ConfUtils.java:logGet(46)) - raft.server.log.use.memory = false (default)
2022-07-27 13:51:20,497 [pool-601-thread-1] INFO  server.RaftServerConfigKeys (ConfUtils.java:logGet(46)) - raft.server.log.purge.gap = 1000000 (custom)
2022-07-27 13:51:20,497 [pool-601-thread-1] INFO  server.RaftServerConfigKeys (ConfUtils.java:logGet(46)) - raft.server.log.appender.buffer.byte-limit = 33554432 (custom)
2022-07-27 13:51:20,497 [pool-601-thread-1] INFO  server.RaftServerConfigKeys (ConfUtils.java:logGet(46)) - raft.server.log.statemachine.data.read.timeout = 1000ms (default)
2022-07-27 13:51:20,498 [pool-601-thread-1] INFO  server.RaftServerConfigKeys (ConfUtils.java:logGet(46)) - raft.server.log.segment.size.max = 1048576 (custom)
2022-07-27 13:51:20,498 [pool-601-thread-1] INFO  server.RaftServerConfigKeys (ConfUtils.java:logGet(46)) - raft.server.log.segment.cache.num.max = 2 (custom)
2022-07-27 13:51:20,498 [pool-601-thread-1] INFO  server.RaftServerConfigKeys (ConfUtils.java:logGet(46)) - raft.server.log.segment.cache.size.max = 200MB (=209715200) (default)
2022-07-27 13:51:20,498 [pool-601-thread-1] INFO  segmented.SegmentedRaftLogWorker (SegmentedRaftLogWorker.java:<init>(187)) - new 32550fa0-9153-4d09-8fa0-706fd13e6797@group-EA1BF7A302C0-SegmentedRaftLogWorker for RaftStorageImpl:Storage Directory /home/runner/work/ozone/ozone/hadoop-ozone/integration-test/target/test-dir/MiniOzoneClusterImpl-e3e01987-94f8-4a87-8a0d-2583aef5e8b1/datanode-0/data/ratis/7ea47a8d-5c69-44ac-805f-ea1bf7a302c0
2022-07-27 13:51:20,498 [pool-601-thread-1] INFO  server.RaftServerConfigKeys (ConfUtils.java:logGet(46)) - raft.server.log.queue.byte-limit = 4294967296 (custom)
2022-07-27 13:51:20,498 [pool-601-thread-1] INFO  server.RaftServerConfigKeys (ConfUtils.java:logGet(46)) - raft.server.log.queue.element-limit = 1024 (custom)
2022-07-27 13:51:20,498 [EventQueue-OpenPipelineForHealthyPipelineSafeModeRule] INFO  safemode.SCMSafeModeManager (HealthyPipelineSafeModeRule.java:process(137)) - SCM in safe mode. Healthy pipelines reported count is 0, required healthy pipeline reported count is 1
2022-07-27 13:51:20,498 [pool-601-thread-1] INFO  server.RaftServerConfigKeys (ConfUtils.java:logGet(46)) - raft.server.log.segment.size.max = 1048576 (custom)
2022-07-27 13:51:20,498 [pool-601-thread-1] INFO  server.RaftServerConfigKeys (ConfUtils.java:logGet(46)) - raft.server.log.preallocated.size = 16384 (custom)
2022-07-27 13:51:20,498 [pool-601-thread-1] INFO  server.RaftServerConfigKeys (ConfUtils.java:logGet(46)) - raft.server.log.force.sync.num = 128 (default)
2022-07-27 13:51:20,498 [pool-601-thread-1] INFO  server.RaftServerConfigKeys (ConfUtils.java:logGet(46)) - raft.server.log.statemachine.data.sync = true (default)
2022-07-27 13:51:20,498 [pool-601-thread-1] INFO  server.RaftServerConfigKeys (ConfUtils.java:logGet(46)) - raft.server.log.statemachine.data.sync.timeout = 10s (default)
2022-07-27 13:51:20,498 [pool-601-thread-1] INFO  server.RaftServerConfigKeys (ConfUtils.java:logGet(46)) - raft.server.log.statemachine.data.sync.timeout.retry = -1 (default)
2022-07-27 13:51:20,499 [pool-601-thread-1] INFO  server.RaftServerConfigKeys (ConfUtils.java:logGet(46)) - raft.server.log.write.buffer.size = 1048576 (custom)
2022-07-27 13:51:20,500 [pool-601-thread-1] INFO  server.RaftServerConfigKeys (ConfUtils.java:logGet(46)) - raft.server.log.unsafe-flush.enabled = false (default)
2022-07-27 13:51:20,500 [pool-601-thread-1] INFO  server.RaftServerConfigKeys (ConfUtils.java:logGet(46)) - raft.server.log.statemachine.data.caching.enabled = true (custom)
2022-07-27 13:51:20,500 [pool-601-thread-1] INFO  segmented.SegmentedRaftLogWorker (SegmentedRaftLogWorker.java:lambda$new$0(135)) - 32550fa0-9153-4d09-8fa0-706fd13e6797@group-EA1BF7A302C0-SegmentedRaftLogWorker: flushIndex: setUnconditionally 0 -> -1
2022-07-27 13:51:20,500 [pool-601-thread-1] INFO  segmented.SegmentedRaftLogWorker (SegmentedRaftLogWorker.java:lambda$new$0(135)) - 32550fa0-9153-4d09-8fa0-706fd13e6797@group-EA1BF7A302C0-SegmentedRaftLogWorker: safeCacheEvictIndex: setUnconditionally 0 -> -1
2022-07-27 13:51:20,511 [pool-601-thread-1] INFO  server.RaftServerConfigKeys (ConfUtils.java:logGet(46)) - raft.server.snapshot.auto.trigger.enabled = true (custom)
2022-07-27 13:51:20,511 [pool-601-thread-1] INFO  server.RaftServerConfigKeys (ConfUtils.java:logGet(46)) - raft.server.snapshot.auto.trigger.threshold = 10000 (custom)
2022-07-27 13:51:20,511 [pool-601-thread-1] INFO  server.RaftServerConfigKeys (ConfUtils.java:logGet(46)) - raft.server.snapshot.retention.file.num = 5 (custom)
2022-07-27 13:51:20,511 [pool-601-thread-1] INFO  server.RaftServerConfigKeys (ConfUtils.java:logGet(46)) - raft.server.log.purge.upto.snapshot.index = false (default)
2022-07-27 13:51:20,511 [pool-601-thread-1] INFO  server.RaftServerConfigKeys (ConfUtils.java:logGet(46)) - raft.server.retrycache.expirytime = 600000ms (custom)
2022-07-27 13:51:20,511 [pool-601-thread-1] INFO  server.RaftServerConfigKeys (ConfUtils.java:logGet(46)) - raft.server.retrycache.statistics.expirytime = 100μs (default)
2022-07-27 13:51:20,512 [pool-601-thread-1] INFO  server.RaftServerConfigKeys (ConfUtils.java:logGet(46)) - raft.server.log.appender.install.snapshot.enabled = false (custom)
2022-07-27 13:51:20,512 [pool-601-thread-1] INFO  server.RaftServerConfigKeys (ConfUtils.java:logGet(46)) - raft.server.threadpool.server.cached = true (default)
2022-07-27 13:51:20,512 [pool-601-thread-1] INFO  server.RaftServerConfigKeys (ConfUtils.java:logGet(46)) - raft.server.threadpool.server.size = 0 (default)
2022-07-27 13:51:20,512 [pool-601-thread-1] INFO  server.RaftServerConfigKeys (ConfUtils.java:logGet(46)) - raft.server.threadpool.client.cached = true (default)
2022-07-27 13:51:20,512 [pool-601-thread-1] INFO  server.RaftServerConfigKeys (ConfUtils.java:logGet(46)) - raft.server.threadpool.client.size = 0 (default)
2022-07-27 13:51:20,512 [pool-601-thread-1] INFO  server.RaftServer$Division (RaftServerImpl.java:start(310)) - 32550fa0-9153-4d09-8fa0-706fd13e6797@group-EA1BF7A302C0: start as a follower, conf=-1: [366e6065-a50f-499f-97ce-c324ed4f2808|rpc:10.1.0.21:41283|priority:0, 462f06fe-cae1-4868-8f74-05801ae52ce2|rpc:10.1.0.21:35767|priority:0, 32550fa0-9153-4d09-8fa0-706fd13e6797|rpc:10.1.0.21:42101|priority:1], old=null
2022-07-27 13:51:20,513 [pool-601-thread-1] INFO  server.RaftServer$Division (RaftServerImpl.java:setRole(299)) - 32550fa0-9153-4d09-8fa0-706fd13e6797@group-EA1BF7A302C0: changes role from      null to FOLLOWER at term 0 for startAsFollower
2022-07-27 13:51:20,513 [pool-601-thread-1] INFO  impl.RoleInfo (RoleInfo.java:updateAndGet(139)) - 32550fa0-9153-4d09-8fa0-706fd13e6797: start 32550fa0-9153-4d09-8fa0-706fd13e6797@group-EA1BF7A302C0-FollowerState
2022-07-27 13:51:20,523 [pool-601-thread-1] INFO  util.JmxRegister (JmxRegister.java:tryRegister(44)) - Successfully registered JMX Bean with object name Ratis:service=RaftServer,group=group-EA1BF7A302C0,id=32550fa0-9153-4d09-8fa0-706fd13e6797
2022-07-27 13:51:20,531 [Command processor thread] INFO  ratis.XceiverServerRatis (XceiverServerRatis.java:addGroup(765)) - Created group PipelineID=7ea47a8d-5c69-44ac-805f-ea1bf7a302c0
2022-07-27 13:51:20,563 [grpc-default-executor-0] INFO  server.RaftServer (RaftServerProxy.java:addNew(96)) - 462f06fe-cae1-4868-8f74-05801ae52ce2: addNew group-EA1BF7A302C0:[366e6065-a50f-499f-97ce-c324ed4f2808|rpc:10.1.0.21:41283|dataStream:|priority:0, 462f06fe-cae1-4868-8f74-05801ae52ce2|rpc:10.1.0.21:35767|dataStream:|priority:0, 32550fa0-9153-4d09-8fa0-706fd13e6797|rpc:10.1.0.21:42101|dataStream:|priority:1] returns group-EA1BF7A302C0:java.util.concurrent.CompletableFuture@17ded6cb[Not completed]
2022-07-27 13:51:20,564 [pool-647-thread-1] INFO  server.RaftServer$Division (RaftServerImpl.java:<init>(190)) - 462f06fe-cae1-4868-8f74-05801ae52ce2: new RaftServerImpl for group-EA1BF7A302C0:[366e6065-a50f-499f-97ce-c324ed4f2808|rpc:10.1.0.21:41283|dataStream:|priority:0, 462f06fe-cae1-4868-8f74-05801ae52ce2|rpc:10.1.0.21:35767|dataStream:|priority:0, 32550fa0-9153-4d09-8fa0-706fd13e6797|rpc:10.1.0.21:42101|dataStream:|priority:1] with ContainerStateMachine:uninitialized
2022-07-27 13:51:20,564 [pool-647-thread-1] INFO  server.RaftServerConfigKeys (ConfUtils.java:logGet(46)) - raft.server.rpc.timeout.min = 5s (custom)
2022-07-27 13:51:20,564 [pool-647-thread-1] INFO  server.RaftServerConfigKeys (ConfUtils.java:logGet(46)) - raft.server.rpc.timeout.max = 5200ms (custom)
2022-07-27 13:51:20,564 [pool-647-thread-1] INFO  server.RaftServerConfigKeys (ConfUtils.java:logGet(46)) - raft.server.rpc.sleep.time = 25ms (default)
2022-07-27 13:51:20,564 [pool-647-thread-1] INFO  server.RaftServerConfigKeys (ConfUtils.java:logGet(46)) - raft.server.rpc.slowness.timeout = 300s (custom)
2022-07-27 13:51:20,564 [pool-647-thread-1] INFO  server.RaftServerConfigKeys (ConfUtils.java:logGet(46)) - raft.server.leaderelection.leader.step-down.wait-time = 10s (default)
2022-07-27 13:51:20,564 [pool-647-thread-1] INFO  server.RaftServerConfigKeys (ConfUtils.java:logGet(46)) - raft.server.sleep.deviation.threshold = 300ms (default)
2022-07-27 13:51:20,564 [pool-647-thread-1] INFO  server.RaftServer$Division (ServerState.java:<init>(107)) - 462f06fe-cae1-4868-8f74-05801ae52ce2@group-EA1BF7A302C0: ConfigurationManager, init=-1: [366e6065-a50f-499f-97ce-c324ed4f2808|rpc:10.1.0.21:41283|dataStream:|priority:0, 462f06fe-cae1-4868-8f74-05801ae52ce2|rpc:10.1.0.21:35767|dataStream:|priority:0, 32550fa0-9153-4d09-8fa0-706fd13e6797|rpc:10.1.0.21:42101|dataStream:|priority:1], old=null, confs=<EMPTY_MAP>
2022-07-27 13:51:20,565 [pool-647-thread-1] INFO  server.RaftServerConfigKeys (ConfUtils.java:logGet(46)) - raft.server.storage.dir = [/home/runner/work/ozone/ozone/hadoop-ozone/integration-test/target/test-dir/MiniOzoneClusterImpl-e3e01987-94f8-4a87-8a0d-2583aef5e8b1/datanode-2/data/ratis] (custom)
2022-07-27 13:51:20,565 [pool-647-thread-1] INFO  server.RaftServerConfigKeys (ConfUtils.java:logGet(46)) - raft.server.log.corruption.policy = EXCEPTION (default)
2022-07-27 13:51:20,565 [pool-647-thread-1] INFO  server.RaftServerConfigKeys (ConfUtils.java:logGet(46)) - raft.server.storage.free-space.min = 0MB (=0) (default)
2022-07-27 13:51:20,565 [pool-647-thread-1] INFO  storage.RaftStorageDirectory (RaftStorageDirectoryImpl.java:analyzeStorage(135)) - The storage directory /home/runner/work/ozone/ozone/hadoop-ozone/integration-test/target/test-dir/MiniOzoneClusterImpl-e3e01987-94f8-4a87-8a0d-2583aef5e8b1/datanode-2/data/ratis/7ea47a8d-5c69-44ac-805f-ea1bf7a302c0 does not exist. Creating ...
2022-07-27 13:51:20,571 [pool-647-thread-1] INFO  storage.RaftStorageDirectory (RaftStorageDirectoryImpl.java:tryLock(230)) - Lock on /home/runner/work/ozone/ozone/hadoop-ozone/integration-test/target/test-dir/MiniOzoneClusterImpl-e3e01987-94f8-4a87-8a0d-2583aef5e8b1/datanode-2/data/ratis/7ea47a8d-5c69-44ac-805f-ea1bf7a302c0/in_use.lock acquired by nodename 11093@fv-az217-261
2022-07-27 13:51:20,573 [pool-647-thread-1] INFO  storage.RaftStorage (RaftStorageImpl.java:format(89)) - Storage directory /home/runner/work/ozone/ozone/hadoop-ozone/integration-test/target/test-dir/MiniOzoneClusterImpl-e3e01987-94f8-4a87-8a0d-2583aef5e8b1/datanode-2/data/ratis/7ea47a8d-5c69-44ac-805f-ea1bf7a302c0 has been successfully formatted.
2022-07-27 13:51:20,574 [pool-647-thread-1] INFO  ratis.ContainerStateMachine (ContainerStateMachine.java:loadSnapshot(236)) - group-EA1BF7A302C0: The snapshot info is null. Setting the last applied indexto:(t:0, i:~)
2022-07-27 13:51:20,574 [pool-647-thread-1] INFO  server.RaftServerConfigKeys (ConfUtils.java:logGet(46)) - raft.server.notification.no-leader.timeout = 300s (custom)
2022-07-27 13:51:20,574 [pool-647-thread-1] INFO  server.RaftServerConfigKeys (ConfUtils.java:logGet(46)) - raft.server.log.use.memory = false (default)
2022-07-27 13:51:20,574 [pool-647-thread-1] INFO  server.RaftServerConfigKeys (ConfUtils.java:logGet(46)) - raft.server.log.purge.gap = 1000000 (custom)
2022-07-27 13:51:20,574 [pool-647-thread-1] INFO  server.RaftServerConfigKeys (ConfUtils.java:logGet(46)) - raft.server.log.appender.buffer.byte-limit = 33554432 (custom)
2022-07-27 13:51:20,574 [pool-647-thread-1] INFO  server.RaftServerConfigKeys (ConfUtils.java:logGet(46)) - raft.server.log.statemachine.data.read.timeout = 1000ms (default)
2022-07-27 13:51:20,574 [pool-647-thread-1] INFO  server.RaftServerConfigKeys (ConfUtils.java:logGet(46)) - raft.server.log.segment.size.max = 1048576 (custom)
2022-07-27 13:51:20,575 [pool-647-thread-1] INFO  server.RaftServerConfigKeys (ConfUtils.java:logGet(46)) - raft.server.log.segment.cache.num.max = 2 (custom)
2022-07-27 13:51:20,575 [pool-647-thread-1] INFO  server.RaftServerConfigKeys (ConfUtils.java:logGet(46)) - raft.server.log.segment.cache.size.max = 200MB (=209715200) (default)
2022-07-27 13:51:20,575 [pool-647-thread-1] INFO  segmented.SegmentedRaftLogWorker (SegmentedRaftLogWorker.java:<init>(187)) - new 462f06fe-cae1-4868-8f74-05801ae52ce2@group-EA1BF7A302C0-SegmentedRaftLogWorker for RaftStorageImpl:Storage Directory /home/runner/work/ozone/ozone/hadoop-ozone/integration-test/target/test-dir/MiniOzoneClusterImpl-e3e01987-94f8-4a87-8a0d-2583aef5e8b1/datanode-2/data/ratis/7ea47a8d-5c69-44ac-805f-ea1bf7a302c0
2022-07-27 13:51:20,575 [pool-647-thread-1] INFO  server.RaftServerConfigKeys (ConfUtils.java:logGet(46)) - raft.server.log.queue.byte-limit = 4294967296 (custom)
2022-07-27 13:51:20,575 [pool-647-thread-1] INFO  server.RaftServerConfigKeys (ConfUtils.java:logGet(46)) - raft.server.log.queue.element-limit = 1024 (custom)
2022-07-27 13:51:20,575 [pool-647-thread-1] INFO  server.RaftServerConfigKeys (ConfUtils.java:logGet(46)) - raft.server.log.segment.size.max = 1048576 (custom)
2022-07-27 13:51:20,575 [pool-647-thread-1] INFO  server.RaftServerConfigKeys (ConfUtils.java:logGet(46)) - raft.server.log.preallocated.size = 16384 (custom)
2022-07-27 13:51:20,575 [pool-647-thread-1] INFO  server.RaftServerConfigKeys (ConfUtils.java:logGet(46)) - raft.server.log.force.sync.num = 128 (default)
2022-07-27 13:51:20,575 [pool-647-thread-1] INFO  server.RaftServerConfigKeys (ConfUtils.java:logGet(46)) - raft.server.log.statemachine.data.sync = true (default)
2022-07-27 13:51:20,575 [pool-647-thread-1] INFO  server.RaftServerConfigKeys (ConfUtils.java:logGet(46)) - raft.server.log.statemachine.data.sync.timeout = 10s (default)
2022-07-27 13:51:20,575 [pool-647-thread-1] INFO  server.RaftServerConfigKeys (ConfUtils.java:logGet(46)) - raft.server.log.statemachine.data.sync.timeout.retry = -1 (default)
2022-07-27 13:51:20,576 [pool-647-thread-1] INFO  server.RaftServerConfigKeys (ConfUtils.java:logGet(46)) - raft.server.log.write.buffer.size = 1048576 (custom)
2022-07-27 13:51:20,577 [pool-647-thread-1] INFO  server.RaftServerConfigKeys (ConfUtils.java:logGet(46)) - raft.server.log.unsafe-flush.enabled = false (default)
2022-07-27 13:51:20,577 [pool-647-thread-1] INFO  server.RaftServerConfigKeys (ConfUtils.java:logGet(46)) - raft.server.log.statemachine.data.caching.enabled = true (custom)
2022-07-27 13:51:20,577 [pool-647-thread-1] INFO  segmented.SegmentedRaftLogWorker (SegmentedRaftLogWorker.java:lambda$new$0(135)) - 462f06fe-cae1-4868-8f74-05801ae52ce2@group-EA1BF7A302C0-SegmentedRaftLogWorker: flushIndex: setUnconditionally 0 -> -1
2022-07-27 13:51:20,577 [pool-647-thread-1] INFO  segmented.SegmentedRaftLogWorker (SegmentedRaftLogWorker.java:lambda$new$0(135)) - 462f06fe-cae1-4868-8f74-05801ae52ce2@group-EA1BF7A302C0-SegmentedRaftLogWorker: safeCacheEvictIndex: setUnconditionally 0 -> -1
2022-07-27 13:51:20,607 [pool-647-thread-1] INFO  server.RaftServerConfigKeys (ConfUtils.java:logGet(46)) - raft.server.snapshot.auto.trigger.enabled = true (custom)
2022-07-27 13:51:20,607 [pool-647-thread-1] INFO  server.RaftServerConfigKeys (ConfUtils.java:logGet(46)) - raft.server.snapshot.auto.trigger.threshold = 10000 (custom)
2022-07-27 13:51:20,607 [pool-647-thread-1] INFO  server.RaftServerConfigKeys (ConfUtils.java:logGet(46)) - raft.server.snapshot.retention.file.num = 5 (custom)
2022-07-27 13:51:20,607 [pool-647-thread-1] INFO  server.RaftServerConfigKeys (ConfUtils.java:logGet(46)) - raft.server.log.purge.upto.snapshot.index = false (default)
2022-07-27 13:51:20,607 [pool-647-thread-1] INFO  server.RaftServerConfigKeys (ConfUtils.java:logGet(46)) - raft.server.retrycache.expirytime = 600000ms (custom)
2022-07-27 13:51:20,607 [pool-647-thread-1] INFO  server.RaftServerConfigKeys (ConfUtils.java:logGet(46)) - raft.server.retrycache.statistics.expirytime = 100μs (default)
2022-07-27 13:51:20,608 [pool-647-thread-1] INFO  server.RaftServerConfigKeys (ConfUtils.java:logGet(46)) - raft.server.log.appender.install.snapshot.enabled = false (custom)
2022-07-27 13:51:20,608 [pool-647-thread-1] INFO  server.RaftServerConfigKeys (ConfUtils.java:logGet(46)) - raft.server.threadpool.server.cached = true (default)
2022-07-27 13:51:20,609 [pool-647-thread-1] INFO  server.RaftServerConfigKeys (ConfUtils.java:logGet(46)) - raft.server.threadpool.server.size = 0 (default)
2022-07-27 13:51:20,609 [pool-647-thread-1] INFO  server.RaftServerConfigKeys (ConfUtils.java:logGet(46)) - raft.server.threadpool.client.cached = true (default)
2022-07-27 13:51:20,609 [pool-647-thread-1] INFO  server.RaftServerConfigKeys (ConfUtils.java:logGet(46)) - raft.server.threadpool.client.size = 0 (default)
2022-07-27 13:51:20,609 [pool-647-thread-1] INFO  server.RaftServer$Division (RaftServerImpl.java:start(310)) - 462f06fe-cae1-4868-8f74-05801ae52ce2@group-EA1BF7A302C0: start as a follower, conf=-1: [366e6065-a50f-499f-97ce-c324ed4f2808|rpc:10.1.0.21:41283|dataStream:|priority:0, 462f06fe-cae1-4868-8f74-05801ae52ce2|rpc:10.1.0.21:35767|dataStream:|priority:0, 32550fa0-9153-4d09-8fa0-706fd13e6797|rpc:10.1.0.21:42101|dataStream:|priority:1], old=null
2022-07-27 13:51:20,609 [pool-647-thread-1] INFO  server.RaftServer$Division (RaftServerImpl.java:setRole(299)) - 462f06fe-cae1-4868-8f74-05801ae52ce2@group-EA1BF7A302C0: changes role from      null to FOLLOWER at term 0 for startAsFollower
2022-07-27 13:51:20,609 [pool-647-thread-1] INFO  impl.RoleInfo (RoleInfo.java:updateAndGet(139)) - 462f06fe-cae1-4868-8f74-05801ae52ce2: start 462f06fe-cae1-4868-8f74-05801ae52ce2@group-EA1BF7A302C0-FollowerState
2022-07-27 13:51:20,611 [pool-647-thread-1] INFO  util.JmxRegister (JmxRegister.java:tryRegister(44)) - Successfully registered JMX Bean with object name Ratis:service=RaftServer,group=group-EA1BF7A302C0,id=462f06fe-cae1-4868-8f74-05801ae52ce2
2022-07-27 13:51:20,721 [grpc-default-executor-0] INFO  server.RaftServer (RaftServerProxy.java:addNew(96)) - 366e6065-a50f-499f-97ce-c324ed4f2808: addNew group-EA1BF7A302C0:[366e6065-a50f-499f-97ce-c324ed4f2808|rpc:10.1.0.21:41283|dataStream:|priority:0, 462f06fe-cae1-4868-8f74-05801ae52ce2|rpc:10.1.0.21:35767|dataStream:|priority:0, 32550fa0-9153-4d09-8fa0-706fd13e6797|rpc:10.1.0.21:42101|dataStream:|priority:1] returns group-EA1BF7A302C0:java.util.concurrent.CompletableFuture@293299cd[Not completed]
2022-07-27 13:51:20,722 [pool-624-thread-1] INFO  server.RaftServer$Division (RaftServerImpl.java:<init>(190)) - 366e6065-a50f-499f-97ce-c324ed4f2808: new RaftServerImpl for group-EA1BF7A302C0:[366e6065-a50f-499f-97ce-c324ed4f2808|rpc:10.1.0.21:41283|dataStream:|priority:0, 462f06fe-cae1-4868-8f74-05801ae52ce2|rpc:10.1.0.21:35767|dataStream:|priority:0, 32550fa0-9153-4d09-8fa0-706fd13e6797|rpc:10.1.0.21:42101|dataStream:|priority:1] with ContainerStateMachine:uninitialized
2022-07-27 13:51:20,722 [pool-624-thread-1] INFO  server.RaftServerConfigKeys (ConfUtils.java:logGet(46)) - raft.server.rpc.timeout.min = 5s (custom)
2022-07-27 13:51:20,722 [pool-624-thread-1] INFO  server.RaftServerConfigKeys (ConfUtils.java:logGet(46)) - raft.server.rpc.timeout.max = 5200ms (custom)
2022-07-27 13:51:20,722 [pool-624-thread-1] INFO  server.RaftServerConfigKeys (ConfUtils.java:logGet(46)) - raft.server.rpc.sleep.time = 25ms (default)
2022-07-27 13:51:20,722 [pool-624-thread-1] INFO  server.RaftServerConfigKeys (ConfUtils.java:logGet(46)) - raft.server.rpc.slowness.timeout = 300s (custom)
2022-07-27 13:51:20,722 [pool-624-thread-1] INFO  server.RaftServerConfigKeys (ConfUtils.java:logGet(46)) - raft.server.leaderelection.leader.step-down.wait-time = 10s (default)
2022-07-27 13:51:20,722 [pool-624-thread-1] INFO  server.RaftServerConfigKeys (ConfUtils.java:logGet(46)) - raft.server.sleep.deviation.threshold = 300ms (default)
2022-07-27 13:51:20,722 [pool-624-thread-1] INFO  server.RaftServer$Division (ServerState.java:<init>(107)) - 366e6065-a50f-499f-97ce-c324ed4f2808@group-EA1BF7A302C0: ConfigurationManager, init=-1: [366e6065-a50f-499f-97ce-c324ed4f2808|rpc:10.1.0.21:41283|dataStream:|priority:0, 462f06fe-cae1-4868-8f74-05801ae52ce2|rpc:10.1.0.21:35767|dataStream:|priority:0, 32550fa0-9153-4d09-8fa0-706fd13e6797|rpc:10.1.0.21:42101|dataStream:|priority:1], old=null, confs=<EMPTY_MAP>
2022-07-27 13:51:20,722 [pool-624-thread-1] INFO  server.RaftServerConfigKeys (ConfUtils.java:logGet(46)) - raft.server.storage.dir = [/home/runner/work/ozone/ozone/hadoop-ozone/integration-test/target/test-dir/MiniOzoneClusterImpl-e3e01987-94f8-4a87-8a0d-2583aef5e8b1/datanode-1/data/ratis] (custom)
2022-07-27 13:51:20,722 [pool-624-thread-1] INFO  server.RaftServerConfigKeys (ConfUtils.java:logGet(46)) - raft.server.log.corruption.policy = EXCEPTION (default)
2022-07-27 13:51:20,722 [pool-624-thread-1] INFO  server.RaftServerConfigKeys (ConfUtils.java:logGet(46)) - raft.server.storage.free-space.min = 0MB (=0) (default)
2022-07-27 13:51:20,723 [pool-624-thread-1] INFO  storage.RaftStorageDirectory (RaftStorageDirectoryImpl.java:analyzeStorage(135)) - The storage directory /home/runner/work/ozone/ozone/hadoop-ozone/integration-test/target/test-dir/MiniOzoneClusterImpl-e3e01987-94f8-4a87-8a0d-2583aef5e8b1/datanode-1/data/ratis/7ea47a8d-5c69-44ac-805f-ea1bf7a302c0 does not exist. Creating ...
2022-07-27 13:51:20,723 [Command processor thread] INFO  server.RaftServer (RaftServerProxy.java:addNew(96)) - 366e6065-a50f-499f-97ce-c324ed4f2808: addNew group-4B55898DFECD:[366e6065-a50f-499f-97ce-c324ed4f2808|rpc:10.1.0.21:41283|priority:1] returns group-4B55898DFECD:java.util.concurrent.CompletableFuture@71f7595e[Not completed]
2022-07-27 13:51:20,723 [pool-624-thread-1] INFO  storage.RaftStorageDirectory (RaftStorageDirectoryImpl.java:tryLock(230)) - Lock on /home/runner/work/ozone/ozone/hadoop-ozone/integration-test/target/test-dir/MiniOzoneClusterImpl-e3e01987-94f8-4a87-8a0d-2583aef5e8b1/datanode-1/data/ratis/7ea47a8d-5c69-44ac-805f-ea1bf7a302c0/in_use.lock acquired by nodename 11093@fv-az217-261
2022-07-27 13:51:20,727 [pool-624-thread-1] INFO  storage.RaftStorage (RaftStorageImpl.java:format(89)) - Storage directory /home/runner/work/ozone/ozone/hadoop-ozone/integration-test/target/test-dir/MiniOzoneClusterImpl-e3e01987-94f8-4a87-8a0d-2583aef5e8b1/datanode-1/data/ratis/7ea47a8d-5c69-44ac-805f-ea1bf7a302c0 has been successfully formatted.
2022-07-27 13:51:20,728 [EventQueue-PipelineReportForPipelineReportHandler] INFO  pipeline.PipelineManagerImpl (PipelineManagerImpl.java:openPipeline(367)) - Pipeline Pipeline[ Id: ab8ac5fc-894d-4d02-8147-4b55898dfecd, Nodes: 366e6065-a50f-499f-97ce-c324ed4f2808{ip: 10.1.0.21, host: fv-az217-261.5fhmivlnczbevhjmk01nzrxweh.bx.internal.cloudapp.net, ports: [REPLICATION=38153, RATIS=41283, RATIS_ADMIN=41283, RATIS_SERVER=41283, STANDALONE=43931], networkLocation: /default-rack, certSerialId: null, persistedOpState: IN_SERVICE, persistedOpStateExpiryEpochSec: 0}, ReplicationConfig: RATIS/ONE, State:ALLOCATED, leaderId:366e6065-a50f-499f-97ce-c324ed4f2808, CreationTimestamp2022-07-27T13:51:17.739Z[Etc/UTC]] moved to OPEN state
2022-07-27 13:51:20,729 [EventQueue-OpenPipelineForHealthyPipelineSafeModeRule] INFO  safemode.SCMSafeModeManager (HealthyPipelineSafeModeRule.java:process(137)) - SCM in safe mode. Healthy pipelines reported count is 0, required healthy pipeline reported count is 1
2022-07-27 13:51:20,729 [pool-624-thread-1] INFO  ratis.ContainerStateMachine (ContainerStateMachine.java:loadSnapshot(236)) - group-EA1BF7A302C0: The snapshot info is null. Setting the last applied indexto:(t:0, i:~)
2022-07-27 13:51:20,729 [pool-624-thread-1] INFO  server.RaftServerConfigKeys (ConfUtils.java:logGet(46)) - raft.server.notification.no-leader.timeout = 300s (custom)
2022-07-27 13:51:20,729 [pool-624-thread-1] INFO  server.RaftServerConfigKeys (ConfUtils.java:logGet(46)) - raft.server.log.use.memory = false (default)
2022-07-27 13:51:20,729 [pool-624-thread-1] INFO  server.RaftServerConfigKeys (ConfUtils.java:logGet(46)) - raft.server.log.purge.gap = 1000000 (custom)
2022-07-27 13:51:20,729 [pool-624-thread-1] INFO  server.RaftServerConfigKeys (ConfUtils.java:logGet(46)) - raft.server.log.appender.buffer.byte-limit = 33554432 (custom)
2022-07-27 13:51:20,729 [pool-624-thread-1] INFO  server.RaftServerConfigKeys (ConfUtils.java:logGet(46)) - raft.server.log.statemachine.data.read.timeout = 1000ms (default)
2022-07-27 13:51:20,729 [pool-624-thread-1] INFO  server.RaftServerConfigKeys (ConfUtils.java:logGet(46)) - raft.server.log.segment.size.max = 1048576 (custom)
2022-07-27 13:51:20,730 [pool-624-thread-1] INFO  server.RaftServerConfigKeys (ConfUtils.java:logGet(46)) - raft.server.log.segment.cache.num.max = 2 (custom)
2022-07-27 13:51:20,730 [pool-624-thread-1] INFO  server.RaftServerConfigKeys (ConfUtils.java:logGet(46)) - raft.server.log.segment.cache.size.max = 200MB (=209715200) (default)
2022-07-27 13:51:20,731 [pool-624-thread-1] INFO  segmented.SegmentedRaftLogWorker (SegmentedRaftLogWorker.java:<init>(187)) - new 366e6065-a50f-499f-97ce-c324ed4f2808@group-EA1BF7A302C0-SegmentedRaftLogWorker for RaftStorageImpl:Storage Directory /home/runner/work/ozone/ozone/hadoop-ozone/integration-test/target/test-dir/MiniOzoneClusterImpl-e3e01987-94f8-4a87-8a0d-2583aef5e8b1/datanode-1/data/ratis/7ea47a8d-5c69-44ac-805f-ea1bf7a302c0
2022-07-27 13:51:20,732 [pool-624-thread-1] INFO  server.RaftServerConfigKeys (ConfUtils.java:logGet(46)) - raft.server.log.queue.byte-limit = 4294967296 (custom)
2022-07-27 13:51:20,732 [pool-624-thread-1] INFO  server.RaftServerConfigKeys (ConfUtils.java:logGet(46)) - raft.server.log.queue.element-limit = 1024 (custom)
2022-07-27 13:51:20,732 [pool-624-thread-1] INFO  server.RaftServerConfigKeys (ConfUtils.java:logGet(46)) - raft.server.log.segment.size.max = 1048576 (custom)
2022-07-27 13:51:20,732 [pool-624-thread-1] INFO  server.RaftServerConfigKeys (ConfUtils.java:logGet(46)) - raft.server.log.preallocated.size = 16384 (custom)
2022-07-27 13:51:20,732 [pool-624-thread-1] INFO  server.RaftServerConfigKeys (ConfUtils.java:logGet(46)) - raft.server.log.force.sync.num = 128 (default)
2022-07-27 13:51:20,732 [pool-624-thread-1] INFO  server.RaftServerConfigKeys (ConfUtils.java:logGet(46)) - raft.server.log.statemachine.data.sync = true (default)
2022-07-27 13:51:20,732 [pool-624-thread-1] INFO  server.RaftServerConfigKeys (ConfUtils.java:logGet(46)) - raft.server.log.statemachine.data.sync.timeout = 10s (default)
2022-07-27 13:51:20,732 [pool-624-thread-1] INFO  server.RaftServerConfigKeys (ConfUtils.java:logGet(46)) - raft.server.log.statemachine.data.sync.timeout.retry = -1 (default)
2022-07-27 13:51:20,733 [pool-624-thread-1] INFO  server.RaftServerConfigKeys (ConfUtils.java:logGet(46)) - raft.server.log.write.buffer.size = 1048576 (custom)
2022-07-27 13:51:20,733 [pool-624-thread-1] INFO  server.RaftServerConfigKeys (ConfUtils.java:logGet(46)) - raft.server.log.unsafe-flush.enabled = false (default)
2022-07-27 13:51:20,733 [pool-624-thread-1] INFO  server.RaftServerConfigKeys (ConfUtils.java:logGet(46)) - raft.server.log.statemachine.data.caching.enabled = true (custom)
2022-07-27 13:51:20,733 [pool-624-thread-1] INFO  segmented.SegmentedRaftLogWorker (SegmentedRaftLogWorker.java:lambda$new$0(135)) - 366e6065-a50f-499f-97ce-c324ed4f2808@group-EA1BF7A302C0-SegmentedRaftLogWorker: flushIndex: setUnconditionally 0 -> -1
2022-07-27 13:51:20,733 [pool-624-thread-1] INFO  segmented.SegmentedRaftLogWorker (SegmentedRaftLogWorker.java:lambda$new$0(135)) - 366e6065-a50f-499f-97ce-c324ed4f2808@group-EA1BF7A302C0-SegmentedRaftLogWorker: safeCacheEvictIndex: setUnconditionally 0 -> -1
2022-07-27 13:51:20,750 [pool-624-thread-1] INFO  server.RaftServerConfigKeys (ConfUtils.java:logGet(46)) - raft.server.snapshot.auto.trigger.enabled = true (custom)
2022-07-27 13:51:20,750 [pool-624-thread-1] INFO  server.RaftServerConfigKeys (ConfUtils.java:logGet(46)) - raft.server.snapshot.auto.trigger.threshold = 10000 (custom)
2022-07-27 13:51:20,750 [pool-624-thread-1] INFO  server.RaftServerConfigKeys (ConfUtils.java:logGet(46)) - raft.server.snapshot.retention.file.num = 5 (custom)
2022-07-27 13:51:20,750 [pool-624-thread-1] INFO  server.RaftServerConfigKeys (ConfUtils.java:logGet(46)) - raft.server.log.purge.upto.snapshot.index = false (default)
2022-07-27 13:51:20,750 [pool-624-thread-1] INFO  server.RaftServerConfigKeys (ConfUtils.java:logGet(46)) - raft.server.retrycache.expirytime = 600000ms (custom)
2022-07-27 13:51:20,750 [pool-624-thread-1] INFO  server.RaftServerConfigKeys (ConfUtils.java:logGet(46)) - raft.server.retrycache.statistics.expirytime = 100μs (default)
2022-07-27 13:51:20,751 [pool-624-thread-1] INFO  server.RaftServerConfigKeys (ConfUtils.java:logGet(46)) - raft.server.log.appender.install.snapshot.enabled = false (custom)
2022-07-27 13:51:20,751 [pool-624-thread-1] INFO  server.RaftServerConfigKeys (ConfUtils.java:logGet(46)) - raft.server.threadpool.server.cached = true (default)
2022-07-27 13:51:20,751 [pool-624-thread-1] INFO  server.RaftServerConfigKeys (ConfUtils.java:logGet(46)) - raft.server.threadpool.server.size = 0 (default)
2022-07-27 13:51:20,751 [pool-624-thread-1] INFO  server.RaftServerConfigKeys (ConfUtils.java:logGet(46)) - raft.server.threadpool.client.cached = true (default)
2022-07-27 13:51:20,751 [pool-624-thread-1] INFO  server.RaftServerConfigKeys (ConfUtils.java:logGet(46)) - raft.server.threadpool.client.size = 0 (default)
2022-07-27 13:51:20,752 [pool-624-thread-1] INFO  server.RaftServer$Division (RaftServerImpl.java:<init>(190)) - 366e6065-a50f-499f-97ce-c324ed4f2808: new RaftServerImpl for group-4B55898DFECD:[366e6065-a50f-499f-97ce-c324ed4f2808|rpc:10.1.0.21:41283|priority:1] with ContainerStateMachine:uninitialized
2022-07-27 13:51:20,752 [pool-624-thread-1] INFO  server.RaftServerConfigKeys (ConfUtils.java:logGet(46)) - raft.server.rpc.timeout.min = 5s (custom)
2022-07-27 13:51:20,752 [pool-624-thread-1] INFO  server.RaftServerConfigKeys (ConfUtils.java:logGet(46)) - raft.server.rpc.timeout.max = 5200ms (custom)
2022-07-27 13:51:20,752 [pool-624-thread-1] INFO  server.RaftServerConfigKeys (ConfUtils.java:logGet(46)) - raft.server.rpc.sleep.time = 25ms (default)
2022-07-27 13:51:20,752 [pool-624-thread-1] INFO  server.RaftServerConfigKeys (ConfUtils.java:logGet(46)) - raft.server.rpc.slowness.timeout = 300s (custom)
2022-07-27 13:51:20,752 [pool-624-thread-1] INFO  server.RaftServerConfigKeys (ConfUtils.java:logGet(46)) - raft.server.leaderelection.leader.step-down.wait-time = 10s (default)
2022-07-27 13:51:20,752 [pool-624-thread-1] INFO  server.RaftServerConfigKeys (ConfUtils.java:logGet(46)) - raft.server.sleep.deviation.threshold = 300ms (default)
2022-07-27 13:51:20,752 [pool-624-thread-1] INFO  server.RaftServer$Division (ServerState.java:<init>(107)) - 366e6065-a50f-499f-97ce-c324ed4f2808@group-4B55898DFECD: ConfigurationManager, init=-1: [366e6065-a50f-499f-97ce-c324ed4f2808|rpc:10.1.0.21:41283|priority:1], old=null, confs=<EMPTY_MAP>
2022-07-27 13:51:20,752 [pool-624-thread-1] INFO  server.RaftServerConfigKeys (ConfUtils.java:logGet(46)) - raft.server.storage.dir = [/home/runner/work/ozone/ozone/hadoop-ozone/integration-test/target/test-dir/MiniOzoneClusterImpl-e3e01987-94f8-4a87-8a0d-2583aef5e8b1/datanode-1/data/ratis] (custom)
2022-07-27 13:51:20,753 [pool-624-thread-1] INFO  server.RaftServerConfigKeys (ConfUtils.java:logGet(46)) - raft.server.log.corruption.policy = EXCEPTION (default)
2022-07-27 13:51:20,753 [pool-624-thread-1] INFO  server.RaftServerConfigKeys (ConfUtils.java:logGet(46)) - raft.server.storage.free-space.min = 0MB (=0) (default)
2022-07-27 13:51:20,753 [pool-624-thread-1] INFO  storage.RaftStorageDirectory (RaftStorageDirectoryImpl.java:analyzeStorage(135)) - The storage directory /home/runner/work/ozone/ozone/hadoop-ozone/integration-test/target/test-dir/MiniOzoneClusterImpl-e3e01987-94f8-4a87-8a0d-2583aef5e8b1/datanode-1/data/ratis/ab8ac5fc-894d-4d02-8147-4b55898dfecd does not exist. Creating ...
2022-07-27 13:51:20,754 [pool-624-thread-1] INFO  storage.RaftStorageDirectory (RaftStorageDirectoryImpl.java:tryLock(230)) - Lock on /home/runner/work/ozone/ozone/hadoop-ozone/integration-test/target/test-dir/MiniOzoneClusterImpl-e3e01987-94f8-4a87-8a0d-2583aef5e8b1/datanode-1/data/ratis/ab8ac5fc-894d-4d02-8147-4b55898dfecd/in_use.lock acquired by nodename 11093@fv-az217-261
2022-07-27 13:51:20,755 [pool-624-thread-1] INFO  storage.RaftStorage (RaftStorageImpl.java:format(89)) - Storage directory /home/runner/work/ozone/ozone/hadoop-ozone/integration-test/target/test-dir/MiniOzoneClusterImpl-e3e01987-94f8-4a87-8a0d-2583aef5e8b1/datanode-1/data/ratis/ab8ac5fc-894d-4d02-8147-4b55898dfecd has been successfully formatted.
2022-07-27 13:51:20,772 [pool-624-thread-1] INFO  ratis.ContainerStateMachine (ContainerStateMachine.java:loadSnapshot(236)) - group-4B55898DFECD: The snapshot info is null. Setting the last applied indexto:(t:0, i:~)
2022-07-27 13:51:20,772 [pool-624-thread-1] INFO  server.RaftServerConfigKeys (ConfUtils.java:logGet(46)) - raft.server.notification.no-leader.timeout = 300s (custom)
2022-07-27 13:51:20,772 [pool-624-thread-1] INFO  server.RaftServerConfigKeys (ConfUtils.java:logGet(46)) - raft.server.log.use.memory = false (default)
2022-07-27 13:51:20,772 [EventQueue-OpenPipelineForHealthyPipelineSafeModeRule] INFO  safemode.SCMSafeModeManager (HealthyPipelineSafeModeRule.java:process(137)) - SCM in safe mode. Healthy pipelines reported count is 0, required healthy pipeline reported count is 1
2022-07-27 13:51:20,773 [pool-624-thread-1] INFO  server.RaftServerConfigKeys (ConfUtils.java:logGet(46)) - raft.server.log.purge.gap = 1000000 (custom)
2022-07-27 13:51:20,773 [pool-624-thread-1] INFO  server.RaftServerConfigKeys (ConfUtils.java:logGet(46)) - raft.server.log.appender.buffer.byte-limit = 33554432 (custom)
2022-07-27 13:51:20,773 [pool-624-thread-1] INFO  server.RaftServerConfigKeys (ConfUtils.java:logGet(46)) - raft.server.log.statemachine.data.read.timeout = 1000ms (default)
2022-07-27 13:51:20,773 [pool-624-thread-1] INFO  server.RaftServerConfigKeys (ConfUtils.java:logGet(46)) - raft.server.log.segment.size.max = 1048576 (custom)
2022-07-27 13:51:20,773 [pool-624-thread-1] INFO  server.RaftServerConfigKeys (ConfUtils.java:logGet(46)) - raft.server.log.segment.cache.num.max = 2 (custom)
2022-07-27 13:51:20,773 [pool-624-thread-1] INFO  server.RaftServerConfigKeys (ConfUtils.java:logGet(46)) - raft.server.log.segment.cache.size.max = 200MB (=209715200) (default)
2022-07-27 13:51:20,773 [pool-624-thread-1] INFO  segmented.SegmentedRaftLogWorker (SegmentedRaftLogWorker.java:<init>(187)) - new 366e6065-a50f-499f-97ce-c324ed4f2808@group-4B55898DFECD-SegmentedRaftLogWorker for RaftStorageImpl:Storage Directory /home/runner/work/ozone/ozone/hadoop-ozone/integration-test/target/test-dir/MiniOzoneClusterImpl-e3e01987-94f8-4a87-8a0d-2583aef5e8b1/datanode-1/data/ratis/ab8ac5fc-894d-4d02-8147-4b55898dfecd
2022-07-27 13:51:20,773 [pool-624-thread-1] INFO  server.RaftServerConfigKeys (ConfUtils.java:logGet(46)) - raft.server.log.queue.byte-limit = 4294967296 (custom)
2022-07-27 13:51:20,774 [pool-624-thread-1] INFO  server.RaftServerConfigKeys (ConfUtils.java:logGet(46)) - raft.server.log.queue.element-limit = 1024 (custom)
2022-07-27 13:51:20,774 [pool-624-thread-1] INFO  server.RaftServerConfigKeys (ConfUtils.java:logGet(46)) - raft.server.log.segment.size.max = 1048576 (custom)
2022-07-27 13:51:20,774 [pool-624-thread-1] INFO  server.RaftServerConfigKeys (ConfUtils.java:logGet(46)) - raft.server.log.preallocated.size = 16384 (custom)
2022-07-27 13:51:20,774 [pool-624-thread-1] INFO  server.RaftServerConfigKeys (ConfUtils.java:logGet(46)) - raft.server.log.force.sync.num = 128 (default)
2022-07-27 13:51:20,774 [pool-624-thread-1] INFO  server.RaftServerConfigKeys (ConfUtils.java:logGet(46)) - raft.server.log.statemachine.data.sync = true (default)
2022-07-27 13:51:20,774 [pool-624-thread-1] INFO  server.RaftServerConfigKeys (ConfUtils.java:logGet(46)) - raft.server.log.statemachine.data.sync.timeout = 10s (default)
2022-07-27 13:51:20,774 [pool-624-thread-1] INFO  server.RaftServerConfigKeys (ConfUtils.java:logGet(46)) - raft.server.log.statemachine.data.sync.timeout.retry = -1 (default)
2022-07-27 13:51:20,774 [pool-624-thread-1] INFO  server.RaftServerConfigKeys (ConfUtils.java:logGet(46)) - raft.server.log.write.buffer.size = 1048576 (custom)
2022-07-27 13:51:20,775 [pool-624-thread-1] INFO  server.RaftServerConfigKeys (ConfUtils.java:logGet(46)) - raft.server.log.unsafe-flush.enabled = false (default)
2022-07-27 13:51:20,775 [pool-624-thread-1] INFO  server.RaftServerConfigKeys (ConfUtils.java:logGet(46)) - raft.server.log.statemachine.data.caching.enabled = true (custom)
2022-07-27 13:51:20,775 [pool-624-thread-1] INFO  segmented.SegmentedRaftLogWorker (SegmentedRaftLogWorker.java:lambda$new$0(135)) - 366e6065-a50f-499f-97ce-c324ed4f2808@group-4B55898DFECD-SegmentedRaftLogWorker: flushIndex: setUnconditionally 0 -> -1
2022-07-27 13:51:20,776 [pool-624-thread-1] INFO  segmented.SegmentedRaftLogWorker (SegmentedRaftLogWorker.java:lambda$new$0(135)) - 366e6065-a50f-499f-97ce-c324ed4f2808@group-4B55898DFECD-SegmentedRaftLogWorker: safeCacheEvictIndex: setUnconditionally 0 -> -1
2022-07-27 13:51:20,785 [pool-624-thread-1] INFO  server.RaftServerConfigKeys (ConfUtils.java:logGet(46)) - raft.server.snapshot.auto.trigger.enabled = true (custom)
2022-07-27 13:51:20,785 [pool-624-thread-1] INFO  server.RaftServerConfigKeys (ConfUtils.java:logGet(46)) - raft.server.snapshot.auto.trigger.threshold = 10000 (custom)
2022-07-27 13:51:20,785 [pool-624-thread-1] INFO  server.RaftServerConfigKeys (ConfUtils.java:logGet(46)) - raft.server.snapshot.retention.file.num = 5 (custom)
2022-07-27 13:51:20,785 [pool-624-thread-1] INFO  server.RaftServerConfigKeys (ConfUtils.java:logGet(46)) - raft.server.log.purge.upto.snapshot.index = false (default)
2022-07-27 13:51:20,785 [pool-624-thread-1] INFO  server.RaftServerConfigKeys (ConfUtils.java:logGet(46)) - raft.server.retrycache.expirytime = 600000ms (custom)
2022-07-27 13:51:20,785 [pool-624-thread-1] INFO  server.RaftServerConfigKeys (ConfUtils.java:logGet(46)) - raft.server.retrycache.statistics.expirytime = 100μs (default)
2022-07-27 13:51:20,786 [pool-624-thread-1] INFO  server.RaftServerConfigKeys (ConfUtils.java:logGet(46)) - raft.server.log.appender.install.snapshot.enabled = false (custom)
2022-07-27 13:51:20,786 [pool-624-thread-1] INFO  server.RaftServerConfigKeys (ConfUtils.java:logGet(46)) - raft.server.threadpool.server.cached = true (default)
2022-07-27 13:51:20,786 [pool-624-thread-1] INFO  server.RaftServerConfigKeys (ConfUtils.java:logGet(46)) - raft.server.threadpool.server.size = 0 (default)
2022-07-27 13:51:20,787 [pool-624-thread-1] INFO  server.RaftServerConfigKeys (ConfUtils.java:logGet(46)) - raft.server.threadpool.client.cached = true (default)
2022-07-27 13:51:20,787 [pool-624-thread-1] INFO  server.RaftServerConfigKeys (ConfUtils.java:logGet(46)) - raft.server.threadpool.client.size = 0 (default)
2022-07-27 13:51:20,787 [pool-624-thread-1] INFO  server.RaftServer$Division (RaftServerImpl.java:start(310)) - 366e6065-a50f-499f-97ce-c324ed4f2808@group-EA1BF7A302C0: start as a follower, conf=-1: [366e6065-a50f-499f-97ce-c324ed4f2808|rpc:10.1.0.21:41283|dataStream:|priority:0, 462f06fe-cae1-4868-8f74-05801ae52ce2|rpc:10.1.0.21:35767|dataStream:|priority:0, 32550fa0-9153-4d09-8fa0-706fd13e6797|rpc:10.1.0.21:42101|dataStream:|priority:1], old=null
2022-07-27 13:51:20,787 [pool-624-thread-1] INFO  server.RaftServer$Division (RaftServerImpl.java:setRole(299)) - 366e6065-a50f-499f-97ce-c324ed4f2808@group-EA1BF7A302C0: changes role from      null to FOLLOWER at term 0 for startAsFollower
2022-07-27 13:51:20,787 [pool-624-thread-1] INFO  impl.RoleInfo (RoleInfo.java:updateAndGet(139)) - 366e6065-a50f-499f-97ce-c324ed4f2808: start 366e6065-a50f-499f-97ce-c324ed4f2808@group-EA1BF7A302C0-FollowerState
2022-07-27 13:51:20,822 [pool-624-thread-1] INFO  util.JmxRegister (JmxRegister.java:tryRegister(44)) - Successfully registered JMX Bean with object name Ratis:service=RaftServer,group=group-EA1BF7A302C0,id=366e6065-a50f-499f-97ce-c324ed4f2808
2022-07-27 13:51:20,832 [pool-624-thread-1] INFO  server.RaftServer$Division (RaftServerImpl.java:start(310)) - 366e6065-a50f-499f-97ce-c324ed4f2808@group-4B55898DFECD: start as a follower, conf=-1: [366e6065-a50f-499f-97ce-c324ed4f2808|rpc:10.1.0.21:41283|priority:1], old=null
2022-07-27 13:51:20,832 [pool-624-thread-1] INFO  server.RaftServer$Division (RaftServerImpl.java:setRole(299)) - 366e6065-a50f-499f-97ce-c324ed4f2808@group-4B55898DFECD: changes role from      null to FOLLOWER at term 0 for startAsFollower
2022-07-27 13:51:20,832 [pool-624-thread-1] INFO  impl.RoleInfo (RoleInfo.java:updateAndGet(139)) - 366e6065-a50f-499f-97ce-c324ed4f2808: start 366e6065-a50f-499f-97ce-c324ed4f2808@group-4B55898DFECD-FollowerState
2022-07-27 13:51:20,835 [pool-624-thread-1] INFO  util.JmxRegister (JmxRegister.java:tryRegister(44)) - Successfully registered JMX Bean with object name Ratis:service=RaftServer,group=group-4B55898DFECD,id=366e6065-a50f-499f-97ce-c324ed4f2808
2022-07-27 13:51:20,841 [Command processor thread] INFO  ratis.XceiverServerRatis (XceiverServerRatis.java:addGroup(765)) - Created group PipelineID=ab8ac5fc-894d-4d02-8147-4b55898dfecd
2022-07-27 13:51:20,841 [Command processor thread] INFO  commandhandler.CreatePipelineCommandHandler (CreatePipelineCommandHandler.java:handle(113)) - Created Pipeline RATIS ONE PipelineID=ab8ac5fc-894d-4d02-8147-4b55898dfecd.
2022-07-27 13:51:20,854 [Command processor thread] INFO  commandhandler.CreatePipelineCommandHandler (CreatePipelineCommandHandler.java:handle(113)) - Created Pipeline RATIS THREE PipelineID=7ea47a8d-5c69-44ac-805f-ea1bf7a302c0.
2022-07-27 13:51:21,071 [Listener at 127.0.0.1/45285] INFO  ozone.MiniOzoneClusterImpl (MiniOzoneClusterImpl.java:lambda$waitForClusterToBeReady$0(216)) - Nodes are ready. Got 5 of 5 DN Heartbeats.
2022-07-27 13:51:21,072 [Listener at 127.0.0.1/45285] INFO  ozone.MiniOzoneClusterImpl (MiniOzoneClusterImpl.java:lambda$waitForClusterToBeReady$0(219)) - Waiting for cluster to exit safe mode
2022-07-27 13:51:21,072 [Listener at 127.0.0.1/45285] INFO  ozone.MiniOzoneClusterImpl (MiniOzoneClusterImpl.java:lambda$waitForClusterToBeReady$0(221)) - SCM became leader
2022-07-27 13:51:21,472 [Command processor thread] INFO  server.RaftServer (RaftServerProxy.java:addNew(96)) - 462f06fe-cae1-4868-8f74-05801ae52ce2: addNew group-739B529D322A:[462f06fe-cae1-4868-8f74-05801ae52ce2|rpc:10.1.0.21:35767|priority:1] returns group-739B529D322A:java.util.concurrent.CompletableFuture@76d43a3d[Not completed]
2022-07-27 13:51:21,473 [pool-647-thread-1] INFO  server.RaftServer$Division (RaftServerImpl.java:<init>(190)) - 462f06fe-cae1-4868-8f74-05801ae52ce2: new RaftServerImpl for group-739B529D322A:[462f06fe-cae1-4868-8f74-05801ae52ce2|rpc:10.1.0.21:35767|priority:1] with ContainerStateMachine:uninitialized
2022-07-27 13:51:21,473 [pool-647-thread-1] INFO  server.RaftServerConfigKeys (ConfUtils.java:logGet(46)) - raft.server.rpc.timeout.min = 5s (custom)
2022-07-27 13:51:21,473 [pool-647-thread-1] INFO  server.RaftServerConfigKeys (ConfUtils.java:logGet(46)) - raft.server.rpc.timeout.max = 5200ms (custom)
2022-07-27 13:51:21,473 [pool-647-thread-1] INFO  server.RaftServerConfigKeys (ConfUtils.java:logGet(46)) - raft.server.rpc.sleep.time = 25ms (default)
2022-07-27 13:51:21,473 [pool-647-thread-1] INFO  server.RaftServerConfigKeys (ConfUtils.java:logGet(46)) - raft.server.rpc.slowness.timeout = 300s (custom)
2022-07-27 13:51:21,473 [pool-647-thread-1] INFO  server.RaftServerConfigKeys (ConfUtils.java:logGet(46)) - raft.server.leaderelection.leader.step-down.wait-time = 10s (default)
2022-07-27 13:51:21,473 [pool-647-thread-1] INFO  server.RaftServerConfigKeys (ConfUtils.java:logGet(46)) - raft.server.sleep.deviation.threshold = 300ms (default)
2022-07-27 13:51:21,473 [pool-647-thread-1] INFO  server.RaftServer$Division (ServerState.java:<init>(107)) - 462f06fe-cae1-4868-8f74-05801ae52ce2@group-739B529D322A: ConfigurationManager, init=-1: [462f06fe-cae1-4868-8f74-05801ae52ce2|rpc:10.1.0.21:35767|priority:1], old=null, confs=<EMPTY_MAP>
2022-07-27 13:51:21,473 [pool-647-thread-1] INFO  server.RaftServerConfigKeys (ConfUtils.java:logGet(46)) - raft.server.storage.dir = [/home/runner/work/ozone/ozone/hadoop-ozone/integration-test/target/test-dir/MiniOzoneClusterImpl-e3e01987-94f8-4a87-8a0d-2583aef5e8b1/datanode-2/data/ratis] (custom)
2022-07-27 13:51:21,473 [pool-647-thread-1] INFO  server.RaftServerConfigKeys (ConfUtils.java:logGet(46)) - raft.server.log.corruption.policy = EXCEPTION (default)
2022-07-27 13:51:21,473 [pool-647-thread-1] INFO  server.RaftServerConfigKeys (ConfUtils.java:logGet(46)) - raft.server.storage.free-space.min = 0MB (=0) (default)
2022-07-27 13:51:21,473 [pool-647-thread-1] INFO  storage.RaftStorageDirectory (RaftStorageDirectoryImpl.java:analyzeStorage(135)) - The storage directory /home/runner/work/ozone/ozone/hadoop-ozone/integration-test/target/test-dir/MiniOzoneClusterImpl-e3e01987-94f8-4a87-8a0d-2583aef5e8b1/datanode-2/data/ratis/06321366-0a36-4cd1-9992-739b529d322a does not exist. Creating ...
2022-07-27 13:51:21,474 [pool-647-thread-1] INFO  storage.RaftStorageDirectory (RaftStorageDirectoryImpl.java:tryLock(230)) - Lock on /home/runner/work/ozone/ozone/hadoop-ozone/integration-test/target/test-dir/MiniOzoneClusterImpl-e3e01987-94f8-4a87-8a0d-2583aef5e8b1/datanode-2/data/ratis/06321366-0a36-4cd1-9992-739b529d322a/in_use.lock acquired by nodename 11093@fv-az217-261
2022-07-27 13:51:21,483 [pool-647-thread-1] INFO  storage.RaftStorage (RaftStorageImpl.java:format(89)) - Storage directory /home/runner/work/ozone/ozone/hadoop-ozone/integration-test/target/test-dir/MiniOzoneClusterImpl-e3e01987-94f8-4a87-8a0d-2583aef5e8b1/datanode-2/data/ratis/06321366-0a36-4cd1-9992-739b529d322a has been successfully formatted.
2022-07-27 13:51:21,487 [EventQueue-PipelineReportForPipelineReportHandler] INFO  pipeline.PipelineManagerImpl (PipelineManagerImpl.java:openPipeline(367)) - Pipeline Pipeline[ Id: 06321366-0a36-4cd1-9992-739b529d322a, Nodes: 462f06fe-cae1-4868-8f74-05801ae52ce2{ip: 10.1.0.21, host: fv-az217-261.5fhmivlnczbevhjmk01nzrxweh.bx.internal.cloudapp.net, ports: [REPLICATION=42005, RATIS=35767, RATIS_ADMIN=35767, RATIS_SERVER=35767, STANDALONE=43383], networkLocation: /default-rack, certSerialId: null, persistedOpState: IN_SERVICE, persistedOpStateExpiryEpochSec: 0}, ReplicationConfig: RATIS/ONE, State:ALLOCATED, leaderId:462f06fe-cae1-4868-8f74-05801ae52ce2, CreationTimestamp2022-07-27T13:51:18.478Z[Etc/UTC]] moved to OPEN state
2022-07-27 13:51:21,488 [EventQueue-OpenPipelineForHealthyPipelineSafeModeRule] INFO  safemode.SCMSafeModeManager (HealthyPipelineSafeModeRule.java:process(137)) - SCM in safe mode. Healthy pipelines reported count is 0, required healthy pipeline reported count is 1
2022-07-27 13:51:21,489 [pool-647-thread-1] INFO  ratis.ContainerStateMachine (ContainerStateMachine.java:loadSnapshot(236)) - group-739B529D322A: The snapshot info is null. Setting the last applied indexto:(t:0, i:~)
2022-07-27 13:51:21,490 [pool-647-thread-1] INFO  server.RaftServerConfigKeys (ConfUtils.java:logGet(46)) - raft.server.notification.no-leader.timeout = 300s (custom)
2022-07-27 13:51:21,490 [pool-647-thread-1] INFO  server.RaftServerConfigKeys (ConfUtils.java:logGet(46)) - raft.server.log.use.memory = false (default)
2022-07-27 13:51:21,490 [pool-647-thread-1] INFO  server.RaftServerConfigKeys (ConfUtils.java:logGet(46)) - raft.server.log.purge.gap = 1000000 (custom)
2022-07-27 13:51:21,490 [pool-647-thread-1] INFO  server.RaftServerConfigKeys (ConfUtils.java:logGet(46)) - raft.server.log.appender.buffer.byte-limit = 33554432 (custom)
2022-07-27 13:51:21,490 [pool-647-thread-1] INFO  server.RaftServerConfigKeys (ConfUtils.java:logGet(46)) - raft.server.log.statemachine.data.read.timeout = 1000ms (default)
2022-07-27 13:51:21,490 [pool-647-thread-1] INFO  server.RaftServerConfigKeys (ConfUtils.java:logGet(46)) - raft.server.log.segment.size.max = 1048576 (custom)
2022-07-27 13:51:21,490 [pool-647-thread-1] INFO  server.RaftServerConfigKeys (ConfUtils.java:logGet(46)) - raft.server.log.segment.cache.num.max = 2 (custom)
2022-07-27 13:51:21,490 [pool-647-thread-1] INFO  server.RaftServerConfigKeys (ConfUtils.java:logGet(46)) - raft.server.log.segment.cache.size.max = 200MB (=209715200) (default)
2022-07-27 13:51:21,490 [pool-647-thread-1] INFO  segmented.SegmentedRaftLogWorker (SegmentedRaftLogWorker.java:<init>(187)) - new 462f06fe-cae1-4868-8f74-05801ae52ce2@group-739B529D322A-SegmentedRaftLogWorker for RaftStorageImpl:Storage Directory /home/runner/work/ozone/ozone/hadoop-ozone/integration-test/target/test-dir/MiniOzoneClusterImpl-e3e01987-94f8-4a87-8a0d-2583aef5e8b1/datanode-2/data/ratis/06321366-0a36-4cd1-9992-739b529d322a
2022-07-27 13:51:21,490 [pool-647-thread-1] INFO  server.RaftServerConfigKeys (ConfUtils.java:logGet(46)) - raft.server.log.queue.byte-limit = 4294967296 (custom)
2022-07-27 13:51:21,490 [pool-647-thread-1] INFO  server.RaftServerConfigKeys (ConfUtils.java:logGet(46)) - raft.server.log.queue.element-limit = 1024 (custom)
2022-07-27 13:51:21,490 [pool-647-thread-1] INFO  server.RaftServerConfigKeys (ConfUtils.java:logGet(46)) - raft.server.log.segment.size.max = 1048576 (custom)
2022-07-27 13:51:21,490 [pool-647-thread-1] INFO  server.RaftServerConfigKeys (ConfUtils.java:logGet(46)) - raft.server.log.preallocated.size = 16384 (custom)
2022-07-27 13:51:21,491 [pool-647-thread-1] INFO  server.RaftServerConfigKeys (ConfUtils.java:logGet(46)) - raft.server.log.force.sync.num = 128 (default)
2022-07-27 13:51:21,491 [pool-647-thread-1] INFO  server.RaftServerConfigKeys (ConfUtils.java:logGet(46)) - raft.server.log.statemachine.data.sync = true (default)
2022-07-27 13:51:21,491 [pool-647-thread-1] INFO  server.RaftServerConfigKeys (ConfUtils.java:logGet(46)) - raft.server.log.statemachine.data.sync.timeout = 10s (default)
2022-07-27 13:51:21,491 [pool-647-thread-1] INFO  server.RaftServerConfigKeys (ConfUtils.java:logGet(46)) - raft.server.log.statemachine.data.sync.timeout.retry = -1 (default)
2022-07-27 13:51:21,491 [pool-647-thread-1] INFO  server.RaftServerConfigKeys (ConfUtils.java:logGet(46)) - raft.server.log.write.buffer.size = 1048576 (custom)
2022-07-27 13:51:21,492 [pool-647-thread-1] INFO  server.RaftServerConfigKeys (ConfUtils.java:logGet(46)) - raft.server.log.unsafe-flush.enabled = false (default)
2022-07-27 13:51:21,492 [pool-647-thread-1] INFO  server.RaftServerConfigKeys (ConfUtils.java:logGet(46)) - raft.server.log.statemachine.data.caching.enabled = true (custom)
2022-07-27 13:51:21,492 [pool-647-thread-1] INFO  segmented.SegmentedRaftLogWorker (SegmentedRaftLogWorker.java:lambda$new$0(135)) - 462f06fe-cae1-4868-8f74-05801ae52ce2@group-739B529D322A-SegmentedRaftLogWorker: flushIndex: setUnconditionally 0 -> -1
2022-07-27 13:51:21,492 [pool-647-thread-1] INFO  segmented.SegmentedRaftLogWorker (SegmentedRaftLogWorker.java:lambda$new$0(135)) - 462f06fe-cae1-4868-8f74-05801ae52ce2@group-739B529D322A-SegmentedRaftLogWorker: safeCacheEvictIndex: setUnconditionally 0 -> -1
2022-07-27 13:51:21,511 [pool-647-thread-1] INFO  server.RaftServerConfigKeys (ConfUtils.java:logGet(46)) - raft.server.snapshot.auto.trigger.enabled = true (custom)
2022-07-27 13:51:21,511 [pool-647-thread-1] INFO  server.RaftServerConfigKeys (ConfUtils.java:logGet(46)) - raft.server.snapshot.auto.trigger.threshold = 10000 (custom)
2022-07-27 13:51:21,511 [pool-647-thread-1] INFO  server.RaftServerConfigKeys (ConfUtils.java:logGet(46)) - raft.server.snapshot.retention.file.num = 5 (custom)
2022-07-27 13:51:21,511 [pool-647-thread-1] INFO  server.RaftServerConfigKeys (ConfUtils.java:logGet(46)) - raft.server.log.purge.upto.snapshot.index = false (default)
2022-07-27 13:51:21,511 [pool-647-thread-1] INFO  server.RaftServerConfigKeys (ConfUtils.java:logGet(46)) - raft.server.retrycache.expirytime = 600000ms (custom)
2022-07-27 13:51:21,511 [pool-647-thread-1] INFO  server.RaftServerConfigKeys (ConfUtils.java:logGet(46)) - raft.server.retrycache.statistics.expirytime = 100μs (default)
2022-07-27 13:51:21,518 [pool-647-thread-1] INFO  server.RaftServerConfigKeys (ConfUtils.java:logGet(46)) - raft.server.log.appender.install.snapshot.enabled = false (custom)
2022-07-27 13:51:21,518 [pool-647-thread-1] INFO  server.RaftServerConfigKeys (ConfUtils.java:logGet(46)) - raft.server.threadpool.server.cached = true (default)
2022-07-27 13:51:21,518 [pool-647-thread-1] INFO  server.RaftServerConfigKeys (ConfUtils.java:logGet(46)) - raft.server.threadpool.server.size = 0 (default)
2022-07-27 13:51:21,518 [pool-647-thread-1] INFO  server.RaftServerConfigKeys (ConfUtils.java:logGet(46)) - raft.server.threadpool.client.cached = true (default)
2022-07-27 13:51:21,518 [pool-647-thread-1] INFO  server.RaftServerConfigKeys (ConfUtils.java:logGet(46)) - raft.server.threadpool.client.size = 0 (default)
2022-07-27 13:51:21,518 [pool-647-thread-1] INFO  server.RaftServer$Division (RaftServerImpl.java:start(310)) - 462f06fe-cae1-4868-8f74-05801ae52ce2@group-739B529D322A: start as a follower, conf=-1: [462f06fe-cae1-4868-8f74-05801ae52ce2|rpc:10.1.0.21:35767|priority:1], old=null
2022-07-27 13:51:21,518 [pool-647-thread-1] INFO  server.RaftServer$Division (RaftServerImpl.java:setRole(299)) - 462f06fe-cae1-4868-8f74-05801ae52ce2@group-739B529D322A: changes role from      null to FOLLOWER at term 0 for startAsFollower
2022-07-27 13:51:21,518 [pool-647-thread-1] INFO  impl.RoleInfo (RoleInfo.java:updateAndGet(139)) - 462f06fe-cae1-4868-8f74-05801ae52ce2: start 462f06fe-cae1-4868-8f74-05801ae52ce2@group-739B529D322A-FollowerState
2022-07-27 13:51:21,523 [pool-647-thread-1] INFO  util.JmxRegister (JmxRegister.java:tryRegister(44)) - Successfully registered JMX Bean with object name Ratis:service=RaftServer,group=group-739B529D322A,id=462f06fe-cae1-4868-8f74-05801ae52ce2
2022-07-27 13:51:21,532 [Command processor thread] INFO  ratis.XceiverServerRatis (XceiverServerRatis.java:addGroup(765)) - Created group PipelineID=06321366-0a36-4cd1-9992-739b529d322a
2022-07-27 13:51:21,532 [Command processor thread] INFO  commandhandler.CreatePipelineCommandHandler (CreatePipelineCommandHandler.java:handle(113)) - Created Pipeline RATIS ONE PipelineID=06321366-0a36-4cd1-9992-739b529d322a.
2022-07-27 13:51:22,072 [Listener at 127.0.0.1/45285] INFO  ozone.MiniOzoneClusterImpl (MiniOzoneClusterImpl.java:lambda$waitForClusterToBeReady$0(216)) - Nodes are ready. Got 5 of 5 DN Heartbeats.
2022-07-27 13:51:22,072 [Listener at 127.0.0.1/45285] INFO  ozone.MiniOzoneClusterImpl (MiniOzoneClusterImpl.java:lambda$waitForClusterToBeReady$0(219)) - Waiting for cluster to exit safe mode
2022-07-27 13:51:22,072 [Listener at 127.0.0.1/45285] INFO  ozone.MiniOzoneClusterImpl (MiniOzoneClusterImpl.java:lambda$waitForClusterToBeReady$0(221)) - SCM became leader
2022-07-27 13:51:22,267 [Command processor thread] INFO  server.RaftServer (RaftServerProxy.java:addNew(96)) - 16fef9e4-21ad-40ad-b8c3-337e342720e9: addNew group-096B66F59075:[16fef9e4-21ad-40ad-b8c3-337e342720e9|rpc:10.1.0.21:33565|priority:1] returns group-096B66F59075:java.util.concurrent.CompletableFuture@70123f31[Not completed]
2022-07-27 13:51:22,276 [pool-670-thread-1] INFO  server.RaftServer$Division (RaftServerImpl.java:<init>(190)) - 16fef9e4-21ad-40ad-b8c3-337e342720e9: new RaftServerImpl for group-096B66F59075:[16fef9e4-21ad-40ad-b8c3-337e342720e9|rpc:10.1.0.21:33565|priority:1] with ContainerStateMachine:uninitialized
2022-07-27 13:51:22,276 [pool-670-thread-1] INFO  server.RaftServerConfigKeys (ConfUtils.java:logGet(46)) - raft.server.rpc.timeout.min = 5s (custom)
2022-07-27 13:51:22,276 [pool-670-thread-1] INFO  server.RaftServerConfigKeys (ConfUtils.java:logGet(46)) - raft.server.rpc.timeout.max = 5200ms (custom)
2022-07-27 13:51:22,276 [pool-670-thread-1] INFO  server.RaftServerConfigKeys (ConfUtils.java:logGet(46)) - raft.server.rpc.sleep.time = 25ms (default)
2022-07-27 13:51:22,276 [pool-670-thread-1] INFO  server.RaftServerConfigKeys (ConfUtils.java:logGet(46)) - raft.server.rpc.slowness.timeout = 300s (custom)
2022-07-27 13:51:22,276 [pool-670-thread-1] INFO  server.RaftServerConfigKeys (ConfUtils.java:logGet(46)) - raft.server.leaderelection.leader.step-down.wait-time = 10s (default)
2022-07-27 13:51:22,276 [pool-670-thread-1] INFO  server.RaftServerConfigKeys (ConfUtils.java:logGet(46)) - raft.server.sleep.deviation.threshold = 300ms (default)
2022-07-27 13:51:22,276 [pool-670-thread-1] INFO  server.RaftServer$Division (ServerState.java:<init>(107)) - 16fef9e4-21ad-40ad-b8c3-337e342720e9@group-096B66F59075: ConfigurationManager, init=-1: [16fef9e4-21ad-40ad-b8c3-337e342720e9|rpc:10.1.0.21:33565|priority:1], old=null, confs=<EMPTY_MAP>
2022-07-27 13:51:22,276 [pool-670-thread-1] INFO  server.RaftServerConfigKeys (ConfUtils.java:logGet(46)) - raft.server.storage.dir = [/home/runner/work/ozone/ozone/hadoop-ozone/integration-test/target/test-dir/MiniOzoneClusterImpl-e3e01987-94f8-4a87-8a0d-2583aef5e8b1/datanode-3/data/ratis] (custom)
2022-07-27 13:51:22,276 [pool-670-thread-1] INFO  server.RaftServerConfigKeys (ConfUtils.java:logGet(46)) - raft.server.log.corruption.policy = EXCEPTION (default)
2022-07-27 13:51:22,276 [pool-670-thread-1] INFO  server.RaftServerConfigKeys (ConfUtils.java:logGet(46)) - raft.server.storage.free-space.min = 0MB (=0) (default)
2022-07-27 13:51:22,276 [pool-670-thread-1] INFO  storage.RaftStorageDirectory (RaftStorageDirectoryImpl.java:analyzeStorage(135)) - The storage directory /home/runner/work/ozone/ozone/hadoop-ozone/integration-test/target/test-dir/MiniOzoneClusterImpl-e3e01987-94f8-4a87-8a0d-2583aef5e8b1/datanode-3/data/ratis/a32ccc4c-d3a6-43c4-adbb-096b66f59075 does not exist. Creating ...
2022-07-27 13:51:22,287 [pool-670-thread-1] INFO  storage.RaftStorageDirectory (RaftStorageDirectoryImpl.java:tryLock(230)) - Lock on /home/runner/work/ozone/ozone/hadoop-ozone/integration-test/target/test-dir/MiniOzoneClusterImpl-e3e01987-94f8-4a87-8a0d-2583aef5e8b1/datanode-3/data/ratis/a32ccc4c-d3a6-43c4-adbb-096b66f59075/in_use.lock acquired by nodename 11093@fv-az217-261
2022-07-27 13:51:22,288 [pool-670-thread-1] INFO  storage.RaftStorage (RaftStorageImpl.java:format(89)) - Storage directory /home/runner/work/ozone/ozone/hadoop-ozone/integration-test/target/test-dir/MiniOzoneClusterImpl-e3e01987-94f8-4a87-8a0d-2583aef5e8b1/datanode-3/data/ratis/a32ccc4c-d3a6-43c4-adbb-096b66f59075 has been successfully formatted.
2022-07-27 13:51:22,298 [pool-670-thread-1] INFO  ratis.ContainerStateMachine (ContainerStateMachine.java:loadSnapshot(236)) - group-096B66F59075: The snapshot info is null. Setting the last applied indexto:(t:0, i:~)
2022-07-27 13:51:22,298 [EventQueue-PipelineReportForPipelineReportHandler] INFO  pipeline.PipelineManagerImpl (PipelineManagerImpl.java:openPipeline(367)) - Pipeline Pipeline[ Id: a32ccc4c-d3a6-43c4-adbb-096b66f59075, Nodes: 16fef9e4-21ad-40ad-b8c3-337e342720e9{ip: 10.1.0.21, host: fv-az217-261.5fhmivlnczbevhjmk01nzrxweh.bx.internal.cloudapp.net, ports: [REPLICATION=41077, RATIS=33565, RATIS_ADMIN=33565, RATIS_SERVER=33565, STANDALONE=38741], networkLocation: /default-rack, certSerialId: null, persistedOpState: IN_SERVICE, persistedOpStateExpiryEpochSec: 0}, ReplicationConfig: RATIS/ONE, State:ALLOCATED, leaderId:16fef9e4-21ad-40ad-b8c3-337e342720e9, CreationTimestamp2022-07-27T13:51:19.272Z[Etc/UTC]] moved to OPEN state
2022-07-27 13:51:22,299 [EventQueue-OpenPipelineForHealthyPipelineSafeModeRule] INFO  safemode.SCMSafeModeManager (HealthyPipelineSafeModeRule.java:process(137)) - SCM in safe mode. Healthy pipelines reported count is 0, required healthy pipeline reported count is 1
2022-07-27 13:51:22,301 [pool-670-thread-1] INFO  server.RaftServerConfigKeys (ConfUtils.java:logGet(46)) - raft.server.notification.no-leader.timeout = 300s (custom)
2022-07-27 13:51:22,301 [pool-670-thread-1] INFO  server.RaftServerConfigKeys (ConfUtils.java:logGet(46)) - raft.server.log.use.memory = false (default)
2022-07-27 13:51:22,301 [pool-670-thread-1] INFO  server.RaftServerConfigKeys (ConfUtils.java:logGet(46)) - raft.server.log.purge.gap = 1000000 (custom)
2022-07-27 13:51:22,301 [pool-670-thread-1] INFO  server.RaftServerConfigKeys (ConfUtils.java:logGet(46)) - raft.server.log.appender.buffer.byte-limit = 33554432 (custom)
2022-07-27 13:51:22,301 [pool-670-thread-1] INFO  server.RaftServerConfigKeys (ConfUtils.java:logGet(46)) - raft.server.log.statemachine.data.read.timeout = 1000ms (default)
2022-07-27 13:51:22,302 [pool-670-thread-1] INFO  server.RaftServerConfigKeys (ConfUtils.java:logGet(46)) - raft.server.log.segment.size.max = 1048576 (custom)
2022-07-27 13:51:22,302 [pool-670-thread-1] INFO  server.RaftServerConfigKeys (ConfUtils.java:logGet(46)) - raft.server.log.segment.cache.num.max = 2 (custom)
2022-07-27 13:51:22,302 [pool-670-thread-1] INFO  server.RaftServerConfigKeys (ConfUtils.java:logGet(46)) - raft.server.log.segment.cache.size.max = 200MB (=209715200) (default)
2022-07-27 13:51:22,311 [pool-670-thread-1] INFO  segmented.SegmentedRaftLogWorker (SegmentedRaftLogWorker.java:<init>(187)) - new 16fef9e4-21ad-40ad-b8c3-337e342720e9@group-096B66F59075-SegmentedRaftLogWorker for RaftStorageImpl:Storage Directory /home/runner/work/ozone/ozone/hadoop-ozone/integration-test/target/test-dir/MiniOzoneClusterImpl-e3e01987-94f8-4a87-8a0d-2583aef5e8b1/datanode-3/data/ratis/a32ccc4c-d3a6-43c4-adbb-096b66f59075
2022-07-27 13:51:22,311 [pool-670-thread-1] INFO  server.RaftServerConfigKeys (ConfUtils.java:logGet(46)) - raft.server.log.queue.byte-limit = 4294967296 (custom)
2022-07-27 13:51:22,311 [pool-670-thread-1] INFO  server.RaftServerConfigKeys (ConfUtils.java:logGet(46)) - raft.server.log.queue.element-limit = 1024 (custom)
2022-07-27 13:51:22,311 [pool-670-thread-1] INFO  server.RaftServerConfigKeys (ConfUtils.java:logGet(46)) - raft.server.log.segment.size.max = 1048576 (custom)
2022-07-27 13:51:22,311 [pool-670-thread-1] INFO  server.RaftServerConfigKeys (ConfUtils.java:logGet(46)) - raft.server.log.preallocated.size = 16384 (custom)
2022-07-27 13:51:22,311 [pool-670-thread-1] INFO  server.RaftServerConfigKeys (ConfUtils.java:logGet(46)) - raft.server.log.force.sync.num = 128 (default)
2022-07-27 13:51:22,311 [pool-670-thread-1] INFO  server.RaftServerConfigKeys (ConfUtils.java:logGet(46)) - raft.server.log.statemachine.data.sync = true (default)
2022-07-27 13:51:22,311 [pool-670-thread-1] INFO  server.RaftServerConfigKeys (ConfUtils.java:logGet(46)) - raft.server.log.statemachine.data.sync.timeout = 10s (default)
2022-07-27 13:51:22,311 [pool-670-thread-1] INFO  server.RaftServerConfigKeys (ConfUtils.java:logGet(46)) - raft.server.log.statemachine.data.sync.timeout.retry = -1 (default)
2022-07-27 13:51:22,321 [pool-670-thread-1] INFO  server.RaftServerConfigKeys (ConfUtils.java:logGet(46)) - raft.server.log.write.buffer.size = 1048576 (custom)
2022-07-27 13:51:22,321 [pool-670-thread-1] INFO  server.RaftServerConfigKeys (ConfUtils.java:logGet(46)) - raft.server.log.unsafe-flush.enabled = false (default)
2022-07-27 13:51:22,321 [pool-670-thread-1] INFO  server.RaftServerConfigKeys (ConfUtils.java:logGet(46)) - raft.server.log.statemachine.data.caching.enabled = true (custom)
2022-07-27 13:51:22,321 [pool-670-thread-1] INFO  segmented.SegmentedRaftLogWorker (SegmentedRaftLogWorker.java:lambda$new$0(135)) - 16fef9e4-21ad-40ad-b8c3-337e342720e9@group-096B66F59075-SegmentedRaftLogWorker: flushIndex: setUnconditionally 0 -> -1
2022-07-27 13:51:22,321 [pool-670-thread-1] INFO  segmented.SegmentedRaftLogWorker (SegmentedRaftLogWorker.java:lambda$new$0(135)) - 16fef9e4-21ad-40ad-b8c3-337e342720e9@group-096B66F59075-SegmentedRaftLogWorker: safeCacheEvictIndex: setUnconditionally 0 -> -1
2022-07-27 13:51:22,322 [pool-670-thread-1] INFO  server.RaftServerConfigKeys (ConfUtils.java:logGet(46)) - raft.server.snapshot.auto.trigger.enabled = true (custom)
2022-07-27 13:51:22,322 [pool-670-thread-1] INFO  server.RaftServerConfigKeys (ConfUtils.java:logGet(46)) - raft.server.snapshot.auto.trigger.threshold = 10000 (custom)
2022-07-27 13:51:22,322 [pool-670-thread-1] INFO  server.RaftServerConfigKeys (ConfUtils.java:logGet(46)) - raft.server.snapshot.retention.file.num = 5 (custom)
2022-07-27 13:51:22,322 [pool-670-thread-1] INFO  server.RaftServerConfigKeys (ConfUtils.java:logGet(46)) - raft.server.log.purge.upto.snapshot.index = false (default)
2022-07-27 13:51:22,322 [pool-670-thread-1] INFO  server.RaftServerConfigKeys (ConfUtils.java:logGet(46)) - raft.server.retrycache.expirytime = 600000ms (custom)
2022-07-27 13:51:22,322 [pool-670-thread-1] INFO  server.RaftServerConfigKeys (ConfUtils.java:logGet(46)) - raft.server.retrycache.statistics.expirytime = 100μs (default)
2022-07-27 13:51:22,323 [pool-670-thread-1] INFO  server.RaftServerConfigKeys (ConfUtils.java:logGet(46)) - raft.server.log.appender.install.snapshot.enabled = false (custom)
2022-07-27 13:51:22,323 [pool-670-thread-1] INFO  server.RaftServerConfigKeys (ConfUtils.java:logGet(46)) - raft.server.threadpool.server.cached = true (default)
2022-07-27 13:51:22,323 [pool-670-thread-1] INFO  server.RaftServerConfigKeys (ConfUtils.java:logGet(46)) - raft.server.threadpool.server.size = 0 (default)
2022-07-27 13:51:22,323 [pool-670-thread-1] INFO  server.RaftServerConfigKeys (ConfUtils.java:logGet(46)) - raft.server.threadpool.client.cached = true (default)
2022-07-27 13:51:22,323 [pool-670-thread-1] INFO  server.RaftServerConfigKeys (ConfUtils.java:logGet(46)) - raft.server.threadpool.client.size = 0 (default)
2022-07-27 13:51:22,323 [pool-670-thread-1] INFO  server.RaftServer$Division (RaftServerImpl.java:start(310)) - 16fef9e4-21ad-40ad-b8c3-337e342720e9@group-096B66F59075: start as a follower, conf=-1: [16fef9e4-21ad-40ad-b8c3-337e342720e9|rpc:10.1.0.21:33565|priority:1], old=null
2022-07-27 13:51:22,323 [pool-670-thread-1] INFO  server.RaftServer$Division (RaftServerImpl.java:setRole(299)) - 16fef9e4-21ad-40ad-b8c3-337e342720e9@group-096B66F59075: changes role from      null to FOLLOWER at term 0 for startAsFollower
2022-07-27 13:51:22,323 [pool-670-thread-1] INFO  impl.RoleInfo (RoleInfo.java:updateAndGet(139)) - 16fef9e4-21ad-40ad-b8c3-337e342720e9: start 16fef9e4-21ad-40ad-b8c3-337e342720e9@group-096B66F59075-FollowerState
2022-07-27 13:51:22,347 [pool-670-thread-1] INFO  util.JmxRegister (JmxRegister.java:tryRegister(44)) - Successfully registered JMX Bean with object name Ratis:service=RaftServer,group=group-096B66F59075,id=16fef9e4-21ad-40ad-b8c3-337e342720e9
2022-07-27 13:51:22,355 [Command processor thread] INFO  ratis.XceiverServerRatis (XceiverServerRatis.java:addGroup(765)) - Created group PipelineID=a32ccc4c-d3a6-43c4-adbb-096b66f59075
2022-07-27 13:51:22,355 [Command processor thread] INFO  commandhandler.CreatePipelineCommandHandler (CreatePipelineCommandHandler.java:handle(113)) - Created Pipeline RATIS ONE PipelineID=a32ccc4c-d3a6-43c4-adbb-096b66f59075.
2022-07-27 13:51:23,073 [Listener at 127.0.0.1/45285] INFO  ozone.MiniOzoneClusterImpl (MiniOzoneClusterImpl.java:lambda$waitForClusterToBeReady$0(216)) - Nodes are ready. Got 5 of 5 DN Heartbeats.
2022-07-27 13:51:23,073 [Listener at 127.0.0.1/45285] INFO  ozone.MiniOzoneClusterImpl (MiniOzoneClusterImpl.java:lambda$waitForClusterToBeReady$0(219)) - Waiting for cluster to exit safe mode
2022-07-27 13:51:23,073 [Listener at 127.0.0.1/45285] INFO  ozone.MiniOzoneClusterImpl (MiniOzoneClusterImpl.java:lambda$waitForClusterToBeReady$0(221)) - SCM became leader
2022-07-27 13:51:23,116 [Command processor thread] INFO  server.RaftServer (RaftServerProxy.java:addNew(96)) - 63bc2f19-35e4-497a-b77b-da5c1db8f193: addNew group-9B367EC24710:[63bc2f19-35e4-497a-b77b-da5c1db8f193|rpc:10.1.0.21:45151|priority:1] returns group-9B367EC24710:java.util.concurrent.CompletableFuture@38821ffe[Not completed]
2022-07-27 13:51:23,124 [pool-698-thread-1] INFO  server.RaftServer$Division (RaftServerImpl.java:<init>(190)) - 63bc2f19-35e4-497a-b77b-da5c1db8f193: new RaftServerImpl for group-9B367EC24710:[63bc2f19-35e4-497a-b77b-da5c1db8f193|rpc:10.1.0.21:45151|priority:1] with ContainerStateMachine:uninitialized
2022-07-27 13:51:23,124 [pool-698-thread-1] INFO  server.RaftServerConfigKeys (ConfUtils.java:logGet(46)) - raft.server.rpc.timeout.min = 5s (custom)
2022-07-27 13:51:23,124 [pool-698-thread-1] INFO  server.RaftServerConfigKeys (ConfUtils.java:logGet(46)) - raft.server.rpc.timeout.max = 5200ms (custom)
2022-07-27 13:51:23,124 [pool-698-thread-1] INFO  server.RaftServerConfigKeys (ConfUtils.java:logGet(46)) - raft.server.rpc.sleep.time = 25ms (default)
2022-07-27 13:51:23,124 [pool-698-thread-1] INFO  server.RaftServerConfigKeys (ConfUtils.java:logGet(46)) - raft.server.rpc.slowness.timeout = 300s (custom)
2022-07-27 13:51:23,124 [pool-698-thread-1] INFO  server.RaftServerConfigKeys (ConfUtils.java:logGet(46)) - raft.server.leaderelection.leader.step-down.wait-time = 10s (default)
2022-07-27 13:51:23,124 [pool-698-thread-1] INFO  server.RaftServerConfigKeys (ConfUtils.java:logGet(46)) - raft.server.sleep.deviation.threshold = 300ms (default)
2022-07-27 13:51:23,124 [pool-698-thread-1] INFO  server.RaftServer$Division (ServerState.java:<init>(107)) - 63bc2f19-35e4-497a-b77b-da5c1db8f193@group-9B367EC24710: ConfigurationManager, init=-1: [63bc2f19-35e4-497a-b77b-da5c1db8f193|rpc:10.1.0.21:45151|priority:1], old=null, confs=<EMPTY_MAP>
2022-07-27 13:51:23,124 [pool-698-thread-1] INFO  server.RaftServerConfigKeys (ConfUtils.java:logGet(46)) - raft.server.storage.dir = [/home/runner/work/ozone/ozone/hadoop-ozone/integration-test/target/test-dir/MiniOzoneClusterImpl-e3e01987-94f8-4a87-8a0d-2583aef5e8b1/datanode-4/data/ratis] (custom)
2022-07-27 13:51:23,124 [pool-698-thread-1] INFO  server.RaftServerConfigKeys (ConfUtils.java:logGet(46)) - raft.server.log.corruption.policy = EXCEPTION (default)
2022-07-27 13:51:23,124 [pool-698-thread-1] INFO  server.RaftServerConfigKeys (ConfUtils.java:logGet(46)) - raft.server.storage.free-space.min = 0MB (=0) (default)
2022-07-27 13:51:23,124 [pool-698-thread-1] INFO  storage.RaftStorageDirectory (RaftStorageDirectoryImpl.java:analyzeStorage(135)) - The storage directory /home/runner/work/ozone/ozone/hadoop-ozone/integration-test/target/test-dir/MiniOzoneClusterImpl-e3e01987-94f8-4a87-8a0d-2583aef5e8b1/datanode-4/data/ratis/b4827998-69a3-442d-a484-9b367ec24710 does not exist. Creating ...
2022-07-27 13:51:23,135 [pool-698-thread-1] INFO  storage.RaftStorageDirectory (RaftStorageDirectoryImpl.java:tryLock(230)) - Lock on /home/runner/work/ozone/ozone/hadoop-ozone/integration-test/target/test-dir/MiniOzoneClusterImpl-e3e01987-94f8-4a87-8a0d-2583aef5e8b1/datanode-4/data/ratis/b4827998-69a3-442d-a484-9b367ec24710/in_use.lock acquired by nodename 11093@fv-az217-261
2022-07-27 13:51:23,143 [pool-698-thread-1] INFO  storage.RaftStorage (RaftStorageImpl.java:format(89)) - Storage directory /home/runner/work/ozone/ozone/hadoop-ozone/integration-test/target/test-dir/MiniOzoneClusterImpl-e3e01987-94f8-4a87-8a0d-2583aef5e8b1/datanode-4/data/ratis/b4827998-69a3-442d-a484-9b367ec24710 has been successfully formatted.
2022-07-27 13:51:23,146 [pool-698-thread-1] INFO  ratis.ContainerStateMachine (ContainerStateMachine.java:loadSnapshot(236)) - group-9B367EC24710: The snapshot info is null. Setting the last applied indexto:(t:0, i:~)
2022-07-27 13:51:23,146 [pool-698-thread-1] INFO  server.RaftServerConfigKeys (ConfUtils.java:logGet(46)) - raft.server.notification.no-leader.timeout = 300s (custom)
2022-07-27 13:51:23,146 [pool-698-thread-1] INFO  server.RaftServerConfigKeys (ConfUtils.java:logGet(46)) - raft.server.log.use.memory = false (default)
2022-07-27 13:51:23,146 [pool-698-thread-1] INFO  server.RaftServerConfigKeys (ConfUtils.java:logGet(46)) - raft.server.log.purge.gap = 1000000 (custom)
2022-07-27 13:51:23,146 [pool-698-thread-1] INFO  server.RaftServerConfigKeys (ConfUtils.java:logGet(46)) - raft.server.log.appender.buffer.byte-limit = 33554432 (custom)
2022-07-27 13:51:23,146 [pool-698-thread-1] INFO  server.RaftServerConfigKeys (ConfUtils.java:logGet(46)) - raft.server.log.statemachine.data.read.timeout = 1000ms (default)
2022-07-27 13:51:23,146 [pool-698-thread-1] INFO  server.RaftServerConfigKeys (ConfUtils.java:logGet(46)) - raft.server.log.segment.size.max = 1048576 (custom)
2022-07-27 13:51:23,147 [pool-698-thread-1] INFO  server.RaftServerConfigKeys (ConfUtils.java:logGet(46)) - raft.server.log.segment.cache.num.max = 2 (custom)
2022-07-27 13:51:23,147 [pool-698-thread-1] INFO  server.RaftServerConfigKeys (ConfUtils.java:logGet(46)) - raft.server.log.segment.cache.size.max = 200MB (=209715200) (default)
2022-07-27 13:51:23,147 [pool-698-thread-1] INFO  segmented.SegmentedRaftLogWorker (SegmentedRaftLogWorker.java:<init>(187)) - new 63bc2f19-35e4-497a-b77b-da5c1db8f193@group-9B367EC24710-SegmentedRaftLogWorker for RaftStorageImpl:Storage Directory /home/runner/work/ozone/ozone/hadoop-ozone/integration-test/target/test-dir/MiniOzoneClusterImpl-e3e01987-94f8-4a87-8a0d-2583aef5e8b1/datanode-4/data/ratis/b4827998-69a3-442d-a484-9b367ec24710
2022-07-27 13:51:23,147 [pool-698-thread-1] INFO  server.RaftServerConfigKeys (ConfUtils.java:logGet(46)) - raft.server.log.queue.byte-limit = 4294967296 (custom)
2022-07-27 13:51:23,147 [pool-698-thread-1] INFO  server.RaftServerConfigKeys (ConfUtils.java:logGet(46)) - raft.server.log.queue.element-limit = 1024 (custom)
2022-07-27 13:51:23,147 [pool-698-thread-1] INFO  server.RaftServerConfigKeys (ConfUtils.java:logGet(46)) - raft.server.log.segment.size.max = 1048576 (custom)
2022-07-27 13:51:23,147 [pool-698-thread-1] INFO  server.RaftServerConfigKeys (ConfUtils.java:logGet(46)) - raft.server.log.preallocated.size = 16384 (custom)
2022-07-27 13:51:23,147 [pool-698-thread-1] INFO  server.RaftServerConfigKeys (ConfUtils.java:logGet(46)) - raft.server.log.force.sync.num = 128 (default)
2022-07-27 13:51:23,147 [pool-698-thread-1] INFO  server.RaftServerConfigKeys (ConfUtils.java:logGet(46)) - raft.server.log.statemachine.data.sync = true (default)
2022-07-27 13:51:23,147 [pool-698-thread-1] INFO  server.RaftServerConfigKeys (ConfUtils.java:logGet(46)) - raft.server.log.statemachine.data.sync.timeout = 10s (default)
2022-07-27 13:51:23,147 [pool-698-thread-1] INFO  server.RaftServerConfigKeys (ConfUtils.java:logGet(46)) - raft.server.log.statemachine.data.sync.timeout.retry = -1 (default)
2022-07-27 13:51:23,148 [EventQueue-PipelineReportForPipelineReportHandler] INFO  pipeline.PipelineManagerImpl (PipelineManagerImpl.java:openPipeline(367)) - Pipeline Pipeline[ Id: b4827998-69a3-442d-a484-9b367ec24710, Nodes: 63bc2f19-35e4-497a-b77b-da5c1db8f193{ip: 10.1.0.21, host: fv-az217-261.5fhmivlnczbevhjmk01nzrxweh.bx.internal.cloudapp.net, ports: [REPLICATION=42203, RATIS=45151, RATIS_ADMIN=45151, RATIS_SERVER=45151, STANDALONE=36653], networkLocation: /default-rack, certSerialId: null, persistedOpState: IN_SERVICE, persistedOpStateExpiryEpochSec: 0}, ReplicationConfig: RATIS/ONE, State:ALLOCATED, leaderId:63bc2f19-35e4-497a-b77b-da5c1db8f193, CreationTimestamp2022-07-27T13:51:20.127Z[Etc/UTC]] moved to OPEN state
2022-07-27 13:51:23,151 [EventQueue-OpenPipelineForHealthyPipelineSafeModeRule] INFO  safemode.SCMSafeModeManager (HealthyPipelineSafeModeRule.java:process(137)) - SCM in safe mode. Healthy pipelines reported count is 0, required healthy pipeline reported count is 1
2022-07-27 13:51:23,152 [pool-698-thread-1] INFO  server.RaftServerConfigKeys (ConfUtils.java:logGet(46)) - raft.server.log.write.buffer.size = 1048576 (custom)
2022-07-27 13:51:23,152 [pool-698-thread-1] INFO  server.RaftServerConfigKeys (ConfUtils.java:logGet(46)) - raft.server.log.unsafe-flush.enabled = false (default)
2022-07-27 13:51:23,152 [pool-698-thread-1] INFO  server.RaftServerConfigKeys (ConfUtils.java:logGet(46)) - raft.server.log.statemachine.data.caching.enabled = true (custom)
2022-07-27 13:51:23,153 [pool-698-thread-1] INFO  segmented.SegmentedRaftLogWorker (SegmentedRaftLogWorker.java:lambda$new$0(135)) - 63bc2f19-35e4-497a-b77b-da5c1db8f193@group-9B367EC24710-SegmentedRaftLogWorker: flushIndex: setUnconditionally 0 -> -1
2022-07-27 13:51:23,153 [pool-698-thread-1] INFO  segmented.SegmentedRaftLogWorker (SegmentedRaftLogWorker.java:lambda$new$0(135)) - 63bc2f19-35e4-497a-b77b-da5c1db8f193@group-9B367EC24710-SegmentedRaftLogWorker: safeCacheEvictIndex: setUnconditionally 0 -> -1
2022-07-27 13:51:23,175 [pool-698-thread-1] INFO  server.RaftServerConfigKeys (ConfUtils.java:logGet(46)) - raft.server.snapshot.auto.trigger.enabled = true (custom)
2022-07-27 13:51:23,175 [pool-698-thread-1] INFO  server.RaftServerConfigKeys (ConfUtils.java:logGet(46)) - raft.server.snapshot.auto.trigger.threshold = 10000 (custom)
2022-07-27 13:51:23,175 [pool-698-thread-1] INFO  server.RaftServerConfigKeys (ConfUtils.java:logGet(46)) - raft.server.snapshot.retention.file.num = 5 (custom)
2022-07-27 13:51:23,175 [pool-698-thread-1] INFO  server.RaftServerConfigKeys (ConfUtils.java:logGet(46)) - raft.server.log.purge.upto.snapshot.index = false (default)
2022-07-27 13:51:23,175 [pool-698-thread-1] INFO  server.RaftServerConfigKeys (ConfUtils.java:logGet(46)) - raft.server.retrycache.expirytime = 600000ms (custom)
2022-07-27 13:51:23,175 [pool-698-thread-1] INFO  server.RaftServerConfigKeys (ConfUtils.java:logGet(46)) - raft.server.retrycache.statistics.expirytime = 100μs (default)
2022-07-27 13:51:23,176 [pool-698-thread-1] INFO  server.RaftServerConfigKeys (ConfUtils.java:logGet(46)) - raft.server.log.appender.install.snapshot.enabled = false (custom)
2022-07-27 13:51:23,176 [pool-698-thread-1] INFO  server.RaftServerConfigKeys (ConfUtils.java:logGet(46)) - raft.server.threadpool.server.cached = true (default)
2022-07-27 13:51:23,176 [pool-698-thread-1] INFO  server.RaftServerConfigKeys (ConfUtils.java:logGet(46)) - raft.server.threadpool.server.size = 0 (default)
2022-07-27 13:51:23,177 [pool-698-thread-1] INFO  server.RaftServerConfigKeys (ConfUtils.java:logGet(46)) - raft.server.threadpool.client.cached = true (default)
2022-07-27 13:51:23,177 [pool-698-thread-1] INFO  server.RaftServerConfigKeys (ConfUtils.java:logGet(46)) - raft.server.threadpool.client.size = 0 (default)
2022-07-27 13:51:23,177 [pool-698-thread-1] INFO  server.RaftServer$Division (RaftServerImpl.java:start(310)) - 63bc2f19-35e4-497a-b77b-da5c1db8f193@group-9B367EC24710: start as a follower, conf=-1: [63bc2f19-35e4-497a-b77b-da5c1db8f193|rpc:10.1.0.21:45151|priority:1], old=null
2022-07-27 13:51:23,177 [pool-698-thread-1] INFO  server.RaftServer$Division (RaftServerImpl.java:setRole(299)) - 63bc2f19-35e4-497a-b77b-da5c1db8f193@group-9B367EC24710: changes role from      null to FOLLOWER at term 0 for startAsFollower
2022-07-27 13:51:23,177 [pool-698-thread-1] INFO  impl.RoleInfo (RoleInfo.java:updateAndGet(139)) - 63bc2f19-35e4-497a-b77b-da5c1db8f193: start 63bc2f19-35e4-497a-b77b-da5c1db8f193@group-9B367EC24710-FollowerState
2022-07-27 13:51:23,177 [pool-698-thread-1] INFO  util.JmxRegister (JmxRegister.java:tryRegister(44)) - Successfully registered JMX Bean with object name Ratis:service=RaftServer,group=group-9B367EC24710,id=63bc2f19-35e4-497a-b77b-da5c1db8f193
2022-07-27 13:51:23,193 [Command processor thread] INFO  ratis.XceiverServerRatis (XceiverServerRatis.java:addGroup(765)) - Created group PipelineID=b4827998-69a3-442d-a484-9b367ec24710
2022-07-27 13:51:23,193 [Command processor thread] INFO  commandhandler.CreatePipelineCommandHandler (CreatePipelineCommandHandler.java:handle(113)) - Created Pipeline RATIS ONE PipelineID=b4827998-69a3-442d-a484-9b367ec24710.
2022-07-27 13:51:24,074 [Listener at 127.0.0.1/45285] INFO  ozone.MiniOzoneClusterImpl (MiniOzoneClusterImpl.java:lambda$waitForClusterToBeReady$0(216)) - Nodes are ready. Got 5 of 5 DN Heartbeats.
2022-07-27 13:51:24,074 [Listener at 127.0.0.1/45285] INFO  ozone.MiniOzoneClusterImpl (MiniOzoneClusterImpl.java:lambda$waitForClusterToBeReady$0(219)) - Waiting for cluster to exit safe mode
2022-07-27 13:51:24,074 [Listener at 127.0.0.1/45285] INFO  ozone.MiniOzoneClusterImpl (MiniOzoneClusterImpl.java:lambda$waitForClusterToBeReady$0(221)) - SCM became leader
2022-07-27 13:51:25,074 [Listener at 127.0.0.1/45285] INFO  ozone.MiniOzoneClusterImpl (MiniOzoneClusterImpl.java:lambda$waitForClusterToBeReady$0(216)) - Nodes are ready. Got 5 of 5 DN Heartbeats.
2022-07-27 13:51:25,074 [Listener at 127.0.0.1/45285] INFO  ozone.MiniOzoneClusterImpl (MiniOzoneClusterImpl.java:lambda$waitForClusterToBeReady$0(219)) - Waiting for cluster to exit safe mode
2022-07-27 13:51:25,074 [Listener at 127.0.0.1/45285] INFO  ozone.MiniOzoneClusterImpl (MiniOzoneClusterImpl.java:lambda$waitForClusterToBeReady$0(221)) - SCM became leader
2022-07-27 13:51:25,306 [32550fa0-9153-4d09-8fa0-706fd13e6797@group-0F6684652F28-FollowerState] INFO  impl.FollowerState (FollowerState.java:run(143)) - 32550fa0-9153-4d09-8fa0-706fd13e6797@group-0F6684652F28-FollowerState: change to CANDIDATE, lastRpcElapsedTime:5146773208ns, electionTimeout:5138ms
2022-07-27 13:51:25,306 [32550fa0-9153-4d09-8fa0-706fd13e6797@group-0F6684652F28-FollowerState] INFO  impl.RoleInfo (RoleInfo.java:shutdownFollowerState(110)) - 32550fa0-9153-4d09-8fa0-706fd13e6797: shutdown 32550fa0-9153-4d09-8fa0-706fd13e6797@group-0F6684652F28-FollowerState
2022-07-27 13:51:25,306 [32550fa0-9153-4d09-8fa0-706fd13e6797@group-0F6684652F28-FollowerState] INFO  server.RaftServer$Division (RaftServerImpl.java:setRole(299)) - 32550fa0-9153-4d09-8fa0-706fd13e6797@group-0F6684652F28: changes role from  FOLLOWER to CANDIDATE at term 0 for changeToCandidate
2022-07-27 13:51:25,306 [32550fa0-9153-4d09-8fa0-706fd13e6797@group-0F6684652F28-FollowerState] INFO  server.RaftServerConfigKeys (ConfUtils.java:logGet(46)) - raft.server.leaderelection.pre-vote = false (custom)
2022-07-27 13:51:25,306 [32550fa0-9153-4d09-8fa0-706fd13e6797@group-0F6684652F28-FollowerState] INFO  impl.RoleInfo (RoleInfo.java:updateAndGet(139)) - 32550fa0-9153-4d09-8fa0-706fd13e6797: start 32550fa0-9153-4d09-8fa0-706fd13e6797@group-0F6684652F28-LeaderElection24
2022-07-27 13:51:25,312 [32550fa0-9153-4d09-8fa0-706fd13e6797@group-AA615C2F0A62-FollowerState] INFO  impl.FollowerState (FollowerState.java:run(143)) - 32550fa0-9153-4d09-8fa0-706fd13e6797@group-AA615C2F0A62-FollowerState: change to CANDIDATE, lastRpcElapsedTime:5207120547ns, electionTimeout:5199ms
2022-07-27 13:51:25,317 [32550fa0-9153-4d09-8fa0-706fd13e6797@group-AA615C2F0A62-FollowerState] INFO  impl.RoleInfo (RoleInfo.java:shutdownFollowerState(110)) - 32550fa0-9153-4d09-8fa0-706fd13e6797: shutdown 32550fa0-9153-4d09-8fa0-706fd13e6797@group-AA615C2F0A62-FollowerState
2022-07-27 13:51:25,317 [32550fa0-9153-4d09-8fa0-706fd13e6797@group-AA615C2F0A62-FollowerState] INFO  server.RaftServer$Division (RaftServerImpl.java:setRole(299)) - 32550fa0-9153-4d09-8fa0-706fd13e6797@group-AA615C2F0A62: changes role from  FOLLOWER to CANDIDATE at term 0 for changeToCandidate
2022-07-27 13:51:25,317 [32550fa0-9153-4d09-8fa0-706fd13e6797@group-AA615C2F0A62-FollowerState] INFO  server.RaftServerConfigKeys (ConfUtils.java:logGet(46)) - raft.server.leaderelection.pre-vote = false (custom)
2022-07-27 13:51:25,317 [32550fa0-9153-4d09-8fa0-706fd13e6797@group-AA615C2F0A62-FollowerState] INFO  impl.RoleInfo (RoleInfo.java:updateAndGet(139)) - 32550fa0-9153-4d09-8fa0-706fd13e6797: start 32550fa0-9153-4d09-8fa0-706fd13e6797@group-AA615C2F0A62-LeaderElection25
2022-07-27 13:51:25,335 [32550fa0-9153-4d09-8fa0-706fd13e6797@group-0F6684652F28-LeaderElection24] INFO  impl.LeaderElection (LeaderElection.java:askForVotes(310)) - 32550fa0-9153-4d09-8fa0-706fd13e6797@group-0F6684652F28-LeaderElection24 ELECTION round 0: submit vote requests at term 1 for -1: [366e6065-a50f-499f-97ce-c324ed4f2808|rpc:10.1.0.21:41283|priority:1, 462f06fe-cae1-4868-8f74-05801ae52ce2|rpc:10.1.0.21:35767|priority:0, 32550fa0-9153-4d09-8fa0-706fd13e6797|rpc:10.1.0.21:42101|priority:0], old=null
2022-07-27 13:51:25,372 [32550fa0-9153-4d09-8fa0-706fd13e6797@group-AA615C2F0A62-LeaderElection25] INFO  impl.LeaderElection (LeaderElection.java:askForVotes(310)) - 32550fa0-9153-4d09-8fa0-706fd13e6797@group-AA615C2F0A62-LeaderElection25 ELECTION round 0: submit vote requests at term 1 for -1: [32550fa0-9153-4d09-8fa0-706fd13e6797|rpc:10.1.0.21:42101|priority:1], old=null
2022-07-27 13:51:25,372 [32550fa0-9153-4d09-8fa0-706fd13e6797@group-AA615C2F0A62-LeaderElection25] INFO  impl.LeaderElection (LeaderElection.java:askForVotes(312)) - 32550fa0-9153-4d09-8fa0-706fd13e6797@group-AA615C2F0A62-LeaderElection25 ELECTION round 0: result PASSED (term=1)
2022-07-27 13:51:25,372 [32550fa0-9153-4d09-8fa0-706fd13e6797@group-AA615C2F0A62-LeaderElection25] INFO  impl.RoleInfo (RoleInfo.java:shutdownLeaderElection(130)) - 32550fa0-9153-4d09-8fa0-706fd13e6797: shutdown 32550fa0-9153-4d09-8fa0-706fd13e6797@group-AA615C2F0A62-LeaderElection25
2022-07-27 13:51:25,372 [32550fa0-9153-4d09-8fa0-706fd13e6797@group-AA615C2F0A62-LeaderElection25] INFO  server.RaftServer$Division (RaftServerImpl.java:setRole(299)) - 32550fa0-9153-4d09-8fa0-706fd13e6797@group-AA615C2F0A62: changes role from CANDIDATE to LEADER at term 1 for changeToLeader
2022-07-27 13:51:25,372 [32550fa0-9153-4d09-8fa0-706fd13e6797@group-AA615C2F0A62-LeaderElection25] INFO  ratis.XceiverServerRatis (XceiverServerRatis.java:handleLeaderChangedNotification(863)) - Leader change notification received for group: group-AA615C2F0A62 with new leaderId: 32550fa0-9153-4d09-8fa0-706fd13e6797
2022-07-27 13:51:25,372 [32550fa0-9153-4d09-8fa0-706fd13e6797@group-AA615C2F0A62-LeaderElection25] INFO  server.RaftServer$Division (ServerState.java:setLeader(287)) - 32550fa0-9153-4d09-8fa0-706fd13e6797@group-AA615C2F0A62: change Leader from null to 32550fa0-9153-4d09-8fa0-706fd13e6797 at term 1 for becomeLeader, leader elected after 5328ms
2022-07-27 13:51:25,372 [32550fa0-9153-4d09-8fa0-706fd13e6797@group-AA615C2F0A62-LeaderElection25] INFO  server.RaftServerConfigKeys (ConfUtils.java:logGet(46)) - raft.server.staging.catchup.gap = 1000 (default)
2022-07-27 13:51:25,372 [32550fa0-9153-4d09-8fa0-706fd13e6797@group-AA615C2F0A62-LeaderElection25] INFO  server.RaftServerConfigKeys (ConfUtils.java:logGet(46)) - raft.server.write.element-limit = 1024 (custom)
2022-07-27 13:51:25,373 [32550fa0-9153-4d09-8fa0-706fd13e6797@group-AA615C2F0A62-LeaderElection25] INFO  server.RaftServerConfigKeys (ConfUtils.java:logGet(46)) - raft.server.write.byte-limit = 1024 M (=1073741824) (custom)
2022-07-27 13:51:25,373 [32550fa0-9153-4d09-8fa0-706fd13e6797@group-AA615C2F0A62-LeaderElection25] INFO  server.RaftServerConfigKeys (ConfUtils.java:logGet(46)) - raft.server.watch.timeout = 180s (custom)
2022-07-27 13:51:25,373 [32550fa0-9153-4d09-8fa0-706fd13e6797@group-AA615C2F0A62-LeaderElection25] INFO  server.RaftServerConfigKeys (ConfUtils.java:logGet(46)) - raft.server.watch.timeout.denomination = 1s (default)
2022-07-27 13:51:25,373 [32550fa0-9153-4d09-8fa0-706fd13e6797@group-AA615C2F0A62-LeaderElection25] INFO  server.RaftServerConfigKeys (ConfUtils.java:logGet(46)) - raft.server.watch.element-limit = 65536 (default)
2022-07-27 13:51:25,373 [32550fa0-9153-4d09-8fa0-706fd13e6797@group-AA615C2F0A62-LeaderElection25] INFO  server.RaftServerConfigKeys (ConfUtils.java:logGet(46)) - raft.server.write.element-limit = 1024 (custom)
2022-07-27 13:51:25,373 [32550fa0-9153-4d09-8fa0-706fd13e6797@group-AA615C2F0A62-LeaderElection25] INFO  server.RaftServerConfigKeys (ConfUtils.java:logGet(46)) - raft.server.write.follower.gap.ratio.max = -1.0 (default)
2022-07-27 13:51:25,373 [32550fa0-9153-4d09-8fa0-706fd13e6797@group-AA615C2F0A62-LeaderElection25] INFO  impl.RoleInfo (RoleInfo.java:updateAndGet(139)) - 32550fa0-9153-4d09-8fa0-706fd13e6797: start 32550fa0-9153-4d09-8fa0-706fd13e6797@group-AA615C2F0A62-LeaderStateImpl
2022-07-27 13:51:25,373 [32550fa0-9153-4d09-8fa0-706fd13e6797@group-AA615C2F0A62-LeaderElection25] INFO  segmented.SegmentedRaftLogWorker (SegmentedRaftLogWorker.java:startLogSegment(425)) - 32550fa0-9153-4d09-8fa0-706fd13e6797@group-AA615C2F0A62-SegmentedRaftLogWorker: Starting segment from index:0
2022-07-27 13:51:25,374 [EventQueue-OpenPipelineForHealthyPipelineSafeModeRule] INFO  safemode.SCMSafeModeManager (HealthyPipelineSafeModeRule.java:process(137)) - SCM in safe mode. Healthy pipelines reported count is 0, required healthy pipeline reported count is 1
2022-07-27 13:51:25,384 [32550fa0-9153-4d09-8fa0-706fd13e6797@group-AA615C2F0A62-LeaderElection25] INFO  server.RaftServer$Division (ServerState.java:setRaftConf(393)) - 32550fa0-9153-4d09-8fa0-706fd13e6797@group-AA615C2F0A62: set configuration 0: [32550fa0-9153-4d09-8fa0-706fd13e6797|rpc:10.1.0.21:42101|dataStream:|priority:1], old=null
2022-07-27 13:51:25,399 [32550fa0-9153-4d09-8fa0-706fd13e6797@group-AA615C2F0A62-SegmentedRaftLogWorker] INFO  segmented.SegmentedRaftLogWorker (SegmentedRaftLogWorker.java:execute(629)) - 32550fa0-9153-4d09-8fa0-706fd13e6797@group-AA615C2F0A62-SegmentedRaftLogWorker: created new log segment /home/runner/work/ozone/ozone/hadoop-ozone/integration-test/target/test-dir/MiniOzoneClusterImpl-e3e01987-94f8-4a87-8a0d-2583aef5e8b1/datanode-0/data/ratis/15ac74a8-d3d4-4a46-b6ac-aa615c2f0a62/current/log_inprogress_0
2022-07-27 13:51:25,404 [grpc-default-executor-0] INFO  server.RaftServer$Division (RaftServerImpl.java:requestVote(1152)) - 366e6065-a50f-499f-97ce-c324ed4f2808@group-0F6684652F28: receive requestVote(ELECTION, 32550fa0-9153-4d09-8fa0-706fd13e6797, group-0F6684652F28, 1, (t:0, i:0))
2022-07-27 13:51:25,405 [grpc-default-executor-0] INFO  impl.VoteContext (VoteContext.java:log(48)) - 366e6065-a50f-499f-97ce-c324ed4f2808@group-0F6684652F28-FOLLOWER: reject ELECTION from 32550fa0-9153-4d09-8fa0-706fd13e6797: our priority 1 > candidate's priority 0
2022-07-27 13:51:25,405 [grpc-default-executor-0] INFO  server.RaftServer$Division (RaftServerImpl.java:setRole(299)) - 366e6065-a50f-499f-97ce-c324ed4f2808@group-0F6684652F28: changes role from  FOLLOWER to FOLLOWER at term 1 for candidate:32550fa0-9153-4d09-8fa0-706fd13e6797
2022-07-27 13:51:25,405 [grpc-default-executor-0] INFO  impl.RoleInfo (RoleInfo.java:shutdownFollowerState(110)) - 366e6065-a50f-499f-97ce-c324ed4f2808: shutdown 366e6065-a50f-499f-97ce-c324ed4f2808@group-0F6684652F28-FollowerState
2022-07-27 13:51:25,415 [grpc-default-executor-0] INFO  impl.RoleInfo (RoleInfo.java:updateAndGet(139)) - 366e6065-a50f-499f-97ce-c324ed4f2808: start 366e6065-a50f-499f-97ce-c324ed4f2808@group-0F6684652F28-FollowerState
2022-07-27 13:51:25,415 [366e6065-a50f-499f-97ce-c324ed4f2808@group-0F6684652F28-FollowerState] INFO  impl.FollowerState (FollowerState.java:run(152)) - 366e6065-a50f-499f-97ce-c324ed4f2808@group-0F6684652F28-FollowerState was interrupted
2022-07-27 13:51:25,443 [grpc-default-executor-0] INFO  server.RaftServer$Division (RaftServerImpl.java:requestVote(1184)) - 366e6065-a50f-499f-97ce-c324ed4f2808@group-0F6684652F28 replies to ELECTION vote request: 32550fa0-9153-4d09-8fa0-706fd13e6797<-366e6065-a50f-499f-97ce-c324ed4f2808#0:FAIL-t1. Peer's state: 366e6065-a50f-499f-97ce-c324ed4f2808@group-0F6684652F28:t1, leader=null, voted=null, raftlog=366e6065-a50f-499f-97ce-c324ed4f2808@group-0F6684652F28-SegmentedRaftLog:OPENED:c-1, conf=-1: [366e6065-a50f-499f-97ce-c324ed4f2808|rpc:10.1.0.21:41283|dataStream:|priority:1, 462f06fe-cae1-4868-8f74-05801ae52ce2|rpc:10.1.0.21:35767|dataStream:|priority:0, 32550fa0-9153-4d09-8fa0-706fd13e6797|rpc:10.1.0.21:42101|dataStream:|priority:0], old=null
2022-07-27 13:51:25,446 [32550fa0-9153-4d09-8fa0-706fd13e6797@group-0F6684652F28-LeaderElection24] INFO  impl.LeaderElection (LeaderElection.java:logAndReturn(90)) - 32550fa0-9153-4d09-8fa0-706fd13e6797@group-0F6684652F28-LeaderElection24: ELECTION REJECTED received 1 response(s) and 0 exception(s):
2022-07-27 13:51:25,446 [32550fa0-9153-4d09-8fa0-706fd13e6797@group-0F6684652F28-LeaderElection24] INFO  impl.LeaderElection (LeaderElection.java:logAndReturn(94)) -   Response 0: 32550fa0-9153-4d09-8fa0-706fd13e6797<-366e6065-a50f-499f-97ce-c324ed4f2808#0:FAIL-t1
2022-07-27 13:51:25,446 [32550fa0-9153-4d09-8fa0-706fd13e6797@group-0F6684652F28-LeaderElection24] INFO  impl.LeaderElection (LeaderElection.java:askForVotes(312)) - 32550fa0-9153-4d09-8fa0-706fd13e6797@group-0F6684652F28-LeaderElection24 ELECTION round 0: result REJECTED
2022-07-27 13:51:25,446 [32550fa0-9153-4d09-8fa0-706fd13e6797@group-0F6684652F28-LeaderElection24] INFO  server.RaftServer$Division (RaftServerImpl.java:setRole(299)) - 32550fa0-9153-4d09-8fa0-706fd13e6797@group-0F6684652F28: changes role from CANDIDATE to FOLLOWER at term 1 for REJECTED
2022-07-27 13:51:25,446 [32550fa0-9153-4d09-8fa0-706fd13e6797@group-0F6684652F28-LeaderElection24] INFO  impl.RoleInfo (RoleInfo.java:shutdownLeaderElection(130)) - 32550fa0-9153-4d09-8fa0-706fd13e6797: shutdown 32550fa0-9153-4d09-8fa0-706fd13e6797@group-0F6684652F28-LeaderElection24
2022-07-27 13:51:25,446 [32550fa0-9153-4d09-8fa0-706fd13e6797@group-0F6684652F28-LeaderElection24] INFO  impl.RoleInfo (RoleInfo.java:updateAndGet(139)) - 32550fa0-9153-4d09-8fa0-706fd13e6797: start 32550fa0-9153-4d09-8fa0-706fd13e6797@group-0F6684652F28-FollowerState
2022-07-27 13:51:25,467 [grpc-default-executor-1] INFO  server.RaftServer$Division (RaftServerImpl.java:requestVote(1152)) - 462f06fe-cae1-4868-8f74-05801ae52ce2@group-0F6684652F28: receive requestVote(ELECTION, 32550fa0-9153-4d09-8fa0-706fd13e6797, group-0F6684652F28, 1, (t:0, i:0))
2022-07-27 13:51:25,467 [grpc-default-executor-1] INFO  impl.VoteContext (VoteContext.java:log(48)) - 462f06fe-cae1-4868-8f74-05801ae52ce2@group-0F6684652F28-FOLLOWER: accept ELECTION from 32550fa0-9153-4d09-8fa0-706fd13e6797: our priority 0 <= candidate's priority 0
2022-07-27 13:51:25,467 [grpc-default-executor-1] INFO  server.RaftServer$Division (RaftServerImpl.java:setRole(299)) - 462f06fe-cae1-4868-8f74-05801ae52ce2@group-0F6684652F28: changes role from  FOLLOWER to FOLLOWER at term 1 for candidate:32550fa0-9153-4d09-8fa0-706fd13e6797
2022-07-27 13:51:25,468 [grpc-default-executor-1] INFO  impl.RoleInfo (RoleInfo.java:shutdownFollowerState(110)) - 462f06fe-cae1-4868-8f74-05801ae52ce2: shutdown 462f06fe-cae1-4868-8f74-05801ae52ce2@group-0F6684652F28-FollowerState
2022-07-27 13:51:25,468 [grpc-default-executor-1] INFO  impl.RoleInfo (RoleInfo.java:updateAndGet(139)) - 462f06fe-cae1-4868-8f74-05801ae52ce2: start 462f06fe-cae1-4868-8f74-05801ae52ce2@group-0F6684652F28-FollowerState
2022-07-27 13:51:25,473 [462f06fe-cae1-4868-8f74-05801ae52ce2@group-0F6684652F28-FollowerState] INFO  impl.FollowerState (FollowerState.java:run(152)) - 462f06fe-cae1-4868-8f74-05801ae52ce2@group-0F6684652F28-FollowerState was interrupted
2022-07-27 13:51:25,490 [grpc-default-executor-1] INFO  server.RaftServer$Division (RaftServerImpl.java:requestVote(1184)) - 462f06fe-cae1-4868-8f74-05801ae52ce2@group-0F6684652F28 replies to ELECTION vote request: 32550fa0-9153-4d09-8fa0-706fd13e6797<-462f06fe-cae1-4868-8f74-05801ae52ce2#0:OK-t1. Peer's state: 462f06fe-cae1-4868-8f74-05801ae52ce2@group-0F6684652F28:t1, leader=null, voted=32550fa0-9153-4d09-8fa0-706fd13e6797, raftlog=462f06fe-cae1-4868-8f74-05801ae52ce2@group-0F6684652F28-SegmentedRaftLog:OPENED:c-1, conf=-1: [366e6065-a50f-499f-97ce-c324ed4f2808|rpc:10.1.0.21:41283|dataStream:|priority:1, 462f06fe-cae1-4868-8f74-05801ae52ce2|rpc:10.1.0.21:35767|dataStream:|priority:0, 32550fa0-9153-4d09-8fa0-706fd13e6797|rpc:10.1.0.21:42101|dataStream:|priority:0], old=null
2022-07-27 13:51:25,624 [32550fa0-9153-4d09-8fa0-706fd13e6797@group-EA1BF7A302C0-FollowerState] INFO  impl.FollowerState (FollowerState.java:run(143)) - 32550fa0-9153-4d09-8fa0-706fd13e6797@group-EA1BF7A302C0-FollowerState: change to CANDIDATE, lastRpcElapsedTime:5111155389ns, electionTimeout:5100ms
2022-07-27 13:51:25,624 [32550fa0-9153-4d09-8fa0-706fd13e6797@group-EA1BF7A302C0-FollowerState] INFO  impl.RoleInfo (RoleInfo.java:shutdownFollowerState(110)) - 32550fa0-9153-4d09-8fa0-706fd13e6797: shutdown 32550fa0-9153-4d09-8fa0-706fd13e6797@group-EA1BF7A302C0-FollowerState
2022-07-27 13:51:25,624 [32550fa0-9153-4d09-8fa0-706fd13e6797@group-EA1BF7A302C0-FollowerState] INFO  server.RaftServer$Division (RaftServerImpl.java:setRole(299)) - 32550fa0-9153-4d09-8fa0-706fd13e6797@group-EA1BF7A302C0: changes role from  FOLLOWER to CANDIDATE at term 0 for changeToCandidate
2022-07-27 13:51:25,624 [32550fa0-9153-4d09-8fa0-706fd13e6797@group-EA1BF7A302C0-FollowerState] INFO  server.RaftServerConfigKeys (ConfUtils.java:logGet(46)) - raft.server.leaderelection.pre-vote = false (custom)
2022-07-27 13:51:25,624 [32550fa0-9153-4d09-8fa0-706fd13e6797@group-EA1BF7A302C0-FollowerState] INFO  impl.RoleInfo (RoleInfo.java:updateAndGet(139)) - 32550fa0-9153-4d09-8fa0-706fd13e6797: start 32550fa0-9153-4d09-8fa0-706fd13e6797@group-EA1BF7A302C0-LeaderElection26
2022-07-27 13:51:25,657 [32550fa0-9153-4d09-8fa0-706fd13e6797@group-EA1BF7A302C0-LeaderElection26] INFO  impl.LeaderElection (LeaderElection.java:askForVotes(310)) - 32550fa0-9153-4d09-8fa0-706fd13e6797@group-EA1BF7A302C0-LeaderElection26 ELECTION round 0: submit vote requests at term 1 for -1: [366e6065-a50f-499f-97ce-c324ed4f2808|rpc:10.1.0.21:41283|priority:0, 462f06fe-cae1-4868-8f74-05801ae52ce2|rpc:10.1.0.21:35767|priority:0, 32550fa0-9153-4d09-8fa0-706fd13e6797|rpc:10.1.0.21:42101|priority:1], old=null
2022-07-27 13:51:25,676 [grpc-default-executor-1] INFO  server.RaftServer$Division (RaftServerImpl.java:requestVote(1152)) - 366e6065-a50f-499f-97ce-c324ed4f2808@group-EA1BF7A302C0: receive requestVote(ELECTION, 32550fa0-9153-4d09-8fa0-706fd13e6797, group-EA1BF7A302C0, 1, (t:0, i:0))
2022-07-27 13:51:25,676 [grpc-default-executor-1] INFO  impl.VoteContext (VoteContext.java:log(48)) - 366e6065-a50f-499f-97ce-c324ed4f2808@group-EA1BF7A302C0-FOLLOWER: accept ELECTION from 32550fa0-9153-4d09-8fa0-706fd13e6797: our priority 0 <= candidate's priority 1
2022-07-27 13:51:25,676 [grpc-default-executor-1] INFO  server.RaftServer$Division (RaftServerImpl.java:setRole(299)) - 366e6065-a50f-499f-97ce-c324ed4f2808@group-EA1BF7A302C0: changes role from  FOLLOWER to FOLLOWER at term 1 for candidate:32550fa0-9153-4d09-8fa0-706fd13e6797
2022-07-27 13:51:25,676 [grpc-default-executor-1] INFO  impl.RoleInfo (RoleInfo.java:shutdownFollowerState(110)) - 366e6065-a50f-499f-97ce-c324ed4f2808: shutdown 366e6065-a50f-499f-97ce-c324ed4f2808@group-EA1BF7A302C0-FollowerState
2022-07-27 13:51:25,676 [grpc-default-executor-1] INFO  impl.RoleInfo (RoleInfo.java:updateAndGet(139)) - 366e6065-a50f-499f-97ce-c324ed4f2808: start 366e6065-a50f-499f-97ce-c324ed4f2808@group-EA1BF7A302C0-FollowerState
2022-07-27 13:51:25,677 [366e6065-a50f-499f-97ce-c324ed4f2808@group-EA1BF7A302C0-FollowerState] INFO  impl.FollowerState (FollowerState.java:run(152)) - 366e6065-a50f-499f-97ce-c324ed4f2808@group-EA1BF7A302C0-FollowerState was interrupted
2022-07-27 13:51:25,696 [grpc-default-executor-1] INFO  server.RaftServer$Division (RaftServerImpl.java:requestVote(1184)) - 366e6065-a50f-499f-97ce-c324ed4f2808@group-EA1BF7A302C0 replies to ELECTION vote request: 32550fa0-9153-4d09-8fa0-706fd13e6797<-366e6065-a50f-499f-97ce-c324ed4f2808#0:OK-t1. Peer's state: 366e6065-a50f-499f-97ce-c324ed4f2808@group-EA1BF7A302C0:t1, leader=null, voted=32550fa0-9153-4d09-8fa0-706fd13e6797, raftlog=366e6065-a50f-499f-97ce-c324ed4f2808@group-EA1BF7A302C0-SegmentedRaftLog:OPENED:c-1, conf=-1: [366e6065-a50f-499f-97ce-c324ed4f2808|rpc:10.1.0.21:41283|dataStream:|priority:0, 462f06fe-cae1-4868-8f74-05801ae52ce2|rpc:10.1.0.21:35767|dataStream:|priority:0, 32550fa0-9153-4d09-8fa0-706fd13e6797|rpc:10.1.0.21:42101|dataStream:|priority:1], old=null
2022-07-27 13:51:25,697 [32550fa0-9153-4d09-8fa0-706fd13e6797@group-EA1BF7A302C0-LeaderElection26] INFO  impl.LeaderElection (LeaderElection.java:logAndReturn(90)) - 32550fa0-9153-4d09-8fa0-706fd13e6797@group-EA1BF7A302C0-LeaderElection26: ELECTION PASSED received 1 response(s) and 0 exception(s):
2022-07-27 13:51:25,697 [32550fa0-9153-4d09-8fa0-706fd13e6797@group-EA1BF7A302C0-LeaderElection26] INFO  impl.LeaderElection (LeaderElection.java:logAndReturn(94)) -   Response 0: 32550fa0-9153-4d09-8fa0-706fd13e6797<-366e6065-a50f-499f-97ce-c324ed4f2808#0:OK-t1
2022-07-27 13:51:25,697 [32550fa0-9153-4d09-8fa0-706fd13e6797@group-EA1BF7A302C0-LeaderElection26] INFO  impl.LeaderElection (LeaderElection.java:askForVotes(312)) - 32550fa0-9153-4d09-8fa0-706fd13e6797@group-EA1BF7A302C0-LeaderElection26 ELECTION round 0: result PASSED
2022-07-27 13:51:25,697 [32550fa0-9153-4d09-8fa0-706fd13e6797@group-EA1BF7A302C0-LeaderElection26] INFO  impl.RoleInfo (RoleInfo.java:shutdownLeaderElection(130)) - 32550fa0-9153-4d09-8fa0-706fd13e6797: shutdown 32550fa0-9153-4d09-8fa0-706fd13e6797@group-EA1BF7A302C0-LeaderElection26
2022-07-27 13:51:25,698 [32550fa0-9153-4d09-8fa0-706fd13e6797@group-EA1BF7A302C0-LeaderElection26] INFO  server.RaftServer$Division (RaftServerImpl.java:setRole(299)) - 32550fa0-9153-4d09-8fa0-706fd13e6797@group-EA1BF7A302C0: changes role from CANDIDATE to LEADER at term 1 for changeToLeader
2022-07-27 13:51:25,698 [32550fa0-9153-4d09-8fa0-706fd13e6797@group-EA1BF7A302C0-LeaderElection26] INFO  ratis.XceiverServerRatis (XceiverServerRatis.java:handleLeaderChangedNotification(863)) - Leader change notification received for group: group-EA1BF7A302C0 with new leaderId: 32550fa0-9153-4d09-8fa0-706fd13e6797
2022-07-27 13:51:25,698 [32550fa0-9153-4d09-8fa0-706fd13e6797@group-EA1BF7A302C0-LeaderElection26] INFO  server.RaftServer$Division (ServerState.java:setLeader(287)) - 32550fa0-9153-4d09-8fa0-706fd13e6797@group-EA1BF7A302C0: change Leader from null to 32550fa0-9153-4d09-8fa0-706fd13e6797 at term 1 for becomeLeader, leader elected after 5200ms
2022-07-27 13:51:25,698 [32550fa0-9153-4d09-8fa0-706fd13e6797@group-EA1BF7A302C0-LeaderElection26] INFO  server.RaftServerConfigKeys (ConfUtils.java:logGet(46)) - raft.server.staging.catchup.gap = 1000 (default)
2022-07-27 13:51:25,698 [32550fa0-9153-4d09-8fa0-706fd13e6797@group-EA1BF7A302C0-LeaderElection26] INFO  server.RaftServerConfigKeys (ConfUtils.java:logGet(46)) - raft.server.write.element-limit = 1024 (custom)
2022-07-27 13:51:25,698 [32550fa0-9153-4d09-8fa0-706fd13e6797@group-EA1BF7A302C0-LeaderElection26] INFO  server.RaftServerConfigKeys (ConfUtils.java:logGet(46)) - raft.server.write.byte-limit = 1024 M (=1073741824) (custom)
2022-07-27 13:51:25,698 [32550fa0-9153-4d09-8fa0-706fd13e6797@group-EA1BF7A302C0-LeaderElection26] INFO  server.RaftServerConfigKeys (ConfUtils.java:logGet(46)) - raft.server.watch.timeout = 180s (custom)
2022-07-27 13:51:25,698 [32550fa0-9153-4d09-8fa0-706fd13e6797@group-EA1BF7A302C0-LeaderElection26] INFO  server.RaftServerConfigKeys (ConfUtils.java:logGet(46)) - raft.server.watch.timeout.denomination = 1s (default)
2022-07-27 13:51:25,698 [32550fa0-9153-4d09-8fa0-706fd13e6797@group-EA1BF7A302C0-LeaderElection26] INFO  server.RaftServerConfigKeys (ConfUtils.java:logGet(46)) - raft.server.watch.element-limit = 65536 (default)
2022-07-27 13:51:25,699 [32550fa0-9153-4d09-8fa0-706fd13e6797@group-EA1BF7A302C0-LeaderElection26] INFO  server.RaftServerConfigKeys (ConfUtils.java:logGet(46)) - raft.server.write.element-limit = 1024 (custom)
2022-07-27 13:51:25,699 [32550fa0-9153-4d09-8fa0-706fd13e6797@group-EA1BF7A302C0-LeaderElection26] INFO  server.RaftServerConfigKeys (ConfUtils.java:logGet(46)) - raft.server.write.follower.gap.ratio.max = -1.0 (default)
2022-07-27 13:51:25,700 [32550fa0-9153-4d09-8fa0-706fd13e6797@group-EA1BF7A302C0-LeaderElection26] INFO  server.RaftServerConfigKeys (ConfUtils.java:logGet(46)) - raft.server.log.appender.snapshot.chunk.size.max = 16MB (=16777216) (default)
2022-07-27 13:51:25,700 [32550fa0-9153-4d09-8fa0-706fd13e6797@group-EA1BF7A302C0-LeaderElection26] INFO  server.RaftServerConfigKeys (ConfUtils.java:logGet(46)) - raft.server.log.appender.buffer.byte-limit = 33554432 (custom)
2022-07-27 13:51:25,700 [32550fa0-9153-4d09-8fa0-706fd13e6797@group-EA1BF7A302C0-LeaderElection26] INFO  server.RaftServerConfigKeys (ConfUtils.java:logGet(46)) - raft.server.log.appender.buffer.element-limit = 1 (custom)
2022-07-27 13:51:25,700 [32550fa0-9153-4d09-8fa0-706fd13e6797@group-EA1BF7A302C0-LeaderElection26] INFO  grpc.GrpcConfigKeys (ConfUtils.java:logGet(46)) - raft.grpc.server.leader.outstanding.appends.max = 128 (default)
2022-07-27 13:51:25,700 [32550fa0-9153-4d09-8fa0-706fd13e6797@group-EA1BF7A302C0-LeaderElection26] INFO  server.RaftServerConfigKeys (ConfUtils.java:logGet(46)) - raft.server.rpc.request.timeout = 60s (custom)
2022-07-27 13:51:25,700 [32550fa0-9153-4d09-8fa0-706fd13e6797@group-EA1BF7A302C0-LeaderElection26] INFO  server.RaftServerConfigKeys (ConfUtils.java:logGet(46)) - raft.server.log.appender.install.snapshot.enabled = false (custom)
2022-07-27 13:51:25,701 [32550fa0-9153-4d09-8fa0-706fd13e6797@group-EA1BF7A302C0-LeaderElection26] INFO  server.RaftServerConfigKeys (ConfUtils.java:logGet(46)) - raft.server.log.appender.snapshot.chunk.size.max = 16MB (=16777216) (default)
2022-07-27 13:51:25,701 [32550fa0-9153-4d09-8fa0-706fd13e6797@group-EA1BF7A302C0-LeaderElection26] INFO  server.RaftServerConfigKeys (ConfUtils.java:logGet(46)) - raft.server.log.appender.buffer.byte-limit = 33554432 (custom)
2022-07-27 13:51:25,701 [32550fa0-9153-4d09-8fa0-706fd13e6797@group-EA1BF7A302C0-LeaderElection26] INFO  server.RaftServerConfigKeys (ConfUtils.java:logGet(46)) - raft.server.log.appender.buffer.element-limit = 1 (custom)
2022-07-27 13:51:25,701 [32550fa0-9153-4d09-8fa0-706fd13e6797@group-EA1BF7A302C0-LeaderElection26] INFO  grpc.GrpcConfigKeys (ConfUtils.java:logGet(46)) - raft.grpc.server.leader.outstanding.appends.max = 128 (default)
2022-07-27 13:51:25,701 [32550fa0-9153-4d09-8fa0-706fd13e6797@group-EA1BF7A302C0-LeaderElection26] INFO  server.RaftServerConfigKeys (ConfUtils.java:logGet(46)) - raft.server.rpc.request.timeout = 60s (custom)
2022-07-27 13:51:25,701 [32550fa0-9153-4d09-8fa0-706fd13e6797@group-EA1BF7A302C0-LeaderElection26] INFO  server.RaftServerConfigKeys (ConfUtils.java:logGet(46)) - raft.server.log.appender.install.snapshot.enabled = false (custom)
2022-07-27 13:51:25,701 [32550fa0-9153-4d09-8fa0-706fd13e6797@group-EA1BF7A302C0-LeaderElection26] INFO  impl.RoleInfo (RoleInfo.java:updateAndGet(139)) - 32550fa0-9153-4d09-8fa0-706fd13e6797: start 32550fa0-9153-4d09-8fa0-706fd13e6797@group-EA1BF7A302C0-LeaderStateImpl
2022-07-27 13:51:25,702 [32550fa0-9153-4d09-8fa0-706fd13e6797@group-EA1BF7A302C0-LeaderElection26] INFO  segmented.SegmentedRaftLogWorker (SegmentedRaftLogWorker.java:startLogSegment(425)) - 32550fa0-9153-4d09-8fa0-706fd13e6797@group-EA1BF7A302C0-SegmentedRaftLogWorker: Starting segment from index:0
2022-07-27 13:51:25,704 [EventQueue-OpenPipelineForHealthyPipelineSafeModeRule] INFO  safemode.SCMSafeModeManager (HealthyPipelineSafeModeRule.java:process(137)) - SCM in safe mode. Healthy pipelines reported count is 0, required healthy pipeline reported count is 1
2022-07-27 13:51:25,704 [EventQueue-PipelineReportForPipelineReportHandler] INFO  pipeline.PipelineManagerImpl (PipelineManagerImpl.java:openPipeline(367)) - Pipeline Pipeline[ Id: 7ea47a8d-5c69-44ac-805f-ea1bf7a302c0, Nodes: 32550fa0-9153-4d09-8fa0-706fd13e6797{ip: 10.1.0.21, host: fv-az217-261.5fhmivlnczbevhjmk01nzrxweh.bx.internal.cloudapp.net, ports: [REPLICATION=38815, RATIS=42101, RATIS_ADMIN=42101, RATIS_SERVER=42101, STANDALONE=33017], networkLocation: /default-rack, certSerialId: null, persistedOpState: IN_SERVICE, persistedOpStateExpiryEpochSec: 0}462f06fe-cae1-4868-8f74-05801ae52ce2{ip: 10.1.0.21, host: fv-az217-261.5fhmivlnczbevhjmk01nzrxweh.bx.internal.cloudapp.net, ports: [REPLICATION=42005, RATIS=35767, RATIS_ADMIN=35767, RATIS_SERVER=35767, STANDALONE=43383], networkLocation: /default-rack, certSerialId: null, persistedOpState: IN_SERVICE, persistedOpStateExpiryEpochSec: 0}366e6065-a50f-499f-97ce-c324ed4f2808{ip: 10.1.0.21, host: fv-az217-261.5fhmivlnczbevhjmk01nzrxweh.bx.internal.cloudapp.net, ports: [REPLICATION=38153, RATIS=41283, RATIS_ADMIN=41283, RATIS_SERVER=41283, STANDALONE=43931], networkLocation: /default-rack, certSerialId: null, persistedOpState: IN_SERVICE, persistedOpStateExpiryEpochSec: 0}, ReplicationConfig: RATIS/THREE, State:ALLOCATED, leaderId:32550fa0-9153-4d09-8fa0-706fd13e6797, CreationTimestamp2022-07-27T13:51:18.480Z[Etc/UTC]] moved to OPEN state
2022-07-27 13:51:25,706 [32550fa0-9153-4d09-8fa0-706fd13e6797@group-EA1BF7A302C0-SegmentedRaftLogWorker] INFO  segmented.SegmentedRaftLogWorker (SegmentedRaftLogWorker.java:execute(629)) - 32550fa0-9153-4d09-8fa0-706fd13e6797@group-EA1BF7A302C0-SegmentedRaftLogWorker: created new log segment /home/runner/work/ozone/ozone/hadoop-ozone/integration-test/target/test-dir/MiniOzoneClusterImpl-e3e01987-94f8-4a87-8a0d-2583aef5e8b1/datanode-0/data/ratis/7ea47a8d-5c69-44ac-805f-ea1bf7a302c0/current/log_inprogress_0
2022-07-27 13:51:25,707 [EventQueue-OpenPipelineForHealthyPipelineSafeModeRule] INFO  safemode.SCMSafeModeManager (HealthyPipelineSafeModeRule.java:process(137)) - SCM in safe mode. Healthy pipelines reported count is 1, required healthy pipeline reported count is 1
2022-07-27 13:51:25,707 [EventQueue-OpenPipelineForHealthyPipelineSafeModeRule] INFO  safemode.SCMSafeModeManager (SCMSafeModeManager.java:validateSafeModeExitRules(204)) - HealthyPipelineSafeModeRule rule is successfully validated
2022-07-27 13:51:25,707 [EventQueue-OpenPipelineForHealthyPipelineSafeModeRule] INFO  safemode.SCMSafeModeManager (SCMSafeModeManager.java:validateSafeModeExitRules(219)) - ScmSafeModeManager, all rules are successfully validated
2022-07-27 13:51:25,707 [EventQueue-OpenPipelineForHealthyPipelineSafeModeRule] INFO  safemode.SCMSafeModeManager (SCMSafeModeManager.java:exitSafeMode(248)) - SCM exiting safe mode.
2022-07-27 13:51:25,707 [EventQueue-OpenPipelineForHealthyPipelineSafeModeRule] WARN  events.EventQueue (EventQueue.java:fireEvent(216)) - No event handler registered for event TypedEvent{payloadType=SafeModeStatus, name='Safe mode status'}
2022-07-27 13:51:25,707 [EventQueue-OpenPipelineForHealthyPipelineSafeModeRule] INFO  ha.SCMContext (SCMContext.java:updateSafeModeStatus(228)) - Update SafeModeStatus from SafeModeStatus{safeModeStatus=true, preCheckPassed=true} to SafeModeStatus{safeModeStatus=false, preCheckPassed=true}.
2022-07-27 13:51:25,707 [EventQueue-OpenPipelineForHealthyPipelineSafeModeRule] INFO  pipeline.BackgroundPipelineCreator (BackgroundPipelineCreator.java:notifyStatusChanged(254)) - Service BackgroundPipelineCreator transitions to RUNNING.
2022-07-27 13:51:25,707 [EventQueue-OpenPipelineForHealthyPipelineSafeModeRule] INFO  BackgroundPipelineScrubber (BackgroundSCMService.java:notifyStatusChanged(82)) - Service BackgroundPipelineScrubber transitions to RUNNING.
2022-07-27 13:51:25,707 [EventQueue-OpenPipelineForHealthyPipelineSafeModeRule] INFO  ExpiredContainerReplicaOpScrubber (BackgroundSCMService.java:notifyStatusChanged(82)) - Service ExpiredContainerReplicaOpScrubber transitions to RUNNING.
2022-07-27 13:51:25,707 [EventQueue-OpenPipelineForHealthyPipelineSafeModeRule] INFO  UnderReplicatedQueueThread (BackgroundSCMService.java:notifyStatusChanged(82)) - Service UnderReplicatedQueueThread transitions to RUNNING.
2022-07-27 13:51:25,707 [EventQueue-OpenPipelineForHealthyPipelineSafeModeRule] INFO  OverReplicatedQueueThread (BackgroundSCMService.java:notifyStatusChanged(82)) - Service OverReplicatedQueueThread transitions to RUNNING.
2022-07-27 13:51:25,707 [EventQueue-OpenPipelineForHealthyPipelineSafeModeRule] INFO  replication.ReplicationManager (ReplicationManager.java:notifyStatusChanged(642)) - Service ReplicationManager transitions to RUNNING.
2022-07-27 13:51:25,707 [EventQueue-OpenPipelineForHealthyPipelineSafeModeRule] WARN  balancer.ContainerBalancer (ContainerBalancer.java:shouldRun(903)) - Could not find persisted configuration for ContainerBalancer when checking if ContainerBalancer should run. ContainerBalancer should not run now.
2022-07-27 13:51:25,740 [grpc-default-executor-0] INFO  server.RaftServer$Division (RaftServerImpl.java:requestVote(1152)) - 462f06fe-cae1-4868-8f74-05801ae52ce2@group-EA1BF7A302C0: receive requestVote(ELECTION, 32550fa0-9153-4d09-8fa0-706fd13e6797, group-EA1BF7A302C0, 1, (t:0, i:0))
2022-07-27 13:51:25,740 [grpc-default-executor-0] INFO  impl.VoteContext (VoteContext.java:log(48)) - 462f06fe-cae1-4868-8f74-05801ae52ce2@group-EA1BF7A302C0-FOLLOWER: accept ELECTION from 32550fa0-9153-4d09-8fa0-706fd13e6797: our priority 0 <= candidate's priority 1
2022-07-27 13:51:25,740 [grpc-default-executor-0] INFO  server.RaftServer$Division (RaftServerImpl.java:setRole(299)) - 462f06fe-cae1-4868-8f74-05801ae52ce2@group-EA1BF7A302C0: changes role from  FOLLOWER to FOLLOWER at term 1 for candidate:32550fa0-9153-4d09-8fa0-706fd13e6797
2022-07-27 13:51:25,740 [grpc-default-executor-0] INFO  impl.RoleInfo (RoleInfo.java:shutdownFollowerState(110)) - 462f06fe-cae1-4868-8f74-05801ae52ce2: shutdown 462f06fe-cae1-4868-8f74-05801ae52ce2@group-EA1BF7A302C0-FollowerState
2022-07-27 13:51:25,740 [grpc-default-executor-0] INFO  impl.RoleInfo (RoleInfo.java:updateAndGet(139)) - 462f06fe-cae1-4868-8f74-05801ae52ce2: start 462f06fe-cae1-4868-8f74-05801ae52ce2@group-EA1BF7A302C0-FollowerState
2022-07-27 13:51:25,741 [462f06fe-cae1-4868-8f74-05801ae52ce2@group-EA1BF7A302C0-FollowerState] INFO  impl.FollowerState (FollowerState.java:run(152)) - 462f06fe-cae1-4868-8f74-05801ae52ce2@group-EA1BF7A302C0-FollowerState was interrupted
2022-07-27 13:51:25,741 [32550fa0-9153-4d09-8fa0-706fd13e6797@group-EA1BF7A302C0-LeaderElection26] INFO  server.RaftServer$Division (ServerState.java:setRaftConf(393)) - 32550fa0-9153-4d09-8fa0-706fd13e6797@group-EA1BF7A302C0: set configuration 0: [366e6065-a50f-499f-97ce-c324ed4f2808|rpc:10.1.0.21:41283|dataStream:|priority:0, 462f06fe-cae1-4868-8f74-05801ae52ce2|rpc:10.1.0.21:35767|dataStream:|priority:0, 32550fa0-9153-4d09-8fa0-706fd13e6797|rpc:10.1.0.21:42101|dataStream:|priority:1], old=null
2022-07-27 13:51:25,742 [grpc-default-executor-0] INFO  server.RaftServer$Division (RaftServerImpl.java:requestVote(1184)) - 462f06fe-cae1-4868-8f74-05801ae52ce2@group-EA1BF7A302C0 replies to ELECTION vote request: 32550fa0-9153-4d09-8fa0-706fd13e6797<-462f06fe-cae1-4868-8f74-05801ae52ce2#0:OK-t1. Peer's state: 462f06fe-cae1-4868-8f74-05801ae52ce2@group-EA1BF7A302C0:t1, leader=null, voted=32550fa0-9153-4d09-8fa0-706fd13e6797, raftlog=462f06fe-cae1-4868-8f74-05801ae52ce2@group-EA1BF7A302C0-SegmentedRaftLog:OPENED:c-1, conf=-1: [366e6065-a50f-499f-97ce-c324ed4f2808|rpc:10.1.0.21:41283|dataStream:|priority:0, 462f06fe-cae1-4868-8f74-05801ae52ce2|rpc:10.1.0.21:35767|dataStream:|priority:0, 32550fa0-9153-4d09-8fa0-706fd13e6797|rpc:10.1.0.21:42101|dataStream:|priority:1], old=null
2022-07-27 13:51:25,792 [366e6065-a50f-499f-97ce-c324ed4f2808-server-thread1] INFO  ratis.XceiverServerRatis (XceiverServerRatis.java:handleLeaderChangedNotification(863)) - Leader change notification received for group: group-EA1BF7A302C0 with new leaderId: 32550fa0-9153-4d09-8fa0-706fd13e6797
2022-07-27 13:51:25,792 [366e6065-a50f-499f-97ce-c324ed4f2808-server-thread1] INFO  server.RaftServer$Division (ServerState.java:setLeader(287)) - 366e6065-a50f-499f-97ce-c324ed4f2808@group-EA1BF7A302C0: change Leader from null to 32550fa0-9153-4d09-8fa0-706fd13e6797 at term 1 for appendEntries, leader elected after 5062ms
2022-07-27 13:51:25,839 [366e6065-a50f-499f-97ce-c324ed4f2808-server-thread1] INFO  server.RaftServer$Division (ServerState.java:setRaftConf(393)) - 366e6065-a50f-499f-97ce-c324ed4f2808@group-EA1BF7A302C0: set configuration 0: [366e6065-a50f-499f-97ce-c324ed4f2808|rpc:10.1.0.21:41283|dataStream:|priority:0, 462f06fe-cae1-4868-8f74-05801ae52ce2|rpc:10.1.0.21:35767|dataStream:|priority:0, 32550fa0-9153-4d09-8fa0-706fd13e6797|rpc:10.1.0.21:42101|dataStream:|priority:1], old=null
2022-07-27 13:51:25,840 [366e6065-a50f-499f-97ce-c324ed4f2808-server-thread1] INFO  segmented.SegmentedRaftLogWorker (SegmentedRaftLogWorker.java:startLogSegment(425)) - 366e6065-a50f-499f-97ce-c324ed4f2808@group-EA1BF7A302C0-SegmentedRaftLogWorker: Starting segment from index:0
2022-07-27 13:51:25,842 [366e6065-a50f-499f-97ce-c324ed4f2808@group-EA1BF7A302C0-SegmentedRaftLogWorker] INFO  segmented.SegmentedRaftLogWorker (SegmentedRaftLogWorker.java:execute(629)) - 366e6065-a50f-499f-97ce-c324ed4f2808@group-EA1BF7A302C0-SegmentedRaftLogWorker: created new log segment /home/runner/work/ozone/ozone/hadoop-ozone/integration-test/target/test-dir/MiniOzoneClusterImpl-e3e01987-94f8-4a87-8a0d-2583aef5e8b1/datanode-1/data/ratis/7ea47a8d-5c69-44ac-805f-ea1bf7a302c0/current/log_inprogress_0
2022-07-27 13:51:25,859 [462f06fe-cae1-4868-8f74-05801ae52ce2-server-thread1] INFO  ratis.XceiverServerRatis (XceiverServerRatis.java:handleLeaderChangedNotification(863)) - Leader change notification received for group: group-EA1BF7A302C0 with new leaderId: 32550fa0-9153-4d09-8fa0-706fd13e6797
2022-07-27 13:51:25,859 [462f06fe-cae1-4868-8f74-05801ae52ce2-server-thread1] INFO  server.RaftServer$Division (ServerState.java:setLeader(287)) - 462f06fe-cae1-4868-8f74-05801ae52ce2@group-EA1BF7A302C0: change Leader from null to 32550fa0-9153-4d09-8fa0-706fd13e6797 at term 1 for appendEntries, leader elected after 5284ms
2022-07-27 13:51:25,868 [462f06fe-cae1-4868-8f74-05801ae52ce2-server-thread1] INFO  server.RaftServer$Division (ServerState.java:setRaftConf(393)) - 462f06fe-cae1-4868-8f74-05801ae52ce2@group-EA1BF7A302C0: set configuration 0: [366e6065-a50f-499f-97ce-c324ed4f2808|rpc:10.1.0.21:41283|dataStream:|priority:0, 462f06fe-cae1-4868-8f74-05801ae52ce2|rpc:10.1.0.21:35767|dataStream:|priority:0, 32550fa0-9153-4d09-8fa0-706fd13e6797|rpc:10.1.0.21:42101|dataStream:|priority:1], old=null
2022-07-27 13:51:25,868 [462f06fe-cae1-4868-8f74-05801ae52ce2-server-thread1] INFO  segmented.SegmentedRaftLogWorker (SegmentedRaftLogWorker.java:startLogSegment(425)) - 462f06fe-cae1-4868-8f74-05801ae52ce2@group-EA1BF7A302C0-SegmentedRaftLogWorker: Starting segment from index:0
2022-07-27 13:51:25,875 [462f06fe-cae1-4868-8f74-05801ae52ce2@group-EA1BF7A302C0-SegmentedRaftLogWorker] INFO  segmented.SegmentedRaftLogWorker (SegmentedRaftLogWorker.java:execute(629)) - 462f06fe-cae1-4868-8f74-05801ae52ce2@group-EA1BF7A302C0-SegmentedRaftLogWorker: created new log segment /home/runner/work/ozone/ozone/hadoop-ozone/integration-test/target/test-dir/MiniOzoneClusterImpl-e3e01987-94f8-4a87-8a0d-2583aef5e8b1/datanode-2/data/ratis/7ea47a8d-5c69-44ac-805f-ea1bf7a302c0/current/log_inprogress_0
2022-07-27 13:51:25,889 [366e6065-a50f-499f-97ce-c324ed4f2808@group-4B55898DFECD-FollowerState] INFO  impl.FollowerState (FollowerState.java:run(143)) - 366e6065-a50f-499f-97ce-c324ed4f2808@group-4B55898DFECD-FollowerState: change to CANDIDATE, lastRpcElapsedTime:5056873904ns, electionTimeout:5018ms
2022-07-27 13:51:25,889 [366e6065-a50f-499f-97ce-c324ed4f2808@group-4B55898DFECD-FollowerState] INFO  impl.RoleInfo (RoleInfo.java:shutdownFollowerState(110)) - 366e6065-a50f-499f-97ce-c324ed4f2808: shutdown 366e6065-a50f-499f-97ce-c324ed4f2808@group-4B55898DFECD-FollowerState
2022-07-27 13:51:25,889 [366e6065-a50f-499f-97ce-c324ed4f2808@group-4B55898DFECD-FollowerState] INFO  server.RaftServer$Division (RaftServerImpl.java:setRole(299)) - 366e6065-a50f-499f-97ce-c324ed4f2808@group-4B55898DFECD: changes role from  FOLLOWER to CANDIDATE at term 0 for changeToCandidate
2022-07-27 13:51:25,889 [366e6065-a50f-499f-97ce-c324ed4f2808@group-4B55898DFECD-FollowerState] INFO  server.RaftServerConfigKeys (ConfUtils.java:logGet(46)) - raft.server.leaderelection.pre-vote = false (custom)
2022-07-27 13:51:25,889 [366e6065-a50f-499f-97ce-c324ed4f2808@group-4B55898DFECD-FollowerState] INFO  impl.RoleInfo (RoleInfo.java:updateAndGet(139)) - 366e6065-a50f-499f-97ce-c324ed4f2808: start 366e6065-a50f-499f-97ce-c324ed4f2808@group-4B55898DFECD-LeaderElection27
2022-07-27 13:51:25,917 [366e6065-a50f-499f-97ce-c324ed4f2808@group-4B55898DFECD-LeaderElection27] INFO  impl.LeaderElection (LeaderElection.java:askForVotes(310)) - 366e6065-a50f-499f-97ce-c324ed4f2808@group-4B55898DFECD-LeaderElection27 ELECTION round 0: submit vote requests at term 1 for -1: [366e6065-a50f-499f-97ce-c324ed4f2808|rpc:10.1.0.21:41283|priority:1], old=null
2022-07-27 13:51:25,917 [366e6065-a50f-499f-97ce-c324ed4f2808@group-4B55898DFECD-LeaderElection27] INFO  impl.LeaderElection (LeaderElection.java:askForVotes(312)) - 366e6065-a50f-499f-97ce-c324ed4f2808@group-4B55898DFECD-LeaderElection27 ELECTION round 0: result PASSED (term=1)
2022-07-27 13:51:25,917 [366e6065-a50f-499f-97ce-c324ed4f2808@group-4B55898DFECD-LeaderElection27] INFO  impl.RoleInfo (RoleInfo.java:shutdownLeaderElection(130)) - 366e6065-a50f-499f-97ce-c324ed4f2808: shutdown 366e6065-a50f-499f-97ce-c324ed4f2808@group-4B55898DFECD-LeaderElection27
2022-07-27 13:51:25,917 [366e6065-a50f-499f-97ce-c324ed4f2808@group-4B55898DFECD-LeaderElection27] INFO  server.RaftServer$Division (RaftServerImpl.java:setRole(299)) - 366e6065-a50f-499f-97ce-c324ed4f2808@group-4B55898DFECD: changes role from CANDIDATE to LEADER at term 1 for changeToLeader
2022-07-27 13:51:25,917 [366e6065-a50f-499f-97ce-c324ed4f2808@group-4B55898DFECD-LeaderElection27] INFO  ratis.XceiverServerRatis (XceiverServerRatis.java:handleLeaderChangedNotification(863)) - Leader change notification received for group: group-4B55898DFECD with new leaderId: 366e6065-a50f-499f-97ce-c324ed4f2808
2022-07-27 13:51:25,918 [366e6065-a50f-499f-97ce-c324ed4f2808@group-4B55898DFECD-LeaderElection27] INFO  server.RaftServer$Division (ServerState.java:setLeader(287)) - 366e6065-a50f-499f-97ce-c324ed4f2808@group-4B55898DFECD: change Leader from null to 366e6065-a50f-499f-97ce-c324ed4f2808 at term 1 for becomeLeader, leader elected after 5145ms
2022-07-27 13:51:25,918 [366e6065-a50f-499f-97ce-c324ed4f2808@group-4B55898DFECD-LeaderElection27] INFO  server.RaftServerConfigKeys (ConfUtils.java:logGet(46)) - raft.server.staging.catchup.gap = 1000 (default)
2022-07-27 13:51:25,918 [366e6065-a50f-499f-97ce-c324ed4f2808@group-4B55898DFECD-LeaderElection27] INFO  server.RaftServerConfigKeys (ConfUtils.java:logGet(46)) - raft.server.write.element-limit = 1024 (custom)
2022-07-27 13:51:25,918 [366e6065-a50f-499f-97ce-c324ed4f2808@group-4B55898DFECD-LeaderElection27] INFO  server.RaftServerConfigKeys (ConfUtils.java:logGet(46)) - raft.server.write.byte-limit = 1024 M (=1073741824) (custom)
2022-07-27 13:51:25,918 [366e6065-a50f-499f-97ce-c324ed4f2808@group-4B55898DFECD-LeaderElection27] INFO  server.RaftServerConfigKeys (ConfUtils.java:logGet(46)) - raft.server.watch.timeout = 180s (custom)
2022-07-27 13:51:25,918 [366e6065-a50f-499f-97ce-c324ed4f2808@group-4B55898DFECD-LeaderElection27] INFO  server.RaftServerConfigKeys (ConfUtils.java:logGet(46)) - raft.server.watch.timeout.denomination = 1s (default)
2022-07-27 13:51:25,918 [366e6065-a50f-499f-97ce-c324ed4f2808@group-4B55898DFECD-LeaderElection27] INFO  server.RaftServerConfigKeys (ConfUtils.java:logGet(46)) - raft.server.watch.element-limit = 65536 (default)
2022-07-27 13:51:25,918 [366e6065-a50f-499f-97ce-c324ed4f2808@group-4B55898DFECD-LeaderElection27] INFO  server.RaftServerConfigKeys (ConfUtils.java:logGet(46)) - raft.server.write.element-limit = 1024 (custom)
2022-07-27 13:51:25,918 [366e6065-a50f-499f-97ce-c324ed4f2808@group-4B55898DFECD-LeaderElection27] INFO  server.RaftServerConfigKeys (ConfUtils.java:logGet(46)) - raft.server.write.follower.gap.ratio.max = -1.0 (default)
2022-07-27 13:51:25,919 [366e6065-a50f-499f-97ce-c324ed4f2808@group-4B55898DFECD-LeaderElection27] INFO  impl.RoleInfo (RoleInfo.java:updateAndGet(139)) - 366e6065-a50f-499f-97ce-c324ed4f2808: start 366e6065-a50f-499f-97ce-c324ed4f2808@group-4B55898DFECD-LeaderStateImpl
2022-07-27 13:51:25,920 [366e6065-a50f-499f-97ce-c324ed4f2808@group-4B55898DFECD-LeaderElection27] INFO  segmented.SegmentedRaftLogWorker (SegmentedRaftLogWorker.java:startLogSegment(425)) - 366e6065-a50f-499f-97ce-c324ed4f2808@group-4B55898DFECD-SegmentedRaftLogWorker: Starting segment from index:0
2022-07-27 13:51:25,942 [366e6065-a50f-499f-97ce-c324ed4f2808@group-4B55898DFECD-LeaderElection27] INFO  server.RaftServer$Division (ServerState.java:setRaftConf(393)) - 366e6065-a50f-499f-97ce-c324ed4f2808@group-4B55898DFECD: set configuration 0: [366e6065-a50f-499f-97ce-c324ed4f2808|rpc:10.1.0.21:41283|dataStream:|priority:1], old=null
2022-07-27 13:51:25,948 [366e6065-a50f-499f-97ce-c324ed4f2808@group-4B55898DFECD-SegmentedRaftLogWorker] INFO  segmented.SegmentedRaftLogWorker (SegmentedRaftLogWorker.java:execute(629)) - 366e6065-a50f-499f-97ce-c324ed4f2808@group-4B55898DFECD-SegmentedRaftLogWorker: created new log segment /home/runner/work/ozone/ozone/hadoop-ozone/integration-test/target/test-dir/MiniOzoneClusterImpl-e3e01987-94f8-4a87-8a0d-2583aef5e8b1/datanode-1/data/ratis/ab8ac5fc-894d-4d02-8147-4b55898dfecd/current/log_inprogress_0
2022-07-27 13:51:26,075 [Listener at 127.0.0.1/45285] INFO  ozone.MiniOzoneClusterImpl (MiniOzoneClusterImpl.java:lambda$waitForClusterToBeReady$0(216)) - Nodes are ready. Got 5 of 5 DN Heartbeats.
2022-07-27 13:51:26,075 [Listener at 127.0.0.1/45285] INFO  ozone.MiniOzoneClusterImpl (MiniOzoneClusterImpl.java:lambda$waitForClusterToBeReady$0(219)) - Cluster exits safe mode
2022-07-27 13:51:26,075 [Listener at 127.0.0.1/45285] INFO  ozone.MiniOzoneClusterImpl (MiniOzoneClusterImpl.java:lambda$waitForClusterToBeReady$0(221)) - SCM became leader
2022-07-27 13:51:26,205 [Time-limited test] INFO  rpc.RpcClient (RpcClient.java:createVolume(467)) - Creating Volume: volume03450, with user36014 as owner and space quota set to -1 bytes, counts quota set to -1
2022-07-27 13:51:26,209 [IPC Server handler 5 on default port 45285] INFO  volume.OMVolumeCreateRequest (OMVolumeCreateRequest.java:validateAndUpdateCache(195)) - created volume:volume03450 for user:user36014
2022-07-27 13:51:26,233 [Time-limited test] INFO  rpc.RpcClient (RpcClient.java:createBucket(670)) - Creating Bucket: volume03450/bucket21222, with bucket layout LEGACY, runner as owner, Versioning false, Storage Type set to DISK and Encryption set to false 
2022-07-27 13:51:26,240 [IPC Server handler 3 on default port 45285] INFO  bucket.OMBucketCreateRequest (OMBucketCreateRequest.java:validateAndUpdateCache(260)) - created bucket: bucket21222 of layout LEGACY in volume: volume03450
2022-07-27 13:51:26,289 [IPC Server handler 0 on default port 33205] INFO  ha.SequenceIdGenerator (SequenceIdGenerator.java:getNextId(128)) - Allocate a batch for containerId, change lastId from 0 to 1000.
2022-07-27 13:51:26,289 [IPC Server handler 0 on default port 33205] WARN  ha.SequenceIdGenerator (SequenceIdGenerator.java:allocateBatch(237)) - Failed to allocate a batch for localId, expected lastId is 0, actual lastId is 109611004723200000.
2022-07-27 13:51:26,289 [IPC Server handler 0 on default port 33205] INFO  ha.SequenceIdGenerator (SequenceIdGenerator.java:getNextId(128)) - Allocate a batch for localId, change lastId from 109611004723200000 to 109611004723201000.
13:51:26.349 [IPC Server handler 19 on default port 45285] ERROR OMAudit - user=runner | ip=127.0.0.1 | op=GET_FILE_STATUS {volume=volume03450, bucket=bucket21222, key=dir342/file1, dataSize=0, replicationConfig=null} | ret=FAILURE
org.apache.hadoop.ozone.om.exceptions.OMException: Unable to get file status: volume: volume03450 bucket: bucket21222 key: dir342/file1
	at org.apache.hadoop.ozone.om.KeyManagerImpl.getOzoneFileStatus(KeyManagerImpl.java:1311) ~[ozone-manager-1.3.0-SNAPSHOT.jar:?]
	at org.apache.hadoop.ozone.om.KeyManagerImpl.getFileStatus(KeyManagerImpl.java:1241) ~[ozone-manager-1.3.0-SNAPSHOT.jar:?]
	at org.apache.hadoop.ozone.om.OzoneManager.getFileStatus(OzoneManager.java:3467) ~[ozone-manager-1.3.0-SNAPSHOT.jar:?]
	at org.apache.hadoop.ozone.protocolPB.OzoneManagerRequestHandler.getOzoneFileStatus(OzoneManagerRequestHandler.java:878) ~[ozone-manager-1.3.0-SNAPSHOT.jar:?]
	at org.apache.hadoop.ozone.protocolPB.OzoneManagerRequestHandler.handleReadRequest(OzoneManagerRequestHandler.java:224) ~[ozone-manager-1.3.0-SNAPSHOT.jar:?]
	at org.apache.hadoop.ozone.protocolPB.OzoneManagerProtocolServerSideTranslatorPB.submitRequestDirectlyToOM(OzoneManagerProtocolServerSideTranslatorPB.java:276) ~[ozone-manager-1.3.0-SNAPSHOT.jar:?]
	at org.apache.hadoop.ozone.protocolPB.OzoneManagerProtocolServerSideTranslatorPB.processRequest(OzoneManagerProtocolServerSideTranslatorPB.java:205) ~[ozone-manager-1.3.0-SNAPSHOT.jar:?]
	at org.apache.hadoop.hdds.server.OzoneProtocolMessageDispatcher.processRequest(OzoneProtocolMessageDispatcher.java:87) [hdds-server-framework-1.3.0-SNAPSHOT.jar:?]
	at org.apache.hadoop.ozone.protocolPB.OzoneManagerProtocolServerSideTranslatorPB.submitRequest(OzoneManagerProtocolServerSideTranslatorPB.java:147) [ozone-manager-1.3.0-SNAPSHOT.jar:?]
	at org.apache.hadoop.ozone.protocol.proto.OzoneManagerProtocolProtos$OzoneManagerService$2.callBlockingMethod(OzoneManagerProtocolProtos.java) [ozone-interface-client-1.3.0-SNAPSHOT.jar:?]
	at org.apache.hadoop.ipc.ProtobufRpcEngine$Server.processCall(ProtobufRpcEngine.java:466) [hadoop-common-3.3.1.jar:?]
	at org.apache.hadoop.ipc.ProtobufRpcEngine2$Server$ProtoBufRpcInvoker.call(ProtobufRpcEngine2.java:574) [hadoop-common-3.3.1.jar:?]
	at org.apache.hadoop.ipc.ProtobufRpcEngine2$Server$ProtoBufRpcInvoker.call(ProtobufRpcEngine2.java:552) [hadoop-common-3.3.1.jar:?]
	at org.apache.hadoop.ipc.RPC$Server.call(RPC.java:1093) [hadoop-common-3.3.1.jar:?]
	at org.apache.hadoop.ipc.Server$RpcCall.run(Server.java:1035) [hadoop-common-3.3.1.jar:?]
	at org.apache.hadoop.ipc.Server$RpcCall.run(Server.java:963) [hadoop-common-3.3.1.jar:?]
	at java.security.AccessController.doPrivileged(Native Method) ~[?:1.8.0_332]
	at javax.security.auth.Subject.doAs(Subject.java:422) [?:1.8.0_332]
	at org.apache.hadoop.security.UserGroupInformation.doAs(UserGroupInformation.java:1878) [hadoop-common-3.3.1.jar:?]
	at org.apache.hadoop.ipc.Server$Handler.run(Server.java:2966) [hadoop-common-3.3.1.jar:?]
]]></system-out>
  </testcase>
  <testcase name="testRenameFile" classname="TestRootedOzoneFileSystem" time="0.334">
    <system-out><![CDATA[2022-07-27 13:51:50,623 [Listener at 127.0.0.1/45285] INFO  ozone.MiniOzoneClusterImpl (MiniOzoneClusterImpl.java:shutdown(448)) - Shutting down the Mini Ozone Cluster
2022-07-27 13:51:50,623 [Listener at 127.0.0.1/45285] INFO  ozone.MiniOzoneClusterImpl (MiniOzoneClusterImpl.java:stop(463)) - Stopping the Mini Ozone Cluster
2022-07-27 13:51:50,624 [Listener at 127.0.0.1/45285] INFO  ozone.MiniOzoneClusterImpl (MiniOzoneClusterImpl.java:stopOM(545)) - Stopping the OzoneManager
2022-07-27 13:51:50,624 [Listener at 127.0.0.1/45285] INFO  om.OzoneManager (OzoneManager.java:stop(2021)) - om1[localhost:0]: Stopping Ozone Manager
2022-07-27 13:51:50,624 [Listener at 127.0.0.1/45285] INFO  ipc.Server (Server.java:stop(3414)) - Stopping server on 45285
2022-07-27 13:51:50,694 [Listener at 127.0.0.1/45285] INFO  ratis.OzoneManagerDoubleBuffer (OzoneManagerDoubleBuffer.java:stop(466)) - Stopping OMDoubleBuffer flush thread
2022-07-27 13:51:50,695 [IPC Server listener on 0] INFO  ipc.Server (Server.java:run(1376)) - Stopping IPC Server listener on 0
2022-07-27 13:51:50,695 [OMDoubleBufferFlushThread] INFO  ratis.OzoneManagerDoubleBuffer (OzoneManagerDoubleBuffer.java:flushTransactions(385)) - OMDoubleBuffer flush thread OMDoubleBufferFlushThread is interrupted and will exit.
2022-07-27 13:51:50,695 [IPC Server Responder] INFO  ipc.Server (Server.java:run(1512)) - Stopping IPC Server Responder
2022-07-27 13:51:50,695 [Listener at 127.0.0.1/45285] INFO  utils.BackgroundService (BackgroundService.java:shutdown(141)) - Shutting down service KeyDeletingService
2022-07-27 13:51:50,703 [Listener at 127.0.0.1/45285] INFO  utils.BackgroundService (BackgroundService.java:shutdown(141)) - Shutting down service DirectoryDeletingService
2022-07-27 13:51:50,703 [Listener at 127.0.0.1/45285] INFO  utils.BackgroundService (BackgroundService.java:shutdown(141)) - Shutting down service OpenKeyCleanupService
2022-07-27 13:51:50,704 [Listener at 127.0.0.1/45285] INFO  handler.ContextHandler (ContextHandler.java:doStop(1153)) - Stopped o.e.j.w.WebAppContext@198ff0f3{ozoneManager,/,null,STOPPED}{file:/home/runner/work/ozone/ozone/hadoop-ozone/integration-test/target/test-classes/webapps/ozoneManager}
2022-07-27 13:51:50,705 [Listener at 127.0.0.1/45285] INFO  server.AbstractConnector (AbstractConnector.java:doStop(381)) - Stopped ServerConnector@4643b082{HTTP/1.1, (http/1.1)}{0.0.0.0:0}
2022-07-27 13:51:50,705 [Listener at 127.0.0.1/45285] INFO  server.session (HouseKeeper.java:stopScavenging(149)) - node0 Stopped scavenging
2022-07-27 13:51:50,705 [Listener at 127.0.0.1/45285] INFO  handler.ContextHandler (ContextHandler.java:doStop(1153)) - Stopped o.e.j.s.ServletContextHandler@11b317b7{static,/static,file:///home/runner/work/ozone/ozone/hadoop-ozone/integration-test/target/test-classes/webapps/static,STOPPED}
2022-07-27 13:51:50,705 [Listener at 127.0.0.1/45285] INFO  handler.ContextHandler (ContextHandler.java:doStop(1153)) - Stopped o.e.j.s.ServletContextHandler@6cf63fd7{logs,/logs,file:///home/runner/work/ozone/ozone/hadoop-ozone/integration-test/target/log,STOPPED}
2022-07-27 13:51:50,713 [Listener at 127.0.0.1/45285] INFO  ozone.MiniOzoneClusterImpl (MiniOzoneClusterImpl.java:stopDatanodes(522)) - Stopping the HddsDatanodes
2022-07-27 13:51:50,727 [Trash Emptier] ERROR om.TrashPolicyOzone (TrashPolicyOzone.java:run(251)) - Error attempting to shutdown
java.lang.InterruptedException
	at java.util.concurrent.locks.AbstractQueuedSynchronizer$ConditionObject.awaitNanos(AbstractQueuedSynchronizer.java:2067)
	at java.util.concurrent.ThreadPoolExecutor.awaitTermination(ThreadPoolExecutor.java:1475)
	at org.apache.hadoop.ozone.om.TrashPolicyOzone$Emptier.run(TrashPolicyOzone.java:249)
	at java.lang.Thread.run(Thread.java:750)
2022-07-27 13:51:50,727 [Trash Emptier] ERROR util.ExitUtils (ExitUtils.java:terminate(133)) - Terminating with exit status -1: Thread[Trash Emptier,5,main] has thrown an uncaught exception
java.lang.UnsupportedOperationException: fs.getUri() not implemented in TrashOzoneFileSystem
	at org.apache.hadoop.ozone.om.TrashOzoneFileSystem.getUri(TrashOzoneFileSystem.java:126)
	at org.apache.hadoop.fs.FileSystem.close(FileSystem.java:2592)
	at org.apache.hadoop.ozone.om.TrashPolicyOzone$Emptier.run(TrashPolicyOzone.java:243)
	at java.lang.Thread.run(Thread.java:750)
2022-07-27 13:51:55,726 [Listener at 127.0.0.1/45285] INFO  ozoneimpl.OzoneContainer (OzoneContainer.java:stop(399)) - Attempting to stop container services.
2022-07-27 13:51:55,727 [ForkJoinPool.commonPool-worker-0] INFO  ozoneimpl.OzoneContainer (OzoneContainer.java:stop(399)) - Attempting to stop container services.
2022-07-27 13:51:55,727 [ForkJoinPool.commonPool-worker-0] INFO  server.RaftServer (RaftServerProxy.java:lambda$close$7(398)) - 366e6065-a50f-499f-97ce-c324ed4f2808: close
2022-07-27 13:51:55,727 [ForkJoinPool.commonPool-worker-0] INFO  server.RaftServer$Division (RaftServerImpl.java:lambda$close$4(434)) - 366e6065-a50f-499f-97ce-c324ed4f2808@group-0F6684652F28: shutdown
2022-07-27 13:51:55,727 [ForkJoinPool.commonPool-worker-0] INFO  util.JmxRegister (JmxRegister.java:unregister(73)) - Successfully un-registered JMX Bean with object name Ratis:service=RaftServer,group=group-0F6684652F28,id=366e6065-a50f-499f-97ce-c324ed4f2808
2022-07-27 13:51:55,727 [ForkJoinPool.commonPool-worker-0] INFO  impl.RoleInfo (RoleInfo.java:shutdownLeaderState(93)) - 366e6065-a50f-499f-97ce-c324ed4f2808: shutdown 366e6065-a50f-499f-97ce-c324ed4f2808@group-0F6684652F28-LeaderStateImpl
2022-07-27 13:51:55,727 [ForkJoinPool.commonPool-worker-0] INFO  impl.PendingRequests (PendingRequests.java:sendNotLeaderResponses(282)) - 366e6065-a50f-499f-97ce-c324ed4f2808@group-0F6684652F28-PendingRequests: sendNotLeaderResponses
2022-07-27 13:51:55,728 [366e6065-a50f-499f-97ce-c324ed4f2808@group-0F6684652F28->32550fa0-9153-4d09-8fa0-706fd13e6797-GrpcLogAppender-LogAppenderDaemon] WARN  server.GrpcLogAppender (GrpcLogAppender.java:mayWait(171)) - 366e6065-a50f-499f-97ce-c324ed4f2808@group-0F6684652F28->32550fa0-9153-4d09-8fa0-706fd13e6797-GrpcLogAppender: Wait interrupted by java.lang.InterruptedException
2022-07-27 13:51:55,754 [Listener at 127.0.0.1/45285] INFO  server.RaftServer (RaftServerProxy.java:lambda$close$7(398)) - 462f06fe-cae1-4868-8f74-05801ae52ce2: close
2022-07-27 13:51:55,754 [Listener at 127.0.0.1/45285] INFO  server.RaftServer$Division (RaftServerImpl.java:lambda$close$4(434)) - 462f06fe-cae1-4868-8f74-05801ae52ce2@group-0F6684652F28: shutdown
2022-07-27 13:51:55,754 [Listener at 127.0.0.1/45285] INFO  util.JmxRegister (JmxRegister.java:unregister(73)) - Successfully un-registered JMX Bean with object name Ratis:service=RaftServer,group=group-0F6684652F28,id=462f06fe-cae1-4868-8f74-05801ae52ce2
2022-07-27 13:51:55,754 [Listener at 127.0.0.1/45285] INFO  impl.RoleInfo (RoleInfo.java:shutdownFollowerState(110)) - 462f06fe-cae1-4868-8f74-05801ae52ce2: shutdown 462f06fe-cae1-4868-8f74-05801ae52ce2@group-0F6684652F28-FollowerState
2022-07-27 13:51:55,754 [Listener at 127.0.0.1/45285] INFO  impl.StateMachineUpdater (StateMachineUpdater.java:stopAndJoin(153)) - 462f06fe-cae1-4868-8f74-05801ae52ce2@group-0F6684652F28-StateMachineUpdater: set stopIndex = 7
2022-07-27 13:51:55,745 [366e6065-a50f-499f-97ce-c324ed4f2808@group-0F6684652F28-StateMachineUpdater] INFO  ratis.ContainerStateMachine (ContainerStateMachine.java:takeSnapshot(304)) - group-0F6684652F28: Taking a snapshot at:(t:2, i:7) file /home/runner/work/ozone/ozone/hadoop-ozone/integration-test/target/test-dir/MiniOzoneClusterImpl-e3e01987-94f8-4a87-8a0d-2583aef5e8b1/datanode-1/data/ratis/148f56dc-8dd3-4460-9900-0f6684652f28/sm/snapshot.2_7
2022-07-27 13:51:55,744 [ForkJoinPool.commonPool-worker-0] INFO  impl.StateMachineUpdater (StateMachineUpdater.java:stopAndJoin(153)) - 366e6065-a50f-499f-97ce-c324ed4f2808@group-0F6684652F28-StateMachineUpdater: set stopIndex = 7
2022-07-27 13:51:55,744 [366e6065-a50f-499f-97ce-c324ed4f2808@group-0F6684652F28->462f06fe-cae1-4868-8f74-05801ae52ce2-GrpcLogAppender-LogAppenderDaemon] WARN  server.GrpcLogAppender (GrpcLogAppender.java:mayWait(171)) - 366e6065-a50f-499f-97ce-c324ed4f2808@group-0F6684652F28->462f06fe-cae1-4868-8f74-05801ae52ce2-GrpcLogAppender: Wait interrupted by java.lang.InterruptedException
2022-07-27 13:51:55,772 [462f06fe-cae1-4868-8f74-05801ae52ce2@group-0F6684652F28-StateMachineUpdater] INFO  ratis.ContainerStateMachine (ContainerStateMachine.java:takeSnapshot(304)) - group-0F6684652F28: Taking a snapshot at:(t:2, i:7) file /home/runner/work/ozone/ozone/hadoop-ozone/integration-test/target/test-dir/MiniOzoneClusterImpl-e3e01987-94f8-4a87-8a0d-2583aef5e8b1/datanode-2/data/ratis/148f56dc-8dd3-4460-9900-0f6684652f28/sm/snapshot.2_7
2022-07-27 13:51:55,772 [grpc-default-executor-0] INFO  server.GrpcServerProtocolService (GrpcServerProtocolService.java:onCompleted(140)) - 32550fa0-9153-4d09-8fa0-706fd13e6797: Completed APPEND_ENTRIES, lastRequest: 366e6065-a50f-499f-97ce-c324ed4f2808->32550fa0-9153-4d09-8fa0-706fd13e6797#305-t2,previous=(t:2, i:6),leaderCommit=5,initializing? true,entries: size=1, first=(t:2, i:7), METADATAENTRY(c:5)
2022-07-27 13:51:55,772 [grpc-default-executor-1] INFO  server.GrpcServerProtocolService (GrpcServerProtocolService.java:onCompleted(140)) - 462f06fe-cae1-4868-8f74-05801ae52ce2: Completed APPEND_ENTRIES, lastRequest: 366e6065-a50f-499f-97ce-c324ed4f2808->462f06fe-cae1-4868-8f74-05801ae52ce2#194-t2,previous=(t:2, i:6),leaderCommit=5,initializing? true,entries: size=1, first=(t:2, i:7), METADATAENTRY(c:5)
2022-07-27 13:51:55,773 [462f06fe-cae1-4868-8f74-05801ae52ce2@group-0F6684652F28-FollowerState] INFO  impl.FollowerState (FollowerState.java:run(152)) - 462f06fe-cae1-4868-8f74-05801ae52ce2@group-0F6684652F28-FollowerState was interrupted
2022-07-27 13:51:55,771 [366e6065-a50f-499f-97ce-c324ed4f2808@group-0F6684652F28-StateMachineUpdater] INFO  ratis.ContainerStateMachine (ContainerStateMachine.java:takeSnapshot(315)) - group-0F6684652F28: Finished taking a snapshot at:(t:2, i:7) file:/home/runner/work/ozone/ozone/hadoop-ozone/integration-test/target/test-dir/MiniOzoneClusterImpl-e3e01987-94f8-4a87-8a0d-2583aef5e8b1/datanode-1/data/ratis/148f56dc-8dd3-4460-9900-0f6684652f28/sm/snapshot.2_7 took: 25 ms
2022-07-27 13:51:55,773 [366e6065-a50f-499f-97ce-c324ed4f2808@group-0F6684652F28-StateMachineUpdater] INFO  impl.StateMachineUpdater (StateMachineUpdater.java:takeSnapshot(287)) - 366e6065-a50f-499f-97ce-c324ed4f2808@group-0F6684652F28-StateMachineUpdater: Took a snapshot at index 7
2022-07-27 13:51:55,773 [366e6065-a50f-499f-97ce-c324ed4f2808@group-0F6684652F28-StateMachineUpdater] INFO  impl.StateMachineUpdater (StateMachineUpdater.java:lambda$new$0(92)) - 366e6065-a50f-499f-97ce-c324ed4f2808@group-0F6684652F28-StateMachineUpdater: snapshotIndex: updateIncreasingly -1 -> 7
2022-07-27 13:51:55,774 [grpc-default-executor-4] INFO  server.GrpcLogAppender (GrpcLogAppender.java:onCompleted(339)) - 366e6065-a50f-499f-97ce-c324ed4f2808@group-0F6684652F28->462f06fe-cae1-4868-8f74-05801ae52ce2-AppendLogResponseHandler: follower responses appendEntries COMPLETED
2022-07-27 13:51:55,774 [grpc-default-executor-4] INFO  leader.FollowerInfo (FollowerInfoImpl.java:lambda$new$0(48)) - 366e6065-a50f-499f-97ce-c324ed4f2808@group-0F6684652F28->462f06fe-cae1-4868-8f74-05801ae52ce2: nextIndex: updateUnconditionally 8 -> 7
2022-07-27 13:51:55,774 [grpc-default-executor-4] INFO  server.GrpcLogAppender (GrpcLogAppender.java:onCompleted(339)) - 366e6065-a50f-499f-97ce-c324ed4f2808@group-0F6684652F28->32550fa0-9153-4d09-8fa0-706fd13e6797-AppendLogResponseHandler: follower responses appendEntries COMPLETED
2022-07-27 13:51:55,775 [grpc-default-executor-4] INFO  leader.FollowerInfo (FollowerInfoImpl.java:lambda$new$0(48)) - 366e6065-a50f-499f-97ce-c324ed4f2808@group-0F6684652F28->32550fa0-9153-4d09-8fa0-706fd13e6797: nextIndex: updateUnconditionally 8 -> 7
2022-07-27 13:51:55,775 [ForkJoinPool.commonPool-worker-0] INFO  server.RaftServer$Division (ServerState.java:close(429)) - 366e6065-a50f-499f-97ce-c324ed4f2808@group-0F6684652F28: closes. applyIndex: 7
2022-07-27 13:51:55,776 [366e6065-a50f-499f-97ce-c324ed4f2808@group-0F6684652F28-SegmentedRaftLogWorker] INFO  segmented.SegmentedRaftLogWorker (SegmentedRaftLogWorker.java:run(336)) - 366e6065-a50f-499f-97ce-c324ed4f2808@group-0F6684652F28-SegmentedRaftLogWorker was interrupted, exiting. There are 0 tasks remaining in the queue.
2022-07-27 13:51:55,778 [462f06fe-cae1-4868-8f74-05801ae52ce2@group-0F6684652F28-StateMachineUpdater] INFO  ratis.ContainerStateMachine (ContainerStateMachine.java:takeSnapshot(315)) - group-0F6684652F28: Finished taking a snapshot at:(t:2, i:7) file:/home/runner/work/ozone/ozone/hadoop-ozone/integration-test/target/test-dir/MiniOzoneClusterImpl-e3e01987-94f8-4a87-8a0d-2583aef5e8b1/datanode-2/data/ratis/148f56dc-8dd3-4460-9900-0f6684652f28/sm/snapshot.2_7 took: 7 ms
2022-07-27 13:51:55,779 [462f06fe-cae1-4868-8f74-05801ae52ce2@group-0F6684652F28-StateMachineUpdater] INFO  impl.StateMachineUpdater (StateMachineUpdater.java:takeSnapshot(287)) - 462f06fe-cae1-4868-8f74-05801ae52ce2@group-0F6684652F28-StateMachineUpdater: Took a snapshot at index 7
2022-07-27 13:51:55,779 [462f06fe-cae1-4868-8f74-05801ae52ce2@group-0F6684652F28-StateMachineUpdater] INFO  impl.StateMachineUpdater (StateMachineUpdater.java:lambda$new$0(92)) - 462f06fe-cae1-4868-8f74-05801ae52ce2@group-0F6684652F28-StateMachineUpdater: snapshotIndex: updateIncreasingly -1 -> 7
2022-07-27 13:51:55,779 [Listener at 127.0.0.1/45285] INFO  server.RaftServer$Division (ServerState.java:close(429)) - 462f06fe-cae1-4868-8f74-05801ae52ce2@group-0F6684652F28: closes. applyIndex: 7
2022-07-27 13:51:55,780 [462f06fe-cae1-4868-8f74-05801ae52ce2@group-0F6684652F28-SegmentedRaftLogWorker] INFO  segmented.SegmentedRaftLogWorker (SegmentedRaftLogWorker.java:run(336)) - 462f06fe-cae1-4868-8f74-05801ae52ce2@group-0F6684652F28-SegmentedRaftLogWorker was interrupted, exiting. There are 0 tasks remaining in the queue.
2022-07-27 13:51:55,786 [ForkJoinPool.commonPool-worker-0] INFO  segmented.SegmentedRaftLogWorker (SegmentedRaftLogWorker.java:close(246)) - 366e6065-a50f-499f-97ce-c324ed4f2808@group-0F6684652F28-SegmentedRaftLogWorker close()
2022-07-27 13:51:55,786 [Listener at 127.0.0.1/45285] INFO  segmented.SegmentedRaftLogWorker (SegmentedRaftLogWorker.java:close(246)) - 462f06fe-cae1-4868-8f74-05801ae52ce2@group-0F6684652F28-SegmentedRaftLogWorker close()
2022-07-27 13:51:55,789 [ForkJoinPool.commonPool-worker-0] INFO  server.RaftServer$Division (RaftServerImpl.java:lambda$close$4(434)) - 366e6065-a50f-499f-97ce-c324ed4f2808@group-EA1BF7A302C0: shutdown
2022-07-27 13:51:55,802 [ForkJoinPool.commonPool-worker-0] INFO  util.JmxRegister (JmxRegister.java:unregister(73)) - Successfully un-registered JMX Bean with object name Ratis:service=RaftServer,group=group-EA1BF7A302C0,id=366e6065-a50f-499f-97ce-c324ed4f2808
2022-07-27 13:51:55,802 [ForkJoinPool.commonPool-worker-0] INFO  impl.RoleInfo (RoleInfo.java:shutdownFollowerState(110)) - 366e6065-a50f-499f-97ce-c324ed4f2808: shutdown 366e6065-a50f-499f-97ce-c324ed4f2808@group-EA1BF7A302C0-FollowerState
2022-07-27 13:51:55,802 [ForkJoinPool.commonPool-worker-0] INFO  impl.StateMachineUpdater (StateMachineUpdater.java:stopAndJoin(153)) - 366e6065-a50f-499f-97ce-c324ed4f2808@group-EA1BF7A302C0-StateMachineUpdater: set stopIndex = 22
2022-07-27 13:51:55,802 [366e6065-a50f-499f-97ce-c324ed4f2808@group-EA1BF7A302C0-FollowerState] INFO  impl.FollowerState (FollowerState.java:run(152)) - 366e6065-a50f-499f-97ce-c324ed4f2808@group-EA1BF7A302C0-FollowerState was interrupted
2022-07-27 13:51:55,802 [366e6065-a50f-499f-97ce-c324ed4f2808@group-EA1BF7A302C0-StateMachineUpdater] INFO  ratis.ContainerStateMachine (ContainerStateMachine.java:takeSnapshot(304)) - group-EA1BF7A302C0: Taking a snapshot at:(t:1, i:22) file /home/runner/work/ozone/ozone/hadoop-ozone/integration-test/target/test-dir/MiniOzoneClusterImpl-e3e01987-94f8-4a87-8a0d-2583aef5e8b1/datanode-1/data/ratis/7ea47a8d-5c69-44ac-805f-ea1bf7a302c0/sm/snapshot.1_22
2022-07-27 13:51:55,804 [366e6065-a50f-499f-97ce-c324ed4f2808@group-EA1BF7A302C0-StateMachineUpdater] INFO  ratis.ContainerStateMachine (ContainerStateMachine.java:takeSnapshot(315)) - group-EA1BF7A302C0: Finished taking a snapshot at:(t:1, i:22) file:/home/runner/work/ozone/ozone/hadoop-ozone/integration-test/target/test-dir/MiniOzoneClusterImpl-e3e01987-94f8-4a87-8a0d-2583aef5e8b1/datanode-1/data/ratis/7ea47a8d-5c69-44ac-805f-ea1bf7a302c0/sm/snapshot.1_22 took: 1 ms
2022-07-27 13:51:55,804 [366e6065-a50f-499f-97ce-c324ed4f2808@group-EA1BF7A302C0-StateMachineUpdater] INFO  impl.StateMachineUpdater (StateMachineUpdater.java:takeSnapshot(287)) - 366e6065-a50f-499f-97ce-c324ed4f2808@group-EA1BF7A302C0-StateMachineUpdater: Took a snapshot at index 22
2022-07-27 13:51:55,804 [366e6065-a50f-499f-97ce-c324ed4f2808@group-EA1BF7A302C0-StateMachineUpdater] INFO  impl.StateMachineUpdater (StateMachineUpdater.java:lambda$new$0(92)) - 366e6065-a50f-499f-97ce-c324ed4f2808@group-EA1BF7A302C0-StateMachineUpdater: snapshotIndex: updateIncreasingly -1 -> 22
2022-07-27 13:51:55,805 [ForkJoinPool.commonPool-worker-0] INFO  server.RaftServer$Division (ServerState.java:close(429)) - 366e6065-a50f-499f-97ce-c324ed4f2808@group-EA1BF7A302C0: closes. applyIndex: 22
2022-07-27 13:51:55,805 [366e6065-a50f-499f-97ce-c324ed4f2808@group-EA1BF7A302C0-SegmentedRaftLogWorker] INFO  segmented.SegmentedRaftLogWorker (SegmentedRaftLogWorker.java:run(336)) - 366e6065-a50f-499f-97ce-c324ed4f2808@group-EA1BF7A302C0-SegmentedRaftLogWorker was interrupted, exiting. There are 0 tasks remaining in the queue.
2022-07-27 13:51:55,811 [Listener at 127.0.0.1/45285] INFO  server.RaftServer$Division (RaftServerImpl.java:lambda$close$4(434)) - 462f06fe-cae1-4868-8f74-05801ae52ce2@group-EA1BF7A302C0: shutdown
2022-07-27 13:51:55,812 [Listener at 127.0.0.1/45285] INFO  util.JmxRegister (JmxRegister.java:unregister(73)) - Successfully un-registered JMX Bean with object name Ratis:service=RaftServer,group=group-EA1BF7A302C0,id=462f06fe-cae1-4868-8f74-05801ae52ce2
2022-07-27 13:51:55,812 [Listener at 127.0.0.1/45285] INFO  impl.RoleInfo (RoleInfo.java:shutdownFollowerState(110)) - 462f06fe-cae1-4868-8f74-05801ae52ce2: shutdown 462f06fe-cae1-4868-8f74-05801ae52ce2@group-EA1BF7A302C0-FollowerState
2022-07-27 13:51:55,812 [Listener at 127.0.0.1/45285] INFO  impl.StateMachineUpdater (StateMachineUpdater.java:stopAndJoin(153)) - 462f06fe-cae1-4868-8f74-05801ae52ce2@group-EA1BF7A302C0-StateMachineUpdater: set stopIndex = 22
2022-07-27 13:51:55,812 [462f06fe-cae1-4868-8f74-05801ae52ce2@group-EA1BF7A302C0-FollowerState] INFO  impl.FollowerState (FollowerState.java:run(152)) - 462f06fe-cae1-4868-8f74-05801ae52ce2@group-EA1BF7A302C0-FollowerState was interrupted
2022-07-27 13:51:55,812 [ForkJoinPool.commonPool-worker-0] INFO  segmented.SegmentedRaftLogWorker (SegmentedRaftLogWorker.java:close(246)) - 366e6065-a50f-499f-97ce-c324ed4f2808@group-EA1BF7A302C0-SegmentedRaftLogWorker close()
2022-07-27 13:51:55,812 [462f06fe-cae1-4868-8f74-05801ae52ce2@group-EA1BF7A302C0-StateMachineUpdater] INFO  ratis.ContainerStateMachine (ContainerStateMachine.java:takeSnapshot(304)) - group-EA1BF7A302C0: Taking a snapshot at:(t:1, i:22) file /home/runner/work/ozone/ozone/hadoop-ozone/integration-test/target/test-dir/MiniOzoneClusterImpl-e3e01987-94f8-4a87-8a0d-2583aef5e8b1/datanode-2/data/ratis/7ea47a8d-5c69-44ac-805f-ea1bf7a302c0/sm/snapshot.1_22
2022-07-27 13:51:55,813 [ForkJoinPool.commonPool-worker-0] INFO  server.RaftServer$Division (RaftServerImpl.java:lambda$close$4(434)) - 366e6065-a50f-499f-97ce-c324ed4f2808@group-4B55898DFECD: shutdown
2022-07-27 13:51:55,818 [ForkJoinPool.commonPool-worker-0] INFO  util.JmxRegister (JmxRegister.java:unregister(73)) - Successfully un-registered JMX Bean with object name Ratis:service=RaftServer,group=group-4B55898DFECD,id=366e6065-a50f-499f-97ce-c324ed4f2808
2022-07-27 13:51:55,818 [ForkJoinPool.commonPool-worker-0] INFO  impl.RoleInfo (RoleInfo.java:shutdownLeaderState(93)) - 366e6065-a50f-499f-97ce-c324ed4f2808: shutdown 366e6065-a50f-499f-97ce-c324ed4f2808@group-4B55898DFECD-LeaderStateImpl
2022-07-27 13:51:55,818 [ForkJoinPool.commonPool-worker-0] INFO  impl.PendingRequests (PendingRequests.java:sendNotLeaderResponses(282)) - 366e6065-a50f-499f-97ce-c324ed4f2808@group-4B55898DFECD-PendingRequests: sendNotLeaderResponses
2022-07-27 13:51:55,818 [ForkJoinPool.commonPool-worker-0] INFO  impl.StateMachineUpdater (StateMachineUpdater.java:stopAndJoin(153)) - 366e6065-a50f-499f-97ce-c324ed4f2808@group-4B55898DFECD-StateMachineUpdater: set stopIndex = 0
2022-07-27 13:51:55,819 [366e6065-a50f-499f-97ce-c324ed4f2808@group-4B55898DFECD-StateMachineUpdater] INFO  ratis.ContainerStateMachine (ContainerStateMachine.java:takeSnapshot(304)) - group-4B55898DFECD: Taking a snapshot at:(t:1, i:0) file /home/runner/work/ozone/ozone/hadoop-ozone/integration-test/target/test-dir/MiniOzoneClusterImpl-e3e01987-94f8-4a87-8a0d-2583aef5e8b1/datanode-1/data/ratis/ab8ac5fc-894d-4d02-8147-4b55898dfecd/sm/snapshot.1_0
2022-07-27 13:51:55,820 [462f06fe-cae1-4868-8f74-05801ae52ce2@group-EA1BF7A302C0-StateMachineUpdater] INFO  ratis.ContainerStateMachine (ContainerStateMachine.java:takeSnapshot(315)) - group-EA1BF7A302C0: Finished taking a snapshot at:(t:1, i:22) file:/home/runner/work/ozone/ozone/hadoop-ozone/integration-test/target/test-dir/MiniOzoneClusterImpl-e3e01987-94f8-4a87-8a0d-2583aef5e8b1/datanode-2/data/ratis/7ea47a8d-5c69-44ac-805f-ea1bf7a302c0/sm/snapshot.1_22 took: 8 ms
2022-07-27 13:51:55,820 [462f06fe-cae1-4868-8f74-05801ae52ce2@group-EA1BF7A302C0-StateMachineUpdater] INFO  impl.StateMachineUpdater (StateMachineUpdater.java:takeSnapshot(287)) - 462f06fe-cae1-4868-8f74-05801ae52ce2@group-EA1BF7A302C0-StateMachineUpdater: Took a snapshot at index 22
2022-07-27 13:51:55,820 [462f06fe-cae1-4868-8f74-05801ae52ce2@group-EA1BF7A302C0-StateMachineUpdater] INFO  impl.StateMachineUpdater (StateMachineUpdater.java:lambda$new$0(92)) - 462f06fe-cae1-4868-8f74-05801ae52ce2@group-EA1BF7A302C0-StateMachineUpdater: snapshotIndex: updateIncreasingly -1 -> 22
2022-07-27 13:51:55,820 [Listener at 127.0.0.1/45285] INFO  server.RaftServer$Division (ServerState.java:close(429)) - 462f06fe-cae1-4868-8f74-05801ae52ce2@group-EA1BF7A302C0: closes. applyIndex: 22
2022-07-27 13:51:55,821 [462f06fe-cae1-4868-8f74-05801ae52ce2@group-EA1BF7A302C0-SegmentedRaftLogWorker] INFO  segmented.SegmentedRaftLogWorker (SegmentedRaftLogWorker.java:run(336)) - 462f06fe-cae1-4868-8f74-05801ae52ce2@group-EA1BF7A302C0-SegmentedRaftLogWorker was interrupted, exiting. There are 0 tasks remaining in the queue.
2022-07-27 13:51:55,821 [366e6065-a50f-499f-97ce-c324ed4f2808@group-4B55898DFECD-StateMachineUpdater] INFO  ratis.ContainerStateMachine (ContainerStateMachine.java:takeSnapshot(315)) - group-4B55898DFECD: Finished taking a snapshot at:(t:1, i:0) file:/home/runner/work/ozone/ozone/hadoop-ozone/integration-test/target/test-dir/MiniOzoneClusterImpl-e3e01987-94f8-4a87-8a0d-2583aef5e8b1/datanode-1/data/ratis/ab8ac5fc-894d-4d02-8147-4b55898dfecd/sm/snapshot.1_0 took: 2 ms
2022-07-27 13:51:55,822 [Listener at 127.0.0.1/45285] INFO  segmented.SegmentedRaftLogWorker (SegmentedRaftLogWorker.java:close(246)) - 462f06fe-cae1-4868-8f74-05801ae52ce2@group-EA1BF7A302C0-SegmentedRaftLogWorker close()
2022-07-27 13:51:55,831 [366e6065-a50f-499f-97ce-c324ed4f2808@group-4B55898DFECD-StateMachineUpdater] INFO  impl.StateMachineUpdater (StateMachineUpdater.java:takeSnapshot(287)) - 366e6065-a50f-499f-97ce-c324ed4f2808@group-4B55898DFECD-StateMachineUpdater: Took a snapshot at index 0
2022-07-27 13:51:55,831 [366e6065-a50f-499f-97ce-c324ed4f2808@group-4B55898DFECD-StateMachineUpdater] INFO  impl.StateMachineUpdater (StateMachineUpdater.java:lambda$new$0(92)) - 366e6065-a50f-499f-97ce-c324ed4f2808@group-4B55898DFECD-StateMachineUpdater: snapshotIndex: updateIncreasingly -1 -> 0
2022-07-27 13:51:55,831 [ForkJoinPool.commonPool-worker-0] INFO  server.RaftServer$Division (ServerState.java:close(429)) - 366e6065-a50f-499f-97ce-c324ed4f2808@group-4B55898DFECD: closes. applyIndex: 0
2022-07-27 13:51:55,831 [366e6065-a50f-499f-97ce-c324ed4f2808@group-4B55898DFECD-SegmentedRaftLogWorker] INFO  segmented.SegmentedRaftLogWorker (SegmentedRaftLogWorker.java:run(336)) - 366e6065-a50f-499f-97ce-c324ed4f2808@group-4B55898DFECD-SegmentedRaftLogWorker was interrupted, exiting. There are 0 tasks remaining in the queue.
2022-07-27 13:51:55,832 [ForkJoinPool.commonPool-worker-0] INFO  segmented.SegmentedRaftLogWorker (SegmentedRaftLogWorker.java:close(246)) - 366e6065-a50f-499f-97ce-c324ed4f2808@group-4B55898DFECD-SegmentedRaftLogWorker close()
2022-07-27 13:51:55,844 [ForkJoinPool.commonPool-worker-0] INFO  server.GrpcService (GrpcService.java:closeImpl(269)) - 366e6065-a50f-499f-97ce-c324ed4f2808: shutdown server with port 41283 now
2022-07-27 13:51:55,848 [grpc-default-executor-1] WARN  server.GrpcServerProtocolService (LogUtils.java:warn(122)) - 366e6065-a50f-499f-97ce-c324ed4f2808: installSnapshot onError, lastRequest: 32550fa0-9153-4d09-8fa0-706fd13e6797->366e6065-a50f-499f-97ce-c324ed4f2808#630-t1,previous=(t:1, i:21),leaderCommit=20,initializing? true,entries: size=1, first=(t:1, i:22), METADATAENTRY(c:20): org.apache.ratis.thirdparty.io.grpc.StatusRuntimeException: CANCELLED: client cancelled
2022-07-27 13:51:55,848 [Listener at 127.0.0.1/45285] INFO  server.RaftServer$Division (RaftServerImpl.java:lambda$close$4(434)) - 462f06fe-cae1-4868-8f74-05801ae52ce2@group-739B529D322A: shutdown
2022-07-27 13:51:55,849 [Listener at 127.0.0.1/45285] INFO  util.JmxRegister (JmxRegister.java:unregister(73)) - Successfully un-registered JMX Bean with object name Ratis:service=RaftServer,group=group-739B529D322A,id=462f06fe-cae1-4868-8f74-05801ae52ce2
2022-07-27 13:51:55,849 [Listener at 127.0.0.1/45285] INFO  impl.RoleInfo (RoleInfo.java:shutdownLeaderState(93)) - 462f06fe-cae1-4868-8f74-05801ae52ce2: shutdown 462f06fe-cae1-4868-8f74-05801ae52ce2@group-739B529D322A-LeaderStateImpl
2022-07-27 13:51:55,849 [Listener at 127.0.0.1/45285] INFO  impl.PendingRequests (PendingRequests.java:sendNotLeaderResponses(282)) - 462f06fe-cae1-4868-8f74-05801ae52ce2@group-739B529D322A-PendingRequests: sendNotLeaderResponses
2022-07-27 13:51:55,850 [Listener at 127.0.0.1/45285] INFO  impl.StateMachineUpdater (StateMachineUpdater.java:stopAndJoin(153)) - 462f06fe-cae1-4868-8f74-05801ae52ce2@group-739B529D322A-StateMachineUpdater: set stopIndex = 0
2022-07-27 13:51:55,850 [462f06fe-cae1-4868-8f74-05801ae52ce2@group-739B529D322A-StateMachineUpdater] INFO  ratis.ContainerStateMachine (ContainerStateMachine.java:takeSnapshot(304)) - group-739B529D322A: Taking a snapshot at:(t:1, i:0) file /home/runner/work/ozone/ozone/hadoop-ozone/integration-test/target/test-dir/MiniOzoneClusterImpl-e3e01987-94f8-4a87-8a0d-2583aef5e8b1/datanode-2/data/ratis/06321366-0a36-4cd1-9992-739b529d322a/sm/snapshot.1_0
2022-07-27 13:51:55,852 [grpc-default-executor-4] WARN  server.GrpcLogAppender (LogUtils.java:warn(122)) - 32550fa0-9153-4d09-8fa0-706fd13e6797@group-EA1BF7A302C0->366e6065-a50f-499f-97ce-c324ed4f2808-AppendLogResponseHandler: Failed appendEntries: org.apache.ratis.thirdparty.io.grpc.StatusRuntimeException: CANCELLED: RST_STREAM closed stream. HTTP/2 error code: CANCEL
2022-07-27 13:51:55,853 [grpc-default-executor-4] INFO  leader.FollowerInfo (FollowerInfoImpl.java:lambda$new$0(48)) - 32550fa0-9153-4d09-8fa0-706fd13e6797@group-EA1BF7A302C0->366e6065-a50f-499f-97ce-c324ed4f2808: nextIndex: updateUnconditionally 23 -> 22
2022-07-27 13:51:55,861 [ForkJoinPool.commonPool-worker-0] INFO  server.GrpcService (GrpcService.java:closeImpl(278)) - 366e6065-a50f-499f-97ce-c324ed4f2808: shutdown server with port 41283 successfully
2022-07-27 13:51:55,870 [grpc-default-executor-0] WARN  server.GrpcLogAppender (LogUtils.java:warn(122)) - 32550fa0-9153-4d09-8fa0-706fd13e6797@group-EA1BF7A302C0->366e6065-a50f-499f-97ce-c324ed4f2808-AppendLogResponseHandler: Failed appendEntries: org.apache.ratis.thirdparty.io.grpc.StatusRuntimeException: UNAVAILABLE: io exception
2022-07-27 13:51:55,870 [grpc-default-executor-0] INFO  leader.FollowerInfo (FollowerInfoImpl.java:lambda$new$0(48)) - 32550fa0-9153-4d09-8fa0-706fd13e6797@group-EA1BF7A302C0->366e6065-a50f-499f-97ce-c324ed4f2808: nextIndex: updateUnconditionally 23 -> 22
2022-07-27 13:51:55,870 [org.apache.ratis.util.JvmPauseMonitor$$Lambda$615/1136232276@72b5bf87] INFO  util.JvmPauseMonitor (JvmPauseMonitor.java:run(109)) - JvmPauseMonitor-366e6065-a50f-499f-97ce-c324ed4f2808: Stopped
2022-07-27 13:51:55,879 [462f06fe-cae1-4868-8f74-05801ae52ce2@group-739B529D322A-StateMachineUpdater] INFO  ratis.ContainerStateMachine (ContainerStateMachine.java:takeSnapshot(315)) - group-739B529D322A: Finished taking a snapshot at:(t:1, i:0) file:/home/runner/work/ozone/ozone/hadoop-ozone/integration-test/target/test-dir/MiniOzoneClusterImpl-e3e01987-94f8-4a87-8a0d-2583aef5e8b1/datanode-2/data/ratis/06321366-0a36-4cd1-9992-739b529d322a/sm/snapshot.1_0 took: 29 ms
2022-07-27 13:51:55,879 [462f06fe-cae1-4868-8f74-05801ae52ce2@group-739B529D322A-StateMachineUpdater] INFO  impl.StateMachineUpdater (StateMachineUpdater.java:takeSnapshot(287)) - 462f06fe-cae1-4868-8f74-05801ae52ce2@group-739B529D322A-StateMachineUpdater: Took a snapshot at index 0
2022-07-27 13:51:55,879 [462f06fe-cae1-4868-8f74-05801ae52ce2@group-739B529D322A-StateMachineUpdater] INFO  impl.StateMachineUpdater (StateMachineUpdater.java:lambda$new$0(92)) - 462f06fe-cae1-4868-8f74-05801ae52ce2@group-739B529D322A-StateMachineUpdater: snapshotIndex: updateIncreasingly -1 -> 0
2022-07-27 13:51:55,883 [Listener at 127.0.0.1/45285] INFO  server.RaftServer$Division (ServerState.java:close(429)) - 462f06fe-cae1-4868-8f74-05801ae52ce2@group-739B529D322A: closes. applyIndex: 0
2022-07-27 13:51:55,883 [462f06fe-cae1-4868-8f74-05801ae52ce2@group-739B529D322A-SegmentedRaftLogWorker] INFO  segmented.SegmentedRaftLogWorker (SegmentedRaftLogWorker.java:run(336)) - 462f06fe-cae1-4868-8f74-05801ae52ce2@group-739B529D322A-SegmentedRaftLogWorker was interrupted, exiting. There are 0 tasks remaining in the queue.
2022-07-27 13:51:55,883 [Listener at 127.0.0.1/45285] INFO  segmented.SegmentedRaftLogWorker (SegmentedRaftLogWorker.java:close(246)) - 462f06fe-cae1-4868-8f74-05801ae52ce2@group-739B529D322A-SegmentedRaftLogWorker close()
2022-07-27 13:51:55,907 [Listener at 127.0.0.1/45285] INFO  server.GrpcService (GrpcService.java:closeImpl(269)) - 462f06fe-cae1-4868-8f74-05801ae52ce2: shutdown server with port 35767 now
2022-07-27 13:51:55,908 [grpc-default-executor-1] WARN  server.GrpcServerProtocolService (LogUtils.java:warn(122)) - 462f06fe-cae1-4868-8f74-05801ae52ce2: installSnapshot onError, lastRequest: 32550fa0-9153-4d09-8fa0-706fd13e6797->462f06fe-cae1-4868-8f74-05801ae52ce2#628-t1,previous=(t:1, i:21),leaderCommit=20,initializing? true,entries: size=1, first=(t:1, i:22), METADATAENTRY(c:20): org.apache.ratis.thirdparty.io.grpc.StatusRuntimeException: CANCELLED: client cancelled
2022-07-27 13:51:55,908 [Listener at 127.0.0.1/45285] INFO  server.GrpcService (GrpcService.java:closeImpl(278)) - 462f06fe-cae1-4868-8f74-05801ae52ce2: shutdown server with port 35767 successfully
2022-07-27 13:51:55,908 [org.apache.ratis.util.JvmPauseMonitor$$Lambda$615/1136232276@18a770b1] INFO  util.JvmPauseMonitor (JvmPauseMonitor.java:run(109)) - JvmPauseMonitor-462f06fe-cae1-4868-8f74-05801ae52ce2: Stopped
2022-07-27 13:51:55,915 [grpc-default-executor-1] WARN  server.GrpcLogAppender (LogUtils.java:warn(122)) - 32550fa0-9153-4d09-8fa0-706fd13e6797@group-EA1BF7A302C0->462f06fe-cae1-4868-8f74-05801ae52ce2-AppendLogResponseHandler: Failed appendEntries: org.apache.ratis.thirdparty.io.grpc.StatusRuntimeException: CANCELLED: RST_STREAM closed stream. HTTP/2 error code: CANCEL
2022-07-27 13:51:55,925 [grpc-default-executor-1] INFO  leader.FollowerInfo (FollowerInfoImpl.java:lambda$new$0(48)) - 32550fa0-9153-4d09-8fa0-706fd13e6797@group-EA1BF7A302C0->462f06fe-cae1-4868-8f74-05801ae52ce2: nextIndex: updateUnconditionally 23 -> 22
2022-07-27 13:51:55,936 [grpc-default-executor-0] WARN  server.GrpcLogAppender (LogUtils.java:warn(122)) - 32550fa0-9153-4d09-8fa0-706fd13e6797@group-EA1BF7A302C0->462f06fe-cae1-4868-8f74-05801ae52ce2-AppendLogResponseHandler: Failed appendEntries: org.apache.ratis.thirdparty.io.grpc.StatusRuntimeException: UNAVAILABLE: io exception
2022-07-27 13:51:55,936 [grpc-default-executor-0] INFO  leader.FollowerInfo (FollowerInfoImpl.java:lambda$new$0(48)) - 32550fa0-9153-4d09-8fa0-706fd13e6797@group-EA1BF7A302C0->462f06fe-cae1-4868-8f74-05801ae52ce2: nextIndex: updateUnconditionally 23 -> 22
2022-07-27 13:51:56,159 [grpc-default-executor-0] WARN  server.GrpcLogAppender (LogUtils.java:warn(122)) - 32550fa0-9153-4d09-8fa0-706fd13e6797@group-EA1BF7A302C0->366e6065-a50f-499f-97ce-c324ed4f2808-AppendLogResponseHandler: Failed appendEntries: org.apache.ratis.thirdparty.io.grpc.StatusRuntimeException: UNAVAILABLE: io exception
2022-07-27 13:51:56,159 [grpc-default-executor-0] INFO  leader.FollowerInfo (FollowerInfoImpl.java:lambda$new$0(48)) - 32550fa0-9153-4d09-8fa0-706fd13e6797@group-EA1BF7A302C0->366e6065-a50f-499f-97ce-c324ed4f2808: nextIndex: updateUnconditionally 23 -> 22
2022-07-27 13:51:56,160 [grpc-default-executor-0] WARN  server.GrpcLogAppender (LogUtils.java:warn(122)) - 32550fa0-9153-4d09-8fa0-706fd13e6797@group-EA1BF7A302C0->462f06fe-cae1-4868-8f74-05801ae52ce2-AppendLogResponseHandler: Failed appendEntries: org.apache.ratis.thirdparty.io.grpc.StatusRuntimeException: UNAVAILABLE: io exception
2022-07-27 13:51:56,161 [grpc-default-executor-0] INFO  leader.FollowerInfo (FollowerInfoImpl.java:lambda$new$0(48)) - 32550fa0-9153-4d09-8fa0-706fd13e6797@group-EA1BF7A302C0->462f06fe-cae1-4868-8f74-05801ae52ce2: nextIndex: updateUnconditionally 23 -> 22
2022-07-27 13:51:57,409 [grpc-default-executor-0] WARN  server.GrpcLogAppender (LogUtils.java:warn(122)) - 32550fa0-9153-4d09-8fa0-706fd13e6797@group-EA1BF7A302C0->366e6065-a50f-499f-97ce-c324ed4f2808-AppendLogResponseHandler: Failed appendEntries: org.apache.ratis.thirdparty.io.grpc.StatusRuntimeException: UNAVAILABLE: io exception
2022-07-27 13:51:57,410 [grpc-default-executor-0] INFO  leader.FollowerInfo (FollowerInfoImpl.java:lambda$new$0(48)) - 32550fa0-9153-4d09-8fa0-706fd13e6797@group-EA1BF7A302C0->366e6065-a50f-499f-97ce-c324ed4f2808: nextIndex: updateUnconditionally 23 -> 22
2022-07-27 13:51:57,412 [grpc-default-executor-0] WARN  server.GrpcLogAppender (LogUtils.java:warn(122)) - 32550fa0-9153-4d09-8fa0-706fd13e6797@group-EA1BF7A302C0->462f06fe-cae1-4868-8f74-05801ae52ce2-AppendLogResponseHandler: Failed appendEntries: org.apache.ratis.thirdparty.io.grpc.StatusRuntimeException: UNAVAILABLE: io exception
2022-07-27 13:51:57,412 [grpc-default-executor-0] INFO  leader.FollowerInfo (FollowerInfoImpl.java:lambda$new$0(48)) - 32550fa0-9153-4d09-8fa0-706fd13e6797@group-EA1BF7A302C0->462f06fe-cae1-4868-8f74-05801ae52ce2: nextIndex: updateUnconditionally 23 -> 22
2022-07-27 13:51:57,569 [UnderReplicatedQueueThreadThread] INFO  replication.UnderReplicatedProcessor (UnderReplicatedProcessor.java:processAll(85)) - Processed 0 under replicated containers, failed processing 0
2022-07-27 13:51:57,572 [OverReplicatedQueueThreadThread] INFO  replication.OverReplicatedProcessor (OverReplicatedProcessor.java:processAll(83)) - Processed 0 over replicated containers, failed processing 0
2022-07-27 13:51:58,004 [Listener at 127.0.0.1/45285] INFO  utils.BackgroundService (BackgroundService.java:shutdown(141)) - Shutting down service BlockDeletingService
2022-07-27 13:51:58,007 [Listener at 127.0.0.1/45285] INFO  utils.BackgroundService (BackgroundService.java:shutdown(141)) - Shutting down service StaleRecoveringContainerScrubbingService
2022-07-27 13:51:58,024 [ForkJoinPool.commonPool-worker-0] INFO  utils.BackgroundService (BackgroundService.java:shutdown(141)) - Shutting down service BlockDeletingService
2022-07-27 13:51:58,025 [ForkJoinPool.commonPool-worker-0] INFO  utils.BackgroundService (BackgroundService.java:shutdown(141)) - Shutting down service StaleRecoveringContainerScrubbingService
2022-07-27 13:51:58,660 [grpc-default-executor-0] WARN  server.GrpcLogAppender (LogUtils.java:warn(122)) - 32550fa0-9153-4d09-8fa0-706fd13e6797@group-EA1BF7A302C0->366e6065-a50f-499f-97ce-c324ed4f2808-AppendLogResponseHandler: Failed appendEntries: org.apache.ratis.thirdparty.io.grpc.StatusRuntimeException: UNAVAILABLE: io exception
2022-07-27 13:51:58,660 [grpc-default-executor-0] INFO  leader.FollowerInfo (FollowerInfoImpl.java:lambda$new$0(48)) - 32550fa0-9153-4d09-8fa0-706fd13e6797@group-EA1BF7A302C0->366e6065-a50f-499f-97ce-c324ed4f2808: nextIndex: updateUnconditionally 23 -> 22
2022-07-27 13:51:58,666 [grpc-default-executor-0] WARN  server.GrpcLogAppender (LogUtils.java:warn(122)) - 32550fa0-9153-4d09-8fa0-706fd13e6797@group-EA1BF7A302C0->462f06fe-cae1-4868-8f74-05801ae52ce2-AppendLogResponseHandler: Failed appendEntries: org.apache.ratis.thirdparty.io.grpc.StatusRuntimeException: UNAVAILABLE: io exception
2022-07-27 13:51:58,667 [grpc-default-executor-0] INFO  leader.FollowerInfo (FollowerInfoImpl.java:lambda$new$0(48)) - 32550fa0-9153-4d09-8fa0-706fd13e6797@group-EA1BF7A302C0->462f06fe-cae1-4868-8f74-05801ae52ce2: nextIndex: updateUnconditionally 23 -> 22
2022-07-27 13:51:59,910 [grpc-default-executor-0] WARN  server.GrpcLogAppender (LogUtils.java:warn(122)) - 32550fa0-9153-4d09-8fa0-706fd13e6797@group-EA1BF7A302C0->366e6065-a50f-499f-97ce-c324ed4f2808-AppendLogResponseHandler: Failed appendEntries: org.apache.ratis.thirdparty.io.grpc.StatusRuntimeException: UNAVAILABLE: io exception
2022-07-27 13:51:59,911 [grpc-default-executor-0] INFO  leader.FollowerInfo (FollowerInfoImpl.java:lambda$new$0(48)) - 32550fa0-9153-4d09-8fa0-706fd13e6797@group-EA1BF7A302C0->366e6065-a50f-499f-97ce-c324ed4f2808: nextIndex: updateUnconditionally 23 -> 22
2022-07-27 13:51:59,923 [grpc-default-executor-0] WARN  server.GrpcLogAppender (LogUtils.java:warn(122)) - 32550fa0-9153-4d09-8fa0-706fd13e6797@group-EA1BF7A302C0->462f06fe-cae1-4868-8f74-05801ae52ce2-AppendLogResponseHandler: Failed appendEntries: org.apache.ratis.thirdparty.io.grpc.StatusRuntimeException: UNAVAILABLE: io exception
2022-07-27 13:51:59,924 [grpc-default-executor-0] INFO  leader.FollowerInfo (FollowerInfoImpl.java:lambda$new$0(48)) - 32550fa0-9153-4d09-8fa0-706fd13e6797@group-EA1BF7A302C0->462f06fe-cae1-4868-8f74-05801ae52ce2: nextIndex: updateUnconditionally 23 -> 22
2022-07-27 13:52:01,015 [Listener at 127.0.0.1/45285] INFO  statemachine.DatanodeStateMachine (DatanodeStateMachine.java:stopDaemon(580)) - Ozone container server stopped.
2022-07-27 13:52:01,024 [Listener at 127.0.0.1/45285] INFO  handler.ContextHandler (ContextHandler.java:doStop(1153)) - Stopped o.e.j.w.WebAppContext@6e746639{hddsDatanode,/,null,STOPPED}{jar:file:/home/runner/.m2/repository/org/apache/ozone/hdds-container-service/1.3.0-SNAPSHOT/hdds-container-service-1.3.0-SNAPSHOT.jar!/webapps/hddsDatanode}
2022-07-27 13:52:01,033 [Listener at 127.0.0.1/45285] INFO  server.AbstractConnector (AbstractConnector.java:doStop(381)) - Stopped ServerConnector@4e98bd7{HTTP/1.1, (http/1.1)}{0.0.0.0:0}
2022-07-27 13:52:01,034 [Listener at 127.0.0.1/45285] INFO  server.session (HouseKeeper.java:stopScavenging(149)) - node0 Stopped scavenging
2022-07-27 13:52:01,034 [Listener at 127.0.0.1/45285] INFO  handler.ContextHandler (ContextHandler.java:doStop(1153)) - Stopped o.e.j.s.ServletContextHandler@510d09e2{static,/static,jar:file:/home/runner/.m2/repository/org/apache/ozone/hdds-container-service/1.3.0-SNAPSHOT/hdds-container-service-1.3.0-SNAPSHOT.jar!/webapps/static,STOPPED}
2022-07-27 13:52:01,034 [Listener at 127.0.0.1/45285] INFO  handler.ContextHandler (ContextHandler.java:doStop(1153)) - Stopped o.e.j.s.ServletContextHandler@1ac12253{logs,/logs,file:///home/runner/work/ozone/ozone/hadoop-ozone/integration-test/target/log,STOPPED}
2022-07-27 13:52:01,068 [ForkJoinPool.commonPool-worker-0] INFO  statemachine.DatanodeStateMachine (DatanodeStateMachine.java:stopDaemon(580)) - Ozone container server stopped.
2022-07-27 13:52:01,077 [32550fa0-9153-4d09-8fa0-706fd13e6797@group-0F6684652F28-FollowerState] INFO  impl.FollowerState (FollowerState.java:run(143)) - 32550fa0-9153-4d09-8fa0-706fd13e6797@group-0F6684652F28-FollowerState: change to CANDIDATE, lastRpcElapsedTime:6476429752ns, electionTimeout:5045ms
2022-07-27 13:52:01,077 [32550fa0-9153-4d09-8fa0-706fd13e6797@group-0F6684652F28-FollowerState] INFO  impl.RoleInfo (RoleInfo.java:shutdownFollowerState(110)) - 32550fa0-9153-4d09-8fa0-706fd13e6797: shutdown 32550fa0-9153-4d09-8fa0-706fd13e6797@group-0F6684652F28-FollowerState
2022-07-27 13:52:01,078 [32550fa0-9153-4d09-8fa0-706fd13e6797@group-0F6684652F28-FollowerState] INFO  server.RaftServer$Division (RaftServerImpl.java:setRole(299)) - 32550fa0-9153-4d09-8fa0-706fd13e6797@group-0F6684652F28: changes role from  FOLLOWER to CANDIDATE at term 2 for changeToCandidate
2022-07-27 13:52:01,078 [32550fa0-9153-4d09-8fa0-706fd13e6797@group-0F6684652F28-FollowerState] INFO  server.RaftServerConfigKeys (ConfUtils.java:logGet(46)) - raft.server.leaderelection.pre-vote = false (custom)
2022-07-27 13:52:01,078 [32550fa0-9153-4d09-8fa0-706fd13e6797@group-0F6684652F28-FollowerState] INFO  impl.RoleInfo (RoleInfo.java:updateAndGet(139)) - 32550fa0-9153-4d09-8fa0-706fd13e6797: start 32550fa0-9153-4d09-8fa0-706fd13e6797@group-0F6684652F28-LeaderElection33
2022-07-27 13:52:01,086 [32550fa0-9153-4d09-8fa0-706fd13e6797@group-0F6684652F28-LeaderElection33] INFO  server.RaftServer$Division (ServerState.java:setLeader(287)) - 32550fa0-9153-4d09-8fa0-706fd13e6797@group-0F6684652F28: change Leader from 366e6065-a50f-499f-97ce-c324ed4f2808 to null at term 2 for ELECTION
2022-07-27 13:52:01,102 [32550fa0-9153-4d09-8fa0-706fd13e6797@group-0F6684652F28-LeaderElection33] INFO  impl.LeaderElection (LeaderElection.java:askForVotes(310)) - 32550fa0-9153-4d09-8fa0-706fd13e6797@group-0F6684652F28-LeaderElection33 ELECTION round 0: submit vote requests at term 3 for 0: [366e6065-a50f-499f-97ce-c324ed4f2808|rpc:10.1.0.21:41283|dataStream:|priority:1, 462f06fe-cae1-4868-8f74-05801ae52ce2|rpc:10.1.0.21:35767|dataStream:|priority:0, 32550fa0-9153-4d09-8fa0-706fd13e6797|rpc:10.1.0.21:42101|dataStream:|priority:0], old=null
2022-07-27 13:52:01,107 [32550fa0-9153-4d09-8fa0-706fd13e6797@group-0F6684652F28-LeaderElection33] INFO  impl.LeaderElection (LogUtils.java:infoOrTrace(137)) - 32550fa0-9153-4d09-8fa0-706fd13e6797@group-0F6684652F28-LeaderElection33 got exception when requesting votes: java.util.concurrent.ExecutionException: org.apache.ratis.thirdparty.io.grpc.StatusRuntimeException: UNAVAILABLE: io exception
2022-07-27 13:52:01,111 [ForkJoinPool.commonPool-worker-0] INFO  handler.ContextHandler (ContextHandler.java:doStop(1153)) - Stopped o.e.j.w.WebAppContext@2e7ea527{hddsDatanode,/,null,STOPPED}{jar:file:/home/runner/.m2/repository/org/apache/ozone/hdds-container-service/1.3.0-SNAPSHOT/hdds-container-service-1.3.0-SNAPSHOT.jar!/webapps/hddsDatanode}
2022-07-27 13:52:01,112 [ForkJoinPool.commonPool-worker-0] INFO  server.AbstractConnector (AbstractConnector.java:doStop(381)) - Stopped ServerConnector@57a4c9df{HTTP/1.1, (http/1.1)}{0.0.0.0:0}
2022-07-27 13:52:01,112 [ForkJoinPool.commonPool-worker-0] INFO  server.session (HouseKeeper.java:stopScavenging(149)) - node0 Stopped scavenging
2022-07-27 13:52:01,127 [ForkJoinPool.commonPool-worker-0] INFO  handler.ContextHandler (ContextHandler.java:doStop(1153)) - Stopped o.e.j.s.ServletContextHandler@31b10b12{static,/static,jar:file:/home/runner/.m2/repository/org/apache/ozone/hdds-container-service/1.3.0-SNAPSHOT/hdds-container-service-1.3.0-SNAPSHOT.jar!/webapps/static,STOPPED}
2022-07-27 13:52:01,131 [32550fa0-9153-4d09-8fa0-706fd13e6797@group-0F6684652F28-LeaderElection33] INFO  impl.LeaderElection (LogUtils.java:infoOrTrace(137)) - 32550fa0-9153-4d09-8fa0-706fd13e6797@group-0F6684652F28-LeaderElection33 got exception when requesting votes: java.util.concurrent.ExecutionException: org.apache.ratis.thirdparty.io.grpc.StatusRuntimeException: UNAVAILABLE: io exception
2022-07-27 13:52:01,132 [32550fa0-9153-4d09-8fa0-706fd13e6797@group-0F6684652F28-LeaderElection33] INFO  impl.LeaderElection (LeaderElection.java:logAndReturn(90)) - 32550fa0-9153-4d09-8fa0-706fd13e6797@group-0F6684652F28-LeaderElection33: ELECTION REJECTED received 0 response(s) and 2 exception(s):
2022-07-27 13:52:01,132 [32550fa0-9153-4d09-8fa0-706fd13e6797@group-0F6684652F28-LeaderElection33] INFO  impl.LeaderElection (LogUtils.java:infoOrTrace(137)) -   Exception 0: java.util.concurrent.ExecutionException: org.apache.ratis.thirdparty.io.grpc.StatusRuntimeException: UNAVAILABLE: io exception
2022-07-27 13:52:01,132 [32550fa0-9153-4d09-8fa0-706fd13e6797@group-0F6684652F28-LeaderElection33] INFO  impl.LeaderElection (LogUtils.java:infoOrTrace(137)) -   Exception 1: java.util.concurrent.ExecutionException: org.apache.ratis.thirdparty.io.grpc.StatusRuntimeException: UNAVAILABLE: io exception
2022-07-27 13:52:01,132 [32550fa0-9153-4d09-8fa0-706fd13e6797@group-0F6684652F28-LeaderElection33] INFO  impl.LeaderElection (LeaderElection.java:askForVotes(312)) - 32550fa0-9153-4d09-8fa0-706fd13e6797@group-0F6684652F28-LeaderElection33 ELECTION round 0: result REJECTED
2022-07-27 13:52:01,132 [32550fa0-9153-4d09-8fa0-706fd13e6797@group-0F6684652F28-LeaderElection33] INFO  server.RaftServer$Division (RaftServerImpl.java:setRole(299)) - 32550fa0-9153-4d09-8fa0-706fd13e6797@group-0F6684652F28: changes role from CANDIDATE to FOLLOWER at term 3 for REJECTED
2022-07-27 13:52:01,132 [32550fa0-9153-4d09-8fa0-706fd13e6797@group-0F6684652F28-LeaderElection33] INFO  impl.RoleInfo (RoleInfo.java:shutdownLeaderElection(130)) - 32550fa0-9153-4d09-8fa0-706fd13e6797: shutdown 32550fa0-9153-4d09-8fa0-706fd13e6797@group-0F6684652F28-LeaderElection33
2022-07-27 13:52:01,132 [32550fa0-9153-4d09-8fa0-706fd13e6797@group-0F6684652F28-LeaderElection33] INFO  impl.RoleInfo (RoleInfo.java:updateAndGet(139)) - 32550fa0-9153-4d09-8fa0-706fd13e6797: start 32550fa0-9153-4d09-8fa0-706fd13e6797@group-0F6684652F28-FollowerState
2022-07-27 13:52:01,156 [ForkJoinPool.commonPool-worker-0] INFO  handler.ContextHandler (ContextHandler.java:doStop(1153)) - Stopped o.e.j.s.ServletContextHandler@74502b2f{logs,/logs,file:///home/runner/work/ozone/ozone/hadoop-ozone/integration-test/target/log,STOPPED}
2022-07-27 13:52:01,163 [grpc-default-executor-0] WARN  server.GrpcLogAppender (LogUtils.java:warn(122)) - 32550fa0-9153-4d09-8fa0-706fd13e6797@group-EA1BF7A302C0->366e6065-a50f-499f-97ce-c324ed4f2808-AppendLogResponseHandler: Failed appendEntries: org.apache.ratis.thirdparty.io.grpc.StatusRuntimeException: UNAVAILABLE: io exception
2022-07-27 13:52:01,164 [grpc-default-executor-0] INFO  leader.FollowerInfo (FollowerInfoImpl.java:lambda$new$0(48)) - 32550fa0-9153-4d09-8fa0-706fd13e6797@group-EA1BF7A302C0->366e6065-a50f-499f-97ce-c324ed4f2808: nextIndex: updateUnconditionally 23 -> 22
2022-07-27 13:52:01,174 [grpc-default-executor-0] WARN  server.GrpcLogAppender (LogUtils.java:warn(122)) - 32550fa0-9153-4d09-8fa0-706fd13e6797@group-EA1BF7A302C0->462f06fe-cae1-4868-8f74-05801ae52ce2-AppendLogResponseHandler: Failed appendEntries: org.apache.ratis.thirdparty.io.grpc.StatusRuntimeException: UNAVAILABLE: io exception
2022-07-27 13:52:01,174 [grpc-default-executor-0] INFO  leader.FollowerInfo (FollowerInfoImpl.java:lambda$new$0(48)) - 32550fa0-9153-4d09-8fa0-706fd13e6797@group-EA1BF7A302C0->462f06fe-cae1-4868-8f74-05801ae52ce2: nextIndex: updateUnconditionally 23 -> 22
2022-07-27 13:52:02,068 [32550fa0-9153-4d09-8fa0-706fd13e6797@group-EA1BF7A302C0-LeaderStateImpl] WARN  server.RaftServer$Division (LeaderStateImpl.java:checkLeadership(1018)) - 32550fa0-9153-4d09-8fa0-706fd13e6797@group-EA1BF7A302C0-LeaderStateImpl: Lost leadership on term: 1. Election timeout: 5200ms. In charge for: 36370ms. Conf: 0: [366e6065-a50f-499f-97ce-c324ed4f2808|rpc:10.1.0.21:41283|dataStream:|priority:0, 462f06fe-cae1-4868-8f74-05801ae52ce2|rpc:10.1.0.21:35767|dataStream:|priority:0, 32550fa0-9153-4d09-8fa0-706fd13e6797|rpc:10.1.0.21:42101|dataStream:|priority:1], old=null
2022-07-27 13:52:02,068 [32550fa0-9153-4d09-8fa0-706fd13e6797@group-EA1BF7A302C0-LeaderStateImpl] WARN  server.RaftServer$Division (LeaderStateImpl.java:lambda$checkLeadership$17(1022)) - Follower 32550fa0-9153-4d09-8fa0-706fd13e6797@group-EA1BF7A302C0->366e6065-a50f-499f-97ce-c324ed4f2808(c22,m22,n22, attendVote=true, lastRpcSendTime=905, lastRpcResponseTime=8410)
2022-07-27 13:52:02,068 [32550fa0-9153-4d09-8fa0-706fd13e6797@group-EA1BF7A302C0-LeaderStateImpl] WARN  server.RaftServer$Division (LeaderStateImpl.java:lambda$checkLeadership$17(1022)) - Follower 32550fa0-9153-4d09-8fa0-706fd13e6797@group-EA1BF7A302C0->462f06fe-cae1-4868-8f74-05801ae52ce2(c22,m22,n22, attendVote=true, lastRpcSendTime=894, lastRpcResponseTime=8408)
2022-07-27 13:52:02,068 [32550fa0-9153-4d09-8fa0-706fd13e6797@group-EA1BF7A302C0-LeaderStateImpl] INFO  server.RaftServer$Division (RaftServerImpl.java:setRole(299)) - 32550fa0-9153-4d09-8fa0-706fd13e6797@group-EA1BF7A302C0: changes role from    LEADER to FOLLOWER at term 1 for StepDownReason:LOST_MAJORITY_HEARTBEATS
2022-07-27 13:52:02,069 [32550fa0-9153-4d09-8fa0-706fd13e6797@group-EA1BF7A302C0-LeaderStateImpl] INFO  impl.RoleInfo (RoleInfo.java:shutdownLeaderState(93)) - 32550fa0-9153-4d09-8fa0-706fd13e6797: shutdown 32550fa0-9153-4d09-8fa0-706fd13e6797@group-EA1BF7A302C0-LeaderStateImpl
2022-07-27 13:52:02,069 [32550fa0-9153-4d09-8fa0-706fd13e6797@group-EA1BF7A302C0-LeaderStateImpl] INFO  impl.PendingRequests (PendingRequests.java:sendNotLeaderResponses(282)) - 32550fa0-9153-4d09-8fa0-706fd13e6797@group-EA1BF7A302C0-PendingRequests: sendNotLeaderResponses
2022-07-27 13:52:02,069 [32550fa0-9153-4d09-8fa0-706fd13e6797@group-EA1BF7A302C0->366e6065-a50f-499f-97ce-c324ed4f2808-GrpcLogAppender-LogAppenderDaemon] WARN  server.GrpcLogAppender (GrpcLogAppender.java:mayWait(171)) - 32550fa0-9153-4d09-8fa0-706fd13e6797@group-EA1BF7A302C0->366e6065-a50f-499f-97ce-c324ed4f2808-GrpcLogAppender: Wait interrupted by java.lang.InterruptedException
2022-07-27 13:52:02,069 [32550fa0-9153-4d09-8fa0-706fd13e6797@group-EA1BF7A302C0->462f06fe-cae1-4868-8f74-05801ae52ce2-GrpcLogAppender-LogAppenderDaemon] WARN  server.GrpcLogAppender (GrpcLogAppender.java:mayWait(171)) - 32550fa0-9153-4d09-8fa0-706fd13e6797@group-EA1BF7A302C0->462f06fe-cae1-4868-8f74-05801ae52ce2-GrpcLogAppender: Wait interrupted by java.lang.InterruptedException
2022-07-27 13:52:02,076 [32550fa0-9153-4d09-8fa0-706fd13e6797@group-EA1BF7A302C0-LeaderStateImpl] INFO  impl.RoleInfo (RoleInfo.java:updateAndGet(139)) - 32550fa0-9153-4d09-8fa0-706fd13e6797: start 32550fa0-9153-4d09-8fa0-706fd13e6797@group-EA1BF7A302C0-FollowerState
2022-07-27 13:52:04,198 [UnderReplicatedQueueThreadThread] INFO  replication.UnderReplicatedProcessor (UnderReplicatedProcessor.java:processAll(85)) - Processed 0 under replicated containers, failed processing 0
2022-07-27 13:52:04,201 [OverReplicatedQueueThreadThread] INFO  replication.OverReplicatedProcessor (OverReplicatedProcessor.java:processAll(83)) - Processed 0 over replicated containers, failed processing 0
2022-07-27 13:52:06,045 [Listener at 127.0.0.1/45285] INFO  ozoneimpl.OzoneContainer (OzoneContainer.java:stop(399)) - Attempting to stop container services.
2022-07-27 13:52:06,047 [Listener at 127.0.0.1/45285] INFO  server.RaftServer (RaftServerProxy.java:lambda$close$7(398)) - 63bc2f19-35e4-497a-b77b-da5c1db8f193: close
2022-07-27 13:52:06,047 [Listener at 127.0.0.1/45285] INFO  server.RaftServer$Division (RaftServerImpl.java:lambda$close$4(434)) - 63bc2f19-35e4-497a-b77b-da5c1db8f193@group-9B367EC24710: shutdown
2022-07-27 13:52:06,047 [Listener at 127.0.0.1/45285] INFO  util.JmxRegister (JmxRegister.java:unregister(73)) - Successfully un-registered JMX Bean with object name Ratis:service=RaftServer,group=group-9B367EC24710,id=63bc2f19-35e4-497a-b77b-da5c1db8f193
2022-07-27 13:52:06,047 [Listener at 127.0.0.1/45285] INFO  impl.RoleInfo (RoleInfo.java:shutdownLeaderState(93)) - 63bc2f19-35e4-497a-b77b-da5c1db8f193: shutdown 63bc2f19-35e4-497a-b77b-da5c1db8f193@group-9B367EC24710-LeaderStateImpl
2022-07-27 13:52:06,048 [Listener at 127.0.0.1/45285] INFO  impl.PendingRequests (PendingRequests.java:sendNotLeaderResponses(282)) - 63bc2f19-35e4-497a-b77b-da5c1db8f193@group-9B367EC24710-PendingRequests: sendNotLeaderResponses
2022-07-27 13:52:06,053 [63bc2f19-35e4-497a-b77b-da5c1db8f193@group-9B367EC24710-StateMachineUpdater] INFO  ratis.ContainerStateMachine (ContainerStateMachine.java:takeSnapshot(304)) - group-9B367EC24710: Taking a snapshot at:(t:1, i:0) file /home/runner/work/ozone/ozone/hadoop-ozone/integration-test/target/test-dir/MiniOzoneClusterImpl-e3e01987-94f8-4a87-8a0d-2583aef5e8b1/datanode-4/data/ratis/b4827998-69a3-442d-a484-9b367ec24710/sm/snapshot.1_0
2022-07-27 13:52:06,053 [Listener at 127.0.0.1/45285] INFO  impl.StateMachineUpdater (StateMachineUpdater.java:stopAndJoin(153)) - 63bc2f19-35e4-497a-b77b-da5c1db8f193@group-9B367EC24710-StateMachineUpdater: set stopIndex = 0
2022-07-27 13:52:06,054 [63bc2f19-35e4-497a-b77b-da5c1db8f193@group-9B367EC24710-StateMachineUpdater] INFO  ratis.ContainerStateMachine (ContainerStateMachine.java:takeSnapshot(315)) - group-9B367EC24710: Finished taking a snapshot at:(t:1, i:0) file:/home/runner/work/ozone/ozone/hadoop-ozone/integration-test/target/test-dir/MiniOzoneClusterImpl-e3e01987-94f8-4a87-8a0d-2583aef5e8b1/datanode-4/data/ratis/b4827998-69a3-442d-a484-9b367ec24710/sm/snapshot.1_0 took: 1 ms
2022-07-27 13:52:06,054 [63bc2f19-35e4-497a-b77b-da5c1db8f193@group-9B367EC24710-StateMachineUpdater] INFO  impl.StateMachineUpdater (StateMachineUpdater.java:takeSnapshot(287)) - 63bc2f19-35e4-497a-b77b-da5c1db8f193@group-9B367EC24710-StateMachineUpdater: Took a snapshot at index 0
2022-07-27 13:52:06,054 [63bc2f19-35e4-497a-b77b-da5c1db8f193@group-9B367EC24710-StateMachineUpdater] INFO  impl.StateMachineUpdater (StateMachineUpdater.java:lambda$new$0(92)) - 63bc2f19-35e4-497a-b77b-da5c1db8f193@group-9B367EC24710-StateMachineUpdater: snapshotIndex: updateIncreasingly -1 -> 0
2022-07-27 13:52:06,055 [Listener at 127.0.0.1/45285] INFO  server.RaftServer$Division (ServerState.java:close(429)) - 63bc2f19-35e4-497a-b77b-da5c1db8f193@group-9B367EC24710: closes. applyIndex: 0
2022-07-27 13:52:06,059 [63bc2f19-35e4-497a-b77b-da5c1db8f193@group-9B367EC24710-SegmentedRaftLogWorker] INFO  segmented.SegmentedRaftLogWorker (SegmentedRaftLogWorker.java:run(336)) - 63bc2f19-35e4-497a-b77b-da5c1db8f193@group-9B367EC24710-SegmentedRaftLogWorker was interrupted, exiting. There are 0 tasks remaining in the queue.
2022-07-27 13:52:06,059 [Listener at 127.0.0.1/45285] INFO  segmented.SegmentedRaftLogWorker (SegmentedRaftLogWorker.java:close(246)) - 63bc2f19-35e4-497a-b77b-da5c1db8f193@group-9B367EC24710-SegmentedRaftLogWorker close()
2022-07-27 13:52:06,085 [Listener at 127.0.0.1/45285] INFO  server.GrpcService (GrpcService.java:closeImpl(269)) - 63bc2f19-35e4-497a-b77b-da5c1db8f193: shutdown server with port 45151 now
2022-07-27 13:52:06,086 [Listener at 127.0.0.1/45285] INFO  server.GrpcService (GrpcService.java:closeImpl(278)) - 63bc2f19-35e4-497a-b77b-da5c1db8f193: shutdown server with port 45151 successfully
2022-07-27 13:52:06,087 [org.apache.ratis.util.JvmPauseMonitor$$Lambda$615/1136232276@44b24637] INFO  util.JvmPauseMonitor (JvmPauseMonitor.java:run(109)) - JvmPauseMonitor-63bc2f19-35e4-497a-b77b-da5c1db8f193: Stopped
2022-07-27 13:52:06,168 [ForkJoinPool.commonPool-worker-0] INFO  ozoneimpl.OzoneContainer (OzoneContainer.java:stop(399)) - Attempting to stop container services.
2022-07-27 13:52:06,168 [ForkJoinPool.commonPool-worker-0] INFO  server.RaftServer (RaftServerProxy.java:lambda$close$7(398)) - 32550fa0-9153-4d09-8fa0-706fd13e6797: close
2022-07-27 13:52:06,169 [ForkJoinPool.commonPool-worker-0] INFO  server.RaftServer$Division (RaftServerImpl.java:lambda$close$4(434)) - 32550fa0-9153-4d09-8fa0-706fd13e6797@group-AA615C2F0A62: shutdown
2022-07-27 13:52:06,169 [ForkJoinPool.commonPool-worker-0] INFO  util.JmxRegister (JmxRegister.java:unregister(73)) - Successfully un-registered JMX Bean with object name Ratis:service=RaftServer,group=group-AA615C2F0A62,id=32550fa0-9153-4d09-8fa0-706fd13e6797
2022-07-27 13:52:06,169 [ForkJoinPool.commonPool-worker-0] INFO  impl.RoleInfo (RoleInfo.java:shutdownLeaderState(93)) - 32550fa0-9153-4d09-8fa0-706fd13e6797: shutdown 32550fa0-9153-4d09-8fa0-706fd13e6797@group-AA615C2F0A62-LeaderStateImpl
2022-07-27 13:52:06,169 [ForkJoinPool.commonPool-worker-0] INFO  impl.PendingRequests (PendingRequests.java:sendNotLeaderResponses(282)) - 32550fa0-9153-4d09-8fa0-706fd13e6797@group-AA615C2F0A62-PendingRequests: sendNotLeaderResponses
2022-07-27 13:52:06,169 [ForkJoinPool.commonPool-worker-0] INFO  impl.StateMachineUpdater (StateMachineUpdater.java:stopAndJoin(153)) - 32550fa0-9153-4d09-8fa0-706fd13e6797@group-AA615C2F0A62-StateMachineUpdater: set stopIndex = 0
2022-07-27 13:52:06,170 [32550fa0-9153-4d09-8fa0-706fd13e6797@group-AA615C2F0A62-StateMachineUpdater] INFO  ratis.ContainerStateMachine (ContainerStateMachine.java:takeSnapshot(304)) - group-AA615C2F0A62: Taking a snapshot at:(t:1, i:0) file /home/runner/work/ozone/ozone/hadoop-ozone/integration-test/target/test-dir/MiniOzoneClusterImpl-e3e01987-94f8-4a87-8a0d-2583aef5e8b1/datanode-0/data/ratis/15ac74a8-d3d4-4a46-b6ac-aa615c2f0a62/sm/snapshot.1_0
2022-07-27 13:52:06,171 [32550fa0-9153-4d09-8fa0-706fd13e6797@group-AA615C2F0A62-StateMachineUpdater] INFO  ratis.ContainerStateMachine (ContainerStateMachine.java:takeSnapshot(315)) - group-AA615C2F0A62: Finished taking a snapshot at:(t:1, i:0) file:/home/runner/work/ozone/ozone/hadoop-ozone/integration-test/target/test-dir/MiniOzoneClusterImpl-e3e01987-94f8-4a87-8a0d-2583aef5e8b1/datanode-0/data/ratis/15ac74a8-d3d4-4a46-b6ac-aa615c2f0a62/sm/snapshot.1_0 took: 1 ms
2022-07-27 13:52:06,172 [32550fa0-9153-4d09-8fa0-706fd13e6797@group-AA615C2F0A62-StateMachineUpdater] INFO  impl.StateMachineUpdater (StateMachineUpdater.java:takeSnapshot(287)) - 32550fa0-9153-4d09-8fa0-706fd13e6797@group-AA615C2F0A62-StateMachineUpdater: Took a snapshot at index 0
2022-07-27 13:52:06,172 [32550fa0-9153-4d09-8fa0-706fd13e6797@group-AA615C2F0A62-StateMachineUpdater] INFO  impl.StateMachineUpdater (StateMachineUpdater.java:lambda$new$0(92)) - 32550fa0-9153-4d09-8fa0-706fd13e6797@group-AA615C2F0A62-StateMachineUpdater: snapshotIndex: updateIncreasingly -1 -> 0
2022-07-27 13:52:06,172 [ForkJoinPool.commonPool-worker-0] INFO  server.RaftServer$Division (ServerState.java:close(429)) - 32550fa0-9153-4d09-8fa0-706fd13e6797@group-AA615C2F0A62: closes. applyIndex: 0
2022-07-27 13:52:06,175 [32550fa0-9153-4d09-8fa0-706fd13e6797@group-AA615C2F0A62-SegmentedRaftLogWorker] INFO  segmented.SegmentedRaftLogWorker (SegmentedRaftLogWorker.java:run(336)) - 32550fa0-9153-4d09-8fa0-706fd13e6797@group-AA615C2F0A62-SegmentedRaftLogWorker was interrupted, exiting. There are 0 tasks remaining in the queue.
2022-07-27 13:52:06,176 [ForkJoinPool.commonPool-worker-0] INFO  segmented.SegmentedRaftLogWorker (SegmentedRaftLogWorker.java:close(246)) - 32550fa0-9153-4d09-8fa0-706fd13e6797@group-AA615C2F0A62-SegmentedRaftLogWorker close()
2022-07-27 13:52:06,179 [ForkJoinPool.commonPool-worker-0] INFO  server.RaftServer$Division (RaftServerImpl.java:lambda$close$4(434)) - 32550fa0-9153-4d09-8fa0-706fd13e6797@group-0F6684652F28: shutdown
2022-07-27 13:52:06,179 [ForkJoinPool.commonPool-worker-0] INFO  util.JmxRegister (JmxRegister.java:unregister(73)) - Successfully un-registered JMX Bean with object name Ratis:service=RaftServer,group=group-0F6684652F28,id=32550fa0-9153-4d09-8fa0-706fd13e6797
2022-07-27 13:52:06,179 [ForkJoinPool.commonPool-worker-0] INFO  impl.RoleInfo (RoleInfo.java:shutdownFollowerState(110)) - 32550fa0-9153-4d09-8fa0-706fd13e6797: shutdown 32550fa0-9153-4d09-8fa0-706fd13e6797@group-0F6684652F28-FollowerState
2022-07-27 13:52:06,180 [ForkJoinPool.commonPool-worker-0] INFO  impl.StateMachineUpdater (StateMachineUpdater.java:stopAndJoin(153)) - 32550fa0-9153-4d09-8fa0-706fd13e6797@group-0F6684652F28-StateMachineUpdater: set stopIndex = 7
2022-07-27 13:52:06,180 [32550fa0-9153-4d09-8fa0-706fd13e6797@group-0F6684652F28-StateMachineUpdater] INFO  ratis.ContainerStateMachine (ContainerStateMachine.java:takeSnapshot(304)) - group-0F6684652F28: Taking a snapshot at:(t:2, i:7) file /home/runner/work/ozone/ozone/hadoop-ozone/integration-test/target/test-dir/MiniOzoneClusterImpl-e3e01987-94f8-4a87-8a0d-2583aef5e8b1/datanode-0/data/ratis/148f56dc-8dd3-4460-9900-0f6684652f28/sm/snapshot.2_7
2022-07-27 13:52:06,180 [32550fa0-9153-4d09-8fa0-706fd13e6797@group-0F6684652F28-FollowerState] INFO  impl.FollowerState (FollowerState.java:run(152)) - 32550fa0-9153-4d09-8fa0-706fd13e6797@group-0F6684652F28-FollowerState was interrupted
2022-07-27 13:52:06,182 [32550fa0-9153-4d09-8fa0-706fd13e6797@group-0F6684652F28-StateMachineUpdater] INFO  ratis.ContainerStateMachine (ContainerStateMachine.java:takeSnapshot(315)) - group-0F6684652F28: Finished taking a snapshot at:(t:2, i:7) file:/home/runner/work/ozone/ozone/hadoop-ozone/integration-test/target/test-dir/MiniOzoneClusterImpl-e3e01987-94f8-4a87-8a0d-2583aef5e8b1/datanode-0/data/ratis/148f56dc-8dd3-4460-9900-0f6684652f28/sm/snapshot.2_7 took: 1 ms
2022-07-27 13:52:06,182 [32550fa0-9153-4d09-8fa0-706fd13e6797@group-0F6684652F28-StateMachineUpdater] INFO  impl.StateMachineUpdater (StateMachineUpdater.java:takeSnapshot(287)) - 32550fa0-9153-4d09-8fa0-706fd13e6797@group-0F6684652F28-StateMachineUpdater: Took a snapshot at index 7
2022-07-27 13:52:06,182 [32550fa0-9153-4d09-8fa0-706fd13e6797@group-0F6684652F28-StateMachineUpdater] INFO  impl.StateMachineUpdater (StateMachineUpdater.java:lambda$new$0(92)) - 32550fa0-9153-4d09-8fa0-706fd13e6797@group-0F6684652F28-StateMachineUpdater: snapshotIndex: updateIncreasingly -1 -> 7
2022-07-27 13:52:06,182 [ForkJoinPool.commonPool-worker-0] INFO  server.RaftServer$Division (ServerState.java:close(429)) - 32550fa0-9153-4d09-8fa0-706fd13e6797@group-0F6684652F28: closes. applyIndex: 7
2022-07-27 13:52:06,183 [32550fa0-9153-4d09-8fa0-706fd13e6797@group-0F6684652F28-SegmentedRaftLogWorker] INFO  segmented.SegmentedRaftLogWorker (SegmentedRaftLogWorker.java:run(336)) - 32550fa0-9153-4d09-8fa0-706fd13e6797@group-0F6684652F28-SegmentedRaftLogWorker was interrupted, exiting. There are 0 tasks remaining in the queue.
2022-07-27 13:52:06,183 [ForkJoinPool.commonPool-worker-0] INFO  segmented.SegmentedRaftLogWorker (SegmentedRaftLogWorker.java:close(246)) - 32550fa0-9153-4d09-8fa0-706fd13e6797@group-0F6684652F28-SegmentedRaftLogWorker close()
2022-07-27 13:52:06,184 [ForkJoinPool.commonPool-worker-0] INFO  server.RaftServer$Division (RaftServerImpl.java:lambda$close$4(434)) - 32550fa0-9153-4d09-8fa0-706fd13e6797@group-EA1BF7A302C0: shutdown
2022-07-27 13:52:06,184 [ForkJoinPool.commonPool-worker-0] INFO  util.JmxRegister (JmxRegister.java:unregister(73)) - Successfully un-registered JMX Bean with object name Ratis:service=RaftServer,group=group-EA1BF7A302C0,id=32550fa0-9153-4d09-8fa0-706fd13e6797
2022-07-27 13:52:06,184 [ForkJoinPool.commonPool-worker-0] INFO  impl.RoleInfo (RoleInfo.java:shutdownFollowerState(110)) - 32550fa0-9153-4d09-8fa0-706fd13e6797: shutdown 32550fa0-9153-4d09-8fa0-706fd13e6797@group-EA1BF7A302C0-FollowerState
2022-07-27 13:52:06,185 [32550fa0-9153-4d09-8fa0-706fd13e6797@group-EA1BF7A302C0-FollowerState] INFO  impl.FollowerState (FollowerState.java:run(152)) - 32550fa0-9153-4d09-8fa0-706fd13e6797@group-EA1BF7A302C0-FollowerState was interrupted
2022-07-27 13:52:06,185 [32550fa0-9153-4d09-8fa0-706fd13e6797@group-EA1BF7A302C0-StateMachineUpdater] INFO  ratis.ContainerStateMachine (ContainerStateMachine.java:takeSnapshot(304)) - group-EA1BF7A302C0: Taking a snapshot at:(t:1, i:22) file /home/runner/work/ozone/ozone/hadoop-ozone/integration-test/target/test-dir/MiniOzoneClusterImpl-e3e01987-94f8-4a87-8a0d-2583aef5e8b1/datanode-0/data/ratis/7ea47a8d-5c69-44ac-805f-ea1bf7a302c0/sm/snapshot.1_22
2022-07-27 13:52:06,201 [32550fa0-9153-4d09-8fa0-706fd13e6797@group-EA1BF7A302C0-StateMachineUpdater] INFO  ratis.ContainerStateMachine (ContainerStateMachine.java:takeSnapshot(315)) - group-EA1BF7A302C0: Finished taking a snapshot at:(t:1, i:22) file:/home/runner/work/ozone/ozone/hadoop-ozone/integration-test/target/test-dir/MiniOzoneClusterImpl-e3e01987-94f8-4a87-8a0d-2583aef5e8b1/datanode-0/data/ratis/7ea47a8d-5c69-44ac-805f-ea1bf7a302c0/sm/snapshot.1_22 took: 16 ms
2022-07-27 13:52:06,201 [32550fa0-9153-4d09-8fa0-706fd13e6797@group-EA1BF7A302C0-StateMachineUpdater] INFO  impl.StateMachineUpdater (StateMachineUpdater.java:takeSnapshot(287)) - 32550fa0-9153-4d09-8fa0-706fd13e6797@group-EA1BF7A302C0-StateMachineUpdater: Took a snapshot at index 22
2022-07-27 13:52:06,201 [32550fa0-9153-4d09-8fa0-706fd13e6797@group-EA1BF7A302C0-StateMachineUpdater] INFO  impl.StateMachineUpdater (StateMachineUpdater.java:lambda$new$0(92)) - 32550fa0-9153-4d09-8fa0-706fd13e6797@group-EA1BF7A302C0-StateMachineUpdater: snapshotIndex: updateIncreasingly -1 -> 22
2022-07-27 13:52:06,203 [ForkJoinPool.commonPool-worker-0] INFO  impl.StateMachineUpdater (StateMachineUpdater.java:stopAndJoin(153)) - 32550fa0-9153-4d09-8fa0-706fd13e6797@group-EA1BF7A302C0-StateMachineUpdater: set stopIndex = 22
2022-07-27 13:52:06,203 [ForkJoinPool.commonPool-worker-0] INFO  server.RaftServer$Division (ServerState.java:close(429)) - 32550fa0-9153-4d09-8fa0-706fd13e6797@group-EA1BF7A302C0: closes. applyIndex: 22
2022-07-27 13:52:06,203 [32550fa0-9153-4d09-8fa0-706fd13e6797@group-EA1BF7A302C0-SegmentedRaftLogWorker] INFO  segmented.SegmentedRaftLogWorker (SegmentedRaftLogWorker.java:run(336)) - 32550fa0-9153-4d09-8fa0-706fd13e6797@group-EA1BF7A302C0-SegmentedRaftLogWorker was interrupted, exiting. There are 0 tasks remaining in the queue.
2022-07-27 13:52:06,211 [ForkJoinPool.commonPool-worker-0] INFO  segmented.SegmentedRaftLogWorker (SegmentedRaftLogWorker.java:close(246)) - 32550fa0-9153-4d09-8fa0-706fd13e6797@group-EA1BF7A302C0-SegmentedRaftLogWorker close()
2022-07-27 13:52:06,212 [ForkJoinPool.commonPool-worker-0] INFO  server.GrpcService (GrpcService.java:closeImpl(269)) - 32550fa0-9153-4d09-8fa0-706fd13e6797: shutdown server with port 42101 now
2022-07-27 13:52:06,231 [ForkJoinPool.commonPool-worker-0] INFO  server.GrpcService (GrpcService.java:closeImpl(278)) - 32550fa0-9153-4d09-8fa0-706fd13e6797: shutdown server with port 42101 successfully
2022-07-27 13:52:06,232 [grpc-default-executor-0] WARN  server.GrpcClientProtocolService (LogUtils.java:warn(122)) - 1-UnorderedRequestStreamObserver1: onError: org.apache.ratis.thirdparty.io.grpc.StatusRuntimeException: CANCELLED: client cancelled
2022-07-27 13:52:06,257 [org.apache.ratis.util.JvmPauseMonitor$$Lambda$615/1136232276@71c4abb7] INFO  util.JvmPauseMonitor (JvmPauseMonitor.java:run(109)) - JvmPauseMonitor-32550fa0-9153-4d09-8fa0-706fd13e6797: Stopped
2022-07-27 13:52:08,128 [Listener at 127.0.0.1/45285] INFO  utils.BackgroundService (BackgroundService.java:shutdown(141)) - Shutting down service BlockDeletingService
2022-07-27 13:52:08,128 [Listener at 127.0.0.1/45285] INFO  utils.BackgroundService (BackgroundService.java:shutdown(141)) - Shutting down service StaleRecoveringContainerScrubbingService
2022-07-27 13:52:08,289 [ForkJoinPool.commonPool-worker-0] INFO  utils.BackgroundService (BackgroundService.java:shutdown(141)) - Shutting down service BlockDeletingService
2022-07-27 13:52:08,295 [ForkJoinPool.commonPool-worker-0] INFO  utils.BackgroundService (BackgroundService.java:shutdown(141)) - Shutting down service StaleRecoveringContainerScrubbingService
2022-07-27 13:52:09,507 [UnderReplicatedQueueThreadThread] INFO  replication.UnderReplicatedProcessor (UnderReplicatedProcessor.java:processAll(85)) - Processed 0 under replicated containers, failed processing 0
2022-07-27 13:52:09,512 [OverReplicatedQueueThreadThread] INFO  replication.OverReplicatedProcessor (OverReplicatedProcessor.java:processAll(83)) - Processed 0 over replicated containers, failed processing 0
2022-07-27 13:52:11,135 [Listener at 127.0.0.1/45285] INFO  statemachine.DatanodeStateMachine (DatanodeStateMachine.java:stopDaemon(580)) - Ozone container server stopped.
2022-07-27 13:52:11,142 [Listener at 127.0.0.1/45285] INFO  handler.ContextHandler (ContextHandler.java:doStop(1153)) - Stopped o.e.j.w.WebAppContext@1449ffba{hddsDatanode,/,null,STOPPED}{jar:file:/home/runner/.m2/repository/org/apache/ozone/hdds-container-service/1.3.0-SNAPSHOT/hdds-container-service-1.3.0-SNAPSHOT.jar!/webapps/hddsDatanode}
2022-07-27 13:52:11,180 [Listener at 127.0.0.1/45285] INFO  server.AbstractConnector (AbstractConnector.java:doStop(381)) - Stopped ServerConnector@30feee58{HTTP/1.1, (http/1.1)}{0.0.0.0:0}
2022-07-27 13:52:11,180 [Listener at 127.0.0.1/45285] INFO  server.session (HouseKeeper.java:stopScavenging(149)) - node0 Stopped scavenging
2022-07-27 13:52:11,180 [Listener at 127.0.0.1/45285] INFO  handler.ContextHandler (ContextHandler.java:doStop(1153)) - Stopped o.e.j.s.ServletContextHandler@3389e535{static,/static,jar:file:/home/runner/.m2/repository/org/apache/ozone/hdds-container-service/1.3.0-SNAPSHOT/hdds-container-service-1.3.0-SNAPSHOT.jar!/webapps/static,STOPPED}
2022-07-27 13:52:11,180 [Listener at 127.0.0.1/45285] INFO  handler.ContextHandler (ContextHandler.java:doStop(1153)) - Stopped o.e.j.s.ServletContextHandler@70b51448{logs,/logs,file:///home/runner/work/ozone/ozone/hadoop-ozone/integration-test/target/log,STOPPED}
2022-07-27 13:52:11,332 [ForkJoinPool.commonPool-worker-0] INFO  statemachine.DatanodeStateMachine (DatanodeStateMachine.java:stopDaemon(580)) - Ozone container server stopped.
2022-07-27 13:52:11,343 [ForkJoinPool.commonPool-worker-0] INFO  handler.ContextHandler (ContextHandler.java:doStop(1153)) - Stopped o.e.j.w.WebAppContext@19a36c8f{hddsDatanode,/,null,STOPPED}{jar:file:/home/runner/.m2/repository/org/apache/ozone/hdds-container-service/1.3.0-SNAPSHOT/hdds-container-service-1.3.0-SNAPSHOT.jar!/webapps/hddsDatanode}
2022-07-27 13:52:11,344 [ForkJoinPool.commonPool-worker-0] INFO  server.AbstractConnector (AbstractConnector.java:doStop(381)) - Stopped ServerConnector@3c35d2f{HTTP/1.1, (http/1.1)}{0.0.0.0:0}
2022-07-27 13:52:11,344 [ForkJoinPool.commonPool-worker-0] INFO  server.session (HouseKeeper.java:stopScavenging(149)) - node0 Stopped scavenging
2022-07-27 13:52:11,358 [ForkJoinPool.commonPool-worker-0] INFO  handler.ContextHandler (ContextHandler.java:doStop(1153)) - Stopped o.e.j.s.ServletContextHandler@3faabf8c{static,/static,jar:file:/home/runner/.m2/repository/org/apache/ozone/hdds-container-service/1.3.0-SNAPSHOT/hdds-container-service-1.3.0-SNAPSHOT.jar!/webapps/static,STOPPED}
2022-07-27 13:52:11,385 [ForkJoinPool.commonPool-worker-0] INFO  handler.ContextHandler (ContextHandler.java:doStop(1153)) - Stopped o.e.j.s.ServletContextHandler@4d5533{logs,/logs,file:///home/runner/work/ozone/ozone/hadoop-ozone/integration-test/target/log,STOPPED}
2022-07-27 13:52:16,189 [Listener at 127.0.0.1/45285] INFO  ozoneimpl.OzoneContainer (OzoneContainer.java:stop(399)) - Attempting to stop container services.
2022-07-27 13:52:16,190 [Listener at 127.0.0.1/45285] INFO  server.RaftServer (RaftServerProxy.java:lambda$close$7(398)) - 16fef9e4-21ad-40ad-b8c3-337e342720e9: close
2022-07-27 13:52:16,190 [Listener at 127.0.0.1/45285] INFO  server.RaftServer$Division (RaftServerImpl.java:lambda$close$4(434)) - 16fef9e4-21ad-40ad-b8c3-337e342720e9@group-096B66F59075: shutdown
2022-07-27 13:52:16,190 [Listener at 127.0.0.1/45285] INFO  util.JmxRegister (JmxRegister.java:unregister(73)) - Successfully un-registered JMX Bean with object name Ratis:service=RaftServer,group=group-096B66F59075,id=16fef9e4-21ad-40ad-b8c3-337e342720e9
2022-07-27 13:52:16,190 [Listener at 127.0.0.1/45285] INFO  impl.RoleInfo (RoleInfo.java:shutdownLeaderState(93)) - 16fef9e4-21ad-40ad-b8c3-337e342720e9: shutdown 16fef9e4-21ad-40ad-b8c3-337e342720e9@group-096B66F59075-LeaderStateImpl
2022-07-27 13:52:16,191 [Listener at 127.0.0.1/45285] INFO  impl.PendingRequests (PendingRequests.java:sendNotLeaderResponses(282)) - 16fef9e4-21ad-40ad-b8c3-337e342720e9@group-096B66F59075-PendingRequests: sendNotLeaderResponses
2022-07-27 13:52:16,191 [Listener at 127.0.0.1/45285] INFO  impl.StateMachineUpdater (StateMachineUpdater.java:stopAndJoin(153)) - 16fef9e4-21ad-40ad-b8c3-337e342720e9@group-096B66F59075-StateMachineUpdater: set stopIndex = 0
2022-07-27 13:52:16,191 [16fef9e4-21ad-40ad-b8c3-337e342720e9@group-096B66F59075-StateMachineUpdater] INFO  ratis.ContainerStateMachine (ContainerStateMachine.java:takeSnapshot(304)) - group-096B66F59075: Taking a snapshot at:(t:1, i:0) file /home/runner/work/ozone/ozone/hadoop-ozone/integration-test/target/test-dir/MiniOzoneClusterImpl-e3e01987-94f8-4a87-8a0d-2583aef5e8b1/datanode-3/data/ratis/a32ccc4c-d3a6-43c4-adbb-096b66f59075/sm/snapshot.1_0
2022-07-27 13:52:16,199 [16fef9e4-21ad-40ad-b8c3-337e342720e9@group-096B66F59075-StateMachineUpdater] INFO  ratis.ContainerStateMachine (ContainerStateMachine.java:takeSnapshot(315)) - group-096B66F59075: Finished taking a snapshot at:(t:1, i:0) file:/home/runner/work/ozone/ozone/hadoop-ozone/integration-test/target/test-dir/MiniOzoneClusterImpl-e3e01987-94f8-4a87-8a0d-2583aef5e8b1/datanode-3/data/ratis/a32ccc4c-d3a6-43c4-adbb-096b66f59075/sm/snapshot.1_0 took: 8 ms
2022-07-27 13:52:16,199 [16fef9e4-21ad-40ad-b8c3-337e342720e9@group-096B66F59075-StateMachineUpdater] INFO  impl.StateMachineUpdater (StateMachineUpdater.java:takeSnapshot(287)) - 16fef9e4-21ad-40ad-b8c3-337e342720e9@group-096B66F59075-StateMachineUpdater: Took a snapshot at index 0
2022-07-27 13:52:16,199 [16fef9e4-21ad-40ad-b8c3-337e342720e9@group-096B66F59075-StateMachineUpdater] INFO  impl.StateMachineUpdater (StateMachineUpdater.java:lambda$new$0(92)) - 16fef9e4-21ad-40ad-b8c3-337e342720e9@group-096B66F59075-StateMachineUpdater: snapshotIndex: updateIncreasingly -1 -> 0
2022-07-27 13:52:16,199 [Listener at 127.0.0.1/45285] INFO  server.RaftServer$Division (ServerState.java:close(429)) - 16fef9e4-21ad-40ad-b8c3-337e342720e9@group-096B66F59075: closes. applyIndex: 0
2022-07-27 13:52:16,200 [16fef9e4-21ad-40ad-b8c3-337e342720e9@group-096B66F59075-SegmentedRaftLogWorker] INFO  segmented.SegmentedRaftLogWorker (SegmentedRaftLogWorker.java:run(336)) - 16fef9e4-21ad-40ad-b8c3-337e342720e9@group-096B66F59075-SegmentedRaftLogWorker was interrupted, exiting. There are 0 tasks remaining in the queue.
2022-07-27 13:52:16,200 [Listener at 127.0.0.1/45285] INFO  segmented.SegmentedRaftLogWorker (SegmentedRaftLogWorker.java:close(246)) - 16fef9e4-21ad-40ad-b8c3-337e342720e9@group-096B66F59075-SegmentedRaftLogWorker close()
2022-07-27 13:52:16,201 [Listener at 127.0.0.1/45285] INFO  server.GrpcService (GrpcService.java:closeImpl(269)) - 16fef9e4-21ad-40ad-b8c3-337e342720e9: shutdown server with port 33565 now
2022-07-27 13:52:16,207 [Listener at 127.0.0.1/45285] INFO  server.GrpcService (GrpcService.java:closeImpl(278)) - 16fef9e4-21ad-40ad-b8c3-337e342720e9: shutdown server with port 33565 successfully
2022-07-27 13:52:16,207 [org.apache.ratis.util.JvmPauseMonitor$$Lambda$615/1136232276@439772fd] INFO  util.JvmPauseMonitor (JvmPauseMonitor.java:run(109)) - JvmPauseMonitor-16fef9e4-21ad-40ad-b8c3-337e342720e9: Stopped
2022-07-27 13:52:18,244 [Listener at 127.0.0.1/45285] INFO  utils.BackgroundService (BackgroundService.java:shutdown(141)) - Shutting down service BlockDeletingService
2022-07-27 13:52:18,259 [Listener at 127.0.0.1/45285] INFO  utils.BackgroundService (BackgroundService.java:shutdown(141)) - Shutting down service StaleRecoveringContainerScrubbingService
2022-07-27 13:52:21,265 [Listener at 127.0.0.1/45285] INFO  statemachine.DatanodeStateMachine (DatanodeStateMachine.java:stopDaemon(580)) - Ozone container server stopped.
2022-07-27 13:52:21,276 [Listener at 127.0.0.1/45285] INFO  handler.ContextHandler (ContextHandler.java:doStop(1153)) - Stopped o.e.j.w.WebAppContext@4c89f60b{hddsDatanode,/,null,STOPPED}{jar:file:/home/runner/.m2/repository/org/apache/ozone/hdds-container-service/1.3.0-SNAPSHOT/hdds-container-service-1.3.0-SNAPSHOT.jar!/webapps/hddsDatanode}
2022-07-27 13:52:21,291 [Listener at 127.0.0.1/45285] INFO  server.AbstractConnector (AbstractConnector.java:doStop(381)) - Stopped ServerConnector@2fac813f{HTTP/1.1, (http/1.1)}{0.0.0.0:0}
2022-07-27 13:52:21,291 [Listener at 127.0.0.1/45285] INFO  server.session (HouseKeeper.java:stopScavenging(149)) - node0 Stopped scavenging
2022-07-27 13:52:21,295 [Listener at 127.0.0.1/45285] INFO  handler.ContextHandler (ContextHandler.java:doStop(1153)) - Stopped o.e.j.s.ServletContextHandler@198270b8{static,/static,jar:file:/home/runner/.m2/repository/org/apache/ozone/hdds-container-service/1.3.0-SNAPSHOT/hdds-container-service-1.3.0-SNAPSHOT.jar!/webapps/static,STOPPED}
2022-07-27 13:52:21,295 [Listener at 127.0.0.1/45285] INFO  handler.ContextHandler (ContextHandler.java:doStop(1153)) - Stopped o.e.j.s.ServletContextHandler@525dc4ad{logs,/logs,file:///home/runner/work/ozone/ozone/hadoop-ozone/integration-test/target/log,STOPPED}
2022-07-27 13:52:21,311 [Listener at 127.0.0.1/45285] INFO  ozone.MiniOzoneClusterImpl (MiniOzoneClusterImpl.java:stopSCM(537)) - Stopping the StorageContainerManager
2022-07-27 13:52:21,311 [Listener at 127.0.0.1/45285] INFO  server.StorageContainerManager (StorageContainerManager.java:stop(1544)) - Container Balancer is not running.
2022-07-27 13:52:21,311 [Listener at 127.0.0.1/45285] INFO  server.StorageContainerManager (StorageContainerManager.java:stop(1551)) - Stopping Replication Manager Service.
2022-07-27 13:52:21,311 [Listener at 127.0.0.1/45285] INFO  replication.ReplicationManager (ReplicationManager.java:stop(233)) - Stopping Replication Monitor Thread.
2022-07-27 13:52:21,311 [Listener at 127.0.0.1/45285] INFO  server.StorageContainerManager (StorageContainerManager.java:stop(1558)) - Stopping the Datanode Admin Monitor.
2022-07-27 13:52:21,311 [ReplicationMonitor] INFO  replication.ReplicationManager (ReplicationManager.java:run(466)) - Replication Monitor Thread is stopped
2022-07-27 13:52:21,311 [Listener at 127.0.0.1/45285] INFO  server.StorageContainerManager (StorageContainerManager.java:stop(1565)) - Stopping Lease Manager of the command watchers
2022-07-27 13:52:21,311 [Listener at 127.0.0.1/45285] INFO  server.StorageContainerManager (StorageContainerManager.java:stop(1572)) - Stopping datanode service RPC server
2022-07-27 13:52:21,311 [Listener at 127.0.0.1/45285] INFO  server.SCMDatanodeProtocolServer (SCMDatanodeProtocolServer.java:stop(414)) - Stopping the RPC server for DataNodes
2022-07-27 13:52:21,312 [Listener at 127.0.0.1/45285] INFO  ipc.Server (Server.java:stop(3414)) - Stopping server on 45457
2022-07-27 13:52:21,312 [IPC Server listener on 0] INFO  ipc.Server (Server.java:run(1376)) - Stopping IPC Server listener on 0
2022-07-27 13:52:21,346 [IPC Server Responder] INFO  ipc.Server (Server.java:run(1512)) - Stopping IPC Server Responder
2022-07-27 13:52:21,447 [SCM Heartbeat Processing Thread - 0] WARN  node.NodeStateManager (NodeStateManager.java:scheduleNextHealthCheck(870)) - Current Thread is interrupted, shutting down HB processing thread for Node Manager.
2022-07-27 13:52:21,447 [Listener at 127.0.0.1/45285] INFO  server.StorageContainerManager (StorageContainerManager.java:stop(1580)) - Stopping block service RPC server
2022-07-27 13:52:21,448 [Listener at 127.0.0.1/45285] INFO  server.SCMBlockProtocolServer (SCMBlockProtocolServer.java:stop(161)) - Stopping the RPC server for Block Protocol
2022-07-27 13:52:21,448 [Listener at 127.0.0.1/45285] INFO  ipc.Server (Server.java:stop(3414)) - Stopping server on 33205
2022-07-27 13:52:21,455 [IPC Server listener on 0] INFO  ipc.Server (Server.java:run(1376)) - Stopping IPC Server listener on 0
2022-07-27 13:52:21,468 [Listener at 127.0.0.1/45285] INFO  server.StorageContainerManager (StorageContainerManager.java:stop(1587)) - Stopping the StorageContainerLocationProtocol RPC server
2022-07-27 13:52:21,468 [Listener at 127.0.0.1/45285] INFO  server.SCMClientProtocolServer (SCMClientProtocolServer.java:stop(179)) - Stopping the RPC server for Client Protocol
2022-07-27 13:52:21,468 [Listener at 127.0.0.1/45285] INFO  ipc.Server (Server.java:stop(3414)) - Stopping server on 38355
2022-07-27 13:52:21,468 [IPC Server Responder] INFO  ipc.Server (Server.java:run(1512)) - Stopping IPC Server Responder
2022-07-27 13:52:21,470 [Listener at 127.0.0.1/45285] INFO  server.StorageContainerManager (StorageContainerManager.java:stop(1594)) - Stopping Storage Container Manager HTTP server.
2022-07-27 13:52:21,470 [IPC Server Responder] INFO  ipc.Server (Server.java:run(1512)) - Stopping IPC Server Responder
2022-07-27 13:52:21,471 [IPC Server listener on 0] INFO  ipc.Server (Server.java:run(1376)) - Stopping IPC Server listener on 0
2022-07-27 13:52:21,495 [Listener at 127.0.0.1/45285] INFO  handler.ContextHandler (ContextHandler.java:doStop(1153)) - Stopped o.e.j.w.WebAppContext@21fe8a00{scm,/,null,STOPPED}{file:/home/runner/work/ozone/ozone/hadoop-ozone/integration-test/target/test-classes/webapps/scm}
2022-07-27 13:52:21,499 [Listener at 127.0.0.1/45285] INFO  server.AbstractConnector (AbstractConnector.java:doStop(381)) - Stopped ServerConnector@3a456c10{HTTP/1.1, (http/1.1)}{0.0.0.0:0}
2022-07-27 13:52:21,500 [Listener at 127.0.0.1/45285] INFO  server.session (HouseKeeper.java:stopScavenging(149)) - node0 Stopped scavenging
2022-07-27 13:52:21,500 [Listener at 127.0.0.1/45285] INFO  handler.ContextHandler (ContextHandler.java:doStop(1153)) - Stopped o.e.j.s.ServletContextHandler@2b03242f{static,/static,file:///home/runner/work/ozone/ozone/hadoop-ozone/integration-test/target/test-classes/webapps/static,STOPPED}
2022-07-27 13:52:21,500 [Listener at 127.0.0.1/45285] INFO  handler.ContextHandler (ContextHandler.java:doStop(1153)) - Stopped o.e.j.s.ServletContextHandler@3fa9893{logs,/logs,file:///home/runner/work/ozone/ozone/hadoop-ozone/integration-test/target/log,STOPPED}
2022-07-27 13:52:21,515 [Listener at 127.0.0.1/45285] INFO  server.StorageContainerManager (StorageContainerManager.java:stop(1605)) - Stopping Block Manager Service.
2022-07-27 13:52:21,515 [Listener at 127.0.0.1/45285] INFO  utils.BackgroundService (BackgroundService.java:shutdown(141)) - Shutting down service SCMBlockDeletingService
2022-07-27 13:52:21,515 [Listener at 127.0.0.1/45285] INFO  utils.BackgroundService (BackgroundService.java:shutdown(141)) - Shutting down service SCMBlockDeletingService
2022-07-27 13:52:21,516 [Listener at 127.0.0.1/45285] INFO  server.StorageContainerManager (StorageContainerManager.java:stop(1632)) - Stopping SCM Event Queue.
2022-07-27 13:52:21,548 [Listener at 127.0.0.1/45285] INFO  server.StorageContainerManager (StorageContainerManager.java:stop(1643)) - Stopping SCM HA services.
2022-07-27 13:52:21,548 [Listener at 127.0.0.1/45285] INFO  pipeline.BackgroundPipelineCreator (BackgroundPipelineCreator.java:stop(149)) - Stopping RatisPipelineUtilsThread.
2022-07-27 13:52:21,548 [RatisPipelineUtilsThread - 0] WARN  pipeline.BackgroundPipelineCreator (BackgroundPipelineCreator.java:run(180)) - RatisPipelineUtilsThread is interrupted.
2022-07-27 13:52:21,571 [Listener at 127.0.0.1/45285] INFO  BackgroundPipelineScrubber (BackgroundSCMService.java:stop(126)) - Stopping BackgroundPipelineScrubber Service.
2022-07-27 13:52:21,571 [Listener at 127.0.0.1/45285] INFO  server.StorageContainerManager (StorageContainerManager.java:stop(1653)) - Stopping SCM MetadataStore.
2022-07-27 13:52:21,571 [BackgroundPipelineScrubberThread] WARN  BackgroundPipelineScrubber (BackgroundSCMService.java:run(110)) - BackgroundPipelineScrubber is interrupted, exit
2022-07-27 13:52:21,587 [Listener at 127.0.0.1/45285] INFO  impl.MetricsSystemImpl (MetricsSystemImpl.java:stop(210)) - Stopping HddsDatanode metrics system...
2022-07-27 13:52:21,643 [prometheus] INFO  impl.MetricsSinkAdapter (MetricsSinkAdapter.java:publishMetricsFromQueue(141)) - prometheus thread interrupted.
2022-07-27 13:52:21,647 [Listener at 127.0.0.1/45285] INFO  impl.MetricsSystemImpl (MetricsSystemImpl.java:stop(216)) - HddsDatanode metrics system stopped.
2022-07-27 13:52:21,911 [Listener at 127.0.0.1/45285] WARN  server.ServerUtils (ServerUtils.java:getScmDbDir(148)) - ozone.scm.db.dirs is not configured. We recommend adding this setting. Falling back to ozone.metadata.dirs instead.
2022-07-27 13:52:21,927 [Listener at 127.0.0.1/45285] WARN  server.ServerUtils (ServerUtils.java:getScmDbDir(148)) - ozone.scm.db.dirs is not configured. We recommend adding this setting. Falling back to ozone.metadata.dirs instead.
2022-07-27 13:52:21,928 [Listener at 127.0.0.1/45285] INFO  ha.SCMHANodeDetails (SCMHANodeDetails.java:loadSCMHAConfig(209)) - ServiceID for StorageContainerManager is null
2022-07-27 13:52:21,928 [Listener at 127.0.0.1/45285] INFO  ha.SCMHANodeDetails (SCMHANodeDetails.java:loadSCMHAConfig(214)) - ozone.scm.default.service.id is not defined, falling back to ozone.scm.service.ids to find serviceID for StorageContainerManager if it is HA enabled cluster
2022-07-27 13:52:21,928 [Listener at 127.0.0.1/45285] WARN  utils.HAUtils (HAUtils.java:getMetaDir(342)) - ozone.scm.db.dirs is not configured. We recommend adding this setting. Falling back to ozone.metadata.dirs instead.
2022-07-27 13:52:21,929 [Listener at 127.0.0.1/45285] WARN  db.DBStoreBuilder (DBStoreBuilder.java:applyDBDefinition(145)) - ozone.scm.db.dirs is not configured. We recommend adding this setting. Falling back to ozone.metadata.dirs instead.
2022-07-27 13:52:22,301 [Listener at 127.0.0.1/45285] INFO  net.NodeSchemaLoader (NodeSchemaLoader.java:loadSchemaFromFile(129)) - Loading schema from [jar:file:/home/runner/.m2/repository/org/apache/ozone/hdds-common/1.3.0-SNAPSHOT/hdds-common-1.3.0-SNAPSHOT.jar!/network-topology-default.xml]
2022-07-27 13:52:22,301 [Listener at 127.0.0.1/45285] INFO  net.NodeSchemaLoader (NodeSchemaLoader.java:loadSchema(176)) - Loading network topology layer schema file
2022-07-27 13:52:22,305 [Listener at 127.0.0.1/45285] INFO  upgrade.AbstractLayoutVersionManager (AbstractLayoutVersionManager.java:init(83)) - Initializing Layout version manager with metadata layout = DATANODE_SCHEMA_V3 (version = 4), software layout = DATANODE_SCHEMA_V3 (version = 4)
2022-07-27 13:52:22,392 [Listener at 127.0.0.1/45285] INFO  reflections.Reflections (Reflections.java:scan(232)) - Reflections took 86 ms to scan 7 urls, producing 132 keys and 321 values 
2022-07-27 13:52:22,405 [Listener at 127.0.0.1/45285] INFO  ha.SequenceIdGenerator (SequenceIdGenerator.java:upgradeToSequenceId(349)) - upgrade localId to 109611004723200000
2022-07-27 13:52:22,405 [Listener at 127.0.0.1/45285] INFO  ha.SequenceIdGenerator (SequenceIdGenerator.java:upgradeToSequenceId(359)) - upgrade delTxnId to 0
2022-07-27 13:52:22,405 [Listener at 127.0.0.1/45285] INFO  ha.SequenceIdGenerator (SequenceIdGenerator.java:upgradeToSequenceId(376)) - upgrade containerId to 0
2022-07-27 13:52:22,405 [Listener at 127.0.0.1/45285] INFO  ha.SequenceIdGenerator (SequenceIdGenerator.java:<init>(220)) - Init the HA SequenceIdGenerator.
2022-07-27 13:52:22,405 [Listener at 127.0.0.1/45285] WARN  server.ServerUtils (ServerUtils.java:sanitizeUserArgs(73)) - ozone.scm.stale.node.interval value = 300000 is larger than max = 100000 based on the key value of ozone.scm.heartbeat.thread.interval, reset to the max value 100000.
2022-07-27 13:52:22,406 [Listener at 127.0.0.1/45285] WARN  server.ServerUtils (ServerUtils.java:sanitizeUserArgs(73)) - ozone.scm.stale.node.interval value = 300000 is larger than max = 100000 based on the key value of ozone.scm.heartbeat.thread.interval, reset to the max value 100000.
2022-07-27 13:52:22,406 [Listener at 127.0.0.1/45285] INFO  node.SCMNodeManager (SCMNodeManager.java:<init>(149)) - Entering startup safe mode.
2022-07-27 13:52:22,406 [Listener at 127.0.0.1/45285] INFO  algorithms.ContainerPlacementPolicyFactory (ContainerPlacementPolicyFactory.java:getPolicyInternal(86)) - Create container placement policy of type org.apache.hadoop.hdds.scm.container.placement.algorithms.SCMContainerPlacementRandom
2022-07-27 13:52:22,406 [Listener at 127.0.0.1/45285] INFO  pipeline.PipelineStateManagerImpl (PipelineStateManagerImpl.java:initialize(78)) - No pipeline exists in current db
2022-07-27 13:52:22,406 [Listener at 127.0.0.1/45285] INFO  algorithms.LeaderChoosePolicyFactory (LeaderChoosePolicyFactory.java:getPolicy(57)) - Create leader choose policy of type org.apache.hadoop.hdds.scm.pipeline.leader.choose.algorithms.MinLeaderCountChoosePolicy
2022-07-27 13:52:22,407 [Listener at 127.0.0.1/45285] INFO  algorithms.ContainerPlacementPolicyFactory (ContainerPlacementPolicyFactory.java:getPolicyInternal(86)) - Create container placement policy of type org.apache.hadoop.hdds.scm.container.placement.algorithms.SCMContainerPlacementRackScatter
2022-07-27 13:52:22,407 [Listener at 127.0.0.1/45285] INFO  ha.SCMServiceManager (SCMServiceManager.java:register(42)) - Registering service BackgroundPipelineCreator.
2022-07-27 13:52:22,407 [Listener at 127.0.0.1/45285] INFO  pipeline.BackgroundPipelineCreator (BackgroundPipelineCreator.java:start(124)) - Starting RatisPipelineUtilsThread.
2022-07-27 13:52:22,421 [Listener at 127.0.0.1/45285] INFO  BackgroundPipelineScrubber (BackgroundSCMService.java:start(68)) - Starting BackgroundPipelineScrubber Service.
2022-07-27 13:52:22,423 [Listener at 127.0.0.1/45285] INFO  ha.SCMServiceManager (SCMServiceManager.java:register(42)) - Registering service BackgroundPipelineScrubber.
2022-07-27 13:52:22,423 [Listener at 127.0.0.1/45285] INFO  ExpiredContainerReplicaOpScrubber (BackgroundSCMService.java:start(68)) - Starting ExpiredContainerReplicaOpScrubber Service.
2022-07-27 13:52:22,424 [Listener at 127.0.0.1/45285] INFO  ha.SCMServiceManager (SCMServiceManager.java:register(42)) - Registering service ExpiredContainerReplicaOpScrubber.
2022-07-27 13:52:22,424 [Listener at 127.0.0.1/45285] INFO  algorithms.PipelineChoosePolicyFactory (PipelineChoosePolicyFactory.java:createPipelineChoosePolicyFromClass(73)) - Create pipeline choose policy of type org.apache.hadoop.hdds.scm.pipeline.choose.algorithms.RandomPipelineChoosePolicy
2022-07-27 13:52:22,425 [Listener at 127.0.0.1/45285] INFO  ha.SCMServiceManager (SCMServiceManager.java:register(42)) - Registering service SCMBlockDeletingService.
2022-07-27 13:52:22,425 [Listener at 127.0.0.1/45285] INFO  replication.ReplicationManager (ReplicationManager.java:start(200)) - Starting Replication Monitor Thread.
2022-07-27 13:52:22,425 [Listener at 127.0.0.1/45285] INFO  UnderReplicatedQueueThread (BackgroundSCMService.java:start(68)) - Starting UnderReplicatedQueueThread Service.
2022-07-27 13:52:22,426 [Listener at 127.0.0.1/45285] INFO  ha.SCMServiceManager (SCMServiceManager.java:register(42)) - Registering service UnderReplicatedQueueThread.
2022-07-27 13:52:22,426 [Listener at 127.0.0.1/45285] INFO  OverReplicatedQueueThread (BackgroundSCMService.java:start(68)) - Starting OverReplicatedQueueThread Service.
2022-07-27 13:52:22,426 [Listener at 127.0.0.1/45285] INFO  ha.SCMServiceManager (SCMServiceManager.java:register(42)) - Registering service OverReplicatedQueueThread.
2022-07-27 13:52:22,426 [Listener at 127.0.0.1/45285] INFO  ha.SCMServiceManager (SCMServiceManager.java:register(42)) - Registering service ReplicationManager.
2022-07-27 13:52:22,426 [Listener at 127.0.0.1/45285] INFO  safemode.ContainerSafeModeRule (ContainerSafeModeRule.java:<init>(89)) - containers with one replica threshold count 0
2022-07-27 13:52:22,426 [Listener at 127.0.0.1/45285] INFO  safemode.HealthyPipelineSafeModeRule (HealthyPipelineSafeModeRule.java:initializeRule(169)) - Total pipeline count is 0, healthy pipeline threshold count is 1
2022-07-27 13:52:22,427 [Listener at 127.0.0.1/45285] INFO  safemode.OneReplicaPipelineSafeModeRule (OneReplicaPipelineSafeModeRule.java:initializeRule(180)) - Total pipeline count is 0, pipeline's with at least one datanode reported threshold count is 0
2022-07-27 13:52:22,428 [Listener at 127.0.0.1/45285] INFO  ipc.CallQueueManager (CallQueueManager.java:<init>(90)) - Using callQueue: class java.util.concurrent.LinkedBlockingQueue, queueCapacity: 2000, scheduler: class org.apache.hadoop.ipc.DefaultRpcScheduler, ipcBackoff: false.
2022-07-27 13:52:22,440 [ReplicationMonitor] INFO  replication.ReplicationManager (ReplicationManager.java:processAll(249)) - Replication Manager is not ready to run until 3000ms after safemode exit
2022-07-27 13:52:22,459 [Socket Reader #1 for port 0] INFO  ipc.Server (Server.java:run(1265)) - Starting Socket Reader #1 for port 0
2022-07-27 13:52:22,484 [Listener at 0.0.0.0/36065] INFO  ipc.CallQueueManager (CallQueueManager.java:<init>(90)) - Using callQueue: class java.util.concurrent.LinkedBlockingQueue, queueCapacity: 2000, scheduler: class org.apache.hadoop.ipc.DefaultRpcScheduler, ipcBackoff: false.
2022-07-27 13:52:22,516 [Socket Reader #1 for port 0] INFO  ipc.Server (Server.java:run(1265)) - Starting Socket Reader #1 for port 0
2022-07-27 13:52:22,541 [Listener at 0.0.0.0/33085] INFO  ipc.CallQueueManager (CallQueueManager.java:<init>(90)) - Using callQueue: class java.util.concurrent.LinkedBlockingQueue, queueCapacity: 2000, scheduler: class org.apache.hadoop.ipc.DefaultRpcScheduler, ipcBackoff: false.
2022-07-27 13:52:22,564 [Socket Reader #1 for port 0] INFO  ipc.Server (Server.java:run(1265)) - Starting Socket Reader #1 for port 0
2022-07-27 13:52:22,624 [Listener at 0.0.0.0/45497] INFO  ha.SCMServiceManager (SCMServiceManager.java:register(42)) - Registering service ContainerBalancer.
2022-07-27 13:52:22,624 [Listener at 0.0.0.0/45497] INFO  server.StorageContainerManager (StorageContainerManager.java:<init>(403)) - 
Container Balancer status:
Key                            Value
Running                        false
Container Balancer Configuration values:
Key                                                Value
Threshold                                          10
Max Datanodes to Involve per Iteration(percent)    20
Max Size to Move per Iteration                     500GB
Max Size Entering Target per Iteration             26GB
Max Size Leaving Source per Iteration              26GB

2022-07-27 13:52:22,624 [Listener at 0.0.0.0/45497] WARN  events.EventQueue (EventQueue.java:fireEvent(216)) - No event handler registered for event TypedEvent{payloadType=SafeModeStatus, name='Safe mode status'}
2022-07-27 13:52:22,624 [Listener at 0.0.0.0/45497] INFO  ha.SCMContext (SCMContext.java:updateSafeModeStatus(228)) - Update SafeModeStatus from SafeModeStatus{safeModeStatus=true, preCheckPassed=false} to SafeModeStatus{safeModeStatus=true, preCheckPassed=false}.
2022-07-27 13:52:22,624 [Listener at 0.0.0.0/45497] INFO  server.StorageContainerManager (StorageContainerManager.java:start(1452)) - StorageContainerLocationProtocol RPC server is listening at /0.0.0.0:45497
2022-07-27 13:52:22,638 [Listener at 0.0.0.0/45497] WARN  impl.MetricsConfig (MetricsConfig.java:loadFirst(136)) - Cannot locate configuration: tried hadoop-metrics2-storagecontainermanager.properties,hadoop-metrics2.properties
2022-07-27 13:52:22,638 [Listener at 0.0.0.0/45497] INFO  impl.MetricsSystemImpl (MetricsSystemImpl.java:startTimer(378)) - Scheduled Metric snapshot period at 10 second(s).
2022-07-27 13:52:22,638 [Listener at 0.0.0.0/45497] INFO  impl.MetricsSystemImpl (MetricsSystemImpl.java:start(191)) - StorageContainerManager metrics system started
2022-07-27 13:52:22,777 [Listener at 0.0.0.0/45497] INFO  impl.MetricsSinkAdapter (MetricsSinkAdapter.java:start(204)) - Sink prometheus started
2022-07-27 13:52:22,778 [Listener at 0.0.0.0/45497] INFO  impl.MetricsSystemImpl (MetricsSystemImpl.java:registerSink(305)) - Registered sink prometheus
2022-07-27 13:52:22,898 [Listener at 0.0.0.0/45497] INFO  server.SCMClientProtocolServer (SCMClientProtocolServer.java:start(170)) - RPC server for Client  is listening at /0.0.0.0:45497
2022-07-27 13:52:22,918 [IPC Server Responder] INFO  ipc.Server (Server.java:run(1507)) - IPC Server Responder: starting
2022-07-27 13:52:22,918 [IPC Server listener on 0] INFO  ipc.Server (Server.java:run(1344)) - IPC Server listener on 0: starting
2022-07-27 13:52:22,947 [Listener at 0.0.0.0/45497] INFO  server.StorageContainerManager (StorageContainerManager.java:start(1467)) - ScmBlockLocationProtocol RPC server is listening at /0.0.0.0:33085
2022-07-27 13:52:22,948 [Listener at 0.0.0.0/45497] INFO  server.SCMBlockProtocolServer (SCMBlockProtocolServer.java:start(152)) - RPC server for Block Protocol is listening at /0.0.0.0:33085
2022-07-27 13:52:22,948 [IPC Server Responder] INFO  ipc.Server (Server.java:run(1507)) - IPC Server Responder: starting
2022-07-27 13:52:22,948 [IPC Server listener on 0] INFO  ipc.Server (Server.java:run(1344)) - IPC Server listener on 0: starting
2022-07-27 13:52:22,950 [Listener at 0.0.0.0/45497] INFO  server.SCMDatanodeProtocolServer (SCMDatanodeProtocolServer.java:start(186)) - ScmDatanodeProtocol RPC server for DataNodes is listening at /0.0.0.0:36065
2022-07-27 13:52:22,950 [IPC Server Responder] INFO  ipc.Server (Server.java:run(1507)) - IPC Server Responder: starting
2022-07-27 13:52:22,950 [IPC Server listener on 0] INFO  ipc.Server (Server.java:run(1344)) - IPC Server listener on 0: starting
2022-07-27 13:52:22,968 [Listener at 0.0.0.0/45497] INFO  http.BaseHttpServer (BaseHttpServer.java:newHttpServer2BuilderForOzone(209)) - Starting Web-server for scm at: http://0.0.0.0:0
2022-07-27 13:52:22,969 [Listener at 0.0.0.0/45497] INFO  http.BaseHttpServer (BaseHttpServer.java:<init>(107)) - Hadoop Security Enabled: false Ozone Security Enabled: false Ozone HTTP Security Enabled: false 
2022-07-27 13:52:22,970 [Listener at 0.0.0.0/45497] INFO  server.AuthenticationFilter (AuthenticationFilter.java:constructSecretProvider(240)) - Unable to initialize FileSignerSecretProvider, falling back to use random secrets.
2022-07-27 13:52:22,990 [Listener at 0.0.0.0/45497] WARN  http.HttpRequestLog (HttpRequestLog.java:getRequestLog(103)) - Jetty request log can only be enabled using Log4j
2022-07-27 13:52:22,992 [Listener at 0.0.0.0/45497] INFO  http.HttpServer2 (HttpServer2.java:addGlobalFilter(1029)) - Added global filter 'safety' (class=org.apache.hadoop.hdds.server.http.HttpServer2$QuotingInputFilter)
2022-07-27 13:52:22,992 [Listener at 0.0.0.0/45497] INFO  http.HttpServer2 (HttpServer2.java:addFilter(1005)) - Added filter static_user_filter (class=org.apache.hadoop.http.lib.StaticUserWebFilter$StaticUserFilter) to context scm
2022-07-27 13:52:22,992 [Listener at 0.0.0.0/45497] INFO  http.HttpServer2 (HttpServer2.java:addFilter(1013)) - Added filter static_user_filter (class=org.apache.hadoop.http.lib.StaticUserWebFilter$StaticUserFilter) to context static
2022-07-27 13:52:22,992 [Listener at 0.0.0.0/45497] INFO  http.HttpServer2 (HttpServer2.java:addFilter(1013)) - Added filter static_user_filter (class=org.apache.hadoop.http.lib.StaticUserWebFilter$StaticUserFilter) to context logs
2022-07-27 13:52:22,993 [Listener at 0.0.0.0/45497] INFO  http.HttpServer2 (HttpServer2.java:bindListener(1248)) - Jetty bound to port 44623
2022-07-27 13:52:22,993 [Listener at 0.0.0.0/45497] INFO  server.Server (Server.java:doStart(375)) - jetty-9.4.43.v20210629; built: 2021-06-30T11:07:22.254Z; git: 526006ecfa3af7f1a27ef3a288e2bef7ea9dd7e8; jvm 1.8.0_332-b09
2022-07-27 13:52:23,011 [Listener at 0.0.0.0/45497] INFO  server.session (DefaultSessionIdManager.java:doStart(334)) - DefaultSessionIdManager workerName=node0
2022-07-27 13:52:23,011 [Listener at 0.0.0.0/45497] INFO  server.session (DefaultSessionIdManager.java:doStart(339)) - No SessionScavenger set, using defaults
2022-07-27 13:52:23,011 [Listener at 0.0.0.0/45497] INFO  server.session (HouseKeeper.java:startScavenging(132)) - node0 Scavenging every 600000ms
2022-07-27 13:52:23,013 [Listener at 0.0.0.0/45497] INFO  handler.ContextHandler (ContextHandler.java:doStart(915)) - Started o.e.j.s.ServletContextHandler@77a6f805{logs,/logs,file:///home/runner/work/ozone/ozone/hadoop-ozone/integration-test/target/log,AVAILABLE}
2022-07-27 13:52:23,013 [Listener at 0.0.0.0/45497] INFO  handler.ContextHandler (ContextHandler.java:doStart(915)) - Started o.e.j.s.ServletContextHandler@7ea395b3{static,/static,file:///home/runner/work/ozone/ozone/hadoop-ozone/integration-test/target/test-classes/webapps/static,AVAILABLE}
2022-07-27 13:52:23,016 [Listener at 0.0.0.0/45497] INFO  handler.ContextHandler (ContextHandler.java:doStart(915)) - Started o.e.j.w.WebAppContext@40f5d58b{scm,/,file:///home/runner/work/ozone/ozone/hadoop-ozone/integration-test/target/test-classes/webapps/scm/,AVAILABLE}{file:/home/runner/work/ozone/ozone/hadoop-ozone/integration-test/target/test-classes/webapps/scm}
2022-07-27 13:52:23,026 [Listener at 0.0.0.0/45497] INFO  server.AbstractConnector (AbstractConnector.java:doStart(331)) - Started ServerConnector@123dbede{HTTP/1.1, (http/1.1)}{0.0.0.0:44623}
2022-07-27 13:52:23,026 [Listener at 0.0.0.0/45497] INFO  server.Server (Server.java:doStart(415)) - Started @208589ms
2022-07-27 13:52:23,026 [Listener at 0.0.0.0/45497] WARN  impl.MetricsSystemImpl (MetricsSystemImpl.java:register(279)) - Sink prometheus already exists!
2022-07-27 13:52:23,028 [Listener at 0.0.0.0/45497] INFO  http.BaseHttpServer (BaseHttpServer.java:updateConnectorAddress(329)) - HTTP server of scm listening at http://0.0.0.0:44623
2022-07-27 13:52:23,028 [Listener at 0.0.0.0/45497] WARN  server.ServerUtils (ServerUtils.java:getDBPath(225)) - ozone.om.db.dirs is not configured. We recommend adding this setting. Falling back to ozone.metadata.dirs instead.
2022-07-27 13:52:23,029 [Listener at 0.0.0.0/45497] INFO  ha.OMHANodeDetails (OMHANodeDetails.java:loadOMHAConfig(115)) - ozone.om.internal.service.id is not defined, falling back to ozone.om.service.ids to find serviceID for OzoneManager if it is HA enabled cluster
2022-07-27 13:52:23,030 [Listener at 0.0.0.0/45497] INFO  ha.OMHANodeDetails (OMHANodeDetails.java:loadOMHAConfig(226)) - Configuration does not have ozone.om.address set. Falling back to the default OM address /127.0.0.1:0
2022-07-27 13:52:23,030 [Listener at 0.0.0.0/45497] INFO  ha.OMHANodeDetails (OMHANodeDetails.java:getOMNodeDetailsForNonHA(254)) - OM Service ID is not set. Setting it to the default ID: omServiceIdDefault
2022-07-27 13:52:23,030 [Listener at 0.0.0.0/45497] INFO  ha.OMHANodeDetails (OMHANodeDetails.java:getOMNodeDetailsForNonHA(261)) - OM Node ID is not set. Setting it to the default ID: om1
2022-07-27 13:52:23,030 [Listener at 0.0.0.0/45497] WARN  server.ServerUtils (ServerUtils.java:getDBPath(225)) - ozone.om.db.dirs is not configured. We recommend adding this setting. Falling back to ozone.metadata.dirs instead.
2022-07-27 13:52:23,030 [Listener at 0.0.0.0/45497] INFO  upgrade.AbstractLayoutVersionManager (AbstractLayoutVersionManager.java:init(83)) - Initializing Layout version manager with metadata layout = MULTITENANCY_SCHEMA (version = 3), software layout = MULTITENANCY_SCHEMA (version = 3)
2022-07-27 13:52:23,066 [org.apache.hadoop.util.JvmPauseMonitor$Monitor@43645e75] INFO  util.JvmPauseMonitor (JvmPauseMonitor.java:run(188)) - Starting JVM pause monitor
2022-07-27 13:52:23,263 [Listener at 0.0.0.0/45497] INFO  reflections.Reflections (Reflections.java:scan(232)) - Reflections took 232 ms to scan 2 urls, producing 152 keys and 424 values [using 2 cores]
2022-07-27 13:52:23,263 [Listener at 0.0.0.0/45497] INFO  upgrade.OMLayoutVersionManager (OMLayoutVersionManager.java:lambda$0(115)) - Skipping Upgrade Action MockOmUpgradeAction since it has been finalized.
2022-07-27 13:52:23,263 [Listener at 0.0.0.0/45497] WARN  server.ServerUtils (ServerUtils.java:getDBPath(225)) - ozone.om.db.dirs is not configured. We recommend adding this setting. Falling back to ozone.metadata.dirs instead.
2022-07-27 13:52:23,264 [Listener at 0.0.0.0/45497] INFO  proxy.SCMBlockLocationFailoverProxyProvider (SCMBlockLocationFailoverProxyProvider.java:<init>(114)) - Created block location fail-over proxy with 1 nodes: [nodeId=scmNodeId,nodeAddress=/0.0.0.0:33085]
2022-07-27 13:52:23,265 [Listener at 0.0.0.0/45497] INFO  proxy.SCMBlockLocationFailoverProxyProvider (SCMBlockLocationFailoverProxyProvider.java:<init>(114)) - Created block location fail-over proxy with 1 nodes: [nodeId=scmNodeId,nodeAddress=/0.0.0.0:33085]
2022-07-27 13:52:23,308 [Listener at 0.0.0.0/45497] WARN  server.ServerUtils (ServerUtils.java:getDBPath(225)) - ozone.om.db.dirs is not configured. We recommend adding this setting. Falling back to ozone.metadata.dirs instead.
2022-07-27 13:52:23,309 [Listener at 0.0.0.0/45497] INFO  codec.OmKeyInfoCodec (OmKeyInfoCodec.java:<init>(49)) - OmKeyInfoCodec ignorePipeline = true
2022-07-27 13:52:23,309 [Listener at 0.0.0.0/45497] INFO  codec.RepeatedOmKeyInfoCodec (RepeatedOmKeyInfoCodec.java:<init>(41)) - RepeatedOmKeyInfoCodec ignorePipeline = true
2022-07-27 13:52:23,925 [Listener at 0.0.0.0/45497] INFO  om.OzoneManager (OzoneManager.java:instantiateServices(696)) - S3 Multi-Tenancy is disabled
2022-07-27 13:52:23,926 [Listener at 0.0.0.0/45497] INFO  om.OzoneManager (OzoneManager.java:addS3GVolumeToDB(4307)) - Created Volume s3v With Owner runner required for S3Gateway operations.
2022-07-27 13:52:23,926 [Listener at 0.0.0.0/45497] WARN  server.ServerUtils (ServerUtils.java:getDefaultRatisDirectory(237)) - Storage directory for Ratis is not configured. It is a good idea to map this to an SSD disk. Falling back to ozone.metadata.dirs
2022-07-27 13:52:23,927 [Listener at 0.0.0.0/45497] WARN  utils.OzoneManagerRatisUtils (OzoneManagerRatisUtils.java:getOMRatisSnapshotDirectory(431)) - ozone.om.ratis.snapshot.dir is not configured. Falling back to ozone.metadata.dirs config
2022-07-27 13:52:23,927 [Listener at 0.0.0.0/45497] WARN  server.ServerUtils (ServerUtils.java:getDefaultRatisDirectory(237)) - Storage directory for Ratis is not configured. It is a good idea to map this to an SSD disk. Falling back to ozone.metadata.dirs
2022-07-27 13:52:23,928 [Listener at 0.0.0.0/45497] INFO  ratis.OzoneManagerRatisServer (OzoneManagerRatisServer.java:<init>(159)) - Instantiating OM Ratis server with groupID: omServiceIdDefault and peers: localhost:9872
2022-07-27 13:52:23,928 [Listener at 0.0.0.0/45497] INFO  ratis.OzoneManagerStateMachine (OzoneManagerStateMachine.java:loadSnapshotInfoFromDB(632)) - LastAppliedIndex is set from TransactionInfo from OM DB as (t:0, i:~)
2022-07-27 13:52:23,928 [Listener at 0.0.0.0/45497] INFO  server.RaftServer (ConfUtils.java:logGet(46)) - raft.rpc.type = GRPC (default)
2022-07-27 13:52:23,928 [Listener at 0.0.0.0/45497] INFO  grpc.GrpcFactory (GrpcFactory.java:checkPooledByteBufAllocatorUseCacheForAllThreads(48)) - PERFORMANCE WARNING: useCacheForAllThreads is true that may cause Netty to create a lot garbage objects and, as a result, trigger GC.
	It is recommended to disable useCacheForAllThreads by setting -Dorg.apache.ratis.thirdparty.io.netty.allocator.useCacheForAllThreads=false in command line.
2022-07-27 13:52:23,928 [Listener at 0.0.0.0/45497] INFO  grpc.GrpcConfigKeys (ConfUtils.java:logGet(46)) - raft.grpc.admin.port = -1 (default)
2022-07-27 13:52:23,928 [Listener at 0.0.0.0/45497] INFO  grpc.GrpcConfigKeys (ConfUtils.java:logGet(46)) - raft.grpc.server.port = 9872 (custom)
2022-07-27 13:52:23,928 [Listener at 0.0.0.0/45497] INFO  grpc.GrpcConfigKeys (ConfUtils.java:logGet(46)) - raft.grpc.client.port = -1 (default)
2022-07-27 13:52:23,929 [Listener at 0.0.0.0/45497] INFO  grpc.GrpcConfigKeys (ConfUtils.java:logGet(46)) - raft.grpc.server.port = 9872 (custom)
2022-07-27 13:52:23,929 [Listener at 0.0.0.0/45497] INFO  grpc.GrpcConfigKeys (ConfUtils.java:logGet(46)) - raft.grpc.server.port = 9872 (custom)
2022-07-27 13:52:23,929 [Listener at 0.0.0.0/45497] INFO  server.GrpcService (ConfUtils.java:logGet(46)) - raft.grpc.message.size.max = 33554432 (custom)
2022-07-27 13:52:23,929 [Listener at 0.0.0.0/45497] INFO  server.RaftServerConfigKeys (ConfUtils.java:logGet(46)) - raft.server.log.appender.buffer.byte-limit = 33554432 (custom)
2022-07-27 13:52:23,929 [Listener at 0.0.0.0/45497] INFO  server.GrpcService (ConfUtils.java:logGet(46)) - raft.grpc.flow.control.window = 1MB (=1048576) (default)
2022-07-27 13:52:23,929 [Listener at 0.0.0.0/45497] INFO  server.RaftServerConfigKeys (ConfUtils.java:logGet(46)) - raft.server.rpc.request.timeout = 3000ms (default)
2022-07-27 13:52:23,929 [Listener at 0.0.0.0/45497] INFO  grpc.GrpcConfigKeys (ConfUtils.java:logGet(46)) - raft.grpc.server.async.request.thread.pool.cached = true (default)
2022-07-27 13:52:23,929 [Listener at 0.0.0.0/45497] INFO  grpc.GrpcConfigKeys (ConfUtils.java:logGet(46)) - raft.grpc.server.async.request.thread.pool.size = 32 (default)
2022-07-27 13:52:23,930 [Listener at 0.0.0.0/45497] INFO  impl.DataStreamServerImpl (ConfUtils.java:logGet(46)) - raft.datastream.type = DISABLED (default)
2022-07-27 13:52:23,931 [Listener at 0.0.0.0/45497] INFO  server.RaftServerConfigKeys (ConfUtils.java:logGet(46)) - raft.server.threadpool.proxy.cached = true (default)
2022-07-27 13:52:23,931 [Listener at 0.0.0.0/45497] INFO  server.RaftServerConfigKeys (ConfUtils.java:logGet(46)) - raft.server.threadpool.proxy.size = 0 (default)
2022-07-27 13:52:23,932 [Listener at 0.0.0.0/45497] INFO  server.RaftServerConfigKeys (ConfUtils.java:logGet(46)) - raft.server.rpc.slowness.timeout = 120s (custom)
2022-07-27 13:52:23,932 [Listener at 0.0.0.0/45497] INFO  server.RaftServerConfigKeys (ConfUtils.java:logGet(46)) - raft.server.leaderelection.leader.step-down.wait-time = 10s (default)
2022-07-27 13:52:23,932 [Listener at 0.0.0.0/45497] INFO  server.RaftServerConfigKeys (ConfUtils.java:logGet(46)) - raft.server.storage.dir = [/home/runner/work/ozone/ozone/hadoop-ozone/integration-test/target/test-dir/MiniOzoneClusterImpl-d8681e24-cb86-4f17-9b85-5d83644f9f4f/ozone-meta/ratis] (custom)
2022-07-27 13:52:23,948 [Listener at 0.0.0.0/45497] INFO  server.RaftServer (RaftServerProxy.java:addNew(96)) - om1: addNew group-C5BA1605619E:[om1|rpc:localhost:9872|priority:0] returns group-C5BA1605619E:java.util.concurrent.CompletableFuture@208c382f[Not completed]
2022-07-27 13:52:23,948 [Listener at 0.0.0.0/45497] INFO  om.OzoneManager (OzoneManager.java:initializeRatisServer(1962)) - OzoneManager Ratis server initialized at port 9872
2022-07-27 13:52:23,949 [Listener at 0.0.0.0/45497] INFO  om.OzoneManager (OzoneManager.java:getRpcServer(1085)) - Creating RPC Server
2022-07-27 13:52:23,951 [pool-858-thread-1] INFO  server.RaftServer$Division (RaftServerImpl.java:<init>(190)) - om1: new RaftServerImpl for group-C5BA1605619E:[om1|rpc:localhost:9872|priority:0] with OzoneManagerStateMachine:uninitialized
2022-07-27 13:52:23,951 [pool-858-thread-1] INFO  server.RaftServerConfigKeys (ConfUtils.java:logGet(46)) - raft.server.rpc.timeout.min = 1s (custom)
2022-07-27 13:52:23,952 [pool-858-thread-1] INFO  server.RaftServerConfigKeys (ConfUtils.java:logGet(46)) - raft.server.rpc.timeout.max = 1200ms (custom)
2022-07-27 13:52:23,952 [pool-858-thread-1] INFO  server.RaftServerConfigKeys (ConfUtils.java:logGet(46)) - raft.server.rpc.sleep.time = 25ms (default)
2022-07-27 13:52:23,952 [pool-858-thread-1] INFO  server.RaftServerConfigKeys (ConfUtils.java:logGet(46)) - raft.server.rpc.slowness.timeout = 120s (custom)
2022-07-27 13:52:23,952 [pool-858-thread-1] INFO  server.RaftServerConfigKeys (ConfUtils.java:logGet(46)) - raft.server.leaderelection.leader.step-down.wait-time = 10s (default)
2022-07-27 13:52:23,952 [pool-858-thread-1] INFO  server.RaftServerConfigKeys (ConfUtils.java:logGet(46)) - raft.server.sleep.deviation.threshold = 300ms (default)
2022-07-27 13:52:23,952 [pool-858-thread-1] INFO  server.RaftServer$Division (ServerState.java:<init>(107)) - om1@group-C5BA1605619E: ConfigurationManager, init=-1: [om1|rpc:localhost:9872|priority:0], old=null, confs=<EMPTY_MAP>
2022-07-27 13:52:23,952 [pool-858-thread-1] INFO  server.RaftServerConfigKeys (ConfUtils.java:logGet(46)) - raft.server.storage.dir = [/home/runner/work/ozone/ozone/hadoop-ozone/integration-test/target/test-dir/MiniOzoneClusterImpl-d8681e24-cb86-4f17-9b85-5d83644f9f4f/ozone-meta/ratis] (custom)
2022-07-27 13:52:23,952 [pool-858-thread-1] INFO  server.RaftServerConfigKeys (ConfUtils.java:logGet(46)) - raft.server.log.corruption.policy = EXCEPTION (default)
2022-07-27 13:52:23,952 [pool-858-thread-1] INFO  server.RaftServerConfigKeys (ConfUtils.java:logGet(46)) - raft.server.storage.free-space.min = 0MB (=0) (default)
2022-07-27 13:52:23,952 [pool-858-thread-1] INFO  storage.RaftStorageDirectory (RaftStorageDirectoryImpl.java:analyzeStorage(135)) - The storage directory /home/runner/work/ozone/ozone/hadoop-ozone/integration-test/target/test-dir/MiniOzoneClusterImpl-d8681e24-cb86-4f17-9b85-5d83644f9f4f/ozone-meta/ratis/bf265839-605b-3f16-9796-c5ba1605619e does not exist. Creating ...
2022-07-27 13:52:23,953 [pool-858-thread-1] INFO  storage.RaftStorageDirectory (RaftStorageDirectoryImpl.java:tryLock(230)) - Lock on /home/runner/work/ozone/ozone/hadoop-ozone/integration-test/target/test-dir/MiniOzoneClusterImpl-d8681e24-cb86-4f17-9b85-5d83644f9f4f/ozone-meta/ratis/bf265839-605b-3f16-9796-c5ba1605619e/in_use.lock acquired by nodename 11093@fv-az217-261
2022-07-27 13:52:23,967 [pool-858-thread-1] INFO  storage.RaftStorage (RaftStorageImpl.java:format(89)) - Storage directory /home/runner/work/ozone/ozone/hadoop-ozone/integration-test/target/test-dir/MiniOzoneClusterImpl-d8681e24-cb86-4f17-9b85-5d83644f9f4f/ozone-meta/ratis/bf265839-605b-3f16-9796-c5ba1605619e has been successfully formatted.
2022-07-27 13:52:23,967 [pool-858-thread-1] INFO  server.RaftServerConfigKeys (ConfUtils.java:logGet(46)) - raft.server.notification.no-leader.timeout = 120s (custom)
2022-07-27 13:52:23,968 [pool-858-thread-1] INFO  server.RaftServerConfigKeys (ConfUtils.java:logGet(46)) - raft.server.log.use.memory = false (default)
2022-07-27 13:52:23,968 [pool-858-thread-1] INFO  server.RaftServerConfigKeys (ConfUtils.java:logGet(46)) - raft.server.log.purge.gap = 1000000 (custom)
2022-07-27 13:52:23,968 [pool-858-thread-1] INFO  server.RaftServerConfigKeys (ConfUtils.java:logGet(46)) - raft.server.log.appender.buffer.byte-limit = 33554432 (custom)
2022-07-27 13:52:23,968 [pool-858-thread-1] INFO  server.RaftServerConfigKeys (ConfUtils.java:logGet(46)) - raft.server.log.statemachine.data.read.timeout = 1000ms (default)
2022-07-27 13:52:23,968 [pool-858-thread-1] INFO  server.RaftServerConfigKeys (ConfUtils.java:logGet(46)) - raft.server.log.segment.size.max = 4194304 (custom)
2022-07-27 13:52:23,968 [pool-858-thread-1] INFO  server.RaftServerConfigKeys (ConfUtils.java:logGet(46)) - raft.server.log.segment.cache.num.max = 2 (custom)
2022-07-27 13:52:23,968 [pool-858-thread-1] INFO  server.RaftServerConfigKeys (ConfUtils.java:logGet(46)) - raft.server.log.segment.cache.size.max = 200MB (=209715200) (default)
2022-07-27 13:52:23,968 [pool-858-thread-1] INFO  segmented.SegmentedRaftLogWorker (SegmentedRaftLogWorker.java:<init>(187)) - new om1@group-C5BA1605619E-SegmentedRaftLogWorker for RaftStorageImpl:Storage Directory /home/runner/work/ozone/ozone/hadoop-ozone/integration-test/target/test-dir/MiniOzoneClusterImpl-d8681e24-cb86-4f17-9b85-5d83644f9f4f/ozone-meta/ratis/bf265839-605b-3f16-9796-c5ba1605619e
2022-07-27 13:52:23,968 [pool-858-thread-1] INFO  server.RaftServerConfigKeys (ConfUtils.java:logGet(46)) - raft.server.log.queue.byte-limit = 64MB (=67108864) (default)
2022-07-27 13:52:23,968 [pool-858-thread-1] INFO  server.RaftServerConfigKeys (ConfUtils.java:logGet(46)) - raft.server.log.queue.element-limit = 4096 (default)
2022-07-27 13:52:23,968 [pool-858-thread-1] INFO  server.RaftServerConfigKeys (ConfUtils.java:logGet(46)) - raft.server.log.segment.size.max = 4194304 (custom)
2022-07-27 13:52:23,980 [pool-858-thread-1] INFO  server.RaftServerConfigKeys (ConfUtils.java:logGet(46)) - raft.server.log.preallocated.size = 4194304 (custom)
2022-07-27 13:52:23,980 [pool-858-thread-1] INFO  server.RaftServerConfigKeys (ConfUtils.java:logGet(46)) - raft.server.log.force.sync.num = 128 (default)
2022-07-27 13:52:23,980 [pool-858-thread-1] INFO  server.RaftServerConfigKeys (ConfUtils.java:logGet(46)) - raft.server.log.statemachine.data.sync = true (default)
2022-07-27 13:52:23,980 [pool-858-thread-1] INFO  server.RaftServerConfigKeys (ConfUtils.java:logGet(46)) - raft.server.log.statemachine.data.sync.timeout = 10s (default)
2022-07-27 13:52:23,980 [pool-858-thread-1] INFO  server.RaftServerConfigKeys (ConfUtils.java:logGet(46)) - raft.server.log.statemachine.data.sync.timeout.retry = -1 (default)
2022-07-27 13:52:24,000 [pool-858-thread-1] INFO  server.RaftServerConfigKeys (ConfUtils.java:logGet(46)) - raft.server.log.write.buffer.size = 64KB (=65536) (default)
2022-07-27 13:52:24,000 [pool-858-thread-1] INFO  server.RaftServerConfigKeys (ConfUtils.java:logGet(46)) - raft.server.log.unsafe-flush.enabled = false (default)
2022-07-27 13:52:24,000 [pool-858-thread-1] INFO  server.RaftServerConfigKeys (ConfUtils.java:logGet(46)) - raft.server.log.statemachine.data.caching.enabled = false (default)
2022-07-27 13:52:24,000 [pool-858-thread-1] INFO  segmented.SegmentedRaftLogWorker (SegmentedRaftLogWorker.java:lambda$new$0(135)) - om1@group-C5BA1605619E-SegmentedRaftLogWorker: flushIndex: setUnconditionally 0 -> -1
2022-07-27 13:52:24,000 [pool-858-thread-1] INFO  segmented.SegmentedRaftLogWorker (SegmentedRaftLogWorker.java:lambda$new$0(135)) - om1@group-C5BA1605619E-SegmentedRaftLogWorker: safeCacheEvictIndex: setUnconditionally 0 -> -1
2022-07-27 13:52:24,043 [pool-858-thread-1] INFO  server.RaftServerConfigKeys (ConfUtils.java:logGet(46)) - raft.server.snapshot.auto.trigger.enabled = true (custom)
2022-07-27 13:52:24,043 [pool-858-thread-1] INFO  server.RaftServerConfigKeys (ConfUtils.java:logGet(46)) - raft.server.snapshot.auto.trigger.threshold = 400000 (default)
2022-07-27 13:52:24,043 [pool-858-thread-1] INFO  server.RaftServerConfigKeys (ConfUtils.java:logGet(46)) - raft.server.snapshot.retention.file.num = -1 (default)
2022-07-27 13:52:24,043 [pool-858-thread-1] INFO  server.RaftServerConfigKeys (ConfUtils.java:logGet(46)) - raft.server.log.purge.upto.snapshot.index = true (custom)
2022-07-27 13:52:24,043 [pool-858-thread-1] INFO  server.RaftServerConfigKeys (ConfUtils.java:logGet(46)) - raft.server.retrycache.expirytime = 300s (custom)
2022-07-27 13:52:24,043 [pool-858-thread-1] INFO  server.RaftServerConfigKeys (ConfUtils.java:logGet(46)) - raft.server.retrycache.statistics.expirytime = 100μs (default)
2022-07-27 13:52:24,044 [pool-858-thread-1] INFO  server.RaftServerConfigKeys (ConfUtils.java:logGet(46)) - raft.server.log.appender.install.snapshot.enabled = false (custom)
2022-07-27 13:52:24,044 [pool-858-thread-1] INFO  server.RaftServerConfigKeys (ConfUtils.java:logGet(46)) - raft.server.threadpool.server.cached = true (default)
2022-07-27 13:52:24,044 [pool-858-thread-1] INFO  server.RaftServerConfigKeys (ConfUtils.java:logGet(46)) - raft.server.threadpool.server.size = 0 (default)
2022-07-27 13:52:24,044 [pool-858-thread-1] INFO  server.RaftServerConfigKeys (ConfUtils.java:logGet(46)) - raft.server.threadpool.client.cached = true (default)
2022-07-27 13:52:24,044 [pool-858-thread-1] INFO  server.RaftServerConfigKeys (ConfUtils.java:logGet(46)) - raft.server.threadpool.client.size = 0 (default)
2022-07-27 13:52:25,353 [Listener at 0.0.0.0/45497] INFO  reflections.Reflections (Reflections.java:scan(232)) - Reflections took 1403 ms to scan 19 urls, producing 67 keys and 4137 values [using 2 cores]
2022-07-27 13:52:25,355 [Listener at 0.0.0.0/45497] INFO  ipc.CallQueueManager (CallQueueManager.java:<init>(90)) - Using callQueue: class java.util.concurrent.LinkedBlockingQueue, queueCapacity: 2000, scheduler: class org.apache.hadoop.ipc.DefaultRpcScheduler, ipcBackoff: false.
2022-07-27 13:52:25,356 [Socket Reader #1 for port 0] INFO  ipc.Server (Server.java:run(1265)) - Starting Socket Reader #1 for port 0
2022-07-27 13:52:25,434 [Listener at 127.0.0.1/34829] INFO  impl.MetricsSystemImpl (MetricsSystemImpl.java:init(158)) - OzoneManager metrics system started (again)
2022-07-27 13:52:25,477 [Listener at 127.0.0.1/34829] INFO  om.OzoneManager (OzoneManager.java:start(1469)) - OzoneManager RPC server is listening at localhost/127.0.0.1:34829
2022-07-27 13:52:25,477 [Listener at 127.0.0.1/34829] INFO  ratis.OzoneManagerRatisServer (OzoneManagerRatisServer.java:start(554)) - Starting OzoneManagerRatisServer om1 at port 9872
2022-07-27 13:52:25,477 [om1-impl-thread1] INFO  server.RaftServer$Division (RaftServerImpl.java:start(310)) - om1@group-C5BA1605619E: start as a follower, conf=-1: [om1|rpc:localhost:9872|priority:0], old=null
2022-07-27 13:52:25,477 [om1-impl-thread1] INFO  server.RaftServer$Division (RaftServerImpl.java:setRole(299)) - om1@group-C5BA1605619E: changes role from      null to FOLLOWER at term 0 for startAsFollower
2022-07-27 13:52:25,477 [om1-impl-thread1] INFO  impl.RoleInfo (RoleInfo.java:updateAndGet(139)) - om1: start om1@group-C5BA1605619E-FollowerState
2022-07-27 13:52:25,478 [om1-impl-thread1] INFO  util.JmxRegister (JmxRegister.java:tryRegister(44)) - Successfully registered JMX Bean with object name Ratis:service=RaftServer,group=group-C5BA1605619E,id=om1
2022-07-27 13:52:25,502 [Listener at 127.0.0.1/34829] INFO  server.RaftServer (RaftServerProxy.java:lambda$start$6(382)) - om1: start RPC server
2022-07-27 13:52:25,567 [Listener at 127.0.0.1/34829] INFO  server.GrpcService (GrpcService.java:startImpl(260)) - om1: GrpcService started, listening on 9872
2022-07-27 13:52:25,571 [Listener at 127.0.0.1/34829] INFO  om.OzoneManager (OzoneManager.java:start(1485)) - Version File has different layout version (3) than OM DB (null). That is expected if this OM has never been finalized to a newer layout version.
2022-07-27 13:52:25,571 [org.apache.ratis.util.JvmPauseMonitor$$Lambda$615/1136232276@78ac7a35] INFO  util.JvmPauseMonitor (JvmPauseMonitor.java:run(103)) - JvmPauseMonitor-om1: Started
2022-07-27 13:52:25,595 [Listener at 127.0.0.1/34829] INFO  http.BaseHttpServer (BaseHttpServer.java:newHttpServer2BuilderForOzone(209)) - Starting Web-server for ozoneManager at: http://0.0.0.0:0
2022-07-27 13:52:25,595 [Listener at 127.0.0.1/34829] INFO  http.BaseHttpServer (BaseHttpServer.java:<init>(107)) - Hadoop Security Enabled: false Ozone Security Enabled: false Ozone HTTP Security Enabled: false 
2022-07-27 13:52:25,596 [Listener at 127.0.0.1/34829] INFO  server.AuthenticationFilter (AuthenticationFilter.java:constructSecretProvider(240)) - Unable to initialize FileSignerSecretProvider, falling back to use random secrets.
2022-07-27 13:52:25,605 [Listener at 127.0.0.1/34829] WARN  http.HttpRequestLog (HttpRequestLog.java:getRequestLog(103)) - Jetty request log can only be enabled using Log4j
2022-07-27 13:52:25,606 [Listener at 127.0.0.1/34829] INFO  http.HttpServer2 (HttpServer2.java:addGlobalFilter(1029)) - Added global filter 'safety' (class=org.apache.hadoop.hdds.server.http.HttpServer2$QuotingInputFilter)
2022-07-27 13:52:25,607 [Listener at 127.0.0.1/34829] INFO  http.HttpServer2 (HttpServer2.java:addFilter(1005)) - Added filter static_user_filter (class=org.apache.hadoop.http.lib.StaticUserWebFilter$StaticUserFilter) to context ozoneManager
2022-07-27 13:52:25,626 [Listener at 127.0.0.1/34829] INFO  http.HttpServer2 (HttpServer2.java:addFilter(1013)) - Added filter static_user_filter (class=org.apache.hadoop.http.lib.StaticUserWebFilter$StaticUserFilter) to context logs
2022-07-27 13:52:25,627 [Listener at 127.0.0.1/34829] INFO  http.HttpServer2 (HttpServer2.java:addFilter(1013)) - Added filter static_user_filter (class=org.apache.hadoop.http.lib.StaticUserWebFilter$StaticUserFilter) to context static
2022-07-27 13:52:25,628 [Listener at 127.0.0.1/34829] INFO  http.HttpServer2 (HttpServer2.java:bindListener(1248)) - Jetty bound to port 35193
2022-07-27 13:52:25,628 [Listener at 127.0.0.1/34829] INFO  server.Server (Server.java:doStart(375)) - jetty-9.4.43.v20210629; built: 2021-06-30T11:07:22.254Z; git: 526006ecfa3af7f1a27ef3a288e2bef7ea9dd7e8; jvm 1.8.0_332-b09
2022-07-27 13:52:25,666 [Listener at 127.0.0.1/34829] INFO  server.session (DefaultSessionIdManager.java:doStart(334)) - DefaultSessionIdManager workerName=node0
2022-07-27 13:52:25,666 [Listener at 127.0.0.1/34829] INFO  server.session (DefaultSessionIdManager.java:doStart(339)) - No SessionScavenger set, using defaults
2022-07-27 13:52:25,666 [Listener at 127.0.0.1/34829] INFO  server.session (HouseKeeper.java:startScavenging(132)) - node0 Scavenging every 660000ms
2022-07-27 13:52:25,671 [Listener at 127.0.0.1/34829] INFO  handler.ContextHandler (ContextHandler.java:doStart(915)) - Started o.e.j.s.ServletContextHandler@5db29e7{logs,/logs,file:///home/runner/work/ozone/ozone/hadoop-ozone/integration-test/target/log,AVAILABLE}
2022-07-27 13:52:25,672 [Listener at 127.0.0.1/34829] INFO  handler.ContextHandler (ContextHandler.java:doStart(915)) - Started o.e.j.s.ServletContextHandler@5c31e6ef{static,/static,file:///home/runner/work/ozone/ozone/hadoop-ozone/integration-test/target/test-classes/webapps/static,AVAILABLE}
2022-07-27 13:52:25,674 [Listener at 127.0.0.1/34829] INFO  handler.ContextHandler (ContextHandler.java:doStart(915)) - Started o.e.j.w.WebAppContext@4eeae57d{ozoneManager,/,file:///home/runner/work/ozone/ozone/hadoop-ozone/integration-test/target/test-classes/webapps/ozoneManager/,AVAILABLE}{file:/home/runner/work/ozone/ozone/hadoop-ozone/integration-test/target/test-classes/webapps/ozoneManager}
2022-07-27 13:52:25,702 [Listener at 127.0.0.1/34829] INFO  server.AbstractConnector (AbstractConnector.java:doStart(331)) - Started ServerConnector@4c479041{HTTP/1.1, (http/1.1)}{0.0.0.0:35193}
2022-07-27 13:52:25,702 [Listener at 127.0.0.1/34829] INFO  server.Server (Server.java:doStart(415)) - Started @211265ms
2022-07-27 13:52:25,702 [Listener at 127.0.0.1/34829] WARN  impl.MetricsSystemImpl (MetricsSystemImpl.java:register(279)) - Sink prometheus already exists!
2022-07-27 13:52:25,709 [Listener at 127.0.0.1/34829] INFO  http.BaseHttpServer (BaseHttpServer.java:updateConnectorAddress(329)) - HTTP server of ozoneManager listening at http://0.0.0.0:35193
2022-07-27 13:52:25,709 [IPC Server Responder] INFO  ipc.Server (Server.java:run(1507)) - IPC Server Responder: starting
2022-07-27 13:52:25,733 [IPC Server listener on 0] INFO  ipc.Server (Server.java:run(1344)) - IPC Server listener on 0: starting
2022-07-27 13:52:25,735 [Listener at 127.0.0.1/34829] INFO  om.TrashPolicyOzone (TrashPolicyOzone.java:<init>(178)) - Ozone Manager trash configuration: Deletion interval = 0 minutes, Emptier interval = 0 minutes.
2022-07-27 13:52:25,764 [org.apache.hadoop.util.JvmPauseMonitor$Monitor@40a8a626] INFO  util.JvmPauseMonitor (JvmPauseMonitor.java:run(188)) - Starting JVM pause monitor
2022-07-27 13:52:25,785 [Listener at 127.0.0.1/34829] WARN  impl.MetricRegistriesImpl (MetricRegistriesImpl.java:addReporterRegistration(111)) - New reporters are added after registries were created. Some metrics will be missing from the reporter. Please add reporter before adding any new registry.
2022-07-27 13:52:25,785 [Listener at 127.0.0.1/34829] WARN  impl.MetricRegistriesImpl (MetricRegistriesImpl.java:addReporterRegistration(111)) - New reporters are added after registries were created. Some metrics will be missing from the reporter. Please add reporter before adding any new registry.
2022-07-27 13:52:25,786 [Listener at 127.0.0.1/34829] INFO  impl.MetricsSystemImpl (MetricsSystemImpl.java:init(158)) - HddsDatanode metrics system started (again)
2022-07-27 13:52:25,861 [Listener at 127.0.0.1/34829] INFO  ozone.HddsDatanodeService (HddsDatanodeService.java:start(236)) - HddsDatanodeService host:fv-az217-261.5fhmivlnczbevhjmk01nzrxweh.bx.internal.cloudapp.net ip:10.1.0.21
2022-07-27 13:52:25,944 [Listener at 127.0.0.1/34829] INFO  upgrade.AbstractLayoutVersionManager (AbstractLayoutVersionManager.java:init(83)) - Initializing Layout version manager with metadata layout = DATANODE_SCHEMA_V3 (version = 4), software layout = DATANODE_SCHEMA_V3 (version = 4)
2022-07-27 13:52:26,059 [Listener at 127.0.0.1/34829] INFO  reflections.Reflections (Reflections.java:scan(232)) - Reflections took 105 ms to scan 7 urls, producing 132 keys and 321 values 
2022-07-27 13:52:26,069 [Listener at 127.0.0.1/34829] INFO  statemachine.DatanodeStateMachine (DatanodeStateMachine.java:getEndPointTaskThreadPoolSize(237)) - Datanode State Machine Task Thread Pool size 2
2022-07-27 13:52:26,070 [Listener at 127.0.0.1/34829] INFO  volume.HddsVolume (HddsVolume.java:<init>(116)) - Creating HddsVolume: /home/runner/work/ozone/ozone/hadoop-ozone/integration-test/target/test-dir/MiniOzoneClusterImpl-d8681e24-cb86-4f17-9b85-5d83644f9f4f/datanode-0/data-0/containers/hdds of storage type : DISK capacity : 9223372036854775807
2022-07-27 13:52:26,071 [Listener at 127.0.0.1/34829] INFO  volume.MutableVolumeSet (MutableVolumeSet.java:initializeVolumeSet(174)) - Added Volume : /home/runner/work/ozone/ozone/hadoop-ozone/integration-test/target/test-dir/MiniOzoneClusterImpl-d8681e24-cb86-4f17-9b85-5d83644f9f4f/datanode-0/data-0/containers/hdds to VolumeSet
2022-07-27 13:52:26,071 [Listener at 127.0.0.1/34829] INFO  volume.ThrottledAsyncChecker (ThrottledAsyncChecker.java:schedule(141)) - Scheduling a check for /home/runner/work/ozone/ozone/hadoop-ozone/integration-test/target/test-dir/MiniOzoneClusterImpl-d8681e24-cb86-4f17-9b85-5d83644f9f4f/datanode-0/data-0/containers/hdds
2022-07-27 13:52:26,071 [Listener at 127.0.0.1/34829] INFO  volume.StorageVolumeChecker (StorageVolumeChecker.java:checkAllVolumes(202)) - Scheduled health check for volume /home/runner/work/ozone/ozone/hadoop-ozone/integration-test/target/test-dir/MiniOzoneClusterImpl-d8681e24-cb86-4f17-9b85-5d83644f9f4f/datanode-0/data-0/containers/hdds
2022-07-27 13:52:26,108 [Listener at 127.0.0.1/34829] INFO  volume.MutableVolumeSet (MutableVolumeSet.java:initializeVolumeSet(174)) - Added Volume : /home/runner/work/ozone/ozone/hadoop-ozone/integration-test/target/test-dir/MiniOzoneClusterImpl-d8681e24-cb86-4f17-9b85-5d83644f9f4f/datanode-0/data/ratis to VolumeSet
2022-07-27 13:52:26,109 [Listener at 127.0.0.1/34829] INFO  volume.ThrottledAsyncChecker (ThrottledAsyncChecker.java:schedule(141)) - Scheduling a check for /home/runner/work/ozone/ozone/hadoop-ozone/integration-test/target/test-dir/MiniOzoneClusterImpl-d8681e24-cb86-4f17-9b85-5d83644f9f4f/datanode-0/data/ratis
2022-07-27 13:52:26,109 [Listener at 127.0.0.1/34829] INFO  volume.StorageVolumeChecker (StorageVolumeChecker.java:checkAllVolumes(202)) - Scheduled health check for volume /home/runner/work/ozone/ozone/hadoop-ozone/integration-test/target/test-dir/MiniOzoneClusterImpl-d8681e24-cb86-4f17-9b85-5d83644f9f4f/datanode-0/data/ratis
2022-07-27 13:52:26,126 [Thread-1613] INFO  ozoneimpl.ContainerReader (ContainerReader.java:readVolume(175)) - Finish verifying containers on volume /home/runner/work/ozone/ozone/hadoop-ozone/integration-test/target/test-dir/MiniOzoneClusterImpl-d8681e24-cb86-4f17-9b85-5d83644f9f4f/datanode-0/data-0/containers/hdds
2022-07-27 13:52:26,126 [Listener at 127.0.0.1/34829] INFO  ozoneimpl.OzoneContainer (OzoneContainer.java:buildContainerSet(299)) - Build ContainerSet costs 0s
2022-07-27 13:52:26,130 [Listener at 127.0.0.1/34829] INFO  server.RaftServer (ConfUtils.java:logGet(46)) - raft.rpc.type = GRPC (default)
2022-07-27 13:52:26,130 [Listener at 127.0.0.1/34829] INFO  grpc.GrpcFactory (GrpcFactory.java:checkPooledByteBufAllocatorUseCacheForAllThreads(48)) - PERFORMANCE WARNING: useCacheForAllThreads is true that may cause Netty to create a lot garbage objects and, as a result, trigger GC.
	It is recommended to disable useCacheForAllThreads by setting -Dorg.apache.ratis.thirdparty.io.netty.allocator.useCacheForAllThreads=false in command line.
2022-07-27 13:52:26,130 [Listener at 127.0.0.1/34829] INFO  grpc.GrpcConfigKeys (ConfUtils.java:logGet(46)) - raft.grpc.admin.port = 0 (custom)
2022-07-27 13:52:26,130 [Listener at 127.0.0.1/34829] INFO  grpc.GrpcConfigKeys (ConfUtils.java:logGet(46)) - raft.grpc.client.port = 0 (custom)
2022-07-27 13:52:26,130 [Listener at 127.0.0.1/34829] INFO  grpc.GrpcConfigKeys (ConfUtils.java:logGet(46)) - raft.grpc.server.port = 0 (default)
2022-07-27 13:52:26,131 [Listener at 127.0.0.1/34829] INFO  server.GrpcService (ConfUtils.java:logGet(46)) - raft.grpc.message.size.max = 32MB (=33554432) (custom)
2022-07-27 13:52:26,131 [Listener at 127.0.0.1/34829] INFO  server.RaftServerConfigKeys (ConfUtils.java:logGet(46)) - raft.server.log.appender.buffer.byte-limit = 33554432 (custom)
2022-07-27 13:52:26,131 [Listener at 127.0.0.1/34829] INFO  server.GrpcService (ConfUtils.java:logGet(46)) - raft.grpc.flow.control.window = 5MB (=5242880) (custom)
2022-07-27 13:52:26,131 [Listener at 127.0.0.1/34829] INFO  server.RaftServerConfigKeys (ConfUtils.java:logGet(46)) - raft.server.rpc.request.timeout = 60s (custom)
2022-07-27 13:52:26,131 [Listener at 127.0.0.1/34829] INFO  grpc.GrpcConfigKeys (ConfUtils.java:logGet(46)) - raft.grpc.server.async.request.thread.pool.cached = true (default)
2022-07-27 13:52:26,131 [Listener at 127.0.0.1/34829] INFO  grpc.GrpcConfigKeys (ConfUtils.java:logGet(46)) - raft.grpc.server.async.request.thread.pool.size = 32 (default)
2022-07-27 13:52:26,132 [Listener at 127.0.0.1/34829] INFO  impl.DataStreamServerImpl (ConfUtils.java:logGet(46)) - raft.datastream.type = DISABLED (default)
2022-07-27 13:52:26,132 [Listener at 127.0.0.1/34829] INFO  server.RaftServerConfigKeys (ConfUtils.java:logGet(46)) - raft.server.threadpool.proxy.cached = true (default)
2022-07-27 13:52:26,132 [Listener at 127.0.0.1/34829] INFO  server.RaftServerConfigKeys (ConfUtils.java:logGet(46)) - raft.server.threadpool.proxy.size = 0 (default)
2022-07-27 13:52:26,132 [Listener at 127.0.0.1/34829] INFO  server.RaftServerConfigKeys (ConfUtils.java:logGet(46)) - raft.server.rpc.slowness.timeout = 300s (custom)
2022-07-27 13:52:26,132 [Listener at 127.0.0.1/34829] INFO  server.RaftServerConfigKeys (ConfUtils.java:logGet(46)) - raft.server.leaderelection.leader.step-down.wait-time = 10s (default)
2022-07-27 13:52:26,133 [Listener at 127.0.0.1/34829] INFO  server.RaftServerConfigKeys (ConfUtils.java:logGet(46)) - raft.server.storage.dir = [/home/runner/work/ozone/ozone/hadoop-ozone/integration-test/target/test-dir/MiniOzoneClusterImpl-d8681e24-cb86-4f17-9b85-5d83644f9f4f/datanode-0/data/ratis] (custom)
2022-07-27 13:52:26,145 [Listener at 127.0.0.1/34829] INFO  server.XceiverServerGrpc (XceiverServerGrpc.java:<init>(132)) - GrpcServer channel type EpollServerSocketChannel
2022-07-27 13:52:26,153 [Listener at 127.0.0.1/34829] INFO  http.BaseHttpServer (BaseHttpServer.java:newHttpServer2BuilderForOzone(209)) - Starting Web-server for hddsDatanode at: http://0.0.0.0:0
2022-07-27 13:52:26,153 [Listener at 127.0.0.1/34829] INFO  http.BaseHttpServer (BaseHttpServer.java:<init>(107)) - Hadoop Security Enabled: false Ozone Security Enabled: false Ozone HTTP Security Enabled: false 
2022-07-27 13:52:26,155 [Listener at 127.0.0.1/34829] INFO  server.AuthenticationFilter (AuthenticationFilter.java:constructSecretProvider(240)) - Unable to initialize FileSignerSecretProvider, falling back to use random secrets.
2022-07-27 13:52:26,190 [Listener at 127.0.0.1/34829] WARN  http.HttpRequestLog (HttpRequestLog.java:getRequestLog(103)) - Jetty request log can only be enabled using Log4j
2022-07-27 13:52:26,192 [Listener at 127.0.0.1/34829] INFO  http.HttpServer2 (HttpServer2.java:addGlobalFilter(1029)) - Added global filter 'safety' (class=org.apache.hadoop.hdds.server.http.HttpServer2$QuotingInputFilter)
2022-07-27 13:52:26,192 [Listener at 127.0.0.1/34829] INFO  http.HttpServer2 (HttpServer2.java:addFilter(1005)) - Added filter static_user_filter (class=org.apache.hadoop.http.lib.StaticUserWebFilter$StaticUserFilter) to context hddsDatanode
2022-07-27 13:52:26,192 [Listener at 127.0.0.1/34829] INFO  http.HttpServer2 (HttpServer2.java:addFilter(1013)) - Added filter static_user_filter (class=org.apache.hadoop.http.lib.StaticUserWebFilter$StaticUserFilter) to context logs
2022-07-27 13:52:26,192 [Listener at 127.0.0.1/34829] INFO  http.HttpServer2 (HttpServer2.java:addFilter(1013)) - Added filter static_user_filter (class=org.apache.hadoop.http.lib.StaticUserWebFilter$StaticUserFilter) to context static
2022-07-27 13:52:26,193 [Listener at 127.0.0.1/34829] INFO  http.HttpServer2 (HttpServer2.java:bindListener(1248)) - Jetty bound to port 36923
2022-07-27 13:52:26,193 [Listener at 127.0.0.1/34829] INFO  server.Server (Server.java:doStart(375)) - jetty-9.4.43.v20210629; built: 2021-06-30T11:07:22.254Z; git: 526006ecfa3af7f1a27ef3a288e2bef7ea9dd7e8; jvm 1.8.0_332-b09
2022-07-27 13:52:26,194 [Listener at 127.0.0.1/34829] INFO  server.session (DefaultSessionIdManager.java:doStart(334)) - DefaultSessionIdManager workerName=node0
2022-07-27 13:52:26,194 [Listener at 127.0.0.1/34829] INFO  server.session (DefaultSessionIdManager.java:doStart(339)) - No SessionScavenger set, using defaults
2022-07-27 13:52:26,195 [Listener at 127.0.0.1/34829] INFO  server.session (HouseKeeper.java:startScavenging(132)) - node0 Scavenging every 600000ms
2022-07-27 13:52:26,195 [Listener at 127.0.0.1/34829] INFO  handler.ContextHandler (ContextHandler.java:doStart(915)) - Started o.e.j.s.ServletContextHandler@2eb316a9{logs,/logs,file:///home/runner/work/ozone/ozone/hadoop-ozone/integration-test/target/log,AVAILABLE}
2022-07-27 13:52:26,195 [Listener at 127.0.0.1/34829] INFO  handler.ContextHandler (ContextHandler.java:doStart(915)) - Started o.e.j.s.ServletContextHandler@4b957eae{static,/static,jar:file:/home/runner/.m2/repository/org/apache/ozone/hdds-container-service/1.3.0-SNAPSHOT/hdds-container-service-1.3.0-SNAPSHOT.jar!/webapps/static,AVAILABLE}
2022-07-27 13:52:26,590 [om1@group-C5BA1605619E-FollowerState] INFO  impl.FollowerState (FollowerState.java:run(143)) - om1@group-C5BA1605619E-FollowerState: change to CANDIDATE, lastRpcElapsedTime:1112726760ns, electionTimeout:1083ms
2022-07-27 13:52:26,590 [om1@group-C5BA1605619E-FollowerState] INFO  impl.RoleInfo (RoleInfo.java:shutdownFollowerState(110)) - om1: shutdown om1@group-C5BA1605619E-FollowerState
2022-07-27 13:52:26,590 [om1@group-C5BA1605619E-FollowerState] INFO  server.RaftServer$Division (RaftServerImpl.java:setRole(299)) - om1@group-C5BA1605619E: changes role from  FOLLOWER to CANDIDATE at term 0 for changeToCandidate
2022-07-27 13:52:26,590 [om1@group-C5BA1605619E-FollowerState] INFO  server.RaftServerConfigKeys (ConfUtils.java:logGet(46)) - raft.server.leaderelection.pre-vote = false (custom)
2022-07-27 13:52:26,591 [om1@group-C5BA1605619E-FollowerState] INFO  impl.RoleInfo (RoleInfo.java:updateAndGet(139)) - om1: start om1@group-C5BA1605619E-LeaderElection34
2022-07-27 13:52:26,676 [om1@group-C5BA1605619E-LeaderElection34] INFO  impl.LeaderElection (LeaderElection.java:askForVotes(310)) - om1@group-C5BA1605619E-LeaderElection34 ELECTION round 0: submit vote requests at term 1 for -1: [om1|rpc:localhost:9872|priority:0], old=null
2022-07-27 13:52:26,676 [om1@group-C5BA1605619E-LeaderElection34] INFO  impl.LeaderElection (LeaderElection.java:askForVotes(312)) - om1@group-C5BA1605619E-LeaderElection34 ELECTION round 0: result PASSED (term=1)
2022-07-27 13:52:26,676 [om1@group-C5BA1605619E-LeaderElection34] INFO  impl.RoleInfo (RoleInfo.java:shutdownLeaderElection(130)) - om1: shutdown om1@group-C5BA1605619E-LeaderElection34
2022-07-27 13:52:26,676 [om1@group-C5BA1605619E-LeaderElection34] INFO  server.RaftServer$Division (RaftServerImpl.java:setRole(299)) - om1@group-C5BA1605619E: changes role from CANDIDATE to LEADER at term 1 for changeToLeader
2022-07-27 13:52:26,677 [om1@group-C5BA1605619E-LeaderElection34] INFO  server.RaftServer$Division (ServerState.java:setLeader(287)) - om1@group-C5BA1605619E: change Leader from null to om1 at term 1 for becomeLeader, leader elected after 2709ms
2022-07-27 13:52:26,677 [om1@group-C5BA1605619E-LeaderElection34] INFO  server.RaftServerConfigKeys (ConfUtils.java:logGet(46)) - raft.server.staging.catchup.gap = 1000 (default)
2022-07-27 13:52:26,677 [om1@group-C5BA1605619E-LeaderElection34] INFO  server.RaftServerConfigKeys (ConfUtils.java:logGet(46)) - raft.server.write.element-limit = 4096 (default)
2022-07-27 13:52:26,677 [om1@group-C5BA1605619E-LeaderElection34] INFO  server.RaftServerConfigKeys (ConfUtils.java:logGet(46)) - raft.server.write.byte-limit = 64MB (=67108864) (default)
2022-07-27 13:52:26,677 [om1@group-C5BA1605619E-LeaderElection34] INFO  server.RaftServerConfigKeys (ConfUtils.java:logGet(46)) - raft.server.watch.timeout = 10s (default)
2022-07-27 13:52:26,677 [om1@group-C5BA1605619E-LeaderElection34] INFO  server.RaftServerConfigKeys (ConfUtils.java:logGet(46)) - raft.server.watch.timeout.denomination = 1s (default)
2022-07-27 13:52:26,677 [om1@group-C5BA1605619E-LeaderElection34] INFO  server.RaftServerConfigKeys (ConfUtils.java:logGet(46)) - raft.server.watch.element-limit = 65536 (default)
2022-07-27 13:52:26,677 [om1@group-C5BA1605619E-LeaderElection34] INFO  server.RaftServerConfigKeys (ConfUtils.java:logGet(46)) - raft.server.write.element-limit = 4096 (default)
2022-07-27 13:52:26,677 [om1@group-C5BA1605619E-LeaderElection34] INFO  server.RaftServerConfigKeys (ConfUtils.java:logGet(46)) - raft.server.write.follower.gap.ratio.max = -1.0 (default)
2022-07-27 13:52:26,677 [om1@group-C5BA1605619E-LeaderElection34] INFO  impl.RoleInfo (RoleInfo.java:updateAndGet(139)) - om1: start om1@group-C5BA1605619E-LeaderStateImpl
2022-07-27 13:52:26,678 [om1@group-C5BA1605619E-LeaderElection34] INFO  segmented.SegmentedRaftLogWorker (SegmentedRaftLogWorker.java:startLogSegment(425)) - om1@group-C5BA1605619E-SegmentedRaftLogWorker: Starting segment from index:0
2022-07-27 13:52:26,693 [om1@group-C5BA1605619E-SegmentedRaftLogWorker] INFO  segmented.SegmentedRaftLogWorker (SegmentedRaftLogWorker.java:execute(629)) - om1@group-C5BA1605619E-SegmentedRaftLogWorker: created new log segment /home/runner/work/ozone/ozone/hadoop-ozone/integration-test/target/test-dir/MiniOzoneClusterImpl-d8681e24-cb86-4f17-9b85-5d83644f9f4f/ozone-meta/ratis/bf265839-605b-3f16-9796-c5ba1605619e/current/log_inprogress_0
2022-07-27 13:52:26,723 [om1@group-C5BA1605619E-LeaderElection34] INFO  server.RaftServer$Division (ServerState.java:setRaftConf(393)) - om1@group-C5BA1605619E: set configuration 0: [om1|rpc:localhost:9872|admin:|client:|dataStream:|priority:0], old=null
2022-07-27 13:52:26,725 [om1@group-C5BA1605619E-StateMachineUpdater] INFO  ratis.OzoneManagerStateMachine (OzoneManagerStateMachine.java:notifyConfigurationChanged(192)) - Received Configuration change notification from Ratis. New Peer list:
[id: "om1"
address: "localhost:9872"
]
2022-07-27 13:52:26,815 [Listener at 127.0.0.1/34829] INFO  handler.ContextHandler (ContextHandler.java:doStart(915)) - Started o.e.j.w.WebAppContext@d117e88{hddsDatanode,/,file:///tmp/jetty-0_0_0_0-36923-hdds-container-service-1_3_0-SNAPSHOT_jar-_-any-2516089259203295435/webapp/,AVAILABLE}{jar:file:/home/runner/.m2/repository/org/apache/ozone/hdds-container-service/1.3.0-SNAPSHOT/hdds-container-service-1.3.0-SNAPSHOT.jar!/webapps/hddsDatanode}
2022-07-27 13:52:26,817 [Listener at 127.0.0.1/34829] INFO  server.AbstractConnector (AbstractConnector.java:doStart(331)) - Started ServerConnector@5682849{HTTP/1.1, (http/1.1)}{0.0.0.0:36923}
2022-07-27 13:52:26,817 [Listener at 127.0.0.1/34829] INFO  server.Server (Server.java:doStart(415)) - Started @212380ms
2022-07-27 13:52:26,817 [Listener at 127.0.0.1/34829] WARN  impl.MetricsSystemImpl (MetricsSystemImpl.java:register(279)) - Sink prometheus already exists!
2022-07-27 13:52:26,823 [Listener at 127.0.0.1/34829] INFO  http.BaseHttpServer (BaseHttpServer.java:updateConnectorAddress(329)) - HTTP server of hddsDatanode listening at http://0.0.0.0:36923
2022-07-27 13:52:26,831 [Datanode State Machine Daemon Thread] INFO  statemachine.DatanodeStateMachine (DatanodeStateMachine.java:lambda$startDaemon$0(492)) - Ozone container server started.
2022-07-27 13:52:26,831 [Listener at 127.0.0.1/34829] WARN  impl.MetricRegistriesImpl (MetricRegistriesImpl.java:addReporterRegistration(111)) - New reporters are added after registries were created. Some metrics will be missing from the reporter. Please add reporter before adding any new registry.
2022-07-27 13:52:26,840 [Listener at 127.0.0.1/34829] WARN  impl.MetricRegistriesImpl (MetricRegistriesImpl.java:addReporterRegistration(111)) - New reporters are added after registries were created. Some metrics will be missing from the reporter. Please add reporter before adding any new registry.
2022-07-27 13:52:26,840 [Listener at 127.0.0.1/34829] INFO  impl.MetricsSystemImpl (MetricsSystemImpl.java:init(158)) - HddsDatanode metrics system started (again)
2022-07-27 13:52:26,886 [org.apache.hadoop.util.JvmPauseMonitor$Monitor@73b53ad5] INFO  util.JvmPauseMonitor (JvmPauseMonitor.java:run(188)) - Starting JVM pause monitor
2022-07-27 13:52:26,899 [Listener at 127.0.0.1/34829] INFO  ozone.HddsDatanodeService (HddsDatanodeService.java:start(236)) - HddsDatanodeService host:fv-az217-261.5fhmivlnczbevhjmk01nzrxweh.bx.internal.cloudapp.net ip:10.1.0.21
2022-07-27 13:52:26,900 [Datanode State Machine Task Thread - 0] INFO  datanode.InitDatanodeState (InitDatanodeState.java:persistContainerDatanodeDetails(138)) - DatanodeDetails is persisted to /home/runner/work/ozone/ozone/hadoop-ozone/integration-test/target/test-dir/MiniOzoneClusterImpl-d8681e24-cb86-4f17-9b85-5d83644f9f4f/datanode-0/meta/datanode.id
2022-07-27 13:52:26,969 [Listener at 127.0.0.1/34829] INFO  upgrade.AbstractLayoutVersionManager (AbstractLayoutVersionManager.java:init(83)) - Initializing Layout version manager with metadata layout = DATANODE_SCHEMA_V3 (version = 4), software layout = DATANODE_SCHEMA_V3 (version = 4)
2022-07-27 13:52:27,143 [Listener at 127.0.0.1/34829] INFO  reflections.Reflections (Reflections.java:scan(232)) - Reflections took 172 ms to scan 7 urls, producing 132 keys and 321 values 
2022-07-27 13:52:27,173 [Listener at 127.0.0.1/34829] INFO  statemachine.DatanodeStateMachine (DatanodeStateMachine.java:getEndPointTaskThreadPoolSize(237)) - Datanode State Machine Task Thread Pool size 2
2022-07-27 13:52:27,174 [Listener at 127.0.0.1/34829] INFO  volume.HddsVolume (HddsVolume.java:<init>(116)) - Creating HddsVolume: /home/runner/work/ozone/ozone/hadoop-ozone/integration-test/target/test-dir/MiniOzoneClusterImpl-d8681e24-cb86-4f17-9b85-5d83644f9f4f/datanode-1/data-0/containers/hdds of storage type : DISK capacity : 9223372036854775807
2022-07-27 13:52:27,175 [Listener at 127.0.0.1/34829] INFO  volume.MutableVolumeSet (MutableVolumeSet.java:initializeVolumeSet(174)) - Added Volume : /home/runner/work/ozone/ozone/hadoop-ozone/integration-test/target/test-dir/MiniOzoneClusterImpl-d8681e24-cb86-4f17-9b85-5d83644f9f4f/datanode-1/data-0/containers/hdds to VolumeSet
2022-07-27 13:52:27,175 [Listener at 127.0.0.1/34829] INFO  volume.ThrottledAsyncChecker (ThrottledAsyncChecker.java:schedule(141)) - Scheduling a check for /home/runner/work/ozone/ozone/hadoop-ozone/integration-test/target/test-dir/MiniOzoneClusterImpl-d8681e24-cb86-4f17-9b85-5d83644f9f4f/datanode-1/data-0/containers/hdds
2022-07-27 13:52:27,175 [Listener at 127.0.0.1/34829] INFO  volume.StorageVolumeChecker (StorageVolumeChecker.java:checkAllVolumes(202)) - Scheduled health check for volume /home/runner/work/ozone/ozone/hadoop-ozone/integration-test/target/test-dir/MiniOzoneClusterImpl-d8681e24-cb86-4f17-9b85-5d83644f9f4f/datanode-1/data-0/containers/hdds
2022-07-27 13:52:27,191 [Listener at 127.0.0.1/34829] INFO  volume.MutableVolumeSet (MutableVolumeSet.java:initializeVolumeSet(174)) - Added Volume : /home/runner/work/ozone/ozone/hadoop-ozone/integration-test/target/test-dir/MiniOzoneClusterImpl-d8681e24-cb86-4f17-9b85-5d83644f9f4f/datanode-1/data/ratis to VolumeSet
2022-07-27 13:52:27,195 [Listener at 127.0.0.1/34829] INFO  volume.ThrottledAsyncChecker (ThrottledAsyncChecker.java:schedule(141)) - Scheduling a check for /home/runner/work/ozone/ozone/hadoop-ozone/integration-test/target/test-dir/MiniOzoneClusterImpl-d8681e24-cb86-4f17-9b85-5d83644f9f4f/datanode-1/data/ratis
2022-07-27 13:52:27,195 [Listener at 127.0.0.1/34829] INFO  volume.StorageVolumeChecker (StorageVolumeChecker.java:checkAllVolumes(202)) - Scheduled health check for volume /home/runner/work/ozone/ozone/hadoop-ozone/integration-test/target/test-dir/MiniOzoneClusterImpl-d8681e24-cb86-4f17-9b85-5d83644f9f4f/datanode-1/data/ratis
2022-07-27 13:52:27,232 [Thread-1628] INFO  ozoneimpl.ContainerReader (ContainerReader.java:readVolume(175)) - Finish verifying containers on volume /home/runner/work/ozone/ozone/hadoop-ozone/integration-test/target/test-dir/MiniOzoneClusterImpl-d8681e24-cb86-4f17-9b85-5d83644f9f4f/datanode-1/data-0/containers/hdds
2022-07-27 13:52:27,232 [Listener at 127.0.0.1/34829] INFO  ozoneimpl.OzoneContainer (OzoneContainer.java:buildContainerSet(299)) - Build ContainerSet costs 0s
2022-07-27 13:52:27,234 [Listener at 127.0.0.1/34829] INFO  server.RaftServer (ConfUtils.java:logGet(46)) - raft.rpc.type = GRPC (default)
2022-07-27 13:52:27,234 [Listener at 127.0.0.1/34829] INFO  grpc.GrpcFactory (GrpcFactory.java:checkPooledByteBufAllocatorUseCacheForAllThreads(48)) - PERFORMANCE WARNING: useCacheForAllThreads is true that may cause Netty to create a lot garbage objects and, as a result, trigger GC.
	It is recommended to disable useCacheForAllThreads by setting -Dorg.apache.ratis.thirdparty.io.netty.allocator.useCacheForAllThreads=false in command line.
2022-07-27 13:52:27,234 [Listener at 127.0.0.1/34829] INFO  grpc.GrpcConfigKeys (ConfUtils.java:logGet(46)) - raft.grpc.admin.port = 0 (custom)
2022-07-27 13:52:27,234 [Listener at 127.0.0.1/34829] INFO  grpc.GrpcConfigKeys (ConfUtils.java:logGet(46)) - raft.grpc.client.port = 0 (custom)
2022-07-27 13:52:27,234 [Listener at 127.0.0.1/34829] INFO  grpc.GrpcConfigKeys (ConfUtils.java:logGet(46)) - raft.grpc.server.port = 0 (default)
2022-07-27 13:52:27,234 [Listener at 127.0.0.1/34829] INFO  server.GrpcService (ConfUtils.java:logGet(46)) - raft.grpc.message.size.max = 32MB (=33554432) (custom)
2022-07-27 13:52:27,235 [Listener at 127.0.0.1/34829] INFO  server.RaftServerConfigKeys (ConfUtils.java:logGet(46)) - raft.server.log.appender.buffer.byte-limit = 33554432 (custom)
2022-07-27 13:52:27,235 [Listener at 127.0.0.1/34829] INFO  server.GrpcService (ConfUtils.java:logGet(46)) - raft.grpc.flow.control.window = 5MB (=5242880) (custom)
2022-07-27 13:52:27,235 [Listener at 127.0.0.1/34829] INFO  server.RaftServerConfigKeys (ConfUtils.java:logGet(46)) - raft.server.rpc.request.timeout = 60s (custom)
2022-07-27 13:52:27,235 [Listener at 127.0.0.1/34829] INFO  grpc.GrpcConfigKeys (ConfUtils.java:logGet(46)) - raft.grpc.server.async.request.thread.pool.cached = true (default)
2022-07-27 13:52:27,235 [Listener at 127.0.0.1/34829] INFO  grpc.GrpcConfigKeys (ConfUtils.java:logGet(46)) - raft.grpc.server.async.request.thread.pool.size = 32 (default)
2022-07-27 13:52:27,236 [Listener at 127.0.0.1/34829] INFO  impl.DataStreamServerImpl (ConfUtils.java:logGet(46)) - raft.datastream.type = DISABLED (default)
2022-07-27 13:52:27,236 [Listener at 127.0.0.1/34829] INFO  server.RaftServerConfigKeys (ConfUtils.java:logGet(46)) - raft.server.threadpool.proxy.cached = true (default)
2022-07-27 13:52:27,236 [Listener at 127.0.0.1/34829] INFO  server.RaftServerConfigKeys (ConfUtils.java:logGet(46)) - raft.server.threadpool.proxy.size = 0 (default)
2022-07-27 13:52:27,236 [Listener at 127.0.0.1/34829] INFO  server.RaftServerConfigKeys (ConfUtils.java:logGet(46)) - raft.server.rpc.slowness.timeout = 300s (custom)
2022-07-27 13:52:27,237 [Listener at 127.0.0.1/34829] INFO  server.RaftServerConfigKeys (ConfUtils.java:logGet(46)) - raft.server.leaderelection.leader.step-down.wait-time = 10s (default)
2022-07-27 13:52:27,237 [Listener at 127.0.0.1/34829] INFO  server.RaftServerConfigKeys (ConfUtils.java:logGet(46)) - raft.server.storage.dir = [/home/runner/work/ozone/ozone/hadoop-ozone/integration-test/target/test-dir/MiniOzoneClusterImpl-d8681e24-cb86-4f17-9b85-5d83644f9f4f/datanode-1/data/ratis] (custom)
2022-07-27 13:52:27,256 [Listener at 127.0.0.1/34829] INFO  server.XceiverServerGrpc (XceiverServerGrpc.java:<init>(132)) - GrpcServer channel type EpollServerSocketChannel
2022-07-27 13:52:27,274 [Listener at 127.0.0.1/34829] INFO  http.BaseHttpServer (BaseHttpServer.java:newHttpServer2BuilderForOzone(209)) - Starting Web-server for hddsDatanode at: http://0.0.0.0:0
2022-07-27 13:52:27,274 [Listener at 127.0.0.1/34829] INFO  http.BaseHttpServer (BaseHttpServer.java:<init>(107)) - Hadoop Security Enabled: false Ozone Security Enabled: false Ozone HTTP Security Enabled: false 
2022-07-27 13:52:27,279 [Listener at 127.0.0.1/34829] INFO  server.AuthenticationFilter (AuthenticationFilter.java:constructSecretProvider(240)) - Unable to initialize FileSignerSecretProvider, falling back to use random secrets.
2022-07-27 13:52:27,299 [Listener at 127.0.0.1/34829] WARN  http.HttpRequestLog (HttpRequestLog.java:getRequestLog(103)) - Jetty request log can only be enabled using Log4j
2022-07-27 13:52:27,301 [Listener at 127.0.0.1/34829] INFO  http.HttpServer2 (HttpServer2.java:addGlobalFilter(1029)) - Added global filter 'safety' (class=org.apache.hadoop.hdds.server.http.HttpServer2$QuotingInputFilter)
2022-07-27 13:52:27,301 [Listener at 127.0.0.1/34829] INFO  http.HttpServer2 (HttpServer2.java:addFilter(1005)) - Added filter static_user_filter (class=org.apache.hadoop.http.lib.StaticUserWebFilter$StaticUserFilter) to context hddsDatanode
2022-07-27 13:52:27,301 [Listener at 127.0.0.1/34829] INFO  http.HttpServer2 (HttpServer2.java:addFilter(1013)) - Added filter static_user_filter (class=org.apache.hadoop.http.lib.StaticUserWebFilter$StaticUserFilter) to context static
2022-07-27 13:52:27,301 [Listener at 127.0.0.1/34829] INFO  http.HttpServer2 (HttpServer2.java:addFilter(1013)) - Added filter static_user_filter (class=org.apache.hadoop.http.lib.StaticUserWebFilter$StaticUserFilter) to context logs
2022-07-27 13:52:27,302 [Listener at 127.0.0.1/34829] INFO  http.HttpServer2 (HttpServer2.java:bindListener(1248)) - Jetty bound to port 36751
2022-07-27 13:52:27,302 [Listener at 127.0.0.1/34829] INFO  server.Server (Server.java:doStart(375)) - jetty-9.4.43.v20210629; built: 2021-06-30T11:07:22.254Z; git: 526006ecfa3af7f1a27ef3a288e2bef7ea9dd7e8; jvm 1.8.0_332-b09
2022-07-27 13:52:27,304 [Listener at 127.0.0.1/34829] INFO  server.session (DefaultSessionIdManager.java:doStart(334)) - DefaultSessionIdManager workerName=node0
2022-07-27 13:52:27,304 [Listener at 127.0.0.1/34829] INFO  server.session (DefaultSessionIdManager.java:doStart(339)) - No SessionScavenger set, using defaults
2022-07-27 13:52:27,305 [Listener at 127.0.0.1/34829] INFO  server.session (HouseKeeper.java:startScavenging(132)) - node0 Scavenging every 600000ms
2022-07-27 13:52:27,305 [Listener at 127.0.0.1/34829] INFO  handler.ContextHandler (ContextHandler.java:doStart(915)) - Started o.e.j.s.ServletContextHandler@7709a275{logs,/logs,file:///home/runner/work/ozone/ozone/hadoop-ozone/integration-test/target/log,AVAILABLE}
2022-07-27 13:52:27,305 [Listener at 127.0.0.1/34829] INFO  handler.ContextHandler (ContextHandler.java:doStart(915)) - Started o.e.j.s.ServletContextHandler@1e7aa85c{static,/static,jar:file:/home/runner/.m2/repository/org/apache/ozone/hdds-container-service/1.3.0-SNAPSHOT/hdds-container-service-1.3.0-SNAPSHOT.jar!/webapps/static,AVAILABLE}
2022-07-27 13:52:27,569 [UnderReplicatedQueueThreadThread] INFO  replication.UnderReplicatedProcessor (UnderReplicatedProcessor.java:processAll(85)) - Processed 0 under replicated containers, failed processing 0
2022-07-27 13:52:27,573 [OverReplicatedQueueThreadThread] INFO  replication.OverReplicatedProcessor (OverReplicatedProcessor.java:processAll(83)) - Processed 0 over replicated containers, failed processing 0
2022-07-27 13:52:27,628 [Listener at 127.0.0.1/34829] INFO  handler.ContextHandler (ContextHandler.java:doStart(915)) - Started o.e.j.w.WebAppContext@69e34852{hddsDatanode,/,file:///tmp/jetty-0_0_0_0-36751-hdds-container-service-1_3_0-SNAPSHOT_jar-_-any-3846082715858004547/webapp/,AVAILABLE}{jar:file:/home/runner/.m2/repository/org/apache/ozone/hdds-container-service/1.3.0-SNAPSHOT/hdds-container-service-1.3.0-SNAPSHOT.jar!/webapps/hddsDatanode}
2022-07-27 13:52:27,667 [Listener at 127.0.0.1/34829] INFO  server.AbstractConnector (AbstractConnector.java:doStart(331)) - Started ServerConnector@33a9cb79{HTTP/1.1, (http/1.1)}{0.0.0.0:36751}
2022-07-27 13:52:27,667 [Listener at 127.0.0.1/34829] INFO  server.Server (Server.java:doStart(415)) - Started @213230ms
2022-07-27 13:52:27,667 [Listener at 127.0.0.1/34829] WARN  impl.MetricsSystemImpl (MetricsSystemImpl.java:register(279)) - Sink prometheus already exists!
2022-07-27 13:52:27,668 [Listener at 127.0.0.1/34829] INFO  http.BaseHttpServer (BaseHttpServer.java:updateConnectorAddress(329)) - HTTP server of hddsDatanode listening at http://0.0.0.0:36751
2022-07-27 13:52:27,683 [Listener at 127.0.0.1/34829] WARN  impl.MetricRegistriesImpl (MetricRegistriesImpl.java:addReporterRegistration(111)) - New reporters are added after registries were created. Some metrics will be missing from the reporter. Please add reporter before adding any new registry.
2022-07-27 13:52:27,683 [Listener at 127.0.0.1/34829] WARN  impl.MetricRegistriesImpl (MetricRegistriesImpl.java:addReporterRegistration(111)) - New reporters are added after registries were created. Some metrics will be missing from the reporter. Please add reporter before adding any new registry.
2022-07-27 13:52:27,683 [Listener at 127.0.0.1/34829] INFO  impl.MetricsSystemImpl (MetricsSystemImpl.java:init(158)) - HddsDatanode metrics system started (again)
2022-07-27 13:52:27,697 [Listener at 127.0.0.1/34829] INFO  ozone.HddsDatanodeService (HddsDatanodeService.java:start(236)) - HddsDatanodeService host:fv-az217-261.5fhmivlnczbevhjmk01nzrxweh.bx.internal.cloudapp.net ip:10.1.0.21
2022-07-27 13:52:27,698 [Datanode State Machine Daemon Thread] INFO  statemachine.DatanodeStateMachine (DatanodeStateMachine.java:lambda$startDaemon$0(492)) - Ozone container server started.
2022-07-27 13:52:27,719 [org.apache.hadoop.util.JvmPauseMonitor$Monitor@5631fd24] INFO  util.JvmPauseMonitor (JvmPauseMonitor.java:run(188)) - Starting JVM pause monitor
2022-07-27 13:52:27,730 [Datanode State Machine Task Thread - 0] INFO  datanode.InitDatanodeState (InitDatanodeState.java:persistContainerDatanodeDetails(138)) - DatanodeDetails is persisted to /home/runner/work/ozone/ozone/hadoop-ozone/integration-test/target/test-dir/MiniOzoneClusterImpl-d8681e24-cb86-4f17-9b85-5d83644f9f4f/datanode-1/meta/datanode.id
2022-07-27 13:52:27,765 [Listener at 127.0.0.1/34829] INFO  upgrade.AbstractLayoutVersionManager (AbstractLayoutVersionManager.java:init(83)) - Initializing Layout version manager with metadata layout = DATANODE_SCHEMA_V3 (version = 4), software layout = DATANODE_SCHEMA_V3 (version = 4)
2022-07-27 13:52:27,926 [Listener at 127.0.0.1/34829] INFO  reflections.Reflections (Reflections.java:scan(232)) - Reflections took 160 ms to scan 7 urls, producing 132 keys and 321 values 
2022-07-27 13:52:27,934 [Listener at 127.0.0.1/34829] INFO  statemachine.DatanodeStateMachine (DatanodeStateMachine.java:getEndPointTaskThreadPoolSize(237)) - Datanode State Machine Task Thread Pool size 2
2022-07-27 13:52:27,935 [Listener at 127.0.0.1/34829] INFO  volume.HddsVolume (HddsVolume.java:<init>(116)) - Creating HddsVolume: /home/runner/work/ozone/ozone/hadoop-ozone/integration-test/target/test-dir/MiniOzoneClusterImpl-d8681e24-cb86-4f17-9b85-5d83644f9f4f/datanode-2/data-0/containers/hdds of storage type : DISK capacity : 9223372036854775807
2022-07-27 13:52:27,935 [Listener at 127.0.0.1/34829] INFO  volume.MutableVolumeSet (MutableVolumeSet.java:initializeVolumeSet(174)) - Added Volume : /home/runner/work/ozone/ozone/hadoop-ozone/integration-test/target/test-dir/MiniOzoneClusterImpl-d8681e24-cb86-4f17-9b85-5d83644f9f4f/datanode-2/data-0/containers/hdds to VolumeSet
2022-07-27 13:52:27,936 [Listener at 127.0.0.1/34829] INFO  volume.ThrottledAsyncChecker (ThrottledAsyncChecker.java:schedule(141)) - Scheduling a check for /home/runner/work/ozone/ozone/hadoop-ozone/integration-test/target/test-dir/MiniOzoneClusterImpl-d8681e24-cb86-4f17-9b85-5d83644f9f4f/datanode-2/data-0/containers/hdds
2022-07-27 13:52:27,937 [Listener at 127.0.0.1/34829] INFO  volume.StorageVolumeChecker (StorageVolumeChecker.java:checkAllVolumes(202)) - Scheduled health check for volume /home/runner/work/ozone/ozone/hadoop-ozone/integration-test/target/test-dir/MiniOzoneClusterImpl-d8681e24-cb86-4f17-9b85-5d83644f9f4f/datanode-2/data-0/containers/hdds
2022-07-27 13:52:27,984 [Listener at 127.0.0.1/34829] INFO  volume.MutableVolumeSet (MutableVolumeSet.java:initializeVolumeSet(174)) - Added Volume : /home/runner/work/ozone/ozone/hadoop-ozone/integration-test/target/test-dir/MiniOzoneClusterImpl-d8681e24-cb86-4f17-9b85-5d83644f9f4f/datanode-2/data/ratis to VolumeSet
2022-07-27 13:52:27,984 [Listener at 127.0.0.1/34829] INFO  volume.ThrottledAsyncChecker (ThrottledAsyncChecker.java:schedule(141)) - Scheduling a check for /home/runner/work/ozone/ozone/hadoop-ozone/integration-test/target/test-dir/MiniOzoneClusterImpl-d8681e24-cb86-4f17-9b85-5d83644f9f4f/datanode-2/data/ratis
2022-07-27 13:52:27,986 [Listener at 127.0.0.1/34829] INFO  volume.StorageVolumeChecker (StorageVolumeChecker.java:checkAllVolumes(202)) - Scheduled health check for volume /home/runner/work/ozone/ozone/hadoop-ozone/integration-test/target/test-dir/MiniOzoneClusterImpl-d8681e24-cb86-4f17-9b85-5d83644f9f4f/datanode-2/data/ratis
2022-07-27 13:52:28,025 [Thread-1641] INFO  ozoneimpl.ContainerReader (ContainerReader.java:readVolume(175)) - Finish verifying containers on volume /home/runner/work/ozone/ozone/hadoop-ozone/integration-test/target/test-dir/MiniOzoneClusterImpl-d8681e24-cb86-4f17-9b85-5d83644f9f4f/datanode-2/data-0/containers/hdds
2022-07-27 13:52:28,025 [Listener at 127.0.0.1/34829] INFO  ozoneimpl.OzoneContainer (OzoneContainer.java:buildContainerSet(299)) - Build ContainerSet costs 0s
2022-07-27 13:52:28,027 [Listener at 127.0.0.1/34829] INFO  server.RaftServer (ConfUtils.java:logGet(46)) - raft.rpc.type = GRPC (default)
2022-07-27 13:52:28,027 [Listener at 127.0.0.1/34829] INFO  grpc.GrpcFactory (GrpcFactory.java:checkPooledByteBufAllocatorUseCacheForAllThreads(48)) - PERFORMANCE WARNING: useCacheForAllThreads is true that may cause Netty to create a lot garbage objects and, as a result, trigger GC.
	It is recommended to disable useCacheForAllThreads by setting -Dorg.apache.ratis.thirdparty.io.netty.allocator.useCacheForAllThreads=false in command line.
2022-07-27 13:52:28,027 [Listener at 127.0.0.1/34829] INFO  grpc.GrpcConfigKeys (ConfUtils.java:logGet(46)) - raft.grpc.admin.port = 0 (custom)
2022-07-27 13:52:28,027 [Listener at 127.0.0.1/34829] INFO  grpc.GrpcConfigKeys (ConfUtils.java:logGet(46)) - raft.grpc.client.port = 0 (custom)
2022-07-27 13:52:28,027 [Listener at 127.0.0.1/34829] INFO  grpc.GrpcConfigKeys (ConfUtils.java:logGet(46)) - raft.grpc.server.port = 0 (default)
2022-07-27 13:52:28,027 [Listener at 127.0.0.1/34829] INFO  server.GrpcService (ConfUtils.java:logGet(46)) - raft.grpc.message.size.max = 32MB (=33554432) (custom)
2022-07-27 13:52:28,027 [Listener at 127.0.0.1/34829] INFO  server.RaftServerConfigKeys (ConfUtils.java:logGet(46)) - raft.server.log.appender.buffer.byte-limit = 33554432 (custom)
2022-07-27 13:52:28,027 [Listener at 127.0.0.1/34829] INFO  server.GrpcService (ConfUtils.java:logGet(46)) - raft.grpc.flow.control.window = 5MB (=5242880) (custom)
2022-07-27 13:52:28,028 [Listener at 127.0.0.1/34829] INFO  server.RaftServerConfigKeys (ConfUtils.java:logGet(46)) - raft.server.rpc.request.timeout = 60s (custom)
2022-07-27 13:52:28,028 [Listener at 127.0.0.1/34829] INFO  grpc.GrpcConfigKeys (ConfUtils.java:logGet(46)) - raft.grpc.server.async.request.thread.pool.cached = true (default)
2022-07-27 13:52:28,028 [Listener at 127.0.0.1/34829] INFO  grpc.GrpcConfigKeys (ConfUtils.java:logGet(46)) - raft.grpc.server.async.request.thread.pool.size = 32 (default)
2022-07-27 13:52:28,030 [Listener at 127.0.0.1/34829] INFO  impl.DataStreamServerImpl (ConfUtils.java:logGet(46)) - raft.datastream.type = DISABLED (default)
2022-07-27 13:52:28,032 [Listener at 127.0.0.1/34829] INFO  server.RaftServerConfigKeys (ConfUtils.java:logGet(46)) - raft.server.threadpool.proxy.cached = true (default)
2022-07-27 13:52:28,032 [Listener at 127.0.0.1/34829] INFO  server.RaftServerConfigKeys (ConfUtils.java:logGet(46)) - raft.server.threadpool.proxy.size = 0 (default)
2022-07-27 13:52:28,032 [Listener at 127.0.0.1/34829] INFO  server.RaftServerConfigKeys (ConfUtils.java:logGet(46)) - raft.server.rpc.slowness.timeout = 300s (custom)
2022-07-27 13:52:28,032 [Listener at 127.0.0.1/34829] INFO  server.RaftServerConfigKeys (ConfUtils.java:logGet(46)) - raft.server.leaderelection.leader.step-down.wait-time = 10s (default)
2022-07-27 13:52:28,032 [Listener at 127.0.0.1/34829] INFO  server.RaftServerConfigKeys (ConfUtils.java:logGet(46)) - raft.server.storage.dir = [/home/runner/work/ozone/ozone/hadoop-ozone/integration-test/target/test-dir/MiniOzoneClusterImpl-d8681e24-cb86-4f17-9b85-5d83644f9f4f/datanode-2/data/ratis] (custom)
2022-07-27 13:52:28,033 [Listener at 127.0.0.1/34829] INFO  server.XceiverServerGrpc (XceiverServerGrpc.java:<init>(132)) - GrpcServer channel type EpollServerSocketChannel
2022-07-27 13:52:28,066 [Listener at 127.0.0.1/34829] INFO  http.BaseHttpServer (BaseHttpServer.java:newHttpServer2BuilderForOzone(209)) - Starting Web-server for hddsDatanode at: http://0.0.0.0:0
2022-07-27 13:52:28,066 [Listener at 127.0.0.1/34829] INFO  http.BaseHttpServer (BaseHttpServer.java:<init>(107)) - Hadoop Security Enabled: false Ozone Security Enabled: false Ozone HTTP Security Enabled: false 
2022-07-27 13:52:28,067 [Listener at 127.0.0.1/34829] INFO  server.AuthenticationFilter (AuthenticationFilter.java:constructSecretProvider(240)) - Unable to initialize FileSignerSecretProvider, falling back to use random secrets.
2022-07-27 13:52:28,070 [Listener at 127.0.0.1/34829] WARN  http.HttpRequestLog (HttpRequestLog.java:getRequestLog(103)) - Jetty request log can only be enabled using Log4j
2022-07-27 13:52:28,071 [Listener at 127.0.0.1/34829] INFO  http.HttpServer2 (HttpServer2.java:addGlobalFilter(1029)) - Added global filter 'safety' (class=org.apache.hadoop.hdds.server.http.HttpServer2$QuotingInputFilter)
2022-07-27 13:52:28,072 [Listener at 127.0.0.1/34829] INFO  http.HttpServer2 (HttpServer2.java:addFilter(1005)) - Added filter static_user_filter (class=org.apache.hadoop.http.lib.StaticUserWebFilter$StaticUserFilter) to context hddsDatanode
2022-07-27 13:52:28,072 [Listener at 127.0.0.1/34829] INFO  http.HttpServer2 (HttpServer2.java:addFilter(1013)) - Added filter static_user_filter (class=org.apache.hadoop.http.lib.StaticUserWebFilter$StaticUserFilter) to context static
2022-07-27 13:52:28,072 [Listener at 127.0.0.1/34829] INFO  http.HttpServer2 (HttpServer2.java:addFilter(1013)) - Added filter static_user_filter (class=org.apache.hadoop.http.lib.StaticUserWebFilter$StaticUserFilter) to context logs
2022-07-27 13:52:28,072 [Listener at 127.0.0.1/34829] INFO  http.HttpServer2 (HttpServer2.java:bindListener(1248)) - Jetty bound to port 41651
2022-07-27 13:52:28,072 [Listener at 127.0.0.1/34829] INFO  server.Server (Server.java:doStart(375)) - jetty-9.4.43.v20210629; built: 2021-06-30T11:07:22.254Z; git: 526006ecfa3af7f1a27ef3a288e2bef7ea9dd7e8; jvm 1.8.0_332-b09
2022-07-27 13:52:28,074 [Listener at 127.0.0.1/34829] INFO  server.session (DefaultSessionIdManager.java:doStart(334)) - DefaultSessionIdManager workerName=node0
2022-07-27 13:52:28,074 [Listener at 127.0.0.1/34829] INFO  server.session (DefaultSessionIdManager.java:doStart(339)) - No SessionScavenger set, using defaults
2022-07-27 13:52:28,074 [Listener at 127.0.0.1/34829] INFO  server.session (HouseKeeper.java:startScavenging(132)) - node0 Scavenging every 660000ms
2022-07-27 13:52:28,075 [Listener at 127.0.0.1/34829] INFO  handler.ContextHandler (ContextHandler.java:doStart(915)) - Started o.e.j.s.ServletContextHandler@d21057e{logs,/logs,file:///home/runner/work/ozone/ozone/hadoop-ozone/integration-test/target/log,AVAILABLE}
2022-07-27 13:52:28,075 [Listener at 127.0.0.1/34829] INFO  handler.ContextHandler (ContextHandler.java:doStart(915)) - Started o.e.j.s.ServletContextHandler@24bab3d8{static,/static,jar:file:/home/runner/.m2/repository/org/apache/ozone/hdds-container-service/1.3.0-SNAPSHOT/hdds-container-service-1.3.0-SNAPSHOT.jar!/webapps/static,AVAILABLE}
2022-07-27 13:52:28,412 [Listener at 127.0.0.1/34829] INFO  handler.ContextHandler (ContextHandler.java:doStart(915)) - Started o.e.j.w.WebAppContext@9ed2b30{hddsDatanode,/,file:///tmp/jetty-0_0_0_0-41651-hdds-container-service-1_3_0-SNAPSHOT_jar-_-any-908102383012104994/webapp/,AVAILABLE}{jar:file:/home/runner/.m2/repository/org/apache/ozone/hdds-container-service/1.3.0-SNAPSHOT/hdds-container-service-1.3.0-SNAPSHOT.jar!/webapps/hddsDatanode}
2022-07-27 13:52:28,456 [Listener at 127.0.0.1/34829] INFO  server.AbstractConnector (AbstractConnector.java:doStart(331)) - Started ServerConnector@1b692647{HTTP/1.1, (http/1.1)}{0.0.0.0:41651}
2022-07-27 13:52:28,456 [Listener at 127.0.0.1/34829] INFO  server.Server (Server.java:doStart(415)) - Started @214019ms
2022-07-27 13:52:28,456 [Listener at 127.0.0.1/34829] WARN  impl.MetricsSystemImpl (MetricsSystemImpl.java:register(279)) - Sink prometheus already exists!
2022-07-27 13:52:28,464 [Listener at 127.0.0.1/34829] INFO  http.BaseHttpServer (BaseHttpServer.java:updateConnectorAddress(329)) - HTTP server of hddsDatanode listening at http://0.0.0.0:41651
2022-07-27 13:52:28,470 [Listener at 127.0.0.1/34829] WARN  impl.MetricRegistriesImpl (MetricRegistriesImpl.java:addReporterRegistration(111)) - New reporters are added after registries were created. Some metrics will be missing from the reporter. Please add reporter before adding any new registry.
2022-07-27 13:52:28,470 [Listener at 127.0.0.1/34829] WARN  impl.MetricRegistriesImpl (MetricRegistriesImpl.java:addReporterRegistration(111)) - New reporters are added after registries were created. Some metrics will be missing from the reporter. Please add reporter before adding any new registry.
2022-07-27 13:52:28,470 [Listener at 127.0.0.1/34829] INFO  impl.MetricsSystemImpl (MetricsSystemImpl.java:init(158)) - HddsDatanode metrics system started (again)
2022-07-27 13:52:28,483 [Datanode State Machine Daemon Thread] INFO  statemachine.DatanodeStateMachine (DatanodeStateMachine.java:lambda$startDaemon$0(492)) - Ozone container server started.
2022-07-27 13:52:28,539 [org.apache.hadoop.util.JvmPauseMonitor$Monitor@6fd973a2] INFO  util.JvmPauseMonitor (JvmPauseMonitor.java:run(188)) - Starting JVM pause monitor
2022-07-27 13:52:28,552 [Datanode State Machine Task Thread - 0] INFO  datanode.InitDatanodeState (InitDatanodeState.java:persistContainerDatanodeDetails(138)) - DatanodeDetails is persisted to /home/runner/work/ozone/ozone/hadoop-ozone/integration-test/target/test-dir/MiniOzoneClusterImpl-d8681e24-cb86-4f17-9b85-5d83644f9f4f/datanode-2/meta/datanode.id
2022-07-27 13:52:28,553 [Listener at 127.0.0.1/34829] INFO  ozone.HddsDatanodeService (HddsDatanodeService.java:start(236)) - HddsDatanodeService host:fv-az217-261.5fhmivlnczbevhjmk01nzrxweh.bx.internal.cloudapp.net ip:10.1.0.21
2022-07-27 13:52:28,622 [Listener at 127.0.0.1/34829] INFO  upgrade.AbstractLayoutVersionManager (AbstractLayoutVersionManager.java:init(83)) - Initializing Layout version manager with metadata layout = DATANODE_SCHEMA_V3 (version = 4), software layout = DATANODE_SCHEMA_V3 (version = 4)
2022-07-27 13:52:28,764 [Listener at 127.0.0.1/34829] INFO  reflections.Reflections (Reflections.java:scan(232)) - Reflections took 141 ms to scan 7 urls, producing 132 keys and 321 values 
2022-07-27 13:52:28,775 [Listener at 127.0.0.1/34829] INFO  statemachine.DatanodeStateMachine (DatanodeStateMachine.java:getEndPointTaskThreadPoolSize(237)) - Datanode State Machine Task Thread Pool size 2
2022-07-27 13:52:28,795 [Listener at 127.0.0.1/34829] INFO  volume.HddsVolume (HddsVolume.java:<init>(116)) - Creating HddsVolume: /home/runner/work/ozone/ozone/hadoop-ozone/integration-test/target/test-dir/MiniOzoneClusterImpl-d8681e24-cb86-4f17-9b85-5d83644f9f4f/datanode-3/data-0/containers/hdds of storage type : DISK capacity : 9223372036854775807
2022-07-27 13:52:28,796 [Listener at 127.0.0.1/34829] INFO  volume.MutableVolumeSet (MutableVolumeSet.java:initializeVolumeSet(174)) - Added Volume : /home/runner/work/ozone/ozone/hadoop-ozone/integration-test/target/test-dir/MiniOzoneClusterImpl-d8681e24-cb86-4f17-9b85-5d83644f9f4f/datanode-3/data-0/containers/hdds to VolumeSet
2022-07-27 13:52:28,796 [Listener at 127.0.0.1/34829] INFO  volume.ThrottledAsyncChecker (ThrottledAsyncChecker.java:schedule(141)) - Scheduling a check for /home/runner/work/ozone/ozone/hadoop-ozone/integration-test/target/test-dir/MiniOzoneClusterImpl-d8681e24-cb86-4f17-9b85-5d83644f9f4f/datanode-3/data-0/containers/hdds
2022-07-27 13:52:28,827 [Listener at 127.0.0.1/34829] INFO  volume.StorageVolumeChecker (StorageVolumeChecker.java:checkAllVolumes(202)) - Scheduled health check for volume /home/runner/work/ozone/ozone/hadoop-ozone/integration-test/target/test-dir/MiniOzoneClusterImpl-d8681e24-cb86-4f17-9b85-5d83644f9f4f/datanode-3/data-0/containers/hdds
2022-07-27 13:52:28,861 [Listener at 127.0.0.1/34829] INFO  volume.MutableVolumeSet (MutableVolumeSet.java:initializeVolumeSet(174)) - Added Volume : /home/runner/work/ozone/ozone/hadoop-ozone/integration-test/target/test-dir/MiniOzoneClusterImpl-d8681e24-cb86-4f17-9b85-5d83644f9f4f/datanode-3/data/ratis to VolumeSet
2022-07-27 13:52:28,861 [Listener at 127.0.0.1/34829] INFO  volume.ThrottledAsyncChecker (ThrottledAsyncChecker.java:schedule(141)) - Scheduling a check for /home/runner/work/ozone/ozone/hadoop-ozone/integration-test/target/test-dir/MiniOzoneClusterImpl-d8681e24-cb86-4f17-9b85-5d83644f9f4f/datanode-3/data/ratis
2022-07-27 13:52:28,877 [Listener at 127.0.0.1/34829] INFO  volume.StorageVolumeChecker (StorageVolumeChecker.java:checkAllVolumes(202)) - Scheduled health check for volume /home/runner/work/ozone/ozone/hadoop-ozone/integration-test/target/test-dir/MiniOzoneClusterImpl-d8681e24-cb86-4f17-9b85-5d83644f9f4f/datanode-3/data/ratis
2022-07-27 13:52:28,942 [Thread-1654] INFO  ozoneimpl.ContainerReader (ContainerReader.java:readVolume(175)) - Finish verifying containers on volume /home/runner/work/ozone/ozone/hadoop-ozone/integration-test/target/test-dir/MiniOzoneClusterImpl-d8681e24-cb86-4f17-9b85-5d83644f9f4f/datanode-3/data-0/containers/hdds
2022-07-27 13:52:28,942 [Listener at 127.0.0.1/34829] INFO  ozoneimpl.OzoneContainer (OzoneContainer.java:buildContainerSet(299)) - Build ContainerSet costs 0s
2022-07-27 13:52:28,944 [Listener at 127.0.0.1/34829] INFO  server.RaftServer (ConfUtils.java:logGet(46)) - raft.rpc.type = GRPC (default)
2022-07-27 13:52:28,944 [Listener at 127.0.0.1/34829] INFO  grpc.GrpcFactory (GrpcFactory.java:checkPooledByteBufAllocatorUseCacheForAllThreads(48)) - PERFORMANCE WARNING: useCacheForAllThreads is true that may cause Netty to create a lot garbage objects and, as a result, trigger GC.
	It is recommended to disable useCacheForAllThreads by setting -Dorg.apache.ratis.thirdparty.io.netty.allocator.useCacheForAllThreads=false in command line.
2022-07-27 13:52:28,944 [Listener at 127.0.0.1/34829] INFO  grpc.GrpcConfigKeys (ConfUtils.java:logGet(46)) - raft.grpc.admin.port = 0 (custom)
2022-07-27 13:52:28,944 [Listener at 127.0.0.1/34829] INFO  grpc.GrpcConfigKeys (ConfUtils.java:logGet(46)) - raft.grpc.client.port = 0 (custom)
2022-07-27 13:52:28,944 [Listener at 127.0.0.1/34829] INFO  grpc.GrpcConfigKeys (ConfUtils.java:logGet(46)) - raft.grpc.server.port = 0 (default)
2022-07-27 13:52:28,944 [Listener at 127.0.0.1/34829] INFO  server.GrpcService (ConfUtils.java:logGet(46)) - raft.grpc.message.size.max = 32MB (=33554432) (custom)
2022-07-27 13:52:28,944 [Listener at 127.0.0.1/34829] INFO  server.RaftServerConfigKeys (ConfUtils.java:logGet(46)) - raft.server.log.appender.buffer.byte-limit = 33554432 (custom)
2022-07-27 13:52:28,944 [Listener at 127.0.0.1/34829] INFO  server.GrpcService (ConfUtils.java:logGet(46)) - raft.grpc.flow.control.window = 5MB (=5242880) (custom)
2022-07-27 13:52:28,945 [Listener at 127.0.0.1/34829] INFO  server.RaftServerConfigKeys (ConfUtils.java:logGet(46)) - raft.server.rpc.request.timeout = 60s (custom)
2022-07-27 13:52:28,945 [Listener at 127.0.0.1/34829] INFO  grpc.GrpcConfigKeys (ConfUtils.java:logGet(46)) - raft.grpc.server.async.request.thread.pool.cached = true (default)
2022-07-27 13:52:28,945 [Listener at 127.0.0.1/34829] INFO  grpc.GrpcConfigKeys (ConfUtils.java:logGet(46)) - raft.grpc.server.async.request.thread.pool.size = 32 (default)
2022-07-27 13:52:28,946 [Listener at 127.0.0.1/34829] INFO  impl.DataStreamServerImpl (ConfUtils.java:logGet(46)) - raft.datastream.type = DISABLED (default)
2022-07-27 13:52:28,946 [Listener at 127.0.0.1/34829] INFO  server.RaftServerConfigKeys (ConfUtils.java:logGet(46)) - raft.server.threadpool.proxy.cached = true (default)
2022-07-27 13:52:28,946 [Listener at 127.0.0.1/34829] INFO  server.RaftServerConfigKeys (ConfUtils.java:logGet(46)) - raft.server.threadpool.proxy.size = 0 (default)
2022-07-27 13:52:28,946 [Listener at 127.0.0.1/34829] INFO  server.RaftServerConfigKeys (ConfUtils.java:logGet(46)) - raft.server.rpc.slowness.timeout = 300s (custom)
2022-07-27 13:52:28,946 [Listener at 127.0.0.1/34829] INFO  server.RaftServerConfigKeys (ConfUtils.java:logGet(46)) - raft.server.leaderelection.leader.step-down.wait-time = 10s (default)
2022-07-27 13:52:28,946 [Listener at 127.0.0.1/34829] INFO  server.RaftServerConfigKeys (ConfUtils.java:logGet(46)) - raft.server.storage.dir = [/home/runner/work/ozone/ozone/hadoop-ozone/integration-test/target/test-dir/MiniOzoneClusterImpl-d8681e24-cb86-4f17-9b85-5d83644f9f4f/datanode-3/data/ratis] (custom)
2022-07-27 13:52:28,985 [Listener at 127.0.0.1/34829] INFO  server.XceiverServerGrpc (XceiverServerGrpc.java:<init>(132)) - GrpcServer channel type EpollServerSocketChannel
2022-07-27 13:52:28,987 [Listener at 127.0.0.1/34829] INFO  http.BaseHttpServer (BaseHttpServer.java:newHttpServer2BuilderForOzone(209)) - Starting Web-server for hddsDatanode at: http://0.0.0.0:0
2022-07-27 13:52:28,987 [Listener at 127.0.0.1/34829] INFO  http.BaseHttpServer (BaseHttpServer.java:<init>(107)) - Hadoop Security Enabled: false Ozone Security Enabled: false Ozone HTTP Security Enabled: false 
2022-07-27 13:52:28,995 [Listener at 127.0.0.1/34829] INFO  server.AuthenticationFilter (AuthenticationFilter.java:constructSecretProvider(240)) - Unable to initialize FileSignerSecretProvider, falling back to use random secrets.
2022-07-27 13:52:29,025 [Listener at 127.0.0.1/34829] WARN  http.HttpRequestLog (HttpRequestLog.java:getRequestLog(103)) - Jetty request log can only be enabled using Log4j
2022-07-27 13:52:29,027 [Listener at 127.0.0.1/34829] INFO  http.HttpServer2 (HttpServer2.java:addGlobalFilter(1029)) - Added global filter 'safety' (class=org.apache.hadoop.hdds.server.http.HttpServer2$QuotingInputFilter)
2022-07-27 13:52:29,027 [Listener at 127.0.0.1/34829] INFO  http.HttpServer2 (HttpServer2.java:addFilter(1005)) - Added filter static_user_filter (class=org.apache.hadoop.http.lib.StaticUserWebFilter$StaticUserFilter) to context hddsDatanode
2022-07-27 13:52:29,027 [Listener at 127.0.0.1/34829] INFO  http.HttpServer2 (HttpServer2.java:addFilter(1013)) - Added filter static_user_filter (class=org.apache.hadoop.http.lib.StaticUserWebFilter$StaticUserFilter) to context static
2022-07-27 13:52:29,027 [Listener at 127.0.0.1/34829] INFO  http.HttpServer2 (HttpServer2.java:addFilter(1013)) - Added filter static_user_filter (class=org.apache.hadoop.http.lib.StaticUserWebFilter$StaticUserFilter) to context logs
2022-07-27 13:52:29,028 [Listener at 127.0.0.1/34829] INFO  http.HttpServer2 (HttpServer2.java:bindListener(1248)) - Jetty bound to port 34029
2022-07-27 13:52:29,028 [Listener at 127.0.0.1/34829] INFO  server.Server (Server.java:doStart(375)) - jetty-9.4.43.v20210629; built: 2021-06-30T11:07:22.254Z; git: 526006ecfa3af7f1a27ef3a288e2bef7ea9dd7e8; jvm 1.8.0_332-b09
2022-07-27 13:52:29,031 [Listener at 127.0.0.1/34829] INFO  server.session (DefaultSessionIdManager.java:doStart(334)) - DefaultSessionIdManager workerName=node0
2022-07-27 13:52:29,031 [Listener at 127.0.0.1/34829] INFO  server.session (DefaultSessionIdManager.java:doStart(339)) - No SessionScavenger set, using defaults
2022-07-27 13:52:29,031 [Listener at 127.0.0.1/34829] INFO  server.session (HouseKeeper.java:startScavenging(132)) - node0 Scavenging every 600000ms
2022-07-27 13:52:29,032 [Listener at 127.0.0.1/34829] INFO  handler.ContextHandler (ContextHandler.java:doStart(915)) - Started o.e.j.s.ServletContextHandler@4c1c9b90{logs,/logs,file:///home/runner/work/ozone/ozone/hadoop-ozone/integration-test/target/log,AVAILABLE}
2022-07-27 13:52:29,032 [Listener at 127.0.0.1/34829] INFO  handler.ContextHandler (ContextHandler.java:doStart(915)) - Started o.e.j.s.ServletContextHandler@37c662be{static,/static,jar:file:/home/runner/.m2/repository/org/apache/ozone/hdds-container-service/1.3.0-SNAPSHOT/hdds-container-service-1.3.0-SNAPSHOT.jar!/webapps/static,AVAILABLE}
2022-07-27 13:52:29,142 [EndpointStateMachine task thread for /0.0.0.0:36065 - 0 ] INFO  volume.HddsVolume (HddsVolume.java:createDbStore(309)) - SchemaV3 db is created and loaded at /home/runner/work/ozone/ozone/hadoop-ozone/integration-test/target/test-dir/MiniOzoneClusterImpl-d8681e24-cb86-4f17-9b85-5d83644f9f4f/datanode-0/data-0/containers/hdds/d8681e24-cb86-4f17-9b85-5d83644f9f4f/DS-d4b62aca-af38-4a66-a86d-491edce0d0e1/container.db for volume DS-d4b62aca-af38-4a66-a86d-491edce0d0e1
2022-07-27 13:52:29,163 [EndpointStateMachine task thread for /0.0.0.0:36065 - 0 ] INFO  volume.HddsVolume (HddsVolume.java:closeDbStore(340)) - SchemaV3 db is stopped at /home/runner/work/ozone/ozone/hadoop-ozone/integration-test/target/test-dir/MiniOzoneClusterImpl-d8681e24-cb86-4f17-9b85-5d83644f9f4f/datanode-0/data-0/containers/hdds/d8681e24-cb86-4f17-9b85-5d83644f9f4f/DS-d4b62aca-af38-4a66-a86d-491edce0d0e1/container.db for volume DS-d4b62aca-af38-4a66-a86d-491edce0d0e1
2022-07-27 13:52:29,164 [EndpointStateMachine task thread for /0.0.0.0:36065 - 0 ] INFO  ozoneimpl.OzoneContainer (OzoneContainer.java:start(377)) - Attempting to start container services.
2022-07-27 13:52:29,164 [EndpointStateMachine task thread for /0.0.0.0:36065 - 0 ] INFO  ozoneimpl.OzoneContainer (OzoneContainer.java:startContainerScrub(312)) - Background container scanner has been disabled.
2022-07-27 13:52:29,187 [EndpointStateMachine task thread for /0.0.0.0:36065 - 0 ] INFO  replication.ReplicationServer (ReplicationServer.java:start(111)) - ReplicationServer is started using port 39195
2022-07-27 13:52:29,188 [EndpointStateMachine task thread for /0.0.0.0:36065 - 0 ] INFO  ratis.XceiverServerRatis (XceiverServerRatis.java:start(481)) - Starting XceiverServerRatis 300bc6a6-ac9b-494f-ba5e-9b5cd40f574a
2022-07-27 13:52:29,219 [EndpointStateMachine task thread for /0.0.0.0:36065 - 0 ] INFO  server.RaftServer (RaftServerProxy.java:lambda$start$6(382)) - 300bc6a6-ac9b-494f-ba5e-9b5cd40f574a: start RPC server
2022-07-27 13:52:29,229 [EndpointStateMachine task thread for /0.0.0.0:36065 - 0 ] INFO  server.GrpcService (GrpcService.java:startImpl(260)) - 300bc6a6-ac9b-494f-ba5e-9b5cd40f574a: GrpcService started, listening on 35611
2022-07-27 13:52:29,231 [EndpointStateMachine task thread for /0.0.0.0:36065 - 0 ] INFO  ratis.XceiverServerRatis (XceiverServerRatis.java:getRealPort(502)) - XceiverServerRatis 300bc6a6-ac9b-494f-ba5e-9b5cd40f574a is started using port 35611 for RATIS
2022-07-27 13:52:29,231 [EndpointStateMachine task thread for /0.0.0.0:36065 - 0 ] INFO  ratis.XceiverServerRatis (XceiverServerRatis.java:getRealPort(502)) - XceiverServerRatis 300bc6a6-ac9b-494f-ba5e-9b5cd40f574a is started using port 35611 for RATIS_ADMIN
2022-07-27 13:52:29,231 [EndpointStateMachine task thread for /0.0.0.0:36065 - 0 ] INFO  ratis.XceiverServerRatis (XceiverServerRatis.java:getRealPort(502)) - XceiverServerRatis 300bc6a6-ac9b-494f-ba5e-9b5cd40f574a is started using port 35611 for RATIS_SERVER
2022-07-27 13:52:29,231 [org.apache.ratis.util.JvmPauseMonitor$$Lambda$615/1136232276@72c4e6eb] INFO  util.JvmPauseMonitor (JvmPauseMonitor.java:run(103)) - JvmPauseMonitor-300bc6a6-ac9b-494f-ba5e-9b5cd40f574a: Started
2022-07-27 13:52:29,331 [EndpointStateMachine task thread for /0.0.0.0:36065 - 0 ] INFO  server.XceiverServerGrpc (XceiverServerGrpc.java:start(180)) - XceiverServerGrpc 300bc6a6-ac9b-494f-ba5e-9b5cd40f574a is started using port 41653
2022-07-27 13:52:29,602 [Listener at 127.0.0.1/34829] INFO  handler.ContextHandler (ContextHandler.java:doStart(915)) - Started o.e.j.w.WebAppContext@1240dda0{hddsDatanode,/,file:///tmp/jetty-0_0_0_0-34029-hdds-container-service-1_3_0-SNAPSHOT_jar-_-any-4423889130636218306/webapp/,AVAILABLE}{jar:file:/home/runner/.m2/repository/org/apache/ozone/hdds-container-service/1.3.0-SNAPSHOT/hdds-container-service-1.3.0-SNAPSHOT.jar!/webapps/hddsDatanode}
2022-07-27 13:52:29,615 [Listener at 127.0.0.1/34829] INFO  server.AbstractConnector (AbstractConnector.java:doStart(331)) - Started ServerConnector@39b55249{HTTP/1.1, (http/1.1)}{0.0.0.0:34029}
2022-07-27 13:52:29,615 [Listener at 127.0.0.1/34829] INFO  server.Server (Server.java:doStart(415)) - Started @215178ms
2022-07-27 13:52:29,615 [Listener at 127.0.0.1/34829] WARN  impl.MetricsSystemImpl (MetricsSystemImpl.java:register(279)) - Sink prometheus already exists!
2022-07-27 13:52:29,616 [Listener at 127.0.0.1/34829] INFO  http.BaseHttpServer (BaseHttpServer.java:updateConnectorAddress(329)) - HTTP server of hddsDatanode listening at http://0.0.0.0:34029
2022-07-27 13:52:29,626 [Listener at 127.0.0.1/34829] WARN  impl.MetricRegistriesImpl (MetricRegistriesImpl.java:addReporterRegistration(111)) - New reporters are added after registries were created. Some metrics will be missing from the reporter. Please add reporter before adding any new registry.
2022-07-27 13:52:29,626 [Listener at 127.0.0.1/34829] WARN  impl.MetricRegistriesImpl (MetricRegistriesImpl.java:addReporterRegistration(111)) - New reporters are added after registries were created. Some metrics will be missing from the reporter. Please add reporter before adding any new registry.
2022-07-27 13:52:29,626 [Listener at 127.0.0.1/34829] INFO  impl.MetricsSystemImpl (MetricsSystemImpl.java:init(158)) - HddsDatanode metrics system started (again)
2022-07-27 13:52:29,633 [Datanode State Machine Daemon Thread] INFO  statemachine.DatanodeStateMachine (DatanodeStateMachine.java:lambda$startDaemon$0(492)) - Ozone container server started.
2022-07-27 13:52:29,675 [org.apache.hadoop.util.JvmPauseMonitor$Monitor@73d1d161] INFO  util.JvmPauseMonitor (JvmPauseMonitor.java:run(188)) - Starting JVM pause monitor
2022-07-27 13:52:29,684 [Datanode State Machine Task Thread - 0] INFO  datanode.InitDatanodeState (InitDatanodeState.java:persistContainerDatanodeDetails(138)) - DatanodeDetails is persisted to /home/runner/work/ozone/ozone/hadoop-ozone/integration-test/target/test-dir/MiniOzoneClusterImpl-d8681e24-cb86-4f17-9b85-5d83644f9f4f/datanode-3/meta/datanode.id
2022-07-27 13:52:29,716 [Listener at 127.0.0.1/34829] INFO  ozone.HddsDatanodeService (HddsDatanodeService.java:start(236)) - HddsDatanodeService host:fv-az217-261.5fhmivlnczbevhjmk01nzrxweh.bx.internal.cloudapp.net ip:10.1.0.21
2022-07-27 13:52:29,783 [Listener at 127.0.0.1/34829] INFO  upgrade.AbstractLayoutVersionManager (AbstractLayoutVersionManager.java:init(83)) - Initializing Layout version manager with metadata layout = DATANODE_SCHEMA_V3 (version = 4), software layout = DATANODE_SCHEMA_V3 (version = 4)
2022-07-27 13:52:29,855 [EndpointStateMachine task thread for /0.0.0.0:36065 - 0 ] INFO  volume.HddsVolume (HddsVolume.java:createDbStore(309)) - SchemaV3 db is created and loaded at /home/runner/work/ozone/ozone/hadoop-ozone/integration-test/target/test-dir/MiniOzoneClusterImpl-d8681e24-cb86-4f17-9b85-5d83644f9f4f/datanode-1/data-0/containers/hdds/d8681e24-cb86-4f17-9b85-5d83644f9f4f/DS-14c8b3be-eb8a-444f-af36-f61625ad87ea/container.db for volume DS-14c8b3be-eb8a-444f-af36-f61625ad87ea
2022-07-27 13:52:29,879 [EndpointStateMachine task thread for /0.0.0.0:36065 - 0 ] INFO  volume.HddsVolume (HddsVolume.java:closeDbStore(340)) - SchemaV3 db is stopped at /home/runner/work/ozone/ozone/hadoop-ozone/integration-test/target/test-dir/MiniOzoneClusterImpl-d8681e24-cb86-4f17-9b85-5d83644f9f4f/datanode-1/data-0/containers/hdds/d8681e24-cb86-4f17-9b85-5d83644f9f4f/DS-14c8b3be-eb8a-444f-af36-f61625ad87ea/container.db for volume DS-14c8b3be-eb8a-444f-af36-f61625ad87ea
2022-07-27 13:52:29,880 [EndpointStateMachine task thread for /0.0.0.0:36065 - 0 ] INFO  ozoneimpl.OzoneContainer (OzoneContainer.java:start(377)) - Attempting to start container services.
2022-07-27 13:52:29,880 [EndpointStateMachine task thread for /0.0.0.0:36065 - 0 ] INFO  ozoneimpl.OzoneContainer (OzoneContainer.java:startContainerScrub(312)) - Background container scanner has been disabled.
2022-07-27 13:52:29,928 [EndpointStateMachine task thread for /0.0.0.0:36065 - 0 ] INFO  replication.ReplicationServer (ReplicationServer.java:start(111)) - ReplicationServer is started using port 36857
2022-07-27 13:52:29,929 [EndpointStateMachine task thread for /0.0.0.0:36065 - 0 ] INFO  ratis.XceiverServerRatis (XceiverServerRatis.java:start(481)) - Starting XceiverServerRatis 58deb1ea-3cfa-40e5-9635-0b83604fd255
2022-07-27 13:52:29,929 [EndpointStateMachine task thread for /0.0.0.0:36065 - 0 ] INFO  server.RaftServer (RaftServerProxy.java:lambda$start$6(382)) - 58deb1ea-3cfa-40e5-9635-0b83604fd255: start RPC server
2022-07-27 13:52:29,937 [EndpointStateMachine task thread for /0.0.0.0:36065 - 0 ] INFO  server.GrpcService (GrpcService.java:startImpl(260)) - 58deb1ea-3cfa-40e5-9635-0b83604fd255: GrpcService started, listening on 32883
2022-07-27 13:52:29,939 [EndpointStateMachine task thread for /0.0.0.0:36065 - 0 ] INFO  ratis.XceiverServerRatis (XceiverServerRatis.java:getRealPort(502)) - XceiverServerRatis 58deb1ea-3cfa-40e5-9635-0b83604fd255 is started using port 32883 for RATIS
2022-07-27 13:52:29,939 [EndpointStateMachine task thread for /0.0.0.0:36065 - 0 ] INFO  ratis.XceiverServerRatis (XceiverServerRatis.java:getRealPort(502)) - XceiverServerRatis 58deb1ea-3cfa-40e5-9635-0b83604fd255 is started using port 32883 for RATIS_ADMIN
2022-07-27 13:52:29,939 [EndpointStateMachine task thread for /0.0.0.0:36065 - 0 ] INFO  ratis.XceiverServerRatis (XceiverServerRatis.java:getRealPort(502)) - XceiverServerRatis 58deb1ea-3cfa-40e5-9635-0b83604fd255 is started using port 32883 for RATIS_SERVER
2022-07-27 13:52:29,939 [org.apache.ratis.util.JvmPauseMonitor$$Lambda$615/1136232276@230ec7ec] INFO  util.JvmPauseMonitor (JvmPauseMonitor.java:run(103)) - JvmPauseMonitor-58deb1ea-3cfa-40e5-9635-0b83604fd255: Started
2022-07-27 13:52:29,997 [EndpointStateMachine task thread for /0.0.0.0:36065 - 0 ] INFO  server.XceiverServerGrpc (XceiverServerGrpc.java:start(180)) - XceiverServerGrpc 58deb1ea-3cfa-40e5-9635-0b83604fd255 is started using port 44631
2022-07-27 13:52:30,105 [Listener at 127.0.0.1/34829] INFO  reflections.Reflections (Reflections.java:scan(232)) - Reflections took 321 ms to scan 7 urls, producing 132 keys and 321 values 
2022-07-27 13:52:30,108 [Listener at 127.0.0.1/34829] INFO  statemachine.DatanodeStateMachine (DatanodeStateMachine.java:getEndPointTaskThreadPoolSize(237)) - Datanode State Machine Task Thread Pool size 2
2022-07-27 13:52:30,117 [Listener at 127.0.0.1/34829] INFO  volume.HddsVolume (HddsVolume.java:<init>(116)) - Creating HddsVolume: /home/runner/work/ozone/ozone/hadoop-ozone/integration-test/target/test-dir/MiniOzoneClusterImpl-d8681e24-cb86-4f17-9b85-5d83644f9f4f/datanode-4/data-0/containers/hdds of storage type : DISK capacity : 9223372036854775807
2022-07-27 13:52:30,117 [Listener at 127.0.0.1/34829] INFO  volume.MutableVolumeSet (MutableVolumeSet.java:initializeVolumeSet(174)) - Added Volume : /home/runner/work/ozone/ozone/hadoop-ozone/integration-test/target/test-dir/MiniOzoneClusterImpl-d8681e24-cb86-4f17-9b85-5d83644f9f4f/datanode-4/data-0/containers/hdds to VolumeSet
2022-07-27 13:52:30,117 [Listener at 127.0.0.1/34829] INFO  volume.ThrottledAsyncChecker (ThrottledAsyncChecker.java:schedule(141)) - Scheduling a check for /home/runner/work/ozone/ozone/hadoop-ozone/integration-test/target/test-dir/MiniOzoneClusterImpl-d8681e24-cb86-4f17-9b85-5d83644f9f4f/datanode-4/data-0/containers/hdds
2022-07-27 13:52:30,118 [Listener at 127.0.0.1/34829] INFO  volume.StorageVolumeChecker (StorageVolumeChecker.java:checkAllVolumes(202)) - Scheduled health check for volume /home/runner/work/ozone/ozone/hadoop-ozone/integration-test/target/test-dir/MiniOzoneClusterImpl-d8681e24-cb86-4f17-9b85-5d83644f9f4f/datanode-4/data-0/containers/hdds
2022-07-27 13:52:30,130 [Listener at 127.0.0.1/34829] INFO  volume.MutableVolumeSet (MutableVolumeSet.java:initializeVolumeSet(174)) - Added Volume : /home/runner/work/ozone/ozone/hadoop-ozone/integration-test/target/test-dir/MiniOzoneClusterImpl-d8681e24-cb86-4f17-9b85-5d83644f9f4f/datanode-4/data/ratis to VolumeSet
2022-07-27 13:52:30,130 [Listener at 127.0.0.1/34829] INFO  volume.ThrottledAsyncChecker (ThrottledAsyncChecker.java:schedule(141)) - Scheduling a check for /home/runner/work/ozone/ozone/hadoop-ozone/integration-test/target/test-dir/MiniOzoneClusterImpl-d8681e24-cb86-4f17-9b85-5d83644f9f4f/datanode-4/data/ratis
2022-07-27 13:52:30,130 [Listener at 127.0.0.1/34829] INFO  volume.StorageVolumeChecker (StorageVolumeChecker.java:checkAllVolumes(202)) - Scheduled health check for volume /home/runner/work/ozone/ozone/hadoop-ozone/integration-test/target/test-dir/MiniOzoneClusterImpl-d8681e24-cb86-4f17-9b85-5d83644f9f4f/datanode-4/data/ratis
2022-07-27 13:52:30,141 [Thread-1678] INFO  ozoneimpl.ContainerReader (ContainerReader.java:readVolume(175)) - Finish verifying containers on volume /home/runner/work/ozone/ozone/hadoop-ozone/integration-test/target/test-dir/MiniOzoneClusterImpl-d8681e24-cb86-4f17-9b85-5d83644f9f4f/datanode-4/data-0/containers/hdds
2022-07-27 13:52:30,141 [Listener at 127.0.0.1/34829] INFO  ozoneimpl.OzoneContainer (OzoneContainer.java:buildContainerSet(299)) - Build ContainerSet costs 0s
2022-07-27 13:52:30,142 [Listener at 127.0.0.1/34829] INFO  server.RaftServer (ConfUtils.java:logGet(46)) - raft.rpc.type = GRPC (default)
2022-07-27 13:52:30,143 [Listener at 127.0.0.1/34829] INFO  grpc.GrpcFactory (GrpcFactory.java:checkPooledByteBufAllocatorUseCacheForAllThreads(48)) - PERFORMANCE WARNING: useCacheForAllThreads is true that may cause Netty to create a lot garbage objects and, as a result, trigger GC.
	It is recommended to disable useCacheForAllThreads by setting -Dorg.apache.ratis.thirdparty.io.netty.allocator.useCacheForAllThreads=false in command line.
2022-07-27 13:52:30,143 [Listener at 127.0.0.1/34829] INFO  grpc.GrpcConfigKeys (ConfUtils.java:logGet(46)) - raft.grpc.admin.port = 0 (custom)
2022-07-27 13:52:30,143 [Listener at 127.0.0.1/34829] INFO  grpc.GrpcConfigKeys (ConfUtils.java:logGet(46)) - raft.grpc.client.port = 0 (custom)
2022-07-27 13:52:30,153 [Listener at 127.0.0.1/34829] INFO  grpc.GrpcConfigKeys (ConfUtils.java:logGet(46)) - raft.grpc.server.port = 0 (default)
2022-07-27 13:52:30,153 [Listener at 127.0.0.1/34829] INFO  server.GrpcService (ConfUtils.java:logGet(46)) - raft.grpc.message.size.max = 32MB (=33554432) (custom)
2022-07-27 13:52:30,153 [Listener at 127.0.0.1/34829] INFO  server.RaftServerConfigKeys (ConfUtils.java:logGet(46)) - raft.server.log.appender.buffer.byte-limit = 33554432 (custom)
2022-07-27 13:52:30,153 [Listener at 127.0.0.1/34829] INFO  server.GrpcService (ConfUtils.java:logGet(46)) - raft.grpc.flow.control.window = 5MB (=5242880) (custom)
2022-07-27 13:52:30,153 [Listener at 127.0.0.1/34829] INFO  server.RaftServerConfigKeys (ConfUtils.java:logGet(46)) - raft.server.rpc.request.timeout = 60s (custom)
2022-07-27 13:52:30,153 [Listener at 127.0.0.1/34829] INFO  grpc.GrpcConfigKeys (ConfUtils.java:logGet(46)) - raft.grpc.server.async.request.thread.pool.cached = true (default)
2022-07-27 13:52:30,153 [Listener at 127.0.0.1/34829] INFO  grpc.GrpcConfigKeys (ConfUtils.java:logGet(46)) - raft.grpc.server.async.request.thread.pool.size = 32 (default)
2022-07-27 13:52:30,155 [Listener at 127.0.0.1/34829] INFO  impl.DataStreamServerImpl (ConfUtils.java:logGet(46)) - raft.datastream.type = DISABLED (default)
2022-07-27 13:52:30,155 [Listener at 127.0.0.1/34829] INFO  server.RaftServerConfigKeys (ConfUtils.java:logGet(46)) - raft.server.threadpool.proxy.cached = true (default)
2022-07-27 13:52:30,155 [Listener at 127.0.0.1/34829] INFO  server.RaftServerConfigKeys (ConfUtils.java:logGet(46)) - raft.server.threadpool.proxy.size = 0 (default)
2022-07-27 13:52:30,155 [Listener at 127.0.0.1/34829] INFO  server.RaftServerConfigKeys (ConfUtils.java:logGet(46)) - raft.server.rpc.slowness.timeout = 300s (custom)
2022-07-27 13:52:30,155 [Listener at 127.0.0.1/34829] INFO  server.RaftServerConfigKeys (ConfUtils.java:logGet(46)) - raft.server.leaderelection.leader.step-down.wait-time = 10s (default)
2022-07-27 13:52:30,155 [Listener at 127.0.0.1/34829] INFO  server.RaftServerConfigKeys (ConfUtils.java:logGet(46)) - raft.server.storage.dir = [/home/runner/work/ozone/ozone/hadoop-ozone/integration-test/target/test-dir/MiniOzoneClusterImpl-d8681e24-cb86-4f17-9b85-5d83644f9f4f/datanode-4/data/ratis] (custom)
2022-07-27 13:52:30,166 [Listener at 127.0.0.1/34829] INFO  server.XceiverServerGrpc (XceiverServerGrpc.java:<init>(132)) - GrpcServer channel type EpollServerSocketChannel
2022-07-27 13:52:30,183 [Listener at 127.0.0.1/34829] INFO  http.BaseHttpServer (BaseHttpServer.java:newHttpServer2BuilderForOzone(209)) - Starting Web-server for hddsDatanode at: http://0.0.0.0:0
2022-07-27 13:52:30,183 [Listener at 127.0.0.1/34829] INFO  http.BaseHttpServer (BaseHttpServer.java:<init>(107)) - Hadoop Security Enabled: false Ozone Security Enabled: false Ozone HTTP Security Enabled: false 
2022-07-27 13:52:30,184 [Listener at 127.0.0.1/34829] INFO  server.AuthenticationFilter (AuthenticationFilter.java:constructSecretProvider(240)) - Unable to initialize FileSignerSecretProvider, falling back to use random secrets.
2022-07-27 13:52:30,196 [Listener at 127.0.0.1/34829] WARN  http.HttpRequestLog (HttpRequestLog.java:getRequestLog(103)) - Jetty request log can only be enabled using Log4j
2022-07-27 13:52:30,197 [Listener at 127.0.0.1/34829] INFO  http.HttpServer2 (HttpServer2.java:addGlobalFilter(1029)) - Added global filter 'safety' (class=org.apache.hadoop.hdds.server.http.HttpServer2$QuotingInputFilter)
2022-07-27 13:52:30,198 [Listener at 127.0.0.1/34829] INFO  http.HttpServer2 (HttpServer2.java:addFilter(1005)) - Added filter static_user_filter (class=org.apache.hadoop.http.lib.StaticUserWebFilter$StaticUserFilter) to context hddsDatanode
2022-07-27 13:52:30,198 [Listener at 127.0.0.1/34829] INFO  http.HttpServer2 (HttpServer2.java:addFilter(1013)) - Added filter static_user_filter (class=org.apache.hadoop.http.lib.StaticUserWebFilter$StaticUserFilter) to context static
2022-07-27 13:52:30,198 [Listener at 127.0.0.1/34829] INFO  http.HttpServer2 (HttpServer2.java:addFilter(1013)) - Added filter static_user_filter (class=org.apache.hadoop.http.lib.StaticUserWebFilter$StaticUserFilter) to context logs
2022-07-27 13:52:30,198 [Listener at 127.0.0.1/34829] INFO  http.HttpServer2 (HttpServer2.java:bindListener(1248)) - Jetty bound to port 43229
2022-07-27 13:52:30,199 [Listener at 127.0.0.1/34829] INFO  server.Server (Server.java:doStart(375)) - jetty-9.4.43.v20210629; built: 2021-06-30T11:07:22.254Z; git: 526006ecfa3af7f1a27ef3a288e2bef7ea9dd7e8; jvm 1.8.0_332-b09
2022-07-27 13:52:30,248 [Listener at 127.0.0.1/34829] INFO  server.session (DefaultSessionIdManager.java:doStart(334)) - DefaultSessionIdManager workerName=node0
2022-07-27 13:52:30,248 [Listener at 127.0.0.1/34829] INFO  server.session (DefaultSessionIdManager.java:doStart(339)) - No SessionScavenger set, using defaults
2022-07-27 13:52:30,249 [Listener at 127.0.0.1/34829] INFO  server.session (HouseKeeper.java:startScavenging(132)) - node0 Scavenging every 600000ms
2022-07-27 13:52:30,255 [Listener at 127.0.0.1/34829] INFO  handler.ContextHandler (ContextHandler.java:doStart(915)) - Started o.e.j.s.ServletContextHandler@4bdeef45{logs,/logs,file:///home/runner/work/ozone/ozone/hadoop-ozone/integration-test/target/log,AVAILABLE}
2022-07-27 13:52:30,255 [Listener at 127.0.0.1/34829] INFO  handler.ContextHandler (ContextHandler.java:doStart(915)) - Started o.e.j.s.ServletContextHandler@7079a88b{static,/static,jar:file:/home/runner/.m2/repository/org/apache/ozone/hdds-container-service/1.3.0-SNAPSHOT/hdds-container-service-1.3.0-SNAPSHOT.jar!/webapps/static,AVAILABLE}
2022-07-27 13:52:30,730 [EndpointStateMachine task thread for /0.0.0.0:36065 - 0 ] INFO  volume.HddsVolume (HddsVolume.java:createDbStore(309)) - SchemaV3 db is created and loaded at /home/runner/work/ozone/ozone/hadoop-ozone/integration-test/target/test-dir/MiniOzoneClusterImpl-d8681e24-cb86-4f17-9b85-5d83644f9f4f/datanode-2/data-0/containers/hdds/d8681e24-cb86-4f17-9b85-5d83644f9f4f/DS-ce0f5de6-0d45-4374-92d4-7d18fa284133/container.db for volume DS-ce0f5de6-0d45-4374-92d4-7d18fa284133
2022-07-27 13:52:30,737 [EndpointStateMachine task thread for /0.0.0.0:36065 - 0 ] INFO  volume.HddsVolume (HddsVolume.java:closeDbStore(340)) - SchemaV3 db is stopped at /home/runner/work/ozone/ozone/hadoop-ozone/integration-test/target/test-dir/MiniOzoneClusterImpl-d8681e24-cb86-4f17-9b85-5d83644f9f4f/datanode-2/data-0/containers/hdds/d8681e24-cb86-4f17-9b85-5d83644f9f4f/DS-ce0f5de6-0d45-4374-92d4-7d18fa284133/container.db for volume DS-ce0f5de6-0d45-4374-92d4-7d18fa284133
2022-07-27 13:52:30,737 [EndpointStateMachine task thread for /0.0.0.0:36065 - 0 ] INFO  ozoneimpl.OzoneContainer (OzoneContainer.java:start(377)) - Attempting to start container services.
2022-07-27 13:52:30,737 [EndpointStateMachine task thread for /0.0.0.0:36065 - 0 ] INFO  ozoneimpl.OzoneContainer (OzoneContainer.java:startContainerScrub(312)) - Background container scanner has been disabled.
2022-07-27 13:52:30,759 [EndpointStateMachine task thread for /0.0.0.0:36065 - 0 ] INFO  replication.ReplicationServer (ReplicationServer.java:start(111)) - ReplicationServer is started using port 44895
2022-07-27 13:52:30,772 [EndpointStateMachine task thread for /0.0.0.0:36065 - 0 ] INFO  ratis.XceiverServerRatis (XceiverServerRatis.java:start(481)) - Starting XceiverServerRatis ddca7a03-388a-498e-af9c-b33aa01d2ce7
2022-07-27 13:52:30,772 [EndpointStateMachine task thread for /0.0.0.0:36065 - 0 ] INFO  server.RaftServer (RaftServerProxy.java:lambda$start$6(382)) - ddca7a03-388a-498e-af9c-b33aa01d2ce7: start RPC server
2022-07-27 13:52:30,793 [EndpointStateMachine task thread for /0.0.0.0:36065 - 0 ] INFO  server.GrpcService (GrpcService.java:startImpl(260)) - ddca7a03-388a-498e-af9c-b33aa01d2ce7: GrpcService started, listening on 36561
2022-07-27 13:52:30,795 [EndpointStateMachine task thread for /0.0.0.0:36065 - 0 ] INFO  ratis.XceiverServerRatis (XceiverServerRatis.java:getRealPort(502)) - XceiverServerRatis ddca7a03-388a-498e-af9c-b33aa01d2ce7 is started using port 36561 for RATIS
2022-07-27 13:52:30,795 [EndpointStateMachine task thread for /0.0.0.0:36065 - 0 ] INFO  ratis.XceiverServerRatis (XceiverServerRatis.java:getRealPort(502)) - XceiverServerRatis ddca7a03-388a-498e-af9c-b33aa01d2ce7 is started using port 36561 for RATIS_ADMIN
2022-07-27 13:52:30,795 [EndpointStateMachine task thread for /0.0.0.0:36065 - 0 ] INFO  ratis.XceiverServerRatis (XceiverServerRatis.java:getRealPort(502)) - XceiverServerRatis ddca7a03-388a-498e-af9c-b33aa01d2ce7 is started using port 36561 for RATIS_SERVER
2022-07-27 13:52:30,795 [org.apache.ratis.util.JvmPauseMonitor$$Lambda$615/1136232276@2bfdd369] INFO  util.JvmPauseMonitor (JvmPauseMonitor.java:run(103)) - JvmPauseMonitor-ddca7a03-388a-498e-af9c-b33aa01d2ce7: Started
2022-07-27 13:52:30,853 [IPC Server handler 10 on default port 36065] INFO  net.NetworkTopologyImpl (NetworkTopologyImpl.java:add(112)) - Added a new node: /default-rack/300bc6a6-ac9b-494f-ba5e-9b5cd40f574a
2022-07-27 13:52:30,853 [IPC Server handler 10 on default port 36065] INFO  node.SCMNodeManager (SCMNodeManager.java:register(397)) - Registered Data node : 300bc6a6-ac9b-494f-ba5e-9b5cd40f574a{ip: 10.1.0.21, host: fv-az217-261.5fhmivlnczbevhjmk01nzrxweh.bx.internal.cloudapp.net, ports: [REPLICATION=39195, RATIS=35611, RATIS_ADMIN=35611, RATIS_SERVER=35611, STANDALONE=41653], networkLocation: /default-rack, certSerialId: null, persistedOpState: null, persistedOpStateExpiryEpochSec: 0}
2022-07-27 13:52:30,862 [Listener at 127.0.0.1/34829] INFO  handler.ContextHandler (ContextHandler.java:doStart(915)) - Started o.e.j.w.WebAppContext@1453c0f3{hddsDatanode,/,file:///tmp/jetty-0_0_0_0-43229-hdds-container-service-1_3_0-SNAPSHOT_jar-_-any-3451263504465035917/webapp/,AVAILABLE}{jar:file:/home/runner/.m2/repository/org/apache/ozone/hdds-container-service/1.3.0-SNAPSHOT/hdds-container-service-1.3.0-SNAPSHOT.jar!/webapps/hddsDatanode}
2022-07-27 13:52:30,958 [EventQueue-NodeRegistrationContainerReportForDataNodeSafeModeRule] INFO  safemode.SCMSafeModeManager (DataNodeSafeModeRule.java:process(71)) - SCM in safe mode. 1 DataNodes registered, 3 required.
2022-07-27 13:52:30,985 [EventQueue-NodeRegistrationContainerReportForContainerSafeModeRule] INFO  safemode.SCMSafeModeManager (SCMSafeModeManager.java:validateSafeModeExitRules(204)) - ContainerSafeModeRule rule is successfully validated
2022-07-27 13:52:31,008 [EventQueue-NewNodeForNewNodeHandler] INFO  pipeline.BackgroundPipelineCreator (BackgroundPipelineCreator.java:notifyEventTriggered(276)) - trigger a one-shot run on RatisPipelineUtilsThread.
2022-07-27 13:52:31,008 [EndpointStateMachine task thread for /0.0.0.0:36065 - 0 ] INFO  server.XceiverServerGrpc (XceiverServerGrpc.java:start(180)) - XceiverServerGrpc ddca7a03-388a-498e-af9c-b33aa01d2ce7 is started using port 40979
2022-07-27 13:52:31,009 [RatisPipelineUtilsThread - 0] INFO  pipeline.RatisPipelineProvider (RatisPipelineProvider.java:lambda$create$0(195)) - Sending CreatePipelineCommand for pipeline:PipelineID=0256aeb6-dd9f-4f39-b717-96a6433d2308 to datanode:300bc6a6-ac9b-494f-ba5e-9b5cd40f574a
2022-07-27 13:52:31,072 [EventQueue-PipelineReportForOneReplicaPipelineSafeModeRule] INFO  safemode.SCMSafeModeManager (SCMSafeModeManager.java:validateSafeModeExitRules(204)) - AtleastOneDatanodeReportedRule rule is successfully validated
2022-07-27 13:52:31,072 [Listener at 127.0.0.1/34829] INFO  server.AbstractConnector (AbstractConnector.java:doStart(331)) - Started ServerConnector@19cab9ee{HTTP/1.1, (http/1.1)}{0.0.0.0:43229}
2022-07-27 13:52:31,073 [Listener at 127.0.0.1/34829] INFO  server.Server (Server.java:doStart(415)) - Started @216636ms
2022-07-27 13:52:31,073 [Listener at 127.0.0.1/34829] WARN  impl.MetricsSystemImpl (MetricsSystemImpl.java:register(279)) - Sink prometheus already exists!
2022-07-27 13:52:31,073 [Listener at 127.0.0.1/34829] INFO  http.BaseHttpServer (BaseHttpServer.java:updateConnectorAddress(329)) - HTTP server of hddsDatanode listening at http://0.0.0.0:43229
2022-07-27 13:52:31,074 [Listener at 127.0.0.1/34829] INFO  ozone.MiniOzoneClusterImpl (MiniOzoneClusterImpl.java:lambda$waitForClusterToBeReady$0(216)) - Waiting for nodes to be ready. Got 1 of 5 DN Heartbeats.
2022-07-27 13:52:31,074 [Listener at 127.0.0.1/34829] INFO  ozone.MiniOzoneClusterImpl (MiniOzoneClusterImpl.java:lambda$waitForClusterToBeReady$0(219)) - Waiting for cluster to exit safe mode
2022-07-27 13:52:31,074 [Listener at 127.0.0.1/34829] INFO  ozone.MiniOzoneClusterImpl (MiniOzoneClusterImpl.java:lambda$waitForClusterToBeReady$0(221)) - SCM became leader
2022-07-27 13:52:31,098 [Datanode State Machine Daemon Thread] INFO  statemachine.DatanodeStateMachine (DatanodeStateMachine.java:lambda$startDaemon$0(492)) - Ozone container server started.
2022-07-27 13:52:31,100 [RatisPipelineUtilsThread - 0] INFO  pipeline.PipelineStateManagerImpl (PipelineStateManagerImpl.java:addPipeline(103)) - Created pipeline Pipeline[ Id: 0256aeb6-dd9f-4f39-b717-96a6433d2308, Nodes: 300bc6a6-ac9b-494f-ba5e-9b5cd40f574a{ip: 10.1.0.21, host: fv-az217-261.5fhmivlnczbevhjmk01nzrxweh.bx.internal.cloudapp.net, ports: [REPLICATION=39195, RATIS=35611, RATIS_ADMIN=35611, RATIS_SERVER=35611, STANDALONE=41653], networkLocation: /default-rack, certSerialId: null, persistedOpState: IN_SERVICE, persistedOpStateExpiryEpochSec: 0}, ReplicationConfig: RATIS/ONE, State:ALLOCATED, leaderId:, CreationTimestamp2022-07-27T13:52:31.009Z[Etc/UTC]].
2022-07-27 13:52:31,115 [org.apache.hadoop.util.JvmPauseMonitor$Monitor@21a8bdc] INFO  util.JvmPauseMonitor (JvmPauseMonitor.java:run(188)) - Starting JVM pause monitor
2022-07-27 13:52:31,150 [Datanode State Machine Task Thread - 0] INFO  datanode.InitDatanodeState (InitDatanodeState.java:persistContainerDatanodeDetails(138)) - DatanodeDetails is persisted to /home/runner/work/ozone/ozone/hadoop-ozone/integration-test/target/test-dir/MiniOzoneClusterImpl-d8681e24-cb86-4f17-9b85-5d83644f9f4f/datanode-4/meta/datanode.id
2022-07-27 13:52:31,720 [IPC Server handler 12 on default port 36065] INFO  net.NetworkTopologyImpl (NetworkTopologyImpl.java:add(112)) - Added a new node: /default-rack/58deb1ea-3cfa-40e5-9635-0b83604fd255
2022-07-27 13:52:31,720 [IPC Server handler 12 on default port 36065] INFO  node.SCMNodeManager (SCMNodeManager.java:register(397)) - Registered Data node : 58deb1ea-3cfa-40e5-9635-0b83604fd255{ip: 10.1.0.21, host: fv-az217-261.5fhmivlnczbevhjmk01nzrxweh.bx.internal.cloudapp.net, ports: [REPLICATION=36857, RATIS=32883, RATIS_ADMIN=32883, RATIS_SERVER=32883, STANDALONE=44631], networkLocation: /default-rack, certSerialId: null, persistedOpState: null, persistedOpStateExpiryEpochSec: 0}
2022-07-27 13:52:31,720 [EventQueue-NewNodeForNewNodeHandler] INFO  pipeline.BackgroundPipelineCreator (BackgroundPipelineCreator.java:notifyEventTriggered(276)) - trigger a one-shot run on RatisPipelineUtilsThread.
2022-07-27 13:52:31,721 [RatisPipelineUtilsThread - 0] INFO  pipeline.RatisPipelineProvider (RatisPipelineProvider.java:lambda$create$0(195)) - Sending CreatePipelineCommand for pipeline:PipelineID=bb97ec30-c4cc-4709-bce0-95f293340380 to datanode:58deb1ea-3cfa-40e5-9635-0b83604fd255
2022-07-27 13:52:31,722 [RatisPipelineUtilsThread - 0] INFO  pipeline.PipelineStateManagerImpl (PipelineStateManagerImpl.java:addPipeline(103)) - Created pipeline Pipeline[ Id: bb97ec30-c4cc-4709-bce0-95f293340380, Nodes: 58deb1ea-3cfa-40e5-9635-0b83604fd255{ip: 10.1.0.21, host: fv-az217-261.5fhmivlnczbevhjmk01nzrxweh.bx.internal.cloudapp.net, ports: [REPLICATION=36857, RATIS=32883, RATIS_ADMIN=32883, RATIS_SERVER=32883, STANDALONE=44631], networkLocation: /default-rack, certSerialId: null, persistedOpState: IN_SERVICE, persistedOpStateExpiryEpochSec: 0}, ReplicationConfig: RATIS/ONE, State:ALLOCATED, leaderId:, CreationTimestamp2022-07-27T13:52:31.721Z[Etc/UTC]].
2022-07-27 13:52:31,723 [EventQueue-NodeRegistrationContainerReportForDataNodeSafeModeRule] INFO  safemode.SCMSafeModeManager (DataNodeSafeModeRule.java:process(71)) - SCM in safe mode. 2 DataNodes registered, 3 required.
2022-07-27 13:52:31,859 [EndpointStateMachine task thread for /0.0.0.0:36065 - 0 ] INFO  volume.HddsVolume (HddsVolume.java:createDbStore(309)) - SchemaV3 db is created and loaded at /home/runner/work/ozone/ozone/hadoop-ozone/integration-test/target/test-dir/MiniOzoneClusterImpl-d8681e24-cb86-4f17-9b85-5d83644f9f4f/datanode-3/data-0/containers/hdds/d8681e24-cb86-4f17-9b85-5d83644f9f4f/DS-b4b40801-3a5e-44ff-8f30-8d15ca8e4aaf/container.db for volume DS-b4b40801-3a5e-44ff-8f30-8d15ca8e4aaf
2022-07-27 13:52:31,860 [EndpointStateMachine task thread for /0.0.0.0:36065 - 0 ] INFO  volume.HddsVolume (HddsVolume.java:closeDbStore(340)) - SchemaV3 db is stopped at /home/runner/work/ozone/ozone/hadoop-ozone/integration-test/target/test-dir/MiniOzoneClusterImpl-d8681e24-cb86-4f17-9b85-5d83644f9f4f/datanode-3/data-0/containers/hdds/d8681e24-cb86-4f17-9b85-5d83644f9f4f/DS-b4b40801-3a5e-44ff-8f30-8d15ca8e4aaf/container.db for volume DS-b4b40801-3a5e-44ff-8f30-8d15ca8e4aaf
2022-07-27 13:52:31,860 [EndpointStateMachine task thread for /0.0.0.0:36065 - 0 ] INFO  ozoneimpl.OzoneContainer (OzoneContainer.java:start(377)) - Attempting to start container services.
2022-07-27 13:52:31,860 [EndpointStateMachine task thread for /0.0.0.0:36065 - 0 ] INFO  ozoneimpl.OzoneContainer (OzoneContainer.java:startContainerScrub(312)) - Background container scanner has been disabled.
2022-07-27 13:52:31,884 [EndpointStateMachine task thread for /0.0.0.0:36065 - 0 ] INFO  replication.ReplicationServer (ReplicationServer.java:start(111)) - ReplicationServer is started using port 33169
2022-07-27 13:52:31,885 [EndpointStateMachine task thread for /0.0.0.0:36065 - 0 ] INFO  ratis.XceiverServerRatis (XceiverServerRatis.java:start(481)) - Starting XceiverServerRatis 02574c79-47b9-47c2-b441-c781c573f9c1
2022-07-27 13:52:31,949 [EndpointStateMachine task thread for /0.0.0.0:36065 - 0 ] INFO  server.RaftServer (RaftServerProxy.java:lambda$start$6(382)) - 02574c79-47b9-47c2-b441-c781c573f9c1: start RPC server
2022-07-27 13:52:31,981 [EndpointStateMachine task thread for /0.0.0.0:36065 - 0 ] INFO  server.GrpcService (GrpcService.java:startImpl(260)) - 02574c79-47b9-47c2-b441-c781c573f9c1: GrpcService started, listening on 46673
2022-07-27 13:52:31,983 [EndpointStateMachine task thread for /0.0.0.0:36065 - 0 ] INFO  ratis.XceiverServerRatis (XceiverServerRatis.java:getRealPort(502)) - XceiverServerRatis 02574c79-47b9-47c2-b441-c781c573f9c1 is started using port 46673 for RATIS
2022-07-27 13:52:31,983 [EndpointStateMachine task thread for /0.0.0.0:36065 - 0 ] INFO  ratis.XceiverServerRatis (XceiverServerRatis.java:getRealPort(502)) - XceiverServerRatis 02574c79-47b9-47c2-b441-c781c573f9c1 is started using port 46673 for RATIS_ADMIN
2022-07-27 13:52:31,983 [EndpointStateMachine task thread for /0.0.0.0:36065 - 0 ] INFO  ratis.XceiverServerRatis (XceiverServerRatis.java:getRealPort(502)) - XceiverServerRatis 02574c79-47b9-47c2-b441-c781c573f9c1 is started using port 46673 for RATIS_SERVER
2022-07-27 13:52:31,983 [org.apache.ratis.util.JvmPauseMonitor$$Lambda$615/1136232276@334ce1ff] INFO  util.JvmPauseMonitor (JvmPauseMonitor.java:run(103)) - JvmPauseMonitor-02574c79-47b9-47c2-b441-c781c573f9c1: Started
2022-07-27 13:52:32,036 [EndpointStateMachine task thread for /0.0.0.0:36065 - 0 ] INFO  server.XceiverServerGrpc (XceiverServerGrpc.java:start(180)) - XceiverServerGrpc 02574c79-47b9-47c2-b441-c781c573f9c1 is started using port 42229
2022-07-27 13:52:32,075 [Listener at 127.0.0.1/34829] INFO  ozone.MiniOzoneClusterImpl (MiniOzoneClusterImpl.java:lambda$waitForClusterToBeReady$0(216)) - Waiting for nodes to be ready. Got 2 of 5 DN Heartbeats.
2022-07-27 13:52:32,075 [Listener at 127.0.0.1/34829] INFO  ozone.MiniOzoneClusterImpl (MiniOzoneClusterImpl.java:lambda$waitForClusterToBeReady$0(219)) - Waiting for cluster to exit safe mode
2022-07-27 13:52:32,075 [Listener at 127.0.0.1/34829] INFO  ozone.MiniOzoneClusterImpl (MiniOzoneClusterImpl.java:lambda$waitForClusterToBeReady$0(221)) - SCM became leader
2022-07-27 13:52:32,541 [IPC Server handler 11 on default port 36065] INFO  net.NetworkTopologyImpl (NetworkTopologyImpl.java:add(112)) - Added a new node: /default-rack/ddca7a03-388a-498e-af9c-b33aa01d2ce7
2022-07-27 13:52:32,541 [IPC Server handler 11 on default port 36065] INFO  node.SCMNodeManager (SCMNodeManager.java:register(397)) - Registered Data node : ddca7a03-388a-498e-af9c-b33aa01d2ce7{ip: 10.1.0.21, host: fv-az217-261.5fhmivlnczbevhjmk01nzrxweh.bx.internal.cloudapp.net, ports: [REPLICATION=44895, RATIS=36561, RATIS_ADMIN=36561, RATIS_SERVER=36561, STANDALONE=40979], networkLocation: /default-rack, certSerialId: null, persistedOpState: null, persistedOpStateExpiryEpochSec: 0}
2022-07-27 13:52:32,541 [EventQueue-NewNodeForNewNodeHandler] INFO  pipeline.BackgroundPipelineCreator (BackgroundPipelineCreator.java:notifyEventTriggered(276)) - trigger a one-shot run on RatisPipelineUtilsThread.
2022-07-27 13:52:32,550 [RatisPipelineUtilsThread - 0] INFO  pipeline.RatisPipelineProvider (RatisPipelineProvider.java:lambda$create$0(195)) - Sending CreatePipelineCommand for pipeline:PipelineID=54bbec29-6b6a-4ca2-92f4-e906013f5cda to datanode:ddca7a03-388a-498e-af9c-b33aa01d2ce7
2022-07-27 13:52:32,550 [EventQueue-NodeRegistrationContainerReportForDataNodeSafeModeRule] INFO  safemode.SCMSafeModeManager (DataNodeSafeModeRule.java:process(71)) - SCM in safe mode. 3 DataNodes registered, 3 required.
2022-07-27 13:52:32,550 [EventQueue-NodeRegistrationContainerReportForDataNodeSafeModeRule] INFO  safemode.SCMSafeModeManager (SCMSafeModeManager.java:validateSafeModeExitRules(204)) - DataNodeSafeModeRule rule is successfully validated
2022-07-27 13:52:32,550 [EventQueue-NodeRegistrationContainerReportForDataNodeSafeModeRule] INFO  safemode.SCMSafeModeManager (SCMSafeModeManager.java:completePreCheck(233)) - All SCM safe mode pre check rules have passed
2022-07-27 13:52:32,550 [EventQueue-NodeRegistrationContainerReportForDataNodeSafeModeRule] WARN  events.EventQueue (EventQueue.java:fireEvent(216)) - No event handler registered for event TypedEvent{payloadType=SafeModeStatus, name='Safe mode status'}
2022-07-27 13:52:32,550 [EventQueue-NodeRegistrationContainerReportForDataNodeSafeModeRule] INFO  ha.SCMContext (SCMContext.java:updateSafeModeStatus(228)) - Update SafeModeStatus from SafeModeStatus{safeModeStatus=true, preCheckPassed=false} to SafeModeStatus{safeModeStatus=true, preCheckPassed=true}.
2022-07-27 13:52:32,550 [EventQueue-NodeRegistrationContainerReportForDataNodeSafeModeRule] INFO  pipeline.BackgroundPipelineCreator (BackgroundPipelineCreator.java:notifyEventTriggered(276)) - trigger a one-shot run on RatisPipelineUtilsThread.
2022-07-27 13:52:32,550 [RatisPipelineUtilsThread - 0] INFO  pipeline.PipelineStateManagerImpl (PipelineStateManagerImpl.java:addPipeline(103)) - Created pipeline Pipeline[ Id: 54bbec29-6b6a-4ca2-92f4-e906013f5cda, Nodes: ddca7a03-388a-498e-af9c-b33aa01d2ce7{ip: 10.1.0.21, host: fv-az217-261.5fhmivlnczbevhjmk01nzrxweh.bx.internal.cloudapp.net, ports: [REPLICATION=44895, RATIS=36561, RATIS_ADMIN=36561, RATIS_SERVER=36561, STANDALONE=40979], networkLocation: /default-rack, certSerialId: null, persistedOpState: IN_SERVICE, persistedOpStateExpiryEpochSec: 0}, ReplicationConfig: RATIS/ONE, State:ALLOCATED, leaderId:, CreationTimestamp2022-07-27T13:52:32.550Z[Etc/UTC]].
2022-07-27 13:52:32,551 [RatisPipelineUtilsThread - 0] INFO  pipeline.RatisPipelineProvider (RatisPipelineProvider.java:lambda$create$0(195)) - Sending CreatePipelineCommand for pipeline:PipelineID=38759aed-dbab-44ec-af4a-4ab8adfb4942 to datanode:300bc6a6-ac9b-494f-ba5e-9b5cd40f574a
2022-07-27 13:52:32,551 [RatisPipelineUtilsThread - 0] INFO  pipeline.RatisPipelineProvider (RatisPipelineProvider.java:lambda$create$0(195)) - Sending CreatePipelineCommand for pipeline:PipelineID=38759aed-dbab-44ec-af4a-4ab8adfb4942 to datanode:ddca7a03-388a-498e-af9c-b33aa01d2ce7
2022-07-27 13:52:32,551 [RatisPipelineUtilsThread - 0] INFO  pipeline.RatisPipelineProvider (RatisPipelineProvider.java:lambda$create$0(195)) - Sending CreatePipelineCommand for pipeline:PipelineID=38759aed-dbab-44ec-af4a-4ab8adfb4942 to datanode:58deb1ea-3cfa-40e5-9635-0b83604fd255
2022-07-27 13:52:32,551 [RatisPipelineUtilsThread - 0] INFO  pipeline.PipelineStateManagerImpl (PipelineStateManagerImpl.java:addPipeline(103)) - Created pipeline Pipeline[ Id: 38759aed-dbab-44ec-af4a-4ab8adfb4942, Nodes: 300bc6a6-ac9b-494f-ba5e-9b5cd40f574a{ip: 10.1.0.21, host: fv-az217-261.5fhmivlnczbevhjmk01nzrxweh.bx.internal.cloudapp.net, ports: [REPLICATION=39195, RATIS=35611, RATIS_ADMIN=35611, RATIS_SERVER=35611, STANDALONE=41653], networkLocation: /default-rack, certSerialId: null, persistedOpState: IN_SERVICE, persistedOpStateExpiryEpochSec: 0}ddca7a03-388a-498e-af9c-b33aa01d2ce7{ip: 10.1.0.21, host: fv-az217-261.5fhmivlnczbevhjmk01nzrxweh.bx.internal.cloudapp.net, ports: [REPLICATION=44895, RATIS=36561, RATIS_ADMIN=36561, RATIS_SERVER=36561, STANDALONE=40979], networkLocation: /default-rack, certSerialId: null, persistedOpState: IN_SERVICE, persistedOpStateExpiryEpochSec: 0}58deb1ea-3cfa-40e5-9635-0b83604fd255{ip: 10.1.0.21, host: fv-az217-261.5fhmivlnczbevhjmk01nzrxweh.bx.internal.cloudapp.net, ports: [REPLICATION=36857, RATIS=32883, RATIS_ADMIN=32883, RATIS_SERVER=32883, STANDALONE=44631], networkLocation: /default-rack, certSerialId: null, persistedOpState: IN_SERVICE, persistedOpStateExpiryEpochSec: 0}, ReplicationConfig: RATIS/THREE, State:ALLOCATED, leaderId:, CreationTimestamp2022-07-27T13:52:32.551Z[Etc/UTC]].
2022-07-27 13:52:32,556 [RatisPipelineUtilsThread - 0] INFO  pipeline.RatisPipelineProvider (RatisPipelineProvider.java:lambda$create$0(195)) - Sending CreatePipelineCommand for pipeline:PipelineID=1db598ad-abc5-482d-a489-5e5aa6cd42e4 to datanode:300bc6a6-ac9b-494f-ba5e-9b5cd40f574a
2022-07-27 13:52:32,556 [RatisPipelineUtilsThread - 0] INFO  pipeline.RatisPipelineProvider (RatisPipelineProvider.java:lambda$create$0(195)) - Sending CreatePipelineCommand for pipeline:PipelineID=1db598ad-abc5-482d-a489-5e5aa6cd42e4 to datanode:58deb1ea-3cfa-40e5-9635-0b83604fd255
2022-07-27 13:52:32,556 [RatisPipelineUtilsThread - 0] INFO  pipeline.RatisPipelineProvider (RatisPipelineProvider.java:lambda$create$0(195)) - Sending CreatePipelineCommand for pipeline:PipelineID=1db598ad-abc5-482d-a489-5e5aa6cd42e4 to datanode:ddca7a03-388a-498e-af9c-b33aa01d2ce7
2022-07-27 13:52:32,556 [RatisPipelineUtilsThread - 0] INFO  pipeline.PipelineStateManagerImpl (PipelineStateManagerImpl.java:addPipeline(103)) - Created pipeline Pipeline[ Id: 1db598ad-abc5-482d-a489-5e5aa6cd42e4, Nodes: 300bc6a6-ac9b-494f-ba5e-9b5cd40f574a{ip: 10.1.0.21, host: fv-az217-261.5fhmivlnczbevhjmk01nzrxweh.bx.internal.cloudapp.net, ports: [REPLICATION=39195, RATIS=35611, RATIS_ADMIN=35611, RATIS_SERVER=35611, STANDALONE=41653], networkLocation: /default-rack, certSerialId: null, persistedOpState: IN_SERVICE, persistedOpStateExpiryEpochSec: 0}58deb1ea-3cfa-40e5-9635-0b83604fd255{ip: 10.1.0.21, host: fv-az217-261.5fhmivlnczbevhjmk01nzrxweh.bx.internal.cloudapp.net, ports: [REPLICATION=36857, RATIS=32883, RATIS_ADMIN=32883, RATIS_SERVER=32883, STANDALONE=44631], networkLocation: /default-rack, certSerialId: null, persistedOpState: IN_SERVICE, persistedOpStateExpiryEpochSec: 0}ddca7a03-388a-498e-af9c-b33aa01d2ce7{ip: 10.1.0.21, host: fv-az217-261.5fhmivlnczbevhjmk01nzrxweh.bx.internal.cloudapp.net, ports: [REPLICATION=44895, RATIS=36561, RATIS_ADMIN=36561, RATIS_SERVER=36561, STANDALONE=40979], networkLocation: /default-rack, certSerialId: null, persistedOpState: IN_SERVICE, persistedOpStateExpiryEpochSec: 0}, ReplicationConfig: RATIS/THREE, State:ALLOCATED, leaderId:, CreationTimestamp2022-07-27T13:52:32.556Z[Etc/UTC]].
2022-07-27 13:52:32,556 [RatisPipelineUtilsThread - 0] INFO  pipeline.PipelineManagerImpl (PipelineManagerImpl.java:recordMetricsForPipeline(796)) - Pipeline: PipelineID=1db598ad-abc5-482d-a489-5e5aa6cd42e4 contains same datanodes as previous pipelines: PipelineID=38759aed-dbab-44ec-af4a-4ab8adfb4942 nodeIds: 300bc6a6-ac9b-494f-ba5e-9b5cd40f574a, 58deb1ea-3cfa-40e5-9635-0b83604fd255, ddca7a03-388a-498e-af9c-b33aa01d2ce7
2022-07-27 13:52:33,076 [Listener at 127.0.0.1/34829] INFO  ozone.MiniOzoneClusterImpl (MiniOzoneClusterImpl.java:lambda$waitForClusterToBeReady$0(216)) - Waiting for nodes to be ready. Got 3 of 5 DN Heartbeats.
2022-07-27 13:52:33,076 [Listener at 127.0.0.1/34829] INFO  ozone.MiniOzoneClusterImpl (MiniOzoneClusterImpl.java:lambda$waitForClusterToBeReady$0(219)) - Waiting for cluster to exit safe mode
2022-07-27 13:52:33,076 [Listener at 127.0.0.1/34829] INFO  ozone.MiniOzoneClusterImpl (MiniOzoneClusterImpl.java:lambda$waitForClusterToBeReady$0(221)) - SCM became leader
2022-07-27 13:52:33,224 [EndpointStateMachine task thread for /0.0.0.0:36065 - 0 ] INFO  volume.HddsVolume (HddsVolume.java:createDbStore(309)) - SchemaV3 db is created and loaded at /home/runner/work/ozone/ozone/hadoop-ozone/integration-test/target/test-dir/MiniOzoneClusterImpl-d8681e24-cb86-4f17-9b85-5d83644f9f4f/datanode-4/data-0/containers/hdds/d8681e24-cb86-4f17-9b85-5d83644f9f4f/DS-01d5d554-c878-4e26-b36f-5cb8b20cf90e/container.db for volume DS-01d5d554-c878-4e26-b36f-5cb8b20cf90e
2022-07-27 13:52:33,224 [EndpointStateMachine task thread for /0.0.0.0:36065 - 0 ] INFO  volume.HddsVolume (HddsVolume.java:closeDbStore(340)) - SchemaV3 db is stopped at /home/runner/work/ozone/ozone/hadoop-ozone/integration-test/target/test-dir/MiniOzoneClusterImpl-d8681e24-cb86-4f17-9b85-5d83644f9f4f/datanode-4/data-0/containers/hdds/d8681e24-cb86-4f17-9b85-5d83644f9f4f/DS-01d5d554-c878-4e26-b36f-5cb8b20cf90e/container.db for volume DS-01d5d554-c878-4e26-b36f-5cb8b20cf90e
2022-07-27 13:52:33,224 [EndpointStateMachine task thread for /0.0.0.0:36065 - 0 ] INFO  ozoneimpl.OzoneContainer (OzoneContainer.java:start(377)) - Attempting to start container services.
2022-07-27 13:52:33,224 [EndpointStateMachine task thread for /0.0.0.0:36065 - 0 ] INFO  ozoneimpl.OzoneContainer (OzoneContainer.java:startContainerScrub(312)) - Background container scanner has been disabled.
2022-07-27 13:52:33,234 [EndpointStateMachine task thread for /0.0.0.0:36065 - 0 ] INFO  replication.ReplicationServer (ReplicationServer.java:start(111)) - ReplicationServer is started using port 37345
2022-07-27 13:52:33,237 [EndpointStateMachine task thread for /0.0.0.0:36065 - 0 ] INFO  ratis.XceiverServerRatis (XceiverServerRatis.java:start(481)) - Starting XceiverServerRatis ddf52064-1dff-44ca-a9ae-631cccae887a
2022-07-27 13:52:33,238 [EndpointStateMachine task thread for /0.0.0.0:36065 - 0 ] INFO  server.RaftServer (RaftServerProxy.java:lambda$start$6(382)) - ddf52064-1dff-44ca-a9ae-631cccae887a: start RPC server
2022-07-27 13:52:33,252 [EndpointStateMachine task thread for /0.0.0.0:36065 - 0 ] INFO  server.GrpcService (GrpcService.java:startImpl(260)) - ddf52064-1dff-44ca-a9ae-631cccae887a: GrpcService started, listening on 44959
2022-07-27 13:52:33,252 [EndpointStateMachine task thread for /0.0.0.0:36065 - 0 ] INFO  ratis.XceiverServerRatis (XceiverServerRatis.java:getRealPort(502)) - XceiverServerRatis ddf52064-1dff-44ca-a9ae-631cccae887a is started using port 44959 for RATIS
2022-07-27 13:52:33,252 [EndpointStateMachine task thread for /0.0.0.0:36065 - 0 ] INFO  ratis.XceiverServerRatis (XceiverServerRatis.java:getRealPort(502)) - XceiverServerRatis ddf52064-1dff-44ca-a9ae-631cccae887a is started using port 44959 for RATIS_ADMIN
2022-07-27 13:52:33,252 [EndpointStateMachine task thread for /0.0.0.0:36065 - 0 ] INFO  ratis.XceiverServerRatis (XceiverServerRatis.java:getRealPort(502)) - XceiverServerRatis ddf52064-1dff-44ca-a9ae-631cccae887a is started using port 44959 for RATIS_SERVER
2022-07-27 13:52:33,254 [org.apache.ratis.util.JvmPauseMonitor$$Lambda$615/1136232276@4c1c40c] INFO  util.JvmPauseMonitor (JvmPauseMonitor.java:run(103)) - JvmPauseMonitor-ddf52064-1dff-44ca-a9ae-631cccae887a: Started
2022-07-27 13:52:33,307 [EndpointStateMachine task thread for /0.0.0.0:36065 - 0 ] INFO  server.XceiverServerGrpc (XceiverServerGrpc.java:start(180)) - XceiverServerGrpc ddf52064-1dff-44ca-a9ae-631cccae887a is started using port 45205
2022-07-27 13:52:33,676 [IPC Server handler 12 on default port 36065] INFO  net.NetworkTopologyImpl (NetworkTopologyImpl.java:add(112)) - Added a new node: /default-rack/02574c79-47b9-47c2-b441-c781c573f9c1
2022-07-27 13:52:33,676 [IPC Server handler 12 on default port 36065] INFO  node.SCMNodeManager (SCMNodeManager.java:register(397)) - Registered Data node : 02574c79-47b9-47c2-b441-c781c573f9c1{ip: 10.1.0.21, host: fv-az217-261.5fhmivlnczbevhjmk01nzrxweh.bx.internal.cloudapp.net, ports: [REPLICATION=33169, RATIS=46673, RATIS_ADMIN=46673, RATIS_SERVER=46673, STANDALONE=42229], networkLocation: /default-rack, certSerialId: null, persistedOpState: null, persistedOpStateExpiryEpochSec: 0}
2022-07-27 13:52:33,676 [EventQueue-NewNodeForNewNodeHandler] INFO  pipeline.BackgroundPipelineCreator (BackgroundPipelineCreator.java:notifyEventTriggered(276)) - trigger a one-shot run on RatisPipelineUtilsThread.
2022-07-27 13:52:33,677 [RatisPipelineUtilsThread - 0] INFO  pipeline.RatisPipelineProvider (RatisPipelineProvider.java:lambda$create$0(195)) - Sending CreatePipelineCommand for pipeline:PipelineID=9cf13940-25ac-4a45-ad58-20473c93e369 to datanode:02574c79-47b9-47c2-b441-c781c573f9c1
2022-07-27 13:52:33,677 [RatisPipelineUtilsThread - 0] INFO  pipeline.PipelineStateManagerImpl (PipelineStateManagerImpl.java:addPipeline(103)) - Created pipeline Pipeline[ Id: 9cf13940-25ac-4a45-ad58-20473c93e369, Nodes: 02574c79-47b9-47c2-b441-c781c573f9c1{ip: 10.1.0.21, host: fv-az217-261.5fhmivlnczbevhjmk01nzrxweh.bx.internal.cloudapp.net, ports: [REPLICATION=33169, RATIS=46673, RATIS_ADMIN=46673, RATIS_SERVER=46673, STANDALONE=42229], networkLocation: /default-rack, certSerialId: null, persistedOpState: IN_SERVICE, persistedOpStateExpiryEpochSec: 0}, ReplicationConfig: RATIS/ONE, State:ALLOCATED, leaderId:, CreationTimestamp2022-07-27T13:52:33.677Z[Etc/UTC]].
2022-07-27 13:52:33,856 [Command processor thread] INFO  server.RaftServer (RaftServerProxy.java:addNew(96)) - 300bc6a6-ac9b-494f-ba5e-9b5cd40f574a: addNew group-96A6433D2308:[300bc6a6-ac9b-494f-ba5e-9b5cd40f574a|rpc:10.1.0.21:35611|priority:1] returns group-96A6433D2308:java.util.concurrent.CompletableFuture@1b11135e[Not completed]
2022-07-27 13:52:33,858 [pool-874-thread-1] INFO  server.RaftServer$Division (RaftServerImpl.java:<init>(190)) - 300bc6a6-ac9b-494f-ba5e-9b5cd40f574a: new RaftServerImpl for group-96A6433D2308:[300bc6a6-ac9b-494f-ba5e-9b5cd40f574a|rpc:10.1.0.21:35611|priority:1] with ContainerStateMachine:uninitialized
2022-07-27 13:52:33,858 [pool-874-thread-1] INFO  server.RaftServerConfigKeys (ConfUtils.java:logGet(46)) - raft.server.rpc.timeout.min = 5s (custom)
2022-07-27 13:52:33,858 [pool-874-thread-1] INFO  server.RaftServerConfigKeys (ConfUtils.java:logGet(46)) - raft.server.rpc.timeout.max = 5200ms (custom)
2022-07-27 13:52:33,858 [pool-874-thread-1] INFO  server.RaftServerConfigKeys (ConfUtils.java:logGet(46)) - raft.server.rpc.sleep.time = 25ms (default)
2022-07-27 13:52:33,858 [pool-874-thread-1] INFO  server.RaftServerConfigKeys (ConfUtils.java:logGet(46)) - raft.server.rpc.slowness.timeout = 300s (custom)
2022-07-27 13:52:33,859 [pool-874-thread-1] INFO  server.RaftServerConfigKeys (ConfUtils.java:logGet(46)) - raft.server.leaderelection.leader.step-down.wait-time = 10s (default)
2022-07-27 13:52:33,859 [pool-874-thread-1] INFO  server.RaftServerConfigKeys (ConfUtils.java:logGet(46)) - raft.server.sleep.deviation.threshold = 300ms (default)
2022-07-27 13:52:33,859 [pool-874-thread-1] INFO  server.RaftServer$Division (ServerState.java:<init>(107)) - 300bc6a6-ac9b-494f-ba5e-9b5cd40f574a@group-96A6433D2308: ConfigurationManager, init=-1: [300bc6a6-ac9b-494f-ba5e-9b5cd40f574a|rpc:10.1.0.21:35611|priority:1], old=null, confs=<EMPTY_MAP>
2022-07-27 13:52:33,859 [pool-874-thread-1] INFO  server.RaftServerConfigKeys (ConfUtils.java:logGet(46)) - raft.server.storage.dir = [/home/runner/work/ozone/ozone/hadoop-ozone/integration-test/target/test-dir/MiniOzoneClusterImpl-d8681e24-cb86-4f17-9b85-5d83644f9f4f/datanode-0/data/ratis] (custom)
2022-07-27 13:52:33,859 [pool-874-thread-1] INFO  server.RaftServerConfigKeys (ConfUtils.java:logGet(46)) - raft.server.log.corruption.policy = EXCEPTION (default)
2022-07-27 13:52:33,859 [pool-874-thread-1] INFO  server.RaftServerConfigKeys (ConfUtils.java:logGet(46)) - raft.server.storage.free-space.min = 0MB (=0) (default)
2022-07-27 13:52:33,859 [pool-874-thread-1] INFO  storage.RaftStorageDirectory (RaftStorageDirectoryImpl.java:analyzeStorage(135)) - The storage directory /home/runner/work/ozone/ozone/hadoop-ozone/integration-test/target/test-dir/MiniOzoneClusterImpl-d8681e24-cb86-4f17-9b85-5d83644f9f4f/datanode-0/data/ratis/0256aeb6-dd9f-4f39-b717-96a6433d2308 does not exist. Creating ...
2022-07-27 13:52:33,860 [pool-874-thread-1] INFO  storage.RaftStorageDirectory (RaftStorageDirectoryImpl.java:tryLock(230)) - Lock on /home/runner/work/ozone/ozone/hadoop-ozone/integration-test/target/test-dir/MiniOzoneClusterImpl-d8681e24-cb86-4f17-9b85-5d83644f9f4f/datanode-0/data/ratis/0256aeb6-dd9f-4f39-b717-96a6433d2308/in_use.lock acquired by nodename 11093@fv-az217-261
2022-07-27 13:52:33,861 [pool-874-thread-1] INFO  storage.RaftStorage (RaftStorageImpl.java:format(89)) - Storage directory /home/runner/work/ozone/ozone/hadoop-ozone/integration-test/target/test-dir/MiniOzoneClusterImpl-d8681e24-cb86-4f17-9b85-5d83644f9f4f/datanode-0/data/ratis/0256aeb6-dd9f-4f39-b717-96a6433d2308 has been successfully formatted.
2022-07-27 13:52:33,878 [pool-874-thread-1] INFO  ratis.ContainerStateMachine (ContainerStateMachine.java:loadSnapshot(236)) - group-96A6433D2308: The snapshot info is null. Setting the last applied indexto:(t:0, i:~)
2022-07-27 13:52:33,879 [pool-874-thread-1] INFO  server.RaftServerConfigKeys (ConfUtils.java:logGet(46)) - raft.server.notification.no-leader.timeout = 300s (custom)
2022-07-27 13:52:33,879 [pool-874-thread-1] INFO  server.RaftServerConfigKeys (ConfUtils.java:logGet(46)) - raft.server.log.use.memory = false (default)
2022-07-27 13:52:33,879 [pool-874-thread-1] INFO  server.RaftServerConfigKeys (ConfUtils.java:logGet(46)) - raft.server.log.purge.gap = 1000000 (custom)
2022-07-27 13:52:33,879 [pool-874-thread-1] INFO  server.RaftServerConfigKeys (ConfUtils.java:logGet(46)) - raft.server.log.appender.buffer.byte-limit = 33554432 (custom)
2022-07-27 13:52:33,879 [pool-874-thread-1] INFO  server.RaftServerConfigKeys (ConfUtils.java:logGet(46)) - raft.server.log.statemachine.data.read.timeout = 1000ms (default)
2022-07-27 13:52:33,879 [pool-874-thread-1] INFO  server.RaftServerConfigKeys (ConfUtils.java:logGet(46)) - raft.server.log.segment.size.max = 1048576 (custom)
2022-07-27 13:52:33,880 [EventQueue-PipelineReportForPipelineReportHandler] INFO  pipeline.PipelineManagerImpl (PipelineManagerImpl.java:openPipeline(367)) - Pipeline Pipeline[ Id: 0256aeb6-dd9f-4f39-b717-96a6433d2308, Nodes: 300bc6a6-ac9b-494f-ba5e-9b5cd40f574a{ip: 10.1.0.21, host: fv-az217-261.5fhmivlnczbevhjmk01nzrxweh.bx.internal.cloudapp.net, ports: [REPLICATION=39195, RATIS=35611, RATIS_ADMIN=35611, RATIS_SERVER=35611, STANDALONE=41653], networkLocation: /default-rack, certSerialId: null, persistedOpState: IN_SERVICE, persistedOpStateExpiryEpochSec: 0}, ReplicationConfig: RATIS/ONE, State:ALLOCATED, leaderId:300bc6a6-ac9b-494f-ba5e-9b5cd40f574a, CreationTimestamp2022-07-27T13:52:31.009Z[Etc/UTC]] moved to OPEN state
2022-07-27 13:52:33,915 [EventQueue-OpenPipelineForHealthyPipelineSafeModeRule] INFO  safemode.SCMSafeModeManager (HealthyPipelineSafeModeRule.java:process(137)) - SCM in safe mode. Healthy pipelines reported count is 0, required healthy pipeline reported count is 1
2022-07-27 13:52:33,919 [pool-874-thread-1] INFO  server.RaftServerConfigKeys (ConfUtils.java:logGet(46)) - raft.server.log.segment.cache.num.max = 2 (custom)
2022-07-27 13:52:33,919 [pool-874-thread-1] INFO  server.RaftServerConfigKeys (ConfUtils.java:logGet(46)) - raft.server.log.segment.cache.size.max = 200MB (=209715200) (default)
2022-07-27 13:52:33,920 [pool-874-thread-1] INFO  segmented.SegmentedRaftLogWorker (SegmentedRaftLogWorker.java:<init>(187)) - new 300bc6a6-ac9b-494f-ba5e-9b5cd40f574a@group-96A6433D2308-SegmentedRaftLogWorker for RaftStorageImpl:Storage Directory /home/runner/work/ozone/ozone/hadoop-ozone/integration-test/target/test-dir/MiniOzoneClusterImpl-d8681e24-cb86-4f17-9b85-5d83644f9f4f/datanode-0/data/ratis/0256aeb6-dd9f-4f39-b717-96a6433d2308
2022-07-27 13:52:33,920 [pool-874-thread-1] INFO  server.RaftServerConfigKeys (ConfUtils.java:logGet(46)) - raft.server.log.queue.byte-limit = 4294967296 (custom)
2022-07-27 13:52:33,920 [pool-874-thread-1] INFO  server.RaftServerConfigKeys (ConfUtils.java:logGet(46)) - raft.server.log.queue.element-limit = 1024 (custom)
2022-07-27 13:52:33,920 [pool-874-thread-1] INFO  server.RaftServerConfigKeys (ConfUtils.java:logGet(46)) - raft.server.log.segment.size.max = 1048576 (custom)
2022-07-27 13:52:33,920 [pool-874-thread-1] INFO  server.RaftServerConfigKeys (ConfUtils.java:logGet(46)) - raft.server.log.preallocated.size = 16384 (custom)
2022-07-27 13:52:33,920 [pool-874-thread-1] INFO  server.RaftServerConfigKeys (ConfUtils.java:logGet(46)) - raft.server.log.force.sync.num = 128 (default)
2022-07-27 13:52:33,920 [pool-874-thread-1] INFO  server.RaftServerConfigKeys (ConfUtils.java:logGet(46)) - raft.server.log.statemachine.data.sync = true (default)
2022-07-27 13:52:33,920 [pool-874-thread-1] INFO  server.RaftServerConfigKeys (ConfUtils.java:logGet(46)) - raft.server.log.statemachine.data.sync.timeout = 10s (default)
2022-07-27 13:52:33,920 [pool-874-thread-1] INFO  server.RaftServerConfigKeys (ConfUtils.java:logGet(46)) - raft.server.log.statemachine.data.sync.timeout.retry = -1 (default)
2022-07-27 13:52:33,921 [pool-874-thread-1] INFO  server.RaftServerConfigKeys (ConfUtils.java:logGet(46)) - raft.server.log.write.buffer.size = 1048576 (custom)
2022-07-27 13:52:33,921 [pool-874-thread-1] INFO  server.RaftServerConfigKeys (ConfUtils.java:logGet(46)) - raft.server.log.unsafe-flush.enabled = false (default)
2022-07-27 13:52:33,921 [pool-874-thread-1] INFO  server.RaftServerConfigKeys (ConfUtils.java:logGet(46)) - raft.server.log.statemachine.data.caching.enabled = true (custom)
2022-07-27 13:52:33,922 [pool-874-thread-1] INFO  segmented.SegmentedRaftLogWorker (SegmentedRaftLogWorker.java:lambda$new$0(135)) - 300bc6a6-ac9b-494f-ba5e-9b5cd40f574a@group-96A6433D2308-SegmentedRaftLogWorker: flushIndex: setUnconditionally 0 -> -1
2022-07-27 13:52:33,922 [pool-874-thread-1] INFO  segmented.SegmentedRaftLogWorker (SegmentedRaftLogWorker.java:lambda$new$0(135)) - 300bc6a6-ac9b-494f-ba5e-9b5cd40f574a@group-96A6433D2308-SegmentedRaftLogWorker: safeCacheEvictIndex: setUnconditionally 0 -> -1
2022-07-27 13:52:33,930 [pool-874-thread-1] INFO  server.RaftServerConfigKeys (ConfUtils.java:logGet(46)) - raft.server.snapshot.auto.trigger.enabled = true (custom)
2022-07-27 13:52:33,930 [pool-874-thread-1] INFO  server.RaftServerConfigKeys (ConfUtils.java:logGet(46)) - raft.server.snapshot.auto.trigger.threshold = 10000 (custom)
2022-07-27 13:52:33,930 [pool-874-thread-1] INFO  server.RaftServerConfigKeys (ConfUtils.java:logGet(46)) - raft.server.snapshot.retention.file.num = 5 (custom)
2022-07-27 13:52:33,930 [pool-874-thread-1] INFO  server.RaftServerConfigKeys (ConfUtils.java:logGet(46)) - raft.server.log.purge.upto.snapshot.index = false (default)
2022-07-27 13:52:33,930 [pool-874-thread-1] INFO  server.RaftServerConfigKeys (ConfUtils.java:logGet(46)) - raft.server.retrycache.expirytime = 600000ms (custom)
2022-07-27 13:52:33,930 [pool-874-thread-1] INFO  server.RaftServerConfigKeys (ConfUtils.java:logGet(46)) - raft.server.retrycache.statistics.expirytime = 100μs (default)
2022-07-27 13:52:33,935 [pool-874-thread-1] INFO  server.RaftServerConfigKeys (ConfUtils.java:logGet(46)) - raft.server.log.appender.install.snapshot.enabled = false (custom)
2022-07-27 13:52:33,935 [pool-874-thread-1] INFO  server.RaftServerConfigKeys (ConfUtils.java:logGet(46)) - raft.server.threadpool.server.cached = true (default)
2022-07-27 13:52:33,935 [pool-874-thread-1] INFO  server.RaftServerConfigKeys (ConfUtils.java:logGet(46)) - raft.server.threadpool.server.size = 0 (default)
2022-07-27 13:52:33,935 [pool-874-thread-1] INFO  server.RaftServerConfigKeys (ConfUtils.java:logGet(46)) - raft.server.threadpool.client.cached = true (default)
2022-07-27 13:52:33,935 [pool-874-thread-1] INFO  server.RaftServerConfigKeys (ConfUtils.java:logGet(46)) - raft.server.threadpool.client.size = 0 (default)
2022-07-27 13:52:33,935 [pool-874-thread-1] INFO  server.RaftServer$Division (RaftServerImpl.java:start(310)) - 300bc6a6-ac9b-494f-ba5e-9b5cd40f574a@group-96A6433D2308: start as a follower, conf=-1: [300bc6a6-ac9b-494f-ba5e-9b5cd40f574a|rpc:10.1.0.21:35611|priority:1], old=null
2022-07-27 13:52:33,935 [pool-874-thread-1] INFO  server.RaftServer$Division (RaftServerImpl.java:setRole(299)) - 300bc6a6-ac9b-494f-ba5e-9b5cd40f574a@group-96A6433D2308: changes role from      null to FOLLOWER at term 0 for startAsFollower
2022-07-27 13:52:33,935 [pool-874-thread-1] INFO  impl.RoleInfo (RoleInfo.java:updateAndGet(139)) - 300bc6a6-ac9b-494f-ba5e-9b5cd40f574a: start 300bc6a6-ac9b-494f-ba5e-9b5cd40f574a@group-96A6433D2308-FollowerState
2022-07-27 13:52:33,958 [pool-874-thread-1] INFO  util.JmxRegister (JmxRegister.java:tryRegister(44)) - Successfully registered JMX Bean with object name Ratis:service=RaftServer,group=group-96A6433D2308,id=300bc6a6-ac9b-494f-ba5e-9b5cd40f574a
2022-07-27 13:52:33,966 [Command processor thread] INFO  ratis.XceiverServerRatis (XceiverServerRatis.java:addGroup(765)) - Created group PipelineID=0256aeb6-dd9f-4f39-b717-96a6433d2308
2022-07-27 13:52:33,966 [Command processor thread] INFO  commandhandler.CreatePipelineCommandHandler (CreatePipelineCommandHandler.java:handle(113)) - Created Pipeline RATIS ONE PipelineID=0256aeb6-dd9f-4f39-b717-96a6433d2308.
2022-07-27 13:52:33,966 [Command processor thread] INFO  server.RaftServer (RaftServerProxy.java:addNew(96)) - 300bc6a6-ac9b-494f-ba5e-9b5cd40f574a: addNew group-4AB8ADFB4942:[300bc6a6-ac9b-494f-ba5e-9b5cd40f574a|rpc:10.1.0.21:35611|priority:0, 58deb1ea-3cfa-40e5-9635-0b83604fd255|rpc:10.1.0.21:32883|priority:0, ddca7a03-388a-498e-af9c-b33aa01d2ce7|rpc:10.1.0.21:36561|priority:1] returns group-4AB8ADFB4942:java.util.concurrent.CompletableFuture@1f2e94e4[Not completed]
2022-07-27 13:52:33,975 [pool-874-thread-1] INFO  server.RaftServer$Division (RaftServerImpl.java:<init>(190)) - 300bc6a6-ac9b-494f-ba5e-9b5cd40f574a: new RaftServerImpl for group-4AB8ADFB4942:[300bc6a6-ac9b-494f-ba5e-9b5cd40f574a|rpc:10.1.0.21:35611|priority:0, 58deb1ea-3cfa-40e5-9635-0b83604fd255|rpc:10.1.0.21:32883|priority:0, ddca7a03-388a-498e-af9c-b33aa01d2ce7|rpc:10.1.0.21:36561|priority:1] with ContainerStateMachine:uninitialized
2022-07-27 13:52:33,975 [pool-874-thread-1] INFO  server.RaftServerConfigKeys (ConfUtils.java:logGet(46)) - raft.server.rpc.timeout.min = 5s (custom)
2022-07-27 13:52:33,975 [pool-874-thread-1] INFO  server.RaftServerConfigKeys (ConfUtils.java:logGet(46)) - raft.server.rpc.timeout.max = 5200ms (custom)
2022-07-27 13:52:33,975 [pool-874-thread-1] INFO  server.RaftServerConfigKeys (ConfUtils.java:logGet(46)) - raft.server.rpc.sleep.time = 25ms (default)
2022-07-27 13:52:33,975 [pool-874-thread-1] INFO  server.RaftServerConfigKeys (ConfUtils.java:logGet(46)) - raft.server.rpc.slowness.timeout = 300s (custom)
2022-07-27 13:52:33,975 [pool-874-thread-1] INFO  server.RaftServerConfigKeys (ConfUtils.java:logGet(46)) - raft.server.leaderelection.leader.step-down.wait-time = 10s (default)
2022-07-27 13:52:33,975 [pool-874-thread-1] INFO  server.RaftServerConfigKeys (ConfUtils.java:logGet(46)) - raft.server.sleep.deviation.threshold = 300ms (default)
2022-07-27 13:52:33,975 [pool-874-thread-1] INFO  server.RaftServer$Division (ServerState.java:<init>(107)) - 300bc6a6-ac9b-494f-ba5e-9b5cd40f574a@group-4AB8ADFB4942: ConfigurationManager, init=-1: [300bc6a6-ac9b-494f-ba5e-9b5cd40f574a|rpc:10.1.0.21:35611|priority:0, 58deb1ea-3cfa-40e5-9635-0b83604fd255|rpc:10.1.0.21:32883|priority:0, ddca7a03-388a-498e-af9c-b33aa01d2ce7|rpc:10.1.0.21:36561|priority:1], old=null, confs=<EMPTY_MAP>
2022-07-27 13:52:33,975 [pool-874-thread-1] INFO  server.RaftServerConfigKeys (ConfUtils.java:logGet(46)) - raft.server.storage.dir = [/home/runner/work/ozone/ozone/hadoop-ozone/integration-test/target/test-dir/MiniOzoneClusterImpl-d8681e24-cb86-4f17-9b85-5d83644f9f4f/datanode-0/data/ratis] (custom)
2022-07-27 13:52:33,975 [pool-874-thread-1] INFO  server.RaftServerConfigKeys (ConfUtils.java:logGet(46)) - raft.server.log.corruption.policy = EXCEPTION (default)
2022-07-27 13:52:33,975 [pool-874-thread-1] INFO  server.RaftServerConfigKeys (ConfUtils.java:logGet(46)) - raft.server.storage.free-space.min = 0MB (=0) (default)
2022-07-27 13:52:33,975 [pool-874-thread-1] INFO  storage.RaftStorageDirectory (RaftStorageDirectoryImpl.java:analyzeStorage(135)) - The storage directory /home/runner/work/ozone/ozone/hadoop-ozone/integration-test/target/test-dir/MiniOzoneClusterImpl-d8681e24-cb86-4f17-9b85-5d83644f9f4f/datanode-0/data/ratis/38759aed-dbab-44ec-af4a-4ab8adfb4942 does not exist. Creating ...
2022-07-27 13:52:33,977 [pool-874-thread-1] INFO  storage.RaftStorageDirectory (RaftStorageDirectoryImpl.java:tryLock(230)) - Lock on /home/runner/work/ozone/ozone/hadoop-ozone/integration-test/target/test-dir/MiniOzoneClusterImpl-d8681e24-cb86-4f17-9b85-5d83644f9f4f/datanode-0/data/ratis/38759aed-dbab-44ec-af4a-4ab8adfb4942/in_use.lock acquired by nodename 11093@fv-az217-261
2022-07-27 13:52:33,981 [pool-874-thread-1] INFO  storage.RaftStorage (RaftStorageImpl.java:format(89)) - Storage directory /home/runner/work/ozone/ozone/hadoop-ozone/integration-test/target/test-dir/MiniOzoneClusterImpl-d8681e24-cb86-4f17-9b85-5d83644f9f4f/datanode-0/data/ratis/38759aed-dbab-44ec-af4a-4ab8adfb4942 has been successfully formatted.
2022-07-27 13:52:33,981 [pool-874-thread-1] INFO  ratis.ContainerStateMachine (ContainerStateMachine.java:loadSnapshot(236)) - group-4AB8ADFB4942: The snapshot info is null. Setting the last applied indexto:(t:0, i:~)
2022-07-27 13:52:33,982 [EventQueue-OpenPipelineForHealthyPipelineSafeModeRule] INFO  safemode.SCMSafeModeManager (HealthyPipelineSafeModeRule.java:process(137)) - SCM in safe mode. Healthy pipelines reported count is 0, required healthy pipeline reported count is 1
2022-07-27 13:52:33,982 [pool-874-thread-1] INFO  server.RaftServerConfigKeys (ConfUtils.java:logGet(46)) - raft.server.notification.no-leader.timeout = 300s (custom)
2022-07-27 13:52:33,983 [pool-874-thread-1] INFO  server.RaftServerConfigKeys (ConfUtils.java:logGet(46)) - raft.server.log.use.memory = false (default)
2022-07-27 13:52:33,983 [pool-874-thread-1] INFO  server.RaftServerConfigKeys (ConfUtils.java:logGet(46)) - raft.server.log.purge.gap = 1000000 (custom)
2022-07-27 13:52:33,983 [pool-874-thread-1] INFO  server.RaftServerConfigKeys (ConfUtils.java:logGet(46)) - raft.server.log.appender.buffer.byte-limit = 33554432 (custom)
2022-07-27 13:52:33,983 [pool-874-thread-1] INFO  server.RaftServerConfigKeys (ConfUtils.java:logGet(46)) - raft.server.log.statemachine.data.read.timeout = 1000ms (default)
2022-07-27 13:52:33,983 [pool-874-thread-1] INFO  server.RaftServerConfigKeys (ConfUtils.java:logGet(46)) - raft.server.log.segment.size.max = 1048576 (custom)
2022-07-27 13:52:33,983 [pool-874-thread-1] INFO  server.RaftServerConfigKeys (ConfUtils.java:logGet(46)) - raft.server.log.segment.cache.num.max = 2 (custom)
2022-07-27 13:52:33,983 [pool-874-thread-1] INFO  server.RaftServerConfigKeys (ConfUtils.java:logGet(46)) - raft.server.log.segment.cache.size.max = 200MB (=209715200) (default)
2022-07-27 13:52:33,985 [pool-874-thread-1] INFO  segmented.SegmentedRaftLogWorker (SegmentedRaftLogWorker.java:<init>(187)) - new 300bc6a6-ac9b-494f-ba5e-9b5cd40f574a@group-4AB8ADFB4942-SegmentedRaftLogWorker for RaftStorageImpl:Storage Directory /home/runner/work/ozone/ozone/hadoop-ozone/integration-test/target/test-dir/MiniOzoneClusterImpl-d8681e24-cb86-4f17-9b85-5d83644f9f4f/datanode-0/data/ratis/38759aed-dbab-44ec-af4a-4ab8adfb4942
2022-07-27 13:52:33,985 [pool-874-thread-1] INFO  server.RaftServerConfigKeys (ConfUtils.java:logGet(46)) - raft.server.log.queue.byte-limit = 4294967296 (custom)
2022-07-27 13:52:33,985 [pool-874-thread-1] INFO  server.RaftServerConfigKeys (ConfUtils.java:logGet(46)) - raft.server.log.queue.element-limit = 1024 (custom)
2022-07-27 13:52:33,985 [pool-874-thread-1] INFO  server.RaftServerConfigKeys (ConfUtils.java:logGet(46)) - raft.server.log.segment.size.max = 1048576 (custom)
2022-07-27 13:52:33,985 [pool-874-thread-1] INFO  server.RaftServerConfigKeys (ConfUtils.java:logGet(46)) - raft.server.log.preallocated.size = 16384 (custom)
2022-07-27 13:52:33,985 [pool-874-thread-1] INFO  server.RaftServerConfigKeys (ConfUtils.java:logGet(46)) - raft.server.log.force.sync.num = 128 (default)
2022-07-27 13:52:33,985 [pool-874-thread-1] INFO  server.RaftServerConfigKeys (ConfUtils.java:logGet(46)) - raft.server.log.statemachine.data.sync = true (default)
2022-07-27 13:52:33,985 [pool-874-thread-1] INFO  server.RaftServerConfigKeys (ConfUtils.java:logGet(46)) - raft.server.log.statemachine.data.sync.timeout = 10s (default)
2022-07-27 13:52:33,985 [pool-874-thread-1] INFO  server.RaftServerConfigKeys (ConfUtils.java:logGet(46)) - raft.server.log.statemachine.data.sync.timeout.retry = -1 (default)
2022-07-27 13:52:33,988 [pool-874-thread-1] INFO  server.RaftServerConfigKeys (ConfUtils.java:logGet(46)) - raft.server.log.write.buffer.size = 1048576 (custom)
2022-07-27 13:52:33,989 [pool-874-thread-1] INFO  server.RaftServerConfigKeys (ConfUtils.java:logGet(46)) - raft.server.log.unsafe-flush.enabled = false (default)
2022-07-27 13:52:33,989 [pool-874-thread-1] INFO  server.RaftServerConfigKeys (ConfUtils.java:logGet(46)) - raft.server.log.statemachine.data.caching.enabled = true (custom)
2022-07-27 13:52:33,989 [pool-874-thread-1] INFO  segmented.SegmentedRaftLogWorker (SegmentedRaftLogWorker.java:lambda$new$0(135)) - 300bc6a6-ac9b-494f-ba5e-9b5cd40f574a@group-4AB8ADFB4942-SegmentedRaftLogWorker: flushIndex: setUnconditionally 0 -> -1
2022-07-27 13:52:33,989 [pool-874-thread-1] INFO  segmented.SegmentedRaftLogWorker (SegmentedRaftLogWorker.java:lambda$new$0(135)) - 300bc6a6-ac9b-494f-ba5e-9b5cd40f574a@group-4AB8ADFB4942-SegmentedRaftLogWorker: safeCacheEvictIndex: setUnconditionally 0 -> -1
2022-07-27 13:52:34,003 [pool-874-thread-1] INFO  server.RaftServerConfigKeys (ConfUtils.java:logGet(46)) - raft.server.snapshot.auto.trigger.enabled = true (custom)
2022-07-27 13:52:34,003 [pool-874-thread-1] INFO  server.RaftServerConfigKeys (ConfUtils.java:logGet(46)) - raft.server.snapshot.auto.trigger.threshold = 10000 (custom)
2022-07-27 13:52:34,004 [pool-874-thread-1] INFO  server.RaftServerConfigKeys (ConfUtils.java:logGet(46)) - raft.server.snapshot.retention.file.num = 5 (custom)
2022-07-27 13:52:34,004 [pool-874-thread-1] INFO  server.RaftServerConfigKeys (ConfUtils.java:logGet(46)) - raft.server.log.purge.upto.snapshot.index = false (default)
2022-07-27 13:52:34,004 [pool-874-thread-1] INFO  server.RaftServerConfigKeys (ConfUtils.java:logGet(46)) - raft.server.retrycache.expirytime = 600000ms (custom)
2022-07-27 13:52:34,004 [pool-874-thread-1] INFO  server.RaftServerConfigKeys (ConfUtils.java:logGet(46)) - raft.server.retrycache.statistics.expirytime = 100μs (default)
2022-07-27 13:52:34,005 [pool-874-thread-1] INFO  server.RaftServerConfigKeys (ConfUtils.java:logGet(46)) - raft.server.log.appender.install.snapshot.enabled = false (custom)
2022-07-27 13:52:34,005 [pool-874-thread-1] INFO  server.RaftServerConfigKeys (ConfUtils.java:logGet(46)) - raft.server.threadpool.server.cached = true (default)
2022-07-27 13:52:34,005 [pool-874-thread-1] INFO  server.RaftServerConfigKeys (ConfUtils.java:logGet(46)) - raft.server.threadpool.server.size = 0 (default)
2022-07-27 13:52:34,005 [pool-874-thread-1] INFO  server.RaftServerConfigKeys (ConfUtils.java:logGet(46)) - raft.server.threadpool.client.cached = true (default)
2022-07-27 13:52:34,005 [pool-874-thread-1] INFO  server.RaftServerConfigKeys (ConfUtils.java:logGet(46)) - raft.server.threadpool.client.size = 0 (default)
2022-07-27 13:52:34,005 [pool-874-thread-1] INFO  server.RaftServer$Division (RaftServerImpl.java:start(310)) - 300bc6a6-ac9b-494f-ba5e-9b5cd40f574a@group-4AB8ADFB4942: start as a follower, conf=-1: [300bc6a6-ac9b-494f-ba5e-9b5cd40f574a|rpc:10.1.0.21:35611|priority:0, 58deb1ea-3cfa-40e5-9635-0b83604fd255|rpc:10.1.0.21:32883|priority:0, ddca7a03-388a-498e-af9c-b33aa01d2ce7|rpc:10.1.0.21:36561|priority:1], old=null
2022-07-27 13:52:34,005 [pool-874-thread-1] INFO  server.RaftServer$Division (RaftServerImpl.java:setRole(299)) - 300bc6a6-ac9b-494f-ba5e-9b5cd40f574a@group-4AB8ADFB4942: changes role from      null to FOLLOWER at term 0 for startAsFollower
2022-07-27 13:52:34,005 [pool-874-thread-1] INFO  impl.RoleInfo (RoleInfo.java:updateAndGet(139)) - 300bc6a6-ac9b-494f-ba5e-9b5cd40f574a: start 300bc6a6-ac9b-494f-ba5e-9b5cd40f574a@group-4AB8ADFB4942-FollowerState
2022-07-27 13:52:34,014 [pool-874-thread-1] INFO  util.JmxRegister (JmxRegister.java:tryRegister(44)) - Successfully registered JMX Bean with object name Ratis:service=RaftServer,group=group-4AB8ADFB4942,id=300bc6a6-ac9b-494f-ba5e-9b5cd40f574a
2022-07-27 13:52:34,023 [Command processor thread] INFO  ratis.XceiverServerRatis (XceiverServerRatis.java:addGroup(765)) - Created group PipelineID=38759aed-dbab-44ec-af4a-4ab8adfb4942
2022-07-27 13:52:34,076 [Listener at 127.0.0.1/34829] INFO  ozone.MiniOzoneClusterImpl (MiniOzoneClusterImpl.java:lambda$waitForClusterToBeReady$0(216)) - Waiting for nodes to be ready. Got 4 of 5 DN Heartbeats.
2022-07-27 13:52:34,076 [Listener at 127.0.0.1/34829] INFO  ozone.MiniOzoneClusterImpl (MiniOzoneClusterImpl.java:lambda$waitForClusterToBeReady$0(219)) - Waiting for cluster to exit safe mode
2022-07-27 13:52:34,076 [Listener at 127.0.0.1/34829] INFO  ozone.MiniOzoneClusterImpl (MiniOzoneClusterImpl.java:lambda$waitForClusterToBeReady$0(221)) - SCM became leader
2022-07-27 13:52:34,133 [grpc-default-executor-0] INFO  server.RaftServer (RaftServerProxy.java:addNew(96)) - ddca7a03-388a-498e-af9c-b33aa01d2ce7: addNew group-4AB8ADFB4942:[300bc6a6-ac9b-494f-ba5e-9b5cd40f574a|rpc:10.1.0.21:35611|dataStream:|priority:0, 58deb1ea-3cfa-40e5-9635-0b83604fd255|rpc:10.1.0.21:32883|dataStream:|priority:0, ddca7a03-388a-498e-af9c-b33aa01d2ce7|rpc:10.1.0.21:36561|dataStream:|priority:1] returns group-4AB8ADFB4942:java.util.concurrent.CompletableFuture@75e92ed8[Not completed]
2022-07-27 13:52:34,136 [pool-920-thread-1] INFO  server.RaftServer$Division (RaftServerImpl.java:<init>(190)) - ddca7a03-388a-498e-af9c-b33aa01d2ce7: new RaftServerImpl for group-4AB8ADFB4942:[300bc6a6-ac9b-494f-ba5e-9b5cd40f574a|rpc:10.1.0.21:35611|dataStream:|priority:0, 58deb1ea-3cfa-40e5-9635-0b83604fd255|rpc:10.1.0.21:32883|dataStream:|priority:0, ddca7a03-388a-498e-af9c-b33aa01d2ce7|rpc:10.1.0.21:36561|dataStream:|priority:1] with ContainerStateMachine:uninitialized
2022-07-27 13:52:34,136 [pool-920-thread-1] INFO  server.RaftServerConfigKeys (ConfUtils.java:logGet(46)) - raft.server.rpc.timeout.min = 5s (custom)
2022-07-27 13:52:34,136 [pool-920-thread-1] INFO  server.RaftServerConfigKeys (ConfUtils.java:logGet(46)) - raft.server.rpc.timeout.max = 5200ms (custom)
2022-07-27 13:52:34,136 [pool-920-thread-1] INFO  server.RaftServerConfigKeys (ConfUtils.java:logGet(46)) - raft.server.rpc.sleep.time = 25ms (default)
2022-07-27 13:52:34,136 [pool-920-thread-1] INFO  server.RaftServerConfigKeys (ConfUtils.java:logGet(46)) - raft.server.rpc.slowness.timeout = 300s (custom)
2022-07-27 13:52:34,136 [pool-920-thread-1] INFO  server.RaftServerConfigKeys (ConfUtils.java:logGet(46)) - raft.server.leaderelection.leader.step-down.wait-time = 10s (default)
2022-07-27 13:52:34,136 [pool-920-thread-1] INFO  server.RaftServerConfigKeys (ConfUtils.java:logGet(46)) - raft.server.sleep.deviation.threshold = 300ms (default)
2022-07-27 13:52:34,136 [pool-920-thread-1] INFO  server.RaftServer$Division (ServerState.java:<init>(107)) - ddca7a03-388a-498e-af9c-b33aa01d2ce7@group-4AB8ADFB4942: ConfigurationManager, init=-1: [300bc6a6-ac9b-494f-ba5e-9b5cd40f574a|rpc:10.1.0.21:35611|dataStream:|priority:0, 58deb1ea-3cfa-40e5-9635-0b83604fd255|rpc:10.1.0.21:32883|dataStream:|priority:0, ddca7a03-388a-498e-af9c-b33aa01d2ce7|rpc:10.1.0.21:36561|dataStream:|priority:1], old=null, confs=<EMPTY_MAP>
2022-07-27 13:52:34,136 [pool-920-thread-1] INFO  server.RaftServerConfigKeys (ConfUtils.java:logGet(46)) - raft.server.storage.dir = [/home/runner/work/ozone/ozone/hadoop-ozone/integration-test/target/test-dir/MiniOzoneClusterImpl-d8681e24-cb86-4f17-9b85-5d83644f9f4f/datanode-2/data/ratis] (custom)
2022-07-27 13:52:34,136 [pool-920-thread-1] INFO  server.RaftServerConfigKeys (ConfUtils.java:logGet(46)) - raft.server.log.corruption.policy = EXCEPTION (default)
2022-07-27 13:52:34,136 [pool-920-thread-1] INFO  server.RaftServerConfigKeys (ConfUtils.java:logGet(46)) - raft.server.storage.free-space.min = 0MB (=0) (default)
2022-07-27 13:52:34,137 [pool-920-thread-1] INFO  storage.RaftStorageDirectory (RaftStorageDirectoryImpl.java:analyzeStorage(135)) - The storage directory /home/runner/work/ozone/ozone/hadoop-ozone/integration-test/target/test-dir/MiniOzoneClusterImpl-d8681e24-cb86-4f17-9b85-5d83644f9f4f/datanode-2/data/ratis/38759aed-dbab-44ec-af4a-4ab8adfb4942 does not exist. Creating ...
2022-07-27 13:52:34,146 [pool-920-thread-1] INFO  storage.RaftStorageDirectory (RaftStorageDirectoryImpl.java:tryLock(230)) - Lock on /home/runner/work/ozone/ozone/hadoop-ozone/integration-test/target/test-dir/MiniOzoneClusterImpl-d8681e24-cb86-4f17-9b85-5d83644f9f4f/datanode-2/data/ratis/38759aed-dbab-44ec-af4a-4ab8adfb4942/in_use.lock acquired by nodename 11093@fv-az217-261
2022-07-27 13:52:34,153 [pool-920-thread-1] INFO  storage.RaftStorage (RaftStorageImpl.java:format(89)) - Storage directory /home/runner/work/ozone/ozone/hadoop-ozone/integration-test/target/test-dir/MiniOzoneClusterImpl-d8681e24-cb86-4f17-9b85-5d83644f9f4f/datanode-2/data/ratis/38759aed-dbab-44ec-af4a-4ab8adfb4942 has been successfully formatted.
2022-07-27 13:52:34,154 [pool-920-thread-1] INFO  ratis.ContainerStateMachine (ContainerStateMachine.java:loadSnapshot(236)) - group-4AB8ADFB4942: The snapshot info is null. Setting the last applied indexto:(t:0, i:~)
2022-07-27 13:52:34,171 [pool-920-thread-1] INFO  server.RaftServerConfigKeys (ConfUtils.java:logGet(46)) - raft.server.notification.no-leader.timeout = 300s (custom)
2022-07-27 13:52:34,171 [pool-920-thread-1] INFO  server.RaftServerConfigKeys (ConfUtils.java:logGet(46)) - raft.server.log.use.memory = false (default)
2022-07-27 13:52:34,171 [pool-920-thread-1] INFO  server.RaftServerConfigKeys (ConfUtils.java:logGet(46)) - raft.server.log.purge.gap = 1000000 (custom)
2022-07-27 13:52:34,171 [pool-920-thread-1] INFO  server.RaftServerConfigKeys (ConfUtils.java:logGet(46)) - raft.server.log.appender.buffer.byte-limit = 33554432 (custom)
2022-07-27 13:52:34,171 [pool-920-thread-1] INFO  server.RaftServerConfigKeys (ConfUtils.java:logGet(46)) - raft.server.log.statemachine.data.read.timeout = 1000ms (default)
2022-07-27 13:52:34,171 [pool-920-thread-1] INFO  server.RaftServerConfigKeys (ConfUtils.java:logGet(46)) - raft.server.log.segment.size.max = 1048576 (custom)
2022-07-27 13:52:34,172 [pool-920-thread-1] INFO  server.RaftServerConfigKeys (ConfUtils.java:logGet(46)) - raft.server.log.segment.cache.num.max = 2 (custom)
2022-07-27 13:52:34,172 [pool-920-thread-1] INFO  server.RaftServerConfigKeys (ConfUtils.java:logGet(46)) - raft.server.log.segment.cache.size.max = 200MB (=209715200) (default)
2022-07-27 13:52:34,172 [pool-920-thread-1] INFO  segmented.SegmentedRaftLogWorker (SegmentedRaftLogWorker.java:<init>(187)) - new ddca7a03-388a-498e-af9c-b33aa01d2ce7@group-4AB8ADFB4942-SegmentedRaftLogWorker for RaftStorageImpl:Storage Directory /home/runner/work/ozone/ozone/hadoop-ozone/integration-test/target/test-dir/MiniOzoneClusterImpl-d8681e24-cb86-4f17-9b85-5d83644f9f4f/datanode-2/data/ratis/38759aed-dbab-44ec-af4a-4ab8adfb4942
2022-07-27 13:52:34,172 [pool-920-thread-1] INFO  server.RaftServerConfigKeys (ConfUtils.java:logGet(46)) - raft.server.log.queue.byte-limit = 4294967296 (custom)
2022-07-27 13:52:34,172 [pool-920-thread-1] INFO  server.RaftServerConfigKeys (ConfUtils.java:logGet(46)) - raft.server.log.queue.element-limit = 1024 (custom)
2022-07-27 13:52:34,172 [pool-920-thread-1] INFO  server.RaftServerConfigKeys (ConfUtils.java:logGet(46)) - raft.server.log.segment.size.max = 1048576 (custom)
2022-07-27 13:52:34,172 [pool-920-thread-1] INFO  server.RaftServerConfigKeys (ConfUtils.java:logGet(46)) - raft.server.log.preallocated.size = 16384 (custom)
2022-07-27 13:52:34,172 [pool-920-thread-1] INFO  server.RaftServerConfigKeys (ConfUtils.java:logGet(46)) - raft.server.log.force.sync.num = 128 (default)
2022-07-27 13:52:34,172 [pool-920-thread-1] INFO  server.RaftServerConfigKeys (ConfUtils.java:logGet(46)) - raft.server.log.statemachine.data.sync = true (default)
2022-07-27 13:52:34,172 [pool-920-thread-1] INFO  server.RaftServerConfigKeys (ConfUtils.java:logGet(46)) - raft.server.log.statemachine.data.sync.timeout = 10s (default)
2022-07-27 13:52:34,172 [pool-920-thread-1] INFO  server.RaftServerConfigKeys (ConfUtils.java:logGet(46)) - raft.server.log.statemachine.data.sync.timeout.retry = -1 (default)
2022-07-27 13:52:34,173 [pool-920-thread-1] INFO  server.RaftServerConfigKeys (ConfUtils.java:logGet(46)) - raft.server.log.write.buffer.size = 1048576 (custom)
2022-07-27 13:52:34,173 [pool-920-thread-1] INFO  server.RaftServerConfigKeys (ConfUtils.java:logGet(46)) - raft.server.log.unsafe-flush.enabled = false (default)
2022-07-27 13:52:34,173 [pool-920-thread-1] INFO  server.RaftServerConfigKeys (ConfUtils.java:logGet(46)) - raft.server.log.statemachine.data.caching.enabled = true (custom)
2022-07-27 13:52:34,174 [pool-920-thread-1] INFO  segmented.SegmentedRaftLogWorker (SegmentedRaftLogWorker.java:lambda$new$0(135)) - ddca7a03-388a-498e-af9c-b33aa01d2ce7@group-4AB8ADFB4942-SegmentedRaftLogWorker: flushIndex: setUnconditionally 0 -> -1
2022-07-27 13:52:34,174 [pool-920-thread-1] INFO  segmented.SegmentedRaftLogWorker (SegmentedRaftLogWorker.java:lambda$new$0(135)) - ddca7a03-388a-498e-af9c-b33aa01d2ce7@group-4AB8ADFB4942-SegmentedRaftLogWorker: safeCacheEvictIndex: setUnconditionally 0 -> -1
2022-07-27 13:52:34,199 [UnderReplicatedQueueThreadThread] INFO  replication.UnderReplicatedProcessor (UnderReplicatedProcessor.java:processAll(85)) - Processed 0 under replicated containers, failed processing 0
2022-07-27 13:52:34,202 [OverReplicatedQueueThreadThread] INFO  replication.OverReplicatedProcessor (OverReplicatedProcessor.java:processAll(83)) - Processed 0 over replicated containers, failed processing 0
2022-07-27 13:52:34,210 [pool-920-thread-1] INFO  server.RaftServerConfigKeys (ConfUtils.java:logGet(46)) - raft.server.snapshot.auto.trigger.enabled = true (custom)
2022-07-27 13:52:34,211 [pool-920-thread-1] INFO  server.RaftServerConfigKeys (ConfUtils.java:logGet(46)) - raft.server.snapshot.auto.trigger.threshold = 10000 (custom)
2022-07-27 13:52:34,211 [pool-920-thread-1] INFO  server.RaftServerConfigKeys (ConfUtils.java:logGet(46)) - raft.server.snapshot.retention.file.num = 5 (custom)
2022-07-27 13:52:34,211 [pool-920-thread-1] INFO  server.RaftServerConfigKeys (ConfUtils.java:logGet(46)) - raft.server.log.purge.upto.snapshot.index = false (default)
2022-07-27 13:52:34,211 [pool-920-thread-1] INFO  server.RaftServerConfigKeys (ConfUtils.java:logGet(46)) - raft.server.retrycache.expirytime = 600000ms (custom)
2022-07-27 13:52:34,211 [pool-920-thread-1] INFO  server.RaftServerConfigKeys (ConfUtils.java:logGet(46)) - raft.server.retrycache.statistics.expirytime = 100μs (default)
2022-07-27 13:52:34,212 [pool-920-thread-1] INFO  server.RaftServerConfigKeys (ConfUtils.java:logGet(46)) - raft.server.log.appender.install.snapshot.enabled = false (custom)
2022-07-27 13:52:34,212 [pool-920-thread-1] INFO  server.RaftServerConfigKeys (ConfUtils.java:logGet(46)) - raft.server.threadpool.server.cached = true (default)
2022-07-27 13:52:34,212 [pool-920-thread-1] INFO  server.RaftServerConfigKeys (ConfUtils.java:logGet(46)) - raft.server.threadpool.server.size = 0 (default)
2022-07-27 13:52:34,212 [pool-920-thread-1] INFO  server.RaftServerConfigKeys (ConfUtils.java:logGet(46)) - raft.server.threadpool.client.cached = true (default)
2022-07-27 13:52:34,212 [pool-920-thread-1] INFO  server.RaftServerConfigKeys (ConfUtils.java:logGet(46)) - raft.server.threadpool.client.size = 0 (default)
2022-07-27 13:52:34,212 [pool-920-thread-1] INFO  server.RaftServer$Division (RaftServerImpl.java:start(310)) - ddca7a03-388a-498e-af9c-b33aa01d2ce7@group-4AB8ADFB4942: start as a follower, conf=-1: [300bc6a6-ac9b-494f-ba5e-9b5cd40f574a|rpc:10.1.0.21:35611|dataStream:|priority:0, 58deb1ea-3cfa-40e5-9635-0b83604fd255|rpc:10.1.0.21:32883|dataStream:|priority:0, ddca7a03-388a-498e-af9c-b33aa01d2ce7|rpc:10.1.0.21:36561|dataStream:|priority:1], old=null
2022-07-27 13:52:34,212 [pool-920-thread-1] INFO  server.RaftServer$Division (RaftServerImpl.java:setRole(299)) - ddca7a03-388a-498e-af9c-b33aa01d2ce7@group-4AB8ADFB4942: changes role from      null to FOLLOWER at term 0 for startAsFollower
2022-07-27 13:52:34,212 [pool-920-thread-1] INFO  impl.RoleInfo (RoleInfo.java:updateAndGet(139)) - ddca7a03-388a-498e-af9c-b33aa01d2ce7: start ddca7a03-388a-498e-af9c-b33aa01d2ce7@group-4AB8ADFB4942-FollowerState
2022-07-27 13:52:34,217 [pool-920-thread-1] INFO  util.JmxRegister (JmxRegister.java:tryRegister(44)) - Successfully registered JMX Bean with object name Ratis:service=RaftServer,group=group-4AB8ADFB4942,id=ddca7a03-388a-498e-af9c-b33aa01d2ce7
2022-07-27 13:52:34,284 [grpc-default-executor-0] INFO  server.RaftServer (RaftServerProxy.java:addNew(96)) - 58deb1ea-3cfa-40e5-9635-0b83604fd255: addNew group-4AB8ADFB4942:[300bc6a6-ac9b-494f-ba5e-9b5cd40f574a|rpc:10.1.0.21:35611|dataStream:|priority:0, 58deb1ea-3cfa-40e5-9635-0b83604fd255|rpc:10.1.0.21:32883|dataStream:|priority:0, ddca7a03-388a-498e-af9c-b33aa01d2ce7|rpc:10.1.0.21:36561|dataStream:|priority:1] returns group-4AB8ADFB4942:java.util.concurrent.CompletableFuture@61ceda43[Not completed]
2022-07-27 13:52:34,286 [pool-897-thread-1] INFO  server.RaftServer$Division (RaftServerImpl.java:<init>(190)) - 58deb1ea-3cfa-40e5-9635-0b83604fd255: new RaftServerImpl for group-4AB8ADFB4942:[300bc6a6-ac9b-494f-ba5e-9b5cd40f574a|rpc:10.1.0.21:35611|dataStream:|priority:0, 58deb1ea-3cfa-40e5-9635-0b83604fd255|rpc:10.1.0.21:32883|dataStream:|priority:0, ddca7a03-388a-498e-af9c-b33aa01d2ce7|rpc:10.1.0.21:36561|dataStream:|priority:1] with ContainerStateMachine:uninitialized
2022-07-27 13:52:34,287 [pool-897-thread-1] INFO  server.RaftServerConfigKeys (ConfUtils.java:logGet(46)) - raft.server.rpc.timeout.min = 5s (custom)
2022-07-27 13:52:34,287 [pool-897-thread-1] INFO  server.RaftServerConfigKeys (ConfUtils.java:logGet(46)) - raft.server.rpc.timeout.max = 5200ms (custom)
2022-07-27 13:52:34,287 [pool-897-thread-1] INFO  server.RaftServerConfigKeys (ConfUtils.java:logGet(46)) - raft.server.rpc.sleep.time = 25ms (default)
2022-07-27 13:52:34,287 [pool-897-thread-1] INFO  server.RaftServerConfigKeys (ConfUtils.java:logGet(46)) - raft.server.rpc.slowness.timeout = 300s (custom)
2022-07-27 13:52:34,287 [pool-897-thread-1] INFO  server.RaftServerConfigKeys (ConfUtils.java:logGet(46)) - raft.server.leaderelection.leader.step-down.wait-time = 10s (default)
2022-07-27 13:52:34,287 [pool-897-thread-1] INFO  server.RaftServerConfigKeys (ConfUtils.java:logGet(46)) - raft.server.sleep.deviation.threshold = 300ms (default)
2022-07-27 13:52:34,287 [pool-897-thread-1] INFO  server.RaftServer$Division (ServerState.java:<init>(107)) - 58deb1ea-3cfa-40e5-9635-0b83604fd255@group-4AB8ADFB4942: ConfigurationManager, init=-1: [300bc6a6-ac9b-494f-ba5e-9b5cd40f574a|rpc:10.1.0.21:35611|dataStream:|priority:0, 58deb1ea-3cfa-40e5-9635-0b83604fd255|rpc:10.1.0.21:32883|dataStream:|priority:0, ddca7a03-388a-498e-af9c-b33aa01d2ce7|rpc:10.1.0.21:36561|dataStream:|priority:1], old=null, confs=<EMPTY_MAP>
2022-07-27 13:52:34,287 [pool-897-thread-1] INFO  server.RaftServerConfigKeys (ConfUtils.java:logGet(46)) - raft.server.storage.dir = [/home/runner/work/ozone/ozone/hadoop-ozone/integration-test/target/test-dir/MiniOzoneClusterImpl-d8681e24-cb86-4f17-9b85-5d83644f9f4f/datanode-1/data/ratis] (custom)
2022-07-27 13:52:34,287 [pool-897-thread-1] INFO  server.RaftServerConfigKeys (ConfUtils.java:logGet(46)) - raft.server.log.corruption.policy = EXCEPTION (default)
2022-07-27 13:52:34,287 [pool-897-thread-1] INFO  server.RaftServerConfigKeys (ConfUtils.java:logGet(46)) - raft.server.storage.free-space.min = 0MB (=0) (default)
2022-07-27 13:52:34,287 [pool-897-thread-1] INFO  storage.RaftStorageDirectory (RaftStorageDirectoryImpl.java:analyzeStorage(135)) - The storage directory /home/runner/work/ozone/ozone/hadoop-ozone/integration-test/target/test-dir/MiniOzoneClusterImpl-d8681e24-cb86-4f17-9b85-5d83644f9f4f/datanode-1/data/ratis/38759aed-dbab-44ec-af4a-4ab8adfb4942 does not exist. Creating ...
2022-07-27 13:52:34,303 [pool-897-thread-1] INFO  storage.RaftStorageDirectory (RaftStorageDirectoryImpl.java:tryLock(230)) - Lock on /home/runner/work/ozone/ozone/hadoop-ozone/integration-test/target/test-dir/MiniOzoneClusterImpl-d8681e24-cb86-4f17-9b85-5d83644f9f4f/datanode-1/data/ratis/38759aed-dbab-44ec-af4a-4ab8adfb4942/in_use.lock acquired by nodename 11093@fv-az217-261
2022-07-27 13:52:34,304 [pool-897-thread-1] INFO  storage.RaftStorage (RaftStorageImpl.java:format(89)) - Storage directory /home/runner/work/ozone/ozone/hadoop-ozone/integration-test/target/test-dir/MiniOzoneClusterImpl-d8681e24-cb86-4f17-9b85-5d83644f9f4f/datanode-1/data/ratis/38759aed-dbab-44ec-af4a-4ab8adfb4942 has been successfully formatted.
2022-07-27 13:52:34,331 [pool-897-thread-1] INFO  ratis.ContainerStateMachine (ContainerStateMachine.java:loadSnapshot(236)) - group-4AB8ADFB4942: The snapshot info is null. Setting the last applied indexto:(t:0, i:~)
2022-07-27 13:52:34,331 [pool-897-thread-1] INFO  server.RaftServerConfigKeys (ConfUtils.java:logGet(46)) - raft.server.notification.no-leader.timeout = 300s (custom)
2022-07-27 13:52:34,331 [pool-897-thread-1] INFO  server.RaftServerConfigKeys (ConfUtils.java:logGet(46)) - raft.server.log.use.memory = false (default)
2022-07-27 13:52:34,331 [pool-897-thread-1] INFO  server.RaftServerConfigKeys (ConfUtils.java:logGet(46)) - raft.server.log.purge.gap = 1000000 (custom)
2022-07-27 13:52:34,331 [pool-897-thread-1] INFO  server.RaftServerConfigKeys (ConfUtils.java:logGet(46)) - raft.server.log.appender.buffer.byte-limit = 33554432 (custom)
2022-07-27 13:52:34,331 [pool-897-thread-1] INFO  server.RaftServerConfigKeys (ConfUtils.java:logGet(46)) - raft.server.log.statemachine.data.read.timeout = 1000ms (default)
2022-07-27 13:52:34,332 [pool-897-thread-1] INFO  server.RaftServerConfigKeys (ConfUtils.java:logGet(46)) - raft.server.log.segment.size.max = 1048576 (custom)
2022-07-27 13:52:34,332 [pool-897-thread-1] INFO  server.RaftServerConfigKeys (ConfUtils.java:logGet(46)) - raft.server.log.segment.cache.num.max = 2 (custom)
2022-07-27 13:52:34,332 [pool-897-thread-1] INFO  server.RaftServerConfigKeys (ConfUtils.java:logGet(46)) - raft.server.log.segment.cache.size.max = 200MB (=209715200) (default)
2022-07-27 13:52:34,332 [pool-897-thread-1] INFO  segmented.SegmentedRaftLogWorker (SegmentedRaftLogWorker.java:<init>(187)) - new 58deb1ea-3cfa-40e5-9635-0b83604fd255@group-4AB8ADFB4942-SegmentedRaftLogWorker for RaftStorageImpl:Storage Directory /home/runner/work/ozone/ozone/hadoop-ozone/integration-test/target/test-dir/MiniOzoneClusterImpl-d8681e24-cb86-4f17-9b85-5d83644f9f4f/datanode-1/data/ratis/38759aed-dbab-44ec-af4a-4ab8adfb4942
2022-07-27 13:52:34,332 [pool-897-thread-1] INFO  server.RaftServerConfigKeys (ConfUtils.java:logGet(46)) - raft.server.log.queue.byte-limit = 4294967296 (custom)
2022-07-27 13:52:34,332 [pool-897-thread-1] INFO  server.RaftServerConfigKeys (ConfUtils.java:logGet(46)) - raft.server.log.queue.element-limit = 1024 (custom)
2022-07-27 13:52:34,332 [pool-897-thread-1] INFO  server.RaftServerConfigKeys (ConfUtils.java:logGet(46)) - raft.server.log.segment.size.max = 1048576 (custom)
2022-07-27 13:52:34,332 [pool-897-thread-1] INFO  server.RaftServerConfigKeys (ConfUtils.java:logGet(46)) - raft.server.log.preallocated.size = 16384 (custom)
2022-07-27 13:52:34,332 [pool-897-thread-1] INFO  server.RaftServerConfigKeys (ConfUtils.java:logGet(46)) - raft.server.log.force.sync.num = 128 (default)
2022-07-27 13:52:34,332 [pool-897-thread-1] INFO  server.RaftServerConfigKeys (ConfUtils.java:logGet(46)) - raft.server.log.statemachine.data.sync = true (default)
2022-07-27 13:52:34,332 [pool-897-thread-1] INFO  server.RaftServerConfigKeys (ConfUtils.java:logGet(46)) - raft.server.log.statemachine.data.sync.timeout = 10s (default)
2022-07-27 13:52:34,332 [pool-897-thread-1] INFO  server.RaftServerConfigKeys (ConfUtils.java:logGet(46)) - raft.server.log.statemachine.data.sync.timeout.retry = -1 (default)
2022-07-27 13:52:34,333 [pool-897-thread-1] INFO  server.RaftServerConfigKeys (ConfUtils.java:logGet(46)) - raft.server.log.write.buffer.size = 1048576 (custom)
2022-07-27 13:52:34,334 [pool-897-thread-1] INFO  server.RaftServerConfigKeys (ConfUtils.java:logGet(46)) - raft.server.log.unsafe-flush.enabled = false (default)
2022-07-27 13:52:34,334 [pool-897-thread-1] INFO  server.RaftServerConfigKeys (ConfUtils.java:logGet(46)) - raft.server.log.statemachine.data.caching.enabled = true (custom)
2022-07-27 13:52:34,334 [pool-897-thread-1] INFO  segmented.SegmentedRaftLogWorker (SegmentedRaftLogWorker.java:lambda$new$0(135)) - 58deb1ea-3cfa-40e5-9635-0b83604fd255@group-4AB8ADFB4942-SegmentedRaftLogWorker: flushIndex: setUnconditionally 0 -> -1
2022-07-27 13:52:34,334 [pool-897-thread-1] INFO  segmented.SegmentedRaftLogWorker (SegmentedRaftLogWorker.java:lambda$new$0(135)) - 58deb1ea-3cfa-40e5-9635-0b83604fd255@group-4AB8ADFB4942-SegmentedRaftLogWorker: safeCacheEvictIndex: setUnconditionally 0 -> -1
2022-07-27 13:52:34,347 [pool-897-thread-1] INFO  server.RaftServerConfigKeys (ConfUtils.java:logGet(46)) - raft.server.snapshot.auto.trigger.enabled = true (custom)
2022-07-27 13:52:34,347 [pool-897-thread-1] INFO  server.RaftServerConfigKeys (ConfUtils.java:logGet(46)) - raft.server.snapshot.auto.trigger.threshold = 10000 (custom)
2022-07-27 13:52:34,347 [pool-897-thread-1] INFO  server.RaftServerConfigKeys (ConfUtils.java:logGet(46)) - raft.server.snapshot.retention.file.num = 5 (custom)
2022-07-27 13:52:34,347 [pool-897-thread-1] INFO  server.RaftServerConfigKeys (ConfUtils.java:logGet(46)) - raft.server.log.purge.upto.snapshot.index = false (default)
2022-07-27 13:52:34,347 [pool-897-thread-1] INFO  server.RaftServerConfigKeys (ConfUtils.java:logGet(46)) - raft.server.retrycache.expirytime = 600000ms (custom)
2022-07-27 13:52:34,348 [pool-897-thread-1] INFO  server.RaftServerConfigKeys (ConfUtils.java:logGet(46)) - raft.server.retrycache.statistics.expirytime = 100μs (default)
2022-07-27 13:52:34,350 [pool-897-thread-1] INFO  server.RaftServerConfigKeys (ConfUtils.java:logGet(46)) - raft.server.log.appender.install.snapshot.enabled = false (custom)
2022-07-27 13:52:34,350 [pool-897-thread-1] INFO  server.RaftServerConfigKeys (ConfUtils.java:logGet(46)) - raft.server.threadpool.server.cached = true (default)
2022-07-27 13:52:34,350 [pool-897-thread-1] INFO  server.RaftServerConfigKeys (ConfUtils.java:logGet(46)) - raft.server.threadpool.server.size = 0 (default)
2022-07-27 13:52:34,350 [pool-897-thread-1] INFO  server.RaftServerConfigKeys (ConfUtils.java:logGet(46)) - raft.server.threadpool.client.cached = true (default)
2022-07-27 13:52:34,350 [pool-897-thread-1] INFO  server.RaftServerConfigKeys (ConfUtils.java:logGet(46)) - raft.server.threadpool.client.size = 0 (default)
2022-07-27 13:52:34,350 [pool-897-thread-1] INFO  server.RaftServer$Division (RaftServerImpl.java:start(310)) - 58deb1ea-3cfa-40e5-9635-0b83604fd255@group-4AB8ADFB4942: start as a follower, conf=-1: [300bc6a6-ac9b-494f-ba5e-9b5cd40f574a|rpc:10.1.0.21:35611|dataStream:|priority:0, 58deb1ea-3cfa-40e5-9635-0b83604fd255|rpc:10.1.0.21:32883|dataStream:|priority:0, ddca7a03-388a-498e-af9c-b33aa01d2ce7|rpc:10.1.0.21:36561|dataStream:|priority:1], old=null
2022-07-27 13:52:34,350 [pool-897-thread-1] INFO  server.RaftServer$Division (RaftServerImpl.java:setRole(299)) - 58deb1ea-3cfa-40e5-9635-0b83604fd255@group-4AB8ADFB4942: changes role from      null to FOLLOWER at term 0 for startAsFollower
2022-07-27 13:52:34,350 [pool-897-thread-1] INFO  impl.RoleInfo (RoleInfo.java:updateAndGet(139)) - 58deb1ea-3cfa-40e5-9635-0b83604fd255: start 58deb1ea-3cfa-40e5-9635-0b83604fd255@group-4AB8ADFB4942-FollowerState
2022-07-27 13:52:34,351 [pool-897-thread-1] INFO  util.JmxRegister (JmxRegister.java:tryRegister(44)) - Successfully registered JMX Bean with object name Ratis:service=RaftServer,group=group-4AB8ADFB4942,id=58deb1ea-3cfa-40e5-9635-0b83604fd255
2022-07-27 13:52:34,386 [Command processor thread] INFO  commandhandler.CreatePipelineCommandHandler (CreatePipelineCommandHandler.java:handle(113)) - Created Pipeline RATIS THREE PipelineID=38759aed-dbab-44ec-af4a-4ab8adfb4942.
2022-07-27 13:52:34,387 [Command processor thread] INFO  server.RaftServer (RaftServerProxy.java:addNew(96)) - 300bc6a6-ac9b-494f-ba5e-9b5cd40f574a: addNew group-5E5AA6CD42E4:[300bc6a6-ac9b-494f-ba5e-9b5cd40f574a|rpc:10.1.0.21:35611|priority:0, 58deb1ea-3cfa-40e5-9635-0b83604fd255|rpc:10.1.0.21:32883|priority:1, ddca7a03-388a-498e-af9c-b33aa01d2ce7|rpc:10.1.0.21:36561|priority:0] returns group-5E5AA6CD42E4:java.util.concurrent.CompletableFuture@202ddc83[Not completed]
2022-07-27 13:52:34,388 [pool-874-thread-1] INFO  server.RaftServer$Division (RaftServerImpl.java:<init>(190)) - 300bc6a6-ac9b-494f-ba5e-9b5cd40f574a: new RaftServerImpl for group-5E5AA6CD42E4:[300bc6a6-ac9b-494f-ba5e-9b5cd40f574a|rpc:10.1.0.21:35611|priority:0, 58deb1ea-3cfa-40e5-9635-0b83604fd255|rpc:10.1.0.21:32883|priority:1, ddca7a03-388a-498e-af9c-b33aa01d2ce7|rpc:10.1.0.21:36561|priority:0] with ContainerStateMachine:uninitialized
2022-07-27 13:52:34,388 [pool-874-thread-1] INFO  server.RaftServerConfigKeys (ConfUtils.java:logGet(46)) - raft.server.rpc.timeout.min = 5s (custom)
2022-07-27 13:52:34,388 [pool-874-thread-1] INFO  server.RaftServerConfigKeys (ConfUtils.java:logGet(46)) - raft.server.rpc.timeout.max = 5200ms (custom)
2022-07-27 13:52:34,388 [pool-874-thread-1] INFO  server.RaftServerConfigKeys (ConfUtils.java:logGet(46)) - raft.server.rpc.sleep.time = 25ms (default)
2022-07-27 13:52:34,388 [pool-874-thread-1] INFO  server.RaftServerConfigKeys (ConfUtils.java:logGet(46)) - raft.server.rpc.slowness.timeout = 300s (custom)
2022-07-27 13:52:34,388 [pool-874-thread-1] INFO  server.RaftServerConfigKeys (ConfUtils.java:logGet(46)) - raft.server.leaderelection.leader.step-down.wait-time = 10s (default)
2022-07-27 13:52:34,388 [pool-874-thread-1] INFO  server.RaftServerConfigKeys (ConfUtils.java:logGet(46)) - raft.server.sleep.deviation.threshold = 300ms (default)
2022-07-27 13:52:34,388 [pool-874-thread-1] INFO  server.RaftServer$Division (ServerState.java:<init>(107)) - 300bc6a6-ac9b-494f-ba5e-9b5cd40f574a@group-5E5AA6CD42E4: ConfigurationManager, init=-1: [300bc6a6-ac9b-494f-ba5e-9b5cd40f574a|rpc:10.1.0.21:35611|priority:0, 58deb1ea-3cfa-40e5-9635-0b83604fd255|rpc:10.1.0.21:32883|priority:1, ddca7a03-388a-498e-af9c-b33aa01d2ce7|rpc:10.1.0.21:36561|priority:0], old=null, confs=<EMPTY_MAP>
2022-07-27 13:52:34,388 [pool-874-thread-1] INFO  server.RaftServerConfigKeys (ConfUtils.java:logGet(46)) - raft.server.storage.dir = [/home/runner/work/ozone/ozone/hadoop-ozone/integration-test/target/test-dir/MiniOzoneClusterImpl-d8681e24-cb86-4f17-9b85-5d83644f9f4f/datanode-0/data/ratis] (custom)
2022-07-27 13:52:34,388 [pool-874-thread-1] INFO  server.RaftServerConfigKeys (ConfUtils.java:logGet(46)) - raft.server.log.corruption.policy = EXCEPTION (default)
2022-07-27 13:52:34,389 [pool-874-thread-1] INFO  server.RaftServerConfigKeys (ConfUtils.java:logGet(46)) - raft.server.storage.free-space.min = 0MB (=0) (default)
2022-07-27 13:52:34,389 [pool-874-thread-1] INFO  storage.RaftStorageDirectory (RaftStorageDirectoryImpl.java:analyzeStorage(135)) - The storage directory /home/runner/work/ozone/ozone/hadoop-ozone/integration-test/target/test-dir/MiniOzoneClusterImpl-d8681e24-cb86-4f17-9b85-5d83644f9f4f/datanode-0/data/ratis/1db598ad-abc5-482d-a489-5e5aa6cd42e4 does not exist. Creating ...
2022-07-27 13:52:34,395 [pool-874-thread-1] INFO  storage.RaftStorageDirectory (RaftStorageDirectoryImpl.java:tryLock(230)) - Lock on /home/runner/work/ozone/ozone/hadoop-ozone/integration-test/target/test-dir/MiniOzoneClusterImpl-d8681e24-cb86-4f17-9b85-5d83644f9f4f/datanode-0/data/ratis/1db598ad-abc5-482d-a489-5e5aa6cd42e4/in_use.lock acquired by nodename 11093@fv-az217-261
2022-07-27 13:52:34,407 [pool-874-thread-1] INFO  storage.RaftStorage (RaftStorageImpl.java:format(89)) - Storage directory /home/runner/work/ozone/ozone/hadoop-ozone/integration-test/target/test-dir/MiniOzoneClusterImpl-d8681e24-cb86-4f17-9b85-5d83644f9f4f/datanode-0/data/ratis/1db598ad-abc5-482d-a489-5e5aa6cd42e4 has been successfully formatted.
2022-07-27 13:52:34,408 [pool-874-thread-1] INFO  ratis.ContainerStateMachine (ContainerStateMachine.java:loadSnapshot(236)) - group-5E5AA6CD42E4: The snapshot info is null. Setting the last applied indexto:(t:0, i:~)
2022-07-27 13:52:34,408 [pool-874-thread-1] INFO  server.RaftServerConfigKeys (ConfUtils.java:logGet(46)) - raft.server.notification.no-leader.timeout = 300s (custom)
2022-07-27 13:52:34,408 [pool-874-thread-1] INFO  server.RaftServerConfigKeys (ConfUtils.java:logGet(46)) - raft.server.log.use.memory = false (default)
2022-07-27 13:52:34,409 [EventQueue-OpenPipelineForHealthyPipelineSafeModeRule] INFO  safemode.SCMSafeModeManager (HealthyPipelineSafeModeRule.java:process(137)) - SCM in safe mode. Healthy pipelines reported count is 0, required healthy pipeline reported count is 1
2022-07-27 13:52:34,409 [pool-874-thread-1] INFO  server.RaftServerConfigKeys (ConfUtils.java:logGet(46)) - raft.server.log.purge.gap = 1000000 (custom)
2022-07-27 13:52:34,409 [pool-874-thread-1] INFO  server.RaftServerConfigKeys (ConfUtils.java:logGet(46)) - raft.server.log.appender.buffer.byte-limit = 33554432 (custom)
2022-07-27 13:52:34,409 [pool-874-thread-1] INFO  server.RaftServerConfigKeys (ConfUtils.java:logGet(46)) - raft.server.log.statemachine.data.read.timeout = 1000ms (default)
2022-07-27 13:52:34,409 [pool-874-thread-1] INFO  server.RaftServerConfigKeys (ConfUtils.java:logGet(46)) - raft.server.log.segment.size.max = 1048576 (custom)
2022-07-27 13:52:34,409 [pool-874-thread-1] INFO  server.RaftServerConfigKeys (ConfUtils.java:logGet(46)) - raft.server.log.segment.cache.num.max = 2 (custom)
2022-07-27 13:52:34,409 [pool-874-thread-1] INFO  server.RaftServerConfigKeys (ConfUtils.java:logGet(46)) - raft.server.log.segment.cache.size.max = 200MB (=209715200) (default)
2022-07-27 13:52:34,409 [pool-874-thread-1] INFO  segmented.SegmentedRaftLogWorker (SegmentedRaftLogWorker.java:<init>(187)) - new 300bc6a6-ac9b-494f-ba5e-9b5cd40f574a@group-5E5AA6CD42E4-SegmentedRaftLogWorker for RaftStorageImpl:Storage Directory /home/runner/work/ozone/ozone/hadoop-ozone/integration-test/target/test-dir/MiniOzoneClusterImpl-d8681e24-cb86-4f17-9b85-5d83644f9f4f/datanode-0/data/ratis/1db598ad-abc5-482d-a489-5e5aa6cd42e4
2022-07-27 13:52:34,409 [pool-874-thread-1] INFO  server.RaftServerConfigKeys (ConfUtils.java:logGet(46)) - raft.server.log.queue.byte-limit = 4294967296 (custom)
2022-07-27 13:52:34,410 [pool-874-thread-1] INFO  server.RaftServerConfigKeys (ConfUtils.java:logGet(46)) - raft.server.log.queue.element-limit = 1024 (custom)
2022-07-27 13:52:34,410 [pool-874-thread-1] INFO  server.RaftServerConfigKeys (ConfUtils.java:logGet(46)) - raft.server.log.segment.size.max = 1048576 (custom)
2022-07-27 13:52:34,410 [pool-874-thread-1] INFO  server.RaftServerConfigKeys (ConfUtils.java:logGet(46)) - raft.server.log.preallocated.size = 16384 (custom)
2022-07-27 13:52:34,410 [pool-874-thread-1] INFO  server.RaftServerConfigKeys (ConfUtils.java:logGet(46)) - raft.server.log.force.sync.num = 128 (default)
2022-07-27 13:52:34,410 [pool-874-thread-1] INFO  server.RaftServerConfigKeys (ConfUtils.java:logGet(46)) - raft.server.log.statemachine.data.sync = true (default)
2022-07-27 13:52:34,410 [pool-874-thread-1] INFO  server.RaftServerConfigKeys (ConfUtils.java:logGet(46)) - raft.server.log.statemachine.data.sync.timeout = 10s (default)
2022-07-27 13:52:34,410 [pool-874-thread-1] INFO  server.RaftServerConfigKeys (ConfUtils.java:logGet(46)) - raft.server.log.statemachine.data.sync.timeout.retry = -1 (default)
2022-07-27 13:52:34,411 [pool-874-thread-1] INFO  server.RaftServerConfigKeys (ConfUtils.java:logGet(46)) - raft.server.log.write.buffer.size = 1048576 (custom)
2022-07-27 13:52:34,411 [pool-874-thread-1] INFO  server.RaftServerConfigKeys (ConfUtils.java:logGet(46)) - raft.server.log.unsafe-flush.enabled = false (default)
2022-07-27 13:52:34,411 [pool-874-thread-1] INFO  server.RaftServerConfigKeys (ConfUtils.java:logGet(46)) - raft.server.log.statemachine.data.caching.enabled = true (custom)
2022-07-27 13:52:34,412 [pool-874-thread-1] INFO  segmented.SegmentedRaftLogWorker (SegmentedRaftLogWorker.java:lambda$new$0(135)) - 300bc6a6-ac9b-494f-ba5e-9b5cd40f574a@group-5E5AA6CD42E4-SegmentedRaftLogWorker: flushIndex: setUnconditionally 0 -> -1
2022-07-27 13:52:34,412 [pool-874-thread-1] INFO  segmented.SegmentedRaftLogWorker (SegmentedRaftLogWorker.java:lambda$new$0(135)) - 300bc6a6-ac9b-494f-ba5e-9b5cd40f574a@group-5E5AA6CD42E4-SegmentedRaftLogWorker: safeCacheEvictIndex: setUnconditionally 0 -> -1
2022-07-27 13:52:34,425 [pool-874-thread-1] INFO  server.RaftServerConfigKeys (ConfUtils.java:logGet(46)) - raft.server.snapshot.auto.trigger.enabled = true (custom)
2022-07-27 13:52:34,425 [pool-874-thread-1] INFO  server.RaftServerConfigKeys (ConfUtils.java:logGet(46)) - raft.server.snapshot.auto.trigger.threshold = 10000 (custom)
2022-07-27 13:52:34,425 [pool-874-thread-1] INFO  server.RaftServerConfigKeys (ConfUtils.java:logGet(46)) - raft.server.snapshot.retention.file.num = 5 (custom)
2022-07-27 13:52:34,425 [pool-874-thread-1] INFO  server.RaftServerConfigKeys (ConfUtils.java:logGet(46)) - raft.server.log.purge.upto.snapshot.index = false (default)
2022-07-27 13:52:34,425 [pool-874-thread-1] INFO  server.RaftServerConfigKeys (ConfUtils.java:logGet(46)) - raft.server.retrycache.expirytime = 600000ms (custom)
2022-07-27 13:52:34,425 [pool-874-thread-1] INFO  server.RaftServerConfigKeys (ConfUtils.java:logGet(46)) - raft.server.retrycache.statistics.expirytime = 100μs (default)
2022-07-27 13:52:34,427 [pool-874-thread-1] INFO  server.RaftServerConfigKeys (ConfUtils.java:logGet(46)) - raft.server.log.appender.install.snapshot.enabled = false (custom)
2022-07-27 13:52:34,427 [pool-874-thread-1] INFO  server.RaftServerConfigKeys (ConfUtils.java:logGet(46)) - raft.server.threadpool.server.cached = true (default)
2022-07-27 13:52:34,427 [pool-874-thread-1] INFO  server.RaftServerConfigKeys (ConfUtils.java:logGet(46)) - raft.server.threadpool.server.size = 0 (default)
2022-07-27 13:52:34,433 [pool-874-thread-1] INFO  server.RaftServerConfigKeys (ConfUtils.java:logGet(46)) - raft.server.threadpool.client.cached = true (default)
2022-07-27 13:52:34,433 [pool-874-thread-1] INFO  server.RaftServerConfigKeys (ConfUtils.java:logGet(46)) - raft.server.threadpool.client.size = 0 (default)
2022-07-27 13:52:34,433 [pool-874-thread-1] INFO  server.RaftServer$Division (RaftServerImpl.java:start(310)) - 300bc6a6-ac9b-494f-ba5e-9b5cd40f574a@group-5E5AA6CD42E4: start as a follower, conf=-1: [300bc6a6-ac9b-494f-ba5e-9b5cd40f574a|rpc:10.1.0.21:35611|priority:0, 58deb1ea-3cfa-40e5-9635-0b83604fd255|rpc:10.1.0.21:32883|priority:1, ddca7a03-388a-498e-af9c-b33aa01d2ce7|rpc:10.1.0.21:36561|priority:0], old=null
2022-07-27 13:52:34,436 [pool-874-thread-1] INFO  server.RaftServer$Division (RaftServerImpl.java:setRole(299)) - 300bc6a6-ac9b-494f-ba5e-9b5cd40f574a@group-5E5AA6CD42E4: changes role from      null to FOLLOWER at term 0 for startAsFollower
2022-07-27 13:52:34,436 [pool-874-thread-1] INFO  impl.RoleInfo (RoleInfo.java:updateAndGet(139)) - 300bc6a6-ac9b-494f-ba5e-9b5cd40f574a: start 300bc6a6-ac9b-494f-ba5e-9b5cd40f574a@group-5E5AA6CD42E4-FollowerState
2022-07-27 13:52:34,467 [pool-874-thread-1] INFO  util.JmxRegister (JmxRegister.java:tryRegister(44)) - Successfully registered JMX Bean with object name Ratis:service=RaftServer,group=group-5E5AA6CD42E4,id=300bc6a6-ac9b-494f-ba5e-9b5cd40f574a
2022-07-27 13:52:34,475 [Command processor thread] INFO  ratis.XceiverServerRatis (XceiverServerRatis.java:addGroup(765)) - Created group PipelineID=1db598ad-abc5-482d-a489-5e5aa6cd42e4
2022-07-27 13:52:34,501 [grpc-default-executor-0] INFO  server.RaftServer (RaftServerProxy.java:addNew(96)) - 58deb1ea-3cfa-40e5-9635-0b83604fd255: addNew group-5E5AA6CD42E4:[300bc6a6-ac9b-494f-ba5e-9b5cd40f574a|rpc:10.1.0.21:35611|dataStream:|priority:0, 58deb1ea-3cfa-40e5-9635-0b83604fd255|rpc:10.1.0.21:32883|dataStream:|priority:1, ddca7a03-388a-498e-af9c-b33aa01d2ce7|rpc:10.1.0.21:36561|dataStream:|priority:0] returns group-5E5AA6CD42E4:java.util.concurrent.CompletableFuture@5f8a7331[Not completed]
2022-07-27 13:52:34,506 [pool-897-thread-1] INFO  server.RaftServer$Division (RaftServerImpl.java:<init>(190)) - 58deb1ea-3cfa-40e5-9635-0b83604fd255: new RaftServerImpl for group-5E5AA6CD42E4:[300bc6a6-ac9b-494f-ba5e-9b5cd40f574a|rpc:10.1.0.21:35611|dataStream:|priority:0, 58deb1ea-3cfa-40e5-9635-0b83604fd255|rpc:10.1.0.21:32883|dataStream:|priority:1, ddca7a03-388a-498e-af9c-b33aa01d2ce7|rpc:10.1.0.21:36561|dataStream:|priority:0] with ContainerStateMachine:uninitialized
2022-07-27 13:52:34,507 [pool-897-thread-1] INFO  server.RaftServerConfigKeys (ConfUtils.java:logGet(46)) - raft.server.rpc.timeout.min = 5s (custom)
2022-07-27 13:52:34,507 [pool-897-thread-1] INFO  server.RaftServerConfigKeys (ConfUtils.java:logGet(46)) - raft.server.rpc.timeout.max = 5200ms (custom)
2022-07-27 13:52:34,507 [pool-897-thread-1] INFO  server.RaftServerConfigKeys (ConfUtils.java:logGet(46)) - raft.server.rpc.sleep.time = 25ms (default)
2022-07-27 13:52:34,507 [pool-897-thread-1] INFO  server.RaftServerConfigKeys (ConfUtils.java:logGet(46)) - raft.server.rpc.slowness.timeout = 300s (custom)
2022-07-27 13:52:34,507 [pool-897-thread-1] INFO  server.RaftServerConfigKeys (ConfUtils.java:logGet(46)) - raft.server.leaderelection.leader.step-down.wait-time = 10s (default)
2022-07-27 13:52:34,507 [pool-897-thread-1] INFO  server.RaftServerConfigKeys (ConfUtils.java:logGet(46)) - raft.server.sleep.deviation.threshold = 300ms (default)
2022-07-27 13:52:34,507 [pool-897-thread-1] INFO  server.RaftServer$Division (ServerState.java:<init>(107)) - 58deb1ea-3cfa-40e5-9635-0b83604fd255@group-5E5AA6CD42E4: ConfigurationManager, init=-1: [300bc6a6-ac9b-494f-ba5e-9b5cd40f574a|rpc:10.1.0.21:35611|dataStream:|priority:0, 58deb1ea-3cfa-40e5-9635-0b83604fd255|rpc:10.1.0.21:32883|dataStream:|priority:1, ddca7a03-388a-498e-af9c-b33aa01d2ce7|rpc:10.1.0.21:36561|dataStream:|priority:0], old=null, confs=<EMPTY_MAP>
2022-07-27 13:52:34,507 [pool-897-thread-1] INFO  server.RaftServerConfigKeys (ConfUtils.java:logGet(46)) - raft.server.storage.dir = [/home/runner/work/ozone/ozone/hadoop-ozone/integration-test/target/test-dir/MiniOzoneClusterImpl-d8681e24-cb86-4f17-9b85-5d83644f9f4f/datanode-1/data/ratis] (custom)
2022-07-27 13:52:34,507 [pool-897-thread-1] INFO  server.RaftServerConfigKeys (ConfUtils.java:logGet(46)) - raft.server.log.corruption.policy = EXCEPTION (default)
2022-07-27 13:52:34,507 [pool-897-thread-1] INFO  server.RaftServerConfigKeys (ConfUtils.java:logGet(46)) - raft.server.storage.free-space.min = 0MB (=0) (default)
2022-07-27 13:52:34,507 [pool-897-thread-1] INFO  storage.RaftStorageDirectory (RaftStorageDirectoryImpl.java:analyzeStorage(135)) - The storage directory /home/runner/work/ozone/ozone/hadoop-ozone/integration-test/target/test-dir/MiniOzoneClusterImpl-d8681e24-cb86-4f17-9b85-5d83644f9f4f/datanode-1/data/ratis/1db598ad-abc5-482d-a489-5e5aa6cd42e4 does not exist. Creating ...
2022-07-27 13:52:34,509 [pool-897-thread-1] INFO  storage.RaftStorageDirectory (RaftStorageDirectoryImpl.java:tryLock(230)) - Lock on /home/runner/work/ozone/ozone/hadoop-ozone/integration-test/target/test-dir/MiniOzoneClusterImpl-d8681e24-cb86-4f17-9b85-5d83644f9f4f/datanode-1/data/ratis/1db598ad-abc5-482d-a489-5e5aa6cd42e4/in_use.lock acquired by nodename 11093@fv-az217-261
2022-07-27 13:52:34,510 [pool-897-thread-1] INFO  storage.RaftStorage (RaftStorageImpl.java:format(89)) - Storage directory /home/runner/work/ozone/ozone/hadoop-ozone/integration-test/target/test-dir/MiniOzoneClusterImpl-d8681e24-cb86-4f17-9b85-5d83644f9f4f/datanode-1/data/ratis/1db598ad-abc5-482d-a489-5e5aa6cd42e4 has been successfully formatted.
2022-07-27 13:52:34,510 [pool-897-thread-1] INFO  ratis.ContainerStateMachine (ContainerStateMachine.java:loadSnapshot(236)) - group-5E5AA6CD42E4: The snapshot info is null. Setting the last applied indexto:(t:0, i:~)
2022-07-27 13:52:34,510 [pool-897-thread-1] INFO  server.RaftServerConfigKeys (ConfUtils.java:logGet(46)) - raft.server.notification.no-leader.timeout = 300s (custom)
2022-07-27 13:52:34,510 [pool-897-thread-1] INFO  server.RaftServerConfigKeys (ConfUtils.java:logGet(46)) - raft.server.log.use.memory = false (default)
2022-07-27 13:52:34,510 [pool-897-thread-1] INFO  server.RaftServerConfigKeys (ConfUtils.java:logGet(46)) - raft.server.log.purge.gap = 1000000 (custom)
2022-07-27 13:52:34,510 [pool-897-thread-1] INFO  server.RaftServerConfigKeys (ConfUtils.java:logGet(46)) - raft.server.log.appender.buffer.byte-limit = 33554432 (custom)
2022-07-27 13:52:34,510 [pool-897-thread-1] INFO  server.RaftServerConfigKeys (ConfUtils.java:logGet(46)) - raft.server.log.statemachine.data.read.timeout = 1000ms (default)
2022-07-27 13:52:34,511 [pool-897-thread-1] INFO  server.RaftServerConfigKeys (ConfUtils.java:logGet(46)) - raft.server.log.segment.size.max = 1048576 (custom)
2022-07-27 13:52:34,511 [pool-897-thread-1] INFO  server.RaftServerConfigKeys (ConfUtils.java:logGet(46)) - raft.server.log.segment.cache.num.max = 2 (custom)
2022-07-27 13:52:34,511 [pool-897-thread-1] INFO  server.RaftServerConfigKeys (ConfUtils.java:logGet(46)) - raft.server.log.segment.cache.size.max = 200MB (=209715200) (default)
2022-07-27 13:52:34,511 [pool-897-thread-1] INFO  segmented.SegmentedRaftLogWorker (SegmentedRaftLogWorker.java:<init>(187)) - new 58deb1ea-3cfa-40e5-9635-0b83604fd255@group-5E5AA6CD42E4-SegmentedRaftLogWorker for RaftStorageImpl:Storage Directory /home/runner/work/ozone/ozone/hadoop-ozone/integration-test/target/test-dir/MiniOzoneClusterImpl-d8681e24-cb86-4f17-9b85-5d83644f9f4f/datanode-1/data/ratis/1db598ad-abc5-482d-a489-5e5aa6cd42e4
2022-07-27 13:52:34,511 [pool-897-thread-1] INFO  server.RaftServerConfigKeys (ConfUtils.java:logGet(46)) - raft.server.log.queue.byte-limit = 4294967296 (custom)
2022-07-27 13:52:34,511 [pool-897-thread-1] INFO  server.RaftServerConfigKeys (ConfUtils.java:logGet(46)) - raft.server.log.queue.element-limit = 1024 (custom)
2022-07-27 13:52:34,511 [pool-897-thread-1] INFO  server.RaftServerConfigKeys (ConfUtils.java:logGet(46)) - raft.server.log.segment.size.max = 1048576 (custom)
2022-07-27 13:52:34,511 [pool-897-thread-1] INFO  server.RaftServerConfigKeys (ConfUtils.java:logGet(46)) - raft.server.log.preallocated.size = 16384 (custom)
2022-07-27 13:52:34,511 [pool-897-thread-1] INFO  server.RaftServerConfigKeys (ConfUtils.java:logGet(46)) - raft.server.log.force.sync.num = 128 (default)
2022-07-27 13:52:34,511 [pool-897-thread-1] INFO  server.RaftServerConfigKeys (ConfUtils.java:logGet(46)) - raft.server.log.statemachine.data.sync = true (default)
2022-07-27 13:52:34,511 [pool-897-thread-1] INFO  server.RaftServerConfigKeys (ConfUtils.java:logGet(46)) - raft.server.log.statemachine.data.sync.timeout = 10s (default)
2022-07-27 13:52:34,511 [pool-897-thread-1] INFO  server.RaftServerConfigKeys (ConfUtils.java:logGet(46)) - raft.server.log.statemachine.data.sync.timeout.retry = -1 (default)
2022-07-27 13:52:34,512 [pool-897-thread-1] INFO  server.RaftServerConfigKeys (ConfUtils.java:logGet(46)) - raft.server.log.write.buffer.size = 1048576 (custom)
2022-07-27 13:52:34,513 [pool-897-thread-1] INFO  server.RaftServerConfigKeys (ConfUtils.java:logGet(46)) - raft.server.log.unsafe-flush.enabled = false (default)
2022-07-27 13:52:34,513 [pool-897-thread-1] INFO  server.RaftServerConfigKeys (ConfUtils.java:logGet(46)) - raft.server.log.statemachine.data.caching.enabled = true (custom)
2022-07-27 13:52:34,513 [pool-897-thread-1] INFO  segmented.SegmentedRaftLogWorker (SegmentedRaftLogWorker.java:lambda$new$0(135)) - 58deb1ea-3cfa-40e5-9635-0b83604fd255@group-5E5AA6CD42E4-SegmentedRaftLogWorker: flushIndex: setUnconditionally 0 -> -1
2022-07-27 13:52:34,513 [pool-897-thread-1] INFO  segmented.SegmentedRaftLogWorker (SegmentedRaftLogWorker.java:lambda$new$0(135)) - 58deb1ea-3cfa-40e5-9635-0b83604fd255@group-5E5AA6CD42E4-SegmentedRaftLogWorker: safeCacheEvictIndex: setUnconditionally 0 -> -1
2022-07-27 13:52:34,513 [pool-897-thread-1] INFO  server.RaftServerConfigKeys (ConfUtils.java:logGet(46)) - raft.server.snapshot.auto.trigger.enabled = true (custom)
2022-07-27 13:52:34,513 [pool-897-thread-1] INFO  server.RaftServerConfigKeys (ConfUtils.java:logGet(46)) - raft.server.snapshot.auto.trigger.threshold = 10000 (custom)
2022-07-27 13:52:34,513 [pool-897-thread-1] INFO  server.RaftServerConfigKeys (ConfUtils.java:logGet(46)) - raft.server.snapshot.retention.file.num = 5 (custom)
2022-07-27 13:52:34,513 [pool-897-thread-1] INFO  server.RaftServerConfigKeys (ConfUtils.java:logGet(46)) - raft.server.log.purge.upto.snapshot.index = false (default)
2022-07-27 13:52:34,514 [pool-897-thread-1] INFO  server.RaftServerConfigKeys (ConfUtils.java:logGet(46)) - raft.server.retrycache.expirytime = 600000ms (custom)
2022-07-27 13:52:34,514 [pool-897-thread-1] INFO  server.RaftServerConfigKeys (ConfUtils.java:logGet(46)) - raft.server.retrycache.statistics.expirytime = 100μs (default)
2022-07-27 13:52:34,515 [pool-897-thread-1] INFO  server.RaftServerConfigKeys (ConfUtils.java:logGet(46)) - raft.server.log.appender.install.snapshot.enabled = false (custom)
2022-07-27 13:52:34,515 [pool-897-thread-1] INFO  server.RaftServerConfigKeys (ConfUtils.java:logGet(46)) - raft.server.threadpool.server.cached = true (default)
2022-07-27 13:52:34,515 [pool-897-thread-1] INFO  server.RaftServerConfigKeys (ConfUtils.java:logGet(46)) - raft.server.threadpool.server.size = 0 (default)
2022-07-27 13:52:34,515 [pool-897-thread-1] INFO  server.RaftServerConfigKeys (ConfUtils.java:logGet(46)) - raft.server.threadpool.client.cached = true (default)
2022-07-27 13:52:34,515 [pool-897-thread-1] INFO  server.RaftServerConfigKeys (ConfUtils.java:logGet(46)) - raft.server.threadpool.client.size = 0 (default)
2022-07-27 13:52:34,515 [pool-897-thread-1] INFO  server.RaftServer$Division (RaftServerImpl.java:start(310)) - 58deb1ea-3cfa-40e5-9635-0b83604fd255@group-5E5AA6CD42E4: start as a follower, conf=-1: [300bc6a6-ac9b-494f-ba5e-9b5cd40f574a|rpc:10.1.0.21:35611|dataStream:|priority:0, 58deb1ea-3cfa-40e5-9635-0b83604fd255|rpc:10.1.0.21:32883|dataStream:|priority:1, ddca7a03-388a-498e-af9c-b33aa01d2ce7|rpc:10.1.0.21:36561|dataStream:|priority:0], old=null
2022-07-27 13:52:34,515 [pool-897-thread-1] INFO  server.RaftServer$Division (RaftServerImpl.java:setRole(299)) - 58deb1ea-3cfa-40e5-9635-0b83604fd255@group-5E5AA6CD42E4: changes role from      null to FOLLOWER at term 0 for startAsFollower
2022-07-27 13:52:34,515 [pool-897-thread-1] INFO  impl.RoleInfo (RoleInfo.java:updateAndGet(139)) - 58deb1ea-3cfa-40e5-9635-0b83604fd255: start 58deb1ea-3cfa-40e5-9635-0b83604fd255@group-5E5AA6CD42E4-FollowerState
2022-07-27 13:52:34,515 [pool-897-thread-1] INFO  util.JmxRegister (JmxRegister.java:tryRegister(44)) - Successfully registered JMX Bean with object name Ratis:service=RaftServer,group=group-5E5AA6CD42E4,id=58deb1ea-3cfa-40e5-9635-0b83604fd255
2022-07-27 13:52:34,568 [grpc-default-executor-0] INFO  server.RaftServer (RaftServerProxy.java:addNew(96)) - ddca7a03-388a-498e-af9c-b33aa01d2ce7: addNew group-5E5AA6CD42E4:[300bc6a6-ac9b-494f-ba5e-9b5cd40f574a|rpc:10.1.0.21:35611|dataStream:|priority:0, 58deb1ea-3cfa-40e5-9635-0b83604fd255|rpc:10.1.0.21:32883|dataStream:|priority:1, ddca7a03-388a-498e-af9c-b33aa01d2ce7|rpc:10.1.0.21:36561|dataStream:|priority:0] returns group-5E5AA6CD42E4:java.util.concurrent.CompletableFuture@2b10fb38[Not completed]
2022-07-27 13:52:34,569 [pool-920-thread-1] INFO  server.RaftServer$Division (RaftServerImpl.java:<init>(190)) - ddca7a03-388a-498e-af9c-b33aa01d2ce7: new RaftServerImpl for group-5E5AA6CD42E4:[300bc6a6-ac9b-494f-ba5e-9b5cd40f574a|rpc:10.1.0.21:35611|dataStream:|priority:0, 58deb1ea-3cfa-40e5-9635-0b83604fd255|rpc:10.1.0.21:32883|dataStream:|priority:1, ddca7a03-388a-498e-af9c-b33aa01d2ce7|rpc:10.1.0.21:36561|dataStream:|priority:0] with ContainerStateMachine:uninitialized
2022-07-27 13:52:34,569 [pool-920-thread-1] INFO  server.RaftServerConfigKeys (ConfUtils.java:logGet(46)) - raft.server.rpc.timeout.min = 5s (custom)
2022-07-27 13:52:34,569 [pool-920-thread-1] INFO  server.RaftServerConfigKeys (ConfUtils.java:logGet(46)) - raft.server.rpc.timeout.max = 5200ms (custom)
2022-07-27 13:52:34,569 [pool-920-thread-1] INFO  server.RaftServerConfigKeys (ConfUtils.java:logGet(46)) - raft.server.rpc.sleep.time = 25ms (default)
2022-07-27 13:52:34,569 [pool-920-thread-1] INFO  server.RaftServerConfigKeys (ConfUtils.java:logGet(46)) - raft.server.rpc.slowness.timeout = 300s (custom)
2022-07-27 13:52:34,569 [pool-920-thread-1] INFO  server.RaftServerConfigKeys (ConfUtils.java:logGet(46)) - raft.server.leaderelection.leader.step-down.wait-time = 10s (default)
2022-07-27 13:52:34,569 [pool-920-thread-1] INFO  server.RaftServerConfigKeys (ConfUtils.java:logGet(46)) - raft.server.sleep.deviation.threshold = 300ms (default)
2022-07-27 13:52:34,569 [pool-920-thread-1] INFO  server.RaftServer$Division (ServerState.java:<init>(107)) - ddca7a03-388a-498e-af9c-b33aa01d2ce7@group-5E5AA6CD42E4: ConfigurationManager, init=-1: [300bc6a6-ac9b-494f-ba5e-9b5cd40f574a|rpc:10.1.0.21:35611|dataStream:|priority:0, 58deb1ea-3cfa-40e5-9635-0b83604fd255|rpc:10.1.0.21:32883|dataStream:|priority:1, ddca7a03-388a-498e-af9c-b33aa01d2ce7|rpc:10.1.0.21:36561|dataStream:|priority:0], old=null, confs=<EMPTY_MAP>
2022-07-27 13:52:34,570 [pool-920-thread-1] INFO  server.RaftServerConfigKeys (ConfUtils.java:logGet(46)) - raft.server.storage.dir = [/home/runner/work/ozone/ozone/hadoop-ozone/integration-test/target/test-dir/MiniOzoneClusterImpl-d8681e24-cb86-4f17-9b85-5d83644f9f4f/datanode-2/data/ratis] (custom)
2022-07-27 13:52:34,570 [pool-920-thread-1] INFO  server.RaftServerConfigKeys (ConfUtils.java:logGet(46)) - raft.server.log.corruption.policy = EXCEPTION (default)
2022-07-27 13:52:34,570 [pool-920-thread-1] INFO  server.RaftServerConfigKeys (ConfUtils.java:logGet(46)) - raft.server.storage.free-space.min = 0MB (=0) (default)
2022-07-27 13:52:34,570 [pool-920-thread-1] INFO  storage.RaftStorageDirectory (RaftStorageDirectoryImpl.java:analyzeStorage(135)) - The storage directory /home/runner/work/ozone/ozone/hadoop-ozone/integration-test/target/test-dir/MiniOzoneClusterImpl-d8681e24-cb86-4f17-9b85-5d83644f9f4f/datanode-2/data/ratis/1db598ad-abc5-482d-a489-5e5aa6cd42e4 does not exist. Creating ...
2022-07-27 13:52:34,571 [pool-920-thread-1] INFO  storage.RaftStorageDirectory (RaftStorageDirectoryImpl.java:tryLock(230)) - Lock on /home/runner/work/ozone/ozone/hadoop-ozone/integration-test/target/test-dir/MiniOzoneClusterImpl-d8681e24-cb86-4f17-9b85-5d83644f9f4f/datanode-2/data/ratis/1db598ad-abc5-482d-a489-5e5aa6cd42e4/in_use.lock acquired by nodename 11093@fv-az217-261
2022-07-27 13:52:34,579 [pool-920-thread-1] INFO  storage.RaftStorage (RaftStorageImpl.java:format(89)) - Storage directory /home/runner/work/ozone/ozone/hadoop-ozone/integration-test/target/test-dir/MiniOzoneClusterImpl-d8681e24-cb86-4f17-9b85-5d83644f9f4f/datanode-2/data/ratis/1db598ad-abc5-482d-a489-5e5aa6cd42e4 has been successfully formatted.
2022-07-27 13:52:34,580 [pool-920-thread-1] INFO  ratis.ContainerStateMachine (ContainerStateMachine.java:loadSnapshot(236)) - group-5E5AA6CD42E4: The snapshot info is null. Setting the last applied indexto:(t:0, i:~)
2022-07-27 13:52:34,580 [pool-920-thread-1] INFO  server.RaftServerConfigKeys (ConfUtils.java:logGet(46)) - raft.server.notification.no-leader.timeout = 300s (custom)
2022-07-27 13:52:34,580 [pool-920-thread-1] INFO  server.RaftServerConfigKeys (ConfUtils.java:logGet(46)) - raft.server.log.use.memory = false (default)
2022-07-27 13:52:34,580 [pool-920-thread-1] INFO  server.RaftServerConfigKeys (ConfUtils.java:logGet(46)) - raft.server.log.purge.gap = 1000000 (custom)
2022-07-27 13:52:34,580 [pool-920-thread-1] INFO  server.RaftServerConfigKeys (ConfUtils.java:logGet(46)) - raft.server.log.appender.buffer.byte-limit = 33554432 (custom)
2022-07-27 13:52:34,581 [pool-920-thread-1] INFO  server.RaftServerConfigKeys (ConfUtils.java:logGet(46)) - raft.server.log.statemachine.data.read.timeout = 1000ms (default)
2022-07-27 13:52:34,581 [pool-920-thread-1] INFO  server.RaftServerConfigKeys (ConfUtils.java:logGet(46)) - raft.server.log.segment.size.max = 1048576 (custom)
2022-07-27 13:52:34,581 [pool-920-thread-1] INFO  server.RaftServerConfigKeys (ConfUtils.java:logGet(46)) - raft.server.log.segment.cache.num.max = 2 (custom)
2022-07-27 13:52:34,581 [pool-920-thread-1] INFO  server.RaftServerConfigKeys (ConfUtils.java:logGet(46)) - raft.server.log.segment.cache.size.max = 200MB (=209715200) (default)
2022-07-27 13:52:34,581 [pool-920-thread-1] INFO  segmented.SegmentedRaftLogWorker (SegmentedRaftLogWorker.java:<init>(187)) - new ddca7a03-388a-498e-af9c-b33aa01d2ce7@group-5E5AA6CD42E4-SegmentedRaftLogWorker for RaftStorageImpl:Storage Directory /home/runner/work/ozone/ozone/hadoop-ozone/integration-test/target/test-dir/MiniOzoneClusterImpl-d8681e24-cb86-4f17-9b85-5d83644f9f4f/datanode-2/data/ratis/1db598ad-abc5-482d-a489-5e5aa6cd42e4
2022-07-27 13:52:34,581 [pool-920-thread-1] INFO  server.RaftServerConfigKeys (ConfUtils.java:logGet(46)) - raft.server.log.queue.byte-limit = 4294967296 (custom)
2022-07-27 13:52:34,581 [pool-920-thread-1] INFO  server.RaftServerConfigKeys (ConfUtils.java:logGet(46)) - raft.server.log.queue.element-limit = 1024 (custom)
2022-07-27 13:52:34,581 [pool-920-thread-1] INFO  server.RaftServerConfigKeys (ConfUtils.java:logGet(46)) - raft.server.log.segment.size.max = 1048576 (custom)
2022-07-27 13:52:34,581 [pool-920-thread-1] INFO  server.RaftServerConfigKeys (ConfUtils.java:logGet(46)) - raft.server.log.preallocated.size = 16384 (custom)
2022-07-27 13:52:34,581 [pool-920-thread-1] INFO  server.RaftServerConfigKeys (ConfUtils.java:logGet(46)) - raft.server.log.force.sync.num = 128 (default)
2022-07-27 13:52:34,581 [pool-920-thread-1] INFO  server.RaftServerConfigKeys (ConfUtils.java:logGet(46)) - raft.server.log.statemachine.data.sync = true (default)
2022-07-27 13:52:34,582 [pool-920-thread-1] INFO  server.RaftServerConfigKeys (ConfUtils.java:logGet(46)) - raft.server.log.statemachine.data.sync.timeout = 10s (default)
2022-07-27 13:52:34,582 [pool-920-thread-1] INFO  server.RaftServerConfigKeys (ConfUtils.java:logGet(46)) - raft.server.log.statemachine.data.sync.timeout.retry = -1 (default)
2022-07-27 13:52:34,582 [pool-920-thread-1] INFO  server.RaftServerConfigKeys (ConfUtils.java:logGet(46)) - raft.server.log.write.buffer.size = 1048576 (custom)
2022-07-27 13:52:34,583 [pool-920-thread-1] INFO  server.RaftServerConfigKeys (ConfUtils.java:logGet(46)) - raft.server.log.unsafe-flush.enabled = false (default)
2022-07-27 13:52:34,583 [pool-920-thread-1] INFO  server.RaftServerConfigKeys (ConfUtils.java:logGet(46)) - raft.server.log.statemachine.data.caching.enabled = true (custom)
2022-07-27 13:52:34,583 [pool-920-thread-1] INFO  segmented.SegmentedRaftLogWorker (SegmentedRaftLogWorker.java:lambda$new$0(135)) - ddca7a03-388a-498e-af9c-b33aa01d2ce7@group-5E5AA6CD42E4-SegmentedRaftLogWorker: flushIndex: setUnconditionally 0 -> -1
2022-07-27 13:52:34,583 [pool-920-thread-1] INFO  segmented.SegmentedRaftLogWorker (SegmentedRaftLogWorker.java:lambda$new$0(135)) - ddca7a03-388a-498e-af9c-b33aa01d2ce7@group-5E5AA6CD42E4-SegmentedRaftLogWorker: safeCacheEvictIndex: setUnconditionally 0 -> -1
2022-07-27 13:52:34,595 [pool-920-thread-1] INFO  server.RaftServerConfigKeys (ConfUtils.java:logGet(46)) - raft.server.snapshot.auto.trigger.enabled = true (custom)
2022-07-27 13:52:34,595 [pool-920-thread-1] INFO  server.RaftServerConfigKeys (ConfUtils.java:logGet(46)) - raft.server.snapshot.auto.trigger.threshold = 10000 (custom)
2022-07-27 13:52:34,596 [pool-920-thread-1] INFO  server.RaftServerConfigKeys (ConfUtils.java:logGet(46)) - raft.server.snapshot.retention.file.num = 5 (custom)
2022-07-27 13:52:34,596 [pool-920-thread-1] INFO  server.RaftServerConfigKeys (ConfUtils.java:logGet(46)) - raft.server.log.purge.upto.snapshot.index = false (default)
2022-07-27 13:52:34,596 [pool-920-thread-1] INFO  server.RaftServerConfigKeys (ConfUtils.java:logGet(46)) - raft.server.retrycache.expirytime = 600000ms (custom)
2022-07-27 13:52:34,596 [pool-920-thread-1] INFO  server.RaftServerConfigKeys (ConfUtils.java:logGet(46)) - raft.server.retrycache.statistics.expirytime = 100μs (default)
2022-07-27 13:52:34,597 [pool-920-thread-1] INFO  server.RaftServerConfigKeys (ConfUtils.java:logGet(46)) - raft.server.log.appender.install.snapshot.enabled = false (custom)
2022-07-27 13:52:34,597 [pool-920-thread-1] INFO  server.RaftServerConfigKeys (ConfUtils.java:logGet(46)) - raft.server.threadpool.server.cached = true (default)
2022-07-27 13:52:34,597 [pool-920-thread-1] INFO  server.RaftServerConfigKeys (ConfUtils.java:logGet(46)) - raft.server.threadpool.server.size = 0 (default)
2022-07-27 13:52:34,597 [pool-920-thread-1] INFO  server.RaftServerConfigKeys (ConfUtils.java:logGet(46)) - raft.server.threadpool.client.cached = true (default)
2022-07-27 13:52:34,597 [pool-920-thread-1] INFO  server.RaftServerConfigKeys (ConfUtils.java:logGet(46)) - raft.server.threadpool.client.size = 0 (default)
2022-07-27 13:52:34,597 [pool-920-thread-1] INFO  server.RaftServer$Division (RaftServerImpl.java:start(310)) - ddca7a03-388a-498e-af9c-b33aa01d2ce7@group-5E5AA6CD42E4: start as a follower, conf=-1: [300bc6a6-ac9b-494f-ba5e-9b5cd40f574a|rpc:10.1.0.21:35611|dataStream:|priority:0, 58deb1ea-3cfa-40e5-9635-0b83604fd255|rpc:10.1.0.21:32883|dataStream:|priority:1, ddca7a03-388a-498e-af9c-b33aa01d2ce7|rpc:10.1.0.21:36561|dataStream:|priority:0], old=null
2022-07-27 13:52:34,597 [pool-920-thread-1] INFO  server.RaftServer$Division (RaftServerImpl.java:setRole(299)) - ddca7a03-388a-498e-af9c-b33aa01d2ce7@group-5E5AA6CD42E4: changes role from      null to FOLLOWER at term 0 for startAsFollower
2022-07-27 13:52:34,597 [pool-920-thread-1] INFO  impl.RoleInfo (RoleInfo.java:updateAndGet(139)) - ddca7a03-388a-498e-af9c-b33aa01d2ce7: start ddca7a03-388a-498e-af9c-b33aa01d2ce7@group-5E5AA6CD42E4-FollowerState
2022-07-27 13:52:34,607 [pool-920-thread-1] INFO  util.JmxRegister (JmxRegister.java:tryRegister(44)) - Successfully registered JMX Bean with object name Ratis:service=RaftServer,group=group-5E5AA6CD42E4,id=ddca7a03-388a-498e-af9c-b33aa01d2ce7
2022-07-27 13:52:34,620 [Command processor thread] INFO  commandhandler.CreatePipelineCommandHandler (CreatePipelineCommandHandler.java:handle(113)) - Created Pipeline RATIS THREE PipelineID=1db598ad-abc5-482d-a489-5e5aa6cd42e4.
2022-07-27 13:52:34,719 [Command processor thread] INFO  server.RaftServer (RaftServerProxy.java:addNew(96)) - 58deb1ea-3cfa-40e5-9635-0b83604fd255: addNew group-95F293340380:[58deb1ea-3cfa-40e5-9635-0b83604fd255|rpc:10.1.0.21:32883|priority:1] returns group-95F293340380:java.util.concurrent.CompletableFuture@79c57e62[Not completed]
2022-07-27 13:52:34,720 [pool-897-thread-1] INFO  server.RaftServer$Division (RaftServerImpl.java:<init>(190)) - 58deb1ea-3cfa-40e5-9635-0b83604fd255: new RaftServerImpl for group-95F293340380:[58deb1ea-3cfa-40e5-9635-0b83604fd255|rpc:10.1.0.21:32883|priority:1] with ContainerStateMachine:uninitialized
2022-07-27 13:52:34,720 [pool-897-thread-1] INFO  server.RaftServerConfigKeys (ConfUtils.java:logGet(46)) - raft.server.rpc.timeout.min = 5s (custom)
2022-07-27 13:52:34,720 [pool-897-thread-1] INFO  server.RaftServerConfigKeys (ConfUtils.java:logGet(46)) - raft.server.rpc.timeout.max = 5200ms (custom)
2022-07-27 13:52:34,720 [pool-897-thread-1] INFO  server.RaftServerConfigKeys (ConfUtils.java:logGet(46)) - raft.server.rpc.sleep.time = 25ms (default)
2022-07-27 13:52:34,720 [pool-897-thread-1] INFO  server.RaftServerConfigKeys (ConfUtils.java:logGet(46)) - raft.server.rpc.slowness.timeout = 300s (custom)
2022-07-27 13:52:34,720 [pool-897-thread-1] INFO  server.RaftServerConfigKeys (ConfUtils.java:logGet(46)) - raft.server.leaderelection.leader.step-down.wait-time = 10s (default)
2022-07-27 13:52:34,720 [pool-897-thread-1] INFO  server.RaftServerConfigKeys (ConfUtils.java:logGet(46)) - raft.server.sleep.deviation.threshold = 300ms (default)
2022-07-27 13:52:34,720 [pool-897-thread-1] INFO  server.RaftServer$Division (ServerState.java:<init>(107)) - 58deb1ea-3cfa-40e5-9635-0b83604fd255@group-95F293340380: ConfigurationManager, init=-1: [58deb1ea-3cfa-40e5-9635-0b83604fd255|rpc:10.1.0.21:32883|priority:1], old=null, confs=<EMPTY_MAP>
2022-07-27 13:52:34,720 [pool-897-thread-1] INFO  server.RaftServerConfigKeys (ConfUtils.java:logGet(46)) - raft.server.storage.dir = [/home/runner/work/ozone/ozone/hadoop-ozone/integration-test/target/test-dir/MiniOzoneClusterImpl-d8681e24-cb86-4f17-9b85-5d83644f9f4f/datanode-1/data/ratis] (custom)
2022-07-27 13:52:34,720 [pool-897-thread-1] INFO  server.RaftServerConfigKeys (ConfUtils.java:logGet(46)) - raft.server.log.corruption.policy = EXCEPTION (default)
2022-07-27 13:52:34,720 [pool-897-thread-1] INFO  server.RaftServerConfigKeys (ConfUtils.java:logGet(46)) - raft.server.storage.free-space.min = 0MB (=0) (default)
2022-07-27 13:52:34,721 [pool-897-thread-1] INFO  storage.RaftStorageDirectory (RaftStorageDirectoryImpl.java:analyzeStorage(135)) - The storage directory /home/runner/work/ozone/ozone/hadoop-ozone/integration-test/target/test-dir/MiniOzoneClusterImpl-d8681e24-cb86-4f17-9b85-5d83644f9f4f/datanode-1/data/ratis/bb97ec30-c4cc-4709-bce0-95f293340380 does not exist. Creating ...
2022-07-27 13:52:34,723 [pool-897-thread-1] INFO  storage.RaftStorageDirectory (RaftStorageDirectoryImpl.java:tryLock(230)) - Lock on /home/runner/work/ozone/ozone/hadoop-ozone/integration-test/target/test-dir/MiniOzoneClusterImpl-d8681e24-cb86-4f17-9b85-5d83644f9f4f/datanode-1/data/ratis/bb97ec30-c4cc-4709-bce0-95f293340380/in_use.lock acquired by nodename 11093@fv-az217-261
2022-07-27 13:52:34,731 [pool-897-thread-1] INFO  storage.RaftStorage (RaftStorageImpl.java:format(89)) - Storage directory /home/runner/work/ozone/ozone/hadoop-ozone/integration-test/target/test-dir/MiniOzoneClusterImpl-d8681e24-cb86-4f17-9b85-5d83644f9f4f/datanode-1/data/ratis/bb97ec30-c4cc-4709-bce0-95f293340380 has been successfully formatted.
2022-07-27 13:52:34,733 [pool-897-thread-1] INFO  ratis.ContainerStateMachine (ContainerStateMachine.java:loadSnapshot(236)) - group-95F293340380: The snapshot info is null. Setting the last applied indexto:(t:0, i:~)
2022-07-27 13:52:34,733 [pool-897-thread-1] INFO  server.RaftServerConfigKeys (ConfUtils.java:logGet(46)) - raft.server.notification.no-leader.timeout = 300s (custom)
2022-07-27 13:52:34,733 [pool-897-thread-1] INFO  server.RaftServerConfigKeys (ConfUtils.java:logGet(46)) - raft.server.log.use.memory = false (default)
2022-07-27 13:52:34,734 [pool-897-thread-1] INFO  server.RaftServerConfigKeys (ConfUtils.java:logGet(46)) - raft.server.log.purge.gap = 1000000 (custom)
2022-07-27 13:52:34,734 [pool-897-thread-1] INFO  server.RaftServerConfigKeys (ConfUtils.java:logGet(46)) - raft.server.log.appender.buffer.byte-limit = 33554432 (custom)
2022-07-27 13:52:34,734 [pool-897-thread-1] INFO  server.RaftServerConfigKeys (ConfUtils.java:logGet(46)) - raft.server.log.statemachine.data.read.timeout = 1000ms (default)
2022-07-27 13:52:34,734 [EventQueue-PipelineReportForPipelineReportHandler] INFO  pipeline.PipelineManagerImpl (PipelineManagerImpl.java:openPipeline(367)) - Pipeline Pipeline[ Id: bb97ec30-c4cc-4709-bce0-95f293340380, Nodes: 58deb1ea-3cfa-40e5-9635-0b83604fd255{ip: 10.1.0.21, host: fv-az217-261.5fhmivlnczbevhjmk01nzrxweh.bx.internal.cloudapp.net, ports: [REPLICATION=36857, RATIS=32883, RATIS_ADMIN=32883, RATIS_SERVER=32883, STANDALONE=44631], networkLocation: /default-rack, certSerialId: null, persistedOpState: IN_SERVICE, persistedOpStateExpiryEpochSec: 0}, ReplicationConfig: RATIS/ONE, State:ALLOCATED, leaderId:58deb1ea-3cfa-40e5-9635-0b83604fd255, CreationTimestamp2022-07-27T13:52:31.721Z[Etc/UTC]] moved to OPEN state
2022-07-27 13:52:34,735 [pool-897-thread-1] INFO  server.RaftServerConfigKeys (ConfUtils.java:logGet(46)) - raft.server.log.segment.size.max = 1048576 (custom)
2022-07-27 13:52:34,735 [EventQueue-OpenPipelineForHealthyPipelineSafeModeRule] INFO  safemode.SCMSafeModeManager (HealthyPipelineSafeModeRule.java:process(137)) - SCM in safe mode. Healthy pipelines reported count is 0, required healthy pipeline reported count is 1
2022-07-27 13:52:34,735 [pool-897-thread-1] INFO  server.RaftServerConfigKeys (ConfUtils.java:logGet(46)) - raft.server.log.segment.cache.num.max = 2 (custom)
2022-07-27 13:52:34,735 [pool-897-thread-1] INFO  server.RaftServerConfigKeys (ConfUtils.java:logGet(46)) - raft.server.log.segment.cache.size.max = 200MB (=209715200) (default)
2022-07-27 13:52:34,735 [pool-897-thread-1] INFO  segmented.SegmentedRaftLogWorker (SegmentedRaftLogWorker.java:<init>(187)) - new 58deb1ea-3cfa-40e5-9635-0b83604fd255@group-95F293340380-SegmentedRaftLogWorker for RaftStorageImpl:Storage Directory /home/runner/work/ozone/ozone/hadoop-ozone/integration-test/target/test-dir/MiniOzoneClusterImpl-d8681e24-cb86-4f17-9b85-5d83644f9f4f/datanode-1/data/ratis/bb97ec30-c4cc-4709-bce0-95f293340380
2022-07-27 13:52:34,735 [pool-897-thread-1] INFO  server.RaftServerConfigKeys (ConfUtils.java:logGet(46)) - raft.server.log.queue.byte-limit = 4294967296 (custom)
2022-07-27 13:52:34,735 [pool-897-thread-1] INFO  server.RaftServerConfigKeys (ConfUtils.java:logGet(46)) - raft.server.log.queue.element-limit = 1024 (custom)
2022-07-27 13:52:34,735 [pool-897-thread-1] INFO  server.RaftServerConfigKeys (ConfUtils.java:logGet(46)) - raft.server.log.segment.size.max = 1048576 (custom)
2022-07-27 13:52:34,735 [pool-897-thread-1] INFO  server.RaftServerConfigKeys (ConfUtils.java:logGet(46)) - raft.server.log.preallocated.size = 16384 (custom)
2022-07-27 13:52:34,735 [pool-897-thread-1] INFO  server.RaftServerConfigKeys (ConfUtils.java:logGet(46)) - raft.server.log.force.sync.num = 128 (default)
2022-07-27 13:52:34,735 [pool-897-thread-1] INFO  server.RaftServerConfigKeys (ConfUtils.java:logGet(46)) - raft.server.log.statemachine.data.sync = true (default)
2022-07-27 13:52:34,736 [pool-897-thread-1] INFO  server.RaftServerConfigKeys (ConfUtils.java:logGet(46)) - raft.server.log.statemachine.data.sync.timeout = 10s (default)
2022-07-27 13:52:34,736 [pool-897-thread-1] INFO  server.RaftServerConfigKeys (ConfUtils.java:logGet(46)) - raft.server.log.statemachine.data.sync.timeout.retry = -1 (default)
2022-07-27 13:52:34,742 [pool-897-thread-1] INFO  server.RaftServerConfigKeys (ConfUtils.java:logGet(46)) - raft.server.log.write.buffer.size = 1048576 (custom)
2022-07-27 13:52:34,743 [pool-897-thread-1] INFO  server.RaftServerConfigKeys (ConfUtils.java:logGet(46)) - raft.server.log.unsafe-flush.enabled = false (default)
2022-07-27 13:52:34,743 [pool-897-thread-1] INFO  server.RaftServerConfigKeys (ConfUtils.java:logGet(46)) - raft.server.log.statemachine.data.caching.enabled = true (custom)
2022-07-27 13:52:34,743 [pool-897-thread-1] INFO  segmented.SegmentedRaftLogWorker (SegmentedRaftLogWorker.java:lambda$new$0(135)) - 58deb1ea-3cfa-40e5-9635-0b83604fd255@group-95F293340380-SegmentedRaftLogWorker: flushIndex: setUnconditionally 0 -> -1
2022-07-27 13:52:34,743 [pool-897-thread-1] INFO  segmented.SegmentedRaftLogWorker (SegmentedRaftLogWorker.java:lambda$new$0(135)) - 58deb1ea-3cfa-40e5-9635-0b83604fd255@group-95F293340380-SegmentedRaftLogWorker: safeCacheEvictIndex: setUnconditionally 0 -> -1
2022-07-27 13:52:34,757 [pool-897-thread-1] INFO  server.RaftServerConfigKeys (ConfUtils.java:logGet(46)) - raft.server.snapshot.auto.trigger.enabled = true (custom)
2022-07-27 13:52:34,758 [pool-897-thread-1] INFO  server.RaftServerConfigKeys (ConfUtils.java:logGet(46)) - raft.server.snapshot.auto.trigger.threshold = 10000 (custom)
2022-07-27 13:52:34,758 [pool-897-thread-1] INFO  server.RaftServerConfigKeys (ConfUtils.java:logGet(46)) - raft.server.snapshot.retention.file.num = 5 (custom)
2022-07-27 13:52:34,758 [pool-897-thread-1] INFO  server.RaftServerConfigKeys (ConfUtils.java:logGet(46)) - raft.server.log.purge.upto.snapshot.index = false (default)
2022-07-27 13:52:34,758 [pool-897-thread-1] INFO  server.RaftServerConfigKeys (ConfUtils.java:logGet(46)) - raft.server.retrycache.expirytime = 600000ms (custom)
2022-07-27 13:52:34,758 [pool-897-thread-1] INFO  server.RaftServerConfigKeys (ConfUtils.java:logGet(46)) - raft.server.retrycache.statistics.expirytime = 100μs (default)
2022-07-27 13:52:34,759 [pool-897-thread-1] INFO  server.RaftServerConfigKeys (ConfUtils.java:logGet(46)) - raft.server.log.appender.install.snapshot.enabled = false (custom)
2022-07-27 13:52:34,759 [pool-897-thread-1] INFO  server.RaftServerConfigKeys (ConfUtils.java:logGet(46)) - raft.server.threadpool.server.cached = true (default)
2022-07-27 13:52:34,759 [pool-897-thread-1] INFO  server.RaftServerConfigKeys (ConfUtils.java:logGet(46)) - raft.server.threadpool.server.size = 0 (default)
2022-07-27 13:52:34,759 [pool-897-thread-1] INFO  server.RaftServerConfigKeys (ConfUtils.java:logGet(46)) - raft.server.threadpool.client.cached = true (default)
2022-07-27 13:52:34,759 [pool-897-thread-1] INFO  server.RaftServerConfigKeys (ConfUtils.java:logGet(46)) - raft.server.threadpool.client.size = 0 (default)
2022-07-27 13:52:34,759 [pool-897-thread-1] INFO  server.RaftServer$Division (RaftServerImpl.java:start(310)) - 58deb1ea-3cfa-40e5-9635-0b83604fd255@group-95F293340380: start as a follower, conf=-1: [58deb1ea-3cfa-40e5-9635-0b83604fd255|rpc:10.1.0.21:32883|priority:1], old=null
2022-07-27 13:52:34,759 [pool-897-thread-1] INFO  server.RaftServer$Division (RaftServerImpl.java:setRole(299)) - 58deb1ea-3cfa-40e5-9635-0b83604fd255@group-95F293340380: changes role from      null to FOLLOWER at term 0 for startAsFollower
2022-07-27 13:52:34,759 [pool-897-thread-1] INFO  impl.RoleInfo (RoleInfo.java:updateAndGet(139)) - 58deb1ea-3cfa-40e5-9635-0b83604fd255: start 58deb1ea-3cfa-40e5-9635-0b83604fd255@group-95F293340380-FollowerState
2022-07-27 13:52:34,788 [pool-897-thread-1] INFO  util.JmxRegister (JmxRegister.java:tryRegister(44)) - Successfully registered JMX Bean with object name Ratis:service=RaftServer,group=group-95F293340380,id=58deb1ea-3cfa-40e5-9635-0b83604fd255
2022-07-27 13:52:34,800 [Command processor thread] INFO  ratis.XceiverServerRatis (XceiverServerRatis.java:addGroup(765)) - Created group PipelineID=bb97ec30-c4cc-4709-bce0-95f293340380
2022-07-27 13:52:34,800 [Command processor thread] INFO  commandhandler.CreatePipelineCommandHandler (CreatePipelineCommandHandler.java:handle(113)) - Created Pipeline RATIS ONE PipelineID=bb97ec30-c4cc-4709-bce0-95f293340380.
2022-07-27 13:52:35,077 [Listener at 127.0.0.1/34829] INFO  ozone.MiniOzoneClusterImpl (MiniOzoneClusterImpl.java:lambda$waitForClusterToBeReady$0(216)) - Waiting for nodes to be ready. Got 4 of 5 DN Heartbeats.
2022-07-27 13:52:35,077 [Listener at 127.0.0.1/34829] INFO  ozone.MiniOzoneClusterImpl (MiniOzoneClusterImpl.java:lambda$waitForClusterToBeReady$0(219)) - Waiting for cluster to exit safe mode
2022-07-27 13:52:35,077 [Listener at 127.0.0.1/34829] INFO  ozone.MiniOzoneClusterImpl (MiniOzoneClusterImpl.java:lambda$waitForClusterToBeReady$0(221)) - SCM became leader
2022-07-27 13:52:35,118 [IPC Server handler 11 on default port 36065] INFO  net.NetworkTopologyImpl (NetworkTopologyImpl.java:add(112)) - Added a new node: /default-rack/ddf52064-1dff-44ca-a9ae-631cccae887a
2022-07-27 13:52:35,118 [IPC Server handler 11 on default port 36065] INFO  node.SCMNodeManager (SCMNodeManager.java:register(397)) - Registered Data node : ddf52064-1dff-44ca-a9ae-631cccae887a{ip: 10.1.0.21, host: fv-az217-261.5fhmivlnczbevhjmk01nzrxweh.bx.internal.cloudapp.net, ports: [REPLICATION=37345, RATIS=44959, RATIS_ADMIN=44959, RATIS_SERVER=44959, STANDALONE=45205], networkLocation: /default-rack, certSerialId: null, persistedOpState: null, persistedOpStateExpiryEpochSec: 0}
2022-07-27 13:52:35,118 [EventQueue-NewNodeForNewNodeHandler] INFO  pipeline.BackgroundPipelineCreator (BackgroundPipelineCreator.java:notifyEventTriggered(276)) - trigger a one-shot run on RatisPipelineUtilsThread.
2022-07-27 13:52:35,119 [RatisPipelineUtilsThread - 0] INFO  pipeline.RatisPipelineProvider (RatisPipelineProvider.java:lambda$create$0(195)) - Sending CreatePipelineCommand for pipeline:PipelineID=e60de006-50d8-4140-adfd-cfbbd5c41f45 to datanode:ddf52064-1dff-44ca-a9ae-631cccae887a
2022-07-27 13:52:35,119 [RatisPipelineUtilsThread - 0] INFO  pipeline.PipelineStateManagerImpl (PipelineStateManagerImpl.java:addPipeline(103)) - Created pipeline Pipeline[ Id: e60de006-50d8-4140-adfd-cfbbd5c41f45, Nodes: ddf52064-1dff-44ca-a9ae-631cccae887a{ip: 10.1.0.21, host: fv-az217-261.5fhmivlnczbevhjmk01nzrxweh.bx.internal.cloudapp.net, ports: [REPLICATION=37345, RATIS=44959, RATIS_ADMIN=44959, RATIS_SERVER=44959, STANDALONE=45205], networkLocation: /default-rack, certSerialId: null, persistedOpState: IN_SERVICE, persistedOpStateExpiryEpochSec: 0}, ReplicationConfig: RATIS/ONE, State:ALLOCATED, leaderId:, CreationTimestamp2022-07-27T13:52:35.119Z[Etc/UTC]].
2022-07-27 13:52:35,541 [Command processor thread] INFO  server.RaftServer (RaftServerProxy.java:addNew(96)) - ddca7a03-388a-498e-af9c-b33aa01d2ce7: addNew group-E906013F5CDA:[ddca7a03-388a-498e-af9c-b33aa01d2ce7|rpc:10.1.0.21:36561|priority:1] returns group-E906013F5CDA:java.util.concurrent.CompletableFuture@59fff743[Not completed]
2022-07-27 13:52:35,542 [pool-920-thread-1] INFO  server.RaftServer$Division (RaftServerImpl.java:<init>(190)) - ddca7a03-388a-498e-af9c-b33aa01d2ce7: new RaftServerImpl for group-E906013F5CDA:[ddca7a03-388a-498e-af9c-b33aa01d2ce7|rpc:10.1.0.21:36561|priority:1] with ContainerStateMachine:uninitialized
2022-07-27 13:52:35,542 [pool-920-thread-1] INFO  server.RaftServerConfigKeys (ConfUtils.java:logGet(46)) - raft.server.rpc.timeout.min = 5s (custom)
2022-07-27 13:52:35,542 [pool-920-thread-1] INFO  server.RaftServerConfigKeys (ConfUtils.java:logGet(46)) - raft.server.rpc.timeout.max = 5200ms (custom)
2022-07-27 13:52:35,542 [pool-920-thread-1] INFO  server.RaftServerConfigKeys (ConfUtils.java:logGet(46)) - raft.server.rpc.sleep.time = 25ms (default)
2022-07-27 13:52:35,542 [pool-920-thread-1] INFO  server.RaftServerConfigKeys (ConfUtils.java:logGet(46)) - raft.server.rpc.slowness.timeout = 300s (custom)
2022-07-27 13:52:35,542 [pool-920-thread-1] INFO  server.RaftServerConfigKeys (ConfUtils.java:logGet(46)) - raft.server.leaderelection.leader.step-down.wait-time = 10s (default)
2022-07-27 13:52:35,542 [pool-920-thread-1] INFO  server.RaftServerConfigKeys (ConfUtils.java:logGet(46)) - raft.server.sleep.deviation.threshold = 300ms (default)
2022-07-27 13:52:35,542 [pool-920-thread-1] INFO  server.RaftServer$Division (ServerState.java:<init>(107)) - ddca7a03-388a-498e-af9c-b33aa01d2ce7@group-E906013F5CDA: ConfigurationManager, init=-1: [ddca7a03-388a-498e-af9c-b33aa01d2ce7|rpc:10.1.0.21:36561|priority:1], old=null, confs=<EMPTY_MAP>
2022-07-27 13:52:35,542 [pool-920-thread-1] INFO  server.RaftServerConfigKeys (ConfUtils.java:logGet(46)) - raft.server.storage.dir = [/home/runner/work/ozone/ozone/hadoop-ozone/integration-test/target/test-dir/MiniOzoneClusterImpl-d8681e24-cb86-4f17-9b85-5d83644f9f4f/datanode-2/data/ratis] (custom)
2022-07-27 13:52:35,542 [pool-920-thread-1] INFO  server.RaftServerConfigKeys (ConfUtils.java:logGet(46)) - raft.server.log.corruption.policy = EXCEPTION (default)
2022-07-27 13:52:35,542 [pool-920-thread-1] INFO  server.RaftServerConfigKeys (ConfUtils.java:logGet(46)) - raft.server.storage.free-space.min = 0MB (=0) (default)
2022-07-27 13:52:35,542 [pool-920-thread-1] INFO  storage.RaftStorageDirectory (RaftStorageDirectoryImpl.java:analyzeStorage(135)) - The storage directory /home/runner/work/ozone/ozone/hadoop-ozone/integration-test/target/test-dir/MiniOzoneClusterImpl-d8681e24-cb86-4f17-9b85-5d83644f9f4f/datanode-2/data/ratis/54bbec29-6b6a-4ca2-92f4-e906013f5cda does not exist. Creating ...
2022-07-27 13:52:35,545 [pool-920-thread-1] INFO  storage.RaftStorageDirectory (RaftStorageDirectoryImpl.java:tryLock(230)) - Lock on /home/runner/work/ozone/ozone/hadoop-ozone/integration-test/target/test-dir/MiniOzoneClusterImpl-d8681e24-cb86-4f17-9b85-5d83644f9f4f/datanode-2/data/ratis/54bbec29-6b6a-4ca2-92f4-e906013f5cda/in_use.lock acquired by nodename 11093@fv-az217-261
2022-07-27 13:52:35,547 [pool-920-thread-1] INFO  storage.RaftStorage (RaftStorageImpl.java:format(89)) - Storage directory /home/runner/work/ozone/ozone/hadoop-ozone/integration-test/target/test-dir/MiniOzoneClusterImpl-d8681e24-cb86-4f17-9b85-5d83644f9f4f/datanode-2/data/ratis/54bbec29-6b6a-4ca2-92f4-e906013f5cda has been successfully formatted.
2022-07-27 13:52:35,548 [pool-920-thread-1] INFO  ratis.ContainerStateMachine (ContainerStateMachine.java:loadSnapshot(236)) - group-E906013F5CDA: The snapshot info is null. Setting the last applied indexto:(t:0, i:~)
2022-07-27 13:52:35,548 [pool-920-thread-1] INFO  server.RaftServerConfigKeys (ConfUtils.java:logGet(46)) - raft.server.notification.no-leader.timeout = 300s (custom)
2022-07-27 13:52:35,548 [pool-920-thread-1] INFO  server.RaftServerConfigKeys (ConfUtils.java:logGet(46)) - raft.server.log.use.memory = false (default)
2022-07-27 13:52:35,548 [pool-920-thread-1] INFO  server.RaftServerConfigKeys (ConfUtils.java:logGet(46)) - raft.server.log.purge.gap = 1000000 (custom)
2022-07-27 13:52:35,549 [pool-920-thread-1] INFO  server.RaftServerConfigKeys (ConfUtils.java:logGet(46)) - raft.server.log.appender.buffer.byte-limit = 33554432 (custom)
2022-07-27 13:52:35,549 [pool-920-thread-1] INFO  server.RaftServerConfigKeys (ConfUtils.java:logGet(46)) - raft.server.log.statemachine.data.read.timeout = 1000ms (default)
2022-07-27 13:52:35,549 [EventQueue-PipelineReportForPipelineReportHandler] INFO  pipeline.PipelineManagerImpl (PipelineManagerImpl.java:openPipeline(367)) - Pipeline Pipeline[ Id: 54bbec29-6b6a-4ca2-92f4-e906013f5cda, Nodes: ddca7a03-388a-498e-af9c-b33aa01d2ce7{ip: 10.1.0.21, host: fv-az217-261.5fhmivlnczbevhjmk01nzrxweh.bx.internal.cloudapp.net, ports: [REPLICATION=44895, RATIS=36561, RATIS_ADMIN=36561, RATIS_SERVER=36561, STANDALONE=40979], networkLocation: /default-rack, certSerialId: null, persistedOpState: IN_SERVICE, persistedOpStateExpiryEpochSec: 0}, ReplicationConfig: RATIS/ONE, State:ALLOCATED, leaderId:ddca7a03-388a-498e-af9c-b33aa01d2ce7, CreationTimestamp2022-07-27T13:52:32.550Z[Etc/UTC]] moved to OPEN state
2022-07-27 13:52:35,549 [EventQueue-OpenPipelineForHealthyPipelineSafeModeRule] INFO  safemode.SCMSafeModeManager (HealthyPipelineSafeModeRule.java:process(137)) - SCM in safe mode. Healthy pipelines reported count is 0, required healthy pipeline reported count is 1
2022-07-27 13:52:35,549 [pool-920-thread-1] INFO  server.RaftServerConfigKeys (ConfUtils.java:logGet(46)) - raft.server.log.segment.size.max = 1048576 (custom)
2022-07-27 13:52:35,550 [pool-920-thread-1] INFO  server.RaftServerConfigKeys (ConfUtils.java:logGet(46)) - raft.server.log.segment.cache.num.max = 2 (custom)
2022-07-27 13:52:35,550 [pool-920-thread-1] INFO  server.RaftServerConfigKeys (ConfUtils.java:logGet(46)) - raft.server.log.segment.cache.size.max = 200MB (=209715200) (default)
2022-07-27 13:52:35,550 [pool-920-thread-1] INFO  segmented.SegmentedRaftLogWorker (SegmentedRaftLogWorker.java:<init>(187)) - new ddca7a03-388a-498e-af9c-b33aa01d2ce7@group-E906013F5CDA-SegmentedRaftLogWorker for RaftStorageImpl:Storage Directory /home/runner/work/ozone/ozone/hadoop-ozone/integration-test/target/test-dir/MiniOzoneClusterImpl-d8681e24-cb86-4f17-9b85-5d83644f9f4f/datanode-2/data/ratis/54bbec29-6b6a-4ca2-92f4-e906013f5cda
2022-07-27 13:52:35,550 [pool-920-thread-1] INFO  server.RaftServerConfigKeys (ConfUtils.java:logGet(46)) - raft.server.log.queue.byte-limit = 4294967296 (custom)
2022-07-27 13:52:35,550 [pool-920-thread-1] INFO  server.RaftServerConfigKeys (ConfUtils.java:logGet(46)) - raft.server.log.queue.element-limit = 1024 (custom)
2022-07-27 13:52:35,550 [pool-920-thread-1] INFO  server.RaftServerConfigKeys (ConfUtils.java:logGet(46)) - raft.server.log.segment.size.max = 1048576 (custom)
2022-07-27 13:52:35,550 [pool-920-thread-1] INFO  server.RaftServerConfigKeys (ConfUtils.java:logGet(46)) - raft.server.log.preallocated.size = 16384 (custom)
2022-07-27 13:52:35,550 [pool-920-thread-1] INFO  server.RaftServerConfigKeys (ConfUtils.java:logGet(46)) - raft.server.log.force.sync.num = 128 (default)
2022-07-27 13:52:35,550 [pool-920-thread-1] INFO  server.RaftServerConfigKeys (ConfUtils.java:logGet(46)) - raft.server.log.statemachine.data.sync = true (default)
2022-07-27 13:52:35,550 [pool-920-thread-1] INFO  server.RaftServerConfigKeys (ConfUtils.java:logGet(46)) - raft.server.log.statemachine.data.sync.timeout = 10s (default)
2022-07-27 13:52:35,550 [pool-920-thread-1] INFO  server.RaftServerConfigKeys (ConfUtils.java:logGet(46)) - raft.server.log.statemachine.data.sync.timeout.retry = -1 (default)
2022-07-27 13:52:35,551 [pool-920-thread-1] INFO  server.RaftServerConfigKeys (ConfUtils.java:logGet(46)) - raft.server.log.write.buffer.size = 1048576 (custom)
2022-07-27 13:52:35,551 [pool-920-thread-1] INFO  server.RaftServerConfigKeys (ConfUtils.java:logGet(46)) - raft.server.log.unsafe-flush.enabled = false (default)
2022-07-27 13:52:35,551 [pool-920-thread-1] INFO  server.RaftServerConfigKeys (ConfUtils.java:logGet(46)) - raft.server.log.statemachine.data.caching.enabled = true (custom)
2022-07-27 13:52:35,551 [pool-920-thread-1] INFO  segmented.SegmentedRaftLogWorker (SegmentedRaftLogWorker.java:lambda$new$0(135)) - ddca7a03-388a-498e-af9c-b33aa01d2ce7@group-E906013F5CDA-SegmentedRaftLogWorker: flushIndex: setUnconditionally 0 -> -1
2022-07-27 13:52:35,551 [pool-920-thread-1] INFO  segmented.SegmentedRaftLogWorker (SegmentedRaftLogWorker.java:lambda$new$0(135)) - ddca7a03-388a-498e-af9c-b33aa01d2ce7@group-E906013F5CDA-SegmentedRaftLogWorker: safeCacheEvictIndex: setUnconditionally 0 -> -1
2022-07-27 13:52:35,566 [pool-920-thread-1] INFO  server.RaftServerConfigKeys (ConfUtils.java:logGet(46)) - raft.server.snapshot.auto.trigger.enabled = true (custom)
2022-07-27 13:52:35,566 [pool-920-thread-1] INFO  server.RaftServerConfigKeys (ConfUtils.java:logGet(46)) - raft.server.snapshot.auto.trigger.threshold = 10000 (custom)
2022-07-27 13:52:35,566 [pool-920-thread-1] INFO  server.RaftServerConfigKeys (ConfUtils.java:logGet(46)) - raft.server.snapshot.retention.file.num = 5 (custom)
2022-07-27 13:52:35,566 [pool-920-thread-1] INFO  server.RaftServerConfigKeys (ConfUtils.java:logGet(46)) - raft.server.log.purge.upto.snapshot.index = false (default)
2022-07-27 13:52:35,566 [pool-920-thread-1] INFO  server.RaftServerConfigKeys (ConfUtils.java:logGet(46)) - raft.server.retrycache.expirytime = 600000ms (custom)
2022-07-27 13:52:35,566 [pool-920-thread-1] INFO  server.RaftServerConfigKeys (ConfUtils.java:logGet(46)) - raft.server.retrycache.statistics.expirytime = 100μs (default)
2022-07-27 13:52:35,571 [pool-920-thread-1] INFO  server.RaftServerConfigKeys (ConfUtils.java:logGet(46)) - raft.server.log.appender.install.snapshot.enabled = false (custom)
2022-07-27 13:52:35,571 [pool-920-thread-1] INFO  server.RaftServerConfigKeys (ConfUtils.java:logGet(46)) - raft.server.threadpool.server.cached = true (default)
2022-07-27 13:52:35,571 [pool-920-thread-1] INFO  server.RaftServerConfigKeys (ConfUtils.java:logGet(46)) - raft.server.threadpool.server.size = 0 (default)
2022-07-27 13:52:35,572 [pool-920-thread-1] INFO  server.RaftServerConfigKeys (ConfUtils.java:logGet(46)) - raft.server.threadpool.client.cached = true (default)
2022-07-27 13:52:35,572 [pool-920-thread-1] INFO  server.RaftServerConfigKeys (ConfUtils.java:logGet(46)) - raft.server.threadpool.client.size = 0 (default)
2022-07-27 13:52:35,572 [pool-920-thread-1] INFO  server.RaftServer$Division (RaftServerImpl.java:start(310)) - ddca7a03-388a-498e-af9c-b33aa01d2ce7@group-E906013F5CDA: start as a follower, conf=-1: [ddca7a03-388a-498e-af9c-b33aa01d2ce7|rpc:10.1.0.21:36561|priority:1], old=null
2022-07-27 13:52:35,572 [pool-920-thread-1] INFO  server.RaftServer$Division (RaftServerImpl.java:setRole(299)) - ddca7a03-388a-498e-af9c-b33aa01d2ce7@group-E906013F5CDA: changes role from      null to FOLLOWER at term 0 for startAsFollower
2022-07-27 13:52:35,572 [pool-920-thread-1] INFO  impl.RoleInfo (RoleInfo.java:updateAndGet(139)) - ddca7a03-388a-498e-af9c-b33aa01d2ce7: start ddca7a03-388a-498e-af9c-b33aa01d2ce7@group-E906013F5CDA-FollowerState
2022-07-27 13:52:35,579 [pool-920-thread-1] INFO  util.JmxRegister (JmxRegister.java:tryRegister(44)) - Successfully registered JMX Bean with object name Ratis:service=RaftServer,group=group-E906013F5CDA,id=ddca7a03-388a-498e-af9c-b33aa01d2ce7
2022-07-27 13:52:35,580 [Command processor thread] INFO  ratis.XceiverServerRatis (XceiverServerRatis.java:addGroup(765)) - Created group PipelineID=54bbec29-6b6a-4ca2-92f4-e906013f5cda
2022-07-27 13:52:35,580 [Command processor thread] INFO  commandhandler.CreatePipelineCommandHandler (CreatePipelineCommandHandler.java:handle(113)) - Created Pipeline RATIS ONE PipelineID=54bbec29-6b6a-4ca2-92f4-e906013f5cda.
2022-07-27 13:52:36,077 [Listener at 127.0.0.1/34829] INFO  ozone.MiniOzoneClusterImpl (MiniOzoneClusterImpl.java:lambda$waitForClusterToBeReady$0(216)) - Nodes are ready. Got 5 of 5 DN Heartbeats.
2022-07-27 13:52:36,077 [Listener at 127.0.0.1/34829] INFO  ozone.MiniOzoneClusterImpl (MiniOzoneClusterImpl.java:lambda$waitForClusterToBeReady$0(219)) - Waiting for cluster to exit safe mode
2022-07-27 13:52:36,077 [Listener at 127.0.0.1/34829] INFO  ozone.MiniOzoneClusterImpl (MiniOzoneClusterImpl.java:lambda$waitForClusterToBeReady$0(221)) - SCM became leader
2022-07-27 13:52:36,683 [Command processor thread] INFO  server.RaftServer (RaftServerProxy.java:addNew(96)) - 02574c79-47b9-47c2-b441-c781c573f9c1: addNew group-20473C93E369:[02574c79-47b9-47c2-b441-c781c573f9c1|rpc:10.1.0.21:46673|priority:1] returns group-20473C93E369:java.util.concurrent.CompletableFuture@1542919e[Not completed]
2022-07-27 13:52:36,692 [pool-943-thread-1] INFO  server.RaftServer$Division (RaftServerImpl.java:<init>(190)) - 02574c79-47b9-47c2-b441-c781c573f9c1: new RaftServerImpl for group-20473C93E369:[02574c79-47b9-47c2-b441-c781c573f9c1|rpc:10.1.0.21:46673|priority:1] with ContainerStateMachine:uninitialized
2022-07-27 13:52:36,692 [pool-943-thread-1] INFO  server.RaftServerConfigKeys (ConfUtils.java:logGet(46)) - raft.server.rpc.timeout.min = 5s (custom)
2022-07-27 13:52:36,692 [pool-943-thread-1] INFO  server.RaftServerConfigKeys (ConfUtils.java:logGet(46)) - raft.server.rpc.timeout.max = 5200ms (custom)
2022-07-27 13:52:36,692 [pool-943-thread-1] INFO  server.RaftServerConfigKeys (ConfUtils.java:logGet(46)) - raft.server.rpc.sleep.time = 25ms (default)
2022-07-27 13:52:36,692 [pool-943-thread-1] INFO  server.RaftServerConfigKeys (ConfUtils.java:logGet(46)) - raft.server.rpc.slowness.timeout = 300s (custom)
2022-07-27 13:52:36,692 [pool-943-thread-1] INFO  server.RaftServerConfigKeys (ConfUtils.java:logGet(46)) - raft.server.leaderelection.leader.step-down.wait-time = 10s (default)
2022-07-27 13:52:36,692 [pool-943-thread-1] INFO  server.RaftServerConfigKeys (ConfUtils.java:logGet(46)) - raft.server.sleep.deviation.threshold = 300ms (default)
2022-07-27 13:52:36,692 [pool-943-thread-1] INFO  server.RaftServer$Division (ServerState.java:<init>(107)) - 02574c79-47b9-47c2-b441-c781c573f9c1@group-20473C93E369: ConfigurationManager, init=-1: [02574c79-47b9-47c2-b441-c781c573f9c1|rpc:10.1.0.21:46673|priority:1], old=null, confs=<EMPTY_MAP>
2022-07-27 13:52:36,692 [pool-943-thread-1] INFO  server.RaftServerConfigKeys (ConfUtils.java:logGet(46)) - raft.server.storage.dir = [/home/runner/work/ozone/ozone/hadoop-ozone/integration-test/target/test-dir/MiniOzoneClusterImpl-d8681e24-cb86-4f17-9b85-5d83644f9f4f/datanode-3/data/ratis] (custom)
2022-07-27 13:52:36,692 [pool-943-thread-1] INFO  server.RaftServerConfigKeys (ConfUtils.java:logGet(46)) - raft.server.log.corruption.policy = EXCEPTION (default)
2022-07-27 13:52:36,692 [pool-943-thread-1] INFO  server.RaftServerConfigKeys (ConfUtils.java:logGet(46)) - raft.server.storage.free-space.min = 0MB (=0) (default)
2022-07-27 13:52:36,692 [pool-943-thread-1] INFO  storage.RaftStorageDirectory (RaftStorageDirectoryImpl.java:analyzeStorage(135)) - The storage directory /home/runner/work/ozone/ozone/hadoop-ozone/integration-test/target/test-dir/MiniOzoneClusterImpl-d8681e24-cb86-4f17-9b85-5d83644f9f4f/datanode-3/data/ratis/9cf13940-25ac-4a45-ad58-20473c93e369 does not exist. Creating ...
2022-07-27 13:52:36,695 [pool-943-thread-1] INFO  storage.RaftStorageDirectory (RaftStorageDirectoryImpl.java:tryLock(230)) - Lock on /home/runner/work/ozone/ozone/hadoop-ozone/integration-test/target/test-dir/MiniOzoneClusterImpl-d8681e24-cb86-4f17-9b85-5d83644f9f4f/datanode-3/data/ratis/9cf13940-25ac-4a45-ad58-20473c93e369/in_use.lock acquired by nodename 11093@fv-az217-261
2022-07-27 13:52:36,717 [pool-943-thread-1] INFO  storage.RaftStorage (RaftStorageImpl.java:format(89)) - Storage directory /home/runner/work/ozone/ozone/hadoop-ozone/integration-test/target/test-dir/MiniOzoneClusterImpl-d8681e24-cb86-4f17-9b85-5d83644f9f4f/datanode-3/data/ratis/9cf13940-25ac-4a45-ad58-20473c93e369 has been successfully formatted.
2022-07-27 13:52:36,751 [pool-943-thread-1] INFO  ratis.ContainerStateMachine (ContainerStateMachine.java:loadSnapshot(236)) - group-20473C93E369: The snapshot info is null. Setting the last applied indexto:(t:0, i:~)
2022-07-27 13:52:36,751 [pool-943-thread-1] INFO  server.RaftServerConfigKeys (ConfUtils.java:logGet(46)) - raft.server.notification.no-leader.timeout = 300s (custom)
2022-07-27 13:52:36,751 [pool-943-thread-1] INFO  server.RaftServerConfigKeys (ConfUtils.java:logGet(46)) - raft.server.log.use.memory = false (default)
2022-07-27 13:52:36,751 [pool-943-thread-1] INFO  server.RaftServerConfigKeys (ConfUtils.java:logGet(46)) - raft.server.log.purge.gap = 1000000 (custom)
2022-07-27 13:52:36,751 [pool-943-thread-1] INFO  server.RaftServerConfigKeys (ConfUtils.java:logGet(46)) - raft.server.log.appender.buffer.byte-limit = 33554432 (custom)
2022-07-27 13:52:36,751 [pool-943-thread-1] INFO  server.RaftServerConfigKeys (ConfUtils.java:logGet(46)) - raft.server.log.statemachine.data.read.timeout = 1000ms (default)
2022-07-27 13:52:36,752 [pool-943-thread-1] INFO  server.RaftServerConfigKeys (ConfUtils.java:logGet(46)) - raft.server.log.segment.size.max = 1048576 (custom)
2022-07-27 13:52:36,752 [pool-943-thread-1] INFO  server.RaftServerConfigKeys (ConfUtils.java:logGet(46)) - raft.server.log.segment.cache.num.max = 2 (custom)
2022-07-27 13:52:36,752 [pool-943-thread-1] INFO  server.RaftServerConfigKeys (ConfUtils.java:logGet(46)) - raft.server.log.segment.cache.size.max = 200MB (=209715200) (default)
2022-07-27 13:52:36,752 [pool-943-thread-1] INFO  segmented.SegmentedRaftLogWorker (SegmentedRaftLogWorker.java:<init>(187)) - new 02574c79-47b9-47c2-b441-c781c573f9c1@group-20473C93E369-SegmentedRaftLogWorker for RaftStorageImpl:Storage Directory /home/runner/work/ozone/ozone/hadoop-ozone/integration-test/target/test-dir/MiniOzoneClusterImpl-d8681e24-cb86-4f17-9b85-5d83644f9f4f/datanode-3/data/ratis/9cf13940-25ac-4a45-ad58-20473c93e369
2022-07-27 13:52:36,752 [pool-943-thread-1] INFO  server.RaftServerConfigKeys (ConfUtils.java:logGet(46)) - raft.server.log.queue.byte-limit = 4294967296 (custom)
2022-07-27 13:52:36,752 [pool-943-thread-1] INFO  server.RaftServerConfigKeys (ConfUtils.java:logGet(46)) - raft.server.log.queue.element-limit = 1024 (custom)
2022-07-27 13:52:36,752 [pool-943-thread-1] INFO  server.RaftServerConfigKeys (ConfUtils.java:logGet(46)) - raft.server.log.segment.size.max = 1048576 (custom)
2022-07-27 13:52:36,752 [pool-943-thread-1] INFO  server.RaftServerConfigKeys (ConfUtils.java:logGet(46)) - raft.server.log.preallocated.size = 16384 (custom)
2022-07-27 13:52:36,752 [pool-943-thread-1] INFO  server.RaftServerConfigKeys (ConfUtils.java:logGet(46)) - raft.server.log.force.sync.num = 128 (default)
2022-07-27 13:52:36,752 [pool-943-thread-1] INFO  server.RaftServerConfigKeys (ConfUtils.java:logGet(46)) - raft.server.log.statemachine.data.sync = true (default)
2022-07-27 13:52:36,752 [pool-943-thread-1] INFO  server.RaftServerConfigKeys (ConfUtils.java:logGet(46)) - raft.server.log.statemachine.data.sync.timeout = 10s (default)
2022-07-27 13:52:36,752 [pool-943-thread-1] INFO  server.RaftServerConfigKeys (ConfUtils.java:logGet(46)) - raft.server.log.statemachine.data.sync.timeout.retry = -1 (default)
2022-07-27 13:52:36,753 [pool-943-thread-1] INFO  server.RaftServerConfigKeys (ConfUtils.java:logGet(46)) - raft.server.log.write.buffer.size = 1048576 (custom)
2022-07-27 13:52:36,753 [pool-943-thread-1] INFO  server.RaftServerConfigKeys (ConfUtils.java:logGet(46)) - raft.server.log.unsafe-flush.enabled = false (default)
2022-07-27 13:52:36,753 [pool-943-thread-1] INFO  server.RaftServerConfigKeys (ConfUtils.java:logGet(46)) - raft.server.log.statemachine.data.caching.enabled = true (custom)
2022-07-27 13:52:36,754 [pool-943-thread-1] INFO  segmented.SegmentedRaftLogWorker (SegmentedRaftLogWorker.java:lambda$new$0(135)) - 02574c79-47b9-47c2-b441-c781c573f9c1@group-20473C93E369-SegmentedRaftLogWorker: flushIndex: setUnconditionally 0 -> -1
2022-07-27 13:52:36,754 [pool-943-thread-1] INFO  segmented.SegmentedRaftLogWorker (SegmentedRaftLogWorker.java:lambda$new$0(135)) - 02574c79-47b9-47c2-b441-c781c573f9c1@group-20473C93E369-SegmentedRaftLogWorker: safeCacheEvictIndex: setUnconditionally 0 -> -1
2022-07-27 13:52:36,767 [EventQueue-PipelineReportForPipelineReportHandler] INFO  pipeline.PipelineManagerImpl (PipelineManagerImpl.java:openPipeline(367)) - Pipeline Pipeline[ Id: 9cf13940-25ac-4a45-ad58-20473c93e369, Nodes: 02574c79-47b9-47c2-b441-c781c573f9c1{ip: 10.1.0.21, host: fv-az217-261.5fhmivlnczbevhjmk01nzrxweh.bx.internal.cloudapp.net, ports: [REPLICATION=33169, RATIS=46673, RATIS_ADMIN=46673, RATIS_SERVER=46673, STANDALONE=42229], networkLocation: /default-rack, certSerialId: null, persistedOpState: IN_SERVICE, persistedOpStateExpiryEpochSec: 0}, ReplicationConfig: RATIS/ONE, State:ALLOCATED, leaderId:02574c79-47b9-47c2-b441-c781c573f9c1, CreationTimestamp2022-07-27T13:52:33.677Z[Etc/UTC]] moved to OPEN state
2022-07-27 13:52:36,770 [EventQueue-OpenPipelineForHealthyPipelineSafeModeRule] INFO  safemode.SCMSafeModeManager (HealthyPipelineSafeModeRule.java:process(137)) - SCM in safe mode. Healthy pipelines reported count is 0, required healthy pipeline reported count is 1
2022-07-27 13:52:36,770 [pool-943-thread-1] INFO  server.RaftServerConfigKeys (ConfUtils.java:logGet(46)) - raft.server.snapshot.auto.trigger.enabled = true (custom)
2022-07-27 13:52:36,770 [pool-943-thread-1] INFO  server.RaftServerConfigKeys (ConfUtils.java:logGet(46)) - raft.server.snapshot.auto.trigger.threshold = 10000 (custom)
2022-07-27 13:52:36,770 [pool-943-thread-1] INFO  server.RaftServerConfigKeys (ConfUtils.java:logGet(46)) - raft.server.snapshot.retention.file.num = 5 (custom)
2022-07-27 13:52:36,770 [pool-943-thread-1] INFO  server.RaftServerConfigKeys (ConfUtils.java:logGet(46)) - raft.server.log.purge.upto.snapshot.index = false (default)
2022-07-27 13:52:36,770 [pool-943-thread-1] INFO  server.RaftServerConfigKeys (ConfUtils.java:logGet(46)) - raft.server.retrycache.expirytime = 600000ms (custom)
2022-07-27 13:52:36,770 [pool-943-thread-1] INFO  server.RaftServerConfigKeys (ConfUtils.java:logGet(46)) - raft.server.retrycache.statistics.expirytime = 100μs (default)
2022-07-27 13:52:36,771 [pool-943-thread-1] INFO  server.RaftServerConfigKeys (ConfUtils.java:logGet(46)) - raft.server.log.appender.install.snapshot.enabled = false (custom)
2022-07-27 13:52:36,771 [pool-943-thread-1] INFO  server.RaftServerConfigKeys (ConfUtils.java:logGet(46)) - raft.server.threadpool.server.cached = true (default)
2022-07-27 13:52:36,771 [pool-943-thread-1] INFO  server.RaftServerConfigKeys (ConfUtils.java:logGet(46)) - raft.server.threadpool.server.size = 0 (default)
2022-07-27 13:52:36,771 [pool-943-thread-1] INFO  server.RaftServerConfigKeys (ConfUtils.java:logGet(46)) - raft.server.threadpool.client.cached = true (default)
2022-07-27 13:52:36,771 [pool-943-thread-1] INFO  server.RaftServerConfigKeys (ConfUtils.java:logGet(46)) - raft.server.threadpool.client.size = 0 (default)
2022-07-27 13:52:36,772 [pool-943-thread-1] INFO  server.RaftServer$Division (RaftServerImpl.java:start(310)) - 02574c79-47b9-47c2-b441-c781c573f9c1@group-20473C93E369: start as a follower, conf=-1: [02574c79-47b9-47c2-b441-c781c573f9c1|rpc:10.1.0.21:46673|priority:1], old=null
2022-07-27 13:52:36,772 [pool-943-thread-1] INFO  server.RaftServer$Division (RaftServerImpl.java:setRole(299)) - 02574c79-47b9-47c2-b441-c781c573f9c1@group-20473C93E369: changes role from      null to FOLLOWER at term 0 for startAsFollower
2022-07-27 13:52:36,772 [pool-943-thread-1] INFO  impl.RoleInfo (RoleInfo.java:updateAndGet(139)) - 02574c79-47b9-47c2-b441-c781c573f9c1: start 02574c79-47b9-47c2-b441-c781c573f9c1@group-20473C93E369-FollowerState
2022-07-27 13:52:36,772 [pool-943-thread-1] INFO  util.JmxRegister (JmxRegister.java:tryRegister(44)) - Successfully registered JMX Bean with object name Ratis:service=RaftServer,group=group-20473C93E369,id=02574c79-47b9-47c2-b441-c781c573f9c1
2022-07-27 13:52:36,776 [Command processor thread] INFO  ratis.XceiverServerRatis (XceiverServerRatis.java:addGroup(765)) - Created group PipelineID=9cf13940-25ac-4a45-ad58-20473c93e369
2022-07-27 13:52:36,776 [Command processor thread] INFO  commandhandler.CreatePipelineCommandHandler (CreatePipelineCommandHandler.java:handle(113)) - Created Pipeline RATIS ONE PipelineID=9cf13940-25ac-4a45-ad58-20473c93e369.
2022-07-27 13:52:37,078 [Listener at 127.0.0.1/34829] INFO  ozone.MiniOzoneClusterImpl (MiniOzoneClusterImpl.java:lambda$waitForClusterToBeReady$0(216)) - Nodes are ready. Got 5 of 5 DN Heartbeats.
2022-07-27 13:52:37,078 [Listener at 127.0.0.1/34829] INFO  ozone.MiniOzoneClusterImpl (MiniOzoneClusterImpl.java:lambda$waitForClusterToBeReady$0(219)) - Waiting for cluster to exit safe mode
2022-07-27 13:52:37,078 [Listener at 127.0.0.1/34829] INFO  ozone.MiniOzoneClusterImpl (MiniOzoneClusterImpl.java:lambda$waitForClusterToBeReady$0(221)) - SCM became leader
2022-07-27 13:52:38,079 [Listener at 127.0.0.1/34829] INFO  ozone.MiniOzoneClusterImpl (MiniOzoneClusterImpl.java:lambda$waitForClusterToBeReady$0(216)) - Nodes are ready. Got 5 of 5 DN Heartbeats.
2022-07-27 13:52:38,079 [Listener at 127.0.0.1/34829] INFO  ozone.MiniOzoneClusterImpl (MiniOzoneClusterImpl.java:lambda$waitForClusterToBeReady$0(219)) - Waiting for cluster to exit safe mode
2022-07-27 13:52:38,080 [Listener at 127.0.0.1/34829] INFO  ozone.MiniOzoneClusterImpl (MiniOzoneClusterImpl.java:lambda$waitForClusterToBeReady$0(221)) - SCM became leader
2022-07-27 13:52:38,120 [Command processor thread] INFO  server.RaftServer (RaftServerProxy.java:addNew(96)) - ddf52064-1dff-44ca-a9ae-631cccae887a: addNew group-CFBBD5C41F45:[ddf52064-1dff-44ca-a9ae-631cccae887a|rpc:10.1.0.21:44959|priority:1] returns group-CFBBD5C41F45:java.util.concurrent.CompletableFuture@6cc6bbe4[Not completed]
2022-07-27 13:52:38,131 [pool-974-thread-1] INFO  server.RaftServer$Division (RaftServerImpl.java:<init>(190)) - ddf52064-1dff-44ca-a9ae-631cccae887a: new RaftServerImpl for group-CFBBD5C41F45:[ddf52064-1dff-44ca-a9ae-631cccae887a|rpc:10.1.0.21:44959|priority:1] with ContainerStateMachine:uninitialized
2022-07-27 13:52:38,131 [pool-974-thread-1] INFO  server.RaftServerConfigKeys (ConfUtils.java:logGet(46)) - raft.server.rpc.timeout.min = 5s (custom)
2022-07-27 13:52:38,131 [pool-974-thread-1] INFO  server.RaftServerConfigKeys (ConfUtils.java:logGet(46)) - raft.server.rpc.timeout.max = 5200ms (custom)
2022-07-27 13:52:38,131 [pool-974-thread-1] INFO  server.RaftServerConfigKeys (ConfUtils.java:logGet(46)) - raft.server.rpc.sleep.time = 25ms (default)
2022-07-27 13:52:38,131 [pool-974-thread-1] INFO  server.RaftServerConfigKeys (ConfUtils.java:logGet(46)) - raft.server.rpc.slowness.timeout = 300s (custom)
2022-07-27 13:52:38,131 [pool-974-thread-1] INFO  server.RaftServerConfigKeys (ConfUtils.java:logGet(46)) - raft.server.leaderelection.leader.step-down.wait-time = 10s (default)
2022-07-27 13:52:38,131 [pool-974-thread-1] INFO  server.RaftServerConfigKeys (ConfUtils.java:logGet(46)) - raft.server.sleep.deviation.threshold = 300ms (default)
2022-07-27 13:52:38,132 [pool-974-thread-1] INFO  server.RaftServer$Division (ServerState.java:<init>(107)) - ddf52064-1dff-44ca-a9ae-631cccae887a@group-CFBBD5C41F45: ConfigurationManager, init=-1: [ddf52064-1dff-44ca-a9ae-631cccae887a|rpc:10.1.0.21:44959|priority:1], old=null, confs=<EMPTY_MAP>
2022-07-27 13:52:38,132 [pool-974-thread-1] INFO  server.RaftServerConfigKeys (ConfUtils.java:logGet(46)) - raft.server.storage.dir = [/home/runner/work/ozone/ozone/hadoop-ozone/integration-test/target/test-dir/MiniOzoneClusterImpl-d8681e24-cb86-4f17-9b85-5d83644f9f4f/datanode-4/data/ratis] (custom)
2022-07-27 13:52:38,132 [pool-974-thread-1] INFO  server.RaftServerConfigKeys (ConfUtils.java:logGet(46)) - raft.server.log.corruption.policy = EXCEPTION (default)
2022-07-27 13:52:38,132 [pool-974-thread-1] INFO  server.RaftServerConfigKeys (ConfUtils.java:logGet(46)) - raft.server.storage.free-space.min = 0MB (=0) (default)
2022-07-27 13:52:38,132 [pool-974-thread-1] INFO  storage.RaftStorageDirectory (RaftStorageDirectoryImpl.java:analyzeStorage(135)) - The storage directory /home/runner/work/ozone/ozone/hadoop-ozone/integration-test/target/test-dir/MiniOzoneClusterImpl-d8681e24-cb86-4f17-9b85-5d83644f9f4f/datanode-4/data/ratis/e60de006-50d8-4140-adfd-cfbbd5c41f45 does not exist. Creating ...
2022-07-27 13:52:38,133 [pool-974-thread-1] INFO  storage.RaftStorageDirectory (RaftStorageDirectoryImpl.java:tryLock(230)) - Lock on /home/runner/work/ozone/ozone/hadoop-ozone/integration-test/target/test-dir/MiniOzoneClusterImpl-d8681e24-cb86-4f17-9b85-5d83644f9f4f/datanode-4/data/ratis/e60de006-50d8-4140-adfd-cfbbd5c41f45/in_use.lock acquired by nodename 11093@fv-az217-261
2022-07-27 13:52:38,171 [pool-974-thread-1] INFO  storage.RaftStorage (RaftStorageImpl.java:format(89)) - Storage directory /home/runner/work/ozone/ozone/hadoop-ozone/integration-test/target/test-dir/MiniOzoneClusterImpl-d8681e24-cb86-4f17-9b85-5d83644f9f4f/datanode-4/data/ratis/e60de006-50d8-4140-adfd-cfbbd5c41f45 has been successfully formatted.
2022-07-27 13:52:38,175 [pool-974-thread-1] INFO  ratis.ContainerStateMachine (ContainerStateMachine.java:loadSnapshot(236)) - group-CFBBD5C41F45: The snapshot info is null. Setting the last applied indexto:(t:0, i:~)
2022-07-27 13:52:38,175 [pool-974-thread-1] INFO  server.RaftServerConfigKeys (ConfUtils.java:logGet(46)) - raft.server.notification.no-leader.timeout = 300s (custom)
2022-07-27 13:52:38,176 [pool-974-thread-1] INFO  server.RaftServerConfigKeys (ConfUtils.java:logGet(46)) - raft.server.log.use.memory = false (default)
2022-07-27 13:52:38,176 [pool-974-thread-1] INFO  server.RaftServerConfigKeys (ConfUtils.java:logGet(46)) - raft.server.log.purge.gap = 1000000 (custom)
2022-07-27 13:52:38,176 [pool-974-thread-1] INFO  server.RaftServerConfigKeys (ConfUtils.java:logGet(46)) - raft.server.log.appender.buffer.byte-limit = 33554432 (custom)
2022-07-27 13:52:38,176 [pool-974-thread-1] INFO  server.RaftServerConfigKeys (ConfUtils.java:logGet(46)) - raft.server.log.statemachine.data.read.timeout = 1000ms (default)
2022-07-27 13:52:38,176 [pool-974-thread-1] INFO  server.RaftServerConfigKeys (ConfUtils.java:logGet(46)) - raft.server.log.segment.size.max = 1048576 (custom)
2022-07-27 13:52:38,176 [pool-974-thread-1] INFO  server.RaftServerConfigKeys (ConfUtils.java:logGet(46)) - raft.server.log.segment.cache.num.max = 2 (custom)
2022-07-27 13:52:38,176 [pool-974-thread-1] INFO  server.RaftServerConfigKeys (ConfUtils.java:logGet(46)) - raft.server.log.segment.cache.size.max = 200MB (=209715200) (default)
2022-07-27 13:52:38,176 [pool-974-thread-1] INFO  segmented.SegmentedRaftLogWorker (SegmentedRaftLogWorker.java:<init>(187)) - new ddf52064-1dff-44ca-a9ae-631cccae887a@group-CFBBD5C41F45-SegmentedRaftLogWorker for RaftStorageImpl:Storage Directory /home/runner/work/ozone/ozone/hadoop-ozone/integration-test/target/test-dir/MiniOzoneClusterImpl-d8681e24-cb86-4f17-9b85-5d83644f9f4f/datanode-4/data/ratis/e60de006-50d8-4140-adfd-cfbbd5c41f45
2022-07-27 13:52:38,176 [pool-974-thread-1] INFO  server.RaftServerConfigKeys (ConfUtils.java:logGet(46)) - raft.server.log.queue.byte-limit = 4294967296 (custom)
2022-07-27 13:52:38,176 [pool-974-thread-1] INFO  server.RaftServerConfigKeys (ConfUtils.java:logGet(46)) - raft.server.log.queue.element-limit = 1024 (custom)
2022-07-27 13:52:38,176 [pool-974-thread-1] INFO  server.RaftServerConfigKeys (ConfUtils.java:logGet(46)) - raft.server.log.segment.size.max = 1048576 (custom)
2022-07-27 13:52:38,176 [pool-974-thread-1] INFO  server.RaftServerConfigKeys (ConfUtils.java:logGet(46)) - raft.server.log.preallocated.size = 16384 (custom)
2022-07-27 13:52:38,177 [pool-974-thread-1] INFO  server.RaftServerConfigKeys (ConfUtils.java:logGet(46)) - raft.server.log.force.sync.num = 128 (default)
2022-07-27 13:52:38,177 [pool-974-thread-1] INFO  server.RaftServerConfigKeys (ConfUtils.java:logGet(46)) - raft.server.log.statemachine.data.sync = true (default)
2022-07-27 13:52:38,177 [pool-974-thread-1] INFO  server.RaftServerConfigKeys (ConfUtils.java:logGet(46)) - raft.server.log.statemachine.data.sync.timeout = 10s (default)
2022-07-27 13:52:38,177 [pool-974-thread-1] INFO  server.RaftServerConfigKeys (ConfUtils.java:logGet(46)) - raft.server.log.statemachine.data.sync.timeout.retry = -1 (default)
2022-07-27 13:52:38,177 [pool-974-thread-1] INFO  server.RaftServerConfigKeys (ConfUtils.java:logGet(46)) - raft.server.log.write.buffer.size = 1048576 (custom)
2022-07-27 13:52:38,178 [pool-974-thread-1] INFO  server.RaftServerConfigKeys (ConfUtils.java:logGet(46)) - raft.server.log.unsafe-flush.enabled = false (default)
2022-07-27 13:52:38,178 [pool-974-thread-1] INFO  server.RaftServerConfigKeys (ConfUtils.java:logGet(46)) - raft.server.log.statemachine.data.caching.enabled = true (custom)
2022-07-27 13:52:38,178 [pool-974-thread-1] INFO  segmented.SegmentedRaftLogWorker (SegmentedRaftLogWorker.java:lambda$new$0(135)) - ddf52064-1dff-44ca-a9ae-631cccae887a@group-CFBBD5C41F45-SegmentedRaftLogWorker: flushIndex: setUnconditionally 0 -> -1
2022-07-27 13:52:38,178 [pool-974-thread-1] INFO  segmented.SegmentedRaftLogWorker (SegmentedRaftLogWorker.java:lambda$new$0(135)) - ddf52064-1dff-44ca-a9ae-631cccae887a@group-CFBBD5C41F45-SegmentedRaftLogWorker: safeCacheEvictIndex: setUnconditionally 0 -> -1
2022-07-27 13:52:38,179 [pool-974-thread-1] INFO  server.RaftServerConfigKeys (ConfUtils.java:logGet(46)) - raft.server.snapshot.auto.trigger.enabled = true (custom)
2022-07-27 13:52:38,179 [pool-974-thread-1] INFO  server.RaftServerConfigKeys (ConfUtils.java:logGet(46)) - raft.server.snapshot.auto.trigger.threshold = 10000 (custom)
2022-07-27 13:52:38,179 [pool-974-thread-1] INFO  server.RaftServerConfigKeys (ConfUtils.java:logGet(46)) - raft.server.snapshot.retention.file.num = 5 (custom)
2022-07-27 13:52:38,179 [pool-974-thread-1] INFO  server.RaftServerConfigKeys (ConfUtils.java:logGet(46)) - raft.server.log.purge.upto.snapshot.index = false (default)
2022-07-27 13:52:38,179 [pool-974-thread-1] INFO  server.RaftServerConfigKeys (ConfUtils.java:logGet(46)) - raft.server.retrycache.expirytime = 600000ms (custom)
2022-07-27 13:52:38,179 [pool-974-thread-1] INFO  server.RaftServerConfigKeys (ConfUtils.java:logGet(46)) - raft.server.retrycache.statistics.expirytime = 100μs (default)
2022-07-27 13:52:38,180 [pool-974-thread-1] INFO  server.RaftServerConfigKeys (ConfUtils.java:logGet(46)) - raft.server.log.appender.install.snapshot.enabled = false (custom)
2022-07-27 13:52:38,180 [pool-974-thread-1] INFO  server.RaftServerConfigKeys (ConfUtils.java:logGet(46)) - raft.server.threadpool.server.cached = true (default)
2022-07-27 13:52:38,180 [pool-974-thread-1] INFO  server.RaftServerConfigKeys (ConfUtils.java:logGet(46)) - raft.server.threadpool.server.size = 0 (default)
2022-07-27 13:52:38,180 [pool-974-thread-1] INFO  server.RaftServerConfigKeys (ConfUtils.java:logGet(46)) - raft.server.threadpool.client.cached = true (default)
2022-07-27 13:52:38,180 [pool-974-thread-1] INFO  server.RaftServerConfigKeys (ConfUtils.java:logGet(46)) - raft.server.threadpool.client.size = 0 (default)
2022-07-27 13:52:38,181 [pool-974-thread-1] INFO  server.RaftServer$Division (RaftServerImpl.java:start(310)) - ddf52064-1dff-44ca-a9ae-631cccae887a@group-CFBBD5C41F45: start as a follower, conf=-1: [ddf52064-1dff-44ca-a9ae-631cccae887a|rpc:10.1.0.21:44959|priority:1], old=null
2022-07-27 13:52:38,181 [pool-974-thread-1] INFO  server.RaftServer$Division (RaftServerImpl.java:setRole(299)) - ddf52064-1dff-44ca-a9ae-631cccae887a@group-CFBBD5C41F45: changes role from      null to FOLLOWER at term 0 for startAsFollower
2022-07-27 13:52:38,181 [pool-974-thread-1] INFO  impl.RoleInfo (RoleInfo.java:updateAndGet(139)) - ddf52064-1dff-44ca-a9ae-631cccae887a: start ddf52064-1dff-44ca-a9ae-631cccae887a@group-CFBBD5C41F45-FollowerState
2022-07-27 13:52:38,183 [pool-974-thread-1] INFO  util.JmxRegister (JmxRegister.java:tryRegister(44)) - Successfully registered JMX Bean with object name Ratis:service=RaftServer,group=group-CFBBD5C41F45,id=ddf52064-1dff-44ca-a9ae-631cccae887a
2022-07-27 13:52:38,184 [Command processor thread] INFO  ratis.XceiverServerRatis (XceiverServerRatis.java:addGroup(765)) - Created group PipelineID=e60de006-50d8-4140-adfd-cfbbd5c41f45
2022-07-27 13:52:38,184 [Command processor thread] INFO  commandhandler.CreatePipelineCommandHandler (CreatePipelineCommandHandler.java:handle(113)) - Created Pipeline RATIS ONE PipelineID=e60de006-50d8-4140-adfd-cfbbd5c41f45.
2022-07-27 13:52:38,195 [EventQueue-PipelineReportForPipelineReportHandler] INFO  pipeline.PipelineManagerImpl (PipelineManagerImpl.java:openPipeline(367)) - Pipeline Pipeline[ Id: e60de006-50d8-4140-adfd-cfbbd5c41f45, Nodes: ddf52064-1dff-44ca-a9ae-631cccae887a{ip: 10.1.0.21, host: fv-az217-261.5fhmivlnczbevhjmk01nzrxweh.bx.internal.cloudapp.net, ports: [REPLICATION=37345, RATIS=44959, RATIS_ADMIN=44959, RATIS_SERVER=44959, STANDALONE=45205], networkLocation: /default-rack, certSerialId: null, persistedOpState: IN_SERVICE, persistedOpStateExpiryEpochSec: 0}, ReplicationConfig: RATIS/ONE, State:ALLOCATED, leaderId:ddf52064-1dff-44ca-a9ae-631cccae887a, CreationTimestamp2022-07-27T13:52:35.119Z[Etc/UTC]] moved to OPEN state
2022-07-27 13:52:38,196 [EventQueue-OpenPipelineForHealthyPipelineSafeModeRule] INFO  safemode.SCMSafeModeManager (HealthyPipelineSafeModeRule.java:process(137)) - SCM in safe mode. Healthy pipelines reported count is 0, required healthy pipeline reported count is 1
2022-07-27 13:52:38,963 [300bc6a6-ac9b-494f-ba5e-9b5cd40f574a@group-96A6433D2308-FollowerState] INFO  impl.FollowerState (FollowerState.java:run(143)) - 300bc6a6-ac9b-494f-ba5e-9b5cd40f574a@group-96A6433D2308-FollowerState: change to CANDIDATE, lastRpcElapsedTime:5027840607ns, electionTimeout:5004ms
2022-07-27 13:52:38,963 [300bc6a6-ac9b-494f-ba5e-9b5cd40f574a@group-96A6433D2308-FollowerState] INFO  impl.RoleInfo (RoleInfo.java:shutdownFollowerState(110)) - 300bc6a6-ac9b-494f-ba5e-9b5cd40f574a: shutdown 300bc6a6-ac9b-494f-ba5e-9b5cd40f574a@group-96A6433D2308-FollowerState
2022-07-27 13:52:38,963 [300bc6a6-ac9b-494f-ba5e-9b5cd40f574a@group-96A6433D2308-FollowerState] INFO  server.RaftServer$Division (RaftServerImpl.java:setRole(299)) - 300bc6a6-ac9b-494f-ba5e-9b5cd40f574a@group-96A6433D2308: changes role from  FOLLOWER to CANDIDATE at term 0 for changeToCandidate
2022-07-27 13:52:38,964 [300bc6a6-ac9b-494f-ba5e-9b5cd40f574a@group-96A6433D2308-FollowerState] INFO  server.RaftServerConfigKeys (ConfUtils.java:logGet(46)) - raft.server.leaderelection.pre-vote = false (custom)
2022-07-27 13:52:38,964 [300bc6a6-ac9b-494f-ba5e-9b5cd40f574a@group-96A6433D2308-FollowerState] INFO  impl.RoleInfo (RoleInfo.java:updateAndGet(139)) - 300bc6a6-ac9b-494f-ba5e-9b5cd40f574a: start 300bc6a6-ac9b-494f-ba5e-9b5cd40f574a@group-96A6433D2308-LeaderElection35
2022-07-27 13:52:39,017 [300bc6a6-ac9b-494f-ba5e-9b5cd40f574a@group-96A6433D2308-LeaderElection35] INFO  impl.LeaderElection (LeaderElection.java:askForVotes(310)) - 300bc6a6-ac9b-494f-ba5e-9b5cd40f574a@group-96A6433D2308-LeaderElection35 ELECTION round 0: submit vote requests at term 1 for -1: [300bc6a6-ac9b-494f-ba5e-9b5cd40f574a|rpc:10.1.0.21:35611|priority:1], old=null
2022-07-27 13:52:39,017 [300bc6a6-ac9b-494f-ba5e-9b5cd40f574a@group-96A6433D2308-LeaderElection35] INFO  impl.LeaderElection (LeaderElection.java:askForVotes(312)) - 300bc6a6-ac9b-494f-ba5e-9b5cd40f574a@group-96A6433D2308-LeaderElection35 ELECTION round 0: result PASSED (term=1)
2022-07-27 13:52:39,017 [300bc6a6-ac9b-494f-ba5e-9b5cd40f574a@group-96A6433D2308-LeaderElection35] INFO  impl.RoleInfo (RoleInfo.java:shutdownLeaderElection(130)) - 300bc6a6-ac9b-494f-ba5e-9b5cd40f574a: shutdown 300bc6a6-ac9b-494f-ba5e-9b5cd40f574a@group-96A6433D2308-LeaderElection35
2022-07-27 13:52:39,017 [300bc6a6-ac9b-494f-ba5e-9b5cd40f574a@group-96A6433D2308-LeaderElection35] INFO  server.RaftServer$Division (RaftServerImpl.java:setRole(299)) - 300bc6a6-ac9b-494f-ba5e-9b5cd40f574a@group-96A6433D2308: changes role from CANDIDATE to LEADER at term 1 for changeToLeader
2022-07-27 13:52:39,017 [300bc6a6-ac9b-494f-ba5e-9b5cd40f574a@group-96A6433D2308-LeaderElection35] INFO  ratis.XceiverServerRatis (XceiverServerRatis.java:handleLeaderChangedNotification(863)) - Leader change notification received for group: group-96A6433D2308 with new leaderId: 300bc6a6-ac9b-494f-ba5e-9b5cd40f574a
2022-07-27 13:52:39,017 [300bc6a6-ac9b-494f-ba5e-9b5cd40f574a@group-96A6433D2308-LeaderElection35] INFO  server.RaftServer$Division (ServerState.java:setLeader(287)) - 300bc6a6-ac9b-494f-ba5e-9b5cd40f574a@group-96A6433D2308: change Leader from null to 300bc6a6-ac9b-494f-ba5e-9b5cd40f574a at term 1 for becomeLeader, leader elected after 5138ms
2022-07-27 13:52:39,017 [300bc6a6-ac9b-494f-ba5e-9b5cd40f574a@group-96A6433D2308-LeaderElection35] INFO  server.RaftServerConfigKeys (ConfUtils.java:logGet(46)) - raft.server.staging.catchup.gap = 1000 (default)
2022-07-27 13:52:39,017 [300bc6a6-ac9b-494f-ba5e-9b5cd40f574a@group-96A6433D2308-LeaderElection35] INFO  server.RaftServerConfigKeys (ConfUtils.java:logGet(46)) - raft.server.write.element-limit = 1024 (custom)
2022-07-27 13:52:39,018 [300bc6a6-ac9b-494f-ba5e-9b5cd40f574a@group-96A6433D2308-LeaderElection35] INFO  server.RaftServerConfigKeys (ConfUtils.java:logGet(46)) - raft.server.write.byte-limit = 1024 M (=1073741824) (custom)
2022-07-27 13:52:39,018 [300bc6a6-ac9b-494f-ba5e-9b5cd40f574a@group-96A6433D2308-LeaderElection35] INFO  server.RaftServerConfigKeys (ConfUtils.java:logGet(46)) - raft.server.watch.timeout = 180s (custom)
2022-07-27 13:52:39,018 [300bc6a6-ac9b-494f-ba5e-9b5cd40f574a@group-96A6433D2308-LeaderElection35] INFO  server.RaftServerConfigKeys (ConfUtils.java:logGet(46)) - raft.server.watch.timeout.denomination = 1s (default)
2022-07-27 13:52:39,018 [300bc6a6-ac9b-494f-ba5e-9b5cd40f574a@group-96A6433D2308-LeaderElection35] INFO  server.RaftServerConfigKeys (ConfUtils.java:logGet(46)) - raft.server.watch.element-limit = 65536 (default)
2022-07-27 13:52:39,018 [EventQueue-OpenPipelineForHealthyPipelineSafeModeRule] INFO  safemode.SCMSafeModeManager (HealthyPipelineSafeModeRule.java:process(137)) - SCM in safe mode. Healthy pipelines reported count is 0, required healthy pipeline reported count is 1
2022-07-27 13:52:39,018 [300bc6a6-ac9b-494f-ba5e-9b5cd40f574a@group-96A6433D2308-LeaderElection35] INFO  server.RaftServerConfigKeys (ConfUtils.java:logGet(46)) - raft.server.write.element-limit = 1024 (custom)
2022-07-27 13:52:39,018 [300bc6a6-ac9b-494f-ba5e-9b5cd40f574a@group-96A6433D2308-LeaderElection35] INFO  server.RaftServerConfigKeys (ConfUtils.java:logGet(46)) - raft.server.write.follower.gap.ratio.max = -1.0 (default)
2022-07-27 13:52:39,020 [300bc6a6-ac9b-494f-ba5e-9b5cd40f574a@group-96A6433D2308-LeaderElection35] INFO  impl.RoleInfo (RoleInfo.java:updateAndGet(139)) - 300bc6a6-ac9b-494f-ba5e-9b5cd40f574a: start 300bc6a6-ac9b-494f-ba5e-9b5cd40f574a@group-96A6433D2308-LeaderStateImpl
2022-07-27 13:52:39,020 [300bc6a6-ac9b-494f-ba5e-9b5cd40f574a@group-96A6433D2308-LeaderElection35] INFO  segmented.SegmentedRaftLogWorker (SegmentedRaftLogWorker.java:startLogSegment(425)) - 300bc6a6-ac9b-494f-ba5e-9b5cd40f574a@group-96A6433D2308-SegmentedRaftLogWorker: Starting segment from index:0
2022-07-27 13:52:39,051 [300bc6a6-ac9b-494f-ba5e-9b5cd40f574a@group-96A6433D2308-LeaderElection35] INFO  server.RaftServer$Division (ServerState.java:setRaftConf(393)) - 300bc6a6-ac9b-494f-ba5e-9b5cd40f574a@group-96A6433D2308: set configuration 0: [300bc6a6-ac9b-494f-ba5e-9b5cd40f574a|rpc:10.1.0.21:35611|dataStream:|priority:1], old=null
2022-07-27 13:52:39,053 [300bc6a6-ac9b-494f-ba5e-9b5cd40f574a@group-96A6433D2308-SegmentedRaftLogWorker] INFO  segmented.SegmentedRaftLogWorker (SegmentedRaftLogWorker.java:execute(629)) - 300bc6a6-ac9b-494f-ba5e-9b5cd40f574a@group-96A6433D2308-SegmentedRaftLogWorker: created new log segment /home/runner/work/ozone/ozone/hadoop-ozone/integration-test/target/test-dir/MiniOzoneClusterImpl-d8681e24-cb86-4f17-9b85-5d83644f9f4f/datanode-0/data/ratis/0256aeb6-dd9f-4f39-b717-96a6433d2308/current/log_inprogress_0
2022-07-27 13:52:39,080 [Listener at 127.0.0.1/34829] INFO  ozone.MiniOzoneClusterImpl (MiniOzoneClusterImpl.java:lambda$waitForClusterToBeReady$0(216)) - Nodes are ready. Got 5 of 5 DN Heartbeats.
2022-07-27 13:52:39,080 [Listener at 127.0.0.1/34829] INFO  ozone.MiniOzoneClusterImpl (MiniOzoneClusterImpl.java:lambda$waitForClusterToBeReady$0(219)) - Waiting for cluster to exit safe mode
2022-07-27 13:52:39,080 [Listener at 127.0.0.1/34829] INFO  ozone.MiniOzoneClusterImpl (MiniOzoneClusterImpl.java:lambda$waitForClusterToBeReady$0(221)) - SCM became leader
2022-07-27 13:52:39,114 [300bc6a6-ac9b-494f-ba5e-9b5cd40f574a@group-4AB8ADFB4942-FollowerState] INFO  impl.FollowerState (FollowerState.java:run(143)) - 300bc6a6-ac9b-494f-ba5e-9b5cd40f574a@group-4AB8ADFB4942-FollowerState: change to CANDIDATE, lastRpcElapsedTime:5108344419ns, electionTimeout:5099ms
2022-07-27 13:52:39,114 [300bc6a6-ac9b-494f-ba5e-9b5cd40f574a@group-4AB8ADFB4942-FollowerState] INFO  impl.RoleInfo (RoleInfo.java:shutdownFollowerState(110)) - 300bc6a6-ac9b-494f-ba5e-9b5cd40f574a: shutdown 300bc6a6-ac9b-494f-ba5e-9b5cd40f574a@group-4AB8ADFB4942-FollowerState
2022-07-27 13:52:39,114 [300bc6a6-ac9b-494f-ba5e-9b5cd40f574a@group-4AB8ADFB4942-FollowerState] INFO  server.RaftServer$Division (RaftServerImpl.java:setRole(299)) - 300bc6a6-ac9b-494f-ba5e-9b5cd40f574a@group-4AB8ADFB4942: changes role from  FOLLOWER to CANDIDATE at term 0 for changeToCandidate
2022-07-27 13:52:39,114 [300bc6a6-ac9b-494f-ba5e-9b5cd40f574a@group-4AB8ADFB4942-FollowerState] INFO  server.RaftServerConfigKeys (ConfUtils.java:logGet(46)) - raft.server.leaderelection.pre-vote = false (custom)
2022-07-27 13:52:39,114 [300bc6a6-ac9b-494f-ba5e-9b5cd40f574a@group-4AB8ADFB4942-FollowerState] INFO  impl.RoleInfo (RoleInfo.java:updateAndGet(139)) - 300bc6a6-ac9b-494f-ba5e-9b5cd40f574a: start 300bc6a6-ac9b-494f-ba5e-9b5cd40f574a@group-4AB8ADFB4942-LeaderElection36
2022-07-27 13:52:39,155 [300bc6a6-ac9b-494f-ba5e-9b5cd40f574a@group-4AB8ADFB4942-LeaderElection36] INFO  impl.LeaderElection (LeaderElection.java:askForVotes(310)) - 300bc6a6-ac9b-494f-ba5e-9b5cd40f574a@group-4AB8ADFB4942-LeaderElection36 ELECTION round 0: submit vote requests at term 1 for -1: [300bc6a6-ac9b-494f-ba5e-9b5cd40f574a|rpc:10.1.0.21:35611|priority:0, 58deb1ea-3cfa-40e5-9635-0b83604fd255|rpc:10.1.0.21:32883|priority:0, ddca7a03-388a-498e-af9c-b33aa01d2ce7|rpc:10.1.0.21:36561|priority:1], old=null
2022-07-27 13:52:39,186 [grpc-default-executor-0] INFO  server.RaftServer$Division (RaftServerImpl.java:requestVote(1152)) - 58deb1ea-3cfa-40e5-9635-0b83604fd255@group-4AB8ADFB4942: receive requestVote(ELECTION, 300bc6a6-ac9b-494f-ba5e-9b5cd40f574a, group-4AB8ADFB4942, 1, (t:0, i:0))
2022-07-27 13:52:39,186 [grpc-default-executor-0] INFO  impl.VoteContext (VoteContext.java:log(48)) - 58deb1ea-3cfa-40e5-9635-0b83604fd255@group-4AB8ADFB4942-FOLLOWER: accept ELECTION from 300bc6a6-ac9b-494f-ba5e-9b5cd40f574a: our priority 0 <= candidate's priority 0
2022-07-27 13:52:39,186 [grpc-default-executor-0] INFO  server.RaftServer$Division (RaftServerImpl.java:setRole(299)) - 58deb1ea-3cfa-40e5-9635-0b83604fd255@group-4AB8ADFB4942: changes role from  FOLLOWER to FOLLOWER at term 1 for candidate:300bc6a6-ac9b-494f-ba5e-9b5cd40f574a
2022-07-27 13:52:39,186 [grpc-default-executor-0] INFO  impl.RoleInfo (RoleInfo.java:shutdownFollowerState(110)) - 58deb1ea-3cfa-40e5-9635-0b83604fd255: shutdown 58deb1ea-3cfa-40e5-9635-0b83604fd255@group-4AB8ADFB4942-FollowerState
2022-07-27 13:52:39,186 [grpc-default-executor-0] INFO  impl.RoleInfo (RoleInfo.java:updateAndGet(139)) - 58deb1ea-3cfa-40e5-9635-0b83604fd255: start 58deb1ea-3cfa-40e5-9635-0b83604fd255@group-4AB8ADFB4942-FollowerState
2022-07-27 13:52:39,186 [58deb1ea-3cfa-40e5-9635-0b83604fd255@group-4AB8ADFB4942-FollowerState] INFO  impl.FollowerState (FollowerState.java:run(152)) - 58deb1ea-3cfa-40e5-9635-0b83604fd255@group-4AB8ADFB4942-FollowerState was interrupted
2022-07-27 13:52:39,195 [grpc-default-executor-0] INFO  server.RaftServer$Division (RaftServerImpl.java:requestVote(1184)) - 58deb1ea-3cfa-40e5-9635-0b83604fd255@group-4AB8ADFB4942 replies to ELECTION vote request: 300bc6a6-ac9b-494f-ba5e-9b5cd40f574a<-58deb1ea-3cfa-40e5-9635-0b83604fd255#0:OK-t1. Peer's state: 58deb1ea-3cfa-40e5-9635-0b83604fd255@group-4AB8ADFB4942:t1, leader=null, voted=300bc6a6-ac9b-494f-ba5e-9b5cd40f574a, raftlog=58deb1ea-3cfa-40e5-9635-0b83604fd255@group-4AB8ADFB4942-SegmentedRaftLog:OPENED:c-1, conf=-1: [300bc6a6-ac9b-494f-ba5e-9b5cd40f574a|rpc:10.1.0.21:35611|dataStream:|priority:0, 58deb1ea-3cfa-40e5-9635-0b83604fd255|rpc:10.1.0.21:32883|dataStream:|priority:0, ddca7a03-388a-498e-af9c-b33aa01d2ce7|rpc:10.1.0.21:36561|dataStream:|priority:1], old=null
2022-07-27 13:52:39,258 [grpc-default-executor-0] INFO  server.RaftServer$Division (RaftServerImpl.java:requestVote(1152)) - ddca7a03-388a-498e-af9c-b33aa01d2ce7@group-4AB8ADFB4942: receive requestVote(ELECTION, 300bc6a6-ac9b-494f-ba5e-9b5cd40f574a, group-4AB8ADFB4942, 1, (t:0, i:0))
2022-07-27 13:52:39,258 [grpc-default-executor-0] INFO  impl.VoteContext (VoteContext.java:log(48)) - ddca7a03-388a-498e-af9c-b33aa01d2ce7@group-4AB8ADFB4942-FOLLOWER: reject ELECTION from 300bc6a6-ac9b-494f-ba5e-9b5cd40f574a: our priority 1 > candidate's priority 0
2022-07-27 13:52:39,258 [grpc-default-executor-0] INFO  server.RaftServer$Division (RaftServerImpl.java:setRole(299)) - ddca7a03-388a-498e-af9c-b33aa01d2ce7@group-4AB8ADFB4942: changes role from  FOLLOWER to FOLLOWER at term 1 for candidate:300bc6a6-ac9b-494f-ba5e-9b5cd40f574a
2022-07-27 13:52:39,258 [grpc-default-executor-0] INFO  impl.RoleInfo (RoleInfo.java:shutdownFollowerState(110)) - ddca7a03-388a-498e-af9c-b33aa01d2ce7: shutdown ddca7a03-388a-498e-af9c-b33aa01d2ce7@group-4AB8ADFB4942-FollowerState
2022-07-27 13:52:39,258 [grpc-default-executor-0] INFO  impl.RoleInfo (RoleInfo.java:updateAndGet(139)) - ddca7a03-388a-498e-af9c-b33aa01d2ce7: start ddca7a03-388a-498e-af9c-b33aa01d2ce7@group-4AB8ADFB4942-FollowerState
2022-07-27 13:52:39,259 [ddca7a03-388a-498e-af9c-b33aa01d2ce7@group-4AB8ADFB4942-FollowerState] INFO  impl.FollowerState (FollowerState.java:run(152)) - ddca7a03-388a-498e-af9c-b33aa01d2ce7@group-4AB8ADFB4942-FollowerState was interrupted
2022-07-27 13:52:39,301 [grpc-default-executor-0] INFO  server.RaftServer$Division (RaftServerImpl.java:requestVote(1184)) - ddca7a03-388a-498e-af9c-b33aa01d2ce7@group-4AB8ADFB4942 replies to ELECTION vote request: 300bc6a6-ac9b-494f-ba5e-9b5cd40f574a<-ddca7a03-388a-498e-af9c-b33aa01d2ce7#0:FAIL-t1. Peer's state: ddca7a03-388a-498e-af9c-b33aa01d2ce7@group-4AB8ADFB4942:t1, leader=null, voted=null, raftlog=ddca7a03-388a-498e-af9c-b33aa01d2ce7@group-4AB8ADFB4942-SegmentedRaftLog:OPENED:c-1, conf=-1: [300bc6a6-ac9b-494f-ba5e-9b5cd40f574a|rpc:10.1.0.21:35611|dataStream:|priority:0, 58deb1ea-3cfa-40e5-9635-0b83604fd255|rpc:10.1.0.21:32883|dataStream:|priority:0, ddca7a03-388a-498e-af9c-b33aa01d2ce7|rpc:10.1.0.21:36561|dataStream:|priority:1], old=null
2022-07-27 13:52:39,304 [300bc6a6-ac9b-494f-ba5e-9b5cd40f574a@group-4AB8ADFB4942-LeaderElection36] INFO  impl.LeaderElection (LeaderElection.java:logAndReturn(90)) - 300bc6a6-ac9b-494f-ba5e-9b5cd40f574a@group-4AB8ADFB4942-LeaderElection36: ELECTION REJECTED received 2 response(s) and 0 exception(s):
2022-07-27 13:52:39,304 [300bc6a6-ac9b-494f-ba5e-9b5cd40f574a@group-4AB8ADFB4942-LeaderElection36] INFO  impl.LeaderElection (LeaderElection.java:logAndReturn(94)) -   Response 0: 300bc6a6-ac9b-494f-ba5e-9b5cd40f574a<-58deb1ea-3cfa-40e5-9635-0b83604fd255#0:OK-t1
2022-07-27 13:52:39,304 [300bc6a6-ac9b-494f-ba5e-9b5cd40f574a@group-4AB8ADFB4942-LeaderElection36] INFO  impl.LeaderElection (LeaderElection.java:logAndReturn(94)) -   Response 1: 300bc6a6-ac9b-494f-ba5e-9b5cd40f574a<-ddca7a03-388a-498e-af9c-b33aa01d2ce7#0:FAIL-t1
2022-07-27 13:52:39,304 [300bc6a6-ac9b-494f-ba5e-9b5cd40f574a@group-4AB8ADFB4942-LeaderElection36] INFO  impl.LeaderElection (LeaderElection.java:askForVotes(312)) - 300bc6a6-ac9b-494f-ba5e-9b5cd40f574a@group-4AB8ADFB4942-LeaderElection36 ELECTION round 0: result REJECTED
2022-07-27 13:52:39,304 [300bc6a6-ac9b-494f-ba5e-9b5cd40f574a@group-4AB8ADFB4942-LeaderElection36] INFO  server.RaftServer$Division (RaftServerImpl.java:setRole(299)) - 300bc6a6-ac9b-494f-ba5e-9b5cd40f574a@group-4AB8ADFB4942: changes role from CANDIDATE to FOLLOWER at term 1 for REJECTED
2022-07-27 13:52:39,304 [300bc6a6-ac9b-494f-ba5e-9b5cd40f574a@group-4AB8ADFB4942-LeaderElection36] INFO  impl.RoleInfo (RoleInfo.java:shutdownLeaderElection(130)) - 300bc6a6-ac9b-494f-ba5e-9b5cd40f574a: shutdown 300bc6a6-ac9b-494f-ba5e-9b5cd40f574a@group-4AB8ADFB4942-LeaderElection36
2022-07-27 13:52:39,304 [300bc6a6-ac9b-494f-ba5e-9b5cd40f574a@group-4AB8ADFB4942-LeaderElection36] INFO  impl.RoleInfo (RoleInfo.java:updateAndGet(139)) - 300bc6a6-ac9b-494f-ba5e-9b5cd40f574a: start 300bc6a6-ac9b-494f-ba5e-9b5cd40f574a@group-4AB8ADFB4942-FollowerState
2022-07-27 13:52:39,507 [UnderReplicatedQueueThreadThread] INFO  replication.UnderReplicatedProcessor (UnderReplicatedProcessor.java:processAll(85)) - Processed 0 under replicated containers, failed processing 0
2022-07-27 13:52:39,516 [OverReplicatedQueueThreadThread] INFO  replication.OverReplicatedProcessor (OverReplicatedProcessor.java:processAll(83)) - Processed 0 over replicated containers, failed processing 0
2022-07-27 13:52:39,525 [300bc6a6-ac9b-494f-ba5e-9b5cd40f574a@group-5E5AA6CD42E4-FollowerState] INFO  impl.FollowerState (FollowerState.java:run(143)) - 300bc6a6-ac9b-494f-ba5e-9b5cd40f574a@group-5E5AA6CD42E4-FollowerState: change to CANDIDATE, lastRpcElapsedTime:5088580142ns, electionTimeout:5054ms
2022-07-27 13:52:39,525 [300bc6a6-ac9b-494f-ba5e-9b5cd40f574a@group-5E5AA6CD42E4-FollowerState] INFO  impl.RoleInfo (RoleInfo.java:shutdownFollowerState(110)) - 300bc6a6-ac9b-494f-ba5e-9b5cd40f574a: shutdown 300bc6a6-ac9b-494f-ba5e-9b5cd40f574a@group-5E5AA6CD42E4-FollowerState
2022-07-27 13:52:39,525 [300bc6a6-ac9b-494f-ba5e-9b5cd40f574a@group-5E5AA6CD42E4-FollowerState] INFO  server.RaftServer$Division (RaftServerImpl.java:setRole(299)) - 300bc6a6-ac9b-494f-ba5e-9b5cd40f574a@group-5E5AA6CD42E4: changes role from  FOLLOWER to CANDIDATE at term 0 for changeToCandidate
2022-07-27 13:52:39,525 [300bc6a6-ac9b-494f-ba5e-9b5cd40f574a@group-5E5AA6CD42E4-FollowerState] INFO  server.RaftServerConfigKeys (ConfUtils.java:logGet(46)) - raft.server.leaderelection.pre-vote = false (custom)
2022-07-27 13:52:39,525 [300bc6a6-ac9b-494f-ba5e-9b5cd40f574a@group-5E5AA6CD42E4-FollowerState] INFO  impl.RoleInfo (RoleInfo.java:updateAndGet(139)) - 300bc6a6-ac9b-494f-ba5e-9b5cd40f574a: start 300bc6a6-ac9b-494f-ba5e-9b5cd40f574a@group-5E5AA6CD42E4-LeaderElection37
2022-07-27 13:52:39,548 [300bc6a6-ac9b-494f-ba5e-9b5cd40f574a@group-5E5AA6CD42E4-LeaderElection37] INFO  impl.LeaderElection (LeaderElection.java:askForVotes(310)) - 300bc6a6-ac9b-494f-ba5e-9b5cd40f574a@group-5E5AA6CD42E4-LeaderElection37 ELECTION round 0: submit vote requests at term 1 for -1: [300bc6a6-ac9b-494f-ba5e-9b5cd40f574a|rpc:10.1.0.21:35611|priority:0, 58deb1ea-3cfa-40e5-9635-0b83604fd255|rpc:10.1.0.21:32883|priority:1, ddca7a03-388a-498e-af9c-b33aa01d2ce7|rpc:10.1.0.21:36561|priority:0], old=null
2022-07-27 13:52:39,572 [grpc-default-executor-0] INFO  server.RaftServer$Division (RaftServerImpl.java:requestVote(1152)) - 58deb1ea-3cfa-40e5-9635-0b83604fd255@group-5E5AA6CD42E4: receive requestVote(ELECTION, 300bc6a6-ac9b-494f-ba5e-9b5cd40f574a, group-5E5AA6CD42E4, 1, (t:0, i:0))
2022-07-27 13:52:39,572 [grpc-default-executor-0] INFO  impl.VoteContext (VoteContext.java:log(48)) - 58deb1ea-3cfa-40e5-9635-0b83604fd255@group-5E5AA6CD42E4-FOLLOWER: reject ELECTION from 300bc6a6-ac9b-494f-ba5e-9b5cd40f574a: our priority 1 > candidate's priority 0
2022-07-27 13:52:39,572 [grpc-default-executor-0] INFO  server.RaftServer$Division (RaftServerImpl.java:setRole(299)) - 58deb1ea-3cfa-40e5-9635-0b83604fd255@group-5E5AA6CD42E4: changes role from  FOLLOWER to FOLLOWER at term 1 for candidate:300bc6a6-ac9b-494f-ba5e-9b5cd40f574a
2022-07-27 13:52:39,572 [grpc-default-executor-0] INFO  impl.RoleInfo (RoleInfo.java:shutdownFollowerState(110)) - 58deb1ea-3cfa-40e5-9635-0b83604fd255: shutdown 58deb1ea-3cfa-40e5-9635-0b83604fd255@group-5E5AA6CD42E4-FollowerState
2022-07-27 13:52:39,573 [grpc-default-executor-0] INFO  impl.RoleInfo (RoleInfo.java:updateAndGet(139)) - 58deb1ea-3cfa-40e5-9635-0b83604fd255: start 58deb1ea-3cfa-40e5-9635-0b83604fd255@group-5E5AA6CD42E4-FollowerState
2022-07-27 13:52:39,575 [58deb1ea-3cfa-40e5-9635-0b83604fd255@group-5E5AA6CD42E4-FollowerState] INFO  impl.FollowerState (FollowerState.java:run(152)) - 58deb1ea-3cfa-40e5-9635-0b83604fd255@group-5E5AA6CD42E4-FollowerState was interrupted
2022-07-27 13:52:39,613 [grpc-default-executor-0] INFO  server.RaftServer$Division (RaftServerImpl.java:requestVote(1184)) - 58deb1ea-3cfa-40e5-9635-0b83604fd255@group-5E5AA6CD42E4 replies to ELECTION vote request: 300bc6a6-ac9b-494f-ba5e-9b5cd40f574a<-58deb1ea-3cfa-40e5-9635-0b83604fd255#0:FAIL-t1. Peer's state: 58deb1ea-3cfa-40e5-9635-0b83604fd255@group-5E5AA6CD42E4:t1, leader=null, voted=null, raftlog=58deb1ea-3cfa-40e5-9635-0b83604fd255@group-5E5AA6CD42E4-SegmentedRaftLog:OPENED:c-1, conf=-1: [300bc6a6-ac9b-494f-ba5e-9b5cd40f574a|rpc:10.1.0.21:35611|dataStream:|priority:0, 58deb1ea-3cfa-40e5-9635-0b83604fd255|rpc:10.1.0.21:32883|dataStream:|priority:1, ddca7a03-388a-498e-af9c-b33aa01d2ce7|rpc:10.1.0.21:36561|dataStream:|priority:0], old=null
2022-07-27 13:52:39,627 [300bc6a6-ac9b-494f-ba5e-9b5cd40f574a@group-5E5AA6CD42E4-LeaderElection37] INFO  impl.LeaderElection (LeaderElection.java:logAndReturn(90)) - 300bc6a6-ac9b-494f-ba5e-9b5cd40f574a@group-5E5AA6CD42E4-LeaderElection37: ELECTION REJECTED received 1 response(s) and 0 exception(s):
2022-07-27 13:52:39,627 [300bc6a6-ac9b-494f-ba5e-9b5cd40f574a@group-5E5AA6CD42E4-LeaderElection37] INFO  impl.LeaderElection (LeaderElection.java:logAndReturn(94)) -   Response 0: 300bc6a6-ac9b-494f-ba5e-9b5cd40f574a<-58deb1ea-3cfa-40e5-9635-0b83604fd255#0:FAIL-t1
2022-07-27 13:52:39,627 [300bc6a6-ac9b-494f-ba5e-9b5cd40f574a@group-5E5AA6CD42E4-LeaderElection37] INFO  impl.LeaderElection (LeaderElection.java:askForVotes(312)) - 300bc6a6-ac9b-494f-ba5e-9b5cd40f574a@group-5E5AA6CD42E4-LeaderElection37 ELECTION round 0: result REJECTED
2022-07-27 13:52:39,627 [300bc6a6-ac9b-494f-ba5e-9b5cd40f574a@group-5E5AA6CD42E4-LeaderElection37] INFO  server.RaftServer$Division (RaftServerImpl.java:setRole(299)) - 300bc6a6-ac9b-494f-ba5e-9b5cd40f574a@group-5E5AA6CD42E4: changes role from CANDIDATE to FOLLOWER at term 1 for REJECTED
2022-07-27 13:52:39,627 [300bc6a6-ac9b-494f-ba5e-9b5cd40f574a@group-5E5AA6CD42E4-LeaderElection37] INFO  impl.RoleInfo (RoleInfo.java:shutdownLeaderElection(130)) - 300bc6a6-ac9b-494f-ba5e-9b5cd40f574a: shutdown 300bc6a6-ac9b-494f-ba5e-9b5cd40f574a@group-5E5AA6CD42E4-LeaderElection37
2022-07-27 13:52:39,627 [300bc6a6-ac9b-494f-ba5e-9b5cd40f574a@group-5E5AA6CD42E4-LeaderElection37] INFO  impl.RoleInfo (RoleInfo.java:updateAndGet(139)) - 300bc6a6-ac9b-494f-ba5e-9b5cd40f574a: start 300bc6a6-ac9b-494f-ba5e-9b5cd40f574a@group-5E5AA6CD42E4-FollowerState
2022-07-27 13:52:39,636 [grpc-default-executor-1] INFO  server.RaftServer$Division (RaftServerImpl.java:requestVote(1152)) - ddca7a03-388a-498e-af9c-b33aa01d2ce7@group-5E5AA6CD42E4: receive requestVote(ELECTION, 300bc6a6-ac9b-494f-ba5e-9b5cd40f574a, group-5E5AA6CD42E4, 1, (t:0, i:0))
2022-07-27 13:52:39,636 [grpc-default-executor-1] INFO  impl.VoteContext (VoteContext.java:log(48)) - ddca7a03-388a-498e-af9c-b33aa01d2ce7@group-5E5AA6CD42E4-FOLLOWER: accept ELECTION from 300bc6a6-ac9b-494f-ba5e-9b5cd40f574a: our priority 0 <= candidate's priority 0
2022-07-27 13:52:39,636 [grpc-default-executor-1] INFO  server.RaftServer$Division (RaftServerImpl.java:setRole(299)) - ddca7a03-388a-498e-af9c-b33aa01d2ce7@group-5E5AA6CD42E4: changes role from  FOLLOWER to FOLLOWER at term 1 for candidate:300bc6a6-ac9b-494f-ba5e-9b5cd40f574a
2022-07-27 13:52:39,636 [grpc-default-executor-1] INFO  impl.RoleInfo (RoleInfo.java:shutdownFollowerState(110)) - ddca7a03-388a-498e-af9c-b33aa01d2ce7: shutdown ddca7a03-388a-498e-af9c-b33aa01d2ce7@group-5E5AA6CD42E4-FollowerState
2022-07-27 13:52:39,637 [grpc-default-executor-1] INFO  impl.RoleInfo (RoleInfo.java:updateAndGet(139)) - ddca7a03-388a-498e-af9c-b33aa01d2ce7: start ddca7a03-388a-498e-af9c-b33aa01d2ce7@group-5E5AA6CD42E4-FollowerState
2022-07-27 13:52:39,639 [ddca7a03-388a-498e-af9c-b33aa01d2ce7@group-5E5AA6CD42E4-FollowerState] INFO  impl.FollowerState (FollowerState.java:run(152)) - ddca7a03-388a-498e-af9c-b33aa01d2ce7@group-5E5AA6CD42E4-FollowerState was interrupted
2022-07-27 13:52:39,651 [grpc-default-executor-1] INFO  server.RaftServer$Division (RaftServerImpl.java:requestVote(1184)) - ddca7a03-388a-498e-af9c-b33aa01d2ce7@group-5E5AA6CD42E4 replies to ELECTION vote request: 300bc6a6-ac9b-494f-ba5e-9b5cd40f574a<-ddca7a03-388a-498e-af9c-b33aa01d2ce7#0:OK-t1. Peer's state: ddca7a03-388a-498e-af9c-b33aa01d2ce7@group-5E5AA6CD42E4:t1, leader=null, voted=300bc6a6-ac9b-494f-ba5e-9b5cd40f574a, raftlog=ddca7a03-388a-498e-af9c-b33aa01d2ce7@group-5E5AA6CD42E4-SegmentedRaftLog:OPENED:c-1, conf=-1: [300bc6a6-ac9b-494f-ba5e-9b5cd40f574a|rpc:10.1.0.21:35611|dataStream:|priority:0, 58deb1ea-3cfa-40e5-9635-0b83604fd255|rpc:10.1.0.21:32883|dataStream:|priority:1, ddca7a03-388a-498e-af9c-b33aa01d2ce7|rpc:10.1.0.21:36561|dataStream:|priority:0], old=null
2022-07-27 13:52:39,944 [58deb1ea-3cfa-40e5-9635-0b83604fd255@group-95F293340380-FollowerState] INFO  impl.FollowerState (FollowerState.java:run(143)) - 58deb1ea-3cfa-40e5-9635-0b83604fd255@group-95F293340380-FollowerState: change to CANDIDATE, lastRpcElapsedTime:5184091886ns, electionTimeout:5131ms
2022-07-27 13:52:39,944 [58deb1ea-3cfa-40e5-9635-0b83604fd255@group-95F293340380-FollowerState] INFO  impl.RoleInfo (RoleInfo.java:shutdownFollowerState(110)) - 58deb1ea-3cfa-40e5-9635-0b83604fd255: shutdown 58deb1ea-3cfa-40e5-9635-0b83604fd255@group-95F293340380-FollowerState
2022-07-27 13:52:39,944 [58deb1ea-3cfa-40e5-9635-0b83604fd255@group-95F293340380-FollowerState] INFO  server.RaftServer$Division (RaftServerImpl.java:setRole(299)) - 58deb1ea-3cfa-40e5-9635-0b83604fd255@group-95F293340380: changes role from  FOLLOWER to CANDIDATE at term 0 for changeToCandidate
2022-07-27 13:52:39,944 [58deb1ea-3cfa-40e5-9635-0b83604fd255@group-95F293340380-FollowerState] INFO  server.RaftServerConfigKeys (ConfUtils.java:logGet(46)) - raft.server.leaderelection.pre-vote = false (custom)
2022-07-27 13:52:39,944 [58deb1ea-3cfa-40e5-9635-0b83604fd255@group-95F293340380-FollowerState] INFO  impl.RoleInfo (RoleInfo.java:updateAndGet(139)) - 58deb1ea-3cfa-40e5-9635-0b83604fd255: start 58deb1ea-3cfa-40e5-9635-0b83604fd255@group-95F293340380-LeaderElection38
2022-07-27 13:52:40,009 [58deb1ea-3cfa-40e5-9635-0b83604fd255@group-95F293340380-LeaderElection38] INFO  impl.LeaderElection (LeaderElection.java:askForVotes(310)) - 58deb1ea-3cfa-40e5-9635-0b83604fd255@group-95F293340380-LeaderElection38 ELECTION round 0: submit vote requests at term 1 for -1: [58deb1ea-3cfa-40e5-9635-0b83604fd255|rpc:10.1.0.21:32883|priority:1], old=null
2022-07-27 13:52:40,009 [58deb1ea-3cfa-40e5-9635-0b83604fd255@group-95F293340380-LeaderElection38] INFO  impl.LeaderElection (LeaderElection.java:askForVotes(312)) - 58deb1ea-3cfa-40e5-9635-0b83604fd255@group-95F293340380-LeaderElection38 ELECTION round 0: result PASSED (term=1)
2022-07-27 13:52:40,009 [58deb1ea-3cfa-40e5-9635-0b83604fd255@group-95F293340380-LeaderElection38] INFO  impl.RoleInfo (RoleInfo.java:shutdownLeaderElection(130)) - 58deb1ea-3cfa-40e5-9635-0b83604fd255: shutdown 58deb1ea-3cfa-40e5-9635-0b83604fd255@group-95F293340380-LeaderElection38
2022-07-27 13:52:40,009 [58deb1ea-3cfa-40e5-9635-0b83604fd255@group-95F293340380-LeaderElection38] INFO  server.RaftServer$Division (RaftServerImpl.java:setRole(299)) - 58deb1ea-3cfa-40e5-9635-0b83604fd255@group-95F293340380: changes role from CANDIDATE to LEADER at term 1 for changeToLeader
2022-07-27 13:52:40,009 [58deb1ea-3cfa-40e5-9635-0b83604fd255@group-95F293340380-LeaderElection38] INFO  ratis.XceiverServerRatis (XceiverServerRatis.java:handleLeaderChangedNotification(863)) - Leader change notification received for group: group-95F293340380 with new leaderId: 58deb1ea-3cfa-40e5-9635-0b83604fd255
2022-07-27 13:52:40,009 [58deb1ea-3cfa-40e5-9635-0b83604fd255@group-95F293340380-LeaderElection38] INFO  server.RaftServer$Division (ServerState.java:setLeader(287)) - 58deb1ea-3cfa-40e5-9635-0b83604fd255@group-95F293340380: change Leader from null to 58deb1ea-3cfa-40e5-9635-0b83604fd255 at term 1 for becomeLeader, leader elected after 5275ms
2022-07-27 13:52:40,009 [58deb1ea-3cfa-40e5-9635-0b83604fd255@group-95F293340380-LeaderElection38] INFO  server.RaftServerConfigKeys (ConfUtils.java:logGet(46)) - raft.server.staging.catchup.gap = 1000 (default)
2022-07-27 13:52:40,009 [58deb1ea-3cfa-40e5-9635-0b83604fd255@group-95F293340380-LeaderElection38] INFO  server.RaftServerConfigKeys (ConfUtils.java:logGet(46)) - raft.server.write.element-limit = 1024 (custom)
2022-07-27 13:52:40,010 [58deb1ea-3cfa-40e5-9635-0b83604fd255@group-95F293340380-LeaderElection38] INFO  server.RaftServerConfigKeys (ConfUtils.java:logGet(46)) - raft.server.write.byte-limit = 1024 M (=1073741824) (custom)
2022-07-27 13:52:40,010 [58deb1ea-3cfa-40e5-9635-0b83604fd255@group-95F293340380-LeaderElection38] INFO  server.RaftServerConfigKeys (ConfUtils.java:logGet(46)) - raft.server.watch.timeout = 180s (custom)
2022-07-27 13:52:40,010 [58deb1ea-3cfa-40e5-9635-0b83604fd255@group-95F293340380-LeaderElection38] INFO  server.RaftServerConfigKeys (ConfUtils.java:logGet(46)) - raft.server.watch.timeout.denomination = 1s (default)
2022-07-27 13:52:40,010 [58deb1ea-3cfa-40e5-9635-0b83604fd255@group-95F293340380-LeaderElection38] INFO  server.RaftServerConfigKeys (ConfUtils.java:logGet(46)) - raft.server.watch.element-limit = 65536 (default)
2022-07-27 13:52:40,010 [58deb1ea-3cfa-40e5-9635-0b83604fd255@group-95F293340380-LeaderElection38] INFO  server.RaftServerConfigKeys (ConfUtils.java:logGet(46)) - raft.server.write.element-limit = 1024 (custom)
2022-07-27 13:52:40,010 [58deb1ea-3cfa-40e5-9635-0b83604fd255@group-95F293340380-LeaderElection38] INFO  server.RaftServerConfigKeys (ConfUtils.java:logGet(46)) - raft.server.write.follower.gap.ratio.max = -1.0 (default)
2022-07-27 13:52:40,010 [58deb1ea-3cfa-40e5-9635-0b83604fd255@group-95F293340380-LeaderElection38] INFO  impl.RoleInfo (RoleInfo.java:updateAndGet(139)) - 58deb1ea-3cfa-40e5-9635-0b83604fd255: start 58deb1ea-3cfa-40e5-9635-0b83604fd255@group-95F293340380-LeaderStateImpl
2022-07-27 13:52:40,010 [58deb1ea-3cfa-40e5-9635-0b83604fd255@group-95F293340380-LeaderElection38] INFO  segmented.SegmentedRaftLogWorker (SegmentedRaftLogWorker.java:startLogSegment(425)) - 58deb1ea-3cfa-40e5-9635-0b83604fd255@group-95F293340380-SegmentedRaftLogWorker: Starting segment from index:0
2022-07-27 13:52:40,013 [EventQueue-OpenPipelineForHealthyPipelineSafeModeRule] INFO  safemode.SCMSafeModeManager (HealthyPipelineSafeModeRule.java:process(137)) - SCM in safe mode. Healthy pipelines reported count is 0, required healthy pipeline reported count is 1
2022-07-27 13:52:40,013 [58deb1ea-3cfa-40e5-9635-0b83604fd255@group-95F293340380-SegmentedRaftLogWorker] INFO  segmented.SegmentedRaftLogWorker (SegmentedRaftLogWorker.java:execute(629)) - 58deb1ea-3cfa-40e5-9635-0b83604fd255@group-95F293340380-SegmentedRaftLogWorker: created new log segment /home/runner/work/ozone/ozone/hadoop-ozone/integration-test/target/test-dir/MiniOzoneClusterImpl-d8681e24-cb86-4f17-9b85-5d83644f9f4f/datanode-1/data/ratis/bb97ec30-c4cc-4709-bce0-95f293340380/current/log_inprogress_0
2022-07-27 13:52:40,035 [58deb1ea-3cfa-40e5-9635-0b83604fd255@group-95F293340380-LeaderElection38] INFO  server.RaftServer$Division (ServerState.java:setRaftConf(393)) - 58deb1ea-3cfa-40e5-9635-0b83604fd255@group-95F293340380: set configuration 0: [58deb1ea-3cfa-40e5-9635-0b83604fd255|rpc:10.1.0.21:32883|dataStream:|priority:1], old=null
2022-07-27 13:52:40,080 [Listener at 127.0.0.1/34829] INFO  ozone.MiniOzoneClusterImpl (MiniOzoneClusterImpl.java:lambda$waitForClusterToBeReady$0(216)) - Nodes are ready. Got 5 of 5 DN Heartbeats.
2022-07-27 13:52:40,080 [Listener at 127.0.0.1/34829] INFO  ozone.MiniOzoneClusterImpl (MiniOzoneClusterImpl.java:lambda$waitForClusterToBeReady$0(219)) - Waiting for cluster to exit safe mode
2022-07-27 13:52:40,080 [Listener at 127.0.0.1/34829] INFO  ozone.MiniOzoneClusterImpl (MiniOzoneClusterImpl.java:lambda$waitForClusterToBeReady$0(221)) - SCM became leader
2022-07-27 13:52:40,601 [ddca7a03-388a-498e-af9c-b33aa01d2ce7@group-E906013F5CDA-FollowerState] INFO  impl.FollowerState (FollowerState.java:run(143)) - ddca7a03-388a-498e-af9c-b33aa01d2ce7@group-E906013F5CDA-FollowerState: change to CANDIDATE, lastRpcElapsedTime:5029451314ns, electionTimeout:5021ms
2022-07-27 13:52:40,601 [ddca7a03-388a-498e-af9c-b33aa01d2ce7@group-E906013F5CDA-FollowerState] INFO  impl.RoleInfo (RoleInfo.java:shutdownFollowerState(110)) - ddca7a03-388a-498e-af9c-b33aa01d2ce7: shutdown ddca7a03-388a-498e-af9c-b33aa01d2ce7@group-E906013F5CDA-FollowerState
2022-07-27 13:52:40,602 [ddca7a03-388a-498e-af9c-b33aa01d2ce7@group-E906013F5CDA-FollowerState] INFO  server.RaftServer$Division (RaftServerImpl.java:setRole(299)) - ddca7a03-388a-498e-af9c-b33aa01d2ce7@group-E906013F5CDA: changes role from  FOLLOWER to CANDIDATE at term 0 for changeToCandidate
2022-07-27 13:52:40,602 [ddca7a03-388a-498e-af9c-b33aa01d2ce7@group-E906013F5CDA-FollowerState] INFO  server.RaftServerConfigKeys (ConfUtils.java:logGet(46)) - raft.server.leaderelection.pre-vote = false (custom)
2022-07-27 13:52:40,602 [ddca7a03-388a-498e-af9c-b33aa01d2ce7@group-E906013F5CDA-FollowerState] INFO  impl.RoleInfo (RoleInfo.java:updateAndGet(139)) - ddca7a03-388a-498e-af9c-b33aa01d2ce7: start ddca7a03-388a-498e-af9c-b33aa01d2ce7@group-E906013F5CDA-LeaderElection39
2022-07-27 13:52:40,648 [ddca7a03-388a-498e-af9c-b33aa01d2ce7@group-E906013F5CDA-LeaderElection39] INFO  impl.LeaderElection (LeaderElection.java:askForVotes(310)) - ddca7a03-388a-498e-af9c-b33aa01d2ce7@group-E906013F5CDA-LeaderElection39 ELECTION round 0: submit vote requests at term 1 for -1: [ddca7a03-388a-498e-af9c-b33aa01d2ce7|rpc:10.1.0.21:36561|priority:1], old=null
2022-07-27 13:52:40,648 [ddca7a03-388a-498e-af9c-b33aa01d2ce7@group-E906013F5CDA-LeaderElection39] INFO  impl.LeaderElection (LeaderElection.java:askForVotes(312)) - ddca7a03-388a-498e-af9c-b33aa01d2ce7@group-E906013F5CDA-LeaderElection39 ELECTION round 0: result PASSED (term=1)
2022-07-27 13:52:40,648 [ddca7a03-388a-498e-af9c-b33aa01d2ce7@group-E906013F5CDA-LeaderElection39] INFO  impl.RoleInfo (RoleInfo.java:shutdownLeaderElection(130)) - ddca7a03-388a-498e-af9c-b33aa01d2ce7: shutdown ddca7a03-388a-498e-af9c-b33aa01d2ce7@group-E906013F5CDA-LeaderElection39
2022-07-27 13:52:40,648 [ddca7a03-388a-498e-af9c-b33aa01d2ce7@group-E906013F5CDA-LeaderElection39] INFO  server.RaftServer$Division (RaftServerImpl.java:setRole(299)) - ddca7a03-388a-498e-af9c-b33aa01d2ce7@group-E906013F5CDA: changes role from CANDIDATE to LEADER at term 1 for changeToLeader
2022-07-27 13:52:40,648 [ddca7a03-388a-498e-af9c-b33aa01d2ce7@group-E906013F5CDA-LeaderElection39] INFO  ratis.XceiverServerRatis (XceiverServerRatis.java:handleLeaderChangedNotification(863)) - Leader change notification received for group: group-E906013F5CDA with new leaderId: ddca7a03-388a-498e-af9c-b33aa01d2ce7
2022-07-27 13:52:40,649 [ddca7a03-388a-498e-af9c-b33aa01d2ce7@group-E906013F5CDA-LeaderElection39] INFO  server.RaftServer$Division (ServerState.java:setLeader(287)) - ddca7a03-388a-498e-af9c-b33aa01d2ce7@group-E906013F5CDA: change Leader from null to ddca7a03-388a-498e-af9c-b33aa01d2ce7 at term 1 for becomeLeader, leader elected after 5100ms
2022-07-27 13:52:40,649 [ddca7a03-388a-498e-af9c-b33aa01d2ce7@group-E906013F5CDA-LeaderElection39] INFO  server.RaftServerConfigKeys (ConfUtils.java:logGet(46)) - raft.server.staging.catchup.gap = 1000 (default)
2022-07-27 13:52:40,649 [ddca7a03-388a-498e-af9c-b33aa01d2ce7@group-E906013F5CDA-LeaderElection39] INFO  server.RaftServerConfigKeys (ConfUtils.java:logGet(46)) - raft.server.write.element-limit = 1024 (custom)
2022-07-27 13:52:40,649 [ddca7a03-388a-498e-af9c-b33aa01d2ce7@group-E906013F5CDA-LeaderElection39] INFO  server.RaftServerConfigKeys (ConfUtils.java:logGet(46)) - raft.server.write.byte-limit = 1024 M (=1073741824) (custom)
2022-07-27 13:52:40,650 [ddca7a03-388a-498e-af9c-b33aa01d2ce7@group-E906013F5CDA-LeaderElection39] INFO  server.RaftServerConfigKeys (ConfUtils.java:logGet(46)) - raft.server.watch.timeout = 180s (custom)
2022-07-27 13:52:40,650 [ddca7a03-388a-498e-af9c-b33aa01d2ce7@group-E906013F5CDA-LeaderElection39] INFO  server.RaftServerConfigKeys (ConfUtils.java:logGet(46)) - raft.server.watch.timeout.denomination = 1s (default)
2022-07-27 13:52:40,650 [ddca7a03-388a-498e-af9c-b33aa01d2ce7@group-E906013F5CDA-LeaderElection39] INFO  server.RaftServerConfigKeys (ConfUtils.java:logGet(46)) - raft.server.watch.element-limit = 65536 (default)
2022-07-27 13:52:40,650 [ddca7a03-388a-498e-af9c-b33aa01d2ce7@group-E906013F5CDA-LeaderElection39] INFO  server.RaftServerConfigKeys (ConfUtils.java:logGet(46)) - raft.server.write.element-limit = 1024 (custom)
2022-07-27 13:52:40,650 [ddca7a03-388a-498e-af9c-b33aa01d2ce7@group-E906013F5CDA-LeaderElection39] INFO  server.RaftServerConfigKeys (ConfUtils.java:logGet(46)) - raft.server.write.follower.gap.ratio.max = -1.0 (default)
2022-07-27 13:52:40,650 [ddca7a03-388a-498e-af9c-b33aa01d2ce7@group-E906013F5CDA-LeaderElection39] INFO  impl.RoleInfo (RoleInfo.java:updateAndGet(139)) - ddca7a03-388a-498e-af9c-b33aa01d2ce7: start ddca7a03-388a-498e-af9c-b33aa01d2ce7@group-E906013F5CDA-LeaderStateImpl
2022-07-27 13:52:40,650 [ddca7a03-388a-498e-af9c-b33aa01d2ce7@group-E906013F5CDA-LeaderElection39] INFO  segmented.SegmentedRaftLogWorker (SegmentedRaftLogWorker.java:startLogSegment(425)) - ddca7a03-388a-498e-af9c-b33aa01d2ce7@group-E906013F5CDA-SegmentedRaftLogWorker: Starting segment from index:0
2022-07-27 13:52:40,650 [EventQueue-OpenPipelineForHealthyPipelineSafeModeRule] INFO  safemode.SCMSafeModeManager (HealthyPipelineSafeModeRule.java:process(137)) - SCM in safe mode. Healthy pipelines reported count is 0, required healthy pipeline reported count is 1
2022-07-27 13:52:40,652 [ddca7a03-388a-498e-af9c-b33aa01d2ce7@group-E906013F5CDA-SegmentedRaftLogWorker] INFO  segmented.SegmentedRaftLogWorker (SegmentedRaftLogWorker.java:execute(629)) - ddca7a03-388a-498e-af9c-b33aa01d2ce7@group-E906013F5CDA-SegmentedRaftLogWorker: created new log segment /home/runner/work/ozone/ozone/hadoop-ozone/integration-test/target/test-dir/MiniOzoneClusterImpl-d8681e24-cb86-4f17-9b85-5d83644f9f4f/datanode-2/data/ratis/54bbec29-6b6a-4ca2-92f4-e906013f5cda/current/log_inprogress_0
2022-07-27 13:52:40,666 [ddca7a03-388a-498e-af9c-b33aa01d2ce7@group-E906013F5CDA-LeaderElection39] INFO  server.RaftServer$Division (ServerState.java:setRaftConf(393)) - ddca7a03-388a-498e-af9c-b33aa01d2ce7@group-E906013F5CDA: set configuration 0: [ddca7a03-388a-498e-af9c-b33aa01d2ce7|rpc:10.1.0.21:36561|dataStream:|priority:1], old=null
2022-07-27 13:52:41,081 [Listener at 127.0.0.1/34829] INFO  ozone.MiniOzoneClusterImpl (MiniOzoneClusterImpl.java:lambda$waitForClusterToBeReady$0(216)) - Nodes are ready. Got 5 of 5 DN Heartbeats.
2022-07-27 13:52:41,081 [Listener at 127.0.0.1/34829] INFO  ozone.MiniOzoneClusterImpl (MiniOzoneClusterImpl.java:lambda$waitForClusterToBeReady$0(219)) - Waiting for cluster to exit safe mode
2022-07-27 13:52:41,081 [Listener at 127.0.0.1/34829] INFO  ozone.MiniOzoneClusterImpl (MiniOzoneClusterImpl.java:lambda$waitForClusterToBeReady$0(221)) - SCM became leader
2022-07-27 13:52:41,809 [02574c79-47b9-47c2-b441-c781c573f9c1@group-20473C93E369-FollowerState] INFO  impl.FollowerState (FollowerState.java:run(143)) - 02574c79-47b9-47c2-b441-c781c573f9c1@group-20473C93E369-FollowerState: change to CANDIDATE, lastRpcElapsedTime:5036912475ns, electionTimeout:5033ms
2022-07-27 13:52:41,809 [02574c79-47b9-47c2-b441-c781c573f9c1@group-20473C93E369-FollowerState] INFO  impl.RoleInfo (RoleInfo.java:shutdownFollowerState(110)) - 02574c79-47b9-47c2-b441-c781c573f9c1: shutdown 02574c79-47b9-47c2-b441-c781c573f9c1@group-20473C93E369-FollowerState
2022-07-27 13:52:41,809 [02574c79-47b9-47c2-b441-c781c573f9c1@group-20473C93E369-FollowerState] INFO  server.RaftServer$Division (RaftServerImpl.java:setRole(299)) - 02574c79-47b9-47c2-b441-c781c573f9c1@group-20473C93E369: changes role from  FOLLOWER to CANDIDATE at term 0 for changeToCandidate
2022-07-27 13:52:41,809 [02574c79-47b9-47c2-b441-c781c573f9c1@group-20473C93E369-FollowerState] INFO  server.RaftServerConfigKeys (ConfUtils.java:logGet(46)) - raft.server.leaderelection.pre-vote = false (custom)
2022-07-27 13:52:41,809 [02574c79-47b9-47c2-b441-c781c573f9c1@group-20473C93E369-FollowerState] INFO  impl.RoleInfo (RoleInfo.java:updateAndGet(139)) - 02574c79-47b9-47c2-b441-c781c573f9c1: start 02574c79-47b9-47c2-b441-c781c573f9c1@group-20473C93E369-LeaderElection40
2022-07-27 13:52:41,851 [02574c79-47b9-47c2-b441-c781c573f9c1@group-20473C93E369-LeaderElection40] INFO  impl.LeaderElection (LeaderElection.java:askForVotes(310)) - 02574c79-47b9-47c2-b441-c781c573f9c1@group-20473C93E369-LeaderElection40 ELECTION round 0: submit vote requests at term 1 for -1: [02574c79-47b9-47c2-b441-c781c573f9c1|rpc:10.1.0.21:46673|priority:1], old=null
2022-07-27 13:52:41,851 [02574c79-47b9-47c2-b441-c781c573f9c1@group-20473C93E369-LeaderElection40] INFO  impl.LeaderElection (LeaderElection.java:askForVotes(312)) - 02574c79-47b9-47c2-b441-c781c573f9c1@group-20473C93E369-LeaderElection40 ELECTION round 0: result PASSED (term=1)
2022-07-27 13:52:41,852 [02574c79-47b9-47c2-b441-c781c573f9c1@group-20473C93E369-LeaderElection40] INFO  impl.RoleInfo (RoleInfo.java:shutdownLeaderElection(130)) - 02574c79-47b9-47c2-b441-c781c573f9c1: shutdown 02574c79-47b9-47c2-b441-c781c573f9c1@group-20473C93E369-LeaderElection40
2022-07-27 13:52:41,852 [02574c79-47b9-47c2-b441-c781c573f9c1@group-20473C93E369-LeaderElection40] INFO  server.RaftServer$Division (RaftServerImpl.java:setRole(299)) - 02574c79-47b9-47c2-b441-c781c573f9c1@group-20473C93E369: changes role from CANDIDATE to LEADER at term 1 for changeToLeader
2022-07-27 13:52:41,852 [02574c79-47b9-47c2-b441-c781c573f9c1@group-20473C93E369-LeaderElection40] INFO  ratis.XceiverServerRatis (XceiverServerRatis.java:handleLeaderChangedNotification(863)) - Leader change notification received for group: group-20473C93E369 with new leaderId: 02574c79-47b9-47c2-b441-c781c573f9c1
2022-07-27 13:52:41,852 [02574c79-47b9-47c2-b441-c781c573f9c1@group-20473C93E369-LeaderElection40] INFO  server.RaftServer$Division (ServerState.java:setLeader(287)) - 02574c79-47b9-47c2-b441-c781c573f9c1@group-20473C93E369: change Leader from null to 02574c79-47b9-47c2-b441-c781c573f9c1 at term 1 for becomeLeader, leader elected after 5100ms
2022-07-27 13:52:41,852 [02574c79-47b9-47c2-b441-c781c573f9c1@group-20473C93E369-LeaderElection40] INFO  server.RaftServerConfigKeys (ConfUtils.java:logGet(46)) - raft.server.staging.catchup.gap = 1000 (default)
2022-07-27 13:52:41,852 [02574c79-47b9-47c2-b441-c781c573f9c1@group-20473C93E369-LeaderElection40] INFO  server.RaftServerConfigKeys (ConfUtils.java:logGet(46)) - raft.server.write.element-limit = 1024 (custom)
2022-07-27 13:52:41,852 [02574c79-47b9-47c2-b441-c781c573f9c1@group-20473C93E369-LeaderElection40] INFO  server.RaftServerConfigKeys (ConfUtils.java:logGet(46)) - raft.server.write.byte-limit = 1024 M (=1073741824) (custom)
2022-07-27 13:52:41,852 [02574c79-47b9-47c2-b441-c781c573f9c1@group-20473C93E369-LeaderElection40] INFO  server.RaftServerConfigKeys (ConfUtils.java:logGet(46)) - raft.server.watch.timeout = 180s (custom)
2022-07-27 13:52:41,852 [02574c79-47b9-47c2-b441-c781c573f9c1@group-20473C93E369-LeaderElection40] INFO  server.RaftServerConfigKeys (ConfUtils.java:logGet(46)) - raft.server.watch.timeout.denomination = 1s (default)
2022-07-27 13:52:41,853 [02574c79-47b9-47c2-b441-c781c573f9c1@group-20473C93E369-LeaderElection40] INFO  server.RaftServerConfigKeys (ConfUtils.java:logGet(46)) - raft.server.watch.element-limit = 65536 (default)
2022-07-27 13:52:41,853 [02574c79-47b9-47c2-b441-c781c573f9c1@group-20473C93E369-LeaderElection40] INFO  server.RaftServerConfigKeys (ConfUtils.java:logGet(46)) - raft.server.write.element-limit = 1024 (custom)
2022-07-27 13:52:41,853 [02574c79-47b9-47c2-b441-c781c573f9c1@group-20473C93E369-LeaderElection40] INFO  server.RaftServerConfigKeys (ConfUtils.java:logGet(46)) - raft.server.write.follower.gap.ratio.max = -1.0 (default)
2022-07-27 13:52:41,853 [02574c79-47b9-47c2-b441-c781c573f9c1@group-20473C93E369-LeaderElection40] INFO  impl.RoleInfo (RoleInfo.java:updateAndGet(139)) - 02574c79-47b9-47c2-b441-c781c573f9c1: start 02574c79-47b9-47c2-b441-c781c573f9c1@group-20473C93E369-LeaderStateImpl
2022-07-27 13:52:41,853 [02574c79-47b9-47c2-b441-c781c573f9c1@group-20473C93E369-LeaderElection40] INFO  segmented.SegmentedRaftLogWorker (SegmentedRaftLogWorker.java:startLogSegment(425)) - 02574c79-47b9-47c2-b441-c781c573f9c1@group-20473C93E369-SegmentedRaftLogWorker: Starting segment from index:0
2022-07-27 13:52:41,855 [EventQueue-OpenPipelineForHealthyPipelineSafeModeRule] INFO  safemode.SCMSafeModeManager (HealthyPipelineSafeModeRule.java:process(137)) - SCM in safe mode. Healthy pipelines reported count is 0, required healthy pipeline reported count is 1
2022-07-27 13:52:41,862 [02574c79-47b9-47c2-b441-c781c573f9c1@group-20473C93E369-SegmentedRaftLogWorker] INFO  segmented.SegmentedRaftLogWorker (SegmentedRaftLogWorker.java:execute(629)) - 02574c79-47b9-47c2-b441-c781c573f9c1@group-20473C93E369-SegmentedRaftLogWorker: created new log segment /home/runner/work/ozone/ozone/hadoop-ozone/integration-test/target/test-dir/MiniOzoneClusterImpl-d8681e24-cb86-4f17-9b85-5d83644f9f4f/datanode-3/data/ratis/9cf13940-25ac-4a45-ad58-20473c93e369/current/log_inprogress_0
2022-07-27 13:52:41,864 [02574c79-47b9-47c2-b441-c781c573f9c1@group-20473C93E369-LeaderElection40] INFO  server.RaftServer$Division (ServerState.java:setRaftConf(393)) - 02574c79-47b9-47c2-b441-c781c573f9c1@group-20473C93E369: set configuration 0: [02574c79-47b9-47c2-b441-c781c573f9c1|rpc:10.1.0.21:46673|dataStream:|priority:1], old=null
2022-07-27 13:52:42,081 [Listener at 127.0.0.1/34829] INFO  ozone.MiniOzoneClusterImpl (MiniOzoneClusterImpl.java:lambda$waitForClusterToBeReady$0(216)) - Nodes are ready. Got 5 of 5 DN Heartbeats.
2022-07-27 13:52:42,081 [Listener at 127.0.0.1/34829] INFO  ozone.MiniOzoneClusterImpl (MiniOzoneClusterImpl.java:lambda$waitForClusterToBeReady$0(219)) - Waiting for cluster to exit safe mode
2022-07-27 13:52:42,081 [Listener at 127.0.0.1/34829] INFO  ozone.MiniOzoneClusterImpl (MiniOzoneClusterImpl.java:lambda$waitForClusterToBeReady$0(221)) - SCM became leader
2022-07-27 13:52:43,082 [Listener at 127.0.0.1/34829] INFO  ozone.MiniOzoneClusterImpl (MiniOzoneClusterImpl.java:lambda$waitForClusterToBeReady$0(216)) - Nodes are ready. Got 5 of 5 DN Heartbeats.
2022-07-27 13:52:43,082 [Listener at 127.0.0.1/34829] INFO  ozone.MiniOzoneClusterImpl (MiniOzoneClusterImpl.java:lambda$waitForClusterToBeReady$0(219)) - Waiting for cluster to exit safe mode
2022-07-27 13:52:43,082 [Listener at 127.0.0.1/34829] INFO  ozone.MiniOzoneClusterImpl (MiniOzoneClusterImpl.java:lambda$waitForClusterToBeReady$0(221)) - SCM became leader
2022-07-27 13:52:43,184 [ddf52064-1dff-44ca-a9ae-631cccae887a@group-CFBBD5C41F45-FollowerState] INFO  impl.FollowerState (FollowerState.java:run(143)) - ddf52064-1dff-44ca-a9ae-631cccae887a@group-CFBBD5C41F45-FollowerState: change to CANDIDATE, lastRpcElapsedTime:5002887468ns, electionTimeout:5000ms
2022-07-27 13:52:43,184 [ddf52064-1dff-44ca-a9ae-631cccae887a@group-CFBBD5C41F45-FollowerState] INFO  impl.RoleInfo (RoleInfo.java:shutdownFollowerState(110)) - ddf52064-1dff-44ca-a9ae-631cccae887a: shutdown ddf52064-1dff-44ca-a9ae-631cccae887a@group-CFBBD5C41F45-FollowerState
2022-07-27 13:52:43,184 [ddf52064-1dff-44ca-a9ae-631cccae887a@group-CFBBD5C41F45-FollowerState] INFO  server.RaftServer$Division (RaftServerImpl.java:setRole(299)) - ddf52064-1dff-44ca-a9ae-631cccae887a@group-CFBBD5C41F45: changes role from  FOLLOWER to CANDIDATE at term 0 for changeToCandidate
2022-07-27 13:52:43,184 [ddf52064-1dff-44ca-a9ae-631cccae887a@group-CFBBD5C41F45-FollowerState] INFO  server.RaftServerConfigKeys (ConfUtils.java:logGet(46)) - raft.server.leaderelection.pre-vote = false (custom)
2022-07-27 13:52:43,184 [ddf52064-1dff-44ca-a9ae-631cccae887a@group-CFBBD5C41F45-FollowerState] INFO  impl.RoleInfo (RoleInfo.java:updateAndGet(139)) - ddf52064-1dff-44ca-a9ae-631cccae887a: start ddf52064-1dff-44ca-a9ae-631cccae887a@group-CFBBD5C41F45-LeaderElection41
2022-07-27 13:52:43,232 [ddf52064-1dff-44ca-a9ae-631cccae887a@group-CFBBD5C41F45-LeaderElection41] INFO  impl.LeaderElection (LeaderElection.java:askForVotes(310)) - ddf52064-1dff-44ca-a9ae-631cccae887a@group-CFBBD5C41F45-LeaderElection41 ELECTION round 0: submit vote requests at term 1 for -1: [ddf52064-1dff-44ca-a9ae-631cccae887a|rpc:10.1.0.21:44959|priority:1], old=null
2022-07-27 13:52:43,232 [ddf52064-1dff-44ca-a9ae-631cccae887a@group-CFBBD5C41F45-LeaderElection41] INFO  impl.LeaderElection (LeaderElection.java:askForVotes(312)) - ddf52064-1dff-44ca-a9ae-631cccae887a@group-CFBBD5C41F45-LeaderElection41 ELECTION round 0: result PASSED (term=1)
2022-07-27 13:52:43,232 [ddf52064-1dff-44ca-a9ae-631cccae887a@group-CFBBD5C41F45-LeaderElection41] INFO  impl.RoleInfo (RoleInfo.java:shutdownLeaderElection(130)) - ddf52064-1dff-44ca-a9ae-631cccae887a: shutdown ddf52064-1dff-44ca-a9ae-631cccae887a@group-CFBBD5C41F45-LeaderElection41
2022-07-27 13:52:43,232 [ddf52064-1dff-44ca-a9ae-631cccae887a@group-CFBBD5C41F45-LeaderElection41] INFO  server.RaftServer$Division (RaftServerImpl.java:setRole(299)) - ddf52064-1dff-44ca-a9ae-631cccae887a@group-CFBBD5C41F45: changes role from CANDIDATE to LEADER at term 1 for changeToLeader
2022-07-27 13:52:43,232 [ddf52064-1dff-44ca-a9ae-631cccae887a@group-CFBBD5C41F45-LeaderElection41] INFO  ratis.XceiverServerRatis (XceiverServerRatis.java:handleLeaderChangedNotification(863)) - Leader change notification received for group: group-CFBBD5C41F45 with new leaderId: ddf52064-1dff-44ca-a9ae-631cccae887a
2022-07-27 13:52:43,232 [ddf52064-1dff-44ca-a9ae-631cccae887a@group-CFBBD5C41F45-LeaderElection41] INFO  server.RaftServer$Division (ServerState.java:setLeader(287)) - ddf52064-1dff-44ca-a9ae-631cccae887a@group-CFBBD5C41F45: change Leader from null to ddf52064-1dff-44ca-a9ae-631cccae887a at term 1 for becomeLeader, leader elected after 5056ms
2022-07-27 13:52:43,232 [ddf52064-1dff-44ca-a9ae-631cccae887a@group-CFBBD5C41F45-LeaderElection41] INFO  server.RaftServerConfigKeys (ConfUtils.java:logGet(46)) - raft.server.staging.catchup.gap = 1000 (default)
2022-07-27 13:52:43,232 [ddf52064-1dff-44ca-a9ae-631cccae887a@group-CFBBD5C41F45-LeaderElection41] INFO  server.RaftServerConfigKeys (ConfUtils.java:logGet(46)) - raft.server.write.element-limit = 1024 (custom)
2022-07-27 13:52:43,232 [ddf52064-1dff-44ca-a9ae-631cccae887a@group-CFBBD5C41F45-LeaderElection41] INFO  server.RaftServerConfigKeys (ConfUtils.java:logGet(46)) - raft.server.write.byte-limit = 1024 M (=1073741824) (custom)
2022-07-27 13:52:43,233 [EventQueue-OpenPipelineForHealthyPipelineSafeModeRule] INFO  safemode.SCMSafeModeManager (HealthyPipelineSafeModeRule.java:process(137)) - SCM in safe mode. Healthy pipelines reported count is 0, required healthy pipeline reported count is 1
2022-07-27 13:52:43,233 [ddf52064-1dff-44ca-a9ae-631cccae887a@group-CFBBD5C41F45-LeaderElection41] INFO  server.RaftServerConfigKeys (ConfUtils.java:logGet(46)) - raft.server.watch.timeout = 180s (custom)
2022-07-27 13:52:43,233 [ddf52064-1dff-44ca-a9ae-631cccae887a@group-CFBBD5C41F45-LeaderElection41] INFO  server.RaftServerConfigKeys (ConfUtils.java:logGet(46)) - raft.server.watch.timeout.denomination = 1s (default)
2022-07-27 13:52:43,233 [ddf52064-1dff-44ca-a9ae-631cccae887a@group-CFBBD5C41F45-LeaderElection41] INFO  server.RaftServerConfigKeys (ConfUtils.java:logGet(46)) - raft.server.watch.element-limit = 65536 (default)
2022-07-27 13:52:43,234 [ddf52064-1dff-44ca-a9ae-631cccae887a@group-CFBBD5C41F45-LeaderElection41] INFO  server.RaftServerConfigKeys (ConfUtils.java:logGet(46)) - raft.server.write.element-limit = 1024 (custom)
2022-07-27 13:52:43,234 [ddf52064-1dff-44ca-a9ae-631cccae887a@group-CFBBD5C41F45-LeaderElection41] INFO  server.RaftServerConfigKeys (ConfUtils.java:logGet(46)) - raft.server.write.follower.gap.ratio.max = -1.0 (default)
2022-07-27 13:52:43,234 [ddf52064-1dff-44ca-a9ae-631cccae887a@group-CFBBD5C41F45-LeaderElection41] INFO  impl.RoleInfo (RoleInfo.java:updateAndGet(139)) - ddf52064-1dff-44ca-a9ae-631cccae887a: start ddf52064-1dff-44ca-a9ae-631cccae887a@group-CFBBD5C41F45-LeaderStateImpl
2022-07-27 13:52:43,234 [ddf52064-1dff-44ca-a9ae-631cccae887a@group-CFBBD5C41F45-LeaderElection41] INFO  segmented.SegmentedRaftLogWorker (SegmentedRaftLogWorker.java:startLogSegment(425)) - ddf52064-1dff-44ca-a9ae-631cccae887a@group-CFBBD5C41F45-SegmentedRaftLogWorker: Starting segment from index:0
2022-07-27 13:52:43,240 [ddf52064-1dff-44ca-a9ae-631cccae887a@group-CFBBD5C41F45-SegmentedRaftLogWorker] INFO  segmented.SegmentedRaftLogWorker (SegmentedRaftLogWorker.java:execute(629)) - ddf52064-1dff-44ca-a9ae-631cccae887a@group-CFBBD5C41F45-SegmentedRaftLogWorker: created new log segment /home/runner/work/ozone/ozone/hadoop-ozone/integration-test/target/test-dir/MiniOzoneClusterImpl-d8681e24-cb86-4f17-9b85-5d83644f9f4f/datanode-4/data/ratis/e60de006-50d8-4140-adfd-cfbbd5c41f45/current/log_inprogress_0
2022-07-27 13:52:43,259 [ddf52064-1dff-44ca-a9ae-631cccae887a@group-CFBBD5C41F45-LeaderElection41] INFO  server.RaftServer$Division (ServerState.java:setRaftConf(393)) - ddf52064-1dff-44ca-a9ae-631cccae887a@group-CFBBD5C41F45: set configuration 0: [ddf52064-1dff-44ca-a9ae-631cccae887a|rpc:10.1.0.21:44959|dataStream:|priority:1], old=null
2022-07-27 13:52:44,085 [Listener at 127.0.0.1/34829] INFO  ozone.MiniOzoneClusterImpl (MiniOzoneClusterImpl.java:lambda$waitForClusterToBeReady$0(216)) - Nodes are ready. Got 5 of 5 DN Heartbeats.
2022-07-27 13:52:44,085 [Listener at 127.0.0.1/34829] INFO  ozone.MiniOzoneClusterImpl (MiniOzoneClusterImpl.java:lambda$waitForClusterToBeReady$0(219)) - Waiting for cluster to exit safe mode
2022-07-27 13:52:44,085 [Listener at 127.0.0.1/34829] INFO  ozone.MiniOzoneClusterImpl (MiniOzoneClusterImpl.java:lambda$waitForClusterToBeReady$0(221)) - SCM became leader
2022-07-27 13:52:44,383 [58deb1ea-3cfa-40e5-9635-0b83604fd255@group-4AB8ADFB4942-FollowerState] INFO  impl.FollowerState (FollowerState.java:run(143)) - 58deb1ea-3cfa-40e5-9635-0b83604fd255@group-4AB8ADFB4942-FollowerState: change to CANDIDATE, lastRpcElapsedTime:5188373604ns, electionTimeout:5145ms
2022-07-27 13:52:44,384 [58deb1ea-3cfa-40e5-9635-0b83604fd255@group-4AB8ADFB4942-FollowerState] INFO  impl.RoleInfo (RoleInfo.java:shutdownFollowerState(110)) - 58deb1ea-3cfa-40e5-9635-0b83604fd255: shutdown 58deb1ea-3cfa-40e5-9635-0b83604fd255@group-4AB8ADFB4942-FollowerState
2022-07-27 13:52:44,384 [58deb1ea-3cfa-40e5-9635-0b83604fd255@group-4AB8ADFB4942-FollowerState] INFO  server.RaftServer$Division (RaftServerImpl.java:setRole(299)) - 58deb1ea-3cfa-40e5-9635-0b83604fd255@group-4AB8ADFB4942: changes role from  FOLLOWER to CANDIDATE at term 1 for changeToCandidate
2022-07-27 13:52:44,384 [58deb1ea-3cfa-40e5-9635-0b83604fd255@group-4AB8ADFB4942-FollowerState] INFO  server.RaftServerConfigKeys (ConfUtils.java:logGet(46)) - raft.server.leaderelection.pre-vote = false (custom)
2022-07-27 13:52:44,384 [58deb1ea-3cfa-40e5-9635-0b83604fd255@group-4AB8ADFB4942-FollowerState] INFO  impl.RoleInfo (RoleInfo.java:updateAndGet(139)) - 58deb1ea-3cfa-40e5-9635-0b83604fd255: start 58deb1ea-3cfa-40e5-9635-0b83604fd255@group-4AB8ADFB4942-LeaderElection42
2022-07-27 13:52:44,445 [ddca7a03-388a-498e-af9c-b33aa01d2ce7@group-4AB8ADFB4942-FollowerState] INFO  impl.FollowerState (FollowerState.java:run(143)) - ddca7a03-388a-498e-af9c-b33aa01d2ce7@group-4AB8ADFB4942-FollowerState: change to CANDIDATE, lastRpcElapsedTime:5187319095ns, electionTimeout:5145ms
2022-07-27 13:52:44,446 [ddca7a03-388a-498e-af9c-b33aa01d2ce7@group-4AB8ADFB4942-FollowerState] INFO  impl.RoleInfo (RoleInfo.java:shutdownFollowerState(110)) - ddca7a03-388a-498e-af9c-b33aa01d2ce7: shutdown ddca7a03-388a-498e-af9c-b33aa01d2ce7@group-4AB8ADFB4942-FollowerState
2022-07-27 13:52:44,446 [ddca7a03-388a-498e-af9c-b33aa01d2ce7@group-4AB8ADFB4942-FollowerState] INFO  server.RaftServer$Division (RaftServerImpl.java:setRole(299)) - ddca7a03-388a-498e-af9c-b33aa01d2ce7@group-4AB8ADFB4942: changes role from  FOLLOWER to CANDIDATE at term 1 for changeToCandidate
2022-07-27 13:52:44,446 [ddca7a03-388a-498e-af9c-b33aa01d2ce7@group-4AB8ADFB4942-FollowerState] INFO  server.RaftServerConfigKeys (ConfUtils.java:logGet(46)) - raft.server.leaderelection.pre-vote = false (custom)
2022-07-27 13:52:44,446 [ddca7a03-388a-498e-af9c-b33aa01d2ce7@group-4AB8ADFB4942-FollowerState] INFO  impl.RoleInfo (RoleInfo.java:updateAndGet(139)) - ddca7a03-388a-498e-af9c-b33aa01d2ce7: start ddca7a03-388a-498e-af9c-b33aa01d2ce7@group-4AB8ADFB4942-LeaderElection43
2022-07-27 13:52:44,455 [300bc6a6-ac9b-494f-ba5e-9b5cd40f574a@group-4AB8ADFB4942-FollowerState] INFO  impl.FollowerState (FollowerState.java:run(143)) - 300bc6a6-ac9b-494f-ba5e-9b5cd40f574a@group-4AB8ADFB4942-FollowerState: change to CANDIDATE, lastRpcElapsedTime:5151079774ns, electionTimeout:5122ms
2022-07-27 13:52:44,455 [300bc6a6-ac9b-494f-ba5e-9b5cd40f574a@group-4AB8ADFB4942-FollowerState] INFO  impl.RoleInfo (RoleInfo.java:shutdownFollowerState(110)) - 300bc6a6-ac9b-494f-ba5e-9b5cd40f574a: shutdown 300bc6a6-ac9b-494f-ba5e-9b5cd40f574a@group-4AB8ADFB4942-FollowerState
2022-07-27 13:52:44,455 [300bc6a6-ac9b-494f-ba5e-9b5cd40f574a@group-4AB8ADFB4942-FollowerState] INFO  server.RaftServer$Division (RaftServerImpl.java:setRole(299)) - 300bc6a6-ac9b-494f-ba5e-9b5cd40f574a@group-4AB8ADFB4942: changes role from  FOLLOWER to CANDIDATE at term 1 for changeToCandidate
2022-07-27 13:52:44,455 [300bc6a6-ac9b-494f-ba5e-9b5cd40f574a@group-4AB8ADFB4942-FollowerState] INFO  server.RaftServerConfigKeys (ConfUtils.java:logGet(46)) - raft.server.leaderelection.pre-vote = false (custom)
2022-07-27 13:52:44,455 [300bc6a6-ac9b-494f-ba5e-9b5cd40f574a@group-4AB8ADFB4942-FollowerState] INFO  impl.RoleInfo (RoleInfo.java:updateAndGet(139)) - 300bc6a6-ac9b-494f-ba5e-9b5cd40f574a: start 300bc6a6-ac9b-494f-ba5e-9b5cd40f574a@group-4AB8ADFB4942-LeaderElection44
2022-07-27 13:52:44,461 [300bc6a6-ac9b-494f-ba5e-9b5cd40f574a@group-4AB8ADFB4942-LeaderElection44] INFO  impl.LeaderElection (LeaderElection.java:askForVotes(310)) - 300bc6a6-ac9b-494f-ba5e-9b5cd40f574a@group-4AB8ADFB4942-LeaderElection44 ELECTION round 0: submit vote requests at term 2 for -1: [300bc6a6-ac9b-494f-ba5e-9b5cd40f574a|rpc:10.1.0.21:35611|priority:0, 58deb1ea-3cfa-40e5-9635-0b83604fd255|rpc:10.1.0.21:32883|priority:0, ddca7a03-388a-498e-af9c-b33aa01d2ce7|rpc:10.1.0.21:36561|priority:1], old=null
2022-07-27 13:52:44,492 [58deb1ea-3cfa-40e5-9635-0b83604fd255@group-4AB8ADFB4942-LeaderElection42] INFO  impl.LeaderElection (LeaderElection.java:askForVotes(310)) - 58deb1ea-3cfa-40e5-9635-0b83604fd255@group-4AB8ADFB4942-LeaderElection42 ELECTION round 0: submit vote requests at term 2 for -1: [300bc6a6-ac9b-494f-ba5e-9b5cd40f574a|rpc:10.1.0.21:35611|dataStream:|priority:0, 58deb1ea-3cfa-40e5-9635-0b83604fd255|rpc:10.1.0.21:32883|dataStream:|priority:0, ddca7a03-388a-498e-af9c-b33aa01d2ce7|rpc:10.1.0.21:36561|dataStream:|priority:1], old=null
2022-07-27 13:52:44,496 [ddca7a03-388a-498e-af9c-b33aa01d2ce7@group-4AB8ADFB4942-LeaderElection43] INFO  impl.LeaderElection (LeaderElection.java:askForVotes(310)) - ddca7a03-388a-498e-af9c-b33aa01d2ce7@group-4AB8ADFB4942-LeaderElection43 ELECTION round 0: submit vote requests at term 2 for -1: [300bc6a6-ac9b-494f-ba5e-9b5cd40f574a|rpc:10.1.0.21:35611|dataStream:|priority:0, 58deb1ea-3cfa-40e5-9635-0b83604fd255|rpc:10.1.0.21:32883|dataStream:|priority:0, ddca7a03-388a-498e-af9c-b33aa01d2ce7|rpc:10.1.0.21:36561|dataStream:|priority:1], old=null
2022-07-27 13:52:44,500 [grpc-default-executor-0] INFO  server.RaftServer$Division (RaftServerImpl.java:requestVote(1152)) - ddca7a03-388a-498e-af9c-b33aa01d2ce7@group-4AB8ADFB4942: receive requestVote(ELECTION, 300bc6a6-ac9b-494f-ba5e-9b5cd40f574a, group-4AB8ADFB4942, 2, (t:0, i:0))
2022-07-27 13:52:44,500 [grpc-default-executor-0] INFO  impl.VoteContext (VoteContext.java:log(48)) - ddca7a03-388a-498e-af9c-b33aa01d2ce7@group-4AB8ADFB4942-CANDIDATE: reject ELECTION from 300bc6a6-ac9b-494f-ba5e-9b5cd40f574a: already has voted for ddca7a03-388a-498e-af9c-b33aa01d2ce7 at current term 2
2022-07-27 13:52:44,500 [grpc-default-executor-0] INFO  server.RaftServer$Division (RaftServerImpl.java:requestVote(1184)) - ddca7a03-388a-498e-af9c-b33aa01d2ce7@group-4AB8ADFB4942 replies to ELECTION vote request: 300bc6a6-ac9b-494f-ba5e-9b5cd40f574a<-ddca7a03-388a-498e-af9c-b33aa01d2ce7#0:FAIL-t2. Peer's state: ddca7a03-388a-498e-af9c-b33aa01d2ce7@group-4AB8ADFB4942:t2, leader=null, voted=ddca7a03-388a-498e-af9c-b33aa01d2ce7, raftlog=ddca7a03-388a-498e-af9c-b33aa01d2ce7@group-4AB8ADFB4942-SegmentedRaftLog:OPENED:c-1, conf=-1: [300bc6a6-ac9b-494f-ba5e-9b5cd40f574a|rpc:10.1.0.21:35611|dataStream:|priority:0, 58deb1ea-3cfa-40e5-9635-0b83604fd255|rpc:10.1.0.21:32883|dataStream:|priority:0, ddca7a03-388a-498e-af9c-b33aa01d2ce7|rpc:10.1.0.21:36561|dataStream:|priority:1], old=null
2022-07-27 13:52:44,501 [grpc-default-executor-1] INFO  server.RaftServer$Division (RaftServerImpl.java:requestVote(1152)) - 58deb1ea-3cfa-40e5-9635-0b83604fd255@group-4AB8ADFB4942: receive requestVote(ELECTION, 300bc6a6-ac9b-494f-ba5e-9b5cd40f574a, group-4AB8ADFB4942, 2, (t:0, i:0))
2022-07-27 13:52:44,501 [grpc-default-executor-1] INFO  impl.VoteContext (VoteContext.java:log(48)) - 58deb1ea-3cfa-40e5-9635-0b83604fd255@group-4AB8ADFB4942-CANDIDATE: reject ELECTION from 300bc6a6-ac9b-494f-ba5e-9b5cd40f574a: already has voted for 58deb1ea-3cfa-40e5-9635-0b83604fd255 at current term 2
2022-07-27 13:52:44,501 [grpc-default-executor-1] INFO  server.RaftServer$Division (RaftServerImpl.java:requestVote(1184)) - 58deb1ea-3cfa-40e5-9635-0b83604fd255@group-4AB8ADFB4942 replies to ELECTION vote request: 300bc6a6-ac9b-494f-ba5e-9b5cd40f574a<-58deb1ea-3cfa-40e5-9635-0b83604fd255#0:FAIL-t2. Peer's state: 58deb1ea-3cfa-40e5-9635-0b83604fd255@group-4AB8ADFB4942:t2, leader=null, voted=58deb1ea-3cfa-40e5-9635-0b83604fd255, raftlog=58deb1ea-3cfa-40e5-9635-0b83604fd255@group-4AB8ADFB4942-SegmentedRaftLog:OPENED:c-1, conf=-1: [300bc6a6-ac9b-494f-ba5e-9b5cd40f574a|rpc:10.1.0.21:35611|dataStream:|priority:0, 58deb1ea-3cfa-40e5-9635-0b83604fd255|rpc:10.1.0.21:32883|dataStream:|priority:0, ddca7a03-388a-498e-af9c-b33aa01d2ce7|rpc:10.1.0.21:36561|dataStream:|priority:1], old=null
2022-07-27 13:52:44,502 [300bc6a6-ac9b-494f-ba5e-9b5cd40f574a@group-4AB8ADFB4942-LeaderElection44] INFO  impl.LeaderElection (LeaderElection.java:logAndReturn(90)) - 300bc6a6-ac9b-494f-ba5e-9b5cd40f574a@group-4AB8ADFB4942-LeaderElection44: ELECTION REJECTED received 1 response(s) and 0 exception(s):
2022-07-27 13:52:44,502 [300bc6a6-ac9b-494f-ba5e-9b5cd40f574a@group-4AB8ADFB4942-LeaderElection44] INFO  impl.LeaderElection (LeaderElection.java:logAndReturn(94)) -   Response 0: 300bc6a6-ac9b-494f-ba5e-9b5cd40f574a<-ddca7a03-388a-498e-af9c-b33aa01d2ce7#0:FAIL-t2
2022-07-27 13:52:44,502 [300bc6a6-ac9b-494f-ba5e-9b5cd40f574a@group-4AB8ADFB4942-LeaderElection44] INFO  impl.LeaderElection (LeaderElection.java:askForVotes(312)) - 300bc6a6-ac9b-494f-ba5e-9b5cd40f574a@group-4AB8ADFB4942-LeaderElection44 ELECTION round 0: result REJECTED
2022-07-27 13:52:44,502 [300bc6a6-ac9b-494f-ba5e-9b5cd40f574a@group-4AB8ADFB4942-LeaderElection44] INFO  server.RaftServer$Division (RaftServerImpl.java:setRole(299)) - 300bc6a6-ac9b-494f-ba5e-9b5cd40f574a@group-4AB8ADFB4942: changes role from CANDIDATE to FOLLOWER at term 2 for REJECTED
2022-07-27 13:52:44,502 [300bc6a6-ac9b-494f-ba5e-9b5cd40f574a@group-4AB8ADFB4942-LeaderElection44] INFO  impl.RoleInfo (RoleInfo.java:shutdownLeaderElection(130)) - 300bc6a6-ac9b-494f-ba5e-9b5cd40f574a: shutdown 300bc6a6-ac9b-494f-ba5e-9b5cd40f574a@group-4AB8ADFB4942-LeaderElection44
2022-07-27 13:52:44,502 [300bc6a6-ac9b-494f-ba5e-9b5cd40f574a@group-4AB8ADFB4942-LeaderElection44] INFO  impl.RoleInfo (RoleInfo.java:updateAndGet(139)) - 300bc6a6-ac9b-494f-ba5e-9b5cd40f574a: start 300bc6a6-ac9b-494f-ba5e-9b5cd40f574a@group-4AB8ADFB4942-FollowerState
2022-07-27 13:52:44,608 [grpc-default-executor-0] INFO  server.RaftServer$Division (RaftServerImpl.java:requestVote(1152)) - ddca7a03-388a-498e-af9c-b33aa01d2ce7@group-4AB8ADFB4942: receive requestVote(ELECTION, 58deb1ea-3cfa-40e5-9635-0b83604fd255, group-4AB8ADFB4942, 2, (t:0, i:0))
2022-07-27 13:52:44,608 [grpc-default-executor-0] INFO  impl.VoteContext (VoteContext.java:log(48)) - ddca7a03-388a-498e-af9c-b33aa01d2ce7@group-4AB8ADFB4942-CANDIDATE: reject ELECTION from 58deb1ea-3cfa-40e5-9635-0b83604fd255: already has voted for ddca7a03-388a-498e-af9c-b33aa01d2ce7 at current term 2
2022-07-27 13:52:44,613 [grpc-default-executor-0] INFO  server.RaftServer$Division (RaftServerImpl.java:requestVote(1184)) - ddca7a03-388a-498e-af9c-b33aa01d2ce7@group-4AB8ADFB4942 replies to ELECTION vote request: 58deb1ea-3cfa-40e5-9635-0b83604fd255<-ddca7a03-388a-498e-af9c-b33aa01d2ce7#0:FAIL-t2. Peer's state: ddca7a03-388a-498e-af9c-b33aa01d2ce7@group-4AB8ADFB4942:t2, leader=null, voted=ddca7a03-388a-498e-af9c-b33aa01d2ce7, raftlog=ddca7a03-388a-498e-af9c-b33aa01d2ce7@group-4AB8ADFB4942-SegmentedRaftLog:OPENED:c-1, conf=-1: [300bc6a6-ac9b-494f-ba5e-9b5cd40f574a|rpc:10.1.0.21:35611|dataStream:|priority:0, 58deb1ea-3cfa-40e5-9635-0b83604fd255|rpc:10.1.0.21:32883|dataStream:|priority:0, ddca7a03-388a-498e-af9c-b33aa01d2ce7|rpc:10.1.0.21:36561|dataStream:|priority:1], old=null
2022-07-27 13:52:44,623 [58deb1ea-3cfa-40e5-9635-0b83604fd255@group-4AB8ADFB4942-LeaderElection42] INFO  impl.LeaderElection (LeaderElection.java:logAndReturn(90)) - 58deb1ea-3cfa-40e5-9635-0b83604fd255@group-4AB8ADFB4942-LeaderElection42: ELECTION REJECTED received 1 response(s) and 0 exception(s):
2022-07-27 13:52:44,623 [58deb1ea-3cfa-40e5-9635-0b83604fd255@group-4AB8ADFB4942-LeaderElection42] INFO  impl.LeaderElection (LeaderElection.java:logAndReturn(94)) -   Response 0: 58deb1ea-3cfa-40e5-9635-0b83604fd255<-ddca7a03-388a-498e-af9c-b33aa01d2ce7#0:FAIL-t2
2022-07-27 13:52:44,623 [58deb1ea-3cfa-40e5-9635-0b83604fd255@group-4AB8ADFB4942-LeaderElection42] INFO  impl.LeaderElection (LeaderElection.java:askForVotes(312)) - 58deb1ea-3cfa-40e5-9635-0b83604fd255@group-4AB8ADFB4942-LeaderElection42 ELECTION round 0: result REJECTED
2022-07-27 13:52:44,623 [58deb1ea-3cfa-40e5-9635-0b83604fd255@group-4AB8ADFB4942-LeaderElection42] INFO  server.RaftServer$Division (RaftServerImpl.java:setRole(299)) - 58deb1ea-3cfa-40e5-9635-0b83604fd255@group-4AB8ADFB4942: changes role from CANDIDATE to FOLLOWER at term 2 for REJECTED
2022-07-27 13:52:44,623 [58deb1ea-3cfa-40e5-9635-0b83604fd255@group-4AB8ADFB4942-LeaderElection42] INFO  impl.RoleInfo (RoleInfo.java:shutdownLeaderElection(130)) - 58deb1ea-3cfa-40e5-9635-0b83604fd255: shutdown 58deb1ea-3cfa-40e5-9635-0b83604fd255@group-4AB8ADFB4942-LeaderElection42
2022-07-27 13:52:44,623 [58deb1ea-3cfa-40e5-9635-0b83604fd255@group-4AB8ADFB4942-LeaderElection42] INFO  impl.RoleInfo (RoleInfo.java:updateAndGet(139)) - 58deb1ea-3cfa-40e5-9635-0b83604fd255: start 58deb1ea-3cfa-40e5-9635-0b83604fd255@group-4AB8ADFB4942-FollowerState
2022-07-27 13:52:44,645 [grpc-default-executor-2] INFO  server.RaftServer$Division (RaftServerImpl.java:requestVote(1152)) - 300bc6a6-ac9b-494f-ba5e-9b5cd40f574a@group-4AB8ADFB4942: receive requestVote(ELECTION, ddca7a03-388a-498e-af9c-b33aa01d2ce7, group-4AB8ADFB4942, 2, (t:0, i:0))
2022-07-27 13:52:44,645 [grpc-default-executor-2] INFO  impl.VoteContext (VoteContext.java:log(48)) - 300bc6a6-ac9b-494f-ba5e-9b5cd40f574a@group-4AB8ADFB4942-FOLLOWER: reject ELECTION from ddca7a03-388a-498e-af9c-b33aa01d2ce7: already has voted for 300bc6a6-ac9b-494f-ba5e-9b5cd40f574a at current term 2
2022-07-27 13:52:44,645 [grpc-default-executor-2] INFO  server.RaftServer$Division (RaftServerImpl.java:requestVote(1184)) - 300bc6a6-ac9b-494f-ba5e-9b5cd40f574a@group-4AB8ADFB4942 replies to ELECTION vote request: ddca7a03-388a-498e-af9c-b33aa01d2ce7<-300bc6a6-ac9b-494f-ba5e-9b5cd40f574a#0:FAIL-t2. Peer's state: 300bc6a6-ac9b-494f-ba5e-9b5cd40f574a@group-4AB8ADFB4942:t2, leader=null, voted=300bc6a6-ac9b-494f-ba5e-9b5cd40f574a, raftlog=300bc6a6-ac9b-494f-ba5e-9b5cd40f574a@group-4AB8ADFB4942-SegmentedRaftLog:OPENED:c-1, conf=-1: [300bc6a6-ac9b-494f-ba5e-9b5cd40f574a|rpc:10.1.0.21:35611|priority:0, 58deb1ea-3cfa-40e5-9635-0b83604fd255|rpc:10.1.0.21:32883|priority:0, ddca7a03-388a-498e-af9c-b33aa01d2ce7|rpc:10.1.0.21:36561|priority:1], old=null
2022-07-27 13:52:44,654 [grpc-default-executor-1] INFO  server.RaftServer$Division (RaftServerImpl.java:requestVote(1152)) - 300bc6a6-ac9b-494f-ba5e-9b5cd40f574a@group-4AB8ADFB4942: receive requestVote(ELECTION, 58deb1ea-3cfa-40e5-9635-0b83604fd255, group-4AB8ADFB4942, 2, (t:0, i:0))
2022-07-27 13:52:44,654 [grpc-default-executor-1] INFO  impl.VoteContext (VoteContext.java:log(48)) - 300bc6a6-ac9b-494f-ba5e-9b5cd40f574a@group-4AB8ADFB4942-FOLLOWER: reject ELECTION from 58deb1ea-3cfa-40e5-9635-0b83604fd255: already has voted for 300bc6a6-ac9b-494f-ba5e-9b5cd40f574a at current term 2
2022-07-27 13:52:44,655 [grpc-default-executor-1] INFO  server.RaftServer$Division (RaftServerImpl.java:requestVote(1184)) - 300bc6a6-ac9b-494f-ba5e-9b5cd40f574a@group-4AB8ADFB4942 replies to ELECTION vote request: 58deb1ea-3cfa-40e5-9635-0b83604fd255<-300bc6a6-ac9b-494f-ba5e-9b5cd40f574a#0:FAIL-t2. Peer's state: 300bc6a6-ac9b-494f-ba5e-9b5cd40f574a@group-4AB8ADFB4942:t2, leader=null, voted=300bc6a6-ac9b-494f-ba5e-9b5cd40f574a, raftlog=300bc6a6-ac9b-494f-ba5e-9b5cd40f574a@group-4AB8ADFB4942-SegmentedRaftLog:OPENED:c-1, conf=-1: [300bc6a6-ac9b-494f-ba5e-9b5cd40f574a|rpc:10.1.0.21:35611|priority:0, 58deb1ea-3cfa-40e5-9635-0b83604fd255|rpc:10.1.0.21:32883|priority:0, ddca7a03-388a-498e-af9c-b33aa01d2ce7|rpc:10.1.0.21:36561|priority:1], old=null
2022-07-27 13:52:44,666 [ddca7a03-388a-498e-af9c-b33aa01d2ce7@group-5E5AA6CD42E4-FollowerState] INFO  impl.FollowerState (FollowerState.java:run(143)) - ddca7a03-388a-498e-af9c-b33aa01d2ce7@group-5E5AA6CD42E4-FollowerState: change to CANDIDATE, lastRpcElapsedTime:5015471973ns, electionTimeout:5012ms
2022-07-27 13:52:44,667 [ddca7a03-388a-498e-af9c-b33aa01d2ce7@group-5E5AA6CD42E4-FollowerState] INFO  impl.RoleInfo (RoleInfo.java:shutdownFollowerState(110)) - ddca7a03-388a-498e-af9c-b33aa01d2ce7: shutdown ddca7a03-388a-498e-af9c-b33aa01d2ce7@group-5E5AA6CD42E4-FollowerState
2022-07-27 13:52:44,667 [ddca7a03-388a-498e-af9c-b33aa01d2ce7@group-5E5AA6CD42E4-FollowerState] INFO  server.RaftServer$Division (RaftServerImpl.java:setRole(299)) - ddca7a03-388a-498e-af9c-b33aa01d2ce7@group-5E5AA6CD42E4: changes role from  FOLLOWER to CANDIDATE at term 1 for changeToCandidate
2022-07-27 13:52:44,667 [ddca7a03-388a-498e-af9c-b33aa01d2ce7@group-5E5AA6CD42E4-FollowerState] INFO  server.RaftServerConfigKeys (ConfUtils.java:logGet(46)) - raft.server.leaderelection.pre-vote = false (custom)
2022-07-27 13:52:44,667 [ddca7a03-388a-498e-af9c-b33aa01d2ce7@group-5E5AA6CD42E4-FollowerState] INFO  impl.RoleInfo (RoleInfo.java:updateAndGet(139)) - ddca7a03-388a-498e-af9c-b33aa01d2ce7: start ddca7a03-388a-498e-af9c-b33aa01d2ce7@group-5E5AA6CD42E4-LeaderElection45
2022-07-27 13:52:44,667 [grpc-default-executor-0] INFO  server.RaftServer$Division (RaftServerImpl.java:requestVote(1152)) - 58deb1ea-3cfa-40e5-9635-0b83604fd255@group-4AB8ADFB4942: receive requestVote(ELECTION, ddca7a03-388a-498e-af9c-b33aa01d2ce7, group-4AB8ADFB4942, 2, (t:0, i:0))
2022-07-27 13:52:44,667 [grpc-default-executor-0] INFO  impl.VoteContext (VoteContext.java:log(48)) - 58deb1ea-3cfa-40e5-9635-0b83604fd255@group-4AB8ADFB4942-FOLLOWER: reject ELECTION from ddca7a03-388a-498e-af9c-b33aa01d2ce7: already has voted for 58deb1ea-3cfa-40e5-9635-0b83604fd255 at current term 2
2022-07-27 13:52:44,667 [grpc-default-executor-0] INFO  server.RaftServer$Division (RaftServerImpl.java:requestVote(1184)) - 58deb1ea-3cfa-40e5-9635-0b83604fd255@group-4AB8ADFB4942 replies to ELECTION vote request: ddca7a03-388a-498e-af9c-b33aa01d2ce7<-58deb1ea-3cfa-40e5-9635-0b83604fd255#0:FAIL-t2. Peer's state: 58deb1ea-3cfa-40e5-9635-0b83604fd255@group-4AB8ADFB4942:t2, leader=null, voted=58deb1ea-3cfa-40e5-9635-0b83604fd255, raftlog=58deb1ea-3cfa-40e5-9635-0b83604fd255@group-4AB8ADFB4942-SegmentedRaftLog:OPENED:c-1, conf=-1: [300bc6a6-ac9b-494f-ba5e-9b5cd40f574a|rpc:10.1.0.21:35611|dataStream:|priority:0, 58deb1ea-3cfa-40e5-9635-0b83604fd255|rpc:10.1.0.21:32883|dataStream:|priority:0, ddca7a03-388a-498e-af9c-b33aa01d2ce7|rpc:10.1.0.21:36561|dataStream:|priority:1], old=null
2022-07-27 13:52:44,690 [ddca7a03-388a-498e-af9c-b33aa01d2ce7@group-4AB8ADFB4942-LeaderElection43] INFO  impl.LeaderElection (LeaderElection.java:logAndReturn(90)) - ddca7a03-388a-498e-af9c-b33aa01d2ce7@group-4AB8ADFB4942-LeaderElection43: ELECTION REJECTED received 2 response(s) and 0 exception(s):
2022-07-27 13:52:44,690 [ddca7a03-388a-498e-af9c-b33aa01d2ce7@group-4AB8ADFB4942-LeaderElection43] INFO  impl.LeaderElection (LeaderElection.java:logAndReturn(94)) -   Response 0: ddca7a03-388a-498e-af9c-b33aa01d2ce7<-300bc6a6-ac9b-494f-ba5e-9b5cd40f574a#0:FAIL-t2
2022-07-27 13:52:44,690 [ddca7a03-388a-498e-af9c-b33aa01d2ce7@group-4AB8ADFB4942-LeaderElection43] INFO  impl.LeaderElection (LeaderElection.java:logAndReturn(94)) -   Response 1: ddca7a03-388a-498e-af9c-b33aa01d2ce7<-58deb1ea-3cfa-40e5-9635-0b83604fd255#0:FAIL-t2
2022-07-27 13:52:44,690 [ddca7a03-388a-498e-af9c-b33aa01d2ce7@group-4AB8ADFB4942-LeaderElection43] INFO  impl.LeaderElection (LeaderElection.java:askForVotes(312)) - ddca7a03-388a-498e-af9c-b33aa01d2ce7@group-4AB8ADFB4942-LeaderElection43 ELECTION round 0: result REJECTED
2022-07-27 13:52:44,690 [ddca7a03-388a-498e-af9c-b33aa01d2ce7@group-4AB8ADFB4942-LeaderElection43] INFO  server.RaftServer$Division (RaftServerImpl.java:setRole(299)) - ddca7a03-388a-498e-af9c-b33aa01d2ce7@group-4AB8ADFB4942: changes role from CANDIDATE to FOLLOWER at term 2 for REJECTED
2022-07-27 13:52:44,690 [ddca7a03-388a-498e-af9c-b33aa01d2ce7@group-4AB8ADFB4942-LeaderElection43] INFO  impl.RoleInfo (RoleInfo.java:shutdownLeaderElection(130)) - ddca7a03-388a-498e-af9c-b33aa01d2ce7: shutdown ddca7a03-388a-498e-af9c-b33aa01d2ce7@group-4AB8ADFB4942-LeaderElection43
2022-07-27 13:52:44,690 [ddca7a03-388a-498e-af9c-b33aa01d2ce7@group-4AB8ADFB4942-LeaderElection43] INFO  impl.RoleInfo (RoleInfo.java:updateAndGet(139)) - ddca7a03-388a-498e-af9c-b33aa01d2ce7: start ddca7a03-388a-498e-af9c-b33aa01d2ce7@group-4AB8ADFB4942-FollowerState
2022-07-27 13:52:44,696 [58deb1ea-3cfa-40e5-9635-0b83604fd255@group-5E5AA6CD42E4-FollowerState] INFO  impl.FollowerState (FollowerState.java:run(143)) - 58deb1ea-3cfa-40e5-9635-0b83604fd255@group-5E5AA6CD42E4-FollowerState: change to CANDIDATE, lastRpcElapsedTime:5123839532ns, electionTimeout:5084ms
2022-07-27 13:52:44,697 [58deb1ea-3cfa-40e5-9635-0b83604fd255@group-5E5AA6CD42E4-FollowerState] INFO  impl.RoleInfo (RoleInfo.java:shutdownFollowerState(110)) - 58deb1ea-3cfa-40e5-9635-0b83604fd255: shutdown 58deb1ea-3cfa-40e5-9635-0b83604fd255@group-5E5AA6CD42E4-FollowerState
2022-07-27 13:52:44,697 [58deb1ea-3cfa-40e5-9635-0b83604fd255@group-5E5AA6CD42E4-FollowerState] INFO  server.RaftServer$Division (RaftServerImpl.java:setRole(299)) - 58deb1ea-3cfa-40e5-9635-0b83604fd255@group-5E5AA6CD42E4: changes role from  FOLLOWER to CANDIDATE at term 1 for changeToCandidate
2022-07-27 13:52:44,697 [58deb1ea-3cfa-40e5-9635-0b83604fd255@group-5E5AA6CD42E4-FollowerState] INFO  server.RaftServerConfigKeys (ConfUtils.java:logGet(46)) - raft.server.leaderelection.pre-vote = false (custom)
2022-07-27 13:52:44,697 [58deb1ea-3cfa-40e5-9635-0b83604fd255@group-5E5AA6CD42E4-FollowerState] INFO  impl.RoleInfo (RoleInfo.java:updateAndGet(139)) - 58deb1ea-3cfa-40e5-9635-0b83604fd255: start 58deb1ea-3cfa-40e5-9635-0b83604fd255@group-5E5AA6CD42E4-LeaderElection46
2022-07-27 13:52:44,726 [300bc6a6-ac9b-494f-ba5e-9b5cd40f574a@group-5E5AA6CD42E4-FollowerState] INFO  impl.FollowerState (FollowerState.java:run(143)) - 300bc6a6-ac9b-494f-ba5e-9b5cd40f574a@group-5E5AA6CD42E4-FollowerState: change to CANDIDATE, lastRpcElapsedTime:5098527608ns, electionTimeout:5067ms
2022-07-27 13:52:44,726 [300bc6a6-ac9b-494f-ba5e-9b5cd40f574a@group-5E5AA6CD42E4-FollowerState] INFO  impl.RoleInfo (RoleInfo.java:shutdownFollowerState(110)) - 300bc6a6-ac9b-494f-ba5e-9b5cd40f574a: shutdown 300bc6a6-ac9b-494f-ba5e-9b5cd40f574a@group-5E5AA6CD42E4-FollowerState
2022-07-27 13:52:44,726 [300bc6a6-ac9b-494f-ba5e-9b5cd40f574a@group-5E5AA6CD42E4-FollowerState] INFO  server.RaftServer$Division (RaftServerImpl.java:setRole(299)) - 300bc6a6-ac9b-494f-ba5e-9b5cd40f574a@group-5E5AA6CD42E4: changes role from  FOLLOWER to CANDIDATE at term 1 for changeToCandidate
2022-07-27 13:52:44,726 [300bc6a6-ac9b-494f-ba5e-9b5cd40f574a@group-5E5AA6CD42E4-FollowerState] INFO  server.RaftServerConfigKeys (ConfUtils.java:logGet(46)) - raft.server.leaderelection.pre-vote = false (custom)
2022-07-27 13:52:44,726 [300bc6a6-ac9b-494f-ba5e-9b5cd40f574a@group-5E5AA6CD42E4-FollowerState] INFO  impl.RoleInfo (RoleInfo.java:updateAndGet(139)) - 300bc6a6-ac9b-494f-ba5e-9b5cd40f574a: start 300bc6a6-ac9b-494f-ba5e-9b5cd40f574a@group-5E5AA6CD42E4-LeaderElection47
2022-07-27 13:52:44,727 [58deb1ea-3cfa-40e5-9635-0b83604fd255@group-5E5AA6CD42E4-LeaderElection46] INFO  impl.LeaderElection (LeaderElection.java:askForVotes(310)) - 58deb1ea-3cfa-40e5-9635-0b83604fd255@group-5E5AA6CD42E4-LeaderElection46 ELECTION round 0: submit vote requests at term 2 for -1: [300bc6a6-ac9b-494f-ba5e-9b5cd40f574a|rpc:10.1.0.21:35611|dataStream:|priority:0, 58deb1ea-3cfa-40e5-9635-0b83604fd255|rpc:10.1.0.21:32883|dataStream:|priority:1, ddca7a03-388a-498e-af9c-b33aa01d2ce7|rpc:10.1.0.21:36561|dataStream:|priority:0], old=null
2022-07-27 13:52:44,747 [grpc-default-executor-0] INFO  server.RaftServer$Division (RaftServerImpl.java:requestVote(1152)) - 300bc6a6-ac9b-494f-ba5e-9b5cd40f574a@group-5E5AA6CD42E4: receive requestVote(ELECTION, 58deb1ea-3cfa-40e5-9635-0b83604fd255, group-5E5AA6CD42E4, 2, (t:0, i:0))
2022-07-27 13:52:44,747 [grpc-default-executor-0] INFO  impl.VoteContext (VoteContext.java:log(48)) - 300bc6a6-ac9b-494f-ba5e-9b5cd40f574a@group-5E5AA6CD42E4-CANDIDATE: accept ELECTION from 58deb1ea-3cfa-40e5-9635-0b83604fd255: our priority 0 <= candidate's priority 1
2022-07-27 13:52:44,747 [grpc-default-executor-0] INFO  server.RaftServer$Division (RaftServerImpl.java:setRole(299)) - 300bc6a6-ac9b-494f-ba5e-9b5cd40f574a@group-5E5AA6CD42E4: changes role from CANDIDATE to FOLLOWER at term 2 for candidate:58deb1ea-3cfa-40e5-9635-0b83604fd255
2022-07-27 13:52:44,747 [grpc-default-executor-0] INFO  impl.RoleInfo (RoleInfo.java:shutdownLeaderElection(130)) - 300bc6a6-ac9b-494f-ba5e-9b5cd40f574a: shutdown 300bc6a6-ac9b-494f-ba5e-9b5cd40f574a@group-5E5AA6CD42E4-LeaderElection47
2022-07-27 13:52:44,747 [grpc-default-executor-0] INFO  impl.RoleInfo (RoleInfo.java:updateAndGet(139)) - 300bc6a6-ac9b-494f-ba5e-9b5cd40f574a: start 300bc6a6-ac9b-494f-ba5e-9b5cd40f574a@group-5E5AA6CD42E4-FollowerState
2022-07-27 13:52:44,753 [grpc-default-executor-0] INFO  server.RaftServer$Division (RaftServerImpl.java:requestVote(1184)) - 300bc6a6-ac9b-494f-ba5e-9b5cd40f574a@group-5E5AA6CD42E4 replies to ELECTION vote request: 58deb1ea-3cfa-40e5-9635-0b83604fd255<-300bc6a6-ac9b-494f-ba5e-9b5cd40f574a#0:OK-t2. Peer's state: 300bc6a6-ac9b-494f-ba5e-9b5cd40f574a@group-5E5AA6CD42E4:t2, leader=null, voted=58deb1ea-3cfa-40e5-9635-0b83604fd255, raftlog=300bc6a6-ac9b-494f-ba5e-9b5cd40f574a@group-5E5AA6CD42E4-SegmentedRaftLog:OPENED:c-1, conf=-1: [300bc6a6-ac9b-494f-ba5e-9b5cd40f574a|rpc:10.1.0.21:35611|priority:0, 58deb1ea-3cfa-40e5-9635-0b83604fd255|rpc:10.1.0.21:32883|priority:1, ddca7a03-388a-498e-af9c-b33aa01d2ce7|rpc:10.1.0.21:36561|priority:0], old=null
2022-07-27 13:52:44,759 [300bc6a6-ac9b-494f-ba5e-9b5cd40f574a@group-5E5AA6CD42E4-LeaderElection47] INFO  impl.LeaderElection (LeaderElection.java:run(231)) - 300bc6a6-ac9b-494f-ba5e-9b5cd40f574a@group-5E5AA6CD42E4-LeaderElection47: skip running since this is already CLOSING
2022-07-27 13:52:44,764 [ddca7a03-388a-498e-af9c-b33aa01d2ce7@group-5E5AA6CD42E4-LeaderElection45] INFO  impl.LeaderElection (LeaderElection.java:askForVotes(310)) - ddca7a03-388a-498e-af9c-b33aa01d2ce7@group-5E5AA6CD42E4-LeaderElection45 ELECTION round 0: submit vote requests at term 2 for -1: [300bc6a6-ac9b-494f-ba5e-9b5cd40f574a|rpc:10.1.0.21:35611|dataStream:|priority:0, 58deb1ea-3cfa-40e5-9635-0b83604fd255|rpc:10.1.0.21:32883|dataStream:|priority:1, ddca7a03-388a-498e-af9c-b33aa01d2ce7|rpc:10.1.0.21:36561|dataStream:|priority:0], old=null
2022-07-27 13:52:44,764 [58deb1ea-3cfa-40e5-9635-0b83604fd255@group-5E5AA6CD42E4-LeaderElection46] INFO  impl.LeaderElection (LeaderElection.java:logAndReturn(90)) - 58deb1ea-3cfa-40e5-9635-0b83604fd255@group-5E5AA6CD42E4-LeaderElection46: ELECTION PASSED received 1 response(s) and 0 exception(s):
2022-07-27 13:52:44,764 [58deb1ea-3cfa-40e5-9635-0b83604fd255@group-5E5AA6CD42E4-LeaderElection46] INFO  impl.LeaderElection (LeaderElection.java:logAndReturn(94)) -   Response 0: 58deb1ea-3cfa-40e5-9635-0b83604fd255<-300bc6a6-ac9b-494f-ba5e-9b5cd40f574a#0:OK-t2
2022-07-27 13:52:44,767 [58deb1ea-3cfa-40e5-9635-0b83604fd255@group-5E5AA6CD42E4-LeaderElection46] INFO  impl.LeaderElection (LeaderElection.java:askForVotes(312)) - 58deb1ea-3cfa-40e5-9635-0b83604fd255@group-5E5AA6CD42E4-LeaderElection46 ELECTION round 0: result PASSED
2022-07-27 13:52:44,767 [58deb1ea-3cfa-40e5-9635-0b83604fd255@group-5E5AA6CD42E4-LeaderElection46] INFO  impl.RoleInfo (RoleInfo.java:shutdownLeaderElection(130)) - 58deb1ea-3cfa-40e5-9635-0b83604fd255: shutdown 58deb1ea-3cfa-40e5-9635-0b83604fd255@group-5E5AA6CD42E4-LeaderElection46
2022-07-27 13:52:44,767 [58deb1ea-3cfa-40e5-9635-0b83604fd255@group-5E5AA6CD42E4-LeaderElection46] INFO  server.RaftServer$Division (RaftServerImpl.java:setRole(299)) - 58deb1ea-3cfa-40e5-9635-0b83604fd255@group-5E5AA6CD42E4: changes role from CANDIDATE to LEADER at term 2 for changeToLeader
2022-07-27 13:52:44,767 [58deb1ea-3cfa-40e5-9635-0b83604fd255@group-5E5AA6CD42E4-LeaderElection46] INFO  ratis.XceiverServerRatis (XceiverServerRatis.java:handleLeaderChangedNotification(863)) - Leader change notification received for group: group-5E5AA6CD42E4 with new leaderId: 58deb1ea-3cfa-40e5-9635-0b83604fd255
2022-07-27 13:52:44,767 [58deb1ea-3cfa-40e5-9635-0b83604fd255@group-5E5AA6CD42E4-LeaderElection46] INFO  server.RaftServer$Division (ServerState.java:setLeader(287)) - 58deb1ea-3cfa-40e5-9635-0b83604fd255@group-5E5AA6CD42E4: change Leader from null to 58deb1ea-3cfa-40e5-9635-0b83604fd255 at term 2 for becomeLeader, leader elected after 10257ms
2022-07-27 13:52:44,767 [58deb1ea-3cfa-40e5-9635-0b83604fd255@group-5E5AA6CD42E4-LeaderElection46] INFO  server.RaftServerConfigKeys (ConfUtils.java:logGet(46)) - raft.server.staging.catchup.gap = 1000 (default)
2022-07-27 13:52:44,768 [58deb1ea-3cfa-40e5-9635-0b83604fd255@group-5E5AA6CD42E4-LeaderElection46] INFO  server.RaftServerConfigKeys (ConfUtils.java:logGet(46)) - raft.server.write.element-limit = 1024 (custom)
2022-07-27 13:52:44,768 [58deb1ea-3cfa-40e5-9635-0b83604fd255@group-5E5AA6CD42E4-LeaderElection46] INFO  server.RaftServerConfigKeys (ConfUtils.java:logGet(46)) - raft.server.write.byte-limit = 1024 M (=1073741824) (custom)
2022-07-27 13:52:44,768 [58deb1ea-3cfa-40e5-9635-0b83604fd255@group-5E5AA6CD42E4-LeaderElection46] INFO  server.RaftServerConfigKeys (ConfUtils.java:logGet(46)) - raft.server.watch.timeout = 180s (custom)
2022-07-27 13:52:44,768 [58deb1ea-3cfa-40e5-9635-0b83604fd255@group-5E5AA6CD42E4-LeaderElection46] INFO  server.RaftServerConfigKeys (ConfUtils.java:logGet(46)) - raft.server.watch.timeout.denomination = 1s (default)
2022-07-27 13:52:44,768 [58deb1ea-3cfa-40e5-9635-0b83604fd255@group-5E5AA6CD42E4-LeaderElection46] INFO  server.RaftServerConfigKeys (ConfUtils.java:logGet(46)) - raft.server.watch.element-limit = 65536 (default)
2022-07-27 13:52:44,768 [58deb1ea-3cfa-40e5-9635-0b83604fd255@group-5E5AA6CD42E4-LeaderElection46] INFO  server.RaftServerConfigKeys (ConfUtils.java:logGet(46)) - raft.server.write.element-limit = 1024 (custom)
2022-07-27 13:52:44,768 [58deb1ea-3cfa-40e5-9635-0b83604fd255@group-5E5AA6CD42E4-LeaderElection46] INFO  server.RaftServerConfigKeys (ConfUtils.java:logGet(46)) - raft.server.write.follower.gap.ratio.max = -1.0 (default)
2022-07-27 13:52:44,769 [58deb1ea-3cfa-40e5-9635-0b83604fd255@group-5E5AA6CD42E4-LeaderElection46] INFO  server.RaftServerConfigKeys (ConfUtils.java:logGet(46)) - raft.server.log.appender.snapshot.chunk.size.max = 16MB (=16777216) (default)
2022-07-27 13:52:44,769 [58deb1ea-3cfa-40e5-9635-0b83604fd255@group-5E5AA6CD42E4-LeaderElection46] INFO  server.RaftServerConfigKeys (ConfUtils.java:logGet(46)) - raft.server.log.appender.buffer.byte-limit = 33554432 (custom)
2022-07-27 13:52:44,769 [58deb1ea-3cfa-40e5-9635-0b83604fd255@group-5E5AA6CD42E4-LeaderElection46] INFO  server.RaftServerConfigKeys (ConfUtils.java:logGet(46)) - raft.server.log.appender.buffer.element-limit = 1 (custom)
2022-07-27 13:52:44,769 [58deb1ea-3cfa-40e5-9635-0b83604fd255@group-5E5AA6CD42E4-LeaderElection46] INFO  grpc.GrpcConfigKeys (ConfUtils.java:logGet(46)) - raft.grpc.server.leader.outstanding.appends.max = 128 (default)
2022-07-27 13:52:44,769 [58deb1ea-3cfa-40e5-9635-0b83604fd255@group-5E5AA6CD42E4-LeaderElection46] INFO  server.RaftServerConfigKeys (ConfUtils.java:logGet(46)) - raft.server.rpc.request.timeout = 60s (custom)
2022-07-27 13:52:44,769 [58deb1ea-3cfa-40e5-9635-0b83604fd255@group-5E5AA6CD42E4-LeaderElection46] INFO  server.RaftServerConfigKeys (ConfUtils.java:logGet(46)) - raft.server.log.appender.install.snapshot.enabled = false (custom)
2022-07-27 13:52:44,767 [grpc-default-executor-1] INFO  server.RaftServer$Division (RaftServerImpl.java:requestVote(1152)) - ddca7a03-388a-498e-af9c-b33aa01d2ce7@group-5E5AA6CD42E4: receive requestVote(ELECTION, 58deb1ea-3cfa-40e5-9635-0b83604fd255, group-5E5AA6CD42E4, 2, (t:0, i:0))
2022-07-27 13:52:44,770 [grpc-default-executor-1] INFO  impl.VoteContext (VoteContext.java:log(48)) - ddca7a03-388a-498e-af9c-b33aa01d2ce7@group-5E5AA6CD42E4-CANDIDATE: reject ELECTION from 58deb1ea-3cfa-40e5-9635-0b83604fd255: already has voted for ddca7a03-388a-498e-af9c-b33aa01d2ce7 at current term 2
2022-07-27 13:52:44,770 [grpc-default-executor-1] INFO  server.RaftServer$Division (RaftServerImpl.java:requestVote(1184)) - ddca7a03-388a-498e-af9c-b33aa01d2ce7@group-5E5AA6CD42E4 replies to ELECTION vote request: 58deb1ea-3cfa-40e5-9635-0b83604fd255<-ddca7a03-388a-498e-af9c-b33aa01d2ce7#0:FAIL-t2. Peer's state: ddca7a03-388a-498e-af9c-b33aa01d2ce7@group-5E5AA6CD42E4:t2, leader=null, voted=ddca7a03-388a-498e-af9c-b33aa01d2ce7, raftlog=ddca7a03-388a-498e-af9c-b33aa01d2ce7@group-5E5AA6CD42E4-SegmentedRaftLog:OPENED:c-1, conf=-1: [300bc6a6-ac9b-494f-ba5e-9b5cd40f574a|rpc:10.1.0.21:35611|dataStream:|priority:0, 58deb1ea-3cfa-40e5-9635-0b83604fd255|rpc:10.1.0.21:32883|dataStream:|priority:1, ddca7a03-388a-498e-af9c-b33aa01d2ce7|rpc:10.1.0.21:36561|dataStream:|priority:0], old=null
2022-07-27 13:52:44,767 [grpc-default-executor-0] INFO  server.RaftServer$Division (RaftServerImpl.java:requestVote(1152)) - 300bc6a6-ac9b-494f-ba5e-9b5cd40f574a@group-5E5AA6CD42E4: receive requestVote(ELECTION, ddca7a03-388a-498e-af9c-b33aa01d2ce7, group-5E5AA6CD42E4, 2, (t:0, i:0))
2022-07-27 13:52:44,771 [grpc-default-executor-0] INFO  impl.VoteContext (VoteContext.java:log(48)) - 300bc6a6-ac9b-494f-ba5e-9b5cd40f574a@group-5E5AA6CD42E4-FOLLOWER: reject ELECTION from ddca7a03-388a-498e-af9c-b33aa01d2ce7: already has voted for 58deb1ea-3cfa-40e5-9635-0b83604fd255 at current term 2
2022-07-27 13:52:44,771 [grpc-default-executor-0] INFO  server.RaftServer$Division (RaftServerImpl.java:requestVote(1184)) - 300bc6a6-ac9b-494f-ba5e-9b5cd40f574a@group-5E5AA6CD42E4 replies to ELECTION vote request: ddca7a03-388a-498e-af9c-b33aa01d2ce7<-300bc6a6-ac9b-494f-ba5e-9b5cd40f574a#0:FAIL-t2. Peer's state: 300bc6a6-ac9b-494f-ba5e-9b5cd40f574a@group-5E5AA6CD42E4:t2, leader=null, voted=58deb1ea-3cfa-40e5-9635-0b83604fd255, raftlog=300bc6a6-ac9b-494f-ba5e-9b5cd40f574a@group-5E5AA6CD42E4-SegmentedRaftLog:OPENED:c-1, conf=-1: [300bc6a6-ac9b-494f-ba5e-9b5cd40f574a|rpc:10.1.0.21:35611|priority:0, 58deb1ea-3cfa-40e5-9635-0b83604fd255|rpc:10.1.0.21:32883|priority:1, ddca7a03-388a-498e-af9c-b33aa01d2ce7|rpc:10.1.0.21:36561|priority:0], old=null
2022-07-27 13:52:44,775 [58deb1ea-3cfa-40e5-9635-0b83604fd255@group-5E5AA6CD42E4-LeaderElection46] INFO  server.RaftServerConfigKeys (ConfUtils.java:logGet(46)) - raft.server.log.appender.snapshot.chunk.size.max = 16MB (=16777216) (default)
2022-07-27 13:52:44,775 [58deb1ea-3cfa-40e5-9635-0b83604fd255@group-5E5AA6CD42E4-LeaderElection46] INFO  server.RaftServerConfigKeys (ConfUtils.java:logGet(46)) - raft.server.log.appender.buffer.byte-limit = 33554432 (custom)
2022-07-27 13:52:44,775 [58deb1ea-3cfa-40e5-9635-0b83604fd255@group-5E5AA6CD42E4-LeaderElection46] INFO  server.RaftServerConfigKeys (ConfUtils.java:logGet(46)) - raft.server.log.appender.buffer.element-limit = 1 (custom)
2022-07-27 13:52:44,775 [58deb1ea-3cfa-40e5-9635-0b83604fd255@group-5E5AA6CD42E4-LeaderElection46] INFO  grpc.GrpcConfigKeys (ConfUtils.java:logGet(46)) - raft.grpc.server.leader.outstanding.appends.max = 128 (default)
2022-07-27 13:52:44,775 [58deb1ea-3cfa-40e5-9635-0b83604fd255@group-5E5AA6CD42E4-LeaderElection46] INFO  server.RaftServerConfigKeys (ConfUtils.java:logGet(46)) - raft.server.rpc.request.timeout = 60s (custom)
2022-07-27 13:52:44,775 [58deb1ea-3cfa-40e5-9635-0b83604fd255@group-5E5AA6CD42E4-LeaderElection46] INFO  server.RaftServerConfigKeys (ConfUtils.java:logGet(46)) - raft.server.log.appender.install.snapshot.enabled = false (custom)
2022-07-27 13:52:44,799 [EventQueue-PipelineReportForPipelineReportHandler] INFO  pipeline.PipelineManagerImpl (PipelineManagerImpl.java:openPipeline(367)) - Pipeline Pipeline[ Id: 1db598ad-abc5-482d-a489-5e5aa6cd42e4, Nodes: 300bc6a6-ac9b-494f-ba5e-9b5cd40f574a{ip: 10.1.0.21, host: fv-az217-261.5fhmivlnczbevhjmk01nzrxweh.bx.internal.cloudapp.net, ports: [REPLICATION=39195, RATIS=35611, RATIS_ADMIN=35611, RATIS_SERVER=35611, STANDALONE=41653], networkLocation: /default-rack, certSerialId: null, persistedOpState: IN_SERVICE, persistedOpStateExpiryEpochSec: 0}58deb1ea-3cfa-40e5-9635-0b83604fd255{ip: 10.1.0.21, host: fv-az217-261.5fhmivlnczbevhjmk01nzrxweh.bx.internal.cloudapp.net, ports: [REPLICATION=36857, RATIS=32883, RATIS_ADMIN=32883, RATIS_SERVER=32883, STANDALONE=44631], networkLocation: /default-rack, certSerialId: null, persistedOpState: IN_SERVICE, persistedOpStateExpiryEpochSec: 0}ddca7a03-388a-498e-af9c-b33aa01d2ce7{ip: 10.1.0.21, host: fv-az217-261.5fhmivlnczbevhjmk01nzrxweh.bx.internal.cloudapp.net, ports: [REPLICATION=44895, RATIS=36561, RATIS_ADMIN=36561, RATIS_SERVER=36561, STANDALONE=40979], networkLocation: /default-rack, certSerialId: null, persistedOpState: IN_SERVICE, persistedOpStateExpiryEpochSec: 0}, ReplicationConfig: RATIS/THREE, State:ALLOCATED, leaderId:58deb1ea-3cfa-40e5-9635-0b83604fd255, CreationTimestamp2022-07-27T13:52:32.556Z[Etc/UTC]] moved to OPEN state
2022-07-27 13:52:44,800 [EventQueue-OpenPipelineForHealthyPipelineSafeModeRule] INFO  safemode.SCMSafeModeManager (HealthyPipelineSafeModeRule.java:process(137)) - SCM in safe mode. Healthy pipelines reported count is 0, required healthy pipeline reported count is 1
2022-07-27 13:52:44,800 [EventQueue-OpenPipelineForHealthyPipelineSafeModeRule] INFO  safemode.SCMSafeModeManager (HealthyPipelineSafeModeRule.java:process(137)) - SCM in safe mode. Healthy pipelines reported count is 1, required healthy pipeline reported count is 1
2022-07-27 13:52:44,800 [EventQueue-OpenPipelineForHealthyPipelineSafeModeRule] INFO  safemode.SCMSafeModeManager (SCMSafeModeManager.java:validateSafeModeExitRules(204)) - HealthyPipelineSafeModeRule rule is successfully validated
2022-07-27 13:52:44,800 [EventQueue-OpenPipelineForHealthyPipelineSafeModeRule] INFO  safemode.SCMSafeModeManager (SCMSafeModeManager.java:validateSafeModeExitRules(219)) - ScmSafeModeManager, all rules are successfully validated
2022-07-27 13:52:44,800 [EventQueue-OpenPipelineForHealthyPipelineSafeModeRule] INFO  safemode.SCMSafeModeManager (SCMSafeModeManager.java:exitSafeMode(248)) - SCM exiting safe mode.
2022-07-27 13:52:44,800 [EventQueue-OpenPipelineForHealthyPipelineSafeModeRule] WARN  events.EventQueue (EventQueue.java:fireEvent(216)) - No event handler registered for event TypedEvent{payloadType=SafeModeStatus, name='Safe mode status'}
2022-07-27 13:52:44,800 [EventQueue-OpenPipelineForHealthyPipelineSafeModeRule] INFO  ha.SCMContext (SCMContext.java:updateSafeModeStatus(228)) - Update SafeModeStatus from SafeModeStatus{safeModeStatus=true, preCheckPassed=true} to SafeModeStatus{safeModeStatus=false, preCheckPassed=true}.
2022-07-27 13:52:44,800 [EventQueue-OpenPipelineForHealthyPipelineSafeModeRule] INFO  pipeline.BackgroundPipelineCreator (BackgroundPipelineCreator.java:notifyStatusChanged(254)) - Service BackgroundPipelineCreator transitions to RUNNING.
2022-07-27 13:52:44,800 [EventQueue-OpenPipelineForHealthyPipelineSafeModeRule] INFO  BackgroundPipelineScrubber (BackgroundSCMService.java:notifyStatusChanged(82)) - Service BackgroundPipelineScrubber transitions to RUNNING.
2022-07-27 13:52:44,800 [EventQueue-OpenPipelineForHealthyPipelineSafeModeRule] INFO  ExpiredContainerReplicaOpScrubber (BackgroundSCMService.java:notifyStatusChanged(82)) - Service ExpiredContainerReplicaOpScrubber transitions to RUNNING.
2022-07-27 13:52:44,800 [EventQueue-OpenPipelineForHealthyPipelineSafeModeRule] INFO  UnderReplicatedQueueThread (BackgroundSCMService.java:notifyStatusChanged(82)) - Service UnderReplicatedQueueThread transitions to RUNNING.
2022-07-27 13:52:44,800 [EventQueue-OpenPipelineForHealthyPipelineSafeModeRule] INFO  OverReplicatedQueueThread (BackgroundSCMService.java:notifyStatusChanged(82)) - Service OverReplicatedQueueThread transitions to RUNNING.
2022-07-27 13:52:44,800 [EventQueue-OpenPipelineForHealthyPipelineSafeModeRule] INFO  replication.ReplicationManager (ReplicationManager.java:notifyStatusChanged(642)) - Service ReplicationManager transitions to RUNNING.
2022-07-27 13:52:44,800 [EventQueue-OpenPipelineForHealthyPipelineSafeModeRule] WARN  balancer.ContainerBalancer (ContainerBalancer.java:shouldRun(903)) - Could not find persisted configuration for ContainerBalancer when checking if ContainerBalancer should run. ContainerBalancer should not run now.
2022-07-27 13:52:44,812 [58deb1ea-3cfa-40e5-9635-0b83604fd255@group-5E5AA6CD42E4-LeaderElection46] INFO  impl.RoleInfo (RoleInfo.java:updateAndGet(139)) - 58deb1ea-3cfa-40e5-9635-0b83604fd255: start 58deb1ea-3cfa-40e5-9635-0b83604fd255@group-5E5AA6CD42E4-LeaderStateImpl
2022-07-27 13:52:44,813 [58deb1ea-3cfa-40e5-9635-0b83604fd255@group-5E5AA6CD42E4-LeaderElection46] INFO  segmented.SegmentedRaftLogWorker (SegmentedRaftLogWorker.java:startLogSegment(425)) - 58deb1ea-3cfa-40e5-9635-0b83604fd255@group-5E5AA6CD42E4-SegmentedRaftLogWorker: Starting segment from index:0
2022-07-27 13:52:44,819 [58deb1ea-3cfa-40e5-9635-0b83604fd255@group-5E5AA6CD42E4-SegmentedRaftLogWorker] INFO  segmented.SegmentedRaftLogWorker (SegmentedRaftLogWorker.java:execute(629)) - 58deb1ea-3cfa-40e5-9635-0b83604fd255@group-5E5AA6CD42E4-SegmentedRaftLogWorker: created new log segment /home/runner/work/ozone/ozone/hadoop-ozone/integration-test/target/test-dir/MiniOzoneClusterImpl-d8681e24-cb86-4f17-9b85-5d83644f9f4f/datanode-1/data/ratis/1db598ad-abc5-482d-a489-5e5aa6cd42e4/current/log_inprogress_0
2022-07-27 13:52:44,847 [58deb1ea-3cfa-40e5-9635-0b83604fd255@group-5E5AA6CD42E4-LeaderElection46] INFO  server.RaftServer$Division (ServerState.java:setRaftConf(393)) - 58deb1ea-3cfa-40e5-9635-0b83604fd255@group-5E5AA6CD42E4: set configuration 0: [300bc6a6-ac9b-494f-ba5e-9b5cd40f574a|rpc:10.1.0.21:35611|dataStream:|priority:0, 58deb1ea-3cfa-40e5-9635-0b83604fd255|rpc:10.1.0.21:32883|dataStream:|priority:1, ddca7a03-388a-498e-af9c-b33aa01d2ce7|rpc:10.1.0.21:36561|dataStream:|priority:0], old=null
2022-07-27 13:52:44,856 [grpc-default-executor-1] INFO  server.RaftServer$Division (RaftServerImpl.java:requestVote(1152)) - 58deb1ea-3cfa-40e5-9635-0b83604fd255@group-5E5AA6CD42E4: receive requestVote(ELECTION, ddca7a03-388a-498e-af9c-b33aa01d2ce7, group-5E5AA6CD42E4, 2, (t:0, i:0))
2022-07-27 13:52:44,892 [ddca7a03-388a-498e-af9c-b33aa01d2ce7-server-thread1] INFO  server.RaftServer$Division (RaftServerImpl.java:setRole(299)) - ddca7a03-388a-498e-af9c-b33aa01d2ce7@group-5E5AA6CD42E4: changes role from CANDIDATE to FOLLOWER at term 2 for appendEntries
2022-07-27 13:52:44,892 [ddca7a03-388a-498e-af9c-b33aa01d2ce7-server-thread1] INFO  impl.RoleInfo (RoleInfo.java:shutdownLeaderElection(130)) - ddca7a03-388a-498e-af9c-b33aa01d2ce7: shutdown ddca7a03-388a-498e-af9c-b33aa01d2ce7@group-5E5AA6CD42E4-LeaderElection45
2022-07-27 13:52:44,918 [ddca7a03-388a-498e-af9c-b33aa01d2ce7-server-thread1] INFO  impl.RoleInfo (RoleInfo.java:updateAndGet(139)) - ddca7a03-388a-498e-af9c-b33aa01d2ce7: start ddca7a03-388a-498e-af9c-b33aa01d2ce7@group-5E5AA6CD42E4-FollowerState
2022-07-27 13:52:44,918 [300bc6a6-ac9b-494f-ba5e-9b5cd40f574a-server-thread1] INFO  ratis.XceiverServerRatis (XceiverServerRatis.java:handleLeaderChangedNotification(863)) - Leader change notification received for group: group-5E5AA6CD42E4 with new leaderId: 58deb1ea-3cfa-40e5-9635-0b83604fd255
2022-07-27 13:52:44,918 [300bc6a6-ac9b-494f-ba5e-9b5cd40f574a-server-thread1] INFO  server.RaftServer$Division (ServerState.java:setLeader(287)) - 300bc6a6-ac9b-494f-ba5e-9b5cd40f574a@group-5E5AA6CD42E4: change Leader from null to 58deb1ea-3cfa-40e5-9635-0b83604fd255 at term 2 for appendEntries, leader elected after 10509ms
2022-07-27 13:52:44,919 [ddca7a03-388a-498e-af9c-b33aa01d2ce7-server-thread1] INFO  ratis.XceiverServerRatis (XceiverServerRatis.java:handleLeaderChangedNotification(863)) - Leader change notification received for group: group-5E5AA6CD42E4 with new leaderId: 58deb1ea-3cfa-40e5-9635-0b83604fd255
2022-07-27 13:52:44,919 [ddca7a03-388a-498e-af9c-b33aa01d2ce7-server-thread1] INFO  server.RaftServer$Division (ServerState.java:setLeader(287)) - ddca7a03-388a-498e-af9c-b33aa01d2ce7@group-5E5AA6CD42E4: change Leader from null to 58deb1ea-3cfa-40e5-9635-0b83604fd255 at term 2 for appendEntries, leader elected after 10338ms
2022-07-27 13:52:44,924 [grpc-default-executor-1] INFO  impl.VoteContext (VoteContext.java:log(48)) - 58deb1ea-3cfa-40e5-9635-0b83604fd255@group-5E5AA6CD42E4-LEADER: reject ELECTION from ddca7a03-388a-498e-af9c-b33aa01d2ce7: already has voted for 58deb1ea-3cfa-40e5-9635-0b83604fd255 at current term 2
2022-07-27 13:52:44,924 [grpc-default-executor-1] INFO  server.RaftServer$Division (RaftServerImpl.java:requestVote(1184)) - 58deb1ea-3cfa-40e5-9635-0b83604fd255@group-5E5AA6CD42E4 replies to ELECTION vote request: ddca7a03-388a-498e-af9c-b33aa01d2ce7<-58deb1ea-3cfa-40e5-9635-0b83604fd255#0:FAIL-t2. Peer's state: 58deb1ea-3cfa-40e5-9635-0b83604fd255@group-5E5AA6CD42E4:t2, leader=58deb1ea-3cfa-40e5-9635-0b83604fd255, voted=58deb1ea-3cfa-40e5-9635-0b83604fd255, raftlog=58deb1ea-3cfa-40e5-9635-0b83604fd255@group-5E5AA6CD42E4-SegmentedRaftLog:OPENED:c0, conf=0: [300bc6a6-ac9b-494f-ba5e-9b5cd40f574a|rpc:10.1.0.21:35611|dataStream:|priority:0, 58deb1ea-3cfa-40e5-9635-0b83604fd255|rpc:10.1.0.21:32883|dataStream:|priority:1, ddca7a03-388a-498e-af9c-b33aa01d2ce7|rpc:10.1.0.21:36561|dataStream:|priority:0], old=null
2022-07-27 13:52:44,926 [ddca7a03-388a-498e-af9c-b33aa01d2ce7@group-5E5AA6CD42E4-LeaderElection45] INFO  impl.LeaderElection (LeaderElection.java:logAndReturn(90)) - ddca7a03-388a-498e-af9c-b33aa01d2ce7@group-5E5AA6CD42E4-LeaderElection45: ELECTION REJECTED received 2 response(s) and 0 exception(s):
2022-07-27 13:52:44,926 [ddca7a03-388a-498e-af9c-b33aa01d2ce7@group-5E5AA6CD42E4-LeaderElection45] INFO  impl.LeaderElection (LeaderElection.java:logAndReturn(94)) -   Response 0: ddca7a03-388a-498e-af9c-b33aa01d2ce7<-300bc6a6-ac9b-494f-ba5e-9b5cd40f574a#0:FAIL-t2
2022-07-27 13:52:44,926 [ddca7a03-388a-498e-af9c-b33aa01d2ce7@group-5E5AA6CD42E4-LeaderElection45] INFO  impl.LeaderElection (LeaderElection.java:logAndReturn(94)) -   Response 1: ddca7a03-388a-498e-af9c-b33aa01d2ce7<-58deb1ea-3cfa-40e5-9635-0b83604fd255#0:FAIL-t2
2022-07-27 13:52:44,926 [ddca7a03-388a-498e-af9c-b33aa01d2ce7@group-5E5AA6CD42E4-LeaderElection45] INFO  impl.LeaderElection (LeaderElection.java:askForVotes(312)) - ddca7a03-388a-498e-af9c-b33aa01d2ce7@group-5E5AA6CD42E4-LeaderElection45 ELECTION round 0: result REJECTED
2022-07-27 13:52:44,954 [300bc6a6-ac9b-494f-ba5e-9b5cd40f574a-server-thread1] INFO  server.RaftServer$Division (ServerState.java:setRaftConf(393)) - 300bc6a6-ac9b-494f-ba5e-9b5cd40f574a@group-5E5AA6CD42E4: set configuration 0: [300bc6a6-ac9b-494f-ba5e-9b5cd40f574a|rpc:10.1.0.21:35611|dataStream:|priority:0, 58deb1ea-3cfa-40e5-9635-0b83604fd255|rpc:10.1.0.21:32883|dataStream:|priority:1, ddca7a03-388a-498e-af9c-b33aa01d2ce7|rpc:10.1.0.21:36561|dataStream:|priority:0], old=null
2022-07-27 13:52:44,955 [300bc6a6-ac9b-494f-ba5e-9b5cd40f574a-server-thread1] INFO  segmented.SegmentedRaftLogWorker (SegmentedRaftLogWorker.java:startLogSegment(425)) - 300bc6a6-ac9b-494f-ba5e-9b5cd40f574a@group-5E5AA6CD42E4-SegmentedRaftLogWorker: Starting segment from index:0
2022-07-27 13:52:44,973 [300bc6a6-ac9b-494f-ba5e-9b5cd40f574a@group-5E5AA6CD42E4-SegmentedRaftLogWorker] INFO  segmented.SegmentedRaftLogWorker (SegmentedRaftLogWorker.java:execute(629)) - 300bc6a6-ac9b-494f-ba5e-9b5cd40f574a@group-5E5AA6CD42E4-SegmentedRaftLogWorker: created new log segment /home/runner/work/ozone/ozone/hadoop-ozone/integration-test/target/test-dir/MiniOzoneClusterImpl-d8681e24-cb86-4f17-9b85-5d83644f9f4f/datanode-0/data/ratis/1db598ad-abc5-482d-a489-5e5aa6cd42e4/current/log_inprogress_0
2022-07-27 13:52:45,014 [ddca7a03-388a-498e-af9c-b33aa01d2ce7-server-thread1] INFO  server.RaftServer$Division (ServerState.java:setRaftConf(393)) - ddca7a03-388a-498e-af9c-b33aa01d2ce7@group-5E5AA6CD42E4: set configuration 0: [300bc6a6-ac9b-494f-ba5e-9b5cd40f574a|rpc:10.1.0.21:35611|dataStream:|priority:0, 58deb1ea-3cfa-40e5-9635-0b83604fd255|rpc:10.1.0.21:32883|dataStream:|priority:1, ddca7a03-388a-498e-af9c-b33aa01d2ce7|rpc:10.1.0.21:36561|dataStream:|priority:0], old=null
2022-07-27 13:52:45,014 [ddca7a03-388a-498e-af9c-b33aa01d2ce7-server-thread1] INFO  segmented.SegmentedRaftLogWorker (SegmentedRaftLogWorker.java:startLogSegment(425)) - ddca7a03-388a-498e-af9c-b33aa01d2ce7@group-5E5AA6CD42E4-SegmentedRaftLogWorker: Starting segment from index:0
2022-07-27 13:52:45,016 [ddca7a03-388a-498e-af9c-b33aa01d2ce7@group-5E5AA6CD42E4-SegmentedRaftLogWorker] INFO  segmented.SegmentedRaftLogWorker (SegmentedRaftLogWorker.java:execute(629)) - ddca7a03-388a-498e-af9c-b33aa01d2ce7@group-5E5AA6CD42E4-SegmentedRaftLogWorker: created new log segment /home/runner/work/ozone/ozone/hadoop-ozone/integration-test/target/test-dir/MiniOzoneClusterImpl-d8681e24-cb86-4f17-9b85-5d83644f9f4f/datanode-2/data/ratis/1db598ad-abc5-482d-a489-5e5aa6cd42e4/current/log_inprogress_0
2022-07-27 13:52:45,086 [Listener at 127.0.0.1/34829] INFO  ozone.MiniOzoneClusterImpl (MiniOzoneClusterImpl.java:lambda$waitForClusterToBeReady$0(216)) - Nodes are ready. Got 5 of 5 DN Heartbeats.
2022-07-27 13:52:45,086 [Listener at 127.0.0.1/34829] INFO  ozone.MiniOzoneClusterImpl (MiniOzoneClusterImpl.java:lambda$waitForClusterToBeReady$0(219)) - Cluster exits safe mode
2022-07-27 13:52:45,086 [Listener at 127.0.0.1/34829] INFO  ozone.MiniOzoneClusterImpl (MiniOzoneClusterImpl.java:lambda$waitForClusterToBeReady$0(221)) - SCM became leader
2022-07-27 13:52:45,219 [Time-limited test] INFO  rpc.RpcClient (RpcClient.java:createVolume(467)) - Creating Volume: volume62878, with user68176 as owner and space quota set to -1 bytes, counts quota set to -1
2022-07-27 13:52:45,256 [OM StateMachine ApplyTransaction Thread - 0] INFO  volume.OMVolumeCreateRequest (OMVolumeCreateRequest.java:validateAndUpdateCache(195)) - created volume:volume62878 for user:user68176
2022-07-27 13:52:45,279 [Time-limited test] INFO  rpc.RpcClient (RpcClient.java:createBucket(670)) - Creating Bucket: volume62878/bucket85816, with bucket layout LEGACY, runner as owner, Versioning false, Storage Type set to DISK and Encryption set to false 
2022-07-27 13:52:45,296 [OM StateMachine ApplyTransaction Thread - 0] INFO  bucket.OMBucketCreateRequest (OMBucketCreateRequest.java:validateAndUpdateCache(260)) - created bucket: bucket85816 of layout LEGACY in volume: volume62878
2022-07-27 13:52:45,399 [IPC Server handler 5 on default port 33085] INFO  ha.SequenceIdGenerator (SequenceIdGenerator.java:getNextId(128)) - Allocate a batch for containerId, change lastId from 0 to 1000.
2022-07-27 13:52:45,399 [IPC Server handler 5 on default port 33085] WARN  ha.SequenceIdGenerator (SequenceIdGenerator.java:allocateBatch(237)) - Failed to allocate a batch for localId, expected lastId is 0, actual lastId is 109611004723200000.
2022-07-27 13:52:45,399 [IPC Server handler 5 on default port 33085] INFO  ha.SequenceIdGenerator (SequenceIdGenerator.java:getNextId(128)) - Allocate a batch for localId, change lastId from 109611004723200000 to 109611004723201000.
13:52:45.457 [IPC Server handler 1 on default port 34829] ERROR OMAudit - user=runner | ip=127.0.0.1 | op=GET_FILE_STATUS {volume=volume62878, bucket=bucket85816, key=dir224/file1, dataSize=0, replicationConfig=null} | ret=FAILURE
org.apache.hadoop.ozone.om.exceptions.OMException: Unable to get file status: volume: volume62878 bucket: bucket85816 key: dir224/file1
	at org.apache.hadoop.ozone.om.KeyManagerImpl.getOzoneFileStatus(KeyManagerImpl.java:1311) ~[ozone-manager-1.3.0-SNAPSHOT.jar:?]
	at org.apache.hadoop.ozone.om.KeyManagerImpl.getFileStatus(KeyManagerImpl.java:1241) ~[ozone-manager-1.3.0-SNAPSHOT.jar:?]
	at org.apache.hadoop.ozone.om.OzoneManager.getFileStatus(OzoneManager.java:3467) ~[ozone-manager-1.3.0-SNAPSHOT.jar:?]
	at org.apache.hadoop.ozone.protocolPB.OzoneManagerRequestHandler.getOzoneFileStatus(OzoneManagerRequestHandler.java:878) ~[ozone-manager-1.3.0-SNAPSHOT.jar:?]
	at org.apache.hadoop.ozone.protocolPB.OzoneManagerRequestHandler.handleReadRequest(OzoneManagerRequestHandler.java:224) ~[ozone-manager-1.3.0-SNAPSHOT.jar:?]
	at org.apache.hadoop.ozone.protocolPB.OzoneManagerProtocolServerSideTranslatorPB.submitReadRequestToOM(OzoneManagerProtocolServerSideTranslatorPB.java:226) ~[ozone-manager-1.3.0-SNAPSHOT.jar:?]
	at org.apache.hadoop.ozone.protocolPB.OzoneManagerProtocolServerSideTranslatorPB.processRequest(OzoneManagerProtocolServerSideTranslatorPB.java:175) ~[ozone-manager-1.3.0-SNAPSHOT.jar:?]
	at org.apache.hadoop.hdds.server.OzoneProtocolMessageDispatcher.processRequest(OzoneProtocolMessageDispatcher.java:87) [hdds-server-framework-1.3.0-SNAPSHOT.jar:?]
	at org.apache.hadoop.ozone.protocolPB.OzoneManagerProtocolServerSideTranslatorPB.submitRequest(OzoneManagerProtocolServerSideTranslatorPB.java:147) [ozone-manager-1.3.0-SNAPSHOT.jar:?]
	at org.apache.hadoop.ozone.protocol.proto.OzoneManagerProtocolProtos$OzoneManagerService$2.callBlockingMethod(OzoneManagerProtocolProtos.java) [ozone-interface-client-1.3.0-SNAPSHOT.jar:?]
	at org.apache.hadoop.ipc.ProtobufRpcEngine$Server.processCall(ProtobufRpcEngine.java:466) [hadoop-common-3.3.1.jar:?]
	at org.apache.hadoop.ipc.ProtobufRpcEngine2$Server$ProtoBufRpcInvoker.call(ProtobufRpcEngine2.java:574) [hadoop-common-3.3.1.jar:?]
	at org.apache.hadoop.ipc.ProtobufRpcEngine2$Server$ProtoBufRpcInvoker.call(ProtobufRpcEngine2.java:552) [hadoop-common-3.3.1.jar:?]
	at org.apache.hadoop.ipc.RPC$Server.call(RPC.java:1093) [hadoop-common-3.3.1.jar:?]
	at org.apache.hadoop.ipc.Server$RpcCall.run(Server.java:1035) [hadoop-common-3.3.1.jar:?]
	at org.apache.hadoop.ipc.Server$RpcCall.run(Server.java:963) [hadoop-common-3.3.1.jar:?]
	at java.security.AccessController.doPrivileged(Native Method) ~[?:1.8.0_332]
	at javax.security.auth.Subject.doAs(Subject.java:422) [?:1.8.0_332]
	at org.apache.hadoop.security.UserGroupInformation.doAs(UserGroupInformation.java:1878) [hadoop-common-3.3.1.jar:?]
	at org.apache.hadoop.ipc.Server$Handler.run(Server.java:2966) [hadoop-common-3.3.1.jar:?]
]]></system-out>
  </testcase>
  <testcase name="testRenameFile" classname="TestRootedOzoneFileSystem" time="0.455">
    <system-out><![CDATA[2022-07-27 13:53:15,782 [Listener at 127.0.0.1/34829] INFO  ozone.MiniOzoneClusterImpl (MiniOzoneClusterImpl.java:shutdown(448)) - Shutting down the Mini Ozone Cluster
2022-07-27 13:53:15,782 [Listener at 127.0.0.1/34829] INFO  ozone.MiniOzoneClusterImpl (MiniOzoneClusterImpl.java:stop(463)) - Stopping the Mini Ozone Cluster
2022-07-27 13:53:15,782 [Listener at 127.0.0.1/34829] INFO  ozone.MiniOzoneClusterImpl (MiniOzoneClusterImpl.java:stopOM(545)) - Stopping the OzoneManager
2022-07-27 13:53:15,783 [Listener at 127.0.0.1/34829] INFO  om.OzoneManager (OzoneManager.java:stop(2021)) - om1[localhost:0]: Stopping Ozone Manager
2022-07-27 13:53:15,783 [Listener at 127.0.0.1/34829] INFO  ipc.Server (Server.java:stop(3414)) - Stopping server on 34829
2022-07-27 13:53:15,811 [IPC Server Responder] INFO  ipc.Server (Server.java:run(1512)) - Stopping IPC Server Responder
2022-07-27 13:53:15,811 [IPC Server listener on 0] INFO  ipc.Server (Server.java:run(1376)) - Stopping IPC Server listener on 0
2022-07-27 13:53:15,812 [Listener at 127.0.0.1/34829] INFO  server.RaftServer (RaftServerProxy.java:lambda$close$7(398)) - om1: close
2022-07-27 13:53:15,812 [Listener at 127.0.0.1/34829] INFO  server.RaftServer$Division (RaftServerImpl.java:lambda$close$4(434)) - om1@group-C5BA1605619E: shutdown
2022-07-27 13:53:15,812 [Listener at 127.0.0.1/34829] INFO  util.JmxRegister (JmxRegister.java:unregister(73)) - Successfully un-registered JMX Bean with object name Ratis:service=RaftServer,group=group-C5BA1605619E,id=om1
2022-07-27 13:53:15,812 [Listener at 127.0.0.1/34829] INFO  impl.RoleInfo (RoleInfo.java:shutdownLeaderState(93)) - om1: shutdown om1@group-C5BA1605619E-LeaderStateImpl
2022-07-27 13:53:15,812 [Listener at 127.0.0.1/34829] INFO  impl.PendingRequests (PendingRequests.java:sendNotLeaderResponses(282)) - om1@group-C5BA1605619E-PendingRequests: sendNotLeaderResponses
2022-07-27 13:53:15,833 [Listener at 127.0.0.1/34829] INFO  impl.StateMachineUpdater (StateMachineUpdater.java:stopAndJoin(153)) - om1@group-C5BA1605619E-StateMachineUpdater: set stopIndex = 6980
2022-07-27 13:53:15,834 [om1@group-C5BA1605619E-StateMachineUpdater] INFO  ratis.OzoneManagerStateMachine (OzoneManagerStateMachine.java:takeSnapshot(441)) - Current Snapshot Index (t:1, i:6980)
2022-07-27 13:53:15,834 [om1@group-C5BA1605619E-StateMachineUpdater] INFO  impl.StateMachineUpdater (StateMachineUpdater.java:takeSnapshot(287)) - om1@group-C5BA1605619E-StateMachineUpdater: Took a snapshot at index 6980
2022-07-27 13:53:15,834 [om1@group-C5BA1605619E-StateMachineUpdater] INFO  impl.StateMachineUpdater (StateMachineUpdater.java:lambda$new$0(92)) - om1@group-C5BA1605619E-StateMachineUpdater: snapshotIndex: updateIncreasingly -1 -> 6980
2022-07-27 13:53:15,834 [om1@group-C5BA1605619E-StateMachineUpdater] INFO  ratis.OzoneManagerStateMachine (OzoneManagerStateMachine.java:close(495)) - StateMachine has shutdown. Shutdown OzoneManager if not already shutdown.
2022-07-27 13:53:15,834 [om1@group-C5BA1605619E-StateMachineUpdater] INFO  ratis.OzoneManagerDoubleBuffer (OzoneManagerDoubleBuffer.java:stop(466)) - Stopping OMDoubleBuffer flush thread
2022-07-27 13:53:15,846 [OMDoubleBufferFlushThread] INFO  ratis.OzoneManagerDoubleBuffer (OzoneManagerDoubleBuffer.java:flushTransactions(385)) - OMDoubleBuffer flush thread OMDoubleBufferFlushThread is interrupted and will exit.
2022-07-27 13:53:15,863 [Listener at 127.0.0.1/34829] INFO  server.RaftServer$Division (ServerState.java:close(429)) - om1@group-C5BA1605619E: closes. applyIndex: 6980
2022-07-27 13:53:15,864 [om1@group-C5BA1605619E-SegmentedRaftLogWorker] INFO  segmented.SegmentedRaftLogWorker (SegmentedRaftLogWorker.java:run(336)) - om1@group-C5BA1605619E-SegmentedRaftLogWorker was interrupted, exiting. There are 0 tasks remaining in the queue.
2022-07-27 13:53:15,867 [Listener at 127.0.0.1/34829] INFO  segmented.SegmentedRaftLogWorker (SegmentedRaftLogWorker.java:close(246)) - om1@group-C5BA1605619E-SegmentedRaftLogWorker close()
2022-07-27 13:53:15,879 [Listener at 127.0.0.1/34829] INFO  server.GrpcService (GrpcService.java:closeImpl(269)) - om1: shutdown server with port 9872 now
2022-07-27 13:53:15,879 [Listener at 127.0.0.1/34829] INFO  server.GrpcService (GrpcService.java:closeImpl(278)) - om1: shutdown server with port 9872 successfully
2022-07-27 13:53:15,880 [org.apache.ratis.util.JvmPauseMonitor$$Lambda$615/1136232276@78ac7a35] INFO  util.JvmPauseMonitor (JvmPauseMonitor.java:run(109)) - JvmPauseMonitor-om1: Stopped
2022-07-27 13:53:15,880 [Listener at 127.0.0.1/34829] INFO  ratis.OzoneManagerStateMachine (OzoneManagerStateMachine.java:close(495)) - StateMachine has shutdown. Shutdown OzoneManager if not already shutdown.
2022-07-27 13:53:15,880 [Listener at 127.0.0.1/34829] INFO  ratis.OzoneManagerDoubleBuffer (OzoneManagerDoubleBuffer.java:stop(478)) - OMDoubleBuffer flush thread is not running.
2022-07-27 13:53:15,880 [Listener at 127.0.0.1/34829] INFO  utils.BackgroundService (BackgroundService.java:shutdown(141)) - Shutting down service KeyDeletingService
2022-07-27 13:53:15,883 [Listener at 127.0.0.1/34829] INFO  utils.BackgroundService (BackgroundService.java:shutdown(141)) - Shutting down service DirectoryDeletingService
2022-07-27 13:53:15,883 [Listener at 127.0.0.1/34829] INFO  utils.BackgroundService (BackgroundService.java:shutdown(141)) - Shutting down service OpenKeyCleanupService
2022-07-27 13:53:15,883 [Listener at 127.0.0.1/34829] INFO  handler.ContextHandler (ContextHandler.java:doStop(1153)) - Stopped o.e.j.w.WebAppContext@4eeae57d{ozoneManager,/,null,STOPPED}{file:/home/runner/work/ozone/ozone/hadoop-ozone/integration-test/target/test-classes/webapps/ozoneManager}
2022-07-27 13:53:15,887 [Listener at 127.0.0.1/34829] INFO  server.AbstractConnector (AbstractConnector.java:doStop(381)) - Stopped ServerConnector@4c479041{HTTP/1.1, (http/1.1)}{0.0.0.0:0}
2022-07-27 13:53:15,887 [Listener at 127.0.0.1/34829] INFO  server.session (HouseKeeper.java:stopScavenging(149)) - node0 Stopped scavenging
2022-07-27 13:53:15,888 [Listener at 127.0.0.1/34829] INFO  handler.ContextHandler (ContextHandler.java:doStop(1153)) - Stopped o.e.j.s.ServletContextHandler@5c31e6ef{static,/static,file:///home/runner/work/ozone/ozone/hadoop-ozone/integration-test/target/test-classes/webapps/static,STOPPED}
2022-07-27 13:53:15,888 [Listener at 127.0.0.1/34829] INFO  handler.ContextHandler (ContextHandler.java:doStop(1153)) - Stopped o.e.j.s.ServletContextHandler@5db29e7{logs,/logs,file:///home/runner/work/ozone/ozone/hadoop-ozone/integration-test/target/log,STOPPED}
2022-07-27 13:53:15,910 [Listener at 127.0.0.1/34829] INFO  ozone.MiniOzoneClusterImpl (MiniOzoneClusterImpl.java:stopDatanodes(522)) - Stopping the HddsDatanodes
2022-07-27 13:53:15,955 [Trash Emptier] ERROR om.TrashPolicyOzone (TrashPolicyOzone.java:run(251)) - Error attempting to shutdown
java.lang.InterruptedException
	at java.util.concurrent.locks.AbstractQueuedSynchronizer$ConditionObject.awaitNanos(AbstractQueuedSynchronizer.java:2067)
	at java.util.concurrent.ThreadPoolExecutor.awaitTermination(ThreadPoolExecutor.java:1475)
	at org.apache.hadoop.ozone.om.TrashPolicyOzone$Emptier.run(TrashPolicyOzone.java:249)
	at java.lang.Thread.run(Thread.java:750)
2022-07-27 13:53:15,955 [Trash Emptier] ERROR util.ExitUtils (ExitUtils.java:terminate(133)) - Terminating with exit status -1: Thread[Trash Emptier,5,main] has thrown an uncaught exception
java.lang.UnsupportedOperationException: fs.getUri() not implemented in TrashOzoneFileSystem
	at org.apache.hadoop.ozone.om.TrashOzoneFileSystem.getUri(TrashOzoneFileSystem.java:126)
	at org.apache.hadoop.fs.FileSystem.close(FileSystem.java:2592)
	at org.apache.hadoop.ozone.om.TrashPolicyOzone$Emptier.run(TrashPolicyOzone.java:243)
	at java.lang.Thread.run(Thread.java:750)
2022-07-27 13:53:20,919 [ForkJoinPool.commonPool-worker-1] INFO  ozoneimpl.OzoneContainer (OzoneContainer.java:stop(399)) - Attempting to stop container services.
2022-07-27 13:53:20,927 [ForkJoinPool.commonPool-worker-1] INFO  server.RaftServer (RaftServerProxy.java:lambda$close$7(398)) - 58deb1ea-3cfa-40e5-9635-0b83604fd255: close
2022-07-27 13:53:20,927 [ForkJoinPool.commonPool-worker-1] INFO  server.RaftServer$Division (RaftServerImpl.java:lambda$close$4(434)) - 58deb1ea-3cfa-40e5-9635-0b83604fd255@group-4AB8ADFB4942: shutdown
2022-07-27 13:53:20,927 [ForkJoinPool.commonPool-worker-1] INFO  util.JmxRegister (JmxRegister.java:unregister(73)) - Successfully un-registered JMX Bean with object name Ratis:service=RaftServer,group=group-4AB8ADFB4942,id=58deb1ea-3cfa-40e5-9635-0b83604fd255
2022-07-27 13:53:20,927 [ForkJoinPool.commonPool-worker-1] INFO  impl.RoleInfo (RoleInfo.java:shutdownFollowerState(110)) - 58deb1ea-3cfa-40e5-9635-0b83604fd255: shutdown 58deb1ea-3cfa-40e5-9635-0b83604fd255@group-4AB8ADFB4942-FollowerState
2022-07-27 13:53:20,927 [ForkJoinPool.commonPool-worker-1] INFO  impl.StateMachineUpdater (StateMachineUpdater.java:stopAndJoin(153)) - 58deb1ea-3cfa-40e5-9635-0b83604fd255@group-4AB8ADFB4942-StateMachineUpdater: set stopIndex = 0
2022-07-27 13:53:20,928 [Listener at 127.0.0.1/34829] INFO  ozoneimpl.OzoneContainer (OzoneContainer.java:stop(399)) - Attempting to stop container services.
2022-07-27 13:53:20,928 [58deb1ea-3cfa-40e5-9635-0b83604fd255@group-4AB8ADFB4942-StateMachineUpdater] INFO  ratis.ContainerStateMachine (ContainerStateMachine.java:takeSnapshot(304)) - group-4AB8ADFB4942: Taking a snapshot at:(t:4, i:0) file /home/runner/work/ozone/ozone/hadoop-ozone/integration-test/target/test-dir/MiniOzoneClusterImpl-d8681e24-cb86-4f17-9b85-5d83644f9f4f/datanode-1/data/ratis/38759aed-dbab-44ec-af4a-4ab8adfb4942/sm/snapshot.4_0
2022-07-27 13:53:20,928 [58deb1ea-3cfa-40e5-9635-0b83604fd255@group-4AB8ADFB4942-FollowerState] INFO  impl.FollowerState (FollowerState.java:run(152)) - 58deb1ea-3cfa-40e5-9635-0b83604fd255@group-4AB8ADFB4942-FollowerState was interrupted
2022-07-27 13:53:20,929 [Listener at 127.0.0.1/34829] INFO  server.RaftServer (RaftServerProxy.java:lambda$close$7(398)) - ddca7a03-388a-498e-af9c-b33aa01d2ce7: close
2022-07-27 13:53:20,929 [Listener at 127.0.0.1/34829] INFO  server.RaftServer$Division (RaftServerImpl.java:lambda$close$4(434)) - ddca7a03-388a-498e-af9c-b33aa01d2ce7@group-4AB8ADFB4942: shutdown
2022-07-27 13:53:20,929 [Listener at 127.0.0.1/34829] INFO  util.JmxRegister (JmxRegister.java:unregister(73)) - Successfully un-registered JMX Bean with object name Ratis:service=RaftServer,group=group-4AB8ADFB4942,id=ddca7a03-388a-498e-af9c-b33aa01d2ce7
2022-07-27 13:53:20,929 [58deb1ea-3cfa-40e5-9635-0b83604fd255@group-4AB8ADFB4942-StateMachineUpdater] INFO  ratis.ContainerStateMachine (ContainerStateMachine.java:takeSnapshot(315)) - group-4AB8ADFB4942: Finished taking a snapshot at:(t:4, i:0) file:/home/runner/work/ozone/ozone/hadoop-ozone/integration-test/target/test-dir/MiniOzoneClusterImpl-d8681e24-cb86-4f17-9b85-5d83644f9f4f/datanode-1/data/ratis/38759aed-dbab-44ec-af4a-4ab8adfb4942/sm/snapshot.4_0 took: 1 ms
2022-07-27 13:53:20,929 [58deb1ea-3cfa-40e5-9635-0b83604fd255@group-4AB8ADFB4942-StateMachineUpdater] INFO  impl.StateMachineUpdater (StateMachineUpdater.java:takeSnapshot(287)) - 58deb1ea-3cfa-40e5-9635-0b83604fd255@group-4AB8ADFB4942-StateMachineUpdater: Took a snapshot at index 0
2022-07-27 13:53:20,930 [58deb1ea-3cfa-40e5-9635-0b83604fd255@group-4AB8ADFB4942-StateMachineUpdater] INFO  impl.StateMachineUpdater (StateMachineUpdater.java:lambda$new$0(92)) - 58deb1ea-3cfa-40e5-9635-0b83604fd255@group-4AB8ADFB4942-StateMachineUpdater: snapshotIndex: updateIncreasingly -1 -> 0
2022-07-27 13:53:20,930 [ForkJoinPool.commonPool-worker-1] INFO  server.RaftServer$Division (ServerState.java:close(429)) - 58deb1ea-3cfa-40e5-9635-0b83604fd255@group-4AB8ADFB4942: closes. applyIndex: 0
2022-07-27 13:53:20,930 [58deb1ea-3cfa-40e5-9635-0b83604fd255@group-4AB8ADFB4942-SegmentedRaftLogWorker] INFO  segmented.SegmentedRaftLogWorker (SegmentedRaftLogWorker.java:run(336)) - 58deb1ea-3cfa-40e5-9635-0b83604fd255@group-4AB8ADFB4942-SegmentedRaftLogWorker was interrupted, exiting. There are 0 tasks remaining in the queue.
2022-07-27 13:53:20,930 [ForkJoinPool.commonPool-worker-1] INFO  segmented.SegmentedRaftLogWorker (SegmentedRaftLogWorker.java:close(246)) - 58deb1ea-3cfa-40e5-9635-0b83604fd255@group-4AB8ADFB4942-SegmentedRaftLogWorker close()
2022-07-27 13:53:20,929 [Listener at 127.0.0.1/34829] INFO  impl.RoleInfo (RoleInfo.java:shutdownLeaderState(93)) - ddca7a03-388a-498e-af9c-b33aa01d2ce7: shutdown ddca7a03-388a-498e-af9c-b33aa01d2ce7@group-4AB8ADFB4942-LeaderStateImpl
2022-07-27 13:53:20,950 [Listener at 127.0.0.1/34829] INFO  impl.PendingRequests (PendingRequests.java:sendNotLeaderResponses(282)) - ddca7a03-388a-498e-af9c-b33aa01d2ce7@group-4AB8ADFB4942-PendingRequests: sendNotLeaderResponses
2022-07-27 13:53:20,951 [Listener at 127.0.0.1/34829] INFO  impl.StateMachineUpdater (StateMachineUpdater.java:stopAndJoin(153)) - ddca7a03-388a-498e-af9c-b33aa01d2ce7@group-4AB8ADFB4942-StateMachineUpdater: set stopIndex = 0
2022-07-27 13:53:20,934 [ForkJoinPool.commonPool-worker-1] INFO  server.RaftServer$Division (RaftServerImpl.java:lambda$close$4(434)) - 58deb1ea-3cfa-40e5-9635-0b83604fd255@group-95F293340380: shutdown
2022-07-27 13:53:20,951 [ForkJoinPool.commonPool-worker-1] INFO  util.JmxRegister (JmxRegister.java:unregister(73)) - Successfully un-registered JMX Bean with object name Ratis:service=RaftServer,group=group-95F293340380,id=58deb1ea-3cfa-40e5-9635-0b83604fd255
2022-07-27 13:53:20,951 [ForkJoinPool.commonPool-worker-1] INFO  impl.RoleInfo (RoleInfo.java:shutdownLeaderState(93)) - 58deb1ea-3cfa-40e5-9635-0b83604fd255: shutdown 58deb1ea-3cfa-40e5-9635-0b83604fd255@group-95F293340380-LeaderStateImpl
2022-07-27 13:53:20,951 [ForkJoinPool.commonPool-worker-1] INFO  impl.PendingRequests (PendingRequests.java:sendNotLeaderResponses(282)) - 58deb1ea-3cfa-40e5-9635-0b83604fd255@group-95F293340380-PendingRequests: sendNotLeaderResponses
2022-07-27 13:53:20,952 [ddca7a03-388a-498e-af9c-b33aa01d2ce7@group-4AB8ADFB4942->300bc6a6-ac9b-494f-ba5e-9b5cd40f574a-GrpcLogAppender-LogAppenderDaemon] WARN  server.GrpcLogAppender (GrpcLogAppender.java:mayWait(171)) - ddca7a03-388a-498e-af9c-b33aa01d2ce7@group-4AB8ADFB4942->300bc6a6-ac9b-494f-ba5e-9b5cd40f574a-GrpcLogAppender: Wait interrupted by java.lang.InterruptedException
2022-07-27 13:53:20,952 [ForkJoinPool.commonPool-worker-1] INFO  impl.StateMachineUpdater (StateMachineUpdater.java:stopAndJoin(153)) - 58deb1ea-3cfa-40e5-9635-0b83604fd255@group-95F293340380-StateMachineUpdater: set stopIndex = 0
2022-07-27 13:53:20,952 [ddca7a03-388a-498e-af9c-b33aa01d2ce7@group-4AB8ADFB4942->58deb1ea-3cfa-40e5-9635-0b83604fd255-GrpcLogAppender-LogAppenderDaemon] WARN  server.GrpcLogAppender (GrpcLogAppender.java:mayWait(171)) - ddca7a03-388a-498e-af9c-b33aa01d2ce7@group-4AB8ADFB4942->58deb1ea-3cfa-40e5-9635-0b83604fd255-GrpcLogAppender: Wait interrupted by java.lang.InterruptedException
2022-07-27 13:53:20,952 [grpc-default-executor-2] INFO  server.GrpcServerProtocolService (GrpcServerProtocolService.java:onCompleted(140)) - 58deb1ea-3cfa-40e5-9635-0b83604fd255: Completed APPEND_ENTRIES, lastRequest: ddca7a03-388a-498e-af9c-b33aa01d2ce7->58deb1ea-3cfa-40e5-9635-0b83604fd255#1-t4,previous=(t:0, i:0),leaderCommit=-1,initializing? true,entries: size=1, first=(t:4, i:0), CONFIGURATIONENTRY
2022-07-27 13:53:20,953 [grpc-default-executor-3] INFO  server.GrpcServerProtocolService (GrpcServerProtocolService.java:onCompleted(140)) - 300bc6a6-ac9b-494f-ba5e-9b5cd40f574a: Completed APPEND_ENTRIES, lastRequest: ddca7a03-388a-498e-af9c-b33aa01d2ce7->300bc6a6-ac9b-494f-ba5e-9b5cd40f574a#1-t4,previous=(t:0, i:0),leaderCommit=-1,initializing? true,entries: size=1, first=(t:4, i:0), CONFIGURATIONENTRY
2022-07-27 13:53:20,995 [58deb1ea-3cfa-40e5-9635-0b83604fd255@group-95F293340380-StateMachineUpdater] INFO  ratis.ContainerStateMachine (ContainerStateMachine.java:takeSnapshot(304)) - group-95F293340380: Taking a snapshot at:(t:1, i:0) file /home/runner/work/ozone/ozone/hadoop-ozone/integration-test/target/test-dir/MiniOzoneClusterImpl-d8681e24-cb86-4f17-9b85-5d83644f9f4f/datanode-1/data/ratis/bb97ec30-c4cc-4709-bce0-95f293340380/sm/snapshot.1_0
2022-07-27 13:53:20,996 [58deb1ea-3cfa-40e5-9635-0b83604fd255@group-95F293340380-StateMachineUpdater] INFO  ratis.ContainerStateMachine (ContainerStateMachine.java:takeSnapshot(315)) - group-95F293340380: Finished taking a snapshot at:(t:1, i:0) file:/home/runner/work/ozone/ozone/hadoop-ozone/integration-test/target/test-dir/MiniOzoneClusterImpl-d8681e24-cb86-4f17-9b85-5d83644f9f4f/datanode-1/data/ratis/bb97ec30-c4cc-4709-bce0-95f293340380/sm/snapshot.1_0 took: 1 ms
2022-07-27 13:53:20,996 [58deb1ea-3cfa-40e5-9635-0b83604fd255@group-95F293340380-StateMachineUpdater] INFO  impl.StateMachineUpdater (StateMachineUpdater.java:takeSnapshot(287)) - 58deb1ea-3cfa-40e5-9635-0b83604fd255@group-95F293340380-StateMachineUpdater: Took a snapshot at index 0
2022-07-27 13:53:20,996 [58deb1ea-3cfa-40e5-9635-0b83604fd255@group-95F293340380-StateMachineUpdater] INFO  impl.StateMachineUpdater (StateMachineUpdater.java:lambda$new$0(92)) - 58deb1ea-3cfa-40e5-9635-0b83604fd255@group-95F293340380-StateMachineUpdater: snapshotIndex: updateIncreasingly -1 -> 0
2022-07-27 13:53:20,997 [ddca7a03-388a-498e-af9c-b33aa01d2ce7@group-4AB8ADFB4942-StateMachineUpdater] INFO  ratis.ContainerStateMachine (ContainerStateMachine.java:takeSnapshot(304)) - group-4AB8ADFB4942: Taking a snapshot at:(t:4, i:0) file /home/runner/work/ozone/ozone/hadoop-ozone/integration-test/target/test-dir/MiniOzoneClusterImpl-d8681e24-cb86-4f17-9b85-5d83644f9f4f/datanode-2/data/ratis/38759aed-dbab-44ec-af4a-4ab8adfb4942/sm/snapshot.4_0
2022-07-27 13:53:20,997 [ForkJoinPool.commonPool-worker-1] INFO  server.RaftServer$Division (ServerState.java:close(429)) - 58deb1ea-3cfa-40e5-9635-0b83604fd255@group-95F293340380: closes. applyIndex: 0
2022-07-27 13:53:20,997 [ddca7a03-388a-498e-af9c-b33aa01d2ce7@group-4AB8ADFB4942-StateMachineUpdater] INFO  ratis.ContainerStateMachine (ContainerStateMachine.java:takeSnapshot(315)) - group-4AB8ADFB4942: Finished taking a snapshot at:(t:4, i:0) file:/home/runner/work/ozone/ozone/hadoop-ozone/integration-test/target/test-dir/MiniOzoneClusterImpl-d8681e24-cb86-4f17-9b85-5d83644f9f4f/datanode-2/data/ratis/38759aed-dbab-44ec-af4a-4ab8adfb4942/sm/snapshot.4_0 took: 1 ms
2022-07-27 13:53:20,997 [58deb1ea-3cfa-40e5-9635-0b83604fd255@group-95F293340380-SegmentedRaftLogWorker] INFO  segmented.SegmentedRaftLogWorker (SegmentedRaftLogWorker.java:run(336)) - 58deb1ea-3cfa-40e5-9635-0b83604fd255@group-95F293340380-SegmentedRaftLogWorker was interrupted, exiting. There are 0 tasks remaining in the queue.
2022-07-27 13:53:20,997 [ddca7a03-388a-498e-af9c-b33aa01d2ce7@group-4AB8ADFB4942-StateMachineUpdater] INFO  impl.StateMachineUpdater (StateMachineUpdater.java:takeSnapshot(287)) - ddca7a03-388a-498e-af9c-b33aa01d2ce7@group-4AB8ADFB4942-StateMachineUpdater: Took a snapshot at index 0
2022-07-27 13:53:20,997 [ddca7a03-388a-498e-af9c-b33aa01d2ce7@group-4AB8ADFB4942-StateMachineUpdater] INFO  impl.StateMachineUpdater (StateMachineUpdater.java:lambda$new$0(92)) - ddca7a03-388a-498e-af9c-b33aa01d2ce7@group-4AB8ADFB4942-StateMachineUpdater: snapshotIndex: updateIncreasingly -1 -> 0
2022-07-27 13:53:20,998 [ForkJoinPool.commonPool-worker-1] INFO  segmented.SegmentedRaftLogWorker (SegmentedRaftLogWorker.java:close(246)) - 58deb1ea-3cfa-40e5-9635-0b83604fd255@group-95F293340380-SegmentedRaftLogWorker close()
2022-07-27 13:53:20,998 [Listener at 127.0.0.1/34829] INFO  server.RaftServer$Division (ServerState.java:close(429)) - ddca7a03-388a-498e-af9c-b33aa01d2ce7@group-4AB8ADFB4942: closes. applyIndex: 0
2022-07-27 13:53:20,998 [ddca7a03-388a-498e-af9c-b33aa01d2ce7@group-4AB8ADFB4942-SegmentedRaftLogWorker] INFO  segmented.SegmentedRaftLogWorker (SegmentedRaftLogWorker.java:run(336)) - ddca7a03-388a-498e-af9c-b33aa01d2ce7@group-4AB8ADFB4942-SegmentedRaftLogWorker was interrupted, exiting. There are 0 tasks remaining in the queue.
2022-07-27 13:53:20,998 [grpc-default-executor-1] INFO  server.GrpcLogAppender (GrpcLogAppender.java:onCompleted(339)) - ddca7a03-388a-498e-af9c-b33aa01d2ce7@group-4AB8ADFB4942->58deb1ea-3cfa-40e5-9635-0b83604fd255-AppendLogResponseHandler: follower responses appendEntries COMPLETED
2022-07-27 13:53:20,999 [Listener at 127.0.0.1/34829] INFO  segmented.SegmentedRaftLogWorker (SegmentedRaftLogWorker.java:close(246)) - ddca7a03-388a-498e-af9c-b33aa01d2ce7@group-4AB8ADFB4942-SegmentedRaftLogWorker close()
2022-07-27 13:53:20,999 [grpc-default-executor-1] INFO  leader.FollowerInfo (FollowerInfoImpl.java:lambda$new$0(48)) - ddca7a03-388a-498e-af9c-b33aa01d2ce7@group-4AB8ADFB4942->58deb1ea-3cfa-40e5-9635-0b83604fd255: nextIndex: updateUnconditionally 1 -> 0
2022-07-27 13:53:20,999 [grpc-default-executor-1] INFO  server.GrpcLogAppender (GrpcLogAppender.java:onCompleted(339)) - ddca7a03-388a-498e-af9c-b33aa01d2ce7@group-4AB8ADFB4942->300bc6a6-ac9b-494f-ba5e-9b5cd40f574a-AppendLogResponseHandler: follower responses appendEntries COMPLETED
2022-07-27 13:53:20,999 [grpc-default-executor-1] INFO  leader.FollowerInfo (FollowerInfoImpl.java:lambda$new$0(48)) - ddca7a03-388a-498e-af9c-b33aa01d2ce7@group-4AB8ADFB4942->300bc6a6-ac9b-494f-ba5e-9b5cd40f574a: nextIndex: updateUnconditionally 1 -> 0
2022-07-27 13:53:21,008 [ForkJoinPool.commonPool-worker-1] INFO  server.RaftServer$Division (RaftServerImpl.java:lambda$close$4(434)) - 58deb1ea-3cfa-40e5-9635-0b83604fd255@group-5E5AA6CD42E4: shutdown
2022-07-27 13:53:21,008 [ForkJoinPool.commonPool-worker-1] INFO  util.JmxRegister (JmxRegister.java:unregister(73)) - Successfully un-registered JMX Bean with object name Ratis:service=RaftServer,group=group-5E5AA6CD42E4,id=58deb1ea-3cfa-40e5-9635-0b83604fd255
2022-07-27 13:53:21,008 [ForkJoinPool.commonPool-worker-1] INFO  impl.RoleInfo (RoleInfo.java:shutdownLeaderState(93)) - 58deb1ea-3cfa-40e5-9635-0b83604fd255: shutdown 58deb1ea-3cfa-40e5-9635-0b83604fd255@group-5E5AA6CD42E4-LeaderStateImpl
2022-07-27 13:53:21,008 [ForkJoinPool.commonPool-worker-1] INFO  impl.PendingRequests (PendingRequests.java:sendNotLeaderResponses(282)) - 58deb1ea-3cfa-40e5-9635-0b83604fd255@group-5E5AA6CD42E4-PendingRequests: sendNotLeaderResponses
2022-07-27 13:53:21,009 [Listener at 127.0.0.1/34829] INFO  server.RaftServer$Division (RaftServerImpl.java:lambda$close$4(434)) - ddca7a03-388a-498e-af9c-b33aa01d2ce7@group-5E5AA6CD42E4: shutdown
2022-07-27 13:53:21,009 [Listener at 127.0.0.1/34829] INFO  util.JmxRegister (JmxRegister.java:unregister(73)) - Successfully un-registered JMX Bean with object name Ratis:service=RaftServer,group=group-5E5AA6CD42E4,id=ddca7a03-388a-498e-af9c-b33aa01d2ce7
2022-07-27 13:53:21,009 [Listener at 127.0.0.1/34829] INFO  impl.RoleInfo (RoleInfo.java:shutdownFollowerState(110)) - ddca7a03-388a-498e-af9c-b33aa01d2ce7: shutdown ddca7a03-388a-498e-af9c-b33aa01d2ce7@group-5E5AA6CD42E4-FollowerState
2022-07-27 13:53:21,009 [Listener at 127.0.0.1/34829] INFO  impl.StateMachineUpdater (StateMachineUpdater.java:stopAndJoin(153)) - ddca7a03-388a-498e-af9c-b33aa01d2ce7@group-5E5AA6CD42E4-StateMachineUpdater: set stopIndex = 51
2022-07-27 13:53:21,012 [ForkJoinPool.commonPool-worker-1] INFO  impl.StateMachineUpdater (StateMachineUpdater.java:stopAndJoin(153)) - 58deb1ea-3cfa-40e5-9635-0b83604fd255@group-5E5AA6CD42E4-StateMachineUpdater: set stopIndex = 51
2022-07-27 13:53:21,012 [58deb1ea-3cfa-40e5-9635-0b83604fd255@group-5E5AA6CD42E4-StateMachineUpdater] INFO  ratis.ContainerStateMachine (ContainerStateMachine.java:takeSnapshot(304)) - group-5E5AA6CD42E4: Taking a snapshot at:(t:2, i:51) file /home/runner/work/ozone/ozone/hadoop-ozone/integration-test/target/test-dir/MiniOzoneClusterImpl-d8681e24-cb86-4f17-9b85-5d83644f9f4f/datanode-1/data/ratis/1db598ad-abc5-482d-a489-5e5aa6cd42e4/sm/snapshot.2_51
2022-07-27 13:53:21,019 [ddca7a03-388a-498e-af9c-b33aa01d2ce7@group-5E5AA6CD42E4-StateMachineUpdater] INFO  ratis.ContainerStateMachine (ContainerStateMachine.java:takeSnapshot(304)) - group-5E5AA6CD42E4: Taking a snapshot at:(t:2, i:51) file /home/runner/work/ozone/ozone/hadoop-ozone/integration-test/target/test-dir/MiniOzoneClusterImpl-d8681e24-cb86-4f17-9b85-5d83644f9f4f/datanode-2/data/ratis/1db598ad-abc5-482d-a489-5e5aa6cd42e4/sm/snapshot.2_51
2022-07-27 13:53:21,019 [ddca7a03-388a-498e-af9c-b33aa01d2ce7@group-5E5AA6CD42E4-FollowerState] INFO  impl.FollowerState (FollowerState.java:run(152)) - ddca7a03-388a-498e-af9c-b33aa01d2ce7@group-5E5AA6CD42E4-FollowerState was interrupted
2022-07-27 13:53:21,019 [58deb1ea-3cfa-40e5-9635-0b83604fd255@group-5E5AA6CD42E4->ddca7a03-388a-498e-af9c-b33aa01d2ce7-GrpcLogAppender-LogAppenderDaemon] WARN  server.GrpcLogAppender (GrpcLogAppender.java:mayWait(171)) - 58deb1ea-3cfa-40e5-9635-0b83604fd255@group-5E5AA6CD42E4->ddca7a03-388a-498e-af9c-b33aa01d2ce7-GrpcLogAppender: Wait interrupted by java.lang.InterruptedException
2022-07-27 13:53:21,022 [58deb1ea-3cfa-40e5-9635-0b83604fd255@group-5E5AA6CD42E4->300bc6a6-ac9b-494f-ba5e-9b5cd40f574a-GrpcLogAppender-LogAppenderDaemon] WARN  server.GrpcLogAppender (GrpcLogAppender.java:mayWait(171)) - 58deb1ea-3cfa-40e5-9635-0b83604fd255@group-5E5AA6CD42E4->300bc6a6-ac9b-494f-ba5e-9b5cd40f574a-GrpcLogAppender: Wait interrupted by java.lang.InterruptedException
2022-07-27 13:53:21,023 [ddca7a03-388a-498e-af9c-b33aa01d2ce7@group-5E5AA6CD42E4-StateMachineUpdater] INFO  ratis.ContainerStateMachine (ContainerStateMachine.java:takeSnapshot(315)) - group-5E5AA6CD42E4: Finished taking a snapshot at:(t:2, i:51) file:/home/runner/work/ozone/ozone/hadoop-ozone/integration-test/target/test-dir/MiniOzoneClusterImpl-d8681e24-cb86-4f17-9b85-5d83644f9f4f/datanode-2/data/ratis/1db598ad-abc5-482d-a489-5e5aa6cd42e4/sm/snapshot.2_51 took: 3 ms
2022-07-27 13:53:21,023 [ddca7a03-388a-498e-af9c-b33aa01d2ce7@group-5E5AA6CD42E4-StateMachineUpdater] INFO  impl.StateMachineUpdater (StateMachineUpdater.java:takeSnapshot(287)) - ddca7a03-388a-498e-af9c-b33aa01d2ce7@group-5E5AA6CD42E4-StateMachineUpdater: Took a snapshot at index 51
2022-07-27 13:53:21,023 [ddca7a03-388a-498e-af9c-b33aa01d2ce7@group-5E5AA6CD42E4-StateMachineUpdater] INFO  impl.StateMachineUpdater (StateMachineUpdater.java:lambda$new$0(92)) - ddca7a03-388a-498e-af9c-b33aa01d2ce7@group-5E5AA6CD42E4-StateMachineUpdater: snapshotIndex: updateIncreasingly -1 -> 51
2022-07-27 13:53:21,024 [Listener at 127.0.0.1/34829] INFO  server.RaftServer$Division (ServerState.java:close(429)) - ddca7a03-388a-498e-af9c-b33aa01d2ce7@group-5E5AA6CD42E4: closes. applyIndex: 51
2022-07-27 13:53:21,025 [grpc-default-executor-3] INFO  server.GrpcServerProtocolService (GrpcServerProtocolService.java:onCompleted(140)) - ddca7a03-388a-498e-af9c-b33aa01d2ce7: Completed APPEND_ENTRIES, lastRequest: 58deb1ea-3cfa-40e5-9635-0b83604fd255->ddca7a03-388a-498e-af9c-b33aa01d2ce7#848-t2,previous=(t:2, i:50),leaderCommit=49,initializing? true,entries: size=1, first=(t:2, i:51), METADATAENTRY(c:49)
2022-07-27 13:53:21,025 [ddca7a03-388a-498e-af9c-b33aa01d2ce7@group-5E5AA6CD42E4-SegmentedRaftLogWorker] INFO  segmented.SegmentedRaftLogWorker (SegmentedRaftLogWorker.java:run(336)) - ddca7a03-388a-498e-af9c-b33aa01d2ce7@group-5E5AA6CD42E4-SegmentedRaftLogWorker was interrupted, exiting. There are 0 tasks remaining in the queue.
2022-07-27 13:53:21,025 [grpc-default-executor-2] INFO  server.GrpcServerProtocolService (GrpcServerProtocolService.java:onCompleted(140)) - 300bc6a6-ac9b-494f-ba5e-9b5cd40f574a: Completed APPEND_ENTRIES, lastRequest: 58deb1ea-3cfa-40e5-9635-0b83604fd255->300bc6a6-ac9b-494f-ba5e-9b5cd40f574a#934-t2,previous=(t:2, i:50),leaderCommit=49,initializing? true,entries: size=1, first=(t:2, i:51), METADATAENTRY(c:49)
2022-07-27 13:53:21,026 [Listener at 127.0.0.1/34829] INFO  segmented.SegmentedRaftLogWorker (SegmentedRaftLogWorker.java:close(246)) - ddca7a03-388a-498e-af9c-b33aa01d2ce7@group-5E5AA6CD42E4-SegmentedRaftLogWorker close()
2022-07-27 13:53:21,026 [grpc-default-executor-1] INFO  server.GrpcLogAppender (GrpcLogAppender.java:onCompleted(339)) - 58deb1ea-3cfa-40e5-9635-0b83604fd255@group-5E5AA6CD42E4->ddca7a03-388a-498e-af9c-b33aa01d2ce7-AppendLogResponseHandler: follower responses appendEntries COMPLETED
2022-07-27 13:53:21,026 [grpc-default-executor-1] INFO  leader.FollowerInfo (FollowerInfoImpl.java:lambda$new$0(48)) - 58deb1ea-3cfa-40e5-9635-0b83604fd255@group-5E5AA6CD42E4->ddca7a03-388a-498e-af9c-b33aa01d2ce7: nextIndex: updateUnconditionally 52 -> 51
2022-07-27 13:53:21,026 [grpc-default-executor-2] INFO  server.GrpcLogAppender (GrpcLogAppender.java:onCompleted(339)) - 58deb1ea-3cfa-40e5-9635-0b83604fd255@group-5E5AA6CD42E4->300bc6a6-ac9b-494f-ba5e-9b5cd40f574a-AppendLogResponseHandler: follower responses appendEntries COMPLETED
2022-07-27 13:53:21,026 [grpc-default-executor-2] INFO  leader.FollowerInfo (FollowerInfoImpl.java:lambda$new$0(48)) - 58deb1ea-3cfa-40e5-9635-0b83604fd255@group-5E5AA6CD42E4->300bc6a6-ac9b-494f-ba5e-9b5cd40f574a: nextIndex: updateUnconditionally 52 -> 51
2022-07-27 13:53:21,040 [Listener at 127.0.0.1/34829] INFO  server.RaftServer$Division (RaftServerImpl.java:lambda$close$4(434)) - ddca7a03-388a-498e-af9c-b33aa01d2ce7@group-E906013F5CDA: shutdown
2022-07-27 13:53:21,041 [Listener at 127.0.0.1/34829] INFO  util.JmxRegister (JmxRegister.java:unregister(73)) - Successfully un-registered JMX Bean with object name Ratis:service=RaftServer,group=group-E906013F5CDA,id=ddca7a03-388a-498e-af9c-b33aa01d2ce7
2022-07-27 13:53:21,041 [Listener at 127.0.0.1/34829] INFO  impl.RoleInfo (RoleInfo.java:shutdownLeaderState(93)) - ddca7a03-388a-498e-af9c-b33aa01d2ce7: shutdown ddca7a03-388a-498e-af9c-b33aa01d2ce7@group-E906013F5CDA-LeaderStateImpl
2022-07-27 13:53:21,041 [Listener at 127.0.0.1/34829] INFO  impl.PendingRequests (PendingRequests.java:sendNotLeaderResponses(282)) - ddca7a03-388a-498e-af9c-b33aa01d2ce7@group-E906013F5CDA-PendingRequests: sendNotLeaderResponses
2022-07-27 13:53:21,042 [Listener at 127.0.0.1/34829] INFO  impl.StateMachineUpdater (StateMachineUpdater.java:stopAndJoin(153)) - ddca7a03-388a-498e-af9c-b33aa01d2ce7@group-E906013F5CDA-StateMachineUpdater: set stopIndex = 0
2022-07-27 13:53:21,042 [ddca7a03-388a-498e-af9c-b33aa01d2ce7@group-E906013F5CDA-StateMachineUpdater] INFO  ratis.ContainerStateMachine (ContainerStateMachine.java:takeSnapshot(304)) - group-E906013F5CDA: Taking a snapshot at:(t:1, i:0) file /home/runner/work/ozone/ozone/hadoop-ozone/integration-test/target/test-dir/MiniOzoneClusterImpl-d8681e24-cb86-4f17-9b85-5d83644f9f4f/datanode-2/data/ratis/54bbec29-6b6a-4ca2-92f4-e906013f5cda/sm/snapshot.1_0
2022-07-27 13:53:21,043 [ddca7a03-388a-498e-af9c-b33aa01d2ce7@group-E906013F5CDA-StateMachineUpdater] INFO  ratis.ContainerStateMachine (ContainerStateMachine.java:takeSnapshot(315)) - group-E906013F5CDA: Finished taking a snapshot at:(t:1, i:0) file:/home/runner/work/ozone/ozone/hadoop-ozone/integration-test/target/test-dir/MiniOzoneClusterImpl-d8681e24-cb86-4f17-9b85-5d83644f9f4f/datanode-2/data/ratis/54bbec29-6b6a-4ca2-92f4-e906013f5cda/sm/snapshot.1_0 took: 1 ms
2022-07-27 13:53:21,043 [ddca7a03-388a-498e-af9c-b33aa01d2ce7@group-E906013F5CDA-StateMachineUpdater] INFO  impl.StateMachineUpdater (StateMachineUpdater.java:takeSnapshot(287)) - ddca7a03-388a-498e-af9c-b33aa01d2ce7@group-E906013F5CDA-StateMachineUpdater: Took a snapshot at index 0
2022-07-27 13:53:21,043 [ddca7a03-388a-498e-af9c-b33aa01d2ce7@group-E906013F5CDA-StateMachineUpdater] INFO  impl.StateMachineUpdater (StateMachineUpdater.java:lambda$new$0(92)) - ddca7a03-388a-498e-af9c-b33aa01d2ce7@group-E906013F5CDA-StateMachineUpdater: snapshotIndex: updateIncreasingly -1 -> 0
2022-07-27 13:53:21,044 [Listener at 127.0.0.1/34829] INFO  server.RaftServer$Division (ServerState.java:close(429)) - ddca7a03-388a-498e-af9c-b33aa01d2ce7@group-E906013F5CDA: closes. applyIndex: 0
2022-07-27 13:53:21,044 [ddca7a03-388a-498e-af9c-b33aa01d2ce7@group-E906013F5CDA-SegmentedRaftLogWorker] INFO  segmented.SegmentedRaftLogWorker (SegmentedRaftLogWorker.java:run(336)) - ddca7a03-388a-498e-af9c-b33aa01d2ce7@group-E906013F5CDA-SegmentedRaftLogWorker was interrupted, exiting. There are 0 tasks remaining in the queue.
2022-07-27 13:53:21,044 [Listener at 127.0.0.1/34829] INFO  segmented.SegmentedRaftLogWorker (SegmentedRaftLogWorker.java:close(246)) - ddca7a03-388a-498e-af9c-b33aa01d2ce7@group-E906013F5CDA-SegmentedRaftLogWorker close()
2022-07-27 13:53:21,056 [58deb1ea-3cfa-40e5-9635-0b83604fd255@group-5E5AA6CD42E4-StateMachineUpdater] INFO  ratis.ContainerStateMachine (ContainerStateMachine.java:takeSnapshot(315)) - group-5E5AA6CD42E4: Finished taking a snapshot at:(t:2, i:51) file:/home/runner/work/ozone/ozone/hadoop-ozone/integration-test/target/test-dir/MiniOzoneClusterImpl-d8681e24-cb86-4f17-9b85-5d83644f9f4f/datanode-1/data/ratis/1db598ad-abc5-482d-a489-5e5aa6cd42e4/sm/snapshot.2_51 took: 43 ms
2022-07-27 13:53:21,056 [58deb1ea-3cfa-40e5-9635-0b83604fd255@group-5E5AA6CD42E4-StateMachineUpdater] INFO  impl.StateMachineUpdater (StateMachineUpdater.java:takeSnapshot(287)) - 58deb1ea-3cfa-40e5-9635-0b83604fd255@group-5E5AA6CD42E4-StateMachineUpdater: Took a snapshot at index 51
2022-07-27 13:53:21,056 [58deb1ea-3cfa-40e5-9635-0b83604fd255@group-5E5AA6CD42E4-StateMachineUpdater] INFO  impl.StateMachineUpdater (StateMachineUpdater.java:lambda$new$0(92)) - 58deb1ea-3cfa-40e5-9635-0b83604fd255@group-5E5AA6CD42E4-StateMachineUpdater: snapshotIndex: updateIncreasingly -1 -> 51
2022-07-27 13:53:21,057 [ForkJoinPool.commonPool-worker-1] INFO  server.RaftServer$Division (ServerState.java:close(429)) - 58deb1ea-3cfa-40e5-9635-0b83604fd255@group-5E5AA6CD42E4: closes. applyIndex: 51
2022-07-27 13:53:21,057 [58deb1ea-3cfa-40e5-9635-0b83604fd255@group-5E5AA6CD42E4-SegmentedRaftLogWorker] INFO  segmented.SegmentedRaftLogWorker (SegmentedRaftLogWorker.java:run(336)) - 58deb1ea-3cfa-40e5-9635-0b83604fd255@group-5E5AA6CD42E4-SegmentedRaftLogWorker was interrupted, exiting. There are 0 tasks remaining in the queue.
2022-07-27 13:53:21,057 [ForkJoinPool.commonPool-worker-1] INFO  segmented.SegmentedRaftLogWorker (SegmentedRaftLogWorker.java:close(246)) - 58deb1ea-3cfa-40e5-9635-0b83604fd255@group-5E5AA6CD42E4-SegmentedRaftLogWorker close()
2022-07-27 13:53:21,065 [ForkJoinPool.commonPool-worker-1] INFO  server.GrpcService (GrpcService.java:closeImpl(269)) - 58deb1ea-3cfa-40e5-9635-0b83604fd255: shutdown server with port 32883 now
2022-07-27 13:53:21,065 [Listener at 127.0.0.1/34829] INFO  server.GrpcService (GrpcService.java:closeImpl(269)) - ddca7a03-388a-498e-af9c-b33aa01d2ce7: shutdown server with port 36561 now
2022-07-27 13:53:21,152 [ForkJoinPool.commonPool-worker-1] INFO  server.GrpcService (GrpcService.java:closeImpl(278)) - 58deb1ea-3cfa-40e5-9635-0b83604fd255: shutdown server with port 32883 successfully
2022-07-27 13:53:21,155 [Listener at 127.0.0.1/34829] INFO  server.GrpcService (GrpcService.java:closeImpl(278)) - ddca7a03-388a-498e-af9c-b33aa01d2ce7: shutdown server with port 36561 successfully
2022-07-27 13:53:21,155 [org.apache.ratis.util.JvmPauseMonitor$$Lambda$615/1136232276@2bfdd369] INFO  util.JvmPauseMonitor (JvmPauseMonitor.java:run(109)) - JvmPauseMonitor-ddca7a03-388a-498e-af9c-b33aa01d2ce7: Stopped
2022-07-27 13:53:21,156 [org.apache.ratis.util.JvmPauseMonitor$$Lambda$615/1136232276@230ec7ec] INFO  util.JvmPauseMonitor (JvmPauseMonitor.java:run(109)) - JvmPauseMonitor-58deb1ea-3cfa-40e5-9635-0b83604fd255: Stopped
2022-07-27 13:53:22,426 [UnderReplicatedQueueThreadThread] INFO  replication.UnderReplicatedProcessor (UnderReplicatedProcessor.java:processAll(85)) - Processed 0 under replicated containers, failed processing 0
2022-07-27 13:53:22,429 [OverReplicatedQueueThreadThread] INFO  replication.OverReplicatedProcessor (OverReplicatedProcessor.java:processAll(83)) - Processed 0 over replicated containers, failed processing 0
2022-07-27 13:53:23,226 [Listener at 127.0.0.1/34829] INFO  utils.BackgroundService (BackgroundService.java:shutdown(141)) - Shutting down service BlockDeletingService
2022-07-27 13:53:23,238 [ForkJoinPool.commonPool-worker-1] INFO  utils.BackgroundService (BackgroundService.java:shutdown(141)) - Shutting down service BlockDeletingService
2022-07-27 13:53:23,238 [Listener at 127.0.0.1/34829] INFO  utils.BackgroundService (BackgroundService.java:shutdown(141)) - Shutting down service StaleRecoveringContainerScrubbingService
2022-07-27 13:53:23,239 [ForkJoinPool.commonPool-worker-1] INFO  utils.BackgroundService (BackgroundService.java:shutdown(141)) - Shutting down service StaleRecoveringContainerScrubbingService
2022-07-27 13:53:25,544 [300bc6a6-ac9b-494f-ba5e-9b5cd40f574a@group-4AB8ADFB4942-FollowerState] INFO  impl.FollowerState (FollowerState.java:run(143)) - 300bc6a6-ac9b-494f-ba5e-9b5cd40f574a@group-4AB8ADFB4942-FollowerState: change to CANDIDATE, lastRpcElapsedTime:5151369805ns, electionTimeout:5057ms
2022-07-27 13:53:25,544 [300bc6a6-ac9b-494f-ba5e-9b5cd40f574a@group-4AB8ADFB4942-FollowerState] INFO  impl.RoleInfo (RoleInfo.java:shutdownFollowerState(110)) - 300bc6a6-ac9b-494f-ba5e-9b5cd40f574a: shutdown 300bc6a6-ac9b-494f-ba5e-9b5cd40f574a@group-4AB8ADFB4942-FollowerState
2022-07-27 13:53:25,544 [300bc6a6-ac9b-494f-ba5e-9b5cd40f574a@group-4AB8ADFB4942-FollowerState] INFO  server.RaftServer$Division (RaftServerImpl.java:setRole(299)) - 300bc6a6-ac9b-494f-ba5e-9b5cd40f574a@group-4AB8ADFB4942: changes role from  FOLLOWER to CANDIDATE at term 4 for changeToCandidate
2022-07-27 13:53:25,544 [300bc6a6-ac9b-494f-ba5e-9b5cd40f574a@group-4AB8ADFB4942-FollowerState] INFO  server.RaftServerConfigKeys (ConfUtils.java:logGet(46)) - raft.server.leaderelection.pre-vote = false (custom)
2022-07-27 13:53:25,544 [300bc6a6-ac9b-494f-ba5e-9b5cd40f574a@group-4AB8ADFB4942-FollowerState] INFO  impl.RoleInfo (RoleInfo.java:updateAndGet(139)) - 300bc6a6-ac9b-494f-ba5e-9b5cd40f574a: start 300bc6a6-ac9b-494f-ba5e-9b5cd40f574a@group-4AB8ADFB4942-LeaderElection50
2022-07-27 13:53:25,584 [300bc6a6-ac9b-494f-ba5e-9b5cd40f574a@group-4AB8ADFB4942-LeaderElection50] INFO  server.RaftServer$Division (ServerState.java:setLeader(287)) - 300bc6a6-ac9b-494f-ba5e-9b5cd40f574a@group-4AB8ADFB4942: change Leader from ddca7a03-388a-498e-af9c-b33aa01d2ce7 to null at term 4 for ELECTION
2022-07-27 13:53:25,589 [300bc6a6-ac9b-494f-ba5e-9b5cd40f574a@group-4AB8ADFB4942-LeaderElection50] INFO  impl.LeaderElection (LeaderElection.java:askForVotes(310)) - 300bc6a6-ac9b-494f-ba5e-9b5cd40f574a@group-4AB8ADFB4942-LeaderElection50 ELECTION round 0: submit vote requests at term 5 for 0: [300bc6a6-ac9b-494f-ba5e-9b5cd40f574a|rpc:10.1.0.21:35611|dataStream:|priority:0, 58deb1ea-3cfa-40e5-9635-0b83604fd255|rpc:10.1.0.21:32883|dataStream:|priority:0, ddca7a03-388a-498e-af9c-b33aa01d2ce7|rpc:10.1.0.21:36561|dataStream:|priority:1], old=null
2022-07-27 13:53:25,655 [300bc6a6-ac9b-494f-ba5e-9b5cd40f574a@group-4AB8ADFB4942-LeaderElection50] INFO  impl.LeaderElection (LogUtils.java:infoOrTrace(137)) - 300bc6a6-ac9b-494f-ba5e-9b5cd40f574a@group-4AB8ADFB4942-LeaderElection50 got exception when requesting votes: java.util.concurrent.ExecutionException: org.apache.ratis.thirdparty.io.grpc.StatusRuntimeException: UNAVAILABLE: io exception
2022-07-27 13:53:25,676 [300bc6a6-ac9b-494f-ba5e-9b5cd40f574a@group-4AB8ADFB4942-LeaderElection50] INFO  impl.LeaderElection (LogUtils.java:infoOrTrace(137)) - 300bc6a6-ac9b-494f-ba5e-9b5cd40f574a@group-4AB8ADFB4942-LeaderElection50 got exception when requesting votes: java.util.concurrent.ExecutionException: org.apache.ratis.thirdparty.io.grpc.StatusRuntimeException: UNAVAILABLE: io exception
2022-07-27 13:53:25,676 [300bc6a6-ac9b-494f-ba5e-9b5cd40f574a@group-4AB8ADFB4942-LeaderElection50] INFO  impl.LeaderElection (LeaderElection.java:logAndReturn(90)) - 300bc6a6-ac9b-494f-ba5e-9b5cd40f574a@group-4AB8ADFB4942-LeaderElection50: ELECTION REJECTED received 0 response(s) and 2 exception(s):
2022-07-27 13:53:25,676 [300bc6a6-ac9b-494f-ba5e-9b5cd40f574a@group-4AB8ADFB4942-LeaderElection50] INFO  impl.LeaderElection (LogUtils.java:infoOrTrace(137)) -   Exception 0: java.util.concurrent.ExecutionException: org.apache.ratis.thirdparty.io.grpc.StatusRuntimeException: UNAVAILABLE: io exception
2022-07-27 13:53:25,677 [300bc6a6-ac9b-494f-ba5e-9b5cd40f574a@group-4AB8ADFB4942-LeaderElection50] INFO  impl.LeaderElection (LogUtils.java:infoOrTrace(137)) -   Exception 1: java.util.concurrent.ExecutionException: org.apache.ratis.thirdparty.io.grpc.StatusRuntimeException: UNAVAILABLE: io exception
2022-07-27 13:53:25,677 [300bc6a6-ac9b-494f-ba5e-9b5cd40f574a@group-4AB8ADFB4942-LeaderElection50] INFO  impl.LeaderElection (LeaderElection.java:askForVotes(312)) - 300bc6a6-ac9b-494f-ba5e-9b5cd40f574a@group-4AB8ADFB4942-LeaderElection50 ELECTION round 0: result REJECTED
2022-07-27 13:53:25,677 [300bc6a6-ac9b-494f-ba5e-9b5cd40f574a@group-4AB8ADFB4942-LeaderElection50] INFO  server.RaftServer$Division (RaftServerImpl.java:setRole(299)) - 300bc6a6-ac9b-494f-ba5e-9b5cd40f574a@group-4AB8ADFB4942: changes role from CANDIDATE to FOLLOWER at term 5 for REJECTED
2022-07-27 13:53:25,677 [300bc6a6-ac9b-494f-ba5e-9b5cd40f574a@group-4AB8ADFB4942-LeaderElection50] INFO  impl.RoleInfo (RoleInfo.java:shutdownLeaderElection(130)) - 300bc6a6-ac9b-494f-ba5e-9b5cd40f574a: shutdown 300bc6a6-ac9b-494f-ba5e-9b5cd40f574a@group-4AB8ADFB4942-LeaderElection50
2022-07-27 13:53:25,677 [300bc6a6-ac9b-494f-ba5e-9b5cd40f574a@group-4AB8ADFB4942-LeaderElection50] INFO  impl.RoleInfo (RoleInfo.java:updateAndGet(139)) - 300bc6a6-ac9b-494f-ba5e-9b5cd40f574a: start 300bc6a6-ac9b-494f-ba5e-9b5cd40f574a@group-4AB8ADFB4942-FollowerState
2022-07-27 13:53:25,703 [300bc6a6-ac9b-494f-ba5e-9b5cd40f574a@group-5E5AA6CD42E4-FollowerState] INFO  impl.FollowerState (FollowerState.java:run(143)) - 300bc6a6-ac9b-494f-ba5e-9b5cd40f574a@group-5E5AA6CD42E4-FollowerState: change to CANDIDATE, lastRpcElapsedTime:5960202935ns, electionTimeout:5106ms
2022-07-27 13:53:25,703 [300bc6a6-ac9b-494f-ba5e-9b5cd40f574a@group-5E5AA6CD42E4-FollowerState] INFO  impl.RoleInfo (RoleInfo.java:shutdownFollowerState(110)) - 300bc6a6-ac9b-494f-ba5e-9b5cd40f574a: shutdown 300bc6a6-ac9b-494f-ba5e-9b5cd40f574a@group-5E5AA6CD42E4-FollowerState
2022-07-27 13:53:25,703 [300bc6a6-ac9b-494f-ba5e-9b5cd40f574a@group-5E5AA6CD42E4-FollowerState] INFO  server.RaftServer$Division (RaftServerImpl.java:setRole(299)) - 300bc6a6-ac9b-494f-ba5e-9b5cd40f574a@group-5E5AA6CD42E4: changes role from  FOLLOWER to CANDIDATE at term 2 for changeToCandidate
2022-07-27 13:53:25,703 [300bc6a6-ac9b-494f-ba5e-9b5cd40f574a@group-5E5AA6CD42E4-FollowerState] INFO  server.RaftServerConfigKeys (ConfUtils.java:logGet(46)) - raft.server.leaderelection.pre-vote = false (custom)
2022-07-27 13:53:25,703 [300bc6a6-ac9b-494f-ba5e-9b5cd40f574a@group-5E5AA6CD42E4-FollowerState] INFO  impl.RoleInfo (RoleInfo.java:updateAndGet(139)) - 300bc6a6-ac9b-494f-ba5e-9b5cd40f574a: start 300bc6a6-ac9b-494f-ba5e-9b5cd40f574a@group-5E5AA6CD42E4-LeaderElection51
2022-07-27 13:53:25,720 [300bc6a6-ac9b-494f-ba5e-9b5cd40f574a@group-5E5AA6CD42E4-LeaderElection51] INFO  server.RaftServer$Division (ServerState.java:setLeader(287)) - 300bc6a6-ac9b-494f-ba5e-9b5cd40f574a@group-5E5AA6CD42E4: change Leader from 58deb1ea-3cfa-40e5-9635-0b83604fd255 to null at term 2 for ELECTION
2022-07-27 13:53:25,722 [300bc6a6-ac9b-494f-ba5e-9b5cd40f574a@group-5E5AA6CD42E4-LeaderElection51] INFO  impl.LeaderElection (LeaderElection.java:askForVotes(310)) - 300bc6a6-ac9b-494f-ba5e-9b5cd40f574a@group-5E5AA6CD42E4-LeaderElection51 ELECTION round 0: submit vote requests at term 3 for 0: [300bc6a6-ac9b-494f-ba5e-9b5cd40f574a|rpc:10.1.0.21:35611|dataStream:|priority:0, 58deb1ea-3cfa-40e5-9635-0b83604fd255|rpc:10.1.0.21:32883|dataStream:|priority:1, ddca7a03-388a-498e-af9c-b33aa01d2ce7|rpc:10.1.0.21:36561|dataStream:|priority:0], old=null
2022-07-27 13:53:25,725 [300bc6a6-ac9b-494f-ba5e-9b5cd40f574a@group-5E5AA6CD42E4-LeaderElection51] INFO  impl.LeaderElection (LogUtils.java:infoOrTrace(137)) - 300bc6a6-ac9b-494f-ba5e-9b5cd40f574a@group-5E5AA6CD42E4-LeaderElection51 got exception when requesting votes: java.util.concurrent.ExecutionException: org.apache.ratis.thirdparty.io.grpc.StatusRuntimeException: UNAVAILABLE: io exception
2022-07-27 13:53:25,725 [300bc6a6-ac9b-494f-ba5e-9b5cd40f574a@group-5E5AA6CD42E4-LeaderElection51] INFO  impl.LeaderElection (LogUtils.java:infoOrTrace(137)) - 300bc6a6-ac9b-494f-ba5e-9b5cd40f574a@group-5E5AA6CD42E4-LeaderElection51 got exception when requesting votes: java.util.concurrent.ExecutionException: org.apache.ratis.thirdparty.io.grpc.StatusRuntimeException: UNAVAILABLE: io exception
2022-07-27 13:53:25,725 [300bc6a6-ac9b-494f-ba5e-9b5cd40f574a@group-5E5AA6CD42E4-LeaderElection51] INFO  impl.LeaderElection (LeaderElection.java:logAndReturn(90)) - 300bc6a6-ac9b-494f-ba5e-9b5cd40f574a@group-5E5AA6CD42E4-LeaderElection51: ELECTION REJECTED received 0 response(s) and 2 exception(s):
2022-07-27 13:53:25,725 [300bc6a6-ac9b-494f-ba5e-9b5cd40f574a@group-5E5AA6CD42E4-LeaderElection51] INFO  impl.LeaderElection (LogUtils.java:infoOrTrace(137)) -   Exception 0: java.util.concurrent.ExecutionException: org.apache.ratis.thirdparty.io.grpc.StatusRuntimeException: UNAVAILABLE: io exception
2022-07-27 13:53:25,725 [300bc6a6-ac9b-494f-ba5e-9b5cd40f574a@group-5E5AA6CD42E4-LeaderElection51] INFO  impl.LeaderElection (LogUtils.java:infoOrTrace(137)) -   Exception 1: java.util.concurrent.ExecutionException: org.apache.ratis.thirdparty.io.grpc.StatusRuntimeException: UNAVAILABLE: io exception
2022-07-27 13:53:25,726 [300bc6a6-ac9b-494f-ba5e-9b5cd40f574a@group-5E5AA6CD42E4-LeaderElection51] INFO  impl.LeaderElection (LeaderElection.java:askForVotes(312)) - 300bc6a6-ac9b-494f-ba5e-9b5cd40f574a@group-5E5AA6CD42E4-LeaderElection51 ELECTION round 0: result REJECTED
2022-07-27 13:53:25,726 [300bc6a6-ac9b-494f-ba5e-9b5cd40f574a@group-5E5AA6CD42E4-LeaderElection51] INFO  server.RaftServer$Division (RaftServerImpl.java:setRole(299)) - 300bc6a6-ac9b-494f-ba5e-9b5cd40f574a@group-5E5AA6CD42E4: changes role from CANDIDATE to FOLLOWER at term 3 for REJECTED
2022-07-27 13:53:25,726 [300bc6a6-ac9b-494f-ba5e-9b5cd40f574a@group-5E5AA6CD42E4-LeaderElection51] INFO  impl.RoleInfo (RoleInfo.java:shutdownLeaderElection(130)) - 300bc6a6-ac9b-494f-ba5e-9b5cd40f574a: shutdown 300bc6a6-ac9b-494f-ba5e-9b5cd40f574a@group-5E5AA6CD42E4-LeaderElection51
2022-07-27 13:53:25,726 [300bc6a6-ac9b-494f-ba5e-9b5cd40f574a@group-5E5AA6CD42E4-LeaderElection51] INFO  impl.RoleInfo (RoleInfo.java:updateAndGet(139)) - 300bc6a6-ac9b-494f-ba5e-9b5cd40f574a: start 300bc6a6-ac9b-494f-ba5e-9b5cd40f574a@group-5E5AA6CD42E4-FollowerState
2022-07-27 13:53:26,247 [Listener at 127.0.0.1/34829] INFO  statemachine.DatanodeStateMachine (DatanodeStateMachine.java:stopDaemon(580)) - Ozone container server stopped.
2022-07-27 13:53:26,254 [Listener at 127.0.0.1/34829] INFO  handler.ContextHandler (ContextHandler.java:doStop(1153)) - Stopped o.e.j.w.WebAppContext@9ed2b30{hddsDatanode,/,null,STOPPED}{jar:file:/home/runner/.m2/repository/org/apache/ozone/hdds-container-service/1.3.0-SNAPSHOT/hdds-container-service-1.3.0-SNAPSHOT.jar!/webapps/hddsDatanode}
2022-07-27 13:53:26,262 [Listener at 127.0.0.1/34829] INFO  server.AbstractConnector (AbstractConnector.java:doStop(381)) - Stopped ServerConnector@1b692647{HTTP/1.1, (http/1.1)}{0.0.0.0:0}
2022-07-27 13:53:26,262 [Listener at 127.0.0.1/34829] INFO  server.session (HouseKeeper.java:stopScavenging(149)) - node0 Stopped scavenging
2022-07-27 13:53:26,263 [Listener at 127.0.0.1/34829] INFO  handler.ContextHandler (ContextHandler.java:doStop(1153)) - Stopped o.e.j.s.ServletContextHandler@24bab3d8{static,/static,jar:file:/home/runner/.m2/repository/org/apache/ozone/hdds-container-service/1.3.0-SNAPSHOT/hdds-container-service-1.3.0-SNAPSHOT.jar!/webapps/static,STOPPED}
2022-07-27 13:53:26,263 [Listener at 127.0.0.1/34829] INFO  handler.ContextHandler (ContextHandler.java:doStop(1153)) - Stopped o.e.j.s.ServletContextHandler@d21057e{logs,/logs,file:///home/runner/work/ozone/ozone/hadoop-ozone/integration-test/target/log,STOPPED}
2022-07-27 13:53:26,298 [ForkJoinPool.commonPool-worker-1] INFO  statemachine.DatanodeStateMachine (DatanodeStateMachine.java:stopDaemon(580)) - Ozone container server stopped.
2022-07-27 13:53:26,342 [ForkJoinPool.commonPool-worker-1] INFO  handler.ContextHandler (ContextHandler.java:doStop(1153)) - Stopped o.e.j.w.WebAppContext@69e34852{hddsDatanode,/,null,STOPPED}{jar:file:/home/runner/.m2/repository/org/apache/ozone/hdds-container-service/1.3.0-SNAPSHOT/hdds-container-service-1.3.0-SNAPSHOT.jar!/webapps/hddsDatanode}
2022-07-27 13:53:26,343 [ForkJoinPool.commonPool-worker-1] INFO  server.AbstractConnector (AbstractConnector.java:doStop(381)) - Stopped ServerConnector@33a9cb79{HTTP/1.1, (http/1.1)}{0.0.0.0:0}
2022-07-27 13:53:26,343 [ForkJoinPool.commonPool-worker-1] INFO  server.session (HouseKeeper.java:stopScavenging(149)) - node0 Stopped scavenging
2022-07-27 13:53:26,346 [ForkJoinPool.commonPool-worker-1] INFO  handler.ContextHandler (ContextHandler.java:doStop(1153)) - Stopped o.e.j.s.ServletContextHandler@1e7aa85c{static,/static,jar:file:/home/runner/.m2/repository/org/apache/ozone/hdds-container-service/1.3.0-SNAPSHOT/hdds-container-service-1.3.0-SNAPSHOT.jar!/webapps/static,STOPPED}
2022-07-27 13:53:26,347 [ForkJoinPool.commonPool-worker-1] INFO  handler.ContextHandler (ContextHandler.java:doStop(1153)) - Stopped o.e.j.s.ServletContextHandler@7709a275{logs,/logs,file:///home/runner/work/ozone/ozone/hadoop-ozone/integration-test/target/log,STOPPED}
2022-07-27 13:53:27,573 [UnderReplicatedQueueThreadThread] INFO  replication.UnderReplicatedProcessor (UnderReplicatedProcessor.java:processAll(85)) - Processed 0 under replicated containers, failed processing 0
2022-07-27 13:53:27,574 [OverReplicatedQueueThreadThread] INFO  replication.OverReplicatedProcessor (OverReplicatedProcessor.java:processAll(83)) - Processed 0 over replicated containers, failed processing 0
2022-07-27 13:53:30,854 [300bc6a6-ac9b-494f-ba5e-9b5cd40f574a@group-4AB8ADFB4942-FollowerState] INFO  impl.FollowerState (FollowerState.java:run(143)) - 300bc6a6-ac9b-494f-ba5e-9b5cd40f574a@group-4AB8ADFB4942-FollowerState: change to CANDIDATE, lastRpcElapsedTime:5176951309ns, electionTimeout:5133ms
2022-07-27 13:53:30,854 [300bc6a6-ac9b-494f-ba5e-9b5cd40f574a@group-4AB8ADFB4942-FollowerState] INFO  impl.RoleInfo (RoleInfo.java:shutdownFollowerState(110)) - 300bc6a6-ac9b-494f-ba5e-9b5cd40f574a: shutdown 300bc6a6-ac9b-494f-ba5e-9b5cd40f574a@group-4AB8ADFB4942-FollowerState
2022-07-27 13:53:30,854 [300bc6a6-ac9b-494f-ba5e-9b5cd40f574a@group-4AB8ADFB4942-FollowerState] INFO  server.RaftServer$Division (RaftServerImpl.java:setRole(299)) - 300bc6a6-ac9b-494f-ba5e-9b5cd40f574a@group-4AB8ADFB4942: changes role from  FOLLOWER to CANDIDATE at term 5 for changeToCandidate
2022-07-27 13:53:30,854 [300bc6a6-ac9b-494f-ba5e-9b5cd40f574a@group-4AB8ADFB4942-FollowerState] INFO  server.RaftServerConfigKeys (ConfUtils.java:logGet(46)) - raft.server.leaderelection.pre-vote = false (custom)
2022-07-27 13:53:30,854 [300bc6a6-ac9b-494f-ba5e-9b5cd40f574a@group-4AB8ADFB4942-FollowerState] INFO  impl.RoleInfo (RoleInfo.java:updateAndGet(139)) - 300bc6a6-ac9b-494f-ba5e-9b5cd40f574a: start 300bc6a6-ac9b-494f-ba5e-9b5cd40f574a@group-4AB8ADFB4942-LeaderElection52
2022-07-27 13:53:30,910 [300bc6a6-ac9b-494f-ba5e-9b5cd40f574a@group-5E5AA6CD42E4-FollowerState] INFO  impl.FollowerState (FollowerState.java:run(143)) - 300bc6a6-ac9b-494f-ba5e-9b5cd40f574a@group-5E5AA6CD42E4-FollowerState: change to CANDIDATE, lastRpcElapsedTime:5184605777ns, electionTimeout:5087ms
2022-07-27 13:53:30,910 [300bc6a6-ac9b-494f-ba5e-9b5cd40f574a@group-5E5AA6CD42E4-FollowerState] INFO  impl.RoleInfo (RoleInfo.java:shutdownFollowerState(110)) - 300bc6a6-ac9b-494f-ba5e-9b5cd40f574a: shutdown 300bc6a6-ac9b-494f-ba5e-9b5cd40f574a@group-5E5AA6CD42E4-FollowerState
2022-07-27 13:53:30,910 [300bc6a6-ac9b-494f-ba5e-9b5cd40f574a@group-5E5AA6CD42E4-FollowerState] INFO  server.RaftServer$Division (RaftServerImpl.java:setRole(299)) - 300bc6a6-ac9b-494f-ba5e-9b5cd40f574a@group-5E5AA6CD42E4: changes role from  FOLLOWER to CANDIDATE at term 3 for changeToCandidate
2022-07-27 13:53:30,910 [300bc6a6-ac9b-494f-ba5e-9b5cd40f574a@group-5E5AA6CD42E4-FollowerState] INFO  server.RaftServerConfigKeys (ConfUtils.java:logGet(46)) - raft.server.leaderelection.pre-vote = false (custom)
2022-07-27 13:53:30,911 [300bc6a6-ac9b-494f-ba5e-9b5cd40f574a@group-5E5AA6CD42E4-FollowerState] INFO  impl.RoleInfo (RoleInfo.java:updateAndGet(139)) - 300bc6a6-ac9b-494f-ba5e-9b5cd40f574a: start 300bc6a6-ac9b-494f-ba5e-9b5cd40f574a@group-5E5AA6CD42E4-LeaderElection53
2022-07-27 13:53:30,911 [300bc6a6-ac9b-494f-ba5e-9b5cd40f574a@group-4AB8ADFB4942-LeaderElection52] INFO  impl.LeaderElection (LeaderElection.java:askForVotes(310)) - 300bc6a6-ac9b-494f-ba5e-9b5cd40f574a@group-4AB8ADFB4942-LeaderElection52 ELECTION round 0: submit vote requests at term 6 for 0: [300bc6a6-ac9b-494f-ba5e-9b5cd40f574a|rpc:10.1.0.21:35611|dataStream:|priority:0, 58deb1ea-3cfa-40e5-9635-0b83604fd255|rpc:10.1.0.21:32883|dataStream:|priority:0, ddca7a03-388a-498e-af9c-b33aa01d2ce7|rpc:10.1.0.21:36561|dataStream:|priority:1], old=null
2022-07-27 13:53:30,935 [300bc6a6-ac9b-494f-ba5e-9b5cd40f574a@group-5E5AA6CD42E4-LeaderElection53] INFO  impl.LeaderElection (LeaderElection.java:askForVotes(310)) - 300bc6a6-ac9b-494f-ba5e-9b5cd40f574a@group-5E5AA6CD42E4-LeaderElection53 ELECTION round 0: submit vote requests at term 4 for 0: [300bc6a6-ac9b-494f-ba5e-9b5cd40f574a|rpc:10.1.0.21:35611|dataStream:|priority:0, 58deb1ea-3cfa-40e5-9635-0b83604fd255|rpc:10.1.0.21:32883|dataStream:|priority:1, ddca7a03-388a-498e-af9c-b33aa01d2ce7|rpc:10.1.0.21:36561|dataStream:|priority:0], old=null
2022-07-27 13:53:30,968 [300bc6a6-ac9b-494f-ba5e-9b5cd40f574a@group-4AB8ADFB4942-LeaderElection52] INFO  impl.LeaderElection (LogUtils.java:infoOrTrace(137)) - 300bc6a6-ac9b-494f-ba5e-9b5cd40f574a@group-4AB8ADFB4942-LeaderElection52 got exception when requesting votes: java.util.concurrent.ExecutionException: org.apache.ratis.thirdparty.io.grpc.StatusRuntimeException: UNAVAILABLE: io exception
2022-07-27 13:53:31,017 [300bc6a6-ac9b-494f-ba5e-9b5cd40f574a@group-5E5AA6CD42E4-LeaderElection53] INFO  impl.LeaderElection (LogUtils.java:infoOrTrace(137)) - 300bc6a6-ac9b-494f-ba5e-9b5cd40f574a@group-5E5AA6CD42E4-LeaderElection53 got exception when requesting votes: java.util.concurrent.ExecutionException: org.apache.ratis.thirdparty.io.grpc.StatusRuntimeException: UNAVAILABLE: io exception
2022-07-27 13:53:31,017 [300bc6a6-ac9b-494f-ba5e-9b5cd40f574a@group-4AB8ADFB4942-LeaderElection52] INFO  impl.LeaderElection (LogUtils.java:infoOrTrace(137)) - 300bc6a6-ac9b-494f-ba5e-9b5cd40f574a@group-4AB8ADFB4942-LeaderElection52 got exception when requesting votes: java.util.concurrent.ExecutionException: org.apache.ratis.thirdparty.io.grpc.StatusRuntimeException: UNAVAILABLE: io exception
2022-07-27 13:53:31,018 [300bc6a6-ac9b-494f-ba5e-9b5cd40f574a@group-4AB8ADFB4942-LeaderElection52] INFO  impl.LeaderElection (LeaderElection.java:logAndReturn(90)) - 300bc6a6-ac9b-494f-ba5e-9b5cd40f574a@group-4AB8ADFB4942-LeaderElection52: ELECTION REJECTED received 0 response(s) and 2 exception(s):
2022-07-27 13:53:31,018 [300bc6a6-ac9b-494f-ba5e-9b5cd40f574a@group-4AB8ADFB4942-LeaderElection52] INFO  impl.LeaderElection (LogUtils.java:infoOrTrace(137)) -   Exception 0: java.util.concurrent.ExecutionException: org.apache.ratis.thirdparty.io.grpc.StatusRuntimeException: UNAVAILABLE: io exception
2022-07-27 13:53:31,018 [300bc6a6-ac9b-494f-ba5e-9b5cd40f574a@group-4AB8ADFB4942-LeaderElection52] INFO  impl.LeaderElection (LogUtils.java:infoOrTrace(137)) -   Exception 1: java.util.concurrent.ExecutionException: org.apache.ratis.thirdparty.io.grpc.StatusRuntimeException: UNAVAILABLE: io exception
2022-07-27 13:53:31,018 [300bc6a6-ac9b-494f-ba5e-9b5cd40f574a@group-4AB8ADFB4942-LeaderElection52] INFO  impl.LeaderElection (LeaderElection.java:askForVotes(312)) - 300bc6a6-ac9b-494f-ba5e-9b5cd40f574a@group-4AB8ADFB4942-LeaderElection52 ELECTION round 0: result REJECTED
2022-07-27 13:53:31,018 [300bc6a6-ac9b-494f-ba5e-9b5cd40f574a@group-4AB8ADFB4942-LeaderElection52] INFO  server.RaftServer$Division (RaftServerImpl.java:setRole(299)) - 300bc6a6-ac9b-494f-ba5e-9b5cd40f574a@group-4AB8ADFB4942: changes role from CANDIDATE to FOLLOWER at term 6 for REJECTED
2022-07-27 13:53:31,018 [300bc6a6-ac9b-494f-ba5e-9b5cd40f574a@group-4AB8ADFB4942-LeaderElection52] INFO  impl.RoleInfo (RoleInfo.java:shutdownLeaderElection(130)) - 300bc6a6-ac9b-494f-ba5e-9b5cd40f574a: shutdown 300bc6a6-ac9b-494f-ba5e-9b5cd40f574a@group-4AB8ADFB4942-LeaderElection52
2022-07-27 13:53:31,018 [300bc6a6-ac9b-494f-ba5e-9b5cd40f574a@group-4AB8ADFB4942-LeaderElection52] INFO  impl.RoleInfo (RoleInfo.java:updateAndGet(139)) - 300bc6a6-ac9b-494f-ba5e-9b5cd40f574a: start 300bc6a6-ac9b-494f-ba5e-9b5cd40f574a@group-4AB8ADFB4942-FollowerState
2022-07-27 13:53:31,049 [300bc6a6-ac9b-494f-ba5e-9b5cd40f574a@group-5E5AA6CD42E4-LeaderElection53] INFO  impl.LeaderElection (LogUtils.java:infoOrTrace(137)) - 300bc6a6-ac9b-494f-ba5e-9b5cd40f574a@group-5E5AA6CD42E4-LeaderElection53 got exception when requesting votes: java.util.concurrent.ExecutionException: org.apache.ratis.thirdparty.io.grpc.StatusRuntimeException: UNAVAILABLE: io exception
2022-07-27 13:53:31,049 [300bc6a6-ac9b-494f-ba5e-9b5cd40f574a@group-5E5AA6CD42E4-LeaderElection53] INFO  impl.LeaderElection (LeaderElection.java:logAndReturn(90)) - 300bc6a6-ac9b-494f-ba5e-9b5cd40f574a@group-5E5AA6CD42E4-LeaderElection53: ELECTION REJECTED received 0 response(s) and 2 exception(s):
2022-07-27 13:53:31,049 [300bc6a6-ac9b-494f-ba5e-9b5cd40f574a@group-5E5AA6CD42E4-LeaderElection53] INFO  impl.LeaderElection (LogUtils.java:infoOrTrace(137)) -   Exception 0: java.util.concurrent.ExecutionException: org.apache.ratis.thirdparty.io.grpc.StatusRuntimeException: UNAVAILABLE: io exception
2022-07-27 13:53:31,049 [300bc6a6-ac9b-494f-ba5e-9b5cd40f574a@group-5E5AA6CD42E4-LeaderElection53] INFO  impl.LeaderElection (LogUtils.java:infoOrTrace(137)) -   Exception 1: java.util.concurrent.ExecutionException: org.apache.ratis.thirdparty.io.grpc.StatusRuntimeException: UNAVAILABLE: io exception
2022-07-27 13:53:31,049 [300bc6a6-ac9b-494f-ba5e-9b5cd40f574a@group-5E5AA6CD42E4-LeaderElection53] INFO  impl.LeaderElection (LeaderElection.java:askForVotes(312)) - 300bc6a6-ac9b-494f-ba5e-9b5cd40f574a@group-5E5AA6CD42E4-LeaderElection53 ELECTION round 0: result REJECTED
2022-07-27 13:53:31,049 [300bc6a6-ac9b-494f-ba5e-9b5cd40f574a@group-5E5AA6CD42E4-LeaderElection53] INFO  server.RaftServer$Division (RaftServerImpl.java:setRole(299)) - 300bc6a6-ac9b-494f-ba5e-9b5cd40f574a@group-5E5AA6CD42E4: changes role from CANDIDATE to FOLLOWER at term 4 for REJECTED
2022-07-27 13:53:31,049 [300bc6a6-ac9b-494f-ba5e-9b5cd40f574a@group-5E5AA6CD42E4-LeaderElection53] INFO  impl.RoleInfo (RoleInfo.java:shutdownLeaderElection(130)) - 300bc6a6-ac9b-494f-ba5e-9b5cd40f574a: shutdown 300bc6a6-ac9b-494f-ba5e-9b5cd40f574a@group-5E5AA6CD42E4-LeaderElection53
2022-07-27 13:53:31,049 [300bc6a6-ac9b-494f-ba5e-9b5cd40f574a@group-5E5AA6CD42E4-LeaderElection53] INFO  impl.RoleInfo (RoleInfo.java:updateAndGet(139)) - 300bc6a6-ac9b-494f-ba5e-9b5cd40f574a: start 300bc6a6-ac9b-494f-ba5e-9b5cd40f574a@group-5E5AA6CD42E4-FollowerState
2022-07-27 13:53:31,268 [Listener at 127.0.0.1/34829] INFO  ozoneimpl.OzoneContainer (OzoneContainer.java:stop(399)) - Attempting to stop container services.
2022-07-27 13:53:31,269 [Listener at 127.0.0.1/34829] INFO  server.RaftServer (RaftServerProxy.java:lambda$close$7(398)) - ddf52064-1dff-44ca-a9ae-631cccae887a: close
2022-07-27 13:53:31,269 [Listener at 127.0.0.1/34829] INFO  server.RaftServer$Division (RaftServerImpl.java:lambda$close$4(434)) - ddf52064-1dff-44ca-a9ae-631cccae887a@group-CFBBD5C41F45: shutdown
2022-07-27 13:53:31,269 [Listener at 127.0.0.1/34829] INFO  util.JmxRegister (JmxRegister.java:unregister(73)) - Successfully un-registered JMX Bean with object name Ratis:service=RaftServer,group=group-CFBBD5C41F45,id=ddf52064-1dff-44ca-a9ae-631cccae887a
2022-07-27 13:53:31,269 [Listener at 127.0.0.1/34829] INFO  impl.RoleInfo (RoleInfo.java:shutdownLeaderState(93)) - ddf52064-1dff-44ca-a9ae-631cccae887a: shutdown ddf52064-1dff-44ca-a9ae-631cccae887a@group-CFBBD5C41F45-LeaderStateImpl
2022-07-27 13:53:31,270 [Listener at 127.0.0.1/34829] INFO  impl.PendingRequests (PendingRequests.java:sendNotLeaderResponses(282)) - ddf52064-1dff-44ca-a9ae-631cccae887a@group-CFBBD5C41F45-PendingRequests: sendNotLeaderResponses
2022-07-27 13:53:31,270 [Listener at 127.0.0.1/34829] INFO  impl.StateMachineUpdater (StateMachineUpdater.java:stopAndJoin(153)) - ddf52064-1dff-44ca-a9ae-631cccae887a@group-CFBBD5C41F45-StateMachineUpdater: set stopIndex = 0
2022-07-27 13:53:31,271 [ddf52064-1dff-44ca-a9ae-631cccae887a@group-CFBBD5C41F45-StateMachineUpdater] INFO  ratis.ContainerStateMachine (ContainerStateMachine.java:takeSnapshot(304)) - group-CFBBD5C41F45: Taking a snapshot at:(t:1, i:0) file /home/runner/work/ozone/ozone/hadoop-ozone/integration-test/target/test-dir/MiniOzoneClusterImpl-d8681e24-cb86-4f17-9b85-5d83644f9f4f/datanode-4/data/ratis/e60de006-50d8-4140-adfd-cfbbd5c41f45/sm/snapshot.1_0
2022-07-27 13:53:31,272 [ddf52064-1dff-44ca-a9ae-631cccae887a@group-CFBBD5C41F45-StateMachineUpdater] INFO  ratis.ContainerStateMachine (ContainerStateMachine.java:takeSnapshot(315)) - group-CFBBD5C41F45: Finished taking a snapshot at:(t:1, i:0) file:/home/runner/work/ozone/ozone/hadoop-ozone/integration-test/target/test-dir/MiniOzoneClusterImpl-d8681e24-cb86-4f17-9b85-5d83644f9f4f/datanode-4/data/ratis/e60de006-50d8-4140-adfd-cfbbd5c41f45/sm/snapshot.1_0 took: 1 ms
2022-07-27 13:53:31,272 [ddf52064-1dff-44ca-a9ae-631cccae887a@group-CFBBD5C41F45-StateMachineUpdater] INFO  impl.StateMachineUpdater (StateMachineUpdater.java:takeSnapshot(287)) - ddf52064-1dff-44ca-a9ae-631cccae887a@group-CFBBD5C41F45-StateMachineUpdater: Took a snapshot at index 0
2022-07-27 13:53:31,272 [ddf52064-1dff-44ca-a9ae-631cccae887a@group-CFBBD5C41F45-StateMachineUpdater] INFO  impl.StateMachineUpdater (StateMachineUpdater.java:lambda$new$0(92)) - ddf52064-1dff-44ca-a9ae-631cccae887a@group-CFBBD5C41F45-StateMachineUpdater: snapshotIndex: updateIncreasingly -1 -> 0
2022-07-27 13:53:31,281 [Listener at 127.0.0.1/34829] INFO  server.RaftServer$Division (ServerState.java:close(429)) - ddf52064-1dff-44ca-a9ae-631cccae887a@group-CFBBD5C41F45: closes. applyIndex: 0
2022-07-27 13:53:31,281 [ddf52064-1dff-44ca-a9ae-631cccae887a@group-CFBBD5C41F45-SegmentedRaftLogWorker] INFO  segmented.SegmentedRaftLogWorker (SegmentedRaftLogWorker.java:run(336)) - ddf52064-1dff-44ca-a9ae-631cccae887a@group-CFBBD5C41F45-SegmentedRaftLogWorker was interrupted, exiting. There are 0 tasks remaining in the queue.
2022-07-27 13:53:31,281 [Listener at 127.0.0.1/34829] INFO  segmented.SegmentedRaftLogWorker (SegmentedRaftLogWorker.java:close(246)) - ddf52064-1dff-44ca-a9ae-631cccae887a@group-CFBBD5C41F45-SegmentedRaftLogWorker close()
2022-07-27 13:53:31,288 [Listener at 127.0.0.1/34829] INFO  server.GrpcService (GrpcService.java:closeImpl(269)) - ddf52064-1dff-44ca-a9ae-631cccae887a: shutdown server with port 44959 now
2022-07-27 13:53:31,288 [Listener at 127.0.0.1/34829] INFO  server.GrpcService (GrpcService.java:closeImpl(278)) - ddf52064-1dff-44ca-a9ae-631cccae887a: shutdown server with port 44959 successfully
2022-07-27 13:53:31,291 [org.apache.ratis.util.JvmPauseMonitor$$Lambda$615/1136232276@4c1c40c] INFO  util.JvmPauseMonitor (JvmPauseMonitor.java:run(109)) - JvmPauseMonitor-ddf52064-1dff-44ca-a9ae-631cccae887a: Stopped
2022-07-27 13:53:31,352 [ForkJoinPool.commonPool-worker-1] INFO  ozoneimpl.OzoneContainer (OzoneContainer.java:stop(399)) - Attempting to stop container services.
2022-07-27 13:53:31,352 [ForkJoinPool.commonPool-worker-1] INFO  server.RaftServer (RaftServerProxy.java:lambda$close$7(398)) - 300bc6a6-ac9b-494f-ba5e-9b5cd40f574a: close
2022-07-27 13:53:31,353 [ForkJoinPool.commonPool-worker-1] INFO  server.RaftServer$Division (RaftServerImpl.java:lambda$close$4(434)) - 300bc6a6-ac9b-494f-ba5e-9b5cd40f574a@group-96A6433D2308: shutdown
2022-07-27 13:53:31,353 [ForkJoinPool.commonPool-worker-1] INFO  util.JmxRegister (JmxRegister.java:unregister(73)) - Successfully un-registered JMX Bean with object name Ratis:service=RaftServer,group=group-96A6433D2308,id=300bc6a6-ac9b-494f-ba5e-9b5cd40f574a
2022-07-27 13:53:31,353 [ForkJoinPool.commonPool-worker-1] INFO  impl.RoleInfo (RoleInfo.java:shutdownLeaderState(93)) - 300bc6a6-ac9b-494f-ba5e-9b5cd40f574a: shutdown 300bc6a6-ac9b-494f-ba5e-9b5cd40f574a@group-96A6433D2308-LeaderStateImpl
2022-07-27 13:53:31,353 [ForkJoinPool.commonPool-worker-1] INFO  impl.PendingRequests (PendingRequests.java:sendNotLeaderResponses(282)) - 300bc6a6-ac9b-494f-ba5e-9b5cd40f574a@group-96A6433D2308-PendingRequests: sendNotLeaderResponses
2022-07-27 13:53:31,353 [ForkJoinPool.commonPool-worker-1] INFO  impl.StateMachineUpdater (StateMachineUpdater.java:stopAndJoin(153)) - 300bc6a6-ac9b-494f-ba5e-9b5cd40f574a@group-96A6433D2308-StateMachineUpdater: set stopIndex = 0
2022-07-27 13:53:31,354 [300bc6a6-ac9b-494f-ba5e-9b5cd40f574a@group-96A6433D2308-StateMachineUpdater] INFO  ratis.ContainerStateMachine (ContainerStateMachine.java:takeSnapshot(304)) - group-96A6433D2308: Taking a snapshot at:(t:1, i:0) file /home/runner/work/ozone/ozone/hadoop-ozone/integration-test/target/test-dir/MiniOzoneClusterImpl-d8681e24-cb86-4f17-9b85-5d83644f9f4f/datanode-0/data/ratis/0256aeb6-dd9f-4f39-b717-96a6433d2308/sm/snapshot.1_0
2022-07-27 13:53:31,359 [300bc6a6-ac9b-494f-ba5e-9b5cd40f574a@group-96A6433D2308-StateMachineUpdater] INFO  ratis.ContainerStateMachine (ContainerStateMachine.java:takeSnapshot(315)) - group-96A6433D2308: Finished taking a snapshot at:(t:1, i:0) file:/home/runner/work/ozone/ozone/hadoop-ozone/integration-test/target/test-dir/MiniOzoneClusterImpl-d8681e24-cb86-4f17-9b85-5d83644f9f4f/datanode-0/data/ratis/0256aeb6-dd9f-4f39-b717-96a6433d2308/sm/snapshot.1_0 took: 5 ms
2022-07-27 13:53:31,359 [300bc6a6-ac9b-494f-ba5e-9b5cd40f574a@group-96A6433D2308-StateMachineUpdater] INFO  impl.StateMachineUpdater (StateMachineUpdater.java:takeSnapshot(287)) - 300bc6a6-ac9b-494f-ba5e-9b5cd40f574a@group-96A6433D2308-StateMachineUpdater: Took a snapshot at index 0
2022-07-27 13:53:31,359 [300bc6a6-ac9b-494f-ba5e-9b5cd40f574a@group-96A6433D2308-StateMachineUpdater] INFO  impl.StateMachineUpdater (StateMachineUpdater.java:lambda$new$0(92)) - 300bc6a6-ac9b-494f-ba5e-9b5cd40f574a@group-96A6433D2308-StateMachineUpdater: snapshotIndex: updateIncreasingly -1 -> 0
2022-07-27 13:53:31,359 [ForkJoinPool.commonPool-worker-1] INFO  server.RaftServer$Division (ServerState.java:close(429)) - 300bc6a6-ac9b-494f-ba5e-9b5cd40f574a@group-96A6433D2308: closes. applyIndex: 0
2022-07-27 13:53:31,363 [300bc6a6-ac9b-494f-ba5e-9b5cd40f574a@group-96A6433D2308-SegmentedRaftLogWorker] INFO  segmented.SegmentedRaftLogWorker (SegmentedRaftLogWorker.java:run(336)) - 300bc6a6-ac9b-494f-ba5e-9b5cd40f574a@group-96A6433D2308-SegmentedRaftLogWorker was interrupted, exiting. There are 0 tasks remaining in the queue.
2022-07-27 13:53:31,363 [ForkJoinPool.commonPool-worker-1] INFO  segmented.SegmentedRaftLogWorker (SegmentedRaftLogWorker.java:close(246)) - 300bc6a6-ac9b-494f-ba5e-9b5cd40f574a@group-96A6433D2308-SegmentedRaftLogWorker close()
2022-07-27 13:53:31,366 [ForkJoinPool.commonPool-worker-1] INFO  server.RaftServer$Division (RaftServerImpl.java:lambda$close$4(434)) - 300bc6a6-ac9b-494f-ba5e-9b5cd40f574a@group-4AB8ADFB4942: shutdown
2022-07-27 13:53:31,366 [ForkJoinPool.commonPool-worker-1] INFO  util.JmxRegister (JmxRegister.java:unregister(73)) - Successfully un-registered JMX Bean with object name Ratis:service=RaftServer,group=group-4AB8ADFB4942,id=300bc6a6-ac9b-494f-ba5e-9b5cd40f574a
2022-07-27 13:53:31,366 [ForkJoinPool.commonPool-worker-1] INFO  impl.RoleInfo (RoleInfo.java:shutdownFollowerState(110)) - 300bc6a6-ac9b-494f-ba5e-9b5cd40f574a: shutdown 300bc6a6-ac9b-494f-ba5e-9b5cd40f574a@group-4AB8ADFB4942-FollowerState
2022-07-27 13:53:31,366 [ForkJoinPool.commonPool-worker-1] INFO  impl.StateMachineUpdater (StateMachineUpdater.java:stopAndJoin(153)) - 300bc6a6-ac9b-494f-ba5e-9b5cd40f574a@group-4AB8ADFB4942-StateMachineUpdater: set stopIndex = 0
2022-07-27 13:53:31,366 [300bc6a6-ac9b-494f-ba5e-9b5cd40f574a@group-4AB8ADFB4942-FollowerState] INFO  impl.FollowerState (FollowerState.java:run(152)) - 300bc6a6-ac9b-494f-ba5e-9b5cd40f574a@group-4AB8ADFB4942-FollowerState was interrupted
2022-07-27 13:53:31,390 [300bc6a6-ac9b-494f-ba5e-9b5cd40f574a@group-4AB8ADFB4942-StateMachineUpdater] INFO  ratis.ContainerStateMachine (ContainerStateMachine.java:takeSnapshot(304)) - group-4AB8ADFB4942: Taking a snapshot at:(t:4, i:0) file /home/runner/work/ozone/ozone/hadoop-ozone/integration-test/target/test-dir/MiniOzoneClusterImpl-d8681e24-cb86-4f17-9b85-5d83644f9f4f/datanode-0/data/ratis/38759aed-dbab-44ec-af4a-4ab8adfb4942/sm/snapshot.4_0
2022-07-27 13:53:31,391 [300bc6a6-ac9b-494f-ba5e-9b5cd40f574a@group-4AB8ADFB4942-StateMachineUpdater] INFO  ratis.ContainerStateMachine (ContainerStateMachine.java:takeSnapshot(315)) - group-4AB8ADFB4942: Finished taking a snapshot at:(t:4, i:0) file:/home/runner/work/ozone/ozone/hadoop-ozone/integration-test/target/test-dir/MiniOzoneClusterImpl-d8681e24-cb86-4f17-9b85-5d83644f9f4f/datanode-0/data/ratis/38759aed-dbab-44ec-af4a-4ab8adfb4942/sm/snapshot.4_0 took: 1 ms
2022-07-27 13:53:31,391 [300bc6a6-ac9b-494f-ba5e-9b5cd40f574a@group-4AB8ADFB4942-StateMachineUpdater] INFO  impl.StateMachineUpdater (StateMachineUpdater.java:takeSnapshot(287)) - 300bc6a6-ac9b-494f-ba5e-9b5cd40f574a@group-4AB8ADFB4942-StateMachineUpdater: Took a snapshot at index 0
2022-07-27 13:53:31,391 [300bc6a6-ac9b-494f-ba5e-9b5cd40f574a@group-4AB8ADFB4942-StateMachineUpdater] INFO  impl.StateMachineUpdater (StateMachineUpdater.java:lambda$new$0(92)) - 300bc6a6-ac9b-494f-ba5e-9b5cd40f574a@group-4AB8ADFB4942-StateMachineUpdater: snapshotIndex: updateIncreasingly -1 -> 0
2022-07-27 13:53:31,392 [ForkJoinPool.commonPool-worker-1] INFO  server.RaftServer$Division (ServerState.java:close(429)) - 300bc6a6-ac9b-494f-ba5e-9b5cd40f574a@group-4AB8ADFB4942: closes. applyIndex: 0
2022-07-27 13:53:31,392 [300bc6a6-ac9b-494f-ba5e-9b5cd40f574a@group-4AB8ADFB4942-SegmentedRaftLogWorker] INFO  segmented.SegmentedRaftLogWorker (SegmentedRaftLogWorker.java:run(336)) - 300bc6a6-ac9b-494f-ba5e-9b5cd40f574a@group-4AB8ADFB4942-SegmentedRaftLogWorker was interrupted, exiting. There are 0 tasks remaining in the queue.
2022-07-27 13:53:31,393 [ForkJoinPool.commonPool-worker-1] INFO  segmented.SegmentedRaftLogWorker (SegmentedRaftLogWorker.java:close(246)) - 300bc6a6-ac9b-494f-ba5e-9b5cd40f574a@group-4AB8ADFB4942-SegmentedRaftLogWorker close()
2022-07-27 13:53:31,393 [ForkJoinPool.commonPool-worker-1] INFO  server.RaftServer$Division (RaftServerImpl.java:lambda$close$4(434)) - 300bc6a6-ac9b-494f-ba5e-9b5cd40f574a@group-5E5AA6CD42E4: shutdown
2022-07-27 13:53:31,393 [ForkJoinPool.commonPool-worker-1] INFO  util.JmxRegister (JmxRegister.java:unregister(73)) - Successfully un-registered JMX Bean with object name Ratis:service=RaftServer,group=group-5E5AA6CD42E4,id=300bc6a6-ac9b-494f-ba5e-9b5cd40f574a
2022-07-27 13:53:31,393 [ForkJoinPool.commonPool-worker-1] INFO  impl.RoleInfo (RoleInfo.java:shutdownFollowerState(110)) - 300bc6a6-ac9b-494f-ba5e-9b5cd40f574a: shutdown 300bc6a6-ac9b-494f-ba5e-9b5cd40f574a@group-5E5AA6CD42E4-FollowerState
2022-07-27 13:53:31,393 [ForkJoinPool.commonPool-worker-1] INFO  impl.StateMachineUpdater (StateMachineUpdater.java:stopAndJoin(153)) - 300bc6a6-ac9b-494f-ba5e-9b5cd40f574a@group-5E5AA6CD42E4-StateMachineUpdater: set stopIndex = 51
2022-07-27 13:53:31,393 [300bc6a6-ac9b-494f-ba5e-9b5cd40f574a@group-5E5AA6CD42E4-FollowerState] INFO  impl.FollowerState (FollowerState.java:run(152)) - 300bc6a6-ac9b-494f-ba5e-9b5cd40f574a@group-5E5AA6CD42E4-FollowerState was interrupted
2022-07-27 13:53:31,396 [300bc6a6-ac9b-494f-ba5e-9b5cd40f574a@group-5E5AA6CD42E4-StateMachineUpdater] INFO  ratis.ContainerStateMachine (ContainerStateMachine.java:takeSnapshot(304)) - group-5E5AA6CD42E4: Taking a snapshot at:(t:2, i:51) file /home/runner/work/ozone/ozone/hadoop-ozone/integration-test/target/test-dir/MiniOzoneClusterImpl-d8681e24-cb86-4f17-9b85-5d83644f9f4f/datanode-0/data/ratis/1db598ad-abc5-482d-a489-5e5aa6cd42e4/sm/snapshot.2_51
2022-07-27 13:53:31,407 [300bc6a6-ac9b-494f-ba5e-9b5cd40f574a@group-5E5AA6CD42E4-StateMachineUpdater] INFO  ratis.ContainerStateMachine (ContainerStateMachine.java:takeSnapshot(315)) - group-5E5AA6CD42E4: Finished taking a snapshot at:(t:2, i:51) file:/home/runner/work/ozone/ozone/hadoop-ozone/integration-test/target/test-dir/MiniOzoneClusterImpl-d8681e24-cb86-4f17-9b85-5d83644f9f4f/datanode-0/data/ratis/1db598ad-abc5-482d-a489-5e5aa6cd42e4/sm/snapshot.2_51 took: 11 ms
2022-07-27 13:53:31,407 [300bc6a6-ac9b-494f-ba5e-9b5cd40f574a@group-5E5AA6CD42E4-StateMachineUpdater] INFO  impl.StateMachineUpdater (StateMachineUpdater.java:takeSnapshot(287)) - 300bc6a6-ac9b-494f-ba5e-9b5cd40f574a@group-5E5AA6CD42E4-StateMachineUpdater: Took a snapshot at index 51
2022-07-27 13:53:31,407 [300bc6a6-ac9b-494f-ba5e-9b5cd40f574a@group-5E5AA6CD42E4-StateMachineUpdater] INFO  impl.StateMachineUpdater (StateMachineUpdater.java:lambda$new$0(92)) - 300bc6a6-ac9b-494f-ba5e-9b5cd40f574a@group-5E5AA6CD42E4-StateMachineUpdater: snapshotIndex: updateIncreasingly -1 -> 51
2022-07-27 13:53:31,418 [ForkJoinPool.commonPool-worker-1] INFO  server.RaftServer$Division (ServerState.java:close(429)) - 300bc6a6-ac9b-494f-ba5e-9b5cd40f574a@group-5E5AA6CD42E4: closes. applyIndex: 51
2022-07-27 13:53:31,419 [300bc6a6-ac9b-494f-ba5e-9b5cd40f574a@group-5E5AA6CD42E4-SegmentedRaftLogWorker] INFO  segmented.SegmentedRaftLogWorker (SegmentedRaftLogWorker.java:run(336)) - 300bc6a6-ac9b-494f-ba5e-9b5cd40f574a@group-5E5AA6CD42E4-SegmentedRaftLogWorker was interrupted, exiting. There are 0 tasks remaining in the queue.
2022-07-27 13:53:31,419 [ForkJoinPool.commonPool-worker-1] INFO  segmented.SegmentedRaftLogWorker (SegmentedRaftLogWorker.java:close(246)) - 300bc6a6-ac9b-494f-ba5e-9b5cd40f574a@group-5E5AA6CD42E4-SegmentedRaftLogWorker close()
2022-07-27 13:53:31,419 [ForkJoinPool.commonPool-worker-1] INFO  server.GrpcService (GrpcService.java:closeImpl(269)) - 300bc6a6-ac9b-494f-ba5e-9b5cd40f574a: shutdown server with port 35611 now
2022-07-27 13:53:31,425 [ForkJoinPool.commonPool-worker-1] INFO  server.GrpcService (GrpcService.java:closeImpl(278)) - 300bc6a6-ac9b-494f-ba5e-9b5cd40f574a: shutdown server with port 35611 successfully
2022-07-27 13:53:31,425 [org.apache.ratis.util.JvmPauseMonitor$$Lambda$615/1136232276@72c4e6eb] INFO  util.JvmPauseMonitor (JvmPauseMonitor.java:run(109)) - JvmPauseMonitor-300bc6a6-ac9b-494f-ba5e-9b5cd40f574a: Stopped
2022-07-27 13:53:33,385 [Listener at 127.0.0.1/34829] INFO  utils.BackgroundService (BackgroundService.java:shutdown(141)) - Shutting down service BlockDeletingService
2022-07-27 13:53:33,419 [Listener at 127.0.0.1/34829] INFO  utils.BackgroundService (BackgroundService.java:shutdown(141)) - Shutting down service StaleRecoveringContainerScrubbingService
2022-07-27 13:53:33,518 [ForkJoinPool.commonPool-worker-1] INFO  utils.BackgroundService (BackgroundService.java:shutdown(141)) - Shutting down service BlockDeletingService
2022-07-27 13:53:33,519 [ForkJoinPool.commonPool-worker-1] INFO  utils.BackgroundService (BackgroundService.java:shutdown(141)) - Shutting down service StaleRecoveringContainerScrubbingService
2022-07-27 13:53:34,202 [OverReplicatedQueueThreadThread] INFO  replication.OverReplicatedProcessor (OverReplicatedProcessor.java:processAll(83)) - Processed 0 over replicated containers, failed processing 0
2022-07-27 13:53:34,205 [UnderReplicatedQueueThreadThread] INFO  replication.UnderReplicatedProcessor (UnderReplicatedProcessor.java:processAll(85)) - Processed 0 under replicated containers, failed processing 0
2022-07-27 13:53:36,434 [Listener at 127.0.0.1/34829] INFO  statemachine.DatanodeStateMachine (DatanodeStateMachine.java:stopDaemon(580)) - Ozone container server stopped.
2022-07-27 13:53:36,455 [Listener at 127.0.0.1/34829] INFO  handler.ContextHandler (ContextHandler.java:doStop(1153)) - Stopped o.e.j.w.WebAppContext@1453c0f3{hddsDatanode,/,null,STOPPED}{jar:file:/home/runner/.m2/repository/org/apache/ozone/hdds-container-service/1.3.0-SNAPSHOT/hdds-container-service-1.3.0-SNAPSHOT.jar!/webapps/hddsDatanode}
2022-07-27 13:53:36,483 [Listener at 127.0.0.1/34829] INFO  server.AbstractConnector (AbstractConnector.java:doStop(381)) - Stopped ServerConnector@19cab9ee{HTTP/1.1, (http/1.1)}{0.0.0.0:0}
2022-07-27 13:53:36,483 [Listener at 127.0.0.1/34829] INFO  server.session (HouseKeeper.java:stopScavenging(149)) - node0 Stopped scavenging
2022-07-27 13:53:36,483 [Listener at 127.0.0.1/34829] INFO  handler.ContextHandler (ContextHandler.java:doStop(1153)) - Stopped o.e.j.s.ServletContextHandler@7079a88b{static,/static,jar:file:/home/runner/.m2/repository/org/apache/ozone/hdds-container-service/1.3.0-SNAPSHOT/hdds-container-service-1.3.0-SNAPSHOT.jar!/webapps/static,STOPPED}
2022-07-27 13:53:36,492 [Listener at 127.0.0.1/34829] INFO  handler.ContextHandler (ContextHandler.java:doStop(1153)) - Stopped o.e.j.s.ServletContextHandler@4bdeef45{logs,/logs,file:///home/runner/work/ozone/ozone/hadoop-ozone/integration-test/target/log,STOPPED}
2022-07-27 13:53:36,536 [ForkJoinPool.commonPool-worker-1] INFO  statemachine.DatanodeStateMachine (DatanodeStateMachine.java:stopDaemon(580)) - Ozone container server stopped.
2022-07-27 13:53:36,569 [ForkJoinPool.commonPool-worker-1] INFO  handler.ContextHandler (ContextHandler.java:doStop(1153)) - Stopped o.e.j.w.WebAppContext@d117e88{hddsDatanode,/,null,STOPPED}{jar:file:/home/runner/.m2/repository/org/apache/ozone/hdds-container-service/1.3.0-SNAPSHOT/hdds-container-service-1.3.0-SNAPSHOT.jar!/webapps/hddsDatanode}
2022-07-27 13:53:36,570 [ForkJoinPool.commonPool-worker-1] INFO  server.AbstractConnector (AbstractConnector.java:doStop(381)) - Stopped ServerConnector@5682849{HTTP/1.1, (http/1.1)}{0.0.0.0:0}
2022-07-27 13:53:36,570 [ForkJoinPool.commonPool-worker-1] INFO  server.session (HouseKeeper.java:stopScavenging(149)) - node0 Stopped scavenging
2022-07-27 13:53:36,570 [ForkJoinPool.commonPool-worker-1] INFO  handler.ContextHandler (ContextHandler.java:doStop(1153)) - Stopped o.e.j.s.ServletContextHandler@4b957eae{static,/static,jar:file:/home/runner/.m2/repository/org/apache/ozone/hdds-container-service/1.3.0-SNAPSHOT/hdds-container-service-1.3.0-SNAPSHOT.jar!/webapps/static,STOPPED}
2022-07-27 13:53:36,570 [ForkJoinPool.commonPool-worker-1] INFO  handler.ContextHandler (ContextHandler.java:doStop(1153)) - Stopped o.e.j.s.ServletContextHandler@2eb316a9{logs,/logs,file:///home/runner/work/ozone/ozone/hadoop-ozone/integration-test/target/log,STOPPED}
2022-07-27 13:53:39,510 [UnderReplicatedQueueThreadThread] INFO  replication.UnderReplicatedProcessor (UnderReplicatedProcessor.java:processAll(85)) - Processed 0 under replicated containers, failed processing 0
2022-07-27 13:53:39,516 [OverReplicatedQueueThreadThread] INFO  replication.OverReplicatedProcessor (OverReplicatedProcessor.java:processAll(83)) - Processed 0 over replicated containers, failed processing 0
2022-07-27 13:53:41,498 [Listener at 127.0.0.1/34829] INFO  ozoneimpl.OzoneContainer (OzoneContainer.java:stop(399)) - Attempting to stop container services.
2022-07-27 13:53:41,500 [Listener at 127.0.0.1/34829] INFO  server.RaftServer (RaftServerProxy.java:lambda$close$7(398)) - 02574c79-47b9-47c2-b441-c781c573f9c1: close
2022-07-27 13:53:41,500 [Listener at 127.0.0.1/34829] INFO  server.RaftServer$Division (RaftServerImpl.java:lambda$close$4(434)) - 02574c79-47b9-47c2-b441-c781c573f9c1@group-20473C93E369: shutdown
2022-07-27 13:53:41,500 [Listener at 127.0.0.1/34829] INFO  util.JmxRegister (JmxRegister.java:unregister(73)) - Successfully un-registered JMX Bean with object name Ratis:service=RaftServer,group=group-20473C93E369,id=02574c79-47b9-47c2-b441-c781c573f9c1
2022-07-27 13:53:41,500 [Listener at 127.0.0.1/34829] INFO  impl.RoleInfo (RoleInfo.java:shutdownLeaderState(93)) - 02574c79-47b9-47c2-b441-c781c573f9c1: shutdown 02574c79-47b9-47c2-b441-c781c573f9c1@group-20473C93E369-LeaderStateImpl
2022-07-27 13:53:41,500 [Listener at 127.0.0.1/34829] INFO  impl.PendingRequests (PendingRequests.java:sendNotLeaderResponses(282)) - 02574c79-47b9-47c2-b441-c781c573f9c1@group-20473C93E369-PendingRequests: sendNotLeaderResponses
2022-07-27 13:53:41,501 [Listener at 127.0.0.1/34829] INFO  impl.StateMachineUpdater (StateMachineUpdater.java:stopAndJoin(153)) - 02574c79-47b9-47c2-b441-c781c573f9c1@group-20473C93E369-StateMachineUpdater: set stopIndex = 0
2022-07-27 13:53:41,504 [02574c79-47b9-47c2-b441-c781c573f9c1@group-20473C93E369-StateMachineUpdater] INFO  ratis.ContainerStateMachine (ContainerStateMachine.java:takeSnapshot(304)) - group-20473C93E369: Taking a snapshot at:(t:1, i:0) file /home/runner/work/ozone/ozone/hadoop-ozone/integration-test/target/test-dir/MiniOzoneClusterImpl-d8681e24-cb86-4f17-9b85-5d83644f9f4f/datanode-3/data/ratis/9cf13940-25ac-4a45-ad58-20473c93e369/sm/snapshot.1_0
2022-07-27 13:53:41,507 [02574c79-47b9-47c2-b441-c781c573f9c1@group-20473C93E369-StateMachineUpdater] INFO  ratis.ContainerStateMachine (ContainerStateMachine.java:takeSnapshot(315)) - group-20473C93E369: Finished taking a snapshot at:(t:1, i:0) file:/home/runner/work/ozone/ozone/hadoop-ozone/integration-test/target/test-dir/MiniOzoneClusterImpl-d8681e24-cb86-4f17-9b85-5d83644f9f4f/datanode-3/data/ratis/9cf13940-25ac-4a45-ad58-20473c93e369/sm/snapshot.1_0 took: 4 ms
2022-07-27 13:53:41,508 [02574c79-47b9-47c2-b441-c781c573f9c1@group-20473C93E369-StateMachineUpdater] INFO  impl.StateMachineUpdater (StateMachineUpdater.java:takeSnapshot(287)) - 02574c79-47b9-47c2-b441-c781c573f9c1@group-20473C93E369-StateMachineUpdater: Took a snapshot at index 0
2022-07-27 13:53:41,508 [02574c79-47b9-47c2-b441-c781c573f9c1@group-20473C93E369-StateMachineUpdater] INFO  impl.StateMachineUpdater (StateMachineUpdater.java:lambda$new$0(92)) - 02574c79-47b9-47c2-b441-c781c573f9c1@group-20473C93E369-StateMachineUpdater: snapshotIndex: updateIncreasingly -1 -> 0
2022-07-27 13:53:41,508 [Listener at 127.0.0.1/34829] INFO  server.RaftServer$Division (ServerState.java:close(429)) - 02574c79-47b9-47c2-b441-c781c573f9c1@group-20473C93E369: closes. applyIndex: 0
2022-07-27 13:53:41,508 [02574c79-47b9-47c2-b441-c781c573f9c1@group-20473C93E369-SegmentedRaftLogWorker] INFO  segmented.SegmentedRaftLogWorker (SegmentedRaftLogWorker.java:run(336)) - 02574c79-47b9-47c2-b441-c781c573f9c1@group-20473C93E369-SegmentedRaftLogWorker was interrupted, exiting. There are 0 tasks remaining in the queue.
2022-07-27 13:53:41,509 [Listener at 127.0.0.1/34829] INFO  segmented.SegmentedRaftLogWorker (SegmentedRaftLogWorker.java:close(246)) - 02574c79-47b9-47c2-b441-c781c573f9c1@group-20473C93E369-SegmentedRaftLogWorker close()
2022-07-27 13:53:41,509 [Listener at 127.0.0.1/34829] INFO  server.GrpcService (GrpcService.java:closeImpl(269)) - 02574c79-47b9-47c2-b441-c781c573f9c1: shutdown server with port 46673 now
2022-07-27 13:53:41,516 [Listener at 127.0.0.1/34829] INFO  server.GrpcService (GrpcService.java:closeImpl(278)) - 02574c79-47b9-47c2-b441-c781c573f9c1: shutdown server with port 46673 successfully
2022-07-27 13:53:41,551 [org.apache.ratis.util.JvmPauseMonitor$$Lambda$615/1136232276@334ce1ff] INFO  util.JvmPauseMonitor (JvmPauseMonitor.java:run(109)) - JvmPauseMonitor-02574c79-47b9-47c2-b441-c781c573f9c1: Stopped
2022-07-27 13:53:43,584 [Listener at 127.0.0.1/34829] INFO  utils.BackgroundService (BackgroundService.java:shutdown(141)) - Shutting down service BlockDeletingService
2022-07-27 13:53:43,587 [Listener at 127.0.0.1/34829] INFO  utils.BackgroundService (BackgroundService.java:shutdown(141)) - Shutting down service StaleRecoveringContainerScrubbingService
2022-07-27 13:53:46,599 [Listener at 127.0.0.1/34829] INFO  statemachine.DatanodeStateMachine (DatanodeStateMachine.java:stopDaemon(580)) - Ozone container server stopped.
2022-07-27 13:53:46,612 [Listener at 127.0.0.1/34829] INFO  handler.ContextHandler (ContextHandler.java:doStop(1153)) - Stopped o.e.j.w.WebAppContext@1240dda0{hddsDatanode,/,null,STOPPED}{jar:file:/home/runner/.m2/repository/org/apache/ozone/hdds-container-service/1.3.0-SNAPSHOT/hdds-container-service-1.3.0-SNAPSHOT.jar!/webapps/hddsDatanode}
2022-07-27 13:53:46,621 [Listener at 127.0.0.1/34829] INFO  server.AbstractConnector (AbstractConnector.java:doStop(381)) - Stopped ServerConnector@39b55249{HTTP/1.1, (http/1.1)}{0.0.0.0:0}
2022-07-27 13:53:46,622 [Listener at 127.0.0.1/34829] INFO  server.session (HouseKeeper.java:stopScavenging(149)) - node0 Stopped scavenging
2022-07-27 13:53:46,622 [Listener at 127.0.0.1/34829] INFO  handler.ContextHandler (ContextHandler.java:doStop(1153)) - Stopped o.e.j.s.ServletContextHandler@37c662be{static,/static,jar:file:/home/runner/.m2/repository/org/apache/ozone/hdds-container-service/1.3.0-SNAPSHOT/hdds-container-service-1.3.0-SNAPSHOT.jar!/webapps/static,STOPPED}
2022-07-27 13:53:46,639 [Listener at 127.0.0.1/34829] INFO  handler.ContextHandler (ContextHandler.java:doStop(1153)) - Stopped o.e.j.s.ServletContextHandler@4c1c9b90{logs,/logs,file:///home/runner/work/ozone/ozone/hadoop-ozone/integration-test/target/log,STOPPED}
2022-07-27 13:53:46,644 [Listener at 127.0.0.1/34829] INFO  ozone.MiniOzoneClusterImpl (MiniOzoneClusterImpl.java:stopSCM(537)) - Stopping the StorageContainerManager
2022-07-27 13:53:46,644 [Listener at 127.0.0.1/34829] INFO  server.StorageContainerManager (StorageContainerManager.java:stop(1544)) - Container Balancer is not running.
2022-07-27 13:53:46,644 [Listener at 127.0.0.1/34829] INFO  server.StorageContainerManager (StorageContainerManager.java:stop(1551)) - Stopping Replication Manager Service.
2022-07-27 13:53:46,644 [Listener at 127.0.0.1/34829] INFO  replication.ReplicationManager (ReplicationManager.java:stop(233)) - Stopping Replication Monitor Thread.
2022-07-27 13:53:46,644 [Listener at 127.0.0.1/34829] INFO  server.StorageContainerManager (StorageContainerManager.java:stop(1558)) - Stopping the Datanode Admin Monitor.
2022-07-27 13:53:46,644 [ReplicationMonitor] INFO  replication.ReplicationManager (ReplicationManager.java:run(466)) - Replication Monitor Thread is stopped
2022-07-27 13:53:46,644 [Listener at 127.0.0.1/34829] INFO  server.StorageContainerManager (StorageContainerManager.java:stop(1565)) - Stopping Lease Manager of the command watchers
2022-07-27 13:53:46,645 [Listener at 127.0.0.1/34829] INFO  server.StorageContainerManager (StorageContainerManager.java:stop(1572)) - Stopping datanode service RPC server
2022-07-27 13:53:46,645 [Listener at 127.0.0.1/34829] INFO  server.SCMDatanodeProtocolServer (SCMDatanodeProtocolServer.java:stop(414)) - Stopping the RPC server for DataNodes
2022-07-27 13:53:46,645 [Listener at 127.0.0.1/34829] INFO  ipc.Server (Server.java:stop(3414)) - Stopping server on 36065
2022-07-27 13:53:46,647 [IPC Server listener on 0] INFO  ipc.Server (Server.java:run(1376)) - Stopping IPC Server listener on 0
2022-07-27 13:53:46,699 [IPC Server Responder] INFO  ipc.Server (Server.java:run(1512)) - Stopping IPC Server Responder
2022-07-27 13:53:46,743 [SCM Heartbeat Processing Thread - 0] WARN  node.NodeStateManager (NodeStateManager.java:scheduleNextHealthCheck(870)) - Current Thread is interrupted, shutting down HB processing thread for Node Manager.
2022-07-27 13:53:46,744 [Listener at 127.0.0.1/34829] INFO  server.StorageContainerManager (StorageContainerManager.java:stop(1580)) - Stopping block service RPC server
2022-07-27 13:53:46,744 [Listener at 127.0.0.1/34829] INFO  server.SCMBlockProtocolServer (SCMBlockProtocolServer.java:stop(161)) - Stopping the RPC server for Block Protocol
2022-07-27 13:53:46,744 [Listener at 127.0.0.1/34829] INFO  ipc.Server (Server.java:stop(3414)) - Stopping server on 33085
2022-07-27 13:53:46,752 [Listener at 127.0.0.1/34829] INFO  server.StorageContainerManager (StorageContainerManager.java:stop(1587)) - Stopping the StorageContainerLocationProtocol RPC server
2022-07-27 13:53:46,752 [Listener at 127.0.0.1/34829] INFO  server.SCMClientProtocolServer (SCMClientProtocolServer.java:stop(179)) - Stopping the RPC server for Client Protocol
2022-07-27 13:53:46,752 [Listener at 127.0.0.1/34829] INFO  ipc.Server (Server.java:stop(3414)) - Stopping server on 45497
2022-07-27 13:53:46,753 [IPC Server listener on 0] INFO  ipc.Server (Server.java:run(1376)) - Stopping IPC Server listener on 0
2022-07-27 13:53:46,784 [IPC Server Responder] INFO  ipc.Server (Server.java:run(1512)) - Stopping IPC Server Responder
2022-07-27 13:53:46,785 [IPC Server Responder] INFO  ipc.Server (Server.java:run(1512)) - Stopping IPC Server Responder
2022-07-27 13:53:46,785 [Listener at 127.0.0.1/34829] INFO  server.StorageContainerManager (StorageContainerManager.java:stop(1594)) - Stopping Storage Container Manager HTTP server.
2022-07-27 13:53:46,785 [Listener at 127.0.0.1/34829] INFO  handler.ContextHandler (ContextHandler.java:doStop(1153)) - Stopped o.e.j.w.WebAppContext@40f5d58b{scm,/,null,STOPPED}{file:/home/runner/work/ozone/ozone/hadoop-ozone/integration-test/target/test-classes/webapps/scm}
2022-07-27 13:53:46,786 [IPC Server listener on 0] INFO  ipc.Server (Server.java:run(1376)) - Stopping IPC Server listener on 0
2022-07-27 13:53:46,786 [Listener at 127.0.0.1/34829] INFO  server.AbstractConnector (AbstractConnector.java:doStop(381)) - Stopped ServerConnector@123dbede{HTTP/1.1, (http/1.1)}{0.0.0.0:0}
2022-07-27 13:53:46,786 [Listener at 127.0.0.1/34829] INFO  server.session (HouseKeeper.java:stopScavenging(149)) - node0 Stopped scavenging
2022-07-27 13:53:46,786 [Listener at 127.0.0.1/34829] INFO  handler.ContextHandler (ContextHandler.java:doStop(1153)) - Stopped o.e.j.s.ServletContextHandler@7ea395b3{static,/static,file:///home/runner/work/ozone/ozone/hadoop-ozone/integration-test/target/test-classes/webapps/static,STOPPED}
2022-07-27 13:53:46,786 [Listener at 127.0.0.1/34829] INFO  handler.ContextHandler (ContextHandler.java:doStop(1153)) - Stopped o.e.j.s.ServletContextHandler@77a6f805{logs,/logs,file:///home/runner/work/ozone/ozone/hadoop-ozone/integration-test/target/log,STOPPED}
2022-07-27 13:53:46,827 [Listener at 127.0.0.1/34829] INFO  server.StorageContainerManager (StorageContainerManager.java:stop(1605)) - Stopping Block Manager Service.
2022-07-27 13:53:46,827 [Listener at 127.0.0.1/34829] INFO  utils.BackgroundService (BackgroundService.java:shutdown(141)) - Shutting down service SCMBlockDeletingService
2022-07-27 13:53:46,828 [Listener at 127.0.0.1/34829] INFO  utils.BackgroundService (BackgroundService.java:shutdown(141)) - Shutting down service SCMBlockDeletingService
2022-07-27 13:53:46,828 [Listener at 127.0.0.1/34829] INFO  server.StorageContainerManager (StorageContainerManager.java:stop(1632)) - Stopping SCM Event Queue.
2022-07-27 13:53:46,831 [Listener at 127.0.0.1/34829] INFO  server.StorageContainerManager (StorageContainerManager.java:stop(1643)) - Stopping SCM HA services.
2022-07-27 13:53:46,831 [Listener at 127.0.0.1/34829] INFO  pipeline.BackgroundPipelineCreator (BackgroundPipelineCreator.java:stop(149)) - Stopping RatisPipelineUtilsThread.
2022-07-27 13:53:46,831 [RatisPipelineUtilsThread - 0] WARN  pipeline.BackgroundPipelineCreator (BackgroundPipelineCreator.java:run(180)) - RatisPipelineUtilsThread is interrupted.
2022-07-27 13:53:46,831 [Listener at 127.0.0.1/34829] INFO  BackgroundPipelineScrubber (BackgroundSCMService.java:stop(126)) - Stopping BackgroundPipelineScrubber Service.
2022-07-27 13:53:46,832 [Listener at 127.0.0.1/34829] INFO  server.StorageContainerManager (StorageContainerManager.java:stop(1653)) - Stopping SCM MetadataStore.
2022-07-27 13:53:46,832 [BackgroundPipelineScrubberThread] WARN  BackgroundPipelineScrubber (BackgroundSCMService.java:run(110)) - BackgroundPipelineScrubber is interrupted, exit
2022-07-27 13:53:46,833 [Listener at 127.0.0.1/34829] INFO  impl.MetricsSystemImpl (MetricsSystemImpl.java:stop(210)) - Stopping HddsDatanode metrics system...
2022-07-27 13:53:46,890 [prometheus] INFO  impl.MetricsSinkAdapter (MetricsSinkAdapter.java:publishMetricsFromQueue(141)) - prometheus thread interrupted.
2022-07-27 13:53:46,890 [Listener at 127.0.0.1/34829] INFO  impl.MetricsSystemImpl (MetricsSystemImpl.java:stop(216)) - HddsDatanode metrics system stopped.
2022-07-27 13:53:47,232 [Listener at 127.0.0.1/34829] WARN  server.ServerUtils (ServerUtils.java:getScmDbDir(148)) - ozone.scm.db.dirs is not configured. We recommend adding this setting. Falling back to ozone.metadata.dirs instead.
2022-07-27 13:53:47,246 [Listener at 127.0.0.1/34829] WARN  server.ServerUtils (ServerUtils.java:getScmDbDir(148)) - ozone.scm.db.dirs is not configured. We recommend adding this setting. Falling back to ozone.metadata.dirs instead.
2022-07-27 13:53:47,246 [Listener at 127.0.0.1/34829] INFO  ha.SCMHANodeDetails (SCMHANodeDetails.java:loadSCMHAConfig(209)) - ServiceID for StorageContainerManager is null
2022-07-27 13:53:47,247 [Listener at 127.0.0.1/34829] INFO  ha.SCMHANodeDetails (SCMHANodeDetails.java:loadSCMHAConfig(214)) - ozone.scm.default.service.id is not defined, falling back to ozone.scm.service.ids to find serviceID for StorageContainerManager if it is HA enabled cluster
2022-07-27 13:53:47,261 [Listener at 127.0.0.1/34829] WARN  utils.HAUtils (HAUtils.java:getMetaDir(342)) - ozone.scm.db.dirs is not configured. We recommend adding this setting. Falling back to ozone.metadata.dirs instead.
2022-07-27 13:53:47,262 [Listener at 127.0.0.1/34829] WARN  db.DBStoreBuilder (DBStoreBuilder.java:applyDBDefinition(145)) - ozone.scm.db.dirs is not configured. We recommend adding this setting. Falling back to ozone.metadata.dirs instead.
2022-07-27 13:53:47,671 [Listener at 127.0.0.1/34829] INFO  net.NodeSchemaLoader (NodeSchemaLoader.java:loadSchemaFromFile(129)) - Loading schema from [jar:file:/home/runner/.m2/repository/org/apache/ozone/hdds-common/1.3.0-SNAPSHOT/hdds-common-1.3.0-SNAPSHOT.jar!/network-topology-default.xml]
2022-07-27 13:53:47,671 [Listener at 127.0.0.1/34829] INFO  net.NodeSchemaLoader (NodeSchemaLoader.java:loadSchema(176)) - Loading network topology layer schema file
2022-07-27 13:53:47,683 [Listener at 127.0.0.1/34829] INFO  upgrade.AbstractLayoutVersionManager (AbstractLayoutVersionManager.java:init(83)) - Initializing Layout version manager with metadata layout = DATANODE_SCHEMA_V3 (version = 4), software layout = DATANODE_SCHEMA_V3 (version = 4)
2022-07-27 13:53:47,776 [Listener at 127.0.0.1/34829] INFO  reflections.Reflections (Reflections.java:scan(232)) - Reflections took 86 ms to scan 7 urls, producing 132 keys and 321 values 
2022-07-27 13:53:47,792 [Listener at 127.0.0.1/34829] INFO  ha.SequenceIdGenerator (SequenceIdGenerator.java:upgradeToSequenceId(349)) - upgrade localId to 109611004723200000
2022-07-27 13:53:47,792 [Listener at 127.0.0.1/34829] INFO  ha.SequenceIdGenerator (SequenceIdGenerator.java:upgradeToSequenceId(359)) - upgrade delTxnId to 0
2022-07-27 13:53:47,792 [Listener at 127.0.0.1/34829] INFO  ha.SequenceIdGenerator (SequenceIdGenerator.java:upgradeToSequenceId(376)) - upgrade containerId to 0
2022-07-27 13:53:47,793 [Listener at 127.0.0.1/34829] INFO  ha.SequenceIdGenerator (SequenceIdGenerator.java:<init>(220)) - Init the HA SequenceIdGenerator.
2022-07-27 13:53:47,793 [Listener at 127.0.0.1/34829] WARN  server.ServerUtils (ServerUtils.java:sanitizeUserArgs(73)) - ozone.scm.stale.node.interval value = 300000 is larger than max = 100000 based on the key value of ozone.scm.heartbeat.thread.interval, reset to the max value 100000.
2022-07-27 13:53:47,793 [Listener at 127.0.0.1/34829] WARN  server.ServerUtils (ServerUtils.java:sanitizeUserArgs(73)) - ozone.scm.stale.node.interval value = 300000 is larger than max = 100000 based on the key value of ozone.scm.heartbeat.thread.interval, reset to the max value 100000.
2022-07-27 13:53:47,812 [Listener at 127.0.0.1/34829] INFO  node.SCMNodeManager (SCMNodeManager.java:<init>(149)) - Entering startup safe mode.
2022-07-27 13:53:47,812 [Listener at 127.0.0.1/34829] INFO  algorithms.ContainerPlacementPolicyFactory (ContainerPlacementPolicyFactory.java:getPolicyInternal(86)) - Create container placement policy of type org.apache.hadoop.hdds.scm.container.placement.algorithms.SCMContainerPlacementRandom
2022-07-27 13:53:47,812 [Listener at 127.0.0.1/34829] INFO  pipeline.PipelineStateManagerImpl (PipelineStateManagerImpl.java:initialize(78)) - No pipeline exists in current db
2022-07-27 13:53:47,813 [Listener at 127.0.0.1/34829] INFO  algorithms.LeaderChoosePolicyFactory (LeaderChoosePolicyFactory.java:getPolicy(57)) - Create leader choose policy of type org.apache.hadoop.hdds.scm.pipeline.leader.choose.algorithms.MinLeaderCountChoosePolicy
2022-07-27 13:53:47,813 [Listener at 127.0.0.1/34829] INFO  algorithms.ContainerPlacementPolicyFactory (ContainerPlacementPolicyFactory.java:getPolicyInternal(86)) - Create container placement policy of type org.apache.hadoop.hdds.scm.container.placement.algorithms.SCMContainerPlacementRackScatter
2022-07-27 13:53:47,813 [Listener at 127.0.0.1/34829] INFO  ha.SCMServiceManager (SCMServiceManager.java:register(42)) - Registering service BackgroundPipelineCreator.
2022-07-27 13:53:47,813 [Listener at 127.0.0.1/34829] INFO  pipeline.BackgroundPipelineCreator (BackgroundPipelineCreator.java:start(124)) - Starting RatisPipelineUtilsThread.
2022-07-27 13:53:47,835 [Listener at 127.0.0.1/34829] INFO  BackgroundPipelineScrubber (BackgroundSCMService.java:start(68)) - Starting BackgroundPipelineScrubber Service.
2022-07-27 13:53:47,839 [Listener at 127.0.0.1/34829] INFO  ha.SCMServiceManager (SCMServiceManager.java:register(42)) - Registering service BackgroundPipelineScrubber.
2022-07-27 13:53:47,839 [Listener at 127.0.0.1/34829] INFO  ExpiredContainerReplicaOpScrubber (BackgroundSCMService.java:start(68)) - Starting ExpiredContainerReplicaOpScrubber Service.
2022-07-27 13:53:47,845 [Listener at 127.0.0.1/34829] INFO  ha.SCMServiceManager (SCMServiceManager.java:register(42)) - Registering service ExpiredContainerReplicaOpScrubber.
2022-07-27 13:53:47,846 [Listener at 127.0.0.1/34829] INFO  algorithms.PipelineChoosePolicyFactory (PipelineChoosePolicyFactory.java:createPipelineChoosePolicyFromClass(73)) - Create pipeline choose policy of type org.apache.hadoop.hdds.scm.pipeline.choose.algorithms.RandomPipelineChoosePolicy
2022-07-27 13:53:47,846 [Listener at 127.0.0.1/34829] INFO  ha.SCMServiceManager (SCMServiceManager.java:register(42)) - Registering service SCMBlockDeletingService.
2022-07-27 13:53:47,847 [Listener at 127.0.0.1/34829] INFO  replication.ReplicationManager (ReplicationManager.java:start(200)) - Starting Replication Monitor Thread.
2022-07-27 13:53:47,848 [Listener at 127.0.0.1/34829] INFO  UnderReplicatedQueueThread (BackgroundSCMService.java:start(68)) - Starting UnderReplicatedQueueThread Service.
2022-07-27 13:53:47,872 [Listener at 127.0.0.1/34829] INFO  ha.SCMServiceManager (SCMServiceManager.java:register(42)) - Registering service UnderReplicatedQueueThread.
2022-07-27 13:53:47,872 [Listener at 127.0.0.1/34829] INFO  OverReplicatedQueueThread (BackgroundSCMService.java:start(68)) - Starting OverReplicatedQueueThread Service.
2022-07-27 13:53:47,879 [Listener at 127.0.0.1/34829] INFO  ha.SCMServiceManager (SCMServiceManager.java:register(42)) - Registering service OverReplicatedQueueThread.
2022-07-27 13:53:47,879 [Listener at 127.0.0.1/34829] INFO  ha.SCMServiceManager (SCMServiceManager.java:register(42)) - Registering service ReplicationManager.
2022-07-27 13:53:47,879 [Listener at 127.0.0.1/34829] INFO  safemode.ContainerSafeModeRule (ContainerSafeModeRule.java:<init>(89)) - containers with one replica threshold count 0
2022-07-27 13:53:47,879 [Listener at 127.0.0.1/34829] INFO  safemode.HealthyPipelineSafeModeRule (HealthyPipelineSafeModeRule.java:initializeRule(169)) - Total pipeline count is 0, healthy pipeline threshold count is 1
2022-07-27 13:53:47,879 [Listener at 127.0.0.1/34829] INFO  safemode.OneReplicaPipelineSafeModeRule (OneReplicaPipelineSafeModeRule.java:initializeRule(180)) - Total pipeline count is 0, pipeline's with at least one datanode reported threshold count is 0
2022-07-27 13:53:47,909 [Listener at 127.0.0.1/34829] INFO  ipc.CallQueueManager (CallQueueManager.java:<init>(90)) - Using callQueue: class java.util.concurrent.LinkedBlockingQueue, queueCapacity: 2000, scheduler: class org.apache.hadoop.ipc.DefaultRpcScheduler, ipcBackoff: false.
2022-07-27 13:53:47,910 [Socket Reader #1 for port 0] INFO  ipc.Server (Server.java:run(1265)) - Starting Socket Reader #1 for port 0
2022-07-27 13:53:47,911 [Listener at 0.0.0.0/38947] INFO  ipc.CallQueueManager (CallQueueManager.java:<init>(90)) - Using callQueue: class java.util.concurrent.LinkedBlockingQueue, queueCapacity: 2000, scheduler: class org.apache.hadoop.ipc.DefaultRpcScheduler, ipcBackoff: false.
2022-07-27 13:53:47,911 [Socket Reader #1 for port 0] INFO  ipc.Server (Server.java:run(1265)) - Starting Socket Reader #1 for port 0
2022-07-27 13:53:47,912 [Listener at 0.0.0.0/43193] INFO  ipc.CallQueueManager (CallQueueManager.java:<init>(90)) - Using callQueue: class java.util.concurrent.LinkedBlockingQueue, queueCapacity: 2000, scheduler: class org.apache.hadoop.ipc.DefaultRpcScheduler, ipcBackoff: false.
2022-07-27 13:53:47,912 [Socket Reader #1 for port 0] INFO  ipc.Server (Server.java:run(1265)) - Starting Socket Reader #1 for port 0
2022-07-27 13:53:47,920 [ReplicationMonitor] INFO  replication.ReplicationManager (ReplicationManager.java:processAll(249)) - Replication Manager is not ready to run until 3000ms after safemode exit
2022-07-27 13:53:47,978 [Listener at 0.0.0.0/35383] INFO  ha.SCMServiceManager (SCMServiceManager.java:register(42)) - Registering service ContainerBalancer.
2022-07-27 13:53:47,978 [Listener at 0.0.0.0/35383] INFO  server.StorageContainerManager (StorageContainerManager.java:<init>(403)) - 
Container Balancer status:
Key                            Value
Running                        false
Container Balancer Configuration values:
Key                                                Value
Threshold                                          10
Max Datanodes to Involve per Iteration(percent)    20
Max Size to Move per Iteration                     500GB
Max Size Entering Target per Iteration             26GB
Max Size Leaving Source per Iteration              26GB

2022-07-27 13:53:47,978 [Listener at 0.0.0.0/35383] WARN  events.EventQueue (EventQueue.java:fireEvent(216)) - No event handler registered for event TypedEvent{payloadType=SafeModeStatus, name='Safe mode status'}
2022-07-27 13:53:47,979 [Listener at 0.0.0.0/35383] INFO  ha.SCMContext (SCMContext.java:updateSafeModeStatus(228)) - Update SafeModeStatus from SafeModeStatus{safeModeStatus=true, preCheckPassed=false} to SafeModeStatus{safeModeStatus=true, preCheckPassed=false}.
2022-07-27 13:53:47,979 [Listener at 0.0.0.0/35383] INFO  server.StorageContainerManager (StorageContainerManager.java:start(1452)) - StorageContainerLocationProtocol RPC server is listening at /0.0.0.0:35383
2022-07-27 13:53:47,980 [Listener at 0.0.0.0/35383] WARN  impl.MetricsConfig (MetricsConfig.java:loadFirst(136)) - Cannot locate configuration: tried hadoop-metrics2-storagecontainermanager.properties,hadoop-metrics2.properties
2022-07-27 13:53:47,981 [Listener at 0.0.0.0/35383] INFO  impl.MetricsSystemImpl (MetricsSystemImpl.java:startTimer(378)) - Scheduled Metric snapshot period at 10 second(s).
2022-07-27 13:53:47,981 [Listener at 0.0.0.0/35383] INFO  impl.MetricsSystemImpl (MetricsSystemImpl.java:start(191)) - StorageContainerManager metrics system started
2022-07-27 13:53:48,023 [Listener at 0.0.0.0/35383] INFO  impl.MetricsSinkAdapter (MetricsSinkAdapter.java:start(204)) - Sink prometheus started
2022-07-27 13:53:48,023 [Listener at 0.0.0.0/35383] INFO  impl.MetricsSystemImpl (MetricsSystemImpl.java:registerSink(305)) - Registered sink prometheus
2022-07-27 13:53:48,093 [Listener at 0.0.0.0/35383] INFO  server.SCMClientProtocolServer (SCMClientProtocolServer.java:start(170)) - RPC server for Client  is listening at /0.0.0.0:35383
2022-07-27 13:53:48,143 [IPC Server Responder] INFO  ipc.Server (Server.java:run(1507)) - IPC Server Responder: starting
2022-07-27 13:53:48,147 [IPC Server listener on 0] INFO  ipc.Server (Server.java:run(1344)) - IPC Server listener on 0: starting
2022-07-27 13:53:48,280 [Listener at 0.0.0.0/35383] INFO  server.StorageContainerManager (StorageContainerManager.java:start(1467)) - ScmBlockLocationProtocol RPC server is listening at /0.0.0.0:43193
2022-07-27 13:53:48,280 [Listener at 0.0.0.0/35383] INFO  server.SCMBlockProtocolServer (SCMBlockProtocolServer.java:start(152)) - RPC server for Block Protocol is listening at /0.0.0.0:43193
2022-07-27 13:53:48,281 [IPC Server Responder] INFO  ipc.Server (Server.java:run(1507)) - IPC Server Responder: starting
2022-07-27 13:53:48,281 [IPC Server listener on 0] INFO  ipc.Server (Server.java:run(1344)) - IPC Server listener on 0: starting
2022-07-27 13:53:48,282 [Listener at 0.0.0.0/35383] INFO  server.SCMDatanodeProtocolServer (SCMDatanodeProtocolServer.java:start(186)) - ScmDatanodeProtocol RPC server for DataNodes is listening at /0.0.0.0:38947
2022-07-27 13:53:48,282 [IPC Server Responder] INFO  ipc.Server (Server.java:run(1507)) - IPC Server Responder: starting
2022-07-27 13:53:48,283 [IPC Server listener on 0] INFO  ipc.Server (Server.java:run(1344)) - IPC Server listener on 0: starting
2022-07-27 13:53:48,327 [Listener at 0.0.0.0/35383] INFO  http.BaseHttpServer (BaseHttpServer.java:newHttpServer2BuilderForOzone(209)) - Starting Web-server for scm at: http://0.0.0.0:0
2022-07-27 13:53:48,327 [Listener at 0.0.0.0/35383] INFO  http.BaseHttpServer (BaseHttpServer.java:<init>(107)) - Hadoop Security Enabled: false Ozone Security Enabled: false Ozone HTTP Security Enabled: false 
2022-07-27 13:53:48,328 [Listener at 0.0.0.0/35383] INFO  server.AuthenticationFilter (AuthenticationFilter.java:constructSecretProvider(240)) - Unable to initialize FileSignerSecretProvider, falling back to use random secrets.
2022-07-27 13:53:48,351 [Listener at 0.0.0.0/35383] WARN  http.HttpRequestLog (HttpRequestLog.java:getRequestLog(103)) - Jetty request log can only be enabled using Log4j
2022-07-27 13:53:48,352 [Listener at 0.0.0.0/35383] INFO  http.HttpServer2 (HttpServer2.java:addGlobalFilter(1029)) - Added global filter 'safety' (class=org.apache.hadoop.hdds.server.http.HttpServer2$QuotingInputFilter)
2022-07-27 13:53:48,353 [Listener at 0.0.0.0/35383] INFO  http.HttpServer2 (HttpServer2.java:addFilter(1005)) - Added filter static_user_filter (class=org.apache.hadoop.http.lib.StaticUserWebFilter$StaticUserFilter) to context scm
2022-07-27 13:53:48,353 [Listener at 0.0.0.0/35383] INFO  http.HttpServer2 (HttpServer2.java:addFilter(1013)) - Added filter static_user_filter (class=org.apache.hadoop.http.lib.StaticUserWebFilter$StaticUserFilter) to context static
2022-07-27 13:53:48,353 [Listener at 0.0.0.0/35383] INFO  http.HttpServer2 (HttpServer2.java:addFilter(1013)) - Added filter static_user_filter (class=org.apache.hadoop.http.lib.StaticUserWebFilter$StaticUserFilter) to context logs
2022-07-27 13:53:48,353 [Listener at 0.0.0.0/35383] INFO  http.HttpServer2 (HttpServer2.java:bindListener(1248)) - Jetty bound to port 42657
2022-07-27 13:53:48,353 [Listener at 0.0.0.0/35383] INFO  server.Server (Server.java:doStart(375)) - jetty-9.4.43.v20210629; built: 2021-06-30T11:07:22.254Z; git: 526006ecfa3af7f1a27ef3a288e2bef7ea9dd7e8; jvm 1.8.0_332-b09
2022-07-27 13:53:48,385 [Listener at 0.0.0.0/35383] INFO  server.session (DefaultSessionIdManager.java:doStart(334)) - DefaultSessionIdManager workerName=node0
2022-07-27 13:53:48,385 [Listener at 0.0.0.0/35383] INFO  server.session (DefaultSessionIdManager.java:doStart(339)) - No SessionScavenger set, using defaults
2022-07-27 13:53:48,385 [Listener at 0.0.0.0/35383] INFO  server.session (HouseKeeper.java:startScavenging(132)) - node0 Scavenging every 600000ms
2022-07-27 13:53:48,391 [Listener at 0.0.0.0/35383] INFO  handler.ContextHandler (ContextHandler.java:doStart(915)) - Started o.e.j.s.ServletContextHandler@6e060dde{logs,/logs,file:///home/runner/work/ozone/ozone/hadoop-ozone/integration-test/target/log,AVAILABLE}
2022-07-27 13:53:48,394 [Listener at 0.0.0.0/35383] INFO  handler.ContextHandler (ContextHandler.java:doStart(915)) - Started o.e.j.s.ServletContextHandler@478a1def{static,/static,file:///home/runner/work/ozone/ozone/hadoop-ozone/integration-test/target/test-classes/webapps/static,AVAILABLE}
2022-07-27 13:53:48,397 [Listener at 0.0.0.0/35383] INFO  handler.ContextHandler (ContextHandler.java:doStart(915)) - Started o.e.j.w.WebAppContext@5549c878{scm,/,file:///home/runner/work/ozone/ozone/hadoop-ozone/integration-test/target/test-classes/webapps/scm/,AVAILABLE}{file:/home/runner/work/ozone/ozone/hadoop-ozone/integration-test/target/test-classes/webapps/scm}
2022-07-27 13:53:48,420 [org.apache.hadoop.util.JvmPauseMonitor$Monitor@19cdfd93] INFO  util.JvmPauseMonitor (JvmPauseMonitor.java:run(188)) - Starting JVM pause monitor
2022-07-27 13:53:48,425 [Listener at 0.0.0.0/35383] INFO  server.AbstractConnector (AbstractConnector.java:doStart(331)) - Started ServerConnector@1c2af03e{HTTP/1.1, (http/1.1)}{0.0.0.0:42657}
2022-07-27 13:53:48,425 [Listener at 0.0.0.0/35383] INFO  server.Server (Server.java:doStart(415)) - Started @293988ms
2022-07-27 13:53:48,425 [Listener at 0.0.0.0/35383] WARN  impl.MetricsSystemImpl (MetricsSystemImpl.java:register(279)) - Sink prometheus already exists!
2022-07-27 13:53:48,426 [Listener at 0.0.0.0/35383] INFO  http.BaseHttpServer (BaseHttpServer.java:updateConnectorAddress(329)) - HTTP server of scm listening at http://0.0.0.0:42657
2022-07-27 13:53:48,426 [Listener at 0.0.0.0/35383] WARN  server.ServerUtils (ServerUtils.java:getDBPath(225)) - ozone.om.db.dirs is not configured. We recommend adding this setting. Falling back to ozone.metadata.dirs instead.
2022-07-27 13:53:48,439 [Listener at 0.0.0.0/35383] INFO  ha.OMHANodeDetails (OMHANodeDetails.java:loadOMHAConfig(115)) - ozone.om.internal.service.id is not defined, falling back to ozone.om.service.ids to find serviceID for OzoneManager if it is HA enabled cluster
2022-07-27 13:53:48,439 [Listener at 0.0.0.0/35383] INFO  ha.OMHANodeDetails (OMHANodeDetails.java:loadOMHAConfig(226)) - Configuration does not have ozone.om.address set. Falling back to the default OM address /127.0.0.1:0
2022-07-27 13:53:48,439 [Listener at 0.0.0.0/35383] INFO  ha.OMHANodeDetails (OMHANodeDetails.java:getOMNodeDetailsForNonHA(254)) - OM Service ID is not set. Setting it to the default ID: omServiceIdDefault
2022-07-27 13:53:48,439 [Listener at 0.0.0.0/35383] INFO  ha.OMHANodeDetails (OMHANodeDetails.java:getOMNodeDetailsForNonHA(261)) - OM Node ID is not set. Setting it to the default ID: om1
2022-07-27 13:53:48,439 [Listener at 0.0.0.0/35383] WARN  server.ServerUtils (ServerUtils.java:getDBPath(225)) - ozone.om.db.dirs is not configured. We recommend adding this setting. Falling back to ozone.metadata.dirs instead.
2022-07-27 13:53:48,440 [Listener at 0.0.0.0/35383] INFO  upgrade.AbstractLayoutVersionManager (AbstractLayoutVersionManager.java:init(83)) - Initializing Layout version manager with metadata layout = MULTITENANCY_SCHEMA (version = 3), software layout = MULTITENANCY_SCHEMA (version = 3)
2022-07-27 13:53:48,639 [Listener at 0.0.0.0/35383] INFO  reflections.Reflections (Reflections.java:scan(232)) - Reflections took 198 ms to scan 2 urls, producing 152 keys and 424 values [using 2 cores]
2022-07-27 13:53:48,640 [Listener at 0.0.0.0/35383] INFO  upgrade.OMLayoutVersionManager (OMLayoutVersionManager.java:lambda$0(115)) - Skipping Upgrade Action MockOmUpgradeAction since it has been finalized.
2022-07-27 13:53:48,640 [Listener at 0.0.0.0/35383] WARN  server.ServerUtils (ServerUtils.java:getDBPath(225)) - ozone.om.db.dirs is not configured. We recommend adding this setting. Falling back to ozone.metadata.dirs instead.
2022-07-27 13:53:48,640 [Listener at 0.0.0.0/35383] INFO  proxy.SCMBlockLocationFailoverProxyProvider (SCMBlockLocationFailoverProxyProvider.java:<init>(114)) - Created block location fail-over proxy with 1 nodes: [nodeId=scmNodeId,nodeAddress=/0.0.0.0:43193]
2022-07-27 13:53:48,651 [Listener at 0.0.0.0/35383] INFO  proxy.SCMBlockLocationFailoverProxyProvider (SCMBlockLocationFailoverProxyProvider.java:<init>(114)) - Created block location fail-over proxy with 1 nodes: [nodeId=scmNodeId,nodeAddress=/0.0.0.0:43193]
2022-07-27 13:53:48,716 [Listener at 0.0.0.0/35383] WARN  server.ServerUtils (ServerUtils.java:getDBPath(225)) - ozone.om.db.dirs is not configured. We recommend adding this setting. Falling back to ozone.metadata.dirs instead.
2022-07-27 13:53:48,717 [Listener at 0.0.0.0/35383] INFO  codec.OmKeyInfoCodec (OmKeyInfoCodec.java:<init>(49)) - OmKeyInfoCodec ignorePipeline = true
2022-07-27 13:53:48,717 [Listener at 0.0.0.0/35383] INFO  codec.RepeatedOmKeyInfoCodec (RepeatedOmKeyInfoCodec.java:<init>(41)) - RepeatedOmKeyInfoCodec ignorePipeline = true
2022-07-27 13:53:49,283 [Listener at 0.0.0.0/35383] INFO  om.OzoneManager (OzoneManager.java:instantiateServices(696)) - S3 Multi-Tenancy is disabled
2022-07-27 13:53:49,283 [Listener at 0.0.0.0/35383] INFO  om.OzoneManager (OzoneManager.java:addS3GVolumeToDB(4307)) - Created Volume s3v With Owner runner required for S3Gateway operations.
2022-07-27 13:53:49,284 [Listener at 0.0.0.0/35383] INFO  om.OzoneManager (OzoneManager.java:getRpcServer(1085)) - Creating RPC Server
2022-07-27 13:53:50,540 [Listener at 0.0.0.0/35383] INFO  reflections.Reflections (Reflections.java:scan(232)) - Reflections took 1237 ms to scan 19 urls, producing 67 keys and 4137 values [using 2 cores]
2022-07-27 13:53:50,541 [Listener at 0.0.0.0/35383] INFO  ipc.CallQueueManager (CallQueueManager.java:<init>(90)) - Using callQueue: class java.util.concurrent.LinkedBlockingQueue, queueCapacity: 2000, scheduler: class org.apache.hadoop.ipc.DefaultRpcScheduler, ipcBackoff: false.
2022-07-27 13:53:50,559 [Socket Reader #1 for port 0] INFO  ipc.Server (Server.java:run(1265)) - Starting Socket Reader #1 for port 0
2022-07-27 13:53:50,637 [Listener at 127.0.0.1/41147] INFO  impl.MetricsSystemImpl (MetricsSystemImpl.java:init(158)) - OzoneManager metrics system started (again)
2022-07-27 13:53:50,660 [Listener at 127.0.0.1/41147] INFO  om.OzoneManager (OzoneManager.java:start(1469)) - OzoneManager RPC server is listening at localhost/127.0.0.1:41147
2022-07-27 13:53:50,661 [Listener at 127.0.0.1/41147] INFO  om.OzoneManager (OzoneManager.java:start(1485)) - Version File has different layout version (3) than OM DB (null). That is expected if this OM has never been finalized to a newer layout version.
2022-07-27 13:53:50,669 [Listener at 127.0.0.1/41147] INFO  http.BaseHttpServer (BaseHttpServer.java:newHttpServer2BuilderForOzone(209)) - Starting Web-server for ozoneManager at: http://0.0.0.0:0
2022-07-27 13:53:50,669 [Listener at 127.0.0.1/41147] INFO  http.BaseHttpServer (BaseHttpServer.java:<init>(107)) - Hadoop Security Enabled: false Ozone Security Enabled: false Ozone HTTP Security Enabled: false 
2022-07-27 13:53:50,670 [Listener at 127.0.0.1/41147] INFO  server.AuthenticationFilter (AuthenticationFilter.java:constructSecretProvider(240)) - Unable to initialize FileSignerSecretProvider, falling back to use random secrets.
2022-07-27 13:53:50,680 [Listener at 127.0.0.1/41147] WARN  http.HttpRequestLog (HttpRequestLog.java:getRequestLog(103)) - Jetty request log can only be enabled using Log4j
2022-07-27 13:53:50,681 [Listener at 127.0.0.1/41147] INFO  http.HttpServer2 (HttpServer2.java:addGlobalFilter(1029)) - Added global filter 'safety' (class=org.apache.hadoop.hdds.server.http.HttpServer2$QuotingInputFilter)
2022-07-27 13:53:50,682 [Listener at 127.0.0.1/41147] INFO  http.HttpServer2 (HttpServer2.java:addFilter(1005)) - Added filter static_user_filter (class=org.apache.hadoop.http.lib.StaticUserWebFilter$StaticUserFilter) to context ozoneManager
2022-07-27 13:53:50,682 [Listener at 127.0.0.1/41147] INFO  http.HttpServer2 (HttpServer2.java:addFilter(1013)) - Added filter static_user_filter (class=org.apache.hadoop.http.lib.StaticUserWebFilter$StaticUserFilter) to context logs
2022-07-27 13:53:50,682 [Listener at 127.0.0.1/41147] INFO  http.HttpServer2 (HttpServer2.java:addFilter(1013)) - Added filter static_user_filter (class=org.apache.hadoop.http.lib.StaticUserWebFilter$StaticUserFilter) to context static
2022-07-27 13:53:50,683 [Listener at 127.0.0.1/41147] INFO  http.HttpServer2 (HttpServer2.java:bindListener(1248)) - Jetty bound to port 35029
2022-07-27 13:53:50,683 [Listener at 127.0.0.1/41147] INFO  server.Server (Server.java:doStart(375)) - jetty-9.4.43.v20210629; built: 2021-06-30T11:07:22.254Z; git: 526006ecfa3af7f1a27ef3a288e2bef7ea9dd7e8; jvm 1.8.0_332-b09
2022-07-27 13:53:50,701 [Listener at 127.0.0.1/41147] INFO  server.session (DefaultSessionIdManager.java:doStart(334)) - DefaultSessionIdManager workerName=node0
2022-07-27 13:53:50,701 [Listener at 127.0.0.1/41147] INFO  server.session (DefaultSessionIdManager.java:doStart(339)) - No SessionScavenger set, using defaults
2022-07-27 13:53:50,702 [Listener at 127.0.0.1/41147] INFO  server.session (HouseKeeper.java:startScavenging(132)) - node0 Scavenging every 660000ms
2022-07-27 13:53:50,702 [Listener at 127.0.0.1/41147] INFO  handler.ContextHandler (ContextHandler.java:doStart(915)) - Started o.e.j.s.ServletContextHandler@4e0e3e48{logs,/logs,file:///home/runner/work/ozone/ozone/hadoop-ozone/integration-test/target/log,AVAILABLE}
2022-07-27 13:53:50,702 [Listener at 127.0.0.1/41147] INFO  handler.ContextHandler (ContextHandler.java:doStart(915)) - Started o.e.j.s.ServletContextHandler@1d167768{static,/static,file:///home/runner/work/ozone/ozone/hadoop-ozone/integration-test/target/test-classes/webapps/static,AVAILABLE}
2022-07-27 13:53:50,705 [Listener at 127.0.0.1/41147] INFO  handler.ContextHandler (ContextHandler.java:doStart(915)) - Started o.e.j.w.WebAppContext@7aa8fbb2{ozoneManager,/,file:///home/runner/work/ozone/ozone/hadoop-ozone/integration-test/target/test-classes/webapps/ozoneManager/,AVAILABLE}{file:/home/runner/work/ozone/ozone/hadoop-ozone/integration-test/target/test-classes/webapps/ozoneManager}
2022-07-27 13:53:50,707 [Listener at 127.0.0.1/41147] INFO  server.AbstractConnector (AbstractConnector.java:doStart(331)) - Started ServerConnector@108af44f{HTTP/1.1, (http/1.1)}{0.0.0.0:35029}
2022-07-27 13:53:50,707 [Listener at 127.0.0.1/41147] INFO  server.Server (Server.java:doStart(415)) - Started @296270ms
2022-07-27 13:53:50,707 [Listener at 127.0.0.1/41147] WARN  impl.MetricsSystemImpl (MetricsSystemImpl.java:register(279)) - Sink prometheus already exists!
2022-07-27 13:53:50,708 [Listener at 127.0.0.1/41147] INFO  http.BaseHttpServer (BaseHttpServer.java:updateConnectorAddress(329)) - HTTP server of ozoneManager listening at http://0.0.0.0:35029
2022-07-27 13:53:50,708 [IPC Server Responder] INFO  ipc.Server (Server.java:run(1507)) - IPC Server Responder: starting
2022-07-27 13:53:50,708 [IPC Server listener on 0] INFO  ipc.Server (Server.java:run(1344)) - IPC Server listener on 0: starting
2022-07-27 13:53:50,735 [Listener at 127.0.0.1/41147] INFO  om.TrashPolicyOzone (TrashPolicyOzone.java:<init>(178)) - Ozone Manager trash configuration: Deletion interval = 0 minutes, Emptier interval = 0 minutes.
2022-07-27 13:53:50,752 [org.apache.hadoop.util.JvmPauseMonitor$Monitor@6ca0ea47] INFO  util.JvmPauseMonitor (JvmPauseMonitor.java:run(188)) - Starting JVM pause monitor
2022-07-27 13:53:50,757 [Listener at 127.0.0.1/41147] INFO  impl.MetricsSystemImpl (MetricsSystemImpl.java:init(158)) - HddsDatanode metrics system started (again)
2022-07-27 13:53:50,802 [Listener at 127.0.0.1/41147] INFO  ozone.HddsDatanodeService (HddsDatanodeService.java:start(236)) - HddsDatanodeService host:fv-az217-261.5fhmivlnczbevhjmk01nzrxweh.bx.internal.cloudapp.net ip:10.1.0.21
2022-07-27 13:53:50,875 [Listener at 127.0.0.1/41147] INFO  upgrade.AbstractLayoutVersionManager (AbstractLayoutVersionManager.java:init(83)) - Initializing Layout version manager with metadata layout = DATANODE_SCHEMA_V3 (version = 4), software layout = DATANODE_SCHEMA_V3 (version = 4)
2022-07-27 13:53:50,960 [Listener at 127.0.0.1/41147] INFO  reflections.Reflections (Reflections.java:scan(232)) - Reflections took 84 ms to scan 7 urls, producing 132 keys and 321 values 
2022-07-27 13:53:50,962 [Listener at 127.0.0.1/41147] INFO  statemachine.DatanodeStateMachine (DatanodeStateMachine.java:getEndPointTaskThreadPoolSize(237)) - Datanode State Machine Task Thread Pool size 2
2022-07-27 13:53:50,963 [Listener at 127.0.0.1/41147] INFO  volume.HddsVolume (HddsVolume.java:<init>(116)) - Creating HddsVolume: /home/runner/work/ozone/ozone/hadoop-ozone/integration-test/target/test-dir/MiniOzoneClusterImpl-17d54aa6-bde1-4bf1-a713-29851100816b/datanode-0/data-0/containers/hdds of storage type : DISK capacity : 9223372036854775807
2022-07-27 13:53:50,963 [Listener at 127.0.0.1/41147] INFO  volume.MutableVolumeSet (MutableVolumeSet.java:initializeVolumeSet(174)) - Added Volume : /home/runner/work/ozone/ozone/hadoop-ozone/integration-test/target/test-dir/MiniOzoneClusterImpl-17d54aa6-bde1-4bf1-a713-29851100816b/datanode-0/data-0/containers/hdds to VolumeSet
2022-07-27 13:53:50,963 [Listener at 127.0.0.1/41147] INFO  volume.ThrottledAsyncChecker (ThrottledAsyncChecker.java:schedule(141)) - Scheduling a check for /home/runner/work/ozone/ozone/hadoop-ozone/integration-test/target/test-dir/MiniOzoneClusterImpl-17d54aa6-bde1-4bf1-a713-29851100816b/datanode-0/data-0/containers/hdds
2022-07-27 13:53:50,964 [Listener at 127.0.0.1/41147] INFO  volume.StorageVolumeChecker (StorageVolumeChecker.java:checkAllVolumes(202)) - Scheduled health check for volume /home/runner/work/ozone/ozone/hadoop-ozone/integration-test/target/test-dir/MiniOzoneClusterImpl-17d54aa6-bde1-4bf1-a713-29851100816b/datanode-0/data-0/containers/hdds
2022-07-27 13:53:51,001 [Listener at 127.0.0.1/41147] INFO  volume.MutableVolumeSet (MutableVolumeSet.java:initializeVolumeSet(174)) - Added Volume : /home/runner/work/ozone/ozone/hadoop-ozone/integration-test/target/test-dir/MiniOzoneClusterImpl-17d54aa6-bde1-4bf1-a713-29851100816b/datanode-0/data/ratis to VolumeSet
2022-07-27 13:53:51,002 [Listener at 127.0.0.1/41147] INFO  volume.ThrottledAsyncChecker (ThrottledAsyncChecker.java:schedule(141)) - Scheduling a check for /home/runner/work/ozone/ozone/hadoop-ozone/integration-test/target/test-dir/MiniOzoneClusterImpl-17d54aa6-bde1-4bf1-a713-29851100816b/datanode-0/data/ratis
2022-07-27 13:53:51,002 [Listener at 127.0.0.1/41147] INFO  volume.StorageVolumeChecker (StorageVolumeChecker.java:checkAllVolumes(202)) - Scheduled health check for volume /home/runner/work/ozone/ozone/hadoop-ozone/integration-test/target/test-dir/MiniOzoneClusterImpl-17d54aa6-bde1-4bf1-a713-29851100816b/datanode-0/data/ratis
2022-07-27 13:53:51,013 [Thread-2205] INFO  ozoneimpl.ContainerReader (ContainerReader.java:readVolume(175)) - Finish verifying containers on volume /home/runner/work/ozone/ozone/hadoop-ozone/integration-test/target/test-dir/MiniOzoneClusterImpl-17d54aa6-bde1-4bf1-a713-29851100816b/datanode-0/data-0/containers/hdds
2022-07-27 13:53:51,013 [Listener at 127.0.0.1/41147] INFO  ozoneimpl.OzoneContainer (OzoneContainer.java:buildContainerSet(299)) - Build ContainerSet costs 0s
2022-07-27 13:53:51,015 [Listener at 127.0.0.1/41147] INFO  server.RaftServer (ConfUtils.java:logGet(46)) - raft.rpc.type = GRPC (default)
2022-07-27 13:53:51,015 [Listener at 127.0.0.1/41147] INFO  grpc.GrpcFactory (GrpcFactory.java:checkPooledByteBufAllocatorUseCacheForAllThreads(48)) - PERFORMANCE WARNING: useCacheForAllThreads is true that may cause Netty to create a lot garbage objects and, as a result, trigger GC.
	It is recommended to disable useCacheForAllThreads by setting -Dorg.apache.ratis.thirdparty.io.netty.allocator.useCacheForAllThreads=false in command line.
2022-07-27 13:53:51,015 [Listener at 127.0.0.1/41147] INFO  grpc.GrpcConfigKeys (ConfUtils.java:logGet(46)) - raft.grpc.admin.port = 0 (custom)
2022-07-27 13:53:51,015 [Listener at 127.0.0.1/41147] INFO  grpc.GrpcConfigKeys (ConfUtils.java:logGet(46)) - raft.grpc.client.port = 0 (custom)
2022-07-27 13:53:51,015 [Listener at 127.0.0.1/41147] INFO  grpc.GrpcConfigKeys (ConfUtils.java:logGet(46)) - raft.grpc.server.port = 0 (default)
2022-07-27 13:53:51,015 [Listener at 127.0.0.1/41147] INFO  server.GrpcService (ConfUtils.java:logGet(46)) - raft.grpc.message.size.max = 32MB (=33554432) (custom)
2022-07-27 13:53:51,015 [Listener at 127.0.0.1/41147] INFO  server.RaftServerConfigKeys (ConfUtils.java:logGet(46)) - raft.server.log.appender.buffer.byte-limit = 33554432 (custom)
2022-07-27 13:53:51,016 [Listener at 127.0.0.1/41147] INFO  server.GrpcService (ConfUtils.java:logGet(46)) - raft.grpc.flow.control.window = 5MB (=5242880) (custom)
2022-07-27 13:53:51,016 [Listener at 127.0.0.1/41147] INFO  server.RaftServerConfigKeys (ConfUtils.java:logGet(46)) - raft.server.rpc.request.timeout = 60s (custom)
2022-07-27 13:53:51,016 [Listener at 127.0.0.1/41147] INFO  grpc.GrpcConfigKeys (ConfUtils.java:logGet(46)) - raft.grpc.server.async.request.thread.pool.cached = true (default)
2022-07-27 13:53:51,016 [Listener at 127.0.0.1/41147] INFO  grpc.GrpcConfigKeys (ConfUtils.java:logGet(46)) - raft.grpc.server.async.request.thread.pool.size = 32 (default)
2022-07-27 13:53:51,019 [Listener at 127.0.0.1/41147] INFO  impl.DataStreamServerImpl (ConfUtils.java:logGet(46)) - raft.datastream.type = DISABLED (default)
2022-07-27 13:53:51,019 [Listener at 127.0.0.1/41147] INFO  server.RaftServerConfigKeys (ConfUtils.java:logGet(46)) - raft.server.threadpool.proxy.cached = true (default)
2022-07-27 13:53:51,019 [Listener at 127.0.0.1/41147] INFO  server.RaftServerConfigKeys (ConfUtils.java:logGet(46)) - raft.server.threadpool.proxy.size = 0 (default)
2022-07-27 13:53:51,019 [Listener at 127.0.0.1/41147] INFO  server.RaftServerConfigKeys (ConfUtils.java:logGet(46)) - raft.server.rpc.slowness.timeout = 300s (custom)
2022-07-27 13:53:51,019 [Listener at 127.0.0.1/41147] INFO  server.RaftServerConfigKeys (ConfUtils.java:logGet(46)) - raft.server.leaderelection.leader.step-down.wait-time = 10s (default)
2022-07-27 13:53:51,020 [Listener at 127.0.0.1/41147] INFO  server.RaftServerConfigKeys (ConfUtils.java:logGet(46)) - raft.server.storage.dir = [/home/runner/work/ozone/ozone/hadoop-ozone/integration-test/target/test-dir/MiniOzoneClusterImpl-17d54aa6-bde1-4bf1-a713-29851100816b/datanode-0/data/ratis] (custom)
2022-07-27 13:53:51,021 [Listener at 127.0.0.1/41147] INFO  server.XceiverServerGrpc (XceiverServerGrpc.java:<init>(132)) - GrpcServer channel type EpollServerSocketChannel
2022-07-27 13:53:51,023 [Listener at 127.0.0.1/41147] INFO  http.BaseHttpServer (BaseHttpServer.java:newHttpServer2BuilderForOzone(209)) - Starting Web-server for hddsDatanode at: http://0.0.0.0:0
2022-07-27 13:53:51,023 [Listener at 127.0.0.1/41147] INFO  http.BaseHttpServer (BaseHttpServer.java:<init>(107)) - Hadoop Security Enabled: false Ozone Security Enabled: false Ozone HTTP Security Enabled: false 
2022-07-27 13:53:51,024 [Listener at 127.0.0.1/41147] INFO  server.AuthenticationFilter (AuthenticationFilter.java:constructSecretProvider(240)) - Unable to initialize FileSignerSecretProvider, falling back to use random secrets.
2022-07-27 13:53:51,047 [Listener at 127.0.0.1/41147] WARN  http.HttpRequestLog (HttpRequestLog.java:getRequestLog(103)) - Jetty request log can only be enabled using Log4j
2022-07-27 13:53:51,048 [Listener at 127.0.0.1/41147] INFO  http.HttpServer2 (HttpServer2.java:addGlobalFilter(1029)) - Added global filter 'safety' (class=org.apache.hadoop.hdds.server.http.HttpServer2$QuotingInputFilter)
2022-07-27 13:53:51,048 [Listener at 127.0.0.1/41147] INFO  http.HttpServer2 (HttpServer2.java:addFilter(1005)) - Added filter static_user_filter (class=org.apache.hadoop.http.lib.StaticUserWebFilter$StaticUserFilter) to context hddsDatanode
2022-07-27 13:53:51,048 [Listener at 127.0.0.1/41147] INFO  http.HttpServer2 (HttpServer2.java:addFilter(1013)) - Added filter static_user_filter (class=org.apache.hadoop.http.lib.StaticUserWebFilter$StaticUserFilter) to context logs
2022-07-27 13:53:51,048 [Listener at 127.0.0.1/41147] INFO  http.HttpServer2 (HttpServer2.java:addFilter(1013)) - Added filter static_user_filter (class=org.apache.hadoop.http.lib.StaticUserWebFilter$StaticUserFilter) to context static
2022-07-27 13:53:51,049 [Listener at 127.0.0.1/41147] INFO  http.HttpServer2 (HttpServer2.java:bindListener(1248)) - Jetty bound to port 43687
2022-07-27 13:53:51,049 [Listener at 127.0.0.1/41147] INFO  server.Server (Server.java:doStart(375)) - jetty-9.4.43.v20210629; built: 2021-06-30T11:07:22.254Z; git: 526006ecfa3af7f1a27ef3a288e2bef7ea9dd7e8; jvm 1.8.0_332-b09
2022-07-27 13:53:51,050 [Listener at 127.0.0.1/41147] INFO  server.session (DefaultSessionIdManager.java:doStart(334)) - DefaultSessionIdManager workerName=node0
2022-07-27 13:53:51,050 [Listener at 127.0.0.1/41147] INFO  server.session (DefaultSessionIdManager.java:doStart(339)) - No SessionScavenger set, using defaults
2022-07-27 13:53:51,051 [Listener at 127.0.0.1/41147] INFO  server.session (HouseKeeper.java:startScavenging(132)) - node0 Scavenging every 600000ms
2022-07-27 13:53:51,051 [Listener at 127.0.0.1/41147] INFO  handler.ContextHandler (ContextHandler.java:doStart(915)) - Started o.e.j.s.ServletContextHandler@3246016{logs,/logs,file:///home/runner/work/ozone/ozone/hadoop-ozone/integration-test/target/log,AVAILABLE}
2022-07-27 13:53:51,052 [Listener at 127.0.0.1/41147] INFO  handler.ContextHandler (ContextHandler.java:doStart(915)) - Started o.e.j.s.ServletContextHandler@1eda797d{static,/static,jar:file:/home/runner/.m2/repository/org/apache/ozone/hdds-container-service/1.3.0-SNAPSHOT/hdds-container-service-1.3.0-SNAPSHOT.jar!/webapps/static,AVAILABLE}
2022-07-27 13:53:51,444 [Listener at 127.0.0.1/41147] INFO  handler.ContextHandler (ContextHandler.java:doStart(915)) - Started o.e.j.w.WebAppContext@6b0154e4{hddsDatanode,/,file:///tmp/jetty-0_0_0_0-43687-hdds-container-service-1_3_0-SNAPSHOT_jar-_-any-2433534280096459125/webapp/,AVAILABLE}{jar:file:/home/runner/.m2/repository/org/apache/ozone/hdds-container-service/1.3.0-SNAPSHOT/hdds-container-service-1.3.0-SNAPSHOT.jar!/webapps/hddsDatanode}
2022-07-27 13:53:51,448 [Listener at 127.0.0.1/41147] INFO  server.AbstractConnector (AbstractConnector.java:doStart(331)) - Started ServerConnector@af2d433{HTTP/1.1, (http/1.1)}{0.0.0.0:43687}
2022-07-27 13:53:51,448 [Listener at 127.0.0.1/41147] INFO  server.Server (Server.java:doStart(415)) - Started @297011ms
2022-07-27 13:53:51,448 [Listener at 127.0.0.1/41147] WARN  impl.MetricsSystemImpl (MetricsSystemImpl.java:register(279)) - Sink prometheus already exists!
2022-07-27 13:53:51,449 [Listener at 127.0.0.1/41147] INFO  http.BaseHttpServer (BaseHttpServer.java:updateConnectorAddress(329)) - HTTP server of hddsDatanode listening at http://0.0.0.0:43687
2022-07-27 13:53:51,455 [Listener at 127.0.0.1/41147] INFO  impl.MetricsSystemImpl (MetricsSystemImpl.java:init(158)) - HddsDatanode metrics system started (again)
2022-07-27 13:53:51,463 [Datanode State Machine Daemon Thread] INFO  statemachine.DatanodeStateMachine (DatanodeStateMachine.java:lambda$startDaemon$0(492)) - Ozone container server started.
2022-07-27 13:53:51,516 [Listener at 127.0.0.1/41147] INFO  ozone.HddsDatanodeService (HddsDatanodeService.java:start(236)) - HddsDatanodeService host:fv-az217-261.5fhmivlnczbevhjmk01nzrxweh.bx.internal.cloudapp.net ip:10.1.0.21
2022-07-27 13:53:51,522 [org.apache.hadoop.util.JvmPauseMonitor$Monitor@491f9e7d] INFO  util.JvmPauseMonitor (JvmPauseMonitor.java:run(188)) - Starting JVM pause monitor
2022-07-27 13:53:51,526 [Datanode State Machine Task Thread - 0] INFO  datanode.InitDatanodeState (InitDatanodeState.java:persistContainerDatanodeDetails(138)) - DatanodeDetails is persisted to /home/runner/work/ozone/ozone/hadoop-ozone/integration-test/target/test-dir/MiniOzoneClusterImpl-17d54aa6-bde1-4bf1-a713-29851100816b/datanode-0/meta/datanode.id
2022-07-27 13:53:51,603 [Listener at 127.0.0.1/41147] INFO  upgrade.AbstractLayoutVersionManager (AbstractLayoutVersionManager.java:init(83)) - Initializing Layout version manager with metadata layout = DATANODE_SCHEMA_V3 (version = 4), software layout = DATANODE_SCHEMA_V3 (version = 4)
2022-07-27 13:53:51,708 [Listener at 127.0.0.1/41147] INFO  reflections.Reflections (Reflections.java:scan(232)) - Reflections took 92 ms to scan 7 urls, producing 132 keys and 321 values 
2022-07-27 13:53:51,711 [Listener at 127.0.0.1/41147] INFO  statemachine.DatanodeStateMachine (DatanodeStateMachine.java:getEndPointTaskThreadPoolSize(237)) - Datanode State Machine Task Thread Pool size 2
2022-07-27 13:53:51,789 [Listener at 127.0.0.1/41147] INFO  volume.HddsVolume (HddsVolume.java:<init>(116)) - Creating HddsVolume: /home/runner/work/ozone/ozone/hadoop-ozone/integration-test/target/test-dir/MiniOzoneClusterImpl-17d54aa6-bde1-4bf1-a713-29851100816b/datanode-1/data-0/containers/hdds of storage type : DISK capacity : 9223372036854775807
2022-07-27 13:53:51,789 [Listener at 127.0.0.1/41147] INFO  volume.MutableVolumeSet (MutableVolumeSet.java:initializeVolumeSet(174)) - Added Volume : /home/runner/work/ozone/ozone/hadoop-ozone/integration-test/target/test-dir/MiniOzoneClusterImpl-17d54aa6-bde1-4bf1-a713-29851100816b/datanode-1/data-0/containers/hdds to VolumeSet
2022-07-27 13:53:51,789 [Listener at 127.0.0.1/41147] INFO  volume.ThrottledAsyncChecker (ThrottledAsyncChecker.java:schedule(141)) - Scheduling a check for /home/runner/work/ozone/ozone/hadoop-ozone/integration-test/target/test-dir/MiniOzoneClusterImpl-17d54aa6-bde1-4bf1-a713-29851100816b/datanode-1/data-0/containers/hdds
2022-07-27 13:53:51,795 [Listener at 127.0.0.1/41147] INFO  volume.StorageVolumeChecker (StorageVolumeChecker.java:checkAllVolumes(202)) - Scheduled health check for volume /home/runner/work/ozone/ozone/hadoop-ozone/integration-test/target/test-dir/MiniOzoneClusterImpl-17d54aa6-bde1-4bf1-a713-29851100816b/datanode-1/data-0/containers/hdds
2022-07-27 13:53:51,827 [Listener at 127.0.0.1/41147] INFO  volume.MutableVolumeSet (MutableVolumeSet.java:initializeVolumeSet(174)) - Added Volume : /home/runner/work/ozone/ozone/hadoop-ozone/integration-test/target/test-dir/MiniOzoneClusterImpl-17d54aa6-bde1-4bf1-a713-29851100816b/datanode-1/data/ratis to VolumeSet
2022-07-27 13:53:51,836 [Listener at 127.0.0.1/41147] INFO  volume.ThrottledAsyncChecker (ThrottledAsyncChecker.java:schedule(141)) - Scheduling a check for /home/runner/work/ozone/ozone/hadoop-ozone/integration-test/target/test-dir/MiniOzoneClusterImpl-17d54aa6-bde1-4bf1-a713-29851100816b/datanode-1/data/ratis
2022-07-27 13:53:51,837 [Listener at 127.0.0.1/41147] INFO  volume.StorageVolumeChecker (StorageVolumeChecker.java:checkAllVolumes(202)) - Scheduled health check for volume /home/runner/work/ozone/ozone/hadoop-ozone/integration-test/target/test-dir/MiniOzoneClusterImpl-17d54aa6-bde1-4bf1-a713-29851100816b/datanode-1/data/ratis
2022-07-27 13:53:51,880 [Thread-2218] INFO  ozoneimpl.ContainerReader (ContainerReader.java:readVolume(175)) - Finish verifying containers on volume /home/runner/work/ozone/ozone/hadoop-ozone/integration-test/target/test-dir/MiniOzoneClusterImpl-17d54aa6-bde1-4bf1-a713-29851100816b/datanode-1/data-0/containers/hdds
2022-07-27 13:53:51,880 [Listener at 127.0.0.1/41147] INFO  ozoneimpl.OzoneContainer (OzoneContainer.java:buildContainerSet(299)) - Build ContainerSet costs 0s
2022-07-27 13:53:51,882 [Listener at 127.0.0.1/41147] INFO  server.RaftServer (ConfUtils.java:logGet(46)) - raft.rpc.type = GRPC (default)
2022-07-27 13:53:51,882 [Listener at 127.0.0.1/41147] INFO  grpc.GrpcFactory (GrpcFactory.java:checkPooledByteBufAllocatorUseCacheForAllThreads(48)) - PERFORMANCE WARNING: useCacheForAllThreads is true that may cause Netty to create a lot garbage objects and, as a result, trigger GC.
	It is recommended to disable useCacheForAllThreads by setting -Dorg.apache.ratis.thirdparty.io.netty.allocator.useCacheForAllThreads=false in command line.
2022-07-27 13:53:51,882 [Listener at 127.0.0.1/41147] INFO  grpc.GrpcConfigKeys (ConfUtils.java:logGet(46)) - raft.grpc.admin.port = 0 (custom)
2022-07-27 13:53:51,882 [Listener at 127.0.0.1/41147] INFO  grpc.GrpcConfigKeys (ConfUtils.java:logGet(46)) - raft.grpc.client.port = 0 (custom)
2022-07-27 13:53:51,882 [Listener at 127.0.0.1/41147] INFO  grpc.GrpcConfigKeys (ConfUtils.java:logGet(46)) - raft.grpc.server.port = 0 (default)
2022-07-27 13:53:51,882 [Listener at 127.0.0.1/41147] INFO  server.GrpcService (ConfUtils.java:logGet(46)) - raft.grpc.message.size.max = 32MB (=33554432) (custom)
2022-07-27 13:53:51,883 [Listener at 127.0.0.1/41147] INFO  server.RaftServerConfigKeys (ConfUtils.java:logGet(46)) - raft.server.log.appender.buffer.byte-limit = 33554432 (custom)
2022-07-27 13:53:51,883 [Listener at 127.0.0.1/41147] INFO  server.GrpcService (ConfUtils.java:logGet(46)) - raft.grpc.flow.control.window = 5MB (=5242880) (custom)
2022-07-27 13:53:51,883 [Listener at 127.0.0.1/41147] INFO  server.RaftServerConfigKeys (ConfUtils.java:logGet(46)) - raft.server.rpc.request.timeout = 60s (custom)
2022-07-27 13:53:51,883 [Listener at 127.0.0.1/41147] INFO  grpc.GrpcConfigKeys (ConfUtils.java:logGet(46)) - raft.grpc.server.async.request.thread.pool.cached = true (default)
2022-07-27 13:53:51,883 [Listener at 127.0.0.1/41147] INFO  grpc.GrpcConfigKeys (ConfUtils.java:logGet(46)) - raft.grpc.server.async.request.thread.pool.size = 32 (default)
2022-07-27 13:53:51,901 [Listener at 127.0.0.1/41147] INFO  impl.DataStreamServerImpl (ConfUtils.java:logGet(46)) - raft.datastream.type = DISABLED (default)
2022-07-27 13:53:51,901 [Listener at 127.0.0.1/41147] INFO  server.RaftServerConfigKeys (ConfUtils.java:logGet(46)) - raft.server.threadpool.proxy.cached = true (default)
2022-07-27 13:53:51,901 [Listener at 127.0.0.1/41147] INFO  server.RaftServerConfigKeys (ConfUtils.java:logGet(46)) - raft.server.threadpool.proxy.size = 0 (default)
2022-07-27 13:53:51,901 [Listener at 127.0.0.1/41147] INFO  server.RaftServerConfigKeys (ConfUtils.java:logGet(46)) - raft.server.rpc.slowness.timeout = 300s (custom)
2022-07-27 13:53:51,901 [Listener at 127.0.0.1/41147] INFO  server.RaftServerConfigKeys (ConfUtils.java:logGet(46)) - raft.server.leaderelection.leader.step-down.wait-time = 10s (default)
2022-07-27 13:53:51,901 [Listener at 127.0.0.1/41147] INFO  server.RaftServerConfigKeys (ConfUtils.java:logGet(46)) - raft.server.storage.dir = [/home/runner/work/ozone/ozone/hadoop-ozone/integration-test/target/test-dir/MiniOzoneClusterImpl-17d54aa6-bde1-4bf1-a713-29851100816b/datanode-1/data/ratis] (custom)
2022-07-27 13:53:51,903 [Listener at 127.0.0.1/41147] INFO  server.XceiverServerGrpc (XceiverServerGrpc.java:<init>(132)) - GrpcServer channel type EpollServerSocketChannel
2022-07-27 13:53:51,925 [Listener at 127.0.0.1/41147] INFO  http.BaseHttpServer (BaseHttpServer.java:newHttpServer2BuilderForOzone(209)) - Starting Web-server for hddsDatanode at: http://0.0.0.0:0
2022-07-27 13:53:51,926 [Listener at 127.0.0.1/41147] INFO  http.BaseHttpServer (BaseHttpServer.java:<init>(107)) - Hadoop Security Enabled: false Ozone Security Enabled: false Ozone HTTP Security Enabled: false 
2022-07-27 13:53:51,927 [Listener at 127.0.0.1/41147] INFO  server.AuthenticationFilter (AuthenticationFilter.java:constructSecretProvider(240)) - Unable to initialize FileSignerSecretProvider, falling back to use random secrets.
2022-07-27 13:53:51,941 [Listener at 127.0.0.1/41147] WARN  http.HttpRequestLog (HttpRequestLog.java:getRequestLog(103)) - Jetty request log can only be enabled using Log4j
2022-07-27 13:53:51,942 [Listener at 127.0.0.1/41147] INFO  http.HttpServer2 (HttpServer2.java:addGlobalFilter(1029)) - Added global filter 'safety' (class=org.apache.hadoop.hdds.server.http.HttpServer2$QuotingInputFilter)
2022-07-27 13:53:51,943 [Listener at 127.0.0.1/41147] INFO  http.HttpServer2 (HttpServer2.java:addFilter(1005)) - Added filter static_user_filter (class=org.apache.hadoop.http.lib.StaticUserWebFilter$StaticUserFilter) to context hddsDatanode
2022-07-27 13:53:51,943 [Listener at 127.0.0.1/41147] INFO  http.HttpServer2 (HttpServer2.java:addFilter(1013)) - Added filter static_user_filter (class=org.apache.hadoop.http.lib.StaticUserWebFilter$StaticUserFilter) to context static
2022-07-27 13:53:51,943 [Listener at 127.0.0.1/41147] INFO  http.HttpServer2 (HttpServer2.java:addFilter(1013)) - Added filter static_user_filter (class=org.apache.hadoop.http.lib.StaticUserWebFilter$StaticUserFilter) to context logs
2022-07-27 13:53:51,943 [Listener at 127.0.0.1/41147] INFO  http.HttpServer2 (HttpServer2.java:bindListener(1248)) - Jetty bound to port 45195
2022-07-27 13:53:51,943 [Listener at 127.0.0.1/41147] INFO  server.Server (Server.java:doStart(375)) - jetty-9.4.43.v20210629; built: 2021-06-30T11:07:22.254Z; git: 526006ecfa3af7f1a27ef3a288e2bef7ea9dd7e8; jvm 1.8.0_332-b09
2022-07-27 13:53:51,948 [Listener at 127.0.0.1/41147] INFO  server.session (DefaultSessionIdManager.java:doStart(334)) - DefaultSessionIdManager workerName=node0
2022-07-27 13:53:51,948 [Listener at 127.0.0.1/41147] INFO  server.session (DefaultSessionIdManager.java:doStart(339)) - No SessionScavenger set, using defaults
2022-07-27 13:53:51,948 [Listener at 127.0.0.1/41147] INFO  server.session (HouseKeeper.java:startScavenging(132)) - node0 Scavenging every 660000ms
2022-07-27 13:53:51,949 [Listener at 127.0.0.1/41147] INFO  handler.ContextHandler (ContextHandler.java:doStart(915)) - Started o.e.j.s.ServletContextHandler@3892decd{logs,/logs,file:///home/runner/work/ozone/ozone/hadoop-ozone/integration-test/target/log,AVAILABLE}
2022-07-27 13:53:51,949 [Listener at 127.0.0.1/41147] INFO  handler.ContextHandler (ContextHandler.java:doStart(915)) - Started o.e.j.s.ServletContextHandler@11b15c96{static,/static,jar:file:/home/runner/.m2/repository/org/apache/ozone/hdds-container-service/1.3.0-SNAPSHOT/hdds-container-service-1.3.0-SNAPSHOT.jar!/webapps/static,AVAILABLE}
2022-07-27 13:53:52,330 [Listener at 127.0.0.1/41147] INFO  handler.ContextHandler (ContextHandler.java:doStart(915)) - Started o.e.j.w.WebAppContext@3b90978b{hddsDatanode,/,file:///tmp/jetty-0_0_0_0-45195-hdds-container-service-1_3_0-SNAPSHOT_jar-_-any-7756989846809005496/webapp/,AVAILABLE}{jar:file:/home/runner/.m2/repository/org/apache/ozone/hdds-container-service/1.3.0-SNAPSHOT/hdds-container-service-1.3.0-SNAPSHOT.jar!/webapps/hddsDatanode}
2022-07-27 13:53:52,363 [Listener at 127.0.0.1/41147] INFO  server.AbstractConnector (AbstractConnector.java:doStart(331)) - Started ServerConnector@5a45733b{HTTP/1.1, (http/1.1)}{0.0.0.0:45195}
2022-07-27 13:53:52,363 [Listener at 127.0.0.1/41147] INFO  server.Server (Server.java:doStart(415)) - Started @297926ms
2022-07-27 13:53:52,363 [Listener at 127.0.0.1/41147] WARN  impl.MetricsSystemImpl (MetricsSystemImpl.java:register(279)) - Sink prometheus already exists!
2022-07-27 13:53:52,367 [Listener at 127.0.0.1/41147] INFO  http.BaseHttpServer (BaseHttpServer.java:updateConnectorAddress(329)) - HTTP server of hddsDatanode listening at http://0.0.0.0:45195
2022-07-27 13:53:52,369 [Listener at 127.0.0.1/41147] INFO  impl.MetricsSystemImpl (MetricsSystemImpl.java:init(158)) - HddsDatanode metrics system started (again)
2022-07-27 13:53:52,376 [Datanode State Machine Daemon Thread] INFO  statemachine.DatanodeStateMachine (DatanodeStateMachine.java:lambda$startDaemon$0(492)) - Ozone container server started.
2022-07-27 13:53:52,426 [UnderReplicatedQueueThreadThread] INFO  replication.UnderReplicatedProcessor (UnderReplicatedProcessor.java:processAll(85)) - Processed 0 under replicated containers, failed processing 0
2022-07-27 13:53:52,435 [OverReplicatedQueueThreadThread] INFO  replication.OverReplicatedProcessor (OverReplicatedProcessor.java:processAll(83)) - Processed 0 over replicated containers, failed processing 0
2022-07-27 13:53:52,440 [org.apache.hadoop.util.JvmPauseMonitor$Monitor@12196376] INFO  util.JvmPauseMonitor (JvmPauseMonitor.java:run(188)) - Starting JVM pause monitor
2022-07-27 13:53:52,471 [Listener at 127.0.0.1/41147] INFO  ozone.HddsDatanodeService (HddsDatanodeService.java:start(236)) - HddsDatanodeService host:fv-az217-261.5fhmivlnczbevhjmk01nzrxweh.bx.internal.cloudapp.net ip:10.1.0.21
2022-07-27 13:53:52,484 [Datanode State Machine Task Thread - 0] INFO  datanode.InitDatanodeState (InitDatanodeState.java:persistContainerDatanodeDetails(138)) - DatanodeDetails is persisted to /home/runner/work/ozone/ozone/hadoop-ozone/integration-test/target/test-dir/MiniOzoneClusterImpl-17d54aa6-bde1-4bf1-a713-29851100816b/datanode-1/meta/datanode.id
2022-07-27 13:53:52,533 [Listener at 127.0.0.1/41147] INFO  upgrade.AbstractLayoutVersionManager (AbstractLayoutVersionManager.java:init(83)) - Initializing Layout version manager with metadata layout = DATANODE_SCHEMA_V3 (version = 4), software layout = DATANODE_SCHEMA_V3 (version = 4)
2022-07-27 13:53:52,619 [Listener at 127.0.0.1/41147] INFO  reflections.Reflections (Reflections.java:scan(232)) - Reflections took 85 ms to scan 7 urls, producing 132 keys and 321 values 
2022-07-27 13:53:52,637 [Listener at 127.0.0.1/41147] INFO  statemachine.DatanodeStateMachine (DatanodeStateMachine.java:getEndPointTaskThreadPoolSize(237)) - Datanode State Machine Task Thread Pool size 2
2022-07-27 13:53:52,641 [Listener at 127.0.0.1/41147] INFO  volume.HddsVolume (HddsVolume.java:<init>(116)) - Creating HddsVolume: /home/runner/work/ozone/ozone/hadoop-ozone/integration-test/target/test-dir/MiniOzoneClusterImpl-17d54aa6-bde1-4bf1-a713-29851100816b/datanode-2/data-0/containers/hdds of storage type : DISK capacity : 9223372036854775807
2022-07-27 13:53:52,641 [Listener at 127.0.0.1/41147] INFO  volume.MutableVolumeSet (MutableVolumeSet.java:initializeVolumeSet(174)) - Added Volume : /home/runner/work/ozone/ozone/hadoop-ozone/integration-test/target/test-dir/MiniOzoneClusterImpl-17d54aa6-bde1-4bf1-a713-29851100816b/datanode-2/data-0/containers/hdds to VolumeSet
2022-07-27 13:53:52,642 [Listener at 127.0.0.1/41147] INFO  volume.ThrottledAsyncChecker (ThrottledAsyncChecker.java:schedule(141)) - Scheduling a check for /home/runner/work/ozone/ozone/hadoop-ozone/integration-test/target/test-dir/MiniOzoneClusterImpl-17d54aa6-bde1-4bf1-a713-29851100816b/datanode-2/data-0/containers/hdds
2022-07-27 13:53:52,642 [Listener at 127.0.0.1/41147] INFO  volume.StorageVolumeChecker (StorageVolumeChecker.java:checkAllVolumes(202)) - Scheduled health check for volume /home/runner/work/ozone/ozone/hadoop-ozone/integration-test/target/test-dir/MiniOzoneClusterImpl-17d54aa6-bde1-4bf1-a713-29851100816b/datanode-2/data-0/containers/hdds
2022-07-27 13:53:52,692 [Listener at 127.0.0.1/41147] INFO  volume.MutableVolumeSet (MutableVolumeSet.java:initializeVolumeSet(174)) - Added Volume : /home/runner/work/ozone/ozone/hadoop-ozone/integration-test/target/test-dir/MiniOzoneClusterImpl-17d54aa6-bde1-4bf1-a713-29851100816b/datanode-2/data/ratis to VolumeSet
2022-07-27 13:53:52,693 [Listener at 127.0.0.1/41147] INFO  volume.ThrottledAsyncChecker (ThrottledAsyncChecker.java:schedule(141)) - Scheduling a check for /home/runner/work/ozone/ozone/hadoop-ozone/integration-test/target/test-dir/MiniOzoneClusterImpl-17d54aa6-bde1-4bf1-a713-29851100816b/datanode-2/data/ratis
2022-07-27 13:53:52,706 [Listener at 127.0.0.1/41147] INFO  volume.StorageVolumeChecker (StorageVolumeChecker.java:checkAllVolumes(202)) - Scheduled health check for volume /home/runner/work/ozone/ozone/hadoop-ozone/integration-test/target/test-dir/MiniOzoneClusterImpl-17d54aa6-bde1-4bf1-a713-29851100816b/datanode-2/data/ratis
2022-07-27 13:53:52,729 [Thread-2231] INFO  ozoneimpl.ContainerReader (ContainerReader.java:readVolume(175)) - Finish verifying containers on volume /home/runner/work/ozone/ozone/hadoop-ozone/integration-test/target/test-dir/MiniOzoneClusterImpl-17d54aa6-bde1-4bf1-a713-29851100816b/datanode-2/data-0/containers/hdds
2022-07-27 13:53:52,729 [Listener at 127.0.0.1/41147] INFO  ozoneimpl.OzoneContainer (OzoneContainer.java:buildContainerSet(299)) - Build ContainerSet costs 0s
2022-07-27 13:53:52,730 [Listener at 127.0.0.1/41147] INFO  server.RaftServer (ConfUtils.java:logGet(46)) - raft.rpc.type = GRPC (default)
2022-07-27 13:53:52,730 [Listener at 127.0.0.1/41147] INFO  grpc.GrpcFactory (GrpcFactory.java:checkPooledByteBufAllocatorUseCacheForAllThreads(48)) - PERFORMANCE WARNING: useCacheForAllThreads is true that may cause Netty to create a lot garbage objects and, as a result, trigger GC.
	It is recommended to disable useCacheForAllThreads by setting -Dorg.apache.ratis.thirdparty.io.netty.allocator.useCacheForAllThreads=false in command line.
2022-07-27 13:53:52,730 [Listener at 127.0.0.1/41147] INFO  grpc.GrpcConfigKeys (ConfUtils.java:logGet(46)) - raft.grpc.admin.port = 0 (custom)
2022-07-27 13:53:52,730 [Listener at 127.0.0.1/41147] INFO  grpc.GrpcConfigKeys (ConfUtils.java:logGet(46)) - raft.grpc.client.port = 0 (custom)
2022-07-27 13:53:52,731 [Listener at 127.0.0.1/41147] INFO  grpc.GrpcConfigKeys (ConfUtils.java:logGet(46)) - raft.grpc.server.port = 0 (default)
2022-07-27 13:53:52,731 [Listener at 127.0.0.1/41147] INFO  server.GrpcService (ConfUtils.java:logGet(46)) - raft.grpc.message.size.max = 32MB (=33554432) (custom)
2022-07-27 13:53:52,731 [Listener at 127.0.0.1/41147] INFO  server.RaftServerConfigKeys (ConfUtils.java:logGet(46)) - raft.server.log.appender.buffer.byte-limit = 33554432 (custom)
2022-07-27 13:53:52,741 [Listener at 127.0.0.1/41147] INFO  server.GrpcService (ConfUtils.java:logGet(46)) - raft.grpc.flow.control.window = 5MB (=5242880) (custom)
2022-07-27 13:53:52,742 [Listener at 127.0.0.1/41147] INFO  server.RaftServerConfigKeys (ConfUtils.java:logGet(46)) - raft.server.rpc.request.timeout = 60s (custom)
2022-07-27 13:53:52,742 [Listener at 127.0.0.1/41147] INFO  grpc.GrpcConfigKeys (ConfUtils.java:logGet(46)) - raft.grpc.server.async.request.thread.pool.cached = true (default)
2022-07-27 13:53:52,742 [Listener at 127.0.0.1/41147] INFO  grpc.GrpcConfigKeys (ConfUtils.java:logGet(46)) - raft.grpc.server.async.request.thread.pool.size = 32 (default)
2022-07-27 13:53:52,743 [Listener at 127.0.0.1/41147] INFO  impl.DataStreamServerImpl (ConfUtils.java:logGet(46)) - raft.datastream.type = DISABLED (default)
2022-07-27 13:53:52,743 [Listener at 127.0.0.1/41147] INFO  server.RaftServerConfigKeys (ConfUtils.java:logGet(46)) - raft.server.threadpool.proxy.cached = true (default)
2022-07-27 13:53:52,743 [Listener at 127.0.0.1/41147] INFO  server.RaftServerConfigKeys (ConfUtils.java:logGet(46)) - raft.server.threadpool.proxy.size = 0 (default)
2022-07-27 13:53:52,743 [Listener at 127.0.0.1/41147] INFO  server.RaftServerConfigKeys (ConfUtils.java:logGet(46)) - raft.server.rpc.slowness.timeout = 300s (custom)
2022-07-27 13:53:52,743 [Listener at 127.0.0.1/41147] INFO  server.RaftServerConfigKeys (ConfUtils.java:logGet(46)) - raft.server.leaderelection.leader.step-down.wait-time = 10s (default)
2022-07-27 13:53:52,743 [Listener at 127.0.0.1/41147] INFO  server.RaftServerConfigKeys (ConfUtils.java:logGet(46)) - raft.server.storage.dir = [/home/runner/work/ozone/ozone/hadoop-ozone/integration-test/target/test-dir/MiniOzoneClusterImpl-17d54aa6-bde1-4bf1-a713-29851100816b/datanode-2/data/ratis] (custom)
2022-07-27 13:53:52,752 [Listener at 127.0.0.1/41147] INFO  server.XceiverServerGrpc (XceiverServerGrpc.java:<init>(132)) - GrpcServer channel type EpollServerSocketChannel
2022-07-27 13:53:52,756 [Listener at 127.0.0.1/41147] INFO  http.BaseHttpServer (BaseHttpServer.java:newHttpServer2BuilderForOzone(209)) - Starting Web-server for hddsDatanode at: http://0.0.0.0:0
2022-07-27 13:53:52,756 [Listener at 127.0.0.1/41147] INFO  http.BaseHttpServer (BaseHttpServer.java:<init>(107)) - Hadoop Security Enabled: false Ozone Security Enabled: false Ozone HTTP Security Enabled: false 
2022-07-27 13:53:52,757 [Listener at 127.0.0.1/41147] INFO  server.AuthenticationFilter (AuthenticationFilter.java:constructSecretProvider(240)) - Unable to initialize FileSignerSecretProvider, falling back to use random secrets.
2022-07-27 13:53:52,776 [Listener at 127.0.0.1/41147] WARN  http.HttpRequestLog (HttpRequestLog.java:getRequestLog(103)) - Jetty request log can only be enabled using Log4j
2022-07-27 13:53:52,777 [Listener at 127.0.0.1/41147] INFO  http.HttpServer2 (HttpServer2.java:addGlobalFilter(1029)) - Added global filter 'safety' (class=org.apache.hadoop.hdds.server.http.HttpServer2$QuotingInputFilter)
2022-07-27 13:53:52,778 [Listener at 127.0.0.1/41147] INFO  http.HttpServer2 (HttpServer2.java:addFilter(1005)) - Added filter static_user_filter (class=org.apache.hadoop.http.lib.StaticUserWebFilter$StaticUserFilter) to context hddsDatanode
2022-07-27 13:53:52,778 [Listener at 127.0.0.1/41147] INFO  http.HttpServer2 (HttpServer2.java:addFilter(1013)) - Added filter static_user_filter (class=org.apache.hadoop.http.lib.StaticUserWebFilter$StaticUserFilter) to context static
2022-07-27 13:53:52,778 [Listener at 127.0.0.1/41147] INFO  http.HttpServer2 (HttpServer2.java:addFilter(1013)) - Added filter static_user_filter (class=org.apache.hadoop.http.lib.StaticUserWebFilter$StaticUserFilter) to context logs
2022-07-27 13:53:52,778 [Listener at 127.0.0.1/41147] INFO  http.HttpServer2 (HttpServer2.java:bindListener(1248)) - Jetty bound to port 38265
2022-07-27 13:53:52,778 [Listener at 127.0.0.1/41147] INFO  server.Server (Server.java:doStart(375)) - jetty-9.4.43.v20210629; built: 2021-06-30T11:07:22.254Z; git: 526006ecfa3af7f1a27ef3a288e2bef7ea9dd7e8; jvm 1.8.0_332-b09
2022-07-27 13:53:52,783 [Listener at 127.0.0.1/41147] INFO  server.session (DefaultSessionIdManager.java:doStart(334)) - DefaultSessionIdManager workerName=node0
2022-07-27 13:53:52,784 [Listener at 127.0.0.1/41147] INFO  server.session (DefaultSessionIdManager.java:doStart(339)) - No SessionScavenger set, using defaults
2022-07-27 13:53:52,784 [Listener at 127.0.0.1/41147] INFO  server.session (HouseKeeper.java:startScavenging(132)) - node0 Scavenging every 660000ms
2022-07-27 13:53:52,787 [Listener at 127.0.0.1/41147] INFO  handler.ContextHandler (ContextHandler.java:doStart(915)) - Started o.e.j.s.ServletContextHandler@5ceb2fa6{logs,/logs,file:///home/runner/work/ozone/ozone/hadoop-ozone/integration-test/target/log,AVAILABLE}
2022-07-27 13:53:52,787 [Listener at 127.0.0.1/41147] INFO  handler.ContextHandler (ContextHandler.java:doStart(915)) - Started o.e.j.s.ServletContextHandler@5254b862{static,/static,jar:file:/home/runner/.m2/repository/org/apache/ozone/hdds-container-service/1.3.0-SNAPSHOT/hdds-container-service-1.3.0-SNAPSHOT.jar!/webapps/static,AVAILABLE}
2022-07-27 13:53:53,186 [Listener at 127.0.0.1/41147] INFO  handler.ContextHandler (ContextHandler.java:doStart(915)) - Started o.e.j.w.WebAppContext@c1a68b7{hddsDatanode,/,file:///tmp/jetty-0_0_0_0-38265-hdds-container-service-1_3_0-SNAPSHOT_jar-_-any-1404474184466716808/webapp/,AVAILABLE}{jar:file:/home/runner/.m2/repository/org/apache/ozone/hdds-container-service/1.3.0-SNAPSHOT/hdds-container-service-1.3.0-SNAPSHOT.jar!/webapps/hddsDatanode}
2022-07-27 13:53:53,215 [Listener at 127.0.0.1/41147] INFO  server.AbstractConnector (AbstractConnector.java:doStart(331)) - Started ServerConnector@9823397{HTTP/1.1, (http/1.1)}{0.0.0.0:38265}
2022-07-27 13:53:53,215 [Listener at 127.0.0.1/41147] INFO  server.Server (Server.java:doStart(415)) - Started @298778ms
2022-07-27 13:53:53,216 [Listener at 127.0.0.1/41147] WARN  impl.MetricsSystemImpl (MetricsSystemImpl.java:register(279)) - Sink prometheus already exists!
2022-07-27 13:53:53,239 [Listener at 127.0.0.1/41147] INFO  http.BaseHttpServer (BaseHttpServer.java:updateConnectorAddress(329)) - HTTP server of hddsDatanode listening at http://0.0.0.0:38265
2022-07-27 13:53:53,251 [Listener at 127.0.0.1/41147] INFO  impl.MetricsSystemImpl (MetricsSystemImpl.java:init(158)) - HddsDatanode metrics system started (again)
2022-07-27 13:53:53,263 [Datanode State Machine Daemon Thread] INFO  statemachine.DatanodeStateMachine (DatanodeStateMachine.java:lambda$startDaemon$0(492)) - Ozone container server started.
2022-07-27 13:53:53,265 [Listener at 127.0.0.1/41147] INFO  ozone.HddsDatanodeService (HddsDatanodeService.java:start(236)) - HddsDatanodeService host:fv-az217-261.5fhmivlnczbevhjmk01nzrxweh.bx.internal.cloudapp.net ip:10.1.0.21
2022-07-27 13:53:53,279 [org.apache.hadoop.util.JvmPauseMonitor$Monitor@26e8883] INFO  util.JvmPauseMonitor (JvmPauseMonitor.java:run(188)) - Starting JVM pause monitor
2022-07-27 13:53:53,318 [Datanode State Machine Task Thread - 0] INFO  datanode.InitDatanodeState (InitDatanodeState.java:persistContainerDatanodeDetails(138)) - DatanodeDetails is persisted to /home/runner/work/ozone/ozone/hadoop-ozone/integration-test/target/test-dir/MiniOzoneClusterImpl-17d54aa6-bde1-4bf1-a713-29851100816b/datanode-2/meta/datanode.id
2022-07-27 13:53:53,359 [Listener at 127.0.0.1/41147] INFO  upgrade.AbstractLayoutVersionManager (AbstractLayoutVersionManager.java:init(83)) - Initializing Layout version manager with metadata layout = DATANODE_SCHEMA_V3 (version = 4), software layout = DATANODE_SCHEMA_V3 (version = 4)
2022-07-27 13:53:53,433 [Listener at 127.0.0.1/41147] INFO  reflections.Reflections (Reflections.java:scan(232)) - Reflections took 73 ms to scan 7 urls, producing 132 keys and 321 values 
2022-07-27 13:53:53,434 [Listener at 127.0.0.1/41147] INFO  statemachine.DatanodeStateMachine (DatanodeStateMachine.java:getEndPointTaskThreadPoolSize(237)) - Datanode State Machine Task Thread Pool size 2
2022-07-27 13:53:53,460 [Listener at 127.0.0.1/41147] INFO  volume.HddsVolume (HddsVolume.java:<init>(116)) - Creating HddsVolume: /home/runner/work/ozone/ozone/hadoop-ozone/integration-test/target/test-dir/MiniOzoneClusterImpl-17d54aa6-bde1-4bf1-a713-29851100816b/datanode-3/data-0/containers/hdds of storage type : DISK capacity : 9223372036854775807
2022-07-27 13:53:53,460 [Listener at 127.0.0.1/41147] INFO  volume.MutableVolumeSet (MutableVolumeSet.java:initializeVolumeSet(174)) - Added Volume : /home/runner/work/ozone/ozone/hadoop-ozone/integration-test/target/test-dir/MiniOzoneClusterImpl-17d54aa6-bde1-4bf1-a713-29851100816b/datanode-3/data-0/containers/hdds to VolumeSet
2022-07-27 13:53:53,460 [Listener at 127.0.0.1/41147] INFO  volume.ThrottledAsyncChecker (ThrottledAsyncChecker.java:schedule(141)) - Scheduling a check for /home/runner/work/ozone/ozone/hadoop-ozone/integration-test/target/test-dir/MiniOzoneClusterImpl-17d54aa6-bde1-4bf1-a713-29851100816b/datanode-3/data-0/containers/hdds
2022-07-27 13:53:53,461 [Listener at 127.0.0.1/41147] INFO  volume.StorageVolumeChecker (StorageVolumeChecker.java:checkAllVolumes(202)) - Scheduled health check for volume /home/runner/work/ozone/ozone/hadoop-ozone/integration-test/target/test-dir/MiniOzoneClusterImpl-17d54aa6-bde1-4bf1-a713-29851100816b/datanode-3/data-0/containers/hdds
2022-07-27 13:53:53,483 [Listener at 127.0.0.1/41147] INFO  volume.MutableVolumeSet (MutableVolumeSet.java:initializeVolumeSet(174)) - Added Volume : /home/runner/work/ozone/ozone/hadoop-ozone/integration-test/target/test-dir/MiniOzoneClusterImpl-17d54aa6-bde1-4bf1-a713-29851100816b/datanode-3/data/ratis to VolumeSet
2022-07-27 13:53:53,483 [Listener at 127.0.0.1/41147] INFO  volume.ThrottledAsyncChecker (ThrottledAsyncChecker.java:schedule(141)) - Scheduling a check for /home/runner/work/ozone/ozone/hadoop-ozone/integration-test/target/test-dir/MiniOzoneClusterImpl-17d54aa6-bde1-4bf1-a713-29851100816b/datanode-3/data/ratis
2022-07-27 13:53:53,484 [Listener at 127.0.0.1/41147] INFO  volume.StorageVolumeChecker (StorageVolumeChecker.java:checkAllVolumes(202)) - Scheduled health check for volume /home/runner/work/ozone/ozone/hadoop-ozone/integration-test/target/test-dir/MiniOzoneClusterImpl-17d54aa6-bde1-4bf1-a713-29851100816b/datanode-3/data/ratis
2022-07-27 13:53:53,560 [Thread-2244] INFO  ozoneimpl.ContainerReader (ContainerReader.java:readVolume(175)) - Finish verifying containers on volume /home/runner/work/ozone/ozone/hadoop-ozone/integration-test/target/test-dir/MiniOzoneClusterImpl-17d54aa6-bde1-4bf1-a713-29851100816b/datanode-3/data-0/containers/hdds
2022-07-27 13:53:53,560 [Listener at 127.0.0.1/41147] INFO  ozoneimpl.OzoneContainer (OzoneContainer.java:buildContainerSet(299)) - Build ContainerSet costs 0s
2022-07-27 13:53:53,562 [Listener at 127.0.0.1/41147] INFO  server.RaftServer (ConfUtils.java:logGet(46)) - raft.rpc.type = GRPC (default)
2022-07-27 13:53:53,562 [Listener at 127.0.0.1/41147] INFO  grpc.GrpcFactory (GrpcFactory.java:checkPooledByteBufAllocatorUseCacheForAllThreads(48)) - PERFORMANCE WARNING: useCacheForAllThreads is true that may cause Netty to create a lot garbage objects and, as a result, trigger GC.
	It is recommended to disable useCacheForAllThreads by setting -Dorg.apache.ratis.thirdparty.io.netty.allocator.useCacheForAllThreads=false in command line.
2022-07-27 13:53:53,562 [Listener at 127.0.0.1/41147] INFO  grpc.GrpcConfigKeys (ConfUtils.java:logGet(46)) - raft.grpc.admin.port = 0 (custom)
2022-07-27 13:53:53,562 [Listener at 127.0.0.1/41147] INFO  grpc.GrpcConfigKeys (ConfUtils.java:logGet(46)) - raft.grpc.client.port = 0 (custom)
2022-07-27 13:53:53,562 [Listener at 127.0.0.1/41147] INFO  grpc.GrpcConfigKeys (ConfUtils.java:logGet(46)) - raft.grpc.server.port = 0 (default)
2022-07-27 13:53:53,563 [Listener at 127.0.0.1/41147] INFO  server.GrpcService (ConfUtils.java:logGet(46)) - raft.grpc.message.size.max = 32MB (=33554432) (custom)
2022-07-27 13:53:53,563 [Listener at 127.0.0.1/41147] INFO  server.RaftServerConfigKeys (ConfUtils.java:logGet(46)) - raft.server.log.appender.buffer.byte-limit = 33554432 (custom)
2022-07-27 13:53:53,563 [Listener at 127.0.0.1/41147] INFO  server.GrpcService (ConfUtils.java:logGet(46)) - raft.grpc.flow.control.window = 5MB (=5242880) (custom)
2022-07-27 13:53:53,563 [Listener at 127.0.0.1/41147] INFO  server.RaftServerConfigKeys (ConfUtils.java:logGet(46)) - raft.server.rpc.request.timeout = 60s (custom)
2022-07-27 13:53:53,563 [Listener at 127.0.0.1/41147] INFO  grpc.GrpcConfigKeys (ConfUtils.java:logGet(46)) - raft.grpc.server.async.request.thread.pool.cached = true (default)
2022-07-27 13:53:53,563 [Listener at 127.0.0.1/41147] INFO  grpc.GrpcConfigKeys (ConfUtils.java:logGet(46)) - raft.grpc.server.async.request.thread.pool.size = 32 (default)
2022-07-27 13:53:53,564 [Listener at 127.0.0.1/41147] INFO  impl.DataStreamServerImpl (ConfUtils.java:logGet(46)) - raft.datastream.type = DISABLED (default)
2022-07-27 13:53:53,565 [Listener at 127.0.0.1/41147] INFO  server.RaftServerConfigKeys (ConfUtils.java:logGet(46)) - raft.server.threadpool.proxy.cached = true (default)
2022-07-27 13:53:53,565 [Listener at 127.0.0.1/41147] INFO  server.RaftServerConfigKeys (ConfUtils.java:logGet(46)) - raft.server.threadpool.proxy.size = 0 (default)
2022-07-27 13:53:53,565 [Listener at 127.0.0.1/41147] INFO  server.RaftServerConfigKeys (ConfUtils.java:logGet(46)) - raft.server.rpc.slowness.timeout = 300s (custom)
2022-07-27 13:53:53,565 [Listener at 127.0.0.1/41147] INFO  server.RaftServerConfigKeys (ConfUtils.java:logGet(46)) - raft.server.leaderelection.leader.step-down.wait-time = 10s (default)
2022-07-27 13:53:53,565 [Listener at 127.0.0.1/41147] INFO  server.RaftServerConfigKeys (ConfUtils.java:logGet(46)) - raft.server.storage.dir = [/home/runner/work/ozone/ozone/hadoop-ozone/integration-test/target/test-dir/MiniOzoneClusterImpl-17d54aa6-bde1-4bf1-a713-29851100816b/datanode-3/data/ratis] (custom)
2022-07-27 13:53:53,568 [Listener at 127.0.0.1/41147] INFO  server.XceiverServerGrpc (XceiverServerGrpc.java:<init>(132)) - GrpcServer channel type EpollServerSocketChannel
2022-07-27 13:53:53,571 [Listener at 127.0.0.1/41147] INFO  http.BaseHttpServer (BaseHttpServer.java:newHttpServer2BuilderForOzone(209)) - Starting Web-server for hddsDatanode at: http://0.0.0.0:0
2022-07-27 13:53:53,571 [Listener at 127.0.0.1/41147] INFO  http.BaseHttpServer (BaseHttpServer.java:<init>(107)) - Hadoop Security Enabled: false Ozone Security Enabled: false Ozone HTTP Security Enabled: false 
2022-07-27 13:53:53,572 [Listener at 127.0.0.1/41147] INFO  server.AuthenticationFilter (AuthenticationFilter.java:constructSecretProvider(240)) - Unable to initialize FileSignerSecretProvider, falling back to use random secrets.
2022-07-27 13:53:53,573 [Listener at 127.0.0.1/41147] WARN  http.HttpRequestLog (HttpRequestLog.java:getRequestLog(103)) - Jetty request log can only be enabled using Log4j
2022-07-27 13:53:53,574 [Listener at 127.0.0.1/41147] INFO  http.HttpServer2 (HttpServer2.java:addGlobalFilter(1029)) - Added global filter 'safety' (class=org.apache.hadoop.hdds.server.http.HttpServer2$QuotingInputFilter)
2022-07-27 13:53:53,574 [Listener at 127.0.0.1/41147] INFO  http.HttpServer2 (HttpServer2.java:addFilter(1005)) - Added filter static_user_filter (class=org.apache.hadoop.http.lib.StaticUserWebFilter$StaticUserFilter) to context hddsDatanode
2022-07-27 13:53:53,574 [Listener at 127.0.0.1/41147] INFO  http.HttpServer2 (HttpServer2.java:addFilter(1013)) - Added filter static_user_filter (class=org.apache.hadoop.http.lib.StaticUserWebFilter$StaticUserFilter) to context static
2022-07-27 13:53:53,575 [Listener at 127.0.0.1/41147] INFO  http.HttpServer2 (HttpServer2.java:addFilter(1013)) - Added filter static_user_filter (class=org.apache.hadoop.http.lib.StaticUserWebFilter$StaticUserFilter) to context logs
2022-07-27 13:53:53,575 [Listener at 127.0.0.1/41147] INFO  http.HttpServer2 (HttpServer2.java:bindListener(1248)) - Jetty bound to port 45163
2022-07-27 13:53:53,575 [Listener at 127.0.0.1/41147] INFO  server.Server (Server.java:doStart(375)) - jetty-9.4.43.v20210629; built: 2021-06-30T11:07:22.254Z; git: 526006ecfa3af7f1a27ef3a288e2bef7ea9dd7e8; jvm 1.8.0_332-b09
2022-07-27 13:53:53,611 [Listener at 127.0.0.1/41147] INFO  server.session (DefaultSessionIdManager.java:doStart(334)) - DefaultSessionIdManager workerName=node0
2022-07-27 13:53:53,612 [Listener at 127.0.0.1/41147] INFO  server.session (DefaultSessionIdManager.java:doStart(339)) - No SessionScavenger set, using defaults
2022-07-27 13:53:53,612 [Listener at 127.0.0.1/41147] INFO  server.session (HouseKeeper.java:startScavenging(132)) - node0 Scavenging every 660000ms
2022-07-27 13:53:53,613 [Listener at 127.0.0.1/41147] INFO  handler.ContextHandler (ContextHandler.java:doStart(915)) - Started o.e.j.s.ServletContextHandler@7046123b{logs,/logs,file:///home/runner/work/ozone/ozone/hadoop-ozone/integration-test/target/log,AVAILABLE}
2022-07-27 13:53:53,613 [Listener at 127.0.0.1/41147] INFO  handler.ContextHandler (ContextHandler.java:doStart(915)) - Started o.e.j.s.ServletContextHandler@c6595b5{static,/static,jar:file:/home/runner/.m2/repository/org/apache/ozone/hdds-container-service/1.3.0-SNAPSHOT/hdds-container-service-1.3.0-SNAPSHOT.jar!/webapps/static,AVAILABLE}
2022-07-27 13:53:53,627 [EndpointStateMachine task thread for /0.0.0.0:38947 - 0 ] INFO  volume.HddsVolume (HddsVolume.java:createDbStore(309)) - SchemaV3 db is created and loaded at /home/runner/work/ozone/ozone/hadoop-ozone/integration-test/target/test-dir/MiniOzoneClusterImpl-17d54aa6-bde1-4bf1-a713-29851100816b/datanode-0/data-0/containers/hdds/17d54aa6-bde1-4bf1-a713-29851100816b/DS-099e05f9-b076-4192-87f4-ab49f94c8c1c/container.db for volume DS-099e05f9-b076-4192-87f4-ab49f94c8c1c
2022-07-27 13:53:53,679 [EndpointStateMachine task thread for /0.0.0.0:38947 - 0 ] INFO  volume.HddsVolume (HddsVolume.java:closeDbStore(340)) - SchemaV3 db is stopped at /home/runner/work/ozone/ozone/hadoop-ozone/integration-test/target/test-dir/MiniOzoneClusterImpl-17d54aa6-bde1-4bf1-a713-29851100816b/datanode-0/data-0/containers/hdds/17d54aa6-bde1-4bf1-a713-29851100816b/DS-099e05f9-b076-4192-87f4-ab49f94c8c1c/container.db for volume DS-099e05f9-b076-4192-87f4-ab49f94c8c1c
2022-07-27 13:53:53,679 [EndpointStateMachine task thread for /0.0.0.0:38947 - 0 ] INFO  ozoneimpl.OzoneContainer (OzoneContainer.java:start(377)) - Attempting to start container services.
2022-07-27 13:53:53,679 [EndpointStateMachine task thread for /0.0.0.0:38947 - 0 ] INFO  ozoneimpl.OzoneContainer (OzoneContainer.java:startContainerScrub(312)) - Background container scanner has been disabled.
2022-07-27 13:53:53,722 [EndpointStateMachine task thread for /0.0.0.0:38947 - 0 ] INFO  replication.ReplicationServer (ReplicationServer.java:start(111)) - ReplicationServer is started using port 43137
2022-07-27 13:53:53,722 [EndpointStateMachine task thread for /0.0.0.0:38947 - 0 ] INFO  ratis.XceiverServerRatis (XceiverServerRatis.java:start(481)) - Starting XceiverServerRatis 34ea5659-743d-4920-98aa-921f1ee7ea0c
2022-07-27 13:53:53,727 [EndpointStateMachine task thread for /0.0.0.0:38947 - 0 ] INFO  server.RaftServer (RaftServerProxy.java:lambda$start$6(382)) - 34ea5659-743d-4920-98aa-921f1ee7ea0c: start RPC server
2022-07-27 13:53:53,736 [EndpointStateMachine task thread for /0.0.0.0:38947 - 0 ] INFO  server.GrpcService (GrpcService.java:startImpl(260)) - 34ea5659-743d-4920-98aa-921f1ee7ea0c: GrpcService started, listening on 38521
2022-07-27 13:53:53,739 [EndpointStateMachine task thread for /0.0.0.0:38947 - 0 ] INFO  ratis.XceiverServerRatis (XceiverServerRatis.java:getRealPort(502)) - XceiverServerRatis 34ea5659-743d-4920-98aa-921f1ee7ea0c is started using port 38521 for RATIS
2022-07-27 13:53:53,739 [EndpointStateMachine task thread for /0.0.0.0:38947 - 0 ] INFO  ratis.XceiverServerRatis (XceiverServerRatis.java:getRealPort(502)) - XceiverServerRatis 34ea5659-743d-4920-98aa-921f1ee7ea0c is started using port 38521 for RATIS_ADMIN
2022-07-27 13:53:53,739 [EndpointStateMachine task thread for /0.0.0.0:38947 - 0 ] INFO  ratis.XceiverServerRatis (XceiverServerRatis.java:getRealPort(502)) - XceiverServerRatis 34ea5659-743d-4920-98aa-921f1ee7ea0c is started using port 38521 for RATIS_SERVER
2022-07-27 13:53:53,739 [org.apache.ratis.util.JvmPauseMonitor$$Lambda$615/1136232276@53e87d3e] INFO  util.JvmPauseMonitor (JvmPauseMonitor.java:run(103)) - JvmPauseMonitor-34ea5659-743d-4920-98aa-921f1ee7ea0c: Started
2022-07-27 13:53:53,796 [EndpointStateMachine task thread for /0.0.0.0:38947 - 0 ] INFO  server.XceiverServerGrpc (XceiverServerGrpc.java:start(180)) - XceiverServerGrpc 34ea5659-743d-4920-98aa-921f1ee7ea0c is started using port 35343
2022-07-27 13:53:54,244 [Listener at 127.0.0.1/41147] INFO  handler.ContextHandler (ContextHandler.java:doStart(915)) - Started o.e.j.w.WebAppContext@123c674d{hddsDatanode,/,file:///tmp/jetty-0_0_0_0-45163-hdds-container-service-1_3_0-SNAPSHOT_jar-_-any-1490930977585516025/webapp/,AVAILABLE}{jar:file:/home/runner/.m2/repository/org/apache/ozone/hdds-container-service/1.3.0-SNAPSHOT/hdds-container-service-1.3.0-SNAPSHOT.jar!/webapps/hddsDatanode}
2022-07-27 13:53:54,311 [Listener at 127.0.0.1/41147] INFO  server.AbstractConnector (AbstractConnector.java:doStart(331)) - Started ServerConnector@647df506{HTTP/1.1, (http/1.1)}{0.0.0.0:45163}
2022-07-27 13:53:54,311 [Listener at 127.0.0.1/41147] INFO  server.Server (Server.java:doStart(415)) - Started @299874ms
2022-07-27 13:53:54,312 [Listener at 127.0.0.1/41147] WARN  impl.MetricsSystemImpl (MetricsSystemImpl.java:register(279)) - Sink prometheus already exists!
2022-07-27 13:53:54,312 [Listener at 127.0.0.1/41147] INFO  http.BaseHttpServer (BaseHttpServer.java:updateConnectorAddress(329)) - HTTP server of hddsDatanode listening at http://0.0.0.0:45163
2022-07-27 13:53:54,327 [Listener at 127.0.0.1/41147] INFO  impl.MetricsSystemImpl (MetricsSystemImpl.java:init(158)) - HddsDatanode metrics system started (again)
2022-07-27 13:53:54,334 [Datanode State Machine Daemon Thread] INFO  statemachine.DatanodeStateMachine (DatanodeStateMachine.java:lambda$startDaemon$0(492)) - Ozone container server started.
2022-07-27 13:53:54,374 [Listener at 127.0.0.1/41147] INFO  ozone.HddsDatanodeService (HddsDatanodeService.java:start(236)) - HddsDatanodeService host:fv-az217-261.5fhmivlnczbevhjmk01nzrxweh.bx.internal.cloudapp.net ip:10.1.0.21
2022-07-27 13:53:54,409 [org.apache.hadoop.util.JvmPauseMonitor$Monitor@15d52af8] INFO  util.JvmPauseMonitor (JvmPauseMonitor.java:run(188)) - Starting JVM pause monitor
2022-07-27 13:53:54,413 [Datanode State Machine Task Thread - 0] INFO  datanode.InitDatanodeState (InitDatanodeState.java:persistContainerDatanodeDetails(138)) - DatanodeDetails is persisted to /home/runner/work/ozone/ozone/hadoop-ozone/integration-test/target/test-dir/MiniOzoneClusterImpl-17d54aa6-bde1-4bf1-a713-29851100816b/datanode-3/meta/datanode.id
2022-07-27 13:53:54,434 [Listener at 127.0.0.1/41147] INFO  upgrade.AbstractLayoutVersionManager (AbstractLayoutVersionManager.java:init(83)) - Initializing Layout version manager with metadata layout = DATANODE_SCHEMA_V3 (version = 4), software layout = DATANODE_SCHEMA_V3 (version = 4)
2022-07-27 13:53:54,505 [Listener at 127.0.0.1/41147] INFO  reflections.Reflections (Reflections.java:scan(232)) - Reflections took 69 ms to scan 7 urls, producing 132 keys and 321 values 
2022-07-27 13:53:54,506 [Listener at 127.0.0.1/41147] INFO  statemachine.DatanodeStateMachine (DatanodeStateMachine.java:getEndPointTaskThreadPoolSize(237)) - Datanode State Machine Task Thread Pool size 2
2022-07-27 13:53:54,549 [Listener at 127.0.0.1/41147] INFO  volume.HddsVolume (HddsVolume.java:<init>(116)) - Creating HddsVolume: /home/runner/work/ozone/ozone/hadoop-ozone/integration-test/target/test-dir/MiniOzoneClusterImpl-17d54aa6-bde1-4bf1-a713-29851100816b/datanode-4/data-0/containers/hdds of storage type : DISK capacity : 9223372036854775807
2022-07-27 13:53:54,549 [Listener at 127.0.0.1/41147] INFO  volume.MutableVolumeSet (MutableVolumeSet.java:initializeVolumeSet(174)) - Added Volume : /home/runner/work/ozone/ozone/hadoop-ozone/integration-test/target/test-dir/MiniOzoneClusterImpl-17d54aa6-bde1-4bf1-a713-29851100816b/datanode-4/data-0/containers/hdds to VolumeSet
2022-07-27 13:53:54,550 [Listener at 127.0.0.1/41147] INFO  volume.ThrottledAsyncChecker (ThrottledAsyncChecker.java:schedule(141)) - Scheduling a check for /home/runner/work/ozone/ozone/hadoop-ozone/integration-test/target/test-dir/MiniOzoneClusterImpl-17d54aa6-bde1-4bf1-a713-29851100816b/datanode-4/data-0/containers/hdds
2022-07-27 13:53:54,560 [Listener at 127.0.0.1/41147] INFO  volume.StorageVolumeChecker (StorageVolumeChecker.java:checkAllVolumes(202)) - Scheduled health check for volume /home/runner/work/ozone/ozone/hadoop-ozone/integration-test/target/test-dir/MiniOzoneClusterImpl-17d54aa6-bde1-4bf1-a713-29851100816b/datanode-4/data-0/containers/hdds
2022-07-27 13:53:54,617 [Listener at 127.0.0.1/41147] INFO  volume.MutableVolumeSet (MutableVolumeSet.java:initializeVolumeSet(174)) - Added Volume : /home/runner/work/ozone/ozone/hadoop-ozone/integration-test/target/test-dir/MiniOzoneClusterImpl-17d54aa6-bde1-4bf1-a713-29851100816b/datanode-4/data/ratis to VolumeSet
2022-07-27 13:53:54,618 [Listener at 127.0.0.1/41147] INFO  volume.ThrottledAsyncChecker (ThrottledAsyncChecker.java:schedule(141)) - Scheduling a check for /home/runner/work/ozone/ozone/hadoop-ozone/integration-test/target/test-dir/MiniOzoneClusterImpl-17d54aa6-bde1-4bf1-a713-29851100816b/datanode-4/data/ratis
2022-07-27 13:53:54,662 [Listener at 127.0.0.1/41147] INFO  volume.StorageVolumeChecker (StorageVolumeChecker.java:checkAllVolumes(202)) - Scheduled health check for volume /home/runner/work/ozone/ozone/hadoop-ozone/integration-test/target/test-dir/MiniOzoneClusterImpl-17d54aa6-bde1-4bf1-a713-29851100816b/datanode-4/data/ratis
2022-07-27 13:53:54,669 [EndpointStateMachine task thread for /0.0.0.0:38947 - 0 ] INFO  volume.HddsVolume (HddsVolume.java:createDbStore(309)) - SchemaV3 db is created and loaded at /home/runner/work/ozone/ozone/hadoop-ozone/integration-test/target/test-dir/MiniOzoneClusterImpl-17d54aa6-bde1-4bf1-a713-29851100816b/datanode-1/data-0/containers/hdds/17d54aa6-bde1-4bf1-a713-29851100816b/DS-dc971136-5275-4c05-b907-941a3bb61069/container.db for volume DS-dc971136-5275-4c05-b907-941a3bb61069
2022-07-27 13:53:54,671 [EndpointStateMachine task thread for /0.0.0.0:38947 - 0 ] INFO  volume.HddsVolume (HddsVolume.java:closeDbStore(340)) - SchemaV3 db is stopped at /home/runner/work/ozone/ozone/hadoop-ozone/integration-test/target/test-dir/MiniOzoneClusterImpl-17d54aa6-bde1-4bf1-a713-29851100816b/datanode-1/data-0/containers/hdds/17d54aa6-bde1-4bf1-a713-29851100816b/DS-dc971136-5275-4c05-b907-941a3bb61069/container.db for volume DS-dc971136-5275-4c05-b907-941a3bb61069
2022-07-27 13:53:54,671 [EndpointStateMachine task thread for /0.0.0.0:38947 - 0 ] INFO  ozoneimpl.OzoneContainer (OzoneContainer.java:start(377)) - Attempting to start container services.
2022-07-27 13:53:54,671 [EndpointStateMachine task thread for /0.0.0.0:38947 - 0 ] INFO  ozoneimpl.OzoneContainer (OzoneContainer.java:startContainerScrub(312)) - Background container scanner has been disabled.
2022-07-27 13:53:54,677 [EndpointStateMachine task thread for /0.0.0.0:38947 - 0 ] INFO  replication.ReplicationServer (ReplicationServer.java:start(111)) - ReplicationServer is started using port 44553
2022-07-27 13:53:54,683 [EndpointStateMachine task thread for /0.0.0.0:38947 - 0 ] INFO  ratis.XceiverServerRatis (XceiverServerRatis.java:start(481)) - Starting XceiverServerRatis d0f717e2-9042-4344-a562-88d1d040f01a
2022-07-27 13:53:54,709 [EndpointStateMachine task thread for /0.0.0.0:38947 - 0 ] INFO  server.RaftServer (RaftServerProxy.java:lambda$start$6(382)) - d0f717e2-9042-4344-a562-88d1d040f01a: start RPC server
2022-07-27 13:53:54,719 [EndpointStateMachine task thread for /0.0.0.0:38947 - 0 ] INFO  server.GrpcService (GrpcService.java:startImpl(260)) - d0f717e2-9042-4344-a562-88d1d040f01a: GrpcService started, listening on 42759
2022-07-27 13:53:54,719 [EndpointStateMachine task thread for /0.0.0.0:38947 - 0 ] INFO  ratis.XceiverServerRatis (XceiverServerRatis.java:getRealPort(502)) - XceiverServerRatis d0f717e2-9042-4344-a562-88d1d040f01a is started using port 42759 for RATIS
2022-07-27 13:53:54,719 [EndpointStateMachine task thread for /0.0.0.0:38947 - 0 ] INFO  ratis.XceiverServerRatis (XceiverServerRatis.java:getRealPort(502)) - XceiverServerRatis d0f717e2-9042-4344-a562-88d1d040f01a is started using port 42759 for RATIS_ADMIN
2022-07-27 13:53:54,719 [EndpointStateMachine task thread for /0.0.0.0:38947 - 0 ] INFO  ratis.XceiverServerRatis (XceiverServerRatis.java:getRealPort(502)) - XceiverServerRatis d0f717e2-9042-4344-a562-88d1d040f01a is started using port 42759 for RATIS_SERVER
2022-07-27 13:53:54,720 [org.apache.ratis.util.JvmPauseMonitor$$Lambda$615/1136232276@683411fa] INFO  util.JvmPauseMonitor (JvmPauseMonitor.java:run(103)) - JvmPauseMonitor-d0f717e2-9042-4344-a562-88d1d040f01a: Started
2022-07-27 13:53:54,812 [EndpointStateMachine task thread for /0.0.0.0:38947 - 0 ] INFO  server.XceiverServerGrpc (XceiverServerGrpc.java:start(180)) - XceiverServerGrpc d0f717e2-9042-4344-a562-88d1d040f01a is started using port 36337
2022-07-27 13:53:54,812 [Thread-2264] INFO  ozoneimpl.ContainerReader (ContainerReader.java:readVolume(175)) - Finish verifying containers on volume /home/runner/work/ozone/ozone/hadoop-ozone/integration-test/target/test-dir/MiniOzoneClusterImpl-17d54aa6-bde1-4bf1-a713-29851100816b/datanode-4/data-0/containers/hdds
2022-07-27 13:53:54,812 [Listener at 127.0.0.1/41147] INFO  ozoneimpl.OzoneContainer (OzoneContainer.java:buildContainerSet(299)) - Build ContainerSet costs 0s
2022-07-27 13:53:54,814 [Listener at 127.0.0.1/41147] INFO  server.RaftServer (ConfUtils.java:logGet(46)) - raft.rpc.type = GRPC (default)
2022-07-27 13:53:54,814 [Listener at 127.0.0.1/41147] INFO  grpc.GrpcFactory (GrpcFactory.java:checkPooledByteBufAllocatorUseCacheForAllThreads(48)) - PERFORMANCE WARNING: useCacheForAllThreads is true that may cause Netty to create a lot garbage objects and, as a result, trigger GC.
	It is recommended to disable useCacheForAllThreads by setting -Dorg.apache.ratis.thirdparty.io.netty.allocator.useCacheForAllThreads=false in command line.
2022-07-27 13:53:54,814 [Listener at 127.0.0.1/41147] INFO  grpc.GrpcConfigKeys (ConfUtils.java:logGet(46)) - raft.grpc.admin.port = 0 (custom)
2022-07-27 13:53:54,814 [Listener at 127.0.0.1/41147] INFO  grpc.GrpcConfigKeys (ConfUtils.java:logGet(46)) - raft.grpc.client.port = 0 (custom)
2022-07-27 13:53:54,814 [Listener at 127.0.0.1/41147] INFO  grpc.GrpcConfigKeys (ConfUtils.java:logGet(46)) - raft.grpc.server.port = 0 (default)
2022-07-27 13:53:54,814 [Listener at 127.0.0.1/41147] INFO  server.GrpcService (ConfUtils.java:logGet(46)) - raft.grpc.message.size.max = 32MB (=33554432) (custom)
2022-07-27 13:53:54,814 [Listener at 127.0.0.1/41147] INFO  server.RaftServerConfigKeys (ConfUtils.java:logGet(46)) - raft.server.log.appender.buffer.byte-limit = 33554432 (custom)
2022-07-27 13:53:54,815 [Listener at 127.0.0.1/41147] INFO  server.GrpcService (ConfUtils.java:logGet(46)) - raft.grpc.flow.control.window = 5MB (=5242880) (custom)
2022-07-27 13:53:54,815 [Listener at 127.0.0.1/41147] INFO  server.RaftServerConfigKeys (ConfUtils.java:logGet(46)) - raft.server.rpc.request.timeout = 60s (custom)
2022-07-27 13:53:54,815 [Listener at 127.0.0.1/41147] INFO  grpc.GrpcConfigKeys (ConfUtils.java:logGet(46)) - raft.grpc.server.async.request.thread.pool.cached = true (default)
2022-07-27 13:53:54,815 [Listener at 127.0.0.1/41147] INFO  grpc.GrpcConfigKeys (ConfUtils.java:logGet(46)) - raft.grpc.server.async.request.thread.pool.size = 32 (default)
2022-07-27 13:53:54,816 [Listener at 127.0.0.1/41147] INFO  impl.DataStreamServerImpl (ConfUtils.java:logGet(46)) - raft.datastream.type = DISABLED (default)
2022-07-27 13:53:54,816 [Listener at 127.0.0.1/41147] INFO  server.RaftServerConfigKeys (ConfUtils.java:logGet(46)) - raft.server.threadpool.proxy.cached = true (default)
2022-07-27 13:53:54,816 [Listener at 127.0.0.1/41147] INFO  server.RaftServerConfigKeys (ConfUtils.java:logGet(46)) - raft.server.threadpool.proxy.size = 0 (default)
2022-07-27 13:53:54,817 [Listener at 127.0.0.1/41147] INFO  server.RaftServerConfigKeys (ConfUtils.java:logGet(46)) - raft.server.rpc.slowness.timeout = 300s (custom)
2022-07-27 13:53:54,817 [Listener at 127.0.0.1/41147] INFO  server.RaftServerConfigKeys (ConfUtils.java:logGet(46)) - raft.server.leaderelection.leader.step-down.wait-time = 10s (default)
2022-07-27 13:53:54,817 [Listener at 127.0.0.1/41147] INFO  server.RaftServerConfigKeys (ConfUtils.java:logGet(46)) - raft.server.storage.dir = [/home/runner/work/ozone/ozone/hadoop-ozone/integration-test/target/test-dir/MiniOzoneClusterImpl-17d54aa6-bde1-4bf1-a713-29851100816b/datanode-4/data/ratis] (custom)
2022-07-27 13:53:54,877 [Listener at 127.0.0.1/41147] INFO  server.XceiverServerGrpc (XceiverServerGrpc.java:<init>(132)) - GrpcServer channel type EpollServerSocketChannel
2022-07-27 13:53:54,888 [Listener at 127.0.0.1/41147] INFO  http.BaseHttpServer (BaseHttpServer.java:newHttpServer2BuilderForOzone(209)) - Starting Web-server for hddsDatanode at: http://0.0.0.0:0
2022-07-27 13:53:54,888 [Listener at 127.0.0.1/41147] INFO  http.BaseHttpServer (BaseHttpServer.java:<init>(107)) - Hadoop Security Enabled: false Ozone Security Enabled: false Ozone HTTP Security Enabled: false 
2022-07-27 13:53:54,889 [Listener at 127.0.0.1/41147] INFO  server.AuthenticationFilter (AuthenticationFilter.java:constructSecretProvider(240)) - Unable to initialize FileSignerSecretProvider, falling back to use random secrets.
2022-07-27 13:53:54,889 [Listener at 127.0.0.1/41147] WARN  http.HttpRequestLog (HttpRequestLog.java:getRequestLog(103)) - Jetty request log can only be enabled using Log4j
2022-07-27 13:53:54,890 [Listener at 127.0.0.1/41147] INFO  http.HttpServer2 (HttpServer2.java:addGlobalFilter(1029)) - Added global filter 'safety' (class=org.apache.hadoop.hdds.server.http.HttpServer2$QuotingInputFilter)
2022-07-27 13:53:54,891 [Listener at 127.0.0.1/41147] INFO  http.HttpServer2 (HttpServer2.java:addFilter(1005)) - Added filter static_user_filter (class=org.apache.hadoop.http.lib.StaticUserWebFilter$StaticUserFilter) to context hddsDatanode
2022-07-27 13:53:54,891 [Listener at 127.0.0.1/41147] INFO  http.HttpServer2 (HttpServer2.java:addFilter(1013)) - Added filter static_user_filter (class=org.apache.hadoop.http.lib.StaticUserWebFilter$StaticUserFilter) to context static
2022-07-27 13:53:54,891 [Listener at 127.0.0.1/41147] INFO  http.HttpServer2 (HttpServer2.java:addFilter(1013)) - Added filter static_user_filter (class=org.apache.hadoop.http.lib.StaticUserWebFilter$StaticUserFilter) to context logs
2022-07-27 13:53:54,891 [Listener at 127.0.0.1/41147] INFO  http.HttpServer2 (HttpServer2.java:bindListener(1248)) - Jetty bound to port 34831
2022-07-27 13:53:54,891 [Listener at 127.0.0.1/41147] INFO  server.Server (Server.java:doStart(375)) - jetty-9.4.43.v20210629; built: 2021-06-30T11:07:22.254Z; git: 526006ecfa3af7f1a27ef3a288e2bef7ea9dd7e8; jvm 1.8.0_332-b09
2022-07-27 13:53:54,899 [Listener at 127.0.0.1/41147] INFO  server.session (DefaultSessionIdManager.java:doStart(334)) - DefaultSessionIdManager workerName=node0
2022-07-27 13:53:54,899 [Listener at 127.0.0.1/41147] INFO  server.session (DefaultSessionIdManager.java:doStart(339)) - No SessionScavenger set, using defaults
2022-07-27 13:53:54,900 [Listener at 127.0.0.1/41147] INFO  server.session (HouseKeeper.java:startScavenging(132)) - node0 Scavenging every 660000ms
2022-07-27 13:53:54,900 [Listener at 127.0.0.1/41147] INFO  handler.ContextHandler (ContextHandler.java:doStart(915)) - Started o.e.j.s.ServletContextHandler@5ad759ed{logs,/logs,file:///home/runner/work/ozone/ozone/hadoop-ozone/integration-test/target/log,AVAILABLE}
2022-07-27 13:53:54,900 [Listener at 127.0.0.1/41147] INFO  handler.ContextHandler (ContextHandler.java:doStart(915)) - Started o.e.j.s.ServletContextHandler@7b058440{static,/static,jar:file:/home/runner/.m2/repository/org/apache/ozone/hdds-container-service/1.3.0-SNAPSHOT/hdds-container-service-1.3.0-SNAPSHOT.jar!/webapps/static,AVAILABLE}
2022-07-27 13:53:55,514 [IPC Server handler 3 on default port 38947] INFO  net.NetworkTopologyImpl (NetworkTopologyImpl.java:add(112)) - Added a new node: /default-rack/34ea5659-743d-4920-98aa-921f1ee7ea0c
2022-07-27 13:53:55,514 [IPC Server handler 3 on default port 38947] INFO  node.SCMNodeManager (SCMNodeManager.java:register(397)) - Registered Data node : 34ea5659-743d-4920-98aa-921f1ee7ea0c{ip: 10.1.0.21, host: fv-az217-261.5fhmivlnczbevhjmk01nzrxweh.bx.internal.cloudapp.net, ports: [REPLICATION=43137, RATIS=38521, RATIS_ADMIN=38521, RATIS_SERVER=38521, STANDALONE=35343], networkLocation: /default-rack, certSerialId: null, persistedOpState: null, persistedOpStateExpiryEpochSec: 0}
2022-07-27 13:53:55,516 [EndpointStateMachine task thread for /0.0.0.0:38947 - 0 ] INFO  volume.HddsVolume (HddsVolume.java:createDbStore(309)) - SchemaV3 db is created and loaded at /home/runner/work/ozone/ozone/hadoop-ozone/integration-test/target/test-dir/MiniOzoneClusterImpl-17d54aa6-bde1-4bf1-a713-29851100816b/datanode-2/data-0/containers/hdds/17d54aa6-bde1-4bf1-a713-29851100816b/DS-8ea4a43c-1f9b-460a-99c1-a5eaba3b7043/container.db for volume DS-8ea4a43c-1f9b-460a-99c1-a5eaba3b7043
2022-07-27 13:53:55,516 [EventQueue-NodeRegistrationContainerReportForContainerSafeModeRule] INFO  safemode.SCMSafeModeManager (SCMSafeModeManager.java:validateSafeModeExitRules(204)) - ContainerSafeModeRule rule is successfully validated
2022-07-27 13:53:55,516 [EndpointStateMachine task thread for /0.0.0.0:38947 - 0 ] INFO  volume.HddsVolume (HddsVolume.java:closeDbStore(340)) - SchemaV3 db is stopped at /home/runner/work/ozone/ozone/hadoop-ozone/integration-test/target/test-dir/MiniOzoneClusterImpl-17d54aa6-bde1-4bf1-a713-29851100816b/datanode-2/data-0/containers/hdds/17d54aa6-bde1-4bf1-a713-29851100816b/DS-8ea4a43c-1f9b-460a-99c1-a5eaba3b7043/container.db for volume DS-8ea4a43c-1f9b-460a-99c1-a5eaba3b7043
2022-07-27 13:53:55,517 [EndpointStateMachine task thread for /0.0.0.0:38947 - 0 ] INFO  ozoneimpl.OzoneContainer (OzoneContainer.java:start(377)) - Attempting to start container services.
2022-07-27 13:53:55,517 [EndpointStateMachine task thread for /0.0.0.0:38947 - 0 ] INFO  ozoneimpl.OzoneContainer (OzoneContainer.java:startContainerScrub(312)) - Background container scanner has been disabled.
2022-07-27 13:53:55,517 [EventQueue-NodeRegistrationContainerReportForDataNodeSafeModeRule] INFO  safemode.SCMSafeModeManager (DataNodeSafeModeRule.java:process(71)) - SCM in safe mode. 1 DataNodes registered, 3 required.
2022-07-27 13:53:55,540 [EventQueue-NewNodeForNewNodeHandler] INFO  pipeline.BackgroundPipelineCreator (BackgroundPipelineCreator.java:notifyEventTriggered(276)) - trigger a one-shot run on RatisPipelineUtilsThread.
2022-07-27 13:53:55,541 [RatisPipelineUtilsThread - 0] INFO  pipeline.RatisPipelineProvider (RatisPipelineProvider.java:lambda$create$0(195)) - Sending CreatePipelineCommand for pipeline:PipelineID=40cda0d3-9c4f-44f3-97dc-c08fb00d914c to datanode:34ea5659-743d-4920-98aa-921f1ee7ea0c
2022-07-27 13:53:55,541 [EventQueue-PipelineReportForOneReplicaPipelineSafeModeRule] INFO  safemode.SCMSafeModeManager (SCMSafeModeManager.java:validateSafeModeExitRules(204)) - AtleastOneDatanodeReportedRule rule is successfully validated
2022-07-27 13:53:55,541 [RatisPipelineUtilsThread - 0] INFO  pipeline.PipelineStateManagerImpl (PipelineStateManagerImpl.java:addPipeline(103)) - Created pipeline Pipeline[ Id: 40cda0d3-9c4f-44f3-97dc-c08fb00d914c, Nodes: 34ea5659-743d-4920-98aa-921f1ee7ea0c{ip: 10.1.0.21, host: fv-az217-261.5fhmivlnczbevhjmk01nzrxweh.bx.internal.cloudapp.net, ports: [REPLICATION=43137, RATIS=38521, RATIS_ADMIN=38521, RATIS_SERVER=38521, STANDALONE=35343], networkLocation: /default-rack, certSerialId: null, persistedOpState: IN_SERVICE, persistedOpStateExpiryEpochSec: 0}, ReplicationConfig: RATIS/ONE, State:ALLOCATED, leaderId:, CreationTimestamp2022-07-27T13:53:55.541Z[Etc/UTC]].
2022-07-27 13:53:55,573 [EndpointStateMachine task thread for /0.0.0.0:38947 - 0 ] INFO  replication.ReplicationServer (ReplicationServer.java:start(111)) - ReplicationServer is started using port 36621
2022-07-27 13:53:55,574 [EndpointStateMachine task thread for /0.0.0.0:38947 - 0 ] INFO  ratis.XceiverServerRatis (XceiverServerRatis.java:start(481)) - Starting XceiverServerRatis 05b7ade2-c08f-4f72-be79-8d526602fcb9
2022-07-27 13:53:55,574 [EndpointStateMachine task thread for /0.0.0.0:38947 - 0 ] INFO  server.RaftServer (RaftServerProxy.java:lambda$start$6(382)) - 05b7ade2-c08f-4f72-be79-8d526602fcb9: start RPC server
2022-07-27 13:53:55,595 [EndpointStateMachine task thread for /0.0.0.0:38947 - 0 ] INFO  server.GrpcService (GrpcService.java:startImpl(260)) - 05b7ade2-c08f-4f72-be79-8d526602fcb9: GrpcService started, listening on 42545
2022-07-27 13:53:55,598 [EndpointStateMachine task thread for /0.0.0.0:38947 - 0 ] INFO  ratis.XceiverServerRatis (XceiverServerRatis.java:getRealPort(502)) - XceiverServerRatis 05b7ade2-c08f-4f72-be79-8d526602fcb9 is started using port 42545 for RATIS
2022-07-27 13:53:55,598 [EndpointStateMachine task thread for /0.0.0.0:38947 - 0 ] INFO  ratis.XceiverServerRatis (XceiverServerRatis.java:getRealPort(502)) - XceiverServerRatis 05b7ade2-c08f-4f72-be79-8d526602fcb9 is started using port 42545 for RATIS_ADMIN
2022-07-27 13:53:55,598 [EndpointStateMachine task thread for /0.0.0.0:38947 - 0 ] INFO  ratis.XceiverServerRatis (XceiverServerRatis.java:getRealPort(502)) - XceiverServerRatis 05b7ade2-c08f-4f72-be79-8d526602fcb9 is started using port 42545 for RATIS_SERVER
2022-07-27 13:53:55,598 [org.apache.ratis.util.JvmPauseMonitor$$Lambda$615/1136232276@3c7ad77] INFO  util.JvmPauseMonitor (JvmPauseMonitor.java:run(103)) - JvmPauseMonitor-05b7ade2-c08f-4f72-be79-8d526602fcb9: Started
2022-07-27 13:53:55,645 [EndpointStateMachine task thread for /0.0.0.0:38947 - 0 ] INFO  server.XceiverServerGrpc (XceiverServerGrpc.java:start(180)) - XceiverServerGrpc 05b7ade2-c08f-4f72-be79-8d526602fcb9 is started using port 42317
2022-07-27 13:53:55,710 [Listener at 127.0.0.1/41147] INFO  handler.ContextHandler (ContextHandler.java:doStart(915)) - Started o.e.j.w.WebAppContext@70032433{hddsDatanode,/,file:///tmp/jetty-0_0_0_0-34831-hdds-container-service-1_3_0-SNAPSHOT_jar-_-any-2377361909313205114/webapp/,AVAILABLE}{jar:file:/home/runner/.m2/repository/org/apache/ozone/hdds-container-service/1.3.0-SNAPSHOT/hdds-container-service-1.3.0-SNAPSHOT.jar!/webapps/hddsDatanode}
2022-07-27 13:53:55,721 [Listener at 127.0.0.1/41147] INFO  server.AbstractConnector (AbstractConnector.java:doStart(331)) - Started ServerConnector@43c61b3e{HTTP/1.1, (http/1.1)}{0.0.0.0:34831}
2022-07-27 13:53:55,721 [Listener at 127.0.0.1/41147] INFO  server.Server (Server.java:doStart(415)) - Started @301284ms
2022-07-27 13:53:55,721 [Listener at 127.0.0.1/41147] WARN  impl.MetricsSystemImpl (MetricsSystemImpl.java:register(279)) - Sink prometheus already exists!
2022-07-27 13:53:55,722 [Listener at 127.0.0.1/41147] INFO  http.BaseHttpServer (BaseHttpServer.java:updateConnectorAddress(329)) - HTTP server of hddsDatanode listening at http://0.0.0.0:34831
2022-07-27 13:53:55,724 [Listener at 127.0.0.1/41147] INFO  ozone.MiniOzoneClusterImpl (MiniOzoneClusterImpl.java:lambda$waitForClusterToBeReady$0(216)) - Waiting for nodes to be ready. Got 1 of 5 DN Heartbeats.
2022-07-27 13:53:55,724 [Listener at 127.0.0.1/41147] INFO  ozone.MiniOzoneClusterImpl (MiniOzoneClusterImpl.java:lambda$waitForClusterToBeReady$0(219)) - Waiting for cluster to exit safe mode
2022-07-27 13:53:55,724 [Listener at 127.0.0.1/41147] INFO  ozone.MiniOzoneClusterImpl (MiniOzoneClusterImpl.java:lambda$waitForClusterToBeReady$0(221)) - SCM became leader
2022-07-27 13:53:55,735 [Datanode State Machine Daemon Thread] INFO  statemachine.DatanodeStateMachine (DatanodeStateMachine.java:lambda$startDaemon$0(492)) - Ozone container server started.
2022-07-27 13:53:55,823 [org.apache.hadoop.util.JvmPauseMonitor$Monitor@16d8265e] INFO  util.JvmPauseMonitor (JvmPauseMonitor.java:run(188)) - Starting JVM pause monitor
2022-07-27 13:53:55,824 [Datanode State Machine Task Thread - 0] INFO  datanode.InitDatanodeState (InitDatanodeState.java:persistContainerDatanodeDetails(138)) - DatanodeDetails is persisted to /home/runner/work/ozone/ozone/hadoop-ozone/integration-test/target/test-dir/MiniOzoneClusterImpl-17d54aa6-bde1-4bf1-a713-29851100816b/datanode-4/meta/datanode.id
2022-07-27 13:53:56,441 [IPC Server handler 3 on default port 38947] INFO  net.NetworkTopologyImpl (NetworkTopologyImpl.java:add(112)) - Added a new node: /default-rack/d0f717e2-9042-4344-a562-88d1d040f01a
2022-07-27 13:53:56,441 [IPC Server handler 3 on default port 38947] INFO  node.SCMNodeManager (SCMNodeManager.java:register(397)) - Registered Data node : d0f717e2-9042-4344-a562-88d1d040f01a{ip: 10.1.0.21, host: fv-az217-261.5fhmivlnczbevhjmk01nzrxweh.bx.internal.cloudapp.net, ports: [REPLICATION=44553, RATIS=42759, RATIS_ADMIN=42759, RATIS_SERVER=42759, STANDALONE=36337], networkLocation: /default-rack, certSerialId: null, persistedOpState: null, persistedOpStateExpiryEpochSec: 0}
2022-07-27 13:53:56,441 [EventQueue-NewNodeForNewNodeHandler] INFO  pipeline.BackgroundPipelineCreator (BackgroundPipelineCreator.java:notifyEventTriggered(276)) - trigger a one-shot run on RatisPipelineUtilsThread.
2022-07-27 13:53:56,443 [RatisPipelineUtilsThread - 0] INFO  pipeline.RatisPipelineProvider (RatisPipelineProvider.java:lambda$create$0(195)) - Sending CreatePipelineCommand for pipeline:PipelineID=11bf9fd3-12d2-463f-a438-b983e570c814 to datanode:d0f717e2-9042-4344-a562-88d1d040f01a
2022-07-27 13:53:56,443 [RatisPipelineUtilsThread - 0] INFO  pipeline.PipelineStateManagerImpl (PipelineStateManagerImpl.java:addPipeline(103)) - Created pipeline Pipeline[ Id: 11bf9fd3-12d2-463f-a438-b983e570c814, Nodes: d0f717e2-9042-4344-a562-88d1d040f01a{ip: 10.1.0.21, host: fv-az217-261.5fhmivlnczbevhjmk01nzrxweh.bx.internal.cloudapp.net, ports: [REPLICATION=44553, RATIS=42759, RATIS_ADMIN=42759, RATIS_SERVER=42759, STANDALONE=36337], networkLocation: /default-rack, certSerialId: null, persistedOpState: IN_SERVICE, persistedOpStateExpiryEpochSec: 0}, ReplicationConfig: RATIS/ONE, State:ALLOCATED, leaderId:, CreationTimestamp2022-07-27T13:53:56.443Z[Etc/UTC]].
2022-07-27 13:53:56,444 [EventQueue-NodeRegistrationContainerReportForDataNodeSafeModeRule] INFO  safemode.SCMSafeModeManager (DataNodeSafeModeRule.java:process(71)) - SCM in safe mode. 2 DataNodes registered, 3 required.
2022-07-27 13:53:56,519 [EndpointStateMachine task thread for /0.0.0.0:38947 - 0 ] INFO  volume.HddsVolume (HddsVolume.java:createDbStore(309)) - SchemaV3 db is created and loaded at /home/runner/work/ozone/ozone/hadoop-ozone/integration-test/target/test-dir/MiniOzoneClusterImpl-17d54aa6-bde1-4bf1-a713-29851100816b/datanode-3/data-0/containers/hdds/17d54aa6-bde1-4bf1-a713-29851100816b/DS-f8373929-a10e-4ec0-b96b-9a27ed520b20/container.db for volume DS-f8373929-a10e-4ec0-b96b-9a27ed520b20
2022-07-27 13:53:56,520 [EndpointStateMachine task thread for /0.0.0.0:38947 - 0 ] INFO  volume.HddsVolume (HddsVolume.java:closeDbStore(340)) - SchemaV3 db is stopped at /home/runner/work/ozone/ozone/hadoop-ozone/integration-test/target/test-dir/MiniOzoneClusterImpl-17d54aa6-bde1-4bf1-a713-29851100816b/datanode-3/data-0/containers/hdds/17d54aa6-bde1-4bf1-a713-29851100816b/DS-f8373929-a10e-4ec0-b96b-9a27ed520b20/container.db for volume DS-f8373929-a10e-4ec0-b96b-9a27ed520b20
2022-07-27 13:53:56,520 [EndpointStateMachine task thread for /0.0.0.0:38947 - 0 ] INFO  ozoneimpl.OzoneContainer (OzoneContainer.java:start(377)) - Attempting to start container services.
2022-07-27 13:53:56,520 [EndpointStateMachine task thread for /0.0.0.0:38947 - 0 ] INFO  ozoneimpl.OzoneContainer (OzoneContainer.java:startContainerScrub(312)) - Background container scanner has been disabled.
2022-07-27 13:53:56,589 [EndpointStateMachine task thread for /0.0.0.0:38947 - 0 ] INFO  replication.ReplicationServer (ReplicationServer.java:start(111)) - ReplicationServer is started using port 36165
2022-07-27 13:53:56,599 [EndpointStateMachine task thread for /0.0.0.0:38947 - 0 ] INFO  ratis.XceiverServerRatis (XceiverServerRatis.java:start(481)) - Starting XceiverServerRatis ba0d50a6-d0a1-496f-95e2-eb0b08f08d74
2022-07-27 13:53:56,608 [EndpointStateMachine task thread for /0.0.0.0:38947 - 0 ] INFO  server.RaftServer (RaftServerProxy.java:lambda$start$6(382)) - ba0d50a6-d0a1-496f-95e2-eb0b08f08d74: start RPC server
2022-07-27 13:53:56,639 [EndpointStateMachine task thread for /0.0.0.0:38947 - 0 ] INFO  server.GrpcService (GrpcService.java:startImpl(260)) - ba0d50a6-d0a1-496f-95e2-eb0b08f08d74: GrpcService started, listening on 33003
2022-07-27 13:53:56,643 [EndpointStateMachine task thread for /0.0.0.0:38947 - 0 ] INFO  ratis.XceiverServerRatis (XceiverServerRatis.java:getRealPort(502)) - XceiverServerRatis ba0d50a6-d0a1-496f-95e2-eb0b08f08d74 is started using port 33003 for RATIS
2022-07-27 13:53:56,643 [EndpointStateMachine task thread for /0.0.0.0:38947 - 0 ] INFO  ratis.XceiverServerRatis (XceiverServerRatis.java:getRealPort(502)) - XceiverServerRatis ba0d50a6-d0a1-496f-95e2-eb0b08f08d74 is started using port 33003 for RATIS_ADMIN
2022-07-27 13:53:56,643 [EndpointStateMachine task thread for /0.0.0.0:38947 - 0 ] INFO  ratis.XceiverServerRatis (XceiverServerRatis.java:getRealPort(502)) - XceiverServerRatis ba0d50a6-d0a1-496f-95e2-eb0b08f08d74 is started using port 33003 for RATIS_SERVER
2022-07-27 13:53:56,643 [org.apache.ratis.util.JvmPauseMonitor$$Lambda$615/1136232276@76ff7300] INFO  util.JvmPauseMonitor (JvmPauseMonitor.java:run(103)) - JvmPauseMonitor-ba0d50a6-d0a1-496f-95e2-eb0b08f08d74: Started
2022-07-27 13:53:56,726 [Listener at 127.0.0.1/41147] INFO  ozone.MiniOzoneClusterImpl (MiniOzoneClusterImpl.java:lambda$waitForClusterToBeReady$0(216)) - Waiting for nodes to be ready. Got 2 of 5 DN Heartbeats.
2022-07-27 13:53:56,726 [Listener at 127.0.0.1/41147] INFO  ozone.MiniOzoneClusterImpl (MiniOzoneClusterImpl.java:lambda$waitForClusterToBeReady$0(219)) - Waiting for cluster to exit safe mode
2022-07-27 13:53:56,726 [Listener at 127.0.0.1/41147] INFO  ozone.MiniOzoneClusterImpl (MiniOzoneClusterImpl.java:lambda$waitForClusterToBeReady$0(221)) - SCM became leader
2022-07-27 13:53:56,731 [EndpointStateMachine task thread for /0.0.0.0:38947 - 0 ] INFO  server.XceiverServerGrpc (XceiverServerGrpc.java:start(180)) - XceiverServerGrpc ba0d50a6-d0a1-496f-95e2-eb0b08f08d74 is started using port 36987
2022-07-27 13:53:57,283 [IPC Server handler 1 on default port 38947] INFO  net.NetworkTopologyImpl (NetworkTopologyImpl.java:add(112)) - Added a new node: /default-rack/05b7ade2-c08f-4f72-be79-8d526602fcb9
2022-07-27 13:53:57,283 [IPC Server handler 1 on default port 38947] INFO  node.SCMNodeManager (SCMNodeManager.java:register(397)) - Registered Data node : 05b7ade2-c08f-4f72-be79-8d526602fcb9{ip: 10.1.0.21, host: fv-az217-261.5fhmivlnczbevhjmk01nzrxweh.bx.internal.cloudapp.net, ports: [REPLICATION=36621, RATIS=42545, RATIS_ADMIN=42545, RATIS_SERVER=42545, STANDALONE=42317], networkLocation: /default-rack, certSerialId: null, persistedOpState: null, persistedOpStateExpiryEpochSec: 0}
2022-07-27 13:53:57,284 [EventQueue-NewNodeForNewNodeHandler] INFO  pipeline.BackgroundPipelineCreator (BackgroundPipelineCreator.java:notifyEventTriggered(276)) - trigger a one-shot run on RatisPipelineUtilsThread.
2022-07-27 13:53:57,285 [EventQueue-NodeRegistrationContainerReportForDataNodeSafeModeRule] INFO  safemode.SCMSafeModeManager (DataNodeSafeModeRule.java:process(71)) - SCM in safe mode. 3 DataNodes registered, 3 required.
2022-07-27 13:53:57,285 [EventQueue-NodeRegistrationContainerReportForDataNodeSafeModeRule] INFO  safemode.SCMSafeModeManager (SCMSafeModeManager.java:validateSafeModeExitRules(204)) - DataNodeSafeModeRule rule is successfully validated
2022-07-27 13:53:57,285 [EventQueue-NodeRegistrationContainerReportForDataNodeSafeModeRule] INFO  safemode.SCMSafeModeManager (SCMSafeModeManager.java:completePreCheck(233)) - All SCM safe mode pre check rules have passed
2022-07-27 13:53:57,285 [EventQueue-NodeRegistrationContainerReportForDataNodeSafeModeRule] WARN  events.EventQueue (EventQueue.java:fireEvent(216)) - No event handler registered for event TypedEvent{payloadType=SafeModeStatus, name='Safe mode status'}
2022-07-27 13:53:57,285 [EventQueue-NodeRegistrationContainerReportForDataNodeSafeModeRule] INFO  ha.SCMContext (SCMContext.java:updateSafeModeStatus(228)) - Update SafeModeStatus from SafeModeStatus{safeModeStatus=true, preCheckPassed=false} to SafeModeStatus{safeModeStatus=true, preCheckPassed=true}.
2022-07-27 13:53:57,285 [EventQueue-NodeRegistrationContainerReportForDataNodeSafeModeRule] INFO  pipeline.BackgroundPipelineCreator (BackgroundPipelineCreator.java:notifyEventTriggered(276)) - trigger a one-shot run on RatisPipelineUtilsThread.
2022-07-27 13:53:57,300 [RatisPipelineUtilsThread - 0] INFO  pipeline.RatisPipelineProvider (RatisPipelineProvider.java:lambda$create$0(195)) - Sending CreatePipelineCommand for pipeline:PipelineID=edf86fc8-68fb-4ddd-9ac3-ec81ab38877f to datanode:05b7ade2-c08f-4f72-be79-8d526602fcb9
2022-07-27 13:53:57,301 [RatisPipelineUtilsThread - 0] INFO  pipeline.PipelineStateManagerImpl (PipelineStateManagerImpl.java:addPipeline(103)) - Created pipeline Pipeline[ Id: edf86fc8-68fb-4ddd-9ac3-ec81ab38877f, Nodes: 05b7ade2-c08f-4f72-be79-8d526602fcb9{ip: 10.1.0.21, host: fv-az217-261.5fhmivlnczbevhjmk01nzrxweh.bx.internal.cloudapp.net, ports: [REPLICATION=36621, RATIS=42545, RATIS_ADMIN=42545, RATIS_SERVER=42545, STANDALONE=42317], networkLocation: /default-rack, certSerialId: null, persistedOpState: IN_SERVICE, persistedOpStateExpiryEpochSec: 0}, ReplicationConfig: RATIS/ONE, State:ALLOCATED, leaderId:, CreationTimestamp2022-07-27T13:53:57.300Z[Etc/UTC]].
2022-07-27 13:53:57,301 [RatisPipelineUtilsThread - 0] INFO  pipeline.RatisPipelineProvider (RatisPipelineProvider.java:lambda$create$0(195)) - Sending CreatePipelineCommand for pipeline:PipelineID=60fe568d-13b2-43e4-a1e1-bbd1d7d7a8aa to datanode:d0f717e2-9042-4344-a562-88d1d040f01a
2022-07-27 13:53:57,301 [RatisPipelineUtilsThread - 0] INFO  pipeline.RatisPipelineProvider (RatisPipelineProvider.java:lambda$create$0(195)) - Sending CreatePipelineCommand for pipeline:PipelineID=60fe568d-13b2-43e4-a1e1-bbd1d7d7a8aa to datanode:34ea5659-743d-4920-98aa-921f1ee7ea0c
2022-07-27 13:53:57,301 [RatisPipelineUtilsThread - 0] INFO  pipeline.RatisPipelineProvider (RatisPipelineProvider.java:lambda$create$0(195)) - Sending CreatePipelineCommand for pipeline:PipelineID=60fe568d-13b2-43e4-a1e1-bbd1d7d7a8aa to datanode:05b7ade2-c08f-4f72-be79-8d526602fcb9
2022-07-27 13:53:57,301 [RatisPipelineUtilsThread - 0] INFO  pipeline.PipelineStateManagerImpl (PipelineStateManagerImpl.java:addPipeline(103)) - Created pipeline Pipeline[ Id: 60fe568d-13b2-43e4-a1e1-bbd1d7d7a8aa, Nodes: d0f717e2-9042-4344-a562-88d1d040f01a{ip: 10.1.0.21, host: fv-az217-261.5fhmivlnczbevhjmk01nzrxweh.bx.internal.cloudapp.net, ports: [REPLICATION=44553, RATIS=42759, RATIS_ADMIN=42759, RATIS_SERVER=42759, STANDALONE=36337], networkLocation: /default-rack, certSerialId: null, persistedOpState: IN_SERVICE, persistedOpStateExpiryEpochSec: 0}34ea5659-743d-4920-98aa-921f1ee7ea0c{ip: 10.1.0.21, host: fv-az217-261.5fhmivlnczbevhjmk01nzrxweh.bx.internal.cloudapp.net, ports: [REPLICATION=43137, RATIS=38521, RATIS_ADMIN=38521, RATIS_SERVER=38521, STANDALONE=35343], networkLocation: /default-rack, certSerialId: null, persistedOpState: IN_SERVICE, persistedOpStateExpiryEpochSec: 0}05b7ade2-c08f-4f72-be79-8d526602fcb9{ip: 10.1.0.21, host: fv-az217-261.5fhmivlnczbevhjmk01nzrxweh.bx.internal.cloudapp.net, ports: [REPLICATION=36621, RATIS=42545, RATIS_ADMIN=42545, RATIS_SERVER=42545, STANDALONE=42317], networkLocation: /default-rack, certSerialId: null, persistedOpState: IN_SERVICE, persistedOpStateExpiryEpochSec: 0}, ReplicationConfig: RATIS/THREE, State:ALLOCATED, leaderId:, CreationTimestamp2022-07-27T13:53:57.301Z[Etc/UTC]].
2022-07-27 13:53:57,302 [RatisPipelineUtilsThread - 0] INFO  pipeline.RatisPipelineProvider (RatisPipelineProvider.java:lambda$create$0(195)) - Sending CreatePipelineCommand for pipeline:PipelineID=28197697-54f3-4890-a94b-450f11538100 to datanode:34ea5659-743d-4920-98aa-921f1ee7ea0c
2022-07-27 13:53:57,302 [RatisPipelineUtilsThread - 0] INFO  pipeline.RatisPipelineProvider (RatisPipelineProvider.java:lambda$create$0(195)) - Sending CreatePipelineCommand for pipeline:PipelineID=28197697-54f3-4890-a94b-450f11538100 to datanode:05b7ade2-c08f-4f72-be79-8d526602fcb9
2022-07-27 13:53:57,302 [RatisPipelineUtilsThread - 0] INFO  pipeline.RatisPipelineProvider (RatisPipelineProvider.java:lambda$create$0(195)) - Sending CreatePipelineCommand for pipeline:PipelineID=28197697-54f3-4890-a94b-450f11538100 to datanode:d0f717e2-9042-4344-a562-88d1d040f01a
2022-07-27 13:53:57,302 [RatisPipelineUtilsThread - 0] INFO  pipeline.PipelineStateManagerImpl (PipelineStateManagerImpl.java:addPipeline(103)) - Created pipeline Pipeline[ Id: 28197697-54f3-4890-a94b-450f11538100, Nodes: 34ea5659-743d-4920-98aa-921f1ee7ea0c{ip: 10.1.0.21, host: fv-az217-261.5fhmivlnczbevhjmk01nzrxweh.bx.internal.cloudapp.net, ports: [REPLICATION=43137, RATIS=38521, RATIS_ADMIN=38521, RATIS_SERVER=38521, STANDALONE=35343], networkLocation: /default-rack, certSerialId: null, persistedOpState: IN_SERVICE, persistedOpStateExpiryEpochSec: 0}05b7ade2-c08f-4f72-be79-8d526602fcb9{ip: 10.1.0.21, host: fv-az217-261.5fhmivlnczbevhjmk01nzrxweh.bx.internal.cloudapp.net, ports: [REPLICATION=36621, RATIS=42545, RATIS_ADMIN=42545, RATIS_SERVER=42545, STANDALONE=42317], networkLocation: /default-rack, certSerialId: null, persistedOpState: IN_SERVICE, persistedOpStateExpiryEpochSec: 0}d0f717e2-9042-4344-a562-88d1d040f01a{ip: 10.1.0.21, host: fv-az217-261.5fhmivlnczbevhjmk01nzrxweh.bx.internal.cloudapp.net, ports: [REPLICATION=44553, RATIS=42759, RATIS_ADMIN=42759, RATIS_SERVER=42759, STANDALONE=36337], networkLocation: /default-rack, certSerialId: null, persistedOpState: IN_SERVICE, persistedOpStateExpiryEpochSec: 0}, ReplicationConfig: RATIS/THREE, State:ALLOCATED, leaderId:, CreationTimestamp2022-07-27T13:53:57.302Z[Etc/UTC]].
2022-07-27 13:53:57,302 [RatisPipelineUtilsThread - 0] INFO  pipeline.PipelineManagerImpl (PipelineManagerImpl.java:recordMetricsForPipeline(796)) - Pipeline: PipelineID=28197697-54f3-4890-a94b-450f11538100 contains same datanodes as previous pipelines: PipelineID=60fe568d-13b2-43e4-a1e1-bbd1d7d7a8aa nodeIds: 34ea5659-743d-4920-98aa-921f1ee7ea0c, 05b7ade2-c08f-4f72-be79-8d526602fcb9, d0f717e2-9042-4344-a562-88d1d040f01a
2022-07-27 13:53:57,573 [UnderReplicatedQueueThreadThread] INFO  replication.UnderReplicatedProcessor (UnderReplicatedProcessor.java:processAll(85)) - Processed 0 under replicated containers, failed processing 0
2022-07-27 13:53:57,574 [OverReplicatedQueueThreadThread] INFO  replication.OverReplicatedProcessor (OverReplicatedProcessor.java:processAll(83)) - Processed 0 over replicated containers, failed processing 0
2022-07-27 13:53:57,726 [Listener at 127.0.0.1/41147] INFO  ozone.MiniOzoneClusterImpl (MiniOzoneClusterImpl.java:lambda$waitForClusterToBeReady$0(216)) - Waiting for nodes to be ready. Got 3 of 5 DN Heartbeats.
2022-07-27 13:53:57,727 [Listener at 127.0.0.1/41147] INFO  ozone.MiniOzoneClusterImpl (MiniOzoneClusterImpl.java:lambda$waitForClusterToBeReady$0(219)) - Waiting for cluster to exit safe mode
2022-07-27 13:53:57,727 [Listener at 127.0.0.1/41147] INFO  ozone.MiniOzoneClusterImpl (MiniOzoneClusterImpl.java:lambda$waitForClusterToBeReady$0(221)) - SCM became leader
2022-07-27 13:53:57,918 [EndpointStateMachine task thread for /0.0.0.0:38947 - 0 ] INFO  volume.HddsVolume (HddsVolume.java:createDbStore(309)) - SchemaV3 db is created and loaded at /home/runner/work/ozone/ozone/hadoop-ozone/integration-test/target/test-dir/MiniOzoneClusterImpl-17d54aa6-bde1-4bf1-a713-29851100816b/datanode-4/data-0/containers/hdds/17d54aa6-bde1-4bf1-a713-29851100816b/DS-ecfb7660-2b92-403a-b3fb-a4e3ba84db87/container.db for volume DS-ecfb7660-2b92-403a-b3fb-a4e3ba84db87
2022-07-27 13:53:57,918 [EndpointStateMachine task thread for /0.0.0.0:38947 - 0 ] INFO  volume.HddsVolume (HddsVolume.java:closeDbStore(340)) - SchemaV3 db is stopped at /home/runner/work/ozone/ozone/hadoop-ozone/integration-test/target/test-dir/MiniOzoneClusterImpl-17d54aa6-bde1-4bf1-a713-29851100816b/datanode-4/data-0/containers/hdds/17d54aa6-bde1-4bf1-a713-29851100816b/DS-ecfb7660-2b92-403a-b3fb-a4e3ba84db87/container.db for volume DS-ecfb7660-2b92-403a-b3fb-a4e3ba84db87
2022-07-27 13:53:57,918 [EndpointStateMachine task thread for /0.0.0.0:38947 - 0 ] INFO  ozoneimpl.OzoneContainer (OzoneContainer.java:start(377)) - Attempting to start container services.
2022-07-27 13:53:57,918 [EndpointStateMachine task thread for /0.0.0.0:38947 - 0 ] INFO  ozoneimpl.OzoneContainer (OzoneContainer.java:startContainerScrub(312)) - Background container scanner has been disabled.
2022-07-27 13:53:57,977 [EndpointStateMachine task thread for /0.0.0.0:38947 - 0 ] INFO  replication.ReplicationServer (ReplicationServer.java:start(111)) - ReplicationServer is started using port 43871
2022-07-27 13:53:58,047 [EndpointStateMachine task thread for /0.0.0.0:38947 - 0 ] INFO  ratis.XceiverServerRatis (XceiverServerRatis.java:start(481)) - Starting XceiverServerRatis e553176d-d5e6-48b0-ac0f-e41e398e3d2d
2022-07-27 13:53:58,051 [EndpointStateMachine task thread for /0.0.0.0:38947 - 0 ] INFO  server.RaftServer (RaftServerProxy.java:lambda$start$6(382)) - e553176d-d5e6-48b0-ac0f-e41e398e3d2d: start RPC server
2022-07-27 13:53:58,152 [EndpointStateMachine task thread for /0.0.0.0:38947 - 0 ] INFO  server.GrpcService (GrpcService.java:startImpl(260)) - e553176d-d5e6-48b0-ac0f-e41e398e3d2d: GrpcService started, listening on 44875
2022-07-27 13:53:58,163 [EndpointStateMachine task thread for /0.0.0.0:38947 - 0 ] INFO  ratis.XceiverServerRatis (XceiverServerRatis.java:getRealPort(502)) - XceiverServerRatis e553176d-d5e6-48b0-ac0f-e41e398e3d2d is started using port 44875 for RATIS
2022-07-27 13:53:58,163 [EndpointStateMachine task thread for /0.0.0.0:38947 - 0 ] INFO  ratis.XceiverServerRatis (XceiverServerRatis.java:getRealPort(502)) - XceiverServerRatis e553176d-d5e6-48b0-ac0f-e41e398e3d2d is started using port 44875 for RATIS_ADMIN
2022-07-27 13:53:58,163 [EndpointStateMachine task thread for /0.0.0.0:38947 - 0 ] INFO  ratis.XceiverServerRatis (XceiverServerRatis.java:getRealPort(502)) - XceiverServerRatis e553176d-d5e6-48b0-ac0f-e41e398e3d2d is started using port 44875 for RATIS_SERVER
2022-07-27 13:53:58,163 [org.apache.ratis.util.JvmPauseMonitor$$Lambda$615/1136232276@5dcc07e7] INFO  util.JvmPauseMonitor (JvmPauseMonitor.java:run(103)) - JvmPauseMonitor-e553176d-d5e6-48b0-ac0f-e41e398e3d2d: Started
2022-07-27 13:53:58,274 [EndpointStateMachine task thread for /0.0.0.0:38947 - 0 ] INFO  server.XceiverServerGrpc (XceiverServerGrpc.java:start(180)) - XceiverServerGrpc e553176d-d5e6-48b0-ac0f-e41e398e3d2d is started using port 34037
2022-07-27 13:53:58,411 [IPC Server handler 0 on default port 38947] INFO  net.NetworkTopologyImpl (NetworkTopologyImpl.java:add(112)) - Added a new node: /default-rack/ba0d50a6-d0a1-496f-95e2-eb0b08f08d74
2022-07-27 13:53:58,412 [IPC Server handler 0 on default port 38947] INFO  node.SCMNodeManager (SCMNodeManager.java:register(397)) - Registered Data node : ba0d50a6-d0a1-496f-95e2-eb0b08f08d74{ip: 10.1.0.21, host: fv-az217-261.5fhmivlnczbevhjmk01nzrxweh.bx.internal.cloudapp.net, ports: [REPLICATION=36165, RATIS=33003, RATIS_ADMIN=33003, RATIS_SERVER=33003, STANDALONE=36987], networkLocation: /default-rack, certSerialId: null, persistedOpState: null, persistedOpStateExpiryEpochSec: 0}
2022-07-27 13:53:58,412 [EventQueue-NewNodeForNewNodeHandler] INFO  pipeline.BackgroundPipelineCreator (BackgroundPipelineCreator.java:notifyEventTriggered(276)) - trigger a one-shot run on RatisPipelineUtilsThread.
2022-07-27 13:53:58,415 [RatisPipelineUtilsThread - 0] INFO  pipeline.RatisPipelineProvider (RatisPipelineProvider.java:lambda$create$0(195)) - Sending CreatePipelineCommand for pipeline:PipelineID=eadd8cac-5d80-401d-a2d4-ad46d8b09596 to datanode:ba0d50a6-d0a1-496f-95e2-eb0b08f08d74
2022-07-27 13:53:58,416 [RatisPipelineUtilsThread - 0] INFO  pipeline.PipelineStateManagerImpl (PipelineStateManagerImpl.java:addPipeline(103)) - Created pipeline Pipeline[ Id: eadd8cac-5d80-401d-a2d4-ad46d8b09596, Nodes: ba0d50a6-d0a1-496f-95e2-eb0b08f08d74{ip: 10.1.0.21, host: fv-az217-261.5fhmivlnczbevhjmk01nzrxweh.bx.internal.cloudapp.net, ports: [REPLICATION=36165, RATIS=33003, RATIS_ADMIN=33003, RATIS_SERVER=33003, STANDALONE=36987], networkLocation: /default-rack, certSerialId: null, persistedOpState: IN_SERVICE, persistedOpStateExpiryEpochSec: 0}, ReplicationConfig: RATIS/ONE, State:ALLOCATED, leaderId:, CreationTimestamp2022-07-27T13:53:58.415Z[Etc/UTC]].
2022-07-27 13:53:58,516 [Command processor thread] INFO  server.RaftServer (RaftServerProxy.java:addNew(96)) - 34ea5659-743d-4920-98aa-921f1ee7ea0c: addNew group-C08FB00D914C:[34ea5659-743d-4920-98aa-921f1ee7ea0c|rpc:10.1.0.21:38521|priority:1] returns group-C08FB00D914C:java.util.concurrent.CompletableFuture@54378b6a[Not completed]
2022-07-27 13:53:58,517 [pool-1135-thread-1] INFO  server.RaftServer$Division (RaftServerImpl.java:<init>(190)) - 34ea5659-743d-4920-98aa-921f1ee7ea0c: new RaftServerImpl for group-C08FB00D914C:[34ea5659-743d-4920-98aa-921f1ee7ea0c|rpc:10.1.0.21:38521|priority:1] with ContainerStateMachine:uninitialized
2022-07-27 13:53:58,517 [pool-1135-thread-1] INFO  server.RaftServerConfigKeys (ConfUtils.java:logGet(46)) - raft.server.rpc.timeout.min = 5s (custom)
2022-07-27 13:53:58,517 [pool-1135-thread-1] INFO  server.RaftServerConfigKeys (ConfUtils.java:logGet(46)) - raft.server.rpc.timeout.max = 5200ms (custom)
2022-07-27 13:53:58,517 [pool-1135-thread-1] INFO  server.RaftServerConfigKeys (ConfUtils.java:logGet(46)) - raft.server.rpc.sleep.time = 25ms (default)
2022-07-27 13:53:58,517 [pool-1135-thread-1] INFO  server.RaftServerConfigKeys (ConfUtils.java:logGet(46)) - raft.server.rpc.slowness.timeout = 300s (custom)
2022-07-27 13:53:58,517 [pool-1135-thread-1] INFO  server.RaftServerConfigKeys (ConfUtils.java:logGet(46)) - raft.server.leaderelection.leader.step-down.wait-time = 10s (default)
2022-07-27 13:53:58,517 [pool-1135-thread-1] INFO  server.RaftServerConfigKeys (ConfUtils.java:logGet(46)) - raft.server.sleep.deviation.threshold = 300ms (default)
2022-07-27 13:53:58,517 [pool-1135-thread-1] INFO  server.RaftServer$Division (ServerState.java:<init>(107)) - 34ea5659-743d-4920-98aa-921f1ee7ea0c@group-C08FB00D914C: ConfigurationManager, init=-1: [34ea5659-743d-4920-98aa-921f1ee7ea0c|rpc:10.1.0.21:38521|priority:1], old=null, confs=<EMPTY_MAP>
2022-07-27 13:53:58,517 [pool-1135-thread-1] INFO  server.RaftServerConfigKeys (ConfUtils.java:logGet(46)) - raft.server.storage.dir = [/home/runner/work/ozone/ozone/hadoop-ozone/integration-test/target/test-dir/MiniOzoneClusterImpl-17d54aa6-bde1-4bf1-a713-29851100816b/datanode-0/data/ratis] (custom)
2022-07-27 13:53:58,518 [pool-1135-thread-1] INFO  server.RaftServerConfigKeys (ConfUtils.java:logGet(46)) - raft.server.log.corruption.policy = EXCEPTION (default)
2022-07-27 13:53:58,518 [pool-1135-thread-1] INFO  server.RaftServerConfigKeys (ConfUtils.java:logGet(46)) - raft.server.storage.free-space.min = 0MB (=0) (default)
2022-07-27 13:53:58,518 [pool-1135-thread-1] INFO  storage.RaftStorageDirectory (RaftStorageDirectoryImpl.java:analyzeStorage(135)) - The storage directory /home/runner/work/ozone/ozone/hadoop-ozone/integration-test/target/test-dir/MiniOzoneClusterImpl-17d54aa6-bde1-4bf1-a713-29851100816b/datanode-0/data/ratis/40cda0d3-9c4f-44f3-97dc-c08fb00d914c does not exist. Creating ...
2022-07-27 13:53:58,550 [pool-1135-thread-1] INFO  storage.RaftStorageDirectory (RaftStorageDirectoryImpl.java:tryLock(230)) - Lock on /home/runner/work/ozone/ozone/hadoop-ozone/integration-test/target/test-dir/MiniOzoneClusterImpl-17d54aa6-bde1-4bf1-a713-29851100816b/datanode-0/data/ratis/40cda0d3-9c4f-44f3-97dc-c08fb00d914c/in_use.lock acquired by nodename 11093@fv-az217-261
2022-07-27 13:53:58,556 [pool-1135-thread-1] INFO  storage.RaftStorage (RaftStorageImpl.java:format(89)) - Storage directory /home/runner/work/ozone/ozone/hadoop-ozone/integration-test/target/test-dir/MiniOzoneClusterImpl-17d54aa6-bde1-4bf1-a713-29851100816b/datanode-0/data/ratis/40cda0d3-9c4f-44f3-97dc-c08fb00d914c has been successfully formatted.
2022-07-27 13:53:58,586 [pool-1135-thread-1] INFO  ratis.ContainerStateMachine (ContainerStateMachine.java:loadSnapshot(236)) - group-C08FB00D914C: The snapshot info is null. Setting the last applied indexto:(t:0, i:~)
2022-07-27 13:53:58,586 [pool-1135-thread-1] INFO  server.RaftServerConfigKeys (ConfUtils.java:logGet(46)) - raft.server.notification.no-leader.timeout = 300s (custom)
2022-07-27 13:53:58,586 [pool-1135-thread-1] INFO  server.RaftServerConfigKeys (ConfUtils.java:logGet(46)) - raft.server.log.use.memory = false (default)
2022-07-27 13:53:58,586 [pool-1135-thread-1] INFO  server.RaftServerConfigKeys (ConfUtils.java:logGet(46)) - raft.server.log.purge.gap = 1000000 (custom)
2022-07-27 13:53:58,586 [pool-1135-thread-1] INFO  server.RaftServerConfigKeys (ConfUtils.java:logGet(46)) - raft.server.log.appender.buffer.byte-limit = 33554432 (custom)
2022-07-27 13:53:58,586 [pool-1135-thread-1] INFO  server.RaftServerConfigKeys (ConfUtils.java:logGet(46)) - raft.server.log.statemachine.data.read.timeout = 1000ms (default)
2022-07-27 13:53:58,587 [pool-1135-thread-1] INFO  server.RaftServerConfigKeys (ConfUtils.java:logGet(46)) - raft.server.log.segment.size.max = 1048576 (custom)
2022-07-27 13:53:58,588 [EventQueue-PipelineReportForPipelineReportHandler] INFO  pipeline.PipelineManagerImpl (PipelineManagerImpl.java:openPipeline(367)) - Pipeline Pipeline[ Id: 40cda0d3-9c4f-44f3-97dc-c08fb00d914c, Nodes: 34ea5659-743d-4920-98aa-921f1ee7ea0c{ip: 10.1.0.21, host: fv-az217-261.5fhmivlnczbevhjmk01nzrxweh.bx.internal.cloudapp.net, ports: [REPLICATION=43137, RATIS=38521, RATIS_ADMIN=38521, RATIS_SERVER=38521, STANDALONE=35343], networkLocation: /default-rack, certSerialId: null, persistedOpState: IN_SERVICE, persistedOpStateExpiryEpochSec: 0}, ReplicationConfig: RATIS/ONE, State:ALLOCATED, leaderId:34ea5659-743d-4920-98aa-921f1ee7ea0c, CreationTimestamp2022-07-27T13:53:55.541Z[Etc/UTC]] moved to OPEN state
2022-07-27 13:53:58,605 [pool-1135-thread-1] INFO  server.RaftServerConfigKeys (ConfUtils.java:logGet(46)) - raft.server.log.segment.cache.num.max = 2 (custom)
2022-07-27 13:53:58,605 [pool-1135-thread-1] INFO  server.RaftServerConfigKeys (ConfUtils.java:logGet(46)) - raft.server.log.segment.cache.size.max = 200MB (=209715200) (default)
2022-07-27 13:53:58,605 [pool-1135-thread-1] INFO  segmented.SegmentedRaftLogWorker (SegmentedRaftLogWorker.java:<init>(187)) - new 34ea5659-743d-4920-98aa-921f1ee7ea0c@group-C08FB00D914C-SegmentedRaftLogWorker for RaftStorageImpl:Storage Directory /home/runner/work/ozone/ozone/hadoop-ozone/integration-test/target/test-dir/MiniOzoneClusterImpl-17d54aa6-bde1-4bf1-a713-29851100816b/datanode-0/data/ratis/40cda0d3-9c4f-44f3-97dc-c08fb00d914c
2022-07-27 13:53:58,605 [pool-1135-thread-1] INFO  server.RaftServerConfigKeys (ConfUtils.java:logGet(46)) - raft.server.log.queue.byte-limit = 4294967296 (custom)
2022-07-27 13:53:58,605 [pool-1135-thread-1] INFO  server.RaftServerConfigKeys (ConfUtils.java:logGet(46)) - raft.server.log.queue.element-limit = 1024 (custom)
2022-07-27 13:53:58,605 [pool-1135-thread-1] INFO  server.RaftServerConfigKeys (ConfUtils.java:logGet(46)) - raft.server.log.segment.size.max = 1048576 (custom)
2022-07-27 13:53:58,605 [pool-1135-thread-1] INFO  server.RaftServerConfigKeys (ConfUtils.java:logGet(46)) - raft.server.log.preallocated.size = 16384 (custom)
2022-07-27 13:53:58,605 [pool-1135-thread-1] INFO  server.RaftServerConfigKeys (ConfUtils.java:logGet(46)) - raft.server.log.force.sync.num = 128 (default)
2022-07-27 13:53:58,605 [pool-1135-thread-1] INFO  server.RaftServerConfigKeys (ConfUtils.java:logGet(46)) - raft.server.log.statemachine.data.sync = true (default)
2022-07-27 13:53:58,605 [pool-1135-thread-1] INFO  server.RaftServerConfigKeys (ConfUtils.java:logGet(46)) - raft.server.log.statemachine.data.sync.timeout = 10s (default)
2022-07-27 13:53:58,606 [pool-1135-thread-1] INFO  server.RaftServerConfigKeys (ConfUtils.java:logGet(46)) - raft.server.log.statemachine.data.sync.timeout.retry = -1 (default)
2022-07-27 13:53:58,607 [pool-1135-thread-1] INFO  server.RaftServerConfigKeys (ConfUtils.java:logGet(46)) - raft.server.log.write.buffer.size = 1048576 (custom)
2022-07-27 13:53:58,627 [EventQueue-OpenPipelineForHealthyPipelineSafeModeRule] INFO  safemode.SCMSafeModeManager (HealthyPipelineSafeModeRule.java:process(137)) - SCM in safe mode. Healthy pipelines reported count is 0, required healthy pipeline reported count is 1
2022-07-27 13:53:58,641 [pool-1135-thread-1] INFO  server.RaftServerConfigKeys (ConfUtils.java:logGet(46)) - raft.server.log.unsafe-flush.enabled = false (default)
2022-07-27 13:53:58,641 [pool-1135-thread-1] INFO  server.RaftServerConfigKeys (ConfUtils.java:logGet(46)) - raft.server.log.statemachine.data.caching.enabled = true (custom)
2022-07-27 13:53:58,641 [pool-1135-thread-1] INFO  segmented.SegmentedRaftLogWorker (SegmentedRaftLogWorker.java:lambda$new$0(135)) - 34ea5659-743d-4920-98aa-921f1ee7ea0c@group-C08FB00D914C-SegmentedRaftLogWorker: flushIndex: setUnconditionally 0 -> -1
2022-07-27 13:53:58,641 [pool-1135-thread-1] INFO  segmented.SegmentedRaftLogWorker (SegmentedRaftLogWorker.java:lambda$new$0(135)) - 34ea5659-743d-4920-98aa-921f1ee7ea0c@group-C08FB00D914C-SegmentedRaftLogWorker: safeCacheEvictIndex: setUnconditionally 0 -> -1
2022-07-27 13:53:58,647 [pool-1135-thread-1] INFO  server.RaftServerConfigKeys (ConfUtils.java:logGet(46)) - raft.server.snapshot.auto.trigger.enabled = true (custom)
2022-07-27 13:53:58,647 [pool-1135-thread-1] INFO  server.RaftServerConfigKeys (ConfUtils.java:logGet(46)) - raft.server.snapshot.auto.trigger.threshold = 10000 (custom)
2022-07-27 13:53:58,647 [pool-1135-thread-1] INFO  server.RaftServerConfigKeys (ConfUtils.java:logGet(46)) - raft.server.snapshot.retention.file.num = 5 (custom)
2022-07-27 13:53:58,647 [pool-1135-thread-1] INFO  server.RaftServerConfigKeys (ConfUtils.java:logGet(46)) - raft.server.log.purge.upto.snapshot.index = false (default)
2022-07-27 13:53:58,647 [pool-1135-thread-1] INFO  server.RaftServerConfigKeys (ConfUtils.java:logGet(46)) - raft.server.retrycache.expirytime = 600000ms (custom)
2022-07-27 13:53:58,647 [pool-1135-thread-1] INFO  server.RaftServerConfigKeys (ConfUtils.java:logGet(46)) - raft.server.retrycache.statistics.expirytime = 100μs (default)
2022-07-27 13:53:58,649 [pool-1135-thread-1] INFO  server.RaftServerConfigKeys (ConfUtils.java:logGet(46)) - raft.server.log.appender.install.snapshot.enabled = false (custom)
2022-07-27 13:53:58,649 [pool-1135-thread-1] INFO  server.RaftServerConfigKeys (ConfUtils.java:logGet(46)) - raft.server.threadpool.server.cached = true (default)
2022-07-27 13:53:58,649 [pool-1135-thread-1] INFO  server.RaftServerConfigKeys (ConfUtils.java:logGet(46)) - raft.server.threadpool.server.size = 0 (default)
2022-07-27 13:53:58,649 [pool-1135-thread-1] INFO  server.RaftServerConfigKeys (ConfUtils.java:logGet(46)) - raft.server.threadpool.client.cached = true (default)
2022-07-27 13:53:58,649 [pool-1135-thread-1] INFO  server.RaftServerConfigKeys (ConfUtils.java:logGet(46)) - raft.server.threadpool.client.size = 0 (default)
2022-07-27 13:53:58,649 [pool-1135-thread-1] INFO  server.RaftServer$Division (RaftServerImpl.java:start(310)) - 34ea5659-743d-4920-98aa-921f1ee7ea0c@group-C08FB00D914C: start as a follower, conf=-1: [34ea5659-743d-4920-98aa-921f1ee7ea0c|rpc:10.1.0.21:38521|priority:1], old=null
2022-07-27 13:53:58,649 [pool-1135-thread-1] INFO  server.RaftServer$Division (RaftServerImpl.java:setRole(299)) - 34ea5659-743d-4920-98aa-921f1ee7ea0c@group-C08FB00D914C: changes role from      null to FOLLOWER at term 0 for startAsFollower
2022-07-27 13:53:58,649 [pool-1135-thread-1] INFO  impl.RoleInfo (RoleInfo.java:updateAndGet(139)) - 34ea5659-743d-4920-98aa-921f1ee7ea0c: start 34ea5659-743d-4920-98aa-921f1ee7ea0c@group-C08FB00D914C-FollowerState
2022-07-27 13:53:58,655 [pool-1135-thread-1] INFO  util.JmxRegister (JmxRegister.java:tryRegister(44)) - Successfully registered JMX Bean with object name Ratis:service=RaftServer,group=group-C08FB00D914C,id=34ea5659-743d-4920-98aa-921f1ee7ea0c
2022-07-27 13:53:58,661 [Command processor thread] INFO  ratis.XceiverServerRatis (XceiverServerRatis.java:addGroup(765)) - Created group PipelineID=40cda0d3-9c4f-44f3-97dc-c08fb00d914c
2022-07-27 13:53:58,661 [Command processor thread] INFO  commandhandler.CreatePipelineCommandHandler (CreatePipelineCommandHandler.java:handle(113)) - Created Pipeline RATIS ONE PipelineID=40cda0d3-9c4f-44f3-97dc-c08fb00d914c.
2022-07-27 13:53:58,661 [Command processor thread] INFO  server.RaftServer (RaftServerProxy.java:addNew(96)) - 34ea5659-743d-4920-98aa-921f1ee7ea0c: addNew group-BBD1D7D7A8AA:[05b7ade2-c08f-4f72-be79-8d526602fcb9|rpc:10.1.0.21:42545|priority:0, 34ea5659-743d-4920-98aa-921f1ee7ea0c|rpc:10.1.0.21:38521|priority:1, d0f717e2-9042-4344-a562-88d1d040f01a|rpc:10.1.0.21:42759|priority:0] returns group-BBD1D7D7A8AA:java.util.concurrent.CompletableFuture@50080534[Not completed]
2022-07-27 13:53:58,663 [pool-1135-thread-1] INFO  server.RaftServer$Division (RaftServerImpl.java:<init>(190)) - 34ea5659-743d-4920-98aa-921f1ee7ea0c: new RaftServerImpl for group-BBD1D7D7A8AA:[05b7ade2-c08f-4f72-be79-8d526602fcb9|rpc:10.1.0.21:42545|priority:0, 34ea5659-743d-4920-98aa-921f1ee7ea0c|rpc:10.1.0.21:38521|priority:1, d0f717e2-9042-4344-a562-88d1d040f01a|rpc:10.1.0.21:42759|priority:0] with ContainerStateMachine:uninitialized
2022-07-27 13:53:58,664 [pool-1135-thread-1] INFO  server.RaftServerConfigKeys (ConfUtils.java:logGet(46)) - raft.server.rpc.timeout.min = 5s (custom)
2022-07-27 13:53:58,664 [pool-1135-thread-1] INFO  server.RaftServerConfigKeys (ConfUtils.java:logGet(46)) - raft.server.rpc.timeout.max = 5200ms (custom)
2022-07-27 13:53:58,664 [pool-1135-thread-1] INFO  server.RaftServerConfigKeys (ConfUtils.java:logGet(46)) - raft.server.rpc.sleep.time = 25ms (default)
2022-07-27 13:53:58,664 [pool-1135-thread-1] INFO  server.RaftServerConfigKeys (ConfUtils.java:logGet(46)) - raft.server.rpc.slowness.timeout = 300s (custom)
2022-07-27 13:53:58,664 [pool-1135-thread-1] INFO  server.RaftServerConfigKeys (ConfUtils.java:logGet(46)) - raft.server.leaderelection.leader.step-down.wait-time = 10s (default)
2022-07-27 13:53:58,664 [pool-1135-thread-1] INFO  server.RaftServerConfigKeys (ConfUtils.java:logGet(46)) - raft.server.sleep.deviation.threshold = 300ms (default)
2022-07-27 13:53:58,664 [pool-1135-thread-1] INFO  server.RaftServer$Division (ServerState.java:<init>(107)) - 34ea5659-743d-4920-98aa-921f1ee7ea0c@group-BBD1D7D7A8AA: ConfigurationManager, init=-1: [05b7ade2-c08f-4f72-be79-8d526602fcb9|rpc:10.1.0.21:42545|priority:0, 34ea5659-743d-4920-98aa-921f1ee7ea0c|rpc:10.1.0.21:38521|priority:1, d0f717e2-9042-4344-a562-88d1d040f01a|rpc:10.1.0.21:42759|priority:0], old=null, confs=<EMPTY_MAP>
2022-07-27 13:53:58,664 [pool-1135-thread-1] INFO  server.RaftServerConfigKeys (ConfUtils.java:logGet(46)) - raft.server.storage.dir = [/home/runner/work/ozone/ozone/hadoop-ozone/integration-test/target/test-dir/MiniOzoneClusterImpl-17d54aa6-bde1-4bf1-a713-29851100816b/datanode-0/data/ratis] (custom)
2022-07-27 13:53:58,664 [pool-1135-thread-1] INFO  server.RaftServerConfigKeys (ConfUtils.java:logGet(46)) - raft.server.log.corruption.policy = EXCEPTION (default)
2022-07-27 13:53:58,664 [pool-1135-thread-1] INFO  server.RaftServerConfigKeys (ConfUtils.java:logGet(46)) - raft.server.storage.free-space.min = 0MB (=0) (default)
2022-07-27 13:53:58,664 [pool-1135-thread-1] INFO  storage.RaftStorageDirectory (RaftStorageDirectoryImpl.java:analyzeStorage(135)) - The storage directory /home/runner/work/ozone/ozone/hadoop-ozone/integration-test/target/test-dir/MiniOzoneClusterImpl-17d54aa6-bde1-4bf1-a713-29851100816b/datanode-0/data/ratis/60fe568d-13b2-43e4-a1e1-bbd1d7d7a8aa does not exist. Creating ...
2022-07-27 13:53:58,667 [pool-1135-thread-1] INFO  storage.RaftStorageDirectory (RaftStorageDirectoryImpl.java:tryLock(230)) - Lock on /home/runner/work/ozone/ozone/hadoop-ozone/integration-test/target/test-dir/MiniOzoneClusterImpl-17d54aa6-bde1-4bf1-a713-29851100816b/datanode-0/data/ratis/60fe568d-13b2-43e4-a1e1-bbd1d7d7a8aa/in_use.lock acquired by nodename 11093@fv-az217-261
2022-07-27 13:53:58,668 [pool-1135-thread-1] INFO  storage.RaftStorage (RaftStorageImpl.java:format(89)) - Storage directory /home/runner/work/ozone/ozone/hadoop-ozone/integration-test/target/test-dir/MiniOzoneClusterImpl-17d54aa6-bde1-4bf1-a713-29851100816b/datanode-0/data/ratis/60fe568d-13b2-43e4-a1e1-bbd1d7d7a8aa has been successfully formatted.
2022-07-27 13:53:58,668 [pool-1135-thread-1] INFO  ratis.ContainerStateMachine (ContainerStateMachine.java:loadSnapshot(236)) - group-BBD1D7D7A8AA: The snapshot info is null. Setting the last applied indexto:(t:0, i:~)
2022-07-27 13:53:58,668 [pool-1135-thread-1] INFO  server.RaftServerConfigKeys (ConfUtils.java:logGet(46)) - raft.server.notification.no-leader.timeout = 300s (custom)
2022-07-27 13:53:58,669 [pool-1135-thread-1] INFO  server.RaftServerConfigKeys (ConfUtils.java:logGet(46)) - raft.server.log.use.memory = false (default)
2022-07-27 13:53:58,669 [pool-1135-thread-1] INFO  server.RaftServerConfigKeys (ConfUtils.java:logGet(46)) - raft.server.log.purge.gap = 1000000 (custom)
2022-07-27 13:53:58,669 [pool-1135-thread-1] INFO  server.RaftServerConfigKeys (ConfUtils.java:logGet(46)) - raft.server.log.appender.buffer.byte-limit = 33554432 (custom)
2022-07-27 13:53:58,669 [pool-1135-thread-1] INFO  server.RaftServerConfigKeys (ConfUtils.java:logGet(46)) - raft.server.log.statemachine.data.read.timeout = 1000ms (default)
2022-07-27 13:53:58,669 [EventQueue-OpenPipelineForHealthyPipelineSafeModeRule] INFO  safemode.SCMSafeModeManager (HealthyPipelineSafeModeRule.java:process(137)) - SCM in safe mode. Healthy pipelines reported count is 0, required healthy pipeline reported count is 1
2022-07-27 13:53:58,669 [pool-1135-thread-1] INFO  server.RaftServerConfigKeys (ConfUtils.java:logGet(46)) - raft.server.log.segment.size.max = 1048576 (custom)
2022-07-27 13:53:58,669 [pool-1135-thread-1] INFO  server.RaftServerConfigKeys (ConfUtils.java:logGet(46)) - raft.server.log.segment.cache.num.max = 2 (custom)
2022-07-27 13:53:58,669 [pool-1135-thread-1] INFO  server.RaftServerConfigKeys (ConfUtils.java:logGet(46)) - raft.server.log.segment.cache.size.max = 200MB (=209715200) (default)
2022-07-27 13:53:58,670 [pool-1135-thread-1] INFO  segmented.SegmentedRaftLogWorker (SegmentedRaftLogWorker.java:<init>(187)) - new 34ea5659-743d-4920-98aa-921f1ee7ea0c@group-BBD1D7D7A8AA-SegmentedRaftLogWorker for RaftStorageImpl:Storage Directory /home/runner/work/ozone/ozone/hadoop-ozone/integration-test/target/test-dir/MiniOzoneClusterImpl-17d54aa6-bde1-4bf1-a713-29851100816b/datanode-0/data/ratis/60fe568d-13b2-43e4-a1e1-bbd1d7d7a8aa
2022-07-27 13:53:58,670 [pool-1135-thread-1] INFO  server.RaftServerConfigKeys (ConfUtils.java:logGet(46)) - raft.server.log.queue.byte-limit = 4294967296 (custom)
2022-07-27 13:53:58,670 [pool-1135-thread-1] INFO  server.RaftServerConfigKeys (ConfUtils.java:logGet(46)) - raft.server.log.queue.element-limit = 1024 (custom)
2022-07-27 13:53:58,670 [pool-1135-thread-1] INFO  server.RaftServerConfigKeys (ConfUtils.java:logGet(46)) - raft.server.log.segment.size.max = 1048576 (custom)
2022-07-27 13:53:58,670 [pool-1135-thread-1] INFO  server.RaftServerConfigKeys (ConfUtils.java:logGet(46)) - raft.server.log.preallocated.size = 16384 (custom)
2022-07-27 13:53:58,670 [pool-1135-thread-1] INFO  server.RaftServerConfigKeys (ConfUtils.java:logGet(46)) - raft.server.log.force.sync.num = 128 (default)
2022-07-27 13:53:58,670 [pool-1135-thread-1] INFO  server.RaftServerConfigKeys (ConfUtils.java:logGet(46)) - raft.server.log.statemachine.data.sync = true (default)
2022-07-27 13:53:58,670 [pool-1135-thread-1] INFO  server.RaftServerConfigKeys (ConfUtils.java:logGet(46)) - raft.server.log.statemachine.data.sync.timeout = 10s (default)
2022-07-27 13:53:58,670 [pool-1135-thread-1] INFO  server.RaftServerConfigKeys (ConfUtils.java:logGet(46)) - raft.server.log.statemachine.data.sync.timeout.retry = -1 (default)
2022-07-27 13:53:58,671 [pool-1135-thread-1] INFO  server.RaftServerConfigKeys (ConfUtils.java:logGet(46)) - raft.server.log.write.buffer.size = 1048576 (custom)
2022-07-27 13:53:58,671 [pool-1135-thread-1] INFO  server.RaftServerConfigKeys (ConfUtils.java:logGet(46)) - raft.server.log.unsafe-flush.enabled = false (default)
2022-07-27 13:53:58,672 [pool-1135-thread-1] INFO  server.RaftServerConfigKeys (ConfUtils.java:logGet(46)) - raft.server.log.statemachine.data.caching.enabled = true (custom)
2022-07-27 13:53:58,672 [pool-1135-thread-1] INFO  segmented.SegmentedRaftLogWorker (SegmentedRaftLogWorker.java:lambda$new$0(135)) - 34ea5659-743d-4920-98aa-921f1ee7ea0c@group-BBD1D7D7A8AA-SegmentedRaftLogWorker: flushIndex: setUnconditionally 0 -> -1
2022-07-27 13:53:58,672 [pool-1135-thread-1] INFO  segmented.SegmentedRaftLogWorker (SegmentedRaftLogWorker.java:lambda$new$0(135)) - 34ea5659-743d-4920-98aa-921f1ee7ea0c@group-BBD1D7D7A8AA-SegmentedRaftLogWorker: safeCacheEvictIndex: setUnconditionally 0 -> -1
2022-07-27 13:53:58,672 [pool-1135-thread-1] INFO  server.RaftServerConfigKeys (ConfUtils.java:logGet(46)) - raft.server.snapshot.auto.trigger.enabled = true (custom)
2022-07-27 13:53:58,672 [pool-1135-thread-1] INFO  server.RaftServerConfigKeys (ConfUtils.java:logGet(46)) - raft.server.snapshot.auto.trigger.threshold = 10000 (custom)
2022-07-27 13:53:58,672 [pool-1135-thread-1] INFO  server.RaftServerConfigKeys (ConfUtils.java:logGet(46)) - raft.server.snapshot.retention.file.num = 5 (custom)
2022-07-27 13:53:58,672 [pool-1135-thread-1] INFO  server.RaftServerConfigKeys (ConfUtils.java:logGet(46)) - raft.server.log.purge.upto.snapshot.index = false (default)
2022-07-27 13:53:58,672 [pool-1135-thread-1] INFO  server.RaftServerConfigKeys (ConfUtils.java:logGet(46)) - raft.server.retrycache.expirytime = 600000ms (custom)
2022-07-27 13:53:58,672 [pool-1135-thread-1] INFO  server.RaftServerConfigKeys (ConfUtils.java:logGet(46)) - raft.server.retrycache.statistics.expirytime = 100μs (default)
2022-07-27 13:53:58,673 [pool-1135-thread-1] INFO  server.RaftServerConfigKeys (ConfUtils.java:logGet(46)) - raft.server.log.appender.install.snapshot.enabled = false (custom)
2022-07-27 13:53:58,673 [pool-1135-thread-1] INFO  server.RaftServerConfigKeys (ConfUtils.java:logGet(46)) - raft.server.threadpool.server.cached = true (default)
2022-07-27 13:53:58,673 [pool-1135-thread-1] INFO  server.RaftServerConfigKeys (ConfUtils.java:logGet(46)) - raft.server.threadpool.server.size = 0 (default)
2022-07-27 13:53:58,674 [pool-1135-thread-1] INFO  server.RaftServerConfigKeys (ConfUtils.java:logGet(46)) - raft.server.threadpool.client.cached = true (default)
2022-07-27 13:53:58,674 [pool-1135-thread-1] INFO  server.RaftServerConfigKeys (ConfUtils.java:logGet(46)) - raft.server.threadpool.client.size = 0 (default)
2022-07-27 13:53:58,674 [pool-1135-thread-1] INFO  server.RaftServer$Division (RaftServerImpl.java:start(310)) - 34ea5659-743d-4920-98aa-921f1ee7ea0c@group-BBD1D7D7A8AA: start as a follower, conf=-1: [05b7ade2-c08f-4f72-be79-8d526602fcb9|rpc:10.1.0.21:42545|priority:0, 34ea5659-743d-4920-98aa-921f1ee7ea0c|rpc:10.1.0.21:38521|priority:1, d0f717e2-9042-4344-a562-88d1d040f01a|rpc:10.1.0.21:42759|priority:0], old=null
2022-07-27 13:53:58,674 [pool-1135-thread-1] INFO  server.RaftServer$Division (RaftServerImpl.java:setRole(299)) - 34ea5659-743d-4920-98aa-921f1ee7ea0c@group-BBD1D7D7A8AA: changes role from      null to FOLLOWER at term 0 for startAsFollower
2022-07-27 13:53:58,674 [pool-1135-thread-1] INFO  impl.RoleInfo (RoleInfo.java:updateAndGet(139)) - 34ea5659-743d-4920-98aa-921f1ee7ea0c: start 34ea5659-743d-4920-98aa-921f1ee7ea0c@group-BBD1D7D7A8AA-FollowerState
2022-07-27 13:53:58,674 [pool-1135-thread-1] INFO  util.JmxRegister (JmxRegister.java:tryRegister(44)) - Successfully registered JMX Bean with object name Ratis:service=RaftServer,group=group-BBD1D7D7A8AA,id=34ea5659-743d-4920-98aa-921f1ee7ea0c
2022-07-27 13:53:58,675 [Command processor thread] INFO  ratis.XceiverServerRatis (XceiverServerRatis.java:addGroup(765)) - Created group PipelineID=60fe568d-13b2-43e4-a1e1-bbd1d7d7a8aa
2022-07-27 13:53:58,727 [Listener at 127.0.0.1/41147] INFO  ozone.MiniOzoneClusterImpl (MiniOzoneClusterImpl.java:lambda$waitForClusterToBeReady$0(216)) - Waiting for nodes to be ready. Got 4 of 5 DN Heartbeats.
2022-07-27 13:53:58,727 [Listener at 127.0.0.1/41147] INFO  ozone.MiniOzoneClusterImpl (MiniOzoneClusterImpl.java:lambda$waitForClusterToBeReady$0(219)) - Waiting for cluster to exit safe mode
2022-07-27 13:53:58,727 [Listener at 127.0.0.1/41147] INFO  ozone.MiniOzoneClusterImpl (MiniOzoneClusterImpl.java:lambda$waitForClusterToBeReady$0(221)) - SCM became leader
2022-07-27 13:53:58,739 [grpc-default-executor-0] INFO  server.RaftServer (RaftServerProxy.java:addNew(96)) - d0f717e2-9042-4344-a562-88d1d040f01a: addNew group-BBD1D7D7A8AA:[05b7ade2-c08f-4f72-be79-8d526602fcb9|rpc:10.1.0.21:42545|dataStream:|priority:0, 34ea5659-743d-4920-98aa-921f1ee7ea0c|rpc:10.1.0.21:38521|dataStream:|priority:1, d0f717e2-9042-4344-a562-88d1d040f01a|rpc:10.1.0.21:42759|dataStream:|priority:0] returns group-BBD1D7D7A8AA:java.util.concurrent.CompletableFuture@50c4645b[Not completed]
2022-07-27 13:53:58,780 [pool-1158-thread-1] INFO  server.RaftServer$Division (RaftServerImpl.java:<init>(190)) - d0f717e2-9042-4344-a562-88d1d040f01a: new RaftServerImpl for group-BBD1D7D7A8AA:[05b7ade2-c08f-4f72-be79-8d526602fcb9|rpc:10.1.0.21:42545|dataStream:|priority:0, 34ea5659-743d-4920-98aa-921f1ee7ea0c|rpc:10.1.0.21:38521|dataStream:|priority:1, d0f717e2-9042-4344-a562-88d1d040f01a|rpc:10.1.0.21:42759|dataStream:|priority:0] with ContainerStateMachine:uninitialized
2022-07-27 13:53:58,780 [pool-1158-thread-1] INFO  server.RaftServerConfigKeys (ConfUtils.java:logGet(46)) - raft.server.rpc.timeout.min = 5s (custom)
2022-07-27 13:53:58,780 [pool-1158-thread-1] INFO  server.RaftServerConfigKeys (ConfUtils.java:logGet(46)) - raft.server.rpc.timeout.max = 5200ms (custom)
2022-07-27 13:53:58,780 [pool-1158-thread-1] INFO  server.RaftServerConfigKeys (ConfUtils.java:logGet(46)) - raft.server.rpc.sleep.time = 25ms (default)
2022-07-27 13:53:58,780 [pool-1158-thread-1] INFO  server.RaftServerConfigKeys (ConfUtils.java:logGet(46)) - raft.server.rpc.slowness.timeout = 300s (custom)
2022-07-27 13:53:58,780 [pool-1158-thread-1] INFO  server.RaftServerConfigKeys (ConfUtils.java:logGet(46)) - raft.server.leaderelection.leader.step-down.wait-time = 10s (default)
2022-07-27 13:53:58,780 [pool-1158-thread-1] INFO  server.RaftServerConfigKeys (ConfUtils.java:logGet(46)) - raft.server.sleep.deviation.threshold = 300ms (default)
2022-07-27 13:53:58,780 [pool-1158-thread-1] INFO  server.RaftServer$Division (ServerState.java:<init>(107)) - d0f717e2-9042-4344-a562-88d1d040f01a@group-BBD1D7D7A8AA: ConfigurationManager, init=-1: [05b7ade2-c08f-4f72-be79-8d526602fcb9|rpc:10.1.0.21:42545|dataStream:|priority:0, 34ea5659-743d-4920-98aa-921f1ee7ea0c|rpc:10.1.0.21:38521|dataStream:|priority:1, d0f717e2-9042-4344-a562-88d1d040f01a|rpc:10.1.0.21:42759|dataStream:|priority:0], old=null, confs=<EMPTY_MAP>
2022-07-27 13:53:58,780 [pool-1158-thread-1] INFO  server.RaftServerConfigKeys (ConfUtils.java:logGet(46)) - raft.server.storage.dir = [/home/runner/work/ozone/ozone/hadoop-ozone/integration-test/target/test-dir/MiniOzoneClusterImpl-17d54aa6-bde1-4bf1-a713-29851100816b/datanode-1/data/ratis] (custom)
2022-07-27 13:53:58,780 [pool-1158-thread-1] INFO  server.RaftServerConfigKeys (ConfUtils.java:logGet(46)) - raft.server.log.corruption.policy = EXCEPTION (default)
2022-07-27 13:53:58,780 [pool-1158-thread-1] INFO  server.RaftServerConfigKeys (ConfUtils.java:logGet(46)) - raft.server.storage.free-space.min = 0MB (=0) (default)
2022-07-27 13:53:58,781 [pool-1158-thread-1] INFO  storage.RaftStorageDirectory (RaftStorageDirectoryImpl.java:analyzeStorage(135)) - The storage directory /home/runner/work/ozone/ozone/hadoop-ozone/integration-test/target/test-dir/MiniOzoneClusterImpl-17d54aa6-bde1-4bf1-a713-29851100816b/datanode-1/data/ratis/60fe568d-13b2-43e4-a1e1-bbd1d7d7a8aa does not exist. Creating ...
2022-07-27 13:53:58,787 [pool-1158-thread-1] INFO  storage.RaftStorageDirectory (RaftStorageDirectoryImpl.java:tryLock(230)) - Lock on /home/runner/work/ozone/ozone/hadoop-ozone/integration-test/target/test-dir/MiniOzoneClusterImpl-17d54aa6-bde1-4bf1-a713-29851100816b/datanode-1/data/ratis/60fe568d-13b2-43e4-a1e1-bbd1d7d7a8aa/in_use.lock acquired by nodename 11093@fv-az217-261
2022-07-27 13:53:58,799 [pool-1158-thread-1] INFO  storage.RaftStorage (RaftStorageImpl.java:format(89)) - Storage directory /home/runner/work/ozone/ozone/hadoop-ozone/integration-test/target/test-dir/MiniOzoneClusterImpl-17d54aa6-bde1-4bf1-a713-29851100816b/datanode-1/data/ratis/60fe568d-13b2-43e4-a1e1-bbd1d7d7a8aa has been successfully formatted.
2022-07-27 13:53:58,831 [pool-1158-thread-1] INFO  ratis.ContainerStateMachine (ContainerStateMachine.java:loadSnapshot(236)) - group-BBD1D7D7A8AA: The snapshot info is null. Setting the last applied indexto:(t:0, i:~)
2022-07-27 13:53:58,831 [pool-1158-thread-1] INFO  server.RaftServerConfigKeys (ConfUtils.java:logGet(46)) - raft.server.notification.no-leader.timeout = 300s (custom)
2022-07-27 13:53:58,831 [pool-1158-thread-1] INFO  server.RaftServerConfigKeys (ConfUtils.java:logGet(46)) - raft.server.log.use.memory = false (default)
2022-07-27 13:53:58,831 [pool-1158-thread-1] INFO  server.RaftServerConfigKeys (ConfUtils.java:logGet(46)) - raft.server.log.purge.gap = 1000000 (custom)
2022-07-27 13:53:58,831 [pool-1158-thread-1] INFO  server.RaftServerConfigKeys (ConfUtils.java:logGet(46)) - raft.server.log.appender.buffer.byte-limit = 33554432 (custom)
2022-07-27 13:53:58,831 [pool-1158-thread-1] INFO  server.RaftServerConfigKeys (ConfUtils.java:logGet(46)) - raft.server.log.statemachine.data.read.timeout = 1000ms (default)
2022-07-27 13:53:58,832 [pool-1158-thread-1] INFO  server.RaftServerConfigKeys (ConfUtils.java:logGet(46)) - raft.server.log.segment.size.max = 1048576 (custom)
2022-07-27 13:53:58,832 [pool-1158-thread-1] INFO  server.RaftServerConfigKeys (ConfUtils.java:logGet(46)) - raft.server.log.segment.cache.num.max = 2 (custom)
2022-07-27 13:53:58,832 [pool-1158-thread-1] INFO  server.RaftServerConfigKeys (ConfUtils.java:logGet(46)) - raft.server.log.segment.cache.size.max = 200MB (=209715200) (default)
2022-07-27 13:53:58,832 [pool-1158-thread-1] INFO  segmented.SegmentedRaftLogWorker (SegmentedRaftLogWorker.java:<init>(187)) - new d0f717e2-9042-4344-a562-88d1d040f01a@group-BBD1D7D7A8AA-SegmentedRaftLogWorker for RaftStorageImpl:Storage Directory /home/runner/work/ozone/ozone/hadoop-ozone/integration-test/target/test-dir/MiniOzoneClusterImpl-17d54aa6-bde1-4bf1-a713-29851100816b/datanode-1/data/ratis/60fe568d-13b2-43e4-a1e1-bbd1d7d7a8aa
2022-07-27 13:53:58,832 [pool-1158-thread-1] INFO  server.RaftServerConfigKeys (ConfUtils.java:logGet(46)) - raft.server.log.queue.byte-limit = 4294967296 (custom)
2022-07-27 13:53:58,832 [pool-1158-thread-1] INFO  server.RaftServerConfigKeys (ConfUtils.java:logGet(46)) - raft.server.log.queue.element-limit = 1024 (custom)
2022-07-27 13:53:58,832 [pool-1158-thread-1] INFO  server.RaftServerConfigKeys (ConfUtils.java:logGet(46)) - raft.server.log.segment.size.max = 1048576 (custom)
2022-07-27 13:53:58,832 [pool-1158-thread-1] INFO  server.RaftServerConfigKeys (ConfUtils.java:logGet(46)) - raft.server.log.preallocated.size = 16384 (custom)
2022-07-27 13:53:58,832 [pool-1158-thread-1] INFO  server.RaftServerConfigKeys (ConfUtils.java:logGet(46)) - raft.server.log.force.sync.num = 128 (default)
2022-07-27 13:53:58,832 [pool-1158-thread-1] INFO  server.RaftServerConfigKeys (ConfUtils.java:logGet(46)) - raft.server.log.statemachine.data.sync = true (default)
2022-07-27 13:53:58,832 [pool-1158-thread-1] INFO  server.RaftServerConfigKeys (ConfUtils.java:logGet(46)) - raft.server.log.statemachine.data.sync.timeout = 10s (default)
2022-07-27 13:53:58,832 [pool-1158-thread-1] INFO  server.RaftServerConfigKeys (ConfUtils.java:logGet(46)) - raft.server.log.statemachine.data.sync.timeout.retry = -1 (default)
2022-07-27 13:53:58,833 [pool-1158-thread-1] INFO  server.RaftServerConfigKeys (ConfUtils.java:logGet(46)) - raft.server.log.write.buffer.size = 1048576 (custom)
2022-07-27 13:53:58,834 [pool-1158-thread-1] INFO  server.RaftServerConfigKeys (ConfUtils.java:logGet(46)) - raft.server.log.unsafe-flush.enabled = false (default)
2022-07-27 13:53:58,834 [pool-1158-thread-1] INFO  server.RaftServerConfigKeys (ConfUtils.java:logGet(46)) - raft.server.log.statemachine.data.caching.enabled = true (custom)
2022-07-27 13:53:58,834 [pool-1158-thread-1] INFO  segmented.SegmentedRaftLogWorker (SegmentedRaftLogWorker.java:lambda$new$0(135)) - d0f717e2-9042-4344-a562-88d1d040f01a@group-BBD1D7D7A8AA-SegmentedRaftLogWorker: flushIndex: setUnconditionally 0 -> -1
2022-07-27 13:53:58,834 [pool-1158-thread-1] INFO  segmented.SegmentedRaftLogWorker (SegmentedRaftLogWorker.java:lambda$new$0(135)) - d0f717e2-9042-4344-a562-88d1d040f01a@group-BBD1D7D7A8AA-SegmentedRaftLogWorker: safeCacheEvictIndex: setUnconditionally 0 -> -1
2022-07-27 13:53:58,841 [pool-1158-thread-1] INFO  server.RaftServerConfigKeys (ConfUtils.java:logGet(46)) - raft.server.snapshot.auto.trigger.enabled = true (custom)
2022-07-27 13:53:58,843 [pool-1158-thread-1] INFO  server.RaftServerConfigKeys (ConfUtils.java:logGet(46)) - raft.server.snapshot.auto.trigger.threshold = 10000 (custom)
2022-07-27 13:53:58,843 [pool-1158-thread-1] INFO  server.RaftServerConfigKeys (ConfUtils.java:logGet(46)) - raft.server.snapshot.retention.file.num = 5 (custom)
2022-07-27 13:53:58,843 [pool-1158-thread-1] INFO  server.RaftServerConfigKeys (ConfUtils.java:logGet(46)) - raft.server.log.purge.upto.snapshot.index = false (default)
2022-07-27 13:53:58,843 [pool-1158-thread-1] INFO  server.RaftServerConfigKeys (ConfUtils.java:logGet(46)) - raft.server.retrycache.expirytime = 600000ms (custom)
2022-07-27 13:53:58,843 [pool-1158-thread-1] INFO  server.RaftServerConfigKeys (ConfUtils.java:logGet(46)) - raft.server.retrycache.statistics.expirytime = 100μs (default)
2022-07-27 13:53:58,844 [pool-1158-thread-1] INFO  server.RaftServerConfigKeys (ConfUtils.java:logGet(46)) - raft.server.log.appender.install.snapshot.enabled = false (custom)
2022-07-27 13:53:58,844 [pool-1158-thread-1] INFO  server.RaftServerConfigKeys (ConfUtils.java:logGet(46)) - raft.server.threadpool.server.cached = true (default)
2022-07-27 13:53:58,844 [pool-1158-thread-1] INFO  server.RaftServerConfigKeys (ConfUtils.java:logGet(46)) - raft.server.threadpool.server.size = 0 (default)
2022-07-27 13:53:58,844 [pool-1158-thread-1] INFO  server.RaftServerConfigKeys (ConfUtils.java:logGet(46)) - raft.server.threadpool.client.cached = true (default)
2022-07-27 13:53:58,845 [pool-1158-thread-1] INFO  server.RaftServerConfigKeys (ConfUtils.java:logGet(46)) - raft.server.threadpool.client.size = 0 (default)
2022-07-27 13:53:58,845 [pool-1158-thread-1] INFO  server.RaftServer$Division (RaftServerImpl.java:start(310)) - d0f717e2-9042-4344-a562-88d1d040f01a@group-BBD1D7D7A8AA: start as a follower, conf=-1: [05b7ade2-c08f-4f72-be79-8d526602fcb9|rpc:10.1.0.21:42545|dataStream:|priority:0, 34ea5659-743d-4920-98aa-921f1ee7ea0c|rpc:10.1.0.21:38521|dataStream:|priority:1, d0f717e2-9042-4344-a562-88d1d040f01a|rpc:10.1.0.21:42759|dataStream:|priority:0], old=null
2022-07-27 13:53:58,845 [pool-1158-thread-1] INFO  server.RaftServer$Division (RaftServerImpl.java:setRole(299)) - d0f717e2-9042-4344-a562-88d1d040f01a@group-BBD1D7D7A8AA: changes role from      null to FOLLOWER at term 0 for startAsFollower
2022-07-27 13:53:58,845 [pool-1158-thread-1] INFO  impl.RoleInfo (RoleInfo.java:updateAndGet(139)) - d0f717e2-9042-4344-a562-88d1d040f01a: start d0f717e2-9042-4344-a562-88d1d040f01a@group-BBD1D7D7A8AA-FollowerState
2022-07-27 13:53:58,845 [pool-1158-thread-1] INFO  util.JmxRegister (JmxRegister.java:tryRegister(44)) - Successfully registered JMX Bean with object name Ratis:service=RaftServer,group=group-BBD1D7D7A8AA,id=d0f717e2-9042-4344-a562-88d1d040f01a
2022-07-27 13:53:58,975 [grpc-default-executor-0] INFO  server.RaftServer (RaftServerProxy.java:addNew(96)) - 05b7ade2-c08f-4f72-be79-8d526602fcb9: addNew group-BBD1D7D7A8AA:[05b7ade2-c08f-4f72-be79-8d526602fcb9|rpc:10.1.0.21:42545|dataStream:|priority:0, 34ea5659-743d-4920-98aa-921f1ee7ea0c|rpc:10.1.0.21:38521|dataStream:|priority:1, d0f717e2-9042-4344-a562-88d1d040f01a|rpc:10.1.0.21:42759|dataStream:|priority:0] returns group-BBD1D7D7A8AA:java.util.concurrent.CompletableFuture@4d32ecba[Not completed]
2022-07-27 13:53:58,977 [pool-1181-thread-1] INFO  server.RaftServer$Division (RaftServerImpl.java:<init>(190)) - 05b7ade2-c08f-4f72-be79-8d526602fcb9: new RaftServerImpl for group-BBD1D7D7A8AA:[05b7ade2-c08f-4f72-be79-8d526602fcb9|rpc:10.1.0.21:42545|dataStream:|priority:0, 34ea5659-743d-4920-98aa-921f1ee7ea0c|rpc:10.1.0.21:38521|dataStream:|priority:1, d0f717e2-9042-4344-a562-88d1d040f01a|rpc:10.1.0.21:42759|dataStream:|priority:0] with ContainerStateMachine:uninitialized
2022-07-27 13:53:58,977 [pool-1181-thread-1] INFO  server.RaftServerConfigKeys (ConfUtils.java:logGet(46)) - raft.server.rpc.timeout.min = 5s (custom)
2022-07-27 13:53:58,977 [pool-1181-thread-1] INFO  server.RaftServerConfigKeys (ConfUtils.java:logGet(46)) - raft.server.rpc.timeout.max = 5200ms (custom)
2022-07-27 13:53:58,977 [pool-1181-thread-1] INFO  server.RaftServerConfigKeys (ConfUtils.java:logGet(46)) - raft.server.rpc.sleep.time = 25ms (default)
2022-07-27 13:53:58,977 [pool-1181-thread-1] INFO  server.RaftServerConfigKeys (ConfUtils.java:logGet(46)) - raft.server.rpc.slowness.timeout = 300s (custom)
2022-07-27 13:53:58,977 [pool-1181-thread-1] INFO  server.RaftServerConfigKeys (ConfUtils.java:logGet(46)) - raft.server.leaderelection.leader.step-down.wait-time = 10s (default)
2022-07-27 13:53:58,978 [pool-1181-thread-1] INFO  server.RaftServerConfigKeys (ConfUtils.java:logGet(46)) - raft.server.sleep.deviation.threshold = 300ms (default)
2022-07-27 13:53:58,978 [pool-1181-thread-1] INFO  server.RaftServer$Division (ServerState.java:<init>(107)) - 05b7ade2-c08f-4f72-be79-8d526602fcb9@group-BBD1D7D7A8AA: ConfigurationManager, init=-1: [05b7ade2-c08f-4f72-be79-8d526602fcb9|rpc:10.1.0.21:42545|dataStream:|priority:0, 34ea5659-743d-4920-98aa-921f1ee7ea0c|rpc:10.1.0.21:38521|dataStream:|priority:1, d0f717e2-9042-4344-a562-88d1d040f01a|rpc:10.1.0.21:42759|dataStream:|priority:0], old=null, confs=<EMPTY_MAP>
2022-07-27 13:53:58,978 [pool-1181-thread-1] INFO  server.RaftServerConfigKeys (ConfUtils.java:logGet(46)) - raft.server.storage.dir = [/home/runner/work/ozone/ozone/hadoop-ozone/integration-test/target/test-dir/MiniOzoneClusterImpl-17d54aa6-bde1-4bf1-a713-29851100816b/datanode-2/data/ratis] (custom)
2022-07-27 13:53:58,978 [pool-1181-thread-1] INFO  server.RaftServerConfigKeys (ConfUtils.java:logGet(46)) - raft.server.log.corruption.policy = EXCEPTION (default)
2022-07-27 13:53:58,978 [pool-1181-thread-1] INFO  server.RaftServerConfigKeys (ConfUtils.java:logGet(46)) - raft.server.storage.free-space.min = 0MB (=0) (default)
2022-07-27 13:53:58,978 [pool-1181-thread-1] INFO  storage.RaftStorageDirectory (RaftStorageDirectoryImpl.java:analyzeStorage(135)) - The storage directory /home/runner/work/ozone/ozone/hadoop-ozone/integration-test/target/test-dir/MiniOzoneClusterImpl-17d54aa6-bde1-4bf1-a713-29851100816b/datanode-2/data/ratis/60fe568d-13b2-43e4-a1e1-bbd1d7d7a8aa does not exist. Creating ...
2022-07-27 13:53:58,981 [pool-1181-thread-1] INFO  storage.RaftStorageDirectory (RaftStorageDirectoryImpl.java:tryLock(230)) - Lock on /home/runner/work/ozone/ozone/hadoop-ozone/integration-test/target/test-dir/MiniOzoneClusterImpl-17d54aa6-bde1-4bf1-a713-29851100816b/datanode-2/data/ratis/60fe568d-13b2-43e4-a1e1-bbd1d7d7a8aa/in_use.lock acquired by nodename 11093@fv-az217-261
2022-07-27 13:53:58,982 [pool-1181-thread-1] INFO  storage.RaftStorage (RaftStorageImpl.java:format(89)) - Storage directory /home/runner/work/ozone/ozone/hadoop-ozone/integration-test/target/test-dir/MiniOzoneClusterImpl-17d54aa6-bde1-4bf1-a713-29851100816b/datanode-2/data/ratis/60fe568d-13b2-43e4-a1e1-bbd1d7d7a8aa has been successfully formatted.
2022-07-27 13:53:58,982 [pool-1181-thread-1] INFO  ratis.ContainerStateMachine (ContainerStateMachine.java:loadSnapshot(236)) - group-BBD1D7D7A8AA: The snapshot info is null. Setting the last applied indexto:(t:0, i:~)
2022-07-27 13:53:58,982 [pool-1181-thread-1] INFO  server.RaftServerConfigKeys (ConfUtils.java:logGet(46)) - raft.server.notification.no-leader.timeout = 300s (custom)
2022-07-27 13:53:58,982 [pool-1181-thread-1] INFO  server.RaftServerConfigKeys (ConfUtils.java:logGet(46)) - raft.server.log.use.memory = false (default)
2022-07-27 13:53:58,982 [pool-1181-thread-1] INFO  server.RaftServerConfigKeys (ConfUtils.java:logGet(46)) - raft.server.log.purge.gap = 1000000 (custom)
2022-07-27 13:53:58,982 [pool-1181-thread-1] INFO  server.RaftServerConfigKeys (ConfUtils.java:logGet(46)) - raft.server.log.appender.buffer.byte-limit = 33554432 (custom)
2022-07-27 13:53:58,983 [pool-1181-thread-1] INFO  server.RaftServerConfigKeys (ConfUtils.java:logGet(46)) - raft.server.log.statemachine.data.read.timeout = 1000ms (default)
2022-07-27 13:53:58,983 [pool-1181-thread-1] INFO  server.RaftServerConfigKeys (ConfUtils.java:logGet(46)) - raft.server.log.segment.size.max = 1048576 (custom)
2022-07-27 13:53:58,983 [pool-1181-thread-1] INFO  server.RaftServerConfigKeys (ConfUtils.java:logGet(46)) - raft.server.log.segment.cache.num.max = 2 (custom)
2022-07-27 13:53:58,983 [pool-1181-thread-1] INFO  server.RaftServerConfigKeys (ConfUtils.java:logGet(46)) - raft.server.log.segment.cache.size.max = 200MB (=209715200) (default)
2022-07-27 13:53:58,983 [pool-1181-thread-1] INFO  segmented.SegmentedRaftLogWorker (SegmentedRaftLogWorker.java:<init>(187)) - new 05b7ade2-c08f-4f72-be79-8d526602fcb9@group-BBD1D7D7A8AA-SegmentedRaftLogWorker for RaftStorageImpl:Storage Directory /home/runner/work/ozone/ozone/hadoop-ozone/integration-test/target/test-dir/MiniOzoneClusterImpl-17d54aa6-bde1-4bf1-a713-29851100816b/datanode-2/data/ratis/60fe568d-13b2-43e4-a1e1-bbd1d7d7a8aa
2022-07-27 13:53:58,983 [pool-1181-thread-1] INFO  server.RaftServerConfigKeys (ConfUtils.java:logGet(46)) - raft.server.log.queue.byte-limit = 4294967296 (custom)
2022-07-27 13:53:58,983 [pool-1181-thread-1] INFO  server.RaftServerConfigKeys (ConfUtils.java:logGet(46)) - raft.server.log.queue.element-limit = 1024 (custom)
2022-07-27 13:53:58,983 [pool-1181-thread-1] INFO  server.RaftServerConfigKeys (ConfUtils.java:logGet(46)) - raft.server.log.segment.size.max = 1048576 (custom)
2022-07-27 13:53:58,983 [pool-1181-thread-1] INFO  server.RaftServerConfigKeys (ConfUtils.java:logGet(46)) - raft.server.log.preallocated.size = 16384 (custom)
2022-07-27 13:53:58,983 [pool-1181-thread-1] INFO  server.RaftServerConfigKeys (ConfUtils.java:logGet(46)) - raft.server.log.force.sync.num = 128 (default)
2022-07-27 13:53:58,983 [pool-1181-thread-1] INFO  server.RaftServerConfigKeys (ConfUtils.java:logGet(46)) - raft.server.log.statemachine.data.sync = true (default)
2022-07-27 13:53:58,984 [pool-1181-thread-1] INFO  server.RaftServerConfigKeys (ConfUtils.java:logGet(46)) - raft.server.log.statemachine.data.sync.timeout = 10s (default)
2022-07-27 13:53:58,984 [pool-1181-thread-1] INFO  server.RaftServerConfigKeys (ConfUtils.java:logGet(46)) - raft.server.log.statemachine.data.sync.timeout.retry = -1 (default)
2022-07-27 13:53:58,985 [pool-1181-thread-1] INFO  server.RaftServerConfigKeys (ConfUtils.java:logGet(46)) - raft.server.log.write.buffer.size = 1048576 (custom)
2022-07-27 13:53:58,985 [pool-1181-thread-1] INFO  server.RaftServerConfigKeys (ConfUtils.java:logGet(46)) - raft.server.log.unsafe-flush.enabled = false (default)
2022-07-27 13:53:58,985 [pool-1181-thread-1] INFO  server.RaftServerConfigKeys (ConfUtils.java:logGet(46)) - raft.server.log.statemachine.data.caching.enabled = true (custom)
2022-07-27 13:53:58,985 [pool-1181-thread-1] INFO  segmented.SegmentedRaftLogWorker (SegmentedRaftLogWorker.java:lambda$new$0(135)) - 05b7ade2-c08f-4f72-be79-8d526602fcb9@group-BBD1D7D7A8AA-SegmentedRaftLogWorker: flushIndex: setUnconditionally 0 -> -1
2022-07-27 13:53:58,985 [pool-1181-thread-1] INFO  segmented.SegmentedRaftLogWorker (SegmentedRaftLogWorker.java:lambda$new$0(135)) - 05b7ade2-c08f-4f72-be79-8d526602fcb9@group-BBD1D7D7A8AA-SegmentedRaftLogWorker: safeCacheEvictIndex: setUnconditionally 0 -> -1
2022-07-27 13:53:58,986 [pool-1181-thread-1] INFO  server.RaftServerConfigKeys (ConfUtils.java:logGet(46)) - raft.server.snapshot.auto.trigger.enabled = true (custom)
2022-07-27 13:53:58,986 [pool-1181-thread-1] INFO  server.RaftServerConfigKeys (ConfUtils.java:logGet(46)) - raft.server.snapshot.auto.trigger.threshold = 10000 (custom)
2022-07-27 13:53:58,986 [pool-1181-thread-1] INFO  server.RaftServerConfigKeys (ConfUtils.java:logGet(46)) - raft.server.snapshot.retention.file.num = 5 (custom)
2022-07-27 13:53:58,986 [pool-1181-thread-1] INFO  server.RaftServerConfigKeys (ConfUtils.java:logGet(46)) - raft.server.log.purge.upto.snapshot.index = false (default)
2022-07-27 13:53:58,986 [pool-1181-thread-1] INFO  server.RaftServerConfigKeys (ConfUtils.java:logGet(46)) - raft.server.retrycache.expirytime = 600000ms (custom)
2022-07-27 13:53:58,986 [pool-1181-thread-1] INFO  server.RaftServerConfigKeys (ConfUtils.java:logGet(46)) - raft.server.retrycache.statistics.expirytime = 100μs (default)
2022-07-27 13:53:58,992 [pool-1181-thread-1] INFO  server.RaftServerConfigKeys (ConfUtils.java:logGet(46)) - raft.server.log.appender.install.snapshot.enabled = false (custom)
2022-07-27 13:53:58,992 [pool-1181-thread-1] INFO  server.RaftServerConfigKeys (ConfUtils.java:logGet(46)) - raft.server.threadpool.server.cached = true (default)
2022-07-27 13:53:58,992 [pool-1181-thread-1] INFO  server.RaftServerConfigKeys (ConfUtils.java:logGet(46)) - raft.server.threadpool.server.size = 0 (default)
2022-07-27 13:53:58,992 [pool-1181-thread-1] INFO  server.RaftServerConfigKeys (ConfUtils.java:logGet(46)) - raft.server.threadpool.client.cached = true (default)
2022-07-27 13:53:58,992 [pool-1181-thread-1] INFO  server.RaftServerConfigKeys (ConfUtils.java:logGet(46)) - raft.server.threadpool.client.size = 0 (default)
2022-07-27 13:53:58,992 [pool-1181-thread-1] INFO  server.RaftServer$Division (RaftServerImpl.java:start(310)) - 05b7ade2-c08f-4f72-be79-8d526602fcb9@group-BBD1D7D7A8AA: start as a follower, conf=-1: [05b7ade2-c08f-4f72-be79-8d526602fcb9|rpc:10.1.0.21:42545|dataStream:|priority:0, 34ea5659-743d-4920-98aa-921f1ee7ea0c|rpc:10.1.0.21:38521|dataStream:|priority:1, d0f717e2-9042-4344-a562-88d1d040f01a|rpc:10.1.0.21:42759|dataStream:|priority:0], old=null
2022-07-27 13:53:58,992 [pool-1181-thread-1] INFO  server.RaftServer$Division (RaftServerImpl.java:setRole(299)) - 05b7ade2-c08f-4f72-be79-8d526602fcb9@group-BBD1D7D7A8AA: changes role from      null to FOLLOWER at term 0 for startAsFollower
2022-07-27 13:53:58,992 [pool-1181-thread-1] INFO  impl.RoleInfo (RoleInfo.java:updateAndGet(139)) - 05b7ade2-c08f-4f72-be79-8d526602fcb9: start 05b7ade2-c08f-4f72-be79-8d526602fcb9@group-BBD1D7D7A8AA-FollowerState
2022-07-27 13:53:58,993 [pool-1181-thread-1] INFO  util.JmxRegister (JmxRegister.java:tryRegister(44)) - Successfully registered JMX Bean with object name Ratis:service=RaftServer,group=group-BBD1D7D7A8AA,id=05b7ade2-c08f-4f72-be79-8d526602fcb9
2022-07-27 13:53:59,014 [Command processor thread] INFO  commandhandler.CreatePipelineCommandHandler (CreatePipelineCommandHandler.java:handle(113)) - Created Pipeline RATIS THREE PipelineID=60fe568d-13b2-43e4-a1e1-bbd1d7d7a8aa.
2022-07-27 13:53:59,014 [Command processor thread] INFO  server.RaftServer (RaftServerProxy.java:addNew(96)) - 34ea5659-743d-4920-98aa-921f1ee7ea0c: addNew group-450F11538100:[05b7ade2-c08f-4f72-be79-8d526602fcb9|rpc:10.1.0.21:42545|priority:1, 34ea5659-743d-4920-98aa-921f1ee7ea0c|rpc:10.1.0.21:38521|priority:0, d0f717e2-9042-4344-a562-88d1d040f01a|rpc:10.1.0.21:42759|priority:0] returns group-450F11538100:java.util.concurrent.CompletableFuture@20350490[Not completed]
2022-07-27 13:53:59,051 [pool-1135-thread-1] INFO  server.RaftServer$Division (RaftServerImpl.java:<init>(190)) - 34ea5659-743d-4920-98aa-921f1ee7ea0c: new RaftServerImpl for group-450F11538100:[05b7ade2-c08f-4f72-be79-8d526602fcb9|rpc:10.1.0.21:42545|priority:1, 34ea5659-743d-4920-98aa-921f1ee7ea0c|rpc:10.1.0.21:38521|priority:0, d0f717e2-9042-4344-a562-88d1d040f01a|rpc:10.1.0.21:42759|priority:0] with ContainerStateMachine:uninitialized
2022-07-27 13:53:59,051 [pool-1135-thread-1] INFO  server.RaftServerConfigKeys (ConfUtils.java:logGet(46)) - raft.server.rpc.timeout.min = 5s (custom)
2022-07-27 13:53:59,051 [pool-1135-thread-1] INFO  server.RaftServerConfigKeys (ConfUtils.java:logGet(46)) - raft.server.rpc.timeout.max = 5200ms (custom)
2022-07-27 13:53:59,051 [pool-1135-thread-1] INFO  server.RaftServerConfigKeys (ConfUtils.java:logGet(46)) - raft.server.rpc.sleep.time = 25ms (default)
2022-07-27 13:53:59,051 [pool-1135-thread-1] INFO  server.RaftServerConfigKeys (ConfUtils.java:logGet(46)) - raft.server.rpc.slowness.timeout = 300s (custom)
2022-07-27 13:53:59,051 [pool-1135-thread-1] INFO  server.RaftServerConfigKeys (ConfUtils.java:logGet(46)) - raft.server.leaderelection.leader.step-down.wait-time = 10s (default)
2022-07-27 13:53:59,051 [pool-1135-thread-1] INFO  server.RaftServerConfigKeys (ConfUtils.java:logGet(46)) - raft.server.sleep.deviation.threshold = 300ms (default)
2022-07-27 13:53:59,051 [pool-1135-thread-1] INFO  server.RaftServer$Division (ServerState.java:<init>(107)) - 34ea5659-743d-4920-98aa-921f1ee7ea0c@group-450F11538100: ConfigurationManager, init=-1: [05b7ade2-c08f-4f72-be79-8d526602fcb9|rpc:10.1.0.21:42545|priority:1, 34ea5659-743d-4920-98aa-921f1ee7ea0c|rpc:10.1.0.21:38521|priority:0, d0f717e2-9042-4344-a562-88d1d040f01a|rpc:10.1.0.21:42759|priority:0], old=null, confs=<EMPTY_MAP>
2022-07-27 13:53:59,051 [pool-1135-thread-1] INFO  server.RaftServerConfigKeys (ConfUtils.java:logGet(46)) - raft.server.storage.dir = [/home/runner/work/ozone/ozone/hadoop-ozone/integration-test/target/test-dir/MiniOzoneClusterImpl-17d54aa6-bde1-4bf1-a713-29851100816b/datanode-0/data/ratis] (custom)
2022-07-27 13:53:59,051 [pool-1135-thread-1] INFO  server.RaftServerConfigKeys (ConfUtils.java:logGet(46)) - raft.server.log.corruption.policy = EXCEPTION (default)
2022-07-27 13:53:59,051 [pool-1135-thread-1] INFO  server.RaftServerConfigKeys (ConfUtils.java:logGet(46)) - raft.server.storage.free-space.min = 0MB (=0) (default)
2022-07-27 13:53:59,051 [pool-1135-thread-1] INFO  storage.RaftStorageDirectory (RaftStorageDirectoryImpl.java:analyzeStorage(135)) - The storage directory /home/runner/work/ozone/ozone/hadoop-ozone/integration-test/target/test-dir/MiniOzoneClusterImpl-17d54aa6-bde1-4bf1-a713-29851100816b/datanode-0/data/ratis/28197697-54f3-4890-a94b-450f11538100 does not exist. Creating ...
2022-07-27 13:53:59,053 [pool-1135-thread-1] INFO  storage.RaftStorageDirectory (RaftStorageDirectoryImpl.java:tryLock(230)) - Lock on /home/runner/work/ozone/ozone/hadoop-ozone/integration-test/target/test-dir/MiniOzoneClusterImpl-17d54aa6-bde1-4bf1-a713-29851100816b/datanode-0/data/ratis/28197697-54f3-4890-a94b-450f11538100/in_use.lock acquired by nodename 11093@fv-az217-261
2022-07-27 13:53:59,054 [pool-1135-thread-1] INFO  storage.RaftStorage (RaftStorageImpl.java:format(89)) - Storage directory /home/runner/work/ozone/ozone/hadoop-ozone/integration-test/target/test-dir/MiniOzoneClusterImpl-17d54aa6-bde1-4bf1-a713-29851100816b/datanode-0/data/ratis/28197697-54f3-4890-a94b-450f11538100 has been successfully formatted.
2022-07-27 13:53:59,055 [pool-1135-thread-1] INFO  ratis.ContainerStateMachine (ContainerStateMachine.java:loadSnapshot(236)) - group-450F11538100: The snapshot info is null. Setting the last applied indexto:(t:0, i:~)
2022-07-27 13:53:59,055 [pool-1135-thread-1] INFO  server.RaftServerConfigKeys (ConfUtils.java:logGet(46)) - raft.server.notification.no-leader.timeout = 300s (custom)
2022-07-27 13:53:59,055 [pool-1135-thread-1] INFO  server.RaftServerConfigKeys (ConfUtils.java:logGet(46)) - raft.server.log.use.memory = false (default)
2022-07-27 13:53:59,055 [pool-1135-thread-1] INFO  server.RaftServerConfigKeys (ConfUtils.java:logGet(46)) - raft.server.log.purge.gap = 1000000 (custom)
2022-07-27 13:53:59,055 [pool-1135-thread-1] INFO  server.RaftServerConfigKeys (ConfUtils.java:logGet(46)) - raft.server.log.appender.buffer.byte-limit = 33554432 (custom)
2022-07-27 13:53:59,055 [pool-1135-thread-1] INFO  server.RaftServerConfigKeys (ConfUtils.java:logGet(46)) - raft.server.log.statemachine.data.read.timeout = 1000ms (default)
2022-07-27 13:53:59,055 [pool-1135-thread-1] INFO  server.RaftServerConfigKeys (ConfUtils.java:logGet(46)) - raft.server.log.segment.size.max = 1048576 (custom)
2022-07-27 13:53:59,056 [pool-1135-thread-1] INFO  server.RaftServerConfigKeys (ConfUtils.java:logGet(46)) - raft.server.log.segment.cache.num.max = 2 (custom)
2022-07-27 13:53:59,056 [pool-1135-thread-1] INFO  server.RaftServerConfigKeys (ConfUtils.java:logGet(46)) - raft.server.log.segment.cache.size.max = 200MB (=209715200) (default)
2022-07-27 13:53:59,056 [pool-1135-thread-1] INFO  segmented.SegmentedRaftLogWorker (SegmentedRaftLogWorker.java:<init>(187)) - new 34ea5659-743d-4920-98aa-921f1ee7ea0c@group-450F11538100-SegmentedRaftLogWorker for RaftStorageImpl:Storage Directory /home/runner/work/ozone/ozone/hadoop-ozone/integration-test/target/test-dir/MiniOzoneClusterImpl-17d54aa6-bde1-4bf1-a713-29851100816b/datanode-0/data/ratis/28197697-54f3-4890-a94b-450f11538100
2022-07-27 13:53:59,056 [pool-1135-thread-1] INFO  server.RaftServerConfigKeys (ConfUtils.java:logGet(46)) - raft.server.log.queue.byte-limit = 4294967296 (custom)
2022-07-27 13:53:59,056 [pool-1135-thread-1] INFO  server.RaftServerConfigKeys (ConfUtils.java:logGet(46)) - raft.server.log.queue.element-limit = 1024 (custom)
2022-07-27 13:53:59,056 [pool-1135-thread-1] INFO  server.RaftServerConfigKeys (ConfUtils.java:logGet(46)) - raft.server.log.segment.size.max = 1048576 (custom)
2022-07-27 13:53:59,056 [pool-1135-thread-1] INFO  server.RaftServerConfigKeys (ConfUtils.java:logGet(46)) - raft.server.log.preallocated.size = 16384 (custom)
2022-07-27 13:53:59,056 [pool-1135-thread-1] INFO  server.RaftServerConfigKeys (ConfUtils.java:logGet(46)) - raft.server.log.force.sync.num = 128 (default)
2022-07-27 13:53:59,056 [pool-1135-thread-1] INFO  server.RaftServerConfigKeys (ConfUtils.java:logGet(46)) - raft.server.log.statemachine.data.sync = true (default)
2022-07-27 13:53:59,056 [pool-1135-thread-1] INFO  server.RaftServerConfigKeys (ConfUtils.java:logGet(46)) - raft.server.log.statemachine.data.sync.timeout = 10s (default)
2022-07-27 13:53:59,056 [pool-1135-thread-1] INFO  server.RaftServerConfigKeys (ConfUtils.java:logGet(46)) - raft.server.log.statemachine.data.sync.timeout.retry = -1 (default)
2022-07-27 13:53:59,057 [pool-1135-thread-1] INFO  server.RaftServerConfigKeys (ConfUtils.java:logGet(46)) - raft.server.log.write.buffer.size = 1048576 (custom)
2022-07-27 13:53:59,058 [pool-1135-thread-1] INFO  server.RaftServerConfigKeys (ConfUtils.java:logGet(46)) - raft.server.log.unsafe-flush.enabled = false (default)
2022-07-27 13:53:59,058 [pool-1135-thread-1] INFO  server.RaftServerConfigKeys (ConfUtils.java:logGet(46)) - raft.server.log.statemachine.data.caching.enabled = true (custom)
2022-07-27 13:53:59,058 [pool-1135-thread-1] INFO  segmented.SegmentedRaftLogWorker (SegmentedRaftLogWorker.java:lambda$new$0(135)) - 34ea5659-743d-4920-98aa-921f1ee7ea0c@group-450F11538100-SegmentedRaftLogWorker: flushIndex: setUnconditionally 0 -> -1
2022-07-27 13:53:59,058 [pool-1135-thread-1] INFO  segmented.SegmentedRaftLogWorker (SegmentedRaftLogWorker.java:lambda$new$0(135)) - 34ea5659-743d-4920-98aa-921f1ee7ea0c@group-450F11538100-SegmentedRaftLogWorker: safeCacheEvictIndex: setUnconditionally 0 -> -1
2022-07-27 13:53:59,067 [pool-1135-thread-1] INFO  server.RaftServerConfigKeys (ConfUtils.java:logGet(46)) - raft.server.snapshot.auto.trigger.enabled = true (custom)
2022-07-27 13:53:59,067 [pool-1135-thread-1] INFO  server.RaftServerConfigKeys (ConfUtils.java:logGet(46)) - raft.server.snapshot.auto.trigger.threshold = 10000 (custom)
2022-07-27 13:53:59,067 [pool-1135-thread-1] INFO  server.RaftServerConfigKeys (ConfUtils.java:logGet(46)) - raft.server.snapshot.retention.file.num = 5 (custom)
2022-07-27 13:53:59,067 [pool-1135-thread-1] INFO  server.RaftServerConfigKeys (ConfUtils.java:logGet(46)) - raft.server.log.purge.upto.snapshot.index = false (default)
2022-07-27 13:53:59,067 [pool-1135-thread-1] INFO  server.RaftServerConfigKeys (ConfUtils.java:logGet(46)) - raft.server.retrycache.expirytime = 600000ms (custom)
2022-07-27 13:53:59,067 [pool-1135-thread-1] INFO  server.RaftServerConfigKeys (ConfUtils.java:logGet(46)) - raft.server.retrycache.statistics.expirytime = 100μs (default)
2022-07-27 13:53:59,067 [EventQueue-OpenPipelineForHealthyPipelineSafeModeRule] INFO  safemode.SCMSafeModeManager (HealthyPipelineSafeModeRule.java:process(137)) - SCM in safe mode. Healthy pipelines reported count is 0, required healthy pipeline reported count is 1
2022-07-27 13:53:59,069 [pool-1135-thread-1] INFO  server.RaftServerConfigKeys (ConfUtils.java:logGet(46)) - raft.server.log.appender.install.snapshot.enabled = false (custom)
2022-07-27 13:53:59,069 [pool-1135-thread-1] INFO  server.RaftServerConfigKeys (ConfUtils.java:logGet(46)) - raft.server.threadpool.server.cached = true (default)
2022-07-27 13:53:59,069 [pool-1135-thread-1] INFO  server.RaftServerConfigKeys (ConfUtils.java:logGet(46)) - raft.server.threadpool.server.size = 0 (default)
2022-07-27 13:53:59,069 [pool-1135-thread-1] INFO  server.RaftServerConfigKeys (ConfUtils.java:logGet(46)) - raft.server.threadpool.client.cached = true (default)
2022-07-27 13:53:59,069 [pool-1135-thread-1] INFO  server.RaftServerConfigKeys (ConfUtils.java:logGet(46)) - raft.server.threadpool.client.size = 0 (default)
2022-07-27 13:53:59,069 [pool-1135-thread-1] INFO  server.RaftServer$Division (RaftServerImpl.java:start(310)) - 34ea5659-743d-4920-98aa-921f1ee7ea0c@group-450F11538100: start as a follower, conf=-1: [05b7ade2-c08f-4f72-be79-8d526602fcb9|rpc:10.1.0.21:42545|priority:1, 34ea5659-743d-4920-98aa-921f1ee7ea0c|rpc:10.1.0.21:38521|priority:0, d0f717e2-9042-4344-a562-88d1d040f01a|rpc:10.1.0.21:42759|priority:0], old=null
2022-07-27 13:53:59,069 [pool-1135-thread-1] INFO  server.RaftServer$Division (RaftServerImpl.java:setRole(299)) - 34ea5659-743d-4920-98aa-921f1ee7ea0c@group-450F11538100: changes role from      null to FOLLOWER at term 0 for startAsFollower
2022-07-27 13:53:59,069 [pool-1135-thread-1] INFO  impl.RoleInfo (RoleInfo.java:updateAndGet(139)) - 34ea5659-743d-4920-98aa-921f1ee7ea0c: start 34ea5659-743d-4920-98aa-921f1ee7ea0c@group-450F11538100-FollowerState
2022-07-27 13:53:59,069 [pool-1135-thread-1] INFO  util.JmxRegister (JmxRegister.java:tryRegister(44)) - Successfully registered JMX Bean with object name Ratis:service=RaftServer,group=group-450F11538100,id=34ea5659-743d-4920-98aa-921f1ee7ea0c
2022-07-27 13:53:59,070 [Command processor thread] INFO  ratis.XceiverServerRatis (XceiverServerRatis.java:addGroup(765)) - Created group PipelineID=28197697-54f3-4890-a94b-450f11538100
2022-07-27 13:53:59,137 [grpc-default-executor-0] INFO  server.RaftServer (RaftServerProxy.java:addNew(96)) - 05b7ade2-c08f-4f72-be79-8d526602fcb9: addNew group-450F11538100:[05b7ade2-c08f-4f72-be79-8d526602fcb9|rpc:10.1.0.21:42545|dataStream:|priority:1, 34ea5659-743d-4920-98aa-921f1ee7ea0c|rpc:10.1.0.21:38521|dataStream:|priority:0, d0f717e2-9042-4344-a562-88d1d040f01a|rpc:10.1.0.21:42759|dataStream:|priority:0] returns group-450F11538100:java.util.concurrent.CompletableFuture@6afdb39f[Not completed]
2022-07-27 13:53:59,137 [pool-1181-thread-1] INFO  server.RaftServer$Division (RaftServerImpl.java:<init>(190)) - 05b7ade2-c08f-4f72-be79-8d526602fcb9: new RaftServerImpl for group-450F11538100:[05b7ade2-c08f-4f72-be79-8d526602fcb9|rpc:10.1.0.21:42545|dataStream:|priority:1, 34ea5659-743d-4920-98aa-921f1ee7ea0c|rpc:10.1.0.21:38521|dataStream:|priority:0, d0f717e2-9042-4344-a562-88d1d040f01a|rpc:10.1.0.21:42759|dataStream:|priority:0] with ContainerStateMachine:uninitialized
2022-07-27 13:53:59,138 [pool-1181-thread-1] INFO  server.RaftServerConfigKeys (ConfUtils.java:logGet(46)) - raft.server.rpc.timeout.min = 5s (custom)
2022-07-27 13:53:59,138 [pool-1181-thread-1] INFO  server.RaftServerConfigKeys (ConfUtils.java:logGet(46)) - raft.server.rpc.timeout.max = 5200ms (custom)
2022-07-27 13:53:59,138 [pool-1181-thread-1] INFO  server.RaftServerConfigKeys (ConfUtils.java:logGet(46)) - raft.server.rpc.sleep.time = 25ms (default)
2022-07-27 13:53:59,138 [pool-1181-thread-1] INFO  server.RaftServerConfigKeys (ConfUtils.java:logGet(46)) - raft.server.rpc.slowness.timeout = 300s (custom)
2022-07-27 13:53:59,138 [pool-1181-thread-1] INFO  server.RaftServerConfigKeys (ConfUtils.java:logGet(46)) - raft.server.leaderelection.leader.step-down.wait-time = 10s (default)
2022-07-27 13:53:59,138 [pool-1181-thread-1] INFO  server.RaftServerConfigKeys (ConfUtils.java:logGet(46)) - raft.server.sleep.deviation.threshold = 300ms (default)
2022-07-27 13:53:59,138 [pool-1181-thread-1] INFO  server.RaftServer$Division (ServerState.java:<init>(107)) - 05b7ade2-c08f-4f72-be79-8d526602fcb9@group-450F11538100: ConfigurationManager, init=-1: [05b7ade2-c08f-4f72-be79-8d526602fcb9|rpc:10.1.0.21:42545|dataStream:|priority:1, 34ea5659-743d-4920-98aa-921f1ee7ea0c|rpc:10.1.0.21:38521|dataStream:|priority:0, d0f717e2-9042-4344-a562-88d1d040f01a|rpc:10.1.0.21:42759|dataStream:|priority:0], old=null, confs=<EMPTY_MAP>
2022-07-27 13:53:59,138 [pool-1181-thread-1] INFO  server.RaftServerConfigKeys (ConfUtils.java:logGet(46)) - raft.server.storage.dir = [/home/runner/work/ozone/ozone/hadoop-ozone/integration-test/target/test-dir/MiniOzoneClusterImpl-17d54aa6-bde1-4bf1-a713-29851100816b/datanode-2/data/ratis] (custom)
2022-07-27 13:53:59,138 [pool-1181-thread-1] INFO  server.RaftServerConfigKeys (ConfUtils.java:logGet(46)) - raft.server.log.corruption.policy = EXCEPTION (default)
2022-07-27 13:53:59,138 [pool-1181-thread-1] INFO  server.RaftServerConfigKeys (ConfUtils.java:logGet(46)) - raft.server.storage.free-space.min = 0MB (=0) (default)
2022-07-27 13:53:59,138 [pool-1181-thread-1] INFO  storage.RaftStorageDirectory (RaftStorageDirectoryImpl.java:analyzeStorage(135)) - The storage directory /home/runner/work/ozone/ozone/hadoop-ozone/integration-test/target/test-dir/MiniOzoneClusterImpl-17d54aa6-bde1-4bf1-a713-29851100816b/datanode-2/data/ratis/28197697-54f3-4890-a94b-450f11538100 does not exist. Creating ...
2022-07-27 13:53:59,139 [pool-1181-thread-1] INFO  storage.RaftStorageDirectory (RaftStorageDirectoryImpl.java:tryLock(230)) - Lock on /home/runner/work/ozone/ozone/hadoop-ozone/integration-test/target/test-dir/MiniOzoneClusterImpl-17d54aa6-bde1-4bf1-a713-29851100816b/datanode-2/data/ratis/28197697-54f3-4890-a94b-450f11538100/in_use.lock acquired by nodename 11093@fv-az217-261
2022-07-27 13:53:59,140 [pool-1181-thread-1] INFO  storage.RaftStorage (RaftStorageImpl.java:format(89)) - Storage directory /home/runner/work/ozone/ozone/hadoop-ozone/integration-test/target/test-dir/MiniOzoneClusterImpl-17d54aa6-bde1-4bf1-a713-29851100816b/datanode-2/data/ratis/28197697-54f3-4890-a94b-450f11538100 has been successfully formatted.
2022-07-27 13:53:59,140 [pool-1181-thread-1] INFO  ratis.ContainerStateMachine (ContainerStateMachine.java:loadSnapshot(236)) - group-450F11538100: The snapshot info is null. Setting the last applied indexto:(t:0, i:~)
2022-07-27 13:53:59,141 [pool-1181-thread-1] INFO  server.RaftServerConfigKeys (ConfUtils.java:logGet(46)) - raft.server.notification.no-leader.timeout = 300s (custom)
2022-07-27 13:53:59,141 [pool-1181-thread-1] INFO  server.RaftServerConfigKeys (ConfUtils.java:logGet(46)) - raft.server.log.use.memory = false (default)
2022-07-27 13:53:59,141 [pool-1181-thread-1] INFO  server.RaftServerConfigKeys (ConfUtils.java:logGet(46)) - raft.server.log.purge.gap = 1000000 (custom)
2022-07-27 13:53:59,141 [pool-1181-thread-1] INFO  server.RaftServerConfigKeys (ConfUtils.java:logGet(46)) - raft.server.log.appender.buffer.byte-limit = 33554432 (custom)
2022-07-27 13:53:59,141 [pool-1181-thread-1] INFO  server.RaftServerConfigKeys (ConfUtils.java:logGet(46)) - raft.server.log.statemachine.data.read.timeout = 1000ms (default)
2022-07-27 13:53:59,142 [pool-1181-thread-1] INFO  server.RaftServerConfigKeys (ConfUtils.java:logGet(46)) - raft.server.log.segment.size.max = 1048576 (custom)
2022-07-27 13:53:59,142 [pool-1181-thread-1] INFO  server.RaftServerConfigKeys (ConfUtils.java:logGet(46)) - raft.server.log.segment.cache.num.max = 2 (custom)
2022-07-27 13:53:59,142 [pool-1181-thread-1] INFO  server.RaftServerConfigKeys (ConfUtils.java:logGet(46)) - raft.server.log.segment.cache.size.max = 200MB (=209715200) (default)
2022-07-27 13:53:59,142 [pool-1181-thread-1] INFO  segmented.SegmentedRaftLogWorker (SegmentedRaftLogWorker.java:<init>(187)) - new 05b7ade2-c08f-4f72-be79-8d526602fcb9@group-450F11538100-SegmentedRaftLogWorker for RaftStorageImpl:Storage Directory /home/runner/work/ozone/ozone/hadoop-ozone/integration-test/target/test-dir/MiniOzoneClusterImpl-17d54aa6-bde1-4bf1-a713-29851100816b/datanode-2/data/ratis/28197697-54f3-4890-a94b-450f11538100
2022-07-27 13:53:59,142 [pool-1181-thread-1] INFO  server.RaftServerConfigKeys (ConfUtils.java:logGet(46)) - raft.server.log.queue.byte-limit = 4294967296 (custom)
2022-07-27 13:53:59,142 [pool-1181-thread-1] INFO  server.RaftServerConfigKeys (ConfUtils.java:logGet(46)) - raft.server.log.queue.element-limit = 1024 (custom)
2022-07-27 13:53:59,142 [pool-1181-thread-1] INFO  server.RaftServerConfigKeys (ConfUtils.java:logGet(46)) - raft.server.log.segment.size.max = 1048576 (custom)
2022-07-27 13:53:59,142 [pool-1181-thread-1] INFO  server.RaftServerConfigKeys (ConfUtils.java:logGet(46)) - raft.server.log.preallocated.size = 16384 (custom)
2022-07-27 13:53:59,142 [pool-1181-thread-1] INFO  server.RaftServerConfigKeys (ConfUtils.java:logGet(46)) - raft.server.log.force.sync.num = 128 (default)
2022-07-27 13:53:59,142 [pool-1181-thread-1] INFO  server.RaftServerConfigKeys (ConfUtils.java:logGet(46)) - raft.server.log.statemachine.data.sync = true (default)
2022-07-27 13:53:59,142 [pool-1181-thread-1] INFO  server.RaftServerConfigKeys (ConfUtils.java:logGet(46)) - raft.server.log.statemachine.data.sync.timeout = 10s (default)
2022-07-27 13:53:59,142 [pool-1181-thread-1] INFO  server.RaftServerConfigKeys (ConfUtils.java:logGet(46)) - raft.server.log.statemachine.data.sync.timeout.retry = -1 (default)
2022-07-27 13:53:59,143 [pool-1181-thread-1] INFO  server.RaftServerConfigKeys (ConfUtils.java:logGet(46)) - raft.server.log.write.buffer.size = 1048576 (custom)
2022-07-27 13:53:59,144 [pool-1181-thread-1] INFO  server.RaftServerConfigKeys (ConfUtils.java:logGet(46)) - raft.server.log.unsafe-flush.enabled = false (default)
2022-07-27 13:53:59,144 [pool-1181-thread-1] INFO  server.RaftServerConfigKeys (ConfUtils.java:logGet(46)) - raft.server.log.statemachine.data.caching.enabled = true (custom)
2022-07-27 13:53:59,144 [pool-1181-thread-1] INFO  segmented.SegmentedRaftLogWorker (SegmentedRaftLogWorker.java:lambda$new$0(135)) - 05b7ade2-c08f-4f72-be79-8d526602fcb9@group-450F11538100-SegmentedRaftLogWorker: flushIndex: setUnconditionally 0 -> -1
2022-07-27 13:53:59,144 [pool-1181-thread-1] INFO  segmented.SegmentedRaftLogWorker (SegmentedRaftLogWorker.java:lambda$new$0(135)) - 05b7ade2-c08f-4f72-be79-8d526602fcb9@group-450F11538100-SegmentedRaftLogWorker: safeCacheEvictIndex: setUnconditionally 0 -> -1
2022-07-27 13:53:59,171 [pool-1181-thread-1] INFO  server.RaftServerConfigKeys (ConfUtils.java:logGet(46)) - raft.server.snapshot.auto.trigger.enabled = true (custom)
2022-07-27 13:53:59,171 [pool-1181-thread-1] INFO  server.RaftServerConfigKeys (ConfUtils.java:logGet(46)) - raft.server.snapshot.auto.trigger.threshold = 10000 (custom)
2022-07-27 13:53:59,171 [pool-1181-thread-1] INFO  server.RaftServerConfigKeys (ConfUtils.java:logGet(46)) - raft.server.snapshot.retention.file.num = 5 (custom)
2022-07-27 13:53:59,171 [pool-1181-thread-1] INFO  server.RaftServerConfigKeys (ConfUtils.java:logGet(46)) - raft.server.log.purge.upto.snapshot.index = false (default)
2022-07-27 13:53:59,171 [pool-1181-thread-1] INFO  server.RaftServerConfigKeys (ConfUtils.java:logGet(46)) - raft.server.retrycache.expirytime = 600000ms (custom)
2022-07-27 13:53:59,171 [pool-1181-thread-1] INFO  server.RaftServerConfigKeys (ConfUtils.java:logGet(46)) - raft.server.retrycache.statistics.expirytime = 100μs (default)
2022-07-27 13:53:59,176 [pool-1181-thread-1] INFO  server.RaftServerConfigKeys (ConfUtils.java:logGet(46)) - raft.server.log.appender.install.snapshot.enabled = false (custom)
2022-07-27 13:53:59,176 [pool-1181-thread-1] INFO  server.RaftServerConfigKeys (ConfUtils.java:logGet(46)) - raft.server.threadpool.server.cached = true (default)
2022-07-27 13:53:59,176 [pool-1181-thread-1] INFO  server.RaftServerConfigKeys (ConfUtils.java:logGet(46)) - raft.server.threadpool.server.size = 0 (default)
2022-07-27 13:53:59,176 [pool-1181-thread-1] INFO  server.RaftServerConfigKeys (ConfUtils.java:logGet(46)) - raft.server.threadpool.client.cached = true (default)
2022-07-27 13:53:59,176 [pool-1181-thread-1] INFO  server.RaftServerConfigKeys (ConfUtils.java:logGet(46)) - raft.server.threadpool.client.size = 0 (default)
2022-07-27 13:53:59,176 [pool-1181-thread-1] INFO  server.RaftServer$Division (RaftServerImpl.java:start(310)) - 05b7ade2-c08f-4f72-be79-8d526602fcb9@group-450F11538100: start as a follower, conf=-1: [05b7ade2-c08f-4f72-be79-8d526602fcb9|rpc:10.1.0.21:42545|dataStream:|priority:1, 34ea5659-743d-4920-98aa-921f1ee7ea0c|rpc:10.1.0.21:38521|dataStream:|priority:0, d0f717e2-9042-4344-a562-88d1d040f01a|rpc:10.1.0.21:42759|dataStream:|priority:0], old=null
2022-07-27 13:53:59,176 [pool-1181-thread-1] INFO  server.RaftServer$Division (RaftServerImpl.java:setRole(299)) - 05b7ade2-c08f-4f72-be79-8d526602fcb9@group-450F11538100: changes role from      null to FOLLOWER at term 0 for startAsFollower
2022-07-27 13:53:59,177 [pool-1181-thread-1] INFO  impl.RoleInfo (RoleInfo.java:updateAndGet(139)) - 05b7ade2-c08f-4f72-be79-8d526602fcb9: start 05b7ade2-c08f-4f72-be79-8d526602fcb9@group-450F11538100-FollowerState
2022-07-27 13:53:59,177 [pool-1181-thread-1] INFO  util.JmxRegister (JmxRegister.java:tryRegister(44)) - Successfully registered JMX Bean with object name Ratis:service=RaftServer,group=group-450F11538100,id=05b7ade2-c08f-4f72-be79-8d526602fcb9
2022-07-27 13:53:59,256 [grpc-default-executor-0] INFO  server.RaftServer (RaftServerProxy.java:addNew(96)) - d0f717e2-9042-4344-a562-88d1d040f01a: addNew group-450F11538100:[05b7ade2-c08f-4f72-be79-8d526602fcb9|rpc:10.1.0.21:42545|dataStream:|priority:1, 34ea5659-743d-4920-98aa-921f1ee7ea0c|rpc:10.1.0.21:38521|dataStream:|priority:0, d0f717e2-9042-4344-a562-88d1d040f01a|rpc:10.1.0.21:42759|dataStream:|priority:0] returns group-450F11538100:java.util.concurrent.CompletableFuture@e406fbd[Not completed]
2022-07-27 13:53:59,256 [pool-1158-thread-1] INFO  server.RaftServer$Division (RaftServerImpl.java:<init>(190)) - d0f717e2-9042-4344-a562-88d1d040f01a: new RaftServerImpl for group-450F11538100:[05b7ade2-c08f-4f72-be79-8d526602fcb9|rpc:10.1.0.21:42545|dataStream:|priority:1, 34ea5659-743d-4920-98aa-921f1ee7ea0c|rpc:10.1.0.21:38521|dataStream:|priority:0, d0f717e2-9042-4344-a562-88d1d040f01a|rpc:10.1.0.21:42759|dataStream:|priority:0] with ContainerStateMachine:uninitialized
2022-07-27 13:53:59,256 [pool-1158-thread-1] INFO  server.RaftServerConfigKeys (ConfUtils.java:logGet(46)) - raft.server.rpc.timeout.min = 5s (custom)
2022-07-27 13:53:59,256 [pool-1158-thread-1] INFO  server.RaftServerConfigKeys (ConfUtils.java:logGet(46)) - raft.server.rpc.timeout.max = 5200ms (custom)
2022-07-27 13:53:59,256 [pool-1158-thread-1] INFO  server.RaftServerConfigKeys (ConfUtils.java:logGet(46)) - raft.server.rpc.sleep.time = 25ms (default)
2022-07-27 13:53:59,257 [pool-1158-thread-1] INFO  server.RaftServerConfigKeys (ConfUtils.java:logGet(46)) - raft.server.rpc.slowness.timeout = 300s (custom)
2022-07-27 13:53:59,257 [pool-1158-thread-1] INFO  server.RaftServerConfigKeys (ConfUtils.java:logGet(46)) - raft.server.leaderelection.leader.step-down.wait-time = 10s (default)
2022-07-27 13:53:59,257 [pool-1158-thread-1] INFO  server.RaftServerConfigKeys (ConfUtils.java:logGet(46)) - raft.server.sleep.deviation.threshold = 300ms (default)
2022-07-27 13:53:59,257 [pool-1158-thread-1] INFO  server.RaftServer$Division (ServerState.java:<init>(107)) - d0f717e2-9042-4344-a562-88d1d040f01a@group-450F11538100: ConfigurationManager, init=-1: [05b7ade2-c08f-4f72-be79-8d526602fcb9|rpc:10.1.0.21:42545|dataStream:|priority:1, 34ea5659-743d-4920-98aa-921f1ee7ea0c|rpc:10.1.0.21:38521|dataStream:|priority:0, d0f717e2-9042-4344-a562-88d1d040f01a|rpc:10.1.0.21:42759|dataStream:|priority:0], old=null, confs=<EMPTY_MAP>
2022-07-27 13:53:59,257 [pool-1158-thread-1] INFO  server.RaftServerConfigKeys (ConfUtils.java:logGet(46)) - raft.server.storage.dir = [/home/runner/work/ozone/ozone/hadoop-ozone/integration-test/target/test-dir/MiniOzoneClusterImpl-17d54aa6-bde1-4bf1-a713-29851100816b/datanode-1/data/ratis] (custom)
2022-07-27 13:53:59,257 [pool-1158-thread-1] INFO  server.RaftServerConfigKeys (ConfUtils.java:logGet(46)) - raft.server.log.corruption.policy = EXCEPTION (default)
2022-07-27 13:53:59,257 [pool-1158-thread-1] INFO  server.RaftServerConfigKeys (ConfUtils.java:logGet(46)) - raft.server.storage.free-space.min = 0MB (=0) (default)
2022-07-27 13:53:59,257 [pool-1158-thread-1] INFO  storage.RaftStorageDirectory (RaftStorageDirectoryImpl.java:analyzeStorage(135)) - The storage directory /home/runner/work/ozone/ozone/hadoop-ozone/integration-test/target/test-dir/MiniOzoneClusterImpl-17d54aa6-bde1-4bf1-a713-29851100816b/datanode-1/data/ratis/28197697-54f3-4890-a94b-450f11538100 does not exist. Creating ...
2022-07-27 13:53:59,259 [pool-1158-thread-1] INFO  storage.RaftStorageDirectory (RaftStorageDirectoryImpl.java:tryLock(230)) - Lock on /home/runner/work/ozone/ozone/hadoop-ozone/integration-test/target/test-dir/MiniOzoneClusterImpl-17d54aa6-bde1-4bf1-a713-29851100816b/datanode-1/data/ratis/28197697-54f3-4890-a94b-450f11538100/in_use.lock acquired by nodename 11093@fv-az217-261
2022-07-27 13:53:59,261 [pool-1158-thread-1] INFO  storage.RaftStorage (RaftStorageImpl.java:format(89)) - Storage directory /home/runner/work/ozone/ozone/hadoop-ozone/integration-test/target/test-dir/MiniOzoneClusterImpl-17d54aa6-bde1-4bf1-a713-29851100816b/datanode-1/data/ratis/28197697-54f3-4890-a94b-450f11538100 has been successfully formatted.
2022-07-27 13:53:59,261 [pool-1158-thread-1] INFO  ratis.ContainerStateMachine (ContainerStateMachine.java:loadSnapshot(236)) - group-450F11538100: The snapshot info is null. Setting the last applied indexto:(t:0, i:~)
2022-07-27 13:53:59,262 [pool-1158-thread-1] INFO  server.RaftServerConfigKeys (ConfUtils.java:logGet(46)) - raft.server.notification.no-leader.timeout = 300s (custom)
2022-07-27 13:53:59,262 [pool-1158-thread-1] INFO  server.RaftServerConfigKeys (ConfUtils.java:logGet(46)) - raft.server.log.use.memory = false (default)
2022-07-27 13:53:59,262 [pool-1158-thread-1] INFO  server.RaftServerConfigKeys (ConfUtils.java:logGet(46)) - raft.server.log.purge.gap = 1000000 (custom)
2022-07-27 13:53:59,262 [pool-1158-thread-1] INFO  server.RaftServerConfigKeys (ConfUtils.java:logGet(46)) - raft.server.log.appender.buffer.byte-limit = 33554432 (custom)
2022-07-27 13:53:59,262 [pool-1158-thread-1] INFO  server.RaftServerConfigKeys (ConfUtils.java:logGet(46)) - raft.server.log.statemachine.data.read.timeout = 1000ms (default)
2022-07-27 13:53:59,262 [pool-1158-thread-1] INFO  server.RaftServerConfigKeys (ConfUtils.java:logGet(46)) - raft.server.log.segment.size.max = 1048576 (custom)
2022-07-27 13:53:59,265 [pool-1158-thread-1] INFO  server.RaftServerConfigKeys (ConfUtils.java:logGet(46)) - raft.server.log.segment.cache.num.max = 2 (custom)
2022-07-27 13:53:59,265 [pool-1158-thread-1] INFO  server.RaftServerConfigKeys (ConfUtils.java:logGet(46)) - raft.server.log.segment.cache.size.max = 200MB (=209715200) (default)
2022-07-27 13:53:59,265 [pool-1158-thread-1] INFO  segmented.SegmentedRaftLogWorker (SegmentedRaftLogWorker.java:<init>(187)) - new d0f717e2-9042-4344-a562-88d1d040f01a@group-450F11538100-SegmentedRaftLogWorker for RaftStorageImpl:Storage Directory /home/runner/work/ozone/ozone/hadoop-ozone/integration-test/target/test-dir/MiniOzoneClusterImpl-17d54aa6-bde1-4bf1-a713-29851100816b/datanode-1/data/ratis/28197697-54f3-4890-a94b-450f11538100
2022-07-27 13:53:59,265 [pool-1158-thread-1] INFO  server.RaftServerConfigKeys (ConfUtils.java:logGet(46)) - raft.server.log.queue.byte-limit = 4294967296 (custom)
2022-07-27 13:53:59,266 [pool-1158-thread-1] INFO  server.RaftServerConfigKeys (ConfUtils.java:logGet(46)) - raft.server.log.queue.element-limit = 1024 (custom)
2022-07-27 13:53:59,266 [pool-1158-thread-1] INFO  server.RaftServerConfigKeys (ConfUtils.java:logGet(46)) - raft.server.log.segment.size.max = 1048576 (custom)
2022-07-27 13:53:59,266 [pool-1158-thread-1] INFO  server.RaftServerConfigKeys (ConfUtils.java:logGet(46)) - raft.server.log.preallocated.size = 16384 (custom)
2022-07-27 13:53:59,266 [pool-1158-thread-1] INFO  server.RaftServerConfigKeys (ConfUtils.java:logGet(46)) - raft.server.log.force.sync.num = 128 (default)
2022-07-27 13:53:59,266 [pool-1158-thread-1] INFO  server.RaftServerConfigKeys (ConfUtils.java:logGet(46)) - raft.server.log.statemachine.data.sync = true (default)
2022-07-27 13:53:59,266 [pool-1158-thread-1] INFO  server.RaftServerConfigKeys (ConfUtils.java:logGet(46)) - raft.server.log.statemachine.data.sync.timeout = 10s (default)
2022-07-27 13:53:59,266 [pool-1158-thread-1] INFO  server.RaftServerConfigKeys (ConfUtils.java:logGet(46)) - raft.server.log.statemachine.data.sync.timeout.retry = -1 (default)
2022-07-27 13:53:59,267 [pool-1158-thread-1] INFO  server.RaftServerConfigKeys (ConfUtils.java:logGet(46)) - raft.server.log.write.buffer.size = 1048576 (custom)
2022-07-27 13:53:59,267 [pool-1158-thread-1] INFO  server.RaftServerConfigKeys (ConfUtils.java:logGet(46)) - raft.server.log.unsafe-flush.enabled = false (default)
2022-07-27 13:53:59,267 [pool-1158-thread-1] INFO  server.RaftServerConfigKeys (ConfUtils.java:logGet(46)) - raft.server.log.statemachine.data.caching.enabled = true (custom)
2022-07-27 13:53:59,267 [pool-1158-thread-1] INFO  segmented.SegmentedRaftLogWorker (SegmentedRaftLogWorker.java:lambda$new$0(135)) - d0f717e2-9042-4344-a562-88d1d040f01a@group-450F11538100-SegmentedRaftLogWorker: flushIndex: setUnconditionally 0 -> -1
2022-07-27 13:53:59,267 [pool-1158-thread-1] INFO  segmented.SegmentedRaftLogWorker (SegmentedRaftLogWorker.java:lambda$new$0(135)) - d0f717e2-9042-4344-a562-88d1d040f01a@group-450F11538100-SegmentedRaftLogWorker: safeCacheEvictIndex: setUnconditionally 0 -> -1
2022-07-27 13:53:59,289 [pool-1158-thread-1] INFO  server.RaftServerConfigKeys (ConfUtils.java:logGet(46)) - raft.server.snapshot.auto.trigger.enabled = true (custom)
2022-07-27 13:53:59,289 [pool-1158-thread-1] INFO  server.RaftServerConfigKeys (ConfUtils.java:logGet(46)) - raft.server.snapshot.auto.trigger.threshold = 10000 (custom)
2022-07-27 13:53:59,289 [pool-1158-thread-1] INFO  server.RaftServerConfigKeys (ConfUtils.java:logGet(46)) - raft.server.snapshot.retention.file.num = 5 (custom)
2022-07-27 13:53:59,289 [pool-1158-thread-1] INFO  server.RaftServerConfigKeys (ConfUtils.java:logGet(46)) - raft.server.log.purge.upto.snapshot.index = false (default)
2022-07-27 13:53:59,289 [pool-1158-thread-1] INFO  server.RaftServerConfigKeys (ConfUtils.java:logGet(46)) - raft.server.retrycache.expirytime = 600000ms (custom)
2022-07-27 13:53:59,289 [pool-1158-thread-1] INFO  server.RaftServerConfigKeys (ConfUtils.java:logGet(46)) - raft.server.retrycache.statistics.expirytime = 100μs (default)
2022-07-27 13:53:59,291 [pool-1158-thread-1] INFO  server.RaftServerConfigKeys (ConfUtils.java:logGet(46)) - raft.server.log.appender.install.snapshot.enabled = false (custom)
2022-07-27 13:53:59,291 [pool-1158-thread-1] INFO  server.RaftServerConfigKeys (ConfUtils.java:logGet(46)) - raft.server.threadpool.server.cached = true (default)
2022-07-27 13:53:59,291 [pool-1158-thread-1] INFO  server.RaftServerConfigKeys (ConfUtils.java:logGet(46)) - raft.server.threadpool.server.size = 0 (default)
2022-07-27 13:53:59,291 [pool-1158-thread-1] INFO  server.RaftServerConfigKeys (ConfUtils.java:logGet(46)) - raft.server.threadpool.client.cached = true (default)
2022-07-27 13:53:59,291 [pool-1158-thread-1] INFO  server.RaftServerConfigKeys (ConfUtils.java:logGet(46)) - raft.server.threadpool.client.size = 0 (default)
2022-07-27 13:53:59,291 [pool-1158-thread-1] INFO  server.RaftServer$Division (RaftServerImpl.java:start(310)) - d0f717e2-9042-4344-a562-88d1d040f01a@group-450F11538100: start as a follower, conf=-1: [05b7ade2-c08f-4f72-be79-8d526602fcb9|rpc:10.1.0.21:42545|dataStream:|priority:1, 34ea5659-743d-4920-98aa-921f1ee7ea0c|rpc:10.1.0.21:38521|dataStream:|priority:0, d0f717e2-9042-4344-a562-88d1d040f01a|rpc:10.1.0.21:42759|dataStream:|priority:0], old=null
2022-07-27 13:53:59,291 [pool-1158-thread-1] INFO  server.RaftServer$Division (RaftServerImpl.java:setRole(299)) - d0f717e2-9042-4344-a562-88d1d040f01a@group-450F11538100: changes role from      null to FOLLOWER at term 0 for startAsFollower
2022-07-27 13:53:59,291 [pool-1158-thread-1] INFO  impl.RoleInfo (RoleInfo.java:updateAndGet(139)) - d0f717e2-9042-4344-a562-88d1d040f01a: start d0f717e2-9042-4344-a562-88d1d040f01a@group-450F11538100-FollowerState
2022-07-27 13:53:59,303 [pool-1158-thread-1] INFO  util.JmxRegister (JmxRegister.java:tryRegister(44)) - Successfully registered JMX Bean with object name Ratis:service=RaftServer,group=group-450F11538100,id=d0f717e2-9042-4344-a562-88d1d040f01a
2022-07-27 13:53:59,340 [Command processor thread] INFO  commandhandler.CreatePipelineCommandHandler (CreatePipelineCommandHandler.java:handle(113)) - Created Pipeline RATIS THREE PipelineID=28197697-54f3-4890-a94b-450f11538100.
2022-07-27 13:53:59,439 [Command processor thread] INFO  server.RaftServer (RaftServerProxy.java:addNew(96)) - d0f717e2-9042-4344-a562-88d1d040f01a: addNew group-B983E570C814:[d0f717e2-9042-4344-a562-88d1d040f01a|rpc:10.1.0.21:42759|priority:1] returns group-B983E570C814:java.util.concurrent.CompletableFuture@4c0d7ed7[Not completed]
2022-07-27 13:53:59,440 [pool-1158-thread-1] INFO  server.RaftServer$Division (RaftServerImpl.java:<init>(190)) - d0f717e2-9042-4344-a562-88d1d040f01a: new RaftServerImpl for group-B983E570C814:[d0f717e2-9042-4344-a562-88d1d040f01a|rpc:10.1.0.21:42759|priority:1] with ContainerStateMachine:uninitialized
2022-07-27 13:53:59,440 [pool-1158-thread-1] INFO  server.RaftServerConfigKeys (ConfUtils.java:logGet(46)) - raft.server.rpc.timeout.min = 5s (custom)
2022-07-27 13:53:59,440 [pool-1158-thread-1] INFO  server.RaftServerConfigKeys (ConfUtils.java:logGet(46)) - raft.server.rpc.timeout.max = 5200ms (custom)
2022-07-27 13:53:59,440 [pool-1158-thread-1] INFO  server.RaftServerConfigKeys (ConfUtils.java:logGet(46)) - raft.server.rpc.sleep.time = 25ms (default)
2022-07-27 13:53:59,440 [pool-1158-thread-1] INFO  server.RaftServerConfigKeys (ConfUtils.java:logGet(46)) - raft.server.rpc.slowness.timeout = 300s (custom)
2022-07-27 13:53:59,440 [pool-1158-thread-1] INFO  server.RaftServerConfigKeys (ConfUtils.java:logGet(46)) - raft.server.leaderelection.leader.step-down.wait-time = 10s (default)
2022-07-27 13:53:59,440 [pool-1158-thread-1] INFO  server.RaftServerConfigKeys (ConfUtils.java:logGet(46)) - raft.server.sleep.deviation.threshold = 300ms (default)
2022-07-27 13:53:59,440 [pool-1158-thread-1] INFO  server.RaftServer$Division (ServerState.java:<init>(107)) - d0f717e2-9042-4344-a562-88d1d040f01a@group-B983E570C814: ConfigurationManager, init=-1: [d0f717e2-9042-4344-a562-88d1d040f01a|rpc:10.1.0.21:42759|priority:1], old=null, confs=<EMPTY_MAP>
2022-07-27 13:53:59,440 [pool-1158-thread-1] INFO  server.RaftServerConfigKeys (ConfUtils.java:logGet(46)) - raft.server.storage.dir = [/home/runner/work/ozone/ozone/hadoop-ozone/integration-test/target/test-dir/MiniOzoneClusterImpl-17d54aa6-bde1-4bf1-a713-29851100816b/datanode-1/data/ratis] (custom)
2022-07-27 13:53:59,440 [pool-1158-thread-1] INFO  server.RaftServerConfigKeys (ConfUtils.java:logGet(46)) - raft.server.log.corruption.policy = EXCEPTION (default)
2022-07-27 13:53:59,440 [pool-1158-thread-1] INFO  server.RaftServerConfigKeys (ConfUtils.java:logGet(46)) - raft.server.storage.free-space.min = 0MB (=0) (default)
2022-07-27 13:53:59,440 [pool-1158-thread-1] INFO  storage.RaftStorageDirectory (RaftStorageDirectoryImpl.java:analyzeStorage(135)) - The storage directory /home/runner/work/ozone/ozone/hadoop-ozone/integration-test/target/test-dir/MiniOzoneClusterImpl-17d54aa6-bde1-4bf1-a713-29851100816b/datanode-1/data/ratis/11bf9fd3-12d2-463f-a438-b983e570c814 does not exist. Creating ...
2022-07-27 13:53:59,444 [pool-1158-thread-1] INFO  storage.RaftStorageDirectory (RaftStorageDirectoryImpl.java:tryLock(230)) - Lock on /home/runner/work/ozone/ozone/hadoop-ozone/integration-test/target/test-dir/MiniOzoneClusterImpl-17d54aa6-bde1-4bf1-a713-29851100816b/datanode-1/data/ratis/11bf9fd3-12d2-463f-a438-b983e570c814/in_use.lock acquired by nodename 11093@fv-az217-261
2022-07-27 13:53:59,451 [pool-1158-thread-1] INFO  storage.RaftStorage (RaftStorageImpl.java:format(89)) - Storage directory /home/runner/work/ozone/ozone/hadoop-ozone/integration-test/target/test-dir/MiniOzoneClusterImpl-17d54aa6-bde1-4bf1-a713-29851100816b/datanode-1/data/ratis/11bf9fd3-12d2-463f-a438-b983e570c814 has been successfully formatted.
2022-07-27 13:53:59,452 [pool-1158-thread-1] INFO  ratis.ContainerStateMachine (ContainerStateMachine.java:loadSnapshot(236)) - group-B983E570C814: The snapshot info is null. Setting the last applied indexto:(t:0, i:~)
2022-07-27 13:53:59,454 [pool-1158-thread-1] INFO  server.RaftServerConfigKeys (ConfUtils.java:logGet(46)) - raft.server.notification.no-leader.timeout = 300s (custom)
2022-07-27 13:53:59,454 [pool-1158-thread-1] INFO  server.RaftServerConfigKeys (ConfUtils.java:logGet(46)) - raft.server.log.use.memory = false (default)
2022-07-27 13:53:59,454 [pool-1158-thread-1] INFO  server.RaftServerConfigKeys (ConfUtils.java:logGet(46)) - raft.server.log.purge.gap = 1000000 (custom)
2022-07-27 13:53:59,454 [pool-1158-thread-1] INFO  server.RaftServerConfigKeys (ConfUtils.java:logGet(46)) - raft.server.log.appender.buffer.byte-limit = 33554432 (custom)
2022-07-27 13:53:59,454 [pool-1158-thread-1] INFO  server.RaftServerConfigKeys (ConfUtils.java:logGet(46)) - raft.server.log.statemachine.data.read.timeout = 1000ms (default)
2022-07-27 13:53:59,454 [pool-1158-thread-1] INFO  server.RaftServerConfigKeys (ConfUtils.java:logGet(46)) - raft.server.log.segment.size.max = 1048576 (custom)
2022-07-27 13:53:59,455 [pool-1158-thread-1] INFO  server.RaftServerConfigKeys (ConfUtils.java:logGet(46)) - raft.server.log.segment.cache.num.max = 2 (custom)
2022-07-27 13:53:59,455 [pool-1158-thread-1] INFO  server.RaftServerConfigKeys (ConfUtils.java:logGet(46)) - raft.server.log.segment.cache.size.max = 200MB (=209715200) (default)
2022-07-27 13:53:59,455 [pool-1158-thread-1] INFO  segmented.SegmentedRaftLogWorker (SegmentedRaftLogWorker.java:<init>(187)) - new d0f717e2-9042-4344-a562-88d1d040f01a@group-B983E570C814-SegmentedRaftLogWorker for RaftStorageImpl:Storage Directory /home/runner/work/ozone/ozone/hadoop-ozone/integration-test/target/test-dir/MiniOzoneClusterImpl-17d54aa6-bde1-4bf1-a713-29851100816b/datanode-1/data/ratis/11bf9fd3-12d2-463f-a438-b983e570c814
2022-07-27 13:53:59,455 [pool-1158-thread-1] INFO  server.RaftServerConfigKeys (ConfUtils.java:logGet(46)) - raft.server.log.queue.byte-limit = 4294967296 (custom)
2022-07-27 13:53:59,455 [pool-1158-thread-1] INFO  server.RaftServerConfigKeys (ConfUtils.java:logGet(46)) - raft.server.log.queue.element-limit = 1024 (custom)
2022-07-27 13:53:59,455 [pool-1158-thread-1] INFO  server.RaftServerConfigKeys (ConfUtils.java:logGet(46)) - raft.server.log.segment.size.max = 1048576 (custom)
2022-07-27 13:53:59,455 [pool-1158-thread-1] INFO  server.RaftServerConfigKeys (ConfUtils.java:logGet(46)) - raft.server.log.preallocated.size = 16384 (custom)
2022-07-27 13:53:59,455 [pool-1158-thread-1] INFO  server.RaftServerConfigKeys (ConfUtils.java:logGet(46)) - raft.server.log.force.sync.num = 128 (default)
2022-07-27 13:53:59,455 [pool-1158-thread-1] INFO  server.RaftServerConfigKeys (ConfUtils.java:logGet(46)) - raft.server.log.statemachine.data.sync = true (default)
2022-07-27 13:53:59,456 [pool-1158-thread-1] INFO  server.RaftServerConfigKeys (ConfUtils.java:logGet(46)) - raft.server.log.statemachine.data.sync.timeout = 10s (default)
2022-07-27 13:53:59,456 [pool-1158-thread-1] INFO  server.RaftServerConfigKeys (ConfUtils.java:logGet(46)) - raft.server.log.statemachine.data.sync.timeout.retry = -1 (default)
2022-07-27 13:53:59,457 [pool-1158-thread-1] INFO  server.RaftServerConfigKeys (ConfUtils.java:logGet(46)) - raft.server.log.write.buffer.size = 1048576 (custom)
2022-07-27 13:53:59,457 [pool-1158-thread-1] INFO  server.RaftServerConfigKeys (ConfUtils.java:logGet(46)) - raft.server.log.unsafe-flush.enabled = false (default)
2022-07-27 13:53:59,457 [pool-1158-thread-1] INFO  server.RaftServerConfigKeys (ConfUtils.java:logGet(46)) - raft.server.log.statemachine.data.caching.enabled = true (custom)
2022-07-27 13:53:59,457 [pool-1158-thread-1] INFO  segmented.SegmentedRaftLogWorker (SegmentedRaftLogWorker.java:lambda$new$0(135)) - d0f717e2-9042-4344-a562-88d1d040f01a@group-B983E570C814-SegmentedRaftLogWorker: flushIndex: setUnconditionally 0 -> -1
2022-07-27 13:53:59,457 [pool-1158-thread-1] INFO  segmented.SegmentedRaftLogWorker (SegmentedRaftLogWorker.java:lambda$new$0(135)) - d0f717e2-9042-4344-a562-88d1d040f01a@group-B983E570C814-SegmentedRaftLogWorker: safeCacheEvictIndex: setUnconditionally 0 -> -1
2022-07-27 13:53:59,459 [EventQueue-PipelineReportForPipelineReportHandler] INFO  pipeline.PipelineManagerImpl (PipelineManagerImpl.java:openPipeline(367)) - Pipeline Pipeline[ Id: 11bf9fd3-12d2-463f-a438-b983e570c814, Nodes: d0f717e2-9042-4344-a562-88d1d040f01a{ip: 10.1.0.21, host: fv-az217-261.5fhmivlnczbevhjmk01nzrxweh.bx.internal.cloudapp.net, ports: [REPLICATION=44553, RATIS=42759, RATIS_ADMIN=42759, RATIS_SERVER=42759, STANDALONE=36337], networkLocation: /default-rack, certSerialId: null, persistedOpState: IN_SERVICE, persistedOpStateExpiryEpochSec: 0}, ReplicationConfig: RATIS/ONE, State:ALLOCATED, leaderId:d0f717e2-9042-4344-a562-88d1d040f01a, CreationTimestamp2022-07-27T13:53:56.443Z[Etc/UTC]] moved to OPEN state
2022-07-27 13:53:59,459 [EventQueue-OpenPipelineForHealthyPipelineSafeModeRule] INFO  safemode.SCMSafeModeManager (HealthyPipelineSafeModeRule.java:process(137)) - SCM in safe mode. Healthy pipelines reported count is 0, required healthy pipeline reported count is 1
2022-07-27 13:53:59,469 [pool-1158-thread-1] INFO  server.RaftServerConfigKeys (ConfUtils.java:logGet(46)) - raft.server.snapshot.auto.trigger.enabled = true (custom)
2022-07-27 13:53:59,469 [pool-1158-thread-1] INFO  server.RaftServerConfigKeys (ConfUtils.java:logGet(46)) - raft.server.snapshot.auto.trigger.threshold = 10000 (custom)
2022-07-27 13:53:59,469 [pool-1158-thread-1] INFO  server.RaftServerConfigKeys (ConfUtils.java:logGet(46)) - raft.server.snapshot.retention.file.num = 5 (custom)
2022-07-27 13:53:59,469 [pool-1158-thread-1] INFO  server.RaftServerConfigKeys (ConfUtils.java:logGet(46)) - raft.server.log.purge.upto.snapshot.index = false (default)
2022-07-27 13:53:59,469 [pool-1158-thread-1] INFO  server.RaftServerConfigKeys (ConfUtils.java:logGet(46)) - raft.server.retrycache.expirytime = 600000ms (custom)
2022-07-27 13:53:59,469 [pool-1158-thread-1] INFO  server.RaftServerConfigKeys (ConfUtils.java:logGet(46)) - raft.server.retrycache.statistics.expirytime = 100μs (default)
2022-07-27 13:53:59,470 [pool-1158-thread-1] INFO  server.RaftServerConfigKeys (ConfUtils.java:logGet(46)) - raft.server.log.appender.install.snapshot.enabled = false (custom)
2022-07-27 13:53:59,470 [pool-1158-thread-1] INFO  server.RaftServerConfigKeys (ConfUtils.java:logGet(46)) - raft.server.threadpool.server.cached = true (default)
2022-07-27 13:53:59,470 [pool-1158-thread-1] INFO  server.RaftServerConfigKeys (ConfUtils.java:logGet(46)) - raft.server.threadpool.server.size = 0 (default)
2022-07-27 13:53:59,470 [pool-1158-thread-1] INFO  server.RaftServerConfigKeys (ConfUtils.java:logGet(46)) - raft.server.threadpool.client.cached = true (default)
2022-07-27 13:53:59,470 [pool-1158-thread-1] INFO  server.RaftServerConfigKeys (ConfUtils.java:logGet(46)) - raft.server.threadpool.client.size = 0 (default)
2022-07-27 13:53:59,470 [pool-1158-thread-1] INFO  server.RaftServer$Division (RaftServerImpl.java:start(310)) - d0f717e2-9042-4344-a562-88d1d040f01a@group-B983E570C814: start as a follower, conf=-1: [d0f717e2-9042-4344-a562-88d1d040f01a|rpc:10.1.0.21:42759|priority:1], old=null
2022-07-27 13:53:59,470 [pool-1158-thread-1] INFO  server.RaftServer$Division (RaftServerImpl.java:setRole(299)) - d0f717e2-9042-4344-a562-88d1d040f01a@group-B983E570C814: changes role from      null to FOLLOWER at term 0 for startAsFollower
2022-07-27 13:53:59,471 [pool-1158-thread-1] INFO  impl.RoleInfo (RoleInfo.java:updateAndGet(139)) - d0f717e2-9042-4344-a562-88d1d040f01a: start d0f717e2-9042-4344-a562-88d1d040f01a@group-B983E570C814-FollowerState
2022-07-27 13:53:59,478 [pool-1158-thread-1] INFO  util.JmxRegister (JmxRegister.java:tryRegister(44)) - Successfully registered JMX Bean with object name Ratis:service=RaftServer,group=group-B983E570C814,id=d0f717e2-9042-4344-a562-88d1d040f01a
2022-07-27 13:53:59,499 [Command processor thread] INFO  ratis.XceiverServerRatis (XceiverServerRatis.java:addGroup(765)) - Created group PipelineID=11bf9fd3-12d2-463f-a438-b983e570c814
2022-07-27 13:53:59,499 [Command processor thread] INFO  commandhandler.CreatePipelineCommandHandler (CreatePipelineCommandHandler.java:handle(113)) - Created Pipeline RATIS ONE PipelineID=11bf9fd3-12d2-463f-a438-b983e570c814.
2022-07-27 13:53:59,728 [Listener at 127.0.0.1/41147] INFO  ozone.MiniOzoneClusterImpl (MiniOzoneClusterImpl.java:lambda$waitForClusterToBeReady$0(216)) - Waiting for nodes to be ready. Got 4 of 5 DN Heartbeats.
2022-07-27 13:53:59,728 [Listener at 127.0.0.1/41147] INFO  ozone.MiniOzoneClusterImpl (MiniOzoneClusterImpl.java:lambda$waitForClusterToBeReady$0(219)) - Waiting for cluster to exit safe mode
2022-07-27 13:53:59,728 [Listener at 127.0.0.1/41147] INFO  ozone.MiniOzoneClusterImpl (MiniOzoneClusterImpl.java:lambda$waitForClusterToBeReady$0(221)) - SCM became leader
2022-07-27 13:53:59,825 [IPC Server handler 17 on default port 38947] INFO  net.NetworkTopologyImpl (NetworkTopologyImpl.java:add(112)) - Added a new node: /default-rack/e553176d-d5e6-48b0-ac0f-e41e398e3d2d
2022-07-27 13:53:59,825 [IPC Server handler 17 on default port 38947] INFO  node.SCMNodeManager (SCMNodeManager.java:register(397)) - Registered Data node : e553176d-d5e6-48b0-ac0f-e41e398e3d2d{ip: 10.1.0.21, host: fv-az217-261.5fhmivlnczbevhjmk01nzrxweh.bx.internal.cloudapp.net, ports: [REPLICATION=43871, RATIS=44875, RATIS_ADMIN=44875, RATIS_SERVER=44875, STANDALONE=34037], networkLocation: /default-rack, certSerialId: null, persistedOpState: null, persistedOpStateExpiryEpochSec: 0}
2022-07-27 13:53:59,825 [EventQueue-NewNodeForNewNodeHandler] INFO  pipeline.BackgroundPipelineCreator (BackgroundPipelineCreator.java:notifyEventTriggered(276)) - trigger a one-shot run on RatisPipelineUtilsThread.
2022-07-27 13:53:59,827 [RatisPipelineUtilsThread - 0] INFO  pipeline.RatisPipelineProvider (RatisPipelineProvider.java:lambda$create$0(195)) - Sending CreatePipelineCommand for pipeline:PipelineID=dfebbd3d-548f-4bf0-a80f-9d7bf6ff5065 to datanode:e553176d-d5e6-48b0-ac0f-e41e398e3d2d
2022-07-27 13:53:59,827 [RatisPipelineUtilsThread - 0] INFO  pipeline.PipelineStateManagerImpl (PipelineStateManagerImpl.java:addPipeline(103)) - Created pipeline Pipeline[ Id: dfebbd3d-548f-4bf0-a80f-9d7bf6ff5065, Nodes: e553176d-d5e6-48b0-ac0f-e41e398e3d2d{ip: 10.1.0.21, host: fv-az217-261.5fhmivlnczbevhjmk01nzrxweh.bx.internal.cloudapp.net, ports: [REPLICATION=43871, RATIS=44875, RATIS_ADMIN=44875, RATIS_SERVER=44875, STANDALONE=34037], networkLocation: /default-rack, certSerialId: null, persistedOpState: IN_SERVICE, persistedOpStateExpiryEpochSec: 0}, ReplicationConfig: RATIS/ONE, State:ALLOCATED, leaderId:, CreationTimestamp2022-07-27T13:53:59.827Z[Etc/UTC]].
2022-07-27 13:54:00,283 [Command processor thread] INFO  server.RaftServer (RaftServerProxy.java:addNew(96)) - 05b7ade2-c08f-4f72-be79-8d526602fcb9: addNew group-EC81AB38877F:[05b7ade2-c08f-4f72-be79-8d526602fcb9|rpc:10.1.0.21:42545|priority:1] returns group-EC81AB38877F:java.util.concurrent.CompletableFuture@6a5ae14f[Not completed]
2022-07-27 13:54:00,284 [pool-1181-thread-1] INFO  server.RaftServer$Division (RaftServerImpl.java:<init>(190)) - 05b7ade2-c08f-4f72-be79-8d526602fcb9: new RaftServerImpl for group-EC81AB38877F:[05b7ade2-c08f-4f72-be79-8d526602fcb9|rpc:10.1.0.21:42545|priority:1] with ContainerStateMachine:uninitialized
2022-07-27 13:54:00,284 [pool-1181-thread-1] INFO  server.RaftServerConfigKeys (ConfUtils.java:logGet(46)) - raft.server.rpc.timeout.min = 5s (custom)
2022-07-27 13:54:00,284 [pool-1181-thread-1] INFO  server.RaftServerConfigKeys (ConfUtils.java:logGet(46)) - raft.server.rpc.timeout.max = 5200ms (custom)
2022-07-27 13:54:00,284 [pool-1181-thread-1] INFO  server.RaftServerConfigKeys (ConfUtils.java:logGet(46)) - raft.server.rpc.sleep.time = 25ms (default)
2022-07-27 13:54:00,284 [pool-1181-thread-1] INFO  server.RaftServerConfigKeys (ConfUtils.java:logGet(46)) - raft.server.rpc.slowness.timeout = 300s (custom)
2022-07-27 13:54:00,284 [pool-1181-thread-1] INFO  server.RaftServerConfigKeys (ConfUtils.java:logGet(46)) - raft.server.leaderelection.leader.step-down.wait-time = 10s (default)
2022-07-27 13:54:00,284 [pool-1181-thread-1] INFO  server.RaftServerConfigKeys (ConfUtils.java:logGet(46)) - raft.server.sleep.deviation.threshold = 300ms (default)
2022-07-27 13:54:00,284 [pool-1181-thread-1] INFO  server.RaftServer$Division (ServerState.java:<init>(107)) - 05b7ade2-c08f-4f72-be79-8d526602fcb9@group-EC81AB38877F: ConfigurationManager, init=-1: [05b7ade2-c08f-4f72-be79-8d526602fcb9|rpc:10.1.0.21:42545|priority:1], old=null, confs=<EMPTY_MAP>
2022-07-27 13:54:00,284 [pool-1181-thread-1] INFO  server.RaftServerConfigKeys (ConfUtils.java:logGet(46)) - raft.server.storage.dir = [/home/runner/work/ozone/ozone/hadoop-ozone/integration-test/target/test-dir/MiniOzoneClusterImpl-17d54aa6-bde1-4bf1-a713-29851100816b/datanode-2/data/ratis] (custom)
2022-07-27 13:54:00,284 [pool-1181-thread-1] INFO  server.RaftServerConfigKeys (ConfUtils.java:logGet(46)) - raft.server.log.corruption.policy = EXCEPTION (default)
2022-07-27 13:54:00,284 [pool-1181-thread-1] INFO  server.RaftServerConfigKeys (ConfUtils.java:logGet(46)) - raft.server.storage.free-space.min = 0MB (=0) (default)
2022-07-27 13:54:00,284 [pool-1181-thread-1] INFO  storage.RaftStorageDirectory (RaftStorageDirectoryImpl.java:analyzeStorage(135)) - The storage directory /home/runner/work/ozone/ozone/hadoop-ozone/integration-test/target/test-dir/MiniOzoneClusterImpl-17d54aa6-bde1-4bf1-a713-29851100816b/datanode-2/data/ratis/edf86fc8-68fb-4ddd-9ac3-ec81ab38877f does not exist. Creating ...
2022-07-27 13:54:00,287 [pool-1181-thread-1] INFO  storage.RaftStorageDirectory (RaftStorageDirectoryImpl.java:tryLock(230)) - Lock on /home/runner/work/ozone/ozone/hadoop-ozone/integration-test/target/test-dir/MiniOzoneClusterImpl-17d54aa6-bde1-4bf1-a713-29851100816b/datanode-2/data/ratis/edf86fc8-68fb-4ddd-9ac3-ec81ab38877f/in_use.lock acquired by nodename 11093@fv-az217-261
2022-07-27 13:54:00,290 [pool-1181-thread-1] INFO  storage.RaftStorage (RaftStorageImpl.java:format(89)) - Storage directory /home/runner/work/ozone/ozone/hadoop-ozone/integration-test/target/test-dir/MiniOzoneClusterImpl-17d54aa6-bde1-4bf1-a713-29851100816b/datanode-2/data/ratis/edf86fc8-68fb-4ddd-9ac3-ec81ab38877f has been successfully formatted.
2022-07-27 13:54:00,290 [pool-1181-thread-1] INFO  ratis.ContainerStateMachine (ContainerStateMachine.java:loadSnapshot(236)) - group-EC81AB38877F: The snapshot info is null. Setting the last applied indexto:(t:0, i:~)
2022-07-27 13:54:00,290 [pool-1181-thread-1] INFO  server.RaftServerConfigKeys (ConfUtils.java:logGet(46)) - raft.server.notification.no-leader.timeout = 300s (custom)
2022-07-27 13:54:00,290 [pool-1181-thread-1] INFO  server.RaftServerConfigKeys (ConfUtils.java:logGet(46)) - raft.server.log.use.memory = false (default)
2022-07-27 13:54:00,290 [pool-1181-thread-1] INFO  server.RaftServerConfigKeys (ConfUtils.java:logGet(46)) - raft.server.log.purge.gap = 1000000 (custom)
2022-07-27 13:54:00,290 [pool-1181-thread-1] INFO  server.RaftServerConfigKeys (ConfUtils.java:logGet(46)) - raft.server.log.appender.buffer.byte-limit = 33554432 (custom)
2022-07-27 13:54:00,290 [pool-1181-thread-1] INFO  server.RaftServerConfigKeys (ConfUtils.java:logGet(46)) - raft.server.log.statemachine.data.read.timeout = 1000ms (default)
2022-07-27 13:54:00,290 [pool-1181-thread-1] INFO  server.RaftServerConfigKeys (ConfUtils.java:logGet(46)) - raft.server.log.segment.size.max = 1048576 (custom)
2022-07-27 13:54:00,292 [EventQueue-PipelineReportForPipelineReportHandler] INFO  pipeline.PipelineManagerImpl (PipelineManagerImpl.java:openPipeline(367)) - Pipeline Pipeline[ Id: edf86fc8-68fb-4ddd-9ac3-ec81ab38877f, Nodes: 05b7ade2-c08f-4f72-be79-8d526602fcb9{ip: 10.1.0.21, host: fv-az217-261.5fhmivlnczbevhjmk01nzrxweh.bx.internal.cloudapp.net, ports: [REPLICATION=36621, RATIS=42545, RATIS_ADMIN=42545, RATIS_SERVER=42545, STANDALONE=42317], networkLocation: /default-rack, certSerialId: null, persistedOpState: IN_SERVICE, persistedOpStateExpiryEpochSec: 0}, ReplicationConfig: RATIS/ONE, State:ALLOCATED, leaderId:05b7ade2-c08f-4f72-be79-8d526602fcb9, CreationTimestamp2022-07-27T13:53:57.300Z[Etc/UTC]] moved to OPEN state
2022-07-27 13:54:00,292 [EventQueue-OpenPipelineForHealthyPipelineSafeModeRule] INFO  safemode.SCMSafeModeManager (HealthyPipelineSafeModeRule.java:process(137)) - SCM in safe mode. Healthy pipelines reported count is 0, required healthy pipeline reported count is 1
2022-07-27 13:54:00,292 [pool-1181-thread-1] INFO  server.RaftServerConfigKeys (ConfUtils.java:logGet(46)) - raft.server.log.segment.cache.num.max = 2 (custom)
2022-07-27 13:54:00,292 [pool-1181-thread-1] INFO  server.RaftServerConfigKeys (ConfUtils.java:logGet(46)) - raft.server.log.segment.cache.size.max = 200MB (=209715200) (default)
2022-07-27 13:54:00,292 [pool-1181-thread-1] INFO  segmented.SegmentedRaftLogWorker (SegmentedRaftLogWorker.java:<init>(187)) - new 05b7ade2-c08f-4f72-be79-8d526602fcb9@group-EC81AB38877F-SegmentedRaftLogWorker for RaftStorageImpl:Storage Directory /home/runner/work/ozone/ozone/hadoop-ozone/integration-test/target/test-dir/MiniOzoneClusterImpl-17d54aa6-bde1-4bf1-a713-29851100816b/datanode-2/data/ratis/edf86fc8-68fb-4ddd-9ac3-ec81ab38877f
2022-07-27 13:54:00,292 [pool-1181-thread-1] INFO  server.RaftServerConfigKeys (ConfUtils.java:logGet(46)) - raft.server.log.queue.byte-limit = 4294967296 (custom)
2022-07-27 13:54:00,292 [pool-1181-thread-1] INFO  server.RaftServerConfigKeys (ConfUtils.java:logGet(46)) - raft.server.log.queue.element-limit = 1024 (custom)
2022-07-27 13:54:00,293 [pool-1181-thread-1] INFO  server.RaftServerConfigKeys (ConfUtils.java:logGet(46)) - raft.server.log.segment.size.max = 1048576 (custom)
2022-07-27 13:54:00,293 [pool-1181-thread-1] INFO  server.RaftServerConfigKeys (ConfUtils.java:logGet(46)) - raft.server.log.preallocated.size = 16384 (custom)
2022-07-27 13:54:00,293 [pool-1181-thread-1] INFO  server.RaftServerConfigKeys (ConfUtils.java:logGet(46)) - raft.server.log.force.sync.num = 128 (default)
2022-07-27 13:54:00,293 [pool-1181-thread-1] INFO  server.RaftServerConfigKeys (ConfUtils.java:logGet(46)) - raft.server.log.statemachine.data.sync = true (default)
2022-07-27 13:54:00,293 [pool-1181-thread-1] INFO  server.RaftServerConfigKeys (ConfUtils.java:logGet(46)) - raft.server.log.statemachine.data.sync.timeout = 10s (default)
2022-07-27 13:54:00,293 [pool-1181-thread-1] INFO  server.RaftServerConfigKeys (ConfUtils.java:logGet(46)) - raft.server.log.statemachine.data.sync.timeout.retry = -1 (default)
2022-07-27 13:54:00,294 [pool-1181-thread-1] INFO  server.RaftServerConfigKeys (ConfUtils.java:logGet(46)) - raft.server.log.write.buffer.size = 1048576 (custom)
2022-07-27 13:54:00,294 [pool-1181-thread-1] INFO  server.RaftServerConfigKeys (ConfUtils.java:logGet(46)) - raft.server.log.unsafe-flush.enabled = false (default)
2022-07-27 13:54:00,294 [pool-1181-thread-1] INFO  server.RaftServerConfigKeys (ConfUtils.java:logGet(46)) - raft.server.log.statemachine.data.caching.enabled = true (custom)
2022-07-27 13:54:00,295 [pool-1181-thread-1] INFO  segmented.SegmentedRaftLogWorker (SegmentedRaftLogWorker.java:lambda$new$0(135)) - 05b7ade2-c08f-4f72-be79-8d526602fcb9@group-EC81AB38877F-SegmentedRaftLogWorker: flushIndex: setUnconditionally 0 -> -1
2022-07-27 13:54:00,295 [pool-1181-thread-1] INFO  segmented.SegmentedRaftLogWorker (SegmentedRaftLogWorker.java:lambda$new$0(135)) - 05b7ade2-c08f-4f72-be79-8d526602fcb9@group-EC81AB38877F-SegmentedRaftLogWorker: safeCacheEvictIndex: setUnconditionally 0 -> -1
2022-07-27 13:54:00,295 [pool-1181-thread-1] INFO  server.RaftServerConfigKeys (ConfUtils.java:logGet(46)) - raft.server.snapshot.auto.trigger.enabled = true (custom)
2022-07-27 13:54:00,295 [pool-1181-thread-1] INFO  server.RaftServerConfigKeys (ConfUtils.java:logGet(46)) - raft.server.snapshot.auto.trigger.threshold = 10000 (custom)
2022-07-27 13:54:00,295 [pool-1181-thread-1] INFO  server.RaftServerConfigKeys (ConfUtils.java:logGet(46)) - raft.server.snapshot.retention.file.num = 5 (custom)
2022-07-27 13:54:00,295 [pool-1181-thread-1] INFO  server.RaftServerConfigKeys (ConfUtils.java:logGet(46)) - raft.server.log.purge.upto.snapshot.index = false (default)
2022-07-27 13:54:00,295 [pool-1181-thread-1] INFO  server.RaftServerConfigKeys (ConfUtils.java:logGet(46)) - raft.server.retrycache.expirytime = 600000ms (custom)
2022-07-27 13:54:00,295 [pool-1181-thread-1] INFO  server.RaftServerConfigKeys (ConfUtils.java:logGet(46)) - raft.server.retrycache.statistics.expirytime = 100μs (default)
2022-07-27 13:54:00,296 [pool-1181-thread-1] INFO  server.RaftServerConfigKeys (ConfUtils.java:logGet(46)) - raft.server.log.appender.install.snapshot.enabled = false (custom)
2022-07-27 13:54:00,296 [pool-1181-thread-1] INFO  server.RaftServerConfigKeys (ConfUtils.java:logGet(46)) - raft.server.threadpool.server.cached = true (default)
2022-07-27 13:54:00,297 [pool-1181-thread-1] INFO  server.RaftServerConfigKeys (ConfUtils.java:logGet(46)) - raft.server.threadpool.server.size = 0 (default)
2022-07-27 13:54:00,297 [pool-1181-thread-1] INFO  server.RaftServerConfigKeys (ConfUtils.java:logGet(46)) - raft.server.threadpool.client.cached = true (default)
2022-07-27 13:54:00,297 [pool-1181-thread-1] INFO  server.RaftServerConfigKeys (ConfUtils.java:logGet(46)) - raft.server.threadpool.client.size = 0 (default)
2022-07-27 13:54:00,297 [pool-1181-thread-1] INFO  server.RaftServer$Division (RaftServerImpl.java:start(310)) - 05b7ade2-c08f-4f72-be79-8d526602fcb9@group-EC81AB38877F: start as a follower, conf=-1: [05b7ade2-c08f-4f72-be79-8d526602fcb9|rpc:10.1.0.21:42545|priority:1], old=null
2022-07-27 13:54:00,297 [pool-1181-thread-1] INFO  server.RaftServer$Division (RaftServerImpl.java:setRole(299)) - 05b7ade2-c08f-4f72-be79-8d526602fcb9@group-EC81AB38877F: changes role from      null to FOLLOWER at term 0 for startAsFollower
2022-07-27 13:54:00,297 [pool-1181-thread-1] INFO  impl.RoleInfo (RoleInfo.java:updateAndGet(139)) - 05b7ade2-c08f-4f72-be79-8d526602fcb9: start 05b7ade2-c08f-4f72-be79-8d526602fcb9@group-EC81AB38877F-FollowerState
2022-07-27 13:54:00,297 [pool-1181-thread-1] INFO  util.JmxRegister (JmxRegister.java:tryRegister(44)) - Successfully registered JMX Bean with object name Ratis:service=RaftServer,group=group-EC81AB38877F,id=05b7ade2-c08f-4f72-be79-8d526602fcb9
2022-07-27 13:54:00,298 [Command processor thread] INFO  ratis.XceiverServerRatis (XceiverServerRatis.java:addGroup(765)) - Created group PipelineID=edf86fc8-68fb-4ddd-9ac3-ec81ab38877f
2022-07-27 13:54:00,298 [Command processor thread] INFO  commandhandler.CreatePipelineCommandHandler (CreatePipelineCommandHandler.java:handle(113)) - Created Pipeline RATIS ONE PipelineID=edf86fc8-68fb-4ddd-9ac3-ec81ab38877f.
2022-07-27 13:54:00,728 [Listener at 127.0.0.1/41147] INFO  ozone.MiniOzoneClusterImpl (MiniOzoneClusterImpl.java:lambda$waitForClusterToBeReady$0(216)) - Nodes are ready. Got 5 of 5 DN Heartbeats.
2022-07-27 13:54:00,728 [Listener at 127.0.0.1/41147] INFO  ozone.MiniOzoneClusterImpl (MiniOzoneClusterImpl.java:lambda$waitForClusterToBeReady$0(219)) - Waiting for cluster to exit safe mode
2022-07-27 13:54:00,728 [Listener at 127.0.0.1/41147] INFO  ozone.MiniOzoneClusterImpl (MiniOzoneClusterImpl.java:lambda$waitForClusterToBeReady$0(221)) - SCM became leader
2022-07-27 13:54:01,415 [Command processor thread] INFO  server.RaftServer (RaftServerProxy.java:addNew(96)) - ba0d50a6-d0a1-496f-95e2-eb0b08f08d74: addNew group-AD46D8B09596:[ba0d50a6-d0a1-496f-95e2-eb0b08f08d74|rpc:10.1.0.21:33003|priority:1] returns group-AD46D8B09596:java.util.concurrent.CompletableFuture@36bbcbb6[Not completed]
2022-07-27 13:54:01,448 [pool-1204-thread-1] INFO  server.RaftServer$Division (RaftServerImpl.java:<init>(190)) - ba0d50a6-d0a1-496f-95e2-eb0b08f08d74: new RaftServerImpl for group-AD46D8B09596:[ba0d50a6-d0a1-496f-95e2-eb0b08f08d74|rpc:10.1.0.21:33003|priority:1] with ContainerStateMachine:uninitialized
2022-07-27 13:54:01,448 [pool-1204-thread-1] INFO  server.RaftServerConfigKeys (ConfUtils.java:logGet(46)) - raft.server.rpc.timeout.min = 5s (custom)
2022-07-27 13:54:01,448 [pool-1204-thread-1] INFO  server.RaftServerConfigKeys (ConfUtils.java:logGet(46)) - raft.server.rpc.timeout.max = 5200ms (custom)
2022-07-27 13:54:01,448 [pool-1204-thread-1] INFO  server.RaftServerConfigKeys (ConfUtils.java:logGet(46)) - raft.server.rpc.sleep.time = 25ms (default)
2022-07-27 13:54:01,448 [pool-1204-thread-1] INFO  server.RaftServerConfigKeys (ConfUtils.java:logGet(46)) - raft.server.rpc.slowness.timeout = 300s (custom)
2022-07-27 13:54:01,448 [pool-1204-thread-1] INFO  server.RaftServerConfigKeys (ConfUtils.java:logGet(46)) - raft.server.leaderelection.leader.step-down.wait-time = 10s (default)
2022-07-27 13:54:01,449 [pool-1204-thread-1] INFO  server.RaftServerConfigKeys (ConfUtils.java:logGet(46)) - raft.server.sleep.deviation.threshold = 300ms (default)
2022-07-27 13:54:01,449 [pool-1204-thread-1] INFO  server.RaftServer$Division (ServerState.java:<init>(107)) - ba0d50a6-d0a1-496f-95e2-eb0b08f08d74@group-AD46D8B09596: ConfigurationManager, init=-1: [ba0d50a6-d0a1-496f-95e2-eb0b08f08d74|rpc:10.1.0.21:33003|priority:1], old=null, confs=<EMPTY_MAP>
2022-07-27 13:54:01,449 [pool-1204-thread-1] INFO  server.RaftServerConfigKeys (ConfUtils.java:logGet(46)) - raft.server.storage.dir = [/home/runner/work/ozone/ozone/hadoop-ozone/integration-test/target/test-dir/MiniOzoneClusterImpl-17d54aa6-bde1-4bf1-a713-29851100816b/datanode-3/data/ratis] (custom)
2022-07-27 13:54:01,449 [pool-1204-thread-1] INFO  server.RaftServerConfigKeys (ConfUtils.java:logGet(46)) - raft.server.log.corruption.policy = EXCEPTION (default)
2022-07-27 13:54:01,449 [pool-1204-thread-1] INFO  server.RaftServerConfigKeys (ConfUtils.java:logGet(46)) - raft.server.storage.free-space.min = 0MB (=0) (default)
2022-07-27 13:54:01,449 [pool-1204-thread-1] INFO  storage.RaftStorageDirectory (RaftStorageDirectoryImpl.java:analyzeStorage(135)) - The storage directory /home/runner/work/ozone/ozone/hadoop-ozone/integration-test/target/test-dir/MiniOzoneClusterImpl-17d54aa6-bde1-4bf1-a713-29851100816b/datanode-3/data/ratis/eadd8cac-5d80-401d-a2d4-ad46d8b09596 does not exist. Creating ...
2022-07-27 13:54:01,466 [pool-1204-thread-1] INFO  storage.RaftStorageDirectory (RaftStorageDirectoryImpl.java:tryLock(230)) - Lock on /home/runner/work/ozone/ozone/hadoop-ozone/integration-test/target/test-dir/MiniOzoneClusterImpl-17d54aa6-bde1-4bf1-a713-29851100816b/datanode-3/data/ratis/eadd8cac-5d80-401d-a2d4-ad46d8b09596/in_use.lock acquired by nodename 11093@fv-az217-261
2022-07-27 13:54:01,481 [pool-1204-thread-1] INFO  storage.RaftStorage (RaftStorageImpl.java:format(89)) - Storage directory /home/runner/work/ozone/ozone/hadoop-ozone/integration-test/target/test-dir/MiniOzoneClusterImpl-17d54aa6-bde1-4bf1-a713-29851100816b/datanode-3/data/ratis/eadd8cac-5d80-401d-a2d4-ad46d8b09596 has been successfully formatted.
2022-07-27 13:54:01,516 [pool-1204-thread-1] INFO  ratis.ContainerStateMachine (ContainerStateMachine.java:loadSnapshot(236)) - group-AD46D8B09596: The snapshot info is null. Setting the last applied indexto:(t:0, i:~)
2022-07-27 13:54:01,516 [pool-1204-thread-1] INFO  server.RaftServerConfigKeys (ConfUtils.java:logGet(46)) - raft.server.notification.no-leader.timeout = 300s (custom)
2022-07-27 13:54:01,516 [pool-1204-thread-1] INFO  server.RaftServerConfigKeys (ConfUtils.java:logGet(46)) - raft.server.log.use.memory = false (default)
2022-07-27 13:54:01,516 [pool-1204-thread-1] INFO  server.RaftServerConfigKeys (ConfUtils.java:logGet(46)) - raft.server.log.purge.gap = 1000000 (custom)
2022-07-27 13:54:01,517 [pool-1204-thread-1] INFO  server.RaftServerConfigKeys (ConfUtils.java:logGet(46)) - raft.server.log.appender.buffer.byte-limit = 33554432 (custom)
2022-07-27 13:54:01,517 [pool-1204-thread-1] INFO  server.RaftServerConfigKeys (ConfUtils.java:logGet(46)) - raft.server.log.statemachine.data.read.timeout = 1000ms (default)
2022-07-27 13:54:01,517 [pool-1204-thread-1] INFO  server.RaftServerConfigKeys (ConfUtils.java:logGet(46)) - raft.server.log.segment.size.max = 1048576 (custom)
2022-07-27 13:54:01,517 [pool-1204-thread-1] INFO  server.RaftServerConfigKeys (ConfUtils.java:logGet(46)) - raft.server.log.segment.cache.num.max = 2 (custom)
2022-07-27 13:54:01,517 [pool-1204-thread-1] INFO  server.RaftServerConfigKeys (ConfUtils.java:logGet(46)) - raft.server.log.segment.cache.size.max = 200MB (=209715200) (default)
2022-07-27 13:54:01,517 [pool-1204-thread-1] INFO  segmented.SegmentedRaftLogWorker (SegmentedRaftLogWorker.java:<init>(187)) - new ba0d50a6-d0a1-496f-95e2-eb0b08f08d74@group-AD46D8B09596-SegmentedRaftLogWorker for RaftStorageImpl:Storage Directory /home/runner/work/ozone/ozone/hadoop-ozone/integration-test/target/test-dir/MiniOzoneClusterImpl-17d54aa6-bde1-4bf1-a713-29851100816b/datanode-3/data/ratis/eadd8cac-5d80-401d-a2d4-ad46d8b09596
2022-07-27 13:54:01,517 [pool-1204-thread-1] INFO  server.RaftServerConfigKeys (ConfUtils.java:logGet(46)) - raft.server.log.queue.byte-limit = 4294967296 (custom)
2022-07-27 13:54:01,517 [pool-1204-thread-1] INFO  server.RaftServerConfigKeys (ConfUtils.java:logGet(46)) - raft.server.log.queue.element-limit = 1024 (custom)
2022-07-27 13:54:01,517 [pool-1204-thread-1] INFO  server.RaftServerConfigKeys (ConfUtils.java:logGet(46)) - raft.server.log.segment.size.max = 1048576 (custom)
2022-07-27 13:54:01,518 [pool-1204-thread-1] INFO  server.RaftServerConfigKeys (ConfUtils.java:logGet(46)) - raft.server.log.preallocated.size = 16384 (custom)
2022-07-27 13:54:01,518 [pool-1204-thread-1] INFO  server.RaftServerConfigKeys (ConfUtils.java:logGet(46)) - raft.server.log.force.sync.num = 128 (default)
2022-07-27 13:54:01,518 [pool-1204-thread-1] INFO  server.RaftServerConfigKeys (ConfUtils.java:logGet(46)) - raft.server.log.statemachine.data.sync = true (default)
2022-07-27 13:54:01,518 [pool-1204-thread-1] INFO  server.RaftServerConfigKeys (ConfUtils.java:logGet(46)) - raft.server.log.statemachine.data.sync.timeout = 10s (default)
2022-07-27 13:54:01,518 [pool-1204-thread-1] INFO  server.RaftServerConfigKeys (ConfUtils.java:logGet(46)) - raft.server.log.statemachine.data.sync.timeout.retry = -1 (default)
2022-07-27 13:54:01,519 [pool-1204-thread-1] INFO  server.RaftServerConfigKeys (ConfUtils.java:logGet(46)) - raft.server.log.write.buffer.size = 1048576 (custom)
2022-07-27 13:54:01,521 [pool-1204-thread-1] INFO  server.RaftServerConfigKeys (ConfUtils.java:logGet(46)) - raft.server.log.unsafe-flush.enabled = false (default)
2022-07-27 13:54:01,521 [pool-1204-thread-1] INFO  server.RaftServerConfigKeys (ConfUtils.java:logGet(46)) - raft.server.log.statemachine.data.caching.enabled = true (custom)
2022-07-27 13:54:01,522 [EventQueue-PipelineReportForPipelineReportHandler] INFO  pipeline.PipelineManagerImpl (PipelineManagerImpl.java:openPipeline(367)) - Pipeline Pipeline[ Id: eadd8cac-5d80-401d-a2d4-ad46d8b09596, Nodes: ba0d50a6-d0a1-496f-95e2-eb0b08f08d74{ip: 10.1.0.21, host: fv-az217-261.5fhmivlnczbevhjmk01nzrxweh.bx.internal.cloudapp.net, ports: [REPLICATION=36165, RATIS=33003, RATIS_ADMIN=33003, RATIS_SERVER=33003, STANDALONE=36987], networkLocation: /default-rack, certSerialId: null, persistedOpState: IN_SERVICE, persistedOpStateExpiryEpochSec: 0}, ReplicationConfig: RATIS/ONE, State:ALLOCATED, leaderId:ba0d50a6-d0a1-496f-95e2-eb0b08f08d74, CreationTimestamp2022-07-27T13:53:58.415Z[Etc/UTC]] moved to OPEN state
2022-07-27 13:54:01,522 [pool-1204-thread-1] INFO  segmented.SegmentedRaftLogWorker (SegmentedRaftLogWorker.java:lambda$new$0(135)) - ba0d50a6-d0a1-496f-95e2-eb0b08f08d74@group-AD46D8B09596-SegmentedRaftLogWorker: flushIndex: setUnconditionally 0 -> -1
2022-07-27 13:54:01,522 [pool-1204-thread-1] INFO  segmented.SegmentedRaftLogWorker (SegmentedRaftLogWorker.java:lambda$new$0(135)) - ba0d50a6-d0a1-496f-95e2-eb0b08f08d74@group-AD46D8B09596-SegmentedRaftLogWorker: safeCacheEvictIndex: setUnconditionally 0 -> -1
2022-07-27 13:54:01,522 [EventQueue-OpenPipelineForHealthyPipelineSafeModeRule] INFO  safemode.SCMSafeModeManager (HealthyPipelineSafeModeRule.java:process(137)) - SCM in safe mode. Healthy pipelines reported count is 0, required healthy pipeline reported count is 1
2022-07-27 13:54:01,528 [pool-1204-thread-1] INFO  server.RaftServerConfigKeys (ConfUtils.java:logGet(46)) - raft.server.snapshot.auto.trigger.enabled = true (custom)
2022-07-27 13:54:01,528 [pool-1204-thread-1] INFO  server.RaftServerConfigKeys (ConfUtils.java:logGet(46)) - raft.server.snapshot.auto.trigger.threshold = 10000 (custom)
2022-07-27 13:54:01,528 [pool-1204-thread-1] INFO  server.RaftServerConfigKeys (ConfUtils.java:logGet(46)) - raft.server.snapshot.retention.file.num = 5 (custom)
2022-07-27 13:54:01,528 [pool-1204-thread-1] INFO  server.RaftServerConfigKeys (ConfUtils.java:logGet(46)) - raft.server.log.purge.upto.snapshot.index = false (default)
2022-07-27 13:54:01,528 [pool-1204-thread-1] INFO  server.RaftServerConfigKeys (ConfUtils.java:logGet(46)) - raft.server.retrycache.expirytime = 600000ms (custom)
2022-07-27 13:54:01,528 [pool-1204-thread-1] INFO  server.RaftServerConfigKeys (ConfUtils.java:logGet(46)) - raft.server.retrycache.statistics.expirytime = 100μs (default)
2022-07-27 13:54:01,530 [pool-1204-thread-1] INFO  server.RaftServerConfigKeys (ConfUtils.java:logGet(46)) - raft.server.log.appender.install.snapshot.enabled = false (custom)
2022-07-27 13:54:01,530 [pool-1204-thread-1] INFO  server.RaftServerConfigKeys (ConfUtils.java:logGet(46)) - raft.server.threadpool.server.cached = true (default)
2022-07-27 13:54:01,530 [pool-1204-thread-1] INFO  server.RaftServerConfigKeys (ConfUtils.java:logGet(46)) - raft.server.threadpool.server.size = 0 (default)
2022-07-27 13:54:01,530 [pool-1204-thread-1] INFO  server.RaftServerConfigKeys (ConfUtils.java:logGet(46)) - raft.server.threadpool.client.cached = true (default)
2022-07-27 13:54:01,530 [pool-1204-thread-1] INFO  server.RaftServerConfigKeys (ConfUtils.java:logGet(46)) - raft.server.threadpool.client.size = 0 (default)
2022-07-27 13:54:01,530 [pool-1204-thread-1] INFO  server.RaftServer$Division (RaftServerImpl.java:start(310)) - ba0d50a6-d0a1-496f-95e2-eb0b08f08d74@group-AD46D8B09596: start as a follower, conf=-1: [ba0d50a6-d0a1-496f-95e2-eb0b08f08d74|rpc:10.1.0.21:33003|priority:1], old=null
2022-07-27 13:54:01,530 [pool-1204-thread-1] INFO  server.RaftServer$Division (RaftServerImpl.java:setRole(299)) - ba0d50a6-d0a1-496f-95e2-eb0b08f08d74@group-AD46D8B09596: changes role from      null to FOLLOWER at term 0 for startAsFollower
2022-07-27 13:54:01,530 [pool-1204-thread-1] INFO  impl.RoleInfo (RoleInfo.java:updateAndGet(139)) - ba0d50a6-d0a1-496f-95e2-eb0b08f08d74: start ba0d50a6-d0a1-496f-95e2-eb0b08f08d74@group-AD46D8B09596-FollowerState
2022-07-27 13:54:01,530 [pool-1204-thread-1] INFO  util.JmxRegister (JmxRegister.java:tryRegister(44)) - Successfully registered JMX Bean with object name Ratis:service=RaftServer,group=group-AD46D8B09596,id=ba0d50a6-d0a1-496f-95e2-eb0b08f08d74
2022-07-27 13:54:01,538 [Command processor thread] INFO  ratis.XceiverServerRatis (XceiverServerRatis.java:addGroup(765)) - Created group PipelineID=eadd8cac-5d80-401d-a2d4-ad46d8b09596
2022-07-27 13:54:01,538 [Command processor thread] INFO  commandhandler.CreatePipelineCommandHandler (CreatePipelineCommandHandler.java:handle(113)) - Created Pipeline RATIS ONE PipelineID=eadd8cac-5d80-401d-a2d4-ad46d8b09596.
2022-07-27 13:54:01,729 [Listener at 127.0.0.1/41147] INFO  ozone.MiniOzoneClusterImpl (MiniOzoneClusterImpl.java:lambda$waitForClusterToBeReady$0(216)) - Nodes are ready. Got 5 of 5 DN Heartbeats.
2022-07-27 13:54:01,729 [Listener at 127.0.0.1/41147] INFO  ozone.MiniOzoneClusterImpl (MiniOzoneClusterImpl.java:lambda$waitForClusterToBeReady$0(219)) - Waiting for cluster to exit safe mode
2022-07-27 13:54:01,729 [Listener at 127.0.0.1/41147] INFO  ozone.MiniOzoneClusterImpl (MiniOzoneClusterImpl.java:lambda$waitForClusterToBeReady$0(221)) - SCM became leader
2022-07-27 13:54:02,729 [Listener at 127.0.0.1/41147] INFO  ozone.MiniOzoneClusterImpl (MiniOzoneClusterImpl.java:lambda$waitForClusterToBeReady$0(216)) - Nodes are ready. Got 5 of 5 DN Heartbeats.
2022-07-27 13:54:02,729 [Listener at 127.0.0.1/41147] INFO  ozone.MiniOzoneClusterImpl (MiniOzoneClusterImpl.java:lambda$waitForClusterToBeReady$0(219)) - Waiting for cluster to exit safe mode
2022-07-27 13:54:02,729 [Listener at 127.0.0.1/41147] INFO  ozone.MiniOzoneClusterImpl (MiniOzoneClusterImpl.java:lambda$waitForClusterToBeReady$0(221)) - SCM became leader
2022-07-27 13:54:02,826 [Command processor thread] INFO  server.RaftServer (RaftServerProxy.java:addNew(96)) - e553176d-d5e6-48b0-ac0f-e41e398e3d2d: addNew group-9D7BF6FF5065:[e553176d-d5e6-48b0-ac0f-e41e398e3d2d|rpc:10.1.0.21:44875|priority:1] returns group-9D7BF6FF5065:java.util.concurrent.CompletableFuture@e8491bc[Not completed]
2022-07-27 13:54:02,827 [pool-1236-thread-1] INFO  server.RaftServer$Division (RaftServerImpl.java:<init>(190)) - e553176d-d5e6-48b0-ac0f-e41e398e3d2d: new RaftServerImpl for group-9D7BF6FF5065:[e553176d-d5e6-48b0-ac0f-e41e398e3d2d|rpc:10.1.0.21:44875|priority:1] with ContainerStateMachine:uninitialized
2022-07-27 13:54:02,827 [pool-1236-thread-1] INFO  server.RaftServerConfigKeys (ConfUtils.java:logGet(46)) - raft.server.rpc.timeout.min = 5s (custom)
2022-07-27 13:54:02,827 [pool-1236-thread-1] INFO  server.RaftServerConfigKeys (ConfUtils.java:logGet(46)) - raft.server.rpc.timeout.max = 5200ms (custom)
2022-07-27 13:54:02,827 [pool-1236-thread-1] INFO  server.RaftServerConfigKeys (ConfUtils.java:logGet(46)) - raft.server.rpc.sleep.time = 25ms (default)
2022-07-27 13:54:02,827 [pool-1236-thread-1] INFO  server.RaftServerConfigKeys (ConfUtils.java:logGet(46)) - raft.server.rpc.slowness.timeout = 300s (custom)
2022-07-27 13:54:02,827 [pool-1236-thread-1] INFO  server.RaftServerConfigKeys (ConfUtils.java:logGet(46)) - raft.server.leaderelection.leader.step-down.wait-time = 10s (default)
2022-07-27 13:54:02,827 [pool-1236-thread-1] INFO  server.RaftServerConfigKeys (ConfUtils.java:logGet(46)) - raft.server.sleep.deviation.threshold = 300ms (default)
2022-07-27 13:54:02,827 [pool-1236-thread-1] INFO  server.RaftServer$Division (ServerState.java:<init>(107)) - e553176d-d5e6-48b0-ac0f-e41e398e3d2d@group-9D7BF6FF5065: ConfigurationManager, init=-1: [e553176d-d5e6-48b0-ac0f-e41e398e3d2d|rpc:10.1.0.21:44875|priority:1], old=null, confs=<EMPTY_MAP>
2022-07-27 13:54:02,827 [pool-1236-thread-1] INFO  server.RaftServerConfigKeys (ConfUtils.java:logGet(46)) - raft.server.storage.dir = [/home/runner/work/ozone/ozone/hadoop-ozone/integration-test/target/test-dir/MiniOzoneClusterImpl-17d54aa6-bde1-4bf1-a713-29851100816b/datanode-4/data/ratis] (custom)
2022-07-27 13:54:02,828 [pool-1236-thread-1] INFO  server.RaftServerConfigKeys (ConfUtils.java:logGet(46)) - raft.server.log.corruption.policy = EXCEPTION (default)
2022-07-27 13:54:02,828 [pool-1236-thread-1] INFO  server.RaftServerConfigKeys (ConfUtils.java:logGet(46)) - raft.server.storage.free-space.min = 0MB (=0) (default)
2022-07-27 13:54:02,828 [pool-1236-thread-1] INFO  storage.RaftStorageDirectory (RaftStorageDirectoryImpl.java:analyzeStorage(135)) - The storage directory /home/runner/work/ozone/ozone/hadoop-ozone/integration-test/target/test-dir/MiniOzoneClusterImpl-17d54aa6-bde1-4bf1-a713-29851100816b/datanode-4/data/ratis/dfebbd3d-548f-4bf0-a80f-9d7bf6ff5065 does not exist. Creating ...
2022-07-27 13:54:02,829 [pool-1236-thread-1] INFO  storage.RaftStorageDirectory (RaftStorageDirectoryImpl.java:tryLock(230)) - Lock on /home/runner/work/ozone/ozone/hadoop-ozone/integration-test/target/test-dir/MiniOzoneClusterImpl-17d54aa6-bde1-4bf1-a713-29851100816b/datanode-4/data/ratis/dfebbd3d-548f-4bf0-a80f-9d7bf6ff5065/in_use.lock acquired by nodename 11093@fv-az217-261
2022-07-27 13:54:02,830 [pool-1236-thread-1] INFO  storage.RaftStorage (RaftStorageImpl.java:format(89)) - Storage directory /home/runner/work/ozone/ozone/hadoop-ozone/integration-test/target/test-dir/MiniOzoneClusterImpl-17d54aa6-bde1-4bf1-a713-29851100816b/datanode-4/data/ratis/dfebbd3d-548f-4bf0-a80f-9d7bf6ff5065 has been successfully formatted.
2022-07-27 13:54:02,860 [pool-1236-thread-1] INFO  ratis.ContainerStateMachine (ContainerStateMachine.java:loadSnapshot(236)) - group-9D7BF6FF5065: The snapshot info is null. Setting the last applied indexto:(t:0, i:~)
2022-07-27 13:54:02,861 [pool-1236-thread-1] INFO  server.RaftServerConfigKeys (ConfUtils.java:logGet(46)) - raft.server.notification.no-leader.timeout = 300s (custom)
2022-07-27 13:54:02,861 [pool-1236-thread-1] INFO  server.RaftServerConfigKeys (ConfUtils.java:logGet(46)) - raft.server.log.use.memory = false (default)
2022-07-27 13:54:02,861 [pool-1236-thread-1] INFO  server.RaftServerConfigKeys (ConfUtils.java:logGet(46)) - raft.server.log.purge.gap = 1000000 (custom)
2022-07-27 13:54:02,861 [pool-1236-thread-1] INFO  server.RaftServerConfigKeys (ConfUtils.java:logGet(46)) - raft.server.log.appender.buffer.byte-limit = 33554432 (custom)
2022-07-27 13:54:02,861 [pool-1236-thread-1] INFO  server.RaftServerConfigKeys (ConfUtils.java:logGet(46)) - raft.server.log.statemachine.data.read.timeout = 1000ms (default)
2022-07-27 13:54:02,861 [pool-1236-thread-1] INFO  server.RaftServerConfigKeys (ConfUtils.java:logGet(46)) - raft.server.log.segment.size.max = 1048576 (custom)
2022-07-27 13:54:02,862 [pool-1236-thread-1] INFO  server.RaftServerConfigKeys (ConfUtils.java:logGet(46)) - raft.server.log.segment.cache.num.max = 2 (custom)
2022-07-27 13:54:02,862 [pool-1236-thread-1] INFO  server.RaftServerConfigKeys (ConfUtils.java:logGet(46)) - raft.server.log.segment.cache.size.max = 200MB (=209715200) (default)
2022-07-27 13:54:02,862 [pool-1236-thread-1] INFO  segmented.SegmentedRaftLogWorker (SegmentedRaftLogWorker.java:<init>(187)) - new e553176d-d5e6-48b0-ac0f-e41e398e3d2d@group-9D7BF6FF5065-SegmentedRaftLogWorker for RaftStorageImpl:Storage Directory /home/runner/work/ozone/ozone/hadoop-ozone/integration-test/target/test-dir/MiniOzoneClusterImpl-17d54aa6-bde1-4bf1-a713-29851100816b/datanode-4/data/ratis/dfebbd3d-548f-4bf0-a80f-9d7bf6ff5065
2022-07-27 13:54:02,862 [pool-1236-thread-1] INFO  server.RaftServerConfigKeys (ConfUtils.java:logGet(46)) - raft.server.log.queue.byte-limit = 4294967296 (custom)
2022-07-27 13:54:02,862 [pool-1236-thread-1] INFO  server.RaftServerConfigKeys (ConfUtils.java:logGet(46)) - raft.server.log.queue.element-limit = 1024 (custom)
2022-07-27 13:54:02,862 [pool-1236-thread-1] INFO  server.RaftServerConfigKeys (ConfUtils.java:logGet(46)) - raft.server.log.segment.size.max = 1048576 (custom)
2022-07-27 13:54:02,862 [pool-1236-thread-1] INFO  server.RaftServerConfigKeys (ConfUtils.java:logGet(46)) - raft.server.log.preallocated.size = 16384 (custom)
2022-07-27 13:54:02,862 [pool-1236-thread-1] INFO  server.RaftServerConfigKeys (ConfUtils.java:logGet(46)) - raft.server.log.force.sync.num = 128 (default)
2022-07-27 13:54:02,862 [pool-1236-thread-1] INFO  server.RaftServerConfigKeys (ConfUtils.java:logGet(46)) - raft.server.log.statemachine.data.sync = true (default)
2022-07-27 13:54:02,862 [pool-1236-thread-1] INFO  server.RaftServerConfigKeys (ConfUtils.java:logGet(46)) - raft.server.log.statemachine.data.sync.timeout = 10s (default)
2022-07-27 13:54:02,862 [pool-1236-thread-1] INFO  server.RaftServerConfigKeys (ConfUtils.java:logGet(46)) - raft.server.log.statemachine.data.sync.timeout.retry = -1 (default)
2022-07-27 13:54:02,866 [EventQueue-PipelineReportForPipelineReportHandler] INFO  pipeline.PipelineManagerImpl (PipelineManagerImpl.java:openPipeline(367)) - Pipeline Pipeline[ Id: dfebbd3d-548f-4bf0-a80f-9d7bf6ff5065, Nodes: e553176d-d5e6-48b0-ac0f-e41e398e3d2d{ip: 10.1.0.21, host: fv-az217-261.5fhmivlnczbevhjmk01nzrxweh.bx.internal.cloudapp.net, ports: [REPLICATION=43871, RATIS=44875, RATIS_ADMIN=44875, RATIS_SERVER=44875, STANDALONE=34037], networkLocation: /default-rack, certSerialId: null, persistedOpState: IN_SERVICE, persistedOpStateExpiryEpochSec: 0}, ReplicationConfig: RATIS/ONE, State:ALLOCATED, leaderId:e553176d-d5e6-48b0-ac0f-e41e398e3d2d, CreationTimestamp2022-07-27T13:53:59.827Z[Etc/UTC]] moved to OPEN state
2022-07-27 13:54:02,866 [EventQueue-OpenPipelineForHealthyPipelineSafeModeRule] INFO  safemode.SCMSafeModeManager (HealthyPipelineSafeModeRule.java:process(137)) - SCM in safe mode. Healthy pipelines reported count is 0, required healthy pipeline reported count is 1
2022-07-27 13:54:02,886 [pool-1236-thread-1] INFO  server.RaftServerConfigKeys (ConfUtils.java:logGet(46)) - raft.server.log.write.buffer.size = 1048576 (custom)
2022-07-27 13:54:02,886 [pool-1236-thread-1] INFO  server.RaftServerConfigKeys (ConfUtils.java:logGet(46)) - raft.server.log.unsafe-flush.enabled = false (default)
2022-07-27 13:54:02,886 [pool-1236-thread-1] INFO  server.RaftServerConfigKeys (ConfUtils.java:logGet(46)) - raft.server.log.statemachine.data.caching.enabled = true (custom)
2022-07-27 13:54:02,887 [pool-1236-thread-1] INFO  segmented.SegmentedRaftLogWorker (SegmentedRaftLogWorker.java:lambda$new$0(135)) - e553176d-d5e6-48b0-ac0f-e41e398e3d2d@group-9D7BF6FF5065-SegmentedRaftLogWorker: flushIndex: setUnconditionally 0 -> -1
2022-07-27 13:54:02,887 [pool-1236-thread-1] INFO  segmented.SegmentedRaftLogWorker (SegmentedRaftLogWorker.java:lambda$new$0(135)) - e553176d-d5e6-48b0-ac0f-e41e398e3d2d@group-9D7BF6FF5065-SegmentedRaftLogWorker: safeCacheEvictIndex: setUnconditionally 0 -> -1
2022-07-27 13:54:02,891 [pool-1236-thread-1] INFO  server.RaftServerConfigKeys (ConfUtils.java:logGet(46)) - raft.server.snapshot.auto.trigger.enabled = true (custom)
2022-07-27 13:54:02,891 [pool-1236-thread-1] INFO  server.RaftServerConfigKeys (ConfUtils.java:logGet(46)) - raft.server.snapshot.auto.trigger.threshold = 10000 (custom)
2022-07-27 13:54:02,891 [pool-1236-thread-1] INFO  server.RaftServerConfigKeys (ConfUtils.java:logGet(46)) - raft.server.snapshot.retention.file.num = 5 (custom)
2022-07-27 13:54:02,891 [pool-1236-thread-1] INFO  server.RaftServerConfigKeys (ConfUtils.java:logGet(46)) - raft.server.log.purge.upto.snapshot.index = false (default)
2022-07-27 13:54:02,891 [pool-1236-thread-1] INFO  server.RaftServerConfigKeys (ConfUtils.java:logGet(46)) - raft.server.retrycache.expirytime = 600000ms (custom)
2022-07-27 13:54:02,891 [pool-1236-thread-1] INFO  server.RaftServerConfigKeys (ConfUtils.java:logGet(46)) - raft.server.retrycache.statistics.expirytime = 100μs (default)
2022-07-27 13:54:02,893 [pool-1236-thread-1] INFO  server.RaftServerConfigKeys (ConfUtils.java:logGet(46)) - raft.server.log.appender.install.snapshot.enabled = false (custom)
2022-07-27 13:54:02,893 [pool-1236-thread-1] INFO  server.RaftServerConfigKeys (ConfUtils.java:logGet(46)) - raft.server.threadpool.server.cached = true (default)
2022-07-27 13:54:02,893 [pool-1236-thread-1] INFO  server.RaftServerConfigKeys (ConfUtils.java:logGet(46)) - raft.server.threadpool.server.size = 0 (default)
2022-07-27 13:54:02,893 [pool-1236-thread-1] INFO  server.RaftServerConfigKeys (ConfUtils.java:logGet(46)) - raft.server.threadpool.client.cached = true (default)
2022-07-27 13:54:02,893 [pool-1236-thread-1] INFO  server.RaftServerConfigKeys (ConfUtils.java:logGet(46)) - raft.server.threadpool.client.size = 0 (default)
2022-07-27 13:54:02,895 [pool-1236-thread-1] INFO  server.RaftServer$Division (RaftServerImpl.java:start(310)) - e553176d-d5e6-48b0-ac0f-e41e398e3d2d@group-9D7BF6FF5065: start as a follower, conf=-1: [e553176d-d5e6-48b0-ac0f-e41e398e3d2d|rpc:10.1.0.21:44875|priority:1], old=null
2022-07-27 13:54:02,895 [pool-1236-thread-1] INFO  server.RaftServer$Division (RaftServerImpl.java:setRole(299)) - e553176d-d5e6-48b0-ac0f-e41e398e3d2d@group-9D7BF6FF5065: changes role from      null to FOLLOWER at term 0 for startAsFollower
2022-07-27 13:54:02,895 [pool-1236-thread-1] INFO  impl.RoleInfo (RoleInfo.java:updateAndGet(139)) - e553176d-d5e6-48b0-ac0f-e41e398e3d2d: start e553176d-d5e6-48b0-ac0f-e41e398e3d2d@group-9D7BF6FF5065-FollowerState
2022-07-27 13:54:02,915 [pool-1236-thread-1] INFO  util.JmxRegister (JmxRegister.java:tryRegister(44)) - Successfully registered JMX Bean with object name Ratis:service=RaftServer,group=group-9D7BF6FF5065,id=e553176d-d5e6-48b0-ac0f-e41e398e3d2d
2022-07-27 13:54:02,916 [Command processor thread] INFO  ratis.XceiverServerRatis (XceiverServerRatis.java:addGroup(765)) - Created group PipelineID=dfebbd3d-548f-4bf0-a80f-9d7bf6ff5065
2022-07-27 13:54:02,916 [Command processor thread] INFO  commandhandler.CreatePipelineCommandHandler (CreatePipelineCommandHandler.java:handle(113)) - Created Pipeline RATIS ONE PipelineID=dfebbd3d-548f-4bf0-a80f-9d7bf6ff5065.
2022-07-27 13:54:03,730 [Listener at 127.0.0.1/41147] INFO  ozone.MiniOzoneClusterImpl (MiniOzoneClusterImpl.java:lambda$waitForClusterToBeReady$0(216)) - Nodes are ready. Got 5 of 5 DN Heartbeats.
2022-07-27 13:54:03,730 [Listener at 127.0.0.1/41147] INFO  ozone.MiniOzoneClusterImpl (MiniOzoneClusterImpl.java:lambda$waitForClusterToBeReady$0(219)) - Waiting for cluster to exit safe mode
2022-07-27 13:54:03,730 [Listener at 127.0.0.1/41147] INFO  ozone.MiniOzoneClusterImpl (MiniOzoneClusterImpl.java:lambda$waitForClusterToBeReady$0(221)) - SCM became leader
2022-07-27 13:54:03,731 [34ea5659-743d-4920-98aa-921f1ee7ea0c@group-BBD1D7D7A8AA-FollowerState] INFO  impl.FollowerState (FollowerState.java:run(143)) - 34ea5659-743d-4920-98aa-921f1ee7ea0c@group-BBD1D7D7A8AA-FollowerState: change to CANDIDATE, lastRpcElapsedTime:5056960627ns, electionTimeout:5056ms
2022-07-27 13:54:03,731 [34ea5659-743d-4920-98aa-921f1ee7ea0c@group-BBD1D7D7A8AA-FollowerState] INFO  impl.RoleInfo (RoleInfo.java:shutdownFollowerState(110)) - 34ea5659-743d-4920-98aa-921f1ee7ea0c: shutdown 34ea5659-743d-4920-98aa-921f1ee7ea0c@group-BBD1D7D7A8AA-FollowerState
2022-07-27 13:54:03,731 [34ea5659-743d-4920-98aa-921f1ee7ea0c@group-BBD1D7D7A8AA-FollowerState] INFO  server.RaftServer$Division (RaftServerImpl.java:setRole(299)) - 34ea5659-743d-4920-98aa-921f1ee7ea0c@group-BBD1D7D7A8AA: changes role from  FOLLOWER to CANDIDATE at term 0 for changeToCandidate
2022-07-27 13:54:03,731 [34ea5659-743d-4920-98aa-921f1ee7ea0c@group-BBD1D7D7A8AA-FollowerState] INFO  server.RaftServerConfigKeys (ConfUtils.java:logGet(46)) - raft.server.leaderelection.pre-vote = false (custom)
2022-07-27 13:54:03,731 [34ea5659-743d-4920-98aa-921f1ee7ea0c@group-BBD1D7D7A8AA-FollowerState] INFO  impl.RoleInfo (RoleInfo.java:updateAndGet(139)) - 34ea5659-743d-4920-98aa-921f1ee7ea0c: start 34ea5659-743d-4920-98aa-921f1ee7ea0c@group-BBD1D7D7A8AA-LeaderElection54
2022-07-27 13:54:03,768 [34ea5659-743d-4920-98aa-921f1ee7ea0c@group-BBD1D7D7A8AA-LeaderElection54] INFO  impl.LeaderElection (LeaderElection.java:askForVotes(310)) - 34ea5659-743d-4920-98aa-921f1ee7ea0c@group-BBD1D7D7A8AA-LeaderElection54 ELECTION round 0: submit vote requests at term 1 for -1: [05b7ade2-c08f-4f72-be79-8d526602fcb9|rpc:10.1.0.21:42545|priority:0, 34ea5659-743d-4920-98aa-921f1ee7ea0c|rpc:10.1.0.21:38521|priority:1, d0f717e2-9042-4344-a562-88d1d040f01a|rpc:10.1.0.21:42759|priority:0], old=null
2022-07-27 13:54:03,787 [34ea5659-743d-4920-98aa-921f1ee7ea0c@group-C08FB00D914C-FollowerState] INFO  impl.FollowerState (FollowerState.java:run(143)) - 34ea5659-743d-4920-98aa-921f1ee7ea0c@group-C08FB00D914C-FollowerState: change to CANDIDATE, lastRpcElapsedTime:5137817738ns, electionTimeout:5131ms
2022-07-27 13:54:03,787 [34ea5659-743d-4920-98aa-921f1ee7ea0c@group-C08FB00D914C-FollowerState] INFO  impl.RoleInfo (RoleInfo.java:shutdownFollowerState(110)) - 34ea5659-743d-4920-98aa-921f1ee7ea0c: shutdown 34ea5659-743d-4920-98aa-921f1ee7ea0c@group-C08FB00D914C-FollowerState
2022-07-27 13:54:03,787 [34ea5659-743d-4920-98aa-921f1ee7ea0c@group-C08FB00D914C-FollowerState] INFO  server.RaftServer$Division (RaftServerImpl.java:setRole(299)) - 34ea5659-743d-4920-98aa-921f1ee7ea0c@group-C08FB00D914C: changes role from  FOLLOWER to CANDIDATE at term 0 for changeToCandidate
2022-07-27 13:54:03,787 [34ea5659-743d-4920-98aa-921f1ee7ea0c@group-C08FB00D914C-FollowerState] INFO  server.RaftServerConfigKeys (ConfUtils.java:logGet(46)) - raft.server.leaderelection.pre-vote = false (custom)
2022-07-27 13:54:03,787 [34ea5659-743d-4920-98aa-921f1ee7ea0c@group-C08FB00D914C-FollowerState] INFO  impl.RoleInfo (RoleInfo.java:updateAndGet(139)) - 34ea5659-743d-4920-98aa-921f1ee7ea0c: start 34ea5659-743d-4920-98aa-921f1ee7ea0c@group-C08FB00D914C-LeaderElection55
2022-07-27 13:54:03,806 [grpc-default-executor-0] INFO  server.RaftServer$Division (RaftServerImpl.java:requestVote(1152)) - 05b7ade2-c08f-4f72-be79-8d526602fcb9@group-BBD1D7D7A8AA: receive requestVote(ELECTION, 34ea5659-743d-4920-98aa-921f1ee7ea0c, group-BBD1D7D7A8AA, 1, (t:0, i:0))
2022-07-27 13:54:03,807 [grpc-default-executor-0] INFO  impl.VoteContext (VoteContext.java:log(48)) - 05b7ade2-c08f-4f72-be79-8d526602fcb9@group-BBD1D7D7A8AA-FOLLOWER: accept ELECTION from 34ea5659-743d-4920-98aa-921f1ee7ea0c: our priority 0 <= candidate's priority 1
2022-07-27 13:54:03,807 [grpc-default-executor-0] INFO  server.RaftServer$Division (RaftServerImpl.java:setRole(299)) - 05b7ade2-c08f-4f72-be79-8d526602fcb9@group-BBD1D7D7A8AA: changes role from  FOLLOWER to FOLLOWER at term 1 for candidate:34ea5659-743d-4920-98aa-921f1ee7ea0c
2022-07-27 13:54:03,807 [grpc-default-executor-0] INFO  impl.RoleInfo (RoleInfo.java:shutdownFollowerState(110)) - 05b7ade2-c08f-4f72-be79-8d526602fcb9: shutdown 05b7ade2-c08f-4f72-be79-8d526602fcb9@group-BBD1D7D7A8AA-FollowerState
2022-07-27 13:54:03,807 [grpc-default-executor-0] INFO  impl.RoleInfo (RoleInfo.java:updateAndGet(139)) - 05b7ade2-c08f-4f72-be79-8d526602fcb9: start 05b7ade2-c08f-4f72-be79-8d526602fcb9@group-BBD1D7D7A8AA-FollowerState
2022-07-27 13:54:03,807 [05b7ade2-c08f-4f72-be79-8d526602fcb9@group-BBD1D7D7A8AA-FollowerState] INFO  impl.FollowerState (FollowerState.java:run(152)) - 05b7ade2-c08f-4f72-be79-8d526602fcb9@group-BBD1D7D7A8AA-FollowerState was interrupted
2022-07-27 13:54:03,819 [grpc-default-executor-0] INFO  server.RaftServer$Division (RaftServerImpl.java:requestVote(1184)) - 05b7ade2-c08f-4f72-be79-8d526602fcb9@group-BBD1D7D7A8AA replies to ELECTION vote request: 34ea5659-743d-4920-98aa-921f1ee7ea0c<-05b7ade2-c08f-4f72-be79-8d526602fcb9#0:OK-t1. Peer's state: 05b7ade2-c08f-4f72-be79-8d526602fcb9@group-BBD1D7D7A8AA:t1, leader=null, voted=34ea5659-743d-4920-98aa-921f1ee7ea0c, raftlog=05b7ade2-c08f-4f72-be79-8d526602fcb9@group-BBD1D7D7A8AA-SegmentedRaftLog:OPENED:c-1, conf=-1: [05b7ade2-c08f-4f72-be79-8d526602fcb9|rpc:10.1.0.21:42545|dataStream:|priority:0, 34ea5659-743d-4920-98aa-921f1ee7ea0c|rpc:10.1.0.21:38521|dataStream:|priority:1, d0f717e2-9042-4344-a562-88d1d040f01a|rpc:10.1.0.21:42759|dataStream:|priority:0], old=null
2022-07-27 13:54:03,821 [34ea5659-743d-4920-98aa-921f1ee7ea0c@group-BBD1D7D7A8AA-LeaderElection54] INFO  impl.LeaderElection (LeaderElection.java:logAndReturn(90)) - 34ea5659-743d-4920-98aa-921f1ee7ea0c@group-BBD1D7D7A8AA-LeaderElection54: ELECTION PASSED received 1 response(s) and 0 exception(s):
2022-07-27 13:54:03,821 [34ea5659-743d-4920-98aa-921f1ee7ea0c@group-BBD1D7D7A8AA-LeaderElection54] INFO  impl.LeaderElection (LeaderElection.java:logAndReturn(94)) -   Response 0: 34ea5659-743d-4920-98aa-921f1ee7ea0c<-05b7ade2-c08f-4f72-be79-8d526602fcb9#0:OK-t1
2022-07-27 13:54:03,821 [34ea5659-743d-4920-98aa-921f1ee7ea0c@group-BBD1D7D7A8AA-LeaderElection54] INFO  impl.LeaderElection (LeaderElection.java:askForVotes(312)) - 34ea5659-743d-4920-98aa-921f1ee7ea0c@group-BBD1D7D7A8AA-LeaderElection54 ELECTION round 0: result PASSED
2022-07-27 13:54:03,821 [34ea5659-743d-4920-98aa-921f1ee7ea0c@group-BBD1D7D7A8AA-LeaderElection54] INFO  impl.RoleInfo (RoleInfo.java:shutdownLeaderElection(130)) - 34ea5659-743d-4920-98aa-921f1ee7ea0c: shutdown 34ea5659-743d-4920-98aa-921f1ee7ea0c@group-BBD1D7D7A8AA-LeaderElection54
2022-07-27 13:54:03,821 [34ea5659-743d-4920-98aa-921f1ee7ea0c@group-BBD1D7D7A8AA-LeaderElection54] INFO  server.RaftServer$Division (RaftServerImpl.java:setRole(299)) - 34ea5659-743d-4920-98aa-921f1ee7ea0c@group-BBD1D7D7A8AA: changes role from CANDIDATE to LEADER at term 1 for changeToLeader
2022-07-27 13:54:03,821 [34ea5659-743d-4920-98aa-921f1ee7ea0c@group-BBD1D7D7A8AA-LeaderElection54] INFO  ratis.XceiverServerRatis (XceiverServerRatis.java:handleLeaderChangedNotification(863)) - Leader change notification received for group: group-BBD1D7D7A8AA with new leaderId: 34ea5659-743d-4920-98aa-921f1ee7ea0c
2022-07-27 13:54:03,821 [34ea5659-743d-4920-98aa-921f1ee7ea0c@group-BBD1D7D7A8AA-LeaderElection54] INFO  server.RaftServer$Division (ServerState.java:setLeader(287)) - 34ea5659-743d-4920-98aa-921f1ee7ea0c@group-BBD1D7D7A8AA: change Leader from null to 34ea5659-743d-4920-98aa-921f1ee7ea0c at term 1 for becomeLeader, leader elected after 5152ms
2022-07-27 13:54:03,821 [34ea5659-743d-4920-98aa-921f1ee7ea0c@group-BBD1D7D7A8AA-LeaderElection54] INFO  server.RaftServerConfigKeys (ConfUtils.java:logGet(46)) - raft.server.staging.catchup.gap = 1000 (default)
2022-07-27 13:54:03,821 [34ea5659-743d-4920-98aa-921f1ee7ea0c@group-BBD1D7D7A8AA-LeaderElection54] INFO  server.RaftServerConfigKeys (ConfUtils.java:logGet(46)) - raft.server.write.element-limit = 1024 (custom)
2022-07-27 13:54:03,821 [34ea5659-743d-4920-98aa-921f1ee7ea0c@group-BBD1D7D7A8AA-LeaderElection54] INFO  server.RaftServerConfigKeys (ConfUtils.java:logGet(46)) - raft.server.write.byte-limit = 1024 M (=1073741824) (custom)
2022-07-27 13:54:03,822 [34ea5659-743d-4920-98aa-921f1ee7ea0c@group-BBD1D7D7A8AA-LeaderElection54] INFO  server.RaftServerConfigKeys (ConfUtils.java:logGet(46)) - raft.server.watch.timeout = 180s (custom)
2022-07-27 13:54:03,822 [34ea5659-743d-4920-98aa-921f1ee7ea0c@group-BBD1D7D7A8AA-LeaderElection54] INFO  server.RaftServerConfigKeys (ConfUtils.java:logGet(46)) - raft.server.watch.timeout.denomination = 1s (default)
2022-07-27 13:54:03,822 [34ea5659-743d-4920-98aa-921f1ee7ea0c@group-BBD1D7D7A8AA-LeaderElection54] INFO  server.RaftServerConfigKeys (ConfUtils.java:logGet(46)) - raft.server.watch.element-limit = 65536 (default)
2022-07-27 13:54:03,822 [34ea5659-743d-4920-98aa-921f1ee7ea0c@group-BBD1D7D7A8AA-LeaderElection54] INFO  server.RaftServerConfigKeys (ConfUtils.java:logGet(46)) - raft.server.write.element-limit = 1024 (custom)
2022-07-27 13:54:03,822 [34ea5659-743d-4920-98aa-921f1ee7ea0c@group-BBD1D7D7A8AA-LeaderElection54] INFO  server.RaftServerConfigKeys (ConfUtils.java:logGet(46)) - raft.server.write.follower.gap.ratio.max = -1.0 (default)
2022-07-27 13:54:03,823 [34ea5659-743d-4920-98aa-921f1ee7ea0c@group-BBD1D7D7A8AA-LeaderElection54] INFO  server.RaftServerConfigKeys (ConfUtils.java:logGet(46)) - raft.server.log.appender.snapshot.chunk.size.max = 16MB (=16777216) (default)
2022-07-27 13:54:03,823 [34ea5659-743d-4920-98aa-921f1ee7ea0c@group-BBD1D7D7A8AA-LeaderElection54] INFO  server.RaftServerConfigKeys (ConfUtils.java:logGet(46)) - raft.server.log.appender.buffer.byte-limit = 33554432 (custom)
2022-07-27 13:54:03,823 [34ea5659-743d-4920-98aa-921f1ee7ea0c@group-BBD1D7D7A8AA-LeaderElection54] INFO  server.RaftServerConfigKeys (ConfUtils.java:logGet(46)) - raft.server.log.appender.buffer.element-limit = 1 (custom)
2022-07-27 13:54:03,823 [34ea5659-743d-4920-98aa-921f1ee7ea0c@group-BBD1D7D7A8AA-LeaderElection54] INFO  grpc.GrpcConfigKeys (ConfUtils.java:logGet(46)) - raft.grpc.server.leader.outstanding.appends.max = 128 (default)
2022-07-27 13:54:03,823 [34ea5659-743d-4920-98aa-921f1ee7ea0c@group-BBD1D7D7A8AA-LeaderElection54] INFO  server.RaftServerConfigKeys (ConfUtils.java:logGet(46)) - raft.server.rpc.request.timeout = 60s (custom)
2022-07-27 13:54:03,823 [34ea5659-743d-4920-98aa-921f1ee7ea0c@group-BBD1D7D7A8AA-LeaderElection54] INFO  server.RaftServerConfigKeys (ConfUtils.java:logGet(46)) - raft.server.log.appender.install.snapshot.enabled = false (custom)
2022-07-27 13:54:03,824 [EventQueue-PipelineReportForPipelineReportHandler] INFO  pipeline.PipelineManagerImpl (PipelineManagerImpl.java:openPipeline(367)) - Pipeline Pipeline[ Id: 60fe568d-13b2-43e4-a1e1-bbd1d7d7a8aa, Nodes: d0f717e2-9042-4344-a562-88d1d040f01a{ip: 10.1.0.21, host: fv-az217-261.5fhmivlnczbevhjmk01nzrxweh.bx.internal.cloudapp.net, ports: [REPLICATION=44553, RATIS=42759, RATIS_ADMIN=42759, RATIS_SERVER=42759, STANDALONE=36337], networkLocation: /default-rack, certSerialId: null, persistedOpState: IN_SERVICE, persistedOpStateExpiryEpochSec: 0}34ea5659-743d-4920-98aa-921f1ee7ea0c{ip: 10.1.0.21, host: fv-az217-261.5fhmivlnczbevhjmk01nzrxweh.bx.internal.cloudapp.net, ports: [REPLICATION=43137, RATIS=38521, RATIS_ADMIN=38521, RATIS_SERVER=38521, STANDALONE=35343], networkLocation: /default-rack, certSerialId: null, persistedOpState: IN_SERVICE, persistedOpStateExpiryEpochSec: 0}05b7ade2-c08f-4f72-be79-8d526602fcb9{ip: 10.1.0.21, host: fv-az217-261.5fhmivlnczbevhjmk01nzrxweh.bx.internal.cloudapp.net, ports: [REPLICATION=36621, RATIS=42545, RATIS_ADMIN=42545, RATIS_SERVER=42545, STANDALONE=42317], networkLocation: /default-rack, certSerialId: null, persistedOpState: IN_SERVICE, persistedOpStateExpiryEpochSec: 0}, ReplicationConfig: RATIS/THREE, State:ALLOCATED, leaderId:34ea5659-743d-4920-98aa-921f1ee7ea0c, CreationTimestamp2022-07-27T13:53:57.301Z[Etc/UTC]] moved to OPEN state
2022-07-27 13:54:03,824 [EventQueue-OpenPipelineForHealthyPipelineSafeModeRule] INFO  safemode.SCMSafeModeManager (HealthyPipelineSafeModeRule.java:process(137)) - SCM in safe mode. Healthy pipelines reported count is 0, required healthy pipeline reported count is 1
2022-07-27 13:54:03,824 [EventQueue-OpenPipelineForHealthyPipelineSafeModeRule] INFO  safemode.SCMSafeModeManager (HealthyPipelineSafeModeRule.java:process(137)) - SCM in safe mode. Healthy pipelines reported count is 1, required healthy pipeline reported count is 1
2022-07-27 13:54:03,824 [EventQueue-OpenPipelineForHealthyPipelineSafeModeRule] INFO  safemode.SCMSafeModeManager (SCMSafeModeManager.java:validateSafeModeExitRules(204)) - HealthyPipelineSafeModeRule rule is successfully validated
2022-07-27 13:54:03,824 [EventQueue-OpenPipelineForHealthyPipelineSafeModeRule] INFO  safemode.SCMSafeModeManager (SCMSafeModeManager.java:validateSafeModeExitRules(219)) - ScmSafeModeManager, all rules are successfully validated
2022-07-27 13:54:03,824 [EventQueue-OpenPipelineForHealthyPipelineSafeModeRule] INFO  safemode.SCMSafeModeManager (SCMSafeModeManager.java:exitSafeMode(248)) - SCM exiting safe mode.
2022-07-27 13:54:03,824 [EventQueue-OpenPipelineForHealthyPipelineSafeModeRule] WARN  events.EventQueue (EventQueue.java:fireEvent(216)) - No event handler registered for event TypedEvent{payloadType=SafeModeStatus, name='Safe mode status'}
2022-07-27 13:54:03,824 [EventQueue-OpenPipelineForHealthyPipelineSafeModeRule] INFO  ha.SCMContext (SCMContext.java:updateSafeModeStatus(228)) - Update SafeModeStatus from SafeModeStatus{safeModeStatus=true, preCheckPassed=true} to SafeModeStatus{safeModeStatus=false, preCheckPassed=true}.
2022-07-27 13:54:03,824 [EventQueue-OpenPipelineForHealthyPipelineSafeModeRule] INFO  pipeline.BackgroundPipelineCreator (BackgroundPipelineCreator.java:notifyStatusChanged(254)) - Service BackgroundPipelineCreator transitions to RUNNING.
2022-07-27 13:54:03,824 [EventQueue-OpenPipelineForHealthyPipelineSafeModeRule] INFO  BackgroundPipelineScrubber (BackgroundSCMService.java:notifyStatusChanged(82)) - Service BackgroundPipelineScrubber transitions to RUNNING.
2022-07-27 13:54:03,824 [EventQueue-OpenPipelineForHealthyPipelineSafeModeRule] INFO  ExpiredContainerReplicaOpScrubber (BackgroundSCMService.java:notifyStatusChanged(82)) - Service ExpiredContainerReplicaOpScrubber transitions to RUNNING.
2022-07-27 13:54:03,824 [EventQueue-OpenPipelineForHealthyPipelineSafeModeRule] INFO  UnderReplicatedQueueThread (BackgroundSCMService.java:notifyStatusChanged(82)) - Service UnderReplicatedQueueThread transitions to RUNNING.
2022-07-27 13:54:03,825 [EventQueue-OpenPipelineForHealthyPipelineSafeModeRule] INFO  OverReplicatedQueueThread (BackgroundSCMService.java:notifyStatusChanged(82)) - Service OverReplicatedQueueThread transitions to RUNNING.
2022-07-27 13:54:03,825 [EventQueue-OpenPipelineForHealthyPipelineSafeModeRule] INFO  replication.ReplicationManager (ReplicationManager.java:notifyStatusChanged(642)) - Service ReplicationManager transitions to RUNNING.
2022-07-27 13:54:03,825 [EventQueue-OpenPipelineForHealthyPipelineSafeModeRule] WARN  balancer.ContainerBalancer (ContainerBalancer.java:shouldRun(903)) - Could not find persisted configuration for ContainerBalancer when checking if ContainerBalancer should run. ContainerBalancer should not run now.
2022-07-27 13:54:03,825 [34ea5659-743d-4920-98aa-921f1ee7ea0c@group-BBD1D7D7A8AA-LeaderElection54] INFO  server.RaftServerConfigKeys (ConfUtils.java:logGet(46)) - raft.server.log.appender.snapshot.chunk.size.max = 16MB (=16777216) (default)
2022-07-27 13:54:03,825 [34ea5659-743d-4920-98aa-921f1ee7ea0c@group-BBD1D7D7A8AA-LeaderElection54] INFO  server.RaftServerConfigKeys (ConfUtils.java:logGet(46)) - raft.server.log.appender.buffer.byte-limit = 33554432 (custom)
2022-07-27 13:54:03,825 [34ea5659-743d-4920-98aa-921f1ee7ea0c@group-BBD1D7D7A8AA-LeaderElection54] INFO  server.RaftServerConfigKeys (ConfUtils.java:logGet(46)) - raft.server.log.appender.buffer.element-limit = 1 (custom)
2022-07-27 13:54:03,825 [34ea5659-743d-4920-98aa-921f1ee7ea0c@group-BBD1D7D7A8AA-LeaderElection54] INFO  grpc.GrpcConfigKeys (ConfUtils.java:logGet(46)) - raft.grpc.server.leader.outstanding.appends.max = 128 (default)
2022-07-27 13:54:03,825 [34ea5659-743d-4920-98aa-921f1ee7ea0c@group-BBD1D7D7A8AA-LeaderElection54] INFO  server.RaftServerConfigKeys (ConfUtils.java:logGet(46)) - raft.server.rpc.request.timeout = 60s (custom)
2022-07-27 13:54:03,825 [34ea5659-743d-4920-98aa-921f1ee7ea0c@group-BBD1D7D7A8AA-LeaderElection54] INFO  server.RaftServerConfigKeys (ConfUtils.java:logGet(46)) - raft.server.log.appender.install.snapshot.enabled = false (custom)
2022-07-27 13:54:03,825 [34ea5659-743d-4920-98aa-921f1ee7ea0c@group-BBD1D7D7A8AA-LeaderElection54] INFO  impl.RoleInfo (RoleInfo.java:updateAndGet(139)) - 34ea5659-743d-4920-98aa-921f1ee7ea0c: start 34ea5659-743d-4920-98aa-921f1ee7ea0c@group-BBD1D7D7A8AA-LeaderStateImpl
2022-07-27 13:54:03,826 [34ea5659-743d-4920-98aa-921f1ee7ea0c@group-BBD1D7D7A8AA-LeaderElection54] INFO  segmented.SegmentedRaftLogWorker (SegmentedRaftLogWorker.java:startLogSegment(425)) - 34ea5659-743d-4920-98aa-921f1ee7ea0c@group-BBD1D7D7A8AA-SegmentedRaftLogWorker: Starting segment from index:0
2022-07-27 13:54:03,865 [34ea5659-743d-4920-98aa-921f1ee7ea0c@group-BBD1D7D7A8AA-SegmentedRaftLogWorker] INFO  segmented.SegmentedRaftLogWorker (SegmentedRaftLogWorker.java:execute(629)) - 34ea5659-743d-4920-98aa-921f1ee7ea0c@group-BBD1D7D7A8AA-SegmentedRaftLogWorker: created new log segment /home/runner/work/ozone/ozone/hadoop-ozone/integration-test/target/test-dir/MiniOzoneClusterImpl-17d54aa6-bde1-4bf1-a713-29851100816b/datanode-0/data/ratis/60fe568d-13b2-43e4-a1e1-bbd1d7d7a8aa/current/log_inprogress_0
2022-07-27 13:54:03,866 [34ea5659-743d-4920-98aa-921f1ee7ea0c@group-C08FB00D914C-LeaderElection55] INFO  impl.LeaderElection (LeaderElection.java:askForVotes(310)) - 34ea5659-743d-4920-98aa-921f1ee7ea0c@group-C08FB00D914C-LeaderElection55 ELECTION round 0: submit vote requests at term 1 for -1: [34ea5659-743d-4920-98aa-921f1ee7ea0c|rpc:10.1.0.21:38521|priority:1], old=null
2022-07-27 13:54:03,866 [34ea5659-743d-4920-98aa-921f1ee7ea0c@group-C08FB00D914C-LeaderElection55] INFO  impl.LeaderElection (LeaderElection.java:askForVotes(312)) - 34ea5659-743d-4920-98aa-921f1ee7ea0c@group-C08FB00D914C-LeaderElection55 ELECTION round 0: result PASSED (term=1)
2022-07-27 13:54:03,866 [34ea5659-743d-4920-98aa-921f1ee7ea0c@group-C08FB00D914C-LeaderElection55] INFO  impl.RoleInfo (RoleInfo.java:shutdownLeaderElection(130)) - 34ea5659-743d-4920-98aa-921f1ee7ea0c: shutdown 34ea5659-743d-4920-98aa-921f1ee7ea0c@group-C08FB00D914C-LeaderElection55
2022-07-27 13:54:03,866 [34ea5659-743d-4920-98aa-921f1ee7ea0c@group-C08FB00D914C-LeaderElection55] INFO  server.RaftServer$Division (RaftServerImpl.java:setRole(299)) - 34ea5659-743d-4920-98aa-921f1ee7ea0c@group-C08FB00D914C: changes role from CANDIDATE to LEADER at term 1 for changeToLeader
2022-07-27 13:54:03,866 [34ea5659-743d-4920-98aa-921f1ee7ea0c@group-C08FB00D914C-LeaderElection55] INFO  ratis.XceiverServerRatis (XceiverServerRatis.java:handleLeaderChangedNotification(863)) - Leader change notification received for group: group-C08FB00D914C with new leaderId: 34ea5659-743d-4920-98aa-921f1ee7ea0c
2022-07-27 13:54:03,891 [34ea5659-743d-4920-98aa-921f1ee7ea0c@group-BBD1D7D7A8AA-LeaderElection54] INFO  server.RaftServer$Division (ServerState.java:setRaftConf(393)) - 34ea5659-743d-4920-98aa-921f1ee7ea0c@group-BBD1D7D7A8AA: set configuration 0: [05b7ade2-c08f-4f72-be79-8d526602fcb9|rpc:10.1.0.21:42545|dataStream:|priority:0, 34ea5659-743d-4920-98aa-921f1ee7ea0c|rpc:10.1.0.21:38521|dataStream:|priority:1, d0f717e2-9042-4344-a562-88d1d040f01a|rpc:10.1.0.21:42759|dataStream:|priority:0], old=null
2022-07-27 13:54:03,932 [34ea5659-743d-4920-98aa-921f1ee7ea0c@group-C08FB00D914C-LeaderElection55] INFO  server.RaftServer$Division (ServerState.java:setLeader(287)) - 34ea5659-743d-4920-98aa-921f1ee7ea0c@group-C08FB00D914C: change Leader from null to 34ea5659-743d-4920-98aa-921f1ee7ea0c at term 1 for becomeLeader, leader elected after 5280ms
2022-07-27 13:54:03,932 [34ea5659-743d-4920-98aa-921f1ee7ea0c@group-C08FB00D914C-LeaderElection55] INFO  server.RaftServerConfigKeys (ConfUtils.java:logGet(46)) - raft.server.staging.catchup.gap = 1000 (default)
2022-07-27 13:54:03,933 [34ea5659-743d-4920-98aa-921f1ee7ea0c@group-C08FB00D914C-LeaderElection55] INFO  server.RaftServerConfigKeys (ConfUtils.java:logGet(46)) - raft.server.write.element-limit = 1024 (custom)
2022-07-27 13:54:03,933 [34ea5659-743d-4920-98aa-921f1ee7ea0c@group-C08FB00D914C-LeaderElection55] INFO  server.RaftServerConfigKeys (ConfUtils.java:logGet(46)) - raft.server.write.byte-limit = 1024 M (=1073741824) (custom)
2022-07-27 13:54:03,933 [34ea5659-743d-4920-98aa-921f1ee7ea0c@group-C08FB00D914C-LeaderElection55] INFO  server.RaftServerConfigKeys (ConfUtils.java:logGet(46)) - raft.server.watch.timeout = 180s (custom)
2022-07-27 13:54:03,933 [34ea5659-743d-4920-98aa-921f1ee7ea0c@group-C08FB00D914C-LeaderElection55] INFO  server.RaftServerConfigKeys (ConfUtils.java:logGet(46)) - raft.server.watch.timeout.denomination = 1s (default)
2022-07-27 13:54:03,933 [34ea5659-743d-4920-98aa-921f1ee7ea0c@group-C08FB00D914C-LeaderElection55] INFO  server.RaftServerConfigKeys (ConfUtils.java:logGet(46)) - raft.server.watch.element-limit = 65536 (default)
2022-07-27 13:54:03,933 [34ea5659-743d-4920-98aa-921f1ee7ea0c@group-C08FB00D914C-LeaderElection55] INFO  server.RaftServerConfigKeys (ConfUtils.java:logGet(46)) - raft.server.write.element-limit = 1024 (custom)
2022-07-27 13:54:03,933 [34ea5659-743d-4920-98aa-921f1ee7ea0c@group-C08FB00D914C-LeaderElection55] INFO  server.RaftServerConfigKeys (ConfUtils.java:logGet(46)) - raft.server.write.follower.gap.ratio.max = -1.0 (default)
2022-07-27 13:54:03,933 [34ea5659-743d-4920-98aa-921f1ee7ea0c@group-C08FB00D914C-LeaderElection55] INFO  impl.RoleInfo (RoleInfo.java:updateAndGet(139)) - 34ea5659-743d-4920-98aa-921f1ee7ea0c: start 34ea5659-743d-4920-98aa-921f1ee7ea0c@group-C08FB00D914C-LeaderStateImpl
2022-07-27 13:54:03,934 [34ea5659-743d-4920-98aa-921f1ee7ea0c@group-C08FB00D914C-LeaderElection55] INFO  segmented.SegmentedRaftLogWorker (SegmentedRaftLogWorker.java:startLogSegment(425)) - 34ea5659-743d-4920-98aa-921f1ee7ea0c@group-C08FB00D914C-SegmentedRaftLogWorker: Starting segment from index:0
2022-07-27 13:54:03,937 [34ea5659-743d-4920-98aa-921f1ee7ea0c@group-C08FB00D914C-SegmentedRaftLogWorker] INFO  segmented.SegmentedRaftLogWorker (SegmentedRaftLogWorker.java:execute(629)) - 34ea5659-743d-4920-98aa-921f1ee7ea0c@group-C08FB00D914C-SegmentedRaftLogWorker: created new log segment /home/runner/work/ozone/ozone/hadoop-ozone/integration-test/target/test-dir/MiniOzoneClusterImpl-17d54aa6-bde1-4bf1-a713-29851100816b/datanode-0/data/ratis/40cda0d3-9c4f-44f3-97dc-c08fb00d914c/current/log_inprogress_0
2022-07-27 13:54:03,948 [34ea5659-743d-4920-98aa-921f1ee7ea0c@group-C08FB00D914C-LeaderElection55] INFO  server.RaftServer$Division (ServerState.java:setRaftConf(393)) - 34ea5659-743d-4920-98aa-921f1ee7ea0c@group-C08FB00D914C: set configuration 0: [34ea5659-743d-4920-98aa-921f1ee7ea0c|rpc:10.1.0.21:38521|dataStream:|priority:1], old=null
2022-07-27 13:54:03,949 [grpc-default-executor-2] INFO  server.RaftServer$Division (RaftServerImpl.java:requestVote(1152)) - d0f717e2-9042-4344-a562-88d1d040f01a@group-BBD1D7D7A8AA: receive requestVote(ELECTION, 34ea5659-743d-4920-98aa-921f1ee7ea0c, group-BBD1D7D7A8AA, 1, (t:0, i:0))
2022-07-27 13:54:03,949 [grpc-default-executor-2] INFO  impl.VoteContext (VoteContext.java:log(48)) - d0f717e2-9042-4344-a562-88d1d040f01a@group-BBD1D7D7A8AA-FOLLOWER: accept ELECTION from 34ea5659-743d-4920-98aa-921f1ee7ea0c: our priority 0 <= candidate's priority 1
2022-07-27 13:54:03,949 [grpc-default-executor-2] INFO  server.RaftServer$Division (RaftServerImpl.java:setRole(299)) - d0f717e2-9042-4344-a562-88d1d040f01a@group-BBD1D7D7A8AA: changes role from  FOLLOWER to FOLLOWER at term 1 for candidate:34ea5659-743d-4920-98aa-921f1ee7ea0c
2022-07-27 13:54:03,949 [grpc-default-executor-2] INFO  impl.RoleInfo (RoleInfo.java:shutdownFollowerState(110)) - d0f717e2-9042-4344-a562-88d1d040f01a: shutdown d0f717e2-9042-4344-a562-88d1d040f01a@group-BBD1D7D7A8AA-FollowerState
2022-07-27 13:54:03,949 [grpc-default-executor-2] INFO  impl.RoleInfo (RoleInfo.java:updateAndGet(139)) - d0f717e2-9042-4344-a562-88d1d040f01a: start d0f717e2-9042-4344-a562-88d1d040f01a@group-BBD1D7D7A8AA-FollowerState
2022-07-27 13:54:03,949 [d0f717e2-9042-4344-a562-88d1d040f01a@group-BBD1D7D7A8AA-FollowerState] INFO  impl.FollowerState (FollowerState.java:run(152)) - d0f717e2-9042-4344-a562-88d1d040f01a@group-BBD1D7D7A8AA-FollowerState was interrupted
2022-07-27 13:54:03,950 [05b7ade2-c08f-4f72-be79-8d526602fcb9-server-thread1] INFO  ratis.XceiverServerRatis (XceiverServerRatis.java:handleLeaderChangedNotification(863)) - Leader change notification received for group: group-BBD1D7D7A8AA with new leaderId: 34ea5659-743d-4920-98aa-921f1ee7ea0c
2022-07-27 13:54:03,950 [05b7ade2-c08f-4f72-be79-8d526602fcb9-server-thread1] INFO  server.RaftServer$Division (ServerState.java:setLeader(287)) - 05b7ade2-c08f-4f72-be79-8d526602fcb9@group-BBD1D7D7A8AA: change Leader from null to 34ea5659-743d-4920-98aa-921f1ee7ea0c at term 1 for appendEntries, leader elected after 4967ms
2022-07-27 13:54:03,956 [grpc-default-executor-2] INFO  server.RaftServer$Division (RaftServerImpl.java:requestVote(1184)) - d0f717e2-9042-4344-a562-88d1d040f01a@group-BBD1D7D7A8AA replies to ELECTION vote request: 34ea5659-743d-4920-98aa-921f1ee7ea0c<-d0f717e2-9042-4344-a562-88d1d040f01a#0:OK-t1. Peer's state: d0f717e2-9042-4344-a562-88d1d040f01a@group-BBD1D7D7A8AA:t1, leader=null, voted=34ea5659-743d-4920-98aa-921f1ee7ea0c, raftlog=d0f717e2-9042-4344-a562-88d1d040f01a@group-BBD1D7D7A8AA-SegmentedRaftLog:OPENED:c-1, conf=-1: [05b7ade2-c08f-4f72-be79-8d526602fcb9|rpc:10.1.0.21:42545|dataStream:|priority:0, 34ea5659-743d-4920-98aa-921f1ee7ea0c|rpc:10.1.0.21:38521|dataStream:|priority:1, d0f717e2-9042-4344-a562-88d1d040f01a|rpc:10.1.0.21:42759|dataStream:|priority:0], old=null
2022-07-27 13:54:04,056 [d0f717e2-9042-4344-a562-88d1d040f01a-server-thread1] INFO  ratis.XceiverServerRatis (XceiverServerRatis.java:handleLeaderChangedNotification(863)) - Leader change notification received for group: group-BBD1D7D7A8AA with new leaderId: 34ea5659-743d-4920-98aa-921f1ee7ea0c
2022-07-27 13:54:04,056 [d0f717e2-9042-4344-a562-88d1d040f01a-server-thread1] INFO  server.RaftServer$Division (ServerState.java:setLeader(287)) - d0f717e2-9042-4344-a562-88d1d040f01a@group-BBD1D7D7A8AA: change Leader from null to 34ea5659-743d-4920-98aa-921f1ee7ea0c at term 1 for appendEntries, leader elected after 5224ms
2022-07-27 13:54:04,064 [d0f717e2-9042-4344-a562-88d1d040f01a-server-thread1] INFO  server.RaftServer$Division (ServerState.java:setRaftConf(393)) - d0f717e2-9042-4344-a562-88d1d040f01a@group-BBD1D7D7A8AA: set configuration 0: [05b7ade2-c08f-4f72-be79-8d526602fcb9|rpc:10.1.0.21:42545|dataStream:|priority:0, 34ea5659-743d-4920-98aa-921f1ee7ea0c|rpc:10.1.0.21:38521|dataStream:|priority:1, d0f717e2-9042-4344-a562-88d1d040f01a|rpc:10.1.0.21:42759|dataStream:|priority:0], old=null
2022-07-27 13:54:04,065 [d0f717e2-9042-4344-a562-88d1d040f01a-server-thread1] INFO  segmented.SegmentedRaftLogWorker (SegmentedRaftLogWorker.java:startLogSegment(425)) - d0f717e2-9042-4344-a562-88d1d040f01a@group-BBD1D7D7A8AA-SegmentedRaftLogWorker: Starting segment from index:0
2022-07-27 13:54:04,066 [d0f717e2-9042-4344-a562-88d1d040f01a@group-BBD1D7D7A8AA-SegmentedRaftLogWorker] INFO  segmented.SegmentedRaftLogWorker (SegmentedRaftLogWorker.java:execute(629)) - d0f717e2-9042-4344-a562-88d1d040f01a@group-BBD1D7D7A8AA-SegmentedRaftLogWorker: created new log segment /home/runner/work/ozone/ozone/hadoop-ozone/integration-test/target/test-dir/MiniOzoneClusterImpl-17d54aa6-bde1-4bf1-a713-29851100816b/datanode-1/data/ratis/60fe568d-13b2-43e4-a1e1-bbd1d7d7a8aa/current/log_inprogress_0
2022-07-27 13:54:04,113 [34ea5659-743d-4920-98aa-921f1ee7ea0c@group-450F11538100-FollowerState] INFO  impl.FollowerState (FollowerState.java:run(143)) - 34ea5659-743d-4920-98aa-921f1ee7ea0c@group-450F11538100-FollowerState: change to CANDIDATE, lastRpcElapsedTime:5043953212ns, electionTimeout:5043ms
2022-07-27 13:54:04,113 [34ea5659-743d-4920-98aa-921f1ee7ea0c@group-450F11538100-FollowerState] INFO  impl.RoleInfo (RoleInfo.java:shutdownFollowerState(110)) - 34ea5659-743d-4920-98aa-921f1ee7ea0c: shutdown 34ea5659-743d-4920-98aa-921f1ee7ea0c@group-450F11538100-FollowerState
2022-07-27 13:54:04,113 [34ea5659-743d-4920-98aa-921f1ee7ea0c@group-450F11538100-FollowerState] INFO  server.RaftServer$Division (RaftServerImpl.java:setRole(299)) - 34ea5659-743d-4920-98aa-921f1ee7ea0c@group-450F11538100: changes role from  FOLLOWER to CANDIDATE at term 0 for changeToCandidate
2022-07-27 13:54:04,113 [34ea5659-743d-4920-98aa-921f1ee7ea0c@group-450F11538100-FollowerState] INFO  server.RaftServerConfigKeys (ConfUtils.java:logGet(46)) - raft.server.leaderelection.pre-vote = false (custom)
2022-07-27 13:54:04,114 [34ea5659-743d-4920-98aa-921f1ee7ea0c@group-450F11538100-FollowerState] INFO  impl.RoleInfo (RoleInfo.java:updateAndGet(139)) - 34ea5659-743d-4920-98aa-921f1ee7ea0c: start 34ea5659-743d-4920-98aa-921f1ee7ea0c@group-450F11538100-LeaderElection56
2022-07-27 13:54:04,148 [05b7ade2-c08f-4f72-be79-8d526602fcb9-server-thread1] INFO  server.RaftServer$Division (ServerState.java:setRaftConf(393)) - 05b7ade2-c08f-4f72-be79-8d526602fcb9@group-BBD1D7D7A8AA: set configuration 0: [05b7ade2-c08f-4f72-be79-8d526602fcb9|rpc:10.1.0.21:42545|dataStream:|priority:0, 34ea5659-743d-4920-98aa-921f1ee7ea0c|rpc:10.1.0.21:38521|dataStream:|priority:1, d0f717e2-9042-4344-a562-88d1d040f01a|rpc:10.1.0.21:42759|dataStream:|priority:0], old=null
2022-07-27 13:54:04,149 [05b7ade2-c08f-4f72-be79-8d526602fcb9-server-thread1] INFO  segmented.SegmentedRaftLogWorker (SegmentedRaftLogWorker.java:startLogSegment(425)) - 05b7ade2-c08f-4f72-be79-8d526602fcb9@group-BBD1D7D7A8AA-SegmentedRaftLogWorker: Starting segment from index:0
2022-07-27 13:54:04,150 [05b7ade2-c08f-4f72-be79-8d526602fcb9@group-BBD1D7D7A8AA-SegmentedRaftLogWorker] INFO  segmented.SegmentedRaftLogWorker (SegmentedRaftLogWorker.java:execute(629)) - 05b7ade2-c08f-4f72-be79-8d526602fcb9@group-BBD1D7D7A8AA-SegmentedRaftLogWorker: created new log segment /home/runner/work/ozone/ozone/hadoop-ozone/integration-test/target/test-dir/MiniOzoneClusterImpl-17d54aa6-bde1-4bf1-a713-29851100816b/datanode-2/data/ratis/60fe568d-13b2-43e4-a1e1-bbd1d7d7a8aa/current/log_inprogress_0
2022-07-27 13:54:04,193 [34ea5659-743d-4920-98aa-921f1ee7ea0c@group-450F11538100-LeaderElection56] INFO  impl.LeaderElection (LeaderElection.java:askForVotes(310)) - 34ea5659-743d-4920-98aa-921f1ee7ea0c@group-450F11538100-LeaderElection56 ELECTION round 0: submit vote requests at term 1 for -1: [05b7ade2-c08f-4f72-be79-8d526602fcb9|rpc:10.1.0.21:42545|priority:1, 34ea5659-743d-4920-98aa-921f1ee7ea0c|rpc:10.1.0.21:38521|priority:0, d0f717e2-9042-4344-a562-88d1d040f01a|rpc:10.1.0.21:42759|priority:0], old=null
2022-07-27 13:54:04,202 [OverReplicatedQueueThreadThread] INFO  replication.OverReplicatedProcessor (OverReplicatedProcessor.java:processAll(83)) - Processed 0 over replicated containers, failed processing 0
2022-07-27 13:54:04,205 [UnderReplicatedQueueThreadThread] INFO  replication.UnderReplicatedProcessor (UnderReplicatedProcessor.java:processAll(85)) - Processed 0 under replicated containers, failed processing 0
2022-07-27 13:54:04,218 [05b7ade2-c08f-4f72-be79-8d526602fcb9@group-450F11538100-FollowerState] INFO  impl.FollowerState (FollowerState.java:run(143)) - 05b7ade2-c08f-4f72-be79-8d526602fcb9@group-450F11538100-FollowerState: change to CANDIDATE, lastRpcElapsedTime:5040988785ns, electionTimeout:5040ms
2022-07-27 13:54:04,218 [05b7ade2-c08f-4f72-be79-8d526602fcb9@group-450F11538100-FollowerState] INFO  impl.RoleInfo (RoleInfo.java:shutdownFollowerState(110)) - 05b7ade2-c08f-4f72-be79-8d526602fcb9: shutdown 05b7ade2-c08f-4f72-be79-8d526602fcb9@group-450F11538100-FollowerState
2022-07-27 13:54:04,218 [05b7ade2-c08f-4f72-be79-8d526602fcb9@group-450F11538100-FollowerState] INFO  server.RaftServer$Division (RaftServerImpl.java:setRole(299)) - 05b7ade2-c08f-4f72-be79-8d526602fcb9@group-450F11538100: changes role from  FOLLOWER to CANDIDATE at term 0 for changeToCandidate
2022-07-27 13:54:04,218 [05b7ade2-c08f-4f72-be79-8d526602fcb9@group-450F11538100-FollowerState] INFO  server.RaftServerConfigKeys (ConfUtils.java:logGet(46)) - raft.server.leaderelection.pre-vote = false (custom)
2022-07-27 13:54:04,218 [05b7ade2-c08f-4f72-be79-8d526602fcb9@group-450F11538100-FollowerState] INFO  impl.RoleInfo (RoleInfo.java:updateAndGet(139)) - 05b7ade2-c08f-4f72-be79-8d526602fcb9: start 05b7ade2-c08f-4f72-be79-8d526602fcb9@group-450F11538100-LeaderElection57
2022-07-27 13:54:04,251 [grpc-default-executor-1] INFO  server.RaftServer$Division (RaftServerImpl.java:requestVote(1152)) - 05b7ade2-c08f-4f72-be79-8d526602fcb9@group-450F11538100: receive requestVote(ELECTION, 34ea5659-743d-4920-98aa-921f1ee7ea0c, group-450F11538100, 1, (t:0, i:0))
2022-07-27 13:54:04,251 [grpc-default-executor-2] INFO  server.RaftServer$Division (RaftServerImpl.java:requestVote(1152)) - d0f717e2-9042-4344-a562-88d1d040f01a@group-450F11538100: receive requestVote(ELECTION, 34ea5659-743d-4920-98aa-921f1ee7ea0c, group-450F11538100, 1, (t:0, i:0))
2022-07-27 13:54:04,252 [grpc-default-executor-2] INFO  impl.VoteContext (VoteContext.java:log(48)) - d0f717e2-9042-4344-a562-88d1d040f01a@group-450F11538100-FOLLOWER: accept ELECTION from 34ea5659-743d-4920-98aa-921f1ee7ea0c: our priority 0 <= candidate's priority 0
2022-07-27 13:54:04,252 [grpc-default-executor-2] INFO  server.RaftServer$Division (RaftServerImpl.java:setRole(299)) - d0f717e2-9042-4344-a562-88d1d040f01a@group-450F11538100: changes role from  FOLLOWER to FOLLOWER at term 1 for candidate:34ea5659-743d-4920-98aa-921f1ee7ea0c
2022-07-27 13:54:04,252 [grpc-default-executor-2] INFO  impl.RoleInfo (RoleInfo.java:shutdownFollowerState(110)) - d0f717e2-9042-4344-a562-88d1d040f01a: shutdown d0f717e2-9042-4344-a562-88d1d040f01a@group-450F11538100-FollowerState
2022-07-27 13:54:04,252 [grpc-default-executor-2] INFO  impl.RoleInfo (RoleInfo.java:updateAndGet(139)) - d0f717e2-9042-4344-a562-88d1d040f01a: start d0f717e2-9042-4344-a562-88d1d040f01a@group-450F11538100-FollowerState
2022-07-27 13:54:04,252 [d0f717e2-9042-4344-a562-88d1d040f01a@group-450F11538100-FollowerState] INFO  impl.FollowerState (FollowerState.java:run(152)) - d0f717e2-9042-4344-a562-88d1d040f01a@group-450F11538100-FollowerState was interrupted
2022-07-27 13:54:04,269 [grpc-default-executor-2] INFO  server.RaftServer$Division (RaftServerImpl.java:requestVote(1184)) - d0f717e2-9042-4344-a562-88d1d040f01a@group-450F11538100 replies to ELECTION vote request: 34ea5659-743d-4920-98aa-921f1ee7ea0c<-d0f717e2-9042-4344-a562-88d1d040f01a#0:OK-t1. Peer's state: d0f717e2-9042-4344-a562-88d1d040f01a@group-450F11538100:t1, leader=null, voted=34ea5659-743d-4920-98aa-921f1ee7ea0c, raftlog=d0f717e2-9042-4344-a562-88d1d040f01a@group-450F11538100-SegmentedRaftLog:OPENED:c-1, conf=-1: [05b7ade2-c08f-4f72-be79-8d526602fcb9|rpc:10.1.0.21:42545|dataStream:|priority:1, 34ea5659-743d-4920-98aa-921f1ee7ea0c|rpc:10.1.0.21:38521|dataStream:|priority:0, d0f717e2-9042-4344-a562-88d1d040f01a|rpc:10.1.0.21:42759|dataStream:|priority:0], old=null
2022-07-27 13:54:04,271 [grpc-default-executor-1] INFO  impl.VoteContext (VoteContext.java:log(48)) - 05b7ade2-c08f-4f72-be79-8d526602fcb9@group-450F11538100-CANDIDATE: reject ELECTION from 34ea5659-743d-4920-98aa-921f1ee7ea0c: our priority 1 > candidate's priority 0
2022-07-27 13:54:04,271 [grpc-default-executor-1] INFO  server.RaftServer$Division (RaftServerImpl.java:setRole(299)) - 05b7ade2-c08f-4f72-be79-8d526602fcb9@group-450F11538100: changes role from CANDIDATE to FOLLOWER at term 1 for candidate:34ea5659-743d-4920-98aa-921f1ee7ea0c
2022-07-27 13:54:04,272 [grpc-default-executor-1] INFO  impl.RoleInfo (RoleInfo.java:shutdownLeaderElection(130)) - 05b7ade2-c08f-4f72-be79-8d526602fcb9: shutdown 05b7ade2-c08f-4f72-be79-8d526602fcb9@group-450F11538100-LeaderElection57
2022-07-27 13:54:04,272 [grpc-default-executor-1] INFO  impl.RoleInfo (RoleInfo.java:updateAndGet(139)) - 05b7ade2-c08f-4f72-be79-8d526602fcb9: start 05b7ade2-c08f-4f72-be79-8d526602fcb9@group-450F11538100-FollowerState
2022-07-27 13:54:04,296 [grpc-default-executor-1] INFO  server.RaftServer$Division (RaftServerImpl.java:requestVote(1184)) - 05b7ade2-c08f-4f72-be79-8d526602fcb9@group-450F11538100 replies to ELECTION vote request: 34ea5659-743d-4920-98aa-921f1ee7ea0c<-05b7ade2-c08f-4f72-be79-8d526602fcb9#0:FAIL-t1. Peer's state: 05b7ade2-c08f-4f72-be79-8d526602fcb9@group-450F11538100:t1, leader=null, voted=null, raftlog=05b7ade2-c08f-4f72-be79-8d526602fcb9@group-450F11538100-SegmentedRaftLog:OPENED:c-1, conf=-1: [05b7ade2-c08f-4f72-be79-8d526602fcb9|rpc:10.1.0.21:42545|dataStream:|priority:1, 34ea5659-743d-4920-98aa-921f1ee7ea0c|rpc:10.1.0.21:38521|dataStream:|priority:0, d0f717e2-9042-4344-a562-88d1d040f01a|rpc:10.1.0.21:42759|dataStream:|priority:0], old=null
2022-07-27 13:54:04,302 [34ea5659-743d-4920-98aa-921f1ee7ea0c@group-450F11538100-LeaderElection56] INFO  impl.LeaderElection (LeaderElection.java:logAndReturn(90)) - 34ea5659-743d-4920-98aa-921f1ee7ea0c@group-450F11538100-LeaderElection56: ELECTION REJECTED received 2 response(s) and 0 exception(s):
2022-07-27 13:54:04,302 [34ea5659-743d-4920-98aa-921f1ee7ea0c@group-450F11538100-LeaderElection56] INFO  impl.LeaderElection (LeaderElection.java:logAndReturn(94)) -   Response 0: 34ea5659-743d-4920-98aa-921f1ee7ea0c<-05b7ade2-c08f-4f72-be79-8d526602fcb9#0:FAIL-t1
2022-07-27 13:54:04,302 [34ea5659-743d-4920-98aa-921f1ee7ea0c@group-450F11538100-LeaderElection56] INFO  impl.LeaderElection (LeaderElection.java:logAndReturn(94)) -   Response 1: 34ea5659-743d-4920-98aa-921f1ee7ea0c<-d0f717e2-9042-4344-a562-88d1d040f01a#0:OK-t1
2022-07-27 13:54:04,302 [34ea5659-743d-4920-98aa-921f1ee7ea0c@group-450F11538100-LeaderElection56] INFO  impl.LeaderElection (LeaderElection.java:askForVotes(312)) - 34ea5659-743d-4920-98aa-921f1ee7ea0c@group-450F11538100-LeaderElection56 ELECTION round 0: result REJECTED
2022-07-27 13:54:04,302 [34ea5659-743d-4920-98aa-921f1ee7ea0c@group-450F11538100-LeaderElection56] INFO  server.RaftServer$Division (RaftServerImpl.java:setRole(299)) - 34ea5659-743d-4920-98aa-921f1ee7ea0c@group-450F11538100: changes role from CANDIDATE to FOLLOWER at term 1 for REJECTED
2022-07-27 13:54:04,302 [34ea5659-743d-4920-98aa-921f1ee7ea0c@group-450F11538100-LeaderElection56] INFO  impl.RoleInfo (RoleInfo.java:shutdownLeaderElection(130)) - 34ea5659-743d-4920-98aa-921f1ee7ea0c: shutdown 34ea5659-743d-4920-98aa-921f1ee7ea0c@group-450F11538100-LeaderElection56
2022-07-27 13:54:04,302 [34ea5659-743d-4920-98aa-921f1ee7ea0c@group-450F11538100-LeaderElection56] INFO  impl.RoleInfo (RoleInfo.java:updateAndGet(139)) - 34ea5659-743d-4920-98aa-921f1ee7ea0c: start 34ea5659-743d-4920-98aa-921f1ee7ea0c@group-450F11538100-FollowerState
2022-07-27 13:54:04,541 [d0f717e2-9042-4344-a562-88d1d040f01a@group-B983E570C814-FollowerState] INFO  impl.FollowerState (FollowerState.java:run(143)) - d0f717e2-9042-4344-a562-88d1d040f01a@group-B983E570C814-FollowerState: change to CANDIDATE, lastRpcElapsedTime:5070605445ns, electionTimeout:5045ms
2022-07-27 13:54:04,541 [d0f717e2-9042-4344-a562-88d1d040f01a@group-B983E570C814-FollowerState] INFO  impl.RoleInfo (RoleInfo.java:shutdownFollowerState(110)) - d0f717e2-9042-4344-a562-88d1d040f01a: shutdown d0f717e2-9042-4344-a562-88d1d040f01a@group-B983E570C814-FollowerState
2022-07-27 13:54:04,541 [d0f717e2-9042-4344-a562-88d1d040f01a@group-B983E570C814-FollowerState] INFO  server.RaftServer$Division (RaftServerImpl.java:setRole(299)) - d0f717e2-9042-4344-a562-88d1d040f01a@group-B983E570C814: changes role from  FOLLOWER to CANDIDATE at term 0 for changeToCandidate
2022-07-27 13:54:04,542 [d0f717e2-9042-4344-a562-88d1d040f01a@group-B983E570C814-FollowerState] INFO  server.RaftServerConfigKeys (ConfUtils.java:logGet(46)) - raft.server.leaderelection.pre-vote = false (custom)
2022-07-27 13:54:04,542 [d0f717e2-9042-4344-a562-88d1d040f01a@group-B983E570C814-FollowerState] INFO  impl.RoleInfo (RoleInfo.java:updateAndGet(139)) - d0f717e2-9042-4344-a562-88d1d040f01a: start d0f717e2-9042-4344-a562-88d1d040f01a@group-B983E570C814-LeaderElection58
2022-07-27 13:54:04,583 [d0f717e2-9042-4344-a562-88d1d040f01a@group-B983E570C814-LeaderElection58] INFO  impl.LeaderElection (LeaderElection.java:askForVotes(310)) - d0f717e2-9042-4344-a562-88d1d040f01a@group-B983E570C814-LeaderElection58 ELECTION round 0: submit vote requests at term 1 for -1: [d0f717e2-9042-4344-a562-88d1d040f01a|rpc:10.1.0.21:42759|priority:1], old=null
2022-07-27 13:54:04,583 [d0f717e2-9042-4344-a562-88d1d040f01a@group-B983E570C814-LeaderElection58] INFO  impl.LeaderElection (LeaderElection.java:askForVotes(312)) - d0f717e2-9042-4344-a562-88d1d040f01a@group-B983E570C814-LeaderElection58 ELECTION round 0: result PASSED (term=1)
2022-07-27 13:54:04,583 [d0f717e2-9042-4344-a562-88d1d040f01a@group-B983E570C814-LeaderElection58] INFO  impl.RoleInfo (RoleInfo.java:shutdownLeaderElection(130)) - d0f717e2-9042-4344-a562-88d1d040f01a: shutdown d0f717e2-9042-4344-a562-88d1d040f01a@group-B983E570C814-LeaderElection58
2022-07-27 13:54:04,583 [d0f717e2-9042-4344-a562-88d1d040f01a@group-B983E570C814-LeaderElection58] INFO  server.RaftServer$Division (RaftServerImpl.java:setRole(299)) - d0f717e2-9042-4344-a562-88d1d040f01a@group-B983E570C814: changes role from CANDIDATE to LEADER at term 1 for changeToLeader
2022-07-27 13:54:04,583 [d0f717e2-9042-4344-a562-88d1d040f01a@group-B983E570C814-LeaderElection58] INFO  ratis.XceiverServerRatis (XceiverServerRatis.java:handleLeaderChangedNotification(863)) - Leader change notification received for group: group-B983E570C814 with new leaderId: d0f717e2-9042-4344-a562-88d1d040f01a
2022-07-27 13:54:04,583 [d0f717e2-9042-4344-a562-88d1d040f01a@group-B983E570C814-LeaderElection58] INFO  server.RaftServer$Division (ServerState.java:setLeader(287)) - d0f717e2-9042-4344-a562-88d1d040f01a@group-B983E570C814: change Leader from null to d0f717e2-9042-4344-a562-88d1d040f01a at term 1 for becomeLeader, leader elected after 5129ms
2022-07-27 13:54:04,583 [d0f717e2-9042-4344-a562-88d1d040f01a@group-B983E570C814-LeaderElection58] INFO  server.RaftServerConfigKeys (ConfUtils.java:logGet(46)) - raft.server.staging.catchup.gap = 1000 (default)
2022-07-27 13:54:04,584 [d0f717e2-9042-4344-a562-88d1d040f01a@group-B983E570C814-LeaderElection58] INFO  server.RaftServerConfigKeys (ConfUtils.java:logGet(46)) - raft.server.write.element-limit = 1024 (custom)
2022-07-27 13:54:04,584 [d0f717e2-9042-4344-a562-88d1d040f01a@group-B983E570C814-LeaderElection58] INFO  server.RaftServerConfigKeys (ConfUtils.java:logGet(46)) - raft.server.write.byte-limit = 1024 M (=1073741824) (custom)
2022-07-27 13:54:04,584 [d0f717e2-9042-4344-a562-88d1d040f01a@group-B983E570C814-LeaderElection58] INFO  server.RaftServerConfigKeys (ConfUtils.java:logGet(46)) - raft.server.watch.timeout = 180s (custom)
2022-07-27 13:54:04,584 [d0f717e2-9042-4344-a562-88d1d040f01a@group-B983E570C814-LeaderElection58] INFO  server.RaftServerConfigKeys (ConfUtils.java:logGet(46)) - raft.server.watch.timeout.denomination = 1s (default)
2022-07-27 13:54:04,584 [d0f717e2-9042-4344-a562-88d1d040f01a@group-B983E570C814-LeaderElection58] INFO  server.RaftServerConfigKeys (ConfUtils.java:logGet(46)) - raft.server.watch.element-limit = 65536 (default)
2022-07-27 13:54:04,584 [d0f717e2-9042-4344-a562-88d1d040f01a@group-B983E570C814-LeaderElection58] INFO  server.RaftServerConfigKeys (ConfUtils.java:logGet(46)) - raft.server.write.element-limit = 1024 (custom)
2022-07-27 13:54:04,584 [d0f717e2-9042-4344-a562-88d1d040f01a@group-B983E570C814-LeaderElection58] INFO  server.RaftServerConfigKeys (ConfUtils.java:logGet(46)) - raft.server.write.follower.gap.ratio.max = -1.0 (default)
2022-07-27 13:54:04,584 [d0f717e2-9042-4344-a562-88d1d040f01a@group-B983E570C814-LeaderElection58] INFO  impl.RoleInfo (RoleInfo.java:updateAndGet(139)) - d0f717e2-9042-4344-a562-88d1d040f01a: start d0f717e2-9042-4344-a562-88d1d040f01a@group-B983E570C814-LeaderStateImpl
2022-07-27 13:54:04,585 [d0f717e2-9042-4344-a562-88d1d040f01a@group-B983E570C814-LeaderElection58] INFO  segmented.SegmentedRaftLogWorker (SegmentedRaftLogWorker.java:startLogSegment(425)) - d0f717e2-9042-4344-a562-88d1d040f01a@group-B983E570C814-SegmentedRaftLogWorker: Starting segment from index:0
2022-07-27 13:54:04,588 [d0f717e2-9042-4344-a562-88d1d040f01a@group-B983E570C814-LeaderElection58] INFO  server.RaftServer$Division (ServerState.java:setRaftConf(393)) - d0f717e2-9042-4344-a562-88d1d040f01a@group-B983E570C814: set configuration 0: [d0f717e2-9042-4344-a562-88d1d040f01a|rpc:10.1.0.21:42759|dataStream:|priority:1], old=null
2022-07-27 13:54:04,611 [d0f717e2-9042-4344-a562-88d1d040f01a@group-B983E570C814-SegmentedRaftLogWorker] INFO  segmented.SegmentedRaftLogWorker (SegmentedRaftLogWorker.java:execute(629)) - d0f717e2-9042-4344-a562-88d1d040f01a@group-B983E570C814-SegmentedRaftLogWorker: created new log segment /home/runner/work/ozone/ozone/hadoop-ozone/integration-test/target/test-dir/MiniOzoneClusterImpl-17d54aa6-bde1-4bf1-a713-29851100816b/datanode-1/data/ratis/11bf9fd3-12d2-463f-a438-b983e570c814/current/log_inprogress_0
2022-07-27 13:54:04,730 [Listener at 127.0.0.1/41147] INFO  ozone.MiniOzoneClusterImpl (MiniOzoneClusterImpl.java:lambda$waitForClusterToBeReady$0(216)) - Nodes are ready. Got 5 of 5 DN Heartbeats.
2022-07-27 13:54:04,730 [Listener at 127.0.0.1/41147] INFO  ozone.MiniOzoneClusterImpl (MiniOzoneClusterImpl.java:lambda$waitForClusterToBeReady$0(219)) - Cluster exits safe mode
2022-07-27 13:54:04,730 [Listener at 127.0.0.1/41147] INFO  ozone.MiniOzoneClusterImpl (MiniOzoneClusterImpl.java:lambda$waitForClusterToBeReady$0(221)) - SCM became leader
2022-07-27 13:54:04,895 [Time-limited test] INFO  rpc.RpcClient (RpcClient.java:createVolume(467)) - Creating Volume: volume15026, with user00663 as owner and space quota set to -1 bytes, counts quota set to -1
2022-07-27 13:54:04,916 [IPC Server handler 0 on default port 41147] INFO  volume.OMVolumeCreateRequest (OMVolumeCreateRequest.java:validateAndUpdateCache(195)) - created volume:volume15026 for user:user00663
2022-07-27 13:54:05,070 [Time-limited test] INFO  rpc.RpcClient (RpcClient.java:createBucket(670)) - Creating Bucket: volume15026/bucket79233, with bucket layout LEGACY, runner as owner, Versioning false, Storage Type set to DISK and Encryption set to false 
2022-07-27 13:54:05,089 [IPC Server handler 17 on default port 41147] INFO  bucket.OMBucketCreateRequest (OMBucketCreateRequest.java:validateAndUpdateCache(260)) - created bucket: bucket79233 of layout LEGACY in volume: volume15026
2022-07-27 13:54:05,156 [IPC Server handler 1 on default port 43193] INFO  ha.SequenceIdGenerator (SequenceIdGenerator.java:getNextId(128)) - Allocate a batch for containerId, change lastId from 0 to 1000.
2022-07-27 13:54:05,157 [IPC Server handler 1 on default port 43193] WARN  ha.SequenceIdGenerator (SequenceIdGenerator.java:allocateBatch(237)) - Failed to allocate a batch for localId, expected lastId is 0, actual lastId is 109611004723200000.
2022-07-27 13:54:05,157 [IPC Server handler 1 on default port 43193] INFO  ha.SequenceIdGenerator (SequenceIdGenerator.java:getNextId(128)) - Allocate a batch for localId, change lastId from 109611004723200000 to 109611004723201000.
13:54:05.208 [IPC Server handler 3 on default port 41147] ERROR OMAudit - user=runner | ip=127.0.0.1 | op=GET_FILE_STATUS {volume=volume15026, bucket=bucket79233, key=dir283/file1, dataSize=0, replicationConfig=null} | ret=FAILURE
org.apache.hadoop.ozone.om.exceptions.OMException: Unable to get file status: volume: volume15026 bucket: bucket79233 key: dir283/file1
	at org.apache.hadoop.ozone.om.KeyManagerImpl.getOzoneFileStatus(KeyManagerImpl.java:1311) ~[ozone-manager-1.3.0-SNAPSHOT.jar:?]
	at org.apache.hadoop.ozone.om.KeyManagerImpl.getFileStatus(KeyManagerImpl.java:1241) ~[ozone-manager-1.3.0-SNAPSHOT.jar:?]
	at org.apache.hadoop.ozone.om.OzoneManager.getFileStatus(OzoneManager.java:3467) ~[ozone-manager-1.3.0-SNAPSHOT.jar:?]
	at org.apache.hadoop.ozone.protocolPB.OzoneManagerRequestHandler.getOzoneFileStatus(OzoneManagerRequestHandler.java:878) ~[ozone-manager-1.3.0-SNAPSHOT.jar:?]
	at org.apache.hadoop.ozone.protocolPB.OzoneManagerRequestHandler.handleReadRequest(OzoneManagerRequestHandler.java:224) ~[ozone-manager-1.3.0-SNAPSHOT.jar:?]
	at org.apache.hadoop.ozone.protocolPB.OzoneManagerProtocolServerSideTranslatorPB.submitRequestDirectlyToOM(OzoneManagerProtocolServerSideTranslatorPB.java:276) ~[ozone-manager-1.3.0-SNAPSHOT.jar:?]
	at org.apache.hadoop.ozone.protocolPB.OzoneManagerProtocolServerSideTranslatorPB.processRequest(OzoneManagerProtocolServerSideTranslatorPB.java:205) ~[ozone-manager-1.3.0-SNAPSHOT.jar:?]
	at org.apache.hadoop.hdds.server.OzoneProtocolMessageDispatcher.processRequest(OzoneProtocolMessageDispatcher.java:87) [hdds-server-framework-1.3.0-SNAPSHOT.jar:?]
	at org.apache.hadoop.ozone.protocolPB.OzoneManagerProtocolServerSideTranslatorPB.submitRequest(OzoneManagerProtocolServerSideTranslatorPB.java:147) [ozone-manager-1.3.0-SNAPSHOT.jar:?]
	at org.apache.hadoop.ozone.protocol.proto.OzoneManagerProtocolProtos$OzoneManagerService$2.callBlockingMethod(OzoneManagerProtocolProtos.java) [ozone-interface-client-1.3.0-SNAPSHOT.jar:?]
	at org.apache.hadoop.ipc.ProtobufRpcEngine$Server.processCall(ProtobufRpcEngine.java:466) [hadoop-common-3.3.1.jar:?]
	at org.apache.hadoop.ipc.ProtobufRpcEngine2$Server$ProtoBufRpcInvoker.call(ProtobufRpcEngine2.java:574) [hadoop-common-3.3.1.jar:?]
	at org.apache.hadoop.ipc.ProtobufRpcEngine2$Server$ProtoBufRpcInvoker.call(ProtobufRpcEngine2.java:552) [hadoop-common-3.3.1.jar:?]
	at org.apache.hadoop.ipc.RPC$Server.call(RPC.java:1093) [hadoop-common-3.3.1.jar:?]
	at org.apache.hadoop.ipc.Server$RpcCall.run(Server.java:1035) [hadoop-common-3.3.1.jar:?]
	at org.apache.hadoop.ipc.Server$RpcCall.run(Server.java:963) [hadoop-common-3.3.1.jar:?]
	at java.security.AccessController.doPrivileged(Native Method) ~[?:1.8.0_332]
	at javax.security.auth.Subject.doAs(Subject.java:422) [?:1.8.0_332]
	at org.apache.hadoop.security.UserGroupInformation.doAs(UserGroupInformation.java:1878) [hadoop-common-3.3.1.jar:?]
	at org.apache.hadoop.ipc.Server$Handler.run(Server.java:2966) [hadoop-common-3.3.1.jar:?]
]]></system-out>
  </testcase>
  <testcase name="testListStatusRootAndVolumeRecursive" classname="TestRootedOzoneFileSystem" time="1.077">
    <system-out><![CDATA[2022-07-27 13:49:16,097 [Time-limited test] INFO  rpc.RpcClient (RpcClient.java:createVolume(467)) - Creating Volume: volume68071, with user04360 as owner and space quota set to -1 bytes, counts quota set to -1
2022-07-27 13:49:16,101 [OM StateMachine ApplyTransaction Thread - 0] INFO  volume.OMVolumeCreateRequest (OMVolumeCreateRequest.java:validateAndUpdateCache(195)) - created volume:volume68071 for user:user04360
2022-07-27 13:49:16,104 [Time-limited test] INFO  rpc.RpcClient (RpcClient.java:createBucket(670)) - Creating Bucket: volume68071/bucket45842, with bucket layout LEGACY, runner as owner, Versioning false, Storage Type set to DISK and Encryption set to false 
2022-07-27 13:49:16,108 [OM StateMachine ApplyTransaction Thread - 0] INFO  bucket.OMBucketCreateRequest (OMBucketCreateRequest.java:validateAndUpdateCache(260)) - created bucket: bucket45842 of layout LEGACY in volume: volume68071
2022-07-27 13:49:16,119 [Time-limited test] INFO  rpc.RpcClient (RpcClient.java:createVolume(467)) - Creating Volume: volume-59919, with runner as owner and space quota set to -1 bytes, counts quota set to -1
2022-07-27 13:49:16,122 [OM StateMachine ApplyTransaction Thread - 0] INFO  volume.OMVolumeCreateRequest (OMVolumeCreateRequest.java:validateAndUpdateCache(195)) - created volume:volume-59919 for user:runner
2022-07-27 13:49:16,124 [Time-limited test] INFO  rpc.RpcClient (RpcClient.java:createBucket(670)) - Creating Bucket: volume-59919/bucket-29780, with bucket layout LEGACY, runner as owner, Versioning false, Storage Type set to DISK and Encryption set to false 
2022-07-27 13:49:16,128 [OM StateMachine ApplyTransaction Thread - 0] INFO  bucket.OMBucketCreateRequest (OMBucketCreateRequest.java:validateAndUpdateCache(260)) - created bucket: bucket-29780 of layout LEGACY in volume: volume-59919
2022-07-27 13:49:16,193 [Time-limited test] INFO  impl.MetricsSystemImpl (MetricsSystemImpl.java:init(158)) - XceiverClientMetrics metrics system started (again)
2022-07-27 13:49:16,594 [Time-limited test] INFO  rpc.RpcClient (RpcClient.java:createVolume(467)) - Creating Volume: volume-64043, with runner as owner and space quota set to -1 bytes, counts quota set to -1
2022-07-27 13:49:16,597 [OM StateMachine ApplyTransaction Thread - 0] INFO  volume.OMVolumeCreateRequest (OMVolumeCreateRequest.java:validateAndUpdateCache(195)) - created volume:volume-64043 for user:runner
2022-07-27 13:49:16,599 [Time-limited test] INFO  rpc.RpcClient (RpcClient.java:createBucket(670)) - Creating Bucket: volume-64043/bucket-21609, with bucket layout LEGACY, runner as owner, Versioning false, Storage Type set to DISK and Encryption set to false 
2022-07-27 13:49:16,602 [OM StateMachine ApplyTransaction Thread - 0] INFO  bucket.OMBucketCreateRequest (OMBucketCreateRequest.java:validateAndUpdateCache(260)) - created bucket: bucket-21609 of layout LEGACY in volume: volume-64043
]]></system-out>
  </testcase>
  <testcase name="testListStatusRootAndVolumeRecursive" classname="TestRootedOzoneFileSystem" time="0.966">
    <system-out><![CDATA[2022-07-27 13:50:20,486 [307e1e91-324e-43cf-a54a-5645731ed350@group-7EE2B4BB8E9B-FollowerState] INFO  impl.FollowerState (FollowerState.java:run(143)) - 307e1e91-324e-43cf-a54a-5645731ed350@group-7EE2B4BB8E9B-FollowerState: change to CANDIDATE, lastRpcElapsedTime:5046431157ns, electionTimeout:5042ms
2022-07-27 13:50:20,486 [307e1e91-324e-43cf-a54a-5645731ed350@group-7EE2B4BB8E9B-FollowerState] INFO  impl.RoleInfo (RoleInfo.java:shutdownFollowerState(110)) - 307e1e91-324e-43cf-a54a-5645731ed350: shutdown 307e1e91-324e-43cf-a54a-5645731ed350@group-7EE2B4BB8E9B-FollowerState
2022-07-27 13:50:20,486 [307e1e91-324e-43cf-a54a-5645731ed350@group-7EE2B4BB8E9B-FollowerState] INFO  server.RaftServer$Division (RaftServerImpl.java:setRole(299)) - 307e1e91-324e-43cf-a54a-5645731ed350@group-7EE2B4BB8E9B: changes role from  FOLLOWER to CANDIDATE at term 0 for changeToCandidate
2022-07-27 13:50:20,486 [307e1e91-324e-43cf-a54a-5645731ed350@group-7EE2B4BB8E9B-FollowerState] INFO  server.RaftServerConfigKeys (ConfUtils.java:logGet(46)) - raft.server.leaderelection.pre-vote = false (custom)
2022-07-27 13:50:20,486 [307e1e91-324e-43cf-a54a-5645731ed350@group-7EE2B4BB8E9B-FollowerState] INFO  impl.RoleInfo (RoleInfo.java:updateAndGet(139)) - 307e1e91-324e-43cf-a54a-5645731ed350: start 307e1e91-324e-43cf-a54a-5645731ed350@group-7EE2B4BB8E9B-LeaderElection18
2022-07-27 13:50:20,563 [307e1e91-324e-43cf-a54a-5645731ed350@group-7EE2B4BB8E9B-LeaderElection18] INFO  impl.LeaderElection (LeaderElection.java:askForVotes(310)) - 307e1e91-324e-43cf-a54a-5645731ed350@group-7EE2B4BB8E9B-LeaderElection18 ELECTION round 0: submit vote requests at term 1 for -1: [307e1e91-324e-43cf-a54a-5645731ed350|rpc:10.1.0.21:40907|priority:1], old=null
2022-07-27 13:50:20,563 [307e1e91-324e-43cf-a54a-5645731ed350@group-7EE2B4BB8E9B-LeaderElection18] INFO  impl.LeaderElection (LeaderElection.java:askForVotes(312)) - 307e1e91-324e-43cf-a54a-5645731ed350@group-7EE2B4BB8E9B-LeaderElection18 ELECTION round 0: result PASSED (term=1)
2022-07-27 13:50:20,563 [307e1e91-324e-43cf-a54a-5645731ed350@group-7EE2B4BB8E9B-LeaderElection18] INFO  impl.RoleInfo (RoleInfo.java:shutdownLeaderElection(130)) - 307e1e91-324e-43cf-a54a-5645731ed350: shutdown 307e1e91-324e-43cf-a54a-5645731ed350@group-7EE2B4BB8E9B-LeaderElection18
2022-07-27 13:50:20,563 [307e1e91-324e-43cf-a54a-5645731ed350@group-7EE2B4BB8E9B-LeaderElection18] INFO  server.RaftServer$Division (RaftServerImpl.java:setRole(299)) - 307e1e91-324e-43cf-a54a-5645731ed350@group-7EE2B4BB8E9B: changes role from CANDIDATE to LEADER at term 1 for changeToLeader
2022-07-27 13:50:20,563 [307e1e91-324e-43cf-a54a-5645731ed350@group-7EE2B4BB8E9B-LeaderElection18] INFO  ratis.XceiverServerRatis (XceiverServerRatis.java:handleLeaderChangedNotification(863)) - Leader change notification received for group: group-7EE2B4BB8E9B with new leaderId: 307e1e91-324e-43cf-a54a-5645731ed350
2022-07-27 13:50:20,563 [307e1e91-324e-43cf-a54a-5645731ed350@group-7EE2B4BB8E9B-LeaderElection18] INFO  server.RaftServer$Division (ServerState.java:setLeader(287)) - 307e1e91-324e-43cf-a54a-5645731ed350@group-7EE2B4BB8E9B: change Leader from null to 307e1e91-324e-43cf-a54a-5645731ed350 at term 1 for becomeLeader, leader elected after 5136ms
2022-07-27 13:50:20,564 [307e1e91-324e-43cf-a54a-5645731ed350@group-7EE2B4BB8E9B-LeaderElection18] INFO  server.RaftServerConfigKeys (ConfUtils.java:logGet(46)) - raft.server.staging.catchup.gap = 1000 (default)
2022-07-27 13:50:20,564 [307e1e91-324e-43cf-a54a-5645731ed350@group-7EE2B4BB8E9B-LeaderElection18] INFO  server.RaftServerConfigKeys (ConfUtils.java:logGet(46)) - raft.server.write.element-limit = 1024 (custom)
2022-07-27 13:50:20,564 [307e1e91-324e-43cf-a54a-5645731ed350@group-7EE2B4BB8E9B-LeaderElection18] INFO  server.RaftServerConfigKeys (ConfUtils.java:logGet(46)) - raft.server.write.byte-limit = 1024 M (=1073741824) (custom)
2022-07-27 13:50:20,564 [307e1e91-324e-43cf-a54a-5645731ed350@group-7EE2B4BB8E9B-LeaderElection18] INFO  server.RaftServerConfigKeys (ConfUtils.java:logGet(46)) - raft.server.watch.timeout = 180s (custom)
2022-07-27 13:50:20,564 [307e1e91-324e-43cf-a54a-5645731ed350@group-7EE2B4BB8E9B-LeaderElection18] INFO  server.RaftServerConfigKeys (ConfUtils.java:logGet(46)) - raft.server.watch.timeout.denomination = 1s (default)
2022-07-27 13:50:20,564 [307e1e91-324e-43cf-a54a-5645731ed350@group-7EE2B4BB8E9B-LeaderElection18] INFO  server.RaftServerConfigKeys (ConfUtils.java:logGet(46)) - raft.server.watch.element-limit = 65536 (default)
2022-07-27 13:50:20,564 [307e1e91-324e-43cf-a54a-5645731ed350@group-7EE2B4BB8E9B-LeaderElection18] INFO  server.RaftServerConfigKeys (ConfUtils.java:logGet(46)) - raft.server.write.element-limit = 1024 (custom)
2022-07-27 13:50:20,564 [307e1e91-324e-43cf-a54a-5645731ed350@group-7EE2B4BB8E9B-LeaderElection18] INFO  server.RaftServerConfigKeys (ConfUtils.java:logGet(46)) - raft.server.write.follower.gap.ratio.max = -1.0 (default)
2022-07-27 13:50:20,564 [307e1e91-324e-43cf-a54a-5645731ed350@group-7EE2B4BB8E9B-LeaderElection18] INFO  impl.RoleInfo (RoleInfo.java:updateAndGet(139)) - 307e1e91-324e-43cf-a54a-5645731ed350: start 307e1e91-324e-43cf-a54a-5645731ed350@group-7EE2B4BB8E9B-LeaderStateImpl
2022-07-27 13:50:20,565 [307e1e91-324e-43cf-a54a-5645731ed350@group-7EE2B4BB8E9B-LeaderElection18] INFO  segmented.SegmentedRaftLogWorker (SegmentedRaftLogWorker.java:startLogSegment(425)) - 307e1e91-324e-43cf-a54a-5645731ed350@group-7EE2B4BB8E9B-SegmentedRaftLogWorker: Starting segment from index:0
2022-07-27 13:50:20,566 [307e1e91-324e-43cf-a54a-5645731ed350@group-7EE2B4BB8E9B-SegmentedRaftLogWorker] INFO  segmented.SegmentedRaftLogWorker (SegmentedRaftLogWorker.java:execute(629)) - 307e1e91-324e-43cf-a54a-5645731ed350@group-7EE2B4BB8E9B-SegmentedRaftLogWorker: created new log segment /home/runner/work/ozone/ozone/hadoop-ozone/integration-test/target/test-dir/MiniOzoneClusterImpl-29ab875d-7565-45f7-8a7f-94142ec04d49/datanode-1/data/ratis/4c328e59-6694-4491-ad21-7ee2b4bb8e9b/current/log_inprogress_0
2022-07-27 13:50:20,571 [Time-limited test] INFO  rpc.RpcClient (RpcClient.java:createVolume(467)) - Creating Volume: volume81790, with user69215 as owner and space quota set to -1 bytes, counts quota set to -1
2022-07-27 13:50:20,577 [307e1e91-324e-43cf-a54a-5645731ed350@group-7EE2B4BB8E9B-LeaderElection18] INFO  server.RaftServer$Division (ServerState.java:setRaftConf(393)) - 307e1e91-324e-43cf-a54a-5645731ed350@group-7EE2B4BB8E9B: set configuration 0: [307e1e91-324e-43cf-a54a-5645731ed350|rpc:10.1.0.21:40907|dataStream:|priority:1], old=null
2022-07-27 13:50:20,602 [OM StateMachine ApplyTransaction Thread - 0] INFO  volume.OMVolumeCreateRequest (OMVolumeCreateRequest.java:validateAndUpdateCache(195)) - created volume:volume81790 for user:user69215
2022-07-27 13:50:20,603 [Time-limited test] INFO  rpc.RpcClient (RpcClient.java:createBucket(670)) - Creating Bucket: volume81790/bucket27105, with bucket layout LEGACY, runner as owner, Versioning false, Storage Type set to DISK and Encryption set to false 
2022-07-27 13:50:20,605 [OM StateMachine ApplyTransaction Thread - 0] INFO  bucket.OMBucketCreateRequest (OMBucketCreateRequest.java:validateAndUpdateCache(260)) - created bucket: bucket27105 of layout LEGACY in volume: volume81790
13:50:20.611 [IPC Server handler 7 on default port 46277] ERROR OMAudit - user=runner | ip=127.0.0.1 | op=READ_BUCKET {volume=volume-12974, bucket=bucket-05238} | ret=FAILURE
org.apache.hadoop.ozone.om.exceptions.OMException: Volume not found when getting bucket info
	at org.apache.hadoop.ozone.om.BucketManagerImpl.getBucketInfo(BucketManagerImpl.java:127) ~[ozone-manager-1.3.0-SNAPSHOT.jar:?]
	at org.apache.hadoop.ozone.om.OzoneManager.getBucketInfo(OzoneManager.java:2779) ~[ozone-manager-1.3.0-SNAPSHOT.jar:?]
	at org.apache.hadoop.ozone.protocolPB.OzoneManagerRequestHandler.infoBucket(OzoneManagerRequestHandler.java:471) ~[ozone-manager-1.3.0-SNAPSHOT.jar:?]
	at org.apache.hadoop.ozone.protocolPB.OzoneManagerRequestHandler.handleReadRequest(OzoneManagerRequestHandler.java:174) ~[ozone-manager-1.3.0-SNAPSHOT.jar:?]
	at org.apache.hadoop.ozone.protocolPB.OzoneManagerProtocolServerSideTranslatorPB.submitReadRequestToOM(OzoneManagerProtocolServerSideTranslatorPB.java:226) ~[ozone-manager-1.3.0-SNAPSHOT.jar:?]
	at org.apache.hadoop.ozone.protocolPB.OzoneManagerProtocolServerSideTranslatorPB.processRequest(OzoneManagerProtocolServerSideTranslatorPB.java:175) ~[ozone-manager-1.3.0-SNAPSHOT.jar:?]
	at org.apache.hadoop.hdds.server.OzoneProtocolMessageDispatcher.processRequest(OzoneProtocolMessageDispatcher.java:87) [hdds-server-framework-1.3.0-SNAPSHOT.jar:?]
	at org.apache.hadoop.ozone.protocolPB.OzoneManagerProtocolServerSideTranslatorPB.submitRequest(OzoneManagerProtocolServerSideTranslatorPB.java:147) [ozone-manager-1.3.0-SNAPSHOT.jar:?]
	at org.apache.hadoop.ozone.protocol.proto.OzoneManagerProtocolProtos$OzoneManagerService$2.callBlockingMethod(OzoneManagerProtocolProtos.java) [ozone-interface-client-1.3.0-SNAPSHOT.jar:?]
	at org.apache.hadoop.ipc.ProtobufRpcEngine$Server.processCall(ProtobufRpcEngine.java:466) [hadoop-common-3.3.1.jar:?]
	at org.apache.hadoop.ipc.ProtobufRpcEngine2$Server$ProtoBufRpcInvoker.call(ProtobufRpcEngine2.java:574) [hadoop-common-3.3.1.jar:?]
	at org.apache.hadoop.ipc.ProtobufRpcEngine2$Server$ProtoBufRpcInvoker.call(ProtobufRpcEngine2.java:552) [hadoop-common-3.3.1.jar:?]
	at org.apache.hadoop.ipc.RPC$Server.call(RPC.java:1093) [hadoop-common-3.3.1.jar:?]
	at org.apache.hadoop.ipc.Server$RpcCall.run(Server.java:1035) [hadoop-common-3.3.1.jar:?]
	at org.apache.hadoop.ipc.Server$RpcCall.run(Server.java:963) [hadoop-common-3.3.1.jar:?]
	at java.security.AccessController.doPrivileged(Native Method) ~[?:1.8.0_332]
	at javax.security.auth.Subject.doAs(Subject.java:422) [?:1.8.0_332]
	at org.apache.hadoop.security.UserGroupInformation.doAs(UserGroupInformation.java:1878) [hadoop-common-3.3.1.jar:?]
	at org.apache.hadoop.ipc.Server$Handler.run(Server.java:2966) [hadoop-common-3.3.1.jar:?]
2022-07-27 13:50:20,612 [Time-limited test] INFO  rpc.RpcClient (RpcClient.java:createVolume(467)) - Creating Volume: volume-12974, with runner as owner and space quota set to -1 bytes, counts quota set to -1
2022-07-27 13:50:20,613 [OM StateMachine ApplyTransaction Thread - 0] INFO  volume.OMVolumeCreateRequest (OMVolumeCreateRequest.java:validateAndUpdateCache(195)) - created volume:volume-12974 for user:runner
2022-07-27 13:50:20,615 [Time-limited test] INFO  rpc.RpcClient (RpcClient.java:createBucket(670)) - Creating Bucket: volume-12974/bucket-05238, with bucket layout LEGACY, runner as owner, Versioning false, Storage Type set to DISK and Encryption set to false 
2022-07-27 13:50:20,616 [OM StateMachine ApplyTransaction Thread - 0] INFO  bucket.OMBucketCreateRequest (OMBucketCreateRequest.java:validateAndUpdateCache(260)) - created bucket: bucket-05238 of layout LEGACY in volume: volume-12974
13:50:20.999 [IPC Server handler 1 on default port 46277] ERROR OMAudit - user=runner | ip=127.0.0.1 | op=READ_BUCKET {volume=volume-51888, bucket=bucket-48006} | ret=FAILURE
org.apache.hadoop.ozone.om.exceptions.OMException: Volume not found when getting bucket info
	at org.apache.hadoop.ozone.om.BucketManagerImpl.getBucketInfo(BucketManagerImpl.java:127) ~[ozone-manager-1.3.0-SNAPSHOT.jar:?]
	at org.apache.hadoop.ozone.om.OzoneManager.getBucketInfo(OzoneManager.java:2779) ~[ozone-manager-1.3.0-SNAPSHOT.jar:?]
	at org.apache.hadoop.ozone.protocolPB.OzoneManagerRequestHandler.infoBucket(OzoneManagerRequestHandler.java:471) ~[ozone-manager-1.3.0-SNAPSHOT.jar:?]
	at org.apache.hadoop.ozone.protocolPB.OzoneManagerRequestHandler.handleReadRequest(OzoneManagerRequestHandler.java:174) ~[ozone-manager-1.3.0-SNAPSHOT.jar:?]
	at org.apache.hadoop.ozone.protocolPB.OzoneManagerProtocolServerSideTranslatorPB.submitReadRequestToOM(OzoneManagerProtocolServerSideTranslatorPB.java:226) ~[ozone-manager-1.3.0-SNAPSHOT.jar:?]
	at org.apache.hadoop.ozone.protocolPB.OzoneManagerProtocolServerSideTranslatorPB.processRequest(OzoneManagerProtocolServerSideTranslatorPB.java:175) ~[ozone-manager-1.3.0-SNAPSHOT.jar:?]
	at org.apache.hadoop.hdds.server.OzoneProtocolMessageDispatcher.processRequest(OzoneProtocolMessageDispatcher.java:87) [hdds-server-framework-1.3.0-SNAPSHOT.jar:?]
	at org.apache.hadoop.ozone.protocolPB.OzoneManagerProtocolServerSideTranslatorPB.submitRequest(OzoneManagerProtocolServerSideTranslatorPB.java:147) [ozone-manager-1.3.0-SNAPSHOT.jar:?]
	at org.apache.hadoop.ozone.protocol.proto.OzoneManagerProtocolProtos$OzoneManagerService$2.callBlockingMethod(OzoneManagerProtocolProtos.java) [ozone-interface-client-1.3.0-SNAPSHOT.jar:?]
	at org.apache.hadoop.ipc.ProtobufRpcEngine$Server.processCall(ProtobufRpcEngine.java:466) [hadoop-common-3.3.1.jar:?]
	at org.apache.hadoop.ipc.ProtobufRpcEngine2$Server$ProtoBufRpcInvoker.call(ProtobufRpcEngine2.java:574) [hadoop-common-3.3.1.jar:?]
	at org.apache.hadoop.ipc.ProtobufRpcEngine2$Server$ProtoBufRpcInvoker.call(ProtobufRpcEngine2.java:552) [hadoop-common-3.3.1.jar:?]
	at org.apache.hadoop.ipc.RPC$Server.call(RPC.java:1093) [hadoop-common-3.3.1.jar:?]
	at org.apache.hadoop.ipc.Server$RpcCall.run(Server.java:1035) [hadoop-common-3.3.1.jar:?]
	at org.apache.hadoop.ipc.Server$RpcCall.run(Server.java:963) [hadoop-common-3.3.1.jar:?]
	at java.security.AccessController.doPrivileged(Native Method) ~[?:1.8.0_332]
	at javax.security.auth.Subject.doAs(Subject.java:422) [?:1.8.0_332]
	at org.apache.hadoop.security.UserGroupInformation.doAs(UserGroupInformation.java:1878) [hadoop-common-3.3.1.jar:?]
	at org.apache.hadoop.ipc.Server$Handler.run(Server.java:2966) [hadoop-common-3.3.1.jar:?]
2022-07-27 13:50:21,007 [Time-limited test] INFO  rpc.RpcClient (RpcClient.java:createVolume(467)) - Creating Volume: volume-51888, with runner as owner and space quota set to -1 bytes, counts quota set to -1
2022-07-27 13:50:21,009 [OM StateMachine ApplyTransaction Thread - 0] INFO  volume.OMVolumeCreateRequest (OMVolumeCreateRequest.java:validateAndUpdateCache(195)) - created volume:volume-51888 for user:runner
2022-07-27 13:50:21,010 [Time-limited test] INFO  rpc.RpcClient (RpcClient.java:createBucket(670)) - Creating Bucket: volume-51888/bucket-48006, with bucket layout LEGACY, runner as owner, Versioning false, Storage Type set to DISK and Encryption set to false 
2022-07-27 13:50:21,012 [OM StateMachine ApplyTransaction Thread - 0] INFO  bucket.OMBucketCreateRequest (OMBucketCreateRequest.java:validateAndUpdateCache(260)) - created bucket: bucket-48006 of layout LEGACY in volume: volume-51888
]]></system-out>
  </testcase>
  <testcase name="testListStatusRootAndVolumeRecursive" classname="TestRootedOzoneFileSystem" time="3.557">
    <system-out><![CDATA[2022-07-27 13:51:26,490 [Time-limited test] INFO  rpc.RpcClient (RpcClient.java:createVolume(467)) - Creating Volume: volume69772, with user50248 as owner and space quota set to -1 bytes, counts quota set to -1
2022-07-27 13:51:26,494 [IPC Server handler 7 on default port 45285] INFO  volume.OMVolumeCreateRequest (OMVolumeCreateRequest.java:validateAndUpdateCache(195)) - created volume:volume69772 for user:user50248
2022-07-27 13:51:26,496 [Time-limited test] INFO  rpc.RpcClient (RpcClient.java:createBucket(670)) - Creating Bucket: volume69772/bucket55028, with bucket layout LEGACY, runner as owner, Versioning false, Storage Type set to DISK and Encryption set to false 
2022-07-27 13:51:26,496 [IPC Server handler 5 on default port 45285] INFO  bucket.OMBucketCreateRequest (OMBucketCreateRequest.java:validateAndUpdateCache(260)) - created bucket: bucket55028 of layout LEGACY in volume: volume69772
13:51:26.504 [IPC Server handler 8 on default port 45285] ERROR OMAudit - user=runner | ip=127.0.0.1 | op=READ_BUCKET {volume=volume-98532, bucket=bucket-52739} | ret=FAILURE
org.apache.hadoop.ozone.om.exceptions.OMException: Volume not found when getting bucket info
	at org.apache.hadoop.ozone.om.BucketManagerImpl.getBucketInfo(BucketManagerImpl.java:127) ~[ozone-manager-1.3.0-SNAPSHOT.jar:?]
	at org.apache.hadoop.ozone.om.OzoneManager.getBucketInfo(OzoneManager.java:2779) ~[ozone-manager-1.3.0-SNAPSHOT.jar:?]
	at org.apache.hadoop.ozone.protocolPB.OzoneManagerRequestHandler.infoBucket(OzoneManagerRequestHandler.java:471) ~[ozone-manager-1.3.0-SNAPSHOT.jar:?]
	at org.apache.hadoop.ozone.protocolPB.OzoneManagerRequestHandler.handleReadRequest(OzoneManagerRequestHandler.java:174) ~[ozone-manager-1.3.0-SNAPSHOT.jar:?]
	at org.apache.hadoop.ozone.protocolPB.OzoneManagerProtocolServerSideTranslatorPB.submitRequestDirectlyToOM(OzoneManagerProtocolServerSideTranslatorPB.java:276) ~[ozone-manager-1.3.0-SNAPSHOT.jar:?]
	at org.apache.hadoop.ozone.protocolPB.OzoneManagerProtocolServerSideTranslatorPB.processRequest(OzoneManagerProtocolServerSideTranslatorPB.java:205) ~[ozone-manager-1.3.0-SNAPSHOT.jar:?]
	at org.apache.hadoop.hdds.server.OzoneProtocolMessageDispatcher.processRequest(OzoneProtocolMessageDispatcher.java:87) [hdds-server-framework-1.3.0-SNAPSHOT.jar:?]
	at org.apache.hadoop.ozone.protocolPB.OzoneManagerProtocolServerSideTranslatorPB.submitRequest(OzoneManagerProtocolServerSideTranslatorPB.java:147) [ozone-manager-1.3.0-SNAPSHOT.jar:?]
	at org.apache.hadoop.ozone.protocol.proto.OzoneManagerProtocolProtos$OzoneManagerService$2.callBlockingMethod(OzoneManagerProtocolProtos.java) [ozone-interface-client-1.3.0-SNAPSHOT.jar:?]
	at org.apache.hadoop.ipc.ProtobufRpcEngine$Server.processCall(ProtobufRpcEngine.java:466) [hadoop-common-3.3.1.jar:?]
	at org.apache.hadoop.ipc.ProtobufRpcEngine2$Server$ProtoBufRpcInvoker.call(ProtobufRpcEngine2.java:574) [hadoop-common-3.3.1.jar:?]
	at org.apache.hadoop.ipc.ProtobufRpcEngine2$Server$ProtoBufRpcInvoker.call(ProtobufRpcEngine2.java:552) [hadoop-common-3.3.1.jar:?]
	at org.apache.hadoop.ipc.RPC$Server.call(RPC.java:1093) [hadoop-common-3.3.1.jar:?]
	at org.apache.hadoop.ipc.Server$RpcCall.run(Server.java:1035) [hadoop-common-3.3.1.jar:?]
	at org.apache.hadoop.ipc.Server$RpcCall.run(Server.java:963) [hadoop-common-3.3.1.jar:?]
	at java.security.AccessController.doPrivileged(Native Method) ~[?:1.8.0_332]
	at javax.security.auth.Subject.doAs(Subject.java:422) [?:1.8.0_332]
	at org.apache.hadoop.security.UserGroupInformation.doAs(UserGroupInformation.java:1878) [hadoop-common-3.3.1.jar:?]
	at org.apache.hadoop.ipc.Server$Handler.run(Server.java:2966) [hadoop-common-3.3.1.jar:?]
2022-07-27 13:51:26,505 [Time-limited test] INFO  rpc.RpcClient (RpcClient.java:createVolume(467)) - Creating Volume: volume-98532, with runner as owner and space quota set to -1 bytes, counts quota set to -1
2022-07-27 13:51:26,505 [IPC Server handler 9 on default port 45285] INFO  volume.OMVolumeCreateRequest (OMVolumeCreateRequest.java:validateAndUpdateCache(195)) - created volume:volume-98532 for user:runner
2022-07-27 13:51:26,507 [Time-limited test] INFO  rpc.RpcClient (RpcClient.java:createBucket(670)) - Creating Bucket: volume-98532/bucket-52739, with bucket layout LEGACY, runner as owner, Versioning false, Storage Type set to DISK and Encryption set to false 
2022-07-27 13:51:26,508 [IPC Server handler 11 on default port 45285] INFO  bucket.OMBucketCreateRequest (OMBucketCreateRequest.java:validateAndUpdateCache(260)) - created bucket: bucket-52739 of layout LEGACY in volume: volume-98532
2022-07-27 13:51:26,555 [462f06fe-cae1-4868-8f74-05801ae52ce2@group-739B529D322A-FollowerState] INFO  impl.FollowerState (FollowerState.java:run(143)) - 462f06fe-cae1-4868-8f74-05801ae52ce2@group-739B529D322A-FollowerState: change to CANDIDATE, lastRpcElapsedTime:5036535718ns, electionTimeout:5031ms
2022-07-27 13:51:26,555 [462f06fe-cae1-4868-8f74-05801ae52ce2@group-739B529D322A-FollowerState] INFO  impl.RoleInfo (RoleInfo.java:shutdownFollowerState(110)) - 462f06fe-cae1-4868-8f74-05801ae52ce2: shutdown 462f06fe-cae1-4868-8f74-05801ae52ce2@group-739B529D322A-FollowerState
2022-07-27 13:51:26,555 [462f06fe-cae1-4868-8f74-05801ae52ce2@group-739B529D322A-FollowerState] INFO  server.RaftServer$Division (RaftServerImpl.java:setRole(299)) - 462f06fe-cae1-4868-8f74-05801ae52ce2@group-739B529D322A: changes role from  FOLLOWER to CANDIDATE at term 0 for changeToCandidate
2022-07-27 13:51:26,559 [462f06fe-cae1-4868-8f74-05801ae52ce2@group-739B529D322A-FollowerState] INFO  server.RaftServerConfigKeys (ConfUtils.java:logGet(46)) - raft.server.leaderelection.pre-vote = false (custom)
2022-07-27 13:51:26,560 [462f06fe-cae1-4868-8f74-05801ae52ce2@group-739B529D322A-FollowerState] INFO  impl.RoleInfo (RoleInfo.java:updateAndGet(139)) - 462f06fe-cae1-4868-8f74-05801ae52ce2: start 462f06fe-cae1-4868-8f74-05801ae52ce2@group-739B529D322A-LeaderElection28
2022-07-27 13:51:26,598 [462f06fe-cae1-4868-8f74-05801ae52ce2@group-739B529D322A-LeaderElection28] INFO  impl.LeaderElection (LeaderElection.java:askForVotes(310)) - 462f06fe-cae1-4868-8f74-05801ae52ce2@group-739B529D322A-LeaderElection28 ELECTION round 0: submit vote requests at term 1 for -1: [462f06fe-cae1-4868-8f74-05801ae52ce2|rpc:10.1.0.21:35767|priority:1], old=null
2022-07-27 13:51:26,598 [462f06fe-cae1-4868-8f74-05801ae52ce2@group-739B529D322A-LeaderElection28] INFO  impl.LeaderElection (LeaderElection.java:askForVotes(312)) - 462f06fe-cae1-4868-8f74-05801ae52ce2@group-739B529D322A-LeaderElection28 ELECTION round 0: result PASSED (term=1)
2022-07-27 13:51:26,598 [462f06fe-cae1-4868-8f74-05801ae52ce2@group-739B529D322A-LeaderElection28] INFO  impl.RoleInfo (RoleInfo.java:shutdownLeaderElection(130)) - 462f06fe-cae1-4868-8f74-05801ae52ce2: shutdown 462f06fe-cae1-4868-8f74-05801ae52ce2@group-739B529D322A-LeaderElection28
2022-07-27 13:51:26,598 [462f06fe-cae1-4868-8f74-05801ae52ce2@group-739B529D322A-LeaderElection28] INFO  server.RaftServer$Division (RaftServerImpl.java:setRole(299)) - 462f06fe-cae1-4868-8f74-05801ae52ce2@group-739B529D322A: changes role from CANDIDATE to LEADER at term 1 for changeToLeader
2022-07-27 13:51:26,598 [462f06fe-cae1-4868-8f74-05801ae52ce2@group-739B529D322A-LeaderElection28] INFO  ratis.XceiverServerRatis (XceiverServerRatis.java:handleLeaderChangedNotification(863)) - Leader change notification received for group: group-739B529D322A with new leaderId: 462f06fe-cae1-4868-8f74-05801ae52ce2
2022-07-27 13:51:26,598 [462f06fe-cae1-4868-8f74-05801ae52ce2@group-739B529D322A-LeaderElection28] INFO  server.RaftServer$Division (ServerState.java:setLeader(287)) - 462f06fe-cae1-4868-8f74-05801ae52ce2@group-739B529D322A: change Leader from null to 462f06fe-cae1-4868-8f74-05801ae52ce2 at term 1 for becomeLeader, leader elected after 5108ms
2022-07-27 13:51:26,598 [462f06fe-cae1-4868-8f74-05801ae52ce2@group-739B529D322A-LeaderElection28] INFO  server.RaftServerConfigKeys (ConfUtils.java:logGet(46)) - raft.server.staging.catchup.gap = 1000 (default)
2022-07-27 13:51:26,598 [462f06fe-cae1-4868-8f74-05801ae52ce2@group-739B529D322A-LeaderElection28] INFO  server.RaftServerConfigKeys (ConfUtils.java:logGet(46)) - raft.server.write.element-limit = 1024 (custom)
2022-07-27 13:51:26,598 [462f06fe-cae1-4868-8f74-05801ae52ce2@group-739B529D322A-LeaderElection28] INFO  server.RaftServerConfigKeys (ConfUtils.java:logGet(46)) - raft.server.write.byte-limit = 1024 M (=1073741824) (custom)
2022-07-27 13:51:26,605 [462f06fe-cae1-4868-8f74-05801ae52ce2@group-739B529D322A-LeaderElection28] INFO  server.RaftServerConfigKeys (ConfUtils.java:logGet(46)) - raft.server.watch.timeout = 180s (custom)
2022-07-27 13:51:26,605 [462f06fe-cae1-4868-8f74-05801ae52ce2@group-739B529D322A-LeaderElection28] INFO  server.RaftServerConfigKeys (ConfUtils.java:logGet(46)) - raft.server.watch.timeout.denomination = 1s (default)
2022-07-27 13:51:26,605 [462f06fe-cae1-4868-8f74-05801ae52ce2@group-739B529D322A-LeaderElection28] INFO  server.RaftServerConfigKeys (ConfUtils.java:logGet(46)) - raft.server.watch.element-limit = 65536 (default)
2022-07-27 13:51:26,619 [462f06fe-cae1-4868-8f74-05801ae52ce2@group-739B529D322A-LeaderElection28] INFO  server.RaftServerConfigKeys (ConfUtils.java:logGet(46)) - raft.server.write.element-limit = 1024 (custom)
2022-07-27 13:51:26,619 [462f06fe-cae1-4868-8f74-05801ae52ce2@group-739B529D322A-LeaderElection28] INFO  server.RaftServerConfigKeys (ConfUtils.java:logGet(46)) - raft.server.write.follower.gap.ratio.max = -1.0 (default)
2022-07-27 13:51:26,619 [462f06fe-cae1-4868-8f74-05801ae52ce2@group-739B529D322A-LeaderElection28] INFO  impl.RoleInfo (RoleInfo.java:updateAndGet(139)) - 462f06fe-cae1-4868-8f74-05801ae52ce2: start 462f06fe-cae1-4868-8f74-05801ae52ce2@group-739B529D322A-LeaderStateImpl
2022-07-27 13:51:26,619 [462f06fe-cae1-4868-8f74-05801ae52ce2@group-739B529D322A-LeaderElection28] INFO  segmented.SegmentedRaftLogWorker (SegmentedRaftLogWorker.java:startLogSegment(425)) - 462f06fe-cae1-4868-8f74-05801ae52ce2@group-739B529D322A-SegmentedRaftLogWorker: Starting segment from index:0
2022-07-27 13:51:26,621 [462f06fe-cae1-4868-8f74-05801ae52ce2@group-739B529D322A-SegmentedRaftLogWorker] INFO  segmented.SegmentedRaftLogWorker (SegmentedRaftLogWorker.java:execute(629)) - 462f06fe-cae1-4868-8f74-05801ae52ce2@group-739B529D322A-SegmentedRaftLogWorker: created new log segment /home/runner/work/ozone/ozone/hadoop-ozone/integration-test/target/test-dir/MiniOzoneClusterImpl-e3e01987-94f8-4a87-8a0d-2583aef5e8b1/datanode-2/data/ratis/06321366-0a36-4cd1-9992-739b529d322a/current/log_inprogress_0
2022-07-27 13:51:26,636 [462f06fe-cae1-4868-8f74-05801ae52ce2@group-739B529D322A-LeaderElection28] INFO  server.RaftServer$Division (ServerState.java:setRaftConf(393)) - 462f06fe-cae1-4868-8f74-05801ae52ce2@group-739B529D322A: set configuration 0: [462f06fe-cae1-4868-8f74-05801ae52ce2|rpc:10.1.0.21:35767|dataStream:|priority:1], old=null
2022-07-27 13:51:27,417 [16fef9e4-21ad-40ad-b8c3-337e342720e9@group-096B66F59075-FollowerState] INFO  impl.FollowerState (FollowerState.java:run(143)) - 16fef9e4-21ad-40ad-b8c3-337e342720e9@group-096B66F59075-FollowerState: change to CANDIDATE, lastRpcElapsedTime:5093727125ns, electionTimeout:5062ms
2022-07-27 13:51:27,417 [16fef9e4-21ad-40ad-b8c3-337e342720e9@group-096B66F59075-FollowerState] INFO  impl.RoleInfo (RoleInfo.java:shutdownFollowerState(110)) - 16fef9e4-21ad-40ad-b8c3-337e342720e9: shutdown 16fef9e4-21ad-40ad-b8c3-337e342720e9@group-096B66F59075-FollowerState
2022-07-27 13:51:27,417 [16fef9e4-21ad-40ad-b8c3-337e342720e9@group-096B66F59075-FollowerState] INFO  server.RaftServer$Division (RaftServerImpl.java:setRole(299)) - 16fef9e4-21ad-40ad-b8c3-337e342720e9@group-096B66F59075: changes role from  FOLLOWER to CANDIDATE at term 0 for changeToCandidate
2022-07-27 13:51:27,418 [16fef9e4-21ad-40ad-b8c3-337e342720e9@group-096B66F59075-FollowerState] INFO  server.RaftServerConfigKeys (ConfUtils.java:logGet(46)) - raft.server.leaderelection.pre-vote = false (custom)
2022-07-27 13:51:27,418 [16fef9e4-21ad-40ad-b8c3-337e342720e9@group-096B66F59075-FollowerState] INFO  impl.RoleInfo (RoleInfo.java:updateAndGet(139)) - 16fef9e4-21ad-40ad-b8c3-337e342720e9: start 16fef9e4-21ad-40ad-b8c3-337e342720e9@group-096B66F59075-LeaderElection29
2022-07-27 13:51:27,447 [16fef9e4-21ad-40ad-b8c3-337e342720e9@group-096B66F59075-LeaderElection29] INFO  impl.LeaderElection (LeaderElection.java:askForVotes(310)) - 16fef9e4-21ad-40ad-b8c3-337e342720e9@group-096B66F59075-LeaderElection29 ELECTION round 0: submit vote requests at term 1 for -1: [16fef9e4-21ad-40ad-b8c3-337e342720e9|rpc:10.1.0.21:33565|priority:1], old=null
2022-07-27 13:51:27,447 [16fef9e4-21ad-40ad-b8c3-337e342720e9@group-096B66F59075-LeaderElection29] INFO  impl.LeaderElection (LeaderElection.java:askForVotes(312)) - 16fef9e4-21ad-40ad-b8c3-337e342720e9@group-096B66F59075-LeaderElection29 ELECTION round 0: result PASSED (term=1)
2022-07-27 13:51:27,447 [16fef9e4-21ad-40ad-b8c3-337e342720e9@group-096B66F59075-LeaderElection29] INFO  impl.RoleInfo (RoleInfo.java:shutdownLeaderElection(130)) - 16fef9e4-21ad-40ad-b8c3-337e342720e9: shutdown 16fef9e4-21ad-40ad-b8c3-337e342720e9@group-096B66F59075-LeaderElection29
2022-07-27 13:51:27,447 [16fef9e4-21ad-40ad-b8c3-337e342720e9@group-096B66F59075-LeaderElection29] INFO  server.RaftServer$Division (RaftServerImpl.java:setRole(299)) - 16fef9e4-21ad-40ad-b8c3-337e342720e9@group-096B66F59075: changes role from CANDIDATE to LEADER at term 1 for changeToLeader
2022-07-27 13:51:27,447 [16fef9e4-21ad-40ad-b8c3-337e342720e9@group-096B66F59075-LeaderElection29] INFO  ratis.XceiverServerRatis (XceiverServerRatis.java:handleLeaderChangedNotification(863)) - Leader change notification received for group: group-096B66F59075 with new leaderId: 16fef9e4-21ad-40ad-b8c3-337e342720e9
2022-07-27 13:51:27,447 [16fef9e4-21ad-40ad-b8c3-337e342720e9@group-096B66F59075-LeaderElection29] INFO  server.RaftServer$Division (ServerState.java:setLeader(287)) - 16fef9e4-21ad-40ad-b8c3-337e342720e9@group-096B66F59075: change Leader from null to 16fef9e4-21ad-40ad-b8c3-337e342720e9 at term 1 for becomeLeader, leader elected after 5145ms
2022-07-27 13:51:27,447 [16fef9e4-21ad-40ad-b8c3-337e342720e9@group-096B66F59075-LeaderElection29] INFO  server.RaftServerConfigKeys (ConfUtils.java:logGet(46)) - raft.server.staging.catchup.gap = 1000 (default)
2022-07-27 13:51:27,447 [16fef9e4-21ad-40ad-b8c3-337e342720e9@group-096B66F59075-LeaderElection29] INFO  server.RaftServerConfigKeys (ConfUtils.java:logGet(46)) - raft.server.write.element-limit = 1024 (custom)
2022-07-27 13:51:27,447 [16fef9e4-21ad-40ad-b8c3-337e342720e9@group-096B66F59075-LeaderElection29] INFO  server.RaftServerConfigKeys (ConfUtils.java:logGet(46)) - raft.server.write.byte-limit = 1024 M (=1073741824) (custom)
2022-07-27 13:51:27,448 [16fef9e4-21ad-40ad-b8c3-337e342720e9@group-096B66F59075-LeaderElection29] INFO  server.RaftServerConfigKeys (ConfUtils.java:logGet(46)) - raft.server.watch.timeout = 180s (custom)
2022-07-27 13:51:27,448 [16fef9e4-21ad-40ad-b8c3-337e342720e9@group-096B66F59075-LeaderElection29] INFO  server.RaftServerConfigKeys (ConfUtils.java:logGet(46)) - raft.server.watch.timeout.denomination = 1s (default)
2022-07-27 13:51:27,448 [16fef9e4-21ad-40ad-b8c3-337e342720e9@group-096B66F59075-LeaderElection29] INFO  server.RaftServerConfigKeys (ConfUtils.java:logGet(46)) - raft.server.watch.element-limit = 65536 (default)
2022-07-27 13:51:27,448 [16fef9e4-21ad-40ad-b8c3-337e342720e9@group-096B66F59075-LeaderElection29] INFO  server.RaftServerConfigKeys (ConfUtils.java:logGet(46)) - raft.server.write.element-limit = 1024 (custom)
2022-07-27 13:51:27,448 [16fef9e4-21ad-40ad-b8c3-337e342720e9@group-096B66F59075-LeaderElection29] INFO  server.RaftServerConfigKeys (ConfUtils.java:logGet(46)) - raft.server.write.follower.gap.ratio.max = -1.0 (default)
2022-07-27 13:51:27,448 [16fef9e4-21ad-40ad-b8c3-337e342720e9@group-096B66F59075-LeaderElection29] INFO  impl.RoleInfo (RoleInfo.java:updateAndGet(139)) - 16fef9e4-21ad-40ad-b8c3-337e342720e9: start 16fef9e4-21ad-40ad-b8c3-337e342720e9@group-096B66F59075-LeaderStateImpl
2022-07-27 13:51:27,448 [16fef9e4-21ad-40ad-b8c3-337e342720e9@group-096B66F59075-LeaderElection29] INFO  segmented.SegmentedRaftLogWorker (SegmentedRaftLogWorker.java:startLogSegment(425)) - 16fef9e4-21ad-40ad-b8c3-337e342720e9@group-096B66F59075-SegmentedRaftLogWorker: Starting segment from index:0
2022-07-27 13:51:27,475 [16fef9e4-21ad-40ad-b8c3-337e342720e9@group-096B66F59075-LeaderElection29] INFO  server.RaftServer$Division (ServerState.java:setRaftConf(393)) - 16fef9e4-21ad-40ad-b8c3-337e342720e9@group-096B66F59075: set configuration 0: [16fef9e4-21ad-40ad-b8c3-337e342720e9|rpc:10.1.0.21:33565|dataStream:|priority:1], old=null
2022-07-27 13:51:27,477 [16fef9e4-21ad-40ad-b8c3-337e342720e9@group-096B66F59075-SegmentedRaftLogWorker] INFO  segmented.SegmentedRaftLogWorker (SegmentedRaftLogWorker.java:execute(629)) - 16fef9e4-21ad-40ad-b8c3-337e342720e9@group-096B66F59075-SegmentedRaftLogWorker: created new log segment /home/runner/work/ozone/ozone/hadoop-ozone/integration-test/target/test-dir/MiniOzoneClusterImpl-e3e01987-94f8-4a87-8a0d-2583aef5e8b1/datanode-3/data/ratis/a32ccc4c-d3a6-43c4-adbb-096b66f59075/current/log_inprogress_0
2022-07-27 13:51:27,569 [UnderReplicatedQueueThreadThread] INFO  replication.UnderReplicatedProcessor (UnderReplicatedProcessor.java:processAll(85)) - Processed 0 under replicated containers, failed processing 0
2022-07-27 13:51:27,572 [OverReplicatedQueueThreadThread] INFO  replication.OverReplicatedProcessor (OverReplicatedProcessor.java:processAll(83)) - Processed 0 over replicated containers, failed processing 0
2022-07-27 13:51:28,323 [63bc2f19-35e4-497a-b77b-da5c1db8f193@group-9B367EC24710-FollowerState] INFO  impl.FollowerState (FollowerState.java:run(143)) - 63bc2f19-35e4-497a-b77b-da5c1db8f193@group-9B367EC24710-FollowerState: change to CANDIDATE, lastRpcElapsedTime:5145895785ns, electionTimeout:5131ms
2022-07-27 13:51:28,323 [63bc2f19-35e4-497a-b77b-da5c1db8f193@group-9B367EC24710-FollowerState] INFO  impl.RoleInfo (RoleInfo.java:shutdownFollowerState(110)) - 63bc2f19-35e4-497a-b77b-da5c1db8f193: shutdown 63bc2f19-35e4-497a-b77b-da5c1db8f193@group-9B367EC24710-FollowerState
2022-07-27 13:51:28,323 [63bc2f19-35e4-497a-b77b-da5c1db8f193@group-9B367EC24710-FollowerState] INFO  server.RaftServer$Division (RaftServerImpl.java:setRole(299)) - 63bc2f19-35e4-497a-b77b-da5c1db8f193@group-9B367EC24710: changes role from  FOLLOWER to CANDIDATE at term 0 for changeToCandidate
2022-07-27 13:51:28,323 [63bc2f19-35e4-497a-b77b-da5c1db8f193@group-9B367EC24710-FollowerState] INFO  server.RaftServerConfigKeys (ConfUtils.java:logGet(46)) - raft.server.leaderelection.pre-vote = false (custom)
2022-07-27 13:51:28,323 [63bc2f19-35e4-497a-b77b-da5c1db8f193@group-9B367EC24710-FollowerState] INFO  impl.RoleInfo (RoleInfo.java:updateAndGet(139)) - 63bc2f19-35e4-497a-b77b-da5c1db8f193: start 63bc2f19-35e4-497a-b77b-da5c1db8f193@group-9B367EC24710-LeaderElection30
2022-07-27 13:51:28,352 [63bc2f19-35e4-497a-b77b-da5c1db8f193@group-9B367EC24710-LeaderElection30] INFO  impl.LeaderElection (LeaderElection.java:askForVotes(310)) - 63bc2f19-35e4-497a-b77b-da5c1db8f193@group-9B367EC24710-LeaderElection30 ELECTION round 0: submit vote requests at term 1 for -1: [63bc2f19-35e4-497a-b77b-da5c1db8f193|rpc:10.1.0.21:45151|priority:1], old=null
2022-07-27 13:51:28,352 [63bc2f19-35e4-497a-b77b-da5c1db8f193@group-9B367EC24710-LeaderElection30] INFO  impl.LeaderElection (LeaderElection.java:askForVotes(312)) - 63bc2f19-35e4-497a-b77b-da5c1db8f193@group-9B367EC24710-LeaderElection30 ELECTION round 0: result PASSED (term=1)
2022-07-27 13:51:28,352 [63bc2f19-35e4-497a-b77b-da5c1db8f193@group-9B367EC24710-LeaderElection30] INFO  impl.RoleInfo (RoleInfo.java:shutdownLeaderElection(130)) - 63bc2f19-35e4-497a-b77b-da5c1db8f193: shutdown 63bc2f19-35e4-497a-b77b-da5c1db8f193@group-9B367EC24710-LeaderElection30
2022-07-27 13:51:28,353 [63bc2f19-35e4-497a-b77b-da5c1db8f193@group-9B367EC24710-LeaderElection30] INFO  server.RaftServer$Division (RaftServerImpl.java:setRole(299)) - 63bc2f19-35e4-497a-b77b-da5c1db8f193@group-9B367EC24710: changes role from CANDIDATE to LEADER at term 1 for changeToLeader
2022-07-27 13:51:28,353 [63bc2f19-35e4-497a-b77b-da5c1db8f193@group-9B367EC24710-LeaderElection30] INFO  ratis.XceiverServerRatis (XceiverServerRatis.java:handleLeaderChangedNotification(863)) - Leader change notification received for group: group-9B367EC24710 with new leaderId: 63bc2f19-35e4-497a-b77b-da5c1db8f193
2022-07-27 13:51:28,353 [63bc2f19-35e4-497a-b77b-da5c1db8f193@group-9B367EC24710-LeaderElection30] INFO  server.RaftServer$Division (ServerState.java:setLeader(287)) - 63bc2f19-35e4-497a-b77b-da5c1db8f193@group-9B367EC24710: change Leader from null to 63bc2f19-35e4-497a-b77b-da5c1db8f193 at term 1 for becomeLeader, leader elected after 5206ms
2022-07-27 13:51:28,353 [63bc2f19-35e4-497a-b77b-da5c1db8f193@group-9B367EC24710-LeaderElection30] INFO  server.RaftServerConfigKeys (ConfUtils.java:logGet(46)) - raft.server.staging.catchup.gap = 1000 (default)
2022-07-27 13:51:28,353 [63bc2f19-35e4-497a-b77b-da5c1db8f193@group-9B367EC24710-LeaderElection30] INFO  server.RaftServerConfigKeys (ConfUtils.java:logGet(46)) - raft.server.write.element-limit = 1024 (custom)
2022-07-27 13:51:28,353 [63bc2f19-35e4-497a-b77b-da5c1db8f193@group-9B367EC24710-LeaderElection30] INFO  server.RaftServerConfigKeys (ConfUtils.java:logGet(46)) - raft.server.write.byte-limit = 1024 M (=1073741824) (custom)
2022-07-27 13:51:28,353 [63bc2f19-35e4-497a-b77b-da5c1db8f193@group-9B367EC24710-LeaderElection30] INFO  server.RaftServerConfigKeys (ConfUtils.java:logGet(46)) - raft.server.watch.timeout = 180s (custom)
2022-07-27 13:51:28,353 [63bc2f19-35e4-497a-b77b-da5c1db8f193@group-9B367EC24710-LeaderElection30] INFO  server.RaftServerConfigKeys (ConfUtils.java:logGet(46)) - raft.server.watch.timeout.denomination = 1s (default)
2022-07-27 13:51:28,353 [63bc2f19-35e4-497a-b77b-da5c1db8f193@group-9B367EC24710-LeaderElection30] INFO  server.RaftServerConfigKeys (ConfUtils.java:logGet(46)) - raft.server.watch.element-limit = 65536 (default)
2022-07-27 13:51:28,353 [63bc2f19-35e4-497a-b77b-da5c1db8f193@group-9B367EC24710-LeaderElection30] INFO  server.RaftServerConfigKeys (ConfUtils.java:logGet(46)) - raft.server.write.element-limit = 1024 (custom)
2022-07-27 13:51:28,354 [63bc2f19-35e4-497a-b77b-da5c1db8f193@group-9B367EC24710-LeaderElection30] INFO  server.RaftServerConfigKeys (ConfUtils.java:logGet(46)) - raft.server.write.follower.gap.ratio.max = -1.0 (default)
2022-07-27 13:51:28,354 [63bc2f19-35e4-497a-b77b-da5c1db8f193@group-9B367EC24710-LeaderElection30] INFO  impl.RoleInfo (RoleInfo.java:updateAndGet(139)) - 63bc2f19-35e4-497a-b77b-da5c1db8f193: start 63bc2f19-35e4-497a-b77b-da5c1db8f193@group-9B367EC24710-LeaderStateImpl
2022-07-27 13:51:28,354 [63bc2f19-35e4-497a-b77b-da5c1db8f193@group-9B367EC24710-LeaderElection30] INFO  segmented.SegmentedRaftLogWorker (SegmentedRaftLogWorker.java:startLogSegment(425)) - 63bc2f19-35e4-497a-b77b-da5c1db8f193@group-9B367EC24710-SegmentedRaftLogWorker: Starting segment from index:0
2022-07-27 13:51:28,356 [63bc2f19-35e4-497a-b77b-da5c1db8f193@group-9B367EC24710-LeaderElection30] INFO  server.RaftServer$Division (ServerState.java:setRaftConf(393)) - 63bc2f19-35e4-497a-b77b-da5c1db8f193@group-9B367EC24710: set configuration 0: [63bc2f19-35e4-497a-b77b-da5c1db8f193|rpc:10.1.0.21:45151|dataStream:|priority:1], old=null
2022-07-27 13:51:28,369 [63bc2f19-35e4-497a-b77b-da5c1db8f193@group-9B367EC24710-SegmentedRaftLogWorker] INFO  segmented.SegmentedRaftLogWorker (SegmentedRaftLogWorker.java:execute(629)) - 63bc2f19-35e4-497a-b77b-da5c1db8f193@group-9B367EC24710-SegmentedRaftLogWorker: created new log segment /home/runner/work/ozone/ozone/hadoop-ozone/integration-test/target/test-dir/MiniOzoneClusterImpl-e3e01987-94f8-4a87-8a0d-2583aef5e8b1/datanode-4/data/ratis/b4827998-69a3-442d-a484-9b367ec24710/current/log_inprogress_0
13:51:29.452 [IPC Server handler 3 on default port 45285] ERROR OMAudit - user=runner | ip=127.0.0.1 | op=READ_BUCKET {volume=volume-59468, bucket=bucket-40490} | ret=FAILURE
org.apache.hadoop.ozone.om.exceptions.OMException: Volume not found when getting bucket info
	at org.apache.hadoop.ozone.om.BucketManagerImpl.getBucketInfo(BucketManagerImpl.java:127) ~[ozone-manager-1.3.0-SNAPSHOT.jar:?]
	at org.apache.hadoop.ozone.om.OzoneManager.getBucketInfo(OzoneManager.java:2779) ~[ozone-manager-1.3.0-SNAPSHOT.jar:?]
	at org.apache.hadoop.ozone.protocolPB.OzoneManagerRequestHandler.infoBucket(OzoneManagerRequestHandler.java:471) ~[ozone-manager-1.3.0-SNAPSHOT.jar:?]
	at org.apache.hadoop.ozone.protocolPB.OzoneManagerRequestHandler.handleReadRequest(OzoneManagerRequestHandler.java:174) ~[ozone-manager-1.3.0-SNAPSHOT.jar:?]
	at org.apache.hadoop.ozone.protocolPB.OzoneManagerProtocolServerSideTranslatorPB.submitRequestDirectlyToOM(OzoneManagerProtocolServerSideTranslatorPB.java:276) ~[ozone-manager-1.3.0-SNAPSHOT.jar:?]
	at org.apache.hadoop.ozone.protocolPB.OzoneManagerProtocolServerSideTranslatorPB.processRequest(OzoneManagerProtocolServerSideTranslatorPB.java:205) ~[ozone-manager-1.3.0-SNAPSHOT.jar:?]
	at org.apache.hadoop.hdds.server.OzoneProtocolMessageDispatcher.processRequest(OzoneProtocolMessageDispatcher.java:87) [hdds-server-framework-1.3.0-SNAPSHOT.jar:?]
	at org.apache.hadoop.ozone.protocolPB.OzoneManagerProtocolServerSideTranslatorPB.submitRequest(OzoneManagerProtocolServerSideTranslatorPB.java:147) [ozone-manager-1.3.0-SNAPSHOT.jar:?]
	at org.apache.hadoop.ozone.protocol.proto.OzoneManagerProtocolProtos$OzoneManagerService$2.callBlockingMethod(OzoneManagerProtocolProtos.java) [ozone-interface-client-1.3.0-SNAPSHOT.jar:?]
	at org.apache.hadoop.ipc.ProtobufRpcEngine$Server.processCall(ProtobufRpcEngine.java:466) [hadoop-common-3.3.1.jar:?]
	at org.apache.hadoop.ipc.ProtobufRpcEngine2$Server$ProtoBufRpcInvoker.call(ProtobufRpcEngine2.java:574) [hadoop-common-3.3.1.jar:?]
	at org.apache.hadoop.ipc.ProtobufRpcEngine2$Server$ProtoBufRpcInvoker.call(ProtobufRpcEngine2.java:552) [hadoop-common-3.3.1.jar:?]
	at org.apache.hadoop.ipc.RPC$Server.call(RPC.java:1093) [hadoop-common-3.3.1.jar:?]
	at org.apache.hadoop.ipc.Server$RpcCall.run(Server.java:1035) [hadoop-common-3.3.1.jar:?]
	at org.apache.hadoop.ipc.Server$RpcCall.run(Server.java:963) [hadoop-common-3.3.1.jar:?]
	at java.security.AccessController.doPrivileged(Native Method) ~[?:1.8.0_332]
	at javax.security.auth.Subject.doAs(Subject.java:422) [?:1.8.0_332]
	at org.apache.hadoop.security.UserGroupInformation.doAs(UserGroupInformation.java:1878) [hadoop-common-3.3.1.jar:?]
	at org.apache.hadoop.ipc.Server$Handler.run(Server.java:2966) [hadoop-common-3.3.1.jar:?]
2022-07-27 13:51:29,453 [Time-limited test] INFO  rpc.RpcClient (RpcClient.java:createVolume(467)) - Creating Volume: volume-59468, with runner as owner and space quota set to -1 bytes, counts quota set to -1
2022-07-27 13:51:29,453 [IPC Server handler 6 on default port 45285] INFO  volume.OMVolumeCreateRequest (OMVolumeCreateRequest.java:validateAndUpdateCache(195)) - created volume:volume-59468 for user:runner
2022-07-27 13:51:29,455 [Time-limited test] INFO  rpc.RpcClient (RpcClient.java:createBucket(670)) - Creating Bucket: volume-59468/bucket-40490, with bucket layout LEGACY, runner as owner, Versioning false, Storage Type set to DISK and Encryption set to false 
2022-07-27 13:51:29,456 [IPC Server handler 8 on default port 45285] INFO  bucket.OMBucketCreateRequest (OMBucketCreateRequest.java:validateAndUpdateCache(260)) - created bucket: bucket-40490 of layout LEGACY in volume: volume-59468
]]></system-out>
  </testcase>
  <testcase name="testListStatusRootAndVolumeRecursive" classname="TestRootedOzoneFileSystem" time="1.091">
    <system-out><![CDATA[2022-07-27 13:52:45,561 [Time-limited test] INFO  rpc.RpcClient (RpcClient.java:createVolume(467)) - Creating Volume: volume29802, with user04005 as owner and space quota set to -1 bytes, counts quota set to -1
2022-07-27 13:52:45,567 [OM StateMachine ApplyTransaction Thread - 0] INFO  volume.OMVolumeCreateRequest (OMVolumeCreateRequest.java:validateAndUpdateCache(195)) - created volume:volume29802 for user:user04005
2022-07-27 13:52:45,571 [Time-limited test] INFO  rpc.RpcClient (RpcClient.java:createBucket(670)) - Creating Bucket: volume29802/bucket83690, with bucket layout LEGACY, runner as owner, Versioning false, Storage Type set to DISK and Encryption set to false 
2022-07-27 13:52:45,573 [OM StateMachine ApplyTransaction Thread - 0] INFO  bucket.OMBucketCreateRequest (OMBucketCreateRequest.java:validateAndUpdateCache(260)) - created bucket: bucket83690 of layout LEGACY in volume: volume29802
13:52:45.576 [IPC Server handler 12 on default port 34829] ERROR OMAudit - user=runner | ip=127.0.0.1 | op=READ_BUCKET {volume=volume-27030, bucket=bucket-95992} | ret=FAILURE
org.apache.hadoop.ozone.om.exceptions.OMException: Volume not found when getting bucket info
	at org.apache.hadoop.ozone.om.BucketManagerImpl.getBucketInfo(BucketManagerImpl.java:127) ~[ozone-manager-1.3.0-SNAPSHOT.jar:?]
	at org.apache.hadoop.ozone.om.OzoneManager.getBucketInfo(OzoneManager.java:2779) ~[ozone-manager-1.3.0-SNAPSHOT.jar:?]
	at org.apache.hadoop.ozone.protocolPB.OzoneManagerRequestHandler.infoBucket(OzoneManagerRequestHandler.java:471) ~[ozone-manager-1.3.0-SNAPSHOT.jar:?]
	at org.apache.hadoop.ozone.protocolPB.OzoneManagerRequestHandler.handleReadRequest(OzoneManagerRequestHandler.java:174) ~[ozone-manager-1.3.0-SNAPSHOT.jar:?]
	at org.apache.hadoop.ozone.protocolPB.OzoneManagerProtocolServerSideTranslatorPB.submitReadRequestToOM(OzoneManagerProtocolServerSideTranslatorPB.java:226) ~[ozone-manager-1.3.0-SNAPSHOT.jar:?]
	at org.apache.hadoop.ozone.protocolPB.OzoneManagerProtocolServerSideTranslatorPB.processRequest(OzoneManagerProtocolServerSideTranslatorPB.java:175) ~[ozone-manager-1.3.0-SNAPSHOT.jar:?]
	at org.apache.hadoop.hdds.server.OzoneProtocolMessageDispatcher.processRequest(OzoneProtocolMessageDispatcher.java:87) [hdds-server-framework-1.3.0-SNAPSHOT.jar:?]
	at org.apache.hadoop.ozone.protocolPB.OzoneManagerProtocolServerSideTranslatorPB.submitRequest(OzoneManagerProtocolServerSideTranslatorPB.java:147) [ozone-manager-1.3.0-SNAPSHOT.jar:?]
	at org.apache.hadoop.ozone.protocol.proto.OzoneManagerProtocolProtos$OzoneManagerService$2.callBlockingMethod(OzoneManagerProtocolProtos.java) [ozone-interface-client-1.3.0-SNAPSHOT.jar:?]
	at org.apache.hadoop.ipc.ProtobufRpcEngine$Server.processCall(ProtobufRpcEngine.java:466) [hadoop-common-3.3.1.jar:?]
	at org.apache.hadoop.ipc.ProtobufRpcEngine2$Server$ProtoBufRpcInvoker.call(ProtobufRpcEngine2.java:574) [hadoop-common-3.3.1.jar:?]
	at org.apache.hadoop.ipc.ProtobufRpcEngine2$Server$ProtoBufRpcInvoker.call(ProtobufRpcEngine2.java:552) [hadoop-common-3.3.1.jar:?]
	at org.apache.hadoop.ipc.RPC$Server.call(RPC.java:1093) [hadoop-common-3.3.1.jar:?]
	at org.apache.hadoop.ipc.Server$RpcCall.run(Server.java:1035) [hadoop-common-3.3.1.jar:?]
	at org.apache.hadoop.ipc.Server$RpcCall.run(Server.java:963) [hadoop-common-3.3.1.jar:?]
	at java.security.AccessController.doPrivileged(Native Method) ~[?:1.8.0_332]
	at javax.security.auth.Subject.doAs(Subject.java:422) [?:1.8.0_332]
	at org.apache.hadoop.security.UserGroupInformation.doAs(UserGroupInformation.java:1878) [hadoop-common-3.3.1.jar:?]
	at org.apache.hadoop.ipc.Server$Handler.run(Server.java:2966) [hadoop-common-3.3.1.jar:?]
2022-07-27 13:52:45,577 [Time-limited test] INFO  rpc.RpcClient (RpcClient.java:createVolume(467)) - Creating Volume: volume-27030, with runner as owner and space quota set to -1 bytes, counts quota set to -1
2022-07-27 13:52:45,578 [OM StateMachine ApplyTransaction Thread - 0] INFO  volume.OMVolumeCreateRequest (OMVolumeCreateRequest.java:validateAndUpdateCache(195)) - created volume:volume-27030 for user:runner
2022-07-27 13:52:45,583 [Time-limited test] INFO  rpc.RpcClient (RpcClient.java:createBucket(670)) - Creating Bucket: volume-27030/bucket-95992, with bucket layout LEGACY, runner as owner, Versioning false, Storage Type set to DISK and Encryption set to false 
2022-07-27 13:52:45,585 [OM StateMachine ApplyTransaction Thread - 0] INFO  bucket.OMBucketCreateRequest (OMBucketCreateRequest.java:validateAndUpdateCache(260)) - created bucket: bucket-95992 of layout LEGACY in volume: volume-27030
13:52:46.127 [IPC Server handler 18 on default port 34829] ERROR OMAudit - user=runner | ip=127.0.0.1 | op=READ_BUCKET {volume=volume-30487, bucket=bucket-59022} | ret=FAILURE
org.apache.hadoop.ozone.om.exceptions.OMException: Volume not found when getting bucket info
	at org.apache.hadoop.ozone.om.BucketManagerImpl.getBucketInfo(BucketManagerImpl.java:127) ~[ozone-manager-1.3.0-SNAPSHOT.jar:?]
	at org.apache.hadoop.ozone.om.OzoneManager.getBucketInfo(OzoneManager.java:2779) ~[ozone-manager-1.3.0-SNAPSHOT.jar:?]
	at org.apache.hadoop.ozone.protocolPB.OzoneManagerRequestHandler.infoBucket(OzoneManagerRequestHandler.java:471) ~[ozone-manager-1.3.0-SNAPSHOT.jar:?]
	at org.apache.hadoop.ozone.protocolPB.OzoneManagerRequestHandler.handleReadRequest(OzoneManagerRequestHandler.java:174) ~[ozone-manager-1.3.0-SNAPSHOT.jar:?]
	at org.apache.hadoop.ozone.protocolPB.OzoneManagerProtocolServerSideTranslatorPB.submitReadRequestToOM(OzoneManagerProtocolServerSideTranslatorPB.java:226) ~[ozone-manager-1.3.0-SNAPSHOT.jar:?]
	at org.apache.hadoop.ozone.protocolPB.OzoneManagerProtocolServerSideTranslatorPB.processRequest(OzoneManagerProtocolServerSideTranslatorPB.java:175) ~[ozone-manager-1.3.0-SNAPSHOT.jar:?]
	at org.apache.hadoop.hdds.server.OzoneProtocolMessageDispatcher.processRequest(OzoneProtocolMessageDispatcher.java:87) [hdds-server-framework-1.3.0-SNAPSHOT.jar:?]
	at org.apache.hadoop.ozone.protocolPB.OzoneManagerProtocolServerSideTranslatorPB.submitRequest(OzoneManagerProtocolServerSideTranslatorPB.java:147) [ozone-manager-1.3.0-SNAPSHOT.jar:?]
	at org.apache.hadoop.ozone.protocol.proto.OzoneManagerProtocolProtos$OzoneManagerService$2.callBlockingMethod(OzoneManagerProtocolProtos.java) [ozone-interface-client-1.3.0-SNAPSHOT.jar:?]
	at org.apache.hadoop.ipc.ProtobufRpcEngine$Server.processCall(ProtobufRpcEngine.java:466) [hadoop-common-3.3.1.jar:?]
	at org.apache.hadoop.ipc.ProtobufRpcEngine2$Server$ProtoBufRpcInvoker.call(ProtobufRpcEngine2.java:574) [hadoop-common-3.3.1.jar:?]
	at org.apache.hadoop.ipc.ProtobufRpcEngine2$Server$ProtoBufRpcInvoker.call(ProtobufRpcEngine2.java:552) [hadoop-common-3.3.1.jar:?]
	at org.apache.hadoop.ipc.RPC$Server.call(RPC.java:1093) [hadoop-common-3.3.1.jar:?]
	at org.apache.hadoop.ipc.Server$RpcCall.run(Server.java:1035) [hadoop-common-3.3.1.jar:?]
	at org.apache.hadoop.ipc.Server$RpcCall.run(Server.java:963) [hadoop-common-3.3.1.jar:?]
	at java.security.AccessController.doPrivileged(Native Method) ~[?:1.8.0_332]
	at javax.security.auth.Subject.doAs(Subject.java:422) [?:1.8.0_332]
	at org.apache.hadoop.security.UserGroupInformation.doAs(UserGroupInformation.java:1878) [hadoop-common-3.3.1.jar:?]
	at org.apache.hadoop.ipc.Server$Handler.run(Server.java:2966) [hadoop-common-3.3.1.jar:?]
2022-07-27 13:52:46,128 [Time-limited test] INFO  rpc.RpcClient (RpcClient.java:createVolume(467)) - Creating Volume: volume-30487, with runner as owner and space quota set to -1 bytes, counts quota set to -1
2022-07-27 13:52:46,129 [OM StateMachine ApplyTransaction Thread - 0] INFO  volume.OMVolumeCreateRequest (OMVolumeCreateRequest.java:validateAndUpdateCache(195)) - created volume:volume-30487 for user:runner
2022-07-27 13:52:46,129 [Time-limited test] INFO  rpc.RpcClient (RpcClient.java:createBucket(670)) - Creating Bucket: volume-30487/bucket-59022, with bucket layout LEGACY, runner as owner, Versioning false, Storage Type set to DISK and Encryption set to false 
2022-07-27 13:52:46,131 [OM StateMachine ApplyTransaction Thread - 0] INFO  bucket.OMBucketCreateRequest (OMBucketCreateRequest.java:validateAndUpdateCache(260)) - created bucket: bucket-59022 of layout LEGACY in volume: volume-30487
]]></system-out>
  </testcase>
  <testcase name="testListStatusRootAndVolumeRecursive" classname="TestRootedOzoneFileSystem" time="1.245">
    <system-out><![CDATA[2022-07-27 13:54:05,374 [05b7ade2-c08f-4f72-be79-8d526602fcb9@group-EC81AB38877F-FollowerState] INFO  impl.FollowerState (FollowerState.java:run(143)) - 05b7ade2-c08f-4f72-be79-8d526602fcb9@group-EC81AB38877F-FollowerState: change to CANDIDATE, lastRpcElapsedTime:5076929796ns, electionTimeout:5076ms
2022-07-27 13:54:05,375 [Time-limited test] INFO  rpc.RpcClient (RpcClient.java:createVolume(467)) - Creating Volume: volume18117, with user94986 as owner and space quota set to -1 bytes, counts quota set to -1
2022-07-27 13:54:05,377 [IPC Server handler 13 on default port 41147] INFO  volume.OMVolumeCreateRequest (OMVolumeCreateRequest.java:validateAndUpdateCache(195)) - created volume:volume18117 for user:user94986
2022-07-27 13:54:05,423 [05b7ade2-c08f-4f72-be79-8d526602fcb9@group-EC81AB38877F-FollowerState] INFO  impl.RoleInfo (RoleInfo.java:shutdownFollowerState(110)) - 05b7ade2-c08f-4f72-be79-8d526602fcb9: shutdown 05b7ade2-c08f-4f72-be79-8d526602fcb9@group-EC81AB38877F-FollowerState
2022-07-27 13:54:05,423 [05b7ade2-c08f-4f72-be79-8d526602fcb9@group-EC81AB38877F-FollowerState] INFO  server.RaftServer$Division (RaftServerImpl.java:setRole(299)) - 05b7ade2-c08f-4f72-be79-8d526602fcb9@group-EC81AB38877F: changes role from  FOLLOWER to CANDIDATE at term 0 for changeToCandidate
2022-07-27 13:54:05,423 [05b7ade2-c08f-4f72-be79-8d526602fcb9@group-EC81AB38877F-FollowerState] INFO  server.RaftServerConfigKeys (ConfUtils.java:logGet(46)) - raft.server.leaderelection.pre-vote = false (custom)
2022-07-27 13:54:05,423 [05b7ade2-c08f-4f72-be79-8d526602fcb9@group-EC81AB38877F-FollowerState] INFO  impl.RoleInfo (RoleInfo.java:updateAndGet(139)) - 05b7ade2-c08f-4f72-be79-8d526602fcb9: start 05b7ade2-c08f-4f72-be79-8d526602fcb9@group-EC81AB38877F-LeaderElection59
2022-07-27 13:54:05,425 [Time-limited test] INFO  rpc.RpcClient (RpcClient.java:createBucket(670)) - Creating Bucket: volume18117/bucket43261, with bucket layout LEGACY, runner as owner, Versioning false, Storage Type set to DISK and Encryption set to false 
2022-07-27 13:54:05,426 [IPC Server handler 0 on default port 41147] INFO  bucket.OMBucketCreateRequest (OMBucketCreateRequest.java:validateAndUpdateCache(260)) - created bucket: bucket43261 of layout LEGACY in volume: volume18117
13:54:05.443 [IPC Server handler 19 on default port 41147] ERROR OMAudit - user=runner | ip=127.0.0.1 | op=READ_BUCKET {volume=volume-34297, bucket=bucket-46603} | ret=FAILURE
org.apache.hadoop.ozone.om.exceptions.OMException: Volume not found when getting bucket info
	at org.apache.hadoop.ozone.om.BucketManagerImpl.getBucketInfo(BucketManagerImpl.java:127) ~[ozone-manager-1.3.0-SNAPSHOT.jar:?]
	at org.apache.hadoop.ozone.om.OzoneManager.getBucketInfo(OzoneManager.java:2779) ~[ozone-manager-1.3.0-SNAPSHOT.jar:?]
	at org.apache.hadoop.ozone.protocolPB.OzoneManagerRequestHandler.infoBucket(OzoneManagerRequestHandler.java:471) ~[ozone-manager-1.3.0-SNAPSHOT.jar:?]
	at org.apache.hadoop.ozone.protocolPB.OzoneManagerRequestHandler.handleReadRequest(OzoneManagerRequestHandler.java:174) ~[ozone-manager-1.3.0-SNAPSHOT.jar:?]
	at org.apache.hadoop.ozone.protocolPB.OzoneManagerProtocolServerSideTranslatorPB.submitRequestDirectlyToOM(OzoneManagerProtocolServerSideTranslatorPB.java:276) ~[ozone-manager-1.3.0-SNAPSHOT.jar:?]
	at org.apache.hadoop.ozone.protocolPB.OzoneManagerProtocolServerSideTranslatorPB.processRequest(OzoneManagerProtocolServerSideTranslatorPB.java:205) ~[ozone-manager-1.3.0-SNAPSHOT.jar:?]
	at org.apache.hadoop.hdds.server.OzoneProtocolMessageDispatcher.processRequest(OzoneProtocolMessageDispatcher.java:87) [hdds-server-framework-1.3.0-SNAPSHOT.jar:?]
	at org.apache.hadoop.ozone.protocolPB.OzoneManagerProtocolServerSideTranslatorPB.submitRequest(OzoneManagerProtocolServerSideTranslatorPB.java:147) [ozone-manager-1.3.0-SNAPSHOT.jar:?]
	at org.apache.hadoop.ozone.protocol.proto.OzoneManagerProtocolProtos$OzoneManagerService$2.callBlockingMethod(OzoneManagerProtocolProtos.java) [ozone-interface-client-1.3.0-SNAPSHOT.jar:?]
	at org.apache.hadoop.ipc.ProtobufRpcEngine$Server.processCall(ProtobufRpcEngine.java:466) [hadoop-common-3.3.1.jar:?]
	at org.apache.hadoop.ipc.ProtobufRpcEngine2$Server$ProtoBufRpcInvoker.call(ProtobufRpcEngine2.java:574) [hadoop-common-3.3.1.jar:?]
	at org.apache.hadoop.ipc.ProtobufRpcEngine2$Server$ProtoBufRpcInvoker.call(ProtobufRpcEngine2.java:552) [hadoop-common-3.3.1.jar:?]
	at org.apache.hadoop.ipc.RPC$Server.call(RPC.java:1093) [hadoop-common-3.3.1.jar:?]
	at org.apache.hadoop.ipc.Server$RpcCall.run(Server.java:1035) [hadoop-common-3.3.1.jar:?]
	at org.apache.hadoop.ipc.Server$RpcCall.run(Server.java:963) [hadoop-common-3.3.1.jar:?]
	at java.security.AccessController.doPrivileged(Native Method) ~[?:1.8.0_332]
	at javax.security.auth.Subject.doAs(Subject.java:422) [?:1.8.0_332]
	at org.apache.hadoop.security.UserGroupInformation.doAs(UserGroupInformation.java:1878) [hadoop-common-3.3.1.jar:?]
	at org.apache.hadoop.ipc.Server$Handler.run(Server.java:2966) [hadoop-common-3.3.1.jar:?]
2022-07-27 13:54:05,443 [Time-limited test] INFO  rpc.RpcClient (RpcClient.java:createVolume(467)) - Creating Volume: volume-34297, with runner as owner and space quota set to -1 bytes, counts quota set to -1
2022-07-27 13:54:05,444 [IPC Server handler 12 on default port 41147] INFO  volume.OMVolumeCreateRequest (OMVolumeCreateRequest.java:validateAndUpdateCache(195)) - created volume:volume-34297 for user:runner
2022-07-27 13:54:05,444 [Time-limited test] INFO  rpc.RpcClient (RpcClient.java:createBucket(670)) - Creating Bucket: volume-34297/bucket-46603, with bucket layout LEGACY, runner as owner, Versioning false, Storage Type set to DISK and Encryption set to false 
2022-07-27 13:54:05,445 [IPC Server handler 10 on default port 41147] INFO  bucket.OMBucketCreateRequest (OMBucketCreateRequest.java:validateAndUpdateCache(260)) - created bucket: bucket-46603 of layout LEGACY in volume: volume-34297
2022-07-27 13:54:05,479 [05b7ade2-c08f-4f72-be79-8d526602fcb9@group-EC81AB38877F-LeaderElection59] INFO  impl.LeaderElection (LeaderElection.java:askForVotes(310)) - 05b7ade2-c08f-4f72-be79-8d526602fcb9@group-EC81AB38877F-LeaderElection59 ELECTION round 0: submit vote requests at term 1 for -1: [05b7ade2-c08f-4f72-be79-8d526602fcb9|rpc:10.1.0.21:42545|priority:1], old=null
2022-07-27 13:54:05,488 [05b7ade2-c08f-4f72-be79-8d526602fcb9@group-EC81AB38877F-LeaderElection59] INFO  impl.LeaderElection (LeaderElection.java:askForVotes(312)) - 05b7ade2-c08f-4f72-be79-8d526602fcb9@group-EC81AB38877F-LeaderElection59 ELECTION round 0: result PASSED (term=1)
2022-07-27 13:54:05,488 [05b7ade2-c08f-4f72-be79-8d526602fcb9@group-EC81AB38877F-LeaderElection59] INFO  impl.RoleInfo (RoleInfo.java:shutdownLeaderElection(130)) - 05b7ade2-c08f-4f72-be79-8d526602fcb9: shutdown 05b7ade2-c08f-4f72-be79-8d526602fcb9@group-EC81AB38877F-LeaderElection59
2022-07-27 13:54:05,488 [05b7ade2-c08f-4f72-be79-8d526602fcb9@group-EC81AB38877F-LeaderElection59] INFO  server.RaftServer$Division (RaftServerImpl.java:setRole(299)) - 05b7ade2-c08f-4f72-be79-8d526602fcb9@group-EC81AB38877F: changes role from CANDIDATE to LEADER at term 1 for changeToLeader
2022-07-27 13:54:05,488 [05b7ade2-c08f-4f72-be79-8d526602fcb9@group-EC81AB38877F-LeaderElection59] INFO  ratis.XceiverServerRatis (XceiverServerRatis.java:handleLeaderChangedNotification(863)) - Leader change notification received for group: group-EC81AB38877F with new leaderId: 05b7ade2-c08f-4f72-be79-8d526602fcb9
2022-07-27 13:54:05,488 [05b7ade2-c08f-4f72-be79-8d526602fcb9@group-EC81AB38877F-LeaderElection59] INFO  server.RaftServer$Division (ServerState.java:setLeader(287)) - 05b7ade2-c08f-4f72-be79-8d526602fcb9@group-EC81AB38877F: change Leader from null to 05b7ade2-c08f-4f72-be79-8d526602fcb9 at term 1 for becomeLeader, leader elected after 5197ms
2022-07-27 13:54:05,488 [05b7ade2-c08f-4f72-be79-8d526602fcb9@group-EC81AB38877F-LeaderElection59] INFO  server.RaftServerConfigKeys (ConfUtils.java:logGet(46)) - raft.server.staging.catchup.gap = 1000 (default)
2022-07-27 13:54:05,488 [05b7ade2-c08f-4f72-be79-8d526602fcb9@group-EC81AB38877F-LeaderElection59] INFO  server.RaftServerConfigKeys (ConfUtils.java:logGet(46)) - raft.server.write.element-limit = 1024 (custom)
2022-07-27 13:54:05,488 [05b7ade2-c08f-4f72-be79-8d526602fcb9@group-EC81AB38877F-LeaderElection59] INFO  server.RaftServerConfigKeys (ConfUtils.java:logGet(46)) - raft.server.write.byte-limit = 1024 M (=1073741824) (custom)
2022-07-27 13:54:05,488 [05b7ade2-c08f-4f72-be79-8d526602fcb9@group-EC81AB38877F-LeaderElection59] INFO  server.RaftServerConfigKeys (ConfUtils.java:logGet(46)) - raft.server.watch.timeout = 180s (custom)
2022-07-27 13:54:05,491 [05b7ade2-c08f-4f72-be79-8d526602fcb9@group-EC81AB38877F-LeaderElection59] INFO  server.RaftServerConfigKeys (ConfUtils.java:logGet(46)) - raft.server.watch.timeout.denomination = 1s (default)
2022-07-27 13:54:05,491 [05b7ade2-c08f-4f72-be79-8d526602fcb9@group-EC81AB38877F-LeaderElection59] INFO  server.RaftServerConfigKeys (ConfUtils.java:logGet(46)) - raft.server.watch.element-limit = 65536 (default)
2022-07-27 13:54:05,491 [05b7ade2-c08f-4f72-be79-8d526602fcb9@group-EC81AB38877F-LeaderElection59] INFO  server.RaftServerConfigKeys (ConfUtils.java:logGet(46)) - raft.server.write.element-limit = 1024 (custom)
2022-07-27 13:54:05,491 [05b7ade2-c08f-4f72-be79-8d526602fcb9@group-EC81AB38877F-LeaderElection59] INFO  server.RaftServerConfigKeys (ConfUtils.java:logGet(46)) - raft.server.write.follower.gap.ratio.max = -1.0 (default)
2022-07-27 13:54:05,491 [05b7ade2-c08f-4f72-be79-8d526602fcb9@group-EC81AB38877F-LeaderElection59] INFO  impl.RoleInfo (RoleInfo.java:updateAndGet(139)) - 05b7ade2-c08f-4f72-be79-8d526602fcb9: start 05b7ade2-c08f-4f72-be79-8d526602fcb9@group-EC81AB38877F-LeaderStateImpl
2022-07-27 13:54:05,491 [05b7ade2-c08f-4f72-be79-8d526602fcb9@group-EC81AB38877F-LeaderElection59] INFO  segmented.SegmentedRaftLogWorker (SegmentedRaftLogWorker.java:startLogSegment(425)) - 05b7ade2-c08f-4f72-be79-8d526602fcb9@group-EC81AB38877F-SegmentedRaftLogWorker: Starting segment from index:0
2022-07-27 13:54:05,496 [05b7ade2-c08f-4f72-be79-8d526602fcb9@group-EC81AB38877F-SegmentedRaftLogWorker] INFO  segmented.SegmentedRaftLogWorker (SegmentedRaftLogWorker.java:execute(629)) - 05b7ade2-c08f-4f72-be79-8d526602fcb9@group-EC81AB38877F-SegmentedRaftLogWorker: created new log segment /home/runner/work/ozone/ozone/hadoop-ozone/integration-test/target/test-dir/MiniOzoneClusterImpl-17d54aa6-bde1-4bf1-a713-29851100816b/datanode-2/data/ratis/edf86fc8-68fb-4ddd-9ac3-ec81ab38877f/current/log_inprogress_0
2022-07-27 13:54:05,512 [05b7ade2-c08f-4f72-be79-8d526602fcb9@group-EC81AB38877F-LeaderElection59] INFO  server.RaftServer$Division (ServerState.java:setRaftConf(393)) - 05b7ade2-c08f-4f72-be79-8d526602fcb9@group-EC81AB38877F: set configuration 0: [05b7ade2-c08f-4f72-be79-8d526602fcb9|rpc:10.1.0.21:42545|dataStream:|priority:1], old=null
13:54:05.911 [IPC Server handler 14 on default port 41147] ERROR OMAudit - user=runner | ip=127.0.0.1 | op=READ_BUCKET {volume=volume-44364, bucket=bucket-54200} | ret=FAILURE
org.apache.hadoop.ozone.om.exceptions.OMException: Volume not found when getting bucket info
	at org.apache.hadoop.ozone.om.BucketManagerImpl.getBucketInfo(BucketManagerImpl.java:127) ~[ozone-manager-1.3.0-SNAPSHOT.jar:?]
	at org.apache.hadoop.ozone.om.OzoneManager.getBucketInfo(OzoneManager.java:2779) ~[ozone-manager-1.3.0-SNAPSHOT.jar:?]
	at org.apache.hadoop.ozone.protocolPB.OzoneManagerRequestHandler.infoBucket(OzoneManagerRequestHandler.java:471) ~[ozone-manager-1.3.0-SNAPSHOT.jar:?]
	at org.apache.hadoop.ozone.protocolPB.OzoneManagerRequestHandler.handleReadRequest(OzoneManagerRequestHandler.java:174) ~[ozone-manager-1.3.0-SNAPSHOT.jar:?]
	at org.apache.hadoop.ozone.protocolPB.OzoneManagerProtocolServerSideTranslatorPB.submitRequestDirectlyToOM(OzoneManagerProtocolServerSideTranslatorPB.java:276) ~[ozone-manager-1.3.0-SNAPSHOT.jar:?]
	at org.apache.hadoop.ozone.protocolPB.OzoneManagerProtocolServerSideTranslatorPB.processRequest(OzoneManagerProtocolServerSideTranslatorPB.java:205) ~[ozone-manager-1.3.0-SNAPSHOT.jar:?]
	at org.apache.hadoop.hdds.server.OzoneProtocolMessageDispatcher.processRequest(OzoneProtocolMessageDispatcher.java:87) [hdds-server-framework-1.3.0-SNAPSHOT.jar:?]
	at org.apache.hadoop.ozone.protocolPB.OzoneManagerProtocolServerSideTranslatorPB.submitRequest(OzoneManagerProtocolServerSideTranslatorPB.java:147) [ozone-manager-1.3.0-SNAPSHOT.jar:?]
	at org.apache.hadoop.ozone.protocol.proto.OzoneManagerProtocolProtos$OzoneManagerService$2.callBlockingMethod(OzoneManagerProtocolProtos.java) [ozone-interface-client-1.3.0-SNAPSHOT.jar:?]
	at org.apache.hadoop.ipc.ProtobufRpcEngine$Server.processCall(ProtobufRpcEngine.java:466) [hadoop-common-3.3.1.jar:?]
	at org.apache.hadoop.ipc.ProtobufRpcEngine2$Server$ProtoBufRpcInvoker.call(ProtobufRpcEngine2.java:574) [hadoop-common-3.3.1.jar:?]
	at org.apache.hadoop.ipc.ProtobufRpcEngine2$Server$ProtoBufRpcInvoker.call(ProtobufRpcEngine2.java:552) [hadoop-common-3.3.1.jar:?]
	at org.apache.hadoop.ipc.RPC$Server.call(RPC.java:1093) [hadoop-common-3.3.1.jar:?]
	at org.apache.hadoop.ipc.Server$RpcCall.run(Server.java:1035) [hadoop-common-3.3.1.jar:?]
	at org.apache.hadoop.ipc.Server$RpcCall.run(Server.java:963) [hadoop-common-3.3.1.jar:?]
	at java.security.AccessController.doPrivileged(Native Method) ~[?:1.8.0_332]
	at javax.security.auth.Subject.doAs(Subject.java:422) [?:1.8.0_332]
	at org.apache.hadoop.security.UserGroupInformation.doAs(UserGroupInformation.java:1878) [hadoop-common-3.3.1.jar:?]
	at org.apache.hadoop.ipc.Server$Handler.run(Server.java:2966) [hadoop-common-3.3.1.jar:?]
2022-07-27 13:54:05,915 [Time-limited test] INFO  rpc.RpcClient (RpcClient.java:createVolume(467)) - Creating Volume: volume-44364, with runner as owner and space quota set to -1 bytes, counts quota set to -1
2022-07-27 13:54:05,919 [IPC Server handler 13 on default port 41147] INFO  volume.OMVolumeCreateRequest (OMVolumeCreateRequest.java:validateAndUpdateCache(195)) - created volume:volume-44364 for user:runner
2022-07-27 13:54:05,921 [Time-limited test] INFO  rpc.RpcClient (RpcClient.java:createBucket(670)) - Creating Bucket: volume-44364/bucket-54200, with bucket layout LEGACY, runner as owner, Versioning false, Storage Type set to DISK and Encryption set to false 
2022-07-27 13:54:05,921 [IPC Server handler 0 on default port 41147] INFO  bucket.OMBucketCreateRequest (OMBucketCreateRequest.java:validateAndUpdateCache(260)) - created bucket: bucket-54200 of layout LEGACY in volume: volume-44364
]]></system-out>
  </testcase>
  <testcase name="testTempMount" classname="TestRootedOzoneFileSystem" time="0.2">
    <system-out><![CDATA[2022-07-27 13:49:17,187 [Time-limited test] INFO  rpc.RpcClient (RpcClient.java:createVolume(467)) - Creating Volume: volume04231, with user72371 as owner and space quota set to -1 bytes, counts quota set to -1
2022-07-27 13:49:17,190 [OM StateMachine ApplyTransaction Thread - 0] INFO  volume.OMVolumeCreateRequest (OMVolumeCreateRequest.java:validateAndUpdateCache(195)) - created volume:volume04231 for user:user72371
2022-07-27 13:49:17,193 [Time-limited test] INFO  rpc.RpcClient (RpcClient.java:createBucket(670)) - Creating Bucket: volume04231/bucket85600, with bucket layout LEGACY, runner as owner, Versioning false, Storage Type set to DISK and Encryption set to false 
2022-07-27 13:49:17,196 [OM StateMachine ApplyTransaction Thread - 0] INFO  bucket.OMBucketCreateRequest (OMBucketCreateRequest.java:validateAndUpdateCache(260)) - created bucket: bucket85600 of layout LEGACY in volume: volume04231
2022-07-27 13:49:17,199 [Time-limited test] INFO  rpc.RpcClient (RpcClient.java:createVolume(467)) - Creating Volume: tmp, with runner as owner and space quota set to 9223372036854775807 bytes, counts quota set to 1000
2022-07-27 13:49:17,201 [OM StateMachine ApplyTransaction Thread - 0] INFO  volume.OMVolumeCreateRequest (OMVolumeCreateRequest.java:validateAndUpdateCache(195)) - created volume:tmp for user:runner
2022-07-27 13:49:17,206 [Time-limited test] INFO  rpc.RpcClient (RpcClient.java:createBucket(670)) - Creating Bucket: tmp/4bad0b8dd3074cd43f641c2ac22a3571, with bucket layout LEGACY, runner as owner, Versioning false, Storage Type set to DISK and Encryption set to false 
2022-07-27 13:49:17,209 [OM StateMachine ApplyTransaction Thread - 0] INFO  bucket.OMBucketCreateRequest (OMBucketCreateRequest.java:validateAndUpdateCache(260)) - created bucket: 4bad0b8dd3074cd43f641c2ac22a3571 of layout LEGACY in volume: tmp
]]></system-out>
  </testcase>
  <testcase name="testTempMount" classname="TestRootedOzoneFileSystem" time="0.404">
    <system-out><![CDATA[2022-07-27 13:50:21,462 [68b1a215-e375-44d3-a5cb-74a1c393ca27@group-641F242E788A-FollowerState] INFO  impl.FollowerState (FollowerState.java:run(143)) - 68b1a215-e375-44d3-a5cb-74a1c393ca27@group-641F242E788A-FollowerState: change to CANDIDATE, lastRpcElapsedTime:5037128568ns, electionTimeout:5012ms
2022-07-27 13:50:21,462 [68b1a215-e375-44d3-a5cb-74a1c393ca27@group-641F242E788A-FollowerState] INFO  impl.RoleInfo (RoleInfo.java:shutdownFollowerState(110)) - 68b1a215-e375-44d3-a5cb-74a1c393ca27: shutdown 68b1a215-e375-44d3-a5cb-74a1c393ca27@group-641F242E788A-FollowerState
2022-07-27 13:50:21,462 [68b1a215-e375-44d3-a5cb-74a1c393ca27@group-641F242E788A-FollowerState] INFO  server.RaftServer$Division (RaftServerImpl.java:setRole(299)) - 68b1a215-e375-44d3-a5cb-74a1c393ca27@group-641F242E788A: changes role from  FOLLOWER to CANDIDATE at term 0 for changeToCandidate
2022-07-27 13:50:21,462 [68b1a215-e375-44d3-a5cb-74a1c393ca27@group-641F242E788A-FollowerState] INFO  server.RaftServerConfigKeys (ConfUtils.java:logGet(46)) - raft.server.leaderelection.pre-vote = false (custom)
2022-07-27 13:50:21,462 [68b1a215-e375-44d3-a5cb-74a1c393ca27@group-641F242E788A-FollowerState] INFO  impl.RoleInfo (RoleInfo.java:updateAndGet(139)) - 68b1a215-e375-44d3-a5cb-74a1c393ca27: start 68b1a215-e375-44d3-a5cb-74a1c393ca27@group-641F242E788A-LeaderElection19
2022-07-27 13:50:21,500 [68b1a215-e375-44d3-a5cb-74a1c393ca27@group-641F242E788A-LeaderElection19] INFO  impl.LeaderElection (LeaderElection.java:askForVotes(310)) - 68b1a215-e375-44d3-a5cb-74a1c393ca27@group-641F242E788A-LeaderElection19 ELECTION round 0: submit vote requests at term 1 for -1: [68b1a215-e375-44d3-a5cb-74a1c393ca27|rpc:10.1.0.21:44933|priority:1], old=null
2022-07-27 13:50:21,500 [68b1a215-e375-44d3-a5cb-74a1c393ca27@group-641F242E788A-LeaderElection19] INFO  impl.LeaderElection (LeaderElection.java:askForVotes(312)) - 68b1a215-e375-44d3-a5cb-74a1c393ca27@group-641F242E788A-LeaderElection19 ELECTION round 0: result PASSED (term=1)
2022-07-27 13:50:21,500 [68b1a215-e375-44d3-a5cb-74a1c393ca27@group-641F242E788A-LeaderElection19] INFO  impl.RoleInfo (RoleInfo.java:shutdownLeaderElection(130)) - 68b1a215-e375-44d3-a5cb-74a1c393ca27: shutdown 68b1a215-e375-44d3-a5cb-74a1c393ca27@group-641F242E788A-LeaderElection19
2022-07-27 13:50:21,501 [68b1a215-e375-44d3-a5cb-74a1c393ca27@group-641F242E788A-LeaderElection19] INFO  server.RaftServer$Division (RaftServerImpl.java:setRole(299)) - 68b1a215-e375-44d3-a5cb-74a1c393ca27@group-641F242E788A: changes role from CANDIDATE to LEADER at term 1 for changeToLeader
2022-07-27 13:50:21,501 [68b1a215-e375-44d3-a5cb-74a1c393ca27@group-641F242E788A-LeaderElection19] INFO  ratis.XceiverServerRatis (XceiverServerRatis.java:handleLeaderChangedNotification(863)) - Leader change notification received for group: group-641F242E788A with new leaderId: 68b1a215-e375-44d3-a5cb-74a1c393ca27
2022-07-27 13:50:21,510 [68b1a215-e375-44d3-a5cb-74a1c393ca27@group-641F242E788A-LeaderElection19] INFO  server.RaftServer$Division (ServerState.java:setLeader(287)) - 68b1a215-e375-44d3-a5cb-74a1c393ca27@group-641F242E788A: change Leader from null to 68b1a215-e375-44d3-a5cb-74a1c393ca27 at term 1 for becomeLeader, leader elected after 5097ms
2022-07-27 13:50:21,510 [68b1a215-e375-44d3-a5cb-74a1c393ca27@group-641F242E788A-LeaderElection19] INFO  server.RaftServerConfigKeys (ConfUtils.java:logGet(46)) - raft.server.staging.catchup.gap = 1000 (default)
2022-07-27 13:50:21,510 [68b1a215-e375-44d3-a5cb-74a1c393ca27@group-641F242E788A-LeaderElection19] INFO  server.RaftServerConfigKeys (ConfUtils.java:logGet(46)) - raft.server.write.element-limit = 1024 (custom)
2022-07-27 13:50:21,510 [68b1a215-e375-44d3-a5cb-74a1c393ca27@group-641F242E788A-LeaderElection19] INFO  server.RaftServerConfigKeys (ConfUtils.java:logGet(46)) - raft.server.write.byte-limit = 1024 M (=1073741824) (custom)
2022-07-27 13:50:21,510 [68b1a215-e375-44d3-a5cb-74a1c393ca27@group-641F242E788A-LeaderElection19] INFO  server.RaftServerConfigKeys (ConfUtils.java:logGet(46)) - raft.server.watch.timeout = 180s (custom)
2022-07-27 13:50:21,510 [68b1a215-e375-44d3-a5cb-74a1c393ca27@group-641F242E788A-LeaderElection19] INFO  server.RaftServerConfigKeys (ConfUtils.java:logGet(46)) - raft.server.watch.timeout.denomination = 1s (default)
2022-07-27 13:50:21,510 [68b1a215-e375-44d3-a5cb-74a1c393ca27@group-641F242E788A-LeaderElection19] INFO  server.RaftServerConfigKeys (ConfUtils.java:logGet(46)) - raft.server.watch.element-limit = 65536 (default)
2022-07-27 13:50:21,510 [68b1a215-e375-44d3-a5cb-74a1c393ca27@group-641F242E788A-LeaderElection19] INFO  server.RaftServerConfigKeys (ConfUtils.java:logGet(46)) - raft.server.write.element-limit = 1024 (custom)
2022-07-27 13:50:21,510 [68b1a215-e375-44d3-a5cb-74a1c393ca27@group-641F242E788A-LeaderElection19] INFO  server.RaftServerConfigKeys (ConfUtils.java:logGet(46)) - raft.server.write.follower.gap.ratio.max = -1.0 (default)
2022-07-27 13:50:21,511 [68b1a215-e375-44d3-a5cb-74a1c393ca27@group-641F242E788A-LeaderElection19] INFO  impl.RoleInfo (RoleInfo.java:updateAndGet(139)) - 68b1a215-e375-44d3-a5cb-74a1c393ca27: start 68b1a215-e375-44d3-a5cb-74a1c393ca27@group-641F242E788A-LeaderStateImpl
2022-07-27 13:50:21,512 [68b1a215-e375-44d3-a5cb-74a1c393ca27@group-641F242E788A-LeaderElection19] INFO  segmented.SegmentedRaftLogWorker (SegmentedRaftLogWorker.java:startLogSegment(425)) - 68b1a215-e375-44d3-a5cb-74a1c393ca27@group-641F242E788A-SegmentedRaftLogWorker: Starting segment from index:0
2022-07-27 13:50:21,516 [68b1a215-e375-44d3-a5cb-74a1c393ca27@group-641F242E788A-SegmentedRaftLogWorker] INFO  segmented.SegmentedRaftLogWorker (SegmentedRaftLogWorker.java:execute(629)) - 68b1a215-e375-44d3-a5cb-74a1c393ca27@group-641F242E788A-SegmentedRaftLogWorker: created new log segment /home/runner/work/ozone/ozone/hadoop-ozone/integration-test/target/test-dir/MiniOzoneClusterImpl-29ab875d-7565-45f7-8a7f-94142ec04d49/datanode-2/data/ratis/618a9e73-8c9f-4dda-8e49-641f242e788a/current/log_inprogress_0
2022-07-27 13:50:21,537 [68b1a215-e375-44d3-a5cb-74a1c393ca27@group-641F242E788A-LeaderElection19] INFO  server.RaftServer$Division (ServerState.java:setRaftConf(393)) - 68b1a215-e375-44d3-a5cb-74a1c393ca27@group-641F242E788A: set configuration 0: [68b1a215-e375-44d3-a5cb-74a1c393ca27|rpc:10.1.0.21:44933|dataStream:|priority:1], old=null
2022-07-27 13:50:21,569 [Time-limited test] INFO  rpc.RpcClient (RpcClient.java:createVolume(467)) - Creating Volume: volume35395, with user53687 as owner and space quota set to -1 bytes, counts quota set to -1
2022-07-27 13:50:21,570 [OM StateMachine ApplyTransaction Thread - 0] INFO  volume.OMVolumeCreateRequest (OMVolumeCreateRequest.java:validateAndUpdateCache(195)) - created volume:volume35395 for user:user53687
2022-07-27 13:50:21,571 [Time-limited test] INFO  rpc.RpcClient (RpcClient.java:createBucket(670)) - Creating Bucket: volume35395/bucket65524, with bucket layout LEGACY, runner as owner, Versioning false, Storage Type set to DISK and Encryption set to false 
2022-07-27 13:50:21,572 [OM StateMachine ApplyTransaction Thread - 0] INFO  bucket.OMBucketCreateRequest (OMBucketCreateRequest.java:validateAndUpdateCache(260)) - created bucket: bucket65524 of layout LEGACY in volume: volume35395
2022-07-27 13:50:21,573 [Time-limited test] INFO  rpc.RpcClient (RpcClient.java:createVolume(467)) - Creating Volume: tmp, with runner as owner and space quota set to 9223372036854775807 bytes, counts quota set to 1000
2022-07-27 13:50:21,574 [OM StateMachine ApplyTransaction Thread - 0] INFO  volume.OMVolumeCreateRequest (OMVolumeCreateRequest.java:validateAndUpdateCache(195)) - created volume:tmp for user:runner
13:50:21.575 [IPC Server handler 19 on default port 46277] ERROR OMAudit - user=runner | ip=127.0.0.1 | op=READ_BUCKET {volume=tmp, bucket=4bad0b8dd3074cd43f641c2ac22a3571} | ret=FAILURE
org.apache.hadoop.ozone.om.exceptions.OMException: Bucket not found
	at org.apache.hadoop.ozone.om.BucketManagerImpl.getBucketInfo(BucketManagerImpl.java:131) ~[ozone-manager-1.3.0-SNAPSHOT.jar:?]
	at org.apache.hadoop.ozone.om.OzoneManager.getBucketInfo(OzoneManager.java:2779) ~[ozone-manager-1.3.0-SNAPSHOT.jar:?]
	at org.apache.hadoop.ozone.protocolPB.OzoneManagerRequestHandler.infoBucket(OzoneManagerRequestHandler.java:471) ~[ozone-manager-1.3.0-SNAPSHOT.jar:?]
	at org.apache.hadoop.ozone.protocolPB.OzoneManagerRequestHandler.handleReadRequest(OzoneManagerRequestHandler.java:174) ~[ozone-manager-1.3.0-SNAPSHOT.jar:?]
	at org.apache.hadoop.ozone.protocolPB.OzoneManagerProtocolServerSideTranslatorPB.submitReadRequestToOM(OzoneManagerProtocolServerSideTranslatorPB.java:226) ~[ozone-manager-1.3.0-SNAPSHOT.jar:?]
	at org.apache.hadoop.ozone.protocolPB.OzoneManagerProtocolServerSideTranslatorPB.processRequest(OzoneManagerProtocolServerSideTranslatorPB.java:175) ~[ozone-manager-1.3.0-SNAPSHOT.jar:?]
	at org.apache.hadoop.hdds.server.OzoneProtocolMessageDispatcher.processRequest(OzoneProtocolMessageDispatcher.java:87) [hdds-server-framework-1.3.0-SNAPSHOT.jar:?]
	at org.apache.hadoop.ozone.protocolPB.OzoneManagerProtocolServerSideTranslatorPB.submitRequest(OzoneManagerProtocolServerSideTranslatorPB.java:147) [ozone-manager-1.3.0-SNAPSHOT.jar:?]
	at org.apache.hadoop.ozone.protocol.proto.OzoneManagerProtocolProtos$OzoneManagerService$2.callBlockingMethod(OzoneManagerProtocolProtos.java) [ozone-interface-client-1.3.0-SNAPSHOT.jar:?]
	at org.apache.hadoop.ipc.ProtobufRpcEngine$Server.processCall(ProtobufRpcEngine.java:466) [hadoop-common-3.3.1.jar:?]
	at org.apache.hadoop.ipc.ProtobufRpcEngine2$Server$ProtoBufRpcInvoker.call(ProtobufRpcEngine2.java:574) [hadoop-common-3.3.1.jar:?]
	at org.apache.hadoop.ipc.ProtobufRpcEngine2$Server$ProtoBufRpcInvoker.call(ProtobufRpcEngine2.java:552) [hadoop-common-3.3.1.jar:?]
	at org.apache.hadoop.ipc.RPC$Server.call(RPC.java:1093) [hadoop-common-3.3.1.jar:?]
	at org.apache.hadoop.ipc.Server$RpcCall.run(Server.java:1035) [hadoop-common-3.3.1.jar:?]
	at org.apache.hadoop.ipc.Server$RpcCall.run(Server.java:963) [hadoop-common-3.3.1.jar:?]
	at java.security.AccessController.doPrivileged(Native Method) ~[?:1.8.0_332]
	at javax.security.auth.Subject.doAs(Subject.java:422) [?:1.8.0_332]
	at org.apache.hadoop.security.UserGroupInformation.doAs(UserGroupInformation.java:1878) [hadoop-common-3.3.1.jar:?]
	at org.apache.hadoop.ipc.Server$Handler.run(Server.java:2966) [hadoop-common-3.3.1.jar:?]
13:50:21.577 [IPC Server handler 18 on default port 46277] ERROR OMAudit - user=runner | ip=127.0.0.1 | op=READ_BUCKET {volume=tmp, bucket=4bad0b8dd3074cd43f641c2ac22a3571} | ret=FAILURE
org.apache.hadoop.ozone.om.exceptions.OMException: Bucket not found
	at org.apache.hadoop.ozone.om.BucketManagerImpl.getBucketInfo(BucketManagerImpl.java:131) ~[ozone-manager-1.3.0-SNAPSHOT.jar:?]
	at org.apache.hadoop.ozone.om.OzoneManager.getBucketInfo(OzoneManager.java:2779) ~[ozone-manager-1.3.0-SNAPSHOT.jar:?]
	at org.apache.hadoop.ozone.protocolPB.OzoneManagerRequestHandler.infoBucket(OzoneManagerRequestHandler.java:471) ~[ozone-manager-1.3.0-SNAPSHOT.jar:?]
	at org.apache.hadoop.ozone.protocolPB.OzoneManagerRequestHandler.handleReadRequest(OzoneManagerRequestHandler.java:174) ~[ozone-manager-1.3.0-SNAPSHOT.jar:?]
	at org.apache.hadoop.ozone.protocolPB.OzoneManagerProtocolServerSideTranslatorPB.submitReadRequestToOM(OzoneManagerProtocolServerSideTranslatorPB.java:226) ~[ozone-manager-1.3.0-SNAPSHOT.jar:?]
	at org.apache.hadoop.ozone.protocolPB.OzoneManagerProtocolServerSideTranslatorPB.processRequest(OzoneManagerProtocolServerSideTranslatorPB.java:175) ~[ozone-manager-1.3.0-SNAPSHOT.jar:?]
	at org.apache.hadoop.hdds.server.OzoneProtocolMessageDispatcher.processRequest(OzoneProtocolMessageDispatcher.java:87) [hdds-server-framework-1.3.0-SNAPSHOT.jar:?]
	at org.apache.hadoop.ozone.protocolPB.OzoneManagerProtocolServerSideTranslatorPB.submitRequest(OzoneManagerProtocolServerSideTranslatorPB.java:147) [ozone-manager-1.3.0-SNAPSHOT.jar:?]
	at org.apache.hadoop.ozone.protocol.proto.OzoneManagerProtocolProtos$OzoneManagerService$2.callBlockingMethod(OzoneManagerProtocolProtos.java) [ozone-interface-client-1.3.0-SNAPSHOT.jar:?]
	at org.apache.hadoop.ipc.ProtobufRpcEngine$Server.processCall(ProtobufRpcEngine.java:466) [hadoop-common-3.3.1.jar:?]
	at org.apache.hadoop.ipc.ProtobufRpcEngine2$Server$ProtoBufRpcInvoker.call(ProtobufRpcEngine2.java:574) [hadoop-common-3.3.1.jar:?]
	at org.apache.hadoop.ipc.ProtobufRpcEngine2$Server$ProtoBufRpcInvoker.call(ProtobufRpcEngine2.java:552) [hadoop-common-3.3.1.jar:?]
	at org.apache.hadoop.ipc.RPC$Server.call(RPC.java:1093) [hadoop-common-3.3.1.jar:?]
	at org.apache.hadoop.ipc.Server$RpcCall.run(Server.java:1035) [hadoop-common-3.3.1.jar:?]
	at org.apache.hadoop.ipc.Server$RpcCall.run(Server.java:963) [hadoop-common-3.3.1.jar:?]
	at java.security.AccessController.doPrivileged(Native Method) ~[?:1.8.0_332]
	at javax.security.auth.Subject.doAs(Subject.java:422) [?:1.8.0_332]
	at org.apache.hadoop.security.UserGroupInformation.doAs(UserGroupInformation.java:1878) [hadoop-common-3.3.1.jar:?]
	at org.apache.hadoop.ipc.Server$Handler.run(Server.java:2966) [hadoop-common-3.3.1.jar:?]
2022-07-27 13:50:21,577 [Time-limited test] INFO  rpc.RpcClient (RpcClient.java:createBucket(670)) - Creating Bucket: tmp/4bad0b8dd3074cd43f641c2ac22a3571, with bucket layout LEGACY, runner as owner, Versioning false, Storage Type set to DISK and Encryption set to false 
2022-07-27 13:50:21,578 [OM StateMachine ApplyTransaction Thread - 0] INFO  bucket.OMBucketCreateRequest (OMBucketCreateRequest.java:validateAndUpdateCache(260)) - created bucket: 4bad0b8dd3074cd43f641c2ac22a3571 of layout LEGACY in volume: tmp
]]></system-out>
  </testcase>
  <testcase name="testTempMount" classname="TestRootedOzoneFileSystem" time="0.559">
    <system-out><![CDATA[2022-07-27 13:51:30,088 [Time-limited test] INFO  rpc.RpcClient (RpcClient.java:createVolume(467)) - Creating Volume: volume97265, with user86337 as owner and space quota set to -1 bytes, counts quota set to -1
2022-07-27 13:51:30,091 [IPC Server handler 17 on default port 45285] INFO  volume.OMVolumeCreateRequest (OMVolumeCreateRequest.java:validateAndUpdateCache(195)) - created volume:volume97265 for user:user86337
2022-07-27 13:51:30,108 [Time-limited test] INFO  rpc.RpcClient (RpcClient.java:createBucket(670)) - Creating Bucket: volume97265/bucket40622, with bucket layout LEGACY, runner as owner, Versioning false, Storage Type set to DISK and Encryption set to false 
2022-07-27 13:51:30,111 [IPC Server handler 2 on default port 45285] INFO  bucket.OMBucketCreateRequest (OMBucketCreateRequest.java:validateAndUpdateCache(260)) - created bucket: bucket40622 of layout LEGACY in volume: volume97265
2022-07-27 13:51:30,112 [Time-limited test] INFO  rpc.RpcClient (RpcClient.java:createVolume(467)) - Creating Volume: tmp, with runner as owner and space quota set to 9223372036854775807 bytes, counts quota set to 1000
2022-07-27 13:51:30,113 [IPC Server handler 7 on default port 45285] INFO  volume.OMVolumeCreateRequest (OMVolumeCreateRequest.java:validateAndUpdateCache(195)) - created volume:tmp for user:runner
13:51:30.114 [IPC Server handler 3 on default port 45285] ERROR OMAudit - user=runner | ip=127.0.0.1 | op=READ_BUCKET {volume=tmp, bucket=4bad0b8dd3074cd43f641c2ac22a3571} | ret=FAILURE
org.apache.hadoop.ozone.om.exceptions.OMException: Bucket not found
	at org.apache.hadoop.ozone.om.BucketManagerImpl.getBucketInfo(BucketManagerImpl.java:131) ~[ozone-manager-1.3.0-SNAPSHOT.jar:?]
	at org.apache.hadoop.ozone.om.OzoneManager.getBucketInfo(OzoneManager.java:2779) ~[ozone-manager-1.3.0-SNAPSHOT.jar:?]
	at org.apache.hadoop.ozone.protocolPB.OzoneManagerRequestHandler.infoBucket(OzoneManagerRequestHandler.java:471) ~[ozone-manager-1.3.0-SNAPSHOT.jar:?]
	at org.apache.hadoop.ozone.protocolPB.OzoneManagerRequestHandler.handleReadRequest(OzoneManagerRequestHandler.java:174) ~[ozone-manager-1.3.0-SNAPSHOT.jar:?]
	at org.apache.hadoop.ozone.protocolPB.OzoneManagerProtocolServerSideTranslatorPB.submitRequestDirectlyToOM(OzoneManagerProtocolServerSideTranslatorPB.java:276) ~[ozone-manager-1.3.0-SNAPSHOT.jar:?]
	at org.apache.hadoop.ozone.protocolPB.OzoneManagerProtocolServerSideTranslatorPB.processRequest(OzoneManagerProtocolServerSideTranslatorPB.java:205) ~[ozone-manager-1.3.0-SNAPSHOT.jar:?]
	at org.apache.hadoop.hdds.server.OzoneProtocolMessageDispatcher.processRequest(OzoneProtocolMessageDispatcher.java:87) [hdds-server-framework-1.3.0-SNAPSHOT.jar:?]
	at org.apache.hadoop.ozone.protocolPB.OzoneManagerProtocolServerSideTranslatorPB.submitRequest(OzoneManagerProtocolServerSideTranslatorPB.java:147) [ozone-manager-1.3.0-SNAPSHOT.jar:?]
	at org.apache.hadoop.ozone.protocol.proto.OzoneManagerProtocolProtos$OzoneManagerService$2.callBlockingMethod(OzoneManagerProtocolProtos.java) [ozone-interface-client-1.3.0-SNAPSHOT.jar:?]
	at org.apache.hadoop.ipc.ProtobufRpcEngine$Server.processCall(ProtobufRpcEngine.java:466) [hadoop-common-3.3.1.jar:?]
	at org.apache.hadoop.ipc.ProtobufRpcEngine2$Server$ProtoBufRpcInvoker.call(ProtobufRpcEngine2.java:574) [hadoop-common-3.3.1.jar:?]
	at org.apache.hadoop.ipc.ProtobufRpcEngine2$Server$ProtoBufRpcInvoker.call(ProtobufRpcEngine2.java:552) [hadoop-common-3.3.1.jar:?]
	at org.apache.hadoop.ipc.RPC$Server.call(RPC.java:1093) [hadoop-common-3.3.1.jar:?]
	at org.apache.hadoop.ipc.Server$RpcCall.run(Server.java:1035) [hadoop-common-3.3.1.jar:?]
	at org.apache.hadoop.ipc.Server$RpcCall.run(Server.java:963) [hadoop-common-3.3.1.jar:?]
	at java.security.AccessController.doPrivileged(Native Method) ~[?:1.8.0_332]
	at javax.security.auth.Subject.doAs(Subject.java:422) [?:1.8.0_332]
	at org.apache.hadoop.security.UserGroupInformation.doAs(UserGroupInformation.java:1878) [hadoop-common-3.3.1.jar:?]
	at org.apache.hadoop.ipc.Server$Handler.run(Server.java:2966) [hadoop-common-3.3.1.jar:?]
13:51:30.114 [IPC Server handler 6 on default port 45285] ERROR OMAudit - user=runner | ip=127.0.0.1 | op=READ_BUCKET {volume=tmp, bucket=4bad0b8dd3074cd43f641c2ac22a3571} | ret=FAILURE
org.apache.hadoop.ozone.om.exceptions.OMException: Bucket not found
	at org.apache.hadoop.ozone.om.BucketManagerImpl.getBucketInfo(BucketManagerImpl.java:131) ~[ozone-manager-1.3.0-SNAPSHOT.jar:?]
	at org.apache.hadoop.ozone.om.OzoneManager.getBucketInfo(OzoneManager.java:2779) ~[ozone-manager-1.3.0-SNAPSHOT.jar:?]
	at org.apache.hadoop.ozone.protocolPB.OzoneManagerRequestHandler.infoBucket(OzoneManagerRequestHandler.java:471) ~[ozone-manager-1.3.0-SNAPSHOT.jar:?]
	at org.apache.hadoop.ozone.protocolPB.OzoneManagerRequestHandler.handleReadRequest(OzoneManagerRequestHandler.java:174) ~[ozone-manager-1.3.0-SNAPSHOT.jar:?]
	at org.apache.hadoop.ozone.protocolPB.OzoneManagerProtocolServerSideTranslatorPB.submitRequestDirectlyToOM(OzoneManagerProtocolServerSideTranslatorPB.java:276) ~[ozone-manager-1.3.0-SNAPSHOT.jar:?]
	at org.apache.hadoop.ozone.protocolPB.OzoneManagerProtocolServerSideTranslatorPB.processRequest(OzoneManagerProtocolServerSideTranslatorPB.java:205) ~[ozone-manager-1.3.0-SNAPSHOT.jar:?]
	at org.apache.hadoop.hdds.server.OzoneProtocolMessageDispatcher.processRequest(OzoneProtocolMessageDispatcher.java:87) [hdds-server-framework-1.3.0-SNAPSHOT.jar:?]
	at org.apache.hadoop.ozone.protocolPB.OzoneManagerProtocolServerSideTranslatorPB.submitRequest(OzoneManagerProtocolServerSideTranslatorPB.java:147) [ozone-manager-1.3.0-SNAPSHOT.jar:?]
	at org.apache.hadoop.ozone.protocol.proto.OzoneManagerProtocolProtos$OzoneManagerService$2.callBlockingMethod(OzoneManagerProtocolProtos.java) [ozone-interface-client-1.3.0-SNAPSHOT.jar:?]
	at org.apache.hadoop.ipc.ProtobufRpcEngine$Server.processCall(ProtobufRpcEngine.java:466) [hadoop-common-3.3.1.jar:?]
	at org.apache.hadoop.ipc.ProtobufRpcEngine2$Server$ProtoBufRpcInvoker.call(ProtobufRpcEngine2.java:574) [hadoop-common-3.3.1.jar:?]
	at org.apache.hadoop.ipc.ProtobufRpcEngine2$Server$ProtoBufRpcInvoker.call(ProtobufRpcEngine2.java:552) [hadoop-common-3.3.1.jar:?]
	at org.apache.hadoop.ipc.RPC$Server.call(RPC.java:1093) [hadoop-common-3.3.1.jar:?]
	at org.apache.hadoop.ipc.Server$RpcCall.run(Server.java:1035) [hadoop-common-3.3.1.jar:?]
	at org.apache.hadoop.ipc.Server$RpcCall.run(Server.java:963) [hadoop-common-3.3.1.jar:?]
	at java.security.AccessController.doPrivileged(Native Method) ~[?:1.8.0_332]
	at javax.security.auth.Subject.doAs(Subject.java:422) [?:1.8.0_332]
	at org.apache.hadoop.security.UserGroupInformation.doAs(UserGroupInformation.java:1878) [hadoop-common-3.3.1.jar:?]
	at org.apache.hadoop.ipc.Server$Handler.run(Server.java:2966) [hadoop-common-3.3.1.jar:?]
2022-07-27 13:51:30,115 [Time-limited test] INFO  rpc.RpcClient (RpcClient.java:createBucket(670)) - Creating Bucket: tmp/4bad0b8dd3074cd43f641c2ac22a3571, with bucket layout LEGACY, runner as owner, Versioning false, Storage Type set to DISK and Encryption set to false 
2022-07-27 13:51:30,115 [IPC Server handler 8 on default port 45285] INFO  bucket.OMBucketCreateRequest (OMBucketCreateRequest.java:validateAndUpdateCache(260)) - created bucket: 4bad0b8dd3074cd43f641c2ac22a3571 of layout LEGACY in volume: tmp
]]></system-out>
  </testcase>
  <testcase name="testTempMount" classname="TestRootedOzoneFileSystem" time="0.299">
    <system-out><![CDATA[2022-07-27 13:52:46,674 [Time-limited test] INFO  rpc.RpcClient (RpcClient.java:createVolume(467)) - Creating Volume: volume21456, with user99944 as owner and space quota set to -1 bytes, counts quota set to -1
2022-07-27 13:52:46,676 [OM StateMachine ApplyTransaction Thread - 0] INFO  volume.OMVolumeCreateRequest (OMVolumeCreateRequest.java:validateAndUpdateCache(195)) - created volume:volume21456 for user:user99944
2022-07-27 13:52:46,676 [Time-limited test] INFO  rpc.RpcClient (RpcClient.java:createBucket(670)) - Creating Bucket: volume21456/bucket80972, with bucket layout LEGACY, runner as owner, Versioning false, Storage Type set to DISK and Encryption set to false 
2022-07-27 13:52:46,678 [OM StateMachine ApplyTransaction Thread - 0] INFO  bucket.OMBucketCreateRequest (OMBucketCreateRequest.java:validateAndUpdateCache(260)) - created bucket: bucket80972 of layout LEGACY in volume: volume21456
2022-07-27 13:52:46,683 [Time-limited test] INFO  rpc.RpcClient (RpcClient.java:createVolume(467)) - Creating Volume: tmp, with runner as owner and space quota set to 9223372036854775807 bytes, counts quota set to 1000
2022-07-27 13:52:46,685 [OM StateMachine ApplyTransaction Thread - 0] INFO  volume.OMVolumeCreateRequest (OMVolumeCreateRequest.java:validateAndUpdateCache(195)) - created volume:tmp for user:runner
13:52:46.686 [IPC Server handler 0 on default port 34829] ERROR OMAudit - user=runner | ip=127.0.0.1 | op=READ_BUCKET {volume=tmp, bucket=4bad0b8dd3074cd43f641c2ac22a3571} | ret=FAILURE
org.apache.hadoop.ozone.om.exceptions.OMException: Bucket not found
	at org.apache.hadoop.ozone.om.BucketManagerImpl.getBucketInfo(BucketManagerImpl.java:131) ~[ozone-manager-1.3.0-SNAPSHOT.jar:?]
	at org.apache.hadoop.ozone.om.OzoneManager.getBucketInfo(OzoneManager.java:2779) ~[ozone-manager-1.3.0-SNAPSHOT.jar:?]
	at org.apache.hadoop.ozone.protocolPB.OzoneManagerRequestHandler.infoBucket(OzoneManagerRequestHandler.java:471) ~[ozone-manager-1.3.0-SNAPSHOT.jar:?]
	at org.apache.hadoop.ozone.protocolPB.OzoneManagerRequestHandler.handleReadRequest(OzoneManagerRequestHandler.java:174) ~[ozone-manager-1.3.0-SNAPSHOT.jar:?]
	at org.apache.hadoop.ozone.protocolPB.OzoneManagerProtocolServerSideTranslatorPB.submitReadRequestToOM(OzoneManagerProtocolServerSideTranslatorPB.java:226) ~[ozone-manager-1.3.0-SNAPSHOT.jar:?]
	at org.apache.hadoop.ozone.protocolPB.OzoneManagerProtocolServerSideTranslatorPB.processRequest(OzoneManagerProtocolServerSideTranslatorPB.java:175) ~[ozone-manager-1.3.0-SNAPSHOT.jar:?]
	at org.apache.hadoop.hdds.server.OzoneProtocolMessageDispatcher.processRequest(OzoneProtocolMessageDispatcher.java:87) [hdds-server-framework-1.3.0-SNAPSHOT.jar:?]
	at org.apache.hadoop.ozone.protocolPB.OzoneManagerProtocolServerSideTranslatorPB.submitRequest(OzoneManagerProtocolServerSideTranslatorPB.java:147) [ozone-manager-1.3.0-SNAPSHOT.jar:?]
	at org.apache.hadoop.ozone.protocol.proto.OzoneManagerProtocolProtos$OzoneManagerService$2.callBlockingMethod(OzoneManagerProtocolProtos.java) [ozone-interface-client-1.3.0-SNAPSHOT.jar:?]
	at org.apache.hadoop.ipc.ProtobufRpcEngine$Server.processCall(ProtobufRpcEngine.java:466) [hadoop-common-3.3.1.jar:?]
	at org.apache.hadoop.ipc.ProtobufRpcEngine2$Server$ProtoBufRpcInvoker.call(ProtobufRpcEngine2.java:574) [hadoop-common-3.3.1.jar:?]
	at org.apache.hadoop.ipc.ProtobufRpcEngine2$Server$ProtoBufRpcInvoker.call(ProtobufRpcEngine2.java:552) [hadoop-common-3.3.1.jar:?]
	at org.apache.hadoop.ipc.RPC$Server.call(RPC.java:1093) [hadoop-common-3.3.1.jar:?]
	at org.apache.hadoop.ipc.Server$RpcCall.run(Server.java:1035) [hadoop-common-3.3.1.jar:?]
	at org.apache.hadoop.ipc.Server$RpcCall.run(Server.java:963) [hadoop-common-3.3.1.jar:?]
	at java.security.AccessController.doPrivileged(Native Method) ~[?:1.8.0_332]
	at javax.security.auth.Subject.doAs(Subject.java:422) [?:1.8.0_332]
	at org.apache.hadoop.security.UserGroupInformation.doAs(UserGroupInformation.java:1878) [hadoop-common-3.3.1.jar:?]
	at org.apache.hadoop.ipc.Server$Handler.run(Server.java:2966) [hadoop-common-3.3.1.jar:?]
13:52:46.687 [IPC Server handler 19 on default port 34829] ERROR OMAudit - user=runner | ip=127.0.0.1 | op=READ_BUCKET {volume=tmp, bucket=4bad0b8dd3074cd43f641c2ac22a3571} | ret=FAILURE
org.apache.hadoop.ozone.om.exceptions.OMException: Bucket not found
	at org.apache.hadoop.ozone.om.BucketManagerImpl.getBucketInfo(BucketManagerImpl.java:131) ~[ozone-manager-1.3.0-SNAPSHOT.jar:?]
	at org.apache.hadoop.ozone.om.OzoneManager.getBucketInfo(OzoneManager.java:2779) ~[ozone-manager-1.3.0-SNAPSHOT.jar:?]
	at org.apache.hadoop.ozone.protocolPB.OzoneManagerRequestHandler.infoBucket(OzoneManagerRequestHandler.java:471) ~[ozone-manager-1.3.0-SNAPSHOT.jar:?]
	at org.apache.hadoop.ozone.protocolPB.OzoneManagerRequestHandler.handleReadRequest(OzoneManagerRequestHandler.java:174) ~[ozone-manager-1.3.0-SNAPSHOT.jar:?]
	at org.apache.hadoop.ozone.protocolPB.OzoneManagerProtocolServerSideTranslatorPB.submitReadRequestToOM(OzoneManagerProtocolServerSideTranslatorPB.java:226) ~[ozone-manager-1.3.0-SNAPSHOT.jar:?]
	at org.apache.hadoop.ozone.protocolPB.OzoneManagerProtocolServerSideTranslatorPB.processRequest(OzoneManagerProtocolServerSideTranslatorPB.java:175) ~[ozone-manager-1.3.0-SNAPSHOT.jar:?]
	at org.apache.hadoop.hdds.server.OzoneProtocolMessageDispatcher.processRequest(OzoneProtocolMessageDispatcher.java:87) [hdds-server-framework-1.3.0-SNAPSHOT.jar:?]
	at org.apache.hadoop.ozone.protocolPB.OzoneManagerProtocolServerSideTranslatorPB.submitRequest(OzoneManagerProtocolServerSideTranslatorPB.java:147) [ozone-manager-1.3.0-SNAPSHOT.jar:?]
	at org.apache.hadoop.ozone.protocol.proto.OzoneManagerProtocolProtos$OzoneManagerService$2.callBlockingMethod(OzoneManagerProtocolProtos.java) [ozone-interface-client-1.3.0-SNAPSHOT.jar:?]
	at org.apache.hadoop.ipc.ProtobufRpcEngine$Server.processCall(ProtobufRpcEngine.java:466) [hadoop-common-3.3.1.jar:?]
	at org.apache.hadoop.ipc.ProtobufRpcEngine2$Server$ProtoBufRpcInvoker.call(ProtobufRpcEngine2.java:574) [hadoop-common-3.3.1.jar:?]
	at org.apache.hadoop.ipc.ProtobufRpcEngine2$Server$ProtoBufRpcInvoker.call(ProtobufRpcEngine2.java:552) [hadoop-common-3.3.1.jar:?]
	at org.apache.hadoop.ipc.RPC$Server.call(RPC.java:1093) [hadoop-common-3.3.1.jar:?]
	at org.apache.hadoop.ipc.Server$RpcCall.run(Server.java:1035) [hadoop-common-3.3.1.jar:?]
	at org.apache.hadoop.ipc.Server$RpcCall.run(Server.java:963) [hadoop-common-3.3.1.jar:?]
	at java.security.AccessController.doPrivileged(Native Method) ~[?:1.8.0_332]
	at javax.security.auth.Subject.doAs(Subject.java:422) [?:1.8.0_332]
	at org.apache.hadoop.security.UserGroupInformation.doAs(UserGroupInformation.java:1878) [hadoop-common-3.3.1.jar:?]
	at org.apache.hadoop.ipc.Server$Handler.run(Server.java:2966) [hadoop-common-3.3.1.jar:?]
2022-07-27 13:52:46,688 [Time-limited test] INFO  rpc.RpcClient (RpcClient.java:createBucket(670)) - Creating Bucket: tmp/4bad0b8dd3074cd43f641c2ac22a3571, with bucket layout LEGACY, runner as owner, Versioning false, Storage Type set to DISK and Encryption set to false 
2022-07-27 13:52:46,689 [OM StateMachine ApplyTransaction Thread - 0] INFO  bucket.OMBucketCreateRequest (OMBucketCreateRequest.java:validateAndUpdateCache(260)) - created bucket: 4bad0b8dd3074cd43f641c2ac22a3571 of layout LEGACY in volume: tmp
]]></system-out>
  </testcase>
  <testcase name="testTempMount" classname="TestRootedOzoneFileSystem" time="0.657">
    <system-out><![CDATA[2022-07-27 13:54:06,651 [ba0d50a6-d0a1-496f-95e2-eb0b08f08d74@group-AD46D8B09596-FollowerState] INFO  impl.FollowerState (FollowerState.java:run(143)) - ba0d50a6-d0a1-496f-95e2-eb0b08f08d74@group-AD46D8B09596-FollowerState: change to CANDIDATE, lastRpcElapsedTime:5120661276ns, electionTimeout:5113ms
2022-07-27 13:54:06,651 [ba0d50a6-d0a1-496f-95e2-eb0b08f08d74@group-AD46D8B09596-FollowerState] INFO  impl.RoleInfo (RoleInfo.java:shutdownFollowerState(110)) - ba0d50a6-d0a1-496f-95e2-eb0b08f08d74: shutdown ba0d50a6-d0a1-496f-95e2-eb0b08f08d74@group-AD46D8B09596-FollowerState
2022-07-27 13:54:06,651 [ba0d50a6-d0a1-496f-95e2-eb0b08f08d74@group-AD46D8B09596-FollowerState] INFO  server.RaftServer$Division (RaftServerImpl.java:setRole(299)) - ba0d50a6-d0a1-496f-95e2-eb0b08f08d74@group-AD46D8B09596: changes role from  FOLLOWER to CANDIDATE at term 0 for changeToCandidate
2022-07-27 13:54:06,651 [ba0d50a6-d0a1-496f-95e2-eb0b08f08d74@group-AD46D8B09596-FollowerState] INFO  server.RaftServerConfigKeys (ConfUtils.java:logGet(46)) - raft.server.leaderelection.pre-vote = false (custom)
2022-07-27 13:54:06,651 [ba0d50a6-d0a1-496f-95e2-eb0b08f08d74@group-AD46D8B09596-FollowerState] INFO  impl.RoleInfo (RoleInfo.java:updateAndGet(139)) - ba0d50a6-d0a1-496f-95e2-eb0b08f08d74: start ba0d50a6-d0a1-496f-95e2-eb0b08f08d74@group-AD46D8B09596-LeaderElection60
2022-07-27 13:54:06,788 [Time-limited test] INFO  rpc.RpcClient (RpcClient.java:createVolume(467)) - Creating Volume: volume38549, with user80852 as owner and space quota set to -1 bytes, counts quota set to -1
2022-07-27 13:54:06,790 [IPC Server handler 8 on default port 41147] INFO  volume.OMVolumeCreateRequest (OMVolumeCreateRequest.java:validateAndUpdateCache(195)) - created volume:volume38549 for user:user80852
2022-07-27 13:54:06,790 [ba0d50a6-d0a1-496f-95e2-eb0b08f08d74@group-AD46D8B09596-LeaderElection60] INFO  impl.LeaderElection (LeaderElection.java:askForVotes(310)) - ba0d50a6-d0a1-496f-95e2-eb0b08f08d74@group-AD46D8B09596-LeaderElection60 ELECTION round 0: submit vote requests at term 1 for -1: [ba0d50a6-d0a1-496f-95e2-eb0b08f08d74|rpc:10.1.0.21:33003|priority:1], old=null
2022-07-27 13:54:06,790 [ba0d50a6-d0a1-496f-95e2-eb0b08f08d74@group-AD46D8B09596-LeaderElection60] INFO  impl.LeaderElection (LeaderElection.java:askForVotes(312)) - ba0d50a6-d0a1-496f-95e2-eb0b08f08d74@group-AD46D8B09596-LeaderElection60 ELECTION round 0: result PASSED (term=1)
2022-07-27 13:54:06,790 [ba0d50a6-d0a1-496f-95e2-eb0b08f08d74@group-AD46D8B09596-LeaderElection60] INFO  impl.RoleInfo (RoleInfo.java:shutdownLeaderElection(130)) - ba0d50a6-d0a1-496f-95e2-eb0b08f08d74: shutdown ba0d50a6-d0a1-496f-95e2-eb0b08f08d74@group-AD46D8B09596-LeaderElection60
2022-07-27 13:54:06,790 [ba0d50a6-d0a1-496f-95e2-eb0b08f08d74@group-AD46D8B09596-LeaderElection60] INFO  server.RaftServer$Division (RaftServerImpl.java:setRole(299)) - ba0d50a6-d0a1-496f-95e2-eb0b08f08d74@group-AD46D8B09596: changes role from CANDIDATE to LEADER at term 1 for changeToLeader
2022-07-27 13:54:06,790 [ba0d50a6-d0a1-496f-95e2-eb0b08f08d74@group-AD46D8B09596-LeaderElection60] INFO  ratis.XceiverServerRatis (XceiverServerRatis.java:handleLeaderChangedNotification(863)) - Leader change notification received for group: group-AD46D8B09596 with new leaderId: ba0d50a6-d0a1-496f-95e2-eb0b08f08d74
2022-07-27 13:54:06,790 [ba0d50a6-d0a1-496f-95e2-eb0b08f08d74@group-AD46D8B09596-LeaderElection60] INFO  server.RaftServer$Division (ServerState.java:setLeader(287)) - ba0d50a6-d0a1-496f-95e2-eb0b08f08d74@group-AD46D8B09596: change Leader from null to ba0d50a6-d0a1-496f-95e2-eb0b08f08d74 at term 1 for becomeLeader, leader elected after 5273ms
2022-07-27 13:54:06,790 [ba0d50a6-d0a1-496f-95e2-eb0b08f08d74@group-AD46D8B09596-LeaderElection60] INFO  server.RaftServerConfigKeys (ConfUtils.java:logGet(46)) - raft.server.staging.catchup.gap = 1000 (default)
2022-07-27 13:54:06,790 [ba0d50a6-d0a1-496f-95e2-eb0b08f08d74@group-AD46D8B09596-LeaderElection60] INFO  server.RaftServerConfigKeys (ConfUtils.java:logGet(46)) - raft.server.write.element-limit = 1024 (custom)
2022-07-27 13:54:06,790 [ba0d50a6-d0a1-496f-95e2-eb0b08f08d74@group-AD46D8B09596-LeaderElection60] INFO  server.RaftServerConfigKeys (ConfUtils.java:logGet(46)) - raft.server.write.byte-limit = 1024 M (=1073741824) (custom)
2022-07-27 13:54:06,791 [ba0d50a6-d0a1-496f-95e2-eb0b08f08d74@group-AD46D8B09596-LeaderElection60] INFO  server.RaftServerConfigKeys (ConfUtils.java:logGet(46)) - raft.server.watch.timeout = 180s (custom)
2022-07-27 13:54:06,791 [ba0d50a6-d0a1-496f-95e2-eb0b08f08d74@group-AD46D8B09596-LeaderElection60] INFO  server.RaftServerConfigKeys (ConfUtils.java:logGet(46)) - raft.server.watch.timeout.denomination = 1s (default)
2022-07-27 13:54:06,791 [ba0d50a6-d0a1-496f-95e2-eb0b08f08d74@group-AD46D8B09596-LeaderElection60] INFO  server.RaftServerConfigKeys (ConfUtils.java:logGet(46)) - raft.server.watch.element-limit = 65536 (default)
2022-07-27 13:54:06,791 [ba0d50a6-d0a1-496f-95e2-eb0b08f08d74@group-AD46D8B09596-LeaderElection60] INFO  server.RaftServerConfigKeys (ConfUtils.java:logGet(46)) - raft.server.write.element-limit = 1024 (custom)
2022-07-27 13:54:06,791 [ba0d50a6-d0a1-496f-95e2-eb0b08f08d74@group-AD46D8B09596-LeaderElection60] INFO  server.RaftServerConfigKeys (ConfUtils.java:logGet(46)) - raft.server.write.follower.gap.ratio.max = -1.0 (default)
2022-07-27 13:54:06,791 [ba0d50a6-d0a1-496f-95e2-eb0b08f08d74@group-AD46D8B09596-LeaderElection60] INFO  impl.RoleInfo (RoleInfo.java:updateAndGet(139)) - ba0d50a6-d0a1-496f-95e2-eb0b08f08d74: start ba0d50a6-d0a1-496f-95e2-eb0b08f08d74@group-AD46D8B09596-LeaderStateImpl
2022-07-27 13:54:06,791 [ba0d50a6-d0a1-496f-95e2-eb0b08f08d74@group-AD46D8B09596-LeaderElection60] INFO  segmented.SegmentedRaftLogWorker (SegmentedRaftLogWorker.java:startLogSegment(425)) - ba0d50a6-d0a1-496f-95e2-eb0b08f08d74@group-AD46D8B09596-SegmentedRaftLogWorker: Starting segment from index:0
2022-07-27 13:54:06,793 [Time-limited test] INFO  rpc.RpcClient (RpcClient.java:createBucket(670)) - Creating Bucket: volume38549/bucket98437, with bucket layout LEGACY, runner as owner, Versioning false, Storage Type set to DISK and Encryption set to false 
2022-07-27 13:54:06,793 [ba0d50a6-d0a1-496f-95e2-eb0b08f08d74@group-AD46D8B09596-SegmentedRaftLogWorker] INFO  segmented.SegmentedRaftLogWorker (SegmentedRaftLogWorker.java:execute(629)) - ba0d50a6-d0a1-496f-95e2-eb0b08f08d74@group-AD46D8B09596-SegmentedRaftLogWorker: created new log segment /home/runner/work/ozone/ozone/hadoop-ozone/integration-test/target/test-dir/MiniOzoneClusterImpl-17d54aa6-bde1-4bf1-a713-29851100816b/datanode-3/data/ratis/eadd8cac-5d80-401d-a2d4-ad46d8b09596/current/log_inprogress_0
2022-07-27 13:54:06,794 [IPC Server handler 6 on default port 41147] INFO  bucket.OMBucketCreateRequest (OMBucketCreateRequest.java:validateAndUpdateCache(260)) - created bucket: bucket98437 of layout LEGACY in volume: volume38549
2022-07-27 13:54:06,795 [Time-limited test] INFO  rpc.RpcClient (RpcClient.java:createVolume(467)) - Creating Volume: tmp, with runner as owner and space quota set to 9223372036854775807 bytes, counts quota set to 1000
2022-07-27 13:54:06,795 [IPC Server handler 4 on default port 41147] INFO  volume.OMVolumeCreateRequest (OMVolumeCreateRequest.java:validateAndUpdateCache(195)) - created volume:tmp for user:runner
13:54:06.796 [IPC Server handler 2 on default port 41147] ERROR OMAudit - user=runner | ip=127.0.0.1 | op=READ_BUCKET {volume=tmp, bucket=4bad0b8dd3074cd43f641c2ac22a3571} | ret=FAILURE
org.apache.hadoop.ozone.om.exceptions.OMException: Bucket not found
	at org.apache.hadoop.ozone.om.BucketManagerImpl.getBucketInfo(BucketManagerImpl.java:131) ~[ozone-manager-1.3.0-SNAPSHOT.jar:?]
	at org.apache.hadoop.ozone.om.OzoneManager.getBucketInfo(OzoneManager.java:2779) ~[ozone-manager-1.3.0-SNAPSHOT.jar:?]
	at org.apache.hadoop.ozone.protocolPB.OzoneManagerRequestHandler.infoBucket(OzoneManagerRequestHandler.java:471) ~[ozone-manager-1.3.0-SNAPSHOT.jar:?]
	at org.apache.hadoop.ozone.protocolPB.OzoneManagerRequestHandler.handleReadRequest(OzoneManagerRequestHandler.java:174) ~[ozone-manager-1.3.0-SNAPSHOT.jar:?]
	at org.apache.hadoop.ozone.protocolPB.OzoneManagerProtocolServerSideTranslatorPB.submitRequestDirectlyToOM(OzoneManagerProtocolServerSideTranslatorPB.java:276) ~[ozone-manager-1.3.0-SNAPSHOT.jar:?]
	at org.apache.hadoop.ozone.protocolPB.OzoneManagerProtocolServerSideTranslatorPB.processRequest(OzoneManagerProtocolServerSideTranslatorPB.java:205) ~[ozone-manager-1.3.0-SNAPSHOT.jar:?]
	at org.apache.hadoop.hdds.server.OzoneProtocolMessageDispatcher.processRequest(OzoneProtocolMessageDispatcher.java:87) [hdds-server-framework-1.3.0-SNAPSHOT.jar:?]
	at org.apache.hadoop.ozone.protocolPB.OzoneManagerProtocolServerSideTranslatorPB.submitRequest(OzoneManagerProtocolServerSideTranslatorPB.java:147) [ozone-manager-1.3.0-SNAPSHOT.jar:?]
	at org.apache.hadoop.ozone.protocol.proto.OzoneManagerProtocolProtos$OzoneManagerService$2.callBlockingMethod(OzoneManagerProtocolProtos.java) [ozone-interface-client-1.3.0-SNAPSHOT.jar:?]
	at org.apache.hadoop.ipc.ProtobufRpcEngine$Server.processCall(ProtobufRpcEngine.java:466) [hadoop-common-3.3.1.jar:?]
	at org.apache.hadoop.ipc.ProtobufRpcEngine2$Server$ProtoBufRpcInvoker.call(ProtobufRpcEngine2.java:574) [hadoop-common-3.3.1.jar:?]
	at org.apache.hadoop.ipc.ProtobufRpcEngine2$Server$ProtoBufRpcInvoker.call(ProtobufRpcEngine2.java:552) [hadoop-common-3.3.1.jar:?]
	at org.apache.hadoop.ipc.RPC$Server.call(RPC.java:1093) [hadoop-common-3.3.1.jar:?]
	at org.apache.hadoop.ipc.Server$RpcCall.run(Server.java:1035) [hadoop-common-3.3.1.jar:?]
	at org.apache.hadoop.ipc.Server$RpcCall.run(Server.java:963) [hadoop-common-3.3.1.jar:?]
	at java.security.AccessController.doPrivileged(Native Method) ~[?:1.8.0_332]
	at javax.security.auth.Subject.doAs(Subject.java:422) [?:1.8.0_332]
	at org.apache.hadoop.security.UserGroupInformation.doAs(UserGroupInformation.java:1878) [hadoop-common-3.3.1.jar:?]
	at org.apache.hadoop.ipc.Server$Handler.run(Server.java:2966) [hadoop-common-3.3.1.jar:?]
13:54:06.797 [IPC Server handler 16 on default port 41147] ERROR OMAudit - user=runner | ip=127.0.0.1 | op=READ_BUCKET {volume=tmp, bucket=4bad0b8dd3074cd43f641c2ac22a3571} | ret=FAILURE
org.apache.hadoop.ozone.om.exceptions.OMException: Bucket not found
	at org.apache.hadoop.ozone.om.BucketManagerImpl.getBucketInfo(BucketManagerImpl.java:131) ~[ozone-manager-1.3.0-SNAPSHOT.jar:?]
	at org.apache.hadoop.ozone.om.OzoneManager.getBucketInfo(OzoneManager.java:2779) ~[ozone-manager-1.3.0-SNAPSHOT.jar:?]
	at org.apache.hadoop.ozone.protocolPB.OzoneManagerRequestHandler.infoBucket(OzoneManagerRequestHandler.java:471) ~[ozone-manager-1.3.0-SNAPSHOT.jar:?]
	at org.apache.hadoop.ozone.protocolPB.OzoneManagerRequestHandler.handleReadRequest(OzoneManagerRequestHandler.java:174) ~[ozone-manager-1.3.0-SNAPSHOT.jar:?]
	at org.apache.hadoop.ozone.protocolPB.OzoneManagerProtocolServerSideTranslatorPB.submitRequestDirectlyToOM(OzoneManagerProtocolServerSideTranslatorPB.java:276) ~[ozone-manager-1.3.0-SNAPSHOT.jar:?]
	at org.apache.hadoop.ozone.protocolPB.OzoneManagerProtocolServerSideTranslatorPB.processRequest(OzoneManagerProtocolServerSideTranslatorPB.java:205) ~[ozone-manager-1.3.0-SNAPSHOT.jar:?]
	at org.apache.hadoop.hdds.server.OzoneProtocolMessageDispatcher.processRequest(OzoneProtocolMessageDispatcher.java:87) [hdds-server-framework-1.3.0-SNAPSHOT.jar:?]
	at org.apache.hadoop.ozone.protocolPB.OzoneManagerProtocolServerSideTranslatorPB.submitRequest(OzoneManagerProtocolServerSideTranslatorPB.java:147) [ozone-manager-1.3.0-SNAPSHOT.jar:?]
	at org.apache.hadoop.ozone.protocol.proto.OzoneManagerProtocolProtos$OzoneManagerService$2.callBlockingMethod(OzoneManagerProtocolProtos.java) [ozone-interface-client-1.3.0-SNAPSHOT.jar:?]
	at org.apache.hadoop.ipc.ProtobufRpcEngine$Server.processCall(ProtobufRpcEngine.java:466) [hadoop-common-3.3.1.jar:?]
	at org.apache.hadoop.ipc.ProtobufRpcEngine2$Server$ProtoBufRpcInvoker.call(ProtobufRpcEngine2.java:574) [hadoop-common-3.3.1.jar:?]
	at org.apache.hadoop.ipc.ProtobufRpcEngine2$Server$ProtoBufRpcInvoker.call(ProtobufRpcEngine2.java:552) [hadoop-common-3.3.1.jar:?]
	at org.apache.hadoop.ipc.RPC$Server.call(RPC.java:1093) [hadoop-common-3.3.1.jar:?]
	at org.apache.hadoop.ipc.Server$RpcCall.run(Server.java:1035) [hadoop-common-3.3.1.jar:?]
	at org.apache.hadoop.ipc.Server$RpcCall.run(Server.java:963) [hadoop-common-3.3.1.jar:?]
	at java.security.AccessController.doPrivileged(Native Method) ~[?:1.8.0_332]
	at javax.security.auth.Subject.doAs(Subject.java:422) [?:1.8.0_332]
	at org.apache.hadoop.security.UserGroupInformation.doAs(UserGroupInformation.java:1878) [hadoop-common-3.3.1.jar:?]
	at org.apache.hadoop.ipc.Server$Handler.run(Server.java:2966) [hadoop-common-3.3.1.jar:?]
2022-07-27 13:54:06,797 [Time-limited test] INFO  rpc.RpcClient (RpcClient.java:createBucket(670)) - Creating Bucket: tmp/4bad0b8dd3074cd43f641c2ac22a3571, with bucket layout LEGACY, runner as owner, Versioning false, Storage Type set to DISK and Encryption set to false 
2022-07-27 13:54:06,798 [IPC Server handler 14 on default port 41147] INFO  bucket.OMBucketCreateRequest (OMBucketCreateRequest.java:validateAndUpdateCache(260)) - created bucket: 4bad0b8dd3074cd43f641c2ac22a3571 of layout LEGACY in volume: tmp
2022-07-27 13:54:06,839 [ba0d50a6-d0a1-496f-95e2-eb0b08f08d74@group-AD46D8B09596-LeaderElection60] INFO  server.RaftServer$Division (ServerState.java:setRaftConf(393)) - ba0d50a6-d0a1-496f-95e2-eb0b08f08d74@group-AD46D8B09596: set configuration 0: [ba0d50a6-d0a1-496f-95e2-eb0b08f08d74|rpc:10.1.0.21:33003|dataStream:|priority:1], old=null
]]></system-out>
  </testcase>
  <testcase name="testListStatusRootAndVolumeNonRecursive" classname="TestRootedOzoneFileSystem" time="0.348">
    <system-out><![CDATA[2022-07-27 13:49:17,377 [Time-limited test] INFO  rpc.RpcClient (RpcClient.java:createVolume(467)) - Creating Volume: volume06810, with user96840 as owner and space quota set to -1 bytes, counts quota set to -1
2022-07-27 13:49:17,381 [OM StateMachine ApplyTransaction Thread - 0] INFO  volume.OMVolumeCreateRequest (OMVolumeCreateRequest.java:validateAndUpdateCache(195)) - created volume:volume06810 for user:user96840
2022-07-27 13:49:17,384 [Time-limited test] INFO  rpc.RpcClient (RpcClient.java:createBucket(670)) - Creating Bucket: volume06810/bucket54785, with bucket layout LEGACY, runner as owner, Versioning false, Storage Type set to DISK and Encryption set to false 
2022-07-27 13:49:17,386 [OM StateMachine ApplyTransaction Thread - 0] INFO  bucket.OMBucketCreateRequest (OMBucketCreateRequest.java:validateAndUpdateCache(260)) - created bucket: bucket54785 of layout LEGACY in volume: volume06810
2022-07-27 13:49:17,390 [Time-limited test] INFO  rpc.RpcClient (RpcClient.java:createVolume(467)) - Creating Volume: volume-92905, with runner as owner and space quota set to -1 bytes, counts quota set to -1
2022-07-27 13:49:17,395 [OM StateMachine ApplyTransaction Thread - 0] INFO  volume.OMVolumeCreateRequest (OMVolumeCreateRequest.java:validateAndUpdateCache(195)) - created volume:volume-92905 for user:runner
2022-07-27 13:49:17,397 [Time-limited test] INFO  rpc.RpcClient (RpcClient.java:createBucket(670)) - Creating Bucket: volume-92905/bucket-17992, with bucket layout LEGACY, runner as owner, Versioning false, Storage Type set to DISK and Encryption set to false 
2022-07-27 13:49:17,399 [OM StateMachine ApplyTransaction Thread - 0] INFO  bucket.OMBucketCreateRequest (OMBucketCreateRequest.java:validateAndUpdateCache(260)) - created bucket: bucket-17992 of layout LEGACY in volume: volume-92905
2022-07-27 13:49:17,492 [Time-limited test] INFO  rpc.RpcClient (RpcClient.java:createVolume(467)) - Creating Volume: volume-72230, with runner as owner and space quota set to -1 bytes, counts quota set to -1
2022-07-27 13:49:17,495 [OM StateMachine ApplyTransaction Thread - 0] INFO  volume.OMVolumeCreateRequest (OMVolumeCreateRequest.java:validateAndUpdateCache(195)) - created volume:volume-72230 for user:runner
2022-07-27 13:49:17,497 [Time-limited test] INFO  rpc.RpcClient (RpcClient.java:createBucket(670)) - Creating Bucket: volume-72230/bucket-12498, with bucket layout LEGACY, runner as owner, Versioning false, Storage Type set to DISK and Encryption set to false 
2022-07-27 13:49:17,499 [OM StateMachine ApplyTransaction Thread - 0] INFO  bucket.OMBucketCreateRequest (OMBucketCreateRequest.java:validateAndUpdateCache(260)) - created bucket: bucket-12498 of layout LEGACY in volume: volume-72230
]]></system-out>
  </testcase>
  <testcase name="testListStatusRootAndVolumeNonRecursive" classname="TestRootedOzoneFileSystem" time="0.495">
    <system-out><![CDATA[2022-07-27 13:50:21,884 [Time-limited test] INFO  rpc.RpcClient (RpcClient.java:createVolume(467)) - Creating Volume: volume78289, with user07701 as owner and space quota set to -1 bytes, counts quota set to -1
2022-07-27 13:50:21,886 [OM StateMachine ApplyTransaction Thread - 0] INFO  volume.OMVolumeCreateRequest (OMVolumeCreateRequest.java:validateAndUpdateCache(195)) - created volume:volume78289 for user:user07701
2022-07-27 13:50:21,890 [Time-limited test] INFO  rpc.RpcClient (RpcClient.java:createBucket(670)) - Creating Bucket: volume78289/bucket79941, with bucket layout LEGACY, runner as owner, Versioning false, Storage Type set to DISK and Encryption set to false 
2022-07-27 13:50:21,891 [OM StateMachine ApplyTransaction Thread - 0] INFO  bucket.OMBucketCreateRequest (OMBucketCreateRequest.java:validateAndUpdateCache(260)) - created bucket: bucket79941 of layout LEGACY in volume: volume78289
13:50:21.894 [IPC Server handler 9 on default port 46277] ERROR OMAudit - user=runner | ip=127.0.0.1 | op=READ_BUCKET {volume=volume-96615, bucket=bucket-29826} | ret=FAILURE
org.apache.hadoop.ozone.om.exceptions.OMException: Volume not found when getting bucket info
	at org.apache.hadoop.ozone.om.BucketManagerImpl.getBucketInfo(BucketManagerImpl.java:127) ~[ozone-manager-1.3.0-SNAPSHOT.jar:?]
	at org.apache.hadoop.ozone.om.OzoneManager.getBucketInfo(OzoneManager.java:2779) ~[ozone-manager-1.3.0-SNAPSHOT.jar:?]
	at org.apache.hadoop.ozone.protocolPB.OzoneManagerRequestHandler.infoBucket(OzoneManagerRequestHandler.java:471) ~[ozone-manager-1.3.0-SNAPSHOT.jar:?]
	at org.apache.hadoop.ozone.protocolPB.OzoneManagerRequestHandler.handleReadRequest(OzoneManagerRequestHandler.java:174) ~[ozone-manager-1.3.0-SNAPSHOT.jar:?]
	at org.apache.hadoop.ozone.protocolPB.OzoneManagerProtocolServerSideTranslatorPB.submitReadRequestToOM(OzoneManagerProtocolServerSideTranslatorPB.java:226) ~[ozone-manager-1.3.0-SNAPSHOT.jar:?]
	at org.apache.hadoop.ozone.protocolPB.OzoneManagerProtocolServerSideTranslatorPB.processRequest(OzoneManagerProtocolServerSideTranslatorPB.java:175) ~[ozone-manager-1.3.0-SNAPSHOT.jar:?]
	at org.apache.hadoop.hdds.server.OzoneProtocolMessageDispatcher.processRequest(OzoneProtocolMessageDispatcher.java:87) [hdds-server-framework-1.3.0-SNAPSHOT.jar:?]
	at org.apache.hadoop.ozone.protocolPB.OzoneManagerProtocolServerSideTranslatorPB.submitRequest(OzoneManagerProtocolServerSideTranslatorPB.java:147) [ozone-manager-1.3.0-SNAPSHOT.jar:?]
	at org.apache.hadoop.ozone.protocol.proto.OzoneManagerProtocolProtos$OzoneManagerService$2.callBlockingMethod(OzoneManagerProtocolProtos.java) [ozone-interface-client-1.3.0-SNAPSHOT.jar:?]
	at org.apache.hadoop.ipc.ProtobufRpcEngine$Server.processCall(ProtobufRpcEngine.java:466) [hadoop-common-3.3.1.jar:?]
	at org.apache.hadoop.ipc.ProtobufRpcEngine2$Server$ProtoBufRpcInvoker.call(ProtobufRpcEngine2.java:574) [hadoop-common-3.3.1.jar:?]
	at org.apache.hadoop.ipc.ProtobufRpcEngine2$Server$ProtoBufRpcInvoker.call(ProtobufRpcEngine2.java:552) [hadoop-common-3.3.1.jar:?]
	at org.apache.hadoop.ipc.RPC$Server.call(RPC.java:1093) [hadoop-common-3.3.1.jar:?]
	at org.apache.hadoop.ipc.Server$RpcCall.run(Server.java:1035) [hadoop-common-3.3.1.jar:?]
	at org.apache.hadoop.ipc.Server$RpcCall.run(Server.java:963) [hadoop-common-3.3.1.jar:?]
	at java.security.AccessController.doPrivileged(Native Method) ~[?:1.8.0_332]
	at javax.security.auth.Subject.doAs(Subject.java:422) [?:1.8.0_332]
	at org.apache.hadoop.security.UserGroupInformation.doAs(UserGroupInformation.java:1878) [hadoop-common-3.3.1.jar:?]
	at org.apache.hadoop.ipc.Server$Handler.run(Server.java:2966) [hadoop-common-3.3.1.jar:?]
2022-07-27 13:50:21,895 [Time-limited test] INFO  rpc.RpcClient (RpcClient.java:createVolume(467)) - Creating Volume: volume-96615, with runner as owner and space quota set to -1 bytes, counts quota set to -1
2022-07-27 13:50:21,896 [OM StateMachine ApplyTransaction Thread - 0] INFO  volume.OMVolumeCreateRequest (OMVolumeCreateRequest.java:validateAndUpdateCache(195)) - created volume:volume-96615 for user:runner
2022-07-27 13:50:21,896 [Time-limited test] INFO  rpc.RpcClient (RpcClient.java:createBucket(670)) - Creating Bucket: volume-96615/bucket-29826, with bucket layout LEGACY, runner as owner, Versioning false, Storage Type set to DISK and Encryption set to false 
2022-07-27 13:50:21,898 [OM StateMachine ApplyTransaction Thread - 0] INFO  bucket.OMBucketCreateRequest (OMBucketCreateRequest.java:validateAndUpdateCache(260)) - created bucket: bucket-29826 of layout LEGACY in volume: volume-96615
13:50:22.112 [IPC Server handler 3 on default port 46277] ERROR OMAudit - user=runner | ip=127.0.0.1 | op=READ_BUCKET {volume=volume-65001, bucket=bucket-10079} | ret=FAILURE
org.apache.hadoop.ozone.om.exceptions.OMException: Volume not found when getting bucket info
	at org.apache.hadoop.ozone.om.BucketManagerImpl.getBucketInfo(BucketManagerImpl.java:127) ~[ozone-manager-1.3.0-SNAPSHOT.jar:?]
	at org.apache.hadoop.ozone.om.OzoneManager.getBucketInfo(OzoneManager.java:2779) ~[ozone-manager-1.3.0-SNAPSHOT.jar:?]
	at org.apache.hadoop.ozone.protocolPB.OzoneManagerRequestHandler.infoBucket(OzoneManagerRequestHandler.java:471) ~[ozone-manager-1.3.0-SNAPSHOT.jar:?]
	at org.apache.hadoop.ozone.protocolPB.OzoneManagerRequestHandler.handleReadRequest(OzoneManagerRequestHandler.java:174) ~[ozone-manager-1.3.0-SNAPSHOT.jar:?]
	at org.apache.hadoop.ozone.protocolPB.OzoneManagerProtocolServerSideTranslatorPB.submitReadRequestToOM(OzoneManagerProtocolServerSideTranslatorPB.java:226) ~[ozone-manager-1.3.0-SNAPSHOT.jar:?]
	at org.apache.hadoop.ozone.protocolPB.OzoneManagerProtocolServerSideTranslatorPB.processRequest(OzoneManagerProtocolServerSideTranslatorPB.java:175) ~[ozone-manager-1.3.0-SNAPSHOT.jar:?]
	at org.apache.hadoop.hdds.server.OzoneProtocolMessageDispatcher.processRequest(OzoneProtocolMessageDispatcher.java:87) [hdds-server-framework-1.3.0-SNAPSHOT.jar:?]
	at org.apache.hadoop.ozone.protocolPB.OzoneManagerProtocolServerSideTranslatorPB.submitRequest(OzoneManagerProtocolServerSideTranslatorPB.java:147) [ozone-manager-1.3.0-SNAPSHOT.jar:?]
	at org.apache.hadoop.ozone.protocol.proto.OzoneManagerProtocolProtos$OzoneManagerService$2.callBlockingMethod(OzoneManagerProtocolProtos.java) [ozone-interface-client-1.3.0-SNAPSHOT.jar:?]
	at org.apache.hadoop.ipc.ProtobufRpcEngine$Server.processCall(ProtobufRpcEngine.java:466) [hadoop-common-3.3.1.jar:?]
	at org.apache.hadoop.ipc.ProtobufRpcEngine2$Server$ProtoBufRpcInvoker.call(ProtobufRpcEngine2.java:574) [hadoop-common-3.3.1.jar:?]
	at org.apache.hadoop.ipc.ProtobufRpcEngine2$Server$ProtoBufRpcInvoker.call(ProtobufRpcEngine2.java:552) [hadoop-common-3.3.1.jar:?]
	at org.apache.hadoop.ipc.RPC$Server.call(RPC.java:1093) [hadoop-common-3.3.1.jar:?]
	at org.apache.hadoop.ipc.Server$RpcCall.run(Server.java:1035) [hadoop-common-3.3.1.jar:?]
	at org.apache.hadoop.ipc.Server$RpcCall.run(Server.java:963) [hadoop-common-3.3.1.jar:?]
	at java.security.AccessController.doPrivileged(Native Method) ~[?:1.8.0_332]
	at javax.security.auth.Subject.doAs(Subject.java:422) [?:1.8.0_332]
	at org.apache.hadoop.security.UserGroupInformation.doAs(UserGroupInformation.java:1878) [hadoop-common-3.3.1.jar:?]
	at org.apache.hadoop.ipc.Server$Handler.run(Server.java:2966) [hadoop-common-3.3.1.jar:?]
2022-07-27 13:50:22,113 [Time-limited test] INFO  rpc.RpcClient (RpcClient.java:createVolume(467)) - Creating Volume: volume-65001, with runner as owner and space quota set to -1 bytes, counts quota set to -1
2022-07-27 13:50:22,118 [OM StateMachine ApplyTransaction Thread - 0] INFO  volume.OMVolumeCreateRequest (OMVolumeCreateRequest.java:validateAndUpdateCache(195)) - created volume:volume-65001 for user:runner
2022-07-27 13:50:22,119 [Time-limited test] INFO  rpc.RpcClient (RpcClient.java:createBucket(670)) - Creating Bucket: volume-65001/bucket-10079, with bucket layout LEGACY, runner as owner, Versioning false, Storage Type set to DISK and Encryption set to false 
2022-07-27 13:50:22,121 [OM StateMachine ApplyTransaction Thread - 0] INFO  bucket.OMBucketCreateRequest (OMBucketCreateRequest.java:validateAndUpdateCache(260)) - created bucket: bucket-10079 of layout LEGACY in volume: volume-65001
]]></system-out>
  </testcase>
  <testcase name="testListStatusRootAndVolumeNonRecursive" classname="TestRootedOzoneFileSystem" time="0.937">
    <system-out><![CDATA[2022-07-27 13:51:30,528 [366e6065-a50f-499f-97ce-c324ed4f2808@group-0F6684652F28-FollowerState] INFO  impl.FollowerState (FollowerState.java:run(143)) - 366e6065-a50f-499f-97ce-c324ed4f2808@group-0F6684652F28-FollowerState: change to CANDIDATE, lastRpcElapsedTime:5113500485ns, electionTimeout:5082ms
2022-07-27 13:51:30,529 [366e6065-a50f-499f-97ce-c324ed4f2808@group-0F6684652F28-FollowerState] INFO  impl.RoleInfo (RoleInfo.java:shutdownFollowerState(110)) - 366e6065-a50f-499f-97ce-c324ed4f2808: shutdown 366e6065-a50f-499f-97ce-c324ed4f2808@group-0F6684652F28-FollowerState
2022-07-27 13:51:30,529 [366e6065-a50f-499f-97ce-c324ed4f2808@group-0F6684652F28-FollowerState] INFO  server.RaftServer$Division (RaftServerImpl.java:setRole(299)) - 366e6065-a50f-499f-97ce-c324ed4f2808@group-0F6684652F28: changes role from  FOLLOWER to CANDIDATE at term 1 for changeToCandidate
2022-07-27 13:51:30,529 [366e6065-a50f-499f-97ce-c324ed4f2808@group-0F6684652F28-FollowerState] INFO  server.RaftServerConfigKeys (ConfUtils.java:logGet(46)) - raft.server.leaderelection.pre-vote = false (custom)
2022-07-27 13:51:30,529 [366e6065-a50f-499f-97ce-c324ed4f2808@group-0F6684652F28-FollowerState] INFO  impl.RoleInfo (RoleInfo.java:updateAndGet(139)) - 366e6065-a50f-499f-97ce-c324ed4f2808: start 366e6065-a50f-499f-97ce-c324ed4f2808@group-0F6684652F28-LeaderElection31
2022-07-27 13:51:30,556 [366e6065-a50f-499f-97ce-c324ed4f2808@group-0F6684652F28-LeaderElection31] INFO  impl.LeaderElection (LeaderElection.java:askForVotes(310)) - 366e6065-a50f-499f-97ce-c324ed4f2808@group-0F6684652F28-LeaderElection31 ELECTION round 0: submit vote requests at term 2 for -1: [366e6065-a50f-499f-97ce-c324ed4f2808|rpc:10.1.0.21:41283|dataStream:|priority:1, 462f06fe-cae1-4868-8f74-05801ae52ce2|rpc:10.1.0.21:35767|dataStream:|priority:0, 32550fa0-9153-4d09-8fa0-706fd13e6797|rpc:10.1.0.21:42101|dataStream:|priority:0], old=null
2022-07-27 13:51:30,647 [32550fa0-9153-4d09-8fa0-706fd13e6797@group-0F6684652F28-FollowerState] INFO  impl.FollowerState (FollowerState.java:run(143)) - 32550fa0-9153-4d09-8fa0-706fd13e6797@group-0F6684652F28-FollowerState: change to CANDIDATE, lastRpcElapsedTime:5201530770ns, electionTimeout:5153ms
2022-07-27 13:51:30,647 [32550fa0-9153-4d09-8fa0-706fd13e6797@group-0F6684652F28-FollowerState] INFO  impl.RoleInfo (RoleInfo.java:shutdownFollowerState(110)) - 32550fa0-9153-4d09-8fa0-706fd13e6797: shutdown 32550fa0-9153-4d09-8fa0-706fd13e6797@group-0F6684652F28-FollowerState
2022-07-27 13:51:30,648 [32550fa0-9153-4d09-8fa0-706fd13e6797@group-0F6684652F28-FollowerState] INFO  server.RaftServer$Division (RaftServerImpl.java:setRole(299)) - 32550fa0-9153-4d09-8fa0-706fd13e6797@group-0F6684652F28: changes role from  FOLLOWER to CANDIDATE at term 1 for changeToCandidate
2022-07-27 13:51:30,648 [32550fa0-9153-4d09-8fa0-706fd13e6797@group-0F6684652F28-FollowerState] INFO  server.RaftServerConfigKeys (ConfUtils.java:logGet(46)) - raft.server.leaderelection.pre-vote = false (custom)
2022-07-27 13:51:30,648 [32550fa0-9153-4d09-8fa0-706fd13e6797@group-0F6684652F28-FollowerState] INFO  impl.RoleInfo (RoleInfo.java:updateAndGet(139)) - 32550fa0-9153-4d09-8fa0-706fd13e6797: start 32550fa0-9153-4d09-8fa0-706fd13e6797@group-0F6684652F28-LeaderElection32
2022-07-27 13:51:30,653 [grpc-default-executor-2] INFO  server.RaftServer$Division (RaftServerImpl.java:requestVote(1152)) - 462f06fe-cae1-4868-8f74-05801ae52ce2@group-0F6684652F28: receive requestVote(ELECTION, 366e6065-a50f-499f-97ce-c324ed4f2808, group-0F6684652F28, 2, (t:0, i:0))
2022-07-27 13:51:30,672 [grpc-default-executor-2] INFO  impl.VoteContext (VoteContext.java:log(48)) - 462f06fe-cae1-4868-8f74-05801ae52ce2@group-0F6684652F28-FOLLOWER: accept ELECTION from 366e6065-a50f-499f-97ce-c324ed4f2808: our priority 0 <= candidate's priority 1
2022-07-27 13:51:30,672 [grpc-default-executor-2] INFO  server.RaftServer$Division (RaftServerImpl.java:setRole(299)) - 462f06fe-cae1-4868-8f74-05801ae52ce2@group-0F6684652F28: changes role from  FOLLOWER to FOLLOWER at term 2 for candidate:366e6065-a50f-499f-97ce-c324ed4f2808
2022-07-27 13:51:30,672 [grpc-default-executor-2] INFO  impl.RoleInfo (RoleInfo.java:shutdownFollowerState(110)) - 462f06fe-cae1-4868-8f74-05801ae52ce2: shutdown 462f06fe-cae1-4868-8f74-05801ae52ce2@group-0F6684652F28-FollowerState
2022-07-27 13:51:30,672 [grpc-default-executor-2] INFO  impl.RoleInfo (RoleInfo.java:updateAndGet(139)) - 462f06fe-cae1-4868-8f74-05801ae52ce2: start 462f06fe-cae1-4868-8f74-05801ae52ce2@group-0F6684652F28-FollowerState
2022-07-27 13:51:30,653 [grpc-default-executor-1] INFO  server.RaftServer$Division (RaftServerImpl.java:requestVote(1152)) - 32550fa0-9153-4d09-8fa0-706fd13e6797@group-0F6684652F28: receive requestVote(ELECTION, 366e6065-a50f-499f-97ce-c324ed4f2808, group-0F6684652F28, 2, (t:0, i:0))
2022-07-27 13:51:30,673 [grpc-default-executor-1] INFO  impl.VoteContext (VoteContext.java:log(48)) - 32550fa0-9153-4d09-8fa0-706fd13e6797@group-0F6684652F28-CANDIDATE: accept ELECTION from 366e6065-a50f-499f-97ce-c324ed4f2808: our priority 0 <= candidate's priority 1
2022-07-27 13:51:30,673 [grpc-default-executor-1] INFO  server.RaftServer$Division (RaftServerImpl.java:setRole(299)) - 32550fa0-9153-4d09-8fa0-706fd13e6797@group-0F6684652F28: changes role from CANDIDATE to FOLLOWER at term 2 for candidate:366e6065-a50f-499f-97ce-c324ed4f2808
2022-07-27 13:51:30,673 [grpc-default-executor-1] INFO  impl.RoleInfo (RoleInfo.java:shutdownLeaderElection(130)) - 32550fa0-9153-4d09-8fa0-706fd13e6797: shutdown 32550fa0-9153-4d09-8fa0-706fd13e6797@group-0F6684652F28-LeaderElection32
2022-07-27 13:51:30,674 [Time-limited test] INFO  rpc.RpcClient (RpcClient.java:createVolume(467)) - Creating Volume: volume94018, with user22479 as owner and space quota set to -1 bytes, counts quota set to -1
2022-07-27 13:51:30,674 [IPC Server handler 11 on default port 45285] INFO  volume.OMVolumeCreateRequest (OMVolumeCreateRequest.java:validateAndUpdateCache(195)) - created volume:volume94018 for user:user22479
2022-07-27 13:51:30,679 [Time-limited test] INFO  rpc.RpcClient (RpcClient.java:createBucket(670)) - Creating Bucket: volume94018/bucket74631, with bucket layout LEGACY, runner as owner, Versioning false, Storage Type set to DISK and Encryption set to false 
2022-07-27 13:51:30,683 [IPC Server handler 13 on default port 45285] INFO  bucket.OMBucketCreateRequest (OMBucketCreateRequest.java:validateAndUpdateCache(260)) - created bucket: bucket74631 of layout LEGACY in volume: volume94018
13:51:30.696 [IPC Server handler 16 on default port 45285] ERROR OMAudit - user=runner | ip=127.0.0.1 | op=READ_BUCKET {volume=volume-29633, bucket=bucket-59539} | ret=FAILURE
org.apache.hadoop.ozone.om.exceptions.OMException: Volume not found when getting bucket info
	at org.apache.hadoop.ozone.om.BucketManagerImpl.getBucketInfo(BucketManagerImpl.java:127) ~[ozone-manager-1.3.0-SNAPSHOT.jar:?]
	at org.apache.hadoop.ozone.om.OzoneManager.getBucketInfo(OzoneManager.java:2779) ~[ozone-manager-1.3.0-SNAPSHOT.jar:?]
	at org.apache.hadoop.ozone.protocolPB.OzoneManagerRequestHandler.infoBucket(OzoneManagerRequestHandler.java:471) ~[ozone-manager-1.3.0-SNAPSHOT.jar:?]
	at org.apache.hadoop.ozone.protocolPB.OzoneManagerRequestHandler.handleReadRequest(OzoneManagerRequestHandler.java:174) ~[ozone-manager-1.3.0-SNAPSHOT.jar:?]
	at org.apache.hadoop.ozone.protocolPB.OzoneManagerProtocolServerSideTranslatorPB.submitRequestDirectlyToOM(OzoneManagerProtocolServerSideTranslatorPB.java:276) ~[ozone-manager-1.3.0-SNAPSHOT.jar:?]
	at org.apache.hadoop.ozone.protocolPB.OzoneManagerProtocolServerSideTranslatorPB.processRequest(OzoneManagerProtocolServerSideTranslatorPB.java:205) ~[ozone-manager-1.3.0-SNAPSHOT.jar:?]
	at org.apache.hadoop.hdds.server.OzoneProtocolMessageDispatcher.processRequest(OzoneProtocolMessageDispatcher.java:87) [hdds-server-framework-1.3.0-SNAPSHOT.jar:?]
	at org.apache.hadoop.ozone.protocolPB.OzoneManagerProtocolServerSideTranslatorPB.submitRequest(OzoneManagerProtocolServerSideTranslatorPB.java:147) [ozone-manager-1.3.0-SNAPSHOT.jar:?]
	at org.apache.hadoop.ozone.protocol.proto.OzoneManagerProtocolProtos$OzoneManagerService$2.callBlockingMethod(OzoneManagerProtocolProtos.java) [ozone-interface-client-1.3.0-SNAPSHOT.jar:?]
	at org.apache.hadoop.ipc.ProtobufRpcEngine$Server.processCall(ProtobufRpcEngine.java:466) [hadoop-common-3.3.1.jar:?]
	at org.apache.hadoop.ipc.ProtobufRpcEngine2$Server$ProtoBufRpcInvoker.call(ProtobufRpcEngine2.java:574) [hadoop-common-3.3.1.jar:?]
	at org.apache.hadoop.ipc.ProtobufRpcEngine2$Server$ProtoBufRpcInvoker.call(ProtobufRpcEngine2.java:552) [hadoop-common-3.3.1.jar:?]
	at org.apache.hadoop.ipc.RPC$Server.call(RPC.java:1093) [hadoop-common-3.3.1.jar:?]
	at org.apache.hadoop.ipc.Server$RpcCall.run(Server.java:1035) [hadoop-common-3.3.1.jar:?]
	at org.apache.hadoop.ipc.Server$RpcCall.run(Server.java:963) [hadoop-common-3.3.1.jar:?]
	at java.security.AccessController.doPrivileged(Native Method) ~[?:1.8.0_332]
	at javax.security.auth.Subject.doAs(Subject.java:422) [?:1.8.0_332]
	at org.apache.hadoop.security.UserGroupInformation.doAs(UserGroupInformation.java:1878) [hadoop-common-3.3.1.jar:?]
	at org.apache.hadoop.ipc.Server$Handler.run(Server.java:2966) [hadoop-common-3.3.1.jar:?]
2022-07-27 13:51:30,696 [Time-limited test] INFO  rpc.RpcClient (RpcClient.java:createVolume(467)) - Creating Volume: volume-29633, with runner as owner and space quota set to -1 bytes, counts quota set to -1
2022-07-27 13:51:30,697 [IPC Server handler 18 on default port 45285] INFO  volume.OMVolumeCreateRequest (OMVolumeCreateRequest.java:validateAndUpdateCache(195)) - created volume:volume-29633 for user:runner
2022-07-27 13:51:30,698 [Time-limited test] INFO  rpc.RpcClient (RpcClient.java:createBucket(670)) - Creating Bucket: volume-29633/bucket-59539, with bucket layout LEGACY, runner as owner, Versioning false, Storage Type set to DISK and Encryption set to false 
2022-07-27 13:51:30,698 [IPC Server handler 17 on default port 45285] INFO  bucket.OMBucketCreateRequest (OMBucketCreateRequest.java:validateAndUpdateCache(260)) - created bucket: bucket-59539 of layout LEGACY in volume: volume-29633
2022-07-27 13:51:30,706 [32550fa0-9153-4d09-8fa0-706fd13e6797@group-0F6684652F28-LeaderElection32] INFO  impl.LeaderElection (LeaderElection.java:run(231)) - 32550fa0-9153-4d09-8fa0-706fd13e6797@group-0F6684652F28-LeaderElection32: skip running since this is already CLOSING
2022-07-27 13:51:30,708 [grpc-default-executor-1] INFO  impl.RoleInfo (RoleInfo.java:updateAndGet(139)) - 32550fa0-9153-4d09-8fa0-706fd13e6797: start 32550fa0-9153-4d09-8fa0-706fd13e6797@group-0F6684652F28-FollowerState
2022-07-27 13:51:30,712 [grpc-default-executor-1] INFO  server.RaftServer$Division (RaftServerImpl.java:requestVote(1184)) - 32550fa0-9153-4d09-8fa0-706fd13e6797@group-0F6684652F28 replies to ELECTION vote request: 366e6065-a50f-499f-97ce-c324ed4f2808<-32550fa0-9153-4d09-8fa0-706fd13e6797#0:OK-t2. Peer's state: 32550fa0-9153-4d09-8fa0-706fd13e6797@group-0F6684652F28:t2, leader=null, voted=366e6065-a50f-499f-97ce-c324ed4f2808, raftlog=32550fa0-9153-4d09-8fa0-706fd13e6797@group-0F6684652F28-SegmentedRaftLog:OPENED:c-1, conf=-1: [366e6065-a50f-499f-97ce-c324ed4f2808|rpc:10.1.0.21:41283|priority:1, 462f06fe-cae1-4868-8f74-05801ae52ce2|rpc:10.1.0.21:35767|priority:0, 32550fa0-9153-4d09-8fa0-706fd13e6797|rpc:10.1.0.21:42101|priority:0], old=null
2022-07-27 13:51:30,721 [366e6065-a50f-499f-97ce-c324ed4f2808@group-0F6684652F28-LeaderElection31] INFO  impl.LeaderElection (LeaderElection.java:logAndReturn(90)) - 366e6065-a50f-499f-97ce-c324ed4f2808@group-0F6684652F28-LeaderElection31: ELECTION PASSED received 1 response(s) and 0 exception(s):
2022-07-27 13:51:30,721 [366e6065-a50f-499f-97ce-c324ed4f2808@group-0F6684652F28-LeaderElection31] INFO  impl.LeaderElection (LeaderElection.java:logAndReturn(94)) -   Response 0: 366e6065-a50f-499f-97ce-c324ed4f2808<-32550fa0-9153-4d09-8fa0-706fd13e6797#0:OK-t2
2022-07-27 13:51:30,721 [366e6065-a50f-499f-97ce-c324ed4f2808@group-0F6684652F28-LeaderElection31] INFO  impl.LeaderElection (LeaderElection.java:askForVotes(312)) - 366e6065-a50f-499f-97ce-c324ed4f2808@group-0F6684652F28-LeaderElection31 ELECTION round 0: result PASSED
2022-07-27 13:51:30,721 [366e6065-a50f-499f-97ce-c324ed4f2808@group-0F6684652F28-LeaderElection31] INFO  impl.RoleInfo (RoleInfo.java:shutdownLeaderElection(130)) - 366e6065-a50f-499f-97ce-c324ed4f2808: shutdown 366e6065-a50f-499f-97ce-c324ed4f2808@group-0F6684652F28-LeaderElection31
2022-07-27 13:51:30,721 [366e6065-a50f-499f-97ce-c324ed4f2808@group-0F6684652F28-LeaderElection31] INFO  server.RaftServer$Division (RaftServerImpl.java:setRole(299)) - 366e6065-a50f-499f-97ce-c324ed4f2808@group-0F6684652F28: changes role from CANDIDATE to LEADER at term 2 for changeToLeader
2022-07-27 13:51:30,721 [366e6065-a50f-499f-97ce-c324ed4f2808@group-0F6684652F28-LeaderElection31] INFO  ratis.XceiverServerRatis (XceiverServerRatis.java:handleLeaderChangedNotification(863)) - Leader change notification received for group: group-0F6684652F28 with new leaderId: 366e6065-a50f-499f-97ce-c324ed4f2808
2022-07-27 13:51:30,721 [366e6065-a50f-499f-97ce-c324ed4f2808@group-0F6684652F28-LeaderElection31] INFO  server.RaftServer$Division (ServerState.java:setLeader(287)) - 366e6065-a50f-499f-97ce-c324ed4f2808@group-0F6684652F28: change Leader from null to 366e6065-a50f-499f-97ce-c324ed4f2808 at term 2 for becomeLeader, leader elected after 10402ms
2022-07-27 13:51:30,721 [366e6065-a50f-499f-97ce-c324ed4f2808@group-0F6684652F28-LeaderElection31] INFO  server.RaftServerConfigKeys (ConfUtils.java:logGet(46)) - raft.server.staging.catchup.gap = 1000 (default)
2022-07-27 13:51:30,721 [366e6065-a50f-499f-97ce-c324ed4f2808@group-0F6684652F28-LeaderElection31] INFO  server.RaftServerConfigKeys (ConfUtils.java:logGet(46)) - raft.server.write.element-limit = 1024 (custom)
2022-07-27 13:51:30,721 [366e6065-a50f-499f-97ce-c324ed4f2808@group-0F6684652F28-LeaderElection31] INFO  server.RaftServerConfigKeys (ConfUtils.java:logGet(46)) - raft.server.write.byte-limit = 1024 M (=1073741824) (custom)
2022-07-27 13:51:30,722 [366e6065-a50f-499f-97ce-c324ed4f2808@group-0F6684652F28-LeaderElection31] INFO  server.RaftServerConfigKeys (ConfUtils.java:logGet(46)) - raft.server.watch.timeout = 180s (custom)
2022-07-27 13:51:30,722 [366e6065-a50f-499f-97ce-c324ed4f2808@group-0F6684652F28-LeaderElection31] INFO  server.RaftServerConfigKeys (ConfUtils.java:logGet(46)) - raft.server.watch.timeout.denomination = 1s (default)
2022-07-27 13:51:30,722 [366e6065-a50f-499f-97ce-c324ed4f2808@group-0F6684652F28-LeaderElection31] INFO  server.RaftServerConfigKeys (ConfUtils.java:logGet(46)) - raft.server.watch.element-limit = 65536 (default)
2022-07-27 13:51:30,722 [366e6065-a50f-499f-97ce-c324ed4f2808@group-0F6684652F28-LeaderElection31] INFO  server.RaftServerConfigKeys (ConfUtils.java:logGet(46)) - raft.server.write.element-limit = 1024 (custom)
2022-07-27 13:51:30,722 [366e6065-a50f-499f-97ce-c324ed4f2808@group-0F6684652F28-LeaderElection31] INFO  server.RaftServerConfigKeys (ConfUtils.java:logGet(46)) - raft.server.write.follower.gap.ratio.max = -1.0 (default)
2022-07-27 13:51:30,722 [366e6065-a50f-499f-97ce-c324ed4f2808@group-0F6684652F28-LeaderElection31] INFO  server.RaftServerConfigKeys (ConfUtils.java:logGet(46)) - raft.server.log.appender.snapshot.chunk.size.max = 16MB (=16777216) (default)
2022-07-27 13:51:30,722 [366e6065-a50f-499f-97ce-c324ed4f2808@group-0F6684652F28-LeaderElection31] INFO  server.RaftServerConfigKeys (ConfUtils.java:logGet(46)) - raft.server.log.appender.buffer.byte-limit = 33554432 (custom)
2022-07-27 13:51:30,722 [366e6065-a50f-499f-97ce-c324ed4f2808@group-0F6684652F28-LeaderElection31] INFO  server.RaftServerConfigKeys (ConfUtils.java:logGet(46)) - raft.server.log.appender.buffer.element-limit = 1 (custom)
2022-07-27 13:51:30,723 [366e6065-a50f-499f-97ce-c324ed4f2808@group-0F6684652F28-LeaderElection31] INFO  grpc.GrpcConfigKeys (ConfUtils.java:logGet(46)) - raft.grpc.server.leader.outstanding.appends.max = 128 (default)
2022-07-27 13:51:30,723 [366e6065-a50f-499f-97ce-c324ed4f2808@group-0F6684652F28-LeaderElection31] INFO  server.RaftServerConfigKeys (ConfUtils.java:logGet(46)) - raft.server.rpc.request.timeout = 60s (custom)
2022-07-27 13:51:30,723 [366e6065-a50f-499f-97ce-c324ed4f2808@group-0F6684652F28-LeaderElection31] INFO  server.RaftServerConfigKeys (ConfUtils.java:logGet(46)) - raft.server.log.appender.install.snapshot.enabled = false (custom)
2022-07-27 13:51:30,727 [EventQueue-PipelineReportForPipelineReportHandler] INFO  pipeline.PipelineManagerImpl (PipelineManagerImpl.java:openPipeline(367)) - Pipeline Pipeline[ Id: 148f56dc-8dd3-4460-9900-0f6684652f28, Nodes: 32550fa0-9153-4d09-8fa0-706fd13e6797{ip: 10.1.0.21, host: fv-az217-261.5fhmivlnczbevhjmk01nzrxweh.bx.internal.cloudapp.net, ports: [REPLICATION=38815, RATIS=42101, RATIS_ADMIN=42101, RATIS_SERVER=42101, STANDALONE=33017], networkLocation: /default-rack, certSerialId: null, persistedOpState: IN_SERVICE, persistedOpStateExpiryEpochSec: 0}366e6065-a50f-499f-97ce-c324ed4f2808{ip: 10.1.0.21, host: fv-az217-261.5fhmivlnczbevhjmk01nzrxweh.bx.internal.cloudapp.net, ports: [REPLICATION=38153, RATIS=41283, RATIS_ADMIN=41283, RATIS_SERVER=41283, STANDALONE=43931], networkLocation: /default-rack, certSerialId: null, persistedOpState: IN_SERVICE, persistedOpStateExpiryEpochSec: 0}462f06fe-cae1-4868-8f74-05801ae52ce2{ip: 10.1.0.21, host: fv-az217-261.5fhmivlnczbevhjmk01nzrxweh.bx.internal.cloudapp.net, ports: [REPLICATION=42005, RATIS=35767, RATIS_ADMIN=35767, RATIS_SERVER=35767, STANDALONE=43383], networkLocation: /default-rack, certSerialId: null, persistedOpState: IN_SERVICE, persistedOpStateExpiryEpochSec: 0}, ReplicationConfig: RATIS/THREE, State:ALLOCATED, leaderId:366e6065-a50f-499f-97ce-c324ed4f2808, CreationTimestamp2022-07-27T13:51:18.479Z[Etc/UTC]] moved to OPEN state
2022-07-27 13:51:30,727 [grpc-default-executor-2] INFO  server.RaftServer$Division (RaftServerImpl.java:requestVote(1184)) - 462f06fe-cae1-4868-8f74-05801ae52ce2@group-0F6684652F28 replies to ELECTION vote request: 366e6065-a50f-499f-97ce-c324ed4f2808<-462f06fe-cae1-4868-8f74-05801ae52ce2#0:OK-t2. Peer's state: 462f06fe-cae1-4868-8f74-05801ae52ce2@group-0F6684652F28:t2, leader=null, voted=366e6065-a50f-499f-97ce-c324ed4f2808, raftlog=462f06fe-cae1-4868-8f74-05801ae52ce2@group-0F6684652F28-SegmentedRaftLog:OPENED:c-1, conf=-1: [366e6065-a50f-499f-97ce-c324ed4f2808|rpc:10.1.0.21:41283|dataStream:|priority:1, 462f06fe-cae1-4868-8f74-05801ae52ce2|rpc:10.1.0.21:35767|dataStream:|priority:0, 32550fa0-9153-4d09-8fa0-706fd13e6797|rpc:10.1.0.21:42101|dataStream:|priority:0], old=null
2022-07-27 13:51:30,729 [462f06fe-cae1-4868-8f74-05801ae52ce2@group-0F6684652F28-FollowerState] INFO  impl.FollowerState (FollowerState.java:shouldRun(117)) - 462f06fe-cae1-4868-8f74-05801ae52ce2@group-0F6684652F28-FollowerState: Stopping now (isRunning? false, role = FOLLOWER)
2022-07-27 13:51:30,737 [366e6065-a50f-499f-97ce-c324ed4f2808@group-0F6684652F28-LeaderElection31] INFO  server.RaftServerConfigKeys (ConfUtils.java:logGet(46)) - raft.server.log.appender.snapshot.chunk.size.max = 16MB (=16777216) (default)
2022-07-27 13:51:30,737 [366e6065-a50f-499f-97ce-c324ed4f2808@group-0F6684652F28-LeaderElection31] INFO  server.RaftServerConfigKeys (ConfUtils.java:logGet(46)) - raft.server.log.appender.buffer.byte-limit = 33554432 (custom)
2022-07-27 13:51:30,737 [366e6065-a50f-499f-97ce-c324ed4f2808@group-0F6684652F28-LeaderElection31] INFO  server.RaftServerConfigKeys (ConfUtils.java:logGet(46)) - raft.server.log.appender.buffer.element-limit = 1 (custom)
2022-07-27 13:51:30,737 [366e6065-a50f-499f-97ce-c324ed4f2808@group-0F6684652F28-LeaderElection31] INFO  grpc.GrpcConfigKeys (ConfUtils.java:logGet(46)) - raft.grpc.server.leader.outstanding.appends.max = 128 (default)
2022-07-27 13:51:30,737 [366e6065-a50f-499f-97ce-c324ed4f2808@group-0F6684652F28-LeaderElection31] INFO  server.RaftServerConfigKeys (ConfUtils.java:logGet(46)) - raft.server.rpc.request.timeout = 60s (custom)
2022-07-27 13:51:30,737 [366e6065-a50f-499f-97ce-c324ed4f2808@group-0F6684652F28-LeaderElection31] INFO  server.RaftServerConfigKeys (ConfUtils.java:logGet(46)) - raft.server.log.appender.install.snapshot.enabled = false (custom)
2022-07-27 13:51:30,738 [366e6065-a50f-499f-97ce-c324ed4f2808@group-0F6684652F28-LeaderElection31] INFO  impl.RoleInfo (RoleInfo.java:updateAndGet(139)) - 366e6065-a50f-499f-97ce-c324ed4f2808: start 366e6065-a50f-499f-97ce-c324ed4f2808@group-0F6684652F28-LeaderStateImpl
2022-07-27 13:51:30,738 [366e6065-a50f-499f-97ce-c324ed4f2808@group-0F6684652F28-LeaderElection31] INFO  segmented.SegmentedRaftLogWorker (SegmentedRaftLogWorker.java:startLogSegment(425)) - 366e6065-a50f-499f-97ce-c324ed4f2808@group-0F6684652F28-SegmentedRaftLogWorker: Starting segment from index:0
2022-07-27 13:51:30,764 [366e6065-a50f-499f-97ce-c324ed4f2808@group-0F6684652F28-SegmentedRaftLogWorker] INFO  segmented.SegmentedRaftLogWorker (SegmentedRaftLogWorker.java:execute(629)) - 366e6065-a50f-499f-97ce-c324ed4f2808@group-0F6684652F28-SegmentedRaftLogWorker: created new log segment /home/runner/work/ozone/ozone/hadoop-ozone/integration-test/target/test-dir/MiniOzoneClusterImpl-e3e01987-94f8-4a87-8a0d-2583aef5e8b1/datanode-1/data/ratis/148f56dc-8dd3-4460-9900-0f6684652f28/current/log_inprogress_0
2022-07-27 13:51:30,764 [366e6065-a50f-499f-97ce-c324ed4f2808@group-0F6684652F28-LeaderElection31] INFO  server.RaftServer$Division (ServerState.java:setRaftConf(393)) - 366e6065-a50f-499f-97ce-c324ed4f2808@group-0F6684652F28: set configuration 0: [366e6065-a50f-499f-97ce-c324ed4f2808|rpc:10.1.0.21:41283|dataStream:|priority:1, 462f06fe-cae1-4868-8f74-05801ae52ce2|rpc:10.1.0.21:35767|dataStream:|priority:0, 32550fa0-9153-4d09-8fa0-706fd13e6797|rpc:10.1.0.21:42101|dataStream:|priority:0], old=null
2022-07-27 13:51:30,852 [462f06fe-cae1-4868-8f74-05801ae52ce2-server-thread1] INFO  ratis.XceiverServerRatis (XceiverServerRatis.java:handleLeaderChangedNotification(863)) - Leader change notification received for group: group-0F6684652F28 with new leaderId: 366e6065-a50f-499f-97ce-c324ed4f2808
2022-07-27 13:51:30,852 [462f06fe-cae1-4868-8f74-05801ae52ce2-server-thread1] INFO  server.RaftServer$Division (ServerState.java:setLeader(287)) - 462f06fe-cae1-4868-8f74-05801ae52ce2@group-0F6684652F28: change Leader from null to 366e6065-a50f-499f-97ce-c324ed4f2808 at term 2 for appendEntries, leader elected after 10416ms
2022-07-27 13:51:30,922 [462f06fe-cae1-4868-8f74-05801ae52ce2-server-thread2] INFO  server.RaftServer$Division (ServerState.java:setRaftConf(393)) - 462f06fe-cae1-4868-8f74-05801ae52ce2@group-0F6684652F28: set configuration 0: [366e6065-a50f-499f-97ce-c324ed4f2808|rpc:10.1.0.21:41283|dataStream:|priority:1, 462f06fe-cae1-4868-8f74-05801ae52ce2|rpc:10.1.0.21:35767|dataStream:|priority:0, 32550fa0-9153-4d09-8fa0-706fd13e6797|rpc:10.1.0.21:42101|dataStream:|priority:0], old=null
2022-07-27 13:51:30,922 [462f06fe-cae1-4868-8f74-05801ae52ce2-server-thread2] INFO  segmented.SegmentedRaftLogWorker (SegmentedRaftLogWorker.java:startLogSegment(425)) - 462f06fe-cae1-4868-8f74-05801ae52ce2@group-0F6684652F28-SegmentedRaftLogWorker: Starting segment from index:0
2022-07-27 13:51:30,932 [32550fa0-9153-4d09-8fa0-706fd13e6797-server-thread1] INFO  ratis.XceiverServerRatis (XceiverServerRatis.java:handleLeaderChangedNotification(863)) - Leader change notification received for group: group-0F6684652F28 with new leaderId: 366e6065-a50f-499f-97ce-c324ed4f2808
2022-07-27 13:51:30,932 [32550fa0-9153-4d09-8fa0-706fd13e6797-server-thread1] INFO  server.RaftServer$Division (ServerState.java:setLeader(287)) - 32550fa0-9153-4d09-8fa0-706fd13e6797@group-0F6684652F28: change Leader from null to 366e6065-a50f-499f-97ce-c324ed4f2808 at term 2 for appendEntries, leader elected after 10796ms
2022-07-27 13:51:30,947 [32550fa0-9153-4d09-8fa0-706fd13e6797-server-thread1] INFO  server.RaftServer$Division (ServerState.java:setRaftConf(393)) - 32550fa0-9153-4d09-8fa0-706fd13e6797@group-0F6684652F28: set configuration 0: [366e6065-a50f-499f-97ce-c324ed4f2808|rpc:10.1.0.21:41283|dataStream:|priority:1, 462f06fe-cae1-4868-8f74-05801ae52ce2|rpc:10.1.0.21:35767|dataStream:|priority:0, 32550fa0-9153-4d09-8fa0-706fd13e6797|rpc:10.1.0.21:42101|dataStream:|priority:0], old=null
2022-07-27 13:51:30,947 [32550fa0-9153-4d09-8fa0-706fd13e6797-server-thread1] INFO  segmented.SegmentedRaftLogWorker (SegmentedRaftLogWorker.java:startLogSegment(425)) - 32550fa0-9153-4d09-8fa0-706fd13e6797@group-0F6684652F28-SegmentedRaftLogWorker: Starting segment from index:0
2022-07-27 13:51:30,960 [32550fa0-9153-4d09-8fa0-706fd13e6797@group-0F6684652F28-SegmentedRaftLogWorker] INFO  segmented.SegmentedRaftLogWorker (SegmentedRaftLogWorker.java:execute(629)) - 32550fa0-9153-4d09-8fa0-706fd13e6797@group-0F6684652F28-SegmentedRaftLogWorker: created new log segment /home/runner/work/ozone/ozone/hadoop-ozone/integration-test/target/test-dir/MiniOzoneClusterImpl-e3e01987-94f8-4a87-8a0d-2583aef5e8b1/datanode-0/data/ratis/148f56dc-8dd3-4460-9900-0f6684652f28/current/log_inprogress_0
2022-07-27 13:51:31,024 [462f06fe-cae1-4868-8f74-05801ae52ce2@group-0F6684652F28-SegmentedRaftLogWorker] INFO  segmented.SegmentedRaftLogWorker (SegmentedRaftLogWorker.java:execute(629)) - 462f06fe-cae1-4868-8f74-05801ae52ce2@group-0F6684652F28-SegmentedRaftLogWorker: created new log segment /home/runner/work/ozone/ozone/hadoop-ozone/integration-test/target/test-dir/MiniOzoneClusterImpl-e3e01987-94f8-4a87-8a0d-2583aef5e8b1/datanode-2/data/ratis/148f56dc-8dd3-4460-9900-0f6684652f28/current/log_inprogress_0
13:51:31.128 [IPC Server handler 10 on default port 45285] ERROR OMAudit - user=runner | ip=127.0.0.1 | op=READ_BUCKET {volume=volume-11213, bucket=bucket-39436} | ret=FAILURE
org.apache.hadoop.ozone.om.exceptions.OMException: Volume not found when getting bucket info
	at org.apache.hadoop.ozone.om.BucketManagerImpl.getBucketInfo(BucketManagerImpl.java:127) ~[ozone-manager-1.3.0-SNAPSHOT.jar:?]
	at org.apache.hadoop.ozone.om.OzoneManager.getBucketInfo(OzoneManager.java:2779) ~[ozone-manager-1.3.0-SNAPSHOT.jar:?]
	at org.apache.hadoop.ozone.protocolPB.OzoneManagerRequestHandler.infoBucket(OzoneManagerRequestHandler.java:471) ~[ozone-manager-1.3.0-SNAPSHOT.jar:?]
	at org.apache.hadoop.ozone.protocolPB.OzoneManagerRequestHandler.handleReadRequest(OzoneManagerRequestHandler.java:174) ~[ozone-manager-1.3.0-SNAPSHOT.jar:?]
	at org.apache.hadoop.ozone.protocolPB.OzoneManagerProtocolServerSideTranslatorPB.submitRequestDirectlyToOM(OzoneManagerProtocolServerSideTranslatorPB.java:276) ~[ozone-manager-1.3.0-SNAPSHOT.jar:?]
	at org.apache.hadoop.ozone.protocolPB.OzoneManagerProtocolServerSideTranslatorPB.processRequest(OzoneManagerProtocolServerSideTranslatorPB.java:205) ~[ozone-manager-1.3.0-SNAPSHOT.jar:?]
	at org.apache.hadoop.hdds.server.OzoneProtocolMessageDispatcher.processRequest(OzoneProtocolMessageDispatcher.java:87) [hdds-server-framework-1.3.0-SNAPSHOT.jar:?]
	at org.apache.hadoop.ozone.protocolPB.OzoneManagerProtocolServerSideTranslatorPB.submitRequest(OzoneManagerProtocolServerSideTranslatorPB.java:147) [ozone-manager-1.3.0-SNAPSHOT.jar:?]
	at org.apache.hadoop.ozone.protocol.proto.OzoneManagerProtocolProtos$OzoneManagerService$2.callBlockingMethod(OzoneManagerProtocolProtos.java) [ozone-interface-client-1.3.0-SNAPSHOT.jar:?]
	at org.apache.hadoop.ipc.ProtobufRpcEngine$Server.processCall(ProtobufRpcEngine.java:466) [hadoop-common-3.3.1.jar:?]
	at org.apache.hadoop.ipc.ProtobufRpcEngine2$Server$ProtoBufRpcInvoker.call(ProtobufRpcEngine2.java:574) [hadoop-common-3.3.1.jar:?]
	at org.apache.hadoop.ipc.ProtobufRpcEngine2$Server$ProtoBufRpcInvoker.call(ProtobufRpcEngine2.java:552) [hadoop-common-3.3.1.jar:?]
	at org.apache.hadoop.ipc.RPC$Server.call(RPC.java:1093) [hadoop-common-3.3.1.jar:?]
	at org.apache.hadoop.ipc.Server$RpcCall.run(Server.java:1035) [hadoop-common-3.3.1.jar:?]
	at org.apache.hadoop.ipc.Server$RpcCall.run(Server.java:963) [hadoop-common-3.3.1.jar:?]
	at java.security.AccessController.doPrivileged(Native Method) ~[?:1.8.0_332]
	at javax.security.auth.Subject.doAs(Subject.java:422) [?:1.8.0_332]
	at org.apache.hadoop.security.UserGroupInformation.doAs(UserGroupInformation.java:1878) [hadoop-common-3.3.1.jar:?]
	at org.apache.hadoop.ipc.Server$Handler.run(Server.java:2966) [hadoop-common-3.3.1.jar:?]
2022-07-27 13:51:31,128 [Time-limited test] INFO  rpc.RpcClient (RpcClient.java:createVolume(467)) - Creating Volume: volume-11213, with runner as owner and space quota set to -1 bytes, counts quota set to -1
2022-07-27 13:51:31,129 [IPC Server handler 11 on default port 45285] INFO  volume.OMVolumeCreateRequest (OMVolumeCreateRequest.java:validateAndUpdateCache(195)) - created volume:volume-11213 for user:runner
2022-07-27 13:51:31,132 [Time-limited test] INFO  rpc.RpcClient (RpcClient.java:createBucket(670)) - Creating Bucket: volume-11213/bucket-39436, with bucket layout LEGACY, runner as owner, Versioning false, Storage Type set to DISK and Encryption set to false 
2022-07-27 13:51:31,132 [IPC Server handler 13 on default port 45285] INFO  bucket.OMBucketCreateRequest (OMBucketCreateRequest.java:validateAndUpdateCache(260)) - created bucket: bucket-39436 of layout LEGACY in volume: volume-11213
]]></system-out>
  </testcase>
  <testcase name="testListStatusRootAndVolumeNonRecursive" classname="TestRootedOzoneFileSystem" time="0.61">
    <system-out><![CDATA[2022-07-27 13:52:46,996 [Time-limited test] INFO  rpc.RpcClient (RpcClient.java:createVolume(467)) - Creating Volume: volume69893, with user94959 as owner and space quota set to -1 bytes, counts quota set to -1
2022-07-27 13:52:47,000 [OM StateMachine ApplyTransaction Thread - 0] INFO  volume.OMVolumeCreateRequest (OMVolumeCreateRequest.java:validateAndUpdateCache(195)) - created volume:volume69893 for user:user94959
2022-07-27 13:52:47,003 [Time-limited test] INFO  rpc.RpcClient (RpcClient.java:createBucket(670)) - Creating Bucket: volume69893/bucket70475, with bucket layout LEGACY, runner as owner, Versioning false, Storage Type set to DISK and Encryption set to false 
2022-07-27 13:52:47,005 [OM StateMachine ApplyTransaction Thread - 0] INFO  bucket.OMBucketCreateRequest (OMBucketCreateRequest.java:validateAndUpdateCache(260)) - created bucket: bucket70475 of layout LEGACY in volume: volume69893
13:52:47.010 [IPC Server handler 10 on default port 34829] ERROR OMAudit - user=runner | ip=127.0.0.1 | op=READ_BUCKET {volume=volume-31995, bucket=bucket-06178} | ret=FAILURE
org.apache.hadoop.ozone.om.exceptions.OMException: Volume not found when getting bucket info
	at org.apache.hadoop.ozone.om.BucketManagerImpl.getBucketInfo(BucketManagerImpl.java:127) ~[ozone-manager-1.3.0-SNAPSHOT.jar:?]
	at org.apache.hadoop.ozone.om.OzoneManager.getBucketInfo(OzoneManager.java:2779) ~[ozone-manager-1.3.0-SNAPSHOT.jar:?]
	at org.apache.hadoop.ozone.protocolPB.OzoneManagerRequestHandler.infoBucket(OzoneManagerRequestHandler.java:471) ~[ozone-manager-1.3.0-SNAPSHOT.jar:?]
	at org.apache.hadoop.ozone.protocolPB.OzoneManagerRequestHandler.handleReadRequest(OzoneManagerRequestHandler.java:174) ~[ozone-manager-1.3.0-SNAPSHOT.jar:?]
	at org.apache.hadoop.ozone.protocolPB.OzoneManagerProtocolServerSideTranslatorPB.submitReadRequestToOM(OzoneManagerProtocolServerSideTranslatorPB.java:226) ~[ozone-manager-1.3.0-SNAPSHOT.jar:?]
	at org.apache.hadoop.ozone.protocolPB.OzoneManagerProtocolServerSideTranslatorPB.processRequest(OzoneManagerProtocolServerSideTranslatorPB.java:175) ~[ozone-manager-1.3.0-SNAPSHOT.jar:?]
	at org.apache.hadoop.hdds.server.OzoneProtocolMessageDispatcher.processRequest(OzoneProtocolMessageDispatcher.java:87) [hdds-server-framework-1.3.0-SNAPSHOT.jar:?]
	at org.apache.hadoop.ozone.protocolPB.OzoneManagerProtocolServerSideTranslatorPB.submitRequest(OzoneManagerProtocolServerSideTranslatorPB.java:147) [ozone-manager-1.3.0-SNAPSHOT.jar:?]
	at org.apache.hadoop.ozone.protocol.proto.OzoneManagerProtocolProtos$OzoneManagerService$2.callBlockingMethod(OzoneManagerProtocolProtos.java) [ozone-interface-client-1.3.0-SNAPSHOT.jar:?]
	at org.apache.hadoop.ipc.ProtobufRpcEngine$Server.processCall(ProtobufRpcEngine.java:466) [hadoop-common-3.3.1.jar:?]
	at org.apache.hadoop.ipc.ProtobufRpcEngine2$Server$ProtoBufRpcInvoker.call(ProtobufRpcEngine2.java:574) [hadoop-common-3.3.1.jar:?]
	at org.apache.hadoop.ipc.ProtobufRpcEngine2$Server$ProtoBufRpcInvoker.call(ProtobufRpcEngine2.java:552) [hadoop-common-3.3.1.jar:?]
	at org.apache.hadoop.ipc.RPC$Server.call(RPC.java:1093) [hadoop-common-3.3.1.jar:?]
	at org.apache.hadoop.ipc.Server$RpcCall.run(Server.java:1035) [hadoop-common-3.3.1.jar:?]
	at org.apache.hadoop.ipc.Server$RpcCall.run(Server.java:963) [hadoop-common-3.3.1.jar:?]
	at java.security.AccessController.doPrivileged(Native Method) ~[?:1.8.0_332]
	at javax.security.auth.Subject.doAs(Subject.java:422) [?:1.8.0_332]
	at org.apache.hadoop.security.UserGroupInformation.doAs(UserGroupInformation.java:1878) [hadoop-common-3.3.1.jar:?]
	at org.apache.hadoop.ipc.Server$Handler.run(Server.java:2966) [hadoop-common-3.3.1.jar:?]
2022-07-27 13:52:47,010 [Time-limited test] INFO  rpc.RpcClient (RpcClient.java:createVolume(467)) - Creating Volume: volume-31995, with runner as owner and space quota set to -1 bytes, counts quota set to -1
2022-07-27 13:52:47,011 [OM StateMachine ApplyTransaction Thread - 0] INFO  volume.OMVolumeCreateRequest (OMVolumeCreateRequest.java:validateAndUpdateCache(195)) - created volume:volume-31995 for user:runner
2022-07-27 13:52:47,013 [Time-limited test] INFO  rpc.RpcClient (RpcClient.java:createBucket(670)) - Creating Bucket: volume-31995/bucket-06178, with bucket layout LEGACY, runner as owner, Versioning false, Storage Type set to DISK and Encryption set to false 
2022-07-27 13:52:47,014 [OM StateMachine ApplyTransaction Thread - 0] INFO  bucket.OMBucketCreateRequest (OMBucketCreateRequest.java:validateAndUpdateCache(260)) - created bucket: bucket-06178 of layout LEGACY in volume: volume-31995
13:52:47.184 [IPC Server handler 16 on default port 34829] ERROR OMAudit - user=runner | ip=127.0.0.1 | op=READ_BUCKET {volume=volume-99735, bucket=bucket-66354} | ret=FAILURE
org.apache.hadoop.ozone.om.exceptions.OMException: Volume not found when getting bucket info
	at org.apache.hadoop.ozone.om.BucketManagerImpl.getBucketInfo(BucketManagerImpl.java:127) ~[ozone-manager-1.3.0-SNAPSHOT.jar:?]
	at org.apache.hadoop.ozone.om.OzoneManager.getBucketInfo(OzoneManager.java:2779) ~[ozone-manager-1.3.0-SNAPSHOT.jar:?]
	at org.apache.hadoop.ozone.protocolPB.OzoneManagerRequestHandler.infoBucket(OzoneManagerRequestHandler.java:471) ~[ozone-manager-1.3.0-SNAPSHOT.jar:?]
	at org.apache.hadoop.ozone.protocolPB.OzoneManagerRequestHandler.handleReadRequest(OzoneManagerRequestHandler.java:174) ~[ozone-manager-1.3.0-SNAPSHOT.jar:?]
	at org.apache.hadoop.ozone.protocolPB.OzoneManagerProtocolServerSideTranslatorPB.submitReadRequestToOM(OzoneManagerProtocolServerSideTranslatorPB.java:226) ~[ozone-manager-1.3.0-SNAPSHOT.jar:?]
	at org.apache.hadoop.ozone.protocolPB.OzoneManagerProtocolServerSideTranslatorPB.processRequest(OzoneManagerProtocolServerSideTranslatorPB.java:175) ~[ozone-manager-1.3.0-SNAPSHOT.jar:?]
	at org.apache.hadoop.hdds.server.OzoneProtocolMessageDispatcher.processRequest(OzoneProtocolMessageDispatcher.java:87) [hdds-server-framework-1.3.0-SNAPSHOT.jar:?]
	at org.apache.hadoop.ozone.protocolPB.OzoneManagerProtocolServerSideTranslatorPB.submitRequest(OzoneManagerProtocolServerSideTranslatorPB.java:147) [ozone-manager-1.3.0-SNAPSHOT.jar:?]
	at org.apache.hadoop.ozone.protocol.proto.OzoneManagerProtocolProtos$OzoneManagerService$2.callBlockingMethod(OzoneManagerProtocolProtos.java) [ozone-interface-client-1.3.0-SNAPSHOT.jar:?]
	at org.apache.hadoop.ipc.ProtobufRpcEngine$Server.processCall(ProtobufRpcEngine.java:466) [hadoop-common-3.3.1.jar:?]
	at org.apache.hadoop.ipc.ProtobufRpcEngine2$Server$ProtoBufRpcInvoker.call(ProtobufRpcEngine2.java:574) [hadoop-common-3.3.1.jar:?]
	at org.apache.hadoop.ipc.ProtobufRpcEngine2$Server$ProtoBufRpcInvoker.call(ProtobufRpcEngine2.java:552) [hadoop-common-3.3.1.jar:?]
	at org.apache.hadoop.ipc.RPC$Server.call(RPC.java:1093) [hadoop-common-3.3.1.jar:?]
	at org.apache.hadoop.ipc.Server$RpcCall.run(Server.java:1035) [hadoop-common-3.3.1.jar:?]
	at org.apache.hadoop.ipc.Server$RpcCall.run(Server.java:963) [hadoop-common-3.3.1.jar:?]
	at java.security.AccessController.doPrivileged(Native Method) ~[?:1.8.0_332]
	at javax.security.auth.Subject.doAs(Subject.java:422) [?:1.8.0_332]
	at org.apache.hadoop.security.UserGroupInformation.doAs(UserGroupInformation.java:1878) [hadoop-common-3.3.1.jar:?]
	at org.apache.hadoop.ipc.Server$Handler.run(Server.java:2966) [hadoop-common-3.3.1.jar:?]
2022-07-27 13:52:47,184 [Time-limited test] INFO  rpc.RpcClient (RpcClient.java:createVolume(467)) - Creating Volume: volume-99735, with runner as owner and space quota set to -1 bytes, counts quota set to -1
2022-07-27 13:52:47,190 [OM StateMachine ApplyTransaction Thread - 0] INFO  volume.OMVolumeCreateRequest (OMVolumeCreateRequest.java:validateAndUpdateCache(195)) - created volume:volume-99735 for user:runner
2022-07-27 13:52:47,191 [Time-limited test] INFO  rpc.RpcClient (RpcClient.java:createBucket(670)) - Creating Bucket: volume-99735/bucket-66354, with bucket layout LEGACY, runner as owner, Versioning false, Storage Type set to DISK and Encryption set to false 
2022-07-27 13:52:47,193 [OM StateMachine ApplyTransaction Thread - 0] INFO  bucket.OMBucketCreateRequest (OMBucketCreateRequest.java:validateAndUpdateCache(260)) - created bucket: bucket-66354 of layout LEGACY in volume: volume-99735
]]></system-out>
  </testcase>
  <testcase name="testListStatusRootAndVolumeNonRecursive" classname="TestRootedOzoneFileSystem" time="0.511">
    <system-out><![CDATA[2022-07-27 13:54:07,219 [Time-limited test] INFO  rpc.RpcClient (RpcClient.java:createVolume(467)) - Creating Volume: volume68969, with user38634 as owner and space quota set to -1 bytes, counts quota set to -1
2022-07-27 13:54:07,219 [IPC Server handler 0 on default port 41147] INFO  volume.OMVolumeCreateRequest (OMVolumeCreateRequest.java:validateAndUpdateCache(195)) - created volume:volume68969 for user:user38634
2022-07-27 13:54:07,223 [Time-limited test] INFO  rpc.RpcClient (RpcClient.java:createBucket(670)) - Creating Bucket: volume68969/bucket48683, with bucket layout LEGACY, runner as owner, Versioning false, Storage Type set to DISK and Encryption set to false 
2022-07-27 13:54:07,226 [IPC Server handler 17 on default port 41147] INFO  bucket.OMBucketCreateRequest (OMBucketCreateRequest.java:validateAndUpdateCache(260)) - created bucket: bucket48683 of layout LEGACY in volume: volume68969
13:54:07.228 [IPC Server handler 11 on default port 41147] ERROR OMAudit - user=runner | ip=127.0.0.1 | op=READ_BUCKET {volume=volume-77853, bucket=bucket-07368} | ret=FAILURE
org.apache.hadoop.ozone.om.exceptions.OMException: Volume not found when getting bucket info
	at org.apache.hadoop.ozone.om.BucketManagerImpl.getBucketInfo(BucketManagerImpl.java:127) ~[ozone-manager-1.3.0-SNAPSHOT.jar:?]
	at org.apache.hadoop.ozone.om.OzoneManager.getBucketInfo(OzoneManager.java:2779) ~[ozone-manager-1.3.0-SNAPSHOT.jar:?]
	at org.apache.hadoop.ozone.protocolPB.OzoneManagerRequestHandler.infoBucket(OzoneManagerRequestHandler.java:471) ~[ozone-manager-1.3.0-SNAPSHOT.jar:?]
	at org.apache.hadoop.ozone.protocolPB.OzoneManagerRequestHandler.handleReadRequest(OzoneManagerRequestHandler.java:174) ~[ozone-manager-1.3.0-SNAPSHOT.jar:?]
	at org.apache.hadoop.ozone.protocolPB.OzoneManagerProtocolServerSideTranslatorPB.submitRequestDirectlyToOM(OzoneManagerProtocolServerSideTranslatorPB.java:276) ~[ozone-manager-1.3.0-SNAPSHOT.jar:?]
	at org.apache.hadoop.ozone.protocolPB.OzoneManagerProtocolServerSideTranslatorPB.processRequest(OzoneManagerProtocolServerSideTranslatorPB.java:205) ~[ozone-manager-1.3.0-SNAPSHOT.jar:?]
	at org.apache.hadoop.hdds.server.OzoneProtocolMessageDispatcher.processRequest(OzoneProtocolMessageDispatcher.java:87) [hdds-server-framework-1.3.0-SNAPSHOT.jar:?]
	at org.apache.hadoop.ozone.protocolPB.OzoneManagerProtocolServerSideTranslatorPB.submitRequest(OzoneManagerProtocolServerSideTranslatorPB.java:147) [ozone-manager-1.3.0-SNAPSHOT.jar:?]
	at org.apache.hadoop.ozone.protocol.proto.OzoneManagerProtocolProtos$OzoneManagerService$2.callBlockingMethod(OzoneManagerProtocolProtos.java) [ozone-interface-client-1.3.0-SNAPSHOT.jar:?]
	at org.apache.hadoop.ipc.ProtobufRpcEngine$Server.processCall(ProtobufRpcEngine.java:466) [hadoop-common-3.3.1.jar:?]
	at org.apache.hadoop.ipc.ProtobufRpcEngine2$Server$ProtoBufRpcInvoker.call(ProtobufRpcEngine2.java:574) [hadoop-common-3.3.1.jar:?]
	at org.apache.hadoop.ipc.ProtobufRpcEngine2$Server$ProtoBufRpcInvoker.call(ProtobufRpcEngine2.java:552) [hadoop-common-3.3.1.jar:?]
	at org.apache.hadoop.ipc.RPC$Server.call(RPC.java:1093) [hadoop-common-3.3.1.jar:?]
	at org.apache.hadoop.ipc.Server$RpcCall.run(Server.java:1035) [hadoop-common-3.3.1.jar:?]
	at org.apache.hadoop.ipc.Server$RpcCall.run(Server.java:963) [hadoop-common-3.3.1.jar:?]
	at java.security.AccessController.doPrivileged(Native Method) ~[?:1.8.0_332]
	at javax.security.auth.Subject.doAs(Subject.java:422) [?:1.8.0_332]
	at org.apache.hadoop.security.UserGroupInformation.doAs(UserGroupInformation.java:1878) [hadoop-common-3.3.1.jar:?]
	at org.apache.hadoop.ipc.Server$Handler.run(Server.java:2966) [hadoop-common-3.3.1.jar:?]
2022-07-27 13:54:07,231 [Time-limited test] INFO  rpc.RpcClient (RpcClient.java:createVolume(467)) - Creating Volume: volume-77853, with runner as owner and space quota set to -1 bytes, counts quota set to -1
2022-07-27 13:54:07,232 [IPC Server handler 10 on default port 41147] INFO  volume.OMVolumeCreateRequest (OMVolumeCreateRequest.java:validateAndUpdateCache(195)) - created volume:volume-77853 for user:runner
2022-07-27 13:54:07,233 [Time-limited test] INFO  rpc.RpcClient (RpcClient.java:createBucket(670)) - Creating Bucket: volume-77853/bucket-07368, with bucket layout LEGACY, runner as owner, Versioning false, Storage Type set to DISK and Encryption set to false 
2022-07-27 13:54:07,234 [IPC Server handler 8 on default port 41147] INFO  bucket.OMBucketCreateRequest (OMBucketCreateRequest.java:validateAndUpdateCache(260)) - created bucket: bucket-07368 of layout LEGACY in volume: volume-77853
13:54:07.359 [IPC Server handler 1 on default port 41147] ERROR OMAudit - user=runner | ip=127.0.0.1 | op=READ_BUCKET {volume=volume-99057, bucket=bucket-66508} | ret=FAILURE
org.apache.hadoop.ozone.om.exceptions.OMException: Volume not found when getting bucket info
	at org.apache.hadoop.ozone.om.BucketManagerImpl.getBucketInfo(BucketManagerImpl.java:127) ~[ozone-manager-1.3.0-SNAPSHOT.jar:?]
	at org.apache.hadoop.ozone.om.OzoneManager.getBucketInfo(OzoneManager.java:2779) ~[ozone-manager-1.3.0-SNAPSHOT.jar:?]
	at org.apache.hadoop.ozone.protocolPB.OzoneManagerRequestHandler.infoBucket(OzoneManagerRequestHandler.java:471) ~[ozone-manager-1.3.0-SNAPSHOT.jar:?]
	at org.apache.hadoop.ozone.protocolPB.OzoneManagerRequestHandler.handleReadRequest(OzoneManagerRequestHandler.java:174) ~[ozone-manager-1.3.0-SNAPSHOT.jar:?]
	at org.apache.hadoop.ozone.protocolPB.OzoneManagerProtocolServerSideTranslatorPB.submitRequestDirectlyToOM(OzoneManagerProtocolServerSideTranslatorPB.java:276) ~[ozone-manager-1.3.0-SNAPSHOT.jar:?]
	at org.apache.hadoop.ozone.protocolPB.OzoneManagerProtocolServerSideTranslatorPB.processRequest(OzoneManagerProtocolServerSideTranslatorPB.java:205) ~[ozone-manager-1.3.0-SNAPSHOT.jar:?]
	at org.apache.hadoop.hdds.server.OzoneProtocolMessageDispatcher.processRequest(OzoneProtocolMessageDispatcher.java:87) [hdds-server-framework-1.3.0-SNAPSHOT.jar:?]
	at org.apache.hadoop.ozone.protocolPB.OzoneManagerProtocolServerSideTranslatorPB.submitRequest(OzoneManagerProtocolServerSideTranslatorPB.java:147) [ozone-manager-1.3.0-SNAPSHOT.jar:?]
	at org.apache.hadoop.ozone.protocol.proto.OzoneManagerProtocolProtos$OzoneManagerService$2.callBlockingMethod(OzoneManagerProtocolProtos.java) [ozone-interface-client-1.3.0-SNAPSHOT.jar:?]
	at org.apache.hadoop.ipc.ProtobufRpcEngine$Server.processCall(ProtobufRpcEngine.java:466) [hadoop-common-3.3.1.jar:?]
	at org.apache.hadoop.ipc.ProtobufRpcEngine2$Server$ProtoBufRpcInvoker.call(ProtobufRpcEngine2.java:574) [hadoop-common-3.3.1.jar:?]
	at org.apache.hadoop.ipc.ProtobufRpcEngine2$Server$ProtoBufRpcInvoker.call(ProtobufRpcEngine2.java:552) [hadoop-common-3.3.1.jar:?]
	at org.apache.hadoop.ipc.RPC$Server.call(RPC.java:1093) [hadoop-common-3.3.1.jar:?]
	at org.apache.hadoop.ipc.Server$RpcCall.run(Server.java:1035) [hadoop-common-3.3.1.jar:?]
	at org.apache.hadoop.ipc.Server$RpcCall.run(Server.java:963) [hadoop-common-3.3.1.jar:?]
	at java.security.AccessController.doPrivileged(Native Method) ~[?:1.8.0_332]
	at javax.security.auth.Subject.doAs(Subject.java:422) [?:1.8.0_332]
	at org.apache.hadoop.security.UserGroupInformation.doAs(UserGroupInformation.java:1878) [hadoop-common-3.3.1.jar:?]
	at org.apache.hadoop.ipc.Server$Handler.run(Server.java:2966) [hadoop-common-3.3.1.jar:?]
2022-07-27 13:54:07,361 [Time-limited test] INFO  rpc.RpcClient (RpcClient.java:createVolume(467)) - Creating Volume: volume-99057, with runner as owner and space quota set to -1 bytes, counts quota set to -1
2022-07-27 13:54:07,362 [IPC Server handler 0 on default port 41147] INFO  volume.OMVolumeCreateRequest (OMVolumeCreateRequest.java:validateAndUpdateCache(195)) - created volume:volume-99057 for user:runner
2022-07-27 13:54:07,378 [Time-limited test] INFO  rpc.RpcClient (RpcClient.java:createBucket(670)) - Creating Bucket: volume-99057/bucket-66508, with bucket layout LEGACY, runner as owner, Versioning false, Storage Type set to DISK and Encryption set to false 
2022-07-27 13:54:07,379 [IPC Server handler 17 on default port 41147] INFO  bucket.OMBucketCreateRequest (OMBucketCreateRequest.java:validateAndUpdateCache(260)) - created bucket: bucket-66508 of layout LEGACY in volume: volume-99057
]]></system-out>
  </testcase>
  <testcase name="testDeleteVolumeAndBucket" classname="TestRootedOzoneFileSystem" time="0.104">
    <system-out><![CDATA[2022-07-27 13:49:17,721 [Time-limited test] INFO  rpc.RpcClient (RpcClient.java:createVolume(467)) - Creating Volume: volume09875, with user77425 as owner and space quota set to -1 bytes, counts quota set to -1
2022-07-27 13:49:17,724 [OM StateMachine ApplyTransaction Thread - 0] INFO  volume.OMVolumeCreateRequest (OMVolumeCreateRequest.java:validateAndUpdateCache(195)) - created volume:volume09875 for user:user77425
2022-07-27 13:49:17,727 [Time-limited test] INFO  rpc.RpcClient (RpcClient.java:createBucket(670)) - Creating Bucket: volume09875/bucket38210, with bucket layout LEGACY, runner as owner, Versioning false, Storage Type set to DISK and Encryption set to false 
2022-07-27 13:49:17,729 [OM StateMachine ApplyTransaction Thread - 0] INFO  bucket.OMBucketCreateRequest (OMBucketCreateRequest.java:validateAndUpdateCache(260)) - created bucket: bucket38210 of layout LEGACY in volume: volume09875
2022-07-27 13:49:17,738 [Time-limited test] INFO  rpc.RpcClient (RpcClient.java:createVolume(467)) - Creating Volume: volume-55939, with runner as owner and space quota set to -1 bytes, counts quota set to -1
2022-07-27 13:49:17,740 [OM StateMachine ApplyTransaction Thread - 0] INFO  volume.OMVolumeCreateRequest (OMVolumeCreateRequest.java:validateAndUpdateCache(195)) - created volume:volume-55939 for user:runner
2022-07-27 13:49:17,743 [Time-limited test] INFO  rpc.RpcClient (RpcClient.java:createBucket(670)) - Creating Bucket: volume-55939/bucket2, with bucket layout LEGACY, runner as owner, Versioning false, Storage Type set to DISK and Encryption set to false 
2022-07-27 13:49:17,745 [OM StateMachine ApplyTransaction Thread - 0] INFO  bucket.OMBucketCreateRequest (OMBucketCreateRequest.java:validateAndUpdateCache(260)) - created bucket: bucket2 of layout LEGACY in volume: volume-55939
13:49:17.760 [OM StateMachine ApplyTransaction Thread - 0] ERROR OMAudit - user=runner | ip=127.0.0.1 | op=DELETE_VOLUME {volume=volume-55939} | ret=FAILURE
org.apache.hadoop.ozone.om.exceptions.OMException: null
	at org.apache.hadoop.ozone.om.request.volume.OMVolumeDeleteRequest.validateAndUpdateCache(OMVolumeDeleteRequest.java:122) ~[ozone-manager-1.3.0-SNAPSHOT.jar:?]
	at org.apache.hadoop.ozone.protocolPB.OzoneManagerRequestHandler.handleWriteRequest(OzoneManagerRequestHandler.java:300) ~[ozone-manager-1.3.0-SNAPSHOT.jar:?]
	at org.apache.hadoop.ozone.om.ratis.OzoneManagerStateMachine.runCommand(OzoneManagerStateMachine.java:529) ~[ozone-manager-1.3.0-SNAPSHOT.jar:?]
	at org.apache.hadoop.ozone.om.ratis.OzoneManagerStateMachine.lambda$1(OzoneManagerStateMachine.java:324) ~[ozone-manager-1.3.0-SNAPSHOT.jar:?]
	at java.util.concurrent.CompletableFuture$AsyncSupply.run(CompletableFuture.java:1604) [?:1.8.0_332]
	at java.util.concurrent.ThreadPoolExecutor.runWorker(ThreadPoolExecutor.java:1149) [?:1.8.0_332]
	at java.util.concurrent.ThreadPoolExecutor$Worker.run(ThreadPoolExecutor.java:624) [?:1.8.0_332]
	at java.lang.Thread.run(Thread.java:750) [?:1.8.0_332]
2022-07-27 13:49:17,761 [OM StateMachine ApplyTransaction Thread - 0] ERROR volume.OMVolumeDeleteRequest (OMVolumeDeleteRequest.java:validateAndUpdateCache(170)) - Volume deletion failed for user:runner volume:volume-55939
VOLUME_NOT_EMPTY org.apache.hadoop.ozone.om.exceptions.OMException
	at org.apache.hadoop.ozone.om.request.volume.OMVolumeDeleteRequest.validateAndUpdateCache(OMVolumeDeleteRequest.java:122)
	at org.apache.hadoop.ozone.protocolPB.OzoneManagerRequestHandler.handleWriteRequest(OzoneManagerRequestHandler.java:300)
	at org.apache.hadoop.ozone.om.ratis.OzoneManagerStateMachine.runCommand(OzoneManagerStateMachine.java:529)
	at org.apache.hadoop.ozone.om.ratis.OzoneManagerStateMachine.lambda$1(OzoneManagerStateMachine.java:324)
	at java.util.concurrent.CompletableFuture$AsyncSupply.run(CompletableFuture.java:1604)
	at java.util.concurrent.ThreadPoolExecutor.runWorker(ThreadPoolExecutor.java:1149)
	at java.util.concurrent.ThreadPoolExecutor$Worker.run(ThreadPoolExecutor.java:624)
	at java.lang.Thread.run(Thread.java:750)
]]></system-out>
  </testcase>
  <testcase name="testDeleteVolumeAndBucket" classname="TestRootedOzoneFileSystem" time="0.123">
    <system-out><![CDATA[2022-07-27 13:50:22,332 [4368bcce-d3a4-4966-9cea-5707d0aefce9@group-28A629B2C966-FollowerState] INFO  impl.FollowerState (FollowerState.java:run(143)) - 4368bcce-d3a4-4966-9cea-5707d0aefce9@group-28A629B2C966-FollowerState: change to CANDIDATE, lastRpcElapsedTime:5100371831ns, electionTimeout:5092ms
2022-07-27 13:50:22,332 [4368bcce-d3a4-4966-9cea-5707d0aefce9@group-28A629B2C966-FollowerState] INFO  impl.RoleInfo (RoleInfo.java:shutdownFollowerState(110)) - 4368bcce-d3a4-4966-9cea-5707d0aefce9: shutdown 4368bcce-d3a4-4966-9cea-5707d0aefce9@group-28A629B2C966-FollowerState
2022-07-27 13:50:22,332 [4368bcce-d3a4-4966-9cea-5707d0aefce9@group-28A629B2C966-FollowerState] INFO  server.RaftServer$Division (RaftServerImpl.java:setRole(299)) - 4368bcce-d3a4-4966-9cea-5707d0aefce9@group-28A629B2C966: changes role from  FOLLOWER to CANDIDATE at term 0 for changeToCandidate
2022-07-27 13:50:22,332 [4368bcce-d3a4-4966-9cea-5707d0aefce9@group-28A629B2C966-FollowerState] INFO  server.RaftServerConfigKeys (ConfUtils.java:logGet(46)) - raft.server.leaderelection.pre-vote = false (custom)
2022-07-27 13:50:22,332 [4368bcce-d3a4-4966-9cea-5707d0aefce9@group-28A629B2C966-FollowerState] INFO  impl.RoleInfo (RoleInfo.java:updateAndGet(139)) - 4368bcce-d3a4-4966-9cea-5707d0aefce9: start 4368bcce-d3a4-4966-9cea-5707d0aefce9@group-28A629B2C966-LeaderElection20
2022-07-27 13:50:22,356 [4368bcce-d3a4-4966-9cea-5707d0aefce9@group-28A629B2C966-LeaderElection20] INFO  impl.LeaderElection (LeaderElection.java:askForVotes(310)) - 4368bcce-d3a4-4966-9cea-5707d0aefce9@group-28A629B2C966-LeaderElection20 ELECTION round 0: submit vote requests at term 1 for -1: [4368bcce-d3a4-4966-9cea-5707d0aefce9|rpc:10.1.0.21:38965|priority:1], old=null
2022-07-27 13:50:22,356 [4368bcce-d3a4-4966-9cea-5707d0aefce9@group-28A629B2C966-LeaderElection20] INFO  impl.LeaderElection (LeaderElection.java:askForVotes(312)) - 4368bcce-d3a4-4966-9cea-5707d0aefce9@group-28A629B2C966-LeaderElection20 ELECTION round 0: result PASSED (term=1)
2022-07-27 13:50:22,356 [4368bcce-d3a4-4966-9cea-5707d0aefce9@group-28A629B2C966-LeaderElection20] INFO  impl.RoleInfo (RoleInfo.java:shutdownLeaderElection(130)) - 4368bcce-d3a4-4966-9cea-5707d0aefce9: shutdown 4368bcce-d3a4-4966-9cea-5707d0aefce9@group-28A629B2C966-LeaderElection20
2022-07-27 13:50:22,357 [4368bcce-d3a4-4966-9cea-5707d0aefce9@group-28A629B2C966-LeaderElection20] INFO  server.RaftServer$Division (RaftServerImpl.java:setRole(299)) - 4368bcce-d3a4-4966-9cea-5707d0aefce9@group-28A629B2C966: changes role from CANDIDATE to LEADER at term 1 for changeToLeader
2022-07-27 13:50:22,357 [4368bcce-d3a4-4966-9cea-5707d0aefce9@group-28A629B2C966-LeaderElection20] INFO  ratis.XceiverServerRatis (XceiverServerRatis.java:handleLeaderChangedNotification(863)) - Leader change notification received for group: group-28A629B2C966 with new leaderId: 4368bcce-d3a4-4966-9cea-5707d0aefce9
2022-07-27 13:50:22,357 [4368bcce-d3a4-4966-9cea-5707d0aefce9@group-28A629B2C966-LeaderElection20] INFO  server.RaftServer$Division (ServerState.java:setLeader(287)) - 4368bcce-d3a4-4966-9cea-5707d0aefce9@group-28A629B2C966: change Leader from null to 4368bcce-d3a4-4966-9cea-5707d0aefce9 at term 1 for becomeLeader, leader elected after 5135ms
2022-07-27 13:50:22,357 [4368bcce-d3a4-4966-9cea-5707d0aefce9@group-28A629B2C966-LeaderElection20] INFO  server.RaftServerConfigKeys (ConfUtils.java:logGet(46)) - raft.server.staging.catchup.gap = 1000 (default)
2022-07-27 13:50:22,357 [4368bcce-d3a4-4966-9cea-5707d0aefce9@group-28A629B2C966-LeaderElection20] INFO  server.RaftServerConfigKeys (ConfUtils.java:logGet(46)) - raft.server.write.element-limit = 1024 (custom)
2022-07-27 13:50:22,357 [4368bcce-d3a4-4966-9cea-5707d0aefce9@group-28A629B2C966-LeaderElection20] INFO  server.RaftServerConfigKeys (ConfUtils.java:logGet(46)) - raft.server.write.byte-limit = 1024 M (=1073741824) (custom)
2022-07-27 13:50:22,357 [4368bcce-d3a4-4966-9cea-5707d0aefce9@group-28A629B2C966-LeaderElection20] INFO  server.RaftServerConfigKeys (ConfUtils.java:logGet(46)) - raft.server.watch.timeout = 180s (custom)
2022-07-27 13:50:22,357 [4368bcce-d3a4-4966-9cea-5707d0aefce9@group-28A629B2C966-LeaderElection20] INFO  server.RaftServerConfigKeys (ConfUtils.java:logGet(46)) - raft.server.watch.timeout.denomination = 1s (default)
2022-07-27 13:50:22,357 [4368bcce-d3a4-4966-9cea-5707d0aefce9@group-28A629B2C966-LeaderElection20] INFO  server.RaftServerConfigKeys (ConfUtils.java:logGet(46)) - raft.server.watch.element-limit = 65536 (default)
2022-07-27 13:50:22,357 [4368bcce-d3a4-4966-9cea-5707d0aefce9@group-28A629B2C966-LeaderElection20] INFO  server.RaftServerConfigKeys (ConfUtils.java:logGet(46)) - raft.server.write.element-limit = 1024 (custom)
2022-07-27 13:50:22,358 [4368bcce-d3a4-4966-9cea-5707d0aefce9@group-28A629B2C966-LeaderElection20] INFO  server.RaftServerConfigKeys (ConfUtils.java:logGet(46)) - raft.server.write.follower.gap.ratio.max = -1.0 (default)
2022-07-27 13:50:22,358 [4368bcce-d3a4-4966-9cea-5707d0aefce9@group-28A629B2C966-LeaderElection20] INFO  impl.RoleInfo (RoleInfo.java:updateAndGet(139)) - 4368bcce-d3a4-4966-9cea-5707d0aefce9: start 4368bcce-d3a4-4966-9cea-5707d0aefce9@group-28A629B2C966-LeaderStateImpl
2022-07-27 13:50:22,358 [4368bcce-d3a4-4966-9cea-5707d0aefce9@group-28A629B2C966-LeaderElection20] INFO  segmented.SegmentedRaftLogWorker (SegmentedRaftLogWorker.java:startLogSegment(425)) - 4368bcce-d3a4-4966-9cea-5707d0aefce9@group-28A629B2C966-SegmentedRaftLogWorker: Starting segment from index:0
2022-07-27 13:50:22,359 [4368bcce-d3a4-4966-9cea-5707d0aefce9@group-28A629B2C966-SegmentedRaftLogWorker] INFO  segmented.SegmentedRaftLogWorker (SegmentedRaftLogWorker.java:execute(629)) - 4368bcce-d3a4-4966-9cea-5707d0aefce9@group-28A629B2C966-SegmentedRaftLogWorker: created new log segment /home/runner/work/ozone/ozone/hadoop-ozone/integration-test/target/test-dir/MiniOzoneClusterImpl-29ab875d-7565-45f7-8a7f-94142ec04d49/datanode-3/data/ratis/9e8cf556-a942-4a1e-b850-28a629b2c966/current/log_inprogress_0
2022-07-27 13:50:22,382 [4368bcce-d3a4-4966-9cea-5707d0aefce9@group-28A629B2C966-LeaderElection20] INFO  server.RaftServer$Division (ServerState.java:setRaftConf(393)) - 4368bcce-d3a4-4966-9cea-5707d0aefce9@group-28A629B2C966: set configuration 0: [4368bcce-d3a4-4966-9cea-5707d0aefce9|rpc:10.1.0.21:38965|dataStream:|priority:1], old=null
2022-07-27 13:50:22,384 [Time-limited test] INFO  rpc.RpcClient (RpcClient.java:createVolume(467)) - Creating Volume: volume51048, with user66345 as owner and space quota set to -1 bytes, counts quota set to -1
2022-07-27 13:50:22,409 [OM StateMachine ApplyTransaction Thread - 0] INFO  volume.OMVolumeCreateRequest (OMVolumeCreateRequest.java:validateAndUpdateCache(195)) - created volume:volume51048 for user:user66345
2022-07-27 13:50:22,412 [Time-limited test] INFO  rpc.RpcClient (RpcClient.java:createBucket(670)) - Creating Bucket: volume51048/bucket34086, with bucket layout LEGACY, runner as owner, Versioning false, Storage Type set to DISK and Encryption set to false 
2022-07-27 13:50:22,413 [OM StateMachine ApplyTransaction Thread - 0] INFO  bucket.OMBucketCreateRequest (OMBucketCreateRequest.java:validateAndUpdateCache(260)) - created bucket: bucket34086 of layout LEGACY in volume: volume51048
13:50:22.415 [IPC Server handler 2 on default port 46277] ERROR OMAudit - user=runner | ip=127.0.0.1 | op=READ_BUCKET {volume=volume-87289, bucket=bucket2} | ret=FAILURE
org.apache.hadoop.ozone.om.exceptions.OMException: Volume not found when getting bucket info
	at org.apache.hadoop.ozone.om.BucketManagerImpl.getBucketInfo(BucketManagerImpl.java:127) ~[ozone-manager-1.3.0-SNAPSHOT.jar:?]
	at org.apache.hadoop.ozone.om.OzoneManager.getBucketInfo(OzoneManager.java:2779) ~[ozone-manager-1.3.0-SNAPSHOT.jar:?]
	at org.apache.hadoop.ozone.protocolPB.OzoneManagerRequestHandler.infoBucket(OzoneManagerRequestHandler.java:471) ~[ozone-manager-1.3.0-SNAPSHOT.jar:?]
	at org.apache.hadoop.ozone.protocolPB.OzoneManagerRequestHandler.handleReadRequest(OzoneManagerRequestHandler.java:174) ~[ozone-manager-1.3.0-SNAPSHOT.jar:?]
	at org.apache.hadoop.ozone.protocolPB.OzoneManagerProtocolServerSideTranslatorPB.submitReadRequestToOM(OzoneManagerProtocolServerSideTranslatorPB.java:226) ~[ozone-manager-1.3.0-SNAPSHOT.jar:?]
	at org.apache.hadoop.ozone.protocolPB.OzoneManagerProtocolServerSideTranslatorPB.processRequest(OzoneManagerProtocolServerSideTranslatorPB.java:175) ~[ozone-manager-1.3.0-SNAPSHOT.jar:?]
	at org.apache.hadoop.hdds.server.OzoneProtocolMessageDispatcher.processRequest(OzoneProtocolMessageDispatcher.java:87) [hdds-server-framework-1.3.0-SNAPSHOT.jar:?]
	at org.apache.hadoop.ozone.protocolPB.OzoneManagerProtocolServerSideTranslatorPB.submitRequest(OzoneManagerProtocolServerSideTranslatorPB.java:147) [ozone-manager-1.3.0-SNAPSHOT.jar:?]
	at org.apache.hadoop.ozone.protocol.proto.OzoneManagerProtocolProtos$OzoneManagerService$2.callBlockingMethod(OzoneManagerProtocolProtos.java) [ozone-interface-client-1.3.0-SNAPSHOT.jar:?]
	at org.apache.hadoop.ipc.ProtobufRpcEngine$Server.processCall(ProtobufRpcEngine.java:466) [hadoop-common-3.3.1.jar:?]
	at org.apache.hadoop.ipc.ProtobufRpcEngine2$Server$ProtoBufRpcInvoker.call(ProtobufRpcEngine2.java:574) [hadoop-common-3.3.1.jar:?]
	at org.apache.hadoop.ipc.ProtobufRpcEngine2$Server$ProtoBufRpcInvoker.call(ProtobufRpcEngine2.java:552) [hadoop-common-3.3.1.jar:?]
	at org.apache.hadoop.ipc.RPC$Server.call(RPC.java:1093) [hadoop-common-3.3.1.jar:?]
	at org.apache.hadoop.ipc.Server$RpcCall.run(Server.java:1035) [hadoop-common-3.3.1.jar:?]
	at org.apache.hadoop.ipc.Server$RpcCall.run(Server.java:963) [hadoop-common-3.3.1.jar:?]
	at java.security.AccessController.doPrivileged(Native Method) ~[?:1.8.0_332]
	at javax.security.auth.Subject.doAs(Subject.java:422) [?:1.8.0_332]
	at org.apache.hadoop.security.UserGroupInformation.doAs(UserGroupInformation.java:1878) [hadoop-common-3.3.1.jar:?]
	at org.apache.hadoop.ipc.Server$Handler.run(Server.java:2966) [hadoop-common-3.3.1.jar:?]
2022-07-27 13:50:22,416 [Time-limited test] INFO  rpc.RpcClient (RpcClient.java:createVolume(467)) - Creating Volume: volume-87289, with runner as owner and space quota set to -1 bytes, counts quota set to -1
2022-07-27 13:50:22,417 [OM StateMachine ApplyTransaction Thread - 0] INFO  volume.OMVolumeCreateRequest (OMVolumeCreateRequest.java:validateAndUpdateCache(195)) - created volume:volume-87289 for user:runner
2022-07-27 13:50:22,418 [Time-limited test] INFO  rpc.RpcClient (RpcClient.java:createBucket(670)) - Creating Bucket: volume-87289/bucket2, with bucket layout LEGACY, runner as owner, Versioning false, Storage Type set to DISK and Encryption set to false 
2022-07-27 13:50:22,419 [OM StateMachine ApplyTransaction Thread - 0] INFO  bucket.OMBucketCreateRequest (OMBucketCreateRequest.java:validateAndUpdateCache(260)) - created bucket: bucket2 of layout LEGACY in volume: volume-87289
13:50:22.421 [OM StateMachine ApplyTransaction Thread - 0] ERROR OMAudit - user=runner | ip=127.0.0.1 | op=DELETE_VOLUME {volume=volume-87289} | ret=FAILURE
org.apache.hadoop.ozone.om.exceptions.OMException: null
	at org.apache.hadoop.ozone.om.request.volume.OMVolumeDeleteRequest.validateAndUpdateCache(OMVolumeDeleteRequest.java:122) ~[ozone-manager-1.3.0-SNAPSHOT.jar:?]
	at org.apache.hadoop.ozone.protocolPB.OzoneManagerRequestHandler.handleWriteRequest(OzoneManagerRequestHandler.java:300) ~[ozone-manager-1.3.0-SNAPSHOT.jar:?]
	at org.apache.hadoop.ozone.om.ratis.OzoneManagerStateMachine.runCommand(OzoneManagerStateMachine.java:529) ~[ozone-manager-1.3.0-SNAPSHOT.jar:?]
	at org.apache.hadoop.ozone.om.ratis.OzoneManagerStateMachine.lambda$1(OzoneManagerStateMachine.java:324) ~[ozone-manager-1.3.0-SNAPSHOT.jar:?]
	at java.util.concurrent.CompletableFuture$AsyncSupply.run(CompletableFuture.java:1604) [?:1.8.0_332]
	at java.util.concurrent.ThreadPoolExecutor.runWorker(ThreadPoolExecutor.java:1149) [?:1.8.0_332]
	at java.util.concurrent.ThreadPoolExecutor$Worker.run(ThreadPoolExecutor.java:624) [?:1.8.0_332]
	at java.lang.Thread.run(Thread.java:750) [?:1.8.0_332]
2022-07-27 13:50:22,422 [OM StateMachine ApplyTransaction Thread - 0] ERROR volume.OMVolumeDeleteRequest (OMVolumeDeleteRequest.java:validateAndUpdateCache(170)) - Volume deletion failed for user:runner volume:volume-87289
VOLUME_NOT_EMPTY org.apache.hadoop.ozone.om.exceptions.OMException
	at org.apache.hadoop.ozone.om.request.volume.OMVolumeDeleteRequest.validateAndUpdateCache(OMVolumeDeleteRequest.java:122)
	at org.apache.hadoop.ozone.protocolPB.OzoneManagerRequestHandler.handleWriteRequest(OzoneManagerRequestHandler.java:300)
	at org.apache.hadoop.ozone.om.ratis.OzoneManagerStateMachine.runCommand(OzoneManagerStateMachine.java:529)
	at org.apache.hadoop.ozone.om.ratis.OzoneManagerStateMachine.lambda$1(OzoneManagerStateMachine.java:324)
	at java.util.concurrent.CompletableFuture$AsyncSupply.run(CompletableFuture.java:1604)
	at java.util.concurrent.ThreadPoolExecutor.runWorker(ThreadPoolExecutor.java:1149)
	at java.util.concurrent.ThreadPoolExecutor$Worker.run(ThreadPoolExecutor.java:624)
	at java.lang.Thread.run(Thread.java:750)
13:50:22.431 [IPC Server handler 5 on default port 46277] ERROR OMAudit - user=runner | ip=127.0.0.1 | op=READ_VOLUME {volume=volume-87289} | ret=FAILURE
org.apache.hadoop.ozone.om.exceptions.OMException: Volume volume-87289 is not found
	at org.apache.hadoop.ozone.om.VolumeManagerImpl.getVolumeInfo(VolumeManagerImpl.java:74) ~[ozone-manager-1.3.0-SNAPSHOT.jar:?]
	at org.apache.hadoop.ozone.om.OzoneManager.getVolumeInfo(OzoneManager.java:2603) ~[ozone-manager-1.3.0-SNAPSHOT.jar:?]
	at org.apache.hadoop.ozone.protocolPB.OzoneManagerRequestHandler.infoVolume(OzoneManagerRequestHandler.java:397) ~[ozone-manager-1.3.0-SNAPSHOT.jar:?]
	at org.apache.hadoop.ozone.protocolPB.OzoneManagerRequestHandler.handleReadRequest(OzoneManagerRequestHandler.java:164) ~[ozone-manager-1.3.0-SNAPSHOT.jar:?]
	at org.apache.hadoop.ozone.protocolPB.OzoneManagerProtocolServerSideTranslatorPB.submitReadRequestToOM(OzoneManagerProtocolServerSideTranslatorPB.java:226) ~[ozone-manager-1.3.0-SNAPSHOT.jar:?]
	at org.apache.hadoop.ozone.protocolPB.OzoneManagerProtocolServerSideTranslatorPB.processRequest(OzoneManagerProtocolServerSideTranslatorPB.java:175) ~[ozone-manager-1.3.0-SNAPSHOT.jar:?]
	at org.apache.hadoop.hdds.server.OzoneProtocolMessageDispatcher.processRequest(OzoneProtocolMessageDispatcher.java:87) [hdds-server-framework-1.3.0-SNAPSHOT.jar:?]
	at org.apache.hadoop.ozone.protocolPB.OzoneManagerProtocolServerSideTranslatorPB.submitRequest(OzoneManagerProtocolServerSideTranslatorPB.java:147) [ozone-manager-1.3.0-SNAPSHOT.jar:?]
	at org.apache.hadoop.ozone.protocol.proto.OzoneManagerProtocolProtos$OzoneManagerService$2.callBlockingMethod(OzoneManagerProtocolProtos.java) [ozone-interface-client-1.3.0-SNAPSHOT.jar:?]
	at org.apache.hadoop.ipc.ProtobufRpcEngine$Server.processCall(ProtobufRpcEngine.java:466) [hadoop-common-3.3.1.jar:?]
	at org.apache.hadoop.ipc.ProtobufRpcEngine2$Server$ProtoBufRpcInvoker.call(ProtobufRpcEngine2.java:574) [hadoop-common-3.3.1.jar:?]
	at org.apache.hadoop.ipc.ProtobufRpcEngine2$Server$ProtoBufRpcInvoker.call(ProtobufRpcEngine2.java:552) [hadoop-common-3.3.1.jar:?]
	at org.apache.hadoop.ipc.RPC$Server.call(RPC.java:1093) [hadoop-common-3.3.1.jar:?]
	at org.apache.hadoop.ipc.Server$RpcCall.run(Server.java:1035) [hadoop-common-3.3.1.jar:?]
	at org.apache.hadoop.ipc.Server$RpcCall.run(Server.java:963) [hadoop-common-3.3.1.jar:?]
	at java.security.AccessController.doPrivileged(Native Method) ~[?:1.8.0_332]
	at javax.security.auth.Subject.doAs(Subject.java:422) [?:1.8.0_332]
	at org.apache.hadoop.security.UserGroupInformation.doAs(UserGroupInformation.java:1878) [hadoop-common-3.3.1.jar:?]
	at org.apache.hadoop.ipc.Server$Handler.run(Server.java:2966) [hadoop-common-3.3.1.jar:?]
]]></system-out>
  </testcase>
  <testcase name="testDeleteVolumeAndBucket" classname="TestRootedOzoneFileSystem" time="0.146">
    <system-out><![CDATA[2022-07-27 13:51:31,494 [Time-limited test] INFO  rpc.RpcClient (RpcClient.java:createVolume(467)) - Creating Volume: volume27458, with user84034 as owner and space quota set to -1 bytes, counts quota set to -1
2022-07-27 13:51:31,494 [IPC Server handler 0 on default port 45285] INFO  volume.OMVolumeCreateRequest (OMVolumeCreateRequest.java:validateAndUpdateCache(195)) - created volume:volume27458 for user:user84034
2022-07-27 13:51:31,510 [Time-limited test] INFO  rpc.RpcClient (RpcClient.java:createBucket(670)) - Creating Bucket: volume27458/bucket39506, with bucket layout LEGACY, runner as owner, Versioning false, Storage Type set to DISK and Encryption set to false 
2022-07-27 13:51:31,511 [IPC Server handler 5 on default port 45285] INFO  bucket.OMBucketCreateRequest (OMBucketCreateRequest.java:validateAndUpdateCache(260)) - created bucket: bucket39506 of layout LEGACY in volume: volume27458
13:51:31.518 [IPC Server handler 4 on default port 45285] ERROR OMAudit - user=runner | ip=127.0.0.1 | op=READ_BUCKET {volume=volume-95482, bucket=bucket2} | ret=FAILURE
org.apache.hadoop.ozone.om.exceptions.OMException: Volume not found when getting bucket info
	at org.apache.hadoop.ozone.om.BucketManagerImpl.getBucketInfo(BucketManagerImpl.java:127) ~[ozone-manager-1.3.0-SNAPSHOT.jar:?]
	at org.apache.hadoop.ozone.om.OzoneManager.getBucketInfo(OzoneManager.java:2779) ~[ozone-manager-1.3.0-SNAPSHOT.jar:?]
	at org.apache.hadoop.ozone.protocolPB.OzoneManagerRequestHandler.infoBucket(OzoneManagerRequestHandler.java:471) ~[ozone-manager-1.3.0-SNAPSHOT.jar:?]
	at org.apache.hadoop.ozone.protocolPB.OzoneManagerRequestHandler.handleReadRequest(OzoneManagerRequestHandler.java:174) ~[ozone-manager-1.3.0-SNAPSHOT.jar:?]
	at org.apache.hadoop.ozone.protocolPB.OzoneManagerProtocolServerSideTranslatorPB.submitRequestDirectlyToOM(OzoneManagerProtocolServerSideTranslatorPB.java:276) ~[ozone-manager-1.3.0-SNAPSHOT.jar:?]
	at org.apache.hadoop.ozone.protocolPB.OzoneManagerProtocolServerSideTranslatorPB.processRequest(OzoneManagerProtocolServerSideTranslatorPB.java:205) ~[ozone-manager-1.3.0-SNAPSHOT.jar:?]
	at org.apache.hadoop.hdds.server.OzoneProtocolMessageDispatcher.processRequest(OzoneProtocolMessageDispatcher.java:87) [hdds-server-framework-1.3.0-SNAPSHOT.jar:?]
	at org.apache.hadoop.ozone.protocolPB.OzoneManagerProtocolServerSideTranslatorPB.submitRequest(OzoneManagerProtocolServerSideTranslatorPB.java:147) [ozone-manager-1.3.0-SNAPSHOT.jar:?]
	at org.apache.hadoop.ozone.protocol.proto.OzoneManagerProtocolProtos$OzoneManagerService$2.callBlockingMethod(OzoneManagerProtocolProtos.java) [ozone-interface-client-1.3.0-SNAPSHOT.jar:?]
	at org.apache.hadoop.ipc.ProtobufRpcEngine$Server.processCall(ProtobufRpcEngine.java:466) [hadoop-common-3.3.1.jar:?]
	at org.apache.hadoop.ipc.ProtobufRpcEngine2$Server$ProtoBufRpcInvoker.call(ProtobufRpcEngine2.java:574) [hadoop-common-3.3.1.jar:?]
	at org.apache.hadoop.ipc.ProtobufRpcEngine2$Server$ProtoBufRpcInvoker.call(ProtobufRpcEngine2.java:552) [hadoop-common-3.3.1.jar:?]
	at org.apache.hadoop.ipc.RPC$Server.call(RPC.java:1093) [hadoop-common-3.3.1.jar:?]
	at org.apache.hadoop.ipc.Server$RpcCall.run(Server.java:1035) [hadoop-common-3.3.1.jar:?]
	at org.apache.hadoop.ipc.Server$RpcCall.run(Server.java:963) [hadoop-common-3.3.1.jar:?]
	at java.security.AccessController.doPrivileged(Native Method) ~[?:1.8.0_332]
	at javax.security.auth.Subject.doAs(Subject.java:422) [?:1.8.0_332]
	at org.apache.hadoop.security.UserGroupInformation.doAs(UserGroupInformation.java:1878) [hadoop-common-3.3.1.jar:?]
	at org.apache.hadoop.ipc.Server$Handler.run(Server.java:2966) [hadoop-common-3.3.1.jar:?]
2022-07-27 13:51:31,519 [Time-limited test] INFO  rpc.RpcClient (RpcClient.java:createVolume(467)) - Creating Volume: volume-95482, with runner as owner and space quota set to -1 bytes, counts quota set to -1
2022-07-27 13:51:31,519 [IPC Server handler 8 on default port 45285] INFO  volume.OMVolumeCreateRequest (OMVolumeCreateRequest.java:validateAndUpdateCache(195)) - created volume:volume-95482 for user:runner
2022-07-27 13:51:31,520 [Time-limited test] INFO  rpc.RpcClient (RpcClient.java:createBucket(670)) - Creating Bucket: volume-95482/bucket2, with bucket layout LEGACY, runner as owner, Versioning false, Storage Type set to DISK and Encryption set to false 
2022-07-27 13:51:31,521 [IPC Server handler 10 on default port 45285] INFO  bucket.OMBucketCreateRequest (OMBucketCreateRequest.java:validateAndUpdateCache(260)) - created bucket: bucket2 of layout LEGACY in volume: volume-95482
13:51:31.522 [IPC Server handler 15 on default port 45285] ERROR OMAudit - user=runner | ip=127.0.0.1 | op=DELETE_VOLUME {volume=volume-95482} | ret=FAILURE
org.apache.hadoop.ozone.om.exceptions.OMException: null
	at org.apache.hadoop.ozone.om.request.volume.OMVolumeDeleteRequest.validateAndUpdateCache(OMVolumeDeleteRequest.java:122) ~[ozone-manager-1.3.0-SNAPSHOT.jar:?]
	at org.apache.hadoop.ozone.protocolPB.OzoneManagerRequestHandler.handleWriteRequest(OzoneManagerRequestHandler.java:300) ~[ozone-manager-1.3.0-SNAPSHOT.jar:?]
	at org.apache.hadoop.ozone.protocolPB.OzoneManagerProtocolServerSideTranslatorPB.submitRequestDirectlyToOM(OzoneManagerProtocolServerSideTranslatorPB.java:282) ~[ozone-manager-1.3.0-SNAPSHOT.jar:?]
	at org.apache.hadoop.ozone.protocolPB.OzoneManagerProtocolServerSideTranslatorPB.processRequest(OzoneManagerProtocolServerSideTranslatorPB.java:205) ~[ozone-manager-1.3.0-SNAPSHOT.jar:?]
	at org.apache.hadoop.hdds.server.OzoneProtocolMessageDispatcher.processRequest(OzoneProtocolMessageDispatcher.java:87) [hdds-server-framework-1.3.0-SNAPSHOT.jar:?]
	at org.apache.hadoop.ozone.protocolPB.OzoneManagerProtocolServerSideTranslatorPB.submitRequest(OzoneManagerProtocolServerSideTranslatorPB.java:147) [ozone-manager-1.3.0-SNAPSHOT.jar:?]
	at org.apache.hadoop.ozone.protocol.proto.OzoneManagerProtocolProtos$OzoneManagerService$2.callBlockingMethod(OzoneManagerProtocolProtos.java) [ozone-interface-client-1.3.0-SNAPSHOT.jar:?]
	at org.apache.hadoop.ipc.ProtobufRpcEngine$Server.processCall(ProtobufRpcEngine.java:466) [hadoop-common-3.3.1.jar:?]
	at org.apache.hadoop.ipc.ProtobufRpcEngine2$Server$ProtoBufRpcInvoker.call(ProtobufRpcEngine2.java:574) [hadoop-common-3.3.1.jar:?]
	at org.apache.hadoop.ipc.ProtobufRpcEngine2$Server$ProtoBufRpcInvoker.call(ProtobufRpcEngine2.java:552) [hadoop-common-3.3.1.jar:?]
	at org.apache.hadoop.ipc.RPC$Server.call(RPC.java:1093) [hadoop-common-3.3.1.jar:?]
	at org.apache.hadoop.ipc.Server$RpcCall.run(Server.java:1035) [hadoop-common-3.3.1.jar:?]
	at org.apache.hadoop.ipc.Server$RpcCall.run(Server.java:963) [hadoop-common-3.3.1.jar:?]
	at java.security.AccessController.doPrivileged(Native Method) ~[?:1.8.0_332]
	at javax.security.auth.Subject.doAs(Subject.java:422) [?:1.8.0_332]
	at org.apache.hadoop.security.UserGroupInformation.doAs(UserGroupInformation.java:1878) [hadoop-common-3.3.1.jar:?]
	at org.apache.hadoop.ipc.Server$Handler.run(Server.java:2966) [hadoop-common-3.3.1.jar:?]
2022-07-27 13:51:31,522 [IPC Server handler 15 on default port 45285] ERROR volume.OMVolumeDeleteRequest (OMVolumeDeleteRequest.java:validateAndUpdateCache(170)) - Volume deletion failed for user:runner volume:volume-95482
VOLUME_NOT_EMPTY org.apache.hadoop.ozone.om.exceptions.OMException
	at org.apache.hadoop.ozone.om.request.volume.OMVolumeDeleteRequest.validateAndUpdateCache(OMVolumeDeleteRequest.java:122)
	at org.apache.hadoop.ozone.protocolPB.OzoneManagerRequestHandler.handleWriteRequest(OzoneManagerRequestHandler.java:300)
	at org.apache.hadoop.ozone.protocolPB.OzoneManagerProtocolServerSideTranslatorPB.submitRequestDirectlyToOM(OzoneManagerProtocolServerSideTranslatorPB.java:282)
	at org.apache.hadoop.ozone.protocolPB.OzoneManagerProtocolServerSideTranslatorPB.processRequest(OzoneManagerProtocolServerSideTranslatorPB.java:205)
	at org.apache.hadoop.hdds.server.OzoneProtocolMessageDispatcher.processRequest(OzoneProtocolMessageDispatcher.java:87)
	at org.apache.hadoop.ozone.protocolPB.OzoneManagerProtocolServerSideTranslatorPB.submitRequest(OzoneManagerProtocolServerSideTranslatorPB.java:147)
	at org.apache.hadoop.ozone.protocol.proto.OzoneManagerProtocolProtos$OzoneManagerService$2.callBlockingMethod(OzoneManagerProtocolProtos.java)
	at org.apache.hadoop.ipc.ProtobufRpcEngine$Server.processCall(ProtobufRpcEngine.java:466)
	at org.apache.hadoop.ipc.ProtobufRpcEngine2$Server$ProtoBufRpcInvoker.call(ProtobufRpcEngine2.java:574)
	at org.apache.hadoop.ipc.ProtobufRpcEngine2$Server$ProtoBufRpcInvoker.call(ProtobufRpcEngine2.java:552)
	at org.apache.hadoop.ipc.RPC$Server.call(RPC.java:1093)
	at org.apache.hadoop.ipc.Server$RpcCall.run(Server.java:1035)
	at org.apache.hadoop.ipc.Server$RpcCall.run(Server.java:963)
	at java.security.AccessController.doPrivileged(Native Method)
	at javax.security.auth.Subject.doAs(Subject.java:422)
	at org.apache.hadoop.security.UserGroupInformation.doAs(UserGroupInformation.java:1878)
	at org.apache.hadoop.ipc.Server$Handler.run(Server.java:2966)
13:51:31.558 [IPC Server handler 12 on default port 45285] ERROR OMAudit - user=runner | ip=127.0.0.1 | op=READ_VOLUME {volume=volume-95482} | ret=FAILURE
org.apache.hadoop.ozone.om.exceptions.OMException: Volume volume-95482 is not found
	at org.apache.hadoop.ozone.om.VolumeManagerImpl.getVolumeInfo(VolumeManagerImpl.java:74) ~[ozone-manager-1.3.0-SNAPSHOT.jar:?]
	at org.apache.hadoop.ozone.om.OzoneManager.getVolumeInfo(OzoneManager.java:2603) ~[ozone-manager-1.3.0-SNAPSHOT.jar:?]
	at org.apache.hadoop.ozone.protocolPB.OzoneManagerRequestHandler.infoVolume(OzoneManagerRequestHandler.java:397) ~[ozone-manager-1.3.0-SNAPSHOT.jar:?]
	at org.apache.hadoop.ozone.protocolPB.OzoneManagerRequestHandler.handleReadRequest(OzoneManagerRequestHandler.java:164) ~[ozone-manager-1.3.0-SNAPSHOT.jar:?]
	at org.apache.hadoop.ozone.protocolPB.OzoneManagerProtocolServerSideTranslatorPB.submitRequestDirectlyToOM(OzoneManagerProtocolServerSideTranslatorPB.java:276) ~[ozone-manager-1.3.0-SNAPSHOT.jar:?]
	at org.apache.hadoop.ozone.protocolPB.OzoneManagerProtocolServerSideTranslatorPB.processRequest(OzoneManagerProtocolServerSideTranslatorPB.java:205) ~[ozone-manager-1.3.0-SNAPSHOT.jar:?]
	at org.apache.hadoop.hdds.server.OzoneProtocolMessageDispatcher.processRequest(OzoneProtocolMessageDispatcher.java:87) [hdds-server-framework-1.3.0-SNAPSHOT.jar:?]
	at org.apache.hadoop.ozone.protocolPB.OzoneManagerProtocolServerSideTranslatorPB.submitRequest(OzoneManagerProtocolServerSideTranslatorPB.java:147) [ozone-manager-1.3.0-SNAPSHOT.jar:?]
	at org.apache.hadoop.ozone.protocol.proto.OzoneManagerProtocolProtos$OzoneManagerService$2.callBlockingMethod(OzoneManagerProtocolProtos.java) [ozone-interface-client-1.3.0-SNAPSHOT.jar:?]
	at org.apache.hadoop.ipc.ProtobufRpcEngine$Server.processCall(ProtobufRpcEngine.java:466) [hadoop-common-3.3.1.jar:?]
	at org.apache.hadoop.ipc.ProtobufRpcEngine2$Server$ProtoBufRpcInvoker.call(ProtobufRpcEngine2.java:574) [hadoop-common-3.3.1.jar:?]
	at org.apache.hadoop.ipc.ProtobufRpcEngine2$Server$ProtoBufRpcInvoker.call(ProtobufRpcEngine2.java:552) [hadoop-common-3.3.1.jar:?]
	at org.apache.hadoop.ipc.RPC$Server.call(RPC.java:1093) [hadoop-common-3.3.1.jar:?]
	at org.apache.hadoop.ipc.Server$RpcCall.run(Server.java:1035) [hadoop-common-3.3.1.jar:?]
	at org.apache.hadoop.ipc.Server$RpcCall.run(Server.java:963) [hadoop-common-3.3.1.jar:?]
	at java.security.AccessController.doPrivileged(Native Method) ~[?:1.8.0_332]
	at javax.security.auth.Subject.doAs(Subject.java:422) [?:1.8.0_332]
	at org.apache.hadoop.security.UserGroupInformation.doAs(UserGroupInformation.java:1878) [hadoop-common-3.3.1.jar:?]
	at org.apache.hadoop.ipc.Server$Handler.run(Server.java:2966) [hadoop-common-3.3.1.jar:?]
]]></system-out>
  </testcase>
  <testcase name="testDeleteVolumeAndBucket" classname="TestRootedOzoneFileSystem" time="0.122">
    <system-out><![CDATA[2022-07-27 13:52:47,556 [Time-limited test] INFO  rpc.RpcClient (RpcClient.java:createVolume(467)) - Creating Volume: volume82449, with user80665 as owner and space quota set to -1 bytes, counts quota set to -1
2022-07-27 13:52:47,560 [OM StateMachine ApplyTransaction Thread - 0] INFO  volume.OMVolumeCreateRequest (OMVolumeCreateRequest.java:validateAndUpdateCache(195)) - created volume:volume82449 for user:user80665
2022-07-27 13:52:47,561 [Time-limited test] INFO  rpc.RpcClient (RpcClient.java:createBucket(670)) - Creating Bucket: volume82449/bucket78273, with bucket layout LEGACY, runner as owner, Versioning false, Storage Type set to DISK and Encryption set to false 
2022-07-27 13:52:47,561 [OM StateMachine ApplyTransaction Thread - 0] INFO  bucket.OMBucketCreateRequest (OMBucketCreateRequest.java:validateAndUpdateCache(260)) - created bucket: bucket78273 of layout LEGACY in volume: volume82449
13:52:47.563 [IPC Server handler 9 on default port 34829] ERROR OMAudit - user=runner | ip=127.0.0.1 | op=READ_BUCKET {volume=volume-95709, bucket=bucket2} | ret=FAILURE
org.apache.hadoop.ozone.om.exceptions.OMException: Volume not found when getting bucket info
	at org.apache.hadoop.ozone.om.BucketManagerImpl.getBucketInfo(BucketManagerImpl.java:127) ~[ozone-manager-1.3.0-SNAPSHOT.jar:?]
	at org.apache.hadoop.ozone.om.OzoneManager.getBucketInfo(OzoneManager.java:2779) ~[ozone-manager-1.3.0-SNAPSHOT.jar:?]
	at org.apache.hadoop.ozone.protocolPB.OzoneManagerRequestHandler.infoBucket(OzoneManagerRequestHandler.java:471) ~[ozone-manager-1.3.0-SNAPSHOT.jar:?]
	at org.apache.hadoop.ozone.protocolPB.OzoneManagerRequestHandler.handleReadRequest(OzoneManagerRequestHandler.java:174) ~[ozone-manager-1.3.0-SNAPSHOT.jar:?]
	at org.apache.hadoop.ozone.protocolPB.OzoneManagerProtocolServerSideTranslatorPB.submitReadRequestToOM(OzoneManagerProtocolServerSideTranslatorPB.java:226) ~[ozone-manager-1.3.0-SNAPSHOT.jar:?]
	at org.apache.hadoop.ozone.protocolPB.OzoneManagerProtocolServerSideTranslatorPB.processRequest(OzoneManagerProtocolServerSideTranslatorPB.java:175) ~[ozone-manager-1.3.0-SNAPSHOT.jar:?]
	at org.apache.hadoop.hdds.server.OzoneProtocolMessageDispatcher.processRequest(OzoneProtocolMessageDispatcher.java:87) [hdds-server-framework-1.3.0-SNAPSHOT.jar:?]
	at org.apache.hadoop.ozone.protocolPB.OzoneManagerProtocolServerSideTranslatorPB.submitRequest(OzoneManagerProtocolServerSideTranslatorPB.java:147) [ozone-manager-1.3.0-SNAPSHOT.jar:?]
	at org.apache.hadoop.ozone.protocol.proto.OzoneManagerProtocolProtos$OzoneManagerService$2.callBlockingMethod(OzoneManagerProtocolProtos.java) [ozone-interface-client-1.3.0-SNAPSHOT.jar:?]
	at org.apache.hadoop.ipc.ProtobufRpcEngine$Server.processCall(ProtobufRpcEngine.java:466) [hadoop-common-3.3.1.jar:?]
	at org.apache.hadoop.ipc.ProtobufRpcEngine2$Server$ProtoBufRpcInvoker.call(ProtobufRpcEngine2.java:574) [hadoop-common-3.3.1.jar:?]
	at org.apache.hadoop.ipc.ProtobufRpcEngine2$Server$ProtoBufRpcInvoker.call(ProtobufRpcEngine2.java:552) [hadoop-common-3.3.1.jar:?]
	at org.apache.hadoop.ipc.RPC$Server.call(RPC.java:1093) [hadoop-common-3.3.1.jar:?]
	at org.apache.hadoop.ipc.Server$RpcCall.run(Server.java:1035) [hadoop-common-3.3.1.jar:?]
	at org.apache.hadoop.ipc.Server$RpcCall.run(Server.java:963) [hadoop-common-3.3.1.jar:?]
	at java.security.AccessController.doPrivileged(Native Method) ~[?:1.8.0_332]
	at javax.security.auth.Subject.doAs(Subject.java:422) [?:1.8.0_332]
	at org.apache.hadoop.security.UserGroupInformation.doAs(UserGroupInformation.java:1878) [hadoop-common-3.3.1.jar:?]
	at org.apache.hadoop.ipc.Server$Handler.run(Server.java:2966) [hadoop-common-3.3.1.jar:?]
2022-07-27 13:52:47,563 [Time-limited test] INFO  rpc.RpcClient (RpcClient.java:createVolume(467)) - Creating Volume: volume-95709, with runner as owner and space quota set to -1 bytes, counts quota set to -1
2022-07-27 13:52:47,565 [OM StateMachine ApplyTransaction Thread - 0] INFO  volume.OMVolumeCreateRequest (OMVolumeCreateRequest.java:validateAndUpdateCache(195)) - created volume:volume-95709 for user:runner
2022-07-27 13:52:47,565 [Time-limited test] INFO  rpc.RpcClient (RpcClient.java:createBucket(670)) - Creating Bucket: volume-95709/bucket2, with bucket layout LEGACY, runner as owner, Versioning false, Storage Type set to DISK and Encryption set to false 
2022-07-27 13:52:47,566 [OM StateMachine ApplyTransaction Thread - 0] INFO  bucket.OMBucketCreateRequest (OMBucketCreateRequest.java:validateAndUpdateCache(260)) - created bucket: bucket2 of layout LEGACY in volume: volume-95709
13:52:47.573 [OM StateMachine ApplyTransaction Thread - 0] ERROR OMAudit - user=runner | ip=127.0.0.1 | op=DELETE_VOLUME {volume=volume-95709} | ret=FAILURE
org.apache.hadoop.ozone.om.exceptions.OMException: null
	at org.apache.hadoop.ozone.om.request.volume.OMVolumeDeleteRequest.validateAndUpdateCache(OMVolumeDeleteRequest.java:122) ~[ozone-manager-1.3.0-SNAPSHOT.jar:?]
	at org.apache.hadoop.ozone.protocolPB.OzoneManagerRequestHandler.handleWriteRequest(OzoneManagerRequestHandler.java:300) ~[ozone-manager-1.3.0-SNAPSHOT.jar:?]
	at org.apache.hadoop.ozone.om.ratis.OzoneManagerStateMachine.runCommand(OzoneManagerStateMachine.java:529) ~[ozone-manager-1.3.0-SNAPSHOT.jar:?]
	at org.apache.hadoop.ozone.om.ratis.OzoneManagerStateMachine.lambda$1(OzoneManagerStateMachine.java:324) ~[ozone-manager-1.3.0-SNAPSHOT.jar:?]
	at java.util.concurrent.CompletableFuture$AsyncSupply.run(CompletableFuture.java:1604) [?:1.8.0_332]
	at java.util.concurrent.ThreadPoolExecutor.runWorker(ThreadPoolExecutor.java:1149) [?:1.8.0_332]
	at java.util.concurrent.ThreadPoolExecutor$Worker.run(ThreadPoolExecutor.java:624) [?:1.8.0_332]
	at java.lang.Thread.run(Thread.java:750) [?:1.8.0_332]
2022-07-27 13:52:47,573 [OM StateMachine ApplyTransaction Thread - 0] ERROR volume.OMVolumeDeleteRequest (OMVolumeDeleteRequest.java:validateAndUpdateCache(170)) - Volume deletion failed for user:runner volume:volume-95709
VOLUME_NOT_EMPTY org.apache.hadoop.ozone.om.exceptions.OMException
	at org.apache.hadoop.ozone.om.request.volume.OMVolumeDeleteRequest.validateAndUpdateCache(OMVolumeDeleteRequest.java:122)
	at org.apache.hadoop.ozone.protocolPB.OzoneManagerRequestHandler.handleWriteRequest(OzoneManagerRequestHandler.java:300)
	at org.apache.hadoop.ozone.om.ratis.OzoneManagerStateMachine.runCommand(OzoneManagerStateMachine.java:529)
	at org.apache.hadoop.ozone.om.ratis.OzoneManagerStateMachine.lambda$1(OzoneManagerStateMachine.java:324)
	at java.util.concurrent.CompletableFuture$AsyncSupply.run(CompletableFuture.java:1604)
	at java.util.concurrent.ThreadPoolExecutor.runWorker(ThreadPoolExecutor.java:1149)
	at java.util.concurrent.ThreadPoolExecutor$Worker.run(ThreadPoolExecutor.java:624)
	at java.lang.Thread.run(Thread.java:750)
13:52:47.588 [IPC Server handler 14 on default port 34829] ERROR OMAudit - user=runner | ip=127.0.0.1 | op=READ_VOLUME {volume=volume-95709} | ret=FAILURE
org.apache.hadoop.ozone.om.exceptions.OMException: Volume volume-95709 is not found
	at org.apache.hadoop.ozone.om.VolumeManagerImpl.getVolumeInfo(VolumeManagerImpl.java:74) ~[ozone-manager-1.3.0-SNAPSHOT.jar:?]
	at org.apache.hadoop.ozone.om.OzoneManager.getVolumeInfo(OzoneManager.java:2603) ~[ozone-manager-1.3.0-SNAPSHOT.jar:?]
	at org.apache.hadoop.ozone.protocolPB.OzoneManagerRequestHandler.infoVolume(OzoneManagerRequestHandler.java:397) ~[ozone-manager-1.3.0-SNAPSHOT.jar:?]
	at org.apache.hadoop.ozone.protocolPB.OzoneManagerRequestHandler.handleReadRequest(OzoneManagerRequestHandler.java:164) ~[ozone-manager-1.3.0-SNAPSHOT.jar:?]
	at org.apache.hadoop.ozone.protocolPB.OzoneManagerProtocolServerSideTranslatorPB.submitReadRequestToOM(OzoneManagerProtocolServerSideTranslatorPB.java:226) ~[ozone-manager-1.3.0-SNAPSHOT.jar:?]
	at org.apache.hadoop.ozone.protocolPB.OzoneManagerProtocolServerSideTranslatorPB.processRequest(OzoneManagerProtocolServerSideTranslatorPB.java:175) ~[ozone-manager-1.3.0-SNAPSHOT.jar:?]
	at org.apache.hadoop.hdds.server.OzoneProtocolMessageDispatcher.processRequest(OzoneProtocolMessageDispatcher.java:87) [hdds-server-framework-1.3.0-SNAPSHOT.jar:?]
	at org.apache.hadoop.ozone.protocolPB.OzoneManagerProtocolServerSideTranslatorPB.submitRequest(OzoneManagerProtocolServerSideTranslatorPB.java:147) [ozone-manager-1.3.0-SNAPSHOT.jar:?]
	at org.apache.hadoop.ozone.protocol.proto.OzoneManagerProtocolProtos$OzoneManagerService$2.callBlockingMethod(OzoneManagerProtocolProtos.java) [ozone-interface-client-1.3.0-SNAPSHOT.jar:?]
	at org.apache.hadoop.ipc.ProtobufRpcEngine$Server.processCall(ProtobufRpcEngine.java:466) [hadoop-common-3.3.1.jar:?]
	at org.apache.hadoop.ipc.ProtobufRpcEngine2$Server$ProtoBufRpcInvoker.call(ProtobufRpcEngine2.java:574) [hadoop-common-3.3.1.jar:?]
	at org.apache.hadoop.ipc.ProtobufRpcEngine2$Server$ProtoBufRpcInvoker.call(ProtobufRpcEngine2.java:552) [hadoop-common-3.3.1.jar:?]
	at org.apache.hadoop.ipc.RPC$Server.call(RPC.java:1093) [hadoop-common-3.3.1.jar:?]
	at org.apache.hadoop.ipc.Server$RpcCall.run(Server.java:1035) [hadoop-common-3.3.1.jar:?]
	at org.apache.hadoop.ipc.Server$RpcCall.run(Server.java:963) [hadoop-common-3.3.1.jar:?]
	at java.security.AccessController.doPrivileged(Native Method) ~[?:1.8.0_332]
	at javax.security.auth.Subject.doAs(Subject.java:422) [?:1.8.0_332]
	at org.apache.hadoop.security.UserGroupInformation.doAs(UserGroupInformation.java:1878) [hadoop-common-3.3.1.jar:?]
	at org.apache.hadoop.ipc.Server$Handler.run(Server.java:2966) [hadoop-common-3.3.1.jar:?]
]]></system-out>
  </testcase>
  <testcase name="testDeleteVolumeAndBucket" classname="TestRootedOzoneFileSystem" time="0.094">
    <system-out><![CDATA[2022-07-27 13:54:07,700 [Time-limited test] INFO  rpc.RpcClient (RpcClient.java:createVolume(467)) - Creating Volume: volume07949, with user10075 as owner and space quota set to -1 bytes, counts quota set to -1
2022-07-27 13:54:07,707 [IPC Server handler 5 on default port 41147] INFO  volume.OMVolumeCreateRequest (OMVolumeCreateRequest.java:validateAndUpdateCache(195)) - created volume:volume07949 for user:user10075
2022-07-27 13:54:07,725 [Time-limited test] INFO  rpc.RpcClient (RpcClient.java:createBucket(670)) - Creating Bucket: volume07949/bucket89013, with bucket layout LEGACY, runner as owner, Versioning false, Storage Type set to DISK and Encryption set to false 
2022-07-27 13:54:07,727 [IPC Server handler 3 on default port 41147] INFO  bucket.OMBucketCreateRequest (OMBucketCreateRequest.java:validateAndUpdateCache(260)) - created bucket: bucket89013 of layout LEGACY in volume: volume07949
13:54:07.732 [IPC Server handler 15 on default port 41147] ERROR OMAudit - user=runner | ip=127.0.0.1 | op=READ_BUCKET {volume=volume-08186, bucket=bucket2} | ret=FAILURE
org.apache.hadoop.ozone.om.exceptions.OMException: Volume not found when getting bucket info
	at org.apache.hadoop.ozone.om.BucketManagerImpl.getBucketInfo(BucketManagerImpl.java:127) ~[ozone-manager-1.3.0-SNAPSHOT.jar:?]
	at org.apache.hadoop.ozone.om.OzoneManager.getBucketInfo(OzoneManager.java:2779) ~[ozone-manager-1.3.0-SNAPSHOT.jar:?]
	at org.apache.hadoop.ozone.protocolPB.OzoneManagerRequestHandler.infoBucket(OzoneManagerRequestHandler.java:471) ~[ozone-manager-1.3.0-SNAPSHOT.jar:?]
	at org.apache.hadoop.ozone.protocolPB.OzoneManagerRequestHandler.handleReadRequest(OzoneManagerRequestHandler.java:174) ~[ozone-manager-1.3.0-SNAPSHOT.jar:?]
	at org.apache.hadoop.ozone.protocolPB.OzoneManagerProtocolServerSideTranslatorPB.submitRequestDirectlyToOM(OzoneManagerProtocolServerSideTranslatorPB.java:276) ~[ozone-manager-1.3.0-SNAPSHOT.jar:?]
	at org.apache.hadoop.ozone.protocolPB.OzoneManagerProtocolServerSideTranslatorPB.processRequest(OzoneManagerProtocolServerSideTranslatorPB.java:205) ~[ozone-manager-1.3.0-SNAPSHOT.jar:?]
	at org.apache.hadoop.hdds.server.OzoneProtocolMessageDispatcher.processRequest(OzoneProtocolMessageDispatcher.java:87) [hdds-server-framework-1.3.0-SNAPSHOT.jar:?]
	at org.apache.hadoop.ozone.protocolPB.OzoneManagerProtocolServerSideTranslatorPB.submitRequest(OzoneManagerProtocolServerSideTranslatorPB.java:147) [ozone-manager-1.3.0-SNAPSHOT.jar:?]
	at org.apache.hadoop.ozone.protocol.proto.OzoneManagerProtocolProtos$OzoneManagerService$2.callBlockingMethod(OzoneManagerProtocolProtos.java) [ozone-interface-client-1.3.0-SNAPSHOT.jar:?]
	at org.apache.hadoop.ipc.ProtobufRpcEngine$Server.processCall(ProtobufRpcEngine.java:466) [hadoop-common-3.3.1.jar:?]
	at org.apache.hadoop.ipc.ProtobufRpcEngine2$Server$ProtoBufRpcInvoker.call(ProtobufRpcEngine2.java:574) [hadoop-common-3.3.1.jar:?]
	at org.apache.hadoop.ipc.ProtobufRpcEngine2$Server$ProtoBufRpcInvoker.call(ProtobufRpcEngine2.java:552) [hadoop-common-3.3.1.jar:?]
	at org.apache.hadoop.ipc.RPC$Server.call(RPC.java:1093) [hadoop-common-3.3.1.jar:?]
	at org.apache.hadoop.ipc.Server$RpcCall.run(Server.java:1035) [hadoop-common-3.3.1.jar:?]
	at org.apache.hadoop.ipc.Server$RpcCall.run(Server.java:963) [hadoop-common-3.3.1.jar:?]
	at java.security.AccessController.doPrivileged(Native Method) ~[?:1.8.0_332]
	at javax.security.auth.Subject.doAs(Subject.java:422) [?:1.8.0_332]
	at org.apache.hadoop.security.UserGroupInformation.doAs(UserGroupInformation.java:1878) [hadoop-common-3.3.1.jar:?]
	at org.apache.hadoop.ipc.Server$Handler.run(Server.java:2966) [hadoop-common-3.3.1.jar:?]
2022-07-27 13:54:07,732 [Time-limited test] INFO  rpc.RpcClient (RpcClient.java:createVolume(467)) - Creating Volume: volume-08186, with runner as owner and space quota set to -1 bytes, counts quota set to -1
2022-07-27 13:54:07,733 [IPC Server handler 14 on default port 41147] INFO  volume.OMVolumeCreateRequest (OMVolumeCreateRequest.java:validateAndUpdateCache(195)) - created volume:volume-08186 for user:runner
2022-07-27 13:54:07,733 [Time-limited test] INFO  rpc.RpcClient (RpcClient.java:createBucket(670)) - Creating Bucket: volume-08186/bucket2, with bucket layout LEGACY, runner as owner, Versioning false, Storage Type set to DISK and Encryption set to false 
2022-07-27 13:54:07,734 [IPC Server handler 1 on default port 41147] INFO  bucket.OMBucketCreateRequest (OMBucketCreateRequest.java:validateAndUpdateCache(260)) - created bucket: bucket2 of layout LEGACY in volume: volume-08186
13:54:07.735 [IPC Server handler 12 on default port 41147] ERROR OMAudit - user=runner | ip=127.0.0.1 | op=DELETE_VOLUME {volume=volume-08186} | ret=FAILURE
org.apache.hadoop.ozone.om.exceptions.OMException: null
	at org.apache.hadoop.ozone.om.request.volume.OMVolumeDeleteRequest.validateAndUpdateCache(OMVolumeDeleteRequest.java:122) ~[ozone-manager-1.3.0-SNAPSHOT.jar:?]
	at org.apache.hadoop.ozone.protocolPB.OzoneManagerRequestHandler.handleWriteRequest(OzoneManagerRequestHandler.java:300) ~[ozone-manager-1.3.0-SNAPSHOT.jar:?]
	at org.apache.hadoop.ozone.protocolPB.OzoneManagerProtocolServerSideTranslatorPB.submitRequestDirectlyToOM(OzoneManagerProtocolServerSideTranslatorPB.java:282) ~[ozone-manager-1.3.0-SNAPSHOT.jar:?]
	at org.apache.hadoop.ozone.protocolPB.OzoneManagerProtocolServerSideTranslatorPB.processRequest(OzoneManagerProtocolServerSideTranslatorPB.java:205) ~[ozone-manager-1.3.0-SNAPSHOT.jar:?]
	at org.apache.hadoop.hdds.server.OzoneProtocolMessageDispatcher.processRequest(OzoneProtocolMessageDispatcher.java:87) [hdds-server-framework-1.3.0-SNAPSHOT.jar:?]
	at org.apache.hadoop.ozone.protocolPB.OzoneManagerProtocolServerSideTranslatorPB.submitRequest(OzoneManagerProtocolServerSideTranslatorPB.java:147) [ozone-manager-1.3.0-SNAPSHOT.jar:?]
	at org.apache.hadoop.ozone.protocol.proto.OzoneManagerProtocolProtos$OzoneManagerService$2.callBlockingMethod(OzoneManagerProtocolProtos.java) [ozone-interface-client-1.3.0-SNAPSHOT.jar:?]
	at org.apache.hadoop.ipc.ProtobufRpcEngine$Server.processCall(ProtobufRpcEngine.java:466) [hadoop-common-3.3.1.jar:?]
	at org.apache.hadoop.ipc.ProtobufRpcEngine2$Server$ProtoBufRpcInvoker.call(ProtobufRpcEngine2.java:574) [hadoop-common-3.3.1.jar:?]
	at org.apache.hadoop.ipc.ProtobufRpcEngine2$Server$ProtoBufRpcInvoker.call(ProtobufRpcEngine2.java:552) [hadoop-common-3.3.1.jar:?]
	at org.apache.hadoop.ipc.RPC$Server.call(RPC.java:1093) [hadoop-common-3.3.1.jar:?]
	at org.apache.hadoop.ipc.Server$RpcCall.run(Server.java:1035) [hadoop-common-3.3.1.jar:?]
	at org.apache.hadoop.ipc.Server$RpcCall.run(Server.java:963) [hadoop-common-3.3.1.jar:?]
	at java.security.AccessController.doPrivileged(Native Method) ~[?:1.8.0_332]
	at javax.security.auth.Subject.doAs(Subject.java:422) [?:1.8.0_332]
	at org.apache.hadoop.security.UserGroupInformation.doAs(UserGroupInformation.java:1878) [hadoop-common-3.3.1.jar:?]
	at org.apache.hadoop.ipc.Server$Handler.run(Server.java:2966) [hadoop-common-3.3.1.jar:?]
2022-07-27 13:54:07,736 [IPC Server handler 12 on default port 41147] ERROR volume.OMVolumeDeleteRequest (OMVolumeDeleteRequest.java:validateAndUpdateCache(170)) - Volume deletion failed for user:runner volume:volume-08186
VOLUME_NOT_EMPTY org.apache.hadoop.ozone.om.exceptions.OMException
	at org.apache.hadoop.ozone.om.request.volume.OMVolumeDeleteRequest.validateAndUpdateCache(OMVolumeDeleteRequest.java:122)
	at org.apache.hadoop.ozone.protocolPB.OzoneManagerRequestHandler.handleWriteRequest(OzoneManagerRequestHandler.java:300)
	at org.apache.hadoop.ozone.protocolPB.OzoneManagerProtocolServerSideTranslatorPB.submitRequestDirectlyToOM(OzoneManagerProtocolServerSideTranslatorPB.java:282)
	at org.apache.hadoop.ozone.protocolPB.OzoneManagerProtocolServerSideTranslatorPB.processRequest(OzoneManagerProtocolServerSideTranslatorPB.java:205)
	at org.apache.hadoop.hdds.server.OzoneProtocolMessageDispatcher.processRequest(OzoneProtocolMessageDispatcher.java:87)
	at org.apache.hadoop.ozone.protocolPB.OzoneManagerProtocolServerSideTranslatorPB.submitRequest(OzoneManagerProtocolServerSideTranslatorPB.java:147)
	at org.apache.hadoop.ozone.protocol.proto.OzoneManagerProtocolProtos$OzoneManagerService$2.callBlockingMethod(OzoneManagerProtocolProtos.java)
	at org.apache.hadoop.ipc.ProtobufRpcEngine$Server.processCall(ProtobufRpcEngine.java:466)
	at org.apache.hadoop.ipc.ProtobufRpcEngine2$Server$ProtoBufRpcInvoker.call(ProtobufRpcEngine2.java:574)
	at org.apache.hadoop.ipc.ProtobufRpcEngine2$Server$ProtoBufRpcInvoker.call(ProtobufRpcEngine2.java:552)
	at org.apache.hadoop.ipc.RPC$Server.call(RPC.java:1093)
	at org.apache.hadoop.ipc.Server$RpcCall.run(Server.java:1035)
	at org.apache.hadoop.ipc.Server$RpcCall.run(Server.java:963)
	at java.security.AccessController.doPrivileged(Native Method)
	at javax.security.auth.Subject.doAs(Subject.java:422)
	at org.apache.hadoop.security.UserGroupInformation.doAs(UserGroupInformation.java:1878)
	at org.apache.hadoop.ipc.Server$Handler.run(Server.java:2966)
13:54:07.756 [IPC Server handler 18 on default port 41147] ERROR OMAudit - user=runner | ip=127.0.0.1 | op=READ_VOLUME {volume=volume-08186} | ret=FAILURE
org.apache.hadoop.ozone.om.exceptions.OMException: Volume volume-08186 is not found
	at org.apache.hadoop.ozone.om.VolumeManagerImpl.getVolumeInfo(VolumeManagerImpl.java:74) ~[ozone-manager-1.3.0-SNAPSHOT.jar:?]
	at org.apache.hadoop.ozone.om.OzoneManager.getVolumeInfo(OzoneManager.java:2603) ~[ozone-manager-1.3.0-SNAPSHOT.jar:?]
	at org.apache.hadoop.ozone.protocolPB.OzoneManagerRequestHandler.infoVolume(OzoneManagerRequestHandler.java:397) ~[ozone-manager-1.3.0-SNAPSHOT.jar:?]
	at org.apache.hadoop.ozone.protocolPB.OzoneManagerRequestHandler.handleReadRequest(OzoneManagerRequestHandler.java:164) ~[ozone-manager-1.3.0-SNAPSHOT.jar:?]
	at org.apache.hadoop.ozone.protocolPB.OzoneManagerProtocolServerSideTranslatorPB.submitRequestDirectlyToOM(OzoneManagerProtocolServerSideTranslatorPB.java:276) ~[ozone-manager-1.3.0-SNAPSHOT.jar:?]
	at org.apache.hadoop.ozone.protocolPB.OzoneManagerProtocolServerSideTranslatorPB.processRequest(OzoneManagerProtocolServerSideTranslatorPB.java:205) ~[ozone-manager-1.3.0-SNAPSHOT.jar:?]
	at org.apache.hadoop.hdds.server.OzoneProtocolMessageDispatcher.processRequest(OzoneProtocolMessageDispatcher.java:87) [hdds-server-framework-1.3.0-SNAPSHOT.jar:?]
	at org.apache.hadoop.ozone.protocolPB.OzoneManagerProtocolServerSideTranslatorPB.submitRequest(OzoneManagerProtocolServerSideTranslatorPB.java:147) [ozone-manager-1.3.0-SNAPSHOT.jar:?]
	at org.apache.hadoop.ozone.protocol.proto.OzoneManagerProtocolProtos$OzoneManagerService$2.callBlockingMethod(OzoneManagerProtocolProtos.java) [ozone-interface-client-1.3.0-SNAPSHOT.jar:?]
	at org.apache.hadoop.ipc.ProtobufRpcEngine$Server.processCall(ProtobufRpcEngine.java:466) [hadoop-common-3.3.1.jar:?]
	at org.apache.hadoop.ipc.ProtobufRpcEngine2$Server$ProtoBufRpcInvoker.call(ProtobufRpcEngine2.java:574) [hadoop-common-3.3.1.jar:?]
	at org.apache.hadoop.ipc.ProtobufRpcEngine2$Server$ProtoBufRpcInvoker.call(ProtobufRpcEngine2.java:552) [hadoop-common-3.3.1.jar:?]
	at org.apache.hadoop.ipc.RPC$Server.call(RPC.java:1093) [hadoop-common-3.3.1.jar:?]
	at org.apache.hadoop.ipc.Server$RpcCall.run(Server.java:1035) [hadoop-common-3.3.1.jar:?]
	at org.apache.hadoop.ipc.Server$RpcCall.run(Server.java:963) [hadoop-common-3.3.1.jar:?]
	at java.security.AccessController.doPrivileged(Native Method) ~[?:1.8.0_332]
	at javax.security.auth.Subject.doAs(Subject.java:422) [?:1.8.0_332]
	at org.apache.hadoop.security.UserGroupInformation.doAs(UserGroupInformation.java:1878) [hadoop-common-3.3.1.jar:?]
	at org.apache.hadoop.ipc.Server$Handler.run(Server.java:2966) [hadoop-common-3.3.1.jar:?]
]]></system-out>
  </testcase>
  <testcase name="testRenameDirToItsOwnSubDir" classname="TestRootedOzoneFileSystem" time="0.089">
    <system-out><![CDATA[2022-07-27 13:49:17,839 [Time-limited test] INFO  rpc.RpcClient (RpcClient.java:createVolume(467)) - Creating Volume: volume13735, with user99392 as owner and space quota set to -1 bytes, counts quota set to -1
2022-07-27 13:49:17,842 [OM StateMachine ApplyTransaction Thread - 0] INFO  volume.OMVolumeCreateRequest (OMVolumeCreateRequest.java:validateAndUpdateCache(195)) - created volume:volume13735 for user:user99392
2022-07-27 13:49:17,846 [Time-limited test] INFO  rpc.RpcClient (RpcClient.java:createBucket(670)) - Creating Bucket: volume13735/bucket22735, with bucket layout LEGACY, runner as owner, Versioning false, Storage Type set to DISK and Encryption set to false 
2022-07-27 13:49:17,849 [OM StateMachine ApplyTransaction Thread - 0] INFO  bucket.OMBucketCreateRequest (OMBucketCreateRequest.java:validateAndUpdateCache(260)) - created bucket: bucket22735 of layout LEGACY in volume: volume13735
2022-07-27 13:49:17,857 [Time-limited test] INFO  ozone.TestRootedOzoneFileSystem (TestRootedOzoneFileSystem.java:testRenameDirToItsOwnSubDir(1610)) - Created dir1 /volume13735/bucket22735/root/dir1/sub_dir1
2022-07-27 13:49:17,857 [Time-limited test] INFO  ozone.TestRootedOzoneFileSystem (TestRootedOzoneFileSystem.java:testRenameDirToItsOwnSubDir(1613)) - Rename op-> source:/volume13735/bucket22735/root to destin:/volume13735/bucket22735/root/dir1/sub_dir1
]]></system-out>
  </testcase>
  <testcase name="testRenameDirToItsOwnSubDir" classname="TestRootedOzoneFileSystem" time="0.096">
    <system-out><![CDATA[2022-07-27 13:50:22,497 [Time-limited test] INFO  rpc.RpcClient (RpcClient.java:createVolume(467)) - Creating Volume: volume97218, with user84277 as owner and space quota set to -1 bytes, counts quota set to -1
2022-07-27 13:50:22,503 [OM StateMachine ApplyTransaction Thread - 0] INFO  volume.OMVolumeCreateRequest (OMVolumeCreateRequest.java:validateAndUpdateCache(195)) - created volume:volume97218 for user:user84277
2022-07-27 13:50:22,507 [Time-limited test] INFO  rpc.RpcClient (RpcClient.java:createBucket(670)) - Creating Bucket: volume97218/bucket81612, with bucket layout LEGACY, runner as owner, Versioning false, Storage Type set to DISK and Encryption set to false 
2022-07-27 13:50:22,508 [OM StateMachine ApplyTransaction Thread - 0] INFO  bucket.OMBucketCreateRequest (OMBucketCreateRequest.java:validateAndUpdateCache(260)) - created bucket: bucket81612 of layout LEGACY in volume: volume97218
2022-07-27 13:50:22,512 [Time-limited test] INFO  ozone.TestRootedOzoneFileSystem (TestRootedOzoneFileSystem.java:testRenameDirToItsOwnSubDir(1610)) - Created dir1 /volume97218/bucket81612/root/dir1/sub_dir1
2022-07-27 13:50:22,512 [Time-limited test] INFO  ozone.TestRootedOzoneFileSystem (TestRootedOzoneFileSystem.java:testRenameDirToItsOwnSubDir(1613)) - Rename op-> source:/volume97218/bucket81612/root to destin:/volume97218/bucket81612/root/dir1/sub_dir1
]]></system-out>
  </testcase>
  <testcase name="testRenameDirToItsOwnSubDir" classname="TestRootedOzoneFileSystem" time="0.105">
    <system-out><![CDATA[2022-07-27 13:51:31,645 [Time-limited test] INFO  rpc.RpcClient (RpcClient.java:createVolume(467)) - Creating Volume: volume16577, with user37436 as owner and space quota set to -1 bytes, counts quota set to -1
2022-07-27 13:51:31,647 [IPC Server handler 11 on default port 45285] INFO  volume.OMVolumeCreateRequest (OMVolumeCreateRequest.java:validateAndUpdateCache(195)) - created volume:volume16577 for user:user37436
2022-07-27 13:51:31,648 [Time-limited test] INFO  rpc.RpcClient (RpcClient.java:createBucket(670)) - Creating Bucket: volume16577/bucket30812, with bucket layout LEGACY, runner as owner, Versioning false, Storage Type set to DISK and Encryption set to false 
2022-07-27 13:51:31,648 [IPC Server handler 13 on default port 45285] INFO  bucket.OMBucketCreateRequest (OMBucketCreateRequest.java:validateAndUpdateCache(260)) - created bucket: bucket30812 of layout LEGACY in volume: volume16577
2022-07-27 13:51:31,650 [Time-limited test] INFO  ozone.TestRootedOzoneFileSystem (TestRootedOzoneFileSystem.java:testRenameDirToItsOwnSubDir(1610)) - Created dir1 /volume16577/bucket30812/root/dir1/sub_dir1
2022-07-27 13:51:31,650 [Time-limited test] INFO  ozone.TestRootedOzoneFileSystem (TestRootedOzoneFileSystem.java:testRenameDirToItsOwnSubDir(1613)) - Rename op-> source:/volume16577/bucket30812/root to destin:/volume16577/bucket30812/root/dir1/sub_dir1
]]></system-out>
  </testcase>
  <testcase name="testRenameDirToItsOwnSubDir" classname="TestRootedOzoneFileSystem" time="0.096">
    <system-out><![CDATA[2022-07-27 13:52:47,663 [Time-limited test] INFO  rpc.RpcClient (RpcClient.java:createVolume(467)) - Creating Volume: volume57493, with user32421 as owner and space quota set to -1 bytes, counts quota set to -1
2022-07-27 13:52:47,666 [OM StateMachine ApplyTransaction Thread - 0] INFO  volume.OMVolumeCreateRequest (OMVolumeCreateRequest.java:validateAndUpdateCache(195)) - created volume:volume57493 for user:user32421
2022-07-27 13:52:47,679 [Time-limited test] INFO  rpc.RpcClient (RpcClient.java:createBucket(670)) - Creating Bucket: volume57493/bucket99749, with bucket layout LEGACY, runner as owner, Versioning false, Storage Type set to DISK and Encryption set to false 
2022-07-27 13:52:47,682 [OM StateMachine ApplyTransaction Thread - 0] INFO  bucket.OMBucketCreateRequest (OMBucketCreateRequest.java:validateAndUpdateCache(260)) - created bucket: bucket99749 of layout LEGACY in volume: volume57493
2022-07-27 13:52:47,690 [Time-limited test] INFO  ozone.TestRootedOzoneFileSystem (TestRootedOzoneFileSystem.java:testRenameDirToItsOwnSubDir(1610)) - Created dir1 /volume57493/bucket99749/root/dir1/sub_dir1
2022-07-27 13:52:47,690 [Time-limited test] INFO  ozone.TestRootedOzoneFileSystem (TestRootedOzoneFileSystem.java:testRenameDirToItsOwnSubDir(1613)) - Rename op-> source:/volume57493/bucket99749/root to destin:/volume57493/bucket99749/root/dir1/sub_dir1
]]></system-out>
  </testcase>
  <testcase name="testRenameDirToItsOwnSubDir" classname="TestRootedOzoneFileSystem" time="0.125">
    <system-out><![CDATA[2022-07-27 13:54:07,831 [Time-limited test] INFO  rpc.RpcClient (RpcClient.java:createVolume(467)) - Creating Volume: volume77331, with user16493 as owner and space quota set to -1 bytes, counts quota set to -1
2022-07-27 13:54:07,832 [IPC Server handler 0 on default port 41147] INFO  volume.OMVolumeCreateRequest (OMVolumeCreateRequest.java:validateAndUpdateCache(195)) - created volume:volume77331 for user:user16493
2022-07-27 13:54:07,844 [Time-limited test] INFO  rpc.RpcClient (RpcClient.java:createBucket(670)) - Creating Bucket: volume77331/bucket56743, with bucket layout LEGACY, runner as owner, Versioning false, Storage Type set to DISK and Encryption set to false 
2022-07-27 13:54:07,844 [IPC Server handler 17 on default port 41147] INFO  bucket.OMBucketCreateRequest (OMBucketCreateRequest.java:validateAndUpdateCache(260)) - created bucket: bucket56743 of layout LEGACY in volume: volume77331
2022-07-27 13:54:07,855 [Time-limited test] INFO  ozone.TestRootedOzoneFileSystem (TestRootedOzoneFileSystem.java:testRenameDirToItsOwnSubDir(1610)) - Created dir1 /volume77331/bucket56743/root/dir1/sub_dir1
2022-07-27 13:54:07,855 [Time-limited test] INFO  ozone.TestRootedOzoneFileSystem (TestRootedOzoneFileSystem.java:testRenameDirToItsOwnSubDir(1613)) - Rename op-> source:/volume77331/bucket56743/root to destin:/volume77331/bucket56743/root/dir1/sub_dir1
]]></system-out>
  </testcase>
  <testcase name="testDeleteBucketLink" classname="TestRootedOzoneFileSystem" time="0.153">
    <system-out><![CDATA[2022-07-27 13:49:17,921 [Time-limited test] INFO  rpc.RpcClient (RpcClient.java:createVolume(467)) - Creating Volume: volume50232, with user40209 as owner and space quota set to -1 bytes, counts quota set to -1
2022-07-27 13:49:17,924 [OM StateMachine ApplyTransaction Thread - 0] INFO  volume.OMVolumeCreateRequest (OMVolumeCreateRequest.java:validateAndUpdateCache(195)) - created volume:volume50232 for user:user40209
2022-07-27 13:49:17,928 [Time-limited test] INFO  rpc.RpcClient (RpcClient.java:createBucket(670)) - Creating Bucket: volume50232/bucket64881, with bucket layout LEGACY, runner as owner, Versioning false, Storage Type set to DISK and Encryption set to false 
2022-07-27 13:49:17,931 [OM StateMachine ApplyTransaction Thread - 0] INFO  bucket.OMBucketCreateRequest (OMBucketCreateRequest.java:validateAndUpdateCache(260)) - created bucket: bucket64881 of layout LEGACY in volume: volume50232
2022-07-27 13:49:17,939 [Time-limited test] INFO  rpc.RpcClient (RpcClient.java:createVolume(467)) - Creating Volume: volume-64201, with runner as owner and space quota set to -1 bytes, counts quota set to -1
2022-07-27 13:49:17,942 [OM StateMachine ApplyTransaction Thread - 0] INFO  volume.OMVolumeCreateRequest (OMVolumeCreateRequest.java:validateAndUpdateCache(195)) - created volume:volume-64201 for user:runner
2022-07-27 13:49:17,944 [Time-limited test] INFO  rpc.RpcClient (RpcClient.java:createBucket(670)) - Creating Bucket: volume-64201/bucket, with bucket layout LEGACY, runner as owner, Versioning false, Storage Type set to DISK and Encryption set to false 
2022-07-27 13:49:17,946 [OM StateMachine ApplyTransaction Thread - 0] INFO  bucket.OMBucketCreateRequest (OMBucketCreateRequest.java:validateAndUpdateCache(260)) - created bucket: bucket of layout LEGACY in volume: volume-64201
2022-07-27 13:49:17,954 [Time-limited test] INFO  rpc.RpcClient (RpcClient.java:createVolume(467)) - Creating Volume: volume-34177, with runner as owner and space quota set to -1 bytes, counts quota set to -1
2022-07-27 13:49:17,957 [OM StateMachine ApplyTransaction Thread - 0] INFO  volume.OMVolumeCreateRequest (OMVolumeCreateRequest.java:validateAndUpdateCache(195)) - created volume:volume-34177 for user:runner
2022-07-27 13:49:17,958 [Time-limited test] INFO  rpc.RpcClient (RpcClient.java:createBucket(670)) - Creating Bucket: volume-34177/link, with server-side default bucket layout, runner as owner, Versioning false, Storage Type set to DISK and Encryption set to false 
2022-07-27 13:49:17,961 [OM StateMachine ApplyTransaction Thread - 0] INFO  bucket.OMBucketCreateRequest (OMBucketCreateRequest.java:validateAndUpdateCache(260)) - created bucket: link of layout LEGACY in volume: volume-34177
13:49:17.978 [OM StateMachine ApplyTransaction Thread - 0] ERROR OMAudit - user=runner | ip=127.0.0.1 | op=DELETE_VOLUME {volume=volume-34177} | ret=FAILURE
org.apache.hadoop.ozone.om.exceptions.OMException: null
	at org.apache.hadoop.ozone.om.request.volume.OMVolumeDeleteRequest.validateAndUpdateCache(OMVolumeDeleteRequest.java:122) ~[ozone-manager-1.3.0-SNAPSHOT.jar:?]
	at org.apache.hadoop.ozone.protocolPB.OzoneManagerRequestHandler.handleWriteRequest(OzoneManagerRequestHandler.java:300) ~[ozone-manager-1.3.0-SNAPSHOT.jar:?]
	at org.apache.hadoop.ozone.om.ratis.OzoneManagerStateMachine.runCommand(OzoneManagerStateMachine.java:529) ~[ozone-manager-1.3.0-SNAPSHOT.jar:?]
	at org.apache.hadoop.ozone.om.ratis.OzoneManagerStateMachine.lambda$1(OzoneManagerStateMachine.java:324) ~[ozone-manager-1.3.0-SNAPSHOT.jar:?]
	at java.util.concurrent.CompletableFuture$AsyncSupply.run(CompletableFuture.java:1604) [?:1.8.0_332]
	at java.util.concurrent.ThreadPoolExecutor.runWorker(ThreadPoolExecutor.java:1149) [?:1.8.0_332]
	at java.util.concurrent.ThreadPoolExecutor$Worker.run(ThreadPoolExecutor.java:624) [?:1.8.0_332]
	at java.lang.Thread.run(Thread.java:750) [?:1.8.0_332]
2022-07-27 13:49:17,978 [OM StateMachine ApplyTransaction Thread - 0] ERROR volume.OMVolumeDeleteRequest (OMVolumeDeleteRequest.java:validateAndUpdateCache(170)) - Volume deletion failed for user:runner volume:volume-34177
VOLUME_NOT_EMPTY org.apache.hadoop.ozone.om.exceptions.OMException
	at org.apache.hadoop.ozone.om.request.volume.OMVolumeDeleteRequest.validateAndUpdateCache(OMVolumeDeleteRequest.java:122)
	at org.apache.hadoop.ozone.protocolPB.OzoneManagerRequestHandler.handleWriteRequest(OzoneManagerRequestHandler.java:300)
	at org.apache.hadoop.ozone.om.ratis.OzoneManagerStateMachine.runCommand(OzoneManagerStateMachine.java:529)
	at org.apache.hadoop.ozone.om.ratis.OzoneManagerStateMachine.lambda$1(OzoneManagerStateMachine.java:324)
	at java.util.concurrent.CompletableFuture$AsyncSupply.run(CompletableFuture.java:1604)
	at java.util.concurrent.ThreadPoolExecutor.runWorker(ThreadPoolExecutor.java:1149)
	at java.util.concurrent.ThreadPoolExecutor$Worker.run(ThreadPoolExecutor.java:624)
	at java.lang.Thread.run(Thread.java:750)
]]></system-out>
  </testcase>
  <testcase name="testDeleteBucketLink" classname="TestRootedOzoneFileSystem" time="0.155">
    <system-out><![CDATA[2022-07-27 13:50:22,625 [Time-limited test] INFO  rpc.RpcClient (RpcClient.java:createVolume(467)) - Creating Volume: volume10137, with user99087 as owner and space quota set to -1 bytes, counts quota set to -1
2022-07-27 13:50:22,633 [OM StateMachine ApplyTransaction Thread - 0] INFO  volume.OMVolumeCreateRequest (OMVolumeCreateRequest.java:validateAndUpdateCache(195)) - created volume:volume10137 for user:user99087
2022-07-27 13:50:22,634 [Time-limited test] INFO  rpc.RpcClient (RpcClient.java:createBucket(670)) - Creating Bucket: volume10137/bucket47061, with bucket layout LEGACY, runner as owner, Versioning false, Storage Type set to DISK and Encryption set to false 
2022-07-27 13:50:22,635 [OM StateMachine ApplyTransaction Thread - 0] INFO  bucket.OMBucketCreateRequest (OMBucketCreateRequest.java:validateAndUpdateCache(260)) - created bucket: bucket47061 of layout LEGACY in volume: volume10137
13:50:22.637 [IPC Server handler 8 on default port 46277] ERROR OMAudit - user=runner | ip=127.0.0.1 | op=READ_BUCKET {volume=volume-97715, bucket=bucket} | ret=FAILURE
org.apache.hadoop.ozone.om.exceptions.OMException: Volume not found when getting bucket info
	at org.apache.hadoop.ozone.om.BucketManagerImpl.getBucketInfo(BucketManagerImpl.java:127) ~[ozone-manager-1.3.0-SNAPSHOT.jar:?]
	at org.apache.hadoop.ozone.om.OzoneManager.getBucketInfo(OzoneManager.java:2779) ~[ozone-manager-1.3.0-SNAPSHOT.jar:?]
	at org.apache.hadoop.ozone.protocolPB.OzoneManagerRequestHandler.infoBucket(OzoneManagerRequestHandler.java:471) ~[ozone-manager-1.3.0-SNAPSHOT.jar:?]
	at org.apache.hadoop.ozone.protocolPB.OzoneManagerRequestHandler.handleReadRequest(OzoneManagerRequestHandler.java:174) ~[ozone-manager-1.3.0-SNAPSHOT.jar:?]
	at org.apache.hadoop.ozone.protocolPB.OzoneManagerProtocolServerSideTranslatorPB.submitReadRequestToOM(OzoneManagerProtocolServerSideTranslatorPB.java:226) ~[ozone-manager-1.3.0-SNAPSHOT.jar:?]
	at org.apache.hadoop.ozone.protocolPB.OzoneManagerProtocolServerSideTranslatorPB.processRequest(OzoneManagerProtocolServerSideTranslatorPB.java:175) ~[ozone-manager-1.3.0-SNAPSHOT.jar:?]
	at org.apache.hadoop.hdds.server.OzoneProtocolMessageDispatcher.processRequest(OzoneProtocolMessageDispatcher.java:87) [hdds-server-framework-1.3.0-SNAPSHOT.jar:?]
	at org.apache.hadoop.ozone.protocolPB.OzoneManagerProtocolServerSideTranslatorPB.submitRequest(OzoneManagerProtocolServerSideTranslatorPB.java:147) [ozone-manager-1.3.0-SNAPSHOT.jar:?]
	at org.apache.hadoop.ozone.protocol.proto.OzoneManagerProtocolProtos$OzoneManagerService$2.callBlockingMethod(OzoneManagerProtocolProtos.java) [ozone-interface-client-1.3.0-SNAPSHOT.jar:?]
	at org.apache.hadoop.ipc.ProtobufRpcEngine$Server.processCall(ProtobufRpcEngine.java:466) [hadoop-common-3.3.1.jar:?]
	at org.apache.hadoop.ipc.ProtobufRpcEngine2$Server$ProtoBufRpcInvoker.call(ProtobufRpcEngine2.java:574) [hadoop-common-3.3.1.jar:?]
	at org.apache.hadoop.ipc.ProtobufRpcEngine2$Server$ProtoBufRpcInvoker.call(ProtobufRpcEngine2.java:552) [hadoop-common-3.3.1.jar:?]
	at org.apache.hadoop.ipc.RPC$Server.call(RPC.java:1093) [hadoop-common-3.3.1.jar:?]
	at org.apache.hadoop.ipc.Server$RpcCall.run(Server.java:1035) [hadoop-common-3.3.1.jar:?]
	at org.apache.hadoop.ipc.Server$RpcCall.run(Server.java:963) [hadoop-common-3.3.1.jar:?]
	at java.security.AccessController.doPrivileged(Native Method) ~[?:1.8.0_332]
	at javax.security.auth.Subject.doAs(Subject.java:422) [?:1.8.0_332]
	at org.apache.hadoop.security.UserGroupInformation.doAs(UserGroupInformation.java:1878) [hadoop-common-3.3.1.jar:?]
	at org.apache.hadoop.ipc.Server$Handler.run(Server.java:2966) [hadoop-common-3.3.1.jar:?]
2022-07-27 13:50:22,638 [Time-limited test] INFO  rpc.RpcClient (RpcClient.java:createVolume(467)) - Creating Volume: volume-97715, with runner as owner and space quota set to -1 bytes, counts quota set to -1
2022-07-27 13:50:22,639 [OM StateMachine ApplyTransaction Thread - 0] INFO  volume.OMVolumeCreateRequest (OMVolumeCreateRequest.java:validateAndUpdateCache(195)) - created volume:volume-97715 for user:runner
2022-07-27 13:50:22,641 [Time-limited test] INFO  rpc.RpcClient (RpcClient.java:createBucket(670)) - Creating Bucket: volume-97715/bucket, with bucket layout LEGACY, runner as owner, Versioning false, Storage Type set to DISK and Encryption set to false 
2022-07-27 13:50:22,642 [OM StateMachine ApplyTransaction Thread - 0] INFO  bucket.OMBucketCreateRequest (OMBucketCreateRequest.java:validateAndUpdateCache(260)) - created bucket: bucket of layout LEGACY in volume: volume-97715
2022-07-27 13:50:22,645 [Time-limited test] INFO  rpc.RpcClient (RpcClient.java:createVolume(467)) - Creating Volume: volume-75803, with runner as owner and space quota set to -1 bytes, counts quota set to -1
2022-07-27 13:50:22,647 [OM StateMachine ApplyTransaction Thread - 0] INFO  volume.OMVolumeCreateRequest (OMVolumeCreateRequest.java:validateAndUpdateCache(195)) - created volume:volume-75803 for user:runner
2022-07-27 13:50:22,648 [Time-limited test] INFO  rpc.RpcClient (RpcClient.java:createBucket(670)) - Creating Bucket: volume-75803/link, with server-side default bucket layout, runner as owner, Versioning false, Storage Type set to DISK and Encryption set to false 
2022-07-27 13:50:22,649 [OM StateMachine ApplyTransaction Thread - 0] INFO  bucket.OMBucketCreateRequest (OMBucketCreateRequest.java:validateAndUpdateCache(260)) - created bucket: link of layout LEGACY in volume: volume-75803
13:50:22.653 [OM StateMachine ApplyTransaction Thread - 0] ERROR OMAudit - user=runner | ip=127.0.0.1 | op=DELETE_VOLUME {volume=volume-75803} | ret=FAILURE
org.apache.hadoop.ozone.om.exceptions.OMException: null
	at org.apache.hadoop.ozone.om.request.volume.OMVolumeDeleteRequest.validateAndUpdateCache(OMVolumeDeleteRequest.java:122) ~[ozone-manager-1.3.0-SNAPSHOT.jar:?]
	at org.apache.hadoop.ozone.protocolPB.OzoneManagerRequestHandler.handleWriteRequest(OzoneManagerRequestHandler.java:300) ~[ozone-manager-1.3.0-SNAPSHOT.jar:?]
	at org.apache.hadoop.ozone.om.ratis.OzoneManagerStateMachine.runCommand(OzoneManagerStateMachine.java:529) ~[ozone-manager-1.3.0-SNAPSHOT.jar:?]
	at org.apache.hadoop.ozone.om.ratis.OzoneManagerStateMachine.lambda$1(OzoneManagerStateMachine.java:324) ~[ozone-manager-1.3.0-SNAPSHOT.jar:?]
	at java.util.concurrent.CompletableFuture$AsyncSupply.run(CompletableFuture.java:1604) [?:1.8.0_332]
	at java.util.concurrent.ThreadPoolExecutor.runWorker(ThreadPoolExecutor.java:1149) [?:1.8.0_332]
	at java.util.concurrent.ThreadPoolExecutor$Worker.run(ThreadPoolExecutor.java:624) [?:1.8.0_332]
	at java.lang.Thread.run(Thread.java:750) [?:1.8.0_332]
2022-07-27 13:50:22,653 [OM StateMachine ApplyTransaction Thread - 0] ERROR volume.OMVolumeDeleteRequest (OMVolumeDeleteRequest.java:validateAndUpdateCache(170)) - Volume deletion failed for user:runner volume:volume-75803
VOLUME_NOT_EMPTY org.apache.hadoop.ozone.om.exceptions.OMException
	at org.apache.hadoop.ozone.om.request.volume.OMVolumeDeleteRequest.validateAndUpdateCache(OMVolumeDeleteRequest.java:122)
	at org.apache.hadoop.ozone.protocolPB.OzoneManagerRequestHandler.handleWriteRequest(OzoneManagerRequestHandler.java:300)
	at org.apache.hadoop.ozone.om.ratis.OzoneManagerStateMachine.runCommand(OzoneManagerStateMachine.java:529)
	at org.apache.hadoop.ozone.om.ratis.OzoneManagerStateMachine.lambda$1(OzoneManagerStateMachine.java:324)
	at java.util.concurrent.CompletableFuture$AsyncSupply.run(CompletableFuture.java:1604)
	at java.util.concurrent.ThreadPoolExecutor.runWorker(ThreadPoolExecutor.java:1149)
	at java.util.concurrent.ThreadPoolExecutor$Worker.run(ThreadPoolExecutor.java:624)
	at java.lang.Thread.run(Thread.java:750)
13:50:22.661 [IPC Server handler 2 on default port 46277] ERROR OMAudit - user=runner | ip=127.0.0.1 | op=READ_BUCKET {volume=volume-75803, bucket=link} | ret=FAILURE
org.apache.hadoop.ozone.om.exceptions.OMException: Volume not found when getting bucket info
	at org.apache.hadoop.ozone.om.BucketManagerImpl.getBucketInfo(BucketManagerImpl.java:127) ~[ozone-manager-1.3.0-SNAPSHOT.jar:?]
	at org.apache.hadoop.ozone.om.OzoneManager.getBucketInfo(OzoneManager.java:2779) ~[ozone-manager-1.3.0-SNAPSHOT.jar:?]
	at org.apache.hadoop.ozone.protocolPB.OzoneManagerRequestHandler.infoBucket(OzoneManagerRequestHandler.java:471) ~[ozone-manager-1.3.0-SNAPSHOT.jar:?]
	at org.apache.hadoop.ozone.protocolPB.OzoneManagerRequestHandler.handleReadRequest(OzoneManagerRequestHandler.java:174) ~[ozone-manager-1.3.0-SNAPSHOT.jar:?]
	at org.apache.hadoop.ozone.protocolPB.OzoneManagerProtocolServerSideTranslatorPB.submitReadRequestToOM(OzoneManagerProtocolServerSideTranslatorPB.java:226) ~[ozone-manager-1.3.0-SNAPSHOT.jar:?]
	at org.apache.hadoop.ozone.protocolPB.OzoneManagerProtocolServerSideTranslatorPB.processRequest(OzoneManagerProtocolServerSideTranslatorPB.java:175) ~[ozone-manager-1.3.0-SNAPSHOT.jar:?]
	at org.apache.hadoop.hdds.server.OzoneProtocolMessageDispatcher.processRequest(OzoneProtocolMessageDispatcher.java:87) [hdds-server-framework-1.3.0-SNAPSHOT.jar:?]
	at org.apache.hadoop.ozone.protocolPB.OzoneManagerProtocolServerSideTranslatorPB.submitRequest(OzoneManagerProtocolServerSideTranslatorPB.java:147) [ozone-manager-1.3.0-SNAPSHOT.jar:?]
	at org.apache.hadoop.ozone.protocol.proto.OzoneManagerProtocolProtos$OzoneManagerService$2.callBlockingMethod(OzoneManagerProtocolProtos.java) [ozone-interface-client-1.3.0-SNAPSHOT.jar:?]
	at org.apache.hadoop.ipc.ProtobufRpcEngine$Server.processCall(ProtobufRpcEngine.java:466) [hadoop-common-3.3.1.jar:?]
	at org.apache.hadoop.ipc.ProtobufRpcEngine2$Server$ProtoBufRpcInvoker.call(ProtobufRpcEngine2.java:574) [hadoop-common-3.3.1.jar:?]
	at org.apache.hadoop.ipc.ProtobufRpcEngine2$Server$ProtoBufRpcInvoker.call(ProtobufRpcEngine2.java:552) [hadoop-common-3.3.1.jar:?]
	at org.apache.hadoop.ipc.RPC$Server.call(RPC.java:1093) [hadoop-common-3.3.1.jar:?]
	at org.apache.hadoop.ipc.Server$RpcCall.run(Server.java:1035) [hadoop-common-3.3.1.jar:?]
	at org.apache.hadoop.ipc.Server$RpcCall.run(Server.java:963) [hadoop-common-3.3.1.jar:?]
	at java.security.AccessController.doPrivileged(Native Method) ~[?:1.8.0_332]
	at javax.security.auth.Subject.doAs(Subject.java:422) [?:1.8.0_332]
	at org.apache.hadoop.security.UserGroupInformation.doAs(UserGroupInformation.java:1878) [hadoop-common-3.3.1.jar:?]
	at org.apache.hadoop.ipc.Server$Handler.run(Server.java:2966) [hadoop-common-3.3.1.jar:?]
]]></system-out>
  </testcase>
  <testcase name="testDeleteBucketLink" classname="TestRootedOzoneFileSystem" time="0.115">
    <system-out><![CDATA[2022-07-27 13:51:31,721 [Time-limited test] INFO  rpc.RpcClient (RpcClient.java:createVolume(467)) - Creating Volume: volume70892, with user95105 as owner and space quota set to -1 bytes, counts quota set to -1
2022-07-27 13:51:31,722 [IPC Server handler 8 on default port 45285] INFO  volume.OMVolumeCreateRequest (OMVolumeCreateRequest.java:validateAndUpdateCache(195)) - created volume:volume70892 for user:user95105
2022-07-27 13:51:31,723 [Time-limited test] INFO  rpc.RpcClient (RpcClient.java:createBucket(670)) - Creating Bucket: volume70892/bucket84363, with bucket layout LEGACY, runner as owner, Versioning false, Storage Type set to DISK and Encryption set to false 
2022-07-27 13:51:31,723 [IPC Server handler 10 on default port 45285] INFO  bucket.OMBucketCreateRequest (OMBucketCreateRequest.java:validateAndUpdateCache(260)) - created bucket: bucket84363 of layout LEGACY in volume: volume70892
13:51:31.724 [IPC Server handler 13 on default port 45285] ERROR OMAudit - user=runner | ip=127.0.0.1 | op=READ_BUCKET {volume=volume-27811, bucket=bucket} | ret=FAILURE
org.apache.hadoop.ozone.om.exceptions.OMException: Volume not found when getting bucket info
	at org.apache.hadoop.ozone.om.BucketManagerImpl.getBucketInfo(BucketManagerImpl.java:127) ~[ozone-manager-1.3.0-SNAPSHOT.jar:?]
	at org.apache.hadoop.ozone.om.OzoneManager.getBucketInfo(OzoneManager.java:2779) ~[ozone-manager-1.3.0-SNAPSHOT.jar:?]
	at org.apache.hadoop.ozone.protocolPB.OzoneManagerRequestHandler.infoBucket(OzoneManagerRequestHandler.java:471) ~[ozone-manager-1.3.0-SNAPSHOT.jar:?]
	at org.apache.hadoop.ozone.protocolPB.OzoneManagerRequestHandler.handleReadRequest(OzoneManagerRequestHandler.java:174) ~[ozone-manager-1.3.0-SNAPSHOT.jar:?]
	at org.apache.hadoop.ozone.protocolPB.OzoneManagerProtocolServerSideTranslatorPB.submitRequestDirectlyToOM(OzoneManagerProtocolServerSideTranslatorPB.java:276) ~[ozone-manager-1.3.0-SNAPSHOT.jar:?]
	at org.apache.hadoop.ozone.protocolPB.OzoneManagerProtocolServerSideTranslatorPB.processRequest(OzoneManagerProtocolServerSideTranslatorPB.java:205) ~[ozone-manager-1.3.0-SNAPSHOT.jar:?]
	at org.apache.hadoop.hdds.server.OzoneProtocolMessageDispatcher.processRequest(OzoneProtocolMessageDispatcher.java:87) [hdds-server-framework-1.3.0-SNAPSHOT.jar:?]
	at org.apache.hadoop.ozone.protocolPB.OzoneManagerProtocolServerSideTranslatorPB.submitRequest(OzoneManagerProtocolServerSideTranslatorPB.java:147) [ozone-manager-1.3.0-SNAPSHOT.jar:?]
	at org.apache.hadoop.ozone.protocol.proto.OzoneManagerProtocolProtos$OzoneManagerService$2.callBlockingMethod(OzoneManagerProtocolProtos.java) [ozone-interface-client-1.3.0-SNAPSHOT.jar:?]
	at org.apache.hadoop.ipc.ProtobufRpcEngine$Server.processCall(ProtobufRpcEngine.java:466) [hadoop-common-3.3.1.jar:?]
	at org.apache.hadoop.ipc.ProtobufRpcEngine2$Server$ProtoBufRpcInvoker.call(ProtobufRpcEngine2.java:574) [hadoop-common-3.3.1.jar:?]
	at org.apache.hadoop.ipc.ProtobufRpcEngine2$Server$ProtoBufRpcInvoker.call(ProtobufRpcEngine2.java:552) [hadoop-common-3.3.1.jar:?]
	at org.apache.hadoop.ipc.RPC$Server.call(RPC.java:1093) [hadoop-common-3.3.1.jar:?]
	at org.apache.hadoop.ipc.Server$RpcCall.run(Server.java:1035) [hadoop-common-3.3.1.jar:?]
	at org.apache.hadoop.ipc.Server$RpcCall.run(Server.java:963) [hadoop-common-3.3.1.jar:?]
	at java.security.AccessController.doPrivileged(Native Method) ~[?:1.8.0_332]
	at javax.security.auth.Subject.doAs(Subject.java:422) [?:1.8.0_332]
	at org.apache.hadoop.security.UserGroupInformation.doAs(UserGroupInformation.java:1878) [hadoop-common-3.3.1.jar:?]
	at org.apache.hadoop.ipc.Server$Handler.run(Server.java:2966) [hadoop-common-3.3.1.jar:?]
2022-07-27 13:51:31,726 [Time-limited test] INFO  rpc.RpcClient (RpcClient.java:createVolume(467)) - Creating Volume: volume-27811, with runner as owner and space quota set to -1 bytes, counts quota set to -1
2022-07-27 13:51:31,727 [IPC Server handler 14 on default port 45285] INFO  volume.OMVolumeCreateRequest (OMVolumeCreateRequest.java:validateAndUpdateCache(195)) - created volume:volume-27811 for user:runner
2022-07-27 13:51:31,728 [Time-limited test] INFO  rpc.RpcClient (RpcClient.java:createBucket(670)) - Creating Bucket: volume-27811/bucket, with bucket layout LEGACY, runner as owner, Versioning false, Storage Type set to DISK and Encryption set to false 
2022-07-27 13:51:31,728 [IPC Server handler 16 on default port 45285] INFO  bucket.OMBucketCreateRequest (OMBucketCreateRequest.java:validateAndUpdateCache(260)) - created bucket: bucket of layout LEGACY in volume: volume-27811
2022-07-27 13:51:31,735 [Time-limited test] INFO  rpc.RpcClient (RpcClient.java:createVolume(467)) - Creating Volume: volume-84389, with runner as owner and space quota set to -1 bytes, counts quota set to -1
2022-07-27 13:51:31,737 [IPC Server handler 0 on default port 45285] INFO  volume.OMVolumeCreateRequest (OMVolumeCreateRequest.java:validateAndUpdateCache(195)) - created volume:volume-84389 for user:runner
2022-07-27 13:51:31,737 [Time-limited test] INFO  rpc.RpcClient (RpcClient.java:createBucket(670)) - Creating Bucket: volume-84389/link, with server-side default bucket layout, runner as owner, Versioning false, Storage Type set to DISK and Encryption set to false 
2022-07-27 13:51:31,738 [IPC Server handler 5 on default port 45285] INFO  bucket.OMBucketCreateRequest (OMBucketCreateRequest.java:validateAndUpdateCache(260)) - created bucket: link of layout LEGACY in volume: volume-84389
13:51:31.749 [IPC Server handler 10 on default port 45285] ERROR OMAudit - user=runner | ip=127.0.0.1 | op=DELETE_VOLUME {volume=volume-84389} | ret=FAILURE
org.apache.hadoop.ozone.om.exceptions.OMException: null
	at org.apache.hadoop.ozone.om.request.volume.OMVolumeDeleteRequest.validateAndUpdateCache(OMVolumeDeleteRequest.java:122) ~[ozone-manager-1.3.0-SNAPSHOT.jar:?]
	at org.apache.hadoop.ozone.protocolPB.OzoneManagerRequestHandler.handleWriteRequest(OzoneManagerRequestHandler.java:300) ~[ozone-manager-1.3.0-SNAPSHOT.jar:?]
	at org.apache.hadoop.ozone.protocolPB.OzoneManagerProtocolServerSideTranslatorPB.submitRequestDirectlyToOM(OzoneManagerProtocolServerSideTranslatorPB.java:282) ~[ozone-manager-1.3.0-SNAPSHOT.jar:?]
	at org.apache.hadoop.ozone.protocolPB.OzoneManagerProtocolServerSideTranslatorPB.processRequest(OzoneManagerProtocolServerSideTranslatorPB.java:205) ~[ozone-manager-1.3.0-SNAPSHOT.jar:?]
	at org.apache.hadoop.hdds.server.OzoneProtocolMessageDispatcher.processRequest(OzoneProtocolMessageDispatcher.java:87) [hdds-server-framework-1.3.0-SNAPSHOT.jar:?]
	at org.apache.hadoop.ozone.protocolPB.OzoneManagerProtocolServerSideTranslatorPB.submitRequest(OzoneManagerProtocolServerSideTranslatorPB.java:147) [ozone-manager-1.3.0-SNAPSHOT.jar:?]
	at org.apache.hadoop.ozone.protocol.proto.OzoneManagerProtocolProtos$OzoneManagerService$2.callBlockingMethod(OzoneManagerProtocolProtos.java) [ozone-interface-client-1.3.0-SNAPSHOT.jar:?]
	at org.apache.hadoop.ipc.ProtobufRpcEngine$Server.processCall(ProtobufRpcEngine.java:466) [hadoop-common-3.3.1.jar:?]
	at org.apache.hadoop.ipc.ProtobufRpcEngine2$Server$ProtoBufRpcInvoker.call(ProtobufRpcEngine2.java:574) [hadoop-common-3.3.1.jar:?]
	at org.apache.hadoop.ipc.ProtobufRpcEngine2$Server$ProtoBufRpcInvoker.call(ProtobufRpcEngine2.java:552) [hadoop-common-3.3.1.jar:?]
	at org.apache.hadoop.ipc.RPC$Server.call(RPC.java:1093) [hadoop-common-3.3.1.jar:?]
	at org.apache.hadoop.ipc.Server$RpcCall.run(Server.java:1035) [hadoop-common-3.3.1.jar:?]
	at org.apache.hadoop.ipc.Server$RpcCall.run(Server.java:963) [hadoop-common-3.3.1.jar:?]
	at java.security.AccessController.doPrivileged(Native Method) ~[?:1.8.0_332]
	at javax.security.auth.Subject.doAs(Subject.java:422) [?:1.8.0_332]
	at org.apache.hadoop.security.UserGroupInformation.doAs(UserGroupInformation.java:1878) [hadoop-common-3.3.1.jar:?]
	at org.apache.hadoop.ipc.Server$Handler.run(Server.java:2966) [hadoop-common-3.3.1.jar:?]
2022-07-27 13:51:31,750 [IPC Server handler 10 on default port 45285] ERROR volume.OMVolumeDeleteRequest (OMVolumeDeleteRequest.java:validateAndUpdateCache(170)) - Volume deletion failed for user:runner volume:volume-84389
VOLUME_NOT_EMPTY org.apache.hadoop.ozone.om.exceptions.OMException
	at org.apache.hadoop.ozone.om.request.volume.OMVolumeDeleteRequest.validateAndUpdateCache(OMVolumeDeleteRequest.java:122)
	at org.apache.hadoop.ozone.protocolPB.OzoneManagerRequestHandler.handleWriteRequest(OzoneManagerRequestHandler.java:300)
	at org.apache.hadoop.ozone.protocolPB.OzoneManagerProtocolServerSideTranslatorPB.submitRequestDirectlyToOM(OzoneManagerProtocolServerSideTranslatorPB.java:282)
	at org.apache.hadoop.ozone.protocolPB.OzoneManagerProtocolServerSideTranslatorPB.processRequest(OzoneManagerProtocolServerSideTranslatorPB.java:205)
	at org.apache.hadoop.hdds.server.OzoneProtocolMessageDispatcher.processRequest(OzoneProtocolMessageDispatcher.java:87)
	at org.apache.hadoop.ozone.protocolPB.OzoneManagerProtocolServerSideTranslatorPB.submitRequest(OzoneManagerProtocolServerSideTranslatorPB.java:147)
	at org.apache.hadoop.ozone.protocol.proto.OzoneManagerProtocolProtos$OzoneManagerService$2.callBlockingMethod(OzoneManagerProtocolProtos.java)
	at org.apache.hadoop.ipc.ProtobufRpcEngine$Server.processCall(ProtobufRpcEngine.java:466)
	at org.apache.hadoop.ipc.ProtobufRpcEngine2$Server$ProtoBufRpcInvoker.call(ProtobufRpcEngine2.java:574)
	at org.apache.hadoop.ipc.ProtobufRpcEngine2$Server$ProtoBufRpcInvoker.call(ProtobufRpcEngine2.java:552)
	at org.apache.hadoop.ipc.RPC$Server.call(RPC.java:1093)
	at org.apache.hadoop.ipc.Server$RpcCall.run(Server.java:1035)
	at org.apache.hadoop.ipc.Server$RpcCall.run(Server.java:963)
	at java.security.AccessController.doPrivileged(Native Method)
	at javax.security.auth.Subject.doAs(Subject.java:422)
	at org.apache.hadoop.security.UserGroupInformation.doAs(UserGroupInformation.java:1878)
	at org.apache.hadoop.ipc.Server$Handler.run(Server.java:2966)
13:51:31.758 [IPC Server handler 4 on default port 45285] ERROR OMAudit - user=runner | ip=127.0.0.1 | op=READ_BUCKET {volume=volume-84389, bucket=link} | ret=FAILURE
org.apache.hadoop.ozone.om.exceptions.OMException: Volume not found when getting bucket info
	at org.apache.hadoop.ozone.om.BucketManagerImpl.getBucketInfo(BucketManagerImpl.java:127) ~[ozone-manager-1.3.0-SNAPSHOT.jar:?]
	at org.apache.hadoop.ozone.om.OzoneManager.getBucketInfo(OzoneManager.java:2779) ~[ozone-manager-1.3.0-SNAPSHOT.jar:?]
	at org.apache.hadoop.ozone.protocolPB.OzoneManagerRequestHandler.infoBucket(OzoneManagerRequestHandler.java:471) ~[ozone-manager-1.3.0-SNAPSHOT.jar:?]
	at org.apache.hadoop.ozone.protocolPB.OzoneManagerRequestHandler.handleReadRequest(OzoneManagerRequestHandler.java:174) ~[ozone-manager-1.3.0-SNAPSHOT.jar:?]
	at org.apache.hadoop.ozone.protocolPB.OzoneManagerProtocolServerSideTranslatorPB.submitRequestDirectlyToOM(OzoneManagerProtocolServerSideTranslatorPB.java:276) ~[ozone-manager-1.3.0-SNAPSHOT.jar:?]
	at org.apache.hadoop.ozone.protocolPB.OzoneManagerProtocolServerSideTranslatorPB.processRequest(OzoneManagerProtocolServerSideTranslatorPB.java:205) ~[ozone-manager-1.3.0-SNAPSHOT.jar:?]
	at org.apache.hadoop.hdds.server.OzoneProtocolMessageDispatcher.processRequest(OzoneProtocolMessageDispatcher.java:87) [hdds-server-framework-1.3.0-SNAPSHOT.jar:?]
	at org.apache.hadoop.ozone.protocolPB.OzoneManagerProtocolServerSideTranslatorPB.submitRequest(OzoneManagerProtocolServerSideTranslatorPB.java:147) [ozone-manager-1.3.0-SNAPSHOT.jar:?]
	at org.apache.hadoop.ozone.protocol.proto.OzoneManagerProtocolProtos$OzoneManagerService$2.callBlockingMethod(OzoneManagerProtocolProtos.java) [ozone-interface-client-1.3.0-SNAPSHOT.jar:?]
	at org.apache.hadoop.ipc.ProtobufRpcEngine$Server.processCall(ProtobufRpcEngine.java:466) [hadoop-common-3.3.1.jar:?]
	at org.apache.hadoop.ipc.ProtobufRpcEngine2$Server$ProtoBufRpcInvoker.call(ProtobufRpcEngine2.java:574) [hadoop-common-3.3.1.jar:?]
	at org.apache.hadoop.ipc.ProtobufRpcEngine2$Server$ProtoBufRpcInvoker.call(ProtobufRpcEngine2.java:552) [hadoop-common-3.3.1.jar:?]
	at org.apache.hadoop.ipc.RPC$Server.call(RPC.java:1093) [hadoop-common-3.3.1.jar:?]
	at org.apache.hadoop.ipc.Server$RpcCall.run(Server.java:1035) [hadoop-common-3.3.1.jar:?]
	at org.apache.hadoop.ipc.Server$RpcCall.run(Server.java:963) [hadoop-common-3.3.1.jar:?]
	at java.security.AccessController.doPrivileged(Native Method) ~[?:1.8.0_332]
	at javax.security.auth.Subject.doAs(Subject.java:422) [?:1.8.0_332]
	at org.apache.hadoop.security.UserGroupInformation.doAs(UserGroupInformation.java:1878) [hadoop-common-3.3.1.jar:?]
	at org.apache.hadoop.ipc.Server$Handler.run(Server.java:2966) [hadoop-common-3.3.1.jar:?]
]]></system-out>
  </testcase>
  <testcase name="testDeleteBucketLink" classname="TestRootedOzoneFileSystem" time="0.247">
    <system-out><![CDATA[2022-07-27 13:52:47,826 [Time-limited test] INFO  rpc.RpcClient (RpcClient.java:createVolume(467)) - Creating Volume: volume17063, with user63809 as owner and space quota set to -1 bytes, counts quota set to -1
2022-07-27 13:52:47,828 [OM StateMachine ApplyTransaction Thread - 0] INFO  volume.OMVolumeCreateRequest (OMVolumeCreateRequest.java:validateAndUpdateCache(195)) - created volume:volume17063 for user:user63809
2022-07-27 13:52:47,829 [Time-limited test] INFO  rpc.RpcClient (RpcClient.java:createBucket(670)) - Creating Bucket: volume17063/bucket26865, with bucket layout LEGACY, runner as owner, Versioning false, Storage Type set to DISK and Encryption set to false 
2022-07-27 13:52:47,834 [OM StateMachine ApplyTransaction Thread - 0] INFO  bucket.OMBucketCreateRequest (OMBucketCreateRequest.java:validateAndUpdateCache(260)) - created bucket: bucket26865 of layout LEGACY in volume: volume17063
13:52:47.836 [IPC Server handler 13 on default port 34829] ERROR OMAudit - user=runner | ip=127.0.0.1 | op=READ_BUCKET {volume=volume-03262, bucket=bucket} | ret=FAILURE
org.apache.hadoop.ozone.om.exceptions.OMException: Volume not found when getting bucket info
	at org.apache.hadoop.ozone.om.BucketManagerImpl.getBucketInfo(BucketManagerImpl.java:127) ~[ozone-manager-1.3.0-SNAPSHOT.jar:?]
	at org.apache.hadoop.ozone.om.OzoneManager.getBucketInfo(OzoneManager.java:2779) ~[ozone-manager-1.3.0-SNAPSHOT.jar:?]
	at org.apache.hadoop.ozone.protocolPB.OzoneManagerRequestHandler.infoBucket(OzoneManagerRequestHandler.java:471) ~[ozone-manager-1.3.0-SNAPSHOT.jar:?]
	at org.apache.hadoop.ozone.protocolPB.OzoneManagerRequestHandler.handleReadRequest(OzoneManagerRequestHandler.java:174) ~[ozone-manager-1.3.0-SNAPSHOT.jar:?]
	at org.apache.hadoop.ozone.protocolPB.OzoneManagerProtocolServerSideTranslatorPB.submitReadRequestToOM(OzoneManagerProtocolServerSideTranslatorPB.java:226) ~[ozone-manager-1.3.0-SNAPSHOT.jar:?]
	at org.apache.hadoop.ozone.protocolPB.OzoneManagerProtocolServerSideTranslatorPB.processRequest(OzoneManagerProtocolServerSideTranslatorPB.java:175) ~[ozone-manager-1.3.0-SNAPSHOT.jar:?]
	at org.apache.hadoop.hdds.server.OzoneProtocolMessageDispatcher.processRequest(OzoneProtocolMessageDispatcher.java:87) [hdds-server-framework-1.3.0-SNAPSHOT.jar:?]
	at org.apache.hadoop.ozone.protocolPB.OzoneManagerProtocolServerSideTranslatorPB.submitRequest(OzoneManagerProtocolServerSideTranslatorPB.java:147) [ozone-manager-1.3.0-SNAPSHOT.jar:?]
	at org.apache.hadoop.ozone.protocol.proto.OzoneManagerProtocolProtos$OzoneManagerService$2.callBlockingMethod(OzoneManagerProtocolProtos.java) [ozone-interface-client-1.3.0-SNAPSHOT.jar:?]
	at org.apache.hadoop.ipc.ProtobufRpcEngine$Server.processCall(ProtobufRpcEngine.java:466) [hadoop-common-3.3.1.jar:?]
	at org.apache.hadoop.ipc.ProtobufRpcEngine2$Server$ProtoBufRpcInvoker.call(ProtobufRpcEngine2.java:574) [hadoop-common-3.3.1.jar:?]
	at org.apache.hadoop.ipc.ProtobufRpcEngine2$Server$ProtoBufRpcInvoker.call(ProtobufRpcEngine2.java:552) [hadoop-common-3.3.1.jar:?]
	at org.apache.hadoop.ipc.RPC$Server.call(RPC.java:1093) [hadoop-common-3.3.1.jar:?]
	at org.apache.hadoop.ipc.Server$RpcCall.run(Server.java:1035) [hadoop-common-3.3.1.jar:?]
	at org.apache.hadoop.ipc.Server$RpcCall.run(Server.java:963) [hadoop-common-3.3.1.jar:?]
	at java.security.AccessController.doPrivileged(Native Method) ~[?:1.8.0_332]
	at javax.security.auth.Subject.doAs(Subject.java:422) [?:1.8.0_332]
	at org.apache.hadoop.security.UserGroupInformation.doAs(UserGroupInformation.java:1878) [hadoop-common-3.3.1.jar:?]
	at org.apache.hadoop.ipc.Server$Handler.run(Server.java:2966) [hadoop-common-3.3.1.jar:?]
2022-07-27 13:52:47,839 [Time-limited test] INFO  rpc.RpcClient (RpcClient.java:createVolume(467)) - Creating Volume: volume-03262, with runner as owner and space quota set to -1 bytes, counts quota set to -1
2022-07-27 13:52:47,843 [OM StateMachine ApplyTransaction Thread - 0] INFO  volume.OMVolumeCreateRequest (OMVolumeCreateRequest.java:validateAndUpdateCache(195)) - created volume:volume-03262 for user:runner
2022-07-27 13:52:47,871 [Time-limited test] INFO  rpc.RpcClient (RpcClient.java:createBucket(670)) - Creating Bucket: volume-03262/bucket, with bucket layout LEGACY, runner as owner, Versioning false, Storage Type set to DISK and Encryption set to false 
2022-07-27 13:52:47,873 [OM StateMachine ApplyTransaction Thread - 0] INFO  bucket.OMBucketCreateRequest (OMBucketCreateRequest.java:validateAndUpdateCache(260)) - created bucket: bucket of layout LEGACY in volume: volume-03262
2022-07-27 13:52:47,877 [Time-limited test] INFO  rpc.RpcClient (RpcClient.java:createVolume(467)) - Creating Volume: volume-14761, with runner as owner and space quota set to -1 bytes, counts quota set to -1
2022-07-27 13:52:47,878 [OM StateMachine ApplyTransaction Thread - 0] INFO  volume.OMVolumeCreateRequest (OMVolumeCreateRequest.java:validateAndUpdateCache(195)) - created volume:volume-14761 for user:runner
2022-07-27 13:52:47,881 [Time-limited test] INFO  rpc.RpcClient (RpcClient.java:createBucket(670)) - Creating Bucket: volume-14761/link, with server-side default bucket layout, runner as owner, Versioning false, Storage Type set to DISK and Encryption set to false 
2022-07-27 13:52:47,884 [OM StateMachine ApplyTransaction Thread - 0] INFO  bucket.OMBucketCreateRequest (OMBucketCreateRequest.java:validateAndUpdateCache(260)) - created bucket: link of layout LEGACY in volume: volume-14761
13:52:47.887 [OM StateMachine ApplyTransaction Thread - 0] ERROR OMAudit - user=runner | ip=127.0.0.1 | op=DELETE_VOLUME {volume=volume-14761} | ret=FAILURE
org.apache.hadoop.ozone.om.exceptions.OMException: null
	at org.apache.hadoop.ozone.om.request.volume.OMVolumeDeleteRequest.validateAndUpdateCache(OMVolumeDeleteRequest.java:122) ~[ozone-manager-1.3.0-SNAPSHOT.jar:?]
	at org.apache.hadoop.ozone.protocolPB.OzoneManagerRequestHandler.handleWriteRequest(OzoneManagerRequestHandler.java:300) ~[ozone-manager-1.3.0-SNAPSHOT.jar:?]
	at org.apache.hadoop.ozone.om.ratis.OzoneManagerStateMachine.runCommand(OzoneManagerStateMachine.java:529) ~[ozone-manager-1.3.0-SNAPSHOT.jar:?]
	at org.apache.hadoop.ozone.om.ratis.OzoneManagerStateMachine.lambda$1(OzoneManagerStateMachine.java:324) ~[ozone-manager-1.3.0-SNAPSHOT.jar:?]
	at java.util.concurrent.CompletableFuture$AsyncSupply.run(CompletableFuture.java:1604) [?:1.8.0_332]
	at java.util.concurrent.ThreadPoolExecutor.runWorker(ThreadPoolExecutor.java:1149) [?:1.8.0_332]
	at java.util.concurrent.ThreadPoolExecutor$Worker.run(ThreadPoolExecutor.java:624) [?:1.8.0_332]
	at java.lang.Thread.run(Thread.java:750) [?:1.8.0_332]
2022-07-27 13:52:47,887 [OM StateMachine ApplyTransaction Thread - 0] ERROR volume.OMVolumeDeleteRequest (OMVolumeDeleteRequest.java:validateAndUpdateCache(170)) - Volume deletion failed for user:runner volume:volume-14761
VOLUME_NOT_EMPTY org.apache.hadoop.ozone.om.exceptions.OMException
	at org.apache.hadoop.ozone.om.request.volume.OMVolumeDeleteRequest.validateAndUpdateCache(OMVolumeDeleteRequest.java:122)
	at org.apache.hadoop.ozone.protocolPB.OzoneManagerRequestHandler.handleWriteRequest(OzoneManagerRequestHandler.java:300)
	at org.apache.hadoop.ozone.om.ratis.OzoneManagerStateMachine.runCommand(OzoneManagerStateMachine.java:529)
	at org.apache.hadoop.ozone.om.ratis.OzoneManagerStateMachine.lambda$1(OzoneManagerStateMachine.java:324)
	at java.util.concurrent.CompletableFuture$AsyncSupply.run(CompletableFuture.java:1604)
	at java.util.concurrent.ThreadPoolExecutor.runWorker(ThreadPoolExecutor.java:1149)
	at java.util.concurrent.ThreadPoolExecutor$Worker.run(ThreadPoolExecutor.java:624)
	at java.lang.Thread.run(Thread.java:750)
13:52:47.915 [IPC Server handler 9 on default port 34829] ERROR OMAudit - user=runner | ip=127.0.0.1 | op=READ_BUCKET {volume=volume-14761, bucket=link} | ret=FAILURE
org.apache.hadoop.ozone.om.exceptions.OMException: Volume not found when getting bucket info
	at org.apache.hadoop.ozone.om.BucketManagerImpl.getBucketInfo(BucketManagerImpl.java:127) ~[ozone-manager-1.3.0-SNAPSHOT.jar:?]
	at org.apache.hadoop.ozone.om.OzoneManager.getBucketInfo(OzoneManager.java:2779) ~[ozone-manager-1.3.0-SNAPSHOT.jar:?]
	at org.apache.hadoop.ozone.protocolPB.OzoneManagerRequestHandler.infoBucket(OzoneManagerRequestHandler.java:471) ~[ozone-manager-1.3.0-SNAPSHOT.jar:?]
	at org.apache.hadoop.ozone.protocolPB.OzoneManagerRequestHandler.handleReadRequest(OzoneManagerRequestHandler.java:174) ~[ozone-manager-1.3.0-SNAPSHOT.jar:?]
	at org.apache.hadoop.ozone.protocolPB.OzoneManagerProtocolServerSideTranslatorPB.submitReadRequestToOM(OzoneManagerProtocolServerSideTranslatorPB.java:226) ~[ozone-manager-1.3.0-SNAPSHOT.jar:?]
	at org.apache.hadoop.ozone.protocolPB.OzoneManagerProtocolServerSideTranslatorPB.processRequest(OzoneManagerProtocolServerSideTranslatorPB.java:175) ~[ozone-manager-1.3.0-SNAPSHOT.jar:?]
	at org.apache.hadoop.hdds.server.OzoneProtocolMessageDispatcher.processRequest(OzoneProtocolMessageDispatcher.java:87) [hdds-server-framework-1.3.0-SNAPSHOT.jar:?]
	at org.apache.hadoop.ozone.protocolPB.OzoneManagerProtocolServerSideTranslatorPB.submitRequest(OzoneManagerProtocolServerSideTranslatorPB.java:147) [ozone-manager-1.3.0-SNAPSHOT.jar:?]
	at org.apache.hadoop.ozone.protocol.proto.OzoneManagerProtocolProtos$OzoneManagerService$2.callBlockingMethod(OzoneManagerProtocolProtos.java) [ozone-interface-client-1.3.0-SNAPSHOT.jar:?]
	at org.apache.hadoop.ipc.ProtobufRpcEngine$Server.processCall(ProtobufRpcEngine.java:466) [hadoop-common-3.3.1.jar:?]
	at org.apache.hadoop.ipc.ProtobufRpcEngine2$Server$ProtoBufRpcInvoker.call(ProtobufRpcEngine2.java:574) [hadoop-common-3.3.1.jar:?]
	at org.apache.hadoop.ipc.ProtobufRpcEngine2$Server$ProtoBufRpcInvoker.call(ProtobufRpcEngine2.java:552) [hadoop-common-3.3.1.jar:?]
	at org.apache.hadoop.ipc.RPC$Server.call(RPC.java:1093) [hadoop-common-3.3.1.jar:?]
	at org.apache.hadoop.ipc.Server$RpcCall.run(Server.java:1035) [hadoop-common-3.3.1.jar:?]
	at org.apache.hadoop.ipc.Server$RpcCall.run(Server.java:963) [hadoop-common-3.3.1.jar:?]
	at java.security.AccessController.doPrivileged(Native Method) ~[?:1.8.0_332]
	at javax.security.auth.Subject.doAs(Subject.java:422) [?:1.8.0_332]
	at org.apache.hadoop.security.UserGroupInformation.doAs(UserGroupInformation.java:1878) [hadoop-common-3.3.1.jar:?]
	at org.apache.hadoop.ipc.Server$Handler.run(Server.java:2966) [hadoop-common-3.3.1.jar:?]
]]></system-out>
  </testcase>
  <testcase name="testDeleteBucketLink" classname="TestRootedOzoneFileSystem" time="0.295">
    <system-out><![CDATA[2022-07-27 13:54:07,946 [e553176d-d5e6-48b0-ac0f-e41e398e3d2d@group-9D7BF6FF5065-FollowerState] INFO  impl.FollowerState (FollowerState.java:run(143)) - e553176d-d5e6-48b0-ac0f-e41e398e3d2d@group-9D7BF6FF5065-FollowerState: change to CANDIDATE, lastRpcElapsedTime:5050937659ns, electionTimeout:5030ms
2022-07-27 13:54:07,946 [e553176d-d5e6-48b0-ac0f-e41e398e3d2d@group-9D7BF6FF5065-FollowerState] INFO  impl.RoleInfo (RoleInfo.java:shutdownFollowerState(110)) - e553176d-d5e6-48b0-ac0f-e41e398e3d2d: shutdown e553176d-d5e6-48b0-ac0f-e41e398e3d2d@group-9D7BF6FF5065-FollowerState
2022-07-27 13:54:07,946 [e553176d-d5e6-48b0-ac0f-e41e398e3d2d@group-9D7BF6FF5065-FollowerState] INFO  server.RaftServer$Division (RaftServerImpl.java:setRole(299)) - e553176d-d5e6-48b0-ac0f-e41e398e3d2d@group-9D7BF6FF5065: changes role from  FOLLOWER to CANDIDATE at term 0 for changeToCandidate
2022-07-27 13:54:07,947 [e553176d-d5e6-48b0-ac0f-e41e398e3d2d@group-9D7BF6FF5065-FollowerState] INFO  server.RaftServerConfigKeys (ConfUtils.java:logGet(46)) - raft.server.leaderelection.pre-vote = false (custom)
2022-07-27 13:54:07,947 [e553176d-d5e6-48b0-ac0f-e41e398e3d2d@group-9D7BF6FF5065-FollowerState] INFO  impl.RoleInfo (RoleInfo.java:updateAndGet(139)) - e553176d-d5e6-48b0-ac0f-e41e398e3d2d: start e553176d-d5e6-48b0-ac0f-e41e398e3d2d@group-9D7BF6FF5065-LeaderElection61
2022-07-27 13:54:07,984 [Time-limited test] INFO  rpc.RpcClient (RpcClient.java:createVolume(467)) - Creating Volume: volume78896, with user41150 as owner and space quota set to -1 bytes, counts quota set to -1
2022-07-27 13:54:07,986 [e553176d-d5e6-48b0-ac0f-e41e398e3d2d@group-9D7BF6FF5065-LeaderElection61] INFO  impl.LeaderElection (LeaderElection.java:askForVotes(310)) - e553176d-d5e6-48b0-ac0f-e41e398e3d2d@group-9D7BF6FF5065-LeaderElection61 ELECTION round 0: submit vote requests at term 1 for -1: [e553176d-d5e6-48b0-ac0f-e41e398e3d2d|rpc:10.1.0.21:44875|priority:1], old=null
2022-07-27 13:54:07,986 [e553176d-d5e6-48b0-ac0f-e41e398e3d2d@group-9D7BF6FF5065-LeaderElection61] INFO  impl.LeaderElection (LeaderElection.java:askForVotes(312)) - e553176d-d5e6-48b0-ac0f-e41e398e3d2d@group-9D7BF6FF5065-LeaderElection61 ELECTION round 0: result PASSED (term=1)
2022-07-27 13:54:07,986 [e553176d-d5e6-48b0-ac0f-e41e398e3d2d@group-9D7BF6FF5065-LeaderElection61] INFO  impl.RoleInfo (RoleInfo.java:shutdownLeaderElection(130)) - e553176d-d5e6-48b0-ac0f-e41e398e3d2d: shutdown e553176d-d5e6-48b0-ac0f-e41e398e3d2d@group-9D7BF6FF5065-LeaderElection61
2022-07-27 13:54:07,986 [e553176d-d5e6-48b0-ac0f-e41e398e3d2d@group-9D7BF6FF5065-LeaderElection61] INFO  server.RaftServer$Division (RaftServerImpl.java:setRole(299)) - e553176d-d5e6-48b0-ac0f-e41e398e3d2d@group-9D7BF6FF5065: changes role from CANDIDATE to LEADER at term 1 for changeToLeader
2022-07-27 13:54:07,987 [e553176d-d5e6-48b0-ac0f-e41e398e3d2d@group-9D7BF6FF5065-LeaderElection61] INFO  ratis.XceiverServerRatis (XceiverServerRatis.java:handleLeaderChangedNotification(863)) - Leader change notification received for group: group-9D7BF6FF5065 with new leaderId: e553176d-d5e6-48b0-ac0f-e41e398e3d2d
2022-07-27 13:54:07,987 [e553176d-d5e6-48b0-ac0f-e41e398e3d2d@group-9D7BF6FF5065-LeaderElection61] INFO  server.RaftServer$Division (ServerState.java:setLeader(287)) - e553176d-d5e6-48b0-ac0f-e41e398e3d2d@group-9D7BF6FF5065: change Leader from null to e553176d-d5e6-48b0-ac0f-e41e398e3d2d at term 1 for becomeLeader, leader elected after 5125ms
2022-07-27 13:54:07,987 [e553176d-d5e6-48b0-ac0f-e41e398e3d2d@group-9D7BF6FF5065-LeaderElection61] INFO  server.RaftServerConfigKeys (ConfUtils.java:logGet(46)) - raft.server.staging.catchup.gap = 1000 (default)
2022-07-27 13:54:07,987 [e553176d-d5e6-48b0-ac0f-e41e398e3d2d@group-9D7BF6FF5065-LeaderElection61] INFO  server.RaftServerConfigKeys (ConfUtils.java:logGet(46)) - raft.server.write.element-limit = 1024 (custom)
2022-07-27 13:54:07,987 [e553176d-d5e6-48b0-ac0f-e41e398e3d2d@group-9D7BF6FF5065-LeaderElection61] INFO  server.RaftServerConfigKeys (ConfUtils.java:logGet(46)) - raft.server.write.byte-limit = 1024 M (=1073741824) (custom)
2022-07-27 13:54:07,987 [e553176d-d5e6-48b0-ac0f-e41e398e3d2d@group-9D7BF6FF5065-LeaderElection61] INFO  server.RaftServerConfigKeys (ConfUtils.java:logGet(46)) - raft.server.watch.timeout = 180s (custom)
2022-07-27 13:54:07,987 [e553176d-d5e6-48b0-ac0f-e41e398e3d2d@group-9D7BF6FF5065-LeaderElection61] INFO  server.RaftServerConfigKeys (ConfUtils.java:logGet(46)) - raft.server.watch.timeout.denomination = 1s (default)
2022-07-27 13:54:07,987 [e553176d-d5e6-48b0-ac0f-e41e398e3d2d@group-9D7BF6FF5065-LeaderElection61] INFO  server.RaftServerConfigKeys (ConfUtils.java:logGet(46)) - raft.server.watch.element-limit = 65536 (default)
2022-07-27 13:54:07,990 [e553176d-d5e6-48b0-ac0f-e41e398e3d2d@group-9D7BF6FF5065-LeaderElection61] INFO  server.RaftServerConfigKeys (ConfUtils.java:logGet(46)) - raft.server.write.element-limit = 1024 (custom)
2022-07-27 13:54:07,990 [e553176d-d5e6-48b0-ac0f-e41e398e3d2d@group-9D7BF6FF5065-LeaderElection61] INFO  server.RaftServerConfigKeys (ConfUtils.java:logGet(46)) - raft.server.write.follower.gap.ratio.max = -1.0 (default)
2022-07-27 13:54:07,990 [e553176d-d5e6-48b0-ac0f-e41e398e3d2d@group-9D7BF6FF5065-LeaderElection61] INFO  impl.RoleInfo (RoleInfo.java:updateAndGet(139)) - e553176d-d5e6-48b0-ac0f-e41e398e3d2d: start e553176d-d5e6-48b0-ac0f-e41e398e3d2d@group-9D7BF6FF5065-LeaderStateImpl
2022-07-27 13:54:08,007 [e553176d-d5e6-48b0-ac0f-e41e398e3d2d@group-9D7BF6FF5065-LeaderElection61] INFO  segmented.SegmentedRaftLogWorker (SegmentedRaftLogWorker.java:startLogSegment(425)) - e553176d-d5e6-48b0-ac0f-e41e398e3d2d@group-9D7BF6FF5065-SegmentedRaftLogWorker: Starting segment from index:0
2022-07-27 13:54:08,012 [e553176d-d5e6-48b0-ac0f-e41e398e3d2d@group-9D7BF6FF5065-SegmentedRaftLogWorker] INFO  segmented.SegmentedRaftLogWorker (SegmentedRaftLogWorker.java:execute(629)) - e553176d-d5e6-48b0-ac0f-e41e398e3d2d@group-9D7BF6FF5065-SegmentedRaftLogWorker: created new log segment /home/runner/work/ozone/ozone/hadoop-ozone/integration-test/target/test-dir/MiniOzoneClusterImpl-17d54aa6-bde1-4bf1-a713-29851100816b/datanode-4/data/ratis/dfebbd3d-548f-4bf0-a80f-9d7bf6ff5065/current/log_inprogress_0
2022-07-27 13:54:08,027 [e553176d-d5e6-48b0-ac0f-e41e398e3d2d@group-9D7BF6FF5065-LeaderElection61] INFO  server.RaftServer$Division (ServerState.java:setRaftConf(393)) - e553176d-d5e6-48b0-ac0f-e41e398e3d2d@group-9D7BF6FF5065: set configuration 0: [e553176d-d5e6-48b0-ac0f-e41e398e3d2d|rpc:10.1.0.21:44875|dataStream:|priority:1], old=null
2022-07-27 13:54:08,075 [IPC Server handler 14 on default port 41147] INFO  volume.OMVolumeCreateRequest (OMVolumeCreateRequest.java:validateAndUpdateCache(195)) - created volume:volume78896 for user:user41150
2022-07-27 13:54:08,076 [Time-limited test] INFO  rpc.RpcClient (RpcClient.java:createBucket(670)) - Creating Bucket: volume78896/bucket22049, with bucket layout LEGACY, runner as owner, Versioning false, Storage Type set to DISK and Encryption set to false 
2022-07-27 13:54:08,076 [IPC Server handler 1 on default port 41147] INFO  bucket.OMBucketCreateRequest (OMBucketCreateRequest.java:validateAndUpdateCache(260)) - created bucket: bucket22049 of layout LEGACY in volume: volume78896
13:54:08.087 [IPC Server handler 17 on default port 41147] ERROR OMAudit - user=runner | ip=127.0.0.1 | op=READ_BUCKET {volume=volume-13480, bucket=bucket} | ret=FAILURE
org.apache.hadoop.ozone.om.exceptions.OMException: Volume not found when getting bucket info
	at org.apache.hadoop.ozone.om.BucketManagerImpl.getBucketInfo(BucketManagerImpl.java:127) ~[ozone-manager-1.3.0-SNAPSHOT.jar:?]
	at org.apache.hadoop.ozone.om.OzoneManager.getBucketInfo(OzoneManager.java:2779) ~[ozone-manager-1.3.0-SNAPSHOT.jar:?]
	at org.apache.hadoop.ozone.protocolPB.OzoneManagerRequestHandler.infoBucket(OzoneManagerRequestHandler.java:471) ~[ozone-manager-1.3.0-SNAPSHOT.jar:?]
	at org.apache.hadoop.ozone.protocolPB.OzoneManagerRequestHandler.handleReadRequest(OzoneManagerRequestHandler.java:174) ~[ozone-manager-1.3.0-SNAPSHOT.jar:?]
	at org.apache.hadoop.ozone.protocolPB.OzoneManagerProtocolServerSideTranslatorPB.submitRequestDirectlyToOM(OzoneManagerProtocolServerSideTranslatorPB.java:276) ~[ozone-manager-1.3.0-SNAPSHOT.jar:?]
	at org.apache.hadoop.ozone.protocolPB.OzoneManagerProtocolServerSideTranslatorPB.processRequest(OzoneManagerProtocolServerSideTranslatorPB.java:205) ~[ozone-manager-1.3.0-SNAPSHOT.jar:?]
	at org.apache.hadoop.hdds.server.OzoneProtocolMessageDispatcher.processRequest(OzoneProtocolMessageDispatcher.java:87) [hdds-server-framework-1.3.0-SNAPSHOT.jar:?]
	at org.apache.hadoop.ozone.protocolPB.OzoneManagerProtocolServerSideTranslatorPB.submitRequest(OzoneManagerProtocolServerSideTranslatorPB.java:147) [ozone-manager-1.3.0-SNAPSHOT.jar:?]
	at org.apache.hadoop.ozone.protocol.proto.OzoneManagerProtocolProtos$OzoneManagerService$2.callBlockingMethod(OzoneManagerProtocolProtos.java) [ozone-interface-client-1.3.0-SNAPSHOT.jar:?]
	at org.apache.hadoop.ipc.ProtobufRpcEngine$Server.processCall(ProtobufRpcEngine.java:466) [hadoop-common-3.3.1.jar:?]
	at org.apache.hadoop.ipc.ProtobufRpcEngine2$Server$ProtoBufRpcInvoker.call(ProtobufRpcEngine2.java:574) [hadoop-common-3.3.1.jar:?]
	at org.apache.hadoop.ipc.ProtobufRpcEngine2$Server$ProtoBufRpcInvoker.call(ProtobufRpcEngine2.java:552) [hadoop-common-3.3.1.jar:?]
	at org.apache.hadoop.ipc.RPC$Server.call(RPC.java:1093) [hadoop-common-3.3.1.jar:?]
	at org.apache.hadoop.ipc.Server$RpcCall.run(Server.java:1035) [hadoop-common-3.3.1.jar:?]
	at org.apache.hadoop.ipc.Server$RpcCall.run(Server.java:963) [hadoop-common-3.3.1.jar:?]
	at java.security.AccessController.doPrivileged(Native Method) ~[?:1.8.0_332]
	at javax.security.auth.Subject.doAs(Subject.java:422) [?:1.8.0_332]
	at org.apache.hadoop.security.UserGroupInformation.doAs(UserGroupInformation.java:1878) [hadoop-common-3.3.1.jar:?]
	at org.apache.hadoop.ipc.Server$Handler.run(Server.java:2966) [hadoop-common-3.3.1.jar:?]
2022-07-27 13:54:08,088 [Time-limited test] INFO  rpc.RpcClient (RpcClient.java:createVolume(467)) - Creating Volume: volume-13480, with runner as owner and space quota set to -1 bytes, counts quota set to -1
2022-07-27 13:54:08,088 [IPC Server handler 19 on default port 41147] INFO  volume.OMVolumeCreateRequest (OMVolumeCreateRequest.java:validateAndUpdateCache(195)) - created volume:volume-13480 for user:runner
2022-07-27 13:54:08,091 [Time-limited test] INFO  rpc.RpcClient (RpcClient.java:createBucket(670)) - Creating Bucket: volume-13480/bucket, with bucket layout LEGACY, runner as owner, Versioning false, Storage Type set to DISK and Encryption set to false 
2022-07-27 13:54:08,091 [IPC Server handler 11 on default port 41147] INFO  bucket.OMBucketCreateRequest (OMBucketCreateRequest.java:validateAndUpdateCache(260)) - created bucket: bucket of layout LEGACY in volume: volume-13480
2022-07-27 13:54:08,093 [Time-limited test] INFO  rpc.RpcClient (RpcClient.java:createVolume(467)) - Creating Volume: volume-69324, with runner as owner and space quota set to -1 bytes, counts quota set to -1
2022-07-27 13:54:08,094 [IPC Server handler 5 on default port 41147] INFO  volume.OMVolumeCreateRequest (OMVolumeCreateRequest.java:validateAndUpdateCache(195)) - created volume:volume-69324 for user:runner
2022-07-27 13:54:08,094 [Time-limited test] INFO  rpc.RpcClient (RpcClient.java:createBucket(670)) - Creating Bucket: volume-69324/link, with server-side default bucket layout, runner as owner, Versioning false, Storage Type set to DISK and Encryption set to false 
2022-07-27 13:54:08,095 [IPC Server handler 3 on default port 41147] INFO  bucket.OMBucketCreateRequest (OMBucketCreateRequest.java:validateAndUpdateCache(260)) - created bucket: link of layout LEGACY in volume: volume-69324
13:54:08.096 [IPC Server handler 1 on default port 41147] ERROR OMAudit - user=runner | ip=127.0.0.1 | op=DELETE_VOLUME {volume=volume-69324} | ret=FAILURE
org.apache.hadoop.ozone.om.exceptions.OMException: null
	at org.apache.hadoop.ozone.om.request.volume.OMVolumeDeleteRequest.validateAndUpdateCache(OMVolumeDeleteRequest.java:122) ~[ozone-manager-1.3.0-SNAPSHOT.jar:?]
	at org.apache.hadoop.ozone.protocolPB.OzoneManagerRequestHandler.handleWriteRequest(OzoneManagerRequestHandler.java:300) ~[ozone-manager-1.3.0-SNAPSHOT.jar:?]
	at org.apache.hadoop.ozone.protocolPB.OzoneManagerProtocolServerSideTranslatorPB.submitRequestDirectlyToOM(OzoneManagerProtocolServerSideTranslatorPB.java:282) ~[ozone-manager-1.3.0-SNAPSHOT.jar:?]
	at org.apache.hadoop.ozone.protocolPB.OzoneManagerProtocolServerSideTranslatorPB.processRequest(OzoneManagerProtocolServerSideTranslatorPB.java:205) ~[ozone-manager-1.3.0-SNAPSHOT.jar:?]
	at org.apache.hadoop.hdds.server.OzoneProtocolMessageDispatcher.processRequest(OzoneProtocolMessageDispatcher.java:87) [hdds-server-framework-1.3.0-SNAPSHOT.jar:?]
	at org.apache.hadoop.ozone.protocolPB.OzoneManagerProtocolServerSideTranslatorPB.submitRequest(OzoneManagerProtocolServerSideTranslatorPB.java:147) [ozone-manager-1.3.0-SNAPSHOT.jar:?]
	at org.apache.hadoop.ozone.protocol.proto.OzoneManagerProtocolProtos$OzoneManagerService$2.callBlockingMethod(OzoneManagerProtocolProtos.java) [ozone-interface-client-1.3.0-SNAPSHOT.jar:?]
	at org.apache.hadoop.ipc.ProtobufRpcEngine$Server.processCall(ProtobufRpcEngine.java:466) [hadoop-common-3.3.1.jar:?]
	at org.apache.hadoop.ipc.ProtobufRpcEngine2$Server$ProtoBufRpcInvoker.call(ProtobufRpcEngine2.java:574) [hadoop-common-3.3.1.jar:?]
	at org.apache.hadoop.ipc.ProtobufRpcEngine2$Server$ProtoBufRpcInvoker.call(ProtobufRpcEngine2.java:552) [hadoop-common-3.3.1.jar:?]
	at org.apache.hadoop.ipc.RPC$Server.call(RPC.java:1093) [hadoop-common-3.3.1.jar:?]
	at org.apache.hadoop.ipc.Server$RpcCall.run(Server.java:1035) [hadoop-common-3.3.1.jar:?]
	at org.apache.hadoop.ipc.Server$RpcCall.run(Server.java:963) [hadoop-common-3.3.1.jar:?]
	at java.security.AccessController.doPrivileged(Native Method) ~[?:1.8.0_332]
	at javax.security.auth.Subject.doAs(Subject.java:422) [?:1.8.0_332]
	at org.apache.hadoop.security.UserGroupInformation.doAs(UserGroupInformation.java:1878) [hadoop-common-3.3.1.jar:?]
	at org.apache.hadoop.ipc.Server$Handler.run(Server.java:2966) [hadoop-common-3.3.1.jar:?]
2022-07-27 13:54:08,097 [IPC Server handler 1 on default port 41147] ERROR volume.OMVolumeDeleteRequest (OMVolumeDeleteRequest.java:validateAndUpdateCache(170)) - Volume deletion failed for user:runner volume:volume-69324
VOLUME_NOT_EMPTY org.apache.hadoop.ozone.om.exceptions.OMException
	at org.apache.hadoop.ozone.om.request.volume.OMVolumeDeleteRequest.validateAndUpdateCache(OMVolumeDeleteRequest.java:122)
	at org.apache.hadoop.ozone.protocolPB.OzoneManagerRequestHandler.handleWriteRequest(OzoneManagerRequestHandler.java:300)
	at org.apache.hadoop.ozone.protocolPB.OzoneManagerProtocolServerSideTranslatorPB.submitRequestDirectlyToOM(OzoneManagerProtocolServerSideTranslatorPB.java:282)
	at org.apache.hadoop.ozone.protocolPB.OzoneManagerProtocolServerSideTranslatorPB.processRequest(OzoneManagerProtocolServerSideTranslatorPB.java:205)
	at org.apache.hadoop.hdds.server.OzoneProtocolMessageDispatcher.processRequest(OzoneProtocolMessageDispatcher.java:87)
	at org.apache.hadoop.ozone.protocolPB.OzoneManagerProtocolServerSideTranslatorPB.submitRequest(OzoneManagerProtocolServerSideTranslatorPB.java:147)
	at org.apache.hadoop.ozone.protocol.proto.OzoneManagerProtocolProtos$OzoneManagerService$2.callBlockingMethod(OzoneManagerProtocolProtos.java)
	at org.apache.hadoop.ipc.ProtobufRpcEngine$Server.processCall(ProtobufRpcEngine.java:466)
	at org.apache.hadoop.ipc.ProtobufRpcEngine2$Server$ProtoBufRpcInvoker.call(ProtobufRpcEngine2.java:574)
	at org.apache.hadoop.ipc.ProtobufRpcEngine2$Server$ProtoBufRpcInvoker.call(ProtobufRpcEngine2.java:552)
	at org.apache.hadoop.ipc.RPC$Server.call(RPC.java:1093)
	at org.apache.hadoop.ipc.Server$RpcCall.run(Server.java:1035)
	at org.apache.hadoop.ipc.Server$RpcCall.run(Server.java:963)
	at java.security.AccessController.doPrivileged(Native Method)
	at javax.security.auth.Subject.doAs(Subject.java:422)
	at org.apache.hadoop.security.UserGroupInformation.doAs(UserGroupInformation.java:1878)
	at org.apache.hadoop.ipc.Server$Handler.run(Server.java:2966)
13:54:08.122 [IPC Server handler 15 on default port 41147] ERROR OMAudit - user=runner | ip=127.0.0.1 | op=READ_BUCKET {volume=volume-69324, bucket=link} | ret=FAILURE
org.apache.hadoop.ozone.om.exceptions.OMException: Volume not found when getting bucket info
	at org.apache.hadoop.ozone.om.BucketManagerImpl.getBucketInfo(BucketManagerImpl.java:127) ~[ozone-manager-1.3.0-SNAPSHOT.jar:?]
	at org.apache.hadoop.ozone.om.OzoneManager.getBucketInfo(OzoneManager.java:2779) ~[ozone-manager-1.3.0-SNAPSHOT.jar:?]
	at org.apache.hadoop.ozone.protocolPB.OzoneManagerRequestHandler.infoBucket(OzoneManagerRequestHandler.java:471) ~[ozone-manager-1.3.0-SNAPSHOT.jar:?]
	at org.apache.hadoop.ozone.protocolPB.OzoneManagerRequestHandler.handleReadRequest(OzoneManagerRequestHandler.java:174) ~[ozone-manager-1.3.0-SNAPSHOT.jar:?]
	at org.apache.hadoop.ozone.protocolPB.OzoneManagerProtocolServerSideTranslatorPB.submitRequestDirectlyToOM(OzoneManagerProtocolServerSideTranslatorPB.java:276) ~[ozone-manager-1.3.0-SNAPSHOT.jar:?]
	at org.apache.hadoop.ozone.protocolPB.OzoneManagerProtocolServerSideTranslatorPB.processRequest(OzoneManagerProtocolServerSideTranslatorPB.java:205) ~[ozone-manager-1.3.0-SNAPSHOT.jar:?]
	at org.apache.hadoop.hdds.server.OzoneProtocolMessageDispatcher.processRequest(OzoneProtocolMessageDispatcher.java:87) [hdds-server-framework-1.3.0-SNAPSHOT.jar:?]
	at org.apache.hadoop.ozone.protocolPB.OzoneManagerProtocolServerSideTranslatorPB.submitRequest(OzoneManagerProtocolServerSideTranslatorPB.java:147) [ozone-manager-1.3.0-SNAPSHOT.jar:?]
	at org.apache.hadoop.ozone.protocol.proto.OzoneManagerProtocolProtos$OzoneManagerService$2.callBlockingMethod(OzoneManagerProtocolProtos.java) [ozone-interface-client-1.3.0-SNAPSHOT.jar:?]
	at org.apache.hadoop.ipc.ProtobufRpcEngine$Server.processCall(ProtobufRpcEngine.java:466) [hadoop-common-3.3.1.jar:?]
	at org.apache.hadoop.ipc.ProtobufRpcEngine2$Server$ProtoBufRpcInvoker.call(ProtobufRpcEngine2.java:574) [hadoop-common-3.3.1.jar:?]
	at org.apache.hadoop.ipc.ProtobufRpcEngine2$Server$ProtoBufRpcInvoker.call(ProtobufRpcEngine2.java:552) [hadoop-common-3.3.1.jar:?]
	at org.apache.hadoop.ipc.RPC$Server.call(RPC.java:1093) [hadoop-common-3.3.1.jar:?]
	at org.apache.hadoop.ipc.Server$RpcCall.run(Server.java:1035) [hadoop-common-3.3.1.jar:?]
	at org.apache.hadoop.ipc.Server$RpcCall.run(Server.java:963) [hadoop-common-3.3.1.jar:?]
	at java.security.AccessController.doPrivileged(Native Method) ~[?:1.8.0_332]
	at javax.security.auth.Subject.doAs(Subject.java:422) [?:1.8.0_332]
	at org.apache.hadoop.security.UserGroupInformation.doAs(UserGroupInformation.java:1878) [hadoop-common-3.3.1.jar:?]
	at org.apache.hadoop.ipc.Server$Handler.run(Server.java:2966) [hadoop-common-3.3.1.jar:?]
]]></system-out>
  </testcase>
  <testcase name="testOzoneFsServiceLoader" classname="TestRootedOzoneFileSystem" time="0.077">
    <system-out><![CDATA[2022-07-27 13:49:18,078 [Time-limited test] INFO  rpc.RpcClient (RpcClient.java:createVolume(467)) - Creating Volume: volume06739, with user21903 as owner and space quota set to -1 bytes, counts quota set to -1
2022-07-27 13:49:18,081 [OM StateMachine ApplyTransaction Thread - 0] INFO  volume.OMVolumeCreateRequest (OMVolumeCreateRequest.java:validateAndUpdateCache(195)) - created volume:volume06739 for user:user21903
2022-07-27 13:49:18,084 [Time-limited test] INFO  rpc.RpcClient (RpcClient.java:createBucket(670)) - Creating Bucket: volume06739/bucket22532, with bucket layout LEGACY, runner as owner, Versioning false, Storage Type set to DISK and Encryption set to false 
2022-07-27 13:49:18,086 [OM StateMachine ApplyTransaction Thread - 0] INFO  bucket.OMBucketCreateRequest (OMBucketCreateRequest.java:validateAndUpdateCache(260)) - created bucket: bucket22532 of layout LEGACY in volume: volume06739
]]></system-out>
  </testcase>
  <testcase name="testOzoneFsServiceLoader" classname="TestRootedOzoneFileSystem" time="0.142">
    <system-out><![CDATA[2022-07-27 13:50:22,752 [Time-limited test] INFO  rpc.RpcClient (RpcClient.java:createVolume(467)) - Creating Volume: volume87904, with user68471 as owner and space quota set to -1 bytes, counts quota set to -1
2022-07-27 13:50:22,754 [OM StateMachine ApplyTransaction Thread - 0] INFO  volume.OMVolumeCreateRequest (OMVolumeCreateRequest.java:validateAndUpdateCache(195)) - created volume:volume87904 for user:user68471
2022-07-27 13:50:22,755 [Time-limited test] INFO  rpc.RpcClient (RpcClient.java:createBucket(670)) - Creating Bucket: volume87904/bucket14282, with bucket layout LEGACY, runner as owner, Versioning false, Storage Type set to DISK and Encryption set to false 
2022-07-27 13:50:22,757 [OM StateMachine ApplyTransaction Thread - 0] INFO  bucket.OMBucketCreateRequest (OMBucketCreateRequest.java:validateAndUpdateCache(260)) - created bucket: bucket14282 of layout LEGACY in volume: volume87904
]]></system-out>
  </testcase>
  <testcase name="testOzoneFsServiceLoader" classname="TestRootedOzoneFileSystem" time="0.206">
    <system-out><![CDATA[2022-07-27 13:51:31,908 [Time-limited test] INFO  rpc.RpcClient (RpcClient.java:createVolume(467)) - Creating Volume: volume81304, with user89705 as owner and space quota set to -1 bytes, counts quota set to -1
2022-07-27 13:51:31,909 [IPC Server handler 3 on default port 45285] INFO  volume.OMVolumeCreateRequest (OMVolumeCreateRequest.java:validateAndUpdateCache(195)) - created volume:volume81304 for user:user89705
2022-07-27 13:51:31,914 [Time-limited test] INFO  rpc.RpcClient (RpcClient.java:createBucket(670)) - Creating Bucket: volume81304/bucket62853, with bucket layout LEGACY, runner as owner, Versioning false, Storage Type set to DISK and Encryption set to false 
2022-07-27 13:51:31,915 [IPC Server handler 4 on default port 45285] INFO  bucket.OMBucketCreateRequest (OMBucketCreateRequest.java:validateAndUpdateCache(260)) - created bucket: bucket62853 of layout LEGACY in volume: volume81304
]]></system-out>
  </testcase>
  <testcase name="testOzoneFsServiceLoader" classname="TestRootedOzoneFileSystem" time="0.277">
    <system-out><![CDATA[2022-07-27 13:52:48,097 [Time-limited test] INFO  rpc.RpcClient (RpcClient.java:createVolume(467)) - Creating Volume: volume69641, with user19168 as owner and space quota set to -1 bytes, counts quota set to -1
2022-07-27 13:52:48,100 [OM StateMachine ApplyTransaction Thread - 0] INFO  volume.OMVolumeCreateRequest (OMVolumeCreateRequest.java:validateAndUpdateCache(195)) - created volume:volume69641 for user:user19168
2022-07-27 13:52:48,101 [Time-limited test] INFO  rpc.RpcClient (RpcClient.java:createBucket(670)) - Creating Bucket: volume69641/bucket85209, with bucket layout LEGACY, runner as owner, Versioning false, Storage Type set to DISK and Encryption set to false 
2022-07-27 13:52:48,102 [OM StateMachine ApplyTransaction Thread - 0] INFO  bucket.OMBucketCreateRequest (OMBucketCreateRequest.java:validateAndUpdateCache(260)) - created bucket: bucket85209 of layout LEGACY in volume: volume69641
]]></system-out>
  </testcase>
  <testcase name="testOzoneFsServiceLoader" classname="TestRootedOzoneFileSystem" time="0.33">
    <system-out><![CDATA[2022-07-27 13:54:08,376 [Time-limited test] INFO  rpc.RpcClient (RpcClient.java:createVolume(467)) - Creating Volume: volume55173, with user90468 as owner and space quota set to -1 bytes, counts quota set to -1
2022-07-27 13:54:08,377 [IPC Server handler 2 on default port 41147] INFO  volume.OMVolumeCreateRequest (OMVolumeCreateRequest.java:validateAndUpdateCache(195)) - created volume:volume55173 for user:user90468
2022-07-27 13:54:08,393 [Time-limited test] INFO  rpc.RpcClient (RpcClient.java:createBucket(670)) - Creating Bucket: volume55173/bucket89335, with bucket layout LEGACY, runner as owner, Versioning false, Storage Type set to DISK and Encryption set to false 
2022-07-27 13:54:08,394 [IPC Server handler 15 on default port 41147] INFO  bucket.OMBucketCreateRequest (OMBucketCreateRequest.java:validateAndUpdateCache(260)) - created bucket: bucket89335 of layout LEGACY in volume: volume55173
]]></system-out>
  </testcase>
  <testcase name="testBucketDefaultsShouldNotBeInheritedToFileForNonEC" classname="TestRootedOzoneFileSystem" time="0.225">
    <system-out><![CDATA[2022-07-27 13:49:18,156 [Time-limited test] INFO  rpc.RpcClient (RpcClient.java:createVolume(467)) - Creating Volume: volume14355, with user96379 as owner and space quota set to -1 bytes, counts quota set to -1
2022-07-27 13:49:18,159 [OM StateMachine ApplyTransaction Thread - 0] INFO  volume.OMVolumeCreateRequest (OMVolumeCreateRequest.java:validateAndUpdateCache(195)) - created volume:volume14355 for user:user96379
2022-07-27 13:49:18,165 [Time-limited test] INFO  rpc.RpcClient (RpcClient.java:createBucket(670)) - Creating Bucket: volume14355/bucket53193, with bucket layout LEGACY, runner as owner, Versioning false, Storage Type set to DISK and Encryption set to false 
2022-07-27 13:49:18,169 [OM StateMachine ApplyTransaction Thread - 0] INFO  bucket.OMBucketCreateRequest (OMBucketCreateRequest.java:validateAndUpdateCache(260)) - created bucket: bucket53193 of layout LEGACY in volume: volume14355
2022-07-27 13:49:18,188 [Time-limited test] INFO  rpc.RpcClient (RpcClient.java:createVolume(467)) - Creating Volume: 8b3bae70-1ef5-4670-8b2a-41ff095bc3ab, with user18895 as owner and space quota set to -1 bytes, counts quota set to -1
2022-07-27 13:49:18,193 [OM StateMachine ApplyTransaction Thread - 0] INFO  volume.OMVolumeCreateRequest (OMVolumeCreateRequest.java:validateAndUpdateCache(195)) - created volume:8b3bae70-1ef5-4670-8b2a-41ff095bc3ab for user:user18895
2022-07-27 13:49:18,199 [Time-limited test] INFO  rpc.RpcClient (RpcClient.java:createBucket(670)) - Creating Bucket: 8b3bae70-1ef5-4670-8b2a-41ff095bc3ab/0abf774a-2917-444b-9d39-adb158dd3462, with bucket layout LEGACY, runner as owner, Versioning false, Storage Type set to DISK and Encryption set to false 
2022-07-27 13:49:18,219 [OM StateMachine ApplyTransaction Thread - 0] INFO  bucket.OMBucketCreateRequest (OMBucketCreateRequest.java:validateAndUpdateCache(260)) - created bucket: 0abf774a-2917-444b-9d39-adb158dd3462 of layout LEGACY in volume: 8b3bae70-1ef5-4670-8b2a-41ff095bc3ab
]]></system-out>
  </testcase>
  <testcase name="testBucketDefaultsShouldNotBeInheritedToFileForNonEC" classname="TestRootedOzoneFileSystem" time="0.316">
    <system-out><![CDATA[2022-07-27 13:50:22,924 [Time-limited test] INFO  rpc.RpcClient (RpcClient.java:createVolume(467)) - Creating Volume: volume84396, with user12363 as owner and space quota set to -1 bytes, counts quota set to -1
2022-07-27 13:50:22,926 [OM StateMachine ApplyTransaction Thread - 0] INFO  volume.OMVolumeCreateRequest (OMVolumeCreateRequest.java:validateAndUpdateCache(195)) - created volume:volume84396 for user:user12363
2022-07-27 13:50:22,927 [Time-limited test] INFO  rpc.RpcClient (RpcClient.java:createBucket(670)) - Creating Bucket: volume84396/bucket36214, with bucket layout LEGACY, runner as owner, Versioning false, Storage Type set to DISK and Encryption set to false 
2022-07-27 13:50:22,928 [OM StateMachine ApplyTransaction Thread - 0] INFO  bucket.OMBucketCreateRequest (OMBucketCreateRequest.java:validateAndUpdateCache(260)) - created bucket: bucket36214 of layout LEGACY in volume: volume84396
2022-07-27 13:50:22,980 [Time-limited test] INFO  rpc.RpcClient (RpcClient.java:createVolume(467)) - Creating Volume: eb75a2c4-9b19-42d2-92d1-5baf371d8b09, with user41128 as owner and space quota set to -1 bytes, counts quota set to -1
2022-07-27 13:50:22,984 [OM StateMachine ApplyTransaction Thread - 0] INFO  volume.OMVolumeCreateRequest (OMVolumeCreateRequest.java:validateAndUpdateCache(195)) - created volume:eb75a2c4-9b19-42d2-92d1-5baf371d8b09 for user:user41128
2022-07-27 13:50:22,989 [Time-limited test] INFO  rpc.RpcClient (RpcClient.java:createBucket(670)) - Creating Bucket: eb75a2c4-9b19-42d2-92d1-5baf371d8b09/d7ef283b-e39d-4b45-8d0e-55ab2294e400, with bucket layout LEGACY, runner as owner, Versioning false, Storage Type set to DISK and Encryption set to false 
2022-07-27 13:50:22,991 [OM StateMachine ApplyTransaction Thread - 0] INFO  bucket.OMBucketCreateRequest (OMBucketCreateRequest.java:validateAndUpdateCache(260)) - created bucket: d7ef283b-e39d-4b45-8d0e-55ab2294e400 of layout LEGACY in volume: eb75a2c4-9b19-42d2-92d1-5baf371d8b09
]]></system-out>
  </testcase>
  <testcase name="testBucketDefaultsShouldNotBeInheritedToFileForNonEC" classname="TestRootedOzoneFileSystem" time="0.619">
    <system-out><![CDATA[2022-07-27 13:51:32,067 [Time-limited test] INFO  rpc.RpcClient (RpcClient.java:createVolume(467)) - Creating Volume: volume06683, with user72746 as owner and space quota set to -1 bytes, counts quota set to -1
2022-07-27 13:51:32,068 [IPC Server handler 4 on default port 45285] INFO  volume.OMVolumeCreateRequest (OMVolumeCreateRequest.java:validateAndUpdateCache(195)) - created volume:volume06683 for user:user72746
2022-07-27 13:51:32,072 [Time-limited test] INFO  rpc.RpcClient (RpcClient.java:createBucket(670)) - Creating Bucket: volume06683/bucket46835, with bucket layout LEGACY, runner as owner, Versioning false, Storage Type set to DISK and Encryption set to false 
2022-07-27 13:51:32,073 [IPC Server handler 9 on default port 45285] INFO  bucket.OMBucketCreateRequest (OMBucketCreateRequest.java:validateAndUpdateCache(260)) - created bucket: bucket46835 of layout LEGACY in volume: volume06683
2022-07-27 13:51:32,144 [Time-limited test] INFO  rpc.RpcClient (RpcClient.java:createVolume(467)) - Creating Volume: c7bbfd64-752f-46ae-93f9-89be07c2b057, with user74592 as owner and space quota set to -1 bytes, counts quota set to -1
2022-07-27 13:51:32,147 [IPC Server handler 12 on default port 45285] INFO  volume.OMVolumeCreateRequest (OMVolumeCreateRequest.java:validateAndUpdateCache(195)) - created volume:c7bbfd64-752f-46ae-93f9-89be07c2b057 for user:user74592
2022-07-27 13:51:32,162 [Time-limited test] INFO  rpc.RpcClient (RpcClient.java:createBucket(670)) - Creating Bucket: c7bbfd64-752f-46ae-93f9-89be07c2b057/01829def-0411-45e3-a850-f7a07a46e0c9, with bucket layout LEGACY, runner as owner, Versioning false, Storage Type set to DISK and Encryption set to false 
2022-07-27 13:51:32,162 [IPC Server handler 14 on default port 45285] INFO  bucket.OMBucketCreateRequest (OMBucketCreateRequest.java:validateAndUpdateCache(260)) - created bucket: 01829def-0411-45e3-a850-f7a07a46e0c9 of layout LEGACY in volume: c7bbfd64-752f-46ae-93f9-89be07c2b057
]]></system-out>
  </testcase>
  <testcase name="testBucketDefaultsShouldNotBeInheritedToFileForNonEC" classname="TestRootedOzoneFileSystem" time="0.521">
    <system-out><![CDATA[2022-07-27 13:52:48,399 [Time-limited test] INFO  rpc.RpcClient (RpcClient.java:createVolume(467)) - Creating Volume: volume36827, with user02276 as owner and space quota set to -1 bytes, counts quota set to -1
2022-07-27 13:52:48,401 [OM StateMachine ApplyTransaction Thread - 0] INFO  volume.OMVolumeCreateRequest (OMVolumeCreateRequest.java:validateAndUpdateCache(195)) - created volume:volume36827 for user:user02276
2022-07-27 13:52:48,403 [Time-limited test] INFO  rpc.RpcClient (RpcClient.java:createBucket(670)) - Creating Bucket: volume36827/bucket44267, with bucket layout LEGACY, runner as owner, Versioning false, Storage Type set to DISK and Encryption set to false 
2022-07-27 13:52:48,404 [OM StateMachine ApplyTransaction Thread - 0] INFO  bucket.OMBucketCreateRequest (OMBucketCreateRequest.java:validateAndUpdateCache(260)) - created bucket: bucket44267 of layout LEGACY in volume: volume36827
2022-07-27 13:52:48,477 [Time-limited test] INFO  rpc.RpcClient (RpcClient.java:createVolume(467)) - Creating Volume: 4c9f294e-8479-4409-83d9-c0d7eb2d655f, with user74122 as owner and space quota set to -1 bytes, counts quota set to -1
2022-07-27 13:52:48,485 [OM StateMachine ApplyTransaction Thread - 0] INFO  volume.OMVolumeCreateRequest (OMVolumeCreateRequest.java:validateAndUpdateCache(195)) - created volume:4c9f294e-8479-4409-83d9-c0d7eb2d655f for user:user74122
2022-07-27 13:52:48,487 [Time-limited test] INFO  rpc.RpcClient (RpcClient.java:createBucket(670)) - Creating Bucket: 4c9f294e-8479-4409-83d9-c0d7eb2d655f/9e87b064-9aed-4644-bac2-5bc2b3989a28, with bucket layout LEGACY, runner as owner, Versioning false, Storage Type set to DISK and Encryption set to false 
2022-07-27 13:52:48,489 [OM StateMachine ApplyTransaction Thread - 0] INFO  bucket.OMBucketCreateRequest (OMBucketCreateRequest.java:validateAndUpdateCache(260)) - created bucket: 9e87b064-9aed-4644-bac2-5bc2b3989a28 of layout LEGACY in volume: 4c9f294e-8479-4409-83d9-c0d7eb2d655f
]]></system-out>
  </testcase>
  <testcase name="testBucketDefaultsShouldNotBeInheritedToFileForNonEC" classname="TestRootedOzoneFileSystem" time="0.393">
    <system-out><![CDATA[2022-07-27 13:54:08,574 [Time-limited test] INFO  rpc.RpcClient (RpcClient.java:createVolume(467)) - Creating Volume: volume63666, with user37375 as owner and space quota set to -1 bytes, counts quota set to -1
2022-07-27 13:54:08,579 [IPC Server handler 15 on default port 41147] INFO  volume.OMVolumeCreateRequest (OMVolumeCreateRequest.java:validateAndUpdateCache(195)) - created volume:volume63666 for user:user37375
2022-07-27 13:54:08,583 [Time-limited test] INFO  rpc.RpcClient (RpcClient.java:createBucket(670)) - Creating Bucket: volume63666/bucket32157, with bucket layout LEGACY, runner as owner, Versioning false, Storage Type set to DISK and Encryption set to false 
2022-07-27 13:54:08,584 [IPC Server handler 13 on default port 41147] INFO  bucket.OMBucketCreateRequest (OMBucketCreateRequest.java:validateAndUpdateCache(260)) - created bucket: bucket32157 of layout LEGACY in volume: volume63666
2022-07-27 13:54:08,689 [Time-limited test] INFO  rpc.RpcClient (RpcClient.java:createVolume(467)) - Creating Volume: 3055ed78-6dd0-4543-b200-b160c7a8752b, with user68340 as owner and space quota set to -1 bytes, counts quota set to -1
2022-07-27 13:54:08,690 [IPC Server handler 18 on default port 41147] INFO  volume.OMVolumeCreateRequest (OMVolumeCreateRequest.java:validateAndUpdateCache(195)) - created volume:3055ed78-6dd0-4543-b200-b160c7a8752b for user:user68340
2022-07-27 13:54:08,691 [Time-limited test] INFO  rpc.RpcClient (RpcClient.java:createBucket(670)) - Creating Bucket: 3055ed78-6dd0-4543-b200-b160c7a8752b/54c4bc13-b4d8-4af8-ac90-01762a766fce, with bucket layout LEGACY, runner as owner, Versioning false, Storage Type set to DISK and Encryption set to false 
2022-07-27 13:54:08,691 [IPC Server handler 19 on default port 41147] INFO  bucket.OMBucketCreateRequest (OMBucketCreateRequest.java:validateAndUpdateCache(260)) - created bucket: 54c4bc13-b4d8-4af8-ac90-01762a766fce of layout LEGACY in volume: 3055ed78-6dd0-4543-b200-b160c7a8752b
]]></system-out>
  </testcase>
  <testcase name="testTrash" classname="TestRootedOzoneFileSystem" time="0">
    <skipped/>
  </testcase>
  <testcase name="testTrash" classname="TestRootedOzoneFileSystem" time="0">
    <skipped/>
  </testcase>
  <testcase name="testTrash" classname="TestRootedOzoneFileSystem" time="0">
    <skipped/>
  </testcase>
  <testcase name="testTrash" classname="TestRootedOzoneFileSystem" time="0">
    <skipped/>
  </testcase>
  <testcase name="testTrash" classname="TestRootedOzoneFileSystem" time="0">
    <skipped/>
  </testcase>
  <testcase name="testRenameDestinationParentDoesntExist" classname="TestRootedOzoneFileSystem" time="0.101">
    <system-out><![CDATA[2022-07-27 13:49:18,381 [Time-limited test] INFO  rpc.RpcClient (RpcClient.java:createVolume(467)) - Creating Volume: volume30782, with user81477 as owner and space quota set to -1 bytes, counts quota set to -1
2022-07-27 13:49:18,385 [OM StateMachine ApplyTransaction Thread - 0] INFO  volume.OMVolumeCreateRequest (OMVolumeCreateRequest.java:validateAndUpdateCache(195)) - created volume:volume30782 for user:user81477
2022-07-27 13:49:18,387 [Time-limited test] INFO  rpc.RpcClient (RpcClient.java:createBucket(670)) - Creating Bucket: volume30782/bucket39460, with bucket layout LEGACY, runner as owner, Versioning false, Storage Type set to DISK and Encryption set to false 
2022-07-27 13:49:18,390 [OM StateMachine ApplyTransaction Thread - 0] INFO  bucket.OMBucketCreateRequest (OMBucketCreateRequest.java:validateAndUpdateCache(260)) - created bucket: bucket39460 of layout LEGACY in volume: volume30782
13:49:18.401 [IPC Server handler 3 on default port 44975] ERROR OMAudit - user=runner | ip=127.0.0.1 | op=GET_FILE_STATUS {volume=volume30782, bucket=bucket39460, key=root_dir/b/c, dataSize=0, replicationConfig=null} | ret=FAILURE
org.apache.hadoop.ozone.om.exceptions.OMException: Unable to get file status: volume: volume30782 bucket: bucket39460 key: root_dir/b/c
	at org.apache.hadoop.ozone.om.KeyManagerImpl.getOzoneFileStatus(KeyManagerImpl.java:1311) ~[ozone-manager-1.3.0-SNAPSHOT.jar:?]
	at org.apache.hadoop.ozone.om.KeyManagerImpl.getFileStatus(KeyManagerImpl.java:1241) ~[ozone-manager-1.3.0-SNAPSHOT.jar:?]
	at org.apache.hadoop.ozone.om.OzoneManager.getFileStatus(OzoneManager.java:3467) ~[ozone-manager-1.3.0-SNAPSHOT.jar:?]
	at org.apache.hadoop.ozone.protocolPB.OzoneManagerRequestHandler.getOzoneFileStatus(OzoneManagerRequestHandler.java:878) ~[ozone-manager-1.3.0-SNAPSHOT.jar:?]
	at org.apache.hadoop.ozone.protocolPB.OzoneManagerRequestHandler.handleReadRequest(OzoneManagerRequestHandler.java:224) ~[ozone-manager-1.3.0-SNAPSHOT.jar:?]
	at org.apache.hadoop.ozone.protocolPB.OzoneManagerProtocolServerSideTranslatorPB.submitReadRequestToOM(OzoneManagerProtocolServerSideTranslatorPB.java:226) ~[ozone-manager-1.3.0-SNAPSHOT.jar:?]
	at org.apache.hadoop.ozone.protocolPB.OzoneManagerProtocolServerSideTranslatorPB.processRequest(OzoneManagerProtocolServerSideTranslatorPB.java:175) ~[ozone-manager-1.3.0-SNAPSHOT.jar:?]
	at org.apache.hadoop.hdds.server.OzoneProtocolMessageDispatcher.processRequest(OzoneProtocolMessageDispatcher.java:87) [hdds-server-framework-1.3.0-SNAPSHOT.jar:?]
	at org.apache.hadoop.ozone.protocolPB.OzoneManagerProtocolServerSideTranslatorPB.submitRequest(OzoneManagerProtocolServerSideTranslatorPB.java:147) [ozone-manager-1.3.0-SNAPSHOT.jar:?]
	at org.apache.hadoop.ozone.protocol.proto.OzoneManagerProtocolProtos$OzoneManagerService$2.callBlockingMethod(OzoneManagerProtocolProtos.java) [ozone-interface-client-1.3.0-SNAPSHOT.jar:?]
	at org.apache.hadoop.ipc.ProtobufRpcEngine$Server.processCall(ProtobufRpcEngine.java:466) [hadoop-common-3.3.1.jar:?]
	at org.apache.hadoop.ipc.ProtobufRpcEngine2$Server$ProtoBufRpcInvoker.call(ProtobufRpcEngine2.java:574) [hadoop-common-3.3.1.jar:?]
	at org.apache.hadoop.ipc.ProtobufRpcEngine2$Server$ProtoBufRpcInvoker.call(ProtobufRpcEngine2.java:552) [hadoop-common-3.3.1.jar:?]
	at org.apache.hadoop.ipc.RPC$Server.call(RPC.java:1093) [hadoop-common-3.3.1.jar:?]
	at org.apache.hadoop.ipc.Server$RpcCall.run(Server.java:1035) [hadoop-common-3.3.1.jar:?]
	at org.apache.hadoop.ipc.Server$RpcCall.run(Server.java:963) [hadoop-common-3.3.1.jar:?]
	at java.security.AccessController.doPrivileged(Native Method) ~[?:1.8.0_332]
	at javax.security.auth.Subject.doAs(Subject.java:422) [?:1.8.0_332]
	at org.apache.hadoop.security.UserGroupInformation.doAs(UserGroupInformation.java:1878) [hadoop-common-3.3.1.jar:?]
	at org.apache.hadoop.ipc.Server$Handler.run(Server.java:2966) [hadoop-common-3.3.1.jar:?]
13:49:18.403 [IPC Server handler 10 on default port 44975] ERROR OMAudit - user=runner | ip=127.0.0.1 | op=GET_FILE_STATUS {volume=volume30782, bucket=bucket39460, key=root_dir/b, dataSize=0, replicationConfig=null} | ret=FAILURE
org.apache.hadoop.ozone.om.exceptions.OMException: Unable to get file status: volume: volume30782 bucket: bucket39460 key: root_dir/b
	at org.apache.hadoop.ozone.om.KeyManagerImpl.getOzoneFileStatus(KeyManagerImpl.java:1311) ~[ozone-manager-1.3.0-SNAPSHOT.jar:?]
	at org.apache.hadoop.ozone.om.KeyManagerImpl.getFileStatus(KeyManagerImpl.java:1241) ~[ozone-manager-1.3.0-SNAPSHOT.jar:?]
	at org.apache.hadoop.ozone.om.OzoneManager.getFileStatus(OzoneManager.java:3467) ~[ozone-manager-1.3.0-SNAPSHOT.jar:?]
	at org.apache.hadoop.ozone.protocolPB.OzoneManagerRequestHandler.getOzoneFileStatus(OzoneManagerRequestHandler.java:878) ~[ozone-manager-1.3.0-SNAPSHOT.jar:?]
	at org.apache.hadoop.ozone.protocolPB.OzoneManagerRequestHandler.handleReadRequest(OzoneManagerRequestHandler.java:224) ~[ozone-manager-1.3.0-SNAPSHOT.jar:?]
	at org.apache.hadoop.ozone.protocolPB.OzoneManagerProtocolServerSideTranslatorPB.submitReadRequestToOM(OzoneManagerProtocolServerSideTranslatorPB.java:226) ~[ozone-manager-1.3.0-SNAPSHOT.jar:?]
	at org.apache.hadoop.ozone.protocolPB.OzoneManagerProtocolServerSideTranslatorPB.processRequest(OzoneManagerProtocolServerSideTranslatorPB.java:175) ~[ozone-manager-1.3.0-SNAPSHOT.jar:?]
	at org.apache.hadoop.hdds.server.OzoneProtocolMessageDispatcher.processRequest(OzoneProtocolMessageDispatcher.java:87) [hdds-server-framework-1.3.0-SNAPSHOT.jar:?]
	at org.apache.hadoop.ozone.protocolPB.OzoneManagerProtocolServerSideTranslatorPB.submitRequest(OzoneManagerProtocolServerSideTranslatorPB.java:147) [ozone-manager-1.3.0-SNAPSHOT.jar:?]
	at org.apache.hadoop.ozone.protocol.proto.OzoneManagerProtocolProtos$OzoneManagerService$2.callBlockingMethod(OzoneManagerProtocolProtos.java) [ozone-interface-client-1.3.0-SNAPSHOT.jar:?]
	at org.apache.hadoop.ipc.ProtobufRpcEngine$Server.processCall(ProtobufRpcEngine.java:466) [hadoop-common-3.3.1.jar:?]
	at org.apache.hadoop.ipc.ProtobufRpcEngine2$Server$ProtoBufRpcInvoker.call(ProtobufRpcEngine2.java:574) [hadoop-common-3.3.1.jar:?]
	at org.apache.hadoop.ipc.ProtobufRpcEngine2$Server$ProtoBufRpcInvoker.call(ProtobufRpcEngine2.java:552) [hadoop-common-3.3.1.jar:?]
	at org.apache.hadoop.ipc.RPC$Server.call(RPC.java:1093) [hadoop-common-3.3.1.jar:?]
	at org.apache.hadoop.ipc.Server$RpcCall.run(Server.java:1035) [hadoop-common-3.3.1.jar:?]
	at org.apache.hadoop.ipc.Server$RpcCall.run(Server.java:963) [hadoop-common-3.3.1.jar:?]
	at java.security.AccessController.doPrivileged(Native Method) ~[?:1.8.0_332]
	at javax.security.auth.Subject.doAs(Subject.java:422) [?:1.8.0_332]
	at org.apache.hadoop.security.UserGroupInformation.doAs(UserGroupInformation.java:1878) [hadoop-common-3.3.1.jar:?]
	at org.apache.hadoop.ipc.Server$Handler.run(Server.java:2966) [hadoop-common-3.3.1.jar:?]
13:49:18.426 [IPC Server handler 0 on default port 44975] ERROR OMAudit - user=runner | ip=127.0.0.1 | op=GET_FILE_STATUS {volume=volume30782, bucket=bucket39460, key=root_dir/file1/c, dataSize=0, replicationConfig=null} | ret=FAILURE
org.apache.hadoop.ozone.om.exceptions.OMException: Unable to get file status: volume: volume30782 bucket: bucket39460 key: root_dir/file1/c
	at org.apache.hadoop.ozone.om.KeyManagerImpl.getOzoneFileStatus(KeyManagerImpl.java:1311) ~[ozone-manager-1.3.0-SNAPSHOT.jar:?]
	at org.apache.hadoop.ozone.om.KeyManagerImpl.getFileStatus(KeyManagerImpl.java:1241) ~[ozone-manager-1.3.0-SNAPSHOT.jar:?]
	at org.apache.hadoop.ozone.om.OzoneManager.getFileStatus(OzoneManager.java:3467) ~[ozone-manager-1.3.0-SNAPSHOT.jar:?]
	at org.apache.hadoop.ozone.protocolPB.OzoneManagerRequestHandler.getOzoneFileStatus(OzoneManagerRequestHandler.java:878) ~[ozone-manager-1.3.0-SNAPSHOT.jar:?]
	at org.apache.hadoop.ozone.protocolPB.OzoneManagerRequestHandler.handleReadRequest(OzoneManagerRequestHandler.java:224) ~[ozone-manager-1.3.0-SNAPSHOT.jar:?]
	at org.apache.hadoop.ozone.protocolPB.OzoneManagerProtocolServerSideTranslatorPB.submitReadRequestToOM(OzoneManagerProtocolServerSideTranslatorPB.java:226) ~[ozone-manager-1.3.0-SNAPSHOT.jar:?]
	at org.apache.hadoop.ozone.protocolPB.OzoneManagerProtocolServerSideTranslatorPB.processRequest(OzoneManagerProtocolServerSideTranslatorPB.java:175) ~[ozone-manager-1.3.0-SNAPSHOT.jar:?]
	at org.apache.hadoop.hdds.server.OzoneProtocolMessageDispatcher.processRequest(OzoneProtocolMessageDispatcher.java:87) [hdds-server-framework-1.3.0-SNAPSHOT.jar:?]
	at org.apache.hadoop.ozone.protocolPB.OzoneManagerProtocolServerSideTranslatorPB.submitRequest(OzoneManagerProtocolServerSideTranslatorPB.java:147) [ozone-manager-1.3.0-SNAPSHOT.jar:?]
	at org.apache.hadoop.ozone.protocol.proto.OzoneManagerProtocolProtos$OzoneManagerService$2.callBlockingMethod(OzoneManagerProtocolProtos.java) [ozone-interface-client-1.3.0-SNAPSHOT.jar:?]
	at org.apache.hadoop.ipc.ProtobufRpcEngine$Server.processCall(ProtobufRpcEngine.java:466) [hadoop-common-3.3.1.jar:?]
	at org.apache.hadoop.ipc.ProtobufRpcEngine2$Server$ProtoBufRpcInvoker.call(ProtobufRpcEngine2.java:574) [hadoop-common-3.3.1.jar:?]
	at org.apache.hadoop.ipc.ProtobufRpcEngine2$Server$ProtoBufRpcInvoker.call(ProtobufRpcEngine2.java:552) [hadoop-common-3.3.1.jar:?]
	at org.apache.hadoop.ipc.RPC$Server.call(RPC.java:1093) [hadoop-common-3.3.1.jar:?]
	at org.apache.hadoop.ipc.Server$RpcCall.run(Server.java:1035) [hadoop-common-3.3.1.jar:?]
	at org.apache.hadoop.ipc.Server$RpcCall.run(Server.java:963) [hadoop-common-3.3.1.jar:?]
	at java.security.AccessController.doPrivileged(Native Method) ~[?:1.8.0_332]
	at javax.security.auth.Subject.doAs(Subject.java:422) [?:1.8.0_332]
	at org.apache.hadoop.security.UserGroupInformation.doAs(UserGroupInformation.java:1878) [hadoop-common-3.3.1.jar:?]
	at org.apache.hadoop.ipc.Server$Handler.run(Server.java:2966) [hadoop-common-3.3.1.jar:?]
]]></system-out>
  </testcase>
  <testcase name="testRenameDestinationParentDoesntExist" classname="TestRootedOzoneFileSystem" time="0.144">
    <system-out><![CDATA[2022-07-27 13:50:23,158 [b1f21995-8a75-4aec-821c-59eaee93e6a8@group-8B1BC287C88A-FollowerState] INFO  impl.FollowerState (FollowerState.java:run(143)) - b1f21995-8a75-4aec-821c-59eaee93e6a8@group-8B1BC287C88A-FollowerState: change to CANDIDATE, lastRpcElapsedTime:5077309020ns, electionTimeout:5071ms
2022-07-27 13:50:23,158 [b1f21995-8a75-4aec-821c-59eaee93e6a8@group-8B1BC287C88A-FollowerState] INFO  impl.RoleInfo (RoleInfo.java:shutdownFollowerState(110)) - b1f21995-8a75-4aec-821c-59eaee93e6a8: shutdown b1f21995-8a75-4aec-821c-59eaee93e6a8@group-8B1BC287C88A-FollowerState
2022-07-27 13:50:23,158 [b1f21995-8a75-4aec-821c-59eaee93e6a8@group-8B1BC287C88A-FollowerState] INFO  server.RaftServer$Division (RaftServerImpl.java:setRole(299)) - b1f21995-8a75-4aec-821c-59eaee93e6a8@group-8B1BC287C88A: changes role from  FOLLOWER to CANDIDATE at term 0 for changeToCandidate
2022-07-27 13:50:23,162 [b1f21995-8a75-4aec-821c-59eaee93e6a8@group-8B1BC287C88A-FollowerState] INFO  server.RaftServerConfigKeys (ConfUtils.java:logGet(46)) - raft.server.leaderelection.pre-vote = false (custom)
2022-07-27 13:50:23,162 [b1f21995-8a75-4aec-821c-59eaee93e6a8@group-8B1BC287C88A-FollowerState] INFO  impl.RoleInfo (RoleInfo.java:updateAndGet(139)) - b1f21995-8a75-4aec-821c-59eaee93e6a8: start b1f21995-8a75-4aec-821c-59eaee93e6a8@group-8B1BC287C88A-LeaderElection21
2022-07-27 13:50:23,172 [b1f21995-8a75-4aec-821c-59eaee93e6a8@group-8B1BC287C88A-LeaderElection21] INFO  impl.LeaderElection (LeaderElection.java:askForVotes(310)) - b1f21995-8a75-4aec-821c-59eaee93e6a8@group-8B1BC287C88A-LeaderElection21 ELECTION round 0: submit vote requests at term 1 for -1: [b1f21995-8a75-4aec-821c-59eaee93e6a8|rpc:10.1.0.21:35633|priority:1], old=null
2022-07-27 13:50:23,172 [b1f21995-8a75-4aec-821c-59eaee93e6a8@group-8B1BC287C88A-LeaderElection21] INFO  impl.LeaderElection (LeaderElection.java:askForVotes(312)) - b1f21995-8a75-4aec-821c-59eaee93e6a8@group-8B1BC287C88A-LeaderElection21 ELECTION round 0: result PASSED (term=1)
2022-07-27 13:50:23,172 [b1f21995-8a75-4aec-821c-59eaee93e6a8@group-8B1BC287C88A-LeaderElection21] INFO  impl.RoleInfo (RoleInfo.java:shutdownLeaderElection(130)) - b1f21995-8a75-4aec-821c-59eaee93e6a8: shutdown b1f21995-8a75-4aec-821c-59eaee93e6a8@group-8B1BC287C88A-LeaderElection21
2022-07-27 13:50:23,172 [b1f21995-8a75-4aec-821c-59eaee93e6a8@group-8B1BC287C88A-LeaderElection21] INFO  server.RaftServer$Division (RaftServerImpl.java:setRole(299)) - b1f21995-8a75-4aec-821c-59eaee93e6a8@group-8B1BC287C88A: changes role from CANDIDATE to LEADER at term 1 for changeToLeader
2022-07-27 13:50:23,172 [b1f21995-8a75-4aec-821c-59eaee93e6a8@group-8B1BC287C88A-LeaderElection21] INFO  ratis.XceiverServerRatis (XceiverServerRatis.java:handleLeaderChangedNotification(863)) - Leader change notification received for group: group-8B1BC287C88A with new leaderId: b1f21995-8a75-4aec-821c-59eaee93e6a8
2022-07-27 13:50:23,173 [b1f21995-8a75-4aec-821c-59eaee93e6a8@group-8B1BC287C88A-LeaderElection21] INFO  server.RaftServer$Division (ServerState.java:setLeader(287)) - b1f21995-8a75-4aec-821c-59eaee93e6a8@group-8B1BC287C88A: change Leader from null to b1f21995-8a75-4aec-821c-59eaee93e6a8 at term 1 for becomeLeader, leader elected after 5115ms
2022-07-27 13:50:23,173 [b1f21995-8a75-4aec-821c-59eaee93e6a8@group-8B1BC287C88A-LeaderElection21] INFO  server.RaftServerConfigKeys (ConfUtils.java:logGet(46)) - raft.server.staging.catchup.gap = 1000 (default)
2022-07-27 13:50:23,173 [b1f21995-8a75-4aec-821c-59eaee93e6a8@group-8B1BC287C88A-LeaderElection21] INFO  server.RaftServerConfigKeys (ConfUtils.java:logGet(46)) - raft.server.write.element-limit = 1024 (custom)
2022-07-27 13:50:23,173 [b1f21995-8a75-4aec-821c-59eaee93e6a8@group-8B1BC287C88A-LeaderElection21] INFO  server.RaftServerConfigKeys (ConfUtils.java:logGet(46)) - raft.server.write.byte-limit = 1024 M (=1073741824) (custom)
2022-07-27 13:50:23,174 [b1f21995-8a75-4aec-821c-59eaee93e6a8@group-8B1BC287C88A-LeaderElection21] INFO  server.RaftServerConfigKeys (ConfUtils.java:logGet(46)) - raft.server.watch.timeout = 180s (custom)
2022-07-27 13:50:23,174 [b1f21995-8a75-4aec-821c-59eaee93e6a8@group-8B1BC287C88A-LeaderElection21] INFO  server.RaftServerConfigKeys (ConfUtils.java:logGet(46)) - raft.server.watch.timeout.denomination = 1s (default)
2022-07-27 13:50:23,174 [b1f21995-8a75-4aec-821c-59eaee93e6a8@group-8B1BC287C88A-LeaderElection21] INFO  server.RaftServerConfigKeys (ConfUtils.java:logGet(46)) - raft.server.watch.element-limit = 65536 (default)
2022-07-27 13:50:23,174 [b1f21995-8a75-4aec-821c-59eaee93e6a8@group-8B1BC287C88A-LeaderElection21] INFO  server.RaftServerConfigKeys (ConfUtils.java:logGet(46)) - raft.server.write.element-limit = 1024 (custom)
2022-07-27 13:50:23,174 [b1f21995-8a75-4aec-821c-59eaee93e6a8@group-8B1BC287C88A-LeaderElection21] INFO  server.RaftServerConfigKeys (ConfUtils.java:logGet(46)) - raft.server.write.follower.gap.ratio.max = -1.0 (default)
2022-07-27 13:50:23,174 [b1f21995-8a75-4aec-821c-59eaee93e6a8@group-8B1BC287C88A-LeaderElection21] INFO  impl.RoleInfo (RoleInfo.java:updateAndGet(139)) - b1f21995-8a75-4aec-821c-59eaee93e6a8: start b1f21995-8a75-4aec-821c-59eaee93e6a8@group-8B1BC287C88A-LeaderStateImpl
2022-07-27 13:50:23,174 [b1f21995-8a75-4aec-821c-59eaee93e6a8@group-8B1BC287C88A-LeaderElection21] INFO  segmented.SegmentedRaftLogWorker (SegmentedRaftLogWorker.java:startLogSegment(425)) - b1f21995-8a75-4aec-821c-59eaee93e6a8@group-8B1BC287C88A-SegmentedRaftLogWorker: Starting segment from index:0
2022-07-27 13:50:23,177 [b1f21995-8a75-4aec-821c-59eaee93e6a8@group-8B1BC287C88A-SegmentedRaftLogWorker] INFO  segmented.SegmentedRaftLogWorker (SegmentedRaftLogWorker.java:execute(629)) - b1f21995-8a75-4aec-821c-59eaee93e6a8@group-8B1BC287C88A-SegmentedRaftLogWorker: created new log segment /home/runner/work/ozone/ozone/hadoop-ozone/integration-test/target/test-dir/MiniOzoneClusterImpl-29ab875d-7565-45f7-8a7f-94142ec04d49/datanode-4/data/ratis/b2c22f31-85a5-4678-8022-8b1bc287c88a/current/log_inprogress_0
2022-07-27 13:50:23,183 [b1f21995-8a75-4aec-821c-59eaee93e6a8@group-8B1BC287C88A-LeaderElection21] INFO  server.RaftServer$Division (ServerState.java:setRaftConf(393)) - b1f21995-8a75-4aec-821c-59eaee93e6a8@group-8B1BC287C88A: set configuration 0: [b1f21995-8a75-4aec-821c-59eaee93e6a8|rpc:10.1.0.21:35633|dataStream:|priority:1], old=null
2022-07-27 13:50:23,247 [Time-limited test] INFO  rpc.RpcClient (RpcClient.java:createVolume(467)) - Creating Volume: volume26338, with user11169 as owner and space quota set to -1 bytes, counts quota set to -1
2022-07-27 13:50:23,258 [OM StateMachine ApplyTransaction Thread - 0] INFO  volume.OMVolumeCreateRequest (OMVolumeCreateRequest.java:validateAndUpdateCache(195)) - created volume:volume26338 for user:user11169
2022-07-27 13:50:23,260 [Time-limited test] INFO  rpc.RpcClient (RpcClient.java:createBucket(670)) - Creating Bucket: volume26338/bucket82997, with bucket layout LEGACY, runner as owner, Versioning false, Storage Type set to DISK and Encryption set to false 
2022-07-27 13:50:23,266 [OM StateMachine ApplyTransaction Thread - 0] INFO  bucket.OMBucketCreateRequest (OMBucketCreateRequest.java:validateAndUpdateCache(260)) - created bucket: bucket82997 of layout LEGACY in volume: volume26338
13:50:23.271 [IPC Server handler 0 on default port 46277] ERROR OMAudit - user=runner | ip=127.0.0.1 | op=GET_FILE_STATUS {volume=volume26338, bucket=bucket82997, key=root_dir/b/c, dataSize=0, replicationConfig=null} | ret=FAILURE
org.apache.hadoop.ozone.om.exceptions.OMException: Unable to get file status: volume: volume26338 bucket: bucket82997 key: root_dir/b/c
	at org.apache.hadoop.ozone.om.KeyManagerImpl.getOzoneFileStatus(KeyManagerImpl.java:1311) ~[ozone-manager-1.3.0-SNAPSHOT.jar:?]
	at org.apache.hadoop.ozone.om.KeyManagerImpl.getFileStatus(KeyManagerImpl.java:1241) ~[ozone-manager-1.3.0-SNAPSHOT.jar:?]
	at org.apache.hadoop.ozone.om.OzoneManager.getFileStatus(OzoneManager.java:3467) ~[ozone-manager-1.3.0-SNAPSHOT.jar:?]
	at org.apache.hadoop.ozone.protocolPB.OzoneManagerRequestHandler.getOzoneFileStatus(OzoneManagerRequestHandler.java:878) ~[ozone-manager-1.3.0-SNAPSHOT.jar:?]
	at org.apache.hadoop.ozone.protocolPB.OzoneManagerRequestHandler.handleReadRequest(OzoneManagerRequestHandler.java:224) ~[ozone-manager-1.3.0-SNAPSHOT.jar:?]
	at org.apache.hadoop.ozone.protocolPB.OzoneManagerProtocolServerSideTranslatorPB.submitReadRequestToOM(OzoneManagerProtocolServerSideTranslatorPB.java:226) ~[ozone-manager-1.3.0-SNAPSHOT.jar:?]
	at org.apache.hadoop.ozone.protocolPB.OzoneManagerProtocolServerSideTranslatorPB.processRequest(OzoneManagerProtocolServerSideTranslatorPB.java:175) ~[ozone-manager-1.3.0-SNAPSHOT.jar:?]
	at org.apache.hadoop.hdds.server.OzoneProtocolMessageDispatcher.processRequest(OzoneProtocolMessageDispatcher.java:87) [hdds-server-framework-1.3.0-SNAPSHOT.jar:?]
	at org.apache.hadoop.ozone.protocolPB.OzoneManagerProtocolServerSideTranslatorPB.submitRequest(OzoneManagerProtocolServerSideTranslatorPB.java:147) [ozone-manager-1.3.0-SNAPSHOT.jar:?]
	at org.apache.hadoop.ozone.protocol.proto.OzoneManagerProtocolProtos$OzoneManagerService$2.callBlockingMethod(OzoneManagerProtocolProtos.java) [ozone-interface-client-1.3.0-SNAPSHOT.jar:?]
	at org.apache.hadoop.ipc.ProtobufRpcEngine$Server.processCall(ProtobufRpcEngine.java:466) [hadoop-common-3.3.1.jar:?]
	at org.apache.hadoop.ipc.ProtobufRpcEngine2$Server$ProtoBufRpcInvoker.call(ProtobufRpcEngine2.java:574) [hadoop-common-3.3.1.jar:?]
	at org.apache.hadoop.ipc.ProtobufRpcEngine2$Server$ProtoBufRpcInvoker.call(ProtobufRpcEngine2.java:552) [hadoop-common-3.3.1.jar:?]
	at org.apache.hadoop.ipc.RPC$Server.call(RPC.java:1093) [hadoop-common-3.3.1.jar:?]
	at org.apache.hadoop.ipc.Server$RpcCall.run(Server.java:1035) [hadoop-common-3.3.1.jar:?]
	at org.apache.hadoop.ipc.Server$RpcCall.run(Server.java:963) [hadoop-common-3.3.1.jar:?]
	at java.security.AccessController.doPrivileged(Native Method) ~[?:1.8.0_332]
	at javax.security.auth.Subject.doAs(Subject.java:422) [?:1.8.0_332]
	at org.apache.hadoop.security.UserGroupInformation.doAs(UserGroupInformation.java:1878) [hadoop-common-3.3.1.jar:?]
	at org.apache.hadoop.ipc.Server$Handler.run(Server.java:2966) [hadoop-common-3.3.1.jar:?]
13:50:23.272 [IPC Server handler 4 on default port 46277] ERROR OMAudit - user=runner | ip=127.0.0.1 | op=GET_FILE_STATUS {volume=volume26338, bucket=bucket82997, key=root_dir/b, dataSize=0, replicationConfig=null} | ret=FAILURE
org.apache.hadoop.ozone.om.exceptions.OMException: Unable to get file status: volume: volume26338 bucket: bucket82997 key: root_dir/b
	at org.apache.hadoop.ozone.om.KeyManagerImpl.getOzoneFileStatus(KeyManagerImpl.java:1311) ~[ozone-manager-1.3.0-SNAPSHOT.jar:?]
	at org.apache.hadoop.ozone.om.KeyManagerImpl.getFileStatus(KeyManagerImpl.java:1241) ~[ozone-manager-1.3.0-SNAPSHOT.jar:?]
	at org.apache.hadoop.ozone.om.OzoneManager.getFileStatus(OzoneManager.java:3467) ~[ozone-manager-1.3.0-SNAPSHOT.jar:?]
	at org.apache.hadoop.ozone.protocolPB.OzoneManagerRequestHandler.getOzoneFileStatus(OzoneManagerRequestHandler.java:878) ~[ozone-manager-1.3.0-SNAPSHOT.jar:?]
	at org.apache.hadoop.ozone.protocolPB.OzoneManagerRequestHandler.handleReadRequest(OzoneManagerRequestHandler.java:224) ~[ozone-manager-1.3.0-SNAPSHOT.jar:?]
	at org.apache.hadoop.ozone.protocolPB.OzoneManagerProtocolServerSideTranslatorPB.submitReadRequestToOM(OzoneManagerProtocolServerSideTranslatorPB.java:226) ~[ozone-manager-1.3.0-SNAPSHOT.jar:?]
	at org.apache.hadoop.ozone.protocolPB.OzoneManagerProtocolServerSideTranslatorPB.processRequest(OzoneManagerProtocolServerSideTranslatorPB.java:175) ~[ozone-manager-1.3.0-SNAPSHOT.jar:?]
	at org.apache.hadoop.hdds.server.OzoneProtocolMessageDispatcher.processRequest(OzoneProtocolMessageDispatcher.java:87) [hdds-server-framework-1.3.0-SNAPSHOT.jar:?]
	at org.apache.hadoop.ozone.protocolPB.OzoneManagerProtocolServerSideTranslatorPB.submitRequest(OzoneManagerProtocolServerSideTranslatorPB.java:147) [ozone-manager-1.3.0-SNAPSHOT.jar:?]
	at org.apache.hadoop.ozone.protocol.proto.OzoneManagerProtocolProtos$OzoneManagerService$2.callBlockingMethod(OzoneManagerProtocolProtos.java) [ozone-interface-client-1.3.0-SNAPSHOT.jar:?]
	at org.apache.hadoop.ipc.ProtobufRpcEngine$Server.processCall(ProtobufRpcEngine.java:466) [hadoop-common-3.3.1.jar:?]
	at org.apache.hadoop.ipc.ProtobufRpcEngine2$Server$ProtoBufRpcInvoker.call(ProtobufRpcEngine2.java:574) [hadoop-common-3.3.1.jar:?]
	at org.apache.hadoop.ipc.ProtobufRpcEngine2$Server$ProtoBufRpcInvoker.call(ProtobufRpcEngine2.java:552) [hadoop-common-3.3.1.jar:?]
	at org.apache.hadoop.ipc.RPC$Server.call(RPC.java:1093) [hadoop-common-3.3.1.jar:?]
	at org.apache.hadoop.ipc.Server$RpcCall.run(Server.java:1035) [hadoop-common-3.3.1.jar:?]
	at org.apache.hadoop.ipc.Server$RpcCall.run(Server.java:963) [hadoop-common-3.3.1.jar:?]
	at java.security.AccessController.doPrivileged(Native Method) ~[?:1.8.0_332]
	at javax.security.auth.Subject.doAs(Subject.java:422) [?:1.8.0_332]
	at org.apache.hadoop.security.UserGroupInformation.doAs(UserGroupInformation.java:1878) [hadoop-common-3.3.1.jar:?]
	at org.apache.hadoop.ipc.Server$Handler.run(Server.java:2966) [hadoop-common-3.3.1.jar:?]
13:50:23.280 [IPC Server handler 12 on default port 46277] ERROR OMAudit - user=runner | ip=127.0.0.1 | op=GET_FILE_STATUS {volume=volume26338, bucket=bucket82997, key=root_dir/file1/c, dataSize=0, replicationConfig=null} | ret=FAILURE
org.apache.hadoop.ozone.om.exceptions.OMException: Unable to get file status: volume: volume26338 bucket: bucket82997 key: root_dir/file1/c
	at org.apache.hadoop.ozone.om.KeyManagerImpl.getOzoneFileStatus(KeyManagerImpl.java:1311) ~[ozone-manager-1.3.0-SNAPSHOT.jar:?]
	at org.apache.hadoop.ozone.om.KeyManagerImpl.getFileStatus(KeyManagerImpl.java:1241) ~[ozone-manager-1.3.0-SNAPSHOT.jar:?]
	at org.apache.hadoop.ozone.om.OzoneManager.getFileStatus(OzoneManager.java:3467) ~[ozone-manager-1.3.0-SNAPSHOT.jar:?]
	at org.apache.hadoop.ozone.protocolPB.OzoneManagerRequestHandler.getOzoneFileStatus(OzoneManagerRequestHandler.java:878) ~[ozone-manager-1.3.0-SNAPSHOT.jar:?]
	at org.apache.hadoop.ozone.protocolPB.OzoneManagerRequestHandler.handleReadRequest(OzoneManagerRequestHandler.java:224) ~[ozone-manager-1.3.0-SNAPSHOT.jar:?]
	at org.apache.hadoop.ozone.protocolPB.OzoneManagerProtocolServerSideTranslatorPB.submitReadRequestToOM(OzoneManagerProtocolServerSideTranslatorPB.java:226) ~[ozone-manager-1.3.0-SNAPSHOT.jar:?]
	at org.apache.hadoop.ozone.protocolPB.OzoneManagerProtocolServerSideTranslatorPB.processRequest(OzoneManagerProtocolServerSideTranslatorPB.java:175) ~[ozone-manager-1.3.0-SNAPSHOT.jar:?]
	at org.apache.hadoop.hdds.server.OzoneProtocolMessageDispatcher.processRequest(OzoneProtocolMessageDispatcher.java:87) [hdds-server-framework-1.3.0-SNAPSHOT.jar:?]
	at org.apache.hadoop.ozone.protocolPB.OzoneManagerProtocolServerSideTranslatorPB.submitRequest(OzoneManagerProtocolServerSideTranslatorPB.java:147) [ozone-manager-1.3.0-SNAPSHOT.jar:?]
	at org.apache.hadoop.ozone.protocol.proto.OzoneManagerProtocolProtos$OzoneManagerService$2.callBlockingMethod(OzoneManagerProtocolProtos.java) [ozone-interface-client-1.3.0-SNAPSHOT.jar:?]
	at org.apache.hadoop.ipc.ProtobufRpcEngine$Server.processCall(ProtobufRpcEngine.java:466) [hadoop-common-3.3.1.jar:?]
	at org.apache.hadoop.ipc.ProtobufRpcEngine2$Server$ProtoBufRpcInvoker.call(ProtobufRpcEngine2.java:574) [hadoop-common-3.3.1.jar:?]
	at org.apache.hadoop.ipc.ProtobufRpcEngine2$Server$ProtoBufRpcInvoker.call(ProtobufRpcEngine2.java:552) [hadoop-common-3.3.1.jar:?]
	at org.apache.hadoop.ipc.RPC$Server.call(RPC.java:1093) [hadoop-common-3.3.1.jar:?]
	at org.apache.hadoop.ipc.Server$RpcCall.run(Server.java:1035) [hadoop-common-3.3.1.jar:?]
	at org.apache.hadoop.ipc.Server$RpcCall.run(Server.java:963) [hadoop-common-3.3.1.jar:?]
	at java.security.AccessController.doPrivileged(Native Method) ~[?:1.8.0_332]
	at javax.security.auth.Subject.doAs(Subject.java:422) [?:1.8.0_332]
	at org.apache.hadoop.security.UserGroupInformation.doAs(UserGroupInformation.java:1878) [hadoop-common-3.3.1.jar:?]
	at org.apache.hadoop.ipc.Server$Handler.run(Server.java:2966) [hadoop-common-3.3.1.jar:?]
]]></system-out>
  </testcase>
  <testcase name="testRenameDestinationParentDoesntExist" classname="TestRootedOzoneFileSystem" time="0.124">
    <system-out><![CDATA[2022-07-27 13:51:32,711 [Time-limited test] INFO  rpc.RpcClient (RpcClient.java:createVolume(467)) - Creating Volume: volume88609, with user40999 as owner and space quota set to -1 bytes, counts quota set to -1
2022-07-27 13:51:32,715 [IPC Server handler 17 on default port 45285] INFO  volume.OMVolumeCreateRequest (OMVolumeCreateRequest.java:validateAndUpdateCache(195)) - created volume:volume88609 for user:user40999
2022-07-27 13:51:32,716 [Time-limited test] INFO  rpc.RpcClient (RpcClient.java:createBucket(670)) - Creating Bucket: volume88609/bucket81522, with bucket layout LEGACY, runner as owner, Versioning false, Storage Type set to DISK and Encryption set to false 
2022-07-27 13:51:32,717 [IPC Server handler 2 on default port 45285] INFO  bucket.OMBucketCreateRequest (OMBucketCreateRequest.java:validateAndUpdateCache(260)) - created bucket: bucket81522 of layout LEGACY in volume: volume88609
13:51:32.720 [IPC Server handler 9 on default port 45285] ERROR OMAudit - user=runner | ip=127.0.0.1 | op=GET_FILE_STATUS {volume=volume88609, bucket=bucket81522, key=root_dir/b/c, dataSize=0, replicationConfig=null} | ret=FAILURE
org.apache.hadoop.ozone.om.exceptions.OMException: Unable to get file status: volume: volume88609 bucket: bucket81522 key: root_dir/b/c
	at org.apache.hadoop.ozone.om.KeyManagerImpl.getOzoneFileStatus(KeyManagerImpl.java:1311) ~[ozone-manager-1.3.0-SNAPSHOT.jar:?]
	at org.apache.hadoop.ozone.om.KeyManagerImpl.getFileStatus(KeyManagerImpl.java:1241) ~[ozone-manager-1.3.0-SNAPSHOT.jar:?]
	at org.apache.hadoop.ozone.om.OzoneManager.getFileStatus(OzoneManager.java:3467) ~[ozone-manager-1.3.0-SNAPSHOT.jar:?]
	at org.apache.hadoop.ozone.protocolPB.OzoneManagerRequestHandler.getOzoneFileStatus(OzoneManagerRequestHandler.java:878) ~[ozone-manager-1.3.0-SNAPSHOT.jar:?]
	at org.apache.hadoop.ozone.protocolPB.OzoneManagerRequestHandler.handleReadRequest(OzoneManagerRequestHandler.java:224) ~[ozone-manager-1.3.0-SNAPSHOT.jar:?]
	at org.apache.hadoop.ozone.protocolPB.OzoneManagerProtocolServerSideTranslatorPB.submitRequestDirectlyToOM(OzoneManagerProtocolServerSideTranslatorPB.java:276) ~[ozone-manager-1.3.0-SNAPSHOT.jar:?]
	at org.apache.hadoop.ozone.protocolPB.OzoneManagerProtocolServerSideTranslatorPB.processRequest(OzoneManagerProtocolServerSideTranslatorPB.java:205) ~[ozone-manager-1.3.0-SNAPSHOT.jar:?]
	at org.apache.hadoop.hdds.server.OzoneProtocolMessageDispatcher.processRequest(OzoneProtocolMessageDispatcher.java:87) [hdds-server-framework-1.3.0-SNAPSHOT.jar:?]
	at org.apache.hadoop.ozone.protocolPB.OzoneManagerProtocolServerSideTranslatorPB.submitRequest(OzoneManagerProtocolServerSideTranslatorPB.java:147) [ozone-manager-1.3.0-SNAPSHOT.jar:?]
	at org.apache.hadoop.ozone.protocol.proto.OzoneManagerProtocolProtos$OzoneManagerService$2.callBlockingMethod(OzoneManagerProtocolProtos.java) [ozone-interface-client-1.3.0-SNAPSHOT.jar:?]
	at org.apache.hadoop.ipc.ProtobufRpcEngine$Server.processCall(ProtobufRpcEngine.java:466) [hadoop-common-3.3.1.jar:?]
	at org.apache.hadoop.ipc.ProtobufRpcEngine2$Server$ProtoBufRpcInvoker.call(ProtobufRpcEngine2.java:574) [hadoop-common-3.3.1.jar:?]
	at org.apache.hadoop.ipc.ProtobufRpcEngine2$Server$ProtoBufRpcInvoker.call(ProtobufRpcEngine2.java:552) [hadoop-common-3.3.1.jar:?]
	at org.apache.hadoop.ipc.RPC$Server.call(RPC.java:1093) [hadoop-common-3.3.1.jar:?]
	at org.apache.hadoop.ipc.Server$RpcCall.run(Server.java:1035) [hadoop-common-3.3.1.jar:?]
	at org.apache.hadoop.ipc.Server$RpcCall.run(Server.java:963) [hadoop-common-3.3.1.jar:?]
	at java.security.AccessController.doPrivileged(Native Method) ~[?:1.8.0_332]
	at javax.security.auth.Subject.doAs(Subject.java:422) [?:1.8.0_332]
	at org.apache.hadoop.security.UserGroupInformation.doAs(UserGroupInformation.java:1878) [hadoop-common-3.3.1.jar:?]
	at org.apache.hadoop.ipc.Server$Handler.run(Server.java:2966) [hadoop-common-3.3.1.jar:?]
13:51:32.721 [IPC Server handler 11 on default port 45285] ERROR OMAudit - user=runner | ip=127.0.0.1 | op=GET_FILE_STATUS {volume=volume88609, bucket=bucket81522, key=root_dir/b, dataSize=0, replicationConfig=null} | ret=FAILURE
org.apache.hadoop.ozone.om.exceptions.OMException: Unable to get file status: volume: volume88609 bucket: bucket81522 key: root_dir/b
	at org.apache.hadoop.ozone.om.KeyManagerImpl.getOzoneFileStatus(KeyManagerImpl.java:1311) ~[ozone-manager-1.3.0-SNAPSHOT.jar:?]
	at org.apache.hadoop.ozone.om.KeyManagerImpl.getFileStatus(KeyManagerImpl.java:1241) ~[ozone-manager-1.3.0-SNAPSHOT.jar:?]
	at org.apache.hadoop.ozone.om.OzoneManager.getFileStatus(OzoneManager.java:3467) ~[ozone-manager-1.3.0-SNAPSHOT.jar:?]
	at org.apache.hadoop.ozone.protocolPB.OzoneManagerRequestHandler.getOzoneFileStatus(OzoneManagerRequestHandler.java:878) ~[ozone-manager-1.3.0-SNAPSHOT.jar:?]
	at org.apache.hadoop.ozone.protocolPB.OzoneManagerRequestHandler.handleReadRequest(OzoneManagerRequestHandler.java:224) ~[ozone-manager-1.3.0-SNAPSHOT.jar:?]
	at org.apache.hadoop.ozone.protocolPB.OzoneManagerProtocolServerSideTranslatorPB.submitRequestDirectlyToOM(OzoneManagerProtocolServerSideTranslatorPB.java:276) ~[ozone-manager-1.3.0-SNAPSHOT.jar:?]
	at org.apache.hadoop.ozone.protocolPB.OzoneManagerProtocolServerSideTranslatorPB.processRequest(OzoneManagerProtocolServerSideTranslatorPB.java:205) ~[ozone-manager-1.3.0-SNAPSHOT.jar:?]
	at org.apache.hadoop.hdds.server.OzoneProtocolMessageDispatcher.processRequest(OzoneProtocolMessageDispatcher.java:87) [hdds-server-framework-1.3.0-SNAPSHOT.jar:?]
	at org.apache.hadoop.ozone.protocolPB.OzoneManagerProtocolServerSideTranslatorPB.submitRequest(OzoneManagerProtocolServerSideTranslatorPB.java:147) [ozone-manager-1.3.0-SNAPSHOT.jar:?]
	at org.apache.hadoop.ozone.protocol.proto.OzoneManagerProtocolProtos$OzoneManagerService$2.callBlockingMethod(OzoneManagerProtocolProtos.java) [ozone-interface-client-1.3.0-SNAPSHOT.jar:?]
	at org.apache.hadoop.ipc.ProtobufRpcEngine$Server.processCall(ProtobufRpcEngine.java:466) [hadoop-common-3.3.1.jar:?]
	at org.apache.hadoop.ipc.ProtobufRpcEngine2$Server$ProtoBufRpcInvoker.call(ProtobufRpcEngine2.java:574) [hadoop-common-3.3.1.jar:?]
	at org.apache.hadoop.ipc.ProtobufRpcEngine2$Server$ProtoBufRpcInvoker.call(ProtobufRpcEngine2.java:552) [hadoop-common-3.3.1.jar:?]
	at org.apache.hadoop.ipc.RPC$Server.call(RPC.java:1093) [hadoop-common-3.3.1.jar:?]
	at org.apache.hadoop.ipc.Server$RpcCall.run(Server.java:1035) [hadoop-common-3.3.1.jar:?]
	at org.apache.hadoop.ipc.Server$RpcCall.run(Server.java:963) [hadoop-common-3.3.1.jar:?]
	at java.security.AccessController.doPrivileged(Native Method) ~[?:1.8.0_332]
	at javax.security.auth.Subject.doAs(Subject.java:422) [?:1.8.0_332]
	at org.apache.hadoop.security.UserGroupInformation.doAs(UserGroupInformation.java:1878) [hadoop-common-3.3.1.jar:?]
	at org.apache.hadoop.ipc.Server$Handler.run(Server.java:2966) [hadoop-common-3.3.1.jar:?]
13:51:32.731 [IPC Server handler 17 on default port 45285] ERROR OMAudit - user=runner | ip=127.0.0.1 | op=GET_FILE_STATUS {volume=volume88609, bucket=bucket81522, key=root_dir/file1/c, dataSize=0, replicationConfig=null} | ret=FAILURE
org.apache.hadoop.ozone.om.exceptions.OMException: Unable to get file status: volume: volume88609 bucket: bucket81522 key: root_dir/file1/c
	at org.apache.hadoop.ozone.om.KeyManagerImpl.getOzoneFileStatus(KeyManagerImpl.java:1311) ~[ozone-manager-1.3.0-SNAPSHOT.jar:?]
	at org.apache.hadoop.ozone.om.KeyManagerImpl.getFileStatus(KeyManagerImpl.java:1241) ~[ozone-manager-1.3.0-SNAPSHOT.jar:?]
	at org.apache.hadoop.ozone.om.OzoneManager.getFileStatus(OzoneManager.java:3467) ~[ozone-manager-1.3.0-SNAPSHOT.jar:?]
	at org.apache.hadoop.ozone.protocolPB.OzoneManagerRequestHandler.getOzoneFileStatus(OzoneManagerRequestHandler.java:878) ~[ozone-manager-1.3.0-SNAPSHOT.jar:?]
	at org.apache.hadoop.ozone.protocolPB.OzoneManagerRequestHandler.handleReadRequest(OzoneManagerRequestHandler.java:224) ~[ozone-manager-1.3.0-SNAPSHOT.jar:?]
	at org.apache.hadoop.ozone.protocolPB.OzoneManagerProtocolServerSideTranslatorPB.submitRequestDirectlyToOM(OzoneManagerProtocolServerSideTranslatorPB.java:276) ~[ozone-manager-1.3.0-SNAPSHOT.jar:?]
	at org.apache.hadoop.ozone.protocolPB.OzoneManagerProtocolServerSideTranslatorPB.processRequest(OzoneManagerProtocolServerSideTranslatorPB.java:205) ~[ozone-manager-1.3.0-SNAPSHOT.jar:?]
	at org.apache.hadoop.hdds.server.OzoneProtocolMessageDispatcher.processRequest(OzoneProtocolMessageDispatcher.java:87) [hdds-server-framework-1.3.0-SNAPSHOT.jar:?]
	at org.apache.hadoop.ozone.protocolPB.OzoneManagerProtocolServerSideTranslatorPB.submitRequest(OzoneManagerProtocolServerSideTranslatorPB.java:147) [ozone-manager-1.3.0-SNAPSHOT.jar:?]
	at org.apache.hadoop.ozone.protocol.proto.OzoneManagerProtocolProtos$OzoneManagerService$2.callBlockingMethod(OzoneManagerProtocolProtos.java) [ozone-interface-client-1.3.0-SNAPSHOT.jar:?]
	at org.apache.hadoop.ipc.ProtobufRpcEngine$Server.processCall(ProtobufRpcEngine.java:466) [hadoop-common-3.3.1.jar:?]
	at org.apache.hadoop.ipc.ProtobufRpcEngine2$Server$ProtoBufRpcInvoker.call(ProtobufRpcEngine2.java:574) [hadoop-common-3.3.1.jar:?]
	at org.apache.hadoop.ipc.ProtobufRpcEngine2$Server$ProtoBufRpcInvoker.call(ProtobufRpcEngine2.java:552) [hadoop-common-3.3.1.jar:?]
	at org.apache.hadoop.ipc.RPC$Server.call(RPC.java:1093) [hadoop-common-3.3.1.jar:?]
	at org.apache.hadoop.ipc.Server$RpcCall.run(Server.java:1035) [hadoop-common-3.3.1.jar:?]
	at org.apache.hadoop.ipc.Server$RpcCall.run(Server.java:963) [hadoop-common-3.3.1.jar:?]
	at java.security.AccessController.doPrivileged(Native Method) ~[?:1.8.0_332]
	at javax.security.auth.Subject.doAs(Subject.java:422) [?:1.8.0_332]
	at org.apache.hadoop.security.UserGroupInformation.doAs(UserGroupInformation.java:1878) [hadoop-common-3.3.1.jar:?]
	at org.apache.hadoop.ipc.Server$Handler.run(Server.java:2966) [hadoop-common-3.3.1.jar:?]
]]></system-out>
  </testcase>
  <testcase name="testRenameDestinationParentDoesntExist" classname="TestRootedOzoneFileSystem" time="0.152">
    <system-out><![CDATA[2022-07-27 13:52:48,851 [Time-limited test] INFO  rpc.RpcClient (RpcClient.java:createVolume(467)) - Creating Volume: volume26399, with user03792 as owner and space quota set to -1 bytes, counts quota set to -1
2022-07-27 13:52:48,855 [OM StateMachine ApplyTransaction Thread - 0] INFO  volume.OMVolumeCreateRequest (OMVolumeCreateRequest.java:validateAndUpdateCache(195)) - created volume:volume26399 for user:user03792
2022-07-27 13:52:48,864 [Time-limited test] INFO  rpc.RpcClient (RpcClient.java:createBucket(670)) - Creating Bucket: volume26399/bucket61234, with bucket layout LEGACY, runner as owner, Versioning false, Storage Type set to DISK and Encryption set to false 
2022-07-27 13:52:48,867 [OM StateMachine ApplyTransaction Thread - 0] INFO  bucket.OMBucketCreateRequest (OMBucketCreateRequest.java:validateAndUpdateCache(260)) - created bucket: bucket61234 of layout LEGACY in volume: volume26399
13:52:48.872 [IPC Server handler 17 on default port 34829] ERROR OMAudit - user=runner | ip=127.0.0.1 | op=GET_FILE_STATUS {volume=volume26399, bucket=bucket61234, key=root_dir/b/c, dataSize=0, replicationConfig=null} | ret=FAILURE
org.apache.hadoop.ozone.om.exceptions.OMException: Unable to get file status: volume: volume26399 bucket: bucket61234 key: root_dir/b/c
	at org.apache.hadoop.ozone.om.KeyManagerImpl.getOzoneFileStatus(KeyManagerImpl.java:1311) ~[ozone-manager-1.3.0-SNAPSHOT.jar:?]
	at org.apache.hadoop.ozone.om.KeyManagerImpl.getFileStatus(KeyManagerImpl.java:1241) ~[ozone-manager-1.3.0-SNAPSHOT.jar:?]
	at org.apache.hadoop.ozone.om.OzoneManager.getFileStatus(OzoneManager.java:3467) ~[ozone-manager-1.3.0-SNAPSHOT.jar:?]
	at org.apache.hadoop.ozone.protocolPB.OzoneManagerRequestHandler.getOzoneFileStatus(OzoneManagerRequestHandler.java:878) ~[ozone-manager-1.3.0-SNAPSHOT.jar:?]
	at org.apache.hadoop.ozone.protocolPB.OzoneManagerRequestHandler.handleReadRequest(OzoneManagerRequestHandler.java:224) ~[ozone-manager-1.3.0-SNAPSHOT.jar:?]
	at org.apache.hadoop.ozone.protocolPB.OzoneManagerProtocolServerSideTranslatorPB.submitReadRequestToOM(OzoneManagerProtocolServerSideTranslatorPB.java:226) ~[ozone-manager-1.3.0-SNAPSHOT.jar:?]
	at org.apache.hadoop.ozone.protocolPB.OzoneManagerProtocolServerSideTranslatorPB.processRequest(OzoneManagerProtocolServerSideTranslatorPB.java:175) ~[ozone-manager-1.3.0-SNAPSHOT.jar:?]
	at org.apache.hadoop.hdds.server.OzoneProtocolMessageDispatcher.processRequest(OzoneProtocolMessageDispatcher.java:87) [hdds-server-framework-1.3.0-SNAPSHOT.jar:?]
	at org.apache.hadoop.ozone.protocolPB.OzoneManagerProtocolServerSideTranslatorPB.submitRequest(OzoneManagerProtocolServerSideTranslatorPB.java:147) [ozone-manager-1.3.0-SNAPSHOT.jar:?]
	at org.apache.hadoop.ozone.protocol.proto.OzoneManagerProtocolProtos$OzoneManagerService$2.callBlockingMethod(OzoneManagerProtocolProtos.java) [ozone-interface-client-1.3.0-SNAPSHOT.jar:?]
	at org.apache.hadoop.ipc.ProtobufRpcEngine$Server.processCall(ProtobufRpcEngine.java:466) [hadoop-common-3.3.1.jar:?]
	at org.apache.hadoop.ipc.ProtobufRpcEngine2$Server$ProtoBufRpcInvoker.call(ProtobufRpcEngine2.java:574) [hadoop-common-3.3.1.jar:?]
	at org.apache.hadoop.ipc.ProtobufRpcEngine2$Server$ProtoBufRpcInvoker.call(ProtobufRpcEngine2.java:552) [hadoop-common-3.3.1.jar:?]
	at org.apache.hadoop.ipc.RPC$Server.call(RPC.java:1093) [hadoop-common-3.3.1.jar:?]
	at org.apache.hadoop.ipc.Server$RpcCall.run(Server.java:1035) [hadoop-common-3.3.1.jar:?]
	at org.apache.hadoop.ipc.Server$RpcCall.run(Server.java:963) [hadoop-common-3.3.1.jar:?]
	at java.security.AccessController.doPrivileged(Native Method) ~[?:1.8.0_332]
	at javax.security.auth.Subject.doAs(Subject.java:422) [?:1.8.0_332]
	at org.apache.hadoop.security.UserGroupInformation.doAs(UserGroupInformation.java:1878) [hadoop-common-3.3.1.jar:?]
	at org.apache.hadoop.ipc.Server$Handler.run(Server.java:2966) [hadoop-common-3.3.1.jar:?]
13:52:48.873 [IPC Server handler 15 on default port 34829] ERROR OMAudit - user=runner | ip=127.0.0.1 | op=GET_FILE_STATUS {volume=volume26399, bucket=bucket61234, key=root_dir/b, dataSize=0, replicationConfig=null} | ret=FAILURE
org.apache.hadoop.ozone.om.exceptions.OMException: Unable to get file status: volume: volume26399 bucket: bucket61234 key: root_dir/b
	at org.apache.hadoop.ozone.om.KeyManagerImpl.getOzoneFileStatus(KeyManagerImpl.java:1311) ~[ozone-manager-1.3.0-SNAPSHOT.jar:?]
	at org.apache.hadoop.ozone.om.KeyManagerImpl.getFileStatus(KeyManagerImpl.java:1241) ~[ozone-manager-1.3.0-SNAPSHOT.jar:?]
	at org.apache.hadoop.ozone.om.OzoneManager.getFileStatus(OzoneManager.java:3467) ~[ozone-manager-1.3.0-SNAPSHOT.jar:?]
	at org.apache.hadoop.ozone.protocolPB.OzoneManagerRequestHandler.getOzoneFileStatus(OzoneManagerRequestHandler.java:878) ~[ozone-manager-1.3.0-SNAPSHOT.jar:?]
	at org.apache.hadoop.ozone.protocolPB.OzoneManagerRequestHandler.handleReadRequest(OzoneManagerRequestHandler.java:224) ~[ozone-manager-1.3.0-SNAPSHOT.jar:?]
	at org.apache.hadoop.ozone.protocolPB.OzoneManagerProtocolServerSideTranslatorPB.submitReadRequestToOM(OzoneManagerProtocolServerSideTranslatorPB.java:226) ~[ozone-manager-1.3.0-SNAPSHOT.jar:?]
	at org.apache.hadoop.ozone.protocolPB.OzoneManagerProtocolServerSideTranslatorPB.processRequest(OzoneManagerProtocolServerSideTranslatorPB.java:175) ~[ozone-manager-1.3.0-SNAPSHOT.jar:?]
	at org.apache.hadoop.hdds.server.OzoneProtocolMessageDispatcher.processRequest(OzoneProtocolMessageDispatcher.java:87) [hdds-server-framework-1.3.0-SNAPSHOT.jar:?]
	at org.apache.hadoop.ozone.protocolPB.OzoneManagerProtocolServerSideTranslatorPB.submitRequest(OzoneManagerProtocolServerSideTranslatorPB.java:147) [ozone-manager-1.3.0-SNAPSHOT.jar:?]
	at org.apache.hadoop.ozone.protocol.proto.OzoneManagerProtocolProtos$OzoneManagerService$2.callBlockingMethod(OzoneManagerProtocolProtos.java) [ozone-interface-client-1.3.0-SNAPSHOT.jar:?]
	at org.apache.hadoop.ipc.ProtobufRpcEngine$Server.processCall(ProtobufRpcEngine.java:466) [hadoop-common-3.3.1.jar:?]
	at org.apache.hadoop.ipc.ProtobufRpcEngine2$Server$ProtoBufRpcInvoker.call(ProtobufRpcEngine2.java:574) [hadoop-common-3.3.1.jar:?]
	at org.apache.hadoop.ipc.ProtobufRpcEngine2$Server$ProtoBufRpcInvoker.call(ProtobufRpcEngine2.java:552) [hadoop-common-3.3.1.jar:?]
	at org.apache.hadoop.ipc.RPC$Server.call(RPC.java:1093) [hadoop-common-3.3.1.jar:?]
	at org.apache.hadoop.ipc.Server$RpcCall.run(Server.java:1035) [hadoop-common-3.3.1.jar:?]
	at org.apache.hadoop.ipc.Server$RpcCall.run(Server.java:963) [hadoop-common-3.3.1.jar:?]
	at java.security.AccessController.doPrivileged(Native Method) ~[?:1.8.0_332]
	at javax.security.auth.Subject.doAs(Subject.java:422) [?:1.8.0_332]
	at org.apache.hadoop.security.UserGroupInformation.doAs(UserGroupInformation.java:1878) [hadoop-common-3.3.1.jar:?]
	at org.apache.hadoop.ipc.Server$Handler.run(Server.java:2966) [hadoop-common-3.3.1.jar:?]
13:52:48.883 [IPC Server handler 6 on default port 34829] ERROR OMAudit - user=runner | ip=127.0.0.1 | op=GET_FILE_STATUS {volume=volume26399, bucket=bucket61234, key=root_dir/file1/c, dataSize=0, replicationConfig=null} | ret=FAILURE
org.apache.hadoop.ozone.om.exceptions.OMException: Unable to get file status: volume: volume26399 bucket: bucket61234 key: root_dir/file1/c
	at org.apache.hadoop.ozone.om.KeyManagerImpl.getOzoneFileStatus(KeyManagerImpl.java:1311) ~[ozone-manager-1.3.0-SNAPSHOT.jar:?]
	at org.apache.hadoop.ozone.om.KeyManagerImpl.getFileStatus(KeyManagerImpl.java:1241) ~[ozone-manager-1.3.0-SNAPSHOT.jar:?]
	at org.apache.hadoop.ozone.om.OzoneManager.getFileStatus(OzoneManager.java:3467) ~[ozone-manager-1.3.0-SNAPSHOT.jar:?]
	at org.apache.hadoop.ozone.protocolPB.OzoneManagerRequestHandler.getOzoneFileStatus(OzoneManagerRequestHandler.java:878) ~[ozone-manager-1.3.0-SNAPSHOT.jar:?]
	at org.apache.hadoop.ozone.protocolPB.OzoneManagerRequestHandler.handleReadRequest(OzoneManagerRequestHandler.java:224) ~[ozone-manager-1.3.0-SNAPSHOT.jar:?]
	at org.apache.hadoop.ozone.protocolPB.OzoneManagerProtocolServerSideTranslatorPB.submitReadRequestToOM(OzoneManagerProtocolServerSideTranslatorPB.java:226) ~[ozone-manager-1.3.0-SNAPSHOT.jar:?]
	at org.apache.hadoop.ozone.protocolPB.OzoneManagerProtocolServerSideTranslatorPB.processRequest(OzoneManagerProtocolServerSideTranslatorPB.java:175) ~[ozone-manager-1.3.0-SNAPSHOT.jar:?]
	at org.apache.hadoop.hdds.server.OzoneProtocolMessageDispatcher.processRequest(OzoneProtocolMessageDispatcher.java:87) [hdds-server-framework-1.3.0-SNAPSHOT.jar:?]
	at org.apache.hadoop.ozone.protocolPB.OzoneManagerProtocolServerSideTranslatorPB.submitRequest(OzoneManagerProtocolServerSideTranslatorPB.java:147) [ozone-manager-1.3.0-SNAPSHOT.jar:?]
	at org.apache.hadoop.ozone.protocol.proto.OzoneManagerProtocolProtos$OzoneManagerService$2.callBlockingMethod(OzoneManagerProtocolProtos.java) [ozone-interface-client-1.3.0-SNAPSHOT.jar:?]
	at org.apache.hadoop.ipc.ProtobufRpcEngine$Server.processCall(ProtobufRpcEngine.java:466) [hadoop-common-3.3.1.jar:?]
	at org.apache.hadoop.ipc.ProtobufRpcEngine2$Server$ProtoBufRpcInvoker.call(ProtobufRpcEngine2.java:574) [hadoop-common-3.3.1.jar:?]
	at org.apache.hadoop.ipc.ProtobufRpcEngine2$Server$ProtoBufRpcInvoker.call(ProtobufRpcEngine2.java:552) [hadoop-common-3.3.1.jar:?]
	at org.apache.hadoop.ipc.RPC$Server.call(RPC.java:1093) [hadoop-common-3.3.1.jar:?]
	at org.apache.hadoop.ipc.Server$RpcCall.run(Server.java:1035) [hadoop-common-3.3.1.jar:?]
	at org.apache.hadoop.ipc.Server$RpcCall.run(Server.java:963) [hadoop-common-3.3.1.jar:?]
	at java.security.AccessController.doPrivileged(Native Method) ~[?:1.8.0_332]
	at javax.security.auth.Subject.doAs(Subject.java:422) [?:1.8.0_332]
	at org.apache.hadoop.security.UserGroupInformation.doAs(UserGroupInformation.java:1878) [hadoop-common-3.3.1.jar:?]
	at org.apache.hadoop.ipc.Server$Handler.run(Server.java:2966) [hadoop-common-3.3.1.jar:?]
]]></system-out>
  </testcase>
  <testcase name="testRenameDestinationParentDoesntExist" classname="TestRootedOzoneFileSystem" time="0.143">
    <system-out><![CDATA[2022-07-27 13:54:08,959 [Time-limited test] INFO  rpc.RpcClient (RpcClient.java:createVolume(467)) - Creating Volume: volume00571, with user37948 as owner and space quota set to -1 bytes, counts quota set to -1
2022-07-27 13:54:08,961 [IPC Server handler 8 on default port 41147] INFO  volume.OMVolumeCreateRequest (OMVolumeCreateRequest.java:validateAndUpdateCache(195)) - created volume:volume00571 for user:user37948
2022-07-27 13:54:08,969 [Time-limited test] INFO  rpc.RpcClient (RpcClient.java:createBucket(670)) - Creating Bucket: volume00571/bucket29797, with bucket layout LEGACY, runner as owner, Versioning false, Storage Type set to DISK and Encryption set to false 
2022-07-27 13:54:08,975 [IPC Server handler 6 on default port 41147] INFO  bucket.OMBucketCreateRequest (OMBucketCreateRequest.java:validateAndUpdateCache(260)) - created bucket: bucket29797 of layout LEGACY in volume: volume00571
13:54:08.978 [IPC Server handler 13 on default port 41147] ERROR OMAudit - user=runner | ip=127.0.0.1 | op=GET_FILE_STATUS {volume=volume00571, bucket=bucket29797, key=root_dir/b/c, dataSize=0, replicationConfig=null} | ret=FAILURE
org.apache.hadoop.ozone.om.exceptions.OMException: Unable to get file status: volume: volume00571 bucket: bucket29797 key: root_dir/b/c
	at org.apache.hadoop.ozone.om.KeyManagerImpl.getOzoneFileStatus(KeyManagerImpl.java:1311) ~[ozone-manager-1.3.0-SNAPSHOT.jar:?]
	at org.apache.hadoop.ozone.om.KeyManagerImpl.getFileStatus(KeyManagerImpl.java:1241) ~[ozone-manager-1.3.0-SNAPSHOT.jar:?]
	at org.apache.hadoop.ozone.om.OzoneManager.getFileStatus(OzoneManager.java:3467) ~[ozone-manager-1.3.0-SNAPSHOT.jar:?]
	at org.apache.hadoop.ozone.protocolPB.OzoneManagerRequestHandler.getOzoneFileStatus(OzoneManagerRequestHandler.java:878) ~[ozone-manager-1.3.0-SNAPSHOT.jar:?]
	at org.apache.hadoop.ozone.protocolPB.OzoneManagerRequestHandler.handleReadRequest(OzoneManagerRequestHandler.java:224) ~[ozone-manager-1.3.0-SNAPSHOT.jar:?]
	at org.apache.hadoop.ozone.protocolPB.OzoneManagerProtocolServerSideTranslatorPB.submitRequestDirectlyToOM(OzoneManagerProtocolServerSideTranslatorPB.java:276) ~[ozone-manager-1.3.0-SNAPSHOT.jar:?]
	at org.apache.hadoop.ozone.protocolPB.OzoneManagerProtocolServerSideTranslatorPB.processRequest(OzoneManagerProtocolServerSideTranslatorPB.java:205) ~[ozone-manager-1.3.0-SNAPSHOT.jar:?]
	at org.apache.hadoop.hdds.server.OzoneProtocolMessageDispatcher.processRequest(OzoneProtocolMessageDispatcher.java:87) [hdds-server-framework-1.3.0-SNAPSHOT.jar:?]
	at org.apache.hadoop.ozone.protocolPB.OzoneManagerProtocolServerSideTranslatorPB.submitRequest(OzoneManagerProtocolServerSideTranslatorPB.java:147) [ozone-manager-1.3.0-SNAPSHOT.jar:?]
	at org.apache.hadoop.ozone.protocol.proto.OzoneManagerProtocolProtos$OzoneManagerService$2.callBlockingMethod(OzoneManagerProtocolProtos.java) [ozone-interface-client-1.3.0-SNAPSHOT.jar:?]
	at org.apache.hadoop.ipc.ProtobufRpcEngine$Server.processCall(ProtobufRpcEngine.java:466) [hadoop-common-3.3.1.jar:?]
	at org.apache.hadoop.ipc.ProtobufRpcEngine2$Server$ProtoBufRpcInvoker.call(ProtobufRpcEngine2.java:574) [hadoop-common-3.3.1.jar:?]
	at org.apache.hadoop.ipc.ProtobufRpcEngine2$Server$ProtoBufRpcInvoker.call(ProtobufRpcEngine2.java:552) [hadoop-common-3.3.1.jar:?]
	at org.apache.hadoop.ipc.RPC$Server.call(RPC.java:1093) [hadoop-common-3.3.1.jar:?]
	at org.apache.hadoop.ipc.Server$RpcCall.run(Server.java:1035) [hadoop-common-3.3.1.jar:?]
	at org.apache.hadoop.ipc.Server$RpcCall.run(Server.java:963) [hadoop-common-3.3.1.jar:?]
	at java.security.AccessController.doPrivileged(Native Method) ~[?:1.8.0_332]
	at javax.security.auth.Subject.doAs(Subject.java:422) [?:1.8.0_332]
	at org.apache.hadoop.security.UserGroupInformation.doAs(UserGroupInformation.java:1878) [hadoop-common-3.3.1.jar:?]
	at org.apache.hadoop.ipc.Server$Handler.run(Server.java:2966) [hadoop-common-3.3.1.jar:?]
13:54:08.979 [IPC Server handler 0 on default port 41147] ERROR OMAudit - user=runner | ip=127.0.0.1 | op=GET_FILE_STATUS {volume=volume00571, bucket=bucket29797, key=root_dir/b, dataSize=0, replicationConfig=null} | ret=FAILURE
org.apache.hadoop.ozone.om.exceptions.OMException: Unable to get file status: volume: volume00571 bucket: bucket29797 key: root_dir/b
	at org.apache.hadoop.ozone.om.KeyManagerImpl.getOzoneFileStatus(KeyManagerImpl.java:1311) ~[ozone-manager-1.3.0-SNAPSHOT.jar:?]
	at org.apache.hadoop.ozone.om.KeyManagerImpl.getFileStatus(KeyManagerImpl.java:1241) ~[ozone-manager-1.3.0-SNAPSHOT.jar:?]
	at org.apache.hadoop.ozone.om.OzoneManager.getFileStatus(OzoneManager.java:3467) ~[ozone-manager-1.3.0-SNAPSHOT.jar:?]
	at org.apache.hadoop.ozone.protocolPB.OzoneManagerRequestHandler.getOzoneFileStatus(OzoneManagerRequestHandler.java:878) ~[ozone-manager-1.3.0-SNAPSHOT.jar:?]
	at org.apache.hadoop.ozone.protocolPB.OzoneManagerRequestHandler.handleReadRequest(OzoneManagerRequestHandler.java:224) ~[ozone-manager-1.3.0-SNAPSHOT.jar:?]
	at org.apache.hadoop.ozone.protocolPB.OzoneManagerProtocolServerSideTranslatorPB.submitRequestDirectlyToOM(OzoneManagerProtocolServerSideTranslatorPB.java:276) ~[ozone-manager-1.3.0-SNAPSHOT.jar:?]
	at org.apache.hadoop.ozone.protocolPB.OzoneManagerProtocolServerSideTranslatorPB.processRequest(OzoneManagerProtocolServerSideTranslatorPB.java:205) ~[ozone-manager-1.3.0-SNAPSHOT.jar:?]
	at org.apache.hadoop.hdds.server.OzoneProtocolMessageDispatcher.processRequest(OzoneProtocolMessageDispatcher.java:87) [hdds-server-framework-1.3.0-SNAPSHOT.jar:?]
	at org.apache.hadoop.ozone.protocolPB.OzoneManagerProtocolServerSideTranslatorPB.submitRequest(OzoneManagerProtocolServerSideTranslatorPB.java:147) [ozone-manager-1.3.0-SNAPSHOT.jar:?]
	at org.apache.hadoop.ozone.protocol.proto.OzoneManagerProtocolProtos$OzoneManagerService$2.callBlockingMethod(OzoneManagerProtocolProtos.java) [ozone-interface-client-1.3.0-SNAPSHOT.jar:?]
	at org.apache.hadoop.ipc.ProtobufRpcEngine$Server.processCall(ProtobufRpcEngine.java:466) [hadoop-common-3.3.1.jar:?]
	at org.apache.hadoop.ipc.ProtobufRpcEngine2$Server$ProtoBufRpcInvoker.call(ProtobufRpcEngine2.java:574) [hadoop-common-3.3.1.jar:?]
	at org.apache.hadoop.ipc.ProtobufRpcEngine2$Server$ProtoBufRpcInvoker.call(ProtobufRpcEngine2.java:552) [hadoop-common-3.3.1.jar:?]
	at org.apache.hadoop.ipc.RPC$Server.call(RPC.java:1093) [hadoop-common-3.3.1.jar:?]
	at org.apache.hadoop.ipc.Server$RpcCall.run(Server.java:1035) [hadoop-common-3.3.1.jar:?]
	at org.apache.hadoop.ipc.Server$RpcCall.run(Server.java:963) [hadoop-common-3.3.1.jar:?]
	at java.security.AccessController.doPrivileged(Native Method) ~[?:1.8.0_332]
	at javax.security.auth.Subject.doAs(Subject.java:422) [?:1.8.0_332]
	at org.apache.hadoop.security.UserGroupInformation.doAs(UserGroupInformation.java:1878) [hadoop-common-3.3.1.jar:?]
	at org.apache.hadoop.ipc.Server$Handler.run(Server.java:2966) [hadoop-common-3.3.1.jar:?]
13:54:09.013 [IPC Server handler 8 on default port 41147] ERROR OMAudit - user=runner | ip=127.0.0.1 | op=GET_FILE_STATUS {volume=volume00571, bucket=bucket29797, key=root_dir/file1/c, dataSize=0, replicationConfig=null} | ret=FAILURE
org.apache.hadoop.ozone.om.exceptions.OMException: Unable to get file status: volume: volume00571 bucket: bucket29797 key: root_dir/file1/c
	at org.apache.hadoop.ozone.om.KeyManagerImpl.getOzoneFileStatus(KeyManagerImpl.java:1311) ~[ozone-manager-1.3.0-SNAPSHOT.jar:?]
	at org.apache.hadoop.ozone.om.KeyManagerImpl.getFileStatus(KeyManagerImpl.java:1241) ~[ozone-manager-1.3.0-SNAPSHOT.jar:?]
	at org.apache.hadoop.ozone.om.OzoneManager.getFileStatus(OzoneManager.java:3467) ~[ozone-manager-1.3.0-SNAPSHOT.jar:?]
	at org.apache.hadoop.ozone.protocolPB.OzoneManagerRequestHandler.getOzoneFileStatus(OzoneManagerRequestHandler.java:878) ~[ozone-manager-1.3.0-SNAPSHOT.jar:?]
	at org.apache.hadoop.ozone.protocolPB.OzoneManagerRequestHandler.handleReadRequest(OzoneManagerRequestHandler.java:224) ~[ozone-manager-1.3.0-SNAPSHOT.jar:?]
	at org.apache.hadoop.ozone.protocolPB.OzoneManagerProtocolServerSideTranslatorPB.submitRequestDirectlyToOM(OzoneManagerProtocolServerSideTranslatorPB.java:276) ~[ozone-manager-1.3.0-SNAPSHOT.jar:?]
	at org.apache.hadoop.ozone.protocolPB.OzoneManagerProtocolServerSideTranslatorPB.processRequest(OzoneManagerProtocolServerSideTranslatorPB.java:205) ~[ozone-manager-1.3.0-SNAPSHOT.jar:?]
	at org.apache.hadoop.hdds.server.OzoneProtocolMessageDispatcher.processRequest(OzoneProtocolMessageDispatcher.java:87) [hdds-server-framework-1.3.0-SNAPSHOT.jar:?]
	at org.apache.hadoop.ozone.protocolPB.OzoneManagerProtocolServerSideTranslatorPB.submitRequest(OzoneManagerProtocolServerSideTranslatorPB.java:147) [ozone-manager-1.3.0-SNAPSHOT.jar:?]
	at org.apache.hadoop.ozone.protocol.proto.OzoneManagerProtocolProtos$OzoneManagerService$2.callBlockingMethod(OzoneManagerProtocolProtos.java) [ozone-interface-client-1.3.0-SNAPSHOT.jar:?]
	at org.apache.hadoop.ipc.ProtobufRpcEngine$Server.processCall(ProtobufRpcEngine.java:466) [hadoop-common-3.3.1.jar:?]
	at org.apache.hadoop.ipc.ProtobufRpcEngine2$Server$ProtoBufRpcInvoker.call(ProtobufRpcEngine2.java:574) [hadoop-common-3.3.1.jar:?]
	at org.apache.hadoop.ipc.ProtobufRpcEngine2$Server$ProtoBufRpcInvoker.call(ProtobufRpcEngine2.java:552) [hadoop-common-3.3.1.jar:?]
	at org.apache.hadoop.ipc.RPC$Server.call(RPC.java:1093) [hadoop-common-3.3.1.jar:?]
	at org.apache.hadoop.ipc.Server$RpcCall.run(Server.java:1035) [hadoop-common-3.3.1.jar:?]
	at org.apache.hadoop.ipc.Server$RpcCall.run(Server.java:963) [hadoop-common-3.3.1.jar:?]
	at java.security.AccessController.doPrivileged(Native Method) ~[?:1.8.0_332]
	at javax.security.auth.Subject.doAs(Subject.java:422) [?:1.8.0_332]
	at org.apache.hadoop.security.UserGroupInformation.doAs(UserGroupInformation.java:1878) [hadoop-common-3.3.1.jar:?]
	at org.apache.hadoop.ipc.Server$Handler.run(Server.java:2966) [hadoop-common-3.3.1.jar:?]
]]></system-out>
  </testcase>
  <testcase name="testGetFileStatusRoot" classname="TestRootedOzoneFileSystem" time="0.068">
    <system-out><![CDATA[2022-07-27 13:49:18,492 [Time-limited test] INFO  rpc.RpcClient (RpcClient.java:createVolume(467)) - Creating Volume: volume99256, with user53799 as owner and space quota set to -1 bytes, counts quota set to -1
2022-07-27 13:49:18,496 [OM StateMachine ApplyTransaction Thread - 0] INFO  volume.OMVolumeCreateRequest (OMVolumeCreateRequest.java:validateAndUpdateCache(195)) - created volume:volume99256 for user:user53799
2022-07-27 13:49:18,501 [Time-limited test] INFO  rpc.RpcClient (RpcClient.java:createBucket(670)) - Creating Bucket: volume99256/bucket28597, with bucket layout LEGACY, runner as owner, Versioning false, Storage Type set to DISK and Encryption set to false 
2022-07-27 13:49:18,503 [OM StateMachine ApplyTransaction Thread - 0] INFO  bucket.OMBucketCreateRequest (OMBucketCreateRequest.java:validateAndUpdateCache(260)) - created bucket: bucket28597 of layout LEGACY in volume: volume99256
]]></system-out>
  </testcase>
  <testcase name="testGetFileStatusRoot" classname="TestRootedOzoneFileSystem" time="0.112">
    <system-out><![CDATA[2022-07-27 13:50:23,391 [Time-limited test] INFO  rpc.RpcClient (RpcClient.java:createVolume(467)) - Creating Volume: volume74846, with user31674 as owner and space quota set to -1 bytes, counts quota set to -1
2022-07-27 13:50:23,393 [OM StateMachine ApplyTransaction Thread - 0] INFO  volume.OMVolumeCreateRequest (OMVolumeCreateRequest.java:validateAndUpdateCache(195)) - created volume:volume74846 for user:user31674
2022-07-27 13:50:23,394 [Time-limited test] INFO  rpc.RpcClient (RpcClient.java:createBucket(670)) - Creating Bucket: volume74846/bucket67980, with bucket layout LEGACY, runner as owner, Versioning false, Storage Type set to DISK and Encryption set to false 
2022-07-27 13:50:23,395 [OM StateMachine ApplyTransaction Thread - 0] INFO  bucket.OMBucketCreateRequest (OMBucketCreateRequest.java:validateAndUpdateCache(260)) - created bucket: bucket67980 of layout LEGACY in volume: volume74846
]]></system-out>
  </testcase>
  <testcase name="testGetFileStatusRoot" classname="TestRootedOzoneFileSystem" time="0.061">
    <system-out><![CDATA[2022-07-27 13:51:32,772 [Time-limited test] INFO  rpc.RpcClient (RpcClient.java:createVolume(467)) - Creating Volume: volume07463, with user93063 as owner and space quota set to -1 bytes, counts quota set to -1
2022-07-27 13:51:32,775 [IPC Server handler 0 on default port 45285] INFO  volume.OMVolumeCreateRequest (OMVolumeCreateRequest.java:validateAndUpdateCache(195)) - created volume:volume07463 for user:user93063
2022-07-27 13:51:32,782 [Time-limited test] INFO  rpc.RpcClient (RpcClient.java:createBucket(670)) - Creating Bucket: volume07463/bucket12221, with bucket layout LEGACY, runner as owner, Versioning false, Storage Type set to DISK and Encryption set to false 
2022-07-27 13:51:32,783 [IPC Server handler 5 on default port 45285] INFO  bucket.OMBucketCreateRequest (OMBucketCreateRequest.java:validateAndUpdateCache(260)) - created bucket: bucket12221 of layout LEGACY in volume: volume07463
]]></system-out>
  </testcase>
  <testcase name="testGetFileStatusRoot" classname="TestRootedOzoneFileSystem" time="0.144">
    <system-out><![CDATA[2022-07-27 13:52:48,977 [Time-limited test] INFO  rpc.RpcClient (RpcClient.java:createVolume(467)) - Creating Volume: volume01500, with user52860 as owner and space quota set to -1 bytes, counts quota set to -1
2022-07-27 13:52:48,985 [OM StateMachine ApplyTransaction Thread - 0] INFO  volume.OMVolumeCreateRequest (OMVolumeCreateRequest.java:validateAndUpdateCache(195)) - created volume:volume01500 for user:user52860
2022-07-27 13:52:48,988 [Time-limited test] INFO  rpc.RpcClient (RpcClient.java:createBucket(670)) - Creating Bucket: volume01500/bucket03478, with bucket layout LEGACY, runner as owner, Versioning false, Storage Type set to DISK and Encryption set to false 
2022-07-27 13:52:48,991 [OM StateMachine ApplyTransaction Thread - 0] INFO  bucket.OMBucketCreateRequest (OMBucketCreateRequest.java:validateAndUpdateCache(260)) - created bucket: bucket03478 of layout LEGACY in volume: volume01500
]]></system-out>
  </testcase>
  <testcase name="testGetFileStatusRoot" classname="TestRootedOzoneFileSystem" time="0.2">
    <system-out><![CDATA[2022-07-27 13:54:09,213 [Time-limited test] INFO  rpc.RpcClient (RpcClient.java:createVolume(467)) - Creating Volume: volume81704, with user72984 as owner and space quota set to -1 bytes, counts quota set to -1
2022-07-27 13:54:09,213 [IPC Server handler 5 on default port 41147] INFO  volume.OMVolumeCreateRequest (OMVolumeCreateRequest.java:validateAndUpdateCache(195)) - created volume:volume81704 for user:user72984
2022-07-27 13:54:09,218 [Time-limited test] INFO  rpc.RpcClient (RpcClient.java:createBucket(670)) - Creating Bucket: volume81704/bucket28589, with bucket layout LEGACY, runner as owner, Versioning false, Storage Type set to DISK and Encryption set to false 
2022-07-27 13:54:09,223 [IPC Server handler 3 on default port 41147] INFO  bucket.OMBucketCreateRequest (OMBucketCreateRequest.java:validateAndUpdateCache(260)) - created bucket: bucket28589 of layout LEGACY in volume: volume81704
]]></system-out>
  </testcase>
  <testcase name="testCreateWithInvalidPaths" classname="TestRootedOzoneFileSystem" time="0.061">
    <system-out><![CDATA[2022-07-27 13:49:18,546 [Time-limited test] INFO  rpc.RpcClient (RpcClient.java:createVolume(467)) - Creating Volume: volume08763, with user59203 as owner and space quota set to -1 bytes, counts quota set to -1
2022-07-27 13:49:18,552 [OM StateMachine ApplyTransaction Thread - 0] INFO  volume.OMVolumeCreateRequest (OMVolumeCreateRequest.java:validateAndUpdateCache(195)) - created volume:volume08763 for user:user59203
2022-07-27 13:49:18,555 [Time-limited test] INFO  rpc.RpcClient (RpcClient.java:createBucket(670)) - Creating Bucket: volume08763/bucket29096, with bucket layout LEGACY, runner as owner, Versioning false, Storage Type set to DISK and Encryption set to false 
2022-07-27 13:49:18,558 [OM StateMachine ApplyTransaction Thread - 0] INFO  bucket.OMBucketCreateRequest (OMBucketCreateRequest.java:validateAndUpdateCache(260)) - created bucket: bucket29096 of layout LEGACY in volume: volume08763
]]></system-out>
  </testcase>
  <testcase name="testCreateWithInvalidPaths" classname="TestRootedOzoneFileSystem" time="0.088">
    <system-out><![CDATA[2022-07-27 13:50:23,462 [Time-limited test] INFO  rpc.RpcClient (RpcClient.java:createVolume(467)) - Creating Volume: volume59241, with user82799 as owner and space quota set to -1 bytes, counts quota set to -1
2022-07-27 13:50:23,475 [OM StateMachine ApplyTransaction Thread - 0] INFO  volume.OMVolumeCreateRequest (OMVolumeCreateRequest.java:validateAndUpdateCache(195)) - created volume:volume59241 for user:user82799
2022-07-27 13:50:23,476 [Time-limited test] INFO  rpc.RpcClient (RpcClient.java:createBucket(670)) - Creating Bucket: volume59241/bucket73313, with bucket layout LEGACY, runner as owner, Versioning false, Storage Type set to DISK and Encryption set to false 
2022-07-27 13:50:23,477 [OM StateMachine ApplyTransaction Thread - 0] INFO  bucket.OMBucketCreateRequest (OMBucketCreateRequest.java:validateAndUpdateCache(260)) - created bucket: bucket73313 of layout LEGACY in volume: volume59241
]]></system-out>
  </testcase>
  <testcase name="testCreateWithInvalidPaths" classname="TestRootedOzoneFileSystem" time="0.093">
    <system-out><![CDATA[2022-07-27 13:51:32,884 [Time-limited test] INFO  rpc.RpcClient (RpcClient.java:createVolume(467)) - Creating Volume: volume48209, with user31136 as owner and space quota set to -1 bytes, counts quota set to -1
2022-07-27 13:51:32,886 [IPC Server handler 5 on default port 45285] INFO  volume.OMVolumeCreateRequest (OMVolumeCreateRequest.java:validateAndUpdateCache(195)) - created volume:volume48209 for user:user31136
2022-07-27 13:51:32,886 [Time-limited test] INFO  rpc.RpcClient (RpcClient.java:createBucket(670)) - Creating Bucket: volume48209/bucket89531, with bucket layout LEGACY, runner as owner, Versioning false, Storage Type set to DISK and Encryption set to false 
2022-07-27 13:51:32,887 [IPC Server handler 6 on default port 45285] INFO  bucket.OMBucketCreateRequest (OMBucketCreateRequest.java:validateAndUpdateCache(260)) - created bucket: bucket89531 of layout LEGACY in volume: volume48209
]]></system-out>
  </testcase>
  <testcase name="testCreateWithInvalidPaths" classname="TestRootedOzoneFileSystem" time="0.125">
    <system-out><![CDATA[2022-07-27 13:52:49,136 [Time-limited test] INFO  rpc.RpcClient (RpcClient.java:createVolume(467)) - Creating Volume: volume65012, with user11046 as owner and space quota set to -1 bytes, counts quota set to -1
2022-07-27 13:52:49,138 [OM StateMachine ApplyTransaction Thread - 0] INFO  volume.OMVolumeCreateRequest (OMVolumeCreateRequest.java:validateAndUpdateCache(195)) - created volume:volume65012 for user:user11046
2022-07-27 13:52:49,139 [Time-limited test] INFO  rpc.RpcClient (RpcClient.java:createBucket(670)) - Creating Bucket: volume65012/bucket04939, with bucket layout LEGACY, runner as owner, Versioning false, Storage Type set to DISK and Encryption set to false 
2022-07-27 13:52:49,143 [OM StateMachine ApplyTransaction Thread - 0] INFO  bucket.OMBucketCreateRequest (OMBucketCreateRequest.java:validateAndUpdateCache(260)) - created bucket: bucket04939 of layout LEGACY in volume: volume65012
]]></system-out>
  </testcase>
  <testcase name="testCreateWithInvalidPaths" classname="TestRootedOzoneFileSystem" time="0.248">
    <system-out><![CDATA[2022-07-27 13:54:09,310 [05b7ade2-c08f-4f72-be79-8d526602fcb9@group-450F11538100-FollowerState] INFO  impl.FollowerState (FollowerState.java:run(143)) - 05b7ade2-c08f-4f72-be79-8d526602fcb9@group-450F11538100-FollowerState: change to CANDIDATE, lastRpcElapsedTime:5038534246ns, electionTimeout:5001ms
2022-07-27 13:54:09,310 [05b7ade2-c08f-4f72-be79-8d526602fcb9@group-450F11538100-FollowerState] INFO  impl.RoleInfo (RoleInfo.java:shutdownFollowerState(110)) - 05b7ade2-c08f-4f72-be79-8d526602fcb9: shutdown 05b7ade2-c08f-4f72-be79-8d526602fcb9@group-450F11538100-FollowerState
2022-07-27 13:54:09,310 [05b7ade2-c08f-4f72-be79-8d526602fcb9@group-450F11538100-FollowerState] INFO  server.RaftServer$Division (RaftServerImpl.java:setRole(299)) - 05b7ade2-c08f-4f72-be79-8d526602fcb9@group-450F11538100: changes role from  FOLLOWER to CANDIDATE at term 1 for changeToCandidate
2022-07-27 13:54:09,310 [05b7ade2-c08f-4f72-be79-8d526602fcb9@group-450F11538100-FollowerState] INFO  server.RaftServerConfigKeys (ConfUtils.java:logGet(46)) - raft.server.leaderelection.pre-vote = false (custom)
2022-07-27 13:54:09,310 [05b7ade2-c08f-4f72-be79-8d526602fcb9@group-450F11538100-FollowerState] INFO  impl.RoleInfo (RoleInfo.java:updateAndGet(139)) - 05b7ade2-c08f-4f72-be79-8d526602fcb9: start 05b7ade2-c08f-4f72-be79-8d526602fcb9@group-450F11538100-LeaderElection62
2022-07-27 13:54:09,363 [05b7ade2-c08f-4f72-be79-8d526602fcb9@group-450F11538100-LeaderElection62] INFO  impl.LeaderElection (LeaderElection.java:askForVotes(310)) - 05b7ade2-c08f-4f72-be79-8d526602fcb9@group-450F11538100-LeaderElection62 ELECTION round 0: submit vote requests at term 2 for -1: [05b7ade2-c08f-4f72-be79-8d526602fcb9|rpc:10.1.0.21:42545|dataStream:|priority:1, 34ea5659-743d-4920-98aa-921f1ee7ea0c|rpc:10.1.0.21:38521|dataStream:|priority:0, d0f717e2-9042-4344-a562-88d1d040f01a|rpc:10.1.0.21:42759|dataStream:|priority:0], old=null
2022-07-27 13:54:09,443 [Time-limited test] INFO  rpc.RpcClient (RpcClient.java:createVolume(467)) - Creating Volume: volume98430, with user00053 as owner and space quota set to -1 bytes, counts quota set to -1
2022-07-27 13:54:09,444 [d0f717e2-9042-4344-a562-88d1d040f01a@group-450F11538100-FollowerState] INFO  impl.FollowerState (FollowerState.java:run(143)) - d0f717e2-9042-4344-a562-88d1d040f01a@group-450F11538100-FollowerState: change to CANDIDATE, lastRpcElapsedTime:5175243445ns, electionTimeout:5138ms
2022-07-27 13:54:09,444 [d0f717e2-9042-4344-a562-88d1d040f01a@group-450F11538100-FollowerState] INFO  impl.RoleInfo (RoleInfo.java:shutdownFollowerState(110)) - d0f717e2-9042-4344-a562-88d1d040f01a: shutdown d0f717e2-9042-4344-a562-88d1d040f01a@group-450F11538100-FollowerState
2022-07-27 13:54:09,444 [d0f717e2-9042-4344-a562-88d1d040f01a@group-450F11538100-FollowerState] INFO  server.RaftServer$Division (RaftServerImpl.java:setRole(299)) - d0f717e2-9042-4344-a562-88d1d040f01a@group-450F11538100: changes role from  FOLLOWER to CANDIDATE at term 1 for changeToCandidate
2022-07-27 13:54:09,444 [d0f717e2-9042-4344-a562-88d1d040f01a@group-450F11538100-FollowerState] INFO  server.RaftServerConfigKeys (ConfUtils.java:logGet(46)) - raft.server.leaderelection.pre-vote = false (custom)
2022-07-27 13:54:09,444 [d0f717e2-9042-4344-a562-88d1d040f01a@group-450F11538100-FollowerState] INFO  impl.RoleInfo (RoleInfo.java:updateAndGet(139)) - d0f717e2-9042-4344-a562-88d1d040f01a: start d0f717e2-9042-4344-a562-88d1d040f01a@group-450F11538100-LeaderElection63
2022-07-27 13:54:09,446 [34ea5659-743d-4920-98aa-921f1ee7ea0c@group-450F11538100-FollowerState] INFO  impl.FollowerState (FollowerState.java:run(143)) - 34ea5659-743d-4920-98aa-921f1ee7ea0c@group-450F11538100-FollowerState: change to CANDIDATE, lastRpcElapsedTime:5143902870ns, electionTimeout:5142ms
2022-07-27 13:54:09,446 [34ea5659-743d-4920-98aa-921f1ee7ea0c@group-450F11538100-FollowerState] INFO  impl.RoleInfo (RoleInfo.java:shutdownFollowerState(110)) - 34ea5659-743d-4920-98aa-921f1ee7ea0c: shutdown 34ea5659-743d-4920-98aa-921f1ee7ea0c@group-450F11538100-FollowerState
2022-07-27 13:54:09,446 [34ea5659-743d-4920-98aa-921f1ee7ea0c@group-450F11538100-FollowerState] INFO  server.RaftServer$Division (RaftServerImpl.java:setRole(299)) - 34ea5659-743d-4920-98aa-921f1ee7ea0c@group-450F11538100: changes role from  FOLLOWER to CANDIDATE at term 1 for changeToCandidate
2022-07-27 13:54:09,447 [IPC Server handler 3 on default port 41147] INFO  volume.OMVolumeCreateRequest (OMVolumeCreateRequest.java:validateAndUpdateCache(195)) - created volume:volume98430 for user:user00053
2022-07-27 13:54:09,451 [Time-limited test] INFO  rpc.RpcClient (RpcClient.java:createBucket(670)) - Creating Bucket: volume98430/bucket10376, with bucket layout LEGACY, runner as owner, Versioning false, Storage Type set to DISK and Encryption set to false 
2022-07-27 13:54:09,452 [IPC Server handler 16 on default port 41147] INFO  bucket.OMBucketCreateRequest (OMBucketCreateRequest.java:validateAndUpdateCache(260)) - created bucket: bucket10376 of layout LEGACY in volume: volume98430
2022-07-27 13:54:09,493 [34ea5659-743d-4920-98aa-921f1ee7ea0c@group-450F11538100-FollowerState] INFO  server.RaftServerConfigKeys (ConfUtils.java:logGet(46)) - raft.server.leaderelection.pre-vote = false (custom)
2022-07-27 13:54:09,493 [34ea5659-743d-4920-98aa-921f1ee7ea0c@group-450F11538100-FollowerState] INFO  impl.RoleInfo (RoleInfo.java:updateAndGet(139)) - 34ea5659-743d-4920-98aa-921f1ee7ea0c: start 34ea5659-743d-4920-98aa-921f1ee7ea0c@group-450F11538100-LeaderElection64
]]></system-out>
  </testcase>
  <testcase name="testDeleteEmptyVolume" classname="TestRootedOzoneFileSystem" time="0.063">
    <system-out><![CDATA[2022-07-27 13:49:18,608 [Time-limited test] INFO  rpc.RpcClient (RpcClient.java:createVolume(467)) - Creating Volume: volume95883, with user42371 as owner and space quota set to -1 bytes, counts quota set to -1
2022-07-27 13:49:18,612 [OM StateMachine ApplyTransaction Thread - 0] INFO  volume.OMVolumeCreateRequest (OMVolumeCreateRequest.java:validateAndUpdateCache(195)) - created volume:volume95883 for user:user42371
2022-07-27 13:49:18,614 [Time-limited test] INFO  rpc.RpcClient (RpcClient.java:createBucket(670)) - Creating Bucket: volume95883/bucket95437, with bucket layout LEGACY, runner as owner, Versioning false, Storage Type set to DISK and Encryption set to false 
2022-07-27 13:49:18,617 [OM StateMachine ApplyTransaction Thread - 0] INFO  bucket.OMBucketCreateRequest (OMBucketCreateRequest.java:validateAndUpdateCache(260)) - created bucket: bucket95437 of layout LEGACY in volume: volume95883
2022-07-27 13:49:18,619 [Time-limited test] INFO  rpc.RpcClient (RpcClient.java:createVolume(467)) - Creating Volume: volume-18332, with runner as owner and space quota set to -1 bytes, counts quota set to -1
2022-07-27 13:49:18,625 [OM StateMachine ApplyTransaction Thread - 0] INFO  volume.OMVolumeCreateRequest (OMVolumeCreateRequest.java:validateAndUpdateCache(195)) - created volume:volume-18332 for user:runner
]]></system-out>
  </testcase>
  <testcase name="testDeleteEmptyVolume" classname="TestRootedOzoneFileSystem" time="0.136">
    <system-out><![CDATA[2022-07-27 13:50:23,612 [Time-limited test] INFO  rpc.RpcClient (RpcClient.java:createVolume(467)) - Creating Volume: volume61738, with user68784 as owner and space quota set to -1 bytes, counts quota set to -1
2022-07-27 13:50:23,613 [OM StateMachine ApplyTransaction Thread - 0] INFO  volume.OMVolumeCreateRequest (OMVolumeCreateRequest.java:validateAndUpdateCache(195)) - created volume:volume61738 for user:user68784
2022-07-27 13:50:23,614 [Time-limited test] INFO  rpc.RpcClient (RpcClient.java:createBucket(670)) - Creating Bucket: volume61738/bucket39982, with bucket layout LEGACY, runner as owner, Versioning false, Storage Type set to DISK and Encryption set to false 
2022-07-27 13:50:23,616 [OM StateMachine ApplyTransaction Thread - 0] INFO  bucket.OMBucketCreateRequest (OMBucketCreateRequest.java:validateAndUpdateCache(260)) - created bucket: bucket39982 of layout LEGACY in volume: volume61738
2022-07-27 13:50:23,617 [Time-limited test] INFO  rpc.RpcClient (RpcClient.java:createVolume(467)) - Creating Volume: volume-58237, with runner as owner and space quota set to -1 bytes, counts quota set to -1
2022-07-27 13:50:23,618 [OM StateMachine ApplyTransaction Thread - 0] INFO  volume.OMVolumeCreateRequest (OMVolumeCreateRequest.java:validateAndUpdateCache(195)) - created volume:volume-58237 for user:runner
13:50:23.621 [IPC Server handler 10 on default port 46277] ERROR OMAudit - user=runner | ip=127.0.0.1 | op=READ_VOLUME {volume=volume-58237} | ret=FAILURE
org.apache.hadoop.ozone.om.exceptions.OMException: Volume volume-58237 is not found
	at org.apache.hadoop.ozone.om.VolumeManagerImpl.getVolumeInfo(VolumeManagerImpl.java:74) ~[ozone-manager-1.3.0-SNAPSHOT.jar:?]
	at org.apache.hadoop.ozone.om.OzoneManager.getVolumeInfo(OzoneManager.java:2603) ~[ozone-manager-1.3.0-SNAPSHOT.jar:?]
	at org.apache.hadoop.ozone.protocolPB.OzoneManagerRequestHandler.infoVolume(OzoneManagerRequestHandler.java:397) ~[ozone-manager-1.3.0-SNAPSHOT.jar:?]
	at org.apache.hadoop.ozone.protocolPB.OzoneManagerRequestHandler.handleReadRequest(OzoneManagerRequestHandler.java:164) ~[ozone-manager-1.3.0-SNAPSHOT.jar:?]
	at org.apache.hadoop.ozone.protocolPB.OzoneManagerProtocolServerSideTranslatorPB.submitReadRequestToOM(OzoneManagerProtocolServerSideTranslatorPB.java:226) ~[ozone-manager-1.3.0-SNAPSHOT.jar:?]
	at org.apache.hadoop.ozone.protocolPB.OzoneManagerProtocolServerSideTranslatorPB.processRequest(OzoneManagerProtocolServerSideTranslatorPB.java:175) ~[ozone-manager-1.3.0-SNAPSHOT.jar:?]
	at org.apache.hadoop.hdds.server.OzoneProtocolMessageDispatcher.processRequest(OzoneProtocolMessageDispatcher.java:87) [hdds-server-framework-1.3.0-SNAPSHOT.jar:?]
	at org.apache.hadoop.ozone.protocolPB.OzoneManagerProtocolServerSideTranslatorPB.submitRequest(OzoneManagerProtocolServerSideTranslatorPB.java:147) [ozone-manager-1.3.0-SNAPSHOT.jar:?]
	at org.apache.hadoop.ozone.protocol.proto.OzoneManagerProtocolProtos$OzoneManagerService$2.callBlockingMethod(OzoneManagerProtocolProtos.java) [ozone-interface-client-1.3.0-SNAPSHOT.jar:?]
	at org.apache.hadoop.ipc.ProtobufRpcEngine$Server.processCall(ProtobufRpcEngine.java:466) [hadoop-common-3.3.1.jar:?]
	at org.apache.hadoop.ipc.ProtobufRpcEngine2$Server$ProtoBufRpcInvoker.call(ProtobufRpcEngine2.java:574) [hadoop-common-3.3.1.jar:?]
	at org.apache.hadoop.ipc.ProtobufRpcEngine2$Server$ProtoBufRpcInvoker.call(ProtobufRpcEngine2.java:552) [hadoop-common-3.3.1.jar:?]
	at org.apache.hadoop.ipc.RPC$Server.call(RPC.java:1093) [hadoop-common-3.3.1.jar:?]
	at org.apache.hadoop.ipc.Server$RpcCall.run(Server.java:1035) [hadoop-common-3.3.1.jar:?]
	at org.apache.hadoop.ipc.Server$RpcCall.run(Server.java:963) [hadoop-common-3.3.1.jar:?]
	at java.security.AccessController.doPrivileged(Native Method) ~[?:1.8.0_332]
	at javax.security.auth.Subject.doAs(Subject.java:422) [?:1.8.0_332]
	at org.apache.hadoop.security.UserGroupInformation.doAs(UserGroupInformation.java:1878) [hadoop-common-3.3.1.jar:?]
	at org.apache.hadoop.ipc.Server$Handler.run(Server.java:2966) [hadoop-common-3.3.1.jar:?]
]]></system-out>
  </testcase>
  <testcase name="testDeleteEmptyVolume" classname="TestRootedOzoneFileSystem" time="0.148">
    <system-out><![CDATA[2022-07-27 13:51:33,027 [Time-limited test] INFO  rpc.RpcClient (RpcClient.java:createVolume(467)) - Creating Volume: volume96271, with user99206 as owner and space quota set to -1 bytes, counts quota set to -1
2022-07-27 13:51:33,028 [IPC Server handler 6 on default port 45285] INFO  volume.OMVolumeCreateRequest (OMVolumeCreateRequest.java:validateAndUpdateCache(195)) - created volume:volume96271 for user:user99206
2022-07-27 13:51:33,029 [Time-limited test] INFO  rpc.RpcClient (RpcClient.java:createBucket(670)) - Creating Bucket: volume96271/bucket96929, with bucket layout LEGACY, runner as owner, Versioning false, Storage Type set to DISK and Encryption set to false 
2022-07-27 13:51:33,029 [IPC Server handler 8 on default port 45285] INFO  bucket.OMBucketCreateRequest (OMBucketCreateRequest.java:validateAndUpdateCache(260)) - created bucket: bucket96929 of layout LEGACY in volume: volume96271
2022-07-27 13:51:33,031 [Time-limited test] INFO  rpc.RpcClient (RpcClient.java:createVolume(467)) - Creating Volume: volume-02676, with runner as owner and space quota set to -1 bytes, counts quota set to -1
2022-07-27 13:51:33,031 [IPC Server handler 11 on default port 45285] INFO  volume.OMVolumeCreateRequest (OMVolumeCreateRequest.java:validateAndUpdateCache(195)) - created volume:volume-02676 for user:runner
13:51:33.033 [IPC Server handler 15 on default port 45285] ERROR OMAudit - user=runner | ip=127.0.0.1 | op=READ_VOLUME {volume=volume-02676} | ret=FAILURE
org.apache.hadoop.ozone.om.exceptions.OMException: Volume volume-02676 is not found
	at org.apache.hadoop.ozone.om.VolumeManagerImpl.getVolumeInfo(VolumeManagerImpl.java:74) ~[ozone-manager-1.3.0-SNAPSHOT.jar:?]
	at org.apache.hadoop.ozone.om.OzoneManager.getVolumeInfo(OzoneManager.java:2603) ~[ozone-manager-1.3.0-SNAPSHOT.jar:?]
	at org.apache.hadoop.ozone.protocolPB.OzoneManagerRequestHandler.infoVolume(OzoneManagerRequestHandler.java:397) ~[ozone-manager-1.3.0-SNAPSHOT.jar:?]
	at org.apache.hadoop.ozone.protocolPB.OzoneManagerRequestHandler.handleReadRequest(OzoneManagerRequestHandler.java:164) ~[ozone-manager-1.3.0-SNAPSHOT.jar:?]
	at org.apache.hadoop.ozone.protocolPB.OzoneManagerProtocolServerSideTranslatorPB.submitRequestDirectlyToOM(OzoneManagerProtocolServerSideTranslatorPB.java:276) ~[ozone-manager-1.3.0-SNAPSHOT.jar:?]
	at org.apache.hadoop.ozone.protocolPB.OzoneManagerProtocolServerSideTranslatorPB.processRequest(OzoneManagerProtocolServerSideTranslatorPB.java:205) ~[ozone-manager-1.3.0-SNAPSHOT.jar:?]
	at org.apache.hadoop.hdds.server.OzoneProtocolMessageDispatcher.processRequest(OzoneProtocolMessageDispatcher.java:87) [hdds-server-framework-1.3.0-SNAPSHOT.jar:?]
	at org.apache.hadoop.ozone.protocolPB.OzoneManagerProtocolServerSideTranslatorPB.submitRequest(OzoneManagerProtocolServerSideTranslatorPB.java:147) [ozone-manager-1.3.0-SNAPSHOT.jar:?]
	at org.apache.hadoop.ozone.protocol.proto.OzoneManagerProtocolProtos$OzoneManagerService$2.callBlockingMethod(OzoneManagerProtocolProtos.java) [ozone-interface-client-1.3.0-SNAPSHOT.jar:?]
	at org.apache.hadoop.ipc.ProtobufRpcEngine$Server.processCall(ProtobufRpcEngine.java:466) [hadoop-common-3.3.1.jar:?]
	at org.apache.hadoop.ipc.ProtobufRpcEngine2$Server$ProtoBufRpcInvoker.call(ProtobufRpcEngine2.java:574) [hadoop-common-3.3.1.jar:?]
	at org.apache.hadoop.ipc.ProtobufRpcEngine2$Server$ProtoBufRpcInvoker.call(ProtobufRpcEngine2.java:552) [hadoop-common-3.3.1.jar:?]
	at org.apache.hadoop.ipc.RPC$Server.call(RPC.java:1093) [hadoop-common-3.3.1.jar:?]
	at org.apache.hadoop.ipc.Server$RpcCall.run(Server.java:1035) [hadoop-common-3.3.1.jar:?]
	at org.apache.hadoop.ipc.Server$RpcCall.run(Server.java:963) [hadoop-common-3.3.1.jar:?]
	at java.security.AccessController.doPrivileged(Native Method) ~[?:1.8.0_332]
	at javax.security.auth.Subject.doAs(Subject.java:422) [?:1.8.0_332]
	at org.apache.hadoop.security.UserGroupInformation.doAs(UserGroupInformation.java:1878) [hadoop-common-3.3.1.jar:?]
	at org.apache.hadoop.ipc.Server$Handler.run(Server.java:2966) [hadoop-common-3.3.1.jar:?]
]]></system-out>
  </testcase>
  <testcase name="testDeleteEmptyVolume" classname="TestRootedOzoneFileSystem" time="0.133">
    <system-out><![CDATA[2022-07-27 13:52:49,272 [Time-limited test] INFO  rpc.RpcClient (RpcClient.java:createVolume(467)) - Creating Volume: volume64643, with user33423 as owner and space quota set to -1 bytes, counts quota set to -1
2022-07-27 13:52:49,279 [OM StateMachine ApplyTransaction Thread - 0] INFO  volume.OMVolumeCreateRequest (OMVolumeCreateRequest.java:validateAndUpdateCache(195)) - created volume:volume64643 for user:user33423
2022-07-27 13:52:49,292 [Time-limited test] INFO  rpc.RpcClient (RpcClient.java:createBucket(670)) - Creating Bucket: volume64643/bucket76227, with bucket layout LEGACY, runner as owner, Versioning false, Storage Type set to DISK and Encryption set to false 
2022-07-27 13:52:49,293 [OM StateMachine ApplyTransaction Thread - 0] INFO  bucket.OMBucketCreateRequest (OMBucketCreateRequest.java:validateAndUpdateCache(260)) - created bucket: bucket76227 of layout LEGACY in volume: volume64643
2022-07-27 13:52:49,294 [Time-limited test] INFO  rpc.RpcClient (RpcClient.java:createVolume(467)) - Creating Volume: volume-12627, with runner as owner and space quota set to -1 bytes, counts quota set to -1
2022-07-27 13:52:49,295 [OM StateMachine ApplyTransaction Thread - 0] INFO  volume.OMVolumeCreateRequest (OMVolumeCreateRequest.java:validateAndUpdateCache(195)) - created volume:volume-12627 for user:runner
13:52:49.297 [IPC Server handler 11 on default port 34829] ERROR OMAudit - user=runner | ip=127.0.0.1 | op=READ_VOLUME {volume=volume-12627} | ret=FAILURE
org.apache.hadoop.ozone.om.exceptions.OMException: Volume volume-12627 is not found
	at org.apache.hadoop.ozone.om.VolumeManagerImpl.getVolumeInfo(VolumeManagerImpl.java:74) ~[ozone-manager-1.3.0-SNAPSHOT.jar:?]
	at org.apache.hadoop.ozone.om.OzoneManager.getVolumeInfo(OzoneManager.java:2603) ~[ozone-manager-1.3.0-SNAPSHOT.jar:?]
	at org.apache.hadoop.ozone.protocolPB.OzoneManagerRequestHandler.infoVolume(OzoneManagerRequestHandler.java:397) ~[ozone-manager-1.3.0-SNAPSHOT.jar:?]
	at org.apache.hadoop.ozone.protocolPB.OzoneManagerRequestHandler.handleReadRequest(OzoneManagerRequestHandler.java:164) ~[ozone-manager-1.3.0-SNAPSHOT.jar:?]
	at org.apache.hadoop.ozone.protocolPB.OzoneManagerProtocolServerSideTranslatorPB.submitReadRequestToOM(OzoneManagerProtocolServerSideTranslatorPB.java:226) ~[ozone-manager-1.3.0-SNAPSHOT.jar:?]
	at org.apache.hadoop.ozone.protocolPB.OzoneManagerProtocolServerSideTranslatorPB.processRequest(OzoneManagerProtocolServerSideTranslatorPB.java:175) ~[ozone-manager-1.3.0-SNAPSHOT.jar:?]
	at org.apache.hadoop.hdds.server.OzoneProtocolMessageDispatcher.processRequest(OzoneProtocolMessageDispatcher.java:87) [hdds-server-framework-1.3.0-SNAPSHOT.jar:?]
	at org.apache.hadoop.ozone.protocolPB.OzoneManagerProtocolServerSideTranslatorPB.submitRequest(OzoneManagerProtocolServerSideTranslatorPB.java:147) [ozone-manager-1.3.0-SNAPSHOT.jar:?]
	at org.apache.hadoop.ozone.protocol.proto.OzoneManagerProtocolProtos$OzoneManagerService$2.callBlockingMethod(OzoneManagerProtocolProtos.java) [ozone-interface-client-1.3.0-SNAPSHOT.jar:?]
	at org.apache.hadoop.ipc.ProtobufRpcEngine$Server.processCall(ProtobufRpcEngine.java:466) [hadoop-common-3.3.1.jar:?]
	at org.apache.hadoop.ipc.ProtobufRpcEngine2$Server$ProtoBufRpcInvoker.call(ProtobufRpcEngine2.java:574) [hadoop-common-3.3.1.jar:?]
	at org.apache.hadoop.ipc.ProtobufRpcEngine2$Server$ProtoBufRpcInvoker.call(ProtobufRpcEngine2.java:552) [hadoop-common-3.3.1.jar:?]
	at org.apache.hadoop.ipc.RPC$Server.call(RPC.java:1093) [hadoop-common-3.3.1.jar:?]
	at org.apache.hadoop.ipc.Server$RpcCall.run(Server.java:1035) [hadoop-common-3.3.1.jar:?]
	at org.apache.hadoop.ipc.Server$RpcCall.run(Server.java:963) [hadoop-common-3.3.1.jar:?]
	at java.security.AccessController.doPrivileged(Native Method) ~[?:1.8.0_332]
	at javax.security.auth.Subject.doAs(Subject.java:422) [?:1.8.0_332]
	at org.apache.hadoop.security.UserGroupInformation.doAs(UserGroupInformation.java:1878) [hadoop-common-3.3.1.jar:?]
	at org.apache.hadoop.ipc.Server$Handler.run(Server.java:2966) [hadoop-common-3.3.1.jar:?]
]]></system-out>
  </testcase>
  <testcase name="testDeleteEmptyVolume" classname="TestRootedOzoneFileSystem" time="0.352">
    <system-out><![CDATA[2022-07-27 13:54:09,510 [UnderReplicatedQueueThreadThread] INFO  replication.UnderReplicatedProcessor (UnderReplicatedProcessor.java:processAll(85)) - Processed 0 under replicated containers, failed processing 0
2022-07-27 13:54:09,512 [grpc-default-executor-0] INFO  server.RaftServer$Division (RaftServerImpl.java:requestVote(1152)) - 34ea5659-743d-4920-98aa-921f1ee7ea0c@group-450F11538100: receive requestVote(ELECTION, 05b7ade2-c08f-4f72-be79-8d526602fcb9, group-450F11538100, 2, (t:0, i:0))
2022-07-27 13:54:09,513 [grpc-default-executor-0] INFO  impl.VoteContext (VoteContext.java:log(48)) - 34ea5659-743d-4920-98aa-921f1ee7ea0c@group-450F11538100-CANDIDATE: accept ELECTION from 05b7ade2-c08f-4f72-be79-8d526602fcb9: our priority 0 <= candidate's priority 1
2022-07-27 13:54:09,513 [grpc-default-executor-0] INFO  server.RaftServer$Division (RaftServerImpl.java:setRole(299)) - 34ea5659-743d-4920-98aa-921f1ee7ea0c@group-450F11538100: changes role from CANDIDATE to FOLLOWER at term 2 for candidate:05b7ade2-c08f-4f72-be79-8d526602fcb9
2022-07-27 13:54:09,513 [grpc-default-executor-0] INFO  impl.RoleInfo (RoleInfo.java:shutdownLeaderElection(130)) - 34ea5659-743d-4920-98aa-921f1ee7ea0c: shutdown 34ea5659-743d-4920-98aa-921f1ee7ea0c@group-450F11538100-LeaderElection64
2022-07-27 13:54:09,513 [grpc-default-executor-0] INFO  impl.RoleInfo (RoleInfo.java:updateAndGet(139)) - 34ea5659-743d-4920-98aa-921f1ee7ea0c: start 34ea5659-743d-4920-98aa-921f1ee7ea0c@group-450F11538100-FollowerState
2022-07-27 13:54:09,516 [OverReplicatedQueueThreadThread] INFO  replication.OverReplicatedProcessor (OverReplicatedProcessor.java:processAll(83)) - Processed 0 over replicated containers, failed processing 0
2022-07-27 13:54:09,524 [d0f717e2-9042-4344-a562-88d1d040f01a@group-450F11538100-LeaderElection63] INFO  impl.LeaderElection (LeaderElection.java:askForVotes(310)) - d0f717e2-9042-4344-a562-88d1d040f01a@group-450F11538100-LeaderElection63 ELECTION round 0: submit vote requests at term 2 for -1: [05b7ade2-c08f-4f72-be79-8d526602fcb9|rpc:10.1.0.21:42545|dataStream:|priority:1, 34ea5659-743d-4920-98aa-921f1ee7ea0c|rpc:10.1.0.21:38521|dataStream:|priority:0, d0f717e2-9042-4344-a562-88d1d040f01a|rpc:10.1.0.21:42759|dataStream:|priority:0], old=null
2022-07-27 13:54:09,525 [grpc-default-executor-0] INFO  server.RaftServer$Division (RaftServerImpl.java:requestVote(1184)) - 34ea5659-743d-4920-98aa-921f1ee7ea0c@group-450F11538100 replies to ELECTION vote request: 05b7ade2-c08f-4f72-be79-8d526602fcb9<-34ea5659-743d-4920-98aa-921f1ee7ea0c#0:OK-t2. Peer's state: 34ea5659-743d-4920-98aa-921f1ee7ea0c@group-450F11538100:t2, leader=null, voted=05b7ade2-c08f-4f72-be79-8d526602fcb9, raftlog=34ea5659-743d-4920-98aa-921f1ee7ea0c@group-450F11538100-SegmentedRaftLog:OPENED:c-1, conf=-1: [05b7ade2-c08f-4f72-be79-8d526602fcb9|rpc:10.1.0.21:42545|priority:1, 34ea5659-743d-4920-98aa-921f1ee7ea0c|rpc:10.1.0.21:38521|priority:0, d0f717e2-9042-4344-a562-88d1d040f01a|rpc:10.1.0.21:42759|priority:0], old=null
2022-07-27 13:54:09,558 [34ea5659-743d-4920-98aa-921f1ee7ea0c@group-450F11538100-LeaderElection64] INFO  impl.LeaderElection (LeaderElection.java:run(231)) - 34ea5659-743d-4920-98aa-921f1ee7ea0c@group-450F11538100-LeaderElection64: skip running since this is already CLOSING
2022-07-27 13:54:09,610 [05b7ade2-c08f-4f72-be79-8d526602fcb9@group-450F11538100-LeaderElection62] INFO  impl.LeaderElection (LeaderElection.java:logAndReturn(90)) - 05b7ade2-c08f-4f72-be79-8d526602fcb9@group-450F11538100-LeaderElection62: ELECTION PASSED received 1 response(s) and 0 exception(s):
2022-07-27 13:54:09,611 [05b7ade2-c08f-4f72-be79-8d526602fcb9@group-450F11538100-LeaderElection62] INFO  impl.LeaderElection (LeaderElection.java:logAndReturn(94)) -   Response 0: 05b7ade2-c08f-4f72-be79-8d526602fcb9<-34ea5659-743d-4920-98aa-921f1ee7ea0c#0:OK-t2
2022-07-27 13:54:09,611 [05b7ade2-c08f-4f72-be79-8d526602fcb9@group-450F11538100-LeaderElection62] INFO  impl.LeaderElection (LeaderElection.java:askForVotes(312)) - 05b7ade2-c08f-4f72-be79-8d526602fcb9@group-450F11538100-LeaderElection62 ELECTION round 0: result PASSED
2022-07-27 13:54:09,611 [05b7ade2-c08f-4f72-be79-8d526602fcb9@group-450F11538100-LeaderElection62] INFO  impl.RoleInfo (RoleInfo.java:shutdownLeaderElection(130)) - 05b7ade2-c08f-4f72-be79-8d526602fcb9: shutdown 05b7ade2-c08f-4f72-be79-8d526602fcb9@group-450F11538100-LeaderElection62
2022-07-27 13:54:09,612 [05b7ade2-c08f-4f72-be79-8d526602fcb9@group-450F11538100-LeaderElection62] INFO  server.RaftServer$Division (RaftServerImpl.java:setRole(299)) - 05b7ade2-c08f-4f72-be79-8d526602fcb9@group-450F11538100: changes role from CANDIDATE to LEADER at term 2 for changeToLeader
2022-07-27 13:54:09,612 [05b7ade2-c08f-4f72-be79-8d526602fcb9@group-450F11538100-LeaderElection62] INFO  ratis.XceiverServerRatis (XceiverServerRatis.java:handleLeaderChangedNotification(863)) - Leader change notification received for group: group-450F11538100 with new leaderId: 05b7ade2-c08f-4f72-be79-8d526602fcb9
2022-07-27 13:54:09,612 [05b7ade2-c08f-4f72-be79-8d526602fcb9@group-450F11538100-LeaderElection62] INFO  server.RaftServer$Division (ServerState.java:setLeader(287)) - 05b7ade2-c08f-4f72-be79-8d526602fcb9@group-450F11538100: change Leader from null to 05b7ade2-c08f-4f72-be79-8d526602fcb9 at term 2 for becomeLeader, leader elected after 10471ms
2022-07-27 13:54:09,612 [05b7ade2-c08f-4f72-be79-8d526602fcb9@group-450F11538100-LeaderElection62] INFO  server.RaftServerConfigKeys (ConfUtils.java:logGet(46)) - raft.server.staging.catchup.gap = 1000 (default)
2022-07-27 13:54:09,612 [05b7ade2-c08f-4f72-be79-8d526602fcb9@group-450F11538100-LeaderElection62] INFO  server.RaftServerConfigKeys (ConfUtils.java:logGet(46)) - raft.server.write.element-limit = 1024 (custom)
2022-07-27 13:54:09,612 [05b7ade2-c08f-4f72-be79-8d526602fcb9@group-450F11538100-LeaderElection62] INFO  server.RaftServerConfigKeys (ConfUtils.java:logGet(46)) - raft.server.write.byte-limit = 1024 M (=1073741824) (custom)
2022-07-27 13:54:09,612 [05b7ade2-c08f-4f72-be79-8d526602fcb9@group-450F11538100-LeaderElection62] INFO  server.RaftServerConfigKeys (ConfUtils.java:logGet(46)) - raft.server.watch.timeout = 180s (custom)
2022-07-27 13:54:09,612 [05b7ade2-c08f-4f72-be79-8d526602fcb9@group-450F11538100-LeaderElection62] INFO  server.RaftServerConfigKeys (ConfUtils.java:logGet(46)) - raft.server.watch.timeout.denomination = 1s (default)
2022-07-27 13:54:09,613 [05b7ade2-c08f-4f72-be79-8d526602fcb9@group-450F11538100-LeaderElection62] INFO  server.RaftServerConfigKeys (ConfUtils.java:logGet(46)) - raft.server.watch.element-limit = 65536 (default)
2022-07-27 13:54:09,613 [05b7ade2-c08f-4f72-be79-8d526602fcb9@group-450F11538100-LeaderElection62] INFO  server.RaftServerConfigKeys (ConfUtils.java:logGet(46)) - raft.server.write.element-limit = 1024 (custom)
2022-07-27 13:54:09,613 [05b7ade2-c08f-4f72-be79-8d526602fcb9@group-450F11538100-LeaderElection62] INFO  server.RaftServerConfigKeys (ConfUtils.java:logGet(46)) - raft.server.write.follower.gap.ratio.max = -1.0 (default)
2022-07-27 13:54:09,613 [05b7ade2-c08f-4f72-be79-8d526602fcb9@group-450F11538100-LeaderElection62] INFO  server.RaftServerConfigKeys (ConfUtils.java:logGet(46)) - raft.server.log.appender.snapshot.chunk.size.max = 16MB (=16777216) (default)
2022-07-27 13:54:09,614 [05b7ade2-c08f-4f72-be79-8d526602fcb9@group-450F11538100-LeaderElection62] INFO  server.RaftServerConfigKeys (ConfUtils.java:logGet(46)) - raft.server.log.appender.buffer.byte-limit = 33554432 (custom)
2022-07-27 13:54:09,614 [05b7ade2-c08f-4f72-be79-8d526602fcb9@group-450F11538100-LeaderElection62] INFO  server.RaftServerConfigKeys (ConfUtils.java:logGet(46)) - raft.server.log.appender.buffer.element-limit = 1 (custom)
2022-07-27 13:54:09,614 [05b7ade2-c08f-4f72-be79-8d526602fcb9@group-450F11538100-LeaderElection62] INFO  grpc.GrpcConfigKeys (ConfUtils.java:logGet(46)) - raft.grpc.server.leader.outstanding.appends.max = 128 (default)
2022-07-27 13:54:09,614 [05b7ade2-c08f-4f72-be79-8d526602fcb9@group-450F11538100-LeaderElection62] INFO  server.RaftServerConfigKeys (ConfUtils.java:logGet(46)) - raft.server.rpc.request.timeout = 60s (custom)
2022-07-27 13:54:09,614 [05b7ade2-c08f-4f72-be79-8d526602fcb9@group-450F11538100-LeaderElection62] INFO  server.RaftServerConfigKeys (ConfUtils.java:logGet(46)) - raft.server.log.appender.install.snapshot.enabled = false (custom)
2022-07-27 13:54:09,615 [EventQueue-PipelineReportForPipelineReportHandler] INFO  pipeline.PipelineManagerImpl (PipelineManagerImpl.java:openPipeline(367)) - Pipeline Pipeline[ Id: 28197697-54f3-4890-a94b-450f11538100, Nodes: 34ea5659-743d-4920-98aa-921f1ee7ea0c{ip: 10.1.0.21, host: fv-az217-261.5fhmivlnczbevhjmk01nzrxweh.bx.internal.cloudapp.net, ports: [REPLICATION=43137, RATIS=38521, RATIS_ADMIN=38521, RATIS_SERVER=38521, STANDALONE=35343], networkLocation: /default-rack, certSerialId: null, persistedOpState: IN_SERVICE, persistedOpStateExpiryEpochSec: 0}05b7ade2-c08f-4f72-be79-8d526602fcb9{ip: 10.1.0.21, host: fv-az217-261.5fhmivlnczbevhjmk01nzrxweh.bx.internal.cloudapp.net, ports: [REPLICATION=36621, RATIS=42545, RATIS_ADMIN=42545, RATIS_SERVER=42545, STANDALONE=42317], networkLocation: /default-rack, certSerialId: null, persistedOpState: IN_SERVICE, persistedOpStateExpiryEpochSec: 0}d0f717e2-9042-4344-a562-88d1d040f01a{ip: 10.1.0.21, host: fv-az217-261.5fhmivlnczbevhjmk01nzrxweh.bx.internal.cloudapp.net, ports: [REPLICATION=44553, RATIS=42759, RATIS_ADMIN=42759, RATIS_SERVER=42759, STANDALONE=36337], networkLocation: /default-rack, certSerialId: null, persistedOpState: IN_SERVICE, persistedOpStateExpiryEpochSec: 0}, ReplicationConfig: RATIS/THREE, State:ALLOCATED, leaderId:05b7ade2-c08f-4f72-be79-8d526602fcb9, CreationTimestamp2022-07-27T13:53:57.302Z[Etc/UTC]] moved to OPEN state
2022-07-27 13:54:09,618 [grpc-default-executor-0] INFO  server.RaftServer$Division (RaftServerImpl.java:requestVote(1152)) - 05b7ade2-c08f-4f72-be79-8d526602fcb9@group-450F11538100: receive requestVote(ELECTION, d0f717e2-9042-4344-a562-88d1d040f01a, group-450F11538100, 2, (t:0, i:0))
2022-07-27 13:54:09,655 [05b7ade2-c08f-4f72-be79-8d526602fcb9@group-450F11538100-LeaderElection62] INFO  server.RaftServerConfigKeys (ConfUtils.java:logGet(46)) - raft.server.log.appender.snapshot.chunk.size.max = 16MB (=16777216) (default)
2022-07-27 13:54:09,655 [05b7ade2-c08f-4f72-be79-8d526602fcb9@group-450F11538100-LeaderElection62] INFO  server.RaftServerConfigKeys (ConfUtils.java:logGet(46)) - raft.server.log.appender.buffer.byte-limit = 33554432 (custom)
2022-07-27 13:54:09,655 [05b7ade2-c08f-4f72-be79-8d526602fcb9@group-450F11538100-LeaderElection62] INFO  server.RaftServerConfigKeys (ConfUtils.java:logGet(46)) - raft.server.log.appender.buffer.element-limit = 1 (custom)
2022-07-27 13:54:09,655 [05b7ade2-c08f-4f72-be79-8d526602fcb9@group-450F11538100-LeaderElection62] INFO  grpc.GrpcConfigKeys (ConfUtils.java:logGet(46)) - raft.grpc.server.leader.outstanding.appends.max = 128 (default)
2022-07-27 13:54:09,655 [05b7ade2-c08f-4f72-be79-8d526602fcb9@group-450F11538100-LeaderElection62] INFO  server.RaftServerConfigKeys (ConfUtils.java:logGet(46)) - raft.server.rpc.request.timeout = 60s (custom)
2022-07-27 13:54:09,655 [05b7ade2-c08f-4f72-be79-8d526602fcb9@group-450F11538100-LeaderElection62] INFO  server.RaftServerConfigKeys (ConfUtils.java:logGet(46)) - raft.server.log.appender.install.snapshot.enabled = false (custom)
2022-07-27 13:54:09,656 [05b7ade2-c08f-4f72-be79-8d526602fcb9@group-450F11538100-LeaderElection62] INFO  impl.RoleInfo (RoleInfo.java:updateAndGet(139)) - 05b7ade2-c08f-4f72-be79-8d526602fcb9: start 05b7ade2-c08f-4f72-be79-8d526602fcb9@group-450F11538100-LeaderStateImpl
2022-07-27 13:54:09,656 [05b7ade2-c08f-4f72-be79-8d526602fcb9@group-450F11538100-LeaderElection62] INFO  segmented.SegmentedRaftLogWorker (SegmentedRaftLogWorker.java:startLogSegment(425)) - 05b7ade2-c08f-4f72-be79-8d526602fcb9@group-450F11538100-SegmentedRaftLogWorker: Starting segment from index:0
2022-07-27 13:54:09,687 [grpc-default-executor-3] INFO  server.RaftServer$Division (RaftServerImpl.java:requestVote(1152)) - d0f717e2-9042-4344-a562-88d1d040f01a@group-450F11538100: receive requestVote(ELECTION, 05b7ade2-c08f-4f72-be79-8d526602fcb9, group-450F11538100, 2, (t:0, i:0))
2022-07-27 13:54:09,688 [grpc-default-executor-3] INFO  impl.VoteContext (VoteContext.java:log(48)) - d0f717e2-9042-4344-a562-88d1d040f01a@group-450F11538100-CANDIDATE: reject ELECTION from 05b7ade2-c08f-4f72-be79-8d526602fcb9: already has voted for d0f717e2-9042-4344-a562-88d1d040f01a at current term 2
2022-07-27 13:54:09,688 [grpc-default-executor-3] INFO  server.RaftServer$Division (RaftServerImpl.java:requestVote(1184)) - d0f717e2-9042-4344-a562-88d1d040f01a@group-450F11538100 replies to ELECTION vote request: 05b7ade2-c08f-4f72-be79-8d526602fcb9<-d0f717e2-9042-4344-a562-88d1d040f01a#0:FAIL-t2. Peer's state: d0f717e2-9042-4344-a562-88d1d040f01a@group-450F11538100:t2, leader=null, voted=d0f717e2-9042-4344-a562-88d1d040f01a, raftlog=d0f717e2-9042-4344-a562-88d1d040f01a@group-450F11538100-SegmentedRaftLog:OPENED:c-1, conf=-1: [05b7ade2-c08f-4f72-be79-8d526602fcb9|rpc:10.1.0.21:42545|dataStream:|priority:1, 34ea5659-743d-4920-98aa-921f1ee7ea0c|rpc:10.1.0.21:38521|dataStream:|priority:0, d0f717e2-9042-4344-a562-88d1d040f01a|rpc:10.1.0.21:42759|dataStream:|priority:0], old=null
2022-07-27 13:54:09,695 [05b7ade2-c08f-4f72-be79-8d526602fcb9@group-450F11538100-SegmentedRaftLogWorker] INFO  segmented.SegmentedRaftLogWorker (SegmentedRaftLogWorker.java:execute(629)) - 05b7ade2-c08f-4f72-be79-8d526602fcb9@group-450F11538100-SegmentedRaftLogWorker: created new log segment /home/runner/work/ozone/ozone/hadoop-ozone/integration-test/target/test-dir/MiniOzoneClusterImpl-17d54aa6-bde1-4bf1-a713-29851100816b/datanode-2/data/ratis/28197697-54f3-4890-a94b-450f11538100/current/log_inprogress_0
2022-07-27 13:54:09,719 [05b7ade2-c08f-4f72-be79-8d526602fcb9@group-450F11538100-LeaderElection62] INFO  server.RaftServer$Division (ServerState.java:setRaftConf(393)) - 05b7ade2-c08f-4f72-be79-8d526602fcb9@group-450F11538100: set configuration 0: [05b7ade2-c08f-4f72-be79-8d526602fcb9|rpc:10.1.0.21:42545|dataStream:|priority:1, 34ea5659-743d-4920-98aa-921f1ee7ea0c|rpc:10.1.0.21:38521|dataStream:|priority:0, d0f717e2-9042-4344-a562-88d1d040f01a|rpc:10.1.0.21:42759|dataStream:|priority:0], old=null
2022-07-27 13:54:09,722 [grpc-default-executor-0] INFO  impl.VoteContext (VoteContext.java:log(48)) - 05b7ade2-c08f-4f72-be79-8d526602fcb9@group-450F11538100-LEADER: reject ELECTION from d0f717e2-9042-4344-a562-88d1d040f01a: already has voted for 05b7ade2-c08f-4f72-be79-8d526602fcb9 at current term 2
2022-07-27 13:54:09,722 [grpc-default-executor-0] INFO  server.RaftServer$Division (RaftServerImpl.java:requestVote(1184)) - 05b7ade2-c08f-4f72-be79-8d526602fcb9@group-450F11538100 replies to ELECTION vote request: d0f717e2-9042-4344-a562-88d1d040f01a<-05b7ade2-c08f-4f72-be79-8d526602fcb9#0:FAIL-t2. Peer's state: 05b7ade2-c08f-4f72-be79-8d526602fcb9@group-450F11538100:t2, leader=05b7ade2-c08f-4f72-be79-8d526602fcb9, voted=05b7ade2-c08f-4f72-be79-8d526602fcb9, raftlog=05b7ade2-c08f-4f72-be79-8d526602fcb9@group-450F11538100-SegmentedRaftLog:OPENED:c0, conf=0: [05b7ade2-c08f-4f72-be79-8d526602fcb9|rpc:10.1.0.21:42545|dataStream:|priority:1, 34ea5659-743d-4920-98aa-921f1ee7ea0c|rpc:10.1.0.21:38521|dataStream:|priority:0, d0f717e2-9042-4344-a562-88d1d040f01a|rpc:10.1.0.21:42759|dataStream:|priority:0], old=null
2022-07-27 13:54:09,776 [Time-limited test] INFO  rpc.RpcClient (RpcClient.java:createVolume(467)) - Creating Volume: volume95294, with user15749 as owner and space quota set to -1 bytes, counts quota set to -1
2022-07-27 13:54:09,780 [IPC Server handler 16 on default port 41147] INFO  volume.OMVolumeCreateRequest (OMVolumeCreateRequest.java:validateAndUpdateCache(195)) - created volume:volume95294 for user:user15749
2022-07-27 13:54:09,781 [Time-limited test] INFO  rpc.RpcClient (RpcClient.java:createBucket(670)) - Creating Bucket: volume95294/bucket07437, with bucket layout LEGACY, runner as owner, Versioning false, Storage Type set to DISK and Encryption set to false 
2022-07-27 13:54:09,782 [IPC Server handler 14 on default port 41147] INFO  bucket.OMBucketCreateRequest (OMBucketCreateRequest.java:validateAndUpdateCache(260)) - created bucket: bucket07437 of layout LEGACY in volume: volume95294
2022-07-27 13:54:09,785 [Time-limited test] INFO  rpc.RpcClient (RpcClient.java:createVolume(467)) - Creating Volume: volume-41042, with runner as owner and space quota set to -1 bytes, counts quota set to -1
2022-07-27 13:54:09,785 [IPC Server handler 0 on default port 41147] INFO  volume.OMVolumeCreateRequest (OMVolumeCreateRequest.java:validateAndUpdateCache(195)) - created volume:volume-41042 for user:runner
13:54:09.792 [IPC Server handler 12 on default port 41147] ERROR OMAudit - user=runner | ip=127.0.0.1 | op=READ_VOLUME {volume=volume-41042} | ret=FAILURE
org.apache.hadoop.ozone.om.exceptions.OMException: Volume volume-41042 is not found
	at org.apache.hadoop.ozone.om.VolumeManagerImpl.getVolumeInfo(VolumeManagerImpl.java:74) ~[ozone-manager-1.3.0-SNAPSHOT.jar:?]
	at org.apache.hadoop.ozone.om.OzoneManager.getVolumeInfo(OzoneManager.java:2603) ~[ozone-manager-1.3.0-SNAPSHOT.jar:?]
	at org.apache.hadoop.ozone.protocolPB.OzoneManagerRequestHandler.infoVolume(OzoneManagerRequestHandler.java:397) ~[ozone-manager-1.3.0-SNAPSHOT.jar:?]
	at org.apache.hadoop.ozone.protocolPB.OzoneManagerRequestHandler.handleReadRequest(OzoneManagerRequestHandler.java:164) ~[ozone-manager-1.3.0-SNAPSHOT.jar:?]
	at org.apache.hadoop.ozone.protocolPB.OzoneManagerProtocolServerSideTranslatorPB.submitRequestDirectlyToOM(OzoneManagerProtocolServerSideTranslatorPB.java:276) ~[ozone-manager-1.3.0-SNAPSHOT.jar:?]
	at org.apache.hadoop.ozone.protocolPB.OzoneManagerProtocolServerSideTranslatorPB.processRequest(OzoneManagerProtocolServerSideTranslatorPB.java:205) ~[ozone-manager-1.3.0-SNAPSHOT.jar:?]
	at org.apache.hadoop.hdds.server.OzoneProtocolMessageDispatcher.processRequest(OzoneProtocolMessageDispatcher.java:87) [hdds-server-framework-1.3.0-SNAPSHOT.jar:?]
	at org.apache.hadoop.ozone.protocolPB.OzoneManagerProtocolServerSideTranslatorPB.submitRequest(OzoneManagerProtocolServerSideTranslatorPB.java:147) [ozone-manager-1.3.0-SNAPSHOT.jar:?]
	at org.apache.hadoop.ozone.protocol.proto.OzoneManagerProtocolProtos$OzoneManagerService$2.callBlockingMethod(OzoneManagerProtocolProtos.java) [ozone-interface-client-1.3.0-SNAPSHOT.jar:?]
	at org.apache.hadoop.ipc.ProtobufRpcEngine$Server.processCall(ProtobufRpcEngine.java:466) [hadoop-common-3.3.1.jar:?]
	at org.apache.hadoop.ipc.ProtobufRpcEngine2$Server$ProtoBufRpcInvoker.call(ProtobufRpcEngine2.java:574) [hadoop-common-3.3.1.jar:?]
	at org.apache.hadoop.ipc.ProtobufRpcEngine2$Server$ProtoBufRpcInvoker.call(ProtobufRpcEngine2.java:552) [hadoop-common-3.3.1.jar:?]
	at org.apache.hadoop.ipc.RPC$Server.call(RPC.java:1093) [hadoop-common-3.3.1.jar:?]
	at org.apache.hadoop.ipc.Server$RpcCall.run(Server.java:1035) [hadoop-common-3.3.1.jar:?]
	at org.apache.hadoop.ipc.Server$RpcCall.run(Server.java:963) [hadoop-common-3.3.1.jar:?]
	at java.security.AccessController.doPrivileged(Native Method) ~[?:1.8.0_332]
	at javax.security.auth.Subject.doAs(Subject.java:422) [?:1.8.0_332]
	at org.apache.hadoop.security.UserGroupInformation.doAs(UserGroupInformation.java:1878) [hadoop-common-3.3.1.jar:?]
	at org.apache.hadoop.ipc.Server$Handler.run(Server.java:2966) [hadoop-common-3.3.1.jar:?]
2022-07-27 13:54:09,803 [grpc-default-executor-2] INFO  server.RaftServer$Division (RaftServerImpl.java:requestVote(1152)) - 34ea5659-743d-4920-98aa-921f1ee7ea0c@group-450F11538100: receive requestVote(ELECTION, d0f717e2-9042-4344-a562-88d1d040f01a, group-450F11538100, 2, (t:0, i:0))
2022-07-27 13:54:09,803 [grpc-default-executor-2] INFO  impl.VoteContext (VoteContext.java:log(48)) - 34ea5659-743d-4920-98aa-921f1ee7ea0c@group-450F11538100-FOLLOWER: reject ELECTION from d0f717e2-9042-4344-a562-88d1d040f01a: already has voted for 05b7ade2-c08f-4f72-be79-8d526602fcb9 at current term 2
2022-07-27 13:54:09,803 [grpc-default-executor-2] INFO  server.RaftServer$Division (RaftServerImpl.java:requestVote(1184)) - 34ea5659-743d-4920-98aa-921f1ee7ea0c@group-450F11538100 replies to ELECTION vote request: d0f717e2-9042-4344-a562-88d1d040f01a<-34ea5659-743d-4920-98aa-921f1ee7ea0c#0:FAIL-t2. Peer's state: 34ea5659-743d-4920-98aa-921f1ee7ea0c@group-450F11538100:t2, leader=null, voted=05b7ade2-c08f-4f72-be79-8d526602fcb9, raftlog=34ea5659-743d-4920-98aa-921f1ee7ea0c@group-450F11538100-SegmentedRaftLog:OPENED:c-1, conf=-1: [05b7ade2-c08f-4f72-be79-8d526602fcb9|rpc:10.1.0.21:42545|priority:1, 34ea5659-743d-4920-98aa-921f1ee7ea0c|rpc:10.1.0.21:38521|priority:0, d0f717e2-9042-4344-a562-88d1d040f01a|rpc:10.1.0.21:42759|priority:0], old=null
2022-07-27 13:54:09,803 [34ea5659-743d-4920-98aa-921f1ee7ea0c-server-thread1] INFO  ratis.XceiverServerRatis (XceiverServerRatis.java:handleLeaderChangedNotification(863)) - Leader change notification received for group: group-450F11538100 with new leaderId: 05b7ade2-c08f-4f72-be79-8d526602fcb9
2022-07-27 13:54:09,803 [34ea5659-743d-4920-98aa-921f1ee7ea0c-server-thread1] INFO  server.RaftServer$Division (ServerState.java:setLeader(287)) - 34ea5659-743d-4920-98aa-921f1ee7ea0c@group-450F11538100: change Leader from null to 05b7ade2-c08f-4f72-be79-8d526602fcb9 at term 2 for appendEntries, leader elected after 10747ms
2022-07-27 13:54:09,804 [d0f717e2-9042-4344-a562-88d1d040f01a@group-450F11538100-LeaderElection63] INFO  impl.LeaderElection (LeaderElection.java:logAndReturn(90)) - d0f717e2-9042-4344-a562-88d1d040f01a@group-450F11538100-LeaderElection63: ELECTION REJECTED received 1 response(s) and 0 exception(s):
2022-07-27 13:54:09,804 [d0f717e2-9042-4344-a562-88d1d040f01a@group-450F11538100-LeaderElection63] INFO  impl.LeaderElection (LeaderElection.java:logAndReturn(94)) -   Response 0: d0f717e2-9042-4344-a562-88d1d040f01a<-05b7ade2-c08f-4f72-be79-8d526602fcb9#0:FAIL-t2
2022-07-27 13:54:09,804 [d0f717e2-9042-4344-a562-88d1d040f01a@group-450F11538100-LeaderElection63] INFO  impl.LeaderElection (LeaderElection.java:askForVotes(312)) - d0f717e2-9042-4344-a562-88d1d040f01a@group-450F11538100-LeaderElection63 ELECTION round 0: result REJECTED
2022-07-27 13:54:09,804 [d0f717e2-9042-4344-a562-88d1d040f01a@group-450F11538100-LeaderElection63] INFO  server.RaftServer$Division (RaftServerImpl.java:setRole(299)) - d0f717e2-9042-4344-a562-88d1d040f01a@group-450F11538100: changes role from CANDIDATE to FOLLOWER at term 2 for REJECTED
2022-07-27 13:54:09,844 [d0f717e2-9042-4344-a562-88d1d040f01a@group-450F11538100-LeaderElection63] INFO  impl.RoleInfo (RoleInfo.java:shutdownLeaderElection(130)) - d0f717e2-9042-4344-a562-88d1d040f01a: shutdown d0f717e2-9042-4344-a562-88d1d040f01a@group-450F11538100-LeaderElection63
2022-07-27 13:54:09,844 [d0f717e2-9042-4344-a562-88d1d040f01a@group-450F11538100-LeaderElection63] INFO  impl.RoleInfo (RoleInfo.java:updateAndGet(139)) - d0f717e2-9042-4344-a562-88d1d040f01a: start d0f717e2-9042-4344-a562-88d1d040f01a@group-450F11538100-FollowerState
]]></system-out>
  </testcase>
  <testcase name="testListStatusRootAndVolumeContinuation" classname="TestRootedOzoneFileSystem" time="0">
    <skipped type="org.junit.AssumptionViolatedException"><![CDATA[org.junit.AssumptionViolatedException: FS Path is enabled. Skipping this test as it is not tuned for FS Path yet
	at org.junit.Assume.assumeTrue(Assume.java:68)
	at org.apache.hadoop.fs.ozone.TestRootedOzoneFileSystem.testListStatusRootAndVolumeContinuation(TestRootedOzoneFileSystem.java:912)
	at sun.reflect.NativeMethodAccessorImpl.invoke0(Native Method)
	at sun.reflect.NativeMethodAccessorImpl.invoke(NativeMethodAccessorImpl.java:62)
	at sun.reflect.DelegatingMethodAccessorImpl.invoke(DelegatingMethodAccessorImpl.java:43)
	at java.lang.reflect.Method.invoke(Method.java:498)
	at org.junit.runners.model.FrameworkMethod$1.runReflectiveCall(FrameworkMethod.java:59)
	at org.junit.internal.runners.model.ReflectiveCallable.run(ReflectiveCallable.java:12)
	at org.junit.runners.model.FrameworkMethod.invokeExplosively(FrameworkMethod.java:56)
	at org.junit.internal.runners.statements.InvokeMethod.evaluate(InvokeMethod.java:17)
	at org.junit.internal.runners.statements.RunBefores.evaluate(RunBefores.java:26)
	at org.junit.internal.runners.statements.RunAfters.evaluate(RunAfters.java:27)
	at org.junit.internal.runners.statements.FailOnTimeout$CallableStatement.call(FailOnTimeout.java:288)
	at org.junit.internal.runners.statements.FailOnTimeout$CallableStatement.call(FailOnTimeout.java:282)
	at java.util.concurrent.FutureTask.run(FutureTask.java:266)
	at java.lang.Thread.run(Thread.java:750)
]]></skipped>
    <system-out><![CDATA[2022-07-27 13:49:18,687 [Time-limited test] INFO  rpc.RpcClient (RpcClient.java:createVolume(467)) - Creating Volume: volume21466, with user87094 as owner and space quota set to -1 bytes, counts quota set to -1
2022-07-27 13:49:18,693 [OM StateMachine ApplyTransaction Thread - 0] INFO  volume.OMVolumeCreateRequest (OMVolumeCreateRequest.java:validateAndUpdateCache(195)) - created volume:volume21466 for user:user87094
2022-07-27 13:49:18,700 [Time-limited test] INFO  rpc.RpcClient (RpcClient.java:createBucket(670)) - Creating Bucket: volume21466/bucket43311, with bucket layout LEGACY, runner as owner, Versioning false, Storage Type set to DISK and Encryption set to false 
2022-07-27 13:49:18,702 [OM StateMachine ApplyTransaction Thread - 0] INFO  bucket.OMBucketCreateRequest (OMBucketCreateRequest.java:validateAndUpdateCache(260)) - created bucket: bucket43311 of layout LEGACY in volume: volume21466
]]></system-out>
  </testcase>
  <testcase name="testListStatusRootAndVolumeContinuation" classname="TestRootedOzoneFileSystem" time="0">
    <skipped type="org.junit.AssumptionViolatedException"><![CDATA[org.junit.AssumptionViolatedException: FS Path is enabled. Skipping this test as it is not tuned for FS Path yet
	at org.junit.Assume.assumeTrue(Assume.java:68)
	at org.apache.hadoop.fs.ozone.TestRootedOzoneFileSystem.testListStatusRootAndVolumeContinuation(TestRootedOzoneFileSystem.java:912)
	at sun.reflect.NativeMethodAccessorImpl.invoke0(Native Method)
	at sun.reflect.NativeMethodAccessorImpl.invoke(NativeMethodAccessorImpl.java:62)
	at sun.reflect.DelegatingMethodAccessorImpl.invoke(DelegatingMethodAccessorImpl.java:43)
	at java.lang.reflect.Method.invoke(Method.java:498)
	at org.junit.runners.model.FrameworkMethod$1.runReflectiveCall(FrameworkMethod.java:59)
	at org.junit.internal.runners.model.ReflectiveCallable.run(ReflectiveCallable.java:12)
	at org.junit.runners.model.FrameworkMethod.invokeExplosively(FrameworkMethod.java:56)
	at org.junit.internal.runners.statements.InvokeMethod.evaluate(InvokeMethod.java:17)
	at org.junit.internal.runners.statements.RunBefores.evaluate(RunBefores.java:26)
	at org.junit.internal.runners.statements.RunAfters.evaluate(RunAfters.java:27)
	at org.junit.internal.runners.statements.FailOnTimeout$CallableStatement.call(FailOnTimeout.java:288)
	at org.junit.internal.runners.statements.FailOnTimeout$CallableStatement.call(FailOnTimeout.java:282)
	at java.util.concurrent.FutureTask.run(FutureTask.java:266)
	at java.lang.Thread.run(Thread.java:750)
]]></skipped>
    <system-out><![CDATA[2022-07-27 13:50:23,702 [Time-limited test] INFO  rpc.RpcClient (RpcClient.java:createVolume(467)) - Creating Volume: volume99070, with user54597 as owner and space quota set to -1 bytes, counts quota set to -1
2022-07-27 13:50:23,704 [OM StateMachine ApplyTransaction Thread - 0] INFO  volume.OMVolumeCreateRequest (OMVolumeCreateRequest.java:validateAndUpdateCache(195)) - created volume:volume99070 for user:user54597
2022-07-27 13:50:23,706 [Time-limited test] INFO  rpc.RpcClient (RpcClient.java:createBucket(670)) - Creating Bucket: volume99070/bucket20017, with bucket layout LEGACY, runner as owner, Versioning false, Storage Type set to DISK and Encryption set to false 
2022-07-27 13:50:23,707 [OM StateMachine ApplyTransaction Thread - 0] INFO  bucket.OMBucketCreateRequest (OMBucketCreateRequest.java:validateAndUpdateCache(260)) - created bucket: bucket20017 of layout LEGACY in volume: volume99070
]]></system-out>
  </testcase>
  <testcase name="testListStatusRootAndVolumeContinuation" classname="TestRootedOzoneFileSystem" time="0">
    <skipped type="org.junit.AssumptionViolatedException"><![CDATA[org.junit.AssumptionViolatedException: FS Path is enabled. Skipping this test as it is not tuned for FS Path yet
	at org.junit.Assume.assumeTrue(Assume.java:68)
	at org.apache.hadoop.fs.ozone.TestRootedOzoneFileSystem.testListStatusRootAndVolumeContinuation(TestRootedOzoneFileSystem.java:912)
	at sun.reflect.NativeMethodAccessorImpl.invoke0(Native Method)
	at sun.reflect.NativeMethodAccessorImpl.invoke(NativeMethodAccessorImpl.java:62)
	at sun.reflect.DelegatingMethodAccessorImpl.invoke(DelegatingMethodAccessorImpl.java:43)
	at java.lang.reflect.Method.invoke(Method.java:498)
	at org.junit.runners.model.FrameworkMethod$1.runReflectiveCall(FrameworkMethod.java:59)
	at org.junit.internal.runners.model.ReflectiveCallable.run(ReflectiveCallable.java:12)
	at org.junit.runners.model.FrameworkMethod.invokeExplosively(FrameworkMethod.java:56)
	at org.junit.internal.runners.statements.InvokeMethod.evaluate(InvokeMethod.java:17)
	at org.junit.internal.runners.statements.RunBefores.evaluate(RunBefores.java:26)
	at org.junit.internal.runners.statements.RunAfters.evaluate(RunAfters.java:27)
	at org.junit.internal.runners.statements.FailOnTimeout$CallableStatement.call(FailOnTimeout.java:288)
	at org.junit.internal.runners.statements.FailOnTimeout$CallableStatement.call(FailOnTimeout.java:282)
	at java.util.concurrent.FutureTask.run(FutureTask.java:266)
	at java.lang.Thread.run(Thread.java:750)
]]></skipped>
    <system-out><![CDATA[2022-07-27 13:51:33,121 [Time-limited test] INFO  rpc.RpcClient (RpcClient.java:createVolume(467)) - Creating Volume: volume31249, with user41760 as owner and space quota set to -1 bytes, counts quota set to -1
2022-07-27 13:51:33,122 [IPC Server handler 14 on default port 45285] INFO  volume.OMVolumeCreateRequest (OMVolumeCreateRequest.java:validateAndUpdateCache(195)) - created volume:volume31249 for user:user41760
2022-07-27 13:51:33,127 [Time-limited test] INFO  rpc.RpcClient (RpcClient.java:createBucket(670)) - Creating Bucket: volume31249/bucket65358, with bucket layout LEGACY, runner as owner, Versioning false, Storage Type set to DISK and Encryption set to false 
2022-07-27 13:51:33,128 [IPC Server handler 16 on default port 45285] INFO  bucket.OMBucketCreateRequest (OMBucketCreateRequest.java:validateAndUpdateCache(260)) - created bucket: bucket65358 of layout LEGACY in volume: volume31249
]]></system-out>
  </testcase>
  <testcase name="testListStatusRootAndVolumeContinuation" classname="TestRootedOzoneFileSystem" time="1.484">
    <system-out><![CDATA[2022-07-27 13:52:49,475 [Time-limited test] INFO  rpc.RpcClient (RpcClient.java:createVolume(467)) - Creating Volume: volume12524, with user38185 as owner and space quota set to -1 bytes, counts quota set to -1
2022-07-27 13:52:49,480 [OM StateMachine ApplyTransaction Thread - 0] INFO  volume.OMVolumeCreateRequest (OMVolumeCreateRequest.java:validateAndUpdateCache(195)) - created volume:volume12524 for user:user38185
2022-07-27 13:52:49,503 [Time-limited test] INFO  rpc.RpcClient (RpcClient.java:createBucket(670)) - Creating Bucket: volume12524/bucket82760, with bucket layout LEGACY, runner as owner, Versioning false, Storage Type set to DISK and Encryption set to false 
2022-07-27 13:52:49,505 [OM StateMachine ApplyTransaction Thread - 0] INFO  bucket.OMBucketCreateRequest (OMBucketCreateRequest.java:validateAndUpdateCache(260)) - created bucket: bucket82760 of layout LEGACY in volume: volume12524
13:52:49.511 [IPC Server handler 6 on default port 34829] ERROR OMAudit - user=runner | ip=127.0.0.1 | op=READ_BUCKET {volume=volume-96576, bucket=bucket-66471} | ret=FAILURE
org.apache.hadoop.ozone.om.exceptions.OMException: Volume not found when getting bucket info
	at org.apache.hadoop.ozone.om.BucketManagerImpl.getBucketInfo(BucketManagerImpl.java:127) ~[ozone-manager-1.3.0-SNAPSHOT.jar:?]
	at org.apache.hadoop.ozone.om.OzoneManager.getBucketInfo(OzoneManager.java:2779) ~[ozone-manager-1.3.0-SNAPSHOT.jar:?]
	at org.apache.hadoop.ozone.protocolPB.OzoneManagerRequestHandler.infoBucket(OzoneManagerRequestHandler.java:471) ~[ozone-manager-1.3.0-SNAPSHOT.jar:?]
	at org.apache.hadoop.ozone.protocolPB.OzoneManagerRequestHandler.handleReadRequest(OzoneManagerRequestHandler.java:174) ~[ozone-manager-1.3.0-SNAPSHOT.jar:?]
	at org.apache.hadoop.ozone.protocolPB.OzoneManagerProtocolServerSideTranslatorPB.submitReadRequestToOM(OzoneManagerProtocolServerSideTranslatorPB.java:226) ~[ozone-manager-1.3.0-SNAPSHOT.jar:?]
	at org.apache.hadoop.ozone.protocolPB.OzoneManagerProtocolServerSideTranslatorPB.processRequest(OzoneManagerProtocolServerSideTranslatorPB.java:175) ~[ozone-manager-1.3.0-SNAPSHOT.jar:?]
	at org.apache.hadoop.hdds.server.OzoneProtocolMessageDispatcher.processRequest(OzoneProtocolMessageDispatcher.java:87) [hdds-server-framework-1.3.0-SNAPSHOT.jar:?]
	at org.apache.hadoop.ozone.protocolPB.OzoneManagerProtocolServerSideTranslatorPB.submitRequest(OzoneManagerProtocolServerSideTranslatorPB.java:147) [ozone-manager-1.3.0-SNAPSHOT.jar:?]
	at org.apache.hadoop.ozone.protocol.proto.OzoneManagerProtocolProtos$OzoneManagerService$2.callBlockingMethod(OzoneManagerProtocolProtos.java) [ozone-interface-client-1.3.0-SNAPSHOT.jar:?]
	at org.apache.hadoop.ipc.ProtobufRpcEngine$Server.processCall(ProtobufRpcEngine.java:466) [hadoop-common-3.3.1.jar:?]
	at org.apache.hadoop.ipc.ProtobufRpcEngine2$Server$ProtoBufRpcInvoker.call(ProtobufRpcEngine2.java:574) [hadoop-common-3.3.1.jar:?]
	at org.apache.hadoop.ipc.ProtobufRpcEngine2$Server$ProtoBufRpcInvoker.call(ProtobufRpcEngine2.java:552) [hadoop-common-3.3.1.jar:?]
	at org.apache.hadoop.ipc.RPC$Server.call(RPC.java:1093) [hadoop-common-3.3.1.jar:?]
	at org.apache.hadoop.ipc.Server$RpcCall.run(Server.java:1035) [hadoop-common-3.3.1.jar:?]
	at org.apache.hadoop.ipc.Server$RpcCall.run(Server.java:963) [hadoop-common-3.3.1.jar:?]
	at java.security.AccessController.doPrivileged(Native Method) ~[?:1.8.0_332]
	at javax.security.auth.Subject.doAs(Subject.java:422) [?:1.8.0_332]
	at org.apache.hadoop.security.UserGroupInformation.doAs(UserGroupInformation.java:1878) [hadoop-common-3.3.1.jar:?]
	at org.apache.hadoop.ipc.Server$Handler.run(Server.java:2966) [hadoop-common-3.3.1.jar:?]
2022-07-27 13:52:49,512 [Time-limited test] INFO  rpc.RpcClient (RpcClient.java:createVolume(467)) - Creating Volume: volume-96576, with runner as owner and space quota set to -1 bytes, counts quota set to -1
2022-07-27 13:52:49,513 [OM StateMachine ApplyTransaction Thread - 0] INFO  volume.OMVolumeCreateRequest (OMVolumeCreateRequest.java:validateAndUpdateCache(195)) - created volume:volume-96576 for user:runner
2022-07-27 13:52:49,515 [Time-limited test] INFO  rpc.RpcClient (RpcClient.java:createBucket(670)) - Creating Bucket: volume-96576/bucket-66471, with bucket layout LEGACY, runner as owner, Versioning false, Storage Type set to DISK and Encryption set to false 
2022-07-27 13:52:49,516 [OM StateMachine ApplyTransaction Thread - 0] INFO  bucket.OMBucketCreateRequest (OMBucketCreateRequest.java:validateAndUpdateCache(260)) - created bucket: bucket-66471 of layout LEGACY in volume: volume-96576
2022-07-27 13:52:49,618 [300bc6a6-ac9b-494f-ba5e-9b5cd40f574a@group-4AB8ADFB4942-FollowerState] INFO  impl.FollowerState (FollowerState.java:run(143)) - 300bc6a6-ac9b-494f-ba5e-9b5cd40f574a@group-4AB8ADFB4942-FollowerState: change to CANDIDATE, lastRpcElapsedTime:5116221144ns, electionTimeout:5055ms
2022-07-27 13:52:49,618 [300bc6a6-ac9b-494f-ba5e-9b5cd40f574a@group-4AB8ADFB4942-FollowerState] INFO  impl.RoleInfo (RoleInfo.java:shutdownFollowerState(110)) - 300bc6a6-ac9b-494f-ba5e-9b5cd40f574a: shutdown 300bc6a6-ac9b-494f-ba5e-9b5cd40f574a@group-4AB8ADFB4942-FollowerState
2022-07-27 13:52:49,618 [300bc6a6-ac9b-494f-ba5e-9b5cd40f574a@group-4AB8ADFB4942-FollowerState] INFO  server.RaftServer$Division (RaftServerImpl.java:setRole(299)) - 300bc6a6-ac9b-494f-ba5e-9b5cd40f574a@group-4AB8ADFB4942: changes role from  FOLLOWER to CANDIDATE at term 2 for changeToCandidate
2022-07-27 13:52:49,645 [300bc6a6-ac9b-494f-ba5e-9b5cd40f574a@group-4AB8ADFB4942-FollowerState] INFO  server.RaftServerConfigKeys (ConfUtils.java:logGet(46)) - raft.server.leaderelection.pre-vote = false (custom)
2022-07-27 13:52:49,646 [300bc6a6-ac9b-494f-ba5e-9b5cd40f574a@group-4AB8ADFB4942-FollowerState] INFO  impl.RoleInfo (RoleInfo.java:updateAndGet(139)) - 300bc6a6-ac9b-494f-ba5e-9b5cd40f574a: start 300bc6a6-ac9b-494f-ba5e-9b5cd40f574a@group-4AB8ADFB4942-LeaderElection48
2022-07-27 13:52:49,690 [300bc6a6-ac9b-494f-ba5e-9b5cd40f574a@group-4AB8ADFB4942-LeaderElection48] INFO  impl.LeaderElection (LeaderElection.java:askForVotes(310)) - 300bc6a6-ac9b-494f-ba5e-9b5cd40f574a@group-4AB8ADFB4942-LeaderElection48 ELECTION round 0: submit vote requests at term 3 for -1: [300bc6a6-ac9b-494f-ba5e-9b5cd40f574a|rpc:10.1.0.21:35611|priority:0, 58deb1ea-3cfa-40e5-9635-0b83604fd255|rpc:10.1.0.21:32883|priority:0, ddca7a03-388a-498e-af9c-b33aa01d2ce7|rpc:10.1.0.21:36561|priority:1], old=null
2022-07-27 13:52:49,768 [grpc-default-executor-3] INFO  server.RaftServer$Division (RaftServerImpl.java:requestVote(1152)) - 58deb1ea-3cfa-40e5-9635-0b83604fd255@group-4AB8ADFB4942: receive requestVote(ELECTION, 300bc6a6-ac9b-494f-ba5e-9b5cd40f574a, group-4AB8ADFB4942, 3, (t:0, i:0))
2022-07-27 13:52:49,768 [grpc-default-executor-3] INFO  impl.VoteContext (VoteContext.java:log(48)) - 58deb1ea-3cfa-40e5-9635-0b83604fd255@group-4AB8ADFB4942-FOLLOWER: accept ELECTION from 300bc6a6-ac9b-494f-ba5e-9b5cd40f574a: our priority 0 <= candidate's priority 0
2022-07-27 13:52:49,768 [grpc-default-executor-3] INFO  server.RaftServer$Division (RaftServerImpl.java:setRole(299)) - 58deb1ea-3cfa-40e5-9635-0b83604fd255@group-4AB8ADFB4942: changes role from  FOLLOWER to FOLLOWER at term 3 for candidate:300bc6a6-ac9b-494f-ba5e-9b5cd40f574a
2022-07-27 13:52:49,772 [grpc-default-executor-3] INFO  impl.RoleInfo (RoleInfo.java:shutdownFollowerState(110)) - 58deb1ea-3cfa-40e5-9635-0b83604fd255: shutdown 58deb1ea-3cfa-40e5-9635-0b83604fd255@group-4AB8ADFB4942-FollowerState
2022-07-27 13:52:49,772 [grpc-default-executor-3] INFO  impl.RoleInfo (RoleInfo.java:updateAndGet(139)) - 58deb1ea-3cfa-40e5-9635-0b83604fd255: start 58deb1ea-3cfa-40e5-9635-0b83604fd255@group-4AB8ADFB4942-FollowerState
2022-07-27 13:52:49,772 [58deb1ea-3cfa-40e5-9635-0b83604fd255@group-4AB8ADFB4942-FollowerState] INFO  impl.FollowerState (FollowerState.java:run(152)) - 58deb1ea-3cfa-40e5-9635-0b83604fd255@group-4AB8ADFB4942-FollowerState was interrupted
2022-07-27 13:52:49,772 [grpc-default-executor-0] INFO  server.RaftServer$Division (RaftServerImpl.java:requestVote(1152)) - ddca7a03-388a-498e-af9c-b33aa01d2ce7@group-4AB8ADFB4942: receive requestVote(ELECTION, 300bc6a6-ac9b-494f-ba5e-9b5cd40f574a, group-4AB8ADFB4942, 3, (t:0, i:0))
2022-07-27 13:52:49,772 [grpc-default-executor-0] INFO  impl.VoteContext (VoteContext.java:log(48)) - ddca7a03-388a-498e-af9c-b33aa01d2ce7@group-4AB8ADFB4942-FOLLOWER: reject ELECTION from 300bc6a6-ac9b-494f-ba5e-9b5cd40f574a: our priority 1 > candidate's priority 0
2022-07-27 13:52:49,772 [grpc-default-executor-0] INFO  server.RaftServer$Division (RaftServerImpl.java:setRole(299)) - ddca7a03-388a-498e-af9c-b33aa01d2ce7@group-4AB8ADFB4942: changes role from  FOLLOWER to FOLLOWER at term 3 for candidate:300bc6a6-ac9b-494f-ba5e-9b5cd40f574a
2022-07-27 13:52:49,772 [grpc-default-executor-0] INFO  impl.RoleInfo (RoleInfo.java:shutdownFollowerState(110)) - ddca7a03-388a-498e-af9c-b33aa01d2ce7: shutdown ddca7a03-388a-498e-af9c-b33aa01d2ce7@group-4AB8ADFB4942-FollowerState
2022-07-27 13:52:49,779 [grpc-default-executor-3] INFO  server.RaftServer$Division (RaftServerImpl.java:requestVote(1184)) - 58deb1ea-3cfa-40e5-9635-0b83604fd255@group-4AB8ADFB4942 replies to ELECTION vote request: 300bc6a6-ac9b-494f-ba5e-9b5cd40f574a<-58deb1ea-3cfa-40e5-9635-0b83604fd255#0:OK-t3. Peer's state: 58deb1ea-3cfa-40e5-9635-0b83604fd255@group-4AB8ADFB4942:t3, leader=null, voted=300bc6a6-ac9b-494f-ba5e-9b5cd40f574a, raftlog=58deb1ea-3cfa-40e5-9635-0b83604fd255@group-4AB8ADFB4942-SegmentedRaftLog:OPENED:c-1, conf=-1: [300bc6a6-ac9b-494f-ba5e-9b5cd40f574a|rpc:10.1.0.21:35611|dataStream:|priority:0, 58deb1ea-3cfa-40e5-9635-0b83604fd255|rpc:10.1.0.21:32883|dataStream:|priority:0, ddca7a03-388a-498e-af9c-b33aa01d2ce7|rpc:10.1.0.21:36561|dataStream:|priority:1], old=null
2022-07-27 13:52:49,807 [ddca7a03-388a-498e-af9c-b33aa01d2ce7@group-4AB8ADFB4942-FollowerState] INFO  impl.FollowerState (FollowerState.java:run(152)) - ddca7a03-388a-498e-af9c-b33aa01d2ce7@group-4AB8ADFB4942-FollowerState was interrupted
2022-07-27 13:52:49,807 [grpc-default-executor-0] INFO  impl.RoleInfo (RoleInfo.java:updateAndGet(139)) - ddca7a03-388a-498e-af9c-b33aa01d2ce7: start ddca7a03-388a-498e-af9c-b33aa01d2ce7@group-4AB8ADFB4942-FollowerState
2022-07-27 13:52:49,858 [grpc-default-executor-0] INFO  server.RaftServer$Division (RaftServerImpl.java:requestVote(1184)) - ddca7a03-388a-498e-af9c-b33aa01d2ce7@group-4AB8ADFB4942 replies to ELECTION vote request: 300bc6a6-ac9b-494f-ba5e-9b5cd40f574a<-ddca7a03-388a-498e-af9c-b33aa01d2ce7#0:FAIL-t3. Peer's state: ddca7a03-388a-498e-af9c-b33aa01d2ce7@group-4AB8ADFB4942:t3, leader=null, voted=null, raftlog=ddca7a03-388a-498e-af9c-b33aa01d2ce7@group-4AB8ADFB4942-SegmentedRaftLog:OPENED:c-1, conf=-1: [300bc6a6-ac9b-494f-ba5e-9b5cd40f574a|rpc:10.1.0.21:35611|dataStream:|priority:0, 58deb1ea-3cfa-40e5-9635-0b83604fd255|rpc:10.1.0.21:32883|dataStream:|priority:0, ddca7a03-388a-498e-af9c-b33aa01d2ce7|rpc:10.1.0.21:36561|dataStream:|priority:1], old=null
2022-07-27 13:52:49,863 [300bc6a6-ac9b-494f-ba5e-9b5cd40f574a@group-4AB8ADFB4942-LeaderElection48] INFO  impl.LeaderElection (LeaderElection.java:logAndReturn(90)) - 300bc6a6-ac9b-494f-ba5e-9b5cd40f574a@group-4AB8ADFB4942-LeaderElection48: ELECTION REJECTED received 2 response(s) and 0 exception(s):
2022-07-27 13:52:49,864 [300bc6a6-ac9b-494f-ba5e-9b5cd40f574a@group-4AB8ADFB4942-LeaderElection48] INFO  impl.LeaderElection (LeaderElection.java:logAndReturn(94)) -   Response 0: 300bc6a6-ac9b-494f-ba5e-9b5cd40f574a<-58deb1ea-3cfa-40e5-9635-0b83604fd255#0:OK-t3
2022-07-27 13:52:49,864 [300bc6a6-ac9b-494f-ba5e-9b5cd40f574a@group-4AB8ADFB4942-LeaderElection48] INFO  impl.LeaderElection (LeaderElection.java:logAndReturn(94)) -   Response 1: 300bc6a6-ac9b-494f-ba5e-9b5cd40f574a<-ddca7a03-388a-498e-af9c-b33aa01d2ce7#0:FAIL-t3
2022-07-27 13:52:49,864 [300bc6a6-ac9b-494f-ba5e-9b5cd40f574a@group-4AB8ADFB4942-LeaderElection48] INFO  impl.LeaderElection (LeaderElection.java:askForVotes(312)) - 300bc6a6-ac9b-494f-ba5e-9b5cd40f574a@group-4AB8ADFB4942-LeaderElection48 ELECTION round 0: result REJECTED
2022-07-27 13:52:49,864 [300bc6a6-ac9b-494f-ba5e-9b5cd40f574a@group-4AB8ADFB4942-LeaderElection48] INFO  server.RaftServer$Division (RaftServerImpl.java:setRole(299)) - 300bc6a6-ac9b-494f-ba5e-9b5cd40f574a@group-4AB8ADFB4942: changes role from CANDIDATE to FOLLOWER at term 3 for REJECTED
2022-07-27 13:52:49,864 [300bc6a6-ac9b-494f-ba5e-9b5cd40f574a@group-4AB8ADFB4942-LeaderElection48] INFO  impl.RoleInfo (RoleInfo.java:shutdownLeaderElection(130)) - 300bc6a6-ac9b-494f-ba5e-9b5cd40f574a: shutdown 300bc6a6-ac9b-494f-ba5e-9b5cd40f574a@group-4AB8ADFB4942-LeaderElection48
2022-07-27 13:52:49,864 [300bc6a6-ac9b-494f-ba5e-9b5cd40f574a@group-4AB8ADFB4942-LeaderElection48] INFO  impl.RoleInfo (RoleInfo.java:updateAndGet(139)) - 300bc6a6-ac9b-494f-ba5e-9b5cd40f574a: start 300bc6a6-ac9b-494f-ba5e-9b5cd40f574a@group-4AB8ADFB4942-FollowerState
13:52:49.897 [IPC Server handler 13 on default port 34829] ERROR OMAudit - user=runner | ip=127.0.0.1 | op=READ_BUCKET {volume=volume-17527, bucket=bucket-08328} | ret=FAILURE
org.apache.hadoop.ozone.om.exceptions.OMException: Volume not found when getting bucket info
	at org.apache.hadoop.ozone.om.BucketManagerImpl.getBucketInfo(BucketManagerImpl.java:127) ~[ozone-manager-1.3.0-SNAPSHOT.jar:?]
	at org.apache.hadoop.ozone.om.OzoneManager.getBucketInfo(OzoneManager.java:2779) ~[ozone-manager-1.3.0-SNAPSHOT.jar:?]
	at org.apache.hadoop.ozone.protocolPB.OzoneManagerRequestHandler.infoBucket(OzoneManagerRequestHandler.java:471) ~[ozone-manager-1.3.0-SNAPSHOT.jar:?]
	at org.apache.hadoop.ozone.protocolPB.OzoneManagerRequestHandler.handleReadRequest(OzoneManagerRequestHandler.java:174) ~[ozone-manager-1.3.0-SNAPSHOT.jar:?]
	at org.apache.hadoop.ozone.protocolPB.OzoneManagerProtocolServerSideTranslatorPB.submitReadRequestToOM(OzoneManagerProtocolServerSideTranslatorPB.java:226) ~[ozone-manager-1.3.0-SNAPSHOT.jar:?]
	at org.apache.hadoop.ozone.protocolPB.OzoneManagerProtocolServerSideTranslatorPB.processRequest(OzoneManagerProtocolServerSideTranslatorPB.java:175) ~[ozone-manager-1.3.0-SNAPSHOT.jar:?]
	at org.apache.hadoop.hdds.server.OzoneProtocolMessageDispatcher.processRequest(OzoneProtocolMessageDispatcher.java:87) [hdds-server-framework-1.3.0-SNAPSHOT.jar:?]
	at org.apache.hadoop.ozone.protocolPB.OzoneManagerProtocolServerSideTranslatorPB.submitRequest(OzoneManagerProtocolServerSideTranslatorPB.java:147) [ozone-manager-1.3.0-SNAPSHOT.jar:?]
	at org.apache.hadoop.ozone.protocol.proto.OzoneManagerProtocolProtos$OzoneManagerService$2.callBlockingMethod(OzoneManagerProtocolProtos.java) [ozone-interface-client-1.3.0-SNAPSHOT.jar:?]
	at org.apache.hadoop.ipc.ProtobufRpcEngine$Server.processCall(ProtobufRpcEngine.java:466) [hadoop-common-3.3.1.jar:?]
	at org.apache.hadoop.ipc.ProtobufRpcEngine2$Server$ProtoBufRpcInvoker.call(ProtobufRpcEngine2.java:574) [hadoop-common-3.3.1.jar:?]
	at org.apache.hadoop.ipc.ProtobufRpcEngine2$Server$ProtoBufRpcInvoker.call(ProtobufRpcEngine2.java:552) [hadoop-common-3.3.1.jar:?]
	at org.apache.hadoop.ipc.RPC$Server.call(RPC.java:1093) [hadoop-common-3.3.1.jar:?]
	at org.apache.hadoop.ipc.Server$RpcCall.run(Server.java:1035) [hadoop-common-3.3.1.jar:?]
	at org.apache.hadoop.ipc.Server$RpcCall.run(Server.java:963) [hadoop-common-3.3.1.jar:?]
	at java.security.AccessController.doPrivileged(Native Method) ~[?:1.8.0_332]
	at javax.security.auth.Subject.doAs(Subject.java:422) [?:1.8.0_332]
	at org.apache.hadoop.security.UserGroupInformation.doAs(UserGroupInformation.java:1878) [hadoop-common-3.3.1.jar:?]
	at org.apache.hadoop.ipc.Server$Handler.run(Server.java:2966) [hadoop-common-3.3.1.jar:?]
2022-07-27 13:52:49,898 [Time-limited test] INFO  rpc.RpcClient (RpcClient.java:createVolume(467)) - Creating Volume: volume-17527, with runner as owner and space quota set to -1 bytes, counts quota set to -1
2022-07-27 13:52:49,899 [OM StateMachine ApplyTransaction Thread - 0] INFO  volume.OMVolumeCreateRequest (OMVolumeCreateRequest.java:validateAndUpdateCache(195)) - created volume:volume-17527 for user:runner
2022-07-27 13:52:49,903 [Time-limited test] INFO  rpc.RpcClient (RpcClient.java:createBucket(670)) - Creating Bucket: volume-17527/bucket-08328, with bucket layout LEGACY, runner as owner, Versioning false, Storage Type set to DISK and Encryption set to false 
2022-07-27 13:52:49,907 [OM StateMachine ApplyTransaction Thread - 0] INFO  bucket.OMBucketCreateRequest (OMBucketCreateRequest.java:validateAndUpdateCache(260)) - created bucket: bucket-08328 of layout LEGACY in volume: volume-17527
13:52:50.026 [IPC Server handler 9 on default port 34829] ERROR OMAudit - user=runner | ip=127.0.0.1 | op=READ_BUCKET {volume=volume-01871, bucket=bucket-45485} | ret=FAILURE
org.apache.hadoop.ozone.om.exceptions.OMException: Volume not found when getting bucket info
	at org.apache.hadoop.ozone.om.BucketManagerImpl.getBucketInfo(BucketManagerImpl.java:127) ~[ozone-manager-1.3.0-SNAPSHOT.jar:?]
	at org.apache.hadoop.ozone.om.OzoneManager.getBucketInfo(OzoneManager.java:2779) ~[ozone-manager-1.3.0-SNAPSHOT.jar:?]
	at org.apache.hadoop.ozone.protocolPB.OzoneManagerRequestHandler.infoBucket(OzoneManagerRequestHandler.java:471) ~[ozone-manager-1.3.0-SNAPSHOT.jar:?]
	at org.apache.hadoop.ozone.protocolPB.OzoneManagerRequestHandler.handleReadRequest(OzoneManagerRequestHandler.java:174) ~[ozone-manager-1.3.0-SNAPSHOT.jar:?]
	at org.apache.hadoop.ozone.protocolPB.OzoneManagerProtocolServerSideTranslatorPB.submitReadRequestToOM(OzoneManagerProtocolServerSideTranslatorPB.java:226) ~[ozone-manager-1.3.0-SNAPSHOT.jar:?]
	at org.apache.hadoop.ozone.protocolPB.OzoneManagerProtocolServerSideTranslatorPB.processRequest(OzoneManagerProtocolServerSideTranslatorPB.java:175) ~[ozone-manager-1.3.0-SNAPSHOT.jar:?]
	at org.apache.hadoop.hdds.server.OzoneProtocolMessageDispatcher.processRequest(OzoneProtocolMessageDispatcher.java:87) [hdds-server-framework-1.3.0-SNAPSHOT.jar:?]
	at org.apache.hadoop.ozone.protocolPB.OzoneManagerProtocolServerSideTranslatorPB.submitRequest(OzoneManagerProtocolServerSideTranslatorPB.java:147) [ozone-manager-1.3.0-SNAPSHOT.jar:?]
	at org.apache.hadoop.ozone.protocol.proto.OzoneManagerProtocolProtos$OzoneManagerService$2.callBlockingMethod(OzoneManagerProtocolProtos.java) [ozone-interface-client-1.3.0-SNAPSHOT.jar:?]
	at org.apache.hadoop.ipc.ProtobufRpcEngine$Server.processCall(ProtobufRpcEngine.java:466) [hadoop-common-3.3.1.jar:?]
	at org.apache.hadoop.ipc.ProtobufRpcEngine2$Server$ProtoBufRpcInvoker.call(ProtobufRpcEngine2.java:574) [hadoop-common-3.3.1.jar:?]
	at org.apache.hadoop.ipc.ProtobufRpcEngine2$Server$ProtoBufRpcInvoker.call(ProtobufRpcEngine2.java:552) [hadoop-common-3.3.1.jar:?]
	at org.apache.hadoop.ipc.RPC$Server.call(RPC.java:1093) [hadoop-common-3.3.1.jar:?]
	at org.apache.hadoop.ipc.Server$RpcCall.run(Server.java:1035) [hadoop-common-3.3.1.jar:?]
	at org.apache.hadoop.ipc.Server$RpcCall.run(Server.java:963) [hadoop-common-3.3.1.jar:?]
	at java.security.AccessController.doPrivileged(Native Method) ~[?:1.8.0_332]
	at javax.security.auth.Subject.doAs(Subject.java:422) [?:1.8.0_332]
	at org.apache.hadoop.security.UserGroupInformation.doAs(UserGroupInformation.java:1878) [hadoop-common-3.3.1.jar:?]
	at org.apache.hadoop.ipc.Server$Handler.run(Server.java:2966) [hadoop-common-3.3.1.jar:?]
2022-07-27 13:52:50,027 [Time-limited test] INFO  rpc.RpcClient (RpcClient.java:createVolume(467)) - Creating Volume: volume-01871, with runner as owner and space quota set to -1 bytes, counts quota set to -1
2022-07-27 13:52:50,034 [OM StateMachine ApplyTransaction Thread - 0] INFO  volume.OMVolumeCreateRequest (OMVolumeCreateRequest.java:validateAndUpdateCache(195)) - created volume:volume-01871 for user:runner
2022-07-27 13:52:50,043 [Time-limited test] INFO  rpc.RpcClient (RpcClient.java:createBucket(670)) - Creating Bucket: volume-01871/bucket-45485, with bucket layout LEGACY, runner as owner, Versioning false, Storage Type set to DISK and Encryption set to false 
2022-07-27 13:52:50,045 [OM StateMachine ApplyTransaction Thread - 0] INFO  bucket.OMBucketCreateRequest (OMBucketCreateRequest.java:validateAndUpdateCache(260)) - created bucket: bucket-45485 of layout LEGACY in volume: volume-01871
13:52:50.258 [IPC Server handler 4 on default port 34829] ERROR OMAudit - user=runner | ip=127.0.0.1 | op=READ_BUCKET {volume=volume-48138, bucket=bucket-38498} | ret=FAILURE
org.apache.hadoop.ozone.om.exceptions.OMException: Volume not found when getting bucket info
	at org.apache.hadoop.ozone.om.BucketManagerImpl.getBucketInfo(BucketManagerImpl.java:127) ~[ozone-manager-1.3.0-SNAPSHOT.jar:?]
	at org.apache.hadoop.ozone.om.OzoneManager.getBucketInfo(OzoneManager.java:2779) ~[ozone-manager-1.3.0-SNAPSHOT.jar:?]
	at org.apache.hadoop.ozone.protocolPB.OzoneManagerRequestHandler.infoBucket(OzoneManagerRequestHandler.java:471) ~[ozone-manager-1.3.0-SNAPSHOT.jar:?]
	at org.apache.hadoop.ozone.protocolPB.OzoneManagerRequestHandler.handleReadRequest(OzoneManagerRequestHandler.java:174) ~[ozone-manager-1.3.0-SNAPSHOT.jar:?]
	at org.apache.hadoop.ozone.protocolPB.OzoneManagerProtocolServerSideTranslatorPB.submitReadRequestToOM(OzoneManagerProtocolServerSideTranslatorPB.java:226) ~[ozone-manager-1.3.0-SNAPSHOT.jar:?]
	at org.apache.hadoop.ozone.protocolPB.OzoneManagerProtocolServerSideTranslatorPB.processRequest(OzoneManagerProtocolServerSideTranslatorPB.java:175) ~[ozone-manager-1.3.0-SNAPSHOT.jar:?]
	at org.apache.hadoop.hdds.server.OzoneProtocolMessageDispatcher.processRequest(OzoneProtocolMessageDispatcher.java:87) [hdds-server-framework-1.3.0-SNAPSHOT.jar:?]
	at org.apache.hadoop.ozone.protocolPB.OzoneManagerProtocolServerSideTranslatorPB.submitRequest(OzoneManagerProtocolServerSideTranslatorPB.java:147) [ozone-manager-1.3.0-SNAPSHOT.jar:?]
	at org.apache.hadoop.ozone.protocol.proto.OzoneManagerProtocolProtos$OzoneManagerService$2.callBlockingMethod(OzoneManagerProtocolProtos.java) [ozone-interface-client-1.3.0-SNAPSHOT.jar:?]
	at org.apache.hadoop.ipc.ProtobufRpcEngine$Server.processCall(ProtobufRpcEngine.java:466) [hadoop-common-3.3.1.jar:?]
	at org.apache.hadoop.ipc.ProtobufRpcEngine2$Server$ProtoBufRpcInvoker.call(ProtobufRpcEngine2.java:574) [hadoop-common-3.3.1.jar:?]
	at org.apache.hadoop.ipc.ProtobufRpcEngine2$Server$ProtoBufRpcInvoker.call(ProtobufRpcEngine2.java:552) [hadoop-common-3.3.1.jar:?]
	at org.apache.hadoop.ipc.RPC$Server.call(RPC.java:1093) [hadoop-common-3.3.1.jar:?]
	at org.apache.hadoop.ipc.Server$RpcCall.run(Server.java:1035) [hadoop-common-3.3.1.jar:?]
	at org.apache.hadoop.ipc.Server$RpcCall.run(Server.java:963) [hadoop-common-3.3.1.jar:?]
	at java.security.AccessController.doPrivileged(Native Method) ~[?:1.8.0_332]
	at javax.security.auth.Subject.doAs(Subject.java:422) [?:1.8.0_332]
	at org.apache.hadoop.security.UserGroupInformation.doAs(UserGroupInformation.java:1878) [hadoop-common-3.3.1.jar:?]
	at org.apache.hadoop.ipc.Server$Handler.run(Server.java:2966) [hadoop-common-3.3.1.jar:?]
2022-07-27 13:52:50,263 [Time-limited test] INFO  rpc.RpcClient (RpcClient.java:createVolume(467)) - Creating Volume: volume-48138, with runner as owner and space quota set to -1 bytes, counts quota set to -1
2022-07-27 13:52:50,268 [OM StateMachine ApplyTransaction Thread - 0] INFO  volume.OMVolumeCreateRequest (OMVolumeCreateRequest.java:validateAndUpdateCache(195)) - created volume:volume-48138 for user:runner
2022-07-27 13:52:50,269 [Time-limited test] INFO  rpc.RpcClient (RpcClient.java:createBucket(670)) - Creating Bucket: volume-48138/bucket-38498, with bucket layout LEGACY, runner as owner, Versioning false, Storage Type set to DISK and Encryption set to false 
2022-07-27 13:52:50,272 [OM StateMachine ApplyTransaction Thread - 0] INFO  bucket.OMBucketCreateRequest (OMBucketCreateRequest.java:validateAndUpdateCache(260)) - created bucket: bucket-38498 of layout LEGACY in volume: volume-48138
13:52:50.437 [IPC Server handler 11 on default port 34829] ERROR OMAudit - user=runner | ip=127.0.0.1 | op=READ_BUCKET {volume=volume-06971, bucket=bucket-81202} | ret=FAILURE
org.apache.hadoop.ozone.om.exceptions.OMException: Volume not found when getting bucket info
	at org.apache.hadoop.ozone.om.BucketManagerImpl.getBucketInfo(BucketManagerImpl.java:127) ~[ozone-manager-1.3.0-SNAPSHOT.jar:?]
	at org.apache.hadoop.ozone.om.OzoneManager.getBucketInfo(OzoneManager.java:2779) ~[ozone-manager-1.3.0-SNAPSHOT.jar:?]
	at org.apache.hadoop.ozone.protocolPB.OzoneManagerRequestHandler.infoBucket(OzoneManagerRequestHandler.java:471) ~[ozone-manager-1.3.0-SNAPSHOT.jar:?]
	at org.apache.hadoop.ozone.protocolPB.OzoneManagerRequestHandler.handleReadRequest(OzoneManagerRequestHandler.java:174) ~[ozone-manager-1.3.0-SNAPSHOT.jar:?]
	at org.apache.hadoop.ozone.protocolPB.OzoneManagerProtocolServerSideTranslatorPB.submitReadRequestToOM(OzoneManagerProtocolServerSideTranslatorPB.java:226) ~[ozone-manager-1.3.0-SNAPSHOT.jar:?]
	at org.apache.hadoop.ozone.protocolPB.OzoneManagerProtocolServerSideTranslatorPB.processRequest(OzoneManagerProtocolServerSideTranslatorPB.java:175) ~[ozone-manager-1.3.0-SNAPSHOT.jar:?]
	at org.apache.hadoop.hdds.server.OzoneProtocolMessageDispatcher.processRequest(OzoneProtocolMessageDispatcher.java:87) [hdds-server-framework-1.3.0-SNAPSHOT.jar:?]
	at org.apache.hadoop.ozone.protocolPB.OzoneManagerProtocolServerSideTranslatorPB.submitRequest(OzoneManagerProtocolServerSideTranslatorPB.java:147) [ozone-manager-1.3.0-SNAPSHOT.jar:?]
	at org.apache.hadoop.ozone.protocol.proto.OzoneManagerProtocolProtos$OzoneManagerService$2.callBlockingMethod(OzoneManagerProtocolProtos.java) [ozone-interface-client-1.3.0-SNAPSHOT.jar:?]
	at org.apache.hadoop.ipc.ProtobufRpcEngine$Server.processCall(ProtobufRpcEngine.java:466) [hadoop-common-3.3.1.jar:?]
	at org.apache.hadoop.ipc.ProtobufRpcEngine2$Server$ProtoBufRpcInvoker.call(ProtobufRpcEngine2.java:574) [hadoop-common-3.3.1.jar:?]
	at org.apache.hadoop.ipc.ProtobufRpcEngine2$Server$ProtoBufRpcInvoker.call(ProtobufRpcEngine2.java:552) [hadoop-common-3.3.1.jar:?]
	at org.apache.hadoop.ipc.RPC$Server.call(RPC.java:1093) [hadoop-common-3.3.1.jar:?]
	at org.apache.hadoop.ipc.Server$RpcCall.run(Server.java:1035) [hadoop-common-3.3.1.jar:?]
	at org.apache.hadoop.ipc.Server$RpcCall.run(Server.java:963) [hadoop-common-3.3.1.jar:?]
	at java.security.AccessController.doPrivileged(Native Method) ~[?:1.8.0_332]
	at javax.security.auth.Subject.doAs(Subject.java:422) [?:1.8.0_332]
	at org.apache.hadoop.security.UserGroupInformation.doAs(UserGroupInformation.java:1878) [hadoop-common-3.3.1.jar:?]
	at org.apache.hadoop.ipc.Server$Handler.run(Server.java:2966) [hadoop-common-3.3.1.jar:?]
2022-07-27 13:52:50,439 [Time-limited test] INFO  rpc.RpcClient (RpcClient.java:createVolume(467)) - Creating Volume: volume-06971, with runner as owner and space quota set to -1 bytes, counts quota set to -1
2022-07-27 13:52:50,440 [OM StateMachine ApplyTransaction Thread - 0] INFO  volume.OMVolumeCreateRequest (OMVolumeCreateRequest.java:validateAndUpdateCache(195)) - created volume:volume-06971 for user:runner
2022-07-27 13:52:50,442 [Time-limited test] INFO  rpc.RpcClient (RpcClient.java:createBucket(670)) - Creating Bucket: volume-06971/bucket-81202, with bucket layout LEGACY, runner as owner, Versioning false, Storage Type set to DISK and Encryption set to false 
2022-07-27 13:52:50,443 [OM StateMachine ApplyTransaction Thread - 0] INFO  bucket.OMBucketCreateRequest (OMBucketCreateRequest.java:validateAndUpdateCache(260)) - created bucket: bucket-81202 of layout LEGACY in volume: volume-06971
]]></system-out>
  </testcase>
  <testcase name="testListStatusRootAndVolumeContinuation" classname="TestRootedOzoneFileSystem" time="1.716">
    <system-out><![CDATA[2022-07-27 13:54:09,848 [d0f717e2-9042-4344-a562-88d1d040f01a-server-thread1] INFO  ratis.XceiverServerRatis (XceiverServerRatis.java:handleLeaderChangedNotification(863)) - Leader change notification received for group: group-450F11538100 with new leaderId: 05b7ade2-c08f-4f72-be79-8d526602fcb9
2022-07-27 13:54:09,849 [d0f717e2-9042-4344-a562-88d1d040f01a-server-thread1] INFO  server.RaftServer$Division (ServerState.java:setLeader(287)) - d0f717e2-9042-4344-a562-88d1d040f01a@group-450F11538100: change Leader from null to 05b7ade2-c08f-4f72-be79-8d526602fcb9 at term 2 for appendEntries, leader elected after 10586ms
2022-07-27 13:54:09,861 [34ea5659-743d-4920-98aa-921f1ee7ea0c-server-thread1] INFO  server.RaftServer$Division (ServerState.java:setRaftConf(393)) - 34ea5659-743d-4920-98aa-921f1ee7ea0c@group-450F11538100: set configuration 0: [05b7ade2-c08f-4f72-be79-8d526602fcb9|rpc:10.1.0.21:42545|dataStream:|priority:1, 34ea5659-743d-4920-98aa-921f1ee7ea0c|rpc:10.1.0.21:38521|dataStream:|priority:0, d0f717e2-9042-4344-a562-88d1d040f01a|rpc:10.1.0.21:42759|dataStream:|priority:0], old=null
2022-07-27 13:54:09,861 [34ea5659-743d-4920-98aa-921f1ee7ea0c-server-thread1] INFO  segmented.SegmentedRaftLogWorker (SegmentedRaftLogWorker.java:startLogSegment(425)) - 34ea5659-743d-4920-98aa-921f1ee7ea0c@group-450F11538100-SegmentedRaftLogWorker: Starting segment from index:0
2022-07-27 13:54:09,867 [34ea5659-743d-4920-98aa-921f1ee7ea0c@group-450F11538100-SegmentedRaftLogWorker] INFO  segmented.SegmentedRaftLogWorker (SegmentedRaftLogWorker.java:execute(629)) - 34ea5659-743d-4920-98aa-921f1ee7ea0c@group-450F11538100-SegmentedRaftLogWorker: created new log segment /home/runner/work/ozone/ozone/hadoop-ozone/integration-test/target/test-dir/MiniOzoneClusterImpl-17d54aa6-bde1-4bf1-a713-29851100816b/datanode-0/data/ratis/28197697-54f3-4890-a94b-450f11538100/current/log_inprogress_0
2022-07-27 13:54:09,940 [d0f717e2-9042-4344-a562-88d1d040f01a-server-thread1] INFO  server.RaftServer$Division (ServerState.java:setRaftConf(393)) - d0f717e2-9042-4344-a562-88d1d040f01a@group-450F11538100: set configuration 0: [05b7ade2-c08f-4f72-be79-8d526602fcb9|rpc:10.1.0.21:42545|dataStream:|priority:1, 34ea5659-743d-4920-98aa-921f1ee7ea0c|rpc:10.1.0.21:38521|dataStream:|priority:0, d0f717e2-9042-4344-a562-88d1d040f01a|rpc:10.1.0.21:42759|dataStream:|priority:0], old=null
2022-07-27 13:54:09,941 [d0f717e2-9042-4344-a562-88d1d040f01a-server-thread1] INFO  segmented.SegmentedRaftLogWorker (SegmentedRaftLogWorker.java:startLogSegment(425)) - d0f717e2-9042-4344-a562-88d1d040f01a@group-450F11538100-SegmentedRaftLogWorker: Starting segment from index:0
2022-07-27 13:54:09,944 [d0f717e2-9042-4344-a562-88d1d040f01a@group-450F11538100-SegmentedRaftLogWorker] INFO  segmented.SegmentedRaftLogWorker (SegmentedRaftLogWorker.java:execute(629)) - d0f717e2-9042-4344-a562-88d1d040f01a@group-450F11538100-SegmentedRaftLogWorker: created new log segment /home/runner/work/ozone/ozone/hadoop-ozone/integration-test/target/test-dir/MiniOzoneClusterImpl-17d54aa6-bde1-4bf1-a713-29851100816b/datanode-1/data/ratis/28197697-54f3-4890-a94b-450f11538100/current/log_inprogress_0
2022-07-27 13:54:10,031 [Time-limited test] INFO  rpc.RpcClient (RpcClient.java:createVolume(467)) - Creating Volume: volume84991, with user82407 as owner and space quota set to -1 bytes, counts quota set to -1
2022-07-27 13:54:10,051 [IPC Server handler 19 on default port 41147] INFO  volume.OMVolumeCreateRequest (OMVolumeCreateRequest.java:validateAndUpdateCache(195)) - created volume:volume84991 for user:user82407
2022-07-27 13:54:10,052 [Time-limited test] INFO  rpc.RpcClient (RpcClient.java:createBucket(670)) - Creating Bucket: volume84991/bucket47654, with bucket layout LEGACY, runner as owner, Versioning false, Storage Type set to DISK and Encryption set to false 
2022-07-27 13:54:10,052 [IPC Server handler 11 on default port 41147] INFO  bucket.OMBucketCreateRequest (OMBucketCreateRequest.java:validateAndUpdateCache(260)) - created bucket: bucket47654 of layout LEGACY in volume: volume84991
13:54:10.054 [IPC Server handler 8 on default port 41147] ERROR OMAudit - user=runner | ip=127.0.0.1 | op=READ_BUCKET {volume=volume-01261, bucket=bucket-67991} | ret=FAILURE
org.apache.hadoop.ozone.om.exceptions.OMException: Volume not found when getting bucket info
	at org.apache.hadoop.ozone.om.BucketManagerImpl.getBucketInfo(BucketManagerImpl.java:127) ~[ozone-manager-1.3.0-SNAPSHOT.jar:?]
	at org.apache.hadoop.ozone.om.OzoneManager.getBucketInfo(OzoneManager.java:2779) ~[ozone-manager-1.3.0-SNAPSHOT.jar:?]
	at org.apache.hadoop.ozone.protocolPB.OzoneManagerRequestHandler.infoBucket(OzoneManagerRequestHandler.java:471) ~[ozone-manager-1.3.0-SNAPSHOT.jar:?]
	at org.apache.hadoop.ozone.protocolPB.OzoneManagerRequestHandler.handleReadRequest(OzoneManagerRequestHandler.java:174) ~[ozone-manager-1.3.0-SNAPSHOT.jar:?]
	at org.apache.hadoop.ozone.protocolPB.OzoneManagerProtocolServerSideTranslatorPB.submitRequestDirectlyToOM(OzoneManagerProtocolServerSideTranslatorPB.java:276) ~[ozone-manager-1.3.0-SNAPSHOT.jar:?]
	at org.apache.hadoop.ozone.protocolPB.OzoneManagerProtocolServerSideTranslatorPB.processRequest(OzoneManagerProtocolServerSideTranslatorPB.java:205) ~[ozone-manager-1.3.0-SNAPSHOT.jar:?]
	at org.apache.hadoop.hdds.server.OzoneProtocolMessageDispatcher.processRequest(OzoneProtocolMessageDispatcher.java:87) [hdds-server-framework-1.3.0-SNAPSHOT.jar:?]
	at org.apache.hadoop.ozone.protocolPB.OzoneManagerProtocolServerSideTranslatorPB.submitRequest(OzoneManagerProtocolServerSideTranslatorPB.java:147) [ozone-manager-1.3.0-SNAPSHOT.jar:?]
	at org.apache.hadoop.ozone.protocol.proto.OzoneManagerProtocolProtos$OzoneManagerService$2.callBlockingMethod(OzoneManagerProtocolProtos.java) [ozone-interface-client-1.3.0-SNAPSHOT.jar:?]
	at org.apache.hadoop.ipc.ProtobufRpcEngine$Server.processCall(ProtobufRpcEngine.java:466) [hadoop-common-3.3.1.jar:?]
	at org.apache.hadoop.ipc.ProtobufRpcEngine2$Server$ProtoBufRpcInvoker.call(ProtobufRpcEngine2.java:574) [hadoop-common-3.3.1.jar:?]
	at org.apache.hadoop.ipc.ProtobufRpcEngine2$Server$ProtoBufRpcInvoker.call(ProtobufRpcEngine2.java:552) [hadoop-common-3.3.1.jar:?]
	at org.apache.hadoop.ipc.RPC$Server.call(RPC.java:1093) [hadoop-common-3.3.1.jar:?]
	at org.apache.hadoop.ipc.Server$RpcCall.run(Server.java:1035) [hadoop-common-3.3.1.jar:?]
	at org.apache.hadoop.ipc.Server$RpcCall.run(Server.java:963) [hadoop-common-3.3.1.jar:?]
	at java.security.AccessController.doPrivileged(Native Method) ~[?:1.8.0_332]
	at javax.security.auth.Subject.doAs(Subject.java:422) [?:1.8.0_332]
	at org.apache.hadoop.security.UserGroupInformation.doAs(UserGroupInformation.java:1878) [hadoop-common-3.3.1.jar:?]
	at org.apache.hadoop.ipc.Server$Handler.run(Server.java:2966) [hadoop-common-3.3.1.jar:?]
2022-07-27 13:54:10,054 [Time-limited test] INFO  rpc.RpcClient (RpcClient.java:createVolume(467)) - Creating Volume: volume-01261, with runner as owner and space quota set to -1 bytes, counts quota set to -1
2022-07-27 13:54:10,054 [IPC Server handler 7 on default port 41147] INFO  volume.OMVolumeCreateRequest (OMVolumeCreateRequest.java:validateAndUpdateCache(195)) - created volume:volume-01261 for user:runner
2022-07-27 13:54:10,055 [Time-limited test] INFO  rpc.RpcClient (RpcClient.java:createBucket(670)) - Creating Bucket: volume-01261/bucket-67991, with bucket layout LEGACY, runner as owner, Versioning false, Storage Type set to DISK and Encryption set to false 
2022-07-27 13:54:10,055 [IPC Server handler 5 on default port 41147] INFO  bucket.OMBucketCreateRequest (OMBucketCreateRequest.java:validateAndUpdateCache(260)) - created bucket: bucket-67991 of layout LEGACY in volume: volume-01261
13:54:10.243 [IPC Server handler 17 on default port 41147] ERROR OMAudit - user=runner | ip=127.0.0.1 | op=READ_BUCKET {volume=volume-76990, bucket=bucket-93307} | ret=FAILURE
org.apache.hadoop.ozone.om.exceptions.OMException: Volume not found when getting bucket info
	at org.apache.hadoop.ozone.om.BucketManagerImpl.getBucketInfo(BucketManagerImpl.java:127) ~[ozone-manager-1.3.0-SNAPSHOT.jar:?]
	at org.apache.hadoop.ozone.om.OzoneManager.getBucketInfo(OzoneManager.java:2779) ~[ozone-manager-1.3.0-SNAPSHOT.jar:?]
	at org.apache.hadoop.ozone.protocolPB.OzoneManagerRequestHandler.infoBucket(OzoneManagerRequestHandler.java:471) ~[ozone-manager-1.3.0-SNAPSHOT.jar:?]
	at org.apache.hadoop.ozone.protocolPB.OzoneManagerRequestHandler.handleReadRequest(OzoneManagerRequestHandler.java:174) ~[ozone-manager-1.3.0-SNAPSHOT.jar:?]
	at org.apache.hadoop.ozone.protocolPB.OzoneManagerProtocolServerSideTranslatorPB.submitRequestDirectlyToOM(OzoneManagerProtocolServerSideTranslatorPB.java:276) ~[ozone-manager-1.3.0-SNAPSHOT.jar:?]
	at org.apache.hadoop.ozone.protocolPB.OzoneManagerProtocolServerSideTranslatorPB.processRequest(OzoneManagerProtocolServerSideTranslatorPB.java:205) ~[ozone-manager-1.3.0-SNAPSHOT.jar:?]
	at org.apache.hadoop.hdds.server.OzoneProtocolMessageDispatcher.processRequest(OzoneProtocolMessageDispatcher.java:87) [hdds-server-framework-1.3.0-SNAPSHOT.jar:?]
	at org.apache.hadoop.ozone.protocolPB.OzoneManagerProtocolServerSideTranslatorPB.submitRequest(OzoneManagerProtocolServerSideTranslatorPB.java:147) [ozone-manager-1.3.0-SNAPSHOT.jar:?]
	at org.apache.hadoop.ozone.protocol.proto.OzoneManagerProtocolProtos$OzoneManagerService$2.callBlockingMethod(OzoneManagerProtocolProtos.java) [ozone-interface-client-1.3.0-SNAPSHOT.jar:?]
	at org.apache.hadoop.ipc.ProtobufRpcEngine$Server.processCall(ProtobufRpcEngine.java:466) [hadoop-common-3.3.1.jar:?]
	at org.apache.hadoop.ipc.ProtobufRpcEngine2$Server$ProtoBufRpcInvoker.call(ProtobufRpcEngine2.java:574) [hadoop-common-3.3.1.jar:?]
	at org.apache.hadoop.ipc.ProtobufRpcEngine2$Server$ProtoBufRpcInvoker.call(ProtobufRpcEngine2.java:552) [hadoop-common-3.3.1.jar:?]
	at org.apache.hadoop.ipc.RPC$Server.call(RPC.java:1093) [hadoop-common-3.3.1.jar:?]
	at org.apache.hadoop.ipc.Server$RpcCall.run(Server.java:1035) [hadoop-common-3.3.1.jar:?]
	at org.apache.hadoop.ipc.Server$RpcCall.run(Server.java:963) [hadoop-common-3.3.1.jar:?]
	at java.security.AccessController.doPrivileged(Native Method) ~[?:1.8.0_332]
	at javax.security.auth.Subject.doAs(Subject.java:422) [?:1.8.0_332]
	at org.apache.hadoop.security.UserGroupInformation.doAs(UserGroupInformation.java:1878) [hadoop-common-3.3.1.jar:?]
	at org.apache.hadoop.ipc.Server$Handler.run(Server.java:2966) [hadoop-common-3.3.1.jar:?]
2022-07-27 13:54:10,246 [Time-limited test] INFO  rpc.RpcClient (RpcClient.java:createVolume(467)) - Creating Volume: volume-76990, with runner as owner and space quota set to -1 bytes, counts quota set to -1
2022-07-27 13:54:10,247 [IPC Server handler 19 on default port 41147] INFO  volume.OMVolumeCreateRequest (OMVolumeCreateRequest.java:validateAndUpdateCache(195)) - created volume:volume-76990 for user:runner
2022-07-27 13:54:10,255 [Time-limited test] INFO  rpc.RpcClient (RpcClient.java:createBucket(670)) - Creating Bucket: volume-76990/bucket-93307, with bucket layout LEGACY, runner as owner, Versioning false, Storage Type set to DISK and Encryption set to false 
2022-07-27 13:54:10,256 [IPC Server handler 11 on default port 41147] INFO  bucket.OMBucketCreateRequest (OMBucketCreateRequest.java:validateAndUpdateCache(260)) - created bucket: bucket-93307 of layout LEGACY in volume: volume-76990
13:54:10.739 [IPC Server handler 15 on default port 41147] ERROR OMAudit - user=runner | ip=127.0.0.1 | op=READ_BUCKET {volume=volume-56547, bucket=bucket-07252} | ret=FAILURE
org.apache.hadoop.ozone.om.exceptions.OMException: Volume not found when getting bucket info
	at org.apache.hadoop.ozone.om.BucketManagerImpl.getBucketInfo(BucketManagerImpl.java:127) ~[ozone-manager-1.3.0-SNAPSHOT.jar:?]
	at org.apache.hadoop.ozone.om.OzoneManager.getBucketInfo(OzoneManager.java:2779) ~[ozone-manager-1.3.0-SNAPSHOT.jar:?]
	at org.apache.hadoop.ozone.protocolPB.OzoneManagerRequestHandler.infoBucket(OzoneManagerRequestHandler.java:471) ~[ozone-manager-1.3.0-SNAPSHOT.jar:?]
	at org.apache.hadoop.ozone.protocolPB.OzoneManagerRequestHandler.handleReadRequest(OzoneManagerRequestHandler.java:174) ~[ozone-manager-1.3.0-SNAPSHOT.jar:?]
	at org.apache.hadoop.ozone.protocolPB.OzoneManagerProtocolServerSideTranslatorPB.submitRequestDirectlyToOM(OzoneManagerProtocolServerSideTranslatorPB.java:276) ~[ozone-manager-1.3.0-SNAPSHOT.jar:?]
	at org.apache.hadoop.ozone.protocolPB.OzoneManagerProtocolServerSideTranslatorPB.processRequest(OzoneManagerProtocolServerSideTranslatorPB.java:205) ~[ozone-manager-1.3.0-SNAPSHOT.jar:?]
	at org.apache.hadoop.hdds.server.OzoneProtocolMessageDispatcher.processRequest(OzoneProtocolMessageDispatcher.java:87) [hdds-server-framework-1.3.0-SNAPSHOT.jar:?]
	at org.apache.hadoop.ozone.protocolPB.OzoneManagerProtocolServerSideTranslatorPB.submitRequest(OzoneManagerProtocolServerSideTranslatorPB.java:147) [ozone-manager-1.3.0-SNAPSHOT.jar:?]
	at org.apache.hadoop.ozone.protocol.proto.OzoneManagerProtocolProtos$OzoneManagerService$2.callBlockingMethod(OzoneManagerProtocolProtos.java) [ozone-interface-client-1.3.0-SNAPSHOT.jar:?]
	at org.apache.hadoop.ipc.ProtobufRpcEngine$Server.processCall(ProtobufRpcEngine.java:466) [hadoop-common-3.3.1.jar:?]
	at org.apache.hadoop.ipc.ProtobufRpcEngine2$Server$ProtoBufRpcInvoker.call(ProtobufRpcEngine2.java:574) [hadoop-common-3.3.1.jar:?]
	at org.apache.hadoop.ipc.ProtobufRpcEngine2$Server$ProtoBufRpcInvoker.call(ProtobufRpcEngine2.java:552) [hadoop-common-3.3.1.jar:?]
	at org.apache.hadoop.ipc.RPC$Server.call(RPC.java:1093) [hadoop-common-3.3.1.jar:?]
	at org.apache.hadoop.ipc.Server$RpcCall.run(Server.java:1035) [hadoop-common-3.3.1.jar:?]
	at org.apache.hadoop.ipc.Server$RpcCall.run(Server.java:963) [hadoop-common-3.3.1.jar:?]
	at java.security.AccessController.doPrivileged(Native Method) ~[?:1.8.0_332]
	at javax.security.auth.Subject.doAs(Subject.java:422) [?:1.8.0_332]
	at org.apache.hadoop.security.UserGroupInformation.doAs(UserGroupInformation.java:1878) [hadoop-common-3.3.1.jar:?]
	at org.apache.hadoop.ipc.Server$Handler.run(Server.java:2966) [hadoop-common-3.3.1.jar:?]
2022-07-27 13:54:10,740 [Time-limited test] INFO  rpc.RpcClient (RpcClient.java:createVolume(467)) - Creating Volume: volume-56547, with runner as owner and space quota set to -1 bytes, counts quota set to -1
2022-07-27 13:54:10,740 [IPC Server handler 14 on default port 41147] INFO  volume.OMVolumeCreateRequest (OMVolumeCreateRequest.java:validateAndUpdateCache(195)) - created volume:volume-56547 for user:runner
2022-07-27 13:54:10,741 [Time-limited test] INFO  rpc.RpcClient (RpcClient.java:createBucket(670)) - Creating Bucket: volume-56547/bucket-07252, with bucket layout LEGACY, runner as owner, Versioning false, Storage Type set to DISK and Encryption set to false 
2022-07-27 13:54:10,742 [IPC Server handler 1 on default port 41147] INFO  bucket.OMBucketCreateRequest (OMBucketCreateRequest.java:validateAndUpdateCache(260)) - created bucket: bucket-07252 of layout LEGACY in volume: volume-56547
13:54:10.936 [IPC Server handler 6 on default port 41147] ERROR OMAudit - user=runner | ip=127.0.0.1 | op=READ_BUCKET {volume=volume-80196, bucket=bucket-81043} | ret=FAILURE
org.apache.hadoop.ozone.om.exceptions.OMException: Volume not found when getting bucket info
	at org.apache.hadoop.ozone.om.BucketManagerImpl.getBucketInfo(BucketManagerImpl.java:127) ~[ozone-manager-1.3.0-SNAPSHOT.jar:?]
	at org.apache.hadoop.ozone.om.OzoneManager.getBucketInfo(OzoneManager.java:2779) ~[ozone-manager-1.3.0-SNAPSHOT.jar:?]
	at org.apache.hadoop.ozone.protocolPB.OzoneManagerRequestHandler.infoBucket(OzoneManagerRequestHandler.java:471) ~[ozone-manager-1.3.0-SNAPSHOT.jar:?]
	at org.apache.hadoop.ozone.protocolPB.OzoneManagerRequestHandler.handleReadRequest(OzoneManagerRequestHandler.java:174) ~[ozone-manager-1.3.0-SNAPSHOT.jar:?]
	at org.apache.hadoop.ozone.protocolPB.OzoneManagerProtocolServerSideTranslatorPB.submitRequestDirectlyToOM(OzoneManagerProtocolServerSideTranslatorPB.java:276) ~[ozone-manager-1.3.0-SNAPSHOT.jar:?]
	at org.apache.hadoop.ozone.protocolPB.OzoneManagerProtocolServerSideTranslatorPB.processRequest(OzoneManagerProtocolServerSideTranslatorPB.java:205) ~[ozone-manager-1.3.0-SNAPSHOT.jar:?]
	at org.apache.hadoop.hdds.server.OzoneProtocolMessageDispatcher.processRequest(OzoneProtocolMessageDispatcher.java:87) [hdds-server-framework-1.3.0-SNAPSHOT.jar:?]
	at org.apache.hadoop.ozone.protocolPB.OzoneManagerProtocolServerSideTranslatorPB.submitRequest(OzoneManagerProtocolServerSideTranslatorPB.java:147) [ozone-manager-1.3.0-SNAPSHOT.jar:?]
	at org.apache.hadoop.ozone.protocol.proto.OzoneManagerProtocolProtos$OzoneManagerService$2.callBlockingMethod(OzoneManagerProtocolProtos.java) [ozone-interface-client-1.3.0-SNAPSHOT.jar:?]
	at org.apache.hadoop.ipc.ProtobufRpcEngine$Server.processCall(ProtobufRpcEngine.java:466) [hadoop-common-3.3.1.jar:?]
	at org.apache.hadoop.ipc.ProtobufRpcEngine2$Server$ProtoBufRpcInvoker.call(ProtobufRpcEngine2.java:574) [hadoop-common-3.3.1.jar:?]
	at org.apache.hadoop.ipc.ProtobufRpcEngine2$Server$ProtoBufRpcInvoker.call(ProtobufRpcEngine2.java:552) [hadoop-common-3.3.1.jar:?]
	at org.apache.hadoop.ipc.RPC$Server.call(RPC.java:1093) [hadoop-common-3.3.1.jar:?]
	at org.apache.hadoop.ipc.Server$RpcCall.run(Server.java:1035) [hadoop-common-3.3.1.jar:?]
	at org.apache.hadoop.ipc.Server$RpcCall.run(Server.java:963) [hadoop-common-3.3.1.jar:?]
	at java.security.AccessController.doPrivileged(Native Method) ~[?:1.8.0_332]
	at javax.security.auth.Subject.doAs(Subject.java:422) [?:1.8.0_332]
	at org.apache.hadoop.security.UserGroupInformation.doAs(UserGroupInformation.java:1878) [hadoop-common-3.3.1.jar:?]
	at org.apache.hadoop.ipc.Server$Handler.run(Server.java:2966) [hadoop-common-3.3.1.jar:?]
2022-07-27 13:54:10,936 [Time-limited test] INFO  rpc.RpcClient (RpcClient.java:createVolume(467)) - Creating Volume: volume-80196, with runner as owner and space quota set to -1 bytes, counts quota set to -1
2022-07-27 13:54:10,937 [IPC Server handler 5 on default port 41147] INFO  volume.OMVolumeCreateRequest (OMVolumeCreateRequest.java:validateAndUpdateCache(195)) - created volume:volume-80196 for user:runner
2022-07-27 13:54:10,937 [Time-limited test] INFO  rpc.RpcClient (RpcClient.java:createBucket(670)) - Creating Bucket: volume-80196/bucket-81043, with bucket layout LEGACY, runner as owner, Versioning false, Storage Type set to DISK and Encryption set to false 
2022-07-27 13:54:10,938 [IPC Server handler 3 on default port 41147] INFO  bucket.OMBucketCreateRequest (OMBucketCreateRequest.java:validateAndUpdateCache(260)) - created bucket: bucket-81043 of layout LEGACY in volume: volume-80196
13:54:11.078 [IPC Server handler 12 on default port 41147] ERROR OMAudit - user=runner | ip=127.0.0.1 | op=READ_BUCKET {volume=volume-40524, bucket=bucket-02036} | ret=FAILURE
org.apache.hadoop.ozone.om.exceptions.OMException: Volume not found when getting bucket info
	at org.apache.hadoop.ozone.om.BucketManagerImpl.getBucketInfo(BucketManagerImpl.java:127) ~[ozone-manager-1.3.0-SNAPSHOT.jar:?]
	at org.apache.hadoop.ozone.om.OzoneManager.getBucketInfo(OzoneManager.java:2779) ~[ozone-manager-1.3.0-SNAPSHOT.jar:?]
	at org.apache.hadoop.ozone.protocolPB.OzoneManagerRequestHandler.infoBucket(OzoneManagerRequestHandler.java:471) ~[ozone-manager-1.3.0-SNAPSHOT.jar:?]
	at org.apache.hadoop.ozone.protocolPB.OzoneManagerRequestHandler.handleReadRequest(OzoneManagerRequestHandler.java:174) ~[ozone-manager-1.3.0-SNAPSHOT.jar:?]
	at org.apache.hadoop.ozone.protocolPB.OzoneManagerProtocolServerSideTranslatorPB.submitRequestDirectlyToOM(OzoneManagerProtocolServerSideTranslatorPB.java:276) ~[ozone-manager-1.3.0-SNAPSHOT.jar:?]
	at org.apache.hadoop.ozone.protocolPB.OzoneManagerProtocolServerSideTranslatorPB.processRequest(OzoneManagerProtocolServerSideTranslatorPB.java:205) ~[ozone-manager-1.3.0-SNAPSHOT.jar:?]
	at org.apache.hadoop.hdds.server.OzoneProtocolMessageDispatcher.processRequest(OzoneProtocolMessageDispatcher.java:87) [hdds-server-framework-1.3.0-SNAPSHOT.jar:?]
	at org.apache.hadoop.ozone.protocolPB.OzoneManagerProtocolServerSideTranslatorPB.submitRequest(OzoneManagerProtocolServerSideTranslatorPB.java:147) [ozone-manager-1.3.0-SNAPSHOT.jar:?]
	at org.apache.hadoop.ozone.protocol.proto.OzoneManagerProtocolProtos$OzoneManagerService$2.callBlockingMethod(OzoneManagerProtocolProtos.java) [ozone-interface-client-1.3.0-SNAPSHOT.jar:?]
	at org.apache.hadoop.ipc.ProtobufRpcEngine$Server.processCall(ProtobufRpcEngine.java:466) [hadoop-common-3.3.1.jar:?]
	at org.apache.hadoop.ipc.ProtobufRpcEngine2$Server$ProtoBufRpcInvoker.call(ProtobufRpcEngine2.java:574) [hadoop-common-3.3.1.jar:?]
	at org.apache.hadoop.ipc.ProtobufRpcEngine2$Server$ProtoBufRpcInvoker.call(ProtobufRpcEngine2.java:552) [hadoop-common-3.3.1.jar:?]
	at org.apache.hadoop.ipc.RPC$Server.call(RPC.java:1093) [hadoop-common-3.3.1.jar:?]
	at org.apache.hadoop.ipc.Server$RpcCall.run(Server.java:1035) [hadoop-common-3.3.1.jar:?]
	at org.apache.hadoop.ipc.Server$RpcCall.run(Server.java:963) [hadoop-common-3.3.1.jar:?]
	at java.security.AccessController.doPrivileged(Native Method) ~[?:1.8.0_332]
	at javax.security.auth.Subject.doAs(Subject.java:422) [?:1.8.0_332]
	at org.apache.hadoop.security.UserGroupInformation.doAs(UserGroupInformation.java:1878) [hadoop-common-3.3.1.jar:?]
	at org.apache.hadoop.ipc.Server$Handler.run(Server.java:2966) [hadoop-common-3.3.1.jar:?]
2022-07-27 13:54:11,079 [Time-limited test] INFO  rpc.RpcClient (RpcClient.java:createVolume(467)) - Creating Volume: volume-40524, with runner as owner and space quota set to -1 bytes, counts quota set to -1
2022-07-27 13:54:11,079 [IPC Server handler 11 on default port 41147] INFO  volume.OMVolumeCreateRequest (OMVolumeCreateRequest.java:validateAndUpdateCache(195)) - created volume:volume-40524 for user:runner
2022-07-27 13:54:11,086 [Time-limited test] INFO  rpc.RpcClient (RpcClient.java:createBucket(670)) - Creating Bucket: volume-40524/bucket-02036, with bucket layout LEGACY, runner as owner, Versioning false, Storage Type set to DISK and Encryption set to false 
2022-07-27 13:54:11,087 [IPC Server handler 9 on default port 41147] INFO  bucket.OMBucketCreateRequest (OMBucketCreateRequest.java:validateAndUpdateCache(260)) - created bucket: bucket-02036 of layout LEGACY in volume: volume-40524
]]></system-out>
  </testcase>
  <testcase name="testDeleteVolumeBucketAndKey" classname="TestRootedOzoneFileSystem" time="0.149">
    <system-out><![CDATA[2022-07-27 13:49:18,763 [Time-limited test] INFO  rpc.RpcClient (RpcClient.java:createVolume(467)) - Creating Volume: volume27969, with user20436 as owner and space quota set to -1 bytes, counts quota set to -1
2022-07-27 13:49:18,766 [OM StateMachine ApplyTransaction Thread - 0] INFO  volume.OMVolumeCreateRequest (OMVolumeCreateRequest.java:validateAndUpdateCache(195)) - created volume:volume27969 for user:user20436
2022-07-27 13:49:18,768 [Time-limited test] INFO  rpc.RpcClient (RpcClient.java:createBucket(670)) - Creating Bucket: volume27969/bucket03883, with bucket layout LEGACY, runner as owner, Versioning false, Storage Type set to DISK and Encryption set to false 
2022-07-27 13:49:18,772 [OM StateMachine ApplyTransaction Thread - 0] INFO  bucket.OMBucketCreateRequest (OMBucketCreateRequest.java:validateAndUpdateCache(260)) - created bucket: bucket03883 of layout LEGACY in volume: volume27969
2022-07-27 13:49:18,777 [Time-limited test] INFO  rpc.RpcClient (RpcClient.java:createVolume(467)) - Creating Volume: volume-96237, with runner as owner and space quota set to -1 bytes, counts quota set to -1
2022-07-27 13:49:18,779 [OM StateMachine ApplyTransaction Thread - 0] INFO  volume.OMVolumeCreateRequest (OMVolumeCreateRequest.java:validateAndUpdateCache(195)) - created volume:volume-96237 for user:runner
2022-07-27 13:49:18,781 [Time-limited test] INFO  rpc.RpcClient (RpcClient.java:createBucket(670)) - Creating Bucket: volume-96237/bucket3, with bucket layout LEGACY, runner as owner, Versioning false, Storage Type set to DISK and Encryption set to false 
2022-07-27 13:49:18,784 [OM StateMachine ApplyTransaction Thread - 0] INFO  bucket.OMBucketCreateRequest (OMBucketCreateRequest.java:validateAndUpdateCache(260)) - created bucket: bucket3 of layout LEGACY in volume: volume-96237
13:49:18.791 [OM StateMachine ApplyTransaction Thread - 0] ERROR OMAudit - user=runner | ip=127.0.0.1 | op=DELETE_VOLUME {volume=volume-96237} | ret=FAILURE
org.apache.hadoop.ozone.om.exceptions.OMException: null
	at org.apache.hadoop.ozone.om.request.volume.OMVolumeDeleteRequest.validateAndUpdateCache(OMVolumeDeleteRequest.java:122) ~[ozone-manager-1.3.0-SNAPSHOT.jar:?]
	at org.apache.hadoop.ozone.protocolPB.OzoneManagerRequestHandler.handleWriteRequest(OzoneManagerRequestHandler.java:300) ~[ozone-manager-1.3.0-SNAPSHOT.jar:?]
	at org.apache.hadoop.ozone.om.ratis.OzoneManagerStateMachine.runCommand(OzoneManagerStateMachine.java:529) ~[ozone-manager-1.3.0-SNAPSHOT.jar:?]
	at org.apache.hadoop.ozone.om.ratis.OzoneManagerStateMachine.lambda$1(OzoneManagerStateMachine.java:324) ~[ozone-manager-1.3.0-SNAPSHOT.jar:?]
	at java.util.concurrent.CompletableFuture$AsyncSupply.run(CompletableFuture.java:1604) [?:1.8.0_332]
	at java.util.concurrent.ThreadPoolExecutor.runWorker(ThreadPoolExecutor.java:1149) [?:1.8.0_332]
	at java.util.concurrent.ThreadPoolExecutor$Worker.run(ThreadPoolExecutor.java:624) [?:1.8.0_332]
	at java.lang.Thread.run(Thread.java:750) [?:1.8.0_332]
2022-07-27 13:49:18,792 [OM StateMachine ApplyTransaction Thread - 0] ERROR volume.OMVolumeDeleteRequest (OMVolumeDeleteRequest.java:validateAndUpdateCache(170)) - Volume deletion failed for user:runner volume:volume-96237
VOLUME_NOT_EMPTY org.apache.hadoop.ozone.om.exceptions.OMException
	at org.apache.hadoop.ozone.om.request.volume.OMVolumeDeleteRequest.validateAndUpdateCache(OMVolumeDeleteRequest.java:122)
	at org.apache.hadoop.ozone.protocolPB.OzoneManagerRequestHandler.handleWriteRequest(OzoneManagerRequestHandler.java:300)
	at org.apache.hadoop.ozone.om.ratis.OzoneManagerStateMachine.runCommand(OzoneManagerStateMachine.java:529)
	at org.apache.hadoop.ozone.om.ratis.OzoneManagerStateMachine.lambda$1(OzoneManagerStateMachine.java:324)
	at java.util.concurrent.CompletableFuture$AsyncSupply.run(CompletableFuture.java:1604)
	at java.util.concurrent.ThreadPoolExecutor.runWorker(ThreadPoolExecutor.java:1149)
	at java.util.concurrent.ThreadPoolExecutor$Worker.run(ThreadPoolExecutor.java:624)
	at java.lang.Thread.run(Thread.java:750)
2022-07-27 13:49:18,839 [Time-limited test] INFO  rpc.RpcClient (RpcClient.java:createVolume(467)) - Creating Volume: volume-96237, with runner as owner and space quota set to -1 bytes, counts quota set to -1
2022-07-27 13:49:18,841 [OM StateMachine ApplyTransaction Thread - 0] INFO  volume.OMVolumeCreateRequest (OMVolumeCreateRequest.java:validateAndUpdateCache(195)) - created volume:volume-96237 for user:runner
2022-07-27 13:49:18,843 [Time-limited test] INFO  rpc.RpcClient (RpcClient.java:createBucket(670)) - Creating Bucket: volume-96237/bucket3, with bucket layout LEGACY, runner as owner, Versioning false, Storage Type set to DISK and Encryption set to false 
2022-07-27 13:49:18,845 [OM StateMachine ApplyTransaction Thread - 0] INFO  bucket.OMBucketCreateRequest (OMBucketCreateRequest.java:validateAndUpdateCache(260)) - created bucket: bucket3 of layout LEGACY in volume: volume-96237
]]></system-out>
  </testcase>
  <testcase name="testDeleteVolumeBucketAndKey" classname="TestRootedOzoneFileSystem" time="0.144">
    <system-out><![CDATA[2022-07-27 13:50:23,835 [Time-limited test] INFO  rpc.RpcClient (RpcClient.java:createVolume(467)) - Creating Volume: volume18240, with user84658 as owner and space quota set to -1 bytes, counts quota set to -1
2022-07-27 13:50:23,837 [OM StateMachine ApplyTransaction Thread - 0] INFO  volume.OMVolumeCreateRequest (OMVolumeCreateRequest.java:validateAndUpdateCache(195)) - created volume:volume18240 for user:user84658
2022-07-27 13:50:23,839 [Time-limited test] INFO  rpc.RpcClient (RpcClient.java:createBucket(670)) - Creating Bucket: volume18240/bucket72189, with bucket layout LEGACY, runner as owner, Versioning false, Storage Type set to DISK and Encryption set to false 
2022-07-27 13:50:23,844 [OM StateMachine ApplyTransaction Thread - 0] INFO  bucket.OMBucketCreateRequest (OMBucketCreateRequest.java:validateAndUpdateCache(260)) - created bucket: bucket72189 of layout LEGACY in volume: volume18240
13:50:23.845 [IPC Server handler 14 on default port 46277] ERROR OMAudit - user=runner | ip=127.0.0.1 | op=READ_BUCKET {volume=volume-15684, bucket=bucket3} | ret=FAILURE
org.apache.hadoop.ozone.om.exceptions.OMException: Volume not found when getting bucket info
	at org.apache.hadoop.ozone.om.BucketManagerImpl.getBucketInfo(BucketManagerImpl.java:127) ~[ozone-manager-1.3.0-SNAPSHOT.jar:?]
	at org.apache.hadoop.ozone.om.OzoneManager.getBucketInfo(OzoneManager.java:2779) ~[ozone-manager-1.3.0-SNAPSHOT.jar:?]
	at org.apache.hadoop.ozone.protocolPB.OzoneManagerRequestHandler.infoBucket(OzoneManagerRequestHandler.java:471) ~[ozone-manager-1.3.0-SNAPSHOT.jar:?]
	at org.apache.hadoop.ozone.protocolPB.OzoneManagerRequestHandler.handleReadRequest(OzoneManagerRequestHandler.java:174) ~[ozone-manager-1.3.0-SNAPSHOT.jar:?]
	at org.apache.hadoop.ozone.protocolPB.OzoneManagerProtocolServerSideTranslatorPB.submitReadRequestToOM(OzoneManagerProtocolServerSideTranslatorPB.java:226) ~[ozone-manager-1.3.0-SNAPSHOT.jar:?]
	at org.apache.hadoop.ozone.protocolPB.OzoneManagerProtocolServerSideTranslatorPB.processRequest(OzoneManagerProtocolServerSideTranslatorPB.java:175) ~[ozone-manager-1.3.0-SNAPSHOT.jar:?]
	at org.apache.hadoop.hdds.server.OzoneProtocolMessageDispatcher.processRequest(OzoneProtocolMessageDispatcher.java:87) [hdds-server-framework-1.3.0-SNAPSHOT.jar:?]
	at org.apache.hadoop.ozone.protocolPB.OzoneManagerProtocolServerSideTranslatorPB.submitRequest(OzoneManagerProtocolServerSideTranslatorPB.java:147) [ozone-manager-1.3.0-SNAPSHOT.jar:?]
	at org.apache.hadoop.ozone.protocol.proto.OzoneManagerProtocolProtos$OzoneManagerService$2.callBlockingMethod(OzoneManagerProtocolProtos.java) [ozone-interface-client-1.3.0-SNAPSHOT.jar:?]
	at org.apache.hadoop.ipc.ProtobufRpcEngine$Server.processCall(ProtobufRpcEngine.java:466) [hadoop-common-3.3.1.jar:?]
	at org.apache.hadoop.ipc.ProtobufRpcEngine2$Server$ProtoBufRpcInvoker.call(ProtobufRpcEngine2.java:574) [hadoop-common-3.3.1.jar:?]
	at org.apache.hadoop.ipc.ProtobufRpcEngine2$Server$ProtoBufRpcInvoker.call(ProtobufRpcEngine2.java:552) [hadoop-common-3.3.1.jar:?]
	at org.apache.hadoop.ipc.RPC$Server.call(RPC.java:1093) [hadoop-common-3.3.1.jar:?]
	at org.apache.hadoop.ipc.Server$RpcCall.run(Server.java:1035) [hadoop-common-3.3.1.jar:?]
	at org.apache.hadoop.ipc.Server$RpcCall.run(Server.java:963) [hadoop-common-3.3.1.jar:?]
	at java.security.AccessController.doPrivileged(Native Method) ~[?:1.8.0_332]
	at javax.security.auth.Subject.doAs(Subject.java:422) [?:1.8.0_332]
	at org.apache.hadoop.security.UserGroupInformation.doAs(UserGroupInformation.java:1878) [hadoop-common-3.3.1.jar:?]
	at org.apache.hadoop.ipc.Server$Handler.run(Server.java:2966) [hadoop-common-3.3.1.jar:?]
2022-07-27 13:50:23,846 [Time-limited test] INFO  rpc.RpcClient (RpcClient.java:createVolume(467)) - Creating Volume: volume-15684, with runner as owner and space quota set to -1 bytes, counts quota set to -1
2022-07-27 13:50:23,847 [OM StateMachine ApplyTransaction Thread - 0] INFO  volume.OMVolumeCreateRequest (OMVolumeCreateRequest.java:validateAndUpdateCache(195)) - created volume:volume-15684 for user:runner
2022-07-27 13:50:23,848 [Time-limited test] INFO  rpc.RpcClient (RpcClient.java:createBucket(670)) - Creating Bucket: volume-15684/bucket3, with bucket layout LEGACY, runner as owner, Versioning false, Storage Type set to DISK and Encryption set to false 
2022-07-27 13:50:23,849 [OM StateMachine ApplyTransaction Thread - 0] INFO  bucket.OMBucketCreateRequest (OMBucketCreateRequest.java:validateAndUpdateCache(260)) - created bucket: bucket3 of layout LEGACY in volume: volume-15684
13:50:23.853 [OM StateMachine ApplyTransaction Thread - 0] ERROR OMAudit - user=runner | ip=127.0.0.1 | op=DELETE_VOLUME {volume=volume-15684} | ret=FAILURE
org.apache.hadoop.ozone.om.exceptions.OMException: null
	at org.apache.hadoop.ozone.om.request.volume.OMVolumeDeleteRequest.validateAndUpdateCache(OMVolumeDeleteRequest.java:122) ~[ozone-manager-1.3.0-SNAPSHOT.jar:?]
	at org.apache.hadoop.ozone.protocolPB.OzoneManagerRequestHandler.handleWriteRequest(OzoneManagerRequestHandler.java:300) ~[ozone-manager-1.3.0-SNAPSHOT.jar:?]
	at org.apache.hadoop.ozone.om.ratis.OzoneManagerStateMachine.runCommand(OzoneManagerStateMachine.java:529) ~[ozone-manager-1.3.0-SNAPSHOT.jar:?]
	at org.apache.hadoop.ozone.om.ratis.OzoneManagerStateMachine.lambda$1(OzoneManagerStateMachine.java:324) ~[ozone-manager-1.3.0-SNAPSHOT.jar:?]
	at java.util.concurrent.CompletableFuture$AsyncSupply.run(CompletableFuture.java:1604) [?:1.8.0_332]
	at java.util.concurrent.ThreadPoolExecutor.runWorker(ThreadPoolExecutor.java:1149) [?:1.8.0_332]
	at java.util.concurrent.ThreadPoolExecutor$Worker.run(ThreadPoolExecutor.java:624) [?:1.8.0_332]
	at java.lang.Thread.run(Thread.java:750) [?:1.8.0_332]
2022-07-27 13:50:23,853 [OM StateMachine ApplyTransaction Thread - 0] ERROR volume.OMVolumeDeleteRequest (OMVolumeDeleteRequest.java:validateAndUpdateCache(170)) - Volume deletion failed for user:runner volume:volume-15684
VOLUME_NOT_EMPTY org.apache.hadoop.ozone.om.exceptions.OMException
	at org.apache.hadoop.ozone.om.request.volume.OMVolumeDeleteRequest.validateAndUpdateCache(OMVolumeDeleteRequest.java:122)
	at org.apache.hadoop.ozone.protocolPB.OzoneManagerRequestHandler.handleWriteRequest(OzoneManagerRequestHandler.java:300)
	at org.apache.hadoop.ozone.om.ratis.OzoneManagerStateMachine.runCommand(OzoneManagerStateMachine.java:529)
	at org.apache.hadoop.ozone.om.ratis.OzoneManagerStateMachine.lambda$1(OzoneManagerStateMachine.java:324)
	at java.util.concurrent.CompletableFuture$AsyncSupply.run(CompletableFuture.java:1604)
	at java.util.concurrent.ThreadPoolExecutor.runWorker(ThreadPoolExecutor.java:1149)
	at java.util.concurrent.ThreadPoolExecutor$Worker.run(ThreadPoolExecutor.java:624)
	at java.lang.Thread.run(Thread.java:750)
13:50:23.869 [IPC Server handler 3 on default port 46277] ERROR OMAudit - user=runner | ip=127.0.0.1 | op=READ_VOLUME {volume=volume-15684} | ret=FAILURE
org.apache.hadoop.ozone.om.exceptions.OMException: Volume volume-15684 is not found
	at org.apache.hadoop.ozone.om.VolumeManagerImpl.getVolumeInfo(VolumeManagerImpl.java:74) ~[ozone-manager-1.3.0-SNAPSHOT.jar:?]
	at org.apache.hadoop.ozone.om.OzoneManager.getVolumeInfo(OzoneManager.java:2603) ~[ozone-manager-1.3.0-SNAPSHOT.jar:?]
	at org.apache.hadoop.ozone.protocolPB.OzoneManagerRequestHandler.infoVolume(OzoneManagerRequestHandler.java:397) ~[ozone-manager-1.3.0-SNAPSHOT.jar:?]
	at org.apache.hadoop.ozone.protocolPB.OzoneManagerRequestHandler.handleReadRequest(OzoneManagerRequestHandler.java:164) ~[ozone-manager-1.3.0-SNAPSHOT.jar:?]
	at org.apache.hadoop.ozone.protocolPB.OzoneManagerProtocolServerSideTranslatorPB.submitReadRequestToOM(OzoneManagerProtocolServerSideTranslatorPB.java:226) ~[ozone-manager-1.3.0-SNAPSHOT.jar:?]
	at org.apache.hadoop.ozone.protocolPB.OzoneManagerProtocolServerSideTranslatorPB.processRequest(OzoneManagerProtocolServerSideTranslatorPB.java:175) ~[ozone-manager-1.3.0-SNAPSHOT.jar:?]
	at org.apache.hadoop.hdds.server.OzoneProtocolMessageDispatcher.processRequest(OzoneProtocolMessageDispatcher.java:87) [hdds-server-framework-1.3.0-SNAPSHOT.jar:?]
	at org.apache.hadoop.ozone.protocolPB.OzoneManagerProtocolServerSideTranslatorPB.submitRequest(OzoneManagerProtocolServerSideTranslatorPB.java:147) [ozone-manager-1.3.0-SNAPSHOT.jar:?]
	at org.apache.hadoop.ozone.protocol.proto.OzoneManagerProtocolProtos$OzoneManagerService$2.callBlockingMethod(OzoneManagerProtocolProtos.java) [ozone-interface-client-1.3.0-SNAPSHOT.jar:?]
	at org.apache.hadoop.ipc.ProtobufRpcEngine$Server.processCall(ProtobufRpcEngine.java:466) [hadoop-common-3.3.1.jar:?]
	at org.apache.hadoop.ipc.ProtobufRpcEngine2$Server$ProtoBufRpcInvoker.call(ProtobufRpcEngine2.java:574) [hadoop-common-3.3.1.jar:?]
	at org.apache.hadoop.ipc.ProtobufRpcEngine2$Server$ProtoBufRpcInvoker.call(ProtobufRpcEngine2.java:552) [hadoop-common-3.3.1.jar:?]
	at org.apache.hadoop.ipc.RPC$Server.call(RPC.java:1093) [hadoop-common-3.3.1.jar:?]
	at org.apache.hadoop.ipc.Server$RpcCall.run(Server.java:1035) [hadoop-common-3.3.1.jar:?]
	at org.apache.hadoop.ipc.Server$RpcCall.run(Server.java:963) [hadoop-common-3.3.1.jar:?]
	at java.security.AccessController.doPrivileged(Native Method) ~[?:1.8.0_332]
	at javax.security.auth.Subject.doAs(Subject.java:422) [?:1.8.0_332]
	at org.apache.hadoop.security.UserGroupInformation.doAs(UserGroupInformation.java:1878) [hadoop-common-3.3.1.jar:?]
	at org.apache.hadoop.ipc.Server$Handler.run(Server.java:2966) [hadoop-common-3.3.1.jar:?]
13:50:23.870 [IPC Server handler 4 on default port 46277] ERROR OMAudit - user=runner | ip=127.0.0.1 | op=READ_BUCKET {volume=volume-15684, bucket=bucket3} | ret=FAILURE
org.apache.hadoop.ozone.om.exceptions.OMException: Volume not found when getting bucket info
	at org.apache.hadoop.ozone.om.BucketManagerImpl.getBucketInfo(BucketManagerImpl.java:127) ~[ozone-manager-1.3.0-SNAPSHOT.jar:?]
	at org.apache.hadoop.ozone.om.OzoneManager.getBucketInfo(OzoneManager.java:2779) ~[ozone-manager-1.3.0-SNAPSHOT.jar:?]
	at org.apache.hadoop.ozone.protocolPB.OzoneManagerRequestHandler.infoBucket(OzoneManagerRequestHandler.java:471) ~[ozone-manager-1.3.0-SNAPSHOT.jar:?]
	at org.apache.hadoop.ozone.protocolPB.OzoneManagerRequestHandler.handleReadRequest(OzoneManagerRequestHandler.java:174) ~[ozone-manager-1.3.0-SNAPSHOT.jar:?]
	at org.apache.hadoop.ozone.protocolPB.OzoneManagerProtocolServerSideTranslatorPB.submitReadRequestToOM(OzoneManagerProtocolServerSideTranslatorPB.java:226) ~[ozone-manager-1.3.0-SNAPSHOT.jar:?]
	at org.apache.hadoop.ozone.protocolPB.OzoneManagerProtocolServerSideTranslatorPB.processRequest(OzoneManagerProtocolServerSideTranslatorPB.java:175) ~[ozone-manager-1.3.0-SNAPSHOT.jar:?]
	at org.apache.hadoop.hdds.server.OzoneProtocolMessageDispatcher.processRequest(OzoneProtocolMessageDispatcher.java:87) [hdds-server-framework-1.3.0-SNAPSHOT.jar:?]
	at org.apache.hadoop.ozone.protocolPB.OzoneManagerProtocolServerSideTranslatorPB.submitRequest(OzoneManagerProtocolServerSideTranslatorPB.java:147) [ozone-manager-1.3.0-SNAPSHOT.jar:?]
	at org.apache.hadoop.ozone.protocol.proto.OzoneManagerProtocolProtos$OzoneManagerService$2.callBlockingMethod(OzoneManagerProtocolProtos.java) [ozone-interface-client-1.3.0-SNAPSHOT.jar:?]
	at org.apache.hadoop.ipc.ProtobufRpcEngine$Server.processCall(ProtobufRpcEngine.java:466) [hadoop-common-3.3.1.jar:?]
	at org.apache.hadoop.ipc.ProtobufRpcEngine2$Server$ProtoBufRpcInvoker.call(ProtobufRpcEngine2.java:574) [hadoop-common-3.3.1.jar:?]
	at org.apache.hadoop.ipc.ProtobufRpcEngine2$Server$ProtoBufRpcInvoker.call(ProtobufRpcEngine2.java:552) [hadoop-common-3.3.1.jar:?]
	at org.apache.hadoop.ipc.RPC$Server.call(RPC.java:1093) [hadoop-common-3.3.1.jar:?]
	at org.apache.hadoop.ipc.Server$RpcCall.run(Server.java:1035) [hadoop-common-3.3.1.jar:?]
	at org.apache.hadoop.ipc.Server$RpcCall.run(Server.java:963) [hadoop-common-3.3.1.jar:?]
	at java.security.AccessController.doPrivileged(Native Method) ~[?:1.8.0_332]
	at javax.security.auth.Subject.doAs(Subject.java:422) [?:1.8.0_332]
	at org.apache.hadoop.security.UserGroupInformation.doAs(UserGroupInformation.java:1878) [hadoop-common-3.3.1.jar:?]
	at org.apache.hadoop.ipc.Server$Handler.run(Server.java:2966) [hadoop-common-3.3.1.jar:?]
2022-07-27 13:50:23,871 [Time-limited test] INFO  rpc.RpcClient (RpcClient.java:createVolume(467)) - Creating Volume: volume-15684, with runner as owner and space quota set to -1 bytes, counts quota set to -1
2022-07-27 13:50:23,872 [OM StateMachine ApplyTransaction Thread - 0] INFO  volume.OMVolumeCreateRequest (OMVolumeCreateRequest.java:validateAndUpdateCache(195)) - created volume:volume-15684 for user:runner
2022-07-27 13:50:23,872 [Time-limited test] INFO  rpc.RpcClient (RpcClient.java:createBucket(670)) - Creating Bucket: volume-15684/bucket3, with bucket layout LEGACY, runner as owner, Versioning false, Storage Type set to DISK and Encryption set to false 
2022-07-27 13:50:23,873 [OM StateMachine ApplyTransaction Thread - 0] INFO  bucket.OMBucketCreateRequest (OMBucketCreateRequest.java:validateAndUpdateCache(260)) - created bucket: bucket3 of layout LEGACY in volume: volume-15684
13:50:23.883 [IPC Server handler 9 on default port 46277] ERROR OMAudit - user=runner | ip=127.0.0.1 | op=READ_VOLUME {volume=volume-15684} | ret=FAILURE
org.apache.hadoop.ozone.om.exceptions.OMException: Volume volume-15684 is not found
	at org.apache.hadoop.ozone.om.VolumeManagerImpl.getVolumeInfo(VolumeManagerImpl.java:74) ~[ozone-manager-1.3.0-SNAPSHOT.jar:?]
	at org.apache.hadoop.ozone.om.OzoneManager.getVolumeInfo(OzoneManager.java:2603) ~[ozone-manager-1.3.0-SNAPSHOT.jar:?]
	at org.apache.hadoop.ozone.protocolPB.OzoneManagerRequestHandler.infoVolume(OzoneManagerRequestHandler.java:397) ~[ozone-manager-1.3.0-SNAPSHOT.jar:?]
	at org.apache.hadoop.ozone.protocolPB.OzoneManagerRequestHandler.handleReadRequest(OzoneManagerRequestHandler.java:164) ~[ozone-manager-1.3.0-SNAPSHOT.jar:?]
	at org.apache.hadoop.ozone.protocolPB.OzoneManagerProtocolServerSideTranslatorPB.submitReadRequestToOM(OzoneManagerProtocolServerSideTranslatorPB.java:226) ~[ozone-manager-1.3.0-SNAPSHOT.jar:?]
	at org.apache.hadoop.ozone.protocolPB.OzoneManagerProtocolServerSideTranslatorPB.processRequest(OzoneManagerProtocolServerSideTranslatorPB.java:175) ~[ozone-manager-1.3.0-SNAPSHOT.jar:?]
	at org.apache.hadoop.hdds.server.OzoneProtocolMessageDispatcher.processRequest(OzoneProtocolMessageDispatcher.java:87) [hdds-server-framework-1.3.0-SNAPSHOT.jar:?]
	at org.apache.hadoop.ozone.protocolPB.OzoneManagerProtocolServerSideTranslatorPB.submitRequest(OzoneManagerProtocolServerSideTranslatorPB.java:147) [ozone-manager-1.3.0-SNAPSHOT.jar:?]
	at org.apache.hadoop.ozone.protocol.proto.OzoneManagerProtocolProtos$OzoneManagerService$2.callBlockingMethod(OzoneManagerProtocolProtos.java) [ozone-interface-client-1.3.0-SNAPSHOT.jar:?]
	at org.apache.hadoop.ipc.ProtobufRpcEngine$Server.processCall(ProtobufRpcEngine.java:466) [hadoop-common-3.3.1.jar:?]
	at org.apache.hadoop.ipc.ProtobufRpcEngine2$Server$ProtoBufRpcInvoker.call(ProtobufRpcEngine2.java:574) [hadoop-common-3.3.1.jar:?]
	at org.apache.hadoop.ipc.ProtobufRpcEngine2$Server$ProtoBufRpcInvoker.call(ProtobufRpcEngine2.java:552) [hadoop-common-3.3.1.jar:?]
	at org.apache.hadoop.ipc.RPC$Server.call(RPC.java:1093) [hadoop-common-3.3.1.jar:?]
	at org.apache.hadoop.ipc.Server$RpcCall.run(Server.java:1035) [hadoop-common-3.3.1.jar:?]
	at org.apache.hadoop.ipc.Server$RpcCall.run(Server.java:963) [hadoop-common-3.3.1.jar:?]
	at java.security.AccessController.doPrivileged(Native Method) ~[?:1.8.0_332]
	at javax.security.auth.Subject.doAs(Subject.java:422) [?:1.8.0_332]
	at org.apache.hadoop.security.UserGroupInformation.doAs(UserGroupInformation.java:1878) [hadoop-common-3.3.1.jar:?]
	at org.apache.hadoop.ipc.Server$Handler.run(Server.java:2966) [hadoop-common-3.3.1.jar:?]
]]></system-out>
  </testcase>
  <testcase name="testDeleteVolumeBucketAndKey" classname="TestRootedOzoneFileSystem" time="0.183">
    <system-out><![CDATA[2022-07-27 13:51:33,252 [Time-limited test] INFO  rpc.RpcClient (RpcClient.java:createVolume(467)) - Creating Volume: volume15008, with user70496 as owner and space quota set to -1 bytes, counts quota set to -1
2022-07-27 13:51:33,252 [IPC Server handler 16 on default port 45285] INFO  volume.OMVolumeCreateRequest (OMVolumeCreateRequest.java:validateAndUpdateCache(195)) - created volume:volume15008 for user:user70496
2022-07-27 13:51:33,257 [Time-limited test] INFO  rpc.RpcClient (RpcClient.java:createBucket(670)) - Creating Bucket: volume15008/bucket88853, with bucket layout LEGACY, runner as owner, Versioning false, Storage Type set to DISK and Encryption set to false 
2022-07-27 13:51:33,259 [IPC Server handler 19 on default port 45285] INFO  bucket.OMBucketCreateRequest (OMBucketCreateRequest.java:validateAndUpdateCache(260)) - created bucket: bucket88853 of layout LEGACY in volume: volume15008
13:51:33.264 [IPC Server handler 2 on default port 45285] ERROR OMAudit - user=runner | ip=127.0.0.1 | op=READ_BUCKET {volume=volume-61190, bucket=bucket3} | ret=FAILURE
org.apache.hadoop.ozone.om.exceptions.OMException: Volume not found when getting bucket info
	at org.apache.hadoop.ozone.om.BucketManagerImpl.getBucketInfo(BucketManagerImpl.java:127) ~[ozone-manager-1.3.0-SNAPSHOT.jar:?]
	at org.apache.hadoop.ozone.om.OzoneManager.getBucketInfo(OzoneManager.java:2779) ~[ozone-manager-1.3.0-SNAPSHOT.jar:?]
	at org.apache.hadoop.ozone.protocolPB.OzoneManagerRequestHandler.infoBucket(OzoneManagerRequestHandler.java:471) ~[ozone-manager-1.3.0-SNAPSHOT.jar:?]
	at org.apache.hadoop.ozone.protocolPB.OzoneManagerRequestHandler.handleReadRequest(OzoneManagerRequestHandler.java:174) ~[ozone-manager-1.3.0-SNAPSHOT.jar:?]
	at org.apache.hadoop.ozone.protocolPB.OzoneManagerProtocolServerSideTranslatorPB.submitRequestDirectlyToOM(OzoneManagerProtocolServerSideTranslatorPB.java:276) ~[ozone-manager-1.3.0-SNAPSHOT.jar:?]
	at org.apache.hadoop.ozone.protocolPB.OzoneManagerProtocolServerSideTranslatorPB.processRequest(OzoneManagerProtocolServerSideTranslatorPB.java:205) ~[ozone-manager-1.3.0-SNAPSHOT.jar:?]
	at org.apache.hadoop.hdds.server.OzoneProtocolMessageDispatcher.processRequest(OzoneProtocolMessageDispatcher.java:87) [hdds-server-framework-1.3.0-SNAPSHOT.jar:?]
	at org.apache.hadoop.ozone.protocolPB.OzoneManagerProtocolServerSideTranslatorPB.submitRequest(OzoneManagerProtocolServerSideTranslatorPB.java:147) [ozone-manager-1.3.0-SNAPSHOT.jar:?]
	at org.apache.hadoop.ozone.protocol.proto.OzoneManagerProtocolProtos$OzoneManagerService$2.callBlockingMethod(OzoneManagerProtocolProtos.java) [ozone-interface-client-1.3.0-SNAPSHOT.jar:?]
	at org.apache.hadoop.ipc.ProtobufRpcEngine$Server.processCall(ProtobufRpcEngine.java:466) [hadoop-common-3.3.1.jar:?]
	at org.apache.hadoop.ipc.ProtobufRpcEngine2$Server$ProtoBufRpcInvoker.call(ProtobufRpcEngine2.java:574) [hadoop-common-3.3.1.jar:?]
	at org.apache.hadoop.ipc.ProtobufRpcEngine2$Server$ProtoBufRpcInvoker.call(ProtobufRpcEngine2.java:552) [hadoop-common-3.3.1.jar:?]
	at org.apache.hadoop.ipc.RPC$Server.call(RPC.java:1093) [hadoop-common-3.3.1.jar:?]
	at org.apache.hadoop.ipc.Server$RpcCall.run(Server.java:1035) [hadoop-common-3.3.1.jar:?]
	at org.apache.hadoop.ipc.Server$RpcCall.run(Server.java:963) [hadoop-common-3.3.1.jar:?]
	at java.security.AccessController.doPrivileged(Native Method) ~[?:1.8.0_332]
	at javax.security.auth.Subject.doAs(Subject.java:422) [?:1.8.0_332]
	at org.apache.hadoop.security.UserGroupInformation.doAs(UserGroupInformation.java:1878) [hadoop-common-3.3.1.jar:?]
	at org.apache.hadoop.ipc.Server$Handler.run(Server.java:2966) [hadoop-common-3.3.1.jar:?]
2022-07-27 13:51:33,264 [Time-limited test] INFO  rpc.RpcClient (RpcClient.java:createVolume(467)) - Creating Volume: volume-61190, with runner as owner and space quota set to -1 bytes, counts quota set to -1
2022-07-27 13:51:33,265 [IPC Server handler 0 on default port 45285] INFO  volume.OMVolumeCreateRequest (OMVolumeCreateRequest.java:validateAndUpdateCache(195)) - created volume:volume-61190 for user:runner
2022-07-27 13:51:33,269 [Time-limited test] INFO  rpc.RpcClient (RpcClient.java:createBucket(670)) - Creating Bucket: volume-61190/bucket3, with bucket layout LEGACY, runner as owner, Versioning false, Storage Type set to DISK and Encryption set to false 
2022-07-27 13:51:33,270 [IPC Server handler 5 on default port 45285] INFO  bucket.OMBucketCreateRequest (OMBucketCreateRequest.java:validateAndUpdateCache(260)) - created bucket: bucket3 of layout LEGACY in volume: volume-61190
13:51:33.274 [IPC Server handler 8 on default port 45285] ERROR OMAudit - user=runner | ip=127.0.0.1 | op=DELETE_VOLUME {volume=volume-61190} | ret=FAILURE
org.apache.hadoop.ozone.om.exceptions.OMException: null
	at org.apache.hadoop.ozone.om.request.volume.OMVolumeDeleteRequest.validateAndUpdateCache(OMVolumeDeleteRequest.java:122) ~[ozone-manager-1.3.0-SNAPSHOT.jar:?]
	at org.apache.hadoop.ozone.protocolPB.OzoneManagerRequestHandler.handleWriteRequest(OzoneManagerRequestHandler.java:300) ~[ozone-manager-1.3.0-SNAPSHOT.jar:?]
	at org.apache.hadoop.ozone.protocolPB.OzoneManagerProtocolServerSideTranslatorPB.submitRequestDirectlyToOM(OzoneManagerProtocolServerSideTranslatorPB.java:282) ~[ozone-manager-1.3.0-SNAPSHOT.jar:?]
	at org.apache.hadoop.ozone.protocolPB.OzoneManagerProtocolServerSideTranslatorPB.processRequest(OzoneManagerProtocolServerSideTranslatorPB.java:205) ~[ozone-manager-1.3.0-SNAPSHOT.jar:?]
	at org.apache.hadoop.hdds.server.OzoneProtocolMessageDispatcher.processRequest(OzoneProtocolMessageDispatcher.java:87) [hdds-server-framework-1.3.0-SNAPSHOT.jar:?]
	at org.apache.hadoop.ozone.protocolPB.OzoneManagerProtocolServerSideTranslatorPB.submitRequest(OzoneManagerProtocolServerSideTranslatorPB.java:147) [ozone-manager-1.3.0-SNAPSHOT.jar:?]
	at org.apache.hadoop.ozone.protocol.proto.OzoneManagerProtocolProtos$OzoneManagerService$2.callBlockingMethod(OzoneManagerProtocolProtos.java) [ozone-interface-client-1.3.0-SNAPSHOT.jar:?]
	at org.apache.hadoop.ipc.ProtobufRpcEngine$Server.processCall(ProtobufRpcEngine.java:466) [hadoop-common-3.3.1.jar:?]
	at org.apache.hadoop.ipc.ProtobufRpcEngine2$Server$ProtoBufRpcInvoker.call(ProtobufRpcEngine2.java:574) [hadoop-common-3.3.1.jar:?]
	at org.apache.hadoop.ipc.ProtobufRpcEngine2$Server$ProtoBufRpcInvoker.call(ProtobufRpcEngine2.java:552) [hadoop-common-3.3.1.jar:?]
	at org.apache.hadoop.ipc.RPC$Server.call(RPC.java:1093) [hadoop-common-3.3.1.jar:?]
	at org.apache.hadoop.ipc.Server$RpcCall.run(Server.java:1035) [hadoop-common-3.3.1.jar:?]
	at org.apache.hadoop.ipc.Server$RpcCall.run(Server.java:963) [hadoop-common-3.3.1.jar:?]
	at java.security.AccessController.doPrivileged(Native Method) ~[?:1.8.0_332]
	at javax.security.auth.Subject.doAs(Subject.java:422) [?:1.8.0_332]
	at org.apache.hadoop.security.UserGroupInformation.doAs(UserGroupInformation.java:1878) [hadoop-common-3.3.1.jar:?]
	at org.apache.hadoop.ipc.Server$Handler.run(Server.java:2966) [hadoop-common-3.3.1.jar:?]
2022-07-27 13:51:33,274 [IPC Server handler 8 on default port 45285] ERROR volume.OMVolumeDeleteRequest (OMVolumeDeleteRequest.java:validateAndUpdateCache(170)) - Volume deletion failed for user:runner volume:volume-61190
VOLUME_NOT_EMPTY org.apache.hadoop.ozone.om.exceptions.OMException
	at org.apache.hadoop.ozone.om.request.volume.OMVolumeDeleteRequest.validateAndUpdateCache(OMVolumeDeleteRequest.java:122)
	at org.apache.hadoop.ozone.protocolPB.OzoneManagerRequestHandler.handleWriteRequest(OzoneManagerRequestHandler.java:300)
	at org.apache.hadoop.ozone.protocolPB.OzoneManagerProtocolServerSideTranslatorPB.submitRequestDirectlyToOM(OzoneManagerProtocolServerSideTranslatorPB.java:282)
	at org.apache.hadoop.ozone.protocolPB.OzoneManagerProtocolServerSideTranslatorPB.processRequest(OzoneManagerProtocolServerSideTranslatorPB.java:205)
	at org.apache.hadoop.hdds.server.OzoneProtocolMessageDispatcher.processRequest(OzoneProtocolMessageDispatcher.java:87)
	at org.apache.hadoop.ozone.protocolPB.OzoneManagerProtocolServerSideTranslatorPB.submitRequest(OzoneManagerProtocolServerSideTranslatorPB.java:147)
	at org.apache.hadoop.ozone.protocol.proto.OzoneManagerProtocolProtos$OzoneManagerService$2.callBlockingMethod(OzoneManagerProtocolProtos.java)
	at org.apache.hadoop.ipc.ProtobufRpcEngine$Server.processCall(ProtobufRpcEngine.java:466)
	at org.apache.hadoop.ipc.ProtobufRpcEngine2$Server$ProtoBufRpcInvoker.call(ProtobufRpcEngine2.java:574)
	at org.apache.hadoop.ipc.ProtobufRpcEngine2$Server$ProtoBufRpcInvoker.call(ProtobufRpcEngine2.java:552)
	at org.apache.hadoop.ipc.RPC$Server.call(RPC.java:1093)
	at org.apache.hadoop.ipc.Server$RpcCall.run(Server.java:1035)
	at org.apache.hadoop.ipc.Server$RpcCall.run(Server.java:963)
	at java.security.AccessController.doPrivileged(Native Method)
	at javax.security.auth.Subject.doAs(Subject.java:422)
	at org.apache.hadoop.security.UserGroupInformation.doAs(UserGroupInformation.java:1878)
	at org.apache.hadoop.ipc.Server$Handler.run(Server.java:2966)
13:51:33.305 [IPC Server handler 10 on default port 45285] ERROR OMAudit - user=runner | ip=127.0.0.1 | op=READ_VOLUME {volume=volume-61190} | ret=FAILURE
org.apache.hadoop.ozone.om.exceptions.OMException: Volume volume-61190 is not found
	at org.apache.hadoop.ozone.om.VolumeManagerImpl.getVolumeInfo(VolumeManagerImpl.java:74) ~[ozone-manager-1.3.0-SNAPSHOT.jar:?]
	at org.apache.hadoop.ozone.om.OzoneManager.getVolumeInfo(OzoneManager.java:2603) ~[ozone-manager-1.3.0-SNAPSHOT.jar:?]
	at org.apache.hadoop.ozone.protocolPB.OzoneManagerRequestHandler.infoVolume(OzoneManagerRequestHandler.java:397) ~[ozone-manager-1.3.0-SNAPSHOT.jar:?]
	at org.apache.hadoop.ozone.protocolPB.OzoneManagerRequestHandler.handleReadRequest(OzoneManagerRequestHandler.java:164) ~[ozone-manager-1.3.0-SNAPSHOT.jar:?]
	at org.apache.hadoop.ozone.protocolPB.OzoneManagerProtocolServerSideTranslatorPB.submitRequestDirectlyToOM(OzoneManagerProtocolServerSideTranslatorPB.java:276) ~[ozone-manager-1.3.0-SNAPSHOT.jar:?]
	at org.apache.hadoop.ozone.protocolPB.OzoneManagerProtocolServerSideTranslatorPB.processRequest(OzoneManagerProtocolServerSideTranslatorPB.java:205) ~[ozone-manager-1.3.0-SNAPSHOT.jar:?]
	at org.apache.hadoop.hdds.server.OzoneProtocolMessageDispatcher.processRequest(OzoneProtocolMessageDispatcher.java:87) [hdds-server-framework-1.3.0-SNAPSHOT.jar:?]
	at org.apache.hadoop.ozone.protocolPB.OzoneManagerProtocolServerSideTranslatorPB.submitRequest(OzoneManagerProtocolServerSideTranslatorPB.java:147) [ozone-manager-1.3.0-SNAPSHOT.jar:?]
	at org.apache.hadoop.ozone.protocol.proto.OzoneManagerProtocolProtos$OzoneManagerService$2.callBlockingMethod(OzoneManagerProtocolProtos.java) [ozone-interface-client-1.3.0-SNAPSHOT.jar:?]
	at org.apache.hadoop.ipc.ProtobufRpcEngine$Server.processCall(ProtobufRpcEngine.java:466) [hadoop-common-3.3.1.jar:?]
	at org.apache.hadoop.ipc.ProtobufRpcEngine2$Server$ProtoBufRpcInvoker.call(ProtobufRpcEngine2.java:574) [hadoop-common-3.3.1.jar:?]
	at org.apache.hadoop.ipc.ProtobufRpcEngine2$Server$ProtoBufRpcInvoker.call(ProtobufRpcEngine2.java:552) [hadoop-common-3.3.1.jar:?]
	at org.apache.hadoop.ipc.RPC$Server.call(RPC.java:1093) [hadoop-common-3.3.1.jar:?]
	at org.apache.hadoop.ipc.Server$RpcCall.run(Server.java:1035) [hadoop-common-3.3.1.jar:?]
	at org.apache.hadoop.ipc.Server$RpcCall.run(Server.java:963) [hadoop-common-3.3.1.jar:?]
	at java.security.AccessController.doPrivileged(Native Method) ~[?:1.8.0_332]
	at javax.security.auth.Subject.doAs(Subject.java:422) [?:1.8.0_332]
	at org.apache.hadoop.security.UserGroupInformation.doAs(UserGroupInformation.java:1878) [hadoop-common-3.3.1.jar:?]
	at org.apache.hadoop.ipc.Server$Handler.run(Server.java:2966) [hadoop-common-3.3.1.jar:?]
13:51:33.306 [IPC Server handler 11 on default port 45285] ERROR OMAudit - user=runner | ip=127.0.0.1 | op=READ_BUCKET {volume=volume-61190, bucket=bucket3} | ret=FAILURE
org.apache.hadoop.ozone.om.exceptions.OMException: Volume not found when getting bucket info
	at org.apache.hadoop.ozone.om.BucketManagerImpl.getBucketInfo(BucketManagerImpl.java:127) ~[ozone-manager-1.3.0-SNAPSHOT.jar:?]
	at org.apache.hadoop.ozone.om.OzoneManager.getBucketInfo(OzoneManager.java:2779) ~[ozone-manager-1.3.0-SNAPSHOT.jar:?]
	at org.apache.hadoop.ozone.protocolPB.OzoneManagerRequestHandler.infoBucket(OzoneManagerRequestHandler.java:471) ~[ozone-manager-1.3.0-SNAPSHOT.jar:?]
	at org.apache.hadoop.ozone.protocolPB.OzoneManagerRequestHandler.handleReadRequest(OzoneManagerRequestHandler.java:174) ~[ozone-manager-1.3.0-SNAPSHOT.jar:?]
	at org.apache.hadoop.ozone.protocolPB.OzoneManagerProtocolServerSideTranslatorPB.submitRequestDirectlyToOM(OzoneManagerProtocolServerSideTranslatorPB.java:276) ~[ozone-manager-1.3.0-SNAPSHOT.jar:?]
	at org.apache.hadoop.ozone.protocolPB.OzoneManagerProtocolServerSideTranslatorPB.processRequest(OzoneManagerProtocolServerSideTranslatorPB.java:205) ~[ozone-manager-1.3.0-SNAPSHOT.jar:?]
	at org.apache.hadoop.hdds.server.OzoneProtocolMessageDispatcher.processRequest(OzoneProtocolMessageDispatcher.java:87) [hdds-server-framework-1.3.0-SNAPSHOT.jar:?]
	at org.apache.hadoop.ozone.protocolPB.OzoneManagerProtocolServerSideTranslatorPB.submitRequest(OzoneManagerProtocolServerSideTranslatorPB.java:147) [ozone-manager-1.3.0-SNAPSHOT.jar:?]
	at org.apache.hadoop.ozone.protocol.proto.OzoneManagerProtocolProtos$OzoneManagerService$2.callBlockingMethod(OzoneManagerProtocolProtos.java) [ozone-interface-client-1.3.0-SNAPSHOT.jar:?]
	at org.apache.hadoop.ipc.ProtobufRpcEngine$Server.processCall(ProtobufRpcEngine.java:466) [hadoop-common-3.3.1.jar:?]
	at org.apache.hadoop.ipc.ProtobufRpcEngine2$Server$ProtoBufRpcInvoker.call(ProtobufRpcEngine2.java:574) [hadoop-common-3.3.1.jar:?]
	at org.apache.hadoop.ipc.ProtobufRpcEngine2$Server$ProtoBufRpcInvoker.call(ProtobufRpcEngine2.java:552) [hadoop-common-3.3.1.jar:?]
	at org.apache.hadoop.ipc.RPC$Server.call(RPC.java:1093) [hadoop-common-3.3.1.jar:?]
	at org.apache.hadoop.ipc.Server$RpcCall.run(Server.java:1035) [hadoop-common-3.3.1.jar:?]
	at org.apache.hadoop.ipc.Server$RpcCall.run(Server.java:963) [hadoop-common-3.3.1.jar:?]
	at java.security.AccessController.doPrivileged(Native Method) ~[?:1.8.0_332]
	at javax.security.auth.Subject.doAs(Subject.java:422) [?:1.8.0_332]
	at org.apache.hadoop.security.UserGroupInformation.doAs(UserGroupInformation.java:1878) [hadoop-common-3.3.1.jar:?]
	at org.apache.hadoop.ipc.Server$Handler.run(Server.java:2966) [hadoop-common-3.3.1.jar:?]
2022-07-27 13:51:33,306 [Time-limited test] INFO  rpc.RpcClient (RpcClient.java:createVolume(467)) - Creating Volume: volume-61190, with runner as owner and space quota set to -1 bytes, counts quota set to -1
2022-07-27 13:51:33,307 [IPC Server handler 12 on default port 45285] INFO  volume.OMVolumeCreateRequest (OMVolumeCreateRequest.java:validateAndUpdateCache(195)) - created volume:volume-61190 for user:runner
2022-07-27 13:51:33,307 [Time-limited test] INFO  rpc.RpcClient (RpcClient.java:createBucket(670)) - Creating Bucket: volume-61190/bucket3, with bucket layout LEGACY, runner as owner, Versioning false, Storage Type set to DISK and Encryption set to false 
2022-07-27 13:51:33,308 [IPC Server handler 14 on default port 45285] INFO  bucket.OMBucketCreateRequest (OMBucketCreateRequest.java:validateAndUpdateCache(260)) - created bucket: bucket3 of layout LEGACY in volume: volume-61190
13:51:33.316 [IPC Server handler 16 on default port 45285] ERROR OMAudit - user=runner | ip=127.0.0.1 | op=READ_VOLUME {volume=volume-61190} | ret=FAILURE
org.apache.hadoop.ozone.om.exceptions.OMException: Volume volume-61190 is not found
	at org.apache.hadoop.ozone.om.VolumeManagerImpl.getVolumeInfo(VolumeManagerImpl.java:74) ~[ozone-manager-1.3.0-SNAPSHOT.jar:?]
	at org.apache.hadoop.ozone.om.OzoneManager.getVolumeInfo(OzoneManager.java:2603) ~[ozone-manager-1.3.0-SNAPSHOT.jar:?]
	at org.apache.hadoop.ozone.protocolPB.OzoneManagerRequestHandler.infoVolume(OzoneManagerRequestHandler.java:397) ~[ozone-manager-1.3.0-SNAPSHOT.jar:?]
	at org.apache.hadoop.ozone.protocolPB.OzoneManagerRequestHandler.handleReadRequest(OzoneManagerRequestHandler.java:164) ~[ozone-manager-1.3.0-SNAPSHOT.jar:?]
	at org.apache.hadoop.ozone.protocolPB.OzoneManagerProtocolServerSideTranslatorPB.submitRequestDirectlyToOM(OzoneManagerProtocolServerSideTranslatorPB.java:276) ~[ozone-manager-1.3.0-SNAPSHOT.jar:?]
	at org.apache.hadoop.ozone.protocolPB.OzoneManagerProtocolServerSideTranslatorPB.processRequest(OzoneManagerProtocolServerSideTranslatorPB.java:205) ~[ozone-manager-1.3.0-SNAPSHOT.jar:?]
	at org.apache.hadoop.hdds.server.OzoneProtocolMessageDispatcher.processRequest(OzoneProtocolMessageDispatcher.java:87) [hdds-server-framework-1.3.0-SNAPSHOT.jar:?]
	at org.apache.hadoop.ozone.protocolPB.OzoneManagerProtocolServerSideTranslatorPB.submitRequest(OzoneManagerProtocolServerSideTranslatorPB.java:147) [ozone-manager-1.3.0-SNAPSHOT.jar:?]
	at org.apache.hadoop.ozone.protocol.proto.OzoneManagerProtocolProtos$OzoneManagerService$2.callBlockingMethod(OzoneManagerProtocolProtos.java) [ozone-interface-client-1.3.0-SNAPSHOT.jar:?]
	at org.apache.hadoop.ipc.ProtobufRpcEngine$Server.processCall(ProtobufRpcEngine.java:466) [hadoop-common-3.3.1.jar:?]
	at org.apache.hadoop.ipc.ProtobufRpcEngine2$Server$ProtoBufRpcInvoker.call(ProtobufRpcEngine2.java:574) [hadoop-common-3.3.1.jar:?]
	at org.apache.hadoop.ipc.ProtobufRpcEngine2$Server$ProtoBufRpcInvoker.call(ProtobufRpcEngine2.java:552) [hadoop-common-3.3.1.jar:?]
	at org.apache.hadoop.ipc.RPC$Server.call(RPC.java:1093) [hadoop-common-3.3.1.jar:?]
	at org.apache.hadoop.ipc.Server$RpcCall.run(Server.java:1035) [hadoop-common-3.3.1.jar:?]
	at org.apache.hadoop.ipc.Server$RpcCall.run(Server.java:963) [hadoop-common-3.3.1.jar:?]
	at java.security.AccessController.doPrivileged(Native Method) ~[?:1.8.0_332]
	at javax.security.auth.Subject.doAs(Subject.java:422) [?:1.8.0_332]
	at org.apache.hadoop.security.UserGroupInformation.doAs(UserGroupInformation.java:1878) [hadoop-common-3.3.1.jar:?]
	at org.apache.hadoop.ipc.Server$Handler.run(Server.java:2966) [hadoop-common-3.3.1.jar:?]
]]></system-out>
  </testcase>
  <testcase name="testDeleteVolumeBucketAndKey" classname="TestRootedOzoneFileSystem" time="0.213">
    <system-out><![CDATA[2022-07-27 13:52:50,908 [Time-limited test] INFO  rpc.RpcClient (RpcClient.java:createVolume(467)) - Creating Volume: volume07112, with user67057 as owner and space quota set to -1 bytes, counts quota set to -1
2022-07-27 13:52:50,909 [OM StateMachine ApplyTransaction Thread - 0] INFO  volume.OMVolumeCreateRequest (OMVolumeCreateRequest.java:validateAndUpdateCache(195)) - created volume:volume07112 for user:user67057
2022-07-27 13:52:50,910 [Time-limited test] INFO  rpc.RpcClient (RpcClient.java:createBucket(670)) - Creating Bucket: volume07112/bucket91175, with bucket layout LEGACY, runner as owner, Versioning false, Storage Type set to DISK and Encryption set to false 
2022-07-27 13:52:50,911 [OM StateMachine ApplyTransaction Thread - 0] INFO  bucket.OMBucketCreateRequest (OMBucketCreateRequest.java:validateAndUpdateCache(260)) - created bucket: bucket91175 of layout LEGACY in volume: volume07112
13:52:50.913 [IPC Server handler 14 on default port 34829] ERROR OMAudit - user=runner | ip=127.0.0.1 | op=READ_BUCKET {volume=volume-42862, bucket=bucket3} | ret=FAILURE
org.apache.hadoop.ozone.om.exceptions.OMException: Volume not found when getting bucket info
	at org.apache.hadoop.ozone.om.BucketManagerImpl.getBucketInfo(BucketManagerImpl.java:127) ~[ozone-manager-1.3.0-SNAPSHOT.jar:?]
	at org.apache.hadoop.ozone.om.OzoneManager.getBucketInfo(OzoneManager.java:2779) ~[ozone-manager-1.3.0-SNAPSHOT.jar:?]
	at org.apache.hadoop.ozone.protocolPB.OzoneManagerRequestHandler.infoBucket(OzoneManagerRequestHandler.java:471) ~[ozone-manager-1.3.0-SNAPSHOT.jar:?]
	at org.apache.hadoop.ozone.protocolPB.OzoneManagerRequestHandler.handleReadRequest(OzoneManagerRequestHandler.java:174) ~[ozone-manager-1.3.0-SNAPSHOT.jar:?]
	at org.apache.hadoop.ozone.protocolPB.OzoneManagerProtocolServerSideTranslatorPB.submitReadRequestToOM(OzoneManagerProtocolServerSideTranslatorPB.java:226) ~[ozone-manager-1.3.0-SNAPSHOT.jar:?]
	at org.apache.hadoop.ozone.protocolPB.OzoneManagerProtocolServerSideTranslatorPB.processRequest(OzoneManagerProtocolServerSideTranslatorPB.java:175) ~[ozone-manager-1.3.0-SNAPSHOT.jar:?]
	at org.apache.hadoop.hdds.server.OzoneProtocolMessageDispatcher.processRequest(OzoneProtocolMessageDispatcher.java:87) [hdds-server-framework-1.3.0-SNAPSHOT.jar:?]
	at org.apache.hadoop.ozone.protocolPB.OzoneManagerProtocolServerSideTranslatorPB.submitRequest(OzoneManagerProtocolServerSideTranslatorPB.java:147) [ozone-manager-1.3.0-SNAPSHOT.jar:?]
	at org.apache.hadoop.ozone.protocol.proto.OzoneManagerProtocolProtos$OzoneManagerService$2.callBlockingMethod(OzoneManagerProtocolProtos.java) [ozone-interface-client-1.3.0-SNAPSHOT.jar:?]
	at org.apache.hadoop.ipc.ProtobufRpcEngine$Server.processCall(ProtobufRpcEngine.java:466) [hadoop-common-3.3.1.jar:?]
	at org.apache.hadoop.ipc.ProtobufRpcEngine2$Server$ProtoBufRpcInvoker.call(ProtobufRpcEngine2.java:574) [hadoop-common-3.3.1.jar:?]
	at org.apache.hadoop.ipc.ProtobufRpcEngine2$Server$ProtoBufRpcInvoker.call(ProtobufRpcEngine2.java:552) [hadoop-common-3.3.1.jar:?]
	at org.apache.hadoop.ipc.RPC$Server.call(RPC.java:1093) [hadoop-common-3.3.1.jar:?]
	at org.apache.hadoop.ipc.Server$RpcCall.run(Server.java:1035) [hadoop-common-3.3.1.jar:?]
	at org.apache.hadoop.ipc.Server$RpcCall.run(Server.java:963) [hadoop-common-3.3.1.jar:?]
	at java.security.AccessController.doPrivileged(Native Method) ~[?:1.8.0_332]
	at javax.security.auth.Subject.doAs(Subject.java:422) [?:1.8.0_332]
	at org.apache.hadoop.security.UserGroupInformation.doAs(UserGroupInformation.java:1878) [hadoop-common-3.3.1.jar:?]
	at org.apache.hadoop.ipc.Server$Handler.run(Server.java:2966) [hadoop-common-3.3.1.jar:?]
2022-07-27 13:52:50,913 [Time-limited test] INFO  rpc.RpcClient (RpcClient.java:createVolume(467)) - Creating Volume: volume-42862, with runner as owner and space quota set to -1 bytes, counts quota set to -1
2022-07-27 13:52:50,914 [OM StateMachine ApplyTransaction Thread - 0] INFO  volume.OMVolumeCreateRequest (OMVolumeCreateRequest.java:validateAndUpdateCache(195)) - created volume:volume-42862 for user:runner
2022-07-27 13:52:50,915 [Time-limited test] INFO  rpc.RpcClient (RpcClient.java:createBucket(670)) - Creating Bucket: volume-42862/bucket3, with bucket layout LEGACY, runner as owner, Versioning false, Storage Type set to DISK and Encryption set to false 
2022-07-27 13:52:50,920 [OM StateMachine ApplyTransaction Thread - 0] INFO  bucket.OMBucketCreateRequest (OMBucketCreateRequest.java:validateAndUpdateCache(260)) - created bucket: bucket3 of layout LEGACY in volume: volume-42862
13:52:50.934 [OM StateMachine ApplyTransaction Thread - 0] ERROR OMAudit - user=runner | ip=127.0.0.1 | op=DELETE_VOLUME {volume=volume-42862} | ret=FAILURE
org.apache.hadoop.ozone.om.exceptions.OMException: null
	at org.apache.hadoop.ozone.om.request.volume.OMVolumeDeleteRequest.validateAndUpdateCache(OMVolumeDeleteRequest.java:122) ~[ozone-manager-1.3.0-SNAPSHOT.jar:?]
	at org.apache.hadoop.ozone.protocolPB.OzoneManagerRequestHandler.handleWriteRequest(OzoneManagerRequestHandler.java:300) ~[ozone-manager-1.3.0-SNAPSHOT.jar:?]
	at org.apache.hadoop.ozone.om.ratis.OzoneManagerStateMachine.runCommand(OzoneManagerStateMachine.java:529) ~[ozone-manager-1.3.0-SNAPSHOT.jar:?]
	at org.apache.hadoop.ozone.om.ratis.OzoneManagerStateMachine.lambda$1(OzoneManagerStateMachine.java:324) ~[ozone-manager-1.3.0-SNAPSHOT.jar:?]
	at java.util.concurrent.CompletableFuture$AsyncSupply.run(CompletableFuture.java:1604) [?:1.8.0_332]
	at java.util.concurrent.ThreadPoolExecutor.runWorker(ThreadPoolExecutor.java:1149) [?:1.8.0_332]
	at java.util.concurrent.ThreadPoolExecutor$Worker.run(ThreadPoolExecutor.java:624) [?:1.8.0_332]
	at java.lang.Thread.run(Thread.java:750) [?:1.8.0_332]
2022-07-27 13:52:50,934 [OM StateMachine ApplyTransaction Thread - 0] ERROR volume.OMVolumeDeleteRequest (OMVolumeDeleteRequest.java:validateAndUpdateCache(170)) - Volume deletion failed for user:runner volume:volume-42862
VOLUME_NOT_EMPTY org.apache.hadoop.ozone.om.exceptions.OMException
	at org.apache.hadoop.ozone.om.request.volume.OMVolumeDeleteRequest.validateAndUpdateCache(OMVolumeDeleteRequest.java:122)
	at org.apache.hadoop.ozone.protocolPB.OzoneManagerRequestHandler.handleWriteRequest(OzoneManagerRequestHandler.java:300)
	at org.apache.hadoop.ozone.om.ratis.OzoneManagerStateMachine.runCommand(OzoneManagerStateMachine.java:529)
	at org.apache.hadoop.ozone.om.ratis.OzoneManagerStateMachine.lambda$1(OzoneManagerStateMachine.java:324)
	at java.util.concurrent.CompletableFuture$AsyncSupply.run(CompletableFuture.java:1604)
	at java.util.concurrent.ThreadPoolExecutor.runWorker(ThreadPoolExecutor.java:1149)
	at java.util.concurrent.ThreadPoolExecutor$Worker.run(ThreadPoolExecutor.java:624)
	at java.lang.Thread.run(Thread.java:750)
13:52:50.971 [IPC Server handler 4 on default port 34829] ERROR OMAudit - user=runner | ip=127.0.0.1 | op=READ_VOLUME {volume=volume-42862} | ret=FAILURE
org.apache.hadoop.ozone.om.exceptions.OMException: Volume volume-42862 is not found
	at org.apache.hadoop.ozone.om.VolumeManagerImpl.getVolumeInfo(VolumeManagerImpl.java:74) ~[ozone-manager-1.3.0-SNAPSHOT.jar:?]
	at org.apache.hadoop.ozone.om.OzoneManager.getVolumeInfo(OzoneManager.java:2603) ~[ozone-manager-1.3.0-SNAPSHOT.jar:?]
	at org.apache.hadoop.ozone.protocolPB.OzoneManagerRequestHandler.infoVolume(OzoneManagerRequestHandler.java:397) ~[ozone-manager-1.3.0-SNAPSHOT.jar:?]
	at org.apache.hadoop.ozone.protocolPB.OzoneManagerRequestHandler.handleReadRequest(OzoneManagerRequestHandler.java:164) ~[ozone-manager-1.3.0-SNAPSHOT.jar:?]
	at org.apache.hadoop.ozone.protocolPB.OzoneManagerProtocolServerSideTranslatorPB.submitReadRequestToOM(OzoneManagerProtocolServerSideTranslatorPB.java:226) ~[ozone-manager-1.3.0-SNAPSHOT.jar:?]
	at org.apache.hadoop.ozone.protocolPB.OzoneManagerProtocolServerSideTranslatorPB.processRequest(OzoneManagerProtocolServerSideTranslatorPB.java:175) ~[ozone-manager-1.3.0-SNAPSHOT.jar:?]
	at org.apache.hadoop.hdds.server.OzoneProtocolMessageDispatcher.processRequest(OzoneProtocolMessageDispatcher.java:87) [hdds-server-framework-1.3.0-SNAPSHOT.jar:?]
	at org.apache.hadoop.ozone.protocolPB.OzoneManagerProtocolServerSideTranslatorPB.submitRequest(OzoneManagerProtocolServerSideTranslatorPB.java:147) [ozone-manager-1.3.0-SNAPSHOT.jar:?]
	at org.apache.hadoop.ozone.protocol.proto.OzoneManagerProtocolProtos$OzoneManagerService$2.callBlockingMethod(OzoneManagerProtocolProtos.java) [ozone-interface-client-1.3.0-SNAPSHOT.jar:?]
	at org.apache.hadoop.ipc.ProtobufRpcEngine$Server.processCall(ProtobufRpcEngine.java:466) [hadoop-common-3.3.1.jar:?]
	at org.apache.hadoop.ipc.ProtobufRpcEngine2$Server$ProtoBufRpcInvoker.call(ProtobufRpcEngine2.java:574) [hadoop-common-3.3.1.jar:?]
	at org.apache.hadoop.ipc.ProtobufRpcEngine2$Server$ProtoBufRpcInvoker.call(ProtobufRpcEngine2.java:552) [hadoop-common-3.3.1.jar:?]
	at org.apache.hadoop.ipc.RPC$Server.call(RPC.java:1093) [hadoop-common-3.3.1.jar:?]
	at org.apache.hadoop.ipc.Server$RpcCall.run(Server.java:1035) [hadoop-common-3.3.1.jar:?]
	at org.apache.hadoop.ipc.Server$RpcCall.run(Server.java:963) [hadoop-common-3.3.1.jar:?]
	at java.security.AccessController.doPrivileged(Native Method) ~[?:1.8.0_332]
	at javax.security.auth.Subject.doAs(Subject.java:422) [?:1.8.0_332]
	at org.apache.hadoop.security.UserGroupInformation.doAs(UserGroupInformation.java:1878) [hadoop-common-3.3.1.jar:?]
	at org.apache.hadoop.ipc.Server$Handler.run(Server.java:2966) [hadoop-common-3.3.1.jar:?]
13:52:50.972 [IPC Server handler 3 on default port 34829] ERROR OMAudit - user=runner | ip=127.0.0.1 | op=READ_BUCKET {volume=volume-42862, bucket=bucket3} | ret=FAILURE
org.apache.hadoop.ozone.om.exceptions.OMException: Volume not found when getting bucket info
	at org.apache.hadoop.ozone.om.BucketManagerImpl.getBucketInfo(BucketManagerImpl.java:127) ~[ozone-manager-1.3.0-SNAPSHOT.jar:?]
	at org.apache.hadoop.ozone.om.OzoneManager.getBucketInfo(OzoneManager.java:2779) ~[ozone-manager-1.3.0-SNAPSHOT.jar:?]
	at org.apache.hadoop.ozone.protocolPB.OzoneManagerRequestHandler.infoBucket(OzoneManagerRequestHandler.java:471) ~[ozone-manager-1.3.0-SNAPSHOT.jar:?]
	at org.apache.hadoop.ozone.protocolPB.OzoneManagerRequestHandler.handleReadRequest(OzoneManagerRequestHandler.java:174) ~[ozone-manager-1.3.0-SNAPSHOT.jar:?]
	at org.apache.hadoop.ozone.protocolPB.OzoneManagerProtocolServerSideTranslatorPB.submitReadRequestToOM(OzoneManagerProtocolServerSideTranslatorPB.java:226) ~[ozone-manager-1.3.0-SNAPSHOT.jar:?]
	at org.apache.hadoop.ozone.protocolPB.OzoneManagerProtocolServerSideTranslatorPB.processRequest(OzoneManagerProtocolServerSideTranslatorPB.java:175) ~[ozone-manager-1.3.0-SNAPSHOT.jar:?]
	at org.apache.hadoop.hdds.server.OzoneProtocolMessageDispatcher.processRequest(OzoneProtocolMessageDispatcher.java:87) [hdds-server-framework-1.3.0-SNAPSHOT.jar:?]
	at org.apache.hadoop.ozone.protocolPB.OzoneManagerProtocolServerSideTranslatorPB.submitRequest(OzoneManagerProtocolServerSideTranslatorPB.java:147) [ozone-manager-1.3.0-SNAPSHOT.jar:?]
	at org.apache.hadoop.ozone.protocol.proto.OzoneManagerProtocolProtos$OzoneManagerService$2.callBlockingMethod(OzoneManagerProtocolProtos.java) [ozone-interface-client-1.3.0-SNAPSHOT.jar:?]
	at org.apache.hadoop.ipc.ProtobufRpcEngine$Server.processCall(ProtobufRpcEngine.java:466) [hadoop-common-3.3.1.jar:?]
	at org.apache.hadoop.ipc.ProtobufRpcEngine2$Server$ProtoBufRpcInvoker.call(ProtobufRpcEngine2.java:574) [hadoop-common-3.3.1.jar:?]
	at org.apache.hadoop.ipc.ProtobufRpcEngine2$Server$ProtoBufRpcInvoker.call(ProtobufRpcEngine2.java:552) [hadoop-common-3.3.1.jar:?]
	at org.apache.hadoop.ipc.RPC$Server.call(RPC.java:1093) [hadoop-common-3.3.1.jar:?]
	at org.apache.hadoop.ipc.Server$RpcCall.run(Server.java:1035) [hadoop-common-3.3.1.jar:?]
	at org.apache.hadoop.ipc.Server$RpcCall.run(Server.java:963) [hadoop-common-3.3.1.jar:?]
	at java.security.AccessController.doPrivileged(Native Method) ~[?:1.8.0_332]
	at javax.security.auth.Subject.doAs(Subject.java:422) [?:1.8.0_332]
	at org.apache.hadoop.security.UserGroupInformation.doAs(UserGroupInformation.java:1878) [hadoop-common-3.3.1.jar:?]
	at org.apache.hadoop.ipc.Server$Handler.run(Server.java:2966) [hadoop-common-3.3.1.jar:?]
2022-07-27 13:52:50,972 [Time-limited test] INFO  rpc.RpcClient (RpcClient.java:createVolume(467)) - Creating Volume: volume-42862, with runner as owner and space quota set to -1 bytes, counts quota set to -1
2022-07-27 13:52:50,974 [OM StateMachine ApplyTransaction Thread - 0] INFO  volume.OMVolumeCreateRequest (OMVolumeCreateRequest.java:validateAndUpdateCache(195)) - created volume:volume-42862 for user:runner
2022-07-27 13:52:50,979 [Time-limited test] INFO  rpc.RpcClient (RpcClient.java:createBucket(670)) - Creating Bucket: volume-42862/bucket3, with bucket layout LEGACY, runner as owner, Versioning false, Storage Type set to DISK and Encryption set to false 
2022-07-27 13:52:50,981 [OM StateMachine ApplyTransaction Thread - 0] INFO  bucket.OMBucketCreateRequest (OMBucketCreateRequest.java:validateAndUpdateCache(260)) - created bucket: bucket3 of layout LEGACY in volume: volume-42862
13:52:50.997 [IPC Server handler 9 on default port 34829] ERROR OMAudit - user=runner | ip=127.0.0.1 | op=READ_VOLUME {volume=volume-42862} | ret=FAILURE
org.apache.hadoop.ozone.om.exceptions.OMException: Volume volume-42862 is not found
	at org.apache.hadoop.ozone.om.VolumeManagerImpl.getVolumeInfo(VolumeManagerImpl.java:74) ~[ozone-manager-1.3.0-SNAPSHOT.jar:?]
	at org.apache.hadoop.ozone.om.OzoneManager.getVolumeInfo(OzoneManager.java:2603) ~[ozone-manager-1.3.0-SNAPSHOT.jar:?]
	at org.apache.hadoop.ozone.protocolPB.OzoneManagerRequestHandler.infoVolume(OzoneManagerRequestHandler.java:397) ~[ozone-manager-1.3.0-SNAPSHOT.jar:?]
	at org.apache.hadoop.ozone.protocolPB.OzoneManagerRequestHandler.handleReadRequest(OzoneManagerRequestHandler.java:164) ~[ozone-manager-1.3.0-SNAPSHOT.jar:?]
	at org.apache.hadoop.ozone.protocolPB.OzoneManagerProtocolServerSideTranslatorPB.submitReadRequestToOM(OzoneManagerProtocolServerSideTranslatorPB.java:226) ~[ozone-manager-1.3.0-SNAPSHOT.jar:?]
	at org.apache.hadoop.ozone.protocolPB.OzoneManagerProtocolServerSideTranslatorPB.processRequest(OzoneManagerProtocolServerSideTranslatorPB.java:175) ~[ozone-manager-1.3.0-SNAPSHOT.jar:?]
	at org.apache.hadoop.hdds.server.OzoneProtocolMessageDispatcher.processRequest(OzoneProtocolMessageDispatcher.java:87) [hdds-server-framework-1.3.0-SNAPSHOT.jar:?]
	at org.apache.hadoop.ozone.protocolPB.OzoneManagerProtocolServerSideTranslatorPB.submitRequest(OzoneManagerProtocolServerSideTranslatorPB.java:147) [ozone-manager-1.3.0-SNAPSHOT.jar:?]
	at org.apache.hadoop.ozone.protocol.proto.OzoneManagerProtocolProtos$OzoneManagerService$2.callBlockingMethod(OzoneManagerProtocolProtos.java) [ozone-interface-client-1.3.0-SNAPSHOT.jar:?]
	at org.apache.hadoop.ipc.ProtobufRpcEngine$Server.processCall(ProtobufRpcEngine.java:466) [hadoop-common-3.3.1.jar:?]
	at org.apache.hadoop.ipc.ProtobufRpcEngine2$Server$ProtoBufRpcInvoker.call(ProtobufRpcEngine2.java:574) [hadoop-common-3.3.1.jar:?]
	at org.apache.hadoop.ipc.ProtobufRpcEngine2$Server$ProtoBufRpcInvoker.call(ProtobufRpcEngine2.java:552) [hadoop-common-3.3.1.jar:?]
	at org.apache.hadoop.ipc.RPC$Server.call(RPC.java:1093) [hadoop-common-3.3.1.jar:?]
	at org.apache.hadoop.ipc.Server$RpcCall.run(Server.java:1035) [hadoop-common-3.3.1.jar:?]
	at org.apache.hadoop.ipc.Server$RpcCall.run(Server.java:963) [hadoop-common-3.3.1.jar:?]
	at java.security.AccessController.doPrivileged(Native Method) ~[?:1.8.0_332]
	at javax.security.auth.Subject.doAs(Subject.java:422) [?:1.8.0_332]
	at org.apache.hadoop.security.UserGroupInformation.doAs(UserGroupInformation.java:1878) [hadoop-common-3.3.1.jar:?]
	at org.apache.hadoop.ipc.Server$Handler.run(Server.java:2966) [hadoop-common-3.3.1.jar:?]
]]></system-out>
  </testcase>
  <testcase name="testDeleteVolumeBucketAndKey" classname="TestRootedOzoneFileSystem" time="0.155">
    <system-out><![CDATA[2022-07-27 13:54:11,632 [Time-limited test] INFO  rpc.RpcClient (RpcClient.java:createVolume(467)) - Creating Volume: volume48486, with user93105 as owner and space quota set to -1 bytes, counts quota set to -1
2022-07-27 13:54:11,636 [IPC Server handler 15 on default port 41147] INFO  volume.OMVolumeCreateRequest (OMVolumeCreateRequest.java:validateAndUpdateCache(195)) - created volume:volume48486 for user:user93105
2022-07-27 13:54:11,639 [Time-limited test] INFO  rpc.RpcClient (RpcClient.java:createBucket(670)) - Creating Bucket: volume48486/bucket17083, with bucket layout LEGACY, runner as owner, Versioning false, Storage Type set to DISK and Encryption set to false 
2022-07-27 13:54:11,645 [IPC Server handler 13 on default port 41147] INFO  bucket.OMBucketCreateRequest (OMBucketCreateRequest.java:validateAndUpdateCache(260)) - created bucket: bucket17083 of layout LEGACY in volume: volume48486
13:54:11.649 [IPC Server handler 18 on default port 41147] ERROR OMAudit - user=runner | ip=127.0.0.1 | op=READ_BUCKET {volume=volume-63696, bucket=bucket3} | ret=FAILURE
org.apache.hadoop.ozone.om.exceptions.OMException: Volume not found when getting bucket info
	at org.apache.hadoop.ozone.om.BucketManagerImpl.getBucketInfo(BucketManagerImpl.java:127) ~[ozone-manager-1.3.0-SNAPSHOT.jar:?]
	at org.apache.hadoop.ozone.om.OzoneManager.getBucketInfo(OzoneManager.java:2779) ~[ozone-manager-1.3.0-SNAPSHOT.jar:?]
	at org.apache.hadoop.ozone.protocolPB.OzoneManagerRequestHandler.infoBucket(OzoneManagerRequestHandler.java:471) ~[ozone-manager-1.3.0-SNAPSHOT.jar:?]
	at org.apache.hadoop.ozone.protocolPB.OzoneManagerRequestHandler.handleReadRequest(OzoneManagerRequestHandler.java:174) ~[ozone-manager-1.3.0-SNAPSHOT.jar:?]
	at org.apache.hadoop.ozone.protocolPB.OzoneManagerProtocolServerSideTranslatorPB.submitRequestDirectlyToOM(OzoneManagerProtocolServerSideTranslatorPB.java:276) ~[ozone-manager-1.3.0-SNAPSHOT.jar:?]
	at org.apache.hadoop.ozone.protocolPB.OzoneManagerProtocolServerSideTranslatorPB.processRequest(OzoneManagerProtocolServerSideTranslatorPB.java:205) ~[ozone-manager-1.3.0-SNAPSHOT.jar:?]
	at org.apache.hadoop.hdds.server.OzoneProtocolMessageDispatcher.processRequest(OzoneProtocolMessageDispatcher.java:87) [hdds-server-framework-1.3.0-SNAPSHOT.jar:?]
	at org.apache.hadoop.ozone.protocolPB.OzoneManagerProtocolServerSideTranslatorPB.submitRequest(OzoneManagerProtocolServerSideTranslatorPB.java:147) [ozone-manager-1.3.0-SNAPSHOT.jar:?]
	at org.apache.hadoop.ozone.protocol.proto.OzoneManagerProtocolProtos$OzoneManagerService$2.callBlockingMethod(OzoneManagerProtocolProtos.java) [ozone-interface-client-1.3.0-SNAPSHOT.jar:?]
	at org.apache.hadoop.ipc.ProtobufRpcEngine$Server.processCall(ProtobufRpcEngine.java:466) [hadoop-common-3.3.1.jar:?]
	at org.apache.hadoop.ipc.ProtobufRpcEngine2$Server$ProtoBufRpcInvoker.call(ProtobufRpcEngine2.java:574) [hadoop-common-3.3.1.jar:?]
	at org.apache.hadoop.ipc.ProtobufRpcEngine2$Server$ProtoBufRpcInvoker.call(ProtobufRpcEngine2.java:552) [hadoop-common-3.3.1.jar:?]
	at org.apache.hadoop.ipc.RPC$Server.call(RPC.java:1093) [hadoop-common-3.3.1.jar:?]
	at org.apache.hadoop.ipc.Server$RpcCall.run(Server.java:1035) [hadoop-common-3.3.1.jar:?]
	at org.apache.hadoop.ipc.Server$RpcCall.run(Server.java:963) [hadoop-common-3.3.1.jar:?]
	at java.security.AccessController.doPrivileged(Native Method) ~[?:1.8.0_332]
	at javax.security.auth.Subject.doAs(Subject.java:422) [?:1.8.0_332]
	at org.apache.hadoop.security.UserGroupInformation.doAs(UserGroupInformation.java:1878) [hadoop-common-3.3.1.jar:?]
	at org.apache.hadoop.ipc.Server$Handler.run(Server.java:2966) [hadoop-common-3.3.1.jar:?]
2022-07-27 13:54:11,650 [Time-limited test] INFO  rpc.RpcClient (RpcClient.java:createVolume(467)) - Creating Volume: volume-63696, with runner as owner and space quota set to -1 bytes, counts quota set to -1
2022-07-27 13:54:11,650 [IPC Server handler 17 on default port 41147] INFO  volume.OMVolumeCreateRequest (OMVolumeCreateRequest.java:validateAndUpdateCache(195)) - created volume:volume-63696 for user:runner
2022-07-27 13:54:11,651 [Time-limited test] INFO  rpc.RpcClient (RpcClient.java:createBucket(670)) - Creating Bucket: volume-63696/bucket3, with bucket layout LEGACY, runner as owner, Versioning false, Storage Type set to DISK and Encryption set to false 
2022-07-27 13:54:11,651 [IPC Server handler 12 on default port 41147] INFO  bucket.OMBucketCreateRequest (OMBucketCreateRequest.java:validateAndUpdateCache(260)) - created bucket: bucket3 of layout LEGACY in volume: volume-63696
13:54:11.652 [IPC Server handler 8 on default port 41147] ERROR OMAudit - user=runner | ip=127.0.0.1 | op=DELETE_VOLUME {volume=volume-63696} | ret=FAILURE
org.apache.hadoop.ozone.om.exceptions.OMException: null
	at org.apache.hadoop.ozone.om.request.volume.OMVolumeDeleteRequest.validateAndUpdateCache(OMVolumeDeleteRequest.java:122) ~[ozone-manager-1.3.0-SNAPSHOT.jar:?]
	at org.apache.hadoop.ozone.protocolPB.OzoneManagerRequestHandler.handleWriteRequest(OzoneManagerRequestHandler.java:300) ~[ozone-manager-1.3.0-SNAPSHOT.jar:?]
	at org.apache.hadoop.ozone.protocolPB.OzoneManagerProtocolServerSideTranslatorPB.submitRequestDirectlyToOM(OzoneManagerProtocolServerSideTranslatorPB.java:282) ~[ozone-manager-1.3.0-SNAPSHOT.jar:?]
	at org.apache.hadoop.ozone.protocolPB.OzoneManagerProtocolServerSideTranslatorPB.processRequest(OzoneManagerProtocolServerSideTranslatorPB.java:205) ~[ozone-manager-1.3.0-SNAPSHOT.jar:?]
	at org.apache.hadoop.hdds.server.OzoneProtocolMessageDispatcher.processRequest(OzoneProtocolMessageDispatcher.java:87) [hdds-server-framework-1.3.0-SNAPSHOT.jar:?]
	at org.apache.hadoop.ozone.protocolPB.OzoneManagerProtocolServerSideTranslatorPB.submitRequest(OzoneManagerProtocolServerSideTranslatorPB.java:147) [ozone-manager-1.3.0-SNAPSHOT.jar:?]
	at org.apache.hadoop.ozone.protocol.proto.OzoneManagerProtocolProtos$OzoneManagerService$2.callBlockingMethod(OzoneManagerProtocolProtos.java) [ozone-interface-client-1.3.0-SNAPSHOT.jar:?]
	at org.apache.hadoop.ipc.ProtobufRpcEngine$Server.processCall(ProtobufRpcEngine.java:466) [hadoop-common-3.3.1.jar:?]
	at org.apache.hadoop.ipc.ProtobufRpcEngine2$Server$ProtoBufRpcInvoker.call(ProtobufRpcEngine2.java:574) [hadoop-common-3.3.1.jar:?]
	at org.apache.hadoop.ipc.ProtobufRpcEngine2$Server$ProtoBufRpcInvoker.call(ProtobufRpcEngine2.java:552) [hadoop-common-3.3.1.jar:?]
	at org.apache.hadoop.ipc.RPC$Server.call(RPC.java:1093) [hadoop-common-3.3.1.jar:?]
	at org.apache.hadoop.ipc.Server$RpcCall.run(Server.java:1035) [hadoop-common-3.3.1.jar:?]
	at org.apache.hadoop.ipc.Server$RpcCall.run(Server.java:963) [hadoop-common-3.3.1.jar:?]
	at java.security.AccessController.doPrivileged(Native Method) ~[?:1.8.0_332]
	at javax.security.auth.Subject.doAs(Subject.java:422) [?:1.8.0_332]
	at org.apache.hadoop.security.UserGroupInformation.doAs(UserGroupInformation.java:1878) [hadoop-common-3.3.1.jar:?]
	at org.apache.hadoop.ipc.Server$Handler.run(Server.java:2966) [hadoop-common-3.3.1.jar:?]
2022-07-27 13:54:11,653 [IPC Server handler 8 on default port 41147] ERROR volume.OMVolumeDeleteRequest (OMVolumeDeleteRequest.java:validateAndUpdateCache(170)) - Volume deletion failed for user:runner volume:volume-63696
VOLUME_NOT_EMPTY org.apache.hadoop.ozone.om.exceptions.OMException
	at org.apache.hadoop.ozone.om.request.volume.OMVolumeDeleteRequest.validateAndUpdateCache(OMVolumeDeleteRequest.java:122)
	at org.apache.hadoop.ozone.protocolPB.OzoneManagerRequestHandler.handleWriteRequest(OzoneManagerRequestHandler.java:300)
	at org.apache.hadoop.ozone.protocolPB.OzoneManagerProtocolServerSideTranslatorPB.submitRequestDirectlyToOM(OzoneManagerProtocolServerSideTranslatorPB.java:282)
	at org.apache.hadoop.ozone.protocolPB.OzoneManagerProtocolServerSideTranslatorPB.processRequest(OzoneManagerProtocolServerSideTranslatorPB.java:205)
	at org.apache.hadoop.hdds.server.OzoneProtocolMessageDispatcher.processRequest(OzoneProtocolMessageDispatcher.java:87)
	at org.apache.hadoop.ozone.protocolPB.OzoneManagerProtocolServerSideTranslatorPB.submitRequest(OzoneManagerProtocolServerSideTranslatorPB.java:147)
	at org.apache.hadoop.ozone.protocol.proto.OzoneManagerProtocolProtos$OzoneManagerService$2.callBlockingMethod(OzoneManagerProtocolProtos.java)
	at org.apache.hadoop.ipc.ProtobufRpcEngine$Server.processCall(ProtobufRpcEngine.java:466)
	at org.apache.hadoop.ipc.ProtobufRpcEngine2$Server$ProtoBufRpcInvoker.call(ProtobufRpcEngine2.java:574)
	at org.apache.hadoop.ipc.ProtobufRpcEngine2$Server$ProtoBufRpcInvoker.call(ProtobufRpcEngine2.java:552)
	at org.apache.hadoop.ipc.RPC$Server.call(RPC.java:1093)
	at org.apache.hadoop.ipc.Server$RpcCall.run(Server.java:1035)
	at org.apache.hadoop.ipc.Server$RpcCall.run(Server.java:963)
	at java.security.AccessController.doPrivileged(Native Method)
	at javax.security.auth.Subject.doAs(Subject.java:422)
	at org.apache.hadoop.security.UserGroupInformation.doAs(UserGroupInformation.java:1878)
	at org.apache.hadoop.ipc.Server$Handler.run(Server.java:2966)
13:54:11.664 [IPC Server handler 6 on default port 41147] ERROR OMAudit - user=runner | ip=127.0.0.1 | op=READ_VOLUME {volume=volume-63696} | ret=FAILURE
org.apache.hadoop.ozone.om.exceptions.OMException: Volume volume-63696 is not found
	at org.apache.hadoop.ozone.om.VolumeManagerImpl.getVolumeInfo(VolumeManagerImpl.java:74) ~[ozone-manager-1.3.0-SNAPSHOT.jar:?]
	at org.apache.hadoop.ozone.om.OzoneManager.getVolumeInfo(OzoneManager.java:2603) ~[ozone-manager-1.3.0-SNAPSHOT.jar:?]
	at org.apache.hadoop.ozone.protocolPB.OzoneManagerRequestHandler.infoVolume(OzoneManagerRequestHandler.java:397) ~[ozone-manager-1.3.0-SNAPSHOT.jar:?]
	at org.apache.hadoop.ozone.protocolPB.OzoneManagerRequestHandler.handleReadRequest(OzoneManagerRequestHandler.java:164) ~[ozone-manager-1.3.0-SNAPSHOT.jar:?]
	at org.apache.hadoop.ozone.protocolPB.OzoneManagerProtocolServerSideTranslatorPB.submitRequestDirectlyToOM(OzoneManagerProtocolServerSideTranslatorPB.java:276) ~[ozone-manager-1.3.0-SNAPSHOT.jar:?]
	at org.apache.hadoop.ozone.protocolPB.OzoneManagerProtocolServerSideTranslatorPB.processRequest(OzoneManagerProtocolServerSideTranslatorPB.java:205) ~[ozone-manager-1.3.0-SNAPSHOT.jar:?]
	at org.apache.hadoop.hdds.server.OzoneProtocolMessageDispatcher.processRequest(OzoneProtocolMessageDispatcher.java:87) [hdds-server-framework-1.3.0-SNAPSHOT.jar:?]
	at org.apache.hadoop.ozone.protocolPB.OzoneManagerProtocolServerSideTranslatorPB.submitRequest(OzoneManagerProtocolServerSideTranslatorPB.java:147) [ozone-manager-1.3.0-SNAPSHOT.jar:?]
	at org.apache.hadoop.ozone.protocol.proto.OzoneManagerProtocolProtos$OzoneManagerService$2.callBlockingMethod(OzoneManagerProtocolProtos.java) [ozone-interface-client-1.3.0-SNAPSHOT.jar:?]
	at org.apache.hadoop.ipc.ProtobufRpcEngine$Server.processCall(ProtobufRpcEngine.java:466) [hadoop-common-3.3.1.jar:?]
	at org.apache.hadoop.ipc.ProtobufRpcEngine2$Server$ProtoBufRpcInvoker.call(ProtobufRpcEngine2.java:574) [hadoop-common-3.3.1.jar:?]
	at org.apache.hadoop.ipc.ProtobufRpcEngine2$Server$ProtoBufRpcInvoker.call(ProtobufRpcEngine2.java:552) [hadoop-common-3.3.1.jar:?]
	at org.apache.hadoop.ipc.RPC$Server.call(RPC.java:1093) [hadoop-common-3.3.1.jar:?]
	at org.apache.hadoop.ipc.Server$RpcCall.run(Server.java:1035) [hadoop-common-3.3.1.jar:?]
	at org.apache.hadoop.ipc.Server$RpcCall.run(Server.java:963) [hadoop-common-3.3.1.jar:?]
	at java.security.AccessController.doPrivileged(Native Method) ~[?:1.8.0_332]
	at javax.security.auth.Subject.doAs(Subject.java:422) [?:1.8.0_332]
	at org.apache.hadoop.security.UserGroupInformation.doAs(UserGroupInformation.java:1878) [hadoop-common-3.3.1.jar:?]
	at org.apache.hadoop.ipc.Server$Handler.run(Server.java:2966) [hadoop-common-3.3.1.jar:?]
13:54:11.664 [IPC Server handler 5 on default port 41147] ERROR OMAudit - user=runner | ip=127.0.0.1 | op=READ_BUCKET {volume=volume-63696, bucket=bucket3} | ret=FAILURE
org.apache.hadoop.ozone.om.exceptions.OMException: Volume not found when getting bucket info
	at org.apache.hadoop.ozone.om.BucketManagerImpl.getBucketInfo(BucketManagerImpl.java:127) ~[ozone-manager-1.3.0-SNAPSHOT.jar:?]
	at org.apache.hadoop.ozone.om.OzoneManager.getBucketInfo(OzoneManager.java:2779) ~[ozone-manager-1.3.0-SNAPSHOT.jar:?]
	at org.apache.hadoop.ozone.protocolPB.OzoneManagerRequestHandler.infoBucket(OzoneManagerRequestHandler.java:471) ~[ozone-manager-1.3.0-SNAPSHOT.jar:?]
	at org.apache.hadoop.ozone.protocolPB.OzoneManagerRequestHandler.handleReadRequest(OzoneManagerRequestHandler.java:174) ~[ozone-manager-1.3.0-SNAPSHOT.jar:?]
	at org.apache.hadoop.ozone.protocolPB.OzoneManagerProtocolServerSideTranslatorPB.submitRequestDirectlyToOM(OzoneManagerProtocolServerSideTranslatorPB.java:276) ~[ozone-manager-1.3.0-SNAPSHOT.jar:?]
	at org.apache.hadoop.ozone.protocolPB.OzoneManagerProtocolServerSideTranslatorPB.processRequest(OzoneManagerProtocolServerSideTranslatorPB.java:205) ~[ozone-manager-1.3.0-SNAPSHOT.jar:?]
	at org.apache.hadoop.hdds.server.OzoneProtocolMessageDispatcher.processRequest(OzoneProtocolMessageDispatcher.java:87) [hdds-server-framework-1.3.0-SNAPSHOT.jar:?]
	at org.apache.hadoop.ozone.protocolPB.OzoneManagerProtocolServerSideTranslatorPB.submitRequest(OzoneManagerProtocolServerSideTranslatorPB.java:147) [ozone-manager-1.3.0-SNAPSHOT.jar:?]
	at org.apache.hadoop.ozone.protocol.proto.OzoneManagerProtocolProtos$OzoneManagerService$2.callBlockingMethod(OzoneManagerProtocolProtos.java) [ozone-interface-client-1.3.0-SNAPSHOT.jar:?]
	at org.apache.hadoop.ipc.ProtobufRpcEngine$Server.processCall(ProtobufRpcEngine.java:466) [hadoop-common-3.3.1.jar:?]
	at org.apache.hadoop.ipc.ProtobufRpcEngine2$Server$ProtoBufRpcInvoker.call(ProtobufRpcEngine2.java:574) [hadoop-common-3.3.1.jar:?]
	at org.apache.hadoop.ipc.ProtobufRpcEngine2$Server$ProtoBufRpcInvoker.call(ProtobufRpcEngine2.java:552) [hadoop-common-3.3.1.jar:?]
	at org.apache.hadoop.ipc.RPC$Server.call(RPC.java:1093) [hadoop-common-3.3.1.jar:?]
	at org.apache.hadoop.ipc.Server$RpcCall.run(Server.java:1035) [hadoop-common-3.3.1.jar:?]
	at org.apache.hadoop.ipc.Server$RpcCall.run(Server.java:963) [hadoop-common-3.3.1.jar:?]
	at java.security.AccessController.doPrivileged(Native Method) ~[?:1.8.0_332]
	at javax.security.auth.Subject.doAs(Subject.java:422) [?:1.8.0_332]
	at org.apache.hadoop.security.UserGroupInformation.doAs(UserGroupInformation.java:1878) [hadoop-common-3.3.1.jar:?]
	at org.apache.hadoop.ipc.Server$Handler.run(Server.java:2966) [hadoop-common-3.3.1.jar:?]
2022-07-27 13:54:11,665 [Time-limited test] INFO  rpc.RpcClient (RpcClient.java:createVolume(467)) - Creating Volume: volume-63696, with runner as owner and space quota set to -1 bytes, counts quota set to -1
2022-07-27 13:54:11,665 [IPC Server handler 4 on default port 41147] INFO  volume.OMVolumeCreateRequest (OMVolumeCreateRequest.java:validateAndUpdateCache(195)) - created volume:volume-63696 for user:runner
2022-07-27 13:54:11,666 [Time-limited test] INFO  rpc.RpcClient (RpcClient.java:createBucket(670)) - Creating Bucket: volume-63696/bucket3, with bucket layout LEGACY, runner as owner, Versioning false, Storage Type set to DISK and Encryption set to false 
2022-07-27 13:54:11,666 [IPC Server handler 2 on default port 41147] INFO  bucket.OMBucketCreateRequest (OMBucketCreateRequest.java:validateAndUpdateCache(260)) - created bucket: bucket3 of layout LEGACY in volume: volume-63696
13:54:11.701 [IPC Server handler 15 on default port 41147] ERROR OMAudit - user=runner | ip=127.0.0.1 | op=READ_VOLUME {volume=volume-63696} | ret=FAILURE
org.apache.hadoop.ozone.om.exceptions.OMException: Volume volume-63696 is not found
	at org.apache.hadoop.ozone.om.VolumeManagerImpl.getVolumeInfo(VolumeManagerImpl.java:74) ~[ozone-manager-1.3.0-SNAPSHOT.jar:?]
	at org.apache.hadoop.ozone.om.OzoneManager.getVolumeInfo(OzoneManager.java:2603) ~[ozone-manager-1.3.0-SNAPSHOT.jar:?]
	at org.apache.hadoop.ozone.protocolPB.OzoneManagerRequestHandler.infoVolume(OzoneManagerRequestHandler.java:397) ~[ozone-manager-1.3.0-SNAPSHOT.jar:?]
	at org.apache.hadoop.ozone.protocolPB.OzoneManagerRequestHandler.handleReadRequest(OzoneManagerRequestHandler.java:164) ~[ozone-manager-1.3.0-SNAPSHOT.jar:?]
	at org.apache.hadoop.ozone.protocolPB.OzoneManagerProtocolServerSideTranslatorPB.submitRequestDirectlyToOM(OzoneManagerProtocolServerSideTranslatorPB.java:276) ~[ozone-manager-1.3.0-SNAPSHOT.jar:?]
	at org.apache.hadoop.ozone.protocolPB.OzoneManagerProtocolServerSideTranslatorPB.processRequest(OzoneManagerProtocolServerSideTranslatorPB.java:205) ~[ozone-manager-1.3.0-SNAPSHOT.jar:?]
	at org.apache.hadoop.hdds.server.OzoneProtocolMessageDispatcher.processRequest(OzoneProtocolMessageDispatcher.java:87) [hdds-server-framework-1.3.0-SNAPSHOT.jar:?]
	at org.apache.hadoop.ozone.protocolPB.OzoneManagerProtocolServerSideTranslatorPB.submitRequest(OzoneManagerProtocolServerSideTranslatorPB.java:147) [ozone-manager-1.3.0-SNAPSHOT.jar:?]
	at org.apache.hadoop.ozone.protocol.proto.OzoneManagerProtocolProtos$OzoneManagerService$2.callBlockingMethod(OzoneManagerProtocolProtos.java) [ozone-interface-client-1.3.0-SNAPSHOT.jar:?]
	at org.apache.hadoop.ipc.ProtobufRpcEngine$Server.processCall(ProtobufRpcEngine.java:466) [hadoop-common-3.3.1.jar:?]
	at org.apache.hadoop.ipc.ProtobufRpcEngine2$Server$ProtoBufRpcInvoker.call(ProtobufRpcEngine2.java:574) [hadoop-common-3.3.1.jar:?]
	at org.apache.hadoop.ipc.ProtobufRpcEngine2$Server$ProtoBufRpcInvoker.call(ProtobufRpcEngine2.java:552) [hadoop-common-3.3.1.jar:?]
	at org.apache.hadoop.ipc.RPC$Server.call(RPC.java:1093) [hadoop-common-3.3.1.jar:?]
	at org.apache.hadoop.ipc.Server$RpcCall.run(Server.java:1035) [hadoop-common-3.3.1.jar:?]
	at org.apache.hadoop.ipc.Server$RpcCall.run(Server.java:963) [hadoop-common-3.3.1.jar:?]
	at java.security.AccessController.doPrivileged(Native Method) ~[?:1.8.0_332]
	at javax.security.auth.Subject.doAs(Subject.java:422) [?:1.8.0_332]
	at org.apache.hadoop.security.UserGroupInformation.doAs(UserGroupInformation.java:1878) [hadoop-common-3.3.1.jar:?]
	at org.apache.hadoop.ipc.Server$Handler.run(Server.java:2966) [hadoop-common-3.3.1.jar:?]
]]></system-out>
  </testcase>
  <testcase name="testRenameToParentDir" classname="TestRootedOzoneFileSystem" time="0.12">
    <system-out><![CDATA[2022-07-27 13:49:18,904 [Time-limited test] INFO  rpc.RpcClient (RpcClient.java:createVolume(467)) - Creating Volume: volume77442, with user44389 as owner and space quota set to -1 bytes, counts quota set to -1
2022-07-27 13:49:18,911 [OM StateMachine ApplyTransaction Thread - 0] INFO  volume.OMVolumeCreateRequest (OMVolumeCreateRequest.java:validateAndUpdateCache(195)) - created volume:volume77442 for user:user44389
2022-07-27 13:49:18,915 [Time-limited test] INFO  rpc.RpcClient (RpcClient.java:createBucket(670)) - Creating Bucket: volume77442/bucket50792, with bucket layout LEGACY, runner as owner, Versioning false, Storage Type set to DISK and Encryption set to false 
2022-07-27 13:49:18,917 [OM StateMachine ApplyTransaction Thread - 0] INFO  bucket.OMBucketCreateRequest (OMBucketCreateRequest.java:validateAndUpdateCache(260)) - created bucket: bucket50792 of layout LEGACY in volume: volume77442
13:49:18.944 [IPC Server handler 14 on default port 44975] ERROR OMAudit - user=runner | ip=127.0.0.1 | op=LIST_STATUS {volume=volume77442, bucket=bucket50792, key=root_dir/dir2, dataSize=0, replicationConfig=null} | ret=FAILURE
org.apache.hadoop.ozone.om.exceptions.OMException: Unable to get file status: volume: volume77442 bucket: bucket50792 key: root_dir/dir2
	at org.apache.hadoop.ozone.om.KeyManagerImpl.getOzoneFileStatus(KeyManagerImpl.java:1311) ~[ozone-manager-1.3.0-SNAPSHOT.jar:?]
	at org.apache.hadoop.ozone.om.KeyManagerImpl.getFileStatus(KeyManagerImpl.java:1241) ~[ozone-manager-1.3.0-SNAPSHOT.jar:?]
	at org.apache.hadoop.ozone.om.KeyManagerImpl.listStatus(KeyManagerImpl.java:1565) ~[ozone-manager-1.3.0-SNAPSHOT.jar:?]
	at org.apache.hadoop.ozone.om.OzoneManager.listStatus(OzoneManager.java:3545) ~[ozone-manager-1.3.0-SNAPSHOT.jar:?]
	at org.apache.hadoop.ozone.protocolPB.OzoneManagerRequestHandler.listStatus(OzoneManagerRequestHandler.java:1043) ~[ozone-manager-1.3.0-SNAPSHOT.jar:?]
	at org.apache.hadoop.ozone.protocolPB.OzoneManagerRequestHandler.handleReadRequest(OzoneManagerRequestHandler.java:235) ~[ozone-manager-1.3.0-SNAPSHOT.jar:?]
	at org.apache.hadoop.ozone.protocolPB.OzoneManagerProtocolServerSideTranslatorPB.submitReadRequestToOM(OzoneManagerProtocolServerSideTranslatorPB.java:226) ~[ozone-manager-1.3.0-SNAPSHOT.jar:?]
	at org.apache.hadoop.ozone.protocolPB.OzoneManagerProtocolServerSideTranslatorPB.processRequest(OzoneManagerProtocolServerSideTranslatorPB.java:175) ~[ozone-manager-1.3.0-SNAPSHOT.jar:?]
	at org.apache.hadoop.hdds.server.OzoneProtocolMessageDispatcher.processRequest(OzoneProtocolMessageDispatcher.java:87) [hdds-server-framework-1.3.0-SNAPSHOT.jar:?]
	at org.apache.hadoop.ozone.protocolPB.OzoneManagerProtocolServerSideTranslatorPB.submitRequest(OzoneManagerProtocolServerSideTranslatorPB.java:147) [ozone-manager-1.3.0-SNAPSHOT.jar:?]
	at org.apache.hadoop.ozone.protocol.proto.OzoneManagerProtocolProtos$OzoneManagerService$2.callBlockingMethod(OzoneManagerProtocolProtos.java) [ozone-interface-client-1.3.0-SNAPSHOT.jar:?]
	at org.apache.hadoop.ipc.ProtobufRpcEngine$Server.processCall(ProtobufRpcEngine.java:466) [hadoop-common-3.3.1.jar:?]
	at org.apache.hadoop.ipc.ProtobufRpcEngine2$Server$ProtoBufRpcInvoker.call(ProtobufRpcEngine2.java:574) [hadoop-common-3.3.1.jar:?]
	at org.apache.hadoop.ipc.ProtobufRpcEngine2$Server$ProtoBufRpcInvoker.call(ProtobufRpcEngine2.java:552) [hadoop-common-3.3.1.jar:?]
	at org.apache.hadoop.ipc.RPC$Server.call(RPC.java:1093) [hadoop-common-3.3.1.jar:?]
	at org.apache.hadoop.ipc.Server$RpcCall.run(Server.java:1035) [hadoop-common-3.3.1.jar:?]
	at org.apache.hadoop.ipc.Server$RpcCall.run(Server.java:963) [hadoop-common-3.3.1.jar:?]
	at java.security.AccessController.doPrivileged(Native Method) ~[?:1.8.0_332]
	at javax.security.auth.Subject.doAs(Subject.java:422) [?:1.8.0_332]
	at org.apache.hadoop.security.UserGroupInformation.doAs(UserGroupInformation.java:1878) [hadoop-common-3.3.1.jar:?]
	at org.apache.hadoop.ipc.Server$Handler.run(Server.java:2966) [hadoop-common-3.3.1.jar:?]
13:49:18.962 [IPC Server handler 13 on default port 44975] ERROR OMAudit - user=runner | ip=127.0.0.1 | op=LIST_STATUS {volume=volume77442, bucket=bucket50792, key=root_dir/file2, dataSize=0, replicationConfig=null} | ret=FAILURE
org.apache.hadoop.ozone.om.exceptions.OMException: Unable to get file status: volume: volume77442 bucket: bucket50792 key: root_dir/file2
	at org.apache.hadoop.ozone.om.KeyManagerImpl.getOzoneFileStatus(KeyManagerImpl.java:1311) ~[ozone-manager-1.3.0-SNAPSHOT.jar:?]
	at org.apache.hadoop.ozone.om.KeyManagerImpl.getFileStatus(KeyManagerImpl.java:1241) ~[ozone-manager-1.3.0-SNAPSHOT.jar:?]
	at org.apache.hadoop.ozone.om.KeyManagerImpl.listStatus(KeyManagerImpl.java:1565) ~[ozone-manager-1.3.0-SNAPSHOT.jar:?]
	at org.apache.hadoop.ozone.om.OzoneManager.listStatus(OzoneManager.java:3545) ~[ozone-manager-1.3.0-SNAPSHOT.jar:?]
	at org.apache.hadoop.ozone.protocolPB.OzoneManagerRequestHandler.listStatus(OzoneManagerRequestHandler.java:1043) ~[ozone-manager-1.3.0-SNAPSHOT.jar:?]
	at org.apache.hadoop.ozone.protocolPB.OzoneManagerRequestHandler.handleReadRequest(OzoneManagerRequestHandler.java:235) ~[ozone-manager-1.3.0-SNAPSHOT.jar:?]
	at org.apache.hadoop.ozone.protocolPB.OzoneManagerProtocolServerSideTranslatorPB.submitReadRequestToOM(OzoneManagerProtocolServerSideTranslatorPB.java:226) ~[ozone-manager-1.3.0-SNAPSHOT.jar:?]
	at org.apache.hadoop.ozone.protocolPB.OzoneManagerProtocolServerSideTranslatorPB.processRequest(OzoneManagerProtocolServerSideTranslatorPB.java:175) ~[ozone-manager-1.3.0-SNAPSHOT.jar:?]
	at org.apache.hadoop.hdds.server.OzoneProtocolMessageDispatcher.processRequest(OzoneProtocolMessageDispatcher.java:87) [hdds-server-framework-1.3.0-SNAPSHOT.jar:?]
	at org.apache.hadoop.ozone.protocolPB.OzoneManagerProtocolServerSideTranslatorPB.submitRequest(OzoneManagerProtocolServerSideTranslatorPB.java:147) [ozone-manager-1.3.0-SNAPSHOT.jar:?]
	at org.apache.hadoop.ozone.protocol.proto.OzoneManagerProtocolProtos$OzoneManagerService$2.callBlockingMethod(OzoneManagerProtocolProtos.java) [ozone-interface-client-1.3.0-SNAPSHOT.jar:?]
	at org.apache.hadoop.ipc.ProtobufRpcEngine$Server.processCall(ProtobufRpcEngine.java:466) [hadoop-common-3.3.1.jar:?]
	at org.apache.hadoop.ipc.ProtobufRpcEngine2$Server$ProtoBufRpcInvoker.call(ProtobufRpcEngine2.java:574) [hadoop-common-3.3.1.jar:?]
	at org.apache.hadoop.ipc.ProtobufRpcEngine2$Server$ProtoBufRpcInvoker.call(ProtobufRpcEngine2.java:552) [hadoop-common-3.3.1.jar:?]
	at org.apache.hadoop.ipc.RPC$Server.call(RPC.java:1093) [hadoop-common-3.3.1.jar:?]
	at org.apache.hadoop.ipc.Server$RpcCall.run(Server.java:1035) [hadoop-common-3.3.1.jar:?]
	at org.apache.hadoop.ipc.Server$RpcCall.run(Server.java:963) [hadoop-common-3.3.1.jar:?]
	at java.security.AccessController.doPrivileged(Native Method) ~[?:1.8.0_332]
	at javax.security.auth.Subject.doAs(Subject.java:422) [?:1.8.0_332]
	at org.apache.hadoop.security.UserGroupInformation.doAs(UserGroupInformation.java:1878) [hadoop-common-3.3.1.jar:?]
	at org.apache.hadoop.ipc.Server$Handler.run(Server.java:2966) [hadoop-common-3.3.1.jar:?]
13:49:18.975 [IPC Server handler 17 on default port 44975] ERROR OMAudit - user=runner | ip=127.0.0.1 | op=GET_FILE_STATUS {volume=volume77442, bucket=bucket50792, key=root_dir/dir1/file2, dataSize=0, replicationConfig=null} | ret=FAILURE
org.apache.hadoop.ozone.om.exceptions.OMException: Unable to get file status: volume: volume77442 bucket: bucket50792 key: root_dir/dir1/file2
	at org.apache.hadoop.ozone.om.KeyManagerImpl.getOzoneFileStatus(KeyManagerImpl.java:1311) ~[ozone-manager-1.3.0-SNAPSHOT.jar:?]
	at org.apache.hadoop.ozone.om.KeyManagerImpl.getFileStatus(KeyManagerImpl.java:1241) ~[ozone-manager-1.3.0-SNAPSHOT.jar:?]
	at org.apache.hadoop.ozone.om.OzoneManager.getFileStatus(OzoneManager.java:3467) ~[ozone-manager-1.3.0-SNAPSHOT.jar:?]
	at org.apache.hadoop.ozone.protocolPB.OzoneManagerRequestHandler.getOzoneFileStatus(OzoneManagerRequestHandler.java:878) ~[ozone-manager-1.3.0-SNAPSHOT.jar:?]
	at org.apache.hadoop.ozone.protocolPB.OzoneManagerRequestHandler.handleReadRequest(OzoneManagerRequestHandler.java:224) ~[ozone-manager-1.3.0-SNAPSHOT.jar:?]
	at org.apache.hadoop.ozone.protocolPB.OzoneManagerProtocolServerSideTranslatorPB.submitReadRequestToOM(OzoneManagerProtocolServerSideTranslatorPB.java:226) ~[ozone-manager-1.3.0-SNAPSHOT.jar:?]
	at org.apache.hadoop.ozone.protocolPB.OzoneManagerProtocolServerSideTranslatorPB.processRequest(OzoneManagerProtocolServerSideTranslatorPB.java:175) ~[ozone-manager-1.3.0-SNAPSHOT.jar:?]
	at org.apache.hadoop.hdds.server.OzoneProtocolMessageDispatcher.processRequest(OzoneProtocolMessageDispatcher.java:87) [hdds-server-framework-1.3.0-SNAPSHOT.jar:?]
	at org.apache.hadoop.ozone.protocolPB.OzoneManagerProtocolServerSideTranslatorPB.submitRequest(OzoneManagerProtocolServerSideTranslatorPB.java:147) [ozone-manager-1.3.0-SNAPSHOT.jar:?]
	at org.apache.hadoop.ozone.protocol.proto.OzoneManagerProtocolProtos$OzoneManagerService$2.callBlockingMethod(OzoneManagerProtocolProtos.java) [ozone-interface-client-1.3.0-SNAPSHOT.jar:?]
	at org.apache.hadoop.ipc.ProtobufRpcEngine$Server.processCall(ProtobufRpcEngine.java:466) [hadoop-common-3.3.1.jar:?]
	at org.apache.hadoop.ipc.ProtobufRpcEngine2$Server$ProtoBufRpcInvoker.call(ProtobufRpcEngine2.java:574) [hadoop-common-3.3.1.jar:?]
	at org.apache.hadoop.ipc.ProtobufRpcEngine2$Server$ProtoBufRpcInvoker.call(ProtobufRpcEngine2.java:552) [hadoop-common-3.3.1.jar:?]
	at org.apache.hadoop.ipc.RPC$Server.call(RPC.java:1093) [hadoop-common-3.3.1.jar:?]
	at org.apache.hadoop.ipc.Server$RpcCall.run(Server.java:1035) [hadoop-common-3.3.1.jar:?]
	at org.apache.hadoop.ipc.Server$RpcCall.run(Server.java:963) [hadoop-common-3.3.1.jar:?]
	at java.security.AccessController.doPrivileged(Native Method) ~[?:1.8.0_332]
	at javax.security.auth.Subject.doAs(Subject.java:422) [?:1.8.0_332]
	at org.apache.hadoop.security.UserGroupInformation.doAs(UserGroupInformation.java:1878) [hadoop-common-3.3.1.jar:?]
	at org.apache.hadoop.ipc.Server$Handler.run(Server.java:2966) [hadoop-common-3.3.1.jar:?]
2022-07-27 13:49:18,976 [Time-limited test] WARN  ozone.BasicRootedOzoneFileSystem (BasicRootedOzoneFileSystem.java:delete(572)) - delete: Path does not exist: /volume77442/bucket50792/root_dir/dir1/file2
13:49:18.977 [IPC Server handler 18 on default port 44975] ERROR OMAudit - user=runner | ip=127.0.0.1 | op=GET_FILE_STATUS {volume=volume77442, bucket=bucket50792, key=root_dir/dir1/dir2, dataSize=0, replicationConfig=null} | ret=FAILURE
org.apache.hadoop.ozone.om.exceptions.OMException: Unable to get file status: volume: volume77442 bucket: bucket50792 key: root_dir/dir1/dir2
	at org.apache.hadoop.ozone.om.KeyManagerImpl.getOzoneFileStatus(KeyManagerImpl.java:1311) ~[ozone-manager-1.3.0-SNAPSHOT.jar:?]
	at org.apache.hadoop.ozone.om.KeyManagerImpl.getFileStatus(KeyManagerImpl.java:1241) ~[ozone-manager-1.3.0-SNAPSHOT.jar:?]
	at org.apache.hadoop.ozone.om.OzoneManager.getFileStatus(OzoneManager.java:3467) ~[ozone-manager-1.3.0-SNAPSHOT.jar:?]
	at org.apache.hadoop.ozone.protocolPB.OzoneManagerRequestHandler.getOzoneFileStatus(OzoneManagerRequestHandler.java:878) ~[ozone-manager-1.3.0-SNAPSHOT.jar:?]
	at org.apache.hadoop.ozone.protocolPB.OzoneManagerRequestHandler.handleReadRequest(OzoneManagerRequestHandler.java:224) ~[ozone-manager-1.3.0-SNAPSHOT.jar:?]
	at org.apache.hadoop.ozone.protocolPB.OzoneManagerProtocolServerSideTranslatorPB.submitReadRequestToOM(OzoneManagerProtocolServerSideTranslatorPB.java:226) ~[ozone-manager-1.3.0-SNAPSHOT.jar:?]
	at org.apache.hadoop.ozone.protocolPB.OzoneManagerProtocolServerSideTranslatorPB.processRequest(OzoneManagerProtocolServerSideTranslatorPB.java:175) ~[ozone-manager-1.3.0-SNAPSHOT.jar:?]
	at org.apache.hadoop.hdds.server.OzoneProtocolMessageDispatcher.processRequest(OzoneProtocolMessageDispatcher.java:87) [hdds-server-framework-1.3.0-SNAPSHOT.jar:?]
	at org.apache.hadoop.ozone.protocolPB.OzoneManagerProtocolServerSideTranslatorPB.submitRequest(OzoneManagerProtocolServerSideTranslatorPB.java:147) [ozone-manager-1.3.0-SNAPSHOT.jar:?]
	at org.apache.hadoop.ozone.protocol.proto.OzoneManagerProtocolProtos$OzoneManagerService$2.callBlockingMethod(OzoneManagerProtocolProtos.java) [ozone-interface-client-1.3.0-SNAPSHOT.jar:?]
	at org.apache.hadoop.ipc.ProtobufRpcEngine$Server.processCall(ProtobufRpcEngine.java:466) [hadoop-common-3.3.1.jar:?]
	at org.apache.hadoop.ipc.ProtobufRpcEngine2$Server$ProtoBufRpcInvoker.call(ProtobufRpcEngine2.java:574) [hadoop-common-3.3.1.jar:?]
	at org.apache.hadoop.ipc.ProtobufRpcEngine2$Server$ProtoBufRpcInvoker.call(ProtobufRpcEngine2.java:552) [hadoop-common-3.3.1.jar:?]
	at org.apache.hadoop.ipc.RPC$Server.call(RPC.java:1093) [hadoop-common-3.3.1.jar:?]
	at org.apache.hadoop.ipc.Server$RpcCall.run(Server.java:1035) [hadoop-common-3.3.1.jar:?]
	at org.apache.hadoop.ipc.Server$RpcCall.run(Server.java:963) [hadoop-common-3.3.1.jar:?]
	at java.security.AccessController.doPrivileged(Native Method) ~[?:1.8.0_332]
	at javax.security.auth.Subject.doAs(Subject.java:422) [?:1.8.0_332]
	at org.apache.hadoop.security.UserGroupInformation.doAs(UserGroupInformation.java:1878) [hadoop-common-3.3.1.jar:?]
	at org.apache.hadoop.ipc.Server$Handler.run(Server.java:2966) [hadoop-common-3.3.1.jar:?]
2022-07-27 13:49:18,978 [Time-limited test] WARN  ozone.BasicRootedOzoneFileSystem (BasicRootedOzoneFileSystem.java:delete(572)) - delete: Path does not exist: /volume77442/bucket50792/root_dir/dir1/dir2
]]></system-out>
  </testcase>
  <testcase name="testRenameToParentDir" classname="TestRootedOzoneFileSystem" time="0.097">
    <system-out><![CDATA[2022-07-27 13:50:23,928 [Time-limited test] INFO  rpc.RpcClient (RpcClient.java:createVolume(467)) - Creating Volume: volume15122, with user99321 as owner and space quota set to -1 bytes, counts quota set to -1
2022-07-27 13:50:23,930 [OM StateMachine ApplyTransaction Thread - 0] INFO  volume.OMVolumeCreateRequest (OMVolumeCreateRequest.java:validateAndUpdateCache(195)) - created volume:volume15122 for user:user99321
2022-07-27 13:50:23,931 [Time-limited test] INFO  rpc.RpcClient (RpcClient.java:createBucket(670)) - Creating Bucket: volume15122/bucket90299, with bucket layout LEGACY, runner as owner, Versioning false, Storage Type set to DISK and Encryption set to false 
2022-07-27 13:50:23,932 [OM StateMachine ApplyTransaction Thread - 0] INFO  bucket.OMBucketCreateRequest (OMBucketCreateRequest.java:validateAndUpdateCache(260)) - created bucket: bucket90299 of layout LEGACY in volume: volume15122
13:50:23.945 [IPC Server handler 3 on default port 46277] ERROR OMAudit - user=runner | ip=127.0.0.1 | op=LIST_STATUS {volume=volume15122, bucket=bucket90299, key=root_dir/dir2, dataSize=0, replicationConfig=null} | ret=FAILURE
org.apache.hadoop.ozone.om.exceptions.OMException: Unable to get file status: volume: volume15122 bucket: bucket90299 key: root_dir/dir2
	at org.apache.hadoop.ozone.om.KeyManagerImpl.getOzoneFileStatus(KeyManagerImpl.java:1311) ~[ozone-manager-1.3.0-SNAPSHOT.jar:?]
	at org.apache.hadoop.ozone.om.KeyManagerImpl.getFileStatus(KeyManagerImpl.java:1241) ~[ozone-manager-1.3.0-SNAPSHOT.jar:?]
	at org.apache.hadoop.ozone.om.KeyManagerImpl.listStatus(KeyManagerImpl.java:1565) ~[ozone-manager-1.3.0-SNAPSHOT.jar:?]
	at org.apache.hadoop.ozone.om.OzoneManager.listStatus(OzoneManager.java:3545) ~[ozone-manager-1.3.0-SNAPSHOT.jar:?]
	at org.apache.hadoop.ozone.protocolPB.OzoneManagerRequestHandler.listStatus(OzoneManagerRequestHandler.java:1043) ~[ozone-manager-1.3.0-SNAPSHOT.jar:?]
	at org.apache.hadoop.ozone.protocolPB.OzoneManagerRequestHandler.handleReadRequest(OzoneManagerRequestHandler.java:235) ~[ozone-manager-1.3.0-SNAPSHOT.jar:?]
	at org.apache.hadoop.ozone.protocolPB.OzoneManagerProtocolServerSideTranslatorPB.submitReadRequestToOM(OzoneManagerProtocolServerSideTranslatorPB.java:226) ~[ozone-manager-1.3.0-SNAPSHOT.jar:?]
	at org.apache.hadoop.ozone.protocolPB.OzoneManagerProtocolServerSideTranslatorPB.processRequest(OzoneManagerProtocolServerSideTranslatorPB.java:175) ~[ozone-manager-1.3.0-SNAPSHOT.jar:?]
	at org.apache.hadoop.hdds.server.OzoneProtocolMessageDispatcher.processRequest(OzoneProtocolMessageDispatcher.java:87) [hdds-server-framework-1.3.0-SNAPSHOT.jar:?]
	at org.apache.hadoop.ozone.protocolPB.OzoneManagerProtocolServerSideTranslatorPB.submitRequest(OzoneManagerProtocolServerSideTranslatorPB.java:147) [ozone-manager-1.3.0-SNAPSHOT.jar:?]
	at org.apache.hadoop.ozone.protocol.proto.OzoneManagerProtocolProtos$OzoneManagerService$2.callBlockingMethod(OzoneManagerProtocolProtos.java) [ozone-interface-client-1.3.0-SNAPSHOT.jar:?]
	at org.apache.hadoop.ipc.ProtobufRpcEngine$Server.processCall(ProtobufRpcEngine.java:466) [hadoop-common-3.3.1.jar:?]
	at org.apache.hadoop.ipc.ProtobufRpcEngine2$Server$ProtoBufRpcInvoker.call(ProtobufRpcEngine2.java:574) [hadoop-common-3.3.1.jar:?]
	at org.apache.hadoop.ipc.ProtobufRpcEngine2$Server$ProtoBufRpcInvoker.call(ProtobufRpcEngine2.java:552) [hadoop-common-3.3.1.jar:?]
	at org.apache.hadoop.ipc.RPC$Server.call(RPC.java:1093) [hadoop-common-3.3.1.jar:?]
	at org.apache.hadoop.ipc.Server$RpcCall.run(Server.java:1035) [hadoop-common-3.3.1.jar:?]
	at org.apache.hadoop.ipc.Server$RpcCall.run(Server.java:963) [hadoop-common-3.3.1.jar:?]
	at java.security.AccessController.doPrivileged(Native Method) ~[?:1.8.0_332]
	at javax.security.auth.Subject.doAs(Subject.java:422) [?:1.8.0_332]
	at org.apache.hadoop.security.UserGroupInformation.doAs(UserGroupInformation.java:1878) [hadoop-common-3.3.1.jar:?]
	at org.apache.hadoop.ipc.Server$Handler.run(Server.java:2966) [hadoop-common-3.3.1.jar:?]
13:50:23.957 [IPC Server handler 1 on default port 46277] ERROR OMAudit - user=runner | ip=127.0.0.1 | op=LIST_STATUS {volume=volume15122, bucket=bucket90299, key=root_dir/file2, dataSize=0, replicationConfig=null} | ret=FAILURE
org.apache.hadoop.ozone.om.exceptions.OMException: Unable to get file status: volume: volume15122 bucket: bucket90299 key: root_dir/file2
	at org.apache.hadoop.ozone.om.KeyManagerImpl.getOzoneFileStatus(KeyManagerImpl.java:1311) ~[ozone-manager-1.3.0-SNAPSHOT.jar:?]
	at org.apache.hadoop.ozone.om.KeyManagerImpl.getFileStatus(KeyManagerImpl.java:1241) ~[ozone-manager-1.3.0-SNAPSHOT.jar:?]
	at org.apache.hadoop.ozone.om.KeyManagerImpl.listStatus(KeyManagerImpl.java:1565) ~[ozone-manager-1.3.0-SNAPSHOT.jar:?]
	at org.apache.hadoop.ozone.om.OzoneManager.listStatus(OzoneManager.java:3545) ~[ozone-manager-1.3.0-SNAPSHOT.jar:?]
	at org.apache.hadoop.ozone.protocolPB.OzoneManagerRequestHandler.listStatus(OzoneManagerRequestHandler.java:1043) ~[ozone-manager-1.3.0-SNAPSHOT.jar:?]
	at org.apache.hadoop.ozone.protocolPB.OzoneManagerRequestHandler.handleReadRequest(OzoneManagerRequestHandler.java:235) ~[ozone-manager-1.3.0-SNAPSHOT.jar:?]
	at org.apache.hadoop.ozone.protocolPB.OzoneManagerProtocolServerSideTranslatorPB.submitReadRequestToOM(OzoneManagerProtocolServerSideTranslatorPB.java:226) ~[ozone-manager-1.3.0-SNAPSHOT.jar:?]
	at org.apache.hadoop.ozone.protocolPB.OzoneManagerProtocolServerSideTranslatorPB.processRequest(OzoneManagerProtocolServerSideTranslatorPB.java:175) ~[ozone-manager-1.3.0-SNAPSHOT.jar:?]
	at org.apache.hadoop.hdds.server.OzoneProtocolMessageDispatcher.processRequest(OzoneProtocolMessageDispatcher.java:87) [hdds-server-framework-1.3.0-SNAPSHOT.jar:?]
	at org.apache.hadoop.ozone.protocolPB.OzoneManagerProtocolServerSideTranslatorPB.submitRequest(OzoneManagerProtocolServerSideTranslatorPB.java:147) [ozone-manager-1.3.0-SNAPSHOT.jar:?]
	at org.apache.hadoop.ozone.protocol.proto.OzoneManagerProtocolProtos$OzoneManagerService$2.callBlockingMethod(OzoneManagerProtocolProtos.java) [ozone-interface-client-1.3.0-SNAPSHOT.jar:?]
	at org.apache.hadoop.ipc.ProtobufRpcEngine$Server.processCall(ProtobufRpcEngine.java:466) [hadoop-common-3.3.1.jar:?]
	at org.apache.hadoop.ipc.ProtobufRpcEngine2$Server$ProtoBufRpcInvoker.call(ProtobufRpcEngine2.java:574) [hadoop-common-3.3.1.jar:?]
	at org.apache.hadoop.ipc.ProtobufRpcEngine2$Server$ProtoBufRpcInvoker.call(ProtobufRpcEngine2.java:552) [hadoop-common-3.3.1.jar:?]
	at org.apache.hadoop.ipc.RPC$Server.call(RPC.java:1093) [hadoop-common-3.3.1.jar:?]
	at org.apache.hadoop.ipc.Server$RpcCall.run(Server.java:1035) [hadoop-common-3.3.1.jar:?]
	at org.apache.hadoop.ipc.Server$RpcCall.run(Server.java:963) [hadoop-common-3.3.1.jar:?]
	at java.security.AccessController.doPrivileged(Native Method) ~[?:1.8.0_332]
	at javax.security.auth.Subject.doAs(Subject.java:422) [?:1.8.0_332]
	at org.apache.hadoop.security.UserGroupInformation.doAs(UserGroupInformation.java:1878) [hadoop-common-3.3.1.jar:?]
	at org.apache.hadoop.ipc.Server$Handler.run(Server.java:2966) [hadoop-common-3.3.1.jar:?]
13:50:23.963 [IPC Server handler 13 on default port 46277] ERROR OMAudit - user=runner | ip=127.0.0.1 | op=GET_FILE_STATUS {volume=volume15122, bucket=bucket90299, key=root_dir/dir1/file2, dataSize=0, replicationConfig=null} | ret=FAILURE
org.apache.hadoop.ozone.om.exceptions.OMException: Unable to get file status: volume: volume15122 bucket: bucket90299 key: root_dir/dir1/file2
	at org.apache.hadoop.ozone.om.KeyManagerImpl.getOzoneFileStatus(KeyManagerImpl.java:1311) ~[ozone-manager-1.3.0-SNAPSHOT.jar:?]
	at org.apache.hadoop.ozone.om.KeyManagerImpl.getFileStatus(KeyManagerImpl.java:1241) ~[ozone-manager-1.3.0-SNAPSHOT.jar:?]
	at org.apache.hadoop.ozone.om.OzoneManager.getFileStatus(OzoneManager.java:3467) ~[ozone-manager-1.3.0-SNAPSHOT.jar:?]
	at org.apache.hadoop.ozone.protocolPB.OzoneManagerRequestHandler.getOzoneFileStatus(OzoneManagerRequestHandler.java:878) ~[ozone-manager-1.3.0-SNAPSHOT.jar:?]
	at org.apache.hadoop.ozone.protocolPB.OzoneManagerRequestHandler.handleReadRequest(OzoneManagerRequestHandler.java:224) ~[ozone-manager-1.3.0-SNAPSHOT.jar:?]
	at org.apache.hadoop.ozone.protocolPB.OzoneManagerProtocolServerSideTranslatorPB.submitReadRequestToOM(OzoneManagerProtocolServerSideTranslatorPB.java:226) ~[ozone-manager-1.3.0-SNAPSHOT.jar:?]
	at org.apache.hadoop.ozone.protocolPB.OzoneManagerProtocolServerSideTranslatorPB.processRequest(OzoneManagerProtocolServerSideTranslatorPB.java:175) ~[ozone-manager-1.3.0-SNAPSHOT.jar:?]
	at org.apache.hadoop.hdds.server.OzoneProtocolMessageDispatcher.processRequest(OzoneProtocolMessageDispatcher.java:87) [hdds-server-framework-1.3.0-SNAPSHOT.jar:?]
	at org.apache.hadoop.ozone.protocolPB.OzoneManagerProtocolServerSideTranslatorPB.submitRequest(OzoneManagerProtocolServerSideTranslatorPB.java:147) [ozone-manager-1.3.0-SNAPSHOT.jar:?]
	at org.apache.hadoop.ozone.protocol.proto.OzoneManagerProtocolProtos$OzoneManagerService$2.callBlockingMethod(OzoneManagerProtocolProtos.java) [ozone-interface-client-1.3.0-SNAPSHOT.jar:?]
	at org.apache.hadoop.ipc.ProtobufRpcEngine$Server.processCall(ProtobufRpcEngine.java:466) [hadoop-common-3.3.1.jar:?]
	at org.apache.hadoop.ipc.ProtobufRpcEngine2$Server$ProtoBufRpcInvoker.call(ProtobufRpcEngine2.java:574) [hadoop-common-3.3.1.jar:?]
	at org.apache.hadoop.ipc.ProtobufRpcEngine2$Server$ProtoBufRpcInvoker.call(ProtobufRpcEngine2.java:552) [hadoop-common-3.3.1.jar:?]
	at org.apache.hadoop.ipc.RPC$Server.call(RPC.java:1093) [hadoop-common-3.3.1.jar:?]
	at org.apache.hadoop.ipc.Server$RpcCall.run(Server.java:1035) [hadoop-common-3.3.1.jar:?]
	at org.apache.hadoop.ipc.Server$RpcCall.run(Server.java:963) [hadoop-common-3.3.1.jar:?]
	at java.security.AccessController.doPrivileged(Native Method) ~[?:1.8.0_332]
	at javax.security.auth.Subject.doAs(Subject.java:422) [?:1.8.0_332]
	at org.apache.hadoop.security.UserGroupInformation.doAs(UserGroupInformation.java:1878) [hadoop-common-3.3.1.jar:?]
	at org.apache.hadoop.ipc.Server$Handler.run(Server.java:2966) [hadoop-common-3.3.1.jar:?]
2022-07-27 13:50:23,964 [Time-limited test] WARN  ozone.BasicRootedOzoneFileSystem (BasicRootedOzoneFileSystem.java:delete(572)) - delete: Path does not exist: /volume15122/bucket90299/root_dir/dir1/file2
13:50:23.972 [IPC Server handler 15 on default port 46277] ERROR OMAudit - user=runner | ip=127.0.0.1 | op=GET_FILE_STATUS {volume=volume15122, bucket=bucket90299, key=root_dir/dir1/dir2, dataSize=0, replicationConfig=null} | ret=FAILURE
org.apache.hadoop.ozone.om.exceptions.OMException: Unable to get file status: volume: volume15122 bucket: bucket90299 key: root_dir/dir1/dir2
	at org.apache.hadoop.ozone.om.KeyManagerImpl.getOzoneFileStatus(KeyManagerImpl.java:1311) ~[ozone-manager-1.3.0-SNAPSHOT.jar:?]
	at org.apache.hadoop.ozone.om.KeyManagerImpl.getFileStatus(KeyManagerImpl.java:1241) ~[ozone-manager-1.3.0-SNAPSHOT.jar:?]
	at org.apache.hadoop.ozone.om.OzoneManager.getFileStatus(OzoneManager.java:3467) ~[ozone-manager-1.3.0-SNAPSHOT.jar:?]
	at org.apache.hadoop.ozone.protocolPB.OzoneManagerRequestHandler.getOzoneFileStatus(OzoneManagerRequestHandler.java:878) ~[ozone-manager-1.3.0-SNAPSHOT.jar:?]
	at org.apache.hadoop.ozone.protocolPB.OzoneManagerRequestHandler.handleReadRequest(OzoneManagerRequestHandler.java:224) ~[ozone-manager-1.3.0-SNAPSHOT.jar:?]
	at org.apache.hadoop.ozone.protocolPB.OzoneManagerProtocolServerSideTranslatorPB.submitReadRequestToOM(OzoneManagerProtocolServerSideTranslatorPB.java:226) ~[ozone-manager-1.3.0-SNAPSHOT.jar:?]
	at org.apache.hadoop.ozone.protocolPB.OzoneManagerProtocolServerSideTranslatorPB.processRequest(OzoneManagerProtocolServerSideTranslatorPB.java:175) ~[ozone-manager-1.3.0-SNAPSHOT.jar:?]
	at org.apache.hadoop.hdds.server.OzoneProtocolMessageDispatcher.processRequest(OzoneProtocolMessageDispatcher.java:87) [hdds-server-framework-1.3.0-SNAPSHOT.jar:?]
	at org.apache.hadoop.ozone.protocolPB.OzoneManagerProtocolServerSideTranslatorPB.submitRequest(OzoneManagerProtocolServerSideTranslatorPB.java:147) [ozone-manager-1.3.0-SNAPSHOT.jar:?]
	at org.apache.hadoop.ozone.protocol.proto.OzoneManagerProtocolProtos$OzoneManagerService$2.callBlockingMethod(OzoneManagerProtocolProtos.java) [ozone-interface-client-1.3.0-SNAPSHOT.jar:?]
	at org.apache.hadoop.ipc.ProtobufRpcEngine$Server.processCall(ProtobufRpcEngine.java:466) [hadoop-common-3.3.1.jar:?]
	at org.apache.hadoop.ipc.ProtobufRpcEngine2$Server$ProtoBufRpcInvoker.call(ProtobufRpcEngine2.java:574) [hadoop-common-3.3.1.jar:?]
	at org.apache.hadoop.ipc.ProtobufRpcEngine2$Server$ProtoBufRpcInvoker.call(ProtobufRpcEngine2.java:552) [hadoop-common-3.3.1.jar:?]
	at org.apache.hadoop.ipc.RPC$Server.call(RPC.java:1093) [hadoop-common-3.3.1.jar:?]
	at org.apache.hadoop.ipc.Server$RpcCall.run(Server.java:1035) [hadoop-common-3.3.1.jar:?]
	at org.apache.hadoop.ipc.Server$RpcCall.run(Server.java:963) [hadoop-common-3.3.1.jar:?]
	at java.security.AccessController.doPrivileged(Native Method) ~[?:1.8.0_332]
	at javax.security.auth.Subject.doAs(Subject.java:422) [?:1.8.0_332]
	at org.apache.hadoop.security.UserGroupInformation.doAs(UserGroupInformation.java:1878) [hadoop-common-3.3.1.jar:?]
	at org.apache.hadoop.ipc.Server$Handler.run(Server.java:2966) [hadoop-common-3.3.1.jar:?]
2022-07-27 13:50:23,972 [Time-limited test] WARN  ozone.BasicRootedOzoneFileSystem (BasicRootedOzoneFileSystem.java:delete(572)) - delete: Path does not exist: /volume15122/bucket90299/root_dir/dir1/dir2
]]></system-out>
  </testcase>
  <testcase name="testRenameToParentDir" classname="TestRootedOzoneFileSystem" time="0.178">
    <system-out><![CDATA[2022-07-27 13:51:33,441 [Time-limited test] INFO  rpc.RpcClient (RpcClient.java:createVolume(467)) - Creating Volume: volume10549, with user48702 as owner and space quota set to -1 bytes, counts quota set to -1
2022-07-27 13:51:33,443 [IPC Server handler 15 on default port 45285] INFO  volume.OMVolumeCreateRequest (OMVolumeCreateRequest.java:validateAndUpdateCache(195)) - created volume:volume10549 for user:user48702
2022-07-27 13:51:33,444 [Time-limited test] INFO  rpc.RpcClient (RpcClient.java:createBucket(670)) - Creating Bucket: volume10549/bucket62641, with bucket layout LEGACY, runner as owner, Versioning false, Storage Type set to DISK and Encryption set to false 
2022-07-27 13:51:33,445 [IPC Server handler 18 on default port 45285] INFO  bucket.OMBucketCreateRequest (OMBucketCreateRequest.java:validateAndUpdateCache(260)) - created bucket: bucket62641 of layout LEGACY in volume: volume10549
13:51:33.454 [IPC Server handler 10 on default port 45285] ERROR OMAudit - user=runner | ip=127.0.0.1 | op=LIST_STATUS {volume=volume10549, bucket=bucket62641, key=root_dir/dir2, dataSize=0, replicationConfig=null} | ret=FAILURE
org.apache.hadoop.ozone.om.exceptions.OMException: Unable to get file status: volume: volume10549 bucket: bucket62641 key: root_dir/dir2
	at org.apache.hadoop.ozone.om.KeyManagerImpl.getOzoneFileStatus(KeyManagerImpl.java:1311) ~[ozone-manager-1.3.0-SNAPSHOT.jar:?]
	at org.apache.hadoop.ozone.om.KeyManagerImpl.getFileStatus(KeyManagerImpl.java:1241) ~[ozone-manager-1.3.0-SNAPSHOT.jar:?]
	at org.apache.hadoop.ozone.om.KeyManagerImpl.listStatus(KeyManagerImpl.java:1565) ~[ozone-manager-1.3.0-SNAPSHOT.jar:?]
	at org.apache.hadoop.ozone.om.OzoneManager.listStatus(OzoneManager.java:3545) ~[ozone-manager-1.3.0-SNAPSHOT.jar:?]
	at org.apache.hadoop.ozone.protocolPB.OzoneManagerRequestHandler.listStatus(OzoneManagerRequestHandler.java:1043) ~[ozone-manager-1.3.0-SNAPSHOT.jar:?]
	at org.apache.hadoop.ozone.protocolPB.OzoneManagerRequestHandler.handleReadRequest(OzoneManagerRequestHandler.java:235) ~[ozone-manager-1.3.0-SNAPSHOT.jar:?]
	at org.apache.hadoop.ozone.protocolPB.OzoneManagerProtocolServerSideTranslatorPB.submitRequestDirectlyToOM(OzoneManagerProtocolServerSideTranslatorPB.java:276) ~[ozone-manager-1.3.0-SNAPSHOT.jar:?]
	at org.apache.hadoop.ozone.protocolPB.OzoneManagerProtocolServerSideTranslatorPB.processRequest(OzoneManagerProtocolServerSideTranslatorPB.java:205) ~[ozone-manager-1.3.0-SNAPSHOT.jar:?]
	at org.apache.hadoop.hdds.server.OzoneProtocolMessageDispatcher.processRequest(OzoneProtocolMessageDispatcher.java:87) [hdds-server-framework-1.3.0-SNAPSHOT.jar:?]
	at org.apache.hadoop.ozone.protocolPB.OzoneManagerProtocolServerSideTranslatorPB.submitRequest(OzoneManagerProtocolServerSideTranslatorPB.java:147) [ozone-manager-1.3.0-SNAPSHOT.jar:?]
	at org.apache.hadoop.ozone.protocol.proto.OzoneManagerProtocolProtos$OzoneManagerService$2.callBlockingMethod(OzoneManagerProtocolProtos.java) [ozone-interface-client-1.3.0-SNAPSHOT.jar:?]
	at org.apache.hadoop.ipc.ProtobufRpcEngine$Server.processCall(ProtobufRpcEngine.java:466) [hadoop-common-3.3.1.jar:?]
	at org.apache.hadoop.ipc.ProtobufRpcEngine2$Server$ProtoBufRpcInvoker.call(ProtobufRpcEngine2.java:574) [hadoop-common-3.3.1.jar:?]
	at org.apache.hadoop.ipc.ProtobufRpcEngine2$Server$ProtoBufRpcInvoker.call(ProtobufRpcEngine2.java:552) [hadoop-common-3.3.1.jar:?]
	at org.apache.hadoop.ipc.RPC$Server.call(RPC.java:1093) [hadoop-common-3.3.1.jar:?]
	at org.apache.hadoop.ipc.Server$RpcCall.run(Server.java:1035) [hadoop-common-3.3.1.jar:?]
	at org.apache.hadoop.ipc.Server$RpcCall.run(Server.java:963) [hadoop-common-3.3.1.jar:?]
	at java.security.AccessController.doPrivileged(Native Method) ~[?:1.8.0_332]
	at javax.security.auth.Subject.doAs(Subject.java:422) [?:1.8.0_332]
	at org.apache.hadoop.security.UserGroupInformation.doAs(UserGroupInformation.java:1878) [hadoop-common-3.3.1.jar:?]
	at org.apache.hadoop.ipc.Server$Handler.run(Server.java:2966) [hadoop-common-3.3.1.jar:?]
13:51:33.469 [IPC Server handler 8 on default port 45285] ERROR OMAudit - user=runner | ip=127.0.0.1 | op=LIST_STATUS {volume=volume10549, bucket=bucket62641, key=root_dir/file2, dataSize=0, replicationConfig=null} | ret=FAILURE
org.apache.hadoop.ozone.om.exceptions.OMException: Unable to get file status: volume: volume10549 bucket: bucket62641 key: root_dir/file2
	at org.apache.hadoop.ozone.om.KeyManagerImpl.getOzoneFileStatus(KeyManagerImpl.java:1311) ~[ozone-manager-1.3.0-SNAPSHOT.jar:?]
	at org.apache.hadoop.ozone.om.KeyManagerImpl.getFileStatus(KeyManagerImpl.java:1241) ~[ozone-manager-1.3.0-SNAPSHOT.jar:?]
	at org.apache.hadoop.ozone.om.KeyManagerImpl.listStatus(KeyManagerImpl.java:1565) ~[ozone-manager-1.3.0-SNAPSHOT.jar:?]
	at org.apache.hadoop.ozone.om.OzoneManager.listStatus(OzoneManager.java:3545) ~[ozone-manager-1.3.0-SNAPSHOT.jar:?]
	at org.apache.hadoop.ozone.protocolPB.OzoneManagerRequestHandler.listStatus(OzoneManagerRequestHandler.java:1043) ~[ozone-manager-1.3.0-SNAPSHOT.jar:?]
	at org.apache.hadoop.ozone.protocolPB.OzoneManagerRequestHandler.handleReadRequest(OzoneManagerRequestHandler.java:235) ~[ozone-manager-1.3.0-SNAPSHOT.jar:?]
	at org.apache.hadoop.ozone.protocolPB.OzoneManagerProtocolServerSideTranslatorPB.submitRequestDirectlyToOM(OzoneManagerProtocolServerSideTranslatorPB.java:276) ~[ozone-manager-1.3.0-SNAPSHOT.jar:?]
	at org.apache.hadoop.ozone.protocolPB.OzoneManagerProtocolServerSideTranslatorPB.processRequest(OzoneManagerProtocolServerSideTranslatorPB.java:205) ~[ozone-manager-1.3.0-SNAPSHOT.jar:?]
	at org.apache.hadoop.hdds.server.OzoneProtocolMessageDispatcher.processRequest(OzoneProtocolMessageDispatcher.java:87) [hdds-server-framework-1.3.0-SNAPSHOT.jar:?]
	at org.apache.hadoop.ozone.protocolPB.OzoneManagerProtocolServerSideTranslatorPB.submitRequest(OzoneManagerProtocolServerSideTranslatorPB.java:147) [ozone-manager-1.3.0-SNAPSHOT.jar:?]
	at org.apache.hadoop.ozone.protocol.proto.OzoneManagerProtocolProtos$OzoneManagerService$2.callBlockingMethod(OzoneManagerProtocolProtos.java) [ozone-interface-client-1.3.0-SNAPSHOT.jar:?]
	at org.apache.hadoop.ipc.ProtobufRpcEngine$Server.processCall(ProtobufRpcEngine.java:466) [hadoop-common-3.3.1.jar:?]
	at org.apache.hadoop.ipc.ProtobufRpcEngine2$Server$ProtoBufRpcInvoker.call(ProtobufRpcEngine2.java:574) [hadoop-common-3.3.1.jar:?]
	at org.apache.hadoop.ipc.ProtobufRpcEngine2$Server$ProtoBufRpcInvoker.call(ProtobufRpcEngine2.java:552) [hadoop-common-3.3.1.jar:?]
	at org.apache.hadoop.ipc.RPC$Server.call(RPC.java:1093) [hadoop-common-3.3.1.jar:?]
	at org.apache.hadoop.ipc.Server$RpcCall.run(Server.java:1035) [hadoop-common-3.3.1.jar:?]
	at org.apache.hadoop.ipc.Server$RpcCall.run(Server.java:963) [hadoop-common-3.3.1.jar:?]
	at java.security.AccessController.doPrivileged(Native Method) ~[?:1.8.0_332]
	at javax.security.auth.Subject.doAs(Subject.java:422) [?:1.8.0_332]
	at org.apache.hadoop.security.UserGroupInformation.doAs(UserGroupInformation.java:1878) [hadoop-common-3.3.1.jar:?]
	at org.apache.hadoop.ipc.Server$Handler.run(Server.java:2966) [hadoop-common-3.3.1.jar:?]
13:51:33.483 [IPC Server handler 1 on default port 45285] ERROR OMAudit - user=runner | ip=127.0.0.1 | op=GET_FILE_STATUS {volume=volume10549, bucket=bucket62641, key=root_dir/dir1/file2, dataSize=0, replicationConfig=null} | ret=FAILURE
org.apache.hadoop.ozone.om.exceptions.OMException: Unable to get file status: volume: volume10549 bucket: bucket62641 key: root_dir/dir1/file2
	at org.apache.hadoop.ozone.om.KeyManagerImpl.getOzoneFileStatus(KeyManagerImpl.java:1311) ~[ozone-manager-1.3.0-SNAPSHOT.jar:?]
	at org.apache.hadoop.ozone.om.KeyManagerImpl.getFileStatus(KeyManagerImpl.java:1241) ~[ozone-manager-1.3.0-SNAPSHOT.jar:?]
	at org.apache.hadoop.ozone.om.OzoneManager.getFileStatus(OzoneManager.java:3467) ~[ozone-manager-1.3.0-SNAPSHOT.jar:?]
	at org.apache.hadoop.ozone.protocolPB.OzoneManagerRequestHandler.getOzoneFileStatus(OzoneManagerRequestHandler.java:878) ~[ozone-manager-1.3.0-SNAPSHOT.jar:?]
	at org.apache.hadoop.ozone.protocolPB.OzoneManagerRequestHandler.handleReadRequest(OzoneManagerRequestHandler.java:224) ~[ozone-manager-1.3.0-SNAPSHOT.jar:?]
	at org.apache.hadoop.ozone.protocolPB.OzoneManagerProtocolServerSideTranslatorPB.submitRequestDirectlyToOM(OzoneManagerProtocolServerSideTranslatorPB.java:276) ~[ozone-manager-1.3.0-SNAPSHOT.jar:?]
	at org.apache.hadoop.ozone.protocolPB.OzoneManagerProtocolServerSideTranslatorPB.processRequest(OzoneManagerProtocolServerSideTranslatorPB.java:205) ~[ozone-manager-1.3.0-SNAPSHOT.jar:?]
	at org.apache.hadoop.hdds.server.OzoneProtocolMessageDispatcher.processRequest(OzoneProtocolMessageDispatcher.java:87) [hdds-server-framework-1.3.0-SNAPSHOT.jar:?]
	at org.apache.hadoop.ozone.protocolPB.OzoneManagerProtocolServerSideTranslatorPB.submitRequest(OzoneManagerProtocolServerSideTranslatorPB.java:147) [ozone-manager-1.3.0-SNAPSHOT.jar:?]
	at org.apache.hadoop.ozone.protocol.proto.OzoneManagerProtocolProtos$OzoneManagerService$2.callBlockingMethod(OzoneManagerProtocolProtos.java) [ozone-interface-client-1.3.0-SNAPSHOT.jar:?]
	at org.apache.hadoop.ipc.ProtobufRpcEngine$Server.processCall(ProtobufRpcEngine.java:466) [hadoop-common-3.3.1.jar:?]
	at org.apache.hadoop.ipc.ProtobufRpcEngine2$Server$ProtoBufRpcInvoker.call(ProtobufRpcEngine2.java:574) [hadoop-common-3.3.1.jar:?]
	at org.apache.hadoop.ipc.ProtobufRpcEngine2$Server$ProtoBufRpcInvoker.call(ProtobufRpcEngine2.java:552) [hadoop-common-3.3.1.jar:?]
	at org.apache.hadoop.ipc.RPC$Server.call(RPC.java:1093) [hadoop-common-3.3.1.jar:?]
	at org.apache.hadoop.ipc.Server$RpcCall.run(Server.java:1035) [hadoop-common-3.3.1.jar:?]
	at org.apache.hadoop.ipc.Server$RpcCall.run(Server.java:963) [hadoop-common-3.3.1.jar:?]
	at java.security.AccessController.doPrivileged(Native Method) ~[?:1.8.0_332]
	at javax.security.auth.Subject.doAs(Subject.java:422) [?:1.8.0_332]
	at org.apache.hadoop.security.UserGroupInformation.doAs(UserGroupInformation.java:1878) [hadoop-common-3.3.1.jar:?]
	at org.apache.hadoop.ipc.Server$Handler.run(Server.java:2966) [hadoop-common-3.3.1.jar:?]
2022-07-27 13:51:33,484 [Time-limited test] WARN  ozone.BasicRootedOzoneFileSystem (BasicRootedOzoneFileSystem.java:delete(572)) - delete: Path does not exist: /volume10549/bucket62641/root_dir/dir1/file2
13:51:33.484 [IPC Server handler 0 on default port 45285] ERROR OMAudit - user=runner | ip=127.0.0.1 | op=GET_FILE_STATUS {volume=volume10549, bucket=bucket62641, key=root_dir/dir1/dir2, dataSize=0, replicationConfig=null} | ret=FAILURE
org.apache.hadoop.ozone.om.exceptions.OMException: Unable to get file status: volume: volume10549 bucket: bucket62641 key: root_dir/dir1/dir2
	at org.apache.hadoop.ozone.om.KeyManagerImpl.getOzoneFileStatus(KeyManagerImpl.java:1311) ~[ozone-manager-1.3.0-SNAPSHOT.jar:?]
	at org.apache.hadoop.ozone.om.KeyManagerImpl.getFileStatus(KeyManagerImpl.java:1241) ~[ozone-manager-1.3.0-SNAPSHOT.jar:?]
	at org.apache.hadoop.ozone.om.OzoneManager.getFileStatus(OzoneManager.java:3467) ~[ozone-manager-1.3.0-SNAPSHOT.jar:?]
	at org.apache.hadoop.ozone.protocolPB.OzoneManagerRequestHandler.getOzoneFileStatus(OzoneManagerRequestHandler.java:878) ~[ozone-manager-1.3.0-SNAPSHOT.jar:?]
	at org.apache.hadoop.ozone.protocolPB.OzoneManagerRequestHandler.handleReadRequest(OzoneManagerRequestHandler.java:224) ~[ozone-manager-1.3.0-SNAPSHOT.jar:?]
	at org.apache.hadoop.ozone.protocolPB.OzoneManagerProtocolServerSideTranslatorPB.submitRequestDirectlyToOM(OzoneManagerProtocolServerSideTranslatorPB.java:276) ~[ozone-manager-1.3.0-SNAPSHOT.jar:?]
	at org.apache.hadoop.ozone.protocolPB.OzoneManagerProtocolServerSideTranslatorPB.processRequest(OzoneManagerProtocolServerSideTranslatorPB.java:205) ~[ozone-manager-1.3.0-SNAPSHOT.jar:?]
	at org.apache.hadoop.hdds.server.OzoneProtocolMessageDispatcher.processRequest(OzoneProtocolMessageDispatcher.java:87) [hdds-server-framework-1.3.0-SNAPSHOT.jar:?]
	at org.apache.hadoop.ozone.protocolPB.OzoneManagerProtocolServerSideTranslatorPB.submitRequest(OzoneManagerProtocolServerSideTranslatorPB.java:147) [ozone-manager-1.3.0-SNAPSHOT.jar:?]
	at org.apache.hadoop.ozone.protocol.proto.OzoneManagerProtocolProtos$OzoneManagerService$2.callBlockingMethod(OzoneManagerProtocolProtos.java) [ozone-interface-client-1.3.0-SNAPSHOT.jar:?]
	at org.apache.hadoop.ipc.ProtobufRpcEngine$Server.processCall(ProtobufRpcEngine.java:466) [hadoop-common-3.3.1.jar:?]
	at org.apache.hadoop.ipc.ProtobufRpcEngine2$Server$ProtoBufRpcInvoker.call(ProtobufRpcEngine2.java:574) [hadoop-common-3.3.1.jar:?]
	at org.apache.hadoop.ipc.ProtobufRpcEngine2$Server$ProtoBufRpcInvoker.call(ProtobufRpcEngine2.java:552) [hadoop-common-3.3.1.jar:?]
	at org.apache.hadoop.ipc.RPC$Server.call(RPC.java:1093) [hadoop-common-3.3.1.jar:?]
	at org.apache.hadoop.ipc.Server$RpcCall.run(Server.java:1035) [hadoop-common-3.3.1.jar:?]
	at org.apache.hadoop.ipc.Server$RpcCall.run(Server.java:963) [hadoop-common-3.3.1.jar:?]
	at java.security.AccessController.doPrivileged(Native Method) ~[?:1.8.0_332]
	at javax.security.auth.Subject.doAs(Subject.java:422) [?:1.8.0_332]
	at org.apache.hadoop.security.UserGroupInformation.doAs(UserGroupInformation.java:1878) [hadoop-common-3.3.1.jar:?]
	at org.apache.hadoop.ipc.Server$Handler.run(Server.java:2966) [hadoop-common-3.3.1.jar:?]
2022-07-27 13:51:33,485 [Time-limited test] WARN  ozone.BasicRootedOzoneFileSystem (BasicRootedOzoneFileSystem.java:delete(572)) - delete: Path does not exist: /volume10549/bucket62641/root_dir/dir1/dir2
]]></system-out>
  </testcase>
  <testcase name="testRenameToParentDir" classname="TestRootedOzoneFileSystem" time="0.319">
    <system-out><![CDATA[2022-07-27 13:52:51,140 [Time-limited test] INFO  rpc.RpcClient (RpcClient.java:createVolume(467)) - Creating Volume: volume18945, with user86883 as owner and space quota set to -1 bytes, counts quota set to -1
2022-07-27 13:52:51,148 [OM StateMachine ApplyTransaction Thread - 0] INFO  volume.OMVolumeCreateRequest (OMVolumeCreateRequest.java:validateAndUpdateCache(195)) - created volume:volume18945 for user:user86883
2022-07-27 13:52:51,156 [Time-limited test] INFO  rpc.RpcClient (RpcClient.java:createBucket(670)) - Creating Bucket: volume18945/bucket29724, with bucket layout LEGACY, runner as owner, Versioning false, Storage Type set to DISK and Encryption set to false 
2022-07-27 13:52:51,157 [OM StateMachine ApplyTransaction Thread - 0] INFO  bucket.OMBucketCreateRequest (OMBucketCreateRequest.java:validateAndUpdateCache(260)) - created bucket: bucket29724 of layout LEGACY in volume: volume18945
13:52:51.172 [IPC Server handler 4 on default port 34829] ERROR OMAudit - user=runner | ip=127.0.0.1 | op=LIST_STATUS {volume=volume18945, bucket=bucket29724, key=root_dir/dir2, dataSize=0, replicationConfig=null} | ret=FAILURE
org.apache.hadoop.ozone.om.exceptions.OMException: Unable to get file status: volume: volume18945 bucket: bucket29724 key: root_dir/dir2
	at org.apache.hadoop.ozone.om.KeyManagerImpl.getOzoneFileStatus(KeyManagerImpl.java:1311) ~[ozone-manager-1.3.0-SNAPSHOT.jar:?]
	at org.apache.hadoop.ozone.om.KeyManagerImpl.getFileStatus(KeyManagerImpl.java:1241) ~[ozone-manager-1.3.0-SNAPSHOT.jar:?]
	at org.apache.hadoop.ozone.om.KeyManagerImpl.listStatus(KeyManagerImpl.java:1565) ~[ozone-manager-1.3.0-SNAPSHOT.jar:?]
	at org.apache.hadoop.ozone.om.OzoneManager.listStatus(OzoneManager.java:3545) ~[ozone-manager-1.3.0-SNAPSHOT.jar:?]
	at org.apache.hadoop.ozone.protocolPB.OzoneManagerRequestHandler.listStatus(OzoneManagerRequestHandler.java:1043) ~[ozone-manager-1.3.0-SNAPSHOT.jar:?]
	at org.apache.hadoop.ozone.protocolPB.OzoneManagerRequestHandler.handleReadRequest(OzoneManagerRequestHandler.java:235) ~[ozone-manager-1.3.0-SNAPSHOT.jar:?]
	at org.apache.hadoop.ozone.protocolPB.OzoneManagerProtocolServerSideTranslatorPB.submitReadRequestToOM(OzoneManagerProtocolServerSideTranslatorPB.java:226) ~[ozone-manager-1.3.0-SNAPSHOT.jar:?]
	at org.apache.hadoop.ozone.protocolPB.OzoneManagerProtocolServerSideTranslatorPB.processRequest(OzoneManagerProtocolServerSideTranslatorPB.java:175) ~[ozone-manager-1.3.0-SNAPSHOT.jar:?]
	at org.apache.hadoop.hdds.server.OzoneProtocolMessageDispatcher.processRequest(OzoneProtocolMessageDispatcher.java:87) [hdds-server-framework-1.3.0-SNAPSHOT.jar:?]
	at org.apache.hadoop.ozone.protocolPB.OzoneManagerProtocolServerSideTranslatorPB.submitRequest(OzoneManagerProtocolServerSideTranslatorPB.java:147) [ozone-manager-1.3.0-SNAPSHOT.jar:?]
	at org.apache.hadoop.ozone.protocol.proto.OzoneManagerProtocolProtos$OzoneManagerService$2.callBlockingMethod(OzoneManagerProtocolProtos.java) [ozone-interface-client-1.3.0-SNAPSHOT.jar:?]
	at org.apache.hadoop.ipc.ProtobufRpcEngine$Server.processCall(ProtobufRpcEngine.java:466) [hadoop-common-3.3.1.jar:?]
	at org.apache.hadoop.ipc.ProtobufRpcEngine2$Server$ProtoBufRpcInvoker.call(ProtobufRpcEngine2.java:574) [hadoop-common-3.3.1.jar:?]
	at org.apache.hadoop.ipc.ProtobufRpcEngine2$Server$ProtoBufRpcInvoker.call(ProtobufRpcEngine2.java:552) [hadoop-common-3.3.1.jar:?]
	at org.apache.hadoop.ipc.RPC$Server.call(RPC.java:1093) [hadoop-common-3.3.1.jar:?]
	at org.apache.hadoop.ipc.Server$RpcCall.run(Server.java:1035) [hadoop-common-3.3.1.jar:?]
	at org.apache.hadoop.ipc.Server$RpcCall.run(Server.java:963) [hadoop-common-3.3.1.jar:?]
	at java.security.AccessController.doPrivileged(Native Method) ~[?:1.8.0_332]
	at javax.security.auth.Subject.doAs(Subject.java:422) [?:1.8.0_332]
	at org.apache.hadoop.security.UserGroupInformation.doAs(UserGroupInformation.java:1878) [hadoop-common-3.3.1.jar:?]
	at org.apache.hadoop.ipc.Server$Handler.run(Server.java:2966) [hadoop-common-3.3.1.jar:?]
13:52:51.229 [IPC Server handler 6 on default port 34829] ERROR OMAudit - user=runner | ip=127.0.0.1 | op=LIST_STATUS {volume=volume18945, bucket=bucket29724, key=root_dir/file2, dataSize=0, replicationConfig=null} | ret=FAILURE
org.apache.hadoop.ozone.om.exceptions.OMException: Unable to get file status: volume: volume18945 bucket: bucket29724 key: root_dir/file2
	at org.apache.hadoop.ozone.om.KeyManagerImpl.getOzoneFileStatus(KeyManagerImpl.java:1311) ~[ozone-manager-1.3.0-SNAPSHOT.jar:?]
	at org.apache.hadoop.ozone.om.KeyManagerImpl.getFileStatus(KeyManagerImpl.java:1241) ~[ozone-manager-1.3.0-SNAPSHOT.jar:?]
	at org.apache.hadoop.ozone.om.KeyManagerImpl.listStatus(KeyManagerImpl.java:1565) ~[ozone-manager-1.3.0-SNAPSHOT.jar:?]
	at org.apache.hadoop.ozone.om.OzoneManager.listStatus(OzoneManager.java:3545) ~[ozone-manager-1.3.0-SNAPSHOT.jar:?]
	at org.apache.hadoop.ozone.protocolPB.OzoneManagerRequestHandler.listStatus(OzoneManagerRequestHandler.java:1043) ~[ozone-manager-1.3.0-SNAPSHOT.jar:?]
	at org.apache.hadoop.ozone.protocolPB.OzoneManagerRequestHandler.handleReadRequest(OzoneManagerRequestHandler.java:235) ~[ozone-manager-1.3.0-SNAPSHOT.jar:?]
	at org.apache.hadoop.ozone.protocolPB.OzoneManagerProtocolServerSideTranslatorPB.submitReadRequestToOM(OzoneManagerProtocolServerSideTranslatorPB.java:226) ~[ozone-manager-1.3.0-SNAPSHOT.jar:?]
	at org.apache.hadoop.ozone.protocolPB.OzoneManagerProtocolServerSideTranslatorPB.processRequest(OzoneManagerProtocolServerSideTranslatorPB.java:175) ~[ozone-manager-1.3.0-SNAPSHOT.jar:?]
	at org.apache.hadoop.hdds.server.OzoneProtocolMessageDispatcher.processRequest(OzoneProtocolMessageDispatcher.java:87) [hdds-server-framework-1.3.0-SNAPSHOT.jar:?]
	at org.apache.hadoop.ozone.protocolPB.OzoneManagerProtocolServerSideTranslatorPB.submitRequest(OzoneManagerProtocolServerSideTranslatorPB.java:147) [ozone-manager-1.3.0-SNAPSHOT.jar:?]
	at org.apache.hadoop.ozone.protocol.proto.OzoneManagerProtocolProtos$OzoneManagerService$2.callBlockingMethod(OzoneManagerProtocolProtos.java) [ozone-interface-client-1.3.0-SNAPSHOT.jar:?]
	at org.apache.hadoop.ipc.ProtobufRpcEngine$Server.processCall(ProtobufRpcEngine.java:466) [hadoop-common-3.3.1.jar:?]
	at org.apache.hadoop.ipc.ProtobufRpcEngine2$Server$ProtoBufRpcInvoker.call(ProtobufRpcEngine2.java:574) [hadoop-common-3.3.1.jar:?]
	at org.apache.hadoop.ipc.ProtobufRpcEngine2$Server$ProtoBufRpcInvoker.call(ProtobufRpcEngine2.java:552) [hadoop-common-3.3.1.jar:?]
	at org.apache.hadoop.ipc.RPC$Server.call(RPC.java:1093) [hadoop-common-3.3.1.jar:?]
	at org.apache.hadoop.ipc.Server$RpcCall.run(Server.java:1035) [hadoop-common-3.3.1.jar:?]
	at org.apache.hadoop.ipc.Server$RpcCall.run(Server.java:963) [hadoop-common-3.3.1.jar:?]
	at java.security.AccessController.doPrivileged(Native Method) ~[?:1.8.0_332]
	at javax.security.auth.Subject.doAs(Subject.java:422) [?:1.8.0_332]
	at org.apache.hadoop.security.UserGroupInformation.doAs(UserGroupInformation.java:1878) [hadoop-common-3.3.1.jar:?]
	at org.apache.hadoop.ipc.Server$Handler.run(Server.java:2966) [hadoop-common-3.3.1.jar:?]
13:52:51.249 [IPC Server handler 15 on default port 34829] ERROR OMAudit - user=runner | ip=127.0.0.1 | op=GET_FILE_STATUS {volume=volume18945, bucket=bucket29724, key=root_dir/dir1/file2, dataSize=0, replicationConfig=null} | ret=FAILURE
org.apache.hadoop.ozone.om.exceptions.OMException: Unable to get file status: volume: volume18945 bucket: bucket29724 key: root_dir/dir1/file2
	at org.apache.hadoop.ozone.om.KeyManagerImpl.getOzoneFileStatus(KeyManagerImpl.java:1311) ~[ozone-manager-1.3.0-SNAPSHOT.jar:?]
	at org.apache.hadoop.ozone.om.KeyManagerImpl.getFileStatus(KeyManagerImpl.java:1241) ~[ozone-manager-1.3.0-SNAPSHOT.jar:?]
	at org.apache.hadoop.ozone.om.OzoneManager.getFileStatus(OzoneManager.java:3467) ~[ozone-manager-1.3.0-SNAPSHOT.jar:?]
	at org.apache.hadoop.ozone.protocolPB.OzoneManagerRequestHandler.getOzoneFileStatus(OzoneManagerRequestHandler.java:878) ~[ozone-manager-1.3.0-SNAPSHOT.jar:?]
	at org.apache.hadoop.ozone.protocolPB.OzoneManagerRequestHandler.handleReadRequest(OzoneManagerRequestHandler.java:224) ~[ozone-manager-1.3.0-SNAPSHOT.jar:?]
	at org.apache.hadoop.ozone.protocolPB.OzoneManagerProtocolServerSideTranslatorPB.submitReadRequestToOM(OzoneManagerProtocolServerSideTranslatorPB.java:226) ~[ozone-manager-1.3.0-SNAPSHOT.jar:?]
	at org.apache.hadoop.ozone.protocolPB.OzoneManagerProtocolServerSideTranslatorPB.processRequest(OzoneManagerProtocolServerSideTranslatorPB.java:175) ~[ozone-manager-1.3.0-SNAPSHOT.jar:?]
	at org.apache.hadoop.hdds.server.OzoneProtocolMessageDispatcher.processRequest(OzoneProtocolMessageDispatcher.java:87) [hdds-server-framework-1.3.0-SNAPSHOT.jar:?]
	at org.apache.hadoop.ozone.protocolPB.OzoneManagerProtocolServerSideTranslatorPB.submitRequest(OzoneManagerProtocolServerSideTranslatorPB.java:147) [ozone-manager-1.3.0-SNAPSHOT.jar:?]
	at org.apache.hadoop.ozone.protocol.proto.OzoneManagerProtocolProtos$OzoneManagerService$2.callBlockingMethod(OzoneManagerProtocolProtos.java) [ozone-interface-client-1.3.0-SNAPSHOT.jar:?]
	at org.apache.hadoop.ipc.ProtobufRpcEngine$Server.processCall(ProtobufRpcEngine.java:466) [hadoop-common-3.3.1.jar:?]
	at org.apache.hadoop.ipc.ProtobufRpcEngine2$Server$ProtoBufRpcInvoker.call(ProtobufRpcEngine2.java:574) [hadoop-common-3.3.1.jar:?]
	at org.apache.hadoop.ipc.ProtobufRpcEngine2$Server$ProtoBufRpcInvoker.call(ProtobufRpcEngine2.java:552) [hadoop-common-3.3.1.jar:?]
	at org.apache.hadoop.ipc.RPC$Server.call(RPC.java:1093) [hadoop-common-3.3.1.jar:?]
	at org.apache.hadoop.ipc.Server$RpcCall.run(Server.java:1035) [hadoop-common-3.3.1.jar:?]
	at org.apache.hadoop.ipc.Server$RpcCall.run(Server.java:963) [hadoop-common-3.3.1.jar:?]
	at java.security.AccessController.doPrivileged(Native Method) ~[?:1.8.0_332]
	at javax.security.auth.Subject.doAs(Subject.java:422) [?:1.8.0_332]
	at org.apache.hadoop.security.UserGroupInformation.doAs(UserGroupInformation.java:1878) [hadoop-common-3.3.1.jar:?]
	at org.apache.hadoop.ipc.Server$Handler.run(Server.java:2966) [hadoop-common-3.3.1.jar:?]
2022-07-27 13:52:51,250 [Time-limited test] WARN  ozone.BasicRootedOzoneFileSystem (BasicRootedOzoneFileSystem.java:delete(572)) - delete: Path does not exist: /volume18945/bucket29724/root_dir/dir1/file2
13:52:51.259 [IPC Server handler 13 on default port 34829] ERROR OMAudit - user=runner | ip=127.0.0.1 | op=GET_FILE_STATUS {volume=volume18945, bucket=bucket29724, key=root_dir/dir1/dir2, dataSize=0, replicationConfig=null} | ret=FAILURE
org.apache.hadoop.ozone.om.exceptions.OMException: Unable to get file status: volume: volume18945 bucket: bucket29724 key: root_dir/dir1/dir2
	at org.apache.hadoop.ozone.om.KeyManagerImpl.getOzoneFileStatus(KeyManagerImpl.java:1311) ~[ozone-manager-1.3.0-SNAPSHOT.jar:?]
	at org.apache.hadoop.ozone.om.KeyManagerImpl.getFileStatus(KeyManagerImpl.java:1241) ~[ozone-manager-1.3.0-SNAPSHOT.jar:?]
	at org.apache.hadoop.ozone.om.OzoneManager.getFileStatus(OzoneManager.java:3467) ~[ozone-manager-1.3.0-SNAPSHOT.jar:?]
	at org.apache.hadoop.ozone.protocolPB.OzoneManagerRequestHandler.getOzoneFileStatus(OzoneManagerRequestHandler.java:878) ~[ozone-manager-1.3.0-SNAPSHOT.jar:?]
	at org.apache.hadoop.ozone.protocolPB.OzoneManagerRequestHandler.handleReadRequest(OzoneManagerRequestHandler.java:224) ~[ozone-manager-1.3.0-SNAPSHOT.jar:?]
	at org.apache.hadoop.ozone.protocolPB.OzoneManagerProtocolServerSideTranslatorPB.submitReadRequestToOM(OzoneManagerProtocolServerSideTranslatorPB.java:226) ~[ozone-manager-1.3.0-SNAPSHOT.jar:?]
	at org.apache.hadoop.ozone.protocolPB.OzoneManagerProtocolServerSideTranslatorPB.processRequest(OzoneManagerProtocolServerSideTranslatorPB.java:175) ~[ozone-manager-1.3.0-SNAPSHOT.jar:?]
	at org.apache.hadoop.hdds.server.OzoneProtocolMessageDispatcher.processRequest(OzoneProtocolMessageDispatcher.java:87) [hdds-server-framework-1.3.0-SNAPSHOT.jar:?]
	at org.apache.hadoop.ozone.protocolPB.OzoneManagerProtocolServerSideTranslatorPB.submitRequest(OzoneManagerProtocolServerSideTranslatorPB.java:147) [ozone-manager-1.3.0-SNAPSHOT.jar:?]
	at org.apache.hadoop.ozone.protocol.proto.OzoneManagerProtocolProtos$OzoneManagerService$2.callBlockingMethod(OzoneManagerProtocolProtos.java) [ozone-interface-client-1.3.0-SNAPSHOT.jar:?]
	at org.apache.hadoop.ipc.ProtobufRpcEngine$Server.processCall(ProtobufRpcEngine.java:466) [hadoop-common-3.3.1.jar:?]
	at org.apache.hadoop.ipc.ProtobufRpcEngine2$Server$ProtoBufRpcInvoker.call(ProtobufRpcEngine2.java:574) [hadoop-common-3.3.1.jar:?]
	at org.apache.hadoop.ipc.ProtobufRpcEngine2$Server$ProtoBufRpcInvoker.call(ProtobufRpcEngine2.java:552) [hadoop-common-3.3.1.jar:?]
	at org.apache.hadoop.ipc.RPC$Server.call(RPC.java:1093) [hadoop-common-3.3.1.jar:?]
	at org.apache.hadoop.ipc.Server$RpcCall.run(Server.java:1035) [hadoop-common-3.3.1.jar:?]
	at org.apache.hadoop.ipc.Server$RpcCall.run(Server.java:963) [hadoop-common-3.3.1.jar:?]
	at java.security.AccessController.doPrivileged(Native Method) ~[?:1.8.0_332]
	at javax.security.auth.Subject.doAs(Subject.java:422) [?:1.8.0_332]
	at org.apache.hadoop.security.UserGroupInformation.doAs(UserGroupInformation.java:1878) [hadoop-common-3.3.1.jar:?]
	at org.apache.hadoop.ipc.Server$Handler.run(Server.java:2966) [hadoop-common-3.3.1.jar:?]
2022-07-27 13:52:51,260 [Time-limited test] WARN  ozone.BasicRootedOzoneFileSystem (BasicRootedOzoneFileSystem.java:delete(572)) - delete: Path does not exist: /volume18945/bucket29724/root_dir/dir1/dir2
]]></system-out>
  </testcase>
  <testcase name="testRenameToParentDir" classname="TestRootedOzoneFileSystem" time="0.128">
    <system-out><![CDATA[2022-07-27 13:54:11,747 [Time-limited test] INFO  rpc.RpcClient (RpcClient.java:createVolume(467)) - Creating Volume: volume14538, with user85651 as owner and space quota set to -1 bytes, counts quota set to -1
2022-07-27 13:54:11,748 [IPC Server handler 16 on default port 41147] INFO  volume.OMVolumeCreateRequest (OMVolumeCreateRequest.java:validateAndUpdateCache(195)) - created volume:volume14538 for user:user85651
2022-07-27 13:54:11,754 [Time-limited test] INFO  rpc.RpcClient (RpcClient.java:createBucket(670)) - Creating Bucket: volume14538/bucket88167, with bucket layout LEGACY, runner as owner, Versioning false, Storage Type set to DISK and Encryption set to false 
2022-07-27 13:54:11,755 [IPC Server handler 14 on default port 41147] INFO  bucket.OMBucketCreateRequest (OMBucketCreateRequest.java:validateAndUpdateCache(260)) - created bucket: bucket88167 of layout LEGACY in volume: volume14538
13:54:11.789 [IPC Server handler 6 on default port 41147] ERROR OMAudit - user=runner | ip=127.0.0.1 | op=LIST_STATUS {volume=volume14538, bucket=bucket88167, key=root_dir/dir2, dataSize=0, replicationConfig=null} | ret=FAILURE
org.apache.hadoop.ozone.om.exceptions.OMException: Unable to get file status: volume: volume14538 bucket: bucket88167 key: root_dir/dir2
	at org.apache.hadoop.ozone.om.KeyManagerImpl.getOzoneFileStatus(KeyManagerImpl.java:1311) ~[ozone-manager-1.3.0-SNAPSHOT.jar:?]
	at org.apache.hadoop.ozone.om.KeyManagerImpl.getFileStatus(KeyManagerImpl.java:1241) ~[ozone-manager-1.3.0-SNAPSHOT.jar:?]
	at org.apache.hadoop.ozone.om.KeyManagerImpl.listStatus(KeyManagerImpl.java:1565) ~[ozone-manager-1.3.0-SNAPSHOT.jar:?]
	at org.apache.hadoop.ozone.om.OzoneManager.listStatus(OzoneManager.java:3545) ~[ozone-manager-1.3.0-SNAPSHOT.jar:?]
	at org.apache.hadoop.ozone.protocolPB.OzoneManagerRequestHandler.listStatus(OzoneManagerRequestHandler.java:1043) ~[ozone-manager-1.3.0-SNAPSHOT.jar:?]
	at org.apache.hadoop.ozone.protocolPB.OzoneManagerRequestHandler.handleReadRequest(OzoneManagerRequestHandler.java:235) ~[ozone-manager-1.3.0-SNAPSHOT.jar:?]
	at org.apache.hadoop.ozone.protocolPB.OzoneManagerProtocolServerSideTranslatorPB.submitRequestDirectlyToOM(OzoneManagerProtocolServerSideTranslatorPB.java:276) ~[ozone-manager-1.3.0-SNAPSHOT.jar:?]
	at org.apache.hadoop.ozone.protocolPB.OzoneManagerProtocolServerSideTranslatorPB.processRequest(OzoneManagerProtocolServerSideTranslatorPB.java:205) ~[ozone-manager-1.3.0-SNAPSHOT.jar:?]
	at org.apache.hadoop.hdds.server.OzoneProtocolMessageDispatcher.processRequest(OzoneProtocolMessageDispatcher.java:87) [hdds-server-framework-1.3.0-SNAPSHOT.jar:?]
	at org.apache.hadoop.ozone.protocolPB.OzoneManagerProtocolServerSideTranslatorPB.submitRequest(OzoneManagerProtocolServerSideTranslatorPB.java:147) [ozone-manager-1.3.0-SNAPSHOT.jar:?]
	at org.apache.hadoop.ozone.protocol.proto.OzoneManagerProtocolProtos$OzoneManagerService$2.callBlockingMethod(OzoneManagerProtocolProtos.java) [ozone-interface-client-1.3.0-SNAPSHOT.jar:?]
	at org.apache.hadoop.ipc.ProtobufRpcEngine$Server.processCall(ProtobufRpcEngine.java:466) [hadoop-common-3.3.1.jar:?]
	at org.apache.hadoop.ipc.ProtobufRpcEngine2$Server$ProtoBufRpcInvoker.call(ProtobufRpcEngine2.java:574) [hadoop-common-3.3.1.jar:?]
	at org.apache.hadoop.ipc.ProtobufRpcEngine2$Server$ProtoBufRpcInvoker.call(ProtobufRpcEngine2.java:552) [hadoop-common-3.3.1.jar:?]
	at org.apache.hadoop.ipc.RPC$Server.call(RPC.java:1093) [hadoop-common-3.3.1.jar:?]
	at org.apache.hadoop.ipc.Server$RpcCall.run(Server.java:1035) [hadoop-common-3.3.1.jar:?]
	at org.apache.hadoop.ipc.Server$RpcCall.run(Server.java:963) [hadoop-common-3.3.1.jar:?]
	at java.security.AccessController.doPrivileged(Native Method) ~[?:1.8.0_332]
	at javax.security.auth.Subject.doAs(Subject.java:422) [?:1.8.0_332]
	at org.apache.hadoop.security.UserGroupInformation.doAs(UserGroupInformation.java:1878) [hadoop-common-3.3.1.jar:?]
	at org.apache.hadoop.ipc.Server$Handler.run(Server.java:2966) [hadoop-common-3.3.1.jar:?]
13:54:11.795 [IPC Server handler 8 on default port 41147] ERROR OMAudit - user=runner | ip=127.0.0.1 | op=LIST_STATUS {volume=volume14538, bucket=bucket88167, key=root_dir/file2, dataSize=0, replicationConfig=null} | ret=FAILURE
org.apache.hadoop.ozone.om.exceptions.OMException: Unable to get file status: volume: volume14538 bucket: bucket88167 key: root_dir/file2
	at org.apache.hadoop.ozone.om.KeyManagerImpl.getOzoneFileStatus(KeyManagerImpl.java:1311) ~[ozone-manager-1.3.0-SNAPSHOT.jar:?]
	at org.apache.hadoop.ozone.om.KeyManagerImpl.getFileStatus(KeyManagerImpl.java:1241) ~[ozone-manager-1.3.0-SNAPSHOT.jar:?]
	at org.apache.hadoop.ozone.om.KeyManagerImpl.listStatus(KeyManagerImpl.java:1565) ~[ozone-manager-1.3.0-SNAPSHOT.jar:?]
	at org.apache.hadoop.ozone.om.OzoneManager.listStatus(OzoneManager.java:3545) ~[ozone-manager-1.3.0-SNAPSHOT.jar:?]
	at org.apache.hadoop.ozone.protocolPB.OzoneManagerRequestHandler.listStatus(OzoneManagerRequestHandler.java:1043) ~[ozone-manager-1.3.0-SNAPSHOT.jar:?]
	at org.apache.hadoop.ozone.protocolPB.OzoneManagerRequestHandler.handleReadRequest(OzoneManagerRequestHandler.java:235) ~[ozone-manager-1.3.0-SNAPSHOT.jar:?]
	at org.apache.hadoop.ozone.protocolPB.OzoneManagerProtocolServerSideTranslatorPB.submitRequestDirectlyToOM(OzoneManagerProtocolServerSideTranslatorPB.java:276) ~[ozone-manager-1.3.0-SNAPSHOT.jar:?]
	at org.apache.hadoop.ozone.protocolPB.OzoneManagerProtocolServerSideTranslatorPB.processRequest(OzoneManagerProtocolServerSideTranslatorPB.java:205) ~[ozone-manager-1.3.0-SNAPSHOT.jar:?]
	at org.apache.hadoop.hdds.server.OzoneProtocolMessageDispatcher.processRequest(OzoneProtocolMessageDispatcher.java:87) [hdds-server-framework-1.3.0-SNAPSHOT.jar:?]
	at org.apache.hadoop.ozone.protocolPB.OzoneManagerProtocolServerSideTranslatorPB.submitRequest(OzoneManagerProtocolServerSideTranslatorPB.java:147) [ozone-manager-1.3.0-SNAPSHOT.jar:?]
	at org.apache.hadoop.ozone.protocol.proto.OzoneManagerProtocolProtos$OzoneManagerService$2.callBlockingMethod(OzoneManagerProtocolProtos.java) [ozone-interface-client-1.3.0-SNAPSHOT.jar:?]
	at org.apache.hadoop.ipc.ProtobufRpcEngine$Server.processCall(ProtobufRpcEngine.java:466) [hadoop-common-3.3.1.jar:?]
	at org.apache.hadoop.ipc.ProtobufRpcEngine2$Server$ProtoBufRpcInvoker.call(ProtobufRpcEngine2.java:574) [hadoop-common-3.3.1.jar:?]
	at org.apache.hadoop.ipc.ProtobufRpcEngine2$Server$ProtoBufRpcInvoker.call(ProtobufRpcEngine2.java:552) [hadoop-common-3.3.1.jar:?]
	at org.apache.hadoop.ipc.RPC$Server.call(RPC.java:1093) [hadoop-common-3.3.1.jar:?]
	at org.apache.hadoop.ipc.Server$RpcCall.run(Server.java:1035) [hadoop-common-3.3.1.jar:?]
	at org.apache.hadoop.ipc.Server$RpcCall.run(Server.java:963) [hadoop-common-3.3.1.jar:?]
	at java.security.AccessController.doPrivileged(Native Method) ~[?:1.8.0_332]
	at javax.security.auth.Subject.doAs(Subject.java:422) [?:1.8.0_332]
	at org.apache.hadoop.security.UserGroupInformation.doAs(UserGroupInformation.java:1878) [hadoop-common-3.3.1.jar:?]
	at org.apache.hadoop.ipc.Server$Handler.run(Server.java:2966) [hadoop-common-3.3.1.jar:?]
13:54:11.811 [IPC Server handler 0 on default port 41147] ERROR OMAudit - user=runner | ip=127.0.0.1 | op=GET_FILE_STATUS {volume=volume14538, bucket=bucket88167, key=root_dir/dir1/file2, dataSize=0, replicationConfig=null} | ret=FAILURE
org.apache.hadoop.ozone.om.exceptions.OMException: Unable to get file status: volume: volume14538 bucket: bucket88167 key: root_dir/dir1/file2
	at org.apache.hadoop.ozone.om.KeyManagerImpl.getOzoneFileStatus(KeyManagerImpl.java:1311) ~[ozone-manager-1.3.0-SNAPSHOT.jar:?]
	at org.apache.hadoop.ozone.om.KeyManagerImpl.getFileStatus(KeyManagerImpl.java:1241) ~[ozone-manager-1.3.0-SNAPSHOT.jar:?]
	at org.apache.hadoop.ozone.om.OzoneManager.getFileStatus(OzoneManager.java:3467) ~[ozone-manager-1.3.0-SNAPSHOT.jar:?]
	at org.apache.hadoop.ozone.protocolPB.OzoneManagerRequestHandler.getOzoneFileStatus(OzoneManagerRequestHandler.java:878) ~[ozone-manager-1.3.0-SNAPSHOT.jar:?]
	at org.apache.hadoop.ozone.protocolPB.OzoneManagerRequestHandler.handleReadRequest(OzoneManagerRequestHandler.java:224) ~[ozone-manager-1.3.0-SNAPSHOT.jar:?]
	at org.apache.hadoop.ozone.protocolPB.OzoneManagerProtocolServerSideTranslatorPB.submitRequestDirectlyToOM(OzoneManagerProtocolServerSideTranslatorPB.java:276) ~[ozone-manager-1.3.0-SNAPSHOT.jar:?]
	at org.apache.hadoop.ozone.protocolPB.OzoneManagerProtocolServerSideTranslatorPB.processRequest(OzoneManagerProtocolServerSideTranslatorPB.java:205) ~[ozone-manager-1.3.0-SNAPSHOT.jar:?]
	at org.apache.hadoop.hdds.server.OzoneProtocolMessageDispatcher.processRequest(OzoneProtocolMessageDispatcher.java:87) [hdds-server-framework-1.3.0-SNAPSHOT.jar:?]
	at org.apache.hadoop.ozone.protocolPB.OzoneManagerProtocolServerSideTranslatorPB.submitRequest(OzoneManagerProtocolServerSideTranslatorPB.java:147) [ozone-manager-1.3.0-SNAPSHOT.jar:?]
	at org.apache.hadoop.ozone.protocol.proto.OzoneManagerProtocolProtos$OzoneManagerService$2.callBlockingMethod(OzoneManagerProtocolProtos.java) [ozone-interface-client-1.3.0-SNAPSHOT.jar:?]
	at org.apache.hadoop.ipc.ProtobufRpcEngine$Server.processCall(ProtobufRpcEngine.java:466) [hadoop-common-3.3.1.jar:?]
	at org.apache.hadoop.ipc.ProtobufRpcEngine2$Server$ProtoBufRpcInvoker.call(ProtobufRpcEngine2.java:574) [hadoop-common-3.3.1.jar:?]
	at org.apache.hadoop.ipc.ProtobufRpcEngine2$Server$ProtoBufRpcInvoker.call(ProtobufRpcEngine2.java:552) [hadoop-common-3.3.1.jar:?]
	at org.apache.hadoop.ipc.RPC$Server.call(RPC.java:1093) [hadoop-common-3.3.1.jar:?]
	at org.apache.hadoop.ipc.Server$RpcCall.run(Server.java:1035) [hadoop-common-3.3.1.jar:?]
	at org.apache.hadoop.ipc.Server$RpcCall.run(Server.java:963) [hadoop-common-3.3.1.jar:?]
	at java.security.AccessController.doPrivileged(Native Method) ~[?:1.8.0_332]
	at javax.security.auth.Subject.doAs(Subject.java:422) [?:1.8.0_332]
	at org.apache.hadoop.security.UserGroupInformation.doAs(UserGroupInformation.java:1878) [hadoop-common-3.3.1.jar:?]
	at org.apache.hadoop.ipc.Server$Handler.run(Server.java:2966) [hadoop-common-3.3.1.jar:?]
2022-07-27 13:54:11,813 [Time-limited test] WARN  ozone.BasicRootedOzoneFileSystem (BasicRootedOzoneFileSystem.java:delete(572)) - delete: Path does not exist: /volume14538/bucket88167/root_dir/dir1/file2
13:54:11.813 [IPC Server handler 17 on default port 41147] ERROR OMAudit - user=runner | ip=127.0.0.1 | op=GET_FILE_STATUS {volume=volume14538, bucket=bucket88167, key=root_dir/dir1/dir2, dataSize=0, replicationConfig=null} | ret=FAILURE
org.apache.hadoop.ozone.om.exceptions.OMException: Unable to get file status: volume: volume14538 bucket: bucket88167 key: root_dir/dir1/dir2
	at org.apache.hadoop.ozone.om.KeyManagerImpl.getOzoneFileStatus(KeyManagerImpl.java:1311) ~[ozone-manager-1.3.0-SNAPSHOT.jar:?]
	at org.apache.hadoop.ozone.om.KeyManagerImpl.getFileStatus(KeyManagerImpl.java:1241) ~[ozone-manager-1.3.0-SNAPSHOT.jar:?]
	at org.apache.hadoop.ozone.om.OzoneManager.getFileStatus(OzoneManager.java:3467) ~[ozone-manager-1.3.0-SNAPSHOT.jar:?]
	at org.apache.hadoop.ozone.protocolPB.OzoneManagerRequestHandler.getOzoneFileStatus(OzoneManagerRequestHandler.java:878) ~[ozone-manager-1.3.0-SNAPSHOT.jar:?]
	at org.apache.hadoop.ozone.protocolPB.OzoneManagerRequestHandler.handleReadRequest(OzoneManagerRequestHandler.java:224) ~[ozone-manager-1.3.0-SNAPSHOT.jar:?]
	at org.apache.hadoop.ozone.protocolPB.OzoneManagerProtocolServerSideTranslatorPB.submitRequestDirectlyToOM(OzoneManagerProtocolServerSideTranslatorPB.java:276) ~[ozone-manager-1.3.0-SNAPSHOT.jar:?]
	at org.apache.hadoop.ozone.protocolPB.OzoneManagerProtocolServerSideTranslatorPB.processRequest(OzoneManagerProtocolServerSideTranslatorPB.java:205) ~[ozone-manager-1.3.0-SNAPSHOT.jar:?]
	at org.apache.hadoop.hdds.server.OzoneProtocolMessageDispatcher.processRequest(OzoneProtocolMessageDispatcher.java:87) [hdds-server-framework-1.3.0-SNAPSHOT.jar:?]
	at org.apache.hadoop.ozone.protocolPB.OzoneManagerProtocolServerSideTranslatorPB.submitRequest(OzoneManagerProtocolServerSideTranslatorPB.java:147) [ozone-manager-1.3.0-SNAPSHOT.jar:?]
	at org.apache.hadoop.ozone.protocol.proto.OzoneManagerProtocolProtos$OzoneManagerService$2.callBlockingMethod(OzoneManagerProtocolProtos.java) [ozone-interface-client-1.3.0-SNAPSHOT.jar:?]
	at org.apache.hadoop.ipc.ProtobufRpcEngine$Server.processCall(ProtobufRpcEngine.java:466) [hadoop-common-3.3.1.jar:?]
	at org.apache.hadoop.ipc.ProtobufRpcEngine2$Server$ProtoBufRpcInvoker.call(ProtobufRpcEngine2.java:574) [hadoop-common-3.3.1.jar:?]
	at org.apache.hadoop.ipc.ProtobufRpcEngine2$Server$ProtoBufRpcInvoker.call(ProtobufRpcEngine2.java:552) [hadoop-common-3.3.1.jar:?]
	at org.apache.hadoop.ipc.RPC$Server.call(RPC.java:1093) [hadoop-common-3.3.1.jar:?]
	at org.apache.hadoop.ipc.Server$RpcCall.run(Server.java:1035) [hadoop-common-3.3.1.jar:?]
	at org.apache.hadoop.ipc.Server$RpcCall.run(Server.java:963) [hadoop-common-3.3.1.jar:?]
	at java.security.AccessController.doPrivileged(Native Method) ~[?:1.8.0_332]
	at javax.security.auth.Subject.doAs(Subject.java:422) [?:1.8.0_332]
	at org.apache.hadoop.security.UserGroupInformation.doAs(UserGroupInformation.java:1878) [hadoop-common-3.3.1.jar:?]
	at org.apache.hadoop.ipc.Server$Handler.run(Server.java:2966) [hadoop-common-3.3.1.jar:?]
2022-07-27 13:54:11,814 [Time-limited test] WARN  ozone.BasicRootedOzoneFileSystem (BasicRootedOzoneFileSystem.java:delete(572)) - delete: Path does not exist: /volume14538/bucket88167/root_dir/dir1/dir2
]]></system-out>
  </testcase>
  <testcase name="testMkdirNonExistentVolumeBucket" classname="TestRootedOzoneFileSystem" time="0.071">
    <system-out><![CDATA[2022-07-27 13:49:19,035 [Time-limited test] INFO  rpc.RpcClient (RpcClient.java:createVolume(467)) - Creating Volume: volume52359, with user32190 as owner and space quota set to -1 bytes, counts quota set to -1
2022-07-27 13:49:19,038 [OM StateMachine ApplyTransaction Thread - 0] INFO  volume.OMVolumeCreateRequest (OMVolumeCreateRequest.java:validateAndUpdateCache(195)) - created volume:volume52359 for user:user32190
2022-07-27 13:49:19,040 [Time-limited test] INFO  rpc.RpcClient (RpcClient.java:createBucket(670)) - Creating Bucket: volume52359/bucket50982, with bucket layout LEGACY, runner as owner, Versioning false, Storage Type set to DISK and Encryption set to false 
2022-07-27 13:49:19,043 [OM StateMachine ApplyTransaction Thread - 0] INFO  bucket.OMBucketCreateRequest (OMBucketCreateRequest.java:validateAndUpdateCache(260)) - created bucket: bucket50982 of layout LEGACY in volume: volume52359
2022-07-27 13:49:19,047 [Time-limited test] INFO  rpc.RpcClient (RpcClient.java:createVolume(467)) - Creating Volume: volume-68836, with runner as owner and space quota set to -1 bytes, counts quota set to -1
2022-07-27 13:49:19,049 [OM StateMachine ApplyTransaction Thread - 0] INFO  volume.OMVolumeCreateRequest (OMVolumeCreateRequest.java:validateAndUpdateCache(195)) - created volume:volume-68836 for user:runner
2022-07-27 13:49:19,050 [Time-limited test] INFO  rpc.RpcClient (RpcClient.java:createBucket(670)) - Creating Bucket: volume-68836/bucket-82849, with bucket layout LEGACY, runner as owner, Versioning false, Storage Type set to DISK and Encryption set to false 
2022-07-27 13:49:19,053 [OM StateMachine ApplyTransaction Thread - 0] INFO  bucket.OMBucketCreateRequest (OMBucketCreateRequest.java:validateAndUpdateCache(260)) - created bucket: bucket-82849 of layout LEGACY in volume: volume-68836
]]></system-out>
  </testcase>
  <testcase name="testMkdirNonExistentVolumeBucket" classname="TestRootedOzoneFileSystem" time="0.076">
    <system-out><![CDATA[2022-07-27 13:50:24,032 [Time-limited test] INFO  rpc.RpcClient (RpcClient.java:createVolume(467)) - Creating Volume: volume24065, with user93353 as owner and space quota set to -1 bytes, counts quota set to -1
2022-07-27 13:50:24,034 [OM StateMachine ApplyTransaction Thread - 0] INFO  volume.OMVolumeCreateRequest (OMVolumeCreateRequest.java:validateAndUpdateCache(195)) - created volume:volume24065 for user:user93353
2022-07-27 13:50:24,034 [Time-limited test] INFO  rpc.RpcClient (RpcClient.java:createBucket(670)) - Creating Bucket: volume24065/bucket38554, with bucket layout LEGACY, runner as owner, Versioning false, Storage Type set to DISK and Encryption set to false 
2022-07-27 13:50:24,035 [OM StateMachine ApplyTransaction Thread - 0] INFO  bucket.OMBucketCreateRequest (OMBucketCreateRequest.java:validateAndUpdateCache(260)) - created bucket: bucket38554 of layout LEGACY in volume: volume24065
13:50:24.037 [IPC Server handler 11 on default port 46277] ERROR OMAudit - user=runner | ip=127.0.0.1 | op=READ_BUCKET {volume=volume-04126, bucket=bucket-70435} | ret=FAILURE
org.apache.hadoop.ozone.om.exceptions.OMException: Volume not found when getting bucket info
	at org.apache.hadoop.ozone.om.BucketManagerImpl.getBucketInfo(BucketManagerImpl.java:127) ~[ozone-manager-1.3.0-SNAPSHOT.jar:?]
	at org.apache.hadoop.ozone.om.OzoneManager.getBucketInfo(OzoneManager.java:2779) ~[ozone-manager-1.3.0-SNAPSHOT.jar:?]
	at org.apache.hadoop.ozone.protocolPB.OzoneManagerRequestHandler.infoBucket(OzoneManagerRequestHandler.java:471) ~[ozone-manager-1.3.0-SNAPSHOT.jar:?]
	at org.apache.hadoop.ozone.protocolPB.OzoneManagerRequestHandler.handleReadRequest(OzoneManagerRequestHandler.java:174) ~[ozone-manager-1.3.0-SNAPSHOT.jar:?]
	at org.apache.hadoop.ozone.protocolPB.OzoneManagerProtocolServerSideTranslatorPB.submitReadRequestToOM(OzoneManagerProtocolServerSideTranslatorPB.java:226) ~[ozone-manager-1.3.0-SNAPSHOT.jar:?]
	at org.apache.hadoop.ozone.protocolPB.OzoneManagerProtocolServerSideTranslatorPB.processRequest(OzoneManagerProtocolServerSideTranslatorPB.java:175) ~[ozone-manager-1.3.0-SNAPSHOT.jar:?]
	at org.apache.hadoop.hdds.server.OzoneProtocolMessageDispatcher.processRequest(OzoneProtocolMessageDispatcher.java:87) [hdds-server-framework-1.3.0-SNAPSHOT.jar:?]
	at org.apache.hadoop.ozone.protocolPB.OzoneManagerProtocolServerSideTranslatorPB.submitRequest(OzoneManagerProtocolServerSideTranslatorPB.java:147) [ozone-manager-1.3.0-SNAPSHOT.jar:?]
	at org.apache.hadoop.ozone.protocol.proto.OzoneManagerProtocolProtos$OzoneManagerService$2.callBlockingMethod(OzoneManagerProtocolProtos.java) [ozone-interface-client-1.3.0-SNAPSHOT.jar:?]
	at org.apache.hadoop.ipc.ProtobufRpcEngine$Server.processCall(ProtobufRpcEngine.java:466) [hadoop-common-3.3.1.jar:?]
	at org.apache.hadoop.ipc.ProtobufRpcEngine2$Server$ProtoBufRpcInvoker.call(ProtobufRpcEngine2.java:574) [hadoop-common-3.3.1.jar:?]
	at org.apache.hadoop.ipc.ProtobufRpcEngine2$Server$ProtoBufRpcInvoker.call(ProtobufRpcEngine2.java:552) [hadoop-common-3.3.1.jar:?]
	at org.apache.hadoop.ipc.RPC$Server.call(RPC.java:1093) [hadoop-common-3.3.1.jar:?]
	at org.apache.hadoop.ipc.Server$RpcCall.run(Server.java:1035) [hadoop-common-3.3.1.jar:?]
	at org.apache.hadoop.ipc.Server$RpcCall.run(Server.java:963) [hadoop-common-3.3.1.jar:?]
	at java.security.AccessController.doPrivileged(Native Method) ~[?:1.8.0_332]
	at javax.security.auth.Subject.doAs(Subject.java:422) [?:1.8.0_332]
	at org.apache.hadoop.security.UserGroupInformation.doAs(UserGroupInformation.java:1878) [hadoop-common-3.3.1.jar:?]
	at org.apache.hadoop.ipc.Server$Handler.run(Server.java:2966) [hadoop-common-3.3.1.jar:?]
2022-07-27 13:50:24,037 [Time-limited test] INFO  rpc.RpcClient (RpcClient.java:createVolume(467)) - Creating Volume: volume-04126, with runner as owner and space quota set to -1 bytes, counts quota set to -1
2022-07-27 13:50:24,052 [OM StateMachine ApplyTransaction Thread - 0] INFO  volume.OMVolumeCreateRequest (OMVolumeCreateRequest.java:validateAndUpdateCache(195)) - created volume:volume-04126 for user:runner
2022-07-27 13:50:24,053 [Time-limited test] INFO  rpc.RpcClient (RpcClient.java:createBucket(670)) - Creating Bucket: volume-04126/bucket-70435, with bucket layout LEGACY, runner as owner, Versioning false, Storage Type set to DISK and Encryption set to false 
2022-07-27 13:50:24,054 [OM StateMachine ApplyTransaction Thread - 0] INFO  bucket.OMBucketCreateRequest (OMBucketCreateRequest.java:validateAndUpdateCache(260)) - created bucket: bucket-70435 of layout LEGACY in volume: volume-04126
]]></system-out>
  </testcase>
  <testcase name="testMkdirNonExistentVolumeBucket" classname="TestRootedOzoneFileSystem" time="0.1">
    <system-out><![CDATA[2022-07-27 13:51:33,586 [Time-limited test] INFO  rpc.RpcClient (RpcClient.java:createVolume(467)) - Creating Volume: volume64819, with user28037 as owner and space quota set to -1 bytes, counts quota set to -1
2022-07-27 13:51:33,587 [IPC Server handler 13 on default port 45285] INFO  volume.OMVolumeCreateRequest (OMVolumeCreateRequest.java:validateAndUpdateCache(195)) - created volume:volume64819 for user:user28037
2022-07-27 13:51:33,588 [Time-limited test] INFO  rpc.RpcClient (RpcClient.java:createBucket(670)) - Creating Bucket: volume64819/bucket21931, with bucket layout LEGACY, runner as owner, Versioning false, Storage Type set to DISK and Encryption set to false 
2022-07-27 13:51:33,588 [IPC Server handler 15 on default port 45285] INFO  bucket.OMBucketCreateRequest (OMBucketCreateRequest.java:validateAndUpdateCache(260)) - created bucket: bucket21931 of layout LEGACY in volume: volume64819
13:51:33.589 [IPC Server handler 19 on default port 45285] ERROR OMAudit - user=runner | ip=127.0.0.1 | op=READ_BUCKET {volume=volume-44162, bucket=bucket-04549} | ret=FAILURE
org.apache.hadoop.ozone.om.exceptions.OMException: Volume not found when getting bucket info
	at org.apache.hadoop.ozone.om.BucketManagerImpl.getBucketInfo(BucketManagerImpl.java:127) ~[ozone-manager-1.3.0-SNAPSHOT.jar:?]
	at org.apache.hadoop.ozone.om.OzoneManager.getBucketInfo(OzoneManager.java:2779) ~[ozone-manager-1.3.0-SNAPSHOT.jar:?]
	at org.apache.hadoop.ozone.protocolPB.OzoneManagerRequestHandler.infoBucket(OzoneManagerRequestHandler.java:471) ~[ozone-manager-1.3.0-SNAPSHOT.jar:?]
	at org.apache.hadoop.ozone.protocolPB.OzoneManagerRequestHandler.handleReadRequest(OzoneManagerRequestHandler.java:174) ~[ozone-manager-1.3.0-SNAPSHOT.jar:?]
	at org.apache.hadoop.ozone.protocolPB.OzoneManagerProtocolServerSideTranslatorPB.submitRequestDirectlyToOM(OzoneManagerProtocolServerSideTranslatorPB.java:276) ~[ozone-manager-1.3.0-SNAPSHOT.jar:?]
	at org.apache.hadoop.ozone.protocolPB.OzoneManagerProtocolServerSideTranslatorPB.processRequest(OzoneManagerProtocolServerSideTranslatorPB.java:205) ~[ozone-manager-1.3.0-SNAPSHOT.jar:?]
	at org.apache.hadoop.hdds.server.OzoneProtocolMessageDispatcher.processRequest(OzoneProtocolMessageDispatcher.java:87) [hdds-server-framework-1.3.0-SNAPSHOT.jar:?]
	at org.apache.hadoop.ozone.protocolPB.OzoneManagerProtocolServerSideTranslatorPB.submitRequest(OzoneManagerProtocolServerSideTranslatorPB.java:147) [ozone-manager-1.3.0-SNAPSHOT.jar:?]
	at org.apache.hadoop.ozone.protocol.proto.OzoneManagerProtocolProtos$OzoneManagerService$2.callBlockingMethod(OzoneManagerProtocolProtos.java) [ozone-interface-client-1.3.0-SNAPSHOT.jar:?]
	at org.apache.hadoop.ipc.ProtobufRpcEngine$Server.processCall(ProtobufRpcEngine.java:466) [hadoop-common-3.3.1.jar:?]
	at org.apache.hadoop.ipc.ProtobufRpcEngine2$Server$ProtoBufRpcInvoker.call(ProtobufRpcEngine2.java:574) [hadoop-common-3.3.1.jar:?]
	at org.apache.hadoop.ipc.ProtobufRpcEngine2$Server$ProtoBufRpcInvoker.call(ProtobufRpcEngine2.java:552) [hadoop-common-3.3.1.jar:?]
	at org.apache.hadoop.ipc.RPC$Server.call(RPC.java:1093) [hadoop-common-3.3.1.jar:?]
	at org.apache.hadoop.ipc.Server$RpcCall.run(Server.java:1035) [hadoop-common-3.3.1.jar:?]
	at org.apache.hadoop.ipc.Server$RpcCall.run(Server.java:963) [hadoop-common-3.3.1.jar:?]
	at java.security.AccessController.doPrivileged(Native Method) ~[?:1.8.0_332]
	at javax.security.auth.Subject.doAs(Subject.java:422) [?:1.8.0_332]
	at org.apache.hadoop.security.UserGroupInformation.doAs(UserGroupInformation.java:1878) [hadoop-common-3.3.1.jar:?]
	at org.apache.hadoop.ipc.Server$Handler.run(Server.java:2966) [hadoop-common-3.3.1.jar:?]
2022-07-27 13:51:33,590 [Time-limited test] INFO  rpc.RpcClient (RpcClient.java:createVolume(467)) - Creating Volume: volume-44162, with runner as owner and space quota set to -1 bytes, counts quota set to -1
2022-07-27 13:51:33,592 [IPC Server handler 17 on default port 45285] INFO  volume.OMVolumeCreateRequest (OMVolumeCreateRequest.java:validateAndUpdateCache(195)) - created volume:volume-44162 for user:runner
2022-07-27 13:51:33,593 [Time-limited test] INFO  rpc.RpcClient (RpcClient.java:createBucket(670)) - Creating Bucket: volume-44162/bucket-04549, with bucket layout LEGACY, runner as owner, Versioning false, Storage Type set to DISK and Encryption set to false 
2022-07-27 13:51:33,593 [IPC Server handler 2 on default port 45285] INFO  bucket.OMBucketCreateRequest (OMBucketCreateRequest.java:validateAndUpdateCache(260)) - created bucket: bucket-04549 of layout LEGACY in volume: volume-44162
]]></system-out>
  </testcase>
  <testcase name="testMkdirNonExistentVolumeBucket" classname="TestRootedOzoneFileSystem" time="0.209">
    <system-out><![CDATA[2022-07-27 13:52:51,402 [Time-limited test] INFO  rpc.RpcClient (RpcClient.java:createVolume(467)) - Creating Volume: volume23197, with user37475 as owner and space quota set to -1 bytes, counts quota set to -1
2022-07-27 13:52:51,406 [OM StateMachine ApplyTransaction Thread - 0] INFO  volume.OMVolumeCreateRequest (OMVolumeCreateRequest.java:validateAndUpdateCache(195)) - created volume:volume23197 for user:user37475
2022-07-27 13:52:51,408 [Time-limited test] INFO  rpc.RpcClient (RpcClient.java:createBucket(670)) - Creating Bucket: volume23197/bucket20942, with bucket layout LEGACY, runner as owner, Versioning false, Storage Type set to DISK and Encryption set to false 
2022-07-27 13:52:51,470 [OM StateMachine ApplyTransaction Thread - 0] INFO  bucket.OMBucketCreateRequest (OMBucketCreateRequest.java:validateAndUpdateCache(260)) - created bucket: bucket20942 of layout LEGACY in volume: volume23197
13:52:51.490 [IPC Server handler 17 on default port 34829] ERROR OMAudit - user=runner | ip=127.0.0.1 | op=READ_BUCKET {volume=volume-92684, bucket=bucket-87747} | ret=FAILURE
org.apache.hadoop.ozone.om.exceptions.OMException: Volume not found when getting bucket info
	at org.apache.hadoop.ozone.om.BucketManagerImpl.getBucketInfo(BucketManagerImpl.java:127) ~[ozone-manager-1.3.0-SNAPSHOT.jar:?]
	at org.apache.hadoop.ozone.om.OzoneManager.getBucketInfo(OzoneManager.java:2779) ~[ozone-manager-1.3.0-SNAPSHOT.jar:?]
	at org.apache.hadoop.ozone.protocolPB.OzoneManagerRequestHandler.infoBucket(OzoneManagerRequestHandler.java:471) ~[ozone-manager-1.3.0-SNAPSHOT.jar:?]
	at org.apache.hadoop.ozone.protocolPB.OzoneManagerRequestHandler.handleReadRequest(OzoneManagerRequestHandler.java:174) ~[ozone-manager-1.3.0-SNAPSHOT.jar:?]
	at org.apache.hadoop.ozone.protocolPB.OzoneManagerProtocolServerSideTranslatorPB.submitReadRequestToOM(OzoneManagerProtocolServerSideTranslatorPB.java:226) ~[ozone-manager-1.3.0-SNAPSHOT.jar:?]
	at org.apache.hadoop.ozone.protocolPB.OzoneManagerProtocolServerSideTranslatorPB.processRequest(OzoneManagerProtocolServerSideTranslatorPB.java:175) ~[ozone-manager-1.3.0-SNAPSHOT.jar:?]
	at org.apache.hadoop.hdds.server.OzoneProtocolMessageDispatcher.processRequest(OzoneProtocolMessageDispatcher.java:87) [hdds-server-framework-1.3.0-SNAPSHOT.jar:?]
	at org.apache.hadoop.ozone.protocolPB.OzoneManagerProtocolServerSideTranslatorPB.submitRequest(OzoneManagerProtocolServerSideTranslatorPB.java:147) [ozone-manager-1.3.0-SNAPSHOT.jar:?]
	at org.apache.hadoop.ozone.protocol.proto.OzoneManagerProtocolProtos$OzoneManagerService$2.callBlockingMethod(OzoneManagerProtocolProtos.java) [ozone-interface-client-1.3.0-SNAPSHOT.jar:?]
	at org.apache.hadoop.ipc.ProtobufRpcEngine$Server.processCall(ProtobufRpcEngine.java:466) [hadoop-common-3.3.1.jar:?]
	at org.apache.hadoop.ipc.ProtobufRpcEngine2$Server$ProtoBufRpcInvoker.call(ProtobufRpcEngine2.java:574) [hadoop-common-3.3.1.jar:?]
	at org.apache.hadoop.ipc.ProtobufRpcEngine2$Server$ProtoBufRpcInvoker.call(ProtobufRpcEngine2.java:552) [hadoop-common-3.3.1.jar:?]
	at org.apache.hadoop.ipc.RPC$Server.call(RPC.java:1093) [hadoop-common-3.3.1.jar:?]
	at org.apache.hadoop.ipc.Server$RpcCall.run(Server.java:1035) [hadoop-common-3.3.1.jar:?]
	at org.apache.hadoop.ipc.Server$RpcCall.run(Server.java:963) [hadoop-common-3.3.1.jar:?]
	at java.security.AccessController.doPrivileged(Native Method) ~[?:1.8.0_332]
	at javax.security.auth.Subject.doAs(Subject.java:422) [?:1.8.0_332]
	at org.apache.hadoop.security.UserGroupInformation.doAs(UserGroupInformation.java:1878) [hadoop-common-3.3.1.jar:?]
	at org.apache.hadoop.ipc.Server$Handler.run(Server.java:2966) [hadoop-common-3.3.1.jar:?]
2022-07-27 13:52:51,491 [Time-limited test] INFO  rpc.RpcClient (RpcClient.java:createVolume(467)) - Creating Volume: volume-92684, with runner as owner and space quota set to -1 bytes, counts quota set to -1
2022-07-27 13:52:51,495 [OM StateMachine ApplyTransaction Thread - 0] INFO  volume.OMVolumeCreateRequest (OMVolumeCreateRequest.java:validateAndUpdateCache(195)) - created volume:volume-92684 for user:runner
2022-07-27 13:52:51,499 [Time-limited test] INFO  rpc.RpcClient (RpcClient.java:createBucket(670)) - Creating Bucket: volume-92684/bucket-87747, with bucket layout LEGACY, runner as owner, Versioning false, Storage Type set to DISK and Encryption set to false 
2022-07-27 13:52:51,505 [OM StateMachine ApplyTransaction Thread - 0] INFO  bucket.OMBucketCreateRequest (OMBucketCreateRequest.java:validateAndUpdateCache(260)) - created bucket: bucket-87747 of layout LEGACY in volume: volume-92684
]]></system-out>
  </testcase>
  <testcase name="testMkdirNonExistentVolumeBucket" classname="TestRootedOzoneFileSystem" time="0.223">
    <system-out><![CDATA[2022-07-27 13:54:12,046 [Time-limited test] INFO  rpc.RpcClient (RpcClient.java:createVolume(467)) - Creating Volume: volume11186, with user48444 as owner and space quota set to -1 bytes, counts quota set to -1
2022-07-27 13:54:12,047 [IPC Server handler 3 on default port 41147] INFO  volume.OMVolumeCreateRequest (OMVolumeCreateRequest.java:validateAndUpdateCache(195)) - created volume:volume11186 for user:user48444
2022-07-27 13:54:12,054 [Time-limited test] INFO  rpc.RpcClient (RpcClient.java:createBucket(670)) - Creating Bucket: volume11186/bucket58915, with bucket layout LEGACY, runner as owner, Versioning false, Storage Type set to DISK and Encryption set to false 
2022-07-27 13:54:12,054 [IPC Server handler 16 on default port 41147] INFO  bucket.OMBucketCreateRequest (OMBucketCreateRequest.java:validateAndUpdateCache(260)) - created bucket: bucket58915 of layout LEGACY in volume: volume11186
13:54:12.056 [IPC Server handler 13 on default port 41147] ERROR OMAudit - user=runner | ip=127.0.0.1 | op=READ_BUCKET {volume=volume-75034, bucket=bucket-05890} | ret=FAILURE
org.apache.hadoop.ozone.om.exceptions.OMException: Volume not found when getting bucket info
	at org.apache.hadoop.ozone.om.BucketManagerImpl.getBucketInfo(BucketManagerImpl.java:127) ~[ozone-manager-1.3.0-SNAPSHOT.jar:?]
	at org.apache.hadoop.ozone.om.OzoneManager.getBucketInfo(OzoneManager.java:2779) ~[ozone-manager-1.3.0-SNAPSHOT.jar:?]
	at org.apache.hadoop.ozone.protocolPB.OzoneManagerRequestHandler.infoBucket(OzoneManagerRequestHandler.java:471) ~[ozone-manager-1.3.0-SNAPSHOT.jar:?]
	at org.apache.hadoop.ozone.protocolPB.OzoneManagerRequestHandler.handleReadRequest(OzoneManagerRequestHandler.java:174) ~[ozone-manager-1.3.0-SNAPSHOT.jar:?]
	at org.apache.hadoop.ozone.protocolPB.OzoneManagerProtocolServerSideTranslatorPB.submitRequestDirectlyToOM(OzoneManagerProtocolServerSideTranslatorPB.java:276) ~[ozone-manager-1.3.0-SNAPSHOT.jar:?]
	at org.apache.hadoop.ozone.protocolPB.OzoneManagerProtocolServerSideTranslatorPB.processRequest(OzoneManagerProtocolServerSideTranslatorPB.java:205) ~[ozone-manager-1.3.0-SNAPSHOT.jar:?]
	at org.apache.hadoop.hdds.server.OzoneProtocolMessageDispatcher.processRequest(OzoneProtocolMessageDispatcher.java:87) [hdds-server-framework-1.3.0-SNAPSHOT.jar:?]
	at org.apache.hadoop.ozone.protocolPB.OzoneManagerProtocolServerSideTranslatorPB.submitRequest(OzoneManagerProtocolServerSideTranslatorPB.java:147) [ozone-manager-1.3.0-SNAPSHOT.jar:?]
	at org.apache.hadoop.ozone.protocol.proto.OzoneManagerProtocolProtos$OzoneManagerService$2.callBlockingMethod(OzoneManagerProtocolProtos.java) [ozone-interface-client-1.3.0-SNAPSHOT.jar:?]
	at org.apache.hadoop.ipc.ProtobufRpcEngine$Server.processCall(ProtobufRpcEngine.java:466) [hadoop-common-3.3.1.jar:?]
	at org.apache.hadoop.ipc.ProtobufRpcEngine2$Server$ProtoBufRpcInvoker.call(ProtobufRpcEngine2.java:574) [hadoop-common-3.3.1.jar:?]
	at org.apache.hadoop.ipc.ProtobufRpcEngine2$Server$ProtoBufRpcInvoker.call(ProtobufRpcEngine2.java:552) [hadoop-common-3.3.1.jar:?]
	at org.apache.hadoop.ipc.RPC$Server.call(RPC.java:1093) [hadoop-common-3.3.1.jar:?]
	at org.apache.hadoop.ipc.Server$RpcCall.run(Server.java:1035) [hadoop-common-3.3.1.jar:?]
	at org.apache.hadoop.ipc.Server$RpcCall.run(Server.java:963) [hadoop-common-3.3.1.jar:?]
	at java.security.AccessController.doPrivileged(Native Method) ~[?:1.8.0_332]
	at javax.security.auth.Subject.doAs(Subject.java:422) [?:1.8.0_332]
	at org.apache.hadoop.security.UserGroupInformation.doAs(UserGroupInformation.java:1878) [hadoop-common-3.3.1.jar:?]
	at org.apache.hadoop.ipc.Server$Handler.run(Server.java:2966) [hadoop-common-3.3.1.jar:?]
2022-07-27 13:54:12,057 [Time-limited test] INFO  rpc.RpcClient (RpcClient.java:createVolume(467)) - Creating Volume: volume-75034, with runner as owner and space quota set to -1 bytes, counts quota set to -1
2022-07-27 13:54:12,057 [IPC Server handler 1 on default port 41147] INFO  volume.OMVolumeCreateRequest (OMVolumeCreateRequest.java:validateAndUpdateCache(195)) - created volume:volume-75034 for user:runner
2022-07-27 13:54:12,058 [Time-limited test] INFO  rpc.RpcClient (RpcClient.java:createBucket(670)) - Creating Bucket: volume-75034/bucket-05890, with bucket layout LEGACY, runner as owner, Versioning false, Storage Type set to DISK and Encryption set to false 
2022-07-27 13:54:12,058 [IPC Server handler 18 on default port 41147] INFO  bucket.OMBucketCreateRequest (OMBucketCreateRequest.java:validateAndUpdateCache(260)) - created bucket: bucket-05890 of layout LEGACY in volume: volume-75034
]]></system-out>
  </testcase>
  <testcase name="testFailToDeleteRoot" classname="TestRootedOzoneFileSystem" time="0.056">
    <system-out><![CDATA[2022-07-27 13:49:19,103 [Time-limited test] INFO  rpc.RpcClient (RpcClient.java:createVolume(467)) - Creating Volume: volume06389, with user59703 as owner and space quota set to -1 bytes, counts quota set to -1
2022-07-27 13:49:19,106 [OM StateMachine ApplyTransaction Thread - 0] INFO  volume.OMVolumeCreateRequest (OMVolumeCreateRequest.java:validateAndUpdateCache(195)) - created volume:volume06389 for user:user59703
2022-07-27 13:49:19,112 [Time-limited test] INFO  rpc.RpcClient (RpcClient.java:createBucket(670)) - Creating Bucket: volume06389/bucket44654, with bucket layout LEGACY, runner as owner, Versioning false, Storage Type set to DISK and Encryption set to false 
2022-07-27 13:49:19,115 [OM StateMachine ApplyTransaction Thread - 0] INFO  bucket.OMBucketCreateRequest (OMBucketCreateRequest.java:validateAndUpdateCache(260)) - created bucket: bucket44654 of layout LEGACY in volume: volume06389
2022-07-27 13:49:19,117 [Time-limited test] WARN  ozone.BasicRootedOzoneFileSystem (BasicRootedOzoneFileSystem.java:delete(591)) - delete: OFS does not support rm root. To wipe the cluster, please re-init OM instead.
2022-07-27 13:49:19,117 [Time-limited test] WARN  ozone.BasicRootedOzoneFileSystem (BasicRootedOzoneFileSystem.java:delete(591)) - delete: OFS does not support rm root. To wipe the cluster, please re-init OM instead.
]]></system-out>
  </testcase>
  <testcase name="testFailToDeleteRoot" classname="TestRootedOzoneFileSystem" time="0.086">
    <system-out><![CDATA[2022-07-27 13:50:24,136 [Time-limited test] INFO  rpc.RpcClient (RpcClient.java:createVolume(467)) - Creating Volume: volume25237, with user62521 as owner and space quota set to -1 bytes, counts quota set to -1
2022-07-27 13:50:24,138 [OM StateMachine ApplyTransaction Thread - 0] INFO  volume.OMVolumeCreateRequest (OMVolumeCreateRequest.java:validateAndUpdateCache(195)) - created volume:volume25237 for user:user62521
2022-07-27 13:50:24,139 [Time-limited test] INFO  rpc.RpcClient (RpcClient.java:createBucket(670)) - Creating Bucket: volume25237/bucket72934, with bucket layout LEGACY, runner as owner, Versioning false, Storage Type set to DISK and Encryption set to false 
2022-07-27 13:50:24,140 [OM StateMachine ApplyTransaction Thread - 0] INFO  bucket.OMBucketCreateRequest (OMBucketCreateRequest.java:validateAndUpdateCache(260)) - created bucket: bucket72934 of layout LEGACY in volume: volume25237
2022-07-27 13:50:24,141 [Time-limited test] WARN  ozone.BasicRootedOzoneFileSystem (BasicRootedOzoneFileSystem.java:delete(591)) - delete: OFS does not support rm root. To wipe the cluster, please re-init OM instead.
2022-07-27 13:50:24,141 [Time-limited test] WARN  ozone.BasicRootedOzoneFileSystem (BasicRootedOzoneFileSystem.java:delete(591)) - delete: OFS does not support rm root. To wipe the cluster, please re-init OM instead.
]]></system-out>
  </testcase>
  <testcase name="testFailToDeleteRoot" classname="TestRootedOzoneFileSystem" time="0.19">
    <system-out><![CDATA[2022-07-27 13:51:33,744 [Time-limited test] INFO  rpc.RpcClient (RpcClient.java:createVolume(467)) - Creating Volume: volume77135, with user78548 as owner and space quota set to -1 bytes, counts quota set to -1
2022-07-27 13:51:33,751 [IPC Server handler 3 on default port 45285] INFO  volume.OMVolumeCreateRequest (OMVolumeCreateRequest.java:validateAndUpdateCache(195)) - created volume:volume77135 for user:user78548
2022-07-27 13:51:33,763 [Time-limited test] INFO  rpc.RpcClient (RpcClient.java:createBucket(670)) - Creating Bucket: volume77135/bucket41841, with bucket layout LEGACY, runner as owner, Versioning false, Storage Type set to DISK and Encryption set to false 
2022-07-27 13:51:33,764 [IPC Server handler 4 on default port 45285] INFO  bucket.OMBucketCreateRequest (OMBucketCreateRequest.java:validateAndUpdateCache(260)) - created bucket: bucket41841 of layout LEGACY in volume: volume77135
2022-07-27 13:51:33,767 [Time-limited test] WARN  ozone.BasicRootedOzoneFileSystem (BasicRootedOzoneFileSystem.java:delete(591)) - delete: OFS does not support rm root. To wipe the cluster, please re-init OM instead.
2022-07-27 13:51:33,767 [Time-limited test] WARN  ozone.BasicRootedOzoneFileSystem (BasicRootedOzoneFileSystem.java:delete(591)) - delete: OFS does not support rm root. To wipe the cluster, please re-init OM instead.
]]></system-out>
  </testcase>
  <testcase name="testFailToDeleteRoot" classname="TestRootedOzoneFileSystem" time="0.152">
    <system-out><![CDATA[2022-07-27 13:52:51,663 [Time-limited test] INFO  rpc.RpcClient (RpcClient.java:createVolume(467)) - Creating Volume: volume45749, with user55476 as owner and space quota set to -1 bytes, counts quota set to -1
2022-07-27 13:52:51,666 [OM StateMachine ApplyTransaction Thread - 0] INFO  volume.OMVolumeCreateRequest (OMVolumeCreateRequest.java:validateAndUpdateCache(195)) - created volume:volume45749 for user:user55476
2022-07-27 13:52:51,667 [Time-limited test] INFO  rpc.RpcClient (RpcClient.java:createBucket(670)) - Creating Bucket: volume45749/bucket72880, with bucket layout LEGACY, runner as owner, Versioning false, Storage Type set to DISK and Encryption set to false 
2022-07-27 13:52:51,668 [OM StateMachine ApplyTransaction Thread - 0] INFO  bucket.OMBucketCreateRequest (OMBucketCreateRequest.java:validateAndUpdateCache(260)) - created bucket: bucket72880 of layout LEGACY in volume: volume45749
2022-07-27 13:52:51,669 [Time-limited test] WARN  ozone.BasicRootedOzoneFileSystem (BasicRootedOzoneFileSystem.java:delete(591)) - delete: OFS does not support rm root. To wipe the cluster, please re-init OM instead.
2022-07-27 13:52:51,669 [Time-limited test] WARN  ozone.BasicRootedOzoneFileSystem (BasicRootedOzoneFileSystem.java:delete(591)) - delete: OFS does not support rm root. To wipe the cluster, please re-init OM instead.
]]></system-out>
  </testcase>
  <testcase name="testFailToDeleteRoot" classname="TestRootedOzoneFileSystem" time="0.109">
    <system-out><![CDATA[2022-07-27 13:54:12,146 [Time-limited test] INFO  rpc.RpcClient (RpcClient.java:createVolume(467)) - Creating Volume: volume92907, with user73065 as owner and space quota set to -1 bytes, counts quota set to -1
2022-07-27 13:54:12,147 [IPC Server handler 11 on default port 41147] INFO  volume.OMVolumeCreateRequest (OMVolumeCreateRequest.java:validateAndUpdateCache(195)) - created volume:volume92907 for user:user73065
2022-07-27 13:54:12,164 [Time-limited test] INFO  rpc.RpcClient (RpcClient.java:createBucket(670)) - Creating Bucket: volume92907/bucket25800, with bucket layout LEGACY, runner as owner, Versioning false, Storage Type set to DISK and Encryption set to false 
2022-07-27 13:54:12,164 [IPC Server handler 9 on default port 41147] INFO  bucket.OMBucketCreateRequest (OMBucketCreateRequest.java:validateAndUpdateCache(260)) - created bucket: bucket25800 of layout LEGACY in volume: volume92907
2022-07-27 13:54:12,165 [Time-limited test] WARN  ozone.BasicRootedOzoneFileSystem (BasicRootedOzoneFileSystem.java:delete(591)) - delete: OFS does not support rm root. To wipe the cluster, please re-init OM instead.
2022-07-27 13:54:12,165 [Time-limited test] WARN  ozone.BasicRootedOzoneFileSystem (BasicRootedOzoneFileSystem.java:delete(591)) - delete: OFS does not support rm root. To wipe the cluster, please re-init OM instead.
]]></system-out>
  </testcase>
  <testcase name="testListStatusOnSubDirs" classname="TestRootedOzoneFileSystem" time="0.103">
    <system-out><![CDATA[2022-07-27 13:49:19,158 [Time-limited test] INFO  rpc.RpcClient (RpcClient.java:createVolume(467)) - Creating Volume: volume84101, with user11824 as owner and space quota set to -1 bytes, counts quota set to -1
2022-07-27 13:49:19,162 [OM StateMachine ApplyTransaction Thread - 0] INFO  volume.OMVolumeCreateRequest (OMVolumeCreateRequest.java:validateAndUpdateCache(195)) - created volume:volume84101 for user:user11824
2022-07-27 13:49:19,164 [Time-limited test] INFO  rpc.RpcClient (RpcClient.java:createBucket(670)) - Creating Bucket: volume84101/bucket31740, with bucket layout LEGACY, runner as owner, Versioning false, Storage Type set to DISK and Encryption set to false 
2022-07-27 13:49:19,167 [OM StateMachine ApplyTransaction Thread - 0] INFO  bucket.OMBucketCreateRequest (OMBucketCreateRequest.java:validateAndUpdateCache(260)) - created bucket: bucket31740 of layout LEGACY in volume: volume84101
]]></system-out>
  </testcase>
  <testcase name="testListStatusOnSubDirs" classname="TestRootedOzoneFileSystem" time="0.136">
    <system-out><![CDATA[2022-07-27 13:50:24,247 [Time-limited test] INFO  rpc.RpcClient (RpcClient.java:createVolume(467)) - Creating Volume: volume70444, with user95747 as owner and space quota set to -1 bytes, counts quota set to -1
2022-07-27 13:50:24,249 [OM StateMachine ApplyTransaction Thread - 0] INFO  volume.OMVolumeCreateRequest (OMVolumeCreateRequest.java:validateAndUpdateCache(195)) - created volume:volume70444 for user:user95747
2022-07-27 13:50:24,250 [Time-limited test] INFO  rpc.RpcClient (RpcClient.java:createBucket(670)) - Creating Bucket: volume70444/bucket66680, with bucket layout LEGACY, runner as owner, Versioning false, Storage Type set to DISK and Encryption set to false 
2022-07-27 13:50:24,251 [OM StateMachine ApplyTransaction Thread - 0] INFO  bucket.OMBucketCreateRequest (OMBucketCreateRequest.java:validateAndUpdateCache(260)) - created bucket: bucket66680 of layout LEGACY in volume: volume70444
]]></system-out>
  </testcase>
  <testcase name="testListStatusOnSubDirs" classname="TestRootedOzoneFileSystem" time="0.201">
    <system-out><![CDATA[2022-07-27 13:51:33,915 [Time-limited test] INFO  rpc.RpcClient (RpcClient.java:createVolume(467)) - Creating Volume: volume30602, with user64025 as owner and space quota set to -1 bytes, counts quota set to -1
2022-07-27 13:51:33,916 [IPC Server handler 4 on default port 45285] INFO  volume.OMVolumeCreateRequest (OMVolumeCreateRequest.java:validateAndUpdateCache(195)) - created volume:volume30602 for user:user64025
2022-07-27 13:51:33,922 [Time-limited test] INFO  rpc.RpcClient (RpcClient.java:createBucket(670)) - Creating Bucket: volume30602/bucket59944, with bucket layout LEGACY, runner as owner, Versioning false, Storage Type set to DISK and Encryption set to false 
2022-07-27 13:51:33,923 [IPC Server handler 9 on default port 45285] INFO  bucket.OMBucketCreateRequest (OMBucketCreateRequest.java:validateAndUpdateCache(260)) - created bucket: bucket59944 of layout LEGACY in volume: volume30602
]]></system-out>
  </testcase>
  <testcase name="testListStatusOnSubDirs" classname="TestRootedOzoneFileSystem" time="0.252">
    <system-out><![CDATA[2022-07-27 13:52:51,793 [Time-limited test] INFO  rpc.RpcClient (RpcClient.java:createVolume(467)) - Creating Volume: volume34305, with user86172 as owner and space quota set to -1 bytes, counts quota set to -1
2022-07-27 13:52:51,800 [OM StateMachine ApplyTransaction Thread - 0] INFO  volume.OMVolumeCreateRequest (OMVolumeCreateRequest.java:validateAndUpdateCache(195)) - created volume:volume34305 for user:user86172
2022-07-27 13:52:51,809 [Time-limited test] INFO  rpc.RpcClient (RpcClient.java:createBucket(670)) - Creating Bucket: volume34305/bucket13975, with bucket layout LEGACY, runner as owner, Versioning false, Storage Type set to DISK and Encryption set to false 
2022-07-27 13:52:51,812 [OM StateMachine ApplyTransaction Thread - 0] INFO  bucket.OMBucketCreateRequest (OMBucketCreateRequest.java:validateAndUpdateCache(260)) - created bucket: bucket13975 of layout LEGACY in volume: volume34305
]]></system-out>
  </testcase>
  <testcase name="testListStatusOnSubDirs" classname="TestRootedOzoneFileSystem" time="0.145">
    <system-out><![CDATA[2022-07-27 13:54:12,256 [Time-limited test] INFO  rpc.RpcClient (RpcClient.java:createVolume(467)) - Creating Volume: volume71478, with user66342 as owner and space quota set to -1 bytes, counts quota set to -1
2022-07-27 13:54:12,257 [IPC Server handler 9 on default port 41147] INFO  volume.OMVolumeCreateRequest (OMVolumeCreateRequest.java:validateAndUpdateCache(195)) - created volume:volume71478 for user:user66342
2022-07-27 13:54:12,259 [Time-limited test] INFO  rpc.RpcClient (RpcClient.java:createBucket(670)) - Creating Bucket: volume71478/bucket82460, with bucket layout LEGACY, runner as owner, Versioning false, Storage Type set to DISK and Encryption set to false 
2022-07-27 13:54:12,263 [IPC Server handler 7 on default port 41147] INFO  bucket.OMBucketCreateRequest (OMBucketCreateRequest.java:validateAndUpdateCache(260)) - created bucket: bucket82460 of layout LEGACY in volume: volume71478
]]></system-out>
  </testcase>
  <testcase name="testListStatus" classname="TestRootedOzoneFileSystem" time="0.116">
    <system-out><![CDATA[2022-07-27 13:49:19,259 [Time-limited test] INFO  rpc.RpcClient (RpcClient.java:createVolume(467)) - Creating Volume: volume94663, with user07857 as owner and space quota set to -1 bytes, counts quota set to -1
2022-07-27 13:49:19,268 [OM StateMachine ApplyTransaction Thread - 0] INFO  volume.OMVolumeCreateRequest (OMVolumeCreateRequest.java:validateAndUpdateCache(195)) - created volume:volume94663 for user:user07857
2022-07-27 13:49:19,272 [Time-limited test] INFO  rpc.RpcClient (RpcClient.java:createBucket(670)) - Creating Bucket: volume94663/bucket90254, with bucket layout LEGACY, runner as owner, Versioning false, Storage Type set to DISK and Encryption set to false 
2022-07-27 13:49:19,274 [OM StateMachine ApplyTransaction Thread - 0] INFO  bucket.OMBucketCreateRequest (OMBucketCreateRequest.java:validateAndUpdateCache(260)) - created bucket: bucket90254 of layout LEGACY in volume: volume94663
]]></system-out>
  </testcase>
  <testcase name="testListStatus" classname="TestRootedOzoneFileSystem" time="0.129">
    <system-out><![CDATA[2022-07-27 13:50:24,363 [Time-limited test] INFO  rpc.RpcClient (RpcClient.java:createVolume(467)) - Creating Volume: volume56909, with user80131 as owner and space quota set to -1 bytes, counts quota set to -1
2022-07-27 13:50:24,365 [OM StateMachine ApplyTransaction Thread - 0] INFO  volume.OMVolumeCreateRequest (OMVolumeCreateRequest.java:validateAndUpdateCache(195)) - created volume:volume56909 for user:user80131
2022-07-27 13:50:24,366 [Time-limited test] INFO  rpc.RpcClient (RpcClient.java:createBucket(670)) - Creating Bucket: volume56909/bucket31201, with bucket layout LEGACY, runner as owner, Versioning false, Storage Type set to DISK and Encryption set to false 
2022-07-27 13:50:24,367 [OM StateMachine ApplyTransaction Thread - 0] INFO  bucket.OMBucketCreateRequest (OMBucketCreateRequest.java:validateAndUpdateCache(260)) - created bucket: bucket31201 of layout LEGACY in volume: volume56909
]]></system-out>
  </testcase>
  <testcase name="testListStatus" classname="TestRootedOzoneFileSystem" time="0.207">
    <system-out><![CDATA[2022-07-27 13:51:34,153 [Time-limited test] INFO  rpc.RpcClient (RpcClient.java:createVolume(467)) - Creating Volume: volume66648, with user51350 as owner and space quota set to -1 bytes, counts quota set to -1
2022-07-27 13:51:34,154 [IPC Server handler 5 on default port 45285] INFO  volume.OMVolumeCreateRequest (OMVolumeCreateRequest.java:validateAndUpdateCache(195)) - created volume:volume66648 for user:user51350
2022-07-27 13:51:34,157 [Time-limited test] INFO  rpc.RpcClient (RpcClient.java:createBucket(670)) - Creating Bucket: volume66648/bucket73276, with bucket layout LEGACY, runner as owner, Versioning false, Storage Type set to DISK and Encryption set to false 
2022-07-27 13:51:34,157 [IPC Server handler 6 on default port 45285] INFO  bucket.OMBucketCreateRequest (OMBucketCreateRequest.java:validateAndUpdateCache(260)) - created bucket: bucket73276 of layout LEGACY in volume: volume66648
2022-07-27 13:51:34,198 [UnderReplicatedQueueThreadThread] INFO  replication.UnderReplicatedProcessor (UnderReplicatedProcessor.java:processAll(85)) - Processed 0 under replicated containers, failed processing 0
2022-07-27 13:51:34,201 [OverReplicatedQueueThreadThread] INFO  replication.OverReplicatedProcessor (OverReplicatedProcessor.java:processAll(83)) - Processed 0 over replicated containers, failed processing 0
]]></system-out>
  </testcase>
  <testcase name="testListStatus" classname="TestRootedOzoneFileSystem" time="0.151">
    <system-out><![CDATA[2022-07-27 13:52:51,985 [Time-limited test] INFO  rpc.RpcClient (RpcClient.java:createVolume(467)) - Creating Volume: volume10420, with user36120 as owner and space quota set to -1 bytes, counts quota set to -1
2022-07-27 13:52:51,989 [OM StateMachine ApplyTransaction Thread - 0] INFO  volume.OMVolumeCreateRequest (OMVolumeCreateRequest.java:validateAndUpdateCache(195)) - created volume:volume10420 for user:user36120
2022-07-27 13:52:51,991 [Time-limited test] INFO  rpc.RpcClient (RpcClient.java:createBucket(670)) - Creating Bucket: volume10420/bucket24021, with bucket layout LEGACY, runner as owner, Versioning false, Storage Type set to DISK and Encryption set to false 
2022-07-27 13:52:51,998 [OM StateMachine ApplyTransaction Thread - 0] INFO  bucket.OMBucketCreateRequest (OMBucketCreateRequest.java:validateAndUpdateCache(260)) - created bucket: bucket24021 of layout LEGACY in volume: volume10420
]]></system-out>
  </testcase>
  <testcase name="testListStatus" classname="TestRootedOzoneFileSystem" time="0.173">
    <system-out><![CDATA[2022-07-27 13:54:12,395 [Time-limited test] INFO  rpc.RpcClient (RpcClient.java:createVolume(467)) - Creating Volume: volume96403, with user32981 as owner and space quota set to -1 bytes, counts quota set to -1
2022-07-27 13:54:12,399 [IPC Server handler 12 on default port 41147] INFO  volume.OMVolumeCreateRequest (OMVolumeCreateRequest.java:validateAndUpdateCache(195)) - created volume:volume96403 for user:user32981
2022-07-27 13:54:12,408 [Time-limited test] INFO  rpc.RpcClient (RpcClient.java:createBucket(670)) - Creating Bucket: volume96403/bucket59193, with bucket layout LEGACY, runner as owner, Versioning false, Storage Type set to DISK and Encryption set to false 
2022-07-27 13:54:12,414 [IPC Server handler 10 on default port 41147] INFO  bucket.OMBucketCreateRequest (OMBucketCreateRequest.java:validateAndUpdateCache(260)) - created bucket: bucket59193 of layout LEGACY in volume: volume96403
]]></system-out>
  </testcase>
  <testcase name="testGetTrashRoots" classname="TestRootedOzoneFileSystem" time="0.618">
    <system-out><![CDATA[2022-07-27 13:49:19,371 [Time-limited test] INFO  rpc.RpcClient (RpcClient.java:createVolume(467)) - Creating Volume: volume92651, with user62955 as owner and space quota set to -1 bytes, counts quota set to -1
2022-07-27 13:49:19,374 [OM StateMachine ApplyTransaction Thread - 0] INFO  volume.OMVolumeCreateRequest (OMVolumeCreateRequest.java:validateAndUpdateCache(195)) - created volume:volume92651 for user:user62955
2022-07-27 13:49:19,376 [Time-limited test] INFO  rpc.RpcClient (RpcClient.java:createBucket(670)) - Creating Bucket: volume92651/bucket82910, with bucket layout LEGACY, runner as owner, Versioning false, Storage Type set to DISK and Encryption set to false 
2022-07-27 13:49:19,378 [OM StateMachine ApplyTransaction Thread - 0] INFO  bucket.OMBucketCreateRequest (OMBucketCreateRequest.java:validateAndUpdateCache(260)) - created bucket: bucket82910 of layout LEGACY in volume: volume92651
13:49:19.392 [IPC Server handler 13 on default port 44975] ERROR OMAudit - user=runner | ip=127.0.0.1 | op=GET_FILE_STATUS {volume=8b3bae70-1ef5-4670-8b2a-41ff095bc3ab, bucket=0abf774a-2917-444b-9d39-adb158dd3462, key=.Trash/runner, dataSize=0, replicationConfig=null} | ret=FAILURE
org.apache.hadoop.ozone.om.exceptions.OMException: Unable to get file status: volume: 8b3bae70-1ef5-4670-8b2a-41ff095bc3ab bucket: 0abf774a-2917-444b-9d39-adb158dd3462 key: .Trash/runner
	at org.apache.hadoop.ozone.om.KeyManagerImpl.getOzoneFileStatus(KeyManagerImpl.java:1311) ~[ozone-manager-1.3.0-SNAPSHOT.jar:?]
	at org.apache.hadoop.ozone.om.KeyManagerImpl.getFileStatus(KeyManagerImpl.java:1241) ~[ozone-manager-1.3.0-SNAPSHOT.jar:?]
	at org.apache.hadoop.ozone.om.OzoneManager.getFileStatus(OzoneManager.java:3467) ~[ozone-manager-1.3.0-SNAPSHOT.jar:?]
	at org.apache.hadoop.ozone.protocolPB.OzoneManagerRequestHandler.getOzoneFileStatus(OzoneManagerRequestHandler.java:878) ~[ozone-manager-1.3.0-SNAPSHOT.jar:?]
	at org.apache.hadoop.ozone.protocolPB.OzoneManagerRequestHandler.handleReadRequest(OzoneManagerRequestHandler.java:224) ~[ozone-manager-1.3.0-SNAPSHOT.jar:?]
	at org.apache.hadoop.ozone.protocolPB.OzoneManagerProtocolServerSideTranslatorPB.submitReadRequestToOM(OzoneManagerProtocolServerSideTranslatorPB.java:226) ~[ozone-manager-1.3.0-SNAPSHOT.jar:?]
	at org.apache.hadoop.ozone.protocolPB.OzoneManagerProtocolServerSideTranslatorPB.processRequest(OzoneManagerProtocolServerSideTranslatorPB.java:175) ~[ozone-manager-1.3.0-SNAPSHOT.jar:?]
	at org.apache.hadoop.hdds.server.OzoneProtocolMessageDispatcher.processRequest(OzoneProtocolMessageDispatcher.java:87) [hdds-server-framework-1.3.0-SNAPSHOT.jar:?]
	at org.apache.hadoop.ozone.protocolPB.OzoneManagerProtocolServerSideTranslatorPB.submitRequest(OzoneManagerProtocolServerSideTranslatorPB.java:147) [ozone-manager-1.3.0-SNAPSHOT.jar:?]
	at org.apache.hadoop.ozone.protocol.proto.OzoneManagerProtocolProtos$OzoneManagerService$2.callBlockingMethod(OzoneManagerProtocolProtos.java) [ozone-interface-client-1.3.0-SNAPSHOT.jar:?]
	at org.apache.hadoop.ipc.ProtobufRpcEngine$Server.processCall(ProtobufRpcEngine.java:466) [hadoop-common-3.3.1.jar:?]
	at org.apache.hadoop.ipc.ProtobufRpcEngine2$Server$ProtoBufRpcInvoker.call(ProtobufRpcEngine2.java:574) [hadoop-common-3.3.1.jar:?]
	at org.apache.hadoop.ipc.ProtobufRpcEngine2$Server$ProtoBufRpcInvoker.call(ProtobufRpcEngine2.java:552) [hadoop-common-3.3.1.jar:?]
	at org.apache.hadoop.ipc.RPC$Server.call(RPC.java:1093) [hadoop-common-3.3.1.jar:?]
	at org.apache.hadoop.ipc.Server$RpcCall.run(Server.java:1035) [hadoop-common-3.3.1.jar:?]
	at org.apache.hadoop.ipc.Server$RpcCall.run(Server.java:963) [hadoop-common-3.3.1.jar:?]
	at java.security.AccessController.doPrivileged(Native Method) ~[?:1.8.0_332]
	at javax.security.auth.Subject.doAs(Subject.java:422) [?:1.8.0_332]
	at org.apache.hadoop.security.UserGroupInformation.doAs(UserGroupInformation.java:1878) [hadoop-common-3.3.1.jar:?]
	at org.apache.hadoop.ipc.Server$Handler.run(Server.java:2966) [hadoop-common-3.3.1.jar:?]
13:49:19.396 [IPC Server handler 8 on default port 44975] ERROR OMAudit - user=runner | ip=127.0.0.1 | op=GET_FILE_STATUS {volume=volume92651, bucket=bucket82910, key=.Trash/runner, dataSize=0, replicationConfig=null} | ret=FAILURE
org.apache.hadoop.ozone.om.exceptions.OMException: Unable to get file status: volume: volume92651 bucket: bucket82910 key: .Trash/runner
	at org.apache.hadoop.ozone.om.KeyManagerImpl.getOzoneFileStatus(KeyManagerImpl.java:1311) ~[ozone-manager-1.3.0-SNAPSHOT.jar:?]
	at org.apache.hadoop.ozone.om.KeyManagerImpl.getFileStatus(KeyManagerImpl.java:1241) ~[ozone-manager-1.3.0-SNAPSHOT.jar:?]
	at org.apache.hadoop.ozone.om.OzoneManager.getFileStatus(OzoneManager.java:3467) ~[ozone-manager-1.3.0-SNAPSHOT.jar:?]
	at org.apache.hadoop.ozone.protocolPB.OzoneManagerRequestHandler.getOzoneFileStatus(OzoneManagerRequestHandler.java:878) ~[ozone-manager-1.3.0-SNAPSHOT.jar:?]
	at org.apache.hadoop.ozone.protocolPB.OzoneManagerRequestHandler.handleReadRequest(OzoneManagerRequestHandler.java:224) ~[ozone-manager-1.3.0-SNAPSHOT.jar:?]
	at org.apache.hadoop.ozone.protocolPB.OzoneManagerProtocolServerSideTranslatorPB.submitReadRequestToOM(OzoneManagerProtocolServerSideTranslatorPB.java:226) ~[ozone-manager-1.3.0-SNAPSHOT.jar:?]
	at org.apache.hadoop.ozone.protocolPB.OzoneManagerProtocolServerSideTranslatorPB.processRequest(OzoneManagerProtocolServerSideTranslatorPB.java:175) ~[ozone-manager-1.3.0-SNAPSHOT.jar:?]
	at org.apache.hadoop.hdds.server.OzoneProtocolMessageDispatcher.processRequest(OzoneProtocolMessageDispatcher.java:87) [hdds-server-framework-1.3.0-SNAPSHOT.jar:?]
	at org.apache.hadoop.ozone.protocolPB.OzoneManagerProtocolServerSideTranslatorPB.submitRequest(OzoneManagerProtocolServerSideTranslatorPB.java:147) [ozone-manager-1.3.0-SNAPSHOT.jar:?]
	at org.apache.hadoop.ozone.protocol.proto.OzoneManagerProtocolProtos$OzoneManagerService$2.callBlockingMethod(OzoneManagerProtocolProtos.java) [ozone-interface-client-1.3.0-SNAPSHOT.jar:?]
	at org.apache.hadoop.ipc.ProtobufRpcEngine$Server.processCall(ProtobufRpcEngine.java:466) [hadoop-common-3.3.1.jar:?]
	at org.apache.hadoop.ipc.ProtobufRpcEngine2$Server$ProtoBufRpcInvoker.call(ProtobufRpcEngine2.java:574) [hadoop-common-3.3.1.jar:?]
	at org.apache.hadoop.ipc.ProtobufRpcEngine2$Server$ProtoBufRpcInvoker.call(ProtobufRpcEngine2.java:552) [hadoop-common-3.3.1.jar:?]
	at org.apache.hadoop.ipc.RPC$Server.call(RPC.java:1093) [hadoop-common-3.3.1.jar:?]
	at org.apache.hadoop.ipc.Server$RpcCall.run(Server.java:1035) [hadoop-common-3.3.1.jar:?]
	at org.apache.hadoop.ipc.Server$RpcCall.run(Server.java:963) [hadoop-common-3.3.1.jar:?]
	at java.security.AccessController.doPrivileged(Native Method) ~[?:1.8.0_332]
	at javax.security.auth.Subject.doAs(Subject.java:422) [?:1.8.0_332]
	at org.apache.hadoop.security.UserGroupInformation.doAs(UserGroupInformation.java:1878) [hadoop-common-3.3.1.jar:?]
	at org.apache.hadoop.ipc.Server$Handler.run(Server.java:2966) [hadoop-common-3.3.1.jar:?]
13:49:19.401 [IPC Server handler 0 on default port 44975] ERROR OMAudit - user=runner | ip=127.0.0.1 | op=GET_FILE_STATUS {volume=8b3bae70-1ef5-4670-8b2a-41ff095bc3ab, bucket=0abf774a-2917-444b-9d39-adb158dd3462, key=.Trash, dataSize=0, replicationConfig=null} | ret=FAILURE
org.apache.hadoop.ozone.om.exceptions.OMException: Unable to get file status: volume: 8b3bae70-1ef5-4670-8b2a-41ff095bc3ab bucket: 0abf774a-2917-444b-9d39-adb158dd3462 key: .Trash
	at org.apache.hadoop.ozone.om.KeyManagerImpl.getOzoneFileStatus(KeyManagerImpl.java:1311) ~[ozone-manager-1.3.0-SNAPSHOT.jar:?]
	at org.apache.hadoop.ozone.om.KeyManagerImpl.getFileStatus(KeyManagerImpl.java:1241) ~[ozone-manager-1.3.0-SNAPSHOT.jar:?]
	at org.apache.hadoop.ozone.om.OzoneManager.getFileStatus(OzoneManager.java:3467) ~[ozone-manager-1.3.0-SNAPSHOT.jar:?]
	at org.apache.hadoop.ozone.protocolPB.OzoneManagerRequestHandler.getOzoneFileStatus(OzoneManagerRequestHandler.java:878) ~[ozone-manager-1.3.0-SNAPSHOT.jar:?]
	at org.apache.hadoop.ozone.protocolPB.OzoneManagerRequestHandler.handleReadRequest(OzoneManagerRequestHandler.java:224) ~[ozone-manager-1.3.0-SNAPSHOT.jar:?]
	at org.apache.hadoop.ozone.protocolPB.OzoneManagerProtocolServerSideTranslatorPB.submitReadRequestToOM(OzoneManagerProtocolServerSideTranslatorPB.java:226) ~[ozone-manager-1.3.0-SNAPSHOT.jar:?]
	at org.apache.hadoop.ozone.protocolPB.OzoneManagerProtocolServerSideTranslatorPB.processRequest(OzoneManagerProtocolServerSideTranslatorPB.java:175) ~[ozone-manager-1.3.0-SNAPSHOT.jar:?]
	at org.apache.hadoop.hdds.server.OzoneProtocolMessageDispatcher.processRequest(OzoneProtocolMessageDispatcher.java:87) [hdds-server-framework-1.3.0-SNAPSHOT.jar:?]
	at org.apache.hadoop.ozone.protocolPB.OzoneManagerProtocolServerSideTranslatorPB.submitRequest(OzoneManagerProtocolServerSideTranslatorPB.java:147) [ozone-manager-1.3.0-SNAPSHOT.jar:?]
	at org.apache.hadoop.ozone.protocol.proto.OzoneManagerProtocolProtos$OzoneManagerService$2.callBlockingMethod(OzoneManagerProtocolProtos.java) [ozone-interface-client-1.3.0-SNAPSHOT.jar:?]
	at org.apache.hadoop.ipc.ProtobufRpcEngine$Server.processCall(ProtobufRpcEngine.java:466) [hadoop-common-3.3.1.jar:?]
	at org.apache.hadoop.ipc.ProtobufRpcEngine2$Server$ProtoBufRpcInvoker.call(ProtobufRpcEngine2.java:574) [hadoop-common-3.3.1.jar:?]
	at org.apache.hadoop.ipc.ProtobufRpcEngine2$Server$ProtoBufRpcInvoker.call(ProtobufRpcEngine2.java:552) [hadoop-common-3.3.1.jar:?]
	at org.apache.hadoop.ipc.RPC$Server.call(RPC.java:1093) [hadoop-common-3.3.1.jar:?]
	at org.apache.hadoop.ipc.Server$RpcCall.run(Server.java:1035) [hadoop-common-3.3.1.jar:?]
	at org.apache.hadoop.ipc.Server$RpcCall.run(Server.java:963) [hadoop-common-3.3.1.jar:?]
	at java.security.AccessController.doPrivileged(Native Method) ~[?:1.8.0_332]
	at javax.security.auth.Subject.doAs(Subject.java:422) [?:1.8.0_332]
	at org.apache.hadoop.security.UserGroupInformation.doAs(UserGroupInformation.java:1878) [hadoop-common-3.3.1.jar:?]
	at org.apache.hadoop.ipc.Server$Handler.run(Server.java:2966) [hadoop-common-3.3.1.jar:?]
13:49:19.405 [IPC Server handler 12 on default port 44975] ERROR OMAudit - user=runner | ip=127.0.0.1 | op=GET_FILE_STATUS {volume=volume92651, bucket=bucket82910, key=.Trash, dataSize=0, replicationConfig=null} | ret=FAILURE
org.apache.hadoop.ozone.om.exceptions.OMException: Unable to get file status: volume: volume92651 bucket: bucket82910 key: .Trash
	at org.apache.hadoop.ozone.om.KeyManagerImpl.getOzoneFileStatus(KeyManagerImpl.java:1311) ~[ozone-manager-1.3.0-SNAPSHOT.jar:?]
	at org.apache.hadoop.ozone.om.KeyManagerImpl.getFileStatus(KeyManagerImpl.java:1241) ~[ozone-manager-1.3.0-SNAPSHOT.jar:?]
	at org.apache.hadoop.ozone.om.OzoneManager.getFileStatus(OzoneManager.java:3467) ~[ozone-manager-1.3.0-SNAPSHOT.jar:?]
	at org.apache.hadoop.ozone.protocolPB.OzoneManagerRequestHandler.getOzoneFileStatus(OzoneManagerRequestHandler.java:878) ~[ozone-manager-1.3.0-SNAPSHOT.jar:?]
	at org.apache.hadoop.ozone.protocolPB.OzoneManagerRequestHandler.handleReadRequest(OzoneManagerRequestHandler.java:224) ~[ozone-manager-1.3.0-SNAPSHOT.jar:?]
	at org.apache.hadoop.ozone.protocolPB.OzoneManagerProtocolServerSideTranslatorPB.submitReadRequestToOM(OzoneManagerProtocolServerSideTranslatorPB.java:226) ~[ozone-manager-1.3.0-SNAPSHOT.jar:?]
	at org.apache.hadoop.ozone.protocolPB.OzoneManagerProtocolServerSideTranslatorPB.processRequest(OzoneManagerProtocolServerSideTranslatorPB.java:175) ~[ozone-manager-1.3.0-SNAPSHOT.jar:?]
	at org.apache.hadoop.hdds.server.OzoneProtocolMessageDispatcher.processRequest(OzoneProtocolMessageDispatcher.java:87) [hdds-server-framework-1.3.0-SNAPSHOT.jar:?]
	at org.apache.hadoop.ozone.protocolPB.OzoneManagerProtocolServerSideTranslatorPB.submitRequest(OzoneManagerProtocolServerSideTranslatorPB.java:147) [ozone-manager-1.3.0-SNAPSHOT.jar:?]
	at org.apache.hadoop.ozone.protocol.proto.OzoneManagerProtocolProtos$OzoneManagerService$2.callBlockingMethod(OzoneManagerProtocolProtos.java) [ozone-interface-client-1.3.0-SNAPSHOT.jar:?]
	at org.apache.hadoop.ipc.ProtobufRpcEngine$Server.processCall(ProtobufRpcEngine.java:466) [hadoop-common-3.3.1.jar:?]
	at org.apache.hadoop.ipc.ProtobufRpcEngine2$Server$ProtoBufRpcInvoker.call(ProtobufRpcEngine2.java:574) [hadoop-common-3.3.1.jar:?]
	at org.apache.hadoop.ipc.ProtobufRpcEngine2$Server$ProtoBufRpcInvoker.call(ProtobufRpcEngine2.java:552) [hadoop-common-3.3.1.jar:?]
	at org.apache.hadoop.ipc.RPC$Server.call(RPC.java:1093) [hadoop-common-3.3.1.jar:?]
	at org.apache.hadoop.ipc.Server$RpcCall.run(Server.java:1035) [hadoop-common-3.3.1.jar:?]
	at org.apache.hadoop.ipc.Server$RpcCall.run(Server.java:963) [hadoop-common-3.3.1.jar:?]
	at java.security.AccessController.doPrivileged(Native Method) ~[?:1.8.0_332]
	at javax.security.auth.Subject.doAs(Subject.java:422) [?:1.8.0_332]
	at org.apache.hadoop.security.UserGroupInformation.doAs(UserGroupInformation.java:1878) [hadoop-common-3.3.1.jar:?]
	at org.apache.hadoop.ipc.Server$Handler.run(Server.java:2966) [hadoop-common-3.3.1.jar:?]
13:49:19.413 [IPC Server handler 7 on default port 44975] ERROR OMAudit - user=runner | ip=127.0.0.1 | op=GET_FILE_STATUS {volume=8b3bae70-1ef5-4670-8b2a-41ff095bc3ab, bucket=0abf774a-2917-444b-9d39-adb158dd3462, key=.Trash/runner, dataSize=0, replicationConfig=null} | ret=FAILURE
org.apache.hadoop.ozone.om.exceptions.OMException: Unable to get file status: volume: 8b3bae70-1ef5-4670-8b2a-41ff095bc3ab bucket: 0abf774a-2917-444b-9d39-adb158dd3462 key: .Trash/runner
	at org.apache.hadoop.ozone.om.KeyManagerImpl.getOzoneFileStatus(KeyManagerImpl.java:1311) ~[ozone-manager-1.3.0-SNAPSHOT.jar:?]
	at org.apache.hadoop.ozone.om.KeyManagerImpl.getFileStatus(KeyManagerImpl.java:1241) ~[ozone-manager-1.3.0-SNAPSHOT.jar:?]
	at org.apache.hadoop.ozone.om.OzoneManager.getFileStatus(OzoneManager.java:3467) ~[ozone-manager-1.3.0-SNAPSHOT.jar:?]
	at org.apache.hadoop.ozone.protocolPB.OzoneManagerRequestHandler.getOzoneFileStatus(OzoneManagerRequestHandler.java:878) ~[ozone-manager-1.3.0-SNAPSHOT.jar:?]
	at org.apache.hadoop.ozone.protocolPB.OzoneManagerRequestHandler.handleReadRequest(OzoneManagerRequestHandler.java:224) ~[ozone-manager-1.3.0-SNAPSHOT.jar:?]
	at org.apache.hadoop.ozone.protocolPB.OzoneManagerProtocolServerSideTranslatorPB.submitReadRequestToOM(OzoneManagerProtocolServerSideTranslatorPB.java:226) ~[ozone-manager-1.3.0-SNAPSHOT.jar:?]
	at org.apache.hadoop.ozone.protocolPB.OzoneManagerProtocolServerSideTranslatorPB.processRequest(OzoneManagerProtocolServerSideTranslatorPB.java:175) ~[ozone-manager-1.3.0-SNAPSHOT.jar:?]
	at org.apache.hadoop.hdds.server.OzoneProtocolMessageDispatcher.processRequest(OzoneProtocolMessageDispatcher.java:87) [hdds-server-framework-1.3.0-SNAPSHOT.jar:?]
	at org.apache.hadoop.ozone.protocolPB.OzoneManagerProtocolServerSideTranslatorPB.submitRequest(OzoneManagerProtocolServerSideTranslatorPB.java:147) [ozone-manager-1.3.0-SNAPSHOT.jar:?]
	at org.apache.hadoop.ozone.protocol.proto.OzoneManagerProtocolProtos$OzoneManagerService$2.callBlockingMethod(OzoneManagerProtocolProtos.java) [ozone-interface-client-1.3.0-SNAPSHOT.jar:?]
	at org.apache.hadoop.ipc.ProtobufRpcEngine$Server.processCall(ProtobufRpcEngine.java:466) [hadoop-common-3.3.1.jar:?]
	at org.apache.hadoop.ipc.ProtobufRpcEngine2$Server$ProtoBufRpcInvoker.call(ProtobufRpcEngine2.java:574) [hadoop-common-3.3.1.jar:?]
	at org.apache.hadoop.ipc.ProtobufRpcEngine2$Server$ProtoBufRpcInvoker.call(ProtobufRpcEngine2.java:552) [hadoop-common-3.3.1.jar:?]
	at org.apache.hadoop.ipc.RPC$Server.call(RPC.java:1093) [hadoop-common-3.3.1.jar:?]
	at org.apache.hadoop.ipc.Server$RpcCall.run(Server.java:1035) [hadoop-common-3.3.1.jar:?]
	at org.apache.hadoop.ipc.Server$RpcCall.run(Server.java:963) [hadoop-common-3.3.1.jar:?]
	at java.security.AccessController.doPrivileged(Native Method) ~[?:1.8.0_332]
	at javax.security.auth.Subject.doAs(Subject.java:422) [?:1.8.0_332]
	at org.apache.hadoop.security.UserGroupInformation.doAs(UserGroupInformation.java:1878) [hadoop-common-3.3.1.jar:?]
	at org.apache.hadoop.ipc.Server$Handler.run(Server.java:2966) [hadoop-common-3.3.1.jar:?]
13:49:19.424 [IPC Server handler 11 on default port 44975] ERROR OMAudit - user=runner | ip=127.0.0.1 | op=GET_FILE_STATUS {volume=8b3bae70-1ef5-4670-8b2a-41ff095bc3ab, bucket=0abf774a-2917-444b-9d39-adb158dd3462, key=.Trash, dataSize=0, replicationConfig=null} | ret=FAILURE
org.apache.hadoop.ozone.om.exceptions.OMException: Unable to get file status: volume: 8b3bae70-1ef5-4670-8b2a-41ff095bc3ab bucket: 0abf774a-2917-444b-9d39-adb158dd3462 key: .Trash
	at org.apache.hadoop.ozone.om.KeyManagerImpl.getOzoneFileStatus(KeyManagerImpl.java:1311) ~[ozone-manager-1.3.0-SNAPSHOT.jar:?]
	at org.apache.hadoop.ozone.om.KeyManagerImpl.getFileStatus(KeyManagerImpl.java:1241) ~[ozone-manager-1.3.0-SNAPSHOT.jar:?]
	at org.apache.hadoop.ozone.om.OzoneManager.getFileStatus(OzoneManager.java:3467) ~[ozone-manager-1.3.0-SNAPSHOT.jar:?]
	at org.apache.hadoop.ozone.protocolPB.OzoneManagerRequestHandler.getOzoneFileStatus(OzoneManagerRequestHandler.java:878) ~[ozone-manager-1.3.0-SNAPSHOT.jar:?]
	at org.apache.hadoop.ozone.protocolPB.OzoneManagerRequestHandler.handleReadRequest(OzoneManagerRequestHandler.java:224) ~[ozone-manager-1.3.0-SNAPSHOT.jar:?]
	at org.apache.hadoop.ozone.protocolPB.OzoneManagerProtocolServerSideTranslatorPB.submitReadRequestToOM(OzoneManagerProtocolServerSideTranslatorPB.java:226) ~[ozone-manager-1.3.0-SNAPSHOT.jar:?]
	at org.apache.hadoop.ozone.protocolPB.OzoneManagerProtocolServerSideTranslatorPB.processRequest(OzoneManagerProtocolServerSideTranslatorPB.java:175) ~[ozone-manager-1.3.0-SNAPSHOT.jar:?]
	at org.apache.hadoop.hdds.server.OzoneProtocolMessageDispatcher.processRequest(OzoneProtocolMessageDispatcher.java:87) [hdds-server-framework-1.3.0-SNAPSHOT.jar:?]
	at org.apache.hadoop.ozone.protocolPB.OzoneManagerProtocolServerSideTranslatorPB.submitRequest(OzoneManagerProtocolServerSideTranslatorPB.java:147) [ozone-manager-1.3.0-SNAPSHOT.jar:?]
	at org.apache.hadoop.ozone.protocol.proto.OzoneManagerProtocolProtos$OzoneManagerService$2.callBlockingMethod(OzoneManagerProtocolProtos.java) [ozone-interface-client-1.3.0-SNAPSHOT.jar:?]
	at org.apache.hadoop.ipc.ProtobufRpcEngine$Server.processCall(ProtobufRpcEngine.java:466) [hadoop-common-3.3.1.jar:?]
	at org.apache.hadoop.ipc.ProtobufRpcEngine2$Server$ProtoBufRpcInvoker.call(ProtobufRpcEngine2.java:574) [hadoop-common-3.3.1.jar:?]
	at org.apache.hadoop.ipc.ProtobufRpcEngine2$Server$ProtoBufRpcInvoker.call(ProtobufRpcEngine2.java:552) [hadoop-common-3.3.1.jar:?]
	at org.apache.hadoop.ipc.RPC$Server.call(RPC.java:1093) [hadoop-common-3.3.1.jar:?]
	at org.apache.hadoop.ipc.Server$RpcCall.run(Server.java:1035) [hadoop-common-3.3.1.jar:?]
	at org.apache.hadoop.ipc.Server$RpcCall.run(Server.java:963) [hadoop-common-3.3.1.jar:?]
	at java.security.AccessController.doPrivileged(Native Method) ~[?:1.8.0_332]
	at javax.security.auth.Subject.doAs(Subject.java:422) [?:1.8.0_332]
	at org.apache.hadoop.security.UserGroupInformation.doAs(UserGroupInformation.java:1878) [hadoop-common-3.3.1.jar:?]
	at org.apache.hadoop.ipc.Server$Handler.run(Server.java:2966) [hadoop-common-3.3.1.jar:?]
13:49:19.441 [IPC Server handler 12 on default port 44975] ERROR OMAudit - user=runner | ip=127.0.0.1 | op=GET_FILE_STATUS {volume=8b3bae70-1ef5-4670-8b2a-41ff095bc3ab, bucket=0abf774a-2917-444b-9d39-adb158dd3462, key=.Trash/runner, dataSize=0, replicationConfig=null} | ret=FAILURE
org.apache.hadoop.ozone.om.exceptions.OMException: Unable to get file status: volume: 8b3bae70-1ef5-4670-8b2a-41ff095bc3ab bucket: 0abf774a-2917-444b-9d39-adb158dd3462 key: .Trash/runner
	at org.apache.hadoop.ozone.om.KeyManagerImpl.getOzoneFileStatus(KeyManagerImpl.java:1311) ~[ozone-manager-1.3.0-SNAPSHOT.jar:?]
	at org.apache.hadoop.ozone.om.KeyManagerImpl.getFileStatus(KeyManagerImpl.java:1241) ~[ozone-manager-1.3.0-SNAPSHOT.jar:?]
	at org.apache.hadoop.ozone.om.OzoneManager.getFileStatus(OzoneManager.java:3467) ~[ozone-manager-1.3.0-SNAPSHOT.jar:?]
	at org.apache.hadoop.ozone.protocolPB.OzoneManagerRequestHandler.getOzoneFileStatus(OzoneManagerRequestHandler.java:878) ~[ozone-manager-1.3.0-SNAPSHOT.jar:?]
	at org.apache.hadoop.ozone.protocolPB.OzoneManagerRequestHandler.handleReadRequest(OzoneManagerRequestHandler.java:224) ~[ozone-manager-1.3.0-SNAPSHOT.jar:?]
	at org.apache.hadoop.ozone.protocolPB.OzoneManagerProtocolServerSideTranslatorPB.submitReadRequestToOM(OzoneManagerProtocolServerSideTranslatorPB.java:226) ~[ozone-manager-1.3.0-SNAPSHOT.jar:?]
	at org.apache.hadoop.ozone.protocolPB.OzoneManagerProtocolServerSideTranslatorPB.processRequest(OzoneManagerProtocolServerSideTranslatorPB.java:175) ~[ozone-manager-1.3.0-SNAPSHOT.jar:?]
	at org.apache.hadoop.hdds.server.OzoneProtocolMessageDispatcher.processRequest(OzoneProtocolMessageDispatcher.java:87) [hdds-server-framework-1.3.0-SNAPSHOT.jar:?]
	at org.apache.hadoop.ozone.protocolPB.OzoneManagerProtocolServerSideTranslatorPB.submitRequest(OzoneManagerProtocolServerSideTranslatorPB.java:147) [ozone-manager-1.3.0-SNAPSHOT.jar:?]
	at org.apache.hadoop.ozone.protocol.proto.OzoneManagerProtocolProtos$OzoneManagerService$2.callBlockingMethod(OzoneManagerProtocolProtos.java) [ozone-interface-client-1.3.0-SNAPSHOT.jar:?]
	at org.apache.hadoop.ipc.ProtobufRpcEngine$Server.processCall(ProtobufRpcEngine.java:466) [hadoop-common-3.3.1.jar:?]
	at org.apache.hadoop.ipc.ProtobufRpcEngine2$Server$ProtoBufRpcInvoker.call(ProtobufRpcEngine2.java:574) [hadoop-common-3.3.1.jar:?]
	at org.apache.hadoop.ipc.ProtobufRpcEngine2$Server$ProtoBufRpcInvoker.call(ProtobufRpcEngine2.java:552) [hadoop-common-3.3.1.jar:?]
	at org.apache.hadoop.ipc.RPC$Server.call(RPC.java:1093) [hadoop-common-3.3.1.jar:?]
	at org.apache.hadoop.ipc.Server$RpcCall.run(Server.java:1035) [hadoop-common-3.3.1.jar:?]
	at org.apache.hadoop.ipc.Server$RpcCall.run(Server.java:963) [hadoop-common-3.3.1.jar:?]
	at java.security.AccessController.doPrivileged(Native Method) ~[?:1.8.0_332]
	at javax.security.auth.Subject.doAs(Subject.java:422) [?:1.8.0_332]
	at org.apache.hadoop.security.UserGroupInformation.doAs(UserGroupInformation.java:1878) [hadoop-common-3.3.1.jar:?]
	at org.apache.hadoop.ipc.Server$Handler.run(Server.java:2966) [hadoop-common-3.3.1.jar:?]
13:49:19.454 [IPC Server handler 0 on default port 44975] ERROR OMAudit - user=runner | ip=127.0.0.1 | op=GET_FILE_STATUS {volume=8b3bae70-1ef5-4670-8b2a-41ff095bc3ab, bucket=0abf774a-2917-444b-9d39-adb158dd3462, key=.Trash, dataSize=0, replicationConfig=null} | ret=FAILURE
org.apache.hadoop.ozone.om.exceptions.OMException: Unable to get file status: volume: 8b3bae70-1ef5-4670-8b2a-41ff095bc3ab bucket: 0abf774a-2917-444b-9d39-adb158dd3462 key: .Trash
	at org.apache.hadoop.ozone.om.KeyManagerImpl.getOzoneFileStatus(KeyManagerImpl.java:1311) ~[ozone-manager-1.3.0-SNAPSHOT.jar:?]
	at org.apache.hadoop.ozone.om.KeyManagerImpl.getFileStatus(KeyManagerImpl.java:1241) ~[ozone-manager-1.3.0-SNAPSHOT.jar:?]
	at org.apache.hadoop.ozone.om.OzoneManager.getFileStatus(OzoneManager.java:3467) ~[ozone-manager-1.3.0-SNAPSHOT.jar:?]
	at org.apache.hadoop.ozone.protocolPB.OzoneManagerRequestHandler.getOzoneFileStatus(OzoneManagerRequestHandler.java:878) ~[ozone-manager-1.3.0-SNAPSHOT.jar:?]
	at org.apache.hadoop.ozone.protocolPB.OzoneManagerRequestHandler.handleReadRequest(OzoneManagerRequestHandler.java:224) ~[ozone-manager-1.3.0-SNAPSHOT.jar:?]
	at org.apache.hadoop.ozone.protocolPB.OzoneManagerProtocolServerSideTranslatorPB.submitReadRequestToOM(OzoneManagerProtocolServerSideTranslatorPB.java:226) ~[ozone-manager-1.3.0-SNAPSHOT.jar:?]
	at org.apache.hadoop.ozone.protocolPB.OzoneManagerProtocolServerSideTranslatorPB.processRequest(OzoneManagerProtocolServerSideTranslatorPB.java:175) ~[ozone-manager-1.3.0-SNAPSHOT.jar:?]
	at org.apache.hadoop.hdds.server.OzoneProtocolMessageDispatcher.processRequest(OzoneProtocolMessageDispatcher.java:87) [hdds-server-framework-1.3.0-SNAPSHOT.jar:?]
	at org.apache.hadoop.ozone.protocolPB.OzoneManagerProtocolServerSideTranslatorPB.submitRequest(OzoneManagerProtocolServerSideTranslatorPB.java:147) [ozone-manager-1.3.0-SNAPSHOT.jar:?]
	at org.apache.hadoop.ozone.protocol.proto.OzoneManagerProtocolProtos$OzoneManagerService$2.callBlockingMethod(OzoneManagerProtocolProtos.java) [ozone-interface-client-1.3.0-SNAPSHOT.jar:?]
	at org.apache.hadoop.ipc.ProtobufRpcEngine$Server.processCall(ProtobufRpcEngine.java:466) [hadoop-common-3.3.1.jar:?]
	at org.apache.hadoop.ipc.ProtobufRpcEngine2$Server$ProtoBufRpcInvoker.call(ProtobufRpcEngine2.java:574) [hadoop-common-3.3.1.jar:?]
	at org.apache.hadoop.ipc.ProtobufRpcEngine2$Server$ProtoBufRpcInvoker.call(ProtobufRpcEngine2.java:552) [hadoop-common-3.3.1.jar:?]
	at org.apache.hadoop.ipc.RPC$Server.call(RPC.java:1093) [hadoop-common-3.3.1.jar:?]
	at org.apache.hadoop.ipc.Server$RpcCall.run(Server.java:1035) [hadoop-common-3.3.1.jar:?]
	at org.apache.hadoop.ipc.Server$RpcCall.run(Server.java:963) [hadoop-common-3.3.1.jar:?]
	at java.security.AccessController.doPrivileged(Native Method) ~[?:1.8.0_332]
	at javax.security.auth.Subject.doAs(Subject.java:422) [?:1.8.0_332]
	at org.apache.hadoop.security.UserGroupInformation.doAs(UserGroupInformation.java:1878) [hadoop-common-3.3.1.jar:?]
	at org.apache.hadoop.ipc.Server$Handler.run(Server.java:2966) [hadoop-common-3.3.1.jar:?]
2022-07-27 13:49:19,469 [Time-limited test] INFO  rpc.RpcClient (RpcClient.java:createBucket(670)) - Creating Bucket: volume92651/trashroottest2, with bucket layout LEGACY, runner as owner, Versioning false, Storage Type set to DISK and Encryption set to false 
2022-07-27 13:49:19,471 [OM StateMachine ApplyTransaction Thread - 0] INFO  bucket.OMBucketCreateRequest (OMBucketCreateRequest.java:validateAndUpdateCache(260)) - created bucket: trashroottest2 of layout LEGACY in volume: volume92651
13:49:19.538 [IPC Server handler 17 on default port 44975] ERROR OMAudit - user=runner | ip=127.0.0.1 | op=GET_FILE_STATUS {volume=8b3bae70-1ef5-4670-8b2a-41ff095bc3ab, bucket=0abf774a-2917-444b-9d39-adb158dd3462, key=.Trash/runner, dataSize=0, replicationConfig=null} | ret=FAILURE
org.apache.hadoop.ozone.om.exceptions.OMException: Unable to get file status: volume: 8b3bae70-1ef5-4670-8b2a-41ff095bc3ab bucket: 0abf774a-2917-444b-9d39-adb158dd3462 key: .Trash/runner
	at org.apache.hadoop.ozone.om.KeyManagerImpl.getOzoneFileStatus(KeyManagerImpl.java:1311) ~[ozone-manager-1.3.0-SNAPSHOT.jar:?]
	at org.apache.hadoop.ozone.om.KeyManagerImpl.getFileStatus(KeyManagerImpl.java:1241) ~[ozone-manager-1.3.0-SNAPSHOT.jar:?]
	at org.apache.hadoop.ozone.om.OzoneManager.getFileStatus(OzoneManager.java:3467) ~[ozone-manager-1.3.0-SNAPSHOT.jar:?]
	at org.apache.hadoop.ozone.protocolPB.OzoneManagerRequestHandler.getOzoneFileStatus(OzoneManagerRequestHandler.java:878) ~[ozone-manager-1.3.0-SNAPSHOT.jar:?]
	at org.apache.hadoop.ozone.protocolPB.OzoneManagerRequestHandler.handleReadRequest(OzoneManagerRequestHandler.java:224) ~[ozone-manager-1.3.0-SNAPSHOT.jar:?]
	at org.apache.hadoop.ozone.protocolPB.OzoneManagerProtocolServerSideTranslatorPB.submitReadRequestToOM(OzoneManagerProtocolServerSideTranslatorPB.java:226) ~[ozone-manager-1.3.0-SNAPSHOT.jar:?]
	at org.apache.hadoop.ozone.protocolPB.OzoneManagerProtocolServerSideTranslatorPB.processRequest(OzoneManagerProtocolServerSideTranslatorPB.java:175) ~[ozone-manager-1.3.0-SNAPSHOT.jar:?]
	at org.apache.hadoop.hdds.server.OzoneProtocolMessageDispatcher.processRequest(OzoneProtocolMessageDispatcher.java:87) [hdds-server-framework-1.3.0-SNAPSHOT.jar:?]
	at org.apache.hadoop.ozone.protocolPB.OzoneManagerProtocolServerSideTranslatorPB.submitRequest(OzoneManagerProtocolServerSideTranslatorPB.java:147) [ozone-manager-1.3.0-SNAPSHOT.jar:?]
	at org.apache.hadoop.ozone.protocol.proto.OzoneManagerProtocolProtos$OzoneManagerService$2.callBlockingMethod(OzoneManagerProtocolProtos.java) [ozone-interface-client-1.3.0-SNAPSHOT.jar:?]
	at org.apache.hadoop.ipc.ProtobufRpcEngine$Server.processCall(ProtobufRpcEngine.java:466) [hadoop-common-3.3.1.jar:?]
	at org.apache.hadoop.ipc.ProtobufRpcEngine2$Server$ProtoBufRpcInvoker.call(ProtobufRpcEngine2.java:574) [hadoop-common-3.3.1.jar:?]
	at org.apache.hadoop.ipc.ProtobufRpcEngine2$Server$ProtoBufRpcInvoker.call(ProtobufRpcEngine2.java:552) [hadoop-common-3.3.1.jar:?]
	at org.apache.hadoop.ipc.RPC$Server.call(RPC.java:1093) [hadoop-common-3.3.1.jar:?]
	at org.apache.hadoop.ipc.Server$RpcCall.run(Server.java:1035) [hadoop-common-3.3.1.jar:?]
	at org.apache.hadoop.ipc.Server$RpcCall.run(Server.java:963) [hadoop-common-3.3.1.jar:?]
	at java.security.AccessController.doPrivileged(Native Method) ~[?:1.8.0_332]
	at javax.security.auth.Subject.doAs(Subject.java:422) [?:1.8.0_332]
	at org.apache.hadoop.security.UserGroupInformation.doAs(UserGroupInformation.java:1878) [hadoop-common-3.3.1.jar:?]
	at org.apache.hadoop.ipc.Server$Handler.run(Server.java:2966) [hadoop-common-3.3.1.jar:?]
13:49:19.555 [IPC Server handler 0 on default port 44975] ERROR OMAudit - user=runner | ip=127.0.0.1 | op=GET_FILE_STATUS {volume=8b3bae70-1ef5-4670-8b2a-41ff095bc3ab, bucket=0abf774a-2917-444b-9d39-adb158dd3462, key=.Trash, dataSize=0, replicationConfig=null} | ret=FAILURE
org.apache.hadoop.ozone.om.exceptions.OMException: Unable to get file status: volume: 8b3bae70-1ef5-4670-8b2a-41ff095bc3ab bucket: 0abf774a-2917-444b-9d39-adb158dd3462 key: .Trash
	at org.apache.hadoop.ozone.om.KeyManagerImpl.getOzoneFileStatus(KeyManagerImpl.java:1311) ~[ozone-manager-1.3.0-SNAPSHOT.jar:?]
	at org.apache.hadoop.ozone.om.KeyManagerImpl.getFileStatus(KeyManagerImpl.java:1241) ~[ozone-manager-1.3.0-SNAPSHOT.jar:?]
	at org.apache.hadoop.ozone.om.OzoneManager.getFileStatus(OzoneManager.java:3467) ~[ozone-manager-1.3.0-SNAPSHOT.jar:?]
	at org.apache.hadoop.ozone.protocolPB.OzoneManagerRequestHandler.getOzoneFileStatus(OzoneManagerRequestHandler.java:878) ~[ozone-manager-1.3.0-SNAPSHOT.jar:?]
	at org.apache.hadoop.ozone.protocolPB.OzoneManagerRequestHandler.handleReadRequest(OzoneManagerRequestHandler.java:224) ~[ozone-manager-1.3.0-SNAPSHOT.jar:?]
	at org.apache.hadoop.ozone.protocolPB.OzoneManagerProtocolServerSideTranslatorPB.submitReadRequestToOM(OzoneManagerProtocolServerSideTranslatorPB.java:226) ~[ozone-manager-1.3.0-SNAPSHOT.jar:?]
	at org.apache.hadoop.ozone.protocolPB.OzoneManagerProtocolServerSideTranslatorPB.processRequest(OzoneManagerProtocolServerSideTranslatorPB.java:175) ~[ozone-manager-1.3.0-SNAPSHOT.jar:?]
	at org.apache.hadoop.hdds.server.OzoneProtocolMessageDispatcher.processRequest(OzoneProtocolMessageDispatcher.java:87) [hdds-server-framework-1.3.0-SNAPSHOT.jar:?]
	at org.apache.hadoop.ozone.protocolPB.OzoneManagerProtocolServerSideTranslatorPB.submitRequest(OzoneManagerProtocolServerSideTranslatorPB.java:147) [ozone-manager-1.3.0-SNAPSHOT.jar:?]
	at org.apache.hadoop.ozone.protocol.proto.OzoneManagerProtocolProtos$OzoneManagerService$2.callBlockingMethod(OzoneManagerProtocolProtos.java) [ozone-interface-client-1.3.0-SNAPSHOT.jar:?]
	at org.apache.hadoop.ipc.ProtobufRpcEngine$Server.processCall(ProtobufRpcEngine.java:466) [hadoop-common-3.3.1.jar:?]
	at org.apache.hadoop.ipc.ProtobufRpcEngine2$Server$ProtoBufRpcInvoker.call(ProtobufRpcEngine2.java:574) [hadoop-common-3.3.1.jar:?]
	at org.apache.hadoop.ipc.ProtobufRpcEngine2$Server$ProtoBufRpcInvoker.call(ProtobufRpcEngine2.java:552) [hadoop-common-3.3.1.jar:?]
	at org.apache.hadoop.ipc.RPC$Server.call(RPC.java:1093) [hadoop-common-3.3.1.jar:?]
	at org.apache.hadoop.ipc.Server$RpcCall.run(Server.java:1035) [hadoop-common-3.3.1.jar:?]
	at org.apache.hadoop.ipc.Server$RpcCall.run(Server.java:963) [hadoop-common-3.3.1.jar:?]
	at java.security.AccessController.doPrivileged(Native Method) ~[?:1.8.0_332]
	at javax.security.auth.Subject.doAs(Subject.java:422) [?:1.8.0_332]
	at org.apache.hadoop.security.UserGroupInformation.doAs(UserGroupInformation.java:1878) [hadoop-common-3.3.1.jar:?]
	at org.apache.hadoop.ipc.Server$Handler.run(Server.java:2966) [hadoop-common-3.3.1.jar:?]
13:49:19.592 [IPC Server handler 14 on default port 44975] ERROR OMAudit - user=runner | ip=127.0.0.1 | op=GET_FILE_STATUS {volume=8b3bae70-1ef5-4670-8b2a-41ff095bc3ab, bucket=0abf774a-2917-444b-9d39-adb158dd3462, key=.Trash/runner, dataSize=0, replicationConfig=null} | ret=FAILURE
org.apache.hadoop.ozone.om.exceptions.OMException: Unable to get file status: volume: 8b3bae70-1ef5-4670-8b2a-41ff095bc3ab bucket: 0abf774a-2917-444b-9d39-adb158dd3462 key: .Trash/runner
	at org.apache.hadoop.ozone.om.KeyManagerImpl.getOzoneFileStatus(KeyManagerImpl.java:1311) ~[ozone-manager-1.3.0-SNAPSHOT.jar:?]
	at org.apache.hadoop.ozone.om.KeyManagerImpl.getFileStatus(KeyManagerImpl.java:1241) ~[ozone-manager-1.3.0-SNAPSHOT.jar:?]
	at org.apache.hadoop.ozone.om.OzoneManager.getFileStatus(OzoneManager.java:3467) ~[ozone-manager-1.3.0-SNAPSHOT.jar:?]
	at org.apache.hadoop.ozone.protocolPB.OzoneManagerRequestHandler.getOzoneFileStatus(OzoneManagerRequestHandler.java:878) ~[ozone-manager-1.3.0-SNAPSHOT.jar:?]
	at org.apache.hadoop.ozone.protocolPB.OzoneManagerRequestHandler.handleReadRequest(OzoneManagerRequestHandler.java:224) ~[ozone-manager-1.3.0-SNAPSHOT.jar:?]
	at org.apache.hadoop.ozone.protocolPB.OzoneManagerProtocolServerSideTranslatorPB.submitReadRequestToOM(OzoneManagerProtocolServerSideTranslatorPB.java:226) ~[ozone-manager-1.3.0-SNAPSHOT.jar:?]
	at org.apache.hadoop.ozone.protocolPB.OzoneManagerProtocolServerSideTranslatorPB.processRequest(OzoneManagerProtocolServerSideTranslatorPB.java:175) ~[ozone-manager-1.3.0-SNAPSHOT.jar:?]
	at org.apache.hadoop.hdds.server.OzoneProtocolMessageDispatcher.processRequest(OzoneProtocolMessageDispatcher.java:87) [hdds-server-framework-1.3.0-SNAPSHOT.jar:?]
	at org.apache.hadoop.ozone.protocolPB.OzoneManagerProtocolServerSideTranslatorPB.submitRequest(OzoneManagerProtocolServerSideTranslatorPB.java:147) [ozone-manager-1.3.0-SNAPSHOT.jar:?]
	at org.apache.hadoop.ozone.protocol.proto.OzoneManagerProtocolProtos$OzoneManagerService$2.callBlockingMethod(OzoneManagerProtocolProtos.java) [ozone-interface-client-1.3.0-SNAPSHOT.jar:?]
	at org.apache.hadoop.ipc.ProtobufRpcEngine$Server.processCall(ProtobufRpcEngine.java:466) [hadoop-common-3.3.1.jar:?]
	at org.apache.hadoop.ipc.ProtobufRpcEngine2$Server$ProtoBufRpcInvoker.call(ProtobufRpcEngine2.java:574) [hadoop-common-3.3.1.jar:?]
	at org.apache.hadoop.ipc.ProtobufRpcEngine2$Server$ProtoBufRpcInvoker.call(ProtobufRpcEngine2.java:552) [hadoop-common-3.3.1.jar:?]
	at org.apache.hadoop.ipc.RPC$Server.call(RPC.java:1093) [hadoop-common-3.3.1.jar:?]
	at org.apache.hadoop.ipc.Server$RpcCall.run(Server.java:1035) [hadoop-common-3.3.1.jar:?]
	at org.apache.hadoop.ipc.Server$RpcCall.run(Server.java:963) [hadoop-common-3.3.1.jar:?]
	at java.security.AccessController.doPrivileged(Native Method) ~[?:1.8.0_332]
	at javax.security.auth.Subject.doAs(Subject.java:422) [?:1.8.0_332]
	at org.apache.hadoop.security.UserGroupInformation.doAs(UserGroupInformation.java:1878) [hadoop-common-3.3.1.jar:?]
	at org.apache.hadoop.ipc.Server$Handler.run(Server.java:2966) [hadoop-common-3.3.1.jar:?]
13:49:19.608 [IPC Server handler 10 on default port 44975] ERROR OMAudit - user=runner | ip=127.0.0.1 | op=GET_FILE_STATUS {volume=8b3bae70-1ef5-4670-8b2a-41ff095bc3ab, bucket=0abf774a-2917-444b-9d39-adb158dd3462, key=.Trash, dataSize=0, replicationConfig=null} | ret=FAILURE
org.apache.hadoop.ozone.om.exceptions.OMException: Unable to get file status: volume: 8b3bae70-1ef5-4670-8b2a-41ff095bc3ab bucket: 0abf774a-2917-444b-9d39-adb158dd3462 key: .Trash
	at org.apache.hadoop.ozone.om.KeyManagerImpl.getOzoneFileStatus(KeyManagerImpl.java:1311) ~[ozone-manager-1.3.0-SNAPSHOT.jar:?]
	at org.apache.hadoop.ozone.om.KeyManagerImpl.getFileStatus(KeyManagerImpl.java:1241) ~[ozone-manager-1.3.0-SNAPSHOT.jar:?]
	at org.apache.hadoop.ozone.om.OzoneManager.getFileStatus(OzoneManager.java:3467) ~[ozone-manager-1.3.0-SNAPSHOT.jar:?]
	at org.apache.hadoop.ozone.protocolPB.OzoneManagerRequestHandler.getOzoneFileStatus(OzoneManagerRequestHandler.java:878) ~[ozone-manager-1.3.0-SNAPSHOT.jar:?]
	at org.apache.hadoop.ozone.protocolPB.OzoneManagerRequestHandler.handleReadRequest(OzoneManagerRequestHandler.java:224) ~[ozone-manager-1.3.0-SNAPSHOT.jar:?]
	at org.apache.hadoop.ozone.protocolPB.OzoneManagerProtocolServerSideTranslatorPB.submitReadRequestToOM(OzoneManagerProtocolServerSideTranslatorPB.java:226) ~[ozone-manager-1.3.0-SNAPSHOT.jar:?]
	at org.apache.hadoop.ozone.protocolPB.OzoneManagerProtocolServerSideTranslatorPB.processRequest(OzoneManagerProtocolServerSideTranslatorPB.java:175) ~[ozone-manager-1.3.0-SNAPSHOT.jar:?]
	at org.apache.hadoop.hdds.server.OzoneProtocolMessageDispatcher.processRequest(OzoneProtocolMessageDispatcher.java:87) [hdds-server-framework-1.3.0-SNAPSHOT.jar:?]
	at org.apache.hadoop.ozone.protocolPB.OzoneManagerProtocolServerSideTranslatorPB.submitRequest(OzoneManagerProtocolServerSideTranslatorPB.java:147) [ozone-manager-1.3.0-SNAPSHOT.jar:?]
	at org.apache.hadoop.ozone.protocol.proto.OzoneManagerProtocolProtos$OzoneManagerService$2.callBlockingMethod(OzoneManagerProtocolProtos.java) [ozone-interface-client-1.3.0-SNAPSHOT.jar:?]
	at org.apache.hadoop.ipc.ProtobufRpcEngine$Server.processCall(ProtobufRpcEngine.java:466) [hadoop-common-3.3.1.jar:?]
	at org.apache.hadoop.ipc.ProtobufRpcEngine2$Server$ProtoBufRpcInvoker.call(ProtobufRpcEngine2.java:574) [hadoop-common-3.3.1.jar:?]
	at org.apache.hadoop.ipc.ProtobufRpcEngine2$Server$ProtoBufRpcInvoker.call(ProtobufRpcEngine2.java:552) [hadoop-common-3.3.1.jar:?]
	at org.apache.hadoop.ipc.RPC$Server.call(RPC.java:1093) [hadoop-common-3.3.1.jar:?]
	at org.apache.hadoop.ipc.Server$RpcCall.run(Server.java:1035) [hadoop-common-3.3.1.jar:?]
	at org.apache.hadoop.ipc.Server$RpcCall.run(Server.java:963) [hadoop-common-3.3.1.jar:?]
	at java.security.AccessController.doPrivileged(Native Method) ~[?:1.8.0_332]
	at javax.security.auth.Subject.doAs(Subject.java:422) [?:1.8.0_332]
	at org.apache.hadoop.security.UserGroupInformation.doAs(UserGroupInformation.java:1878) [hadoop-common-3.3.1.jar:?]
	at org.apache.hadoop.ipc.Server$Handler.run(Server.java:2966) [hadoop-common-3.3.1.jar:?]
2022-07-27 13:49:19,638 [Time-limited test] INFO  rpc.RpcClient (RpcClient.java:createVolume(467)) - Creating Volume: volume07373, with user88973 as owner and space quota set to -1 bytes, counts quota set to -1
2022-07-27 13:49:19,642 [OM StateMachine ApplyTransaction Thread - 0] INFO  volume.OMVolumeCreateRequest (OMVolumeCreateRequest.java:validateAndUpdateCache(195)) - created volume:volume07373 for user:user88973
2022-07-27 13:49:19,645 [Time-limited test] INFO  rpc.RpcClient (RpcClient.java:createBucket(670)) - Creating Bucket: volume07373/bucket09731, with bucket layout LEGACY, runner as owner, Versioning false, Storage Type set to DISK and Encryption set to false 
2022-07-27 13:49:19,647 [OM StateMachine ApplyTransaction Thread - 0] INFO  bucket.OMBucketCreateRequest (OMBucketCreateRequest.java:validateAndUpdateCache(260)) - created bucket: bucket09731 of layout LEGACY in volume: volume07373
13:49:19.662 [IPC Server handler 15 on default port 44975] ERROR OMAudit - user=runner | ip=127.0.0.1 | op=GET_FILE_STATUS {volume=8b3bae70-1ef5-4670-8b2a-41ff095bc3ab, bucket=0abf774a-2917-444b-9d39-adb158dd3462, key=.Trash/runner, dataSize=0, replicationConfig=null} | ret=FAILURE
org.apache.hadoop.ozone.om.exceptions.OMException: Unable to get file status: volume: 8b3bae70-1ef5-4670-8b2a-41ff095bc3ab bucket: 0abf774a-2917-444b-9d39-adb158dd3462 key: .Trash/runner
	at org.apache.hadoop.ozone.om.KeyManagerImpl.getOzoneFileStatus(KeyManagerImpl.java:1311) ~[ozone-manager-1.3.0-SNAPSHOT.jar:?]
	at org.apache.hadoop.ozone.om.KeyManagerImpl.getFileStatus(KeyManagerImpl.java:1241) ~[ozone-manager-1.3.0-SNAPSHOT.jar:?]
	at org.apache.hadoop.ozone.om.OzoneManager.getFileStatus(OzoneManager.java:3467) ~[ozone-manager-1.3.0-SNAPSHOT.jar:?]
	at org.apache.hadoop.ozone.protocolPB.OzoneManagerRequestHandler.getOzoneFileStatus(OzoneManagerRequestHandler.java:878) ~[ozone-manager-1.3.0-SNAPSHOT.jar:?]
	at org.apache.hadoop.ozone.protocolPB.OzoneManagerRequestHandler.handleReadRequest(OzoneManagerRequestHandler.java:224) ~[ozone-manager-1.3.0-SNAPSHOT.jar:?]
	at org.apache.hadoop.ozone.protocolPB.OzoneManagerProtocolServerSideTranslatorPB.submitReadRequestToOM(OzoneManagerProtocolServerSideTranslatorPB.java:226) ~[ozone-manager-1.3.0-SNAPSHOT.jar:?]
	at org.apache.hadoop.ozone.protocolPB.OzoneManagerProtocolServerSideTranslatorPB.processRequest(OzoneManagerProtocolServerSideTranslatorPB.java:175) ~[ozone-manager-1.3.0-SNAPSHOT.jar:?]
	at org.apache.hadoop.hdds.server.OzoneProtocolMessageDispatcher.processRequest(OzoneProtocolMessageDispatcher.java:87) [hdds-server-framework-1.3.0-SNAPSHOT.jar:?]
	at org.apache.hadoop.ozone.protocolPB.OzoneManagerProtocolServerSideTranslatorPB.submitRequest(OzoneManagerProtocolServerSideTranslatorPB.java:147) [ozone-manager-1.3.0-SNAPSHOT.jar:?]
	at org.apache.hadoop.ozone.protocol.proto.OzoneManagerProtocolProtos$OzoneManagerService$2.callBlockingMethod(OzoneManagerProtocolProtos.java) [ozone-interface-client-1.3.0-SNAPSHOT.jar:?]
	at org.apache.hadoop.ipc.ProtobufRpcEngine$Server.processCall(ProtobufRpcEngine.java:466) [hadoop-common-3.3.1.jar:?]
	at org.apache.hadoop.ipc.ProtobufRpcEngine2$Server$ProtoBufRpcInvoker.call(ProtobufRpcEngine2.java:574) [hadoop-common-3.3.1.jar:?]
	at org.apache.hadoop.ipc.ProtobufRpcEngine2$Server$ProtoBufRpcInvoker.call(ProtobufRpcEngine2.java:552) [hadoop-common-3.3.1.jar:?]
	at org.apache.hadoop.ipc.RPC$Server.call(RPC.java:1093) [hadoop-common-3.3.1.jar:?]
	at org.apache.hadoop.ipc.Server$RpcCall.run(Server.java:1035) [hadoop-common-3.3.1.jar:?]
	at org.apache.hadoop.ipc.Server$RpcCall.run(Server.java:963) [hadoop-common-3.3.1.jar:?]
	at java.security.AccessController.doPrivileged(Native Method) ~[?:1.8.0_332]
	at javax.security.auth.Subject.doAs(Subject.java:422) [?:1.8.0_332]
	at org.apache.hadoop.security.UserGroupInformation.doAs(UserGroupInformation.java:1878) [hadoop-common-3.3.1.jar:?]
	at org.apache.hadoop.ipc.Server$Handler.run(Server.java:2966) [hadoop-common-3.3.1.jar:?]
13:49:19.686 [IPC Server handler 7 on default port 44975] ERROR OMAudit - user=runner | ip=127.0.0.1 | op=GET_FILE_STATUS {volume=8b3bae70-1ef5-4670-8b2a-41ff095bc3ab, bucket=0abf774a-2917-444b-9d39-adb158dd3462, key=.Trash, dataSize=0, replicationConfig=null} | ret=FAILURE
org.apache.hadoop.ozone.om.exceptions.OMException: Unable to get file status: volume: 8b3bae70-1ef5-4670-8b2a-41ff095bc3ab bucket: 0abf774a-2917-444b-9d39-adb158dd3462 key: .Trash
	at org.apache.hadoop.ozone.om.KeyManagerImpl.getOzoneFileStatus(KeyManagerImpl.java:1311) ~[ozone-manager-1.3.0-SNAPSHOT.jar:?]
	at org.apache.hadoop.ozone.om.KeyManagerImpl.getFileStatus(KeyManagerImpl.java:1241) ~[ozone-manager-1.3.0-SNAPSHOT.jar:?]
	at org.apache.hadoop.ozone.om.OzoneManager.getFileStatus(OzoneManager.java:3467) ~[ozone-manager-1.3.0-SNAPSHOT.jar:?]
	at org.apache.hadoop.ozone.protocolPB.OzoneManagerRequestHandler.getOzoneFileStatus(OzoneManagerRequestHandler.java:878) ~[ozone-manager-1.3.0-SNAPSHOT.jar:?]
	at org.apache.hadoop.ozone.protocolPB.OzoneManagerRequestHandler.handleReadRequest(OzoneManagerRequestHandler.java:224) ~[ozone-manager-1.3.0-SNAPSHOT.jar:?]
	at org.apache.hadoop.ozone.protocolPB.OzoneManagerProtocolServerSideTranslatorPB.submitReadRequestToOM(OzoneManagerProtocolServerSideTranslatorPB.java:226) ~[ozone-manager-1.3.0-SNAPSHOT.jar:?]
	at org.apache.hadoop.ozone.protocolPB.OzoneManagerProtocolServerSideTranslatorPB.processRequest(OzoneManagerProtocolServerSideTranslatorPB.java:175) ~[ozone-manager-1.3.0-SNAPSHOT.jar:?]
	at org.apache.hadoop.hdds.server.OzoneProtocolMessageDispatcher.processRequest(OzoneProtocolMessageDispatcher.java:87) [hdds-server-framework-1.3.0-SNAPSHOT.jar:?]
	at org.apache.hadoop.ozone.protocolPB.OzoneManagerProtocolServerSideTranslatorPB.submitRequest(OzoneManagerProtocolServerSideTranslatorPB.java:147) [ozone-manager-1.3.0-SNAPSHOT.jar:?]
	at org.apache.hadoop.ozone.protocol.proto.OzoneManagerProtocolProtos$OzoneManagerService$2.callBlockingMethod(OzoneManagerProtocolProtos.java) [ozone-interface-client-1.3.0-SNAPSHOT.jar:?]
	at org.apache.hadoop.ipc.ProtobufRpcEngine$Server.processCall(ProtobufRpcEngine.java:466) [hadoop-common-3.3.1.jar:?]
	at org.apache.hadoop.ipc.ProtobufRpcEngine2$Server$ProtoBufRpcInvoker.call(ProtobufRpcEngine2.java:574) [hadoop-common-3.3.1.jar:?]
	at org.apache.hadoop.ipc.ProtobufRpcEngine2$Server$ProtoBufRpcInvoker.call(ProtobufRpcEngine2.java:552) [hadoop-common-3.3.1.jar:?]
	at org.apache.hadoop.ipc.RPC$Server.call(RPC.java:1093) [hadoop-common-3.3.1.jar:?]
	at org.apache.hadoop.ipc.Server$RpcCall.run(Server.java:1035) [hadoop-common-3.3.1.jar:?]
	at org.apache.hadoop.ipc.Server$RpcCall.run(Server.java:963) [hadoop-common-3.3.1.jar:?]
	at java.security.AccessController.doPrivileged(Native Method) ~[?:1.8.0_332]
	at javax.security.auth.Subject.doAs(Subject.java:422) [?:1.8.0_332]
	at org.apache.hadoop.security.UserGroupInformation.doAs(UserGroupInformation.java:1878) [hadoop-common-3.3.1.jar:?]
	at org.apache.hadoop.ipc.Server$Handler.run(Server.java:2966) [hadoop-common-3.3.1.jar:?]
13:49:19.721 [IPC Server handler 16 on default port 44975] ERROR OMAudit - user=runner | ip=127.0.0.1 | op=GET_FILE_STATUS {volume=8b3bae70-1ef5-4670-8b2a-41ff095bc3ab, bucket=0abf774a-2917-444b-9d39-adb158dd3462, key=.Trash/runner, dataSize=0, replicationConfig=null} | ret=FAILURE
org.apache.hadoop.ozone.om.exceptions.OMException: Unable to get file status: volume: 8b3bae70-1ef5-4670-8b2a-41ff095bc3ab bucket: 0abf774a-2917-444b-9d39-adb158dd3462 key: .Trash/runner
	at org.apache.hadoop.ozone.om.KeyManagerImpl.getOzoneFileStatus(KeyManagerImpl.java:1311) ~[ozone-manager-1.3.0-SNAPSHOT.jar:?]
	at org.apache.hadoop.ozone.om.KeyManagerImpl.getFileStatus(KeyManagerImpl.java:1241) ~[ozone-manager-1.3.0-SNAPSHOT.jar:?]
	at org.apache.hadoop.ozone.om.OzoneManager.getFileStatus(OzoneManager.java:3467) ~[ozone-manager-1.3.0-SNAPSHOT.jar:?]
	at org.apache.hadoop.ozone.protocolPB.OzoneManagerRequestHandler.getOzoneFileStatus(OzoneManagerRequestHandler.java:878) ~[ozone-manager-1.3.0-SNAPSHOT.jar:?]
	at org.apache.hadoop.ozone.protocolPB.OzoneManagerRequestHandler.handleReadRequest(OzoneManagerRequestHandler.java:224) ~[ozone-manager-1.3.0-SNAPSHOT.jar:?]
	at org.apache.hadoop.ozone.protocolPB.OzoneManagerProtocolServerSideTranslatorPB.submitReadRequestToOM(OzoneManagerProtocolServerSideTranslatorPB.java:226) ~[ozone-manager-1.3.0-SNAPSHOT.jar:?]
	at org.apache.hadoop.ozone.protocolPB.OzoneManagerProtocolServerSideTranslatorPB.processRequest(OzoneManagerProtocolServerSideTranslatorPB.java:175) ~[ozone-manager-1.3.0-SNAPSHOT.jar:?]
	at org.apache.hadoop.hdds.server.OzoneProtocolMessageDispatcher.processRequest(OzoneProtocolMessageDispatcher.java:87) [hdds-server-framework-1.3.0-SNAPSHOT.jar:?]
	at org.apache.hadoop.ozone.protocolPB.OzoneManagerProtocolServerSideTranslatorPB.submitRequest(OzoneManagerProtocolServerSideTranslatorPB.java:147) [ozone-manager-1.3.0-SNAPSHOT.jar:?]
	at org.apache.hadoop.ozone.protocol.proto.OzoneManagerProtocolProtos$OzoneManagerService$2.callBlockingMethod(OzoneManagerProtocolProtos.java) [ozone-interface-client-1.3.0-SNAPSHOT.jar:?]
	at org.apache.hadoop.ipc.ProtobufRpcEngine$Server.processCall(ProtobufRpcEngine.java:466) [hadoop-common-3.3.1.jar:?]
	at org.apache.hadoop.ipc.ProtobufRpcEngine2$Server$ProtoBufRpcInvoker.call(ProtobufRpcEngine2.java:574) [hadoop-common-3.3.1.jar:?]
	at org.apache.hadoop.ipc.ProtobufRpcEngine2$Server$ProtoBufRpcInvoker.call(ProtobufRpcEngine2.java:552) [hadoop-common-3.3.1.jar:?]
	at org.apache.hadoop.ipc.RPC$Server.call(RPC.java:1093) [hadoop-common-3.3.1.jar:?]
	at org.apache.hadoop.ipc.Server$RpcCall.run(Server.java:1035) [hadoop-common-3.3.1.jar:?]
	at org.apache.hadoop.ipc.Server$RpcCall.run(Server.java:963) [hadoop-common-3.3.1.jar:?]
	at java.security.AccessController.doPrivileged(Native Method) ~[?:1.8.0_332]
	at javax.security.auth.Subject.doAs(Subject.java:422) [?:1.8.0_332]
	at org.apache.hadoop.security.UserGroupInformation.doAs(UserGroupInformation.java:1878) [hadoop-common-3.3.1.jar:?]
	at org.apache.hadoop.ipc.Server$Handler.run(Server.java:2966) [hadoop-common-3.3.1.jar:?]
13:49:19.753 [IPC Server handler 9 on default port 44975] ERROR OMAudit - user=runner | ip=127.0.0.1 | op=GET_FILE_STATUS {volume=8b3bae70-1ef5-4670-8b2a-41ff095bc3ab, bucket=0abf774a-2917-444b-9d39-adb158dd3462, key=.Trash, dataSize=0, replicationConfig=null} | ret=FAILURE
org.apache.hadoop.ozone.om.exceptions.OMException: Unable to get file status: volume: 8b3bae70-1ef5-4670-8b2a-41ff095bc3ab bucket: 0abf774a-2917-444b-9d39-adb158dd3462 key: .Trash
	at org.apache.hadoop.ozone.om.KeyManagerImpl.getOzoneFileStatus(KeyManagerImpl.java:1311) ~[ozone-manager-1.3.0-SNAPSHOT.jar:?]
	at org.apache.hadoop.ozone.om.KeyManagerImpl.getFileStatus(KeyManagerImpl.java:1241) ~[ozone-manager-1.3.0-SNAPSHOT.jar:?]
	at org.apache.hadoop.ozone.om.OzoneManager.getFileStatus(OzoneManager.java:3467) ~[ozone-manager-1.3.0-SNAPSHOT.jar:?]
	at org.apache.hadoop.ozone.protocolPB.OzoneManagerRequestHandler.getOzoneFileStatus(OzoneManagerRequestHandler.java:878) ~[ozone-manager-1.3.0-SNAPSHOT.jar:?]
	at org.apache.hadoop.ozone.protocolPB.OzoneManagerRequestHandler.handleReadRequest(OzoneManagerRequestHandler.java:224) ~[ozone-manager-1.3.0-SNAPSHOT.jar:?]
	at org.apache.hadoop.ozone.protocolPB.OzoneManagerProtocolServerSideTranslatorPB.submitReadRequestToOM(OzoneManagerProtocolServerSideTranslatorPB.java:226) ~[ozone-manager-1.3.0-SNAPSHOT.jar:?]
	at org.apache.hadoop.ozone.protocolPB.OzoneManagerProtocolServerSideTranslatorPB.processRequest(OzoneManagerProtocolServerSideTranslatorPB.java:175) ~[ozone-manager-1.3.0-SNAPSHOT.jar:?]
	at org.apache.hadoop.hdds.server.OzoneProtocolMessageDispatcher.processRequest(OzoneProtocolMessageDispatcher.java:87) [hdds-server-framework-1.3.0-SNAPSHOT.jar:?]
	at org.apache.hadoop.ozone.protocolPB.OzoneManagerProtocolServerSideTranslatorPB.submitRequest(OzoneManagerProtocolServerSideTranslatorPB.java:147) [ozone-manager-1.3.0-SNAPSHOT.jar:?]
	at org.apache.hadoop.ozone.protocol.proto.OzoneManagerProtocolProtos$OzoneManagerService$2.callBlockingMethod(OzoneManagerProtocolProtos.java) [ozone-interface-client-1.3.0-SNAPSHOT.jar:?]
	at org.apache.hadoop.ipc.ProtobufRpcEngine$Server.processCall(ProtobufRpcEngine.java:466) [hadoop-common-3.3.1.jar:?]
	at org.apache.hadoop.ipc.ProtobufRpcEngine2$Server$ProtoBufRpcInvoker.call(ProtobufRpcEngine2.java:574) [hadoop-common-3.3.1.jar:?]
	at org.apache.hadoop.ipc.ProtobufRpcEngine2$Server$ProtoBufRpcInvoker.call(ProtobufRpcEngine2.java:552) [hadoop-common-3.3.1.jar:?]
	at org.apache.hadoop.ipc.RPC$Server.call(RPC.java:1093) [hadoop-common-3.3.1.jar:?]
	at org.apache.hadoop.ipc.Server$RpcCall.run(Server.java:1035) [hadoop-common-3.3.1.jar:?]
	at org.apache.hadoop.ipc.Server$RpcCall.run(Server.java:963) [hadoop-common-3.3.1.jar:?]
	at java.security.AccessController.doPrivileged(Native Method) ~[?:1.8.0_332]
	at javax.security.auth.Subject.doAs(Subject.java:422) [?:1.8.0_332]
	at org.apache.hadoop.security.UserGroupInformation.doAs(UserGroupInformation.java:1878) [hadoop-common-3.3.1.jar:?]
	at org.apache.hadoop.ipc.Server$Handler.run(Server.java:2966) [hadoop-common-3.3.1.jar:?]
13:49:19.788 [IPC Server handler 0 on default port 44975] ERROR OMAudit - user=runner | ip=127.0.0.1 | op=GET_FILE_STATUS {volume=8b3bae70-1ef5-4670-8b2a-41ff095bc3ab, bucket=0abf774a-2917-444b-9d39-adb158dd3462, key=.Trash/runner, dataSize=0, replicationConfig=null} | ret=FAILURE
org.apache.hadoop.ozone.om.exceptions.OMException: Unable to get file status: volume: 8b3bae70-1ef5-4670-8b2a-41ff095bc3ab bucket: 0abf774a-2917-444b-9d39-adb158dd3462 key: .Trash/runner
	at org.apache.hadoop.ozone.om.KeyManagerImpl.getOzoneFileStatus(KeyManagerImpl.java:1311) ~[ozone-manager-1.3.0-SNAPSHOT.jar:?]
	at org.apache.hadoop.ozone.om.KeyManagerImpl.getFileStatus(KeyManagerImpl.java:1241) ~[ozone-manager-1.3.0-SNAPSHOT.jar:?]
	at org.apache.hadoop.ozone.om.OzoneManager.getFileStatus(OzoneManager.java:3467) ~[ozone-manager-1.3.0-SNAPSHOT.jar:?]
	at org.apache.hadoop.ozone.protocolPB.OzoneManagerRequestHandler.getOzoneFileStatus(OzoneManagerRequestHandler.java:878) ~[ozone-manager-1.3.0-SNAPSHOT.jar:?]
	at org.apache.hadoop.ozone.protocolPB.OzoneManagerRequestHandler.handleReadRequest(OzoneManagerRequestHandler.java:224) ~[ozone-manager-1.3.0-SNAPSHOT.jar:?]
	at org.apache.hadoop.ozone.protocolPB.OzoneManagerProtocolServerSideTranslatorPB.submitReadRequestToOM(OzoneManagerProtocolServerSideTranslatorPB.java:226) ~[ozone-manager-1.3.0-SNAPSHOT.jar:?]
	at org.apache.hadoop.ozone.protocolPB.OzoneManagerProtocolServerSideTranslatorPB.processRequest(OzoneManagerProtocolServerSideTranslatorPB.java:175) ~[ozone-manager-1.3.0-SNAPSHOT.jar:?]
	at org.apache.hadoop.hdds.server.OzoneProtocolMessageDispatcher.processRequest(OzoneProtocolMessageDispatcher.java:87) [hdds-server-framework-1.3.0-SNAPSHOT.jar:?]
	at org.apache.hadoop.ozone.protocolPB.OzoneManagerProtocolServerSideTranslatorPB.submitRequest(OzoneManagerProtocolServerSideTranslatorPB.java:147) [ozone-manager-1.3.0-SNAPSHOT.jar:?]
	at org.apache.hadoop.ozone.protocol.proto.OzoneManagerProtocolProtos$OzoneManagerService$2.callBlockingMethod(OzoneManagerProtocolProtos.java) [ozone-interface-client-1.3.0-SNAPSHOT.jar:?]
	at org.apache.hadoop.ipc.ProtobufRpcEngine$Server.processCall(ProtobufRpcEngine.java:466) [hadoop-common-3.3.1.jar:?]
	at org.apache.hadoop.ipc.ProtobufRpcEngine2$Server$ProtoBufRpcInvoker.call(ProtobufRpcEngine2.java:574) [hadoop-common-3.3.1.jar:?]
	at org.apache.hadoop.ipc.ProtobufRpcEngine2$Server$ProtoBufRpcInvoker.call(ProtobufRpcEngine2.java:552) [hadoop-common-3.3.1.jar:?]
	at org.apache.hadoop.ipc.RPC$Server.call(RPC.java:1093) [hadoop-common-3.3.1.jar:?]
	at org.apache.hadoop.ipc.Server$RpcCall.run(Server.java:1035) [hadoop-common-3.3.1.jar:?]
	at org.apache.hadoop.ipc.Server$RpcCall.run(Server.java:963) [hadoop-common-3.3.1.jar:?]
	at java.security.AccessController.doPrivileged(Native Method) ~[?:1.8.0_332]
	at javax.security.auth.Subject.doAs(Subject.java:422) [?:1.8.0_332]
	at org.apache.hadoop.security.UserGroupInformation.doAs(UserGroupInformation.java:1878) [hadoop-common-3.3.1.jar:?]
	at org.apache.hadoop.ipc.Server$Handler.run(Server.java:2966) [hadoop-common-3.3.1.jar:?]
13:49:19.791 [IPC Server handler 12 on default port 44975] ERROR OMAudit - user=runner | ip=127.0.0.1 | op=GET_FILE_STATUS {volume=volume07373, bucket=bucket09731, key=.Trash/runner, dataSize=0, replicationConfig=null} | ret=FAILURE
org.apache.hadoop.ozone.om.exceptions.OMException: Unable to get file status: volume: volume07373 bucket: bucket09731 key: .Trash/runner
	at org.apache.hadoop.ozone.om.KeyManagerImpl.getOzoneFileStatus(KeyManagerImpl.java:1311) ~[ozone-manager-1.3.0-SNAPSHOT.jar:?]
	at org.apache.hadoop.ozone.om.KeyManagerImpl.getFileStatus(KeyManagerImpl.java:1241) ~[ozone-manager-1.3.0-SNAPSHOT.jar:?]
	at org.apache.hadoop.ozone.om.OzoneManager.getFileStatus(OzoneManager.java:3467) ~[ozone-manager-1.3.0-SNAPSHOT.jar:?]
	at org.apache.hadoop.ozone.protocolPB.OzoneManagerRequestHandler.getOzoneFileStatus(OzoneManagerRequestHandler.java:878) ~[ozone-manager-1.3.0-SNAPSHOT.jar:?]
	at org.apache.hadoop.ozone.protocolPB.OzoneManagerRequestHandler.handleReadRequest(OzoneManagerRequestHandler.java:224) ~[ozone-manager-1.3.0-SNAPSHOT.jar:?]
	at org.apache.hadoop.ozone.protocolPB.OzoneManagerProtocolServerSideTranslatorPB.submitReadRequestToOM(OzoneManagerProtocolServerSideTranslatorPB.java:226) ~[ozone-manager-1.3.0-SNAPSHOT.jar:?]
	at org.apache.hadoop.ozone.protocolPB.OzoneManagerProtocolServerSideTranslatorPB.processRequest(OzoneManagerProtocolServerSideTranslatorPB.java:175) ~[ozone-manager-1.3.0-SNAPSHOT.jar:?]
	at org.apache.hadoop.hdds.server.OzoneProtocolMessageDispatcher.processRequest(OzoneProtocolMessageDispatcher.java:87) [hdds-server-framework-1.3.0-SNAPSHOT.jar:?]
	at org.apache.hadoop.ozone.protocolPB.OzoneManagerProtocolServerSideTranslatorPB.submitRequest(OzoneManagerProtocolServerSideTranslatorPB.java:147) [ozone-manager-1.3.0-SNAPSHOT.jar:?]
	at org.apache.hadoop.ozone.protocol.proto.OzoneManagerProtocolProtos$OzoneManagerService$2.callBlockingMethod(OzoneManagerProtocolProtos.java) [ozone-interface-client-1.3.0-SNAPSHOT.jar:?]
	at org.apache.hadoop.ipc.ProtobufRpcEngine$Server.processCall(ProtobufRpcEngine.java:466) [hadoop-common-3.3.1.jar:?]
	at org.apache.hadoop.ipc.ProtobufRpcEngine2$Server$ProtoBufRpcInvoker.call(ProtobufRpcEngine2.java:574) [hadoop-common-3.3.1.jar:?]
	at org.apache.hadoop.ipc.ProtobufRpcEngine2$Server$ProtoBufRpcInvoker.call(ProtobufRpcEngine2.java:552) [hadoop-common-3.3.1.jar:?]
	at org.apache.hadoop.ipc.RPC$Server.call(RPC.java:1093) [hadoop-common-3.3.1.jar:?]
	at org.apache.hadoop.ipc.Server$RpcCall.run(Server.java:1035) [hadoop-common-3.3.1.jar:?]
	at org.apache.hadoop.ipc.Server$RpcCall.run(Server.java:963) [hadoop-common-3.3.1.jar:?]
	at java.security.AccessController.doPrivileged(Native Method) ~[?:1.8.0_332]
	at javax.security.auth.Subject.doAs(Subject.java:422) [?:1.8.0_332]
	at org.apache.hadoop.security.UserGroupInformation.doAs(UserGroupInformation.java:1878) [hadoop-common-3.3.1.jar:?]
	at org.apache.hadoop.ipc.Server$Handler.run(Server.java:2966) [hadoop-common-3.3.1.jar:?]
13:49:19.809 [IPC Server handler 12 on default port 44975] ERROR OMAudit - user=runner | ip=127.0.0.1 | op=GET_FILE_STATUS {volume=8b3bae70-1ef5-4670-8b2a-41ff095bc3ab, bucket=0abf774a-2917-444b-9d39-adb158dd3462, key=.Trash, dataSize=0, replicationConfig=null} | ret=FAILURE
org.apache.hadoop.ozone.om.exceptions.OMException: Unable to get file status: volume: 8b3bae70-1ef5-4670-8b2a-41ff095bc3ab bucket: 0abf774a-2917-444b-9d39-adb158dd3462 key: .Trash
	at org.apache.hadoop.ozone.om.KeyManagerImpl.getOzoneFileStatus(KeyManagerImpl.java:1311) ~[ozone-manager-1.3.0-SNAPSHOT.jar:?]
	at org.apache.hadoop.ozone.om.KeyManagerImpl.getFileStatus(KeyManagerImpl.java:1241) ~[ozone-manager-1.3.0-SNAPSHOT.jar:?]
	at org.apache.hadoop.ozone.om.OzoneManager.getFileStatus(OzoneManager.java:3467) ~[ozone-manager-1.3.0-SNAPSHOT.jar:?]
	at org.apache.hadoop.ozone.protocolPB.OzoneManagerRequestHandler.getOzoneFileStatus(OzoneManagerRequestHandler.java:878) ~[ozone-manager-1.3.0-SNAPSHOT.jar:?]
	at org.apache.hadoop.ozone.protocolPB.OzoneManagerRequestHandler.handleReadRequest(OzoneManagerRequestHandler.java:224) ~[ozone-manager-1.3.0-SNAPSHOT.jar:?]
	at org.apache.hadoop.ozone.protocolPB.OzoneManagerProtocolServerSideTranslatorPB.submitReadRequestToOM(OzoneManagerProtocolServerSideTranslatorPB.java:226) ~[ozone-manager-1.3.0-SNAPSHOT.jar:?]
	at org.apache.hadoop.ozone.protocolPB.OzoneManagerProtocolServerSideTranslatorPB.processRequest(OzoneManagerProtocolServerSideTranslatorPB.java:175) ~[ozone-manager-1.3.0-SNAPSHOT.jar:?]
	at org.apache.hadoop.hdds.server.OzoneProtocolMessageDispatcher.processRequest(OzoneProtocolMessageDispatcher.java:87) [hdds-server-framework-1.3.0-SNAPSHOT.jar:?]
	at org.apache.hadoop.ozone.protocolPB.OzoneManagerProtocolServerSideTranslatorPB.submitRequest(OzoneManagerProtocolServerSideTranslatorPB.java:147) [ozone-manager-1.3.0-SNAPSHOT.jar:?]
	at org.apache.hadoop.ozone.protocol.proto.OzoneManagerProtocolProtos$OzoneManagerService$2.callBlockingMethod(OzoneManagerProtocolProtos.java) [ozone-interface-client-1.3.0-SNAPSHOT.jar:?]
	at org.apache.hadoop.ipc.ProtobufRpcEngine$Server.processCall(ProtobufRpcEngine.java:466) [hadoop-common-3.3.1.jar:?]
	at org.apache.hadoop.ipc.ProtobufRpcEngine2$Server$ProtoBufRpcInvoker.call(ProtobufRpcEngine2.java:574) [hadoop-common-3.3.1.jar:?]
	at org.apache.hadoop.ipc.ProtobufRpcEngine2$Server$ProtoBufRpcInvoker.call(ProtobufRpcEngine2.java:552) [hadoop-common-3.3.1.jar:?]
	at org.apache.hadoop.ipc.RPC$Server.call(RPC.java:1093) [hadoop-common-3.3.1.jar:?]
	at org.apache.hadoop.ipc.Server$RpcCall.run(Server.java:1035) [hadoop-common-3.3.1.jar:?]
	at org.apache.hadoop.ipc.Server$RpcCall.run(Server.java:963) [hadoop-common-3.3.1.jar:?]
	at java.security.AccessController.doPrivileged(Native Method) ~[?:1.8.0_332]
	at javax.security.auth.Subject.doAs(Subject.java:422) [?:1.8.0_332]
	at org.apache.hadoop.security.UserGroupInformation.doAs(UserGroupInformation.java:1878) [hadoop-common-3.3.1.jar:?]
	at org.apache.hadoop.ipc.Server$Handler.run(Server.java:2966) [hadoop-common-3.3.1.jar:?]
13:49:19.812 [IPC Server handler 3 on default port 44975] ERROR OMAudit - user=runner | ip=127.0.0.1 | op=GET_FILE_STATUS {volume=volume07373, bucket=bucket09731, key=.Trash, dataSize=0, replicationConfig=null} | ret=FAILURE
org.apache.hadoop.ozone.om.exceptions.OMException: Unable to get file status: volume: volume07373 bucket: bucket09731 key: .Trash
	at org.apache.hadoop.ozone.om.KeyManagerImpl.getOzoneFileStatus(KeyManagerImpl.java:1311) ~[ozone-manager-1.3.0-SNAPSHOT.jar:?]
	at org.apache.hadoop.ozone.om.KeyManagerImpl.getFileStatus(KeyManagerImpl.java:1241) ~[ozone-manager-1.3.0-SNAPSHOT.jar:?]
	at org.apache.hadoop.ozone.om.OzoneManager.getFileStatus(OzoneManager.java:3467) ~[ozone-manager-1.3.0-SNAPSHOT.jar:?]
	at org.apache.hadoop.ozone.protocolPB.OzoneManagerRequestHandler.getOzoneFileStatus(OzoneManagerRequestHandler.java:878) ~[ozone-manager-1.3.0-SNAPSHOT.jar:?]
	at org.apache.hadoop.ozone.protocolPB.OzoneManagerRequestHandler.handleReadRequest(OzoneManagerRequestHandler.java:224) ~[ozone-manager-1.3.0-SNAPSHOT.jar:?]
	at org.apache.hadoop.ozone.protocolPB.OzoneManagerProtocolServerSideTranslatorPB.submitReadRequestToOM(OzoneManagerProtocolServerSideTranslatorPB.java:226) ~[ozone-manager-1.3.0-SNAPSHOT.jar:?]
	at org.apache.hadoop.ozone.protocolPB.OzoneManagerProtocolServerSideTranslatorPB.processRequest(OzoneManagerProtocolServerSideTranslatorPB.java:175) ~[ozone-manager-1.3.0-SNAPSHOT.jar:?]
	at org.apache.hadoop.hdds.server.OzoneProtocolMessageDispatcher.processRequest(OzoneProtocolMessageDispatcher.java:87) [hdds-server-framework-1.3.0-SNAPSHOT.jar:?]
	at org.apache.hadoop.ozone.protocolPB.OzoneManagerProtocolServerSideTranslatorPB.submitRequest(OzoneManagerProtocolServerSideTranslatorPB.java:147) [ozone-manager-1.3.0-SNAPSHOT.jar:?]
	at org.apache.hadoop.ozone.protocol.proto.OzoneManagerProtocolProtos$OzoneManagerService$2.callBlockingMethod(OzoneManagerProtocolProtos.java) [ozone-interface-client-1.3.0-SNAPSHOT.jar:?]
	at org.apache.hadoop.ipc.ProtobufRpcEngine$Server.processCall(ProtobufRpcEngine.java:466) [hadoop-common-3.3.1.jar:?]
	at org.apache.hadoop.ipc.ProtobufRpcEngine2$Server$ProtoBufRpcInvoker.call(ProtobufRpcEngine2.java:574) [hadoop-common-3.3.1.jar:?]
	at org.apache.hadoop.ipc.ProtobufRpcEngine2$Server$ProtoBufRpcInvoker.call(ProtobufRpcEngine2.java:552) [hadoop-common-3.3.1.jar:?]
	at org.apache.hadoop.ipc.RPC$Server.call(RPC.java:1093) [hadoop-common-3.3.1.jar:?]
	at org.apache.hadoop.ipc.Server$RpcCall.run(Server.java:1035) [hadoop-common-3.3.1.jar:?]
	at org.apache.hadoop.ipc.Server$RpcCall.run(Server.java:963) [hadoop-common-3.3.1.jar:?]
	at java.security.AccessController.doPrivileged(Native Method) ~[?:1.8.0_332]
	at javax.security.auth.Subject.doAs(Subject.java:422) [?:1.8.0_332]
	at org.apache.hadoop.security.UserGroupInformation.doAs(UserGroupInformation.java:1878) [hadoop-common-3.3.1.jar:?]
	at org.apache.hadoop.ipc.Server$Handler.run(Server.java:2966) [hadoop-common-3.3.1.jar:?]
13:49:19.839 [IPC Server handler 15 on default port 44975] ERROR OMAudit - user=runner | ip=127.0.0.1 | op=GET_FILE_STATUS {volume=8b3bae70-1ef5-4670-8b2a-41ff095bc3ab, bucket=0abf774a-2917-444b-9d39-adb158dd3462, key=.Trash/runner, dataSize=0, replicationConfig=null} | ret=FAILURE
org.apache.hadoop.ozone.om.exceptions.OMException: Unable to get file status: volume: 8b3bae70-1ef5-4670-8b2a-41ff095bc3ab bucket: 0abf774a-2917-444b-9d39-adb158dd3462 key: .Trash/runner
	at org.apache.hadoop.ozone.om.KeyManagerImpl.getOzoneFileStatus(KeyManagerImpl.java:1311) ~[ozone-manager-1.3.0-SNAPSHOT.jar:?]
	at org.apache.hadoop.ozone.om.KeyManagerImpl.getFileStatus(KeyManagerImpl.java:1241) ~[ozone-manager-1.3.0-SNAPSHOT.jar:?]
	at org.apache.hadoop.ozone.om.OzoneManager.getFileStatus(OzoneManager.java:3467) ~[ozone-manager-1.3.0-SNAPSHOT.jar:?]
	at org.apache.hadoop.ozone.protocolPB.OzoneManagerRequestHandler.getOzoneFileStatus(OzoneManagerRequestHandler.java:878) ~[ozone-manager-1.3.0-SNAPSHOT.jar:?]
	at org.apache.hadoop.ozone.protocolPB.OzoneManagerRequestHandler.handleReadRequest(OzoneManagerRequestHandler.java:224) ~[ozone-manager-1.3.0-SNAPSHOT.jar:?]
	at org.apache.hadoop.ozone.protocolPB.OzoneManagerProtocolServerSideTranslatorPB.submitReadRequestToOM(OzoneManagerProtocolServerSideTranslatorPB.java:226) ~[ozone-manager-1.3.0-SNAPSHOT.jar:?]
	at org.apache.hadoop.ozone.protocolPB.OzoneManagerProtocolServerSideTranslatorPB.processRequest(OzoneManagerProtocolServerSideTranslatorPB.java:175) ~[ozone-manager-1.3.0-SNAPSHOT.jar:?]
	at org.apache.hadoop.hdds.server.OzoneProtocolMessageDispatcher.processRequest(OzoneProtocolMessageDispatcher.java:87) [hdds-server-framework-1.3.0-SNAPSHOT.jar:?]
	at org.apache.hadoop.ozone.protocolPB.OzoneManagerProtocolServerSideTranslatorPB.submitRequest(OzoneManagerProtocolServerSideTranslatorPB.java:147) [ozone-manager-1.3.0-SNAPSHOT.jar:?]
	at org.apache.hadoop.ozone.protocol.proto.OzoneManagerProtocolProtos$OzoneManagerService$2.callBlockingMethod(OzoneManagerProtocolProtos.java) [ozone-interface-client-1.3.0-SNAPSHOT.jar:?]
	at org.apache.hadoop.ipc.ProtobufRpcEngine$Server.processCall(ProtobufRpcEngine.java:466) [hadoop-common-3.3.1.jar:?]
	at org.apache.hadoop.ipc.ProtobufRpcEngine2$Server$ProtoBufRpcInvoker.call(ProtobufRpcEngine2.java:574) [hadoop-common-3.3.1.jar:?]
	at org.apache.hadoop.ipc.ProtobufRpcEngine2$Server$ProtoBufRpcInvoker.call(ProtobufRpcEngine2.java:552) [hadoop-common-3.3.1.jar:?]
	at org.apache.hadoop.ipc.RPC$Server.call(RPC.java:1093) [hadoop-common-3.3.1.jar:?]
	at org.apache.hadoop.ipc.Server$RpcCall.run(Server.java:1035) [hadoop-common-3.3.1.jar:?]
	at org.apache.hadoop.ipc.Server$RpcCall.run(Server.java:963) [hadoop-common-3.3.1.jar:?]
	at java.security.AccessController.doPrivileged(Native Method) ~[?:1.8.0_332]
	at javax.security.auth.Subject.doAs(Subject.java:422) [?:1.8.0_332]
	at org.apache.hadoop.security.UserGroupInformation.doAs(UserGroupInformation.java:1878) [hadoop-common-3.3.1.jar:?]
	at org.apache.hadoop.ipc.Server$Handler.run(Server.java:2966) [hadoop-common-3.3.1.jar:?]
13:49:19.842 [IPC Server handler 13 on default port 44975] ERROR OMAudit - user=runner | ip=127.0.0.1 | op=GET_FILE_STATUS {volume=volume07373, bucket=bucket09731, key=.Trash/runner, dataSize=0, replicationConfig=null} | ret=FAILURE
org.apache.hadoop.ozone.om.exceptions.OMException: Unable to get file status: volume: volume07373 bucket: bucket09731 key: .Trash/runner
	at org.apache.hadoop.ozone.om.KeyManagerImpl.getOzoneFileStatus(KeyManagerImpl.java:1311) ~[ozone-manager-1.3.0-SNAPSHOT.jar:?]
	at org.apache.hadoop.ozone.om.KeyManagerImpl.getFileStatus(KeyManagerImpl.java:1241) ~[ozone-manager-1.3.0-SNAPSHOT.jar:?]
	at org.apache.hadoop.ozone.om.OzoneManager.getFileStatus(OzoneManager.java:3467) ~[ozone-manager-1.3.0-SNAPSHOT.jar:?]
	at org.apache.hadoop.ozone.protocolPB.OzoneManagerRequestHandler.getOzoneFileStatus(OzoneManagerRequestHandler.java:878) ~[ozone-manager-1.3.0-SNAPSHOT.jar:?]
	at org.apache.hadoop.ozone.protocolPB.OzoneManagerRequestHandler.handleReadRequest(OzoneManagerRequestHandler.java:224) ~[ozone-manager-1.3.0-SNAPSHOT.jar:?]
	at org.apache.hadoop.ozone.protocolPB.OzoneManagerProtocolServerSideTranslatorPB.submitReadRequestToOM(OzoneManagerProtocolServerSideTranslatorPB.java:226) ~[ozone-manager-1.3.0-SNAPSHOT.jar:?]
	at org.apache.hadoop.ozone.protocolPB.OzoneManagerProtocolServerSideTranslatorPB.processRequest(OzoneManagerProtocolServerSideTranslatorPB.java:175) ~[ozone-manager-1.3.0-SNAPSHOT.jar:?]
	at org.apache.hadoop.hdds.server.OzoneProtocolMessageDispatcher.processRequest(OzoneProtocolMessageDispatcher.java:87) [hdds-server-framework-1.3.0-SNAPSHOT.jar:?]
	at org.apache.hadoop.ozone.protocolPB.OzoneManagerProtocolServerSideTranslatorPB.submitRequest(OzoneManagerProtocolServerSideTranslatorPB.java:147) [ozone-manager-1.3.0-SNAPSHOT.jar:?]
	at org.apache.hadoop.ozone.protocol.proto.OzoneManagerProtocolProtos$OzoneManagerService$2.callBlockingMethod(OzoneManagerProtocolProtos.java) [ozone-interface-client-1.3.0-SNAPSHOT.jar:?]
	at org.apache.hadoop.ipc.ProtobufRpcEngine$Server.processCall(ProtobufRpcEngine.java:466) [hadoop-common-3.3.1.jar:?]
	at org.apache.hadoop.ipc.ProtobufRpcEngine2$Server$ProtoBufRpcInvoker.call(ProtobufRpcEngine2.java:574) [hadoop-common-3.3.1.jar:?]
	at org.apache.hadoop.ipc.ProtobufRpcEngine2$Server$ProtoBufRpcInvoker.call(ProtobufRpcEngine2.java:552) [hadoop-common-3.3.1.jar:?]
	at org.apache.hadoop.ipc.RPC$Server.call(RPC.java:1093) [hadoop-common-3.3.1.jar:?]
	at org.apache.hadoop.ipc.Server$RpcCall.run(Server.java:1035) [hadoop-common-3.3.1.jar:?]
	at org.apache.hadoop.ipc.Server$RpcCall.run(Server.java:963) [hadoop-common-3.3.1.jar:?]
	at java.security.AccessController.doPrivileged(Native Method) ~[?:1.8.0_332]
	at javax.security.auth.Subject.doAs(Subject.java:422) [?:1.8.0_332]
	at org.apache.hadoop.security.UserGroupInformation.doAs(UserGroupInformation.java:1878) [hadoop-common-3.3.1.jar:?]
	at org.apache.hadoop.ipc.Server$Handler.run(Server.java:2966) [hadoop-common-3.3.1.jar:?]
13:49:19.849 [IPC Server handler 1 on default port 44975] ERROR OMAudit - user=runner | ip=127.0.0.1 | op=GET_FILE_STATUS {volume=volume92651, bucket=trashroottest2, key=.Trash/runner, dataSize=0, replicationConfig=null} | ret=FAILURE
org.apache.hadoop.ozone.om.exceptions.OMException: Unable to get file status: volume: volume92651 bucket: trashroottest2 key: .Trash/runner
	at org.apache.hadoop.ozone.om.KeyManagerImpl.getOzoneFileStatus(KeyManagerImpl.java:1311) ~[ozone-manager-1.3.0-SNAPSHOT.jar:?]
	at org.apache.hadoop.ozone.om.KeyManagerImpl.getFileStatus(KeyManagerImpl.java:1241) ~[ozone-manager-1.3.0-SNAPSHOT.jar:?]
	at org.apache.hadoop.ozone.om.OzoneManager.getFileStatus(OzoneManager.java:3467) ~[ozone-manager-1.3.0-SNAPSHOT.jar:?]
	at org.apache.hadoop.ozone.protocolPB.OzoneManagerRequestHandler.getOzoneFileStatus(OzoneManagerRequestHandler.java:878) ~[ozone-manager-1.3.0-SNAPSHOT.jar:?]
	at org.apache.hadoop.ozone.protocolPB.OzoneManagerRequestHandler.handleReadRequest(OzoneManagerRequestHandler.java:224) ~[ozone-manager-1.3.0-SNAPSHOT.jar:?]
	at org.apache.hadoop.ozone.protocolPB.OzoneManagerProtocolServerSideTranslatorPB.submitReadRequestToOM(OzoneManagerProtocolServerSideTranslatorPB.java:226) ~[ozone-manager-1.3.0-SNAPSHOT.jar:?]
	at org.apache.hadoop.ozone.protocolPB.OzoneManagerProtocolServerSideTranslatorPB.processRequest(OzoneManagerProtocolServerSideTranslatorPB.java:175) ~[ozone-manager-1.3.0-SNAPSHOT.jar:?]
	at org.apache.hadoop.hdds.server.OzoneProtocolMessageDispatcher.processRequest(OzoneProtocolMessageDispatcher.java:87) [hdds-server-framework-1.3.0-SNAPSHOT.jar:?]
	at org.apache.hadoop.ozone.protocolPB.OzoneManagerProtocolServerSideTranslatorPB.submitRequest(OzoneManagerProtocolServerSideTranslatorPB.java:147) [ozone-manager-1.3.0-SNAPSHOT.jar:?]
	at org.apache.hadoop.ozone.protocol.proto.OzoneManagerProtocolProtos$OzoneManagerService$2.callBlockingMethod(OzoneManagerProtocolProtos.java) [ozone-interface-client-1.3.0-SNAPSHOT.jar:?]
	at org.apache.hadoop.ipc.ProtobufRpcEngine$Server.processCall(ProtobufRpcEngine.java:466) [hadoop-common-3.3.1.jar:?]
	at org.apache.hadoop.ipc.ProtobufRpcEngine2$Server$ProtoBufRpcInvoker.call(ProtobufRpcEngine2.java:574) [hadoop-common-3.3.1.jar:?]
	at org.apache.hadoop.ipc.ProtobufRpcEngine2$Server$ProtoBufRpcInvoker.call(ProtobufRpcEngine2.java:552) [hadoop-common-3.3.1.jar:?]
	at org.apache.hadoop.ipc.RPC$Server.call(RPC.java:1093) [hadoop-common-3.3.1.jar:?]
	at org.apache.hadoop.ipc.Server$RpcCall.run(Server.java:1035) [hadoop-common-3.3.1.jar:?]
	at org.apache.hadoop.ipc.Server$RpcCall.run(Server.java:963) [hadoop-common-3.3.1.jar:?]
	at java.security.AccessController.doPrivileged(Native Method) ~[?:1.8.0_332]
	at javax.security.auth.Subject.doAs(Subject.java:422) [?:1.8.0_332]
	at org.apache.hadoop.security.UserGroupInformation.doAs(UserGroupInformation.java:1878) [hadoop-common-3.3.1.jar:?]
	at org.apache.hadoop.ipc.Server$Handler.run(Server.java:2966) [hadoop-common-3.3.1.jar:?]
13:49:19.853 [IPC Server handler 12 on default port 44975] ERROR OMAudit - user=runner | ip=127.0.0.1 | op=GET_FILE_STATUS {volume=8b3bae70-1ef5-4670-8b2a-41ff095bc3ab, bucket=0abf774a-2917-444b-9d39-adb158dd3462, key=.Trash, dataSize=0, replicationConfig=null} | ret=FAILURE
org.apache.hadoop.ozone.om.exceptions.OMException: Unable to get file status: volume: 8b3bae70-1ef5-4670-8b2a-41ff095bc3ab bucket: 0abf774a-2917-444b-9d39-adb158dd3462 key: .Trash
	at org.apache.hadoop.ozone.om.KeyManagerImpl.getOzoneFileStatus(KeyManagerImpl.java:1311) ~[ozone-manager-1.3.0-SNAPSHOT.jar:?]
	at org.apache.hadoop.ozone.om.KeyManagerImpl.getFileStatus(KeyManagerImpl.java:1241) ~[ozone-manager-1.3.0-SNAPSHOT.jar:?]
	at org.apache.hadoop.ozone.om.OzoneManager.getFileStatus(OzoneManager.java:3467) ~[ozone-manager-1.3.0-SNAPSHOT.jar:?]
	at org.apache.hadoop.ozone.protocolPB.OzoneManagerRequestHandler.getOzoneFileStatus(OzoneManagerRequestHandler.java:878) ~[ozone-manager-1.3.0-SNAPSHOT.jar:?]
	at org.apache.hadoop.ozone.protocolPB.OzoneManagerRequestHandler.handleReadRequest(OzoneManagerRequestHandler.java:224) ~[ozone-manager-1.3.0-SNAPSHOT.jar:?]
	at org.apache.hadoop.ozone.protocolPB.OzoneManagerProtocolServerSideTranslatorPB.submitReadRequestToOM(OzoneManagerProtocolServerSideTranslatorPB.java:226) ~[ozone-manager-1.3.0-SNAPSHOT.jar:?]
	at org.apache.hadoop.ozone.protocolPB.OzoneManagerProtocolServerSideTranslatorPB.processRequest(OzoneManagerProtocolServerSideTranslatorPB.java:175) ~[ozone-manager-1.3.0-SNAPSHOT.jar:?]
	at org.apache.hadoop.hdds.server.OzoneProtocolMessageDispatcher.processRequest(OzoneProtocolMessageDispatcher.java:87) [hdds-server-framework-1.3.0-SNAPSHOT.jar:?]
	at org.apache.hadoop.ozone.protocolPB.OzoneManagerProtocolServerSideTranslatorPB.submitRequest(OzoneManagerProtocolServerSideTranslatorPB.java:147) [ozone-manager-1.3.0-SNAPSHOT.jar:?]
	at org.apache.hadoop.ozone.protocol.proto.OzoneManagerProtocolProtos$OzoneManagerService$2.callBlockingMethod(OzoneManagerProtocolProtos.java) [ozone-interface-client-1.3.0-SNAPSHOT.jar:?]
	at org.apache.hadoop.ipc.ProtobufRpcEngine$Server.processCall(ProtobufRpcEngine.java:466) [hadoop-common-3.3.1.jar:?]
	at org.apache.hadoop.ipc.ProtobufRpcEngine2$Server$ProtoBufRpcInvoker.call(ProtobufRpcEngine2.java:574) [hadoop-common-3.3.1.jar:?]
	at org.apache.hadoop.ipc.ProtobufRpcEngine2$Server$ProtoBufRpcInvoker.call(ProtobufRpcEngine2.java:552) [hadoop-common-3.3.1.jar:?]
	at org.apache.hadoop.ipc.RPC$Server.call(RPC.java:1093) [hadoop-common-3.3.1.jar:?]
	at org.apache.hadoop.ipc.Server$RpcCall.run(Server.java:1035) [hadoop-common-3.3.1.jar:?]
	at org.apache.hadoop.ipc.Server$RpcCall.run(Server.java:963) [hadoop-common-3.3.1.jar:?]
	at java.security.AccessController.doPrivileged(Native Method) ~[?:1.8.0_332]
	at javax.security.auth.Subject.doAs(Subject.java:422) [?:1.8.0_332]
	at org.apache.hadoop.security.UserGroupInformation.doAs(UserGroupInformation.java:1878) [hadoop-common-3.3.1.jar:?]
	at org.apache.hadoop.ipc.Server$Handler.run(Server.java:2966) [hadoop-common-3.3.1.jar:?]
13:49:19.857 [IPC Server handler 3 on default port 44975] ERROR OMAudit - user=runner | ip=127.0.0.1 | op=GET_FILE_STATUS {volume=volume07373, bucket=bucket09731, key=.Trash, dataSize=0, replicationConfig=null} | ret=FAILURE
org.apache.hadoop.ozone.om.exceptions.OMException: Unable to get file status: volume: volume07373 bucket: bucket09731 key: .Trash
	at org.apache.hadoop.ozone.om.KeyManagerImpl.getOzoneFileStatus(KeyManagerImpl.java:1311) ~[ozone-manager-1.3.0-SNAPSHOT.jar:?]
	at org.apache.hadoop.ozone.om.KeyManagerImpl.getFileStatus(KeyManagerImpl.java:1241) ~[ozone-manager-1.3.0-SNAPSHOT.jar:?]
	at org.apache.hadoop.ozone.om.OzoneManager.getFileStatus(OzoneManager.java:3467) ~[ozone-manager-1.3.0-SNAPSHOT.jar:?]
	at org.apache.hadoop.ozone.protocolPB.OzoneManagerRequestHandler.getOzoneFileStatus(OzoneManagerRequestHandler.java:878) ~[ozone-manager-1.3.0-SNAPSHOT.jar:?]
	at org.apache.hadoop.ozone.protocolPB.OzoneManagerRequestHandler.handleReadRequest(OzoneManagerRequestHandler.java:224) ~[ozone-manager-1.3.0-SNAPSHOT.jar:?]
	at org.apache.hadoop.ozone.protocolPB.OzoneManagerProtocolServerSideTranslatorPB.submitReadRequestToOM(OzoneManagerProtocolServerSideTranslatorPB.java:226) ~[ozone-manager-1.3.0-SNAPSHOT.jar:?]
	at org.apache.hadoop.ozone.protocolPB.OzoneManagerProtocolServerSideTranslatorPB.processRequest(OzoneManagerProtocolServerSideTranslatorPB.java:175) ~[ozone-manager-1.3.0-SNAPSHOT.jar:?]
	at org.apache.hadoop.hdds.server.OzoneProtocolMessageDispatcher.processRequest(OzoneProtocolMessageDispatcher.java:87) [hdds-server-framework-1.3.0-SNAPSHOT.jar:?]
	at org.apache.hadoop.ozone.protocolPB.OzoneManagerProtocolServerSideTranslatorPB.submitRequest(OzoneManagerProtocolServerSideTranslatorPB.java:147) [ozone-manager-1.3.0-SNAPSHOT.jar:?]
	at org.apache.hadoop.ozone.protocol.proto.OzoneManagerProtocolProtos$OzoneManagerService$2.callBlockingMethod(OzoneManagerProtocolProtos.java) [ozone-interface-client-1.3.0-SNAPSHOT.jar:?]
	at org.apache.hadoop.ipc.ProtobufRpcEngine$Server.processCall(ProtobufRpcEngine.java:466) [hadoop-common-3.3.1.jar:?]
	at org.apache.hadoop.ipc.ProtobufRpcEngine2$Server$ProtoBufRpcInvoker.call(ProtobufRpcEngine2.java:574) [hadoop-common-3.3.1.jar:?]
	at org.apache.hadoop.ipc.ProtobufRpcEngine2$Server$ProtoBufRpcInvoker.call(ProtobufRpcEngine2.java:552) [hadoop-common-3.3.1.jar:?]
	at org.apache.hadoop.ipc.RPC$Server.call(RPC.java:1093) [hadoop-common-3.3.1.jar:?]
	at org.apache.hadoop.ipc.Server$RpcCall.run(Server.java:1035) [hadoop-common-3.3.1.jar:?]
	at org.apache.hadoop.ipc.Server$RpcCall.run(Server.java:963) [hadoop-common-3.3.1.jar:?]
	at java.security.AccessController.doPrivileged(Native Method) ~[?:1.8.0_332]
	at javax.security.auth.Subject.doAs(Subject.java:422) [?:1.8.0_332]
	at org.apache.hadoop.security.UserGroupInformation.doAs(UserGroupInformation.java:1878) [hadoop-common-3.3.1.jar:?]
	at org.apache.hadoop.ipc.Server$Handler.run(Server.java:2966) [hadoop-common-3.3.1.jar:?]
13:49:19.865 [IPC Server handler 19 on default port 44975] ERROR OMAudit - user=runner | ip=127.0.0.1 | op=GET_FILE_STATUS {volume=volume92651, bucket=trashroottest2, key=.Trash, dataSize=0, replicationConfig=null} | ret=FAILURE
org.apache.hadoop.ozone.om.exceptions.OMException: Unable to get file status: volume: volume92651 bucket: trashroottest2 key: .Trash
	at org.apache.hadoop.ozone.om.KeyManagerImpl.getOzoneFileStatus(KeyManagerImpl.java:1311) ~[ozone-manager-1.3.0-SNAPSHOT.jar:?]
	at org.apache.hadoop.ozone.om.KeyManagerImpl.getFileStatus(KeyManagerImpl.java:1241) ~[ozone-manager-1.3.0-SNAPSHOT.jar:?]
	at org.apache.hadoop.ozone.om.OzoneManager.getFileStatus(OzoneManager.java:3467) ~[ozone-manager-1.3.0-SNAPSHOT.jar:?]
	at org.apache.hadoop.ozone.protocolPB.OzoneManagerRequestHandler.getOzoneFileStatus(OzoneManagerRequestHandler.java:878) ~[ozone-manager-1.3.0-SNAPSHOT.jar:?]
	at org.apache.hadoop.ozone.protocolPB.OzoneManagerRequestHandler.handleReadRequest(OzoneManagerRequestHandler.java:224) ~[ozone-manager-1.3.0-SNAPSHOT.jar:?]
	at org.apache.hadoop.ozone.protocolPB.OzoneManagerProtocolServerSideTranslatorPB.submitReadRequestToOM(OzoneManagerProtocolServerSideTranslatorPB.java:226) ~[ozone-manager-1.3.0-SNAPSHOT.jar:?]
	at org.apache.hadoop.ozone.protocolPB.OzoneManagerProtocolServerSideTranslatorPB.processRequest(OzoneManagerProtocolServerSideTranslatorPB.java:175) ~[ozone-manager-1.3.0-SNAPSHOT.jar:?]
	at org.apache.hadoop.hdds.server.OzoneProtocolMessageDispatcher.processRequest(OzoneProtocolMessageDispatcher.java:87) [hdds-server-framework-1.3.0-SNAPSHOT.jar:?]
	at org.apache.hadoop.ozone.protocolPB.OzoneManagerProtocolServerSideTranslatorPB.submitRequest(OzoneManagerProtocolServerSideTranslatorPB.java:147) [ozone-manager-1.3.0-SNAPSHOT.jar:?]
	at org.apache.hadoop.ozone.protocol.proto.OzoneManagerProtocolProtos$OzoneManagerService$2.callBlockingMethod(OzoneManagerProtocolProtos.java) [ozone-interface-client-1.3.0-SNAPSHOT.jar:?]
	at org.apache.hadoop.ipc.ProtobufRpcEngine$Server.processCall(ProtobufRpcEngine.java:466) [hadoop-common-3.3.1.jar:?]
	at org.apache.hadoop.ipc.ProtobufRpcEngine2$Server$ProtoBufRpcInvoker.call(ProtobufRpcEngine2.java:574) [hadoop-common-3.3.1.jar:?]
	at org.apache.hadoop.ipc.ProtobufRpcEngine2$Server$ProtoBufRpcInvoker.call(ProtobufRpcEngine2.java:552) [hadoop-common-3.3.1.jar:?]
	at org.apache.hadoop.ipc.RPC$Server.call(RPC.java:1093) [hadoop-common-3.3.1.jar:?]
	at org.apache.hadoop.ipc.Server$RpcCall.run(Server.java:1035) [hadoop-common-3.3.1.jar:?]
	at org.apache.hadoop.ipc.Server$RpcCall.run(Server.java:963) [hadoop-common-3.3.1.jar:?]
	at java.security.AccessController.doPrivileged(Native Method) ~[?:1.8.0_332]
	at javax.security.auth.Subject.doAs(Subject.java:422) [?:1.8.0_332]
	at org.apache.hadoop.security.UserGroupInformation.doAs(UserGroupInformation.java:1878) [hadoop-common-3.3.1.jar:?]
	at org.apache.hadoop.ipc.Server$Handler.run(Server.java:2966) [hadoop-common-3.3.1.jar:?]
13:49:19.879 [IPC Server handler 0 on default port 44975] ERROR OMAudit - user=runner | ip=127.0.0.1 | op=GET_FILE_STATUS {volume=8b3bae70-1ef5-4670-8b2a-41ff095bc3ab, bucket=0abf774a-2917-444b-9d39-adb158dd3462, key=.Trash/runner, dataSize=0, replicationConfig=null} | ret=FAILURE
org.apache.hadoop.ozone.om.exceptions.OMException: Unable to get file status: volume: 8b3bae70-1ef5-4670-8b2a-41ff095bc3ab bucket: 0abf774a-2917-444b-9d39-adb158dd3462 key: .Trash/runner
	at org.apache.hadoop.ozone.om.KeyManagerImpl.getOzoneFileStatus(KeyManagerImpl.java:1311) ~[ozone-manager-1.3.0-SNAPSHOT.jar:?]
	at org.apache.hadoop.ozone.om.KeyManagerImpl.getFileStatus(KeyManagerImpl.java:1241) ~[ozone-manager-1.3.0-SNAPSHOT.jar:?]
	at org.apache.hadoop.ozone.om.OzoneManager.getFileStatus(OzoneManager.java:3467) ~[ozone-manager-1.3.0-SNAPSHOT.jar:?]
	at org.apache.hadoop.ozone.protocolPB.OzoneManagerRequestHandler.getOzoneFileStatus(OzoneManagerRequestHandler.java:878) ~[ozone-manager-1.3.0-SNAPSHOT.jar:?]
	at org.apache.hadoop.ozone.protocolPB.OzoneManagerRequestHandler.handleReadRequest(OzoneManagerRequestHandler.java:224) ~[ozone-manager-1.3.0-SNAPSHOT.jar:?]
	at org.apache.hadoop.ozone.protocolPB.OzoneManagerProtocolServerSideTranslatorPB.submitReadRequestToOM(OzoneManagerProtocolServerSideTranslatorPB.java:226) ~[ozone-manager-1.3.0-SNAPSHOT.jar:?]
	at org.apache.hadoop.ozone.protocolPB.OzoneManagerProtocolServerSideTranslatorPB.processRequest(OzoneManagerProtocolServerSideTranslatorPB.java:175) ~[ozone-manager-1.3.0-SNAPSHOT.jar:?]
	at org.apache.hadoop.hdds.server.OzoneProtocolMessageDispatcher.processRequest(OzoneProtocolMessageDispatcher.java:87) [hdds-server-framework-1.3.0-SNAPSHOT.jar:?]
	at org.apache.hadoop.ozone.protocolPB.OzoneManagerProtocolServerSideTranslatorPB.submitRequest(OzoneManagerProtocolServerSideTranslatorPB.java:147) [ozone-manager-1.3.0-SNAPSHOT.jar:?]
	at org.apache.hadoop.ozone.protocol.proto.OzoneManagerProtocolProtos$OzoneManagerService$2.callBlockingMethod(OzoneManagerProtocolProtos.java) [ozone-interface-client-1.3.0-SNAPSHOT.jar:?]
	at org.apache.hadoop.ipc.ProtobufRpcEngine$Server.processCall(ProtobufRpcEngine.java:466) [hadoop-common-3.3.1.jar:?]
	at org.apache.hadoop.ipc.ProtobufRpcEngine2$Server$ProtoBufRpcInvoker.call(ProtobufRpcEngine2.java:574) [hadoop-common-3.3.1.jar:?]
	at org.apache.hadoop.ipc.ProtobufRpcEngine2$Server$ProtoBufRpcInvoker.call(ProtobufRpcEngine2.java:552) [hadoop-common-3.3.1.jar:?]
	at org.apache.hadoop.ipc.RPC$Server.call(RPC.java:1093) [hadoop-common-3.3.1.jar:?]
	at org.apache.hadoop.ipc.Server$RpcCall.run(Server.java:1035) [hadoop-common-3.3.1.jar:?]
	at org.apache.hadoop.ipc.Server$RpcCall.run(Server.java:963) [hadoop-common-3.3.1.jar:?]
	at java.security.AccessController.doPrivileged(Native Method) ~[?:1.8.0_332]
	at javax.security.auth.Subject.doAs(Subject.java:422) [?:1.8.0_332]
	at org.apache.hadoop.security.UserGroupInformation.doAs(UserGroupInformation.java:1878) [hadoop-common-3.3.1.jar:?]
	at org.apache.hadoop.ipc.Server$Handler.run(Server.java:2966) [hadoop-common-3.3.1.jar:?]
13:49:19.882 [IPC Server handler 12 on default port 44975] ERROR OMAudit - user=runner | ip=127.0.0.1 | op=GET_FILE_STATUS {volume=volume07373, bucket=bucket09731, key=.Trash/runner, dataSize=0, replicationConfig=null} | ret=FAILURE
org.apache.hadoop.ozone.om.exceptions.OMException: Unable to get file status: volume: volume07373 bucket: bucket09731 key: .Trash/runner
	at org.apache.hadoop.ozone.om.KeyManagerImpl.getOzoneFileStatus(KeyManagerImpl.java:1311) ~[ozone-manager-1.3.0-SNAPSHOT.jar:?]
	at org.apache.hadoop.ozone.om.KeyManagerImpl.getFileStatus(KeyManagerImpl.java:1241) ~[ozone-manager-1.3.0-SNAPSHOT.jar:?]
	at org.apache.hadoop.ozone.om.OzoneManager.getFileStatus(OzoneManager.java:3467) ~[ozone-manager-1.3.0-SNAPSHOT.jar:?]
	at org.apache.hadoop.ozone.protocolPB.OzoneManagerRequestHandler.getOzoneFileStatus(OzoneManagerRequestHandler.java:878) ~[ozone-manager-1.3.0-SNAPSHOT.jar:?]
	at org.apache.hadoop.ozone.protocolPB.OzoneManagerRequestHandler.handleReadRequest(OzoneManagerRequestHandler.java:224) ~[ozone-manager-1.3.0-SNAPSHOT.jar:?]
	at org.apache.hadoop.ozone.protocolPB.OzoneManagerProtocolServerSideTranslatorPB.submitReadRequestToOM(OzoneManagerProtocolServerSideTranslatorPB.java:226) ~[ozone-manager-1.3.0-SNAPSHOT.jar:?]
	at org.apache.hadoop.ozone.protocolPB.OzoneManagerProtocolServerSideTranslatorPB.processRequest(OzoneManagerProtocolServerSideTranslatorPB.java:175) ~[ozone-manager-1.3.0-SNAPSHOT.jar:?]
	at org.apache.hadoop.hdds.server.OzoneProtocolMessageDispatcher.processRequest(OzoneProtocolMessageDispatcher.java:87) [hdds-server-framework-1.3.0-SNAPSHOT.jar:?]
	at org.apache.hadoop.ozone.protocolPB.OzoneManagerProtocolServerSideTranslatorPB.submitRequest(OzoneManagerProtocolServerSideTranslatorPB.java:147) [ozone-manager-1.3.0-SNAPSHOT.jar:?]
	at org.apache.hadoop.ozone.protocol.proto.OzoneManagerProtocolProtos$OzoneManagerService$2.callBlockingMethod(OzoneManagerProtocolProtos.java) [ozone-interface-client-1.3.0-SNAPSHOT.jar:?]
	at org.apache.hadoop.ipc.ProtobufRpcEngine$Server.processCall(ProtobufRpcEngine.java:466) [hadoop-common-3.3.1.jar:?]
	at org.apache.hadoop.ipc.ProtobufRpcEngine2$Server$ProtoBufRpcInvoker.call(ProtobufRpcEngine2.java:574) [hadoop-common-3.3.1.jar:?]
	at org.apache.hadoop.ipc.ProtobufRpcEngine2$Server$ProtoBufRpcInvoker.call(ProtobufRpcEngine2.java:552) [hadoop-common-3.3.1.jar:?]
	at org.apache.hadoop.ipc.RPC$Server.call(RPC.java:1093) [hadoop-common-3.3.1.jar:?]
	at org.apache.hadoop.ipc.Server$RpcCall.run(Server.java:1035) [hadoop-common-3.3.1.jar:?]
	at org.apache.hadoop.ipc.Server$RpcCall.run(Server.java:963) [hadoop-common-3.3.1.jar:?]
	at java.security.AccessController.doPrivileged(Native Method) ~[?:1.8.0_332]
	at javax.security.auth.Subject.doAs(Subject.java:422) [?:1.8.0_332]
	at org.apache.hadoop.security.UserGroupInformation.doAs(UserGroupInformation.java:1878) [hadoop-common-3.3.1.jar:?]
	at org.apache.hadoop.ipc.Server$Handler.run(Server.java:2966) [hadoop-common-3.3.1.jar:?]
13:49:19.889 [IPC Server handler 9 on default port 44975] ERROR OMAudit - user=runner | ip=127.0.0.1 | op=GET_FILE_STATUS {volume=volume92651, bucket=trashroottest2, key=.Trash/runner, dataSize=0, replicationConfig=null} | ret=FAILURE
org.apache.hadoop.ozone.om.exceptions.OMException: Unable to get file status: volume: volume92651 bucket: trashroottest2 key: .Trash/runner
	at org.apache.hadoop.ozone.om.KeyManagerImpl.getOzoneFileStatus(KeyManagerImpl.java:1311) ~[ozone-manager-1.3.0-SNAPSHOT.jar:?]
	at org.apache.hadoop.ozone.om.KeyManagerImpl.getFileStatus(KeyManagerImpl.java:1241) ~[ozone-manager-1.3.0-SNAPSHOT.jar:?]
	at org.apache.hadoop.ozone.om.OzoneManager.getFileStatus(OzoneManager.java:3467) ~[ozone-manager-1.3.0-SNAPSHOT.jar:?]
	at org.apache.hadoop.ozone.protocolPB.OzoneManagerRequestHandler.getOzoneFileStatus(OzoneManagerRequestHandler.java:878) ~[ozone-manager-1.3.0-SNAPSHOT.jar:?]
	at org.apache.hadoop.ozone.protocolPB.OzoneManagerRequestHandler.handleReadRequest(OzoneManagerRequestHandler.java:224) ~[ozone-manager-1.3.0-SNAPSHOT.jar:?]
	at org.apache.hadoop.ozone.protocolPB.OzoneManagerProtocolServerSideTranslatorPB.submitReadRequestToOM(OzoneManagerProtocolServerSideTranslatorPB.java:226) ~[ozone-manager-1.3.0-SNAPSHOT.jar:?]
	at org.apache.hadoop.ozone.protocolPB.OzoneManagerProtocolServerSideTranslatorPB.processRequest(OzoneManagerProtocolServerSideTranslatorPB.java:175) ~[ozone-manager-1.3.0-SNAPSHOT.jar:?]
	at org.apache.hadoop.hdds.server.OzoneProtocolMessageDispatcher.processRequest(OzoneProtocolMessageDispatcher.java:87) [hdds-server-framework-1.3.0-SNAPSHOT.jar:?]
	at org.apache.hadoop.ozone.protocolPB.OzoneManagerProtocolServerSideTranslatorPB.submitRequest(OzoneManagerProtocolServerSideTranslatorPB.java:147) [ozone-manager-1.3.0-SNAPSHOT.jar:?]
	at org.apache.hadoop.ozone.protocol.proto.OzoneManagerProtocolProtos$OzoneManagerService$2.callBlockingMethod(OzoneManagerProtocolProtos.java) [ozone-interface-client-1.3.0-SNAPSHOT.jar:?]
	at org.apache.hadoop.ipc.ProtobufRpcEngine$Server.processCall(ProtobufRpcEngine.java:466) [hadoop-common-3.3.1.jar:?]
	at org.apache.hadoop.ipc.ProtobufRpcEngine2$Server$ProtoBufRpcInvoker.call(ProtobufRpcEngine2.java:574) [hadoop-common-3.3.1.jar:?]
	at org.apache.hadoop.ipc.ProtobufRpcEngine2$Server$ProtoBufRpcInvoker.call(ProtobufRpcEngine2.java:552) [hadoop-common-3.3.1.jar:?]
	at org.apache.hadoop.ipc.RPC$Server.call(RPC.java:1093) [hadoop-common-3.3.1.jar:?]
	at org.apache.hadoop.ipc.Server$RpcCall.run(Server.java:1035) [hadoop-common-3.3.1.jar:?]
	at org.apache.hadoop.ipc.Server$RpcCall.run(Server.java:963) [hadoop-common-3.3.1.jar:?]
	at java.security.AccessController.doPrivileged(Native Method) ~[?:1.8.0_332]
	at javax.security.auth.Subject.doAs(Subject.java:422) [?:1.8.0_332]
	at org.apache.hadoop.security.UserGroupInformation.doAs(UserGroupInformation.java:1878) [hadoop-common-3.3.1.jar:?]
	at org.apache.hadoop.ipc.Server$Handler.run(Server.java:2966) [hadoop-common-3.3.1.jar:?]
13:49:19.893 [IPC Server handler 17 on default port 44975] ERROR OMAudit - user=runner | ip=127.0.0.1 | op=GET_FILE_STATUS {volume=8b3bae70-1ef5-4670-8b2a-41ff095bc3ab, bucket=0abf774a-2917-444b-9d39-adb158dd3462, key=.Trash, dataSize=0, replicationConfig=null} | ret=FAILURE
org.apache.hadoop.ozone.om.exceptions.OMException: Unable to get file status: volume: 8b3bae70-1ef5-4670-8b2a-41ff095bc3ab bucket: 0abf774a-2917-444b-9d39-adb158dd3462 key: .Trash
	at org.apache.hadoop.ozone.om.KeyManagerImpl.getOzoneFileStatus(KeyManagerImpl.java:1311) ~[ozone-manager-1.3.0-SNAPSHOT.jar:?]
	at org.apache.hadoop.ozone.om.KeyManagerImpl.getFileStatus(KeyManagerImpl.java:1241) ~[ozone-manager-1.3.0-SNAPSHOT.jar:?]
	at org.apache.hadoop.ozone.om.OzoneManager.getFileStatus(OzoneManager.java:3467) ~[ozone-manager-1.3.0-SNAPSHOT.jar:?]
	at org.apache.hadoop.ozone.protocolPB.OzoneManagerRequestHandler.getOzoneFileStatus(OzoneManagerRequestHandler.java:878) ~[ozone-manager-1.3.0-SNAPSHOT.jar:?]
	at org.apache.hadoop.ozone.protocolPB.OzoneManagerRequestHandler.handleReadRequest(OzoneManagerRequestHandler.java:224) ~[ozone-manager-1.3.0-SNAPSHOT.jar:?]
	at org.apache.hadoop.ozone.protocolPB.OzoneManagerProtocolServerSideTranslatorPB.submitReadRequestToOM(OzoneManagerProtocolServerSideTranslatorPB.java:226) ~[ozone-manager-1.3.0-SNAPSHOT.jar:?]
	at org.apache.hadoop.ozone.protocolPB.OzoneManagerProtocolServerSideTranslatorPB.processRequest(OzoneManagerProtocolServerSideTranslatorPB.java:175) ~[ozone-manager-1.3.0-SNAPSHOT.jar:?]
	at org.apache.hadoop.hdds.server.OzoneProtocolMessageDispatcher.processRequest(OzoneProtocolMessageDispatcher.java:87) [hdds-server-framework-1.3.0-SNAPSHOT.jar:?]
	at org.apache.hadoop.ozone.protocolPB.OzoneManagerProtocolServerSideTranslatorPB.submitRequest(OzoneManagerProtocolServerSideTranslatorPB.java:147) [ozone-manager-1.3.0-SNAPSHOT.jar:?]
	at org.apache.hadoop.ozone.protocol.proto.OzoneManagerProtocolProtos$OzoneManagerService$2.callBlockingMethod(OzoneManagerProtocolProtos.java) [ozone-interface-client-1.3.0-SNAPSHOT.jar:?]
	at org.apache.hadoop.ipc.ProtobufRpcEngine$Server.processCall(ProtobufRpcEngine.java:466) [hadoop-common-3.3.1.jar:?]
	at org.apache.hadoop.ipc.ProtobufRpcEngine2$Server$ProtoBufRpcInvoker.call(ProtobufRpcEngine2.java:574) [hadoop-common-3.3.1.jar:?]
	at org.apache.hadoop.ipc.ProtobufRpcEngine2$Server$ProtoBufRpcInvoker.call(ProtobufRpcEngine2.java:552) [hadoop-common-3.3.1.jar:?]
	at org.apache.hadoop.ipc.RPC$Server.call(RPC.java:1093) [hadoop-common-3.3.1.jar:?]
	at org.apache.hadoop.ipc.Server$RpcCall.run(Server.java:1035) [hadoop-common-3.3.1.jar:?]
	at org.apache.hadoop.ipc.Server$RpcCall.run(Server.java:963) [hadoop-common-3.3.1.jar:?]
	at java.security.AccessController.doPrivileged(Native Method) ~[?:1.8.0_332]
	at javax.security.auth.Subject.doAs(Subject.java:422) [?:1.8.0_332]
	at org.apache.hadoop.security.UserGroupInformation.doAs(UserGroupInformation.java:1878) [hadoop-common-3.3.1.jar:?]
	at org.apache.hadoop.ipc.Server$Handler.run(Server.java:2966) [hadoop-common-3.3.1.jar:?]
13:49:19.898 [IPC Server handler 16 on default port 44975] ERROR OMAudit - user=runner | ip=127.0.0.1 | op=GET_FILE_STATUS {volume=volume07373, bucket=bucket09731, key=.Trash, dataSize=0, replicationConfig=null} | ret=FAILURE
org.apache.hadoop.ozone.om.exceptions.OMException: Unable to get file status: volume: volume07373 bucket: bucket09731 key: .Trash
	at org.apache.hadoop.ozone.om.KeyManagerImpl.getOzoneFileStatus(KeyManagerImpl.java:1311) ~[ozone-manager-1.3.0-SNAPSHOT.jar:?]
	at org.apache.hadoop.ozone.om.KeyManagerImpl.getFileStatus(KeyManagerImpl.java:1241) ~[ozone-manager-1.3.0-SNAPSHOT.jar:?]
	at org.apache.hadoop.ozone.om.OzoneManager.getFileStatus(OzoneManager.java:3467) ~[ozone-manager-1.3.0-SNAPSHOT.jar:?]
	at org.apache.hadoop.ozone.protocolPB.OzoneManagerRequestHandler.getOzoneFileStatus(OzoneManagerRequestHandler.java:878) ~[ozone-manager-1.3.0-SNAPSHOT.jar:?]
	at org.apache.hadoop.ozone.protocolPB.OzoneManagerRequestHandler.handleReadRequest(OzoneManagerRequestHandler.java:224) ~[ozone-manager-1.3.0-SNAPSHOT.jar:?]
	at org.apache.hadoop.ozone.protocolPB.OzoneManagerProtocolServerSideTranslatorPB.submitReadRequestToOM(OzoneManagerProtocolServerSideTranslatorPB.java:226) ~[ozone-manager-1.3.0-SNAPSHOT.jar:?]
	at org.apache.hadoop.ozone.protocolPB.OzoneManagerProtocolServerSideTranslatorPB.processRequest(OzoneManagerProtocolServerSideTranslatorPB.java:175) ~[ozone-manager-1.3.0-SNAPSHOT.jar:?]
	at org.apache.hadoop.hdds.server.OzoneProtocolMessageDispatcher.processRequest(OzoneProtocolMessageDispatcher.java:87) [hdds-server-framework-1.3.0-SNAPSHOT.jar:?]
	at org.apache.hadoop.ozone.protocolPB.OzoneManagerProtocolServerSideTranslatorPB.submitRequest(OzoneManagerProtocolServerSideTranslatorPB.java:147) [ozone-manager-1.3.0-SNAPSHOT.jar:?]
	at org.apache.hadoop.ozone.protocol.proto.OzoneManagerProtocolProtos$OzoneManagerService$2.callBlockingMethod(OzoneManagerProtocolProtos.java) [ozone-interface-client-1.3.0-SNAPSHOT.jar:?]
	at org.apache.hadoop.ipc.ProtobufRpcEngine$Server.processCall(ProtobufRpcEngine.java:466) [hadoop-common-3.3.1.jar:?]
	at org.apache.hadoop.ipc.ProtobufRpcEngine2$Server$ProtoBufRpcInvoker.call(ProtobufRpcEngine2.java:574) [hadoop-common-3.3.1.jar:?]
	at org.apache.hadoop.ipc.ProtobufRpcEngine2$Server$ProtoBufRpcInvoker.call(ProtobufRpcEngine2.java:552) [hadoop-common-3.3.1.jar:?]
	at org.apache.hadoop.ipc.RPC$Server.call(RPC.java:1093) [hadoop-common-3.3.1.jar:?]
	at org.apache.hadoop.ipc.Server$RpcCall.run(Server.java:1035) [hadoop-common-3.3.1.jar:?]
	at org.apache.hadoop.ipc.Server$RpcCall.run(Server.java:963) [hadoop-common-3.3.1.jar:?]
	at java.security.AccessController.doPrivileged(Native Method) ~[?:1.8.0_332]
	at javax.security.auth.Subject.doAs(Subject.java:422) [?:1.8.0_332]
	at org.apache.hadoop.security.UserGroupInformation.doAs(UserGroupInformation.java:1878) [hadoop-common-3.3.1.jar:?]
	at org.apache.hadoop.ipc.Server$Handler.run(Server.java:2966) [hadoop-common-3.3.1.jar:?]
13:49:19.909 [IPC Server handler 4 on default port 44975] ERROR OMAudit - user=runner | ip=127.0.0.1 | op=GET_FILE_STATUS {volume=volume92651, bucket=trashroottest2, key=.Trash, dataSize=0, replicationConfig=null} | ret=FAILURE
org.apache.hadoop.ozone.om.exceptions.OMException: Unable to get file status: volume: volume92651 bucket: trashroottest2 key: .Trash
	at org.apache.hadoop.ozone.om.KeyManagerImpl.getOzoneFileStatus(KeyManagerImpl.java:1311) ~[ozone-manager-1.3.0-SNAPSHOT.jar:?]
	at org.apache.hadoop.ozone.om.KeyManagerImpl.getFileStatus(KeyManagerImpl.java:1241) ~[ozone-manager-1.3.0-SNAPSHOT.jar:?]
	at org.apache.hadoop.ozone.om.OzoneManager.getFileStatus(OzoneManager.java:3467) ~[ozone-manager-1.3.0-SNAPSHOT.jar:?]
	at org.apache.hadoop.ozone.protocolPB.OzoneManagerRequestHandler.getOzoneFileStatus(OzoneManagerRequestHandler.java:878) ~[ozone-manager-1.3.0-SNAPSHOT.jar:?]
	at org.apache.hadoop.ozone.protocolPB.OzoneManagerRequestHandler.handleReadRequest(OzoneManagerRequestHandler.java:224) ~[ozone-manager-1.3.0-SNAPSHOT.jar:?]
	at org.apache.hadoop.ozone.protocolPB.OzoneManagerProtocolServerSideTranslatorPB.submitReadRequestToOM(OzoneManagerProtocolServerSideTranslatorPB.java:226) ~[ozone-manager-1.3.0-SNAPSHOT.jar:?]
	at org.apache.hadoop.ozone.protocolPB.OzoneManagerProtocolServerSideTranslatorPB.processRequest(OzoneManagerProtocolServerSideTranslatorPB.java:175) ~[ozone-manager-1.3.0-SNAPSHOT.jar:?]
	at org.apache.hadoop.hdds.server.OzoneProtocolMessageDispatcher.processRequest(OzoneProtocolMessageDispatcher.java:87) [hdds-server-framework-1.3.0-SNAPSHOT.jar:?]
	at org.apache.hadoop.ozone.protocolPB.OzoneManagerProtocolServerSideTranslatorPB.submitRequest(OzoneManagerProtocolServerSideTranslatorPB.java:147) [ozone-manager-1.3.0-SNAPSHOT.jar:?]
	at org.apache.hadoop.ozone.protocol.proto.OzoneManagerProtocolProtos$OzoneManagerService$2.callBlockingMethod(OzoneManagerProtocolProtos.java) [ozone-interface-client-1.3.0-SNAPSHOT.jar:?]
	at org.apache.hadoop.ipc.ProtobufRpcEngine$Server.processCall(ProtobufRpcEngine.java:466) [hadoop-common-3.3.1.jar:?]
	at org.apache.hadoop.ipc.ProtobufRpcEngine2$Server$ProtoBufRpcInvoker.call(ProtobufRpcEngine2.java:574) [hadoop-common-3.3.1.jar:?]
	at org.apache.hadoop.ipc.ProtobufRpcEngine2$Server$ProtoBufRpcInvoker.call(ProtobufRpcEngine2.java:552) [hadoop-common-3.3.1.jar:?]
	at org.apache.hadoop.ipc.RPC$Server.call(RPC.java:1093) [hadoop-common-3.3.1.jar:?]
	at org.apache.hadoop.ipc.Server$RpcCall.run(Server.java:1035) [hadoop-common-3.3.1.jar:?]
	at org.apache.hadoop.ipc.Server$RpcCall.run(Server.java:963) [hadoop-common-3.3.1.jar:?]
	at java.security.AccessController.doPrivileged(Native Method) ~[?:1.8.0_332]
	at javax.security.auth.Subject.doAs(Subject.java:422) [?:1.8.0_332]
	at org.apache.hadoop.security.UserGroupInformation.doAs(UserGroupInformation.java:1878) [hadoop-common-3.3.1.jar:?]
	at org.apache.hadoop.ipc.Server$Handler.run(Server.java:2966) [hadoop-common-3.3.1.jar:?]
13:49:19.931 [IPC Server handler 5 on default port 44975] ERROR OMAudit - user=runner | ip=127.0.0.1 | op=GET_FILE_STATUS {volume=8b3bae70-1ef5-4670-8b2a-41ff095bc3ab, bucket=0abf774a-2917-444b-9d39-adb158dd3462, key=.Trash/runner, dataSize=0, replicationConfig=null} | ret=FAILURE
org.apache.hadoop.ozone.om.exceptions.OMException: Unable to get file status: volume: 8b3bae70-1ef5-4670-8b2a-41ff095bc3ab bucket: 0abf774a-2917-444b-9d39-adb158dd3462 key: .Trash/runner
	at org.apache.hadoop.ozone.om.KeyManagerImpl.getOzoneFileStatus(KeyManagerImpl.java:1311) ~[ozone-manager-1.3.0-SNAPSHOT.jar:?]
	at org.apache.hadoop.ozone.om.KeyManagerImpl.getFileStatus(KeyManagerImpl.java:1241) ~[ozone-manager-1.3.0-SNAPSHOT.jar:?]
	at org.apache.hadoop.ozone.om.OzoneManager.getFileStatus(OzoneManager.java:3467) ~[ozone-manager-1.3.0-SNAPSHOT.jar:?]
	at org.apache.hadoop.ozone.protocolPB.OzoneManagerRequestHandler.getOzoneFileStatus(OzoneManagerRequestHandler.java:878) ~[ozone-manager-1.3.0-SNAPSHOT.jar:?]
	at org.apache.hadoop.ozone.protocolPB.OzoneManagerRequestHandler.handleReadRequest(OzoneManagerRequestHandler.java:224) ~[ozone-manager-1.3.0-SNAPSHOT.jar:?]
	at org.apache.hadoop.ozone.protocolPB.OzoneManagerProtocolServerSideTranslatorPB.submitReadRequestToOM(OzoneManagerProtocolServerSideTranslatorPB.java:226) ~[ozone-manager-1.3.0-SNAPSHOT.jar:?]
	at org.apache.hadoop.ozone.protocolPB.OzoneManagerProtocolServerSideTranslatorPB.processRequest(OzoneManagerProtocolServerSideTranslatorPB.java:175) ~[ozone-manager-1.3.0-SNAPSHOT.jar:?]
	at org.apache.hadoop.hdds.server.OzoneProtocolMessageDispatcher.processRequest(OzoneProtocolMessageDispatcher.java:87) [hdds-server-framework-1.3.0-SNAPSHOT.jar:?]
	at org.apache.hadoop.ozone.protocolPB.OzoneManagerProtocolServerSideTranslatorPB.submitRequest(OzoneManagerProtocolServerSideTranslatorPB.java:147) [ozone-manager-1.3.0-SNAPSHOT.jar:?]
	at org.apache.hadoop.ozone.protocol.proto.OzoneManagerProtocolProtos$OzoneManagerService$2.callBlockingMethod(OzoneManagerProtocolProtos.java) [ozone-interface-client-1.3.0-SNAPSHOT.jar:?]
	at org.apache.hadoop.ipc.ProtobufRpcEngine$Server.processCall(ProtobufRpcEngine.java:466) [hadoop-common-3.3.1.jar:?]
	at org.apache.hadoop.ipc.ProtobufRpcEngine2$Server$ProtoBufRpcInvoker.call(ProtobufRpcEngine2.java:574) [hadoop-common-3.3.1.jar:?]
	at org.apache.hadoop.ipc.ProtobufRpcEngine2$Server$ProtoBufRpcInvoker.call(ProtobufRpcEngine2.java:552) [hadoop-common-3.3.1.jar:?]
	at org.apache.hadoop.ipc.RPC$Server.call(RPC.java:1093) [hadoop-common-3.3.1.jar:?]
	at org.apache.hadoop.ipc.Server$RpcCall.run(Server.java:1035) [hadoop-common-3.3.1.jar:?]
	at org.apache.hadoop.ipc.Server$RpcCall.run(Server.java:963) [hadoop-common-3.3.1.jar:?]
	at java.security.AccessController.doPrivileged(Native Method) ~[?:1.8.0_332]
	at javax.security.auth.Subject.doAs(Subject.java:422) [?:1.8.0_332]
	at org.apache.hadoop.security.UserGroupInformation.doAs(UserGroupInformation.java:1878) [hadoop-common-3.3.1.jar:?]
	at org.apache.hadoop.ipc.Server$Handler.run(Server.java:2966) [hadoop-common-3.3.1.jar:?]
13:49:19.934 [IPC Server handler 19 on default port 44975] ERROR OMAudit - user=runner | ip=127.0.0.1 | op=GET_FILE_STATUS {volume=volume92651, bucket=bucket82910, key=.Trash/runner, dataSize=0, replicationConfig=null} | ret=FAILURE
org.apache.hadoop.ozone.om.exceptions.OMException: Unable to get file status: volume: volume92651 bucket: bucket82910 key: .Trash/runner
	at org.apache.hadoop.ozone.om.KeyManagerImpl.getOzoneFileStatus(KeyManagerImpl.java:1311) ~[ozone-manager-1.3.0-SNAPSHOT.jar:?]
	at org.apache.hadoop.ozone.om.KeyManagerImpl.getFileStatus(KeyManagerImpl.java:1241) ~[ozone-manager-1.3.0-SNAPSHOT.jar:?]
	at org.apache.hadoop.ozone.om.OzoneManager.getFileStatus(OzoneManager.java:3467) ~[ozone-manager-1.3.0-SNAPSHOT.jar:?]
	at org.apache.hadoop.ozone.protocolPB.OzoneManagerRequestHandler.getOzoneFileStatus(OzoneManagerRequestHandler.java:878) ~[ozone-manager-1.3.0-SNAPSHOT.jar:?]
	at org.apache.hadoop.ozone.protocolPB.OzoneManagerRequestHandler.handleReadRequest(OzoneManagerRequestHandler.java:224) ~[ozone-manager-1.3.0-SNAPSHOT.jar:?]
	at org.apache.hadoop.ozone.protocolPB.OzoneManagerProtocolServerSideTranslatorPB.submitReadRequestToOM(OzoneManagerProtocolServerSideTranslatorPB.java:226) ~[ozone-manager-1.3.0-SNAPSHOT.jar:?]
	at org.apache.hadoop.ozone.protocolPB.OzoneManagerProtocolServerSideTranslatorPB.processRequest(OzoneManagerProtocolServerSideTranslatorPB.java:175) ~[ozone-manager-1.3.0-SNAPSHOT.jar:?]
	at org.apache.hadoop.hdds.server.OzoneProtocolMessageDispatcher.processRequest(OzoneProtocolMessageDispatcher.java:87) [hdds-server-framework-1.3.0-SNAPSHOT.jar:?]
	at org.apache.hadoop.ozone.protocolPB.OzoneManagerProtocolServerSideTranslatorPB.submitRequest(OzoneManagerProtocolServerSideTranslatorPB.java:147) [ozone-manager-1.3.0-SNAPSHOT.jar:?]
	at org.apache.hadoop.ozone.protocol.proto.OzoneManagerProtocolProtos$OzoneManagerService$2.callBlockingMethod(OzoneManagerProtocolProtos.java) [ozone-interface-client-1.3.0-SNAPSHOT.jar:?]
	at org.apache.hadoop.ipc.ProtobufRpcEngine$Server.processCall(ProtobufRpcEngine.java:466) [hadoop-common-3.3.1.jar:?]
	at org.apache.hadoop.ipc.ProtobufRpcEngine2$Server$ProtoBufRpcInvoker.call(ProtobufRpcEngine2.java:574) [hadoop-common-3.3.1.jar:?]
	at org.apache.hadoop.ipc.ProtobufRpcEngine2$Server$ProtoBufRpcInvoker.call(ProtobufRpcEngine2.java:552) [hadoop-common-3.3.1.jar:?]
	at org.apache.hadoop.ipc.RPC$Server.call(RPC.java:1093) [hadoop-common-3.3.1.jar:?]
	at org.apache.hadoop.ipc.Server$RpcCall.run(Server.java:1035) [hadoop-common-3.3.1.jar:?]
	at org.apache.hadoop.ipc.Server$RpcCall.run(Server.java:963) [hadoop-common-3.3.1.jar:?]
	at java.security.AccessController.doPrivileged(Native Method) ~[?:1.8.0_332]
	at javax.security.auth.Subject.doAs(Subject.java:422) [?:1.8.0_332]
	at org.apache.hadoop.security.UserGroupInformation.doAs(UserGroupInformation.java:1878) [hadoop-common-3.3.1.jar:?]
	at org.apache.hadoop.ipc.Server$Handler.run(Server.java:2966) [hadoop-common-3.3.1.jar:?]
13:49:19.938 [IPC Server handler 11 on default port 44975] ERROR OMAudit - user=runner | ip=127.0.0.1 | op=GET_FILE_STATUS {volume=8b3bae70-1ef5-4670-8b2a-41ff095bc3ab, bucket=0abf774a-2917-444b-9d39-adb158dd3462, key=.Trash, dataSize=0, replicationConfig=null} | ret=FAILURE
org.apache.hadoop.ozone.om.exceptions.OMException: Unable to get file status: volume: 8b3bae70-1ef5-4670-8b2a-41ff095bc3ab bucket: 0abf774a-2917-444b-9d39-adb158dd3462 key: .Trash
	at org.apache.hadoop.ozone.om.KeyManagerImpl.getOzoneFileStatus(KeyManagerImpl.java:1311) ~[ozone-manager-1.3.0-SNAPSHOT.jar:?]
	at org.apache.hadoop.ozone.om.KeyManagerImpl.getFileStatus(KeyManagerImpl.java:1241) ~[ozone-manager-1.3.0-SNAPSHOT.jar:?]
	at org.apache.hadoop.ozone.om.OzoneManager.getFileStatus(OzoneManager.java:3467) ~[ozone-manager-1.3.0-SNAPSHOT.jar:?]
	at org.apache.hadoop.ozone.protocolPB.OzoneManagerRequestHandler.getOzoneFileStatus(OzoneManagerRequestHandler.java:878) ~[ozone-manager-1.3.0-SNAPSHOT.jar:?]
	at org.apache.hadoop.ozone.protocolPB.OzoneManagerRequestHandler.handleReadRequest(OzoneManagerRequestHandler.java:224) ~[ozone-manager-1.3.0-SNAPSHOT.jar:?]
	at org.apache.hadoop.ozone.protocolPB.OzoneManagerProtocolServerSideTranslatorPB.submitReadRequestToOM(OzoneManagerProtocolServerSideTranslatorPB.java:226) ~[ozone-manager-1.3.0-SNAPSHOT.jar:?]
	at org.apache.hadoop.ozone.protocolPB.OzoneManagerProtocolServerSideTranslatorPB.processRequest(OzoneManagerProtocolServerSideTranslatorPB.java:175) ~[ozone-manager-1.3.0-SNAPSHOT.jar:?]
	at org.apache.hadoop.hdds.server.OzoneProtocolMessageDispatcher.processRequest(OzoneProtocolMessageDispatcher.java:87) [hdds-server-framework-1.3.0-SNAPSHOT.jar:?]
	at org.apache.hadoop.ozone.protocolPB.OzoneManagerProtocolServerSideTranslatorPB.submitRequest(OzoneManagerProtocolServerSideTranslatorPB.java:147) [ozone-manager-1.3.0-SNAPSHOT.jar:?]
	at org.apache.hadoop.ozone.protocol.proto.OzoneManagerProtocolProtos$OzoneManagerService$2.callBlockingMethod(OzoneManagerProtocolProtos.java) [ozone-interface-client-1.3.0-SNAPSHOT.jar:?]
	at org.apache.hadoop.ipc.ProtobufRpcEngine$Server.processCall(ProtobufRpcEngine.java:466) [hadoop-common-3.3.1.jar:?]
	at org.apache.hadoop.ipc.ProtobufRpcEngine2$Server$ProtoBufRpcInvoker.call(ProtobufRpcEngine2.java:574) [hadoop-common-3.3.1.jar:?]
	at org.apache.hadoop.ipc.ProtobufRpcEngine2$Server$ProtoBufRpcInvoker.call(ProtobufRpcEngine2.java:552) [hadoop-common-3.3.1.jar:?]
	at org.apache.hadoop.ipc.RPC$Server.call(RPC.java:1093) [hadoop-common-3.3.1.jar:?]
	at org.apache.hadoop.ipc.Server$RpcCall.run(Server.java:1035) [hadoop-common-3.3.1.jar:?]
	at org.apache.hadoop.ipc.Server$RpcCall.run(Server.java:963) [hadoop-common-3.3.1.jar:?]
	at java.security.AccessController.doPrivileged(Native Method) ~[?:1.8.0_332]
	at javax.security.auth.Subject.doAs(Subject.java:422) [?:1.8.0_332]
	at org.apache.hadoop.security.UserGroupInformation.doAs(UserGroupInformation.java:1878) [hadoop-common-3.3.1.jar:?]
	at org.apache.hadoop.ipc.Server$Handler.run(Server.java:2966) [hadoop-common-3.3.1.jar:?]
]]></system-out>
  </testcase>
  <testcase name="testGetTrashRoots" classname="TestRootedOzoneFileSystem" time="0.576">
    <system-out><![CDATA[2022-07-27 13:50:24,494 [Time-limited test] INFO  rpc.RpcClient (RpcClient.java:createVolume(467)) - Creating Volume: volume61750, with user34039 as owner and space quota set to -1 bytes, counts quota set to -1
2022-07-27 13:50:24,500 [OM StateMachine ApplyTransaction Thread - 0] INFO  volume.OMVolumeCreateRequest (OMVolumeCreateRequest.java:validateAndUpdateCache(195)) - created volume:volume61750 for user:user34039
2022-07-27 13:50:24,502 [Time-limited test] INFO  rpc.RpcClient (RpcClient.java:createBucket(670)) - Creating Bucket: volume61750/bucket51339, with bucket layout LEGACY, runner as owner, Versioning false, Storage Type set to DISK and Encryption set to false 
2022-07-27 13:50:24,505 [OM StateMachine ApplyTransaction Thread - 0] INFO  bucket.OMBucketCreateRequest (OMBucketCreateRequest.java:validateAndUpdateCache(260)) - created bucket: bucket51339 of layout LEGACY in volume: volume61750
13:50:24.510 [IPC Server handler 1 on default port 46277] ERROR OMAudit - user=runner | ip=127.0.0.1 | op=GET_FILE_STATUS {volume=volume61750, bucket=bucket51339, key=.Trash/runner, dataSize=0, replicationConfig=null} | ret=FAILURE
org.apache.hadoop.ozone.om.exceptions.OMException: Unable to get file status: volume: volume61750 bucket: bucket51339 key: .Trash/runner
	at org.apache.hadoop.ozone.om.KeyManagerImpl.getOzoneFileStatus(KeyManagerImpl.java:1311) ~[ozone-manager-1.3.0-SNAPSHOT.jar:?]
	at org.apache.hadoop.ozone.om.KeyManagerImpl.getFileStatus(KeyManagerImpl.java:1241) ~[ozone-manager-1.3.0-SNAPSHOT.jar:?]
	at org.apache.hadoop.ozone.om.OzoneManager.getFileStatus(OzoneManager.java:3467) ~[ozone-manager-1.3.0-SNAPSHOT.jar:?]
	at org.apache.hadoop.ozone.protocolPB.OzoneManagerRequestHandler.getOzoneFileStatus(OzoneManagerRequestHandler.java:878) ~[ozone-manager-1.3.0-SNAPSHOT.jar:?]
	at org.apache.hadoop.ozone.protocolPB.OzoneManagerRequestHandler.handleReadRequest(OzoneManagerRequestHandler.java:224) ~[ozone-manager-1.3.0-SNAPSHOT.jar:?]
	at org.apache.hadoop.ozone.protocolPB.OzoneManagerProtocolServerSideTranslatorPB.submitReadRequestToOM(OzoneManagerProtocolServerSideTranslatorPB.java:226) ~[ozone-manager-1.3.0-SNAPSHOT.jar:?]
	at org.apache.hadoop.ozone.protocolPB.OzoneManagerProtocolServerSideTranslatorPB.processRequest(OzoneManagerProtocolServerSideTranslatorPB.java:175) ~[ozone-manager-1.3.0-SNAPSHOT.jar:?]
	at org.apache.hadoop.hdds.server.OzoneProtocolMessageDispatcher.processRequest(OzoneProtocolMessageDispatcher.java:87) [hdds-server-framework-1.3.0-SNAPSHOT.jar:?]
	at org.apache.hadoop.ozone.protocolPB.OzoneManagerProtocolServerSideTranslatorPB.submitRequest(OzoneManagerProtocolServerSideTranslatorPB.java:147) [ozone-manager-1.3.0-SNAPSHOT.jar:?]
	at org.apache.hadoop.ozone.protocol.proto.OzoneManagerProtocolProtos$OzoneManagerService$2.callBlockingMethod(OzoneManagerProtocolProtos.java) [ozone-interface-client-1.3.0-SNAPSHOT.jar:?]
	at org.apache.hadoop.ipc.ProtobufRpcEngine$Server.processCall(ProtobufRpcEngine.java:466) [hadoop-common-3.3.1.jar:?]
	at org.apache.hadoop.ipc.ProtobufRpcEngine2$Server$ProtoBufRpcInvoker.call(ProtobufRpcEngine2.java:574) [hadoop-common-3.3.1.jar:?]
	at org.apache.hadoop.ipc.ProtobufRpcEngine2$Server$ProtoBufRpcInvoker.call(ProtobufRpcEngine2.java:552) [hadoop-common-3.3.1.jar:?]
	at org.apache.hadoop.ipc.RPC$Server.call(RPC.java:1093) [hadoop-common-3.3.1.jar:?]
	at org.apache.hadoop.ipc.Server$RpcCall.run(Server.java:1035) [hadoop-common-3.3.1.jar:?]
	at org.apache.hadoop.ipc.Server$RpcCall.run(Server.java:963) [hadoop-common-3.3.1.jar:?]
	at java.security.AccessController.doPrivileged(Native Method) ~[?:1.8.0_332]
	at javax.security.auth.Subject.doAs(Subject.java:422) [?:1.8.0_332]
	at org.apache.hadoop.security.UserGroupInformation.doAs(UserGroupInformation.java:1878) [hadoop-common-3.3.1.jar:?]
	at org.apache.hadoop.ipc.Server$Handler.run(Server.java:2966) [hadoop-common-3.3.1.jar:?]
13:50:24.513 [IPC Server handler 10 on default port 46277] ERROR OMAudit - user=runner | ip=127.0.0.1 | op=GET_FILE_STATUS {volume=eb75a2c4-9b19-42d2-92d1-5baf371d8b09, bucket=d7ef283b-e39d-4b45-8d0e-55ab2294e400, key=.Trash, dataSize=0, replicationConfig=null} | ret=FAILURE
org.apache.hadoop.ozone.om.exceptions.OMException: Unable to get file status: volume: eb75a2c4-9b19-42d2-92d1-5baf371d8b09 bucket: d7ef283b-e39d-4b45-8d0e-55ab2294e400 key: .Trash
	at org.apache.hadoop.ozone.om.KeyManagerImpl.getOzoneFileStatus(KeyManagerImpl.java:1311) ~[ozone-manager-1.3.0-SNAPSHOT.jar:?]
	at org.apache.hadoop.ozone.om.KeyManagerImpl.getFileStatus(KeyManagerImpl.java:1241) ~[ozone-manager-1.3.0-SNAPSHOT.jar:?]
	at org.apache.hadoop.ozone.om.OzoneManager.getFileStatus(OzoneManager.java:3467) ~[ozone-manager-1.3.0-SNAPSHOT.jar:?]
	at org.apache.hadoop.ozone.protocolPB.OzoneManagerRequestHandler.getOzoneFileStatus(OzoneManagerRequestHandler.java:878) ~[ozone-manager-1.3.0-SNAPSHOT.jar:?]
	at org.apache.hadoop.ozone.protocolPB.OzoneManagerRequestHandler.handleReadRequest(OzoneManagerRequestHandler.java:224) ~[ozone-manager-1.3.0-SNAPSHOT.jar:?]
	at org.apache.hadoop.ozone.protocolPB.OzoneManagerProtocolServerSideTranslatorPB.submitReadRequestToOM(OzoneManagerProtocolServerSideTranslatorPB.java:226) ~[ozone-manager-1.3.0-SNAPSHOT.jar:?]
	at org.apache.hadoop.ozone.protocolPB.OzoneManagerProtocolServerSideTranslatorPB.processRequest(OzoneManagerProtocolServerSideTranslatorPB.java:175) ~[ozone-manager-1.3.0-SNAPSHOT.jar:?]
	at org.apache.hadoop.hdds.server.OzoneProtocolMessageDispatcher.processRequest(OzoneProtocolMessageDispatcher.java:87) [hdds-server-framework-1.3.0-SNAPSHOT.jar:?]
	at org.apache.hadoop.ozone.protocolPB.OzoneManagerProtocolServerSideTranslatorPB.submitRequest(OzoneManagerProtocolServerSideTranslatorPB.java:147) [ozone-manager-1.3.0-SNAPSHOT.jar:?]
	at org.apache.hadoop.ozone.protocol.proto.OzoneManagerProtocolProtos$OzoneManagerService$2.callBlockingMethod(OzoneManagerProtocolProtos.java) [ozone-interface-client-1.3.0-SNAPSHOT.jar:?]
	at org.apache.hadoop.ipc.ProtobufRpcEngine$Server.processCall(ProtobufRpcEngine.java:466) [hadoop-common-3.3.1.jar:?]
	at org.apache.hadoop.ipc.ProtobufRpcEngine2$Server$ProtoBufRpcInvoker.call(ProtobufRpcEngine2.java:574) [hadoop-common-3.3.1.jar:?]
	at org.apache.hadoop.ipc.ProtobufRpcEngine2$Server$ProtoBufRpcInvoker.call(ProtobufRpcEngine2.java:552) [hadoop-common-3.3.1.jar:?]
	at org.apache.hadoop.ipc.RPC$Server.call(RPC.java:1093) [hadoop-common-3.3.1.jar:?]
	at org.apache.hadoop.ipc.Server$RpcCall.run(Server.java:1035) [hadoop-common-3.3.1.jar:?]
	at org.apache.hadoop.ipc.Server$RpcCall.run(Server.java:963) [hadoop-common-3.3.1.jar:?]
	at java.security.AccessController.doPrivileged(Native Method) ~[?:1.8.0_332]
	at javax.security.auth.Subject.doAs(Subject.java:422) [?:1.8.0_332]
	at org.apache.hadoop.security.UserGroupInformation.doAs(UserGroupInformation.java:1878) [hadoop-common-3.3.1.jar:?]
	at org.apache.hadoop.ipc.Server$Handler.run(Server.java:2966) [hadoop-common-3.3.1.jar:?]
13:50:24.545 [IPC Server handler 13 on default port 46277] ERROR OMAudit - user=runner | ip=127.0.0.1 | op=GET_FILE_STATUS {volume=volume61750, bucket=bucket51339, key=.Trash, dataSize=0, replicationConfig=null} | ret=FAILURE
org.apache.hadoop.ozone.om.exceptions.OMException: Unable to get file status: volume: volume61750 bucket: bucket51339 key: .Trash
	at org.apache.hadoop.ozone.om.KeyManagerImpl.getOzoneFileStatus(KeyManagerImpl.java:1311) ~[ozone-manager-1.3.0-SNAPSHOT.jar:?]
	at org.apache.hadoop.ozone.om.KeyManagerImpl.getFileStatus(KeyManagerImpl.java:1241) ~[ozone-manager-1.3.0-SNAPSHOT.jar:?]
	at org.apache.hadoop.ozone.om.OzoneManager.getFileStatus(OzoneManager.java:3467) ~[ozone-manager-1.3.0-SNAPSHOT.jar:?]
	at org.apache.hadoop.ozone.protocolPB.OzoneManagerRequestHandler.getOzoneFileStatus(OzoneManagerRequestHandler.java:878) ~[ozone-manager-1.3.0-SNAPSHOT.jar:?]
	at org.apache.hadoop.ozone.protocolPB.OzoneManagerRequestHandler.handleReadRequest(OzoneManagerRequestHandler.java:224) ~[ozone-manager-1.3.0-SNAPSHOT.jar:?]
	at org.apache.hadoop.ozone.protocolPB.OzoneManagerProtocolServerSideTranslatorPB.submitReadRequestToOM(OzoneManagerProtocolServerSideTranslatorPB.java:226) ~[ozone-manager-1.3.0-SNAPSHOT.jar:?]
	at org.apache.hadoop.ozone.protocolPB.OzoneManagerProtocolServerSideTranslatorPB.processRequest(OzoneManagerProtocolServerSideTranslatorPB.java:175) ~[ozone-manager-1.3.0-SNAPSHOT.jar:?]
	at org.apache.hadoop.hdds.server.OzoneProtocolMessageDispatcher.processRequest(OzoneProtocolMessageDispatcher.java:87) [hdds-server-framework-1.3.0-SNAPSHOT.jar:?]
	at org.apache.hadoop.ozone.protocolPB.OzoneManagerProtocolServerSideTranslatorPB.submitRequest(OzoneManagerProtocolServerSideTranslatorPB.java:147) [ozone-manager-1.3.0-SNAPSHOT.jar:?]
	at org.apache.hadoop.ozone.protocol.proto.OzoneManagerProtocolProtos$OzoneManagerService$2.callBlockingMethod(OzoneManagerProtocolProtos.java) [ozone-interface-client-1.3.0-SNAPSHOT.jar:?]
	at org.apache.hadoop.ipc.ProtobufRpcEngine$Server.processCall(ProtobufRpcEngine.java:466) [hadoop-common-3.3.1.jar:?]
	at org.apache.hadoop.ipc.ProtobufRpcEngine2$Server$ProtoBufRpcInvoker.call(ProtobufRpcEngine2.java:574) [hadoop-common-3.3.1.jar:?]
	at org.apache.hadoop.ipc.ProtobufRpcEngine2$Server$ProtoBufRpcInvoker.call(ProtobufRpcEngine2.java:552) [hadoop-common-3.3.1.jar:?]
	at org.apache.hadoop.ipc.RPC$Server.call(RPC.java:1093) [hadoop-common-3.3.1.jar:?]
	at org.apache.hadoop.ipc.Server$RpcCall.run(Server.java:1035) [hadoop-common-3.3.1.jar:?]
	at org.apache.hadoop.ipc.Server$RpcCall.run(Server.java:963) [hadoop-common-3.3.1.jar:?]
	at java.security.AccessController.doPrivileged(Native Method) ~[?:1.8.0_332]
	at javax.security.auth.Subject.doAs(Subject.java:422) [?:1.8.0_332]
	at org.apache.hadoop.security.UserGroupInformation.doAs(UserGroupInformation.java:1878) [hadoop-common-3.3.1.jar:?]
	at org.apache.hadoop.ipc.Server$Handler.run(Server.java:2966) [hadoop-common-3.3.1.jar:?]
13:50:24.553 [IPC Server handler 12 on default port 46277] ERROR OMAudit - user=runner | ip=127.0.0.1 | op=GET_FILE_STATUS {volume=eb75a2c4-9b19-42d2-92d1-5baf371d8b09, bucket=d7ef283b-e39d-4b45-8d0e-55ab2294e400, key=.Trash, dataSize=0, replicationConfig=null} | ret=FAILURE
org.apache.hadoop.ozone.om.exceptions.OMException: Unable to get file status: volume: eb75a2c4-9b19-42d2-92d1-5baf371d8b09 bucket: d7ef283b-e39d-4b45-8d0e-55ab2294e400 key: .Trash
	at org.apache.hadoop.ozone.om.KeyManagerImpl.getOzoneFileStatus(KeyManagerImpl.java:1311) ~[ozone-manager-1.3.0-SNAPSHOT.jar:?]
	at org.apache.hadoop.ozone.om.KeyManagerImpl.getFileStatus(KeyManagerImpl.java:1241) ~[ozone-manager-1.3.0-SNAPSHOT.jar:?]
	at org.apache.hadoop.ozone.om.OzoneManager.getFileStatus(OzoneManager.java:3467) ~[ozone-manager-1.3.0-SNAPSHOT.jar:?]
	at org.apache.hadoop.ozone.protocolPB.OzoneManagerRequestHandler.getOzoneFileStatus(OzoneManagerRequestHandler.java:878) ~[ozone-manager-1.3.0-SNAPSHOT.jar:?]
	at org.apache.hadoop.ozone.protocolPB.OzoneManagerRequestHandler.handleReadRequest(OzoneManagerRequestHandler.java:224) ~[ozone-manager-1.3.0-SNAPSHOT.jar:?]
	at org.apache.hadoop.ozone.protocolPB.OzoneManagerProtocolServerSideTranslatorPB.submitReadRequestToOM(OzoneManagerProtocolServerSideTranslatorPB.java:226) ~[ozone-manager-1.3.0-SNAPSHOT.jar:?]
	at org.apache.hadoop.ozone.protocolPB.OzoneManagerProtocolServerSideTranslatorPB.processRequest(OzoneManagerProtocolServerSideTranslatorPB.java:175) ~[ozone-manager-1.3.0-SNAPSHOT.jar:?]
	at org.apache.hadoop.hdds.server.OzoneProtocolMessageDispatcher.processRequest(OzoneProtocolMessageDispatcher.java:87) [hdds-server-framework-1.3.0-SNAPSHOT.jar:?]
	at org.apache.hadoop.ozone.protocolPB.OzoneManagerProtocolServerSideTranslatorPB.submitRequest(OzoneManagerProtocolServerSideTranslatorPB.java:147) [ozone-manager-1.3.0-SNAPSHOT.jar:?]
	at org.apache.hadoop.ozone.protocol.proto.OzoneManagerProtocolProtos$OzoneManagerService$2.callBlockingMethod(OzoneManagerProtocolProtos.java) [ozone-interface-client-1.3.0-SNAPSHOT.jar:?]
	at org.apache.hadoop.ipc.ProtobufRpcEngine$Server.processCall(ProtobufRpcEngine.java:466) [hadoop-common-3.3.1.jar:?]
	at org.apache.hadoop.ipc.ProtobufRpcEngine2$Server$ProtoBufRpcInvoker.call(ProtobufRpcEngine2.java:574) [hadoop-common-3.3.1.jar:?]
	at org.apache.hadoop.ipc.ProtobufRpcEngine2$Server$ProtoBufRpcInvoker.call(ProtobufRpcEngine2.java:552) [hadoop-common-3.3.1.jar:?]
	at org.apache.hadoop.ipc.RPC$Server.call(RPC.java:1093) [hadoop-common-3.3.1.jar:?]
	at org.apache.hadoop.ipc.Server$RpcCall.run(Server.java:1035) [hadoop-common-3.3.1.jar:?]
	at org.apache.hadoop.ipc.Server$RpcCall.run(Server.java:963) [hadoop-common-3.3.1.jar:?]
	at java.security.AccessController.doPrivileged(Native Method) ~[?:1.8.0_332]
	at javax.security.auth.Subject.doAs(Subject.java:422) [?:1.8.0_332]
	at org.apache.hadoop.security.UserGroupInformation.doAs(UserGroupInformation.java:1878) [hadoop-common-3.3.1.jar:?]
	at org.apache.hadoop.ipc.Server$Handler.run(Server.java:2966) [hadoop-common-3.3.1.jar:?]
13:50:24.566 [IPC Server handler 2 on default port 46277] ERROR OMAudit - user=runner | ip=127.0.0.1 | op=GET_FILE_STATUS {volume=eb75a2c4-9b19-42d2-92d1-5baf371d8b09, bucket=d7ef283b-e39d-4b45-8d0e-55ab2294e400, key=.Trash, dataSize=0, replicationConfig=null} | ret=FAILURE
org.apache.hadoop.ozone.om.exceptions.OMException: Unable to get file status: volume: eb75a2c4-9b19-42d2-92d1-5baf371d8b09 bucket: d7ef283b-e39d-4b45-8d0e-55ab2294e400 key: .Trash
	at org.apache.hadoop.ozone.om.KeyManagerImpl.getOzoneFileStatus(KeyManagerImpl.java:1311) ~[ozone-manager-1.3.0-SNAPSHOT.jar:?]
	at org.apache.hadoop.ozone.om.KeyManagerImpl.getFileStatus(KeyManagerImpl.java:1241) ~[ozone-manager-1.3.0-SNAPSHOT.jar:?]
	at org.apache.hadoop.ozone.om.OzoneManager.getFileStatus(OzoneManager.java:3467) ~[ozone-manager-1.3.0-SNAPSHOT.jar:?]
	at org.apache.hadoop.ozone.protocolPB.OzoneManagerRequestHandler.getOzoneFileStatus(OzoneManagerRequestHandler.java:878) ~[ozone-manager-1.3.0-SNAPSHOT.jar:?]
	at org.apache.hadoop.ozone.protocolPB.OzoneManagerRequestHandler.handleReadRequest(OzoneManagerRequestHandler.java:224) ~[ozone-manager-1.3.0-SNAPSHOT.jar:?]
	at org.apache.hadoop.ozone.protocolPB.OzoneManagerProtocolServerSideTranslatorPB.submitReadRequestToOM(OzoneManagerProtocolServerSideTranslatorPB.java:226) ~[ozone-manager-1.3.0-SNAPSHOT.jar:?]
	at org.apache.hadoop.ozone.protocolPB.OzoneManagerProtocolServerSideTranslatorPB.processRequest(OzoneManagerProtocolServerSideTranslatorPB.java:175) ~[ozone-manager-1.3.0-SNAPSHOT.jar:?]
	at org.apache.hadoop.hdds.server.OzoneProtocolMessageDispatcher.processRequest(OzoneProtocolMessageDispatcher.java:87) [hdds-server-framework-1.3.0-SNAPSHOT.jar:?]
	at org.apache.hadoop.ozone.protocolPB.OzoneManagerProtocolServerSideTranslatorPB.submitRequest(OzoneManagerProtocolServerSideTranslatorPB.java:147) [ozone-manager-1.3.0-SNAPSHOT.jar:?]
	at org.apache.hadoop.ozone.protocol.proto.OzoneManagerProtocolProtos$OzoneManagerService$2.callBlockingMethod(OzoneManagerProtocolProtos.java) [ozone-interface-client-1.3.0-SNAPSHOT.jar:?]
	at org.apache.hadoop.ipc.ProtobufRpcEngine$Server.processCall(ProtobufRpcEngine.java:466) [hadoop-common-3.3.1.jar:?]
	at org.apache.hadoop.ipc.ProtobufRpcEngine2$Server$ProtoBufRpcInvoker.call(ProtobufRpcEngine2.java:574) [hadoop-common-3.3.1.jar:?]
	at org.apache.hadoop.ipc.ProtobufRpcEngine2$Server$ProtoBufRpcInvoker.call(ProtobufRpcEngine2.java:552) [hadoop-common-3.3.1.jar:?]
	at org.apache.hadoop.ipc.RPC$Server.call(RPC.java:1093) [hadoop-common-3.3.1.jar:?]
	at org.apache.hadoop.ipc.Server$RpcCall.run(Server.java:1035) [hadoop-common-3.3.1.jar:?]
	at org.apache.hadoop.ipc.Server$RpcCall.run(Server.java:963) [hadoop-common-3.3.1.jar:?]
	at java.security.AccessController.doPrivileged(Native Method) ~[?:1.8.0_332]
	at javax.security.auth.Subject.doAs(Subject.java:422) [?:1.8.0_332]
	at org.apache.hadoop.security.UserGroupInformation.doAs(UserGroupInformation.java:1878) [hadoop-common-3.3.1.jar:?]
	at org.apache.hadoop.ipc.Server$Handler.run(Server.java:2966) [hadoop-common-3.3.1.jar:?]
2022-07-27 13:50:24,572 [Time-limited test] INFO  rpc.RpcClient (RpcClient.java:createBucket(670)) - Creating Bucket: volume61750/trashroottest2, with bucket layout LEGACY, runner as owner, Versioning false, Storage Type set to DISK and Encryption set to false 
2022-07-27 13:50:24,573 [OM StateMachine ApplyTransaction Thread - 0] INFO  bucket.OMBucketCreateRequest (OMBucketCreateRequest.java:validateAndUpdateCache(260)) - created bucket: trashroottest2 of layout LEGACY in volume: volume61750
13:50:24.706 [IPC Server handler 16 on default port 46277] ERROR OMAudit - user=runner | ip=127.0.0.1 | op=GET_FILE_STATUS {volume=eb75a2c4-9b19-42d2-92d1-5baf371d8b09, bucket=d7ef283b-e39d-4b45-8d0e-55ab2294e400, key=.Trash, dataSize=0, replicationConfig=null} | ret=FAILURE
org.apache.hadoop.ozone.om.exceptions.OMException: Unable to get file status: volume: eb75a2c4-9b19-42d2-92d1-5baf371d8b09 bucket: d7ef283b-e39d-4b45-8d0e-55ab2294e400 key: .Trash
	at org.apache.hadoop.ozone.om.KeyManagerImpl.getOzoneFileStatus(KeyManagerImpl.java:1311) ~[ozone-manager-1.3.0-SNAPSHOT.jar:?]
	at org.apache.hadoop.ozone.om.KeyManagerImpl.getFileStatus(KeyManagerImpl.java:1241) ~[ozone-manager-1.3.0-SNAPSHOT.jar:?]
	at org.apache.hadoop.ozone.om.OzoneManager.getFileStatus(OzoneManager.java:3467) ~[ozone-manager-1.3.0-SNAPSHOT.jar:?]
	at org.apache.hadoop.ozone.protocolPB.OzoneManagerRequestHandler.getOzoneFileStatus(OzoneManagerRequestHandler.java:878) ~[ozone-manager-1.3.0-SNAPSHOT.jar:?]
	at org.apache.hadoop.ozone.protocolPB.OzoneManagerRequestHandler.handleReadRequest(OzoneManagerRequestHandler.java:224) ~[ozone-manager-1.3.0-SNAPSHOT.jar:?]
	at org.apache.hadoop.ozone.protocolPB.OzoneManagerProtocolServerSideTranslatorPB.submitReadRequestToOM(OzoneManagerProtocolServerSideTranslatorPB.java:226) ~[ozone-manager-1.3.0-SNAPSHOT.jar:?]
	at org.apache.hadoop.ozone.protocolPB.OzoneManagerProtocolServerSideTranslatorPB.processRequest(OzoneManagerProtocolServerSideTranslatorPB.java:175) ~[ozone-manager-1.3.0-SNAPSHOT.jar:?]
	at org.apache.hadoop.hdds.server.OzoneProtocolMessageDispatcher.processRequest(OzoneProtocolMessageDispatcher.java:87) [hdds-server-framework-1.3.0-SNAPSHOT.jar:?]
	at org.apache.hadoop.ozone.protocolPB.OzoneManagerProtocolServerSideTranslatorPB.submitRequest(OzoneManagerProtocolServerSideTranslatorPB.java:147) [ozone-manager-1.3.0-SNAPSHOT.jar:?]
	at org.apache.hadoop.ozone.protocol.proto.OzoneManagerProtocolProtos$OzoneManagerService$2.callBlockingMethod(OzoneManagerProtocolProtos.java) [ozone-interface-client-1.3.0-SNAPSHOT.jar:?]
	at org.apache.hadoop.ipc.ProtobufRpcEngine$Server.processCall(ProtobufRpcEngine.java:466) [hadoop-common-3.3.1.jar:?]
	at org.apache.hadoop.ipc.ProtobufRpcEngine2$Server$ProtoBufRpcInvoker.call(ProtobufRpcEngine2.java:574) [hadoop-common-3.3.1.jar:?]
	at org.apache.hadoop.ipc.ProtobufRpcEngine2$Server$ProtoBufRpcInvoker.call(ProtobufRpcEngine2.java:552) [hadoop-common-3.3.1.jar:?]
	at org.apache.hadoop.ipc.RPC$Server.call(RPC.java:1093) [hadoop-common-3.3.1.jar:?]
	at org.apache.hadoop.ipc.Server$RpcCall.run(Server.java:1035) [hadoop-common-3.3.1.jar:?]
	at org.apache.hadoop.ipc.Server$RpcCall.run(Server.java:963) [hadoop-common-3.3.1.jar:?]
	at java.security.AccessController.doPrivileged(Native Method) ~[?:1.8.0_332]
	at javax.security.auth.Subject.doAs(Subject.java:422) [?:1.8.0_332]
	at org.apache.hadoop.security.UserGroupInformation.doAs(UserGroupInformation.java:1878) [hadoop-common-3.3.1.jar:?]
	at org.apache.hadoop.ipc.Server$Handler.run(Server.java:2966) [hadoop-common-3.3.1.jar:?]
13:50:24.735 [IPC Server handler 4 on default port 46277] ERROR OMAudit - user=runner | ip=127.0.0.1 | op=GET_FILE_STATUS {volume=eb75a2c4-9b19-42d2-92d1-5baf371d8b09, bucket=d7ef283b-e39d-4b45-8d0e-55ab2294e400, key=.Trash, dataSize=0, replicationConfig=null} | ret=FAILURE
org.apache.hadoop.ozone.om.exceptions.OMException: Unable to get file status: volume: eb75a2c4-9b19-42d2-92d1-5baf371d8b09 bucket: d7ef283b-e39d-4b45-8d0e-55ab2294e400 key: .Trash
	at org.apache.hadoop.ozone.om.KeyManagerImpl.getOzoneFileStatus(KeyManagerImpl.java:1311) ~[ozone-manager-1.3.0-SNAPSHOT.jar:?]
	at org.apache.hadoop.ozone.om.KeyManagerImpl.getFileStatus(KeyManagerImpl.java:1241) ~[ozone-manager-1.3.0-SNAPSHOT.jar:?]
	at org.apache.hadoop.ozone.om.OzoneManager.getFileStatus(OzoneManager.java:3467) ~[ozone-manager-1.3.0-SNAPSHOT.jar:?]
	at org.apache.hadoop.ozone.protocolPB.OzoneManagerRequestHandler.getOzoneFileStatus(OzoneManagerRequestHandler.java:878) ~[ozone-manager-1.3.0-SNAPSHOT.jar:?]
	at org.apache.hadoop.ozone.protocolPB.OzoneManagerRequestHandler.handleReadRequest(OzoneManagerRequestHandler.java:224) ~[ozone-manager-1.3.0-SNAPSHOT.jar:?]
	at org.apache.hadoop.ozone.protocolPB.OzoneManagerProtocolServerSideTranslatorPB.submitReadRequestToOM(OzoneManagerProtocolServerSideTranslatorPB.java:226) ~[ozone-manager-1.3.0-SNAPSHOT.jar:?]
	at org.apache.hadoop.ozone.protocolPB.OzoneManagerProtocolServerSideTranslatorPB.processRequest(OzoneManagerProtocolServerSideTranslatorPB.java:175) ~[ozone-manager-1.3.0-SNAPSHOT.jar:?]
	at org.apache.hadoop.hdds.server.OzoneProtocolMessageDispatcher.processRequest(OzoneProtocolMessageDispatcher.java:87) [hdds-server-framework-1.3.0-SNAPSHOT.jar:?]
	at org.apache.hadoop.ozone.protocolPB.OzoneManagerProtocolServerSideTranslatorPB.submitRequest(OzoneManagerProtocolServerSideTranslatorPB.java:147) [ozone-manager-1.3.0-SNAPSHOT.jar:?]
	at org.apache.hadoop.ozone.protocol.proto.OzoneManagerProtocolProtos$OzoneManagerService$2.callBlockingMethod(OzoneManagerProtocolProtos.java) [ozone-interface-client-1.3.0-SNAPSHOT.jar:?]
	at org.apache.hadoop.ipc.ProtobufRpcEngine$Server.processCall(ProtobufRpcEngine.java:466) [hadoop-common-3.3.1.jar:?]
	at org.apache.hadoop.ipc.ProtobufRpcEngine2$Server$ProtoBufRpcInvoker.call(ProtobufRpcEngine2.java:574) [hadoop-common-3.3.1.jar:?]
	at org.apache.hadoop.ipc.ProtobufRpcEngine2$Server$ProtoBufRpcInvoker.call(ProtobufRpcEngine2.java:552) [hadoop-common-3.3.1.jar:?]
	at org.apache.hadoop.ipc.RPC$Server.call(RPC.java:1093) [hadoop-common-3.3.1.jar:?]
	at org.apache.hadoop.ipc.Server$RpcCall.run(Server.java:1035) [hadoop-common-3.3.1.jar:?]
	at org.apache.hadoop.ipc.Server$RpcCall.run(Server.java:963) [hadoop-common-3.3.1.jar:?]
	at java.security.AccessController.doPrivileged(Native Method) ~[?:1.8.0_332]
	at javax.security.auth.Subject.doAs(Subject.java:422) [?:1.8.0_332]
	at org.apache.hadoop.security.UserGroupInformation.doAs(UserGroupInformation.java:1878) [hadoop-common-3.3.1.jar:?]
	at org.apache.hadoop.ipc.Server$Handler.run(Server.java:2966) [hadoop-common-3.3.1.jar:?]
2022-07-27 13:50:24,816 [Time-limited test] INFO  rpc.RpcClient (RpcClient.java:createVolume(467)) - Creating Volume: volume56583, with user15731 as owner and space quota set to -1 bytes, counts quota set to -1
2022-07-27 13:50:24,818 [OM StateMachine ApplyTransaction Thread - 0] INFO  volume.OMVolumeCreateRequest (OMVolumeCreateRequest.java:validateAndUpdateCache(195)) - created volume:volume56583 for user:user15731
2022-07-27 13:50:24,818 [Time-limited test] INFO  rpc.RpcClient (RpcClient.java:createBucket(670)) - Creating Bucket: volume56583/bucket40681, with bucket layout LEGACY, runner as owner, Versioning false, Storage Type set to DISK and Encryption set to false 
2022-07-27 13:50:24,820 [OM StateMachine ApplyTransaction Thread - 0] INFO  bucket.OMBucketCreateRequest (OMBucketCreateRequest.java:validateAndUpdateCache(260)) - created bucket: bucket40681 of layout LEGACY in volume: volume56583
13:50:24.832 [IPC Server handler 1 on default port 46277] ERROR OMAudit - user=runner | ip=127.0.0.1 | op=GET_FILE_STATUS {volume=eb75a2c4-9b19-42d2-92d1-5baf371d8b09, bucket=d7ef283b-e39d-4b45-8d0e-55ab2294e400, key=.Trash, dataSize=0, replicationConfig=null} | ret=FAILURE
org.apache.hadoop.ozone.om.exceptions.OMException: Unable to get file status: volume: eb75a2c4-9b19-42d2-92d1-5baf371d8b09 bucket: d7ef283b-e39d-4b45-8d0e-55ab2294e400 key: .Trash
	at org.apache.hadoop.ozone.om.KeyManagerImpl.getOzoneFileStatus(KeyManagerImpl.java:1311) ~[ozone-manager-1.3.0-SNAPSHOT.jar:?]
	at org.apache.hadoop.ozone.om.KeyManagerImpl.getFileStatus(KeyManagerImpl.java:1241) ~[ozone-manager-1.3.0-SNAPSHOT.jar:?]
	at org.apache.hadoop.ozone.om.OzoneManager.getFileStatus(OzoneManager.java:3467) ~[ozone-manager-1.3.0-SNAPSHOT.jar:?]
	at org.apache.hadoop.ozone.protocolPB.OzoneManagerRequestHandler.getOzoneFileStatus(OzoneManagerRequestHandler.java:878) ~[ozone-manager-1.3.0-SNAPSHOT.jar:?]
	at org.apache.hadoop.ozone.protocolPB.OzoneManagerRequestHandler.handleReadRequest(OzoneManagerRequestHandler.java:224) ~[ozone-manager-1.3.0-SNAPSHOT.jar:?]
	at org.apache.hadoop.ozone.protocolPB.OzoneManagerProtocolServerSideTranslatorPB.submitReadRequestToOM(OzoneManagerProtocolServerSideTranslatorPB.java:226) ~[ozone-manager-1.3.0-SNAPSHOT.jar:?]
	at org.apache.hadoop.ozone.protocolPB.OzoneManagerProtocolServerSideTranslatorPB.processRequest(OzoneManagerProtocolServerSideTranslatorPB.java:175) ~[ozone-manager-1.3.0-SNAPSHOT.jar:?]
	at org.apache.hadoop.hdds.server.OzoneProtocolMessageDispatcher.processRequest(OzoneProtocolMessageDispatcher.java:87) [hdds-server-framework-1.3.0-SNAPSHOT.jar:?]
	at org.apache.hadoop.ozone.protocolPB.OzoneManagerProtocolServerSideTranslatorPB.submitRequest(OzoneManagerProtocolServerSideTranslatorPB.java:147) [ozone-manager-1.3.0-SNAPSHOT.jar:?]
	at org.apache.hadoop.ozone.protocol.proto.OzoneManagerProtocolProtos$OzoneManagerService$2.callBlockingMethod(OzoneManagerProtocolProtos.java) [ozone-interface-client-1.3.0-SNAPSHOT.jar:?]
	at org.apache.hadoop.ipc.ProtobufRpcEngine$Server.processCall(ProtobufRpcEngine.java:466) [hadoop-common-3.3.1.jar:?]
	at org.apache.hadoop.ipc.ProtobufRpcEngine2$Server$ProtoBufRpcInvoker.call(ProtobufRpcEngine2.java:574) [hadoop-common-3.3.1.jar:?]
	at org.apache.hadoop.ipc.ProtobufRpcEngine2$Server$ProtoBufRpcInvoker.call(ProtobufRpcEngine2.java:552) [hadoop-common-3.3.1.jar:?]
	at org.apache.hadoop.ipc.RPC$Server.call(RPC.java:1093) [hadoop-common-3.3.1.jar:?]
	at org.apache.hadoop.ipc.Server$RpcCall.run(Server.java:1035) [hadoop-common-3.3.1.jar:?]
	at org.apache.hadoop.ipc.Server$RpcCall.run(Server.java:963) [hadoop-common-3.3.1.jar:?]
	at java.security.AccessController.doPrivileged(Native Method) ~[?:1.8.0_332]
	at javax.security.auth.Subject.doAs(Subject.java:422) [?:1.8.0_332]
	at org.apache.hadoop.security.UserGroupInformation.doAs(UserGroupInformation.java:1878) [hadoop-common-3.3.1.jar:?]
	at org.apache.hadoop.ipc.Server$Handler.run(Server.java:2966) [hadoop-common-3.3.1.jar:?]
13:50:24.859 [IPC Server handler 18 on default port 46277] ERROR OMAudit - user=runner | ip=127.0.0.1 | op=GET_FILE_STATUS {volume=eb75a2c4-9b19-42d2-92d1-5baf371d8b09, bucket=d7ef283b-e39d-4b45-8d0e-55ab2294e400, key=.Trash, dataSize=0, replicationConfig=null} | ret=FAILURE
org.apache.hadoop.ozone.om.exceptions.OMException: Unable to get file status: volume: eb75a2c4-9b19-42d2-92d1-5baf371d8b09 bucket: d7ef283b-e39d-4b45-8d0e-55ab2294e400 key: .Trash
	at org.apache.hadoop.ozone.om.KeyManagerImpl.getOzoneFileStatus(KeyManagerImpl.java:1311) ~[ozone-manager-1.3.0-SNAPSHOT.jar:?]
	at org.apache.hadoop.ozone.om.KeyManagerImpl.getFileStatus(KeyManagerImpl.java:1241) ~[ozone-manager-1.3.0-SNAPSHOT.jar:?]
	at org.apache.hadoop.ozone.om.OzoneManager.getFileStatus(OzoneManager.java:3467) ~[ozone-manager-1.3.0-SNAPSHOT.jar:?]
	at org.apache.hadoop.ozone.protocolPB.OzoneManagerRequestHandler.getOzoneFileStatus(OzoneManagerRequestHandler.java:878) ~[ozone-manager-1.3.0-SNAPSHOT.jar:?]
	at org.apache.hadoop.ozone.protocolPB.OzoneManagerRequestHandler.handleReadRequest(OzoneManagerRequestHandler.java:224) ~[ozone-manager-1.3.0-SNAPSHOT.jar:?]
	at org.apache.hadoop.ozone.protocolPB.OzoneManagerProtocolServerSideTranslatorPB.submitReadRequestToOM(OzoneManagerProtocolServerSideTranslatorPB.java:226) ~[ozone-manager-1.3.0-SNAPSHOT.jar:?]
	at org.apache.hadoop.ozone.protocolPB.OzoneManagerProtocolServerSideTranslatorPB.processRequest(OzoneManagerProtocolServerSideTranslatorPB.java:175) ~[ozone-manager-1.3.0-SNAPSHOT.jar:?]
	at org.apache.hadoop.hdds.server.OzoneProtocolMessageDispatcher.processRequest(OzoneProtocolMessageDispatcher.java:87) [hdds-server-framework-1.3.0-SNAPSHOT.jar:?]
	at org.apache.hadoop.ozone.protocolPB.OzoneManagerProtocolServerSideTranslatorPB.submitRequest(OzoneManagerProtocolServerSideTranslatorPB.java:147) [ozone-manager-1.3.0-SNAPSHOT.jar:?]
	at org.apache.hadoop.ozone.protocol.proto.OzoneManagerProtocolProtos$OzoneManagerService$2.callBlockingMethod(OzoneManagerProtocolProtos.java) [ozone-interface-client-1.3.0-SNAPSHOT.jar:?]
	at org.apache.hadoop.ipc.ProtobufRpcEngine$Server.processCall(ProtobufRpcEngine.java:466) [hadoop-common-3.3.1.jar:?]
	at org.apache.hadoop.ipc.ProtobufRpcEngine2$Server$ProtoBufRpcInvoker.call(ProtobufRpcEngine2.java:574) [hadoop-common-3.3.1.jar:?]
	at org.apache.hadoop.ipc.ProtobufRpcEngine2$Server$ProtoBufRpcInvoker.call(ProtobufRpcEngine2.java:552) [hadoop-common-3.3.1.jar:?]
	at org.apache.hadoop.ipc.RPC$Server.call(RPC.java:1093) [hadoop-common-3.3.1.jar:?]
	at org.apache.hadoop.ipc.Server$RpcCall.run(Server.java:1035) [hadoop-common-3.3.1.jar:?]
	at org.apache.hadoop.ipc.Server$RpcCall.run(Server.java:963) [hadoop-common-3.3.1.jar:?]
	at java.security.AccessController.doPrivileged(Native Method) ~[?:1.8.0_332]
	at javax.security.auth.Subject.doAs(Subject.java:422) [?:1.8.0_332]
	at org.apache.hadoop.security.UserGroupInformation.doAs(UserGroupInformation.java:1878) [hadoop-common-3.3.1.jar:?]
	at org.apache.hadoop.ipc.Server$Handler.run(Server.java:2966) [hadoop-common-3.3.1.jar:?]
13:50:24.892 [IPC Server handler 18 on default port 46277] ERROR OMAudit - user=runner | ip=127.0.0.1 | op=GET_FILE_STATUS {volume=volume56583, bucket=bucket40681, key=.Trash/runner, dataSize=0, replicationConfig=null} | ret=FAILURE
org.apache.hadoop.ozone.om.exceptions.OMException: Unable to get file status: volume: volume56583 bucket: bucket40681 key: .Trash/runner
	at org.apache.hadoop.ozone.om.KeyManagerImpl.getOzoneFileStatus(KeyManagerImpl.java:1311) ~[ozone-manager-1.3.0-SNAPSHOT.jar:?]
	at org.apache.hadoop.ozone.om.KeyManagerImpl.getFileStatus(KeyManagerImpl.java:1241) ~[ozone-manager-1.3.0-SNAPSHOT.jar:?]
	at org.apache.hadoop.ozone.om.OzoneManager.getFileStatus(OzoneManager.java:3467) ~[ozone-manager-1.3.0-SNAPSHOT.jar:?]
	at org.apache.hadoop.ozone.protocolPB.OzoneManagerRequestHandler.getOzoneFileStatus(OzoneManagerRequestHandler.java:878) ~[ozone-manager-1.3.0-SNAPSHOT.jar:?]
	at org.apache.hadoop.ozone.protocolPB.OzoneManagerRequestHandler.handleReadRequest(OzoneManagerRequestHandler.java:224) ~[ozone-manager-1.3.0-SNAPSHOT.jar:?]
	at org.apache.hadoop.ozone.protocolPB.OzoneManagerProtocolServerSideTranslatorPB.submitReadRequestToOM(OzoneManagerProtocolServerSideTranslatorPB.java:226) ~[ozone-manager-1.3.0-SNAPSHOT.jar:?]
	at org.apache.hadoop.ozone.protocolPB.OzoneManagerProtocolServerSideTranslatorPB.processRequest(OzoneManagerProtocolServerSideTranslatorPB.java:175) ~[ozone-manager-1.3.0-SNAPSHOT.jar:?]
	at org.apache.hadoop.hdds.server.OzoneProtocolMessageDispatcher.processRequest(OzoneProtocolMessageDispatcher.java:87) [hdds-server-framework-1.3.0-SNAPSHOT.jar:?]
	at org.apache.hadoop.ozone.protocolPB.OzoneManagerProtocolServerSideTranslatorPB.submitRequest(OzoneManagerProtocolServerSideTranslatorPB.java:147) [ozone-manager-1.3.0-SNAPSHOT.jar:?]
	at org.apache.hadoop.ozone.protocol.proto.OzoneManagerProtocolProtos$OzoneManagerService$2.callBlockingMethod(OzoneManagerProtocolProtos.java) [ozone-interface-client-1.3.0-SNAPSHOT.jar:?]
	at org.apache.hadoop.ipc.ProtobufRpcEngine$Server.processCall(ProtobufRpcEngine.java:466) [hadoop-common-3.3.1.jar:?]
	at org.apache.hadoop.ipc.ProtobufRpcEngine2$Server$ProtoBufRpcInvoker.call(ProtobufRpcEngine2.java:574) [hadoop-common-3.3.1.jar:?]
	at org.apache.hadoop.ipc.ProtobufRpcEngine2$Server$ProtoBufRpcInvoker.call(ProtobufRpcEngine2.java:552) [hadoop-common-3.3.1.jar:?]
	at org.apache.hadoop.ipc.RPC$Server.call(RPC.java:1093) [hadoop-common-3.3.1.jar:?]
	at org.apache.hadoop.ipc.Server$RpcCall.run(Server.java:1035) [hadoop-common-3.3.1.jar:?]
	at org.apache.hadoop.ipc.Server$RpcCall.run(Server.java:963) [hadoop-common-3.3.1.jar:?]
	at java.security.AccessController.doPrivileged(Native Method) ~[?:1.8.0_332]
	at javax.security.auth.Subject.doAs(Subject.java:422) [?:1.8.0_332]
	at org.apache.hadoop.security.UserGroupInformation.doAs(UserGroupInformation.java:1878) [hadoop-common-3.3.1.jar:?]
	at org.apache.hadoop.ipc.Server$Handler.run(Server.java:2966) [hadoop-common-3.3.1.jar:?]
13:50:24.895 [IPC Server handler 5 on default port 46277] ERROR OMAudit - user=runner | ip=127.0.0.1 | op=GET_FILE_STATUS {volume=eb75a2c4-9b19-42d2-92d1-5baf371d8b09, bucket=d7ef283b-e39d-4b45-8d0e-55ab2294e400, key=.Trash, dataSize=0, replicationConfig=null} | ret=FAILURE
org.apache.hadoop.ozone.om.exceptions.OMException: Unable to get file status: volume: eb75a2c4-9b19-42d2-92d1-5baf371d8b09 bucket: d7ef283b-e39d-4b45-8d0e-55ab2294e400 key: .Trash
	at org.apache.hadoop.ozone.om.KeyManagerImpl.getOzoneFileStatus(KeyManagerImpl.java:1311) ~[ozone-manager-1.3.0-SNAPSHOT.jar:?]
	at org.apache.hadoop.ozone.om.KeyManagerImpl.getFileStatus(KeyManagerImpl.java:1241) ~[ozone-manager-1.3.0-SNAPSHOT.jar:?]
	at org.apache.hadoop.ozone.om.OzoneManager.getFileStatus(OzoneManager.java:3467) ~[ozone-manager-1.3.0-SNAPSHOT.jar:?]
	at org.apache.hadoop.ozone.protocolPB.OzoneManagerRequestHandler.getOzoneFileStatus(OzoneManagerRequestHandler.java:878) ~[ozone-manager-1.3.0-SNAPSHOT.jar:?]
	at org.apache.hadoop.ozone.protocolPB.OzoneManagerRequestHandler.handleReadRequest(OzoneManagerRequestHandler.java:224) ~[ozone-manager-1.3.0-SNAPSHOT.jar:?]
	at org.apache.hadoop.ozone.protocolPB.OzoneManagerProtocolServerSideTranslatorPB.submitReadRequestToOM(OzoneManagerProtocolServerSideTranslatorPB.java:226) ~[ozone-manager-1.3.0-SNAPSHOT.jar:?]
	at org.apache.hadoop.ozone.protocolPB.OzoneManagerProtocolServerSideTranslatorPB.processRequest(OzoneManagerProtocolServerSideTranslatorPB.java:175) ~[ozone-manager-1.3.0-SNAPSHOT.jar:?]
	at org.apache.hadoop.hdds.server.OzoneProtocolMessageDispatcher.processRequest(OzoneProtocolMessageDispatcher.java:87) [hdds-server-framework-1.3.0-SNAPSHOT.jar:?]
	at org.apache.hadoop.ozone.protocolPB.OzoneManagerProtocolServerSideTranslatorPB.submitRequest(OzoneManagerProtocolServerSideTranslatorPB.java:147) [ozone-manager-1.3.0-SNAPSHOT.jar:?]
	at org.apache.hadoop.ozone.protocol.proto.OzoneManagerProtocolProtos$OzoneManagerService$2.callBlockingMethod(OzoneManagerProtocolProtos.java) [ozone-interface-client-1.3.0-SNAPSHOT.jar:?]
	at org.apache.hadoop.ipc.ProtobufRpcEngine$Server.processCall(ProtobufRpcEngine.java:466) [hadoop-common-3.3.1.jar:?]
	at org.apache.hadoop.ipc.ProtobufRpcEngine2$Server$ProtoBufRpcInvoker.call(ProtobufRpcEngine2.java:574) [hadoop-common-3.3.1.jar:?]
	at org.apache.hadoop.ipc.ProtobufRpcEngine2$Server$ProtoBufRpcInvoker.call(ProtobufRpcEngine2.java:552) [hadoop-common-3.3.1.jar:?]
	at org.apache.hadoop.ipc.RPC$Server.call(RPC.java:1093) [hadoop-common-3.3.1.jar:?]
	at org.apache.hadoop.ipc.Server$RpcCall.run(Server.java:1035) [hadoop-common-3.3.1.jar:?]
	at org.apache.hadoop.ipc.Server$RpcCall.run(Server.java:963) [hadoop-common-3.3.1.jar:?]
	at java.security.AccessController.doPrivileged(Native Method) ~[?:1.8.0_332]
	at javax.security.auth.Subject.doAs(Subject.java:422) [?:1.8.0_332]
	at org.apache.hadoop.security.UserGroupInformation.doAs(UserGroupInformation.java:1878) [hadoop-common-3.3.1.jar:?]
	at org.apache.hadoop.ipc.Server$Handler.run(Server.java:2966) [hadoop-common-3.3.1.jar:?]
13:50:24.898 [IPC Server handler 6 on default port 46277] ERROR OMAudit - user=runner | ip=127.0.0.1 | op=GET_FILE_STATUS {volume=volume56583, bucket=bucket40681, key=.Trash, dataSize=0, replicationConfig=null} | ret=FAILURE
org.apache.hadoop.ozone.om.exceptions.OMException: Unable to get file status: volume: volume56583 bucket: bucket40681 key: .Trash
	at org.apache.hadoop.ozone.om.KeyManagerImpl.getOzoneFileStatus(KeyManagerImpl.java:1311) ~[ozone-manager-1.3.0-SNAPSHOT.jar:?]
	at org.apache.hadoop.ozone.om.KeyManagerImpl.getFileStatus(KeyManagerImpl.java:1241) ~[ozone-manager-1.3.0-SNAPSHOT.jar:?]
	at org.apache.hadoop.ozone.om.OzoneManager.getFileStatus(OzoneManager.java:3467) ~[ozone-manager-1.3.0-SNAPSHOT.jar:?]
	at org.apache.hadoop.ozone.protocolPB.OzoneManagerRequestHandler.getOzoneFileStatus(OzoneManagerRequestHandler.java:878) ~[ozone-manager-1.3.0-SNAPSHOT.jar:?]
	at org.apache.hadoop.ozone.protocolPB.OzoneManagerRequestHandler.handleReadRequest(OzoneManagerRequestHandler.java:224) ~[ozone-manager-1.3.0-SNAPSHOT.jar:?]
	at org.apache.hadoop.ozone.protocolPB.OzoneManagerProtocolServerSideTranslatorPB.submitReadRequestToOM(OzoneManagerProtocolServerSideTranslatorPB.java:226) ~[ozone-manager-1.3.0-SNAPSHOT.jar:?]
	at org.apache.hadoop.ozone.protocolPB.OzoneManagerProtocolServerSideTranslatorPB.processRequest(OzoneManagerProtocolServerSideTranslatorPB.java:175) ~[ozone-manager-1.3.0-SNAPSHOT.jar:?]
	at org.apache.hadoop.hdds.server.OzoneProtocolMessageDispatcher.processRequest(OzoneProtocolMessageDispatcher.java:87) [hdds-server-framework-1.3.0-SNAPSHOT.jar:?]
	at org.apache.hadoop.ozone.protocolPB.OzoneManagerProtocolServerSideTranslatorPB.submitRequest(OzoneManagerProtocolServerSideTranslatorPB.java:147) [ozone-manager-1.3.0-SNAPSHOT.jar:?]
	at org.apache.hadoop.ozone.protocol.proto.OzoneManagerProtocolProtos$OzoneManagerService$2.callBlockingMethod(OzoneManagerProtocolProtos.java) [ozone-interface-client-1.3.0-SNAPSHOT.jar:?]
	at org.apache.hadoop.ipc.ProtobufRpcEngine$Server.processCall(ProtobufRpcEngine.java:466) [hadoop-common-3.3.1.jar:?]
	at org.apache.hadoop.ipc.ProtobufRpcEngine2$Server$ProtoBufRpcInvoker.call(ProtobufRpcEngine2.java:574) [hadoop-common-3.3.1.jar:?]
	at org.apache.hadoop.ipc.ProtobufRpcEngine2$Server$ProtoBufRpcInvoker.call(ProtobufRpcEngine2.java:552) [hadoop-common-3.3.1.jar:?]
	at org.apache.hadoop.ipc.RPC$Server.call(RPC.java:1093) [hadoop-common-3.3.1.jar:?]
	at org.apache.hadoop.ipc.Server$RpcCall.run(Server.java:1035) [hadoop-common-3.3.1.jar:?]
	at org.apache.hadoop.ipc.Server$RpcCall.run(Server.java:963) [hadoop-common-3.3.1.jar:?]
	at java.security.AccessController.doPrivileged(Native Method) ~[?:1.8.0_332]
	at javax.security.auth.Subject.doAs(Subject.java:422) [?:1.8.0_332]
	at org.apache.hadoop.security.UserGroupInformation.doAs(UserGroupInformation.java:1878) [hadoop-common-3.3.1.jar:?]
	at org.apache.hadoop.ipc.Server$Handler.run(Server.java:2966) [hadoop-common-3.3.1.jar:?]
13:50:24.914 [IPC Server handler 6 on default port 46277] ERROR OMAudit - user=runner | ip=127.0.0.1 | op=GET_FILE_STATUS {volume=volume61750, bucket=trashroottest2, key=.Trash/runner, dataSize=0, replicationConfig=null} | ret=FAILURE
org.apache.hadoop.ozone.om.exceptions.OMException: Unable to get file status: volume: volume61750 bucket: trashroottest2 key: .Trash/runner
	at org.apache.hadoop.ozone.om.KeyManagerImpl.getOzoneFileStatus(KeyManagerImpl.java:1311) ~[ozone-manager-1.3.0-SNAPSHOT.jar:?]
	at org.apache.hadoop.ozone.om.KeyManagerImpl.getFileStatus(KeyManagerImpl.java:1241) ~[ozone-manager-1.3.0-SNAPSHOT.jar:?]
	at org.apache.hadoop.ozone.om.OzoneManager.getFileStatus(OzoneManager.java:3467) ~[ozone-manager-1.3.0-SNAPSHOT.jar:?]
	at org.apache.hadoop.ozone.protocolPB.OzoneManagerRequestHandler.getOzoneFileStatus(OzoneManagerRequestHandler.java:878) ~[ozone-manager-1.3.0-SNAPSHOT.jar:?]
	at org.apache.hadoop.ozone.protocolPB.OzoneManagerRequestHandler.handleReadRequest(OzoneManagerRequestHandler.java:224) ~[ozone-manager-1.3.0-SNAPSHOT.jar:?]
	at org.apache.hadoop.ozone.protocolPB.OzoneManagerProtocolServerSideTranslatorPB.submitReadRequestToOM(OzoneManagerProtocolServerSideTranslatorPB.java:226) ~[ozone-manager-1.3.0-SNAPSHOT.jar:?]
	at org.apache.hadoop.ozone.protocolPB.OzoneManagerProtocolServerSideTranslatorPB.processRequest(OzoneManagerProtocolServerSideTranslatorPB.java:175) ~[ozone-manager-1.3.0-SNAPSHOT.jar:?]
	at org.apache.hadoop.hdds.server.OzoneProtocolMessageDispatcher.processRequest(OzoneProtocolMessageDispatcher.java:87) [hdds-server-framework-1.3.0-SNAPSHOT.jar:?]
	at org.apache.hadoop.ozone.protocolPB.OzoneManagerProtocolServerSideTranslatorPB.submitRequest(OzoneManagerProtocolServerSideTranslatorPB.java:147) [ozone-manager-1.3.0-SNAPSHOT.jar:?]
	at org.apache.hadoop.ozone.protocol.proto.OzoneManagerProtocolProtos$OzoneManagerService$2.callBlockingMethod(OzoneManagerProtocolProtos.java) [ozone-interface-client-1.3.0-SNAPSHOT.jar:?]
	at org.apache.hadoop.ipc.ProtobufRpcEngine$Server.processCall(ProtobufRpcEngine.java:466) [hadoop-common-3.3.1.jar:?]
	at org.apache.hadoop.ipc.ProtobufRpcEngine2$Server$ProtoBufRpcInvoker.call(ProtobufRpcEngine2.java:574) [hadoop-common-3.3.1.jar:?]
	at org.apache.hadoop.ipc.ProtobufRpcEngine2$Server$ProtoBufRpcInvoker.call(ProtobufRpcEngine2.java:552) [hadoop-common-3.3.1.jar:?]
	at org.apache.hadoop.ipc.RPC$Server.call(RPC.java:1093) [hadoop-common-3.3.1.jar:?]
	at org.apache.hadoop.ipc.Server$RpcCall.run(Server.java:1035) [hadoop-common-3.3.1.jar:?]
	at org.apache.hadoop.ipc.Server$RpcCall.run(Server.java:963) [hadoop-common-3.3.1.jar:?]
	at java.security.AccessController.doPrivileged(Native Method) ~[?:1.8.0_332]
	at javax.security.auth.Subject.doAs(Subject.java:422) [?:1.8.0_332]
	at org.apache.hadoop.security.UserGroupInformation.doAs(UserGroupInformation.java:1878) [hadoop-common-3.3.1.jar:?]
	at org.apache.hadoop.ipc.Server$Handler.run(Server.java:2966) [hadoop-common-3.3.1.jar:?]
13:50:24.915 [IPC Server handler 15 on default port 46277] ERROR OMAudit - user=runner | ip=127.0.0.1 | op=GET_FILE_STATUS {volume=volume56583, bucket=bucket40681, key=.Trash/runner, dataSize=0, replicationConfig=null} | ret=FAILURE
org.apache.hadoop.ozone.om.exceptions.OMException: Unable to get file status: volume: volume56583 bucket: bucket40681 key: .Trash/runner
	at org.apache.hadoop.ozone.om.KeyManagerImpl.getOzoneFileStatus(KeyManagerImpl.java:1311) ~[ozone-manager-1.3.0-SNAPSHOT.jar:?]
	at org.apache.hadoop.ozone.om.KeyManagerImpl.getFileStatus(KeyManagerImpl.java:1241) ~[ozone-manager-1.3.0-SNAPSHOT.jar:?]
	at org.apache.hadoop.ozone.om.OzoneManager.getFileStatus(OzoneManager.java:3467) ~[ozone-manager-1.3.0-SNAPSHOT.jar:?]
	at org.apache.hadoop.ozone.protocolPB.OzoneManagerRequestHandler.getOzoneFileStatus(OzoneManagerRequestHandler.java:878) ~[ozone-manager-1.3.0-SNAPSHOT.jar:?]
	at org.apache.hadoop.ozone.protocolPB.OzoneManagerRequestHandler.handleReadRequest(OzoneManagerRequestHandler.java:224) ~[ozone-manager-1.3.0-SNAPSHOT.jar:?]
	at org.apache.hadoop.ozone.protocolPB.OzoneManagerProtocolServerSideTranslatorPB.submitReadRequestToOM(OzoneManagerProtocolServerSideTranslatorPB.java:226) ~[ozone-manager-1.3.0-SNAPSHOT.jar:?]
	at org.apache.hadoop.ozone.protocolPB.OzoneManagerProtocolServerSideTranslatorPB.processRequest(OzoneManagerProtocolServerSideTranslatorPB.java:175) ~[ozone-manager-1.3.0-SNAPSHOT.jar:?]
	at org.apache.hadoop.hdds.server.OzoneProtocolMessageDispatcher.processRequest(OzoneProtocolMessageDispatcher.java:87) [hdds-server-framework-1.3.0-SNAPSHOT.jar:?]
	at org.apache.hadoop.ozone.protocolPB.OzoneManagerProtocolServerSideTranslatorPB.submitRequest(OzoneManagerProtocolServerSideTranslatorPB.java:147) [ozone-manager-1.3.0-SNAPSHOT.jar:?]
	at org.apache.hadoop.ozone.protocol.proto.OzoneManagerProtocolProtos$OzoneManagerService$2.callBlockingMethod(OzoneManagerProtocolProtos.java) [ozone-interface-client-1.3.0-SNAPSHOT.jar:?]
	at org.apache.hadoop.ipc.ProtobufRpcEngine$Server.processCall(ProtobufRpcEngine.java:466) [hadoop-common-3.3.1.jar:?]
	at org.apache.hadoop.ipc.ProtobufRpcEngine2$Server$ProtoBufRpcInvoker.call(ProtobufRpcEngine2.java:574) [hadoop-common-3.3.1.jar:?]
	at org.apache.hadoop.ipc.ProtobufRpcEngine2$Server$ProtoBufRpcInvoker.call(ProtobufRpcEngine2.java:552) [hadoop-common-3.3.1.jar:?]
	at org.apache.hadoop.ipc.RPC$Server.call(RPC.java:1093) [hadoop-common-3.3.1.jar:?]
	at org.apache.hadoop.ipc.Server$RpcCall.run(Server.java:1035) [hadoop-common-3.3.1.jar:?]
	at org.apache.hadoop.ipc.Server$RpcCall.run(Server.java:963) [hadoop-common-3.3.1.jar:?]
	at java.security.AccessController.doPrivileged(Native Method) ~[?:1.8.0_332]
	at javax.security.auth.Subject.doAs(Subject.java:422) [?:1.8.0_332]
	at org.apache.hadoop.security.UserGroupInformation.doAs(UserGroupInformation.java:1878) [hadoop-common-3.3.1.jar:?]
	at org.apache.hadoop.ipc.Server$Handler.run(Server.java:2966) [hadoop-common-3.3.1.jar:?]
13:50:24.917 [IPC Server handler 1 on default port 46277] ERROR OMAudit - user=runner | ip=127.0.0.1 | op=GET_FILE_STATUS {volume=eb75a2c4-9b19-42d2-92d1-5baf371d8b09, bucket=d7ef283b-e39d-4b45-8d0e-55ab2294e400, key=.Trash, dataSize=0, replicationConfig=null} | ret=FAILURE
org.apache.hadoop.ozone.om.exceptions.OMException: Unable to get file status: volume: eb75a2c4-9b19-42d2-92d1-5baf371d8b09 bucket: d7ef283b-e39d-4b45-8d0e-55ab2294e400 key: .Trash
	at org.apache.hadoop.ozone.om.KeyManagerImpl.getOzoneFileStatus(KeyManagerImpl.java:1311) ~[ozone-manager-1.3.0-SNAPSHOT.jar:?]
	at org.apache.hadoop.ozone.om.KeyManagerImpl.getFileStatus(KeyManagerImpl.java:1241) ~[ozone-manager-1.3.0-SNAPSHOT.jar:?]
	at org.apache.hadoop.ozone.om.OzoneManager.getFileStatus(OzoneManager.java:3467) ~[ozone-manager-1.3.0-SNAPSHOT.jar:?]
	at org.apache.hadoop.ozone.protocolPB.OzoneManagerRequestHandler.getOzoneFileStatus(OzoneManagerRequestHandler.java:878) ~[ozone-manager-1.3.0-SNAPSHOT.jar:?]
	at org.apache.hadoop.ozone.protocolPB.OzoneManagerRequestHandler.handleReadRequest(OzoneManagerRequestHandler.java:224) ~[ozone-manager-1.3.0-SNAPSHOT.jar:?]
	at org.apache.hadoop.ozone.protocolPB.OzoneManagerProtocolServerSideTranslatorPB.submitReadRequestToOM(OzoneManagerProtocolServerSideTranslatorPB.java:226) ~[ozone-manager-1.3.0-SNAPSHOT.jar:?]
	at org.apache.hadoop.ozone.protocolPB.OzoneManagerProtocolServerSideTranslatorPB.processRequest(OzoneManagerProtocolServerSideTranslatorPB.java:175) ~[ozone-manager-1.3.0-SNAPSHOT.jar:?]
	at org.apache.hadoop.hdds.server.OzoneProtocolMessageDispatcher.processRequest(OzoneProtocolMessageDispatcher.java:87) [hdds-server-framework-1.3.0-SNAPSHOT.jar:?]
	at org.apache.hadoop.ozone.protocolPB.OzoneManagerProtocolServerSideTranslatorPB.submitRequest(OzoneManagerProtocolServerSideTranslatorPB.java:147) [ozone-manager-1.3.0-SNAPSHOT.jar:?]
	at org.apache.hadoop.ozone.protocol.proto.OzoneManagerProtocolProtos$OzoneManagerService$2.callBlockingMethod(OzoneManagerProtocolProtos.java) [ozone-interface-client-1.3.0-SNAPSHOT.jar:?]
	at org.apache.hadoop.ipc.ProtobufRpcEngine$Server.processCall(ProtobufRpcEngine.java:466) [hadoop-common-3.3.1.jar:?]
	at org.apache.hadoop.ipc.ProtobufRpcEngine2$Server$ProtoBufRpcInvoker.call(ProtobufRpcEngine2.java:574) [hadoop-common-3.3.1.jar:?]
	at org.apache.hadoop.ipc.ProtobufRpcEngine2$Server$ProtoBufRpcInvoker.call(ProtobufRpcEngine2.java:552) [hadoop-common-3.3.1.jar:?]
	at org.apache.hadoop.ipc.RPC$Server.call(RPC.java:1093) [hadoop-common-3.3.1.jar:?]
	at org.apache.hadoop.ipc.Server$RpcCall.run(Server.java:1035) [hadoop-common-3.3.1.jar:?]
	at org.apache.hadoop.ipc.Server$RpcCall.run(Server.java:963) [hadoop-common-3.3.1.jar:?]
	at java.security.AccessController.doPrivileged(Native Method) ~[?:1.8.0_332]
	at javax.security.auth.Subject.doAs(Subject.java:422) [?:1.8.0_332]
	at org.apache.hadoop.security.UserGroupInformation.doAs(UserGroupInformation.java:1878) [hadoop-common-3.3.1.jar:?]
	at org.apache.hadoop.ipc.Server$Handler.run(Server.java:2966) [hadoop-common-3.3.1.jar:?]
13:50:24.919 [IPC Server handler 8 on default port 46277] ERROR OMAudit - user=runner | ip=127.0.0.1 | op=GET_FILE_STATUS {volume=volume56583, bucket=bucket40681, key=.Trash, dataSize=0, replicationConfig=null} | ret=FAILURE
org.apache.hadoop.ozone.om.exceptions.OMException: Unable to get file status: volume: volume56583 bucket: bucket40681 key: .Trash
	at org.apache.hadoop.ozone.om.KeyManagerImpl.getOzoneFileStatus(KeyManagerImpl.java:1311) ~[ozone-manager-1.3.0-SNAPSHOT.jar:?]
	at org.apache.hadoop.ozone.om.KeyManagerImpl.getFileStatus(KeyManagerImpl.java:1241) ~[ozone-manager-1.3.0-SNAPSHOT.jar:?]
	at org.apache.hadoop.ozone.om.OzoneManager.getFileStatus(OzoneManager.java:3467) ~[ozone-manager-1.3.0-SNAPSHOT.jar:?]
	at org.apache.hadoop.ozone.protocolPB.OzoneManagerRequestHandler.getOzoneFileStatus(OzoneManagerRequestHandler.java:878) ~[ozone-manager-1.3.0-SNAPSHOT.jar:?]
	at org.apache.hadoop.ozone.protocolPB.OzoneManagerRequestHandler.handleReadRequest(OzoneManagerRequestHandler.java:224) ~[ozone-manager-1.3.0-SNAPSHOT.jar:?]
	at org.apache.hadoop.ozone.protocolPB.OzoneManagerProtocolServerSideTranslatorPB.submitReadRequestToOM(OzoneManagerProtocolServerSideTranslatorPB.java:226) ~[ozone-manager-1.3.0-SNAPSHOT.jar:?]
	at org.apache.hadoop.ozone.protocolPB.OzoneManagerProtocolServerSideTranslatorPB.processRequest(OzoneManagerProtocolServerSideTranslatorPB.java:175) ~[ozone-manager-1.3.0-SNAPSHOT.jar:?]
	at org.apache.hadoop.hdds.server.OzoneProtocolMessageDispatcher.processRequest(OzoneProtocolMessageDispatcher.java:87) [hdds-server-framework-1.3.0-SNAPSHOT.jar:?]
	at org.apache.hadoop.ozone.protocolPB.OzoneManagerProtocolServerSideTranslatorPB.submitRequest(OzoneManagerProtocolServerSideTranslatorPB.java:147) [ozone-manager-1.3.0-SNAPSHOT.jar:?]
	at org.apache.hadoop.ozone.protocol.proto.OzoneManagerProtocolProtos$OzoneManagerService$2.callBlockingMethod(OzoneManagerProtocolProtos.java) [ozone-interface-client-1.3.0-SNAPSHOT.jar:?]
	at org.apache.hadoop.ipc.ProtobufRpcEngine$Server.processCall(ProtobufRpcEngine.java:466) [hadoop-common-3.3.1.jar:?]
	at org.apache.hadoop.ipc.ProtobufRpcEngine2$Server$ProtoBufRpcInvoker.call(ProtobufRpcEngine2.java:574) [hadoop-common-3.3.1.jar:?]
	at org.apache.hadoop.ipc.ProtobufRpcEngine2$Server$ProtoBufRpcInvoker.call(ProtobufRpcEngine2.java:552) [hadoop-common-3.3.1.jar:?]
	at org.apache.hadoop.ipc.RPC$Server.call(RPC.java:1093) [hadoop-common-3.3.1.jar:?]
	at org.apache.hadoop.ipc.Server$RpcCall.run(Server.java:1035) [hadoop-common-3.3.1.jar:?]
	at org.apache.hadoop.ipc.Server$RpcCall.run(Server.java:963) [hadoop-common-3.3.1.jar:?]
	at java.security.AccessController.doPrivileged(Native Method) ~[?:1.8.0_332]
	at javax.security.auth.Subject.doAs(Subject.java:422) [?:1.8.0_332]
	at org.apache.hadoop.security.UserGroupInformation.doAs(UserGroupInformation.java:1878) [hadoop-common-3.3.1.jar:?]
	at org.apache.hadoop.ipc.Server$Handler.run(Server.java:2966) [hadoop-common-3.3.1.jar:?]
13:50:24.925 [IPC Server handler 19 on default port 46277] ERROR OMAudit - user=runner | ip=127.0.0.1 | op=GET_FILE_STATUS {volume=volume61750, bucket=trashroottest2, key=.Trash, dataSize=0, replicationConfig=null} | ret=FAILURE
org.apache.hadoop.ozone.om.exceptions.OMException: Unable to get file status: volume: volume61750 bucket: trashroottest2 key: .Trash
	at org.apache.hadoop.ozone.om.KeyManagerImpl.getOzoneFileStatus(KeyManagerImpl.java:1311) ~[ozone-manager-1.3.0-SNAPSHOT.jar:?]
	at org.apache.hadoop.ozone.om.KeyManagerImpl.getFileStatus(KeyManagerImpl.java:1241) ~[ozone-manager-1.3.0-SNAPSHOT.jar:?]
	at org.apache.hadoop.ozone.om.OzoneManager.getFileStatus(OzoneManager.java:3467) ~[ozone-manager-1.3.0-SNAPSHOT.jar:?]
	at org.apache.hadoop.ozone.protocolPB.OzoneManagerRequestHandler.getOzoneFileStatus(OzoneManagerRequestHandler.java:878) ~[ozone-manager-1.3.0-SNAPSHOT.jar:?]
	at org.apache.hadoop.ozone.protocolPB.OzoneManagerRequestHandler.handleReadRequest(OzoneManagerRequestHandler.java:224) ~[ozone-manager-1.3.0-SNAPSHOT.jar:?]
	at org.apache.hadoop.ozone.protocolPB.OzoneManagerProtocolServerSideTranslatorPB.submitReadRequestToOM(OzoneManagerProtocolServerSideTranslatorPB.java:226) ~[ozone-manager-1.3.0-SNAPSHOT.jar:?]
	at org.apache.hadoop.ozone.protocolPB.OzoneManagerProtocolServerSideTranslatorPB.processRequest(OzoneManagerProtocolServerSideTranslatorPB.java:175) ~[ozone-manager-1.3.0-SNAPSHOT.jar:?]
	at org.apache.hadoop.hdds.server.OzoneProtocolMessageDispatcher.processRequest(OzoneProtocolMessageDispatcher.java:87) [hdds-server-framework-1.3.0-SNAPSHOT.jar:?]
	at org.apache.hadoop.ozone.protocolPB.OzoneManagerProtocolServerSideTranslatorPB.submitRequest(OzoneManagerProtocolServerSideTranslatorPB.java:147) [ozone-manager-1.3.0-SNAPSHOT.jar:?]
	at org.apache.hadoop.ozone.protocol.proto.OzoneManagerProtocolProtos$OzoneManagerService$2.callBlockingMethod(OzoneManagerProtocolProtos.java) [ozone-interface-client-1.3.0-SNAPSHOT.jar:?]
	at org.apache.hadoop.ipc.ProtobufRpcEngine$Server.processCall(ProtobufRpcEngine.java:466) [hadoop-common-3.3.1.jar:?]
	at org.apache.hadoop.ipc.ProtobufRpcEngine2$Server$ProtoBufRpcInvoker.call(ProtobufRpcEngine2.java:574) [hadoop-common-3.3.1.jar:?]
	at org.apache.hadoop.ipc.ProtobufRpcEngine2$Server$ProtoBufRpcInvoker.call(ProtobufRpcEngine2.java:552) [hadoop-common-3.3.1.jar:?]
	at org.apache.hadoop.ipc.RPC$Server.call(RPC.java:1093) [hadoop-common-3.3.1.jar:?]
	at org.apache.hadoop.ipc.Server$RpcCall.run(Server.java:1035) [hadoop-common-3.3.1.jar:?]
	at org.apache.hadoop.ipc.Server$RpcCall.run(Server.java:963) [hadoop-common-3.3.1.jar:?]
	at java.security.AccessController.doPrivileged(Native Method) ~[?:1.8.0_332]
	at javax.security.auth.Subject.doAs(Subject.java:422) [?:1.8.0_332]
	at org.apache.hadoop.security.UserGroupInformation.doAs(UserGroupInformation.java:1878) [hadoop-common-3.3.1.jar:?]
	at org.apache.hadoop.ipc.Server$Handler.run(Server.java:2966) [hadoop-common-3.3.1.jar:?]
13:50:24.937 [IPC Server handler 0 on default port 46277] ERROR OMAudit - user=runner | ip=127.0.0.1 | op=GET_FILE_STATUS {volume=volume61750, bucket=trashroottest2, key=.Trash/runner, dataSize=0, replicationConfig=null} | ret=FAILURE
org.apache.hadoop.ozone.om.exceptions.OMException: Unable to get file status: volume: volume61750 bucket: trashroottest2 key: .Trash/runner
	at org.apache.hadoop.ozone.om.KeyManagerImpl.getOzoneFileStatus(KeyManagerImpl.java:1311) ~[ozone-manager-1.3.0-SNAPSHOT.jar:?]
	at org.apache.hadoop.ozone.om.KeyManagerImpl.getFileStatus(KeyManagerImpl.java:1241) ~[ozone-manager-1.3.0-SNAPSHOT.jar:?]
	at org.apache.hadoop.ozone.om.OzoneManager.getFileStatus(OzoneManager.java:3467) ~[ozone-manager-1.3.0-SNAPSHOT.jar:?]
	at org.apache.hadoop.ozone.protocolPB.OzoneManagerRequestHandler.getOzoneFileStatus(OzoneManagerRequestHandler.java:878) ~[ozone-manager-1.3.0-SNAPSHOT.jar:?]
	at org.apache.hadoop.ozone.protocolPB.OzoneManagerRequestHandler.handleReadRequest(OzoneManagerRequestHandler.java:224) ~[ozone-manager-1.3.0-SNAPSHOT.jar:?]
	at org.apache.hadoop.ozone.protocolPB.OzoneManagerProtocolServerSideTranslatorPB.submitReadRequestToOM(OzoneManagerProtocolServerSideTranslatorPB.java:226) ~[ozone-manager-1.3.0-SNAPSHOT.jar:?]
	at org.apache.hadoop.ozone.protocolPB.OzoneManagerProtocolServerSideTranslatorPB.processRequest(OzoneManagerProtocolServerSideTranslatorPB.java:175) ~[ozone-manager-1.3.0-SNAPSHOT.jar:?]
	at org.apache.hadoop.hdds.server.OzoneProtocolMessageDispatcher.processRequest(OzoneProtocolMessageDispatcher.java:87) [hdds-server-framework-1.3.0-SNAPSHOT.jar:?]
	at org.apache.hadoop.ozone.protocolPB.OzoneManagerProtocolServerSideTranslatorPB.submitRequest(OzoneManagerProtocolServerSideTranslatorPB.java:147) [ozone-manager-1.3.0-SNAPSHOT.jar:?]
	at org.apache.hadoop.ozone.protocol.proto.OzoneManagerProtocolProtos$OzoneManagerService$2.callBlockingMethod(OzoneManagerProtocolProtos.java) [ozone-interface-client-1.3.0-SNAPSHOT.jar:?]
	at org.apache.hadoop.ipc.ProtobufRpcEngine$Server.processCall(ProtobufRpcEngine.java:466) [hadoop-common-3.3.1.jar:?]
	at org.apache.hadoop.ipc.ProtobufRpcEngine2$Server$ProtoBufRpcInvoker.call(ProtobufRpcEngine2.java:574) [hadoop-common-3.3.1.jar:?]
	at org.apache.hadoop.ipc.ProtobufRpcEngine2$Server$ProtoBufRpcInvoker.call(ProtobufRpcEngine2.java:552) [hadoop-common-3.3.1.jar:?]
	at org.apache.hadoop.ipc.RPC$Server.call(RPC.java:1093) [hadoop-common-3.3.1.jar:?]
	at org.apache.hadoop.ipc.Server$RpcCall.run(Server.java:1035) [hadoop-common-3.3.1.jar:?]
	at org.apache.hadoop.ipc.Server$RpcCall.run(Server.java:963) [hadoop-common-3.3.1.jar:?]
	at java.security.AccessController.doPrivileged(Native Method) ~[?:1.8.0_332]
	at javax.security.auth.Subject.doAs(Subject.java:422) [?:1.8.0_332]
	at org.apache.hadoop.security.UserGroupInformation.doAs(UserGroupInformation.java:1878) [hadoop-common-3.3.1.jar:?]
	at org.apache.hadoop.ipc.Server$Handler.run(Server.java:2966) [hadoop-common-3.3.1.jar:?]
13:50:24.940 [IPC Server handler 7 on default port 46277] ERROR OMAudit - user=runner | ip=127.0.0.1 | op=GET_FILE_STATUS {volume=volume56583, bucket=bucket40681, key=.Trash/runner, dataSize=0, replicationConfig=null} | ret=FAILURE
org.apache.hadoop.ozone.om.exceptions.OMException: Unable to get file status: volume: volume56583 bucket: bucket40681 key: .Trash/runner
	at org.apache.hadoop.ozone.om.KeyManagerImpl.getOzoneFileStatus(KeyManagerImpl.java:1311) ~[ozone-manager-1.3.0-SNAPSHOT.jar:?]
	at org.apache.hadoop.ozone.om.KeyManagerImpl.getFileStatus(KeyManagerImpl.java:1241) ~[ozone-manager-1.3.0-SNAPSHOT.jar:?]
	at org.apache.hadoop.ozone.om.OzoneManager.getFileStatus(OzoneManager.java:3467) ~[ozone-manager-1.3.0-SNAPSHOT.jar:?]
	at org.apache.hadoop.ozone.protocolPB.OzoneManagerRequestHandler.getOzoneFileStatus(OzoneManagerRequestHandler.java:878) ~[ozone-manager-1.3.0-SNAPSHOT.jar:?]
	at org.apache.hadoop.ozone.protocolPB.OzoneManagerRequestHandler.handleReadRequest(OzoneManagerRequestHandler.java:224) ~[ozone-manager-1.3.0-SNAPSHOT.jar:?]
	at org.apache.hadoop.ozone.protocolPB.OzoneManagerProtocolServerSideTranslatorPB.submitReadRequestToOM(OzoneManagerProtocolServerSideTranslatorPB.java:226) ~[ozone-manager-1.3.0-SNAPSHOT.jar:?]
	at org.apache.hadoop.ozone.protocolPB.OzoneManagerProtocolServerSideTranslatorPB.processRequest(OzoneManagerProtocolServerSideTranslatorPB.java:175) ~[ozone-manager-1.3.0-SNAPSHOT.jar:?]
	at org.apache.hadoop.hdds.server.OzoneProtocolMessageDispatcher.processRequest(OzoneProtocolMessageDispatcher.java:87) [hdds-server-framework-1.3.0-SNAPSHOT.jar:?]
	at org.apache.hadoop.ozone.protocolPB.OzoneManagerProtocolServerSideTranslatorPB.submitRequest(OzoneManagerProtocolServerSideTranslatorPB.java:147) [ozone-manager-1.3.0-SNAPSHOT.jar:?]
	at org.apache.hadoop.ozone.protocol.proto.OzoneManagerProtocolProtos$OzoneManagerService$2.callBlockingMethod(OzoneManagerProtocolProtos.java) [ozone-interface-client-1.3.0-SNAPSHOT.jar:?]
	at org.apache.hadoop.ipc.ProtobufRpcEngine$Server.processCall(ProtobufRpcEngine.java:466) [hadoop-common-3.3.1.jar:?]
	at org.apache.hadoop.ipc.ProtobufRpcEngine2$Server$ProtoBufRpcInvoker.call(ProtobufRpcEngine2.java:574) [hadoop-common-3.3.1.jar:?]
	at org.apache.hadoop.ipc.ProtobufRpcEngine2$Server$ProtoBufRpcInvoker.call(ProtobufRpcEngine2.java:552) [hadoop-common-3.3.1.jar:?]
	at org.apache.hadoop.ipc.RPC$Server.call(RPC.java:1093) [hadoop-common-3.3.1.jar:?]
	at org.apache.hadoop.ipc.Server$RpcCall.run(Server.java:1035) [hadoop-common-3.3.1.jar:?]
	at org.apache.hadoop.ipc.Server$RpcCall.run(Server.java:963) [hadoop-common-3.3.1.jar:?]
	at java.security.AccessController.doPrivileged(Native Method) ~[?:1.8.0_332]
	at javax.security.auth.Subject.doAs(Subject.java:422) [?:1.8.0_332]
	at org.apache.hadoop.security.UserGroupInformation.doAs(UserGroupInformation.java:1878) [hadoop-common-3.3.1.jar:?]
	at org.apache.hadoop.ipc.Server$Handler.run(Server.java:2966) [hadoop-common-3.3.1.jar:?]
13:50:24.946 [IPC Server handler 13 on default port 46277] ERROR OMAudit - user=runner | ip=127.0.0.1 | op=GET_FILE_STATUS {volume=eb75a2c4-9b19-42d2-92d1-5baf371d8b09, bucket=d7ef283b-e39d-4b45-8d0e-55ab2294e400, key=.Trash, dataSize=0, replicationConfig=null} | ret=FAILURE
org.apache.hadoop.ozone.om.exceptions.OMException: Unable to get file status: volume: eb75a2c4-9b19-42d2-92d1-5baf371d8b09 bucket: d7ef283b-e39d-4b45-8d0e-55ab2294e400 key: .Trash
	at org.apache.hadoop.ozone.om.KeyManagerImpl.getOzoneFileStatus(KeyManagerImpl.java:1311) ~[ozone-manager-1.3.0-SNAPSHOT.jar:?]
	at org.apache.hadoop.ozone.om.KeyManagerImpl.getFileStatus(KeyManagerImpl.java:1241) ~[ozone-manager-1.3.0-SNAPSHOT.jar:?]
	at org.apache.hadoop.ozone.om.OzoneManager.getFileStatus(OzoneManager.java:3467) ~[ozone-manager-1.3.0-SNAPSHOT.jar:?]
	at org.apache.hadoop.ozone.protocolPB.OzoneManagerRequestHandler.getOzoneFileStatus(OzoneManagerRequestHandler.java:878) ~[ozone-manager-1.3.0-SNAPSHOT.jar:?]
	at org.apache.hadoop.ozone.protocolPB.OzoneManagerRequestHandler.handleReadRequest(OzoneManagerRequestHandler.java:224) ~[ozone-manager-1.3.0-SNAPSHOT.jar:?]
	at org.apache.hadoop.ozone.protocolPB.OzoneManagerProtocolServerSideTranslatorPB.submitReadRequestToOM(OzoneManagerProtocolServerSideTranslatorPB.java:226) ~[ozone-manager-1.3.0-SNAPSHOT.jar:?]
	at org.apache.hadoop.ozone.protocolPB.OzoneManagerProtocolServerSideTranslatorPB.processRequest(OzoneManagerProtocolServerSideTranslatorPB.java:175) ~[ozone-manager-1.3.0-SNAPSHOT.jar:?]
	at org.apache.hadoop.hdds.server.OzoneProtocolMessageDispatcher.processRequest(OzoneProtocolMessageDispatcher.java:87) [hdds-server-framework-1.3.0-SNAPSHOT.jar:?]
	at org.apache.hadoop.ozone.protocolPB.OzoneManagerProtocolServerSideTranslatorPB.submitRequest(OzoneManagerProtocolServerSideTranslatorPB.java:147) [ozone-manager-1.3.0-SNAPSHOT.jar:?]
	at org.apache.hadoop.ozone.protocol.proto.OzoneManagerProtocolProtos$OzoneManagerService$2.callBlockingMethod(OzoneManagerProtocolProtos.java) [ozone-interface-client-1.3.0-SNAPSHOT.jar:?]
	at org.apache.hadoop.ipc.ProtobufRpcEngine$Server.processCall(ProtobufRpcEngine.java:466) [hadoop-common-3.3.1.jar:?]
	at org.apache.hadoop.ipc.ProtobufRpcEngine2$Server$ProtoBufRpcInvoker.call(ProtobufRpcEngine2.java:574) [hadoop-common-3.3.1.jar:?]
	at org.apache.hadoop.ipc.ProtobufRpcEngine2$Server$ProtoBufRpcInvoker.call(ProtobufRpcEngine2.java:552) [hadoop-common-3.3.1.jar:?]
	at org.apache.hadoop.ipc.RPC$Server.call(RPC.java:1093) [hadoop-common-3.3.1.jar:?]
	at org.apache.hadoop.ipc.Server$RpcCall.run(Server.java:1035) [hadoop-common-3.3.1.jar:?]
	at org.apache.hadoop.ipc.Server$RpcCall.run(Server.java:963) [hadoop-common-3.3.1.jar:?]
	at java.security.AccessController.doPrivileged(Native Method) ~[?:1.8.0_332]
	at javax.security.auth.Subject.doAs(Subject.java:422) [?:1.8.0_332]
	at org.apache.hadoop.security.UserGroupInformation.doAs(UserGroupInformation.java:1878) [hadoop-common-3.3.1.jar:?]
	at org.apache.hadoop.ipc.Server$Handler.run(Server.java:2966) [hadoop-common-3.3.1.jar:?]
13:50:24.952 [IPC Server handler 19 on default port 46277] ERROR OMAudit - user=runner | ip=127.0.0.1 | op=GET_FILE_STATUS {volume=volume56583, bucket=bucket40681, key=.Trash, dataSize=0, replicationConfig=null} | ret=FAILURE
org.apache.hadoop.ozone.om.exceptions.OMException: Unable to get file status: volume: volume56583 bucket: bucket40681 key: .Trash
	at org.apache.hadoop.ozone.om.KeyManagerImpl.getOzoneFileStatus(KeyManagerImpl.java:1311) ~[ozone-manager-1.3.0-SNAPSHOT.jar:?]
	at org.apache.hadoop.ozone.om.KeyManagerImpl.getFileStatus(KeyManagerImpl.java:1241) ~[ozone-manager-1.3.0-SNAPSHOT.jar:?]
	at org.apache.hadoop.ozone.om.OzoneManager.getFileStatus(OzoneManager.java:3467) ~[ozone-manager-1.3.0-SNAPSHOT.jar:?]
	at org.apache.hadoop.ozone.protocolPB.OzoneManagerRequestHandler.getOzoneFileStatus(OzoneManagerRequestHandler.java:878) ~[ozone-manager-1.3.0-SNAPSHOT.jar:?]
	at org.apache.hadoop.ozone.protocolPB.OzoneManagerRequestHandler.handleReadRequest(OzoneManagerRequestHandler.java:224) ~[ozone-manager-1.3.0-SNAPSHOT.jar:?]
	at org.apache.hadoop.ozone.protocolPB.OzoneManagerProtocolServerSideTranslatorPB.submitReadRequestToOM(OzoneManagerProtocolServerSideTranslatorPB.java:226) ~[ozone-manager-1.3.0-SNAPSHOT.jar:?]
	at org.apache.hadoop.ozone.protocolPB.OzoneManagerProtocolServerSideTranslatorPB.processRequest(OzoneManagerProtocolServerSideTranslatorPB.java:175) ~[ozone-manager-1.3.0-SNAPSHOT.jar:?]
	at org.apache.hadoop.hdds.server.OzoneProtocolMessageDispatcher.processRequest(OzoneProtocolMessageDispatcher.java:87) [hdds-server-framework-1.3.0-SNAPSHOT.jar:?]
	at org.apache.hadoop.ozone.protocolPB.OzoneManagerProtocolServerSideTranslatorPB.submitRequest(OzoneManagerProtocolServerSideTranslatorPB.java:147) [ozone-manager-1.3.0-SNAPSHOT.jar:?]
	at org.apache.hadoop.ozone.protocol.proto.OzoneManagerProtocolProtos$OzoneManagerService$2.callBlockingMethod(OzoneManagerProtocolProtos.java) [ozone-interface-client-1.3.0-SNAPSHOT.jar:?]
	at org.apache.hadoop.ipc.ProtobufRpcEngine$Server.processCall(ProtobufRpcEngine.java:466) [hadoop-common-3.3.1.jar:?]
	at org.apache.hadoop.ipc.ProtobufRpcEngine2$Server$ProtoBufRpcInvoker.call(ProtobufRpcEngine2.java:574) [hadoop-common-3.3.1.jar:?]
	at org.apache.hadoop.ipc.ProtobufRpcEngine2$Server$ProtoBufRpcInvoker.call(ProtobufRpcEngine2.java:552) [hadoop-common-3.3.1.jar:?]
	at org.apache.hadoop.ipc.RPC$Server.call(RPC.java:1093) [hadoop-common-3.3.1.jar:?]
	at org.apache.hadoop.ipc.Server$RpcCall.run(Server.java:1035) [hadoop-common-3.3.1.jar:?]
	at org.apache.hadoop.ipc.Server$RpcCall.run(Server.java:963) [hadoop-common-3.3.1.jar:?]
	at java.security.AccessController.doPrivileged(Native Method) ~[?:1.8.0_332]
	at javax.security.auth.Subject.doAs(Subject.java:422) [?:1.8.0_332]
	at org.apache.hadoop.security.UserGroupInformation.doAs(UserGroupInformation.java:1878) [hadoop-common-3.3.1.jar:?]
	at org.apache.hadoop.ipc.Server$Handler.run(Server.java:2966) [hadoop-common-3.3.1.jar:?]
13:50:24.962 [IPC Server handler 10 on default port 46277] ERROR OMAudit - user=runner | ip=127.0.0.1 | op=GET_FILE_STATUS {volume=volume61750, bucket=trashroottest2, key=.Trash, dataSize=0, replicationConfig=null} | ret=FAILURE
org.apache.hadoop.ozone.om.exceptions.OMException: Unable to get file status: volume: volume61750 bucket: trashroottest2 key: .Trash
	at org.apache.hadoop.ozone.om.KeyManagerImpl.getOzoneFileStatus(KeyManagerImpl.java:1311) ~[ozone-manager-1.3.0-SNAPSHOT.jar:?]
	at org.apache.hadoop.ozone.om.KeyManagerImpl.getFileStatus(KeyManagerImpl.java:1241) ~[ozone-manager-1.3.0-SNAPSHOT.jar:?]
	at org.apache.hadoop.ozone.om.OzoneManager.getFileStatus(OzoneManager.java:3467) ~[ozone-manager-1.3.0-SNAPSHOT.jar:?]
	at org.apache.hadoop.ozone.protocolPB.OzoneManagerRequestHandler.getOzoneFileStatus(OzoneManagerRequestHandler.java:878) ~[ozone-manager-1.3.0-SNAPSHOT.jar:?]
	at org.apache.hadoop.ozone.protocolPB.OzoneManagerRequestHandler.handleReadRequest(OzoneManagerRequestHandler.java:224) ~[ozone-manager-1.3.0-SNAPSHOT.jar:?]
	at org.apache.hadoop.ozone.protocolPB.OzoneManagerProtocolServerSideTranslatorPB.submitReadRequestToOM(OzoneManagerProtocolServerSideTranslatorPB.java:226) ~[ozone-manager-1.3.0-SNAPSHOT.jar:?]
	at org.apache.hadoop.ozone.protocolPB.OzoneManagerProtocolServerSideTranslatorPB.processRequest(OzoneManagerProtocolServerSideTranslatorPB.java:175) ~[ozone-manager-1.3.0-SNAPSHOT.jar:?]
	at org.apache.hadoop.hdds.server.OzoneProtocolMessageDispatcher.processRequest(OzoneProtocolMessageDispatcher.java:87) [hdds-server-framework-1.3.0-SNAPSHOT.jar:?]
	at org.apache.hadoop.ozone.protocolPB.OzoneManagerProtocolServerSideTranslatorPB.submitRequest(OzoneManagerProtocolServerSideTranslatorPB.java:147) [ozone-manager-1.3.0-SNAPSHOT.jar:?]
	at org.apache.hadoop.ozone.protocol.proto.OzoneManagerProtocolProtos$OzoneManagerService$2.callBlockingMethod(OzoneManagerProtocolProtos.java) [ozone-interface-client-1.3.0-SNAPSHOT.jar:?]
	at org.apache.hadoop.ipc.ProtobufRpcEngine$Server.processCall(ProtobufRpcEngine.java:466) [hadoop-common-3.3.1.jar:?]
	at org.apache.hadoop.ipc.ProtobufRpcEngine2$Server$ProtoBufRpcInvoker.call(ProtobufRpcEngine2.java:574) [hadoop-common-3.3.1.jar:?]
	at org.apache.hadoop.ipc.ProtobufRpcEngine2$Server$ProtoBufRpcInvoker.call(ProtobufRpcEngine2.java:552) [hadoop-common-3.3.1.jar:?]
	at org.apache.hadoop.ipc.RPC$Server.call(RPC.java:1093) [hadoop-common-3.3.1.jar:?]
	at org.apache.hadoop.ipc.Server$RpcCall.run(Server.java:1035) [hadoop-common-3.3.1.jar:?]
	at org.apache.hadoop.ipc.Server$RpcCall.run(Server.java:963) [hadoop-common-3.3.1.jar:?]
	at java.security.AccessController.doPrivileged(Native Method) ~[?:1.8.0_332]
	at javax.security.auth.Subject.doAs(Subject.java:422) [?:1.8.0_332]
	at org.apache.hadoop.security.UserGroupInformation.doAs(UserGroupInformation.java:1878) [hadoop-common-3.3.1.jar:?]
	at org.apache.hadoop.ipc.Server$Handler.run(Server.java:2966) [hadoop-common-3.3.1.jar:?]
13:50:24.973 [IPC Server handler 9 on default port 46277] ERROR OMAudit - user=runner | ip=127.0.0.1 | op=GET_FILE_STATUS {volume=volume61750, bucket=bucket51339, key=.Trash/runner, dataSize=0, replicationConfig=null} | ret=FAILURE
org.apache.hadoop.ozone.om.exceptions.OMException: Unable to get file status: volume: volume61750 bucket: bucket51339 key: .Trash/runner
	at org.apache.hadoop.ozone.om.KeyManagerImpl.getOzoneFileStatus(KeyManagerImpl.java:1311) ~[ozone-manager-1.3.0-SNAPSHOT.jar:?]
	at org.apache.hadoop.ozone.om.KeyManagerImpl.getFileStatus(KeyManagerImpl.java:1241) ~[ozone-manager-1.3.0-SNAPSHOT.jar:?]
	at org.apache.hadoop.ozone.om.OzoneManager.getFileStatus(OzoneManager.java:3467) ~[ozone-manager-1.3.0-SNAPSHOT.jar:?]
	at org.apache.hadoop.ozone.protocolPB.OzoneManagerRequestHandler.getOzoneFileStatus(OzoneManagerRequestHandler.java:878) ~[ozone-manager-1.3.0-SNAPSHOT.jar:?]
	at org.apache.hadoop.ozone.protocolPB.OzoneManagerRequestHandler.handleReadRequest(OzoneManagerRequestHandler.java:224) ~[ozone-manager-1.3.0-SNAPSHOT.jar:?]
	at org.apache.hadoop.ozone.protocolPB.OzoneManagerProtocolServerSideTranslatorPB.submitReadRequestToOM(OzoneManagerProtocolServerSideTranslatorPB.java:226) ~[ozone-manager-1.3.0-SNAPSHOT.jar:?]
	at org.apache.hadoop.ozone.protocolPB.OzoneManagerProtocolServerSideTranslatorPB.processRequest(OzoneManagerProtocolServerSideTranslatorPB.java:175) ~[ozone-manager-1.3.0-SNAPSHOT.jar:?]
	at org.apache.hadoop.hdds.server.OzoneProtocolMessageDispatcher.processRequest(OzoneProtocolMessageDispatcher.java:87) [hdds-server-framework-1.3.0-SNAPSHOT.jar:?]
	at org.apache.hadoop.ozone.protocolPB.OzoneManagerProtocolServerSideTranslatorPB.submitRequest(OzoneManagerProtocolServerSideTranslatorPB.java:147) [ozone-manager-1.3.0-SNAPSHOT.jar:?]
	at org.apache.hadoop.ozone.protocol.proto.OzoneManagerProtocolProtos$OzoneManagerService$2.callBlockingMethod(OzoneManagerProtocolProtos.java) [ozone-interface-client-1.3.0-SNAPSHOT.jar:?]
	at org.apache.hadoop.ipc.ProtobufRpcEngine$Server.processCall(ProtobufRpcEngine.java:466) [hadoop-common-3.3.1.jar:?]
	at org.apache.hadoop.ipc.ProtobufRpcEngine2$Server$ProtoBufRpcInvoker.call(ProtobufRpcEngine2.java:574) [hadoop-common-3.3.1.jar:?]
	at org.apache.hadoop.ipc.ProtobufRpcEngine2$Server$ProtoBufRpcInvoker.call(ProtobufRpcEngine2.java:552) [hadoop-common-3.3.1.jar:?]
	at org.apache.hadoop.ipc.RPC$Server.call(RPC.java:1093) [hadoop-common-3.3.1.jar:?]
	at org.apache.hadoop.ipc.Server$RpcCall.run(Server.java:1035) [hadoop-common-3.3.1.jar:?]
	at org.apache.hadoop.ipc.Server$RpcCall.run(Server.java:963) [hadoop-common-3.3.1.jar:?]
	at java.security.AccessController.doPrivileged(Native Method) ~[?:1.8.0_332]
	at javax.security.auth.Subject.doAs(Subject.java:422) [?:1.8.0_332]
	at org.apache.hadoop.security.UserGroupInformation.doAs(UserGroupInformation.java:1878) [hadoop-common-3.3.1.jar:?]
	at org.apache.hadoop.ipc.Server$Handler.run(Server.java:2966) [hadoop-common-3.3.1.jar:?]
13:50:24.975 [IPC Server handler 16 on default port 46277] ERROR OMAudit - user=runner | ip=127.0.0.1 | op=GET_FILE_STATUS {volume=eb75a2c4-9b19-42d2-92d1-5baf371d8b09, bucket=d7ef283b-e39d-4b45-8d0e-55ab2294e400, key=.Trash, dataSize=0, replicationConfig=null} | ret=FAILURE
org.apache.hadoop.ozone.om.exceptions.OMException: Unable to get file status: volume: eb75a2c4-9b19-42d2-92d1-5baf371d8b09 bucket: d7ef283b-e39d-4b45-8d0e-55ab2294e400 key: .Trash
	at org.apache.hadoop.ozone.om.KeyManagerImpl.getOzoneFileStatus(KeyManagerImpl.java:1311) ~[ozone-manager-1.3.0-SNAPSHOT.jar:?]
	at org.apache.hadoop.ozone.om.KeyManagerImpl.getFileStatus(KeyManagerImpl.java:1241) ~[ozone-manager-1.3.0-SNAPSHOT.jar:?]
	at org.apache.hadoop.ozone.om.OzoneManager.getFileStatus(OzoneManager.java:3467) ~[ozone-manager-1.3.0-SNAPSHOT.jar:?]
	at org.apache.hadoop.ozone.protocolPB.OzoneManagerRequestHandler.getOzoneFileStatus(OzoneManagerRequestHandler.java:878) ~[ozone-manager-1.3.0-SNAPSHOT.jar:?]
	at org.apache.hadoop.ozone.protocolPB.OzoneManagerRequestHandler.handleReadRequest(OzoneManagerRequestHandler.java:224) ~[ozone-manager-1.3.0-SNAPSHOT.jar:?]
	at org.apache.hadoop.ozone.protocolPB.OzoneManagerProtocolServerSideTranslatorPB.submitReadRequestToOM(OzoneManagerProtocolServerSideTranslatorPB.java:226) ~[ozone-manager-1.3.0-SNAPSHOT.jar:?]
	at org.apache.hadoop.ozone.protocolPB.OzoneManagerProtocolServerSideTranslatorPB.processRequest(OzoneManagerProtocolServerSideTranslatorPB.java:175) ~[ozone-manager-1.3.0-SNAPSHOT.jar:?]
	at org.apache.hadoop.hdds.server.OzoneProtocolMessageDispatcher.processRequest(OzoneProtocolMessageDispatcher.java:87) [hdds-server-framework-1.3.0-SNAPSHOT.jar:?]
	at org.apache.hadoop.ozone.protocolPB.OzoneManagerProtocolServerSideTranslatorPB.submitRequest(OzoneManagerProtocolServerSideTranslatorPB.java:147) [ozone-manager-1.3.0-SNAPSHOT.jar:?]
	at org.apache.hadoop.ozone.protocol.proto.OzoneManagerProtocolProtos$OzoneManagerService$2.callBlockingMethod(OzoneManagerProtocolProtos.java) [ozone-interface-client-1.3.0-SNAPSHOT.jar:?]
	at org.apache.hadoop.ipc.ProtobufRpcEngine$Server.processCall(ProtobufRpcEngine.java:466) [hadoop-common-3.3.1.jar:?]
	at org.apache.hadoop.ipc.ProtobufRpcEngine2$Server$ProtoBufRpcInvoker.call(ProtobufRpcEngine2.java:574) [hadoop-common-3.3.1.jar:?]
	at org.apache.hadoop.ipc.ProtobufRpcEngine2$Server$ProtoBufRpcInvoker.call(ProtobufRpcEngine2.java:552) [hadoop-common-3.3.1.jar:?]
	at org.apache.hadoop.ipc.RPC$Server.call(RPC.java:1093) [hadoop-common-3.3.1.jar:?]
	at org.apache.hadoop.ipc.Server$RpcCall.run(Server.java:1035) [hadoop-common-3.3.1.jar:?]
	at org.apache.hadoop.ipc.Server$RpcCall.run(Server.java:963) [hadoop-common-3.3.1.jar:?]
	at java.security.AccessController.doPrivileged(Native Method) ~[?:1.8.0_332]
	at javax.security.auth.Subject.doAs(Subject.java:422) [?:1.8.0_332]
	at org.apache.hadoop.security.UserGroupInformation.doAs(UserGroupInformation.java:1878) [hadoop-common-3.3.1.jar:?]
	at org.apache.hadoop.ipc.Server$Handler.run(Server.java:2966) [hadoop-common-3.3.1.jar:?]
]]></system-out>
  </testcase>
  <testcase name="testGetTrashRoots" classname="TestRootedOzoneFileSystem" time="0.814">
    <system-out><![CDATA[2022-07-27 13:51:34,233 [Time-limited test] INFO  rpc.RpcClient (RpcClient.java:createVolume(467)) - Creating Volume: volume12700, with user20411 as owner and space quota set to -1 bytes, counts quota set to -1
2022-07-27 13:51:34,234 [IPC Server handler 17 on default port 45285] INFO  volume.OMVolumeCreateRequest (OMVolumeCreateRequest.java:validateAndUpdateCache(195)) - created volume:volume12700 for user:user20411
2022-07-27 13:51:34,235 [Time-limited test] INFO  rpc.RpcClient (RpcClient.java:createBucket(670)) - Creating Bucket: volume12700/bucket25147, with bucket layout LEGACY, runner as owner, Versioning false, Storage Type set to DISK and Encryption set to false 
2022-07-27 13:51:34,235 [IPC Server handler 2 on default port 45285] INFO  bucket.OMBucketCreateRequest (OMBucketCreateRequest.java:validateAndUpdateCache(260)) - created bucket: bucket25147 of layout LEGACY in volume: volume12700
13:51:34.243 [IPC Server handler 9 on default port 45285] ERROR OMAudit - user=runner | ip=127.0.0.1 | op=GET_FILE_STATUS {volume=volume12700, bucket=bucket25147, key=.Trash/runner, dataSize=0, replicationConfig=null} | ret=FAILURE
org.apache.hadoop.ozone.om.exceptions.OMException: Unable to get file status: volume: volume12700 bucket: bucket25147 key: .Trash/runner
	at org.apache.hadoop.ozone.om.KeyManagerImpl.getOzoneFileStatus(KeyManagerImpl.java:1311) ~[ozone-manager-1.3.0-SNAPSHOT.jar:?]
	at org.apache.hadoop.ozone.om.KeyManagerImpl.getFileStatus(KeyManagerImpl.java:1241) ~[ozone-manager-1.3.0-SNAPSHOT.jar:?]
	at org.apache.hadoop.ozone.om.OzoneManager.getFileStatus(OzoneManager.java:3467) ~[ozone-manager-1.3.0-SNAPSHOT.jar:?]
	at org.apache.hadoop.ozone.protocolPB.OzoneManagerRequestHandler.getOzoneFileStatus(OzoneManagerRequestHandler.java:878) ~[ozone-manager-1.3.0-SNAPSHOT.jar:?]
	at org.apache.hadoop.ozone.protocolPB.OzoneManagerRequestHandler.handleReadRequest(OzoneManagerRequestHandler.java:224) ~[ozone-manager-1.3.0-SNAPSHOT.jar:?]
	at org.apache.hadoop.ozone.protocolPB.OzoneManagerProtocolServerSideTranslatorPB.submitRequestDirectlyToOM(OzoneManagerProtocolServerSideTranslatorPB.java:276) ~[ozone-manager-1.3.0-SNAPSHOT.jar:?]
	at org.apache.hadoop.ozone.protocolPB.OzoneManagerProtocolServerSideTranslatorPB.processRequest(OzoneManagerProtocolServerSideTranslatorPB.java:205) ~[ozone-manager-1.3.0-SNAPSHOT.jar:?]
	at org.apache.hadoop.hdds.server.OzoneProtocolMessageDispatcher.processRequest(OzoneProtocolMessageDispatcher.java:87) [hdds-server-framework-1.3.0-SNAPSHOT.jar:?]
	at org.apache.hadoop.ozone.protocolPB.OzoneManagerProtocolServerSideTranslatorPB.submitRequest(OzoneManagerProtocolServerSideTranslatorPB.java:147) [ozone-manager-1.3.0-SNAPSHOT.jar:?]
	at org.apache.hadoop.ozone.protocol.proto.OzoneManagerProtocolProtos$OzoneManagerService$2.callBlockingMethod(OzoneManagerProtocolProtos.java) [ozone-interface-client-1.3.0-SNAPSHOT.jar:?]
	at org.apache.hadoop.ipc.ProtobufRpcEngine$Server.processCall(ProtobufRpcEngine.java:466) [hadoop-common-3.3.1.jar:?]
	at org.apache.hadoop.ipc.ProtobufRpcEngine2$Server$ProtoBufRpcInvoker.call(ProtobufRpcEngine2.java:574) [hadoop-common-3.3.1.jar:?]
	at org.apache.hadoop.ipc.ProtobufRpcEngine2$Server$ProtoBufRpcInvoker.call(ProtobufRpcEngine2.java:552) [hadoop-common-3.3.1.jar:?]
	at org.apache.hadoop.ipc.RPC$Server.call(RPC.java:1093) [hadoop-common-3.3.1.jar:?]
	at org.apache.hadoop.ipc.Server$RpcCall.run(Server.java:1035) [hadoop-common-3.3.1.jar:?]
	at org.apache.hadoop.ipc.Server$RpcCall.run(Server.java:963) [hadoop-common-3.3.1.jar:?]
	at java.security.AccessController.doPrivileged(Native Method) ~[?:1.8.0_332]
	at javax.security.auth.Subject.doAs(Subject.java:422) [?:1.8.0_332]
	at org.apache.hadoop.security.UserGroupInformation.doAs(UserGroupInformation.java:1878) [hadoop-common-3.3.1.jar:?]
	at org.apache.hadoop.ipc.Server$Handler.run(Server.java:2966) [hadoop-common-3.3.1.jar:?]
13:51:34.245 [IPC Server handler 15 on default port 45285] ERROR OMAudit - user=runner | ip=127.0.0.1 | op=GET_FILE_STATUS {volume=c7bbfd64-752f-46ae-93f9-89be07c2b057, bucket=01829def-0411-45e3-a850-f7a07a46e0c9, key=.Trash, dataSize=0, replicationConfig=null} | ret=FAILURE
org.apache.hadoop.ozone.om.exceptions.OMException: Unable to get file status: volume: c7bbfd64-752f-46ae-93f9-89be07c2b057 bucket: 01829def-0411-45e3-a850-f7a07a46e0c9 key: .Trash
	at org.apache.hadoop.ozone.om.KeyManagerImpl.getOzoneFileStatus(KeyManagerImpl.java:1311) ~[ozone-manager-1.3.0-SNAPSHOT.jar:?]
	at org.apache.hadoop.ozone.om.KeyManagerImpl.getFileStatus(KeyManagerImpl.java:1241) ~[ozone-manager-1.3.0-SNAPSHOT.jar:?]
	at org.apache.hadoop.ozone.om.OzoneManager.getFileStatus(OzoneManager.java:3467) ~[ozone-manager-1.3.0-SNAPSHOT.jar:?]
	at org.apache.hadoop.ozone.protocolPB.OzoneManagerRequestHandler.getOzoneFileStatus(OzoneManagerRequestHandler.java:878) ~[ozone-manager-1.3.0-SNAPSHOT.jar:?]
	at org.apache.hadoop.ozone.protocolPB.OzoneManagerRequestHandler.handleReadRequest(OzoneManagerRequestHandler.java:224) ~[ozone-manager-1.3.0-SNAPSHOT.jar:?]
	at org.apache.hadoop.ozone.protocolPB.OzoneManagerProtocolServerSideTranslatorPB.submitRequestDirectlyToOM(OzoneManagerProtocolServerSideTranslatorPB.java:276) ~[ozone-manager-1.3.0-SNAPSHOT.jar:?]
	at org.apache.hadoop.ozone.protocolPB.OzoneManagerProtocolServerSideTranslatorPB.processRequest(OzoneManagerProtocolServerSideTranslatorPB.java:205) ~[ozone-manager-1.3.0-SNAPSHOT.jar:?]
	at org.apache.hadoop.hdds.server.OzoneProtocolMessageDispatcher.processRequest(OzoneProtocolMessageDispatcher.java:87) [hdds-server-framework-1.3.0-SNAPSHOT.jar:?]
	at org.apache.hadoop.ozone.protocolPB.OzoneManagerProtocolServerSideTranslatorPB.submitRequest(OzoneManagerProtocolServerSideTranslatorPB.java:147) [ozone-manager-1.3.0-SNAPSHOT.jar:?]
	at org.apache.hadoop.ozone.protocol.proto.OzoneManagerProtocolProtos$OzoneManagerService$2.callBlockingMethod(OzoneManagerProtocolProtos.java) [ozone-interface-client-1.3.0-SNAPSHOT.jar:?]
	at org.apache.hadoop.ipc.ProtobufRpcEngine$Server.processCall(ProtobufRpcEngine.java:466) [hadoop-common-3.3.1.jar:?]
	at org.apache.hadoop.ipc.ProtobufRpcEngine2$Server$ProtoBufRpcInvoker.call(ProtobufRpcEngine2.java:574) [hadoop-common-3.3.1.jar:?]
	at org.apache.hadoop.ipc.ProtobufRpcEngine2$Server$ProtoBufRpcInvoker.call(ProtobufRpcEngine2.java:552) [hadoop-common-3.3.1.jar:?]
	at org.apache.hadoop.ipc.RPC$Server.call(RPC.java:1093) [hadoop-common-3.3.1.jar:?]
	at org.apache.hadoop.ipc.Server$RpcCall.run(Server.java:1035) [hadoop-common-3.3.1.jar:?]
	at org.apache.hadoop.ipc.Server$RpcCall.run(Server.java:963) [hadoop-common-3.3.1.jar:?]
	at java.security.AccessController.doPrivileged(Native Method) ~[?:1.8.0_332]
	at javax.security.auth.Subject.doAs(Subject.java:422) [?:1.8.0_332]
	at org.apache.hadoop.security.UserGroupInformation.doAs(UserGroupInformation.java:1878) [hadoop-common-3.3.1.jar:?]
	at org.apache.hadoop.ipc.Server$Handler.run(Server.java:2966) [hadoop-common-3.3.1.jar:?]
13:51:34.247 [IPC Server handler 1 on default port 45285] ERROR OMAudit - user=runner | ip=127.0.0.1 | op=GET_FILE_STATUS {volume=volume12700, bucket=bucket25147, key=.Trash, dataSize=0, replicationConfig=null} | ret=FAILURE
org.apache.hadoop.ozone.om.exceptions.OMException: Unable to get file status: volume: volume12700 bucket: bucket25147 key: .Trash
	at org.apache.hadoop.ozone.om.KeyManagerImpl.getOzoneFileStatus(KeyManagerImpl.java:1311) ~[ozone-manager-1.3.0-SNAPSHOT.jar:?]
	at org.apache.hadoop.ozone.om.KeyManagerImpl.getFileStatus(KeyManagerImpl.java:1241) ~[ozone-manager-1.3.0-SNAPSHOT.jar:?]
	at org.apache.hadoop.ozone.om.OzoneManager.getFileStatus(OzoneManager.java:3467) ~[ozone-manager-1.3.0-SNAPSHOT.jar:?]
	at org.apache.hadoop.ozone.protocolPB.OzoneManagerRequestHandler.getOzoneFileStatus(OzoneManagerRequestHandler.java:878) ~[ozone-manager-1.3.0-SNAPSHOT.jar:?]
	at org.apache.hadoop.ozone.protocolPB.OzoneManagerRequestHandler.handleReadRequest(OzoneManagerRequestHandler.java:224) ~[ozone-manager-1.3.0-SNAPSHOT.jar:?]
	at org.apache.hadoop.ozone.protocolPB.OzoneManagerProtocolServerSideTranslatorPB.submitRequestDirectlyToOM(OzoneManagerProtocolServerSideTranslatorPB.java:276) ~[ozone-manager-1.3.0-SNAPSHOT.jar:?]
	at org.apache.hadoop.ozone.protocolPB.OzoneManagerProtocolServerSideTranslatorPB.processRequest(OzoneManagerProtocolServerSideTranslatorPB.java:205) ~[ozone-manager-1.3.0-SNAPSHOT.jar:?]
	at org.apache.hadoop.hdds.server.OzoneProtocolMessageDispatcher.processRequest(OzoneProtocolMessageDispatcher.java:87) [hdds-server-framework-1.3.0-SNAPSHOT.jar:?]
	at org.apache.hadoop.ozone.protocolPB.OzoneManagerProtocolServerSideTranslatorPB.submitRequest(OzoneManagerProtocolServerSideTranslatorPB.java:147) [ozone-manager-1.3.0-SNAPSHOT.jar:?]
	at org.apache.hadoop.ozone.protocol.proto.OzoneManagerProtocolProtos$OzoneManagerService$2.callBlockingMethod(OzoneManagerProtocolProtos.java) [ozone-interface-client-1.3.0-SNAPSHOT.jar:?]
	at org.apache.hadoop.ipc.ProtobufRpcEngine$Server.processCall(ProtobufRpcEngine.java:466) [hadoop-common-3.3.1.jar:?]
	at org.apache.hadoop.ipc.ProtobufRpcEngine2$Server$ProtoBufRpcInvoker.call(ProtobufRpcEngine2.java:574) [hadoop-common-3.3.1.jar:?]
	at org.apache.hadoop.ipc.ProtobufRpcEngine2$Server$ProtoBufRpcInvoker.call(ProtobufRpcEngine2.java:552) [hadoop-common-3.3.1.jar:?]
	at org.apache.hadoop.ipc.RPC$Server.call(RPC.java:1093) [hadoop-common-3.3.1.jar:?]
	at org.apache.hadoop.ipc.Server$RpcCall.run(Server.java:1035) [hadoop-common-3.3.1.jar:?]
	at org.apache.hadoop.ipc.Server$RpcCall.run(Server.java:963) [hadoop-common-3.3.1.jar:?]
	at java.security.AccessController.doPrivileged(Native Method) ~[?:1.8.0_332]
	at javax.security.auth.Subject.doAs(Subject.java:422) [?:1.8.0_332]
	at org.apache.hadoop.security.UserGroupInformation.doAs(UserGroupInformation.java:1878) [hadoop-common-3.3.1.jar:?]
	at org.apache.hadoop.ipc.Server$Handler.run(Server.java:2966) [hadoop-common-3.3.1.jar:?]
13:51:34.268 [IPC Server handler 17 on default port 45285] ERROR OMAudit - user=runner | ip=127.0.0.1 | op=GET_FILE_STATUS {volume=c7bbfd64-752f-46ae-93f9-89be07c2b057, bucket=01829def-0411-45e3-a850-f7a07a46e0c9, key=.Trash, dataSize=0, replicationConfig=null} | ret=FAILURE
org.apache.hadoop.ozone.om.exceptions.OMException: Unable to get file status: volume: c7bbfd64-752f-46ae-93f9-89be07c2b057 bucket: 01829def-0411-45e3-a850-f7a07a46e0c9 key: .Trash
	at org.apache.hadoop.ozone.om.KeyManagerImpl.getOzoneFileStatus(KeyManagerImpl.java:1311) ~[ozone-manager-1.3.0-SNAPSHOT.jar:?]
	at org.apache.hadoop.ozone.om.KeyManagerImpl.getFileStatus(KeyManagerImpl.java:1241) ~[ozone-manager-1.3.0-SNAPSHOT.jar:?]
	at org.apache.hadoop.ozone.om.OzoneManager.getFileStatus(OzoneManager.java:3467) ~[ozone-manager-1.3.0-SNAPSHOT.jar:?]
	at org.apache.hadoop.ozone.protocolPB.OzoneManagerRequestHandler.getOzoneFileStatus(OzoneManagerRequestHandler.java:878) ~[ozone-manager-1.3.0-SNAPSHOT.jar:?]
	at org.apache.hadoop.ozone.protocolPB.OzoneManagerRequestHandler.handleReadRequest(OzoneManagerRequestHandler.java:224) ~[ozone-manager-1.3.0-SNAPSHOT.jar:?]
	at org.apache.hadoop.ozone.protocolPB.OzoneManagerProtocolServerSideTranslatorPB.submitRequestDirectlyToOM(OzoneManagerProtocolServerSideTranslatorPB.java:276) ~[ozone-manager-1.3.0-SNAPSHOT.jar:?]
	at org.apache.hadoop.ozone.protocolPB.OzoneManagerProtocolServerSideTranslatorPB.processRequest(OzoneManagerProtocolServerSideTranslatorPB.java:205) ~[ozone-manager-1.3.0-SNAPSHOT.jar:?]
	at org.apache.hadoop.hdds.server.OzoneProtocolMessageDispatcher.processRequest(OzoneProtocolMessageDispatcher.java:87) [hdds-server-framework-1.3.0-SNAPSHOT.jar:?]
	at org.apache.hadoop.ozone.protocolPB.OzoneManagerProtocolServerSideTranslatorPB.submitRequest(OzoneManagerProtocolServerSideTranslatorPB.java:147) [ozone-manager-1.3.0-SNAPSHOT.jar:?]
	at org.apache.hadoop.ozone.protocol.proto.OzoneManagerProtocolProtos$OzoneManagerService$2.callBlockingMethod(OzoneManagerProtocolProtos.java) [ozone-interface-client-1.3.0-SNAPSHOT.jar:?]
	at org.apache.hadoop.ipc.ProtobufRpcEngine$Server.processCall(ProtobufRpcEngine.java:466) [hadoop-common-3.3.1.jar:?]
	at org.apache.hadoop.ipc.ProtobufRpcEngine2$Server$ProtoBufRpcInvoker.call(ProtobufRpcEngine2.java:574) [hadoop-common-3.3.1.jar:?]
	at org.apache.hadoop.ipc.ProtobufRpcEngine2$Server$ProtoBufRpcInvoker.call(ProtobufRpcEngine2.java:552) [hadoop-common-3.3.1.jar:?]
	at org.apache.hadoop.ipc.RPC$Server.call(RPC.java:1093) [hadoop-common-3.3.1.jar:?]
	at org.apache.hadoop.ipc.Server$RpcCall.run(Server.java:1035) [hadoop-common-3.3.1.jar:?]
	at org.apache.hadoop.ipc.Server$RpcCall.run(Server.java:963) [hadoop-common-3.3.1.jar:?]
	at java.security.AccessController.doPrivileged(Native Method) ~[?:1.8.0_332]
	at javax.security.auth.Subject.doAs(Subject.java:422) [?:1.8.0_332]
	at org.apache.hadoop.security.UserGroupInformation.doAs(UserGroupInformation.java:1878) [hadoop-common-3.3.1.jar:?]
	at org.apache.hadoop.ipc.Server$Handler.run(Server.java:2966) [hadoop-common-3.3.1.jar:?]
13:51:34.295 [IPC Server handler 4 on default port 45285] ERROR OMAudit - user=runner | ip=127.0.0.1 | op=GET_FILE_STATUS {volume=c7bbfd64-752f-46ae-93f9-89be07c2b057, bucket=01829def-0411-45e3-a850-f7a07a46e0c9, key=.Trash, dataSize=0, replicationConfig=null} | ret=FAILURE
org.apache.hadoop.ozone.om.exceptions.OMException: Unable to get file status: volume: c7bbfd64-752f-46ae-93f9-89be07c2b057 bucket: 01829def-0411-45e3-a850-f7a07a46e0c9 key: .Trash
	at org.apache.hadoop.ozone.om.KeyManagerImpl.getOzoneFileStatus(KeyManagerImpl.java:1311) ~[ozone-manager-1.3.0-SNAPSHOT.jar:?]
	at org.apache.hadoop.ozone.om.KeyManagerImpl.getFileStatus(KeyManagerImpl.java:1241) ~[ozone-manager-1.3.0-SNAPSHOT.jar:?]
	at org.apache.hadoop.ozone.om.OzoneManager.getFileStatus(OzoneManager.java:3467) ~[ozone-manager-1.3.0-SNAPSHOT.jar:?]
	at org.apache.hadoop.ozone.protocolPB.OzoneManagerRequestHandler.getOzoneFileStatus(OzoneManagerRequestHandler.java:878) ~[ozone-manager-1.3.0-SNAPSHOT.jar:?]
	at org.apache.hadoop.ozone.protocolPB.OzoneManagerRequestHandler.handleReadRequest(OzoneManagerRequestHandler.java:224) ~[ozone-manager-1.3.0-SNAPSHOT.jar:?]
	at org.apache.hadoop.ozone.protocolPB.OzoneManagerProtocolServerSideTranslatorPB.submitRequestDirectlyToOM(OzoneManagerProtocolServerSideTranslatorPB.java:276) ~[ozone-manager-1.3.0-SNAPSHOT.jar:?]
	at org.apache.hadoop.ozone.protocolPB.OzoneManagerProtocolServerSideTranslatorPB.processRequest(OzoneManagerProtocolServerSideTranslatorPB.java:205) ~[ozone-manager-1.3.0-SNAPSHOT.jar:?]
	at org.apache.hadoop.hdds.server.OzoneProtocolMessageDispatcher.processRequest(OzoneProtocolMessageDispatcher.java:87) [hdds-server-framework-1.3.0-SNAPSHOT.jar:?]
	at org.apache.hadoop.ozone.protocolPB.OzoneManagerProtocolServerSideTranslatorPB.submitRequest(OzoneManagerProtocolServerSideTranslatorPB.java:147) [ozone-manager-1.3.0-SNAPSHOT.jar:?]
	at org.apache.hadoop.ozone.protocol.proto.OzoneManagerProtocolProtos$OzoneManagerService$2.callBlockingMethod(OzoneManagerProtocolProtos.java) [ozone-interface-client-1.3.0-SNAPSHOT.jar:?]
	at org.apache.hadoop.ipc.ProtobufRpcEngine$Server.processCall(ProtobufRpcEngine.java:466) [hadoop-common-3.3.1.jar:?]
	at org.apache.hadoop.ipc.ProtobufRpcEngine2$Server$ProtoBufRpcInvoker.call(ProtobufRpcEngine2.java:574) [hadoop-common-3.3.1.jar:?]
	at org.apache.hadoop.ipc.ProtobufRpcEngine2$Server$ProtoBufRpcInvoker.call(ProtobufRpcEngine2.java:552) [hadoop-common-3.3.1.jar:?]
	at org.apache.hadoop.ipc.RPC$Server.call(RPC.java:1093) [hadoop-common-3.3.1.jar:?]
	at org.apache.hadoop.ipc.Server$RpcCall.run(Server.java:1035) [hadoop-common-3.3.1.jar:?]
	at org.apache.hadoop.ipc.Server$RpcCall.run(Server.java:963) [hadoop-common-3.3.1.jar:?]
	at java.security.AccessController.doPrivileged(Native Method) ~[?:1.8.0_332]
	at javax.security.auth.Subject.doAs(Subject.java:422) [?:1.8.0_332]
	at org.apache.hadoop.security.UserGroupInformation.doAs(UserGroupInformation.java:1878) [hadoop-common-3.3.1.jar:?]
	at org.apache.hadoop.ipc.Server$Handler.run(Server.java:2966) [hadoop-common-3.3.1.jar:?]
2022-07-27 13:51:34,301 [Time-limited test] INFO  rpc.RpcClient (RpcClient.java:createBucket(670)) - Creating Bucket: volume12700/trashroottest2, with bucket layout LEGACY, runner as owner, Versioning false, Storage Type set to DISK and Encryption set to false 
2022-07-27 13:51:34,303 [IPC Server handler 2 on default port 45285] INFO  bucket.OMBucketCreateRequest (OMBucketCreateRequest.java:validateAndUpdateCache(260)) - created bucket: trashroottest2 of layout LEGACY in volume: volume12700
13:51:34.581 [IPC Server handler 7 on default port 45285] ERROR OMAudit - user=runner | ip=127.0.0.1 | op=GET_FILE_STATUS {volume=c7bbfd64-752f-46ae-93f9-89be07c2b057, bucket=01829def-0411-45e3-a850-f7a07a46e0c9, key=.Trash, dataSize=0, replicationConfig=null} | ret=FAILURE
org.apache.hadoop.ozone.om.exceptions.OMException: Unable to get file status: volume: c7bbfd64-752f-46ae-93f9-89be07c2b057 bucket: 01829def-0411-45e3-a850-f7a07a46e0c9 key: .Trash
	at org.apache.hadoop.ozone.om.KeyManagerImpl.getOzoneFileStatus(KeyManagerImpl.java:1311) ~[ozone-manager-1.3.0-SNAPSHOT.jar:?]
	at org.apache.hadoop.ozone.om.KeyManagerImpl.getFileStatus(KeyManagerImpl.java:1241) ~[ozone-manager-1.3.0-SNAPSHOT.jar:?]
	at org.apache.hadoop.ozone.om.OzoneManager.getFileStatus(OzoneManager.java:3467) ~[ozone-manager-1.3.0-SNAPSHOT.jar:?]
	at org.apache.hadoop.ozone.protocolPB.OzoneManagerRequestHandler.getOzoneFileStatus(OzoneManagerRequestHandler.java:878) ~[ozone-manager-1.3.0-SNAPSHOT.jar:?]
	at org.apache.hadoop.ozone.protocolPB.OzoneManagerRequestHandler.handleReadRequest(OzoneManagerRequestHandler.java:224) ~[ozone-manager-1.3.0-SNAPSHOT.jar:?]
	at org.apache.hadoop.ozone.protocolPB.OzoneManagerProtocolServerSideTranslatorPB.submitRequestDirectlyToOM(OzoneManagerProtocolServerSideTranslatorPB.java:276) ~[ozone-manager-1.3.0-SNAPSHOT.jar:?]
	at org.apache.hadoop.ozone.protocolPB.OzoneManagerProtocolServerSideTranslatorPB.processRequest(OzoneManagerProtocolServerSideTranslatorPB.java:205) ~[ozone-manager-1.3.0-SNAPSHOT.jar:?]
	at org.apache.hadoop.hdds.server.OzoneProtocolMessageDispatcher.processRequest(OzoneProtocolMessageDispatcher.java:87) [hdds-server-framework-1.3.0-SNAPSHOT.jar:?]
	at org.apache.hadoop.ozone.protocolPB.OzoneManagerProtocolServerSideTranslatorPB.submitRequest(OzoneManagerProtocolServerSideTranslatorPB.java:147) [ozone-manager-1.3.0-SNAPSHOT.jar:?]
	at org.apache.hadoop.ozone.protocol.proto.OzoneManagerProtocolProtos$OzoneManagerService$2.callBlockingMethod(OzoneManagerProtocolProtos.java) [ozone-interface-client-1.3.0-SNAPSHOT.jar:?]
	at org.apache.hadoop.ipc.ProtobufRpcEngine$Server.processCall(ProtobufRpcEngine.java:466) [hadoop-common-3.3.1.jar:?]
	at org.apache.hadoop.ipc.ProtobufRpcEngine2$Server$ProtoBufRpcInvoker.call(ProtobufRpcEngine2.java:574) [hadoop-common-3.3.1.jar:?]
	at org.apache.hadoop.ipc.ProtobufRpcEngine2$Server$ProtoBufRpcInvoker.call(ProtobufRpcEngine2.java:552) [hadoop-common-3.3.1.jar:?]
	at org.apache.hadoop.ipc.RPC$Server.call(RPC.java:1093) [hadoop-common-3.3.1.jar:?]
	at org.apache.hadoop.ipc.Server$RpcCall.run(Server.java:1035) [hadoop-common-3.3.1.jar:?]
	at org.apache.hadoop.ipc.Server$RpcCall.run(Server.java:963) [hadoop-common-3.3.1.jar:?]
	at java.security.AccessController.doPrivileged(Native Method) ~[?:1.8.0_332]
	at javax.security.auth.Subject.doAs(Subject.java:422) [?:1.8.0_332]
	at org.apache.hadoop.security.UserGroupInformation.doAs(UserGroupInformation.java:1878) [hadoop-common-3.3.1.jar:?]
	at org.apache.hadoop.ipc.Server$Handler.run(Server.java:2966) [hadoop-common-3.3.1.jar:?]
13:51:34.620 [IPC Server handler 11 on default port 45285] ERROR OMAudit - user=runner | ip=127.0.0.1 | op=GET_FILE_STATUS {volume=c7bbfd64-752f-46ae-93f9-89be07c2b057, bucket=01829def-0411-45e3-a850-f7a07a46e0c9, key=.Trash, dataSize=0, replicationConfig=null} | ret=FAILURE
org.apache.hadoop.ozone.om.exceptions.OMException: Unable to get file status: volume: c7bbfd64-752f-46ae-93f9-89be07c2b057 bucket: 01829def-0411-45e3-a850-f7a07a46e0c9 key: .Trash
	at org.apache.hadoop.ozone.om.KeyManagerImpl.getOzoneFileStatus(KeyManagerImpl.java:1311) ~[ozone-manager-1.3.0-SNAPSHOT.jar:?]
	at org.apache.hadoop.ozone.om.KeyManagerImpl.getFileStatus(KeyManagerImpl.java:1241) ~[ozone-manager-1.3.0-SNAPSHOT.jar:?]
	at org.apache.hadoop.ozone.om.OzoneManager.getFileStatus(OzoneManager.java:3467) ~[ozone-manager-1.3.0-SNAPSHOT.jar:?]
	at org.apache.hadoop.ozone.protocolPB.OzoneManagerRequestHandler.getOzoneFileStatus(OzoneManagerRequestHandler.java:878) ~[ozone-manager-1.3.0-SNAPSHOT.jar:?]
	at org.apache.hadoop.ozone.protocolPB.OzoneManagerRequestHandler.handleReadRequest(OzoneManagerRequestHandler.java:224) ~[ozone-manager-1.3.0-SNAPSHOT.jar:?]
	at org.apache.hadoop.ozone.protocolPB.OzoneManagerProtocolServerSideTranslatorPB.submitRequestDirectlyToOM(OzoneManagerProtocolServerSideTranslatorPB.java:276) ~[ozone-manager-1.3.0-SNAPSHOT.jar:?]
	at org.apache.hadoop.ozone.protocolPB.OzoneManagerProtocolServerSideTranslatorPB.processRequest(OzoneManagerProtocolServerSideTranslatorPB.java:205) ~[ozone-manager-1.3.0-SNAPSHOT.jar:?]
	at org.apache.hadoop.hdds.server.OzoneProtocolMessageDispatcher.processRequest(OzoneProtocolMessageDispatcher.java:87) [hdds-server-framework-1.3.0-SNAPSHOT.jar:?]
	at org.apache.hadoop.ozone.protocolPB.OzoneManagerProtocolServerSideTranslatorPB.submitRequest(OzoneManagerProtocolServerSideTranslatorPB.java:147) [ozone-manager-1.3.0-SNAPSHOT.jar:?]
	at org.apache.hadoop.ozone.protocol.proto.OzoneManagerProtocolProtos$OzoneManagerService$2.callBlockingMethod(OzoneManagerProtocolProtos.java) [ozone-interface-client-1.3.0-SNAPSHOT.jar:?]
	at org.apache.hadoop.ipc.ProtobufRpcEngine$Server.processCall(ProtobufRpcEngine.java:466) [hadoop-common-3.3.1.jar:?]
	at org.apache.hadoop.ipc.ProtobufRpcEngine2$Server$ProtoBufRpcInvoker.call(ProtobufRpcEngine2.java:574) [hadoop-common-3.3.1.jar:?]
	at org.apache.hadoop.ipc.ProtobufRpcEngine2$Server$ProtoBufRpcInvoker.call(ProtobufRpcEngine2.java:552) [hadoop-common-3.3.1.jar:?]
	at org.apache.hadoop.ipc.RPC$Server.call(RPC.java:1093) [hadoop-common-3.3.1.jar:?]
	at org.apache.hadoop.ipc.Server$RpcCall.run(Server.java:1035) [hadoop-common-3.3.1.jar:?]
	at org.apache.hadoop.ipc.Server$RpcCall.run(Server.java:963) [hadoop-common-3.3.1.jar:?]
	at java.security.AccessController.doPrivileged(Native Method) ~[?:1.8.0_332]
	at javax.security.auth.Subject.doAs(Subject.java:422) [?:1.8.0_332]
	at org.apache.hadoop.security.UserGroupInformation.doAs(UserGroupInformation.java:1878) [hadoop-common-3.3.1.jar:?]
	at org.apache.hadoop.ipc.Server$Handler.run(Server.java:2966) [hadoop-common-3.3.1.jar:?]
2022-07-27 13:51:34,721 [Time-limited test] INFO  rpc.RpcClient (RpcClient.java:createVolume(467)) - Creating Volume: volume64686, with user76159 as owner and space quota set to -1 bytes, counts quota set to -1
2022-07-27 13:51:34,722 [IPC Server handler 12 on default port 45285] INFO  volume.OMVolumeCreateRequest (OMVolumeCreateRequest.java:validateAndUpdateCache(195)) - created volume:volume64686 for user:user76159
2022-07-27 13:51:34,725 [Time-limited test] INFO  rpc.RpcClient (RpcClient.java:createBucket(670)) - Creating Bucket: volume64686/bucket84433, with bucket layout LEGACY, runner as owner, Versioning false, Storage Type set to DISK and Encryption set to false 
2022-07-27 13:51:34,725 [IPC Server handler 14 on default port 45285] INFO  bucket.OMBucketCreateRequest (OMBucketCreateRequest.java:validateAndUpdateCache(260)) - created bucket: bucket84433 of layout LEGACY in volume: volume64686
13:51:34.752 [IPC Server handler 8 on default port 45285] ERROR OMAudit - user=runner | ip=127.0.0.1 | op=GET_FILE_STATUS {volume=c7bbfd64-752f-46ae-93f9-89be07c2b057, bucket=01829def-0411-45e3-a850-f7a07a46e0c9, key=.Trash, dataSize=0, replicationConfig=null} | ret=FAILURE
org.apache.hadoop.ozone.om.exceptions.OMException: Unable to get file status: volume: c7bbfd64-752f-46ae-93f9-89be07c2b057 bucket: 01829def-0411-45e3-a850-f7a07a46e0c9 key: .Trash
	at org.apache.hadoop.ozone.om.KeyManagerImpl.getOzoneFileStatus(KeyManagerImpl.java:1311) ~[ozone-manager-1.3.0-SNAPSHOT.jar:?]
	at org.apache.hadoop.ozone.om.KeyManagerImpl.getFileStatus(KeyManagerImpl.java:1241) ~[ozone-manager-1.3.0-SNAPSHOT.jar:?]
	at org.apache.hadoop.ozone.om.OzoneManager.getFileStatus(OzoneManager.java:3467) ~[ozone-manager-1.3.0-SNAPSHOT.jar:?]
	at org.apache.hadoop.ozone.protocolPB.OzoneManagerRequestHandler.getOzoneFileStatus(OzoneManagerRequestHandler.java:878) ~[ozone-manager-1.3.0-SNAPSHOT.jar:?]
	at org.apache.hadoop.ozone.protocolPB.OzoneManagerRequestHandler.handleReadRequest(OzoneManagerRequestHandler.java:224) ~[ozone-manager-1.3.0-SNAPSHOT.jar:?]
	at org.apache.hadoop.ozone.protocolPB.OzoneManagerProtocolServerSideTranslatorPB.submitRequestDirectlyToOM(OzoneManagerProtocolServerSideTranslatorPB.java:276) ~[ozone-manager-1.3.0-SNAPSHOT.jar:?]
	at org.apache.hadoop.ozone.protocolPB.OzoneManagerProtocolServerSideTranslatorPB.processRequest(OzoneManagerProtocolServerSideTranslatorPB.java:205) ~[ozone-manager-1.3.0-SNAPSHOT.jar:?]
	at org.apache.hadoop.hdds.server.OzoneProtocolMessageDispatcher.processRequest(OzoneProtocolMessageDispatcher.java:87) [hdds-server-framework-1.3.0-SNAPSHOT.jar:?]
	at org.apache.hadoop.ozone.protocolPB.OzoneManagerProtocolServerSideTranslatorPB.submitRequest(OzoneManagerProtocolServerSideTranslatorPB.java:147) [ozone-manager-1.3.0-SNAPSHOT.jar:?]
	at org.apache.hadoop.ozone.protocol.proto.OzoneManagerProtocolProtos$OzoneManagerService$2.callBlockingMethod(OzoneManagerProtocolProtos.java) [ozone-interface-client-1.3.0-SNAPSHOT.jar:?]
	at org.apache.hadoop.ipc.ProtobufRpcEngine$Server.processCall(ProtobufRpcEngine.java:466) [hadoop-common-3.3.1.jar:?]
	at org.apache.hadoop.ipc.ProtobufRpcEngine2$Server$ProtoBufRpcInvoker.call(ProtobufRpcEngine2.java:574) [hadoop-common-3.3.1.jar:?]
	at org.apache.hadoop.ipc.ProtobufRpcEngine2$Server$ProtoBufRpcInvoker.call(ProtobufRpcEngine2.java:552) [hadoop-common-3.3.1.jar:?]
	at org.apache.hadoop.ipc.RPC$Server.call(RPC.java:1093) [hadoop-common-3.3.1.jar:?]
	at org.apache.hadoop.ipc.Server$RpcCall.run(Server.java:1035) [hadoop-common-3.3.1.jar:?]
	at org.apache.hadoop.ipc.Server$RpcCall.run(Server.java:963) [hadoop-common-3.3.1.jar:?]
	at java.security.AccessController.doPrivileged(Native Method) ~[?:1.8.0_332]
	at javax.security.auth.Subject.doAs(Subject.java:422) [?:1.8.0_332]
	at org.apache.hadoop.security.UserGroupInformation.doAs(UserGroupInformation.java:1878) [hadoop-common-3.3.1.jar:?]
	at org.apache.hadoop.ipc.Server$Handler.run(Server.java:2966) [hadoop-common-3.3.1.jar:?]
13:51:34.809 [IPC Server handler 6 on default port 45285] ERROR OMAudit - user=runner | ip=127.0.0.1 | op=GET_FILE_STATUS {volume=c7bbfd64-752f-46ae-93f9-89be07c2b057, bucket=01829def-0411-45e3-a850-f7a07a46e0c9, key=.Trash, dataSize=0, replicationConfig=null} | ret=FAILURE
org.apache.hadoop.ozone.om.exceptions.OMException: Unable to get file status: volume: c7bbfd64-752f-46ae-93f9-89be07c2b057 bucket: 01829def-0411-45e3-a850-f7a07a46e0c9 key: .Trash
	at org.apache.hadoop.ozone.om.KeyManagerImpl.getOzoneFileStatus(KeyManagerImpl.java:1311) ~[ozone-manager-1.3.0-SNAPSHOT.jar:?]
	at org.apache.hadoop.ozone.om.KeyManagerImpl.getFileStatus(KeyManagerImpl.java:1241) ~[ozone-manager-1.3.0-SNAPSHOT.jar:?]
	at org.apache.hadoop.ozone.om.OzoneManager.getFileStatus(OzoneManager.java:3467) ~[ozone-manager-1.3.0-SNAPSHOT.jar:?]
	at org.apache.hadoop.ozone.protocolPB.OzoneManagerRequestHandler.getOzoneFileStatus(OzoneManagerRequestHandler.java:878) ~[ozone-manager-1.3.0-SNAPSHOT.jar:?]
	at org.apache.hadoop.ozone.protocolPB.OzoneManagerRequestHandler.handleReadRequest(OzoneManagerRequestHandler.java:224) ~[ozone-manager-1.3.0-SNAPSHOT.jar:?]
	at org.apache.hadoop.ozone.protocolPB.OzoneManagerProtocolServerSideTranslatorPB.submitRequestDirectlyToOM(OzoneManagerProtocolServerSideTranslatorPB.java:276) ~[ozone-manager-1.3.0-SNAPSHOT.jar:?]
	at org.apache.hadoop.ozone.protocolPB.OzoneManagerProtocolServerSideTranslatorPB.processRequest(OzoneManagerProtocolServerSideTranslatorPB.java:205) ~[ozone-manager-1.3.0-SNAPSHOT.jar:?]
	at org.apache.hadoop.hdds.server.OzoneProtocolMessageDispatcher.processRequest(OzoneProtocolMessageDispatcher.java:87) [hdds-server-framework-1.3.0-SNAPSHOT.jar:?]
	at org.apache.hadoop.ozone.protocolPB.OzoneManagerProtocolServerSideTranslatorPB.submitRequest(OzoneManagerProtocolServerSideTranslatorPB.java:147) [ozone-manager-1.3.0-SNAPSHOT.jar:?]
	at org.apache.hadoop.ozone.protocol.proto.OzoneManagerProtocolProtos$OzoneManagerService$2.callBlockingMethod(OzoneManagerProtocolProtos.java) [ozone-interface-client-1.3.0-SNAPSHOT.jar:?]
	at org.apache.hadoop.ipc.ProtobufRpcEngine$Server.processCall(ProtobufRpcEngine.java:466) [hadoop-common-3.3.1.jar:?]
	at org.apache.hadoop.ipc.ProtobufRpcEngine2$Server$ProtoBufRpcInvoker.call(ProtobufRpcEngine2.java:574) [hadoop-common-3.3.1.jar:?]
	at org.apache.hadoop.ipc.ProtobufRpcEngine2$Server$ProtoBufRpcInvoker.call(ProtobufRpcEngine2.java:552) [hadoop-common-3.3.1.jar:?]
	at org.apache.hadoop.ipc.RPC$Server.call(RPC.java:1093) [hadoop-common-3.3.1.jar:?]
	at org.apache.hadoop.ipc.Server$RpcCall.run(Server.java:1035) [hadoop-common-3.3.1.jar:?]
	at org.apache.hadoop.ipc.Server$RpcCall.run(Server.java:963) [hadoop-common-3.3.1.jar:?]
	at java.security.AccessController.doPrivileged(Native Method) ~[?:1.8.0_332]
	at javax.security.auth.Subject.doAs(Subject.java:422) [?:1.8.0_332]
	at org.apache.hadoop.security.UserGroupInformation.doAs(UserGroupInformation.java:1878) [hadoop-common-3.3.1.jar:?]
	at org.apache.hadoop.ipc.Server$Handler.run(Server.java:2966) [hadoop-common-3.3.1.jar:?]
13:51:34.853 [IPC Server handler 11 on default port 45285] ERROR OMAudit - user=runner | ip=127.0.0.1 | op=GET_FILE_STATUS {volume=volume64686, bucket=bucket84433, key=.Trash/runner, dataSize=0, replicationConfig=null} | ret=FAILURE
org.apache.hadoop.ozone.om.exceptions.OMException: Unable to get file status: volume: volume64686 bucket: bucket84433 key: .Trash/runner
	at org.apache.hadoop.ozone.om.KeyManagerImpl.getOzoneFileStatus(KeyManagerImpl.java:1311) ~[ozone-manager-1.3.0-SNAPSHOT.jar:?]
	at org.apache.hadoop.ozone.om.KeyManagerImpl.getFileStatus(KeyManagerImpl.java:1241) ~[ozone-manager-1.3.0-SNAPSHOT.jar:?]
	at org.apache.hadoop.ozone.om.OzoneManager.getFileStatus(OzoneManager.java:3467) ~[ozone-manager-1.3.0-SNAPSHOT.jar:?]
	at org.apache.hadoop.ozone.protocolPB.OzoneManagerRequestHandler.getOzoneFileStatus(OzoneManagerRequestHandler.java:878) ~[ozone-manager-1.3.0-SNAPSHOT.jar:?]
	at org.apache.hadoop.ozone.protocolPB.OzoneManagerRequestHandler.handleReadRequest(OzoneManagerRequestHandler.java:224) ~[ozone-manager-1.3.0-SNAPSHOT.jar:?]
	at org.apache.hadoop.ozone.protocolPB.OzoneManagerProtocolServerSideTranslatorPB.submitRequestDirectlyToOM(OzoneManagerProtocolServerSideTranslatorPB.java:276) ~[ozone-manager-1.3.0-SNAPSHOT.jar:?]
	at org.apache.hadoop.ozone.protocolPB.OzoneManagerProtocolServerSideTranslatorPB.processRequest(OzoneManagerProtocolServerSideTranslatorPB.java:205) ~[ozone-manager-1.3.0-SNAPSHOT.jar:?]
	at org.apache.hadoop.hdds.server.OzoneProtocolMessageDispatcher.processRequest(OzoneProtocolMessageDispatcher.java:87) [hdds-server-framework-1.3.0-SNAPSHOT.jar:?]
	at org.apache.hadoop.ozone.protocolPB.OzoneManagerProtocolServerSideTranslatorPB.submitRequest(OzoneManagerProtocolServerSideTranslatorPB.java:147) [ozone-manager-1.3.0-SNAPSHOT.jar:?]
	at org.apache.hadoop.ozone.protocol.proto.OzoneManagerProtocolProtos$OzoneManagerService$2.callBlockingMethod(OzoneManagerProtocolProtos.java) [ozone-interface-client-1.3.0-SNAPSHOT.jar:?]
	at org.apache.hadoop.ipc.ProtobufRpcEngine$Server.processCall(ProtobufRpcEngine.java:466) [hadoop-common-3.3.1.jar:?]
	at org.apache.hadoop.ipc.ProtobufRpcEngine2$Server$ProtoBufRpcInvoker.call(ProtobufRpcEngine2.java:574) [hadoop-common-3.3.1.jar:?]
	at org.apache.hadoop.ipc.ProtobufRpcEngine2$Server$ProtoBufRpcInvoker.call(ProtobufRpcEngine2.java:552) [hadoop-common-3.3.1.jar:?]
	at org.apache.hadoop.ipc.RPC$Server.call(RPC.java:1093) [hadoop-common-3.3.1.jar:?]
	at org.apache.hadoop.ipc.Server$RpcCall.run(Server.java:1035) [hadoop-common-3.3.1.jar:?]
	at org.apache.hadoop.ipc.Server$RpcCall.run(Server.java:963) [hadoop-common-3.3.1.jar:?]
	at java.security.AccessController.doPrivileged(Native Method) ~[?:1.8.0_332]
	at javax.security.auth.Subject.doAs(Subject.java:422) [?:1.8.0_332]
	at org.apache.hadoop.security.UserGroupInformation.doAs(UserGroupInformation.java:1878) [hadoop-common-3.3.1.jar:?]
	at org.apache.hadoop.ipc.Server$Handler.run(Server.java:2966) [hadoop-common-3.3.1.jar:?]
13:51:34.860 [IPC Server handler 12 on default port 45285] ERROR OMAudit - user=runner | ip=127.0.0.1 | op=GET_FILE_STATUS {volume=c7bbfd64-752f-46ae-93f9-89be07c2b057, bucket=01829def-0411-45e3-a850-f7a07a46e0c9, key=.Trash, dataSize=0, replicationConfig=null} | ret=FAILURE
org.apache.hadoop.ozone.om.exceptions.OMException: Unable to get file status: volume: c7bbfd64-752f-46ae-93f9-89be07c2b057 bucket: 01829def-0411-45e3-a850-f7a07a46e0c9 key: .Trash
	at org.apache.hadoop.ozone.om.KeyManagerImpl.getOzoneFileStatus(KeyManagerImpl.java:1311) ~[ozone-manager-1.3.0-SNAPSHOT.jar:?]
	at org.apache.hadoop.ozone.om.KeyManagerImpl.getFileStatus(KeyManagerImpl.java:1241) ~[ozone-manager-1.3.0-SNAPSHOT.jar:?]
	at org.apache.hadoop.ozone.om.OzoneManager.getFileStatus(OzoneManager.java:3467) ~[ozone-manager-1.3.0-SNAPSHOT.jar:?]
	at org.apache.hadoop.ozone.protocolPB.OzoneManagerRequestHandler.getOzoneFileStatus(OzoneManagerRequestHandler.java:878) ~[ozone-manager-1.3.0-SNAPSHOT.jar:?]
	at org.apache.hadoop.ozone.protocolPB.OzoneManagerRequestHandler.handleReadRequest(OzoneManagerRequestHandler.java:224) ~[ozone-manager-1.3.0-SNAPSHOT.jar:?]
	at org.apache.hadoop.ozone.protocolPB.OzoneManagerProtocolServerSideTranslatorPB.submitRequestDirectlyToOM(OzoneManagerProtocolServerSideTranslatorPB.java:276) ~[ozone-manager-1.3.0-SNAPSHOT.jar:?]
	at org.apache.hadoop.ozone.protocolPB.OzoneManagerProtocolServerSideTranslatorPB.processRequest(OzoneManagerProtocolServerSideTranslatorPB.java:205) ~[ozone-manager-1.3.0-SNAPSHOT.jar:?]
	at org.apache.hadoop.hdds.server.OzoneProtocolMessageDispatcher.processRequest(OzoneProtocolMessageDispatcher.java:87) [hdds-server-framework-1.3.0-SNAPSHOT.jar:?]
	at org.apache.hadoop.ozone.protocolPB.OzoneManagerProtocolServerSideTranslatorPB.submitRequest(OzoneManagerProtocolServerSideTranslatorPB.java:147) [ozone-manager-1.3.0-SNAPSHOT.jar:?]
	at org.apache.hadoop.ozone.protocol.proto.OzoneManagerProtocolProtos$OzoneManagerService$2.callBlockingMethod(OzoneManagerProtocolProtos.java) [ozone-interface-client-1.3.0-SNAPSHOT.jar:?]
	at org.apache.hadoop.ipc.ProtobufRpcEngine$Server.processCall(ProtobufRpcEngine.java:466) [hadoop-common-3.3.1.jar:?]
	at org.apache.hadoop.ipc.ProtobufRpcEngine2$Server$ProtoBufRpcInvoker.call(ProtobufRpcEngine2.java:574) [hadoop-common-3.3.1.jar:?]
	at org.apache.hadoop.ipc.ProtobufRpcEngine2$Server$ProtoBufRpcInvoker.call(ProtobufRpcEngine2.java:552) [hadoop-common-3.3.1.jar:?]
	at org.apache.hadoop.ipc.RPC$Server.call(RPC.java:1093) [hadoop-common-3.3.1.jar:?]
	at org.apache.hadoop.ipc.Server$RpcCall.run(Server.java:1035) [hadoop-common-3.3.1.jar:?]
	at org.apache.hadoop.ipc.Server$RpcCall.run(Server.java:963) [hadoop-common-3.3.1.jar:?]
	at java.security.AccessController.doPrivileged(Native Method) ~[?:1.8.0_332]
	at javax.security.auth.Subject.doAs(Subject.java:422) [?:1.8.0_332]
	at org.apache.hadoop.security.UserGroupInformation.doAs(UserGroupInformation.java:1878) [hadoop-common-3.3.1.jar:?]
	at org.apache.hadoop.ipc.Server$Handler.run(Server.java:2966) [hadoop-common-3.3.1.jar:?]
13:51:34.884 [IPC Server handler 13 on default port 45285] ERROR OMAudit - user=runner | ip=127.0.0.1 | op=GET_FILE_STATUS {volume=volume64686, bucket=bucket84433, key=.Trash, dataSize=0, replicationConfig=null} | ret=FAILURE
org.apache.hadoop.ozone.om.exceptions.OMException: Unable to get file status: volume: volume64686 bucket: bucket84433 key: .Trash
	at org.apache.hadoop.ozone.om.KeyManagerImpl.getOzoneFileStatus(KeyManagerImpl.java:1311) ~[ozone-manager-1.3.0-SNAPSHOT.jar:?]
	at org.apache.hadoop.ozone.om.KeyManagerImpl.getFileStatus(KeyManagerImpl.java:1241) ~[ozone-manager-1.3.0-SNAPSHOT.jar:?]
	at org.apache.hadoop.ozone.om.OzoneManager.getFileStatus(OzoneManager.java:3467) ~[ozone-manager-1.3.0-SNAPSHOT.jar:?]
	at org.apache.hadoop.ozone.protocolPB.OzoneManagerRequestHandler.getOzoneFileStatus(OzoneManagerRequestHandler.java:878) ~[ozone-manager-1.3.0-SNAPSHOT.jar:?]
	at org.apache.hadoop.ozone.protocolPB.OzoneManagerRequestHandler.handleReadRequest(OzoneManagerRequestHandler.java:224) ~[ozone-manager-1.3.0-SNAPSHOT.jar:?]
	at org.apache.hadoop.ozone.protocolPB.OzoneManagerProtocolServerSideTranslatorPB.submitRequestDirectlyToOM(OzoneManagerProtocolServerSideTranslatorPB.java:276) ~[ozone-manager-1.3.0-SNAPSHOT.jar:?]
	at org.apache.hadoop.ozone.protocolPB.OzoneManagerProtocolServerSideTranslatorPB.processRequest(OzoneManagerProtocolServerSideTranslatorPB.java:205) ~[ozone-manager-1.3.0-SNAPSHOT.jar:?]
	at org.apache.hadoop.hdds.server.OzoneProtocolMessageDispatcher.processRequest(OzoneProtocolMessageDispatcher.java:87) [hdds-server-framework-1.3.0-SNAPSHOT.jar:?]
	at org.apache.hadoop.ozone.protocolPB.OzoneManagerProtocolServerSideTranslatorPB.submitRequest(OzoneManagerProtocolServerSideTranslatorPB.java:147) [ozone-manager-1.3.0-SNAPSHOT.jar:?]
	at org.apache.hadoop.ozone.protocol.proto.OzoneManagerProtocolProtos$OzoneManagerService$2.callBlockingMethod(OzoneManagerProtocolProtos.java) [ozone-interface-client-1.3.0-SNAPSHOT.jar:?]
	at org.apache.hadoop.ipc.ProtobufRpcEngine$Server.processCall(ProtobufRpcEngine.java:466) [hadoop-common-3.3.1.jar:?]
	at org.apache.hadoop.ipc.ProtobufRpcEngine2$Server$ProtoBufRpcInvoker.call(ProtobufRpcEngine2.java:574) [hadoop-common-3.3.1.jar:?]
	at org.apache.hadoop.ipc.ProtobufRpcEngine2$Server$ProtoBufRpcInvoker.call(ProtobufRpcEngine2.java:552) [hadoop-common-3.3.1.jar:?]
	at org.apache.hadoop.ipc.RPC$Server.call(RPC.java:1093) [hadoop-common-3.3.1.jar:?]
	at org.apache.hadoop.ipc.Server$RpcCall.run(Server.java:1035) [hadoop-common-3.3.1.jar:?]
	at org.apache.hadoop.ipc.Server$RpcCall.run(Server.java:963) [hadoop-common-3.3.1.jar:?]
	at java.security.AccessController.doPrivileged(Native Method) ~[?:1.8.0_332]
	at javax.security.auth.Subject.doAs(Subject.java:422) [?:1.8.0_332]
	at org.apache.hadoop.security.UserGroupInformation.doAs(UserGroupInformation.java:1878) [hadoop-common-3.3.1.jar:?]
	at org.apache.hadoop.ipc.Server$Handler.run(Server.java:2966) [hadoop-common-3.3.1.jar:?]
13:51:34.899 [IPC Server handler 11 on default port 45285] ERROR OMAudit - user=runner | ip=127.0.0.1 | op=GET_FILE_STATUS {volume=volume64686, bucket=bucket84433, key=.Trash/runner, dataSize=0, replicationConfig=null} | ret=FAILURE
org.apache.hadoop.ozone.om.exceptions.OMException: Unable to get file status: volume: volume64686 bucket: bucket84433 key: .Trash/runner
	at org.apache.hadoop.ozone.om.KeyManagerImpl.getOzoneFileStatus(KeyManagerImpl.java:1311) ~[ozone-manager-1.3.0-SNAPSHOT.jar:?]
	at org.apache.hadoop.ozone.om.KeyManagerImpl.getFileStatus(KeyManagerImpl.java:1241) ~[ozone-manager-1.3.0-SNAPSHOT.jar:?]
	at org.apache.hadoop.ozone.om.OzoneManager.getFileStatus(OzoneManager.java:3467) ~[ozone-manager-1.3.0-SNAPSHOT.jar:?]
	at org.apache.hadoop.ozone.protocolPB.OzoneManagerRequestHandler.getOzoneFileStatus(OzoneManagerRequestHandler.java:878) ~[ozone-manager-1.3.0-SNAPSHOT.jar:?]
	at org.apache.hadoop.ozone.protocolPB.OzoneManagerRequestHandler.handleReadRequest(OzoneManagerRequestHandler.java:224) ~[ozone-manager-1.3.0-SNAPSHOT.jar:?]
	at org.apache.hadoop.ozone.protocolPB.OzoneManagerProtocolServerSideTranslatorPB.submitRequestDirectlyToOM(OzoneManagerProtocolServerSideTranslatorPB.java:276) ~[ozone-manager-1.3.0-SNAPSHOT.jar:?]
	at org.apache.hadoop.ozone.protocolPB.OzoneManagerProtocolServerSideTranslatorPB.processRequest(OzoneManagerProtocolServerSideTranslatorPB.java:205) ~[ozone-manager-1.3.0-SNAPSHOT.jar:?]
	at org.apache.hadoop.hdds.server.OzoneProtocolMessageDispatcher.processRequest(OzoneProtocolMessageDispatcher.java:87) [hdds-server-framework-1.3.0-SNAPSHOT.jar:?]
	at org.apache.hadoop.ozone.protocolPB.OzoneManagerProtocolServerSideTranslatorPB.submitRequest(OzoneManagerProtocolServerSideTranslatorPB.java:147) [ozone-manager-1.3.0-SNAPSHOT.jar:?]
	at org.apache.hadoop.ozone.protocol.proto.OzoneManagerProtocolProtos$OzoneManagerService$2.callBlockingMethod(OzoneManagerProtocolProtos.java) [ozone-interface-client-1.3.0-SNAPSHOT.jar:?]
	at org.apache.hadoop.ipc.ProtobufRpcEngine$Server.processCall(ProtobufRpcEngine.java:466) [hadoop-common-3.3.1.jar:?]
	at org.apache.hadoop.ipc.ProtobufRpcEngine2$Server$ProtoBufRpcInvoker.call(ProtobufRpcEngine2.java:574) [hadoop-common-3.3.1.jar:?]
	at org.apache.hadoop.ipc.ProtobufRpcEngine2$Server$ProtoBufRpcInvoker.call(ProtobufRpcEngine2.java:552) [hadoop-common-3.3.1.jar:?]
	at org.apache.hadoop.ipc.RPC$Server.call(RPC.java:1093) [hadoop-common-3.3.1.jar:?]
	at org.apache.hadoop.ipc.Server$RpcCall.run(Server.java:1035) [hadoop-common-3.3.1.jar:?]
	at org.apache.hadoop.ipc.Server$RpcCall.run(Server.java:963) [hadoop-common-3.3.1.jar:?]
	at java.security.AccessController.doPrivileged(Native Method) ~[?:1.8.0_332]
	at javax.security.auth.Subject.doAs(Subject.java:422) [?:1.8.0_332]
	at org.apache.hadoop.security.UserGroupInformation.doAs(UserGroupInformation.java:1878) [hadoop-common-3.3.1.jar:?]
	at org.apache.hadoop.ipc.Server$Handler.run(Server.java:2966) [hadoop-common-3.3.1.jar:?]
13:51:34.903 [IPC Server handler 0 on default port 45285] ERROR OMAudit - user=runner | ip=127.0.0.1 | op=GET_FILE_STATUS {volume=volume12700, bucket=trashroottest2, key=.Trash/runner, dataSize=0, replicationConfig=null} | ret=FAILURE
org.apache.hadoop.ozone.om.exceptions.OMException: Unable to get file status: volume: volume12700 bucket: trashroottest2 key: .Trash/runner
	at org.apache.hadoop.ozone.om.KeyManagerImpl.getOzoneFileStatus(KeyManagerImpl.java:1311) ~[ozone-manager-1.3.0-SNAPSHOT.jar:?]
	at org.apache.hadoop.ozone.om.KeyManagerImpl.getFileStatus(KeyManagerImpl.java:1241) ~[ozone-manager-1.3.0-SNAPSHOT.jar:?]
	at org.apache.hadoop.ozone.om.OzoneManager.getFileStatus(OzoneManager.java:3467) ~[ozone-manager-1.3.0-SNAPSHOT.jar:?]
	at org.apache.hadoop.ozone.protocolPB.OzoneManagerRequestHandler.getOzoneFileStatus(OzoneManagerRequestHandler.java:878) ~[ozone-manager-1.3.0-SNAPSHOT.jar:?]
	at org.apache.hadoop.ozone.protocolPB.OzoneManagerRequestHandler.handleReadRequest(OzoneManagerRequestHandler.java:224) ~[ozone-manager-1.3.0-SNAPSHOT.jar:?]
	at org.apache.hadoop.ozone.protocolPB.OzoneManagerProtocolServerSideTranslatorPB.submitRequestDirectlyToOM(OzoneManagerProtocolServerSideTranslatorPB.java:276) ~[ozone-manager-1.3.0-SNAPSHOT.jar:?]
	at org.apache.hadoop.ozone.protocolPB.OzoneManagerProtocolServerSideTranslatorPB.processRequest(OzoneManagerProtocolServerSideTranslatorPB.java:205) ~[ozone-manager-1.3.0-SNAPSHOT.jar:?]
	at org.apache.hadoop.hdds.server.OzoneProtocolMessageDispatcher.processRequest(OzoneProtocolMessageDispatcher.java:87) [hdds-server-framework-1.3.0-SNAPSHOT.jar:?]
	at org.apache.hadoop.ozone.protocolPB.OzoneManagerProtocolServerSideTranslatorPB.submitRequest(OzoneManagerProtocolServerSideTranslatorPB.java:147) [ozone-manager-1.3.0-SNAPSHOT.jar:?]
	at org.apache.hadoop.ozone.protocol.proto.OzoneManagerProtocolProtos$OzoneManagerService$2.callBlockingMethod(OzoneManagerProtocolProtos.java) [ozone-interface-client-1.3.0-SNAPSHOT.jar:?]
	at org.apache.hadoop.ipc.ProtobufRpcEngine$Server.processCall(ProtobufRpcEngine.java:466) [hadoop-common-3.3.1.jar:?]
	at org.apache.hadoop.ipc.ProtobufRpcEngine2$Server$ProtoBufRpcInvoker.call(ProtobufRpcEngine2.java:574) [hadoop-common-3.3.1.jar:?]
	at org.apache.hadoop.ipc.ProtobufRpcEngine2$Server$ProtoBufRpcInvoker.call(ProtobufRpcEngine2.java:552) [hadoop-common-3.3.1.jar:?]
	at org.apache.hadoop.ipc.RPC$Server.call(RPC.java:1093) [hadoop-common-3.3.1.jar:?]
	at org.apache.hadoop.ipc.Server$RpcCall.run(Server.java:1035) [hadoop-common-3.3.1.jar:?]
	at org.apache.hadoop.ipc.Server$RpcCall.run(Server.java:963) [hadoop-common-3.3.1.jar:?]
	at java.security.AccessController.doPrivileged(Native Method) ~[?:1.8.0_332]
	at javax.security.auth.Subject.doAs(Subject.java:422) [?:1.8.0_332]
	at org.apache.hadoop.security.UserGroupInformation.doAs(UserGroupInformation.java:1878) [hadoop-common-3.3.1.jar:?]
	at org.apache.hadoop.ipc.Server$Handler.run(Server.java:2966) [hadoop-common-3.3.1.jar:?]
13:51:34.906 [IPC Server handler 8 on default port 45285] ERROR OMAudit - user=runner | ip=127.0.0.1 | op=GET_FILE_STATUS {volume=c7bbfd64-752f-46ae-93f9-89be07c2b057, bucket=01829def-0411-45e3-a850-f7a07a46e0c9, key=.Trash, dataSize=0, replicationConfig=null} | ret=FAILURE
org.apache.hadoop.ozone.om.exceptions.OMException: Unable to get file status: volume: c7bbfd64-752f-46ae-93f9-89be07c2b057 bucket: 01829def-0411-45e3-a850-f7a07a46e0c9 key: .Trash
	at org.apache.hadoop.ozone.om.KeyManagerImpl.getOzoneFileStatus(KeyManagerImpl.java:1311) ~[ozone-manager-1.3.0-SNAPSHOT.jar:?]
	at org.apache.hadoop.ozone.om.KeyManagerImpl.getFileStatus(KeyManagerImpl.java:1241) ~[ozone-manager-1.3.0-SNAPSHOT.jar:?]
	at org.apache.hadoop.ozone.om.OzoneManager.getFileStatus(OzoneManager.java:3467) ~[ozone-manager-1.3.0-SNAPSHOT.jar:?]
	at org.apache.hadoop.ozone.protocolPB.OzoneManagerRequestHandler.getOzoneFileStatus(OzoneManagerRequestHandler.java:878) ~[ozone-manager-1.3.0-SNAPSHOT.jar:?]
	at org.apache.hadoop.ozone.protocolPB.OzoneManagerRequestHandler.handleReadRequest(OzoneManagerRequestHandler.java:224) ~[ozone-manager-1.3.0-SNAPSHOT.jar:?]
	at org.apache.hadoop.ozone.protocolPB.OzoneManagerProtocolServerSideTranslatorPB.submitRequestDirectlyToOM(OzoneManagerProtocolServerSideTranslatorPB.java:276) ~[ozone-manager-1.3.0-SNAPSHOT.jar:?]
	at org.apache.hadoop.ozone.protocolPB.OzoneManagerProtocolServerSideTranslatorPB.processRequest(OzoneManagerProtocolServerSideTranslatorPB.java:205) ~[ozone-manager-1.3.0-SNAPSHOT.jar:?]
	at org.apache.hadoop.hdds.server.OzoneProtocolMessageDispatcher.processRequest(OzoneProtocolMessageDispatcher.java:87) [hdds-server-framework-1.3.0-SNAPSHOT.jar:?]
	at org.apache.hadoop.ozone.protocolPB.OzoneManagerProtocolServerSideTranslatorPB.submitRequest(OzoneManagerProtocolServerSideTranslatorPB.java:147) [ozone-manager-1.3.0-SNAPSHOT.jar:?]
	at org.apache.hadoop.ozone.protocol.proto.OzoneManagerProtocolProtos$OzoneManagerService$2.callBlockingMethod(OzoneManagerProtocolProtos.java) [ozone-interface-client-1.3.0-SNAPSHOT.jar:?]
	at org.apache.hadoop.ipc.ProtobufRpcEngine$Server.processCall(ProtobufRpcEngine.java:466) [hadoop-common-3.3.1.jar:?]
	at org.apache.hadoop.ipc.ProtobufRpcEngine2$Server$ProtoBufRpcInvoker.call(ProtobufRpcEngine2.java:574) [hadoop-common-3.3.1.jar:?]
	at org.apache.hadoop.ipc.ProtobufRpcEngine2$Server$ProtoBufRpcInvoker.call(ProtobufRpcEngine2.java:552) [hadoop-common-3.3.1.jar:?]
	at org.apache.hadoop.ipc.RPC$Server.call(RPC.java:1093) [hadoop-common-3.3.1.jar:?]
	at org.apache.hadoop.ipc.Server$RpcCall.run(Server.java:1035) [hadoop-common-3.3.1.jar:?]
	at org.apache.hadoop.ipc.Server$RpcCall.run(Server.java:963) [hadoop-common-3.3.1.jar:?]
	at java.security.AccessController.doPrivileged(Native Method) ~[?:1.8.0_332]
	at javax.security.auth.Subject.doAs(Subject.java:422) [?:1.8.0_332]
	at org.apache.hadoop.security.UserGroupInformation.doAs(UserGroupInformation.java:1878) [hadoop-common-3.3.1.jar:?]
	at org.apache.hadoop.ipc.Server$Handler.run(Server.java:2966) [hadoop-common-3.3.1.jar:?]
13:51:34.910 [IPC Server handler 2 on default port 45285] ERROR OMAudit - user=runner | ip=127.0.0.1 | op=GET_FILE_STATUS {volume=volume12700, bucket=trashroottest2, key=.Trash, dataSize=0, replicationConfig=null} | ret=FAILURE
org.apache.hadoop.ozone.om.exceptions.OMException: Unable to get file status: volume: volume12700 bucket: trashroottest2 key: .Trash
	at org.apache.hadoop.ozone.om.KeyManagerImpl.getOzoneFileStatus(KeyManagerImpl.java:1311) ~[ozone-manager-1.3.0-SNAPSHOT.jar:?]
	at org.apache.hadoop.ozone.om.KeyManagerImpl.getFileStatus(KeyManagerImpl.java:1241) ~[ozone-manager-1.3.0-SNAPSHOT.jar:?]
	at org.apache.hadoop.ozone.om.OzoneManager.getFileStatus(OzoneManager.java:3467) ~[ozone-manager-1.3.0-SNAPSHOT.jar:?]
	at org.apache.hadoop.ozone.protocolPB.OzoneManagerRequestHandler.getOzoneFileStatus(OzoneManagerRequestHandler.java:878) ~[ozone-manager-1.3.0-SNAPSHOT.jar:?]
	at org.apache.hadoop.ozone.protocolPB.OzoneManagerRequestHandler.handleReadRequest(OzoneManagerRequestHandler.java:224) ~[ozone-manager-1.3.0-SNAPSHOT.jar:?]
	at org.apache.hadoop.ozone.protocolPB.OzoneManagerProtocolServerSideTranslatorPB.submitRequestDirectlyToOM(OzoneManagerProtocolServerSideTranslatorPB.java:276) ~[ozone-manager-1.3.0-SNAPSHOT.jar:?]
	at org.apache.hadoop.ozone.protocolPB.OzoneManagerProtocolServerSideTranslatorPB.processRequest(OzoneManagerProtocolServerSideTranslatorPB.java:205) ~[ozone-manager-1.3.0-SNAPSHOT.jar:?]
	at org.apache.hadoop.hdds.server.OzoneProtocolMessageDispatcher.processRequest(OzoneProtocolMessageDispatcher.java:87) [hdds-server-framework-1.3.0-SNAPSHOT.jar:?]
	at org.apache.hadoop.ozone.protocolPB.OzoneManagerProtocolServerSideTranslatorPB.submitRequest(OzoneManagerProtocolServerSideTranslatorPB.java:147) [ozone-manager-1.3.0-SNAPSHOT.jar:?]
	at org.apache.hadoop.ozone.protocol.proto.OzoneManagerProtocolProtos$OzoneManagerService$2.callBlockingMethod(OzoneManagerProtocolProtos.java) [ozone-interface-client-1.3.0-SNAPSHOT.jar:?]
	at org.apache.hadoop.ipc.ProtobufRpcEngine$Server.processCall(ProtobufRpcEngine.java:466) [hadoop-common-3.3.1.jar:?]
	at org.apache.hadoop.ipc.ProtobufRpcEngine2$Server$ProtoBufRpcInvoker.call(ProtobufRpcEngine2.java:574) [hadoop-common-3.3.1.jar:?]
	at org.apache.hadoop.ipc.ProtobufRpcEngine2$Server$ProtoBufRpcInvoker.call(ProtobufRpcEngine2.java:552) [hadoop-common-3.3.1.jar:?]
	at org.apache.hadoop.ipc.RPC$Server.call(RPC.java:1093) [hadoop-common-3.3.1.jar:?]
	at org.apache.hadoop.ipc.Server$RpcCall.run(Server.java:1035) [hadoop-common-3.3.1.jar:?]
	at org.apache.hadoop.ipc.Server$RpcCall.run(Server.java:963) [hadoop-common-3.3.1.jar:?]
	at java.security.AccessController.doPrivileged(Native Method) ~[?:1.8.0_332]
	at javax.security.auth.Subject.doAs(Subject.java:422) [?:1.8.0_332]
	at org.apache.hadoop.security.UserGroupInformation.doAs(UserGroupInformation.java:1878) [hadoop-common-3.3.1.jar:?]
	at org.apache.hadoop.ipc.Server$Handler.run(Server.java:2966) [hadoop-common-3.3.1.jar:?]
13:51:34.912 [IPC Server handler 3 on default port 45285] ERROR OMAudit - user=runner | ip=127.0.0.1 | op=GET_FILE_STATUS {volume=volume64686, bucket=bucket84433, key=.Trash, dataSize=0, replicationConfig=null} | ret=FAILURE
org.apache.hadoop.ozone.om.exceptions.OMException: Unable to get file status: volume: volume64686 bucket: bucket84433 key: .Trash
	at org.apache.hadoop.ozone.om.KeyManagerImpl.getOzoneFileStatus(KeyManagerImpl.java:1311) ~[ozone-manager-1.3.0-SNAPSHOT.jar:?]
	at org.apache.hadoop.ozone.om.KeyManagerImpl.getFileStatus(KeyManagerImpl.java:1241) ~[ozone-manager-1.3.0-SNAPSHOT.jar:?]
	at org.apache.hadoop.ozone.om.OzoneManager.getFileStatus(OzoneManager.java:3467) ~[ozone-manager-1.3.0-SNAPSHOT.jar:?]
	at org.apache.hadoop.ozone.protocolPB.OzoneManagerRequestHandler.getOzoneFileStatus(OzoneManagerRequestHandler.java:878) ~[ozone-manager-1.3.0-SNAPSHOT.jar:?]
	at org.apache.hadoop.ozone.protocolPB.OzoneManagerRequestHandler.handleReadRequest(OzoneManagerRequestHandler.java:224) ~[ozone-manager-1.3.0-SNAPSHOT.jar:?]
	at org.apache.hadoop.ozone.protocolPB.OzoneManagerProtocolServerSideTranslatorPB.submitRequestDirectlyToOM(OzoneManagerProtocolServerSideTranslatorPB.java:276) ~[ozone-manager-1.3.0-SNAPSHOT.jar:?]
	at org.apache.hadoop.ozone.protocolPB.OzoneManagerProtocolServerSideTranslatorPB.processRequest(OzoneManagerProtocolServerSideTranslatorPB.java:205) ~[ozone-manager-1.3.0-SNAPSHOT.jar:?]
	at org.apache.hadoop.hdds.server.OzoneProtocolMessageDispatcher.processRequest(OzoneProtocolMessageDispatcher.java:87) [hdds-server-framework-1.3.0-SNAPSHOT.jar:?]
	at org.apache.hadoop.ozone.protocolPB.OzoneManagerProtocolServerSideTranslatorPB.submitRequest(OzoneManagerProtocolServerSideTranslatorPB.java:147) [ozone-manager-1.3.0-SNAPSHOT.jar:?]
	at org.apache.hadoop.ozone.protocol.proto.OzoneManagerProtocolProtos$OzoneManagerService$2.callBlockingMethod(OzoneManagerProtocolProtos.java) [ozone-interface-client-1.3.0-SNAPSHOT.jar:?]
	at org.apache.hadoop.ipc.ProtobufRpcEngine$Server.processCall(ProtobufRpcEngine.java:466) [hadoop-common-3.3.1.jar:?]
	at org.apache.hadoop.ipc.ProtobufRpcEngine2$Server$ProtoBufRpcInvoker.call(ProtobufRpcEngine2.java:574) [hadoop-common-3.3.1.jar:?]
	at org.apache.hadoop.ipc.ProtobufRpcEngine2$Server$ProtoBufRpcInvoker.call(ProtobufRpcEngine2.java:552) [hadoop-common-3.3.1.jar:?]
	at org.apache.hadoop.ipc.RPC$Server.call(RPC.java:1093) [hadoop-common-3.3.1.jar:?]
	at org.apache.hadoop.ipc.Server$RpcCall.run(Server.java:1035) [hadoop-common-3.3.1.jar:?]
	at org.apache.hadoop.ipc.Server$RpcCall.run(Server.java:963) [hadoop-common-3.3.1.jar:?]
	at java.security.AccessController.doPrivileged(Native Method) ~[?:1.8.0_332]
	at javax.security.auth.Subject.doAs(Subject.java:422) [?:1.8.0_332]
	at org.apache.hadoop.security.UserGroupInformation.doAs(UserGroupInformation.java:1878) [hadoop-common-3.3.1.jar:?]
	at org.apache.hadoop.ipc.Server$Handler.run(Server.java:2966) [hadoop-common-3.3.1.jar:?]
13:51:34.923 [IPC Server handler 7 on default port 45285] ERROR OMAudit - user=runner | ip=127.0.0.1 | op=GET_FILE_STATUS {volume=volume64686, bucket=bucket84433, key=.Trash/runner, dataSize=0, replicationConfig=null} | ret=FAILURE
org.apache.hadoop.ozone.om.exceptions.OMException: Unable to get file status: volume: volume64686 bucket: bucket84433 key: .Trash/runner
	at org.apache.hadoop.ozone.om.KeyManagerImpl.getOzoneFileStatus(KeyManagerImpl.java:1311) ~[ozone-manager-1.3.0-SNAPSHOT.jar:?]
	at org.apache.hadoop.ozone.om.KeyManagerImpl.getFileStatus(KeyManagerImpl.java:1241) ~[ozone-manager-1.3.0-SNAPSHOT.jar:?]
	at org.apache.hadoop.ozone.om.OzoneManager.getFileStatus(OzoneManager.java:3467) ~[ozone-manager-1.3.0-SNAPSHOT.jar:?]
	at org.apache.hadoop.ozone.protocolPB.OzoneManagerRequestHandler.getOzoneFileStatus(OzoneManagerRequestHandler.java:878) ~[ozone-manager-1.3.0-SNAPSHOT.jar:?]
	at org.apache.hadoop.ozone.protocolPB.OzoneManagerRequestHandler.handleReadRequest(OzoneManagerRequestHandler.java:224) ~[ozone-manager-1.3.0-SNAPSHOT.jar:?]
	at org.apache.hadoop.ozone.protocolPB.OzoneManagerProtocolServerSideTranslatorPB.submitRequestDirectlyToOM(OzoneManagerProtocolServerSideTranslatorPB.java:276) ~[ozone-manager-1.3.0-SNAPSHOT.jar:?]
	at org.apache.hadoop.ozone.protocolPB.OzoneManagerProtocolServerSideTranslatorPB.processRequest(OzoneManagerProtocolServerSideTranslatorPB.java:205) ~[ozone-manager-1.3.0-SNAPSHOT.jar:?]
	at org.apache.hadoop.hdds.server.OzoneProtocolMessageDispatcher.processRequest(OzoneProtocolMessageDispatcher.java:87) [hdds-server-framework-1.3.0-SNAPSHOT.jar:?]
	at org.apache.hadoop.ozone.protocolPB.OzoneManagerProtocolServerSideTranslatorPB.submitRequest(OzoneManagerProtocolServerSideTranslatorPB.java:147) [ozone-manager-1.3.0-SNAPSHOT.jar:?]
	at org.apache.hadoop.ozone.protocol.proto.OzoneManagerProtocolProtos$OzoneManagerService$2.callBlockingMethod(OzoneManagerProtocolProtos.java) [ozone-interface-client-1.3.0-SNAPSHOT.jar:?]
	at org.apache.hadoop.ipc.ProtobufRpcEngine$Server.processCall(ProtobufRpcEngine.java:466) [hadoop-common-3.3.1.jar:?]
	at org.apache.hadoop.ipc.ProtobufRpcEngine2$Server$ProtoBufRpcInvoker.call(ProtobufRpcEngine2.java:574) [hadoop-common-3.3.1.jar:?]
	at org.apache.hadoop.ipc.ProtobufRpcEngine2$Server$ProtoBufRpcInvoker.call(ProtobufRpcEngine2.java:552) [hadoop-common-3.3.1.jar:?]
	at org.apache.hadoop.ipc.RPC$Server.call(RPC.java:1093) [hadoop-common-3.3.1.jar:?]
	at org.apache.hadoop.ipc.Server$RpcCall.run(Server.java:1035) [hadoop-common-3.3.1.jar:?]
	at org.apache.hadoop.ipc.Server$RpcCall.run(Server.java:963) [hadoop-common-3.3.1.jar:?]
	at java.security.AccessController.doPrivileged(Native Method) ~[?:1.8.0_332]
	at javax.security.auth.Subject.doAs(Subject.java:422) [?:1.8.0_332]
	at org.apache.hadoop.security.UserGroupInformation.doAs(UserGroupInformation.java:1878) [hadoop-common-3.3.1.jar:?]
	at org.apache.hadoop.ipc.Server$Handler.run(Server.java:2966) [hadoop-common-3.3.1.jar:?]
13:51:34.926 [IPC Server handler 14 on default port 45285] ERROR OMAudit - user=runner | ip=127.0.0.1 | op=GET_FILE_STATUS {volume=volume12700, bucket=trashroottest2, key=.Trash/runner, dataSize=0, replicationConfig=null} | ret=FAILURE
org.apache.hadoop.ozone.om.exceptions.OMException: Unable to get file status: volume: volume12700 bucket: trashroottest2 key: .Trash/runner
	at org.apache.hadoop.ozone.om.KeyManagerImpl.getOzoneFileStatus(KeyManagerImpl.java:1311) ~[ozone-manager-1.3.0-SNAPSHOT.jar:?]
	at org.apache.hadoop.ozone.om.KeyManagerImpl.getFileStatus(KeyManagerImpl.java:1241) ~[ozone-manager-1.3.0-SNAPSHOT.jar:?]
	at org.apache.hadoop.ozone.om.OzoneManager.getFileStatus(OzoneManager.java:3467) ~[ozone-manager-1.3.0-SNAPSHOT.jar:?]
	at org.apache.hadoop.ozone.protocolPB.OzoneManagerRequestHandler.getOzoneFileStatus(OzoneManagerRequestHandler.java:878) ~[ozone-manager-1.3.0-SNAPSHOT.jar:?]
	at org.apache.hadoop.ozone.protocolPB.OzoneManagerRequestHandler.handleReadRequest(OzoneManagerRequestHandler.java:224) ~[ozone-manager-1.3.0-SNAPSHOT.jar:?]
	at org.apache.hadoop.ozone.protocolPB.OzoneManagerProtocolServerSideTranslatorPB.submitRequestDirectlyToOM(OzoneManagerProtocolServerSideTranslatorPB.java:276) ~[ozone-manager-1.3.0-SNAPSHOT.jar:?]
	at org.apache.hadoop.ozone.protocolPB.OzoneManagerProtocolServerSideTranslatorPB.processRequest(OzoneManagerProtocolServerSideTranslatorPB.java:205) ~[ozone-manager-1.3.0-SNAPSHOT.jar:?]
	at org.apache.hadoop.hdds.server.OzoneProtocolMessageDispatcher.processRequest(OzoneProtocolMessageDispatcher.java:87) [hdds-server-framework-1.3.0-SNAPSHOT.jar:?]
	at org.apache.hadoop.ozone.protocolPB.OzoneManagerProtocolServerSideTranslatorPB.submitRequest(OzoneManagerProtocolServerSideTranslatorPB.java:147) [ozone-manager-1.3.0-SNAPSHOT.jar:?]
	at org.apache.hadoop.ozone.protocol.proto.OzoneManagerProtocolProtos$OzoneManagerService$2.callBlockingMethod(OzoneManagerProtocolProtos.java) [ozone-interface-client-1.3.0-SNAPSHOT.jar:?]
	at org.apache.hadoop.ipc.ProtobufRpcEngine$Server.processCall(ProtobufRpcEngine.java:466) [hadoop-common-3.3.1.jar:?]
	at org.apache.hadoop.ipc.ProtobufRpcEngine2$Server$ProtoBufRpcInvoker.call(ProtobufRpcEngine2.java:574) [hadoop-common-3.3.1.jar:?]
	at org.apache.hadoop.ipc.ProtobufRpcEngine2$Server$ProtoBufRpcInvoker.call(ProtobufRpcEngine2.java:552) [hadoop-common-3.3.1.jar:?]
	at org.apache.hadoop.ipc.RPC$Server.call(RPC.java:1093) [hadoop-common-3.3.1.jar:?]
	at org.apache.hadoop.ipc.Server$RpcCall.run(Server.java:1035) [hadoop-common-3.3.1.jar:?]
	at org.apache.hadoop.ipc.Server$RpcCall.run(Server.java:963) [hadoop-common-3.3.1.jar:?]
	at java.security.AccessController.doPrivileged(Native Method) ~[?:1.8.0_332]
	at javax.security.auth.Subject.doAs(Subject.java:422) [?:1.8.0_332]
	at org.apache.hadoop.security.UserGroupInformation.doAs(UserGroupInformation.java:1878) [hadoop-common-3.3.1.jar:?]
	at org.apache.hadoop.ipc.Server$Handler.run(Server.java:2966) [hadoop-common-3.3.1.jar:?]
13:51:34.938 [IPC Server handler 1 on default port 45285] ERROR OMAudit - user=runner | ip=127.0.0.1 | op=GET_FILE_STATUS {volume=c7bbfd64-752f-46ae-93f9-89be07c2b057, bucket=01829def-0411-45e3-a850-f7a07a46e0c9, key=.Trash, dataSize=0, replicationConfig=null} | ret=FAILURE
org.apache.hadoop.ozone.om.exceptions.OMException: Unable to get file status: volume: c7bbfd64-752f-46ae-93f9-89be07c2b057 bucket: 01829def-0411-45e3-a850-f7a07a46e0c9 key: .Trash
	at org.apache.hadoop.ozone.om.KeyManagerImpl.getOzoneFileStatus(KeyManagerImpl.java:1311) ~[ozone-manager-1.3.0-SNAPSHOT.jar:?]
	at org.apache.hadoop.ozone.om.KeyManagerImpl.getFileStatus(KeyManagerImpl.java:1241) ~[ozone-manager-1.3.0-SNAPSHOT.jar:?]
	at org.apache.hadoop.ozone.om.OzoneManager.getFileStatus(OzoneManager.java:3467) ~[ozone-manager-1.3.0-SNAPSHOT.jar:?]
	at org.apache.hadoop.ozone.protocolPB.OzoneManagerRequestHandler.getOzoneFileStatus(OzoneManagerRequestHandler.java:878) ~[ozone-manager-1.3.0-SNAPSHOT.jar:?]
	at org.apache.hadoop.ozone.protocolPB.OzoneManagerRequestHandler.handleReadRequest(OzoneManagerRequestHandler.java:224) ~[ozone-manager-1.3.0-SNAPSHOT.jar:?]
	at org.apache.hadoop.ozone.protocolPB.OzoneManagerProtocolServerSideTranslatorPB.submitRequestDirectlyToOM(OzoneManagerProtocolServerSideTranslatorPB.java:276) ~[ozone-manager-1.3.0-SNAPSHOT.jar:?]
	at org.apache.hadoop.ozone.protocolPB.OzoneManagerProtocolServerSideTranslatorPB.processRequest(OzoneManagerProtocolServerSideTranslatorPB.java:205) ~[ozone-manager-1.3.0-SNAPSHOT.jar:?]
	at org.apache.hadoop.hdds.server.OzoneProtocolMessageDispatcher.processRequest(OzoneProtocolMessageDispatcher.java:87) [hdds-server-framework-1.3.0-SNAPSHOT.jar:?]
	at org.apache.hadoop.ozone.protocolPB.OzoneManagerProtocolServerSideTranslatorPB.submitRequest(OzoneManagerProtocolServerSideTranslatorPB.java:147) [ozone-manager-1.3.0-SNAPSHOT.jar:?]
	at org.apache.hadoop.ozone.protocol.proto.OzoneManagerProtocolProtos$OzoneManagerService$2.callBlockingMethod(OzoneManagerProtocolProtos.java) [ozone-interface-client-1.3.0-SNAPSHOT.jar:?]
	at org.apache.hadoop.ipc.ProtobufRpcEngine$Server.processCall(ProtobufRpcEngine.java:466) [hadoop-common-3.3.1.jar:?]
	at org.apache.hadoop.ipc.ProtobufRpcEngine2$Server$ProtoBufRpcInvoker.call(ProtobufRpcEngine2.java:574) [hadoop-common-3.3.1.jar:?]
	at org.apache.hadoop.ipc.ProtobufRpcEngine2$Server$ProtoBufRpcInvoker.call(ProtobufRpcEngine2.java:552) [hadoop-common-3.3.1.jar:?]
	at org.apache.hadoop.ipc.RPC$Server.call(RPC.java:1093) [hadoop-common-3.3.1.jar:?]
	at org.apache.hadoop.ipc.Server$RpcCall.run(Server.java:1035) [hadoop-common-3.3.1.jar:?]
	at org.apache.hadoop.ipc.Server$RpcCall.run(Server.java:963) [hadoop-common-3.3.1.jar:?]
	at java.security.AccessController.doPrivileged(Native Method) ~[?:1.8.0_332]
	at javax.security.auth.Subject.doAs(Subject.java:422) [?:1.8.0_332]
	at org.apache.hadoop.security.UserGroupInformation.doAs(UserGroupInformation.java:1878) [hadoop-common-3.3.1.jar:?]
	at org.apache.hadoop.ipc.Server$Handler.run(Server.java:2966) [hadoop-common-3.3.1.jar:?]
13:51:34.942 [IPC Server handler 11 on default port 45285] ERROR OMAudit - user=runner | ip=127.0.0.1 | op=GET_FILE_STATUS {volume=volume12700, bucket=trashroottest2, key=.Trash, dataSize=0, replicationConfig=null} | ret=FAILURE
org.apache.hadoop.ozone.om.exceptions.OMException: Unable to get file status: volume: volume12700 bucket: trashroottest2 key: .Trash
	at org.apache.hadoop.ozone.om.KeyManagerImpl.getOzoneFileStatus(KeyManagerImpl.java:1311) ~[ozone-manager-1.3.0-SNAPSHOT.jar:?]
	at org.apache.hadoop.ozone.om.KeyManagerImpl.getFileStatus(KeyManagerImpl.java:1241) ~[ozone-manager-1.3.0-SNAPSHOT.jar:?]
	at org.apache.hadoop.ozone.om.OzoneManager.getFileStatus(OzoneManager.java:3467) ~[ozone-manager-1.3.0-SNAPSHOT.jar:?]
	at org.apache.hadoop.ozone.protocolPB.OzoneManagerRequestHandler.getOzoneFileStatus(OzoneManagerRequestHandler.java:878) ~[ozone-manager-1.3.0-SNAPSHOT.jar:?]
	at org.apache.hadoop.ozone.protocolPB.OzoneManagerRequestHandler.handleReadRequest(OzoneManagerRequestHandler.java:224) ~[ozone-manager-1.3.0-SNAPSHOT.jar:?]
	at org.apache.hadoop.ozone.protocolPB.OzoneManagerProtocolServerSideTranslatorPB.submitRequestDirectlyToOM(OzoneManagerProtocolServerSideTranslatorPB.java:276) ~[ozone-manager-1.3.0-SNAPSHOT.jar:?]
	at org.apache.hadoop.ozone.protocolPB.OzoneManagerProtocolServerSideTranslatorPB.processRequest(OzoneManagerProtocolServerSideTranslatorPB.java:205) ~[ozone-manager-1.3.0-SNAPSHOT.jar:?]
	at org.apache.hadoop.hdds.server.OzoneProtocolMessageDispatcher.processRequest(OzoneProtocolMessageDispatcher.java:87) [hdds-server-framework-1.3.0-SNAPSHOT.jar:?]
	at org.apache.hadoop.ozone.protocolPB.OzoneManagerProtocolServerSideTranslatorPB.submitRequest(OzoneManagerProtocolServerSideTranslatorPB.java:147) [ozone-manager-1.3.0-SNAPSHOT.jar:?]
	at org.apache.hadoop.ozone.protocol.proto.OzoneManagerProtocolProtos$OzoneManagerService$2.callBlockingMethod(OzoneManagerProtocolProtos.java) [ozone-interface-client-1.3.0-SNAPSHOT.jar:?]
	at org.apache.hadoop.ipc.ProtobufRpcEngine$Server.processCall(ProtobufRpcEngine.java:466) [hadoop-common-3.3.1.jar:?]
	at org.apache.hadoop.ipc.ProtobufRpcEngine2$Server$ProtoBufRpcInvoker.call(ProtobufRpcEngine2.java:574) [hadoop-common-3.3.1.jar:?]
	at org.apache.hadoop.ipc.ProtobufRpcEngine2$Server$ProtoBufRpcInvoker.call(ProtobufRpcEngine2.java:552) [hadoop-common-3.3.1.jar:?]
	at org.apache.hadoop.ipc.RPC$Server.call(RPC.java:1093) [hadoop-common-3.3.1.jar:?]
	at org.apache.hadoop.ipc.Server$RpcCall.run(Server.java:1035) [hadoop-common-3.3.1.jar:?]
	at org.apache.hadoop.ipc.Server$RpcCall.run(Server.java:963) [hadoop-common-3.3.1.jar:?]
	at java.security.AccessController.doPrivileged(Native Method) ~[?:1.8.0_332]
	at javax.security.auth.Subject.doAs(Subject.java:422) [?:1.8.0_332]
	at org.apache.hadoop.security.UserGroupInformation.doAs(UserGroupInformation.java:1878) [hadoop-common-3.3.1.jar:?]
	at org.apache.hadoop.ipc.Server$Handler.run(Server.java:2966) [hadoop-common-3.3.1.jar:?]
13:51:34.951 [IPC Server handler 15 on default port 45285] ERROR OMAudit - user=runner | ip=127.0.0.1 | op=GET_FILE_STATUS {volume=volume64686, bucket=bucket84433, key=.Trash, dataSize=0, replicationConfig=null} | ret=FAILURE
org.apache.hadoop.ozone.om.exceptions.OMException: Unable to get file status: volume: volume64686 bucket: bucket84433 key: .Trash
	at org.apache.hadoop.ozone.om.KeyManagerImpl.getOzoneFileStatus(KeyManagerImpl.java:1311) ~[ozone-manager-1.3.0-SNAPSHOT.jar:?]
	at org.apache.hadoop.ozone.om.KeyManagerImpl.getFileStatus(KeyManagerImpl.java:1241) ~[ozone-manager-1.3.0-SNAPSHOT.jar:?]
	at org.apache.hadoop.ozone.om.OzoneManager.getFileStatus(OzoneManager.java:3467) ~[ozone-manager-1.3.0-SNAPSHOT.jar:?]
	at org.apache.hadoop.ozone.protocolPB.OzoneManagerRequestHandler.getOzoneFileStatus(OzoneManagerRequestHandler.java:878) ~[ozone-manager-1.3.0-SNAPSHOT.jar:?]
	at org.apache.hadoop.ozone.protocolPB.OzoneManagerRequestHandler.handleReadRequest(OzoneManagerRequestHandler.java:224) ~[ozone-manager-1.3.0-SNAPSHOT.jar:?]
	at org.apache.hadoop.ozone.protocolPB.OzoneManagerProtocolServerSideTranslatorPB.submitRequestDirectlyToOM(OzoneManagerProtocolServerSideTranslatorPB.java:276) ~[ozone-manager-1.3.0-SNAPSHOT.jar:?]
	at org.apache.hadoop.ozone.protocolPB.OzoneManagerProtocolServerSideTranslatorPB.processRequest(OzoneManagerProtocolServerSideTranslatorPB.java:205) ~[ozone-manager-1.3.0-SNAPSHOT.jar:?]
	at org.apache.hadoop.hdds.server.OzoneProtocolMessageDispatcher.processRequest(OzoneProtocolMessageDispatcher.java:87) [hdds-server-framework-1.3.0-SNAPSHOT.jar:?]
	at org.apache.hadoop.ozone.protocolPB.OzoneManagerProtocolServerSideTranslatorPB.submitRequest(OzoneManagerProtocolServerSideTranslatorPB.java:147) [ozone-manager-1.3.0-SNAPSHOT.jar:?]
	at org.apache.hadoop.ozone.protocol.proto.OzoneManagerProtocolProtos$OzoneManagerService$2.callBlockingMethod(OzoneManagerProtocolProtos.java) [ozone-interface-client-1.3.0-SNAPSHOT.jar:?]
	at org.apache.hadoop.ipc.ProtobufRpcEngine$Server.processCall(ProtobufRpcEngine.java:466) [hadoop-common-3.3.1.jar:?]
	at org.apache.hadoop.ipc.ProtobufRpcEngine2$Server$ProtoBufRpcInvoker.call(ProtobufRpcEngine2.java:574) [hadoop-common-3.3.1.jar:?]
	at org.apache.hadoop.ipc.ProtobufRpcEngine2$Server$ProtoBufRpcInvoker.call(ProtobufRpcEngine2.java:552) [hadoop-common-3.3.1.jar:?]
	at org.apache.hadoop.ipc.RPC$Server.call(RPC.java:1093) [hadoop-common-3.3.1.jar:?]
	at org.apache.hadoop.ipc.Server$RpcCall.run(Server.java:1035) [hadoop-common-3.3.1.jar:?]
	at org.apache.hadoop.ipc.Server$RpcCall.run(Server.java:963) [hadoop-common-3.3.1.jar:?]
	at java.security.AccessController.doPrivileged(Native Method) ~[?:1.8.0_332]
	at javax.security.auth.Subject.doAs(Subject.java:422) [?:1.8.0_332]
	at org.apache.hadoop.security.UserGroupInformation.doAs(UserGroupInformation.java:1878) [hadoop-common-3.3.1.jar:?]
	at org.apache.hadoop.ipc.Server$Handler.run(Server.java:2966) [hadoop-common-3.3.1.jar:?]
13:51:34.985 [IPC Server handler 18 on default port 45285] ERROR OMAudit - user=runner | ip=127.0.0.1 | op=GET_FILE_STATUS {volume=volume12700, bucket=bucket25147, key=.Trash/runner, dataSize=0, replicationConfig=null} | ret=FAILURE
org.apache.hadoop.ozone.om.exceptions.OMException: Unable to get file status: volume: volume12700 bucket: bucket25147 key: .Trash/runner
	at org.apache.hadoop.ozone.om.KeyManagerImpl.getOzoneFileStatus(KeyManagerImpl.java:1311) ~[ozone-manager-1.3.0-SNAPSHOT.jar:?]
	at org.apache.hadoop.ozone.om.KeyManagerImpl.getFileStatus(KeyManagerImpl.java:1241) ~[ozone-manager-1.3.0-SNAPSHOT.jar:?]
	at org.apache.hadoop.ozone.om.OzoneManager.getFileStatus(OzoneManager.java:3467) ~[ozone-manager-1.3.0-SNAPSHOT.jar:?]
	at org.apache.hadoop.ozone.protocolPB.OzoneManagerRequestHandler.getOzoneFileStatus(OzoneManagerRequestHandler.java:878) ~[ozone-manager-1.3.0-SNAPSHOT.jar:?]
	at org.apache.hadoop.ozone.protocolPB.OzoneManagerRequestHandler.handleReadRequest(OzoneManagerRequestHandler.java:224) ~[ozone-manager-1.3.0-SNAPSHOT.jar:?]
	at org.apache.hadoop.ozone.protocolPB.OzoneManagerProtocolServerSideTranslatorPB.submitRequestDirectlyToOM(OzoneManagerProtocolServerSideTranslatorPB.java:276) ~[ozone-manager-1.3.0-SNAPSHOT.jar:?]
	at org.apache.hadoop.ozone.protocolPB.OzoneManagerProtocolServerSideTranslatorPB.processRequest(OzoneManagerProtocolServerSideTranslatorPB.java:205) ~[ozone-manager-1.3.0-SNAPSHOT.jar:?]
	at org.apache.hadoop.hdds.server.OzoneProtocolMessageDispatcher.processRequest(OzoneProtocolMessageDispatcher.java:87) [hdds-server-framework-1.3.0-SNAPSHOT.jar:?]
	at org.apache.hadoop.ozone.protocolPB.OzoneManagerProtocolServerSideTranslatorPB.submitRequest(OzoneManagerProtocolServerSideTranslatorPB.java:147) [ozone-manager-1.3.0-SNAPSHOT.jar:?]
	at org.apache.hadoop.ozone.protocol.proto.OzoneManagerProtocolProtos$OzoneManagerService$2.callBlockingMethod(OzoneManagerProtocolProtos.java) [ozone-interface-client-1.3.0-SNAPSHOT.jar:?]
	at org.apache.hadoop.ipc.ProtobufRpcEngine$Server.processCall(ProtobufRpcEngine.java:466) [hadoop-common-3.3.1.jar:?]
	at org.apache.hadoop.ipc.ProtobufRpcEngine2$Server$ProtoBufRpcInvoker.call(ProtobufRpcEngine2.java:574) [hadoop-common-3.3.1.jar:?]
	at org.apache.hadoop.ipc.ProtobufRpcEngine2$Server$ProtoBufRpcInvoker.call(ProtobufRpcEngine2.java:552) [hadoop-common-3.3.1.jar:?]
	at org.apache.hadoop.ipc.RPC$Server.call(RPC.java:1093) [hadoop-common-3.3.1.jar:?]
	at org.apache.hadoop.ipc.Server$RpcCall.run(Server.java:1035) [hadoop-common-3.3.1.jar:?]
	at org.apache.hadoop.ipc.Server$RpcCall.run(Server.java:963) [hadoop-common-3.3.1.jar:?]
	at java.security.AccessController.doPrivileged(Native Method) ~[?:1.8.0_332]
	at javax.security.auth.Subject.doAs(Subject.java:422) [?:1.8.0_332]
	at org.apache.hadoop.security.UserGroupInformation.doAs(UserGroupInformation.java:1878) [hadoop-common-3.3.1.jar:?]
	at org.apache.hadoop.ipc.Server$Handler.run(Server.java:2966) [hadoop-common-3.3.1.jar:?]
13:51:34.991 [IPC Server handler 7 on default port 45285] ERROR OMAudit - user=runner | ip=127.0.0.1 | op=GET_FILE_STATUS {volume=c7bbfd64-752f-46ae-93f9-89be07c2b057, bucket=01829def-0411-45e3-a850-f7a07a46e0c9, key=.Trash, dataSize=0, replicationConfig=null} | ret=FAILURE
org.apache.hadoop.ozone.om.exceptions.OMException: Unable to get file status: volume: c7bbfd64-752f-46ae-93f9-89be07c2b057 bucket: 01829def-0411-45e3-a850-f7a07a46e0c9 key: .Trash
	at org.apache.hadoop.ozone.om.KeyManagerImpl.getOzoneFileStatus(KeyManagerImpl.java:1311) ~[ozone-manager-1.3.0-SNAPSHOT.jar:?]
	at org.apache.hadoop.ozone.om.KeyManagerImpl.getFileStatus(KeyManagerImpl.java:1241) ~[ozone-manager-1.3.0-SNAPSHOT.jar:?]
	at org.apache.hadoop.ozone.om.OzoneManager.getFileStatus(OzoneManager.java:3467) ~[ozone-manager-1.3.0-SNAPSHOT.jar:?]
	at org.apache.hadoop.ozone.protocolPB.OzoneManagerRequestHandler.getOzoneFileStatus(OzoneManagerRequestHandler.java:878) ~[ozone-manager-1.3.0-SNAPSHOT.jar:?]
	at org.apache.hadoop.ozone.protocolPB.OzoneManagerRequestHandler.handleReadRequest(OzoneManagerRequestHandler.java:224) ~[ozone-manager-1.3.0-SNAPSHOT.jar:?]
	at org.apache.hadoop.ozone.protocolPB.OzoneManagerProtocolServerSideTranslatorPB.submitRequestDirectlyToOM(OzoneManagerProtocolServerSideTranslatorPB.java:276) ~[ozone-manager-1.3.0-SNAPSHOT.jar:?]
	at org.apache.hadoop.ozone.protocolPB.OzoneManagerProtocolServerSideTranslatorPB.processRequest(OzoneManagerProtocolServerSideTranslatorPB.java:205) ~[ozone-manager-1.3.0-SNAPSHOT.jar:?]
	at org.apache.hadoop.hdds.server.OzoneProtocolMessageDispatcher.processRequest(OzoneProtocolMessageDispatcher.java:87) [hdds-server-framework-1.3.0-SNAPSHOT.jar:?]
	at org.apache.hadoop.ozone.protocolPB.OzoneManagerProtocolServerSideTranslatorPB.submitRequest(OzoneManagerProtocolServerSideTranslatorPB.java:147) [ozone-manager-1.3.0-SNAPSHOT.jar:?]
	at org.apache.hadoop.ozone.protocol.proto.OzoneManagerProtocolProtos$OzoneManagerService$2.callBlockingMethod(OzoneManagerProtocolProtos.java) [ozone-interface-client-1.3.0-SNAPSHOT.jar:?]
	at org.apache.hadoop.ipc.ProtobufRpcEngine$Server.processCall(ProtobufRpcEngine.java:466) [hadoop-common-3.3.1.jar:?]
	at org.apache.hadoop.ipc.ProtobufRpcEngine2$Server$ProtoBufRpcInvoker.call(ProtobufRpcEngine2.java:574) [hadoop-common-3.3.1.jar:?]
	at org.apache.hadoop.ipc.ProtobufRpcEngine2$Server$ProtoBufRpcInvoker.call(ProtobufRpcEngine2.java:552) [hadoop-common-3.3.1.jar:?]
	at org.apache.hadoop.ipc.RPC$Server.call(RPC.java:1093) [hadoop-common-3.3.1.jar:?]
	at org.apache.hadoop.ipc.Server$RpcCall.run(Server.java:1035) [hadoop-common-3.3.1.jar:?]
	at org.apache.hadoop.ipc.Server$RpcCall.run(Server.java:963) [hadoop-common-3.3.1.jar:?]
	at java.security.AccessController.doPrivileged(Native Method) ~[?:1.8.0_332]
	at javax.security.auth.Subject.doAs(Subject.java:422) [?:1.8.0_332]
	at org.apache.hadoop.security.UserGroupInformation.doAs(UserGroupInformation.java:1878) [hadoop-common-3.3.1.jar:?]
	at org.apache.hadoop.ipc.Server$Handler.run(Server.java:2966) [hadoop-common-3.3.1.jar:?]
]]></system-out>
  </testcase>
  <testcase name="testGetTrashRoots" classname="TestRootedOzoneFileSystem" time="1.093">
    <system-out><![CDATA[2022-07-27 13:52:52,223 [Time-limited test] INFO  rpc.RpcClient (RpcClient.java:createVolume(467)) - Creating Volume: volume70441, with user18360 as owner and space quota set to -1 bytes, counts quota set to -1
2022-07-27 13:52:52,235 [OM StateMachine ApplyTransaction Thread - 0] INFO  volume.OMVolumeCreateRequest (OMVolumeCreateRequest.java:validateAndUpdateCache(195)) - created volume:volume70441 for user:user18360
2022-07-27 13:52:52,239 [Time-limited test] INFO  rpc.RpcClient (RpcClient.java:createBucket(670)) - Creating Bucket: volume70441/bucket55117, with bucket layout LEGACY, runner as owner, Versioning false, Storage Type set to DISK and Encryption set to false 
2022-07-27 13:52:52,244 [OM StateMachine ApplyTransaction Thread - 0] INFO  bucket.OMBucketCreateRequest (OMBucketCreateRequest.java:validateAndUpdateCache(260)) - created bucket: bucket55117 of layout LEGACY in volume: volume70441
13:52:52.263 [IPC Server handler 5 on default port 34829] ERROR OMAudit - user=runner | ip=127.0.0.1 | op=GET_FILE_STATUS {volume=volume70441, bucket=bucket55117, key=.Trash/runner, dataSize=0, replicationConfig=null} | ret=FAILURE
org.apache.hadoop.ozone.om.exceptions.OMException: Unable to get file status: volume: volume70441 bucket: bucket55117 key: .Trash/runner
	at org.apache.hadoop.ozone.om.KeyManagerImpl.getOzoneFileStatus(KeyManagerImpl.java:1311) ~[ozone-manager-1.3.0-SNAPSHOT.jar:?]
	at org.apache.hadoop.ozone.om.KeyManagerImpl.getFileStatus(KeyManagerImpl.java:1241) ~[ozone-manager-1.3.0-SNAPSHOT.jar:?]
	at org.apache.hadoop.ozone.om.OzoneManager.getFileStatus(OzoneManager.java:3467) ~[ozone-manager-1.3.0-SNAPSHOT.jar:?]
	at org.apache.hadoop.ozone.protocolPB.OzoneManagerRequestHandler.getOzoneFileStatus(OzoneManagerRequestHandler.java:878) ~[ozone-manager-1.3.0-SNAPSHOT.jar:?]
	at org.apache.hadoop.ozone.protocolPB.OzoneManagerRequestHandler.handleReadRequest(OzoneManagerRequestHandler.java:224) ~[ozone-manager-1.3.0-SNAPSHOT.jar:?]
	at org.apache.hadoop.ozone.protocolPB.OzoneManagerProtocolServerSideTranslatorPB.submitReadRequestToOM(OzoneManagerProtocolServerSideTranslatorPB.java:226) ~[ozone-manager-1.3.0-SNAPSHOT.jar:?]
	at org.apache.hadoop.ozone.protocolPB.OzoneManagerProtocolServerSideTranslatorPB.processRequest(OzoneManagerProtocolServerSideTranslatorPB.java:175) ~[ozone-manager-1.3.0-SNAPSHOT.jar:?]
	at org.apache.hadoop.hdds.server.OzoneProtocolMessageDispatcher.processRequest(OzoneProtocolMessageDispatcher.java:87) [hdds-server-framework-1.3.0-SNAPSHOT.jar:?]
	at org.apache.hadoop.ozone.protocolPB.OzoneManagerProtocolServerSideTranslatorPB.submitRequest(OzoneManagerProtocolServerSideTranslatorPB.java:147) [ozone-manager-1.3.0-SNAPSHOT.jar:?]
	at org.apache.hadoop.ozone.protocol.proto.OzoneManagerProtocolProtos$OzoneManagerService$2.callBlockingMethod(OzoneManagerProtocolProtos.java) [ozone-interface-client-1.3.0-SNAPSHOT.jar:?]
	at org.apache.hadoop.ipc.ProtobufRpcEngine$Server.processCall(ProtobufRpcEngine.java:466) [hadoop-common-3.3.1.jar:?]
	at org.apache.hadoop.ipc.ProtobufRpcEngine2$Server$ProtoBufRpcInvoker.call(ProtobufRpcEngine2.java:574) [hadoop-common-3.3.1.jar:?]
	at org.apache.hadoop.ipc.ProtobufRpcEngine2$Server$ProtoBufRpcInvoker.call(ProtobufRpcEngine2.java:552) [hadoop-common-3.3.1.jar:?]
	at org.apache.hadoop.ipc.RPC$Server.call(RPC.java:1093) [hadoop-common-3.3.1.jar:?]
	at org.apache.hadoop.ipc.Server$RpcCall.run(Server.java:1035) [hadoop-common-3.3.1.jar:?]
	at org.apache.hadoop.ipc.Server$RpcCall.run(Server.java:963) [hadoop-common-3.3.1.jar:?]
	at java.security.AccessController.doPrivileged(Native Method) ~[?:1.8.0_332]
	at javax.security.auth.Subject.doAs(Subject.java:422) [?:1.8.0_332]
	at org.apache.hadoop.security.UserGroupInformation.doAs(UserGroupInformation.java:1878) [hadoop-common-3.3.1.jar:?]
	at org.apache.hadoop.ipc.Server$Handler.run(Server.java:2966) [hadoop-common-3.3.1.jar:?]
13:52:52.273 [IPC Server handler 19 on default port 34829] ERROR OMAudit - user=runner | ip=127.0.0.1 | op=GET_FILE_STATUS {volume=4c9f294e-8479-4409-83d9-c0d7eb2d655f, bucket=9e87b064-9aed-4644-bac2-5bc2b3989a28, key=.Trash, dataSize=0, replicationConfig=null} | ret=FAILURE
org.apache.hadoop.ozone.om.exceptions.OMException: Unable to get file status: volume: 4c9f294e-8479-4409-83d9-c0d7eb2d655f bucket: 9e87b064-9aed-4644-bac2-5bc2b3989a28 key: .Trash
	at org.apache.hadoop.ozone.om.KeyManagerImpl.getOzoneFileStatus(KeyManagerImpl.java:1311) ~[ozone-manager-1.3.0-SNAPSHOT.jar:?]
	at org.apache.hadoop.ozone.om.KeyManagerImpl.getFileStatus(KeyManagerImpl.java:1241) ~[ozone-manager-1.3.0-SNAPSHOT.jar:?]
	at org.apache.hadoop.ozone.om.OzoneManager.getFileStatus(OzoneManager.java:3467) ~[ozone-manager-1.3.0-SNAPSHOT.jar:?]
	at org.apache.hadoop.ozone.protocolPB.OzoneManagerRequestHandler.getOzoneFileStatus(OzoneManagerRequestHandler.java:878) ~[ozone-manager-1.3.0-SNAPSHOT.jar:?]
	at org.apache.hadoop.ozone.protocolPB.OzoneManagerRequestHandler.handleReadRequest(OzoneManagerRequestHandler.java:224) ~[ozone-manager-1.3.0-SNAPSHOT.jar:?]
	at org.apache.hadoop.ozone.protocolPB.OzoneManagerProtocolServerSideTranslatorPB.submitReadRequestToOM(OzoneManagerProtocolServerSideTranslatorPB.java:226) ~[ozone-manager-1.3.0-SNAPSHOT.jar:?]
	at org.apache.hadoop.ozone.protocolPB.OzoneManagerProtocolServerSideTranslatorPB.processRequest(OzoneManagerProtocolServerSideTranslatorPB.java:175) ~[ozone-manager-1.3.0-SNAPSHOT.jar:?]
	at org.apache.hadoop.hdds.server.OzoneProtocolMessageDispatcher.processRequest(OzoneProtocolMessageDispatcher.java:87) [hdds-server-framework-1.3.0-SNAPSHOT.jar:?]
	at org.apache.hadoop.ozone.protocolPB.OzoneManagerProtocolServerSideTranslatorPB.submitRequest(OzoneManagerProtocolServerSideTranslatorPB.java:147) [ozone-manager-1.3.0-SNAPSHOT.jar:?]
	at org.apache.hadoop.ozone.protocol.proto.OzoneManagerProtocolProtos$OzoneManagerService$2.callBlockingMethod(OzoneManagerProtocolProtos.java) [ozone-interface-client-1.3.0-SNAPSHOT.jar:?]
	at org.apache.hadoop.ipc.ProtobufRpcEngine$Server.processCall(ProtobufRpcEngine.java:466) [hadoop-common-3.3.1.jar:?]
	at org.apache.hadoop.ipc.ProtobufRpcEngine2$Server$ProtoBufRpcInvoker.call(ProtobufRpcEngine2.java:574) [hadoop-common-3.3.1.jar:?]
	at org.apache.hadoop.ipc.ProtobufRpcEngine2$Server$ProtoBufRpcInvoker.call(ProtobufRpcEngine2.java:552) [hadoop-common-3.3.1.jar:?]
	at org.apache.hadoop.ipc.RPC$Server.call(RPC.java:1093) [hadoop-common-3.3.1.jar:?]
	at org.apache.hadoop.ipc.Server$RpcCall.run(Server.java:1035) [hadoop-common-3.3.1.jar:?]
	at org.apache.hadoop.ipc.Server$RpcCall.run(Server.java:963) [hadoop-common-3.3.1.jar:?]
	at java.security.AccessController.doPrivileged(Native Method) ~[?:1.8.0_332]
	at javax.security.auth.Subject.doAs(Subject.java:422) [?:1.8.0_332]
	at org.apache.hadoop.security.UserGroupInformation.doAs(UserGroupInformation.java:1878) [hadoop-common-3.3.1.jar:?]
	at org.apache.hadoop.ipc.Server$Handler.run(Server.java:2966) [hadoop-common-3.3.1.jar:?]
13:52:52.277 [IPC Server handler 15 on default port 34829] ERROR OMAudit - user=runner | ip=127.0.0.1 | op=GET_FILE_STATUS {volume=volume70441, bucket=bucket55117, key=.Trash, dataSize=0, replicationConfig=null} | ret=FAILURE
org.apache.hadoop.ozone.om.exceptions.OMException: Unable to get file status: volume: volume70441 bucket: bucket55117 key: .Trash
	at org.apache.hadoop.ozone.om.KeyManagerImpl.getOzoneFileStatus(KeyManagerImpl.java:1311) ~[ozone-manager-1.3.0-SNAPSHOT.jar:?]
	at org.apache.hadoop.ozone.om.KeyManagerImpl.getFileStatus(KeyManagerImpl.java:1241) ~[ozone-manager-1.3.0-SNAPSHOT.jar:?]
	at org.apache.hadoop.ozone.om.OzoneManager.getFileStatus(OzoneManager.java:3467) ~[ozone-manager-1.3.0-SNAPSHOT.jar:?]
	at org.apache.hadoop.ozone.protocolPB.OzoneManagerRequestHandler.getOzoneFileStatus(OzoneManagerRequestHandler.java:878) ~[ozone-manager-1.3.0-SNAPSHOT.jar:?]
	at org.apache.hadoop.ozone.protocolPB.OzoneManagerRequestHandler.handleReadRequest(OzoneManagerRequestHandler.java:224) ~[ozone-manager-1.3.0-SNAPSHOT.jar:?]
	at org.apache.hadoop.ozone.protocolPB.OzoneManagerProtocolServerSideTranslatorPB.submitReadRequestToOM(OzoneManagerProtocolServerSideTranslatorPB.java:226) ~[ozone-manager-1.3.0-SNAPSHOT.jar:?]
	at org.apache.hadoop.ozone.protocolPB.OzoneManagerProtocolServerSideTranslatorPB.processRequest(OzoneManagerProtocolServerSideTranslatorPB.java:175) ~[ozone-manager-1.3.0-SNAPSHOT.jar:?]
	at org.apache.hadoop.hdds.server.OzoneProtocolMessageDispatcher.processRequest(OzoneProtocolMessageDispatcher.java:87) [hdds-server-framework-1.3.0-SNAPSHOT.jar:?]
	at org.apache.hadoop.ozone.protocolPB.OzoneManagerProtocolServerSideTranslatorPB.submitRequest(OzoneManagerProtocolServerSideTranslatorPB.java:147) [ozone-manager-1.3.0-SNAPSHOT.jar:?]
	at org.apache.hadoop.ozone.protocol.proto.OzoneManagerProtocolProtos$OzoneManagerService$2.callBlockingMethod(OzoneManagerProtocolProtos.java) [ozone-interface-client-1.3.0-SNAPSHOT.jar:?]
	at org.apache.hadoop.ipc.ProtobufRpcEngine$Server.processCall(ProtobufRpcEngine.java:466) [hadoop-common-3.3.1.jar:?]
	at org.apache.hadoop.ipc.ProtobufRpcEngine2$Server$ProtoBufRpcInvoker.call(ProtobufRpcEngine2.java:574) [hadoop-common-3.3.1.jar:?]
	at org.apache.hadoop.ipc.ProtobufRpcEngine2$Server$ProtoBufRpcInvoker.call(ProtobufRpcEngine2.java:552) [hadoop-common-3.3.1.jar:?]
	at org.apache.hadoop.ipc.RPC$Server.call(RPC.java:1093) [hadoop-common-3.3.1.jar:?]
	at org.apache.hadoop.ipc.Server$RpcCall.run(Server.java:1035) [hadoop-common-3.3.1.jar:?]
	at org.apache.hadoop.ipc.Server$RpcCall.run(Server.java:963) [hadoop-common-3.3.1.jar:?]
	at java.security.AccessController.doPrivileged(Native Method) ~[?:1.8.0_332]
	at javax.security.auth.Subject.doAs(Subject.java:422) [?:1.8.0_332]
	at org.apache.hadoop.security.UserGroupInformation.doAs(UserGroupInformation.java:1878) [hadoop-common-3.3.1.jar:?]
	at org.apache.hadoop.ipc.Server$Handler.run(Server.java:2966) [hadoop-common-3.3.1.jar:?]
13:52:52.306 [IPC Server handler 16 on default port 34829] ERROR OMAudit - user=runner | ip=127.0.0.1 | op=GET_FILE_STATUS {volume=4c9f294e-8479-4409-83d9-c0d7eb2d655f, bucket=9e87b064-9aed-4644-bac2-5bc2b3989a28, key=.Trash, dataSize=0, replicationConfig=null} | ret=FAILURE
org.apache.hadoop.ozone.om.exceptions.OMException: Unable to get file status: volume: 4c9f294e-8479-4409-83d9-c0d7eb2d655f bucket: 9e87b064-9aed-4644-bac2-5bc2b3989a28 key: .Trash
	at org.apache.hadoop.ozone.om.KeyManagerImpl.getOzoneFileStatus(KeyManagerImpl.java:1311) ~[ozone-manager-1.3.0-SNAPSHOT.jar:?]
	at org.apache.hadoop.ozone.om.KeyManagerImpl.getFileStatus(KeyManagerImpl.java:1241) ~[ozone-manager-1.3.0-SNAPSHOT.jar:?]
	at org.apache.hadoop.ozone.om.OzoneManager.getFileStatus(OzoneManager.java:3467) ~[ozone-manager-1.3.0-SNAPSHOT.jar:?]
	at org.apache.hadoop.ozone.protocolPB.OzoneManagerRequestHandler.getOzoneFileStatus(OzoneManagerRequestHandler.java:878) ~[ozone-manager-1.3.0-SNAPSHOT.jar:?]
	at org.apache.hadoop.ozone.protocolPB.OzoneManagerRequestHandler.handleReadRequest(OzoneManagerRequestHandler.java:224) ~[ozone-manager-1.3.0-SNAPSHOT.jar:?]
	at org.apache.hadoop.ozone.protocolPB.OzoneManagerProtocolServerSideTranslatorPB.submitReadRequestToOM(OzoneManagerProtocolServerSideTranslatorPB.java:226) ~[ozone-manager-1.3.0-SNAPSHOT.jar:?]
	at org.apache.hadoop.ozone.protocolPB.OzoneManagerProtocolServerSideTranslatorPB.processRequest(OzoneManagerProtocolServerSideTranslatorPB.java:175) ~[ozone-manager-1.3.0-SNAPSHOT.jar:?]
	at org.apache.hadoop.hdds.server.OzoneProtocolMessageDispatcher.processRequest(OzoneProtocolMessageDispatcher.java:87) [hdds-server-framework-1.3.0-SNAPSHOT.jar:?]
	at org.apache.hadoop.ozone.protocolPB.OzoneManagerProtocolServerSideTranslatorPB.submitRequest(OzoneManagerProtocolServerSideTranslatorPB.java:147) [ozone-manager-1.3.0-SNAPSHOT.jar:?]
	at org.apache.hadoop.ozone.protocol.proto.OzoneManagerProtocolProtos$OzoneManagerService$2.callBlockingMethod(OzoneManagerProtocolProtos.java) [ozone-interface-client-1.3.0-SNAPSHOT.jar:?]
	at org.apache.hadoop.ipc.ProtobufRpcEngine$Server.processCall(ProtobufRpcEngine.java:466) [hadoop-common-3.3.1.jar:?]
	at org.apache.hadoop.ipc.ProtobufRpcEngine2$Server$ProtoBufRpcInvoker.call(ProtobufRpcEngine2.java:574) [hadoop-common-3.3.1.jar:?]
	at org.apache.hadoop.ipc.ProtobufRpcEngine2$Server$ProtoBufRpcInvoker.call(ProtobufRpcEngine2.java:552) [hadoop-common-3.3.1.jar:?]
	at org.apache.hadoop.ipc.RPC$Server.call(RPC.java:1093) [hadoop-common-3.3.1.jar:?]
	at org.apache.hadoop.ipc.Server$RpcCall.run(Server.java:1035) [hadoop-common-3.3.1.jar:?]
	at org.apache.hadoop.ipc.Server$RpcCall.run(Server.java:963) [hadoop-common-3.3.1.jar:?]
	at java.security.AccessController.doPrivileged(Native Method) ~[?:1.8.0_332]
	at javax.security.auth.Subject.doAs(Subject.java:422) [?:1.8.0_332]
	at org.apache.hadoop.security.UserGroupInformation.doAs(UserGroupInformation.java:1878) [hadoop-common-3.3.1.jar:?]
	at org.apache.hadoop.ipc.Server$Handler.run(Server.java:2966) [hadoop-common-3.3.1.jar:?]
13:52:52.335 [IPC Server handler 7 on default port 34829] ERROR OMAudit - user=runner | ip=127.0.0.1 | op=GET_FILE_STATUS {volume=4c9f294e-8479-4409-83d9-c0d7eb2d655f, bucket=9e87b064-9aed-4644-bac2-5bc2b3989a28, key=.Trash, dataSize=0, replicationConfig=null} | ret=FAILURE
org.apache.hadoop.ozone.om.exceptions.OMException: Unable to get file status: volume: 4c9f294e-8479-4409-83d9-c0d7eb2d655f bucket: 9e87b064-9aed-4644-bac2-5bc2b3989a28 key: .Trash
	at org.apache.hadoop.ozone.om.KeyManagerImpl.getOzoneFileStatus(KeyManagerImpl.java:1311) ~[ozone-manager-1.3.0-SNAPSHOT.jar:?]
	at org.apache.hadoop.ozone.om.KeyManagerImpl.getFileStatus(KeyManagerImpl.java:1241) ~[ozone-manager-1.3.0-SNAPSHOT.jar:?]
	at org.apache.hadoop.ozone.om.OzoneManager.getFileStatus(OzoneManager.java:3467) ~[ozone-manager-1.3.0-SNAPSHOT.jar:?]
	at org.apache.hadoop.ozone.protocolPB.OzoneManagerRequestHandler.getOzoneFileStatus(OzoneManagerRequestHandler.java:878) ~[ozone-manager-1.3.0-SNAPSHOT.jar:?]
	at org.apache.hadoop.ozone.protocolPB.OzoneManagerRequestHandler.handleReadRequest(OzoneManagerRequestHandler.java:224) ~[ozone-manager-1.3.0-SNAPSHOT.jar:?]
	at org.apache.hadoop.ozone.protocolPB.OzoneManagerProtocolServerSideTranslatorPB.submitReadRequestToOM(OzoneManagerProtocolServerSideTranslatorPB.java:226) ~[ozone-manager-1.3.0-SNAPSHOT.jar:?]
	at org.apache.hadoop.ozone.protocolPB.OzoneManagerProtocolServerSideTranslatorPB.processRequest(OzoneManagerProtocolServerSideTranslatorPB.java:175) ~[ozone-manager-1.3.0-SNAPSHOT.jar:?]
	at org.apache.hadoop.hdds.server.OzoneProtocolMessageDispatcher.processRequest(OzoneProtocolMessageDispatcher.java:87) [hdds-server-framework-1.3.0-SNAPSHOT.jar:?]
	at org.apache.hadoop.ozone.protocolPB.OzoneManagerProtocolServerSideTranslatorPB.submitRequest(OzoneManagerProtocolServerSideTranslatorPB.java:147) [ozone-manager-1.3.0-SNAPSHOT.jar:?]
	at org.apache.hadoop.ozone.protocol.proto.OzoneManagerProtocolProtos$OzoneManagerService$2.callBlockingMethod(OzoneManagerProtocolProtos.java) [ozone-interface-client-1.3.0-SNAPSHOT.jar:?]
	at org.apache.hadoop.ipc.ProtobufRpcEngine$Server.processCall(ProtobufRpcEngine.java:466) [hadoop-common-3.3.1.jar:?]
	at org.apache.hadoop.ipc.ProtobufRpcEngine2$Server$ProtoBufRpcInvoker.call(ProtobufRpcEngine2.java:574) [hadoop-common-3.3.1.jar:?]
	at org.apache.hadoop.ipc.ProtobufRpcEngine2$Server$ProtoBufRpcInvoker.call(ProtobufRpcEngine2.java:552) [hadoop-common-3.3.1.jar:?]
	at org.apache.hadoop.ipc.RPC$Server.call(RPC.java:1093) [hadoop-common-3.3.1.jar:?]
	at org.apache.hadoop.ipc.Server$RpcCall.run(Server.java:1035) [hadoop-common-3.3.1.jar:?]
	at org.apache.hadoop.ipc.Server$RpcCall.run(Server.java:963) [hadoop-common-3.3.1.jar:?]
	at java.security.AccessController.doPrivileged(Native Method) ~[?:1.8.0_332]
	at javax.security.auth.Subject.doAs(Subject.java:422) [?:1.8.0_332]
	at org.apache.hadoop.security.UserGroupInformation.doAs(UserGroupInformation.java:1878) [hadoop-common-3.3.1.jar:?]
	at org.apache.hadoop.ipc.Server$Handler.run(Server.java:2966) [hadoop-common-3.3.1.jar:?]
2022-07-27 13:52:52,347 [Time-limited test] INFO  rpc.RpcClient (RpcClient.java:createBucket(670)) - Creating Bucket: volume70441/trashroottest2, with bucket layout LEGACY, runner as owner, Versioning false, Storage Type set to DISK and Encryption set to false 
2022-07-27 13:52:52,355 [OM StateMachine ApplyTransaction Thread - 0] INFO  bucket.OMBucketCreateRequest (OMBucketCreateRequest.java:validateAndUpdateCache(260)) - created bucket: trashroottest2 of layout LEGACY in volume: volume70441
2022-07-27 13:52:52,426 [UnderReplicatedQueueThreadThread] INFO  replication.UnderReplicatedProcessor (UnderReplicatedProcessor.java:processAll(85)) - Processed 0 under replicated containers, failed processing 0
2022-07-27 13:52:52,429 [OverReplicatedQueueThreadThread] INFO  replication.OverReplicatedProcessor (OverReplicatedProcessor.java:processAll(83)) - Processed 0 over replicated containers, failed processing 0
13:52:52.559 [IPC Server handler 12 on default port 34829] ERROR OMAudit - user=runner | ip=127.0.0.1 | op=GET_FILE_STATUS {volume=4c9f294e-8479-4409-83d9-c0d7eb2d655f, bucket=9e87b064-9aed-4644-bac2-5bc2b3989a28, key=.Trash, dataSize=0, replicationConfig=null} | ret=FAILURE
org.apache.hadoop.ozone.om.exceptions.OMException: Unable to get file status: volume: 4c9f294e-8479-4409-83d9-c0d7eb2d655f bucket: 9e87b064-9aed-4644-bac2-5bc2b3989a28 key: .Trash
	at org.apache.hadoop.ozone.om.KeyManagerImpl.getOzoneFileStatus(KeyManagerImpl.java:1311) ~[ozone-manager-1.3.0-SNAPSHOT.jar:?]
	at org.apache.hadoop.ozone.om.KeyManagerImpl.getFileStatus(KeyManagerImpl.java:1241) ~[ozone-manager-1.3.0-SNAPSHOT.jar:?]
	at org.apache.hadoop.ozone.om.OzoneManager.getFileStatus(OzoneManager.java:3467) ~[ozone-manager-1.3.0-SNAPSHOT.jar:?]
	at org.apache.hadoop.ozone.protocolPB.OzoneManagerRequestHandler.getOzoneFileStatus(OzoneManagerRequestHandler.java:878) ~[ozone-manager-1.3.0-SNAPSHOT.jar:?]
	at org.apache.hadoop.ozone.protocolPB.OzoneManagerRequestHandler.handleReadRequest(OzoneManagerRequestHandler.java:224) ~[ozone-manager-1.3.0-SNAPSHOT.jar:?]
	at org.apache.hadoop.ozone.protocolPB.OzoneManagerProtocolServerSideTranslatorPB.submitReadRequestToOM(OzoneManagerProtocolServerSideTranslatorPB.java:226) ~[ozone-manager-1.3.0-SNAPSHOT.jar:?]
	at org.apache.hadoop.ozone.protocolPB.OzoneManagerProtocolServerSideTranslatorPB.processRequest(OzoneManagerProtocolServerSideTranslatorPB.java:175) ~[ozone-manager-1.3.0-SNAPSHOT.jar:?]
	at org.apache.hadoop.hdds.server.OzoneProtocolMessageDispatcher.processRequest(OzoneProtocolMessageDispatcher.java:87) [hdds-server-framework-1.3.0-SNAPSHOT.jar:?]
	at org.apache.hadoop.ozone.protocolPB.OzoneManagerProtocolServerSideTranslatorPB.submitRequest(OzoneManagerProtocolServerSideTranslatorPB.java:147) [ozone-manager-1.3.0-SNAPSHOT.jar:?]
	at org.apache.hadoop.ozone.protocol.proto.OzoneManagerProtocolProtos$OzoneManagerService$2.callBlockingMethod(OzoneManagerProtocolProtos.java) [ozone-interface-client-1.3.0-SNAPSHOT.jar:?]
	at org.apache.hadoop.ipc.ProtobufRpcEngine$Server.processCall(ProtobufRpcEngine.java:466) [hadoop-common-3.3.1.jar:?]
	at org.apache.hadoop.ipc.ProtobufRpcEngine2$Server$ProtoBufRpcInvoker.call(ProtobufRpcEngine2.java:574) [hadoop-common-3.3.1.jar:?]
	at org.apache.hadoop.ipc.ProtobufRpcEngine2$Server$ProtoBufRpcInvoker.call(ProtobufRpcEngine2.java:552) [hadoop-common-3.3.1.jar:?]
	at org.apache.hadoop.ipc.RPC$Server.call(RPC.java:1093) [hadoop-common-3.3.1.jar:?]
	at org.apache.hadoop.ipc.Server$RpcCall.run(Server.java:1035) [hadoop-common-3.3.1.jar:?]
	at org.apache.hadoop.ipc.Server$RpcCall.run(Server.java:963) [hadoop-common-3.3.1.jar:?]
	at java.security.AccessController.doPrivileged(Native Method) ~[?:1.8.0_332]
	at javax.security.auth.Subject.doAs(Subject.java:422) [?:1.8.0_332]
	at org.apache.hadoop.security.UserGroupInformation.doAs(UserGroupInformation.java:1878) [hadoop-common-3.3.1.jar:?]
	at org.apache.hadoop.ipc.Server$Handler.run(Server.java:2966) [hadoop-common-3.3.1.jar:?]
13:52:52.608 [IPC Server handler 3 on default port 34829] ERROR OMAudit - user=runner | ip=127.0.0.1 | op=GET_FILE_STATUS {volume=4c9f294e-8479-4409-83d9-c0d7eb2d655f, bucket=9e87b064-9aed-4644-bac2-5bc2b3989a28, key=.Trash, dataSize=0, replicationConfig=null} | ret=FAILURE
org.apache.hadoop.ozone.om.exceptions.OMException: Unable to get file status: volume: 4c9f294e-8479-4409-83d9-c0d7eb2d655f bucket: 9e87b064-9aed-4644-bac2-5bc2b3989a28 key: .Trash
	at org.apache.hadoop.ozone.om.KeyManagerImpl.getOzoneFileStatus(KeyManagerImpl.java:1311) ~[ozone-manager-1.3.0-SNAPSHOT.jar:?]
	at org.apache.hadoop.ozone.om.KeyManagerImpl.getFileStatus(KeyManagerImpl.java:1241) ~[ozone-manager-1.3.0-SNAPSHOT.jar:?]
	at org.apache.hadoop.ozone.om.OzoneManager.getFileStatus(OzoneManager.java:3467) ~[ozone-manager-1.3.0-SNAPSHOT.jar:?]
	at org.apache.hadoop.ozone.protocolPB.OzoneManagerRequestHandler.getOzoneFileStatus(OzoneManagerRequestHandler.java:878) ~[ozone-manager-1.3.0-SNAPSHOT.jar:?]
	at org.apache.hadoop.ozone.protocolPB.OzoneManagerRequestHandler.handleReadRequest(OzoneManagerRequestHandler.java:224) ~[ozone-manager-1.3.0-SNAPSHOT.jar:?]
	at org.apache.hadoop.ozone.protocolPB.OzoneManagerProtocolServerSideTranslatorPB.submitReadRequestToOM(OzoneManagerProtocolServerSideTranslatorPB.java:226) ~[ozone-manager-1.3.0-SNAPSHOT.jar:?]
	at org.apache.hadoop.ozone.protocolPB.OzoneManagerProtocolServerSideTranslatorPB.processRequest(OzoneManagerProtocolServerSideTranslatorPB.java:175) ~[ozone-manager-1.3.0-SNAPSHOT.jar:?]
	at org.apache.hadoop.hdds.server.OzoneProtocolMessageDispatcher.processRequest(OzoneProtocolMessageDispatcher.java:87) [hdds-server-framework-1.3.0-SNAPSHOT.jar:?]
	at org.apache.hadoop.ozone.protocolPB.OzoneManagerProtocolServerSideTranslatorPB.submitRequest(OzoneManagerProtocolServerSideTranslatorPB.java:147) [ozone-manager-1.3.0-SNAPSHOT.jar:?]
	at org.apache.hadoop.ozone.protocol.proto.OzoneManagerProtocolProtos$OzoneManagerService$2.callBlockingMethod(OzoneManagerProtocolProtos.java) [ozone-interface-client-1.3.0-SNAPSHOT.jar:?]
	at org.apache.hadoop.ipc.ProtobufRpcEngine$Server.processCall(ProtobufRpcEngine.java:466) [hadoop-common-3.3.1.jar:?]
	at org.apache.hadoop.ipc.ProtobufRpcEngine2$Server$ProtoBufRpcInvoker.call(ProtobufRpcEngine2.java:574) [hadoop-common-3.3.1.jar:?]
	at org.apache.hadoop.ipc.ProtobufRpcEngine2$Server$ProtoBufRpcInvoker.call(ProtobufRpcEngine2.java:552) [hadoop-common-3.3.1.jar:?]
	at org.apache.hadoop.ipc.RPC$Server.call(RPC.java:1093) [hadoop-common-3.3.1.jar:?]
	at org.apache.hadoop.ipc.Server$RpcCall.run(Server.java:1035) [hadoop-common-3.3.1.jar:?]
	at org.apache.hadoop.ipc.Server$RpcCall.run(Server.java:963) [hadoop-common-3.3.1.jar:?]
	at java.security.AccessController.doPrivileged(Native Method) ~[?:1.8.0_332]
	at javax.security.auth.Subject.doAs(Subject.java:422) [?:1.8.0_332]
	at org.apache.hadoop.security.UserGroupInformation.doAs(UserGroupInformation.java:1878) [hadoop-common-3.3.1.jar:?]
	at org.apache.hadoop.ipc.Server$Handler.run(Server.java:2966) [hadoop-common-3.3.1.jar:?]
2022-07-27 13:52:52,765 [Time-limited test] INFO  rpc.RpcClient (RpcClient.java:createVolume(467)) - Creating Volume: volume58375, with user44868 as owner and space quota set to -1 bytes, counts quota set to -1
2022-07-27 13:52:52,774 [OM StateMachine ApplyTransaction Thread - 0] INFO  volume.OMVolumeCreateRequest (OMVolumeCreateRequest.java:validateAndUpdateCache(195)) - created volume:volume58375 for user:user44868
2022-07-27 13:52:52,775 [Time-limited test] INFO  rpc.RpcClient (RpcClient.java:createBucket(670)) - Creating Bucket: volume58375/bucket11715, with bucket layout LEGACY, runner as owner, Versioning false, Storage Type set to DISK and Encryption set to false 
2022-07-27 13:52:52,776 [OM StateMachine ApplyTransaction Thread - 0] INFO  bucket.OMBucketCreateRequest (OMBucketCreateRequest.java:validateAndUpdateCache(260)) - created bucket: bucket11715 of layout LEGACY in volume: volume58375
13:52:52.809 [IPC Server handler 6 on default port 34829] ERROR OMAudit - user=runner | ip=127.0.0.1 | op=GET_FILE_STATUS {volume=4c9f294e-8479-4409-83d9-c0d7eb2d655f, bucket=9e87b064-9aed-4644-bac2-5bc2b3989a28, key=.Trash, dataSize=0, replicationConfig=null} | ret=FAILURE
org.apache.hadoop.ozone.om.exceptions.OMException: Unable to get file status: volume: 4c9f294e-8479-4409-83d9-c0d7eb2d655f bucket: 9e87b064-9aed-4644-bac2-5bc2b3989a28 key: .Trash
	at org.apache.hadoop.ozone.om.KeyManagerImpl.getOzoneFileStatus(KeyManagerImpl.java:1311) ~[ozone-manager-1.3.0-SNAPSHOT.jar:?]
	at org.apache.hadoop.ozone.om.KeyManagerImpl.getFileStatus(KeyManagerImpl.java:1241) ~[ozone-manager-1.3.0-SNAPSHOT.jar:?]
	at org.apache.hadoop.ozone.om.OzoneManager.getFileStatus(OzoneManager.java:3467) ~[ozone-manager-1.3.0-SNAPSHOT.jar:?]
	at org.apache.hadoop.ozone.protocolPB.OzoneManagerRequestHandler.getOzoneFileStatus(OzoneManagerRequestHandler.java:878) ~[ozone-manager-1.3.0-SNAPSHOT.jar:?]
	at org.apache.hadoop.ozone.protocolPB.OzoneManagerRequestHandler.handleReadRequest(OzoneManagerRequestHandler.java:224) ~[ozone-manager-1.3.0-SNAPSHOT.jar:?]
	at org.apache.hadoop.ozone.protocolPB.OzoneManagerProtocolServerSideTranslatorPB.submitReadRequestToOM(OzoneManagerProtocolServerSideTranslatorPB.java:226) ~[ozone-manager-1.3.0-SNAPSHOT.jar:?]
	at org.apache.hadoop.ozone.protocolPB.OzoneManagerProtocolServerSideTranslatorPB.processRequest(OzoneManagerProtocolServerSideTranslatorPB.java:175) ~[ozone-manager-1.3.0-SNAPSHOT.jar:?]
	at org.apache.hadoop.hdds.server.OzoneProtocolMessageDispatcher.processRequest(OzoneProtocolMessageDispatcher.java:87) [hdds-server-framework-1.3.0-SNAPSHOT.jar:?]
	at org.apache.hadoop.ozone.protocolPB.OzoneManagerProtocolServerSideTranslatorPB.submitRequest(OzoneManagerProtocolServerSideTranslatorPB.java:147) [ozone-manager-1.3.0-SNAPSHOT.jar:?]
	at org.apache.hadoop.ozone.protocol.proto.OzoneManagerProtocolProtos$OzoneManagerService$2.callBlockingMethod(OzoneManagerProtocolProtos.java) [ozone-interface-client-1.3.0-SNAPSHOT.jar:?]
	at org.apache.hadoop.ipc.ProtobufRpcEngine$Server.processCall(ProtobufRpcEngine.java:466) [hadoop-common-3.3.1.jar:?]
	at org.apache.hadoop.ipc.ProtobufRpcEngine2$Server$ProtoBufRpcInvoker.call(ProtobufRpcEngine2.java:574) [hadoop-common-3.3.1.jar:?]
	at org.apache.hadoop.ipc.ProtobufRpcEngine2$Server$ProtoBufRpcInvoker.call(ProtobufRpcEngine2.java:552) [hadoop-common-3.3.1.jar:?]
	at org.apache.hadoop.ipc.RPC$Server.call(RPC.java:1093) [hadoop-common-3.3.1.jar:?]
	at org.apache.hadoop.ipc.Server$RpcCall.run(Server.java:1035) [hadoop-common-3.3.1.jar:?]
	at org.apache.hadoop.ipc.Server$RpcCall.run(Server.java:963) [hadoop-common-3.3.1.jar:?]
	at java.security.AccessController.doPrivileged(Native Method) ~[?:1.8.0_332]
	at javax.security.auth.Subject.doAs(Subject.java:422) [?:1.8.0_332]
	at org.apache.hadoop.security.UserGroupInformation.doAs(UserGroupInformation.java:1878) [hadoop-common-3.3.1.jar:?]
	at org.apache.hadoop.ipc.Server$Handler.run(Server.java:2966) [hadoop-common-3.3.1.jar:?]
13:52:52.865 [IPC Server handler 8 on default port 34829] ERROR OMAudit - user=runner | ip=127.0.0.1 | op=GET_FILE_STATUS {volume=4c9f294e-8479-4409-83d9-c0d7eb2d655f, bucket=9e87b064-9aed-4644-bac2-5bc2b3989a28, key=.Trash, dataSize=0, replicationConfig=null} | ret=FAILURE
org.apache.hadoop.ozone.om.exceptions.OMException: Unable to get file status: volume: 4c9f294e-8479-4409-83d9-c0d7eb2d655f bucket: 9e87b064-9aed-4644-bac2-5bc2b3989a28 key: .Trash
	at org.apache.hadoop.ozone.om.KeyManagerImpl.getOzoneFileStatus(KeyManagerImpl.java:1311) ~[ozone-manager-1.3.0-SNAPSHOT.jar:?]
	at org.apache.hadoop.ozone.om.KeyManagerImpl.getFileStatus(KeyManagerImpl.java:1241) ~[ozone-manager-1.3.0-SNAPSHOT.jar:?]
	at org.apache.hadoop.ozone.om.OzoneManager.getFileStatus(OzoneManager.java:3467) ~[ozone-manager-1.3.0-SNAPSHOT.jar:?]
	at org.apache.hadoop.ozone.protocolPB.OzoneManagerRequestHandler.getOzoneFileStatus(OzoneManagerRequestHandler.java:878) ~[ozone-manager-1.3.0-SNAPSHOT.jar:?]
	at org.apache.hadoop.ozone.protocolPB.OzoneManagerRequestHandler.handleReadRequest(OzoneManagerRequestHandler.java:224) ~[ozone-manager-1.3.0-SNAPSHOT.jar:?]
	at org.apache.hadoop.ozone.protocolPB.OzoneManagerProtocolServerSideTranslatorPB.submitReadRequestToOM(OzoneManagerProtocolServerSideTranslatorPB.java:226) ~[ozone-manager-1.3.0-SNAPSHOT.jar:?]
	at org.apache.hadoop.ozone.protocolPB.OzoneManagerProtocolServerSideTranslatorPB.processRequest(OzoneManagerProtocolServerSideTranslatorPB.java:175) ~[ozone-manager-1.3.0-SNAPSHOT.jar:?]
	at org.apache.hadoop.hdds.server.OzoneProtocolMessageDispatcher.processRequest(OzoneProtocolMessageDispatcher.java:87) [hdds-server-framework-1.3.0-SNAPSHOT.jar:?]
	at org.apache.hadoop.ozone.protocolPB.OzoneManagerProtocolServerSideTranslatorPB.submitRequest(OzoneManagerProtocolServerSideTranslatorPB.java:147) [ozone-manager-1.3.0-SNAPSHOT.jar:?]
	at org.apache.hadoop.ozone.protocol.proto.OzoneManagerProtocolProtos$OzoneManagerService$2.callBlockingMethod(OzoneManagerProtocolProtos.java) [ozone-interface-client-1.3.0-SNAPSHOT.jar:?]
	at org.apache.hadoop.ipc.ProtobufRpcEngine$Server.processCall(ProtobufRpcEngine.java:466) [hadoop-common-3.3.1.jar:?]
	at org.apache.hadoop.ipc.ProtobufRpcEngine2$Server$ProtoBufRpcInvoker.call(ProtobufRpcEngine2.java:574) [hadoop-common-3.3.1.jar:?]
	at org.apache.hadoop.ipc.ProtobufRpcEngine2$Server$ProtoBufRpcInvoker.call(ProtobufRpcEngine2.java:552) [hadoop-common-3.3.1.jar:?]
	at org.apache.hadoop.ipc.RPC$Server.call(RPC.java:1093) [hadoop-common-3.3.1.jar:?]
	at org.apache.hadoop.ipc.Server$RpcCall.run(Server.java:1035) [hadoop-common-3.3.1.jar:?]
	at org.apache.hadoop.ipc.Server$RpcCall.run(Server.java:963) [hadoop-common-3.3.1.jar:?]
	at java.security.AccessController.doPrivileged(Native Method) ~[?:1.8.0_332]
	at javax.security.auth.Subject.doAs(Subject.java:422) [?:1.8.0_332]
	at org.apache.hadoop.security.UserGroupInformation.doAs(UserGroupInformation.java:1878) [hadoop-common-3.3.1.jar:?]
	at org.apache.hadoop.ipc.Server$Handler.run(Server.java:2966) [hadoop-common-3.3.1.jar:?]
13:52:52.956 [IPC Server handler 3 on default port 34829] ERROR OMAudit - user=runner | ip=127.0.0.1 | op=GET_FILE_STATUS {volume=volume58375, bucket=bucket11715, key=.Trash/runner, dataSize=0, replicationConfig=null} | ret=FAILURE
org.apache.hadoop.ozone.om.exceptions.OMException: Unable to get file status: volume: volume58375 bucket: bucket11715 key: .Trash/runner
	at org.apache.hadoop.ozone.om.KeyManagerImpl.getOzoneFileStatus(KeyManagerImpl.java:1311) ~[ozone-manager-1.3.0-SNAPSHOT.jar:?]
	at org.apache.hadoop.ozone.om.KeyManagerImpl.getFileStatus(KeyManagerImpl.java:1241) ~[ozone-manager-1.3.0-SNAPSHOT.jar:?]
	at org.apache.hadoop.ozone.om.OzoneManager.getFileStatus(OzoneManager.java:3467) ~[ozone-manager-1.3.0-SNAPSHOT.jar:?]
	at org.apache.hadoop.ozone.protocolPB.OzoneManagerRequestHandler.getOzoneFileStatus(OzoneManagerRequestHandler.java:878) ~[ozone-manager-1.3.0-SNAPSHOT.jar:?]
	at org.apache.hadoop.ozone.protocolPB.OzoneManagerRequestHandler.handleReadRequest(OzoneManagerRequestHandler.java:224) ~[ozone-manager-1.3.0-SNAPSHOT.jar:?]
	at org.apache.hadoop.ozone.protocolPB.OzoneManagerProtocolServerSideTranslatorPB.submitReadRequestToOM(OzoneManagerProtocolServerSideTranslatorPB.java:226) ~[ozone-manager-1.3.0-SNAPSHOT.jar:?]
	at org.apache.hadoop.ozone.protocolPB.OzoneManagerProtocolServerSideTranslatorPB.processRequest(OzoneManagerProtocolServerSideTranslatorPB.java:175) ~[ozone-manager-1.3.0-SNAPSHOT.jar:?]
	at org.apache.hadoop.hdds.server.OzoneProtocolMessageDispatcher.processRequest(OzoneProtocolMessageDispatcher.java:87) [hdds-server-framework-1.3.0-SNAPSHOT.jar:?]
	at org.apache.hadoop.ozone.protocolPB.OzoneManagerProtocolServerSideTranslatorPB.submitRequest(OzoneManagerProtocolServerSideTranslatorPB.java:147) [ozone-manager-1.3.0-SNAPSHOT.jar:?]
	at org.apache.hadoop.ozone.protocol.proto.OzoneManagerProtocolProtos$OzoneManagerService$2.callBlockingMethod(OzoneManagerProtocolProtos.java) [ozone-interface-client-1.3.0-SNAPSHOT.jar:?]
	at org.apache.hadoop.ipc.ProtobufRpcEngine$Server.processCall(ProtobufRpcEngine.java:466) [hadoop-common-3.3.1.jar:?]
	at org.apache.hadoop.ipc.ProtobufRpcEngine2$Server$ProtoBufRpcInvoker.call(ProtobufRpcEngine2.java:574) [hadoop-common-3.3.1.jar:?]
	at org.apache.hadoop.ipc.ProtobufRpcEngine2$Server$ProtoBufRpcInvoker.call(ProtobufRpcEngine2.java:552) [hadoop-common-3.3.1.jar:?]
	at org.apache.hadoop.ipc.RPC$Server.call(RPC.java:1093) [hadoop-common-3.3.1.jar:?]
	at org.apache.hadoop.ipc.Server$RpcCall.run(Server.java:1035) [hadoop-common-3.3.1.jar:?]
	at org.apache.hadoop.ipc.Server$RpcCall.run(Server.java:963) [hadoop-common-3.3.1.jar:?]
	at java.security.AccessController.doPrivileged(Native Method) ~[?:1.8.0_332]
	at javax.security.auth.Subject.doAs(Subject.java:422) [?:1.8.0_332]
	at org.apache.hadoop.security.UserGroupInformation.doAs(UserGroupInformation.java:1878) [hadoop-common-3.3.1.jar:?]
	at org.apache.hadoop.ipc.Server$Handler.run(Server.java:2966) [hadoop-common-3.3.1.jar:?]
13:52:52.963 [IPC Server handler 2 on default port 34829] ERROR OMAudit - user=runner | ip=127.0.0.1 | op=GET_FILE_STATUS {volume=4c9f294e-8479-4409-83d9-c0d7eb2d655f, bucket=9e87b064-9aed-4644-bac2-5bc2b3989a28, key=.Trash, dataSize=0, replicationConfig=null} | ret=FAILURE
org.apache.hadoop.ozone.om.exceptions.OMException: Unable to get file status: volume: 4c9f294e-8479-4409-83d9-c0d7eb2d655f bucket: 9e87b064-9aed-4644-bac2-5bc2b3989a28 key: .Trash
	at org.apache.hadoop.ozone.om.KeyManagerImpl.getOzoneFileStatus(KeyManagerImpl.java:1311) ~[ozone-manager-1.3.0-SNAPSHOT.jar:?]
	at org.apache.hadoop.ozone.om.KeyManagerImpl.getFileStatus(KeyManagerImpl.java:1241) ~[ozone-manager-1.3.0-SNAPSHOT.jar:?]
	at org.apache.hadoop.ozone.om.OzoneManager.getFileStatus(OzoneManager.java:3467) ~[ozone-manager-1.3.0-SNAPSHOT.jar:?]
	at org.apache.hadoop.ozone.protocolPB.OzoneManagerRequestHandler.getOzoneFileStatus(OzoneManagerRequestHandler.java:878) ~[ozone-manager-1.3.0-SNAPSHOT.jar:?]
	at org.apache.hadoop.ozone.protocolPB.OzoneManagerRequestHandler.handleReadRequest(OzoneManagerRequestHandler.java:224) ~[ozone-manager-1.3.0-SNAPSHOT.jar:?]
	at org.apache.hadoop.ozone.protocolPB.OzoneManagerProtocolServerSideTranslatorPB.submitReadRequestToOM(OzoneManagerProtocolServerSideTranslatorPB.java:226) ~[ozone-manager-1.3.0-SNAPSHOT.jar:?]
	at org.apache.hadoop.ozone.protocolPB.OzoneManagerProtocolServerSideTranslatorPB.processRequest(OzoneManagerProtocolServerSideTranslatorPB.java:175) ~[ozone-manager-1.3.0-SNAPSHOT.jar:?]
	at org.apache.hadoop.hdds.server.OzoneProtocolMessageDispatcher.processRequest(OzoneProtocolMessageDispatcher.java:87) [hdds-server-framework-1.3.0-SNAPSHOT.jar:?]
	at org.apache.hadoop.ozone.protocolPB.OzoneManagerProtocolServerSideTranslatorPB.submitRequest(OzoneManagerProtocolServerSideTranslatorPB.java:147) [ozone-manager-1.3.0-SNAPSHOT.jar:?]
	at org.apache.hadoop.ozone.protocol.proto.OzoneManagerProtocolProtos$OzoneManagerService$2.callBlockingMethod(OzoneManagerProtocolProtos.java) [ozone-interface-client-1.3.0-SNAPSHOT.jar:?]
	at org.apache.hadoop.ipc.ProtobufRpcEngine$Server.processCall(ProtobufRpcEngine.java:466) [hadoop-common-3.3.1.jar:?]
	at org.apache.hadoop.ipc.ProtobufRpcEngine2$Server$ProtoBufRpcInvoker.call(ProtobufRpcEngine2.java:574) [hadoop-common-3.3.1.jar:?]
	at org.apache.hadoop.ipc.ProtobufRpcEngine2$Server$ProtoBufRpcInvoker.call(ProtobufRpcEngine2.java:552) [hadoop-common-3.3.1.jar:?]
	at org.apache.hadoop.ipc.RPC$Server.call(RPC.java:1093) [hadoop-common-3.3.1.jar:?]
	at org.apache.hadoop.ipc.Server$RpcCall.run(Server.java:1035) [hadoop-common-3.3.1.jar:?]
	at org.apache.hadoop.ipc.Server$RpcCall.run(Server.java:963) [hadoop-common-3.3.1.jar:?]
	at java.security.AccessController.doPrivileged(Native Method) ~[?:1.8.0_332]
	at javax.security.auth.Subject.doAs(Subject.java:422) [?:1.8.0_332]
	at org.apache.hadoop.security.UserGroupInformation.doAs(UserGroupInformation.java:1878) [hadoop-common-3.3.1.jar:?]
	at org.apache.hadoop.ipc.Server$Handler.run(Server.java:2966) [hadoop-common-3.3.1.jar:?]
13:52:52.965 [IPC Server handler 18 on default port 34829] ERROR OMAudit - user=runner | ip=127.0.0.1 | op=GET_FILE_STATUS {volume=volume58375, bucket=bucket11715, key=.Trash, dataSize=0, replicationConfig=null} | ret=FAILURE
org.apache.hadoop.ozone.om.exceptions.OMException: Unable to get file status: volume: volume58375 bucket: bucket11715 key: .Trash
	at org.apache.hadoop.ozone.om.KeyManagerImpl.getOzoneFileStatus(KeyManagerImpl.java:1311) ~[ozone-manager-1.3.0-SNAPSHOT.jar:?]
	at org.apache.hadoop.ozone.om.KeyManagerImpl.getFileStatus(KeyManagerImpl.java:1241) ~[ozone-manager-1.3.0-SNAPSHOT.jar:?]
	at org.apache.hadoop.ozone.om.OzoneManager.getFileStatus(OzoneManager.java:3467) ~[ozone-manager-1.3.0-SNAPSHOT.jar:?]
	at org.apache.hadoop.ozone.protocolPB.OzoneManagerRequestHandler.getOzoneFileStatus(OzoneManagerRequestHandler.java:878) ~[ozone-manager-1.3.0-SNAPSHOT.jar:?]
	at org.apache.hadoop.ozone.protocolPB.OzoneManagerRequestHandler.handleReadRequest(OzoneManagerRequestHandler.java:224) ~[ozone-manager-1.3.0-SNAPSHOT.jar:?]
	at org.apache.hadoop.ozone.protocolPB.OzoneManagerProtocolServerSideTranslatorPB.submitReadRequestToOM(OzoneManagerProtocolServerSideTranslatorPB.java:226) ~[ozone-manager-1.3.0-SNAPSHOT.jar:?]
	at org.apache.hadoop.ozone.protocolPB.OzoneManagerProtocolServerSideTranslatorPB.processRequest(OzoneManagerProtocolServerSideTranslatorPB.java:175) ~[ozone-manager-1.3.0-SNAPSHOT.jar:?]
	at org.apache.hadoop.hdds.server.OzoneProtocolMessageDispatcher.processRequest(OzoneProtocolMessageDispatcher.java:87) [hdds-server-framework-1.3.0-SNAPSHOT.jar:?]
	at org.apache.hadoop.ozone.protocolPB.OzoneManagerProtocolServerSideTranslatorPB.submitRequest(OzoneManagerProtocolServerSideTranslatorPB.java:147) [ozone-manager-1.3.0-SNAPSHOT.jar:?]
	at org.apache.hadoop.ozone.protocol.proto.OzoneManagerProtocolProtos$OzoneManagerService$2.callBlockingMethod(OzoneManagerProtocolProtos.java) [ozone-interface-client-1.3.0-SNAPSHOT.jar:?]
	at org.apache.hadoop.ipc.ProtobufRpcEngine$Server.processCall(ProtobufRpcEngine.java:466) [hadoop-common-3.3.1.jar:?]
	at org.apache.hadoop.ipc.ProtobufRpcEngine2$Server$ProtoBufRpcInvoker.call(ProtobufRpcEngine2.java:574) [hadoop-common-3.3.1.jar:?]
	at org.apache.hadoop.ipc.ProtobufRpcEngine2$Server$ProtoBufRpcInvoker.call(ProtobufRpcEngine2.java:552) [hadoop-common-3.3.1.jar:?]
	at org.apache.hadoop.ipc.RPC$Server.call(RPC.java:1093) [hadoop-common-3.3.1.jar:?]
	at org.apache.hadoop.ipc.Server$RpcCall.run(Server.java:1035) [hadoop-common-3.3.1.jar:?]
	at org.apache.hadoop.ipc.Server$RpcCall.run(Server.java:963) [hadoop-common-3.3.1.jar:?]
	at java.security.AccessController.doPrivileged(Native Method) ~[?:1.8.0_332]
	at javax.security.auth.Subject.doAs(Subject.java:422) [?:1.8.0_332]
	at org.apache.hadoop.security.UserGroupInformation.doAs(UserGroupInformation.java:1878) [hadoop-common-3.3.1.jar:?]
	at org.apache.hadoop.ipc.Server$Handler.run(Server.java:2966) [hadoop-common-3.3.1.jar:?]
13:52:53.015 [IPC Server handler 3 on default port 34829] ERROR OMAudit - user=runner | ip=127.0.0.1 | op=GET_FILE_STATUS {volume=volume58375, bucket=bucket11715, key=.Trash/runner, dataSize=0, replicationConfig=null} | ret=FAILURE
org.apache.hadoop.ozone.om.exceptions.OMException: Unable to get file status: volume: volume58375 bucket: bucket11715 key: .Trash/runner
	at org.apache.hadoop.ozone.om.KeyManagerImpl.getOzoneFileStatus(KeyManagerImpl.java:1311) ~[ozone-manager-1.3.0-SNAPSHOT.jar:?]
	at org.apache.hadoop.ozone.om.KeyManagerImpl.getFileStatus(KeyManagerImpl.java:1241) ~[ozone-manager-1.3.0-SNAPSHOT.jar:?]
	at org.apache.hadoop.ozone.om.OzoneManager.getFileStatus(OzoneManager.java:3467) ~[ozone-manager-1.3.0-SNAPSHOT.jar:?]
	at org.apache.hadoop.ozone.protocolPB.OzoneManagerRequestHandler.getOzoneFileStatus(OzoneManagerRequestHandler.java:878) ~[ozone-manager-1.3.0-SNAPSHOT.jar:?]
	at org.apache.hadoop.ozone.protocolPB.OzoneManagerRequestHandler.handleReadRequest(OzoneManagerRequestHandler.java:224) ~[ozone-manager-1.3.0-SNAPSHOT.jar:?]
	at org.apache.hadoop.ozone.protocolPB.OzoneManagerProtocolServerSideTranslatorPB.submitReadRequestToOM(OzoneManagerProtocolServerSideTranslatorPB.java:226) ~[ozone-manager-1.3.0-SNAPSHOT.jar:?]
	at org.apache.hadoop.ozone.protocolPB.OzoneManagerProtocolServerSideTranslatorPB.processRequest(OzoneManagerProtocolServerSideTranslatorPB.java:175) ~[ozone-manager-1.3.0-SNAPSHOT.jar:?]
	at org.apache.hadoop.hdds.server.OzoneProtocolMessageDispatcher.processRequest(OzoneProtocolMessageDispatcher.java:87) [hdds-server-framework-1.3.0-SNAPSHOT.jar:?]
	at org.apache.hadoop.ozone.protocolPB.OzoneManagerProtocolServerSideTranslatorPB.submitRequest(OzoneManagerProtocolServerSideTranslatorPB.java:147) [ozone-manager-1.3.0-SNAPSHOT.jar:?]
	at org.apache.hadoop.ozone.protocol.proto.OzoneManagerProtocolProtos$OzoneManagerService$2.callBlockingMethod(OzoneManagerProtocolProtos.java) [ozone-interface-client-1.3.0-SNAPSHOT.jar:?]
	at org.apache.hadoop.ipc.ProtobufRpcEngine$Server.processCall(ProtobufRpcEngine.java:466) [hadoop-common-3.3.1.jar:?]
	at org.apache.hadoop.ipc.ProtobufRpcEngine2$Server$ProtoBufRpcInvoker.call(ProtobufRpcEngine2.java:574) [hadoop-common-3.3.1.jar:?]
	at org.apache.hadoop.ipc.ProtobufRpcEngine2$Server$ProtoBufRpcInvoker.call(ProtobufRpcEngine2.java:552) [hadoop-common-3.3.1.jar:?]
	at org.apache.hadoop.ipc.RPC$Server.call(RPC.java:1093) [hadoop-common-3.3.1.jar:?]
	at org.apache.hadoop.ipc.Server$RpcCall.run(Server.java:1035) [hadoop-common-3.3.1.jar:?]
	at org.apache.hadoop.ipc.Server$RpcCall.run(Server.java:963) [hadoop-common-3.3.1.jar:?]
	at java.security.AccessController.doPrivileged(Native Method) ~[?:1.8.0_332]
	at javax.security.auth.Subject.doAs(Subject.java:422) [?:1.8.0_332]
	at org.apache.hadoop.security.UserGroupInformation.doAs(UserGroupInformation.java:1878) [hadoop-common-3.3.1.jar:?]
	at org.apache.hadoop.ipc.Server$Handler.run(Server.java:2966) [hadoop-common-3.3.1.jar:?]
13:52:53.018 [IPC Server handler 13 on default port 34829] ERROR OMAudit - user=runner | ip=127.0.0.1 | op=GET_FILE_STATUS {volume=volume70441, bucket=trashroottest2, key=.Trash/runner, dataSize=0, replicationConfig=null} | ret=FAILURE
org.apache.hadoop.ozone.om.exceptions.OMException: Unable to get file status: volume: volume70441 bucket: trashroottest2 key: .Trash/runner
	at org.apache.hadoop.ozone.om.KeyManagerImpl.getOzoneFileStatus(KeyManagerImpl.java:1311) ~[ozone-manager-1.3.0-SNAPSHOT.jar:?]
	at org.apache.hadoop.ozone.om.KeyManagerImpl.getFileStatus(KeyManagerImpl.java:1241) ~[ozone-manager-1.3.0-SNAPSHOT.jar:?]
	at org.apache.hadoop.ozone.om.OzoneManager.getFileStatus(OzoneManager.java:3467) ~[ozone-manager-1.3.0-SNAPSHOT.jar:?]
	at org.apache.hadoop.ozone.protocolPB.OzoneManagerRequestHandler.getOzoneFileStatus(OzoneManagerRequestHandler.java:878) ~[ozone-manager-1.3.0-SNAPSHOT.jar:?]
	at org.apache.hadoop.ozone.protocolPB.OzoneManagerRequestHandler.handleReadRequest(OzoneManagerRequestHandler.java:224) ~[ozone-manager-1.3.0-SNAPSHOT.jar:?]
	at org.apache.hadoop.ozone.protocolPB.OzoneManagerProtocolServerSideTranslatorPB.submitReadRequestToOM(OzoneManagerProtocolServerSideTranslatorPB.java:226) ~[ozone-manager-1.3.0-SNAPSHOT.jar:?]
	at org.apache.hadoop.ozone.protocolPB.OzoneManagerProtocolServerSideTranslatorPB.processRequest(OzoneManagerProtocolServerSideTranslatorPB.java:175) ~[ozone-manager-1.3.0-SNAPSHOT.jar:?]
	at org.apache.hadoop.hdds.server.OzoneProtocolMessageDispatcher.processRequest(OzoneProtocolMessageDispatcher.java:87) [hdds-server-framework-1.3.0-SNAPSHOT.jar:?]
	at org.apache.hadoop.ozone.protocolPB.OzoneManagerProtocolServerSideTranslatorPB.submitRequest(OzoneManagerProtocolServerSideTranslatorPB.java:147) [ozone-manager-1.3.0-SNAPSHOT.jar:?]
	at org.apache.hadoop.ozone.protocol.proto.OzoneManagerProtocolProtos$OzoneManagerService$2.callBlockingMethod(OzoneManagerProtocolProtos.java) [ozone-interface-client-1.3.0-SNAPSHOT.jar:?]
	at org.apache.hadoop.ipc.ProtobufRpcEngine$Server.processCall(ProtobufRpcEngine.java:466) [hadoop-common-3.3.1.jar:?]
	at org.apache.hadoop.ipc.ProtobufRpcEngine2$Server$ProtoBufRpcInvoker.call(ProtobufRpcEngine2.java:574) [hadoop-common-3.3.1.jar:?]
	at org.apache.hadoop.ipc.ProtobufRpcEngine2$Server$ProtoBufRpcInvoker.call(ProtobufRpcEngine2.java:552) [hadoop-common-3.3.1.jar:?]
	at org.apache.hadoop.ipc.RPC$Server.call(RPC.java:1093) [hadoop-common-3.3.1.jar:?]
	at org.apache.hadoop.ipc.Server$RpcCall.run(Server.java:1035) [hadoop-common-3.3.1.jar:?]
	at org.apache.hadoop.ipc.Server$RpcCall.run(Server.java:963) [hadoop-common-3.3.1.jar:?]
	at java.security.AccessController.doPrivileged(Native Method) ~[?:1.8.0_332]
	at javax.security.auth.Subject.doAs(Subject.java:422) [?:1.8.0_332]
	at org.apache.hadoop.security.UserGroupInformation.doAs(UserGroupInformation.java:1878) [hadoop-common-3.3.1.jar:?]
	at org.apache.hadoop.ipc.Server$Handler.run(Server.java:2966) [hadoop-common-3.3.1.jar:?]
13:52:53.036 [IPC Server handler 6 on default port 34829] ERROR OMAudit - user=runner | ip=127.0.0.1 | op=GET_FILE_STATUS {volume=4c9f294e-8479-4409-83d9-c0d7eb2d655f, bucket=9e87b064-9aed-4644-bac2-5bc2b3989a28, key=.Trash, dataSize=0, replicationConfig=null} | ret=FAILURE
org.apache.hadoop.ozone.om.exceptions.OMException: Unable to get file status: volume: 4c9f294e-8479-4409-83d9-c0d7eb2d655f bucket: 9e87b064-9aed-4644-bac2-5bc2b3989a28 key: .Trash
	at org.apache.hadoop.ozone.om.KeyManagerImpl.getOzoneFileStatus(KeyManagerImpl.java:1311) ~[ozone-manager-1.3.0-SNAPSHOT.jar:?]
	at org.apache.hadoop.ozone.om.KeyManagerImpl.getFileStatus(KeyManagerImpl.java:1241) ~[ozone-manager-1.3.0-SNAPSHOT.jar:?]
	at org.apache.hadoop.ozone.om.OzoneManager.getFileStatus(OzoneManager.java:3467) ~[ozone-manager-1.3.0-SNAPSHOT.jar:?]
	at org.apache.hadoop.ozone.protocolPB.OzoneManagerRequestHandler.getOzoneFileStatus(OzoneManagerRequestHandler.java:878) ~[ozone-manager-1.3.0-SNAPSHOT.jar:?]
	at org.apache.hadoop.ozone.protocolPB.OzoneManagerRequestHandler.handleReadRequest(OzoneManagerRequestHandler.java:224) ~[ozone-manager-1.3.0-SNAPSHOT.jar:?]
	at org.apache.hadoop.ozone.protocolPB.OzoneManagerProtocolServerSideTranslatorPB.submitReadRequestToOM(OzoneManagerProtocolServerSideTranslatorPB.java:226) ~[ozone-manager-1.3.0-SNAPSHOT.jar:?]
	at org.apache.hadoop.ozone.protocolPB.OzoneManagerProtocolServerSideTranslatorPB.processRequest(OzoneManagerProtocolServerSideTranslatorPB.java:175) ~[ozone-manager-1.3.0-SNAPSHOT.jar:?]
	at org.apache.hadoop.hdds.server.OzoneProtocolMessageDispatcher.processRequest(OzoneProtocolMessageDispatcher.java:87) [hdds-server-framework-1.3.0-SNAPSHOT.jar:?]
	at org.apache.hadoop.ozone.protocolPB.OzoneManagerProtocolServerSideTranslatorPB.submitRequest(OzoneManagerProtocolServerSideTranslatorPB.java:147) [ozone-manager-1.3.0-SNAPSHOT.jar:?]
	at org.apache.hadoop.ozone.protocol.proto.OzoneManagerProtocolProtos$OzoneManagerService$2.callBlockingMethod(OzoneManagerProtocolProtos.java) [ozone-interface-client-1.3.0-SNAPSHOT.jar:?]
	at org.apache.hadoop.ipc.ProtobufRpcEngine$Server.processCall(ProtobufRpcEngine.java:466) [hadoop-common-3.3.1.jar:?]
	at org.apache.hadoop.ipc.ProtobufRpcEngine2$Server$ProtoBufRpcInvoker.call(ProtobufRpcEngine2.java:574) [hadoop-common-3.3.1.jar:?]
	at org.apache.hadoop.ipc.ProtobufRpcEngine2$Server$ProtoBufRpcInvoker.call(ProtobufRpcEngine2.java:552) [hadoop-common-3.3.1.jar:?]
	at org.apache.hadoop.ipc.RPC$Server.call(RPC.java:1093) [hadoop-common-3.3.1.jar:?]
	at org.apache.hadoop.ipc.Server$RpcCall.run(Server.java:1035) [hadoop-common-3.3.1.jar:?]
	at org.apache.hadoop.ipc.Server$RpcCall.run(Server.java:963) [hadoop-common-3.3.1.jar:?]
	at java.security.AccessController.doPrivileged(Native Method) ~[?:1.8.0_332]
	at javax.security.auth.Subject.doAs(Subject.java:422) [?:1.8.0_332]
	at org.apache.hadoop.security.UserGroupInformation.doAs(UserGroupInformation.java:1878) [hadoop-common-3.3.1.jar:?]
	at org.apache.hadoop.ipc.Server$Handler.run(Server.java:2966) [hadoop-common-3.3.1.jar:?]
13:52:53.038 [IPC Server handler 1 on default port 34829] ERROR OMAudit - user=runner | ip=127.0.0.1 | op=GET_FILE_STATUS {volume=volume58375, bucket=bucket11715, key=.Trash, dataSize=0, replicationConfig=null} | ret=FAILURE
org.apache.hadoop.ozone.om.exceptions.OMException: Unable to get file status: volume: volume58375 bucket: bucket11715 key: .Trash
	at org.apache.hadoop.ozone.om.KeyManagerImpl.getOzoneFileStatus(KeyManagerImpl.java:1311) ~[ozone-manager-1.3.0-SNAPSHOT.jar:?]
	at org.apache.hadoop.ozone.om.KeyManagerImpl.getFileStatus(KeyManagerImpl.java:1241) ~[ozone-manager-1.3.0-SNAPSHOT.jar:?]
	at org.apache.hadoop.ozone.om.OzoneManager.getFileStatus(OzoneManager.java:3467) ~[ozone-manager-1.3.0-SNAPSHOT.jar:?]
	at org.apache.hadoop.ozone.protocolPB.OzoneManagerRequestHandler.getOzoneFileStatus(OzoneManagerRequestHandler.java:878) ~[ozone-manager-1.3.0-SNAPSHOT.jar:?]
	at org.apache.hadoop.ozone.protocolPB.OzoneManagerRequestHandler.handleReadRequest(OzoneManagerRequestHandler.java:224) ~[ozone-manager-1.3.0-SNAPSHOT.jar:?]
	at org.apache.hadoop.ozone.protocolPB.OzoneManagerProtocolServerSideTranslatorPB.submitReadRequestToOM(OzoneManagerProtocolServerSideTranslatorPB.java:226) ~[ozone-manager-1.3.0-SNAPSHOT.jar:?]
	at org.apache.hadoop.ozone.protocolPB.OzoneManagerProtocolServerSideTranslatorPB.processRequest(OzoneManagerProtocolServerSideTranslatorPB.java:175) ~[ozone-manager-1.3.0-SNAPSHOT.jar:?]
	at org.apache.hadoop.hdds.server.OzoneProtocolMessageDispatcher.processRequest(OzoneProtocolMessageDispatcher.java:87) [hdds-server-framework-1.3.0-SNAPSHOT.jar:?]
	at org.apache.hadoop.ozone.protocolPB.OzoneManagerProtocolServerSideTranslatorPB.submitRequest(OzoneManagerProtocolServerSideTranslatorPB.java:147) [ozone-manager-1.3.0-SNAPSHOT.jar:?]
	at org.apache.hadoop.ozone.protocol.proto.OzoneManagerProtocolProtos$OzoneManagerService$2.callBlockingMethod(OzoneManagerProtocolProtos.java) [ozone-interface-client-1.3.0-SNAPSHOT.jar:?]
	at org.apache.hadoop.ipc.ProtobufRpcEngine$Server.processCall(ProtobufRpcEngine.java:466) [hadoop-common-3.3.1.jar:?]
	at org.apache.hadoop.ipc.ProtobufRpcEngine2$Server$ProtoBufRpcInvoker.call(ProtobufRpcEngine2.java:574) [hadoop-common-3.3.1.jar:?]
	at org.apache.hadoop.ipc.ProtobufRpcEngine2$Server$ProtoBufRpcInvoker.call(ProtobufRpcEngine2.java:552) [hadoop-common-3.3.1.jar:?]
	at org.apache.hadoop.ipc.RPC$Server.call(RPC.java:1093) [hadoop-common-3.3.1.jar:?]
	at org.apache.hadoop.ipc.Server$RpcCall.run(Server.java:1035) [hadoop-common-3.3.1.jar:?]
	at org.apache.hadoop.ipc.Server$RpcCall.run(Server.java:963) [hadoop-common-3.3.1.jar:?]
	at java.security.AccessController.doPrivileged(Native Method) ~[?:1.8.0_332]
	at javax.security.auth.Subject.doAs(Subject.java:422) [?:1.8.0_332]
	at org.apache.hadoop.security.UserGroupInformation.doAs(UserGroupInformation.java:1878) [hadoop-common-3.3.1.jar:?]
	at org.apache.hadoop.ipc.Server$Handler.run(Server.java:2966) [hadoop-common-3.3.1.jar:?]
13:52:53.056 [IPC Server handler 10 on default port 34829] ERROR OMAudit - user=runner | ip=127.0.0.1 | op=GET_FILE_STATUS {volume=volume70441, bucket=trashroottest2, key=.Trash, dataSize=0, replicationConfig=null} | ret=FAILURE
org.apache.hadoop.ozone.om.exceptions.OMException: Unable to get file status: volume: volume70441 bucket: trashroottest2 key: .Trash
	at org.apache.hadoop.ozone.om.KeyManagerImpl.getOzoneFileStatus(KeyManagerImpl.java:1311) ~[ozone-manager-1.3.0-SNAPSHOT.jar:?]
	at org.apache.hadoop.ozone.om.KeyManagerImpl.getFileStatus(KeyManagerImpl.java:1241) ~[ozone-manager-1.3.0-SNAPSHOT.jar:?]
	at org.apache.hadoop.ozone.om.OzoneManager.getFileStatus(OzoneManager.java:3467) ~[ozone-manager-1.3.0-SNAPSHOT.jar:?]
	at org.apache.hadoop.ozone.protocolPB.OzoneManagerRequestHandler.getOzoneFileStatus(OzoneManagerRequestHandler.java:878) ~[ozone-manager-1.3.0-SNAPSHOT.jar:?]
	at org.apache.hadoop.ozone.protocolPB.OzoneManagerRequestHandler.handleReadRequest(OzoneManagerRequestHandler.java:224) ~[ozone-manager-1.3.0-SNAPSHOT.jar:?]
	at org.apache.hadoop.ozone.protocolPB.OzoneManagerProtocolServerSideTranslatorPB.submitReadRequestToOM(OzoneManagerProtocolServerSideTranslatorPB.java:226) ~[ozone-manager-1.3.0-SNAPSHOT.jar:?]
	at org.apache.hadoop.ozone.protocolPB.OzoneManagerProtocolServerSideTranslatorPB.processRequest(OzoneManagerProtocolServerSideTranslatorPB.java:175) ~[ozone-manager-1.3.0-SNAPSHOT.jar:?]
	at org.apache.hadoop.hdds.server.OzoneProtocolMessageDispatcher.processRequest(OzoneProtocolMessageDispatcher.java:87) [hdds-server-framework-1.3.0-SNAPSHOT.jar:?]
	at org.apache.hadoop.ozone.protocolPB.OzoneManagerProtocolServerSideTranslatorPB.submitRequest(OzoneManagerProtocolServerSideTranslatorPB.java:147) [ozone-manager-1.3.0-SNAPSHOT.jar:?]
	at org.apache.hadoop.ozone.protocol.proto.OzoneManagerProtocolProtos$OzoneManagerService$2.callBlockingMethod(OzoneManagerProtocolProtos.java) [ozone-interface-client-1.3.0-SNAPSHOT.jar:?]
	at org.apache.hadoop.ipc.ProtobufRpcEngine$Server.processCall(ProtobufRpcEngine.java:466) [hadoop-common-3.3.1.jar:?]
	at org.apache.hadoop.ipc.ProtobufRpcEngine2$Server$ProtoBufRpcInvoker.call(ProtobufRpcEngine2.java:574) [hadoop-common-3.3.1.jar:?]
	at org.apache.hadoop.ipc.ProtobufRpcEngine2$Server$ProtoBufRpcInvoker.call(ProtobufRpcEngine2.java:552) [hadoop-common-3.3.1.jar:?]
	at org.apache.hadoop.ipc.RPC$Server.call(RPC.java:1093) [hadoop-common-3.3.1.jar:?]
	at org.apache.hadoop.ipc.Server$RpcCall.run(Server.java:1035) [hadoop-common-3.3.1.jar:?]
	at org.apache.hadoop.ipc.Server$RpcCall.run(Server.java:963) [hadoop-common-3.3.1.jar:?]
	at java.security.AccessController.doPrivileged(Native Method) ~[?:1.8.0_332]
	at javax.security.auth.Subject.doAs(Subject.java:422) [?:1.8.0_332]
	at org.apache.hadoop.security.UserGroupInformation.doAs(UserGroupInformation.java:1878) [hadoop-common-3.3.1.jar:?]
	at org.apache.hadoop.ipc.Server$Handler.run(Server.java:2966) [hadoop-common-3.3.1.jar:?]
13:52:53.084 [IPC Server handler 12 on default port 34829] ERROR OMAudit - user=runner | ip=127.0.0.1 | op=GET_FILE_STATUS {volume=volume58375, bucket=bucket11715, key=.Trash/runner, dataSize=0, replicationConfig=null} | ret=FAILURE
org.apache.hadoop.ozone.om.exceptions.OMException: Unable to get file status: volume: volume58375 bucket: bucket11715 key: .Trash/runner
	at org.apache.hadoop.ozone.om.KeyManagerImpl.getOzoneFileStatus(KeyManagerImpl.java:1311) ~[ozone-manager-1.3.0-SNAPSHOT.jar:?]
	at org.apache.hadoop.ozone.om.KeyManagerImpl.getFileStatus(KeyManagerImpl.java:1241) ~[ozone-manager-1.3.0-SNAPSHOT.jar:?]
	at org.apache.hadoop.ozone.om.OzoneManager.getFileStatus(OzoneManager.java:3467) ~[ozone-manager-1.3.0-SNAPSHOT.jar:?]
	at org.apache.hadoop.ozone.protocolPB.OzoneManagerRequestHandler.getOzoneFileStatus(OzoneManagerRequestHandler.java:878) ~[ozone-manager-1.3.0-SNAPSHOT.jar:?]
	at org.apache.hadoop.ozone.protocolPB.OzoneManagerRequestHandler.handleReadRequest(OzoneManagerRequestHandler.java:224) ~[ozone-manager-1.3.0-SNAPSHOT.jar:?]
	at org.apache.hadoop.ozone.protocolPB.OzoneManagerProtocolServerSideTranslatorPB.submitReadRequestToOM(OzoneManagerProtocolServerSideTranslatorPB.java:226) ~[ozone-manager-1.3.0-SNAPSHOT.jar:?]
	at org.apache.hadoop.ozone.protocolPB.OzoneManagerProtocolServerSideTranslatorPB.processRequest(OzoneManagerProtocolServerSideTranslatorPB.java:175) ~[ozone-manager-1.3.0-SNAPSHOT.jar:?]
	at org.apache.hadoop.hdds.server.OzoneProtocolMessageDispatcher.processRequest(OzoneProtocolMessageDispatcher.java:87) [hdds-server-framework-1.3.0-SNAPSHOT.jar:?]
	at org.apache.hadoop.ozone.protocolPB.OzoneManagerProtocolServerSideTranslatorPB.submitRequest(OzoneManagerProtocolServerSideTranslatorPB.java:147) [ozone-manager-1.3.0-SNAPSHOT.jar:?]
	at org.apache.hadoop.ozone.protocol.proto.OzoneManagerProtocolProtos$OzoneManagerService$2.callBlockingMethod(OzoneManagerProtocolProtos.java) [ozone-interface-client-1.3.0-SNAPSHOT.jar:?]
	at org.apache.hadoop.ipc.ProtobufRpcEngine$Server.processCall(ProtobufRpcEngine.java:466) [hadoop-common-3.3.1.jar:?]
	at org.apache.hadoop.ipc.ProtobufRpcEngine2$Server$ProtoBufRpcInvoker.call(ProtobufRpcEngine2.java:574) [hadoop-common-3.3.1.jar:?]
	at org.apache.hadoop.ipc.ProtobufRpcEngine2$Server$ProtoBufRpcInvoker.call(ProtobufRpcEngine2.java:552) [hadoop-common-3.3.1.jar:?]
	at org.apache.hadoop.ipc.RPC$Server.call(RPC.java:1093) [hadoop-common-3.3.1.jar:?]
	at org.apache.hadoop.ipc.Server$RpcCall.run(Server.java:1035) [hadoop-common-3.3.1.jar:?]
	at org.apache.hadoop.ipc.Server$RpcCall.run(Server.java:963) [hadoop-common-3.3.1.jar:?]
	at java.security.AccessController.doPrivileged(Native Method) ~[?:1.8.0_332]
	at javax.security.auth.Subject.doAs(Subject.java:422) [?:1.8.0_332]
	at org.apache.hadoop.security.UserGroupInformation.doAs(UserGroupInformation.java:1878) [hadoop-common-3.3.1.jar:?]
	at org.apache.hadoop.ipc.Server$Handler.run(Server.java:2966) [hadoop-common-3.3.1.jar:?]
13:52:53.095 [IPC Server handler 0 on default port 34829] ERROR OMAudit - user=runner | ip=127.0.0.1 | op=GET_FILE_STATUS {volume=volume70441, bucket=trashroottest2, key=.Trash/runner, dataSize=0, replicationConfig=null} | ret=FAILURE
org.apache.hadoop.ozone.om.exceptions.OMException: Unable to get file status: volume: volume70441 bucket: trashroottest2 key: .Trash/runner
	at org.apache.hadoop.ozone.om.KeyManagerImpl.getOzoneFileStatus(KeyManagerImpl.java:1311) ~[ozone-manager-1.3.0-SNAPSHOT.jar:?]
	at org.apache.hadoop.ozone.om.KeyManagerImpl.getFileStatus(KeyManagerImpl.java:1241) ~[ozone-manager-1.3.0-SNAPSHOT.jar:?]
	at org.apache.hadoop.ozone.om.OzoneManager.getFileStatus(OzoneManager.java:3467) ~[ozone-manager-1.3.0-SNAPSHOT.jar:?]
	at org.apache.hadoop.ozone.protocolPB.OzoneManagerRequestHandler.getOzoneFileStatus(OzoneManagerRequestHandler.java:878) ~[ozone-manager-1.3.0-SNAPSHOT.jar:?]
	at org.apache.hadoop.ozone.protocolPB.OzoneManagerRequestHandler.handleReadRequest(OzoneManagerRequestHandler.java:224) ~[ozone-manager-1.3.0-SNAPSHOT.jar:?]
	at org.apache.hadoop.ozone.protocolPB.OzoneManagerProtocolServerSideTranslatorPB.submitReadRequestToOM(OzoneManagerProtocolServerSideTranslatorPB.java:226) ~[ozone-manager-1.3.0-SNAPSHOT.jar:?]
	at org.apache.hadoop.ozone.protocolPB.OzoneManagerProtocolServerSideTranslatorPB.processRequest(OzoneManagerProtocolServerSideTranslatorPB.java:175) ~[ozone-manager-1.3.0-SNAPSHOT.jar:?]
	at org.apache.hadoop.hdds.server.OzoneProtocolMessageDispatcher.processRequest(OzoneProtocolMessageDispatcher.java:87) [hdds-server-framework-1.3.0-SNAPSHOT.jar:?]
	at org.apache.hadoop.ozone.protocolPB.OzoneManagerProtocolServerSideTranslatorPB.submitRequest(OzoneManagerProtocolServerSideTranslatorPB.java:147) [ozone-manager-1.3.0-SNAPSHOT.jar:?]
	at org.apache.hadoop.ozone.protocol.proto.OzoneManagerProtocolProtos$OzoneManagerService$2.callBlockingMethod(OzoneManagerProtocolProtos.java) [ozone-interface-client-1.3.0-SNAPSHOT.jar:?]
	at org.apache.hadoop.ipc.ProtobufRpcEngine$Server.processCall(ProtobufRpcEngine.java:466) [hadoop-common-3.3.1.jar:?]
	at org.apache.hadoop.ipc.ProtobufRpcEngine2$Server$ProtoBufRpcInvoker.call(ProtobufRpcEngine2.java:574) [hadoop-common-3.3.1.jar:?]
	at org.apache.hadoop.ipc.ProtobufRpcEngine2$Server$ProtoBufRpcInvoker.call(ProtobufRpcEngine2.java:552) [hadoop-common-3.3.1.jar:?]
	at org.apache.hadoop.ipc.RPC$Server.call(RPC.java:1093) [hadoop-common-3.3.1.jar:?]
	at org.apache.hadoop.ipc.Server$RpcCall.run(Server.java:1035) [hadoop-common-3.3.1.jar:?]
	at org.apache.hadoop.ipc.Server$RpcCall.run(Server.java:963) [hadoop-common-3.3.1.jar:?]
	at java.security.AccessController.doPrivileged(Native Method) ~[?:1.8.0_332]
	at javax.security.auth.Subject.doAs(Subject.java:422) [?:1.8.0_332]
	at org.apache.hadoop.security.UserGroupInformation.doAs(UserGroupInformation.java:1878) [hadoop-common-3.3.1.jar:?]
	at org.apache.hadoop.ipc.Server$Handler.run(Server.java:2966) [hadoop-common-3.3.1.jar:?]
13:52:53.098 [IPC Server handler 15 on default port 34829] ERROR OMAudit - user=runner | ip=127.0.0.1 | op=GET_FILE_STATUS {volume=4c9f294e-8479-4409-83d9-c0d7eb2d655f, bucket=9e87b064-9aed-4644-bac2-5bc2b3989a28, key=.Trash, dataSize=0, replicationConfig=null} | ret=FAILURE
org.apache.hadoop.ozone.om.exceptions.OMException: Unable to get file status: volume: 4c9f294e-8479-4409-83d9-c0d7eb2d655f bucket: 9e87b064-9aed-4644-bac2-5bc2b3989a28 key: .Trash
	at org.apache.hadoop.ozone.om.KeyManagerImpl.getOzoneFileStatus(KeyManagerImpl.java:1311) ~[ozone-manager-1.3.0-SNAPSHOT.jar:?]
	at org.apache.hadoop.ozone.om.KeyManagerImpl.getFileStatus(KeyManagerImpl.java:1241) ~[ozone-manager-1.3.0-SNAPSHOT.jar:?]
	at org.apache.hadoop.ozone.om.OzoneManager.getFileStatus(OzoneManager.java:3467) ~[ozone-manager-1.3.0-SNAPSHOT.jar:?]
	at org.apache.hadoop.ozone.protocolPB.OzoneManagerRequestHandler.getOzoneFileStatus(OzoneManagerRequestHandler.java:878) ~[ozone-manager-1.3.0-SNAPSHOT.jar:?]
	at org.apache.hadoop.ozone.protocolPB.OzoneManagerRequestHandler.handleReadRequest(OzoneManagerRequestHandler.java:224) ~[ozone-manager-1.3.0-SNAPSHOT.jar:?]
	at org.apache.hadoop.ozone.protocolPB.OzoneManagerProtocolServerSideTranslatorPB.submitReadRequestToOM(OzoneManagerProtocolServerSideTranslatorPB.java:226) ~[ozone-manager-1.3.0-SNAPSHOT.jar:?]
	at org.apache.hadoop.ozone.protocolPB.OzoneManagerProtocolServerSideTranslatorPB.processRequest(OzoneManagerProtocolServerSideTranslatorPB.java:175) ~[ozone-manager-1.3.0-SNAPSHOT.jar:?]
	at org.apache.hadoop.hdds.server.OzoneProtocolMessageDispatcher.processRequest(OzoneProtocolMessageDispatcher.java:87) [hdds-server-framework-1.3.0-SNAPSHOT.jar:?]
	at org.apache.hadoop.ozone.protocolPB.OzoneManagerProtocolServerSideTranslatorPB.submitRequest(OzoneManagerProtocolServerSideTranslatorPB.java:147) [ozone-manager-1.3.0-SNAPSHOT.jar:?]
	at org.apache.hadoop.ozone.protocol.proto.OzoneManagerProtocolProtos$OzoneManagerService$2.callBlockingMethod(OzoneManagerProtocolProtos.java) [ozone-interface-client-1.3.0-SNAPSHOT.jar:?]
	at org.apache.hadoop.ipc.ProtobufRpcEngine$Server.processCall(ProtobufRpcEngine.java:466) [hadoop-common-3.3.1.jar:?]
	at org.apache.hadoop.ipc.ProtobufRpcEngine2$Server$ProtoBufRpcInvoker.call(ProtobufRpcEngine2.java:574) [hadoop-common-3.3.1.jar:?]
	at org.apache.hadoop.ipc.ProtobufRpcEngine2$Server$ProtoBufRpcInvoker.call(ProtobufRpcEngine2.java:552) [hadoop-common-3.3.1.jar:?]
	at org.apache.hadoop.ipc.RPC$Server.call(RPC.java:1093) [hadoop-common-3.3.1.jar:?]
	at org.apache.hadoop.ipc.Server$RpcCall.run(Server.java:1035) [hadoop-common-3.3.1.jar:?]
	at org.apache.hadoop.ipc.Server$RpcCall.run(Server.java:963) [hadoop-common-3.3.1.jar:?]
	at java.security.AccessController.doPrivileged(Native Method) ~[?:1.8.0_332]
	at javax.security.auth.Subject.doAs(Subject.java:422) [?:1.8.0_332]
	at org.apache.hadoop.security.UserGroupInformation.doAs(UserGroupInformation.java:1878) [hadoop-common-3.3.1.jar:?]
	at org.apache.hadoop.ipc.Server$Handler.run(Server.java:2966) [hadoop-common-3.3.1.jar:?]
13:52:53.100 [IPC Server handler 10 on default port 34829] ERROR OMAudit - user=runner | ip=127.0.0.1 | op=GET_FILE_STATUS {volume=volume58375, bucket=bucket11715, key=.Trash, dataSize=0, replicationConfig=null} | ret=FAILURE
org.apache.hadoop.ozone.om.exceptions.OMException: Unable to get file status: volume: volume58375 bucket: bucket11715 key: .Trash
	at org.apache.hadoop.ozone.om.KeyManagerImpl.getOzoneFileStatus(KeyManagerImpl.java:1311) ~[ozone-manager-1.3.0-SNAPSHOT.jar:?]
	at org.apache.hadoop.ozone.om.KeyManagerImpl.getFileStatus(KeyManagerImpl.java:1241) ~[ozone-manager-1.3.0-SNAPSHOT.jar:?]
	at org.apache.hadoop.ozone.om.OzoneManager.getFileStatus(OzoneManager.java:3467) ~[ozone-manager-1.3.0-SNAPSHOT.jar:?]
	at org.apache.hadoop.ozone.protocolPB.OzoneManagerRequestHandler.getOzoneFileStatus(OzoneManagerRequestHandler.java:878) ~[ozone-manager-1.3.0-SNAPSHOT.jar:?]
	at org.apache.hadoop.ozone.protocolPB.OzoneManagerRequestHandler.handleReadRequest(OzoneManagerRequestHandler.java:224) ~[ozone-manager-1.3.0-SNAPSHOT.jar:?]
	at org.apache.hadoop.ozone.protocolPB.OzoneManagerProtocolServerSideTranslatorPB.submitReadRequestToOM(OzoneManagerProtocolServerSideTranslatorPB.java:226) ~[ozone-manager-1.3.0-SNAPSHOT.jar:?]
	at org.apache.hadoop.ozone.protocolPB.OzoneManagerProtocolServerSideTranslatorPB.processRequest(OzoneManagerProtocolServerSideTranslatorPB.java:175) ~[ozone-manager-1.3.0-SNAPSHOT.jar:?]
	at org.apache.hadoop.hdds.server.OzoneProtocolMessageDispatcher.processRequest(OzoneProtocolMessageDispatcher.java:87) [hdds-server-framework-1.3.0-SNAPSHOT.jar:?]
	at org.apache.hadoop.ozone.protocolPB.OzoneManagerProtocolServerSideTranslatorPB.submitRequest(OzoneManagerProtocolServerSideTranslatorPB.java:147) [ozone-manager-1.3.0-SNAPSHOT.jar:?]
	at org.apache.hadoop.ozone.protocol.proto.OzoneManagerProtocolProtos$OzoneManagerService$2.callBlockingMethod(OzoneManagerProtocolProtos.java) [ozone-interface-client-1.3.0-SNAPSHOT.jar:?]
	at org.apache.hadoop.ipc.ProtobufRpcEngine$Server.processCall(ProtobufRpcEngine.java:466) [hadoop-common-3.3.1.jar:?]
	at org.apache.hadoop.ipc.ProtobufRpcEngine2$Server$ProtoBufRpcInvoker.call(ProtobufRpcEngine2.java:574) [hadoop-common-3.3.1.jar:?]
	at org.apache.hadoop.ipc.ProtobufRpcEngine2$Server$ProtoBufRpcInvoker.call(ProtobufRpcEngine2.java:552) [hadoop-common-3.3.1.jar:?]
	at org.apache.hadoop.ipc.RPC$Server.call(RPC.java:1093) [hadoop-common-3.3.1.jar:?]
	at org.apache.hadoop.ipc.Server$RpcCall.run(Server.java:1035) [hadoop-common-3.3.1.jar:?]
	at org.apache.hadoop.ipc.Server$RpcCall.run(Server.java:963) [hadoop-common-3.3.1.jar:?]
	at java.security.AccessController.doPrivileged(Native Method) ~[?:1.8.0_332]
	at javax.security.auth.Subject.doAs(Subject.java:422) [?:1.8.0_332]
	at org.apache.hadoop.security.UserGroupInformation.doAs(UserGroupInformation.java:1878) [hadoop-common-3.3.1.jar:?]
	at org.apache.hadoop.ipc.Server$Handler.run(Server.java:2966) [hadoop-common-3.3.1.jar:?]
13:52:53.114 [IPC Server handler 19 on default port 34829] ERROR OMAudit - user=runner | ip=127.0.0.1 | op=GET_FILE_STATUS {volume=volume70441, bucket=trashroottest2, key=.Trash, dataSize=0, replicationConfig=null} | ret=FAILURE
org.apache.hadoop.ozone.om.exceptions.OMException: Unable to get file status: volume: volume70441 bucket: trashroottest2 key: .Trash
	at org.apache.hadoop.ozone.om.KeyManagerImpl.getOzoneFileStatus(KeyManagerImpl.java:1311) ~[ozone-manager-1.3.0-SNAPSHOT.jar:?]
	at org.apache.hadoop.ozone.om.KeyManagerImpl.getFileStatus(KeyManagerImpl.java:1241) ~[ozone-manager-1.3.0-SNAPSHOT.jar:?]
	at org.apache.hadoop.ozone.om.OzoneManager.getFileStatus(OzoneManager.java:3467) ~[ozone-manager-1.3.0-SNAPSHOT.jar:?]
	at org.apache.hadoop.ozone.protocolPB.OzoneManagerRequestHandler.getOzoneFileStatus(OzoneManagerRequestHandler.java:878) ~[ozone-manager-1.3.0-SNAPSHOT.jar:?]
	at org.apache.hadoop.ozone.protocolPB.OzoneManagerRequestHandler.handleReadRequest(OzoneManagerRequestHandler.java:224) ~[ozone-manager-1.3.0-SNAPSHOT.jar:?]
	at org.apache.hadoop.ozone.protocolPB.OzoneManagerProtocolServerSideTranslatorPB.submitReadRequestToOM(OzoneManagerProtocolServerSideTranslatorPB.java:226) ~[ozone-manager-1.3.0-SNAPSHOT.jar:?]
	at org.apache.hadoop.ozone.protocolPB.OzoneManagerProtocolServerSideTranslatorPB.processRequest(OzoneManagerProtocolServerSideTranslatorPB.java:175) ~[ozone-manager-1.3.0-SNAPSHOT.jar:?]
	at org.apache.hadoop.hdds.server.OzoneProtocolMessageDispatcher.processRequest(OzoneProtocolMessageDispatcher.java:87) [hdds-server-framework-1.3.0-SNAPSHOT.jar:?]
	at org.apache.hadoop.ozone.protocolPB.OzoneManagerProtocolServerSideTranslatorPB.submitRequest(OzoneManagerProtocolServerSideTranslatorPB.java:147) [ozone-manager-1.3.0-SNAPSHOT.jar:?]
	at org.apache.hadoop.ozone.protocol.proto.OzoneManagerProtocolProtos$OzoneManagerService$2.callBlockingMethod(OzoneManagerProtocolProtos.java) [ozone-interface-client-1.3.0-SNAPSHOT.jar:?]
	at org.apache.hadoop.ipc.ProtobufRpcEngine$Server.processCall(ProtobufRpcEngine.java:466) [hadoop-common-3.3.1.jar:?]
	at org.apache.hadoop.ipc.ProtobufRpcEngine2$Server$ProtoBufRpcInvoker.call(ProtobufRpcEngine2.java:574) [hadoop-common-3.3.1.jar:?]
	at org.apache.hadoop.ipc.ProtobufRpcEngine2$Server$ProtoBufRpcInvoker.call(ProtobufRpcEngine2.java:552) [hadoop-common-3.3.1.jar:?]
	at org.apache.hadoop.ipc.RPC$Server.call(RPC.java:1093) [hadoop-common-3.3.1.jar:?]
	at org.apache.hadoop.ipc.Server$RpcCall.run(Server.java:1035) [hadoop-common-3.3.1.jar:?]
	at org.apache.hadoop.ipc.Server$RpcCall.run(Server.java:963) [hadoop-common-3.3.1.jar:?]
	at java.security.AccessController.doPrivileged(Native Method) ~[?:1.8.0_332]
	at javax.security.auth.Subject.doAs(Subject.java:422) [?:1.8.0_332]
	at org.apache.hadoop.security.UserGroupInformation.doAs(UserGroupInformation.java:1878) [hadoop-common-3.3.1.jar:?]
	at org.apache.hadoop.ipc.Server$Handler.run(Server.java:2966) [hadoop-common-3.3.1.jar:?]
13:52:53.141 [IPC Server handler 18 on default port 34829] ERROR OMAudit - user=runner | ip=127.0.0.1 | op=GET_FILE_STATUS {volume=volume70441, bucket=bucket55117, key=.Trash/runner, dataSize=0, replicationConfig=null} | ret=FAILURE
org.apache.hadoop.ozone.om.exceptions.OMException: Unable to get file status: volume: volume70441 bucket: bucket55117 key: .Trash/runner
	at org.apache.hadoop.ozone.om.KeyManagerImpl.getOzoneFileStatus(KeyManagerImpl.java:1311) ~[ozone-manager-1.3.0-SNAPSHOT.jar:?]
	at org.apache.hadoop.ozone.om.KeyManagerImpl.getFileStatus(KeyManagerImpl.java:1241) ~[ozone-manager-1.3.0-SNAPSHOT.jar:?]
	at org.apache.hadoop.ozone.om.OzoneManager.getFileStatus(OzoneManager.java:3467) ~[ozone-manager-1.3.0-SNAPSHOT.jar:?]
	at org.apache.hadoop.ozone.protocolPB.OzoneManagerRequestHandler.getOzoneFileStatus(OzoneManagerRequestHandler.java:878) ~[ozone-manager-1.3.0-SNAPSHOT.jar:?]
	at org.apache.hadoop.ozone.protocolPB.OzoneManagerRequestHandler.handleReadRequest(OzoneManagerRequestHandler.java:224) ~[ozone-manager-1.3.0-SNAPSHOT.jar:?]
	at org.apache.hadoop.ozone.protocolPB.OzoneManagerProtocolServerSideTranslatorPB.submitReadRequestToOM(OzoneManagerProtocolServerSideTranslatorPB.java:226) ~[ozone-manager-1.3.0-SNAPSHOT.jar:?]
	at org.apache.hadoop.ozone.protocolPB.OzoneManagerProtocolServerSideTranslatorPB.processRequest(OzoneManagerProtocolServerSideTranslatorPB.java:175) ~[ozone-manager-1.3.0-SNAPSHOT.jar:?]
	at org.apache.hadoop.hdds.server.OzoneProtocolMessageDispatcher.processRequest(OzoneProtocolMessageDispatcher.java:87) [hdds-server-framework-1.3.0-SNAPSHOT.jar:?]
	at org.apache.hadoop.ozone.protocolPB.OzoneManagerProtocolServerSideTranslatorPB.submitRequest(OzoneManagerProtocolServerSideTranslatorPB.java:147) [ozone-manager-1.3.0-SNAPSHOT.jar:?]
	at org.apache.hadoop.ozone.protocol.proto.OzoneManagerProtocolProtos$OzoneManagerService$2.callBlockingMethod(OzoneManagerProtocolProtos.java) [ozone-interface-client-1.3.0-SNAPSHOT.jar:?]
	at org.apache.hadoop.ipc.ProtobufRpcEngine$Server.processCall(ProtobufRpcEngine.java:466) [hadoop-common-3.3.1.jar:?]
	at org.apache.hadoop.ipc.ProtobufRpcEngine2$Server$ProtoBufRpcInvoker.call(ProtobufRpcEngine2.java:574) [hadoop-common-3.3.1.jar:?]
	at org.apache.hadoop.ipc.ProtobufRpcEngine2$Server$ProtoBufRpcInvoker.call(ProtobufRpcEngine2.java:552) [hadoop-common-3.3.1.jar:?]
	at org.apache.hadoop.ipc.RPC$Server.call(RPC.java:1093) [hadoop-common-3.3.1.jar:?]
	at org.apache.hadoop.ipc.Server$RpcCall.run(Server.java:1035) [hadoop-common-3.3.1.jar:?]
	at org.apache.hadoop.ipc.Server$RpcCall.run(Server.java:963) [hadoop-common-3.3.1.jar:?]
	at java.security.AccessController.doPrivileged(Native Method) ~[?:1.8.0_332]
	at javax.security.auth.Subject.doAs(Subject.java:422) [?:1.8.0_332]
	at org.apache.hadoop.security.UserGroupInformation.doAs(UserGroupInformation.java:1878) [hadoop-common-3.3.1.jar:?]
	at org.apache.hadoop.ipc.Server$Handler.run(Server.java:2966) [hadoop-common-3.3.1.jar:?]
13:52:53.148 [IPC Server handler 12 on default port 34829] ERROR OMAudit - user=runner | ip=127.0.0.1 | op=GET_FILE_STATUS {volume=4c9f294e-8479-4409-83d9-c0d7eb2d655f, bucket=9e87b064-9aed-4644-bac2-5bc2b3989a28, key=.Trash, dataSize=0, replicationConfig=null} | ret=FAILURE
org.apache.hadoop.ozone.om.exceptions.OMException: Unable to get file status: volume: 4c9f294e-8479-4409-83d9-c0d7eb2d655f bucket: 9e87b064-9aed-4644-bac2-5bc2b3989a28 key: .Trash
	at org.apache.hadoop.ozone.om.KeyManagerImpl.getOzoneFileStatus(KeyManagerImpl.java:1311) ~[ozone-manager-1.3.0-SNAPSHOT.jar:?]
	at org.apache.hadoop.ozone.om.KeyManagerImpl.getFileStatus(KeyManagerImpl.java:1241) ~[ozone-manager-1.3.0-SNAPSHOT.jar:?]
	at org.apache.hadoop.ozone.om.OzoneManager.getFileStatus(OzoneManager.java:3467) ~[ozone-manager-1.3.0-SNAPSHOT.jar:?]
	at org.apache.hadoop.ozone.protocolPB.OzoneManagerRequestHandler.getOzoneFileStatus(OzoneManagerRequestHandler.java:878) ~[ozone-manager-1.3.0-SNAPSHOT.jar:?]
	at org.apache.hadoop.ozone.protocolPB.OzoneManagerRequestHandler.handleReadRequest(OzoneManagerRequestHandler.java:224) ~[ozone-manager-1.3.0-SNAPSHOT.jar:?]
	at org.apache.hadoop.ozone.protocolPB.OzoneManagerProtocolServerSideTranslatorPB.submitReadRequestToOM(OzoneManagerProtocolServerSideTranslatorPB.java:226) ~[ozone-manager-1.3.0-SNAPSHOT.jar:?]
	at org.apache.hadoop.ozone.protocolPB.OzoneManagerProtocolServerSideTranslatorPB.processRequest(OzoneManagerProtocolServerSideTranslatorPB.java:175) ~[ozone-manager-1.3.0-SNAPSHOT.jar:?]
	at org.apache.hadoop.hdds.server.OzoneProtocolMessageDispatcher.processRequest(OzoneProtocolMessageDispatcher.java:87) [hdds-server-framework-1.3.0-SNAPSHOT.jar:?]
	at org.apache.hadoop.ozone.protocolPB.OzoneManagerProtocolServerSideTranslatorPB.submitRequest(OzoneManagerProtocolServerSideTranslatorPB.java:147) [ozone-manager-1.3.0-SNAPSHOT.jar:?]
	at org.apache.hadoop.ozone.protocol.proto.OzoneManagerProtocolProtos$OzoneManagerService$2.callBlockingMethod(OzoneManagerProtocolProtos.java) [ozone-interface-client-1.3.0-SNAPSHOT.jar:?]
	at org.apache.hadoop.ipc.ProtobufRpcEngine$Server.processCall(ProtobufRpcEngine.java:466) [hadoop-common-3.3.1.jar:?]
	at org.apache.hadoop.ipc.ProtobufRpcEngine2$Server$ProtoBufRpcInvoker.call(ProtobufRpcEngine2.java:574) [hadoop-common-3.3.1.jar:?]
	at org.apache.hadoop.ipc.ProtobufRpcEngine2$Server$ProtoBufRpcInvoker.call(ProtobufRpcEngine2.java:552) [hadoop-common-3.3.1.jar:?]
	at org.apache.hadoop.ipc.RPC$Server.call(RPC.java:1093) [hadoop-common-3.3.1.jar:?]
	at org.apache.hadoop.ipc.Server$RpcCall.run(Server.java:1035) [hadoop-common-3.3.1.jar:?]
	at org.apache.hadoop.ipc.Server$RpcCall.run(Server.java:963) [hadoop-common-3.3.1.jar:?]
	at java.security.AccessController.doPrivileged(Native Method) ~[?:1.8.0_332]
	at javax.security.auth.Subject.doAs(Subject.java:422) [?:1.8.0_332]
	at org.apache.hadoop.security.UserGroupInformation.doAs(UserGroupInformation.java:1878) [hadoop-common-3.3.1.jar:?]
	at org.apache.hadoop.ipc.Server$Handler.run(Server.java:2966) [hadoop-common-3.3.1.jar:?]
]]></system-out>
  </testcase>
  <testcase name="testGetTrashRoots" classname="TestRootedOzoneFileSystem" time="1.116">
    <system-out><![CDATA[2022-07-27 13:54:12,571 [Time-limited test] INFO  rpc.RpcClient (RpcClient.java:createVolume(467)) - Creating Volume: volume00092, with user03614 as owner and space quota set to -1 bytes, counts quota set to -1
2022-07-27 13:54:12,573 [IPC Server handler 1 on default port 41147] INFO  volume.OMVolumeCreateRequest (OMVolumeCreateRequest.java:validateAndUpdateCache(195)) - created volume:volume00092 for user:user03614
2022-07-27 13:54:12,574 [Time-limited test] INFO  rpc.RpcClient (RpcClient.java:createBucket(670)) - Creating Bucket: volume00092/bucket21980, with bucket layout LEGACY, runner as owner, Versioning false, Storage Type set to DISK and Encryption set to false 
2022-07-27 13:54:12,574 [IPC Server handler 18 on default port 41147] INFO  bucket.OMBucketCreateRequest (OMBucketCreateRequest.java:validateAndUpdateCache(260)) - created bucket: bucket21980 of layout LEGACY in volume: volume00092
13:54:12.582 [IPC Server handler 7 on default port 41147] ERROR OMAudit - user=runner | ip=127.0.0.1 | op=GET_FILE_STATUS {volume=volume00092, bucket=bucket21980, key=.Trash/runner, dataSize=0, replicationConfig=null} | ret=FAILURE
org.apache.hadoop.ozone.om.exceptions.OMException: Unable to get file status: volume: volume00092 bucket: bucket21980 key: .Trash/runner
	at org.apache.hadoop.ozone.om.KeyManagerImpl.getOzoneFileStatus(KeyManagerImpl.java:1311) ~[ozone-manager-1.3.0-SNAPSHOT.jar:?]
	at org.apache.hadoop.ozone.om.KeyManagerImpl.getFileStatus(KeyManagerImpl.java:1241) ~[ozone-manager-1.3.0-SNAPSHOT.jar:?]
	at org.apache.hadoop.ozone.om.OzoneManager.getFileStatus(OzoneManager.java:3467) ~[ozone-manager-1.3.0-SNAPSHOT.jar:?]
	at org.apache.hadoop.ozone.protocolPB.OzoneManagerRequestHandler.getOzoneFileStatus(OzoneManagerRequestHandler.java:878) ~[ozone-manager-1.3.0-SNAPSHOT.jar:?]
	at org.apache.hadoop.ozone.protocolPB.OzoneManagerRequestHandler.handleReadRequest(OzoneManagerRequestHandler.java:224) ~[ozone-manager-1.3.0-SNAPSHOT.jar:?]
	at org.apache.hadoop.ozone.protocolPB.OzoneManagerProtocolServerSideTranslatorPB.submitRequestDirectlyToOM(OzoneManagerProtocolServerSideTranslatorPB.java:276) ~[ozone-manager-1.3.0-SNAPSHOT.jar:?]
	at org.apache.hadoop.ozone.protocolPB.OzoneManagerProtocolServerSideTranslatorPB.processRequest(OzoneManagerProtocolServerSideTranslatorPB.java:205) ~[ozone-manager-1.3.0-SNAPSHOT.jar:?]
	at org.apache.hadoop.hdds.server.OzoneProtocolMessageDispatcher.processRequest(OzoneProtocolMessageDispatcher.java:87) [hdds-server-framework-1.3.0-SNAPSHOT.jar:?]
	at org.apache.hadoop.ozone.protocolPB.OzoneManagerProtocolServerSideTranslatorPB.submitRequest(OzoneManagerProtocolServerSideTranslatorPB.java:147) [ozone-manager-1.3.0-SNAPSHOT.jar:?]
	at org.apache.hadoop.ozone.protocol.proto.OzoneManagerProtocolProtos$OzoneManagerService$2.callBlockingMethod(OzoneManagerProtocolProtos.java) [ozone-interface-client-1.3.0-SNAPSHOT.jar:?]
	at org.apache.hadoop.ipc.ProtobufRpcEngine$Server.processCall(ProtobufRpcEngine.java:466) [hadoop-common-3.3.1.jar:?]
	at org.apache.hadoop.ipc.ProtobufRpcEngine2$Server$ProtoBufRpcInvoker.call(ProtobufRpcEngine2.java:574) [hadoop-common-3.3.1.jar:?]
	at org.apache.hadoop.ipc.ProtobufRpcEngine2$Server$ProtoBufRpcInvoker.call(ProtobufRpcEngine2.java:552) [hadoop-common-3.3.1.jar:?]
	at org.apache.hadoop.ipc.RPC$Server.call(RPC.java:1093) [hadoop-common-3.3.1.jar:?]
	at org.apache.hadoop.ipc.Server$RpcCall.run(Server.java:1035) [hadoop-common-3.3.1.jar:?]
	at org.apache.hadoop.ipc.Server$RpcCall.run(Server.java:963) [hadoop-common-3.3.1.jar:?]
	at java.security.AccessController.doPrivileged(Native Method) ~[?:1.8.0_332]
	at javax.security.auth.Subject.doAs(Subject.java:422) [?:1.8.0_332]
	at org.apache.hadoop.security.UserGroupInformation.doAs(UserGroupInformation.java:1878) [hadoop-common-3.3.1.jar:?]
	at org.apache.hadoop.ipc.Server$Handler.run(Server.java:2966) [hadoop-common-3.3.1.jar:?]
13:54:12.585 [IPC Server handler 16 on default port 41147] ERROR OMAudit - user=runner | ip=127.0.0.1 | op=GET_FILE_STATUS {volume=3055ed78-6dd0-4543-b200-b160c7a8752b, bucket=54c4bc13-b4d8-4af8-ac90-01762a766fce, key=.Trash, dataSize=0, replicationConfig=null} | ret=FAILURE
org.apache.hadoop.ozone.om.exceptions.OMException: Unable to get file status: volume: 3055ed78-6dd0-4543-b200-b160c7a8752b bucket: 54c4bc13-b4d8-4af8-ac90-01762a766fce key: .Trash
	at org.apache.hadoop.ozone.om.KeyManagerImpl.getOzoneFileStatus(KeyManagerImpl.java:1311) ~[ozone-manager-1.3.0-SNAPSHOT.jar:?]
	at org.apache.hadoop.ozone.om.KeyManagerImpl.getFileStatus(KeyManagerImpl.java:1241) ~[ozone-manager-1.3.0-SNAPSHOT.jar:?]
	at org.apache.hadoop.ozone.om.OzoneManager.getFileStatus(OzoneManager.java:3467) ~[ozone-manager-1.3.0-SNAPSHOT.jar:?]
	at org.apache.hadoop.ozone.protocolPB.OzoneManagerRequestHandler.getOzoneFileStatus(OzoneManagerRequestHandler.java:878) ~[ozone-manager-1.3.0-SNAPSHOT.jar:?]
	at org.apache.hadoop.ozone.protocolPB.OzoneManagerRequestHandler.handleReadRequest(OzoneManagerRequestHandler.java:224) ~[ozone-manager-1.3.0-SNAPSHOT.jar:?]
	at org.apache.hadoop.ozone.protocolPB.OzoneManagerProtocolServerSideTranslatorPB.submitRequestDirectlyToOM(OzoneManagerProtocolServerSideTranslatorPB.java:276) ~[ozone-manager-1.3.0-SNAPSHOT.jar:?]
	at org.apache.hadoop.ozone.protocolPB.OzoneManagerProtocolServerSideTranslatorPB.processRequest(OzoneManagerProtocolServerSideTranslatorPB.java:205) ~[ozone-manager-1.3.0-SNAPSHOT.jar:?]
	at org.apache.hadoop.hdds.server.OzoneProtocolMessageDispatcher.processRequest(OzoneProtocolMessageDispatcher.java:87) [hdds-server-framework-1.3.0-SNAPSHOT.jar:?]
	at org.apache.hadoop.ozone.protocolPB.OzoneManagerProtocolServerSideTranslatorPB.submitRequest(OzoneManagerProtocolServerSideTranslatorPB.java:147) [ozone-manager-1.3.0-SNAPSHOT.jar:?]
	at org.apache.hadoop.ozone.protocol.proto.OzoneManagerProtocolProtos$OzoneManagerService$2.callBlockingMethod(OzoneManagerProtocolProtos.java) [ozone-interface-client-1.3.0-SNAPSHOT.jar:?]
	at org.apache.hadoop.ipc.ProtobufRpcEngine$Server.processCall(ProtobufRpcEngine.java:466) [hadoop-common-3.3.1.jar:?]
	at org.apache.hadoop.ipc.ProtobufRpcEngine2$Server$ProtoBufRpcInvoker.call(ProtobufRpcEngine2.java:574) [hadoop-common-3.3.1.jar:?]
	at org.apache.hadoop.ipc.ProtobufRpcEngine2$Server$ProtoBufRpcInvoker.call(ProtobufRpcEngine2.java:552) [hadoop-common-3.3.1.jar:?]
	at org.apache.hadoop.ipc.RPC$Server.call(RPC.java:1093) [hadoop-common-3.3.1.jar:?]
	at org.apache.hadoop.ipc.Server$RpcCall.run(Server.java:1035) [hadoop-common-3.3.1.jar:?]
	at org.apache.hadoop.ipc.Server$RpcCall.run(Server.java:963) [hadoop-common-3.3.1.jar:?]
	at java.security.AccessController.doPrivileged(Native Method) ~[?:1.8.0_332]
	at javax.security.auth.Subject.doAs(Subject.java:422) [?:1.8.0_332]
	at org.apache.hadoop.security.UserGroupInformation.doAs(UserGroupInformation.java:1878) [hadoop-common-3.3.1.jar:?]
	at org.apache.hadoop.ipc.Server$Handler.run(Server.java:2966) [hadoop-common-3.3.1.jar:?]
13:54:12.588 [IPC Server handler 0 on default port 41147] ERROR OMAudit - user=runner | ip=127.0.0.1 | op=GET_FILE_STATUS {volume=volume00092, bucket=bucket21980, key=.Trash, dataSize=0, replicationConfig=null} | ret=FAILURE
org.apache.hadoop.ozone.om.exceptions.OMException: Unable to get file status: volume: volume00092 bucket: bucket21980 key: .Trash
	at org.apache.hadoop.ozone.om.KeyManagerImpl.getOzoneFileStatus(KeyManagerImpl.java:1311) ~[ozone-manager-1.3.0-SNAPSHOT.jar:?]
	at org.apache.hadoop.ozone.om.KeyManagerImpl.getFileStatus(KeyManagerImpl.java:1241) ~[ozone-manager-1.3.0-SNAPSHOT.jar:?]
	at org.apache.hadoop.ozone.om.OzoneManager.getFileStatus(OzoneManager.java:3467) ~[ozone-manager-1.3.0-SNAPSHOT.jar:?]
	at org.apache.hadoop.ozone.protocolPB.OzoneManagerRequestHandler.getOzoneFileStatus(OzoneManagerRequestHandler.java:878) ~[ozone-manager-1.3.0-SNAPSHOT.jar:?]
	at org.apache.hadoop.ozone.protocolPB.OzoneManagerRequestHandler.handleReadRequest(OzoneManagerRequestHandler.java:224) ~[ozone-manager-1.3.0-SNAPSHOT.jar:?]
	at org.apache.hadoop.ozone.protocolPB.OzoneManagerProtocolServerSideTranslatorPB.submitRequestDirectlyToOM(OzoneManagerProtocolServerSideTranslatorPB.java:276) ~[ozone-manager-1.3.0-SNAPSHOT.jar:?]
	at org.apache.hadoop.ozone.protocolPB.OzoneManagerProtocolServerSideTranslatorPB.processRequest(OzoneManagerProtocolServerSideTranslatorPB.java:205) ~[ozone-manager-1.3.0-SNAPSHOT.jar:?]
	at org.apache.hadoop.hdds.server.OzoneProtocolMessageDispatcher.processRequest(OzoneProtocolMessageDispatcher.java:87) [hdds-server-framework-1.3.0-SNAPSHOT.jar:?]
	at org.apache.hadoop.ozone.protocolPB.OzoneManagerProtocolServerSideTranslatorPB.submitRequest(OzoneManagerProtocolServerSideTranslatorPB.java:147) [ozone-manager-1.3.0-SNAPSHOT.jar:?]
	at org.apache.hadoop.ozone.protocol.proto.OzoneManagerProtocolProtos$OzoneManagerService$2.callBlockingMethod(OzoneManagerProtocolProtos.java) [ozone-interface-client-1.3.0-SNAPSHOT.jar:?]
	at org.apache.hadoop.ipc.ProtobufRpcEngine$Server.processCall(ProtobufRpcEngine.java:466) [hadoop-common-3.3.1.jar:?]
	at org.apache.hadoop.ipc.ProtobufRpcEngine2$Server$ProtoBufRpcInvoker.call(ProtobufRpcEngine2.java:574) [hadoop-common-3.3.1.jar:?]
	at org.apache.hadoop.ipc.ProtobufRpcEngine2$Server$ProtoBufRpcInvoker.call(ProtobufRpcEngine2.java:552) [hadoop-common-3.3.1.jar:?]
	at org.apache.hadoop.ipc.RPC$Server.call(RPC.java:1093) [hadoop-common-3.3.1.jar:?]
	at org.apache.hadoop.ipc.Server$RpcCall.run(Server.java:1035) [hadoop-common-3.3.1.jar:?]
	at org.apache.hadoop.ipc.Server$RpcCall.run(Server.java:963) [hadoop-common-3.3.1.jar:?]
	at java.security.AccessController.doPrivileged(Native Method) ~[?:1.8.0_332]
	at javax.security.auth.Subject.doAs(Subject.java:422) [?:1.8.0_332]
	at org.apache.hadoop.security.UserGroupInformation.doAs(UserGroupInformation.java:1878) [hadoop-common-3.3.1.jar:?]
	at org.apache.hadoop.ipc.Server$Handler.run(Server.java:2966) [hadoop-common-3.3.1.jar:?]
13:54:12.619 [IPC Server handler 1 on default port 41147] ERROR OMAudit - user=runner | ip=127.0.0.1 | op=GET_FILE_STATUS {volume=3055ed78-6dd0-4543-b200-b160c7a8752b, bucket=54c4bc13-b4d8-4af8-ac90-01762a766fce, key=.Trash, dataSize=0, replicationConfig=null} | ret=FAILURE
org.apache.hadoop.ozone.om.exceptions.OMException: Unable to get file status: volume: 3055ed78-6dd0-4543-b200-b160c7a8752b bucket: 54c4bc13-b4d8-4af8-ac90-01762a766fce key: .Trash
	at org.apache.hadoop.ozone.om.KeyManagerImpl.getOzoneFileStatus(KeyManagerImpl.java:1311) ~[ozone-manager-1.3.0-SNAPSHOT.jar:?]
	at org.apache.hadoop.ozone.om.KeyManagerImpl.getFileStatus(KeyManagerImpl.java:1241) ~[ozone-manager-1.3.0-SNAPSHOT.jar:?]
	at org.apache.hadoop.ozone.om.OzoneManager.getFileStatus(OzoneManager.java:3467) ~[ozone-manager-1.3.0-SNAPSHOT.jar:?]
	at org.apache.hadoop.ozone.protocolPB.OzoneManagerRequestHandler.getOzoneFileStatus(OzoneManagerRequestHandler.java:878) ~[ozone-manager-1.3.0-SNAPSHOT.jar:?]
	at org.apache.hadoop.ozone.protocolPB.OzoneManagerRequestHandler.handleReadRequest(OzoneManagerRequestHandler.java:224) ~[ozone-manager-1.3.0-SNAPSHOT.jar:?]
	at org.apache.hadoop.ozone.protocolPB.OzoneManagerProtocolServerSideTranslatorPB.submitRequestDirectlyToOM(OzoneManagerProtocolServerSideTranslatorPB.java:276) ~[ozone-manager-1.3.0-SNAPSHOT.jar:?]
	at org.apache.hadoop.ozone.protocolPB.OzoneManagerProtocolServerSideTranslatorPB.processRequest(OzoneManagerProtocolServerSideTranslatorPB.java:205) ~[ozone-manager-1.3.0-SNAPSHOT.jar:?]
	at org.apache.hadoop.hdds.server.OzoneProtocolMessageDispatcher.processRequest(OzoneProtocolMessageDispatcher.java:87) [hdds-server-framework-1.3.0-SNAPSHOT.jar:?]
	at org.apache.hadoop.ozone.protocolPB.OzoneManagerProtocolServerSideTranslatorPB.submitRequest(OzoneManagerProtocolServerSideTranslatorPB.java:147) [ozone-manager-1.3.0-SNAPSHOT.jar:?]
	at org.apache.hadoop.ozone.protocol.proto.OzoneManagerProtocolProtos$OzoneManagerService$2.callBlockingMethod(OzoneManagerProtocolProtos.java) [ozone-interface-client-1.3.0-SNAPSHOT.jar:?]
	at org.apache.hadoop.ipc.ProtobufRpcEngine$Server.processCall(ProtobufRpcEngine.java:466) [hadoop-common-3.3.1.jar:?]
	at org.apache.hadoop.ipc.ProtobufRpcEngine2$Server$ProtoBufRpcInvoker.call(ProtobufRpcEngine2.java:574) [hadoop-common-3.3.1.jar:?]
	at org.apache.hadoop.ipc.ProtobufRpcEngine2$Server$ProtoBufRpcInvoker.call(ProtobufRpcEngine2.java:552) [hadoop-common-3.3.1.jar:?]
	at org.apache.hadoop.ipc.RPC$Server.call(RPC.java:1093) [hadoop-common-3.3.1.jar:?]
	at org.apache.hadoop.ipc.Server$RpcCall.run(Server.java:1035) [hadoop-common-3.3.1.jar:?]
	at org.apache.hadoop.ipc.Server$RpcCall.run(Server.java:963) [hadoop-common-3.3.1.jar:?]
	at java.security.AccessController.doPrivileged(Native Method) ~[?:1.8.0_332]
	at javax.security.auth.Subject.doAs(Subject.java:422) [?:1.8.0_332]
	at org.apache.hadoop.security.UserGroupInformation.doAs(UserGroupInformation.java:1878) [hadoop-common-3.3.1.jar:?]
	at org.apache.hadoop.ipc.Server$Handler.run(Server.java:2966) [hadoop-common-3.3.1.jar:?]
13:54:12.650 [IPC Server handler 9 on default port 41147] ERROR OMAudit - user=runner | ip=127.0.0.1 | op=GET_FILE_STATUS {volume=3055ed78-6dd0-4543-b200-b160c7a8752b, bucket=54c4bc13-b4d8-4af8-ac90-01762a766fce, key=.Trash, dataSize=0, replicationConfig=null} | ret=FAILURE
org.apache.hadoop.ozone.om.exceptions.OMException: Unable to get file status: volume: 3055ed78-6dd0-4543-b200-b160c7a8752b bucket: 54c4bc13-b4d8-4af8-ac90-01762a766fce key: .Trash
	at org.apache.hadoop.ozone.om.KeyManagerImpl.getOzoneFileStatus(KeyManagerImpl.java:1311) ~[ozone-manager-1.3.0-SNAPSHOT.jar:?]
	at org.apache.hadoop.ozone.om.KeyManagerImpl.getFileStatus(KeyManagerImpl.java:1241) ~[ozone-manager-1.3.0-SNAPSHOT.jar:?]
	at org.apache.hadoop.ozone.om.OzoneManager.getFileStatus(OzoneManager.java:3467) ~[ozone-manager-1.3.0-SNAPSHOT.jar:?]
	at org.apache.hadoop.ozone.protocolPB.OzoneManagerRequestHandler.getOzoneFileStatus(OzoneManagerRequestHandler.java:878) ~[ozone-manager-1.3.0-SNAPSHOT.jar:?]
	at org.apache.hadoop.ozone.protocolPB.OzoneManagerRequestHandler.handleReadRequest(OzoneManagerRequestHandler.java:224) ~[ozone-manager-1.3.0-SNAPSHOT.jar:?]
	at org.apache.hadoop.ozone.protocolPB.OzoneManagerProtocolServerSideTranslatorPB.submitRequestDirectlyToOM(OzoneManagerProtocolServerSideTranslatorPB.java:276) ~[ozone-manager-1.3.0-SNAPSHOT.jar:?]
	at org.apache.hadoop.ozone.protocolPB.OzoneManagerProtocolServerSideTranslatorPB.processRequest(OzoneManagerProtocolServerSideTranslatorPB.java:205) ~[ozone-manager-1.3.0-SNAPSHOT.jar:?]
	at org.apache.hadoop.hdds.server.OzoneProtocolMessageDispatcher.processRequest(OzoneProtocolMessageDispatcher.java:87) [hdds-server-framework-1.3.0-SNAPSHOT.jar:?]
	at org.apache.hadoop.ozone.protocolPB.OzoneManagerProtocolServerSideTranslatorPB.submitRequest(OzoneManagerProtocolServerSideTranslatorPB.java:147) [ozone-manager-1.3.0-SNAPSHOT.jar:?]
	at org.apache.hadoop.ozone.protocol.proto.OzoneManagerProtocolProtos$OzoneManagerService$2.callBlockingMethod(OzoneManagerProtocolProtos.java) [ozone-interface-client-1.3.0-SNAPSHOT.jar:?]
	at org.apache.hadoop.ipc.ProtobufRpcEngine$Server.processCall(ProtobufRpcEngine.java:466) [hadoop-common-3.3.1.jar:?]
	at org.apache.hadoop.ipc.ProtobufRpcEngine2$Server$ProtoBufRpcInvoker.call(ProtobufRpcEngine2.java:574) [hadoop-common-3.3.1.jar:?]
	at org.apache.hadoop.ipc.ProtobufRpcEngine2$Server$ProtoBufRpcInvoker.call(ProtobufRpcEngine2.java:552) [hadoop-common-3.3.1.jar:?]
	at org.apache.hadoop.ipc.RPC$Server.call(RPC.java:1093) [hadoop-common-3.3.1.jar:?]
	at org.apache.hadoop.ipc.Server$RpcCall.run(Server.java:1035) [hadoop-common-3.3.1.jar:?]
	at org.apache.hadoop.ipc.Server$RpcCall.run(Server.java:963) [hadoop-common-3.3.1.jar:?]
	at java.security.AccessController.doPrivileged(Native Method) ~[?:1.8.0_332]
	at javax.security.auth.Subject.doAs(Subject.java:422) [?:1.8.0_332]
	at org.apache.hadoop.security.UserGroupInformation.doAs(UserGroupInformation.java:1878) [hadoop-common-3.3.1.jar:?]
	at org.apache.hadoop.ipc.Server$Handler.run(Server.java:2966) [hadoop-common-3.3.1.jar:?]
2022-07-27 13:54:12,656 [Time-limited test] INFO  rpc.RpcClient (RpcClient.java:createBucket(670)) - Creating Bucket: volume00092/trashroottest2, with bucket layout LEGACY, runner as owner, Versioning false, Storage Type set to DISK and Encryption set to false 
2022-07-27 13:54:12,659 [IPC Server handler 18 on default port 41147] INFO  bucket.OMBucketCreateRequest (OMBucketCreateRequest.java:validateAndUpdateCache(260)) - created bucket: trashroottest2 of layout LEGACY in volume: volume00092
13:54:12.914 [IPC Server handler 19 on default port 41147] ERROR OMAudit - user=runner | ip=127.0.0.1 | op=GET_FILE_STATUS {volume=3055ed78-6dd0-4543-b200-b160c7a8752b, bucket=54c4bc13-b4d8-4af8-ac90-01762a766fce, key=.Trash, dataSize=0, replicationConfig=null} | ret=FAILURE
org.apache.hadoop.ozone.om.exceptions.OMException: Unable to get file status: volume: 3055ed78-6dd0-4543-b200-b160c7a8752b bucket: 54c4bc13-b4d8-4af8-ac90-01762a766fce key: .Trash
	at org.apache.hadoop.ozone.om.KeyManagerImpl.getOzoneFileStatus(KeyManagerImpl.java:1311) ~[ozone-manager-1.3.0-SNAPSHOT.jar:?]
	at org.apache.hadoop.ozone.om.KeyManagerImpl.getFileStatus(KeyManagerImpl.java:1241) ~[ozone-manager-1.3.0-SNAPSHOT.jar:?]
	at org.apache.hadoop.ozone.om.OzoneManager.getFileStatus(OzoneManager.java:3467) ~[ozone-manager-1.3.0-SNAPSHOT.jar:?]
	at org.apache.hadoop.ozone.protocolPB.OzoneManagerRequestHandler.getOzoneFileStatus(OzoneManagerRequestHandler.java:878) ~[ozone-manager-1.3.0-SNAPSHOT.jar:?]
	at org.apache.hadoop.ozone.protocolPB.OzoneManagerRequestHandler.handleReadRequest(OzoneManagerRequestHandler.java:224) ~[ozone-manager-1.3.0-SNAPSHOT.jar:?]
	at org.apache.hadoop.ozone.protocolPB.OzoneManagerProtocolServerSideTranslatorPB.submitRequestDirectlyToOM(OzoneManagerProtocolServerSideTranslatorPB.java:276) ~[ozone-manager-1.3.0-SNAPSHOT.jar:?]
	at org.apache.hadoop.ozone.protocolPB.OzoneManagerProtocolServerSideTranslatorPB.processRequest(OzoneManagerProtocolServerSideTranslatorPB.java:205) ~[ozone-manager-1.3.0-SNAPSHOT.jar:?]
	at org.apache.hadoop.hdds.server.OzoneProtocolMessageDispatcher.processRequest(OzoneProtocolMessageDispatcher.java:87) [hdds-server-framework-1.3.0-SNAPSHOT.jar:?]
	at org.apache.hadoop.ozone.protocolPB.OzoneManagerProtocolServerSideTranslatorPB.submitRequest(OzoneManagerProtocolServerSideTranslatorPB.java:147) [ozone-manager-1.3.0-SNAPSHOT.jar:?]
	at org.apache.hadoop.ozone.protocol.proto.OzoneManagerProtocolProtos$OzoneManagerService$2.callBlockingMethod(OzoneManagerProtocolProtos.java) [ozone-interface-client-1.3.0-SNAPSHOT.jar:?]
	at org.apache.hadoop.ipc.ProtobufRpcEngine$Server.processCall(ProtobufRpcEngine.java:466) [hadoop-common-3.3.1.jar:?]
	at org.apache.hadoop.ipc.ProtobufRpcEngine2$Server$ProtoBufRpcInvoker.call(ProtobufRpcEngine2.java:574) [hadoop-common-3.3.1.jar:?]
	at org.apache.hadoop.ipc.ProtobufRpcEngine2$Server$ProtoBufRpcInvoker.call(ProtobufRpcEngine2.java:552) [hadoop-common-3.3.1.jar:?]
	at org.apache.hadoop.ipc.RPC$Server.call(RPC.java:1093) [hadoop-common-3.3.1.jar:?]
	at org.apache.hadoop.ipc.Server$RpcCall.run(Server.java:1035) [hadoop-common-3.3.1.jar:?]
	at org.apache.hadoop.ipc.Server$RpcCall.run(Server.java:963) [hadoop-common-3.3.1.jar:?]
	at java.security.AccessController.doPrivileged(Native Method) ~[?:1.8.0_332]
	at javax.security.auth.Subject.doAs(Subject.java:422) [?:1.8.0_332]
	at org.apache.hadoop.security.UserGroupInformation.doAs(UserGroupInformation.java:1878) [hadoop-common-3.3.1.jar:?]
	at org.apache.hadoop.ipc.Server$Handler.run(Server.java:2966) [hadoop-common-3.3.1.jar:?]
13:54:12.979 [IPC Server handler 5 on default port 41147] ERROR OMAudit - user=runner | ip=127.0.0.1 | op=GET_FILE_STATUS {volume=3055ed78-6dd0-4543-b200-b160c7a8752b, bucket=54c4bc13-b4d8-4af8-ac90-01762a766fce, key=.Trash, dataSize=0, replicationConfig=null} | ret=FAILURE
org.apache.hadoop.ozone.om.exceptions.OMException: Unable to get file status: volume: 3055ed78-6dd0-4543-b200-b160c7a8752b bucket: 54c4bc13-b4d8-4af8-ac90-01762a766fce key: .Trash
	at org.apache.hadoop.ozone.om.KeyManagerImpl.getOzoneFileStatus(KeyManagerImpl.java:1311) ~[ozone-manager-1.3.0-SNAPSHOT.jar:?]
	at org.apache.hadoop.ozone.om.KeyManagerImpl.getFileStatus(KeyManagerImpl.java:1241) ~[ozone-manager-1.3.0-SNAPSHOT.jar:?]
	at org.apache.hadoop.ozone.om.OzoneManager.getFileStatus(OzoneManager.java:3467) ~[ozone-manager-1.3.0-SNAPSHOT.jar:?]
	at org.apache.hadoop.ozone.protocolPB.OzoneManagerRequestHandler.getOzoneFileStatus(OzoneManagerRequestHandler.java:878) ~[ozone-manager-1.3.0-SNAPSHOT.jar:?]
	at org.apache.hadoop.ozone.protocolPB.OzoneManagerRequestHandler.handleReadRequest(OzoneManagerRequestHandler.java:224) ~[ozone-manager-1.3.0-SNAPSHOT.jar:?]
	at org.apache.hadoop.ozone.protocolPB.OzoneManagerProtocolServerSideTranslatorPB.submitRequestDirectlyToOM(OzoneManagerProtocolServerSideTranslatorPB.java:276) ~[ozone-manager-1.3.0-SNAPSHOT.jar:?]
	at org.apache.hadoop.ozone.protocolPB.OzoneManagerProtocolServerSideTranslatorPB.processRequest(OzoneManagerProtocolServerSideTranslatorPB.java:205) ~[ozone-manager-1.3.0-SNAPSHOT.jar:?]
	at org.apache.hadoop.hdds.server.OzoneProtocolMessageDispatcher.processRequest(OzoneProtocolMessageDispatcher.java:87) [hdds-server-framework-1.3.0-SNAPSHOT.jar:?]
	at org.apache.hadoop.ozone.protocolPB.OzoneManagerProtocolServerSideTranslatorPB.submitRequest(OzoneManagerProtocolServerSideTranslatorPB.java:147) [ozone-manager-1.3.0-SNAPSHOT.jar:?]
	at org.apache.hadoop.ozone.protocol.proto.OzoneManagerProtocolProtos$OzoneManagerService$2.callBlockingMethod(OzoneManagerProtocolProtos.java) [ozone-interface-client-1.3.0-SNAPSHOT.jar:?]
	at org.apache.hadoop.ipc.ProtobufRpcEngine$Server.processCall(ProtobufRpcEngine.java:466) [hadoop-common-3.3.1.jar:?]
	at org.apache.hadoop.ipc.ProtobufRpcEngine2$Server$ProtoBufRpcInvoker.call(ProtobufRpcEngine2.java:574) [hadoop-common-3.3.1.jar:?]
	at org.apache.hadoop.ipc.ProtobufRpcEngine2$Server$ProtoBufRpcInvoker.call(ProtobufRpcEngine2.java:552) [hadoop-common-3.3.1.jar:?]
	at org.apache.hadoop.ipc.RPC$Server.call(RPC.java:1093) [hadoop-common-3.3.1.jar:?]
	at org.apache.hadoop.ipc.Server$RpcCall.run(Server.java:1035) [hadoop-common-3.3.1.jar:?]
	at org.apache.hadoop.ipc.Server$RpcCall.run(Server.java:963) [hadoop-common-3.3.1.jar:?]
	at java.security.AccessController.doPrivileged(Native Method) ~[?:1.8.0_332]
	at javax.security.auth.Subject.doAs(Subject.java:422) [?:1.8.0_332]
	at org.apache.hadoop.security.UserGroupInformation.doAs(UserGroupInformation.java:1878) [hadoop-common-3.3.1.jar:?]
	at org.apache.hadoop.ipc.Server$Handler.run(Server.java:2966) [hadoop-common-3.3.1.jar:?]
2022-07-27 13:54:13,232 [Time-limited test] INFO  rpc.RpcClient (RpcClient.java:createVolume(467)) - Creating Volume: volume58194, with user85204 as owner and space quota set to -1 bytes, counts quota set to -1
2022-07-27 13:54:13,233 [IPC Server handler 4 on default port 41147] INFO  volume.OMVolumeCreateRequest (OMVolumeCreateRequest.java:validateAndUpdateCache(195)) - created volume:volume58194 for user:user85204
2022-07-27 13:54:13,233 [Time-limited test] INFO  rpc.RpcClient (RpcClient.java:createBucket(670)) - Creating Bucket: volume58194/bucket99371, with bucket layout LEGACY, runner as owner, Versioning false, Storage Type set to DISK and Encryption set to false 
2022-07-27 13:54:13,234 [IPC Server handler 2 on default port 41147] INFO  bucket.OMBucketCreateRequest (OMBucketCreateRequest.java:validateAndUpdateCache(260)) - created bucket: bucket99371 of layout LEGACY in volume: volume58194
13:54:13.312 [IPC Server handler 8 on default port 41147] ERROR OMAudit - user=runner | ip=127.0.0.1 | op=GET_FILE_STATUS {volume=3055ed78-6dd0-4543-b200-b160c7a8752b, bucket=54c4bc13-b4d8-4af8-ac90-01762a766fce, key=.Trash, dataSize=0, replicationConfig=null} | ret=FAILURE
org.apache.hadoop.ozone.om.exceptions.OMException: Unable to get file status: volume: 3055ed78-6dd0-4543-b200-b160c7a8752b bucket: 54c4bc13-b4d8-4af8-ac90-01762a766fce key: .Trash
	at org.apache.hadoop.ozone.om.KeyManagerImpl.getOzoneFileStatus(KeyManagerImpl.java:1311) ~[ozone-manager-1.3.0-SNAPSHOT.jar:?]
	at org.apache.hadoop.ozone.om.KeyManagerImpl.getFileStatus(KeyManagerImpl.java:1241) ~[ozone-manager-1.3.0-SNAPSHOT.jar:?]
	at org.apache.hadoop.ozone.om.OzoneManager.getFileStatus(OzoneManager.java:3467) ~[ozone-manager-1.3.0-SNAPSHOT.jar:?]
	at org.apache.hadoop.ozone.protocolPB.OzoneManagerRequestHandler.getOzoneFileStatus(OzoneManagerRequestHandler.java:878) ~[ozone-manager-1.3.0-SNAPSHOT.jar:?]
	at org.apache.hadoop.ozone.protocolPB.OzoneManagerRequestHandler.handleReadRequest(OzoneManagerRequestHandler.java:224) ~[ozone-manager-1.3.0-SNAPSHOT.jar:?]
	at org.apache.hadoop.ozone.protocolPB.OzoneManagerProtocolServerSideTranslatorPB.submitRequestDirectlyToOM(OzoneManagerProtocolServerSideTranslatorPB.java:276) ~[ozone-manager-1.3.0-SNAPSHOT.jar:?]
	at org.apache.hadoop.ozone.protocolPB.OzoneManagerProtocolServerSideTranslatorPB.processRequest(OzoneManagerProtocolServerSideTranslatorPB.java:205) ~[ozone-manager-1.3.0-SNAPSHOT.jar:?]
	at org.apache.hadoop.hdds.server.OzoneProtocolMessageDispatcher.processRequest(OzoneProtocolMessageDispatcher.java:87) [hdds-server-framework-1.3.0-SNAPSHOT.jar:?]
	at org.apache.hadoop.ozone.protocolPB.OzoneManagerProtocolServerSideTranslatorPB.submitRequest(OzoneManagerProtocolServerSideTranslatorPB.java:147) [ozone-manager-1.3.0-SNAPSHOT.jar:?]
	at org.apache.hadoop.ozone.protocol.proto.OzoneManagerProtocolProtos$OzoneManagerService$2.callBlockingMethod(OzoneManagerProtocolProtos.java) [ozone-interface-client-1.3.0-SNAPSHOT.jar:?]
	at org.apache.hadoop.ipc.ProtobufRpcEngine$Server.processCall(ProtobufRpcEngine.java:466) [hadoop-common-3.3.1.jar:?]
	at org.apache.hadoop.ipc.ProtobufRpcEngine2$Server$ProtoBufRpcInvoker.call(ProtobufRpcEngine2.java:574) [hadoop-common-3.3.1.jar:?]
	at org.apache.hadoop.ipc.ProtobufRpcEngine2$Server$ProtoBufRpcInvoker.call(ProtobufRpcEngine2.java:552) [hadoop-common-3.3.1.jar:?]
	at org.apache.hadoop.ipc.RPC$Server.call(RPC.java:1093) [hadoop-common-3.3.1.jar:?]
	at org.apache.hadoop.ipc.Server$RpcCall.run(Server.java:1035) [hadoop-common-3.3.1.jar:?]
	at org.apache.hadoop.ipc.Server$RpcCall.run(Server.java:963) [hadoop-common-3.3.1.jar:?]
	at java.security.AccessController.doPrivileged(Native Method) ~[?:1.8.0_332]
	at javax.security.auth.Subject.doAs(Subject.java:422) [?:1.8.0_332]
	at org.apache.hadoop.security.UserGroupInformation.doAs(UserGroupInformation.java:1878) [hadoop-common-3.3.1.jar:?]
	at org.apache.hadoop.ipc.Server$Handler.run(Server.java:2966) [hadoop-common-3.3.1.jar:?]
13:54:13.415 [IPC Server handler 10 on default port 41147] ERROR OMAudit - user=runner | ip=127.0.0.1 | op=GET_FILE_STATUS {volume=3055ed78-6dd0-4543-b200-b160c7a8752b, bucket=54c4bc13-b4d8-4af8-ac90-01762a766fce, key=.Trash, dataSize=0, replicationConfig=null} | ret=FAILURE
org.apache.hadoop.ozone.om.exceptions.OMException: Unable to get file status: volume: 3055ed78-6dd0-4543-b200-b160c7a8752b bucket: 54c4bc13-b4d8-4af8-ac90-01762a766fce key: .Trash
	at org.apache.hadoop.ozone.om.KeyManagerImpl.getOzoneFileStatus(KeyManagerImpl.java:1311) ~[ozone-manager-1.3.0-SNAPSHOT.jar:?]
	at org.apache.hadoop.ozone.om.KeyManagerImpl.getFileStatus(KeyManagerImpl.java:1241) ~[ozone-manager-1.3.0-SNAPSHOT.jar:?]
	at org.apache.hadoop.ozone.om.OzoneManager.getFileStatus(OzoneManager.java:3467) ~[ozone-manager-1.3.0-SNAPSHOT.jar:?]
	at org.apache.hadoop.ozone.protocolPB.OzoneManagerRequestHandler.getOzoneFileStatus(OzoneManagerRequestHandler.java:878) ~[ozone-manager-1.3.0-SNAPSHOT.jar:?]
	at org.apache.hadoop.ozone.protocolPB.OzoneManagerRequestHandler.handleReadRequest(OzoneManagerRequestHandler.java:224) ~[ozone-manager-1.3.0-SNAPSHOT.jar:?]
	at org.apache.hadoop.ozone.protocolPB.OzoneManagerProtocolServerSideTranslatorPB.submitRequestDirectlyToOM(OzoneManagerProtocolServerSideTranslatorPB.java:276) ~[ozone-manager-1.3.0-SNAPSHOT.jar:?]
	at org.apache.hadoop.ozone.protocolPB.OzoneManagerProtocolServerSideTranslatorPB.processRequest(OzoneManagerProtocolServerSideTranslatorPB.java:205) ~[ozone-manager-1.3.0-SNAPSHOT.jar:?]
	at org.apache.hadoop.hdds.server.OzoneProtocolMessageDispatcher.processRequest(OzoneProtocolMessageDispatcher.java:87) [hdds-server-framework-1.3.0-SNAPSHOT.jar:?]
	at org.apache.hadoop.ozone.protocolPB.OzoneManagerProtocolServerSideTranslatorPB.submitRequest(OzoneManagerProtocolServerSideTranslatorPB.java:147) [ozone-manager-1.3.0-SNAPSHOT.jar:?]
	at org.apache.hadoop.ozone.protocol.proto.OzoneManagerProtocolProtos$OzoneManagerService$2.callBlockingMethod(OzoneManagerProtocolProtos.java) [ozone-interface-client-1.3.0-SNAPSHOT.jar:?]
	at org.apache.hadoop.ipc.ProtobufRpcEngine$Server.processCall(ProtobufRpcEngine.java:466) [hadoop-common-3.3.1.jar:?]
	at org.apache.hadoop.ipc.ProtobufRpcEngine2$Server$ProtoBufRpcInvoker.call(ProtobufRpcEngine2.java:574) [hadoop-common-3.3.1.jar:?]
	at org.apache.hadoop.ipc.ProtobufRpcEngine2$Server$ProtoBufRpcInvoker.call(ProtobufRpcEngine2.java:552) [hadoop-common-3.3.1.jar:?]
	at org.apache.hadoop.ipc.RPC$Server.call(RPC.java:1093) [hadoop-common-3.3.1.jar:?]
	at org.apache.hadoop.ipc.Server$RpcCall.run(Server.java:1035) [hadoop-common-3.3.1.jar:?]
	at org.apache.hadoop.ipc.Server$RpcCall.run(Server.java:963) [hadoop-common-3.3.1.jar:?]
	at java.security.AccessController.doPrivileged(Native Method) ~[?:1.8.0_332]
	at javax.security.auth.Subject.doAs(Subject.java:422) [?:1.8.0_332]
	at org.apache.hadoop.security.UserGroupInformation.doAs(UserGroupInformation.java:1878) [hadoop-common-3.3.1.jar:?]
	at org.apache.hadoop.ipc.Server$Handler.run(Server.java:2966) [hadoop-common-3.3.1.jar:?]
13:54:13.461 [IPC Server handler 10 on default port 41147] ERROR OMAudit - user=runner | ip=127.0.0.1 | op=GET_FILE_STATUS {volume=volume58194, bucket=bucket99371, key=.Trash/runner, dataSize=0, replicationConfig=null} | ret=FAILURE
org.apache.hadoop.ozone.om.exceptions.OMException: Unable to get file status: volume: volume58194 bucket: bucket99371 key: .Trash/runner
	at org.apache.hadoop.ozone.om.KeyManagerImpl.getOzoneFileStatus(KeyManagerImpl.java:1311) ~[ozone-manager-1.3.0-SNAPSHOT.jar:?]
	at org.apache.hadoop.ozone.om.KeyManagerImpl.getFileStatus(KeyManagerImpl.java:1241) ~[ozone-manager-1.3.0-SNAPSHOT.jar:?]
	at org.apache.hadoop.ozone.om.OzoneManager.getFileStatus(OzoneManager.java:3467) ~[ozone-manager-1.3.0-SNAPSHOT.jar:?]
	at org.apache.hadoop.ozone.protocolPB.OzoneManagerRequestHandler.getOzoneFileStatus(OzoneManagerRequestHandler.java:878) ~[ozone-manager-1.3.0-SNAPSHOT.jar:?]
	at org.apache.hadoop.ozone.protocolPB.OzoneManagerRequestHandler.handleReadRequest(OzoneManagerRequestHandler.java:224) ~[ozone-manager-1.3.0-SNAPSHOT.jar:?]
	at org.apache.hadoop.ozone.protocolPB.OzoneManagerProtocolServerSideTranslatorPB.submitRequestDirectlyToOM(OzoneManagerProtocolServerSideTranslatorPB.java:276) ~[ozone-manager-1.3.0-SNAPSHOT.jar:?]
	at org.apache.hadoop.ozone.protocolPB.OzoneManagerProtocolServerSideTranslatorPB.processRequest(OzoneManagerProtocolServerSideTranslatorPB.java:205) ~[ozone-manager-1.3.0-SNAPSHOT.jar:?]
	at org.apache.hadoop.hdds.server.OzoneProtocolMessageDispatcher.processRequest(OzoneProtocolMessageDispatcher.java:87) [hdds-server-framework-1.3.0-SNAPSHOT.jar:?]
	at org.apache.hadoop.ozone.protocolPB.OzoneManagerProtocolServerSideTranslatorPB.submitRequest(OzoneManagerProtocolServerSideTranslatorPB.java:147) [ozone-manager-1.3.0-SNAPSHOT.jar:?]
	at org.apache.hadoop.ozone.protocol.proto.OzoneManagerProtocolProtos$OzoneManagerService$2.callBlockingMethod(OzoneManagerProtocolProtos.java) [ozone-interface-client-1.3.0-SNAPSHOT.jar:?]
	at org.apache.hadoop.ipc.ProtobufRpcEngine$Server.processCall(ProtobufRpcEngine.java:466) [hadoop-common-3.3.1.jar:?]
	at org.apache.hadoop.ipc.ProtobufRpcEngine2$Server$ProtoBufRpcInvoker.call(ProtobufRpcEngine2.java:574) [hadoop-common-3.3.1.jar:?]
	at org.apache.hadoop.ipc.ProtobufRpcEngine2$Server$ProtoBufRpcInvoker.call(ProtobufRpcEngine2.java:552) [hadoop-common-3.3.1.jar:?]
	at org.apache.hadoop.ipc.RPC$Server.call(RPC.java:1093) [hadoop-common-3.3.1.jar:?]
	at org.apache.hadoop.ipc.Server$RpcCall.run(Server.java:1035) [hadoop-common-3.3.1.jar:?]
	at org.apache.hadoop.ipc.Server$RpcCall.run(Server.java:963) [hadoop-common-3.3.1.jar:?]
	at java.security.AccessController.doPrivileged(Native Method) ~[?:1.8.0_332]
	at javax.security.auth.Subject.doAs(Subject.java:422) [?:1.8.0_332]
	at org.apache.hadoop.security.UserGroupInformation.doAs(UserGroupInformation.java:1878) [hadoop-common-3.3.1.jar:?]
	at org.apache.hadoop.ipc.Server$Handler.run(Server.java:2966) [hadoop-common-3.3.1.jar:?]
13:54:13.463 [IPC Server handler 4 on default port 41147] ERROR OMAudit - user=runner | ip=127.0.0.1 | op=GET_FILE_STATUS {volume=3055ed78-6dd0-4543-b200-b160c7a8752b, bucket=54c4bc13-b4d8-4af8-ac90-01762a766fce, key=.Trash, dataSize=0, replicationConfig=null} | ret=FAILURE
org.apache.hadoop.ozone.om.exceptions.OMException: Unable to get file status: volume: 3055ed78-6dd0-4543-b200-b160c7a8752b bucket: 54c4bc13-b4d8-4af8-ac90-01762a766fce key: .Trash
	at org.apache.hadoop.ozone.om.KeyManagerImpl.getOzoneFileStatus(KeyManagerImpl.java:1311) ~[ozone-manager-1.3.0-SNAPSHOT.jar:?]
	at org.apache.hadoop.ozone.om.KeyManagerImpl.getFileStatus(KeyManagerImpl.java:1241) ~[ozone-manager-1.3.0-SNAPSHOT.jar:?]
	at org.apache.hadoop.ozone.om.OzoneManager.getFileStatus(OzoneManager.java:3467) ~[ozone-manager-1.3.0-SNAPSHOT.jar:?]
	at org.apache.hadoop.ozone.protocolPB.OzoneManagerRequestHandler.getOzoneFileStatus(OzoneManagerRequestHandler.java:878) ~[ozone-manager-1.3.0-SNAPSHOT.jar:?]
	at org.apache.hadoop.ozone.protocolPB.OzoneManagerRequestHandler.handleReadRequest(OzoneManagerRequestHandler.java:224) ~[ozone-manager-1.3.0-SNAPSHOT.jar:?]
	at org.apache.hadoop.ozone.protocolPB.OzoneManagerProtocolServerSideTranslatorPB.submitRequestDirectlyToOM(OzoneManagerProtocolServerSideTranslatorPB.java:276) ~[ozone-manager-1.3.0-SNAPSHOT.jar:?]
	at org.apache.hadoop.ozone.protocolPB.OzoneManagerProtocolServerSideTranslatorPB.processRequest(OzoneManagerProtocolServerSideTranslatorPB.java:205) ~[ozone-manager-1.3.0-SNAPSHOT.jar:?]
	at org.apache.hadoop.hdds.server.OzoneProtocolMessageDispatcher.processRequest(OzoneProtocolMessageDispatcher.java:87) [hdds-server-framework-1.3.0-SNAPSHOT.jar:?]
	at org.apache.hadoop.ozone.protocolPB.OzoneManagerProtocolServerSideTranslatorPB.submitRequest(OzoneManagerProtocolServerSideTranslatorPB.java:147) [ozone-manager-1.3.0-SNAPSHOT.jar:?]
	at org.apache.hadoop.ozone.protocol.proto.OzoneManagerProtocolProtos$OzoneManagerService$2.callBlockingMethod(OzoneManagerProtocolProtos.java) [ozone-interface-client-1.3.0-SNAPSHOT.jar:?]
	at org.apache.hadoop.ipc.ProtobufRpcEngine$Server.processCall(ProtobufRpcEngine.java:466) [hadoop-common-3.3.1.jar:?]
	at org.apache.hadoop.ipc.ProtobufRpcEngine2$Server$ProtoBufRpcInvoker.call(ProtobufRpcEngine2.java:574) [hadoop-common-3.3.1.jar:?]
	at org.apache.hadoop.ipc.ProtobufRpcEngine2$Server$ProtoBufRpcInvoker.call(ProtobufRpcEngine2.java:552) [hadoop-common-3.3.1.jar:?]
	at org.apache.hadoop.ipc.RPC$Server.call(RPC.java:1093) [hadoop-common-3.3.1.jar:?]
	at org.apache.hadoop.ipc.Server$RpcCall.run(Server.java:1035) [hadoop-common-3.3.1.jar:?]
	at org.apache.hadoop.ipc.Server$RpcCall.run(Server.java:963) [hadoop-common-3.3.1.jar:?]
	at java.security.AccessController.doPrivileged(Native Method) ~[?:1.8.0_332]
	at javax.security.auth.Subject.doAs(Subject.java:422) [?:1.8.0_332]
	at org.apache.hadoop.security.UserGroupInformation.doAs(UserGroupInformation.java:1878) [hadoop-common-3.3.1.jar:?]
	at org.apache.hadoop.ipc.Server$Handler.run(Server.java:2966) [hadoop-common-3.3.1.jar:?]
13:54:13.470 [IPC Server handler 3 on default port 41147] ERROR OMAudit - user=runner | ip=127.0.0.1 | op=GET_FILE_STATUS {volume=volume58194, bucket=bucket99371, key=.Trash, dataSize=0, replicationConfig=null} | ret=FAILURE
org.apache.hadoop.ozone.om.exceptions.OMException: Unable to get file status: volume: volume58194 bucket: bucket99371 key: .Trash
	at org.apache.hadoop.ozone.om.KeyManagerImpl.getOzoneFileStatus(KeyManagerImpl.java:1311) ~[ozone-manager-1.3.0-SNAPSHOT.jar:?]
	at org.apache.hadoop.ozone.om.KeyManagerImpl.getFileStatus(KeyManagerImpl.java:1241) ~[ozone-manager-1.3.0-SNAPSHOT.jar:?]
	at org.apache.hadoop.ozone.om.OzoneManager.getFileStatus(OzoneManager.java:3467) ~[ozone-manager-1.3.0-SNAPSHOT.jar:?]
	at org.apache.hadoop.ozone.protocolPB.OzoneManagerRequestHandler.getOzoneFileStatus(OzoneManagerRequestHandler.java:878) ~[ozone-manager-1.3.0-SNAPSHOT.jar:?]
	at org.apache.hadoop.ozone.protocolPB.OzoneManagerRequestHandler.handleReadRequest(OzoneManagerRequestHandler.java:224) ~[ozone-manager-1.3.0-SNAPSHOT.jar:?]
	at org.apache.hadoop.ozone.protocolPB.OzoneManagerProtocolServerSideTranslatorPB.submitRequestDirectlyToOM(OzoneManagerProtocolServerSideTranslatorPB.java:276) ~[ozone-manager-1.3.0-SNAPSHOT.jar:?]
	at org.apache.hadoop.ozone.protocolPB.OzoneManagerProtocolServerSideTranslatorPB.processRequest(OzoneManagerProtocolServerSideTranslatorPB.java:205) ~[ozone-manager-1.3.0-SNAPSHOT.jar:?]
	at org.apache.hadoop.hdds.server.OzoneProtocolMessageDispatcher.processRequest(OzoneProtocolMessageDispatcher.java:87) [hdds-server-framework-1.3.0-SNAPSHOT.jar:?]
	at org.apache.hadoop.ozone.protocolPB.OzoneManagerProtocolServerSideTranslatorPB.submitRequest(OzoneManagerProtocolServerSideTranslatorPB.java:147) [ozone-manager-1.3.0-SNAPSHOT.jar:?]
	at org.apache.hadoop.ozone.protocol.proto.OzoneManagerProtocolProtos$OzoneManagerService$2.callBlockingMethod(OzoneManagerProtocolProtos.java) [ozone-interface-client-1.3.0-SNAPSHOT.jar:?]
	at org.apache.hadoop.ipc.ProtobufRpcEngine$Server.processCall(ProtobufRpcEngine.java:466) [hadoop-common-3.3.1.jar:?]
	at org.apache.hadoop.ipc.ProtobufRpcEngine2$Server$ProtoBufRpcInvoker.call(ProtobufRpcEngine2.java:574) [hadoop-common-3.3.1.jar:?]
	at org.apache.hadoop.ipc.ProtobufRpcEngine2$Server$ProtoBufRpcInvoker.call(ProtobufRpcEngine2.java:552) [hadoop-common-3.3.1.jar:?]
	at org.apache.hadoop.ipc.RPC$Server.call(RPC.java:1093) [hadoop-common-3.3.1.jar:?]
	at org.apache.hadoop.ipc.Server$RpcCall.run(Server.java:1035) [hadoop-common-3.3.1.jar:?]
	at org.apache.hadoop.ipc.Server$RpcCall.run(Server.java:963) [hadoop-common-3.3.1.jar:?]
	at java.security.AccessController.doPrivileged(Native Method) ~[?:1.8.0_332]
	at javax.security.auth.Subject.doAs(Subject.java:422) [?:1.8.0_332]
	at org.apache.hadoop.security.UserGroupInformation.doAs(UserGroupInformation.java:1878) [hadoop-common-3.3.1.jar:?]
	at org.apache.hadoop.ipc.Server$Handler.run(Server.java:2966) [hadoop-common-3.3.1.jar:?]
13:54:13.480 [IPC Server handler 13 on default port 41147] ERROR OMAudit - user=runner | ip=127.0.0.1 | op=GET_FILE_STATUS {volume=volume00092, bucket=trashroottest2, key=.Trash/runner, dataSize=0, replicationConfig=null} | ret=FAILURE
org.apache.hadoop.ozone.om.exceptions.OMException: Unable to get file status: volume: volume00092 bucket: trashroottest2 key: .Trash/runner
	at org.apache.hadoop.ozone.om.KeyManagerImpl.getOzoneFileStatus(KeyManagerImpl.java:1311) ~[ozone-manager-1.3.0-SNAPSHOT.jar:?]
	at org.apache.hadoop.ozone.om.KeyManagerImpl.getFileStatus(KeyManagerImpl.java:1241) ~[ozone-manager-1.3.0-SNAPSHOT.jar:?]
	at org.apache.hadoop.ozone.om.OzoneManager.getFileStatus(OzoneManager.java:3467) ~[ozone-manager-1.3.0-SNAPSHOT.jar:?]
	at org.apache.hadoop.ozone.protocolPB.OzoneManagerRequestHandler.getOzoneFileStatus(OzoneManagerRequestHandler.java:878) ~[ozone-manager-1.3.0-SNAPSHOT.jar:?]
	at org.apache.hadoop.ozone.protocolPB.OzoneManagerRequestHandler.handleReadRequest(OzoneManagerRequestHandler.java:224) ~[ozone-manager-1.3.0-SNAPSHOT.jar:?]
	at org.apache.hadoop.ozone.protocolPB.OzoneManagerProtocolServerSideTranslatorPB.submitRequestDirectlyToOM(OzoneManagerProtocolServerSideTranslatorPB.java:276) ~[ozone-manager-1.3.0-SNAPSHOT.jar:?]
	at org.apache.hadoop.ozone.protocolPB.OzoneManagerProtocolServerSideTranslatorPB.processRequest(OzoneManagerProtocolServerSideTranslatorPB.java:205) ~[ozone-manager-1.3.0-SNAPSHOT.jar:?]
	at org.apache.hadoop.hdds.server.OzoneProtocolMessageDispatcher.processRequest(OzoneProtocolMessageDispatcher.java:87) [hdds-server-framework-1.3.0-SNAPSHOT.jar:?]
	at org.apache.hadoop.ozone.protocolPB.OzoneManagerProtocolServerSideTranslatorPB.submitRequest(OzoneManagerProtocolServerSideTranslatorPB.java:147) [ozone-manager-1.3.0-SNAPSHOT.jar:?]
	at org.apache.hadoop.ozone.protocol.proto.OzoneManagerProtocolProtos$OzoneManagerService$2.callBlockingMethod(OzoneManagerProtocolProtos.java) [ozone-interface-client-1.3.0-SNAPSHOT.jar:?]
	at org.apache.hadoop.ipc.ProtobufRpcEngine$Server.processCall(ProtobufRpcEngine.java:466) [hadoop-common-3.3.1.jar:?]
	at org.apache.hadoop.ipc.ProtobufRpcEngine2$Server$ProtoBufRpcInvoker.call(ProtobufRpcEngine2.java:574) [hadoop-common-3.3.1.jar:?]
	at org.apache.hadoop.ipc.ProtobufRpcEngine2$Server$ProtoBufRpcInvoker.call(ProtobufRpcEngine2.java:552) [hadoop-common-3.3.1.jar:?]
	at org.apache.hadoop.ipc.RPC$Server.call(RPC.java:1093) [hadoop-common-3.3.1.jar:?]
	at org.apache.hadoop.ipc.Server$RpcCall.run(Server.java:1035) [hadoop-common-3.3.1.jar:?]
	at org.apache.hadoop.ipc.Server$RpcCall.run(Server.java:963) [hadoop-common-3.3.1.jar:?]
	at java.security.AccessController.doPrivileged(Native Method) ~[?:1.8.0_332]
	at javax.security.auth.Subject.doAs(Subject.java:422) [?:1.8.0_332]
	at org.apache.hadoop.security.UserGroupInformation.doAs(UserGroupInformation.java:1878) [hadoop-common-3.3.1.jar:?]
	at org.apache.hadoop.ipc.Server$Handler.run(Server.java:2966) [hadoop-common-3.3.1.jar:?]
13:54:13.481 [IPC Server handler 17 on default port 41147] ERROR OMAudit - user=runner | ip=127.0.0.1 | op=GET_FILE_STATUS {volume=volume58194, bucket=bucket99371, key=.Trash/runner, dataSize=0, replicationConfig=null} | ret=FAILURE
org.apache.hadoop.ozone.om.exceptions.OMException: Unable to get file status: volume: volume58194 bucket: bucket99371 key: .Trash/runner
	at org.apache.hadoop.ozone.om.KeyManagerImpl.getOzoneFileStatus(KeyManagerImpl.java:1311) ~[ozone-manager-1.3.0-SNAPSHOT.jar:?]
	at org.apache.hadoop.ozone.om.KeyManagerImpl.getFileStatus(KeyManagerImpl.java:1241) ~[ozone-manager-1.3.0-SNAPSHOT.jar:?]
	at org.apache.hadoop.ozone.om.OzoneManager.getFileStatus(OzoneManager.java:3467) ~[ozone-manager-1.3.0-SNAPSHOT.jar:?]
	at org.apache.hadoop.ozone.protocolPB.OzoneManagerRequestHandler.getOzoneFileStatus(OzoneManagerRequestHandler.java:878) ~[ozone-manager-1.3.0-SNAPSHOT.jar:?]
	at org.apache.hadoop.ozone.protocolPB.OzoneManagerRequestHandler.handleReadRequest(OzoneManagerRequestHandler.java:224) ~[ozone-manager-1.3.0-SNAPSHOT.jar:?]
	at org.apache.hadoop.ozone.protocolPB.OzoneManagerProtocolServerSideTranslatorPB.submitRequestDirectlyToOM(OzoneManagerProtocolServerSideTranslatorPB.java:276) ~[ozone-manager-1.3.0-SNAPSHOT.jar:?]
	at org.apache.hadoop.ozone.protocolPB.OzoneManagerProtocolServerSideTranslatorPB.processRequest(OzoneManagerProtocolServerSideTranslatorPB.java:205) ~[ozone-manager-1.3.0-SNAPSHOT.jar:?]
	at org.apache.hadoop.hdds.server.OzoneProtocolMessageDispatcher.processRequest(OzoneProtocolMessageDispatcher.java:87) [hdds-server-framework-1.3.0-SNAPSHOT.jar:?]
	at org.apache.hadoop.ozone.protocolPB.OzoneManagerProtocolServerSideTranslatorPB.submitRequest(OzoneManagerProtocolServerSideTranslatorPB.java:147) [ozone-manager-1.3.0-SNAPSHOT.jar:?]
	at org.apache.hadoop.ozone.protocol.proto.OzoneManagerProtocolProtos$OzoneManagerService$2.callBlockingMethod(OzoneManagerProtocolProtos.java) [ozone-interface-client-1.3.0-SNAPSHOT.jar:?]
	at org.apache.hadoop.ipc.ProtobufRpcEngine$Server.processCall(ProtobufRpcEngine.java:466) [hadoop-common-3.3.1.jar:?]
	at org.apache.hadoop.ipc.ProtobufRpcEngine2$Server$ProtoBufRpcInvoker.call(ProtobufRpcEngine2.java:574) [hadoop-common-3.3.1.jar:?]
	at org.apache.hadoop.ipc.ProtobufRpcEngine2$Server$ProtoBufRpcInvoker.call(ProtobufRpcEngine2.java:552) [hadoop-common-3.3.1.jar:?]
	at org.apache.hadoop.ipc.RPC$Server.call(RPC.java:1093) [hadoop-common-3.3.1.jar:?]
	at org.apache.hadoop.ipc.Server$RpcCall.run(Server.java:1035) [hadoop-common-3.3.1.jar:?]
	at org.apache.hadoop.ipc.Server$RpcCall.run(Server.java:963) [hadoop-common-3.3.1.jar:?]
	at java.security.AccessController.doPrivileged(Native Method) ~[?:1.8.0_332]
	at javax.security.auth.Subject.doAs(Subject.java:422) [?:1.8.0_332]
	at org.apache.hadoop.security.UserGroupInformation.doAs(UserGroupInformation.java:1878) [hadoop-common-3.3.1.jar:?]
	at org.apache.hadoop.ipc.Server$Handler.run(Server.java:2966) [hadoop-common-3.3.1.jar:?]
13:54:13.483 [IPC Server handler 8 on default port 41147] ERROR OMAudit - user=runner | ip=127.0.0.1 | op=GET_FILE_STATUS {volume=3055ed78-6dd0-4543-b200-b160c7a8752b, bucket=54c4bc13-b4d8-4af8-ac90-01762a766fce, key=.Trash, dataSize=0, replicationConfig=null} | ret=FAILURE
org.apache.hadoop.ozone.om.exceptions.OMException: Unable to get file status: volume: 3055ed78-6dd0-4543-b200-b160c7a8752b bucket: 54c4bc13-b4d8-4af8-ac90-01762a766fce key: .Trash
	at org.apache.hadoop.ozone.om.KeyManagerImpl.getOzoneFileStatus(KeyManagerImpl.java:1311) ~[ozone-manager-1.3.0-SNAPSHOT.jar:?]
	at org.apache.hadoop.ozone.om.KeyManagerImpl.getFileStatus(KeyManagerImpl.java:1241) ~[ozone-manager-1.3.0-SNAPSHOT.jar:?]
	at org.apache.hadoop.ozone.om.OzoneManager.getFileStatus(OzoneManager.java:3467) ~[ozone-manager-1.3.0-SNAPSHOT.jar:?]
	at org.apache.hadoop.ozone.protocolPB.OzoneManagerRequestHandler.getOzoneFileStatus(OzoneManagerRequestHandler.java:878) ~[ozone-manager-1.3.0-SNAPSHOT.jar:?]
	at org.apache.hadoop.ozone.protocolPB.OzoneManagerRequestHandler.handleReadRequest(OzoneManagerRequestHandler.java:224) ~[ozone-manager-1.3.0-SNAPSHOT.jar:?]
	at org.apache.hadoop.ozone.protocolPB.OzoneManagerProtocolServerSideTranslatorPB.submitRequestDirectlyToOM(OzoneManagerProtocolServerSideTranslatorPB.java:276) ~[ozone-manager-1.3.0-SNAPSHOT.jar:?]
	at org.apache.hadoop.ozone.protocolPB.OzoneManagerProtocolServerSideTranslatorPB.processRequest(OzoneManagerProtocolServerSideTranslatorPB.java:205) ~[ozone-manager-1.3.0-SNAPSHOT.jar:?]
	at org.apache.hadoop.hdds.server.OzoneProtocolMessageDispatcher.processRequest(OzoneProtocolMessageDispatcher.java:87) [hdds-server-framework-1.3.0-SNAPSHOT.jar:?]
	at org.apache.hadoop.ozone.protocolPB.OzoneManagerProtocolServerSideTranslatorPB.submitRequest(OzoneManagerProtocolServerSideTranslatorPB.java:147) [ozone-manager-1.3.0-SNAPSHOT.jar:?]
	at org.apache.hadoop.ozone.protocol.proto.OzoneManagerProtocolProtos$OzoneManagerService$2.callBlockingMethod(OzoneManagerProtocolProtos.java) [ozone-interface-client-1.3.0-SNAPSHOT.jar:?]
	at org.apache.hadoop.ipc.ProtobufRpcEngine$Server.processCall(ProtobufRpcEngine.java:466) [hadoop-common-3.3.1.jar:?]
	at org.apache.hadoop.ipc.ProtobufRpcEngine2$Server$ProtoBufRpcInvoker.call(ProtobufRpcEngine2.java:574) [hadoop-common-3.3.1.jar:?]
	at org.apache.hadoop.ipc.ProtobufRpcEngine2$Server$ProtoBufRpcInvoker.call(ProtobufRpcEngine2.java:552) [hadoop-common-3.3.1.jar:?]
	at org.apache.hadoop.ipc.RPC$Server.call(RPC.java:1093) [hadoop-common-3.3.1.jar:?]
	at org.apache.hadoop.ipc.Server$RpcCall.run(Server.java:1035) [hadoop-common-3.3.1.jar:?]
	at org.apache.hadoop.ipc.Server$RpcCall.run(Server.java:963) [hadoop-common-3.3.1.jar:?]
	at java.security.AccessController.doPrivileged(Native Method) ~[?:1.8.0_332]
	at javax.security.auth.Subject.doAs(Subject.java:422) [?:1.8.0_332]
	at org.apache.hadoop.security.UserGroupInformation.doAs(UserGroupInformation.java:1878) [hadoop-common-3.3.1.jar:?]
	at org.apache.hadoop.ipc.Server$Handler.run(Server.java:2966) [hadoop-common-3.3.1.jar:?]
13:54:13.486 [IPC Server handler 18 on default port 41147] ERROR OMAudit - user=runner | ip=127.0.0.1 | op=GET_FILE_STATUS {volume=volume00092, bucket=trashroottest2, key=.Trash, dataSize=0, replicationConfig=null} | ret=FAILURE
org.apache.hadoop.ozone.om.exceptions.OMException: Unable to get file status: volume: volume00092 bucket: trashroottest2 key: .Trash
	at org.apache.hadoop.ozone.om.KeyManagerImpl.getOzoneFileStatus(KeyManagerImpl.java:1311) ~[ozone-manager-1.3.0-SNAPSHOT.jar:?]
	at org.apache.hadoop.ozone.om.KeyManagerImpl.getFileStatus(KeyManagerImpl.java:1241) ~[ozone-manager-1.3.0-SNAPSHOT.jar:?]
	at org.apache.hadoop.ozone.om.OzoneManager.getFileStatus(OzoneManager.java:3467) ~[ozone-manager-1.3.0-SNAPSHOT.jar:?]
	at org.apache.hadoop.ozone.protocolPB.OzoneManagerRequestHandler.getOzoneFileStatus(OzoneManagerRequestHandler.java:878) ~[ozone-manager-1.3.0-SNAPSHOT.jar:?]
	at org.apache.hadoop.ozone.protocolPB.OzoneManagerRequestHandler.handleReadRequest(OzoneManagerRequestHandler.java:224) ~[ozone-manager-1.3.0-SNAPSHOT.jar:?]
	at org.apache.hadoop.ozone.protocolPB.OzoneManagerProtocolServerSideTranslatorPB.submitRequestDirectlyToOM(OzoneManagerProtocolServerSideTranslatorPB.java:276) ~[ozone-manager-1.3.0-SNAPSHOT.jar:?]
	at org.apache.hadoop.ozone.protocolPB.OzoneManagerProtocolServerSideTranslatorPB.processRequest(OzoneManagerProtocolServerSideTranslatorPB.java:205) ~[ozone-manager-1.3.0-SNAPSHOT.jar:?]
	at org.apache.hadoop.hdds.server.OzoneProtocolMessageDispatcher.processRequest(OzoneProtocolMessageDispatcher.java:87) [hdds-server-framework-1.3.0-SNAPSHOT.jar:?]
	at org.apache.hadoop.ozone.protocolPB.OzoneManagerProtocolServerSideTranslatorPB.submitRequest(OzoneManagerProtocolServerSideTranslatorPB.java:147) [ozone-manager-1.3.0-SNAPSHOT.jar:?]
	at org.apache.hadoop.ozone.protocol.proto.OzoneManagerProtocolProtos$OzoneManagerService$2.callBlockingMethod(OzoneManagerProtocolProtos.java) [ozone-interface-client-1.3.0-SNAPSHOT.jar:?]
	at org.apache.hadoop.ipc.ProtobufRpcEngine$Server.processCall(ProtobufRpcEngine.java:466) [hadoop-common-3.3.1.jar:?]
	at org.apache.hadoop.ipc.ProtobufRpcEngine2$Server$ProtoBufRpcInvoker.call(ProtobufRpcEngine2.java:574) [hadoop-common-3.3.1.jar:?]
	at org.apache.hadoop.ipc.ProtobufRpcEngine2$Server$ProtoBufRpcInvoker.call(ProtobufRpcEngine2.java:552) [hadoop-common-3.3.1.jar:?]
	at org.apache.hadoop.ipc.RPC$Server.call(RPC.java:1093) [hadoop-common-3.3.1.jar:?]
	at org.apache.hadoop.ipc.Server$RpcCall.run(Server.java:1035) [hadoop-common-3.3.1.jar:?]
	at org.apache.hadoop.ipc.Server$RpcCall.run(Server.java:963) [hadoop-common-3.3.1.jar:?]
	at java.security.AccessController.doPrivileged(Native Method) ~[?:1.8.0_332]
	at javax.security.auth.Subject.doAs(Subject.java:422) [?:1.8.0_332]
	at org.apache.hadoop.security.UserGroupInformation.doAs(UserGroupInformation.java:1878) [hadoop-common-3.3.1.jar:?]
	at org.apache.hadoop.ipc.Server$Handler.run(Server.java:2966) [hadoop-common-3.3.1.jar:?]
13:54:13.489 [IPC Server handler 11 on default port 41147] ERROR OMAudit - user=runner | ip=127.0.0.1 | op=GET_FILE_STATUS {volume=volume58194, bucket=bucket99371, key=.Trash, dataSize=0, replicationConfig=null} | ret=FAILURE
org.apache.hadoop.ozone.om.exceptions.OMException: Unable to get file status: volume: volume58194 bucket: bucket99371 key: .Trash
	at org.apache.hadoop.ozone.om.KeyManagerImpl.getOzoneFileStatus(KeyManagerImpl.java:1311) ~[ozone-manager-1.3.0-SNAPSHOT.jar:?]
	at org.apache.hadoop.ozone.om.KeyManagerImpl.getFileStatus(KeyManagerImpl.java:1241) ~[ozone-manager-1.3.0-SNAPSHOT.jar:?]
	at org.apache.hadoop.ozone.om.OzoneManager.getFileStatus(OzoneManager.java:3467) ~[ozone-manager-1.3.0-SNAPSHOT.jar:?]
	at org.apache.hadoop.ozone.protocolPB.OzoneManagerRequestHandler.getOzoneFileStatus(OzoneManagerRequestHandler.java:878) ~[ozone-manager-1.3.0-SNAPSHOT.jar:?]
	at org.apache.hadoop.ozone.protocolPB.OzoneManagerRequestHandler.handleReadRequest(OzoneManagerRequestHandler.java:224) ~[ozone-manager-1.3.0-SNAPSHOT.jar:?]
	at org.apache.hadoop.ozone.protocolPB.OzoneManagerProtocolServerSideTranslatorPB.submitRequestDirectlyToOM(OzoneManagerProtocolServerSideTranslatorPB.java:276) ~[ozone-manager-1.3.0-SNAPSHOT.jar:?]
	at org.apache.hadoop.ozone.protocolPB.OzoneManagerProtocolServerSideTranslatorPB.processRequest(OzoneManagerProtocolServerSideTranslatorPB.java:205) ~[ozone-manager-1.3.0-SNAPSHOT.jar:?]
	at org.apache.hadoop.hdds.server.OzoneProtocolMessageDispatcher.processRequest(OzoneProtocolMessageDispatcher.java:87) [hdds-server-framework-1.3.0-SNAPSHOT.jar:?]
	at org.apache.hadoop.ozone.protocolPB.OzoneManagerProtocolServerSideTranslatorPB.submitRequest(OzoneManagerProtocolServerSideTranslatorPB.java:147) [ozone-manager-1.3.0-SNAPSHOT.jar:?]
	at org.apache.hadoop.ozone.protocol.proto.OzoneManagerProtocolProtos$OzoneManagerService$2.callBlockingMethod(OzoneManagerProtocolProtos.java) [ozone-interface-client-1.3.0-SNAPSHOT.jar:?]
	at org.apache.hadoop.ipc.ProtobufRpcEngine$Server.processCall(ProtobufRpcEngine.java:466) [hadoop-common-3.3.1.jar:?]
	at org.apache.hadoop.ipc.ProtobufRpcEngine2$Server$ProtoBufRpcInvoker.call(ProtobufRpcEngine2.java:574) [hadoop-common-3.3.1.jar:?]
	at org.apache.hadoop.ipc.ProtobufRpcEngine2$Server$ProtoBufRpcInvoker.call(ProtobufRpcEngine2.java:552) [hadoop-common-3.3.1.jar:?]
	at org.apache.hadoop.ipc.RPC$Server.call(RPC.java:1093) [hadoop-common-3.3.1.jar:?]
	at org.apache.hadoop.ipc.Server$RpcCall.run(Server.java:1035) [hadoop-common-3.3.1.jar:?]
	at org.apache.hadoop.ipc.Server$RpcCall.run(Server.java:963) [hadoop-common-3.3.1.jar:?]
	at java.security.AccessController.doPrivileged(Native Method) ~[?:1.8.0_332]
	at javax.security.auth.Subject.doAs(Subject.java:422) [?:1.8.0_332]
	at org.apache.hadoop.security.UserGroupInformation.doAs(UserGroupInformation.java:1878) [hadoop-common-3.3.1.jar:?]
	at org.apache.hadoop.ipc.Server$Handler.run(Server.java:2966) [hadoop-common-3.3.1.jar:?]
13:54:13.518 [pool-1123-thread-2] ERROR OMAudit - user=null | ip=null | op=LIST_STATUS {volume=volume00092, bucket=bucket21980, key=.Trash/testuser2, dataSize=0, replicationConfig=null} | ret=FAILURE
org.apache.hadoop.ozone.om.exceptions.OMException: Unable to get file status: volume: volume00092 bucket: bucket21980 key: .Trash/testuser2
	at org.apache.hadoop.ozone.om.KeyManagerImpl.getOzoneFileStatus(KeyManagerImpl.java:1311) ~[ozone-manager-1.3.0-SNAPSHOT.jar:?]
	at org.apache.hadoop.ozone.om.KeyManagerImpl.getFileStatus(KeyManagerImpl.java:1241) ~[ozone-manager-1.3.0-SNAPSHOT.jar:?]
	at org.apache.hadoop.ozone.om.KeyManagerImpl.listStatus(KeyManagerImpl.java:1565) ~[ozone-manager-1.3.0-SNAPSHOT.jar:?]
	at org.apache.hadoop.ozone.om.OzoneManager.listStatus(OzoneManager.java:3545) ~[ozone-manager-1.3.0-SNAPSHOT.jar:?]
	at org.apache.hadoop.ozone.om.OzoneManager.listStatus(OzoneManager.java:3524) ~[ozone-manager-1.3.0-SNAPSHOT.jar:?]
	at org.apache.hadoop.ozone.om.TrashOzoneFileSystem.listStatus(TrashOzoneFileSystem.java:227) ~[ozone-manager-1.3.0-SNAPSHOT.jar:?]
	at org.apache.hadoop.ozone.om.TrashPolicyOzone.deleteCheckpoint(TrashPolicyOzone.java:303) ~[ozone-manager-1.3.0-SNAPSHOT.jar:?]
	at org.apache.hadoop.ozone.om.TrashPolicyOzone.access$4(TrashPolicyOzone.java:296) ~[ozone-manager-1.3.0-SNAPSHOT.jar:?]
	at org.apache.hadoop.ozone.om.TrashPolicyOzone$Emptier.lambda$0(TrashPolicyOzone.java:225) ~[ozone-manager-1.3.0-SNAPSHOT.jar:?]
	at java.util.concurrent.Executors$RunnableAdapter.call(Executors.java:511) [?:1.8.0_332]
	at java.util.concurrent.FutureTask.run(FutureTask.java:266) [?:1.8.0_332]
	at java.util.concurrent.ThreadPoolExecutor.runWorker(ThreadPoolExecutor.java:1149) [?:1.8.0_332]
	at java.util.concurrent.ThreadPoolExecutor$Worker.run(ThreadPoolExecutor.java:624) [?:1.8.0_332]
	at java.lang.Thread.run(Thread.java:750) [?:1.8.0_332]
2022-07-27 13:54:13,518 [pool-1123-thread-2] ERROR om.TrashPolicyOzone (TrashPolicyOzone.java:lambda$0(230)) - Unable to checkpoint:/volume00092/bucket21980/.Trash/testuser2
FILE_NOT_FOUND org.apache.hadoop.ozone.om.exceptions.OMException: Unable to get file status: volume: volume00092 bucket: bucket21980 key: .Trash/testuser2
	at org.apache.hadoop.ozone.om.KeyManagerImpl.getOzoneFileStatus(KeyManagerImpl.java:1311)
	at org.apache.hadoop.ozone.om.KeyManagerImpl.getFileStatus(KeyManagerImpl.java:1241)
	at org.apache.hadoop.ozone.om.KeyManagerImpl.listStatus(KeyManagerImpl.java:1565)
	at org.apache.hadoop.ozone.om.OzoneManager.listStatus(OzoneManager.java:3545)
	at org.apache.hadoop.ozone.om.OzoneManager.listStatus(OzoneManager.java:3524)
	at org.apache.hadoop.ozone.om.TrashOzoneFileSystem.listStatus(TrashOzoneFileSystem.java:227)
	at org.apache.hadoop.ozone.om.TrashPolicyOzone.deleteCheckpoint(TrashPolicyOzone.java:303)
	at org.apache.hadoop.ozone.om.TrashPolicyOzone.access$4(TrashPolicyOzone.java:296)
	at org.apache.hadoop.ozone.om.TrashPolicyOzone$Emptier.lambda$0(TrashPolicyOzone.java:225)
	at java.util.concurrent.Executors$RunnableAdapter.call(Executors.java:511)
	at java.util.concurrent.FutureTask.run(FutureTask.java:266)
	at java.util.concurrent.ThreadPoolExecutor.runWorker(ThreadPoolExecutor.java:1149)
	at java.util.concurrent.ThreadPoolExecutor$Worker.run(ThreadPoolExecutor.java:624)
	at java.lang.Thread.run(Thread.java:750)
13:54:13.535 [IPC Server handler 6 on default port 41147] ERROR OMAudit - user=runner | ip=127.0.0.1 | op=GET_FILE_STATUS {volume=volume00092, bucket=trashroottest2, key=.Trash/runner, dataSize=0, replicationConfig=null} | ret=FAILURE
org.apache.hadoop.ozone.om.exceptions.OMException: Unable to get file status: volume: volume00092 bucket: trashroottest2 key: .Trash/runner
	at org.apache.hadoop.ozone.om.KeyManagerImpl.getOzoneFileStatus(KeyManagerImpl.java:1311) ~[ozone-manager-1.3.0-SNAPSHOT.jar:?]
	at org.apache.hadoop.ozone.om.KeyManagerImpl.getFileStatus(KeyManagerImpl.java:1241) ~[ozone-manager-1.3.0-SNAPSHOT.jar:?]
	at org.apache.hadoop.ozone.om.OzoneManager.getFileStatus(OzoneManager.java:3467) ~[ozone-manager-1.3.0-SNAPSHOT.jar:?]
	at org.apache.hadoop.ozone.protocolPB.OzoneManagerRequestHandler.getOzoneFileStatus(OzoneManagerRequestHandler.java:878) ~[ozone-manager-1.3.0-SNAPSHOT.jar:?]
	at org.apache.hadoop.ozone.protocolPB.OzoneManagerRequestHandler.handleReadRequest(OzoneManagerRequestHandler.java:224) ~[ozone-manager-1.3.0-SNAPSHOT.jar:?]
	at org.apache.hadoop.ozone.protocolPB.OzoneManagerProtocolServerSideTranslatorPB.submitRequestDirectlyToOM(OzoneManagerProtocolServerSideTranslatorPB.java:276) ~[ozone-manager-1.3.0-SNAPSHOT.jar:?]
	at org.apache.hadoop.ozone.protocolPB.OzoneManagerProtocolServerSideTranslatorPB.processRequest(OzoneManagerProtocolServerSideTranslatorPB.java:205) ~[ozone-manager-1.3.0-SNAPSHOT.jar:?]
	at org.apache.hadoop.hdds.server.OzoneProtocolMessageDispatcher.processRequest(OzoneProtocolMessageDispatcher.java:87) [hdds-server-framework-1.3.0-SNAPSHOT.jar:?]
	at org.apache.hadoop.ozone.protocolPB.OzoneManagerProtocolServerSideTranslatorPB.submitRequest(OzoneManagerProtocolServerSideTranslatorPB.java:147) [ozone-manager-1.3.0-SNAPSHOT.jar:?]
	at org.apache.hadoop.ozone.protocol.proto.OzoneManagerProtocolProtos$OzoneManagerService$2.callBlockingMethod(OzoneManagerProtocolProtos.java) [ozone-interface-client-1.3.0-SNAPSHOT.jar:?]
	at org.apache.hadoop.ipc.ProtobufRpcEngine$Server.processCall(ProtobufRpcEngine.java:466) [hadoop-common-3.3.1.jar:?]
	at org.apache.hadoop.ipc.ProtobufRpcEngine2$Server$ProtoBufRpcInvoker.call(ProtobufRpcEngine2.java:574) [hadoop-common-3.3.1.jar:?]
	at org.apache.hadoop.ipc.ProtobufRpcEngine2$Server$ProtoBufRpcInvoker.call(ProtobufRpcEngine2.java:552) [hadoop-common-3.3.1.jar:?]
	at org.apache.hadoop.ipc.RPC$Server.call(RPC.java:1093) [hadoop-common-3.3.1.jar:?]
	at org.apache.hadoop.ipc.Server$RpcCall.run(Server.java:1035) [hadoop-common-3.3.1.jar:?]
	at org.apache.hadoop.ipc.Server$RpcCall.run(Server.java:963) [hadoop-common-3.3.1.jar:?]
	at java.security.AccessController.doPrivileged(Native Method) ~[?:1.8.0_332]
	at javax.security.auth.Subject.doAs(Subject.java:422) [?:1.8.0_332]
	at org.apache.hadoop.security.UserGroupInformation.doAs(UserGroupInformation.java:1878) [hadoop-common-3.3.1.jar:?]
	at org.apache.hadoop.ipc.Server$Handler.run(Server.java:2966) [hadoop-common-3.3.1.jar:?]
13:54:13.538 [IPC Server handler 2 on default port 41147] ERROR OMAudit - user=runner | ip=127.0.0.1 | op=GET_FILE_STATUS {volume=volume58194, bucket=bucket99371, key=.Trash/runner, dataSize=0, replicationConfig=null} | ret=FAILURE
org.apache.hadoop.ozone.om.exceptions.OMException: Unable to get file status: volume: volume58194 bucket: bucket99371 key: .Trash/runner
	at org.apache.hadoop.ozone.om.KeyManagerImpl.getOzoneFileStatus(KeyManagerImpl.java:1311) ~[ozone-manager-1.3.0-SNAPSHOT.jar:?]
	at org.apache.hadoop.ozone.om.KeyManagerImpl.getFileStatus(KeyManagerImpl.java:1241) ~[ozone-manager-1.3.0-SNAPSHOT.jar:?]
	at org.apache.hadoop.ozone.om.OzoneManager.getFileStatus(OzoneManager.java:3467) ~[ozone-manager-1.3.0-SNAPSHOT.jar:?]
	at org.apache.hadoop.ozone.protocolPB.OzoneManagerRequestHandler.getOzoneFileStatus(OzoneManagerRequestHandler.java:878) ~[ozone-manager-1.3.0-SNAPSHOT.jar:?]
	at org.apache.hadoop.ozone.protocolPB.OzoneManagerRequestHandler.handleReadRequest(OzoneManagerRequestHandler.java:224) ~[ozone-manager-1.3.0-SNAPSHOT.jar:?]
	at org.apache.hadoop.ozone.protocolPB.OzoneManagerProtocolServerSideTranslatorPB.submitRequestDirectlyToOM(OzoneManagerProtocolServerSideTranslatorPB.java:276) ~[ozone-manager-1.3.0-SNAPSHOT.jar:?]
	at org.apache.hadoop.ozone.protocolPB.OzoneManagerProtocolServerSideTranslatorPB.processRequest(OzoneManagerProtocolServerSideTranslatorPB.java:205) ~[ozone-manager-1.3.0-SNAPSHOT.jar:?]
	at org.apache.hadoop.hdds.server.OzoneProtocolMessageDispatcher.processRequest(OzoneProtocolMessageDispatcher.java:87) [hdds-server-framework-1.3.0-SNAPSHOT.jar:?]
	at org.apache.hadoop.ozone.protocolPB.OzoneManagerProtocolServerSideTranslatorPB.submitRequest(OzoneManagerProtocolServerSideTranslatorPB.java:147) [ozone-manager-1.3.0-SNAPSHOT.jar:?]
	at org.apache.hadoop.ozone.protocol.proto.OzoneManagerProtocolProtos$OzoneManagerService$2.callBlockingMethod(OzoneManagerProtocolProtos.java) [ozone-interface-client-1.3.0-SNAPSHOT.jar:?]
	at org.apache.hadoop.ipc.ProtobufRpcEngine$Server.processCall(ProtobufRpcEngine.java:466) [hadoop-common-3.3.1.jar:?]
	at org.apache.hadoop.ipc.ProtobufRpcEngine2$Server$ProtoBufRpcInvoker.call(ProtobufRpcEngine2.java:574) [hadoop-common-3.3.1.jar:?]
	at org.apache.hadoop.ipc.ProtobufRpcEngine2$Server$ProtoBufRpcInvoker.call(ProtobufRpcEngine2.java:552) [hadoop-common-3.3.1.jar:?]
	at org.apache.hadoop.ipc.RPC$Server.call(RPC.java:1093) [hadoop-common-3.3.1.jar:?]
	at org.apache.hadoop.ipc.Server$RpcCall.run(Server.java:1035) [hadoop-common-3.3.1.jar:?]
	at org.apache.hadoop.ipc.Server$RpcCall.run(Server.java:963) [hadoop-common-3.3.1.jar:?]
	at java.security.AccessController.doPrivileged(Native Method) ~[?:1.8.0_332]
	at javax.security.auth.Subject.doAs(Subject.java:422) [?:1.8.0_332]
	at org.apache.hadoop.security.UserGroupInformation.doAs(UserGroupInformation.java:1878) [hadoop-common-3.3.1.jar:?]
	at org.apache.hadoop.ipc.Server$Handler.run(Server.java:2966) [hadoop-common-3.3.1.jar:?]
13:54:13.549 [IPC Server handler 0 on default port 41147] ERROR OMAudit - user=runner | ip=127.0.0.1 | op=GET_FILE_STATUS {volume=3055ed78-6dd0-4543-b200-b160c7a8752b, bucket=54c4bc13-b4d8-4af8-ac90-01762a766fce, key=.Trash, dataSize=0, replicationConfig=null} | ret=FAILURE
org.apache.hadoop.ozone.om.exceptions.OMException: Unable to get file status: volume: 3055ed78-6dd0-4543-b200-b160c7a8752b bucket: 54c4bc13-b4d8-4af8-ac90-01762a766fce key: .Trash
	at org.apache.hadoop.ozone.om.KeyManagerImpl.getOzoneFileStatus(KeyManagerImpl.java:1311) ~[ozone-manager-1.3.0-SNAPSHOT.jar:?]
	at org.apache.hadoop.ozone.om.KeyManagerImpl.getFileStatus(KeyManagerImpl.java:1241) ~[ozone-manager-1.3.0-SNAPSHOT.jar:?]
	at org.apache.hadoop.ozone.om.OzoneManager.getFileStatus(OzoneManager.java:3467) ~[ozone-manager-1.3.0-SNAPSHOT.jar:?]
	at org.apache.hadoop.ozone.protocolPB.OzoneManagerRequestHandler.getOzoneFileStatus(OzoneManagerRequestHandler.java:878) ~[ozone-manager-1.3.0-SNAPSHOT.jar:?]
	at org.apache.hadoop.ozone.protocolPB.OzoneManagerRequestHandler.handleReadRequest(OzoneManagerRequestHandler.java:224) ~[ozone-manager-1.3.0-SNAPSHOT.jar:?]
	at org.apache.hadoop.ozone.protocolPB.OzoneManagerProtocolServerSideTranslatorPB.submitRequestDirectlyToOM(OzoneManagerProtocolServerSideTranslatorPB.java:276) ~[ozone-manager-1.3.0-SNAPSHOT.jar:?]
	at org.apache.hadoop.ozone.protocolPB.OzoneManagerProtocolServerSideTranslatorPB.processRequest(OzoneManagerProtocolServerSideTranslatorPB.java:205) ~[ozone-manager-1.3.0-SNAPSHOT.jar:?]
	at org.apache.hadoop.hdds.server.OzoneProtocolMessageDispatcher.processRequest(OzoneProtocolMessageDispatcher.java:87) [hdds-server-framework-1.3.0-SNAPSHOT.jar:?]
	at org.apache.hadoop.ozone.protocolPB.OzoneManagerProtocolServerSideTranslatorPB.submitRequest(OzoneManagerProtocolServerSideTranslatorPB.java:147) [ozone-manager-1.3.0-SNAPSHOT.jar:?]
	at org.apache.hadoop.ozone.protocol.proto.OzoneManagerProtocolProtos$OzoneManagerService$2.callBlockingMethod(OzoneManagerProtocolProtos.java) [ozone-interface-client-1.3.0-SNAPSHOT.jar:?]
	at org.apache.hadoop.ipc.ProtobufRpcEngine$Server.processCall(ProtobufRpcEngine.java:466) [hadoop-common-3.3.1.jar:?]
	at org.apache.hadoop.ipc.ProtobufRpcEngine2$Server$ProtoBufRpcInvoker.call(ProtobufRpcEngine2.java:574) [hadoop-common-3.3.1.jar:?]
	at org.apache.hadoop.ipc.ProtobufRpcEngine2$Server$ProtoBufRpcInvoker.call(ProtobufRpcEngine2.java:552) [hadoop-common-3.3.1.jar:?]
	at org.apache.hadoop.ipc.RPC$Server.call(RPC.java:1093) [hadoop-common-3.3.1.jar:?]
	at org.apache.hadoop.ipc.Server$RpcCall.run(Server.java:1035) [hadoop-common-3.3.1.jar:?]
	at org.apache.hadoop.ipc.Server$RpcCall.run(Server.java:963) [hadoop-common-3.3.1.jar:?]
	at java.security.AccessController.doPrivileged(Native Method) ~[?:1.8.0_332]
	at javax.security.auth.Subject.doAs(Subject.java:422) [?:1.8.0_332]
	at org.apache.hadoop.security.UserGroupInformation.doAs(UserGroupInformation.java:1878) [hadoop-common-3.3.1.jar:?]
	at org.apache.hadoop.ipc.Server$Handler.run(Server.java:2966) [hadoop-common-3.3.1.jar:?]
13:54:13.569 [IPC Server handler 5 on default port 41147] ERROR OMAudit - user=runner | ip=127.0.0.1 | op=GET_FILE_STATUS {volume=volume00092, bucket=trashroottest2, key=.Trash, dataSize=0, replicationConfig=null} | ret=FAILURE
org.apache.hadoop.ozone.om.exceptions.OMException: Unable to get file status: volume: volume00092 bucket: trashroottest2 key: .Trash
	at org.apache.hadoop.ozone.om.KeyManagerImpl.getOzoneFileStatus(KeyManagerImpl.java:1311) ~[ozone-manager-1.3.0-SNAPSHOT.jar:?]
	at org.apache.hadoop.ozone.om.KeyManagerImpl.getFileStatus(KeyManagerImpl.java:1241) ~[ozone-manager-1.3.0-SNAPSHOT.jar:?]
	at org.apache.hadoop.ozone.om.OzoneManager.getFileStatus(OzoneManager.java:3467) ~[ozone-manager-1.3.0-SNAPSHOT.jar:?]
	at org.apache.hadoop.ozone.protocolPB.OzoneManagerRequestHandler.getOzoneFileStatus(OzoneManagerRequestHandler.java:878) ~[ozone-manager-1.3.0-SNAPSHOT.jar:?]
	at org.apache.hadoop.ozone.protocolPB.OzoneManagerRequestHandler.handleReadRequest(OzoneManagerRequestHandler.java:224) ~[ozone-manager-1.3.0-SNAPSHOT.jar:?]
	at org.apache.hadoop.ozone.protocolPB.OzoneManagerProtocolServerSideTranslatorPB.submitRequestDirectlyToOM(OzoneManagerProtocolServerSideTranslatorPB.java:276) ~[ozone-manager-1.3.0-SNAPSHOT.jar:?]
	at org.apache.hadoop.ozone.protocolPB.OzoneManagerProtocolServerSideTranslatorPB.processRequest(OzoneManagerProtocolServerSideTranslatorPB.java:205) ~[ozone-manager-1.3.0-SNAPSHOT.jar:?]
	at org.apache.hadoop.hdds.server.OzoneProtocolMessageDispatcher.processRequest(OzoneProtocolMessageDispatcher.java:87) [hdds-server-framework-1.3.0-SNAPSHOT.jar:?]
	at org.apache.hadoop.ozone.protocolPB.OzoneManagerProtocolServerSideTranslatorPB.submitRequest(OzoneManagerProtocolServerSideTranslatorPB.java:147) [ozone-manager-1.3.0-SNAPSHOT.jar:?]
	at org.apache.hadoop.ozone.protocol.proto.OzoneManagerProtocolProtos$OzoneManagerService$2.callBlockingMethod(OzoneManagerProtocolProtos.java) [ozone-interface-client-1.3.0-SNAPSHOT.jar:?]
	at org.apache.hadoop.ipc.ProtobufRpcEngine$Server.processCall(ProtobufRpcEngine.java:466) [hadoop-common-3.3.1.jar:?]
	at org.apache.hadoop.ipc.ProtobufRpcEngine2$Server$ProtoBufRpcInvoker.call(ProtobufRpcEngine2.java:574) [hadoop-common-3.3.1.jar:?]
	at org.apache.hadoop.ipc.ProtobufRpcEngine2$Server$ProtoBufRpcInvoker.call(ProtobufRpcEngine2.java:552) [hadoop-common-3.3.1.jar:?]
	at org.apache.hadoop.ipc.RPC$Server.call(RPC.java:1093) [hadoop-common-3.3.1.jar:?]
	at org.apache.hadoop.ipc.Server$RpcCall.run(Server.java:1035) [hadoop-common-3.3.1.jar:?]
	at org.apache.hadoop.ipc.Server$RpcCall.run(Server.java:963) [hadoop-common-3.3.1.jar:?]
	at java.security.AccessController.doPrivileged(Native Method) ~[?:1.8.0_332]
	at javax.security.auth.Subject.doAs(Subject.java:422) [?:1.8.0_332]
	at org.apache.hadoop.security.UserGroupInformation.doAs(UserGroupInformation.java:1878) [hadoop-common-3.3.1.jar:?]
	at org.apache.hadoop.ipc.Server$Handler.run(Server.java:2966) [hadoop-common-3.3.1.jar:?]
13:54:13.570 [IPC Server handler 16 on default port 41147] ERROR OMAudit - user=runner | ip=127.0.0.1 | op=GET_FILE_STATUS {volume=volume58194, bucket=bucket99371, key=.Trash, dataSize=0, replicationConfig=null} | ret=FAILURE
org.apache.hadoop.ozone.om.exceptions.OMException: Unable to get file status: volume: volume58194 bucket: bucket99371 key: .Trash
	at org.apache.hadoop.ozone.om.KeyManagerImpl.getOzoneFileStatus(KeyManagerImpl.java:1311) ~[ozone-manager-1.3.0-SNAPSHOT.jar:?]
	at org.apache.hadoop.ozone.om.KeyManagerImpl.getFileStatus(KeyManagerImpl.java:1241) ~[ozone-manager-1.3.0-SNAPSHOT.jar:?]
	at org.apache.hadoop.ozone.om.OzoneManager.getFileStatus(OzoneManager.java:3467) ~[ozone-manager-1.3.0-SNAPSHOT.jar:?]
	at org.apache.hadoop.ozone.protocolPB.OzoneManagerRequestHandler.getOzoneFileStatus(OzoneManagerRequestHandler.java:878) ~[ozone-manager-1.3.0-SNAPSHOT.jar:?]
	at org.apache.hadoop.ozone.protocolPB.OzoneManagerRequestHandler.handleReadRequest(OzoneManagerRequestHandler.java:224) ~[ozone-manager-1.3.0-SNAPSHOT.jar:?]
	at org.apache.hadoop.ozone.protocolPB.OzoneManagerProtocolServerSideTranslatorPB.submitRequestDirectlyToOM(OzoneManagerProtocolServerSideTranslatorPB.java:276) ~[ozone-manager-1.3.0-SNAPSHOT.jar:?]
	at org.apache.hadoop.ozone.protocolPB.OzoneManagerProtocolServerSideTranslatorPB.processRequest(OzoneManagerProtocolServerSideTranslatorPB.java:205) ~[ozone-manager-1.3.0-SNAPSHOT.jar:?]
	at org.apache.hadoop.hdds.server.OzoneProtocolMessageDispatcher.processRequest(OzoneProtocolMessageDispatcher.java:87) [hdds-server-framework-1.3.0-SNAPSHOT.jar:?]
	at org.apache.hadoop.ozone.protocolPB.OzoneManagerProtocolServerSideTranslatorPB.submitRequest(OzoneManagerProtocolServerSideTranslatorPB.java:147) [ozone-manager-1.3.0-SNAPSHOT.jar:?]
	at org.apache.hadoop.ozone.protocol.proto.OzoneManagerProtocolProtos$OzoneManagerService$2.callBlockingMethod(OzoneManagerProtocolProtos.java) [ozone-interface-client-1.3.0-SNAPSHOT.jar:?]
	at org.apache.hadoop.ipc.ProtobufRpcEngine$Server.processCall(ProtobufRpcEngine.java:466) [hadoop-common-3.3.1.jar:?]
	at org.apache.hadoop.ipc.ProtobufRpcEngine2$Server$ProtoBufRpcInvoker.call(ProtobufRpcEngine2.java:574) [hadoop-common-3.3.1.jar:?]
	at org.apache.hadoop.ipc.ProtobufRpcEngine2$Server$ProtoBufRpcInvoker.call(ProtobufRpcEngine2.java:552) [hadoop-common-3.3.1.jar:?]
	at org.apache.hadoop.ipc.RPC$Server.call(RPC.java:1093) [hadoop-common-3.3.1.jar:?]
	at org.apache.hadoop.ipc.Server$RpcCall.run(Server.java:1035) [hadoop-common-3.3.1.jar:?]
	at org.apache.hadoop.ipc.Server$RpcCall.run(Server.java:963) [hadoop-common-3.3.1.jar:?]
	at java.security.AccessController.doPrivileged(Native Method) ~[?:1.8.0_332]
	at javax.security.auth.Subject.doAs(Subject.java:422) [?:1.8.0_332]
	at org.apache.hadoop.security.UserGroupInformation.doAs(UserGroupInformation.java:1878) [hadoop-common-3.3.1.jar:?]
	at org.apache.hadoop.ipc.Server$Handler.run(Server.java:2966) [hadoop-common-3.3.1.jar:?]
13:54:13.583 [IPC Server handler 14 on default port 41147] ERROR OMAudit - user=runner | ip=127.0.0.1 | op=GET_FILE_STATUS {volume=volume00092, bucket=bucket21980, key=.Trash/runner, dataSize=0, replicationConfig=null} | ret=FAILURE
org.apache.hadoop.ozone.om.exceptions.OMException: Unable to get file status: volume: volume00092 bucket: bucket21980 key: .Trash/runner
	at org.apache.hadoop.ozone.om.KeyManagerImpl.getOzoneFileStatus(KeyManagerImpl.java:1311) ~[ozone-manager-1.3.0-SNAPSHOT.jar:?]
	at org.apache.hadoop.ozone.om.KeyManagerImpl.getFileStatus(KeyManagerImpl.java:1241) ~[ozone-manager-1.3.0-SNAPSHOT.jar:?]
	at org.apache.hadoop.ozone.om.OzoneManager.getFileStatus(OzoneManager.java:3467) ~[ozone-manager-1.3.0-SNAPSHOT.jar:?]
	at org.apache.hadoop.ozone.protocolPB.OzoneManagerRequestHandler.getOzoneFileStatus(OzoneManagerRequestHandler.java:878) ~[ozone-manager-1.3.0-SNAPSHOT.jar:?]
	at org.apache.hadoop.ozone.protocolPB.OzoneManagerRequestHandler.handleReadRequest(OzoneManagerRequestHandler.java:224) ~[ozone-manager-1.3.0-SNAPSHOT.jar:?]
	at org.apache.hadoop.ozone.protocolPB.OzoneManagerProtocolServerSideTranslatorPB.submitRequestDirectlyToOM(OzoneManagerProtocolServerSideTranslatorPB.java:276) ~[ozone-manager-1.3.0-SNAPSHOT.jar:?]
	at org.apache.hadoop.ozone.protocolPB.OzoneManagerProtocolServerSideTranslatorPB.processRequest(OzoneManagerProtocolServerSideTranslatorPB.java:205) ~[ozone-manager-1.3.0-SNAPSHOT.jar:?]
	at org.apache.hadoop.hdds.server.OzoneProtocolMessageDispatcher.processRequest(OzoneProtocolMessageDispatcher.java:87) [hdds-server-framework-1.3.0-SNAPSHOT.jar:?]
	at org.apache.hadoop.ozone.protocolPB.OzoneManagerProtocolServerSideTranslatorPB.submitRequest(OzoneManagerProtocolServerSideTranslatorPB.java:147) [ozone-manager-1.3.0-SNAPSHOT.jar:?]
	at org.apache.hadoop.ozone.protocol.proto.OzoneManagerProtocolProtos$OzoneManagerService$2.callBlockingMethod(OzoneManagerProtocolProtos.java) [ozone-interface-client-1.3.0-SNAPSHOT.jar:?]
	at org.apache.hadoop.ipc.ProtobufRpcEngine$Server.processCall(ProtobufRpcEngine.java:466) [hadoop-common-3.3.1.jar:?]
	at org.apache.hadoop.ipc.ProtobufRpcEngine2$Server$ProtoBufRpcInvoker.call(ProtobufRpcEngine2.java:574) [hadoop-common-3.3.1.jar:?]
	at org.apache.hadoop.ipc.ProtobufRpcEngine2$Server$ProtoBufRpcInvoker.call(ProtobufRpcEngine2.java:552) [hadoop-common-3.3.1.jar:?]
	at org.apache.hadoop.ipc.RPC$Server.call(RPC.java:1093) [hadoop-common-3.3.1.jar:?]
	at org.apache.hadoop.ipc.Server$RpcCall.run(Server.java:1035) [hadoop-common-3.3.1.jar:?]
	at org.apache.hadoop.ipc.Server$RpcCall.run(Server.java:963) [hadoop-common-3.3.1.jar:?]
	at java.security.AccessController.doPrivileged(Native Method) ~[?:1.8.0_332]
	at javax.security.auth.Subject.doAs(Subject.java:422) [?:1.8.0_332]
	at org.apache.hadoop.security.UserGroupInformation.doAs(UserGroupInformation.java:1878) [hadoop-common-3.3.1.jar:?]
	at org.apache.hadoop.ipc.Server$Handler.run(Server.java:2966) [hadoop-common-3.3.1.jar:?]
13:54:13.589 [IPC Server handler 19 on default port 41147] ERROR OMAudit - user=runner | ip=127.0.0.1 | op=GET_FILE_STATUS {volume=3055ed78-6dd0-4543-b200-b160c7a8752b, bucket=54c4bc13-b4d8-4af8-ac90-01762a766fce, key=.Trash, dataSize=0, replicationConfig=null} | ret=FAILURE
org.apache.hadoop.ozone.om.exceptions.OMException: Unable to get file status: volume: 3055ed78-6dd0-4543-b200-b160c7a8752b bucket: 54c4bc13-b4d8-4af8-ac90-01762a766fce key: .Trash
	at org.apache.hadoop.ozone.om.KeyManagerImpl.getOzoneFileStatus(KeyManagerImpl.java:1311) ~[ozone-manager-1.3.0-SNAPSHOT.jar:?]
	at org.apache.hadoop.ozone.om.KeyManagerImpl.getFileStatus(KeyManagerImpl.java:1241) ~[ozone-manager-1.3.0-SNAPSHOT.jar:?]
	at org.apache.hadoop.ozone.om.OzoneManager.getFileStatus(OzoneManager.java:3467) ~[ozone-manager-1.3.0-SNAPSHOT.jar:?]
	at org.apache.hadoop.ozone.protocolPB.OzoneManagerRequestHandler.getOzoneFileStatus(OzoneManagerRequestHandler.java:878) ~[ozone-manager-1.3.0-SNAPSHOT.jar:?]
	at org.apache.hadoop.ozone.protocolPB.OzoneManagerRequestHandler.handleReadRequest(OzoneManagerRequestHandler.java:224) ~[ozone-manager-1.3.0-SNAPSHOT.jar:?]
	at org.apache.hadoop.ozone.protocolPB.OzoneManagerProtocolServerSideTranslatorPB.submitRequestDirectlyToOM(OzoneManagerProtocolServerSideTranslatorPB.java:276) ~[ozone-manager-1.3.0-SNAPSHOT.jar:?]
	at org.apache.hadoop.ozone.protocolPB.OzoneManagerProtocolServerSideTranslatorPB.processRequest(OzoneManagerProtocolServerSideTranslatorPB.java:205) ~[ozone-manager-1.3.0-SNAPSHOT.jar:?]
	at org.apache.hadoop.hdds.server.OzoneProtocolMessageDispatcher.processRequest(OzoneProtocolMessageDispatcher.java:87) [hdds-server-framework-1.3.0-SNAPSHOT.jar:?]
	at org.apache.hadoop.ozone.protocolPB.OzoneManagerProtocolServerSideTranslatorPB.submitRequest(OzoneManagerProtocolServerSideTranslatorPB.java:147) [ozone-manager-1.3.0-SNAPSHOT.jar:?]
	at org.apache.hadoop.ozone.protocol.proto.OzoneManagerProtocolProtos$OzoneManagerService$2.callBlockingMethod(OzoneManagerProtocolProtos.java) [ozone-interface-client-1.3.0-SNAPSHOT.jar:?]
	at org.apache.hadoop.ipc.ProtobufRpcEngine$Server.processCall(ProtobufRpcEngine.java:466) [hadoop-common-3.3.1.jar:?]
	at org.apache.hadoop.ipc.ProtobufRpcEngine2$Server$ProtoBufRpcInvoker.call(ProtobufRpcEngine2.java:574) [hadoop-common-3.3.1.jar:?]
	at org.apache.hadoop.ipc.ProtobufRpcEngine2$Server$ProtoBufRpcInvoker.call(ProtobufRpcEngine2.java:552) [hadoop-common-3.3.1.jar:?]
	at org.apache.hadoop.ipc.RPC$Server.call(RPC.java:1093) [hadoop-common-3.3.1.jar:?]
	at org.apache.hadoop.ipc.Server$RpcCall.run(Server.java:1035) [hadoop-common-3.3.1.jar:?]
	at org.apache.hadoop.ipc.Server$RpcCall.run(Server.java:963) [hadoop-common-3.3.1.jar:?]
	at java.security.AccessController.doPrivileged(Native Method) ~[?:1.8.0_332]
	at javax.security.auth.Subject.doAs(Subject.java:422) [?:1.8.0_332]
	at org.apache.hadoop.security.UserGroupInformation.doAs(UserGroupInformation.java:1878) [hadoop-common-3.3.1.jar:?]
	at org.apache.hadoop.ipc.Server$Handler.run(Server.java:2966) [hadoop-common-3.3.1.jar:?]
]]></system-out>
  </testcase>
  <testcase name="testCreateDoesNotAddParentDirKeys" classname="TestRootedOzoneFileSystem" time="0.096">
    <system-out><![CDATA[2022-07-27 13:49:19,996 [Time-limited test] INFO  rpc.RpcClient (RpcClient.java:createVolume(467)) - Creating Volume: volume44704, with user16477 as owner and space quota set to -1 bytes, counts quota set to -1
2022-07-27 13:49:19,998 [OM StateMachine ApplyTransaction Thread - 0] INFO  volume.OMVolumeCreateRequest (OMVolumeCreateRequest.java:validateAndUpdateCache(195)) - created volume:volume44704 for user:user16477
2022-07-27 13:49:20,000 [Time-limited test] INFO  rpc.RpcClient (RpcClient.java:createBucket(670)) - Creating Bucket: volume44704/bucket62495, with bucket layout LEGACY, runner as owner, Versioning false, Storage Type set to DISK and Encryption set to false 
2022-07-27 13:49:20,003 [OM StateMachine ApplyTransaction Thread - 0] INFO  bucket.OMBucketCreateRequest (OMBucketCreateRequest.java:validateAndUpdateCache(260)) - created bucket: bucket62495 of layout LEGACY in volume: volume44704
13:49:20.039 [IPC Server handler 18 on default port 44975] ERROR OMAudit - user=runner | ip=127.0.0.1 | op=READ_KEY {volume=volume44704, bucket=bucket62495, key=testCreateDoesNotAddParentDirKeys/parent/, dataSize=0, replicationConfig=null} | ret=FAILURE
org.apache.hadoop.ozone.om.exceptions.OMException: Key:testCreateDoesNotAddParentDirKeys/parent not found
	at org.apache.hadoop.ozone.om.KeyManagerImpl.lookupKey(KeyManagerImpl.java:399) ~[ozone-manager-1.3.0-SNAPSHOT.jar:?]
	at org.apache.hadoop.ozone.om.OzoneManager.lookupKey(OzoneManager.java:2818) ~[ozone-manager-1.3.0-SNAPSHOT.jar:?]
	at org.apache.hadoop.ozone.protocolPB.OzoneManagerRequestHandler.lookupKey(OzoneManagerRequestHandler.java:491) ~[ozone-manager-1.3.0-SNAPSHOT.jar:?]
	at org.apache.hadoop.ozone.protocolPB.OzoneManagerRequestHandler.handleReadRequest(OzoneManagerRequestHandler.java:184) ~[ozone-manager-1.3.0-SNAPSHOT.jar:?]
	at org.apache.hadoop.ozone.protocolPB.OzoneManagerProtocolServerSideTranslatorPB.submitReadRequestToOM(OzoneManagerProtocolServerSideTranslatorPB.java:226) ~[ozone-manager-1.3.0-SNAPSHOT.jar:?]
	at org.apache.hadoop.ozone.protocolPB.OzoneManagerProtocolServerSideTranslatorPB.processRequest(OzoneManagerProtocolServerSideTranslatorPB.java:175) ~[ozone-manager-1.3.0-SNAPSHOT.jar:?]
	at org.apache.hadoop.hdds.server.OzoneProtocolMessageDispatcher.processRequest(OzoneProtocolMessageDispatcher.java:87) [hdds-server-framework-1.3.0-SNAPSHOT.jar:?]
	at org.apache.hadoop.ozone.protocolPB.OzoneManagerProtocolServerSideTranslatorPB.submitRequest(OzoneManagerProtocolServerSideTranslatorPB.java:147) [ozone-manager-1.3.0-SNAPSHOT.jar:?]
	at org.apache.hadoop.ozone.protocol.proto.OzoneManagerProtocolProtos$OzoneManagerService$2.callBlockingMethod(OzoneManagerProtocolProtos.java) [ozone-interface-client-1.3.0-SNAPSHOT.jar:?]
	at org.apache.hadoop.ipc.ProtobufRpcEngine$Server.processCall(ProtobufRpcEngine.java:466) [hadoop-common-3.3.1.jar:?]
	at org.apache.hadoop.ipc.ProtobufRpcEngine2$Server$ProtoBufRpcInvoker.call(ProtobufRpcEngine2.java:574) [hadoop-common-3.3.1.jar:?]
	at org.apache.hadoop.ipc.ProtobufRpcEngine2$Server$ProtoBufRpcInvoker.call(ProtobufRpcEngine2.java:552) [hadoop-common-3.3.1.jar:?]
	at org.apache.hadoop.ipc.RPC$Server.call(RPC.java:1093) [hadoop-common-3.3.1.jar:?]
	at org.apache.hadoop.ipc.Server$RpcCall.run(Server.java:1035) [hadoop-common-3.3.1.jar:?]
	at org.apache.hadoop.ipc.Server$RpcCall.run(Server.java:963) [hadoop-common-3.3.1.jar:?]
	at java.security.AccessController.doPrivileged(Native Method) ~[?:1.8.0_332]
	at javax.security.auth.Subject.doAs(Subject.java:422) [?:1.8.0_332]
	at org.apache.hadoop.security.UserGroupInformation.doAs(UserGroupInformation.java:1878) [hadoop-common-3.3.1.jar:?]
	at org.apache.hadoop.ipc.Server$Handler.run(Server.java:2966) [hadoop-common-3.3.1.jar:?]
]]></system-out>
  </testcase>
  <testcase name="testCreateDoesNotAddParentDirKeys" classname="TestRootedOzoneFileSystem" time="0.106">
    <system-out><![CDATA[2022-07-27 13:50:25,020 [Time-limited test] INFO  rpc.RpcClient (RpcClient.java:createVolume(467)) - Creating Volume: volume91846, with user59289 as owner and space quota set to -1 bytes, counts quota set to -1
2022-07-27 13:50:25,028 [OM StateMachine ApplyTransaction Thread - 0] INFO  volume.OMVolumeCreateRequest (OMVolumeCreateRequest.java:validateAndUpdateCache(195)) - created volume:volume91846 for user:user59289
2022-07-27 13:50:25,030 [Time-limited test] INFO  rpc.RpcClient (RpcClient.java:createBucket(670)) - Creating Bucket: volume91846/bucket83538, with bucket layout LEGACY, runner as owner, Versioning false, Storage Type set to DISK and Encryption set to false 
2022-07-27 13:50:25,031 [OM StateMachine ApplyTransaction Thread - 0] INFO  bucket.OMBucketCreateRequest (OMBucketCreateRequest.java:validateAndUpdateCache(260)) - created bucket: bucket83538 of layout LEGACY in volume: volume91846
13:50:25.083 [IPC Server handler 11 on default port 46277] ERROR OMAudit - user=runner | ip=127.0.0.1 | op=READ_KEY {volume=volume91846, bucket=bucket83538, key=testCreateDoesNotAddParentDirKeys/parent/, dataSize=0, replicationConfig=null} | ret=FAILURE
org.apache.hadoop.ozone.om.exceptions.OMException: Key:testCreateDoesNotAddParentDirKeys/parent not found
	at org.apache.hadoop.ozone.om.KeyManagerImpl.lookupKey(KeyManagerImpl.java:399) ~[ozone-manager-1.3.0-SNAPSHOT.jar:?]
	at org.apache.hadoop.ozone.om.OzoneManager.lookupKey(OzoneManager.java:2818) ~[ozone-manager-1.3.0-SNAPSHOT.jar:?]
	at org.apache.hadoop.ozone.protocolPB.OzoneManagerRequestHandler.lookupKey(OzoneManagerRequestHandler.java:491) ~[ozone-manager-1.3.0-SNAPSHOT.jar:?]
	at org.apache.hadoop.ozone.protocolPB.OzoneManagerRequestHandler.handleReadRequest(OzoneManagerRequestHandler.java:184) ~[ozone-manager-1.3.0-SNAPSHOT.jar:?]
	at org.apache.hadoop.ozone.protocolPB.OzoneManagerProtocolServerSideTranslatorPB.submitReadRequestToOM(OzoneManagerProtocolServerSideTranslatorPB.java:226) ~[ozone-manager-1.3.0-SNAPSHOT.jar:?]
	at org.apache.hadoop.ozone.protocolPB.OzoneManagerProtocolServerSideTranslatorPB.processRequest(OzoneManagerProtocolServerSideTranslatorPB.java:175) ~[ozone-manager-1.3.0-SNAPSHOT.jar:?]
	at org.apache.hadoop.hdds.server.OzoneProtocolMessageDispatcher.processRequest(OzoneProtocolMessageDispatcher.java:87) [hdds-server-framework-1.3.0-SNAPSHOT.jar:?]
	at org.apache.hadoop.ozone.protocolPB.OzoneManagerProtocolServerSideTranslatorPB.submitRequest(OzoneManagerProtocolServerSideTranslatorPB.java:147) [ozone-manager-1.3.0-SNAPSHOT.jar:?]
	at org.apache.hadoop.ozone.protocol.proto.OzoneManagerProtocolProtos$OzoneManagerService$2.callBlockingMethod(OzoneManagerProtocolProtos.java) [ozone-interface-client-1.3.0-SNAPSHOT.jar:?]
	at org.apache.hadoop.ipc.ProtobufRpcEngine$Server.processCall(ProtobufRpcEngine.java:466) [hadoop-common-3.3.1.jar:?]
	at org.apache.hadoop.ipc.ProtobufRpcEngine2$Server$ProtoBufRpcInvoker.call(ProtobufRpcEngine2.java:574) [hadoop-common-3.3.1.jar:?]
	at org.apache.hadoop.ipc.ProtobufRpcEngine2$Server$ProtoBufRpcInvoker.call(ProtobufRpcEngine2.java:552) [hadoop-common-3.3.1.jar:?]
	at org.apache.hadoop.ipc.RPC$Server.call(RPC.java:1093) [hadoop-common-3.3.1.jar:?]
	at org.apache.hadoop.ipc.Server$RpcCall.run(Server.java:1035) [hadoop-common-3.3.1.jar:?]
	at org.apache.hadoop.ipc.Server$RpcCall.run(Server.java:963) [hadoop-common-3.3.1.jar:?]
	at java.security.AccessController.doPrivileged(Native Method) ~[?:1.8.0_332]
	at javax.security.auth.Subject.doAs(Subject.java:422) [?:1.8.0_332]
	at org.apache.hadoop.security.UserGroupInformation.doAs(UserGroupInformation.java:1878) [hadoop-common-3.3.1.jar:?]
	at org.apache.hadoop.ipc.Server$Handler.run(Server.java:2966) [hadoop-common-3.3.1.jar:?]
]]></system-out>
  </testcase>
  <testcase name="testCreateDoesNotAddParentDirKeys" classname="TestRootedOzoneFileSystem" time="0.186">
    <system-out><![CDATA[2022-07-27 13:51:35,117 [Time-limited test] INFO  rpc.RpcClient (RpcClient.java:createVolume(467)) - Creating Volume: volume56693, with user53259 as owner and space quota set to -1 bytes, counts quota set to -1
2022-07-27 13:51:35,118 [IPC Server handler 5 on default port 45285] INFO  volume.OMVolumeCreateRequest (OMVolumeCreateRequest.java:validateAndUpdateCache(195)) - created volume:volume56693 for user:user53259
2022-07-27 13:51:35,121 [Time-limited test] INFO  rpc.RpcClient (RpcClient.java:createBucket(670)) - Creating Bucket: volume56693/bucket54439, with bucket layout LEGACY, runner as owner, Versioning false, Storage Type set to DISK and Encryption set to false 
2022-07-27 13:51:35,122 [IPC Server handler 6 on default port 45285] INFO  bucket.OMBucketCreateRequest (OMBucketCreateRequest.java:validateAndUpdateCache(260)) - created bucket: bucket54439 of layout LEGACY in volume: volume56693
13:51:35.196 [IPC Server handler 19 on default port 45285] ERROR OMAudit - user=runner | ip=127.0.0.1 | op=READ_KEY {volume=volume56693, bucket=bucket54439, key=testCreateDoesNotAddParentDirKeys/parent/, dataSize=0, replicationConfig=null} | ret=FAILURE
org.apache.hadoop.ozone.om.exceptions.OMException: Key:testCreateDoesNotAddParentDirKeys/parent not found
	at org.apache.hadoop.ozone.om.KeyManagerImpl.lookupKey(KeyManagerImpl.java:399) ~[ozone-manager-1.3.0-SNAPSHOT.jar:?]
	at org.apache.hadoop.ozone.om.OzoneManager.lookupKey(OzoneManager.java:2818) ~[ozone-manager-1.3.0-SNAPSHOT.jar:?]
	at org.apache.hadoop.ozone.protocolPB.OzoneManagerRequestHandler.lookupKey(OzoneManagerRequestHandler.java:491) ~[ozone-manager-1.3.0-SNAPSHOT.jar:?]
	at org.apache.hadoop.ozone.protocolPB.OzoneManagerRequestHandler.handleReadRequest(OzoneManagerRequestHandler.java:184) ~[ozone-manager-1.3.0-SNAPSHOT.jar:?]
	at org.apache.hadoop.ozone.protocolPB.OzoneManagerProtocolServerSideTranslatorPB.submitRequestDirectlyToOM(OzoneManagerProtocolServerSideTranslatorPB.java:276) ~[ozone-manager-1.3.0-SNAPSHOT.jar:?]
	at org.apache.hadoop.ozone.protocolPB.OzoneManagerProtocolServerSideTranslatorPB.processRequest(OzoneManagerProtocolServerSideTranslatorPB.java:205) ~[ozone-manager-1.3.0-SNAPSHOT.jar:?]
	at org.apache.hadoop.hdds.server.OzoneProtocolMessageDispatcher.processRequest(OzoneProtocolMessageDispatcher.java:87) [hdds-server-framework-1.3.0-SNAPSHOT.jar:?]
	at org.apache.hadoop.ozone.protocolPB.OzoneManagerProtocolServerSideTranslatorPB.submitRequest(OzoneManagerProtocolServerSideTranslatorPB.java:147) [ozone-manager-1.3.0-SNAPSHOT.jar:?]
	at org.apache.hadoop.ozone.protocol.proto.OzoneManagerProtocolProtos$OzoneManagerService$2.callBlockingMethod(OzoneManagerProtocolProtos.java) [ozone-interface-client-1.3.0-SNAPSHOT.jar:?]
	at org.apache.hadoop.ipc.ProtobufRpcEngine$Server.processCall(ProtobufRpcEngine.java:466) [hadoop-common-3.3.1.jar:?]
	at org.apache.hadoop.ipc.ProtobufRpcEngine2$Server$ProtoBufRpcInvoker.call(ProtobufRpcEngine2.java:574) [hadoop-common-3.3.1.jar:?]
	at org.apache.hadoop.ipc.ProtobufRpcEngine2$Server$ProtoBufRpcInvoker.call(ProtobufRpcEngine2.java:552) [hadoop-common-3.3.1.jar:?]
	at org.apache.hadoop.ipc.RPC$Server.call(RPC.java:1093) [hadoop-common-3.3.1.jar:?]
	at org.apache.hadoop.ipc.Server$RpcCall.run(Server.java:1035) [hadoop-common-3.3.1.jar:?]
	at org.apache.hadoop.ipc.Server$RpcCall.run(Server.java:963) [hadoop-common-3.3.1.jar:?]
	at java.security.AccessController.doPrivileged(Native Method) ~[?:1.8.0_332]
	at javax.security.auth.Subject.doAs(Subject.java:422) [?:1.8.0_332]
	at org.apache.hadoop.security.UserGroupInformation.doAs(UserGroupInformation.java:1878) [hadoop-common-3.3.1.jar:?]
	at org.apache.hadoop.ipc.Server$Handler.run(Server.java:2966) [hadoop-common-3.3.1.jar:?]
]]></system-out>
  </testcase>
  <testcase name="testCreateDoesNotAddParentDirKeys" classname="TestRootedOzoneFileSystem" time="0.174">
    <system-out><![CDATA[2022-07-27 13:52:53,240 [Time-limited test] INFO  rpc.RpcClient (RpcClient.java:createVolume(467)) - Creating Volume: volume69373, with user64037 as owner and space quota set to -1 bytes, counts quota set to -1
2022-07-27 13:52:53,242 [OM StateMachine ApplyTransaction Thread - 0] INFO  volume.OMVolumeCreateRequest (OMVolumeCreateRequest.java:validateAndUpdateCache(195)) - created volume:volume69373 for user:user64037
2022-07-27 13:52:53,247 [Time-limited test] INFO  rpc.RpcClient (RpcClient.java:createBucket(670)) - Creating Bucket: volume69373/bucket02356, with bucket layout LEGACY, runner as owner, Versioning false, Storage Type set to DISK and Encryption set to false 
2022-07-27 13:52:53,249 [OM StateMachine ApplyTransaction Thread - 0] INFO  bucket.OMBucketCreateRequest (OMBucketCreateRequest.java:validateAndUpdateCache(260)) - created bucket: bucket02356 of layout LEGACY in volume: volume69373
]]></system-out>
  </testcase>
  <testcase name="testCreateDoesNotAddParentDirKeys" classname="TestRootedOzoneFileSystem" time="0.267">
    <system-out><![CDATA[2022-07-27 13:54:13,710 [Time-limited test] INFO  rpc.RpcClient (RpcClient.java:createVolume(467)) - Creating Volume: volume45818, with user70461 as owner and space quota set to -1 bytes, counts quota set to -1
2022-07-27 13:54:13,715 [IPC Server handler 12 on default port 41147] INFO  volume.OMVolumeCreateRequest (OMVolumeCreateRequest.java:validateAndUpdateCache(195)) - created volume:volume45818 for user:user70461
2022-07-27 13:54:13,764 [Time-limited test] INFO  rpc.RpcClient (RpcClient.java:createBucket(670)) - Creating Bucket: volume45818/bucket53056, with bucket layout LEGACY, runner as owner, Versioning false, Storage Type set to DISK and Encryption set to false 
2022-07-27 13:54:13,765 [IPC Server handler 10 on default port 41147] INFO  bucket.OMBucketCreateRequest (OMBucketCreateRequest.java:validateAndUpdateCache(260)) - created bucket: bucket53056 of layout LEGACY in volume: volume45818
]]></system-out>
  </testcase>
  <testcase name="testMkdirNonExistentVolume" classname="TestRootedOzoneFileSystem" time="0.063">
    <system-out><![CDATA[2022-07-27 13:49:20,097 [Time-limited test] INFO  rpc.RpcClient (RpcClient.java:createVolume(467)) - Creating Volume: volume57935, with user82018 as owner and space quota set to -1 bytes, counts quota set to -1
2022-07-27 13:49:20,103 [OM StateMachine ApplyTransaction Thread - 0] INFO  volume.OMVolumeCreateRequest (OMVolumeCreateRequest.java:validateAndUpdateCache(195)) - created volume:volume57935 for user:user82018
2022-07-27 13:49:20,106 [Time-limited test] INFO  rpc.RpcClient (RpcClient.java:createBucket(670)) - Creating Bucket: volume57935/bucket27147, with bucket layout LEGACY, runner as owner, Versioning false, Storage Type set to DISK and Encryption set to false 
2022-07-27 13:49:20,108 [OM StateMachine ApplyTransaction Thread - 0] INFO  bucket.OMBucketCreateRequest (OMBucketCreateRequest.java:validateAndUpdateCache(260)) - created bucket: bucket27147 of layout LEGACY in volume: volume57935
2022-07-27 13:49:20,111 [Time-limited test] INFO  rpc.RpcClient (RpcClient.java:createVolume(467)) - Creating Volume: volume-71201, with runner as owner and space quota set to -1 bytes, counts quota set to -1
2022-07-27 13:49:20,113 [OM StateMachine ApplyTransaction Thread - 0] INFO  volume.OMVolumeCreateRequest (OMVolumeCreateRequest.java:validateAndUpdateCache(195)) - created volume:volume-71201 for user:runner
]]></system-out>
  </testcase>
  <testcase name="testMkdirNonExistentVolume" classname="TestRootedOzoneFileSystem" time="0.132">
    <system-out><![CDATA[2022-07-27 13:50:25,215 [Time-limited test] INFO  rpc.RpcClient (RpcClient.java:createVolume(467)) - Creating Volume: volume12597, with user13112 as owner and space quota set to -1 bytes, counts quota set to -1
2022-07-27 13:50:25,217 [OM StateMachine ApplyTransaction Thread - 0] INFO  volume.OMVolumeCreateRequest (OMVolumeCreateRequest.java:validateAndUpdateCache(195)) - created volume:volume12597 for user:user13112
2022-07-27 13:50:25,218 [Time-limited test] INFO  rpc.RpcClient (RpcClient.java:createBucket(670)) - Creating Bucket: volume12597/bucket59556, with bucket layout LEGACY, runner as owner, Versioning false, Storage Type set to DISK and Encryption set to false 
2022-07-27 13:50:25,219 [OM StateMachine ApplyTransaction Thread - 0] INFO  bucket.OMBucketCreateRequest (OMBucketCreateRequest.java:validateAndUpdateCache(260)) - created bucket: bucket59556 of layout LEGACY in volume: volume12597
2022-07-27 13:50:25,220 [Time-limited test] INFO  rpc.RpcClient (RpcClient.java:createVolume(467)) - Creating Volume: volume-57932, with runner as owner and space quota set to -1 bytes, counts quota set to -1
2022-07-27 13:50:25,221 [OM StateMachine ApplyTransaction Thread - 0] INFO  volume.OMVolumeCreateRequest (OMVolumeCreateRequest.java:validateAndUpdateCache(195)) - created volume:volume-57932 for user:runner
]]></system-out>
  </testcase>
  <testcase name="testMkdirNonExistentVolume" classname="TestRootedOzoneFileSystem" time="0.125">
    <system-out><![CDATA[2022-07-27 13:51:35,315 [Time-limited test] INFO  rpc.RpcClient (RpcClient.java:createVolume(467)) - Creating Volume: volume70653, with user36388 as owner and space quota set to -1 bytes, counts quota set to -1
2022-07-27 13:51:35,316 [IPC Server handler 13 on default port 45285] INFO  volume.OMVolumeCreateRequest (OMVolumeCreateRequest.java:validateAndUpdateCache(195)) - created volume:volume70653 for user:user36388
2022-07-27 13:51:35,320 [Time-limited test] INFO  rpc.RpcClient (RpcClient.java:createBucket(670)) - Creating Bucket: volume70653/bucket43077, with bucket layout LEGACY, runner as owner, Versioning false, Storage Type set to DISK and Encryption set to false 
2022-07-27 13:51:35,321 [IPC Server handler 15 on default port 45285] INFO  bucket.OMBucketCreateRequest (OMBucketCreateRequest.java:validateAndUpdateCache(260)) - created bucket: bucket43077 of layout LEGACY in volume: volume70653
2022-07-27 13:51:35,322 [Time-limited test] INFO  rpc.RpcClient (RpcClient.java:createVolume(467)) - Creating Volume: volume-73728, with runner as owner and space quota set to -1 bytes, counts quota set to -1
2022-07-27 13:51:35,322 [IPC Server handler 19 on default port 45285] INFO  volume.OMVolumeCreateRequest (OMVolumeCreateRequest.java:validateAndUpdateCache(195)) - created volume:volume-73728 for user:runner
]]></system-out>
  </testcase>
  <testcase name="testMkdirNonExistentVolume" classname="TestRootedOzoneFileSystem" time="0.137">
    <system-out><![CDATA[2022-07-27 13:52:53,442 [Time-limited test] INFO  rpc.RpcClient (RpcClient.java:createVolume(467)) - Creating Volume: volume68632, with user93723 as owner and space quota set to -1 bytes, counts quota set to -1
2022-07-27 13:52:53,447 [OM StateMachine ApplyTransaction Thread - 0] INFO  volume.OMVolumeCreateRequest (OMVolumeCreateRequest.java:validateAndUpdateCache(195)) - created volume:volume68632 for user:user93723
2022-07-27 13:52:53,452 [Time-limited test] INFO  rpc.RpcClient (RpcClient.java:createBucket(670)) - Creating Bucket: volume68632/bucket24650, with bucket layout LEGACY, runner as owner, Versioning false, Storage Type set to DISK and Encryption set to false 
2022-07-27 13:52:53,453 [OM StateMachine ApplyTransaction Thread - 0] INFO  bucket.OMBucketCreateRequest (OMBucketCreateRequest.java:validateAndUpdateCache(260)) - created bucket: bucket24650 of layout LEGACY in volume: volume68632
2022-07-27 13:52:53,469 [Time-limited test] INFO  rpc.RpcClient (RpcClient.java:createVolume(467)) - Creating Volume: volume-93886, with runner as owner and space quota set to -1 bytes, counts quota set to -1
2022-07-27 13:52:53,470 [OM StateMachine ApplyTransaction Thread - 0] INFO  volume.OMVolumeCreateRequest (OMVolumeCreateRequest.java:validateAndUpdateCache(195)) - created volume:volume-93886 for user:runner
]]></system-out>
  </testcase>
  <testcase name="testMkdirNonExistentVolume" classname="TestRootedOzoneFileSystem" time="0.105">
    <system-out><![CDATA[2022-07-27 13:54:13,959 [Time-limited test] INFO  rpc.RpcClient (RpcClient.java:createVolume(467)) - Creating Volume: volume18967, with user68914 as owner and space quota set to -1 bytes, counts quota set to -1
2022-07-27 13:54:13,961 [IPC Server handler 3 on default port 41147] INFO  volume.OMVolumeCreateRequest (OMVolumeCreateRequest.java:validateAndUpdateCache(195)) - created volume:volume18967 for user:user68914
2022-07-27 13:54:13,964 [Time-limited test] INFO  rpc.RpcClient (RpcClient.java:createBucket(670)) - Creating Bucket: volume18967/bucket71811, with bucket layout LEGACY, runner as owner, Versioning false, Storage Type set to DISK and Encryption set to false 
2022-07-27 13:54:13,964 [IPC Server handler 16 on default port 41147] INFO  bucket.OMBucketCreateRequest (OMBucketCreateRequest.java:validateAndUpdateCache(260)) - created bucket: bucket71811 of layout LEGACY in volume: volume18967
2022-07-27 13:54:13,965 [Time-limited test] INFO  rpc.RpcClient (RpcClient.java:createVolume(467)) - Creating Volume: volume-77819, with runner as owner and space quota set to -1 bytes, counts quota set to -1
2022-07-27 13:54:13,971 [IPC Server handler 13 on default port 41147] INFO  volume.OMVolumeCreateRequest (OMVolumeCreateRequest.java:validateAndUpdateCache(195)) - created volume:volume-77819 for user:runner
]]></system-out>
  </testcase>
  <testcase name="testDeleteCreatesFakeParentDir" classname="TestRootedOzoneFileSystem" time="0">
    <skipped type="org.junit.AssumptionViolatedException"><![CDATA[org.junit.AssumptionViolatedException: FS Path is enabled. Skipping this test as it is not tuned for FS Path yet
	at org.junit.Assume.assumeTrue(Assume.java:68)
	at org.apache.hadoop.fs.ozone.TestRootedOzoneFileSystem.testDeleteCreatesFakeParentDir(TestRootedOzoneFileSystem.java:318)
	at sun.reflect.NativeMethodAccessorImpl.invoke0(Native Method)
	at sun.reflect.NativeMethodAccessorImpl.invoke(NativeMethodAccessorImpl.java:62)
	at sun.reflect.DelegatingMethodAccessorImpl.invoke(DelegatingMethodAccessorImpl.java:43)
	at java.lang.reflect.Method.invoke(Method.java:498)
	at org.junit.runners.model.FrameworkMethod$1.runReflectiveCall(FrameworkMethod.java:59)
	at org.junit.internal.runners.model.ReflectiveCallable.run(ReflectiveCallable.java:12)
	at org.junit.runners.model.FrameworkMethod.invokeExplosively(FrameworkMethod.java:56)
	at org.junit.internal.runners.statements.InvokeMethod.evaluate(InvokeMethod.java:17)
	at org.junit.internal.runners.statements.RunBefores.evaluate(RunBefores.java:26)
	at org.junit.internal.runners.statements.RunAfters.evaluate(RunAfters.java:27)
	at org.junit.internal.runners.statements.FailOnTimeout$CallableStatement.call(FailOnTimeout.java:288)
	at org.junit.internal.runners.statements.FailOnTimeout$CallableStatement.call(FailOnTimeout.java:282)
	at java.util.concurrent.FutureTask.run(FutureTask.java:266)
	at java.lang.Thread.run(Thread.java:750)
]]></skipped>
    <system-out><![CDATA[2022-07-27 13:49:20,159 [Time-limited test] INFO  rpc.RpcClient (RpcClient.java:createVolume(467)) - Creating Volume: volume27859, with user29164 as owner and space quota set to -1 bytes, counts quota set to -1
2022-07-27 13:49:20,164 [OM StateMachine ApplyTransaction Thread - 0] INFO  volume.OMVolumeCreateRequest (OMVolumeCreateRequest.java:validateAndUpdateCache(195)) - created volume:volume27859 for user:user29164
2022-07-27 13:49:20,166 [Time-limited test] INFO  rpc.RpcClient (RpcClient.java:createBucket(670)) - Creating Bucket: volume27859/bucket99314, with bucket layout LEGACY, runner as owner, Versioning false, Storage Type set to DISK and Encryption set to false 
2022-07-27 13:49:20,168 [OM StateMachine ApplyTransaction Thread - 0] INFO  bucket.OMBucketCreateRequest (OMBucketCreateRequest.java:validateAndUpdateCache(260)) - created bucket: bucket99314 of layout LEGACY in volume: volume27859
]]></system-out>
  </testcase>
  <testcase name="testDeleteCreatesFakeParentDir" classname="TestRootedOzoneFileSystem" time="0">
    <skipped type="org.junit.AssumptionViolatedException"><![CDATA[org.junit.AssumptionViolatedException: FS Path is enabled. Skipping this test as it is not tuned for FS Path yet
	at org.junit.Assume.assumeTrue(Assume.java:68)
	at org.apache.hadoop.fs.ozone.TestRootedOzoneFileSystem.testDeleteCreatesFakeParentDir(TestRootedOzoneFileSystem.java:318)
	at sun.reflect.NativeMethodAccessorImpl.invoke0(Native Method)
	at sun.reflect.NativeMethodAccessorImpl.invoke(NativeMethodAccessorImpl.java:62)
	at sun.reflect.DelegatingMethodAccessorImpl.invoke(DelegatingMethodAccessorImpl.java:43)
	at java.lang.reflect.Method.invoke(Method.java:498)
	at org.junit.runners.model.FrameworkMethod$1.runReflectiveCall(FrameworkMethod.java:59)
	at org.junit.internal.runners.model.ReflectiveCallable.run(ReflectiveCallable.java:12)
	at org.junit.runners.model.FrameworkMethod.invokeExplosively(FrameworkMethod.java:56)
	at org.junit.internal.runners.statements.InvokeMethod.evaluate(InvokeMethod.java:17)
	at org.junit.internal.runners.statements.RunBefores.evaluate(RunBefores.java:26)
	at org.junit.internal.runners.statements.RunAfters.evaluate(RunAfters.java:27)
	at org.junit.internal.runners.statements.FailOnTimeout$CallableStatement.call(FailOnTimeout.java:288)
	at org.junit.internal.runners.statements.FailOnTimeout$CallableStatement.call(FailOnTimeout.java:282)
	at java.util.concurrent.FutureTask.run(FutureTask.java:266)
	at java.lang.Thread.run(Thread.java:750)
]]></skipped>
    <system-out><![CDATA[2022-07-27 13:50:25,294 [68b1a215-e375-44d3-a5cb-74a1c393ca27@group-475CD9ECF321-FollowerState] INFO  impl.FollowerState (FollowerState.java:run(143)) - 68b1a215-e375-44d3-a5cb-74a1c393ca27@group-475CD9ECF321-FollowerState: change to CANDIDATE, lastRpcElapsedTime:5033574515ns, electionTimeout:5009ms
2022-07-27 13:50:25,294 [68b1a215-e375-44d3-a5cb-74a1c393ca27@group-475CD9ECF321-FollowerState] INFO  impl.RoleInfo (RoleInfo.java:shutdownFollowerState(110)) - 68b1a215-e375-44d3-a5cb-74a1c393ca27: shutdown 68b1a215-e375-44d3-a5cb-74a1c393ca27@group-475CD9ECF321-FollowerState
2022-07-27 13:50:25,294 [68b1a215-e375-44d3-a5cb-74a1c393ca27@group-475CD9ECF321-FollowerState] INFO  server.RaftServer$Division (RaftServerImpl.java:setRole(299)) - 68b1a215-e375-44d3-a5cb-74a1c393ca27@group-475CD9ECF321: changes role from  FOLLOWER to CANDIDATE at term 1 for changeToCandidate
2022-07-27 13:50:25,294 [68b1a215-e375-44d3-a5cb-74a1c393ca27@group-475CD9ECF321-FollowerState] INFO  server.RaftServerConfigKeys (ConfUtils.java:logGet(46)) - raft.server.leaderelection.pre-vote = false (custom)
2022-07-27 13:50:25,294 [68b1a215-e375-44d3-a5cb-74a1c393ca27@group-475CD9ECF321-FollowerState] INFO  impl.RoleInfo (RoleInfo.java:updateAndGet(139)) - 68b1a215-e375-44d3-a5cb-74a1c393ca27: start 68b1a215-e375-44d3-a5cb-74a1c393ca27@group-475CD9ECF321-LeaderElection22
2022-07-27 13:50:25,342 [68b1a215-e375-44d3-a5cb-74a1c393ca27@group-475CD9ECF321-LeaderElection22] INFO  impl.LeaderElection (LeaderElection.java:askForVotes(310)) - 68b1a215-e375-44d3-a5cb-74a1c393ca27@group-475CD9ECF321-LeaderElection22 ELECTION round 0: submit vote requests at term 2 for -1: [307e1e91-324e-43cf-a54a-5645731ed350|rpc:10.1.0.21:40907|dataStream:|priority:0, e71fbb36-3969-41f7-998b-9a309dacec97|rpc:10.1.0.21:38701|dataStream:|priority:0, 68b1a215-e375-44d3-a5cb-74a1c393ca27|rpc:10.1.0.21:44933|dataStream:|priority:1], old=null
2022-07-27 13:50:25,342 [Time-limited test] INFO  rpc.RpcClient (RpcClient.java:createVolume(467)) - Creating Volume: volume23203, with user59856 as owner and space quota set to -1 bytes, counts quota set to -1
2022-07-27 13:50:25,345 [OM StateMachine ApplyTransaction Thread - 0] INFO  volume.OMVolumeCreateRequest (OMVolumeCreateRequest.java:validateAndUpdateCache(195)) - created volume:volume23203 for user:user59856
2022-07-27 13:50:25,346 [Time-limited test] INFO  rpc.RpcClient (RpcClient.java:createBucket(670)) - Creating Bucket: volume23203/bucket71937, with bucket layout LEGACY, runner as owner, Versioning false, Storage Type set to DISK and Encryption set to false 
2022-07-27 13:50:25,347 [OM StateMachine ApplyTransaction Thread - 0] INFO  bucket.OMBucketCreateRequest (OMBucketCreateRequest.java:validateAndUpdateCache(260)) - created bucket: bucket71937 of layout LEGACY in volume: volume23203
]]></system-out>
  </testcase>
  <testcase name="testDeleteCreatesFakeParentDir" classname="TestRootedOzoneFileSystem" time="0">
    <skipped type="org.junit.AssumptionViolatedException"><![CDATA[org.junit.AssumptionViolatedException: FS Path is enabled. Skipping this test as it is not tuned for FS Path yet
	at org.junit.Assume.assumeTrue(Assume.java:68)
	at org.apache.hadoop.fs.ozone.TestRootedOzoneFileSystem.testDeleteCreatesFakeParentDir(TestRootedOzoneFileSystem.java:318)
	at sun.reflect.NativeMethodAccessorImpl.invoke0(Native Method)
	at sun.reflect.NativeMethodAccessorImpl.invoke(NativeMethodAccessorImpl.java:62)
	at sun.reflect.DelegatingMethodAccessorImpl.invoke(DelegatingMethodAccessorImpl.java:43)
	at java.lang.reflect.Method.invoke(Method.java:498)
	at org.junit.runners.model.FrameworkMethod$1.runReflectiveCall(FrameworkMethod.java:59)
	at org.junit.internal.runners.model.ReflectiveCallable.run(ReflectiveCallable.java:12)
	at org.junit.runners.model.FrameworkMethod.invokeExplosively(FrameworkMethod.java:56)
	at org.junit.internal.runners.statements.InvokeMethod.evaluate(InvokeMethod.java:17)
	at org.junit.internal.runners.statements.RunBefores.evaluate(RunBefores.java:26)
	at org.junit.internal.runners.statements.RunAfters.evaluate(RunAfters.java:27)
	at org.junit.internal.runners.statements.FailOnTimeout$CallableStatement.call(FailOnTimeout.java:288)
	at org.junit.internal.runners.statements.FailOnTimeout$CallableStatement.call(FailOnTimeout.java:282)
	at java.util.concurrent.FutureTask.run(FutureTask.java:266)
	at java.lang.Thread.run(Thread.java:750)
]]></skipped>
    <system-out><![CDATA[2022-07-27 13:51:35,439 [Time-limited test] INFO  rpc.RpcClient (RpcClient.java:createVolume(467)) - Creating Volume: volume22051, with user44918 as owner and space quota set to -1 bytes, counts quota set to -1
2022-07-27 13:51:35,440 [IPC Server handler 17 on default port 45285] INFO  volume.OMVolumeCreateRequest (OMVolumeCreateRequest.java:validateAndUpdateCache(195)) - created volume:volume22051 for user:user44918
2022-07-27 13:51:35,442 [Time-limited test] INFO  rpc.RpcClient (RpcClient.java:createBucket(670)) - Creating Bucket: volume22051/bucket11066, with bucket layout LEGACY, runner as owner, Versioning false, Storage Type set to DISK and Encryption set to false 
2022-07-27 13:51:35,443 [IPC Server handler 2 on default port 45285] INFO  bucket.OMBucketCreateRequest (OMBucketCreateRequest.java:validateAndUpdateCache(260)) - created bucket: bucket11066 of layout LEGACY in volume: volume22051
]]></system-out>
  </testcase>
  <testcase name="testDeleteCreatesFakeParentDir" classname="TestRootedOzoneFileSystem" time="0.216">
    <system-out><![CDATA[2022-07-27 13:52:53,556 [Time-limited test] INFO  rpc.RpcClient (RpcClient.java:createVolume(467)) - Creating Volume: volume76684, with user10749 as owner and space quota set to -1 bytes, counts quota set to -1
2022-07-27 13:52:53,563 [OM StateMachine ApplyTransaction Thread - 0] INFO  volume.OMVolumeCreateRequest (OMVolumeCreateRequest.java:validateAndUpdateCache(195)) - created volume:volume76684 for user:user10749
2022-07-27 13:52:53,571 [Time-limited test] INFO  rpc.RpcClient (RpcClient.java:createBucket(670)) - Creating Bucket: volume76684/bucket48866, with bucket layout LEGACY, runner as owner, Versioning false, Storage Type set to DISK and Encryption set to false 
2022-07-27 13:52:53,575 [OM StateMachine ApplyTransaction Thread - 0] INFO  bucket.OMBucketCreateRequest (OMBucketCreateRequest.java:validateAndUpdateCache(260)) - created bucket: bucket48866 of layout LEGACY in volume: volume76684
]]></system-out>
  </testcase>
  <testcase name="testDeleteCreatesFakeParentDir" classname="TestRootedOzoneFileSystem" time="0.157">
    <system-out><![CDATA[2022-07-27 13:54:14,048 [Time-limited test] INFO  rpc.RpcClient (RpcClient.java:createVolume(467)) - Creating Volume: volume68881, with user59998 as owner and space quota set to -1 bytes, counts quota set to -1
2022-07-27 13:54:14,053 [IPC Server handler 1 on default port 41147] INFO  volume.OMVolumeCreateRequest (OMVolumeCreateRequest.java:validateAndUpdateCache(195)) - created volume:volume68881 for user:user59998
2022-07-27 13:54:14,059 [Time-limited test] INFO  rpc.RpcClient (RpcClient.java:createBucket(670)) - Creating Bucket: volume68881/bucket42525, with bucket layout LEGACY, runner as owner, Versioning false, Storage Type set to DISK and Encryption set to false 
2022-07-27 13:54:14,060 [IPC Server handler 18 on default port 41147] INFO  bucket.OMBucketCreateRequest (OMBucketCreateRequest.java:validateAndUpdateCache(260)) - created bucket: bucket42525 of layout LEGACY in volume: volume68881
]]></system-out>
  </testcase>
  <testcase name="testNonExplicitlyCreatedPathExistsAfterItsLeafsWereRemoved" classname="TestRootedOzoneFileSystem" time="0.087">
    <system-out><![CDATA[2022-07-27 13:49:20,210 [Time-limited test] INFO  rpc.RpcClient (RpcClient.java:createVolume(467)) - Creating Volume: volume19274, with user51818 as owner and space quota set to -1 bytes, counts quota set to -1
2022-07-27 13:49:20,212 [OM StateMachine ApplyTransaction Thread - 0] INFO  volume.OMVolumeCreateRequest (OMVolumeCreateRequest.java:validateAndUpdateCache(195)) - created volume:volume19274 for user:user51818
2022-07-27 13:49:20,217 [Time-limited test] INFO  rpc.RpcClient (RpcClient.java:createBucket(670)) - Creating Bucket: volume19274/bucket59758, with bucket layout LEGACY, runner as owner, Versioning false, Storage Type set to DISK and Encryption set to false 
2022-07-27 13:49:20,219 [OM StateMachine ApplyTransaction Thread - 0] INFO  bucket.OMBucketCreateRequest (OMBucketCreateRequest.java:validateAndUpdateCache(260)) - created bucket: bucket59758 of layout LEGACY in volume: volume19274
13:49:20.232 [IPC Server handler 0 on default port 44975] ERROR OMAudit - user=runner | ip=127.0.0.1 | op=GET_FILE_STATUS {volume=volume19274, bucket=bucket59758, key=target/leaf, dataSize=0, replicationConfig=null} | ret=FAILURE
org.apache.hadoop.ozone.om.exceptions.OMException: Unable to get file status: volume: volume19274 bucket: bucket59758 key: target/leaf
	at org.apache.hadoop.ozone.om.KeyManagerImpl.getOzoneFileStatus(KeyManagerImpl.java:1311) ~[ozone-manager-1.3.0-SNAPSHOT.jar:?]
	at org.apache.hadoop.ozone.om.KeyManagerImpl.getFileStatus(KeyManagerImpl.java:1241) ~[ozone-manager-1.3.0-SNAPSHOT.jar:?]
	at org.apache.hadoop.ozone.om.OzoneManager.getFileStatus(OzoneManager.java:3467) ~[ozone-manager-1.3.0-SNAPSHOT.jar:?]
	at org.apache.hadoop.ozone.protocolPB.OzoneManagerRequestHandler.getOzoneFileStatus(OzoneManagerRequestHandler.java:878) ~[ozone-manager-1.3.0-SNAPSHOT.jar:?]
	at org.apache.hadoop.ozone.protocolPB.OzoneManagerRequestHandler.handleReadRequest(OzoneManagerRequestHandler.java:224) ~[ozone-manager-1.3.0-SNAPSHOT.jar:?]
	at org.apache.hadoop.ozone.protocolPB.OzoneManagerProtocolServerSideTranslatorPB.submitReadRequestToOM(OzoneManagerProtocolServerSideTranslatorPB.java:226) ~[ozone-manager-1.3.0-SNAPSHOT.jar:?]
	at org.apache.hadoop.ozone.protocolPB.OzoneManagerProtocolServerSideTranslatorPB.processRequest(OzoneManagerProtocolServerSideTranslatorPB.java:175) ~[ozone-manager-1.3.0-SNAPSHOT.jar:?]
	at org.apache.hadoop.hdds.server.OzoneProtocolMessageDispatcher.processRequest(OzoneProtocolMessageDispatcher.java:87) [hdds-server-framework-1.3.0-SNAPSHOT.jar:?]
	at org.apache.hadoop.ozone.protocolPB.OzoneManagerProtocolServerSideTranslatorPB.submitRequest(OzoneManagerProtocolServerSideTranslatorPB.java:147) [ozone-manager-1.3.0-SNAPSHOT.jar:?]
	at org.apache.hadoop.ozone.protocol.proto.OzoneManagerProtocolProtos$OzoneManagerService$2.callBlockingMethod(OzoneManagerProtocolProtos.java) [ozone-interface-client-1.3.0-SNAPSHOT.jar:?]
	at org.apache.hadoop.ipc.ProtobufRpcEngine$Server.processCall(ProtobufRpcEngine.java:466) [hadoop-common-3.3.1.jar:?]
	at org.apache.hadoop.ipc.ProtobufRpcEngine2$Server$ProtoBufRpcInvoker.call(ProtobufRpcEngine2.java:574) [hadoop-common-3.3.1.jar:?]
	at org.apache.hadoop.ipc.ProtobufRpcEngine2$Server$ProtoBufRpcInvoker.call(ProtobufRpcEngine2.java:552) [hadoop-common-3.3.1.jar:?]
	at org.apache.hadoop.ipc.RPC$Server.call(RPC.java:1093) [hadoop-common-3.3.1.jar:?]
	at org.apache.hadoop.ipc.Server$RpcCall.run(Server.java:1035) [hadoop-common-3.3.1.jar:?]
	at org.apache.hadoop.ipc.Server$RpcCall.run(Server.java:963) [hadoop-common-3.3.1.jar:?]
	at java.security.AccessController.doPrivileged(Native Method) ~[?:1.8.0_332]
	at javax.security.auth.Subject.doAs(Subject.java:422) [?:1.8.0_332]
	at org.apache.hadoop.security.UserGroupInformation.doAs(UserGroupInformation.java:1878) [hadoop-common-3.3.1.jar:?]
	at org.apache.hadoop.ipc.Server$Handler.run(Server.java:2966) [hadoop-common-3.3.1.jar:?]
]]></system-out>
  </testcase>
  <testcase name="testNonExplicitlyCreatedPathExistsAfterItsLeafsWereRemoved" classname="TestRootedOzoneFileSystem" time="0.128">
    <system-out><![CDATA[2022-07-27 13:50:25,376 [grpc-default-executor-0] INFO  server.RaftServer$Division (RaftServerImpl.java:requestVote(1152)) - 307e1e91-324e-43cf-a54a-5645731ed350@group-475CD9ECF321: receive requestVote(ELECTION, 68b1a215-e375-44d3-a5cb-74a1c393ca27, group-475CD9ECF321, 2, (t:0, i:0))
2022-07-27 13:50:25,376 [grpc-default-executor-0] INFO  impl.VoteContext (VoteContext.java:log(48)) - 307e1e91-324e-43cf-a54a-5645731ed350@group-475CD9ECF321-FOLLOWER: accept ELECTION from 68b1a215-e375-44d3-a5cb-74a1c393ca27: our priority 0 <= candidate's priority 1
2022-07-27 13:50:25,376 [grpc-default-executor-0] INFO  server.RaftServer$Division (RaftServerImpl.java:setRole(299)) - 307e1e91-324e-43cf-a54a-5645731ed350@group-475CD9ECF321: changes role from  FOLLOWER to FOLLOWER at term 2 for candidate:68b1a215-e375-44d3-a5cb-74a1c393ca27
2022-07-27 13:50:25,376 [grpc-default-executor-0] INFO  impl.RoleInfo (RoleInfo.java:shutdownFollowerState(110)) - 307e1e91-324e-43cf-a54a-5645731ed350: shutdown 307e1e91-324e-43cf-a54a-5645731ed350@group-475CD9ECF321-FollowerState
2022-07-27 13:50:25,377 [grpc-default-executor-0] INFO  impl.RoleInfo (RoleInfo.java:updateAndGet(139)) - 307e1e91-324e-43cf-a54a-5645731ed350: start 307e1e91-324e-43cf-a54a-5645731ed350@group-475CD9ECF321-FollowerState
2022-07-27 13:50:25,377 [307e1e91-324e-43cf-a54a-5645731ed350@group-475CD9ECF321-FollowerState] INFO  impl.FollowerState (FollowerState.java:run(152)) - 307e1e91-324e-43cf-a54a-5645731ed350@group-475CD9ECF321-FollowerState was interrupted
2022-07-27 13:50:25,407 [grpc-default-executor-0] INFO  server.RaftServer$Division (RaftServerImpl.java:requestVote(1184)) - 307e1e91-324e-43cf-a54a-5645731ed350@group-475CD9ECF321 replies to ELECTION vote request: 68b1a215-e375-44d3-a5cb-74a1c393ca27<-307e1e91-324e-43cf-a54a-5645731ed350#0:OK-t2. Peer's state: 307e1e91-324e-43cf-a54a-5645731ed350@group-475CD9ECF321:t2, leader=null, voted=68b1a215-e375-44d3-a5cb-74a1c393ca27, raftlog=307e1e91-324e-43cf-a54a-5645731ed350@group-475CD9ECF321-SegmentedRaftLog:OPENED:c-1, conf=-1: [307e1e91-324e-43cf-a54a-5645731ed350|rpc:10.1.0.21:40907|dataStream:|priority:0, e71fbb36-3969-41f7-998b-9a309dacec97|rpc:10.1.0.21:38701|dataStream:|priority:0, 68b1a215-e375-44d3-a5cb-74a1c393ca27|rpc:10.1.0.21:44933|dataStream:|priority:1], old=null
2022-07-27 13:50:25,430 [grpc-default-executor-3] INFO  server.RaftServer$Division (RaftServerImpl.java:requestVote(1152)) - e71fbb36-3969-41f7-998b-9a309dacec97@group-475CD9ECF321: receive requestVote(ELECTION, 68b1a215-e375-44d3-a5cb-74a1c393ca27, group-475CD9ECF321, 2, (t:0, i:0))
2022-07-27 13:50:25,430 [grpc-default-executor-3] INFO  impl.VoteContext (VoteContext.java:log(48)) - e71fbb36-3969-41f7-998b-9a309dacec97@group-475CD9ECF321-FOLLOWER: accept ELECTION from 68b1a215-e375-44d3-a5cb-74a1c393ca27: our priority 0 <= candidate's priority 1
2022-07-27 13:50:25,430 [grpc-default-executor-3] INFO  server.RaftServer$Division (RaftServerImpl.java:setRole(299)) - e71fbb36-3969-41f7-998b-9a309dacec97@group-475CD9ECF321: changes role from  FOLLOWER to FOLLOWER at term 2 for candidate:68b1a215-e375-44d3-a5cb-74a1c393ca27
2022-07-27 13:50:25,430 [grpc-default-executor-3] INFO  impl.RoleInfo (RoleInfo.java:shutdownFollowerState(110)) - e71fbb36-3969-41f7-998b-9a309dacec97: shutdown e71fbb36-3969-41f7-998b-9a309dacec97@group-475CD9ECF321-FollowerState
2022-07-27 13:50:25,430 [grpc-default-executor-3] INFO  impl.RoleInfo (RoleInfo.java:updateAndGet(139)) - e71fbb36-3969-41f7-998b-9a309dacec97: start e71fbb36-3969-41f7-998b-9a309dacec97@group-475CD9ECF321-FollowerState
2022-07-27 13:50:25,430 [e71fbb36-3969-41f7-998b-9a309dacec97@group-475CD9ECF321-FollowerState] INFO  impl.FollowerState (FollowerState.java:run(152)) - e71fbb36-3969-41f7-998b-9a309dacec97@group-475CD9ECF321-FollowerState was interrupted
2022-07-27 13:50:25,438 [grpc-default-executor-3] INFO  server.RaftServer$Division (RaftServerImpl.java:requestVote(1184)) - e71fbb36-3969-41f7-998b-9a309dacec97@group-475CD9ECF321 replies to ELECTION vote request: 68b1a215-e375-44d3-a5cb-74a1c393ca27<-e71fbb36-3969-41f7-998b-9a309dacec97#0:OK-t2. Peer's state: e71fbb36-3969-41f7-998b-9a309dacec97@group-475CD9ECF321:t2, leader=null, voted=68b1a215-e375-44d3-a5cb-74a1c393ca27, raftlog=e71fbb36-3969-41f7-998b-9a309dacec97@group-475CD9ECF321-SegmentedRaftLog:OPENED:c-1, conf=-1: [307e1e91-324e-43cf-a54a-5645731ed350|rpc:10.1.0.21:40907|priority:0, e71fbb36-3969-41f7-998b-9a309dacec97|rpc:10.1.0.21:38701|priority:0, 68b1a215-e375-44d3-a5cb-74a1c393ca27|rpc:10.1.0.21:44933|priority:1], old=null
2022-07-27 13:50:25,457 [68b1a215-e375-44d3-a5cb-74a1c393ca27@group-475CD9ECF321-LeaderElection22] INFO  impl.LeaderElection (LeaderElection.java:logAndReturn(90)) - 68b1a215-e375-44d3-a5cb-74a1c393ca27@group-475CD9ECF321-LeaderElection22: ELECTION PASSED received 1 response(s) and 0 exception(s):
2022-07-27 13:50:25,457 [68b1a215-e375-44d3-a5cb-74a1c393ca27@group-475CD9ECF321-LeaderElection22] INFO  impl.LeaderElection (LeaderElection.java:logAndReturn(94)) -   Response 0: 68b1a215-e375-44d3-a5cb-74a1c393ca27<-e71fbb36-3969-41f7-998b-9a309dacec97#0:OK-t2
2022-07-27 13:50:25,457 [68b1a215-e375-44d3-a5cb-74a1c393ca27@group-475CD9ECF321-LeaderElection22] INFO  impl.LeaderElection (LeaderElection.java:askForVotes(312)) - 68b1a215-e375-44d3-a5cb-74a1c393ca27@group-475CD9ECF321-LeaderElection22 ELECTION round 0: result PASSED
2022-07-27 13:50:25,457 [68b1a215-e375-44d3-a5cb-74a1c393ca27@group-475CD9ECF321-LeaderElection22] INFO  impl.RoleInfo (RoleInfo.java:shutdownLeaderElection(130)) - 68b1a215-e375-44d3-a5cb-74a1c393ca27: shutdown 68b1a215-e375-44d3-a5cb-74a1c393ca27@group-475CD9ECF321-LeaderElection22
2022-07-27 13:50:25,457 [68b1a215-e375-44d3-a5cb-74a1c393ca27@group-475CD9ECF321-LeaderElection22] INFO  server.RaftServer$Division (RaftServerImpl.java:setRole(299)) - 68b1a215-e375-44d3-a5cb-74a1c393ca27@group-475CD9ECF321: changes role from CANDIDATE to LEADER at term 2 for changeToLeader
2022-07-27 13:50:25,457 [68b1a215-e375-44d3-a5cb-74a1c393ca27@group-475CD9ECF321-LeaderElection22] INFO  ratis.XceiverServerRatis (XceiverServerRatis.java:handleLeaderChangedNotification(863)) - Leader change notification received for group: group-475CD9ECF321 with new leaderId: 68b1a215-e375-44d3-a5cb-74a1c393ca27
2022-07-27 13:50:25,458 [68b1a215-e375-44d3-a5cb-74a1c393ca27@group-475CD9ECF321-LeaderElection22] INFO  server.RaftServer$Division (ServerState.java:setLeader(287)) - 68b1a215-e375-44d3-a5cb-74a1c393ca27@group-475CD9ECF321: change Leader from null to 68b1a215-e375-44d3-a5cb-74a1c393ca27 at term 2 for becomeLeader, leader elected after 10221ms
2022-07-27 13:50:25,458 [68b1a215-e375-44d3-a5cb-74a1c393ca27@group-475CD9ECF321-LeaderElection22] INFO  server.RaftServerConfigKeys (ConfUtils.java:logGet(46)) - raft.server.staging.catchup.gap = 1000 (default)
2022-07-27 13:50:25,458 [68b1a215-e375-44d3-a5cb-74a1c393ca27@group-475CD9ECF321-LeaderElection22] INFO  server.RaftServerConfigKeys (ConfUtils.java:logGet(46)) - raft.server.write.element-limit = 1024 (custom)
2022-07-27 13:50:25,458 [68b1a215-e375-44d3-a5cb-74a1c393ca27@group-475CD9ECF321-LeaderElection22] INFO  server.RaftServerConfigKeys (ConfUtils.java:logGet(46)) - raft.server.write.byte-limit = 1024 M (=1073741824) (custom)
2022-07-27 13:50:25,458 [68b1a215-e375-44d3-a5cb-74a1c393ca27@group-475CD9ECF321-LeaderElection22] INFO  server.RaftServerConfigKeys (ConfUtils.java:logGet(46)) - raft.server.watch.timeout = 180s (custom)
2022-07-27 13:50:25,458 [68b1a215-e375-44d3-a5cb-74a1c393ca27@group-475CD9ECF321-LeaderElection22] INFO  server.RaftServerConfigKeys (ConfUtils.java:logGet(46)) - raft.server.watch.timeout.denomination = 1s (default)
2022-07-27 13:50:25,458 [68b1a215-e375-44d3-a5cb-74a1c393ca27@group-475CD9ECF321-LeaderElection22] INFO  server.RaftServerConfigKeys (ConfUtils.java:logGet(46)) - raft.server.watch.element-limit = 65536 (default)
2022-07-27 13:50:25,458 [68b1a215-e375-44d3-a5cb-74a1c393ca27@group-475CD9ECF321-LeaderElection22] INFO  server.RaftServerConfigKeys (ConfUtils.java:logGet(46)) - raft.server.write.element-limit = 1024 (custom)
2022-07-27 13:50:25,458 [68b1a215-e375-44d3-a5cb-74a1c393ca27@group-475CD9ECF321-LeaderElection22] INFO  server.RaftServerConfigKeys (ConfUtils.java:logGet(46)) - raft.server.write.follower.gap.ratio.max = -1.0 (default)
2022-07-27 13:50:25,459 [68b1a215-e375-44d3-a5cb-74a1c393ca27@group-475CD9ECF321-LeaderElection22] INFO  server.RaftServerConfigKeys (ConfUtils.java:logGet(46)) - raft.server.log.appender.snapshot.chunk.size.max = 16MB (=16777216) (default)
2022-07-27 13:50:25,459 [68b1a215-e375-44d3-a5cb-74a1c393ca27@group-475CD9ECF321-LeaderElection22] INFO  server.RaftServerConfigKeys (ConfUtils.java:logGet(46)) - raft.server.log.appender.buffer.byte-limit = 33554432 (custom)
2022-07-27 13:50:25,459 [68b1a215-e375-44d3-a5cb-74a1c393ca27@group-475CD9ECF321-LeaderElection22] INFO  server.RaftServerConfigKeys (ConfUtils.java:logGet(46)) - raft.server.log.appender.buffer.element-limit = 1 (custom)
2022-07-27 13:50:25,459 [68b1a215-e375-44d3-a5cb-74a1c393ca27@group-475CD9ECF321-LeaderElection22] INFO  grpc.GrpcConfigKeys (ConfUtils.java:logGet(46)) - raft.grpc.server.leader.outstanding.appends.max = 128 (default)
2022-07-27 13:50:25,459 [68b1a215-e375-44d3-a5cb-74a1c393ca27@group-475CD9ECF321-LeaderElection22] INFO  server.RaftServerConfigKeys (ConfUtils.java:logGet(46)) - raft.server.rpc.request.timeout = 60s (custom)
2022-07-27 13:50:25,459 [68b1a215-e375-44d3-a5cb-74a1c393ca27@group-475CD9ECF321-LeaderElection22] INFO  server.RaftServerConfigKeys (ConfUtils.java:logGet(46)) - raft.server.log.appender.install.snapshot.enabled = false (custom)
2022-07-27 13:50:25,460 [EventQueue-PipelineReportForPipelineReportHandler] INFO  pipeline.PipelineManagerImpl (PipelineManagerImpl.java:openPipeline(367)) - Pipeline Pipeline[ Id: f9d8f533-7712-46a2-b154-475cd9ecf321, Nodes: 307e1e91-324e-43cf-a54a-5645731ed350{ip: 10.1.0.21, host: fv-az217-261.5fhmivlnczbevhjmk01nzrxweh.bx.internal.cloudapp.net, ports: [REPLICATION=37515, RATIS=40907, RATIS_ADMIN=40907, RATIS_SERVER=40907, STANDALONE=38363], networkLocation: /default-rack, certSerialId: null, persistedOpState: IN_SERVICE, persistedOpStateExpiryEpochSec: 0}e71fbb36-3969-41f7-998b-9a309dacec97{ip: 10.1.0.21, host: fv-az217-261.5fhmivlnczbevhjmk01nzrxweh.bx.internal.cloudapp.net, ports: [REPLICATION=43173, RATIS=38701, RATIS_ADMIN=38701, RATIS_SERVER=38701, STANDALONE=44877], networkLocation: /default-rack, certSerialId: null, persistedOpState: IN_SERVICE, persistedOpStateExpiryEpochSec: 0}68b1a215-e375-44d3-a5cb-74a1c393ca27{ip: 10.1.0.21, host: fv-az217-261.5fhmivlnczbevhjmk01nzrxweh.bx.internal.cloudapp.net, ports: [REPLICATION=35705, RATIS=44933, RATIS_ADMIN=44933, RATIS_SERVER=44933, STANDALONE=35225], networkLocation: /default-rack, certSerialId: null, persistedOpState: IN_SERVICE, persistedOpStateExpiryEpochSec: 0}, ReplicationConfig: RATIS/THREE, State:ALLOCATED, leaderId:68b1a215-e375-44d3-a5cb-74a1c393ca27, CreationTimestamp2022-07-27T13:50:13.400Z[Etc/UTC]] moved to OPEN state
2022-07-27 13:50:25,470 [Time-limited test] INFO  rpc.RpcClient (RpcClient.java:createVolume(467)) - Creating Volume: volume25136, with user10370 as owner and space quota set to -1 bytes, counts quota set to -1
2022-07-27 13:50:25,472 [OM StateMachine ApplyTransaction Thread - 0] INFO  volume.OMVolumeCreateRequest (OMVolumeCreateRequest.java:validateAndUpdateCache(195)) - created volume:volume25136 for user:user10370
2022-07-27 13:50:25,473 [Time-limited test] INFO  rpc.RpcClient (RpcClient.java:createBucket(670)) - Creating Bucket: volume25136/bucket08574, with bucket layout LEGACY, runner as owner, Versioning false, Storage Type set to DISK and Encryption set to false 
2022-07-27 13:50:25,474 [OM StateMachine ApplyTransaction Thread - 0] INFO  bucket.OMBucketCreateRequest (OMBucketCreateRequest.java:validateAndUpdateCache(260)) - created bucket: bucket08574 of layout LEGACY in volume: volume25136
2022-07-27 13:50:25,478 [68b1a215-e375-44d3-a5cb-74a1c393ca27@group-475CD9ECF321-LeaderElection22] INFO  server.RaftServerConfigKeys (ConfUtils.java:logGet(46)) - raft.server.log.appender.snapshot.chunk.size.max = 16MB (=16777216) (default)
2022-07-27 13:50:25,478 [68b1a215-e375-44d3-a5cb-74a1c393ca27@group-475CD9ECF321-LeaderElection22] INFO  server.RaftServerConfigKeys (ConfUtils.java:logGet(46)) - raft.server.log.appender.buffer.byte-limit = 33554432 (custom)
2022-07-27 13:50:25,478 [68b1a215-e375-44d3-a5cb-74a1c393ca27@group-475CD9ECF321-LeaderElection22] INFO  server.RaftServerConfigKeys (ConfUtils.java:logGet(46)) - raft.server.log.appender.buffer.element-limit = 1 (custom)
2022-07-27 13:50:25,478 [68b1a215-e375-44d3-a5cb-74a1c393ca27@group-475CD9ECF321-LeaderElection22] INFO  grpc.GrpcConfigKeys (ConfUtils.java:logGet(46)) - raft.grpc.server.leader.outstanding.appends.max = 128 (default)
2022-07-27 13:50:25,478 [68b1a215-e375-44d3-a5cb-74a1c393ca27@group-475CD9ECF321-LeaderElection22] INFO  server.RaftServerConfigKeys (ConfUtils.java:logGet(46)) - raft.server.rpc.request.timeout = 60s (custom)
2022-07-27 13:50:25,478 [68b1a215-e375-44d3-a5cb-74a1c393ca27@group-475CD9ECF321-LeaderElection22] INFO  server.RaftServerConfigKeys (ConfUtils.java:logGet(46)) - raft.server.log.appender.install.snapshot.enabled = false (custom)
2022-07-27 13:50:25,478 [68b1a215-e375-44d3-a5cb-74a1c393ca27@group-475CD9ECF321-LeaderElection22] INFO  impl.RoleInfo (RoleInfo.java:updateAndGet(139)) - 68b1a215-e375-44d3-a5cb-74a1c393ca27: start 68b1a215-e375-44d3-a5cb-74a1c393ca27@group-475CD9ECF321-LeaderStateImpl
2022-07-27 13:50:25,478 [68b1a215-e375-44d3-a5cb-74a1c393ca27@group-475CD9ECF321-LeaderElection22] INFO  segmented.SegmentedRaftLogWorker (SegmentedRaftLogWorker.java:startLogSegment(425)) - 68b1a215-e375-44d3-a5cb-74a1c393ca27@group-475CD9ECF321-SegmentedRaftLogWorker: Starting segment from index:0
2022-07-27 13:50:25,480 [68b1a215-e375-44d3-a5cb-74a1c393ca27@group-475CD9ECF321-SegmentedRaftLogWorker] INFO  segmented.SegmentedRaftLogWorker (SegmentedRaftLogWorker.java:execute(629)) - 68b1a215-e375-44d3-a5cb-74a1c393ca27@group-475CD9ECF321-SegmentedRaftLogWorker: created new log segment /home/runner/work/ozone/ozone/hadoop-ozone/integration-test/target/test-dir/MiniOzoneClusterImpl-29ab875d-7565-45f7-8a7f-94142ec04d49/datanode-2/data/ratis/f9d8f533-7712-46a2-b154-475cd9ecf321/current/log_inprogress_0
13:50:25.483 [IPC Server handler 10 on default port 46277] ERROR OMAudit - user=runner | ip=127.0.0.1 | op=GET_FILE_STATUS {volume=volume25136, bucket=bucket08574, key=target/leaf, dataSize=0, replicationConfig=null} | ret=FAILURE
org.apache.hadoop.ozone.om.exceptions.OMException: Unable to get file status: volume: volume25136 bucket: bucket08574 key: target/leaf
	at org.apache.hadoop.ozone.om.KeyManagerImpl.getOzoneFileStatus(KeyManagerImpl.java:1311) ~[ozone-manager-1.3.0-SNAPSHOT.jar:?]
	at org.apache.hadoop.ozone.om.KeyManagerImpl.getFileStatus(KeyManagerImpl.java:1241) ~[ozone-manager-1.3.0-SNAPSHOT.jar:?]
	at org.apache.hadoop.ozone.om.OzoneManager.getFileStatus(OzoneManager.java:3467) ~[ozone-manager-1.3.0-SNAPSHOT.jar:?]
	at org.apache.hadoop.ozone.protocolPB.OzoneManagerRequestHandler.getOzoneFileStatus(OzoneManagerRequestHandler.java:878) ~[ozone-manager-1.3.0-SNAPSHOT.jar:?]
	at org.apache.hadoop.ozone.protocolPB.OzoneManagerRequestHandler.handleReadRequest(OzoneManagerRequestHandler.java:224) ~[ozone-manager-1.3.0-SNAPSHOT.jar:?]
	at org.apache.hadoop.ozone.protocolPB.OzoneManagerProtocolServerSideTranslatorPB.submitReadRequestToOM(OzoneManagerProtocolServerSideTranslatorPB.java:226) ~[ozone-manager-1.3.0-SNAPSHOT.jar:?]
	at org.apache.hadoop.ozone.protocolPB.OzoneManagerProtocolServerSideTranslatorPB.processRequest(OzoneManagerProtocolServerSideTranslatorPB.java:175) ~[ozone-manager-1.3.0-SNAPSHOT.jar:?]
	at org.apache.hadoop.hdds.server.OzoneProtocolMessageDispatcher.processRequest(OzoneProtocolMessageDispatcher.java:87) [hdds-server-framework-1.3.0-SNAPSHOT.jar:?]
	at org.apache.hadoop.ozone.protocolPB.OzoneManagerProtocolServerSideTranslatorPB.submitRequest(OzoneManagerProtocolServerSideTranslatorPB.java:147) [ozone-manager-1.3.0-SNAPSHOT.jar:?]
	at org.apache.hadoop.ozone.protocol.proto.OzoneManagerProtocolProtos$OzoneManagerService$2.callBlockingMethod(OzoneManagerProtocolProtos.java) [ozone-interface-client-1.3.0-SNAPSHOT.jar:?]
	at org.apache.hadoop.ipc.ProtobufRpcEngine$Server.processCall(ProtobufRpcEngine.java:466) [hadoop-common-3.3.1.jar:?]
	at org.apache.hadoop.ipc.ProtobufRpcEngine2$Server$ProtoBufRpcInvoker.call(ProtobufRpcEngine2.java:574) [hadoop-common-3.3.1.jar:?]
	at org.apache.hadoop.ipc.ProtobufRpcEngine2$Server$ProtoBufRpcInvoker.call(ProtobufRpcEngine2.java:552) [hadoop-common-3.3.1.jar:?]
	at org.apache.hadoop.ipc.RPC$Server.call(RPC.java:1093) [hadoop-common-3.3.1.jar:?]
	at org.apache.hadoop.ipc.Server$RpcCall.run(Server.java:1035) [hadoop-common-3.3.1.jar:?]
	at org.apache.hadoop.ipc.Server$RpcCall.run(Server.java:963) [hadoop-common-3.3.1.jar:?]
	at java.security.AccessController.doPrivileged(Native Method) ~[?:1.8.0_332]
	at javax.security.auth.Subject.doAs(Subject.java:422) [?:1.8.0_332]
	at org.apache.hadoop.security.UserGroupInformation.doAs(UserGroupInformation.java:1878) [hadoop-common-3.3.1.jar:?]
	at org.apache.hadoop.ipc.Server$Handler.run(Server.java:2966) [hadoop-common-3.3.1.jar:?]
]]></system-out>
  </testcase>
  <testcase name="testNonExplicitlyCreatedPathExistsAfterItsLeafsWereRemoved" classname="TestRootedOzoneFileSystem" time="0.135">
    <system-out><![CDATA[2022-07-27 13:51:35,530 [Time-limited test] INFO  rpc.RpcClient (RpcClient.java:createVolume(467)) - Creating Volume: volume28374, with user63535 as owner and space quota set to -1 bytes, counts quota set to -1
2022-07-27 13:51:35,532 [IPC Server handler 2 on default port 45285] INFO  volume.OMVolumeCreateRequest (OMVolumeCreateRequest.java:validateAndUpdateCache(195)) - created volume:volume28374 for user:user63535
2022-07-27 13:51:35,533 [Time-limited test] INFO  rpc.RpcClient (RpcClient.java:createBucket(670)) - Creating Bucket: volume28374/bucket31795, with bucket layout LEGACY, runner as owner, Versioning false, Storage Type set to DISK and Encryption set to false 
2022-07-27 13:51:35,534 [IPC Server handler 7 on default port 45285] INFO  bucket.OMBucketCreateRequest (OMBucketCreateRequest.java:validateAndUpdateCache(260)) - created bucket: bucket31795 of layout LEGACY in volume: volume28374
13:51:35.539 [IPC Server handler 15 on default port 45285] ERROR OMAudit - user=runner | ip=127.0.0.1 | op=GET_FILE_STATUS {volume=volume28374, bucket=bucket31795, key=target/leaf, dataSize=0, replicationConfig=null} | ret=FAILURE
org.apache.hadoop.ozone.om.exceptions.OMException: Unable to get file status: volume: volume28374 bucket: bucket31795 key: target/leaf
	at org.apache.hadoop.ozone.om.KeyManagerImpl.getOzoneFileStatus(KeyManagerImpl.java:1311) ~[ozone-manager-1.3.0-SNAPSHOT.jar:?]
	at org.apache.hadoop.ozone.om.KeyManagerImpl.getFileStatus(KeyManagerImpl.java:1241) ~[ozone-manager-1.3.0-SNAPSHOT.jar:?]
	at org.apache.hadoop.ozone.om.OzoneManager.getFileStatus(OzoneManager.java:3467) ~[ozone-manager-1.3.0-SNAPSHOT.jar:?]
	at org.apache.hadoop.ozone.protocolPB.OzoneManagerRequestHandler.getOzoneFileStatus(OzoneManagerRequestHandler.java:878) ~[ozone-manager-1.3.0-SNAPSHOT.jar:?]
	at org.apache.hadoop.ozone.protocolPB.OzoneManagerRequestHandler.handleReadRequest(OzoneManagerRequestHandler.java:224) ~[ozone-manager-1.3.0-SNAPSHOT.jar:?]
	at org.apache.hadoop.ozone.protocolPB.OzoneManagerProtocolServerSideTranslatorPB.submitRequestDirectlyToOM(OzoneManagerProtocolServerSideTranslatorPB.java:276) ~[ozone-manager-1.3.0-SNAPSHOT.jar:?]
	at org.apache.hadoop.ozone.protocolPB.OzoneManagerProtocolServerSideTranslatorPB.processRequest(OzoneManagerProtocolServerSideTranslatorPB.java:205) ~[ozone-manager-1.3.0-SNAPSHOT.jar:?]
	at org.apache.hadoop.hdds.server.OzoneProtocolMessageDispatcher.processRequest(OzoneProtocolMessageDispatcher.java:87) [hdds-server-framework-1.3.0-SNAPSHOT.jar:?]
	at org.apache.hadoop.ozone.protocolPB.OzoneManagerProtocolServerSideTranslatorPB.submitRequest(OzoneManagerProtocolServerSideTranslatorPB.java:147) [ozone-manager-1.3.0-SNAPSHOT.jar:?]
	at org.apache.hadoop.ozone.protocol.proto.OzoneManagerProtocolProtos$OzoneManagerService$2.callBlockingMethod(OzoneManagerProtocolProtos.java) [ozone-interface-client-1.3.0-SNAPSHOT.jar:?]
	at org.apache.hadoop.ipc.ProtobufRpcEngine$Server.processCall(ProtobufRpcEngine.java:466) [hadoop-common-3.3.1.jar:?]
	at org.apache.hadoop.ipc.ProtobufRpcEngine2$Server$ProtoBufRpcInvoker.call(ProtobufRpcEngine2.java:574) [hadoop-common-3.3.1.jar:?]
	at org.apache.hadoop.ipc.ProtobufRpcEngine2$Server$ProtoBufRpcInvoker.call(ProtobufRpcEngine2.java:552) [hadoop-common-3.3.1.jar:?]
	at org.apache.hadoop.ipc.RPC$Server.call(RPC.java:1093) [hadoop-common-3.3.1.jar:?]
	at org.apache.hadoop.ipc.Server$RpcCall.run(Server.java:1035) [hadoop-common-3.3.1.jar:?]
	at org.apache.hadoop.ipc.Server$RpcCall.run(Server.java:963) [hadoop-common-3.3.1.jar:?]
	at java.security.AccessController.doPrivileged(Native Method) ~[?:1.8.0_332]
	at javax.security.auth.Subject.doAs(Subject.java:422) [?:1.8.0_332]
	at org.apache.hadoop.security.UserGroupInformation.doAs(UserGroupInformation.java:1878) [hadoop-common-3.3.1.jar:?]
	at org.apache.hadoop.ipc.Server$Handler.run(Server.java:2966) [hadoop-common-3.3.1.jar:?]
]]></system-out>
  </testcase>
  <testcase name="testNonExplicitlyCreatedPathExistsAfterItsLeafsWereRemoved" classname="TestRootedOzoneFileSystem" time="0.178">
    <system-out><![CDATA[2022-07-27 13:52:53,837 [Time-limited test] INFO  rpc.RpcClient (RpcClient.java:createVolume(467)) - Creating Volume: volume53217, with user21365 as owner and space quota set to -1 bytes, counts quota set to -1
2022-07-27 13:52:53,842 [OM StateMachine ApplyTransaction Thread - 0] INFO  volume.OMVolumeCreateRequest (OMVolumeCreateRequest.java:validateAndUpdateCache(195)) - created volume:volume53217 for user:user21365
2022-07-27 13:52:53,863 [Time-limited test] INFO  rpc.RpcClient (RpcClient.java:createBucket(670)) - Creating Bucket: volume53217/bucket33268, with bucket layout LEGACY, runner as owner, Versioning false, Storage Type set to DISK and Encryption set to false 
2022-07-27 13:52:53,868 [OM StateMachine ApplyTransaction Thread - 0] INFO  bucket.OMBucketCreateRequest (OMBucketCreateRequest.java:validateAndUpdateCache(260)) - created bucket: bucket33268 of layout LEGACY in volume: volume53217
13:52:53.873 [IPC Server handler 11 on default port 34829] ERROR OMAudit - user=runner | ip=127.0.0.1 | op=GET_FILE_STATUS {volume=volume53217, bucket=bucket33268, key=target/leaf, dataSize=0, replicationConfig=null} | ret=FAILURE
org.apache.hadoop.ozone.om.exceptions.OMException: Unable to get file status: volume: volume53217 bucket: bucket33268 key: target/leaf
	at org.apache.hadoop.ozone.om.KeyManagerImpl.getOzoneFileStatus(KeyManagerImpl.java:1311) ~[ozone-manager-1.3.0-SNAPSHOT.jar:?]
	at org.apache.hadoop.ozone.om.KeyManagerImpl.getFileStatus(KeyManagerImpl.java:1241) ~[ozone-manager-1.3.0-SNAPSHOT.jar:?]
	at org.apache.hadoop.ozone.om.OzoneManager.getFileStatus(OzoneManager.java:3467) ~[ozone-manager-1.3.0-SNAPSHOT.jar:?]
	at org.apache.hadoop.ozone.protocolPB.OzoneManagerRequestHandler.getOzoneFileStatus(OzoneManagerRequestHandler.java:878) ~[ozone-manager-1.3.0-SNAPSHOT.jar:?]
	at org.apache.hadoop.ozone.protocolPB.OzoneManagerRequestHandler.handleReadRequest(OzoneManagerRequestHandler.java:224) ~[ozone-manager-1.3.0-SNAPSHOT.jar:?]
	at org.apache.hadoop.ozone.protocolPB.OzoneManagerProtocolServerSideTranslatorPB.submitReadRequestToOM(OzoneManagerProtocolServerSideTranslatorPB.java:226) ~[ozone-manager-1.3.0-SNAPSHOT.jar:?]
	at org.apache.hadoop.ozone.protocolPB.OzoneManagerProtocolServerSideTranslatorPB.processRequest(OzoneManagerProtocolServerSideTranslatorPB.java:175) ~[ozone-manager-1.3.0-SNAPSHOT.jar:?]
	at org.apache.hadoop.hdds.server.OzoneProtocolMessageDispatcher.processRequest(OzoneProtocolMessageDispatcher.java:87) [hdds-server-framework-1.3.0-SNAPSHOT.jar:?]
	at org.apache.hadoop.ozone.protocolPB.OzoneManagerProtocolServerSideTranslatorPB.submitRequest(OzoneManagerProtocolServerSideTranslatorPB.java:147) [ozone-manager-1.3.0-SNAPSHOT.jar:?]
	at org.apache.hadoop.ozone.protocol.proto.OzoneManagerProtocolProtos$OzoneManagerService$2.callBlockingMethod(OzoneManagerProtocolProtos.java) [ozone-interface-client-1.3.0-SNAPSHOT.jar:?]
	at org.apache.hadoop.ipc.ProtobufRpcEngine$Server.processCall(ProtobufRpcEngine.java:466) [hadoop-common-3.3.1.jar:?]
	at org.apache.hadoop.ipc.ProtobufRpcEngine2$Server$ProtoBufRpcInvoker.call(ProtobufRpcEngine2.java:574) [hadoop-common-3.3.1.jar:?]
	at org.apache.hadoop.ipc.ProtobufRpcEngine2$Server$ProtoBufRpcInvoker.call(ProtobufRpcEngine2.java:552) [hadoop-common-3.3.1.jar:?]
	at org.apache.hadoop.ipc.RPC$Server.call(RPC.java:1093) [hadoop-common-3.3.1.jar:?]
	at org.apache.hadoop.ipc.Server$RpcCall.run(Server.java:1035) [hadoop-common-3.3.1.jar:?]
	at org.apache.hadoop.ipc.Server$RpcCall.run(Server.java:963) [hadoop-common-3.3.1.jar:?]
	at java.security.AccessController.doPrivileged(Native Method) ~[?:1.8.0_332]
	at javax.security.auth.Subject.doAs(Subject.java:422) [?:1.8.0_332]
	at org.apache.hadoop.security.UserGroupInformation.doAs(UserGroupInformation.java:1878) [hadoop-common-3.3.1.jar:?]
	at org.apache.hadoop.ipc.Server$Handler.run(Server.java:2966) [hadoop-common-3.3.1.jar:?]
]]></system-out>
  </testcase>
  <testcase name="testNonExplicitlyCreatedPathExistsAfterItsLeafsWereRemoved" classname="TestRootedOzoneFileSystem" time="0.143">
    <system-out><![CDATA[2022-07-27 13:54:14,205 [Time-limited test] INFO  rpc.RpcClient (RpcClient.java:createVolume(467)) - Creating Volume: volume10445, with user28184 as owner and space quota set to -1 bytes, counts quota set to -1
2022-07-27 13:54:14,206 [IPC Server handler 6 on default port 41147] INFO  volume.OMVolumeCreateRequest (OMVolumeCreateRequest.java:validateAndUpdateCache(195)) - created volume:volume10445 for user:user28184
2022-07-27 13:54:14,207 [Time-limited test] INFO  rpc.RpcClient (RpcClient.java:createBucket(670)) - Creating Bucket: volume10445/bucket19219, with bucket layout LEGACY, runner as owner, Versioning false, Storage Type set to DISK and Encryption set to false 
2022-07-27 13:54:14,208 [IPC Server handler 4 on default port 41147] INFO  bucket.OMBucketCreateRequest (OMBucketCreateRequest.java:validateAndUpdateCache(260)) - created bucket: bucket19219 of layout LEGACY in volume: volume10445
13:54:14.227 [IPC Server handler 12 on default port 41147] ERROR OMAudit - user=runner | ip=127.0.0.1 | op=GET_FILE_STATUS {volume=volume10445, bucket=bucket19219, key=target/leaf, dataSize=0, replicationConfig=null} | ret=FAILURE
org.apache.hadoop.ozone.om.exceptions.OMException: Unable to get file status: volume: volume10445 bucket: bucket19219 key: target/leaf
	at org.apache.hadoop.ozone.om.KeyManagerImpl.getOzoneFileStatus(KeyManagerImpl.java:1311) ~[ozone-manager-1.3.0-SNAPSHOT.jar:?]
	at org.apache.hadoop.ozone.om.KeyManagerImpl.getFileStatus(KeyManagerImpl.java:1241) ~[ozone-manager-1.3.0-SNAPSHOT.jar:?]
	at org.apache.hadoop.ozone.om.OzoneManager.getFileStatus(OzoneManager.java:3467) ~[ozone-manager-1.3.0-SNAPSHOT.jar:?]
	at org.apache.hadoop.ozone.protocolPB.OzoneManagerRequestHandler.getOzoneFileStatus(OzoneManagerRequestHandler.java:878) ~[ozone-manager-1.3.0-SNAPSHOT.jar:?]
	at org.apache.hadoop.ozone.protocolPB.OzoneManagerRequestHandler.handleReadRequest(OzoneManagerRequestHandler.java:224) ~[ozone-manager-1.3.0-SNAPSHOT.jar:?]
	at org.apache.hadoop.ozone.protocolPB.OzoneManagerProtocolServerSideTranslatorPB.submitRequestDirectlyToOM(OzoneManagerProtocolServerSideTranslatorPB.java:276) ~[ozone-manager-1.3.0-SNAPSHOT.jar:?]
	at org.apache.hadoop.ozone.protocolPB.OzoneManagerProtocolServerSideTranslatorPB.processRequest(OzoneManagerProtocolServerSideTranslatorPB.java:205) ~[ozone-manager-1.3.0-SNAPSHOT.jar:?]
	at org.apache.hadoop.hdds.server.OzoneProtocolMessageDispatcher.processRequest(OzoneProtocolMessageDispatcher.java:87) [hdds-server-framework-1.3.0-SNAPSHOT.jar:?]
	at org.apache.hadoop.ozone.protocolPB.OzoneManagerProtocolServerSideTranslatorPB.submitRequest(OzoneManagerProtocolServerSideTranslatorPB.java:147) [ozone-manager-1.3.0-SNAPSHOT.jar:?]
	at org.apache.hadoop.ozone.protocol.proto.OzoneManagerProtocolProtos$OzoneManagerService$2.callBlockingMethod(OzoneManagerProtocolProtos.java) [ozone-interface-client-1.3.0-SNAPSHOT.jar:?]
	at org.apache.hadoop.ipc.ProtobufRpcEngine$Server.processCall(ProtobufRpcEngine.java:466) [hadoop-common-3.3.1.jar:?]
	at org.apache.hadoop.ipc.ProtobufRpcEngine2$Server$ProtoBufRpcInvoker.call(ProtobufRpcEngine2.java:574) [hadoop-common-3.3.1.jar:?]
	at org.apache.hadoop.ipc.ProtobufRpcEngine2$Server$ProtoBufRpcInvoker.call(ProtobufRpcEngine2.java:552) [hadoop-common-3.3.1.jar:?]
	at org.apache.hadoop.ipc.RPC$Server.call(RPC.java:1093) [hadoop-common-3.3.1.jar:?]
	at org.apache.hadoop.ipc.Server$RpcCall.run(Server.java:1035) [hadoop-common-3.3.1.jar:?]
	at org.apache.hadoop.ipc.Server$RpcCall.run(Server.java:963) [hadoop-common-3.3.1.jar:?]
	at java.security.AccessController.doPrivileged(Native Method) ~[?:1.8.0_332]
	at javax.security.auth.Subject.doAs(Subject.java:422) [?:1.8.0_332]
	at org.apache.hadoop.security.UserGroupInformation.doAs(UserGroupInformation.java:1878) [hadoop-common-3.3.1.jar:?]
	at org.apache.hadoop.ipc.Server$Handler.run(Server.java:2966) [hadoop-common-3.3.1.jar:?]
]]></system-out>
  </testcase>
  <testcase name="testFileDelete" classname="TestRootedOzoneFileSystem" time="0.274">
    <system-out><![CDATA[2022-07-27 13:49:20,302 [Time-limited test] INFO  rpc.RpcClient (RpcClient.java:createVolume(467)) - Creating Volume: volume19579, with user31456 as owner and space quota set to -1 bytes, counts quota set to -1
2022-07-27 13:49:20,306 [OM StateMachine ApplyTransaction Thread - 0] INFO  volume.OMVolumeCreateRequest (OMVolumeCreateRequest.java:validateAndUpdateCache(195)) - created volume:volume19579 for user:user31456
2022-07-27 13:49:20,309 [Time-limited test] INFO  rpc.RpcClient (RpcClient.java:createBucket(670)) - Creating Bucket: volume19579/bucket61186, with bucket layout LEGACY, runner as owner, Versioning false, Storage Type set to DISK and Encryption set to false 
2022-07-27 13:49:20,311 [OM StateMachine ApplyTransaction Thread - 0] INFO  bucket.OMBucketCreateRequest (OMBucketCreateRequest.java:validateAndUpdateCache(260)) - created bucket: bucket61186 of layout LEGACY in volume: volume19579
13:49:20.467 [IPC Server handler 10 on default port 44975] ERROR OMAudit - user=runner | ip=127.0.0.1 | op=GET_FILE_STATUS {volume=volume19579, bucket=bucket61186, key=testBatchDelete, dataSize=0, replicationConfig=null} | ret=FAILURE
org.apache.hadoop.ozone.om.exceptions.OMException: Unable to get file status: volume: volume19579 bucket: bucket61186 key: testBatchDelete
	at org.apache.hadoop.ozone.om.KeyManagerImpl.getOzoneFileStatus(KeyManagerImpl.java:1311) ~[ozone-manager-1.3.0-SNAPSHOT.jar:?]
	at org.apache.hadoop.ozone.om.KeyManagerImpl.getFileStatus(KeyManagerImpl.java:1241) ~[ozone-manager-1.3.0-SNAPSHOT.jar:?]
	at org.apache.hadoop.ozone.om.OzoneManager.getFileStatus(OzoneManager.java:3467) ~[ozone-manager-1.3.0-SNAPSHOT.jar:?]
	at org.apache.hadoop.ozone.protocolPB.OzoneManagerRequestHandler.getOzoneFileStatus(OzoneManagerRequestHandler.java:878) ~[ozone-manager-1.3.0-SNAPSHOT.jar:?]
	at org.apache.hadoop.ozone.protocolPB.OzoneManagerRequestHandler.handleReadRequest(OzoneManagerRequestHandler.java:224) ~[ozone-manager-1.3.0-SNAPSHOT.jar:?]
	at org.apache.hadoop.ozone.protocolPB.OzoneManagerProtocolServerSideTranslatorPB.submitReadRequestToOM(OzoneManagerProtocolServerSideTranslatorPB.java:226) ~[ozone-manager-1.3.0-SNAPSHOT.jar:?]
	at org.apache.hadoop.ozone.protocolPB.OzoneManagerProtocolServerSideTranslatorPB.processRequest(OzoneManagerProtocolServerSideTranslatorPB.java:175) ~[ozone-manager-1.3.0-SNAPSHOT.jar:?]
	at org.apache.hadoop.hdds.server.OzoneProtocolMessageDispatcher.processRequest(OzoneProtocolMessageDispatcher.java:87) [hdds-server-framework-1.3.0-SNAPSHOT.jar:?]
	at org.apache.hadoop.ozone.protocolPB.OzoneManagerProtocolServerSideTranslatorPB.submitRequest(OzoneManagerProtocolServerSideTranslatorPB.java:147) [ozone-manager-1.3.0-SNAPSHOT.jar:?]
	at org.apache.hadoop.ozone.protocol.proto.OzoneManagerProtocolProtos$OzoneManagerService$2.callBlockingMethod(OzoneManagerProtocolProtos.java) [ozone-interface-client-1.3.0-SNAPSHOT.jar:?]
	at org.apache.hadoop.ipc.ProtobufRpcEngine$Server.processCall(ProtobufRpcEngine.java:466) [hadoop-common-3.3.1.jar:?]
	at org.apache.hadoop.ipc.ProtobufRpcEngine2$Server$ProtoBufRpcInvoker.call(ProtobufRpcEngine2.java:574) [hadoop-common-3.3.1.jar:?]
	at org.apache.hadoop.ipc.ProtobufRpcEngine2$Server$ProtoBufRpcInvoker.call(ProtobufRpcEngine2.java:552) [hadoop-common-3.3.1.jar:?]
	at org.apache.hadoop.ipc.RPC$Server.call(RPC.java:1093) [hadoop-common-3.3.1.jar:?]
	at org.apache.hadoop.ipc.Server$RpcCall.run(Server.java:1035) [hadoop-common-3.3.1.jar:?]
	at org.apache.hadoop.ipc.Server$RpcCall.run(Server.java:963) [hadoop-common-3.3.1.jar:?]
	at java.security.AccessController.doPrivileged(Native Method) ~[?:1.8.0_332]
	at javax.security.auth.Subject.doAs(Subject.java:422) [?:1.8.0_332]
	at org.apache.hadoop.security.UserGroupInformation.doAs(UserGroupInformation.java:1878) [hadoop-common-3.3.1.jar:?]
	at org.apache.hadoop.ipc.Server$Handler.run(Server.java:2966) [hadoop-common-3.3.1.jar:?]
13:49:20.468 [IPC Server handler 8 on default port 44975] ERROR OMAudit - user=runner | ip=127.0.0.1 | op=GET_FILE_STATUS {volume=volume19579, bucket=bucket61186, key=testBatchDelete/parent/child0, dataSize=0, replicationConfig=null} | ret=FAILURE
org.apache.hadoop.ozone.om.exceptions.OMException: Unable to get file status: volume: volume19579 bucket: bucket61186 key: testBatchDelete/parent/child0
	at org.apache.hadoop.ozone.om.KeyManagerImpl.getOzoneFileStatus(KeyManagerImpl.java:1311) ~[ozone-manager-1.3.0-SNAPSHOT.jar:?]
	at org.apache.hadoop.ozone.om.KeyManagerImpl.getFileStatus(KeyManagerImpl.java:1241) ~[ozone-manager-1.3.0-SNAPSHOT.jar:?]
	at org.apache.hadoop.ozone.om.OzoneManager.getFileStatus(OzoneManager.java:3467) ~[ozone-manager-1.3.0-SNAPSHOT.jar:?]
	at org.apache.hadoop.ozone.protocolPB.OzoneManagerRequestHandler.getOzoneFileStatus(OzoneManagerRequestHandler.java:878) ~[ozone-manager-1.3.0-SNAPSHOT.jar:?]
	at org.apache.hadoop.ozone.protocolPB.OzoneManagerRequestHandler.handleReadRequest(OzoneManagerRequestHandler.java:224) ~[ozone-manager-1.3.0-SNAPSHOT.jar:?]
	at org.apache.hadoop.ozone.protocolPB.OzoneManagerProtocolServerSideTranslatorPB.submitReadRequestToOM(OzoneManagerProtocolServerSideTranslatorPB.java:226) ~[ozone-manager-1.3.0-SNAPSHOT.jar:?]
	at org.apache.hadoop.ozone.protocolPB.OzoneManagerProtocolServerSideTranslatorPB.processRequest(OzoneManagerProtocolServerSideTranslatorPB.java:175) ~[ozone-manager-1.3.0-SNAPSHOT.jar:?]
	at org.apache.hadoop.hdds.server.OzoneProtocolMessageDispatcher.processRequest(OzoneProtocolMessageDispatcher.java:87) [hdds-server-framework-1.3.0-SNAPSHOT.jar:?]
	at org.apache.hadoop.ozone.protocolPB.OzoneManagerProtocolServerSideTranslatorPB.submitRequest(OzoneManagerProtocolServerSideTranslatorPB.java:147) [ozone-manager-1.3.0-SNAPSHOT.jar:?]
	at org.apache.hadoop.ozone.protocol.proto.OzoneManagerProtocolProtos$OzoneManagerService$2.callBlockingMethod(OzoneManagerProtocolProtos.java) [ozone-interface-client-1.3.0-SNAPSHOT.jar:?]
	at org.apache.hadoop.ipc.ProtobufRpcEngine$Server.processCall(ProtobufRpcEngine.java:466) [hadoop-common-3.3.1.jar:?]
	at org.apache.hadoop.ipc.ProtobufRpcEngine2$Server$ProtoBufRpcInvoker.call(ProtobufRpcEngine2.java:574) [hadoop-common-3.3.1.jar:?]
	at org.apache.hadoop.ipc.ProtobufRpcEngine2$Server$ProtoBufRpcInvoker.call(ProtobufRpcEngine2.java:552) [hadoop-common-3.3.1.jar:?]
	at org.apache.hadoop.ipc.RPC$Server.call(RPC.java:1093) [hadoop-common-3.3.1.jar:?]
	at org.apache.hadoop.ipc.Server$RpcCall.run(Server.java:1035) [hadoop-common-3.3.1.jar:?]
	at org.apache.hadoop.ipc.Server$RpcCall.run(Server.java:963) [hadoop-common-3.3.1.jar:?]
	at java.security.AccessController.doPrivileged(Native Method) ~[?:1.8.0_332]
	at javax.security.auth.Subject.doAs(Subject.java:422) [?:1.8.0_332]
	at org.apache.hadoop.security.UserGroupInformation.doAs(UserGroupInformation.java:1878) [hadoop-common-3.3.1.jar:?]
	at org.apache.hadoop.ipc.Server$Handler.run(Server.java:2966) [hadoop-common-3.3.1.jar:?]
13:49:20.470 [IPC Server handler 4 on default port 44975] ERROR OMAudit - user=runner | ip=127.0.0.1 | op=GET_FILE_STATUS {volume=volume19579, bucket=bucket61186, key=testBatchDelete/parent/childFolder/child0, dataSize=0, replicationConfig=null} | ret=FAILURE
org.apache.hadoop.ozone.om.exceptions.OMException: Unable to get file status: volume: volume19579 bucket: bucket61186 key: testBatchDelete/parent/childFolder/child0
	at org.apache.hadoop.ozone.om.KeyManagerImpl.getOzoneFileStatus(KeyManagerImpl.java:1311) ~[ozone-manager-1.3.0-SNAPSHOT.jar:?]
	at org.apache.hadoop.ozone.om.KeyManagerImpl.getFileStatus(KeyManagerImpl.java:1241) ~[ozone-manager-1.3.0-SNAPSHOT.jar:?]
	at org.apache.hadoop.ozone.om.OzoneManager.getFileStatus(OzoneManager.java:3467) ~[ozone-manager-1.3.0-SNAPSHOT.jar:?]
	at org.apache.hadoop.ozone.protocolPB.OzoneManagerRequestHandler.getOzoneFileStatus(OzoneManagerRequestHandler.java:878) ~[ozone-manager-1.3.0-SNAPSHOT.jar:?]
	at org.apache.hadoop.ozone.protocolPB.OzoneManagerRequestHandler.handleReadRequest(OzoneManagerRequestHandler.java:224) ~[ozone-manager-1.3.0-SNAPSHOT.jar:?]
	at org.apache.hadoop.ozone.protocolPB.OzoneManagerProtocolServerSideTranslatorPB.submitReadRequestToOM(OzoneManagerProtocolServerSideTranslatorPB.java:226) ~[ozone-manager-1.3.0-SNAPSHOT.jar:?]
	at org.apache.hadoop.ozone.protocolPB.OzoneManagerProtocolServerSideTranslatorPB.processRequest(OzoneManagerProtocolServerSideTranslatorPB.java:175) ~[ozone-manager-1.3.0-SNAPSHOT.jar:?]
	at org.apache.hadoop.hdds.server.OzoneProtocolMessageDispatcher.processRequest(OzoneProtocolMessageDispatcher.java:87) [hdds-server-framework-1.3.0-SNAPSHOT.jar:?]
	at org.apache.hadoop.ozone.protocolPB.OzoneManagerProtocolServerSideTranslatorPB.submitRequest(OzoneManagerProtocolServerSideTranslatorPB.java:147) [ozone-manager-1.3.0-SNAPSHOT.jar:?]
	at org.apache.hadoop.ozone.protocol.proto.OzoneManagerProtocolProtos$OzoneManagerService$2.callBlockingMethod(OzoneManagerProtocolProtos.java) [ozone-interface-client-1.3.0-SNAPSHOT.jar:?]
	at org.apache.hadoop.ipc.ProtobufRpcEngine$Server.processCall(ProtobufRpcEngine.java:466) [hadoop-common-3.3.1.jar:?]
	at org.apache.hadoop.ipc.ProtobufRpcEngine2$Server$ProtoBufRpcInvoker.call(ProtobufRpcEngine2.java:574) [hadoop-common-3.3.1.jar:?]
	at org.apache.hadoop.ipc.ProtobufRpcEngine2$Server$ProtoBufRpcInvoker.call(ProtobufRpcEngine2.java:552) [hadoop-common-3.3.1.jar:?]
	at org.apache.hadoop.ipc.RPC$Server.call(RPC.java:1093) [hadoop-common-3.3.1.jar:?]
	at org.apache.hadoop.ipc.Server$RpcCall.run(Server.java:1035) [hadoop-common-3.3.1.jar:?]
	at org.apache.hadoop.ipc.Server$RpcCall.run(Server.java:963) [hadoop-common-3.3.1.jar:?]
	at java.security.AccessController.doPrivileged(Native Method) ~[?:1.8.0_332]
	at javax.security.auth.Subject.doAs(Subject.java:422) [?:1.8.0_332]
	at org.apache.hadoop.security.UserGroupInformation.doAs(UserGroupInformation.java:1878) [hadoop-common-3.3.1.jar:?]
	at org.apache.hadoop.ipc.Server$Handler.run(Server.java:2966) [hadoop-common-3.3.1.jar:?]
13:49:20.471 [IPC Server handler 6 on default port 44975] ERROR OMAudit - user=runner | ip=127.0.0.1 | op=GET_FILE_STATUS {volume=volume19579, bucket=bucket61186, key=testBatchDelete/parent/child1, dataSize=0, replicationConfig=null} | ret=FAILURE
org.apache.hadoop.ozone.om.exceptions.OMException: Unable to get file status: volume: volume19579 bucket: bucket61186 key: testBatchDelete/parent/child1
	at org.apache.hadoop.ozone.om.KeyManagerImpl.getOzoneFileStatus(KeyManagerImpl.java:1311) ~[ozone-manager-1.3.0-SNAPSHOT.jar:?]
	at org.apache.hadoop.ozone.om.KeyManagerImpl.getFileStatus(KeyManagerImpl.java:1241) ~[ozone-manager-1.3.0-SNAPSHOT.jar:?]
	at org.apache.hadoop.ozone.om.OzoneManager.getFileStatus(OzoneManager.java:3467) ~[ozone-manager-1.3.0-SNAPSHOT.jar:?]
	at org.apache.hadoop.ozone.protocolPB.OzoneManagerRequestHandler.getOzoneFileStatus(OzoneManagerRequestHandler.java:878) ~[ozone-manager-1.3.0-SNAPSHOT.jar:?]
	at org.apache.hadoop.ozone.protocolPB.OzoneManagerRequestHandler.handleReadRequest(OzoneManagerRequestHandler.java:224) ~[ozone-manager-1.3.0-SNAPSHOT.jar:?]
	at org.apache.hadoop.ozone.protocolPB.OzoneManagerProtocolServerSideTranslatorPB.submitReadRequestToOM(OzoneManagerProtocolServerSideTranslatorPB.java:226) ~[ozone-manager-1.3.0-SNAPSHOT.jar:?]
	at org.apache.hadoop.ozone.protocolPB.OzoneManagerProtocolServerSideTranslatorPB.processRequest(OzoneManagerProtocolServerSideTranslatorPB.java:175) ~[ozone-manager-1.3.0-SNAPSHOT.jar:?]
	at org.apache.hadoop.hdds.server.OzoneProtocolMessageDispatcher.processRequest(OzoneProtocolMessageDispatcher.java:87) [hdds-server-framework-1.3.0-SNAPSHOT.jar:?]
	at org.apache.hadoop.ozone.protocolPB.OzoneManagerProtocolServerSideTranslatorPB.submitRequest(OzoneManagerProtocolServerSideTranslatorPB.java:147) [ozone-manager-1.3.0-SNAPSHOT.jar:?]
	at org.apache.hadoop.ozone.protocol.proto.OzoneManagerProtocolProtos$OzoneManagerService$2.callBlockingMethod(OzoneManagerProtocolProtos.java) [ozone-interface-client-1.3.0-SNAPSHOT.jar:?]
	at org.apache.hadoop.ipc.ProtobufRpcEngine$Server.processCall(ProtobufRpcEngine.java:466) [hadoop-common-3.3.1.jar:?]
	at org.apache.hadoop.ipc.ProtobufRpcEngine2$Server$ProtoBufRpcInvoker.call(ProtobufRpcEngine2.java:574) [hadoop-common-3.3.1.jar:?]
	at org.apache.hadoop.ipc.ProtobufRpcEngine2$Server$ProtoBufRpcInvoker.call(ProtobufRpcEngine2.java:552) [hadoop-common-3.3.1.jar:?]
	at org.apache.hadoop.ipc.RPC$Server.call(RPC.java:1093) [hadoop-common-3.3.1.jar:?]
	at org.apache.hadoop.ipc.Server$RpcCall.run(Server.java:1035) [hadoop-common-3.3.1.jar:?]
	at org.apache.hadoop.ipc.Server$RpcCall.run(Server.java:963) [hadoop-common-3.3.1.jar:?]
	at java.security.AccessController.doPrivileged(Native Method) ~[?:1.8.0_332]
	at javax.security.auth.Subject.doAs(Subject.java:422) [?:1.8.0_332]
	at org.apache.hadoop.security.UserGroupInformation.doAs(UserGroupInformation.java:1878) [hadoop-common-3.3.1.jar:?]
	at org.apache.hadoop.ipc.Server$Handler.run(Server.java:2966) [hadoop-common-3.3.1.jar:?]
13:49:20.473 [IPC Server handler 0 on default port 44975] ERROR OMAudit - user=runner | ip=127.0.0.1 | op=GET_FILE_STATUS {volume=volume19579, bucket=bucket61186, key=testBatchDelete/parent/childFolder/child1, dataSize=0, replicationConfig=null} | ret=FAILURE
org.apache.hadoop.ozone.om.exceptions.OMException: Unable to get file status: volume: volume19579 bucket: bucket61186 key: testBatchDelete/parent/childFolder/child1
	at org.apache.hadoop.ozone.om.KeyManagerImpl.getOzoneFileStatus(KeyManagerImpl.java:1311) ~[ozone-manager-1.3.0-SNAPSHOT.jar:?]
	at org.apache.hadoop.ozone.om.KeyManagerImpl.getFileStatus(KeyManagerImpl.java:1241) ~[ozone-manager-1.3.0-SNAPSHOT.jar:?]
	at org.apache.hadoop.ozone.om.OzoneManager.getFileStatus(OzoneManager.java:3467) ~[ozone-manager-1.3.0-SNAPSHOT.jar:?]
	at org.apache.hadoop.ozone.protocolPB.OzoneManagerRequestHandler.getOzoneFileStatus(OzoneManagerRequestHandler.java:878) ~[ozone-manager-1.3.0-SNAPSHOT.jar:?]
	at org.apache.hadoop.ozone.protocolPB.OzoneManagerRequestHandler.handleReadRequest(OzoneManagerRequestHandler.java:224) ~[ozone-manager-1.3.0-SNAPSHOT.jar:?]
	at org.apache.hadoop.ozone.protocolPB.OzoneManagerProtocolServerSideTranslatorPB.submitReadRequestToOM(OzoneManagerProtocolServerSideTranslatorPB.java:226) ~[ozone-manager-1.3.0-SNAPSHOT.jar:?]
	at org.apache.hadoop.ozone.protocolPB.OzoneManagerProtocolServerSideTranslatorPB.processRequest(OzoneManagerProtocolServerSideTranslatorPB.java:175) ~[ozone-manager-1.3.0-SNAPSHOT.jar:?]
	at org.apache.hadoop.hdds.server.OzoneProtocolMessageDispatcher.processRequest(OzoneProtocolMessageDispatcher.java:87) [hdds-server-framework-1.3.0-SNAPSHOT.jar:?]
	at org.apache.hadoop.ozone.protocolPB.OzoneManagerProtocolServerSideTranslatorPB.submitRequest(OzoneManagerProtocolServerSideTranslatorPB.java:147) [ozone-manager-1.3.0-SNAPSHOT.jar:?]
	at org.apache.hadoop.ozone.protocol.proto.OzoneManagerProtocolProtos$OzoneManagerService$2.callBlockingMethod(OzoneManagerProtocolProtos.java) [ozone-interface-client-1.3.0-SNAPSHOT.jar:?]
	at org.apache.hadoop.ipc.ProtobufRpcEngine$Server.processCall(ProtobufRpcEngine.java:466) [hadoop-common-3.3.1.jar:?]
	at org.apache.hadoop.ipc.ProtobufRpcEngine2$Server$ProtoBufRpcInvoker.call(ProtobufRpcEngine2.java:574) [hadoop-common-3.3.1.jar:?]
	at org.apache.hadoop.ipc.ProtobufRpcEngine2$Server$ProtoBufRpcInvoker.call(ProtobufRpcEngine2.java:552) [hadoop-common-3.3.1.jar:?]
	at org.apache.hadoop.ipc.RPC$Server.call(RPC.java:1093) [hadoop-common-3.3.1.jar:?]
	at org.apache.hadoop.ipc.Server$RpcCall.run(Server.java:1035) [hadoop-common-3.3.1.jar:?]
	at org.apache.hadoop.ipc.Server$RpcCall.run(Server.java:963) [hadoop-common-3.3.1.jar:?]
	at java.security.AccessController.doPrivileged(Native Method) ~[?:1.8.0_332]
	at javax.security.auth.Subject.doAs(Subject.java:422) [?:1.8.0_332]
	at org.apache.hadoop.security.UserGroupInformation.doAs(UserGroupInformation.java:1878) [hadoop-common-3.3.1.jar:?]
	at org.apache.hadoop.ipc.Server$Handler.run(Server.java:2966) [hadoop-common-3.3.1.jar:?]
13:49:20.474 [IPC Server handler 19 on default port 44975] ERROR OMAudit - user=runner | ip=127.0.0.1 | op=GET_FILE_STATUS {volume=volume19579, bucket=bucket61186, key=testBatchDelete/parent/child2, dataSize=0, replicationConfig=null} | ret=FAILURE
org.apache.hadoop.ozone.om.exceptions.OMException: Unable to get file status: volume: volume19579 bucket: bucket61186 key: testBatchDelete/parent/child2
	at org.apache.hadoop.ozone.om.KeyManagerImpl.getOzoneFileStatus(KeyManagerImpl.java:1311) ~[ozone-manager-1.3.0-SNAPSHOT.jar:?]
	at org.apache.hadoop.ozone.om.KeyManagerImpl.getFileStatus(KeyManagerImpl.java:1241) ~[ozone-manager-1.3.0-SNAPSHOT.jar:?]
	at org.apache.hadoop.ozone.om.OzoneManager.getFileStatus(OzoneManager.java:3467) ~[ozone-manager-1.3.0-SNAPSHOT.jar:?]
	at org.apache.hadoop.ozone.protocolPB.OzoneManagerRequestHandler.getOzoneFileStatus(OzoneManagerRequestHandler.java:878) ~[ozone-manager-1.3.0-SNAPSHOT.jar:?]
	at org.apache.hadoop.ozone.protocolPB.OzoneManagerRequestHandler.handleReadRequest(OzoneManagerRequestHandler.java:224) ~[ozone-manager-1.3.0-SNAPSHOT.jar:?]
	at org.apache.hadoop.ozone.protocolPB.OzoneManagerProtocolServerSideTranslatorPB.submitReadRequestToOM(OzoneManagerProtocolServerSideTranslatorPB.java:226) ~[ozone-manager-1.3.0-SNAPSHOT.jar:?]
	at org.apache.hadoop.ozone.protocolPB.OzoneManagerProtocolServerSideTranslatorPB.processRequest(OzoneManagerProtocolServerSideTranslatorPB.java:175) ~[ozone-manager-1.3.0-SNAPSHOT.jar:?]
	at org.apache.hadoop.hdds.server.OzoneProtocolMessageDispatcher.processRequest(OzoneProtocolMessageDispatcher.java:87) [hdds-server-framework-1.3.0-SNAPSHOT.jar:?]
	at org.apache.hadoop.ozone.protocolPB.OzoneManagerProtocolServerSideTranslatorPB.submitRequest(OzoneManagerProtocolServerSideTranslatorPB.java:147) [ozone-manager-1.3.0-SNAPSHOT.jar:?]
	at org.apache.hadoop.ozone.protocol.proto.OzoneManagerProtocolProtos$OzoneManagerService$2.callBlockingMethod(OzoneManagerProtocolProtos.java) [ozone-interface-client-1.3.0-SNAPSHOT.jar:?]
	at org.apache.hadoop.ipc.ProtobufRpcEngine$Server.processCall(ProtobufRpcEngine.java:466) [hadoop-common-3.3.1.jar:?]
	at org.apache.hadoop.ipc.ProtobufRpcEngine2$Server$ProtoBufRpcInvoker.call(ProtobufRpcEngine2.java:574) [hadoop-common-3.3.1.jar:?]
	at org.apache.hadoop.ipc.ProtobufRpcEngine2$Server$ProtoBufRpcInvoker.call(ProtobufRpcEngine2.java:552) [hadoop-common-3.3.1.jar:?]
	at org.apache.hadoop.ipc.RPC$Server.call(RPC.java:1093) [hadoop-common-3.3.1.jar:?]
	at org.apache.hadoop.ipc.Server$RpcCall.run(Server.java:1035) [hadoop-common-3.3.1.jar:?]
	at org.apache.hadoop.ipc.Server$RpcCall.run(Server.java:963) [hadoop-common-3.3.1.jar:?]
	at java.security.AccessController.doPrivileged(Native Method) ~[?:1.8.0_332]
	at javax.security.auth.Subject.doAs(Subject.java:422) [?:1.8.0_332]
	at org.apache.hadoop.security.UserGroupInformation.doAs(UserGroupInformation.java:1878) [hadoop-common-3.3.1.jar:?]
	at org.apache.hadoop.ipc.Server$Handler.run(Server.java:2966) [hadoop-common-3.3.1.jar:?]
13:49:20.476 [IPC Server handler 15 on default port 44975] ERROR OMAudit - user=runner | ip=127.0.0.1 | op=GET_FILE_STATUS {volume=volume19579, bucket=bucket61186, key=testBatchDelete/parent/childFolder/child2, dataSize=0, replicationConfig=null} | ret=FAILURE
org.apache.hadoop.ozone.om.exceptions.OMException: Unable to get file status: volume: volume19579 bucket: bucket61186 key: testBatchDelete/parent/childFolder/child2
	at org.apache.hadoop.ozone.om.KeyManagerImpl.getOzoneFileStatus(KeyManagerImpl.java:1311) ~[ozone-manager-1.3.0-SNAPSHOT.jar:?]
	at org.apache.hadoop.ozone.om.KeyManagerImpl.getFileStatus(KeyManagerImpl.java:1241) ~[ozone-manager-1.3.0-SNAPSHOT.jar:?]
	at org.apache.hadoop.ozone.om.OzoneManager.getFileStatus(OzoneManager.java:3467) ~[ozone-manager-1.3.0-SNAPSHOT.jar:?]
	at org.apache.hadoop.ozone.protocolPB.OzoneManagerRequestHandler.getOzoneFileStatus(OzoneManagerRequestHandler.java:878) ~[ozone-manager-1.3.0-SNAPSHOT.jar:?]
	at org.apache.hadoop.ozone.protocolPB.OzoneManagerRequestHandler.handleReadRequest(OzoneManagerRequestHandler.java:224) ~[ozone-manager-1.3.0-SNAPSHOT.jar:?]
	at org.apache.hadoop.ozone.protocolPB.OzoneManagerProtocolServerSideTranslatorPB.submitReadRequestToOM(OzoneManagerProtocolServerSideTranslatorPB.java:226) ~[ozone-manager-1.3.0-SNAPSHOT.jar:?]
	at org.apache.hadoop.ozone.protocolPB.OzoneManagerProtocolServerSideTranslatorPB.processRequest(OzoneManagerProtocolServerSideTranslatorPB.java:175) ~[ozone-manager-1.3.0-SNAPSHOT.jar:?]
	at org.apache.hadoop.hdds.server.OzoneProtocolMessageDispatcher.processRequest(OzoneProtocolMessageDispatcher.java:87) [hdds-server-framework-1.3.0-SNAPSHOT.jar:?]
	at org.apache.hadoop.ozone.protocolPB.OzoneManagerProtocolServerSideTranslatorPB.submitRequest(OzoneManagerProtocolServerSideTranslatorPB.java:147) [ozone-manager-1.3.0-SNAPSHOT.jar:?]
	at org.apache.hadoop.ozone.protocol.proto.OzoneManagerProtocolProtos$OzoneManagerService$2.callBlockingMethod(OzoneManagerProtocolProtos.java) [ozone-interface-client-1.3.0-SNAPSHOT.jar:?]
	at org.apache.hadoop.ipc.ProtobufRpcEngine$Server.processCall(ProtobufRpcEngine.java:466) [hadoop-common-3.3.1.jar:?]
	at org.apache.hadoop.ipc.ProtobufRpcEngine2$Server$ProtoBufRpcInvoker.call(ProtobufRpcEngine2.java:574) [hadoop-common-3.3.1.jar:?]
	at org.apache.hadoop.ipc.ProtobufRpcEngine2$Server$ProtoBufRpcInvoker.call(ProtobufRpcEngine2.java:552) [hadoop-common-3.3.1.jar:?]
	at org.apache.hadoop.ipc.RPC$Server.call(RPC.java:1093) [hadoop-common-3.3.1.jar:?]
	at org.apache.hadoop.ipc.Server$RpcCall.run(Server.java:1035) [hadoop-common-3.3.1.jar:?]
	at org.apache.hadoop.ipc.Server$RpcCall.run(Server.java:963) [hadoop-common-3.3.1.jar:?]
	at java.security.AccessController.doPrivileged(Native Method) ~[?:1.8.0_332]
	at javax.security.auth.Subject.doAs(Subject.java:422) [?:1.8.0_332]
	at org.apache.hadoop.security.UserGroupInformation.doAs(UserGroupInformation.java:1878) [hadoop-common-3.3.1.jar:?]
	at org.apache.hadoop.ipc.Server$Handler.run(Server.java:2966) [hadoop-common-3.3.1.jar:?]
13:49:20.478 [IPC Server handler 16 on default port 44975] ERROR OMAudit - user=runner | ip=127.0.0.1 | op=GET_FILE_STATUS {volume=volume19579, bucket=bucket61186, key=testBatchDelete/parent/child3, dataSize=0, replicationConfig=null} | ret=FAILURE
org.apache.hadoop.ozone.om.exceptions.OMException: Unable to get file status: volume: volume19579 bucket: bucket61186 key: testBatchDelete/parent/child3
	at org.apache.hadoop.ozone.om.KeyManagerImpl.getOzoneFileStatus(KeyManagerImpl.java:1311) ~[ozone-manager-1.3.0-SNAPSHOT.jar:?]
	at org.apache.hadoop.ozone.om.KeyManagerImpl.getFileStatus(KeyManagerImpl.java:1241) ~[ozone-manager-1.3.0-SNAPSHOT.jar:?]
	at org.apache.hadoop.ozone.om.OzoneManager.getFileStatus(OzoneManager.java:3467) ~[ozone-manager-1.3.0-SNAPSHOT.jar:?]
	at org.apache.hadoop.ozone.protocolPB.OzoneManagerRequestHandler.getOzoneFileStatus(OzoneManagerRequestHandler.java:878) ~[ozone-manager-1.3.0-SNAPSHOT.jar:?]
	at org.apache.hadoop.ozone.protocolPB.OzoneManagerRequestHandler.handleReadRequest(OzoneManagerRequestHandler.java:224) ~[ozone-manager-1.3.0-SNAPSHOT.jar:?]
	at org.apache.hadoop.ozone.protocolPB.OzoneManagerProtocolServerSideTranslatorPB.submitReadRequestToOM(OzoneManagerProtocolServerSideTranslatorPB.java:226) ~[ozone-manager-1.3.0-SNAPSHOT.jar:?]
	at org.apache.hadoop.ozone.protocolPB.OzoneManagerProtocolServerSideTranslatorPB.processRequest(OzoneManagerProtocolServerSideTranslatorPB.java:175) ~[ozone-manager-1.3.0-SNAPSHOT.jar:?]
	at org.apache.hadoop.hdds.server.OzoneProtocolMessageDispatcher.processRequest(OzoneProtocolMessageDispatcher.java:87) [hdds-server-framework-1.3.0-SNAPSHOT.jar:?]
	at org.apache.hadoop.ozone.protocolPB.OzoneManagerProtocolServerSideTranslatorPB.submitRequest(OzoneManagerProtocolServerSideTranslatorPB.java:147) [ozone-manager-1.3.0-SNAPSHOT.jar:?]
	at org.apache.hadoop.ozone.protocol.proto.OzoneManagerProtocolProtos$OzoneManagerService$2.callBlockingMethod(OzoneManagerProtocolProtos.java) [ozone-interface-client-1.3.0-SNAPSHOT.jar:?]
	at org.apache.hadoop.ipc.ProtobufRpcEngine$Server.processCall(ProtobufRpcEngine.java:466) [hadoop-common-3.3.1.jar:?]
	at org.apache.hadoop.ipc.ProtobufRpcEngine2$Server$ProtoBufRpcInvoker.call(ProtobufRpcEngine2.java:574) [hadoop-common-3.3.1.jar:?]
	at org.apache.hadoop.ipc.ProtobufRpcEngine2$Server$ProtoBufRpcInvoker.call(ProtobufRpcEngine2.java:552) [hadoop-common-3.3.1.jar:?]
	at org.apache.hadoop.ipc.RPC$Server.call(RPC.java:1093) [hadoop-common-3.3.1.jar:?]
	at org.apache.hadoop.ipc.Server$RpcCall.run(Server.java:1035) [hadoop-common-3.3.1.jar:?]
	at org.apache.hadoop.ipc.Server$RpcCall.run(Server.java:963) [hadoop-common-3.3.1.jar:?]
	at java.security.AccessController.doPrivileged(Native Method) ~[?:1.8.0_332]
	at javax.security.auth.Subject.doAs(Subject.java:422) [?:1.8.0_332]
	at org.apache.hadoop.security.UserGroupInformation.doAs(UserGroupInformation.java:1878) [hadoop-common-3.3.1.jar:?]
	at org.apache.hadoop.ipc.Server$Handler.run(Server.java:2966) [hadoop-common-3.3.1.jar:?]
13:49:20.479 [IPC Server handler 11 on default port 44975] ERROR OMAudit - user=runner | ip=127.0.0.1 | op=GET_FILE_STATUS {volume=volume19579, bucket=bucket61186, key=testBatchDelete/parent/childFolder/child3, dataSize=0, replicationConfig=null} | ret=FAILURE
org.apache.hadoop.ozone.om.exceptions.OMException: Unable to get file status: volume: volume19579 bucket: bucket61186 key: testBatchDelete/parent/childFolder/child3
	at org.apache.hadoop.ozone.om.KeyManagerImpl.getOzoneFileStatus(KeyManagerImpl.java:1311) ~[ozone-manager-1.3.0-SNAPSHOT.jar:?]
	at org.apache.hadoop.ozone.om.KeyManagerImpl.getFileStatus(KeyManagerImpl.java:1241) ~[ozone-manager-1.3.0-SNAPSHOT.jar:?]
	at org.apache.hadoop.ozone.om.OzoneManager.getFileStatus(OzoneManager.java:3467) ~[ozone-manager-1.3.0-SNAPSHOT.jar:?]
	at org.apache.hadoop.ozone.protocolPB.OzoneManagerRequestHandler.getOzoneFileStatus(OzoneManagerRequestHandler.java:878) ~[ozone-manager-1.3.0-SNAPSHOT.jar:?]
	at org.apache.hadoop.ozone.protocolPB.OzoneManagerRequestHandler.handleReadRequest(OzoneManagerRequestHandler.java:224) ~[ozone-manager-1.3.0-SNAPSHOT.jar:?]
	at org.apache.hadoop.ozone.protocolPB.OzoneManagerProtocolServerSideTranslatorPB.submitReadRequestToOM(OzoneManagerProtocolServerSideTranslatorPB.java:226) ~[ozone-manager-1.3.0-SNAPSHOT.jar:?]
	at org.apache.hadoop.ozone.protocolPB.OzoneManagerProtocolServerSideTranslatorPB.processRequest(OzoneManagerProtocolServerSideTranslatorPB.java:175) ~[ozone-manager-1.3.0-SNAPSHOT.jar:?]
	at org.apache.hadoop.hdds.server.OzoneProtocolMessageDispatcher.processRequest(OzoneProtocolMessageDispatcher.java:87) [hdds-server-framework-1.3.0-SNAPSHOT.jar:?]
	at org.apache.hadoop.ozone.protocolPB.OzoneManagerProtocolServerSideTranslatorPB.submitRequest(OzoneManagerProtocolServerSideTranslatorPB.java:147) [ozone-manager-1.3.0-SNAPSHOT.jar:?]
	at org.apache.hadoop.ozone.protocol.proto.OzoneManagerProtocolProtos$OzoneManagerService$2.callBlockingMethod(OzoneManagerProtocolProtos.java) [ozone-interface-client-1.3.0-SNAPSHOT.jar:?]
	at org.apache.hadoop.ipc.ProtobufRpcEngine$Server.processCall(ProtobufRpcEngine.java:466) [hadoop-common-3.3.1.jar:?]
	at org.apache.hadoop.ipc.ProtobufRpcEngine2$Server$ProtoBufRpcInvoker.call(ProtobufRpcEngine2.java:574) [hadoop-common-3.3.1.jar:?]
	at org.apache.hadoop.ipc.ProtobufRpcEngine2$Server$ProtoBufRpcInvoker.call(ProtobufRpcEngine2.java:552) [hadoop-common-3.3.1.jar:?]
	at org.apache.hadoop.ipc.RPC$Server.call(RPC.java:1093) [hadoop-common-3.3.1.jar:?]
	at org.apache.hadoop.ipc.Server$RpcCall.run(Server.java:1035) [hadoop-common-3.3.1.jar:?]
	at org.apache.hadoop.ipc.Server$RpcCall.run(Server.java:963) [hadoop-common-3.3.1.jar:?]
	at java.security.AccessController.doPrivileged(Native Method) ~[?:1.8.0_332]
	at javax.security.auth.Subject.doAs(Subject.java:422) [?:1.8.0_332]
	at org.apache.hadoop.security.UserGroupInformation.doAs(UserGroupInformation.java:1878) [hadoop-common-3.3.1.jar:?]
	at org.apache.hadoop.ipc.Server$Handler.run(Server.java:2966) [hadoop-common-3.3.1.jar:?]
13:49:20.480 [IPC Server handler 3 on default port 44975] ERROR OMAudit - user=runner | ip=127.0.0.1 | op=GET_FILE_STATUS {volume=volume19579, bucket=bucket61186, key=testBatchDelete/parent/child4, dataSize=0, replicationConfig=null} | ret=FAILURE
org.apache.hadoop.ozone.om.exceptions.OMException: Unable to get file status: volume: volume19579 bucket: bucket61186 key: testBatchDelete/parent/child4
	at org.apache.hadoop.ozone.om.KeyManagerImpl.getOzoneFileStatus(KeyManagerImpl.java:1311) ~[ozone-manager-1.3.0-SNAPSHOT.jar:?]
	at org.apache.hadoop.ozone.om.KeyManagerImpl.getFileStatus(KeyManagerImpl.java:1241) ~[ozone-manager-1.3.0-SNAPSHOT.jar:?]
	at org.apache.hadoop.ozone.om.OzoneManager.getFileStatus(OzoneManager.java:3467) ~[ozone-manager-1.3.0-SNAPSHOT.jar:?]
	at org.apache.hadoop.ozone.protocolPB.OzoneManagerRequestHandler.getOzoneFileStatus(OzoneManagerRequestHandler.java:878) ~[ozone-manager-1.3.0-SNAPSHOT.jar:?]
	at org.apache.hadoop.ozone.protocolPB.OzoneManagerRequestHandler.handleReadRequest(OzoneManagerRequestHandler.java:224) ~[ozone-manager-1.3.0-SNAPSHOT.jar:?]
	at org.apache.hadoop.ozone.protocolPB.OzoneManagerProtocolServerSideTranslatorPB.submitReadRequestToOM(OzoneManagerProtocolServerSideTranslatorPB.java:226) ~[ozone-manager-1.3.0-SNAPSHOT.jar:?]
	at org.apache.hadoop.ozone.protocolPB.OzoneManagerProtocolServerSideTranslatorPB.processRequest(OzoneManagerProtocolServerSideTranslatorPB.java:175) ~[ozone-manager-1.3.0-SNAPSHOT.jar:?]
	at org.apache.hadoop.hdds.server.OzoneProtocolMessageDispatcher.processRequest(OzoneProtocolMessageDispatcher.java:87) [hdds-server-framework-1.3.0-SNAPSHOT.jar:?]
	at org.apache.hadoop.ozone.protocolPB.OzoneManagerProtocolServerSideTranslatorPB.submitRequest(OzoneManagerProtocolServerSideTranslatorPB.java:147) [ozone-manager-1.3.0-SNAPSHOT.jar:?]
	at org.apache.hadoop.ozone.protocol.proto.OzoneManagerProtocolProtos$OzoneManagerService$2.callBlockingMethod(OzoneManagerProtocolProtos.java) [ozone-interface-client-1.3.0-SNAPSHOT.jar:?]
	at org.apache.hadoop.ipc.ProtobufRpcEngine$Server.processCall(ProtobufRpcEngine.java:466) [hadoop-common-3.3.1.jar:?]
	at org.apache.hadoop.ipc.ProtobufRpcEngine2$Server$ProtoBufRpcInvoker.call(ProtobufRpcEngine2.java:574) [hadoop-common-3.3.1.jar:?]
	at org.apache.hadoop.ipc.ProtobufRpcEngine2$Server$ProtoBufRpcInvoker.call(ProtobufRpcEngine2.java:552) [hadoop-common-3.3.1.jar:?]
	at org.apache.hadoop.ipc.RPC$Server.call(RPC.java:1093) [hadoop-common-3.3.1.jar:?]
	at org.apache.hadoop.ipc.Server$RpcCall.run(Server.java:1035) [hadoop-common-3.3.1.jar:?]
	at org.apache.hadoop.ipc.Server$RpcCall.run(Server.java:963) [hadoop-common-3.3.1.jar:?]
	at java.security.AccessController.doPrivileged(Native Method) ~[?:1.8.0_332]
	at javax.security.auth.Subject.doAs(Subject.java:422) [?:1.8.0_332]
	at org.apache.hadoop.security.UserGroupInformation.doAs(UserGroupInformation.java:1878) [hadoop-common-3.3.1.jar:?]
	at org.apache.hadoop.ipc.Server$Handler.run(Server.java:2966) [hadoop-common-3.3.1.jar:?]
13:49:20.482 [IPC Server handler 10 on default port 44975] ERROR OMAudit - user=runner | ip=127.0.0.1 | op=GET_FILE_STATUS {volume=volume19579, bucket=bucket61186, key=testBatchDelete/parent/childFolder/child4, dataSize=0, replicationConfig=null} | ret=FAILURE
org.apache.hadoop.ozone.om.exceptions.OMException: Unable to get file status: volume: volume19579 bucket: bucket61186 key: testBatchDelete/parent/childFolder/child4
	at org.apache.hadoop.ozone.om.KeyManagerImpl.getOzoneFileStatus(KeyManagerImpl.java:1311) ~[ozone-manager-1.3.0-SNAPSHOT.jar:?]
	at org.apache.hadoop.ozone.om.KeyManagerImpl.getFileStatus(KeyManagerImpl.java:1241) ~[ozone-manager-1.3.0-SNAPSHOT.jar:?]
	at org.apache.hadoop.ozone.om.OzoneManager.getFileStatus(OzoneManager.java:3467) ~[ozone-manager-1.3.0-SNAPSHOT.jar:?]
	at org.apache.hadoop.ozone.protocolPB.OzoneManagerRequestHandler.getOzoneFileStatus(OzoneManagerRequestHandler.java:878) ~[ozone-manager-1.3.0-SNAPSHOT.jar:?]
	at org.apache.hadoop.ozone.protocolPB.OzoneManagerRequestHandler.handleReadRequest(OzoneManagerRequestHandler.java:224) ~[ozone-manager-1.3.0-SNAPSHOT.jar:?]
	at org.apache.hadoop.ozone.protocolPB.OzoneManagerProtocolServerSideTranslatorPB.submitReadRequestToOM(OzoneManagerProtocolServerSideTranslatorPB.java:226) ~[ozone-manager-1.3.0-SNAPSHOT.jar:?]
	at org.apache.hadoop.ozone.protocolPB.OzoneManagerProtocolServerSideTranslatorPB.processRequest(OzoneManagerProtocolServerSideTranslatorPB.java:175) ~[ozone-manager-1.3.0-SNAPSHOT.jar:?]
	at org.apache.hadoop.hdds.server.OzoneProtocolMessageDispatcher.processRequest(OzoneProtocolMessageDispatcher.java:87) [hdds-server-framework-1.3.0-SNAPSHOT.jar:?]
	at org.apache.hadoop.ozone.protocolPB.OzoneManagerProtocolServerSideTranslatorPB.submitRequest(OzoneManagerProtocolServerSideTranslatorPB.java:147) [ozone-manager-1.3.0-SNAPSHOT.jar:?]
	at org.apache.hadoop.ozone.protocol.proto.OzoneManagerProtocolProtos$OzoneManagerService$2.callBlockingMethod(OzoneManagerProtocolProtos.java) [ozone-interface-client-1.3.0-SNAPSHOT.jar:?]
	at org.apache.hadoop.ipc.ProtobufRpcEngine$Server.processCall(ProtobufRpcEngine.java:466) [hadoop-common-3.3.1.jar:?]
	at org.apache.hadoop.ipc.ProtobufRpcEngine2$Server$ProtoBufRpcInvoker.call(ProtobufRpcEngine2.java:574) [hadoop-common-3.3.1.jar:?]
	at org.apache.hadoop.ipc.ProtobufRpcEngine2$Server$ProtoBufRpcInvoker.call(ProtobufRpcEngine2.java:552) [hadoop-common-3.3.1.jar:?]
	at org.apache.hadoop.ipc.RPC$Server.call(RPC.java:1093) [hadoop-common-3.3.1.jar:?]
	at org.apache.hadoop.ipc.Server$RpcCall.run(Server.java:1035) [hadoop-common-3.3.1.jar:?]
	at org.apache.hadoop.ipc.Server$RpcCall.run(Server.java:963) [hadoop-common-3.3.1.jar:?]
	at java.security.AccessController.doPrivileged(Native Method) ~[?:1.8.0_332]
	at javax.security.auth.Subject.doAs(Subject.java:422) [?:1.8.0_332]
	at org.apache.hadoop.security.UserGroupInformation.doAs(UserGroupInformation.java:1878) [hadoop-common-3.3.1.jar:?]
	at org.apache.hadoop.ipc.Server$Handler.run(Server.java:2966) [hadoop-common-3.3.1.jar:?]
13:49:20.483 [IPC Server handler 8 on default port 44975] ERROR OMAudit - user=runner | ip=127.0.0.1 | op=GET_FILE_STATUS {volume=volume19579, bucket=bucket61186, key=testBatchDelete/parent/child5, dataSize=0, replicationConfig=null} | ret=FAILURE
org.apache.hadoop.ozone.om.exceptions.OMException: Unable to get file status: volume: volume19579 bucket: bucket61186 key: testBatchDelete/parent/child5
	at org.apache.hadoop.ozone.om.KeyManagerImpl.getOzoneFileStatus(KeyManagerImpl.java:1311) ~[ozone-manager-1.3.0-SNAPSHOT.jar:?]
	at org.apache.hadoop.ozone.om.KeyManagerImpl.getFileStatus(KeyManagerImpl.java:1241) ~[ozone-manager-1.3.0-SNAPSHOT.jar:?]
	at org.apache.hadoop.ozone.om.OzoneManager.getFileStatus(OzoneManager.java:3467) ~[ozone-manager-1.3.0-SNAPSHOT.jar:?]
	at org.apache.hadoop.ozone.protocolPB.OzoneManagerRequestHandler.getOzoneFileStatus(OzoneManagerRequestHandler.java:878) ~[ozone-manager-1.3.0-SNAPSHOT.jar:?]
	at org.apache.hadoop.ozone.protocolPB.OzoneManagerRequestHandler.handleReadRequest(OzoneManagerRequestHandler.java:224) ~[ozone-manager-1.3.0-SNAPSHOT.jar:?]
	at org.apache.hadoop.ozone.protocolPB.OzoneManagerProtocolServerSideTranslatorPB.submitReadRequestToOM(OzoneManagerProtocolServerSideTranslatorPB.java:226) ~[ozone-manager-1.3.0-SNAPSHOT.jar:?]
	at org.apache.hadoop.ozone.protocolPB.OzoneManagerProtocolServerSideTranslatorPB.processRequest(OzoneManagerProtocolServerSideTranslatorPB.java:175) ~[ozone-manager-1.3.0-SNAPSHOT.jar:?]
	at org.apache.hadoop.hdds.server.OzoneProtocolMessageDispatcher.processRequest(OzoneProtocolMessageDispatcher.java:87) [hdds-server-framework-1.3.0-SNAPSHOT.jar:?]
	at org.apache.hadoop.ozone.protocolPB.OzoneManagerProtocolServerSideTranslatorPB.submitRequest(OzoneManagerProtocolServerSideTranslatorPB.java:147) [ozone-manager-1.3.0-SNAPSHOT.jar:?]
	at org.apache.hadoop.ozone.protocol.proto.OzoneManagerProtocolProtos$OzoneManagerService$2.callBlockingMethod(OzoneManagerProtocolProtos.java) [ozone-interface-client-1.3.0-SNAPSHOT.jar:?]
	at org.apache.hadoop.ipc.ProtobufRpcEngine$Server.processCall(ProtobufRpcEngine.java:466) [hadoop-common-3.3.1.jar:?]
	at org.apache.hadoop.ipc.ProtobufRpcEngine2$Server$ProtoBufRpcInvoker.call(ProtobufRpcEngine2.java:574) [hadoop-common-3.3.1.jar:?]
	at org.apache.hadoop.ipc.ProtobufRpcEngine2$Server$ProtoBufRpcInvoker.call(ProtobufRpcEngine2.java:552) [hadoop-common-3.3.1.jar:?]
	at org.apache.hadoop.ipc.RPC$Server.call(RPC.java:1093) [hadoop-common-3.3.1.jar:?]
	at org.apache.hadoop.ipc.Server$RpcCall.run(Server.java:1035) [hadoop-common-3.3.1.jar:?]
	at org.apache.hadoop.ipc.Server$RpcCall.run(Server.java:963) [hadoop-common-3.3.1.jar:?]
	at java.security.AccessController.doPrivileged(Native Method) ~[?:1.8.0_332]
	at javax.security.auth.Subject.doAs(Subject.java:422) [?:1.8.0_332]
	at org.apache.hadoop.security.UserGroupInformation.doAs(UserGroupInformation.java:1878) [hadoop-common-3.3.1.jar:?]
	at org.apache.hadoop.ipc.Server$Handler.run(Server.java:2966) [hadoop-common-3.3.1.jar:?]
13:49:20.485 [IPC Server handler 4 on default port 44975] ERROR OMAudit - user=runner | ip=127.0.0.1 | op=GET_FILE_STATUS {volume=volume19579, bucket=bucket61186, key=testBatchDelete/parent/childFolder/child5, dataSize=0, replicationConfig=null} | ret=FAILURE
org.apache.hadoop.ozone.om.exceptions.OMException: Unable to get file status: volume: volume19579 bucket: bucket61186 key: testBatchDelete/parent/childFolder/child5
	at org.apache.hadoop.ozone.om.KeyManagerImpl.getOzoneFileStatus(KeyManagerImpl.java:1311) ~[ozone-manager-1.3.0-SNAPSHOT.jar:?]
	at org.apache.hadoop.ozone.om.KeyManagerImpl.getFileStatus(KeyManagerImpl.java:1241) ~[ozone-manager-1.3.0-SNAPSHOT.jar:?]
	at org.apache.hadoop.ozone.om.OzoneManager.getFileStatus(OzoneManager.java:3467) ~[ozone-manager-1.3.0-SNAPSHOT.jar:?]
	at org.apache.hadoop.ozone.protocolPB.OzoneManagerRequestHandler.getOzoneFileStatus(OzoneManagerRequestHandler.java:878) ~[ozone-manager-1.3.0-SNAPSHOT.jar:?]
	at org.apache.hadoop.ozone.protocolPB.OzoneManagerRequestHandler.handleReadRequest(OzoneManagerRequestHandler.java:224) ~[ozone-manager-1.3.0-SNAPSHOT.jar:?]
	at org.apache.hadoop.ozone.protocolPB.OzoneManagerProtocolServerSideTranslatorPB.submitReadRequestToOM(OzoneManagerProtocolServerSideTranslatorPB.java:226) ~[ozone-manager-1.3.0-SNAPSHOT.jar:?]
	at org.apache.hadoop.ozone.protocolPB.OzoneManagerProtocolServerSideTranslatorPB.processRequest(OzoneManagerProtocolServerSideTranslatorPB.java:175) ~[ozone-manager-1.3.0-SNAPSHOT.jar:?]
	at org.apache.hadoop.hdds.server.OzoneProtocolMessageDispatcher.processRequest(OzoneProtocolMessageDispatcher.java:87) [hdds-server-framework-1.3.0-SNAPSHOT.jar:?]
	at org.apache.hadoop.ozone.protocolPB.OzoneManagerProtocolServerSideTranslatorPB.submitRequest(OzoneManagerProtocolServerSideTranslatorPB.java:147) [ozone-manager-1.3.0-SNAPSHOT.jar:?]
	at org.apache.hadoop.ozone.protocol.proto.OzoneManagerProtocolProtos$OzoneManagerService$2.callBlockingMethod(OzoneManagerProtocolProtos.java) [ozone-interface-client-1.3.0-SNAPSHOT.jar:?]
	at org.apache.hadoop.ipc.ProtobufRpcEngine$Server.processCall(ProtobufRpcEngine.java:466) [hadoop-common-3.3.1.jar:?]
	at org.apache.hadoop.ipc.ProtobufRpcEngine2$Server$ProtoBufRpcInvoker.call(ProtobufRpcEngine2.java:574) [hadoop-common-3.3.1.jar:?]
	at org.apache.hadoop.ipc.ProtobufRpcEngine2$Server$ProtoBufRpcInvoker.call(ProtobufRpcEngine2.java:552) [hadoop-common-3.3.1.jar:?]
	at org.apache.hadoop.ipc.RPC$Server.call(RPC.java:1093) [hadoop-common-3.3.1.jar:?]
	at org.apache.hadoop.ipc.Server$RpcCall.run(Server.java:1035) [hadoop-common-3.3.1.jar:?]
	at org.apache.hadoop.ipc.Server$RpcCall.run(Server.java:963) [hadoop-common-3.3.1.jar:?]
	at java.security.AccessController.doPrivileged(Native Method) ~[?:1.8.0_332]
	at javax.security.auth.Subject.doAs(Subject.java:422) [?:1.8.0_332]
	at org.apache.hadoop.security.UserGroupInformation.doAs(UserGroupInformation.java:1878) [hadoop-common-3.3.1.jar:?]
	at org.apache.hadoop.ipc.Server$Handler.run(Server.java:2966) [hadoop-common-3.3.1.jar:?]
13:49:20.486 [IPC Server handler 6 on default port 44975] ERROR OMAudit - user=runner | ip=127.0.0.1 | op=GET_FILE_STATUS {volume=volume19579, bucket=bucket61186, key=testBatchDelete/parent/child6, dataSize=0, replicationConfig=null} | ret=FAILURE
org.apache.hadoop.ozone.om.exceptions.OMException: Unable to get file status: volume: volume19579 bucket: bucket61186 key: testBatchDelete/parent/child6
	at org.apache.hadoop.ozone.om.KeyManagerImpl.getOzoneFileStatus(KeyManagerImpl.java:1311) ~[ozone-manager-1.3.0-SNAPSHOT.jar:?]
	at org.apache.hadoop.ozone.om.KeyManagerImpl.getFileStatus(KeyManagerImpl.java:1241) ~[ozone-manager-1.3.0-SNAPSHOT.jar:?]
	at org.apache.hadoop.ozone.om.OzoneManager.getFileStatus(OzoneManager.java:3467) ~[ozone-manager-1.3.0-SNAPSHOT.jar:?]
	at org.apache.hadoop.ozone.protocolPB.OzoneManagerRequestHandler.getOzoneFileStatus(OzoneManagerRequestHandler.java:878) ~[ozone-manager-1.3.0-SNAPSHOT.jar:?]
	at org.apache.hadoop.ozone.protocolPB.OzoneManagerRequestHandler.handleReadRequest(OzoneManagerRequestHandler.java:224) ~[ozone-manager-1.3.0-SNAPSHOT.jar:?]
	at org.apache.hadoop.ozone.protocolPB.OzoneManagerProtocolServerSideTranslatorPB.submitReadRequestToOM(OzoneManagerProtocolServerSideTranslatorPB.java:226) ~[ozone-manager-1.3.0-SNAPSHOT.jar:?]
	at org.apache.hadoop.ozone.protocolPB.OzoneManagerProtocolServerSideTranslatorPB.processRequest(OzoneManagerProtocolServerSideTranslatorPB.java:175) ~[ozone-manager-1.3.0-SNAPSHOT.jar:?]
	at org.apache.hadoop.hdds.server.OzoneProtocolMessageDispatcher.processRequest(OzoneProtocolMessageDispatcher.java:87) [hdds-server-framework-1.3.0-SNAPSHOT.jar:?]
	at org.apache.hadoop.ozone.protocolPB.OzoneManagerProtocolServerSideTranslatorPB.submitRequest(OzoneManagerProtocolServerSideTranslatorPB.java:147) [ozone-manager-1.3.0-SNAPSHOT.jar:?]
	at org.apache.hadoop.ozone.protocol.proto.OzoneManagerProtocolProtos$OzoneManagerService$2.callBlockingMethod(OzoneManagerProtocolProtos.java) [ozone-interface-client-1.3.0-SNAPSHOT.jar:?]
	at org.apache.hadoop.ipc.ProtobufRpcEngine$Server.processCall(ProtobufRpcEngine.java:466) [hadoop-common-3.3.1.jar:?]
	at org.apache.hadoop.ipc.ProtobufRpcEngine2$Server$ProtoBufRpcInvoker.call(ProtobufRpcEngine2.java:574) [hadoop-common-3.3.1.jar:?]
	at org.apache.hadoop.ipc.ProtobufRpcEngine2$Server$ProtoBufRpcInvoker.call(ProtobufRpcEngine2.java:552) [hadoop-common-3.3.1.jar:?]
	at org.apache.hadoop.ipc.RPC$Server.call(RPC.java:1093) [hadoop-common-3.3.1.jar:?]
	at org.apache.hadoop.ipc.Server$RpcCall.run(Server.java:1035) [hadoop-common-3.3.1.jar:?]
	at org.apache.hadoop.ipc.Server$RpcCall.run(Server.java:963) [hadoop-common-3.3.1.jar:?]
	at java.security.AccessController.doPrivileged(Native Method) ~[?:1.8.0_332]
	at javax.security.auth.Subject.doAs(Subject.java:422) [?:1.8.0_332]
	at org.apache.hadoop.security.UserGroupInformation.doAs(UserGroupInformation.java:1878) [hadoop-common-3.3.1.jar:?]
	at org.apache.hadoop.ipc.Server$Handler.run(Server.java:2966) [hadoop-common-3.3.1.jar:?]
13:49:20.487 [IPC Server handler 0 on default port 44975] ERROR OMAudit - user=runner | ip=127.0.0.1 | op=GET_FILE_STATUS {volume=volume19579, bucket=bucket61186, key=testBatchDelete/parent/childFolder/child6, dataSize=0, replicationConfig=null} | ret=FAILURE
org.apache.hadoop.ozone.om.exceptions.OMException: Unable to get file status: volume: volume19579 bucket: bucket61186 key: testBatchDelete/parent/childFolder/child6
	at org.apache.hadoop.ozone.om.KeyManagerImpl.getOzoneFileStatus(KeyManagerImpl.java:1311) ~[ozone-manager-1.3.0-SNAPSHOT.jar:?]
	at org.apache.hadoop.ozone.om.KeyManagerImpl.getFileStatus(KeyManagerImpl.java:1241) ~[ozone-manager-1.3.0-SNAPSHOT.jar:?]
	at org.apache.hadoop.ozone.om.OzoneManager.getFileStatus(OzoneManager.java:3467) ~[ozone-manager-1.3.0-SNAPSHOT.jar:?]
	at org.apache.hadoop.ozone.protocolPB.OzoneManagerRequestHandler.getOzoneFileStatus(OzoneManagerRequestHandler.java:878) ~[ozone-manager-1.3.0-SNAPSHOT.jar:?]
	at org.apache.hadoop.ozone.protocolPB.OzoneManagerRequestHandler.handleReadRequest(OzoneManagerRequestHandler.java:224) ~[ozone-manager-1.3.0-SNAPSHOT.jar:?]
	at org.apache.hadoop.ozone.protocolPB.OzoneManagerProtocolServerSideTranslatorPB.submitReadRequestToOM(OzoneManagerProtocolServerSideTranslatorPB.java:226) ~[ozone-manager-1.3.0-SNAPSHOT.jar:?]
	at org.apache.hadoop.ozone.protocolPB.OzoneManagerProtocolServerSideTranslatorPB.processRequest(OzoneManagerProtocolServerSideTranslatorPB.java:175) ~[ozone-manager-1.3.0-SNAPSHOT.jar:?]
	at org.apache.hadoop.hdds.server.OzoneProtocolMessageDispatcher.processRequest(OzoneProtocolMessageDispatcher.java:87) [hdds-server-framework-1.3.0-SNAPSHOT.jar:?]
	at org.apache.hadoop.ozone.protocolPB.OzoneManagerProtocolServerSideTranslatorPB.submitRequest(OzoneManagerProtocolServerSideTranslatorPB.java:147) [ozone-manager-1.3.0-SNAPSHOT.jar:?]
	at org.apache.hadoop.ozone.protocol.proto.OzoneManagerProtocolProtos$OzoneManagerService$2.callBlockingMethod(OzoneManagerProtocolProtos.java) [ozone-interface-client-1.3.0-SNAPSHOT.jar:?]
	at org.apache.hadoop.ipc.ProtobufRpcEngine$Server.processCall(ProtobufRpcEngine.java:466) [hadoop-common-3.3.1.jar:?]
	at org.apache.hadoop.ipc.ProtobufRpcEngine2$Server$ProtoBufRpcInvoker.call(ProtobufRpcEngine2.java:574) [hadoop-common-3.3.1.jar:?]
	at org.apache.hadoop.ipc.ProtobufRpcEngine2$Server$ProtoBufRpcInvoker.call(ProtobufRpcEngine2.java:552) [hadoop-common-3.3.1.jar:?]
	at org.apache.hadoop.ipc.RPC$Server.call(RPC.java:1093) [hadoop-common-3.3.1.jar:?]
	at org.apache.hadoop.ipc.Server$RpcCall.run(Server.java:1035) [hadoop-common-3.3.1.jar:?]
	at org.apache.hadoop.ipc.Server$RpcCall.run(Server.java:963) [hadoop-common-3.3.1.jar:?]
	at java.security.AccessController.doPrivileged(Native Method) ~[?:1.8.0_332]
	at javax.security.auth.Subject.doAs(Subject.java:422) [?:1.8.0_332]
	at org.apache.hadoop.security.UserGroupInformation.doAs(UserGroupInformation.java:1878) [hadoop-common-3.3.1.jar:?]
	at org.apache.hadoop.ipc.Server$Handler.run(Server.java:2966) [hadoop-common-3.3.1.jar:?]
13:49:20.489 [IPC Server handler 19 on default port 44975] ERROR OMAudit - user=runner | ip=127.0.0.1 | op=GET_FILE_STATUS {volume=volume19579, bucket=bucket61186, key=testBatchDelete/parent/child7, dataSize=0, replicationConfig=null} | ret=FAILURE
org.apache.hadoop.ozone.om.exceptions.OMException: Unable to get file status: volume: volume19579 bucket: bucket61186 key: testBatchDelete/parent/child7
	at org.apache.hadoop.ozone.om.KeyManagerImpl.getOzoneFileStatus(KeyManagerImpl.java:1311) ~[ozone-manager-1.3.0-SNAPSHOT.jar:?]
	at org.apache.hadoop.ozone.om.KeyManagerImpl.getFileStatus(KeyManagerImpl.java:1241) ~[ozone-manager-1.3.0-SNAPSHOT.jar:?]
	at org.apache.hadoop.ozone.om.OzoneManager.getFileStatus(OzoneManager.java:3467) ~[ozone-manager-1.3.0-SNAPSHOT.jar:?]
	at org.apache.hadoop.ozone.protocolPB.OzoneManagerRequestHandler.getOzoneFileStatus(OzoneManagerRequestHandler.java:878) ~[ozone-manager-1.3.0-SNAPSHOT.jar:?]
	at org.apache.hadoop.ozone.protocolPB.OzoneManagerRequestHandler.handleReadRequest(OzoneManagerRequestHandler.java:224) ~[ozone-manager-1.3.0-SNAPSHOT.jar:?]
	at org.apache.hadoop.ozone.protocolPB.OzoneManagerProtocolServerSideTranslatorPB.submitReadRequestToOM(OzoneManagerProtocolServerSideTranslatorPB.java:226) ~[ozone-manager-1.3.0-SNAPSHOT.jar:?]
	at org.apache.hadoop.ozone.protocolPB.OzoneManagerProtocolServerSideTranslatorPB.processRequest(OzoneManagerProtocolServerSideTranslatorPB.java:175) ~[ozone-manager-1.3.0-SNAPSHOT.jar:?]
	at org.apache.hadoop.hdds.server.OzoneProtocolMessageDispatcher.processRequest(OzoneProtocolMessageDispatcher.java:87) [hdds-server-framework-1.3.0-SNAPSHOT.jar:?]
	at org.apache.hadoop.ozone.protocolPB.OzoneManagerProtocolServerSideTranslatorPB.submitRequest(OzoneManagerProtocolServerSideTranslatorPB.java:147) [ozone-manager-1.3.0-SNAPSHOT.jar:?]
	at org.apache.hadoop.ozone.protocol.proto.OzoneManagerProtocolProtos$OzoneManagerService$2.callBlockingMethod(OzoneManagerProtocolProtos.java) [ozone-interface-client-1.3.0-SNAPSHOT.jar:?]
	at org.apache.hadoop.ipc.ProtobufRpcEngine$Server.processCall(ProtobufRpcEngine.java:466) [hadoop-common-3.3.1.jar:?]
	at org.apache.hadoop.ipc.ProtobufRpcEngine2$Server$ProtoBufRpcInvoker.call(ProtobufRpcEngine2.java:574) [hadoop-common-3.3.1.jar:?]
	at org.apache.hadoop.ipc.ProtobufRpcEngine2$Server$ProtoBufRpcInvoker.call(ProtobufRpcEngine2.java:552) [hadoop-common-3.3.1.jar:?]
	at org.apache.hadoop.ipc.RPC$Server.call(RPC.java:1093) [hadoop-common-3.3.1.jar:?]
	at org.apache.hadoop.ipc.Server$RpcCall.run(Server.java:1035) [hadoop-common-3.3.1.jar:?]
	at org.apache.hadoop.ipc.Server$RpcCall.run(Server.java:963) [hadoop-common-3.3.1.jar:?]
	at java.security.AccessController.doPrivileged(Native Method) ~[?:1.8.0_332]
	at javax.security.auth.Subject.doAs(Subject.java:422) [?:1.8.0_332]
	at org.apache.hadoop.security.UserGroupInformation.doAs(UserGroupInformation.java:1878) [hadoop-common-3.3.1.jar:?]
	at org.apache.hadoop.ipc.Server$Handler.run(Server.java:2966) [hadoop-common-3.3.1.jar:?]
2022-07-27 13:49:20,491 [9135c07c-9562-4fec-aca6-20239d7a9d6d@group-EC36FC0C3E24-FollowerState] INFO  impl.FollowerState (FollowerState.java:run(143)) - 9135c07c-9562-4fec-aca6-20239d7a9d6d@group-EC36FC0C3E24-FollowerState: change to CANDIDATE, lastRpcElapsedTime:5009628983ns, electionTimeout:5007ms
2022-07-27 13:49:20,491 [9135c07c-9562-4fec-aca6-20239d7a9d6d@group-EC36FC0C3E24-FollowerState] INFO  impl.RoleInfo (RoleInfo.java:shutdownFollowerState(110)) - 9135c07c-9562-4fec-aca6-20239d7a9d6d: shutdown 9135c07c-9562-4fec-aca6-20239d7a9d6d@group-EC36FC0C3E24-FollowerState
2022-07-27 13:49:20,491 [9135c07c-9562-4fec-aca6-20239d7a9d6d@group-EC36FC0C3E24-FollowerState] INFO  server.RaftServer$Division (RaftServerImpl.java:setRole(299)) - 9135c07c-9562-4fec-aca6-20239d7a9d6d@group-EC36FC0C3E24: changes role from  FOLLOWER to CANDIDATE at term 1 for changeToCandidate
2022-07-27 13:49:20,491 [9135c07c-9562-4fec-aca6-20239d7a9d6d@group-EC36FC0C3E24-FollowerState] INFO  server.RaftServerConfigKeys (ConfUtils.java:logGet(46)) - raft.server.leaderelection.pre-vote = false (custom)
2022-07-27 13:49:20,492 [9135c07c-9562-4fec-aca6-20239d7a9d6d@group-EC36FC0C3E24-FollowerState] INFO  impl.RoleInfo (RoleInfo.java:updateAndGet(139)) - 9135c07c-9562-4fec-aca6-20239d7a9d6d: start 9135c07c-9562-4fec-aca6-20239d7a9d6d@group-EC36FC0C3E24-LeaderElection10
2022-07-27 13:49:20,500 [df335623-852d-4a6f-8cff-fa9ba72c6e1b@group-EC36FC0C3E24-FollowerState] INFO  impl.FollowerState (FollowerState.java:run(143)) - df335623-852d-4a6f-8cff-fa9ba72c6e1b@group-EC36FC0C3E24-FollowerState: change to CANDIDATE, lastRpcElapsedTime:5110108694ns, electionTimeout:5105ms
2022-07-27 13:49:20,500 [df335623-852d-4a6f-8cff-fa9ba72c6e1b@group-EC36FC0C3E24-FollowerState] INFO  impl.RoleInfo (RoleInfo.java:shutdownFollowerState(110)) - df335623-852d-4a6f-8cff-fa9ba72c6e1b: shutdown df335623-852d-4a6f-8cff-fa9ba72c6e1b@group-EC36FC0C3E24-FollowerState
2022-07-27 13:49:20,500 [df335623-852d-4a6f-8cff-fa9ba72c6e1b@group-EC36FC0C3E24-FollowerState] INFO  server.RaftServer$Division (RaftServerImpl.java:setRole(299)) - df335623-852d-4a6f-8cff-fa9ba72c6e1b@group-EC36FC0C3E24: changes role from  FOLLOWER to CANDIDATE at term 1 for changeToCandidate
2022-07-27 13:49:20,500 [df335623-852d-4a6f-8cff-fa9ba72c6e1b@group-EC36FC0C3E24-FollowerState] INFO  server.RaftServerConfigKeys (ConfUtils.java:logGet(46)) - raft.server.leaderelection.pre-vote = false (custom)
2022-07-27 13:49:20,500 [df335623-852d-4a6f-8cff-fa9ba72c6e1b@group-EC36FC0C3E24-FollowerState] INFO  impl.RoleInfo (RoleInfo.java:updateAndGet(139)) - df335623-852d-4a6f-8cff-fa9ba72c6e1b: start df335623-852d-4a6f-8cff-fa9ba72c6e1b@group-EC36FC0C3E24-LeaderElection11
2022-07-27 13:49:20,509 [9135c07c-9562-4fec-aca6-20239d7a9d6d@group-EC36FC0C3E24-LeaderElection10] INFO  impl.LeaderElection (LeaderElection.java:askForVotes(310)) - 9135c07c-9562-4fec-aca6-20239d7a9d6d@group-EC36FC0C3E24-LeaderElection10 ELECTION round 0: submit vote requests at term 2 for -1: [df335623-852d-4a6f-8cff-fa9ba72c6e1b|rpc:10.1.0.21:40909|dataStream:|priority:0, efe9fd25-7228-4310-8e5d-4bcbbad78a8a|rpc:10.1.0.21:38425|dataStream:|priority:0, 9135c07c-9562-4fec-aca6-20239d7a9d6d|rpc:10.1.0.21:40625|dataStream:|priority:1], old=null
13:49:20.510 [IPC Server handler 15 on default port 44975] ERROR OMAudit - user=runner | ip=127.0.0.1 | op=GET_FILE_STATUS {volume=volume19579, bucket=bucket61186, key=testBatchDelete/parent/childFolder/child7, dataSize=0, replicationConfig=null} | ret=FAILURE
org.apache.hadoop.ozone.om.exceptions.OMException: Unable to get file status: volume: volume19579 bucket: bucket61186 key: testBatchDelete/parent/childFolder/child7
	at org.apache.hadoop.ozone.om.KeyManagerImpl.getOzoneFileStatus(KeyManagerImpl.java:1311) ~[ozone-manager-1.3.0-SNAPSHOT.jar:?]
	at org.apache.hadoop.ozone.om.KeyManagerImpl.getFileStatus(KeyManagerImpl.java:1241) ~[ozone-manager-1.3.0-SNAPSHOT.jar:?]
	at org.apache.hadoop.ozone.om.OzoneManager.getFileStatus(OzoneManager.java:3467) ~[ozone-manager-1.3.0-SNAPSHOT.jar:?]
	at org.apache.hadoop.ozone.protocolPB.OzoneManagerRequestHandler.getOzoneFileStatus(OzoneManagerRequestHandler.java:878) ~[ozone-manager-1.3.0-SNAPSHOT.jar:?]
	at org.apache.hadoop.ozone.protocolPB.OzoneManagerRequestHandler.handleReadRequest(OzoneManagerRequestHandler.java:224) ~[ozone-manager-1.3.0-SNAPSHOT.jar:?]
	at org.apache.hadoop.ozone.protocolPB.OzoneManagerProtocolServerSideTranslatorPB.submitReadRequestToOM(OzoneManagerProtocolServerSideTranslatorPB.java:226) ~[ozone-manager-1.3.0-SNAPSHOT.jar:?]
	at org.apache.hadoop.ozone.protocolPB.OzoneManagerProtocolServerSideTranslatorPB.processRequest(OzoneManagerProtocolServerSideTranslatorPB.java:175) ~[ozone-manager-1.3.0-SNAPSHOT.jar:?]
	at org.apache.hadoop.hdds.server.OzoneProtocolMessageDispatcher.processRequest(OzoneProtocolMessageDispatcher.java:87) [hdds-server-framework-1.3.0-SNAPSHOT.jar:?]
	at org.apache.hadoop.ozone.protocolPB.OzoneManagerProtocolServerSideTranslatorPB.submitRequest(OzoneManagerProtocolServerSideTranslatorPB.java:147) [ozone-manager-1.3.0-SNAPSHOT.jar:?]
	at org.apache.hadoop.ozone.protocol.proto.OzoneManagerProtocolProtos$OzoneManagerService$2.callBlockingMethod(OzoneManagerProtocolProtos.java) [ozone-interface-client-1.3.0-SNAPSHOT.jar:?]
	at org.apache.hadoop.ipc.ProtobufRpcEngine$Server.processCall(ProtobufRpcEngine.java:466) [hadoop-common-3.3.1.jar:?]
	at org.apache.hadoop.ipc.ProtobufRpcEngine2$Server$ProtoBufRpcInvoker.call(ProtobufRpcEngine2.java:574) [hadoop-common-3.3.1.jar:?]
	at org.apache.hadoop.ipc.ProtobufRpcEngine2$Server$ProtoBufRpcInvoker.call(ProtobufRpcEngine2.java:552) [hadoop-common-3.3.1.jar:?]
	at org.apache.hadoop.ipc.RPC$Server.call(RPC.java:1093) [hadoop-common-3.3.1.jar:?]
	at org.apache.hadoop.ipc.Server$RpcCall.run(Server.java:1035) [hadoop-common-3.3.1.jar:?]
	at org.apache.hadoop.ipc.Server$RpcCall.run(Server.java:963) [hadoop-common-3.3.1.jar:?]
	at java.security.AccessController.doPrivileged(Native Method) ~[?:1.8.0_332]
	at javax.security.auth.Subject.doAs(Subject.java:422) [?:1.8.0_332]
	at org.apache.hadoop.security.UserGroupInformation.doAs(UserGroupInformation.java:1878) [hadoop-common-3.3.1.jar:?]
	at org.apache.hadoop.ipc.Server$Handler.run(Server.java:2966) [hadoop-common-3.3.1.jar:?]
2022-07-27 13:49:20,510 [df335623-852d-4a6f-8cff-fa9ba72c6e1b@group-EC36FC0C3E24-LeaderElection11] INFO  impl.LeaderElection (LeaderElection.java:askForVotes(310)) - df335623-852d-4a6f-8cff-fa9ba72c6e1b@group-EC36FC0C3E24-LeaderElection11 ELECTION round 0: submit vote requests at term 2 for -1: [df335623-852d-4a6f-8cff-fa9ba72c6e1b|rpc:10.1.0.21:40909|priority:0, efe9fd25-7228-4310-8e5d-4bcbbad78a8a|rpc:10.1.0.21:38425|priority:0, 9135c07c-9562-4fec-aca6-20239d7a9d6d|rpc:10.1.0.21:40625|priority:1], old=null
13:49:20.514 [IPC Server handler 16 on default port 44975] ERROR OMAudit - user=runner | ip=127.0.0.1 | op=GET_FILE_STATUS {volume=volume19579, bucket=bucket61186, key=testBatchDelete/parent, dataSize=0, replicationConfig=null} | ret=FAILURE
org.apache.hadoop.ozone.om.exceptions.OMException: Unable to get file status: volume: volume19579 bucket: bucket61186 key: testBatchDelete/parent
	at org.apache.hadoop.ozone.om.KeyManagerImpl.getOzoneFileStatus(KeyManagerImpl.java:1311) ~[ozone-manager-1.3.0-SNAPSHOT.jar:?]
	at org.apache.hadoop.ozone.om.KeyManagerImpl.getFileStatus(KeyManagerImpl.java:1241) ~[ozone-manager-1.3.0-SNAPSHOT.jar:?]
	at org.apache.hadoop.ozone.om.OzoneManager.getFileStatus(OzoneManager.java:3467) ~[ozone-manager-1.3.0-SNAPSHOT.jar:?]
	at org.apache.hadoop.ozone.protocolPB.OzoneManagerRequestHandler.getOzoneFileStatus(OzoneManagerRequestHandler.java:878) ~[ozone-manager-1.3.0-SNAPSHOT.jar:?]
	at org.apache.hadoop.ozone.protocolPB.OzoneManagerRequestHandler.handleReadRequest(OzoneManagerRequestHandler.java:224) ~[ozone-manager-1.3.0-SNAPSHOT.jar:?]
	at org.apache.hadoop.ozone.protocolPB.OzoneManagerProtocolServerSideTranslatorPB.submitReadRequestToOM(OzoneManagerProtocolServerSideTranslatorPB.java:226) ~[ozone-manager-1.3.0-SNAPSHOT.jar:?]
	at org.apache.hadoop.ozone.protocolPB.OzoneManagerProtocolServerSideTranslatorPB.processRequest(OzoneManagerProtocolServerSideTranslatorPB.java:175) ~[ozone-manager-1.3.0-SNAPSHOT.jar:?]
	at org.apache.hadoop.hdds.server.OzoneProtocolMessageDispatcher.processRequest(OzoneProtocolMessageDispatcher.java:87) [hdds-server-framework-1.3.0-SNAPSHOT.jar:?]
	at org.apache.hadoop.ozone.protocolPB.OzoneManagerProtocolServerSideTranslatorPB.submitRequest(OzoneManagerProtocolServerSideTranslatorPB.java:147) [ozone-manager-1.3.0-SNAPSHOT.jar:?]
	at org.apache.hadoop.ozone.protocol.proto.OzoneManagerProtocolProtos$OzoneManagerService$2.callBlockingMethod(OzoneManagerProtocolProtos.java) [ozone-interface-client-1.3.0-SNAPSHOT.jar:?]
	at org.apache.hadoop.ipc.ProtobufRpcEngine$Server.processCall(ProtobufRpcEngine.java:466) [hadoop-common-3.3.1.jar:?]
	at org.apache.hadoop.ipc.ProtobufRpcEngine2$Server$ProtoBufRpcInvoker.call(ProtobufRpcEngine2.java:574) [hadoop-common-3.3.1.jar:?]
	at org.apache.hadoop.ipc.ProtobufRpcEngine2$Server$ProtoBufRpcInvoker.call(ProtobufRpcEngine2.java:552) [hadoop-common-3.3.1.jar:?]
	at org.apache.hadoop.ipc.RPC$Server.call(RPC.java:1093) [hadoop-common-3.3.1.jar:?]
	at org.apache.hadoop.ipc.Server$RpcCall.run(Server.java:1035) [hadoop-common-3.3.1.jar:?]
	at org.apache.hadoop.ipc.Server$RpcCall.run(Server.java:963) [hadoop-common-3.3.1.jar:?]
	at java.security.AccessController.doPrivileged(Native Method) ~[?:1.8.0_332]
	at javax.security.auth.Subject.doAs(Subject.java:422) [?:1.8.0_332]
	at org.apache.hadoop.security.UserGroupInformation.doAs(UserGroupInformation.java:1878) [hadoop-common-3.3.1.jar:?]
	at org.apache.hadoop.ipc.Server$Handler.run(Server.java:2966) [hadoop-common-3.3.1.jar:?]
2022-07-27 13:49:20,516 [grpc-default-executor-3] INFO  server.RaftServer$Division (RaftServerImpl.java:requestVote(1152)) - df335623-852d-4a6f-8cff-fa9ba72c6e1b@group-EC36FC0C3E24: receive requestVote(ELECTION, 9135c07c-9562-4fec-aca6-20239d7a9d6d, group-EC36FC0C3E24, 2, (t:0, i:0))
2022-07-27 13:49:20,516 [grpc-default-executor-3] INFO  impl.VoteContext (VoteContext.java:log(48)) - df335623-852d-4a6f-8cff-fa9ba72c6e1b@group-EC36FC0C3E24-CANDIDATE: reject ELECTION from 9135c07c-9562-4fec-aca6-20239d7a9d6d: already has voted for df335623-852d-4a6f-8cff-fa9ba72c6e1b at current term 2
2022-07-27 13:49:20,516 [grpc-default-executor-3] INFO  server.RaftServer$Division (RaftServerImpl.java:requestVote(1184)) - df335623-852d-4a6f-8cff-fa9ba72c6e1b@group-EC36FC0C3E24 replies to ELECTION vote request: 9135c07c-9562-4fec-aca6-20239d7a9d6d<-df335623-852d-4a6f-8cff-fa9ba72c6e1b#0:FAIL-t2. Peer's state: df335623-852d-4a6f-8cff-fa9ba72c6e1b@group-EC36FC0C3E24:t2, leader=null, voted=df335623-852d-4a6f-8cff-fa9ba72c6e1b, raftlog=df335623-852d-4a6f-8cff-fa9ba72c6e1b@group-EC36FC0C3E24-SegmentedRaftLog:OPENED:c-1, conf=-1: [df335623-852d-4a6f-8cff-fa9ba72c6e1b|rpc:10.1.0.21:40909|priority:0, efe9fd25-7228-4310-8e5d-4bcbbad78a8a|rpc:10.1.0.21:38425|priority:0, 9135c07c-9562-4fec-aca6-20239d7a9d6d|rpc:10.1.0.21:40625|priority:1], old=null
2022-07-27 13:49:20,520 [efe9fd25-7228-4310-8e5d-4bcbbad78a8a@group-EC36FC0C3E24-FollowerState] INFO  impl.FollowerState (FollowerState.java:run(143)) - efe9fd25-7228-4310-8e5d-4bcbbad78a8a@group-EC36FC0C3E24-FollowerState: change to CANDIDATE, lastRpcElapsedTime:5079716318ns, electionTimeout:5062ms
2022-07-27 13:49:20,520 [efe9fd25-7228-4310-8e5d-4bcbbad78a8a@group-EC36FC0C3E24-FollowerState] INFO  impl.RoleInfo (RoleInfo.java:shutdownFollowerState(110)) - efe9fd25-7228-4310-8e5d-4bcbbad78a8a: shutdown efe9fd25-7228-4310-8e5d-4bcbbad78a8a@group-EC36FC0C3E24-FollowerState
2022-07-27 13:49:20,521 [efe9fd25-7228-4310-8e5d-4bcbbad78a8a@group-EC36FC0C3E24-FollowerState] INFO  server.RaftServer$Division (RaftServerImpl.java:setRole(299)) - efe9fd25-7228-4310-8e5d-4bcbbad78a8a@group-EC36FC0C3E24: changes role from  FOLLOWER to CANDIDATE at term 1 for changeToCandidate
2022-07-27 13:49:20,522 [Time-limited test] WARN  ozone.BasicRootedOzoneFileSystem (BasicRootedOzoneFileSystem.java:delete(572)) - delete: Path does not exist: /volume19579/bucket61186/testBatchDelete/parent
2022-07-27 13:49:20,523 [efe9fd25-7228-4310-8e5d-4bcbbad78a8a@group-EC36FC0C3E24-FollowerState] INFO  server.RaftServerConfigKeys (ConfUtils.java:logGet(46)) - raft.server.leaderelection.pre-vote = false (custom)
2022-07-27 13:49:20,523 [grpc-default-executor-3] INFO  server.RaftServer$Division (RaftServerImpl.java:requestVote(1152)) - efe9fd25-7228-4310-8e5d-4bcbbad78a8a@group-EC36FC0C3E24: receive requestVote(ELECTION, df335623-852d-4a6f-8cff-fa9ba72c6e1b, group-EC36FC0C3E24, 2, (t:0, i:0))
2022-07-27 13:49:20,523 [efe9fd25-7228-4310-8e5d-4bcbbad78a8a@group-EC36FC0C3E24-FollowerState] INFO  impl.RoleInfo (RoleInfo.java:updateAndGet(139)) - efe9fd25-7228-4310-8e5d-4bcbbad78a8a: start efe9fd25-7228-4310-8e5d-4bcbbad78a8a@group-EC36FC0C3E24-LeaderElection12
2022-07-27 13:49:20,524 [grpc-default-executor-1] INFO  server.RaftServer$Division (RaftServerImpl.java:requestVote(1152)) - efe9fd25-7228-4310-8e5d-4bcbbad78a8a@group-EC36FC0C3E24: receive requestVote(ELECTION, 9135c07c-9562-4fec-aca6-20239d7a9d6d, group-EC36FC0C3E24, 2, (t:0, i:0))
2022-07-27 13:49:20,524 [grpc-default-executor-1] INFO  impl.VoteContext (VoteContext.java:log(48)) - efe9fd25-7228-4310-8e5d-4bcbbad78a8a@group-EC36FC0C3E24-CANDIDATE: accept ELECTION from 9135c07c-9562-4fec-aca6-20239d7a9d6d: our priority 0 <= candidate's priority 1
2022-07-27 13:49:20,524 [grpc-default-executor-1] INFO  server.RaftServer$Division (RaftServerImpl.java:setRole(299)) - efe9fd25-7228-4310-8e5d-4bcbbad78a8a@group-EC36FC0C3E24: changes role from CANDIDATE to FOLLOWER at term 2 for candidate:9135c07c-9562-4fec-aca6-20239d7a9d6d
2022-07-27 13:49:20,524 [grpc-default-executor-1] INFO  impl.RoleInfo (RoleInfo.java:shutdownLeaderElection(130)) - efe9fd25-7228-4310-8e5d-4bcbbad78a8a: shutdown efe9fd25-7228-4310-8e5d-4bcbbad78a8a@group-EC36FC0C3E24-LeaderElection12
2022-07-27 13:49:20,524 [grpc-default-executor-1] INFO  impl.RoleInfo (RoleInfo.java:updateAndGet(139)) - efe9fd25-7228-4310-8e5d-4bcbbad78a8a: start efe9fd25-7228-4310-8e5d-4bcbbad78a8a@group-EC36FC0C3E24-FollowerState
2022-07-27 13:49:20,524 [efe9fd25-7228-4310-8e5d-4bcbbad78a8a@group-EC36FC0C3E24-LeaderElection12] INFO  impl.LeaderElection (LeaderElection.java:run(231)) - efe9fd25-7228-4310-8e5d-4bcbbad78a8a@group-EC36FC0C3E24-LeaderElection12: skip running since this is already CLOSING
2022-07-27 13:49:20,528 [grpc-default-executor-1] INFO  server.RaftServer$Division (RaftServerImpl.java:requestVote(1184)) - efe9fd25-7228-4310-8e5d-4bcbbad78a8a@group-EC36FC0C3E24 replies to ELECTION vote request: 9135c07c-9562-4fec-aca6-20239d7a9d6d<-efe9fd25-7228-4310-8e5d-4bcbbad78a8a#0:OK-t2. Peer's state: efe9fd25-7228-4310-8e5d-4bcbbad78a8a@group-EC36FC0C3E24:t2, leader=null, voted=9135c07c-9562-4fec-aca6-20239d7a9d6d, raftlog=efe9fd25-7228-4310-8e5d-4bcbbad78a8a@group-EC36FC0C3E24-SegmentedRaftLog:OPENED:c-1, conf=-1: [df335623-852d-4a6f-8cff-fa9ba72c6e1b|rpc:10.1.0.21:40909|priority:0, efe9fd25-7228-4310-8e5d-4bcbbad78a8a|rpc:10.1.0.21:38425|priority:0, 9135c07c-9562-4fec-aca6-20239d7a9d6d|rpc:10.1.0.21:40625|priority:1], old=null
2022-07-27 13:49:20,528 [grpc-default-executor-3] INFO  impl.VoteContext (VoteContext.java:log(48)) - efe9fd25-7228-4310-8e5d-4bcbbad78a8a@group-EC36FC0C3E24-FOLLOWER: reject ELECTION from df335623-852d-4a6f-8cff-fa9ba72c6e1b: already has voted for 9135c07c-9562-4fec-aca6-20239d7a9d6d at current term 2
2022-07-27 13:49:20,528 [grpc-default-executor-3] INFO  server.RaftServer$Division (RaftServerImpl.java:requestVote(1184)) - efe9fd25-7228-4310-8e5d-4bcbbad78a8a@group-EC36FC0C3E24 replies to ELECTION vote request: df335623-852d-4a6f-8cff-fa9ba72c6e1b<-efe9fd25-7228-4310-8e5d-4bcbbad78a8a#0:FAIL-t2. Peer's state: efe9fd25-7228-4310-8e5d-4bcbbad78a8a@group-EC36FC0C3E24:t2, leader=null, voted=9135c07c-9562-4fec-aca6-20239d7a9d6d, raftlog=efe9fd25-7228-4310-8e5d-4bcbbad78a8a@group-EC36FC0C3E24-SegmentedRaftLog:OPENED:c-1, conf=-1: [df335623-852d-4a6f-8cff-fa9ba72c6e1b|rpc:10.1.0.21:40909|priority:0, efe9fd25-7228-4310-8e5d-4bcbbad78a8a|rpc:10.1.0.21:38425|priority:0, 9135c07c-9562-4fec-aca6-20239d7a9d6d|rpc:10.1.0.21:40625|priority:1], old=null
2022-07-27 13:49:20,529 [9135c07c-9562-4fec-aca6-20239d7a9d6d@group-EC36FC0C3E24-LeaderElection10] INFO  impl.LeaderElection (LeaderElection.java:logAndReturn(90)) - 9135c07c-9562-4fec-aca6-20239d7a9d6d@group-EC36FC0C3E24-LeaderElection10: ELECTION PASSED received 2 response(s) and 0 exception(s):
2022-07-27 13:49:20,529 [9135c07c-9562-4fec-aca6-20239d7a9d6d@group-EC36FC0C3E24-LeaderElection10] INFO  impl.LeaderElection (LeaderElection.java:logAndReturn(94)) -   Response 0: 9135c07c-9562-4fec-aca6-20239d7a9d6d<-df335623-852d-4a6f-8cff-fa9ba72c6e1b#0:FAIL-t2
2022-07-27 13:49:20,530 [9135c07c-9562-4fec-aca6-20239d7a9d6d@group-EC36FC0C3E24-LeaderElection10] INFO  impl.LeaderElection (LeaderElection.java:logAndReturn(94)) -   Response 1: 9135c07c-9562-4fec-aca6-20239d7a9d6d<-efe9fd25-7228-4310-8e5d-4bcbbad78a8a#0:OK-t2
2022-07-27 13:49:20,530 [9135c07c-9562-4fec-aca6-20239d7a9d6d@group-EC36FC0C3E24-LeaderElection10] INFO  impl.LeaderElection (LeaderElection.java:askForVotes(312)) - 9135c07c-9562-4fec-aca6-20239d7a9d6d@group-EC36FC0C3E24-LeaderElection10 ELECTION round 0: result PASSED
2022-07-27 13:49:20,530 [9135c07c-9562-4fec-aca6-20239d7a9d6d@group-EC36FC0C3E24-LeaderElection10] INFO  impl.RoleInfo (RoleInfo.java:shutdownLeaderElection(130)) - 9135c07c-9562-4fec-aca6-20239d7a9d6d: shutdown 9135c07c-9562-4fec-aca6-20239d7a9d6d@group-EC36FC0C3E24-LeaderElection10
2022-07-27 13:49:20,530 [9135c07c-9562-4fec-aca6-20239d7a9d6d@group-EC36FC0C3E24-LeaderElection10] INFO  server.RaftServer$Division (RaftServerImpl.java:setRole(299)) - 9135c07c-9562-4fec-aca6-20239d7a9d6d@group-EC36FC0C3E24: changes role from CANDIDATE to LEADER at term 2 for changeToLeader
2022-07-27 13:49:20,530 [9135c07c-9562-4fec-aca6-20239d7a9d6d@group-EC36FC0C3E24-LeaderElection10] INFO  ratis.XceiverServerRatis (XceiverServerRatis.java:handleLeaderChangedNotification(863)) - Leader change notification received for group: group-EC36FC0C3E24 with new leaderId: 9135c07c-9562-4fec-aca6-20239d7a9d6d
2022-07-27 13:49:20,530 [9135c07c-9562-4fec-aca6-20239d7a9d6d@group-EC36FC0C3E24-LeaderElection10] INFO  server.RaftServer$Division (ServerState.java:setLeader(287)) - 9135c07c-9562-4fec-aca6-20239d7a9d6d@group-EC36FC0C3E24: change Leader from null to 9135c07c-9562-4fec-aca6-20239d7a9d6d at term 2 for becomeLeader, leader elected after 10207ms
2022-07-27 13:49:20,530 [9135c07c-9562-4fec-aca6-20239d7a9d6d@group-EC36FC0C3E24-LeaderElection10] INFO  server.RaftServerConfigKeys (ConfUtils.java:logGet(46)) - raft.server.staging.catchup.gap = 1000 (default)
2022-07-27 13:49:20,530 [9135c07c-9562-4fec-aca6-20239d7a9d6d@group-EC36FC0C3E24-LeaderElection10] INFO  server.RaftServerConfigKeys (ConfUtils.java:logGet(46)) - raft.server.write.element-limit = 1024 (custom)
2022-07-27 13:49:20,530 [9135c07c-9562-4fec-aca6-20239d7a9d6d@group-EC36FC0C3E24-LeaderElection10] INFO  server.RaftServerConfigKeys (ConfUtils.java:logGet(46)) - raft.server.write.byte-limit = 1024 M (=1073741824) (custom)
2022-07-27 13:49:20,531 [9135c07c-9562-4fec-aca6-20239d7a9d6d@group-EC36FC0C3E24-LeaderElection10] INFO  server.RaftServerConfigKeys (ConfUtils.java:logGet(46)) - raft.server.watch.timeout = 180s (custom)
2022-07-27 13:49:20,531 [9135c07c-9562-4fec-aca6-20239d7a9d6d@group-EC36FC0C3E24-LeaderElection10] INFO  server.RaftServerConfigKeys (ConfUtils.java:logGet(46)) - raft.server.watch.timeout.denomination = 1s (default)
2022-07-27 13:49:20,531 [9135c07c-9562-4fec-aca6-20239d7a9d6d@group-EC36FC0C3E24-LeaderElection10] INFO  server.RaftServerConfigKeys (ConfUtils.java:logGet(46)) - raft.server.watch.element-limit = 65536 (default)
2022-07-27 13:49:20,531 [9135c07c-9562-4fec-aca6-20239d7a9d6d@group-EC36FC0C3E24-LeaderElection10] INFO  server.RaftServerConfigKeys (ConfUtils.java:logGet(46)) - raft.server.write.element-limit = 1024 (custom)
2022-07-27 13:49:20,531 [9135c07c-9562-4fec-aca6-20239d7a9d6d@group-EC36FC0C3E24-LeaderElection10] INFO  server.RaftServerConfigKeys (ConfUtils.java:logGet(46)) - raft.server.write.follower.gap.ratio.max = -1.0 (default)
2022-07-27 13:49:20,531 [9135c07c-9562-4fec-aca6-20239d7a9d6d@group-EC36FC0C3E24-LeaderElection10] INFO  server.RaftServerConfigKeys (ConfUtils.java:logGet(46)) - raft.server.log.appender.snapshot.chunk.size.max = 16MB (=16777216) (default)
2022-07-27 13:49:20,531 [9135c07c-9562-4fec-aca6-20239d7a9d6d@group-EC36FC0C3E24-LeaderElection10] INFO  server.RaftServerConfigKeys (ConfUtils.java:logGet(46)) - raft.server.log.appender.buffer.byte-limit = 33554432 (custom)
2022-07-27 13:49:20,531 [9135c07c-9562-4fec-aca6-20239d7a9d6d@group-EC36FC0C3E24-LeaderElection10] INFO  server.RaftServerConfigKeys (ConfUtils.java:logGet(46)) - raft.server.log.appender.buffer.element-limit = 1 (custom)
2022-07-27 13:49:20,533 [EventQueue-PipelineReportForPipelineReportHandler] INFO  pipeline.PipelineManagerImpl (PipelineManagerImpl.java:openPipeline(367)) - Pipeline Pipeline[ Id: d20d3ed0-ea39-4881-8953-ec36fc0c3e24, Nodes: efe9fd25-7228-4310-8e5d-4bcbbad78a8a{ip: 10.1.0.21, host: fv-az217-261.5fhmivlnczbevhjmk01nzrxweh.bx.internal.cloudapp.net, ports: [REPLICATION=38989, RATIS=38425, RATIS_ADMIN=38425, RATIS_SERVER=38425, STANDALONE=46799], networkLocation: /default-rack, certSerialId: null, persistedOpState: IN_SERVICE, persistedOpStateExpiryEpochSec: 0}9135c07c-9562-4fec-aca6-20239d7a9d6d{ip: 10.1.0.21, host: fv-az217-261.5fhmivlnczbevhjmk01nzrxweh.bx.internal.cloudapp.net, ports: [REPLICATION=37661, RATIS=40625, RATIS_ADMIN=40625, RATIS_SERVER=40625, STANDALONE=42889], networkLocation: /default-rack, certSerialId: null, persistedOpState: IN_SERVICE, persistedOpStateExpiryEpochSec: 0}df335623-852d-4a6f-8cff-fa9ba72c6e1b{ip: 10.1.0.21, host: fv-az217-261.5fhmivlnczbevhjmk01nzrxweh.bx.internal.cloudapp.net, ports: [REPLICATION=39873, RATIS=40909, RATIS_ADMIN=40909, RATIS_SERVER=40909, STANDALONE=42335], networkLocation: /default-rack, certSerialId: null, persistedOpState: IN_SERVICE, persistedOpStateExpiryEpochSec: 0}, ReplicationConfig: RATIS/THREE, State:ALLOCATED, leaderId:9135c07c-9562-4fec-aca6-20239d7a9d6d, CreationTimestamp2022-07-27T13:49:07.304Z[Etc/UTC]] moved to OPEN state
2022-07-27 13:49:20,531 [9135c07c-9562-4fec-aca6-20239d7a9d6d@group-EC36FC0C3E24-LeaderElection10] INFO  grpc.GrpcConfigKeys (ConfUtils.java:logGet(46)) - raft.grpc.server.leader.outstanding.appends.max = 128 (default)
2022-07-27 13:49:20,535 [grpc-default-executor-1] INFO  server.RaftServer$Division (RaftServerImpl.java:requestVote(1152)) - 9135c07c-9562-4fec-aca6-20239d7a9d6d@group-EC36FC0C3E24: receive requestVote(ELECTION, df335623-852d-4a6f-8cff-fa9ba72c6e1b, group-EC36FC0C3E24, 2, (t:0, i:0))
2022-07-27 13:49:20,536 [9135c07c-9562-4fec-aca6-20239d7a9d6d@group-EC36FC0C3E24-LeaderElection10] INFO  server.RaftServerConfigKeys (ConfUtils.java:logGet(46)) - raft.server.rpc.request.timeout = 60s (custom)
2022-07-27 13:49:20,536 [9135c07c-9562-4fec-aca6-20239d7a9d6d@group-EC36FC0C3E24-LeaderElection10] INFO  server.RaftServerConfigKeys (ConfUtils.java:logGet(46)) - raft.server.log.appender.install.snapshot.enabled = false (custom)
2022-07-27 13:49:20,540 [9135c07c-9562-4fec-aca6-20239d7a9d6d@group-EC36FC0C3E24-LeaderElection10] INFO  server.RaftServerConfigKeys (ConfUtils.java:logGet(46)) - raft.server.log.appender.snapshot.chunk.size.max = 16MB (=16777216) (default)
2022-07-27 13:49:20,540 [9135c07c-9562-4fec-aca6-20239d7a9d6d@group-EC36FC0C3E24-LeaderElection10] INFO  server.RaftServerConfigKeys (ConfUtils.java:logGet(46)) - raft.server.log.appender.buffer.byte-limit = 33554432 (custom)
2022-07-27 13:49:20,540 [9135c07c-9562-4fec-aca6-20239d7a9d6d@group-EC36FC0C3E24-LeaderElection10] INFO  server.RaftServerConfigKeys (ConfUtils.java:logGet(46)) - raft.server.log.appender.buffer.element-limit = 1 (custom)
2022-07-27 13:49:20,540 [9135c07c-9562-4fec-aca6-20239d7a9d6d@group-EC36FC0C3E24-LeaderElection10] INFO  grpc.GrpcConfigKeys (ConfUtils.java:logGet(46)) - raft.grpc.server.leader.outstanding.appends.max = 128 (default)
2022-07-27 13:49:20,540 [9135c07c-9562-4fec-aca6-20239d7a9d6d@group-EC36FC0C3E24-LeaderElection10] INFO  server.RaftServerConfigKeys (ConfUtils.java:logGet(46)) - raft.server.rpc.request.timeout = 60s (custom)
2022-07-27 13:49:20,540 [9135c07c-9562-4fec-aca6-20239d7a9d6d@group-EC36FC0C3E24-LeaderElection10] INFO  server.RaftServerConfigKeys (ConfUtils.java:logGet(46)) - raft.server.log.appender.install.snapshot.enabled = false (custom)
2022-07-27 13:49:20,541 [9135c07c-9562-4fec-aca6-20239d7a9d6d@group-EC36FC0C3E24-LeaderElection10] INFO  impl.RoleInfo (RoleInfo.java:updateAndGet(139)) - 9135c07c-9562-4fec-aca6-20239d7a9d6d: start 9135c07c-9562-4fec-aca6-20239d7a9d6d@group-EC36FC0C3E24-LeaderStateImpl
2022-07-27 13:49:20,541 [9135c07c-9562-4fec-aca6-20239d7a9d6d@group-EC36FC0C3E24-LeaderElection10] INFO  segmented.SegmentedRaftLogWorker (SegmentedRaftLogWorker.java:startLogSegment(425)) - 9135c07c-9562-4fec-aca6-20239d7a9d6d@group-EC36FC0C3E24-SegmentedRaftLogWorker: Starting segment from index:0
2022-07-27 13:49:20,544 [9135c07c-9562-4fec-aca6-20239d7a9d6d@group-EC36FC0C3E24-SegmentedRaftLogWorker] INFO  segmented.SegmentedRaftLogWorker (SegmentedRaftLogWorker.java:execute(629)) - 9135c07c-9562-4fec-aca6-20239d7a9d6d@group-EC36FC0C3E24-SegmentedRaftLogWorker: created new log segment /home/runner/work/ozone/ozone/hadoop-ozone/integration-test/target/test-dir/MiniOzoneClusterImpl-cbeacfe2-84b1-4648-87cc-d28f9e4744b3/datanode-2/data/ratis/d20d3ed0-ea39-4881-8953-ec36fc0c3e24/current/log_inprogress_0
]]></system-out>
  </testcase>
  <testcase name="testFileDelete" classname="TestRootedOzoneFileSystem" time="0.317">
    <system-out><![CDATA[2022-07-27 13:50:25,519 [68b1a215-e375-44d3-a5cb-74a1c393ca27@group-475CD9ECF321-LeaderElection22] INFO  server.RaftServer$Division (ServerState.java:setRaftConf(393)) - 68b1a215-e375-44d3-a5cb-74a1c393ca27@group-475CD9ECF321: set configuration 0: [307e1e91-324e-43cf-a54a-5645731ed350|rpc:10.1.0.21:40907|dataStream:|priority:0, e71fbb36-3969-41f7-998b-9a309dacec97|rpc:10.1.0.21:38701|dataStream:|priority:0, 68b1a215-e375-44d3-a5cb-74a1c393ca27|rpc:10.1.0.21:44933|dataStream:|priority:1], old=null
2022-07-27 13:50:25,564 [307e1e91-324e-43cf-a54a-5645731ed350-server-thread1] INFO  ratis.XceiverServerRatis (XceiverServerRatis.java:handleLeaderChangedNotification(863)) - Leader change notification received for group: group-475CD9ECF321 with new leaderId: 68b1a215-e375-44d3-a5cb-74a1c393ca27
2022-07-27 13:50:25,564 [307e1e91-324e-43cf-a54a-5645731ed350-server-thread1] INFO  server.RaftServer$Division (ServerState.java:setLeader(287)) - 307e1e91-324e-43cf-a54a-5645731ed350@group-475CD9ECF321: change Leader from null to 68b1a215-e375-44d3-a5cb-74a1c393ca27 at term 2 for appendEntries, leader elected after 10435ms
2022-07-27 13:50:25,596 [307e1e91-324e-43cf-a54a-5645731ed350-server-thread1] INFO  server.RaftServer$Division (ServerState.java:setRaftConf(393)) - 307e1e91-324e-43cf-a54a-5645731ed350@group-475CD9ECF321: set configuration 0: [307e1e91-324e-43cf-a54a-5645731ed350|rpc:10.1.0.21:40907|dataStream:|priority:0, e71fbb36-3969-41f7-998b-9a309dacec97|rpc:10.1.0.21:38701|dataStream:|priority:0, 68b1a215-e375-44d3-a5cb-74a1c393ca27|rpc:10.1.0.21:44933|dataStream:|priority:1], old=null
2022-07-27 13:50:25,596 [307e1e91-324e-43cf-a54a-5645731ed350-server-thread1] INFO  segmented.SegmentedRaftLogWorker (SegmentedRaftLogWorker.java:startLogSegment(425)) - 307e1e91-324e-43cf-a54a-5645731ed350@group-475CD9ECF321-SegmentedRaftLogWorker: Starting segment from index:0
2022-07-27 13:50:25,597 [e71fbb36-3969-41f7-998b-9a309dacec97-server-thread1] INFO  ratis.XceiverServerRatis (XceiverServerRatis.java:handleLeaderChangedNotification(863)) - Leader change notification received for group: group-475CD9ECF321 with new leaderId: 68b1a215-e375-44d3-a5cb-74a1c393ca27
2022-07-27 13:50:25,597 [e71fbb36-3969-41f7-998b-9a309dacec97-server-thread1] INFO  server.RaftServer$Division (ServerState.java:setLeader(287)) - e71fbb36-3969-41f7-998b-9a309dacec97@group-475CD9ECF321: change Leader from null to 68b1a215-e375-44d3-a5cb-74a1c393ca27 at term 2 for appendEntries, leader elected after 10541ms
2022-07-27 13:50:25,597 [307e1e91-324e-43cf-a54a-5645731ed350@group-475CD9ECF321-SegmentedRaftLogWorker] INFO  segmented.SegmentedRaftLogWorker (SegmentedRaftLogWorker.java:execute(629)) - 307e1e91-324e-43cf-a54a-5645731ed350@group-475CD9ECF321-SegmentedRaftLogWorker: created new log segment /home/runner/work/ozone/ozone/hadoop-ozone/integration-test/target/test-dir/MiniOzoneClusterImpl-29ab875d-7565-45f7-8a7f-94142ec04d49/datanode-1/data/ratis/f9d8f533-7712-46a2-b154-475cd9ecf321/current/log_inprogress_0
2022-07-27 13:50:25,641 [e71fbb36-3969-41f7-998b-9a309dacec97-server-thread2] INFO  server.RaftServer$Division (ServerState.java:setRaftConf(393)) - e71fbb36-3969-41f7-998b-9a309dacec97@group-475CD9ECF321: set configuration 0: [307e1e91-324e-43cf-a54a-5645731ed350|rpc:10.1.0.21:40907|dataStream:|priority:0, e71fbb36-3969-41f7-998b-9a309dacec97|rpc:10.1.0.21:38701|dataStream:|priority:0, 68b1a215-e375-44d3-a5cb-74a1c393ca27|rpc:10.1.0.21:44933|dataStream:|priority:1], old=null
2022-07-27 13:50:25,642 [e71fbb36-3969-41f7-998b-9a309dacec97-server-thread2] INFO  segmented.SegmentedRaftLogWorker (SegmentedRaftLogWorker.java:startLogSegment(425)) - e71fbb36-3969-41f7-998b-9a309dacec97@group-475CD9ECF321-SegmentedRaftLogWorker: Starting segment from index:0
2022-07-27 13:50:25,644 [e71fbb36-3969-41f7-998b-9a309dacec97@group-475CD9ECF321-SegmentedRaftLogWorker] INFO  segmented.SegmentedRaftLogWorker (SegmentedRaftLogWorker.java:execute(629)) - e71fbb36-3969-41f7-998b-9a309dacec97@group-475CD9ECF321-SegmentedRaftLogWorker: created new log segment /home/runner/work/ozone/ozone/hadoop-ozone/integration-test/target/test-dir/MiniOzoneClusterImpl-29ab875d-7565-45f7-8a7f-94142ec04d49/datanode-0/data/ratis/f9d8f533-7712-46a2-b154-475cd9ecf321/current/log_inprogress_0
2022-07-27 13:50:25,664 [Time-limited test] INFO  rpc.RpcClient (RpcClient.java:createVolume(467)) - Creating Volume: volume63633, with user79745 as owner and space quota set to -1 bytes, counts quota set to -1
2022-07-27 13:50:25,668 [OM StateMachine ApplyTransaction Thread - 0] INFO  volume.OMVolumeCreateRequest (OMVolumeCreateRequest.java:validateAndUpdateCache(195)) - created volume:volume63633 for user:user79745
2022-07-27 13:50:25,670 [Time-limited test] INFO  rpc.RpcClient (RpcClient.java:createBucket(670)) - Creating Bucket: volume63633/bucket67422, with bucket layout LEGACY, runner as owner, Versioning false, Storage Type set to DISK and Encryption set to false 
2022-07-27 13:50:25,671 [OM StateMachine ApplyTransaction Thread - 0] INFO  bucket.OMBucketCreateRequest (OMBucketCreateRequest.java:validateAndUpdateCache(260)) - created bucket: bucket67422 of layout LEGACY in volume: volume63633
13:50:25.791 [IPC Server handler 2 on default port 46277] ERROR OMAudit - user=runner | ip=127.0.0.1 | op=GET_FILE_STATUS {volume=volume63633, bucket=bucket67422, key=testBatchDelete, dataSize=0, replicationConfig=null} | ret=FAILURE
org.apache.hadoop.ozone.om.exceptions.OMException: Unable to get file status: volume: volume63633 bucket: bucket67422 key: testBatchDelete
	at org.apache.hadoop.ozone.om.KeyManagerImpl.getOzoneFileStatus(KeyManagerImpl.java:1311) ~[ozone-manager-1.3.0-SNAPSHOT.jar:?]
	at org.apache.hadoop.ozone.om.KeyManagerImpl.getFileStatus(KeyManagerImpl.java:1241) ~[ozone-manager-1.3.0-SNAPSHOT.jar:?]
	at org.apache.hadoop.ozone.om.OzoneManager.getFileStatus(OzoneManager.java:3467) ~[ozone-manager-1.3.0-SNAPSHOT.jar:?]
	at org.apache.hadoop.ozone.protocolPB.OzoneManagerRequestHandler.getOzoneFileStatus(OzoneManagerRequestHandler.java:878) ~[ozone-manager-1.3.0-SNAPSHOT.jar:?]
	at org.apache.hadoop.ozone.protocolPB.OzoneManagerRequestHandler.handleReadRequest(OzoneManagerRequestHandler.java:224) ~[ozone-manager-1.3.0-SNAPSHOT.jar:?]
	at org.apache.hadoop.ozone.protocolPB.OzoneManagerProtocolServerSideTranslatorPB.submitReadRequestToOM(OzoneManagerProtocolServerSideTranslatorPB.java:226) ~[ozone-manager-1.3.0-SNAPSHOT.jar:?]
	at org.apache.hadoop.ozone.protocolPB.OzoneManagerProtocolServerSideTranslatorPB.processRequest(OzoneManagerProtocolServerSideTranslatorPB.java:175) ~[ozone-manager-1.3.0-SNAPSHOT.jar:?]
	at org.apache.hadoop.hdds.server.OzoneProtocolMessageDispatcher.processRequest(OzoneProtocolMessageDispatcher.java:87) [hdds-server-framework-1.3.0-SNAPSHOT.jar:?]
	at org.apache.hadoop.ozone.protocolPB.OzoneManagerProtocolServerSideTranslatorPB.submitRequest(OzoneManagerProtocolServerSideTranslatorPB.java:147) [ozone-manager-1.3.0-SNAPSHOT.jar:?]
	at org.apache.hadoop.ozone.protocol.proto.OzoneManagerProtocolProtos$OzoneManagerService$2.callBlockingMethod(OzoneManagerProtocolProtos.java) [ozone-interface-client-1.3.0-SNAPSHOT.jar:?]
	at org.apache.hadoop.ipc.ProtobufRpcEngine$Server.processCall(ProtobufRpcEngine.java:466) [hadoop-common-3.3.1.jar:?]
	at org.apache.hadoop.ipc.ProtobufRpcEngine2$Server$ProtoBufRpcInvoker.call(ProtobufRpcEngine2.java:574) [hadoop-common-3.3.1.jar:?]
	at org.apache.hadoop.ipc.ProtobufRpcEngine2$Server$ProtoBufRpcInvoker.call(ProtobufRpcEngine2.java:552) [hadoop-common-3.3.1.jar:?]
	at org.apache.hadoop.ipc.RPC$Server.call(RPC.java:1093) [hadoop-common-3.3.1.jar:?]
	at org.apache.hadoop.ipc.Server$RpcCall.run(Server.java:1035) [hadoop-common-3.3.1.jar:?]
	at org.apache.hadoop.ipc.Server$RpcCall.run(Server.java:963) [hadoop-common-3.3.1.jar:?]
	at java.security.AccessController.doPrivileged(Native Method) ~[?:1.8.0_332]
	at javax.security.auth.Subject.doAs(Subject.java:422) [?:1.8.0_332]
	at org.apache.hadoop.security.UserGroupInformation.doAs(UserGroupInformation.java:1878) [hadoop-common-3.3.1.jar:?]
	at org.apache.hadoop.ipc.Server$Handler.run(Server.java:2966) [hadoop-common-3.3.1.jar:?]
13:50:25.792 [IPC Server handler 0 on default port 46277] ERROR OMAudit - user=runner | ip=127.0.0.1 | op=GET_FILE_STATUS {volume=volume63633, bucket=bucket67422, key=testBatchDelete/parent/child0, dataSize=0, replicationConfig=null} | ret=FAILURE
org.apache.hadoop.ozone.om.exceptions.OMException: Unable to get file status: volume: volume63633 bucket: bucket67422 key: testBatchDelete/parent/child0
	at org.apache.hadoop.ozone.om.KeyManagerImpl.getOzoneFileStatus(KeyManagerImpl.java:1311) ~[ozone-manager-1.3.0-SNAPSHOT.jar:?]
	at org.apache.hadoop.ozone.om.KeyManagerImpl.getFileStatus(KeyManagerImpl.java:1241) ~[ozone-manager-1.3.0-SNAPSHOT.jar:?]
	at org.apache.hadoop.ozone.om.OzoneManager.getFileStatus(OzoneManager.java:3467) ~[ozone-manager-1.3.0-SNAPSHOT.jar:?]
	at org.apache.hadoop.ozone.protocolPB.OzoneManagerRequestHandler.getOzoneFileStatus(OzoneManagerRequestHandler.java:878) ~[ozone-manager-1.3.0-SNAPSHOT.jar:?]
	at org.apache.hadoop.ozone.protocolPB.OzoneManagerRequestHandler.handleReadRequest(OzoneManagerRequestHandler.java:224) ~[ozone-manager-1.3.0-SNAPSHOT.jar:?]
	at org.apache.hadoop.ozone.protocolPB.OzoneManagerProtocolServerSideTranslatorPB.submitReadRequestToOM(OzoneManagerProtocolServerSideTranslatorPB.java:226) ~[ozone-manager-1.3.0-SNAPSHOT.jar:?]
	at org.apache.hadoop.ozone.protocolPB.OzoneManagerProtocolServerSideTranslatorPB.processRequest(OzoneManagerProtocolServerSideTranslatorPB.java:175) ~[ozone-manager-1.3.0-SNAPSHOT.jar:?]
	at org.apache.hadoop.hdds.server.OzoneProtocolMessageDispatcher.processRequest(OzoneProtocolMessageDispatcher.java:87) [hdds-server-framework-1.3.0-SNAPSHOT.jar:?]
	at org.apache.hadoop.ozone.protocolPB.OzoneManagerProtocolServerSideTranslatorPB.submitRequest(OzoneManagerProtocolServerSideTranslatorPB.java:147) [ozone-manager-1.3.0-SNAPSHOT.jar:?]
	at org.apache.hadoop.ozone.protocol.proto.OzoneManagerProtocolProtos$OzoneManagerService$2.callBlockingMethod(OzoneManagerProtocolProtos.java) [ozone-interface-client-1.3.0-SNAPSHOT.jar:?]
	at org.apache.hadoop.ipc.ProtobufRpcEngine$Server.processCall(ProtobufRpcEngine.java:466) [hadoop-common-3.3.1.jar:?]
	at org.apache.hadoop.ipc.ProtobufRpcEngine2$Server$ProtoBufRpcInvoker.call(ProtobufRpcEngine2.java:574) [hadoop-common-3.3.1.jar:?]
	at org.apache.hadoop.ipc.ProtobufRpcEngine2$Server$ProtoBufRpcInvoker.call(ProtobufRpcEngine2.java:552) [hadoop-common-3.3.1.jar:?]
	at org.apache.hadoop.ipc.RPC$Server.call(RPC.java:1093) [hadoop-common-3.3.1.jar:?]
	at org.apache.hadoop.ipc.Server$RpcCall.run(Server.java:1035) [hadoop-common-3.3.1.jar:?]
	at org.apache.hadoop.ipc.Server$RpcCall.run(Server.java:963) [hadoop-common-3.3.1.jar:?]
	at java.security.AccessController.doPrivileged(Native Method) ~[?:1.8.0_332]
	at javax.security.auth.Subject.doAs(Subject.java:422) [?:1.8.0_332]
	at org.apache.hadoop.security.UserGroupInformation.doAs(UserGroupInformation.java:1878) [hadoop-common-3.3.1.jar:?]
	at org.apache.hadoop.ipc.Server$Handler.run(Server.java:2966) [hadoop-common-3.3.1.jar:?]
13:50:25.793 [IPC Server handler 4 on default port 46277] ERROR OMAudit - user=runner | ip=127.0.0.1 | op=GET_FILE_STATUS {volume=volume63633, bucket=bucket67422, key=testBatchDelete/parent/childFolder/child0, dataSize=0, replicationConfig=null} | ret=FAILURE
org.apache.hadoop.ozone.om.exceptions.OMException: Unable to get file status: volume: volume63633 bucket: bucket67422 key: testBatchDelete/parent/childFolder/child0
	at org.apache.hadoop.ozone.om.KeyManagerImpl.getOzoneFileStatus(KeyManagerImpl.java:1311) ~[ozone-manager-1.3.0-SNAPSHOT.jar:?]
	at org.apache.hadoop.ozone.om.KeyManagerImpl.getFileStatus(KeyManagerImpl.java:1241) ~[ozone-manager-1.3.0-SNAPSHOT.jar:?]
	at org.apache.hadoop.ozone.om.OzoneManager.getFileStatus(OzoneManager.java:3467) ~[ozone-manager-1.3.0-SNAPSHOT.jar:?]
	at org.apache.hadoop.ozone.protocolPB.OzoneManagerRequestHandler.getOzoneFileStatus(OzoneManagerRequestHandler.java:878) ~[ozone-manager-1.3.0-SNAPSHOT.jar:?]
	at org.apache.hadoop.ozone.protocolPB.OzoneManagerRequestHandler.handleReadRequest(OzoneManagerRequestHandler.java:224) ~[ozone-manager-1.3.0-SNAPSHOT.jar:?]
	at org.apache.hadoop.ozone.protocolPB.OzoneManagerProtocolServerSideTranslatorPB.submitReadRequestToOM(OzoneManagerProtocolServerSideTranslatorPB.java:226) ~[ozone-manager-1.3.0-SNAPSHOT.jar:?]
	at org.apache.hadoop.ozone.protocolPB.OzoneManagerProtocolServerSideTranslatorPB.processRequest(OzoneManagerProtocolServerSideTranslatorPB.java:175) ~[ozone-manager-1.3.0-SNAPSHOT.jar:?]
	at org.apache.hadoop.hdds.server.OzoneProtocolMessageDispatcher.processRequest(OzoneProtocolMessageDispatcher.java:87) [hdds-server-framework-1.3.0-SNAPSHOT.jar:?]
	at org.apache.hadoop.ozone.protocolPB.OzoneManagerProtocolServerSideTranslatorPB.submitRequest(OzoneManagerProtocolServerSideTranslatorPB.java:147) [ozone-manager-1.3.0-SNAPSHOT.jar:?]
	at org.apache.hadoop.ozone.protocol.proto.OzoneManagerProtocolProtos$OzoneManagerService$2.callBlockingMethod(OzoneManagerProtocolProtos.java) [ozone-interface-client-1.3.0-SNAPSHOT.jar:?]
	at org.apache.hadoop.ipc.ProtobufRpcEngine$Server.processCall(ProtobufRpcEngine.java:466) [hadoop-common-3.3.1.jar:?]
	at org.apache.hadoop.ipc.ProtobufRpcEngine2$Server$ProtoBufRpcInvoker.call(ProtobufRpcEngine2.java:574) [hadoop-common-3.3.1.jar:?]
	at org.apache.hadoop.ipc.ProtobufRpcEngine2$Server$ProtoBufRpcInvoker.call(ProtobufRpcEngine2.java:552) [hadoop-common-3.3.1.jar:?]
	at org.apache.hadoop.ipc.RPC$Server.call(RPC.java:1093) [hadoop-common-3.3.1.jar:?]
	at org.apache.hadoop.ipc.Server$RpcCall.run(Server.java:1035) [hadoop-common-3.3.1.jar:?]
	at org.apache.hadoop.ipc.Server$RpcCall.run(Server.java:963) [hadoop-common-3.3.1.jar:?]
	at java.security.AccessController.doPrivileged(Native Method) ~[?:1.8.0_332]
	at javax.security.auth.Subject.doAs(Subject.java:422) [?:1.8.0_332]
	at org.apache.hadoop.security.UserGroupInformation.doAs(UserGroupInformation.java:1878) [hadoop-common-3.3.1.jar:?]
	at org.apache.hadoop.ipc.Server$Handler.run(Server.java:2966) [hadoop-common-3.3.1.jar:?]
13:50:25.794 [IPC Server handler 8 on default port 46277] ERROR OMAudit - user=runner | ip=127.0.0.1 | op=GET_FILE_STATUS {volume=volume63633, bucket=bucket67422, key=testBatchDelete/parent/child1, dataSize=0, replicationConfig=null} | ret=FAILURE
org.apache.hadoop.ozone.om.exceptions.OMException: Unable to get file status: volume: volume63633 bucket: bucket67422 key: testBatchDelete/parent/child1
	at org.apache.hadoop.ozone.om.KeyManagerImpl.getOzoneFileStatus(KeyManagerImpl.java:1311) ~[ozone-manager-1.3.0-SNAPSHOT.jar:?]
	at org.apache.hadoop.ozone.om.KeyManagerImpl.getFileStatus(KeyManagerImpl.java:1241) ~[ozone-manager-1.3.0-SNAPSHOT.jar:?]
	at org.apache.hadoop.ozone.om.OzoneManager.getFileStatus(OzoneManager.java:3467) ~[ozone-manager-1.3.0-SNAPSHOT.jar:?]
	at org.apache.hadoop.ozone.protocolPB.OzoneManagerRequestHandler.getOzoneFileStatus(OzoneManagerRequestHandler.java:878) ~[ozone-manager-1.3.0-SNAPSHOT.jar:?]
	at org.apache.hadoop.ozone.protocolPB.OzoneManagerRequestHandler.handleReadRequest(OzoneManagerRequestHandler.java:224) ~[ozone-manager-1.3.0-SNAPSHOT.jar:?]
	at org.apache.hadoop.ozone.protocolPB.OzoneManagerProtocolServerSideTranslatorPB.submitReadRequestToOM(OzoneManagerProtocolServerSideTranslatorPB.java:226) ~[ozone-manager-1.3.0-SNAPSHOT.jar:?]
	at org.apache.hadoop.ozone.protocolPB.OzoneManagerProtocolServerSideTranslatorPB.processRequest(OzoneManagerProtocolServerSideTranslatorPB.java:175) ~[ozone-manager-1.3.0-SNAPSHOT.jar:?]
	at org.apache.hadoop.hdds.server.OzoneProtocolMessageDispatcher.processRequest(OzoneProtocolMessageDispatcher.java:87) [hdds-server-framework-1.3.0-SNAPSHOT.jar:?]
	at org.apache.hadoop.ozone.protocolPB.OzoneManagerProtocolServerSideTranslatorPB.submitRequest(OzoneManagerProtocolServerSideTranslatorPB.java:147) [ozone-manager-1.3.0-SNAPSHOT.jar:?]
	at org.apache.hadoop.ozone.protocol.proto.OzoneManagerProtocolProtos$OzoneManagerService$2.callBlockingMethod(OzoneManagerProtocolProtos.java) [ozone-interface-client-1.3.0-SNAPSHOT.jar:?]
	at org.apache.hadoop.ipc.ProtobufRpcEngine$Server.processCall(ProtobufRpcEngine.java:466) [hadoop-common-3.3.1.jar:?]
	at org.apache.hadoop.ipc.ProtobufRpcEngine2$Server$ProtoBufRpcInvoker.call(ProtobufRpcEngine2.java:574) [hadoop-common-3.3.1.jar:?]
	at org.apache.hadoop.ipc.ProtobufRpcEngine2$Server$ProtoBufRpcInvoker.call(ProtobufRpcEngine2.java:552) [hadoop-common-3.3.1.jar:?]
	at org.apache.hadoop.ipc.RPC$Server.call(RPC.java:1093) [hadoop-common-3.3.1.jar:?]
	at org.apache.hadoop.ipc.Server$RpcCall.run(Server.java:1035) [hadoop-common-3.3.1.jar:?]
	at org.apache.hadoop.ipc.Server$RpcCall.run(Server.java:963) [hadoop-common-3.3.1.jar:?]
	at java.security.AccessController.doPrivileged(Native Method) ~[?:1.8.0_332]
	at javax.security.auth.Subject.doAs(Subject.java:422) [?:1.8.0_332]
	at org.apache.hadoop.security.UserGroupInformation.doAs(UserGroupInformation.java:1878) [hadoop-common-3.3.1.jar:?]
	at org.apache.hadoop.ipc.Server$Handler.run(Server.java:2966) [hadoop-common-3.3.1.jar:?]
13:50:25.795 [IPC Server handler 10 on default port 46277] ERROR OMAudit - user=runner | ip=127.0.0.1 | op=GET_FILE_STATUS {volume=volume63633, bucket=bucket67422, key=testBatchDelete/parent/childFolder/child1, dataSize=0, replicationConfig=null} | ret=FAILURE
org.apache.hadoop.ozone.om.exceptions.OMException: Unable to get file status: volume: volume63633 bucket: bucket67422 key: testBatchDelete/parent/childFolder/child1
	at org.apache.hadoop.ozone.om.KeyManagerImpl.getOzoneFileStatus(KeyManagerImpl.java:1311) ~[ozone-manager-1.3.0-SNAPSHOT.jar:?]
	at org.apache.hadoop.ozone.om.KeyManagerImpl.getFileStatus(KeyManagerImpl.java:1241) ~[ozone-manager-1.3.0-SNAPSHOT.jar:?]
	at org.apache.hadoop.ozone.om.OzoneManager.getFileStatus(OzoneManager.java:3467) ~[ozone-manager-1.3.0-SNAPSHOT.jar:?]
	at org.apache.hadoop.ozone.protocolPB.OzoneManagerRequestHandler.getOzoneFileStatus(OzoneManagerRequestHandler.java:878) ~[ozone-manager-1.3.0-SNAPSHOT.jar:?]
	at org.apache.hadoop.ozone.protocolPB.OzoneManagerRequestHandler.handleReadRequest(OzoneManagerRequestHandler.java:224) ~[ozone-manager-1.3.0-SNAPSHOT.jar:?]
	at org.apache.hadoop.ozone.protocolPB.OzoneManagerProtocolServerSideTranslatorPB.submitReadRequestToOM(OzoneManagerProtocolServerSideTranslatorPB.java:226) ~[ozone-manager-1.3.0-SNAPSHOT.jar:?]
	at org.apache.hadoop.ozone.protocolPB.OzoneManagerProtocolServerSideTranslatorPB.processRequest(OzoneManagerProtocolServerSideTranslatorPB.java:175) ~[ozone-manager-1.3.0-SNAPSHOT.jar:?]
	at org.apache.hadoop.hdds.server.OzoneProtocolMessageDispatcher.processRequest(OzoneProtocolMessageDispatcher.java:87) [hdds-server-framework-1.3.0-SNAPSHOT.jar:?]
	at org.apache.hadoop.ozone.protocolPB.OzoneManagerProtocolServerSideTranslatorPB.submitRequest(OzoneManagerProtocolServerSideTranslatorPB.java:147) [ozone-manager-1.3.0-SNAPSHOT.jar:?]
	at org.apache.hadoop.ozone.protocol.proto.OzoneManagerProtocolProtos$OzoneManagerService$2.callBlockingMethod(OzoneManagerProtocolProtos.java) [ozone-interface-client-1.3.0-SNAPSHOT.jar:?]
	at org.apache.hadoop.ipc.ProtobufRpcEngine$Server.processCall(ProtobufRpcEngine.java:466) [hadoop-common-3.3.1.jar:?]
	at org.apache.hadoop.ipc.ProtobufRpcEngine2$Server$ProtoBufRpcInvoker.call(ProtobufRpcEngine2.java:574) [hadoop-common-3.3.1.jar:?]
	at org.apache.hadoop.ipc.ProtobufRpcEngine2$Server$ProtoBufRpcInvoker.call(ProtobufRpcEngine2.java:552) [hadoop-common-3.3.1.jar:?]
	at org.apache.hadoop.ipc.RPC$Server.call(RPC.java:1093) [hadoop-common-3.3.1.jar:?]
	at org.apache.hadoop.ipc.Server$RpcCall.run(Server.java:1035) [hadoop-common-3.3.1.jar:?]
	at org.apache.hadoop.ipc.Server$RpcCall.run(Server.java:963) [hadoop-common-3.3.1.jar:?]
	at java.security.AccessController.doPrivileged(Native Method) ~[?:1.8.0_332]
	at javax.security.auth.Subject.doAs(Subject.java:422) [?:1.8.0_332]
	at org.apache.hadoop.security.UserGroupInformation.doAs(UserGroupInformation.java:1878) [hadoop-common-3.3.1.jar:?]
	at org.apache.hadoop.ipc.Server$Handler.run(Server.java:2966) [hadoop-common-3.3.1.jar:?]
13:50:25.796 [IPC Server handler 6 on default port 46277] ERROR OMAudit - user=runner | ip=127.0.0.1 | op=GET_FILE_STATUS {volume=volume63633, bucket=bucket67422, key=testBatchDelete/parent/child2, dataSize=0, replicationConfig=null} | ret=FAILURE
org.apache.hadoop.ozone.om.exceptions.OMException: Unable to get file status: volume: volume63633 bucket: bucket67422 key: testBatchDelete/parent/child2
	at org.apache.hadoop.ozone.om.KeyManagerImpl.getOzoneFileStatus(KeyManagerImpl.java:1311) ~[ozone-manager-1.3.0-SNAPSHOT.jar:?]
	at org.apache.hadoop.ozone.om.KeyManagerImpl.getFileStatus(KeyManagerImpl.java:1241) ~[ozone-manager-1.3.0-SNAPSHOT.jar:?]
	at org.apache.hadoop.ozone.om.OzoneManager.getFileStatus(OzoneManager.java:3467) ~[ozone-manager-1.3.0-SNAPSHOT.jar:?]
	at org.apache.hadoop.ozone.protocolPB.OzoneManagerRequestHandler.getOzoneFileStatus(OzoneManagerRequestHandler.java:878) ~[ozone-manager-1.3.0-SNAPSHOT.jar:?]
	at org.apache.hadoop.ozone.protocolPB.OzoneManagerRequestHandler.handleReadRequest(OzoneManagerRequestHandler.java:224) ~[ozone-manager-1.3.0-SNAPSHOT.jar:?]
	at org.apache.hadoop.ozone.protocolPB.OzoneManagerProtocolServerSideTranslatorPB.submitReadRequestToOM(OzoneManagerProtocolServerSideTranslatorPB.java:226) ~[ozone-manager-1.3.0-SNAPSHOT.jar:?]
	at org.apache.hadoop.ozone.protocolPB.OzoneManagerProtocolServerSideTranslatorPB.processRequest(OzoneManagerProtocolServerSideTranslatorPB.java:175) ~[ozone-manager-1.3.0-SNAPSHOT.jar:?]
	at org.apache.hadoop.hdds.server.OzoneProtocolMessageDispatcher.processRequest(OzoneProtocolMessageDispatcher.java:87) [hdds-server-framework-1.3.0-SNAPSHOT.jar:?]
	at org.apache.hadoop.ozone.protocolPB.OzoneManagerProtocolServerSideTranslatorPB.submitRequest(OzoneManagerProtocolServerSideTranslatorPB.java:147) [ozone-manager-1.3.0-SNAPSHOT.jar:?]
	at org.apache.hadoop.ozone.protocol.proto.OzoneManagerProtocolProtos$OzoneManagerService$2.callBlockingMethod(OzoneManagerProtocolProtos.java) [ozone-interface-client-1.3.0-SNAPSHOT.jar:?]
	at org.apache.hadoop.ipc.ProtobufRpcEngine$Server.processCall(ProtobufRpcEngine.java:466) [hadoop-common-3.3.1.jar:?]
	at org.apache.hadoop.ipc.ProtobufRpcEngine2$Server$ProtoBufRpcInvoker.call(ProtobufRpcEngine2.java:574) [hadoop-common-3.3.1.jar:?]
	at org.apache.hadoop.ipc.ProtobufRpcEngine2$Server$ProtoBufRpcInvoker.call(ProtobufRpcEngine2.java:552) [hadoop-common-3.3.1.jar:?]
	at org.apache.hadoop.ipc.RPC$Server.call(RPC.java:1093) [hadoop-common-3.3.1.jar:?]
	at org.apache.hadoop.ipc.Server$RpcCall.run(Server.java:1035) [hadoop-common-3.3.1.jar:?]
	at org.apache.hadoop.ipc.Server$RpcCall.run(Server.java:963) [hadoop-common-3.3.1.jar:?]
	at java.security.AccessController.doPrivileged(Native Method) ~[?:1.8.0_332]
	at javax.security.auth.Subject.doAs(Subject.java:422) [?:1.8.0_332]
	at org.apache.hadoop.security.UserGroupInformation.doAs(UserGroupInformation.java:1878) [hadoop-common-3.3.1.jar:?]
	at org.apache.hadoop.ipc.Server$Handler.run(Server.java:2966) [hadoop-common-3.3.1.jar:?]
13:50:25.797 [IPC Server handler 12 on default port 46277] ERROR OMAudit - user=runner | ip=127.0.0.1 | op=GET_FILE_STATUS {volume=volume63633, bucket=bucket67422, key=testBatchDelete/parent/childFolder/child2, dataSize=0, replicationConfig=null} | ret=FAILURE
org.apache.hadoop.ozone.om.exceptions.OMException: Unable to get file status: volume: volume63633 bucket: bucket67422 key: testBatchDelete/parent/childFolder/child2
	at org.apache.hadoop.ozone.om.KeyManagerImpl.getOzoneFileStatus(KeyManagerImpl.java:1311) ~[ozone-manager-1.3.0-SNAPSHOT.jar:?]
	at org.apache.hadoop.ozone.om.KeyManagerImpl.getFileStatus(KeyManagerImpl.java:1241) ~[ozone-manager-1.3.0-SNAPSHOT.jar:?]
	at org.apache.hadoop.ozone.om.OzoneManager.getFileStatus(OzoneManager.java:3467) ~[ozone-manager-1.3.0-SNAPSHOT.jar:?]
	at org.apache.hadoop.ozone.protocolPB.OzoneManagerRequestHandler.getOzoneFileStatus(OzoneManagerRequestHandler.java:878) ~[ozone-manager-1.3.0-SNAPSHOT.jar:?]
	at org.apache.hadoop.ozone.protocolPB.OzoneManagerRequestHandler.handleReadRequest(OzoneManagerRequestHandler.java:224) ~[ozone-manager-1.3.0-SNAPSHOT.jar:?]
	at org.apache.hadoop.ozone.protocolPB.OzoneManagerProtocolServerSideTranslatorPB.submitReadRequestToOM(OzoneManagerProtocolServerSideTranslatorPB.java:226) ~[ozone-manager-1.3.0-SNAPSHOT.jar:?]
	at org.apache.hadoop.ozone.protocolPB.OzoneManagerProtocolServerSideTranslatorPB.processRequest(OzoneManagerProtocolServerSideTranslatorPB.java:175) ~[ozone-manager-1.3.0-SNAPSHOT.jar:?]
	at org.apache.hadoop.hdds.server.OzoneProtocolMessageDispatcher.processRequest(OzoneProtocolMessageDispatcher.java:87) [hdds-server-framework-1.3.0-SNAPSHOT.jar:?]
	at org.apache.hadoop.ozone.protocolPB.OzoneManagerProtocolServerSideTranslatorPB.submitRequest(OzoneManagerProtocolServerSideTranslatorPB.java:147) [ozone-manager-1.3.0-SNAPSHOT.jar:?]
	at org.apache.hadoop.ozone.protocol.proto.OzoneManagerProtocolProtos$OzoneManagerService$2.callBlockingMethod(OzoneManagerProtocolProtos.java) [ozone-interface-client-1.3.0-SNAPSHOT.jar:?]
	at org.apache.hadoop.ipc.ProtobufRpcEngine$Server.processCall(ProtobufRpcEngine.java:466) [hadoop-common-3.3.1.jar:?]
	at org.apache.hadoop.ipc.ProtobufRpcEngine2$Server$ProtoBufRpcInvoker.call(ProtobufRpcEngine2.java:574) [hadoop-common-3.3.1.jar:?]
	at org.apache.hadoop.ipc.ProtobufRpcEngine2$Server$ProtoBufRpcInvoker.call(ProtobufRpcEngine2.java:552) [hadoop-common-3.3.1.jar:?]
	at org.apache.hadoop.ipc.RPC$Server.call(RPC.java:1093) [hadoop-common-3.3.1.jar:?]
	at org.apache.hadoop.ipc.Server$RpcCall.run(Server.java:1035) [hadoop-common-3.3.1.jar:?]
	at org.apache.hadoop.ipc.Server$RpcCall.run(Server.java:963) [hadoop-common-3.3.1.jar:?]
	at java.security.AccessController.doPrivileged(Native Method) ~[?:1.8.0_332]
	at javax.security.auth.Subject.doAs(Subject.java:422) [?:1.8.0_332]
	at org.apache.hadoop.security.UserGroupInformation.doAs(UserGroupInformation.java:1878) [hadoop-common-3.3.1.jar:?]
	at org.apache.hadoop.ipc.Server$Handler.run(Server.java:2966) [hadoop-common-3.3.1.jar:?]
13:50:25.798 [IPC Server handler 14 on default port 46277] ERROR OMAudit - user=runner | ip=127.0.0.1 | op=GET_FILE_STATUS {volume=volume63633, bucket=bucket67422, key=testBatchDelete/parent/child3, dataSize=0, replicationConfig=null} | ret=FAILURE
org.apache.hadoop.ozone.om.exceptions.OMException: Unable to get file status: volume: volume63633 bucket: bucket67422 key: testBatchDelete/parent/child3
	at org.apache.hadoop.ozone.om.KeyManagerImpl.getOzoneFileStatus(KeyManagerImpl.java:1311) ~[ozone-manager-1.3.0-SNAPSHOT.jar:?]
	at org.apache.hadoop.ozone.om.KeyManagerImpl.getFileStatus(KeyManagerImpl.java:1241) ~[ozone-manager-1.3.0-SNAPSHOT.jar:?]
	at org.apache.hadoop.ozone.om.OzoneManager.getFileStatus(OzoneManager.java:3467) ~[ozone-manager-1.3.0-SNAPSHOT.jar:?]
	at org.apache.hadoop.ozone.protocolPB.OzoneManagerRequestHandler.getOzoneFileStatus(OzoneManagerRequestHandler.java:878) ~[ozone-manager-1.3.0-SNAPSHOT.jar:?]
	at org.apache.hadoop.ozone.protocolPB.OzoneManagerRequestHandler.handleReadRequest(OzoneManagerRequestHandler.java:224) ~[ozone-manager-1.3.0-SNAPSHOT.jar:?]
	at org.apache.hadoop.ozone.protocolPB.OzoneManagerProtocolServerSideTranslatorPB.submitReadRequestToOM(OzoneManagerProtocolServerSideTranslatorPB.java:226) ~[ozone-manager-1.3.0-SNAPSHOT.jar:?]
	at org.apache.hadoop.ozone.protocolPB.OzoneManagerProtocolServerSideTranslatorPB.processRequest(OzoneManagerProtocolServerSideTranslatorPB.java:175) ~[ozone-manager-1.3.0-SNAPSHOT.jar:?]
	at org.apache.hadoop.hdds.server.OzoneProtocolMessageDispatcher.processRequest(OzoneProtocolMessageDispatcher.java:87) [hdds-server-framework-1.3.0-SNAPSHOT.jar:?]
	at org.apache.hadoop.ozone.protocolPB.OzoneManagerProtocolServerSideTranslatorPB.submitRequest(OzoneManagerProtocolServerSideTranslatorPB.java:147) [ozone-manager-1.3.0-SNAPSHOT.jar:?]
	at org.apache.hadoop.ozone.protocol.proto.OzoneManagerProtocolProtos$OzoneManagerService$2.callBlockingMethod(OzoneManagerProtocolProtos.java) [ozone-interface-client-1.3.0-SNAPSHOT.jar:?]
	at org.apache.hadoop.ipc.ProtobufRpcEngine$Server.processCall(ProtobufRpcEngine.java:466) [hadoop-common-3.3.1.jar:?]
	at org.apache.hadoop.ipc.ProtobufRpcEngine2$Server$ProtoBufRpcInvoker.call(ProtobufRpcEngine2.java:574) [hadoop-common-3.3.1.jar:?]
	at org.apache.hadoop.ipc.ProtobufRpcEngine2$Server$ProtoBufRpcInvoker.call(ProtobufRpcEngine2.java:552) [hadoop-common-3.3.1.jar:?]
	at org.apache.hadoop.ipc.RPC$Server.call(RPC.java:1093) [hadoop-common-3.3.1.jar:?]
	at org.apache.hadoop.ipc.Server$RpcCall.run(Server.java:1035) [hadoop-common-3.3.1.jar:?]
	at org.apache.hadoop.ipc.Server$RpcCall.run(Server.java:963) [hadoop-common-3.3.1.jar:?]
	at java.security.AccessController.doPrivileged(Native Method) ~[?:1.8.0_332]
	at javax.security.auth.Subject.doAs(Subject.java:422) [?:1.8.0_332]
	at org.apache.hadoop.security.UserGroupInformation.doAs(UserGroupInformation.java:1878) [hadoop-common-3.3.1.jar:?]
	at org.apache.hadoop.ipc.Server$Handler.run(Server.java:2966) [hadoop-common-3.3.1.jar:?]
13:50:25.799 [IPC Server handler 16 on default port 46277] ERROR OMAudit - user=runner | ip=127.0.0.1 | op=GET_FILE_STATUS {volume=volume63633, bucket=bucket67422, key=testBatchDelete/parent/childFolder/child3, dataSize=0, replicationConfig=null} | ret=FAILURE
org.apache.hadoop.ozone.om.exceptions.OMException: Unable to get file status: volume: volume63633 bucket: bucket67422 key: testBatchDelete/parent/childFolder/child3
	at org.apache.hadoop.ozone.om.KeyManagerImpl.getOzoneFileStatus(KeyManagerImpl.java:1311) ~[ozone-manager-1.3.0-SNAPSHOT.jar:?]
	at org.apache.hadoop.ozone.om.KeyManagerImpl.getFileStatus(KeyManagerImpl.java:1241) ~[ozone-manager-1.3.0-SNAPSHOT.jar:?]
	at org.apache.hadoop.ozone.om.OzoneManager.getFileStatus(OzoneManager.java:3467) ~[ozone-manager-1.3.0-SNAPSHOT.jar:?]
	at org.apache.hadoop.ozone.protocolPB.OzoneManagerRequestHandler.getOzoneFileStatus(OzoneManagerRequestHandler.java:878) ~[ozone-manager-1.3.0-SNAPSHOT.jar:?]
	at org.apache.hadoop.ozone.protocolPB.OzoneManagerRequestHandler.handleReadRequest(OzoneManagerRequestHandler.java:224) ~[ozone-manager-1.3.0-SNAPSHOT.jar:?]
	at org.apache.hadoop.ozone.protocolPB.OzoneManagerProtocolServerSideTranslatorPB.submitReadRequestToOM(OzoneManagerProtocolServerSideTranslatorPB.java:226) ~[ozone-manager-1.3.0-SNAPSHOT.jar:?]
	at org.apache.hadoop.ozone.protocolPB.OzoneManagerProtocolServerSideTranslatorPB.processRequest(OzoneManagerProtocolServerSideTranslatorPB.java:175) ~[ozone-manager-1.3.0-SNAPSHOT.jar:?]
	at org.apache.hadoop.hdds.server.OzoneProtocolMessageDispatcher.processRequest(OzoneProtocolMessageDispatcher.java:87) [hdds-server-framework-1.3.0-SNAPSHOT.jar:?]
	at org.apache.hadoop.ozone.protocolPB.OzoneManagerProtocolServerSideTranslatorPB.submitRequest(OzoneManagerProtocolServerSideTranslatorPB.java:147) [ozone-manager-1.3.0-SNAPSHOT.jar:?]
	at org.apache.hadoop.ozone.protocol.proto.OzoneManagerProtocolProtos$OzoneManagerService$2.callBlockingMethod(OzoneManagerProtocolProtos.java) [ozone-interface-client-1.3.0-SNAPSHOT.jar:?]
	at org.apache.hadoop.ipc.ProtobufRpcEngine$Server.processCall(ProtobufRpcEngine.java:466) [hadoop-common-3.3.1.jar:?]
	at org.apache.hadoop.ipc.ProtobufRpcEngine2$Server$ProtoBufRpcInvoker.call(ProtobufRpcEngine2.java:574) [hadoop-common-3.3.1.jar:?]
	at org.apache.hadoop.ipc.ProtobufRpcEngine2$Server$ProtoBufRpcInvoker.call(ProtobufRpcEngine2.java:552) [hadoop-common-3.3.1.jar:?]
	at org.apache.hadoop.ipc.RPC$Server.call(RPC.java:1093) [hadoop-common-3.3.1.jar:?]
	at org.apache.hadoop.ipc.Server$RpcCall.run(Server.java:1035) [hadoop-common-3.3.1.jar:?]
	at org.apache.hadoop.ipc.Server$RpcCall.run(Server.java:963) [hadoop-common-3.3.1.jar:?]
	at java.security.AccessController.doPrivileged(Native Method) ~[?:1.8.0_332]
	at javax.security.auth.Subject.doAs(Subject.java:422) [?:1.8.0_332]
	at org.apache.hadoop.security.UserGroupInformation.doAs(UserGroupInformation.java:1878) [hadoop-common-3.3.1.jar:?]
	at org.apache.hadoop.ipc.Server$Handler.run(Server.java:2966) [hadoop-common-3.3.1.jar:?]
13:50:25.800 [IPC Server handler 19 on default port 46277] ERROR OMAudit - user=runner | ip=127.0.0.1 | op=GET_FILE_STATUS {volume=volume63633, bucket=bucket67422, key=testBatchDelete/parent/child4, dataSize=0, replicationConfig=null} | ret=FAILURE
org.apache.hadoop.ozone.om.exceptions.OMException: Unable to get file status: volume: volume63633 bucket: bucket67422 key: testBatchDelete/parent/child4
	at org.apache.hadoop.ozone.om.KeyManagerImpl.getOzoneFileStatus(KeyManagerImpl.java:1311) ~[ozone-manager-1.3.0-SNAPSHOT.jar:?]
	at org.apache.hadoop.ozone.om.KeyManagerImpl.getFileStatus(KeyManagerImpl.java:1241) ~[ozone-manager-1.3.0-SNAPSHOT.jar:?]
	at org.apache.hadoop.ozone.om.OzoneManager.getFileStatus(OzoneManager.java:3467) ~[ozone-manager-1.3.0-SNAPSHOT.jar:?]
	at org.apache.hadoop.ozone.protocolPB.OzoneManagerRequestHandler.getOzoneFileStatus(OzoneManagerRequestHandler.java:878) ~[ozone-manager-1.3.0-SNAPSHOT.jar:?]
	at org.apache.hadoop.ozone.protocolPB.OzoneManagerRequestHandler.handleReadRequest(OzoneManagerRequestHandler.java:224) ~[ozone-manager-1.3.0-SNAPSHOT.jar:?]
	at org.apache.hadoop.ozone.protocolPB.OzoneManagerProtocolServerSideTranslatorPB.submitReadRequestToOM(OzoneManagerProtocolServerSideTranslatorPB.java:226) ~[ozone-manager-1.3.0-SNAPSHOT.jar:?]
	at org.apache.hadoop.ozone.protocolPB.OzoneManagerProtocolServerSideTranslatorPB.processRequest(OzoneManagerProtocolServerSideTranslatorPB.java:175) ~[ozone-manager-1.3.0-SNAPSHOT.jar:?]
	at org.apache.hadoop.hdds.server.OzoneProtocolMessageDispatcher.processRequest(OzoneProtocolMessageDispatcher.java:87) [hdds-server-framework-1.3.0-SNAPSHOT.jar:?]
	at org.apache.hadoop.ozone.protocolPB.OzoneManagerProtocolServerSideTranslatorPB.submitRequest(OzoneManagerProtocolServerSideTranslatorPB.java:147) [ozone-manager-1.3.0-SNAPSHOT.jar:?]
	at org.apache.hadoop.ozone.protocol.proto.OzoneManagerProtocolProtos$OzoneManagerService$2.callBlockingMethod(OzoneManagerProtocolProtos.java) [ozone-interface-client-1.3.0-SNAPSHOT.jar:?]
	at org.apache.hadoop.ipc.ProtobufRpcEngine$Server.processCall(ProtobufRpcEngine.java:466) [hadoop-common-3.3.1.jar:?]
	at org.apache.hadoop.ipc.ProtobufRpcEngine2$Server$ProtoBufRpcInvoker.call(ProtobufRpcEngine2.java:574) [hadoop-common-3.3.1.jar:?]
	at org.apache.hadoop.ipc.ProtobufRpcEngine2$Server$ProtoBufRpcInvoker.call(ProtobufRpcEngine2.java:552) [hadoop-common-3.3.1.jar:?]
	at org.apache.hadoop.ipc.RPC$Server.call(RPC.java:1093) [hadoop-common-3.3.1.jar:?]
	at org.apache.hadoop.ipc.Server$RpcCall.run(Server.java:1035) [hadoop-common-3.3.1.jar:?]
	at org.apache.hadoop.ipc.Server$RpcCall.run(Server.java:963) [hadoop-common-3.3.1.jar:?]
	at java.security.AccessController.doPrivileged(Native Method) ~[?:1.8.0_332]
	at javax.security.auth.Subject.doAs(Subject.java:422) [?:1.8.0_332]
	at org.apache.hadoop.security.UserGroupInformation.doAs(UserGroupInformation.java:1878) [hadoop-common-3.3.1.jar:?]
	at org.apache.hadoop.ipc.Server$Handler.run(Server.java:2966) [hadoop-common-3.3.1.jar:?]
13:50:25.801 [IPC Server handler 2 on default port 46277] ERROR OMAudit - user=runner | ip=127.0.0.1 | op=GET_FILE_STATUS {volume=volume63633, bucket=bucket67422, key=testBatchDelete/parent/childFolder/child4, dataSize=0, replicationConfig=null} | ret=FAILURE
org.apache.hadoop.ozone.om.exceptions.OMException: Unable to get file status: volume: volume63633 bucket: bucket67422 key: testBatchDelete/parent/childFolder/child4
	at org.apache.hadoop.ozone.om.KeyManagerImpl.getOzoneFileStatus(KeyManagerImpl.java:1311) ~[ozone-manager-1.3.0-SNAPSHOT.jar:?]
	at org.apache.hadoop.ozone.om.KeyManagerImpl.getFileStatus(KeyManagerImpl.java:1241) ~[ozone-manager-1.3.0-SNAPSHOT.jar:?]
	at org.apache.hadoop.ozone.om.OzoneManager.getFileStatus(OzoneManager.java:3467) ~[ozone-manager-1.3.0-SNAPSHOT.jar:?]
	at org.apache.hadoop.ozone.protocolPB.OzoneManagerRequestHandler.getOzoneFileStatus(OzoneManagerRequestHandler.java:878) ~[ozone-manager-1.3.0-SNAPSHOT.jar:?]
	at org.apache.hadoop.ozone.protocolPB.OzoneManagerRequestHandler.handleReadRequest(OzoneManagerRequestHandler.java:224) ~[ozone-manager-1.3.0-SNAPSHOT.jar:?]
	at org.apache.hadoop.ozone.protocolPB.OzoneManagerProtocolServerSideTranslatorPB.submitReadRequestToOM(OzoneManagerProtocolServerSideTranslatorPB.java:226) ~[ozone-manager-1.3.0-SNAPSHOT.jar:?]
	at org.apache.hadoop.ozone.protocolPB.OzoneManagerProtocolServerSideTranslatorPB.processRequest(OzoneManagerProtocolServerSideTranslatorPB.java:175) ~[ozone-manager-1.3.0-SNAPSHOT.jar:?]
	at org.apache.hadoop.hdds.server.OzoneProtocolMessageDispatcher.processRequest(OzoneProtocolMessageDispatcher.java:87) [hdds-server-framework-1.3.0-SNAPSHOT.jar:?]
	at org.apache.hadoop.ozone.protocolPB.OzoneManagerProtocolServerSideTranslatorPB.submitRequest(OzoneManagerProtocolServerSideTranslatorPB.java:147) [ozone-manager-1.3.0-SNAPSHOT.jar:?]
	at org.apache.hadoop.ozone.protocol.proto.OzoneManagerProtocolProtos$OzoneManagerService$2.callBlockingMethod(OzoneManagerProtocolProtos.java) [ozone-interface-client-1.3.0-SNAPSHOT.jar:?]
	at org.apache.hadoop.ipc.ProtobufRpcEngine$Server.processCall(ProtobufRpcEngine.java:466) [hadoop-common-3.3.1.jar:?]
	at org.apache.hadoop.ipc.ProtobufRpcEngine2$Server$ProtoBufRpcInvoker.call(ProtobufRpcEngine2.java:574) [hadoop-common-3.3.1.jar:?]
	at org.apache.hadoop.ipc.ProtobufRpcEngine2$Server$ProtoBufRpcInvoker.call(ProtobufRpcEngine2.java:552) [hadoop-common-3.3.1.jar:?]
	at org.apache.hadoop.ipc.RPC$Server.call(RPC.java:1093) [hadoop-common-3.3.1.jar:?]
	at org.apache.hadoop.ipc.Server$RpcCall.run(Server.java:1035) [hadoop-common-3.3.1.jar:?]
	at org.apache.hadoop.ipc.Server$RpcCall.run(Server.java:963) [hadoop-common-3.3.1.jar:?]
	at java.security.AccessController.doPrivileged(Native Method) ~[?:1.8.0_332]
	at javax.security.auth.Subject.doAs(Subject.java:422) [?:1.8.0_332]
	at org.apache.hadoop.security.UserGroupInformation.doAs(UserGroupInformation.java:1878) [hadoop-common-3.3.1.jar:?]
	at org.apache.hadoop.ipc.Server$Handler.run(Server.java:2966) [hadoop-common-3.3.1.jar:?]
13:50:25.801 [IPC Server handler 0 on default port 46277] ERROR OMAudit - user=runner | ip=127.0.0.1 | op=GET_FILE_STATUS {volume=volume63633, bucket=bucket67422, key=testBatchDelete/parent/child5, dataSize=0, replicationConfig=null} | ret=FAILURE
org.apache.hadoop.ozone.om.exceptions.OMException: Unable to get file status: volume: volume63633 bucket: bucket67422 key: testBatchDelete/parent/child5
	at org.apache.hadoop.ozone.om.KeyManagerImpl.getOzoneFileStatus(KeyManagerImpl.java:1311) ~[ozone-manager-1.3.0-SNAPSHOT.jar:?]
	at org.apache.hadoop.ozone.om.KeyManagerImpl.getFileStatus(KeyManagerImpl.java:1241) ~[ozone-manager-1.3.0-SNAPSHOT.jar:?]
	at org.apache.hadoop.ozone.om.OzoneManager.getFileStatus(OzoneManager.java:3467) ~[ozone-manager-1.3.0-SNAPSHOT.jar:?]
	at org.apache.hadoop.ozone.protocolPB.OzoneManagerRequestHandler.getOzoneFileStatus(OzoneManagerRequestHandler.java:878) ~[ozone-manager-1.3.0-SNAPSHOT.jar:?]
	at org.apache.hadoop.ozone.protocolPB.OzoneManagerRequestHandler.handleReadRequest(OzoneManagerRequestHandler.java:224) ~[ozone-manager-1.3.0-SNAPSHOT.jar:?]
	at org.apache.hadoop.ozone.protocolPB.OzoneManagerProtocolServerSideTranslatorPB.submitReadRequestToOM(OzoneManagerProtocolServerSideTranslatorPB.java:226) ~[ozone-manager-1.3.0-SNAPSHOT.jar:?]
	at org.apache.hadoop.ozone.protocolPB.OzoneManagerProtocolServerSideTranslatorPB.processRequest(OzoneManagerProtocolServerSideTranslatorPB.java:175) ~[ozone-manager-1.3.0-SNAPSHOT.jar:?]
	at org.apache.hadoop.hdds.server.OzoneProtocolMessageDispatcher.processRequest(OzoneProtocolMessageDispatcher.java:87) [hdds-server-framework-1.3.0-SNAPSHOT.jar:?]
	at org.apache.hadoop.ozone.protocolPB.OzoneManagerProtocolServerSideTranslatorPB.submitRequest(OzoneManagerProtocolServerSideTranslatorPB.java:147) [ozone-manager-1.3.0-SNAPSHOT.jar:?]
	at org.apache.hadoop.ozone.protocol.proto.OzoneManagerProtocolProtos$OzoneManagerService$2.callBlockingMethod(OzoneManagerProtocolProtos.java) [ozone-interface-client-1.3.0-SNAPSHOT.jar:?]
	at org.apache.hadoop.ipc.ProtobufRpcEngine$Server.processCall(ProtobufRpcEngine.java:466) [hadoop-common-3.3.1.jar:?]
	at org.apache.hadoop.ipc.ProtobufRpcEngine2$Server$ProtoBufRpcInvoker.call(ProtobufRpcEngine2.java:574) [hadoop-common-3.3.1.jar:?]
	at org.apache.hadoop.ipc.ProtobufRpcEngine2$Server$ProtoBufRpcInvoker.call(ProtobufRpcEngine2.java:552) [hadoop-common-3.3.1.jar:?]
	at org.apache.hadoop.ipc.RPC$Server.call(RPC.java:1093) [hadoop-common-3.3.1.jar:?]
	at org.apache.hadoop.ipc.Server$RpcCall.run(Server.java:1035) [hadoop-common-3.3.1.jar:?]
	at org.apache.hadoop.ipc.Server$RpcCall.run(Server.java:963) [hadoop-common-3.3.1.jar:?]
	at java.security.AccessController.doPrivileged(Native Method) ~[?:1.8.0_332]
	at javax.security.auth.Subject.doAs(Subject.java:422) [?:1.8.0_332]
	at org.apache.hadoop.security.UserGroupInformation.doAs(UserGroupInformation.java:1878) [hadoop-common-3.3.1.jar:?]
	at org.apache.hadoop.ipc.Server$Handler.run(Server.java:2966) [hadoop-common-3.3.1.jar:?]
13:50:25.803 [IPC Server handler 4 on default port 46277] ERROR OMAudit - user=runner | ip=127.0.0.1 | op=GET_FILE_STATUS {volume=volume63633, bucket=bucket67422, key=testBatchDelete/parent/childFolder/child5, dataSize=0, replicationConfig=null} | ret=FAILURE
org.apache.hadoop.ozone.om.exceptions.OMException: Unable to get file status: volume: volume63633 bucket: bucket67422 key: testBatchDelete/parent/childFolder/child5
	at org.apache.hadoop.ozone.om.KeyManagerImpl.getOzoneFileStatus(KeyManagerImpl.java:1311) ~[ozone-manager-1.3.0-SNAPSHOT.jar:?]
	at org.apache.hadoop.ozone.om.KeyManagerImpl.getFileStatus(KeyManagerImpl.java:1241) ~[ozone-manager-1.3.0-SNAPSHOT.jar:?]
	at org.apache.hadoop.ozone.om.OzoneManager.getFileStatus(OzoneManager.java:3467) ~[ozone-manager-1.3.0-SNAPSHOT.jar:?]
	at org.apache.hadoop.ozone.protocolPB.OzoneManagerRequestHandler.getOzoneFileStatus(OzoneManagerRequestHandler.java:878) ~[ozone-manager-1.3.0-SNAPSHOT.jar:?]
	at org.apache.hadoop.ozone.protocolPB.OzoneManagerRequestHandler.handleReadRequest(OzoneManagerRequestHandler.java:224) ~[ozone-manager-1.3.0-SNAPSHOT.jar:?]
	at org.apache.hadoop.ozone.protocolPB.OzoneManagerProtocolServerSideTranslatorPB.submitReadRequestToOM(OzoneManagerProtocolServerSideTranslatorPB.java:226) ~[ozone-manager-1.3.0-SNAPSHOT.jar:?]
	at org.apache.hadoop.ozone.protocolPB.OzoneManagerProtocolServerSideTranslatorPB.processRequest(OzoneManagerProtocolServerSideTranslatorPB.java:175) ~[ozone-manager-1.3.0-SNAPSHOT.jar:?]
	at org.apache.hadoop.hdds.server.OzoneProtocolMessageDispatcher.processRequest(OzoneProtocolMessageDispatcher.java:87) [hdds-server-framework-1.3.0-SNAPSHOT.jar:?]
	at org.apache.hadoop.ozone.protocolPB.OzoneManagerProtocolServerSideTranslatorPB.submitRequest(OzoneManagerProtocolServerSideTranslatorPB.java:147) [ozone-manager-1.3.0-SNAPSHOT.jar:?]
	at org.apache.hadoop.ozone.protocol.proto.OzoneManagerProtocolProtos$OzoneManagerService$2.callBlockingMethod(OzoneManagerProtocolProtos.java) [ozone-interface-client-1.3.0-SNAPSHOT.jar:?]
	at org.apache.hadoop.ipc.ProtobufRpcEngine$Server.processCall(ProtobufRpcEngine.java:466) [hadoop-common-3.3.1.jar:?]
	at org.apache.hadoop.ipc.ProtobufRpcEngine2$Server$ProtoBufRpcInvoker.call(ProtobufRpcEngine2.java:574) [hadoop-common-3.3.1.jar:?]
	at org.apache.hadoop.ipc.ProtobufRpcEngine2$Server$ProtoBufRpcInvoker.call(ProtobufRpcEngine2.java:552) [hadoop-common-3.3.1.jar:?]
	at org.apache.hadoop.ipc.RPC$Server.call(RPC.java:1093) [hadoop-common-3.3.1.jar:?]
	at org.apache.hadoop.ipc.Server$RpcCall.run(Server.java:1035) [hadoop-common-3.3.1.jar:?]
	at org.apache.hadoop.ipc.Server$RpcCall.run(Server.java:963) [hadoop-common-3.3.1.jar:?]
	at java.security.AccessController.doPrivileged(Native Method) ~[?:1.8.0_332]
	at javax.security.auth.Subject.doAs(Subject.java:422) [?:1.8.0_332]
	at org.apache.hadoop.security.UserGroupInformation.doAs(UserGroupInformation.java:1878) [hadoop-common-3.3.1.jar:?]
	at org.apache.hadoop.ipc.Server$Handler.run(Server.java:2966) [hadoop-common-3.3.1.jar:?]
13:50:25.803 [IPC Server handler 8 on default port 46277] ERROR OMAudit - user=runner | ip=127.0.0.1 | op=GET_FILE_STATUS {volume=volume63633, bucket=bucket67422, key=testBatchDelete/parent/child6, dataSize=0, replicationConfig=null} | ret=FAILURE
org.apache.hadoop.ozone.om.exceptions.OMException: Unable to get file status: volume: volume63633 bucket: bucket67422 key: testBatchDelete/parent/child6
	at org.apache.hadoop.ozone.om.KeyManagerImpl.getOzoneFileStatus(KeyManagerImpl.java:1311) ~[ozone-manager-1.3.0-SNAPSHOT.jar:?]
	at org.apache.hadoop.ozone.om.KeyManagerImpl.getFileStatus(KeyManagerImpl.java:1241) ~[ozone-manager-1.3.0-SNAPSHOT.jar:?]
	at org.apache.hadoop.ozone.om.OzoneManager.getFileStatus(OzoneManager.java:3467) ~[ozone-manager-1.3.0-SNAPSHOT.jar:?]
	at org.apache.hadoop.ozone.protocolPB.OzoneManagerRequestHandler.getOzoneFileStatus(OzoneManagerRequestHandler.java:878) ~[ozone-manager-1.3.0-SNAPSHOT.jar:?]
	at org.apache.hadoop.ozone.protocolPB.OzoneManagerRequestHandler.handleReadRequest(OzoneManagerRequestHandler.java:224) ~[ozone-manager-1.3.0-SNAPSHOT.jar:?]
	at org.apache.hadoop.ozone.protocolPB.OzoneManagerProtocolServerSideTranslatorPB.submitReadRequestToOM(OzoneManagerProtocolServerSideTranslatorPB.java:226) ~[ozone-manager-1.3.0-SNAPSHOT.jar:?]
	at org.apache.hadoop.ozone.protocolPB.OzoneManagerProtocolServerSideTranslatorPB.processRequest(OzoneManagerProtocolServerSideTranslatorPB.java:175) ~[ozone-manager-1.3.0-SNAPSHOT.jar:?]
	at org.apache.hadoop.hdds.server.OzoneProtocolMessageDispatcher.processRequest(OzoneProtocolMessageDispatcher.java:87) [hdds-server-framework-1.3.0-SNAPSHOT.jar:?]
	at org.apache.hadoop.ozone.protocolPB.OzoneManagerProtocolServerSideTranslatorPB.submitRequest(OzoneManagerProtocolServerSideTranslatorPB.java:147) [ozone-manager-1.3.0-SNAPSHOT.jar:?]
	at org.apache.hadoop.ozone.protocol.proto.OzoneManagerProtocolProtos$OzoneManagerService$2.callBlockingMethod(OzoneManagerProtocolProtos.java) [ozone-interface-client-1.3.0-SNAPSHOT.jar:?]
	at org.apache.hadoop.ipc.ProtobufRpcEngine$Server.processCall(ProtobufRpcEngine.java:466) [hadoop-common-3.3.1.jar:?]
	at org.apache.hadoop.ipc.ProtobufRpcEngine2$Server$ProtoBufRpcInvoker.call(ProtobufRpcEngine2.java:574) [hadoop-common-3.3.1.jar:?]
	at org.apache.hadoop.ipc.ProtobufRpcEngine2$Server$ProtoBufRpcInvoker.call(ProtobufRpcEngine2.java:552) [hadoop-common-3.3.1.jar:?]
	at org.apache.hadoop.ipc.RPC$Server.call(RPC.java:1093) [hadoop-common-3.3.1.jar:?]
	at org.apache.hadoop.ipc.Server$RpcCall.run(Server.java:1035) [hadoop-common-3.3.1.jar:?]
	at org.apache.hadoop.ipc.Server$RpcCall.run(Server.java:963) [hadoop-common-3.3.1.jar:?]
	at java.security.AccessController.doPrivileged(Native Method) ~[?:1.8.0_332]
	at javax.security.auth.Subject.doAs(Subject.java:422) [?:1.8.0_332]
	at org.apache.hadoop.security.UserGroupInformation.doAs(UserGroupInformation.java:1878) [hadoop-common-3.3.1.jar:?]
	at org.apache.hadoop.ipc.Server$Handler.run(Server.java:2966) [hadoop-common-3.3.1.jar:?]
13:50:25.804 [IPC Server handler 10 on default port 46277] ERROR OMAudit - user=runner | ip=127.0.0.1 | op=GET_FILE_STATUS {volume=volume63633, bucket=bucket67422, key=testBatchDelete/parent/childFolder/child6, dataSize=0, replicationConfig=null} | ret=FAILURE
org.apache.hadoop.ozone.om.exceptions.OMException: Unable to get file status: volume: volume63633 bucket: bucket67422 key: testBatchDelete/parent/childFolder/child6
	at org.apache.hadoop.ozone.om.KeyManagerImpl.getOzoneFileStatus(KeyManagerImpl.java:1311) ~[ozone-manager-1.3.0-SNAPSHOT.jar:?]
	at org.apache.hadoop.ozone.om.KeyManagerImpl.getFileStatus(KeyManagerImpl.java:1241) ~[ozone-manager-1.3.0-SNAPSHOT.jar:?]
	at org.apache.hadoop.ozone.om.OzoneManager.getFileStatus(OzoneManager.java:3467) ~[ozone-manager-1.3.0-SNAPSHOT.jar:?]
	at org.apache.hadoop.ozone.protocolPB.OzoneManagerRequestHandler.getOzoneFileStatus(OzoneManagerRequestHandler.java:878) ~[ozone-manager-1.3.0-SNAPSHOT.jar:?]
	at org.apache.hadoop.ozone.protocolPB.OzoneManagerRequestHandler.handleReadRequest(OzoneManagerRequestHandler.java:224) ~[ozone-manager-1.3.0-SNAPSHOT.jar:?]
	at org.apache.hadoop.ozone.protocolPB.OzoneManagerProtocolServerSideTranslatorPB.submitReadRequestToOM(OzoneManagerProtocolServerSideTranslatorPB.java:226) ~[ozone-manager-1.3.0-SNAPSHOT.jar:?]
	at org.apache.hadoop.ozone.protocolPB.OzoneManagerProtocolServerSideTranslatorPB.processRequest(OzoneManagerProtocolServerSideTranslatorPB.java:175) ~[ozone-manager-1.3.0-SNAPSHOT.jar:?]
	at org.apache.hadoop.hdds.server.OzoneProtocolMessageDispatcher.processRequest(OzoneProtocolMessageDispatcher.java:87) [hdds-server-framework-1.3.0-SNAPSHOT.jar:?]
	at org.apache.hadoop.ozone.protocolPB.OzoneManagerProtocolServerSideTranslatorPB.submitRequest(OzoneManagerProtocolServerSideTranslatorPB.java:147) [ozone-manager-1.3.0-SNAPSHOT.jar:?]
	at org.apache.hadoop.ozone.protocol.proto.OzoneManagerProtocolProtos$OzoneManagerService$2.callBlockingMethod(OzoneManagerProtocolProtos.java) [ozone-interface-client-1.3.0-SNAPSHOT.jar:?]
	at org.apache.hadoop.ipc.ProtobufRpcEngine$Server.processCall(ProtobufRpcEngine.java:466) [hadoop-common-3.3.1.jar:?]
	at org.apache.hadoop.ipc.ProtobufRpcEngine2$Server$ProtoBufRpcInvoker.call(ProtobufRpcEngine2.java:574) [hadoop-common-3.3.1.jar:?]
	at org.apache.hadoop.ipc.ProtobufRpcEngine2$Server$ProtoBufRpcInvoker.call(ProtobufRpcEngine2.java:552) [hadoop-common-3.3.1.jar:?]
	at org.apache.hadoop.ipc.RPC$Server.call(RPC.java:1093) [hadoop-common-3.3.1.jar:?]
	at org.apache.hadoop.ipc.Server$RpcCall.run(Server.java:1035) [hadoop-common-3.3.1.jar:?]
	at org.apache.hadoop.ipc.Server$RpcCall.run(Server.java:963) [hadoop-common-3.3.1.jar:?]
	at java.security.AccessController.doPrivileged(Native Method) ~[?:1.8.0_332]
	at javax.security.auth.Subject.doAs(Subject.java:422) [?:1.8.0_332]
	at org.apache.hadoop.security.UserGroupInformation.doAs(UserGroupInformation.java:1878) [hadoop-common-3.3.1.jar:?]
	at org.apache.hadoop.ipc.Server$Handler.run(Server.java:2966) [hadoop-common-3.3.1.jar:?]
13:50:25.807 [IPC Server handler 6 on default port 46277] ERROR OMAudit - user=runner | ip=127.0.0.1 | op=GET_FILE_STATUS {volume=volume63633, bucket=bucket67422, key=testBatchDelete/parent/child7, dataSize=0, replicationConfig=null} | ret=FAILURE
org.apache.hadoop.ozone.om.exceptions.OMException: Unable to get file status: volume: volume63633 bucket: bucket67422 key: testBatchDelete/parent/child7
	at org.apache.hadoop.ozone.om.KeyManagerImpl.getOzoneFileStatus(KeyManagerImpl.java:1311) ~[ozone-manager-1.3.0-SNAPSHOT.jar:?]
	at org.apache.hadoop.ozone.om.KeyManagerImpl.getFileStatus(KeyManagerImpl.java:1241) ~[ozone-manager-1.3.0-SNAPSHOT.jar:?]
	at org.apache.hadoop.ozone.om.OzoneManager.getFileStatus(OzoneManager.java:3467) ~[ozone-manager-1.3.0-SNAPSHOT.jar:?]
	at org.apache.hadoop.ozone.protocolPB.OzoneManagerRequestHandler.getOzoneFileStatus(OzoneManagerRequestHandler.java:878) ~[ozone-manager-1.3.0-SNAPSHOT.jar:?]
	at org.apache.hadoop.ozone.protocolPB.OzoneManagerRequestHandler.handleReadRequest(OzoneManagerRequestHandler.java:224) ~[ozone-manager-1.3.0-SNAPSHOT.jar:?]
	at org.apache.hadoop.ozone.protocolPB.OzoneManagerProtocolServerSideTranslatorPB.submitReadRequestToOM(OzoneManagerProtocolServerSideTranslatorPB.java:226) ~[ozone-manager-1.3.0-SNAPSHOT.jar:?]
	at org.apache.hadoop.ozone.protocolPB.OzoneManagerProtocolServerSideTranslatorPB.processRequest(OzoneManagerProtocolServerSideTranslatorPB.java:175) ~[ozone-manager-1.3.0-SNAPSHOT.jar:?]
	at org.apache.hadoop.hdds.server.OzoneProtocolMessageDispatcher.processRequest(OzoneProtocolMessageDispatcher.java:87) [hdds-server-framework-1.3.0-SNAPSHOT.jar:?]
	at org.apache.hadoop.ozone.protocolPB.OzoneManagerProtocolServerSideTranslatorPB.submitRequest(OzoneManagerProtocolServerSideTranslatorPB.java:147) [ozone-manager-1.3.0-SNAPSHOT.jar:?]
	at org.apache.hadoop.ozone.protocol.proto.OzoneManagerProtocolProtos$OzoneManagerService$2.callBlockingMethod(OzoneManagerProtocolProtos.java) [ozone-interface-client-1.3.0-SNAPSHOT.jar:?]
	at org.apache.hadoop.ipc.ProtobufRpcEngine$Server.processCall(ProtobufRpcEngine.java:466) [hadoop-common-3.3.1.jar:?]
	at org.apache.hadoop.ipc.ProtobufRpcEngine2$Server$ProtoBufRpcInvoker.call(ProtobufRpcEngine2.java:574) [hadoop-common-3.3.1.jar:?]
	at org.apache.hadoop.ipc.ProtobufRpcEngine2$Server$ProtoBufRpcInvoker.call(ProtobufRpcEngine2.java:552) [hadoop-common-3.3.1.jar:?]
	at org.apache.hadoop.ipc.RPC$Server.call(RPC.java:1093) [hadoop-common-3.3.1.jar:?]
	at org.apache.hadoop.ipc.Server$RpcCall.run(Server.java:1035) [hadoop-common-3.3.1.jar:?]
	at org.apache.hadoop.ipc.Server$RpcCall.run(Server.java:963) [hadoop-common-3.3.1.jar:?]
	at java.security.AccessController.doPrivileged(Native Method) ~[?:1.8.0_332]
	at javax.security.auth.Subject.doAs(Subject.java:422) [?:1.8.0_332]
	at org.apache.hadoop.security.UserGroupInformation.doAs(UserGroupInformation.java:1878) [hadoop-common-3.3.1.jar:?]
	at org.apache.hadoop.ipc.Server$Handler.run(Server.java:2966) [hadoop-common-3.3.1.jar:?]
13:50:25.810 [IPC Server handler 12 on default port 46277] ERROR OMAudit - user=runner | ip=127.0.0.1 | op=GET_FILE_STATUS {volume=volume63633, bucket=bucket67422, key=testBatchDelete/parent/childFolder/child7, dataSize=0, replicationConfig=null} | ret=FAILURE
org.apache.hadoop.ozone.om.exceptions.OMException: Unable to get file status: volume: volume63633 bucket: bucket67422 key: testBatchDelete/parent/childFolder/child7
	at org.apache.hadoop.ozone.om.KeyManagerImpl.getOzoneFileStatus(KeyManagerImpl.java:1311) ~[ozone-manager-1.3.0-SNAPSHOT.jar:?]
	at org.apache.hadoop.ozone.om.KeyManagerImpl.getFileStatus(KeyManagerImpl.java:1241) ~[ozone-manager-1.3.0-SNAPSHOT.jar:?]
	at org.apache.hadoop.ozone.om.OzoneManager.getFileStatus(OzoneManager.java:3467) ~[ozone-manager-1.3.0-SNAPSHOT.jar:?]
	at org.apache.hadoop.ozone.protocolPB.OzoneManagerRequestHandler.getOzoneFileStatus(OzoneManagerRequestHandler.java:878) ~[ozone-manager-1.3.0-SNAPSHOT.jar:?]
	at org.apache.hadoop.ozone.protocolPB.OzoneManagerRequestHandler.handleReadRequest(OzoneManagerRequestHandler.java:224) ~[ozone-manager-1.3.0-SNAPSHOT.jar:?]
	at org.apache.hadoop.ozone.protocolPB.OzoneManagerProtocolServerSideTranslatorPB.submitReadRequestToOM(OzoneManagerProtocolServerSideTranslatorPB.java:226) ~[ozone-manager-1.3.0-SNAPSHOT.jar:?]
	at org.apache.hadoop.ozone.protocolPB.OzoneManagerProtocolServerSideTranslatorPB.processRequest(OzoneManagerProtocolServerSideTranslatorPB.java:175) ~[ozone-manager-1.3.0-SNAPSHOT.jar:?]
	at org.apache.hadoop.hdds.server.OzoneProtocolMessageDispatcher.processRequest(OzoneProtocolMessageDispatcher.java:87) [hdds-server-framework-1.3.0-SNAPSHOT.jar:?]
	at org.apache.hadoop.ozone.protocolPB.OzoneManagerProtocolServerSideTranslatorPB.submitRequest(OzoneManagerProtocolServerSideTranslatorPB.java:147) [ozone-manager-1.3.0-SNAPSHOT.jar:?]
	at org.apache.hadoop.ozone.protocol.proto.OzoneManagerProtocolProtos$OzoneManagerService$2.callBlockingMethod(OzoneManagerProtocolProtos.java) [ozone-interface-client-1.3.0-SNAPSHOT.jar:?]
	at org.apache.hadoop.ipc.ProtobufRpcEngine$Server.processCall(ProtobufRpcEngine.java:466) [hadoop-common-3.3.1.jar:?]
	at org.apache.hadoop.ipc.ProtobufRpcEngine2$Server$ProtoBufRpcInvoker.call(ProtobufRpcEngine2.java:574) [hadoop-common-3.3.1.jar:?]
	at org.apache.hadoop.ipc.ProtobufRpcEngine2$Server$ProtoBufRpcInvoker.call(ProtobufRpcEngine2.java:552) [hadoop-common-3.3.1.jar:?]
	at org.apache.hadoop.ipc.RPC$Server.call(RPC.java:1093) [hadoop-common-3.3.1.jar:?]
	at org.apache.hadoop.ipc.Server$RpcCall.run(Server.java:1035) [hadoop-common-3.3.1.jar:?]
	at org.apache.hadoop.ipc.Server$RpcCall.run(Server.java:963) [hadoop-common-3.3.1.jar:?]
	at java.security.AccessController.doPrivileged(Native Method) ~[?:1.8.0_332]
	at javax.security.auth.Subject.doAs(Subject.java:422) [?:1.8.0_332]
	at org.apache.hadoop.security.UserGroupInformation.doAs(UserGroupInformation.java:1878) [hadoop-common-3.3.1.jar:?]
	at org.apache.hadoop.ipc.Server$Handler.run(Server.java:2966) [hadoop-common-3.3.1.jar:?]
13:50:25.811 [IPC Server handler 14 on default port 46277] ERROR OMAudit - user=runner | ip=127.0.0.1 | op=GET_FILE_STATUS {volume=volume63633, bucket=bucket67422, key=testBatchDelete/parent, dataSize=0, replicationConfig=null} | ret=FAILURE
org.apache.hadoop.ozone.om.exceptions.OMException: Unable to get file status: volume: volume63633 bucket: bucket67422 key: testBatchDelete/parent
	at org.apache.hadoop.ozone.om.KeyManagerImpl.getOzoneFileStatus(KeyManagerImpl.java:1311) ~[ozone-manager-1.3.0-SNAPSHOT.jar:?]
	at org.apache.hadoop.ozone.om.KeyManagerImpl.getFileStatus(KeyManagerImpl.java:1241) ~[ozone-manager-1.3.0-SNAPSHOT.jar:?]
	at org.apache.hadoop.ozone.om.OzoneManager.getFileStatus(OzoneManager.java:3467) ~[ozone-manager-1.3.0-SNAPSHOT.jar:?]
	at org.apache.hadoop.ozone.protocolPB.OzoneManagerRequestHandler.getOzoneFileStatus(OzoneManagerRequestHandler.java:878) ~[ozone-manager-1.3.0-SNAPSHOT.jar:?]
	at org.apache.hadoop.ozone.protocolPB.OzoneManagerRequestHandler.handleReadRequest(OzoneManagerRequestHandler.java:224) ~[ozone-manager-1.3.0-SNAPSHOT.jar:?]
	at org.apache.hadoop.ozone.protocolPB.OzoneManagerProtocolServerSideTranslatorPB.submitReadRequestToOM(OzoneManagerProtocolServerSideTranslatorPB.java:226) ~[ozone-manager-1.3.0-SNAPSHOT.jar:?]
	at org.apache.hadoop.ozone.protocolPB.OzoneManagerProtocolServerSideTranslatorPB.processRequest(OzoneManagerProtocolServerSideTranslatorPB.java:175) ~[ozone-manager-1.3.0-SNAPSHOT.jar:?]
	at org.apache.hadoop.hdds.server.OzoneProtocolMessageDispatcher.processRequest(OzoneProtocolMessageDispatcher.java:87) [hdds-server-framework-1.3.0-SNAPSHOT.jar:?]
	at org.apache.hadoop.ozone.protocolPB.OzoneManagerProtocolServerSideTranslatorPB.submitRequest(OzoneManagerProtocolServerSideTranslatorPB.java:147) [ozone-manager-1.3.0-SNAPSHOT.jar:?]
	at org.apache.hadoop.ozone.protocol.proto.OzoneManagerProtocolProtos$OzoneManagerService$2.callBlockingMethod(OzoneManagerProtocolProtos.java) [ozone-interface-client-1.3.0-SNAPSHOT.jar:?]
	at org.apache.hadoop.ipc.ProtobufRpcEngine$Server.processCall(ProtobufRpcEngine.java:466) [hadoop-common-3.3.1.jar:?]
	at org.apache.hadoop.ipc.ProtobufRpcEngine2$Server$ProtoBufRpcInvoker.call(ProtobufRpcEngine2.java:574) [hadoop-common-3.3.1.jar:?]
	at org.apache.hadoop.ipc.ProtobufRpcEngine2$Server$ProtoBufRpcInvoker.call(ProtobufRpcEngine2.java:552) [hadoop-common-3.3.1.jar:?]
	at org.apache.hadoop.ipc.RPC$Server.call(RPC.java:1093) [hadoop-common-3.3.1.jar:?]
	at org.apache.hadoop.ipc.Server$RpcCall.run(Server.java:1035) [hadoop-common-3.3.1.jar:?]
	at org.apache.hadoop.ipc.Server$RpcCall.run(Server.java:963) [hadoop-common-3.3.1.jar:?]
	at java.security.AccessController.doPrivileged(Native Method) ~[?:1.8.0_332]
	at javax.security.auth.Subject.doAs(Subject.java:422) [?:1.8.0_332]
	at org.apache.hadoop.security.UserGroupInformation.doAs(UserGroupInformation.java:1878) [hadoop-common-3.3.1.jar:?]
	at org.apache.hadoop.ipc.Server$Handler.run(Server.java:2966) [hadoop-common-3.3.1.jar:?]
2022-07-27 13:50:25,812 [Time-limited test] WARN  ozone.BasicRootedOzoneFileSystem (BasicRootedOzoneFileSystem.java:delete(572)) - delete: Path does not exist: /volume63633/bucket67422/testBatchDelete/parent
]]></system-out>
  </testcase>
  <testcase name="testFileDelete" classname="TestRootedOzoneFileSystem" time="0.226">
    <system-out><![CDATA[2022-07-27 13:51:35,688 [Time-limited test] INFO  rpc.RpcClient (RpcClient.java:createVolume(467)) - Creating Volume: volume08033, with user51024 as owner and space quota set to -1 bytes, counts quota set to -1
2022-07-27 13:51:35,689 [IPC Server handler 13 on default port 45285] INFO  volume.OMVolumeCreateRequest (OMVolumeCreateRequest.java:validateAndUpdateCache(195)) - created volume:volume08033 for user:user51024
2022-07-27 13:51:35,695 [Time-limited test] INFO  rpc.RpcClient (RpcClient.java:createBucket(670)) - Creating Bucket: volume08033/bucket24256, with bucket layout LEGACY, runner as owner, Versioning false, Storage Type set to DISK and Encryption set to false 
2022-07-27 13:51:35,695 [IPC Server handler 15 on default port 45285] INFO  bucket.OMBucketCreateRequest (OMBucketCreateRequest.java:validateAndUpdateCache(260)) - created bucket: bucket24256 of layout LEGACY in volume: volume08033
13:51:35.794 [IPC Server handler 4 on default port 45285] ERROR OMAudit - user=runner | ip=127.0.0.1 | op=GET_FILE_STATUS {volume=volume08033, bucket=bucket24256, key=testBatchDelete, dataSize=0, replicationConfig=null} | ret=FAILURE
org.apache.hadoop.ozone.om.exceptions.OMException: Unable to get file status: volume: volume08033 bucket: bucket24256 key: testBatchDelete
	at org.apache.hadoop.ozone.om.KeyManagerImpl.getOzoneFileStatus(KeyManagerImpl.java:1311) ~[ozone-manager-1.3.0-SNAPSHOT.jar:?]
	at org.apache.hadoop.ozone.om.KeyManagerImpl.getFileStatus(KeyManagerImpl.java:1241) ~[ozone-manager-1.3.0-SNAPSHOT.jar:?]
	at org.apache.hadoop.ozone.om.OzoneManager.getFileStatus(OzoneManager.java:3467) ~[ozone-manager-1.3.0-SNAPSHOT.jar:?]
	at org.apache.hadoop.ozone.protocolPB.OzoneManagerRequestHandler.getOzoneFileStatus(OzoneManagerRequestHandler.java:878) ~[ozone-manager-1.3.0-SNAPSHOT.jar:?]
	at org.apache.hadoop.ozone.protocolPB.OzoneManagerRequestHandler.handleReadRequest(OzoneManagerRequestHandler.java:224) ~[ozone-manager-1.3.0-SNAPSHOT.jar:?]
	at org.apache.hadoop.ozone.protocolPB.OzoneManagerProtocolServerSideTranslatorPB.submitRequestDirectlyToOM(OzoneManagerProtocolServerSideTranslatorPB.java:276) ~[ozone-manager-1.3.0-SNAPSHOT.jar:?]
	at org.apache.hadoop.ozone.protocolPB.OzoneManagerProtocolServerSideTranslatorPB.processRequest(OzoneManagerProtocolServerSideTranslatorPB.java:205) ~[ozone-manager-1.3.0-SNAPSHOT.jar:?]
	at org.apache.hadoop.hdds.server.OzoneProtocolMessageDispatcher.processRequest(OzoneProtocolMessageDispatcher.java:87) [hdds-server-framework-1.3.0-SNAPSHOT.jar:?]
	at org.apache.hadoop.ozone.protocolPB.OzoneManagerProtocolServerSideTranslatorPB.submitRequest(OzoneManagerProtocolServerSideTranslatorPB.java:147) [ozone-manager-1.3.0-SNAPSHOT.jar:?]
	at org.apache.hadoop.ozone.protocol.proto.OzoneManagerProtocolProtos$OzoneManagerService$2.callBlockingMethod(OzoneManagerProtocolProtos.java) [ozone-interface-client-1.3.0-SNAPSHOT.jar:?]
	at org.apache.hadoop.ipc.ProtobufRpcEngine$Server.processCall(ProtobufRpcEngine.java:466) [hadoop-common-3.3.1.jar:?]
	at org.apache.hadoop.ipc.ProtobufRpcEngine2$Server$ProtoBufRpcInvoker.call(ProtobufRpcEngine2.java:574) [hadoop-common-3.3.1.jar:?]
	at org.apache.hadoop.ipc.ProtobufRpcEngine2$Server$ProtoBufRpcInvoker.call(ProtobufRpcEngine2.java:552) [hadoop-common-3.3.1.jar:?]
	at org.apache.hadoop.ipc.RPC$Server.call(RPC.java:1093) [hadoop-common-3.3.1.jar:?]
	at org.apache.hadoop.ipc.Server$RpcCall.run(Server.java:1035) [hadoop-common-3.3.1.jar:?]
	at org.apache.hadoop.ipc.Server$RpcCall.run(Server.java:963) [hadoop-common-3.3.1.jar:?]
	at java.security.AccessController.doPrivileged(Native Method) ~[?:1.8.0_332]
	at javax.security.auth.Subject.doAs(Subject.java:422) [?:1.8.0_332]
	at org.apache.hadoop.security.UserGroupInformation.doAs(UserGroupInformation.java:1878) [hadoop-common-3.3.1.jar:?]
	at org.apache.hadoop.ipc.Server$Handler.run(Server.java:2966) [hadoop-common-3.3.1.jar:?]
13:51:35.794 [IPC Server handler 9 on default port 45285] ERROR OMAudit - user=runner | ip=127.0.0.1 | op=GET_FILE_STATUS {volume=volume08033, bucket=bucket24256, key=testBatchDelete/parent/child0, dataSize=0, replicationConfig=null} | ret=FAILURE
org.apache.hadoop.ozone.om.exceptions.OMException: Unable to get file status: volume: volume08033 bucket: bucket24256 key: testBatchDelete/parent/child0
	at org.apache.hadoop.ozone.om.KeyManagerImpl.getOzoneFileStatus(KeyManagerImpl.java:1311) ~[ozone-manager-1.3.0-SNAPSHOT.jar:?]
	at org.apache.hadoop.ozone.om.KeyManagerImpl.getFileStatus(KeyManagerImpl.java:1241) ~[ozone-manager-1.3.0-SNAPSHOT.jar:?]
	at org.apache.hadoop.ozone.om.OzoneManager.getFileStatus(OzoneManager.java:3467) ~[ozone-manager-1.3.0-SNAPSHOT.jar:?]
	at org.apache.hadoop.ozone.protocolPB.OzoneManagerRequestHandler.getOzoneFileStatus(OzoneManagerRequestHandler.java:878) ~[ozone-manager-1.3.0-SNAPSHOT.jar:?]
	at org.apache.hadoop.ozone.protocolPB.OzoneManagerRequestHandler.handleReadRequest(OzoneManagerRequestHandler.java:224) ~[ozone-manager-1.3.0-SNAPSHOT.jar:?]
	at org.apache.hadoop.ozone.protocolPB.OzoneManagerProtocolServerSideTranslatorPB.submitRequestDirectlyToOM(OzoneManagerProtocolServerSideTranslatorPB.java:276) ~[ozone-manager-1.3.0-SNAPSHOT.jar:?]
	at org.apache.hadoop.ozone.protocolPB.OzoneManagerProtocolServerSideTranslatorPB.processRequest(OzoneManagerProtocolServerSideTranslatorPB.java:205) ~[ozone-manager-1.3.0-SNAPSHOT.jar:?]
	at org.apache.hadoop.hdds.server.OzoneProtocolMessageDispatcher.processRequest(OzoneProtocolMessageDispatcher.java:87) [hdds-server-framework-1.3.0-SNAPSHOT.jar:?]
	at org.apache.hadoop.ozone.protocolPB.OzoneManagerProtocolServerSideTranslatorPB.submitRequest(OzoneManagerProtocolServerSideTranslatorPB.java:147) [ozone-manager-1.3.0-SNAPSHOT.jar:?]
	at org.apache.hadoop.ozone.protocol.proto.OzoneManagerProtocolProtos$OzoneManagerService$2.callBlockingMethod(OzoneManagerProtocolProtos.java) [ozone-interface-client-1.3.0-SNAPSHOT.jar:?]
	at org.apache.hadoop.ipc.ProtobufRpcEngine$Server.processCall(ProtobufRpcEngine.java:466) [hadoop-common-3.3.1.jar:?]
	at org.apache.hadoop.ipc.ProtobufRpcEngine2$Server$ProtoBufRpcInvoker.call(ProtobufRpcEngine2.java:574) [hadoop-common-3.3.1.jar:?]
	at org.apache.hadoop.ipc.ProtobufRpcEngine2$Server$ProtoBufRpcInvoker.call(ProtobufRpcEngine2.java:552) [hadoop-common-3.3.1.jar:?]
	at org.apache.hadoop.ipc.RPC$Server.call(RPC.java:1093) [hadoop-common-3.3.1.jar:?]
	at org.apache.hadoop.ipc.Server$RpcCall.run(Server.java:1035) [hadoop-common-3.3.1.jar:?]
	at org.apache.hadoop.ipc.Server$RpcCall.run(Server.java:963) [hadoop-common-3.3.1.jar:?]
	at java.security.AccessController.doPrivileged(Native Method) ~[?:1.8.0_332]
	at javax.security.auth.Subject.doAs(Subject.java:422) [?:1.8.0_332]
	at org.apache.hadoop.security.UserGroupInformation.doAs(UserGroupInformation.java:1878) [hadoop-common-3.3.1.jar:?]
	at org.apache.hadoop.ipc.Server$Handler.run(Server.java:2966) [hadoop-common-3.3.1.jar:?]
13:51:35.795 [IPC Server handler 11 on default port 45285] ERROR OMAudit - user=runner | ip=127.0.0.1 | op=GET_FILE_STATUS {volume=volume08033, bucket=bucket24256, key=testBatchDelete/parent/childFolder/child0, dataSize=0, replicationConfig=null} | ret=FAILURE
org.apache.hadoop.ozone.om.exceptions.OMException: Unable to get file status: volume: volume08033 bucket: bucket24256 key: testBatchDelete/parent/childFolder/child0
	at org.apache.hadoop.ozone.om.KeyManagerImpl.getOzoneFileStatus(KeyManagerImpl.java:1311) ~[ozone-manager-1.3.0-SNAPSHOT.jar:?]
	at org.apache.hadoop.ozone.om.KeyManagerImpl.getFileStatus(KeyManagerImpl.java:1241) ~[ozone-manager-1.3.0-SNAPSHOT.jar:?]
	at org.apache.hadoop.ozone.om.OzoneManager.getFileStatus(OzoneManager.java:3467) ~[ozone-manager-1.3.0-SNAPSHOT.jar:?]
	at org.apache.hadoop.ozone.protocolPB.OzoneManagerRequestHandler.getOzoneFileStatus(OzoneManagerRequestHandler.java:878) ~[ozone-manager-1.3.0-SNAPSHOT.jar:?]
	at org.apache.hadoop.ozone.protocolPB.OzoneManagerRequestHandler.handleReadRequest(OzoneManagerRequestHandler.java:224) ~[ozone-manager-1.3.0-SNAPSHOT.jar:?]
	at org.apache.hadoop.ozone.protocolPB.OzoneManagerProtocolServerSideTranslatorPB.submitRequestDirectlyToOM(OzoneManagerProtocolServerSideTranslatorPB.java:276) ~[ozone-manager-1.3.0-SNAPSHOT.jar:?]
	at org.apache.hadoop.ozone.protocolPB.OzoneManagerProtocolServerSideTranslatorPB.processRequest(OzoneManagerProtocolServerSideTranslatorPB.java:205) ~[ozone-manager-1.3.0-SNAPSHOT.jar:?]
	at org.apache.hadoop.hdds.server.OzoneProtocolMessageDispatcher.processRequest(OzoneProtocolMessageDispatcher.java:87) [hdds-server-framework-1.3.0-SNAPSHOT.jar:?]
	at org.apache.hadoop.ozone.protocolPB.OzoneManagerProtocolServerSideTranslatorPB.submitRequest(OzoneManagerProtocolServerSideTranslatorPB.java:147) [ozone-manager-1.3.0-SNAPSHOT.jar:?]
	at org.apache.hadoop.ozone.protocol.proto.OzoneManagerProtocolProtos$OzoneManagerService$2.callBlockingMethod(OzoneManagerProtocolProtos.java) [ozone-interface-client-1.3.0-SNAPSHOT.jar:?]
	at org.apache.hadoop.ipc.ProtobufRpcEngine$Server.processCall(ProtobufRpcEngine.java:466) [hadoop-common-3.3.1.jar:?]
	at org.apache.hadoop.ipc.ProtobufRpcEngine2$Server$ProtoBufRpcInvoker.call(ProtobufRpcEngine2.java:574) [hadoop-common-3.3.1.jar:?]
	at org.apache.hadoop.ipc.ProtobufRpcEngine2$Server$ProtoBufRpcInvoker.call(ProtobufRpcEngine2.java:552) [hadoop-common-3.3.1.jar:?]
	at org.apache.hadoop.ipc.RPC$Server.call(RPC.java:1093) [hadoop-common-3.3.1.jar:?]
	at org.apache.hadoop.ipc.Server$RpcCall.run(Server.java:1035) [hadoop-common-3.3.1.jar:?]
	at org.apache.hadoop.ipc.Server$RpcCall.run(Server.java:963) [hadoop-common-3.3.1.jar:?]
	at java.security.AccessController.doPrivileged(Native Method) ~[?:1.8.0_332]
	at javax.security.auth.Subject.doAs(Subject.java:422) [?:1.8.0_332]
	at org.apache.hadoop.security.UserGroupInformation.doAs(UserGroupInformation.java:1878) [hadoop-common-3.3.1.jar:?]
	at org.apache.hadoop.ipc.Server$Handler.run(Server.java:2966) [hadoop-common-3.3.1.jar:?]
13:51:35.796 [IPC Server handler 13 on default port 45285] ERROR OMAudit - user=runner | ip=127.0.0.1 | op=GET_FILE_STATUS {volume=volume08033, bucket=bucket24256, key=testBatchDelete/parent/child1, dataSize=0, replicationConfig=null} | ret=FAILURE
org.apache.hadoop.ozone.om.exceptions.OMException: Unable to get file status: volume: volume08033 bucket: bucket24256 key: testBatchDelete/parent/child1
	at org.apache.hadoop.ozone.om.KeyManagerImpl.getOzoneFileStatus(KeyManagerImpl.java:1311) ~[ozone-manager-1.3.0-SNAPSHOT.jar:?]
	at org.apache.hadoop.ozone.om.KeyManagerImpl.getFileStatus(KeyManagerImpl.java:1241) ~[ozone-manager-1.3.0-SNAPSHOT.jar:?]
	at org.apache.hadoop.ozone.om.OzoneManager.getFileStatus(OzoneManager.java:3467) ~[ozone-manager-1.3.0-SNAPSHOT.jar:?]
	at org.apache.hadoop.ozone.protocolPB.OzoneManagerRequestHandler.getOzoneFileStatus(OzoneManagerRequestHandler.java:878) ~[ozone-manager-1.3.0-SNAPSHOT.jar:?]
	at org.apache.hadoop.ozone.protocolPB.OzoneManagerRequestHandler.handleReadRequest(OzoneManagerRequestHandler.java:224) ~[ozone-manager-1.3.0-SNAPSHOT.jar:?]
	at org.apache.hadoop.ozone.protocolPB.OzoneManagerProtocolServerSideTranslatorPB.submitRequestDirectlyToOM(OzoneManagerProtocolServerSideTranslatorPB.java:276) ~[ozone-manager-1.3.0-SNAPSHOT.jar:?]
	at org.apache.hadoop.ozone.protocolPB.OzoneManagerProtocolServerSideTranslatorPB.processRequest(OzoneManagerProtocolServerSideTranslatorPB.java:205) ~[ozone-manager-1.3.0-SNAPSHOT.jar:?]
	at org.apache.hadoop.hdds.server.OzoneProtocolMessageDispatcher.processRequest(OzoneProtocolMessageDispatcher.java:87) [hdds-server-framework-1.3.0-SNAPSHOT.jar:?]
	at org.apache.hadoop.ozone.protocolPB.OzoneManagerProtocolServerSideTranslatorPB.submitRequest(OzoneManagerProtocolServerSideTranslatorPB.java:147) [ozone-manager-1.3.0-SNAPSHOT.jar:?]
	at org.apache.hadoop.ozone.protocol.proto.OzoneManagerProtocolProtos$OzoneManagerService$2.callBlockingMethod(OzoneManagerProtocolProtos.java) [ozone-interface-client-1.3.0-SNAPSHOT.jar:?]
	at org.apache.hadoop.ipc.ProtobufRpcEngine$Server.processCall(ProtobufRpcEngine.java:466) [hadoop-common-3.3.1.jar:?]
	at org.apache.hadoop.ipc.ProtobufRpcEngine2$Server$ProtoBufRpcInvoker.call(ProtobufRpcEngine2.java:574) [hadoop-common-3.3.1.jar:?]
	at org.apache.hadoop.ipc.ProtobufRpcEngine2$Server$ProtoBufRpcInvoker.call(ProtobufRpcEngine2.java:552) [hadoop-common-3.3.1.jar:?]
	at org.apache.hadoop.ipc.RPC$Server.call(RPC.java:1093) [hadoop-common-3.3.1.jar:?]
	at org.apache.hadoop.ipc.Server$RpcCall.run(Server.java:1035) [hadoop-common-3.3.1.jar:?]
	at org.apache.hadoop.ipc.Server$RpcCall.run(Server.java:963) [hadoop-common-3.3.1.jar:?]
	at java.security.AccessController.doPrivileged(Native Method) ~[?:1.8.0_332]
	at javax.security.auth.Subject.doAs(Subject.java:422) [?:1.8.0_332]
	at org.apache.hadoop.security.UserGroupInformation.doAs(UserGroupInformation.java:1878) [hadoop-common-3.3.1.jar:?]
	at org.apache.hadoop.ipc.Server$Handler.run(Server.java:2966) [hadoop-common-3.3.1.jar:?]
13:51:35.797 [IPC Server handler 15 on default port 45285] ERROR OMAudit - user=runner | ip=127.0.0.1 | op=GET_FILE_STATUS {volume=volume08033, bucket=bucket24256, key=testBatchDelete/parent/childFolder/child1, dataSize=0, replicationConfig=null} | ret=FAILURE
org.apache.hadoop.ozone.om.exceptions.OMException: Unable to get file status: volume: volume08033 bucket: bucket24256 key: testBatchDelete/parent/childFolder/child1
	at org.apache.hadoop.ozone.om.KeyManagerImpl.getOzoneFileStatus(KeyManagerImpl.java:1311) ~[ozone-manager-1.3.0-SNAPSHOT.jar:?]
	at org.apache.hadoop.ozone.om.KeyManagerImpl.getFileStatus(KeyManagerImpl.java:1241) ~[ozone-manager-1.3.0-SNAPSHOT.jar:?]
	at org.apache.hadoop.ozone.om.OzoneManager.getFileStatus(OzoneManager.java:3467) ~[ozone-manager-1.3.0-SNAPSHOT.jar:?]
	at org.apache.hadoop.ozone.protocolPB.OzoneManagerRequestHandler.getOzoneFileStatus(OzoneManagerRequestHandler.java:878) ~[ozone-manager-1.3.0-SNAPSHOT.jar:?]
	at org.apache.hadoop.ozone.protocolPB.OzoneManagerRequestHandler.handleReadRequest(OzoneManagerRequestHandler.java:224) ~[ozone-manager-1.3.0-SNAPSHOT.jar:?]
	at org.apache.hadoop.ozone.protocolPB.OzoneManagerProtocolServerSideTranslatorPB.submitRequestDirectlyToOM(OzoneManagerProtocolServerSideTranslatorPB.java:276) ~[ozone-manager-1.3.0-SNAPSHOT.jar:?]
	at org.apache.hadoop.ozone.protocolPB.OzoneManagerProtocolServerSideTranslatorPB.processRequest(OzoneManagerProtocolServerSideTranslatorPB.java:205) ~[ozone-manager-1.3.0-SNAPSHOT.jar:?]
	at org.apache.hadoop.hdds.server.OzoneProtocolMessageDispatcher.processRequest(OzoneProtocolMessageDispatcher.java:87) [hdds-server-framework-1.3.0-SNAPSHOT.jar:?]
	at org.apache.hadoop.ozone.protocolPB.OzoneManagerProtocolServerSideTranslatorPB.submitRequest(OzoneManagerProtocolServerSideTranslatorPB.java:147) [ozone-manager-1.3.0-SNAPSHOT.jar:?]
	at org.apache.hadoop.ozone.protocol.proto.OzoneManagerProtocolProtos$OzoneManagerService$2.callBlockingMethod(OzoneManagerProtocolProtos.java) [ozone-interface-client-1.3.0-SNAPSHOT.jar:?]
	at org.apache.hadoop.ipc.ProtobufRpcEngine$Server.processCall(ProtobufRpcEngine.java:466) [hadoop-common-3.3.1.jar:?]
	at org.apache.hadoop.ipc.ProtobufRpcEngine2$Server$ProtoBufRpcInvoker.call(ProtobufRpcEngine2.java:574) [hadoop-common-3.3.1.jar:?]
	at org.apache.hadoop.ipc.ProtobufRpcEngine2$Server$ProtoBufRpcInvoker.call(ProtobufRpcEngine2.java:552) [hadoop-common-3.3.1.jar:?]
	at org.apache.hadoop.ipc.RPC$Server.call(RPC.java:1093) [hadoop-common-3.3.1.jar:?]
	at org.apache.hadoop.ipc.Server$RpcCall.run(Server.java:1035) [hadoop-common-3.3.1.jar:?]
	at org.apache.hadoop.ipc.Server$RpcCall.run(Server.java:963) [hadoop-common-3.3.1.jar:?]
	at java.security.AccessController.doPrivileged(Native Method) ~[?:1.8.0_332]
	at javax.security.auth.Subject.doAs(Subject.java:422) [?:1.8.0_332]
	at org.apache.hadoop.security.UserGroupInformation.doAs(UserGroupInformation.java:1878) [hadoop-common-3.3.1.jar:?]
	at org.apache.hadoop.ipc.Server$Handler.run(Server.java:2966) [hadoop-common-3.3.1.jar:?]
13:51:35.798 [IPC Server handler 18 on default port 45285] ERROR OMAudit - user=runner | ip=127.0.0.1 | op=GET_FILE_STATUS {volume=volume08033, bucket=bucket24256, key=testBatchDelete/parent/child2, dataSize=0, replicationConfig=null} | ret=FAILURE
org.apache.hadoop.ozone.om.exceptions.OMException: Unable to get file status: volume: volume08033 bucket: bucket24256 key: testBatchDelete/parent/child2
	at org.apache.hadoop.ozone.om.KeyManagerImpl.getOzoneFileStatus(KeyManagerImpl.java:1311) ~[ozone-manager-1.3.0-SNAPSHOT.jar:?]
	at org.apache.hadoop.ozone.om.KeyManagerImpl.getFileStatus(KeyManagerImpl.java:1241) ~[ozone-manager-1.3.0-SNAPSHOT.jar:?]
	at org.apache.hadoop.ozone.om.OzoneManager.getFileStatus(OzoneManager.java:3467) ~[ozone-manager-1.3.0-SNAPSHOT.jar:?]
	at org.apache.hadoop.ozone.protocolPB.OzoneManagerRequestHandler.getOzoneFileStatus(OzoneManagerRequestHandler.java:878) ~[ozone-manager-1.3.0-SNAPSHOT.jar:?]
	at org.apache.hadoop.ozone.protocolPB.OzoneManagerRequestHandler.handleReadRequest(OzoneManagerRequestHandler.java:224) ~[ozone-manager-1.3.0-SNAPSHOT.jar:?]
	at org.apache.hadoop.ozone.protocolPB.OzoneManagerProtocolServerSideTranslatorPB.submitRequestDirectlyToOM(OzoneManagerProtocolServerSideTranslatorPB.java:276) ~[ozone-manager-1.3.0-SNAPSHOT.jar:?]
	at org.apache.hadoop.ozone.protocolPB.OzoneManagerProtocolServerSideTranslatorPB.processRequest(OzoneManagerProtocolServerSideTranslatorPB.java:205) ~[ozone-manager-1.3.0-SNAPSHOT.jar:?]
	at org.apache.hadoop.hdds.server.OzoneProtocolMessageDispatcher.processRequest(OzoneProtocolMessageDispatcher.java:87) [hdds-server-framework-1.3.0-SNAPSHOT.jar:?]
	at org.apache.hadoop.ozone.protocolPB.OzoneManagerProtocolServerSideTranslatorPB.submitRequest(OzoneManagerProtocolServerSideTranslatorPB.java:147) [ozone-manager-1.3.0-SNAPSHOT.jar:?]
	at org.apache.hadoop.ozone.protocol.proto.OzoneManagerProtocolProtos$OzoneManagerService$2.callBlockingMethod(OzoneManagerProtocolProtos.java) [ozone-interface-client-1.3.0-SNAPSHOT.jar:?]
	at org.apache.hadoop.ipc.ProtobufRpcEngine$Server.processCall(ProtobufRpcEngine.java:466) [hadoop-common-3.3.1.jar:?]
	at org.apache.hadoop.ipc.ProtobufRpcEngine2$Server$ProtoBufRpcInvoker.call(ProtobufRpcEngine2.java:574) [hadoop-common-3.3.1.jar:?]
	at org.apache.hadoop.ipc.ProtobufRpcEngine2$Server$ProtoBufRpcInvoker.call(ProtobufRpcEngine2.java:552) [hadoop-common-3.3.1.jar:?]
	at org.apache.hadoop.ipc.RPC$Server.call(RPC.java:1093) [hadoop-common-3.3.1.jar:?]
	at org.apache.hadoop.ipc.Server$RpcCall.run(Server.java:1035) [hadoop-common-3.3.1.jar:?]
	at org.apache.hadoop.ipc.Server$RpcCall.run(Server.java:963) [hadoop-common-3.3.1.jar:?]
	at java.security.AccessController.doPrivileged(Native Method) ~[?:1.8.0_332]
	at javax.security.auth.Subject.doAs(Subject.java:422) [?:1.8.0_332]
	at org.apache.hadoop.security.UserGroupInformation.doAs(UserGroupInformation.java:1878) [hadoop-common-3.3.1.jar:?]
	at org.apache.hadoop.ipc.Server$Handler.run(Server.java:2966) [hadoop-common-3.3.1.jar:?]
13:51:35.798 [IPC Server handler 17 on default port 45285] ERROR OMAudit - user=runner | ip=127.0.0.1 | op=GET_FILE_STATUS {volume=volume08033, bucket=bucket24256, key=testBatchDelete/parent/childFolder/child2, dataSize=0, replicationConfig=null} | ret=FAILURE
org.apache.hadoop.ozone.om.exceptions.OMException: Unable to get file status: volume: volume08033 bucket: bucket24256 key: testBatchDelete/parent/childFolder/child2
	at org.apache.hadoop.ozone.om.KeyManagerImpl.getOzoneFileStatus(KeyManagerImpl.java:1311) ~[ozone-manager-1.3.0-SNAPSHOT.jar:?]
	at org.apache.hadoop.ozone.om.KeyManagerImpl.getFileStatus(KeyManagerImpl.java:1241) ~[ozone-manager-1.3.0-SNAPSHOT.jar:?]
	at org.apache.hadoop.ozone.om.OzoneManager.getFileStatus(OzoneManager.java:3467) ~[ozone-manager-1.3.0-SNAPSHOT.jar:?]
	at org.apache.hadoop.ozone.protocolPB.OzoneManagerRequestHandler.getOzoneFileStatus(OzoneManagerRequestHandler.java:878) ~[ozone-manager-1.3.0-SNAPSHOT.jar:?]
	at org.apache.hadoop.ozone.protocolPB.OzoneManagerRequestHandler.handleReadRequest(OzoneManagerRequestHandler.java:224) ~[ozone-manager-1.3.0-SNAPSHOT.jar:?]
	at org.apache.hadoop.ozone.protocolPB.OzoneManagerProtocolServerSideTranslatorPB.submitRequestDirectlyToOM(OzoneManagerProtocolServerSideTranslatorPB.java:276) ~[ozone-manager-1.3.0-SNAPSHOT.jar:?]
	at org.apache.hadoop.ozone.protocolPB.OzoneManagerProtocolServerSideTranslatorPB.processRequest(OzoneManagerProtocolServerSideTranslatorPB.java:205) ~[ozone-manager-1.3.0-SNAPSHOT.jar:?]
	at org.apache.hadoop.hdds.server.OzoneProtocolMessageDispatcher.processRequest(OzoneProtocolMessageDispatcher.java:87) [hdds-server-framework-1.3.0-SNAPSHOT.jar:?]
	at org.apache.hadoop.ozone.protocolPB.OzoneManagerProtocolServerSideTranslatorPB.submitRequest(OzoneManagerProtocolServerSideTranslatorPB.java:147) [ozone-manager-1.3.0-SNAPSHOT.jar:?]
	at org.apache.hadoop.ozone.protocol.proto.OzoneManagerProtocolProtos$OzoneManagerService$2.callBlockingMethod(OzoneManagerProtocolProtos.java) [ozone-interface-client-1.3.0-SNAPSHOT.jar:?]
	at org.apache.hadoop.ipc.ProtobufRpcEngine$Server.processCall(ProtobufRpcEngine.java:466) [hadoop-common-3.3.1.jar:?]
	at org.apache.hadoop.ipc.ProtobufRpcEngine2$Server$ProtoBufRpcInvoker.call(ProtobufRpcEngine2.java:574) [hadoop-common-3.3.1.jar:?]
	at org.apache.hadoop.ipc.ProtobufRpcEngine2$Server$ProtoBufRpcInvoker.call(ProtobufRpcEngine2.java:552) [hadoop-common-3.3.1.jar:?]
	at org.apache.hadoop.ipc.RPC$Server.call(RPC.java:1093) [hadoop-common-3.3.1.jar:?]
	at org.apache.hadoop.ipc.Server$RpcCall.run(Server.java:1035) [hadoop-common-3.3.1.jar:?]
	at org.apache.hadoop.ipc.Server$RpcCall.run(Server.java:963) [hadoop-common-3.3.1.jar:?]
	at java.security.AccessController.doPrivileged(Native Method) ~[?:1.8.0_332]
	at javax.security.auth.Subject.doAs(Subject.java:422) [?:1.8.0_332]
	at org.apache.hadoop.security.UserGroupInformation.doAs(UserGroupInformation.java:1878) [hadoop-common-3.3.1.jar:?]
	at org.apache.hadoop.ipc.Server$Handler.run(Server.java:2966) [hadoop-common-3.3.1.jar:?]
13:51:35.799 [IPC Server handler 2 on default port 45285] ERROR OMAudit - user=runner | ip=127.0.0.1 | op=GET_FILE_STATUS {volume=volume08033, bucket=bucket24256, key=testBatchDelete/parent/child3, dataSize=0, replicationConfig=null} | ret=FAILURE
org.apache.hadoop.ozone.om.exceptions.OMException: Unable to get file status: volume: volume08033 bucket: bucket24256 key: testBatchDelete/parent/child3
	at org.apache.hadoop.ozone.om.KeyManagerImpl.getOzoneFileStatus(KeyManagerImpl.java:1311) ~[ozone-manager-1.3.0-SNAPSHOT.jar:?]
	at org.apache.hadoop.ozone.om.KeyManagerImpl.getFileStatus(KeyManagerImpl.java:1241) ~[ozone-manager-1.3.0-SNAPSHOT.jar:?]
	at org.apache.hadoop.ozone.om.OzoneManager.getFileStatus(OzoneManager.java:3467) ~[ozone-manager-1.3.0-SNAPSHOT.jar:?]
	at org.apache.hadoop.ozone.protocolPB.OzoneManagerRequestHandler.getOzoneFileStatus(OzoneManagerRequestHandler.java:878) ~[ozone-manager-1.3.0-SNAPSHOT.jar:?]
	at org.apache.hadoop.ozone.protocolPB.OzoneManagerRequestHandler.handleReadRequest(OzoneManagerRequestHandler.java:224) ~[ozone-manager-1.3.0-SNAPSHOT.jar:?]
	at org.apache.hadoop.ozone.protocolPB.OzoneManagerProtocolServerSideTranslatorPB.submitRequestDirectlyToOM(OzoneManagerProtocolServerSideTranslatorPB.java:276) ~[ozone-manager-1.3.0-SNAPSHOT.jar:?]
	at org.apache.hadoop.ozone.protocolPB.OzoneManagerProtocolServerSideTranslatorPB.processRequest(OzoneManagerProtocolServerSideTranslatorPB.java:205) ~[ozone-manager-1.3.0-SNAPSHOT.jar:?]
	at org.apache.hadoop.hdds.server.OzoneProtocolMessageDispatcher.processRequest(OzoneProtocolMessageDispatcher.java:87) [hdds-server-framework-1.3.0-SNAPSHOT.jar:?]
	at org.apache.hadoop.ozone.protocolPB.OzoneManagerProtocolServerSideTranslatorPB.submitRequest(OzoneManagerProtocolServerSideTranslatorPB.java:147) [ozone-manager-1.3.0-SNAPSHOT.jar:?]
	at org.apache.hadoop.ozone.protocol.proto.OzoneManagerProtocolProtos$OzoneManagerService$2.callBlockingMethod(OzoneManagerProtocolProtos.java) [ozone-interface-client-1.3.0-SNAPSHOT.jar:?]
	at org.apache.hadoop.ipc.ProtobufRpcEngine$Server.processCall(ProtobufRpcEngine.java:466) [hadoop-common-3.3.1.jar:?]
	at org.apache.hadoop.ipc.ProtobufRpcEngine2$Server$ProtoBufRpcInvoker.call(ProtobufRpcEngine2.java:574) [hadoop-common-3.3.1.jar:?]
	at org.apache.hadoop.ipc.ProtobufRpcEngine2$Server$ProtoBufRpcInvoker.call(ProtobufRpcEngine2.java:552) [hadoop-common-3.3.1.jar:?]
	at org.apache.hadoop.ipc.RPC$Server.call(RPC.java:1093) [hadoop-common-3.3.1.jar:?]
	at org.apache.hadoop.ipc.Server$RpcCall.run(Server.java:1035) [hadoop-common-3.3.1.jar:?]
	at org.apache.hadoop.ipc.Server$RpcCall.run(Server.java:963) [hadoop-common-3.3.1.jar:?]
	at java.security.AccessController.doPrivileged(Native Method) ~[?:1.8.0_332]
	at javax.security.auth.Subject.doAs(Subject.java:422) [?:1.8.0_332]
	at org.apache.hadoop.security.UserGroupInformation.doAs(UserGroupInformation.java:1878) [hadoop-common-3.3.1.jar:?]
	at org.apache.hadoop.ipc.Server$Handler.run(Server.java:2966) [hadoop-common-3.3.1.jar:?]
13:51:35.800 [IPC Server handler 7 on default port 45285] ERROR OMAudit - user=runner | ip=127.0.0.1 | op=GET_FILE_STATUS {volume=volume08033, bucket=bucket24256, key=testBatchDelete/parent/childFolder/child3, dataSize=0, replicationConfig=null} | ret=FAILURE
org.apache.hadoop.ozone.om.exceptions.OMException: Unable to get file status: volume: volume08033 bucket: bucket24256 key: testBatchDelete/parent/childFolder/child3
	at org.apache.hadoop.ozone.om.KeyManagerImpl.getOzoneFileStatus(KeyManagerImpl.java:1311) ~[ozone-manager-1.3.0-SNAPSHOT.jar:?]
	at org.apache.hadoop.ozone.om.KeyManagerImpl.getFileStatus(KeyManagerImpl.java:1241) ~[ozone-manager-1.3.0-SNAPSHOT.jar:?]
	at org.apache.hadoop.ozone.om.OzoneManager.getFileStatus(OzoneManager.java:3467) ~[ozone-manager-1.3.0-SNAPSHOT.jar:?]
	at org.apache.hadoop.ozone.protocolPB.OzoneManagerRequestHandler.getOzoneFileStatus(OzoneManagerRequestHandler.java:878) ~[ozone-manager-1.3.0-SNAPSHOT.jar:?]
	at org.apache.hadoop.ozone.protocolPB.OzoneManagerRequestHandler.handleReadRequest(OzoneManagerRequestHandler.java:224) ~[ozone-manager-1.3.0-SNAPSHOT.jar:?]
	at org.apache.hadoop.ozone.protocolPB.OzoneManagerProtocolServerSideTranslatorPB.submitRequestDirectlyToOM(OzoneManagerProtocolServerSideTranslatorPB.java:276) ~[ozone-manager-1.3.0-SNAPSHOT.jar:?]
	at org.apache.hadoop.ozone.protocolPB.OzoneManagerProtocolServerSideTranslatorPB.processRequest(OzoneManagerProtocolServerSideTranslatorPB.java:205) ~[ozone-manager-1.3.0-SNAPSHOT.jar:?]
	at org.apache.hadoop.hdds.server.OzoneProtocolMessageDispatcher.processRequest(OzoneProtocolMessageDispatcher.java:87) [hdds-server-framework-1.3.0-SNAPSHOT.jar:?]
	at org.apache.hadoop.ozone.protocolPB.OzoneManagerProtocolServerSideTranslatorPB.submitRequest(OzoneManagerProtocolServerSideTranslatorPB.java:147) [ozone-manager-1.3.0-SNAPSHOT.jar:?]
	at org.apache.hadoop.ozone.protocol.proto.OzoneManagerProtocolProtos$OzoneManagerService$2.callBlockingMethod(OzoneManagerProtocolProtos.java) [ozone-interface-client-1.3.0-SNAPSHOT.jar:?]
	at org.apache.hadoop.ipc.ProtobufRpcEngine$Server.processCall(ProtobufRpcEngine.java:466) [hadoop-common-3.3.1.jar:?]
	at org.apache.hadoop.ipc.ProtobufRpcEngine2$Server$ProtoBufRpcInvoker.call(ProtobufRpcEngine2.java:574) [hadoop-common-3.3.1.jar:?]
	at org.apache.hadoop.ipc.ProtobufRpcEngine2$Server$ProtoBufRpcInvoker.call(ProtobufRpcEngine2.java:552) [hadoop-common-3.3.1.jar:?]
	at org.apache.hadoop.ipc.RPC$Server.call(RPC.java:1093) [hadoop-common-3.3.1.jar:?]
	at org.apache.hadoop.ipc.Server$RpcCall.run(Server.java:1035) [hadoop-common-3.3.1.jar:?]
	at org.apache.hadoop.ipc.Server$RpcCall.run(Server.java:963) [hadoop-common-3.3.1.jar:?]
	at java.security.AccessController.doPrivileged(Native Method) ~[?:1.8.0_332]
	at javax.security.auth.Subject.doAs(Subject.java:422) [?:1.8.0_332]
	at org.apache.hadoop.security.UserGroupInformation.doAs(UserGroupInformation.java:1878) [hadoop-common-3.3.1.jar:?]
	at org.apache.hadoop.ipc.Server$Handler.run(Server.java:2966) [hadoop-common-3.3.1.jar:?]
13:51:35.801 [IPC Server handler 3 on default port 45285] ERROR OMAudit - user=runner | ip=127.0.0.1 | op=GET_FILE_STATUS {volume=volume08033, bucket=bucket24256, key=testBatchDelete/parent/child4, dataSize=0, replicationConfig=null} | ret=FAILURE
org.apache.hadoop.ozone.om.exceptions.OMException: Unable to get file status: volume: volume08033 bucket: bucket24256 key: testBatchDelete/parent/child4
	at org.apache.hadoop.ozone.om.KeyManagerImpl.getOzoneFileStatus(KeyManagerImpl.java:1311) ~[ozone-manager-1.3.0-SNAPSHOT.jar:?]
	at org.apache.hadoop.ozone.om.KeyManagerImpl.getFileStatus(KeyManagerImpl.java:1241) ~[ozone-manager-1.3.0-SNAPSHOT.jar:?]
	at org.apache.hadoop.ozone.om.OzoneManager.getFileStatus(OzoneManager.java:3467) ~[ozone-manager-1.3.0-SNAPSHOT.jar:?]
	at org.apache.hadoop.ozone.protocolPB.OzoneManagerRequestHandler.getOzoneFileStatus(OzoneManagerRequestHandler.java:878) ~[ozone-manager-1.3.0-SNAPSHOT.jar:?]
	at org.apache.hadoop.ozone.protocolPB.OzoneManagerRequestHandler.handleReadRequest(OzoneManagerRequestHandler.java:224) ~[ozone-manager-1.3.0-SNAPSHOT.jar:?]
	at org.apache.hadoop.ozone.protocolPB.OzoneManagerProtocolServerSideTranslatorPB.submitRequestDirectlyToOM(OzoneManagerProtocolServerSideTranslatorPB.java:276) ~[ozone-manager-1.3.0-SNAPSHOT.jar:?]
	at org.apache.hadoop.ozone.protocolPB.OzoneManagerProtocolServerSideTranslatorPB.processRequest(OzoneManagerProtocolServerSideTranslatorPB.java:205) ~[ozone-manager-1.3.0-SNAPSHOT.jar:?]
	at org.apache.hadoop.hdds.server.OzoneProtocolMessageDispatcher.processRequest(OzoneProtocolMessageDispatcher.java:87) [hdds-server-framework-1.3.0-SNAPSHOT.jar:?]
	at org.apache.hadoop.ozone.protocolPB.OzoneManagerProtocolServerSideTranslatorPB.submitRequest(OzoneManagerProtocolServerSideTranslatorPB.java:147) [ozone-manager-1.3.0-SNAPSHOT.jar:?]
	at org.apache.hadoop.ozone.protocol.proto.OzoneManagerProtocolProtos$OzoneManagerService$2.callBlockingMethod(OzoneManagerProtocolProtos.java) [ozone-interface-client-1.3.0-SNAPSHOT.jar:?]
	at org.apache.hadoop.ipc.ProtobufRpcEngine$Server.processCall(ProtobufRpcEngine.java:466) [hadoop-common-3.3.1.jar:?]
	at org.apache.hadoop.ipc.ProtobufRpcEngine2$Server$ProtoBufRpcInvoker.call(ProtobufRpcEngine2.java:574) [hadoop-common-3.3.1.jar:?]
	at org.apache.hadoop.ipc.ProtobufRpcEngine2$Server$ProtoBufRpcInvoker.call(ProtobufRpcEngine2.java:552) [hadoop-common-3.3.1.jar:?]
	at org.apache.hadoop.ipc.RPC$Server.call(RPC.java:1093) [hadoop-common-3.3.1.jar:?]
	at org.apache.hadoop.ipc.Server$RpcCall.run(Server.java:1035) [hadoop-common-3.3.1.jar:?]
	at org.apache.hadoop.ipc.Server$RpcCall.run(Server.java:963) [hadoop-common-3.3.1.jar:?]
	at java.security.AccessController.doPrivileged(Native Method) ~[?:1.8.0_332]
	at javax.security.auth.Subject.doAs(Subject.java:422) [?:1.8.0_332]
	at org.apache.hadoop.security.UserGroupInformation.doAs(UserGroupInformation.java:1878) [hadoop-common-3.3.1.jar:?]
	at org.apache.hadoop.ipc.Server$Handler.run(Server.java:2966) [hadoop-common-3.3.1.jar:?]
13:51:35.802 [IPC Server handler 4 on default port 45285] ERROR OMAudit - user=runner | ip=127.0.0.1 | op=GET_FILE_STATUS {volume=volume08033, bucket=bucket24256, key=testBatchDelete/parent/childFolder/child4, dataSize=0, replicationConfig=null} | ret=FAILURE
org.apache.hadoop.ozone.om.exceptions.OMException: Unable to get file status: volume: volume08033 bucket: bucket24256 key: testBatchDelete/parent/childFolder/child4
	at org.apache.hadoop.ozone.om.KeyManagerImpl.getOzoneFileStatus(KeyManagerImpl.java:1311) ~[ozone-manager-1.3.0-SNAPSHOT.jar:?]
	at org.apache.hadoop.ozone.om.KeyManagerImpl.getFileStatus(KeyManagerImpl.java:1241) ~[ozone-manager-1.3.0-SNAPSHOT.jar:?]
	at org.apache.hadoop.ozone.om.OzoneManager.getFileStatus(OzoneManager.java:3467) ~[ozone-manager-1.3.0-SNAPSHOT.jar:?]
	at org.apache.hadoop.ozone.protocolPB.OzoneManagerRequestHandler.getOzoneFileStatus(OzoneManagerRequestHandler.java:878) ~[ozone-manager-1.3.0-SNAPSHOT.jar:?]
	at org.apache.hadoop.ozone.protocolPB.OzoneManagerRequestHandler.handleReadRequest(OzoneManagerRequestHandler.java:224) ~[ozone-manager-1.3.0-SNAPSHOT.jar:?]
	at org.apache.hadoop.ozone.protocolPB.OzoneManagerProtocolServerSideTranslatorPB.submitRequestDirectlyToOM(OzoneManagerProtocolServerSideTranslatorPB.java:276) ~[ozone-manager-1.3.0-SNAPSHOT.jar:?]
	at org.apache.hadoop.ozone.protocolPB.OzoneManagerProtocolServerSideTranslatorPB.processRequest(OzoneManagerProtocolServerSideTranslatorPB.java:205) ~[ozone-manager-1.3.0-SNAPSHOT.jar:?]
	at org.apache.hadoop.hdds.server.OzoneProtocolMessageDispatcher.processRequest(OzoneProtocolMessageDispatcher.java:87) [hdds-server-framework-1.3.0-SNAPSHOT.jar:?]
	at org.apache.hadoop.ozone.protocolPB.OzoneManagerProtocolServerSideTranslatorPB.submitRequest(OzoneManagerProtocolServerSideTranslatorPB.java:147) [ozone-manager-1.3.0-SNAPSHOT.jar:?]
	at org.apache.hadoop.ozone.protocol.proto.OzoneManagerProtocolProtos$OzoneManagerService$2.callBlockingMethod(OzoneManagerProtocolProtos.java) [ozone-interface-client-1.3.0-SNAPSHOT.jar:?]
	at org.apache.hadoop.ipc.ProtobufRpcEngine$Server.processCall(ProtobufRpcEngine.java:466) [hadoop-common-3.3.1.jar:?]
	at org.apache.hadoop.ipc.ProtobufRpcEngine2$Server$ProtoBufRpcInvoker.call(ProtobufRpcEngine2.java:574) [hadoop-common-3.3.1.jar:?]
	at org.apache.hadoop.ipc.ProtobufRpcEngine2$Server$ProtoBufRpcInvoker.call(ProtobufRpcEngine2.java:552) [hadoop-common-3.3.1.jar:?]
	at org.apache.hadoop.ipc.RPC$Server.call(RPC.java:1093) [hadoop-common-3.3.1.jar:?]
	at org.apache.hadoop.ipc.Server$RpcCall.run(Server.java:1035) [hadoop-common-3.3.1.jar:?]
	at org.apache.hadoop.ipc.Server$RpcCall.run(Server.java:963) [hadoop-common-3.3.1.jar:?]
	at java.security.AccessController.doPrivileged(Native Method) ~[?:1.8.0_332]
	at javax.security.auth.Subject.doAs(Subject.java:422) [?:1.8.0_332]
	at org.apache.hadoop.security.UserGroupInformation.doAs(UserGroupInformation.java:1878) [hadoop-common-3.3.1.jar:?]
	at org.apache.hadoop.ipc.Server$Handler.run(Server.java:2966) [hadoop-common-3.3.1.jar:?]
13:51:35.802 [IPC Server handler 9 on default port 45285] ERROR OMAudit - user=runner | ip=127.0.0.1 | op=GET_FILE_STATUS {volume=volume08033, bucket=bucket24256, key=testBatchDelete/parent/child5, dataSize=0, replicationConfig=null} | ret=FAILURE
org.apache.hadoop.ozone.om.exceptions.OMException: Unable to get file status: volume: volume08033 bucket: bucket24256 key: testBatchDelete/parent/child5
	at org.apache.hadoop.ozone.om.KeyManagerImpl.getOzoneFileStatus(KeyManagerImpl.java:1311) ~[ozone-manager-1.3.0-SNAPSHOT.jar:?]
	at org.apache.hadoop.ozone.om.KeyManagerImpl.getFileStatus(KeyManagerImpl.java:1241) ~[ozone-manager-1.3.0-SNAPSHOT.jar:?]
	at org.apache.hadoop.ozone.om.OzoneManager.getFileStatus(OzoneManager.java:3467) ~[ozone-manager-1.3.0-SNAPSHOT.jar:?]
	at org.apache.hadoop.ozone.protocolPB.OzoneManagerRequestHandler.getOzoneFileStatus(OzoneManagerRequestHandler.java:878) ~[ozone-manager-1.3.0-SNAPSHOT.jar:?]
	at org.apache.hadoop.ozone.protocolPB.OzoneManagerRequestHandler.handleReadRequest(OzoneManagerRequestHandler.java:224) ~[ozone-manager-1.3.0-SNAPSHOT.jar:?]
	at org.apache.hadoop.ozone.protocolPB.OzoneManagerProtocolServerSideTranslatorPB.submitRequestDirectlyToOM(OzoneManagerProtocolServerSideTranslatorPB.java:276) ~[ozone-manager-1.3.0-SNAPSHOT.jar:?]
	at org.apache.hadoop.ozone.protocolPB.OzoneManagerProtocolServerSideTranslatorPB.processRequest(OzoneManagerProtocolServerSideTranslatorPB.java:205) ~[ozone-manager-1.3.0-SNAPSHOT.jar:?]
	at org.apache.hadoop.hdds.server.OzoneProtocolMessageDispatcher.processRequest(OzoneProtocolMessageDispatcher.java:87) [hdds-server-framework-1.3.0-SNAPSHOT.jar:?]
	at org.apache.hadoop.ozone.protocolPB.OzoneManagerProtocolServerSideTranslatorPB.submitRequest(OzoneManagerProtocolServerSideTranslatorPB.java:147) [ozone-manager-1.3.0-SNAPSHOT.jar:?]
	at org.apache.hadoop.ozone.protocol.proto.OzoneManagerProtocolProtos$OzoneManagerService$2.callBlockingMethod(OzoneManagerProtocolProtos.java) [ozone-interface-client-1.3.0-SNAPSHOT.jar:?]
	at org.apache.hadoop.ipc.ProtobufRpcEngine$Server.processCall(ProtobufRpcEngine.java:466) [hadoop-common-3.3.1.jar:?]
	at org.apache.hadoop.ipc.ProtobufRpcEngine2$Server$ProtoBufRpcInvoker.call(ProtobufRpcEngine2.java:574) [hadoop-common-3.3.1.jar:?]
	at org.apache.hadoop.ipc.ProtobufRpcEngine2$Server$ProtoBufRpcInvoker.call(ProtobufRpcEngine2.java:552) [hadoop-common-3.3.1.jar:?]
	at org.apache.hadoop.ipc.RPC$Server.call(RPC.java:1093) [hadoop-common-3.3.1.jar:?]
	at org.apache.hadoop.ipc.Server$RpcCall.run(Server.java:1035) [hadoop-common-3.3.1.jar:?]
	at org.apache.hadoop.ipc.Server$RpcCall.run(Server.java:963) [hadoop-common-3.3.1.jar:?]
	at java.security.AccessController.doPrivileged(Native Method) ~[?:1.8.0_332]
	at javax.security.auth.Subject.doAs(Subject.java:422) [?:1.8.0_332]
	at org.apache.hadoop.security.UserGroupInformation.doAs(UserGroupInformation.java:1878) [hadoop-common-3.3.1.jar:?]
	at org.apache.hadoop.ipc.Server$Handler.run(Server.java:2966) [hadoop-common-3.3.1.jar:?]
13:51:35.803 [IPC Server handler 11 on default port 45285] ERROR OMAudit - user=runner | ip=127.0.0.1 | op=GET_FILE_STATUS {volume=volume08033, bucket=bucket24256, key=testBatchDelete/parent/childFolder/child5, dataSize=0, replicationConfig=null} | ret=FAILURE
org.apache.hadoop.ozone.om.exceptions.OMException: Unable to get file status: volume: volume08033 bucket: bucket24256 key: testBatchDelete/parent/childFolder/child5
	at org.apache.hadoop.ozone.om.KeyManagerImpl.getOzoneFileStatus(KeyManagerImpl.java:1311) ~[ozone-manager-1.3.0-SNAPSHOT.jar:?]
	at org.apache.hadoop.ozone.om.KeyManagerImpl.getFileStatus(KeyManagerImpl.java:1241) ~[ozone-manager-1.3.0-SNAPSHOT.jar:?]
	at org.apache.hadoop.ozone.om.OzoneManager.getFileStatus(OzoneManager.java:3467) ~[ozone-manager-1.3.0-SNAPSHOT.jar:?]
	at org.apache.hadoop.ozone.protocolPB.OzoneManagerRequestHandler.getOzoneFileStatus(OzoneManagerRequestHandler.java:878) ~[ozone-manager-1.3.0-SNAPSHOT.jar:?]
	at org.apache.hadoop.ozone.protocolPB.OzoneManagerRequestHandler.handleReadRequest(OzoneManagerRequestHandler.java:224) ~[ozone-manager-1.3.0-SNAPSHOT.jar:?]
	at org.apache.hadoop.ozone.protocolPB.OzoneManagerProtocolServerSideTranslatorPB.submitRequestDirectlyToOM(OzoneManagerProtocolServerSideTranslatorPB.java:276) ~[ozone-manager-1.3.0-SNAPSHOT.jar:?]
	at org.apache.hadoop.ozone.protocolPB.OzoneManagerProtocolServerSideTranslatorPB.processRequest(OzoneManagerProtocolServerSideTranslatorPB.java:205) ~[ozone-manager-1.3.0-SNAPSHOT.jar:?]
	at org.apache.hadoop.hdds.server.OzoneProtocolMessageDispatcher.processRequest(OzoneProtocolMessageDispatcher.java:87) [hdds-server-framework-1.3.0-SNAPSHOT.jar:?]
	at org.apache.hadoop.ozone.protocolPB.OzoneManagerProtocolServerSideTranslatorPB.submitRequest(OzoneManagerProtocolServerSideTranslatorPB.java:147) [ozone-manager-1.3.0-SNAPSHOT.jar:?]
	at org.apache.hadoop.ozone.protocol.proto.OzoneManagerProtocolProtos$OzoneManagerService$2.callBlockingMethod(OzoneManagerProtocolProtos.java) [ozone-interface-client-1.3.0-SNAPSHOT.jar:?]
	at org.apache.hadoop.ipc.ProtobufRpcEngine$Server.processCall(ProtobufRpcEngine.java:466) [hadoop-common-3.3.1.jar:?]
	at org.apache.hadoop.ipc.ProtobufRpcEngine2$Server$ProtoBufRpcInvoker.call(ProtobufRpcEngine2.java:574) [hadoop-common-3.3.1.jar:?]
	at org.apache.hadoop.ipc.ProtobufRpcEngine2$Server$ProtoBufRpcInvoker.call(ProtobufRpcEngine2.java:552) [hadoop-common-3.3.1.jar:?]
	at org.apache.hadoop.ipc.RPC$Server.call(RPC.java:1093) [hadoop-common-3.3.1.jar:?]
	at org.apache.hadoop.ipc.Server$RpcCall.run(Server.java:1035) [hadoop-common-3.3.1.jar:?]
	at org.apache.hadoop.ipc.Server$RpcCall.run(Server.java:963) [hadoop-common-3.3.1.jar:?]
	at java.security.AccessController.doPrivileged(Native Method) ~[?:1.8.0_332]
	at javax.security.auth.Subject.doAs(Subject.java:422) [?:1.8.0_332]
	at org.apache.hadoop.security.UserGroupInformation.doAs(UserGroupInformation.java:1878) [hadoop-common-3.3.1.jar:?]
	at org.apache.hadoop.ipc.Server$Handler.run(Server.java:2966) [hadoop-common-3.3.1.jar:?]
13:51:35.804 [IPC Server handler 13 on default port 45285] ERROR OMAudit - user=runner | ip=127.0.0.1 | op=GET_FILE_STATUS {volume=volume08033, bucket=bucket24256, key=testBatchDelete/parent/child6, dataSize=0, replicationConfig=null} | ret=FAILURE
org.apache.hadoop.ozone.om.exceptions.OMException: Unable to get file status: volume: volume08033 bucket: bucket24256 key: testBatchDelete/parent/child6
	at org.apache.hadoop.ozone.om.KeyManagerImpl.getOzoneFileStatus(KeyManagerImpl.java:1311) ~[ozone-manager-1.3.0-SNAPSHOT.jar:?]
	at org.apache.hadoop.ozone.om.KeyManagerImpl.getFileStatus(KeyManagerImpl.java:1241) ~[ozone-manager-1.3.0-SNAPSHOT.jar:?]
	at org.apache.hadoop.ozone.om.OzoneManager.getFileStatus(OzoneManager.java:3467) ~[ozone-manager-1.3.0-SNAPSHOT.jar:?]
	at org.apache.hadoop.ozone.protocolPB.OzoneManagerRequestHandler.getOzoneFileStatus(OzoneManagerRequestHandler.java:878) ~[ozone-manager-1.3.0-SNAPSHOT.jar:?]
	at org.apache.hadoop.ozone.protocolPB.OzoneManagerRequestHandler.handleReadRequest(OzoneManagerRequestHandler.java:224) ~[ozone-manager-1.3.0-SNAPSHOT.jar:?]
	at org.apache.hadoop.ozone.protocolPB.OzoneManagerProtocolServerSideTranslatorPB.submitRequestDirectlyToOM(OzoneManagerProtocolServerSideTranslatorPB.java:276) ~[ozone-manager-1.3.0-SNAPSHOT.jar:?]
	at org.apache.hadoop.ozone.protocolPB.OzoneManagerProtocolServerSideTranslatorPB.processRequest(OzoneManagerProtocolServerSideTranslatorPB.java:205) ~[ozone-manager-1.3.0-SNAPSHOT.jar:?]
	at org.apache.hadoop.hdds.server.OzoneProtocolMessageDispatcher.processRequest(OzoneProtocolMessageDispatcher.java:87) [hdds-server-framework-1.3.0-SNAPSHOT.jar:?]
	at org.apache.hadoop.ozone.protocolPB.OzoneManagerProtocolServerSideTranslatorPB.submitRequest(OzoneManagerProtocolServerSideTranslatorPB.java:147) [ozone-manager-1.3.0-SNAPSHOT.jar:?]
	at org.apache.hadoop.ozone.protocol.proto.OzoneManagerProtocolProtos$OzoneManagerService$2.callBlockingMethod(OzoneManagerProtocolProtos.java) [ozone-interface-client-1.3.0-SNAPSHOT.jar:?]
	at org.apache.hadoop.ipc.ProtobufRpcEngine$Server.processCall(ProtobufRpcEngine.java:466) [hadoop-common-3.3.1.jar:?]
	at org.apache.hadoop.ipc.ProtobufRpcEngine2$Server$ProtoBufRpcInvoker.call(ProtobufRpcEngine2.java:574) [hadoop-common-3.3.1.jar:?]
	at org.apache.hadoop.ipc.ProtobufRpcEngine2$Server$ProtoBufRpcInvoker.call(ProtobufRpcEngine2.java:552) [hadoop-common-3.3.1.jar:?]
	at org.apache.hadoop.ipc.RPC$Server.call(RPC.java:1093) [hadoop-common-3.3.1.jar:?]
	at org.apache.hadoop.ipc.Server$RpcCall.run(Server.java:1035) [hadoop-common-3.3.1.jar:?]
	at org.apache.hadoop.ipc.Server$RpcCall.run(Server.java:963) [hadoop-common-3.3.1.jar:?]
	at java.security.AccessController.doPrivileged(Native Method) ~[?:1.8.0_332]
	at javax.security.auth.Subject.doAs(Subject.java:422) [?:1.8.0_332]
	at org.apache.hadoop.security.UserGroupInformation.doAs(UserGroupInformation.java:1878) [hadoop-common-3.3.1.jar:?]
	at org.apache.hadoop.ipc.Server$Handler.run(Server.java:2966) [hadoop-common-3.3.1.jar:?]
13:51:35.805 [IPC Server handler 15 on default port 45285] ERROR OMAudit - user=runner | ip=127.0.0.1 | op=GET_FILE_STATUS {volume=volume08033, bucket=bucket24256, key=testBatchDelete/parent/childFolder/child6, dataSize=0, replicationConfig=null} | ret=FAILURE
org.apache.hadoop.ozone.om.exceptions.OMException: Unable to get file status: volume: volume08033 bucket: bucket24256 key: testBatchDelete/parent/childFolder/child6
	at org.apache.hadoop.ozone.om.KeyManagerImpl.getOzoneFileStatus(KeyManagerImpl.java:1311) ~[ozone-manager-1.3.0-SNAPSHOT.jar:?]
	at org.apache.hadoop.ozone.om.KeyManagerImpl.getFileStatus(KeyManagerImpl.java:1241) ~[ozone-manager-1.3.0-SNAPSHOT.jar:?]
	at org.apache.hadoop.ozone.om.OzoneManager.getFileStatus(OzoneManager.java:3467) ~[ozone-manager-1.3.0-SNAPSHOT.jar:?]
	at org.apache.hadoop.ozone.protocolPB.OzoneManagerRequestHandler.getOzoneFileStatus(OzoneManagerRequestHandler.java:878) ~[ozone-manager-1.3.0-SNAPSHOT.jar:?]
	at org.apache.hadoop.ozone.protocolPB.OzoneManagerRequestHandler.handleReadRequest(OzoneManagerRequestHandler.java:224) ~[ozone-manager-1.3.0-SNAPSHOT.jar:?]
	at org.apache.hadoop.ozone.protocolPB.OzoneManagerProtocolServerSideTranslatorPB.submitRequestDirectlyToOM(OzoneManagerProtocolServerSideTranslatorPB.java:276) ~[ozone-manager-1.3.0-SNAPSHOT.jar:?]
	at org.apache.hadoop.ozone.protocolPB.OzoneManagerProtocolServerSideTranslatorPB.processRequest(OzoneManagerProtocolServerSideTranslatorPB.java:205) ~[ozone-manager-1.3.0-SNAPSHOT.jar:?]
	at org.apache.hadoop.hdds.server.OzoneProtocolMessageDispatcher.processRequest(OzoneProtocolMessageDispatcher.java:87) [hdds-server-framework-1.3.0-SNAPSHOT.jar:?]
	at org.apache.hadoop.ozone.protocolPB.OzoneManagerProtocolServerSideTranslatorPB.submitRequest(OzoneManagerProtocolServerSideTranslatorPB.java:147) [ozone-manager-1.3.0-SNAPSHOT.jar:?]
	at org.apache.hadoop.ozone.protocol.proto.OzoneManagerProtocolProtos$OzoneManagerService$2.callBlockingMethod(OzoneManagerProtocolProtos.java) [ozone-interface-client-1.3.0-SNAPSHOT.jar:?]
	at org.apache.hadoop.ipc.ProtobufRpcEngine$Server.processCall(ProtobufRpcEngine.java:466) [hadoop-common-3.3.1.jar:?]
	at org.apache.hadoop.ipc.ProtobufRpcEngine2$Server$ProtoBufRpcInvoker.call(ProtobufRpcEngine2.java:574) [hadoop-common-3.3.1.jar:?]
	at org.apache.hadoop.ipc.ProtobufRpcEngine2$Server$ProtoBufRpcInvoker.call(ProtobufRpcEngine2.java:552) [hadoop-common-3.3.1.jar:?]
	at org.apache.hadoop.ipc.RPC$Server.call(RPC.java:1093) [hadoop-common-3.3.1.jar:?]
	at org.apache.hadoop.ipc.Server$RpcCall.run(Server.java:1035) [hadoop-common-3.3.1.jar:?]
	at org.apache.hadoop.ipc.Server$RpcCall.run(Server.java:963) [hadoop-common-3.3.1.jar:?]
	at java.security.AccessController.doPrivileged(Native Method) ~[?:1.8.0_332]
	at javax.security.auth.Subject.doAs(Subject.java:422) [?:1.8.0_332]
	at org.apache.hadoop.security.UserGroupInformation.doAs(UserGroupInformation.java:1878) [hadoop-common-3.3.1.jar:?]
	at org.apache.hadoop.ipc.Server$Handler.run(Server.java:2966) [hadoop-common-3.3.1.jar:?]
13:51:35.805 [IPC Server handler 18 on default port 45285] ERROR OMAudit - user=runner | ip=127.0.0.1 | op=GET_FILE_STATUS {volume=volume08033, bucket=bucket24256, key=testBatchDelete/parent/child7, dataSize=0, replicationConfig=null} | ret=FAILURE
org.apache.hadoop.ozone.om.exceptions.OMException: Unable to get file status: volume: volume08033 bucket: bucket24256 key: testBatchDelete/parent/child7
	at org.apache.hadoop.ozone.om.KeyManagerImpl.getOzoneFileStatus(KeyManagerImpl.java:1311) ~[ozone-manager-1.3.0-SNAPSHOT.jar:?]
	at org.apache.hadoop.ozone.om.KeyManagerImpl.getFileStatus(KeyManagerImpl.java:1241) ~[ozone-manager-1.3.0-SNAPSHOT.jar:?]
	at org.apache.hadoop.ozone.om.OzoneManager.getFileStatus(OzoneManager.java:3467) ~[ozone-manager-1.3.0-SNAPSHOT.jar:?]
	at org.apache.hadoop.ozone.protocolPB.OzoneManagerRequestHandler.getOzoneFileStatus(OzoneManagerRequestHandler.java:878) ~[ozone-manager-1.3.0-SNAPSHOT.jar:?]
	at org.apache.hadoop.ozone.protocolPB.OzoneManagerRequestHandler.handleReadRequest(OzoneManagerRequestHandler.java:224) ~[ozone-manager-1.3.0-SNAPSHOT.jar:?]
	at org.apache.hadoop.ozone.protocolPB.OzoneManagerProtocolServerSideTranslatorPB.submitRequestDirectlyToOM(OzoneManagerProtocolServerSideTranslatorPB.java:276) ~[ozone-manager-1.3.0-SNAPSHOT.jar:?]
	at org.apache.hadoop.ozone.protocolPB.OzoneManagerProtocolServerSideTranslatorPB.processRequest(OzoneManagerProtocolServerSideTranslatorPB.java:205) ~[ozone-manager-1.3.0-SNAPSHOT.jar:?]
	at org.apache.hadoop.hdds.server.OzoneProtocolMessageDispatcher.processRequest(OzoneProtocolMessageDispatcher.java:87) [hdds-server-framework-1.3.0-SNAPSHOT.jar:?]
	at org.apache.hadoop.ozone.protocolPB.OzoneManagerProtocolServerSideTranslatorPB.submitRequest(OzoneManagerProtocolServerSideTranslatorPB.java:147) [ozone-manager-1.3.0-SNAPSHOT.jar:?]
	at org.apache.hadoop.ozone.protocol.proto.OzoneManagerProtocolProtos$OzoneManagerService$2.callBlockingMethod(OzoneManagerProtocolProtos.java) [ozone-interface-client-1.3.0-SNAPSHOT.jar:?]
	at org.apache.hadoop.ipc.ProtobufRpcEngine$Server.processCall(ProtobufRpcEngine.java:466) [hadoop-common-3.3.1.jar:?]
	at org.apache.hadoop.ipc.ProtobufRpcEngine2$Server$ProtoBufRpcInvoker.call(ProtobufRpcEngine2.java:574) [hadoop-common-3.3.1.jar:?]
	at org.apache.hadoop.ipc.ProtobufRpcEngine2$Server$ProtoBufRpcInvoker.call(ProtobufRpcEngine2.java:552) [hadoop-common-3.3.1.jar:?]
	at org.apache.hadoop.ipc.RPC$Server.call(RPC.java:1093) [hadoop-common-3.3.1.jar:?]
	at org.apache.hadoop.ipc.Server$RpcCall.run(Server.java:1035) [hadoop-common-3.3.1.jar:?]
	at org.apache.hadoop.ipc.Server$RpcCall.run(Server.java:963) [hadoop-common-3.3.1.jar:?]
	at java.security.AccessController.doPrivileged(Native Method) ~[?:1.8.0_332]
	at javax.security.auth.Subject.doAs(Subject.java:422) [?:1.8.0_332]
	at org.apache.hadoop.security.UserGroupInformation.doAs(UserGroupInformation.java:1878) [hadoop-common-3.3.1.jar:?]
	at org.apache.hadoop.ipc.Server$Handler.run(Server.java:2966) [hadoop-common-3.3.1.jar:?]
13:51:35.807 [IPC Server handler 17 on default port 45285] ERROR OMAudit - user=runner | ip=127.0.0.1 | op=GET_FILE_STATUS {volume=volume08033, bucket=bucket24256, key=testBatchDelete/parent/childFolder/child7, dataSize=0, replicationConfig=null} | ret=FAILURE
org.apache.hadoop.ozone.om.exceptions.OMException: Unable to get file status: volume: volume08033 bucket: bucket24256 key: testBatchDelete/parent/childFolder/child7
	at org.apache.hadoop.ozone.om.KeyManagerImpl.getOzoneFileStatus(KeyManagerImpl.java:1311) ~[ozone-manager-1.3.0-SNAPSHOT.jar:?]
	at org.apache.hadoop.ozone.om.KeyManagerImpl.getFileStatus(KeyManagerImpl.java:1241) ~[ozone-manager-1.3.0-SNAPSHOT.jar:?]
	at org.apache.hadoop.ozone.om.OzoneManager.getFileStatus(OzoneManager.java:3467) ~[ozone-manager-1.3.0-SNAPSHOT.jar:?]
	at org.apache.hadoop.ozone.protocolPB.OzoneManagerRequestHandler.getOzoneFileStatus(OzoneManagerRequestHandler.java:878) ~[ozone-manager-1.3.0-SNAPSHOT.jar:?]
	at org.apache.hadoop.ozone.protocolPB.OzoneManagerRequestHandler.handleReadRequest(OzoneManagerRequestHandler.java:224) ~[ozone-manager-1.3.0-SNAPSHOT.jar:?]
	at org.apache.hadoop.ozone.protocolPB.OzoneManagerProtocolServerSideTranslatorPB.submitRequestDirectlyToOM(OzoneManagerProtocolServerSideTranslatorPB.java:276) ~[ozone-manager-1.3.0-SNAPSHOT.jar:?]
	at org.apache.hadoop.ozone.protocolPB.OzoneManagerProtocolServerSideTranslatorPB.processRequest(OzoneManagerProtocolServerSideTranslatorPB.java:205) ~[ozone-manager-1.3.0-SNAPSHOT.jar:?]
	at org.apache.hadoop.hdds.server.OzoneProtocolMessageDispatcher.processRequest(OzoneProtocolMessageDispatcher.java:87) [hdds-server-framework-1.3.0-SNAPSHOT.jar:?]
	at org.apache.hadoop.ozone.protocolPB.OzoneManagerProtocolServerSideTranslatorPB.submitRequest(OzoneManagerProtocolServerSideTranslatorPB.java:147) [ozone-manager-1.3.0-SNAPSHOT.jar:?]
	at org.apache.hadoop.ozone.protocol.proto.OzoneManagerProtocolProtos$OzoneManagerService$2.callBlockingMethod(OzoneManagerProtocolProtos.java) [ozone-interface-client-1.3.0-SNAPSHOT.jar:?]
	at org.apache.hadoop.ipc.ProtobufRpcEngine$Server.processCall(ProtobufRpcEngine.java:466) [hadoop-common-3.3.1.jar:?]
	at org.apache.hadoop.ipc.ProtobufRpcEngine2$Server$ProtoBufRpcInvoker.call(ProtobufRpcEngine2.java:574) [hadoop-common-3.3.1.jar:?]
	at org.apache.hadoop.ipc.ProtobufRpcEngine2$Server$ProtoBufRpcInvoker.call(ProtobufRpcEngine2.java:552) [hadoop-common-3.3.1.jar:?]
	at org.apache.hadoop.ipc.RPC$Server.call(RPC.java:1093) [hadoop-common-3.3.1.jar:?]
	at org.apache.hadoop.ipc.Server$RpcCall.run(Server.java:1035) [hadoop-common-3.3.1.jar:?]
	at org.apache.hadoop.ipc.Server$RpcCall.run(Server.java:963) [hadoop-common-3.3.1.jar:?]
	at java.security.AccessController.doPrivileged(Native Method) ~[?:1.8.0_332]
	at javax.security.auth.Subject.doAs(Subject.java:422) [?:1.8.0_332]
	at org.apache.hadoop.security.UserGroupInformation.doAs(UserGroupInformation.java:1878) [hadoop-common-3.3.1.jar:?]
	at org.apache.hadoop.ipc.Server$Handler.run(Server.java:2966) [hadoop-common-3.3.1.jar:?]
13:51:35.808 [IPC Server handler 2 on default port 45285] ERROR OMAudit - user=runner | ip=127.0.0.1 | op=GET_FILE_STATUS {volume=volume08033, bucket=bucket24256, key=testBatchDelete/parent, dataSize=0, replicationConfig=null} | ret=FAILURE
org.apache.hadoop.ozone.om.exceptions.OMException: Unable to get file status: volume: volume08033 bucket: bucket24256 key: testBatchDelete/parent
	at org.apache.hadoop.ozone.om.KeyManagerImpl.getOzoneFileStatus(KeyManagerImpl.java:1311) ~[ozone-manager-1.3.0-SNAPSHOT.jar:?]
	at org.apache.hadoop.ozone.om.KeyManagerImpl.getFileStatus(KeyManagerImpl.java:1241) ~[ozone-manager-1.3.0-SNAPSHOT.jar:?]
	at org.apache.hadoop.ozone.om.OzoneManager.getFileStatus(OzoneManager.java:3467) ~[ozone-manager-1.3.0-SNAPSHOT.jar:?]
	at org.apache.hadoop.ozone.protocolPB.OzoneManagerRequestHandler.getOzoneFileStatus(OzoneManagerRequestHandler.java:878) ~[ozone-manager-1.3.0-SNAPSHOT.jar:?]
	at org.apache.hadoop.ozone.protocolPB.OzoneManagerRequestHandler.handleReadRequest(OzoneManagerRequestHandler.java:224) ~[ozone-manager-1.3.0-SNAPSHOT.jar:?]
	at org.apache.hadoop.ozone.protocolPB.OzoneManagerProtocolServerSideTranslatorPB.submitRequestDirectlyToOM(OzoneManagerProtocolServerSideTranslatorPB.java:276) ~[ozone-manager-1.3.0-SNAPSHOT.jar:?]
	at org.apache.hadoop.ozone.protocolPB.OzoneManagerProtocolServerSideTranslatorPB.processRequest(OzoneManagerProtocolServerSideTranslatorPB.java:205) ~[ozone-manager-1.3.0-SNAPSHOT.jar:?]
	at org.apache.hadoop.hdds.server.OzoneProtocolMessageDispatcher.processRequest(OzoneProtocolMessageDispatcher.java:87) [hdds-server-framework-1.3.0-SNAPSHOT.jar:?]
	at org.apache.hadoop.ozone.protocolPB.OzoneManagerProtocolServerSideTranslatorPB.submitRequest(OzoneManagerProtocolServerSideTranslatorPB.java:147) [ozone-manager-1.3.0-SNAPSHOT.jar:?]
	at org.apache.hadoop.ozone.protocol.proto.OzoneManagerProtocolProtos$OzoneManagerService$2.callBlockingMethod(OzoneManagerProtocolProtos.java) [ozone-interface-client-1.3.0-SNAPSHOT.jar:?]
	at org.apache.hadoop.ipc.ProtobufRpcEngine$Server.processCall(ProtobufRpcEngine.java:466) [hadoop-common-3.3.1.jar:?]
	at org.apache.hadoop.ipc.ProtobufRpcEngine2$Server$ProtoBufRpcInvoker.call(ProtobufRpcEngine2.java:574) [hadoop-common-3.3.1.jar:?]
	at org.apache.hadoop.ipc.ProtobufRpcEngine2$Server$ProtoBufRpcInvoker.call(ProtobufRpcEngine2.java:552) [hadoop-common-3.3.1.jar:?]
	at org.apache.hadoop.ipc.RPC$Server.call(RPC.java:1093) [hadoop-common-3.3.1.jar:?]
	at org.apache.hadoop.ipc.Server$RpcCall.run(Server.java:1035) [hadoop-common-3.3.1.jar:?]
	at org.apache.hadoop.ipc.Server$RpcCall.run(Server.java:963) [hadoop-common-3.3.1.jar:?]
	at java.security.AccessController.doPrivileged(Native Method) ~[?:1.8.0_332]
	at javax.security.auth.Subject.doAs(Subject.java:422) [?:1.8.0_332]
	at org.apache.hadoop.security.UserGroupInformation.doAs(UserGroupInformation.java:1878) [hadoop-common-3.3.1.jar:?]
	at org.apache.hadoop.ipc.Server$Handler.run(Server.java:2966) [hadoop-common-3.3.1.jar:?]
2022-07-27 13:51:35,809 [Time-limited test] WARN  ozone.BasicRootedOzoneFileSystem (BasicRootedOzoneFileSystem.java:delete(572)) - delete: Path does not exist: /volume08033/bucket24256/testBatchDelete/parent
]]></system-out>
  </testcase>
  <testcase name="testFileDelete" classname="TestRootedOzoneFileSystem" time="0.409">
    <system-out><![CDATA[2022-07-27 13:52:54,063 [Time-limited test] INFO  rpc.RpcClient (RpcClient.java:createVolume(467)) - Creating Volume: volume94214, with user23611 as owner and space quota set to -1 bytes, counts quota set to -1
2022-07-27 13:52:54,064 [OM StateMachine ApplyTransaction Thread - 0] INFO  volume.OMVolumeCreateRequest (OMVolumeCreateRequest.java:validateAndUpdateCache(195)) - created volume:volume94214 for user:user23611
2022-07-27 13:52:54,065 [Time-limited test] INFO  rpc.RpcClient (RpcClient.java:createBucket(670)) - Creating Bucket: volume94214/bucket67233, with bucket layout LEGACY, runner as owner, Versioning false, Storage Type set to DISK and Encryption set to false 
2022-07-27 13:52:54,066 [OM StateMachine ApplyTransaction Thread - 0] INFO  bucket.OMBucketCreateRequest (OMBucketCreateRequest.java:validateAndUpdateCache(260)) - created bucket: bucket67233 of layout LEGACY in volume: volume94214
13:52:54.245 [IPC Server handler 9 on default port 34829] ERROR OMAudit - user=runner | ip=127.0.0.1 | op=GET_FILE_STATUS {volume=volume94214, bucket=bucket67233, key=testBatchDelete, dataSize=0, replicationConfig=null} | ret=FAILURE
org.apache.hadoop.ozone.om.exceptions.OMException: Unable to get file status: volume: volume94214 bucket: bucket67233 key: testBatchDelete
	at org.apache.hadoop.ozone.om.KeyManagerImpl.getOzoneFileStatus(KeyManagerImpl.java:1311) ~[ozone-manager-1.3.0-SNAPSHOT.jar:?]
	at org.apache.hadoop.ozone.om.KeyManagerImpl.getFileStatus(KeyManagerImpl.java:1241) ~[ozone-manager-1.3.0-SNAPSHOT.jar:?]
	at org.apache.hadoop.ozone.om.OzoneManager.getFileStatus(OzoneManager.java:3467) ~[ozone-manager-1.3.0-SNAPSHOT.jar:?]
	at org.apache.hadoop.ozone.protocolPB.OzoneManagerRequestHandler.getOzoneFileStatus(OzoneManagerRequestHandler.java:878) ~[ozone-manager-1.3.0-SNAPSHOT.jar:?]
	at org.apache.hadoop.ozone.protocolPB.OzoneManagerRequestHandler.handleReadRequest(OzoneManagerRequestHandler.java:224) ~[ozone-manager-1.3.0-SNAPSHOT.jar:?]
	at org.apache.hadoop.ozone.protocolPB.OzoneManagerProtocolServerSideTranslatorPB.submitReadRequestToOM(OzoneManagerProtocolServerSideTranslatorPB.java:226) ~[ozone-manager-1.3.0-SNAPSHOT.jar:?]
	at org.apache.hadoop.ozone.protocolPB.OzoneManagerProtocolServerSideTranslatorPB.processRequest(OzoneManagerProtocolServerSideTranslatorPB.java:175) ~[ozone-manager-1.3.0-SNAPSHOT.jar:?]
	at org.apache.hadoop.hdds.server.OzoneProtocolMessageDispatcher.processRequest(OzoneProtocolMessageDispatcher.java:87) [hdds-server-framework-1.3.0-SNAPSHOT.jar:?]
	at org.apache.hadoop.ozone.protocolPB.OzoneManagerProtocolServerSideTranslatorPB.submitRequest(OzoneManagerProtocolServerSideTranslatorPB.java:147) [ozone-manager-1.3.0-SNAPSHOT.jar:?]
	at org.apache.hadoop.ozone.protocol.proto.OzoneManagerProtocolProtos$OzoneManagerService$2.callBlockingMethod(OzoneManagerProtocolProtos.java) [ozone-interface-client-1.3.0-SNAPSHOT.jar:?]
	at org.apache.hadoop.ipc.ProtobufRpcEngine$Server.processCall(ProtobufRpcEngine.java:466) [hadoop-common-3.3.1.jar:?]
	at org.apache.hadoop.ipc.ProtobufRpcEngine2$Server$ProtoBufRpcInvoker.call(ProtobufRpcEngine2.java:574) [hadoop-common-3.3.1.jar:?]
	at org.apache.hadoop.ipc.ProtobufRpcEngine2$Server$ProtoBufRpcInvoker.call(ProtobufRpcEngine2.java:552) [hadoop-common-3.3.1.jar:?]
	at org.apache.hadoop.ipc.RPC$Server.call(RPC.java:1093) [hadoop-common-3.3.1.jar:?]
	at org.apache.hadoop.ipc.Server$RpcCall.run(Server.java:1035) [hadoop-common-3.3.1.jar:?]
	at org.apache.hadoop.ipc.Server$RpcCall.run(Server.java:963) [hadoop-common-3.3.1.jar:?]
	at java.security.AccessController.doPrivileged(Native Method) ~[?:1.8.0_332]
	at javax.security.auth.Subject.doAs(Subject.java:422) [?:1.8.0_332]
	at org.apache.hadoop.security.UserGroupInformation.doAs(UserGroupInformation.java:1878) [hadoop-common-3.3.1.jar:?]
	at org.apache.hadoop.ipc.Server$Handler.run(Server.java:2966) [hadoop-common-3.3.1.jar:?]
13:52:54.248 [IPC Server handler 17 on default port 34829] ERROR OMAudit - user=runner | ip=127.0.0.1 | op=GET_FILE_STATUS {volume=volume94214, bucket=bucket67233, key=testBatchDelete/parent/child0, dataSize=0, replicationConfig=null} | ret=FAILURE
org.apache.hadoop.ozone.om.exceptions.OMException: Unable to get file status: volume: volume94214 bucket: bucket67233 key: testBatchDelete/parent/child0
	at org.apache.hadoop.ozone.om.KeyManagerImpl.getOzoneFileStatus(KeyManagerImpl.java:1311) ~[ozone-manager-1.3.0-SNAPSHOT.jar:?]
	at org.apache.hadoop.ozone.om.KeyManagerImpl.getFileStatus(KeyManagerImpl.java:1241) ~[ozone-manager-1.3.0-SNAPSHOT.jar:?]
	at org.apache.hadoop.ozone.om.OzoneManager.getFileStatus(OzoneManager.java:3467) ~[ozone-manager-1.3.0-SNAPSHOT.jar:?]
	at org.apache.hadoop.ozone.protocolPB.OzoneManagerRequestHandler.getOzoneFileStatus(OzoneManagerRequestHandler.java:878) ~[ozone-manager-1.3.0-SNAPSHOT.jar:?]
	at org.apache.hadoop.ozone.protocolPB.OzoneManagerRequestHandler.handleReadRequest(OzoneManagerRequestHandler.java:224) ~[ozone-manager-1.3.0-SNAPSHOT.jar:?]
	at org.apache.hadoop.ozone.protocolPB.OzoneManagerProtocolServerSideTranslatorPB.submitReadRequestToOM(OzoneManagerProtocolServerSideTranslatorPB.java:226) ~[ozone-manager-1.3.0-SNAPSHOT.jar:?]
	at org.apache.hadoop.ozone.protocolPB.OzoneManagerProtocolServerSideTranslatorPB.processRequest(OzoneManagerProtocolServerSideTranslatorPB.java:175) ~[ozone-manager-1.3.0-SNAPSHOT.jar:?]
	at org.apache.hadoop.hdds.server.OzoneProtocolMessageDispatcher.processRequest(OzoneProtocolMessageDispatcher.java:87) [hdds-server-framework-1.3.0-SNAPSHOT.jar:?]
	at org.apache.hadoop.ozone.protocolPB.OzoneManagerProtocolServerSideTranslatorPB.submitRequest(OzoneManagerProtocolServerSideTranslatorPB.java:147) [ozone-manager-1.3.0-SNAPSHOT.jar:?]
	at org.apache.hadoop.ozone.protocol.proto.OzoneManagerProtocolProtos$OzoneManagerService$2.callBlockingMethod(OzoneManagerProtocolProtos.java) [ozone-interface-client-1.3.0-SNAPSHOT.jar:?]
	at org.apache.hadoop.ipc.ProtobufRpcEngine$Server.processCall(ProtobufRpcEngine.java:466) [hadoop-common-3.3.1.jar:?]
	at org.apache.hadoop.ipc.ProtobufRpcEngine2$Server$ProtoBufRpcInvoker.call(ProtobufRpcEngine2.java:574) [hadoop-common-3.3.1.jar:?]
	at org.apache.hadoop.ipc.ProtobufRpcEngine2$Server$ProtoBufRpcInvoker.call(ProtobufRpcEngine2.java:552) [hadoop-common-3.3.1.jar:?]
	at org.apache.hadoop.ipc.RPC$Server.call(RPC.java:1093) [hadoop-common-3.3.1.jar:?]
	at org.apache.hadoop.ipc.Server$RpcCall.run(Server.java:1035) [hadoop-common-3.3.1.jar:?]
	at org.apache.hadoop.ipc.Server$RpcCall.run(Server.java:963) [hadoop-common-3.3.1.jar:?]
	at java.security.AccessController.doPrivileged(Native Method) ~[?:1.8.0_332]
	at javax.security.auth.Subject.doAs(Subject.java:422) [?:1.8.0_332]
	at org.apache.hadoop.security.UserGroupInformation.doAs(UserGroupInformation.java:1878) [hadoop-common-3.3.1.jar:?]
	at org.apache.hadoop.ipc.Server$Handler.run(Server.java:2966) [hadoop-common-3.3.1.jar:?]
13:52:54.251 [IPC Server handler 15 on default port 34829] ERROR OMAudit - user=runner | ip=127.0.0.1 | op=GET_FILE_STATUS {volume=volume94214, bucket=bucket67233, key=testBatchDelete/parent/childFolder/child0, dataSize=0, replicationConfig=null} | ret=FAILURE
org.apache.hadoop.ozone.om.exceptions.OMException: Unable to get file status: volume: volume94214 bucket: bucket67233 key: testBatchDelete/parent/childFolder/child0
	at org.apache.hadoop.ozone.om.KeyManagerImpl.getOzoneFileStatus(KeyManagerImpl.java:1311) ~[ozone-manager-1.3.0-SNAPSHOT.jar:?]
	at org.apache.hadoop.ozone.om.KeyManagerImpl.getFileStatus(KeyManagerImpl.java:1241) ~[ozone-manager-1.3.0-SNAPSHOT.jar:?]
	at org.apache.hadoop.ozone.om.OzoneManager.getFileStatus(OzoneManager.java:3467) ~[ozone-manager-1.3.0-SNAPSHOT.jar:?]
	at org.apache.hadoop.ozone.protocolPB.OzoneManagerRequestHandler.getOzoneFileStatus(OzoneManagerRequestHandler.java:878) ~[ozone-manager-1.3.0-SNAPSHOT.jar:?]
	at org.apache.hadoop.ozone.protocolPB.OzoneManagerRequestHandler.handleReadRequest(OzoneManagerRequestHandler.java:224) ~[ozone-manager-1.3.0-SNAPSHOT.jar:?]
	at org.apache.hadoop.ozone.protocolPB.OzoneManagerProtocolServerSideTranslatorPB.submitReadRequestToOM(OzoneManagerProtocolServerSideTranslatorPB.java:226) ~[ozone-manager-1.3.0-SNAPSHOT.jar:?]
	at org.apache.hadoop.ozone.protocolPB.OzoneManagerProtocolServerSideTranslatorPB.processRequest(OzoneManagerProtocolServerSideTranslatorPB.java:175) ~[ozone-manager-1.3.0-SNAPSHOT.jar:?]
	at org.apache.hadoop.hdds.server.OzoneProtocolMessageDispatcher.processRequest(OzoneProtocolMessageDispatcher.java:87) [hdds-server-framework-1.3.0-SNAPSHOT.jar:?]
	at org.apache.hadoop.ozone.protocolPB.OzoneManagerProtocolServerSideTranslatorPB.submitRequest(OzoneManagerProtocolServerSideTranslatorPB.java:147) [ozone-manager-1.3.0-SNAPSHOT.jar:?]
	at org.apache.hadoop.ozone.protocol.proto.OzoneManagerProtocolProtos$OzoneManagerService$2.callBlockingMethod(OzoneManagerProtocolProtos.java) [ozone-interface-client-1.3.0-SNAPSHOT.jar:?]
	at org.apache.hadoop.ipc.ProtobufRpcEngine$Server.processCall(ProtobufRpcEngine.java:466) [hadoop-common-3.3.1.jar:?]
	at org.apache.hadoop.ipc.ProtobufRpcEngine2$Server$ProtoBufRpcInvoker.call(ProtobufRpcEngine2.java:574) [hadoop-common-3.3.1.jar:?]
	at org.apache.hadoop.ipc.ProtobufRpcEngine2$Server$ProtoBufRpcInvoker.call(ProtobufRpcEngine2.java:552) [hadoop-common-3.3.1.jar:?]
	at org.apache.hadoop.ipc.RPC$Server.call(RPC.java:1093) [hadoop-common-3.3.1.jar:?]
	at org.apache.hadoop.ipc.Server$RpcCall.run(Server.java:1035) [hadoop-common-3.3.1.jar:?]
	at org.apache.hadoop.ipc.Server$RpcCall.run(Server.java:963) [hadoop-common-3.3.1.jar:?]
	at java.security.AccessController.doPrivileged(Native Method) ~[?:1.8.0_332]
	at javax.security.auth.Subject.doAs(Subject.java:422) [?:1.8.0_332]
	at org.apache.hadoop.security.UserGroupInformation.doAs(UserGroupInformation.java:1878) [hadoop-common-3.3.1.jar:?]
	at org.apache.hadoop.ipc.Server$Handler.run(Server.java:2966) [hadoop-common-3.3.1.jar:?]
13:52:54.252 [IPC Server handler 13 on default port 34829] ERROR OMAudit - user=runner | ip=127.0.0.1 | op=GET_FILE_STATUS {volume=volume94214, bucket=bucket67233, key=testBatchDelete/parent/child1, dataSize=0, replicationConfig=null} | ret=FAILURE
org.apache.hadoop.ozone.om.exceptions.OMException: Unable to get file status: volume: volume94214 bucket: bucket67233 key: testBatchDelete/parent/child1
	at org.apache.hadoop.ozone.om.KeyManagerImpl.getOzoneFileStatus(KeyManagerImpl.java:1311) ~[ozone-manager-1.3.0-SNAPSHOT.jar:?]
	at org.apache.hadoop.ozone.om.KeyManagerImpl.getFileStatus(KeyManagerImpl.java:1241) ~[ozone-manager-1.3.0-SNAPSHOT.jar:?]
	at org.apache.hadoop.ozone.om.OzoneManager.getFileStatus(OzoneManager.java:3467) ~[ozone-manager-1.3.0-SNAPSHOT.jar:?]
	at org.apache.hadoop.ozone.protocolPB.OzoneManagerRequestHandler.getOzoneFileStatus(OzoneManagerRequestHandler.java:878) ~[ozone-manager-1.3.0-SNAPSHOT.jar:?]
	at org.apache.hadoop.ozone.protocolPB.OzoneManagerRequestHandler.handleReadRequest(OzoneManagerRequestHandler.java:224) ~[ozone-manager-1.3.0-SNAPSHOT.jar:?]
	at org.apache.hadoop.ozone.protocolPB.OzoneManagerProtocolServerSideTranslatorPB.submitReadRequestToOM(OzoneManagerProtocolServerSideTranslatorPB.java:226) ~[ozone-manager-1.3.0-SNAPSHOT.jar:?]
	at org.apache.hadoop.ozone.protocolPB.OzoneManagerProtocolServerSideTranslatorPB.processRequest(OzoneManagerProtocolServerSideTranslatorPB.java:175) ~[ozone-manager-1.3.0-SNAPSHOT.jar:?]
	at org.apache.hadoop.hdds.server.OzoneProtocolMessageDispatcher.processRequest(OzoneProtocolMessageDispatcher.java:87) [hdds-server-framework-1.3.0-SNAPSHOT.jar:?]
	at org.apache.hadoop.ozone.protocolPB.OzoneManagerProtocolServerSideTranslatorPB.submitRequest(OzoneManagerProtocolServerSideTranslatorPB.java:147) [ozone-manager-1.3.0-SNAPSHOT.jar:?]
	at org.apache.hadoop.ozone.protocol.proto.OzoneManagerProtocolProtos$OzoneManagerService$2.callBlockingMethod(OzoneManagerProtocolProtos.java) [ozone-interface-client-1.3.0-SNAPSHOT.jar:?]
	at org.apache.hadoop.ipc.ProtobufRpcEngine$Server.processCall(ProtobufRpcEngine.java:466) [hadoop-common-3.3.1.jar:?]
	at org.apache.hadoop.ipc.ProtobufRpcEngine2$Server$ProtoBufRpcInvoker.call(ProtobufRpcEngine2.java:574) [hadoop-common-3.3.1.jar:?]
	at org.apache.hadoop.ipc.ProtobufRpcEngine2$Server$ProtoBufRpcInvoker.call(ProtobufRpcEngine2.java:552) [hadoop-common-3.3.1.jar:?]
	at org.apache.hadoop.ipc.RPC$Server.call(RPC.java:1093) [hadoop-common-3.3.1.jar:?]
	at org.apache.hadoop.ipc.Server$RpcCall.run(Server.java:1035) [hadoop-common-3.3.1.jar:?]
	at org.apache.hadoop.ipc.Server$RpcCall.run(Server.java:963) [hadoop-common-3.3.1.jar:?]
	at java.security.AccessController.doPrivileged(Native Method) ~[?:1.8.0_332]
	at javax.security.auth.Subject.doAs(Subject.java:422) [?:1.8.0_332]
	at org.apache.hadoop.security.UserGroupInformation.doAs(UserGroupInformation.java:1878) [hadoop-common-3.3.1.jar:?]
	at org.apache.hadoop.ipc.Server$Handler.run(Server.java:2966) [hadoop-common-3.3.1.jar:?]
13:52:54.253 [IPC Server handler 11 on default port 34829] ERROR OMAudit - user=runner | ip=127.0.0.1 | op=GET_FILE_STATUS {volume=volume94214, bucket=bucket67233, key=testBatchDelete/parent/childFolder/child1, dataSize=0, replicationConfig=null} | ret=FAILURE
org.apache.hadoop.ozone.om.exceptions.OMException: Unable to get file status: volume: volume94214 bucket: bucket67233 key: testBatchDelete/parent/childFolder/child1
	at org.apache.hadoop.ozone.om.KeyManagerImpl.getOzoneFileStatus(KeyManagerImpl.java:1311) ~[ozone-manager-1.3.0-SNAPSHOT.jar:?]
	at org.apache.hadoop.ozone.om.KeyManagerImpl.getFileStatus(KeyManagerImpl.java:1241) ~[ozone-manager-1.3.0-SNAPSHOT.jar:?]
	at org.apache.hadoop.ozone.om.OzoneManager.getFileStatus(OzoneManager.java:3467) ~[ozone-manager-1.3.0-SNAPSHOT.jar:?]
	at org.apache.hadoop.ozone.protocolPB.OzoneManagerRequestHandler.getOzoneFileStatus(OzoneManagerRequestHandler.java:878) ~[ozone-manager-1.3.0-SNAPSHOT.jar:?]
	at org.apache.hadoop.ozone.protocolPB.OzoneManagerRequestHandler.handleReadRequest(OzoneManagerRequestHandler.java:224) ~[ozone-manager-1.3.0-SNAPSHOT.jar:?]
	at org.apache.hadoop.ozone.protocolPB.OzoneManagerProtocolServerSideTranslatorPB.submitReadRequestToOM(OzoneManagerProtocolServerSideTranslatorPB.java:226) ~[ozone-manager-1.3.0-SNAPSHOT.jar:?]
	at org.apache.hadoop.ozone.protocolPB.OzoneManagerProtocolServerSideTranslatorPB.processRequest(OzoneManagerProtocolServerSideTranslatorPB.java:175) ~[ozone-manager-1.3.0-SNAPSHOT.jar:?]
	at org.apache.hadoop.hdds.server.OzoneProtocolMessageDispatcher.processRequest(OzoneProtocolMessageDispatcher.java:87) [hdds-server-framework-1.3.0-SNAPSHOT.jar:?]
	at org.apache.hadoop.ozone.protocolPB.OzoneManagerProtocolServerSideTranslatorPB.submitRequest(OzoneManagerProtocolServerSideTranslatorPB.java:147) [ozone-manager-1.3.0-SNAPSHOT.jar:?]
	at org.apache.hadoop.ozone.protocol.proto.OzoneManagerProtocolProtos$OzoneManagerService$2.callBlockingMethod(OzoneManagerProtocolProtos.java) [ozone-interface-client-1.3.0-SNAPSHOT.jar:?]
	at org.apache.hadoop.ipc.ProtobufRpcEngine$Server.processCall(ProtobufRpcEngine.java:466) [hadoop-common-3.3.1.jar:?]
	at org.apache.hadoop.ipc.ProtobufRpcEngine2$Server$ProtoBufRpcInvoker.call(ProtobufRpcEngine2.java:574) [hadoop-common-3.3.1.jar:?]
	at org.apache.hadoop.ipc.ProtobufRpcEngine2$Server$ProtoBufRpcInvoker.call(ProtobufRpcEngine2.java:552) [hadoop-common-3.3.1.jar:?]
	at org.apache.hadoop.ipc.RPC$Server.call(RPC.java:1093) [hadoop-common-3.3.1.jar:?]
	at org.apache.hadoop.ipc.Server$RpcCall.run(Server.java:1035) [hadoop-common-3.3.1.jar:?]
	at org.apache.hadoop.ipc.Server$RpcCall.run(Server.java:963) [hadoop-common-3.3.1.jar:?]
	at java.security.AccessController.doPrivileged(Native Method) ~[?:1.8.0_332]
	at javax.security.auth.Subject.doAs(Subject.java:422) [?:1.8.0_332]
	at org.apache.hadoop.security.UserGroupInformation.doAs(UserGroupInformation.java:1878) [hadoop-common-3.3.1.jar:?]
	at org.apache.hadoop.ipc.Server$Handler.run(Server.java:2966) [hadoop-common-3.3.1.jar:?]
13:52:54.253 [IPC Server handler 8 on default port 34829] ERROR OMAudit - user=runner | ip=127.0.0.1 | op=GET_FILE_STATUS {volume=volume94214, bucket=bucket67233, key=testBatchDelete/parent/child2, dataSize=0, replicationConfig=null} | ret=FAILURE
org.apache.hadoop.ozone.om.exceptions.OMException: Unable to get file status: volume: volume94214 bucket: bucket67233 key: testBatchDelete/parent/child2
	at org.apache.hadoop.ozone.om.KeyManagerImpl.getOzoneFileStatus(KeyManagerImpl.java:1311) ~[ozone-manager-1.3.0-SNAPSHOT.jar:?]
	at org.apache.hadoop.ozone.om.KeyManagerImpl.getFileStatus(KeyManagerImpl.java:1241) ~[ozone-manager-1.3.0-SNAPSHOT.jar:?]
	at org.apache.hadoop.ozone.om.OzoneManager.getFileStatus(OzoneManager.java:3467) ~[ozone-manager-1.3.0-SNAPSHOT.jar:?]
	at org.apache.hadoop.ozone.protocolPB.OzoneManagerRequestHandler.getOzoneFileStatus(OzoneManagerRequestHandler.java:878) ~[ozone-manager-1.3.0-SNAPSHOT.jar:?]
	at org.apache.hadoop.ozone.protocolPB.OzoneManagerRequestHandler.handleReadRequest(OzoneManagerRequestHandler.java:224) ~[ozone-manager-1.3.0-SNAPSHOT.jar:?]
	at org.apache.hadoop.ozone.protocolPB.OzoneManagerProtocolServerSideTranslatorPB.submitReadRequestToOM(OzoneManagerProtocolServerSideTranslatorPB.java:226) ~[ozone-manager-1.3.0-SNAPSHOT.jar:?]
	at org.apache.hadoop.ozone.protocolPB.OzoneManagerProtocolServerSideTranslatorPB.processRequest(OzoneManagerProtocolServerSideTranslatorPB.java:175) ~[ozone-manager-1.3.0-SNAPSHOT.jar:?]
	at org.apache.hadoop.hdds.server.OzoneProtocolMessageDispatcher.processRequest(OzoneProtocolMessageDispatcher.java:87) [hdds-server-framework-1.3.0-SNAPSHOT.jar:?]
	at org.apache.hadoop.ozone.protocolPB.OzoneManagerProtocolServerSideTranslatorPB.submitRequest(OzoneManagerProtocolServerSideTranslatorPB.java:147) [ozone-manager-1.3.0-SNAPSHOT.jar:?]
	at org.apache.hadoop.ozone.protocol.proto.OzoneManagerProtocolProtos$OzoneManagerService$2.callBlockingMethod(OzoneManagerProtocolProtos.java) [ozone-interface-client-1.3.0-SNAPSHOT.jar:?]
	at org.apache.hadoop.ipc.ProtobufRpcEngine$Server.processCall(ProtobufRpcEngine.java:466) [hadoop-common-3.3.1.jar:?]
	at org.apache.hadoop.ipc.ProtobufRpcEngine2$Server$ProtoBufRpcInvoker.call(ProtobufRpcEngine2.java:574) [hadoop-common-3.3.1.jar:?]
	at org.apache.hadoop.ipc.ProtobufRpcEngine2$Server$ProtoBufRpcInvoker.call(ProtobufRpcEngine2.java:552) [hadoop-common-3.3.1.jar:?]
	at org.apache.hadoop.ipc.RPC$Server.call(RPC.java:1093) [hadoop-common-3.3.1.jar:?]
	at org.apache.hadoop.ipc.Server$RpcCall.run(Server.java:1035) [hadoop-common-3.3.1.jar:?]
	at org.apache.hadoop.ipc.Server$RpcCall.run(Server.java:963) [hadoop-common-3.3.1.jar:?]
	at java.security.AccessController.doPrivileged(Native Method) ~[?:1.8.0_332]
	at javax.security.auth.Subject.doAs(Subject.java:422) [?:1.8.0_332]
	at org.apache.hadoop.security.UserGroupInformation.doAs(UserGroupInformation.java:1878) [hadoop-common-3.3.1.jar:?]
	at org.apache.hadoop.ipc.Server$Handler.run(Server.java:2966) [hadoop-common-3.3.1.jar:?]
13:52:54.254 [IPC Server handler 6 on default port 34829] ERROR OMAudit - user=runner | ip=127.0.0.1 | op=GET_FILE_STATUS {volume=volume94214, bucket=bucket67233, key=testBatchDelete/parent/childFolder/child2, dataSize=0, replicationConfig=null} | ret=FAILURE
org.apache.hadoop.ozone.om.exceptions.OMException: Unable to get file status: volume: volume94214 bucket: bucket67233 key: testBatchDelete/parent/childFolder/child2
	at org.apache.hadoop.ozone.om.KeyManagerImpl.getOzoneFileStatus(KeyManagerImpl.java:1311) ~[ozone-manager-1.3.0-SNAPSHOT.jar:?]
	at org.apache.hadoop.ozone.om.KeyManagerImpl.getFileStatus(KeyManagerImpl.java:1241) ~[ozone-manager-1.3.0-SNAPSHOT.jar:?]
	at org.apache.hadoop.ozone.om.OzoneManager.getFileStatus(OzoneManager.java:3467) ~[ozone-manager-1.3.0-SNAPSHOT.jar:?]
	at org.apache.hadoop.ozone.protocolPB.OzoneManagerRequestHandler.getOzoneFileStatus(OzoneManagerRequestHandler.java:878) ~[ozone-manager-1.3.0-SNAPSHOT.jar:?]
	at org.apache.hadoop.ozone.protocolPB.OzoneManagerRequestHandler.handleReadRequest(OzoneManagerRequestHandler.java:224) ~[ozone-manager-1.3.0-SNAPSHOT.jar:?]
	at org.apache.hadoop.ozone.protocolPB.OzoneManagerProtocolServerSideTranslatorPB.submitReadRequestToOM(OzoneManagerProtocolServerSideTranslatorPB.java:226) ~[ozone-manager-1.3.0-SNAPSHOT.jar:?]
	at org.apache.hadoop.ozone.protocolPB.OzoneManagerProtocolServerSideTranslatorPB.processRequest(OzoneManagerProtocolServerSideTranslatorPB.java:175) ~[ozone-manager-1.3.0-SNAPSHOT.jar:?]
	at org.apache.hadoop.hdds.server.OzoneProtocolMessageDispatcher.processRequest(OzoneProtocolMessageDispatcher.java:87) [hdds-server-framework-1.3.0-SNAPSHOT.jar:?]
	at org.apache.hadoop.ozone.protocolPB.OzoneManagerProtocolServerSideTranslatorPB.submitRequest(OzoneManagerProtocolServerSideTranslatorPB.java:147) [ozone-manager-1.3.0-SNAPSHOT.jar:?]
	at org.apache.hadoop.ozone.protocol.proto.OzoneManagerProtocolProtos$OzoneManagerService$2.callBlockingMethod(OzoneManagerProtocolProtos.java) [ozone-interface-client-1.3.0-SNAPSHOT.jar:?]
	at org.apache.hadoop.ipc.ProtobufRpcEngine$Server.processCall(ProtobufRpcEngine.java:466) [hadoop-common-3.3.1.jar:?]
	at org.apache.hadoop.ipc.ProtobufRpcEngine2$Server$ProtoBufRpcInvoker.call(ProtobufRpcEngine2.java:574) [hadoop-common-3.3.1.jar:?]
	at org.apache.hadoop.ipc.ProtobufRpcEngine2$Server$ProtoBufRpcInvoker.call(ProtobufRpcEngine2.java:552) [hadoop-common-3.3.1.jar:?]
	at org.apache.hadoop.ipc.RPC$Server.call(RPC.java:1093) [hadoop-common-3.3.1.jar:?]
	at org.apache.hadoop.ipc.Server$RpcCall.run(Server.java:1035) [hadoop-common-3.3.1.jar:?]
	at org.apache.hadoop.ipc.Server$RpcCall.run(Server.java:963) [hadoop-common-3.3.1.jar:?]
	at java.security.AccessController.doPrivileged(Native Method) ~[?:1.8.0_332]
	at javax.security.auth.Subject.doAs(Subject.java:422) [?:1.8.0_332]
	at org.apache.hadoop.security.UserGroupInformation.doAs(UserGroupInformation.java:1878) [hadoop-common-3.3.1.jar:?]
	at org.apache.hadoop.ipc.Server$Handler.run(Server.java:2966) [hadoop-common-3.3.1.jar:?]
13:52:54.255 [IPC Server handler 4 on default port 34829] ERROR OMAudit - user=runner | ip=127.0.0.1 | op=GET_FILE_STATUS {volume=volume94214, bucket=bucket67233, key=testBatchDelete/parent/child3, dataSize=0, replicationConfig=null} | ret=FAILURE
org.apache.hadoop.ozone.om.exceptions.OMException: Unable to get file status: volume: volume94214 bucket: bucket67233 key: testBatchDelete/parent/child3
	at org.apache.hadoop.ozone.om.KeyManagerImpl.getOzoneFileStatus(KeyManagerImpl.java:1311) ~[ozone-manager-1.3.0-SNAPSHOT.jar:?]
	at org.apache.hadoop.ozone.om.KeyManagerImpl.getFileStatus(KeyManagerImpl.java:1241) ~[ozone-manager-1.3.0-SNAPSHOT.jar:?]
	at org.apache.hadoop.ozone.om.OzoneManager.getFileStatus(OzoneManager.java:3467) ~[ozone-manager-1.3.0-SNAPSHOT.jar:?]
	at org.apache.hadoop.ozone.protocolPB.OzoneManagerRequestHandler.getOzoneFileStatus(OzoneManagerRequestHandler.java:878) ~[ozone-manager-1.3.0-SNAPSHOT.jar:?]
	at org.apache.hadoop.ozone.protocolPB.OzoneManagerRequestHandler.handleReadRequest(OzoneManagerRequestHandler.java:224) ~[ozone-manager-1.3.0-SNAPSHOT.jar:?]
	at org.apache.hadoop.ozone.protocolPB.OzoneManagerProtocolServerSideTranslatorPB.submitReadRequestToOM(OzoneManagerProtocolServerSideTranslatorPB.java:226) ~[ozone-manager-1.3.0-SNAPSHOT.jar:?]
	at org.apache.hadoop.ozone.protocolPB.OzoneManagerProtocolServerSideTranslatorPB.processRequest(OzoneManagerProtocolServerSideTranslatorPB.java:175) ~[ozone-manager-1.3.0-SNAPSHOT.jar:?]
	at org.apache.hadoop.hdds.server.OzoneProtocolMessageDispatcher.processRequest(OzoneProtocolMessageDispatcher.java:87) [hdds-server-framework-1.3.0-SNAPSHOT.jar:?]
	at org.apache.hadoop.ozone.protocolPB.OzoneManagerProtocolServerSideTranslatorPB.submitRequest(OzoneManagerProtocolServerSideTranslatorPB.java:147) [ozone-manager-1.3.0-SNAPSHOT.jar:?]
	at org.apache.hadoop.ozone.protocol.proto.OzoneManagerProtocolProtos$OzoneManagerService$2.callBlockingMethod(OzoneManagerProtocolProtos.java) [ozone-interface-client-1.3.0-SNAPSHOT.jar:?]
	at org.apache.hadoop.ipc.ProtobufRpcEngine$Server.processCall(ProtobufRpcEngine.java:466) [hadoop-common-3.3.1.jar:?]
	at org.apache.hadoop.ipc.ProtobufRpcEngine2$Server$ProtoBufRpcInvoker.call(ProtobufRpcEngine2.java:574) [hadoop-common-3.3.1.jar:?]
	at org.apache.hadoop.ipc.ProtobufRpcEngine2$Server$ProtoBufRpcInvoker.call(ProtobufRpcEngine2.java:552) [hadoop-common-3.3.1.jar:?]
	at org.apache.hadoop.ipc.RPC$Server.call(RPC.java:1093) [hadoop-common-3.3.1.jar:?]
	at org.apache.hadoop.ipc.Server$RpcCall.run(Server.java:1035) [hadoop-common-3.3.1.jar:?]
	at org.apache.hadoop.ipc.Server$RpcCall.run(Server.java:963) [hadoop-common-3.3.1.jar:?]
	at java.security.AccessController.doPrivileged(Native Method) ~[?:1.8.0_332]
	at javax.security.auth.Subject.doAs(Subject.java:422) [?:1.8.0_332]
	at org.apache.hadoop.security.UserGroupInformation.doAs(UserGroupInformation.java:1878) [hadoop-common-3.3.1.jar:?]
	at org.apache.hadoop.ipc.Server$Handler.run(Server.java:2966) [hadoop-common-3.3.1.jar:?]
13:52:54.259 [IPC Server handler 2 on default port 34829] ERROR OMAudit - user=runner | ip=127.0.0.1 | op=GET_FILE_STATUS {volume=volume94214, bucket=bucket67233, key=testBatchDelete/parent/childFolder/child3, dataSize=0, replicationConfig=null} | ret=FAILURE
org.apache.hadoop.ozone.om.exceptions.OMException: Unable to get file status: volume: volume94214 bucket: bucket67233 key: testBatchDelete/parent/childFolder/child3
	at org.apache.hadoop.ozone.om.KeyManagerImpl.getOzoneFileStatus(KeyManagerImpl.java:1311) ~[ozone-manager-1.3.0-SNAPSHOT.jar:?]
	at org.apache.hadoop.ozone.om.KeyManagerImpl.getFileStatus(KeyManagerImpl.java:1241) ~[ozone-manager-1.3.0-SNAPSHOT.jar:?]
	at org.apache.hadoop.ozone.om.OzoneManager.getFileStatus(OzoneManager.java:3467) ~[ozone-manager-1.3.0-SNAPSHOT.jar:?]
	at org.apache.hadoop.ozone.protocolPB.OzoneManagerRequestHandler.getOzoneFileStatus(OzoneManagerRequestHandler.java:878) ~[ozone-manager-1.3.0-SNAPSHOT.jar:?]
	at org.apache.hadoop.ozone.protocolPB.OzoneManagerRequestHandler.handleReadRequest(OzoneManagerRequestHandler.java:224) ~[ozone-manager-1.3.0-SNAPSHOT.jar:?]
	at org.apache.hadoop.ozone.protocolPB.OzoneManagerProtocolServerSideTranslatorPB.submitReadRequestToOM(OzoneManagerProtocolServerSideTranslatorPB.java:226) ~[ozone-manager-1.3.0-SNAPSHOT.jar:?]
	at org.apache.hadoop.ozone.protocolPB.OzoneManagerProtocolServerSideTranslatorPB.processRequest(OzoneManagerProtocolServerSideTranslatorPB.java:175) ~[ozone-manager-1.3.0-SNAPSHOT.jar:?]
	at org.apache.hadoop.hdds.server.OzoneProtocolMessageDispatcher.processRequest(OzoneProtocolMessageDispatcher.java:87) [hdds-server-framework-1.3.0-SNAPSHOT.jar:?]
	at org.apache.hadoop.ozone.protocolPB.OzoneManagerProtocolServerSideTranslatorPB.submitRequest(OzoneManagerProtocolServerSideTranslatorPB.java:147) [ozone-manager-1.3.0-SNAPSHOT.jar:?]
	at org.apache.hadoop.ozone.protocol.proto.OzoneManagerProtocolProtos$OzoneManagerService$2.callBlockingMethod(OzoneManagerProtocolProtos.java) [ozone-interface-client-1.3.0-SNAPSHOT.jar:?]
	at org.apache.hadoop.ipc.ProtobufRpcEngine$Server.processCall(ProtobufRpcEngine.java:466) [hadoop-common-3.3.1.jar:?]
	at org.apache.hadoop.ipc.ProtobufRpcEngine2$Server$ProtoBufRpcInvoker.call(ProtobufRpcEngine2.java:574) [hadoop-common-3.3.1.jar:?]
	at org.apache.hadoop.ipc.ProtobufRpcEngine2$Server$ProtoBufRpcInvoker.call(ProtobufRpcEngine2.java:552) [hadoop-common-3.3.1.jar:?]
	at org.apache.hadoop.ipc.RPC$Server.call(RPC.java:1093) [hadoop-common-3.3.1.jar:?]
	at org.apache.hadoop.ipc.Server$RpcCall.run(Server.java:1035) [hadoop-common-3.3.1.jar:?]
	at org.apache.hadoop.ipc.Server$RpcCall.run(Server.java:963) [hadoop-common-3.3.1.jar:?]
	at java.security.AccessController.doPrivileged(Native Method) ~[?:1.8.0_332]
	at javax.security.auth.Subject.doAs(Subject.java:422) [?:1.8.0_332]
	at org.apache.hadoop.security.UserGroupInformation.doAs(UserGroupInformation.java:1878) [hadoop-common-3.3.1.jar:?]
	at org.apache.hadoop.ipc.Server$Handler.run(Server.java:2966) [hadoop-common-3.3.1.jar:?]
13:52:54.260 [IPC Server handler 0 on default port 34829] ERROR OMAudit - user=runner | ip=127.0.0.1 | op=GET_FILE_STATUS {volume=volume94214, bucket=bucket67233, key=testBatchDelete/parent/child4, dataSize=0, replicationConfig=null} | ret=FAILURE
org.apache.hadoop.ozone.om.exceptions.OMException: Unable to get file status: volume: volume94214 bucket: bucket67233 key: testBatchDelete/parent/child4
	at org.apache.hadoop.ozone.om.KeyManagerImpl.getOzoneFileStatus(KeyManagerImpl.java:1311) ~[ozone-manager-1.3.0-SNAPSHOT.jar:?]
	at org.apache.hadoop.ozone.om.KeyManagerImpl.getFileStatus(KeyManagerImpl.java:1241) ~[ozone-manager-1.3.0-SNAPSHOT.jar:?]
	at org.apache.hadoop.ozone.om.OzoneManager.getFileStatus(OzoneManager.java:3467) ~[ozone-manager-1.3.0-SNAPSHOT.jar:?]
	at org.apache.hadoop.ozone.protocolPB.OzoneManagerRequestHandler.getOzoneFileStatus(OzoneManagerRequestHandler.java:878) ~[ozone-manager-1.3.0-SNAPSHOT.jar:?]
	at org.apache.hadoop.ozone.protocolPB.OzoneManagerRequestHandler.handleReadRequest(OzoneManagerRequestHandler.java:224) ~[ozone-manager-1.3.0-SNAPSHOT.jar:?]
	at org.apache.hadoop.ozone.protocolPB.OzoneManagerProtocolServerSideTranslatorPB.submitReadRequestToOM(OzoneManagerProtocolServerSideTranslatorPB.java:226) ~[ozone-manager-1.3.0-SNAPSHOT.jar:?]
	at org.apache.hadoop.ozone.protocolPB.OzoneManagerProtocolServerSideTranslatorPB.processRequest(OzoneManagerProtocolServerSideTranslatorPB.java:175) ~[ozone-manager-1.3.0-SNAPSHOT.jar:?]
	at org.apache.hadoop.hdds.server.OzoneProtocolMessageDispatcher.processRequest(OzoneProtocolMessageDispatcher.java:87) [hdds-server-framework-1.3.0-SNAPSHOT.jar:?]
	at org.apache.hadoop.ozone.protocolPB.OzoneManagerProtocolServerSideTranslatorPB.submitRequest(OzoneManagerProtocolServerSideTranslatorPB.java:147) [ozone-manager-1.3.0-SNAPSHOT.jar:?]
	at org.apache.hadoop.ozone.protocol.proto.OzoneManagerProtocolProtos$OzoneManagerService$2.callBlockingMethod(OzoneManagerProtocolProtos.java) [ozone-interface-client-1.3.0-SNAPSHOT.jar:?]
	at org.apache.hadoop.ipc.ProtobufRpcEngine$Server.processCall(ProtobufRpcEngine.java:466) [hadoop-common-3.3.1.jar:?]
	at org.apache.hadoop.ipc.ProtobufRpcEngine2$Server$ProtoBufRpcInvoker.call(ProtobufRpcEngine2.java:574) [hadoop-common-3.3.1.jar:?]
	at org.apache.hadoop.ipc.ProtobufRpcEngine2$Server$ProtoBufRpcInvoker.call(ProtobufRpcEngine2.java:552) [hadoop-common-3.3.1.jar:?]
	at org.apache.hadoop.ipc.RPC$Server.call(RPC.java:1093) [hadoop-common-3.3.1.jar:?]
	at org.apache.hadoop.ipc.Server$RpcCall.run(Server.java:1035) [hadoop-common-3.3.1.jar:?]
	at org.apache.hadoop.ipc.Server$RpcCall.run(Server.java:963) [hadoop-common-3.3.1.jar:?]
	at java.security.AccessController.doPrivileged(Native Method) ~[?:1.8.0_332]
	at javax.security.auth.Subject.doAs(Subject.java:422) [?:1.8.0_332]
	at org.apache.hadoop.security.UserGroupInformation.doAs(UserGroupInformation.java:1878) [hadoop-common-3.3.1.jar:?]
	at org.apache.hadoop.ipc.Server$Handler.run(Server.java:2966) [hadoop-common-3.3.1.jar:?]
13:52:54.261 [IPC Server handler 9 on default port 34829] ERROR OMAudit - user=runner | ip=127.0.0.1 | op=GET_FILE_STATUS {volume=volume94214, bucket=bucket67233, key=testBatchDelete/parent/childFolder/child4, dataSize=0, replicationConfig=null} | ret=FAILURE
org.apache.hadoop.ozone.om.exceptions.OMException: Unable to get file status: volume: volume94214 bucket: bucket67233 key: testBatchDelete/parent/childFolder/child4
	at org.apache.hadoop.ozone.om.KeyManagerImpl.getOzoneFileStatus(KeyManagerImpl.java:1311) ~[ozone-manager-1.3.0-SNAPSHOT.jar:?]
	at org.apache.hadoop.ozone.om.KeyManagerImpl.getFileStatus(KeyManagerImpl.java:1241) ~[ozone-manager-1.3.0-SNAPSHOT.jar:?]
	at org.apache.hadoop.ozone.om.OzoneManager.getFileStatus(OzoneManager.java:3467) ~[ozone-manager-1.3.0-SNAPSHOT.jar:?]
	at org.apache.hadoop.ozone.protocolPB.OzoneManagerRequestHandler.getOzoneFileStatus(OzoneManagerRequestHandler.java:878) ~[ozone-manager-1.3.0-SNAPSHOT.jar:?]
	at org.apache.hadoop.ozone.protocolPB.OzoneManagerRequestHandler.handleReadRequest(OzoneManagerRequestHandler.java:224) ~[ozone-manager-1.3.0-SNAPSHOT.jar:?]
	at org.apache.hadoop.ozone.protocolPB.OzoneManagerProtocolServerSideTranslatorPB.submitReadRequestToOM(OzoneManagerProtocolServerSideTranslatorPB.java:226) ~[ozone-manager-1.3.0-SNAPSHOT.jar:?]
	at org.apache.hadoop.ozone.protocolPB.OzoneManagerProtocolServerSideTranslatorPB.processRequest(OzoneManagerProtocolServerSideTranslatorPB.java:175) ~[ozone-manager-1.3.0-SNAPSHOT.jar:?]
	at org.apache.hadoop.hdds.server.OzoneProtocolMessageDispatcher.processRequest(OzoneProtocolMessageDispatcher.java:87) [hdds-server-framework-1.3.0-SNAPSHOT.jar:?]
	at org.apache.hadoop.ozone.protocolPB.OzoneManagerProtocolServerSideTranslatorPB.submitRequest(OzoneManagerProtocolServerSideTranslatorPB.java:147) [ozone-manager-1.3.0-SNAPSHOT.jar:?]
	at org.apache.hadoop.ozone.protocol.proto.OzoneManagerProtocolProtos$OzoneManagerService$2.callBlockingMethod(OzoneManagerProtocolProtos.java) [ozone-interface-client-1.3.0-SNAPSHOT.jar:?]
	at org.apache.hadoop.ipc.ProtobufRpcEngine$Server.processCall(ProtobufRpcEngine.java:466) [hadoop-common-3.3.1.jar:?]
	at org.apache.hadoop.ipc.ProtobufRpcEngine2$Server$ProtoBufRpcInvoker.call(ProtobufRpcEngine2.java:574) [hadoop-common-3.3.1.jar:?]
	at org.apache.hadoop.ipc.ProtobufRpcEngine2$Server$ProtoBufRpcInvoker.call(ProtobufRpcEngine2.java:552) [hadoop-common-3.3.1.jar:?]
	at org.apache.hadoop.ipc.RPC$Server.call(RPC.java:1093) [hadoop-common-3.3.1.jar:?]
	at org.apache.hadoop.ipc.Server$RpcCall.run(Server.java:1035) [hadoop-common-3.3.1.jar:?]
	at org.apache.hadoop.ipc.Server$RpcCall.run(Server.java:963) [hadoop-common-3.3.1.jar:?]
	at java.security.AccessController.doPrivileged(Native Method) ~[?:1.8.0_332]
	at javax.security.auth.Subject.doAs(Subject.java:422) [?:1.8.0_332]
	at org.apache.hadoop.security.UserGroupInformation.doAs(UserGroupInformation.java:1878) [hadoop-common-3.3.1.jar:?]
	at org.apache.hadoop.ipc.Server$Handler.run(Server.java:2966) [hadoop-common-3.3.1.jar:?]
13:52:54.261 [IPC Server handler 17 on default port 34829] ERROR OMAudit - user=runner | ip=127.0.0.1 | op=GET_FILE_STATUS {volume=volume94214, bucket=bucket67233, key=testBatchDelete/parent/child5, dataSize=0, replicationConfig=null} | ret=FAILURE
org.apache.hadoop.ozone.om.exceptions.OMException: Unable to get file status: volume: volume94214 bucket: bucket67233 key: testBatchDelete/parent/child5
	at org.apache.hadoop.ozone.om.KeyManagerImpl.getOzoneFileStatus(KeyManagerImpl.java:1311) ~[ozone-manager-1.3.0-SNAPSHOT.jar:?]
	at org.apache.hadoop.ozone.om.KeyManagerImpl.getFileStatus(KeyManagerImpl.java:1241) ~[ozone-manager-1.3.0-SNAPSHOT.jar:?]
	at org.apache.hadoop.ozone.om.OzoneManager.getFileStatus(OzoneManager.java:3467) ~[ozone-manager-1.3.0-SNAPSHOT.jar:?]
	at org.apache.hadoop.ozone.protocolPB.OzoneManagerRequestHandler.getOzoneFileStatus(OzoneManagerRequestHandler.java:878) ~[ozone-manager-1.3.0-SNAPSHOT.jar:?]
	at org.apache.hadoop.ozone.protocolPB.OzoneManagerRequestHandler.handleReadRequest(OzoneManagerRequestHandler.java:224) ~[ozone-manager-1.3.0-SNAPSHOT.jar:?]
	at org.apache.hadoop.ozone.protocolPB.OzoneManagerProtocolServerSideTranslatorPB.submitReadRequestToOM(OzoneManagerProtocolServerSideTranslatorPB.java:226) ~[ozone-manager-1.3.0-SNAPSHOT.jar:?]
	at org.apache.hadoop.ozone.protocolPB.OzoneManagerProtocolServerSideTranslatorPB.processRequest(OzoneManagerProtocolServerSideTranslatorPB.java:175) ~[ozone-manager-1.3.0-SNAPSHOT.jar:?]
	at org.apache.hadoop.hdds.server.OzoneProtocolMessageDispatcher.processRequest(OzoneProtocolMessageDispatcher.java:87) [hdds-server-framework-1.3.0-SNAPSHOT.jar:?]
	at org.apache.hadoop.ozone.protocolPB.OzoneManagerProtocolServerSideTranslatorPB.submitRequest(OzoneManagerProtocolServerSideTranslatorPB.java:147) [ozone-manager-1.3.0-SNAPSHOT.jar:?]
	at org.apache.hadoop.ozone.protocol.proto.OzoneManagerProtocolProtos$OzoneManagerService$2.callBlockingMethod(OzoneManagerProtocolProtos.java) [ozone-interface-client-1.3.0-SNAPSHOT.jar:?]
	at org.apache.hadoop.ipc.ProtobufRpcEngine$Server.processCall(ProtobufRpcEngine.java:466) [hadoop-common-3.3.1.jar:?]
	at org.apache.hadoop.ipc.ProtobufRpcEngine2$Server$ProtoBufRpcInvoker.call(ProtobufRpcEngine2.java:574) [hadoop-common-3.3.1.jar:?]
	at org.apache.hadoop.ipc.ProtobufRpcEngine2$Server$ProtoBufRpcInvoker.call(ProtobufRpcEngine2.java:552) [hadoop-common-3.3.1.jar:?]
	at org.apache.hadoop.ipc.RPC$Server.call(RPC.java:1093) [hadoop-common-3.3.1.jar:?]
	at org.apache.hadoop.ipc.Server$RpcCall.run(Server.java:1035) [hadoop-common-3.3.1.jar:?]
	at org.apache.hadoop.ipc.Server$RpcCall.run(Server.java:963) [hadoop-common-3.3.1.jar:?]
	at java.security.AccessController.doPrivileged(Native Method) ~[?:1.8.0_332]
	at javax.security.auth.Subject.doAs(Subject.java:422) [?:1.8.0_332]
	at org.apache.hadoop.security.UserGroupInformation.doAs(UserGroupInformation.java:1878) [hadoop-common-3.3.1.jar:?]
	at org.apache.hadoop.ipc.Server$Handler.run(Server.java:2966) [hadoop-common-3.3.1.jar:?]
13:52:54.263 [IPC Server handler 15 on default port 34829] ERROR OMAudit - user=runner | ip=127.0.0.1 | op=GET_FILE_STATUS {volume=volume94214, bucket=bucket67233, key=testBatchDelete/parent/childFolder/child5, dataSize=0, replicationConfig=null} | ret=FAILURE
org.apache.hadoop.ozone.om.exceptions.OMException: Unable to get file status: volume: volume94214 bucket: bucket67233 key: testBatchDelete/parent/childFolder/child5
	at org.apache.hadoop.ozone.om.KeyManagerImpl.getOzoneFileStatus(KeyManagerImpl.java:1311) ~[ozone-manager-1.3.0-SNAPSHOT.jar:?]
	at org.apache.hadoop.ozone.om.KeyManagerImpl.getFileStatus(KeyManagerImpl.java:1241) ~[ozone-manager-1.3.0-SNAPSHOT.jar:?]
	at org.apache.hadoop.ozone.om.OzoneManager.getFileStatus(OzoneManager.java:3467) ~[ozone-manager-1.3.0-SNAPSHOT.jar:?]
	at org.apache.hadoop.ozone.protocolPB.OzoneManagerRequestHandler.getOzoneFileStatus(OzoneManagerRequestHandler.java:878) ~[ozone-manager-1.3.0-SNAPSHOT.jar:?]
	at org.apache.hadoop.ozone.protocolPB.OzoneManagerRequestHandler.handleReadRequest(OzoneManagerRequestHandler.java:224) ~[ozone-manager-1.3.0-SNAPSHOT.jar:?]
	at org.apache.hadoop.ozone.protocolPB.OzoneManagerProtocolServerSideTranslatorPB.submitReadRequestToOM(OzoneManagerProtocolServerSideTranslatorPB.java:226) ~[ozone-manager-1.3.0-SNAPSHOT.jar:?]
	at org.apache.hadoop.ozone.protocolPB.OzoneManagerProtocolServerSideTranslatorPB.processRequest(OzoneManagerProtocolServerSideTranslatorPB.java:175) ~[ozone-manager-1.3.0-SNAPSHOT.jar:?]
	at org.apache.hadoop.hdds.server.OzoneProtocolMessageDispatcher.processRequest(OzoneProtocolMessageDispatcher.java:87) [hdds-server-framework-1.3.0-SNAPSHOT.jar:?]
	at org.apache.hadoop.ozone.protocolPB.OzoneManagerProtocolServerSideTranslatorPB.submitRequest(OzoneManagerProtocolServerSideTranslatorPB.java:147) [ozone-manager-1.3.0-SNAPSHOT.jar:?]
	at org.apache.hadoop.ozone.protocol.proto.OzoneManagerProtocolProtos$OzoneManagerService$2.callBlockingMethod(OzoneManagerProtocolProtos.java) [ozone-interface-client-1.3.0-SNAPSHOT.jar:?]
	at org.apache.hadoop.ipc.ProtobufRpcEngine$Server.processCall(ProtobufRpcEngine.java:466) [hadoop-common-3.3.1.jar:?]
	at org.apache.hadoop.ipc.ProtobufRpcEngine2$Server$ProtoBufRpcInvoker.call(ProtobufRpcEngine2.java:574) [hadoop-common-3.3.1.jar:?]
	at org.apache.hadoop.ipc.ProtobufRpcEngine2$Server$ProtoBufRpcInvoker.call(ProtobufRpcEngine2.java:552) [hadoop-common-3.3.1.jar:?]
	at org.apache.hadoop.ipc.RPC$Server.call(RPC.java:1093) [hadoop-common-3.3.1.jar:?]
	at org.apache.hadoop.ipc.Server$RpcCall.run(Server.java:1035) [hadoop-common-3.3.1.jar:?]
	at org.apache.hadoop.ipc.Server$RpcCall.run(Server.java:963) [hadoop-common-3.3.1.jar:?]
	at java.security.AccessController.doPrivileged(Native Method) ~[?:1.8.0_332]
	at javax.security.auth.Subject.doAs(Subject.java:422) [?:1.8.0_332]
	at org.apache.hadoop.security.UserGroupInformation.doAs(UserGroupInformation.java:1878) [hadoop-common-3.3.1.jar:?]
	at org.apache.hadoop.ipc.Server$Handler.run(Server.java:2966) [hadoop-common-3.3.1.jar:?]
13:52:54.263 [IPC Server handler 13 on default port 34829] ERROR OMAudit - user=runner | ip=127.0.0.1 | op=GET_FILE_STATUS {volume=volume94214, bucket=bucket67233, key=testBatchDelete/parent/child6, dataSize=0, replicationConfig=null} | ret=FAILURE
org.apache.hadoop.ozone.om.exceptions.OMException: Unable to get file status: volume: volume94214 bucket: bucket67233 key: testBatchDelete/parent/child6
	at org.apache.hadoop.ozone.om.KeyManagerImpl.getOzoneFileStatus(KeyManagerImpl.java:1311) ~[ozone-manager-1.3.0-SNAPSHOT.jar:?]
	at org.apache.hadoop.ozone.om.KeyManagerImpl.getFileStatus(KeyManagerImpl.java:1241) ~[ozone-manager-1.3.0-SNAPSHOT.jar:?]
	at org.apache.hadoop.ozone.om.OzoneManager.getFileStatus(OzoneManager.java:3467) ~[ozone-manager-1.3.0-SNAPSHOT.jar:?]
	at org.apache.hadoop.ozone.protocolPB.OzoneManagerRequestHandler.getOzoneFileStatus(OzoneManagerRequestHandler.java:878) ~[ozone-manager-1.3.0-SNAPSHOT.jar:?]
	at org.apache.hadoop.ozone.protocolPB.OzoneManagerRequestHandler.handleReadRequest(OzoneManagerRequestHandler.java:224) ~[ozone-manager-1.3.0-SNAPSHOT.jar:?]
	at org.apache.hadoop.ozone.protocolPB.OzoneManagerProtocolServerSideTranslatorPB.submitReadRequestToOM(OzoneManagerProtocolServerSideTranslatorPB.java:226) ~[ozone-manager-1.3.0-SNAPSHOT.jar:?]
	at org.apache.hadoop.ozone.protocolPB.OzoneManagerProtocolServerSideTranslatorPB.processRequest(OzoneManagerProtocolServerSideTranslatorPB.java:175) ~[ozone-manager-1.3.0-SNAPSHOT.jar:?]
	at org.apache.hadoop.hdds.server.OzoneProtocolMessageDispatcher.processRequest(OzoneProtocolMessageDispatcher.java:87) [hdds-server-framework-1.3.0-SNAPSHOT.jar:?]
	at org.apache.hadoop.ozone.protocolPB.OzoneManagerProtocolServerSideTranslatorPB.submitRequest(OzoneManagerProtocolServerSideTranslatorPB.java:147) [ozone-manager-1.3.0-SNAPSHOT.jar:?]
	at org.apache.hadoop.ozone.protocol.proto.OzoneManagerProtocolProtos$OzoneManagerService$2.callBlockingMethod(OzoneManagerProtocolProtos.java) [ozone-interface-client-1.3.0-SNAPSHOT.jar:?]
	at org.apache.hadoop.ipc.ProtobufRpcEngine$Server.processCall(ProtobufRpcEngine.java:466) [hadoop-common-3.3.1.jar:?]
	at org.apache.hadoop.ipc.ProtobufRpcEngine2$Server$ProtoBufRpcInvoker.call(ProtobufRpcEngine2.java:574) [hadoop-common-3.3.1.jar:?]
	at org.apache.hadoop.ipc.ProtobufRpcEngine2$Server$ProtoBufRpcInvoker.call(ProtobufRpcEngine2.java:552) [hadoop-common-3.3.1.jar:?]
	at org.apache.hadoop.ipc.RPC$Server.call(RPC.java:1093) [hadoop-common-3.3.1.jar:?]
	at org.apache.hadoop.ipc.Server$RpcCall.run(Server.java:1035) [hadoop-common-3.3.1.jar:?]
	at org.apache.hadoop.ipc.Server$RpcCall.run(Server.java:963) [hadoop-common-3.3.1.jar:?]
	at java.security.AccessController.doPrivileged(Native Method) ~[?:1.8.0_332]
	at javax.security.auth.Subject.doAs(Subject.java:422) [?:1.8.0_332]
	at org.apache.hadoop.security.UserGroupInformation.doAs(UserGroupInformation.java:1878) [hadoop-common-3.3.1.jar:?]
	at org.apache.hadoop.ipc.Server$Handler.run(Server.java:2966) [hadoop-common-3.3.1.jar:?]
13:52:54.264 [IPC Server handler 11 on default port 34829] ERROR OMAudit - user=runner | ip=127.0.0.1 | op=GET_FILE_STATUS {volume=volume94214, bucket=bucket67233, key=testBatchDelete/parent/childFolder/child6, dataSize=0, replicationConfig=null} | ret=FAILURE
org.apache.hadoop.ozone.om.exceptions.OMException: Unable to get file status: volume: volume94214 bucket: bucket67233 key: testBatchDelete/parent/childFolder/child6
	at org.apache.hadoop.ozone.om.KeyManagerImpl.getOzoneFileStatus(KeyManagerImpl.java:1311) ~[ozone-manager-1.3.0-SNAPSHOT.jar:?]
	at org.apache.hadoop.ozone.om.KeyManagerImpl.getFileStatus(KeyManagerImpl.java:1241) ~[ozone-manager-1.3.0-SNAPSHOT.jar:?]
	at org.apache.hadoop.ozone.om.OzoneManager.getFileStatus(OzoneManager.java:3467) ~[ozone-manager-1.3.0-SNAPSHOT.jar:?]
	at org.apache.hadoop.ozone.protocolPB.OzoneManagerRequestHandler.getOzoneFileStatus(OzoneManagerRequestHandler.java:878) ~[ozone-manager-1.3.0-SNAPSHOT.jar:?]
	at org.apache.hadoop.ozone.protocolPB.OzoneManagerRequestHandler.handleReadRequest(OzoneManagerRequestHandler.java:224) ~[ozone-manager-1.3.0-SNAPSHOT.jar:?]
	at org.apache.hadoop.ozone.protocolPB.OzoneManagerProtocolServerSideTranslatorPB.submitReadRequestToOM(OzoneManagerProtocolServerSideTranslatorPB.java:226) ~[ozone-manager-1.3.0-SNAPSHOT.jar:?]
	at org.apache.hadoop.ozone.protocolPB.OzoneManagerProtocolServerSideTranslatorPB.processRequest(OzoneManagerProtocolServerSideTranslatorPB.java:175) ~[ozone-manager-1.3.0-SNAPSHOT.jar:?]
	at org.apache.hadoop.hdds.server.OzoneProtocolMessageDispatcher.processRequest(OzoneProtocolMessageDispatcher.java:87) [hdds-server-framework-1.3.0-SNAPSHOT.jar:?]
	at org.apache.hadoop.ozone.protocolPB.OzoneManagerProtocolServerSideTranslatorPB.submitRequest(OzoneManagerProtocolServerSideTranslatorPB.java:147) [ozone-manager-1.3.0-SNAPSHOT.jar:?]
	at org.apache.hadoop.ozone.protocol.proto.OzoneManagerProtocolProtos$OzoneManagerService$2.callBlockingMethod(OzoneManagerProtocolProtos.java) [ozone-interface-client-1.3.0-SNAPSHOT.jar:?]
	at org.apache.hadoop.ipc.ProtobufRpcEngine$Server.processCall(ProtobufRpcEngine.java:466) [hadoop-common-3.3.1.jar:?]
	at org.apache.hadoop.ipc.ProtobufRpcEngine2$Server$ProtoBufRpcInvoker.call(ProtobufRpcEngine2.java:574) [hadoop-common-3.3.1.jar:?]
	at org.apache.hadoop.ipc.ProtobufRpcEngine2$Server$ProtoBufRpcInvoker.call(ProtobufRpcEngine2.java:552) [hadoop-common-3.3.1.jar:?]
	at org.apache.hadoop.ipc.RPC$Server.call(RPC.java:1093) [hadoop-common-3.3.1.jar:?]
	at org.apache.hadoop.ipc.Server$RpcCall.run(Server.java:1035) [hadoop-common-3.3.1.jar:?]
	at org.apache.hadoop.ipc.Server$RpcCall.run(Server.java:963) [hadoop-common-3.3.1.jar:?]
	at java.security.AccessController.doPrivileged(Native Method) ~[?:1.8.0_332]
	at javax.security.auth.Subject.doAs(Subject.java:422) [?:1.8.0_332]
	at org.apache.hadoop.security.UserGroupInformation.doAs(UserGroupInformation.java:1878) [hadoop-common-3.3.1.jar:?]
	at org.apache.hadoop.ipc.Server$Handler.run(Server.java:2966) [hadoop-common-3.3.1.jar:?]
13:52:54.265 [IPC Server handler 8 on default port 34829] ERROR OMAudit - user=runner | ip=127.0.0.1 | op=GET_FILE_STATUS {volume=volume94214, bucket=bucket67233, key=testBatchDelete/parent/child7, dataSize=0, replicationConfig=null} | ret=FAILURE
org.apache.hadoop.ozone.om.exceptions.OMException: Unable to get file status: volume: volume94214 bucket: bucket67233 key: testBatchDelete/parent/child7
	at org.apache.hadoop.ozone.om.KeyManagerImpl.getOzoneFileStatus(KeyManagerImpl.java:1311) ~[ozone-manager-1.3.0-SNAPSHOT.jar:?]
	at org.apache.hadoop.ozone.om.KeyManagerImpl.getFileStatus(KeyManagerImpl.java:1241) ~[ozone-manager-1.3.0-SNAPSHOT.jar:?]
	at org.apache.hadoop.ozone.om.OzoneManager.getFileStatus(OzoneManager.java:3467) ~[ozone-manager-1.3.0-SNAPSHOT.jar:?]
	at org.apache.hadoop.ozone.protocolPB.OzoneManagerRequestHandler.getOzoneFileStatus(OzoneManagerRequestHandler.java:878) ~[ozone-manager-1.3.0-SNAPSHOT.jar:?]
	at org.apache.hadoop.ozone.protocolPB.OzoneManagerRequestHandler.handleReadRequest(OzoneManagerRequestHandler.java:224) ~[ozone-manager-1.3.0-SNAPSHOT.jar:?]
	at org.apache.hadoop.ozone.protocolPB.OzoneManagerProtocolServerSideTranslatorPB.submitReadRequestToOM(OzoneManagerProtocolServerSideTranslatorPB.java:226) ~[ozone-manager-1.3.0-SNAPSHOT.jar:?]
	at org.apache.hadoop.ozone.protocolPB.OzoneManagerProtocolServerSideTranslatorPB.processRequest(OzoneManagerProtocolServerSideTranslatorPB.java:175) ~[ozone-manager-1.3.0-SNAPSHOT.jar:?]
	at org.apache.hadoop.hdds.server.OzoneProtocolMessageDispatcher.processRequest(OzoneProtocolMessageDispatcher.java:87) [hdds-server-framework-1.3.0-SNAPSHOT.jar:?]
	at org.apache.hadoop.ozone.protocolPB.OzoneManagerProtocolServerSideTranslatorPB.submitRequest(OzoneManagerProtocolServerSideTranslatorPB.java:147) [ozone-manager-1.3.0-SNAPSHOT.jar:?]
	at org.apache.hadoop.ozone.protocol.proto.OzoneManagerProtocolProtos$OzoneManagerService$2.callBlockingMethod(OzoneManagerProtocolProtos.java) [ozone-interface-client-1.3.0-SNAPSHOT.jar:?]
	at org.apache.hadoop.ipc.ProtobufRpcEngine$Server.processCall(ProtobufRpcEngine.java:466) [hadoop-common-3.3.1.jar:?]
	at org.apache.hadoop.ipc.ProtobufRpcEngine2$Server$ProtoBufRpcInvoker.call(ProtobufRpcEngine2.java:574) [hadoop-common-3.3.1.jar:?]
	at org.apache.hadoop.ipc.ProtobufRpcEngine2$Server$ProtoBufRpcInvoker.call(ProtobufRpcEngine2.java:552) [hadoop-common-3.3.1.jar:?]
	at org.apache.hadoop.ipc.RPC$Server.call(RPC.java:1093) [hadoop-common-3.3.1.jar:?]
	at org.apache.hadoop.ipc.Server$RpcCall.run(Server.java:1035) [hadoop-common-3.3.1.jar:?]
	at org.apache.hadoop.ipc.Server$RpcCall.run(Server.java:963) [hadoop-common-3.3.1.jar:?]
	at java.security.AccessController.doPrivileged(Native Method) ~[?:1.8.0_332]
	at javax.security.auth.Subject.doAs(Subject.java:422) [?:1.8.0_332]
	at org.apache.hadoop.security.UserGroupInformation.doAs(UserGroupInformation.java:1878) [hadoop-common-3.3.1.jar:?]
	at org.apache.hadoop.ipc.Server$Handler.run(Server.java:2966) [hadoop-common-3.3.1.jar:?]
13:52:54.267 [IPC Server handler 6 on default port 34829] ERROR OMAudit - user=runner | ip=127.0.0.1 | op=GET_FILE_STATUS {volume=volume94214, bucket=bucket67233, key=testBatchDelete/parent/childFolder/child7, dataSize=0, replicationConfig=null} | ret=FAILURE
org.apache.hadoop.ozone.om.exceptions.OMException: Unable to get file status: volume: volume94214 bucket: bucket67233 key: testBatchDelete/parent/childFolder/child7
	at org.apache.hadoop.ozone.om.KeyManagerImpl.getOzoneFileStatus(KeyManagerImpl.java:1311) ~[ozone-manager-1.3.0-SNAPSHOT.jar:?]
	at org.apache.hadoop.ozone.om.KeyManagerImpl.getFileStatus(KeyManagerImpl.java:1241) ~[ozone-manager-1.3.0-SNAPSHOT.jar:?]
	at org.apache.hadoop.ozone.om.OzoneManager.getFileStatus(OzoneManager.java:3467) ~[ozone-manager-1.3.0-SNAPSHOT.jar:?]
	at org.apache.hadoop.ozone.protocolPB.OzoneManagerRequestHandler.getOzoneFileStatus(OzoneManagerRequestHandler.java:878) ~[ozone-manager-1.3.0-SNAPSHOT.jar:?]
	at org.apache.hadoop.ozone.protocolPB.OzoneManagerRequestHandler.handleReadRequest(OzoneManagerRequestHandler.java:224) ~[ozone-manager-1.3.0-SNAPSHOT.jar:?]
	at org.apache.hadoop.ozone.protocolPB.OzoneManagerProtocolServerSideTranslatorPB.submitReadRequestToOM(OzoneManagerProtocolServerSideTranslatorPB.java:226) ~[ozone-manager-1.3.0-SNAPSHOT.jar:?]
	at org.apache.hadoop.ozone.protocolPB.OzoneManagerProtocolServerSideTranslatorPB.processRequest(OzoneManagerProtocolServerSideTranslatorPB.java:175) ~[ozone-manager-1.3.0-SNAPSHOT.jar:?]
	at org.apache.hadoop.hdds.server.OzoneProtocolMessageDispatcher.processRequest(OzoneProtocolMessageDispatcher.java:87) [hdds-server-framework-1.3.0-SNAPSHOT.jar:?]
	at org.apache.hadoop.ozone.protocolPB.OzoneManagerProtocolServerSideTranslatorPB.submitRequest(OzoneManagerProtocolServerSideTranslatorPB.java:147) [ozone-manager-1.3.0-SNAPSHOT.jar:?]
	at org.apache.hadoop.ozone.protocol.proto.OzoneManagerProtocolProtos$OzoneManagerService$2.callBlockingMethod(OzoneManagerProtocolProtos.java) [ozone-interface-client-1.3.0-SNAPSHOT.jar:?]
	at org.apache.hadoop.ipc.ProtobufRpcEngine$Server.processCall(ProtobufRpcEngine.java:466) [hadoop-common-3.3.1.jar:?]
	at org.apache.hadoop.ipc.ProtobufRpcEngine2$Server$ProtoBufRpcInvoker.call(ProtobufRpcEngine2.java:574) [hadoop-common-3.3.1.jar:?]
	at org.apache.hadoop.ipc.ProtobufRpcEngine2$Server$ProtoBufRpcInvoker.call(ProtobufRpcEngine2.java:552) [hadoop-common-3.3.1.jar:?]
	at org.apache.hadoop.ipc.RPC$Server.call(RPC.java:1093) [hadoop-common-3.3.1.jar:?]
	at org.apache.hadoop.ipc.Server$RpcCall.run(Server.java:1035) [hadoop-common-3.3.1.jar:?]
	at org.apache.hadoop.ipc.Server$RpcCall.run(Server.java:963) [hadoop-common-3.3.1.jar:?]
	at java.security.AccessController.doPrivileged(Native Method) ~[?:1.8.0_332]
	at javax.security.auth.Subject.doAs(Subject.java:422) [?:1.8.0_332]
	at org.apache.hadoop.security.UserGroupInformation.doAs(UserGroupInformation.java:1878) [hadoop-common-3.3.1.jar:?]
	at org.apache.hadoop.ipc.Server$Handler.run(Server.java:2966) [hadoop-common-3.3.1.jar:?]
13:52:54.268 [IPC Server handler 4 on default port 34829] ERROR OMAudit - user=runner | ip=127.0.0.1 | op=GET_FILE_STATUS {volume=volume94214, bucket=bucket67233, key=testBatchDelete/parent, dataSize=0, replicationConfig=null} | ret=FAILURE
org.apache.hadoop.ozone.om.exceptions.OMException: Unable to get file status: volume: volume94214 bucket: bucket67233 key: testBatchDelete/parent
	at org.apache.hadoop.ozone.om.KeyManagerImpl.getOzoneFileStatus(KeyManagerImpl.java:1311) ~[ozone-manager-1.3.0-SNAPSHOT.jar:?]
	at org.apache.hadoop.ozone.om.KeyManagerImpl.getFileStatus(KeyManagerImpl.java:1241) ~[ozone-manager-1.3.0-SNAPSHOT.jar:?]
	at org.apache.hadoop.ozone.om.OzoneManager.getFileStatus(OzoneManager.java:3467) ~[ozone-manager-1.3.0-SNAPSHOT.jar:?]
	at org.apache.hadoop.ozone.protocolPB.OzoneManagerRequestHandler.getOzoneFileStatus(OzoneManagerRequestHandler.java:878) ~[ozone-manager-1.3.0-SNAPSHOT.jar:?]
	at org.apache.hadoop.ozone.protocolPB.OzoneManagerRequestHandler.handleReadRequest(OzoneManagerRequestHandler.java:224) ~[ozone-manager-1.3.0-SNAPSHOT.jar:?]
	at org.apache.hadoop.ozone.protocolPB.OzoneManagerProtocolServerSideTranslatorPB.submitReadRequestToOM(OzoneManagerProtocolServerSideTranslatorPB.java:226) ~[ozone-manager-1.3.0-SNAPSHOT.jar:?]
	at org.apache.hadoop.ozone.protocolPB.OzoneManagerProtocolServerSideTranslatorPB.processRequest(OzoneManagerProtocolServerSideTranslatorPB.java:175) ~[ozone-manager-1.3.0-SNAPSHOT.jar:?]
	at org.apache.hadoop.hdds.server.OzoneProtocolMessageDispatcher.processRequest(OzoneProtocolMessageDispatcher.java:87) [hdds-server-framework-1.3.0-SNAPSHOT.jar:?]
	at org.apache.hadoop.ozone.protocolPB.OzoneManagerProtocolServerSideTranslatorPB.submitRequest(OzoneManagerProtocolServerSideTranslatorPB.java:147) [ozone-manager-1.3.0-SNAPSHOT.jar:?]
	at org.apache.hadoop.ozone.protocol.proto.OzoneManagerProtocolProtos$OzoneManagerService$2.callBlockingMethod(OzoneManagerProtocolProtos.java) [ozone-interface-client-1.3.0-SNAPSHOT.jar:?]
	at org.apache.hadoop.ipc.ProtobufRpcEngine$Server.processCall(ProtobufRpcEngine.java:466) [hadoop-common-3.3.1.jar:?]
	at org.apache.hadoop.ipc.ProtobufRpcEngine2$Server$ProtoBufRpcInvoker.call(ProtobufRpcEngine2.java:574) [hadoop-common-3.3.1.jar:?]
	at org.apache.hadoop.ipc.ProtobufRpcEngine2$Server$ProtoBufRpcInvoker.call(ProtobufRpcEngine2.java:552) [hadoop-common-3.3.1.jar:?]
	at org.apache.hadoop.ipc.RPC$Server.call(RPC.java:1093) [hadoop-common-3.3.1.jar:?]
	at org.apache.hadoop.ipc.Server$RpcCall.run(Server.java:1035) [hadoop-common-3.3.1.jar:?]
	at org.apache.hadoop.ipc.Server$RpcCall.run(Server.java:963) [hadoop-common-3.3.1.jar:?]
	at java.security.AccessController.doPrivileged(Native Method) ~[?:1.8.0_332]
	at javax.security.auth.Subject.doAs(Subject.java:422) [?:1.8.0_332]
	at org.apache.hadoop.security.UserGroupInformation.doAs(UserGroupInformation.java:1878) [hadoop-common-3.3.1.jar:?]
	at org.apache.hadoop.ipc.Server$Handler.run(Server.java:2966) [hadoop-common-3.3.1.jar:?]
2022-07-27 13:52:54,269 [Time-limited test] WARN  ozone.BasicRootedOzoneFileSystem (BasicRootedOzoneFileSystem.java:delete(572)) - delete: Path does not exist: /volume94214/bucket67233/testBatchDelete/parent
]]></system-out>
  </testcase>
  <testcase name="testFileDelete" classname="TestRootedOzoneFileSystem" time="0.377">
    <system-out><![CDATA[2022-07-27 13:54:14,382 [Time-limited test] INFO  rpc.RpcClient (RpcClient.java:createVolume(467)) - Creating Volume: volume75474, with user75464 as owner and space quota set to -1 bytes, counts quota set to -1
2022-07-27 13:54:14,391 [IPC Server handler 17 on default port 41147] INFO  volume.OMVolumeCreateRequest (OMVolumeCreateRequest.java:validateAndUpdateCache(195)) - created volume:volume75474 for user:user75464
2022-07-27 13:54:14,399 [Time-limited test] INFO  rpc.RpcClient (RpcClient.java:createBucket(670)) - Creating Bucket: volume75474/bucket60580, with bucket layout LEGACY, runner as owner, Versioning false, Storage Type set to DISK and Encryption set to false 
2022-07-27 13:54:14,400 [IPC Server handler 12 on default port 41147] INFO  bucket.OMBucketCreateRequest (OMBucketCreateRequest.java:validateAndUpdateCache(260)) - created bucket: bucket60580 of layout LEGACY in volume: volume75474
13:54:14.595 [IPC Server handler 15 on default port 41147] ERROR OMAudit - user=runner | ip=127.0.0.1 | op=GET_FILE_STATUS {volume=volume75474, bucket=bucket60580, key=testBatchDelete, dataSize=0, replicationConfig=null} | ret=FAILURE
org.apache.hadoop.ozone.om.exceptions.OMException: Unable to get file status: volume: volume75474 bucket: bucket60580 key: testBatchDelete
	at org.apache.hadoop.ozone.om.KeyManagerImpl.getOzoneFileStatus(KeyManagerImpl.java:1311) ~[ozone-manager-1.3.0-SNAPSHOT.jar:?]
	at org.apache.hadoop.ozone.om.KeyManagerImpl.getFileStatus(KeyManagerImpl.java:1241) ~[ozone-manager-1.3.0-SNAPSHOT.jar:?]
	at org.apache.hadoop.ozone.om.OzoneManager.getFileStatus(OzoneManager.java:3467) ~[ozone-manager-1.3.0-SNAPSHOT.jar:?]
	at org.apache.hadoop.ozone.protocolPB.OzoneManagerRequestHandler.getOzoneFileStatus(OzoneManagerRequestHandler.java:878) ~[ozone-manager-1.3.0-SNAPSHOT.jar:?]
	at org.apache.hadoop.ozone.protocolPB.OzoneManagerRequestHandler.handleReadRequest(OzoneManagerRequestHandler.java:224) ~[ozone-manager-1.3.0-SNAPSHOT.jar:?]
	at org.apache.hadoop.ozone.protocolPB.OzoneManagerProtocolServerSideTranslatorPB.submitRequestDirectlyToOM(OzoneManagerProtocolServerSideTranslatorPB.java:276) ~[ozone-manager-1.3.0-SNAPSHOT.jar:?]
	at org.apache.hadoop.ozone.protocolPB.OzoneManagerProtocolServerSideTranslatorPB.processRequest(OzoneManagerProtocolServerSideTranslatorPB.java:205) ~[ozone-manager-1.3.0-SNAPSHOT.jar:?]
	at org.apache.hadoop.hdds.server.OzoneProtocolMessageDispatcher.processRequest(OzoneProtocolMessageDispatcher.java:87) [hdds-server-framework-1.3.0-SNAPSHOT.jar:?]
	at org.apache.hadoop.ozone.protocolPB.OzoneManagerProtocolServerSideTranslatorPB.submitRequest(OzoneManagerProtocolServerSideTranslatorPB.java:147) [ozone-manager-1.3.0-SNAPSHOT.jar:?]
	at org.apache.hadoop.ozone.protocol.proto.OzoneManagerProtocolProtos$OzoneManagerService$2.callBlockingMethod(OzoneManagerProtocolProtos.java) [ozone-interface-client-1.3.0-SNAPSHOT.jar:?]
	at org.apache.hadoop.ipc.ProtobufRpcEngine$Server.processCall(ProtobufRpcEngine.java:466) [hadoop-common-3.3.1.jar:?]
	at org.apache.hadoop.ipc.ProtobufRpcEngine2$Server$ProtoBufRpcInvoker.call(ProtobufRpcEngine2.java:574) [hadoop-common-3.3.1.jar:?]
	at org.apache.hadoop.ipc.ProtobufRpcEngine2$Server$ProtoBufRpcInvoker.call(ProtobufRpcEngine2.java:552) [hadoop-common-3.3.1.jar:?]
	at org.apache.hadoop.ipc.RPC$Server.call(RPC.java:1093) [hadoop-common-3.3.1.jar:?]
	at org.apache.hadoop.ipc.Server$RpcCall.run(Server.java:1035) [hadoop-common-3.3.1.jar:?]
	at org.apache.hadoop.ipc.Server$RpcCall.run(Server.java:963) [hadoop-common-3.3.1.jar:?]
	at java.security.AccessController.doPrivileged(Native Method) ~[?:1.8.0_332]
	at javax.security.auth.Subject.doAs(Subject.java:422) [?:1.8.0_332]
	at org.apache.hadoop.security.UserGroupInformation.doAs(UserGroupInformation.java:1878) [hadoop-common-3.3.1.jar:?]
	at org.apache.hadoop.ipc.Server$Handler.run(Server.java:2966) [hadoop-common-3.3.1.jar:?]
13:54:14.597 [IPC Server handler 13 on default port 41147] ERROR OMAudit - user=runner | ip=127.0.0.1 | op=GET_FILE_STATUS {volume=volume75474, bucket=bucket60580, key=testBatchDelete/parent/child0, dataSize=0, replicationConfig=null} | ret=FAILURE
org.apache.hadoop.ozone.om.exceptions.OMException: Unable to get file status: volume: volume75474 bucket: bucket60580 key: testBatchDelete/parent/child0
	at org.apache.hadoop.ozone.om.KeyManagerImpl.getOzoneFileStatus(KeyManagerImpl.java:1311) ~[ozone-manager-1.3.0-SNAPSHOT.jar:?]
	at org.apache.hadoop.ozone.om.KeyManagerImpl.getFileStatus(KeyManagerImpl.java:1241) ~[ozone-manager-1.3.0-SNAPSHOT.jar:?]
	at org.apache.hadoop.ozone.om.OzoneManager.getFileStatus(OzoneManager.java:3467) ~[ozone-manager-1.3.0-SNAPSHOT.jar:?]
	at org.apache.hadoop.ozone.protocolPB.OzoneManagerRequestHandler.getOzoneFileStatus(OzoneManagerRequestHandler.java:878) ~[ozone-manager-1.3.0-SNAPSHOT.jar:?]
	at org.apache.hadoop.ozone.protocolPB.OzoneManagerRequestHandler.handleReadRequest(OzoneManagerRequestHandler.java:224) ~[ozone-manager-1.3.0-SNAPSHOT.jar:?]
	at org.apache.hadoop.ozone.protocolPB.OzoneManagerProtocolServerSideTranslatorPB.submitRequestDirectlyToOM(OzoneManagerProtocolServerSideTranslatorPB.java:276) ~[ozone-manager-1.3.0-SNAPSHOT.jar:?]
	at org.apache.hadoop.ozone.protocolPB.OzoneManagerProtocolServerSideTranslatorPB.processRequest(OzoneManagerProtocolServerSideTranslatorPB.java:205) ~[ozone-manager-1.3.0-SNAPSHOT.jar:?]
	at org.apache.hadoop.hdds.server.OzoneProtocolMessageDispatcher.processRequest(OzoneProtocolMessageDispatcher.java:87) [hdds-server-framework-1.3.0-SNAPSHOT.jar:?]
	at org.apache.hadoop.ozone.protocolPB.OzoneManagerProtocolServerSideTranslatorPB.submitRequest(OzoneManagerProtocolServerSideTranslatorPB.java:147) [ozone-manager-1.3.0-SNAPSHOT.jar:?]
	at org.apache.hadoop.ozone.protocol.proto.OzoneManagerProtocolProtos$OzoneManagerService$2.callBlockingMethod(OzoneManagerProtocolProtos.java) [ozone-interface-client-1.3.0-SNAPSHOT.jar:?]
	at org.apache.hadoop.ipc.ProtobufRpcEngine$Server.processCall(ProtobufRpcEngine.java:466) [hadoop-common-3.3.1.jar:?]
	at org.apache.hadoop.ipc.ProtobufRpcEngine2$Server$ProtoBufRpcInvoker.call(ProtobufRpcEngine2.java:574) [hadoop-common-3.3.1.jar:?]
	at org.apache.hadoop.ipc.ProtobufRpcEngine2$Server$ProtoBufRpcInvoker.call(ProtobufRpcEngine2.java:552) [hadoop-common-3.3.1.jar:?]
	at org.apache.hadoop.ipc.RPC$Server.call(RPC.java:1093) [hadoop-common-3.3.1.jar:?]
	at org.apache.hadoop.ipc.Server$RpcCall.run(Server.java:1035) [hadoop-common-3.3.1.jar:?]
	at org.apache.hadoop.ipc.Server$RpcCall.run(Server.java:963) [hadoop-common-3.3.1.jar:?]
	at java.security.AccessController.doPrivileged(Native Method) ~[?:1.8.0_332]
	at javax.security.auth.Subject.doAs(Subject.java:422) [?:1.8.0_332]
	at org.apache.hadoop.security.UserGroupInformation.doAs(UserGroupInformation.java:1878) [hadoop-common-3.3.1.jar:?]
	at org.apache.hadoop.ipc.Server$Handler.run(Server.java:2966) [hadoop-common-3.3.1.jar:?]
13:54:14.598 [IPC Server handler 0 on default port 41147] ERROR OMAudit - user=runner | ip=127.0.0.1 | op=GET_FILE_STATUS {volume=volume75474, bucket=bucket60580, key=testBatchDelete/parent/childFolder/child0, dataSize=0, replicationConfig=null} | ret=FAILURE
org.apache.hadoop.ozone.om.exceptions.OMException: Unable to get file status: volume: volume75474 bucket: bucket60580 key: testBatchDelete/parent/childFolder/child0
	at org.apache.hadoop.ozone.om.KeyManagerImpl.getOzoneFileStatus(KeyManagerImpl.java:1311) ~[ozone-manager-1.3.0-SNAPSHOT.jar:?]
	at org.apache.hadoop.ozone.om.KeyManagerImpl.getFileStatus(KeyManagerImpl.java:1241) ~[ozone-manager-1.3.0-SNAPSHOT.jar:?]
	at org.apache.hadoop.ozone.om.OzoneManager.getFileStatus(OzoneManager.java:3467) ~[ozone-manager-1.3.0-SNAPSHOT.jar:?]
	at org.apache.hadoop.ozone.protocolPB.OzoneManagerRequestHandler.getOzoneFileStatus(OzoneManagerRequestHandler.java:878) ~[ozone-manager-1.3.0-SNAPSHOT.jar:?]
	at org.apache.hadoop.ozone.protocolPB.OzoneManagerRequestHandler.handleReadRequest(OzoneManagerRequestHandler.java:224) ~[ozone-manager-1.3.0-SNAPSHOT.jar:?]
	at org.apache.hadoop.ozone.protocolPB.OzoneManagerProtocolServerSideTranslatorPB.submitRequestDirectlyToOM(OzoneManagerProtocolServerSideTranslatorPB.java:276) ~[ozone-manager-1.3.0-SNAPSHOT.jar:?]
	at org.apache.hadoop.ozone.protocolPB.OzoneManagerProtocolServerSideTranslatorPB.processRequest(OzoneManagerProtocolServerSideTranslatorPB.java:205) ~[ozone-manager-1.3.0-SNAPSHOT.jar:?]
	at org.apache.hadoop.hdds.server.OzoneProtocolMessageDispatcher.processRequest(OzoneProtocolMessageDispatcher.java:87) [hdds-server-framework-1.3.0-SNAPSHOT.jar:?]
	at org.apache.hadoop.ozone.protocolPB.OzoneManagerProtocolServerSideTranslatorPB.submitRequest(OzoneManagerProtocolServerSideTranslatorPB.java:147) [ozone-manager-1.3.0-SNAPSHOT.jar:?]
	at org.apache.hadoop.ozone.protocol.proto.OzoneManagerProtocolProtos$OzoneManagerService$2.callBlockingMethod(OzoneManagerProtocolProtos.java) [ozone-interface-client-1.3.0-SNAPSHOT.jar:?]
	at org.apache.hadoop.ipc.ProtobufRpcEngine$Server.processCall(ProtobufRpcEngine.java:466) [hadoop-common-3.3.1.jar:?]
	at org.apache.hadoop.ipc.ProtobufRpcEngine2$Server$ProtoBufRpcInvoker.call(ProtobufRpcEngine2.java:574) [hadoop-common-3.3.1.jar:?]
	at org.apache.hadoop.ipc.ProtobufRpcEngine2$Server$ProtoBufRpcInvoker.call(ProtobufRpcEngine2.java:552) [hadoop-common-3.3.1.jar:?]
	at org.apache.hadoop.ipc.RPC$Server.call(RPC.java:1093) [hadoop-common-3.3.1.jar:?]
	at org.apache.hadoop.ipc.Server$RpcCall.run(Server.java:1035) [hadoop-common-3.3.1.jar:?]
	at org.apache.hadoop.ipc.Server$RpcCall.run(Server.java:963) [hadoop-common-3.3.1.jar:?]
	at java.security.AccessController.doPrivileged(Native Method) ~[?:1.8.0_332]
	at javax.security.auth.Subject.doAs(Subject.java:422) [?:1.8.0_332]
	at org.apache.hadoop.security.UserGroupInformation.doAs(UserGroupInformation.java:1878) [hadoop-common-3.3.1.jar:?]
	at org.apache.hadoop.ipc.Server$Handler.run(Server.java:2966) [hadoop-common-3.3.1.jar:?]
13:54:14.600 [IPC Server handler 17 on default port 41147] ERROR OMAudit - user=runner | ip=127.0.0.1 | op=GET_FILE_STATUS {volume=volume75474, bucket=bucket60580, key=testBatchDelete/parent/child1, dataSize=0, replicationConfig=null} | ret=FAILURE
org.apache.hadoop.ozone.om.exceptions.OMException: Unable to get file status: volume: volume75474 bucket: bucket60580 key: testBatchDelete/parent/child1
	at org.apache.hadoop.ozone.om.KeyManagerImpl.getOzoneFileStatus(KeyManagerImpl.java:1311) ~[ozone-manager-1.3.0-SNAPSHOT.jar:?]
	at org.apache.hadoop.ozone.om.KeyManagerImpl.getFileStatus(KeyManagerImpl.java:1241) ~[ozone-manager-1.3.0-SNAPSHOT.jar:?]
	at org.apache.hadoop.ozone.om.OzoneManager.getFileStatus(OzoneManager.java:3467) ~[ozone-manager-1.3.0-SNAPSHOT.jar:?]
	at org.apache.hadoop.ozone.protocolPB.OzoneManagerRequestHandler.getOzoneFileStatus(OzoneManagerRequestHandler.java:878) ~[ozone-manager-1.3.0-SNAPSHOT.jar:?]
	at org.apache.hadoop.ozone.protocolPB.OzoneManagerRequestHandler.handleReadRequest(OzoneManagerRequestHandler.java:224) ~[ozone-manager-1.3.0-SNAPSHOT.jar:?]
	at org.apache.hadoop.ozone.protocolPB.OzoneManagerProtocolServerSideTranslatorPB.submitRequestDirectlyToOM(OzoneManagerProtocolServerSideTranslatorPB.java:276) ~[ozone-manager-1.3.0-SNAPSHOT.jar:?]
	at org.apache.hadoop.ozone.protocolPB.OzoneManagerProtocolServerSideTranslatorPB.processRequest(OzoneManagerProtocolServerSideTranslatorPB.java:205) ~[ozone-manager-1.3.0-SNAPSHOT.jar:?]
	at org.apache.hadoop.hdds.server.OzoneProtocolMessageDispatcher.processRequest(OzoneProtocolMessageDispatcher.java:87) [hdds-server-framework-1.3.0-SNAPSHOT.jar:?]
	at org.apache.hadoop.ozone.protocolPB.OzoneManagerProtocolServerSideTranslatorPB.submitRequest(OzoneManagerProtocolServerSideTranslatorPB.java:147) [ozone-manager-1.3.0-SNAPSHOT.jar:?]
	at org.apache.hadoop.ozone.protocol.proto.OzoneManagerProtocolProtos$OzoneManagerService$2.callBlockingMethod(OzoneManagerProtocolProtos.java) [ozone-interface-client-1.3.0-SNAPSHOT.jar:?]
	at org.apache.hadoop.ipc.ProtobufRpcEngine$Server.processCall(ProtobufRpcEngine.java:466) [hadoop-common-3.3.1.jar:?]
	at org.apache.hadoop.ipc.ProtobufRpcEngine2$Server$ProtoBufRpcInvoker.call(ProtobufRpcEngine2.java:574) [hadoop-common-3.3.1.jar:?]
	at org.apache.hadoop.ipc.ProtobufRpcEngine2$Server$ProtoBufRpcInvoker.call(ProtobufRpcEngine2.java:552) [hadoop-common-3.3.1.jar:?]
	at org.apache.hadoop.ipc.RPC$Server.call(RPC.java:1093) [hadoop-common-3.3.1.jar:?]
	at org.apache.hadoop.ipc.Server$RpcCall.run(Server.java:1035) [hadoop-common-3.3.1.jar:?]
	at org.apache.hadoop.ipc.Server$RpcCall.run(Server.java:963) [hadoop-common-3.3.1.jar:?]
	at java.security.AccessController.doPrivileged(Native Method) ~[?:1.8.0_332]
	at javax.security.auth.Subject.doAs(Subject.java:422) [?:1.8.0_332]
	at org.apache.hadoop.security.UserGroupInformation.doAs(UserGroupInformation.java:1878) [hadoop-common-3.3.1.jar:?]
	at org.apache.hadoop.ipc.Server$Handler.run(Server.java:2966) [hadoop-common-3.3.1.jar:?]
13:54:14.601 [IPC Server handler 12 on default port 41147] ERROR OMAudit - user=runner | ip=127.0.0.1 | op=GET_FILE_STATUS {volume=volume75474, bucket=bucket60580, key=testBatchDelete/parent/childFolder/child1, dataSize=0, replicationConfig=null} | ret=FAILURE
org.apache.hadoop.ozone.om.exceptions.OMException: Unable to get file status: volume: volume75474 bucket: bucket60580 key: testBatchDelete/parent/childFolder/child1
	at org.apache.hadoop.ozone.om.KeyManagerImpl.getOzoneFileStatus(KeyManagerImpl.java:1311) ~[ozone-manager-1.3.0-SNAPSHOT.jar:?]
	at org.apache.hadoop.ozone.om.KeyManagerImpl.getFileStatus(KeyManagerImpl.java:1241) ~[ozone-manager-1.3.0-SNAPSHOT.jar:?]
	at org.apache.hadoop.ozone.om.OzoneManager.getFileStatus(OzoneManager.java:3467) ~[ozone-manager-1.3.0-SNAPSHOT.jar:?]
	at org.apache.hadoop.ozone.protocolPB.OzoneManagerRequestHandler.getOzoneFileStatus(OzoneManagerRequestHandler.java:878) ~[ozone-manager-1.3.0-SNAPSHOT.jar:?]
	at org.apache.hadoop.ozone.protocolPB.OzoneManagerRequestHandler.handleReadRequest(OzoneManagerRequestHandler.java:224) ~[ozone-manager-1.3.0-SNAPSHOT.jar:?]
	at org.apache.hadoop.ozone.protocolPB.OzoneManagerProtocolServerSideTranslatorPB.submitRequestDirectlyToOM(OzoneManagerProtocolServerSideTranslatorPB.java:276) ~[ozone-manager-1.3.0-SNAPSHOT.jar:?]
	at org.apache.hadoop.ozone.protocolPB.OzoneManagerProtocolServerSideTranslatorPB.processRequest(OzoneManagerProtocolServerSideTranslatorPB.java:205) ~[ozone-manager-1.3.0-SNAPSHOT.jar:?]
	at org.apache.hadoop.hdds.server.OzoneProtocolMessageDispatcher.processRequest(OzoneProtocolMessageDispatcher.java:87) [hdds-server-framework-1.3.0-SNAPSHOT.jar:?]
	at org.apache.hadoop.ozone.protocolPB.OzoneManagerProtocolServerSideTranslatorPB.submitRequest(OzoneManagerProtocolServerSideTranslatorPB.java:147) [ozone-manager-1.3.0-SNAPSHOT.jar:?]
	at org.apache.hadoop.ozone.protocol.proto.OzoneManagerProtocolProtos$OzoneManagerService$2.callBlockingMethod(OzoneManagerProtocolProtos.java) [ozone-interface-client-1.3.0-SNAPSHOT.jar:?]
	at org.apache.hadoop.ipc.ProtobufRpcEngine$Server.processCall(ProtobufRpcEngine.java:466) [hadoop-common-3.3.1.jar:?]
	at org.apache.hadoop.ipc.ProtobufRpcEngine2$Server$ProtoBufRpcInvoker.call(ProtobufRpcEngine2.java:574) [hadoop-common-3.3.1.jar:?]
	at org.apache.hadoop.ipc.ProtobufRpcEngine2$Server$ProtoBufRpcInvoker.call(ProtobufRpcEngine2.java:552) [hadoop-common-3.3.1.jar:?]
	at org.apache.hadoop.ipc.RPC$Server.call(RPC.java:1093) [hadoop-common-3.3.1.jar:?]
	at org.apache.hadoop.ipc.Server$RpcCall.run(Server.java:1035) [hadoop-common-3.3.1.jar:?]
	at org.apache.hadoop.ipc.Server$RpcCall.run(Server.java:963) [hadoop-common-3.3.1.jar:?]
	at java.security.AccessController.doPrivileged(Native Method) ~[?:1.8.0_332]
	at javax.security.auth.Subject.doAs(Subject.java:422) [?:1.8.0_332]
	at org.apache.hadoop.security.UserGroupInformation.doAs(UserGroupInformation.java:1878) [hadoop-common-3.3.1.jar:?]
	at org.apache.hadoop.ipc.Server$Handler.run(Server.java:2966) [hadoop-common-3.3.1.jar:?]
13:54:14.601 [IPC Server handler 10 on default port 41147] ERROR OMAudit - user=runner | ip=127.0.0.1 | op=GET_FILE_STATUS {volume=volume75474, bucket=bucket60580, key=testBatchDelete/parent/child2, dataSize=0, replicationConfig=null} | ret=FAILURE
org.apache.hadoop.ozone.om.exceptions.OMException: Unable to get file status: volume: volume75474 bucket: bucket60580 key: testBatchDelete/parent/child2
	at org.apache.hadoop.ozone.om.KeyManagerImpl.getOzoneFileStatus(KeyManagerImpl.java:1311) ~[ozone-manager-1.3.0-SNAPSHOT.jar:?]
	at org.apache.hadoop.ozone.om.KeyManagerImpl.getFileStatus(KeyManagerImpl.java:1241) ~[ozone-manager-1.3.0-SNAPSHOT.jar:?]
	at org.apache.hadoop.ozone.om.OzoneManager.getFileStatus(OzoneManager.java:3467) ~[ozone-manager-1.3.0-SNAPSHOT.jar:?]
	at org.apache.hadoop.ozone.protocolPB.OzoneManagerRequestHandler.getOzoneFileStatus(OzoneManagerRequestHandler.java:878) ~[ozone-manager-1.3.0-SNAPSHOT.jar:?]
	at org.apache.hadoop.ozone.protocolPB.OzoneManagerRequestHandler.handleReadRequest(OzoneManagerRequestHandler.java:224) ~[ozone-manager-1.3.0-SNAPSHOT.jar:?]
	at org.apache.hadoop.ozone.protocolPB.OzoneManagerProtocolServerSideTranslatorPB.submitRequestDirectlyToOM(OzoneManagerProtocolServerSideTranslatorPB.java:276) ~[ozone-manager-1.3.0-SNAPSHOT.jar:?]
	at org.apache.hadoop.ozone.protocolPB.OzoneManagerProtocolServerSideTranslatorPB.processRequest(OzoneManagerProtocolServerSideTranslatorPB.java:205) ~[ozone-manager-1.3.0-SNAPSHOT.jar:?]
	at org.apache.hadoop.hdds.server.OzoneProtocolMessageDispatcher.processRequest(OzoneProtocolMessageDispatcher.java:87) [hdds-server-framework-1.3.0-SNAPSHOT.jar:?]
	at org.apache.hadoop.ozone.protocolPB.OzoneManagerProtocolServerSideTranslatorPB.submitRequest(OzoneManagerProtocolServerSideTranslatorPB.java:147) [ozone-manager-1.3.0-SNAPSHOT.jar:?]
	at org.apache.hadoop.ozone.protocol.proto.OzoneManagerProtocolProtos$OzoneManagerService$2.callBlockingMethod(OzoneManagerProtocolProtos.java) [ozone-interface-client-1.3.0-SNAPSHOT.jar:?]
	at org.apache.hadoop.ipc.ProtobufRpcEngine$Server.processCall(ProtobufRpcEngine.java:466) [hadoop-common-3.3.1.jar:?]
	at org.apache.hadoop.ipc.ProtobufRpcEngine2$Server$ProtoBufRpcInvoker.call(ProtobufRpcEngine2.java:574) [hadoop-common-3.3.1.jar:?]
	at org.apache.hadoop.ipc.ProtobufRpcEngine2$Server$ProtoBufRpcInvoker.call(ProtobufRpcEngine2.java:552) [hadoop-common-3.3.1.jar:?]
	at org.apache.hadoop.ipc.RPC$Server.call(RPC.java:1093) [hadoop-common-3.3.1.jar:?]
	at org.apache.hadoop.ipc.Server$RpcCall.run(Server.java:1035) [hadoop-common-3.3.1.jar:?]
	at org.apache.hadoop.ipc.Server$RpcCall.run(Server.java:963) [hadoop-common-3.3.1.jar:?]
	at java.security.AccessController.doPrivileged(Native Method) ~[?:1.8.0_332]
	at javax.security.auth.Subject.doAs(Subject.java:422) [?:1.8.0_332]
	at org.apache.hadoop.security.UserGroupInformation.doAs(UserGroupInformation.java:1878) [hadoop-common-3.3.1.jar:?]
	at org.apache.hadoop.ipc.Server$Handler.run(Server.java:2966) [hadoop-common-3.3.1.jar:?]
13:54:14.602 [IPC Server handler 8 on default port 41147] ERROR OMAudit - user=runner | ip=127.0.0.1 | op=GET_FILE_STATUS {volume=volume75474, bucket=bucket60580, key=testBatchDelete/parent/childFolder/child2, dataSize=0, replicationConfig=null} | ret=FAILURE
org.apache.hadoop.ozone.om.exceptions.OMException: Unable to get file status: volume: volume75474 bucket: bucket60580 key: testBatchDelete/parent/childFolder/child2
	at org.apache.hadoop.ozone.om.KeyManagerImpl.getOzoneFileStatus(KeyManagerImpl.java:1311) ~[ozone-manager-1.3.0-SNAPSHOT.jar:?]
	at org.apache.hadoop.ozone.om.KeyManagerImpl.getFileStatus(KeyManagerImpl.java:1241) ~[ozone-manager-1.3.0-SNAPSHOT.jar:?]
	at org.apache.hadoop.ozone.om.OzoneManager.getFileStatus(OzoneManager.java:3467) ~[ozone-manager-1.3.0-SNAPSHOT.jar:?]
	at org.apache.hadoop.ozone.protocolPB.OzoneManagerRequestHandler.getOzoneFileStatus(OzoneManagerRequestHandler.java:878) ~[ozone-manager-1.3.0-SNAPSHOT.jar:?]
	at org.apache.hadoop.ozone.protocolPB.OzoneManagerRequestHandler.handleReadRequest(OzoneManagerRequestHandler.java:224) ~[ozone-manager-1.3.0-SNAPSHOT.jar:?]
	at org.apache.hadoop.ozone.protocolPB.OzoneManagerProtocolServerSideTranslatorPB.submitRequestDirectlyToOM(OzoneManagerProtocolServerSideTranslatorPB.java:276) ~[ozone-manager-1.3.0-SNAPSHOT.jar:?]
	at org.apache.hadoop.ozone.protocolPB.OzoneManagerProtocolServerSideTranslatorPB.processRequest(OzoneManagerProtocolServerSideTranslatorPB.java:205) ~[ozone-manager-1.3.0-SNAPSHOT.jar:?]
	at org.apache.hadoop.hdds.server.OzoneProtocolMessageDispatcher.processRequest(OzoneProtocolMessageDispatcher.java:87) [hdds-server-framework-1.3.0-SNAPSHOT.jar:?]
	at org.apache.hadoop.ozone.protocolPB.OzoneManagerProtocolServerSideTranslatorPB.submitRequest(OzoneManagerProtocolServerSideTranslatorPB.java:147) [ozone-manager-1.3.0-SNAPSHOT.jar:?]
	at org.apache.hadoop.ozone.protocol.proto.OzoneManagerProtocolProtos$OzoneManagerService$2.callBlockingMethod(OzoneManagerProtocolProtos.java) [ozone-interface-client-1.3.0-SNAPSHOT.jar:?]
	at org.apache.hadoop.ipc.ProtobufRpcEngine$Server.processCall(ProtobufRpcEngine.java:466) [hadoop-common-3.3.1.jar:?]
	at org.apache.hadoop.ipc.ProtobufRpcEngine2$Server$ProtoBufRpcInvoker.call(ProtobufRpcEngine2.java:574) [hadoop-common-3.3.1.jar:?]
	at org.apache.hadoop.ipc.ProtobufRpcEngine2$Server$ProtoBufRpcInvoker.call(ProtobufRpcEngine2.java:552) [hadoop-common-3.3.1.jar:?]
	at org.apache.hadoop.ipc.RPC$Server.call(RPC.java:1093) [hadoop-common-3.3.1.jar:?]
	at org.apache.hadoop.ipc.Server$RpcCall.run(Server.java:1035) [hadoop-common-3.3.1.jar:?]
	at org.apache.hadoop.ipc.Server$RpcCall.run(Server.java:963) [hadoop-common-3.3.1.jar:?]
	at java.security.AccessController.doPrivileged(Native Method) ~[?:1.8.0_332]
	at javax.security.auth.Subject.doAs(Subject.java:422) [?:1.8.0_332]
	at org.apache.hadoop.security.UserGroupInformation.doAs(UserGroupInformation.java:1878) [hadoop-common-3.3.1.jar:?]
	at org.apache.hadoop.ipc.Server$Handler.run(Server.java:2966) [hadoop-common-3.3.1.jar:?]
13:54:14.603 [IPC Server handler 6 on default port 41147] ERROR OMAudit - user=runner | ip=127.0.0.1 | op=GET_FILE_STATUS {volume=volume75474, bucket=bucket60580, key=testBatchDelete/parent/child3, dataSize=0, replicationConfig=null} | ret=FAILURE
org.apache.hadoop.ozone.om.exceptions.OMException: Unable to get file status: volume: volume75474 bucket: bucket60580 key: testBatchDelete/parent/child3
	at org.apache.hadoop.ozone.om.KeyManagerImpl.getOzoneFileStatus(KeyManagerImpl.java:1311) ~[ozone-manager-1.3.0-SNAPSHOT.jar:?]
	at org.apache.hadoop.ozone.om.KeyManagerImpl.getFileStatus(KeyManagerImpl.java:1241) ~[ozone-manager-1.3.0-SNAPSHOT.jar:?]
	at org.apache.hadoop.ozone.om.OzoneManager.getFileStatus(OzoneManager.java:3467) ~[ozone-manager-1.3.0-SNAPSHOT.jar:?]
	at org.apache.hadoop.ozone.protocolPB.OzoneManagerRequestHandler.getOzoneFileStatus(OzoneManagerRequestHandler.java:878) ~[ozone-manager-1.3.0-SNAPSHOT.jar:?]
	at org.apache.hadoop.ozone.protocolPB.OzoneManagerRequestHandler.handleReadRequest(OzoneManagerRequestHandler.java:224) ~[ozone-manager-1.3.0-SNAPSHOT.jar:?]
	at org.apache.hadoop.ozone.protocolPB.OzoneManagerProtocolServerSideTranslatorPB.submitRequestDirectlyToOM(OzoneManagerProtocolServerSideTranslatorPB.java:276) ~[ozone-manager-1.3.0-SNAPSHOT.jar:?]
	at org.apache.hadoop.ozone.protocolPB.OzoneManagerProtocolServerSideTranslatorPB.processRequest(OzoneManagerProtocolServerSideTranslatorPB.java:205) ~[ozone-manager-1.3.0-SNAPSHOT.jar:?]
	at org.apache.hadoop.hdds.server.OzoneProtocolMessageDispatcher.processRequest(OzoneProtocolMessageDispatcher.java:87) [hdds-server-framework-1.3.0-SNAPSHOT.jar:?]
	at org.apache.hadoop.ozone.protocolPB.OzoneManagerProtocolServerSideTranslatorPB.submitRequest(OzoneManagerProtocolServerSideTranslatorPB.java:147) [ozone-manager-1.3.0-SNAPSHOT.jar:?]
	at org.apache.hadoop.ozone.protocol.proto.OzoneManagerProtocolProtos$OzoneManagerService$2.callBlockingMethod(OzoneManagerProtocolProtos.java) [ozone-interface-client-1.3.0-SNAPSHOT.jar:?]
	at org.apache.hadoop.ipc.ProtobufRpcEngine$Server.processCall(ProtobufRpcEngine.java:466) [hadoop-common-3.3.1.jar:?]
	at org.apache.hadoop.ipc.ProtobufRpcEngine2$Server$ProtoBufRpcInvoker.call(ProtobufRpcEngine2.java:574) [hadoop-common-3.3.1.jar:?]
	at org.apache.hadoop.ipc.ProtobufRpcEngine2$Server$ProtoBufRpcInvoker.call(ProtobufRpcEngine2.java:552) [hadoop-common-3.3.1.jar:?]
	at org.apache.hadoop.ipc.RPC$Server.call(RPC.java:1093) [hadoop-common-3.3.1.jar:?]
	at org.apache.hadoop.ipc.Server$RpcCall.run(Server.java:1035) [hadoop-common-3.3.1.jar:?]
	at org.apache.hadoop.ipc.Server$RpcCall.run(Server.java:963) [hadoop-common-3.3.1.jar:?]
	at java.security.AccessController.doPrivileged(Native Method) ~[?:1.8.0_332]
	at javax.security.auth.Subject.doAs(Subject.java:422) [?:1.8.0_332]
	at org.apache.hadoop.security.UserGroupInformation.doAs(UserGroupInformation.java:1878) [hadoop-common-3.3.1.jar:?]
	at org.apache.hadoop.ipc.Server$Handler.run(Server.java:2966) [hadoop-common-3.3.1.jar:?]
13:54:14.603 [IPC Server handler 4 on default port 41147] ERROR OMAudit - user=runner | ip=127.0.0.1 | op=GET_FILE_STATUS {volume=volume75474, bucket=bucket60580, key=testBatchDelete/parent/childFolder/child3, dataSize=0, replicationConfig=null} | ret=FAILURE
org.apache.hadoop.ozone.om.exceptions.OMException: Unable to get file status: volume: volume75474 bucket: bucket60580 key: testBatchDelete/parent/childFolder/child3
	at org.apache.hadoop.ozone.om.KeyManagerImpl.getOzoneFileStatus(KeyManagerImpl.java:1311) ~[ozone-manager-1.3.0-SNAPSHOT.jar:?]
	at org.apache.hadoop.ozone.om.KeyManagerImpl.getFileStatus(KeyManagerImpl.java:1241) ~[ozone-manager-1.3.0-SNAPSHOT.jar:?]
	at org.apache.hadoop.ozone.om.OzoneManager.getFileStatus(OzoneManager.java:3467) ~[ozone-manager-1.3.0-SNAPSHOT.jar:?]
	at org.apache.hadoop.ozone.protocolPB.OzoneManagerRequestHandler.getOzoneFileStatus(OzoneManagerRequestHandler.java:878) ~[ozone-manager-1.3.0-SNAPSHOT.jar:?]
	at org.apache.hadoop.ozone.protocolPB.OzoneManagerRequestHandler.handleReadRequest(OzoneManagerRequestHandler.java:224) ~[ozone-manager-1.3.0-SNAPSHOT.jar:?]
	at org.apache.hadoop.ozone.protocolPB.OzoneManagerProtocolServerSideTranslatorPB.submitRequestDirectlyToOM(OzoneManagerProtocolServerSideTranslatorPB.java:276) ~[ozone-manager-1.3.0-SNAPSHOT.jar:?]
	at org.apache.hadoop.ozone.protocolPB.OzoneManagerProtocolServerSideTranslatorPB.processRequest(OzoneManagerProtocolServerSideTranslatorPB.java:205) ~[ozone-manager-1.3.0-SNAPSHOT.jar:?]
	at org.apache.hadoop.hdds.server.OzoneProtocolMessageDispatcher.processRequest(OzoneProtocolMessageDispatcher.java:87) [hdds-server-framework-1.3.0-SNAPSHOT.jar:?]
	at org.apache.hadoop.ozone.protocolPB.OzoneManagerProtocolServerSideTranslatorPB.submitRequest(OzoneManagerProtocolServerSideTranslatorPB.java:147) [ozone-manager-1.3.0-SNAPSHOT.jar:?]
	at org.apache.hadoop.ozone.protocol.proto.OzoneManagerProtocolProtos$OzoneManagerService$2.callBlockingMethod(OzoneManagerProtocolProtos.java) [ozone-interface-client-1.3.0-SNAPSHOT.jar:?]
	at org.apache.hadoop.ipc.ProtobufRpcEngine$Server.processCall(ProtobufRpcEngine.java:466) [hadoop-common-3.3.1.jar:?]
	at org.apache.hadoop.ipc.ProtobufRpcEngine2$Server$ProtoBufRpcInvoker.call(ProtobufRpcEngine2.java:574) [hadoop-common-3.3.1.jar:?]
	at org.apache.hadoop.ipc.ProtobufRpcEngine2$Server$ProtoBufRpcInvoker.call(ProtobufRpcEngine2.java:552) [hadoop-common-3.3.1.jar:?]
	at org.apache.hadoop.ipc.RPC$Server.call(RPC.java:1093) [hadoop-common-3.3.1.jar:?]
	at org.apache.hadoop.ipc.Server$RpcCall.run(Server.java:1035) [hadoop-common-3.3.1.jar:?]
	at org.apache.hadoop.ipc.Server$RpcCall.run(Server.java:963) [hadoop-common-3.3.1.jar:?]
	at java.security.AccessController.doPrivileged(Native Method) ~[?:1.8.0_332]
	at javax.security.auth.Subject.doAs(Subject.java:422) [?:1.8.0_332]
	at org.apache.hadoop.security.UserGroupInformation.doAs(UserGroupInformation.java:1878) [hadoop-common-3.3.1.jar:?]
	at org.apache.hadoop.ipc.Server$Handler.run(Server.java:2966) [hadoop-common-3.3.1.jar:?]
13:54:14.604 [IPC Server handler 2 on default port 41147] ERROR OMAudit - user=runner | ip=127.0.0.1 | op=GET_FILE_STATUS {volume=volume75474, bucket=bucket60580, key=testBatchDelete/parent/child4, dataSize=0, replicationConfig=null} | ret=FAILURE
org.apache.hadoop.ozone.om.exceptions.OMException: Unable to get file status: volume: volume75474 bucket: bucket60580 key: testBatchDelete/parent/child4
	at org.apache.hadoop.ozone.om.KeyManagerImpl.getOzoneFileStatus(KeyManagerImpl.java:1311) ~[ozone-manager-1.3.0-SNAPSHOT.jar:?]
	at org.apache.hadoop.ozone.om.KeyManagerImpl.getFileStatus(KeyManagerImpl.java:1241) ~[ozone-manager-1.3.0-SNAPSHOT.jar:?]
	at org.apache.hadoop.ozone.om.OzoneManager.getFileStatus(OzoneManager.java:3467) ~[ozone-manager-1.3.0-SNAPSHOT.jar:?]
	at org.apache.hadoop.ozone.protocolPB.OzoneManagerRequestHandler.getOzoneFileStatus(OzoneManagerRequestHandler.java:878) ~[ozone-manager-1.3.0-SNAPSHOT.jar:?]
	at org.apache.hadoop.ozone.protocolPB.OzoneManagerRequestHandler.handleReadRequest(OzoneManagerRequestHandler.java:224) ~[ozone-manager-1.3.0-SNAPSHOT.jar:?]
	at org.apache.hadoop.ozone.protocolPB.OzoneManagerProtocolServerSideTranslatorPB.submitRequestDirectlyToOM(OzoneManagerProtocolServerSideTranslatorPB.java:276) ~[ozone-manager-1.3.0-SNAPSHOT.jar:?]
	at org.apache.hadoop.ozone.protocolPB.OzoneManagerProtocolServerSideTranslatorPB.processRequest(OzoneManagerProtocolServerSideTranslatorPB.java:205) ~[ozone-manager-1.3.0-SNAPSHOT.jar:?]
	at org.apache.hadoop.hdds.server.OzoneProtocolMessageDispatcher.processRequest(OzoneProtocolMessageDispatcher.java:87) [hdds-server-framework-1.3.0-SNAPSHOT.jar:?]
	at org.apache.hadoop.ozone.protocolPB.OzoneManagerProtocolServerSideTranslatorPB.submitRequest(OzoneManagerProtocolServerSideTranslatorPB.java:147) [ozone-manager-1.3.0-SNAPSHOT.jar:?]
	at org.apache.hadoop.ozone.protocol.proto.OzoneManagerProtocolProtos$OzoneManagerService$2.callBlockingMethod(OzoneManagerProtocolProtos.java) [ozone-interface-client-1.3.0-SNAPSHOT.jar:?]
	at org.apache.hadoop.ipc.ProtobufRpcEngine$Server.processCall(ProtobufRpcEngine.java:466) [hadoop-common-3.3.1.jar:?]
	at org.apache.hadoop.ipc.ProtobufRpcEngine2$Server$ProtoBufRpcInvoker.call(ProtobufRpcEngine2.java:574) [hadoop-common-3.3.1.jar:?]
	at org.apache.hadoop.ipc.ProtobufRpcEngine2$Server$ProtoBufRpcInvoker.call(ProtobufRpcEngine2.java:552) [hadoop-common-3.3.1.jar:?]
	at org.apache.hadoop.ipc.RPC$Server.call(RPC.java:1093) [hadoop-common-3.3.1.jar:?]
	at org.apache.hadoop.ipc.Server$RpcCall.run(Server.java:1035) [hadoop-common-3.3.1.jar:?]
	at org.apache.hadoop.ipc.Server$RpcCall.run(Server.java:963) [hadoop-common-3.3.1.jar:?]
	at java.security.AccessController.doPrivileged(Native Method) ~[?:1.8.0_332]
	at javax.security.auth.Subject.doAs(Subject.java:422) [?:1.8.0_332]
	at org.apache.hadoop.security.UserGroupInformation.doAs(UserGroupInformation.java:1878) [hadoop-common-3.3.1.jar:?]
	at org.apache.hadoop.ipc.Server$Handler.run(Server.java:2966) [hadoop-common-3.3.1.jar:?]
13:54:14.609 [IPC Server handler 15 on default port 41147] ERROR OMAudit - user=runner | ip=127.0.0.1 | op=GET_FILE_STATUS {volume=volume75474, bucket=bucket60580, key=testBatchDelete/parent/childFolder/child4, dataSize=0, replicationConfig=null} | ret=FAILURE
org.apache.hadoop.ozone.om.exceptions.OMException: Unable to get file status: volume: volume75474 bucket: bucket60580 key: testBatchDelete/parent/childFolder/child4
	at org.apache.hadoop.ozone.om.KeyManagerImpl.getOzoneFileStatus(KeyManagerImpl.java:1311) ~[ozone-manager-1.3.0-SNAPSHOT.jar:?]
	at org.apache.hadoop.ozone.om.KeyManagerImpl.getFileStatus(KeyManagerImpl.java:1241) ~[ozone-manager-1.3.0-SNAPSHOT.jar:?]
	at org.apache.hadoop.ozone.om.OzoneManager.getFileStatus(OzoneManager.java:3467) ~[ozone-manager-1.3.0-SNAPSHOT.jar:?]
	at org.apache.hadoop.ozone.protocolPB.OzoneManagerRequestHandler.getOzoneFileStatus(OzoneManagerRequestHandler.java:878) ~[ozone-manager-1.3.0-SNAPSHOT.jar:?]
	at org.apache.hadoop.ozone.protocolPB.OzoneManagerRequestHandler.handleReadRequest(OzoneManagerRequestHandler.java:224) ~[ozone-manager-1.3.0-SNAPSHOT.jar:?]
	at org.apache.hadoop.ozone.protocolPB.OzoneManagerProtocolServerSideTranslatorPB.submitRequestDirectlyToOM(OzoneManagerProtocolServerSideTranslatorPB.java:276) ~[ozone-manager-1.3.0-SNAPSHOT.jar:?]
	at org.apache.hadoop.ozone.protocolPB.OzoneManagerProtocolServerSideTranslatorPB.processRequest(OzoneManagerProtocolServerSideTranslatorPB.java:205) ~[ozone-manager-1.3.0-SNAPSHOT.jar:?]
	at org.apache.hadoop.hdds.server.OzoneProtocolMessageDispatcher.processRequest(OzoneProtocolMessageDispatcher.java:87) [hdds-server-framework-1.3.0-SNAPSHOT.jar:?]
	at org.apache.hadoop.ozone.protocolPB.OzoneManagerProtocolServerSideTranslatorPB.submitRequest(OzoneManagerProtocolServerSideTranslatorPB.java:147) [ozone-manager-1.3.0-SNAPSHOT.jar:?]
	at org.apache.hadoop.ozone.protocol.proto.OzoneManagerProtocolProtos$OzoneManagerService$2.callBlockingMethod(OzoneManagerProtocolProtos.java) [ozone-interface-client-1.3.0-SNAPSHOT.jar:?]
	at org.apache.hadoop.ipc.ProtobufRpcEngine$Server.processCall(ProtobufRpcEngine.java:466) [hadoop-common-3.3.1.jar:?]
	at org.apache.hadoop.ipc.ProtobufRpcEngine2$Server$ProtoBufRpcInvoker.call(ProtobufRpcEngine2.java:574) [hadoop-common-3.3.1.jar:?]
	at org.apache.hadoop.ipc.ProtobufRpcEngine2$Server$ProtoBufRpcInvoker.call(ProtobufRpcEngine2.java:552) [hadoop-common-3.3.1.jar:?]
	at org.apache.hadoop.ipc.RPC$Server.call(RPC.java:1093) [hadoop-common-3.3.1.jar:?]
	at org.apache.hadoop.ipc.Server$RpcCall.run(Server.java:1035) [hadoop-common-3.3.1.jar:?]
	at org.apache.hadoop.ipc.Server$RpcCall.run(Server.java:963) [hadoop-common-3.3.1.jar:?]
	at java.security.AccessController.doPrivileged(Native Method) ~[?:1.8.0_332]
	at javax.security.auth.Subject.doAs(Subject.java:422) [?:1.8.0_332]
	at org.apache.hadoop.security.UserGroupInformation.doAs(UserGroupInformation.java:1878) [hadoop-common-3.3.1.jar:?]
	at org.apache.hadoop.ipc.Server$Handler.run(Server.java:2966) [hadoop-common-3.3.1.jar:?]
13:54:14.610 [IPC Server handler 13 on default port 41147] ERROR OMAudit - user=runner | ip=127.0.0.1 | op=GET_FILE_STATUS {volume=volume75474, bucket=bucket60580, key=testBatchDelete/parent/child5, dataSize=0, replicationConfig=null} | ret=FAILURE
org.apache.hadoop.ozone.om.exceptions.OMException: Unable to get file status: volume: volume75474 bucket: bucket60580 key: testBatchDelete/parent/child5
	at org.apache.hadoop.ozone.om.KeyManagerImpl.getOzoneFileStatus(KeyManagerImpl.java:1311) ~[ozone-manager-1.3.0-SNAPSHOT.jar:?]
	at org.apache.hadoop.ozone.om.KeyManagerImpl.getFileStatus(KeyManagerImpl.java:1241) ~[ozone-manager-1.3.0-SNAPSHOT.jar:?]
	at org.apache.hadoop.ozone.om.OzoneManager.getFileStatus(OzoneManager.java:3467) ~[ozone-manager-1.3.0-SNAPSHOT.jar:?]
	at org.apache.hadoop.ozone.protocolPB.OzoneManagerRequestHandler.getOzoneFileStatus(OzoneManagerRequestHandler.java:878) ~[ozone-manager-1.3.0-SNAPSHOT.jar:?]
	at org.apache.hadoop.ozone.protocolPB.OzoneManagerRequestHandler.handleReadRequest(OzoneManagerRequestHandler.java:224) ~[ozone-manager-1.3.0-SNAPSHOT.jar:?]
	at org.apache.hadoop.ozone.protocolPB.OzoneManagerProtocolServerSideTranslatorPB.submitRequestDirectlyToOM(OzoneManagerProtocolServerSideTranslatorPB.java:276) ~[ozone-manager-1.3.0-SNAPSHOT.jar:?]
	at org.apache.hadoop.ozone.protocolPB.OzoneManagerProtocolServerSideTranslatorPB.processRequest(OzoneManagerProtocolServerSideTranslatorPB.java:205) ~[ozone-manager-1.3.0-SNAPSHOT.jar:?]
	at org.apache.hadoop.hdds.server.OzoneProtocolMessageDispatcher.processRequest(OzoneProtocolMessageDispatcher.java:87) [hdds-server-framework-1.3.0-SNAPSHOT.jar:?]
	at org.apache.hadoop.ozone.protocolPB.OzoneManagerProtocolServerSideTranslatorPB.submitRequest(OzoneManagerProtocolServerSideTranslatorPB.java:147) [ozone-manager-1.3.0-SNAPSHOT.jar:?]
	at org.apache.hadoop.ozone.protocol.proto.OzoneManagerProtocolProtos$OzoneManagerService$2.callBlockingMethod(OzoneManagerProtocolProtos.java) [ozone-interface-client-1.3.0-SNAPSHOT.jar:?]
	at org.apache.hadoop.ipc.ProtobufRpcEngine$Server.processCall(ProtobufRpcEngine.java:466) [hadoop-common-3.3.1.jar:?]
	at org.apache.hadoop.ipc.ProtobufRpcEngine2$Server$ProtoBufRpcInvoker.call(ProtobufRpcEngine2.java:574) [hadoop-common-3.3.1.jar:?]
	at org.apache.hadoop.ipc.ProtobufRpcEngine2$Server$ProtoBufRpcInvoker.call(ProtobufRpcEngine2.java:552) [hadoop-common-3.3.1.jar:?]
	at org.apache.hadoop.ipc.RPC$Server.call(RPC.java:1093) [hadoop-common-3.3.1.jar:?]
	at org.apache.hadoop.ipc.Server$RpcCall.run(Server.java:1035) [hadoop-common-3.3.1.jar:?]
	at org.apache.hadoop.ipc.Server$RpcCall.run(Server.java:963) [hadoop-common-3.3.1.jar:?]
	at java.security.AccessController.doPrivileged(Native Method) ~[?:1.8.0_332]
	at javax.security.auth.Subject.doAs(Subject.java:422) [?:1.8.0_332]
	at org.apache.hadoop.security.UserGroupInformation.doAs(UserGroupInformation.java:1878) [hadoop-common-3.3.1.jar:?]
	at org.apache.hadoop.ipc.Server$Handler.run(Server.java:2966) [hadoop-common-3.3.1.jar:?]
13:54:14.611 [IPC Server handler 0 on default port 41147] ERROR OMAudit - user=runner | ip=127.0.0.1 | op=GET_FILE_STATUS {volume=volume75474, bucket=bucket60580, key=testBatchDelete/parent/childFolder/child5, dataSize=0, replicationConfig=null} | ret=FAILURE
org.apache.hadoop.ozone.om.exceptions.OMException: Unable to get file status: volume: volume75474 bucket: bucket60580 key: testBatchDelete/parent/childFolder/child5
	at org.apache.hadoop.ozone.om.KeyManagerImpl.getOzoneFileStatus(KeyManagerImpl.java:1311) ~[ozone-manager-1.3.0-SNAPSHOT.jar:?]
	at org.apache.hadoop.ozone.om.KeyManagerImpl.getFileStatus(KeyManagerImpl.java:1241) ~[ozone-manager-1.3.0-SNAPSHOT.jar:?]
	at org.apache.hadoop.ozone.om.OzoneManager.getFileStatus(OzoneManager.java:3467) ~[ozone-manager-1.3.0-SNAPSHOT.jar:?]
	at org.apache.hadoop.ozone.protocolPB.OzoneManagerRequestHandler.getOzoneFileStatus(OzoneManagerRequestHandler.java:878) ~[ozone-manager-1.3.0-SNAPSHOT.jar:?]
	at org.apache.hadoop.ozone.protocolPB.OzoneManagerRequestHandler.handleReadRequest(OzoneManagerRequestHandler.java:224) ~[ozone-manager-1.3.0-SNAPSHOT.jar:?]
	at org.apache.hadoop.ozone.protocolPB.OzoneManagerProtocolServerSideTranslatorPB.submitRequestDirectlyToOM(OzoneManagerProtocolServerSideTranslatorPB.java:276) ~[ozone-manager-1.3.0-SNAPSHOT.jar:?]
	at org.apache.hadoop.ozone.protocolPB.OzoneManagerProtocolServerSideTranslatorPB.processRequest(OzoneManagerProtocolServerSideTranslatorPB.java:205) ~[ozone-manager-1.3.0-SNAPSHOT.jar:?]
	at org.apache.hadoop.hdds.server.OzoneProtocolMessageDispatcher.processRequest(OzoneProtocolMessageDispatcher.java:87) [hdds-server-framework-1.3.0-SNAPSHOT.jar:?]
	at org.apache.hadoop.ozone.protocolPB.OzoneManagerProtocolServerSideTranslatorPB.submitRequest(OzoneManagerProtocolServerSideTranslatorPB.java:147) [ozone-manager-1.3.0-SNAPSHOT.jar:?]
	at org.apache.hadoop.ozone.protocol.proto.OzoneManagerProtocolProtos$OzoneManagerService$2.callBlockingMethod(OzoneManagerProtocolProtos.java) [ozone-interface-client-1.3.0-SNAPSHOT.jar:?]
	at org.apache.hadoop.ipc.ProtobufRpcEngine$Server.processCall(ProtobufRpcEngine.java:466) [hadoop-common-3.3.1.jar:?]
	at org.apache.hadoop.ipc.ProtobufRpcEngine2$Server$ProtoBufRpcInvoker.call(ProtobufRpcEngine2.java:574) [hadoop-common-3.3.1.jar:?]
	at org.apache.hadoop.ipc.ProtobufRpcEngine2$Server$ProtoBufRpcInvoker.call(ProtobufRpcEngine2.java:552) [hadoop-common-3.3.1.jar:?]
	at org.apache.hadoop.ipc.RPC$Server.call(RPC.java:1093) [hadoop-common-3.3.1.jar:?]
	at org.apache.hadoop.ipc.Server$RpcCall.run(Server.java:1035) [hadoop-common-3.3.1.jar:?]
	at org.apache.hadoop.ipc.Server$RpcCall.run(Server.java:963) [hadoop-common-3.3.1.jar:?]
	at java.security.AccessController.doPrivileged(Native Method) ~[?:1.8.0_332]
	at javax.security.auth.Subject.doAs(Subject.java:422) [?:1.8.0_332]
	at org.apache.hadoop.security.UserGroupInformation.doAs(UserGroupInformation.java:1878) [hadoop-common-3.3.1.jar:?]
	at org.apache.hadoop.ipc.Server$Handler.run(Server.java:2966) [hadoop-common-3.3.1.jar:?]
13:54:14.623 [IPC Server handler 17 on default port 41147] ERROR OMAudit - user=runner | ip=127.0.0.1 | op=GET_FILE_STATUS {volume=volume75474, bucket=bucket60580, key=testBatchDelete/parent/child6, dataSize=0, replicationConfig=null} | ret=FAILURE
org.apache.hadoop.ozone.om.exceptions.OMException: Unable to get file status: volume: volume75474 bucket: bucket60580 key: testBatchDelete/parent/child6
	at org.apache.hadoop.ozone.om.KeyManagerImpl.getOzoneFileStatus(KeyManagerImpl.java:1311) ~[ozone-manager-1.3.0-SNAPSHOT.jar:?]
	at org.apache.hadoop.ozone.om.KeyManagerImpl.getFileStatus(KeyManagerImpl.java:1241) ~[ozone-manager-1.3.0-SNAPSHOT.jar:?]
	at org.apache.hadoop.ozone.om.OzoneManager.getFileStatus(OzoneManager.java:3467) ~[ozone-manager-1.3.0-SNAPSHOT.jar:?]
	at org.apache.hadoop.ozone.protocolPB.OzoneManagerRequestHandler.getOzoneFileStatus(OzoneManagerRequestHandler.java:878) ~[ozone-manager-1.3.0-SNAPSHOT.jar:?]
	at org.apache.hadoop.ozone.protocolPB.OzoneManagerRequestHandler.handleReadRequest(OzoneManagerRequestHandler.java:224) ~[ozone-manager-1.3.0-SNAPSHOT.jar:?]
	at org.apache.hadoop.ozone.protocolPB.OzoneManagerProtocolServerSideTranslatorPB.submitRequestDirectlyToOM(OzoneManagerProtocolServerSideTranslatorPB.java:276) ~[ozone-manager-1.3.0-SNAPSHOT.jar:?]
	at org.apache.hadoop.ozone.protocolPB.OzoneManagerProtocolServerSideTranslatorPB.processRequest(OzoneManagerProtocolServerSideTranslatorPB.java:205) ~[ozone-manager-1.3.0-SNAPSHOT.jar:?]
	at org.apache.hadoop.hdds.server.OzoneProtocolMessageDispatcher.processRequest(OzoneProtocolMessageDispatcher.java:87) [hdds-server-framework-1.3.0-SNAPSHOT.jar:?]
	at org.apache.hadoop.ozone.protocolPB.OzoneManagerProtocolServerSideTranslatorPB.submitRequest(OzoneManagerProtocolServerSideTranslatorPB.java:147) [ozone-manager-1.3.0-SNAPSHOT.jar:?]
	at org.apache.hadoop.ozone.protocol.proto.OzoneManagerProtocolProtos$OzoneManagerService$2.callBlockingMethod(OzoneManagerProtocolProtos.java) [ozone-interface-client-1.3.0-SNAPSHOT.jar:?]
	at org.apache.hadoop.ipc.ProtobufRpcEngine$Server.processCall(ProtobufRpcEngine.java:466) [hadoop-common-3.3.1.jar:?]
	at org.apache.hadoop.ipc.ProtobufRpcEngine2$Server$ProtoBufRpcInvoker.call(ProtobufRpcEngine2.java:574) [hadoop-common-3.3.1.jar:?]
	at org.apache.hadoop.ipc.ProtobufRpcEngine2$Server$ProtoBufRpcInvoker.call(ProtobufRpcEngine2.java:552) [hadoop-common-3.3.1.jar:?]
	at org.apache.hadoop.ipc.RPC$Server.call(RPC.java:1093) [hadoop-common-3.3.1.jar:?]
	at org.apache.hadoop.ipc.Server$RpcCall.run(Server.java:1035) [hadoop-common-3.3.1.jar:?]
	at org.apache.hadoop.ipc.Server$RpcCall.run(Server.java:963) [hadoop-common-3.3.1.jar:?]
	at java.security.AccessController.doPrivileged(Native Method) ~[?:1.8.0_332]
	at javax.security.auth.Subject.doAs(Subject.java:422) [?:1.8.0_332]
	at org.apache.hadoop.security.UserGroupInformation.doAs(UserGroupInformation.java:1878) [hadoop-common-3.3.1.jar:?]
	at org.apache.hadoop.ipc.Server$Handler.run(Server.java:2966) [hadoop-common-3.3.1.jar:?]
13:54:14.627 [IPC Server handler 12 on default port 41147] ERROR OMAudit - user=runner | ip=127.0.0.1 | op=GET_FILE_STATUS {volume=volume75474, bucket=bucket60580, key=testBatchDelete/parent/childFolder/child6, dataSize=0, replicationConfig=null} | ret=FAILURE
org.apache.hadoop.ozone.om.exceptions.OMException: Unable to get file status: volume: volume75474 bucket: bucket60580 key: testBatchDelete/parent/childFolder/child6
	at org.apache.hadoop.ozone.om.KeyManagerImpl.getOzoneFileStatus(KeyManagerImpl.java:1311) ~[ozone-manager-1.3.0-SNAPSHOT.jar:?]
	at org.apache.hadoop.ozone.om.KeyManagerImpl.getFileStatus(KeyManagerImpl.java:1241) ~[ozone-manager-1.3.0-SNAPSHOT.jar:?]
	at org.apache.hadoop.ozone.om.OzoneManager.getFileStatus(OzoneManager.java:3467) ~[ozone-manager-1.3.0-SNAPSHOT.jar:?]
	at org.apache.hadoop.ozone.protocolPB.OzoneManagerRequestHandler.getOzoneFileStatus(OzoneManagerRequestHandler.java:878) ~[ozone-manager-1.3.0-SNAPSHOT.jar:?]
	at org.apache.hadoop.ozone.protocolPB.OzoneManagerRequestHandler.handleReadRequest(OzoneManagerRequestHandler.java:224) ~[ozone-manager-1.3.0-SNAPSHOT.jar:?]
	at org.apache.hadoop.ozone.protocolPB.OzoneManagerProtocolServerSideTranslatorPB.submitRequestDirectlyToOM(OzoneManagerProtocolServerSideTranslatorPB.java:276) ~[ozone-manager-1.3.0-SNAPSHOT.jar:?]
	at org.apache.hadoop.ozone.protocolPB.OzoneManagerProtocolServerSideTranslatorPB.processRequest(OzoneManagerProtocolServerSideTranslatorPB.java:205) ~[ozone-manager-1.3.0-SNAPSHOT.jar:?]
	at org.apache.hadoop.hdds.server.OzoneProtocolMessageDispatcher.processRequest(OzoneProtocolMessageDispatcher.java:87) [hdds-server-framework-1.3.0-SNAPSHOT.jar:?]
	at org.apache.hadoop.ozone.protocolPB.OzoneManagerProtocolServerSideTranslatorPB.submitRequest(OzoneManagerProtocolServerSideTranslatorPB.java:147) [ozone-manager-1.3.0-SNAPSHOT.jar:?]
	at org.apache.hadoop.ozone.protocol.proto.OzoneManagerProtocolProtos$OzoneManagerService$2.callBlockingMethod(OzoneManagerProtocolProtos.java) [ozone-interface-client-1.3.0-SNAPSHOT.jar:?]
	at org.apache.hadoop.ipc.ProtobufRpcEngine$Server.processCall(ProtobufRpcEngine.java:466) [hadoop-common-3.3.1.jar:?]
	at org.apache.hadoop.ipc.ProtobufRpcEngine2$Server$ProtoBufRpcInvoker.call(ProtobufRpcEngine2.java:574) [hadoop-common-3.3.1.jar:?]
	at org.apache.hadoop.ipc.ProtobufRpcEngine2$Server$ProtoBufRpcInvoker.call(ProtobufRpcEngine2.java:552) [hadoop-common-3.3.1.jar:?]
	at org.apache.hadoop.ipc.RPC$Server.call(RPC.java:1093) [hadoop-common-3.3.1.jar:?]
	at org.apache.hadoop.ipc.Server$RpcCall.run(Server.java:1035) [hadoop-common-3.3.1.jar:?]
	at org.apache.hadoop.ipc.Server$RpcCall.run(Server.java:963) [hadoop-common-3.3.1.jar:?]
	at java.security.AccessController.doPrivileged(Native Method) ~[?:1.8.0_332]
	at javax.security.auth.Subject.doAs(Subject.java:422) [?:1.8.0_332]
	at org.apache.hadoop.security.UserGroupInformation.doAs(UserGroupInformation.java:1878) [hadoop-common-3.3.1.jar:?]
	at org.apache.hadoop.ipc.Server$Handler.run(Server.java:2966) [hadoop-common-3.3.1.jar:?]
13:54:14.635 [IPC Server handler 10 on default port 41147] ERROR OMAudit - user=runner | ip=127.0.0.1 | op=GET_FILE_STATUS {volume=volume75474, bucket=bucket60580, key=testBatchDelete/parent/child7, dataSize=0, replicationConfig=null} | ret=FAILURE
org.apache.hadoop.ozone.om.exceptions.OMException: Unable to get file status: volume: volume75474 bucket: bucket60580 key: testBatchDelete/parent/child7
	at org.apache.hadoop.ozone.om.KeyManagerImpl.getOzoneFileStatus(KeyManagerImpl.java:1311) ~[ozone-manager-1.3.0-SNAPSHOT.jar:?]
	at org.apache.hadoop.ozone.om.KeyManagerImpl.getFileStatus(KeyManagerImpl.java:1241) ~[ozone-manager-1.3.0-SNAPSHOT.jar:?]
	at org.apache.hadoop.ozone.om.OzoneManager.getFileStatus(OzoneManager.java:3467) ~[ozone-manager-1.3.0-SNAPSHOT.jar:?]
	at org.apache.hadoop.ozone.protocolPB.OzoneManagerRequestHandler.getOzoneFileStatus(OzoneManagerRequestHandler.java:878) ~[ozone-manager-1.3.0-SNAPSHOT.jar:?]
	at org.apache.hadoop.ozone.protocolPB.OzoneManagerRequestHandler.handleReadRequest(OzoneManagerRequestHandler.java:224) ~[ozone-manager-1.3.0-SNAPSHOT.jar:?]
	at org.apache.hadoop.ozone.protocolPB.OzoneManagerProtocolServerSideTranslatorPB.submitRequestDirectlyToOM(OzoneManagerProtocolServerSideTranslatorPB.java:276) ~[ozone-manager-1.3.0-SNAPSHOT.jar:?]
	at org.apache.hadoop.ozone.protocolPB.OzoneManagerProtocolServerSideTranslatorPB.processRequest(OzoneManagerProtocolServerSideTranslatorPB.java:205) ~[ozone-manager-1.3.0-SNAPSHOT.jar:?]
	at org.apache.hadoop.hdds.server.OzoneProtocolMessageDispatcher.processRequest(OzoneProtocolMessageDispatcher.java:87) [hdds-server-framework-1.3.0-SNAPSHOT.jar:?]
	at org.apache.hadoop.ozone.protocolPB.OzoneManagerProtocolServerSideTranslatorPB.submitRequest(OzoneManagerProtocolServerSideTranslatorPB.java:147) [ozone-manager-1.3.0-SNAPSHOT.jar:?]
	at org.apache.hadoop.ozone.protocol.proto.OzoneManagerProtocolProtos$OzoneManagerService$2.callBlockingMethod(OzoneManagerProtocolProtos.java) [ozone-interface-client-1.3.0-SNAPSHOT.jar:?]
	at org.apache.hadoop.ipc.ProtobufRpcEngine$Server.processCall(ProtobufRpcEngine.java:466) [hadoop-common-3.3.1.jar:?]
	at org.apache.hadoop.ipc.ProtobufRpcEngine2$Server$ProtoBufRpcInvoker.call(ProtobufRpcEngine2.java:574) [hadoop-common-3.3.1.jar:?]
	at org.apache.hadoop.ipc.ProtobufRpcEngine2$Server$ProtoBufRpcInvoker.call(ProtobufRpcEngine2.java:552) [hadoop-common-3.3.1.jar:?]
	at org.apache.hadoop.ipc.RPC$Server.call(RPC.java:1093) [hadoop-common-3.3.1.jar:?]
	at org.apache.hadoop.ipc.Server$RpcCall.run(Server.java:1035) [hadoop-common-3.3.1.jar:?]
	at org.apache.hadoop.ipc.Server$RpcCall.run(Server.java:963) [hadoop-common-3.3.1.jar:?]
	at java.security.AccessController.doPrivileged(Native Method) ~[?:1.8.0_332]
	at javax.security.auth.Subject.doAs(Subject.java:422) [?:1.8.0_332]
	at org.apache.hadoop.security.UserGroupInformation.doAs(UserGroupInformation.java:1878) [hadoop-common-3.3.1.jar:?]
	at org.apache.hadoop.ipc.Server$Handler.run(Server.java:2966) [hadoop-common-3.3.1.jar:?]
13:54:14.639 [IPC Server handler 8 on default port 41147] ERROR OMAudit - user=runner | ip=127.0.0.1 | op=GET_FILE_STATUS {volume=volume75474, bucket=bucket60580, key=testBatchDelete/parent/childFolder/child7, dataSize=0, replicationConfig=null} | ret=FAILURE
org.apache.hadoop.ozone.om.exceptions.OMException: Unable to get file status: volume: volume75474 bucket: bucket60580 key: testBatchDelete/parent/childFolder/child7
	at org.apache.hadoop.ozone.om.KeyManagerImpl.getOzoneFileStatus(KeyManagerImpl.java:1311) ~[ozone-manager-1.3.0-SNAPSHOT.jar:?]
	at org.apache.hadoop.ozone.om.KeyManagerImpl.getFileStatus(KeyManagerImpl.java:1241) ~[ozone-manager-1.3.0-SNAPSHOT.jar:?]
	at org.apache.hadoop.ozone.om.OzoneManager.getFileStatus(OzoneManager.java:3467) ~[ozone-manager-1.3.0-SNAPSHOT.jar:?]
	at org.apache.hadoop.ozone.protocolPB.OzoneManagerRequestHandler.getOzoneFileStatus(OzoneManagerRequestHandler.java:878) ~[ozone-manager-1.3.0-SNAPSHOT.jar:?]
	at org.apache.hadoop.ozone.protocolPB.OzoneManagerRequestHandler.handleReadRequest(OzoneManagerRequestHandler.java:224) ~[ozone-manager-1.3.0-SNAPSHOT.jar:?]
	at org.apache.hadoop.ozone.protocolPB.OzoneManagerProtocolServerSideTranslatorPB.submitRequestDirectlyToOM(OzoneManagerProtocolServerSideTranslatorPB.java:276) ~[ozone-manager-1.3.0-SNAPSHOT.jar:?]
	at org.apache.hadoop.ozone.protocolPB.OzoneManagerProtocolServerSideTranslatorPB.processRequest(OzoneManagerProtocolServerSideTranslatorPB.java:205) ~[ozone-manager-1.3.0-SNAPSHOT.jar:?]
	at org.apache.hadoop.hdds.server.OzoneProtocolMessageDispatcher.processRequest(OzoneProtocolMessageDispatcher.java:87) [hdds-server-framework-1.3.0-SNAPSHOT.jar:?]
	at org.apache.hadoop.ozone.protocolPB.OzoneManagerProtocolServerSideTranslatorPB.submitRequest(OzoneManagerProtocolServerSideTranslatorPB.java:147) [ozone-manager-1.3.0-SNAPSHOT.jar:?]
	at org.apache.hadoop.ozone.protocol.proto.OzoneManagerProtocolProtos$OzoneManagerService$2.callBlockingMethod(OzoneManagerProtocolProtos.java) [ozone-interface-client-1.3.0-SNAPSHOT.jar:?]
	at org.apache.hadoop.ipc.ProtobufRpcEngine$Server.processCall(ProtobufRpcEngine.java:466) [hadoop-common-3.3.1.jar:?]
	at org.apache.hadoop.ipc.ProtobufRpcEngine2$Server$ProtoBufRpcInvoker.call(ProtobufRpcEngine2.java:574) [hadoop-common-3.3.1.jar:?]
	at org.apache.hadoop.ipc.ProtobufRpcEngine2$Server$ProtoBufRpcInvoker.call(ProtobufRpcEngine2.java:552) [hadoop-common-3.3.1.jar:?]
	at org.apache.hadoop.ipc.RPC$Server.call(RPC.java:1093) [hadoop-common-3.3.1.jar:?]
	at org.apache.hadoop.ipc.Server$RpcCall.run(Server.java:1035) [hadoop-common-3.3.1.jar:?]
	at org.apache.hadoop.ipc.Server$RpcCall.run(Server.java:963) [hadoop-common-3.3.1.jar:?]
	at java.security.AccessController.doPrivileged(Native Method) ~[?:1.8.0_332]
	at javax.security.auth.Subject.doAs(Subject.java:422) [?:1.8.0_332]
	at org.apache.hadoop.security.UserGroupInformation.doAs(UserGroupInformation.java:1878) [hadoop-common-3.3.1.jar:?]
	at org.apache.hadoop.ipc.Server$Handler.run(Server.java:2966) [hadoop-common-3.3.1.jar:?]
13:54:14.651 [IPC Server handler 6 on default port 41147] ERROR OMAudit - user=runner | ip=127.0.0.1 | op=GET_FILE_STATUS {volume=volume75474, bucket=bucket60580, key=testBatchDelete/parent, dataSize=0, replicationConfig=null} | ret=FAILURE
org.apache.hadoop.ozone.om.exceptions.OMException: Unable to get file status: volume: volume75474 bucket: bucket60580 key: testBatchDelete/parent
	at org.apache.hadoop.ozone.om.KeyManagerImpl.getOzoneFileStatus(KeyManagerImpl.java:1311) ~[ozone-manager-1.3.0-SNAPSHOT.jar:?]
	at org.apache.hadoop.ozone.om.KeyManagerImpl.getFileStatus(KeyManagerImpl.java:1241) ~[ozone-manager-1.3.0-SNAPSHOT.jar:?]
	at org.apache.hadoop.ozone.om.OzoneManager.getFileStatus(OzoneManager.java:3467) ~[ozone-manager-1.3.0-SNAPSHOT.jar:?]
	at org.apache.hadoop.ozone.protocolPB.OzoneManagerRequestHandler.getOzoneFileStatus(OzoneManagerRequestHandler.java:878) ~[ozone-manager-1.3.0-SNAPSHOT.jar:?]
	at org.apache.hadoop.ozone.protocolPB.OzoneManagerRequestHandler.handleReadRequest(OzoneManagerRequestHandler.java:224) ~[ozone-manager-1.3.0-SNAPSHOT.jar:?]
	at org.apache.hadoop.ozone.protocolPB.OzoneManagerProtocolServerSideTranslatorPB.submitRequestDirectlyToOM(OzoneManagerProtocolServerSideTranslatorPB.java:276) ~[ozone-manager-1.3.0-SNAPSHOT.jar:?]
	at org.apache.hadoop.ozone.protocolPB.OzoneManagerProtocolServerSideTranslatorPB.processRequest(OzoneManagerProtocolServerSideTranslatorPB.java:205) ~[ozone-manager-1.3.0-SNAPSHOT.jar:?]
	at org.apache.hadoop.hdds.server.OzoneProtocolMessageDispatcher.processRequest(OzoneProtocolMessageDispatcher.java:87) [hdds-server-framework-1.3.0-SNAPSHOT.jar:?]
	at org.apache.hadoop.ozone.protocolPB.OzoneManagerProtocolServerSideTranslatorPB.submitRequest(OzoneManagerProtocolServerSideTranslatorPB.java:147) [ozone-manager-1.3.0-SNAPSHOT.jar:?]
	at org.apache.hadoop.ozone.protocol.proto.OzoneManagerProtocolProtos$OzoneManagerService$2.callBlockingMethod(OzoneManagerProtocolProtos.java) [ozone-interface-client-1.3.0-SNAPSHOT.jar:?]
	at org.apache.hadoop.ipc.ProtobufRpcEngine$Server.processCall(ProtobufRpcEngine.java:466) [hadoop-common-3.3.1.jar:?]
	at org.apache.hadoop.ipc.ProtobufRpcEngine2$Server$ProtoBufRpcInvoker.call(ProtobufRpcEngine2.java:574) [hadoop-common-3.3.1.jar:?]
	at org.apache.hadoop.ipc.ProtobufRpcEngine2$Server$ProtoBufRpcInvoker.call(ProtobufRpcEngine2.java:552) [hadoop-common-3.3.1.jar:?]
	at org.apache.hadoop.ipc.RPC$Server.call(RPC.java:1093) [hadoop-common-3.3.1.jar:?]
	at org.apache.hadoop.ipc.Server$RpcCall.run(Server.java:1035) [hadoop-common-3.3.1.jar:?]
	at org.apache.hadoop.ipc.Server$RpcCall.run(Server.java:963) [hadoop-common-3.3.1.jar:?]
	at java.security.AccessController.doPrivileged(Native Method) ~[?:1.8.0_332]
	at javax.security.auth.Subject.doAs(Subject.java:422) [?:1.8.0_332]
	at org.apache.hadoop.security.UserGroupInformation.doAs(UserGroupInformation.java:1878) [hadoop-common-3.3.1.jar:?]
	at org.apache.hadoop.ipc.Server$Handler.run(Server.java:2966) [hadoop-common-3.3.1.jar:?]
2022-07-27 13:54:14,651 [Time-limited test] WARN  ozone.BasicRootedOzoneFileSystem (BasicRootedOzoneFileSystem.java:delete(572)) - delete: Path does not exist: /volume75474/bucket60580/testBatchDelete/parent
]]></system-out>
  </testcase>
  <testcase name="testRenameToTrashEnabled" classname="TestRootedOzoneFileSystem" time="0.199">
    <system-out><![CDATA[2022-07-27 13:49:20,564 [9135c07c-9562-4fec-aca6-20239d7a9d6d@group-EC36FC0C3E24-LeaderElection10] INFO  server.RaftServer$Division (ServerState.java:setRaftConf(393)) - 9135c07c-9562-4fec-aca6-20239d7a9d6d@group-EC36FC0C3E24: set configuration 0: [df335623-852d-4a6f-8cff-fa9ba72c6e1b|rpc:10.1.0.21:40909|dataStream:|priority:0, efe9fd25-7228-4310-8e5d-4bcbbad78a8a|rpc:10.1.0.21:38425|dataStream:|priority:0, 9135c07c-9562-4fec-aca6-20239d7a9d6d|rpc:10.1.0.21:40625|dataStream:|priority:1], old=null
2022-07-27 13:49:20,564 [df335623-852d-4a6f-8cff-fa9ba72c6e1b-server-thread1] INFO  server.RaftServer$Division (RaftServerImpl.java:setRole(299)) - df335623-852d-4a6f-8cff-fa9ba72c6e1b@group-EC36FC0C3E24: changes role from CANDIDATE to FOLLOWER at term 2 for appendEntries
2022-07-27 13:49:20,565 [df335623-852d-4a6f-8cff-fa9ba72c6e1b-server-thread1] INFO  impl.RoleInfo (RoleInfo.java:shutdownLeaderElection(130)) - df335623-852d-4a6f-8cff-fa9ba72c6e1b: shutdown df335623-852d-4a6f-8cff-fa9ba72c6e1b@group-EC36FC0C3E24-LeaderElection11
2022-07-27 13:49:20,565 [df335623-852d-4a6f-8cff-fa9ba72c6e1b-server-thread1] INFO  impl.RoleInfo (RoleInfo.java:updateAndGet(139)) - df335623-852d-4a6f-8cff-fa9ba72c6e1b: start df335623-852d-4a6f-8cff-fa9ba72c6e1b@group-EC36FC0C3E24-FollowerState
2022-07-27 13:49:20,565 [grpc-default-executor-1] INFO  impl.VoteContext (VoteContext.java:log(48)) - 9135c07c-9562-4fec-aca6-20239d7a9d6d@group-EC36FC0C3E24-LEADER: reject ELECTION from df335623-852d-4a6f-8cff-fa9ba72c6e1b: already has voted for 9135c07c-9562-4fec-aca6-20239d7a9d6d at current term 2
2022-07-27 13:49:20,565 [grpc-default-executor-1] INFO  server.RaftServer$Division (RaftServerImpl.java:requestVote(1184)) - 9135c07c-9562-4fec-aca6-20239d7a9d6d@group-EC36FC0C3E24 replies to ELECTION vote request: df335623-852d-4a6f-8cff-fa9ba72c6e1b<-9135c07c-9562-4fec-aca6-20239d7a9d6d#0:FAIL-t2. Peer's state: 9135c07c-9562-4fec-aca6-20239d7a9d6d@group-EC36FC0C3E24:t2, leader=9135c07c-9562-4fec-aca6-20239d7a9d6d, voted=9135c07c-9562-4fec-aca6-20239d7a9d6d, raftlog=9135c07c-9562-4fec-aca6-20239d7a9d6d@group-EC36FC0C3E24-SegmentedRaftLog:OPENED:c0, conf=0: [df335623-852d-4a6f-8cff-fa9ba72c6e1b|rpc:10.1.0.21:40909|dataStream:|priority:0, efe9fd25-7228-4310-8e5d-4bcbbad78a8a|rpc:10.1.0.21:38425|dataStream:|priority:0, 9135c07c-9562-4fec-aca6-20239d7a9d6d|rpc:10.1.0.21:40625|dataStream:|priority:1], old=null
2022-07-27 13:49:20,567 [efe9fd25-7228-4310-8e5d-4bcbbad78a8a-server-thread1] INFO  ratis.XceiverServerRatis (XceiverServerRatis.java:handleLeaderChangedNotification(863)) - Leader change notification received for group: group-EC36FC0C3E24 with new leaderId: 9135c07c-9562-4fec-aca6-20239d7a9d6d
2022-07-27 13:49:20,567 [efe9fd25-7228-4310-8e5d-4bcbbad78a8a-server-thread1] INFO  server.RaftServer$Division (ServerState.java:setLeader(287)) - efe9fd25-7228-4310-8e5d-4bcbbad78a8a@group-EC36FC0C3E24: change Leader from null to 9135c07c-9562-4fec-aca6-20239d7a9d6d at term 2 for appendEntries, leader elected after 10307ms
2022-07-27 13:49:20,576 [df335623-852d-4a6f-8cff-fa9ba72c6e1b-server-thread1] INFO  ratis.XceiverServerRatis (XceiverServerRatis.java:handleLeaderChangedNotification(863)) - Leader change notification received for group: group-EC36FC0C3E24 with new leaderId: 9135c07c-9562-4fec-aca6-20239d7a9d6d
2022-07-27 13:49:20,576 [df335623-852d-4a6f-8cff-fa9ba72c6e1b-server-thread1] INFO  server.RaftServer$Division (ServerState.java:setLeader(287)) - df335623-852d-4a6f-8cff-fa9ba72c6e1b@group-EC36FC0C3E24: change Leader from null to 9135c07c-9562-4fec-aca6-20239d7a9d6d at term 2 for appendEntries, leader elected after 10309ms
2022-07-27 13:49:20,579 [df335623-852d-4a6f-8cff-fa9ba72c6e1b-server-thread1] INFO  server.RaftServer$Division (ServerState.java:setRaftConf(393)) - df335623-852d-4a6f-8cff-fa9ba72c6e1b@group-EC36FC0C3E24: set configuration 0: [df335623-852d-4a6f-8cff-fa9ba72c6e1b|rpc:10.1.0.21:40909|dataStream:|priority:0, efe9fd25-7228-4310-8e5d-4bcbbad78a8a|rpc:10.1.0.21:38425|dataStream:|priority:0, 9135c07c-9562-4fec-aca6-20239d7a9d6d|rpc:10.1.0.21:40625|dataStream:|priority:1], old=null
2022-07-27 13:49:20,580 [df335623-852d-4a6f-8cff-fa9ba72c6e1b-server-thread1] INFO  segmented.SegmentedRaftLogWorker (SegmentedRaftLogWorker.java:startLogSegment(425)) - df335623-852d-4a6f-8cff-fa9ba72c6e1b@group-EC36FC0C3E24-SegmentedRaftLogWorker: Starting segment from index:0
2022-07-27 13:49:20,586 [efe9fd25-7228-4310-8e5d-4bcbbad78a8a-server-thread1] INFO  server.RaftServer$Division (ServerState.java:setRaftConf(393)) - efe9fd25-7228-4310-8e5d-4bcbbad78a8a@group-EC36FC0C3E24: set configuration 0: [df335623-852d-4a6f-8cff-fa9ba72c6e1b|rpc:10.1.0.21:40909|dataStream:|priority:0, efe9fd25-7228-4310-8e5d-4bcbbad78a8a|rpc:10.1.0.21:38425|dataStream:|priority:0, 9135c07c-9562-4fec-aca6-20239d7a9d6d|rpc:10.1.0.21:40625|dataStream:|priority:1], old=null
2022-07-27 13:49:20,586 [efe9fd25-7228-4310-8e5d-4bcbbad78a8a-server-thread1] INFO  segmented.SegmentedRaftLogWorker (SegmentedRaftLogWorker.java:startLogSegment(425)) - efe9fd25-7228-4310-8e5d-4bcbbad78a8a@group-EC36FC0C3E24-SegmentedRaftLogWorker: Starting segment from index:0
2022-07-27 13:49:20,587 [df335623-852d-4a6f-8cff-fa9ba72c6e1b@group-EC36FC0C3E24-LeaderElection11] INFO  impl.LeaderElection (LeaderElection.java:logAndReturn(90)) - df335623-852d-4a6f-8cff-fa9ba72c6e1b@group-EC36FC0C3E24-LeaderElection11: ELECTION REJECTED received 2 response(s) and 0 exception(s):
2022-07-27 13:49:20,587 [df335623-852d-4a6f-8cff-fa9ba72c6e1b@group-EC36FC0C3E24-LeaderElection11] INFO  impl.LeaderElection (LeaderElection.java:logAndReturn(94)) -   Response 0: df335623-852d-4a6f-8cff-fa9ba72c6e1b<-efe9fd25-7228-4310-8e5d-4bcbbad78a8a#0:FAIL-t2
2022-07-27 13:49:20,587 [df335623-852d-4a6f-8cff-fa9ba72c6e1b@group-EC36FC0C3E24-LeaderElection11] INFO  impl.LeaderElection (LeaderElection.java:logAndReturn(94)) -   Response 1: df335623-852d-4a6f-8cff-fa9ba72c6e1b<-9135c07c-9562-4fec-aca6-20239d7a9d6d#0:FAIL-t2
2022-07-27 13:49:20,587 [df335623-852d-4a6f-8cff-fa9ba72c6e1b@group-EC36FC0C3E24-LeaderElection11] INFO  impl.LeaderElection (LeaderElection.java:askForVotes(312)) - df335623-852d-4a6f-8cff-fa9ba72c6e1b@group-EC36FC0C3E24-LeaderElection11 ELECTION round 0: result REJECTED
2022-07-27 13:49:20,589 [efe9fd25-7228-4310-8e5d-4bcbbad78a8a@group-EC36FC0C3E24-SegmentedRaftLogWorker] INFO  segmented.SegmentedRaftLogWorker (SegmentedRaftLogWorker.java:execute(629)) - efe9fd25-7228-4310-8e5d-4bcbbad78a8a@group-EC36FC0C3E24-SegmentedRaftLogWorker: created new log segment /home/runner/work/ozone/ozone/hadoop-ozone/integration-test/target/test-dir/MiniOzoneClusterImpl-cbeacfe2-84b1-4648-87cc-d28f9e4744b3/datanode-1/data/ratis/d20d3ed0-ea39-4881-8953-ec36fc0c3e24/current/log_inprogress_0
2022-07-27 13:49:20,592 [df335623-852d-4a6f-8cff-fa9ba72c6e1b@group-EC36FC0C3E24-SegmentedRaftLogWorker] INFO  segmented.SegmentedRaftLogWorker (SegmentedRaftLogWorker.java:execute(629)) - df335623-852d-4a6f-8cff-fa9ba72c6e1b@group-EC36FC0C3E24-SegmentedRaftLogWorker: created new log segment /home/runner/work/ozone/ozone/hadoop-ozone/integration-test/target/test-dir/MiniOzoneClusterImpl-cbeacfe2-84b1-4648-87cc-d28f9e4744b3/datanode-0/data/ratis/d20d3ed0-ea39-4881-8953-ec36fc0c3e24/current/log_inprogress_0
2022-07-27 13:49:20,610 [Time-limited test] INFO  rpc.RpcClient (RpcClient.java:createVolume(467)) - Creating Volume: volume98580, with user99951 as owner and space quota set to -1 bytes, counts quota set to -1
2022-07-27 13:49:20,613 [OM StateMachine ApplyTransaction Thread - 0] INFO  volume.OMVolumeCreateRequest (OMVolumeCreateRequest.java:validateAndUpdateCache(195)) - created volume:volume98580 for user:user99951
2022-07-27 13:49:20,616 [Time-limited test] INFO  rpc.RpcClient (RpcClient.java:createBucket(670)) - Creating Bucket: volume98580/bucket08275, with bucket layout LEGACY, runner as owner, Versioning false, Storage Type set to DISK and Encryption set to false 
2022-07-27 13:49:20,618 [OM StateMachine ApplyTransaction Thread - 0] INFO  bucket.OMBucketCreateRequest (OMBucketCreateRequest.java:validateAndUpdateCache(260)) - created bucket: bucket08275 of layout LEGACY in volume: volume98580
13:49:20.681 [IPC Server handler 1 on default port 44975] ERROR OMAudit - user=runner | ip=127.0.0.1 | op=GET_FILE_STATUS {volume=volume98580, bucket=bucket08275, key=.Trash/runner/Current/volume98580/bucket08275/testKey2, dataSize=0, replicationConfig=null} | ret=FAILURE
org.apache.hadoop.ozone.om.exceptions.OMException: Unable to get file status: volume: volume98580 bucket: bucket08275 key: .Trash/runner/Current/volume98580/bucket08275/testKey2
	at org.apache.hadoop.ozone.om.KeyManagerImpl.getOzoneFileStatus(KeyManagerImpl.java:1311) ~[ozone-manager-1.3.0-SNAPSHOT.jar:?]
	at org.apache.hadoop.ozone.om.KeyManagerImpl.getFileStatus(KeyManagerImpl.java:1241) ~[ozone-manager-1.3.0-SNAPSHOT.jar:?]
	at org.apache.hadoop.ozone.om.OzoneManager.getFileStatus(OzoneManager.java:3467) ~[ozone-manager-1.3.0-SNAPSHOT.jar:?]
	at org.apache.hadoop.ozone.protocolPB.OzoneManagerRequestHandler.getOzoneFileStatus(OzoneManagerRequestHandler.java:878) ~[ozone-manager-1.3.0-SNAPSHOT.jar:?]
	at org.apache.hadoop.ozone.protocolPB.OzoneManagerRequestHandler.handleReadRequest(OzoneManagerRequestHandler.java:224) ~[ozone-manager-1.3.0-SNAPSHOT.jar:?]
	at org.apache.hadoop.ozone.protocolPB.OzoneManagerProtocolServerSideTranslatorPB.submitReadRequestToOM(OzoneManagerProtocolServerSideTranslatorPB.java:226) ~[ozone-manager-1.3.0-SNAPSHOT.jar:?]
	at org.apache.hadoop.ozone.protocolPB.OzoneManagerProtocolServerSideTranslatorPB.processRequest(OzoneManagerProtocolServerSideTranslatorPB.java:175) ~[ozone-manager-1.3.0-SNAPSHOT.jar:?]
	at org.apache.hadoop.hdds.server.OzoneProtocolMessageDispatcher.processRequest(OzoneProtocolMessageDispatcher.java:87) [hdds-server-framework-1.3.0-SNAPSHOT.jar:?]
	at org.apache.hadoop.ozone.protocolPB.OzoneManagerProtocolServerSideTranslatorPB.submitRequest(OzoneManagerProtocolServerSideTranslatorPB.java:147) [ozone-manager-1.3.0-SNAPSHOT.jar:?]
	at org.apache.hadoop.ozone.protocol.proto.OzoneManagerProtocolProtos$OzoneManagerService$2.callBlockingMethod(OzoneManagerProtocolProtos.java) [ozone-interface-client-1.3.0-SNAPSHOT.jar:?]
	at org.apache.hadoop.ipc.ProtobufRpcEngine$Server.processCall(ProtobufRpcEngine.java:466) [hadoop-common-3.3.1.jar:?]
	at org.apache.hadoop.ipc.ProtobufRpcEngine2$Server$ProtoBufRpcInvoker.call(ProtobufRpcEngine2.java:574) [hadoop-common-3.3.1.jar:?]
	at org.apache.hadoop.ipc.ProtobufRpcEngine2$Server$ProtoBufRpcInvoker.call(ProtobufRpcEngine2.java:552) [hadoop-common-3.3.1.jar:?]
	at org.apache.hadoop.ipc.RPC$Server.call(RPC.java:1093) [hadoop-common-3.3.1.jar:?]
	at org.apache.hadoop.ipc.Server$RpcCall.run(Server.java:1035) [hadoop-common-3.3.1.jar:?]
	at org.apache.hadoop.ipc.Server$RpcCall.run(Server.java:963) [hadoop-common-3.3.1.jar:?]
	at java.security.AccessController.doPrivileged(Native Method) ~[?:1.8.0_332]
	at javax.security.auth.Subject.doAs(Subject.java:422) [?:1.8.0_332]
	at org.apache.hadoop.security.UserGroupInformation.doAs(UserGroupInformation.java:1878) [hadoop-common-3.3.1.jar:?]
	at org.apache.hadoop.ipc.Server$Handler.run(Server.java:2966) [hadoop-common-3.3.1.jar:?]
13:49:20.687 [IPC Server handler 15 on default port 44975] ERROR OMAudit - user=runner | ip=127.0.0.1 | op=GET_FILE_STATUS {volume=volume98580, bucket=bucket08275, key=.Trash/runner/Current/volume98580/bucket08275/testKey2, dataSize=0, replicationConfig=null} | ret=FAILURE
org.apache.hadoop.ozone.om.exceptions.OMException: Unable to get file status: volume: volume98580 bucket: bucket08275 key: .Trash/runner/Current/volume98580/bucket08275/testKey2
	at org.apache.hadoop.ozone.om.KeyManagerImpl.getOzoneFileStatus(KeyManagerImpl.java:1311) ~[ozone-manager-1.3.0-SNAPSHOT.jar:?]
	at org.apache.hadoop.ozone.om.KeyManagerImpl.getFileStatus(KeyManagerImpl.java:1241) ~[ozone-manager-1.3.0-SNAPSHOT.jar:?]
	at org.apache.hadoop.ozone.om.OzoneManager.getFileStatus(OzoneManager.java:3467) ~[ozone-manager-1.3.0-SNAPSHOT.jar:?]
	at org.apache.hadoop.ozone.protocolPB.OzoneManagerRequestHandler.getOzoneFileStatus(OzoneManagerRequestHandler.java:878) ~[ozone-manager-1.3.0-SNAPSHOT.jar:?]
	at org.apache.hadoop.ozone.protocolPB.OzoneManagerRequestHandler.handleReadRequest(OzoneManagerRequestHandler.java:224) ~[ozone-manager-1.3.0-SNAPSHOT.jar:?]
	at org.apache.hadoop.ozone.protocolPB.OzoneManagerProtocolServerSideTranslatorPB.submitReadRequestToOM(OzoneManagerProtocolServerSideTranslatorPB.java:226) ~[ozone-manager-1.3.0-SNAPSHOT.jar:?]
	at org.apache.hadoop.ozone.protocolPB.OzoneManagerProtocolServerSideTranslatorPB.processRequest(OzoneManagerProtocolServerSideTranslatorPB.java:175) ~[ozone-manager-1.3.0-SNAPSHOT.jar:?]
	at org.apache.hadoop.hdds.server.OzoneProtocolMessageDispatcher.processRequest(OzoneProtocolMessageDispatcher.java:87) [hdds-server-framework-1.3.0-SNAPSHOT.jar:?]
	at org.apache.hadoop.ozone.protocolPB.OzoneManagerProtocolServerSideTranslatorPB.submitRequest(OzoneManagerProtocolServerSideTranslatorPB.java:147) [ozone-manager-1.3.0-SNAPSHOT.jar:?]
	at org.apache.hadoop.ozone.protocol.proto.OzoneManagerProtocolProtos$OzoneManagerService$2.callBlockingMethod(OzoneManagerProtocolProtos.java) [ozone-interface-client-1.3.0-SNAPSHOT.jar:?]
	at org.apache.hadoop.ipc.ProtobufRpcEngine$Server.processCall(ProtobufRpcEngine.java:466) [hadoop-common-3.3.1.jar:?]
	at org.apache.hadoop.ipc.ProtobufRpcEngine2$Server$ProtoBufRpcInvoker.call(ProtobufRpcEngine2.java:574) [hadoop-common-3.3.1.jar:?]
	at org.apache.hadoop.ipc.ProtobufRpcEngine2$Server$ProtoBufRpcInvoker.call(ProtobufRpcEngine2.java:552) [hadoop-common-3.3.1.jar:?]
	at org.apache.hadoop.ipc.RPC$Server.call(RPC.java:1093) [hadoop-common-3.3.1.jar:?]
	at org.apache.hadoop.ipc.Server$RpcCall.run(Server.java:1035) [hadoop-common-3.3.1.jar:?]
	at org.apache.hadoop.ipc.Server$RpcCall.run(Server.java:963) [hadoop-common-3.3.1.jar:?]
	at java.security.AccessController.doPrivileged(Native Method) ~[?:1.8.0_332]
	at javax.security.auth.Subject.doAs(Subject.java:422) [?:1.8.0_332]
	at org.apache.hadoop.security.UserGroupInformation.doAs(UserGroupInformation.java:1878) [hadoop-common-3.3.1.jar:?]
	at org.apache.hadoop.ipc.Server$Handler.run(Server.java:2966) [hadoop-common-3.3.1.jar:?]
2022-07-27 13:49:20,716 [Time-limited test] INFO  fs.TrashPolicyDefault (TrashPolicyDefault.java:moveToTrash(188)) - Moved: '/volume98580/bucket08275/testKey2' to trash at: ofs:/volume98580/bucket08275/.Trash/runner/Current/volume98580/bucket08275/testKey2
]]></system-out>
  </testcase>
  <testcase name="testRenameToTrashEnabled" classname="TestRootedOzoneFileSystem" time="0.469">
    <system-out><![CDATA[2022-07-27 13:50:25,891 [Time-limited test] INFO  rpc.RpcClient (RpcClient.java:createVolume(467)) - Creating Volume: volume93490, with user94941 as owner and space quota set to -1 bytes, counts quota set to -1
2022-07-27 13:50:25,893 [OM StateMachine ApplyTransaction Thread - 0] INFO  volume.OMVolumeCreateRequest (OMVolumeCreateRequest.java:validateAndUpdateCache(195)) - created volume:volume93490 for user:user94941
2022-07-27 13:50:25,894 [Time-limited test] INFO  rpc.RpcClient (RpcClient.java:createBucket(670)) - Creating Bucket: volume93490/bucket01323, with bucket layout LEGACY, runner as owner, Versioning false, Storage Type set to DISK and Encryption set to false 
2022-07-27 13:50:25,911 [OM StateMachine ApplyTransaction Thread - 0] INFO  bucket.OMBucketCreateRequest (OMBucketCreateRequest.java:validateAndUpdateCache(260)) - created bucket: bucket01323 of layout LEGACY in volume: volume93490
13:50:26.262 [IPC Server handler 7 on default port 46277] ERROR OMAudit - user=runner | ip=127.0.0.1 | op=GET_FILE_STATUS {volume=volume93490, bucket=bucket01323, key=.Trash/runner/Current/volume93490/bucket01323/testKey2, dataSize=0, replicationConfig=null} | ret=FAILURE
org.apache.hadoop.ozone.om.exceptions.OMException: Unable to get file status: volume: volume93490 bucket: bucket01323 key: .Trash/runner/Current/volume93490/bucket01323/testKey2
	at org.apache.hadoop.ozone.om.KeyManagerImpl.getOzoneFileStatus(KeyManagerImpl.java:1311) ~[ozone-manager-1.3.0-SNAPSHOT.jar:?]
	at org.apache.hadoop.ozone.om.KeyManagerImpl.getFileStatus(KeyManagerImpl.java:1241) ~[ozone-manager-1.3.0-SNAPSHOT.jar:?]
	at org.apache.hadoop.ozone.om.OzoneManager.getFileStatus(OzoneManager.java:3467) ~[ozone-manager-1.3.0-SNAPSHOT.jar:?]
	at org.apache.hadoop.ozone.protocolPB.OzoneManagerRequestHandler.getOzoneFileStatus(OzoneManagerRequestHandler.java:878) ~[ozone-manager-1.3.0-SNAPSHOT.jar:?]
	at org.apache.hadoop.ozone.protocolPB.OzoneManagerRequestHandler.handleReadRequest(OzoneManagerRequestHandler.java:224) ~[ozone-manager-1.3.0-SNAPSHOT.jar:?]
	at org.apache.hadoop.ozone.protocolPB.OzoneManagerProtocolServerSideTranslatorPB.submitReadRequestToOM(OzoneManagerProtocolServerSideTranslatorPB.java:226) ~[ozone-manager-1.3.0-SNAPSHOT.jar:?]
	at org.apache.hadoop.ozone.protocolPB.OzoneManagerProtocolServerSideTranslatorPB.processRequest(OzoneManagerProtocolServerSideTranslatorPB.java:175) ~[ozone-manager-1.3.0-SNAPSHOT.jar:?]
	at org.apache.hadoop.hdds.server.OzoneProtocolMessageDispatcher.processRequest(OzoneProtocolMessageDispatcher.java:87) [hdds-server-framework-1.3.0-SNAPSHOT.jar:?]
	at org.apache.hadoop.ozone.protocolPB.OzoneManagerProtocolServerSideTranslatorPB.submitRequest(OzoneManagerProtocolServerSideTranslatorPB.java:147) [ozone-manager-1.3.0-SNAPSHOT.jar:?]
	at org.apache.hadoop.ozone.protocol.proto.OzoneManagerProtocolProtos$OzoneManagerService$2.callBlockingMethod(OzoneManagerProtocolProtos.java) [ozone-interface-client-1.3.0-SNAPSHOT.jar:?]
	at org.apache.hadoop.ipc.ProtobufRpcEngine$Server.processCall(ProtobufRpcEngine.java:466) [hadoop-common-3.3.1.jar:?]
	at org.apache.hadoop.ipc.ProtobufRpcEngine2$Server$ProtoBufRpcInvoker.call(ProtobufRpcEngine2.java:574) [hadoop-common-3.3.1.jar:?]
	at org.apache.hadoop.ipc.ProtobufRpcEngine2$Server$ProtoBufRpcInvoker.call(ProtobufRpcEngine2.java:552) [hadoop-common-3.3.1.jar:?]
	at org.apache.hadoop.ipc.RPC$Server.call(RPC.java:1093) [hadoop-common-3.3.1.jar:?]
	at org.apache.hadoop.ipc.Server$RpcCall.run(Server.java:1035) [hadoop-common-3.3.1.jar:?]
	at org.apache.hadoop.ipc.Server$RpcCall.run(Server.java:963) [hadoop-common-3.3.1.jar:?]
	at java.security.AccessController.doPrivileged(Native Method) ~[?:1.8.0_332]
	at javax.security.auth.Subject.doAs(Subject.java:422) [?:1.8.0_332]
	at org.apache.hadoop.security.UserGroupInformation.doAs(UserGroupInformation.java:1878) [hadoop-common-3.3.1.jar:?]
	at org.apache.hadoop.ipc.Server$Handler.run(Server.java:2966) [hadoop-common-3.3.1.jar:?]
13:50:26.264 [IPC Server handler 12 on default port 46277] ERROR OMAudit - user=runner | ip=127.0.0.1 | op=GET_FILE_STATUS {volume=volume93490, bucket=bucket01323, key=.Trash/runner/Current/volume93490/bucket01323/testKey2, dataSize=0, replicationConfig=null} | ret=FAILURE
org.apache.hadoop.ozone.om.exceptions.OMException: Unable to get file status: volume: volume93490 bucket: bucket01323 key: .Trash/runner/Current/volume93490/bucket01323/testKey2
	at org.apache.hadoop.ozone.om.KeyManagerImpl.getOzoneFileStatus(KeyManagerImpl.java:1311) ~[ozone-manager-1.3.0-SNAPSHOT.jar:?]
	at org.apache.hadoop.ozone.om.KeyManagerImpl.getFileStatus(KeyManagerImpl.java:1241) ~[ozone-manager-1.3.0-SNAPSHOT.jar:?]
	at org.apache.hadoop.ozone.om.OzoneManager.getFileStatus(OzoneManager.java:3467) ~[ozone-manager-1.3.0-SNAPSHOT.jar:?]
	at org.apache.hadoop.ozone.protocolPB.OzoneManagerRequestHandler.getOzoneFileStatus(OzoneManagerRequestHandler.java:878) ~[ozone-manager-1.3.0-SNAPSHOT.jar:?]
	at org.apache.hadoop.ozone.protocolPB.OzoneManagerRequestHandler.handleReadRequest(OzoneManagerRequestHandler.java:224) ~[ozone-manager-1.3.0-SNAPSHOT.jar:?]
	at org.apache.hadoop.ozone.protocolPB.OzoneManagerProtocolServerSideTranslatorPB.submitReadRequestToOM(OzoneManagerProtocolServerSideTranslatorPB.java:226) ~[ozone-manager-1.3.0-SNAPSHOT.jar:?]
	at org.apache.hadoop.ozone.protocolPB.OzoneManagerProtocolServerSideTranslatorPB.processRequest(OzoneManagerProtocolServerSideTranslatorPB.java:175) ~[ozone-manager-1.3.0-SNAPSHOT.jar:?]
	at org.apache.hadoop.hdds.server.OzoneProtocolMessageDispatcher.processRequest(OzoneProtocolMessageDispatcher.java:87) [hdds-server-framework-1.3.0-SNAPSHOT.jar:?]
	at org.apache.hadoop.ozone.protocolPB.OzoneManagerProtocolServerSideTranslatorPB.submitRequest(OzoneManagerProtocolServerSideTranslatorPB.java:147) [ozone-manager-1.3.0-SNAPSHOT.jar:?]
	at org.apache.hadoop.ozone.protocol.proto.OzoneManagerProtocolProtos$OzoneManagerService$2.callBlockingMethod(OzoneManagerProtocolProtos.java) [ozone-interface-client-1.3.0-SNAPSHOT.jar:?]
	at org.apache.hadoop.ipc.ProtobufRpcEngine$Server.processCall(ProtobufRpcEngine.java:466) [hadoop-common-3.3.1.jar:?]
	at org.apache.hadoop.ipc.ProtobufRpcEngine2$Server$ProtoBufRpcInvoker.call(ProtobufRpcEngine2.java:574) [hadoop-common-3.3.1.jar:?]
	at org.apache.hadoop.ipc.ProtobufRpcEngine2$Server$ProtoBufRpcInvoker.call(ProtobufRpcEngine2.java:552) [hadoop-common-3.3.1.jar:?]
	at org.apache.hadoop.ipc.RPC$Server.call(RPC.java:1093) [hadoop-common-3.3.1.jar:?]
	at org.apache.hadoop.ipc.Server$RpcCall.run(Server.java:1035) [hadoop-common-3.3.1.jar:?]
	at org.apache.hadoop.ipc.Server$RpcCall.run(Server.java:963) [hadoop-common-3.3.1.jar:?]
	at java.security.AccessController.doPrivileged(Native Method) ~[?:1.8.0_332]
	at javax.security.auth.Subject.doAs(Subject.java:422) [?:1.8.0_332]
	at org.apache.hadoop.security.UserGroupInformation.doAs(UserGroupInformation.java:1878) [hadoop-common-3.3.1.jar:?]
	at org.apache.hadoop.ipc.Server$Handler.run(Server.java:2966) [hadoop-common-3.3.1.jar:?]
2022-07-27 13:50:26,271 [Time-limited test] INFO  fs.TrashPolicyDefault (TrashPolicyDefault.java:moveToTrash(188)) - Moved: '/volume93490/bucket01323/testKey2' to trash at: ofs:/volume93490/bucket01323/.Trash/runner/Current/volume93490/bucket01323/testKey2
]]></system-out>
  </testcase>
  <testcase name="testRenameToTrashEnabled" classname="TestRootedOzoneFileSystem" time="0.334">
    <system-out><![CDATA[2022-07-27 13:51:35,893 [Time-limited test] INFO  rpc.RpcClient (RpcClient.java:createVolume(467)) - Creating Volume: volume48332, with user30026 as owner and space quota set to -1 bytes, counts quota set to -1
2022-07-27 13:51:35,899 [IPC Server handler 1 on default port 45285] INFO  volume.OMVolumeCreateRequest (OMVolumeCreateRequest.java:validateAndUpdateCache(195)) - created volume:volume48332 for user:user30026
2022-07-27 13:51:35,929 [Time-limited test] INFO  rpc.RpcClient (RpcClient.java:createBucket(670)) - Creating Bucket: volume48332/bucket20952, with bucket layout LEGACY, runner as owner, Versioning false, Storage Type set to DISK and Encryption set to false 
2022-07-27 13:51:35,930 [IPC Server handler 0 on default port 45285] INFO  bucket.OMBucketCreateRequest (OMBucketCreateRequest.java:validateAndUpdateCache(260)) - created bucket: bucket20952 of layout LEGACY in volume: volume48332
13:51:36.111 [IPC Server handler 14 on default port 45285] ERROR OMAudit - user=runner | ip=127.0.0.1 | op=GET_FILE_STATUS {volume=volume48332, bucket=bucket20952, key=.Trash/runner/Current/volume48332/bucket20952/testKey2, dataSize=0, replicationConfig=null} | ret=FAILURE
org.apache.hadoop.ozone.om.exceptions.OMException: Unable to get file status: volume: volume48332 bucket: bucket20952 key: .Trash/runner/Current/volume48332/bucket20952/testKey2
	at org.apache.hadoop.ozone.om.KeyManagerImpl.getOzoneFileStatus(KeyManagerImpl.java:1311) ~[ozone-manager-1.3.0-SNAPSHOT.jar:?]
	at org.apache.hadoop.ozone.om.KeyManagerImpl.getFileStatus(KeyManagerImpl.java:1241) ~[ozone-manager-1.3.0-SNAPSHOT.jar:?]
	at org.apache.hadoop.ozone.om.OzoneManager.getFileStatus(OzoneManager.java:3467) ~[ozone-manager-1.3.0-SNAPSHOT.jar:?]
	at org.apache.hadoop.ozone.protocolPB.OzoneManagerRequestHandler.getOzoneFileStatus(OzoneManagerRequestHandler.java:878) ~[ozone-manager-1.3.0-SNAPSHOT.jar:?]
	at org.apache.hadoop.ozone.protocolPB.OzoneManagerRequestHandler.handleReadRequest(OzoneManagerRequestHandler.java:224) ~[ozone-manager-1.3.0-SNAPSHOT.jar:?]
	at org.apache.hadoop.ozone.protocolPB.OzoneManagerProtocolServerSideTranslatorPB.submitRequestDirectlyToOM(OzoneManagerProtocolServerSideTranslatorPB.java:276) ~[ozone-manager-1.3.0-SNAPSHOT.jar:?]
	at org.apache.hadoop.ozone.protocolPB.OzoneManagerProtocolServerSideTranslatorPB.processRequest(OzoneManagerProtocolServerSideTranslatorPB.java:205) ~[ozone-manager-1.3.0-SNAPSHOT.jar:?]
	at org.apache.hadoop.hdds.server.OzoneProtocolMessageDispatcher.processRequest(OzoneProtocolMessageDispatcher.java:87) [hdds-server-framework-1.3.0-SNAPSHOT.jar:?]
	at org.apache.hadoop.ozone.protocolPB.OzoneManagerProtocolServerSideTranslatorPB.submitRequest(OzoneManagerProtocolServerSideTranslatorPB.java:147) [ozone-manager-1.3.0-SNAPSHOT.jar:?]
	at org.apache.hadoop.ozone.protocol.proto.OzoneManagerProtocolProtos$OzoneManagerService$2.callBlockingMethod(OzoneManagerProtocolProtos.java) [ozone-interface-client-1.3.0-SNAPSHOT.jar:?]
	at org.apache.hadoop.ipc.ProtobufRpcEngine$Server.processCall(ProtobufRpcEngine.java:466) [hadoop-common-3.3.1.jar:?]
	at org.apache.hadoop.ipc.ProtobufRpcEngine2$Server$ProtoBufRpcInvoker.call(ProtobufRpcEngine2.java:574) [hadoop-common-3.3.1.jar:?]
	at org.apache.hadoop.ipc.ProtobufRpcEngine2$Server$ProtoBufRpcInvoker.call(ProtobufRpcEngine2.java:552) [hadoop-common-3.3.1.jar:?]
	at org.apache.hadoop.ipc.RPC$Server.call(RPC.java:1093) [hadoop-common-3.3.1.jar:?]
	at org.apache.hadoop.ipc.Server$RpcCall.run(Server.java:1035) [hadoop-common-3.3.1.jar:?]
	at org.apache.hadoop.ipc.Server$RpcCall.run(Server.java:963) [hadoop-common-3.3.1.jar:?]
	at java.security.AccessController.doPrivileged(Native Method) ~[?:1.8.0_332]
	at javax.security.auth.Subject.doAs(Subject.java:422) [?:1.8.0_332]
	at org.apache.hadoop.security.UserGroupInformation.doAs(UserGroupInformation.java:1878) [hadoop-common-3.3.1.jar:?]
	at org.apache.hadoop.ipc.Server$Handler.run(Server.java:2966) [hadoop-common-3.3.1.jar:?]
13:51:36.114 [IPC Server handler 17 on default port 45285] ERROR OMAudit - user=runner | ip=127.0.0.1 | op=GET_FILE_STATUS {volume=volume48332, bucket=bucket20952, key=.Trash/runner/Current/volume48332/bucket20952/testKey2, dataSize=0, replicationConfig=null} | ret=FAILURE
org.apache.hadoop.ozone.om.exceptions.OMException: Unable to get file status: volume: volume48332 bucket: bucket20952 key: .Trash/runner/Current/volume48332/bucket20952/testKey2
	at org.apache.hadoop.ozone.om.KeyManagerImpl.getOzoneFileStatus(KeyManagerImpl.java:1311) ~[ozone-manager-1.3.0-SNAPSHOT.jar:?]
	at org.apache.hadoop.ozone.om.KeyManagerImpl.getFileStatus(KeyManagerImpl.java:1241) ~[ozone-manager-1.3.0-SNAPSHOT.jar:?]
	at org.apache.hadoop.ozone.om.OzoneManager.getFileStatus(OzoneManager.java:3467) ~[ozone-manager-1.3.0-SNAPSHOT.jar:?]
	at org.apache.hadoop.ozone.protocolPB.OzoneManagerRequestHandler.getOzoneFileStatus(OzoneManagerRequestHandler.java:878) ~[ozone-manager-1.3.0-SNAPSHOT.jar:?]
	at org.apache.hadoop.ozone.protocolPB.OzoneManagerRequestHandler.handleReadRequest(OzoneManagerRequestHandler.java:224) ~[ozone-manager-1.3.0-SNAPSHOT.jar:?]
	at org.apache.hadoop.ozone.protocolPB.OzoneManagerProtocolServerSideTranslatorPB.submitRequestDirectlyToOM(OzoneManagerProtocolServerSideTranslatorPB.java:276) ~[ozone-manager-1.3.0-SNAPSHOT.jar:?]
	at org.apache.hadoop.ozone.protocolPB.OzoneManagerProtocolServerSideTranslatorPB.processRequest(OzoneManagerProtocolServerSideTranslatorPB.java:205) ~[ozone-manager-1.3.0-SNAPSHOT.jar:?]
	at org.apache.hadoop.hdds.server.OzoneProtocolMessageDispatcher.processRequest(OzoneProtocolMessageDispatcher.java:87) [hdds-server-framework-1.3.0-SNAPSHOT.jar:?]
	at org.apache.hadoop.ozone.protocolPB.OzoneManagerProtocolServerSideTranslatorPB.submitRequest(OzoneManagerProtocolServerSideTranslatorPB.java:147) [ozone-manager-1.3.0-SNAPSHOT.jar:?]
	at org.apache.hadoop.ozone.protocol.proto.OzoneManagerProtocolProtos$OzoneManagerService$2.callBlockingMethod(OzoneManagerProtocolProtos.java) [ozone-interface-client-1.3.0-SNAPSHOT.jar:?]
	at org.apache.hadoop.ipc.ProtobufRpcEngine$Server.processCall(ProtobufRpcEngine.java:466) [hadoop-common-3.3.1.jar:?]
	at org.apache.hadoop.ipc.ProtobufRpcEngine2$Server$ProtoBufRpcInvoker.call(ProtobufRpcEngine2.java:574) [hadoop-common-3.3.1.jar:?]
	at org.apache.hadoop.ipc.ProtobufRpcEngine2$Server$ProtoBufRpcInvoker.call(ProtobufRpcEngine2.java:552) [hadoop-common-3.3.1.jar:?]
	at org.apache.hadoop.ipc.RPC$Server.call(RPC.java:1093) [hadoop-common-3.3.1.jar:?]
	at org.apache.hadoop.ipc.Server$RpcCall.run(Server.java:1035) [hadoop-common-3.3.1.jar:?]
	at org.apache.hadoop.ipc.Server$RpcCall.run(Server.java:963) [hadoop-common-3.3.1.jar:?]
	at java.security.AccessController.doPrivileged(Native Method) ~[?:1.8.0_332]
	at javax.security.auth.Subject.doAs(Subject.java:422) [?:1.8.0_332]
	at org.apache.hadoop.security.UserGroupInformation.doAs(UserGroupInformation.java:1878) [hadoop-common-3.3.1.jar:?]
	at org.apache.hadoop.ipc.Server$Handler.run(Server.java:2966) [hadoop-common-3.3.1.jar:?]
2022-07-27 13:51:36,119 [Time-limited test] INFO  fs.TrashPolicyDefault (TrashPolicyDefault.java:moveToTrash(188)) - Moved: '/volume48332/bucket20952/testKey2' to trash at: ofs:/volume48332/bucket20952/.Trash/runner/Current/volume48332/bucket20952/testKey2
]]></system-out>
  </testcase>
  <testcase name="testRenameToTrashEnabled" classname="TestRootedOzoneFileSystem" time="0.383">
    <system-out><![CDATA[2022-07-27 13:52:54,450 [Time-limited test] INFO  rpc.RpcClient (RpcClient.java:createVolume(467)) - Creating Volume: volume39808, with user65149 as owner and space quota set to -1 bytes, counts quota set to -1
2022-07-27 13:52:54,453 [OM StateMachine ApplyTransaction Thread - 0] INFO  volume.OMVolumeCreateRequest (OMVolumeCreateRequest.java:validateAndUpdateCache(195)) - created volume:volume39808 for user:user65149
2022-07-27 13:52:54,454 [Time-limited test] INFO  rpc.RpcClient (RpcClient.java:createBucket(670)) - Creating Bucket: volume39808/bucket90987, with bucket layout LEGACY, runner as owner, Versioning false, Storage Type set to DISK and Encryption set to false 
2022-07-27 13:52:54,465 [OM StateMachine ApplyTransaction Thread - 0] INFO  bucket.OMBucketCreateRequest (OMBucketCreateRequest.java:validateAndUpdateCache(260)) - created bucket: bucket90987 of layout LEGACY in volume: volume39808
13:52:54.575 [IPC Server handler 12 on default port 34829] ERROR OMAudit - user=runner | ip=127.0.0.1 | op=GET_FILE_STATUS {volume=volume39808, bucket=bucket90987, key=.Trash/runner/Current/volume39808/bucket90987/testKey2, dataSize=0, replicationConfig=null} | ret=FAILURE
org.apache.hadoop.ozone.om.exceptions.OMException: Unable to get file status: volume: volume39808 bucket: bucket90987 key: .Trash/runner/Current/volume39808/bucket90987/testKey2
	at org.apache.hadoop.ozone.om.KeyManagerImpl.getOzoneFileStatus(KeyManagerImpl.java:1311) ~[ozone-manager-1.3.0-SNAPSHOT.jar:?]
	at org.apache.hadoop.ozone.om.KeyManagerImpl.getFileStatus(KeyManagerImpl.java:1241) ~[ozone-manager-1.3.0-SNAPSHOT.jar:?]
	at org.apache.hadoop.ozone.om.OzoneManager.getFileStatus(OzoneManager.java:3467) ~[ozone-manager-1.3.0-SNAPSHOT.jar:?]
	at org.apache.hadoop.ozone.protocolPB.OzoneManagerRequestHandler.getOzoneFileStatus(OzoneManagerRequestHandler.java:878) ~[ozone-manager-1.3.0-SNAPSHOT.jar:?]
	at org.apache.hadoop.ozone.protocolPB.OzoneManagerRequestHandler.handleReadRequest(OzoneManagerRequestHandler.java:224) ~[ozone-manager-1.3.0-SNAPSHOT.jar:?]
	at org.apache.hadoop.ozone.protocolPB.OzoneManagerProtocolServerSideTranslatorPB.submitReadRequestToOM(OzoneManagerProtocolServerSideTranslatorPB.java:226) ~[ozone-manager-1.3.0-SNAPSHOT.jar:?]
	at org.apache.hadoop.ozone.protocolPB.OzoneManagerProtocolServerSideTranslatorPB.processRequest(OzoneManagerProtocolServerSideTranslatorPB.java:175) ~[ozone-manager-1.3.0-SNAPSHOT.jar:?]
	at org.apache.hadoop.hdds.server.OzoneProtocolMessageDispatcher.processRequest(OzoneProtocolMessageDispatcher.java:87) [hdds-server-framework-1.3.0-SNAPSHOT.jar:?]
	at org.apache.hadoop.ozone.protocolPB.OzoneManagerProtocolServerSideTranslatorPB.submitRequest(OzoneManagerProtocolServerSideTranslatorPB.java:147) [ozone-manager-1.3.0-SNAPSHOT.jar:?]
	at org.apache.hadoop.ozone.protocol.proto.OzoneManagerProtocolProtos$OzoneManagerService$2.callBlockingMethod(OzoneManagerProtocolProtos.java) [ozone-interface-client-1.3.0-SNAPSHOT.jar:?]
	at org.apache.hadoop.ipc.ProtobufRpcEngine$Server.processCall(ProtobufRpcEngine.java:466) [hadoop-common-3.3.1.jar:?]
	at org.apache.hadoop.ipc.ProtobufRpcEngine2$Server$ProtoBufRpcInvoker.call(ProtobufRpcEngine2.java:574) [hadoop-common-3.3.1.jar:?]
	at org.apache.hadoop.ipc.ProtobufRpcEngine2$Server$ProtoBufRpcInvoker.call(ProtobufRpcEngine2.java:552) [hadoop-common-3.3.1.jar:?]
	at org.apache.hadoop.ipc.RPC$Server.call(RPC.java:1093) [hadoop-common-3.3.1.jar:?]
	at org.apache.hadoop.ipc.Server$RpcCall.run(Server.java:1035) [hadoop-common-3.3.1.jar:?]
	at org.apache.hadoop.ipc.Server$RpcCall.run(Server.java:963) [hadoop-common-3.3.1.jar:?]
	at java.security.AccessController.doPrivileged(Native Method) ~[?:1.8.0_332]
	at javax.security.auth.Subject.doAs(Subject.java:422) [?:1.8.0_332]
	at org.apache.hadoop.security.UserGroupInformation.doAs(UserGroupInformation.java:1878) [hadoop-common-3.3.1.jar:?]
	at org.apache.hadoop.ipc.Server$Handler.run(Server.java:2966) [hadoop-common-3.3.1.jar:?]
13:52:54.577 [IPC Server handler 6 on default port 34829] ERROR OMAudit - user=runner | ip=127.0.0.1 | op=GET_FILE_STATUS {volume=volume39808, bucket=bucket90987, key=.Trash/runner/Current/volume39808/bucket90987/testKey2, dataSize=0, replicationConfig=null} | ret=FAILURE
org.apache.hadoop.ozone.om.exceptions.OMException: Unable to get file status: volume: volume39808 bucket: bucket90987 key: .Trash/runner/Current/volume39808/bucket90987/testKey2
	at org.apache.hadoop.ozone.om.KeyManagerImpl.getOzoneFileStatus(KeyManagerImpl.java:1311) ~[ozone-manager-1.3.0-SNAPSHOT.jar:?]
	at org.apache.hadoop.ozone.om.KeyManagerImpl.getFileStatus(KeyManagerImpl.java:1241) ~[ozone-manager-1.3.0-SNAPSHOT.jar:?]
	at org.apache.hadoop.ozone.om.OzoneManager.getFileStatus(OzoneManager.java:3467) ~[ozone-manager-1.3.0-SNAPSHOT.jar:?]
	at org.apache.hadoop.ozone.protocolPB.OzoneManagerRequestHandler.getOzoneFileStatus(OzoneManagerRequestHandler.java:878) ~[ozone-manager-1.3.0-SNAPSHOT.jar:?]
	at org.apache.hadoop.ozone.protocolPB.OzoneManagerRequestHandler.handleReadRequest(OzoneManagerRequestHandler.java:224) ~[ozone-manager-1.3.0-SNAPSHOT.jar:?]
	at org.apache.hadoop.ozone.protocolPB.OzoneManagerProtocolServerSideTranslatorPB.submitReadRequestToOM(OzoneManagerProtocolServerSideTranslatorPB.java:226) ~[ozone-manager-1.3.0-SNAPSHOT.jar:?]
	at org.apache.hadoop.ozone.protocolPB.OzoneManagerProtocolServerSideTranslatorPB.processRequest(OzoneManagerProtocolServerSideTranslatorPB.java:175) ~[ozone-manager-1.3.0-SNAPSHOT.jar:?]
	at org.apache.hadoop.hdds.server.OzoneProtocolMessageDispatcher.processRequest(OzoneProtocolMessageDispatcher.java:87) [hdds-server-framework-1.3.0-SNAPSHOT.jar:?]
	at org.apache.hadoop.ozone.protocolPB.OzoneManagerProtocolServerSideTranslatorPB.submitRequest(OzoneManagerProtocolServerSideTranslatorPB.java:147) [ozone-manager-1.3.0-SNAPSHOT.jar:?]
	at org.apache.hadoop.ozone.protocol.proto.OzoneManagerProtocolProtos$OzoneManagerService$2.callBlockingMethod(OzoneManagerProtocolProtos.java) [ozone-interface-client-1.3.0-SNAPSHOT.jar:?]
	at org.apache.hadoop.ipc.ProtobufRpcEngine$Server.processCall(ProtobufRpcEngine.java:466) [hadoop-common-3.3.1.jar:?]
	at org.apache.hadoop.ipc.ProtobufRpcEngine2$Server$ProtoBufRpcInvoker.call(ProtobufRpcEngine2.java:574) [hadoop-common-3.3.1.jar:?]
	at org.apache.hadoop.ipc.ProtobufRpcEngine2$Server$ProtoBufRpcInvoker.call(ProtobufRpcEngine2.java:552) [hadoop-common-3.3.1.jar:?]
	at org.apache.hadoop.ipc.RPC$Server.call(RPC.java:1093) [hadoop-common-3.3.1.jar:?]
	at org.apache.hadoop.ipc.Server$RpcCall.run(Server.java:1035) [hadoop-common-3.3.1.jar:?]
	at org.apache.hadoop.ipc.Server$RpcCall.run(Server.java:963) [hadoop-common-3.3.1.jar:?]
	at java.security.AccessController.doPrivileged(Native Method) ~[?:1.8.0_332]
	at javax.security.auth.Subject.doAs(Subject.java:422) [?:1.8.0_332]
	at org.apache.hadoop.security.UserGroupInformation.doAs(UserGroupInformation.java:1878) [hadoop-common-3.3.1.jar:?]
	at org.apache.hadoop.ipc.Server$Handler.run(Server.java:2966) [hadoop-common-3.3.1.jar:?]
2022-07-27 13:52:54,599 [Time-limited test] INFO  fs.TrashPolicyDefault (TrashPolicyDefault.java:moveToTrash(188)) - Moved: '/volume39808/bucket90987/testKey2' to trash at: ofs:/volume39808/bucket90987/.Trash/runner/Current/volume39808/bucket90987/testKey2
]]></system-out>
  </testcase>
  <testcase name="testRenameToTrashEnabled" classname="TestRootedOzoneFileSystem" time="0.436">
    <failure type="java.lang.AssertionError"><![CDATA[java.lang.AssertionError
	at org.junit.Assert.fail(Assert.java:87)
	at org.junit.Assert.assertTrue(Assert.java:42)
	at org.junit.Assert.assertTrue(Assert.java:53)
	at org.apache.hadoop.fs.ozone.TestRootedOzoneFileSystem.testRenameToTrashEnabled(TestRootedOzoneFileSystem.java:1331)
	at sun.reflect.NativeMethodAccessorImpl.invoke0(Native Method)
	at sun.reflect.NativeMethodAccessorImpl.invoke(NativeMethodAccessorImpl.java:62)
	at sun.reflect.DelegatingMethodAccessorImpl.invoke(DelegatingMethodAccessorImpl.java:43)
	at java.lang.reflect.Method.invoke(Method.java:498)
	at org.junit.runners.model.FrameworkMethod$1.runReflectiveCall(FrameworkMethod.java:59)
	at org.junit.internal.runners.model.ReflectiveCallable.run(ReflectiveCallable.java:12)
	at org.junit.runners.model.FrameworkMethod.invokeExplosively(FrameworkMethod.java:56)
	at org.junit.internal.runners.statements.InvokeMethod.evaluate(InvokeMethod.java:17)
	at org.junit.internal.runners.statements.RunBefores.evaluate(RunBefores.java:26)
	at org.junit.internal.runners.statements.RunAfters.evaluate(RunAfters.java:27)
	at org.junit.internal.runners.statements.FailOnTimeout$CallableStatement.call(FailOnTimeout.java:288)
	at org.junit.internal.runners.statements.FailOnTimeout$CallableStatement.call(FailOnTimeout.java:282)
	at java.util.concurrent.FutureTask.run(FutureTask.java:266)
	at java.lang.Thread.run(Thread.java:750)
]]></failure>
    <system-out><![CDATA[2022-07-27 13:54:14,776 [Time-limited test] INFO  rpc.RpcClient (RpcClient.java:createVolume(467)) - Creating Volume: volume39878, with user31156 as owner and space quota set to -1 bytes, counts quota set to -1
2022-07-27 13:54:14,777 [IPC Server handler 7 on default port 41147] INFO  volume.OMVolumeCreateRequest (OMVolumeCreateRequest.java:validateAndUpdateCache(195)) - created volume:volume39878 for user:user31156
2022-07-27 13:54:14,779 [Time-limited test] INFO  rpc.RpcClient (RpcClient.java:createBucket(670)) - Creating Bucket: volume39878/bucket82516, with bucket layout LEGACY, runner as owner, Versioning false, Storage Type set to DISK and Encryption set to false 
2022-07-27 13:54:14,779 [IPC Server handler 5 on default port 41147] INFO  bucket.OMBucketCreateRequest (OMBucketCreateRequest.java:validateAndUpdateCache(260)) - created bucket: bucket82516 of layout LEGACY in volume: volume39878
13:54:14.983 [IPC Server handler 19 on default port 41147] ERROR OMAudit - user=runner | ip=127.0.0.1 | op=GET_FILE_STATUS {volume=volume39878, bucket=bucket82516, key=.Trash/runner/Current/volume39878/bucket82516/testKey2, dataSize=0, replicationConfig=null} | ret=FAILURE
org.apache.hadoop.ozone.om.exceptions.OMException: Unable to get file status: volume: volume39878 bucket: bucket82516 key: .Trash/runner/Current/volume39878/bucket82516/testKey2
	at org.apache.hadoop.ozone.om.KeyManagerImpl.getOzoneFileStatus(KeyManagerImpl.java:1311) ~[ozone-manager-1.3.0-SNAPSHOT.jar:?]
	at org.apache.hadoop.ozone.om.KeyManagerImpl.getFileStatus(KeyManagerImpl.java:1241) ~[ozone-manager-1.3.0-SNAPSHOT.jar:?]
	at org.apache.hadoop.ozone.om.OzoneManager.getFileStatus(OzoneManager.java:3467) ~[ozone-manager-1.3.0-SNAPSHOT.jar:?]
	at org.apache.hadoop.ozone.protocolPB.OzoneManagerRequestHandler.getOzoneFileStatus(OzoneManagerRequestHandler.java:878) ~[ozone-manager-1.3.0-SNAPSHOT.jar:?]
	at org.apache.hadoop.ozone.protocolPB.OzoneManagerRequestHandler.handleReadRequest(OzoneManagerRequestHandler.java:224) ~[ozone-manager-1.3.0-SNAPSHOT.jar:?]
	at org.apache.hadoop.ozone.protocolPB.OzoneManagerProtocolServerSideTranslatorPB.submitRequestDirectlyToOM(OzoneManagerProtocolServerSideTranslatorPB.java:276) ~[ozone-manager-1.3.0-SNAPSHOT.jar:?]
	at org.apache.hadoop.ozone.protocolPB.OzoneManagerProtocolServerSideTranslatorPB.processRequest(OzoneManagerProtocolServerSideTranslatorPB.java:205) ~[ozone-manager-1.3.0-SNAPSHOT.jar:?]
	at org.apache.hadoop.hdds.server.OzoneProtocolMessageDispatcher.processRequest(OzoneProtocolMessageDispatcher.java:87) [hdds-server-framework-1.3.0-SNAPSHOT.jar:?]
	at org.apache.hadoop.ozone.protocolPB.OzoneManagerProtocolServerSideTranslatorPB.submitRequest(OzoneManagerProtocolServerSideTranslatorPB.java:147) [ozone-manager-1.3.0-SNAPSHOT.jar:?]
	at org.apache.hadoop.ozone.protocol.proto.OzoneManagerProtocolProtos$OzoneManagerService$2.callBlockingMethod(OzoneManagerProtocolProtos.java) [ozone-interface-client-1.3.0-SNAPSHOT.jar:?]
	at org.apache.hadoop.ipc.ProtobufRpcEngine$Server.processCall(ProtobufRpcEngine.java:466) [hadoop-common-3.3.1.jar:?]
	at org.apache.hadoop.ipc.ProtobufRpcEngine2$Server$ProtoBufRpcInvoker.call(ProtobufRpcEngine2.java:574) [hadoop-common-3.3.1.jar:?]
	at org.apache.hadoop.ipc.ProtobufRpcEngine2$Server$ProtoBufRpcInvoker.call(ProtobufRpcEngine2.java:552) [hadoop-common-3.3.1.jar:?]
	at org.apache.hadoop.ipc.RPC$Server.call(RPC.java:1093) [hadoop-common-3.3.1.jar:?]
	at org.apache.hadoop.ipc.Server$RpcCall.run(Server.java:1035) [hadoop-common-3.3.1.jar:?]
	at org.apache.hadoop.ipc.Server$RpcCall.run(Server.java:963) [hadoop-common-3.3.1.jar:?]
	at java.security.AccessController.doPrivileged(Native Method) ~[?:1.8.0_332]
	at javax.security.auth.Subject.doAs(Subject.java:422) [?:1.8.0_332]
	at org.apache.hadoop.security.UserGroupInformation.doAs(UserGroupInformation.java:1878) [hadoop-common-3.3.1.jar:?]
	at org.apache.hadoop.ipc.Server$Handler.run(Server.java:2966) [hadoop-common-3.3.1.jar:?]
13:54:14.990 [IPC Server handler 8 on default port 41147] ERROR OMAudit - user=runner | ip=127.0.0.1 | op=GET_FILE_STATUS {volume=volume39878, bucket=bucket82516, key=.Trash/runner/Current/volume39878/bucket82516/testKey2, dataSize=0, replicationConfig=null} | ret=FAILURE
org.apache.hadoop.ozone.om.exceptions.OMException: Unable to get file status: volume: volume39878 bucket: bucket82516 key: .Trash/runner/Current/volume39878/bucket82516/testKey2
	at org.apache.hadoop.ozone.om.KeyManagerImpl.getOzoneFileStatus(KeyManagerImpl.java:1311) ~[ozone-manager-1.3.0-SNAPSHOT.jar:?]
	at org.apache.hadoop.ozone.om.KeyManagerImpl.getFileStatus(KeyManagerImpl.java:1241) ~[ozone-manager-1.3.0-SNAPSHOT.jar:?]
	at org.apache.hadoop.ozone.om.OzoneManager.getFileStatus(OzoneManager.java:3467) ~[ozone-manager-1.3.0-SNAPSHOT.jar:?]
	at org.apache.hadoop.ozone.protocolPB.OzoneManagerRequestHandler.getOzoneFileStatus(OzoneManagerRequestHandler.java:878) ~[ozone-manager-1.3.0-SNAPSHOT.jar:?]
	at org.apache.hadoop.ozone.protocolPB.OzoneManagerRequestHandler.handleReadRequest(OzoneManagerRequestHandler.java:224) ~[ozone-manager-1.3.0-SNAPSHOT.jar:?]
	at org.apache.hadoop.ozone.protocolPB.OzoneManagerProtocolServerSideTranslatorPB.submitRequestDirectlyToOM(OzoneManagerProtocolServerSideTranslatorPB.java:276) ~[ozone-manager-1.3.0-SNAPSHOT.jar:?]
	at org.apache.hadoop.ozone.protocolPB.OzoneManagerProtocolServerSideTranslatorPB.processRequest(OzoneManagerProtocolServerSideTranslatorPB.java:205) ~[ozone-manager-1.3.0-SNAPSHOT.jar:?]
	at org.apache.hadoop.hdds.server.OzoneProtocolMessageDispatcher.processRequest(OzoneProtocolMessageDispatcher.java:87) [hdds-server-framework-1.3.0-SNAPSHOT.jar:?]
	at org.apache.hadoop.ozone.protocolPB.OzoneManagerProtocolServerSideTranslatorPB.submitRequest(OzoneManagerProtocolServerSideTranslatorPB.java:147) [ozone-manager-1.3.0-SNAPSHOT.jar:?]
	at org.apache.hadoop.ozone.protocol.proto.OzoneManagerProtocolProtos$OzoneManagerService$2.callBlockingMethod(OzoneManagerProtocolProtos.java) [ozone-interface-client-1.3.0-SNAPSHOT.jar:?]
	at org.apache.hadoop.ipc.ProtobufRpcEngine$Server.processCall(ProtobufRpcEngine.java:466) [hadoop-common-3.3.1.jar:?]
	at org.apache.hadoop.ipc.ProtobufRpcEngine2$Server$ProtoBufRpcInvoker.call(ProtobufRpcEngine2.java:574) [hadoop-common-3.3.1.jar:?]
	at org.apache.hadoop.ipc.ProtobufRpcEngine2$Server$ProtoBufRpcInvoker.call(ProtobufRpcEngine2.java:552) [hadoop-common-3.3.1.jar:?]
	at org.apache.hadoop.ipc.RPC$Server.call(RPC.java:1093) [hadoop-common-3.3.1.jar:?]
	at org.apache.hadoop.ipc.Server$RpcCall.run(Server.java:1035) [hadoop-common-3.3.1.jar:?]
	at org.apache.hadoop.ipc.Server$RpcCall.run(Server.java:963) [hadoop-common-3.3.1.jar:?]
	at java.security.AccessController.doPrivileged(Native Method) ~[?:1.8.0_332]
	at javax.security.auth.Subject.doAs(Subject.java:422) [?:1.8.0_332]
	at org.apache.hadoop.security.UserGroupInformation.doAs(UserGroupInformation.java:1878) [hadoop-common-3.3.1.jar:?]
	at org.apache.hadoop.ipc.Server$Handler.run(Server.java:2966) [hadoop-common-3.3.1.jar:?]
2022-07-27 13:54:15,031 [Time-limited test] INFO  fs.TrashPolicyDefault (TrashPolicyDefault.java:moveToTrash(188)) - Moved: '/volume39878/bucket82516/testKey2' to trash at: ofs:/volume39878/bucket82516/.Trash/runner/Current/volume39878/bucket82516/testKey2
13:54:15.045 [IPC Server handler 0 on default port 41147] ERROR OMAudit - user=runner | ip=127.0.0.1 | op=GET_FILE_STATUS {volume=volume39878, bucket=bucket82516, key=.Trash/runner/Current, dataSize=0, replicationConfig=null} | ret=FAILURE
org.apache.hadoop.ozone.om.exceptions.OMException: Unable to get file status: volume: volume39878 bucket: bucket82516 key: .Trash/runner/Current
	at org.apache.hadoop.ozone.om.KeyManagerImpl.getOzoneFileStatus(KeyManagerImpl.java:1311) ~[ozone-manager-1.3.0-SNAPSHOT.jar:?]
	at org.apache.hadoop.ozone.om.KeyManagerImpl.getFileStatus(KeyManagerImpl.java:1241) ~[ozone-manager-1.3.0-SNAPSHOT.jar:?]
	at org.apache.hadoop.ozone.om.OzoneManager.getFileStatus(OzoneManager.java:3467) ~[ozone-manager-1.3.0-SNAPSHOT.jar:?]
	at org.apache.hadoop.ozone.protocolPB.OzoneManagerRequestHandler.getOzoneFileStatus(OzoneManagerRequestHandler.java:878) ~[ozone-manager-1.3.0-SNAPSHOT.jar:?]
	at org.apache.hadoop.ozone.protocolPB.OzoneManagerRequestHandler.handleReadRequest(OzoneManagerRequestHandler.java:224) ~[ozone-manager-1.3.0-SNAPSHOT.jar:?]
	at org.apache.hadoop.ozone.protocolPB.OzoneManagerProtocolServerSideTranslatorPB.submitRequestDirectlyToOM(OzoneManagerProtocolServerSideTranslatorPB.java:276) ~[ozone-manager-1.3.0-SNAPSHOT.jar:?]
	at org.apache.hadoop.ozone.protocolPB.OzoneManagerProtocolServerSideTranslatorPB.processRequest(OzoneManagerProtocolServerSideTranslatorPB.java:205) ~[ozone-manager-1.3.0-SNAPSHOT.jar:?]
	at org.apache.hadoop.hdds.server.OzoneProtocolMessageDispatcher.processRequest(OzoneProtocolMessageDispatcher.java:87) [hdds-server-framework-1.3.0-SNAPSHOT.jar:?]
	at org.apache.hadoop.ozone.protocolPB.OzoneManagerProtocolServerSideTranslatorPB.submitRequest(OzoneManagerProtocolServerSideTranslatorPB.java:147) [ozone-manager-1.3.0-SNAPSHOT.jar:?]
	at org.apache.hadoop.ozone.protocol.proto.OzoneManagerProtocolProtos$OzoneManagerService$2.callBlockingMethod(OzoneManagerProtocolProtos.java) [ozone-interface-client-1.3.0-SNAPSHOT.jar:?]
	at org.apache.hadoop.ipc.ProtobufRpcEngine$Server.processCall(ProtobufRpcEngine.java:466) [hadoop-common-3.3.1.jar:?]
	at org.apache.hadoop.ipc.ProtobufRpcEngine2$Server$ProtoBufRpcInvoker.call(ProtobufRpcEngine2.java:574) [hadoop-common-3.3.1.jar:?]
	at org.apache.hadoop.ipc.ProtobufRpcEngine2$Server$ProtoBufRpcInvoker.call(ProtobufRpcEngine2.java:552) [hadoop-common-3.3.1.jar:?]
	at org.apache.hadoop.ipc.RPC$Server.call(RPC.java:1093) [hadoop-common-3.3.1.jar:?]
	at org.apache.hadoop.ipc.Server$RpcCall.run(Server.java:1035) [hadoop-common-3.3.1.jar:?]
	at org.apache.hadoop.ipc.Server$RpcCall.run(Server.java:963) [hadoop-common-3.3.1.jar:?]
	at java.security.AccessController.doPrivileged(Native Method) ~[?:1.8.0_332]
	at javax.security.auth.Subject.doAs(Subject.java:422) [?:1.8.0_332]
	at org.apache.hadoop.security.UserGroupInformation.doAs(UserGroupInformation.java:1878) [hadoop-common-3.3.1.jar:?]
	at org.apache.hadoop.ipc.Server$Handler.run(Server.java:2966) [hadoop-common-3.3.1.jar:?]
]]></system-out>
  </testcase>
  <testcase name="testMkdirOnNonExistentVolumeBucketDir" classname="TestRootedOzoneFileSystem" time="0">
    <skipped type="org.junit.AssumptionViolatedException"><![CDATA[org.junit.AssumptionViolatedException: FS Path is enabled. Skipping this test as it is not tuned for FS Path yet
	at org.junit.Assume.assumeTrue(Assume.java:68)
	at org.apache.hadoop.fs.ozone.TestRootedOzoneFileSystem.testMkdirOnNonExistentVolumeBucketDir(TestRootedOzoneFileSystem.java:421)
	at sun.reflect.NativeMethodAccessorImpl.invoke0(Native Method)
	at sun.reflect.NativeMethodAccessorImpl.invoke(NativeMethodAccessorImpl.java:62)
	at sun.reflect.DelegatingMethodAccessorImpl.invoke(DelegatingMethodAccessorImpl.java:43)
	at java.lang.reflect.Method.invoke(Method.java:498)
	at org.junit.runners.model.FrameworkMethod$1.runReflectiveCall(FrameworkMethod.java:59)
	at org.junit.internal.runners.model.ReflectiveCallable.run(ReflectiveCallable.java:12)
	at org.junit.runners.model.FrameworkMethod.invokeExplosively(FrameworkMethod.java:56)
	at org.junit.internal.runners.statements.InvokeMethod.evaluate(InvokeMethod.java:17)
	at org.junit.internal.runners.statements.RunBefores.evaluate(RunBefores.java:26)
	at org.junit.internal.runners.statements.RunAfters.evaluate(RunAfters.java:27)
	at org.junit.internal.runners.statements.FailOnTimeout$CallableStatement.call(FailOnTimeout.java:288)
	at org.junit.internal.runners.statements.FailOnTimeout$CallableStatement.call(FailOnTimeout.java:282)
	at java.util.concurrent.FutureTask.run(FutureTask.java:266)
	at java.lang.Thread.run(Thread.java:750)
]]></skipped>
    <system-out><![CDATA[2022-07-27 13:49:20,782 [Time-limited test] INFO  rpc.RpcClient (RpcClient.java:createVolume(467)) - Creating Volume: volume92684, with user82113 as owner and space quota set to -1 bytes, counts quota set to -1
2022-07-27 13:49:20,785 [OM StateMachine ApplyTransaction Thread - 0] INFO  volume.OMVolumeCreateRequest (OMVolumeCreateRequest.java:validateAndUpdateCache(195)) - created volume:volume92684 for user:user82113
2022-07-27 13:49:20,788 [Time-limited test] INFO  rpc.RpcClient (RpcClient.java:createBucket(670)) - Creating Bucket: volume92684/bucket60456, with bucket layout LEGACY, runner as owner, Versioning false, Storage Type set to DISK and Encryption set to false 
2022-07-27 13:49:20,790 [OM StateMachine ApplyTransaction Thread - 0] INFO  bucket.OMBucketCreateRequest (OMBucketCreateRequest.java:validateAndUpdateCache(260)) - created bucket: bucket60456 of layout LEGACY in volume: volume92684
]]></system-out>
  </testcase>
  <testcase name="testMkdirOnNonExistentVolumeBucketDir" classname="TestRootedOzoneFileSystem" time="0">
    <skipped type="org.junit.AssumptionViolatedException"><![CDATA[org.junit.AssumptionViolatedException: FS Path is enabled. Skipping this test as it is not tuned for FS Path yet
	at org.junit.Assume.assumeTrue(Assume.java:68)
	at org.apache.hadoop.fs.ozone.TestRootedOzoneFileSystem.testMkdirOnNonExistentVolumeBucketDir(TestRootedOzoneFileSystem.java:421)
	at sun.reflect.NativeMethodAccessorImpl.invoke0(Native Method)
	at sun.reflect.NativeMethodAccessorImpl.invoke(NativeMethodAccessorImpl.java:62)
	at sun.reflect.DelegatingMethodAccessorImpl.invoke(DelegatingMethodAccessorImpl.java:43)
	at java.lang.reflect.Method.invoke(Method.java:498)
	at org.junit.runners.model.FrameworkMethod$1.runReflectiveCall(FrameworkMethod.java:59)
	at org.junit.internal.runners.model.ReflectiveCallable.run(ReflectiveCallable.java:12)
	at org.junit.runners.model.FrameworkMethod.invokeExplosively(FrameworkMethod.java:56)
	at org.junit.internal.runners.statements.InvokeMethod.evaluate(InvokeMethod.java:17)
	at org.junit.internal.runners.statements.RunBefores.evaluate(RunBefores.java:26)
	at org.junit.internal.runners.statements.RunAfters.evaluate(RunAfters.java:27)
	at org.junit.internal.runners.statements.FailOnTimeout$CallableStatement.call(FailOnTimeout.java:288)
	at org.junit.internal.runners.statements.FailOnTimeout$CallableStatement.call(FailOnTimeout.java:282)
	at java.util.concurrent.FutureTask.run(FutureTask.java:266)
	at java.lang.Thread.run(Thread.java:750)
]]></skipped>
    <system-out><![CDATA[2022-07-27 13:50:26,349 [Time-limited test] INFO  rpc.RpcClient (RpcClient.java:createVolume(467)) - Creating Volume: volume47884, with user70319 as owner and space quota set to -1 bytes, counts quota set to -1
2022-07-27 13:50:26,352 [OM StateMachine ApplyTransaction Thread - 0] INFO  volume.OMVolumeCreateRequest (OMVolumeCreateRequest.java:validateAndUpdateCache(195)) - created volume:volume47884 for user:user70319
2022-07-27 13:50:26,354 [Time-limited test] INFO  rpc.RpcClient (RpcClient.java:createBucket(670)) - Creating Bucket: volume47884/bucket62788, with bucket layout LEGACY, runner as owner, Versioning false, Storage Type set to DISK and Encryption set to false 
2022-07-27 13:50:26,356 [OM StateMachine ApplyTransaction Thread - 0] INFO  bucket.OMBucketCreateRequest (OMBucketCreateRequest.java:validateAndUpdateCache(260)) - created bucket: bucket62788 of layout LEGACY in volume: volume47884
]]></system-out>
  </testcase>
  <testcase name="testMkdirOnNonExistentVolumeBucketDir" classname="TestRootedOzoneFileSystem" time="0">
    <skipped type="org.junit.AssumptionViolatedException"><![CDATA[org.junit.AssumptionViolatedException: FS Path is enabled. Skipping this test as it is not tuned for FS Path yet
	at org.junit.Assume.assumeTrue(Assume.java:68)
	at org.apache.hadoop.fs.ozone.TestRootedOzoneFileSystem.testMkdirOnNonExistentVolumeBucketDir(TestRootedOzoneFileSystem.java:421)
	at sun.reflect.NativeMethodAccessorImpl.invoke0(Native Method)
	at sun.reflect.NativeMethodAccessorImpl.invoke(NativeMethodAccessorImpl.java:62)
	at sun.reflect.DelegatingMethodAccessorImpl.invoke(DelegatingMethodAccessorImpl.java:43)
	at java.lang.reflect.Method.invoke(Method.java:498)
	at org.junit.runners.model.FrameworkMethod$1.runReflectiveCall(FrameworkMethod.java:59)
	at org.junit.internal.runners.model.ReflectiveCallable.run(ReflectiveCallable.java:12)
	at org.junit.runners.model.FrameworkMethod.invokeExplosively(FrameworkMethod.java:56)
	at org.junit.internal.runners.statements.InvokeMethod.evaluate(InvokeMethod.java:17)
	at org.junit.internal.runners.statements.RunBefores.evaluate(RunBefores.java:26)
	at org.junit.internal.runners.statements.RunAfters.evaluate(RunAfters.java:27)
	at org.junit.internal.runners.statements.FailOnTimeout$CallableStatement.call(FailOnTimeout.java:288)
	at org.junit.internal.runners.statements.FailOnTimeout$CallableStatement.call(FailOnTimeout.java:282)
	at java.util.concurrent.FutureTask.run(FutureTask.java:266)
	at java.lang.Thread.run(Thread.java:750)
]]></skipped>
    <system-out><![CDATA[2022-07-27 13:51:36,239 [Time-limited test] INFO  rpc.RpcClient (RpcClient.java:createVolume(467)) - Creating Volume: volume67873, with user98649 as owner and space quota set to -1 bytes, counts quota set to -1
2022-07-27 13:51:36,241 [IPC Server handler 3 on default port 45285] INFO  volume.OMVolumeCreateRequest (OMVolumeCreateRequest.java:validateAndUpdateCache(195)) - created volume:volume67873 for user:user98649
2022-07-27 13:51:36,247 [Time-limited test] INFO  rpc.RpcClient (RpcClient.java:createBucket(670)) - Creating Bucket: volume67873/bucket38651, with bucket layout LEGACY, runner as owner, Versioning false, Storage Type set to DISK and Encryption set to false 
2022-07-27 13:51:36,247 [IPC Server handler 4 on default port 45285] INFO  bucket.OMBucketCreateRequest (OMBucketCreateRequest.java:validateAndUpdateCache(260)) - created bucket: bucket38651 of layout LEGACY in volume: volume67873
]]></system-out>
  </testcase>
  <testcase name="testMkdirOnNonExistentVolumeBucketDir" classname="TestRootedOzoneFileSystem" time="0.401">
    <system-out><![CDATA[2022-07-27 13:52:54,867 [Time-limited test] INFO  rpc.RpcClient (RpcClient.java:createVolume(467)) - Creating Volume: volume96058, with user52930 as owner and space quota set to -1 bytes, counts quota set to -1
2022-07-27 13:52:54,869 [OM StateMachine ApplyTransaction Thread - 0] INFO  volume.OMVolumeCreateRequest (OMVolumeCreateRequest.java:validateAndUpdateCache(195)) - created volume:volume96058 for user:user52930
2022-07-27 13:52:54,870 [Time-limited test] INFO  rpc.RpcClient (RpcClient.java:createBucket(670)) - Creating Bucket: volume96058/bucket20914, with bucket layout LEGACY, runner as owner, Versioning false, Storage Type set to DISK and Encryption set to false 
2022-07-27 13:52:54,871 [OM StateMachine ApplyTransaction Thread - 0] INFO  bucket.OMBucketCreateRequest (OMBucketCreateRequest.java:validateAndUpdateCache(260)) - created bucket: bucket20914 of layout LEGACY in volume: volume96058
13:52:54.872 [IPC Server handler 16 on default port 34829] ERROR OMAudit - user=runner | ip=127.0.0.1 | op=READ_BUCKET {volume=volume-36372, bucket=bucket-12807} | ret=FAILURE
org.apache.hadoop.ozone.om.exceptions.OMException: Volume not found when getting bucket info
	at org.apache.hadoop.ozone.om.BucketManagerImpl.getBucketInfo(BucketManagerImpl.java:127) ~[ozone-manager-1.3.0-SNAPSHOT.jar:?]
	at org.apache.hadoop.ozone.om.OzoneManager.getBucketInfo(OzoneManager.java:2779) ~[ozone-manager-1.3.0-SNAPSHOT.jar:?]
	at org.apache.hadoop.ozone.protocolPB.OzoneManagerRequestHandler.infoBucket(OzoneManagerRequestHandler.java:471) ~[ozone-manager-1.3.0-SNAPSHOT.jar:?]
	at org.apache.hadoop.ozone.protocolPB.OzoneManagerRequestHandler.handleReadRequest(OzoneManagerRequestHandler.java:174) ~[ozone-manager-1.3.0-SNAPSHOT.jar:?]
	at org.apache.hadoop.ozone.protocolPB.OzoneManagerProtocolServerSideTranslatorPB.submitReadRequestToOM(OzoneManagerProtocolServerSideTranslatorPB.java:226) ~[ozone-manager-1.3.0-SNAPSHOT.jar:?]
	at org.apache.hadoop.ozone.protocolPB.OzoneManagerProtocolServerSideTranslatorPB.processRequest(OzoneManagerProtocolServerSideTranslatorPB.java:175) ~[ozone-manager-1.3.0-SNAPSHOT.jar:?]
	at org.apache.hadoop.hdds.server.OzoneProtocolMessageDispatcher.processRequest(OzoneProtocolMessageDispatcher.java:87) [hdds-server-framework-1.3.0-SNAPSHOT.jar:?]
	at org.apache.hadoop.ozone.protocolPB.OzoneManagerProtocolServerSideTranslatorPB.submitRequest(OzoneManagerProtocolServerSideTranslatorPB.java:147) [ozone-manager-1.3.0-SNAPSHOT.jar:?]
	at org.apache.hadoop.ozone.protocol.proto.OzoneManagerProtocolProtos$OzoneManagerService$2.callBlockingMethod(OzoneManagerProtocolProtos.java) [ozone-interface-client-1.3.0-SNAPSHOT.jar:?]
	at org.apache.hadoop.ipc.ProtobufRpcEngine$Server.processCall(ProtobufRpcEngine.java:466) [hadoop-common-3.3.1.jar:?]
	at org.apache.hadoop.ipc.ProtobufRpcEngine2$Server$ProtoBufRpcInvoker.call(ProtobufRpcEngine2.java:574) [hadoop-common-3.3.1.jar:?]
	at org.apache.hadoop.ipc.ProtobufRpcEngine2$Server$ProtoBufRpcInvoker.call(ProtobufRpcEngine2.java:552) [hadoop-common-3.3.1.jar:?]
	at org.apache.hadoop.ipc.RPC$Server.call(RPC.java:1093) [hadoop-common-3.3.1.jar:?]
	at org.apache.hadoop.ipc.Server$RpcCall.run(Server.java:1035) [hadoop-common-3.3.1.jar:?]
	at org.apache.hadoop.ipc.Server$RpcCall.run(Server.java:963) [hadoop-common-3.3.1.jar:?]
	at java.security.AccessController.doPrivileged(Native Method) ~[?:1.8.0_332]
	at javax.security.auth.Subject.doAs(Subject.java:422) [?:1.8.0_332]
	at org.apache.hadoop.security.UserGroupInformation.doAs(UserGroupInformation.java:1878) [hadoop-common-3.3.1.jar:?]
	at org.apache.hadoop.ipc.Server$Handler.run(Server.java:2966) [hadoop-common-3.3.1.jar:?]
2022-07-27 13:52:54,873 [Time-limited test] INFO  rpc.RpcClient (RpcClient.java:createVolume(467)) - Creating Volume: volume-36372, with runner as owner and space quota set to -1 bytes, counts quota set to -1
2022-07-27 13:52:54,874 [OM StateMachine ApplyTransaction Thread - 0] INFO  volume.OMVolumeCreateRequest (OMVolumeCreateRequest.java:validateAndUpdateCache(195)) - created volume:volume-36372 for user:runner
2022-07-27 13:52:54,874 [Time-limited test] INFO  rpc.RpcClient (RpcClient.java:createBucket(670)) - Creating Bucket: volume-36372/bucket-12807, with bucket layout LEGACY, runner as owner, Versioning false, Storage Type set to DISK and Encryption set to false 
2022-07-27 13:52:54,883 [ddca7a03-388a-498e-af9c-b33aa01d2ce7@group-4AB8ADFB4942-FollowerState] INFO  impl.FollowerState (FollowerState.java:run(143)) - ddca7a03-388a-498e-af9c-b33aa01d2ce7@group-4AB8ADFB4942-FollowerState: change to CANDIDATE, lastRpcElapsedTime:5076254368ns, electionTimeout:5020ms
2022-07-27 13:52:54,883 [ddca7a03-388a-498e-af9c-b33aa01d2ce7@group-4AB8ADFB4942-FollowerState] INFO  impl.RoleInfo (RoleInfo.java:shutdownFollowerState(110)) - ddca7a03-388a-498e-af9c-b33aa01d2ce7: shutdown ddca7a03-388a-498e-af9c-b33aa01d2ce7@group-4AB8ADFB4942-FollowerState
2022-07-27 13:52:54,883 [ddca7a03-388a-498e-af9c-b33aa01d2ce7@group-4AB8ADFB4942-FollowerState] INFO  server.RaftServer$Division (RaftServerImpl.java:setRole(299)) - ddca7a03-388a-498e-af9c-b33aa01d2ce7@group-4AB8ADFB4942: changes role from  FOLLOWER to CANDIDATE at term 3 for changeToCandidate
2022-07-27 13:52:54,883 [ddca7a03-388a-498e-af9c-b33aa01d2ce7@group-4AB8ADFB4942-FollowerState] INFO  server.RaftServerConfigKeys (ConfUtils.java:logGet(46)) - raft.server.leaderelection.pre-vote = false (custom)
2022-07-27 13:52:54,883 [ddca7a03-388a-498e-af9c-b33aa01d2ce7@group-4AB8ADFB4942-FollowerState] INFO  impl.RoleInfo (RoleInfo.java:updateAndGet(139)) - ddca7a03-388a-498e-af9c-b33aa01d2ce7: start ddca7a03-388a-498e-af9c-b33aa01d2ce7@group-4AB8ADFB4942-LeaderElection49
2022-07-27 13:52:54,886 [OM StateMachine ApplyTransaction Thread - 0] INFO  bucket.OMBucketCreateRequest (OMBucketCreateRequest.java:validateAndUpdateCache(260)) - created bucket: bucket-12807 of layout LEGACY in volume: volume-36372
2022-07-27 13:52:54,898 [ddca7a03-388a-498e-af9c-b33aa01d2ce7@group-4AB8ADFB4942-LeaderElection49] INFO  impl.LeaderElection (LeaderElection.java:askForVotes(310)) - ddca7a03-388a-498e-af9c-b33aa01d2ce7@group-4AB8ADFB4942-LeaderElection49 ELECTION round 0: submit vote requests at term 4 for -1: [300bc6a6-ac9b-494f-ba5e-9b5cd40f574a|rpc:10.1.0.21:35611|dataStream:|priority:0, 58deb1ea-3cfa-40e5-9635-0b83604fd255|rpc:10.1.0.21:32883|dataStream:|priority:0, ddca7a03-388a-498e-af9c-b33aa01d2ce7|rpc:10.1.0.21:36561|dataStream:|priority:1], old=null
2022-07-27 13:52:54,943 [grpc-default-executor-0] INFO  server.RaftServer$Division (RaftServerImpl.java:requestVote(1152)) - 300bc6a6-ac9b-494f-ba5e-9b5cd40f574a@group-4AB8ADFB4942: receive requestVote(ELECTION, ddca7a03-388a-498e-af9c-b33aa01d2ce7, group-4AB8ADFB4942, 4, (t:0, i:0))
2022-07-27 13:52:54,943 [grpc-default-executor-0] INFO  impl.VoteContext (VoteContext.java:log(48)) - 300bc6a6-ac9b-494f-ba5e-9b5cd40f574a@group-4AB8ADFB4942-FOLLOWER: accept ELECTION from ddca7a03-388a-498e-af9c-b33aa01d2ce7: our priority 0 <= candidate's priority 1
2022-07-27 13:52:54,943 [grpc-default-executor-0] INFO  server.RaftServer$Division (RaftServerImpl.java:setRole(299)) - 300bc6a6-ac9b-494f-ba5e-9b5cd40f574a@group-4AB8ADFB4942: changes role from  FOLLOWER to FOLLOWER at term 4 for candidate:ddca7a03-388a-498e-af9c-b33aa01d2ce7
2022-07-27 13:52:54,943 [grpc-default-executor-0] INFO  impl.RoleInfo (RoleInfo.java:shutdownFollowerState(110)) - 300bc6a6-ac9b-494f-ba5e-9b5cd40f574a: shutdown 300bc6a6-ac9b-494f-ba5e-9b5cd40f574a@group-4AB8ADFB4942-FollowerState
2022-07-27 13:52:54,943 [grpc-default-executor-0] INFO  impl.RoleInfo (RoleInfo.java:updateAndGet(139)) - 300bc6a6-ac9b-494f-ba5e-9b5cd40f574a: start 300bc6a6-ac9b-494f-ba5e-9b5cd40f574a@group-4AB8ADFB4942-FollowerState
2022-07-27 13:52:54,943 [300bc6a6-ac9b-494f-ba5e-9b5cd40f574a@group-4AB8ADFB4942-FollowerState] INFO  impl.FollowerState (FollowerState.java:run(152)) - 300bc6a6-ac9b-494f-ba5e-9b5cd40f574a@group-4AB8ADFB4942-FollowerState was interrupted
2022-07-27 13:52:54,946 [grpc-default-executor-0] INFO  server.RaftServer$Division (RaftServerImpl.java:requestVote(1184)) - 300bc6a6-ac9b-494f-ba5e-9b5cd40f574a@group-4AB8ADFB4942 replies to ELECTION vote request: ddca7a03-388a-498e-af9c-b33aa01d2ce7<-300bc6a6-ac9b-494f-ba5e-9b5cd40f574a#0:OK-t4. Peer's state: 300bc6a6-ac9b-494f-ba5e-9b5cd40f574a@group-4AB8ADFB4942:t4, leader=null, voted=ddca7a03-388a-498e-af9c-b33aa01d2ce7, raftlog=300bc6a6-ac9b-494f-ba5e-9b5cd40f574a@group-4AB8ADFB4942-SegmentedRaftLog:OPENED:c-1, conf=-1: [300bc6a6-ac9b-494f-ba5e-9b5cd40f574a|rpc:10.1.0.21:35611|priority:0, 58deb1ea-3cfa-40e5-9635-0b83604fd255|rpc:10.1.0.21:32883|priority:0, ddca7a03-388a-498e-af9c-b33aa01d2ce7|rpc:10.1.0.21:36561|priority:1], old=null
2022-07-27 13:52:54,947 [ddca7a03-388a-498e-af9c-b33aa01d2ce7@group-4AB8ADFB4942-LeaderElection49] INFO  impl.LeaderElection (LeaderElection.java:logAndReturn(90)) - ddca7a03-388a-498e-af9c-b33aa01d2ce7@group-4AB8ADFB4942-LeaderElection49: ELECTION PASSED received 1 response(s) and 0 exception(s):
2022-07-27 13:52:54,947 [ddca7a03-388a-498e-af9c-b33aa01d2ce7@group-4AB8ADFB4942-LeaderElection49] INFO  impl.LeaderElection (LeaderElection.java:logAndReturn(94)) -   Response 0: ddca7a03-388a-498e-af9c-b33aa01d2ce7<-300bc6a6-ac9b-494f-ba5e-9b5cd40f574a#0:OK-t4
2022-07-27 13:52:54,947 [ddca7a03-388a-498e-af9c-b33aa01d2ce7@group-4AB8ADFB4942-LeaderElection49] INFO  impl.LeaderElection (LeaderElection.java:askForVotes(312)) - ddca7a03-388a-498e-af9c-b33aa01d2ce7@group-4AB8ADFB4942-LeaderElection49 ELECTION round 0: result PASSED
2022-07-27 13:52:54,947 [ddca7a03-388a-498e-af9c-b33aa01d2ce7@group-4AB8ADFB4942-LeaderElection49] INFO  impl.RoleInfo (RoleInfo.java:shutdownLeaderElection(130)) - ddca7a03-388a-498e-af9c-b33aa01d2ce7: shutdown ddca7a03-388a-498e-af9c-b33aa01d2ce7@group-4AB8ADFB4942-LeaderElection49
2022-07-27 13:52:54,947 [ddca7a03-388a-498e-af9c-b33aa01d2ce7@group-4AB8ADFB4942-LeaderElection49] INFO  server.RaftServer$Division (RaftServerImpl.java:setRole(299)) - ddca7a03-388a-498e-af9c-b33aa01d2ce7@group-4AB8ADFB4942: changes role from CANDIDATE to LEADER at term 4 for changeToLeader
2022-07-27 13:52:54,947 [ddca7a03-388a-498e-af9c-b33aa01d2ce7@group-4AB8ADFB4942-LeaderElection49] INFO  ratis.XceiverServerRatis (XceiverServerRatis.java:handleLeaderChangedNotification(863)) - Leader change notification received for group: group-4AB8ADFB4942 with new leaderId: ddca7a03-388a-498e-af9c-b33aa01d2ce7
2022-07-27 13:52:54,947 [ddca7a03-388a-498e-af9c-b33aa01d2ce7@group-4AB8ADFB4942-LeaderElection49] INFO  server.RaftServer$Division (ServerState.java:setLeader(287)) - ddca7a03-388a-498e-af9c-b33aa01d2ce7@group-4AB8ADFB4942: change Leader from null to ddca7a03-388a-498e-af9c-b33aa01d2ce7 at term 4 for becomeLeader, leader elected after 20792ms
2022-07-27 13:52:54,947 [ddca7a03-388a-498e-af9c-b33aa01d2ce7@group-4AB8ADFB4942-LeaderElection49] INFO  server.RaftServerConfigKeys (ConfUtils.java:logGet(46)) - raft.server.staging.catchup.gap = 1000 (default)
2022-07-27 13:52:54,948 [ddca7a03-388a-498e-af9c-b33aa01d2ce7@group-4AB8ADFB4942-LeaderElection49] INFO  server.RaftServerConfigKeys (ConfUtils.java:logGet(46)) - raft.server.write.element-limit = 1024 (custom)
2022-07-27 13:52:54,949 [ddca7a03-388a-498e-af9c-b33aa01d2ce7@group-4AB8ADFB4942-LeaderElection49] INFO  server.RaftServerConfigKeys (ConfUtils.java:logGet(46)) - raft.server.write.byte-limit = 1024 M (=1073741824) (custom)
2022-07-27 13:52:54,949 [ddca7a03-388a-498e-af9c-b33aa01d2ce7@group-4AB8ADFB4942-LeaderElection49] INFO  server.RaftServerConfigKeys (ConfUtils.java:logGet(46)) - raft.server.watch.timeout = 180s (custom)
2022-07-27 13:52:54,949 [ddca7a03-388a-498e-af9c-b33aa01d2ce7@group-4AB8ADFB4942-LeaderElection49] INFO  server.RaftServerConfigKeys (ConfUtils.java:logGet(46)) - raft.server.watch.timeout.denomination = 1s (default)
2022-07-27 13:52:54,949 [ddca7a03-388a-498e-af9c-b33aa01d2ce7@group-4AB8ADFB4942-LeaderElection49] INFO  server.RaftServerConfigKeys (ConfUtils.java:logGet(46)) - raft.server.watch.element-limit = 65536 (default)
2022-07-27 13:52:54,949 [ddca7a03-388a-498e-af9c-b33aa01d2ce7@group-4AB8ADFB4942-LeaderElection49] INFO  server.RaftServerConfigKeys (ConfUtils.java:logGet(46)) - raft.server.write.element-limit = 1024 (custom)
2022-07-27 13:52:54,949 [ddca7a03-388a-498e-af9c-b33aa01d2ce7@group-4AB8ADFB4942-LeaderElection49] INFO  server.RaftServerConfigKeys (ConfUtils.java:logGet(46)) - raft.server.write.follower.gap.ratio.max = -1.0 (default)
2022-07-27 13:52:54,950 [ddca7a03-388a-498e-af9c-b33aa01d2ce7@group-4AB8ADFB4942-LeaderElection49] INFO  server.RaftServerConfigKeys (ConfUtils.java:logGet(46)) - raft.server.log.appender.snapshot.chunk.size.max = 16MB (=16777216) (default)
2022-07-27 13:52:54,950 [ddca7a03-388a-498e-af9c-b33aa01d2ce7@group-4AB8ADFB4942-LeaderElection49] INFO  server.RaftServerConfigKeys (ConfUtils.java:logGet(46)) - raft.server.log.appender.buffer.byte-limit = 33554432 (custom)
2022-07-27 13:52:54,950 [ddca7a03-388a-498e-af9c-b33aa01d2ce7@group-4AB8ADFB4942-LeaderElection49] INFO  server.RaftServerConfigKeys (ConfUtils.java:logGet(46)) - raft.server.log.appender.buffer.element-limit = 1 (custom)
2022-07-27 13:52:54,950 [ddca7a03-388a-498e-af9c-b33aa01d2ce7@group-4AB8ADFB4942-LeaderElection49] INFO  grpc.GrpcConfigKeys (ConfUtils.java:logGet(46)) - raft.grpc.server.leader.outstanding.appends.max = 128 (default)
2022-07-27 13:52:54,950 [ddca7a03-388a-498e-af9c-b33aa01d2ce7@group-4AB8ADFB4942-LeaderElection49] INFO  server.RaftServerConfigKeys (ConfUtils.java:logGet(46)) - raft.server.rpc.request.timeout = 60s (custom)
2022-07-27 13:52:54,950 [ddca7a03-388a-498e-af9c-b33aa01d2ce7@group-4AB8ADFB4942-LeaderElection49] INFO  server.RaftServerConfigKeys (ConfUtils.java:logGet(46)) - raft.server.log.appender.install.snapshot.enabled = false (custom)
2022-07-27 13:52:54,948 [EventQueue-PipelineReportForPipelineReportHandler] INFO  pipeline.PipelineManagerImpl (PipelineManagerImpl.java:openPipeline(367)) - Pipeline Pipeline[ Id: 38759aed-dbab-44ec-af4a-4ab8adfb4942, Nodes: 300bc6a6-ac9b-494f-ba5e-9b5cd40f574a{ip: 10.1.0.21, host: fv-az217-261.5fhmivlnczbevhjmk01nzrxweh.bx.internal.cloudapp.net, ports: [REPLICATION=39195, RATIS=35611, RATIS_ADMIN=35611, RATIS_SERVER=35611, STANDALONE=41653], networkLocation: /default-rack, certSerialId: null, persistedOpState: IN_SERVICE, persistedOpStateExpiryEpochSec: 0}ddca7a03-388a-498e-af9c-b33aa01d2ce7{ip: 10.1.0.21, host: fv-az217-261.5fhmivlnczbevhjmk01nzrxweh.bx.internal.cloudapp.net, ports: [REPLICATION=44895, RATIS=36561, RATIS_ADMIN=36561, RATIS_SERVER=36561, STANDALONE=40979], networkLocation: /default-rack, certSerialId: null, persistedOpState: IN_SERVICE, persistedOpStateExpiryEpochSec: 0}58deb1ea-3cfa-40e5-9635-0b83604fd255{ip: 10.1.0.21, host: fv-az217-261.5fhmivlnczbevhjmk01nzrxweh.bx.internal.cloudapp.net, ports: [REPLICATION=36857, RATIS=32883, RATIS_ADMIN=32883, RATIS_SERVER=32883, STANDALONE=44631], networkLocation: /default-rack, certSerialId: null, persistedOpState: IN_SERVICE, persistedOpStateExpiryEpochSec: 0}, ReplicationConfig: RATIS/THREE, State:ALLOCATED, leaderId:ddca7a03-388a-498e-af9c-b33aa01d2ce7, CreationTimestamp2022-07-27T13:52:32.551Z[Etc/UTC]] moved to OPEN state
2022-07-27 13:52:54,951 [ddca7a03-388a-498e-af9c-b33aa01d2ce7@group-4AB8ADFB4942-LeaderElection49] INFO  server.RaftServerConfigKeys (ConfUtils.java:logGet(46)) - raft.server.log.appender.snapshot.chunk.size.max = 16MB (=16777216) (default)
2022-07-27 13:52:54,951 [ddca7a03-388a-498e-af9c-b33aa01d2ce7@group-4AB8ADFB4942-LeaderElection49] INFO  server.RaftServerConfigKeys (ConfUtils.java:logGet(46)) - raft.server.log.appender.buffer.byte-limit = 33554432 (custom)
2022-07-27 13:52:54,952 [ddca7a03-388a-498e-af9c-b33aa01d2ce7@group-4AB8ADFB4942-LeaderElection49] INFO  server.RaftServerConfigKeys (ConfUtils.java:logGet(46)) - raft.server.log.appender.buffer.element-limit = 1 (custom)
2022-07-27 13:52:54,952 [ddca7a03-388a-498e-af9c-b33aa01d2ce7@group-4AB8ADFB4942-LeaderElection49] INFO  grpc.GrpcConfigKeys (ConfUtils.java:logGet(46)) - raft.grpc.server.leader.outstanding.appends.max = 128 (default)
2022-07-27 13:52:54,952 [ddca7a03-388a-498e-af9c-b33aa01d2ce7@group-4AB8ADFB4942-LeaderElection49] INFO  server.RaftServerConfigKeys (ConfUtils.java:logGet(46)) - raft.server.rpc.request.timeout = 60s (custom)
2022-07-27 13:52:54,952 [ddca7a03-388a-498e-af9c-b33aa01d2ce7@group-4AB8ADFB4942-LeaderElection49] INFO  server.RaftServerConfigKeys (ConfUtils.java:logGet(46)) - raft.server.log.appender.install.snapshot.enabled = false (custom)
2022-07-27 13:52:54,952 [ddca7a03-388a-498e-af9c-b33aa01d2ce7@group-4AB8ADFB4942-LeaderElection49] INFO  impl.RoleInfo (RoleInfo.java:updateAndGet(139)) - ddca7a03-388a-498e-af9c-b33aa01d2ce7: start ddca7a03-388a-498e-af9c-b33aa01d2ce7@group-4AB8ADFB4942-LeaderStateImpl
2022-07-27 13:52:54,952 [ddca7a03-388a-498e-af9c-b33aa01d2ce7@group-4AB8ADFB4942-LeaderElection49] INFO  segmented.SegmentedRaftLogWorker (SegmentedRaftLogWorker.java:startLogSegment(425)) - ddca7a03-388a-498e-af9c-b33aa01d2ce7@group-4AB8ADFB4942-SegmentedRaftLogWorker: Starting segment from index:0
2022-07-27 13:52:54,954 [ddca7a03-388a-498e-af9c-b33aa01d2ce7@group-4AB8ADFB4942-SegmentedRaftLogWorker] INFO  segmented.SegmentedRaftLogWorker (SegmentedRaftLogWorker.java:execute(629)) - ddca7a03-388a-498e-af9c-b33aa01d2ce7@group-4AB8ADFB4942-SegmentedRaftLogWorker: created new log segment /home/runner/work/ozone/ozone/hadoop-ozone/integration-test/target/test-dir/MiniOzoneClusterImpl-d8681e24-cb86-4f17-9b85-5d83644f9f4f/datanode-2/data/ratis/38759aed-dbab-44ec-af4a-4ab8adfb4942/current/log_inprogress_0
2022-07-27 13:52:54,971 [ddca7a03-388a-498e-af9c-b33aa01d2ce7@group-4AB8ADFB4942-LeaderElection49] INFO  server.RaftServer$Division (ServerState.java:setRaftConf(393)) - ddca7a03-388a-498e-af9c-b33aa01d2ce7@group-4AB8ADFB4942: set configuration 0: [300bc6a6-ac9b-494f-ba5e-9b5cd40f574a|rpc:10.1.0.21:35611|dataStream:|priority:0, 58deb1ea-3cfa-40e5-9635-0b83604fd255|rpc:10.1.0.21:32883|dataStream:|priority:0, ddca7a03-388a-498e-af9c-b33aa01d2ce7|rpc:10.1.0.21:36561|dataStream:|priority:1], old=null
2022-07-27 13:52:54,995 [58deb1ea-3cfa-40e5-9635-0b83604fd255-server-thread1] INFO  ratis.XceiverServerRatis (XceiverServerRatis.java:handleLeaderChangedNotification(863)) - Leader change notification received for group: group-4AB8ADFB4942 with new leaderId: ddca7a03-388a-498e-af9c-b33aa01d2ce7
2022-07-27 13:52:54,995 [58deb1ea-3cfa-40e5-9635-0b83604fd255-server-thread1] INFO  server.RaftServer$Division (ServerState.java:setLeader(287)) - 58deb1ea-3cfa-40e5-9635-0b83604fd255@group-4AB8ADFB4942: change Leader from null to ddca7a03-388a-498e-af9c-b33aa01d2ce7 at term 4 for appendEntries, leader elected after 20663ms
2022-07-27 13:52:55,011 [grpc-default-executor-1] INFO  server.RaftServer$Division (RaftServerImpl.java:requestVote(1152)) - 58deb1ea-3cfa-40e5-9635-0b83604fd255@group-4AB8ADFB4942: receive requestVote(ELECTION, ddca7a03-388a-498e-af9c-b33aa01d2ce7, group-4AB8ADFB4942, 4, (t:0, i:0))
2022-07-27 13:52:55,012 [grpc-default-executor-1] INFO  impl.VoteContext (VoteContext.java:log(48)) - 58deb1ea-3cfa-40e5-9635-0b83604fd255@group-4AB8ADFB4942-FOLLOWER: reject ELECTION from ddca7a03-388a-498e-af9c-b33aa01d2ce7: this server is a follower and still has a valid leader ddca7a03-388a-498e-af9c-b33aa01d2ce7
2022-07-27 13:52:55,012 [grpc-default-executor-1] INFO  server.RaftServer$Division (RaftServerImpl.java:requestVote(1184)) - 58deb1ea-3cfa-40e5-9635-0b83604fd255@group-4AB8ADFB4942 replies to ELECTION vote request: ddca7a03-388a-498e-af9c-b33aa01d2ce7<-58deb1ea-3cfa-40e5-9635-0b83604fd255#0:FAIL-t4. Peer's state: 58deb1ea-3cfa-40e5-9635-0b83604fd255@group-4AB8ADFB4942:t4, leader=ddca7a03-388a-498e-af9c-b33aa01d2ce7, voted=null, raftlog=58deb1ea-3cfa-40e5-9635-0b83604fd255@group-4AB8ADFB4942-SegmentedRaftLog:OPENED:c-1, conf=-1: [300bc6a6-ac9b-494f-ba5e-9b5cd40f574a|rpc:10.1.0.21:35611|dataStream:|priority:0, 58deb1ea-3cfa-40e5-9635-0b83604fd255|rpc:10.1.0.21:32883|dataStream:|priority:0, ddca7a03-388a-498e-af9c-b33aa01d2ce7|rpc:10.1.0.21:36561|dataStream:|priority:1], old=null
2022-07-27 13:52:55,013 [300bc6a6-ac9b-494f-ba5e-9b5cd40f574a-server-thread1] INFO  ratis.XceiverServerRatis (XceiverServerRatis.java:handleLeaderChangedNotification(863)) - Leader change notification received for group: group-4AB8ADFB4942 with new leaderId: ddca7a03-388a-498e-af9c-b33aa01d2ce7
2022-07-27 13:52:55,023 [58deb1ea-3cfa-40e5-9635-0b83604fd255-server-thread1] INFO  server.RaftServer$Division (ServerState.java:setRaftConf(393)) - 58deb1ea-3cfa-40e5-9635-0b83604fd255@group-4AB8ADFB4942: set configuration 0: [300bc6a6-ac9b-494f-ba5e-9b5cd40f574a|rpc:10.1.0.21:35611|dataStream:|priority:0, 58deb1ea-3cfa-40e5-9635-0b83604fd255|rpc:10.1.0.21:32883|dataStream:|priority:0, ddca7a03-388a-498e-af9c-b33aa01d2ce7|rpc:10.1.0.21:36561|dataStream:|priority:1], old=null
2022-07-27 13:52:55,024 [58deb1ea-3cfa-40e5-9635-0b83604fd255-server-thread1] INFO  segmented.SegmentedRaftLogWorker (SegmentedRaftLogWorker.java:startLogSegment(425)) - 58deb1ea-3cfa-40e5-9635-0b83604fd255@group-4AB8ADFB4942-SegmentedRaftLogWorker: Starting segment from index:0
2022-07-27 13:52:55,027 [58deb1ea-3cfa-40e5-9635-0b83604fd255@group-4AB8ADFB4942-SegmentedRaftLogWorker] INFO  segmented.SegmentedRaftLogWorker (SegmentedRaftLogWorker.java:execute(629)) - 58deb1ea-3cfa-40e5-9635-0b83604fd255@group-4AB8ADFB4942-SegmentedRaftLogWorker: created new log segment /home/runner/work/ozone/ozone/hadoop-ozone/integration-test/target/test-dir/MiniOzoneClusterImpl-d8681e24-cb86-4f17-9b85-5d83644f9f4f/datanode-1/data/ratis/38759aed-dbab-44ec-af4a-4ab8adfb4942/current/log_inprogress_0
2022-07-27 13:52:55,032 [300bc6a6-ac9b-494f-ba5e-9b5cd40f574a-server-thread1] INFO  server.RaftServer$Division (ServerState.java:setLeader(287)) - 300bc6a6-ac9b-494f-ba5e-9b5cd40f574a@group-4AB8ADFB4942: change Leader from null to ddca7a03-388a-498e-af9c-b33aa01d2ce7 at term 4 for appendEntries, leader elected after 21030ms
2022-07-27 13:52:55,058 [300bc6a6-ac9b-494f-ba5e-9b5cd40f574a-server-thread1] INFO  server.RaftServer$Division (ServerState.java:setRaftConf(393)) - 300bc6a6-ac9b-494f-ba5e-9b5cd40f574a@group-4AB8ADFB4942: set configuration 0: [300bc6a6-ac9b-494f-ba5e-9b5cd40f574a|rpc:10.1.0.21:35611|dataStream:|priority:0, 58deb1ea-3cfa-40e5-9635-0b83604fd255|rpc:10.1.0.21:32883|dataStream:|priority:0, ddca7a03-388a-498e-af9c-b33aa01d2ce7|rpc:10.1.0.21:36561|dataStream:|priority:1], old=null
2022-07-27 13:52:55,058 [300bc6a6-ac9b-494f-ba5e-9b5cd40f574a-server-thread1] INFO  segmented.SegmentedRaftLogWorker (SegmentedRaftLogWorker.java:startLogSegment(425)) - 300bc6a6-ac9b-494f-ba5e-9b5cd40f574a@group-4AB8ADFB4942-SegmentedRaftLogWorker: Starting segment from index:0
2022-07-27 13:52:55,080 [300bc6a6-ac9b-494f-ba5e-9b5cd40f574a@group-4AB8ADFB4942-SegmentedRaftLogWorker] INFO  segmented.SegmentedRaftLogWorker (SegmentedRaftLogWorker.java:execute(629)) - 300bc6a6-ac9b-494f-ba5e-9b5cd40f574a@group-4AB8ADFB4942-SegmentedRaftLogWorker: created new log segment /home/runner/work/ozone/ozone/hadoop-ozone/integration-test/target/test-dir/MiniOzoneClusterImpl-d8681e24-cb86-4f17-9b85-5d83644f9f4f/datanode-0/data/ratis/38759aed-dbab-44ec-af4a-4ab8adfb4942/current/log_inprogress_0
]]></system-out>
  </testcase>
  <testcase name="testMkdirOnNonExistentVolumeBucketDir" classname="TestRootedOzoneFileSystem" time="0.16">
    <system-out><![CDATA[2022-07-27 13:54:15,168 [Time-limited test] INFO  rpc.RpcClient (RpcClient.java:createVolume(467)) - Creating Volume: volume15766, with user32657 as owner and space quota set to -1 bytes, counts quota set to -1
2022-07-27 13:54:15,195 [IPC Server handler 17 on default port 41147] INFO  volume.OMVolumeCreateRequest (OMVolumeCreateRequest.java:validateAndUpdateCache(195)) - created volume:volume15766 for user:user32657
2022-07-27 13:54:15,196 [Time-limited test] INFO  rpc.RpcClient (RpcClient.java:createBucket(670)) - Creating Bucket: volume15766/bucket27798, with bucket layout LEGACY, runner as owner, Versioning false, Storage Type set to DISK and Encryption set to false 
2022-07-27 13:54:15,196 [IPC Server handler 12 on default port 41147] INFO  bucket.OMBucketCreateRequest (OMBucketCreateRequest.java:validateAndUpdateCache(260)) - created bucket: bucket27798 of layout LEGACY in volume: volume15766
13:54:15.200 [IPC Server handler 9 on default port 41147] ERROR OMAudit - user=runner | ip=127.0.0.1 | op=READ_BUCKET {volume=volume-32232, bucket=bucket-86984} | ret=FAILURE
org.apache.hadoop.ozone.om.exceptions.OMException: Volume not found when getting bucket info
	at org.apache.hadoop.ozone.om.BucketManagerImpl.getBucketInfo(BucketManagerImpl.java:127) ~[ozone-manager-1.3.0-SNAPSHOT.jar:?]
	at org.apache.hadoop.ozone.om.OzoneManager.getBucketInfo(OzoneManager.java:2779) ~[ozone-manager-1.3.0-SNAPSHOT.jar:?]
	at org.apache.hadoop.ozone.protocolPB.OzoneManagerRequestHandler.infoBucket(OzoneManagerRequestHandler.java:471) ~[ozone-manager-1.3.0-SNAPSHOT.jar:?]
	at org.apache.hadoop.ozone.protocolPB.OzoneManagerRequestHandler.handleReadRequest(OzoneManagerRequestHandler.java:174) ~[ozone-manager-1.3.0-SNAPSHOT.jar:?]
	at org.apache.hadoop.ozone.protocolPB.OzoneManagerProtocolServerSideTranslatorPB.submitRequestDirectlyToOM(OzoneManagerProtocolServerSideTranslatorPB.java:276) ~[ozone-manager-1.3.0-SNAPSHOT.jar:?]
	at org.apache.hadoop.ozone.protocolPB.OzoneManagerProtocolServerSideTranslatorPB.processRequest(OzoneManagerProtocolServerSideTranslatorPB.java:205) ~[ozone-manager-1.3.0-SNAPSHOT.jar:?]
	at org.apache.hadoop.hdds.server.OzoneProtocolMessageDispatcher.processRequest(OzoneProtocolMessageDispatcher.java:87) [hdds-server-framework-1.3.0-SNAPSHOT.jar:?]
	at org.apache.hadoop.ozone.protocolPB.OzoneManagerProtocolServerSideTranslatorPB.submitRequest(OzoneManagerProtocolServerSideTranslatorPB.java:147) [ozone-manager-1.3.0-SNAPSHOT.jar:?]
	at org.apache.hadoop.ozone.protocol.proto.OzoneManagerProtocolProtos$OzoneManagerService$2.callBlockingMethod(OzoneManagerProtocolProtos.java) [ozone-interface-client-1.3.0-SNAPSHOT.jar:?]
	at org.apache.hadoop.ipc.ProtobufRpcEngine$Server.processCall(ProtobufRpcEngine.java:466) [hadoop-common-3.3.1.jar:?]
	at org.apache.hadoop.ipc.ProtobufRpcEngine2$Server$ProtoBufRpcInvoker.call(ProtobufRpcEngine2.java:574) [hadoop-common-3.3.1.jar:?]
	at org.apache.hadoop.ipc.ProtobufRpcEngine2$Server$ProtoBufRpcInvoker.call(ProtobufRpcEngine2.java:552) [hadoop-common-3.3.1.jar:?]
	at org.apache.hadoop.ipc.RPC$Server.call(RPC.java:1093) [hadoop-common-3.3.1.jar:?]
	at org.apache.hadoop.ipc.Server$RpcCall.run(Server.java:1035) [hadoop-common-3.3.1.jar:?]
	at org.apache.hadoop.ipc.Server$RpcCall.run(Server.java:963) [hadoop-common-3.3.1.jar:?]
	at java.security.AccessController.doPrivileged(Native Method) ~[?:1.8.0_332]
	at javax.security.auth.Subject.doAs(Subject.java:422) [?:1.8.0_332]
	at org.apache.hadoop.security.UserGroupInformation.doAs(UserGroupInformation.java:1878) [hadoop-common-3.3.1.jar:?]
	at org.apache.hadoop.ipc.Server$Handler.run(Server.java:2966) [hadoop-common-3.3.1.jar:?]
2022-07-27 13:54:15,200 [Time-limited test] INFO  rpc.RpcClient (RpcClient.java:createVolume(467)) - Creating Volume: volume-32232, with runner as owner and space quota set to -1 bytes, counts quota set to -1
2022-07-27 13:54:15,200 [IPC Server handler 8 on default port 41147] INFO  volume.OMVolumeCreateRequest (OMVolumeCreateRequest.java:validateAndUpdateCache(195)) - created volume:volume-32232 for user:runner
2022-07-27 13:54:15,205 [Time-limited test] INFO  rpc.RpcClient (RpcClient.java:createBucket(670)) - Creating Bucket: volume-32232/bucket-86984, with bucket layout LEGACY, runner as owner, Versioning false, Storage Type set to DISK and Encryption set to false 
2022-07-27 13:54:15,206 [IPC Server handler 6 on default port 41147] INFO  bucket.OMBucketCreateRequest (OMBucketCreateRequest.java:validateAndUpdateCache(260)) - created bucket: bucket-86984 of layout LEGACY in volume: volume-32232
]]></system-out>
  </testcase>
  <testcase name="testListStatusOnLargeDirectory" classname="TestRootedOzoneFileSystem" time="11.743">
    <system-out><![CDATA[2022-07-27 13:49:20,835 [Time-limited test] INFO  rpc.RpcClient (RpcClient.java:createVolume(467)) - Creating Volume: volume16724, with user22530 as owner and space quota set to -1 bytes, counts quota set to -1
2022-07-27 13:49:20,839 [OM StateMachine ApplyTransaction Thread - 0] INFO  volume.OMVolumeCreateRequest (OMVolumeCreateRequest.java:validateAndUpdateCache(195)) - created volume:volume16724 for user:user22530
2022-07-27 13:49:20,843 [Time-limited test] INFO  rpc.RpcClient (RpcClient.java:createBucket(670)) - Creating Bucket: volume16724/bucket34814, with bucket layout LEGACY, runner as owner, Versioning false, Storage Type set to DISK and Encryption set to false 
2022-07-27 13:49:20,845 [OM StateMachine ApplyTransaction Thread - 0] INFO  bucket.OMBucketCreateRequest (OMBucketCreateRequest.java:validateAndUpdateCache(260)) - created bucket: bucket34814 of layout LEGACY in volume: volume16724
2022-07-27 13:49:27,567 [UnderReplicatedQueueThreadThread] INFO  replication.UnderReplicatedProcessor (UnderReplicatedProcessor.java:processAll(85)) - Processed 0 under replicated containers, failed processing 0
2022-07-27 13:49:27,572 [OverReplicatedQueueThreadThread] INFO  replication.OverReplicatedProcessor (OverReplicatedProcessor.java:processAll(83)) - Processed 0 over replicated containers, failed processing 0
]]></system-out>
  </testcase>
  <testcase name="testListStatusOnLargeDirectory" classname="TestRootedOzoneFileSystem" time="10.574">
    <system-out><![CDATA[2022-07-27 13:50:26,423 [Time-limited test] INFO  rpc.RpcClient (RpcClient.java:createVolume(467)) - Creating Volume: volume80509, with user65170 as owner and space quota set to -1 bytes, counts quota set to -1
2022-07-27 13:50:26,426 [OM StateMachine ApplyTransaction Thread - 0] INFO  volume.OMVolumeCreateRequest (OMVolumeCreateRequest.java:validateAndUpdateCache(195)) - created volume:volume80509 for user:user65170
2022-07-27 13:50:26,427 [Time-limited test] INFO  rpc.RpcClient (RpcClient.java:createBucket(670)) - Creating Bucket: volume80509/bucket48193, with bucket layout LEGACY, runner as owner, Versioning false, Storage Type set to DISK and Encryption set to false 
2022-07-27 13:50:26,429 [OM StateMachine ApplyTransaction Thread - 0] INFO  bucket.OMBucketCreateRequest (OMBucketCreateRequest.java:validateAndUpdateCache(260)) - created bucket: bucket48193 of layout LEGACY in volume: volume80509
2022-07-27 13:50:27,568 [UnderReplicatedQueueThreadThread] INFO  replication.UnderReplicatedProcessor (UnderReplicatedProcessor.java:processAll(85)) - Processed 0 under replicated containers, failed processing 0
2022-07-27 13:50:27,572 [OverReplicatedQueueThreadThread] INFO  replication.OverReplicatedProcessor (OverReplicatedProcessor.java:processAll(83)) - Processed 0 over replicated containers, failed processing 0
2022-07-27 13:50:34,198 [UnderReplicatedQueueThreadThread] INFO  replication.UnderReplicatedProcessor (UnderReplicatedProcessor.java:processAll(85)) - Processed 0 under replicated containers, failed processing 0
2022-07-27 13:50:34,199 [OverReplicatedQueueThreadThread] INFO  replication.OverReplicatedProcessor (OverReplicatedProcessor.java:processAll(83)) - Processed 0 over replicated containers, failed processing 0
]]></system-out>
  </testcase>
  <testcase name="testListStatusOnLargeDirectory" classname="TestRootedOzoneFileSystem" time="12.792">
    <system-out><![CDATA[2022-07-27 13:51:36,348 [Time-limited test] INFO  rpc.RpcClient (RpcClient.java:createVolume(467)) - Creating Volume: volume92480, with user10854 as owner and space quota set to -1 bytes, counts quota set to -1
2022-07-27 13:51:36,349 [IPC Server handler 4 on default port 45285] INFO  volume.OMVolumeCreateRequest (OMVolumeCreateRequest.java:validateAndUpdateCache(195)) - created volume:volume92480 for user:user10854
2022-07-27 13:51:36,349 [Time-limited test] INFO  rpc.RpcClient (RpcClient.java:createBucket(670)) - Creating Bucket: volume92480/bucket08462, with bucket layout LEGACY, runner as owner, Versioning false, Storage Type set to DISK and Encryption set to false 
2022-07-27 13:51:36,350 [IPC Server handler 9 on default port 45285] INFO  bucket.OMBucketCreateRequest (OMBucketCreateRequest.java:validateAndUpdateCache(260)) - created bucket: bucket08462 of layout LEGACY in volume: volume92480
2022-07-27 13:51:39,507 [UnderReplicatedQueueThreadThread] INFO  replication.UnderReplicatedProcessor (UnderReplicatedProcessor.java:processAll(85)) - Processed 0 under replicated containers, failed processing 0
2022-07-27 13:51:39,512 [OverReplicatedQueueThreadThread] INFO  replication.OverReplicatedProcessor (OverReplicatedProcessor.java:processAll(83)) - Processed 0 over replicated containers, failed processing 0
]]></system-out>
  </testcase>
  <testcase name="testListStatusOnLargeDirectory" classname="TestRootedOzoneFileSystem" time="19.308">
    <system-out><![CDATA[2022-07-27 13:52:55,231 [Time-limited test] INFO  rpc.RpcClient (RpcClient.java:createVolume(467)) - Creating Volume: volume13754, with user75313 as owner and space quota set to -1 bytes, counts quota set to -1
2022-07-27 13:52:55,236 [OM StateMachine ApplyTransaction Thread - 0] INFO  volume.OMVolumeCreateRequest (OMVolumeCreateRequest.java:validateAndUpdateCache(195)) - created volume:volume13754 for user:user75313
2022-07-27 13:52:55,237 [Time-limited test] INFO  rpc.RpcClient (RpcClient.java:createBucket(670)) - Creating Bucket: volume13754/bucket56155, with bucket layout LEGACY, runner as owner, Versioning false, Storage Type set to DISK and Encryption set to false 
2022-07-27 13:52:55,246 [OM StateMachine ApplyTransaction Thread - 0] INFO  bucket.OMBucketCreateRequest (OMBucketCreateRequest.java:validateAndUpdateCache(260)) - created bucket: bucket56155 of layout LEGACY in volume: volume13754
2022-07-27 13:52:57,572 [UnderReplicatedQueueThreadThread] INFO  replication.UnderReplicatedProcessor (UnderReplicatedProcessor.java:processAll(85)) - Processed 0 under replicated containers, failed processing 0
2022-07-27 13:52:57,573 [OverReplicatedQueueThreadThread] INFO  replication.OverReplicatedProcessor (OverReplicatedProcessor.java:processAll(83)) - Processed 0 over replicated containers, failed processing 0
2022-07-27 13:53:04,199 [UnderReplicatedQueueThreadThread] INFO  replication.UnderReplicatedProcessor (UnderReplicatedProcessor.java:processAll(85)) - Processed 0 under replicated containers, failed processing 0
2022-07-27 13:53:04,202 [OverReplicatedQueueThreadThread] INFO  replication.OverReplicatedProcessor (OverReplicatedProcessor.java:processAll(83)) - Processed 0 over replicated containers, failed processing 0
2022-07-27 13:53:09,508 [UnderReplicatedQueueThreadThread] INFO  replication.UnderReplicatedProcessor (UnderReplicatedProcessor.java:processAll(85)) - Processed 0 under replicated containers, failed processing 0
2022-07-27 13:53:09,516 [OverReplicatedQueueThreadThread] INFO  replication.OverReplicatedProcessor (OverReplicatedProcessor.java:processAll(83)) - Processed 0 over replicated containers, failed processing 0
]]></system-out>
  </testcase>
  <testcase name="testListStatusOnLargeDirectory" classname="TestRootedOzoneFileSystem" time="20.336">
    <system-out><![CDATA[2022-07-27 13:54:15,316 [Time-limited test] INFO  rpc.RpcClient (RpcClient.java:createVolume(467)) - Creating Volume: volume47361, with user71876 as owner and space quota set to -1 bytes, counts quota set to -1
2022-07-27 13:54:15,317 [IPC Server handler 6 on default port 41147] INFO  volume.OMVolumeCreateRequest (OMVolumeCreateRequest.java:validateAndUpdateCache(195)) - created volume:volume47361 for user:user71876
2022-07-27 13:54:15,318 [Time-limited test] INFO  rpc.RpcClient (RpcClient.java:createBucket(670)) - Creating Bucket: volume47361/bucket39173, with bucket layout LEGACY, runner as owner, Versioning false, Storage Type set to DISK and Encryption set to false 
2022-07-27 13:54:15,321 [IPC Server handler 4 on default port 41147] INFO  bucket.OMBucketCreateRequest (OMBucketCreateRequest.java:validateAndUpdateCache(260)) - created bucket: bucket39173 of layout LEGACY in volume: volume47361
2022-07-27 13:54:17,872 [UnderReplicatedQueueThreadThread] INFO  replication.UnderReplicatedProcessor (UnderReplicatedProcessor.java:processAll(85)) - Processed 0 under replicated containers, failed processing 0
2022-07-27 13:54:17,880 [OverReplicatedQueueThreadThread] INFO  replication.OverReplicatedProcessor (OverReplicatedProcessor.java:processAll(83)) - Processed 0 over replicated containers, failed processing 0
2022-07-27 13:54:22,427 [UnderReplicatedQueueThreadThread] INFO  replication.UnderReplicatedProcessor (UnderReplicatedProcessor.java:processAll(85)) - Processed 0 under replicated containers, failed processing 0
2022-07-27 13:54:22,435 [OverReplicatedQueueThreadThread] INFO  replication.OverReplicatedProcessor (OverReplicatedProcessor.java:processAll(83)) - Processed 0 over replicated containers, failed processing 0
2022-07-27 13:54:27,573 [UnderReplicatedQueueThreadThread] INFO  replication.UnderReplicatedProcessor (UnderReplicatedProcessor.java:processAll(85)) - Processed 0 under replicated containers, failed processing 0
2022-07-27 13:54:27,575 [OverReplicatedQueueThreadThread] INFO  replication.OverReplicatedProcessor (OverReplicatedProcessor.java:processAll(83)) - Processed 0 over replicated containers, failed processing 0
2022-07-27 13:54:34,205 [UnderReplicatedQueueThreadThread] INFO  replication.UnderReplicatedProcessor (UnderReplicatedProcessor.java:processAll(85)) - Processed 0 under replicated containers, failed processing 0
2022-07-27 13:54:34,207 [OverReplicatedQueueThreadThread] INFO  replication.OverReplicatedProcessor (OverReplicatedProcessor.java:processAll(83)) - Processed 0 over replicated containers, failed processing 0
]]></system-out>
  </testcase>
  <testcase name="testRenameToDifferentBucket" classname="TestRootedOzoneFileSystem" time="0.059">
    <system-out><![CDATA[2022-07-27 13:49:32,576 [Time-limited test] INFO  rpc.RpcClient (RpcClient.java:createVolume(467)) - Creating Volume: volume38670, with user96969 as owner and space quota set to -1 bytes, counts quota set to -1
2022-07-27 13:49:32,579 [OM StateMachine ApplyTransaction Thread - 0] INFO  volume.OMVolumeCreateRequest (OMVolumeCreateRequest.java:validateAndUpdateCache(195)) - created volume:volume38670 for user:user96969
2022-07-27 13:49:32,582 [Time-limited test] INFO  rpc.RpcClient (RpcClient.java:createBucket(670)) - Creating Bucket: volume38670/bucket88087, with bucket layout LEGACY, runner as owner, Versioning false, Storage Type set to DISK and Encryption set to false 
2022-07-27 13:49:32,583 [OM StateMachine ApplyTransaction Thread - 0] INFO  bucket.OMBucketCreateRequest (OMBucketCreateRequest.java:validateAndUpdateCache(260)) - created bucket: bucket88087 of layout LEGACY in volume: volume38670
]]></system-out>
  </testcase>
  <testcase name="testRenameToDifferentBucket" classname="TestRootedOzoneFileSystem" time="0.097">
    <system-out><![CDATA[2022-07-27 13:50:37,000 [Time-limited test] INFO  rpc.RpcClient (RpcClient.java:createVolume(467)) - Creating Volume: volume32398, with user82570 as owner and space quota set to -1 bytes, counts quota set to -1
2022-07-27 13:50:37,011 [OM StateMachine ApplyTransaction Thread - 0] INFO  volume.OMVolumeCreateRequest (OMVolumeCreateRequest.java:validateAndUpdateCache(195)) - created volume:volume32398 for user:user82570
2022-07-27 13:50:37,012 [Time-limited test] INFO  rpc.RpcClient (RpcClient.java:createBucket(670)) - Creating Bucket: volume32398/bucket64868, with bucket layout LEGACY, runner as owner, Versioning false, Storage Type set to DISK and Encryption set to false 
2022-07-27 13:50:37,015 [OM StateMachine ApplyTransaction Thread - 0] INFO  bucket.OMBucketCreateRequest (OMBucketCreateRequest.java:validateAndUpdateCache(260)) - created bucket: bucket64868 of layout LEGACY in volume: volume32398
]]></system-out>
  </testcase>
  <testcase name="testRenameToDifferentBucket" classname="TestRootedOzoneFileSystem" time="0.209">
    <system-out><![CDATA[2022-07-27 13:51:49,233 [Time-limited test] INFO  rpc.RpcClient (RpcClient.java:createVolume(467)) - Creating Volume: volume35015, with user37514 as owner and space quota set to -1 bytes, counts quota set to -1
2022-07-27 13:51:49,238 [IPC Server handler 18 on default port 45285] INFO  volume.OMVolumeCreateRequest (OMVolumeCreateRequest.java:validateAndUpdateCache(195)) - created volume:volume35015 for user:user37514
2022-07-27 13:51:49,238 [Time-limited test] INFO  rpc.RpcClient (RpcClient.java:createBucket(670)) - Creating Bucket: volume35015/bucket04625, with bucket layout LEGACY, runner as owner, Versioning false, Storage Type set to DISK and Encryption set to false 
2022-07-27 13:51:49,246 [IPC Server handler 17 on default port 45285] INFO  bucket.OMBucketCreateRequest (OMBucketCreateRequest.java:validateAndUpdateCache(260)) - created bucket: bucket04625 of layout LEGACY in volume: volume35015
]]></system-out>
  </testcase>
  <testcase name="testRenameToDifferentBucket" classname="TestRootedOzoneFileSystem" time="0.086">
    <system-out><![CDATA[2022-07-27 13:53:14,435 [Time-limited test] INFO  rpc.RpcClient (RpcClient.java:createVolume(467)) - Creating Volume: volume10413, with user77460 as owner and space quota set to -1 bytes, counts quota set to -1
2022-07-27 13:53:14,438 [OM StateMachine ApplyTransaction Thread - 0] INFO  volume.OMVolumeCreateRequest (OMVolumeCreateRequest.java:validateAndUpdateCache(195)) - created volume:volume10413 for user:user77460
2022-07-27 13:53:14,443 [Time-limited test] INFO  rpc.RpcClient (RpcClient.java:createBucket(670)) - Creating Bucket: volume10413/bucket45651, with bucket layout LEGACY, runner as owner, Versioning false, Storage Type set to DISK and Encryption set to false 
2022-07-27 13:53:14,447 [OM StateMachine ApplyTransaction Thread - 0] INFO  bucket.OMBucketCreateRequest (OMBucketCreateRequest.java:validateAndUpdateCache(260)) - created bucket: bucket45651 of layout LEGACY in volume: volume10413
]]></system-out>
  </testcase>
  <testcase name="testRenameToDifferentBucket" classname="TestRootedOzoneFileSystem" time="0.15">
    <system-out><![CDATA[2022-07-27 13:54:35,694 [Time-limited test] INFO  rpc.RpcClient (RpcClient.java:createVolume(467)) - Creating Volume: volume04916, with user92253 as owner and space quota set to -1 bytes, counts quota set to -1
2022-07-27 13:54:35,695 [IPC Server handler 18 on default port 41147] INFO  volume.OMVolumeCreateRequest (OMVolumeCreateRequest.java:validateAndUpdateCache(195)) - created volume:volume04916 for user:user92253
2022-07-27 13:54:35,699 [Time-limited test] INFO  rpc.RpcClient (RpcClient.java:createBucket(670)) - Creating Bucket: volume04916/bucket05643, with bucket layout LEGACY, runner as owner, Versioning false, Storage Type set to DISK and Encryption set to false 
2022-07-27 13:54:35,700 [IPC Server handler 17 on default port 41147] INFO  bucket.OMBucketCreateRequest (OMBucketCreateRequest.java:validateAndUpdateCache(260)) - created bucket: bucket05643 of layout LEGACY in volume: volume04916
]]></system-out>
  </testcase>
  <testcase name="testBucketDefaultsShouldBeInheritedToFileForEC" classname="TestRootedOzoneFileSystem" time="0.432">
    <system-out><![CDATA[2022-07-27 13:49:32,634 [Time-limited test] INFO  rpc.RpcClient (RpcClient.java:createVolume(467)) - Creating Volume: volume91951, with user52013 as owner and space quota set to -1 bytes, counts quota set to -1
2022-07-27 13:49:32,635 [OM StateMachine ApplyTransaction Thread - 0] INFO  volume.OMVolumeCreateRequest (OMVolumeCreateRequest.java:validateAndUpdateCache(195)) - created volume:volume91951 for user:user52013
2022-07-27 13:49:32,638 [Time-limited test] INFO  rpc.RpcClient (RpcClient.java:createBucket(670)) - Creating Bucket: volume91951/bucket72508, with bucket layout LEGACY, runner as owner, Versioning false, Storage Type set to DISK and Encryption set to false 
2022-07-27 13:49:32,639 [OM StateMachine ApplyTransaction Thread - 0] INFO  bucket.OMBucketCreateRequest (OMBucketCreateRequest.java:validateAndUpdateCache(260)) - created bucket: bucket72508 of layout LEGACY in volume: volume91951
2022-07-27 13:49:32,662 [Time-limited test] INFO  rpc.RpcClient (RpcClient.java:createVolume(467)) - Creating Volume: 2558cfa6-9b8f-4235-8609-58ac2debc4a9, with user28577 as owner and space quota set to -1 bytes, counts quota set to -1
2022-07-27 13:49:32,664 [OM StateMachine ApplyTransaction Thread - 0] INFO  volume.OMVolumeCreateRequest (OMVolumeCreateRequest.java:validateAndUpdateCache(195)) - created volume:2558cfa6-9b8f-4235-8609-58ac2debc4a9 for user:user28577
2022-07-27 13:49:32,665 [Time-limited test] INFO  rpc.RpcClient (RpcClient.java:createBucket(670)) - Creating Bucket: 2558cfa6-9b8f-4235-8609-58ac2debc4a9/6d24456d-5008-42be-802b-00a336940af9, with bucket layout LEGACY, runner as owner, Versioning false, Storage Type set to DISK and Encryption set to false 
2022-07-27 13:49:32,668 [OM StateMachine ApplyTransaction Thread - 0] INFO  bucket.OMBucketCreateRequest (OMBucketCreateRequest.java:validateAndUpdateCache(260)) - created bucket: 6d24456d-5008-42be-802b-00a336940af9 of layout LEGACY in volume: 2558cfa6-9b8f-4235-8609-58ac2debc4a9
2022-07-27 13:49:32,673 [IPC Server handler 5 on default port 40261] INFO  pipeline.PipelineStateManagerImpl (PipelineStateManagerImpl.java:addPipeline(103)) - Created pipeline Pipeline[ Id: 43a9dc1c-62fc-476e-9b2e-c9f4e9cd725f, Nodes: 89f3cafd-f6f4-41ae-bc62-6e12401c3bdc{ip: 10.1.0.21, host: fv-az217-261.5fhmivlnczbevhjmk01nzrxweh.bx.internal.cloudapp.net, ports: [REPLICATION=38841, RATIS=34539, RATIS_ADMIN=34539, RATIS_SERVER=34539, STANDALONE=35801], networkLocation: /default-rack, certSerialId: null, persistedOpState: null, persistedOpStateExpiryEpochSec: 0}df335623-852d-4a6f-8cff-fa9ba72c6e1b{ip: 10.1.0.21, host: fv-az217-261.5fhmivlnczbevhjmk01nzrxweh.bx.internal.cloudapp.net, ports: [REPLICATION=39873, RATIS=40909, RATIS_ADMIN=40909, RATIS_SERVER=40909, STANDALONE=42335], networkLocation: /default-rack, certSerialId: null, persistedOpState: null, persistedOpStateExpiryEpochSec: 0}efe9fd25-7228-4310-8e5d-4bcbbad78a8a{ip: 10.1.0.21, host: fv-az217-261.5fhmivlnczbevhjmk01nzrxweh.bx.internal.cloudapp.net, ports: [REPLICATION=38989, RATIS=38425, RATIS_ADMIN=38425, RATIS_SERVER=38425, STANDALONE=46799], networkLocation: /default-rack, certSerialId: null, persistedOpState: null, persistedOpStateExpiryEpochSec: 0}9135c07c-9562-4fec-aca6-20239d7a9d6d{ip: 10.1.0.21, host: fv-az217-261.5fhmivlnczbevhjmk01nzrxweh.bx.internal.cloudapp.net, ports: [REPLICATION=37661, RATIS=40625, RATIS_ADMIN=40625, RATIS_SERVER=40625, STANDALONE=42889], networkLocation: /default-rack, certSerialId: null, persistedOpState: null, persistedOpStateExpiryEpochSec: 0}cb7edee7-fe7c-4fa3-abda-3ed18a74bab8{ip: 10.1.0.21, host: fv-az217-261.5fhmivlnczbevhjmk01nzrxweh.bx.internal.cloudapp.net, ports: [REPLICATION=46015, RATIS=39367, RATIS_ADMIN=39367, RATIS_SERVER=39367, STANDALONE=34043], networkLocation: /default-rack, certSerialId: null, persistedOpState: null, persistedOpStateExpiryEpochSec: 0}, ReplicationConfig: EC/ECReplicationConfig{data=3, parity=2, ecChunkSize=1024, codec=rs}, State:ALLOCATED, leaderId:, CreationTimestamp2022-07-27T13:49:32.673Z[Etc/UTC]].
2022-07-27 13:49:32,676 [IPC Server handler 5 on default port 40261] INFO  pipeline.PipelineManagerImpl (PipelineManagerImpl.java:openPipeline(367)) - Pipeline Pipeline[ Id: 43a9dc1c-62fc-476e-9b2e-c9f4e9cd725f, Nodes: 89f3cafd-f6f4-41ae-bc62-6e12401c3bdc{ip: 10.1.0.21, host: fv-az217-261.5fhmivlnczbevhjmk01nzrxweh.bx.internal.cloudapp.net, ports: [REPLICATION=38841, RATIS=34539, RATIS_ADMIN=34539, RATIS_SERVER=34539, STANDALONE=35801], networkLocation: /default-rack, certSerialId: null, persistedOpState: null, persistedOpStateExpiryEpochSec: 0}df335623-852d-4a6f-8cff-fa9ba72c6e1b{ip: 10.1.0.21, host: fv-az217-261.5fhmivlnczbevhjmk01nzrxweh.bx.internal.cloudapp.net, ports: [REPLICATION=39873, RATIS=40909, RATIS_ADMIN=40909, RATIS_SERVER=40909, STANDALONE=42335], networkLocation: /default-rack, certSerialId: null, persistedOpState: null, persistedOpStateExpiryEpochSec: 0}efe9fd25-7228-4310-8e5d-4bcbbad78a8a{ip: 10.1.0.21, host: fv-az217-261.5fhmivlnczbevhjmk01nzrxweh.bx.internal.cloudapp.net, ports: [REPLICATION=38989, RATIS=38425, RATIS_ADMIN=38425, RATIS_SERVER=38425, STANDALONE=46799], networkLocation: /default-rack, certSerialId: null, persistedOpState: null, persistedOpStateExpiryEpochSec: 0}9135c07c-9562-4fec-aca6-20239d7a9d6d{ip: 10.1.0.21, host: fv-az217-261.5fhmivlnczbevhjmk01nzrxweh.bx.internal.cloudapp.net, ports: [REPLICATION=37661, RATIS=40625, RATIS_ADMIN=40625, RATIS_SERVER=40625, STANDALONE=42889], networkLocation: /default-rack, certSerialId: null, persistedOpState: null, persistedOpStateExpiryEpochSec: 0}cb7edee7-fe7c-4fa3-abda-3ed18a74bab8{ip: 10.1.0.21, host: fv-az217-261.5fhmivlnczbevhjmk01nzrxweh.bx.internal.cloudapp.net, ports: [REPLICATION=46015, RATIS=39367, RATIS_ADMIN=39367, RATIS_SERVER=39367, STANDALONE=34043], networkLocation: /default-rack, certSerialId: null, persistedOpState: null, persistedOpStateExpiryEpochSec: 0}, ReplicationConfig: EC/ECReplicationConfig{data=3, parity=2, ecChunkSize=1024, codec=rs}, State:ALLOCATED, leaderId:, CreationTimestamp2022-07-27T13:49:32.673Z[Etc/UTC]] moved to OPEN state
2022-07-27 13:49:32,714 [Time-limited test] WARN  erasurecode.ErasureCodeNative (ErasureCodeNative.java:<clinit>(55)) - ISA-L support is not available in your platform... using builtin-java codec where applicable
]]></system-out>
  </testcase>
  <testcase name="testBucketDefaultsShouldBeInheritedToFileForEC" classname="TestRootedOzoneFileSystem" time="0.743">
    <system-out><![CDATA[2022-07-27 13:50:37,118 [Time-limited test] INFO  rpc.RpcClient (RpcClient.java:createVolume(467)) - Creating Volume: volume98316, with user17027 as owner and space quota set to -1 bytes, counts quota set to -1
2022-07-27 13:50:37,121 [OM StateMachine ApplyTransaction Thread - 0] INFO  volume.OMVolumeCreateRequest (OMVolumeCreateRequest.java:validateAndUpdateCache(195)) - created volume:volume98316 for user:user17027
2022-07-27 13:50:37,122 [Time-limited test] INFO  rpc.RpcClient (RpcClient.java:createBucket(670)) - Creating Bucket: volume98316/bucket20949, with bucket layout LEGACY, runner as owner, Versioning false, Storage Type set to DISK and Encryption set to false 
2022-07-27 13:50:37,124 [OM StateMachine ApplyTransaction Thread - 0] INFO  bucket.OMBucketCreateRequest (OMBucketCreateRequest.java:validateAndUpdateCache(260)) - created bucket: bucket20949 of layout LEGACY in volume: volume98316
2022-07-27 13:50:37,202 [Time-limited test] INFO  rpc.RpcClient (RpcClient.java:createVolume(467)) - Creating Volume: 1fc41991-9c4e-42c6-a1bb-491cf6e08455, with user07320 as owner and space quota set to -1 bytes, counts quota set to -1
2022-07-27 13:50:37,204 [OM StateMachine ApplyTransaction Thread - 0] INFO  volume.OMVolumeCreateRequest (OMVolumeCreateRequest.java:validateAndUpdateCache(195)) - created volume:1fc41991-9c4e-42c6-a1bb-491cf6e08455 for user:user07320
2022-07-27 13:50:37,205 [Time-limited test] INFO  rpc.RpcClient (RpcClient.java:createBucket(670)) - Creating Bucket: 1fc41991-9c4e-42c6-a1bb-491cf6e08455/4909add8-e956-473b-943f-c1c8234be289, with bucket layout LEGACY, runner as owner, Versioning false, Storage Type set to DISK and Encryption set to false 
2022-07-27 13:50:37,206 [OM StateMachine ApplyTransaction Thread - 0] INFO  bucket.OMBucketCreateRequest (OMBucketCreateRequest.java:validateAndUpdateCache(260)) - created bucket: 4909add8-e956-473b-943f-c1c8234be289 of layout LEGACY in volume: 1fc41991-9c4e-42c6-a1bb-491cf6e08455
2022-07-27 13:50:37,217 [IPC Server handler 19 on default port 46187] INFO  pipeline.PipelineStateManagerImpl (PipelineStateManagerImpl.java:addPipeline(103)) - Created pipeline Pipeline[ Id: 53f0781b-764c-4a3d-924c-a305e12992e2, Nodes: 4368bcce-d3a4-4966-9cea-5707d0aefce9{ip: 10.1.0.21, host: fv-az217-261.5fhmivlnczbevhjmk01nzrxweh.bx.internal.cloudapp.net, ports: [REPLICATION=38033, RATIS=38965, RATIS_ADMIN=38965, RATIS_SERVER=38965, STANDALONE=36003], networkLocation: /default-rack, certSerialId: null, persistedOpState: null, persistedOpStateExpiryEpochSec: 0}e71fbb36-3969-41f7-998b-9a309dacec97{ip: 10.1.0.21, host: fv-az217-261.5fhmivlnczbevhjmk01nzrxweh.bx.internal.cloudapp.net, ports: [REPLICATION=43173, RATIS=38701, RATIS_ADMIN=38701, RATIS_SERVER=38701, STANDALONE=44877], networkLocation: /default-rack, certSerialId: null, persistedOpState: null, persistedOpStateExpiryEpochSec: 0}68b1a215-e375-44d3-a5cb-74a1c393ca27{ip: 10.1.0.21, host: fv-az217-261.5fhmivlnczbevhjmk01nzrxweh.bx.internal.cloudapp.net, ports: [REPLICATION=35705, RATIS=44933, RATIS_ADMIN=44933, RATIS_SERVER=44933, STANDALONE=35225], networkLocation: /default-rack, certSerialId: null, persistedOpState: null, persistedOpStateExpiryEpochSec: 0}b1f21995-8a75-4aec-821c-59eaee93e6a8{ip: 10.1.0.21, host: fv-az217-261.5fhmivlnczbevhjmk01nzrxweh.bx.internal.cloudapp.net, ports: [REPLICATION=41787, RATIS=35633, RATIS_ADMIN=35633, RATIS_SERVER=35633, STANDALONE=34949], networkLocation: /default-rack, certSerialId: null, persistedOpState: null, persistedOpStateExpiryEpochSec: 0}307e1e91-324e-43cf-a54a-5645731ed350{ip: 10.1.0.21, host: fv-az217-261.5fhmivlnczbevhjmk01nzrxweh.bx.internal.cloudapp.net, ports: [REPLICATION=37515, RATIS=40907, RATIS_ADMIN=40907, RATIS_SERVER=40907, STANDALONE=38363], networkLocation: /default-rack, certSerialId: null, persistedOpState: null, persistedOpStateExpiryEpochSec: 0}, ReplicationConfig: EC/ECReplicationConfig{data=3, parity=2, ecChunkSize=1024, codec=rs}, State:ALLOCATED, leaderId:, CreationTimestamp2022-07-27T13:50:37.216Z[Etc/UTC]].
2022-07-27 13:50:37,218 [IPC Server handler 19 on default port 46187] INFO  pipeline.PipelineManagerImpl (PipelineManagerImpl.java:openPipeline(367)) - Pipeline Pipeline[ Id: 53f0781b-764c-4a3d-924c-a305e12992e2, Nodes: 4368bcce-d3a4-4966-9cea-5707d0aefce9{ip: 10.1.0.21, host: fv-az217-261.5fhmivlnczbevhjmk01nzrxweh.bx.internal.cloudapp.net, ports: [REPLICATION=38033, RATIS=38965, RATIS_ADMIN=38965, RATIS_SERVER=38965, STANDALONE=36003], networkLocation: /default-rack, certSerialId: null, persistedOpState: null, persistedOpStateExpiryEpochSec: 0}e71fbb36-3969-41f7-998b-9a309dacec97{ip: 10.1.0.21, host: fv-az217-261.5fhmivlnczbevhjmk01nzrxweh.bx.internal.cloudapp.net, ports: [REPLICATION=43173, RATIS=38701, RATIS_ADMIN=38701, RATIS_SERVER=38701, STANDALONE=44877], networkLocation: /default-rack, certSerialId: null, persistedOpState: null, persistedOpStateExpiryEpochSec: 0}68b1a215-e375-44d3-a5cb-74a1c393ca27{ip: 10.1.0.21, host: fv-az217-261.5fhmivlnczbevhjmk01nzrxweh.bx.internal.cloudapp.net, ports: [REPLICATION=35705, RATIS=44933, RATIS_ADMIN=44933, RATIS_SERVER=44933, STANDALONE=35225], networkLocation: /default-rack, certSerialId: null, persistedOpState: null, persistedOpStateExpiryEpochSec: 0}b1f21995-8a75-4aec-821c-59eaee93e6a8{ip: 10.1.0.21, host: fv-az217-261.5fhmivlnczbevhjmk01nzrxweh.bx.internal.cloudapp.net, ports: [REPLICATION=41787, RATIS=35633, RATIS_ADMIN=35633, RATIS_SERVER=35633, STANDALONE=34949], networkLocation: /default-rack, certSerialId: null, persistedOpState: null, persistedOpStateExpiryEpochSec: 0}307e1e91-324e-43cf-a54a-5645731ed350{ip: 10.1.0.21, host: fv-az217-261.5fhmivlnczbevhjmk01nzrxweh.bx.internal.cloudapp.net, ports: [REPLICATION=37515, RATIS=40907, RATIS_ADMIN=40907, RATIS_SERVER=40907, STANDALONE=38363], networkLocation: /default-rack, certSerialId: null, persistedOpState: null, persistedOpStateExpiryEpochSec: 0}, ReplicationConfig: EC/ECReplicationConfig{data=3, parity=2, ecChunkSize=1024, codec=rs}, State:ALLOCATED, leaderId:, CreationTimestamp2022-07-27T13:50:37.216Z[Etc/UTC]] moved to OPEN state
]]></system-out>
  </testcase>
  <testcase name="testBucketDefaultsShouldBeInheritedToFileForEC" classname="TestRootedOzoneFileSystem" time="0.998">
    <system-out><![CDATA[2022-07-27 13:51:49,374 [Time-limited test] INFO  rpc.RpcClient (RpcClient.java:createVolume(467)) - Creating Volume: volume50866, with user76814 as owner and space quota set to -1 bytes, counts quota set to -1
2022-07-27 13:51:49,377 [IPC Server handler 9 on default port 45285] INFO  volume.OMVolumeCreateRequest (OMVolumeCreateRequest.java:validateAndUpdateCache(195)) - created volume:volume50866 for user:user76814
2022-07-27 13:51:49,378 [Time-limited test] INFO  rpc.RpcClient (RpcClient.java:createBucket(670)) - Creating Bucket: volume50866/bucket73887, with bucket layout LEGACY, runner as owner, Versioning false, Storage Type set to DISK and Encryption set to false 
2022-07-27 13:51:49,378 [IPC Server handler 11 on default port 45285] INFO  bucket.OMBucketCreateRequest (OMBucketCreateRequest.java:validateAndUpdateCache(260)) - created bucket: bucket73887 of layout LEGACY in volume: volume50866
2022-07-27 13:51:49,515 [Time-limited test] INFO  rpc.RpcClient (RpcClient.java:createVolume(467)) - Creating Volume: cf8aef3c-e05a-437c-a903-ae977e7d823c, with user22738 as owner and space quota set to -1 bytes, counts quota set to -1
2022-07-27 13:51:49,519 [IPC Server handler 14 on default port 45285] INFO  volume.OMVolumeCreateRequest (OMVolumeCreateRequest.java:validateAndUpdateCache(195)) - created volume:cf8aef3c-e05a-437c-a903-ae977e7d823c for user:user22738
2022-07-27 13:51:49,520 [Time-limited test] INFO  rpc.RpcClient (RpcClient.java:createBucket(670)) - Creating Bucket: cf8aef3c-e05a-437c-a903-ae977e7d823c/2dc8feb5-d5b0-4c5e-b175-3dec64802aa3, with bucket layout LEGACY, runner as owner, Versioning false, Storage Type set to DISK and Encryption set to false 
2022-07-27 13:51:49,521 [IPC Server handler 16 on default port 45285] INFO  bucket.OMBucketCreateRequest (OMBucketCreateRequest.java:validateAndUpdateCache(260)) - created bucket: 2dc8feb5-d5b0-4c5e-b175-3dec64802aa3 of layout LEGACY in volume: cf8aef3c-e05a-437c-a903-ae977e7d823c
2022-07-27 13:51:49,548 [IPC Server handler 16 on default port 33205] INFO  pipeline.PipelineStateManagerImpl (PipelineStateManagerImpl.java:addPipeline(103)) - Created pipeline Pipeline[ Id: 47563dba-a066-452a-8384-6030d3f03e22, Nodes: 32550fa0-9153-4d09-8fa0-706fd13e6797{ip: 10.1.0.21, host: fv-az217-261.5fhmivlnczbevhjmk01nzrxweh.bx.internal.cloudapp.net, ports: [REPLICATION=38815, RATIS=42101, RATIS_ADMIN=42101, RATIS_SERVER=42101, STANDALONE=33017], networkLocation: /default-rack, certSerialId: null, persistedOpState: null, persistedOpStateExpiryEpochSec: 0}16fef9e4-21ad-40ad-b8c3-337e342720e9{ip: 10.1.0.21, host: fv-az217-261.5fhmivlnczbevhjmk01nzrxweh.bx.internal.cloudapp.net, ports: [REPLICATION=41077, RATIS=33565, RATIS_ADMIN=33565, RATIS_SERVER=33565, STANDALONE=38741], networkLocation: /default-rack, certSerialId: null, persistedOpState: null, persistedOpStateExpiryEpochSec: 0}63bc2f19-35e4-497a-b77b-da5c1db8f193{ip: 10.1.0.21, host: fv-az217-261.5fhmivlnczbevhjmk01nzrxweh.bx.internal.cloudapp.net, ports: [REPLICATION=42203, RATIS=45151, RATIS_ADMIN=45151, RATIS_SERVER=45151, STANDALONE=36653], networkLocation: /default-rack, certSerialId: null, persistedOpState: null, persistedOpStateExpiryEpochSec: 0}366e6065-a50f-499f-97ce-c324ed4f2808{ip: 10.1.0.21, host: fv-az217-261.5fhmivlnczbevhjmk01nzrxweh.bx.internal.cloudapp.net, ports: [REPLICATION=38153, RATIS=41283, RATIS_ADMIN=41283, RATIS_SERVER=41283, STANDALONE=43931], networkLocation: /default-rack, certSerialId: null, persistedOpState: null, persistedOpStateExpiryEpochSec: 0}462f06fe-cae1-4868-8f74-05801ae52ce2{ip: 10.1.0.21, host: fv-az217-261.5fhmivlnczbevhjmk01nzrxweh.bx.internal.cloudapp.net, ports: [REPLICATION=42005, RATIS=35767, RATIS_ADMIN=35767, RATIS_SERVER=35767, STANDALONE=43383], networkLocation: /default-rack, certSerialId: null, persistedOpState: null, persistedOpStateExpiryEpochSec: 0}, ReplicationConfig: EC/ECReplicationConfig{data=3, parity=2, ecChunkSize=1024, codec=rs}, State:ALLOCATED, leaderId:, CreationTimestamp2022-07-27T13:51:49.531Z[Etc/UTC]].
2022-07-27 13:51:49,549 [IPC Server handler 16 on default port 33205] INFO  pipeline.PipelineManagerImpl (PipelineManagerImpl.java:openPipeline(367)) - Pipeline Pipeline[ Id: 47563dba-a066-452a-8384-6030d3f03e22, Nodes: 32550fa0-9153-4d09-8fa0-706fd13e6797{ip: 10.1.0.21, host: fv-az217-261.5fhmivlnczbevhjmk01nzrxweh.bx.internal.cloudapp.net, ports: [REPLICATION=38815, RATIS=42101, RATIS_ADMIN=42101, RATIS_SERVER=42101, STANDALONE=33017], networkLocation: /default-rack, certSerialId: null, persistedOpState: null, persistedOpStateExpiryEpochSec: 0}16fef9e4-21ad-40ad-b8c3-337e342720e9{ip: 10.1.0.21, host: fv-az217-261.5fhmivlnczbevhjmk01nzrxweh.bx.internal.cloudapp.net, ports: [REPLICATION=41077, RATIS=33565, RATIS_ADMIN=33565, RATIS_SERVER=33565, STANDALONE=38741], networkLocation: /default-rack, certSerialId: null, persistedOpState: null, persistedOpStateExpiryEpochSec: 0}63bc2f19-35e4-497a-b77b-da5c1db8f193{ip: 10.1.0.21, host: fv-az217-261.5fhmivlnczbevhjmk01nzrxweh.bx.internal.cloudapp.net, ports: [REPLICATION=42203, RATIS=45151, RATIS_ADMIN=45151, RATIS_SERVER=45151, STANDALONE=36653], networkLocation: /default-rack, certSerialId: null, persistedOpState: null, persistedOpStateExpiryEpochSec: 0}366e6065-a50f-499f-97ce-c324ed4f2808{ip: 10.1.0.21, host: fv-az217-261.5fhmivlnczbevhjmk01nzrxweh.bx.internal.cloudapp.net, ports: [REPLICATION=38153, RATIS=41283, RATIS_ADMIN=41283, RATIS_SERVER=41283, STANDALONE=43931], networkLocation: /default-rack, certSerialId: null, persistedOpState: null, persistedOpStateExpiryEpochSec: 0}462f06fe-cae1-4868-8f74-05801ae52ce2{ip: 10.1.0.21, host: fv-az217-261.5fhmivlnczbevhjmk01nzrxweh.bx.internal.cloudapp.net, ports: [REPLICATION=42005, RATIS=35767, RATIS_ADMIN=35767, RATIS_SERVER=35767, STANDALONE=43383], networkLocation: /default-rack, certSerialId: null, persistedOpState: null, persistedOpStateExpiryEpochSec: 0}, ReplicationConfig: EC/ECReplicationConfig{data=3, parity=2, ecChunkSize=1024, codec=rs}, State:ALLOCATED, leaderId:, CreationTimestamp2022-07-27T13:51:49.531Z[Etc/UTC]] moved to OPEN state
]]></system-out>
  </testcase>
  <testcase name="testBucketDefaultsShouldBeInheritedToFileForEC" classname="TestRootedOzoneFileSystem" time="0.975">
    <system-out><![CDATA[2022-07-27 13:53:14,542 [Time-limited test] INFO  rpc.RpcClient (RpcClient.java:createVolume(467)) - Creating Volume: volume25139, with user00470 as owner and space quota set to -1 bytes, counts quota set to -1
2022-07-27 13:53:14,547 [OM StateMachine ApplyTransaction Thread - 0] INFO  volume.OMVolumeCreateRequest (OMVolumeCreateRequest.java:validateAndUpdateCache(195)) - created volume:volume25139 for user:user00470
2022-07-27 13:53:14,548 [Time-limited test] INFO  rpc.RpcClient (RpcClient.java:createBucket(670)) - Creating Bucket: volume25139/bucket19834, with bucket layout LEGACY, runner as owner, Versioning false, Storage Type set to DISK and Encryption set to false 
2022-07-27 13:53:14,557 [OM StateMachine ApplyTransaction Thread - 0] INFO  bucket.OMBucketCreateRequest (OMBucketCreateRequest.java:validateAndUpdateCache(260)) - created bucket: bucket19834 of layout LEGACY in volume: volume25139
2022-07-27 13:53:14,614 [Time-limited test] INFO  rpc.RpcClient (RpcClient.java:createVolume(467)) - Creating Volume: 59ef51a3-aa1f-489c-a7c5-f4ed8936b9ca, with user12206 as owner and space quota set to -1 bytes, counts quota set to -1
2022-07-27 13:53:14,623 [OM StateMachine ApplyTransaction Thread - 0] INFO  volume.OMVolumeCreateRequest (OMVolumeCreateRequest.java:validateAndUpdateCache(195)) - created volume:59ef51a3-aa1f-489c-a7c5-f4ed8936b9ca for user:user12206
2022-07-27 13:53:14,627 [Time-limited test] INFO  rpc.RpcClient (RpcClient.java:createBucket(670)) - Creating Bucket: 59ef51a3-aa1f-489c-a7c5-f4ed8936b9ca/4f99de48-b258-4447-9469-1584c8bf5013, with bucket layout LEGACY, runner as owner, Versioning false, Storage Type set to DISK and Encryption set to false 
2022-07-27 13:53:14,628 [OM StateMachine ApplyTransaction Thread - 0] INFO  bucket.OMBucketCreateRequest (OMBucketCreateRequest.java:validateAndUpdateCache(260)) - created bucket: 4f99de48-b258-4447-9469-1584c8bf5013 of layout LEGACY in volume: 59ef51a3-aa1f-489c-a7c5-f4ed8936b9ca
2022-07-27 13:53:14,690 [IPC Server handler 11 on default port 33085] INFO  pipeline.PipelineStateManagerImpl (PipelineStateManagerImpl.java:addPipeline(103)) - Created pipeline Pipeline[ Id: bec5d275-cb57-4aa1-8763-b183fd72ae66, Nodes: ddf52064-1dff-44ca-a9ae-631cccae887a{ip: 10.1.0.21, host: fv-az217-261.5fhmivlnczbevhjmk01nzrxweh.bx.internal.cloudapp.net, ports: [REPLICATION=37345, RATIS=44959, RATIS_ADMIN=44959, RATIS_SERVER=44959, STANDALONE=45205], networkLocation: /default-rack, certSerialId: null, persistedOpState: null, persistedOpStateExpiryEpochSec: 0}58deb1ea-3cfa-40e5-9635-0b83604fd255{ip: 10.1.0.21, host: fv-az217-261.5fhmivlnczbevhjmk01nzrxweh.bx.internal.cloudapp.net, ports: [REPLICATION=36857, RATIS=32883, RATIS_ADMIN=32883, RATIS_SERVER=32883, STANDALONE=44631], networkLocation: /default-rack, certSerialId: null, persistedOpState: null, persistedOpStateExpiryEpochSec: 0}02574c79-47b9-47c2-b441-c781c573f9c1{ip: 10.1.0.21, host: fv-az217-261.5fhmivlnczbevhjmk01nzrxweh.bx.internal.cloudapp.net, ports: [REPLICATION=33169, RATIS=46673, RATIS_ADMIN=46673, RATIS_SERVER=46673, STANDALONE=42229], networkLocation: /default-rack, certSerialId: null, persistedOpState: null, persistedOpStateExpiryEpochSec: 0}300bc6a6-ac9b-494f-ba5e-9b5cd40f574a{ip: 10.1.0.21, host: fv-az217-261.5fhmivlnczbevhjmk01nzrxweh.bx.internal.cloudapp.net, ports: [REPLICATION=39195, RATIS=35611, RATIS_ADMIN=35611, RATIS_SERVER=35611, STANDALONE=41653], networkLocation: /default-rack, certSerialId: null, persistedOpState: null, persistedOpStateExpiryEpochSec: 0}ddca7a03-388a-498e-af9c-b33aa01d2ce7{ip: 10.1.0.21, host: fv-az217-261.5fhmivlnczbevhjmk01nzrxweh.bx.internal.cloudapp.net, ports: [REPLICATION=44895, RATIS=36561, RATIS_ADMIN=36561, RATIS_SERVER=36561, STANDALONE=40979], networkLocation: /default-rack, certSerialId: null, persistedOpState: null, persistedOpStateExpiryEpochSec: 0}, ReplicationConfig: EC/ECReplicationConfig{data=3, parity=2, ecChunkSize=1024, codec=rs}, State:ALLOCATED, leaderId:, CreationTimestamp2022-07-27T13:53:14.684Z[Etc/UTC]].
2022-07-27 13:53:14,692 [IPC Server handler 11 on default port 33085] INFO  pipeline.PipelineManagerImpl (PipelineManagerImpl.java:openPipeline(367)) - Pipeline Pipeline[ Id: bec5d275-cb57-4aa1-8763-b183fd72ae66, Nodes: ddf52064-1dff-44ca-a9ae-631cccae887a{ip: 10.1.0.21, host: fv-az217-261.5fhmivlnczbevhjmk01nzrxweh.bx.internal.cloudapp.net, ports: [REPLICATION=37345, RATIS=44959, RATIS_ADMIN=44959, RATIS_SERVER=44959, STANDALONE=45205], networkLocation: /default-rack, certSerialId: null, persistedOpState: null, persistedOpStateExpiryEpochSec: 0}58deb1ea-3cfa-40e5-9635-0b83604fd255{ip: 10.1.0.21, host: fv-az217-261.5fhmivlnczbevhjmk01nzrxweh.bx.internal.cloudapp.net, ports: [REPLICATION=36857, RATIS=32883, RATIS_ADMIN=32883, RATIS_SERVER=32883, STANDALONE=44631], networkLocation: /default-rack, certSerialId: null, persistedOpState: null, persistedOpStateExpiryEpochSec: 0}02574c79-47b9-47c2-b441-c781c573f9c1{ip: 10.1.0.21, host: fv-az217-261.5fhmivlnczbevhjmk01nzrxweh.bx.internal.cloudapp.net, ports: [REPLICATION=33169, RATIS=46673, RATIS_ADMIN=46673, RATIS_SERVER=46673, STANDALONE=42229], networkLocation: /default-rack, certSerialId: null, persistedOpState: null, persistedOpStateExpiryEpochSec: 0}300bc6a6-ac9b-494f-ba5e-9b5cd40f574a{ip: 10.1.0.21, host: fv-az217-261.5fhmivlnczbevhjmk01nzrxweh.bx.internal.cloudapp.net, ports: [REPLICATION=39195, RATIS=35611, RATIS_ADMIN=35611, RATIS_SERVER=35611, STANDALONE=41653], networkLocation: /default-rack, certSerialId: null, persistedOpState: null, persistedOpStateExpiryEpochSec: 0}ddca7a03-388a-498e-af9c-b33aa01d2ce7{ip: 10.1.0.21, host: fv-az217-261.5fhmivlnczbevhjmk01nzrxweh.bx.internal.cloudapp.net, ports: [REPLICATION=44895, RATIS=36561, RATIS_ADMIN=36561, RATIS_SERVER=36561, STANDALONE=40979], networkLocation: /default-rack, certSerialId: null, persistedOpState: null, persistedOpStateExpiryEpochSec: 0}, ReplicationConfig: EC/ECReplicationConfig{data=3, parity=2, ecChunkSize=1024, codec=rs}, State:ALLOCATED, leaderId:, CreationTimestamp2022-07-27T13:53:14.684Z[Etc/UTC]] moved to OPEN state
]]></system-out>
  </testcase>
  <testcase name="testBucketDefaultsShouldBeInheritedToFileForEC" classname="TestRootedOzoneFileSystem" time="1.119">
    <system-out><![CDATA[2022-07-27 13:54:35,898 [Time-limited test] INFO  rpc.RpcClient (RpcClient.java:createVolume(467)) - Creating Volume: volume27664, with user90681 as owner and space quota set to -1 bytes, counts quota set to -1
2022-07-27 13:54:35,898 [IPC Server handler 3 on default port 41147] INFO  volume.OMVolumeCreateRequest (OMVolumeCreateRequest.java:validateAndUpdateCache(195)) - created volume:volume27664 for user:user90681
2022-07-27 13:54:35,903 [Time-limited test] INFO  rpc.RpcClient (RpcClient.java:createBucket(670)) - Creating Bucket: volume27664/bucket45511, with bucket layout LEGACY, runner as owner, Versioning false, Storage Type set to DISK and Encryption set to false 
2022-07-27 13:54:35,904 [IPC Server handler 5 on default port 41147] INFO  bucket.OMBucketCreateRequest (OMBucketCreateRequest.java:validateAndUpdateCache(260)) - created bucket: bucket45511 of layout LEGACY in volume: volume27664
2022-07-27 13:54:36,043 [Time-limited test] INFO  rpc.RpcClient (RpcClient.java:createVolume(467)) - Creating Volume: 046a3988-c0c8-4536-b085-e623ed93ed5d, with user79012 as owner and space quota set to -1 bytes, counts quota set to -1
2022-07-27 13:54:36,044 [IPC Server handler 14 on default port 41147] INFO  volume.OMVolumeCreateRequest (OMVolumeCreateRequest.java:validateAndUpdateCache(195)) - created volume:046a3988-c0c8-4536-b085-e623ed93ed5d for user:user79012
2022-07-27 13:54:36,045 [Time-limited test] INFO  rpc.RpcClient (RpcClient.java:createBucket(670)) - Creating Bucket: 046a3988-c0c8-4536-b085-e623ed93ed5d/e9a8011c-a79b-4740-95e4-1b2321cb6c3f, with bucket layout LEGACY, runner as owner, Versioning false, Storage Type set to DISK and Encryption set to false 
2022-07-27 13:54:36,045 [IPC Server handler 1 on default port 41147] INFO  bucket.OMBucketCreateRequest (OMBucketCreateRequest.java:validateAndUpdateCache(260)) - created bucket: e9a8011c-a79b-4740-95e4-1b2321cb6c3f of layout LEGACY in volume: 046a3988-c0c8-4536-b085-e623ed93ed5d
2022-07-27 13:54:36,057 [IPC Server handler 4 on default port 43193] INFO  pipeline.PipelineStateManagerImpl (PipelineStateManagerImpl.java:addPipeline(103)) - Created pipeline Pipeline[ Id: e9c75402-fda0-4309-af83-0786b2c72a16, Nodes: d0f717e2-9042-4344-a562-88d1d040f01a{ip: 10.1.0.21, host: fv-az217-261.5fhmivlnczbevhjmk01nzrxweh.bx.internal.cloudapp.net, ports: [REPLICATION=44553, RATIS=42759, RATIS_ADMIN=42759, RATIS_SERVER=42759, STANDALONE=36337], networkLocation: /default-rack, certSerialId: null, persistedOpState: null, persistedOpStateExpiryEpochSec: 0}ba0d50a6-d0a1-496f-95e2-eb0b08f08d74{ip: 10.1.0.21, host: fv-az217-261.5fhmivlnczbevhjmk01nzrxweh.bx.internal.cloudapp.net, ports: [REPLICATION=36165, RATIS=33003, RATIS_ADMIN=33003, RATIS_SERVER=33003, STANDALONE=36987], networkLocation: /default-rack, certSerialId: null, persistedOpState: null, persistedOpStateExpiryEpochSec: 0}e553176d-d5e6-48b0-ac0f-e41e398e3d2d{ip: 10.1.0.21, host: fv-az217-261.5fhmivlnczbevhjmk01nzrxweh.bx.internal.cloudapp.net, ports: [REPLICATION=43871, RATIS=44875, RATIS_ADMIN=44875, RATIS_SERVER=44875, STANDALONE=34037], networkLocation: /default-rack, certSerialId: null, persistedOpState: null, persistedOpStateExpiryEpochSec: 0}05b7ade2-c08f-4f72-be79-8d526602fcb9{ip: 10.1.0.21, host: fv-az217-261.5fhmivlnczbevhjmk01nzrxweh.bx.internal.cloudapp.net, ports: [REPLICATION=36621, RATIS=42545, RATIS_ADMIN=42545, RATIS_SERVER=42545, STANDALONE=42317], networkLocation: /default-rack, certSerialId: null, persistedOpState: null, persistedOpStateExpiryEpochSec: 0}34ea5659-743d-4920-98aa-921f1ee7ea0c{ip: 10.1.0.21, host: fv-az217-261.5fhmivlnczbevhjmk01nzrxweh.bx.internal.cloudapp.net, ports: [REPLICATION=43137, RATIS=38521, RATIS_ADMIN=38521, RATIS_SERVER=38521, STANDALONE=35343], networkLocation: /default-rack, certSerialId: null, persistedOpState: null, persistedOpStateExpiryEpochSec: 0}, ReplicationConfig: EC/ECReplicationConfig{data=3, parity=2, ecChunkSize=1024, codec=rs}, State:ALLOCATED, leaderId:, CreationTimestamp2022-07-27T13:54:36.055Z[Etc/UTC]].
2022-07-27 13:54:36,058 [IPC Server handler 4 on default port 43193] INFO  pipeline.PipelineManagerImpl (PipelineManagerImpl.java:openPipeline(367)) - Pipeline Pipeline[ Id: e9c75402-fda0-4309-af83-0786b2c72a16, Nodes: d0f717e2-9042-4344-a562-88d1d040f01a{ip: 10.1.0.21, host: fv-az217-261.5fhmivlnczbevhjmk01nzrxweh.bx.internal.cloudapp.net, ports: [REPLICATION=44553, RATIS=42759, RATIS_ADMIN=42759, RATIS_SERVER=42759, STANDALONE=36337], networkLocation: /default-rack, certSerialId: null, persistedOpState: null, persistedOpStateExpiryEpochSec: 0}ba0d50a6-d0a1-496f-95e2-eb0b08f08d74{ip: 10.1.0.21, host: fv-az217-261.5fhmivlnczbevhjmk01nzrxweh.bx.internal.cloudapp.net, ports: [REPLICATION=36165, RATIS=33003, RATIS_ADMIN=33003, RATIS_SERVER=33003, STANDALONE=36987], networkLocation: /default-rack, certSerialId: null, persistedOpState: null, persistedOpStateExpiryEpochSec: 0}e553176d-d5e6-48b0-ac0f-e41e398e3d2d{ip: 10.1.0.21, host: fv-az217-261.5fhmivlnczbevhjmk01nzrxweh.bx.internal.cloudapp.net, ports: [REPLICATION=43871, RATIS=44875, RATIS_ADMIN=44875, RATIS_SERVER=44875, STANDALONE=34037], networkLocation: /default-rack, certSerialId: null, persistedOpState: null, persistedOpStateExpiryEpochSec: 0}05b7ade2-c08f-4f72-be79-8d526602fcb9{ip: 10.1.0.21, host: fv-az217-261.5fhmivlnczbevhjmk01nzrxweh.bx.internal.cloudapp.net, ports: [REPLICATION=36621, RATIS=42545, RATIS_ADMIN=42545, RATIS_SERVER=42545, STANDALONE=42317], networkLocation: /default-rack, certSerialId: null, persistedOpState: null, persistedOpStateExpiryEpochSec: 0}34ea5659-743d-4920-98aa-921f1ee7ea0c{ip: 10.1.0.21, host: fv-az217-261.5fhmivlnczbevhjmk01nzrxweh.bx.internal.cloudapp.net, ports: [REPLICATION=43137, RATIS=38521, RATIS_ADMIN=38521, RATIS_SERVER=38521, STANDALONE=35343], networkLocation: /default-rack, certSerialId: null, persistedOpState: null, persistedOpStateExpiryEpochSec: 0}, ReplicationConfig: EC/ECReplicationConfig{data=3, parity=2, ecChunkSize=1024, codec=rs}, State:ALLOCATED, leaderId:, CreationTimestamp2022-07-27T13:54:36.055Z[Etc/UTC]] moved to OPEN state
]]></system-out>
  </testcase>
  <testcase name="testListStatusInBucket" classname="TestRootedOzoneFileSystem" time="0.042">
    <system-out><![CDATA[2022-07-27 13:49:33,055 [Time-limited test] INFO  rpc.RpcClient (RpcClient.java:createVolume(467)) - Creating Volume: volume98472, with user73620 as owner and space quota set to -1 bytes, counts quota set to -1
2022-07-27 13:49:33,057 [OM StateMachine ApplyTransaction Thread - 0] INFO  volume.OMVolumeCreateRequest (OMVolumeCreateRequest.java:validateAndUpdateCache(195)) - created volume:volume98472 for user:user73620
2022-07-27 13:49:33,058 [Time-limited test] INFO  rpc.RpcClient (RpcClient.java:createBucket(670)) - Creating Bucket: volume98472/bucket57162, with bucket layout LEGACY, runner as owner, Versioning false, Storage Type set to DISK and Encryption set to false 
2022-07-27 13:49:33,059 [OM StateMachine ApplyTransaction Thread - 0] INFO  bucket.OMBucketCreateRequest (OMBucketCreateRequest.java:validateAndUpdateCache(260)) - created bucket: bucket57162 of layout LEGACY in volume: volume98472
]]></system-out>
  </testcase>
  <testcase name="testListStatusInBucket" classname="TestRootedOzoneFileSystem" time="0.12">
    <system-out><![CDATA[2022-07-27 13:50:37,879 [Time-limited test] INFO  rpc.RpcClient (RpcClient.java:createVolume(467)) - Creating Volume: volume56874, with user99436 as owner and space quota set to -1 bytes, counts quota set to -1
2022-07-27 13:50:37,882 [OM StateMachine ApplyTransaction Thread - 0] INFO  volume.OMVolumeCreateRequest (OMVolumeCreateRequest.java:validateAndUpdateCache(195)) - created volume:volume56874 for user:user99436
2022-07-27 13:50:37,883 [Time-limited test] INFO  rpc.RpcClient (RpcClient.java:createBucket(670)) - Creating Bucket: volume56874/bucket83250, with bucket layout LEGACY, runner as owner, Versioning false, Storage Type set to DISK and Encryption set to false 
2022-07-27 13:50:37,884 [OM StateMachine ApplyTransaction Thread - 0] INFO  bucket.OMBucketCreateRequest (OMBucketCreateRequest.java:validateAndUpdateCache(260)) - created bucket: bucket83250 of layout LEGACY in volume: volume56874
]]></system-out>
  </testcase>
  <testcase name="testListStatusInBucket" classname="TestRootedOzoneFileSystem" time="0.132">
    <system-out><![CDATA[2022-07-27 13:51:50,392 [Time-limited test] INFO  rpc.RpcClient (RpcClient.java:createVolume(467)) - Creating Volume: volume53816, with user60919 as owner and space quota set to -1 bytes, counts quota set to -1
2022-07-27 13:51:50,395 [IPC Server handler 3 on default port 45285] INFO  volume.OMVolumeCreateRequest (OMVolumeCreateRequest.java:validateAndUpdateCache(195)) - created volume:volume53816 for user:user60919
2022-07-27 13:51:50,396 [Time-limited test] INFO  rpc.RpcClient (RpcClient.java:createBucket(670)) - Creating Bucket: volume53816/bucket59065, with bucket layout LEGACY, runner as owner, Versioning false, Storage Type set to DISK and Encryption set to false 
2022-07-27 13:51:50,396 [IPC Server handler 6 on default port 45285] INFO  bucket.OMBucketCreateRequest (OMBucketCreateRequest.java:validateAndUpdateCache(260)) - created bucket: bucket59065 of layout LEGACY in volume: volume53816
]]></system-out>
  </testcase>
  <testcase name="testListStatusInBucket" classname="TestRootedOzoneFileSystem" time="0.126">
    <system-out><![CDATA[2022-07-27 13:53:15,485 [Time-limited test] INFO  rpc.RpcClient (RpcClient.java:createVolume(467)) - Creating Volume: volume17389, with user96220 as owner and space quota set to -1 bytes, counts quota set to -1
2022-07-27 13:53:15,487 [OM StateMachine ApplyTransaction Thread - 0] INFO  volume.OMVolumeCreateRequest (OMVolumeCreateRequest.java:validateAndUpdateCache(195)) - created volume:volume17389 for user:user96220
2022-07-27 13:53:15,491 [Time-limited test] INFO  rpc.RpcClient (RpcClient.java:createBucket(670)) - Creating Bucket: volume17389/bucket54628, with bucket layout LEGACY, runner as owner, Versioning false, Storage Type set to DISK and Encryption set to false 
2022-07-27 13:53:15,493 [OM StateMachine ApplyTransaction Thread - 0] INFO  bucket.OMBucketCreateRequest (OMBucketCreateRequest.java:validateAndUpdateCache(260)) - created bucket: bucket54628 of layout LEGACY in volume: volume17389
]]></system-out>
  </testcase>
  <testcase name="testListStatusInBucket" classname="TestRootedOzoneFileSystem" time="0.13">
    <system-out><![CDATA[2022-07-27 13:54:36,962 [Time-limited test] INFO  rpc.RpcClient (RpcClient.java:createVolume(467)) - Creating Volume: volume42549, with user47341 as owner and space quota set to -1 bytes, counts quota set to -1
2022-07-27 13:54:36,964 [IPC Server handler 2 on default port 41147] INFO  volume.OMVolumeCreateRequest (OMVolumeCreateRequest.java:validateAndUpdateCache(195)) - created volume:volume42549 for user:user47341
2022-07-27 13:54:36,965 [Time-limited test] INFO  rpc.RpcClient (RpcClient.java:createBucket(670)) - Creating Bucket: volume42549/bucket00569, with bucket layout LEGACY, runner as owner, Versioning false, Storage Type set to DISK and Encryption set to false 
2022-07-27 13:54:36,967 [IPC Server handler 16 on default port 41147] INFO  bucket.OMBucketCreateRequest (OMBucketCreateRequest.java:validateAndUpdateCache(260)) - created bucket: bucket00569 of layout LEGACY in volume: volume42549
]]></system-out>
  </testcase>
  <testcase name="testRenameFileToDir" classname="TestRootedOzoneFileSystem" time="0.063">
    <system-out><![CDATA[2022-07-27 13:49:33,111 [Time-limited test] INFO  rpc.RpcClient (RpcClient.java:createVolume(467)) - Creating Volume: volume22816, with user09859 as owner and space quota set to -1 bytes, counts quota set to -1
2022-07-27 13:49:33,113 [OM StateMachine ApplyTransaction Thread - 0] INFO  volume.OMVolumeCreateRequest (OMVolumeCreateRequest.java:validateAndUpdateCache(195)) - created volume:volume22816 for user:user09859
2022-07-27 13:49:33,114 [Time-limited test] INFO  rpc.RpcClient (RpcClient.java:createBucket(670)) - Creating Bucket: volume22816/bucket54683, with bucket layout LEGACY, runner as owner, Versioning false, Storage Type set to DISK and Encryption set to false 
2022-07-27 13:49:33,115 [OM StateMachine ApplyTransaction Thread - 0] INFO  bucket.OMBucketCreateRequest (OMBucketCreateRequest.java:validateAndUpdateCache(260)) - created bucket: bucket54683 of layout LEGACY in volume: volume22816
13:49:33.130 [IPC Server handler 9 on default port 44975] ERROR OMAudit - user=runner | ip=127.0.0.1 | op=LIST_STATUS {volume=volume22816, bucket=bucket54683, key=a/b/c/file1, dataSize=0, replicationConfig=null} | ret=FAILURE
org.apache.hadoop.ozone.om.exceptions.OMException: Unable to get file status: volume: volume22816 bucket: bucket54683 key: a/b/c/file1
	at org.apache.hadoop.ozone.om.KeyManagerImpl.getOzoneFileStatus(KeyManagerImpl.java:1311) ~[ozone-manager-1.3.0-SNAPSHOT.jar:?]
	at org.apache.hadoop.ozone.om.KeyManagerImpl.getFileStatus(KeyManagerImpl.java:1241) ~[ozone-manager-1.3.0-SNAPSHOT.jar:?]
	at org.apache.hadoop.ozone.om.KeyManagerImpl.listStatus(KeyManagerImpl.java:1565) ~[ozone-manager-1.3.0-SNAPSHOT.jar:?]
	at org.apache.hadoop.ozone.om.OzoneManager.listStatus(OzoneManager.java:3545) ~[ozone-manager-1.3.0-SNAPSHOT.jar:?]
	at org.apache.hadoop.ozone.protocolPB.OzoneManagerRequestHandler.listStatus(OzoneManagerRequestHandler.java:1043) ~[ozone-manager-1.3.0-SNAPSHOT.jar:?]
	at org.apache.hadoop.ozone.protocolPB.OzoneManagerRequestHandler.handleReadRequest(OzoneManagerRequestHandler.java:235) ~[ozone-manager-1.3.0-SNAPSHOT.jar:?]
	at org.apache.hadoop.ozone.protocolPB.OzoneManagerProtocolServerSideTranslatorPB.submitReadRequestToOM(OzoneManagerProtocolServerSideTranslatorPB.java:226) ~[ozone-manager-1.3.0-SNAPSHOT.jar:?]
	at org.apache.hadoop.ozone.protocolPB.OzoneManagerProtocolServerSideTranslatorPB.processRequest(OzoneManagerProtocolServerSideTranslatorPB.java:175) ~[ozone-manager-1.3.0-SNAPSHOT.jar:?]
	at org.apache.hadoop.hdds.server.OzoneProtocolMessageDispatcher.processRequest(OzoneProtocolMessageDispatcher.java:87) [hdds-server-framework-1.3.0-SNAPSHOT.jar:?]
	at org.apache.hadoop.ozone.protocolPB.OzoneManagerProtocolServerSideTranslatorPB.submitRequest(OzoneManagerProtocolServerSideTranslatorPB.java:147) [ozone-manager-1.3.0-SNAPSHOT.jar:?]
	at org.apache.hadoop.ozone.protocol.proto.OzoneManagerProtocolProtos$OzoneManagerService$2.callBlockingMethod(OzoneManagerProtocolProtos.java) [ozone-interface-client-1.3.0-SNAPSHOT.jar:?]
	at org.apache.hadoop.ipc.ProtobufRpcEngine$Server.processCall(ProtobufRpcEngine.java:466) [hadoop-common-3.3.1.jar:?]
	at org.apache.hadoop.ipc.ProtobufRpcEngine2$Server$ProtoBufRpcInvoker.call(ProtobufRpcEngine2.java:574) [hadoop-common-3.3.1.jar:?]
	at org.apache.hadoop.ipc.ProtobufRpcEngine2$Server$ProtoBufRpcInvoker.call(ProtobufRpcEngine2.java:552) [hadoop-common-3.3.1.jar:?]
	at org.apache.hadoop.ipc.RPC$Server.call(RPC.java:1093) [hadoop-common-3.3.1.jar:?]
	at org.apache.hadoop.ipc.Server$RpcCall.run(Server.java:1035) [hadoop-common-3.3.1.jar:?]
	at org.apache.hadoop.ipc.Server$RpcCall.run(Server.java:963) [hadoop-common-3.3.1.jar:?]
	at java.security.AccessController.doPrivileged(Native Method) ~[?:1.8.0_332]
	at javax.security.auth.Subject.doAs(Subject.java:422) [?:1.8.0_332]
	at org.apache.hadoop.security.UserGroupInformation.doAs(UserGroupInformation.java:1878) [hadoop-common-3.3.1.jar:?]
	at org.apache.hadoop.ipc.Server$Handler.run(Server.java:2966) [hadoop-common-3.3.1.jar:?]
]]></system-out>
  </testcase>
  <testcase name="testRenameFileToDir" classname="TestRootedOzoneFileSystem" time="0.117">
    <system-out><![CDATA[2022-07-27 13:50:37,989 [Time-limited test] INFO  rpc.RpcClient (RpcClient.java:createVolume(467)) - Creating Volume: volume68510, with user12336 as owner and space quota set to -1 bytes, counts quota set to -1
2022-07-27 13:50:37,992 [OM StateMachine ApplyTransaction Thread - 0] INFO  volume.OMVolumeCreateRequest (OMVolumeCreateRequest.java:validateAndUpdateCache(195)) - created volume:volume68510 for user:user12336
2022-07-27 13:50:37,993 [Time-limited test] INFO  rpc.RpcClient (RpcClient.java:createBucket(670)) - Creating Bucket: volume68510/bucket93161, with bucket layout LEGACY, runner as owner, Versioning false, Storage Type set to DISK and Encryption set to false 
2022-07-27 13:50:37,995 [OM StateMachine ApplyTransaction Thread - 0] INFO  bucket.OMBucketCreateRequest (OMBucketCreateRequest.java:validateAndUpdateCache(260)) - created bucket: bucket93161 of layout LEGACY in volume: volume68510
13:50:38.008 [IPC Server handler 3 on default port 46277] ERROR OMAudit - user=runner | ip=127.0.0.1 | op=LIST_STATUS {volume=volume68510, bucket=bucket93161, key=a/b/c/file1, dataSize=0, replicationConfig=null} | ret=FAILURE
org.apache.hadoop.ozone.om.exceptions.OMException: Unable to get file status: volume: volume68510 bucket: bucket93161 key: a/b/c/file1
	at org.apache.hadoop.ozone.om.KeyManagerImpl.getOzoneFileStatus(KeyManagerImpl.java:1311) ~[ozone-manager-1.3.0-SNAPSHOT.jar:?]
	at org.apache.hadoop.ozone.om.KeyManagerImpl.getFileStatus(KeyManagerImpl.java:1241) ~[ozone-manager-1.3.0-SNAPSHOT.jar:?]
	at org.apache.hadoop.ozone.om.KeyManagerImpl.listStatus(KeyManagerImpl.java:1565) ~[ozone-manager-1.3.0-SNAPSHOT.jar:?]
	at org.apache.hadoop.ozone.om.OzoneManager.listStatus(OzoneManager.java:3545) ~[ozone-manager-1.3.0-SNAPSHOT.jar:?]
	at org.apache.hadoop.ozone.protocolPB.OzoneManagerRequestHandler.listStatus(OzoneManagerRequestHandler.java:1043) ~[ozone-manager-1.3.0-SNAPSHOT.jar:?]
	at org.apache.hadoop.ozone.protocolPB.OzoneManagerRequestHandler.handleReadRequest(OzoneManagerRequestHandler.java:235) ~[ozone-manager-1.3.0-SNAPSHOT.jar:?]
	at org.apache.hadoop.ozone.protocolPB.OzoneManagerProtocolServerSideTranslatorPB.submitReadRequestToOM(OzoneManagerProtocolServerSideTranslatorPB.java:226) ~[ozone-manager-1.3.0-SNAPSHOT.jar:?]
	at org.apache.hadoop.ozone.protocolPB.OzoneManagerProtocolServerSideTranslatorPB.processRequest(OzoneManagerProtocolServerSideTranslatorPB.java:175) ~[ozone-manager-1.3.0-SNAPSHOT.jar:?]
	at org.apache.hadoop.hdds.server.OzoneProtocolMessageDispatcher.processRequest(OzoneProtocolMessageDispatcher.java:87) [hdds-server-framework-1.3.0-SNAPSHOT.jar:?]
	at org.apache.hadoop.ozone.protocolPB.OzoneManagerProtocolServerSideTranslatorPB.submitRequest(OzoneManagerProtocolServerSideTranslatorPB.java:147) [ozone-manager-1.3.0-SNAPSHOT.jar:?]
	at org.apache.hadoop.ozone.protocol.proto.OzoneManagerProtocolProtos$OzoneManagerService$2.callBlockingMethod(OzoneManagerProtocolProtos.java) [ozone-interface-client-1.3.0-SNAPSHOT.jar:?]
	at org.apache.hadoop.ipc.ProtobufRpcEngine$Server.processCall(ProtobufRpcEngine.java:466) [hadoop-common-3.3.1.jar:?]
	at org.apache.hadoop.ipc.ProtobufRpcEngine2$Server$ProtoBufRpcInvoker.call(ProtobufRpcEngine2.java:574) [hadoop-common-3.3.1.jar:?]
	at org.apache.hadoop.ipc.ProtobufRpcEngine2$Server$ProtoBufRpcInvoker.call(ProtobufRpcEngine2.java:552) [hadoop-common-3.3.1.jar:?]
	at org.apache.hadoop.ipc.RPC$Server.call(RPC.java:1093) [hadoop-common-3.3.1.jar:?]
	at org.apache.hadoop.ipc.Server$RpcCall.run(Server.java:1035) [hadoop-common-3.3.1.jar:?]
	at org.apache.hadoop.ipc.Server$RpcCall.run(Server.java:963) [hadoop-common-3.3.1.jar:?]
	at java.security.AccessController.doPrivileged(Native Method) ~[?:1.8.0_332]
	at javax.security.auth.Subject.doAs(Subject.java:422) [?:1.8.0_332]
	at org.apache.hadoop.security.UserGroupInformation.doAs(UserGroupInformation.java:1878) [hadoop-common-3.3.1.jar:?]
	at org.apache.hadoop.ipc.Server$Handler.run(Server.java:2966) [hadoop-common-3.3.1.jar:?]
]]></system-out>
  </testcase>
  <testcase name="testRenameFileToDir" classname="TestRootedOzoneFileSystem" time="0.201">
    <system-out><![CDATA[2022-07-27 13:51:50,533 [Time-limited test] INFO  rpc.RpcClient (RpcClient.java:createVolume(467)) - Creating Volume: volume81708, with user82709 as owner and space quota set to -1 bytes, counts quota set to -1
2022-07-27 13:51:50,537 [IPC Server handler 16 on default port 45285] INFO  volume.OMVolumeCreateRequest (OMVolumeCreateRequest.java:validateAndUpdateCache(195)) - created volume:volume81708 for user:user82709
2022-07-27 13:51:50,544 [Time-limited test] INFO  rpc.RpcClient (RpcClient.java:createBucket(670)) - Creating Bucket: volume81708/bucket74984, with bucket layout LEGACY, runner as owner, Versioning false, Storage Type set to DISK and Encryption set to false 
2022-07-27 13:51:50,544 [IPC Server handler 19 on default port 45285] INFO  bucket.OMBucketCreateRequest (OMBucketCreateRequest.java:validateAndUpdateCache(260)) - created bucket: bucket74984 of layout LEGACY in volume: volume81708
13:51:50.602 [IPC Server handler 13 on default port 45285] ERROR OMAudit - user=runner | ip=127.0.0.1 | op=LIST_STATUS {volume=volume81708, bucket=bucket74984, key=a/b/c/file1, dataSize=0, replicationConfig=null} | ret=FAILURE
org.apache.hadoop.ozone.om.exceptions.OMException: Unable to get file status: volume: volume81708 bucket: bucket74984 key: a/b/c/file1
	at org.apache.hadoop.ozone.om.KeyManagerImpl.getOzoneFileStatus(KeyManagerImpl.java:1311) ~[ozone-manager-1.3.0-SNAPSHOT.jar:?]
	at org.apache.hadoop.ozone.om.KeyManagerImpl.getFileStatus(KeyManagerImpl.java:1241) ~[ozone-manager-1.3.0-SNAPSHOT.jar:?]
	at org.apache.hadoop.ozone.om.KeyManagerImpl.listStatus(KeyManagerImpl.java:1565) ~[ozone-manager-1.3.0-SNAPSHOT.jar:?]
	at org.apache.hadoop.ozone.om.OzoneManager.listStatus(OzoneManager.java:3545) ~[ozone-manager-1.3.0-SNAPSHOT.jar:?]
	at org.apache.hadoop.ozone.protocolPB.OzoneManagerRequestHandler.listStatus(OzoneManagerRequestHandler.java:1043) ~[ozone-manager-1.3.0-SNAPSHOT.jar:?]
	at org.apache.hadoop.ozone.protocolPB.OzoneManagerRequestHandler.handleReadRequest(OzoneManagerRequestHandler.java:235) ~[ozone-manager-1.3.0-SNAPSHOT.jar:?]
	at org.apache.hadoop.ozone.protocolPB.OzoneManagerProtocolServerSideTranslatorPB.submitRequestDirectlyToOM(OzoneManagerProtocolServerSideTranslatorPB.java:276) ~[ozone-manager-1.3.0-SNAPSHOT.jar:?]
	at org.apache.hadoop.ozone.protocolPB.OzoneManagerProtocolServerSideTranslatorPB.processRequest(OzoneManagerProtocolServerSideTranslatorPB.java:205) ~[ozone-manager-1.3.0-SNAPSHOT.jar:?]
	at org.apache.hadoop.hdds.server.OzoneProtocolMessageDispatcher.processRequest(OzoneProtocolMessageDispatcher.java:87) [hdds-server-framework-1.3.0-SNAPSHOT.jar:?]
	at org.apache.hadoop.ozone.protocolPB.OzoneManagerProtocolServerSideTranslatorPB.submitRequest(OzoneManagerProtocolServerSideTranslatorPB.java:147) [ozone-manager-1.3.0-SNAPSHOT.jar:?]
	at org.apache.hadoop.ozone.protocol.proto.OzoneManagerProtocolProtos$OzoneManagerService$2.callBlockingMethod(OzoneManagerProtocolProtos.java) [ozone-interface-client-1.3.0-SNAPSHOT.jar:?]
	at org.apache.hadoop.ipc.ProtobufRpcEngine$Server.processCall(ProtobufRpcEngine.java:466) [hadoop-common-3.3.1.jar:?]
	at org.apache.hadoop.ipc.ProtobufRpcEngine2$Server$ProtoBufRpcInvoker.call(ProtobufRpcEngine2.java:574) [hadoop-common-3.3.1.jar:?]
	at org.apache.hadoop.ipc.ProtobufRpcEngine2$Server$ProtoBufRpcInvoker.call(ProtobufRpcEngine2.java:552) [hadoop-common-3.3.1.jar:?]
	at org.apache.hadoop.ipc.RPC$Server.call(RPC.java:1093) [hadoop-common-3.3.1.jar:?]
	at org.apache.hadoop.ipc.Server$RpcCall.run(Server.java:1035) [hadoop-common-3.3.1.jar:?]
	at org.apache.hadoop.ipc.Server$RpcCall.run(Server.java:963) [hadoop-common-3.3.1.jar:?]
	at java.security.AccessController.doPrivileged(Native Method) ~[?:1.8.0_332]
	at javax.security.auth.Subject.doAs(Subject.java:422) [?:1.8.0_332]
	at org.apache.hadoop.security.UserGroupInformation.doAs(UserGroupInformation.java:1878) [hadoop-common-3.3.1.jar:?]
	at org.apache.hadoop.ipc.Server$Handler.run(Server.java:2966) [hadoop-common-3.3.1.jar:?]
]]></system-out>
  </testcase>
  <testcase name="testRenameFileToDir" classname="TestRootedOzoneFileSystem" time="0.201">
    <system-out><![CDATA[2022-07-27 13:53:15,668 [Time-limited test] INFO  rpc.RpcClient (RpcClient.java:createVolume(467)) - Creating Volume: volume52961, with user32066 as owner and space quota set to -1 bytes, counts quota set to -1
2022-07-27 13:53:15,673 [OM StateMachine ApplyTransaction Thread - 0] INFO  volume.OMVolumeCreateRequest (OMVolumeCreateRequest.java:validateAndUpdateCache(195)) - created volume:volume52961 for user:user32066
2022-07-27 13:53:15,674 [Time-limited test] INFO  rpc.RpcClient (RpcClient.java:createBucket(670)) - Creating Bucket: volume52961/bucket03910, with bucket layout LEGACY, runner as owner, Versioning false, Storage Type set to DISK and Encryption set to false 
2022-07-27 13:53:15,679 [OM StateMachine ApplyTransaction Thread - 0] INFO  bucket.OMBucketCreateRequest (OMBucketCreateRequest.java:validateAndUpdateCache(260)) - created bucket: bucket03910 of layout LEGACY in volume: volume52961
13:53:15.737 [IPC Server handler 10 on default port 34829] ERROR OMAudit - user=runner | ip=127.0.0.1 | op=LIST_STATUS {volume=volume52961, bucket=bucket03910, key=a/b/c/file1, dataSize=0, replicationConfig=null} | ret=FAILURE
org.apache.hadoop.ozone.om.exceptions.OMException: Unable to get file status: volume: volume52961 bucket: bucket03910 key: a/b/c/file1
	at org.apache.hadoop.ozone.om.KeyManagerImpl.getOzoneFileStatus(KeyManagerImpl.java:1311) ~[ozone-manager-1.3.0-SNAPSHOT.jar:?]
	at org.apache.hadoop.ozone.om.KeyManagerImpl.getFileStatus(KeyManagerImpl.java:1241) ~[ozone-manager-1.3.0-SNAPSHOT.jar:?]
	at org.apache.hadoop.ozone.om.KeyManagerImpl.listStatus(KeyManagerImpl.java:1565) ~[ozone-manager-1.3.0-SNAPSHOT.jar:?]
	at org.apache.hadoop.ozone.om.OzoneManager.listStatus(OzoneManager.java:3545) ~[ozone-manager-1.3.0-SNAPSHOT.jar:?]
	at org.apache.hadoop.ozone.protocolPB.OzoneManagerRequestHandler.listStatus(OzoneManagerRequestHandler.java:1043) ~[ozone-manager-1.3.0-SNAPSHOT.jar:?]
	at org.apache.hadoop.ozone.protocolPB.OzoneManagerRequestHandler.handleReadRequest(OzoneManagerRequestHandler.java:235) ~[ozone-manager-1.3.0-SNAPSHOT.jar:?]
	at org.apache.hadoop.ozone.protocolPB.OzoneManagerProtocolServerSideTranslatorPB.submitReadRequestToOM(OzoneManagerProtocolServerSideTranslatorPB.java:226) ~[ozone-manager-1.3.0-SNAPSHOT.jar:?]
	at org.apache.hadoop.ozone.protocolPB.OzoneManagerProtocolServerSideTranslatorPB.processRequest(OzoneManagerProtocolServerSideTranslatorPB.java:175) ~[ozone-manager-1.3.0-SNAPSHOT.jar:?]
	at org.apache.hadoop.hdds.server.OzoneProtocolMessageDispatcher.processRequest(OzoneProtocolMessageDispatcher.java:87) [hdds-server-framework-1.3.0-SNAPSHOT.jar:?]
	at org.apache.hadoop.ozone.protocolPB.OzoneManagerProtocolServerSideTranslatorPB.submitRequest(OzoneManagerProtocolServerSideTranslatorPB.java:147) [ozone-manager-1.3.0-SNAPSHOT.jar:?]
	at org.apache.hadoop.ozone.protocol.proto.OzoneManagerProtocolProtos$OzoneManagerService$2.callBlockingMethod(OzoneManagerProtocolProtos.java) [ozone-interface-client-1.3.0-SNAPSHOT.jar:?]
	at org.apache.hadoop.ipc.ProtobufRpcEngine$Server.processCall(ProtobufRpcEngine.java:466) [hadoop-common-3.3.1.jar:?]
	at org.apache.hadoop.ipc.ProtobufRpcEngine2$Server$ProtoBufRpcInvoker.call(ProtobufRpcEngine2.java:574) [hadoop-common-3.3.1.jar:?]
	at org.apache.hadoop.ipc.ProtobufRpcEngine2$Server$ProtoBufRpcInvoker.call(ProtobufRpcEngine2.java:552) [hadoop-common-3.3.1.jar:?]
	at org.apache.hadoop.ipc.RPC$Server.call(RPC.java:1093) [hadoop-common-3.3.1.jar:?]
	at org.apache.hadoop.ipc.Server$RpcCall.run(Server.java:1035) [hadoop-common-3.3.1.jar:?]
	at org.apache.hadoop.ipc.Server$RpcCall.run(Server.java:963) [hadoop-common-3.3.1.jar:?]
	at java.security.AccessController.doPrivileged(Native Method) ~[?:1.8.0_332]
	at javax.security.auth.Subject.doAs(Subject.java:422) [?:1.8.0_332]
	at org.apache.hadoop.security.UserGroupInformation.doAs(UserGroupInformation.java:1878) [hadoop-common-3.3.1.jar:?]
	at org.apache.hadoop.ipc.Server$Handler.run(Server.java:2966) [hadoop-common-3.3.1.jar:?]
]]></system-out>
  </testcase>
  <testcase name="testRenameFileToDir" classname="TestRootedOzoneFileSystem" time="0.121">
    <system-out><![CDATA[2022-07-27 13:54:37,055 [Time-limited test] INFO  rpc.RpcClient (RpcClient.java:createVolume(467)) - Creating Volume: volume91760, with user61199 as owner and space quota set to -1 bytes, counts quota set to -1
2022-07-27 13:54:37,059 [IPC Server handler 19 on default port 41147] INFO  volume.OMVolumeCreateRequest (OMVolumeCreateRequest.java:validateAndUpdateCache(195)) - created volume:volume91760 for user:user61199
2022-07-27 13:54:37,068 [Time-limited test] INFO  rpc.RpcClient (RpcClient.java:createBucket(670)) - Creating Bucket: volume91760/bucket00422, with bucket layout LEGACY, runner as owner, Versioning false, Storage Type set to DISK and Encryption set to false 
2022-07-27 13:54:37,069 [IPC Server handler 9 on default port 41147] INFO  bucket.OMBucketCreateRequest (OMBucketCreateRequest.java:validateAndUpdateCache(260)) - created bucket: bucket00422 of layout LEGACY in volume: volume91760
13:54:37.101 [IPC Server handler 17 on default port 41147] ERROR OMAudit - user=runner | ip=127.0.0.1 | op=LIST_STATUS {volume=volume91760, bucket=bucket00422, key=a/b/c/file1, dataSize=0, replicationConfig=null} | ret=FAILURE
org.apache.hadoop.ozone.om.exceptions.OMException: Unable to get file status: volume: volume91760 bucket: bucket00422 key: a/b/c/file1
	at org.apache.hadoop.ozone.om.KeyManagerImpl.getOzoneFileStatus(KeyManagerImpl.java:1311) ~[ozone-manager-1.3.0-SNAPSHOT.jar:?]
	at org.apache.hadoop.ozone.om.KeyManagerImpl.getFileStatus(KeyManagerImpl.java:1241) ~[ozone-manager-1.3.0-SNAPSHOT.jar:?]
	at org.apache.hadoop.ozone.om.KeyManagerImpl.listStatus(KeyManagerImpl.java:1565) ~[ozone-manager-1.3.0-SNAPSHOT.jar:?]
	at org.apache.hadoop.ozone.om.OzoneManager.listStatus(OzoneManager.java:3545) ~[ozone-manager-1.3.0-SNAPSHOT.jar:?]
	at org.apache.hadoop.ozone.protocolPB.OzoneManagerRequestHandler.listStatus(OzoneManagerRequestHandler.java:1043) ~[ozone-manager-1.3.0-SNAPSHOT.jar:?]
	at org.apache.hadoop.ozone.protocolPB.OzoneManagerRequestHandler.handleReadRequest(OzoneManagerRequestHandler.java:235) ~[ozone-manager-1.3.0-SNAPSHOT.jar:?]
	at org.apache.hadoop.ozone.protocolPB.OzoneManagerProtocolServerSideTranslatorPB.submitRequestDirectlyToOM(OzoneManagerProtocolServerSideTranslatorPB.java:276) ~[ozone-manager-1.3.0-SNAPSHOT.jar:?]
	at org.apache.hadoop.ozone.protocolPB.OzoneManagerProtocolServerSideTranslatorPB.processRequest(OzoneManagerProtocolServerSideTranslatorPB.java:205) ~[ozone-manager-1.3.0-SNAPSHOT.jar:?]
	at org.apache.hadoop.hdds.server.OzoneProtocolMessageDispatcher.processRequest(OzoneProtocolMessageDispatcher.java:87) [hdds-server-framework-1.3.0-SNAPSHOT.jar:?]
	at org.apache.hadoop.ozone.protocolPB.OzoneManagerProtocolServerSideTranslatorPB.submitRequest(OzoneManagerProtocolServerSideTranslatorPB.java:147) [ozone-manager-1.3.0-SNAPSHOT.jar:?]
	at org.apache.hadoop.ozone.protocol.proto.OzoneManagerProtocolProtos$OzoneManagerService$2.callBlockingMethod(OzoneManagerProtocolProtos.java) [ozone-interface-client-1.3.0-SNAPSHOT.jar:?]
	at org.apache.hadoop.ipc.ProtobufRpcEngine$Server.processCall(ProtobufRpcEngine.java:466) [hadoop-common-3.3.1.jar:?]
	at org.apache.hadoop.ipc.ProtobufRpcEngine2$Server$ProtoBufRpcInvoker.call(ProtobufRpcEngine2.java:574) [hadoop-common-3.3.1.jar:?]
	at org.apache.hadoop.ipc.ProtobufRpcEngine2$Server$ProtoBufRpcInvoker.call(ProtobufRpcEngine2.java:552) [hadoop-common-3.3.1.jar:?]
	at org.apache.hadoop.ipc.RPC$Server.call(RPC.java:1093) [hadoop-common-3.3.1.jar:?]
	at org.apache.hadoop.ipc.Server$RpcCall.run(Server.java:1035) [hadoop-common-3.3.1.jar:?]
	at org.apache.hadoop.ipc.Server$RpcCall.run(Server.java:963) [hadoop-common-3.3.1.jar:?]
	at java.security.AccessController.doPrivileged(Native Method) ~[?:1.8.0_332]
	at javax.security.auth.Subject.doAs(Subject.java:422) [?:1.8.0_332]
	at org.apache.hadoop.security.UserGroupInformation.doAs(UserGroupInformation.java:1878) [hadoop-common-3.3.1.jar:?]
	at org.apache.hadoop.ipc.Server$Handler.run(Server.java:2966) [hadoop-common-3.3.1.jar:?]
]]></system-out>
  </testcase>
</testsuite>