<?xml version="1.0" encoding="UTF-8"?>
<testsuite xmlns:xsi="http://www.w3.org/2001/XMLSchema-instance" xsi:noNamespaceSchemaLocation="https://maven.apache.org/surefire/maven-surefire-plugin/xsd/surefire-test-report-3.0.xsd" version="3.0" name="org.apache.hadoop.fs.ozone.TestRootedOzoneFileSystem" time="418.757" tests="165" errors="0" skipped="14" failures="1">
  <properties>
    <property name="awt.toolkit" value="sun.awt.X11.XToolkit"/>
    <property name="file.encoding.pkg" value="sun.io"/>
    <property name="java.specification.version" value="1.8"/>
    <property name="sun.cpu.isalist" value=""/>
    <property name="sun.jnu.encoding" value="UTF-8"/>
    <property name="java.class.path" value="/home/runner/work/ozone/ozone/hadoop-ozone/integration-test/target/test-classes:/home/runner/work/ozone/ozone/hadoop-ozone/integration-test/target/classes:/home/runner/.m2/repository/org/apache/ozone/ozone-common/1.3.0-SNAPSHOT/ozone-common-1.3.0-SNAPSHOT.jar:/home/runner/.m2/repository/io/grpc/grpc-netty/1.44.0/grpc-netty-1.44.0.jar:/home/runner/.m2/repository/io/grpc/grpc-core/1.44.0/grpc-core-1.44.0.jar:/home/runner/.m2/repository/com/google/android/annotations/4.1.1.4/annotations-4.1.1.4.jar:/home/runner/.m2/repository/org/codehaus/mojo/animal-sniffer-annotations/1.19/animal-sniffer-annotations-1.19.jar:/home/runner/.m2/repository/com/google/errorprone/error_prone_annotations/2.2.0/error_prone_annotations-2.2.0.jar:/home/runner/.m2/repository/io/perfmark/perfmark-api/0.23.0/perfmark-api-0.23.0.jar:/home/runner/.m2/repository/io/netty/netty-codec-http2/4.1.74.Final/netty-codec-http2-4.1.74.Final.jar:/home/runner/.m2/repository/io/netty/netty-common/4.1.74.Final/netty-common-4.1.74.Final.jar:/home/runner/.m2/repository/io/netty/netty-buffer/4.1.74.Final/netty-buffer-4.1.74.Final.jar:/home/runner/.m2/repository/io/netty/netty-codec-http/4.1.74.Final/netty-codec-http-4.1.74.Final.jar:/home/runner/.m2/repository/io/netty/netty-handler-proxy/4.1.74.Final/netty-handler-proxy-4.1.74.Final.jar:/home/runner/.m2/repository/io/netty/netty-codec-socks/4.1.74.Final/netty-codec-socks-4.1.74.Final.jar:/home/runner/.m2/repository/io/netty/netty-tcnative-boringssl-static/2.0.48.Final/netty-tcnative-boringssl-static-2.0.48.Final.jar:/home/runner/.m2/repository/io/netty/netty-tcnative-classes/2.0.48.Final/netty-tcnative-classes-2.0.48.Final.jar:/home/runner/.m2/repository/io/netty/netty-tcnative/2.0.48.Final/netty-tcnative-2.0.48.Final.jar:/home/runner/.m2/repository/org/apache/commons/commons-compress/1.21/commons-compress-1.21.jar:/home/runner/.m2/repository/org/apache/ozone/hdds-common/1.3.0-SNAPSHOT/hdds-common-1.3.0-SNAPSHOT.jar:/home/runner/.m2/repository/org/apache/ozone/hdds-client/1.3.0-SNAPSHOT/hdds-client-1.3.0-SNAPSHOT.jar:/home/runner/.m2/repository/org/apache/ozone/ozone-interface-client/1.3.0-SNAPSHOT/ozone-interface-client-1.3.0-SNAPSHOT.jar:/home/runner/.m2/repository/org/apache/ozone/hdds-test-utils/1.3.0-SNAPSHOT/hdds-test-utils-1.3.0-SNAPSHOT.jar:/home/runner/.m2/repository/com/google/guava/guava/31.1-jre/guava-31.1-jre.jar:/home/runner/.m2/repository/com/google/guava/failureaccess/1.0.1/failureaccess-1.0.1.jar:/home/runner/.m2/repository/com/google/guava/listenablefuture/9999.0-empty-to-avoid-conflict-with-guava/listenablefuture-9999.0-empty-to-avoid-conflict-with-guava.jar:/home/runner/.m2/repository/com/google/code/findbugs/jsr305/3.0.0/jsr305-3.0.0.jar:/home/runner/.m2/repository/org/checkerframework/checker-qual/3.12.0/checker-qual-3.12.0.jar:/home/runner/.m2/repository/com/google/j2objc/j2objc-annotations/1.3/j2objc-annotations-1.3.jar:/home/runner/.m2/repository/commons-io/commons-io/2.11.0/commons-io-2.11.0.jar:/home/runner/.m2/repository/commons-logging/commons-logging/1.2/commons-logging-1.2.jar:/home/runner/.m2/repository/log4j/log4j/1.2.17/log4j-1.2.17.jar:/home/runner/.m2/repository/org/slf4j/slf4j-api/1.7.30/slf4j-api-1.7.30.jar:/home/runner/.m2/repository/org/apache/ozone/hdds-server-scm/1.3.0-SNAPSHOT/hdds-server-scm-1.3.0-SNAPSHOT.jar:/home/runner/.m2/repository/org/apache/ozone/hdds-container-service/1.3.0-SNAPSHOT/hdds-container-service-1.3.0-SNAPSHOT.jar:/home/runner/.m2/repository/org/apache/ozone/hdds-hadoop-dependency-server/1.3.0-SNAPSHOT/hdds-hadoop-dependency-server-1.3.0-SNAPSHOT.jar:/home/runner/.m2/repository/org/apache/hadoop/hadoop-hdfs/3.3.1/hadoop-hdfs-3.3.1.jar:/home/runner/.m2/repository/org/apache/ozone/hdds-server-framework/1.3.0-SNAPSHOT/hdds-server-framework-1.3.0-SNAPSHOT.jar:/home/runner/.m2/repository/org/apache/ozone/hdds-interface-server/1.3.0-SNAPSHOT/hdds-interface-server-1.3.0-SNAPSHOT.jar:/home/runner/.m2/repository/org/apache/logging/log4j/log4j-core/2.17.1/log4j-core-2.17.1.jar:/home/runner/.m2/repository/com/lmax/disruptor/3.4.2/disruptor-3.4.2.jar:/home/runner/.m2/repository/org/eclipse/jetty/jetty-servlet/9.4.43.v20210629/jetty-servlet-9.4.43.v20210629.jar:/home/runner/.m2/repository/org/eclipse/jetty/jetty-security/9.4.43.v20210629/jetty-security-9.4.43.v20210629.jar:/home/runner/.m2/repository/org/rocksdb/rocksdbjni/6.29.5/rocksdbjni-6.29.5.jar:/home/runner/.m2/repository/io/prometheus/simpleclient_dropwizard/0.7.0/simpleclient_dropwizard-0.7.0.jar:/home/runner/.m2/repository/io/prometheus/simpleclient/0.7.0/simpleclient-0.7.0.jar:/home/runner/.m2/repository/io/prometheus/simpleclient_common/0.7.0/simpleclient_common-0.7.0.jar:/home/runner/.m2/repository/io/dropwizard/metrics/metrics-core/3.2.4/metrics-core-3.2.4.jar:/home/runner/.m2/repository/org/apache/hadoop/hadoop-hdfs-client/3.3.1/hadoop-hdfs-client-3.3.1.jar:/home/runner/.m2/repository/org/bouncycastle/bcprov-jdk15on/1.67/bcprov-jdk15on-1.67.jar:/home/runner/.m2/repository/com/google/protobuf/protobuf-java/2.5.0/protobuf-java-2.5.0.jar:/home/runner/.m2/repository/org/apache/ozone/ozone-manager/1.3.0-SNAPSHOT/ozone-manager-1.3.0-SNAPSHOT.jar:/home/runner/.m2/repository/org/aspectj/aspectjrt/1.9.7/aspectjrt-1.9.7.jar:/home/runner/.m2/repository/org/aspectj/aspectjweaver/1.9.7/aspectjweaver-1.9.7.jar:/home/runner/.m2/repository/org/apache/ozone/hdds-interface-client/1.3.0-SNAPSHOT/hdds-interface-client-1.3.0-SNAPSHOT.jar:/home/runner/.m2/repository/org/apache/hadoop/thirdparty/hadoop-shaded-protobuf_3_7/1.1.1/hadoop-shaded-protobuf_3_7-1.1.1.jar:/home/runner/.m2/repository/org/apache/ozone/ozone-interface-storage/1.3.0-SNAPSHOT/ozone-interface-storage-1.3.0-SNAPSHOT.jar:/home/runner/.m2/repository/org/reflections/reflections/0.9.11/reflections-0.9.11.jar:/home/runner/.m2/repository/com/sun/jersey/jersey-client/1.19/jersey-client-1.19.jar:/home/runner/.m2/repository/org/apache/ranger/ranger-intg/3.0.0-SNAPSHOT/ranger-intg-3.0.0-SNAPSHOT.jar:/home/runner/.m2/repository/org/apache/ranger/ranger-plugins-common/3.0.0-SNAPSHOT/ranger-plugins-common-3.0.0-SNAPSHOT.jar:/home/runner/.m2/repository/commons-lang/commons-lang/2.6/commons-lang-2.6.jar:/home/runner/.m2/repository/org/codehaus/jackson/jackson-jaxrs/1.9.13/jackson-jaxrs-1.9.13.jar:/home/runner/.m2/repository/org/apache/ranger/ranger-plugins-cred/3.0.0-SNAPSHOT/ranger-plugins-cred-3.0.0-SNAPSHOT.jar:/home/runner/.m2/repository/org/apache/ranger/ranger-plugins-audit/3.0.0-SNAPSHOT/ranger-plugins-audit-3.0.0-SNAPSHOT.jar:/home/runner/.m2/repository/org/apache/kafka/kafka-clients/2.8.1/kafka-clients-2.8.1.jar:/home/runner/.m2/repository/com/github/luben/zstd-jni/1.4.9-1/zstd-jni-1.4.9-1.jar:/home/runner/.m2/repository/org/apache/solr/solr-solrj/8.11.2/solr-solrj-8.11.2.jar:/home/runner/.m2/repository/org/eclipse/jetty/jetty-client/9.4.44.v20210927/jetty-client-9.4.44.v20210927.jar:/home/runner/.m2/repository/org/apache/httpcomponents/httpmime/4.5.13/httpmime-4.5.13.jar:/home/runner/.m2/repository/org/apache/httpcomponents/httpcore-nio/4.4.14/httpcore-nio-4.4.14.jar:/home/runner/.m2/repository/org/apache/httpcomponents/httpasyncclient/4.1.4/httpasyncclient-4.1.4.jar:/home/runner/.m2/repository/com/carrotsearch/hppc/0.8.0/hppc-0.8.0.jar:/home/runner/.m2/repository/org/apache/hive/hive-storage-api/2.7.2/hive-storage-api-2.7.2.jar:/home/runner/.m2/repository/org/apache/orc/orc-core/1.5.8/orc-core-1.5.8.jar:/home/runner/.m2/repository/com/amazonaws/aws-java-sdk-bundle/1.12.125/aws-java-sdk-bundle-1.12.125.jar:/home/runner/.m2/repository/net/java/dev/jna/jna/5.2.0/jna-5.2.0.jar:/home/runner/.m2/repository/net/java/dev/jna/jna-platform/5.2.0/jna-platform-5.2.0.jar:/home/runner/.m2/repository/com/kstruct/gethostname4j/0.0.2/gethostname4j-0.0.2.jar:/home/runner/.m2/repository/org/apache/ranger/ranger-plugin-classloader/3.0.0-SNAPSHOT/ranger-plugin-classloader-3.0.0-SNAPSHOT.jar:/home/runner/.m2/repository/org/apache/hadoop/hadoop-minikdc/3.3.1/hadoop-minikdc-3.3.1.jar:/home/runner/.m2/repository/org/apache/kerby/kerb-simplekdc/1.0.1/kerb-simplekdc-1.0.1.jar:/home/runner/.m2/repository/org/apache/kerby/kerb-client/1.0.1/kerb-client-1.0.1.jar:/home/runner/.m2/repository/org/apache/kerby/kerby-config/1.0.1/kerby-config-1.0.1.jar:/home/runner/.m2/repository/org/apache/kerby/kerb-common/1.0.1/kerb-common-1.0.1.jar:/home/runner/.m2/repository/org/apache/kerby/kerb-crypto/1.0.1/kerb-crypto-1.0.1.jar:/home/runner/.m2/repository/org/apache/kerby/kerb-util/1.0.1/kerb-util-1.0.1.jar:/home/runner/.m2/repository/org/apache/kerby/token-provider/1.0.1/token-provider-1.0.1.jar:/home/runner/.m2/repository/org/apache/kerby/kerb-admin/1.0.1/kerb-admin-1.0.1.jar:/home/runner/.m2/repository/org/apache/kerby/kerb-server/1.0.1/kerb-server-1.0.1.jar:/home/runner/.m2/repository/org/apache/kerby/kerb-identity/1.0.1/kerb-identity-1.0.1.jar:/home/runner/.m2/repository/org/apache/kerby/kerby-xdr/1.0.1/kerby-xdr-1.0.1.jar:/home/runner/.m2/repository/org/slf4j/slf4j-log4j12/1.7.30/slf4j-log4j12-1.7.30.jar:/home/runner/.m2/repository/org/apache/ozone/ozone-s3gateway/1.3.0-SNAPSHOT/ozone-s3gateway-1.3.0-SNAPSHOT.jar:/home/runner/.m2/repository/org/javassist/javassist/3.21.0-GA/javassist-3.21.0-GA.jar:/home/runner/.m2/repository/org/jboss/weld/servlet/weld-servlet/2.4.7.Final/weld-servlet-2.4.7.Final.jar:/home/runner/.m2/repository/org/glassfish/jersey/containers/jersey-container-servlet-core/2.33/jersey-container-servlet-core-2.33.jar:/home/runner/.m2/repository/org/glassfish/hk2/external/jakarta.inject/2.6.1/jakarta.inject-2.6.1.jar:/home/runner/.m2/repository/org/glassfish/jersey/core/jersey-common/2.33/jersey-common-2.33.jar:/home/runner/.m2/repository/jakarta/ws/rs/jakarta.ws.rs-api/2.1.6/jakarta.ws.rs-api-2.1.6.jar:/home/runner/.m2/repository/org/glassfish/jersey/ext/cdi/jersey-cdi1x/2.33/jersey-cdi1x-2.33.jar:/home/runner/.m2/repository/org/glassfish/jersey/inject/jersey-hk2/2.33/jersey-hk2-2.33.jar:/home/runner/.m2/repository/org/glassfish/hk2/hk2-locator/2.6.1/hk2-locator-2.6.1.jar:/home/runner/.m2/repository/org/glassfish/jersey/media/jersey-media-jaxb/2.33/jersey-media-jaxb-2.33.jar:/home/runner/.m2/repository/org/glassfish/hk2/osgi-resource-locator/1.0.3/osgi-resource-locator-1.0.3.jar:/home/runner/.m2/repository/org/glassfish/hk2/hk2-api/2.5.0/hk2-api-2.5.0.jar:/home/runner/.m2/repository/org/glassfish/hk2/hk2-utils/2.5.0/hk2-utils-2.5.0.jar:/home/runner/.m2/repository/org/glassfish/hk2/external/aopalliance-repackaged/2.5.0/aopalliance-repackaged-2.5.0.jar:/home/runner/.m2/repository/com/fasterxml/jackson/dataformat/jackson-dataformat-xml/2.13.2/jackson-dataformat-xml-2.13.2.jar:/home/runner/.m2/repository/com/fasterxml/jackson/core/jackson-core/2.13.2/jackson-core-2.13.2.jar:/home/runner/.m2/repository/org/codehaus/woodstox/stax2-api/3.1.4/stax2-api-3.1.4.jar:/home/runner/.m2/repository/com/fasterxml/woodstox/woodstox-core/5.0.3/woodstox-core-5.0.3.jar:/home/runner/.m2/repository/com/fasterxml/jackson/module/jackson-module-jaxb-annotations/2.13.2/jackson-module-jaxb-annotations-2.13.2.jar:/home/runner/.m2/repository/jakarta/xml/bind/jakarta.xml.bind-api/2.3.3/jakarta.xml.bind-api-2.3.3.jar:/home/runner/.m2/repository/jakarta/activation/jakarta.activation-api/1.2.1/jakarta.activation-api-1.2.1.jar:/home/runner/.m2/repository/javax/enterprise/cdi-api/1.2/cdi-api-1.2.jar:/home/runner/.m2/repository/javax/el/javax.el-api/3.0.0/javax.el-api-3.0.0.jar:/home/runner/.m2/repository/javax/interceptor/javax.interceptor-api/1.2/javax.interceptor-api-1.2.jar:/home/runner/.m2/repository/javax/inject/javax.inject/1/javax.inject-1.jar:/home/runner/.m2/repository/javax/xml/bind/jaxb-api/2.3.0/jaxb-api-2.3.0.jar:/home/runner/.m2/repository/org/glassfish/jaxb/jaxb-runtime/2.3.0.1/jaxb-runtime-2.3.0.1.jar:/home/runner/.m2/repository/org/glassfish/jaxb/jaxb-core/2.3.0.1/jaxb-core-2.3.0.1.jar:/home/runner/.m2/repository/org/glassfish/jaxb/txw2/2.3.0.1/txw2-2.3.0.1.jar:/home/runner/.m2/repository/com/sun/istack/istack-commons-runtime/3.0.5/istack-commons-runtime-3.0.5.jar:/home/runner/.m2/repository/org/jvnet/staxex/stax-ex/1.7.8/stax-ex-1.7.8.jar:/home/runner/.m2/repository/com/sun/xml/fastinfoset/FastInfoset/1.2.13/FastInfoset-1.2.13.jar:/home/runner/.m2/repository/javax/activation/activation/1.1.1/activation-1.1.1.jar:/home/runner/.m2/repository/io/grpc/grpc-protobuf/1.44.0/grpc-protobuf-1.44.0.jar:/home/runner/.m2/repository/io/grpc/grpc-api/1.44.0/grpc-api-1.44.0.jar:/home/runner/.m2/repository/io/grpc/grpc-context/1.44.0/grpc-context-1.44.0.jar:/home/runner/.m2/repository/com/google/api/grpc/proto-google-common-protos/2.0.1/proto-google-common-protos-2.0.1.jar:/home/runner/.m2/repository/io/grpc/grpc-protobuf-lite/1.44.0/grpc-protobuf-lite-1.44.0.jar:/home/runner/.m2/repository/io/grpc/grpc-stub/1.44.0/grpc-stub-1.44.0.jar:/home/runner/.m2/repository/io/netty/netty-transport/4.1.74.Final/netty-transport-4.1.74.Final.jar:/home/runner/.m2/repository/io/netty/netty-resolver/4.1.74.Final/netty-resolver-4.1.74.Final.jar:/home/runner/.m2/repository/org/apache/ozone/ozone-csi/1.3.0-SNAPSHOT/ozone-csi-1.3.0-SNAPSHOT.jar:/home/runner/.m2/repository/com/google/protobuf/protobuf-java-util/3.19.2/protobuf-java-util-3.19.2.jar:/home/runner/.m2/repository/com/google/code/gson/gson/2.9.0/gson-2.9.0.jar:/home/runner/.m2/repository/org/apache/ozone/hdds-config/1.3.0-SNAPSHOT/hdds-config-1.3.0-SNAPSHOT.jar:/home/runner/.m2/repository/io/netty/netty-transport-native-epoll/4.1.74.Final/netty-transport-native-epoll-4.1.74.Final-linux-x86_64.jar:/home/runner/.m2/repository/io/netty/netty-transport-classes-epoll/4.1.74.Final/netty-transport-classes-epoll-4.1.74.Final.jar:/home/runner/.m2/repository/io/netty/netty-transport-native-unix-common/4.1.74.Final/netty-transport-native-unix-common-4.1.74.Final.jar:/home/runner/.m2/repository/org/apache/ozone/ozone-recon/1.3.0-SNAPSHOT/ozone-recon-1.3.0-SNAPSHOT.jar:/home/runner/.m2/repository/org/apache/ozone/ozone-reconcodegen/1.3.0-SNAPSHOT/ozone-reconcodegen-1.3.0-SNAPSHOT.jar:/home/runner/.m2/repository/com/google/inject/extensions/guice-multibindings/4.0/guice-multibindings-4.0.jar:/home/runner/.m2/repository/com/google/inject/guice/4.0/guice-4.0.jar:/home/runner/.m2/repository/aopalliance/aopalliance/1.0/aopalliance-1.0.jar:/home/runner/.m2/repository/com/google/inject/extensions/guice-assistedinject/4.0/guice-assistedinject-4.0.jar:/home/runner/.m2/repository/com/google/inject/extensions/guice-servlet/4.0/guice-servlet-4.0.jar:/home/runner/.m2/repository/org/glassfish/jersey/containers/jersey-container-servlet/2.33/jersey-container-servlet-2.33.jar:/home/runner/.m2/repository/org/glassfish/hk2/guice-bridge/2.5.0/guice-bridge-2.5.0.jar:/home/runner/.m2/repository/org/glassfish/jersey/core/jersey-server/2.33/jersey-server-2.33.jar:/home/runner/.m2/repository/org/glassfish/jersey/core/jersey-client/2.33/jersey-client-2.33.jar:/home/runner/.m2/repository/jakarta/annotation/jakarta.annotation-api/1.3.5/jakarta.annotation-api-1.3.5.jar:/home/runner/.m2/repository/jakarta/validation/jakarta.validation-api/2.0.2/jakarta.validation-api-2.0.2.jar:/home/runner/.m2/repository/org/glassfish/jersey/media/jersey-media-json-jackson/2.33/jersey-media-json-jackson-2.33.jar:/home/runner/.m2/repository/org/glassfish/jersey/ext/jersey-entity-filtering/2.33/jersey-entity-filtering-2.33.jar:/home/runner/.m2/repository/org/jooq/jooq/3.11.10/jooq-3.11.10.jar:/home/runner/.m2/repository/org/jooq/jooq-meta/3.11.10/jooq-meta-3.11.10.jar:/home/runner/.m2/repository/org/jooq/jooq-codegen/3.11.10/jooq-codegen-3.11.10.jar:/home/runner/.m2/repository/com/jolbox/bonecp/0.8.0.RELEASE/bonecp-0.8.0.RELEASE.jar:/home/runner/.m2/repository/org/apache/derby/derby/10.14.2.0/derby-10.14.2.0.jar:/home/runner/.m2/repository/org/xerial/sqlite-jdbc/3.25.2/sqlite-jdbc-3.25.2.jar:/home/runner/.m2/repository/org/springframework/spring-jdbc/5.2.20.RELEASE/spring-jdbc-5.2.20.RELEASE.jar:/home/runner/.m2/repository/org/springframework/spring-beans/5.2.20.RELEASE/spring-beans-5.2.20.RELEASE.jar:/home/runner/.m2/repository/org/springframework/spring-core/5.2.20.RELEASE/spring-core-5.2.20.RELEASE.jar:/home/runner/.m2/repository/org/springframework/spring-jcl/5.2.20.RELEASE/spring-jcl-5.2.20.RELEASE.jar:/home/runner/.m2/repository/org/springframework/spring-tx/5.2.20.RELEASE/spring-tx-5.2.20.RELEASE.jar:/home/runner/.m2/repository/org/apache/ozone/ozone-client/1.3.0-SNAPSHOT/ozone-client-1.3.0-SNAPSHOT.jar:/home/runner/.m2/repository/org/apache/ozone/hdds-erasurecode/1.3.0-SNAPSHOT/hdds-erasurecode-1.3.0-SNAPSHOT.jar:/home/runner/.m2/repository/com/github/spotbugs/spotbugs-annotations/3.1.12/spotbugs-annotations-3.1.12.jar:/home/runner/.m2/repository/org/apache/ozone/ozone-filesystem/1.3.0-SNAPSHOT/ozone-filesystem-1.3.0-SNAPSHOT.jar:/home/runner/.m2/repository/org/apache/ozone/ozone-filesystem-common/1.3.0-SNAPSHOT/ozone-filesystem-common-1.3.0-SNAPSHOT.jar:/home/runner/.m2/repository/org/apache/ozone/ozone-tools/1.3.0-SNAPSHOT/ozone-tools-1.3.0-SNAPSHOT.jar:/home/runner/.m2/repository/org/apache/ratis/ratis-tools/2.3.0/ratis-tools-2.3.0.jar:/home/runner/.m2/repository/com/amazonaws/aws-java-sdk-core/1.12.124/aws-java-sdk-core-1.12.124.jar:/home/runner/.m2/repository/org/apache/httpcomponents/httpclient/4.5.13/httpclient-4.5.13.jar:/home/runner/.m2/repository/org/apache/httpcomponents/httpcore/4.4.13/httpcore-4.4.13.jar:/home/runner/.m2/repository/software/amazon/ion/ion-java/1.0.2/ion-java-1.0.2.jar:/home/runner/.m2/repository/com/fasterxml/jackson/dataformat/jackson-dataformat-cbor/2.13.2/jackson-dataformat-cbor-2.13.2.jar:/home/runner/.m2/repository/joda-time/joda-time/2.8.1/joda-time-2.8.1.jar:/home/runner/.m2/repository/com/amazonaws/aws-java-sdk-s3/1.12.124/aws-java-sdk-s3-1.12.124.jar:/home/runner/.m2/repository/com/amazonaws/aws-java-sdk-kms/1.12.124/aws-java-sdk-kms-1.12.124.jar:/home/runner/.m2/repository/com/amazonaws/jmespath-java/1.12.124/jmespath-java-1.12.124.jar:/home/runner/.m2/repository/org/kohsuke/metainf-services/metainf-services/1.8/metainf-services-1.8.jar:/home/runner/.m2/repository/org/apache/ozone/hdds-tools/1.3.0-SNAPSHOT/hdds-tools-1.3.0-SNAPSHOT.jar:/home/runner/.m2/repository/commons-cli/commons-cli/1.2/commons-cli-1.2.jar:/home/runner/.m2/repository/org/apache/commons/commons-lang3/3.7/commons-lang3-3.7.jar:/home/runner/.m2/repository/org/apache/ozone/ozone-manager/1.3.0-SNAPSHOT/ozone-manager-1.3.0-SNAPSHOT-tests.jar:/home/runner/.m2/repository/org/apache/ozone/hdds-common/1.3.0-SNAPSHOT/hdds-common-1.3.0-SNAPSHOT-tests.jar:/home/runner/.m2/repository/org/apache/ozone/hdds-hadoop-dependency-client/1.3.0-SNAPSHOT/hdds-hadoop-dependency-client-1.3.0-SNAPSHOT.jar:/home/runner/.m2/repository/info/picocli/picocli/4.6.1/picocli-4.6.1.jar:/home/runner/.m2/repository/com/fasterxml/jackson/core/jackson-annotations/2.13.2/jackson-annotations-2.13.2.jar:/home/runner/.m2/repository/com/fasterxml/jackson/datatype/jackson-datatype-jsr310/2.13.2/jackson-datatype-jsr310-2.13.2.jar:/home/runner/.m2/repository/javax/annotation/javax.annotation-api/1.2/javax.annotation-api-1.2.jar:/home/runner/.m2/repository/org/apache/ratis/ratis-server/2.3.0/ratis-server-2.3.0.jar:/home/runner/.m2/repository/org/apache/ratis/ratis-client/2.3.0/ratis-client-2.3.0.jar:/home/runner/.m2/repository/org/apache/ratis/ratis-server-api/2.3.0/ratis-server-api-2.3.0.jar:/home/runner/.m2/repository/org/apache/ratis/ratis-metrics/2.3.0/ratis-metrics-2.3.0.jar:/home/runner/.m2/repository/org/apache/ratis/ratis-netty/2.3.0/ratis-netty-2.3.0.jar:/home/runner/.m2/repository/org/apache/ratis/ratis-grpc/2.3.0/ratis-grpc-2.3.0.jar:/home/runner/.m2/repository/org/apache/logging/log4j/log4j-api/2.17.1/log4j-api-2.17.1.jar:/home/runner/.m2/repository/org/apache/commons/commons-pool2/2.6.0/commons-pool2-2.6.0.jar:/home/runner/.m2/repository/org/bouncycastle/bcpkix-jdk15on/1.67/bcpkix-jdk15on-1.67.jar:/home/runner/.m2/repository/commons-validator/commons-validator/1.6/commons-validator-1.6.jar:/home/runner/.m2/repository/commons-beanutils/commons-beanutils/1.9.4/commons-beanutils-1.9.4.jar:/home/runner/.m2/repository/commons-digester/commons-digester/1.8.1/commons-digester-1.8.1.jar:/home/runner/.m2/repository/commons-collections/commons-collections/3.2.2/commons-collections-3.2.2.jar:/home/runner/.m2/repository/io/jaegertracing/jaeger-client/1.6.0/jaeger-client-1.6.0.jar:/home/runner/.m2/repository/io/jaegertracing/jaeger-thrift/1.6.0/jaeger-thrift-1.6.0.jar:/home/runner/.m2/repository/org/apache/thrift/libthrift/0.14.1/libthrift-0.14.1.jar:/home/runner/.m2/repository/com/squareup/okhttp3/okhttp/4.9.0/okhttp-4.9.0.jar:/home/runner/.m2/repository/com/squareup/okio/okio/2.8.0/okio-2.8.0.jar:/home/runner/.m2/repository/io/jaegertracing/jaeger-core/1.6.0/jaeger-core-1.6.0.jar:/home/runner/.m2/repository/io/jaegertracing/jaeger-tracerresolver/1.6.0/jaeger-tracerresolver-1.6.0.jar:/home/runner/.m2/repository/io/opentracing/contrib/opentracing-tracerresolver/0.1.8/opentracing-tracerresolver-0.1.8.jar:/home/runner/.m2/repository/org/jetbrains/kotlin/kotlin-stdlib/1.6.21/kotlin-stdlib-1.6.21.jar:/home/runner/.m2/repository/org/jetbrains/kotlin/kotlin-stdlib-common/1.6.21/kotlin-stdlib-common-1.6.21.jar:/home/runner/.m2/repository/org/jetbrains/annotations/13.0/annotations-13.0.jar:/home/runner/.m2/repository/io/opentracing/opentracing-util/0.33.0/opentracing-util-0.33.0.jar:/home/runner/.m2/repository/io/opentracing/opentracing-api/0.33.0/opentracing-api-0.33.0.jar:/home/runner/.m2/repository/io/opentracing/opentracing-noop/0.33.0/opentracing-noop-0.33.0.jar:/home/runner/.m2/repository/org/yaml/snakeyaml/1.26/snakeyaml-1.26.jar:/home/runner/.m2/repository/org/apache/ozone/hdds-interface-admin/1.3.0-SNAPSHOT/hdds-interface-admin-1.3.0-SNAPSHOT.jar:/home/runner/.m2/repository/junit/junit/4.13.1/junit-4.13.1.jar:/home/runner/.m2/repository/org/hamcrest/hamcrest-core/1.3/hamcrest-core-1.3.jar:/home/runner/.m2/repository/org/junit/jupiter/junit-jupiter-api/5.8.2/junit-jupiter-api-5.8.2.jar:/home/runner/.m2/repository/org/opentest4j/opentest4j/1.2.0/opentest4j-1.2.0.jar:/home/runner/.m2/repository/org/junit/platform/junit-platform-commons/1.8.2/junit-platform-commons-1.8.2.jar:/home/runner/.m2/repository/org/apiguardian/apiguardian-api/1.1.2/apiguardian-api-1.1.2.jar:/home/runner/.m2/repository/org/junit/jupiter/junit-jupiter-params/5.8.2/junit-jupiter-params-5.8.2.jar:/home/runner/.m2/repository/org/junit/jupiter/junit-jupiter-migrationsupport/5.8.2/junit-jupiter-migrationsupport-5.8.2.jar:/home/runner/.m2/repository/org/junit/jupiter/junit-jupiter-engine/5.8.2/junit-jupiter-engine-5.8.2.jar:/home/runner/.m2/repository/org/junit/platform/junit-platform-engine/1.8.2/junit-platform-engine-1.8.2.jar:/home/runner/.m2/repository/org/junit/vintage/junit-vintage-engine/5.8.2/junit-vintage-engine-5.8.2.jar:/home/runner/.m2/repository/org/junit/platform/junit-platform-launcher/1.8.2/junit-platform-launcher-1.8.2.jar:/home/runner/.m2/repository/org/mockito/mockito-core/2.28.2/mockito-core-2.28.2.jar:/home/runner/.m2/repository/net/bytebuddy/byte-buddy/1.9.10/byte-buddy-1.9.10.jar:/home/runner/.m2/repository/net/bytebuddy/byte-buddy-agent/1.9.10/byte-buddy-agent-1.9.10.jar:/home/runner/.m2/repository/org/objenesis/objenesis/1.0/objenesis-1.0.jar:/home/runner/.m2/repository/org/apache/hadoop/hadoop-kms/3.3.1/hadoop-kms-3.3.1.jar:/home/runner/.m2/repository/org/apache/hadoop/hadoop-auth/3.3.1/hadoop-auth-3.3.1.jar:/home/runner/.m2/repository/com/nimbusds/nimbus-jose-jwt/7.9/nimbus-jose-jwt-7.9.jar:/home/runner/.m2/repository/com/github/stephenc/jcip/jcip-annotations/1.0-1/jcip-annotations-1.0-1.jar:/home/runner/.m2/repository/net/minidev/json-smart/2.4.7/json-smart-2.4.7.jar:/home/runner/.m2/repository/net/minidev/accessors-smart/2.4.7/accessors-smart-2.4.7.jar:/home/runner/.m2/repository/org/ow2/asm/asm/5.0.4/asm-5.0.4.jar:/home/runner/.m2/repository/org/apache/zookeeper/zookeeper/3.5.6/zookeeper-3.5.6.jar:/home/runner/.m2/repository/org/apache/zookeeper/zookeeper-jute/3.5.6/zookeeper-jute-3.5.6.jar:/home/runner/.m2/repository/org/apache/yetus/audience-annotations/0.5.0/audience-annotations-0.5.0.jar:/home/runner/.m2/repository/org/apache/curator/curator-framework/4.2.0/curator-framework-4.2.0.jar:/home/runner/.m2/repository/org/apache/hadoop/thirdparty/hadoop-shaded-guava/1.1.1/hadoop-shaded-guava-1.1.1.jar:/home/runner/.m2/repository/com/sun/jersey/jersey-core/1.19/jersey-core-1.19.jar:/home/runner/.m2/repository/javax/ws/rs/jsr311-api/1.1.1/jsr311-api-1.1.1.jar:/home/runner/.m2/repository/com/sun/jersey/jersey-server/1.19/jersey-server-1.19.jar:/home/runner/.m2/repository/javax/servlet/javax.servlet-api/3.1.0/javax.servlet-api-3.1.0.jar:/home/runner/.m2/repository/org/eclipse/jetty/jetty-server/9.4.43.v20210629/jetty-server-9.4.43.v20210629.jar:/home/runner/.m2/repository/org/eclipse/jetty/jetty-http/9.4.43.v20210629/jetty-http-9.4.43.v20210629.jar:/home/runner/.m2/repository/org/eclipse/jetty/jetty-io/9.4.43.v20210629/jetty-io-9.4.43.v20210629.jar:/home/runner/.m2/repository/org/eclipse/jetty/jetty-webapp/9.4.43.v20210629/jetty-webapp-9.4.43.v20210629.jar:/home/runner/.m2/repository/org/eclipse/jetty/jetty-xml/9.4.43.v20210629/jetty-xml-9.4.43.v20210629.jar:/home/runner/.m2/repository/org/apache/hadoop/hadoop-common/3.3.1/hadoop-common-3.3.1.jar:/home/runner/.m2/repository/org/apache/commons/commons-math3/3.1.1/commons-math3-3.1.1.jar:/home/runner/.m2/repository/commons-net/commons-net/3.6/commons-net-3.6.jar:/home/runner/.m2/repository/com/sun/jersey/jersey-servlet/1.19/jersey-servlet-1.19.jar:/home/runner/.m2/repository/com/sun/jersey/jersey-json/1.19/jersey-json-1.19.jar:/home/runner/.m2/repository/org/codehaus/jettison/jettison/1.1/jettison-1.1.jar:/home/runner/.m2/repository/com/sun/xml/bind/jaxb-impl/2.2.3-1/jaxb-impl-2.2.3-1.jar:/home/runner/.m2/repository/org/codehaus/jackson/jackson-xc/1.9.2/jackson-xc-1.9.2.jar:/home/runner/.m2/repository/org/apache/commons/commons-configuration2/2.1.1/commons-configuration2-2.1.1.jar:/home/runner/.m2/repository/org/apache/commons/commons-text/1.4/commons-text-1.4.jar:/home/runner/.m2/repository/com/google/re2j/re2j/1.1/re2j-1.1.jar:/home/runner/.m2/repository/com/jcraft/jsch/0.1.54/jsch-0.1.54.jar:/home/runner/.m2/repository/org/apache/curator/curator-client/4.2.0/curator-client-4.2.0.jar:/home/runner/.m2/repository/org/apache/curator/curator-recipes/4.2.0/curator-recipes-4.2.0.jar:/home/runner/.m2/repository/org/apache/kerby/kerb-core/1.0.1/kerb-core-1.0.1.jar:/home/runner/.m2/repository/org/apache/kerby/kerby-pkix/1.0.1/kerby-pkix-1.0.1.jar:/home/runner/.m2/repository/org/apache/kerby/kerby-asn1/1.0.1/kerby-asn1-1.0.1.jar:/home/runner/.m2/repository/org/apache/kerby/kerby-util/1.0.1/kerby-util-1.0.1.jar:/home/runner/.m2/repository/dnsjava/dnsjava/2.1.7/dnsjava-2.1.7.jar:/home/runner/.m2/repository/org/xerial/snappy/snappy-java/1.1.8.2/snappy-java-1.1.8.2.jar:/home/runner/.m2/repository/org/slf4j/jul-to-slf4j/1.7.30/jul-to-slf4j-1.7.30.jar:/home/runner/.m2/repository/org/eclipse/jetty/jetty-util/9.4.43.v20210629/jetty-util-9.4.43.v20210629.jar:/home/runner/.m2/repository/com/fasterxml/jackson/core/jackson-databind/2.13.2.2/jackson-databind-2.13.2.2.jar:/home/runner/.m2/repository/org/apache/hadoop/hadoop-kms/3.3.1/hadoop-kms-3.3.1-tests.jar:/home/runner/.m2/repository/org/apache/ozone/hdds-server-scm/1.3.0-SNAPSHOT/hdds-server-scm-1.3.0-SNAPSHOT-tests.jar:/home/runner/.m2/repository/org/apache/ozone/hdds-container-service/1.3.0-SNAPSHOT/hdds-container-service-1.3.0-SNAPSHOT-tests.jar:/home/runner/.m2/repository/commons-codec/commons-codec/1.11/commons-codec-1.11.jar:/home/runner/.m2/repository/io/netty/netty-codec/4.1.74.Final/netty-codec-4.1.74.Final.jar:/home/runner/.m2/repository/io/netty/netty-handler/4.1.74.Final/netty-handler-4.1.74.Final.jar:/home/runner/.m2/repository/org/apache/ozone/hdds-hadoop-dependency-test/1.3.0-SNAPSHOT/hdds-hadoop-dependency-test-1.3.0-SNAPSHOT.jar:/home/runner/.m2/repository/org/apache/hadoop/hadoop-common/3.3.1/hadoop-common-3.3.1-tests.jar:/home/runner/.m2/repository/org/assertj/assertj-core/3.12.2/assertj-core-3.12.2.jar:/home/runner/.m2/repository/org/apache/hadoop/hadoop-hdfs/3.3.1/hadoop-hdfs-3.3.1-tests.jar:/home/runner/.m2/repository/org/eclipse/jetty/jetty-util-ajax/9.4.43.v20210629/jetty-util-ajax-9.4.43.v20210629.jar:/home/runner/.m2/repository/commons-daemon/commons-daemon/1.0.13/commons-daemon-1.0.13.jar:/home/runner/.m2/repository/io/netty/netty/3.10.6.Final/netty-3.10.6.Final.jar:/home/runner/.m2/repository/io/netty/netty-all/4.1.74.Final/netty-all-4.1.74.Final.jar:/home/runner/.m2/repository/io/netty/netty-codec-dns/4.1.74.Final/netty-codec-dns-4.1.74.Final.jar:/home/runner/.m2/repository/io/netty/netty-codec-haproxy/4.1.74.Final/netty-codec-haproxy-4.1.74.Final.jar:/home/runner/.m2/repository/io/netty/netty-codec-memcache/4.1.74.Final/netty-codec-memcache-4.1.74.Final.jar:/home/runner/.m2/repository/io/netty/netty-codec-mqtt/4.1.74.Final/netty-codec-mqtt-4.1.74.Final.jar:/home/runner/.m2/repository/io/netty/netty-codec-redis/4.1.74.Final/netty-codec-redis-4.1.74.Final.jar:/home/runner/.m2/repository/io/netty/netty-codec-smtp/4.1.74.Final/netty-codec-smtp-4.1.74.Final.jar:/home/runner/.m2/repository/io/netty/netty-codec-stomp/4.1.74.Final/netty-codec-stomp-4.1.74.Final.jar:/home/runner/.m2/repository/io/netty/netty-codec-xml/4.1.74.Final/netty-codec-xml-4.1.74.Final.jar:/home/runner/.m2/repository/io/netty/netty-resolver-dns/4.1.74.Final/netty-resolver-dns-4.1.74.Final.jar:/home/runner/.m2/repository/io/netty/netty-transport-rxtx/4.1.74.Final/netty-transport-rxtx-4.1.74.Final.jar:/home/runner/.m2/repository/io/netty/netty-transport-sctp/4.1.74.Final/netty-transport-sctp-4.1.74.Final.jar:/home/runner/.m2/repository/io/netty/netty-transport-udt/4.1.74.Final/netty-transport-udt-4.1.74.Final.jar:/home/runner/.m2/repository/io/netty/netty-transport-classes-kqueue/4.1.74.Final/netty-transport-classes-kqueue-4.1.74.Final.jar:/home/runner/.m2/repository/io/netty/netty-resolver-dns-classes-macos/4.1.74.Final/netty-resolver-dns-classes-macos-4.1.74.Final.jar:/home/runner/.m2/repository/io/netty/netty-transport-native-epoll/4.1.74.Final/netty-transport-native-epoll-4.1.74.Final-linux-aarch_64.jar:/home/runner/.m2/repository/io/netty/netty-transport-native-kqueue/4.1.74.Final/netty-transport-native-kqueue-4.1.74.Final-osx-x86_64.jar:/home/runner/.m2/repository/io/netty/netty-transport-native-kqueue/4.1.74.Final/netty-transport-native-kqueue-4.1.74.Final-osx-aarch_64.jar:/home/runner/.m2/repository/io/netty/netty-resolver-dns-native-macos/4.1.74.Final/netty-resolver-dns-native-macos-4.1.74.Final-osx-x86_64.jar:/home/runner/.m2/repository/io/netty/netty-resolver-dns-native-macos/4.1.74.Final/netty-resolver-dns-native-macos-4.1.74.Final-osx-aarch_64.jar:/home/runner/.m2/repository/org/apache/htrace/htrace-core4/4.1.0-incubating/htrace-core4-4.1.0-incubating.jar:/home/runner/.m2/repository/org/fusesource/leveldbjni/leveldbjni-all/1.8/leveldbjni-all-1.8.jar:/home/runner/.m2/repository/org/apache/hadoop/hadoop-distcp/3.3.1/hadoop-distcp-3.3.1.jar:/home/runner/.m2/repository/org/apache/hadoop/hadoop-mapreduce-client-jobclient/3.3.1/hadoop-mapreduce-client-jobclient-3.3.1.jar:/home/runner/.m2/repository/org/apache/hadoop/hadoop-mapreduce-client-common/3.3.1/hadoop-mapreduce-client-common-3.3.1.jar:/home/runner/.m2/repository/org/apache/hadoop/hadoop-yarn-common/3.3.1/hadoop-yarn-common-3.3.1.jar:/home/runner/.m2/repository/org/apache/hadoop/hadoop-yarn-api/3.3.1/hadoop-yarn-api-3.3.1.jar:/home/runner/.m2/repository/com/sun/jersey/contribs/jersey-guice/1.19/jersey-guice-1.19.jar:/home/runner/.m2/repository/com/fasterxml/jackson/jaxrs/jackson-jaxrs-json-provider/2.13.2/jackson-jaxrs-json-provider-2.13.2.jar:/home/runner/.m2/repository/com/fasterxml/jackson/jaxrs/jackson-jaxrs-base/2.13.2/jackson-jaxrs-base-2.13.2.jar:/home/runner/.m2/repository/org/apache/hadoop/hadoop-yarn-client/3.3.1/hadoop-yarn-client-3.3.1.jar:/home/runner/.m2/repository/org/eclipse/jetty/websocket/websocket-client/9.4.40.v20210413/websocket-client-9.4.40.v20210413.jar:/home/runner/.m2/repository/org/eclipse/jetty/websocket/websocket-common/9.4.40.v20210413/websocket-common-9.4.40.v20210413.jar:/home/runner/.m2/repository/org/eclipse/jetty/websocket/websocket-api/9.4.40.v20210413/websocket-api-9.4.40.v20210413.jar:/home/runner/.m2/repository/org/jline/jline/3.9.0/jline-3.9.0.jar:/home/runner/.m2/repository/org/apache/hadoop/hadoop-mapreduce-client-core/3.3.1/hadoop-mapreduce-client-core-3.3.1.jar:/home/runner/.m2/repository/org/apache/avro/avro/1.7.7/avro-1.7.7.jar:/home/runner/.m2/repository/org/codehaus/jackson/jackson-core-asl/1.9.13/jackson-core-asl-1.9.13.jar:/home/runner/.m2/repository/org/codehaus/jackson/jackson-mapper-asl/1.9.13/jackson-mapper-asl-1.9.13.jar:/home/runner/.m2/repository/com/thoughtworks/paranamer/paranamer/2.3/paranamer-2.3.jar:/home/runner/.m2/repository/org/apache/hadoop/hadoop-annotations/3.3.1/hadoop-annotations-3.3.1.jar:/usr/lib/jvm/temurin-8-jdk-amd64/jre/../lib/tools.jar:/home/runner/.m2/repository/org/apache/hadoop/hadoop-distcp/3.3.1/hadoop-distcp-3.3.1-tests.jar:/home/runner/.m2/repository/org/apache/ratis/ratis-common/2.3.0/ratis-common-2.3.0.jar:/home/runner/.m2/repository/org/apache/ratis/ratis-thirdparty-misc/1.0.0/ratis-thirdparty-misc-1.0.0.jar:/home/runner/.m2/repository/org/apache/ratis/ratis-proto/2.3.0/ratis-proto-2.3.0.jar:/home/runner/.m2/repository/org/apache/ozone/ozone-annotation-processing/1.3.0-SNAPSHOT/ozone-annotation-processing-1.3.0-SNAPSHOT.jar:"/>
    <property name="java.vm.vendor" value="Temurin"/>
    <property name="sun.arch.data.model" value="64"/>
    <property name="test.build.dir" value="/home/runner/work/ozone/ozone/hadoop-ozone/integration-test/target/test-dir"/>
    <property name="test.cache.data" value=""/>
    <property name="java.vendor.url" value="https://adoptium.net/"/>
    <property name="user.timezone" value="Etc/UTC"/>
    <property name="java.vm.specification.version" value="1.8"/>
    <property name="os.name" value="Linux"/>
    <property name="test.build.data" value="/home/runner/work/ozone/ozone/hadoop-ozone/integration-test/target/test-dir"/>
    <property name="sun.java.launcher" value="SUN_STANDARD"/>
    <property name="sun.boot.library.path" value="/usr/lib/jvm/temurin-8-jdk-amd64/jre/lib/amd64"/>
    <property name="sun.java.command" value="/home/runner/work/ozone/ozone/hadoop-ozone/integration-test/target/surefire/surefirebooter2604867532325666951.jar /home/runner/work/ozone/ozone/hadoop-ozone/integration-test/target/surefire 2022-07-12T20-19-32_306-jvmRun1 surefire6933686649166760586tmp surefire_24527039365281968323tmp"/>
    <property name="surefire.test.class.path" value="/home/runner/work/ozone/ozone/hadoop-ozone/integration-test/target/test-classes:/home/runner/work/ozone/ozone/hadoop-ozone/integration-test/target/classes:/home/runner/.m2/repository/org/apache/ozone/ozone-common/1.3.0-SNAPSHOT/ozone-common-1.3.0-SNAPSHOT.jar:/home/runner/.m2/repository/io/grpc/grpc-netty/1.44.0/grpc-netty-1.44.0.jar:/home/runner/.m2/repository/io/grpc/grpc-core/1.44.0/grpc-core-1.44.0.jar:/home/runner/.m2/repository/com/google/android/annotations/4.1.1.4/annotations-4.1.1.4.jar:/home/runner/.m2/repository/org/codehaus/mojo/animal-sniffer-annotations/1.19/animal-sniffer-annotations-1.19.jar:/home/runner/.m2/repository/com/google/errorprone/error_prone_annotations/2.2.0/error_prone_annotations-2.2.0.jar:/home/runner/.m2/repository/io/perfmark/perfmark-api/0.23.0/perfmark-api-0.23.0.jar:/home/runner/.m2/repository/io/netty/netty-codec-http2/4.1.74.Final/netty-codec-http2-4.1.74.Final.jar:/home/runner/.m2/repository/io/netty/netty-common/4.1.74.Final/netty-common-4.1.74.Final.jar:/home/runner/.m2/repository/io/netty/netty-buffer/4.1.74.Final/netty-buffer-4.1.74.Final.jar:/home/runner/.m2/repository/io/netty/netty-codec-http/4.1.74.Final/netty-codec-http-4.1.74.Final.jar:/home/runner/.m2/repository/io/netty/netty-handler-proxy/4.1.74.Final/netty-handler-proxy-4.1.74.Final.jar:/home/runner/.m2/repository/io/netty/netty-codec-socks/4.1.74.Final/netty-codec-socks-4.1.74.Final.jar:/home/runner/.m2/repository/io/netty/netty-tcnative-boringssl-static/2.0.48.Final/netty-tcnative-boringssl-static-2.0.48.Final.jar:/home/runner/.m2/repository/io/netty/netty-tcnative-classes/2.0.48.Final/netty-tcnative-classes-2.0.48.Final.jar:/home/runner/.m2/repository/io/netty/netty-tcnative/2.0.48.Final/netty-tcnative-2.0.48.Final.jar:/home/runner/.m2/repository/org/apache/commons/commons-compress/1.21/commons-compress-1.21.jar:/home/runner/.m2/repository/org/apache/ozone/hdds-common/1.3.0-SNAPSHOT/hdds-common-1.3.0-SNAPSHOT.jar:/home/runner/.m2/repository/org/apache/ozone/hdds-client/1.3.0-SNAPSHOT/hdds-client-1.3.0-SNAPSHOT.jar:/home/runner/.m2/repository/org/apache/ozone/ozone-interface-client/1.3.0-SNAPSHOT/ozone-interface-client-1.3.0-SNAPSHOT.jar:/home/runner/.m2/repository/org/apache/ozone/hdds-test-utils/1.3.0-SNAPSHOT/hdds-test-utils-1.3.0-SNAPSHOT.jar:/home/runner/.m2/repository/com/google/guava/guava/31.1-jre/guava-31.1-jre.jar:/home/runner/.m2/repository/com/google/guava/failureaccess/1.0.1/failureaccess-1.0.1.jar:/home/runner/.m2/repository/com/google/guava/listenablefuture/9999.0-empty-to-avoid-conflict-with-guava/listenablefuture-9999.0-empty-to-avoid-conflict-with-guava.jar:/home/runner/.m2/repository/com/google/code/findbugs/jsr305/3.0.0/jsr305-3.0.0.jar:/home/runner/.m2/repository/org/checkerframework/checker-qual/3.12.0/checker-qual-3.12.0.jar:/home/runner/.m2/repository/com/google/j2objc/j2objc-annotations/1.3/j2objc-annotations-1.3.jar:/home/runner/.m2/repository/commons-io/commons-io/2.11.0/commons-io-2.11.0.jar:/home/runner/.m2/repository/commons-logging/commons-logging/1.2/commons-logging-1.2.jar:/home/runner/.m2/repository/log4j/log4j/1.2.17/log4j-1.2.17.jar:/home/runner/.m2/repository/org/slf4j/slf4j-api/1.7.30/slf4j-api-1.7.30.jar:/home/runner/.m2/repository/org/apache/ozone/hdds-server-scm/1.3.0-SNAPSHOT/hdds-server-scm-1.3.0-SNAPSHOT.jar:/home/runner/.m2/repository/org/apache/ozone/hdds-container-service/1.3.0-SNAPSHOT/hdds-container-service-1.3.0-SNAPSHOT.jar:/home/runner/.m2/repository/org/apache/ozone/hdds-hadoop-dependency-server/1.3.0-SNAPSHOT/hdds-hadoop-dependency-server-1.3.0-SNAPSHOT.jar:/home/runner/.m2/repository/org/apache/hadoop/hadoop-hdfs/3.3.1/hadoop-hdfs-3.3.1.jar:/home/runner/.m2/repository/org/apache/ozone/hdds-server-framework/1.3.0-SNAPSHOT/hdds-server-framework-1.3.0-SNAPSHOT.jar:/home/runner/.m2/repository/org/apache/ozone/hdds-interface-server/1.3.0-SNAPSHOT/hdds-interface-server-1.3.0-SNAPSHOT.jar:/home/runner/.m2/repository/org/apache/logging/log4j/log4j-core/2.17.1/log4j-core-2.17.1.jar:/home/runner/.m2/repository/com/lmax/disruptor/3.4.2/disruptor-3.4.2.jar:/home/runner/.m2/repository/org/eclipse/jetty/jetty-servlet/9.4.43.v20210629/jetty-servlet-9.4.43.v20210629.jar:/home/runner/.m2/repository/org/eclipse/jetty/jetty-security/9.4.43.v20210629/jetty-security-9.4.43.v20210629.jar:/home/runner/.m2/repository/org/rocksdb/rocksdbjni/6.29.5/rocksdbjni-6.29.5.jar:/home/runner/.m2/repository/io/prometheus/simpleclient_dropwizard/0.7.0/simpleclient_dropwizard-0.7.0.jar:/home/runner/.m2/repository/io/prometheus/simpleclient/0.7.0/simpleclient-0.7.0.jar:/home/runner/.m2/repository/io/prometheus/simpleclient_common/0.7.0/simpleclient_common-0.7.0.jar:/home/runner/.m2/repository/io/dropwizard/metrics/metrics-core/3.2.4/metrics-core-3.2.4.jar:/home/runner/.m2/repository/org/apache/hadoop/hadoop-hdfs-client/3.3.1/hadoop-hdfs-client-3.3.1.jar:/home/runner/.m2/repository/org/bouncycastle/bcprov-jdk15on/1.67/bcprov-jdk15on-1.67.jar:/home/runner/.m2/repository/com/google/protobuf/protobuf-java/2.5.0/protobuf-java-2.5.0.jar:/home/runner/.m2/repository/org/apache/ozone/ozone-manager/1.3.0-SNAPSHOT/ozone-manager-1.3.0-SNAPSHOT.jar:/home/runner/.m2/repository/org/aspectj/aspectjrt/1.9.7/aspectjrt-1.9.7.jar:/home/runner/.m2/repository/org/aspectj/aspectjweaver/1.9.7/aspectjweaver-1.9.7.jar:/home/runner/.m2/repository/org/apache/ozone/hdds-interface-client/1.3.0-SNAPSHOT/hdds-interface-client-1.3.0-SNAPSHOT.jar:/home/runner/.m2/repository/org/apache/hadoop/thirdparty/hadoop-shaded-protobuf_3_7/1.1.1/hadoop-shaded-protobuf_3_7-1.1.1.jar:/home/runner/.m2/repository/org/apache/ozone/ozone-interface-storage/1.3.0-SNAPSHOT/ozone-interface-storage-1.3.0-SNAPSHOT.jar:/home/runner/.m2/repository/org/reflections/reflections/0.9.11/reflections-0.9.11.jar:/home/runner/.m2/repository/com/sun/jersey/jersey-client/1.19/jersey-client-1.19.jar:/home/runner/.m2/repository/org/apache/ranger/ranger-intg/3.0.0-SNAPSHOT/ranger-intg-3.0.0-SNAPSHOT.jar:/home/runner/.m2/repository/org/apache/ranger/ranger-plugins-common/3.0.0-SNAPSHOT/ranger-plugins-common-3.0.0-SNAPSHOT.jar:/home/runner/.m2/repository/commons-lang/commons-lang/2.6/commons-lang-2.6.jar:/home/runner/.m2/repository/org/codehaus/jackson/jackson-jaxrs/1.9.13/jackson-jaxrs-1.9.13.jar:/home/runner/.m2/repository/org/apache/ranger/ranger-plugins-cred/3.0.0-SNAPSHOT/ranger-plugins-cred-3.0.0-SNAPSHOT.jar:/home/runner/.m2/repository/org/apache/ranger/ranger-plugins-audit/3.0.0-SNAPSHOT/ranger-plugins-audit-3.0.0-SNAPSHOT.jar:/home/runner/.m2/repository/org/apache/kafka/kafka-clients/2.8.1/kafka-clients-2.8.1.jar:/home/runner/.m2/repository/com/github/luben/zstd-jni/1.4.9-1/zstd-jni-1.4.9-1.jar:/home/runner/.m2/repository/org/apache/solr/solr-solrj/8.11.2/solr-solrj-8.11.2.jar:/home/runner/.m2/repository/org/eclipse/jetty/jetty-client/9.4.44.v20210927/jetty-client-9.4.44.v20210927.jar:/home/runner/.m2/repository/org/apache/httpcomponents/httpmime/4.5.13/httpmime-4.5.13.jar:/home/runner/.m2/repository/org/apache/httpcomponents/httpcore-nio/4.4.14/httpcore-nio-4.4.14.jar:/home/runner/.m2/repository/org/apache/httpcomponents/httpasyncclient/4.1.4/httpasyncclient-4.1.4.jar:/home/runner/.m2/repository/com/carrotsearch/hppc/0.8.0/hppc-0.8.0.jar:/home/runner/.m2/repository/org/apache/hive/hive-storage-api/2.7.2/hive-storage-api-2.7.2.jar:/home/runner/.m2/repository/org/apache/orc/orc-core/1.5.8/orc-core-1.5.8.jar:/home/runner/.m2/repository/com/amazonaws/aws-java-sdk-bundle/1.12.125/aws-java-sdk-bundle-1.12.125.jar:/home/runner/.m2/repository/net/java/dev/jna/jna/5.2.0/jna-5.2.0.jar:/home/runner/.m2/repository/net/java/dev/jna/jna-platform/5.2.0/jna-platform-5.2.0.jar:/home/runner/.m2/repository/com/kstruct/gethostname4j/0.0.2/gethostname4j-0.0.2.jar:/home/runner/.m2/repository/org/apache/ranger/ranger-plugin-classloader/3.0.0-SNAPSHOT/ranger-plugin-classloader-3.0.0-SNAPSHOT.jar:/home/runner/.m2/repository/org/apache/hadoop/hadoop-minikdc/3.3.1/hadoop-minikdc-3.3.1.jar:/home/runner/.m2/repository/org/apache/kerby/kerb-simplekdc/1.0.1/kerb-simplekdc-1.0.1.jar:/home/runner/.m2/repository/org/apache/kerby/kerb-client/1.0.1/kerb-client-1.0.1.jar:/home/runner/.m2/repository/org/apache/kerby/kerby-config/1.0.1/kerby-config-1.0.1.jar:/home/runner/.m2/repository/org/apache/kerby/kerb-common/1.0.1/kerb-common-1.0.1.jar:/home/runner/.m2/repository/org/apache/kerby/kerb-crypto/1.0.1/kerb-crypto-1.0.1.jar:/home/runner/.m2/repository/org/apache/kerby/kerb-util/1.0.1/kerb-util-1.0.1.jar:/home/runner/.m2/repository/org/apache/kerby/token-provider/1.0.1/token-provider-1.0.1.jar:/home/runner/.m2/repository/org/apache/kerby/kerb-admin/1.0.1/kerb-admin-1.0.1.jar:/home/runner/.m2/repository/org/apache/kerby/kerb-server/1.0.1/kerb-server-1.0.1.jar:/home/runner/.m2/repository/org/apache/kerby/kerb-identity/1.0.1/kerb-identity-1.0.1.jar:/home/runner/.m2/repository/org/apache/kerby/kerby-xdr/1.0.1/kerby-xdr-1.0.1.jar:/home/runner/.m2/repository/org/slf4j/slf4j-log4j12/1.7.30/slf4j-log4j12-1.7.30.jar:/home/runner/.m2/repository/org/apache/ozone/ozone-s3gateway/1.3.0-SNAPSHOT/ozone-s3gateway-1.3.0-SNAPSHOT.jar:/home/runner/.m2/repository/org/javassist/javassist/3.21.0-GA/javassist-3.21.0-GA.jar:/home/runner/.m2/repository/org/jboss/weld/servlet/weld-servlet/2.4.7.Final/weld-servlet-2.4.7.Final.jar:/home/runner/.m2/repository/org/glassfish/jersey/containers/jersey-container-servlet-core/2.33/jersey-container-servlet-core-2.33.jar:/home/runner/.m2/repository/org/glassfish/hk2/external/jakarta.inject/2.6.1/jakarta.inject-2.6.1.jar:/home/runner/.m2/repository/org/glassfish/jersey/core/jersey-common/2.33/jersey-common-2.33.jar:/home/runner/.m2/repository/jakarta/ws/rs/jakarta.ws.rs-api/2.1.6/jakarta.ws.rs-api-2.1.6.jar:/home/runner/.m2/repository/org/glassfish/jersey/ext/cdi/jersey-cdi1x/2.33/jersey-cdi1x-2.33.jar:/home/runner/.m2/repository/org/glassfish/jersey/inject/jersey-hk2/2.33/jersey-hk2-2.33.jar:/home/runner/.m2/repository/org/glassfish/hk2/hk2-locator/2.6.1/hk2-locator-2.6.1.jar:/home/runner/.m2/repository/org/glassfish/jersey/media/jersey-media-jaxb/2.33/jersey-media-jaxb-2.33.jar:/home/runner/.m2/repository/org/glassfish/hk2/osgi-resource-locator/1.0.3/osgi-resource-locator-1.0.3.jar:/home/runner/.m2/repository/org/glassfish/hk2/hk2-api/2.5.0/hk2-api-2.5.0.jar:/home/runner/.m2/repository/org/glassfish/hk2/hk2-utils/2.5.0/hk2-utils-2.5.0.jar:/home/runner/.m2/repository/org/glassfish/hk2/external/aopalliance-repackaged/2.5.0/aopalliance-repackaged-2.5.0.jar:/home/runner/.m2/repository/com/fasterxml/jackson/dataformat/jackson-dataformat-xml/2.13.2/jackson-dataformat-xml-2.13.2.jar:/home/runner/.m2/repository/com/fasterxml/jackson/core/jackson-core/2.13.2/jackson-core-2.13.2.jar:/home/runner/.m2/repository/org/codehaus/woodstox/stax2-api/3.1.4/stax2-api-3.1.4.jar:/home/runner/.m2/repository/com/fasterxml/woodstox/woodstox-core/5.0.3/woodstox-core-5.0.3.jar:/home/runner/.m2/repository/com/fasterxml/jackson/module/jackson-module-jaxb-annotations/2.13.2/jackson-module-jaxb-annotations-2.13.2.jar:/home/runner/.m2/repository/jakarta/xml/bind/jakarta.xml.bind-api/2.3.3/jakarta.xml.bind-api-2.3.3.jar:/home/runner/.m2/repository/jakarta/activation/jakarta.activation-api/1.2.1/jakarta.activation-api-1.2.1.jar:/home/runner/.m2/repository/javax/enterprise/cdi-api/1.2/cdi-api-1.2.jar:/home/runner/.m2/repository/javax/el/javax.el-api/3.0.0/javax.el-api-3.0.0.jar:/home/runner/.m2/repository/javax/interceptor/javax.interceptor-api/1.2/javax.interceptor-api-1.2.jar:/home/runner/.m2/repository/javax/inject/javax.inject/1/javax.inject-1.jar:/home/runner/.m2/repository/javax/xml/bind/jaxb-api/2.3.0/jaxb-api-2.3.0.jar:/home/runner/.m2/repository/org/glassfish/jaxb/jaxb-runtime/2.3.0.1/jaxb-runtime-2.3.0.1.jar:/home/runner/.m2/repository/org/glassfish/jaxb/jaxb-core/2.3.0.1/jaxb-core-2.3.0.1.jar:/home/runner/.m2/repository/org/glassfish/jaxb/txw2/2.3.0.1/txw2-2.3.0.1.jar:/home/runner/.m2/repository/com/sun/istack/istack-commons-runtime/3.0.5/istack-commons-runtime-3.0.5.jar:/home/runner/.m2/repository/org/jvnet/staxex/stax-ex/1.7.8/stax-ex-1.7.8.jar:/home/runner/.m2/repository/com/sun/xml/fastinfoset/FastInfoset/1.2.13/FastInfoset-1.2.13.jar:/home/runner/.m2/repository/javax/activation/activation/1.1.1/activation-1.1.1.jar:/home/runner/.m2/repository/io/grpc/grpc-protobuf/1.44.0/grpc-protobuf-1.44.0.jar:/home/runner/.m2/repository/io/grpc/grpc-api/1.44.0/grpc-api-1.44.0.jar:/home/runner/.m2/repository/io/grpc/grpc-context/1.44.0/grpc-context-1.44.0.jar:/home/runner/.m2/repository/com/google/api/grpc/proto-google-common-protos/2.0.1/proto-google-common-protos-2.0.1.jar:/home/runner/.m2/repository/io/grpc/grpc-protobuf-lite/1.44.0/grpc-protobuf-lite-1.44.0.jar:/home/runner/.m2/repository/io/grpc/grpc-stub/1.44.0/grpc-stub-1.44.0.jar:/home/runner/.m2/repository/io/netty/netty-transport/4.1.74.Final/netty-transport-4.1.74.Final.jar:/home/runner/.m2/repository/io/netty/netty-resolver/4.1.74.Final/netty-resolver-4.1.74.Final.jar:/home/runner/.m2/repository/org/apache/ozone/ozone-csi/1.3.0-SNAPSHOT/ozone-csi-1.3.0-SNAPSHOT.jar:/home/runner/.m2/repository/com/google/protobuf/protobuf-java-util/3.19.2/protobuf-java-util-3.19.2.jar:/home/runner/.m2/repository/com/google/code/gson/gson/2.9.0/gson-2.9.0.jar:/home/runner/.m2/repository/org/apache/ozone/hdds-config/1.3.0-SNAPSHOT/hdds-config-1.3.0-SNAPSHOT.jar:/home/runner/.m2/repository/io/netty/netty-transport-native-epoll/4.1.74.Final/netty-transport-native-epoll-4.1.74.Final-linux-x86_64.jar:/home/runner/.m2/repository/io/netty/netty-transport-classes-epoll/4.1.74.Final/netty-transport-classes-epoll-4.1.74.Final.jar:/home/runner/.m2/repository/io/netty/netty-transport-native-unix-common/4.1.74.Final/netty-transport-native-unix-common-4.1.74.Final.jar:/home/runner/.m2/repository/org/apache/ozone/ozone-recon/1.3.0-SNAPSHOT/ozone-recon-1.3.0-SNAPSHOT.jar:/home/runner/.m2/repository/org/apache/ozone/ozone-reconcodegen/1.3.0-SNAPSHOT/ozone-reconcodegen-1.3.0-SNAPSHOT.jar:/home/runner/.m2/repository/com/google/inject/extensions/guice-multibindings/4.0/guice-multibindings-4.0.jar:/home/runner/.m2/repository/com/google/inject/guice/4.0/guice-4.0.jar:/home/runner/.m2/repository/aopalliance/aopalliance/1.0/aopalliance-1.0.jar:/home/runner/.m2/repository/com/google/inject/extensions/guice-assistedinject/4.0/guice-assistedinject-4.0.jar:/home/runner/.m2/repository/com/google/inject/extensions/guice-servlet/4.0/guice-servlet-4.0.jar:/home/runner/.m2/repository/org/glassfish/jersey/containers/jersey-container-servlet/2.33/jersey-container-servlet-2.33.jar:/home/runner/.m2/repository/org/glassfish/hk2/guice-bridge/2.5.0/guice-bridge-2.5.0.jar:/home/runner/.m2/repository/org/glassfish/jersey/core/jersey-server/2.33/jersey-server-2.33.jar:/home/runner/.m2/repository/org/glassfish/jersey/core/jersey-client/2.33/jersey-client-2.33.jar:/home/runner/.m2/repository/jakarta/annotation/jakarta.annotation-api/1.3.5/jakarta.annotation-api-1.3.5.jar:/home/runner/.m2/repository/jakarta/validation/jakarta.validation-api/2.0.2/jakarta.validation-api-2.0.2.jar:/home/runner/.m2/repository/org/glassfish/jersey/media/jersey-media-json-jackson/2.33/jersey-media-json-jackson-2.33.jar:/home/runner/.m2/repository/org/glassfish/jersey/ext/jersey-entity-filtering/2.33/jersey-entity-filtering-2.33.jar:/home/runner/.m2/repository/org/jooq/jooq/3.11.10/jooq-3.11.10.jar:/home/runner/.m2/repository/org/jooq/jooq-meta/3.11.10/jooq-meta-3.11.10.jar:/home/runner/.m2/repository/org/jooq/jooq-codegen/3.11.10/jooq-codegen-3.11.10.jar:/home/runner/.m2/repository/com/jolbox/bonecp/0.8.0.RELEASE/bonecp-0.8.0.RELEASE.jar:/home/runner/.m2/repository/org/apache/derby/derby/10.14.2.0/derby-10.14.2.0.jar:/home/runner/.m2/repository/org/xerial/sqlite-jdbc/3.25.2/sqlite-jdbc-3.25.2.jar:/home/runner/.m2/repository/org/springframework/spring-jdbc/5.2.20.RELEASE/spring-jdbc-5.2.20.RELEASE.jar:/home/runner/.m2/repository/org/springframework/spring-beans/5.2.20.RELEASE/spring-beans-5.2.20.RELEASE.jar:/home/runner/.m2/repository/org/springframework/spring-core/5.2.20.RELEASE/spring-core-5.2.20.RELEASE.jar:/home/runner/.m2/repository/org/springframework/spring-jcl/5.2.20.RELEASE/spring-jcl-5.2.20.RELEASE.jar:/home/runner/.m2/repository/org/springframework/spring-tx/5.2.20.RELEASE/spring-tx-5.2.20.RELEASE.jar:/home/runner/.m2/repository/org/apache/ozone/ozone-client/1.3.0-SNAPSHOT/ozone-client-1.3.0-SNAPSHOT.jar:/home/runner/.m2/repository/org/apache/ozone/hdds-erasurecode/1.3.0-SNAPSHOT/hdds-erasurecode-1.3.0-SNAPSHOT.jar:/home/runner/.m2/repository/com/github/spotbugs/spotbugs-annotations/3.1.12/spotbugs-annotations-3.1.12.jar:/home/runner/.m2/repository/org/apache/ozone/ozone-filesystem/1.3.0-SNAPSHOT/ozone-filesystem-1.3.0-SNAPSHOT.jar:/home/runner/.m2/repository/org/apache/ozone/ozone-filesystem-common/1.3.0-SNAPSHOT/ozone-filesystem-common-1.3.0-SNAPSHOT.jar:/home/runner/.m2/repository/org/apache/ozone/ozone-tools/1.3.0-SNAPSHOT/ozone-tools-1.3.0-SNAPSHOT.jar:/home/runner/.m2/repository/org/apache/ratis/ratis-tools/2.3.0/ratis-tools-2.3.0.jar:/home/runner/.m2/repository/com/amazonaws/aws-java-sdk-core/1.12.124/aws-java-sdk-core-1.12.124.jar:/home/runner/.m2/repository/org/apache/httpcomponents/httpclient/4.5.13/httpclient-4.5.13.jar:/home/runner/.m2/repository/org/apache/httpcomponents/httpcore/4.4.13/httpcore-4.4.13.jar:/home/runner/.m2/repository/software/amazon/ion/ion-java/1.0.2/ion-java-1.0.2.jar:/home/runner/.m2/repository/com/fasterxml/jackson/dataformat/jackson-dataformat-cbor/2.13.2/jackson-dataformat-cbor-2.13.2.jar:/home/runner/.m2/repository/joda-time/joda-time/2.8.1/joda-time-2.8.1.jar:/home/runner/.m2/repository/com/amazonaws/aws-java-sdk-s3/1.12.124/aws-java-sdk-s3-1.12.124.jar:/home/runner/.m2/repository/com/amazonaws/aws-java-sdk-kms/1.12.124/aws-java-sdk-kms-1.12.124.jar:/home/runner/.m2/repository/com/amazonaws/jmespath-java/1.12.124/jmespath-java-1.12.124.jar:/home/runner/.m2/repository/org/kohsuke/metainf-services/metainf-services/1.8/metainf-services-1.8.jar:/home/runner/.m2/repository/org/apache/ozone/hdds-tools/1.3.0-SNAPSHOT/hdds-tools-1.3.0-SNAPSHOT.jar:/home/runner/.m2/repository/commons-cli/commons-cli/1.2/commons-cli-1.2.jar:/home/runner/.m2/repository/org/apache/commons/commons-lang3/3.7/commons-lang3-3.7.jar:/home/runner/.m2/repository/org/apache/ozone/ozone-manager/1.3.0-SNAPSHOT/ozone-manager-1.3.0-SNAPSHOT-tests.jar:/home/runner/.m2/repository/org/apache/ozone/hdds-common/1.3.0-SNAPSHOT/hdds-common-1.3.0-SNAPSHOT-tests.jar:/home/runner/.m2/repository/org/apache/ozone/hdds-hadoop-dependency-client/1.3.0-SNAPSHOT/hdds-hadoop-dependency-client-1.3.0-SNAPSHOT.jar:/home/runner/.m2/repository/info/picocli/picocli/4.6.1/picocli-4.6.1.jar:/home/runner/.m2/repository/com/fasterxml/jackson/core/jackson-annotations/2.13.2/jackson-annotations-2.13.2.jar:/home/runner/.m2/repository/com/fasterxml/jackson/datatype/jackson-datatype-jsr310/2.13.2/jackson-datatype-jsr310-2.13.2.jar:/home/runner/.m2/repository/javax/annotation/javax.annotation-api/1.2/javax.annotation-api-1.2.jar:/home/runner/.m2/repository/org/apache/ratis/ratis-server/2.3.0/ratis-server-2.3.0.jar:/home/runner/.m2/repository/org/apache/ratis/ratis-client/2.3.0/ratis-client-2.3.0.jar:/home/runner/.m2/repository/org/apache/ratis/ratis-server-api/2.3.0/ratis-server-api-2.3.0.jar:/home/runner/.m2/repository/org/apache/ratis/ratis-metrics/2.3.0/ratis-metrics-2.3.0.jar:/home/runner/.m2/repository/org/apache/ratis/ratis-netty/2.3.0/ratis-netty-2.3.0.jar:/home/runner/.m2/repository/org/apache/ratis/ratis-grpc/2.3.0/ratis-grpc-2.3.0.jar:/home/runner/.m2/repository/org/apache/logging/log4j/log4j-api/2.17.1/log4j-api-2.17.1.jar:/home/runner/.m2/repository/org/apache/commons/commons-pool2/2.6.0/commons-pool2-2.6.0.jar:/home/runner/.m2/repository/org/bouncycastle/bcpkix-jdk15on/1.67/bcpkix-jdk15on-1.67.jar:/home/runner/.m2/repository/commons-validator/commons-validator/1.6/commons-validator-1.6.jar:/home/runner/.m2/repository/commons-beanutils/commons-beanutils/1.9.4/commons-beanutils-1.9.4.jar:/home/runner/.m2/repository/commons-digester/commons-digester/1.8.1/commons-digester-1.8.1.jar:/home/runner/.m2/repository/commons-collections/commons-collections/3.2.2/commons-collections-3.2.2.jar:/home/runner/.m2/repository/io/jaegertracing/jaeger-client/1.6.0/jaeger-client-1.6.0.jar:/home/runner/.m2/repository/io/jaegertracing/jaeger-thrift/1.6.0/jaeger-thrift-1.6.0.jar:/home/runner/.m2/repository/org/apache/thrift/libthrift/0.14.1/libthrift-0.14.1.jar:/home/runner/.m2/repository/com/squareup/okhttp3/okhttp/4.9.0/okhttp-4.9.0.jar:/home/runner/.m2/repository/com/squareup/okio/okio/2.8.0/okio-2.8.0.jar:/home/runner/.m2/repository/io/jaegertracing/jaeger-core/1.6.0/jaeger-core-1.6.0.jar:/home/runner/.m2/repository/io/jaegertracing/jaeger-tracerresolver/1.6.0/jaeger-tracerresolver-1.6.0.jar:/home/runner/.m2/repository/io/opentracing/contrib/opentracing-tracerresolver/0.1.8/opentracing-tracerresolver-0.1.8.jar:/home/runner/.m2/repository/org/jetbrains/kotlin/kotlin-stdlib/1.6.21/kotlin-stdlib-1.6.21.jar:/home/runner/.m2/repository/org/jetbrains/kotlin/kotlin-stdlib-common/1.6.21/kotlin-stdlib-common-1.6.21.jar:/home/runner/.m2/repository/org/jetbrains/annotations/13.0/annotations-13.0.jar:/home/runner/.m2/repository/io/opentracing/opentracing-util/0.33.0/opentracing-util-0.33.0.jar:/home/runner/.m2/repository/io/opentracing/opentracing-api/0.33.0/opentracing-api-0.33.0.jar:/home/runner/.m2/repository/io/opentracing/opentracing-noop/0.33.0/opentracing-noop-0.33.0.jar:/home/runner/.m2/repository/org/yaml/snakeyaml/1.26/snakeyaml-1.26.jar:/home/runner/.m2/repository/org/apache/ozone/hdds-interface-admin/1.3.0-SNAPSHOT/hdds-interface-admin-1.3.0-SNAPSHOT.jar:/home/runner/.m2/repository/junit/junit/4.13.1/junit-4.13.1.jar:/home/runner/.m2/repository/org/hamcrest/hamcrest-core/1.3/hamcrest-core-1.3.jar:/home/runner/.m2/repository/org/junit/jupiter/junit-jupiter-api/5.8.2/junit-jupiter-api-5.8.2.jar:/home/runner/.m2/repository/org/opentest4j/opentest4j/1.2.0/opentest4j-1.2.0.jar:/home/runner/.m2/repository/org/junit/platform/junit-platform-commons/1.8.2/junit-platform-commons-1.8.2.jar:/home/runner/.m2/repository/org/apiguardian/apiguardian-api/1.1.2/apiguardian-api-1.1.2.jar:/home/runner/.m2/repository/org/junit/jupiter/junit-jupiter-params/5.8.2/junit-jupiter-params-5.8.2.jar:/home/runner/.m2/repository/org/junit/jupiter/junit-jupiter-migrationsupport/5.8.2/junit-jupiter-migrationsupport-5.8.2.jar:/home/runner/.m2/repository/org/junit/jupiter/junit-jupiter-engine/5.8.2/junit-jupiter-engine-5.8.2.jar:/home/runner/.m2/repository/org/junit/platform/junit-platform-engine/1.8.2/junit-platform-engine-1.8.2.jar:/home/runner/.m2/repository/org/junit/vintage/junit-vintage-engine/5.8.2/junit-vintage-engine-5.8.2.jar:/home/runner/.m2/repository/org/junit/platform/junit-platform-launcher/1.8.2/junit-platform-launcher-1.8.2.jar:/home/runner/.m2/repository/org/mockito/mockito-core/2.28.2/mockito-core-2.28.2.jar:/home/runner/.m2/repository/net/bytebuddy/byte-buddy/1.9.10/byte-buddy-1.9.10.jar:/home/runner/.m2/repository/net/bytebuddy/byte-buddy-agent/1.9.10/byte-buddy-agent-1.9.10.jar:/home/runner/.m2/repository/org/objenesis/objenesis/1.0/objenesis-1.0.jar:/home/runner/.m2/repository/org/apache/hadoop/hadoop-kms/3.3.1/hadoop-kms-3.3.1.jar:/home/runner/.m2/repository/org/apache/hadoop/hadoop-auth/3.3.1/hadoop-auth-3.3.1.jar:/home/runner/.m2/repository/com/nimbusds/nimbus-jose-jwt/7.9/nimbus-jose-jwt-7.9.jar:/home/runner/.m2/repository/com/github/stephenc/jcip/jcip-annotations/1.0-1/jcip-annotations-1.0-1.jar:/home/runner/.m2/repository/net/minidev/json-smart/2.4.7/json-smart-2.4.7.jar:/home/runner/.m2/repository/net/minidev/accessors-smart/2.4.7/accessors-smart-2.4.7.jar:/home/runner/.m2/repository/org/ow2/asm/asm/5.0.4/asm-5.0.4.jar:/home/runner/.m2/repository/org/apache/zookeeper/zookeeper/3.5.6/zookeeper-3.5.6.jar:/home/runner/.m2/repository/org/apache/zookeeper/zookeeper-jute/3.5.6/zookeeper-jute-3.5.6.jar:/home/runner/.m2/repository/org/apache/yetus/audience-annotations/0.5.0/audience-annotations-0.5.0.jar:/home/runner/.m2/repository/org/apache/curator/curator-framework/4.2.0/curator-framework-4.2.0.jar:/home/runner/.m2/repository/org/apache/hadoop/thirdparty/hadoop-shaded-guava/1.1.1/hadoop-shaded-guava-1.1.1.jar:/home/runner/.m2/repository/com/sun/jersey/jersey-core/1.19/jersey-core-1.19.jar:/home/runner/.m2/repository/javax/ws/rs/jsr311-api/1.1.1/jsr311-api-1.1.1.jar:/home/runner/.m2/repository/com/sun/jersey/jersey-server/1.19/jersey-server-1.19.jar:/home/runner/.m2/repository/javax/servlet/javax.servlet-api/3.1.0/javax.servlet-api-3.1.0.jar:/home/runner/.m2/repository/org/eclipse/jetty/jetty-server/9.4.43.v20210629/jetty-server-9.4.43.v20210629.jar:/home/runner/.m2/repository/org/eclipse/jetty/jetty-http/9.4.43.v20210629/jetty-http-9.4.43.v20210629.jar:/home/runner/.m2/repository/org/eclipse/jetty/jetty-io/9.4.43.v20210629/jetty-io-9.4.43.v20210629.jar:/home/runner/.m2/repository/org/eclipse/jetty/jetty-webapp/9.4.43.v20210629/jetty-webapp-9.4.43.v20210629.jar:/home/runner/.m2/repository/org/eclipse/jetty/jetty-xml/9.4.43.v20210629/jetty-xml-9.4.43.v20210629.jar:/home/runner/.m2/repository/org/apache/hadoop/hadoop-common/3.3.1/hadoop-common-3.3.1.jar:/home/runner/.m2/repository/org/apache/commons/commons-math3/3.1.1/commons-math3-3.1.1.jar:/home/runner/.m2/repository/commons-net/commons-net/3.6/commons-net-3.6.jar:/home/runner/.m2/repository/com/sun/jersey/jersey-servlet/1.19/jersey-servlet-1.19.jar:/home/runner/.m2/repository/com/sun/jersey/jersey-json/1.19/jersey-json-1.19.jar:/home/runner/.m2/repository/org/codehaus/jettison/jettison/1.1/jettison-1.1.jar:/home/runner/.m2/repository/com/sun/xml/bind/jaxb-impl/2.2.3-1/jaxb-impl-2.2.3-1.jar:/home/runner/.m2/repository/org/codehaus/jackson/jackson-xc/1.9.2/jackson-xc-1.9.2.jar:/home/runner/.m2/repository/org/apache/commons/commons-configuration2/2.1.1/commons-configuration2-2.1.1.jar:/home/runner/.m2/repository/org/apache/commons/commons-text/1.4/commons-text-1.4.jar:/home/runner/.m2/repository/com/google/re2j/re2j/1.1/re2j-1.1.jar:/home/runner/.m2/repository/com/jcraft/jsch/0.1.54/jsch-0.1.54.jar:/home/runner/.m2/repository/org/apache/curator/curator-client/4.2.0/curator-client-4.2.0.jar:/home/runner/.m2/repository/org/apache/curator/curator-recipes/4.2.0/curator-recipes-4.2.0.jar:/home/runner/.m2/repository/org/apache/kerby/kerb-core/1.0.1/kerb-core-1.0.1.jar:/home/runner/.m2/repository/org/apache/kerby/kerby-pkix/1.0.1/kerby-pkix-1.0.1.jar:/home/runner/.m2/repository/org/apache/kerby/kerby-asn1/1.0.1/kerby-asn1-1.0.1.jar:/home/runner/.m2/repository/org/apache/kerby/kerby-util/1.0.1/kerby-util-1.0.1.jar:/home/runner/.m2/repository/dnsjava/dnsjava/2.1.7/dnsjava-2.1.7.jar:/home/runner/.m2/repository/org/xerial/snappy/snappy-java/1.1.8.2/snappy-java-1.1.8.2.jar:/home/runner/.m2/repository/org/slf4j/jul-to-slf4j/1.7.30/jul-to-slf4j-1.7.30.jar:/home/runner/.m2/repository/org/eclipse/jetty/jetty-util/9.4.43.v20210629/jetty-util-9.4.43.v20210629.jar:/home/runner/.m2/repository/com/fasterxml/jackson/core/jackson-databind/2.13.2.2/jackson-databind-2.13.2.2.jar:/home/runner/.m2/repository/org/apache/hadoop/hadoop-kms/3.3.1/hadoop-kms-3.3.1-tests.jar:/home/runner/.m2/repository/org/apache/ozone/hdds-server-scm/1.3.0-SNAPSHOT/hdds-server-scm-1.3.0-SNAPSHOT-tests.jar:/home/runner/.m2/repository/org/apache/ozone/hdds-container-service/1.3.0-SNAPSHOT/hdds-container-service-1.3.0-SNAPSHOT-tests.jar:/home/runner/.m2/repository/commons-codec/commons-codec/1.11/commons-codec-1.11.jar:/home/runner/.m2/repository/io/netty/netty-codec/4.1.74.Final/netty-codec-4.1.74.Final.jar:/home/runner/.m2/repository/io/netty/netty-handler/4.1.74.Final/netty-handler-4.1.74.Final.jar:/home/runner/.m2/repository/org/apache/ozone/hdds-hadoop-dependency-test/1.3.0-SNAPSHOT/hdds-hadoop-dependency-test-1.3.0-SNAPSHOT.jar:/home/runner/.m2/repository/org/apache/hadoop/hadoop-common/3.3.1/hadoop-common-3.3.1-tests.jar:/home/runner/.m2/repository/org/assertj/assertj-core/3.12.2/assertj-core-3.12.2.jar:/home/runner/.m2/repository/org/apache/hadoop/hadoop-hdfs/3.3.1/hadoop-hdfs-3.3.1-tests.jar:/home/runner/.m2/repository/org/eclipse/jetty/jetty-util-ajax/9.4.43.v20210629/jetty-util-ajax-9.4.43.v20210629.jar:/home/runner/.m2/repository/commons-daemon/commons-daemon/1.0.13/commons-daemon-1.0.13.jar:/home/runner/.m2/repository/io/netty/netty/3.10.6.Final/netty-3.10.6.Final.jar:/home/runner/.m2/repository/io/netty/netty-all/4.1.74.Final/netty-all-4.1.74.Final.jar:/home/runner/.m2/repository/io/netty/netty-codec-dns/4.1.74.Final/netty-codec-dns-4.1.74.Final.jar:/home/runner/.m2/repository/io/netty/netty-codec-haproxy/4.1.74.Final/netty-codec-haproxy-4.1.74.Final.jar:/home/runner/.m2/repository/io/netty/netty-codec-memcache/4.1.74.Final/netty-codec-memcache-4.1.74.Final.jar:/home/runner/.m2/repository/io/netty/netty-codec-mqtt/4.1.74.Final/netty-codec-mqtt-4.1.74.Final.jar:/home/runner/.m2/repository/io/netty/netty-codec-redis/4.1.74.Final/netty-codec-redis-4.1.74.Final.jar:/home/runner/.m2/repository/io/netty/netty-codec-smtp/4.1.74.Final/netty-codec-smtp-4.1.74.Final.jar:/home/runner/.m2/repository/io/netty/netty-codec-stomp/4.1.74.Final/netty-codec-stomp-4.1.74.Final.jar:/home/runner/.m2/repository/io/netty/netty-codec-xml/4.1.74.Final/netty-codec-xml-4.1.74.Final.jar:/home/runner/.m2/repository/io/netty/netty-resolver-dns/4.1.74.Final/netty-resolver-dns-4.1.74.Final.jar:/home/runner/.m2/repository/io/netty/netty-transport-rxtx/4.1.74.Final/netty-transport-rxtx-4.1.74.Final.jar:/home/runner/.m2/repository/io/netty/netty-transport-sctp/4.1.74.Final/netty-transport-sctp-4.1.74.Final.jar:/home/runner/.m2/repository/io/netty/netty-transport-udt/4.1.74.Final/netty-transport-udt-4.1.74.Final.jar:/home/runner/.m2/repository/io/netty/netty-transport-classes-kqueue/4.1.74.Final/netty-transport-classes-kqueue-4.1.74.Final.jar:/home/runner/.m2/repository/io/netty/netty-resolver-dns-classes-macos/4.1.74.Final/netty-resolver-dns-classes-macos-4.1.74.Final.jar:/home/runner/.m2/repository/io/netty/netty-transport-native-epoll/4.1.74.Final/netty-transport-native-epoll-4.1.74.Final-linux-aarch_64.jar:/home/runner/.m2/repository/io/netty/netty-transport-native-kqueue/4.1.74.Final/netty-transport-native-kqueue-4.1.74.Final-osx-x86_64.jar:/home/runner/.m2/repository/io/netty/netty-transport-native-kqueue/4.1.74.Final/netty-transport-native-kqueue-4.1.74.Final-osx-aarch_64.jar:/home/runner/.m2/repository/io/netty/netty-resolver-dns-native-macos/4.1.74.Final/netty-resolver-dns-native-macos-4.1.74.Final-osx-x86_64.jar:/home/runner/.m2/repository/io/netty/netty-resolver-dns-native-macos/4.1.74.Final/netty-resolver-dns-native-macos-4.1.74.Final-osx-aarch_64.jar:/home/runner/.m2/repository/org/apache/htrace/htrace-core4/4.1.0-incubating/htrace-core4-4.1.0-incubating.jar:/home/runner/.m2/repository/org/fusesource/leveldbjni/leveldbjni-all/1.8/leveldbjni-all-1.8.jar:/home/runner/.m2/repository/org/apache/hadoop/hadoop-distcp/3.3.1/hadoop-distcp-3.3.1.jar:/home/runner/.m2/repository/org/apache/hadoop/hadoop-mapreduce-client-jobclient/3.3.1/hadoop-mapreduce-client-jobclient-3.3.1.jar:/home/runner/.m2/repository/org/apache/hadoop/hadoop-mapreduce-client-common/3.3.1/hadoop-mapreduce-client-common-3.3.1.jar:/home/runner/.m2/repository/org/apache/hadoop/hadoop-yarn-common/3.3.1/hadoop-yarn-common-3.3.1.jar:/home/runner/.m2/repository/org/apache/hadoop/hadoop-yarn-api/3.3.1/hadoop-yarn-api-3.3.1.jar:/home/runner/.m2/repository/com/sun/jersey/contribs/jersey-guice/1.19/jersey-guice-1.19.jar:/home/runner/.m2/repository/com/fasterxml/jackson/jaxrs/jackson-jaxrs-json-provider/2.13.2/jackson-jaxrs-json-provider-2.13.2.jar:/home/runner/.m2/repository/com/fasterxml/jackson/jaxrs/jackson-jaxrs-base/2.13.2/jackson-jaxrs-base-2.13.2.jar:/home/runner/.m2/repository/org/apache/hadoop/hadoop-yarn-client/3.3.1/hadoop-yarn-client-3.3.1.jar:/home/runner/.m2/repository/org/eclipse/jetty/websocket/websocket-client/9.4.40.v20210413/websocket-client-9.4.40.v20210413.jar:/home/runner/.m2/repository/org/eclipse/jetty/websocket/websocket-common/9.4.40.v20210413/websocket-common-9.4.40.v20210413.jar:/home/runner/.m2/repository/org/eclipse/jetty/websocket/websocket-api/9.4.40.v20210413/websocket-api-9.4.40.v20210413.jar:/home/runner/.m2/repository/org/jline/jline/3.9.0/jline-3.9.0.jar:/home/runner/.m2/repository/org/apache/hadoop/hadoop-mapreduce-client-core/3.3.1/hadoop-mapreduce-client-core-3.3.1.jar:/home/runner/.m2/repository/org/apache/avro/avro/1.7.7/avro-1.7.7.jar:/home/runner/.m2/repository/org/codehaus/jackson/jackson-core-asl/1.9.13/jackson-core-asl-1.9.13.jar:/home/runner/.m2/repository/org/codehaus/jackson/jackson-mapper-asl/1.9.13/jackson-mapper-asl-1.9.13.jar:/home/runner/.m2/repository/com/thoughtworks/paranamer/paranamer/2.3/paranamer-2.3.jar:/home/runner/.m2/repository/org/apache/hadoop/hadoop-annotations/3.3.1/hadoop-annotations-3.3.1.jar:/usr/lib/jvm/temurin-8-jdk-amd64/jre/../lib/tools.jar:/home/runner/.m2/repository/org/apache/hadoop/hadoop-distcp/3.3.1/hadoop-distcp-3.3.1-tests.jar:/home/runner/.m2/repository/org/apache/ratis/ratis-common/2.3.0/ratis-common-2.3.0.jar:/home/runner/.m2/repository/org/apache/ratis/ratis-thirdparty-misc/1.0.0/ratis-thirdparty-misc-1.0.0.jar:/home/runner/.m2/repository/org/apache/ratis/ratis-proto/2.3.0/ratis-proto-2.3.0.jar:/home/runner/.m2/repository/org/apache/ozone/ozone-annotation-processing/1.3.0-SNAPSHOT/ozone-annotation-processing-1.3.0-SNAPSHOT.jar:"/>
    <property name="sun.cpu.endian" value="little"/>
    <property name="user.home" value="/home/runner"/>
    <property name="user.language" value="en"/>
    <property name="java.specification.vendor" value="Oracle Corporation"/>
    <property name="java.home" value="/usr/lib/jvm/temurin-8-jdk-amd64/jre"/>
    <property name="java.security.krb5.conf" value="/home/runner/work/ozone/ozone/hadoop-ozone/integration-test/target/test-classes/krb5.conf"/>
    <property name="basedir" value="/home/runner/work/ozone/ozone/hadoop-ozone/integration-test"/>
    <property name="file.separator" value="/"/>
    <property name="line.separator" value="&#10;"/>
    <property name="java.vm.specification.vendor" value="Oracle Corporation"/>
    <property name="java.specification.name" value="Java Platform API Specification"/>
    <property name="java.awt.graphicsenv" value="sun.awt.X11GraphicsEnvironment"/>
    <property name="skip.installnpx" value="true"/>
    <property name="surefire.real.class.path" value="/home/runner/work/ozone/ozone/hadoop-ozone/integration-test/target/surefire/surefirebooter2604867532325666951.jar:/home/runner/.m2/repository/org/jacoco/org.jacoco.agent/0.8.5/org.jacoco.agent-0.8.5-runtime.jar"/>
    <property name="hadoop.log.dir" value="/home/runner/work/ozone/ozone/hadoop-ozone/integration-test/target/log"/>
    <property name="sun.boot.class.path" value="/usr/lib/jvm/temurin-8-jdk-amd64/jre/lib/resources.jar:/usr/lib/jvm/temurin-8-jdk-amd64/jre/lib/rt.jar:/usr/lib/jvm/temurin-8-jdk-amd64/jre/lib/sunrsasign.jar:/usr/lib/jvm/temurin-8-jdk-amd64/jre/lib/jsse.jar:/usr/lib/jvm/temurin-8-jdk-amd64/jre/lib/jce.jar:/usr/lib/jvm/temurin-8-jdk-amd64/jre/lib/charsets.jar:/usr/lib/jvm/temurin-8-jdk-amd64/jre/lib/jfr.jar:/usr/lib/jvm/temurin-8-jdk-amd64/jre/classes"/>
    <property name="sun.management.compiler" value="HotSpot 64-Bit Tiered Compilers"/>
    <property name="skip.npx" value="true"/>
    <property name="java.runtime.version" value="1.8.0_332-b09"/>
    <property name="java.net.preferIPv4Stack" value="true"/>
    <property name="user.name" value="runner"/>
    <property name="path.separator" value=":"/>
    <property name="java.security.egd" value="file:///dev/urandom"/>
    <property name="os.version" value="5.4.0-1085-azure"/>
    <property name="java.endorsed.dirs" value="/usr/lib/jvm/temurin-8-jdk-amd64/jre/lib/endorsed"/>
    <property name="java.runtime.name" value="OpenJDK Runtime Environment"/>
    <property name="file.encoding" value="UTF-8"/>
    <property name="java.vm.name" value="OpenJDK 64-Bit Server VM"/>
    <property name="test.build.webapps" value=""/>
    <property name="localRepository" value="/home/runner/.m2/repository"/>
    <property name="jetty.git.hash" value="526006ecfa3af7f1a27ef3a288e2bef7ea9dd7e8"/>
    <property name="java.vendor.url.bug" value="https://github.com/adoptium/adoptium-support/issues"/>
    <property name="java.io.tmpdir" value="/tmp"/>
    <property name="require.test.libhadoop" value=""/>
    <property name="java.version" value="1.8.0_332"/>
    <property name="user.dir" value="/home/runner/work/ozone/ozone/hadoop-ozone/integration-test"/>
    <property name="os.arch" value="amd64"/>
    <property name="java.vm.specification.name" value="Java Virtual Machine Specification"/>
    <property name="test.build.classes" value="/home/runner/work/ozone/ozone/hadoop-ozone/integration-test/target/test-classes"/>
    <property name="java.awt.printerjob" value="sun.print.PSPrinterJob"/>
    <property name="sun.os.patch.level" value="unknown"/>
    <property name="hadoop.tmp.dir" value="/home/runner/work/ozone/ozone/hadoop-ozone/integration-test/target/tmp"/>
    <property name="java.library.path" value="/usr/java/packages/lib/amd64:/usr/lib64:/lib64:/lib:/usr/lib"/>
    <property name="java.vm.info" value="mixed mode"/>
    <property name="java.vendor" value="Temurin"/>
    <property name="java.vm.version" value="25.332-b09"/>
    <property name="java.ext.dirs" value="/usr/lib/jvm/temurin-8-jdk-amd64/jre/lib/ext:/usr/java/packages/lib/ext"/>
    <property name="sun.io.unicode.encoding" value="UnicodeLittle"/>
    <property name="java.class.version" value="52.0"/>
  </properties>
  <testcase name="testRenameFile" classname="TestRootedOzoneFileSystem" time="0.522">
    <system-out><![CDATA[2022-07-12 21:03:42,168 [main] WARN  server.ServerUtils (ServerUtils.java:getScmDbDir(148)) - ozone.scm.db.dirs is not configured. We recommend adding this setting. Falling back to ozone.metadata.dirs instead.
2022-07-12 21:03:42,278 [main] WARN  server.ServerUtils (ServerUtils.java:getScmDbDir(148)) - ozone.scm.db.dirs is not configured. We recommend adding this setting. Falling back to ozone.metadata.dirs instead.
2022-07-12 21:03:42,281 [main] INFO  ha.SCMHANodeDetails (SCMHANodeDetails.java:loadSCMHAConfig(209)) - ServiceID for StorageContainerManager is null
2022-07-12 21:03:42,293 [main] WARN  ha.SCMHANodeDetails (SCMHANodeDetails.java:validateSCMHAConfig(182)) - Invalid config ozone.scm.ratis.enable. The config was not specified, but the default value true conflicts with the expected config value false. Falling back to the expected value. Current State of SCM: SCM is running in Non-HA without Ratis Ratis SCM -> Non Ratis SCM or Non HA SCM -> HA SCM is not supported
2022-07-12 21:03:42,293 [main] INFO  ha.SCMHANodeDetails (SCMHANodeDetails.java:loadSCMHAConfig(214)) - ozone.scm.default.service.id is not defined, falling back to ozone.scm.service.ids to find serviceID for StorageContainerManager if it is HA enabled cluster
2022-07-12 21:03:42,799 [main] WARN  utils.HAUtils (HAUtils.java:getMetaDir(342)) - ozone.scm.db.dirs is not configured. We recommend adding this setting. Falling back to ozone.metadata.dirs instead.
2022-07-12 21:03:43,018 [main] WARN  db.DBStoreBuilder (DBStoreBuilder.java:applyDBDefinition(145)) - ozone.scm.db.dirs is not configured. We recommend adding this setting. Falling back to ozone.metadata.dirs instead.
2022-07-12 21:03:43,241 [main] INFO  net.NodeSchemaLoader (NodeSchemaLoader.java:loadSchemaFromFile(129)) - Loading schema from [jar:file:/home/runner/.m2/repository/org/apache/ozone/hdds-common/1.3.0-SNAPSHOT/hdds-common-1.3.0-SNAPSHOT.jar!/network-topology-default.xml]
2022-07-12 21:03:43,243 [main] INFO  net.NodeSchemaLoader (NodeSchemaLoader.java:loadSchema(176)) - Loading network topology layer schema file
2022-07-12 21:03:43,300 [main] INFO  metrics.MetricRegistries (MetricRegistriesLoader.java:load(64)) - Loaded MetricRegistries class org.apache.ratis.metrics.impl.MetricRegistriesImpl
2022-07-12 21:03:43,309 [main] INFO  upgrade.AbstractLayoutVersionManager (AbstractLayoutVersionManager.java:init(82)) - Initializing Layout version manager with metadata layout = DATANODE_SCHEMA_V3 (version = 4), software layout = DATANODE_SCHEMA_V3 (version = 4)
2022-07-12 21:03:43,595 [main] INFO  reflections.Reflections (Reflections.java:scan(232)) - Reflections took 180 ms to scan 7 urls, producing 132 keys and 317 values 
2022-07-12 21:03:43,714 [main] INFO  ha.SequenceIdGenerator (SequenceIdGenerator.java:upgradeToSequenceId(349)) - upgrade localId to 109611004723200000
2022-07-12 21:03:43,715 [main] INFO  ha.SequenceIdGenerator (SequenceIdGenerator.java:upgradeToSequenceId(359)) - upgrade delTxnId to 0
2022-07-12 21:03:43,719 [main] INFO  ha.SequenceIdGenerator (SequenceIdGenerator.java:upgradeToSequenceId(376)) - upgrade containerId to 0
2022-07-12 21:03:43,722 [main] INFO  ha.SequenceIdGenerator (SequenceIdGenerator.java:<init>(220)) - Init the HA SequenceIdGenerator.
2022-07-12 21:03:43,767 [main] WARN  server.ServerUtils (ServerUtils.java:sanitizeUserArgs(73)) - ozone.scm.stale.node.interval value = 300000 is larger than max = 100000 based on the key value of ozone.scm.heartbeat.thread.interval, reset to the max value 100000.
2022-07-12 21:03:43,768 [main] WARN  server.ServerUtils (ServerUtils.java:sanitizeUserArgs(73)) - ozone.scm.stale.node.interval value = 300000 is larger than max = 100000 based on the key value of ozone.scm.heartbeat.thread.interval, reset to the max value 100000.
2022-07-12 21:03:43,775 [main] INFO  node.SCMNodeManager (SCMNodeManager.java:<init>(149)) - Entering startup safe mode.
2022-07-12 21:03:43,789 [main] INFO  algorithms.ContainerPlacementPolicyFactory (ContainerPlacementPolicyFactory.java:getPolicyInternal(86)) - Create container placement policy of type org.apache.hadoop.hdds.scm.container.placement.algorithms.SCMContainerPlacementRandom
2022-07-12 21:03:43,800 [main] INFO  pipeline.PipelineStateManagerImpl (PipelineStateManagerImpl.java:initialize(78)) - No pipeline exists in current db
2022-07-12 21:03:43,838 [main] INFO  algorithms.LeaderChoosePolicyFactory (LeaderChoosePolicyFactory.java:getPolicy(57)) - Create leader choose policy of type org.apache.hadoop.hdds.scm.pipeline.leader.choose.algorithms.MinLeaderCountChoosePolicy
2022-07-12 21:03:43,838 [main] INFO  algorithms.ContainerPlacementPolicyFactory (ContainerPlacementPolicyFactory.java:getPolicyInternal(86)) - Create container placement policy of type org.apache.hadoop.hdds.scm.container.placement.algorithms.SCMContainerPlacementRackScatter
2022-07-12 21:03:43,844 [main] INFO  pipeline.BackgroundPipelineCreator (BackgroundPipelineCreator.java:start(127)) - Starting RatisPipelineUtilsThread.
2022-07-12 21:03:43,850 [main] INFO  BackgroundPipelineScrubber (BackgroundSCMService.java:start(68)) - Starting BackgroundPipelineScrubber Service.
2022-07-12 21:03:43,851 [main] INFO  ha.SCMServiceManager (SCMServiceManager.java:register(42)) - Registering service BackgroundPipelineCreator.
2022-07-12 21:03:43,852 [main] INFO  ha.SCMServiceManager (SCMServiceManager.java:register(42)) - Registering service BackgroundPipelineScrubber.
2022-07-12 21:03:43,859 [main] INFO  ExpiredContainerReplicaOpScrubber (BackgroundSCMService.java:start(68)) - Starting ExpiredContainerReplicaOpScrubber Service.
2022-07-12 21:03:43,859 [main] INFO  ha.SCMServiceManager (SCMServiceManager.java:register(42)) - Registering service ExpiredContainerReplicaOpScrubber.
2022-07-12 21:03:43,902 [main] INFO  algorithms.PipelineChoosePolicyFactory (PipelineChoosePolicyFactory.java:createPipelineChoosePolicyFromClass(73)) - Create pipeline choose policy of type org.apache.hadoop.hdds.scm.pipeline.choose.algorithms.RandomPipelineChoosePolicy
2022-07-12 21:03:43,920 [main] INFO  ha.SCMServiceManager (SCMServiceManager.java:register(42)) - Registering service SCMBlockDeletingService.
2022-07-12 21:03:43,954 [main] INFO  replication.ReplicationManager (ReplicationManager.java:start(186)) - Starting Replication Monitor Thread.
2022-07-12 21:03:43,963 [main] INFO  ha.SCMServiceManager (SCMServiceManager.java:register(42)) - Registering service ReplicationManager.
2022-07-12 21:03:43,971 [ReplicationMonitor] INFO  replication.ReplicationManager (ReplicationManager.java:processAll(235)) - Replication Manager is not ready to run until 3000ms after safemode exit
2022-07-12 21:03:43,983 [main] INFO  safemode.ContainerSafeModeRule (ContainerSafeModeRule.java:<init>(89)) - containers with one replica threshold count 0
2022-07-12 21:03:43,988 [main] INFO  safemode.HealthyPipelineSafeModeRule (HealthyPipelineSafeModeRule.java:initializeRule(156)) - Total pipeline count is 0, healthy pipeline threshold count is 1
2022-07-12 21:03:43,992 [main] INFO  safemode.OneReplicaPipelineSafeModeRule (OneReplicaPipelineSafeModeRule.java:initializeRule(180)) - Total pipeline count is 0, pipeline's with at least one datanode reported threshold count is 0
2022-07-12 21:03:44,330 [main] INFO  audit.AuditLogger (AuditLogger.java:refreshDebugCmdSet(120)) - Refresh DebugCmdSet for SCMAudit to [].
2022-07-12 21:03:44,366 [main] INFO  ipc.CallQueueManager (CallQueueManager.java:<init>(90)) - Using callQueue: class java.util.concurrent.LinkedBlockingQueue, queueCapacity: 2000, scheduler: class org.apache.hadoop.ipc.DefaultRpcScheduler, ipcBackoff: false.
2022-07-12 21:03:44,412 [Socket Reader #1 for port 0] INFO  ipc.Server (Server.java:run(1265)) - Starting Socket Reader #1 for port 0
2022-07-12 21:03:44,471 [Listener at 0.0.0.0/36531] INFO  audit.AuditLogger (AuditLogger.java:refreshDebugCmdSet(120)) - Refresh DebugCmdSet for SCMAudit to [].
2022-07-12 21:03:44,476 [Listener at 0.0.0.0/36531] INFO  ipc.CallQueueManager (CallQueueManager.java:<init>(90)) - Using callQueue: class java.util.concurrent.LinkedBlockingQueue, queueCapacity: 2000, scheduler: class org.apache.hadoop.ipc.DefaultRpcScheduler, ipcBackoff: false.
2022-07-12 21:03:44,477 [Socket Reader #1 for port 0] INFO  ipc.Server (Server.java:run(1265)) - Starting Socket Reader #1 for port 0
2022-07-12 21:03:44,505 [Listener at 0.0.0.0/39995] INFO  audit.AuditLogger (AuditLogger.java:refreshDebugCmdSet(120)) - Refresh DebugCmdSet for SCMAudit to [].
2022-07-12 21:03:44,517 [Listener at 0.0.0.0/39995] INFO  ipc.CallQueueManager (CallQueueManager.java:<init>(90)) - Using callQueue: class java.util.concurrent.LinkedBlockingQueue, queueCapacity: 2000, scheduler: class org.apache.hadoop.ipc.DefaultRpcScheduler, ipcBackoff: false.
2022-07-12 21:03:44,520 [Socket Reader #1 for port 0] INFO  ipc.Server (Server.java:run(1265)) - Starting Socket Reader #1 for port 0
2022-07-12 21:03:44,579 [Listener at 0.0.0.0/36041] INFO  ha.SCMServiceManager (SCMServiceManager.java:register(42)) - Registering service ContainerBalancer.
2022-07-12 21:03:44,582 [Listener at 0.0.0.0/36041] INFO  server.StorageContainerManager (StorageContainerManager.java:<init>(401)) - 
Container Balancer status:
Key                            Value
Running                        false
Container Balancer Configuration values:
Key                                                Value
Threshold                                          10
Max Datanodes to Involve per Iteration(percent)    20
Max Size to Move per Iteration                     500GB
Max Size Entering Target per Iteration             26GB
Max Size Leaving Source per Iteration              26GB

2022-07-12 21:03:44,583 [Listener at 0.0.0.0/36041] WARN  events.EventQueue (EventQueue.java:fireEvent(216)) - No event handler registered for event TypedEvent{payloadType=SafeModeStatus, name='Safe mode status'}
2022-07-12 21:03:44,583 [Listener at 0.0.0.0/36041] INFO  ha.SCMContext (SCMContext.java:updateSafeModeStatus(228)) - Update SafeModeStatus from SafeModeStatus{safeModeStatus=true, preCheckPassed=false} to SafeModeStatus{safeModeStatus=true, preCheckPassed=false}.
2022-07-12 21:03:44,587 [Listener at 0.0.0.0/36041] INFO  server.StorageContainerManager (StorageContainerManager.java:start(1422)) - StorageContainerLocationProtocol RPC server is listening at /0.0.0.0:36041
2022-07-12 21:03:44,667 [Listener at 0.0.0.0/36041] WARN  impl.MetricsConfig (MetricsConfig.java:loadFirst(136)) - Cannot locate configuration: tried hadoop-metrics2-storagecontainermanager.properties,hadoop-metrics2.properties
2022-07-12 21:03:44,706 [Listener at 0.0.0.0/36041] INFO  impl.MetricsSystemImpl (MetricsSystemImpl.java:startTimer(378)) - Scheduled Metric snapshot period at 10 second(s).
2022-07-12 21:03:44,706 [Listener at 0.0.0.0/36041] INFO  impl.MetricsSystemImpl (MetricsSystemImpl.java:start(191)) - StorageContainerManager metrics system started
2022-07-12 21:03:45,049 [Listener at 0.0.0.0/36041] INFO  server.SCMClientProtocolServer (SCMClientProtocolServer.java:start(170)) - RPC server for Client  is listening at /0.0.0.0:36041
2022-07-12 21:03:45,051 [IPC Server Responder] INFO  ipc.Server (Server.java:run(1507)) - IPC Server Responder: starting
2022-07-12 21:03:45,053 [IPC Server listener on 0] INFO  ipc.Server (Server.java:run(1344)) - IPC Server listener on 0: starting
2022-07-12 21:03:45,060 [Listener at 0.0.0.0/36041] INFO  server.StorageContainerManager (StorageContainerManager.java:start(1437)) - ScmBlockLocationProtocol RPC server is listening at /0.0.0.0:39995
2022-07-12 21:03:45,061 [Listener at 0.0.0.0/36041] INFO  server.SCMBlockProtocolServer (SCMBlockProtocolServer.java:start(152)) - RPC server for Block Protocol is listening at /0.0.0.0:39995
2022-07-12 21:03:45,061 [IPC Server Responder] INFO  ipc.Server (Server.java:run(1507)) - IPC Server Responder: starting
2022-07-12 21:03:45,062 [IPC Server listener on 0] INFO  ipc.Server (Server.java:run(1344)) - IPC Server listener on 0: starting
2022-07-12 21:03:45,065 [Listener at 0.0.0.0/36041] INFO  server.SCMDatanodeProtocolServer (SCMDatanodeProtocolServer.java:start(186)) - ScmDatanodeProtocol RPC server for DataNodes is listening at /0.0.0.0:36531
2022-07-12 21:03:45,065 [IPC Server Responder] INFO  ipc.Server (Server.java:run(1507)) - IPC Server Responder: starting
2022-07-12 21:03:45,066 [IPC Server listener on 0] INFO  ipc.Server (Server.java:run(1344)) - IPC Server listener on 0: starting
2022-07-12 21:03:45,089 [org.apache.hadoop.util.JvmPauseMonitor$Monitor@782e0844] INFO  util.JvmPauseMonitor (JvmPauseMonitor.java:run(188)) - Starting JVM pause monitor
2022-07-12 21:03:45,106 [Listener at 0.0.0.0/36041] INFO  http.BaseHttpServer (BaseHttpServer.java:newHttpServer2BuilderForOzone(209)) - Starting Web-server for scm at: http://0.0.0.0:0
2022-07-12 21:03:45,106 [Listener at 0.0.0.0/36041] INFO  http.BaseHttpServer (BaseHttpServer.java:<init>(107)) - Hadoop Security Enabled: false Ozone Security Enabled: false Ozone HTTP Security Enabled: false 
2022-07-12 21:03:45,136 [Listener at 0.0.0.0/36041] INFO  util.log (Log.java:initialized(170)) - Logging initialized @4879ms to org.eclipse.jetty.util.log.Slf4jLog
2022-07-12 21:03:45,256 [Listener at 0.0.0.0/36041] INFO  server.AuthenticationFilter (AuthenticationFilter.java:constructSecretProvider(240)) - Unable to initialize FileSignerSecretProvider, falling back to use random secrets.
2022-07-12 21:03:45,261 [Listener at 0.0.0.0/36041] WARN  http.HttpRequestLog (HttpRequestLog.java:getRequestLog(103)) - Jetty request log can only be enabled using Log4j
2022-07-12 21:03:45,270 [Listener at 0.0.0.0/36041] INFO  http.HttpServer2 (HttpServer2.java:addGlobalFilter(1029)) - Added global filter 'safety' (class=org.apache.hadoop.hdds.server.http.HttpServer2$QuotingInputFilter)
2022-07-12 21:03:45,272 [Listener at 0.0.0.0/36041] INFO  http.HttpServer2 (HttpServer2.java:addFilter(1005)) - Added filter static_user_filter (class=org.apache.hadoop.http.lib.StaticUserWebFilter$StaticUserFilter) to context scm
2022-07-12 21:03:45,272 [Listener at 0.0.0.0/36041] INFO  http.HttpServer2 (HttpServer2.java:addFilter(1013)) - Added filter static_user_filter (class=org.apache.hadoop.http.lib.StaticUserWebFilter$StaticUserFilter) to context logs
2022-07-12 21:03:45,272 [Listener at 0.0.0.0/36041] INFO  http.HttpServer2 (HttpServer2.java:addFilter(1013)) - Added filter static_user_filter (class=org.apache.hadoop.http.lib.StaticUserWebFilter$StaticUserFilter) to context static
2022-07-12 21:03:45,318 [Listener at 0.0.0.0/36041] INFO  http.HttpServer2 (HttpServer2.java:bindListener(1248)) - Jetty bound to port 35635
2022-07-12 21:03:45,320 [Listener at 0.0.0.0/36041] INFO  server.Server (Server.java:doStart(375)) - jetty-9.4.43.v20210629; built: 2021-06-30T11:07:22.254Z; git: 526006ecfa3af7f1a27ef3a288e2bef7ea9dd7e8; jvm 1.8.0_332-b09
2022-07-12 21:03:45,352 [Listener at 0.0.0.0/36041] INFO  server.session (DefaultSessionIdManager.java:doStart(334)) - DefaultSessionIdManager workerName=node0
2022-07-12 21:03:45,353 [Listener at 0.0.0.0/36041] INFO  server.session (DefaultSessionIdManager.java:doStart(339)) - No SessionScavenger set, using defaults
2022-07-12 21:03:45,355 [Listener at 0.0.0.0/36041] INFO  server.session (HouseKeeper.java:startScavenging(132)) - node0 Scavenging every 660000ms
2022-07-12 21:03:45,369 [Listener at 0.0.0.0/36041] INFO  handler.ContextHandler (ContextHandler.java:doStart(915)) - Started o.e.j.s.ServletContextHandler@28551755{logs,/logs,file:///home/runner/work/ozone/ozone/hadoop-ozone/integration-test/target/log,AVAILABLE}
2022-07-12 21:03:45,370 [Listener at 0.0.0.0/36041] INFO  handler.ContextHandler (ContextHandler.java:doStart(915)) - Started o.e.j.s.ServletContextHandler@5b8b9b2d{static,/static,file:///home/runner/work/ozone/ozone/hadoop-ozone/integration-test/target/test-classes/webapps/static,AVAILABLE}
2022-07-12 21:03:45,419 [Listener at 0.0.0.0/36041] INFO  handler.ContextHandler (ContextHandler.java:doStart(915)) - Started o.e.j.w.WebAppContext@4afdb05e{scm,/,file:///home/runner/work/ozone/ozone/hadoop-ozone/integration-test/target/test-classes/webapps/scm/,AVAILABLE}{file:/home/runner/work/ozone/ozone/hadoop-ozone/integration-test/target/test-classes/webapps/scm}
2022-07-12 21:03:45,431 [Listener at 0.0.0.0/36041] INFO  server.AbstractConnector (AbstractConnector.java:doStart(331)) - Started ServerConnector@3e563293{HTTP/1.1, (http/1.1)}{0.0.0.0:35635}
2022-07-12 21:03:45,431 [Listener at 0.0.0.0/36041] INFO  server.Server (Server.java:doStart(415)) - Started @5175ms
2022-07-12 21:03:45,435 [Listener at 0.0.0.0/36041] INFO  impl.MetricsSinkAdapter (MetricsSinkAdapter.java:start(204)) - Sink prometheus started
2022-07-12 21:03:45,436 [Listener at 0.0.0.0/36041] INFO  impl.MetricsSystemImpl (MetricsSystemImpl.java:registerSink(305)) - Registered sink prometheus
2022-07-12 21:03:45,437 [Listener at 0.0.0.0/36041] INFO  http.BaseHttpServer (BaseHttpServer.java:updateConnectorAddress(329)) - HTTP server of scm listening at http://0.0.0.0:35635
2022-07-12 21:03:45,439 [Listener at 0.0.0.0/36041] WARN  server.ServerUtils (ServerUtils.java:getDBPath(225)) - ozone.om.db.dirs is not configured. We recommend adding this setting. Falling back to ozone.metadata.dirs instead.
2022-07-12 21:03:45,498 [Listener at 0.0.0.0/36041] INFO  audit.AuditLogger (AuditLogger.java:refreshDebugCmdSet(120)) - Refresh DebugCmdSet for OMAudit to [].
2022-07-12 21:03:45,612 [Listener at 0.0.0.0/36041] INFO  ha.OMHANodeDetails (OMHANodeDetails.java:loadOMHAConfig(115)) - ozone.om.internal.service.id is not defined, falling back to ozone.om.service.ids to find serviceID for OzoneManager if it is HA enabled cluster
2022-07-12 21:03:45,616 [Listener at 0.0.0.0/36041] INFO  ha.OMHANodeDetails (OMHANodeDetails.java:loadOMHAConfig(226)) - Configuration does not have ozone.om.address set. Falling back to the default OM address /127.0.0.1:0
2022-07-12 21:03:45,616 [Listener at 0.0.0.0/36041] INFO  ha.OMHANodeDetails (OMHANodeDetails.java:getOMNodeDetailsForNonHA(254)) - OM Service ID is not set. Setting it to the default ID: omServiceIdDefault
2022-07-12 21:03:45,616 [Listener at 0.0.0.0/36041] INFO  ha.OMHANodeDetails (OMHANodeDetails.java:getOMNodeDetailsForNonHA(261)) - OM Node ID is not set. Setting it to the default ID: om1
2022-07-12 21:03:45,620 [Listener at 0.0.0.0/36041] WARN  server.ServerUtils (ServerUtils.java:getDBPath(225)) - ozone.om.db.dirs is not configured. We recommend adding this setting. Falling back to ozone.metadata.dirs instead.
2022-07-12 21:03:45,622 [Listener at 0.0.0.0/36041] INFO  upgrade.AbstractLayoutVersionManager (AbstractLayoutVersionManager.java:init(82)) - Initializing Layout version manager with metadata layout = MULTITENANCY_SCHEMA (version = 3), software layout = MULTITENANCY_SCHEMA (version = 3)
2022-07-12 21:03:45,711 [Listener at 0.0.0.0/36041] INFO  reflections.Reflections (Reflections.java:scan(232)) - Reflections took 83 ms to scan 2 urls, producing 153 keys and 430 values [using 2 cores]
2022-07-12 21:03:45,716 [Listener at 0.0.0.0/36041] INFO  upgrade.OMLayoutVersionManager (OMLayoutVersionManager.java:lambda$0(115)) - Skipping Upgrade Action MockOmUpgradeAction since it has been finalized.
2022-07-12 21:03:45,717 [Listener at 0.0.0.0/36041] WARN  server.ServerUtils (ServerUtils.java:getDBPath(225)) - ozone.om.db.dirs is not configured. We recommend adding this setting. Falling back to ozone.metadata.dirs instead.
2022-07-12 21:03:45,889 [Listener at 0.0.0.0/36041] INFO  proxy.SCMBlockLocationFailoverProxyProvider (SCMBlockLocationFailoverProxyProvider.java:<init>(114)) - Created block location fail-over proxy with 1 nodes: [nodeId=scmNodeId,nodeAddress=/0.0.0.0:39995]
2022-07-12 21:03:45,916 [Listener at 0.0.0.0/36041] INFO  proxy.SCMBlockLocationFailoverProxyProvider (SCMBlockLocationFailoverProxyProvider.java:<init>(114)) - Created block location fail-over proxy with 1 nodes: [nodeId=scmNodeId,nodeAddress=/0.0.0.0:39995]
2022-07-12 21:03:46,154 [Listener at 0.0.0.0/36041] WARN  server.ServerUtils (ServerUtils.java:getDBPath(225)) - ozone.om.db.dirs is not configured. We recommend adding this setting. Falling back to ozone.metadata.dirs instead.
2022-07-12 21:03:46,161 [Listener at 0.0.0.0/36041] INFO  codec.OmKeyInfoCodec (OmKeyInfoCodec.java:<init>(49)) - OmKeyInfoCodec ignorePipeline = true
2022-07-12 21:03:46,162 [Listener at 0.0.0.0/36041] INFO  codec.RepeatedOmKeyInfoCodec (RepeatedOmKeyInfoCodec.java:<init>(41)) - RepeatedOmKeyInfoCodec ignorePipeline = true
2022-07-12 21:03:46,352 [Listener at 0.0.0.0/36041] INFO  om.OzoneManager (OzoneManager.java:instantiateServices(692)) - S3 Multi-Tenancy is disabled
2022-07-12 21:03:46,443 [Listener at 0.0.0.0/36041] INFO  om.OzoneManager (OzoneManager.java:addS3GVolumeToDB(4259)) - Created Volume s3v With Owner runner required for S3Gateway operations.
2022-07-12 21:03:46,532 [Listener at 0.0.0.0/36041] WARN  server.ServerUtils (ServerUtils.java:getDefaultRatisDirectory(237)) - Storage directory for Ratis is not configured. It is a good idea to map this to an SSD disk. Falling back to ozone.metadata.dirs
2022-07-12 21:03:46,532 [Listener at 0.0.0.0/36041] WARN  utils.OzoneManagerRatisUtils (OzoneManagerRatisUtils.java:getOMRatisSnapshotDirectory(431)) - ozone.om.ratis.snapshot.dir is not configured. Falling back to ozone.metadata.dirs config
2022-07-12 21:03:46,556 [Listener at 0.0.0.0/36041] WARN  server.ServerUtils (ServerUtils.java:getDefaultRatisDirectory(237)) - Storage directory for Ratis is not configured. It is a good idea to map this to an SSD disk. Falling back to ozone.metadata.dirs
2022-07-12 21:03:46,588 [Listener at 0.0.0.0/36041] INFO  ratis.OzoneManagerRatisServer (OzoneManagerRatisServer.java:<init>(159)) - Instantiating OM Ratis server with groupID: omServiceIdDefault and peers: localhost:9872
2022-07-12 21:03:46,598 [Listener at 0.0.0.0/36041] INFO  ratis.OzoneManagerStateMachine (OzoneManagerStateMachine.java:loadSnapshotInfoFromDB(632)) - LastAppliedIndex is set from TransactionInfo from OM DB as (t:0, i:~)
2022-07-12 21:03:46,653 [Listener at 0.0.0.0/36041] INFO  server.RaftServer (ConfUtils.java:logGet(46)) - raft.rpc.type = GRPC (default)
2022-07-12 21:03:46,750 [Listener at 0.0.0.0/36041] INFO  grpc.GrpcFactory (GrpcFactory.java:checkPooledByteBufAllocatorUseCacheForAllThreads(48)) - PERFORMANCE WARNING: useCacheForAllThreads is true that may cause Netty to create a lot garbage objects and, as a result, trigger GC.
	It is recommended to disable useCacheForAllThreads by setting -Dorg.apache.ratis.thirdparty.io.netty.allocator.useCacheForAllThreads=false in command line.
2022-07-12 21:03:46,754 [Listener at 0.0.0.0/36041] INFO  grpc.GrpcConfigKeys (ConfUtils.java:logGet(46)) - raft.grpc.admin.port = -1 (default)
2022-07-12 21:03:46,755 [Listener at 0.0.0.0/36041] INFO  grpc.GrpcConfigKeys (ConfUtils.java:logGet(46)) - raft.grpc.server.port = 9872 (custom)
2022-07-12 21:03:46,756 [Listener at 0.0.0.0/36041] INFO  grpc.GrpcConfigKeys (ConfUtils.java:logGet(46)) - raft.grpc.client.port = -1 (default)
2022-07-12 21:03:46,756 [Listener at 0.0.0.0/36041] INFO  grpc.GrpcConfigKeys (ConfUtils.java:logGet(46)) - raft.grpc.server.port = 9872 (custom)
2022-07-12 21:03:46,756 [Listener at 0.0.0.0/36041] INFO  grpc.GrpcConfigKeys (ConfUtils.java:logGet(46)) - raft.grpc.server.port = 9872 (custom)
2022-07-12 21:03:46,757 [Listener at 0.0.0.0/36041] INFO  server.GrpcService (ConfUtils.java:logGet(46)) - raft.grpc.message.size.max = 33554432 (custom)
2022-07-12 21:03:46,758 [Listener at 0.0.0.0/36041] INFO  server.RaftServerConfigKeys (ConfUtils.java:logGet(46)) - raft.server.log.appender.buffer.byte-limit = 33554432 (custom)
2022-07-12 21:03:46,758 [Listener at 0.0.0.0/36041] INFO  server.GrpcService (ConfUtils.java:logGet(46)) - raft.grpc.flow.control.window = 1MB (=1048576) (default)
2022-07-12 21:03:46,759 [Listener at 0.0.0.0/36041] INFO  server.RaftServerConfigKeys (ConfUtils.java:logGet(46)) - raft.server.rpc.request.timeout = 3000ms (default)
2022-07-12 21:03:46,780 [Listener at 0.0.0.0/36041] INFO  grpc.GrpcConfigKeys (ConfUtils.java:logGet(46)) - raft.grpc.server.async.request.thread.pool.cached = true (default)
2022-07-12 21:03:46,781 [Listener at 0.0.0.0/36041] INFO  grpc.GrpcConfigKeys (ConfUtils.java:logGet(46)) - raft.grpc.server.async.request.thread.pool.size = 32 (default)
2022-07-12 21:03:47,138 [Listener at 0.0.0.0/36041] INFO  impl.DataStreamServerImpl (ConfUtils.java:logGet(46)) - raft.datastream.type = DISABLED (default)
2022-07-12 21:03:47,141 [Listener at 0.0.0.0/36041] INFO  server.RaftServerConfigKeys (ConfUtils.java:logGet(46)) - raft.server.threadpool.proxy.cached = true (default)
2022-07-12 21:03:47,142 [Listener at 0.0.0.0/36041] INFO  server.RaftServerConfigKeys (ConfUtils.java:logGet(46)) - raft.server.threadpool.proxy.size = 0 (default)
2022-07-12 21:03:47,142 [Listener at 0.0.0.0/36041] INFO  server.RaftServerConfigKeys (ConfUtils.java:logGet(46)) - raft.server.rpc.slowness.timeout = 120s (custom)
2022-07-12 21:03:47,142 [Listener at 0.0.0.0/36041] INFO  server.RaftServerConfigKeys (ConfUtils.java:logGet(46)) - raft.server.leaderelection.leader.step-down.wait-time = 10s (default)
2022-07-12 21:03:47,146 [Listener at 0.0.0.0/36041] INFO  server.RaftServerConfigKeys (ConfUtils.java:logGet(46)) - raft.server.storage.dir = [/home/runner/work/ozone/ozone/hadoop-ozone/integration-test/target/test-dir/MiniOzoneClusterImpl-602e3c1e-9006-4844-b6f6-7d75904803ac/ozone-meta/ratis] (custom)
2022-07-12 21:03:47,158 [Listener at 0.0.0.0/36041] INFO  server.RaftServer (RaftServerProxy.java:addNew(96)) - om1: addNew group-C5BA1605619E:[om1|rpc:localhost:9872|priority:0] returns group-C5BA1605619E:java.util.concurrent.CompletableFuture@25b531b2[Not completed]
2022-07-12 21:03:47,158 [Listener at 0.0.0.0/36041] INFO  om.OzoneManager (OzoneManager.java:initializeRatisServer(1961)) - OzoneManager Ratis server initialized at port 9872
2022-07-12 21:03:47,176 [Listener at 0.0.0.0/36041] INFO  om.OzoneManager (OzoneManager.java:getRpcServer(1081)) - Creating RPC Server
2022-07-12 21:03:47,200 [pool-55-thread-1] INFO  server.RaftServer$Division (RaftServerImpl.java:<init>(190)) - om1: new RaftServerImpl for group-C5BA1605619E:[om1|rpc:localhost:9872|priority:0] with OzoneManagerStateMachine:uninitialized
2022-07-12 21:03:47,203 [pool-55-thread-1] INFO  server.RaftServerConfigKeys (ConfUtils.java:logGet(46)) - raft.server.rpc.timeout.min = 1s (custom)
2022-07-12 21:03:47,203 [pool-55-thread-1] INFO  server.RaftServerConfigKeys (ConfUtils.java:logGet(46)) - raft.server.rpc.timeout.max = 1200ms (custom)
2022-07-12 21:03:47,203 [pool-55-thread-1] INFO  server.RaftServerConfigKeys (ConfUtils.java:logGet(46)) - raft.server.rpc.sleep.time = 25ms (default)
2022-07-12 21:03:47,204 [pool-55-thread-1] INFO  server.RaftServerConfigKeys (ConfUtils.java:logGet(46)) - raft.server.rpc.slowness.timeout = 120s (custom)
2022-07-12 21:03:47,204 [pool-55-thread-1] INFO  server.RaftServerConfigKeys (ConfUtils.java:logGet(46)) - raft.server.leaderelection.leader.step-down.wait-time = 10s (default)
2022-07-12 21:03:47,204 [pool-55-thread-1] INFO  server.RaftServerConfigKeys (ConfUtils.java:logGet(46)) - raft.server.sleep.deviation.threshold = 300ms (default)
2022-07-12 21:03:47,219 [pool-55-thread-1] INFO  server.RaftServer$Division (ServerState.java:<init>(107)) - om1@group-C5BA1605619E: ConfigurationManager, init=-1: [om1|rpc:localhost:9872|priority:0], old=null, confs=<EMPTY_MAP>
2022-07-12 21:03:47,220 [pool-55-thread-1] INFO  server.RaftServerConfigKeys (ConfUtils.java:logGet(46)) - raft.server.storage.dir = [/home/runner/work/ozone/ozone/hadoop-ozone/integration-test/target/test-dir/MiniOzoneClusterImpl-602e3c1e-9006-4844-b6f6-7d75904803ac/ozone-meta/ratis] (custom)
2022-07-12 21:03:47,235 [pool-55-thread-1] INFO  server.RaftServerConfigKeys (ConfUtils.java:logGet(46)) - raft.server.log.corruption.policy = EXCEPTION (default)
2022-07-12 21:03:47,236 [pool-55-thread-1] INFO  server.RaftServerConfigKeys (ConfUtils.java:logGet(46)) - raft.server.storage.free-space.min = 0MB (=0) (default)
2022-07-12 21:03:47,238 [pool-55-thread-1] INFO  storage.RaftStorageDirectory (RaftStorageDirectoryImpl.java:analyzeStorage(135)) - The storage directory /home/runner/work/ozone/ozone/hadoop-ozone/integration-test/target/test-dir/MiniOzoneClusterImpl-602e3c1e-9006-4844-b6f6-7d75904803ac/ozone-meta/ratis/bf265839-605b-3f16-9796-c5ba1605619e does not exist. Creating ...
2022-07-12 21:03:47,252 [pool-55-thread-1] INFO  storage.RaftStorageDirectory (RaftStorageDirectoryImpl.java:tryLock(230)) - Lock on /home/runner/work/ozone/ozone/hadoop-ozone/integration-test/target/test-dir/MiniOzoneClusterImpl-602e3c1e-9006-4844-b6f6-7d75904803ac/ozone-meta/ratis/bf265839-605b-3f16-9796-c5ba1605619e/in_use.lock acquired by nodename 31611@fv-az452-57
2022-07-12 21:03:47,266 [pool-55-thread-1] INFO  storage.RaftStorage (RaftStorageImpl.java:format(89)) - Storage directory /home/runner/work/ozone/ozone/hadoop-ozone/integration-test/target/test-dir/MiniOzoneClusterImpl-602e3c1e-9006-4844-b6f6-7d75904803ac/ozone-meta/ratis/bf265839-605b-3f16-9796-c5ba1605619e has been successfully formatted.
2022-07-12 21:03:47,275 [pool-55-thread-1] INFO  server.RaftServerConfigKeys (ConfUtils.java:logGet(46)) - raft.server.notification.no-leader.timeout = 120s (custom)
2022-07-12 21:03:47,279 [pool-55-thread-1] INFO  server.RaftServerConfigKeys (ConfUtils.java:logGet(46)) - raft.server.log.use.memory = false (default)
2022-07-12 21:03:47,311 [pool-55-thread-1] INFO  server.RaftServerConfigKeys (ConfUtils.java:logGet(46)) - raft.server.log.purge.gap = 1000000 (custom)
2022-07-12 21:03:47,311 [pool-55-thread-1] INFO  server.RaftServerConfigKeys (ConfUtils.java:logGet(46)) - raft.server.log.appender.buffer.byte-limit = 33554432 (custom)
2022-07-12 21:03:47,319 [pool-55-thread-1] INFO  server.RaftServerConfigKeys (ConfUtils.java:logGet(46)) - raft.server.log.statemachine.data.read.timeout = 1000ms (default)
2022-07-12 21:03:47,359 [pool-55-thread-1] INFO  server.RaftServerConfigKeys (ConfUtils.java:logGet(46)) - raft.server.log.segment.size.max = 4194304 (custom)
2022-07-12 21:03:47,370 [pool-55-thread-1] INFO  server.RaftServerConfigKeys (ConfUtils.java:logGet(46)) - raft.server.log.segment.cache.num.max = 2 (custom)
2022-07-12 21:03:47,370 [pool-55-thread-1] INFO  server.RaftServerConfigKeys (ConfUtils.java:logGet(46)) - raft.server.log.segment.cache.size.max = 200MB (=209715200) (default)
2022-07-12 21:03:47,388 [pool-55-thread-1] INFO  segmented.SegmentedRaftLogWorker (SegmentedRaftLogWorker.java:<init>(187)) - new om1@group-C5BA1605619E-SegmentedRaftLogWorker for RaftStorageImpl:Storage Directory /home/runner/work/ozone/ozone/hadoop-ozone/integration-test/target/test-dir/MiniOzoneClusterImpl-602e3c1e-9006-4844-b6f6-7d75904803ac/ozone-meta/ratis/bf265839-605b-3f16-9796-c5ba1605619e
2022-07-12 21:03:47,388 [pool-55-thread-1] INFO  server.RaftServerConfigKeys (ConfUtils.java:logGet(46)) - raft.server.log.queue.byte-limit = 64MB (=67108864) (default)
2022-07-12 21:03:47,395 [pool-55-thread-1] INFO  server.RaftServerConfigKeys (ConfUtils.java:logGet(46)) - raft.server.log.queue.element-limit = 4096 (default)
2022-07-12 21:03:47,422 [pool-55-thread-1] INFO  server.RaftServerConfigKeys (ConfUtils.java:logGet(46)) - raft.server.log.segment.size.max = 4194304 (custom)
2022-07-12 21:03:47,422 [pool-55-thread-1] INFO  server.RaftServerConfigKeys (ConfUtils.java:logGet(46)) - raft.server.log.preallocated.size = 4194304 (custom)
2022-07-12 21:03:47,423 [pool-55-thread-1] INFO  server.RaftServerConfigKeys (ConfUtils.java:logGet(46)) - raft.server.log.force.sync.num = 128 (default)
2022-07-12 21:03:47,431 [pool-55-thread-1] INFO  server.RaftServerConfigKeys (ConfUtils.java:logGet(46)) - raft.server.log.statemachine.data.sync = true (default)
2022-07-12 21:03:47,432 [pool-55-thread-1] INFO  server.RaftServerConfigKeys (ConfUtils.java:logGet(46)) - raft.server.log.statemachine.data.sync.timeout = 10s (default)
2022-07-12 21:03:47,432 [pool-55-thread-1] INFO  server.RaftServerConfigKeys (ConfUtils.java:logGet(46)) - raft.server.log.statemachine.data.sync.timeout.retry = -1 (default)
2022-07-12 21:03:47,456 [pool-55-thread-1] INFO  server.RaftServerConfigKeys (ConfUtils.java:logGet(46)) - raft.server.log.write.buffer.size = 64KB (=65536) (default)
2022-07-12 21:03:47,456 [pool-55-thread-1] INFO  server.RaftServerConfigKeys (ConfUtils.java:logGet(46)) - raft.server.log.unsafe-flush.enabled = false (default)
2022-07-12 21:03:47,457 [pool-55-thread-1] INFO  server.RaftServerConfigKeys (ConfUtils.java:logGet(46)) - raft.server.log.statemachine.data.caching.enabled = false (default)
2022-07-12 21:03:47,471 [pool-55-thread-1] INFO  segmented.SegmentedRaftLogWorker (SegmentedRaftLogWorker.java:lambda$new$0(135)) - om1@group-C5BA1605619E-SegmentedRaftLogWorker: flushIndex: setUnconditionally 0 -> -1
2022-07-12 21:03:47,471 [pool-55-thread-1] INFO  segmented.SegmentedRaftLogWorker (SegmentedRaftLogWorker.java:lambda$new$0(135)) - om1@group-C5BA1605619E-SegmentedRaftLogWorker: safeCacheEvictIndex: setUnconditionally 0 -> -1
2022-07-12 21:03:47,480 [pool-55-thread-1] INFO  server.RaftServerConfigKeys (ConfUtils.java:logGet(46)) - raft.server.snapshot.auto.trigger.enabled = true (custom)
2022-07-12 21:03:47,481 [pool-55-thread-1] INFO  server.RaftServerConfigKeys (ConfUtils.java:logGet(46)) - raft.server.snapshot.auto.trigger.threshold = 400000 (default)
2022-07-12 21:03:47,481 [pool-55-thread-1] INFO  server.RaftServerConfigKeys (ConfUtils.java:logGet(46)) - raft.server.snapshot.retention.file.num = -1 (default)
2022-07-12 21:03:47,482 [pool-55-thread-1] INFO  server.RaftServerConfigKeys (ConfUtils.java:logGet(46)) - raft.server.log.purge.upto.snapshot.index = true (custom)
2022-07-12 21:03:47,484 [pool-55-thread-1] INFO  server.RaftServerConfigKeys (ConfUtils.java:logGet(46)) - raft.server.retrycache.expirytime = 300s (custom)
2022-07-12 21:03:47,484 [pool-55-thread-1] INFO  server.RaftServerConfigKeys (ConfUtils.java:logGet(46)) - raft.server.retrycache.statistics.expirytime = 100μs (default)
2022-07-12 21:03:47,604 [pool-55-thread-1] INFO  server.RaftServerConfigKeys (ConfUtils.java:logGet(46)) - raft.server.log.appender.install.snapshot.enabled = false (custom)
2022-07-12 21:03:47,605 [pool-55-thread-1] INFO  server.RaftServerConfigKeys (ConfUtils.java:logGet(46)) - raft.server.threadpool.server.cached = true (default)
2022-07-12 21:03:47,605 [pool-55-thread-1] INFO  server.RaftServerConfigKeys (ConfUtils.java:logGet(46)) - raft.server.threadpool.server.size = 0 (default)
2022-07-12 21:03:47,606 [pool-55-thread-1] INFO  server.RaftServerConfigKeys (ConfUtils.java:logGet(46)) - raft.server.threadpool.client.cached = true (default)
2022-07-12 21:03:47,606 [pool-55-thread-1] INFO  server.RaftServerConfigKeys (ConfUtils.java:logGet(46)) - raft.server.threadpool.client.size = 0 (default)
2022-07-12 21:03:47,979 [Listener at 0.0.0.0/36041] INFO  reflections.Reflections (Reflections.java:scan(232)) - Reflections took 728 ms to scan 19 urls, producing 66 keys and 4100 values [using 2 cores]
2022-07-12 21:03:48,327 [Listener at 0.0.0.0/36041] INFO  ipc.CallQueueManager (CallQueueManager.java:<init>(90)) - Using callQueue: class java.util.concurrent.LinkedBlockingQueue, queueCapacity: 2000, scheduler: class org.apache.hadoop.ipc.DefaultRpcScheduler, ipcBackoff: false.
2022-07-12 21:03:48,328 [Socket Reader #1 for port 0] INFO  ipc.Server (Server.java:run(1265)) - Starting Socket Reader #1 for port 0
2022-07-12 21:03:48,371 [Listener at 127.0.0.1/43377] INFO  impl.MetricsSystemImpl (MetricsSystemImpl.java:init(158)) - OzoneManager metrics system started (again)
2022-07-12 21:03:48,386 [Listener at 127.0.0.1/43377] INFO  om.OzoneManager (OzoneManager.java:start(1465)) - OzoneManager RPC server is listening at localhost/127.0.0.1:43377
2022-07-12 21:03:48,386 [Listener at 127.0.0.1/43377] INFO  ratis.OzoneManagerRatisServer (OzoneManagerRatisServer.java:start(554)) - Starting OzoneManagerRatisServer om1 at port 9872
2022-07-12 21:03:48,389 [om1-impl-thread1] INFO  server.RaftServer$Division (RaftServerImpl.java:start(310)) - om1@group-C5BA1605619E: start as a follower, conf=-1: [om1|rpc:localhost:9872|priority:0], old=null
2022-07-12 21:03:48,390 [om1-impl-thread1] INFO  server.RaftServer$Division (RaftServerImpl.java:setRole(299)) - om1@group-C5BA1605619E: changes role from      null to FOLLOWER at term 0 for startAsFollower
2022-07-12 21:03:48,391 [om1-impl-thread1] INFO  impl.RoleInfo (RoleInfo.java:updateAndGet(139)) - om1: start om1@group-C5BA1605619E-FollowerState
2022-07-12 21:03:48,392 [om1-impl-thread1] INFO  util.JmxRegister (JmxRegister.java:tryRegister(44)) - Successfully registered JMX Bean with object name Ratis:service=RaftServer,group=group-C5BA1605619E,id=om1
2022-07-12 21:03:48,404 [Listener at 127.0.0.1/43377] INFO  server.RaftServer (RaftServerProxy.java:lambda$start$6(382)) - om1: start RPC server
2022-07-12 21:03:48,477 [Listener at 127.0.0.1/43377] INFO  server.GrpcService (GrpcService.java:startImpl(260)) - om1: GrpcService started, listening on 9872
2022-07-12 21:03:48,479 [Listener at 127.0.0.1/43377] INFO  om.OzoneManager (OzoneManager.java:start(1481)) - Version File has different layout version (3) than OM DB (null). That is expected if this OM has never been finalized to a newer layout version.
2022-07-12 21:03:48,484 [org.apache.ratis.util.JvmPauseMonitor$$Lambda$613/1050667922@4b52e9cc] INFO  util.JvmPauseMonitor (JvmPauseMonitor.java:run(103)) - JvmPauseMonitor-om1: Started
2022-07-12 21:03:48,503 [Listener at 127.0.0.1/43377] INFO  http.BaseHttpServer (BaseHttpServer.java:newHttpServer2BuilderForOzone(209)) - Starting Web-server for ozoneManager at: http://0.0.0.0:0
2022-07-12 21:03:48,503 [Listener at 127.0.0.1/43377] INFO  http.BaseHttpServer (BaseHttpServer.java:<init>(107)) - Hadoop Security Enabled: false Ozone Security Enabled: false Ozone HTTP Security Enabled: false 
2022-07-12 21:03:48,505 [Listener at 127.0.0.1/43377] INFO  server.AuthenticationFilter (AuthenticationFilter.java:constructSecretProvider(240)) - Unable to initialize FileSignerSecretProvider, falling back to use random secrets.
2022-07-12 21:03:48,507 [Listener at 127.0.0.1/43377] WARN  http.HttpRequestLog (HttpRequestLog.java:getRequestLog(103)) - Jetty request log can only be enabled using Log4j
2022-07-12 21:03:48,509 [Listener at 127.0.0.1/43377] INFO  http.HttpServer2 (HttpServer2.java:addGlobalFilter(1029)) - Added global filter 'safety' (class=org.apache.hadoop.hdds.server.http.HttpServer2$QuotingInputFilter)
2022-07-12 21:03:48,510 [Listener at 127.0.0.1/43377] INFO  http.HttpServer2 (HttpServer2.java:addFilter(1005)) - Added filter static_user_filter (class=org.apache.hadoop.http.lib.StaticUserWebFilter$StaticUserFilter) to context ozoneManager
2022-07-12 21:03:48,510 [Listener at 127.0.0.1/43377] INFO  http.HttpServer2 (HttpServer2.java:addFilter(1013)) - Added filter static_user_filter (class=org.apache.hadoop.http.lib.StaticUserWebFilter$StaticUserFilter) to context logs
2022-07-12 21:03:48,511 [Listener at 127.0.0.1/43377] INFO  http.HttpServer2 (HttpServer2.java:addFilter(1013)) - Added filter static_user_filter (class=org.apache.hadoop.http.lib.StaticUserWebFilter$StaticUserFilter) to context static
2022-07-12 21:03:48,513 [Listener at 127.0.0.1/43377] INFO  http.HttpServer2 (HttpServer2.java:bindListener(1248)) - Jetty bound to port 35581
2022-07-12 21:03:48,513 [Listener at 127.0.0.1/43377] INFO  server.Server (Server.java:doStart(375)) - jetty-9.4.43.v20210629; built: 2021-06-30T11:07:22.254Z; git: 526006ecfa3af7f1a27ef3a288e2bef7ea9dd7e8; jvm 1.8.0_332-b09
2022-07-12 21:03:48,524 [Listener at 127.0.0.1/43377] INFO  server.session (DefaultSessionIdManager.java:doStart(334)) - DefaultSessionIdManager workerName=node0
2022-07-12 21:03:48,524 [Listener at 127.0.0.1/43377] INFO  server.session (DefaultSessionIdManager.java:doStart(339)) - No SessionScavenger set, using defaults
2022-07-12 21:03:48,525 [Listener at 127.0.0.1/43377] INFO  server.session (HouseKeeper.java:startScavenging(132)) - node0 Scavenging every 660000ms
2022-07-12 21:03:48,527 [Listener at 127.0.0.1/43377] INFO  handler.ContextHandler (ContextHandler.java:doStart(915)) - Started o.e.j.s.ServletContextHandler@529c002c{logs,/logs,file:///home/runner/work/ozone/ozone/hadoop-ozone/integration-test/target/log,AVAILABLE}
2022-07-12 21:03:48,528 [Listener at 127.0.0.1/43377] INFO  handler.ContextHandler (ContextHandler.java:doStart(915)) - Started o.e.j.s.ServletContextHandler@337348de{static,/static,file:///home/runner/work/ozone/ozone/hadoop-ozone/integration-test/target/test-classes/webapps/static,AVAILABLE}
2022-07-12 21:03:48,534 [Listener at 127.0.0.1/43377] INFO  handler.ContextHandler (ContextHandler.java:doStart(915)) - Started o.e.j.w.WebAppContext@2ab3744a{ozoneManager,/,file:///home/runner/work/ozone/ozone/hadoop-ozone/integration-test/target/test-classes/webapps/ozoneManager/,AVAILABLE}{file:/home/runner/work/ozone/ozone/hadoop-ozone/integration-test/target/test-classes/webapps/ozoneManager}
2022-07-12 21:03:48,539 [Listener at 127.0.0.1/43377] INFO  server.AbstractConnector (AbstractConnector.java:doStart(331)) - Started ServerConnector@43c1dcb0{HTTP/1.1, (http/1.1)}{0.0.0.0:35581}
2022-07-12 21:03:48,539 [Listener at 127.0.0.1/43377] INFO  server.Server (Server.java:doStart(415)) - Started @8283ms
2022-07-12 21:03:48,539 [Listener at 127.0.0.1/43377] WARN  impl.MetricsSystemImpl (MetricsSystemImpl.java:register(279)) - Sink prometheus already exists!
2022-07-12 21:03:48,540 [Listener at 127.0.0.1/43377] INFO  http.BaseHttpServer (BaseHttpServer.java:updateConnectorAddress(329)) - HTTP server of ozoneManager listening at http://0.0.0.0:35581
2022-07-12 21:03:48,547 [IPC Server Responder] INFO  ipc.Server (Server.java:run(1507)) - IPC Server Responder: starting
2022-07-12 21:03:48,548 [IPC Server listener on 0] INFO  ipc.Server (Server.java:run(1344)) - IPC Server listener on 0: starting
2022-07-12 21:03:48,628 [Listener at 127.0.0.1/43377] INFO  om.TrashPolicyOzone (TrashPolicyOzone.java:<init>(178)) - Ozone Manager trash configuration: Deletion interval = 0 minutes, Emptier interval = 0 minutes.
2022-07-12 21:03:48,636 [org.apache.hadoop.util.JvmPauseMonitor$Monitor@954e5d5] INFO  util.JvmPauseMonitor (JvmPauseMonitor.java:run(188)) - Starting JVM pause monitor
2022-07-12 21:03:48,828 [Listener at 127.0.0.1/43377] WARN  impl.MetricRegistriesImpl (MetricRegistriesImpl.java:addReporterRegistration(111)) - New reporters are added after registries were created. Some metrics will be missing from the reporter. Please add reporter before adding any new registry.
2022-07-12 21:03:48,828 [Listener at 127.0.0.1/43377] WARN  impl.MetricRegistriesImpl (MetricRegistriesImpl.java:addReporterRegistration(111)) - New reporters are added after registries were created. Some metrics will be missing from the reporter. Please add reporter before adding any new registry.
2022-07-12 21:03:48,829 [Listener at 127.0.0.1/43377] INFO  impl.MetricsSystemImpl (MetricsSystemImpl.java:init(158)) - HddsDatanode metrics system started (again)
2022-07-12 21:03:48,848 [Listener at 127.0.0.1/43377] INFO  ozone.HddsDatanodeService (HddsDatanodeService.java:start(236)) - HddsDatanodeService host:fv-az452-57.ku3lqr0aiaqu5kfj3xdpchcrvd.dx.internal.cloudapp.net ip:10.1.0.20
2022-07-12 21:03:48,882 [Listener at 127.0.0.1/43377] INFO  upgrade.AbstractLayoutVersionManager (AbstractLayoutVersionManager.java:init(82)) - Initializing Layout version manager with metadata layout = DATANODE_SCHEMA_V3 (version = 4), software layout = DATANODE_SCHEMA_V3 (version = 4)
2022-07-12 21:03:48,943 [Listener at 127.0.0.1/43377] INFO  reflections.Reflections (Reflections.java:scan(232)) - Reflections took 58 ms to scan 7 urls, producing 132 keys and 317 values 
2022-07-12 21:03:48,950 [Listener at 127.0.0.1/43377] INFO  statemachine.DatanodeStateMachine (DatanodeStateMachine.java:getEndPointTaskThreadPoolSize(237)) - Datanode State Machine Task Thread Pool size 2
2022-07-12 21:03:49,032 [Listener at 127.0.0.1/43377] INFO  volume.HddsVolume (HddsVolume.java:<init>(116)) - Creating HddsVolume: /home/runner/work/ozone/ozone/hadoop-ozone/integration-test/target/test-dir/MiniOzoneClusterImpl-602e3c1e-9006-4844-b6f6-7d75904803ac/datanode-0/data-0/containers/hdds of storage type : DISK capacity : 9223372036854775807
2022-07-12 21:03:49,035 [Listener at 127.0.0.1/43377] INFO  volume.MutableVolumeSet (MutableVolumeSet.java:initializeVolumeSet(174)) - Added Volume : /home/runner/work/ozone/ozone/hadoop-ozone/integration-test/target/test-dir/MiniOzoneClusterImpl-602e3c1e-9006-4844-b6f6-7d75904803ac/datanode-0/data-0/containers/hdds to VolumeSet
2022-07-12 21:03:49,036 [Listener at 127.0.0.1/43377] INFO  volume.ThrottledAsyncChecker (ThrottledAsyncChecker.java:schedule(141)) - Scheduling a check for /home/runner/work/ozone/ozone/hadoop-ozone/integration-test/target/test-dir/MiniOzoneClusterImpl-602e3c1e-9006-4844-b6f6-7d75904803ac/datanode-0/data-0/containers/hdds
2022-07-12 21:03:49,057 [Listener at 127.0.0.1/43377] INFO  volume.StorageVolumeChecker (StorageVolumeChecker.java:checkAllVolumes(202)) - Scheduled health check for volume /home/runner/work/ozone/ozone/hadoop-ozone/integration-test/target/test-dir/MiniOzoneClusterImpl-602e3c1e-9006-4844-b6f6-7d75904803ac/datanode-0/data-0/containers/hdds
2022-07-12 21:03:49,077 [Listener at 127.0.0.1/43377] INFO  volume.MutableVolumeSet (MutableVolumeSet.java:initializeVolumeSet(174)) - Added Volume : /home/runner/work/ozone/ozone/hadoop-ozone/integration-test/target/test-dir/MiniOzoneClusterImpl-602e3c1e-9006-4844-b6f6-7d75904803ac/datanode-0/data/ratis to VolumeSet
2022-07-12 21:03:49,077 [Listener at 127.0.0.1/43377] INFO  volume.ThrottledAsyncChecker (ThrottledAsyncChecker.java:schedule(141)) - Scheduling a check for /home/runner/work/ozone/ozone/hadoop-ozone/integration-test/target/test-dir/MiniOzoneClusterImpl-602e3c1e-9006-4844-b6f6-7d75904803ac/datanode-0/data/ratis
2022-07-12 21:03:49,078 [Listener at 127.0.0.1/43377] INFO  volume.StorageVolumeChecker (StorageVolumeChecker.java:checkAllVolumes(202)) - Scheduled health check for volume /home/runner/work/ozone/ozone/hadoop-ozone/integration-test/target/test-dir/MiniOzoneClusterImpl-602e3c1e-9006-4844-b6f6-7d75904803ac/datanode-0/data/ratis
2022-07-12 21:03:49,104 [Thread-134] INFO  ozoneimpl.ContainerReader (ContainerReader.java:readVolume(175)) - Finish verifying containers on volume /home/runner/work/ozone/ozone/hadoop-ozone/integration-test/target/test-dir/MiniOzoneClusterImpl-602e3c1e-9006-4844-b6f6-7d75904803ac/datanode-0/data-0/containers/hdds
2022-07-12 21:03:49,104 [Listener at 127.0.0.1/43377] INFO  ozoneimpl.OzoneContainer (OzoneContainer.java:buildContainerSet(266)) - Build ContainerSet costs 0s
2022-07-12 21:03:49,168 [Listener at 127.0.0.1/43377] INFO  audit.AuditLogger (AuditLogger.java:refreshDebugCmdSet(120)) - Refresh DebugCmdSet for DNAudit to [].
2022-07-12 21:03:49,198 [Listener at 127.0.0.1/43377] INFO  server.RaftServer (ConfUtils.java:logGet(46)) - raft.rpc.type = GRPC (default)
2022-07-12 21:03:49,199 [Listener at 127.0.0.1/43377] INFO  grpc.GrpcFactory (GrpcFactory.java:checkPooledByteBufAllocatorUseCacheForAllThreads(48)) - PERFORMANCE WARNING: useCacheForAllThreads is true that may cause Netty to create a lot garbage objects and, as a result, trigger GC.
	It is recommended to disable useCacheForAllThreads by setting -Dorg.apache.ratis.thirdparty.io.netty.allocator.useCacheForAllThreads=false in command line.
2022-07-12 21:03:49,199 [Listener at 127.0.0.1/43377] INFO  grpc.GrpcConfigKeys (ConfUtils.java:logGet(46)) - raft.grpc.admin.port = 0 (custom)
2022-07-12 21:03:49,199 [Listener at 127.0.0.1/43377] INFO  grpc.GrpcConfigKeys (ConfUtils.java:logGet(46)) - raft.grpc.client.port = 0 (custom)
2022-07-12 21:03:49,200 [Listener at 127.0.0.1/43377] INFO  grpc.GrpcConfigKeys (ConfUtils.java:logGet(46)) - raft.grpc.server.port = 0 (default)
2022-07-12 21:03:49,200 [Listener at 127.0.0.1/43377] INFO  server.GrpcService (ConfUtils.java:logGet(46)) - raft.grpc.message.size.max = 32MB (=33554432) (custom)
2022-07-12 21:03:49,200 [Listener at 127.0.0.1/43377] INFO  server.RaftServerConfigKeys (ConfUtils.java:logGet(46)) - raft.server.log.appender.buffer.byte-limit = 33554432 (custom)
2022-07-12 21:03:49,200 [Listener at 127.0.0.1/43377] INFO  server.GrpcService (ConfUtils.java:logGet(46)) - raft.grpc.flow.control.window = 5MB (=5242880) (custom)
2022-07-12 21:03:49,200 [Listener at 127.0.0.1/43377] INFO  server.RaftServerConfigKeys (ConfUtils.java:logGet(46)) - raft.server.rpc.request.timeout = 60s (custom)
2022-07-12 21:03:49,200 [Listener at 127.0.0.1/43377] INFO  grpc.GrpcConfigKeys (ConfUtils.java:logGet(46)) - raft.grpc.server.async.request.thread.pool.cached = true (default)
2022-07-12 21:03:49,201 [Listener at 127.0.0.1/43377] INFO  grpc.GrpcConfigKeys (ConfUtils.java:logGet(46)) - raft.grpc.server.async.request.thread.pool.size = 32 (default)
2022-07-12 21:03:49,202 [Listener at 127.0.0.1/43377] INFO  impl.DataStreamServerImpl (ConfUtils.java:logGet(46)) - raft.datastream.type = DISABLED (default)
2022-07-12 21:03:49,202 [Listener at 127.0.0.1/43377] INFO  server.RaftServerConfigKeys (ConfUtils.java:logGet(46)) - raft.server.threadpool.proxy.cached = true (default)
2022-07-12 21:03:49,203 [Listener at 127.0.0.1/43377] INFO  server.RaftServerConfigKeys (ConfUtils.java:logGet(46)) - raft.server.threadpool.proxy.size = 0 (default)
2022-07-12 21:03:49,203 [Listener at 127.0.0.1/43377] INFO  server.RaftServerConfigKeys (ConfUtils.java:logGet(46)) - raft.server.rpc.slowness.timeout = 300s (custom)
2022-07-12 21:03:49,203 [Listener at 127.0.0.1/43377] INFO  server.RaftServerConfigKeys (ConfUtils.java:logGet(46)) - raft.server.leaderelection.leader.step-down.wait-time = 10s (default)
2022-07-12 21:03:49,203 [Listener at 127.0.0.1/43377] INFO  server.RaftServerConfigKeys (ConfUtils.java:logGet(46)) - raft.server.storage.dir = [/home/runner/work/ozone/ozone/hadoop-ozone/integration-test/target/test-dir/MiniOzoneClusterImpl-602e3c1e-9006-4844-b6f6-7d75904803ac/datanode-0/data/ratis] (custom)
2022-07-12 21:03:49,224 [Listener at 127.0.0.1/43377] INFO  server.XceiverServerGrpc (XceiverServerGrpc.java:<init>(132)) - GrpcServer channel type EpollServerSocketChannel
2022-07-12 21:03:49,295 [Listener at 127.0.0.1/43377] INFO  http.BaseHttpServer (BaseHttpServer.java:newHttpServer2BuilderForOzone(209)) - Starting Web-server for hddsDatanode at: http://0.0.0.0:0
2022-07-12 21:03:49,295 [Listener at 127.0.0.1/43377] INFO  http.BaseHttpServer (BaseHttpServer.java:<init>(107)) - Hadoop Security Enabled: false Ozone Security Enabled: false Ozone HTTP Security Enabled: false 
2022-07-12 21:03:49,297 [Listener at 127.0.0.1/43377] INFO  server.AuthenticationFilter (AuthenticationFilter.java:constructSecretProvider(240)) - Unable to initialize FileSignerSecretProvider, falling back to use random secrets.
2022-07-12 21:03:49,299 [Listener at 127.0.0.1/43377] WARN  http.HttpRequestLog (HttpRequestLog.java:getRequestLog(103)) - Jetty request log can only be enabled using Log4j
2022-07-12 21:03:49,301 [Listener at 127.0.0.1/43377] INFO  http.HttpServer2 (HttpServer2.java:addGlobalFilter(1029)) - Added global filter 'safety' (class=org.apache.hadoop.hdds.server.http.HttpServer2$QuotingInputFilter)
2022-07-12 21:03:49,302 [Listener at 127.0.0.1/43377] INFO  http.HttpServer2 (HttpServer2.java:addFilter(1005)) - Added filter static_user_filter (class=org.apache.hadoop.http.lib.StaticUserWebFilter$StaticUserFilter) to context hddsDatanode
2022-07-12 21:03:49,302 [Listener at 127.0.0.1/43377] INFO  http.HttpServer2 (HttpServer2.java:addFilter(1013)) - Added filter static_user_filter (class=org.apache.hadoop.http.lib.StaticUserWebFilter$StaticUserFilter) to context static
2022-07-12 21:03:49,302 [Listener at 127.0.0.1/43377] INFO  http.HttpServer2 (HttpServer2.java:addFilter(1013)) - Added filter static_user_filter (class=org.apache.hadoop.http.lib.StaticUserWebFilter$StaticUserFilter) to context logs
2022-07-12 21:03:49,303 [Listener at 127.0.0.1/43377] INFO  http.HttpServer2 (HttpServer2.java:bindListener(1248)) - Jetty bound to port 38443
2022-07-12 21:03:49,303 [Listener at 127.0.0.1/43377] INFO  server.Server (Server.java:doStart(375)) - jetty-9.4.43.v20210629; built: 2021-06-30T11:07:22.254Z; git: 526006ecfa3af7f1a27ef3a288e2bef7ea9dd7e8; jvm 1.8.0_332-b09
2022-07-12 21:03:49,310 [Listener at 127.0.0.1/43377] INFO  server.session (DefaultSessionIdManager.java:doStart(334)) - DefaultSessionIdManager workerName=node0
2022-07-12 21:03:49,310 [Listener at 127.0.0.1/43377] INFO  server.session (DefaultSessionIdManager.java:doStart(339)) - No SessionScavenger set, using defaults
2022-07-12 21:03:49,310 [Listener at 127.0.0.1/43377] INFO  server.session (HouseKeeper.java:startScavenging(132)) - node0 Scavenging every 660000ms
2022-07-12 21:03:49,312 [Listener at 127.0.0.1/43377] INFO  handler.ContextHandler (ContextHandler.java:doStart(915)) - Started o.e.j.s.ServletContextHandler@67b0c9e9{logs,/logs,file:///home/runner/work/ozone/ozone/hadoop-ozone/integration-test/target/log,AVAILABLE}
2022-07-12 21:03:49,313 [Listener at 127.0.0.1/43377] INFO  handler.ContextHandler (ContextHandler.java:doStart(915)) - Started o.e.j.s.ServletContextHandler@4cb518d{static,/static,jar:file:/home/runner/.m2/repository/org/apache/ozone/hdds-container-service/1.3.0-SNAPSHOT/hdds-container-service-1.3.0-SNAPSHOT.jar!/webapps/static,AVAILABLE}
2022-07-12 21:03:49,498 [om1@group-C5BA1605619E-FollowerState] INFO  impl.FollowerState (FollowerState.java:run(143)) - om1@group-C5BA1605619E-FollowerState: change to CANDIDATE, lastRpcElapsedTime:1107535806ns, electionTimeout:1093ms
2022-07-12 21:03:49,499 [om1@group-C5BA1605619E-FollowerState] INFO  impl.RoleInfo (RoleInfo.java:shutdownFollowerState(110)) - om1: shutdown om1@group-C5BA1605619E-FollowerState
2022-07-12 21:03:49,500 [om1@group-C5BA1605619E-FollowerState] INFO  server.RaftServer$Division (RaftServerImpl.java:setRole(299)) - om1@group-C5BA1605619E: changes role from  FOLLOWER to CANDIDATE at term 0 for changeToCandidate
2022-07-12 21:03:49,504 [om1@group-C5BA1605619E-FollowerState] INFO  server.RaftServerConfigKeys (ConfUtils.java:logGet(46)) - raft.server.leaderelection.pre-vote = false (custom)
2022-07-12 21:03:49,504 [om1@group-C5BA1605619E-FollowerState] INFO  impl.RoleInfo (RoleInfo.java:updateAndGet(139)) - om1: start om1@group-C5BA1605619E-LeaderElection1
2022-07-12 21:03:49,523 [om1@group-C5BA1605619E-LeaderElection1] INFO  impl.LeaderElection (LeaderElection.java:askForVotes(310)) - om1@group-C5BA1605619E-LeaderElection1 ELECTION round 0: submit vote requests at term 1 for -1: [om1|rpc:localhost:9872|priority:0], old=null
2022-07-12 21:03:49,524 [om1@group-C5BA1605619E-LeaderElection1] INFO  impl.LeaderElection (LeaderElection.java:askForVotes(312)) - om1@group-C5BA1605619E-LeaderElection1 ELECTION round 0: result PASSED (term=1)
2022-07-12 21:03:49,525 [om1@group-C5BA1605619E-LeaderElection1] INFO  impl.RoleInfo (RoleInfo.java:shutdownLeaderElection(130)) - om1: shutdown om1@group-C5BA1605619E-LeaderElection1
2022-07-12 21:03:49,525 [om1@group-C5BA1605619E-LeaderElection1] INFO  server.RaftServer$Division (RaftServerImpl.java:setRole(299)) - om1@group-C5BA1605619E: changes role from CANDIDATE to LEADER at term 1 for changeToLeader
2022-07-12 21:03:49,530 [om1@group-C5BA1605619E-LeaderElection1] INFO  server.RaftServer$Division (ServerState.java:setLeader(287)) - om1@group-C5BA1605619E: change Leader from null to om1 at term 1 for becomeLeader, leader elected after 2254ms
2022-07-12 21:03:49,539 [om1@group-C5BA1605619E-LeaderElection1] INFO  server.RaftServerConfigKeys (ConfUtils.java:logGet(46)) - raft.server.staging.catchup.gap = 1000 (default)
2022-07-12 21:03:49,550 [om1@group-C5BA1605619E-LeaderElection1] INFO  server.RaftServerConfigKeys (ConfUtils.java:logGet(46)) - raft.server.write.element-limit = 4096 (default)
2022-07-12 21:03:49,553 [om1@group-C5BA1605619E-LeaderElection1] INFO  server.RaftServerConfigKeys (ConfUtils.java:logGet(46)) - raft.server.write.byte-limit = 64MB (=67108864) (default)
2022-07-12 21:03:49,562 [Listener at 127.0.0.1/43377] INFO  handler.ContextHandler (ContextHandler.java:doStart(915)) - Started o.e.j.w.WebAppContext@1dcb10b3{hddsDatanode,/,file:///tmp/jetty-0_0_0_0-38443-hdds-container-service-1_3_0-SNAPSHOT_jar-_-any-2476466595165083560/webapp/,AVAILABLE}{jar:file:/home/runner/.m2/repository/org/apache/ozone/hdds-container-service/1.3.0-SNAPSHOT/hdds-container-service-1.3.0-SNAPSHOT.jar!/webapps/hddsDatanode}
2022-07-12 21:03:49,568 [Listener at 127.0.0.1/43377] INFO  server.AbstractConnector (AbstractConnector.java:doStart(331)) - Started ServerConnector@7f0632ac{HTTP/1.1, (http/1.1)}{0.0.0.0:38443}
2022-07-12 21:03:49,568 [Listener at 127.0.0.1/43377] INFO  server.Server (Server.java:doStart(415)) - Started @9312ms
2022-07-12 21:03:49,569 [Listener at 127.0.0.1/43377] WARN  impl.MetricsSystemImpl (MetricsSystemImpl.java:register(279)) - Sink prometheus already exists!
2022-07-12 21:03:49,569 [Listener at 127.0.0.1/43377] INFO  http.BaseHttpServer (BaseHttpServer.java:updateConnectorAddress(329)) - HTTP server of hddsDatanode listening at http://0.0.0.0:38443
2022-07-12 21:03:49,571 [Listener at 127.0.0.1/43377] WARN  impl.MetricRegistriesImpl (MetricRegistriesImpl.java:addReporterRegistration(111)) - New reporters are added after registries were created. Some metrics will be missing from the reporter. Please add reporter before adding any new registry.
2022-07-12 21:03:49,571 [Listener at 127.0.0.1/43377] WARN  impl.MetricRegistriesImpl (MetricRegistriesImpl.java:addReporterRegistration(111)) - New reporters are added after registries were created. Some metrics will be missing from the reporter. Please add reporter before adding any new registry.
2022-07-12 21:03:49,571 [Listener at 127.0.0.1/43377] INFO  impl.MetricsSystemImpl (MetricsSystemImpl.java:init(158)) - HddsDatanode metrics system started (again)
2022-07-12 21:03:49,576 [om1@group-C5BA1605619E-LeaderElection1] INFO  server.RaftServerConfigKeys (ConfUtils.java:logGet(46)) - raft.server.watch.timeout = 10s (default)
2022-07-12 21:03:49,576 [om1@group-C5BA1605619E-LeaderElection1] INFO  server.RaftServerConfigKeys (ConfUtils.java:logGet(46)) - raft.server.watch.timeout.denomination = 1s (default)
2022-07-12 21:03:49,576 [om1@group-C5BA1605619E-LeaderElection1] INFO  server.RaftServerConfigKeys (ConfUtils.java:logGet(46)) - raft.server.watch.element-limit = 65536 (default)
2022-07-12 21:03:49,583 [Datanode State Machine Daemon Thread] INFO  statemachine.DatanodeStateMachine (DatanodeStateMachine.java:lambda$startDaemon$0(492)) - Ozone container server started.
2022-07-12 21:03:49,601 [om1@group-C5BA1605619E-LeaderElection1] INFO  server.RaftServerConfigKeys (ConfUtils.java:logGet(46)) - raft.server.write.element-limit = 4096 (default)
2022-07-12 21:03:49,603 [om1@group-C5BA1605619E-LeaderElection1] INFO  server.RaftServerConfigKeys (ConfUtils.java:logGet(46)) - raft.server.write.follower.gap.ratio.max = -1.0 (default)
2022-07-12 21:03:49,605 [om1@group-C5BA1605619E-LeaderElection1] INFO  impl.RoleInfo (RoleInfo.java:updateAndGet(139)) - om1: start om1@group-C5BA1605619E-LeaderStateImpl
2022-07-12 21:03:49,613 [Listener at 127.0.0.1/43377] INFO  ozone.HddsDatanodeService (HddsDatanodeService.java:start(236)) - HddsDatanodeService host:fv-az452-57.ku3lqr0aiaqu5kfj3xdpchcrvd.dx.internal.cloudapp.net ip:10.1.0.20
2022-07-12 21:03:49,626 [org.apache.hadoop.util.JvmPauseMonitor$Monitor@5a86907b] INFO  util.JvmPauseMonitor (JvmPauseMonitor.java:run(188)) - Starting JVM pause monitor
2022-07-12 21:03:49,652 [Listener at 127.0.0.1/43377] INFO  upgrade.AbstractLayoutVersionManager (AbstractLayoutVersionManager.java:init(82)) - Initializing Layout version manager with metadata layout = DATANODE_SCHEMA_V3 (version = 4), software layout = DATANODE_SCHEMA_V3 (version = 4)
2022-07-12 21:03:49,703 [om1@group-C5BA1605619E-LeaderElection1] INFO  segmented.SegmentedRaftLogWorker (SegmentedRaftLogWorker.java:startLogSegment(425)) - om1@group-C5BA1605619E-SegmentedRaftLogWorker: Starting segment from index:0
2022-07-12 21:03:49,806 [om1@group-C5BA1605619E-LeaderElection1] INFO  server.RaftServer$Division (ServerState.java:setRaftConf(393)) - om1@group-C5BA1605619E: set configuration 0: [om1|rpc:localhost:9872|admin:|client:|dataStream:|priority:0], old=null
2022-07-12 21:03:49,821 [Listener at 127.0.0.1/43377] INFO  reflections.Reflections (Reflections.java:scan(232)) - Reflections took 166 ms to scan 7 urls, producing 132 keys and 317 values 
2022-07-12 21:03:49,822 [Listener at 127.0.0.1/43377] INFO  statemachine.DatanodeStateMachine (DatanodeStateMachine.java:getEndPointTaskThreadPoolSize(237)) - Datanode State Machine Task Thread Pool size 2
2022-07-12 21:03:49,861 [Listener at 127.0.0.1/43377] INFO  volume.HddsVolume (HddsVolume.java:<init>(116)) - Creating HddsVolume: /home/runner/work/ozone/ozone/hadoop-ozone/integration-test/target/test-dir/MiniOzoneClusterImpl-602e3c1e-9006-4844-b6f6-7d75904803ac/datanode-1/data-0/containers/hdds of storage type : DISK capacity : 9223372036854775807
2022-07-12 21:03:49,862 [Listener at 127.0.0.1/43377] INFO  volume.MutableVolumeSet (MutableVolumeSet.java:initializeVolumeSet(174)) - Added Volume : /home/runner/work/ozone/ozone/hadoop-ozone/integration-test/target/test-dir/MiniOzoneClusterImpl-602e3c1e-9006-4844-b6f6-7d75904803ac/datanode-1/data-0/containers/hdds to VolumeSet
2022-07-12 21:03:49,862 [Listener at 127.0.0.1/43377] INFO  volume.ThrottledAsyncChecker (ThrottledAsyncChecker.java:schedule(141)) - Scheduling a check for /home/runner/work/ozone/ozone/hadoop-ozone/integration-test/target/test-dir/MiniOzoneClusterImpl-602e3c1e-9006-4844-b6f6-7d75904803ac/datanode-1/data-0/containers/hdds
2022-07-12 21:03:49,872 [Listener at 127.0.0.1/43377] INFO  volume.StorageVolumeChecker (StorageVolumeChecker.java:checkAllVolumes(202)) - Scheduled health check for volume /home/runner/work/ozone/ozone/hadoop-ozone/integration-test/target/test-dir/MiniOzoneClusterImpl-602e3c1e-9006-4844-b6f6-7d75904803ac/datanode-1/data-0/containers/hdds
2022-07-12 21:03:49,894 [Datanode State Machine Task Thread - 0] INFO  datanode.InitDatanodeState (InitDatanodeState.java:persistContainerDatanodeDetails(138)) - DatanodeDetails is persisted to /home/runner/work/ozone/ozone/hadoop-ozone/integration-test/target/test-dir/MiniOzoneClusterImpl-602e3c1e-9006-4844-b6f6-7d75904803ac/datanode-0/meta/datanode.id
2022-07-12 21:03:49,902 [Listener at 127.0.0.1/43377] INFO  volume.MutableVolumeSet (MutableVolumeSet.java:initializeVolumeSet(174)) - Added Volume : /home/runner/work/ozone/ozone/hadoop-ozone/integration-test/target/test-dir/MiniOzoneClusterImpl-602e3c1e-9006-4844-b6f6-7d75904803ac/datanode-1/data/ratis to VolumeSet
2022-07-12 21:03:49,902 [Listener at 127.0.0.1/43377] INFO  volume.ThrottledAsyncChecker (ThrottledAsyncChecker.java:schedule(141)) - Scheduling a check for /home/runner/work/ozone/ozone/hadoop-ozone/integration-test/target/test-dir/MiniOzoneClusterImpl-602e3c1e-9006-4844-b6f6-7d75904803ac/datanode-1/data/ratis
2022-07-12 21:03:49,902 [Listener at 127.0.0.1/43377] INFO  volume.StorageVolumeChecker (StorageVolumeChecker.java:checkAllVolumes(202)) - Scheduled health check for volume /home/runner/work/ozone/ozone/hadoop-ozone/integration-test/target/test-dir/MiniOzoneClusterImpl-602e3c1e-9006-4844-b6f6-7d75904803ac/datanode-1/data/ratis
2022-07-12 21:03:49,920 [Thread-149] INFO  ozoneimpl.ContainerReader (ContainerReader.java:readVolume(175)) - Finish verifying containers on volume /home/runner/work/ozone/ozone/hadoop-ozone/integration-test/target/test-dir/MiniOzoneClusterImpl-602e3c1e-9006-4844-b6f6-7d75904803ac/datanode-1/data-0/containers/hdds
2022-07-12 21:03:49,921 [Listener at 127.0.0.1/43377] INFO  ozoneimpl.OzoneContainer (OzoneContainer.java:buildContainerSet(266)) - Build ContainerSet costs 0s
2022-07-12 21:03:49,924 [Listener at 127.0.0.1/43377] INFO  server.RaftServer (ConfUtils.java:logGet(46)) - raft.rpc.type = GRPC (default)
2022-07-12 21:03:49,925 [Listener at 127.0.0.1/43377] INFO  grpc.GrpcFactory (GrpcFactory.java:checkPooledByteBufAllocatorUseCacheForAllThreads(48)) - PERFORMANCE WARNING: useCacheForAllThreads is true that may cause Netty to create a lot garbage objects and, as a result, trigger GC.
	It is recommended to disable useCacheForAllThreads by setting -Dorg.apache.ratis.thirdparty.io.netty.allocator.useCacheForAllThreads=false in command line.
2022-07-12 21:03:49,925 [Listener at 127.0.0.1/43377] INFO  grpc.GrpcConfigKeys (ConfUtils.java:logGet(46)) - raft.grpc.admin.port = 0 (custom)
2022-07-12 21:03:49,925 [Listener at 127.0.0.1/43377] INFO  grpc.GrpcConfigKeys (ConfUtils.java:logGet(46)) - raft.grpc.client.port = 0 (custom)
2022-07-12 21:03:49,925 [Listener at 127.0.0.1/43377] INFO  grpc.GrpcConfigKeys (ConfUtils.java:logGet(46)) - raft.grpc.server.port = 0 (default)
2022-07-12 21:03:49,925 [Listener at 127.0.0.1/43377] INFO  server.GrpcService (ConfUtils.java:logGet(46)) - raft.grpc.message.size.max = 32MB (=33554432) (custom)
2022-07-12 21:03:49,926 [Listener at 127.0.0.1/43377] INFO  server.RaftServerConfigKeys (ConfUtils.java:logGet(46)) - raft.server.log.appender.buffer.byte-limit = 33554432 (custom)
2022-07-12 21:03:49,926 [Listener at 127.0.0.1/43377] INFO  server.GrpcService (ConfUtils.java:logGet(46)) - raft.grpc.flow.control.window = 5MB (=5242880) (custom)
2022-07-12 21:03:49,926 [Listener at 127.0.0.1/43377] INFO  server.RaftServerConfigKeys (ConfUtils.java:logGet(46)) - raft.server.rpc.request.timeout = 60s (custom)
2022-07-12 21:03:49,926 [Listener at 127.0.0.1/43377] INFO  grpc.GrpcConfigKeys (ConfUtils.java:logGet(46)) - raft.grpc.server.async.request.thread.pool.cached = true (default)
2022-07-12 21:03:49,926 [Listener at 127.0.0.1/43377] INFO  grpc.GrpcConfigKeys (ConfUtils.java:logGet(46)) - raft.grpc.server.async.request.thread.pool.size = 32 (default)
2022-07-12 21:03:49,928 [om1@group-C5BA1605619E-SegmentedRaftLogWorker] INFO  segmented.SegmentedRaftLogWorker (SegmentedRaftLogWorker.java:execute(629)) - om1@group-C5BA1605619E-SegmentedRaftLogWorker: created new log segment /home/runner/work/ozone/ozone/hadoop-ozone/integration-test/target/test-dir/MiniOzoneClusterImpl-602e3c1e-9006-4844-b6f6-7d75904803ac/ozone-meta/ratis/bf265839-605b-3f16-9796-c5ba1605619e/current/log_inprogress_0
2022-07-12 21:03:49,936 [Listener at 127.0.0.1/43377] INFO  impl.DataStreamServerImpl (ConfUtils.java:logGet(46)) - raft.datastream.type = DISABLED (default)
2022-07-12 21:03:49,936 [Listener at 127.0.0.1/43377] INFO  server.RaftServerConfigKeys (ConfUtils.java:logGet(46)) - raft.server.threadpool.proxy.cached = true (default)
2022-07-12 21:03:49,937 [Listener at 127.0.0.1/43377] INFO  server.RaftServerConfigKeys (ConfUtils.java:logGet(46)) - raft.server.threadpool.proxy.size = 0 (default)
2022-07-12 21:03:49,937 [Listener at 127.0.0.1/43377] INFO  server.RaftServerConfigKeys (ConfUtils.java:logGet(46)) - raft.server.rpc.slowness.timeout = 300s (custom)
2022-07-12 21:03:49,937 [Listener at 127.0.0.1/43377] INFO  server.RaftServerConfigKeys (ConfUtils.java:logGet(46)) - raft.server.leaderelection.leader.step-down.wait-time = 10s (default)
2022-07-12 21:03:49,937 [Listener at 127.0.0.1/43377] INFO  server.RaftServerConfigKeys (ConfUtils.java:logGet(46)) - raft.server.storage.dir = [/home/runner/work/ozone/ozone/hadoop-ozone/integration-test/target/test-dir/MiniOzoneClusterImpl-602e3c1e-9006-4844-b6f6-7d75904803ac/datanode-1/data/ratis] (custom)
2022-07-12 21:03:49,940 [Listener at 127.0.0.1/43377] INFO  server.XceiverServerGrpc (XceiverServerGrpc.java:<init>(132)) - GrpcServer channel type EpollServerSocketChannel
2022-07-12 21:03:49,952 [Listener at 127.0.0.1/43377] INFO  http.BaseHttpServer (BaseHttpServer.java:newHttpServer2BuilderForOzone(209)) - Starting Web-server for hddsDatanode at: http://0.0.0.0:0
2022-07-12 21:03:49,953 [Listener at 127.0.0.1/43377] INFO  http.BaseHttpServer (BaseHttpServer.java:<init>(107)) - Hadoop Security Enabled: false Ozone Security Enabled: false Ozone HTTP Security Enabled: false 
2022-07-12 21:03:49,954 [Listener at 127.0.0.1/43377] INFO  server.AuthenticationFilter (AuthenticationFilter.java:constructSecretProvider(240)) - Unable to initialize FileSignerSecretProvider, falling back to use random secrets.
2022-07-12 21:03:49,960 [Listener at 127.0.0.1/43377] WARN  http.HttpRequestLog (HttpRequestLog.java:getRequestLog(103)) - Jetty request log can only be enabled using Log4j
2022-07-12 21:03:49,962 [Listener at 127.0.0.1/43377] INFO  http.HttpServer2 (HttpServer2.java:addGlobalFilter(1029)) - Added global filter 'safety' (class=org.apache.hadoop.hdds.server.http.HttpServer2$QuotingInputFilter)
2022-07-12 21:03:49,963 [Listener at 127.0.0.1/43377] INFO  http.HttpServer2 (HttpServer2.java:addFilter(1005)) - Added filter static_user_filter (class=org.apache.hadoop.http.lib.StaticUserWebFilter$StaticUserFilter) to context hddsDatanode
2022-07-12 21:03:49,963 [Listener at 127.0.0.1/43377] INFO  http.HttpServer2 (HttpServer2.java:addFilter(1013)) - Added filter static_user_filter (class=org.apache.hadoop.http.lib.StaticUserWebFilter$StaticUserFilter) to context logs
2022-07-12 21:03:49,963 [Listener at 127.0.0.1/43377] INFO  http.HttpServer2 (HttpServer2.java:addFilter(1013)) - Added filter static_user_filter (class=org.apache.hadoop.http.lib.StaticUserWebFilter$StaticUserFilter) to context static
2022-07-12 21:03:49,964 [Listener at 127.0.0.1/43377] INFO  http.HttpServer2 (HttpServer2.java:bindListener(1248)) - Jetty bound to port 39325
2022-07-12 21:03:49,964 [Listener at 127.0.0.1/43377] INFO  server.Server (Server.java:doStart(375)) - jetty-9.4.43.v20210629; built: 2021-06-30T11:07:22.254Z; git: 526006ecfa3af7f1a27ef3a288e2bef7ea9dd7e8; jvm 1.8.0_332-b09
2022-07-12 21:03:49,976 [Listener at 127.0.0.1/43377] INFO  server.session (DefaultSessionIdManager.java:doStart(334)) - DefaultSessionIdManager workerName=node0
2022-07-12 21:03:49,976 [Listener at 127.0.0.1/43377] INFO  server.session (DefaultSessionIdManager.java:doStart(339)) - No SessionScavenger set, using defaults
2022-07-12 21:03:49,976 [Listener at 127.0.0.1/43377] INFO  server.session (HouseKeeper.java:startScavenging(132)) - node0 Scavenging every 660000ms
2022-07-12 21:03:49,987 [Listener at 127.0.0.1/43377] INFO  handler.ContextHandler (ContextHandler.java:doStart(915)) - Started o.e.j.s.ServletContextHandler@3c3b5d1{logs,/logs,file:///home/runner/work/ozone/ozone/hadoop-ozone/integration-test/target/log,AVAILABLE}
2022-07-12 21:03:49,988 [Listener at 127.0.0.1/43377] INFO  handler.ContextHandler (ContextHandler.java:doStart(915)) - Started o.e.j.s.ServletContextHandler@606ea72{static,/static,jar:file:/home/runner/.m2/repository/org/apache/ozone/hdds-container-service/1.3.0-SNAPSHOT/hdds-container-service-1.3.0-SNAPSHOT.jar!/webapps/static,AVAILABLE}
2022-07-12 21:03:50,075 [om1@group-C5BA1605619E-StateMachineUpdater] INFO  ratis.OzoneManagerStateMachine (OzoneManagerStateMachine.java:notifyConfigurationChanged(192)) - Received Configuration change notification from Ratis. New Peer list:
[id: "om1"
address: "localhost:9872"
]
2022-07-12 21:03:50,236 [Listener at 127.0.0.1/43377] INFO  handler.ContextHandler (ContextHandler.java:doStart(915)) - Started o.e.j.w.WebAppContext@aa2ae2d{hddsDatanode,/,file:///tmp/jetty-0_0_0_0-39325-hdds-container-service-1_3_0-SNAPSHOT_jar-_-any-110727771567920147/webapp/,AVAILABLE}{jar:file:/home/runner/.m2/repository/org/apache/ozone/hdds-container-service/1.3.0-SNAPSHOT/hdds-container-service-1.3.0-SNAPSHOT.jar!/webapps/hddsDatanode}
2022-07-12 21:03:50,237 [Listener at 127.0.0.1/43377] INFO  server.AbstractConnector (AbstractConnector.java:doStart(331)) - Started ServerConnector@5ba540a5{HTTP/1.1, (http/1.1)}{0.0.0.0:39325}
2022-07-12 21:03:50,238 [Listener at 127.0.0.1/43377] INFO  server.Server (Server.java:doStart(415)) - Started @9981ms
2022-07-12 21:03:50,238 [Listener at 127.0.0.1/43377] WARN  impl.MetricsSystemImpl (MetricsSystemImpl.java:register(279)) - Sink prometheus already exists!
2022-07-12 21:03:50,239 [Listener at 127.0.0.1/43377] INFO  http.BaseHttpServer (BaseHttpServer.java:updateConnectorAddress(329)) - HTTP server of hddsDatanode listening at http://0.0.0.0:39325
2022-07-12 21:03:50,243 [Listener at 127.0.0.1/43377] WARN  impl.MetricRegistriesImpl (MetricRegistriesImpl.java:addReporterRegistration(111)) - New reporters are added after registries were created. Some metrics will be missing from the reporter. Please add reporter before adding any new registry.
2022-07-12 21:03:50,243 [Listener at 127.0.0.1/43377] WARN  impl.MetricRegistriesImpl (MetricRegistriesImpl.java:addReporterRegistration(111)) - New reporters are added after registries were created. Some metrics will be missing from the reporter. Please add reporter before adding any new registry.
2022-07-12 21:03:50,243 [Listener at 127.0.0.1/43377] INFO  impl.MetricsSystemImpl (MetricsSystemImpl.java:init(158)) - HddsDatanode metrics system started (again)
2022-07-12 21:03:50,251 [Datanode State Machine Daemon Thread] INFO  statemachine.DatanodeStateMachine (DatanodeStateMachine.java:lambda$startDaemon$0(492)) - Ozone container server started.
2022-07-12 21:03:50,267 [org.apache.hadoop.util.JvmPauseMonitor$Monitor@5ae6d399] INFO  util.JvmPauseMonitor (JvmPauseMonitor.java:run(188)) - Starting JVM pause monitor
2022-07-12 21:03:50,272 [Listener at 127.0.0.1/43377] INFO  ozone.HddsDatanodeService (HddsDatanodeService.java:start(236)) - HddsDatanodeService host:fv-az452-57.ku3lqr0aiaqu5kfj3xdpchcrvd.dx.internal.cloudapp.net ip:10.1.0.20
2022-07-12 21:03:50,286 [Datanode State Machine Task Thread - 0] INFO  datanode.InitDatanodeState (InitDatanodeState.java:persistContainerDatanodeDetails(138)) - DatanodeDetails is persisted to /home/runner/work/ozone/ozone/hadoop-ozone/integration-test/target/test-dir/MiniOzoneClusterImpl-602e3c1e-9006-4844-b6f6-7d75904803ac/datanode-1/meta/datanode.id
2022-07-12 21:03:50,307 [Listener at 127.0.0.1/43377] INFO  upgrade.AbstractLayoutVersionManager (AbstractLayoutVersionManager.java:init(82)) - Initializing Layout version manager with metadata layout = DATANODE_SCHEMA_V3 (version = 4), software layout = DATANODE_SCHEMA_V3 (version = 4)
2022-07-12 21:03:50,357 [Listener at 127.0.0.1/43377] INFO  reflections.Reflections (Reflections.java:scan(232)) - Reflections took 49 ms to scan 7 urls, producing 132 keys and 317 values 
2022-07-12 21:03:50,359 [Listener at 127.0.0.1/43377] INFO  statemachine.DatanodeStateMachine (DatanodeStateMachine.java:getEndPointTaskThreadPoolSize(237)) - Datanode State Machine Task Thread Pool size 2
2022-07-12 21:03:50,362 [Listener at 127.0.0.1/43377] INFO  volume.HddsVolume (HddsVolume.java:<init>(116)) - Creating HddsVolume: /home/runner/work/ozone/ozone/hadoop-ozone/integration-test/target/test-dir/MiniOzoneClusterImpl-602e3c1e-9006-4844-b6f6-7d75904803ac/datanode-2/data-0/containers/hdds of storage type : DISK capacity : 9223372036854775807
2022-07-12 21:03:50,362 [Listener at 127.0.0.1/43377] INFO  volume.MutableVolumeSet (MutableVolumeSet.java:initializeVolumeSet(174)) - Added Volume : /home/runner/work/ozone/ozone/hadoop-ozone/integration-test/target/test-dir/MiniOzoneClusterImpl-602e3c1e-9006-4844-b6f6-7d75904803ac/datanode-2/data-0/containers/hdds to VolumeSet
2022-07-12 21:03:50,362 [Listener at 127.0.0.1/43377] INFO  volume.ThrottledAsyncChecker (ThrottledAsyncChecker.java:schedule(141)) - Scheduling a check for /home/runner/work/ozone/ozone/hadoop-ozone/integration-test/target/test-dir/MiniOzoneClusterImpl-602e3c1e-9006-4844-b6f6-7d75904803ac/datanode-2/data-0/containers/hdds
2022-07-12 21:03:50,375 [Listener at 127.0.0.1/43377] INFO  volume.StorageVolumeChecker (StorageVolumeChecker.java:checkAllVolumes(202)) - Scheduled health check for volume /home/runner/work/ozone/ozone/hadoop-ozone/integration-test/target/test-dir/MiniOzoneClusterImpl-602e3c1e-9006-4844-b6f6-7d75904803ac/datanode-2/data-0/containers/hdds
2022-07-12 21:03:50,391 [Listener at 127.0.0.1/43377] INFO  volume.MutableVolumeSet (MutableVolumeSet.java:initializeVolumeSet(174)) - Added Volume : /home/runner/work/ozone/ozone/hadoop-ozone/integration-test/target/test-dir/MiniOzoneClusterImpl-602e3c1e-9006-4844-b6f6-7d75904803ac/datanode-2/data/ratis to VolumeSet
2022-07-12 21:03:50,391 [Listener at 127.0.0.1/43377] INFO  volume.ThrottledAsyncChecker (ThrottledAsyncChecker.java:schedule(141)) - Scheduling a check for /home/runner/work/ozone/ozone/hadoop-ozone/integration-test/target/test-dir/MiniOzoneClusterImpl-602e3c1e-9006-4844-b6f6-7d75904803ac/datanode-2/data/ratis
2022-07-12 21:03:50,391 [Listener at 127.0.0.1/43377] INFO  volume.StorageVolumeChecker (StorageVolumeChecker.java:checkAllVolumes(202)) - Scheduled health check for volume /home/runner/work/ozone/ozone/hadoop-ozone/integration-test/target/test-dir/MiniOzoneClusterImpl-602e3c1e-9006-4844-b6f6-7d75904803ac/datanode-2/data/ratis
2022-07-12 21:03:50,404 [Thread-162] INFO  ozoneimpl.ContainerReader (ContainerReader.java:readVolume(175)) - Finish verifying containers on volume /home/runner/work/ozone/ozone/hadoop-ozone/integration-test/target/test-dir/MiniOzoneClusterImpl-602e3c1e-9006-4844-b6f6-7d75904803ac/datanode-2/data-0/containers/hdds
2022-07-12 21:03:50,404 [Listener at 127.0.0.1/43377] INFO  ozoneimpl.OzoneContainer (OzoneContainer.java:buildContainerSet(266)) - Build ContainerSet costs 0s
2022-07-12 21:03:50,407 [Listener at 127.0.0.1/43377] INFO  server.RaftServer (ConfUtils.java:logGet(46)) - raft.rpc.type = GRPC (default)
2022-07-12 21:03:50,407 [Listener at 127.0.0.1/43377] INFO  grpc.GrpcFactory (GrpcFactory.java:checkPooledByteBufAllocatorUseCacheForAllThreads(48)) - PERFORMANCE WARNING: useCacheForAllThreads is true that may cause Netty to create a lot garbage objects and, as a result, trigger GC.
	It is recommended to disable useCacheForAllThreads by setting -Dorg.apache.ratis.thirdparty.io.netty.allocator.useCacheForAllThreads=false in command line.
2022-07-12 21:03:50,408 [Listener at 127.0.0.1/43377] INFO  grpc.GrpcConfigKeys (ConfUtils.java:logGet(46)) - raft.grpc.admin.port = 0 (custom)
2022-07-12 21:03:50,408 [Listener at 127.0.0.1/43377] INFO  grpc.GrpcConfigKeys (ConfUtils.java:logGet(46)) - raft.grpc.client.port = 0 (custom)
2022-07-12 21:03:50,408 [Listener at 127.0.0.1/43377] INFO  grpc.GrpcConfigKeys (ConfUtils.java:logGet(46)) - raft.grpc.server.port = 0 (default)
2022-07-12 21:03:50,408 [Listener at 127.0.0.1/43377] INFO  server.GrpcService (ConfUtils.java:logGet(46)) - raft.grpc.message.size.max = 32MB (=33554432) (custom)
2022-07-12 21:03:50,408 [Listener at 127.0.0.1/43377] INFO  server.RaftServerConfigKeys (ConfUtils.java:logGet(46)) - raft.server.log.appender.buffer.byte-limit = 33554432 (custom)
2022-07-12 21:03:50,408 [Listener at 127.0.0.1/43377] INFO  server.GrpcService (ConfUtils.java:logGet(46)) - raft.grpc.flow.control.window = 5MB (=5242880) (custom)
2022-07-12 21:03:50,408 [Listener at 127.0.0.1/43377] INFO  server.RaftServerConfigKeys (ConfUtils.java:logGet(46)) - raft.server.rpc.request.timeout = 60s (custom)
2022-07-12 21:03:50,409 [Listener at 127.0.0.1/43377] INFO  grpc.GrpcConfigKeys (ConfUtils.java:logGet(46)) - raft.grpc.server.async.request.thread.pool.cached = true (default)
2022-07-12 21:03:50,409 [Listener at 127.0.0.1/43377] INFO  grpc.GrpcConfigKeys (ConfUtils.java:logGet(46)) - raft.grpc.server.async.request.thread.pool.size = 32 (default)
2022-07-12 21:03:50,410 [Listener at 127.0.0.1/43377] INFO  impl.DataStreamServerImpl (ConfUtils.java:logGet(46)) - raft.datastream.type = DISABLED (default)
2022-07-12 21:03:50,410 [Listener at 127.0.0.1/43377] INFO  server.RaftServerConfigKeys (ConfUtils.java:logGet(46)) - raft.server.threadpool.proxy.cached = true (default)
2022-07-12 21:03:50,410 [Listener at 127.0.0.1/43377] INFO  server.RaftServerConfigKeys (ConfUtils.java:logGet(46)) - raft.server.threadpool.proxy.size = 0 (default)
2022-07-12 21:03:50,410 [Listener at 127.0.0.1/43377] INFO  server.RaftServerConfigKeys (ConfUtils.java:logGet(46)) - raft.server.rpc.slowness.timeout = 300s (custom)
2022-07-12 21:03:50,411 [Listener at 127.0.0.1/43377] INFO  server.RaftServerConfigKeys (ConfUtils.java:logGet(46)) - raft.server.leaderelection.leader.step-down.wait-time = 10s (default)
2022-07-12 21:03:50,411 [Listener at 127.0.0.1/43377] INFO  server.RaftServerConfigKeys (ConfUtils.java:logGet(46)) - raft.server.storage.dir = [/home/runner/work/ozone/ozone/hadoop-ozone/integration-test/target/test-dir/MiniOzoneClusterImpl-602e3c1e-9006-4844-b6f6-7d75904803ac/datanode-2/data/ratis] (custom)
2022-07-12 21:03:50,417 [Listener at 127.0.0.1/43377] INFO  server.XceiverServerGrpc (XceiverServerGrpc.java:<init>(132)) - GrpcServer channel type EpollServerSocketChannel
2022-07-12 21:03:50,420 [Listener at 127.0.0.1/43377] INFO  http.BaseHttpServer (BaseHttpServer.java:newHttpServer2BuilderForOzone(209)) - Starting Web-server for hddsDatanode at: http://0.0.0.0:0
2022-07-12 21:03:50,423 [Listener at 127.0.0.1/43377] INFO  http.BaseHttpServer (BaseHttpServer.java:<init>(107)) - Hadoop Security Enabled: false Ozone Security Enabled: false Ozone HTTP Security Enabled: false 
2022-07-12 21:03:50,425 [Listener at 127.0.0.1/43377] INFO  server.AuthenticationFilter (AuthenticationFilter.java:constructSecretProvider(240)) - Unable to initialize FileSignerSecretProvider, falling back to use random secrets.
2022-07-12 21:03:50,425 [Listener at 127.0.0.1/43377] WARN  http.HttpRequestLog (HttpRequestLog.java:getRequestLog(103)) - Jetty request log can only be enabled using Log4j
2022-07-12 21:03:50,427 [Listener at 127.0.0.1/43377] INFO  http.HttpServer2 (HttpServer2.java:addGlobalFilter(1029)) - Added global filter 'safety' (class=org.apache.hadoop.hdds.server.http.HttpServer2$QuotingInputFilter)
2022-07-12 21:03:50,429 [Listener at 127.0.0.1/43377] INFO  http.HttpServer2 (HttpServer2.java:addFilter(1005)) - Added filter static_user_filter (class=org.apache.hadoop.http.lib.StaticUserWebFilter$StaticUserFilter) to context hddsDatanode
2022-07-12 21:03:50,429 [Listener at 127.0.0.1/43377] INFO  http.HttpServer2 (HttpServer2.java:addFilter(1013)) - Added filter static_user_filter (class=org.apache.hadoop.http.lib.StaticUserWebFilter$StaticUserFilter) to context static
2022-07-12 21:03:50,429 [Listener at 127.0.0.1/43377] INFO  http.HttpServer2 (HttpServer2.java:addFilter(1013)) - Added filter static_user_filter (class=org.apache.hadoop.http.lib.StaticUserWebFilter$StaticUserFilter) to context logs
2022-07-12 21:03:50,430 [Listener at 127.0.0.1/43377] INFO  http.HttpServer2 (HttpServer2.java:bindListener(1248)) - Jetty bound to port 36259
2022-07-12 21:03:50,430 [Listener at 127.0.0.1/43377] INFO  server.Server (Server.java:doStart(375)) - jetty-9.4.43.v20210629; built: 2021-06-30T11:07:22.254Z; git: 526006ecfa3af7f1a27ef3a288e2bef7ea9dd7e8; jvm 1.8.0_332-b09
2022-07-12 21:03:50,432 [Listener at 127.0.0.1/43377] INFO  server.session (DefaultSessionIdManager.java:doStart(334)) - DefaultSessionIdManager workerName=node0
2022-07-12 21:03:50,432 [Listener at 127.0.0.1/43377] INFO  server.session (DefaultSessionIdManager.java:doStart(339)) - No SessionScavenger set, using defaults
2022-07-12 21:03:50,432 [Listener at 127.0.0.1/43377] INFO  server.session (HouseKeeper.java:startScavenging(132)) - node0 Scavenging every 660000ms
2022-07-12 21:03:50,434 [Listener at 127.0.0.1/43377] INFO  handler.ContextHandler (ContextHandler.java:doStart(915)) - Started o.e.j.s.ServletContextHandler@3b51334c{logs,/logs,file:///home/runner/work/ozone/ozone/hadoop-ozone/integration-test/target/log,AVAILABLE}
2022-07-12 21:03:50,434 [Listener at 127.0.0.1/43377] INFO  handler.ContextHandler (ContextHandler.java:doStart(915)) - Started o.e.j.s.ServletContextHandler@69925e55{static,/static,jar:file:/home/runner/.m2/repository/org/apache/ozone/hdds-container-service/1.3.0-SNAPSHOT/hdds-container-service-1.3.0-SNAPSHOT.jar!/webapps/static,AVAILABLE}
2022-07-12 21:03:50,630 [Listener at 127.0.0.1/43377] INFO  handler.ContextHandler (ContextHandler.java:doStart(915)) - Started o.e.j.w.WebAppContext@1d696b35{hddsDatanode,/,file:///tmp/jetty-0_0_0_0-36259-hdds-container-service-1_3_0-SNAPSHOT_jar-_-any-9188250382457448659/webapp/,AVAILABLE}{jar:file:/home/runner/.m2/repository/org/apache/ozone/hdds-container-service/1.3.0-SNAPSHOT/hdds-container-service-1.3.0-SNAPSHOT.jar!/webapps/hddsDatanode}
2022-07-12 21:03:50,631 [Listener at 127.0.0.1/43377] INFO  server.AbstractConnector (AbstractConnector.java:doStart(331)) - Started ServerConnector@59e97f75{HTTP/1.1, (http/1.1)}{0.0.0.0:36259}
2022-07-12 21:03:50,632 [Listener at 127.0.0.1/43377] INFO  server.Server (Server.java:doStart(415)) - Started @10375ms
2022-07-12 21:03:50,632 [Listener at 127.0.0.1/43377] WARN  impl.MetricsSystemImpl (MetricsSystemImpl.java:register(279)) - Sink prometheus already exists!
2022-07-12 21:03:50,633 [Listener at 127.0.0.1/43377] INFO  http.BaseHttpServer (BaseHttpServer.java:updateConnectorAddress(329)) - HTTP server of hddsDatanode listening at http://0.0.0.0:36259
2022-07-12 21:03:50,636 [Listener at 127.0.0.1/43377] WARN  impl.MetricRegistriesImpl (MetricRegistriesImpl.java:addReporterRegistration(111)) - New reporters are added after registries were created. Some metrics will be missing from the reporter. Please add reporter before adding any new registry.
2022-07-12 21:03:50,636 [Listener at 127.0.0.1/43377] WARN  impl.MetricRegistriesImpl (MetricRegistriesImpl.java:addReporterRegistration(111)) - New reporters are added after registries were created. Some metrics will be missing from the reporter. Please add reporter before adding any new registry.
2022-07-12 21:03:50,636 [Listener at 127.0.0.1/43377] INFO  impl.MetricsSystemImpl (MetricsSystemImpl.java:init(158)) - HddsDatanode metrics system started (again)
2022-07-12 21:03:50,640 [Datanode State Machine Daemon Thread] INFO  statemachine.DatanodeStateMachine (DatanodeStateMachine.java:lambda$startDaemon$0(492)) - Ozone container server started.
2022-07-12 21:03:50,651 [org.apache.hadoop.util.JvmPauseMonitor$Monitor@48471496] INFO  util.JvmPauseMonitor (JvmPauseMonitor.java:run(188)) - Starting JVM pause monitor
2022-07-12 21:03:50,652 [Listener at 127.0.0.1/43377] INFO  ozone.HddsDatanodeService (HddsDatanodeService.java:start(236)) - HddsDatanodeService host:fv-az452-57.ku3lqr0aiaqu5kfj3xdpchcrvd.dx.internal.cloudapp.net ip:10.1.0.20
2022-07-12 21:03:50,654 [Datanode State Machine Task Thread - 0] INFO  datanode.InitDatanodeState (InitDatanodeState.java:persistContainerDatanodeDetails(138)) - DatanodeDetails is persisted to /home/runner/work/ozone/ozone/hadoop-ozone/integration-test/target/test-dir/MiniOzoneClusterImpl-602e3c1e-9006-4844-b6f6-7d75904803ac/datanode-2/meta/datanode.id
2022-07-12 21:03:50,675 [Listener at 127.0.0.1/43377] INFO  upgrade.AbstractLayoutVersionManager (AbstractLayoutVersionManager.java:init(82)) - Initializing Layout version manager with metadata layout = DATANODE_SCHEMA_V3 (version = 4), software layout = DATANODE_SCHEMA_V3 (version = 4)
2022-07-12 21:03:50,726 [Listener at 127.0.0.1/43377] INFO  reflections.Reflections (Reflections.java:scan(232)) - Reflections took 49 ms to scan 7 urls, producing 132 keys and 317 values 
2022-07-12 21:03:50,728 [Listener at 127.0.0.1/43377] INFO  statemachine.DatanodeStateMachine (DatanodeStateMachine.java:getEndPointTaskThreadPoolSize(237)) - Datanode State Machine Task Thread Pool size 2
2022-07-12 21:03:50,733 [Listener at 127.0.0.1/43377] INFO  volume.HddsVolume (HddsVolume.java:<init>(116)) - Creating HddsVolume: /home/runner/work/ozone/ozone/hadoop-ozone/integration-test/target/test-dir/MiniOzoneClusterImpl-602e3c1e-9006-4844-b6f6-7d75904803ac/datanode-3/data-0/containers/hdds of storage type : DISK capacity : 9223372036854775807
2022-07-12 21:03:50,733 [Listener at 127.0.0.1/43377] INFO  volume.MutableVolumeSet (MutableVolumeSet.java:initializeVolumeSet(174)) - Added Volume : /home/runner/work/ozone/ozone/hadoop-ozone/integration-test/target/test-dir/MiniOzoneClusterImpl-602e3c1e-9006-4844-b6f6-7d75904803ac/datanode-3/data-0/containers/hdds to VolumeSet
2022-07-12 21:03:50,733 [Listener at 127.0.0.1/43377] INFO  volume.ThrottledAsyncChecker (ThrottledAsyncChecker.java:schedule(141)) - Scheduling a check for /home/runner/work/ozone/ozone/hadoop-ozone/integration-test/target/test-dir/MiniOzoneClusterImpl-602e3c1e-9006-4844-b6f6-7d75904803ac/datanode-3/data-0/containers/hdds
2022-07-12 21:03:50,736 [Listener at 127.0.0.1/43377] INFO  volume.StorageVolumeChecker (StorageVolumeChecker.java:checkAllVolumes(202)) - Scheduled health check for volume /home/runner/work/ozone/ozone/hadoop-ozone/integration-test/target/test-dir/MiniOzoneClusterImpl-602e3c1e-9006-4844-b6f6-7d75904803ac/datanode-3/data-0/containers/hdds
2022-07-12 21:03:50,749 [Listener at 127.0.0.1/43377] INFO  volume.MutableVolumeSet (MutableVolumeSet.java:initializeVolumeSet(174)) - Added Volume : /home/runner/work/ozone/ozone/hadoop-ozone/integration-test/target/test-dir/MiniOzoneClusterImpl-602e3c1e-9006-4844-b6f6-7d75904803ac/datanode-3/data/ratis to VolumeSet
2022-07-12 21:03:50,750 [Listener at 127.0.0.1/43377] INFO  volume.ThrottledAsyncChecker (ThrottledAsyncChecker.java:schedule(141)) - Scheduling a check for /home/runner/work/ozone/ozone/hadoop-ozone/integration-test/target/test-dir/MiniOzoneClusterImpl-602e3c1e-9006-4844-b6f6-7d75904803ac/datanode-3/data/ratis
2022-07-12 21:03:50,750 [Listener at 127.0.0.1/43377] INFO  volume.StorageVolumeChecker (StorageVolumeChecker.java:checkAllVolumes(202)) - Scheduled health check for volume /home/runner/work/ozone/ozone/hadoop-ozone/integration-test/target/test-dir/MiniOzoneClusterImpl-602e3c1e-9006-4844-b6f6-7d75904803ac/datanode-3/data/ratis
2022-07-12 21:03:50,764 [Thread-175] INFO  ozoneimpl.ContainerReader (ContainerReader.java:readVolume(175)) - Finish verifying containers on volume /home/runner/work/ozone/ozone/hadoop-ozone/integration-test/target/test-dir/MiniOzoneClusterImpl-602e3c1e-9006-4844-b6f6-7d75904803ac/datanode-3/data-0/containers/hdds
2022-07-12 21:03:50,764 [Listener at 127.0.0.1/43377] INFO  ozoneimpl.OzoneContainer (OzoneContainer.java:buildContainerSet(266)) - Build ContainerSet costs 0s
2022-07-12 21:03:50,767 [Listener at 127.0.0.1/43377] INFO  server.RaftServer (ConfUtils.java:logGet(46)) - raft.rpc.type = GRPC (default)
2022-07-12 21:03:50,767 [Listener at 127.0.0.1/43377] INFO  grpc.GrpcFactory (GrpcFactory.java:checkPooledByteBufAllocatorUseCacheForAllThreads(48)) - PERFORMANCE WARNING: useCacheForAllThreads is true that may cause Netty to create a lot garbage objects and, as a result, trigger GC.
	It is recommended to disable useCacheForAllThreads by setting -Dorg.apache.ratis.thirdparty.io.netty.allocator.useCacheForAllThreads=false in command line.
2022-07-12 21:03:50,768 [Listener at 127.0.0.1/43377] INFO  grpc.GrpcConfigKeys (ConfUtils.java:logGet(46)) - raft.grpc.admin.port = 0 (custom)
2022-07-12 21:03:50,768 [Listener at 127.0.0.1/43377] INFO  grpc.GrpcConfigKeys (ConfUtils.java:logGet(46)) - raft.grpc.client.port = 0 (custom)
2022-07-12 21:03:50,768 [Listener at 127.0.0.1/43377] INFO  grpc.GrpcConfigKeys (ConfUtils.java:logGet(46)) - raft.grpc.server.port = 0 (default)
2022-07-12 21:03:50,768 [Listener at 127.0.0.1/43377] INFO  server.GrpcService (ConfUtils.java:logGet(46)) - raft.grpc.message.size.max = 32MB (=33554432) (custom)
2022-07-12 21:03:50,768 [Listener at 127.0.0.1/43377] INFO  server.RaftServerConfigKeys (ConfUtils.java:logGet(46)) - raft.server.log.appender.buffer.byte-limit = 33554432 (custom)
2022-07-12 21:03:50,768 [Listener at 127.0.0.1/43377] INFO  server.GrpcService (ConfUtils.java:logGet(46)) - raft.grpc.flow.control.window = 5MB (=5242880) (custom)
2022-07-12 21:03:50,769 [Listener at 127.0.0.1/43377] INFO  server.RaftServerConfigKeys (ConfUtils.java:logGet(46)) - raft.server.rpc.request.timeout = 60s (custom)
2022-07-12 21:03:50,769 [Listener at 127.0.0.1/43377] INFO  grpc.GrpcConfigKeys (ConfUtils.java:logGet(46)) - raft.grpc.server.async.request.thread.pool.cached = true (default)
2022-07-12 21:03:50,769 [Listener at 127.0.0.1/43377] INFO  grpc.GrpcConfigKeys (ConfUtils.java:logGet(46)) - raft.grpc.server.async.request.thread.pool.size = 32 (default)
2022-07-12 21:03:50,770 [Listener at 127.0.0.1/43377] INFO  impl.DataStreamServerImpl (ConfUtils.java:logGet(46)) - raft.datastream.type = DISABLED (default)
2022-07-12 21:03:50,770 [Listener at 127.0.0.1/43377] INFO  server.RaftServerConfigKeys (ConfUtils.java:logGet(46)) - raft.server.threadpool.proxy.cached = true (default)
2022-07-12 21:03:50,771 [Listener at 127.0.0.1/43377] INFO  server.RaftServerConfigKeys (ConfUtils.java:logGet(46)) - raft.server.threadpool.proxy.size = 0 (default)
2022-07-12 21:03:50,771 [Listener at 127.0.0.1/43377] INFO  server.RaftServerConfigKeys (ConfUtils.java:logGet(46)) - raft.server.rpc.slowness.timeout = 300s (custom)
2022-07-12 21:03:50,771 [Listener at 127.0.0.1/43377] INFO  server.RaftServerConfigKeys (ConfUtils.java:logGet(46)) - raft.server.leaderelection.leader.step-down.wait-time = 10s (default)
2022-07-12 21:03:50,771 [Listener at 127.0.0.1/43377] INFO  server.RaftServerConfigKeys (ConfUtils.java:logGet(46)) - raft.server.storage.dir = [/home/runner/work/ozone/ozone/hadoop-ozone/integration-test/target/test-dir/MiniOzoneClusterImpl-602e3c1e-9006-4844-b6f6-7d75904803ac/datanode-3/data/ratis] (custom)
2022-07-12 21:03:50,773 [Listener at 127.0.0.1/43377] INFO  server.XceiverServerGrpc (XceiverServerGrpc.java:<init>(132)) - GrpcServer channel type EpollServerSocketChannel
2022-07-12 21:03:50,778 [Listener at 127.0.0.1/43377] INFO  http.BaseHttpServer (BaseHttpServer.java:newHttpServer2BuilderForOzone(209)) - Starting Web-server for hddsDatanode at: http://0.0.0.0:0
2022-07-12 21:03:50,778 [Listener at 127.0.0.1/43377] INFO  http.BaseHttpServer (BaseHttpServer.java:<init>(107)) - Hadoop Security Enabled: false Ozone Security Enabled: false Ozone HTTP Security Enabled: false 
2022-07-12 21:03:50,780 [Listener at 127.0.0.1/43377] INFO  server.AuthenticationFilter (AuthenticationFilter.java:constructSecretProvider(240)) - Unable to initialize FileSignerSecretProvider, falling back to use random secrets.
2022-07-12 21:03:50,780 [Listener at 127.0.0.1/43377] WARN  http.HttpRequestLog (HttpRequestLog.java:getRequestLog(103)) - Jetty request log can only be enabled using Log4j
2022-07-12 21:03:50,782 [Listener at 127.0.0.1/43377] INFO  http.HttpServer2 (HttpServer2.java:addGlobalFilter(1029)) - Added global filter 'safety' (class=org.apache.hadoop.hdds.server.http.HttpServer2$QuotingInputFilter)
2022-07-12 21:03:50,782 [Listener at 127.0.0.1/43377] INFO  http.HttpServer2 (HttpServer2.java:addFilter(1005)) - Added filter static_user_filter (class=org.apache.hadoop.http.lib.StaticUserWebFilter$StaticUserFilter) to context hddsDatanode
2022-07-12 21:03:50,783 [Listener at 127.0.0.1/43377] INFO  http.HttpServer2 (HttpServer2.java:addFilter(1013)) - Added filter static_user_filter (class=org.apache.hadoop.http.lib.StaticUserWebFilter$StaticUserFilter) to context static
2022-07-12 21:03:50,783 [Listener at 127.0.0.1/43377] INFO  http.HttpServer2 (HttpServer2.java:addFilter(1013)) - Added filter static_user_filter (class=org.apache.hadoop.http.lib.StaticUserWebFilter$StaticUserFilter) to context logs
2022-07-12 21:03:50,785 [Listener at 127.0.0.1/43377] INFO  http.HttpServer2 (HttpServer2.java:bindListener(1248)) - Jetty bound to port 45551
2022-07-12 21:03:50,785 [Listener at 127.0.0.1/43377] INFO  server.Server (Server.java:doStart(375)) - jetty-9.4.43.v20210629; built: 2021-06-30T11:07:22.254Z; git: 526006ecfa3af7f1a27ef3a288e2bef7ea9dd7e8; jvm 1.8.0_332-b09
2022-07-12 21:03:50,789 [Listener at 127.0.0.1/43377] INFO  server.session (DefaultSessionIdManager.java:doStart(334)) - DefaultSessionIdManager workerName=node0
2022-07-12 21:03:50,789 [Listener at 127.0.0.1/43377] INFO  server.session (DefaultSessionIdManager.java:doStart(339)) - No SessionScavenger set, using defaults
2022-07-12 21:03:50,790 [Listener at 127.0.0.1/43377] INFO  server.session (HouseKeeper.java:startScavenging(132)) - node0 Scavenging every 660000ms
2022-07-12 21:03:50,790 [Listener at 127.0.0.1/43377] INFO  handler.ContextHandler (ContextHandler.java:doStart(915)) - Started o.e.j.s.ServletContextHandler@32c26e28{logs,/logs,file:///home/runner/work/ozone/ozone/hadoop-ozone/integration-test/target/log,AVAILABLE}
2022-07-12 21:03:50,791 [Listener at 127.0.0.1/43377] INFO  handler.ContextHandler (ContextHandler.java:doStart(915)) - Started o.e.j.s.ServletContextHandler@4f5a0b3d{static,/static,jar:file:/home/runner/.m2/repository/org/apache/ozone/hdds-container-service/1.3.0-SNAPSHOT/hdds-container-service-1.3.0-SNAPSHOT.jar!/webapps/static,AVAILABLE}
2022-07-12 21:03:50,982 [Listener at 127.0.0.1/43377] INFO  handler.ContextHandler (ContextHandler.java:doStart(915)) - Started o.e.j.w.WebAppContext@2ba29fef{hddsDatanode,/,file:///tmp/jetty-0_0_0_0-45551-hdds-container-service-1_3_0-SNAPSHOT_jar-_-any-8761032133219730082/webapp/,AVAILABLE}{jar:file:/home/runner/.m2/repository/org/apache/ozone/hdds-container-service/1.3.0-SNAPSHOT/hdds-container-service-1.3.0-SNAPSHOT.jar!/webapps/hddsDatanode}
2022-07-12 21:03:50,984 [Listener at 127.0.0.1/43377] INFO  server.AbstractConnector (AbstractConnector.java:doStart(331)) - Started ServerConnector@4b5b2400{HTTP/1.1, (http/1.1)}{0.0.0.0:45551}
2022-07-12 21:03:50,984 [Listener at 127.0.0.1/43377] INFO  server.Server (Server.java:doStart(415)) - Started @10727ms
2022-07-12 21:03:50,984 [Listener at 127.0.0.1/43377] WARN  impl.MetricsSystemImpl (MetricsSystemImpl.java:register(279)) - Sink prometheus already exists!
2022-07-12 21:03:50,985 [Listener at 127.0.0.1/43377] INFO  http.BaseHttpServer (BaseHttpServer.java:updateConnectorAddress(329)) - HTTP server of hddsDatanode listening at http://0.0.0.0:45551
2022-07-12 21:03:50,987 [Listener at 127.0.0.1/43377] WARN  impl.MetricRegistriesImpl (MetricRegistriesImpl.java:addReporterRegistration(111)) - New reporters are added after registries were created. Some metrics will be missing from the reporter. Please add reporter before adding any new registry.
2022-07-12 21:03:50,988 [Listener at 127.0.0.1/43377] WARN  impl.MetricRegistriesImpl (MetricRegistriesImpl.java:addReporterRegistration(111)) - New reporters are added after registries were created. Some metrics will be missing from the reporter. Please add reporter before adding any new registry.
2022-07-12 21:03:50,988 [Listener at 127.0.0.1/43377] INFO  impl.MetricsSystemImpl (MetricsSystemImpl.java:init(158)) - HddsDatanode metrics system started (again)
2022-07-12 21:03:50,989 [Datanode State Machine Daemon Thread] INFO  statemachine.DatanodeStateMachine (DatanodeStateMachine.java:lambda$startDaemon$0(492)) - Ozone container server started.
2022-07-12 21:03:51,001 [org.apache.hadoop.util.JvmPauseMonitor$Monitor@358f32] INFO  util.JvmPauseMonitor (JvmPauseMonitor.java:run(188)) - Starting JVM pause monitor
2022-07-12 21:03:51,004 [Listener at 127.0.0.1/43377] INFO  ozone.HddsDatanodeService (HddsDatanodeService.java:start(236)) - HddsDatanodeService host:fv-az452-57.ku3lqr0aiaqu5kfj3xdpchcrvd.dx.internal.cloudapp.net ip:10.1.0.20
2022-07-12 21:03:51,004 [Datanode State Machine Task Thread - 0] INFO  datanode.InitDatanodeState (InitDatanodeState.java:persistContainerDatanodeDetails(138)) - DatanodeDetails is persisted to /home/runner/work/ozone/ozone/hadoop-ozone/integration-test/target/test-dir/MiniOzoneClusterImpl-602e3c1e-9006-4844-b6f6-7d75904803ac/datanode-3/meta/datanode.id
2022-07-12 21:03:51,027 [Listener at 127.0.0.1/43377] INFO  upgrade.AbstractLayoutVersionManager (AbstractLayoutVersionManager.java:init(82)) - Initializing Layout version manager with metadata layout = DATANODE_SCHEMA_V3 (version = 4), software layout = DATANODE_SCHEMA_V3 (version = 4)
2022-07-12 21:03:51,077 [Listener at 127.0.0.1/43377] INFO  reflections.Reflections (Reflections.java:scan(232)) - Reflections took 49 ms to scan 7 urls, producing 132 keys and 317 values 
2022-07-12 21:03:51,079 [Listener at 127.0.0.1/43377] INFO  statemachine.DatanodeStateMachine (DatanodeStateMachine.java:getEndPointTaskThreadPoolSize(237)) - Datanode State Machine Task Thread Pool size 2
2022-07-12 21:03:51,085 [Listener at 127.0.0.1/43377] INFO  volume.HddsVolume (HddsVolume.java:<init>(116)) - Creating HddsVolume: /home/runner/work/ozone/ozone/hadoop-ozone/integration-test/target/test-dir/MiniOzoneClusterImpl-602e3c1e-9006-4844-b6f6-7d75904803ac/datanode-4/data-0/containers/hdds of storage type : DISK capacity : 9223372036854775807
2022-07-12 21:03:51,085 [Listener at 127.0.0.1/43377] INFO  volume.MutableVolumeSet (MutableVolumeSet.java:initializeVolumeSet(174)) - Added Volume : /home/runner/work/ozone/ozone/hadoop-ozone/integration-test/target/test-dir/MiniOzoneClusterImpl-602e3c1e-9006-4844-b6f6-7d75904803ac/datanode-4/data-0/containers/hdds to VolumeSet
2022-07-12 21:03:51,085 [Listener at 127.0.0.1/43377] INFO  volume.ThrottledAsyncChecker (ThrottledAsyncChecker.java:schedule(141)) - Scheduling a check for /home/runner/work/ozone/ozone/hadoop-ozone/integration-test/target/test-dir/MiniOzoneClusterImpl-602e3c1e-9006-4844-b6f6-7d75904803ac/datanode-4/data-0/containers/hdds
2022-07-12 21:03:51,086 [Listener at 127.0.0.1/43377] INFO  volume.StorageVolumeChecker (StorageVolumeChecker.java:checkAllVolumes(202)) - Scheduled health check for volume /home/runner/work/ozone/ozone/hadoop-ozone/integration-test/target/test-dir/MiniOzoneClusterImpl-602e3c1e-9006-4844-b6f6-7d75904803ac/datanode-4/data-0/containers/hdds
2022-07-12 21:03:51,099 [Listener at 127.0.0.1/43377] INFO  volume.MutableVolumeSet (MutableVolumeSet.java:initializeVolumeSet(174)) - Added Volume : /home/runner/work/ozone/ozone/hadoop-ozone/integration-test/target/test-dir/MiniOzoneClusterImpl-602e3c1e-9006-4844-b6f6-7d75904803ac/datanode-4/data/ratis to VolumeSet
2022-07-12 21:03:51,099 [Listener at 127.0.0.1/43377] INFO  volume.ThrottledAsyncChecker (ThrottledAsyncChecker.java:schedule(141)) - Scheduling a check for /home/runner/work/ozone/ozone/hadoop-ozone/integration-test/target/test-dir/MiniOzoneClusterImpl-602e3c1e-9006-4844-b6f6-7d75904803ac/datanode-4/data/ratis
2022-07-12 21:03:51,099 [Listener at 127.0.0.1/43377] INFO  volume.StorageVolumeChecker (StorageVolumeChecker.java:checkAllVolumes(202)) - Scheduled health check for volume /home/runner/work/ozone/ozone/hadoop-ozone/integration-test/target/test-dir/MiniOzoneClusterImpl-602e3c1e-9006-4844-b6f6-7d75904803ac/datanode-4/data/ratis
2022-07-12 21:03:51,112 [Thread-188] INFO  ozoneimpl.ContainerReader (ContainerReader.java:readVolume(175)) - Finish verifying containers on volume /home/runner/work/ozone/ozone/hadoop-ozone/integration-test/target/test-dir/MiniOzoneClusterImpl-602e3c1e-9006-4844-b6f6-7d75904803ac/datanode-4/data-0/containers/hdds
2022-07-12 21:03:51,112 [Listener at 127.0.0.1/43377] INFO  ozoneimpl.OzoneContainer (OzoneContainer.java:buildContainerSet(266)) - Build ContainerSet costs 0s
2022-07-12 21:03:51,115 [Listener at 127.0.0.1/43377] INFO  server.RaftServer (ConfUtils.java:logGet(46)) - raft.rpc.type = GRPC (default)
2022-07-12 21:03:51,115 [Listener at 127.0.0.1/43377] INFO  grpc.GrpcFactory (GrpcFactory.java:checkPooledByteBufAllocatorUseCacheForAllThreads(48)) - PERFORMANCE WARNING: useCacheForAllThreads is true that may cause Netty to create a lot garbage objects and, as a result, trigger GC.
	It is recommended to disable useCacheForAllThreads by setting -Dorg.apache.ratis.thirdparty.io.netty.allocator.useCacheForAllThreads=false in command line.
2022-07-12 21:03:51,115 [Listener at 127.0.0.1/43377] INFO  grpc.GrpcConfigKeys (ConfUtils.java:logGet(46)) - raft.grpc.admin.port = 0 (custom)
2022-07-12 21:03:51,115 [Listener at 127.0.0.1/43377] INFO  grpc.GrpcConfigKeys (ConfUtils.java:logGet(46)) - raft.grpc.client.port = 0 (custom)
2022-07-12 21:03:51,115 [Listener at 127.0.0.1/43377] INFO  grpc.GrpcConfigKeys (ConfUtils.java:logGet(46)) - raft.grpc.server.port = 0 (default)
2022-07-12 21:03:51,116 [Listener at 127.0.0.1/43377] INFO  server.GrpcService (ConfUtils.java:logGet(46)) - raft.grpc.message.size.max = 32MB (=33554432) (custom)
2022-07-12 21:03:51,116 [Listener at 127.0.0.1/43377] INFO  server.RaftServerConfigKeys (ConfUtils.java:logGet(46)) - raft.server.log.appender.buffer.byte-limit = 33554432 (custom)
2022-07-12 21:03:51,116 [Listener at 127.0.0.1/43377] INFO  server.GrpcService (ConfUtils.java:logGet(46)) - raft.grpc.flow.control.window = 5MB (=5242880) (custom)
2022-07-12 21:03:51,116 [Listener at 127.0.0.1/43377] INFO  server.RaftServerConfigKeys (ConfUtils.java:logGet(46)) - raft.server.rpc.request.timeout = 60s (custom)
2022-07-12 21:03:51,116 [Listener at 127.0.0.1/43377] INFO  grpc.GrpcConfigKeys (ConfUtils.java:logGet(46)) - raft.grpc.server.async.request.thread.pool.cached = true (default)
2022-07-12 21:03:51,116 [Listener at 127.0.0.1/43377] INFO  grpc.GrpcConfigKeys (ConfUtils.java:logGet(46)) - raft.grpc.server.async.request.thread.pool.size = 32 (default)
2022-07-12 21:03:51,117 [Listener at 127.0.0.1/43377] INFO  impl.DataStreamServerImpl (ConfUtils.java:logGet(46)) - raft.datastream.type = DISABLED (default)
2022-07-12 21:03:51,118 [Listener at 127.0.0.1/43377] INFO  server.RaftServerConfigKeys (ConfUtils.java:logGet(46)) - raft.server.threadpool.proxy.cached = true (default)
2022-07-12 21:03:51,118 [Listener at 127.0.0.1/43377] INFO  server.RaftServerConfigKeys (ConfUtils.java:logGet(46)) - raft.server.threadpool.proxy.size = 0 (default)
2022-07-12 21:03:51,118 [Listener at 127.0.0.1/43377] INFO  server.RaftServerConfigKeys (ConfUtils.java:logGet(46)) - raft.server.rpc.slowness.timeout = 300s (custom)
2022-07-12 21:03:51,118 [Listener at 127.0.0.1/43377] INFO  server.RaftServerConfigKeys (ConfUtils.java:logGet(46)) - raft.server.leaderelection.leader.step-down.wait-time = 10s (default)
2022-07-12 21:03:51,118 [Listener at 127.0.0.1/43377] INFO  server.RaftServerConfigKeys (ConfUtils.java:logGet(46)) - raft.server.storage.dir = [/home/runner/work/ozone/ozone/hadoop-ozone/integration-test/target/test-dir/MiniOzoneClusterImpl-602e3c1e-9006-4844-b6f6-7d75904803ac/datanode-4/data/ratis] (custom)
2022-07-12 21:03:51,120 [Listener at 127.0.0.1/43377] INFO  server.XceiverServerGrpc (XceiverServerGrpc.java:<init>(132)) - GrpcServer channel type EpollServerSocketChannel
2022-07-12 21:03:51,128 [Listener at 127.0.0.1/43377] INFO  http.BaseHttpServer (BaseHttpServer.java:newHttpServer2BuilderForOzone(209)) - Starting Web-server for hddsDatanode at: http://0.0.0.0:0
2022-07-12 21:03:51,128 [Listener at 127.0.0.1/43377] INFO  http.BaseHttpServer (BaseHttpServer.java:<init>(107)) - Hadoop Security Enabled: false Ozone Security Enabled: false Ozone HTTP Security Enabled: false 
2022-07-12 21:03:51,130 [Listener at 127.0.0.1/43377] INFO  server.AuthenticationFilter (AuthenticationFilter.java:constructSecretProvider(240)) - Unable to initialize FileSignerSecretProvider, falling back to use random secrets.
2022-07-12 21:03:51,130 [Listener at 127.0.0.1/43377] WARN  http.HttpRequestLog (HttpRequestLog.java:getRequestLog(103)) - Jetty request log can only be enabled using Log4j
2022-07-12 21:03:51,132 [Listener at 127.0.0.1/43377] INFO  http.HttpServer2 (HttpServer2.java:addGlobalFilter(1029)) - Added global filter 'safety' (class=org.apache.hadoop.hdds.server.http.HttpServer2$QuotingInputFilter)
2022-07-12 21:03:51,132 [Listener at 127.0.0.1/43377] INFO  http.HttpServer2 (HttpServer2.java:addFilter(1005)) - Added filter static_user_filter (class=org.apache.hadoop.http.lib.StaticUserWebFilter$StaticUserFilter) to context hddsDatanode
2022-07-12 21:03:51,133 [Listener at 127.0.0.1/43377] INFO  http.HttpServer2 (HttpServer2.java:addFilter(1013)) - Added filter static_user_filter (class=org.apache.hadoop.http.lib.StaticUserWebFilter$StaticUserFilter) to context logs
2022-07-12 21:03:51,133 [Listener at 127.0.0.1/43377] INFO  http.HttpServer2 (HttpServer2.java:addFilter(1013)) - Added filter static_user_filter (class=org.apache.hadoop.http.lib.StaticUserWebFilter$StaticUserFilter) to context static
2022-07-12 21:03:51,133 [Listener at 127.0.0.1/43377] INFO  http.HttpServer2 (HttpServer2.java:bindListener(1248)) - Jetty bound to port 43723
2022-07-12 21:03:51,134 [Listener at 127.0.0.1/43377] INFO  server.Server (Server.java:doStart(375)) - jetty-9.4.43.v20210629; built: 2021-06-30T11:07:22.254Z; git: 526006ecfa3af7f1a27ef3a288e2bef7ea9dd7e8; jvm 1.8.0_332-b09
2022-07-12 21:03:51,140 [Listener at 127.0.0.1/43377] INFO  server.session (DefaultSessionIdManager.java:doStart(334)) - DefaultSessionIdManager workerName=node0
2022-07-12 21:03:51,140 [Listener at 127.0.0.1/43377] INFO  server.session (DefaultSessionIdManager.java:doStart(339)) - No SessionScavenger set, using defaults
2022-07-12 21:03:51,140 [Listener at 127.0.0.1/43377] INFO  server.session (HouseKeeper.java:startScavenging(132)) - node0 Scavenging every 660000ms
2022-07-12 21:03:51,142 [Listener at 127.0.0.1/43377] INFO  handler.ContextHandler (ContextHandler.java:doStart(915)) - Started o.e.j.s.ServletContextHandler@3a49c558{logs,/logs,file:///home/runner/work/ozone/ozone/hadoop-ozone/integration-test/target/log,AVAILABLE}
2022-07-12 21:03:51,142 [Listener at 127.0.0.1/43377] INFO  handler.ContextHandler (ContextHandler.java:doStart(915)) - Started o.e.j.s.ServletContextHandler@22c15ebc{static,/static,jar:file:/home/runner/.m2/repository/org/apache/ozone/hdds-container-service/1.3.0-SNAPSHOT/hdds-container-service-1.3.0-SNAPSHOT.jar!/webapps/static,AVAILABLE}
2022-07-12 21:03:51,340 [Listener at 127.0.0.1/43377] INFO  handler.ContextHandler (ContextHandler.java:doStart(915)) - Started o.e.j.w.WebAppContext@16f9d20c{hddsDatanode,/,file:///tmp/jetty-0_0_0_0-43723-hdds-container-service-1_3_0-SNAPSHOT_jar-_-any-8397208036183868748/webapp/,AVAILABLE}{jar:file:/home/runner/.m2/repository/org/apache/ozone/hdds-container-service/1.3.0-SNAPSHOT/hdds-container-service-1.3.0-SNAPSHOT.jar!/webapps/hddsDatanode}
2022-07-12 21:03:51,341 [Listener at 127.0.0.1/43377] INFO  server.AbstractConnector (AbstractConnector.java:doStart(331)) - Started ServerConnector@14e8f78f{HTTP/1.1, (http/1.1)}{0.0.0.0:43723}
2022-07-12 21:03:51,341 [Listener at 127.0.0.1/43377] INFO  server.Server (Server.java:doStart(415)) - Started @11085ms
2022-07-12 21:03:51,341 [Listener at 127.0.0.1/43377] WARN  impl.MetricsSystemImpl (MetricsSystemImpl.java:register(279)) - Sink prometheus already exists!
2022-07-12 21:03:51,342 [Listener at 127.0.0.1/43377] INFO  http.BaseHttpServer (BaseHttpServer.java:updateConnectorAddress(329)) - HTTP server of hddsDatanode listening at http://0.0.0.0:43723
2022-07-12 21:03:51,347 [Listener at 127.0.0.1/43377] INFO  ozone.MiniOzoneClusterImpl (MiniOzoneClusterImpl.java:lambda$waitForClusterToBeReady$0(223)) - Waiting for nodes to be ready. Got 0 of 5 DN Heartbeats.
2022-07-12 21:03:51,347 [Listener at 127.0.0.1/43377] INFO  ozone.MiniOzoneClusterImpl (MiniOzoneClusterImpl.java:lambda$waitForClusterToBeReady$0(226)) - Waiting for cluster to exit safe mode
2022-07-12 21:03:51,347 [Listener at 127.0.0.1/43377] INFO  ozone.MiniOzoneClusterImpl (MiniOzoneClusterImpl.java:lambda$waitForClusterToBeReady$0(228)) - SCM became leader
2022-07-12 21:03:51,347 [Datanode State Machine Daemon Thread] INFO  statemachine.DatanodeStateMachine (DatanodeStateMachine.java:lambda$startDaemon$0(492)) - Ozone container server started.
2022-07-12 21:03:51,363 [org.apache.hadoop.util.JvmPauseMonitor$Monitor@245988a3] INFO  util.JvmPauseMonitor (JvmPauseMonitor.java:run(188)) - Starting JVM pause monitor
2022-07-12 21:03:51,371 [Datanode State Machine Task Thread - 0] INFO  datanode.InitDatanodeState (InitDatanodeState.java:persistContainerDatanodeDetails(138)) - DatanodeDetails is persisted to /home/runner/work/ozone/ozone/hadoop-ozone/integration-test/target/test-dir/MiniOzoneClusterImpl-602e3c1e-9006-4844-b6f6-7d75904803ac/datanode-4/meta/datanode.id
2022-07-12 21:03:51,742 [EndpointStateMachine task thread for /0.0.0.0:36531 - 0 ] INFO  volume.HddsVolume (HddsVolume.java:createDbStore(309)) - SchemaV3 db is created and loaded at /home/runner/work/ozone/ozone/hadoop-ozone/integration-test/target/test-dir/MiniOzoneClusterImpl-602e3c1e-9006-4844-b6f6-7d75904803ac/datanode-0/data-0/containers/hdds/602e3c1e-9006-4844-b6f6-7d75904803ac/DS-f8f1bc1e-785a-4378-9b87-9377b1f5a4c9/container.db for volume DS-f8f1bc1e-785a-4378-9b87-9377b1f5a4c9
2022-07-12 21:03:51,748 [EndpointStateMachine task thread for /0.0.0.0:36531 - 0 ] INFO  volume.HddsVolume (HddsVolume.java:closeDbStore(340)) - SchemaV3 db is stopped at /home/runner/work/ozone/ozone/hadoop-ozone/integration-test/target/test-dir/MiniOzoneClusterImpl-602e3c1e-9006-4844-b6f6-7d75904803ac/datanode-0/data-0/containers/hdds/602e3c1e-9006-4844-b6f6-7d75904803ac/DS-f8f1bc1e-785a-4378-9b87-9377b1f5a4c9/container.db for volume DS-f8f1bc1e-785a-4378-9b87-9377b1f5a4c9
2022-07-12 21:03:51,748 [EndpointStateMachine task thread for /0.0.0.0:36531 - 0 ] INFO  ozoneimpl.OzoneContainer (OzoneContainer.java:start(344)) - Attempting to start container services.
2022-07-12 21:03:51,751 [EndpointStateMachine task thread for /0.0.0.0:36531 - 0 ] INFO  ozoneimpl.OzoneContainer (OzoneContainer.java:startContainerScrub(279)) - Background container scanner has been disabled.
2022-07-12 21:03:51,754 [EndpointStateMachine task thread for /0.0.0.0:36531 - 0 ] INFO  replication.ReplicationServer (ReplicationServer.java:start(111)) - ReplicationServer is started using port 43729
2022-07-12 21:03:51,756 [EndpointStateMachine task thread for /0.0.0.0:36531 - 0 ] INFO  ratis.XceiverServerRatis (XceiverServerRatis.java:start(481)) - Starting XceiverServerRatis b22e6e25-1e95-4e3d-b66d-658eeab2c33a
2022-07-12 21:03:51,764 [EndpointStateMachine task thread for /0.0.0.0:36531 - 0 ] INFO  server.RaftServer (RaftServerProxy.java:lambda$start$6(382)) - b22e6e25-1e95-4e3d-b66d-658eeab2c33a: start RPC server
2022-07-12 21:03:51,766 [EndpointStateMachine task thread for /0.0.0.0:36531 - 0 ] INFO  server.GrpcService (GrpcService.java:startImpl(260)) - b22e6e25-1e95-4e3d-b66d-658eeab2c33a: GrpcService started, listening on 45285
2022-07-12 21:03:51,771 [EndpointStateMachine task thread for /0.0.0.0:36531 - 0 ] INFO  ratis.XceiverServerRatis (XceiverServerRatis.java:getRealPort(502)) - XceiverServerRatis b22e6e25-1e95-4e3d-b66d-658eeab2c33a is started using port 45285 for RATIS
2022-07-12 21:03:51,771 [EndpointStateMachine task thread for /0.0.0.0:36531 - 0 ] INFO  ratis.XceiverServerRatis (XceiverServerRatis.java:getRealPort(502)) - XceiverServerRatis b22e6e25-1e95-4e3d-b66d-658eeab2c33a is started using port 45285 for RATIS_ADMIN
2022-07-12 21:03:51,771 [EndpointStateMachine task thread for /0.0.0.0:36531 - 0 ] INFO  ratis.XceiverServerRatis (XceiverServerRatis.java:getRealPort(502)) - XceiverServerRatis b22e6e25-1e95-4e3d-b66d-658eeab2c33a is started using port 45285 for RATIS_SERVER
2022-07-12 21:03:51,772 [org.apache.ratis.util.JvmPauseMonitor$$Lambda$613/1050667922@7467e588] INFO  util.JvmPauseMonitor (JvmPauseMonitor.java:run(103)) - JvmPauseMonitor-b22e6e25-1e95-4e3d-b66d-658eeab2c33a: Started
2022-07-12 21:03:51,780 [EndpointStateMachine task thread for /0.0.0.0:36531 - 0 ] INFO  server.XceiverServerGrpc (XceiverServerGrpc.java:start(180)) - XceiverServerGrpc b22e6e25-1e95-4e3d-b66d-658eeab2c33a is started using port 46647
2022-07-12 21:03:52,307 [EndpointStateMachine task thread for /0.0.0.0:36531 - 0 ] INFO  volume.HddsVolume (HddsVolume.java:createDbStore(309)) - SchemaV3 db is created and loaded at /home/runner/work/ozone/ozone/hadoop-ozone/integration-test/target/test-dir/MiniOzoneClusterImpl-602e3c1e-9006-4844-b6f6-7d75904803ac/datanode-1/data-0/containers/hdds/602e3c1e-9006-4844-b6f6-7d75904803ac/DS-91e8b4f7-b781-408d-a6c4-8b3b40aa8399/container.db for volume DS-91e8b4f7-b781-408d-a6c4-8b3b40aa8399
2022-07-12 21:03:52,308 [EndpointStateMachine task thread for /0.0.0.0:36531 - 0 ] INFO  volume.HddsVolume (HddsVolume.java:closeDbStore(340)) - SchemaV3 db is stopped at /home/runner/work/ozone/ozone/hadoop-ozone/integration-test/target/test-dir/MiniOzoneClusterImpl-602e3c1e-9006-4844-b6f6-7d75904803ac/datanode-1/data-0/containers/hdds/602e3c1e-9006-4844-b6f6-7d75904803ac/DS-91e8b4f7-b781-408d-a6c4-8b3b40aa8399/container.db for volume DS-91e8b4f7-b781-408d-a6c4-8b3b40aa8399
2022-07-12 21:03:52,308 [EndpointStateMachine task thread for /0.0.0.0:36531 - 0 ] INFO  ozoneimpl.OzoneContainer (OzoneContainer.java:start(344)) - Attempting to start container services.
2022-07-12 21:03:52,308 [EndpointStateMachine task thread for /0.0.0.0:36531 - 0 ] INFO  ozoneimpl.OzoneContainer (OzoneContainer.java:startContainerScrub(279)) - Background container scanner has been disabled.
2022-07-12 21:03:52,310 [EndpointStateMachine task thread for /0.0.0.0:36531 - 0 ] INFO  replication.ReplicationServer (ReplicationServer.java:start(111)) - ReplicationServer is started using port 44645
2022-07-12 21:03:52,311 [EndpointStateMachine task thread for /0.0.0.0:36531 - 0 ] INFO  ratis.XceiverServerRatis (XceiverServerRatis.java:start(481)) - Starting XceiverServerRatis a2583cd9-0c52-4aa7-80e6-e7269a14a582
2022-07-12 21:03:52,322 [EndpointStateMachine task thread for /0.0.0.0:36531 - 0 ] INFO  server.RaftServer (RaftServerProxy.java:lambda$start$6(382)) - a2583cd9-0c52-4aa7-80e6-e7269a14a582: start RPC server
2022-07-12 21:03:52,323 [EndpointStateMachine task thread for /0.0.0.0:36531 - 0 ] INFO  server.GrpcService (GrpcService.java:startImpl(260)) - a2583cd9-0c52-4aa7-80e6-e7269a14a582: GrpcService started, listening on 44379
2022-07-12 21:03:52,324 [EndpointStateMachine task thread for /0.0.0.0:36531 - 0 ] INFO  ratis.XceiverServerRatis (XceiverServerRatis.java:getRealPort(502)) - XceiverServerRatis a2583cd9-0c52-4aa7-80e6-e7269a14a582 is started using port 44379 for RATIS
2022-07-12 21:03:52,324 [org.apache.ratis.util.JvmPauseMonitor$$Lambda$613/1050667922@55699247] INFO  util.JvmPauseMonitor (JvmPauseMonitor.java:run(103)) - JvmPauseMonitor-a2583cd9-0c52-4aa7-80e6-e7269a14a582: Started
2022-07-12 21:03:52,324 [EndpointStateMachine task thread for /0.0.0.0:36531 - 0 ] INFO  ratis.XceiverServerRatis (XceiverServerRatis.java:getRealPort(502)) - XceiverServerRatis a2583cd9-0c52-4aa7-80e6-e7269a14a582 is started using port 44379 for RATIS_ADMIN
2022-07-12 21:03:52,324 [EndpointStateMachine task thread for /0.0.0.0:36531 - 0 ] INFO  ratis.XceiverServerRatis (XceiverServerRatis.java:getRealPort(502)) - XceiverServerRatis a2583cd9-0c52-4aa7-80e6-e7269a14a582 is started using port 44379 for RATIS_SERVER
2022-07-12 21:03:52,326 [EndpointStateMachine task thread for /0.0.0.0:36531 - 0 ] INFO  server.XceiverServerGrpc (XceiverServerGrpc.java:start(180)) - XceiverServerGrpc a2583cd9-0c52-4aa7-80e6-e7269a14a582 is started using port 37647
2022-07-12 21:03:52,347 [Listener at 127.0.0.1/43377] INFO  ozone.MiniOzoneClusterImpl (MiniOzoneClusterImpl.java:lambda$waitForClusterToBeReady$0(223)) - Waiting for nodes to be ready. Got 0 of 5 DN Heartbeats.
2022-07-12 21:03:52,347 [Listener at 127.0.0.1/43377] INFO  ozone.MiniOzoneClusterImpl (MiniOzoneClusterImpl.java:lambda$waitForClusterToBeReady$0(226)) - Waiting for cluster to exit safe mode
2022-07-12 21:03:52,347 [Listener at 127.0.0.1/43377] INFO  ozone.MiniOzoneClusterImpl (MiniOzoneClusterImpl.java:lambda$waitForClusterToBeReady$0(228)) - SCM became leader
2022-07-12 21:03:52,692 [EndpointStateMachine task thread for /0.0.0.0:36531 - 0 ] INFO  volume.HddsVolume (HddsVolume.java:createDbStore(309)) - SchemaV3 db is created and loaded at /home/runner/work/ozone/ozone/hadoop-ozone/integration-test/target/test-dir/MiniOzoneClusterImpl-602e3c1e-9006-4844-b6f6-7d75904803ac/datanode-2/data-0/containers/hdds/602e3c1e-9006-4844-b6f6-7d75904803ac/DS-0bdedff7-b401-4221-8d1a-51e5a622fd69/container.db for volume DS-0bdedff7-b401-4221-8d1a-51e5a622fd69
2022-07-12 21:03:52,695 [EndpointStateMachine task thread for /0.0.0.0:36531 - 0 ] INFO  volume.HddsVolume (HddsVolume.java:closeDbStore(340)) - SchemaV3 db is stopped at /home/runner/work/ozone/ozone/hadoop-ozone/integration-test/target/test-dir/MiniOzoneClusterImpl-602e3c1e-9006-4844-b6f6-7d75904803ac/datanode-2/data-0/containers/hdds/602e3c1e-9006-4844-b6f6-7d75904803ac/DS-0bdedff7-b401-4221-8d1a-51e5a622fd69/container.db for volume DS-0bdedff7-b401-4221-8d1a-51e5a622fd69
2022-07-12 21:03:52,695 [EndpointStateMachine task thread for /0.0.0.0:36531 - 0 ] INFO  ozoneimpl.OzoneContainer (OzoneContainer.java:start(344)) - Attempting to start container services.
2022-07-12 21:03:52,695 [EndpointStateMachine task thread for /0.0.0.0:36531 - 0 ] INFO  ozoneimpl.OzoneContainer (OzoneContainer.java:startContainerScrub(279)) - Background container scanner has been disabled.
2022-07-12 21:03:52,697 [EndpointStateMachine task thread for /0.0.0.0:36531 - 0 ] INFO  replication.ReplicationServer (ReplicationServer.java:start(111)) - ReplicationServer is started using port 35039
2022-07-12 21:03:52,698 [EndpointStateMachine task thread for /0.0.0.0:36531 - 0 ] INFO  ratis.XceiverServerRatis (XceiverServerRatis.java:start(481)) - Starting XceiverServerRatis 7b64d61e-992d-46f7-bdd8-85e232d42a6f
2022-07-12 21:03:52,720 [EndpointStateMachine task thread for /0.0.0.0:36531 - 0 ] INFO  server.RaftServer (RaftServerProxy.java:lambda$start$6(382)) - 7b64d61e-992d-46f7-bdd8-85e232d42a6f: start RPC server
2022-07-12 21:03:52,725 [EndpointStateMachine task thread for /0.0.0.0:36531 - 0 ] INFO  server.GrpcService (GrpcService.java:startImpl(260)) - 7b64d61e-992d-46f7-bdd8-85e232d42a6f: GrpcService started, listening on 38563
2022-07-12 21:03:52,725 [EndpointStateMachine task thread for /0.0.0.0:36531 - 0 ] INFO  ratis.XceiverServerRatis (XceiverServerRatis.java:getRealPort(502)) - XceiverServerRatis 7b64d61e-992d-46f7-bdd8-85e232d42a6f is started using port 38563 for RATIS
2022-07-12 21:03:52,725 [EndpointStateMachine task thread for /0.0.0.0:36531 - 0 ] INFO  ratis.XceiverServerRatis (XceiverServerRatis.java:getRealPort(502)) - XceiverServerRatis 7b64d61e-992d-46f7-bdd8-85e232d42a6f is started using port 38563 for RATIS_ADMIN
2022-07-12 21:03:52,726 [EndpointStateMachine task thread for /0.0.0.0:36531 - 0 ] INFO  ratis.XceiverServerRatis (XceiverServerRatis.java:getRealPort(502)) - XceiverServerRatis 7b64d61e-992d-46f7-bdd8-85e232d42a6f is started using port 38563 for RATIS_SERVER
2022-07-12 21:03:52,744 [org.apache.ratis.util.JvmPauseMonitor$$Lambda$613/1050667922@118dff9f] INFO  util.JvmPauseMonitor (JvmPauseMonitor.java:run(103)) - JvmPauseMonitor-7b64d61e-992d-46f7-bdd8-85e232d42a6f: Started
2022-07-12 21:03:52,753 [EndpointStateMachine task thread for /0.0.0.0:36531 - 0 ] INFO  server.XceiverServerGrpc (XceiverServerGrpc.java:start(180)) - XceiverServerGrpc 7b64d61e-992d-46f7-bdd8-85e232d42a6f is started using port 34815
2022-07-12 21:03:53,038 [EndpointStateMachine task thread for /0.0.0.0:36531 - 0 ] INFO  volume.HddsVolume (HddsVolume.java:createDbStore(309)) - SchemaV3 db is created and loaded at /home/runner/work/ozone/ozone/hadoop-ozone/integration-test/target/test-dir/MiniOzoneClusterImpl-602e3c1e-9006-4844-b6f6-7d75904803ac/datanode-3/data-0/containers/hdds/602e3c1e-9006-4844-b6f6-7d75904803ac/DS-4fd3d6a0-3142-4e43-8445-3fe23a76f9ae/container.db for volume DS-4fd3d6a0-3142-4e43-8445-3fe23a76f9ae
2022-07-12 21:03:53,042 [EndpointStateMachine task thread for /0.0.0.0:36531 - 0 ] INFO  volume.HddsVolume (HddsVolume.java:closeDbStore(340)) - SchemaV3 db is stopped at /home/runner/work/ozone/ozone/hadoop-ozone/integration-test/target/test-dir/MiniOzoneClusterImpl-602e3c1e-9006-4844-b6f6-7d75904803ac/datanode-3/data-0/containers/hdds/602e3c1e-9006-4844-b6f6-7d75904803ac/DS-4fd3d6a0-3142-4e43-8445-3fe23a76f9ae/container.db for volume DS-4fd3d6a0-3142-4e43-8445-3fe23a76f9ae
2022-07-12 21:03:53,042 [EndpointStateMachine task thread for /0.0.0.0:36531 - 0 ] INFO  ozoneimpl.OzoneContainer (OzoneContainer.java:start(344)) - Attempting to start container services.
2022-07-12 21:03:53,042 [EndpointStateMachine task thread for /0.0.0.0:36531 - 0 ] INFO  ozoneimpl.OzoneContainer (OzoneContainer.java:startContainerScrub(279)) - Background container scanner has been disabled.
2022-07-12 21:03:53,044 [EndpointStateMachine task thread for /0.0.0.0:36531 - 0 ] INFO  replication.ReplicationServer (ReplicationServer.java:start(111)) - ReplicationServer is started using port 34001
2022-07-12 21:03:53,044 [EndpointStateMachine task thread for /0.0.0.0:36531 - 0 ] INFO  ratis.XceiverServerRatis (XceiverServerRatis.java:start(481)) - Starting XceiverServerRatis b9db4bf7-af66-49a0-9c75-3548e23876bf
2022-07-12 21:03:53,045 [EndpointStateMachine task thread for /0.0.0.0:36531 - 0 ] INFO  server.RaftServer (RaftServerProxy.java:lambda$start$6(382)) - b9db4bf7-af66-49a0-9c75-3548e23876bf: start RPC server
2022-07-12 21:03:53,049 [EndpointStateMachine task thread for /0.0.0.0:36531 - 0 ] INFO  server.GrpcService (GrpcService.java:startImpl(260)) - b9db4bf7-af66-49a0-9c75-3548e23876bf: GrpcService started, listening on 39019
2022-07-12 21:03:53,050 [EndpointStateMachine task thread for /0.0.0.0:36531 - 0 ] INFO  ratis.XceiverServerRatis (XceiverServerRatis.java:getRealPort(502)) - XceiverServerRatis b9db4bf7-af66-49a0-9c75-3548e23876bf is started using port 39019 for RATIS
2022-07-12 21:03:53,050 [org.apache.ratis.util.JvmPauseMonitor$$Lambda$613/1050667922@445b5cec] INFO  util.JvmPauseMonitor (JvmPauseMonitor.java:run(103)) - JvmPauseMonitor-b9db4bf7-af66-49a0-9c75-3548e23876bf: Started
2022-07-12 21:03:53,050 [EndpointStateMachine task thread for /0.0.0.0:36531 - 0 ] INFO  ratis.XceiverServerRatis (XceiverServerRatis.java:getRealPort(502)) - XceiverServerRatis b9db4bf7-af66-49a0-9c75-3548e23876bf is started using port 39019 for RATIS_ADMIN
2022-07-12 21:03:53,051 [EndpointStateMachine task thread for /0.0.0.0:36531 - 0 ] INFO  ratis.XceiverServerRatis (XceiverServerRatis.java:getRealPort(502)) - XceiverServerRatis b9db4bf7-af66-49a0-9c75-3548e23876bf is started using port 39019 for RATIS_SERVER
2022-07-12 21:03:53,054 [EndpointStateMachine task thread for /0.0.0.0:36531 - 0 ] INFO  server.XceiverServerGrpc (XceiverServerGrpc.java:start(180)) - XceiverServerGrpc b9db4bf7-af66-49a0-9c75-3548e23876bf is started using port 34003
2022-07-12 21:03:53,348 [Listener at 127.0.0.1/43377] INFO  ozone.MiniOzoneClusterImpl (MiniOzoneClusterImpl.java:lambda$waitForClusterToBeReady$0(223)) - Waiting for nodes to be ready. Got 0 of 5 DN Heartbeats.
2022-07-12 21:03:53,348 [Listener at 127.0.0.1/43377] INFO  ozone.MiniOzoneClusterImpl (MiniOzoneClusterImpl.java:lambda$waitForClusterToBeReady$0(226)) - Waiting for cluster to exit safe mode
2022-07-12 21:03:53,348 [Listener at 127.0.0.1/43377] INFO  ozone.MiniOzoneClusterImpl (MiniOzoneClusterImpl.java:lambda$waitForClusterToBeReady$0(228)) - SCM became leader
2022-07-12 21:03:53,402 [EndpointStateMachine task thread for /0.0.0.0:36531 - 0 ] INFO  volume.HddsVolume (HddsVolume.java:createDbStore(309)) - SchemaV3 db is created and loaded at /home/runner/work/ozone/ozone/hadoop-ozone/integration-test/target/test-dir/MiniOzoneClusterImpl-602e3c1e-9006-4844-b6f6-7d75904803ac/datanode-4/data-0/containers/hdds/602e3c1e-9006-4844-b6f6-7d75904803ac/DS-35041a19-28d1-4ff8-b11b-27b380b3d92b/container.db for volume DS-35041a19-28d1-4ff8-b11b-27b380b3d92b
2022-07-12 21:03:53,403 [EndpointStateMachine task thread for /0.0.0.0:36531 - 0 ] INFO  volume.HddsVolume (HddsVolume.java:closeDbStore(340)) - SchemaV3 db is stopped at /home/runner/work/ozone/ozone/hadoop-ozone/integration-test/target/test-dir/MiniOzoneClusterImpl-602e3c1e-9006-4844-b6f6-7d75904803ac/datanode-4/data-0/containers/hdds/602e3c1e-9006-4844-b6f6-7d75904803ac/DS-35041a19-28d1-4ff8-b11b-27b380b3d92b/container.db for volume DS-35041a19-28d1-4ff8-b11b-27b380b3d92b
2022-07-12 21:03:53,403 [EndpointStateMachine task thread for /0.0.0.0:36531 - 0 ] INFO  ozoneimpl.OzoneContainer (OzoneContainer.java:start(344)) - Attempting to start container services.
2022-07-12 21:03:53,403 [EndpointStateMachine task thread for /0.0.0.0:36531 - 0 ] INFO  ozoneimpl.OzoneContainer (OzoneContainer.java:startContainerScrub(279)) - Background container scanner has been disabled.
2022-07-12 21:03:53,409 [EndpointStateMachine task thread for /0.0.0.0:36531 - 0 ] INFO  replication.ReplicationServer (ReplicationServer.java:start(111)) - ReplicationServer is started using port 39015
2022-07-12 21:03:53,409 [EndpointStateMachine task thread for /0.0.0.0:36531 - 0 ] INFO  ratis.XceiverServerRatis (XceiverServerRatis.java:start(481)) - Starting XceiverServerRatis 046fb0e2-bb03-40db-8ebc-6f41cc3991b2
2022-07-12 21:03:53,410 [EndpointStateMachine task thread for /0.0.0.0:36531 - 0 ] INFO  server.RaftServer (RaftServerProxy.java:lambda$start$6(382)) - 046fb0e2-bb03-40db-8ebc-6f41cc3991b2: start RPC server
2022-07-12 21:03:53,414 [EndpointStateMachine task thread for /0.0.0.0:36531 - 0 ] INFO  server.GrpcService (GrpcService.java:startImpl(260)) - 046fb0e2-bb03-40db-8ebc-6f41cc3991b2: GrpcService started, listening on 36213
2022-07-12 21:03:53,414 [EndpointStateMachine task thread for /0.0.0.0:36531 - 0 ] INFO  ratis.XceiverServerRatis (XceiverServerRatis.java:getRealPort(502)) - XceiverServerRatis 046fb0e2-bb03-40db-8ebc-6f41cc3991b2 is started using port 36213 for RATIS
2022-07-12 21:03:53,414 [org.apache.ratis.util.JvmPauseMonitor$$Lambda$613/1050667922@47722cd6] INFO  util.JvmPauseMonitor (JvmPauseMonitor.java:run(103)) - JvmPauseMonitor-046fb0e2-bb03-40db-8ebc-6f41cc3991b2: Started
2022-07-12 21:03:53,414 [EndpointStateMachine task thread for /0.0.0.0:36531 - 0 ] INFO  ratis.XceiverServerRatis (XceiverServerRatis.java:getRealPort(502)) - XceiverServerRatis 046fb0e2-bb03-40db-8ebc-6f41cc3991b2 is started using port 36213 for RATIS_ADMIN
2022-07-12 21:03:53,414 [EndpointStateMachine task thread for /0.0.0.0:36531 - 0 ] INFO  ratis.XceiverServerRatis (XceiverServerRatis.java:getRealPort(502)) - XceiverServerRatis 046fb0e2-bb03-40db-8ebc-6f41cc3991b2 is started using port 36213 for RATIS_SERVER
2022-07-12 21:03:53,417 [EndpointStateMachine task thread for /0.0.0.0:36531 - 0 ] INFO  server.XceiverServerGrpc (XceiverServerGrpc.java:start(180)) - XceiverServerGrpc 046fb0e2-bb03-40db-8ebc-6f41cc3991b2 is started using port 37525
2022-07-12 21:03:53,664 [IPC Server handler 18 on default port 36531] INFO  net.NetworkTopologyImpl (NetworkTopologyImpl.java:add(112)) - Added a new node: /default-rack/b22e6e25-1e95-4e3d-b66d-658eeab2c33a
2022-07-12 21:03:53,666 [IPC Server handler 18 on default port 36531] INFO  node.SCMNodeManager (SCMNodeManager.java:register(397)) - Registered Data node : b22e6e25-1e95-4e3d-b66d-658eeab2c33a{ip: 10.1.0.20, host: fv-az452-57.ku3lqr0aiaqu5kfj3xdpchcrvd.dx.internal.cloudapp.net, ports: [REPLICATION=43729, RATIS=45285, RATIS_ADMIN=45285, RATIS_SERVER=45285, STANDALONE=46647], networkLocation: /default-rack, certSerialId: null, persistedOpState: null, persistedOpStateExpiryEpochSec: 0}
2022-07-12 21:03:53,671 [EventQueue-NewNodeForNewNodeHandler] INFO  pipeline.BackgroundPipelineCreator (BackgroundPipelineCreator.java:notifyEventTriggered(275)) - trigger a one-shot run on RatisPipelineUtilsThread.
2022-07-12 21:03:53,682 [RatisPipelineUtilsThread - 0] INFO  pipeline.RatisPipelineProvider (RatisPipelineProvider.java:lambda$create$0(195)) - Sending CreatePipelineCommand for pipeline:PipelineID=8617bef0-f231-4038-8dc1-e55d4cc6ecc4 to datanode:b22e6e25-1e95-4e3d-b66d-658eeab2c33a
2022-07-12 21:03:53,683 [EventQueue-NodeRegistrationContainerReportForContainerSafeModeRule] INFO  safemode.SCMSafeModeManager (SCMSafeModeManager.java:validateSafeModeExitRules(204)) - ContainerSafeModeRule rule is successfully validated
2022-07-12 21:03:53,684 [EventQueue-NodeRegistrationContainerReportForDataNodeSafeModeRule] INFO  safemode.SCMSafeModeManager (DataNodeSafeModeRule.java:process(71)) - SCM in safe mode. 1 DataNodes registered, 3 required.
2022-07-12 21:03:53,688 [EventQueue-PipelineReportForOneReplicaPipelineSafeModeRule] INFO  safemode.SCMSafeModeManager (SCMSafeModeManager.java:validateSafeModeExitRules(204)) - AtleastOneDatanodeReportedRule rule is successfully validated
2022-07-12 21:03:53,701 [RatisPipelineUtilsThread - 0] INFO  pipeline.PipelineStateManagerImpl (PipelineStateManagerImpl.java:addPipeline(103)) - Created pipeline Pipeline[ Id: 8617bef0-f231-4038-8dc1-e55d4cc6ecc4, Nodes: b22e6e25-1e95-4e3d-b66d-658eeab2c33a{ip: 10.1.0.20, host: fv-az452-57.ku3lqr0aiaqu5kfj3xdpchcrvd.dx.internal.cloudapp.net, ports: [REPLICATION=43729, RATIS=45285, RATIS_ADMIN=45285, RATIS_SERVER=45285, STANDALONE=46647], networkLocation: /default-rack, certSerialId: null, persistedOpState: IN_SERVICE, persistedOpStateExpiryEpochSec: 0}, ReplicationConfig: RATIS/ONE, State:ALLOCATED, leaderId:, CreationTimestamp2022-07-12T21:03:53.679Z[Etc/UTC]].
2022-07-12 21:03:54,271 [IPC Server handler 17 on default port 36531] INFO  net.NetworkTopologyImpl (NetworkTopologyImpl.java:add(112)) - Added a new node: /default-rack/a2583cd9-0c52-4aa7-80e6-e7269a14a582
2022-07-12 21:03:54,271 [IPC Server handler 17 on default port 36531] INFO  node.SCMNodeManager (SCMNodeManager.java:register(397)) - Registered Data node : a2583cd9-0c52-4aa7-80e6-e7269a14a582{ip: 10.1.0.20, host: fv-az452-57.ku3lqr0aiaqu5kfj3xdpchcrvd.dx.internal.cloudapp.net, ports: [REPLICATION=44645, RATIS=44379, RATIS_ADMIN=44379, RATIS_SERVER=44379, STANDALONE=37647], networkLocation: /default-rack, certSerialId: null, persistedOpState: null, persistedOpStateExpiryEpochSec: 0}
2022-07-12 21:03:54,273 [EventQueue-NodeRegistrationContainerReportForDataNodeSafeModeRule] INFO  safemode.SCMSafeModeManager (DataNodeSafeModeRule.java:process(71)) - SCM in safe mode. 2 DataNodes registered, 3 required.
2022-07-12 21:03:54,273 [EventQueue-NewNodeForNewNodeHandler] INFO  pipeline.BackgroundPipelineCreator (BackgroundPipelineCreator.java:notifyEventTriggered(275)) - trigger a one-shot run on RatisPipelineUtilsThread.
2022-07-12 21:03:54,279 [RatisPipelineUtilsThread - 0] INFO  pipeline.RatisPipelineProvider (RatisPipelineProvider.java:lambda$create$0(195)) - Sending CreatePipelineCommand for pipeline:PipelineID=263d71f7-96db-418d-93a5-4bcd925f56bc to datanode:a2583cd9-0c52-4aa7-80e6-e7269a14a582
2022-07-12 21:03:54,281 [RatisPipelineUtilsThread - 0] INFO  pipeline.PipelineStateManagerImpl (PipelineStateManagerImpl.java:addPipeline(103)) - Created pipeline Pipeline[ Id: 263d71f7-96db-418d-93a5-4bcd925f56bc, Nodes: a2583cd9-0c52-4aa7-80e6-e7269a14a582{ip: 10.1.0.20, host: fv-az452-57.ku3lqr0aiaqu5kfj3xdpchcrvd.dx.internal.cloudapp.net, ports: [REPLICATION=44645, RATIS=44379, RATIS_ADMIN=44379, RATIS_SERVER=44379, STANDALONE=37647], networkLocation: /default-rack, certSerialId: null, persistedOpState: IN_SERVICE, persistedOpStateExpiryEpochSec: 0}, ReplicationConfig: RATIS/ONE, State:ALLOCATED, leaderId:, CreationTimestamp2022-07-12T21:03:54.279Z[Etc/UTC]].
2022-07-12 21:03:54,349 [Listener at 127.0.0.1/43377] INFO  ozone.MiniOzoneClusterImpl (MiniOzoneClusterImpl.java:lambda$waitForClusterToBeReady$0(223)) - Waiting for nodes to be ready. Got 2 of 5 DN Heartbeats.
2022-07-12 21:03:54,349 [Listener at 127.0.0.1/43377] INFO  ozone.MiniOzoneClusterImpl (MiniOzoneClusterImpl.java:lambda$waitForClusterToBeReady$0(226)) - Waiting for cluster to exit safe mode
2022-07-12 21:03:54,349 [Listener at 127.0.0.1/43377] INFO  ozone.MiniOzoneClusterImpl (MiniOzoneClusterImpl.java:lambda$waitForClusterToBeReady$0(228)) - SCM became leader
2022-07-12 21:03:54,654 [IPC Server handler 18 on default port 36531] INFO  net.NetworkTopologyImpl (NetworkTopologyImpl.java:add(112)) - Added a new node: /default-rack/7b64d61e-992d-46f7-bdd8-85e232d42a6f
2022-07-12 21:03:54,654 [IPC Server handler 18 on default port 36531] INFO  node.SCMNodeManager (SCMNodeManager.java:register(397)) - Registered Data node : 7b64d61e-992d-46f7-bdd8-85e232d42a6f{ip: 10.1.0.20, host: fv-az452-57.ku3lqr0aiaqu5kfj3xdpchcrvd.dx.internal.cloudapp.net, ports: [REPLICATION=35039, RATIS=38563, RATIS_ADMIN=38563, RATIS_SERVER=38563, STANDALONE=34815], networkLocation: /default-rack, certSerialId: null, persistedOpState: null, persistedOpStateExpiryEpochSec: 0}
2022-07-12 21:03:54,655 [EventQueue-NewNodeForNewNodeHandler] INFO  pipeline.BackgroundPipelineCreator (BackgroundPipelineCreator.java:notifyEventTriggered(275)) - trigger a one-shot run on RatisPipelineUtilsThread.
2022-07-12 21:03:54,656 [RatisPipelineUtilsThread - 0] INFO  pipeline.RatisPipelineProvider (RatisPipelineProvider.java:lambda$create$0(195)) - Sending CreatePipelineCommand for pipeline:PipelineID=71172f23-2537-4663-b3bc-99562771dec1 to datanode:7b64d61e-992d-46f7-bdd8-85e232d42a6f
2022-07-12 21:03:54,656 [EventQueue-NodeRegistrationContainerReportForDataNodeSafeModeRule] INFO  safemode.SCMSafeModeManager (DataNodeSafeModeRule.java:process(71)) - SCM in safe mode. 3 DataNodes registered, 3 required.
2022-07-12 21:03:54,657 [EventQueue-NodeRegistrationContainerReportForDataNodeSafeModeRule] INFO  safemode.SCMSafeModeManager (SCMSafeModeManager.java:validateSafeModeExitRules(204)) - DataNodeSafeModeRule rule is successfully validated
2022-07-12 21:03:54,657 [EventQueue-NodeRegistrationContainerReportForDataNodeSafeModeRule] INFO  safemode.SCMSafeModeManager (SCMSafeModeManager.java:completePreCheck(233)) - All SCM safe mode pre check rules have passed
2022-07-12 21:03:54,657 [EventQueue-NodeRegistrationContainerReportForDataNodeSafeModeRule] WARN  events.EventQueue (EventQueue.java:fireEvent(216)) - No event handler registered for event TypedEvent{payloadType=SafeModeStatus, name='Safe mode status'}
2022-07-12 21:03:54,657 [EventQueue-NodeRegistrationContainerReportForDataNodeSafeModeRule] INFO  ha.SCMContext (SCMContext.java:updateSafeModeStatus(228)) - Update SafeModeStatus from SafeModeStatus{safeModeStatus=true, preCheckPassed=false} to SafeModeStatus{safeModeStatus=true, preCheckPassed=true}.
2022-07-12 21:03:54,657 [EventQueue-NodeRegistrationContainerReportForDataNodeSafeModeRule] INFO  pipeline.BackgroundPipelineCreator (BackgroundPipelineCreator.java:notifyEventTriggered(275)) - trigger a one-shot run on RatisPipelineUtilsThread.
2022-07-12 21:03:54,657 [RatisPipelineUtilsThread - 0] INFO  pipeline.PipelineStateManagerImpl (PipelineStateManagerImpl.java:addPipeline(103)) - Created pipeline Pipeline[ Id: 71172f23-2537-4663-b3bc-99562771dec1, Nodes: 7b64d61e-992d-46f7-bdd8-85e232d42a6f{ip: 10.1.0.20, host: fv-az452-57.ku3lqr0aiaqu5kfj3xdpchcrvd.dx.internal.cloudapp.net, ports: [REPLICATION=35039, RATIS=38563, RATIS_ADMIN=38563, RATIS_SERVER=38563, STANDALONE=34815], networkLocation: /default-rack, certSerialId: null, persistedOpState: IN_SERVICE, persistedOpStateExpiryEpochSec: 0}, ReplicationConfig: RATIS/ONE, State:ALLOCATED, leaderId:, CreationTimestamp2022-07-12T21:03:54.655Z[Etc/UTC]].
2022-07-12 21:03:54,661 [RatisPipelineUtilsThread - 0] INFO  pipeline.RatisPipelineProvider (RatisPipelineProvider.java:lambda$create$0(195)) - Sending CreatePipelineCommand for pipeline:PipelineID=2b415d15-d4fd-4c8d-b5b8-bac479ca027a to datanode:b22e6e25-1e95-4e3d-b66d-658eeab2c33a
2022-07-12 21:03:54,661 [RatisPipelineUtilsThread - 0] INFO  pipeline.RatisPipelineProvider (RatisPipelineProvider.java:lambda$create$0(195)) - Sending CreatePipelineCommand for pipeline:PipelineID=2b415d15-d4fd-4c8d-b5b8-bac479ca027a to datanode:7b64d61e-992d-46f7-bdd8-85e232d42a6f
2022-07-12 21:03:54,662 [RatisPipelineUtilsThread - 0] INFO  pipeline.RatisPipelineProvider (RatisPipelineProvider.java:lambda$create$0(195)) - Sending CreatePipelineCommand for pipeline:PipelineID=2b415d15-d4fd-4c8d-b5b8-bac479ca027a to datanode:a2583cd9-0c52-4aa7-80e6-e7269a14a582
2022-07-12 21:03:54,662 [RatisPipelineUtilsThread - 0] INFO  pipeline.PipelineStateManagerImpl (PipelineStateManagerImpl.java:addPipeline(103)) - Created pipeline Pipeline[ Id: 2b415d15-d4fd-4c8d-b5b8-bac479ca027a, Nodes: b22e6e25-1e95-4e3d-b66d-658eeab2c33a{ip: 10.1.0.20, host: fv-az452-57.ku3lqr0aiaqu5kfj3xdpchcrvd.dx.internal.cloudapp.net, ports: [REPLICATION=43729, RATIS=45285, RATIS_ADMIN=45285, RATIS_SERVER=45285, STANDALONE=46647], networkLocation: /default-rack, certSerialId: null, persistedOpState: IN_SERVICE, persistedOpStateExpiryEpochSec: 0}7b64d61e-992d-46f7-bdd8-85e232d42a6f{ip: 10.1.0.20, host: fv-az452-57.ku3lqr0aiaqu5kfj3xdpchcrvd.dx.internal.cloudapp.net, ports: [REPLICATION=35039, RATIS=38563, RATIS_ADMIN=38563, RATIS_SERVER=38563, STANDALONE=34815], networkLocation: /default-rack, certSerialId: null, persistedOpState: IN_SERVICE, persistedOpStateExpiryEpochSec: 0}a2583cd9-0c52-4aa7-80e6-e7269a14a582{ip: 10.1.0.20, host: fv-az452-57.ku3lqr0aiaqu5kfj3xdpchcrvd.dx.internal.cloudapp.net, ports: [REPLICATION=44645, RATIS=44379, RATIS_ADMIN=44379, RATIS_SERVER=44379, STANDALONE=37647], networkLocation: /default-rack, certSerialId: null, persistedOpState: IN_SERVICE, persistedOpStateExpiryEpochSec: 0}, ReplicationConfig: RATIS/THREE, State:ALLOCATED, leaderId:, CreationTimestamp2022-07-12T21:03:54.661Z[Etc/UTC]].
2022-07-12 21:03:54,664 [RatisPipelineUtilsThread - 0] INFO  pipeline.RatisPipelineProvider (RatisPipelineProvider.java:lambda$create$0(195)) - Sending CreatePipelineCommand for pipeline:PipelineID=f2734cb1-6025-430b-a5e4-a388cc0a60bb to datanode:a2583cd9-0c52-4aa7-80e6-e7269a14a582
2022-07-12 21:03:54,664 [RatisPipelineUtilsThread - 0] INFO  pipeline.RatisPipelineProvider (RatisPipelineProvider.java:lambda$create$0(195)) - Sending CreatePipelineCommand for pipeline:PipelineID=f2734cb1-6025-430b-a5e4-a388cc0a60bb to datanode:7b64d61e-992d-46f7-bdd8-85e232d42a6f
2022-07-12 21:03:54,664 [RatisPipelineUtilsThread - 0] INFO  pipeline.RatisPipelineProvider (RatisPipelineProvider.java:lambda$create$0(195)) - Sending CreatePipelineCommand for pipeline:PipelineID=f2734cb1-6025-430b-a5e4-a388cc0a60bb to datanode:b22e6e25-1e95-4e3d-b66d-658eeab2c33a
2022-07-12 21:03:54,665 [RatisPipelineUtilsThread - 0] INFO  pipeline.PipelineStateManagerImpl (PipelineStateManagerImpl.java:addPipeline(103)) - Created pipeline Pipeline[ Id: f2734cb1-6025-430b-a5e4-a388cc0a60bb, Nodes: a2583cd9-0c52-4aa7-80e6-e7269a14a582{ip: 10.1.0.20, host: fv-az452-57.ku3lqr0aiaqu5kfj3xdpchcrvd.dx.internal.cloudapp.net, ports: [REPLICATION=44645, RATIS=44379, RATIS_ADMIN=44379, RATIS_SERVER=44379, STANDALONE=37647], networkLocation: /default-rack, certSerialId: null, persistedOpState: IN_SERVICE, persistedOpStateExpiryEpochSec: 0}7b64d61e-992d-46f7-bdd8-85e232d42a6f{ip: 10.1.0.20, host: fv-az452-57.ku3lqr0aiaqu5kfj3xdpchcrvd.dx.internal.cloudapp.net, ports: [REPLICATION=35039, RATIS=38563, RATIS_ADMIN=38563, RATIS_SERVER=38563, STANDALONE=34815], networkLocation: /default-rack, certSerialId: null, persistedOpState: IN_SERVICE, persistedOpStateExpiryEpochSec: 0}b22e6e25-1e95-4e3d-b66d-658eeab2c33a{ip: 10.1.0.20, host: fv-az452-57.ku3lqr0aiaqu5kfj3xdpchcrvd.dx.internal.cloudapp.net, ports: [REPLICATION=43729, RATIS=45285, RATIS_ADMIN=45285, RATIS_SERVER=45285, STANDALONE=46647], networkLocation: /default-rack, certSerialId: null, persistedOpState: IN_SERVICE, persistedOpStateExpiryEpochSec: 0}, ReplicationConfig: RATIS/THREE, State:ALLOCATED, leaderId:, CreationTimestamp2022-07-12T21:03:54.664Z[Etc/UTC]].
2022-07-12 21:03:54,665 [RatisPipelineUtilsThread - 0] INFO  pipeline.PipelineManagerImpl (PipelineManagerImpl.java:recordMetricsForPipeline(782)) - Pipeline: PipelineID=f2734cb1-6025-430b-a5e4-a388cc0a60bb contains same datanodes as previous pipelines: PipelineID=2b415d15-d4fd-4c8d-b5b8-bac479ca027a nodeIds: a2583cd9-0c52-4aa7-80e6-e7269a14a582, 7b64d61e-992d-46f7-bdd8-85e232d42a6f, b22e6e25-1e95-4e3d-b66d-658eeab2c33a
2022-07-12 21:03:55,003 [IPC Server handler 9 on default port 36531] INFO  net.NetworkTopologyImpl (NetworkTopologyImpl.java:add(112)) - Added a new node: /default-rack/b9db4bf7-af66-49a0-9c75-3548e23876bf
2022-07-12 21:03:55,004 [IPC Server handler 9 on default port 36531] INFO  node.SCMNodeManager (SCMNodeManager.java:register(397)) - Registered Data node : b9db4bf7-af66-49a0-9c75-3548e23876bf{ip: 10.1.0.20, host: fv-az452-57.ku3lqr0aiaqu5kfj3xdpchcrvd.dx.internal.cloudapp.net, ports: [REPLICATION=34001, RATIS=39019, RATIS_ADMIN=39019, RATIS_SERVER=39019, STANDALONE=34003], networkLocation: /default-rack, certSerialId: null, persistedOpState: null, persistedOpStateExpiryEpochSec: 0}
2022-07-12 21:03:55,005 [EventQueue-NewNodeForNewNodeHandler] INFO  pipeline.BackgroundPipelineCreator (BackgroundPipelineCreator.java:notifyEventTriggered(275)) - trigger a one-shot run on RatisPipelineUtilsThread.
2022-07-12 21:03:55,005 [RatisPipelineUtilsThread - 0] INFO  pipeline.RatisPipelineProvider (RatisPipelineProvider.java:lambda$create$0(195)) - Sending CreatePipelineCommand for pipeline:PipelineID=16ebc10a-ecb3-42f2-869c-d121e209fd50 to datanode:b9db4bf7-af66-49a0-9c75-3548e23876bf
2022-07-12 21:03:55,006 [RatisPipelineUtilsThread - 0] INFO  pipeline.PipelineStateManagerImpl (PipelineStateManagerImpl.java:addPipeline(103)) - Created pipeline Pipeline[ Id: 16ebc10a-ecb3-42f2-869c-d121e209fd50, Nodes: b9db4bf7-af66-49a0-9c75-3548e23876bf{ip: 10.1.0.20, host: fv-az452-57.ku3lqr0aiaqu5kfj3xdpchcrvd.dx.internal.cloudapp.net, ports: [REPLICATION=34001, RATIS=39019, RATIS_ADMIN=39019, RATIS_SERVER=39019, STANDALONE=34003], networkLocation: /default-rack, certSerialId: null, persistedOpState: IN_SERVICE, persistedOpStateExpiryEpochSec: 0}, ReplicationConfig: RATIS/ONE, State:ALLOCATED, leaderId:, CreationTimestamp2022-07-12T21:03:55.005Z[Etc/UTC]].
2022-07-12 21:03:55,350 [Listener at 127.0.0.1/43377] INFO  ozone.MiniOzoneClusterImpl (MiniOzoneClusterImpl.java:lambda$waitForClusterToBeReady$0(223)) - Waiting for nodes to be ready. Got 4 of 5 DN Heartbeats.
2022-07-12 21:03:55,350 [Listener at 127.0.0.1/43377] INFO  ozone.MiniOzoneClusterImpl (MiniOzoneClusterImpl.java:lambda$waitForClusterToBeReady$0(226)) - Waiting for cluster to exit safe mode
2022-07-12 21:03:55,350 [Listener at 127.0.0.1/43377] INFO  ozone.MiniOzoneClusterImpl (MiniOzoneClusterImpl.java:lambda$waitForClusterToBeReady$0(228)) - SCM became leader
2022-07-12 21:03:55,367 [IPC Server handler 18 on default port 36531] INFO  net.NetworkTopologyImpl (NetworkTopologyImpl.java:add(112)) - Added a new node: /default-rack/046fb0e2-bb03-40db-8ebc-6f41cc3991b2
2022-07-12 21:03:55,368 [IPC Server handler 18 on default port 36531] INFO  node.SCMNodeManager (SCMNodeManager.java:register(397)) - Registered Data node : 046fb0e2-bb03-40db-8ebc-6f41cc3991b2{ip: 10.1.0.20, host: fv-az452-57.ku3lqr0aiaqu5kfj3xdpchcrvd.dx.internal.cloudapp.net, ports: [REPLICATION=39015, RATIS=36213, RATIS_ADMIN=36213, RATIS_SERVER=36213, STANDALONE=37525], networkLocation: /default-rack, certSerialId: null, persistedOpState: null, persistedOpStateExpiryEpochSec: 0}
2022-07-12 21:03:55,368 [EventQueue-NewNodeForNewNodeHandler] INFO  pipeline.BackgroundPipelineCreator (BackgroundPipelineCreator.java:notifyEventTriggered(275)) - trigger a one-shot run on RatisPipelineUtilsThread.
2022-07-12 21:03:55,368 [RatisPipelineUtilsThread - 0] INFO  pipeline.RatisPipelineProvider (RatisPipelineProvider.java:lambda$create$0(195)) - Sending CreatePipelineCommand for pipeline:PipelineID=5661279e-d990-4f9f-bf18-8244c7f57b47 to datanode:046fb0e2-bb03-40db-8ebc-6f41cc3991b2
2022-07-12 21:03:55,369 [RatisPipelineUtilsThread - 0] INFO  pipeline.PipelineStateManagerImpl (PipelineStateManagerImpl.java:addPipeline(103)) - Created pipeline Pipeline[ Id: 5661279e-d990-4f9f-bf18-8244c7f57b47, Nodes: 046fb0e2-bb03-40db-8ebc-6f41cc3991b2{ip: 10.1.0.20, host: fv-az452-57.ku3lqr0aiaqu5kfj3xdpchcrvd.dx.internal.cloudapp.net, ports: [REPLICATION=39015, RATIS=36213, RATIS_ADMIN=36213, RATIS_SERVER=36213, STANDALONE=37525], networkLocation: /default-rack, certSerialId: null, persistedOpState: IN_SERVICE, persistedOpStateExpiryEpochSec: 0}, ReplicationConfig: RATIS/ONE, State:ALLOCATED, leaderId:, CreationTimestamp2022-07-12T21:03:55.368Z[Etc/UTC]].
2022-07-12 21:03:56,351 [Listener at 127.0.0.1/43377] INFO  ozone.MiniOzoneClusterImpl (MiniOzoneClusterImpl.java:lambda$waitForClusterToBeReady$0(223)) - Nodes are ready. Got 5 of 5 DN Heartbeats.
2022-07-12 21:03:56,351 [Listener at 127.0.0.1/43377] INFO  ozone.MiniOzoneClusterImpl (MiniOzoneClusterImpl.java:lambda$waitForClusterToBeReady$0(226)) - Waiting for cluster to exit safe mode
2022-07-12 21:03:56,351 [Listener at 127.0.0.1/43377] INFO  ozone.MiniOzoneClusterImpl (MiniOzoneClusterImpl.java:lambda$waitForClusterToBeReady$0(228)) - SCM became leader
2022-07-12 21:03:56,666 [Command processor thread] INFO  server.RaftServer (RaftServerProxy.java:addNew(96)) - b22e6e25-1e95-4e3d-b66d-658eeab2c33a: addNew group-E55D4CC6ECC4:[b22e6e25-1e95-4e3d-b66d-658eeab2c33a|rpc:10.1.0.20:45285|priority:1] returns group-E55D4CC6ECC4:java.util.concurrent.CompletableFuture@407cbbd[Not completed]
2022-07-12 21:03:56,680 [pool-73-thread-1] INFO  server.RaftServer$Division (RaftServerImpl.java:<init>(190)) - b22e6e25-1e95-4e3d-b66d-658eeab2c33a: new RaftServerImpl for group-E55D4CC6ECC4:[b22e6e25-1e95-4e3d-b66d-658eeab2c33a|rpc:10.1.0.20:45285|priority:1] with ContainerStateMachine:uninitialized
2022-07-12 21:03:56,681 [pool-73-thread-1] INFO  server.RaftServerConfigKeys (ConfUtils.java:logGet(46)) - raft.server.rpc.timeout.min = 5s (custom)
2022-07-12 21:03:56,681 [pool-73-thread-1] INFO  server.RaftServerConfigKeys (ConfUtils.java:logGet(46)) - raft.server.rpc.timeout.max = 5200ms (custom)
2022-07-12 21:03:56,681 [pool-73-thread-1] INFO  server.RaftServerConfigKeys (ConfUtils.java:logGet(46)) - raft.server.rpc.sleep.time = 25ms (default)
2022-07-12 21:03:56,681 [pool-73-thread-1] INFO  server.RaftServerConfigKeys (ConfUtils.java:logGet(46)) - raft.server.rpc.slowness.timeout = 300s (custom)
2022-07-12 21:03:56,681 [pool-73-thread-1] INFO  server.RaftServerConfigKeys (ConfUtils.java:logGet(46)) - raft.server.leaderelection.leader.step-down.wait-time = 10s (default)
2022-07-12 21:03:56,681 [pool-73-thread-1] INFO  server.RaftServerConfigKeys (ConfUtils.java:logGet(46)) - raft.server.sleep.deviation.threshold = 300ms (default)
2022-07-12 21:03:56,681 [pool-73-thread-1] INFO  server.RaftServer$Division (ServerState.java:<init>(107)) - b22e6e25-1e95-4e3d-b66d-658eeab2c33a@group-E55D4CC6ECC4: ConfigurationManager, init=-1: [b22e6e25-1e95-4e3d-b66d-658eeab2c33a|rpc:10.1.0.20:45285|priority:1], old=null, confs=<EMPTY_MAP>
2022-07-12 21:03:56,681 [pool-73-thread-1] INFO  server.RaftServerConfigKeys (ConfUtils.java:logGet(46)) - raft.server.storage.dir = [/home/runner/work/ozone/ozone/hadoop-ozone/integration-test/target/test-dir/MiniOzoneClusterImpl-602e3c1e-9006-4844-b6f6-7d75904803ac/datanode-0/data/ratis] (custom)
2022-07-12 21:03:56,681 [pool-73-thread-1] INFO  server.RaftServerConfigKeys (ConfUtils.java:logGet(46)) - raft.server.log.corruption.policy = EXCEPTION (default)
2022-07-12 21:03:56,681 [pool-73-thread-1] INFO  server.RaftServerConfigKeys (ConfUtils.java:logGet(46)) - raft.server.storage.free-space.min = 0MB (=0) (default)
2022-07-12 21:03:56,681 [pool-73-thread-1] INFO  storage.RaftStorageDirectory (RaftStorageDirectoryImpl.java:analyzeStorage(135)) - The storage directory /home/runner/work/ozone/ozone/hadoop-ozone/integration-test/target/test-dir/MiniOzoneClusterImpl-602e3c1e-9006-4844-b6f6-7d75904803ac/datanode-0/data/ratis/8617bef0-f231-4038-8dc1-e55d4cc6ecc4 does not exist. Creating ...
2022-07-12 21:03:56,684 [pool-73-thread-1] INFO  storage.RaftStorageDirectory (RaftStorageDirectoryImpl.java:tryLock(230)) - Lock on /home/runner/work/ozone/ozone/hadoop-ozone/integration-test/target/test-dir/MiniOzoneClusterImpl-602e3c1e-9006-4844-b6f6-7d75904803ac/datanode-0/data/ratis/8617bef0-f231-4038-8dc1-e55d4cc6ecc4/in_use.lock acquired by nodename 31611@fv-az452-57
2022-07-12 21:03:56,685 [pool-73-thread-1] INFO  storage.RaftStorage (RaftStorageImpl.java:format(89)) - Storage directory /home/runner/work/ozone/ozone/hadoop-ozone/integration-test/target/test-dir/MiniOzoneClusterImpl-602e3c1e-9006-4844-b6f6-7d75904803ac/datanode-0/data/ratis/8617bef0-f231-4038-8dc1-e55d4cc6ecc4 has been successfully formatted.
2022-07-12 21:03:56,690 [pool-73-thread-1] INFO  ratis.ContainerStateMachine (ContainerStateMachine.java:loadSnapshot(236)) - group-E55D4CC6ECC4: The snapshot info is null. Setting the last applied indexto:(t:0, i:~)
2022-07-12 21:03:56,691 [pool-73-thread-1] INFO  server.RaftServerConfigKeys (ConfUtils.java:logGet(46)) - raft.server.notification.no-leader.timeout = 300s (custom)
2022-07-12 21:03:56,691 [pool-73-thread-1] INFO  server.RaftServerConfigKeys (ConfUtils.java:logGet(46)) - raft.server.log.use.memory = false (default)
2022-07-12 21:03:56,691 [pool-73-thread-1] INFO  server.RaftServerConfigKeys (ConfUtils.java:logGet(46)) - raft.server.log.purge.gap = 1000000 (custom)
2022-07-12 21:03:56,691 [pool-73-thread-1] INFO  server.RaftServerConfigKeys (ConfUtils.java:logGet(46)) - raft.server.log.appender.buffer.byte-limit = 33554432 (custom)
2022-07-12 21:03:56,691 [pool-73-thread-1] INFO  server.RaftServerConfigKeys (ConfUtils.java:logGet(46)) - raft.server.log.statemachine.data.read.timeout = 1000ms (default)
2022-07-12 21:03:56,691 [pool-73-thread-1] INFO  server.RaftServerConfigKeys (ConfUtils.java:logGet(46)) - raft.server.log.segment.size.max = 1048576 (custom)
2022-07-12 21:03:56,692 [pool-73-thread-1] INFO  server.RaftServerConfigKeys (ConfUtils.java:logGet(46)) - raft.server.log.segment.cache.num.max = 2 (custom)
2022-07-12 21:03:56,692 [pool-73-thread-1] INFO  server.RaftServerConfigKeys (ConfUtils.java:logGet(46)) - raft.server.log.segment.cache.size.max = 200MB (=209715200) (default)
2022-07-12 21:03:56,692 [pool-73-thread-1] INFO  segmented.SegmentedRaftLogWorker (SegmentedRaftLogWorker.java:<init>(187)) - new b22e6e25-1e95-4e3d-b66d-658eeab2c33a@group-E55D4CC6ECC4-SegmentedRaftLogWorker for RaftStorageImpl:Storage Directory /home/runner/work/ozone/ozone/hadoop-ozone/integration-test/target/test-dir/MiniOzoneClusterImpl-602e3c1e-9006-4844-b6f6-7d75904803ac/datanode-0/data/ratis/8617bef0-f231-4038-8dc1-e55d4cc6ecc4
2022-07-12 21:03:56,693 [pool-73-thread-1] INFO  server.RaftServerConfigKeys (ConfUtils.java:logGet(46)) - raft.server.log.queue.byte-limit = 4294967296 (custom)
2022-07-12 21:03:56,693 [pool-73-thread-1] INFO  server.RaftServerConfigKeys (ConfUtils.java:logGet(46)) - raft.server.log.queue.element-limit = 1024 (custom)
2022-07-12 21:03:56,693 [pool-73-thread-1] INFO  server.RaftServerConfigKeys (ConfUtils.java:logGet(46)) - raft.server.log.segment.size.max = 1048576 (custom)
2022-07-12 21:03:56,693 [pool-73-thread-1] INFO  server.RaftServerConfigKeys (ConfUtils.java:logGet(46)) - raft.server.log.preallocated.size = 16384 (custom)
2022-07-12 21:03:56,693 [pool-73-thread-1] INFO  server.RaftServerConfigKeys (ConfUtils.java:logGet(46)) - raft.server.log.force.sync.num = 128 (default)
2022-07-12 21:03:56,693 [pool-73-thread-1] INFO  server.RaftServerConfigKeys (ConfUtils.java:logGet(46)) - raft.server.log.statemachine.data.sync = true (default)
2022-07-12 21:03:56,693 [pool-73-thread-1] INFO  server.RaftServerConfigKeys (ConfUtils.java:logGet(46)) - raft.server.log.statemachine.data.sync.timeout = 10s (default)
2022-07-12 21:03:56,693 [pool-73-thread-1] INFO  server.RaftServerConfigKeys (ConfUtils.java:logGet(46)) - raft.server.log.statemachine.data.sync.timeout.retry = -1 (default)
2022-07-12 21:03:56,695 [pool-73-thread-1] INFO  server.RaftServerConfigKeys (ConfUtils.java:logGet(46)) - raft.server.log.write.buffer.size = 1048576 (custom)
2022-07-12 21:03:56,695 [pool-73-thread-1] INFO  server.RaftServerConfigKeys (ConfUtils.java:logGet(46)) - raft.server.log.unsafe-flush.enabled = false (default)
2022-07-12 21:03:56,695 [pool-73-thread-1] INFO  server.RaftServerConfigKeys (ConfUtils.java:logGet(46)) - raft.server.log.statemachine.data.caching.enabled = true (custom)
2022-07-12 21:03:56,695 [pool-73-thread-1] INFO  segmented.SegmentedRaftLogWorker (SegmentedRaftLogWorker.java:lambda$new$0(135)) - b22e6e25-1e95-4e3d-b66d-658eeab2c33a@group-E55D4CC6ECC4-SegmentedRaftLogWorker: flushIndex: setUnconditionally 0 -> -1
2022-07-12 21:03:56,695 [pool-73-thread-1] INFO  segmented.SegmentedRaftLogWorker (SegmentedRaftLogWorker.java:lambda$new$0(135)) - b22e6e25-1e95-4e3d-b66d-658eeab2c33a@group-E55D4CC6ECC4-SegmentedRaftLogWorker: safeCacheEvictIndex: setUnconditionally 0 -> -1
2022-07-12 21:03:56,700 [pool-73-thread-1] INFO  server.RaftServerConfigKeys (ConfUtils.java:logGet(46)) - raft.server.snapshot.auto.trigger.enabled = true (custom)
2022-07-12 21:03:56,701 [pool-73-thread-1] INFO  server.RaftServerConfigKeys (ConfUtils.java:logGet(46)) - raft.server.snapshot.auto.trigger.threshold = 10000 (custom)
2022-07-12 21:03:56,701 [pool-73-thread-1] INFO  server.RaftServerConfigKeys (ConfUtils.java:logGet(46)) - raft.server.snapshot.retention.file.num = 5 (custom)
2022-07-12 21:03:56,701 [pool-73-thread-1] INFO  server.RaftServerConfigKeys (ConfUtils.java:logGet(46)) - raft.server.log.purge.upto.snapshot.index = false (default)
2022-07-12 21:03:56,701 [pool-73-thread-1] INFO  server.RaftServerConfigKeys (ConfUtils.java:logGet(46)) - raft.server.retrycache.expirytime = 600000ms (custom)
2022-07-12 21:03:56,701 [pool-73-thread-1] INFO  server.RaftServerConfigKeys (ConfUtils.java:logGet(46)) - raft.server.retrycache.statistics.expirytime = 100μs (default)
2022-07-12 21:03:56,703 [pool-73-thread-1] INFO  server.RaftServerConfigKeys (ConfUtils.java:logGet(46)) - raft.server.log.appender.install.snapshot.enabled = false (custom)
2022-07-12 21:03:56,704 [pool-73-thread-1] INFO  server.RaftServerConfigKeys (ConfUtils.java:logGet(46)) - raft.server.threadpool.server.cached = true (default)
2022-07-12 21:03:56,704 [pool-73-thread-1] INFO  server.RaftServerConfigKeys (ConfUtils.java:logGet(46)) - raft.server.threadpool.server.size = 0 (default)
2022-07-12 21:03:56,704 [pool-73-thread-1] INFO  server.RaftServerConfigKeys (ConfUtils.java:logGet(46)) - raft.server.threadpool.client.cached = true (default)
2022-07-12 21:03:56,704 [pool-73-thread-1] INFO  server.RaftServerConfigKeys (ConfUtils.java:logGet(46)) - raft.server.threadpool.client.size = 0 (default)
2022-07-12 21:03:56,704 [pool-73-thread-1] INFO  server.RaftServer$Division (RaftServerImpl.java:start(310)) - b22e6e25-1e95-4e3d-b66d-658eeab2c33a@group-E55D4CC6ECC4: start as a follower, conf=-1: [b22e6e25-1e95-4e3d-b66d-658eeab2c33a|rpc:10.1.0.20:45285|priority:1], old=null
2022-07-12 21:03:56,704 [pool-73-thread-1] INFO  server.RaftServer$Division (RaftServerImpl.java:setRole(299)) - b22e6e25-1e95-4e3d-b66d-658eeab2c33a@group-E55D4CC6ECC4: changes role from      null to FOLLOWER at term 0 for startAsFollower
2022-07-12 21:03:56,704 [pool-73-thread-1] INFO  impl.RoleInfo (RoleInfo.java:updateAndGet(139)) - b22e6e25-1e95-4e3d-b66d-658eeab2c33a: start b22e6e25-1e95-4e3d-b66d-658eeab2c33a@group-E55D4CC6ECC4-FollowerState
2022-07-12 21:03:56,710 [pool-73-thread-1] INFO  util.JmxRegister (JmxRegister.java:tryRegister(44)) - Successfully registered JMX Bean with object name Ratis:service=RaftServer,group=group-E55D4CC6ECC4,id=b22e6e25-1e95-4e3d-b66d-658eeab2c33a
2022-07-12 21:03:56,722 [Command processor thread] INFO  ratis.XceiverServerRatis (XceiverServerRatis.java:addGroup(765)) - Created group PipelineID=8617bef0-f231-4038-8dc1-e55d4cc6ecc4
2022-07-12 21:03:56,723 [Command processor thread] INFO  commandhandler.CreatePipelineCommandHandler (CreatePipelineCommandHandler.java:handle(113)) - Created Pipeline RATIS ONE PipelineID=8617bef0-f231-4038-8dc1-e55d4cc6ecc4.
2022-07-12 21:03:56,723 [Command processor thread] INFO  server.RaftServer (RaftServerProxy.java:addNew(96)) - b22e6e25-1e95-4e3d-b66d-658eeab2c33a: addNew group-BAC479CA027A:[7b64d61e-992d-46f7-bdd8-85e232d42a6f|rpc:10.1.0.20:38563|priority:1, a2583cd9-0c52-4aa7-80e6-e7269a14a582|rpc:10.1.0.20:44379|priority:0, b22e6e25-1e95-4e3d-b66d-658eeab2c33a|rpc:10.1.0.20:45285|priority:0] returns group-BAC479CA027A:java.util.concurrent.CompletableFuture@352cb4d7[Not completed]
2022-07-12 21:03:56,726 [EventQueue-PipelineReportForPipelineReportHandler] INFO  pipeline.PipelineManagerImpl (PipelineManagerImpl.java:openPipeline(359)) - Pipeline Pipeline[ Id: 8617bef0-f231-4038-8dc1-e55d4cc6ecc4, Nodes: b22e6e25-1e95-4e3d-b66d-658eeab2c33a{ip: 10.1.0.20, host: fv-az452-57.ku3lqr0aiaqu5kfj3xdpchcrvd.dx.internal.cloudapp.net, ports: [REPLICATION=43729, RATIS=45285, RATIS_ADMIN=45285, RATIS_SERVER=45285, STANDALONE=46647], networkLocation: /default-rack, certSerialId: null, persistedOpState: IN_SERVICE, persistedOpStateExpiryEpochSec: 0}, ReplicationConfig: RATIS/ONE, State:ALLOCATED, leaderId:b22e6e25-1e95-4e3d-b66d-658eeab2c33a, CreationTimestamp2022-07-12T21:03:53.679Z[Etc/UTC]] moved to OPEN state
2022-07-12 21:03:56,728 [pool-73-thread-1] INFO  server.RaftServer$Division (RaftServerImpl.java:<init>(190)) - b22e6e25-1e95-4e3d-b66d-658eeab2c33a: new RaftServerImpl for group-BAC479CA027A:[7b64d61e-992d-46f7-bdd8-85e232d42a6f|rpc:10.1.0.20:38563|priority:1, a2583cd9-0c52-4aa7-80e6-e7269a14a582|rpc:10.1.0.20:44379|priority:0, b22e6e25-1e95-4e3d-b66d-658eeab2c33a|rpc:10.1.0.20:45285|priority:0] with ContainerStateMachine:uninitialized
2022-07-12 21:03:56,728 [pool-73-thread-1] INFO  server.RaftServerConfigKeys (ConfUtils.java:logGet(46)) - raft.server.rpc.timeout.min = 5s (custom)
2022-07-12 21:03:56,728 [pool-73-thread-1] INFO  server.RaftServerConfigKeys (ConfUtils.java:logGet(46)) - raft.server.rpc.timeout.max = 5200ms (custom)
2022-07-12 21:03:56,729 [pool-73-thread-1] INFO  server.RaftServerConfigKeys (ConfUtils.java:logGet(46)) - raft.server.rpc.sleep.time = 25ms (default)
2022-07-12 21:03:56,729 [pool-73-thread-1] INFO  server.RaftServerConfigKeys (ConfUtils.java:logGet(46)) - raft.server.rpc.slowness.timeout = 300s (custom)
2022-07-12 21:03:56,729 [pool-73-thread-1] INFO  server.RaftServerConfigKeys (ConfUtils.java:logGet(46)) - raft.server.leaderelection.leader.step-down.wait-time = 10s (default)
2022-07-12 21:03:56,729 [pool-73-thread-1] INFO  server.RaftServerConfigKeys (ConfUtils.java:logGet(46)) - raft.server.sleep.deviation.threshold = 300ms (default)
2022-07-12 21:03:56,729 [pool-73-thread-1] INFO  server.RaftServer$Division (ServerState.java:<init>(107)) - b22e6e25-1e95-4e3d-b66d-658eeab2c33a@group-BAC479CA027A: ConfigurationManager, init=-1: [7b64d61e-992d-46f7-bdd8-85e232d42a6f|rpc:10.1.0.20:38563|priority:1, a2583cd9-0c52-4aa7-80e6-e7269a14a582|rpc:10.1.0.20:44379|priority:0, b22e6e25-1e95-4e3d-b66d-658eeab2c33a|rpc:10.1.0.20:45285|priority:0], old=null, confs=<EMPTY_MAP>
2022-07-12 21:03:56,729 [pool-73-thread-1] INFO  server.RaftServerConfigKeys (ConfUtils.java:logGet(46)) - raft.server.storage.dir = [/home/runner/work/ozone/ozone/hadoop-ozone/integration-test/target/test-dir/MiniOzoneClusterImpl-602e3c1e-9006-4844-b6f6-7d75904803ac/datanode-0/data/ratis] (custom)
2022-07-12 21:03:56,729 [pool-73-thread-1] INFO  server.RaftServerConfigKeys (ConfUtils.java:logGet(46)) - raft.server.log.corruption.policy = EXCEPTION (default)
2022-07-12 21:03:56,729 [pool-73-thread-1] INFO  server.RaftServerConfigKeys (ConfUtils.java:logGet(46)) - raft.server.storage.free-space.min = 0MB (=0) (default)
2022-07-12 21:03:56,729 [pool-73-thread-1] INFO  storage.RaftStorageDirectory (RaftStorageDirectoryImpl.java:analyzeStorage(135)) - The storage directory /home/runner/work/ozone/ozone/hadoop-ozone/integration-test/target/test-dir/MiniOzoneClusterImpl-602e3c1e-9006-4844-b6f6-7d75904803ac/datanode-0/data/ratis/2b415d15-d4fd-4c8d-b5b8-bac479ca027a does not exist. Creating ...
2022-07-12 21:03:56,730 [EventQueue-OpenPipelineForHealthyPipelineSafeModeRule] INFO  safemode.SCMSafeModeManager (HealthyPipelineSafeModeRule.java:process(124)) - SCM in safe mode. Healthy pipelines reported count is 0, required healthy pipeline reported count is 1
2022-07-12 21:03:56,731 [pool-73-thread-1] INFO  storage.RaftStorageDirectory (RaftStorageDirectoryImpl.java:tryLock(230)) - Lock on /home/runner/work/ozone/ozone/hadoop-ozone/integration-test/target/test-dir/MiniOzoneClusterImpl-602e3c1e-9006-4844-b6f6-7d75904803ac/datanode-0/data/ratis/2b415d15-d4fd-4c8d-b5b8-bac479ca027a/in_use.lock acquired by nodename 31611@fv-az452-57
2022-07-12 21:03:56,733 [pool-73-thread-1] INFO  storage.RaftStorage (RaftStorageImpl.java:format(89)) - Storage directory /home/runner/work/ozone/ozone/hadoop-ozone/integration-test/target/test-dir/MiniOzoneClusterImpl-602e3c1e-9006-4844-b6f6-7d75904803ac/datanode-0/data/ratis/2b415d15-d4fd-4c8d-b5b8-bac479ca027a has been successfully formatted.
2022-07-12 21:03:56,737 [pool-73-thread-1] INFO  ratis.ContainerStateMachine (ContainerStateMachine.java:loadSnapshot(236)) - group-BAC479CA027A: The snapshot info is null. Setting the last applied indexto:(t:0, i:~)
2022-07-12 21:03:56,737 [pool-73-thread-1] INFO  server.RaftServerConfigKeys (ConfUtils.java:logGet(46)) - raft.server.notification.no-leader.timeout = 300s (custom)
2022-07-12 21:03:56,737 [pool-73-thread-1] INFO  server.RaftServerConfigKeys (ConfUtils.java:logGet(46)) - raft.server.log.use.memory = false (default)
2022-07-12 21:03:56,737 [pool-73-thread-1] INFO  server.RaftServerConfigKeys (ConfUtils.java:logGet(46)) - raft.server.log.purge.gap = 1000000 (custom)
2022-07-12 21:03:56,737 [pool-73-thread-1] INFO  server.RaftServerConfigKeys (ConfUtils.java:logGet(46)) - raft.server.log.appender.buffer.byte-limit = 33554432 (custom)
2022-07-12 21:03:56,737 [pool-73-thread-1] INFO  server.RaftServerConfigKeys (ConfUtils.java:logGet(46)) - raft.server.log.statemachine.data.read.timeout = 1000ms (default)
2022-07-12 21:03:56,738 [pool-73-thread-1] INFO  server.RaftServerConfigKeys (ConfUtils.java:logGet(46)) - raft.server.log.segment.size.max = 1048576 (custom)
2022-07-12 21:03:56,738 [pool-73-thread-1] INFO  server.RaftServerConfigKeys (ConfUtils.java:logGet(46)) - raft.server.log.segment.cache.num.max = 2 (custom)
2022-07-12 21:03:56,739 [pool-73-thread-1] INFO  server.RaftServerConfigKeys (ConfUtils.java:logGet(46)) - raft.server.log.segment.cache.size.max = 200MB (=209715200) (default)
2022-07-12 21:03:56,739 [pool-73-thread-1] INFO  segmented.SegmentedRaftLogWorker (SegmentedRaftLogWorker.java:<init>(187)) - new b22e6e25-1e95-4e3d-b66d-658eeab2c33a@group-BAC479CA027A-SegmentedRaftLogWorker for RaftStorageImpl:Storage Directory /home/runner/work/ozone/ozone/hadoop-ozone/integration-test/target/test-dir/MiniOzoneClusterImpl-602e3c1e-9006-4844-b6f6-7d75904803ac/datanode-0/data/ratis/2b415d15-d4fd-4c8d-b5b8-bac479ca027a
2022-07-12 21:03:56,739 [pool-73-thread-1] INFO  server.RaftServerConfigKeys (ConfUtils.java:logGet(46)) - raft.server.log.queue.byte-limit = 4294967296 (custom)
2022-07-12 21:03:56,739 [pool-73-thread-1] INFO  server.RaftServerConfigKeys (ConfUtils.java:logGet(46)) - raft.server.log.queue.element-limit = 1024 (custom)
2022-07-12 21:03:56,739 [pool-73-thread-1] INFO  server.RaftServerConfigKeys (ConfUtils.java:logGet(46)) - raft.server.log.segment.size.max = 1048576 (custom)
2022-07-12 21:03:56,739 [pool-73-thread-1] INFO  server.RaftServerConfigKeys (ConfUtils.java:logGet(46)) - raft.server.log.preallocated.size = 16384 (custom)
2022-07-12 21:03:56,739 [pool-73-thread-1] INFO  server.RaftServerConfigKeys (ConfUtils.java:logGet(46)) - raft.server.log.force.sync.num = 128 (default)
2022-07-12 21:03:56,739 [pool-73-thread-1] INFO  server.RaftServerConfigKeys (ConfUtils.java:logGet(46)) - raft.server.log.statemachine.data.sync = true (default)
2022-07-12 21:03:56,739 [pool-73-thread-1] INFO  server.RaftServerConfigKeys (ConfUtils.java:logGet(46)) - raft.server.log.statemachine.data.sync.timeout = 10s (default)
2022-07-12 21:03:56,739 [pool-73-thread-1] INFO  server.RaftServerConfigKeys (ConfUtils.java:logGet(46)) - raft.server.log.statemachine.data.sync.timeout.retry = -1 (default)
2022-07-12 21:03:56,741 [pool-73-thread-1] INFO  server.RaftServerConfigKeys (ConfUtils.java:logGet(46)) - raft.server.log.write.buffer.size = 1048576 (custom)
2022-07-12 21:03:56,741 [pool-73-thread-1] INFO  server.RaftServerConfigKeys (ConfUtils.java:logGet(46)) - raft.server.log.unsafe-flush.enabled = false (default)
2022-07-12 21:03:56,741 [pool-73-thread-1] INFO  server.RaftServerConfigKeys (ConfUtils.java:logGet(46)) - raft.server.log.statemachine.data.caching.enabled = true (custom)
2022-07-12 21:03:56,741 [pool-73-thread-1] INFO  segmented.SegmentedRaftLogWorker (SegmentedRaftLogWorker.java:lambda$new$0(135)) - b22e6e25-1e95-4e3d-b66d-658eeab2c33a@group-BAC479CA027A-SegmentedRaftLogWorker: flushIndex: setUnconditionally 0 -> -1
2022-07-12 21:03:56,741 [pool-73-thread-1] INFO  segmented.SegmentedRaftLogWorker (SegmentedRaftLogWorker.java:lambda$new$0(135)) - b22e6e25-1e95-4e3d-b66d-658eeab2c33a@group-BAC479CA027A-SegmentedRaftLogWorker: safeCacheEvictIndex: setUnconditionally 0 -> -1
2022-07-12 21:03:56,742 [EventQueue-OpenPipelineForHealthyPipelineSafeModeRule] INFO  safemode.SCMSafeModeManager (HealthyPipelineSafeModeRule.java:process(124)) - SCM in safe mode. Healthy pipelines reported count is 0, required healthy pipeline reported count is 1
2022-07-12 21:03:56,742 [pool-73-thread-1] INFO  server.RaftServerConfigKeys (ConfUtils.java:logGet(46)) - raft.server.snapshot.auto.trigger.enabled = true (custom)
2022-07-12 21:03:56,742 [pool-73-thread-1] INFO  server.RaftServerConfigKeys (ConfUtils.java:logGet(46)) - raft.server.snapshot.auto.trigger.threshold = 10000 (custom)
2022-07-12 21:03:56,742 [pool-73-thread-1] INFO  server.RaftServerConfigKeys (ConfUtils.java:logGet(46)) - raft.server.snapshot.retention.file.num = 5 (custom)
2022-07-12 21:03:56,742 [pool-73-thread-1] INFO  server.RaftServerConfigKeys (ConfUtils.java:logGet(46)) - raft.server.log.purge.upto.snapshot.index = false (default)
2022-07-12 21:03:56,742 [pool-73-thread-1] INFO  server.RaftServerConfigKeys (ConfUtils.java:logGet(46)) - raft.server.retrycache.expirytime = 600000ms (custom)
2022-07-12 21:03:56,742 [pool-73-thread-1] INFO  server.RaftServerConfigKeys (ConfUtils.java:logGet(46)) - raft.server.retrycache.statistics.expirytime = 100μs (default)
2022-07-12 21:03:56,744 [pool-73-thread-1] INFO  server.RaftServerConfigKeys (ConfUtils.java:logGet(46)) - raft.server.log.appender.install.snapshot.enabled = false (custom)
2022-07-12 21:03:56,744 [pool-73-thread-1] INFO  server.RaftServerConfigKeys (ConfUtils.java:logGet(46)) - raft.server.threadpool.server.cached = true (default)
2022-07-12 21:03:56,744 [pool-73-thread-1] INFO  server.RaftServerConfigKeys (ConfUtils.java:logGet(46)) - raft.server.threadpool.server.size = 0 (default)
2022-07-12 21:03:56,744 [pool-73-thread-1] INFO  server.RaftServerConfigKeys (ConfUtils.java:logGet(46)) - raft.server.threadpool.client.cached = true (default)
2022-07-12 21:03:56,744 [pool-73-thread-1] INFO  server.RaftServerConfigKeys (ConfUtils.java:logGet(46)) - raft.server.threadpool.client.size = 0 (default)
2022-07-12 21:03:56,744 [pool-73-thread-1] INFO  server.RaftServer$Division (RaftServerImpl.java:start(310)) - b22e6e25-1e95-4e3d-b66d-658eeab2c33a@group-BAC479CA027A: start as a follower, conf=-1: [7b64d61e-992d-46f7-bdd8-85e232d42a6f|rpc:10.1.0.20:38563|priority:1, a2583cd9-0c52-4aa7-80e6-e7269a14a582|rpc:10.1.0.20:44379|priority:0, b22e6e25-1e95-4e3d-b66d-658eeab2c33a|rpc:10.1.0.20:45285|priority:0], old=null
2022-07-12 21:03:56,745 [pool-73-thread-1] INFO  server.RaftServer$Division (RaftServerImpl.java:setRole(299)) - b22e6e25-1e95-4e3d-b66d-658eeab2c33a@group-BAC479CA027A: changes role from      null to FOLLOWER at term 0 for startAsFollower
2022-07-12 21:03:56,745 [pool-73-thread-1] INFO  impl.RoleInfo (RoleInfo.java:updateAndGet(139)) - b22e6e25-1e95-4e3d-b66d-658eeab2c33a: start b22e6e25-1e95-4e3d-b66d-658eeab2c33a@group-BAC479CA027A-FollowerState
2022-07-12 21:03:56,747 [pool-73-thread-1] INFO  util.JmxRegister (JmxRegister.java:tryRegister(44)) - Successfully registered JMX Bean with object name Ratis:service=RaftServer,group=group-BAC479CA027A,id=b22e6e25-1e95-4e3d-b66d-658eeab2c33a
2022-07-12 21:03:56,755 [Command processor thread] INFO  ratis.XceiverServerRatis (XceiverServerRatis.java:addGroup(765)) - Created group PipelineID=2b415d15-d4fd-4c8d-b5b8-bac479ca027a
2022-07-12 21:03:57,269 [Command processor thread] INFO  server.RaftServer (RaftServerProxy.java:addNew(96)) - a2583cd9-0c52-4aa7-80e6-e7269a14a582: addNew group-4BCD925F56BC:[a2583cd9-0c52-4aa7-80e6-e7269a14a582|rpc:10.1.0.20:44379|priority:1] returns group-4BCD925F56BC:java.util.concurrent.CompletableFuture@52901f70[Not completed]
2022-07-12 21:03:57,275 [pool-96-thread-1] INFO  server.RaftServer$Division (RaftServerImpl.java:<init>(190)) - a2583cd9-0c52-4aa7-80e6-e7269a14a582: new RaftServerImpl for group-4BCD925F56BC:[a2583cd9-0c52-4aa7-80e6-e7269a14a582|rpc:10.1.0.20:44379|priority:1] with ContainerStateMachine:uninitialized
2022-07-12 21:03:57,275 [pool-96-thread-1] INFO  server.RaftServerConfigKeys (ConfUtils.java:logGet(46)) - raft.server.rpc.timeout.min = 5s (custom)
2022-07-12 21:03:57,275 [pool-96-thread-1] INFO  server.RaftServerConfigKeys (ConfUtils.java:logGet(46)) - raft.server.rpc.timeout.max = 5200ms (custom)
2022-07-12 21:03:57,275 [pool-96-thread-1] INFO  server.RaftServerConfigKeys (ConfUtils.java:logGet(46)) - raft.server.rpc.sleep.time = 25ms (default)
2022-07-12 21:03:57,275 [pool-96-thread-1] INFO  server.RaftServerConfigKeys (ConfUtils.java:logGet(46)) - raft.server.rpc.slowness.timeout = 300s (custom)
2022-07-12 21:03:57,275 [pool-96-thread-1] INFO  server.RaftServerConfigKeys (ConfUtils.java:logGet(46)) - raft.server.leaderelection.leader.step-down.wait-time = 10s (default)
2022-07-12 21:03:57,275 [pool-96-thread-1] INFO  server.RaftServerConfigKeys (ConfUtils.java:logGet(46)) - raft.server.sleep.deviation.threshold = 300ms (default)
2022-07-12 21:03:57,275 [pool-96-thread-1] INFO  server.RaftServer$Division (ServerState.java:<init>(107)) - a2583cd9-0c52-4aa7-80e6-e7269a14a582@group-4BCD925F56BC: ConfigurationManager, init=-1: [a2583cd9-0c52-4aa7-80e6-e7269a14a582|rpc:10.1.0.20:44379|priority:1], old=null, confs=<EMPTY_MAP>
2022-07-12 21:03:57,276 [pool-96-thread-1] INFO  server.RaftServerConfigKeys (ConfUtils.java:logGet(46)) - raft.server.storage.dir = [/home/runner/work/ozone/ozone/hadoop-ozone/integration-test/target/test-dir/MiniOzoneClusterImpl-602e3c1e-9006-4844-b6f6-7d75904803ac/datanode-1/data/ratis] (custom)
2022-07-12 21:03:57,276 [pool-96-thread-1] INFO  server.RaftServerConfigKeys (ConfUtils.java:logGet(46)) - raft.server.log.corruption.policy = EXCEPTION (default)
2022-07-12 21:03:57,278 [pool-96-thread-1] INFO  server.RaftServerConfigKeys (ConfUtils.java:logGet(46)) - raft.server.storage.free-space.min = 0MB (=0) (default)
2022-07-12 21:03:57,279 [pool-96-thread-1] INFO  storage.RaftStorageDirectory (RaftStorageDirectoryImpl.java:analyzeStorage(135)) - The storage directory /home/runner/work/ozone/ozone/hadoop-ozone/integration-test/target/test-dir/MiniOzoneClusterImpl-602e3c1e-9006-4844-b6f6-7d75904803ac/datanode-1/data/ratis/263d71f7-96db-418d-93a5-4bcd925f56bc does not exist. Creating ...
2022-07-12 21:03:57,284 [pool-96-thread-1] INFO  storage.RaftStorageDirectory (RaftStorageDirectoryImpl.java:tryLock(230)) - Lock on /home/runner/work/ozone/ozone/hadoop-ozone/integration-test/target/test-dir/MiniOzoneClusterImpl-602e3c1e-9006-4844-b6f6-7d75904803ac/datanode-1/data/ratis/263d71f7-96db-418d-93a5-4bcd925f56bc/in_use.lock acquired by nodename 31611@fv-az452-57
2022-07-12 21:03:57,288 [pool-96-thread-1] INFO  storage.RaftStorage (RaftStorageImpl.java:format(89)) - Storage directory /home/runner/work/ozone/ozone/hadoop-ozone/integration-test/target/test-dir/MiniOzoneClusterImpl-602e3c1e-9006-4844-b6f6-7d75904803ac/datanode-1/data/ratis/263d71f7-96db-418d-93a5-4bcd925f56bc has been successfully formatted.
2022-07-12 21:03:57,294 [EventQueue-PipelineReportForPipelineReportHandler] INFO  pipeline.PipelineManagerImpl (PipelineManagerImpl.java:openPipeline(359)) - Pipeline Pipeline[ Id: 263d71f7-96db-418d-93a5-4bcd925f56bc, Nodes: a2583cd9-0c52-4aa7-80e6-e7269a14a582{ip: 10.1.0.20, host: fv-az452-57.ku3lqr0aiaqu5kfj3xdpchcrvd.dx.internal.cloudapp.net, ports: [REPLICATION=44645, RATIS=44379, RATIS_ADMIN=44379, RATIS_SERVER=44379, STANDALONE=37647], networkLocation: /default-rack, certSerialId: null, persistedOpState: IN_SERVICE, persistedOpStateExpiryEpochSec: 0}, ReplicationConfig: RATIS/ONE, State:ALLOCATED, leaderId:a2583cd9-0c52-4aa7-80e6-e7269a14a582, CreationTimestamp2022-07-12T21:03:54.279Z[Etc/UTC]] moved to OPEN state
2022-07-12 21:03:57,294 [EventQueue-OpenPipelineForHealthyPipelineSafeModeRule] INFO  safemode.SCMSafeModeManager (HealthyPipelineSafeModeRule.java:process(124)) - SCM in safe mode. Healthy pipelines reported count is 0, required healthy pipeline reported count is 1
2022-07-12 21:03:57,297 [pool-96-thread-1] INFO  ratis.ContainerStateMachine (ContainerStateMachine.java:loadSnapshot(236)) - group-4BCD925F56BC: The snapshot info is null. Setting the last applied indexto:(t:0, i:~)
2022-07-12 21:03:57,298 [pool-96-thread-1] INFO  server.RaftServerConfigKeys (ConfUtils.java:logGet(46)) - raft.server.notification.no-leader.timeout = 300s (custom)
2022-07-12 21:03:57,298 [pool-96-thread-1] INFO  server.RaftServerConfigKeys (ConfUtils.java:logGet(46)) - raft.server.log.use.memory = false (default)
2022-07-12 21:03:57,299 [pool-96-thread-1] INFO  server.RaftServerConfigKeys (ConfUtils.java:logGet(46)) - raft.server.log.purge.gap = 1000000 (custom)
2022-07-12 21:03:57,299 [pool-96-thread-1] INFO  server.RaftServerConfigKeys (ConfUtils.java:logGet(46)) - raft.server.log.appender.buffer.byte-limit = 33554432 (custom)
2022-07-12 21:03:57,299 [pool-96-thread-1] INFO  server.RaftServerConfigKeys (ConfUtils.java:logGet(46)) - raft.server.log.statemachine.data.read.timeout = 1000ms (default)
2022-07-12 21:03:57,299 [pool-96-thread-1] INFO  server.RaftServerConfigKeys (ConfUtils.java:logGet(46)) - raft.server.log.segment.size.max = 1048576 (custom)
2022-07-12 21:03:57,305 [pool-96-thread-1] INFO  server.RaftServerConfigKeys (ConfUtils.java:logGet(46)) - raft.server.log.segment.cache.num.max = 2 (custom)
2022-07-12 21:03:57,305 [pool-96-thread-1] INFO  server.RaftServerConfigKeys (ConfUtils.java:logGet(46)) - raft.server.log.segment.cache.size.max = 200MB (=209715200) (default)
2022-07-12 21:03:57,305 [pool-96-thread-1] INFO  segmented.SegmentedRaftLogWorker (SegmentedRaftLogWorker.java:<init>(187)) - new a2583cd9-0c52-4aa7-80e6-e7269a14a582@group-4BCD925F56BC-SegmentedRaftLogWorker for RaftStorageImpl:Storage Directory /home/runner/work/ozone/ozone/hadoop-ozone/integration-test/target/test-dir/MiniOzoneClusterImpl-602e3c1e-9006-4844-b6f6-7d75904803ac/datanode-1/data/ratis/263d71f7-96db-418d-93a5-4bcd925f56bc
2022-07-12 21:03:57,305 [pool-96-thread-1] INFO  server.RaftServerConfigKeys (ConfUtils.java:logGet(46)) - raft.server.log.queue.byte-limit = 4294967296 (custom)
2022-07-12 21:03:57,305 [pool-96-thread-1] INFO  server.RaftServerConfigKeys (ConfUtils.java:logGet(46)) - raft.server.log.queue.element-limit = 1024 (custom)
2022-07-12 21:03:57,305 [pool-96-thread-1] INFO  server.RaftServerConfigKeys (ConfUtils.java:logGet(46)) - raft.server.log.segment.size.max = 1048576 (custom)
2022-07-12 21:03:57,305 [pool-96-thread-1] INFO  server.RaftServerConfigKeys (ConfUtils.java:logGet(46)) - raft.server.log.preallocated.size = 16384 (custom)
2022-07-12 21:03:57,305 [pool-96-thread-1] INFO  server.RaftServerConfigKeys (ConfUtils.java:logGet(46)) - raft.server.log.force.sync.num = 128 (default)
2022-07-12 21:03:57,305 [pool-96-thread-1] INFO  server.RaftServerConfigKeys (ConfUtils.java:logGet(46)) - raft.server.log.statemachine.data.sync = true (default)
2022-07-12 21:03:57,305 [pool-96-thread-1] INFO  server.RaftServerConfigKeys (ConfUtils.java:logGet(46)) - raft.server.log.statemachine.data.sync.timeout = 10s (default)
2022-07-12 21:03:57,305 [pool-96-thread-1] INFO  server.RaftServerConfigKeys (ConfUtils.java:logGet(46)) - raft.server.log.statemachine.data.sync.timeout.retry = -1 (default)
2022-07-12 21:03:57,307 [pool-96-thread-1] INFO  server.RaftServerConfigKeys (ConfUtils.java:logGet(46)) - raft.server.log.write.buffer.size = 1048576 (custom)
2022-07-12 21:03:57,308 [pool-96-thread-1] INFO  server.RaftServerConfigKeys (ConfUtils.java:logGet(46)) - raft.server.log.unsafe-flush.enabled = false (default)
2022-07-12 21:03:57,308 [pool-96-thread-1] INFO  server.RaftServerConfigKeys (ConfUtils.java:logGet(46)) - raft.server.log.statemachine.data.caching.enabled = true (custom)
2022-07-12 21:03:57,308 [pool-96-thread-1] INFO  segmented.SegmentedRaftLogWorker (SegmentedRaftLogWorker.java:lambda$new$0(135)) - a2583cd9-0c52-4aa7-80e6-e7269a14a582@group-4BCD925F56BC-SegmentedRaftLogWorker: flushIndex: setUnconditionally 0 -> -1
2022-07-12 21:03:57,308 [pool-96-thread-1] INFO  segmented.SegmentedRaftLogWorker (SegmentedRaftLogWorker.java:lambda$new$0(135)) - a2583cd9-0c52-4aa7-80e6-e7269a14a582@group-4BCD925F56BC-SegmentedRaftLogWorker: safeCacheEvictIndex: setUnconditionally 0 -> -1
2022-07-12 21:03:57,312 [pool-96-thread-1] INFO  server.RaftServerConfigKeys (ConfUtils.java:logGet(46)) - raft.server.snapshot.auto.trigger.enabled = true (custom)
2022-07-12 21:03:57,312 [pool-96-thread-1] INFO  server.RaftServerConfigKeys (ConfUtils.java:logGet(46)) - raft.server.snapshot.auto.trigger.threshold = 10000 (custom)
2022-07-12 21:03:57,312 [pool-96-thread-1] INFO  server.RaftServerConfigKeys (ConfUtils.java:logGet(46)) - raft.server.snapshot.retention.file.num = 5 (custom)
2022-07-12 21:03:57,312 [pool-96-thread-1] INFO  server.RaftServerConfigKeys (ConfUtils.java:logGet(46)) - raft.server.log.purge.upto.snapshot.index = false (default)
2022-07-12 21:03:57,312 [pool-96-thread-1] INFO  server.RaftServerConfigKeys (ConfUtils.java:logGet(46)) - raft.server.retrycache.expirytime = 600000ms (custom)
2022-07-12 21:03:57,312 [pool-96-thread-1] INFO  server.RaftServerConfigKeys (ConfUtils.java:logGet(46)) - raft.server.retrycache.statistics.expirytime = 100μs (default)
2022-07-12 21:03:57,314 [pool-96-thread-1] INFO  server.RaftServerConfigKeys (ConfUtils.java:logGet(46)) - raft.server.log.appender.install.snapshot.enabled = false (custom)
2022-07-12 21:03:57,314 [pool-96-thread-1] INFO  server.RaftServerConfigKeys (ConfUtils.java:logGet(46)) - raft.server.threadpool.server.cached = true (default)
2022-07-12 21:03:57,314 [pool-96-thread-1] INFO  server.RaftServerConfigKeys (ConfUtils.java:logGet(46)) - raft.server.threadpool.server.size = 0 (default)
2022-07-12 21:03:57,314 [pool-96-thread-1] INFO  server.RaftServerConfigKeys (ConfUtils.java:logGet(46)) - raft.server.threadpool.client.cached = true (default)
2022-07-12 21:03:57,314 [pool-96-thread-1] INFO  server.RaftServerConfigKeys (ConfUtils.java:logGet(46)) - raft.server.threadpool.client.size = 0 (default)
2022-07-12 21:03:57,314 [pool-96-thread-1] INFO  server.RaftServer$Division (RaftServerImpl.java:start(310)) - a2583cd9-0c52-4aa7-80e6-e7269a14a582@group-4BCD925F56BC: start as a follower, conf=-1: [a2583cd9-0c52-4aa7-80e6-e7269a14a582|rpc:10.1.0.20:44379|priority:1], old=null
2022-07-12 21:03:57,314 [pool-96-thread-1] INFO  server.RaftServer$Division (RaftServerImpl.java:setRole(299)) - a2583cd9-0c52-4aa7-80e6-e7269a14a582@group-4BCD925F56BC: changes role from      null to FOLLOWER at term 0 for startAsFollower
2022-07-12 21:03:57,314 [pool-96-thread-1] INFO  impl.RoleInfo (RoleInfo.java:updateAndGet(139)) - a2583cd9-0c52-4aa7-80e6-e7269a14a582: start a2583cd9-0c52-4aa7-80e6-e7269a14a582@group-4BCD925F56BC-FollowerState
2022-07-12 21:03:57,320 [pool-96-thread-1] INFO  util.JmxRegister (JmxRegister.java:tryRegister(44)) - Successfully registered JMX Bean with object name Ratis:service=RaftServer,group=group-4BCD925F56BC,id=a2583cd9-0c52-4aa7-80e6-e7269a14a582
2022-07-12 21:03:57,332 [Command processor thread] INFO  ratis.XceiverServerRatis (XceiverServerRatis.java:addGroup(765)) - Created group PipelineID=263d71f7-96db-418d-93a5-4bcd925f56bc
2022-07-12 21:03:57,332 [Command processor thread] INFO  commandhandler.CreatePipelineCommandHandler (CreatePipelineCommandHandler.java:handle(113)) - Created Pipeline RATIS ONE PipelineID=263d71f7-96db-418d-93a5-4bcd925f56bc.
2022-07-12 21:03:57,336 [Command processor thread] INFO  server.RaftServer (RaftServerProxy.java:addNew(96)) - a2583cd9-0c52-4aa7-80e6-e7269a14a582: addNew group-BAC479CA027A:[7b64d61e-992d-46f7-bdd8-85e232d42a6f|rpc:10.1.0.20:38563|priority:1, a2583cd9-0c52-4aa7-80e6-e7269a14a582|rpc:10.1.0.20:44379|priority:0, b22e6e25-1e95-4e3d-b66d-658eeab2c33a|rpc:10.1.0.20:45285|priority:0] returns group-BAC479CA027A:java.util.concurrent.CompletableFuture@56af91fa[Not completed]
2022-07-12 21:03:57,338 [pool-96-thread-1] INFO  server.RaftServer$Division (RaftServerImpl.java:<init>(190)) - a2583cd9-0c52-4aa7-80e6-e7269a14a582: new RaftServerImpl for group-BAC479CA027A:[7b64d61e-992d-46f7-bdd8-85e232d42a6f|rpc:10.1.0.20:38563|priority:1, a2583cd9-0c52-4aa7-80e6-e7269a14a582|rpc:10.1.0.20:44379|priority:0, b22e6e25-1e95-4e3d-b66d-658eeab2c33a|rpc:10.1.0.20:45285|priority:0] with ContainerStateMachine:uninitialized
2022-07-12 21:03:57,338 [pool-96-thread-1] INFO  server.RaftServerConfigKeys (ConfUtils.java:logGet(46)) - raft.server.rpc.timeout.min = 5s (custom)
2022-07-12 21:03:57,338 [pool-96-thread-1] INFO  server.RaftServerConfigKeys (ConfUtils.java:logGet(46)) - raft.server.rpc.timeout.max = 5200ms (custom)
2022-07-12 21:03:57,338 [pool-96-thread-1] INFO  server.RaftServerConfigKeys (ConfUtils.java:logGet(46)) - raft.server.rpc.sleep.time = 25ms (default)
2022-07-12 21:03:57,338 [pool-96-thread-1] INFO  server.RaftServerConfigKeys (ConfUtils.java:logGet(46)) - raft.server.rpc.slowness.timeout = 300s (custom)
2022-07-12 21:03:57,338 [pool-96-thread-1] INFO  server.RaftServerConfigKeys (ConfUtils.java:logGet(46)) - raft.server.leaderelection.leader.step-down.wait-time = 10s (default)
2022-07-12 21:03:57,338 [pool-96-thread-1] INFO  server.RaftServerConfigKeys (ConfUtils.java:logGet(46)) - raft.server.sleep.deviation.threshold = 300ms (default)
2022-07-12 21:03:57,338 [pool-96-thread-1] INFO  server.RaftServer$Division (ServerState.java:<init>(107)) - a2583cd9-0c52-4aa7-80e6-e7269a14a582@group-BAC479CA027A: ConfigurationManager, init=-1: [7b64d61e-992d-46f7-bdd8-85e232d42a6f|rpc:10.1.0.20:38563|priority:1, a2583cd9-0c52-4aa7-80e6-e7269a14a582|rpc:10.1.0.20:44379|priority:0, b22e6e25-1e95-4e3d-b66d-658eeab2c33a|rpc:10.1.0.20:45285|priority:0], old=null, confs=<EMPTY_MAP>
2022-07-12 21:03:57,338 [pool-96-thread-1] INFO  server.RaftServerConfigKeys (ConfUtils.java:logGet(46)) - raft.server.storage.dir = [/home/runner/work/ozone/ozone/hadoop-ozone/integration-test/target/test-dir/MiniOzoneClusterImpl-602e3c1e-9006-4844-b6f6-7d75904803ac/datanode-1/data/ratis] (custom)
2022-07-12 21:03:57,339 [pool-96-thread-1] INFO  server.RaftServerConfigKeys (ConfUtils.java:logGet(46)) - raft.server.log.corruption.policy = EXCEPTION (default)
2022-07-12 21:03:57,339 [pool-96-thread-1] INFO  server.RaftServerConfigKeys (ConfUtils.java:logGet(46)) - raft.server.storage.free-space.min = 0MB (=0) (default)
2022-07-12 21:03:57,339 [pool-96-thread-1] INFO  storage.RaftStorageDirectory (RaftStorageDirectoryImpl.java:analyzeStorage(135)) - The storage directory /home/runner/work/ozone/ozone/hadoop-ozone/integration-test/target/test-dir/MiniOzoneClusterImpl-602e3c1e-9006-4844-b6f6-7d75904803ac/datanode-1/data/ratis/2b415d15-d4fd-4c8d-b5b8-bac479ca027a does not exist. Creating ...
2022-07-12 21:03:57,340 [pool-96-thread-1] INFO  storage.RaftStorageDirectory (RaftStorageDirectoryImpl.java:tryLock(230)) - Lock on /home/runner/work/ozone/ozone/hadoop-ozone/integration-test/target/test-dir/MiniOzoneClusterImpl-602e3c1e-9006-4844-b6f6-7d75904803ac/datanode-1/data/ratis/2b415d15-d4fd-4c8d-b5b8-bac479ca027a/in_use.lock acquired by nodename 31611@fv-az452-57
2022-07-12 21:03:57,342 [pool-96-thread-1] INFO  storage.RaftStorage (RaftStorageImpl.java:format(89)) - Storage directory /home/runner/work/ozone/ozone/hadoop-ozone/integration-test/target/test-dir/MiniOzoneClusterImpl-602e3c1e-9006-4844-b6f6-7d75904803ac/datanode-1/data/ratis/2b415d15-d4fd-4c8d-b5b8-bac479ca027a has been successfully formatted.
2022-07-12 21:03:57,342 [pool-96-thread-1] INFO  ratis.ContainerStateMachine (ContainerStateMachine.java:loadSnapshot(236)) - group-BAC479CA027A: The snapshot info is null. Setting the last applied indexto:(t:0, i:~)
2022-07-12 21:03:57,342 [pool-96-thread-1] INFO  server.RaftServerConfigKeys (ConfUtils.java:logGet(46)) - raft.server.notification.no-leader.timeout = 300s (custom)
2022-07-12 21:03:57,342 [pool-96-thread-1] INFO  server.RaftServerConfigKeys (ConfUtils.java:logGet(46)) - raft.server.log.use.memory = false (default)
2022-07-12 21:03:57,342 [pool-96-thread-1] INFO  server.RaftServerConfigKeys (ConfUtils.java:logGet(46)) - raft.server.log.purge.gap = 1000000 (custom)
2022-07-12 21:03:57,342 [pool-96-thread-1] INFO  server.RaftServerConfigKeys (ConfUtils.java:logGet(46)) - raft.server.log.appender.buffer.byte-limit = 33554432 (custom)
2022-07-12 21:03:57,342 [pool-96-thread-1] INFO  server.RaftServerConfigKeys (ConfUtils.java:logGet(46)) - raft.server.log.statemachine.data.read.timeout = 1000ms (default)
2022-07-12 21:03:57,343 [pool-96-thread-1] INFO  server.RaftServerConfigKeys (ConfUtils.java:logGet(46)) - raft.server.log.segment.size.max = 1048576 (custom)
2022-07-12 21:03:57,343 [pool-96-thread-1] INFO  server.RaftServerConfigKeys (ConfUtils.java:logGet(46)) - raft.server.log.segment.cache.num.max = 2 (custom)
2022-07-12 21:03:57,344 [grpc-default-executor-0] INFO  server.RaftServer (RaftServerProxy.java:addNew(96)) - 7b64d61e-992d-46f7-bdd8-85e232d42a6f: addNew group-BAC479CA027A:[7b64d61e-992d-46f7-bdd8-85e232d42a6f|rpc:10.1.0.20:38563|dataStream:|priority:1, a2583cd9-0c52-4aa7-80e6-e7269a14a582|rpc:10.1.0.20:44379|dataStream:|priority:0, b22e6e25-1e95-4e3d-b66d-658eeab2c33a|rpc:10.1.0.20:45285|dataStream:|priority:0] returns group-BAC479CA027A:java.util.concurrent.CompletableFuture@139e069d[Not completed]
2022-07-12 21:03:57,346 [EventQueue-OpenPipelineForHealthyPipelineSafeModeRule] INFO  safemode.SCMSafeModeManager (HealthyPipelineSafeModeRule.java:process(124)) - SCM in safe mode. Healthy pipelines reported count is 0, required healthy pipeline reported count is 1
2022-07-12 21:03:57,347 [pool-96-thread-1] INFO  server.RaftServerConfigKeys (ConfUtils.java:logGet(46)) - raft.server.log.segment.cache.size.max = 200MB (=209715200) (default)
2022-07-12 21:03:57,347 [pool-96-thread-1] INFO  segmented.SegmentedRaftLogWorker (SegmentedRaftLogWorker.java:<init>(187)) - new a2583cd9-0c52-4aa7-80e6-e7269a14a582@group-BAC479CA027A-SegmentedRaftLogWorker for RaftStorageImpl:Storage Directory /home/runner/work/ozone/ozone/hadoop-ozone/integration-test/target/test-dir/MiniOzoneClusterImpl-602e3c1e-9006-4844-b6f6-7d75904803ac/datanode-1/data/ratis/2b415d15-d4fd-4c8d-b5b8-bac479ca027a
2022-07-12 21:03:57,347 [pool-96-thread-1] INFO  server.RaftServerConfigKeys (ConfUtils.java:logGet(46)) - raft.server.log.queue.byte-limit = 4294967296 (custom)
2022-07-12 21:03:57,347 [pool-96-thread-1] INFO  server.RaftServerConfigKeys (ConfUtils.java:logGet(46)) - raft.server.log.queue.element-limit = 1024 (custom)
2022-07-12 21:03:57,347 [pool-96-thread-1] INFO  server.RaftServerConfigKeys (ConfUtils.java:logGet(46)) - raft.server.log.segment.size.max = 1048576 (custom)
2022-07-12 21:03:57,347 [pool-96-thread-1] INFO  server.RaftServerConfigKeys (ConfUtils.java:logGet(46)) - raft.server.log.preallocated.size = 16384 (custom)
2022-07-12 21:03:57,347 [pool-96-thread-1] INFO  server.RaftServerConfigKeys (ConfUtils.java:logGet(46)) - raft.server.log.force.sync.num = 128 (default)
2022-07-12 21:03:57,347 [pool-96-thread-1] INFO  server.RaftServerConfigKeys (ConfUtils.java:logGet(46)) - raft.server.log.statemachine.data.sync = true (default)
2022-07-12 21:03:57,347 [pool-96-thread-1] INFO  server.RaftServerConfigKeys (ConfUtils.java:logGet(46)) - raft.server.log.statemachine.data.sync.timeout = 10s (default)
2022-07-12 21:03:57,347 [pool-96-thread-1] INFO  server.RaftServerConfigKeys (ConfUtils.java:logGet(46)) - raft.server.log.statemachine.data.sync.timeout.retry = -1 (default)
2022-07-12 21:03:57,348 [pool-119-thread-1] INFO  server.RaftServer$Division (RaftServerImpl.java:<init>(190)) - 7b64d61e-992d-46f7-bdd8-85e232d42a6f: new RaftServerImpl for group-BAC479CA027A:[7b64d61e-992d-46f7-bdd8-85e232d42a6f|rpc:10.1.0.20:38563|dataStream:|priority:1, a2583cd9-0c52-4aa7-80e6-e7269a14a582|rpc:10.1.0.20:44379|dataStream:|priority:0, b22e6e25-1e95-4e3d-b66d-658eeab2c33a|rpc:10.1.0.20:45285|dataStream:|priority:0] with ContainerStateMachine:uninitialized
2022-07-12 21:03:57,348 [pool-119-thread-1] INFO  server.RaftServerConfigKeys (ConfUtils.java:logGet(46)) - raft.server.rpc.timeout.min = 5s (custom)
2022-07-12 21:03:57,348 [pool-96-thread-1] INFO  server.RaftServerConfigKeys (ConfUtils.java:logGet(46)) - raft.server.log.write.buffer.size = 1048576 (custom)
2022-07-12 21:03:57,349 [pool-96-thread-1] INFO  server.RaftServerConfigKeys (ConfUtils.java:logGet(46)) - raft.server.log.unsafe-flush.enabled = false (default)
2022-07-12 21:03:57,349 [pool-96-thread-1] INFO  server.RaftServerConfigKeys (ConfUtils.java:logGet(46)) - raft.server.log.statemachine.data.caching.enabled = true (custom)
2022-07-12 21:03:57,350 [pool-96-thread-1] INFO  segmented.SegmentedRaftLogWorker (SegmentedRaftLogWorker.java:lambda$new$0(135)) - a2583cd9-0c52-4aa7-80e6-e7269a14a582@group-BAC479CA027A-SegmentedRaftLogWorker: flushIndex: setUnconditionally 0 -> -1
2022-07-12 21:03:57,350 [pool-96-thread-1] INFO  segmented.SegmentedRaftLogWorker (SegmentedRaftLogWorker.java:lambda$new$0(135)) - a2583cd9-0c52-4aa7-80e6-e7269a14a582@group-BAC479CA027A-SegmentedRaftLogWorker: safeCacheEvictIndex: setUnconditionally 0 -> -1
2022-07-12 21:03:57,350 [pool-119-thread-1] INFO  server.RaftServerConfigKeys (ConfUtils.java:logGet(46)) - raft.server.rpc.timeout.max = 5200ms (custom)
2022-07-12 21:03:57,351 [pool-119-thread-1] INFO  server.RaftServerConfigKeys (ConfUtils.java:logGet(46)) - raft.server.rpc.sleep.time = 25ms (default)
2022-07-12 21:03:57,351 [pool-119-thread-1] INFO  server.RaftServerConfigKeys (ConfUtils.java:logGet(46)) - raft.server.rpc.slowness.timeout = 300s (custom)
2022-07-12 21:03:57,351 [pool-119-thread-1] INFO  server.RaftServerConfigKeys (ConfUtils.java:logGet(46)) - raft.server.leaderelection.leader.step-down.wait-time = 10s (default)
2022-07-12 21:03:57,351 [pool-119-thread-1] INFO  server.RaftServerConfigKeys (ConfUtils.java:logGet(46)) - raft.server.sleep.deviation.threshold = 300ms (default)
2022-07-12 21:03:57,351 [pool-119-thread-1] INFO  server.RaftServer$Division (ServerState.java:<init>(107)) - 7b64d61e-992d-46f7-bdd8-85e232d42a6f@group-BAC479CA027A: ConfigurationManager, init=-1: [7b64d61e-992d-46f7-bdd8-85e232d42a6f|rpc:10.1.0.20:38563|dataStream:|priority:1, a2583cd9-0c52-4aa7-80e6-e7269a14a582|rpc:10.1.0.20:44379|dataStream:|priority:0, b22e6e25-1e95-4e3d-b66d-658eeab2c33a|rpc:10.1.0.20:45285|dataStream:|priority:0], old=null, confs=<EMPTY_MAP>
2022-07-12 21:03:57,351 [pool-119-thread-1] INFO  server.RaftServerConfigKeys (ConfUtils.java:logGet(46)) - raft.server.storage.dir = [/home/runner/work/ozone/ozone/hadoop-ozone/integration-test/target/test-dir/MiniOzoneClusterImpl-602e3c1e-9006-4844-b6f6-7d75904803ac/datanode-2/data/ratis] (custom)
2022-07-12 21:03:57,351 [Listener at 127.0.0.1/43377] INFO  ozone.MiniOzoneClusterImpl (MiniOzoneClusterImpl.java:lambda$waitForClusterToBeReady$0(223)) - Nodes are ready. Got 5 of 5 DN Heartbeats.
2022-07-12 21:03:57,352 [Listener at 127.0.0.1/43377] INFO  ozone.MiniOzoneClusterImpl (MiniOzoneClusterImpl.java:lambda$waitForClusterToBeReady$0(226)) - Waiting for cluster to exit safe mode
2022-07-12 21:03:57,352 [Listener at 127.0.0.1/43377] INFO  ozone.MiniOzoneClusterImpl (MiniOzoneClusterImpl.java:lambda$waitForClusterToBeReady$0(228)) - SCM became leader
2022-07-12 21:03:57,351 [pool-96-thread-1] INFO  server.RaftServerConfigKeys (ConfUtils.java:logGet(46)) - raft.server.snapshot.auto.trigger.enabled = true (custom)
2022-07-12 21:03:57,352 [pool-96-thread-1] INFO  server.RaftServerConfigKeys (ConfUtils.java:logGet(46)) - raft.server.snapshot.auto.trigger.threshold = 10000 (custom)
2022-07-12 21:03:57,352 [pool-96-thread-1] INFO  server.RaftServerConfigKeys (ConfUtils.java:logGet(46)) - raft.server.snapshot.retention.file.num = 5 (custom)
2022-07-12 21:03:57,352 [pool-96-thread-1] INFO  server.RaftServerConfigKeys (ConfUtils.java:logGet(46)) - raft.server.log.purge.upto.snapshot.index = false (default)
2022-07-12 21:03:57,352 [pool-96-thread-1] INFO  server.RaftServerConfigKeys (ConfUtils.java:logGet(46)) - raft.server.retrycache.expirytime = 600000ms (custom)
2022-07-12 21:03:57,352 [pool-96-thread-1] INFO  server.RaftServerConfigKeys (ConfUtils.java:logGet(46)) - raft.server.retrycache.statistics.expirytime = 100μs (default)
2022-07-12 21:03:57,352 [pool-119-thread-1] INFO  server.RaftServerConfigKeys (ConfUtils.java:logGet(46)) - raft.server.log.corruption.policy = EXCEPTION (default)
2022-07-12 21:03:57,352 [pool-119-thread-1] INFO  server.RaftServerConfigKeys (ConfUtils.java:logGet(46)) - raft.server.storage.free-space.min = 0MB (=0) (default)
2022-07-12 21:03:57,353 [pool-119-thread-1] INFO  storage.RaftStorageDirectory (RaftStorageDirectoryImpl.java:analyzeStorage(135)) - The storage directory /home/runner/work/ozone/ozone/hadoop-ozone/integration-test/target/test-dir/MiniOzoneClusterImpl-602e3c1e-9006-4844-b6f6-7d75904803ac/datanode-2/data/ratis/2b415d15-d4fd-4c8d-b5b8-bac479ca027a does not exist. Creating ...
2022-07-12 21:03:57,354 [pool-96-thread-1] INFO  server.RaftServerConfigKeys (ConfUtils.java:logGet(46)) - raft.server.log.appender.install.snapshot.enabled = false (custom)
2022-07-12 21:03:57,355 [pool-96-thread-1] INFO  server.RaftServerConfigKeys (ConfUtils.java:logGet(46)) - raft.server.threadpool.server.cached = true (default)
2022-07-12 21:03:57,355 [pool-96-thread-1] INFO  server.RaftServerConfigKeys (ConfUtils.java:logGet(46)) - raft.server.threadpool.server.size = 0 (default)
2022-07-12 21:03:57,355 [pool-96-thread-1] INFO  server.RaftServerConfigKeys (ConfUtils.java:logGet(46)) - raft.server.threadpool.client.cached = true (default)
2022-07-12 21:03:57,355 [pool-96-thread-1] INFO  server.RaftServerConfigKeys (ConfUtils.java:logGet(46)) - raft.server.threadpool.client.size = 0 (default)
2022-07-12 21:03:57,355 [pool-96-thread-1] INFO  server.RaftServer$Division (RaftServerImpl.java:start(310)) - a2583cd9-0c52-4aa7-80e6-e7269a14a582@group-BAC479CA027A: start as a follower, conf=-1: [7b64d61e-992d-46f7-bdd8-85e232d42a6f|rpc:10.1.0.20:38563|priority:1, a2583cd9-0c52-4aa7-80e6-e7269a14a582|rpc:10.1.0.20:44379|priority:0, b22e6e25-1e95-4e3d-b66d-658eeab2c33a|rpc:10.1.0.20:45285|priority:0], old=null
2022-07-12 21:03:57,355 [pool-96-thread-1] INFO  server.RaftServer$Division (RaftServerImpl.java:setRole(299)) - a2583cd9-0c52-4aa7-80e6-e7269a14a582@group-BAC479CA027A: changes role from      null to FOLLOWER at term 0 for startAsFollower
2022-07-12 21:03:57,355 [pool-96-thread-1] INFO  impl.RoleInfo (RoleInfo.java:updateAndGet(139)) - a2583cd9-0c52-4aa7-80e6-e7269a14a582: start a2583cd9-0c52-4aa7-80e6-e7269a14a582@group-BAC479CA027A-FollowerState
2022-07-12 21:03:57,355 [pool-119-thread-1] INFO  storage.RaftStorageDirectory (RaftStorageDirectoryImpl.java:tryLock(230)) - Lock on /home/runner/work/ozone/ozone/hadoop-ozone/integration-test/target/test-dir/MiniOzoneClusterImpl-602e3c1e-9006-4844-b6f6-7d75904803ac/datanode-2/data/ratis/2b415d15-d4fd-4c8d-b5b8-bac479ca027a/in_use.lock acquired by nodename 31611@fv-az452-57
2022-07-12 21:03:57,356 [pool-96-thread-1] INFO  util.JmxRegister (JmxRegister.java:tryRegister(44)) - Successfully registered JMX Bean with object name Ratis:service=RaftServer,group=group-BAC479CA027A,id=a2583cd9-0c52-4aa7-80e6-e7269a14a582
2022-07-12 21:03:57,357 [pool-119-thread-1] INFO  storage.RaftStorage (RaftStorageImpl.java:format(89)) - Storage directory /home/runner/work/ozone/ozone/hadoop-ozone/integration-test/target/test-dir/MiniOzoneClusterImpl-602e3c1e-9006-4844-b6f6-7d75904803ac/datanode-2/data/ratis/2b415d15-d4fd-4c8d-b5b8-bac479ca027a has been successfully formatted.
2022-07-12 21:03:57,360 [Command processor thread] INFO  ratis.XceiverServerRatis (XceiverServerRatis.java:addGroup(765)) - Created group PipelineID=2b415d15-d4fd-4c8d-b5b8-bac479ca027a
2022-07-12 21:03:57,360 [pool-119-thread-1] INFO  ratis.ContainerStateMachine (ContainerStateMachine.java:loadSnapshot(236)) - group-BAC479CA027A: The snapshot info is null. Setting the last applied indexto:(t:0, i:~)
2022-07-12 21:03:57,360 [pool-119-thread-1] INFO  server.RaftServerConfigKeys (ConfUtils.java:logGet(46)) - raft.server.notification.no-leader.timeout = 300s (custom)
2022-07-12 21:03:57,360 [pool-119-thread-1] INFO  server.RaftServerConfigKeys (ConfUtils.java:logGet(46)) - raft.server.log.use.memory = false (default)
2022-07-12 21:03:57,360 [pool-119-thread-1] INFO  server.RaftServerConfigKeys (ConfUtils.java:logGet(46)) - raft.server.log.purge.gap = 1000000 (custom)
2022-07-12 21:03:57,360 [pool-119-thread-1] INFO  server.RaftServerConfigKeys (ConfUtils.java:logGet(46)) - raft.server.log.appender.buffer.byte-limit = 33554432 (custom)
2022-07-12 21:03:57,360 [pool-119-thread-1] INFO  server.RaftServerConfigKeys (ConfUtils.java:logGet(46)) - raft.server.log.statemachine.data.read.timeout = 1000ms (default)
2022-07-12 21:03:57,361 [pool-119-thread-1] INFO  server.RaftServerConfigKeys (ConfUtils.java:logGet(46)) - raft.server.log.segment.size.max = 1048576 (custom)
2022-07-12 21:03:57,361 [pool-119-thread-1] INFO  server.RaftServerConfigKeys (ConfUtils.java:logGet(46)) - raft.server.log.segment.cache.num.max = 2 (custom)
2022-07-12 21:03:57,361 [pool-119-thread-1] INFO  server.RaftServerConfigKeys (ConfUtils.java:logGet(46)) - raft.server.log.segment.cache.size.max = 200MB (=209715200) (default)
2022-07-12 21:03:57,361 [pool-119-thread-1] INFO  segmented.SegmentedRaftLogWorker (SegmentedRaftLogWorker.java:<init>(187)) - new 7b64d61e-992d-46f7-bdd8-85e232d42a6f@group-BAC479CA027A-SegmentedRaftLogWorker for RaftStorageImpl:Storage Directory /home/runner/work/ozone/ozone/hadoop-ozone/integration-test/target/test-dir/MiniOzoneClusterImpl-602e3c1e-9006-4844-b6f6-7d75904803ac/datanode-2/data/ratis/2b415d15-d4fd-4c8d-b5b8-bac479ca027a
2022-07-12 21:03:57,361 [pool-119-thread-1] INFO  server.RaftServerConfigKeys (ConfUtils.java:logGet(46)) - raft.server.log.queue.byte-limit = 4294967296 (custom)
2022-07-12 21:03:57,361 [pool-119-thread-1] INFO  server.RaftServerConfigKeys (ConfUtils.java:logGet(46)) - raft.server.log.queue.element-limit = 1024 (custom)
2022-07-12 21:03:57,361 [pool-119-thread-1] INFO  server.RaftServerConfigKeys (ConfUtils.java:logGet(46)) - raft.server.log.segment.size.max = 1048576 (custom)
2022-07-12 21:03:57,361 [pool-119-thread-1] INFO  server.RaftServerConfigKeys (ConfUtils.java:logGet(46)) - raft.server.log.preallocated.size = 16384 (custom)
2022-07-12 21:03:57,362 [pool-119-thread-1] INFO  server.RaftServerConfigKeys (ConfUtils.java:logGet(46)) - raft.server.log.force.sync.num = 128 (default)
2022-07-12 21:03:57,362 [pool-119-thread-1] INFO  server.RaftServerConfigKeys (ConfUtils.java:logGet(46)) - raft.server.log.statemachine.data.sync = true (default)
2022-07-12 21:03:57,362 [pool-119-thread-1] INFO  server.RaftServerConfigKeys (ConfUtils.java:logGet(46)) - raft.server.log.statemachine.data.sync.timeout = 10s (default)
2022-07-12 21:03:57,362 [pool-119-thread-1] INFO  server.RaftServerConfigKeys (ConfUtils.java:logGet(46)) - raft.server.log.statemachine.data.sync.timeout.retry = -1 (default)
2022-07-12 21:03:57,363 [pool-119-thread-1] INFO  server.RaftServerConfigKeys (ConfUtils.java:logGet(46)) - raft.server.log.write.buffer.size = 1048576 (custom)
2022-07-12 21:03:57,363 [pool-119-thread-1] INFO  server.RaftServerConfigKeys (ConfUtils.java:logGet(46)) - raft.server.log.unsafe-flush.enabled = false (default)
2022-07-12 21:03:57,363 [pool-119-thread-1] INFO  server.RaftServerConfigKeys (ConfUtils.java:logGet(46)) - raft.server.log.statemachine.data.caching.enabled = true (custom)
2022-07-12 21:03:57,364 [pool-119-thread-1] INFO  segmented.SegmentedRaftLogWorker (SegmentedRaftLogWorker.java:lambda$new$0(135)) - 7b64d61e-992d-46f7-bdd8-85e232d42a6f@group-BAC479CA027A-SegmentedRaftLogWorker: flushIndex: setUnconditionally 0 -> -1
2022-07-12 21:03:57,364 [pool-119-thread-1] INFO  segmented.SegmentedRaftLogWorker (SegmentedRaftLogWorker.java:lambda$new$0(135)) - 7b64d61e-992d-46f7-bdd8-85e232d42a6f@group-BAC479CA027A-SegmentedRaftLogWorker: safeCacheEvictIndex: setUnconditionally 0 -> -1
2022-07-12 21:03:57,369 [pool-119-thread-1] INFO  server.RaftServerConfigKeys (ConfUtils.java:logGet(46)) - raft.server.snapshot.auto.trigger.enabled = true (custom)
2022-07-12 21:03:57,370 [pool-119-thread-1] INFO  server.RaftServerConfigKeys (ConfUtils.java:logGet(46)) - raft.server.snapshot.auto.trigger.threshold = 10000 (custom)
2022-07-12 21:03:57,370 [pool-119-thread-1] INFO  server.RaftServerConfigKeys (ConfUtils.java:logGet(46)) - raft.server.snapshot.retention.file.num = 5 (custom)
2022-07-12 21:03:57,370 [pool-119-thread-1] INFO  server.RaftServerConfigKeys (ConfUtils.java:logGet(46)) - raft.server.log.purge.upto.snapshot.index = false (default)
2022-07-12 21:03:57,370 [pool-119-thread-1] INFO  server.RaftServerConfigKeys (ConfUtils.java:logGet(46)) - raft.server.retrycache.expirytime = 600000ms (custom)
2022-07-12 21:03:57,370 [pool-119-thread-1] INFO  server.RaftServerConfigKeys (ConfUtils.java:logGet(46)) - raft.server.retrycache.statistics.expirytime = 100μs (default)
2022-07-12 21:03:57,376 [pool-119-thread-1] INFO  server.RaftServerConfigKeys (ConfUtils.java:logGet(46)) - raft.server.log.appender.install.snapshot.enabled = false (custom)
2022-07-12 21:03:57,376 [pool-119-thread-1] INFO  server.RaftServerConfigKeys (ConfUtils.java:logGet(46)) - raft.server.threadpool.server.cached = true (default)
2022-07-12 21:03:57,377 [pool-119-thread-1] INFO  server.RaftServerConfigKeys (ConfUtils.java:logGet(46)) - raft.server.threadpool.server.size = 0 (default)
2022-07-12 21:03:57,377 [pool-119-thread-1] INFO  server.RaftServerConfigKeys (ConfUtils.java:logGet(46)) - raft.server.threadpool.client.cached = true (default)
2022-07-12 21:03:57,377 [pool-119-thread-1] INFO  server.RaftServerConfigKeys (ConfUtils.java:logGet(46)) - raft.server.threadpool.client.size = 0 (default)
2022-07-12 21:03:57,383 [pool-119-thread-1] INFO  server.RaftServer$Division (RaftServerImpl.java:start(310)) - 7b64d61e-992d-46f7-bdd8-85e232d42a6f@group-BAC479CA027A: start as a follower, conf=-1: [7b64d61e-992d-46f7-bdd8-85e232d42a6f|rpc:10.1.0.20:38563|dataStream:|priority:1, a2583cd9-0c52-4aa7-80e6-e7269a14a582|rpc:10.1.0.20:44379|dataStream:|priority:0, b22e6e25-1e95-4e3d-b66d-658eeab2c33a|rpc:10.1.0.20:45285|dataStream:|priority:0], old=null
2022-07-12 21:03:57,383 [pool-119-thread-1] INFO  server.RaftServer$Division (RaftServerImpl.java:setRole(299)) - 7b64d61e-992d-46f7-bdd8-85e232d42a6f@group-BAC479CA027A: changes role from      null to FOLLOWER at term 0 for startAsFollower
2022-07-12 21:03:57,383 [pool-119-thread-1] INFO  impl.RoleInfo (RoleInfo.java:updateAndGet(139)) - 7b64d61e-992d-46f7-bdd8-85e232d42a6f: start 7b64d61e-992d-46f7-bdd8-85e232d42a6f@group-BAC479CA027A-FollowerState
2022-07-12 21:03:57,384 [pool-119-thread-1] INFO  util.JmxRegister (JmxRegister.java:tryRegister(44)) - Successfully registered JMX Bean with object name Ratis:service=RaftServer,group=group-BAC479CA027A,id=7b64d61e-992d-46f7-bdd8-85e232d42a6f
2022-07-12 21:03:57,552 [Command processor thread] INFO  commandhandler.CreatePipelineCommandHandler (CreatePipelineCommandHandler.java:handle(113)) - Created Pipeline RATIS THREE PipelineID=2b415d15-d4fd-4c8d-b5b8-bac479ca027a.
2022-07-12 21:03:57,552 [Command processor thread] INFO  commandhandler.CreatePipelineCommandHandler (CreatePipelineCommandHandler.java:handle(113)) - Created Pipeline RATIS THREE PipelineID=2b415d15-d4fd-4c8d-b5b8-bac479ca027a.
2022-07-12 21:03:57,552 [Command processor thread] INFO  server.RaftServer (RaftServerProxy.java:addNew(96)) - a2583cd9-0c52-4aa7-80e6-e7269a14a582: addNew group-A388CC0A60BB:[7b64d61e-992d-46f7-bdd8-85e232d42a6f|rpc:10.1.0.20:38563|priority:0, a2583cd9-0c52-4aa7-80e6-e7269a14a582|rpc:10.1.0.20:44379|priority:1, b22e6e25-1e95-4e3d-b66d-658eeab2c33a|rpc:10.1.0.20:45285|priority:0] returns group-A388CC0A60BB:java.util.concurrent.CompletableFuture@3b32ab5[Not completed]
2022-07-12 21:03:57,552 [Command processor thread] INFO  server.RaftServer (RaftServerProxy.java:addNew(96)) - b22e6e25-1e95-4e3d-b66d-658eeab2c33a: addNew group-A388CC0A60BB:[7b64d61e-992d-46f7-bdd8-85e232d42a6f|rpc:10.1.0.20:38563|priority:0, a2583cd9-0c52-4aa7-80e6-e7269a14a582|rpc:10.1.0.20:44379|priority:1, b22e6e25-1e95-4e3d-b66d-658eeab2c33a|rpc:10.1.0.20:45285|priority:0] returns group-A388CC0A60BB:java.util.concurrent.CompletableFuture@39adcf1b[Not completed]
2022-07-12 21:03:57,554 [pool-73-thread-1] INFO  server.RaftServer$Division (RaftServerImpl.java:<init>(190)) - b22e6e25-1e95-4e3d-b66d-658eeab2c33a: new RaftServerImpl for group-A388CC0A60BB:[7b64d61e-992d-46f7-bdd8-85e232d42a6f|rpc:10.1.0.20:38563|priority:0, a2583cd9-0c52-4aa7-80e6-e7269a14a582|rpc:10.1.0.20:44379|priority:1, b22e6e25-1e95-4e3d-b66d-658eeab2c33a|rpc:10.1.0.20:45285|priority:0] with ContainerStateMachine:uninitialized
2022-07-12 21:03:57,554 [pool-73-thread-1] INFO  server.RaftServerConfigKeys (ConfUtils.java:logGet(46)) - raft.server.rpc.timeout.min = 5s (custom)
2022-07-12 21:03:57,554 [pool-73-thread-1] INFO  server.RaftServerConfigKeys (ConfUtils.java:logGet(46)) - raft.server.rpc.timeout.max = 5200ms (custom)
2022-07-12 21:03:57,554 [pool-73-thread-1] INFO  server.RaftServerConfigKeys (ConfUtils.java:logGet(46)) - raft.server.rpc.sleep.time = 25ms (default)
2022-07-12 21:03:57,554 [pool-73-thread-1] INFO  server.RaftServerConfigKeys (ConfUtils.java:logGet(46)) - raft.server.rpc.slowness.timeout = 300s (custom)
2022-07-12 21:03:57,554 [pool-73-thread-1] INFO  server.RaftServerConfigKeys (ConfUtils.java:logGet(46)) - raft.server.leaderelection.leader.step-down.wait-time = 10s (default)
2022-07-12 21:03:57,554 [pool-73-thread-1] INFO  server.RaftServerConfigKeys (ConfUtils.java:logGet(46)) - raft.server.sleep.deviation.threshold = 300ms (default)
2022-07-12 21:03:57,554 [pool-73-thread-1] INFO  server.RaftServer$Division (ServerState.java:<init>(107)) - b22e6e25-1e95-4e3d-b66d-658eeab2c33a@group-A388CC0A60BB: ConfigurationManager, init=-1: [7b64d61e-992d-46f7-bdd8-85e232d42a6f|rpc:10.1.0.20:38563|priority:0, a2583cd9-0c52-4aa7-80e6-e7269a14a582|rpc:10.1.0.20:44379|priority:1, b22e6e25-1e95-4e3d-b66d-658eeab2c33a|rpc:10.1.0.20:45285|priority:0], old=null, confs=<EMPTY_MAP>
2022-07-12 21:03:57,554 [pool-73-thread-1] INFO  server.RaftServerConfigKeys (ConfUtils.java:logGet(46)) - raft.server.storage.dir = [/home/runner/work/ozone/ozone/hadoop-ozone/integration-test/target/test-dir/MiniOzoneClusterImpl-602e3c1e-9006-4844-b6f6-7d75904803ac/datanode-0/data/ratis] (custom)
2022-07-12 21:03:57,555 [pool-73-thread-1] INFO  server.RaftServerConfigKeys (ConfUtils.java:logGet(46)) - raft.server.log.corruption.policy = EXCEPTION (default)
2022-07-12 21:03:57,555 [pool-73-thread-1] INFO  server.RaftServerConfigKeys (ConfUtils.java:logGet(46)) - raft.server.storage.free-space.min = 0MB (=0) (default)
2022-07-12 21:03:57,555 [pool-73-thread-1] INFO  storage.RaftStorageDirectory (RaftStorageDirectoryImpl.java:analyzeStorage(135)) - The storage directory /home/runner/work/ozone/ozone/hadoop-ozone/integration-test/target/test-dir/MiniOzoneClusterImpl-602e3c1e-9006-4844-b6f6-7d75904803ac/datanode-0/data/ratis/f2734cb1-6025-430b-a5e4-a388cc0a60bb does not exist. Creating ...
2022-07-12 21:03:57,556 [pool-96-thread-1] INFO  server.RaftServer$Division (RaftServerImpl.java:<init>(190)) - a2583cd9-0c52-4aa7-80e6-e7269a14a582: new RaftServerImpl for group-A388CC0A60BB:[7b64d61e-992d-46f7-bdd8-85e232d42a6f|rpc:10.1.0.20:38563|priority:0, a2583cd9-0c52-4aa7-80e6-e7269a14a582|rpc:10.1.0.20:44379|priority:1, b22e6e25-1e95-4e3d-b66d-658eeab2c33a|rpc:10.1.0.20:45285|priority:0] with ContainerStateMachine:uninitialized
2022-07-12 21:03:57,556 [pool-96-thread-1] INFO  server.RaftServerConfigKeys (ConfUtils.java:logGet(46)) - raft.server.rpc.timeout.min = 5s (custom)
2022-07-12 21:03:57,556 [pool-96-thread-1] INFO  server.RaftServerConfigKeys (ConfUtils.java:logGet(46)) - raft.server.rpc.timeout.max = 5200ms (custom)
2022-07-12 21:03:57,556 [pool-96-thread-1] INFO  server.RaftServerConfigKeys (ConfUtils.java:logGet(46)) - raft.server.rpc.sleep.time = 25ms (default)
2022-07-12 21:03:57,556 [pool-96-thread-1] INFO  server.RaftServerConfigKeys (ConfUtils.java:logGet(46)) - raft.server.rpc.slowness.timeout = 300s (custom)
2022-07-12 21:03:57,556 [pool-96-thread-1] INFO  server.RaftServerConfigKeys (ConfUtils.java:logGet(46)) - raft.server.leaderelection.leader.step-down.wait-time = 10s (default)
2022-07-12 21:03:57,556 [pool-96-thread-1] INFO  server.RaftServerConfigKeys (ConfUtils.java:logGet(46)) - raft.server.sleep.deviation.threshold = 300ms (default)
2022-07-12 21:03:57,556 [pool-96-thread-1] INFO  server.RaftServer$Division (ServerState.java:<init>(107)) - a2583cd9-0c52-4aa7-80e6-e7269a14a582@group-A388CC0A60BB: ConfigurationManager, init=-1: [7b64d61e-992d-46f7-bdd8-85e232d42a6f|rpc:10.1.0.20:38563|priority:0, a2583cd9-0c52-4aa7-80e6-e7269a14a582|rpc:10.1.0.20:44379|priority:1, b22e6e25-1e95-4e3d-b66d-658eeab2c33a|rpc:10.1.0.20:45285|priority:0], old=null, confs=<EMPTY_MAP>
2022-07-12 21:03:57,556 [pool-96-thread-1] INFO  server.RaftServerConfigKeys (ConfUtils.java:logGet(46)) - raft.server.storage.dir = [/home/runner/work/ozone/ozone/hadoop-ozone/integration-test/target/test-dir/MiniOzoneClusterImpl-602e3c1e-9006-4844-b6f6-7d75904803ac/datanode-1/data/ratis] (custom)
2022-07-12 21:03:57,557 [pool-96-thread-1] INFO  server.RaftServerConfigKeys (ConfUtils.java:logGet(46)) - raft.server.log.corruption.policy = EXCEPTION (default)
2022-07-12 21:03:57,557 [pool-96-thread-1] INFO  server.RaftServerConfigKeys (ConfUtils.java:logGet(46)) - raft.server.storage.free-space.min = 0MB (=0) (default)
2022-07-12 21:03:57,557 [pool-96-thread-1] INFO  storage.RaftStorageDirectory (RaftStorageDirectoryImpl.java:analyzeStorage(135)) - The storage directory /home/runner/work/ozone/ozone/hadoop-ozone/integration-test/target/test-dir/MiniOzoneClusterImpl-602e3c1e-9006-4844-b6f6-7d75904803ac/datanode-1/data/ratis/f2734cb1-6025-430b-a5e4-a388cc0a60bb does not exist. Creating ...
2022-07-12 21:03:57,558 [pool-96-thread-1] INFO  storage.RaftStorageDirectory (RaftStorageDirectoryImpl.java:tryLock(230)) - Lock on /home/runner/work/ozone/ozone/hadoop-ozone/integration-test/target/test-dir/MiniOzoneClusterImpl-602e3c1e-9006-4844-b6f6-7d75904803ac/datanode-1/data/ratis/f2734cb1-6025-430b-a5e4-a388cc0a60bb/in_use.lock acquired by nodename 31611@fv-az452-57
2022-07-12 21:03:57,558 [pool-73-thread-1] INFO  storage.RaftStorageDirectory (RaftStorageDirectoryImpl.java:tryLock(230)) - Lock on /home/runner/work/ozone/ozone/hadoop-ozone/integration-test/target/test-dir/MiniOzoneClusterImpl-602e3c1e-9006-4844-b6f6-7d75904803ac/datanode-0/data/ratis/f2734cb1-6025-430b-a5e4-a388cc0a60bb/in_use.lock acquired by nodename 31611@fv-az452-57
2022-07-12 21:03:57,559 [pool-96-thread-1] INFO  storage.RaftStorage (RaftStorageImpl.java:format(89)) - Storage directory /home/runner/work/ozone/ozone/hadoop-ozone/integration-test/target/test-dir/MiniOzoneClusterImpl-602e3c1e-9006-4844-b6f6-7d75904803ac/datanode-1/data/ratis/f2734cb1-6025-430b-a5e4-a388cc0a60bb has been successfully formatted.
2022-07-12 21:03:57,560 [pool-96-thread-1] INFO  ratis.ContainerStateMachine (ContainerStateMachine.java:loadSnapshot(236)) - group-A388CC0A60BB: The snapshot info is null. Setting the last applied indexto:(t:0, i:~)
2022-07-12 21:03:57,560 [pool-96-thread-1] INFO  server.RaftServerConfigKeys (ConfUtils.java:logGet(46)) - raft.server.notification.no-leader.timeout = 300s (custom)
2022-07-12 21:03:57,560 [pool-96-thread-1] INFO  server.RaftServerConfigKeys (ConfUtils.java:logGet(46)) - raft.server.log.use.memory = false (default)
2022-07-12 21:03:57,560 [pool-96-thread-1] INFO  server.RaftServerConfigKeys (ConfUtils.java:logGet(46)) - raft.server.log.purge.gap = 1000000 (custom)
2022-07-12 21:03:57,560 [pool-96-thread-1] INFO  server.RaftServerConfigKeys (ConfUtils.java:logGet(46)) - raft.server.log.appender.buffer.byte-limit = 33554432 (custom)
2022-07-12 21:03:57,560 [pool-96-thread-1] INFO  server.RaftServerConfigKeys (ConfUtils.java:logGet(46)) - raft.server.log.statemachine.data.read.timeout = 1000ms (default)
2022-07-12 21:03:57,561 [pool-96-thread-1] INFO  server.RaftServerConfigKeys (ConfUtils.java:logGet(46)) - raft.server.log.segment.size.max = 1048576 (custom)
2022-07-12 21:03:57,561 [pool-96-thread-1] INFO  server.RaftServerConfigKeys (ConfUtils.java:logGet(46)) - raft.server.log.segment.cache.num.max = 2 (custom)
2022-07-12 21:03:57,561 [pool-96-thread-1] INFO  server.RaftServerConfigKeys (ConfUtils.java:logGet(46)) - raft.server.log.segment.cache.size.max = 200MB (=209715200) (default)
2022-07-12 21:03:57,561 [pool-96-thread-1] INFO  segmented.SegmentedRaftLogWorker (SegmentedRaftLogWorker.java:<init>(187)) - new a2583cd9-0c52-4aa7-80e6-e7269a14a582@group-A388CC0A60BB-SegmentedRaftLogWorker for RaftStorageImpl:Storage Directory /home/runner/work/ozone/ozone/hadoop-ozone/integration-test/target/test-dir/MiniOzoneClusterImpl-602e3c1e-9006-4844-b6f6-7d75904803ac/datanode-1/data/ratis/f2734cb1-6025-430b-a5e4-a388cc0a60bb
2022-07-12 21:03:57,561 [pool-96-thread-1] INFO  server.RaftServerConfigKeys (ConfUtils.java:logGet(46)) - raft.server.log.queue.byte-limit = 4294967296 (custom)
2022-07-12 21:03:57,561 [pool-96-thread-1] INFO  server.RaftServerConfigKeys (ConfUtils.java:logGet(46)) - raft.server.log.queue.element-limit = 1024 (custom)
2022-07-12 21:03:57,561 [pool-96-thread-1] INFO  server.RaftServerConfigKeys (ConfUtils.java:logGet(46)) - raft.server.log.segment.size.max = 1048576 (custom)
2022-07-12 21:03:57,561 [pool-96-thread-1] INFO  server.RaftServerConfigKeys (ConfUtils.java:logGet(46)) - raft.server.log.preallocated.size = 16384 (custom)
2022-07-12 21:03:57,561 [pool-96-thread-1] INFO  server.RaftServerConfigKeys (ConfUtils.java:logGet(46)) - raft.server.log.force.sync.num = 128 (default)
2022-07-12 21:03:57,562 [pool-96-thread-1] INFO  server.RaftServerConfigKeys (ConfUtils.java:logGet(46)) - raft.server.log.statemachine.data.sync = true (default)
2022-07-12 21:03:57,562 [pool-96-thread-1] INFO  server.RaftServerConfigKeys (ConfUtils.java:logGet(46)) - raft.server.log.statemachine.data.sync.timeout = 10s (default)
2022-07-12 21:03:57,562 [pool-96-thread-1] INFO  server.RaftServerConfigKeys (ConfUtils.java:logGet(46)) - raft.server.log.statemachine.data.sync.timeout.retry = -1 (default)
2022-07-12 21:03:57,563 [pool-96-thread-1] INFO  server.RaftServerConfigKeys (ConfUtils.java:logGet(46)) - raft.server.log.write.buffer.size = 1048576 (custom)
2022-07-12 21:03:57,560 [pool-73-thread-1] INFO  storage.RaftStorage (RaftStorageImpl.java:format(89)) - Storage directory /home/runner/work/ozone/ozone/hadoop-ozone/integration-test/target/test-dir/MiniOzoneClusterImpl-602e3c1e-9006-4844-b6f6-7d75904803ac/datanode-0/data/ratis/f2734cb1-6025-430b-a5e4-a388cc0a60bb has been successfully formatted.
2022-07-12 21:03:57,564 [pool-73-thread-1] INFO  ratis.ContainerStateMachine (ContainerStateMachine.java:loadSnapshot(236)) - group-A388CC0A60BB: The snapshot info is null. Setting the last applied indexto:(t:0, i:~)
2022-07-12 21:03:57,564 [pool-73-thread-1] INFO  server.RaftServerConfigKeys (ConfUtils.java:logGet(46)) - raft.server.notification.no-leader.timeout = 300s (custom)
2022-07-12 21:03:57,564 [pool-73-thread-1] INFO  server.RaftServerConfigKeys (ConfUtils.java:logGet(46)) - raft.server.log.use.memory = false (default)
2022-07-12 21:03:57,564 [pool-73-thread-1] INFO  server.RaftServerConfigKeys (ConfUtils.java:logGet(46)) - raft.server.log.purge.gap = 1000000 (custom)
2022-07-12 21:03:57,564 [pool-73-thread-1] INFO  server.RaftServerConfigKeys (ConfUtils.java:logGet(46)) - raft.server.log.appender.buffer.byte-limit = 33554432 (custom)
2022-07-12 21:03:57,564 [pool-73-thread-1] INFO  server.RaftServerConfigKeys (ConfUtils.java:logGet(46)) - raft.server.log.statemachine.data.read.timeout = 1000ms (default)
2022-07-12 21:03:57,564 [pool-73-thread-1] INFO  server.RaftServerConfigKeys (ConfUtils.java:logGet(46)) - raft.server.log.segment.size.max = 1048576 (custom)
2022-07-12 21:03:57,565 [pool-73-thread-1] INFO  server.RaftServerConfigKeys (ConfUtils.java:logGet(46)) - raft.server.log.segment.cache.num.max = 2 (custom)
2022-07-12 21:03:57,565 [pool-73-thread-1] INFO  server.RaftServerConfigKeys (ConfUtils.java:logGet(46)) - raft.server.log.segment.cache.size.max = 200MB (=209715200) (default)
2022-07-12 21:03:57,565 [pool-73-thread-1] INFO  segmented.SegmentedRaftLogWorker (SegmentedRaftLogWorker.java:<init>(187)) - new b22e6e25-1e95-4e3d-b66d-658eeab2c33a@group-A388CC0A60BB-SegmentedRaftLogWorker for RaftStorageImpl:Storage Directory /home/runner/work/ozone/ozone/hadoop-ozone/integration-test/target/test-dir/MiniOzoneClusterImpl-602e3c1e-9006-4844-b6f6-7d75904803ac/datanode-0/data/ratis/f2734cb1-6025-430b-a5e4-a388cc0a60bb
2022-07-12 21:03:57,565 [pool-73-thread-1] INFO  server.RaftServerConfigKeys (ConfUtils.java:logGet(46)) - raft.server.log.queue.byte-limit = 4294967296 (custom)
2022-07-12 21:03:57,565 [pool-73-thread-1] INFO  server.RaftServerConfigKeys (ConfUtils.java:logGet(46)) - raft.server.log.queue.element-limit = 1024 (custom)
2022-07-12 21:03:57,565 [pool-73-thread-1] INFO  server.RaftServerConfigKeys (ConfUtils.java:logGet(46)) - raft.server.log.segment.size.max = 1048576 (custom)
2022-07-12 21:03:57,565 [pool-73-thread-1] INFO  server.RaftServerConfigKeys (ConfUtils.java:logGet(46)) - raft.server.log.preallocated.size = 16384 (custom)
2022-07-12 21:03:57,565 [pool-73-thread-1] INFO  server.RaftServerConfigKeys (ConfUtils.java:logGet(46)) - raft.server.log.force.sync.num = 128 (default)
2022-07-12 21:03:57,565 [pool-73-thread-1] INFO  server.RaftServerConfigKeys (ConfUtils.java:logGet(46)) - raft.server.log.statemachine.data.sync = true (default)
2022-07-12 21:03:57,565 [pool-73-thread-1] INFO  server.RaftServerConfigKeys (ConfUtils.java:logGet(46)) - raft.server.log.statemachine.data.sync.timeout = 10s (default)
2022-07-12 21:03:57,565 [pool-73-thread-1] INFO  server.RaftServerConfigKeys (ConfUtils.java:logGet(46)) - raft.server.log.statemachine.data.sync.timeout.retry = -1 (default)
2022-07-12 21:03:57,566 [pool-73-thread-1] INFO  server.RaftServerConfigKeys (ConfUtils.java:logGet(46)) - raft.server.log.write.buffer.size = 1048576 (custom)
2022-07-12 21:03:57,566 [pool-73-thread-1] INFO  server.RaftServerConfigKeys (ConfUtils.java:logGet(46)) - raft.server.log.unsafe-flush.enabled = false (default)
2022-07-12 21:03:57,566 [pool-73-thread-1] INFO  server.RaftServerConfigKeys (ConfUtils.java:logGet(46)) - raft.server.log.statemachine.data.caching.enabled = true (custom)
2022-07-12 21:03:57,567 [pool-73-thread-1] INFO  segmented.SegmentedRaftLogWorker (SegmentedRaftLogWorker.java:lambda$new$0(135)) - b22e6e25-1e95-4e3d-b66d-658eeab2c33a@group-A388CC0A60BB-SegmentedRaftLogWorker: flushIndex: setUnconditionally 0 -> -1
2022-07-12 21:03:57,567 [pool-73-thread-1] INFO  segmented.SegmentedRaftLogWorker (SegmentedRaftLogWorker.java:lambda$new$0(135)) - b22e6e25-1e95-4e3d-b66d-658eeab2c33a@group-A388CC0A60BB-SegmentedRaftLogWorker: safeCacheEvictIndex: setUnconditionally 0 -> -1
2022-07-12 21:03:57,575 [pool-73-thread-1] INFO  server.RaftServerConfigKeys (ConfUtils.java:logGet(46)) - raft.server.snapshot.auto.trigger.enabled = true (custom)
2022-07-12 21:03:57,575 [pool-73-thread-1] INFO  server.RaftServerConfigKeys (ConfUtils.java:logGet(46)) - raft.server.snapshot.auto.trigger.threshold = 10000 (custom)
2022-07-12 21:03:57,575 [pool-73-thread-1] INFO  server.RaftServerConfigKeys (ConfUtils.java:logGet(46)) - raft.server.snapshot.retention.file.num = 5 (custom)
2022-07-12 21:03:57,575 [pool-73-thread-1] INFO  server.RaftServerConfigKeys (ConfUtils.java:logGet(46)) - raft.server.log.purge.upto.snapshot.index = false (default)
2022-07-12 21:03:57,575 [pool-73-thread-1] INFO  server.RaftServerConfigKeys (ConfUtils.java:logGet(46)) - raft.server.retrycache.expirytime = 600000ms (custom)
2022-07-12 21:03:57,575 [pool-73-thread-1] INFO  server.RaftServerConfigKeys (ConfUtils.java:logGet(46)) - raft.server.retrycache.statistics.expirytime = 100μs (default)
2022-07-12 21:03:57,577 [pool-73-thread-1] INFO  server.RaftServerConfigKeys (ConfUtils.java:logGet(46)) - raft.server.log.appender.install.snapshot.enabled = false (custom)
2022-07-12 21:03:57,577 [pool-73-thread-1] INFO  server.RaftServerConfigKeys (ConfUtils.java:logGet(46)) - raft.server.threadpool.server.cached = true (default)
2022-07-12 21:03:57,577 [pool-73-thread-1] INFO  server.RaftServerConfigKeys (ConfUtils.java:logGet(46)) - raft.server.threadpool.server.size = 0 (default)
2022-07-12 21:03:57,577 [pool-73-thread-1] INFO  server.RaftServerConfigKeys (ConfUtils.java:logGet(46)) - raft.server.threadpool.client.cached = true (default)
2022-07-12 21:03:57,578 [pool-73-thread-1] INFO  server.RaftServerConfigKeys (ConfUtils.java:logGet(46)) - raft.server.threadpool.client.size = 0 (default)
2022-07-12 21:03:57,578 [pool-73-thread-1] INFO  server.RaftServer$Division (RaftServerImpl.java:start(310)) - b22e6e25-1e95-4e3d-b66d-658eeab2c33a@group-A388CC0A60BB: start as a follower, conf=-1: [7b64d61e-992d-46f7-bdd8-85e232d42a6f|rpc:10.1.0.20:38563|priority:0, a2583cd9-0c52-4aa7-80e6-e7269a14a582|rpc:10.1.0.20:44379|priority:1, b22e6e25-1e95-4e3d-b66d-658eeab2c33a|rpc:10.1.0.20:45285|priority:0], old=null
2022-07-12 21:03:57,578 [pool-73-thread-1] INFO  server.RaftServer$Division (RaftServerImpl.java:setRole(299)) - b22e6e25-1e95-4e3d-b66d-658eeab2c33a@group-A388CC0A60BB: changes role from      null to FOLLOWER at term 0 for startAsFollower
2022-07-12 21:03:57,578 [EventQueue-OpenPipelineForHealthyPipelineSafeModeRule] INFO  safemode.SCMSafeModeManager (HealthyPipelineSafeModeRule.java:process(124)) - SCM in safe mode. Healthy pipelines reported count is 0, required healthy pipeline reported count is 1
2022-07-12 21:03:57,578 [pool-96-thread-1] INFO  server.RaftServerConfigKeys (ConfUtils.java:logGet(46)) - raft.server.log.unsafe-flush.enabled = false (default)
2022-07-12 21:03:57,578 [pool-96-thread-1] INFO  server.RaftServerConfigKeys (ConfUtils.java:logGet(46)) - raft.server.log.statemachine.data.caching.enabled = true (custom)
2022-07-12 21:03:57,578 [pool-96-thread-1] INFO  segmented.SegmentedRaftLogWorker (SegmentedRaftLogWorker.java:lambda$new$0(135)) - a2583cd9-0c52-4aa7-80e6-e7269a14a582@group-A388CC0A60BB-SegmentedRaftLogWorker: flushIndex: setUnconditionally 0 -> -1
2022-07-12 21:03:57,578 [pool-96-thread-1] INFO  segmented.SegmentedRaftLogWorker (SegmentedRaftLogWorker.java:lambda$new$0(135)) - a2583cd9-0c52-4aa7-80e6-e7269a14a582@group-A388CC0A60BB-SegmentedRaftLogWorker: safeCacheEvictIndex: setUnconditionally 0 -> -1
2022-07-12 21:03:57,578 [pool-73-thread-1] INFO  impl.RoleInfo (RoleInfo.java:updateAndGet(139)) - b22e6e25-1e95-4e3d-b66d-658eeab2c33a: start b22e6e25-1e95-4e3d-b66d-658eeab2c33a@group-A388CC0A60BB-FollowerState
2022-07-12 21:03:57,579 [pool-96-thread-1] INFO  server.RaftServerConfigKeys (ConfUtils.java:logGet(46)) - raft.server.snapshot.auto.trigger.enabled = true (custom)
2022-07-12 21:03:57,579 [pool-96-thread-1] INFO  server.RaftServerConfigKeys (ConfUtils.java:logGet(46)) - raft.server.snapshot.auto.trigger.threshold = 10000 (custom)
2022-07-12 21:03:57,580 [pool-96-thread-1] INFO  server.RaftServerConfigKeys (ConfUtils.java:logGet(46)) - raft.server.snapshot.retention.file.num = 5 (custom)
2022-07-12 21:03:57,580 [pool-96-thread-1] INFO  server.RaftServerConfigKeys (ConfUtils.java:logGet(46)) - raft.server.log.purge.upto.snapshot.index = false (default)
2022-07-12 21:03:57,580 [pool-96-thread-1] INFO  server.RaftServerConfigKeys (ConfUtils.java:logGet(46)) - raft.server.retrycache.expirytime = 600000ms (custom)
2022-07-12 21:03:57,580 [pool-96-thread-1] INFO  server.RaftServerConfigKeys (ConfUtils.java:logGet(46)) - raft.server.retrycache.statistics.expirytime = 100μs (default)
2022-07-12 21:03:57,581 [pool-96-thread-1] INFO  server.RaftServerConfigKeys (ConfUtils.java:logGet(46)) - raft.server.log.appender.install.snapshot.enabled = false (custom)
2022-07-12 21:03:57,581 [pool-96-thread-1] INFO  server.RaftServerConfigKeys (ConfUtils.java:logGet(46)) - raft.server.threadpool.server.cached = true (default)
2022-07-12 21:03:57,581 [pool-96-thread-1] INFO  server.RaftServerConfigKeys (ConfUtils.java:logGet(46)) - raft.server.threadpool.server.size = 0 (default)
2022-07-12 21:03:57,581 [pool-96-thread-1] INFO  server.RaftServerConfigKeys (ConfUtils.java:logGet(46)) - raft.server.threadpool.client.cached = true (default)
2022-07-12 21:03:57,581 [pool-96-thread-1] INFO  server.RaftServerConfigKeys (ConfUtils.java:logGet(46)) - raft.server.threadpool.client.size = 0 (default)
2022-07-12 21:03:57,581 [pool-96-thread-1] INFO  server.RaftServer$Division (RaftServerImpl.java:start(310)) - a2583cd9-0c52-4aa7-80e6-e7269a14a582@group-A388CC0A60BB: start as a follower, conf=-1: [7b64d61e-992d-46f7-bdd8-85e232d42a6f|rpc:10.1.0.20:38563|priority:0, a2583cd9-0c52-4aa7-80e6-e7269a14a582|rpc:10.1.0.20:44379|priority:1, b22e6e25-1e95-4e3d-b66d-658eeab2c33a|rpc:10.1.0.20:45285|priority:0], old=null
2022-07-12 21:03:57,581 [pool-96-thread-1] INFO  server.RaftServer$Division (RaftServerImpl.java:setRole(299)) - a2583cd9-0c52-4aa7-80e6-e7269a14a582@group-A388CC0A60BB: changes role from      null to FOLLOWER at term 0 for startAsFollower
2022-07-12 21:03:57,581 [pool-96-thread-1] INFO  impl.RoleInfo (RoleInfo.java:updateAndGet(139)) - a2583cd9-0c52-4aa7-80e6-e7269a14a582: start a2583cd9-0c52-4aa7-80e6-e7269a14a582@group-A388CC0A60BB-FollowerState
2022-07-12 21:03:57,581 [pool-96-thread-1] INFO  util.JmxRegister (JmxRegister.java:tryRegister(44)) - Successfully registered JMX Bean with object name Ratis:service=RaftServer,group=group-A388CC0A60BB,id=a2583cd9-0c52-4aa7-80e6-e7269a14a582
2022-07-12 21:03:57,582 [Command processor thread] INFO  ratis.XceiverServerRatis (XceiverServerRatis.java:addGroup(765)) - Created group PipelineID=f2734cb1-6025-430b-a5e4-a388cc0a60bb
2022-07-12 21:03:57,586 [EventQueue-OpenPipelineForHealthyPipelineSafeModeRule] INFO  safemode.SCMSafeModeManager (HealthyPipelineSafeModeRule.java:process(124)) - SCM in safe mode. Healthy pipelines reported count is 0, required healthy pipeline reported count is 1
2022-07-12 21:03:57,587 [pool-73-thread-1] INFO  util.JmxRegister (JmxRegister.java:tryRegister(44)) - Successfully registered JMX Bean with object name Ratis:service=RaftServer,group=group-A388CC0A60BB,id=b22e6e25-1e95-4e3d-b66d-658eeab2c33a
2022-07-12 21:03:57,588 [Command processor thread] INFO  ratis.XceiverServerRatis (XceiverServerRatis.java:addGroup(765)) - Created group PipelineID=f2734cb1-6025-430b-a5e4-a388cc0a60bb
2022-07-12 21:03:57,603 [grpc-default-executor-1] INFO  server.RaftServer (RaftServerProxy.java:addNew(96)) - 7b64d61e-992d-46f7-bdd8-85e232d42a6f: addNew group-A388CC0A60BB:[7b64d61e-992d-46f7-bdd8-85e232d42a6f|rpc:10.1.0.20:38563|dataStream:|priority:0, a2583cd9-0c52-4aa7-80e6-e7269a14a582|rpc:10.1.0.20:44379|dataStream:|priority:1, b22e6e25-1e95-4e3d-b66d-658eeab2c33a|rpc:10.1.0.20:45285|dataStream:|priority:0] returns group-A388CC0A60BB:java.util.concurrent.CompletableFuture@28a12a60[Not completed]
2022-07-12 21:03:57,604 [pool-119-thread-1] INFO  server.RaftServer$Division (RaftServerImpl.java:<init>(190)) - 7b64d61e-992d-46f7-bdd8-85e232d42a6f: new RaftServerImpl for group-A388CC0A60BB:[7b64d61e-992d-46f7-bdd8-85e232d42a6f|rpc:10.1.0.20:38563|dataStream:|priority:0, a2583cd9-0c52-4aa7-80e6-e7269a14a582|rpc:10.1.0.20:44379|dataStream:|priority:1, b22e6e25-1e95-4e3d-b66d-658eeab2c33a|rpc:10.1.0.20:45285|dataStream:|priority:0] with ContainerStateMachine:uninitialized
2022-07-12 21:03:57,604 [pool-119-thread-1] INFO  server.RaftServerConfigKeys (ConfUtils.java:logGet(46)) - raft.server.rpc.timeout.min = 5s (custom)
2022-07-12 21:03:57,604 [pool-119-thread-1] INFO  server.RaftServerConfigKeys (ConfUtils.java:logGet(46)) - raft.server.rpc.timeout.max = 5200ms (custom)
2022-07-12 21:03:57,604 [pool-119-thread-1] INFO  server.RaftServerConfigKeys (ConfUtils.java:logGet(46)) - raft.server.rpc.sleep.time = 25ms (default)
2022-07-12 21:03:57,604 [pool-119-thread-1] INFO  server.RaftServerConfigKeys (ConfUtils.java:logGet(46)) - raft.server.rpc.slowness.timeout = 300s (custom)
2022-07-12 21:03:57,604 [pool-119-thread-1] INFO  server.RaftServerConfigKeys (ConfUtils.java:logGet(46)) - raft.server.leaderelection.leader.step-down.wait-time = 10s (default)
2022-07-12 21:03:57,604 [pool-119-thread-1] INFO  server.RaftServerConfigKeys (ConfUtils.java:logGet(46)) - raft.server.sleep.deviation.threshold = 300ms (default)
2022-07-12 21:03:57,604 [pool-119-thread-1] INFO  server.RaftServer$Division (ServerState.java:<init>(107)) - 7b64d61e-992d-46f7-bdd8-85e232d42a6f@group-A388CC0A60BB: ConfigurationManager, init=-1: [7b64d61e-992d-46f7-bdd8-85e232d42a6f|rpc:10.1.0.20:38563|dataStream:|priority:0, a2583cd9-0c52-4aa7-80e6-e7269a14a582|rpc:10.1.0.20:44379|dataStream:|priority:1, b22e6e25-1e95-4e3d-b66d-658eeab2c33a|rpc:10.1.0.20:45285|dataStream:|priority:0], old=null, confs=<EMPTY_MAP>
2022-07-12 21:03:57,604 [pool-119-thread-1] INFO  server.RaftServerConfigKeys (ConfUtils.java:logGet(46)) - raft.server.storage.dir = [/home/runner/work/ozone/ozone/hadoop-ozone/integration-test/target/test-dir/MiniOzoneClusterImpl-602e3c1e-9006-4844-b6f6-7d75904803ac/datanode-2/data/ratis] (custom)
2022-07-12 21:03:57,604 [pool-119-thread-1] INFO  server.RaftServerConfigKeys (ConfUtils.java:logGet(46)) - raft.server.log.corruption.policy = EXCEPTION (default)
2022-07-12 21:03:57,604 [pool-119-thread-1] INFO  server.RaftServerConfigKeys (ConfUtils.java:logGet(46)) - raft.server.storage.free-space.min = 0MB (=0) (default)
2022-07-12 21:03:57,605 [pool-119-thread-1] INFO  storage.RaftStorageDirectory (RaftStorageDirectoryImpl.java:analyzeStorage(135)) - The storage directory /home/runner/work/ozone/ozone/hadoop-ozone/integration-test/target/test-dir/MiniOzoneClusterImpl-602e3c1e-9006-4844-b6f6-7d75904803ac/datanode-2/data/ratis/f2734cb1-6025-430b-a5e4-a388cc0a60bb does not exist. Creating ...
2022-07-12 21:03:57,606 [pool-119-thread-1] INFO  storage.RaftStorageDirectory (RaftStorageDirectoryImpl.java:tryLock(230)) - Lock on /home/runner/work/ozone/ozone/hadoop-ozone/integration-test/target/test-dir/MiniOzoneClusterImpl-602e3c1e-9006-4844-b6f6-7d75904803ac/datanode-2/data/ratis/f2734cb1-6025-430b-a5e4-a388cc0a60bb/in_use.lock acquired by nodename 31611@fv-az452-57
2022-07-12 21:03:57,607 [pool-119-thread-1] INFO  storage.RaftStorage (RaftStorageImpl.java:format(89)) - Storage directory /home/runner/work/ozone/ozone/hadoop-ozone/integration-test/target/test-dir/MiniOzoneClusterImpl-602e3c1e-9006-4844-b6f6-7d75904803ac/datanode-2/data/ratis/f2734cb1-6025-430b-a5e4-a388cc0a60bb has been successfully formatted.
2022-07-12 21:03:57,608 [pool-119-thread-1] INFO  ratis.ContainerStateMachine (ContainerStateMachine.java:loadSnapshot(236)) - group-A388CC0A60BB: The snapshot info is null. Setting the last applied indexto:(t:0, i:~)
2022-07-12 21:03:57,608 [pool-119-thread-1] INFO  server.RaftServerConfigKeys (ConfUtils.java:logGet(46)) - raft.server.notification.no-leader.timeout = 300s (custom)
2022-07-12 21:03:57,608 [pool-119-thread-1] INFO  server.RaftServerConfigKeys (ConfUtils.java:logGet(46)) - raft.server.log.use.memory = false (default)
2022-07-12 21:03:57,608 [pool-119-thread-1] INFO  server.RaftServerConfigKeys (ConfUtils.java:logGet(46)) - raft.server.log.purge.gap = 1000000 (custom)
2022-07-12 21:03:57,608 [pool-119-thread-1] INFO  server.RaftServerConfigKeys (ConfUtils.java:logGet(46)) - raft.server.log.appender.buffer.byte-limit = 33554432 (custom)
2022-07-12 21:03:57,608 [pool-119-thread-1] INFO  server.RaftServerConfigKeys (ConfUtils.java:logGet(46)) - raft.server.log.statemachine.data.read.timeout = 1000ms (default)
2022-07-12 21:03:57,608 [pool-119-thread-1] INFO  server.RaftServerConfigKeys (ConfUtils.java:logGet(46)) - raft.server.log.segment.size.max = 1048576 (custom)
2022-07-12 21:03:57,609 [pool-119-thread-1] INFO  server.RaftServerConfigKeys (ConfUtils.java:logGet(46)) - raft.server.log.segment.cache.num.max = 2 (custom)
2022-07-12 21:03:57,609 [pool-119-thread-1] INFO  server.RaftServerConfigKeys (ConfUtils.java:logGet(46)) - raft.server.log.segment.cache.size.max = 200MB (=209715200) (default)
2022-07-12 21:03:57,609 [pool-119-thread-1] INFO  segmented.SegmentedRaftLogWorker (SegmentedRaftLogWorker.java:<init>(187)) - new 7b64d61e-992d-46f7-bdd8-85e232d42a6f@group-A388CC0A60BB-SegmentedRaftLogWorker for RaftStorageImpl:Storage Directory /home/runner/work/ozone/ozone/hadoop-ozone/integration-test/target/test-dir/MiniOzoneClusterImpl-602e3c1e-9006-4844-b6f6-7d75904803ac/datanode-2/data/ratis/f2734cb1-6025-430b-a5e4-a388cc0a60bb
2022-07-12 21:03:57,609 [pool-119-thread-1] INFO  server.RaftServerConfigKeys (ConfUtils.java:logGet(46)) - raft.server.log.queue.byte-limit = 4294967296 (custom)
2022-07-12 21:03:57,609 [pool-119-thread-1] INFO  server.RaftServerConfigKeys (ConfUtils.java:logGet(46)) - raft.server.log.queue.element-limit = 1024 (custom)
2022-07-12 21:03:57,609 [pool-119-thread-1] INFO  server.RaftServerConfigKeys (ConfUtils.java:logGet(46)) - raft.server.log.segment.size.max = 1048576 (custom)
2022-07-12 21:03:57,609 [pool-119-thread-1] INFO  server.RaftServerConfigKeys (ConfUtils.java:logGet(46)) - raft.server.log.preallocated.size = 16384 (custom)
2022-07-12 21:03:57,609 [pool-119-thread-1] INFO  server.RaftServerConfigKeys (ConfUtils.java:logGet(46)) - raft.server.log.force.sync.num = 128 (default)
2022-07-12 21:03:57,609 [pool-119-thread-1] INFO  server.RaftServerConfigKeys (ConfUtils.java:logGet(46)) - raft.server.log.statemachine.data.sync = true (default)
2022-07-12 21:03:57,609 [pool-119-thread-1] INFO  server.RaftServerConfigKeys (ConfUtils.java:logGet(46)) - raft.server.log.statemachine.data.sync.timeout = 10s (default)
2022-07-12 21:03:57,609 [pool-119-thread-1] INFO  server.RaftServerConfigKeys (ConfUtils.java:logGet(46)) - raft.server.log.statemachine.data.sync.timeout.retry = -1 (default)
2022-07-12 21:03:57,610 [pool-119-thread-1] INFO  server.RaftServerConfigKeys (ConfUtils.java:logGet(46)) - raft.server.log.write.buffer.size = 1048576 (custom)
2022-07-12 21:03:57,611 [pool-119-thread-1] INFO  server.RaftServerConfigKeys (ConfUtils.java:logGet(46)) - raft.server.log.unsafe-flush.enabled = false (default)
2022-07-12 21:03:57,611 [pool-119-thread-1] INFO  server.RaftServerConfigKeys (ConfUtils.java:logGet(46)) - raft.server.log.statemachine.data.caching.enabled = true (custom)
2022-07-12 21:03:57,611 [pool-119-thread-1] INFO  segmented.SegmentedRaftLogWorker (SegmentedRaftLogWorker.java:lambda$new$0(135)) - 7b64d61e-992d-46f7-bdd8-85e232d42a6f@group-A388CC0A60BB-SegmentedRaftLogWorker: flushIndex: setUnconditionally 0 -> -1
2022-07-12 21:03:57,611 [pool-119-thread-1] INFO  segmented.SegmentedRaftLogWorker (SegmentedRaftLogWorker.java:lambda$new$0(135)) - 7b64d61e-992d-46f7-bdd8-85e232d42a6f@group-A388CC0A60BB-SegmentedRaftLogWorker: safeCacheEvictIndex: setUnconditionally 0 -> -1
2022-07-12 21:03:57,611 [pool-119-thread-1] INFO  server.RaftServerConfigKeys (ConfUtils.java:logGet(46)) - raft.server.snapshot.auto.trigger.enabled = true (custom)
2022-07-12 21:03:57,612 [pool-119-thread-1] INFO  server.RaftServerConfigKeys (ConfUtils.java:logGet(46)) - raft.server.snapshot.auto.trigger.threshold = 10000 (custom)
2022-07-12 21:03:57,612 [pool-119-thread-1] INFO  server.RaftServerConfigKeys (ConfUtils.java:logGet(46)) - raft.server.snapshot.retention.file.num = 5 (custom)
2022-07-12 21:03:57,612 [pool-119-thread-1] INFO  server.RaftServerConfigKeys (ConfUtils.java:logGet(46)) - raft.server.log.purge.upto.snapshot.index = false (default)
2022-07-12 21:03:57,612 [pool-119-thread-1] INFO  server.RaftServerConfigKeys (ConfUtils.java:logGet(46)) - raft.server.retrycache.expirytime = 600000ms (custom)
2022-07-12 21:03:57,612 [pool-119-thread-1] INFO  server.RaftServerConfigKeys (ConfUtils.java:logGet(46)) - raft.server.retrycache.statistics.expirytime = 100μs (default)
2022-07-12 21:03:57,623 [pool-119-thread-1] INFO  server.RaftServerConfigKeys (ConfUtils.java:logGet(46)) - raft.server.log.appender.install.snapshot.enabled = false (custom)
2022-07-12 21:03:57,623 [pool-119-thread-1] INFO  server.RaftServerConfigKeys (ConfUtils.java:logGet(46)) - raft.server.threadpool.server.cached = true (default)
2022-07-12 21:03:57,623 [pool-119-thread-1] INFO  server.RaftServerConfigKeys (ConfUtils.java:logGet(46)) - raft.server.threadpool.server.size = 0 (default)
2022-07-12 21:03:57,623 [pool-119-thread-1] INFO  server.RaftServerConfigKeys (ConfUtils.java:logGet(46)) - raft.server.threadpool.client.cached = true (default)
2022-07-12 21:03:57,623 [pool-119-thread-1] INFO  server.RaftServerConfigKeys (ConfUtils.java:logGet(46)) - raft.server.threadpool.client.size = 0 (default)
2022-07-12 21:03:57,624 [pool-119-thread-1] INFO  server.RaftServer$Division (RaftServerImpl.java:start(310)) - 7b64d61e-992d-46f7-bdd8-85e232d42a6f@group-A388CC0A60BB: start as a follower, conf=-1: [7b64d61e-992d-46f7-bdd8-85e232d42a6f|rpc:10.1.0.20:38563|dataStream:|priority:0, a2583cd9-0c52-4aa7-80e6-e7269a14a582|rpc:10.1.0.20:44379|dataStream:|priority:1, b22e6e25-1e95-4e3d-b66d-658eeab2c33a|rpc:10.1.0.20:45285|dataStream:|priority:0], old=null
2022-07-12 21:03:57,624 [pool-119-thread-1] INFO  server.RaftServer$Division (RaftServerImpl.java:setRole(299)) - 7b64d61e-992d-46f7-bdd8-85e232d42a6f@group-A388CC0A60BB: changes role from      null to FOLLOWER at term 0 for startAsFollower
2022-07-12 21:03:57,624 [pool-119-thread-1] INFO  impl.RoleInfo (RoleInfo.java:updateAndGet(139)) - 7b64d61e-992d-46f7-bdd8-85e232d42a6f: start 7b64d61e-992d-46f7-bdd8-85e232d42a6f@group-A388CC0A60BB-FollowerState
2022-07-12 21:03:57,626 [pool-119-thread-1] INFO  util.JmxRegister (JmxRegister.java:tryRegister(44)) - Successfully registered JMX Bean with object name Ratis:service=RaftServer,group=group-A388CC0A60BB,id=7b64d61e-992d-46f7-bdd8-85e232d42a6f
2022-07-12 21:03:57,651 [Command processor thread] INFO  server.RaftServer (RaftServerProxy.java:addNew(96)) - 7b64d61e-992d-46f7-bdd8-85e232d42a6f: addNew group-99562771DEC1:[7b64d61e-992d-46f7-bdd8-85e232d42a6f|rpc:10.1.0.20:38563|priority:1] returns group-99562771DEC1:java.util.concurrent.CompletableFuture@60a84587[Not completed]
2022-07-12 21:03:57,652 [pool-119-thread-1] INFO  server.RaftServer$Division (RaftServerImpl.java:<init>(190)) - 7b64d61e-992d-46f7-bdd8-85e232d42a6f: new RaftServerImpl for group-99562771DEC1:[7b64d61e-992d-46f7-bdd8-85e232d42a6f|rpc:10.1.0.20:38563|priority:1] with ContainerStateMachine:uninitialized
2022-07-12 21:03:57,652 [pool-119-thread-1] INFO  server.RaftServerConfigKeys (ConfUtils.java:logGet(46)) - raft.server.rpc.timeout.min = 5s (custom)
2022-07-12 21:03:57,652 [pool-119-thread-1] INFO  server.RaftServerConfigKeys (ConfUtils.java:logGet(46)) - raft.server.rpc.timeout.max = 5200ms (custom)
2022-07-12 21:03:57,653 [pool-119-thread-1] INFO  server.RaftServerConfigKeys (ConfUtils.java:logGet(46)) - raft.server.rpc.sleep.time = 25ms (default)
2022-07-12 21:03:57,653 [pool-119-thread-1] INFO  server.RaftServerConfigKeys (ConfUtils.java:logGet(46)) - raft.server.rpc.slowness.timeout = 300s (custom)
2022-07-12 21:03:57,653 [pool-119-thread-1] INFO  server.RaftServerConfigKeys (ConfUtils.java:logGet(46)) - raft.server.leaderelection.leader.step-down.wait-time = 10s (default)
2022-07-12 21:03:57,653 [pool-119-thread-1] INFO  server.RaftServerConfigKeys (ConfUtils.java:logGet(46)) - raft.server.sleep.deviation.threshold = 300ms (default)
2022-07-12 21:03:57,653 [pool-119-thread-1] INFO  server.RaftServer$Division (ServerState.java:<init>(107)) - 7b64d61e-992d-46f7-bdd8-85e232d42a6f@group-99562771DEC1: ConfigurationManager, init=-1: [7b64d61e-992d-46f7-bdd8-85e232d42a6f|rpc:10.1.0.20:38563|priority:1], old=null, confs=<EMPTY_MAP>
2022-07-12 21:03:57,653 [pool-119-thread-1] INFO  server.RaftServerConfigKeys (ConfUtils.java:logGet(46)) - raft.server.storage.dir = [/home/runner/work/ozone/ozone/hadoop-ozone/integration-test/target/test-dir/MiniOzoneClusterImpl-602e3c1e-9006-4844-b6f6-7d75904803ac/datanode-2/data/ratis] (custom)
2022-07-12 21:03:57,653 [pool-119-thread-1] INFO  server.RaftServerConfigKeys (ConfUtils.java:logGet(46)) - raft.server.log.corruption.policy = EXCEPTION (default)
2022-07-12 21:03:57,653 [pool-119-thread-1] INFO  server.RaftServerConfigKeys (ConfUtils.java:logGet(46)) - raft.server.storage.free-space.min = 0MB (=0) (default)
2022-07-12 21:03:57,653 [pool-119-thread-1] INFO  storage.RaftStorageDirectory (RaftStorageDirectoryImpl.java:analyzeStorage(135)) - The storage directory /home/runner/work/ozone/ozone/hadoop-ozone/integration-test/target/test-dir/MiniOzoneClusterImpl-602e3c1e-9006-4844-b6f6-7d75904803ac/datanode-2/data/ratis/71172f23-2537-4663-b3bc-99562771dec1 does not exist. Creating ...
2022-07-12 21:03:57,660 [pool-119-thread-1] INFO  storage.RaftStorageDirectory (RaftStorageDirectoryImpl.java:tryLock(230)) - Lock on /home/runner/work/ozone/ozone/hadoop-ozone/integration-test/target/test-dir/MiniOzoneClusterImpl-602e3c1e-9006-4844-b6f6-7d75904803ac/datanode-2/data/ratis/71172f23-2537-4663-b3bc-99562771dec1/in_use.lock acquired by nodename 31611@fv-az452-57
2022-07-12 21:03:57,663 [pool-119-thread-1] INFO  storage.RaftStorage (RaftStorageImpl.java:format(89)) - Storage directory /home/runner/work/ozone/ozone/hadoop-ozone/integration-test/target/test-dir/MiniOzoneClusterImpl-602e3c1e-9006-4844-b6f6-7d75904803ac/datanode-2/data/ratis/71172f23-2537-4663-b3bc-99562771dec1 has been successfully formatted.
2022-07-12 21:03:57,663 [pool-119-thread-1] INFO  ratis.ContainerStateMachine (ContainerStateMachine.java:loadSnapshot(236)) - group-99562771DEC1: The snapshot info is null. Setting the last applied indexto:(t:0, i:~)
2022-07-12 21:03:57,663 [pool-119-thread-1] INFO  server.RaftServerConfigKeys (ConfUtils.java:logGet(46)) - raft.server.notification.no-leader.timeout = 300s (custom)
2022-07-12 21:03:57,663 [pool-119-thread-1] INFO  server.RaftServerConfigKeys (ConfUtils.java:logGet(46)) - raft.server.log.use.memory = false (default)
2022-07-12 21:03:57,663 [pool-119-thread-1] INFO  server.RaftServerConfigKeys (ConfUtils.java:logGet(46)) - raft.server.log.purge.gap = 1000000 (custom)
2022-07-12 21:03:57,664 [pool-119-thread-1] INFO  server.RaftServerConfigKeys (ConfUtils.java:logGet(46)) - raft.server.log.appender.buffer.byte-limit = 33554432 (custom)
2022-07-12 21:03:57,664 [pool-119-thread-1] INFO  server.RaftServerConfigKeys (ConfUtils.java:logGet(46)) - raft.server.log.statemachine.data.read.timeout = 1000ms (default)
2022-07-12 21:03:57,664 [pool-119-thread-1] INFO  server.RaftServerConfigKeys (ConfUtils.java:logGet(46)) - raft.server.log.segment.size.max = 1048576 (custom)
2022-07-12 21:03:57,665 [pool-119-thread-1] INFO  server.RaftServerConfigKeys (ConfUtils.java:logGet(46)) - raft.server.log.segment.cache.num.max = 2 (custom)
2022-07-12 21:03:57,665 [pool-119-thread-1] INFO  server.RaftServerConfigKeys (ConfUtils.java:logGet(46)) - raft.server.log.segment.cache.size.max = 200MB (=209715200) (default)
2022-07-12 21:03:57,665 [pool-119-thread-1] INFO  segmented.SegmentedRaftLogWorker (SegmentedRaftLogWorker.java:<init>(187)) - new 7b64d61e-992d-46f7-bdd8-85e232d42a6f@group-99562771DEC1-SegmentedRaftLogWorker for RaftStorageImpl:Storage Directory /home/runner/work/ozone/ozone/hadoop-ozone/integration-test/target/test-dir/MiniOzoneClusterImpl-602e3c1e-9006-4844-b6f6-7d75904803ac/datanode-2/data/ratis/71172f23-2537-4663-b3bc-99562771dec1
2022-07-12 21:03:57,665 [pool-119-thread-1] INFO  server.RaftServerConfigKeys (ConfUtils.java:logGet(46)) - raft.server.log.queue.byte-limit = 4294967296 (custom)
2022-07-12 21:03:57,665 [pool-119-thread-1] INFO  server.RaftServerConfigKeys (ConfUtils.java:logGet(46)) - raft.server.log.queue.element-limit = 1024 (custom)
2022-07-12 21:03:57,665 [pool-119-thread-1] INFO  server.RaftServerConfigKeys (ConfUtils.java:logGet(46)) - raft.server.log.segment.size.max = 1048576 (custom)
2022-07-12 21:03:57,665 [pool-119-thread-1] INFO  server.RaftServerConfigKeys (ConfUtils.java:logGet(46)) - raft.server.log.preallocated.size = 16384 (custom)
2022-07-12 21:03:57,665 [pool-119-thread-1] INFO  server.RaftServerConfigKeys (ConfUtils.java:logGet(46)) - raft.server.log.force.sync.num = 128 (default)
2022-07-12 21:03:57,665 [pool-119-thread-1] INFO  server.RaftServerConfigKeys (ConfUtils.java:logGet(46)) - raft.server.log.statemachine.data.sync = true (default)
2022-07-12 21:03:57,665 [pool-119-thread-1] INFO  server.RaftServerConfigKeys (ConfUtils.java:logGet(46)) - raft.server.log.statemachine.data.sync.timeout = 10s (default)
2022-07-12 21:03:57,665 [pool-119-thread-1] INFO  server.RaftServerConfigKeys (ConfUtils.java:logGet(46)) - raft.server.log.statemachine.data.sync.timeout.retry = -1 (default)
2022-07-12 21:03:57,666 [pool-119-thread-1] INFO  server.RaftServerConfigKeys (ConfUtils.java:logGet(46)) - raft.server.log.write.buffer.size = 1048576 (custom)
2022-07-12 21:03:57,667 [pool-119-thread-1] INFO  server.RaftServerConfigKeys (ConfUtils.java:logGet(46)) - raft.server.log.unsafe-flush.enabled = false (default)
2022-07-12 21:03:57,667 [pool-119-thread-1] INFO  server.RaftServerConfigKeys (ConfUtils.java:logGet(46)) - raft.server.log.statemachine.data.caching.enabled = true (custom)
2022-07-12 21:03:57,667 [pool-119-thread-1] INFO  segmented.SegmentedRaftLogWorker (SegmentedRaftLogWorker.java:lambda$new$0(135)) - 7b64d61e-992d-46f7-bdd8-85e232d42a6f@group-99562771DEC1-SegmentedRaftLogWorker: flushIndex: setUnconditionally 0 -> -1
2022-07-12 21:03:57,667 [pool-119-thread-1] INFO  segmented.SegmentedRaftLogWorker (SegmentedRaftLogWorker.java:lambda$new$0(135)) - 7b64d61e-992d-46f7-bdd8-85e232d42a6f@group-99562771DEC1-SegmentedRaftLogWorker: safeCacheEvictIndex: setUnconditionally 0 -> -1
2022-07-12 21:03:57,675 [pool-119-thread-1] INFO  server.RaftServerConfigKeys (ConfUtils.java:logGet(46)) - raft.server.snapshot.auto.trigger.enabled = true (custom)
2022-07-12 21:03:57,675 [pool-119-thread-1] INFO  server.RaftServerConfigKeys (ConfUtils.java:logGet(46)) - raft.server.snapshot.auto.trigger.threshold = 10000 (custom)
2022-07-12 21:03:57,675 [pool-119-thread-1] INFO  server.RaftServerConfigKeys (ConfUtils.java:logGet(46)) - raft.server.snapshot.retention.file.num = 5 (custom)
2022-07-12 21:03:57,675 [pool-119-thread-1] INFO  server.RaftServerConfigKeys (ConfUtils.java:logGet(46)) - raft.server.log.purge.upto.snapshot.index = false (default)
2022-07-12 21:03:57,675 [pool-119-thread-1] INFO  server.RaftServerConfigKeys (ConfUtils.java:logGet(46)) - raft.server.retrycache.expirytime = 600000ms (custom)
2022-07-12 21:03:57,675 [pool-119-thread-1] INFO  server.RaftServerConfigKeys (ConfUtils.java:logGet(46)) - raft.server.retrycache.statistics.expirytime = 100μs (default)
2022-07-12 21:03:57,676 [pool-119-thread-1] INFO  server.RaftServerConfigKeys (ConfUtils.java:logGet(46)) - raft.server.log.appender.install.snapshot.enabled = false (custom)
2022-07-12 21:03:57,676 [pool-119-thread-1] INFO  server.RaftServerConfigKeys (ConfUtils.java:logGet(46)) - raft.server.threadpool.server.cached = true (default)
2022-07-12 21:03:57,676 [pool-119-thread-1] INFO  server.RaftServerConfigKeys (ConfUtils.java:logGet(46)) - raft.server.threadpool.server.size = 0 (default)
2022-07-12 21:03:57,676 [pool-119-thread-1] INFO  server.RaftServerConfigKeys (ConfUtils.java:logGet(46)) - raft.server.threadpool.client.cached = true (default)
2022-07-12 21:03:57,676 [pool-119-thread-1] INFO  server.RaftServerConfigKeys (ConfUtils.java:logGet(46)) - raft.server.threadpool.client.size = 0 (default)
2022-07-12 21:03:57,677 [pool-119-thread-1] INFO  server.RaftServer$Division (RaftServerImpl.java:start(310)) - 7b64d61e-992d-46f7-bdd8-85e232d42a6f@group-99562771DEC1: start as a follower, conf=-1: [7b64d61e-992d-46f7-bdd8-85e232d42a6f|rpc:10.1.0.20:38563|priority:1], old=null
2022-07-12 21:03:57,677 [pool-119-thread-1] INFO  server.RaftServer$Division (RaftServerImpl.java:setRole(299)) - 7b64d61e-992d-46f7-bdd8-85e232d42a6f@group-99562771DEC1: changes role from      null to FOLLOWER at term 0 for startAsFollower
2022-07-12 21:03:57,677 [pool-119-thread-1] INFO  impl.RoleInfo (RoleInfo.java:updateAndGet(139)) - 7b64d61e-992d-46f7-bdd8-85e232d42a6f: start 7b64d61e-992d-46f7-bdd8-85e232d42a6f@group-99562771DEC1-FollowerState
2022-07-12 21:03:57,677 [pool-119-thread-1] INFO  util.JmxRegister (JmxRegister.java:tryRegister(44)) - Successfully registered JMX Bean with object name Ratis:service=RaftServer,group=group-99562771DEC1,id=7b64d61e-992d-46f7-bdd8-85e232d42a6f
2022-07-12 21:03:57,678 [Command processor thread] INFO  ratis.XceiverServerRatis (XceiverServerRatis.java:addGroup(765)) - Created group PipelineID=71172f23-2537-4663-b3bc-99562771dec1
2022-07-12 21:03:57,678 [Command processor thread] INFO  commandhandler.CreatePipelineCommandHandler (CreatePipelineCommandHandler.java:handle(113)) - Created Pipeline RATIS ONE PipelineID=71172f23-2537-4663-b3bc-99562771dec1.
2022-07-12 21:03:57,685 [EventQueue-PipelineReportForPipelineReportHandler] INFO  pipeline.PipelineManagerImpl (PipelineManagerImpl.java:openPipeline(359)) - Pipeline Pipeline[ Id: 71172f23-2537-4663-b3bc-99562771dec1, Nodes: 7b64d61e-992d-46f7-bdd8-85e232d42a6f{ip: 10.1.0.20, host: fv-az452-57.ku3lqr0aiaqu5kfj3xdpchcrvd.dx.internal.cloudapp.net, ports: [REPLICATION=35039, RATIS=38563, RATIS_ADMIN=38563, RATIS_SERVER=38563, STANDALONE=34815], networkLocation: /default-rack, certSerialId: null, persistedOpState: IN_SERVICE, persistedOpStateExpiryEpochSec: 0}, ReplicationConfig: RATIS/ONE, State:ALLOCATED, leaderId:7b64d61e-992d-46f7-bdd8-85e232d42a6f, CreationTimestamp2022-07-12T21:03:54.655Z[Etc/UTC]] moved to OPEN state
2022-07-12 21:03:57,686 [EventQueue-OpenPipelineForHealthyPipelineSafeModeRule] INFO  safemode.SCMSafeModeManager (HealthyPipelineSafeModeRule.java:process(124)) - SCM in safe mode. Healthy pipelines reported count is 0, required healthy pipeline reported count is 1
2022-07-12 21:03:57,725 [Command processor thread] INFO  commandhandler.CreatePipelineCommandHandler (CreatePipelineCommandHandler.java:handle(113)) - Created Pipeline RATIS THREE PipelineID=f2734cb1-6025-430b-a5e4-a388cc0a60bb.
2022-07-12 21:03:57,728 [Command processor thread] INFO  commandhandler.CreatePipelineCommandHandler (CreatePipelineCommandHandler.java:handle(113)) - Created Pipeline RATIS THREE PipelineID=f2734cb1-6025-430b-a5e4-a388cc0a60bb.
2022-07-12 21:03:58,003 [Command processor thread] INFO  server.RaftServer (RaftServerProxy.java:addNew(96)) - b9db4bf7-af66-49a0-9c75-3548e23876bf: addNew group-D121E209FD50:[b9db4bf7-af66-49a0-9c75-3548e23876bf|rpc:10.1.0.20:39019|priority:1] returns group-D121E209FD50:java.util.concurrent.CompletableFuture@702c928[Not completed]
2022-07-12 21:03:58,004 [pool-142-thread-1] INFO  server.RaftServer$Division (RaftServerImpl.java:<init>(190)) - b9db4bf7-af66-49a0-9c75-3548e23876bf: new RaftServerImpl for group-D121E209FD50:[b9db4bf7-af66-49a0-9c75-3548e23876bf|rpc:10.1.0.20:39019|priority:1] with ContainerStateMachine:uninitialized
2022-07-12 21:03:58,009 [pool-142-thread-1] INFO  server.RaftServerConfigKeys (ConfUtils.java:logGet(46)) - raft.server.rpc.timeout.min = 5s (custom)
2022-07-12 21:03:58,009 [pool-142-thread-1] INFO  server.RaftServerConfigKeys (ConfUtils.java:logGet(46)) - raft.server.rpc.timeout.max = 5200ms (custom)
2022-07-12 21:03:58,009 [pool-142-thread-1] INFO  server.RaftServerConfigKeys (ConfUtils.java:logGet(46)) - raft.server.rpc.sleep.time = 25ms (default)
2022-07-12 21:03:58,010 [pool-142-thread-1] INFO  server.RaftServerConfigKeys (ConfUtils.java:logGet(46)) - raft.server.rpc.slowness.timeout = 300s (custom)
2022-07-12 21:03:58,010 [pool-142-thread-1] INFO  server.RaftServerConfigKeys (ConfUtils.java:logGet(46)) - raft.server.leaderelection.leader.step-down.wait-time = 10s (default)
2022-07-12 21:03:58,010 [pool-142-thread-1] INFO  server.RaftServerConfigKeys (ConfUtils.java:logGet(46)) - raft.server.sleep.deviation.threshold = 300ms (default)
2022-07-12 21:03:58,010 [pool-142-thread-1] INFO  server.RaftServer$Division (ServerState.java:<init>(107)) - b9db4bf7-af66-49a0-9c75-3548e23876bf@group-D121E209FD50: ConfigurationManager, init=-1: [b9db4bf7-af66-49a0-9c75-3548e23876bf|rpc:10.1.0.20:39019|priority:1], old=null, confs=<EMPTY_MAP>
2022-07-12 21:03:58,010 [pool-142-thread-1] INFO  server.RaftServerConfigKeys (ConfUtils.java:logGet(46)) - raft.server.storage.dir = [/home/runner/work/ozone/ozone/hadoop-ozone/integration-test/target/test-dir/MiniOzoneClusterImpl-602e3c1e-9006-4844-b6f6-7d75904803ac/datanode-3/data/ratis] (custom)
2022-07-12 21:03:58,010 [pool-142-thread-1] INFO  server.RaftServerConfigKeys (ConfUtils.java:logGet(46)) - raft.server.log.corruption.policy = EXCEPTION (default)
2022-07-12 21:03:58,010 [pool-142-thread-1] INFO  server.RaftServerConfigKeys (ConfUtils.java:logGet(46)) - raft.server.storage.free-space.min = 0MB (=0) (default)
2022-07-12 21:03:58,010 [pool-142-thread-1] INFO  storage.RaftStorageDirectory (RaftStorageDirectoryImpl.java:analyzeStorage(135)) - The storage directory /home/runner/work/ozone/ozone/hadoop-ozone/integration-test/target/test-dir/MiniOzoneClusterImpl-602e3c1e-9006-4844-b6f6-7d75904803ac/datanode-3/data/ratis/16ebc10a-ecb3-42f2-869c-d121e209fd50 does not exist. Creating ...
2022-07-12 21:03:58,012 [pool-142-thread-1] INFO  storage.RaftStorageDirectory (RaftStorageDirectoryImpl.java:tryLock(230)) - Lock on /home/runner/work/ozone/ozone/hadoop-ozone/integration-test/target/test-dir/MiniOzoneClusterImpl-602e3c1e-9006-4844-b6f6-7d75904803ac/datanode-3/data/ratis/16ebc10a-ecb3-42f2-869c-d121e209fd50/in_use.lock acquired by nodename 31611@fv-az452-57
2022-07-12 21:03:58,014 [pool-142-thread-1] INFO  storage.RaftStorage (RaftStorageImpl.java:format(89)) - Storage directory /home/runner/work/ozone/ozone/hadoop-ozone/integration-test/target/test-dir/MiniOzoneClusterImpl-602e3c1e-9006-4844-b6f6-7d75904803ac/datanode-3/data/ratis/16ebc10a-ecb3-42f2-869c-d121e209fd50 has been successfully formatted.
2022-07-12 21:03:58,015 [pool-142-thread-1] INFO  ratis.ContainerStateMachine (ContainerStateMachine.java:loadSnapshot(236)) - group-D121E209FD50: The snapshot info is null. Setting the last applied indexto:(t:0, i:~)
2022-07-12 21:03:58,015 [pool-142-thread-1] INFO  server.RaftServerConfigKeys (ConfUtils.java:logGet(46)) - raft.server.notification.no-leader.timeout = 300s (custom)
2022-07-12 21:03:58,015 [pool-142-thread-1] INFO  server.RaftServerConfigKeys (ConfUtils.java:logGet(46)) - raft.server.log.use.memory = false (default)
2022-07-12 21:03:58,015 [pool-142-thread-1] INFO  server.RaftServerConfigKeys (ConfUtils.java:logGet(46)) - raft.server.log.purge.gap = 1000000 (custom)
2022-07-12 21:03:58,015 [pool-142-thread-1] INFO  server.RaftServerConfigKeys (ConfUtils.java:logGet(46)) - raft.server.log.appender.buffer.byte-limit = 33554432 (custom)
2022-07-12 21:03:58,015 [pool-142-thread-1] INFO  server.RaftServerConfigKeys (ConfUtils.java:logGet(46)) - raft.server.log.statemachine.data.read.timeout = 1000ms (default)
2022-07-12 21:03:58,015 [pool-142-thread-1] INFO  server.RaftServerConfigKeys (ConfUtils.java:logGet(46)) - raft.server.log.segment.size.max = 1048576 (custom)
2022-07-12 21:03:58,017 [EventQueue-PipelineReportForPipelineReportHandler] INFO  pipeline.PipelineManagerImpl (PipelineManagerImpl.java:openPipeline(359)) - Pipeline Pipeline[ Id: 16ebc10a-ecb3-42f2-869c-d121e209fd50, Nodes: b9db4bf7-af66-49a0-9c75-3548e23876bf{ip: 10.1.0.20, host: fv-az452-57.ku3lqr0aiaqu5kfj3xdpchcrvd.dx.internal.cloudapp.net, ports: [REPLICATION=34001, RATIS=39019, RATIS_ADMIN=39019, RATIS_SERVER=39019, STANDALONE=34003], networkLocation: /default-rack, certSerialId: null, persistedOpState: IN_SERVICE, persistedOpStateExpiryEpochSec: 0}, ReplicationConfig: RATIS/ONE, State:ALLOCATED, leaderId:b9db4bf7-af66-49a0-9c75-3548e23876bf, CreationTimestamp2022-07-12T21:03:55.005Z[Etc/UTC]] moved to OPEN state
2022-07-12 21:03:58,020 [pool-142-thread-1] INFO  server.RaftServerConfigKeys (ConfUtils.java:logGet(46)) - raft.server.log.segment.cache.num.max = 2 (custom)
2022-07-12 21:03:58,020 [pool-142-thread-1] INFO  server.RaftServerConfigKeys (ConfUtils.java:logGet(46)) - raft.server.log.segment.cache.size.max = 200MB (=209715200) (default)
2022-07-12 21:03:58,020 [pool-142-thread-1] INFO  segmented.SegmentedRaftLogWorker (SegmentedRaftLogWorker.java:<init>(187)) - new b9db4bf7-af66-49a0-9c75-3548e23876bf@group-D121E209FD50-SegmentedRaftLogWorker for RaftStorageImpl:Storage Directory /home/runner/work/ozone/ozone/hadoop-ozone/integration-test/target/test-dir/MiniOzoneClusterImpl-602e3c1e-9006-4844-b6f6-7d75904803ac/datanode-3/data/ratis/16ebc10a-ecb3-42f2-869c-d121e209fd50
2022-07-12 21:03:58,020 [pool-142-thread-1] INFO  server.RaftServerConfigKeys (ConfUtils.java:logGet(46)) - raft.server.log.queue.byte-limit = 4294967296 (custom)
2022-07-12 21:03:58,020 [pool-142-thread-1] INFO  server.RaftServerConfigKeys (ConfUtils.java:logGet(46)) - raft.server.log.queue.element-limit = 1024 (custom)
2022-07-12 21:03:58,020 [pool-142-thread-1] INFO  server.RaftServerConfigKeys (ConfUtils.java:logGet(46)) - raft.server.log.segment.size.max = 1048576 (custom)
2022-07-12 21:03:58,020 [pool-142-thread-1] INFO  server.RaftServerConfigKeys (ConfUtils.java:logGet(46)) - raft.server.log.preallocated.size = 16384 (custom)
2022-07-12 21:03:58,020 [pool-142-thread-1] INFO  server.RaftServerConfigKeys (ConfUtils.java:logGet(46)) - raft.server.log.force.sync.num = 128 (default)
2022-07-12 21:03:58,020 [pool-142-thread-1] INFO  server.RaftServerConfigKeys (ConfUtils.java:logGet(46)) - raft.server.log.statemachine.data.sync = true (default)
2022-07-12 21:03:58,020 [pool-142-thread-1] INFO  server.RaftServerConfigKeys (ConfUtils.java:logGet(46)) - raft.server.log.statemachine.data.sync.timeout = 10s (default)
2022-07-12 21:03:58,020 [pool-142-thread-1] INFO  server.RaftServerConfigKeys (ConfUtils.java:logGet(46)) - raft.server.log.statemachine.data.sync.timeout.retry = -1 (default)
2022-07-12 21:03:58,021 [pool-142-thread-1] INFO  server.RaftServerConfigKeys (ConfUtils.java:logGet(46)) - raft.server.log.write.buffer.size = 1048576 (custom)
2022-07-12 21:03:58,021 [pool-142-thread-1] INFO  server.RaftServerConfigKeys (ConfUtils.java:logGet(46)) - raft.server.log.unsafe-flush.enabled = false (default)
2022-07-12 21:03:58,021 [pool-142-thread-1] INFO  server.RaftServerConfigKeys (ConfUtils.java:logGet(46)) - raft.server.log.statemachine.data.caching.enabled = true (custom)
2022-07-12 21:03:58,022 [pool-142-thread-1] INFO  segmented.SegmentedRaftLogWorker (SegmentedRaftLogWorker.java:lambda$new$0(135)) - b9db4bf7-af66-49a0-9c75-3548e23876bf@group-D121E209FD50-SegmentedRaftLogWorker: flushIndex: setUnconditionally 0 -> -1
2022-07-12 21:03:58,022 [pool-142-thread-1] INFO  segmented.SegmentedRaftLogWorker (SegmentedRaftLogWorker.java:lambda$new$0(135)) - b9db4bf7-af66-49a0-9c75-3548e23876bf@group-D121E209FD50-SegmentedRaftLogWorker: safeCacheEvictIndex: setUnconditionally 0 -> -1
2022-07-12 21:03:58,023 [EventQueue-OpenPipelineForHealthyPipelineSafeModeRule] INFO  safemode.SCMSafeModeManager (HealthyPipelineSafeModeRule.java:process(124)) - SCM in safe mode. Healthy pipelines reported count is 0, required healthy pipeline reported count is 1
2022-07-12 21:03:58,024 [pool-142-thread-1] INFO  server.RaftServerConfigKeys (ConfUtils.java:logGet(46)) - raft.server.snapshot.auto.trigger.enabled = true (custom)
2022-07-12 21:03:58,024 [pool-142-thread-1] INFO  server.RaftServerConfigKeys (ConfUtils.java:logGet(46)) - raft.server.snapshot.auto.trigger.threshold = 10000 (custom)
2022-07-12 21:03:58,024 [pool-142-thread-1] INFO  server.RaftServerConfigKeys (ConfUtils.java:logGet(46)) - raft.server.snapshot.retention.file.num = 5 (custom)
2022-07-12 21:03:58,024 [pool-142-thread-1] INFO  server.RaftServerConfigKeys (ConfUtils.java:logGet(46)) - raft.server.log.purge.upto.snapshot.index = false (default)
2022-07-12 21:03:58,024 [pool-142-thread-1] INFO  server.RaftServerConfigKeys (ConfUtils.java:logGet(46)) - raft.server.retrycache.expirytime = 600000ms (custom)
2022-07-12 21:03:58,024 [pool-142-thread-1] INFO  server.RaftServerConfigKeys (ConfUtils.java:logGet(46)) - raft.server.retrycache.statistics.expirytime = 100μs (default)
2022-07-12 21:03:58,025 [pool-142-thread-1] INFO  server.RaftServerConfigKeys (ConfUtils.java:logGet(46)) - raft.server.log.appender.install.snapshot.enabled = false (custom)
2022-07-12 21:03:58,025 [pool-142-thread-1] INFO  server.RaftServerConfigKeys (ConfUtils.java:logGet(46)) - raft.server.threadpool.server.cached = true (default)
2022-07-12 21:03:58,025 [pool-142-thread-1] INFO  server.RaftServerConfigKeys (ConfUtils.java:logGet(46)) - raft.server.threadpool.server.size = 0 (default)
2022-07-12 21:03:58,025 [pool-142-thread-1] INFO  server.RaftServerConfigKeys (ConfUtils.java:logGet(46)) - raft.server.threadpool.client.cached = true (default)
2022-07-12 21:03:58,025 [pool-142-thread-1] INFO  server.RaftServerConfigKeys (ConfUtils.java:logGet(46)) - raft.server.threadpool.client.size = 0 (default)
2022-07-12 21:03:58,026 [pool-142-thread-1] INFO  server.RaftServer$Division (RaftServerImpl.java:start(310)) - b9db4bf7-af66-49a0-9c75-3548e23876bf@group-D121E209FD50: start as a follower, conf=-1: [b9db4bf7-af66-49a0-9c75-3548e23876bf|rpc:10.1.0.20:39019|priority:1], old=null
2022-07-12 21:03:58,026 [pool-142-thread-1] INFO  server.RaftServer$Division (RaftServerImpl.java:setRole(299)) - b9db4bf7-af66-49a0-9c75-3548e23876bf@group-D121E209FD50: changes role from      null to FOLLOWER at term 0 for startAsFollower
2022-07-12 21:03:58,026 [pool-142-thread-1] INFO  impl.RoleInfo (RoleInfo.java:updateAndGet(139)) - b9db4bf7-af66-49a0-9c75-3548e23876bf: start b9db4bf7-af66-49a0-9c75-3548e23876bf@group-D121E209FD50-FollowerState
2022-07-12 21:03:58,026 [pool-142-thread-1] INFO  util.JmxRegister (JmxRegister.java:tryRegister(44)) - Successfully registered JMX Bean with object name Ratis:service=RaftServer,group=group-D121E209FD50,id=b9db4bf7-af66-49a0-9c75-3548e23876bf
2022-07-12 21:03:58,027 [Command processor thread] INFO  ratis.XceiverServerRatis (XceiverServerRatis.java:addGroup(765)) - Created group PipelineID=16ebc10a-ecb3-42f2-869c-d121e209fd50
2022-07-12 21:03:58,027 [Command processor thread] INFO  commandhandler.CreatePipelineCommandHandler (CreatePipelineCommandHandler.java:handle(113)) - Created Pipeline RATIS ONE PipelineID=16ebc10a-ecb3-42f2-869c-d121e209fd50.
2022-07-12 21:03:58,352 [Listener at 127.0.0.1/43377] INFO  ozone.MiniOzoneClusterImpl (MiniOzoneClusterImpl.java:lambda$waitForClusterToBeReady$0(223)) - Nodes are ready. Got 5 of 5 DN Heartbeats.
2022-07-12 21:03:58,352 [Listener at 127.0.0.1/43377] INFO  ozone.MiniOzoneClusterImpl (MiniOzoneClusterImpl.java:lambda$waitForClusterToBeReady$0(226)) - Waiting for cluster to exit safe mode
2022-07-12 21:03:58,352 [Listener at 127.0.0.1/43377] INFO  ozone.MiniOzoneClusterImpl (MiniOzoneClusterImpl.java:lambda$waitForClusterToBeReady$0(228)) - SCM became leader
2022-07-12 21:03:58,365 [Command processor thread] INFO  server.RaftServer (RaftServerProxy.java:addNew(96)) - 046fb0e2-bb03-40db-8ebc-6f41cc3991b2: addNew group-8244C7F57B47:[046fb0e2-bb03-40db-8ebc-6f41cc3991b2|rpc:10.1.0.20:36213|priority:1] returns group-8244C7F57B47:java.util.concurrent.CompletableFuture@64c3252c[Not completed]
2022-07-12 21:03:58,372 [pool-165-thread-1] INFO  server.RaftServer$Division (RaftServerImpl.java:<init>(190)) - 046fb0e2-bb03-40db-8ebc-6f41cc3991b2: new RaftServerImpl for group-8244C7F57B47:[046fb0e2-bb03-40db-8ebc-6f41cc3991b2|rpc:10.1.0.20:36213|priority:1] with ContainerStateMachine:uninitialized
2022-07-12 21:03:58,372 [pool-165-thread-1] INFO  server.RaftServerConfigKeys (ConfUtils.java:logGet(46)) - raft.server.rpc.timeout.min = 5s (custom)
2022-07-12 21:03:58,372 [pool-165-thread-1] INFO  server.RaftServerConfigKeys (ConfUtils.java:logGet(46)) - raft.server.rpc.timeout.max = 5200ms (custom)
2022-07-12 21:03:58,372 [pool-165-thread-1] INFO  server.RaftServerConfigKeys (ConfUtils.java:logGet(46)) - raft.server.rpc.sleep.time = 25ms (default)
2022-07-12 21:03:58,372 [pool-165-thread-1] INFO  server.RaftServerConfigKeys (ConfUtils.java:logGet(46)) - raft.server.rpc.slowness.timeout = 300s (custom)
2022-07-12 21:03:58,372 [pool-165-thread-1] INFO  server.RaftServerConfigKeys (ConfUtils.java:logGet(46)) - raft.server.leaderelection.leader.step-down.wait-time = 10s (default)
2022-07-12 21:03:58,372 [pool-165-thread-1] INFO  server.RaftServerConfigKeys (ConfUtils.java:logGet(46)) - raft.server.sleep.deviation.threshold = 300ms (default)
2022-07-12 21:03:58,373 [pool-165-thread-1] INFO  server.RaftServer$Division (ServerState.java:<init>(107)) - 046fb0e2-bb03-40db-8ebc-6f41cc3991b2@group-8244C7F57B47: ConfigurationManager, init=-1: [046fb0e2-bb03-40db-8ebc-6f41cc3991b2|rpc:10.1.0.20:36213|priority:1], old=null, confs=<EMPTY_MAP>
2022-07-12 21:03:58,373 [pool-165-thread-1] INFO  server.RaftServerConfigKeys (ConfUtils.java:logGet(46)) - raft.server.storage.dir = [/home/runner/work/ozone/ozone/hadoop-ozone/integration-test/target/test-dir/MiniOzoneClusterImpl-602e3c1e-9006-4844-b6f6-7d75904803ac/datanode-4/data/ratis] (custom)
2022-07-12 21:03:58,373 [pool-165-thread-1] INFO  server.RaftServerConfigKeys (ConfUtils.java:logGet(46)) - raft.server.log.corruption.policy = EXCEPTION (default)
2022-07-12 21:03:58,373 [pool-165-thread-1] INFO  server.RaftServerConfigKeys (ConfUtils.java:logGet(46)) - raft.server.storage.free-space.min = 0MB (=0) (default)
2022-07-12 21:03:58,373 [pool-165-thread-1] INFO  storage.RaftStorageDirectory (RaftStorageDirectoryImpl.java:analyzeStorage(135)) - The storage directory /home/runner/work/ozone/ozone/hadoop-ozone/integration-test/target/test-dir/MiniOzoneClusterImpl-602e3c1e-9006-4844-b6f6-7d75904803ac/datanode-4/data/ratis/5661279e-d990-4f9f-bf18-8244c7f57b47 does not exist. Creating ...
2022-07-12 21:03:58,375 [pool-165-thread-1] INFO  storage.RaftStorageDirectory (RaftStorageDirectoryImpl.java:tryLock(230)) - Lock on /home/runner/work/ozone/ozone/hadoop-ozone/integration-test/target/test-dir/MiniOzoneClusterImpl-602e3c1e-9006-4844-b6f6-7d75904803ac/datanode-4/data/ratis/5661279e-d990-4f9f-bf18-8244c7f57b47/in_use.lock acquired by nodename 31611@fv-az452-57
2022-07-12 21:03:58,376 [pool-165-thread-1] INFO  storage.RaftStorage (RaftStorageImpl.java:format(89)) - Storage directory /home/runner/work/ozone/ozone/hadoop-ozone/integration-test/target/test-dir/MiniOzoneClusterImpl-602e3c1e-9006-4844-b6f6-7d75904803ac/datanode-4/data/ratis/5661279e-d990-4f9f-bf18-8244c7f57b47 has been successfully formatted.
2022-07-12 21:03:58,377 [pool-165-thread-1] INFO  ratis.ContainerStateMachine (ContainerStateMachine.java:loadSnapshot(236)) - group-8244C7F57B47: The snapshot info is null. Setting the last applied indexto:(t:0, i:~)
2022-07-12 21:03:58,377 [pool-165-thread-1] INFO  server.RaftServerConfigKeys (ConfUtils.java:logGet(46)) - raft.server.notification.no-leader.timeout = 300s (custom)
2022-07-12 21:03:58,377 [pool-165-thread-1] INFO  server.RaftServerConfigKeys (ConfUtils.java:logGet(46)) - raft.server.log.use.memory = false (default)
2022-07-12 21:03:58,377 [pool-165-thread-1] INFO  server.RaftServerConfigKeys (ConfUtils.java:logGet(46)) - raft.server.log.purge.gap = 1000000 (custom)
2022-07-12 21:03:58,377 [pool-165-thread-1] INFO  server.RaftServerConfigKeys (ConfUtils.java:logGet(46)) - raft.server.log.appender.buffer.byte-limit = 33554432 (custom)
2022-07-12 21:03:58,378 [pool-165-thread-1] INFO  server.RaftServerConfigKeys (ConfUtils.java:logGet(46)) - raft.server.log.statemachine.data.read.timeout = 1000ms (default)
2022-07-12 21:03:58,380 [EventQueue-PipelineReportForPipelineReportHandler] INFO  pipeline.PipelineManagerImpl (PipelineManagerImpl.java:openPipeline(359)) - Pipeline Pipeline[ Id: 5661279e-d990-4f9f-bf18-8244c7f57b47, Nodes: 046fb0e2-bb03-40db-8ebc-6f41cc3991b2{ip: 10.1.0.20, host: fv-az452-57.ku3lqr0aiaqu5kfj3xdpchcrvd.dx.internal.cloudapp.net, ports: [REPLICATION=39015, RATIS=36213, RATIS_ADMIN=36213, RATIS_SERVER=36213, STANDALONE=37525], networkLocation: /default-rack, certSerialId: null, persistedOpState: IN_SERVICE, persistedOpStateExpiryEpochSec: 0}, ReplicationConfig: RATIS/ONE, State:ALLOCATED, leaderId:046fb0e2-bb03-40db-8ebc-6f41cc3991b2, CreationTimestamp2022-07-12T21:03:55.368Z[Etc/UTC]] moved to OPEN state
2022-07-12 21:03:58,381 [EventQueue-OpenPipelineForHealthyPipelineSafeModeRule] INFO  safemode.SCMSafeModeManager (HealthyPipelineSafeModeRule.java:process(124)) - SCM in safe mode. Healthy pipelines reported count is 0, required healthy pipeline reported count is 1
2022-07-12 21:03:58,382 [pool-165-thread-1] INFO  server.RaftServerConfigKeys (ConfUtils.java:logGet(46)) - raft.server.log.segment.size.max = 1048576 (custom)
2022-07-12 21:03:58,383 [pool-165-thread-1] INFO  server.RaftServerConfigKeys (ConfUtils.java:logGet(46)) - raft.server.log.segment.cache.num.max = 2 (custom)
2022-07-12 21:03:58,383 [pool-165-thread-1] INFO  server.RaftServerConfigKeys (ConfUtils.java:logGet(46)) - raft.server.log.segment.cache.size.max = 200MB (=209715200) (default)
2022-07-12 21:03:58,383 [pool-165-thread-1] INFO  segmented.SegmentedRaftLogWorker (SegmentedRaftLogWorker.java:<init>(187)) - new 046fb0e2-bb03-40db-8ebc-6f41cc3991b2@group-8244C7F57B47-SegmentedRaftLogWorker for RaftStorageImpl:Storage Directory /home/runner/work/ozone/ozone/hadoop-ozone/integration-test/target/test-dir/MiniOzoneClusterImpl-602e3c1e-9006-4844-b6f6-7d75904803ac/datanode-4/data/ratis/5661279e-d990-4f9f-bf18-8244c7f57b47
2022-07-12 21:03:58,383 [pool-165-thread-1] INFO  server.RaftServerConfigKeys (ConfUtils.java:logGet(46)) - raft.server.log.queue.byte-limit = 4294967296 (custom)
2022-07-12 21:03:58,383 [pool-165-thread-1] INFO  server.RaftServerConfigKeys (ConfUtils.java:logGet(46)) - raft.server.log.queue.element-limit = 1024 (custom)
2022-07-12 21:03:58,383 [pool-165-thread-1] INFO  server.RaftServerConfigKeys (ConfUtils.java:logGet(46)) - raft.server.log.segment.size.max = 1048576 (custom)
2022-07-12 21:03:58,383 [pool-165-thread-1] INFO  server.RaftServerConfigKeys (ConfUtils.java:logGet(46)) - raft.server.log.preallocated.size = 16384 (custom)
2022-07-12 21:03:58,383 [pool-165-thread-1] INFO  server.RaftServerConfigKeys (ConfUtils.java:logGet(46)) - raft.server.log.force.sync.num = 128 (default)
2022-07-12 21:03:58,383 [pool-165-thread-1] INFO  server.RaftServerConfigKeys (ConfUtils.java:logGet(46)) - raft.server.log.statemachine.data.sync = true (default)
2022-07-12 21:03:58,383 [pool-165-thread-1] INFO  server.RaftServerConfigKeys (ConfUtils.java:logGet(46)) - raft.server.log.statemachine.data.sync.timeout = 10s (default)
2022-07-12 21:03:58,383 [pool-165-thread-1] INFO  server.RaftServerConfigKeys (ConfUtils.java:logGet(46)) - raft.server.log.statemachine.data.sync.timeout.retry = -1 (default)
2022-07-12 21:03:58,384 [pool-165-thread-1] INFO  server.RaftServerConfigKeys (ConfUtils.java:logGet(46)) - raft.server.log.write.buffer.size = 1048576 (custom)
2022-07-12 21:03:58,384 [pool-165-thread-1] INFO  server.RaftServerConfigKeys (ConfUtils.java:logGet(46)) - raft.server.log.unsafe-flush.enabled = false (default)
2022-07-12 21:03:58,384 [pool-165-thread-1] INFO  server.RaftServerConfigKeys (ConfUtils.java:logGet(46)) - raft.server.log.statemachine.data.caching.enabled = true (custom)
2022-07-12 21:03:58,384 [pool-165-thread-1] INFO  segmented.SegmentedRaftLogWorker (SegmentedRaftLogWorker.java:lambda$new$0(135)) - 046fb0e2-bb03-40db-8ebc-6f41cc3991b2@group-8244C7F57B47-SegmentedRaftLogWorker: flushIndex: setUnconditionally 0 -> -1
2022-07-12 21:03:58,385 [pool-165-thread-1] INFO  segmented.SegmentedRaftLogWorker (SegmentedRaftLogWorker.java:lambda$new$0(135)) - 046fb0e2-bb03-40db-8ebc-6f41cc3991b2@group-8244C7F57B47-SegmentedRaftLogWorker: safeCacheEvictIndex: setUnconditionally 0 -> -1
2022-07-12 21:03:58,385 [pool-165-thread-1] INFO  server.RaftServerConfigKeys (ConfUtils.java:logGet(46)) - raft.server.snapshot.auto.trigger.enabled = true (custom)
2022-07-12 21:03:58,385 [pool-165-thread-1] INFO  server.RaftServerConfigKeys (ConfUtils.java:logGet(46)) - raft.server.snapshot.auto.trigger.threshold = 10000 (custom)
2022-07-12 21:03:58,385 [pool-165-thread-1] INFO  server.RaftServerConfigKeys (ConfUtils.java:logGet(46)) - raft.server.snapshot.retention.file.num = 5 (custom)
2022-07-12 21:03:58,385 [pool-165-thread-1] INFO  server.RaftServerConfigKeys (ConfUtils.java:logGet(46)) - raft.server.log.purge.upto.snapshot.index = false (default)
2022-07-12 21:03:58,385 [pool-165-thread-1] INFO  server.RaftServerConfigKeys (ConfUtils.java:logGet(46)) - raft.server.retrycache.expirytime = 600000ms (custom)
2022-07-12 21:03:58,385 [pool-165-thread-1] INFO  server.RaftServerConfigKeys (ConfUtils.java:logGet(46)) - raft.server.retrycache.statistics.expirytime = 100μs (default)
2022-07-12 21:03:58,388 [pool-165-thread-1] INFO  server.RaftServerConfigKeys (ConfUtils.java:logGet(46)) - raft.server.log.appender.install.snapshot.enabled = false (custom)
2022-07-12 21:03:58,388 [pool-165-thread-1] INFO  server.RaftServerConfigKeys (ConfUtils.java:logGet(46)) - raft.server.threadpool.server.cached = true (default)
2022-07-12 21:03:58,388 [pool-165-thread-1] INFO  server.RaftServerConfigKeys (ConfUtils.java:logGet(46)) - raft.server.threadpool.server.size = 0 (default)
2022-07-12 21:03:58,388 [pool-165-thread-1] INFO  server.RaftServerConfigKeys (ConfUtils.java:logGet(46)) - raft.server.threadpool.client.cached = true (default)
2022-07-12 21:03:58,388 [pool-165-thread-1] INFO  server.RaftServerConfigKeys (ConfUtils.java:logGet(46)) - raft.server.threadpool.client.size = 0 (default)
2022-07-12 21:03:58,388 [pool-165-thread-1] INFO  server.RaftServer$Division (RaftServerImpl.java:start(310)) - 046fb0e2-bb03-40db-8ebc-6f41cc3991b2@group-8244C7F57B47: start as a follower, conf=-1: [046fb0e2-bb03-40db-8ebc-6f41cc3991b2|rpc:10.1.0.20:36213|priority:1], old=null
2022-07-12 21:03:58,388 [pool-165-thread-1] INFO  server.RaftServer$Division (RaftServerImpl.java:setRole(299)) - 046fb0e2-bb03-40db-8ebc-6f41cc3991b2@group-8244C7F57B47: changes role from      null to FOLLOWER at term 0 for startAsFollower
2022-07-12 21:03:58,388 [pool-165-thread-1] INFO  impl.RoleInfo (RoleInfo.java:updateAndGet(139)) - 046fb0e2-bb03-40db-8ebc-6f41cc3991b2: start 046fb0e2-bb03-40db-8ebc-6f41cc3991b2@group-8244C7F57B47-FollowerState
2022-07-12 21:03:58,389 [pool-165-thread-1] INFO  util.JmxRegister (JmxRegister.java:tryRegister(44)) - Successfully registered JMX Bean with object name Ratis:service=RaftServer,group=group-8244C7F57B47,id=046fb0e2-bb03-40db-8ebc-6f41cc3991b2
2022-07-12 21:03:58,396 [Command processor thread] INFO  ratis.XceiverServerRatis (XceiverServerRatis.java:addGroup(765)) - Created group PipelineID=5661279e-d990-4f9f-bf18-8244c7f57b47
2022-07-12 21:03:58,396 [Command processor thread] INFO  commandhandler.CreatePipelineCommandHandler (CreatePipelineCommandHandler.java:handle(113)) - Created Pipeline RATIS ONE PipelineID=5661279e-d990-4f9f-bf18-8244c7f57b47.
2022-07-12 21:03:59,353 [Listener at 127.0.0.1/43377] INFO  ozone.MiniOzoneClusterImpl (MiniOzoneClusterImpl.java:lambda$waitForClusterToBeReady$0(223)) - Nodes are ready. Got 5 of 5 DN Heartbeats.
2022-07-12 21:03:59,353 [Listener at 127.0.0.1/43377] INFO  ozone.MiniOzoneClusterImpl (MiniOzoneClusterImpl.java:lambda$waitForClusterToBeReady$0(226)) - Waiting for cluster to exit safe mode
2022-07-12 21:03:59,353 [Listener at 127.0.0.1/43377] INFO  ozone.MiniOzoneClusterImpl (MiniOzoneClusterImpl.java:lambda$waitForClusterToBeReady$0(228)) - SCM became leader
2022-07-12 21:04:00,354 [Listener at 127.0.0.1/43377] INFO  ozone.MiniOzoneClusterImpl (MiniOzoneClusterImpl.java:lambda$waitForClusterToBeReady$0(223)) - Nodes are ready. Got 5 of 5 DN Heartbeats.
2022-07-12 21:04:00,354 [Listener at 127.0.0.1/43377] INFO  ozone.MiniOzoneClusterImpl (MiniOzoneClusterImpl.java:lambda$waitForClusterToBeReady$0(226)) - Waiting for cluster to exit safe mode
2022-07-12 21:04:00,354 [Listener at 127.0.0.1/43377] INFO  ozone.MiniOzoneClusterImpl (MiniOzoneClusterImpl.java:lambda$waitForClusterToBeReady$0(228)) - SCM became leader
2022-07-12 21:04:01,355 [Listener at 127.0.0.1/43377] INFO  ozone.MiniOzoneClusterImpl (MiniOzoneClusterImpl.java:lambda$waitForClusterToBeReady$0(223)) - Nodes are ready. Got 5 of 5 DN Heartbeats.
2022-07-12 21:04:01,355 [Listener at 127.0.0.1/43377] INFO  ozone.MiniOzoneClusterImpl (MiniOzoneClusterImpl.java:lambda$waitForClusterToBeReady$0(226)) - Waiting for cluster to exit safe mode
2022-07-12 21:04:01,355 [Listener at 127.0.0.1/43377] INFO  ozone.MiniOzoneClusterImpl (MiniOzoneClusterImpl.java:lambda$waitForClusterToBeReady$0(228)) - SCM became leader
2022-07-12 21:04:01,754 [b22e6e25-1e95-4e3d-b66d-658eeab2c33a@group-E55D4CC6ECC4-FollowerState] INFO  impl.FollowerState (FollowerState.java:run(143)) - b22e6e25-1e95-4e3d-b66d-658eeab2c33a@group-E55D4CC6ECC4-FollowerState: change to CANDIDATE, lastRpcElapsedTime:5049524247ns, electionTimeout:5034ms
2022-07-12 21:04:01,754 [b22e6e25-1e95-4e3d-b66d-658eeab2c33a@group-E55D4CC6ECC4-FollowerState] INFO  impl.RoleInfo (RoleInfo.java:shutdownFollowerState(110)) - b22e6e25-1e95-4e3d-b66d-658eeab2c33a: shutdown b22e6e25-1e95-4e3d-b66d-658eeab2c33a@group-E55D4CC6ECC4-FollowerState
2022-07-12 21:04:01,754 [b22e6e25-1e95-4e3d-b66d-658eeab2c33a@group-E55D4CC6ECC4-FollowerState] INFO  server.RaftServer$Division (RaftServerImpl.java:setRole(299)) - b22e6e25-1e95-4e3d-b66d-658eeab2c33a@group-E55D4CC6ECC4: changes role from  FOLLOWER to CANDIDATE at term 0 for changeToCandidate
2022-07-12 21:04:01,755 [b22e6e25-1e95-4e3d-b66d-658eeab2c33a@group-E55D4CC6ECC4-FollowerState] INFO  server.RaftServerConfigKeys (ConfUtils.java:logGet(46)) - raft.server.leaderelection.pre-vote = false (custom)
2022-07-12 21:04:01,755 [b22e6e25-1e95-4e3d-b66d-658eeab2c33a@group-E55D4CC6ECC4-FollowerState] INFO  impl.RoleInfo (RoleInfo.java:updateAndGet(139)) - b22e6e25-1e95-4e3d-b66d-658eeab2c33a: start b22e6e25-1e95-4e3d-b66d-658eeab2c33a@group-E55D4CC6ECC4-LeaderElection2
2022-07-12 21:04:01,761 [b22e6e25-1e95-4e3d-b66d-658eeab2c33a@group-E55D4CC6ECC4-LeaderElection2] INFO  impl.LeaderElection (LeaderElection.java:askForVotes(310)) - b22e6e25-1e95-4e3d-b66d-658eeab2c33a@group-E55D4CC6ECC4-LeaderElection2 ELECTION round 0: submit vote requests at term 1 for -1: [b22e6e25-1e95-4e3d-b66d-658eeab2c33a|rpc:10.1.0.20:45285|priority:1], old=null
2022-07-12 21:04:01,761 [b22e6e25-1e95-4e3d-b66d-658eeab2c33a@group-E55D4CC6ECC4-LeaderElection2] INFO  impl.LeaderElection (LeaderElection.java:askForVotes(312)) - b22e6e25-1e95-4e3d-b66d-658eeab2c33a@group-E55D4CC6ECC4-LeaderElection2 ELECTION round 0: result PASSED (term=1)
2022-07-12 21:04:01,761 [b22e6e25-1e95-4e3d-b66d-658eeab2c33a@group-E55D4CC6ECC4-LeaderElection2] INFO  impl.RoleInfo (RoleInfo.java:shutdownLeaderElection(130)) - b22e6e25-1e95-4e3d-b66d-658eeab2c33a: shutdown b22e6e25-1e95-4e3d-b66d-658eeab2c33a@group-E55D4CC6ECC4-LeaderElection2
2022-07-12 21:04:01,761 [b22e6e25-1e95-4e3d-b66d-658eeab2c33a@group-E55D4CC6ECC4-LeaderElection2] INFO  server.RaftServer$Division (RaftServerImpl.java:setRole(299)) - b22e6e25-1e95-4e3d-b66d-658eeab2c33a@group-E55D4CC6ECC4: changes role from CANDIDATE to LEADER at term 1 for changeToLeader
2022-07-12 21:04:01,761 [b22e6e25-1e95-4e3d-b66d-658eeab2c33a@group-E55D4CC6ECC4-LeaderElection2] INFO  ratis.XceiverServerRatis (XceiverServerRatis.java:handleLeaderChangedNotification(863)) - Leader change notification received for group: group-E55D4CC6ECC4 with new leaderId: b22e6e25-1e95-4e3d-b66d-658eeab2c33a
2022-07-12 21:04:01,761 [b22e6e25-1e95-4e3d-b66d-658eeab2c33a@group-E55D4CC6ECC4-LeaderElection2] INFO  server.RaftServer$Division (ServerState.java:setLeader(287)) - b22e6e25-1e95-4e3d-b66d-658eeab2c33a@group-E55D4CC6ECC4: change Leader from null to b22e6e25-1e95-4e3d-b66d-658eeab2c33a at term 1 for becomeLeader, leader elected after 5070ms
2022-07-12 21:04:01,762 [b22e6e25-1e95-4e3d-b66d-658eeab2c33a@group-E55D4CC6ECC4-LeaderElection2] INFO  server.RaftServerConfigKeys (ConfUtils.java:logGet(46)) - raft.server.staging.catchup.gap = 1000 (default)
2022-07-12 21:04:01,762 [b22e6e25-1e95-4e3d-b66d-658eeab2c33a@group-E55D4CC6ECC4-LeaderElection2] INFO  server.RaftServerConfigKeys (ConfUtils.java:logGet(46)) - raft.server.write.element-limit = 1024 (custom)
2022-07-12 21:04:01,762 [b22e6e25-1e95-4e3d-b66d-658eeab2c33a@group-E55D4CC6ECC4-LeaderElection2] INFO  server.RaftServerConfigKeys (ConfUtils.java:logGet(46)) - raft.server.write.byte-limit = 1024 M (=1073741824) (custom)
2022-07-12 21:04:01,762 [b22e6e25-1e95-4e3d-b66d-658eeab2c33a@group-E55D4CC6ECC4-LeaderElection2] INFO  server.RaftServerConfigKeys (ConfUtils.java:logGet(46)) - raft.server.watch.timeout = 180s (custom)
2022-07-12 21:04:01,762 [b22e6e25-1e95-4e3d-b66d-658eeab2c33a@group-E55D4CC6ECC4-LeaderElection2] INFO  server.RaftServerConfigKeys (ConfUtils.java:logGet(46)) - raft.server.watch.timeout.denomination = 1s (default)
2022-07-12 21:04:01,764 [b22e6e25-1e95-4e3d-b66d-658eeab2c33a@group-E55D4CC6ECC4-LeaderElection2] INFO  server.RaftServerConfigKeys (ConfUtils.java:logGet(46)) - raft.server.watch.element-limit = 65536 (default)
2022-07-12 21:04:01,764 [b22e6e25-1e95-4e3d-b66d-658eeab2c33a@group-E55D4CC6ECC4-LeaderElection2] INFO  server.RaftServerConfigKeys (ConfUtils.java:logGet(46)) - raft.server.write.element-limit = 1024 (custom)
2022-07-12 21:04:01,764 [b22e6e25-1e95-4e3d-b66d-658eeab2c33a@group-E55D4CC6ECC4-LeaderElection2] INFO  server.RaftServerConfigKeys (ConfUtils.java:logGet(46)) - raft.server.write.follower.gap.ratio.max = -1.0 (default)
2022-07-12 21:04:01,764 [b22e6e25-1e95-4e3d-b66d-658eeab2c33a@group-E55D4CC6ECC4-LeaderElection2] INFO  impl.RoleInfo (RoleInfo.java:updateAndGet(139)) - b22e6e25-1e95-4e3d-b66d-658eeab2c33a: start b22e6e25-1e95-4e3d-b66d-658eeab2c33a@group-E55D4CC6ECC4-LeaderStateImpl
2022-07-12 21:04:01,764 [b22e6e25-1e95-4e3d-b66d-658eeab2c33a@group-E55D4CC6ECC4-LeaderElection2] INFO  segmented.SegmentedRaftLogWorker (SegmentedRaftLogWorker.java:startLogSegment(425)) - b22e6e25-1e95-4e3d-b66d-658eeab2c33a@group-E55D4CC6ECC4-SegmentedRaftLogWorker: Starting segment from index:0
2022-07-12 21:04:01,763 [EventQueue-OpenPipelineForHealthyPipelineSafeModeRule] INFO  safemode.SCMSafeModeManager (HealthyPipelineSafeModeRule.java:process(124)) - SCM in safe mode. Healthy pipelines reported count is 0, required healthy pipeline reported count is 1
2022-07-12 21:04:01,767 [b22e6e25-1e95-4e3d-b66d-658eeab2c33a@group-E55D4CC6ECC4-SegmentedRaftLogWorker] INFO  segmented.SegmentedRaftLogWorker (SegmentedRaftLogWorker.java:execute(629)) - b22e6e25-1e95-4e3d-b66d-658eeab2c33a@group-E55D4CC6ECC4-SegmentedRaftLogWorker: created new log segment /home/runner/work/ozone/ozone/hadoop-ozone/integration-test/target/test-dir/MiniOzoneClusterImpl-602e3c1e-9006-4844-b6f6-7d75904803ac/datanode-0/data/ratis/8617bef0-f231-4038-8dc1-e55d4cc6ecc4/current/log_inprogress_0
2022-07-12 21:04:01,772 [b22e6e25-1e95-4e3d-b66d-658eeab2c33a@group-E55D4CC6ECC4-LeaderElection2] INFO  server.RaftServer$Division (ServerState.java:setRaftConf(393)) - b22e6e25-1e95-4e3d-b66d-658eeab2c33a@group-E55D4CC6ECC4: set configuration 0: [b22e6e25-1e95-4e3d-b66d-658eeab2c33a|rpc:10.1.0.20:45285|dataStream:|priority:1], old=null
2022-07-12 21:04:01,941 [b22e6e25-1e95-4e3d-b66d-658eeab2c33a@group-BAC479CA027A-FollowerState] INFO  impl.FollowerState (FollowerState.java:run(143)) - b22e6e25-1e95-4e3d-b66d-658eeab2c33a@group-BAC479CA027A-FollowerState: change to CANDIDATE, lastRpcElapsedTime:5196495486ns, electionTimeout:5194ms
2022-07-12 21:04:01,943 [b22e6e25-1e95-4e3d-b66d-658eeab2c33a@group-BAC479CA027A-FollowerState] INFO  impl.RoleInfo (RoleInfo.java:shutdownFollowerState(110)) - b22e6e25-1e95-4e3d-b66d-658eeab2c33a: shutdown b22e6e25-1e95-4e3d-b66d-658eeab2c33a@group-BAC479CA027A-FollowerState
2022-07-12 21:04:01,943 [b22e6e25-1e95-4e3d-b66d-658eeab2c33a@group-BAC479CA027A-FollowerState] INFO  server.RaftServer$Division (RaftServerImpl.java:setRole(299)) - b22e6e25-1e95-4e3d-b66d-658eeab2c33a@group-BAC479CA027A: changes role from  FOLLOWER to CANDIDATE at term 0 for changeToCandidate
2022-07-12 21:04:01,943 [b22e6e25-1e95-4e3d-b66d-658eeab2c33a@group-BAC479CA027A-FollowerState] INFO  server.RaftServerConfigKeys (ConfUtils.java:logGet(46)) - raft.server.leaderelection.pre-vote = false (custom)
2022-07-12 21:04:01,943 [b22e6e25-1e95-4e3d-b66d-658eeab2c33a@group-BAC479CA027A-FollowerState] INFO  impl.RoleInfo (RoleInfo.java:updateAndGet(139)) - b22e6e25-1e95-4e3d-b66d-658eeab2c33a: start b22e6e25-1e95-4e3d-b66d-658eeab2c33a@group-BAC479CA027A-LeaderElection3
2022-07-12 21:04:01,949 [b22e6e25-1e95-4e3d-b66d-658eeab2c33a@group-BAC479CA027A-LeaderElection3] INFO  impl.LeaderElection (LeaderElection.java:askForVotes(310)) - b22e6e25-1e95-4e3d-b66d-658eeab2c33a@group-BAC479CA027A-LeaderElection3 ELECTION round 0: submit vote requests at term 1 for -1: [7b64d61e-992d-46f7-bdd8-85e232d42a6f|rpc:10.1.0.20:38563|priority:1, a2583cd9-0c52-4aa7-80e6-e7269a14a582|rpc:10.1.0.20:44379|priority:0, b22e6e25-1e95-4e3d-b66d-658eeab2c33a|rpc:10.1.0.20:45285|priority:0], old=null
2022-07-12 21:04:01,988 [grpc-default-executor-1] INFO  server.RaftServer$Division (RaftServerImpl.java:requestVote(1152)) - 7b64d61e-992d-46f7-bdd8-85e232d42a6f@group-BAC479CA027A: receive requestVote(ELECTION, b22e6e25-1e95-4e3d-b66d-658eeab2c33a, group-BAC479CA027A, 1, (t:0, i:0))
2022-07-12 21:04:01,991 [grpc-default-executor-1] INFO  impl.VoteContext (VoteContext.java:log(48)) - 7b64d61e-992d-46f7-bdd8-85e232d42a6f@group-BAC479CA027A-FOLLOWER: reject ELECTION from b22e6e25-1e95-4e3d-b66d-658eeab2c33a: our priority 1 > candidate's priority 0
2022-07-12 21:04:01,991 [grpc-default-executor-1] INFO  server.RaftServer$Division (RaftServerImpl.java:setRole(299)) - 7b64d61e-992d-46f7-bdd8-85e232d42a6f@group-BAC479CA027A: changes role from  FOLLOWER to FOLLOWER at term 1 for candidate:b22e6e25-1e95-4e3d-b66d-658eeab2c33a
2022-07-12 21:04:01,991 [grpc-default-executor-1] INFO  impl.RoleInfo (RoleInfo.java:shutdownFollowerState(110)) - 7b64d61e-992d-46f7-bdd8-85e232d42a6f: shutdown 7b64d61e-992d-46f7-bdd8-85e232d42a6f@group-BAC479CA027A-FollowerState
2022-07-12 21:04:01,991 [grpc-default-executor-1] INFO  impl.RoleInfo (RoleInfo.java:updateAndGet(139)) - 7b64d61e-992d-46f7-bdd8-85e232d42a6f: start 7b64d61e-992d-46f7-bdd8-85e232d42a6f@group-BAC479CA027A-FollowerState
2022-07-12 21:04:01,991 [7b64d61e-992d-46f7-bdd8-85e232d42a6f@group-BAC479CA027A-FollowerState] INFO  impl.FollowerState (FollowerState.java:run(152)) - 7b64d61e-992d-46f7-bdd8-85e232d42a6f@group-BAC479CA027A-FollowerState was interrupted
2022-07-12 21:04:01,993 [grpc-default-executor-0] INFO  server.RaftServer$Division (RaftServerImpl.java:requestVote(1152)) - a2583cd9-0c52-4aa7-80e6-e7269a14a582@group-BAC479CA027A: receive requestVote(ELECTION, b22e6e25-1e95-4e3d-b66d-658eeab2c33a, group-BAC479CA027A, 1, (t:0, i:0))
2022-07-12 21:04:01,993 [grpc-default-executor-0] INFO  impl.VoteContext (VoteContext.java:log(48)) - a2583cd9-0c52-4aa7-80e6-e7269a14a582@group-BAC479CA027A-FOLLOWER: accept ELECTION from b22e6e25-1e95-4e3d-b66d-658eeab2c33a: our priority 0 <= candidate's priority 0
2022-07-12 21:04:01,994 [grpc-default-executor-0] INFO  server.RaftServer$Division (RaftServerImpl.java:setRole(299)) - a2583cd9-0c52-4aa7-80e6-e7269a14a582@group-BAC479CA027A: changes role from  FOLLOWER to FOLLOWER at term 1 for candidate:b22e6e25-1e95-4e3d-b66d-658eeab2c33a
2022-07-12 21:04:01,994 [grpc-default-executor-0] INFO  impl.RoleInfo (RoleInfo.java:shutdownFollowerState(110)) - a2583cd9-0c52-4aa7-80e6-e7269a14a582: shutdown a2583cd9-0c52-4aa7-80e6-e7269a14a582@group-BAC479CA027A-FollowerState
2022-07-12 21:04:01,994 [grpc-default-executor-0] INFO  impl.RoleInfo (RoleInfo.java:updateAndGet(139)) - a2583cd9-0c52-4aa7-80e6-e7269a14a582: start a2583cd9-0c52-4aa7-80e6-e7269a14a582@group-BAC479CA027A-FollowerState
2022-07-12 21:04:01,994 [a2583cd9-0c52-4aa7-80e6-e7269a14a582@group-BAC479CA027A-FollowerState] INFO  impl.FollowerState (FollowerState.java:run(152)) - a2583cd9-0c52-4aa7-80e6-e7269a14a582@group-BAC479CA027A-FollowerState was interrupted
2022-07-12 21:04:02,005 [grpc-default-executor-0] INFO  server.RaftServer$Division (RaftServerImpl.java:requestVote(1184)) - a2583cd9-0c52-4aa7-80e6-e7269a14a582@group-BAC479CA027A replies to ELECTION vote request: b22e6e25-1e95-4e3d-b66d-658eeab2c33a<-a2583cd9-0c52-4aa7-80e6-e7269a14a582#0:OK-t1. Peer's state: a2583cd9-0c52-4aa7-80e6-e7269a14a582@group-BAC479CA027A:t1, leader=null, voted=b22e6e25-1e95-4e3d-b66d-658eeab2c33a, raftlog=a2583cd9-0c52-4aa7-80e6-e7269a14a582@group-BAC479CA027A-SegmentedRaftLog:OPENED:c-1, conf=-1: [7b64d61e-992d-46f7-bdd8-85e232d42a6f|rpc:10.1.0.20:38563|priority:1, a2583cd9-0c52-4aa7-80e6-e7269a14a582|rpc:10.1.0.20:44379|priority:0, b22e6e25-1e95-4e3d-b66d-658eeab2c33a|rpc:10.1.0.20:45285|priority:0], old=null
2022-07-12 21:04:02,005 [grpc-default-executor-1] INFO  server.RaftServer$Division (RaftServerImpl.java:requestVote(1184)) - 7b64d61e-992d-46f7-bdd8-85e232d42a6f@group-BAC479CA027A replies to ELECTION vote request: b22e6e25-1e95-4e3d-b66d-658eeab2c33a<-7b64d61e-992d-46f7-bdd8-85e232d42a6f#0:FAIL-t1. Peer's state: 7b64d61e-992d-46f7-bdd8-85e232d42a6f@group-BAC479CA027A:t1, leader=null, voted=null, raftlog=7b64d61e-992d-46f7-bdd8-85e232d42a6f@group-BAC479CA027A-SegmentedRaftLog:OPENED:c-1, conf=-1: [7b64d61e-992d-46f7-bdd8-85e232d42a6f|rpc:10.1.0.20:38563|dataStream:|priority:1, a2583cd9-0c52-4aa7-80e6-e7269a14a582|rpc:10.1.0.20:44379|dataStream:|priority:0, b22e6e25-1e95-4e3d-b66d-658eeab2c33a|rpc:10.1.0.20:45285|dataStream:|priority:0], old=null
2022-07-12 21:04:02,029 [b22e6e25-1e95-4e3d-b66d-658eeab2c33a@group-BAC479CA027A-LeaderElection3] INFO  impl.LeaderElection (LeaderElection.java:logAndReturn(90)) - b22e6e25-1e95-4e3d-b66d-658eeab2c33a@group-BAC479CA027A-LeaderElection3: ELECTION REJECTED received 2 response(s) and 0 exception(s):
2022-07-12 21:04:02,030 [b22e6e25-1e95-4e3d-b66d-658eeab2c33a@group-BAC479CA027A-LeaderElection3] INFO  impl.LeaderElection (LeaderElection.java:logAndReturn(94)) -   Response 0: b22e6e25-1e95-4e3d-b66d-658eeab2c33a<-7b64d61e-992d-46f7-bdd8-85e232d42a6f#0:FAIL-t1
2022-07-12 21:04:02,030 [b22e6e25-1e95-4e3d-b66d-658eeab2c33a@group-BAC479CA027A-LeaderElection3] INFO  impl.LeaderElection (LeaderElection.java:logAndReturn(94)) -   Response 1: b22e6e25-1e95-4e3d-b66d-658eeab2c33a<-a2583cd9-0c52-4aa7-80e6-e7269a14a582#0:OK-t1
2022-07-12 21:04:02,030 [b22e6e25-1e95-4e3d-b66d-658eeab2c33a@group-BAC479CA027A-LeaderElection3] INFO  impl.LeaderElection (LeaderElection.java:askForVotes(312)) - b22e6e25-1e95-4e3d-b66d-658eeab2c33a@group-BAC479CA027A-LeaderElection3 ELECTION round 0: result REJECTED
2022-07-12 21:04:02,030 [b22e6e25-1e95-4e3d-b66d-658eeab2c33a@group-BAC479CA027A-LeaderElection3] INFO  server.RaftServer$Division (RaftServerImpl.java:setRole(299)) - b22e6e25-1e95-4e3d-b66d-658eeab2c33a@group-BAC479CA027A: changes role from CANDIDATE to FOLLOWER at term 1 for REJECTED
2022-07-12 21:04:02,030 [b22e6e25-1e95-4e3d-b66d-658eeab2c33a@group-BAC479CA027A-LeaderElection3] INFO  impl.RoleInfo (RoleInfo.java:shutdownLeaderElection(130)) - b22e6e25-1e95-4e3d-b66d-658eeab2c33a: shutdown b22e6e25-1e95-4e3d-b66d-658eeab2c33a@group-BAC479CA027A-LeaderElection3
2022-07-12 21:04:02,030 [b22e6e25-1e95-4e3d-b66d-658eeab2c33a@group-BAC479CA027A-LeaderElection3] INFO  impl.RoleInfo (RoleInfo.java:updateAndGet(139)) - b22e6e25-1e95-4e3d-b66d-658eeab2c33a: start b22e6e25-1e95-4e3d-b66d-658eeab2c33a@group-BAC479CA027A-FollowerState
2022-07-12 21:04:02,355 [Listener at 127.0.0.1/43377] INFO  ozone.MiniOzoneClusterImpl (MiniOzoneClusterImpl.java:lambda$waitForClusterToBeReady$0(223)) - Nodes are ready. Got 5 of 5 DN Heartbeats.
2022-07-12 21:04:02,357 [Listener at 127.0.0.1/43377] INFO  ozone.MiniOzoneClusterImpl (MiniOzoneClusterImpl.java:lambda$waitForClusterToBeReady$0(226)) - Waiting for cluster to exit safe mode
2022-07-12 21:04:02,357 [Listener at 127.0.0.1/43377] INFO  ozone.MiniOzoneClusterImpl (MiniOzoneClusterImpl.java:lambda$waitForClusterToBeReady$0(228)) - SCM became leader
2022-07-12 21:04:02,494 [a2583cd9-0c52-4aa7-80e6-e7269a14a582@group-4BCD925F56BC-FollowerState] INFO  impl.FollowerState (FollowerState.java:run(143)) - a2583cd9-0c52-4aa7-80e6-e7269a14a582@group-4BCD925F56BC-FollowerState: change to CANDIDATE, lastRpcElapsedTime:5179634175ns, electionTimeout:5174ms
2022-07-12 21:04:02,494 [a2583cd9-0c52-4aa7-80e6-e7269a14a582@group-4BCD925F56BC-FollowerState] INFO  impl.RoleInfo (RoleInfo.java:shutdownFollowerState(110)) - a2583cd9-0c52-4aa7-80e6-e7269a14a582: shutdown a2583cd9-0c52-4aa7-80e6-e7269a14a582@group-4BCD925F56BC-FollowerState
2022-07-12 21:04:02,494 [a2583cd9-0c52-4aa7-80e6-e7269a14a582@group-4BCD925F56BC-FollowerState] INFO  server.RaftServer$Division (RaftServerImpl.java:setRole(299)) - a2583cd9-0c52-4aa7-80e6-e7269a14a582@group-4BCD925F56BC: changes role from  FOLLOWER to CANDIDATE at term 0 for changeToCandidate
2022-07-12 21:04:02,494 [a2583cd9-0c52-4aa7-80e6-e7269a14a582@group-4BCD925F56BC-FollowerState] INFO  server.RaftServerConfigKeys (ConfUtils.java:logGet(46)) - raft.server.leaderelection.pre-vote = false (custom)
2022-07-12 21:04:02,495 [a2583cd9-0c52-4aa7-80e6-e7269a14a582@group-4BCD925F56BC-FollowerState] INFO  impl.RoleInfo (RoleInfo.java:updateAndGet(139)) - a2583cd9-0c52-4aa7-80e6-e7269a14a582: start a2583cd9-0c52-4aa7-80e6-e7269a14a582@group-4BCD925F56BC-LeaderElection4
2022-07-12 21:04:02,498 [a2583cd9-0c52-4aa7-80e6-e7269a14a582@group-4BCD925F56BC-LeaderElection4] INFO  impl.LeaderElection (LeaderElection.java:askForVotes(310)) - a2583cd9-0c52-4aa7-80e6-e7269a14a582@group-4BCD925F56BC-LeaderElection4 ELECTION round 0: submit vote requests at term 1 for -1: [a2583cd9-0c52-4aa7-80e6-e7269a14a582|rpc:10.1.0.20:44379|priority:1], old=null
2022-07-12 21:04:02,499 [a2583cd9-0c52-4aa7-80e6-e7269a14a582@group-4BCD925F56BC-LeaderElection4] INFO  impl.LeaderElection (LeaderElection.java:askForVotes(312)) - a2583cd9-0c52-4aa7-80e6-e7269a14a582@group-4BCD925F56BC-LeaderElection4 ELECTION round 0: result PASSED (term=1)
2022-07-12 21:04:02,499 [a2583cd9-0c52-4aa7-80e6-e7269a14a582@group-4BCD925F56BC-LeaderElection4] INFO  impl.RoleInfo (RoleInfo.java:shutdownLeaderElection(130)) - a2583cd9-0c52-4aa7-80e6-e7269a14a582: shutdown a2583cd9-0c52-4aa7-80e6-e7269a14a582@group-4BCD925F56BC-LeaderElection4
2022-07-12 21:04:02,499 [a2583cd9-0c52-4aa7-80e6-e7269a14a582@group-4BCD925F56BC-LeaderElection4] INFO  server.RaftServer$Division (RaftServerImpl.java:setRole(299)) - a2583cd9-0c52-4aa7-80e6-e7269a14a582@group-4BCD925F56BC: changes role from CANDIDATE to LEADER at term 1 for changeToLeader
2022-07-12 21:04:02,499 [a2583cd9-0c52-4aa7-80e6-e7269a14a582@group-4BCD925F56BC-LeaderElection4] INFO  ratis.XceiverServerRatis (XceiverServerRatis.java:handleLeaderChangedNotification(863)) - Leader change notification received for group: group-4BCD925F56BC with new leaderId: a2583cd9-0c52-4aa7-80e6-e7269a14a582
2022-07-12 21:04:02,499 [a2583cd9-0c52-4aa7-80e6-e7269a14a582@group-4BCD925F56BC-LeaderElection4] INFO  server.RaftServer$Division (ServerState.java:setLeader(287)) - a2583cd9-0c52-4aa7-80e6-e7269a14a582@group-4BCD925F56BC: change Leader from null to a2583cd9-0c52-4aa7-80e6-e7269a14a582 at term 1 for becomeLeader, leader elected after 5200ms
2022-07-12 21:04:02,500 [a2583cd9-0c52-4aa7-80e6-e7269a14a582@group-4BCD925F56BC-LeaderElection4] INFO  server.RaftServerConfigKeys (ConfUtils.java:logGet(46)) - raft.server.staging.catchup.gap = 1000 (default)
2022-07-12 21:04:02,500 [a2583cd9-0c52-4aa7-80e6-e7269a14a582@group-4BCD925F56BC-LeaderElection4] INFO  server.RaftServerConfigKeys (ConfUtils.java:logGet(46)) - raft.server.write.element-limit = 1024 (custom)
2022-07-12 21:04:02,500 [a2583cd9-0c52-4aa7-80e6-e7269a14a582@group-4BCD925F56BC-LeaderElection4] INFO  server.RaftServerConfigKeys (ConfUtils.java:logGet(46)) - raft.server.write.byte-limit = 1024 M (=1073741824) (custom)
2022-07-12 21:04:02,500 [a2583cd9-0c52-4aa7-80e6-e7269a14a582@group-4BCD925F56BC-LeaderElection4] INFO  server.RaftServerConfigKeys (ConfUtils.java:logGet(46)) - raft.server.watch.timeout = 180s (custom)
2022-07-12 21:04:02,500 [a2583cd9-0c52-4aa7-80e6-e7269a14a582@group-4BCD925F56BC-LeaderElection4] INFO  server.RaftServerConfigKeys (ConfUtils.java:logGet(46)) - raft.server.watch.timeout.denomination = 1s (default)
2022-07-12 21:04:02,501 [a2583cd9-0c52-4aa7-80e6-e7269a14a582@group-4BCD925F56BC-LeaderElection4] INFO  server.RaftServerConfigKeys (ConfUtils.java:logGet(46)) - raft.server.watch.element-limit = 65536 (default)
2022-07-12 21:04:02,501 [a2583cd9-0c52-4aa7-80e6-e7269a14a582@group-4BCD925F56BC-LeaderElection4] INFO  server.RaftServerConfigKeys (ConfUtils.java:logGet(46)) - raft.server.write.element-limit = 1024 (custom)
2022-07-12 21:04:02,501 [a2583cd9-0c52-4aa7-80e6-e7269a14a582@group-4BCD925F56BC-LeaderElection4] INFO  server.RaftServerConfigKeys (ConfUtils.java:logGet(46)) - raft.server.write.follower.gap.ratio.max = -1.0 (default)
2022-07-12 21:04:02,501 [a2583cd9-0c52-4aa7-80e6-e7269a14a582@group-4BCD925F56BC-LeaderElection4] INFO  impl.RoleInfo (RoleInfo.java:updateAndGet(139)) - a2583cd9-0c52-4aa7-80e6-e7269a14a582: start a2583cd9-0c52-4aa7-80e6-e7269a14a582@group-4BCD925F56BC-LeaderStateImpl
2022-07-12 21:04:02,501 [a2583cd9-0c52-4aa7-80e6-e7269a14a582@group-4BCD925F56BC-LeaderElection4] INFO  segmented.SegmentedRaftLogWorker (SegmentedRaftLogWorker.java:startLogSegment(425)) - a2583cd9-0c52-4aa7-80e6-e7269a14a582@group-4BCD925F56BC-SegmentedRaftLogWorker: Starting segment from index:0
2022-07-12 21:04:02,502 [EventQueue-OpenPipelineForHealthyPipelineSafeModeRule] INFO  safemode.SCMSafeModeManager (HealthyPipelineSafeModeRule.java:process(124)) - SCM in safe mode. Healthy pipelines reported count is 0, required healthy pipeline reported count is 1
2022-07-12 21:04:02,503 [a2583cd9-0c52-4aa7-80e6-e7269a14a582@group-4BCD925F56BC-SegmentedRaftLogWorker] INFO  segmented.SegmentedRaftLogWorker (SegmentedRaftLogWorker.java:execute(629)) - a2583cd9-0c52-4aa7-80e6-e7269a14a582@group-4BCD925F56BC-SegmentedRaftLogWorker: created new log segment /home/runner/work/ozone/ozone/hadoop-ozone/integration-test/target/test-dir/MiniOzoneClusterImpl-602e3c1e-9006-4844-b6f6-7d75904803ac/datanode-1/data/ratis/263d71f7-96db-418d-93a5-4bcd925f56bc/current/log_inprogress_0
2022-07-12 21:04:02,508 [a2583cd9-0c52-4aa7-80e6-e7269a14a582@group-4BCD925F56BC-LeaderElection4] INFO  server.RaftServer$Division (ServerState.java:setRaftConf(393)) - a2583cd9-0c52-4aa7-80e6-e7269a14a582@group-4BCD925F56BC: set configuration 0: [a2583cd9-0c52-4aa7-80e6-e7269a14a582|rpc:10.1.0.20:44379|dataStream:|priority:1], old=null
2022-07-12 21:04:02,683 [a2583cd9-0c52-4aa7-80e6-e7269a14a582@group-A388CC0A60BB-FollowerState] INFO  impl.FollowerState (FollowerState.java:run(143)) - a2583cd9-0c52-4aa7-80e6-e7269a14a582@group-A388CC0A60BB-FollowerState: change to CANDIDATE, lastRpcElapsedTime:5102022104ns, electionTimeout:5101ms
2022-07-12 21:04:02,684 [a2583cd9-0c52-4aa7-80e6-e7269a14a582@group-A388CC0A60BB-FollowerState] INFO  impl.RoleInfo (RoleInfo.java:shutdownFollowerState(110)) - a2583cd9-0c52-4aa7-80e6-e7269a14a582: shutdown a2583cd9-0c52-4aa7-80e6-e7269a14a582@group-A388CC0A60BB-FollowerState
2022-07-12 21:04:02,684 [a2583cd9-0c52-4aa7-80e6-e7269a14a582@group-A388CC0A60BB-FollowerState] INFO  server.RaftServer$Division (RaftServerImpl.java:setRole(299)) - a2583cd9-0c52-4aa7-80e6-e7269a14a582@group-A388CC0A60BB: changes role from  FOLLOWER to CANDIDATE at term 0 for changeToCandidate
2022-07-12 21:04:02,685 [a2583cd9-0c52-4aa7-80e6-e7269a14a582@group-A388CC0A60BB-FollowerState] INFO  server.RaftServerConfigKeys (ConfUtils.java:logGet(46)) - raft.server.leaderelection.pre-vote = false (custom)
2022-07-12 21:04:02,685 [a2583cd9-0c52-4aa7-80e6-e7269a14a582@group-A388CC0A60BB-FollowerState] INFO  impl.RoleInfo (RoleInfo.java:updateAndGet(139)) - a2583cd9-0c52-4aa7-80e6-e7269a14a582: start a2583cd9-0c52-4aa7-80e6-e7269a14a582@group-A388CC0A60BB-LeaderElection5
2022-07-12 21:04:02,690 [a2583cd9-0c52-4aa7-80e6-e7269a14a582@group-A388CC0A60BB-LeaderElection5] INFO  impl.LeaderElection (LeaderElection.java:askForVotes(310)) - a2583cd9-0c52-4aa7-80e6-e7269a14a582@group-A388CC0A60BB-LeaderElection5 ELECTION round 0: submit vote requests at term 1 for -1: [7b64d61e-992d-46f7-bdd8-85e232d42a6f|rpc:10.1.0.20:38563|priority:0, a2583cd9-0c52-4aa7-80e6-e7269a14a582|rpc:10.1.0.20:44379|priority:1, b22e6e25-1e95-4e3d-b66d-658eeab2c33a|rpc:10.1.0.20:45285|priority:0], old=null
2022-07-12 21:04:02,701 [7b64d61e-992d-46f7-bdd8-85e232d42a6f@group-A388CC0A60BB-FollowerState] INFO  impl.FollowerState (FollowerState.java:run(143)) - 7b64d61e-992d-46f7-bdd8-85e232d42a6f@group-A388CC0A60BB-FollowerState: change to CANDIDATE, lastRpcElapsedTime:5076509002ns, electionTimeout:5074ms
2022-07-12 21:04:02,701 [7b64d61e-992d-46f7-bdd8-85e232d42a6f@group-A388CC0A60BB-FollowerState] INFO  impl.RoleInfo (RoleInfo.java:shutdownFollowerState(110)) - 7b64d61e-992d-46f7-bdd8-85e232d42a6f: shutdown 7b64d61e-992d-46f7-bdd8-85e232d42a6f@group-A388CC0A60BB-FollowerState
2022-07-12 21:04:02,701 [7b64d61e-992d-46f7-bdd8-85e232d42a6f@group-A388CC0A60BB-FollowerState] INFO  server.RaftServer$Division (RaftServerImpl.java:setRole(299)) - 7b64d61e-992d-46f7-bdd8-85e232d42a6f@group-A388CC0A60BB: changes role from  FOLLOWER to CANDIDATE at term 0 for changeToCandidate
2022-07-12 21:04:02,701 [7b64d61e-992d-46f7-bdd8-85e232d42a6f@group-A388CC0A60BB-FollowerState] INFO  server.RaftServerConfigKeys (ConfUtils.java:logGet(46)) - raft.server.leaderelection.pre-vote = false (custom)
2022-07-12 21:04:02,701 [7b64d61e-992d-46f7-bdd8-85e232d42a6f@group-A388CC0A60BB-FollowerState] INFO  impl.RoleInfo (RoleInfo.java:updateAndGet(139)) - 7b64d61e-992d-46f7-bdd8-85e232d42a6f: start 7b64d61e-992d-46f7-bdd8-85e232d42a6f@group-A388CC0A60BB-LeaderElection6
2022-07-12 21:04:02,712 [7b64d61e-992d-46f7-bdd8-85e232d42a6f@group-A388CC0A60BB-LeaderElection6] INFO  impl.LeaderElection (LeaderElection.java:askForVotes(310)) - 7b64d61e-992d-46f7-bdd8-85e232d42a6f@group-A388CC0A60BB-LeaderElection6 ELECTION round 0: submit vote requests at term 1 for -1: [7b64d61e-992d-46f7-bdd8-85e232d42a6f|rpc:10.1.0.20:38563|dataStream:|priority:0, a2583cd9-0c52-4aa7-80e6-e7269a14a582|rpc:10.1.0.20:44379|dataStream:|priority:1, b22e6e25-1e95-4e3d-b66d-658eeab2c33a|rpc:10.1.0.20:45285|dataStream:|priority:0], old=null
2022-07-12 21:04:02,723 [grpc-default-executor-1] INFO  server.RaftServer$Division (RaftServerImpl.java:requestVote(1152)) - 7b64d61e-992d-46f7-bdd8-85e232d42a6f@group-A388CC0A60BB: receive requestVote(ELECTION, a2583cd9-0c52-4aa7-80e6-e7269a14a582, group-A388CC0A60BB, 1, (t:0, i:0))
2022-07-12 21:04:02,724 [grpc-default-executor-1] INFO  impl.VoteContext (VoteContext.java:log(48)) - 7b64d61e-992d-46f7-bdd8-85e232d42a6f@group-A388CC0A60BB-CANDIDATE: reject ELECTION from a2583cd9-0c52-4aa7-80e6-e7269a14a582: already has voted for 7b64d61e-992d-46f7-bdd8-85e232d42a6f at current term 1
2022-07-12 21:04:02,724 [grpc-default-executor-1] INFO  server.RaftServer$Division (RaftServerImpl.java:requestVote(1184)) - 7b64d61e-992d-46f7-bdd8-85e232d42a6f@group-A388CC0A60BB replies to ELECTION vote request: a2583cd9-0c52-4aa7-80e6-e7269a14a582<-7b64d61e-992d-46f7-bdd8-85e232d42a6f#0:FAIL-t1. Peer's state: 7b64d61e-992d-46f7-bdd8-85e232d42a6f@group-A388CC0A60BB:t1, leader=null, voted=7b64d61e-992d-46f7-bdd8-85e232d42a6f, raftlog=7b64d61e-992d-46f7-bdd8-85e232d42a6f@group-A388CC0A60BB-SegmentedRaftLog:OPENED:c-1, conf=-1: [7b64d61e-992d-46f7-bdd8-85e232d42a6f|rpc:10.1.0.20:38563|dataStream:|priority:0, a2583cd9-0c52-4aa7-80e6-e7269a14a582|rpc:10.1.0.20:44379|dataStream:|priority:1, b22e6e25-1e95-4e3d-b66d-658eeab2c33a|rpc:10.1.0.20:45285|dataStream:|priority:0], old=null
2022-07-12 21:04:02,730 [b22e6e25-1e95-4e3d-b66d-658eeab2c33a@group-A388CC0A60BB-FollowerState] INFO  impl.FollowerState (FollowerState.java:run(143)) - b22e6e25-1e95-4e3d-b66d-658eeab2c33a@group-A388CC0A60BB-FollowerState: change to CANDIDATE, lastRpcElapsedTime:5151868034ns, electionTimeout:5141ms
2022-07-12 21:04:02,730 [b22e6e25-1e95-4e3d-b66d-658eeab2c33a@group-A388CC0A60BB-FollowerState] INFO  impl.RoleInfo (RoleInfo.java:shutdownFollowerState(110)) - b22e6e25-1e95-4e3d-b66d-658eeab2c33a: shutdown b22e6e25-1e95-4e3d-b66d-658eeab2c33a@group-A388CC0A60BB-FollowerState
2022-07-12 21:04:02,730 [b22e6e25-1e95-4e3d-b66d-658eeab2c33a@group-A388CC0A60BB-FollowerState] INFO  server.RaftServer$Division (RaftServerImpl.java:setRole(299)) - b22e6e25-1e95-4e3d-b66d-658eeab2c33a@group-A388CC0A60BB: changes role from  FOLLOWER to CANDIDATE at term 0 for changeToCandidate
2022-07-12 21:04:02,731 [b22e6e25-1e95-4e3d-b66d-658eeab2c33a@group-A388CC0A60BB-FollowerState] INFO  server.RaftServerConfigKeys (ConfUtils.java:logGet(46)) - raft.server.leaderelection.pre-vote = false (custom)
2022-07-12 21:04:02,731 [b22e6e25-1e95-4e3d-b66d-658eeab2c33a@group-A388CC0A60BB-FollowerState] INFO  impl.RoleInfo (RoleInfo.java:updateAndGet(139)) - b22e6e25-1e95-4e3d-b66d-658eeab2c33a: start b22e6e25-1e95-4e3d-b66d-658eeab2c33a@group-A388CC0A60BB-LeaderElection7
2022-07-12 21:04:02,737 [grpc-default-executor-1] INFO  server.RaftServer$Division (RaftServerImpl.java:requestVote(1152)) - b22e6e25-1e95-4e3d-b66d-658eeab2c33a@group-A388CC0A60BB: receive requestVote(ELECTION, a2583cd9-0c52-4aa7-80e6-e7269a14a582, group-A388CC0A60BB, 1, (t:0, i:0))
2022-07-12 21:04:02,738 [grpc-default-executor-1] INFO  impl.VoteContext (VoteContext.java:log(48)) - b22e6e25-1e95-4e3d-b66d-658eeab2c33a@group-A388CC0A60BB-CANDIDATE: accept ELECTION from a2583cd9-0c52-4aa7-80e6-e7269a14a582: our priority 0 <= candidate's priority 1
2022-07-12 21:04:02,738 [grpc-default-executor-1] INFO  server.RaftServer$Division (RaftServerImpl.java:setRole(299)) - b22e6e25-1e95-4e3d-b66d-658eeab2c33a@group-A388CC0A60BB: changes role from CANDIDATE to FOLLOWER at term 1 for candidate:a2583cd9-0c52-4aa7-80e6-e7269a14a582
2022-07-12 21:04:02,739 [grpc-default-executor-1] INFO  impl.RoleInfo (RoleInfo.java:shutdownLeaderElection(130)) - b22e6e25-1e95-4e3d-b66d-658eeab2c33a: shutdown b22e6e25-1e95-4e3d-b66d-658eeab2c33a@group-A388CC0A60BB-LeaderElection7
2022-07-12 21:04:02,739 [grpc-default-executor-1] INFO  impl.RoleInfo (RoleInfo.java:updateAndGet(139)) - b22e6e25-1e95-4e3d-b66d-658eeab2c33a: start b22e6e25-1e95-4e3d-b66d-658eeab2c33a@group-A388CC0A60BB-FollowerState
2022-07-12 21:04:02,744 [grpc-default-executor-1] INFO  server.RaftServer$Division (RaftServerImpl.java:requestVote(1184)) - b22e6e25-1e95-4e3d-b66d-658eeab2c33a@group-A388CC0A60BB replies to ELECTION vote request: a2583cd9-0c52-4aa7-80e6-e7269a14a582<-b22e6e25-1e95-4e3d-b66d-658eeab2c33a#0:OK-t1. Peer's state: b22e6e25-1e95-4e3d-b66d-658eeab2c33a@group-A388CC0A60BB:t1, leader=null, voted=a2583cd9-0c52-4aa7-80e6-e7269a14a582, raftlog=b22e6e25-1e95-4e3d-b66d-658eeab2c33a@group-A388CC0A60BB-SegmentedRaftLog:OPENED:c-1, conf=-1: [7b64d61e-992d-46f7-bdd8-85e232d42a6f|rpc:10.1.0.20:38563|priority:0, a2583cd9-0c52-4aa7-80e6-e7269a14a582|rpc:10.1.0.20:44379|priority:1, b22e6e25-1e95-4e3d-b66d-658eeab2c33a|rpc:10.1.0.20:45285|priority:0], old=null
2022-07-12 21:04:02,745 [grpc-default-executor-0] INFO  server.RaftServer$Division (RaftServerImpl.java:requestVote(1152)) - a2583cd9-0c52-4aa7-80e6-e7269a14a582@group-A388CC0A60BB: receive requestVote(ELECTION, 7b64d61e-992d-46f7-bdd8-85e232d42a6f, group-A388CC0A60BB, 1, (t:0, i:0))
2022-07-12 21:04:02,745 [grpc-default-executor-0] INFO  impl.VoteContext (VoteContext.java:log(48)) - a2583cd9-0c52-4aa7-80e6-e7269a14a582@group-A388CC0A60BB-CANDIDATE: reject ELECTION from 7b64d61e-992d-46f7-bdd8-85e232d42a6f: already has voted for a2583cd9-0c52-4aa7-80e6-e7269a14a582 at current term 1
2022-07-12 21:04:02,745 [grpc-default-executor-0] INFO  server.RaftServer$Division (RaftServerImpl.java:requestVote(1184)) - a2583cd9-0c52-4aa7-80e6-e7269a14a582@group-A388CC0A60BB replies to ELECTION vote request: 7b64d61e-992d-46f7-bdd8-85e232d42a6f<-a2583cd9-0c52-4aa7-80e6-e7269a14a582#0:FAIL-t1. Peer's state: a2583cd9-0c52-4aa7-80e6-e7269a14a582@group-A388CC0A60BB:t1, leader=null, voted=a2583cd9-0c52-4aa7-80e6-e7269a14a582, raftlog=a2583cd9-0c52-4aa7-80e6-e7269a14a582@group-A388CC0A60BB-SegmentedRaftLog:OPENED:c-1, conf=-1: [7b64d61e-992d-46f7-bdd8-85e232d42a6f|rpc:10.1.0.20:38563|priority:0, a2583cd9-0c52-4aa7-80e6-e7269a14a582|rpc:10.1.0.20:44379|priority:1, b22e6e25-1e95-4e3d-b66d-658eeab2c33a|rpc:10.1.0.20:45285|priority:0], old=null
2022-07-12 21:04:02,750 [a2583cd9-0c52-4aa7-80e6-e7269a14a582@group-A388CC0A60BB-LeaderElection5] INFO  impl.LeaderElection (LeaderElection.java:logAndReturn(90)) - a2583cd9-0c52-4aa7-80e6-e7269a14a582@group-A388CC0A60BB-LeaderElection5: ELECTION PASSED received 2 response(s) and 0 exception(s):
2022-07-12 21:04:02,752 [a2583cd9-0c52-4aa7-80e6-e7269a14a582@group-A388CC0A60BB-LeaderElection5] INFO  impl.LeaderElection (LeaderElection.java:logAndReturn(94)) -   Response 0: a2583cd9-0c52-4aa7-80e6-e7269a14a582<-7b64d61e-992d-46f7-bdd8-85e232d42a6f#0:FAIL-t1
2022-07-12 21:04:02,752 [a2583cd9-0c52-4aa7-80e6-e7269a14a582@group-A388CC0A60BB-LeaderElection5] INFO  impl.LeaderElection (LeaderElection.java:logAndReturn(94)) -   Response 1: a2583cd9-0c52-4aa7-80e6-e7269a14a582<-b22e6e25-1e95-4e3d-b66d-658eeab2c33a#0:OK-t1
2022-07-12 21:04:02,752 [a2583cd9-0c52-4aa7-80e6-e7269a14a582@group-A388CC0A60BB-LeaderElection5] INFO  impl.LeaderElection (LeaderElection.java:askForVotes(312)) - a2583cd9-0c52-4aa7-80e6-e7269a14a582@group-A388CC0A60BB-LeaderElection5 ELECTION round 0: result PASSED
2022-07-12 21:04:02,752 [a2583cd9-0c52-4aa7-80e6-e7269a14a582@group-A388CC0A60BB-LeaderElection5] INFO  impl.RoleInfo (RoleInfo.java:shutdownLeaderElection(130)) - a2583cd9-0c52-4aa7-80e6-e7269a14a582: shutdown a2583cd9-0c52-4aa7-80e6-e7269a14a582@group-A388CC0A60BB-LeaderElection5
2022-07-12 21:04:02,752 [a2583cd9-0c52-4aa7-80e6-e7269a14a582@group-A388CC0A60BB-LeaderElection5] INFO  server.RaftServer$Division (RaftServerImpl.java:setRole(299)) - a2583cd9-0c52-4aa7-80e6-e7269a14a582@group-A388CC0A60BB: changes role from CANDIDATE to LEADER at term 1 for changeToLeader
2022-07-12 21:04:02,752 [a2583cd9-0c52-4aa7-80e6-e7269a14a582@group-A388CC0A60BB-LeaderElection5] INFO  ratis.XceiverServerRatis (XceiverServerRatis.java:handleLeaderChangedNotification(863)) - Leader change notification received for group: group-A388CC0A60BB with new leaderId: a2583cd9-0c52-4aa7-80e6-e7269a14a582
2022-07-12 21:04:02,752 [a2583cd9-0c52-4aa7-80e6-e7269a14a582@group-A388CC0A60BB-LeaderElection5] INFO  server.RaftServer$Division (ServerState.java:setLeader(287)) - a2583cd9-0c52-4aa7-80e6-e7269a14a582@group-A388CC0A60BB: change Leader from null to a2583cd9-0c52-4aa7-80e6-e7269a14a582 at term 1 for becomeLeader, leader elected after 5192ms
2022-07-12 21:04:02,752 [a2583cd9-0c52-4aa7-80e6-e7269a14a582@group-A388CC0A60BB-LeaderElection5] INFO  server.RaftServerConfigKeys (ConfUtils.java:logGet(46)) - raft.server.staging.catchup.gap = 1000 (default)
2022-07-12 21:04:02,753 [a2583cd9-0c52-4aa7-80e6-e7269a14a582@group-A388CC0A60BB-LeaderElection5] INFO  server.RaftServerConfigKeys (ConfUtils.java:logGet(46)) - raft.server.write.element-limit = 1024 (custom)
2022-07-12 21:04:02,753 [a2583cd9-0c52-4aa7-80e6-e7269a14a582@group-A388CC0A60BB-LeaderElection5] INFO  server.RaftServerConfigKeys (ConfUtils.java:logGet(46)) - raft.server.write.byte-limit = 1024 M (=1073741824) (custom)
2022-07-12 21:04:02,753 [a2583cd9-0c52-4aa7-80e6-e7269a14a582@group-A388CC0A60BB-LeaderElection5] INFO  server.RaftServerConfigKeys (ConfUtils.java:logGet(46)) - raft.server.watch.timeout = 180s (custom)
2022-07-12 21:04:02,753 [a2583cd9-0c52-4aa7-80e6-e7269a14a582@group-A388CC0A60BB-LeaderElection5] INFO  server.RaftServerConfigKeys (ConfUtils.java:logGet(46)) - raft.server.watch.timeout.denomination = 1s (default)
2022-07-12 21:04:02,753 [a2583cd9-0c52-4aa7-80e6-e7269a14a582@group-A388CC0A60BB-LeaderElection5] INFO  server.RaftServerConfigKeys (ConfUtils.java:logGet(46)) - raft.server.watch.element-limit = 65536 (default)
2022-07-12 21:04:02,753 [a2583cd9-0c52-4aa7-80e6-e7269a14a582@group-A388CC0A60BB-LeaderElection5] INFO  server.RaftServerConfigKeys (ConfUtils.java:logGet(46)) - raft.server.write.element-limit = 1024 (custom)
2022-07-12 21:04:02,753 [a2583cd9-0c52-4aa7-80e6-e7269a14a582@group-A388CC0A60BB-LeaderElection5] INFO  server.RaftServerConfigKeys (ConfUtils.java:logGet(46)) - raft.server.write.follower.gap.ratio.max = -1.0 (default)
2022-07-12 21:04:02,751 [grpc-default-executor-0] INFO  server.RaftServer$Division (RaftServerImpl.java:requestVote(1152)) - b22e6e25-1e95-4e3d-b66d-658eeab2c33a@group-A388CC0A60BB: receive requestVote(ELECTION, 7b64d61e-992d-46f7-bdd8-85e232d42a6f, group-A388CC0A60BB, 1, (t:0, i:0))
2022-07-12 21:04:02,758 [grpc-default-executor-0] INFO  impl.VoteContext (VoteContext.java:log(48)) - b22e6e25-1e95-4e3d-b66d-658eeab2c33a@group-A388CC0A60BB-FOLLOWER: reject ELECTION from 7b64d61e-992d-46f7-bdd8-85e232d42a6f: already has voted for a2583cd9-0c52-4aa7-80e6-e7269a14a582 at current term 1
2022-07-12 21:04:02,758 [grpc-default-executor-0] INFO  server.RaftServer$Division (RaftServerImpl.java:requestVote(1184)) - b22e6e25-1e95-4e3d-b66d-658eeab2c33a@group-A388CC0A60BB replies to ELECTION vote request: 7b64d61e-992d-46f7-bdd8-85e232d42a6f<-b22e6e25-1e95-4e3d-b66d-658eeab2c33a#0:FAIL-t1. Peer's state: b22e6e25-1e95-4e3d-b66d-658eeab2c33a@group-A388CC0A60BB:t1, leader=null, voted=a2583cd9-0c52-4aa7-80e6-e7269a14a582, raftlog=b22e6e25-1e95-4e3d-b66d-658eeab2c33a@group-A388CC0A60BB-SegmentedRaftLog:OPENED:c-1, conf=-1: [7b64d61e-992d-46f7-bdd8-85e232d42a6f|rpc:10.1.0.20:38563|priority:0, a2583cd9-0c52-4aa7-80e6-e7269a14a582|rpc:10.1.0.20:44379|priority:1, b22e6e25-1e95-4e3d-b66d-658eeab2c33a|rpc:10.1.0.20:45285|priority:0], old=null
2022-07-12 21:04:02,758 [EventQueue-PipelineReportForPipelineReportHandler] INFO  pipeline.PipelineManagerImpl (PipelineManagerImpl.java:openPipeline(359)) - Pipeline Pipeline[ Id: f2734cb1-6025-430b-a5e4-a388cc0a60bb, Nodes: a2583cd9-0c52-4aa7-80e6-e7269a14a582{ip: 10.1.0.20, host: fv-az452-57.ku3lqr0aiaqu5kfj3xdpchcrvd.dx.internal.cloudapp.net, ports: [REPLICATION=44645, RATIS=44379, RATIS_ADMIN=44379, RATIS_SERVER=44379, STANDALONE=37647], networkLocation: /default-rack, certSerialId: null, persistedOpState: IN_SERVICE, persistedOpStateExpiryEpochSec: 0}7b64d61e-992d-46f7-bdd8-85e232d42a6f{ip: 10.1.0.20, host: fv-az452-57.ku3lqr0aiaqu5kfj3xdpchcrvd.dx.internal.cloudapp.net, ports: [REPLICATION=35039, RATIS=38563, RATIS_ADMIN=38563, RATIS_SERVER=38563, STANDALONE=34815], networkLocation: /default-rack, certSerialId: null, persistedOpState: IN_SERVICE, persistedOpStateExpiryEpochSec: 0}b22e6e25-1e95-4e3d-b66d-658eeab2c33a{ip: 10.1.0.20, host: fv-az452-57.ku3lqr0aiaqu5kfj3xdpchcrvd.dx.internal.cloudapp.net, ports: [REPLICATION=43729, RATIS=45285, RATIS_ADMIN=45285, RATIS_SERVER=45285, STANDALONE=46647], networkLocation: /default-rack, certSerialId: null, persistedOpState: IN_SERVICE, persistedOpStateExpiryEpochSec: 0}, ReplicationConfig: RATIS/THREE, State:ALLOCATED, leaderId:a2583cd9-0c52-4aa7-80e6-e7269a14a582, CreationTimestamp2022-07-12T21:03:54.664Z[Etc/UTC]] moved to OPEN state
2022-07-12 21:04:02,759 [EventQueue-OpenPipelineForHealthyPipelineSafeModeRule] INFO  safemode.SCMSafeModeManager (HealthyPipelineSafeModeRule.java:process(124)) - SCM in safe mode. Healthy pipelines reported count is 1, required healthy pipeline reported count is 1
2022-07-12 21:04:02,770 [EventQueue-OpenPipelineForHealthyPipelineSafeModeRule] INFO  safemode.SCMSafeModeManager (SCMSafeModeManager.java:validateSafeModeExitRules(204)) - HealthyPipelineSafeModeRule rule is successfully validated
2022-07-12 21:04:02,770 [EventQueue-OpenPipelineForHealthyPipelineSafeModeRule] INFO  safemode.SCMSafeModeManager (SCMSafeModeManager.java:validateSafeModeExitRules(219)) - ScmSafeModeManager, all rules are successfully validated
2022-07-12 21:04:02,770 [EventQueue-OpenPipelineForHealthyPipelineSafeModeRule] INFO  safemode.SCMSafeModeManager (SCMSafeModeManager.java:exitSafeMode(248)) - SCM exiting safe mode.
2022-07-12 21:04:02,770 [EventQueue-OpenPipelineForHealthyPipelineSafeModeRule] WARN  events.EventQueue (EventQueue.java:fireEvent(216)) - No event handler registered for event TypedEvent{payloadType=SafeModeStatus, name='Safe mode status'}
2022-07-12 21:04:02,770 [EventQueue-OpenPipelineForHealthyPipelineSafeModeRule] INFO  ha.SCMContext (SCMContext.java:updateSafeModeStatus(228)) - Update SafeModeStatus from SafeModeStatus{safeModeStatus=true, preCheckPassed=true} to SafeModeStatus{safeModeStatus=false, preCheckPassed=true}.
2022-07-12 21:04:02,770 [a2583cd9-0c52-4aa7-80e6-e7269a14a582@group-A388CC0A60BB-LeaderElection5] INFO  server.RaftServerConfigKeys (ConfUtils.java:logGet(46)) - raft.server.log.appender.snapshot.chunk.size.max = 16MB (=16777216) (default)
2022-07-12 21:04:02,758 [7b64d61e-992d-46f7-bdd8-85e232d42a6f@group-A388CC0A60BB-LeaderElection6] INFO  impl.LeaderElection (LeaderElection.java:logAndReturn(90)) - 7b64d61e-992d-46f7-bdd8-85e232d42a6f@group-A388CC0A60BB-LeaderElection6: ELECTION REJECTED received 1 response(s) and 0 exception(s):
2022-07-12 21:04:02,771 [a2583cd9-0c52-4aa7-80e6-e7269a14a582@group-A388CC0A60BB-LeaderElection5] INFO  server.RaftServerConfigKeys (ConfUtils.java:logGet(46)) - raft.server.log.appender.buffer.byte-limit = 33554432 (custom)
2022-07-12 21:04:02,770 [EventQueue-OpenPipelineForHealthyPipelineSafeModeRule] INFO  pipeline.BackgroundPipelineCreator (BackgroundPipelineCreator.java:notifyStatusChanged(253)) - Service BackgroundPipelineCreator transitions to RUNNING.
2022-07-12 21:04:02,771 [EventQueue-OpenPipelineForHealthyPipelineSafeModeRule] INFO  BackgroundPipelineScrubber (BackgroundSCMService.java:notifyStatusChanged(82)) - Service BackgroundPipelineScrubber transitions to RUNNING.
2022-07-12 21:04:02,771 [EventQueue-OpenPipelineForHealthyPipelineSafeModeRule] INFO  ExpiredContainerReplicaOpScrubber (BackgroundSCMService.java:notifyStatusChanged(82)) - Service ExpiredContainerReplicaOpScrubber transitions to RUNNING.
2022-07-12 21:04:02,771 [EventQueue-OpenPipelineForHealthyPipelineSafeModeRule] INFO  replication.ReplicationManager (ReplicationManager.java:notifyStatusChanged(495)) - Service ReplicationManager transitions to RUNNING.
2022-07-12 21:04:02,771 [a2583cd9-0c52-4aa7-80e6-e7269a14a582@group-A388CC0A60BB-LeaderElection5] INFO  server.RaftServerConfigKeys (ConfUtils.java:logGet(46)) - raft.server.log.appender.buffer.element-limit = 1 (custom)
2022-07-12 21:04:02,771 [7b64d61e-992d-46f7-bdd8-85e232d42a6f@group-A388CC0A60BB-LeaderElection6] INFO  impl.LeaderElection (LeaderElection.java:logAndReturn(94)) -   Response 0: 7b64d61e-992d-46f7-bdd8-85e232d42a6f<-a2583cd9-0c52-4aa7-80e6-e7269a14a582#0:FAIL-t1
2022-07-12 21:04:02,771 [7b64d61e-992d-46f7-bdd8-85e232d42a6f@group-A388CC0A60BB-LeaderElection6] INFO  impl.LeaderElection (LeaderElection.java:askForVotes(312)) - 7b64d61e-992d-46f7-bdd8-85e232d42a6f@group-A388CC0A60BB-LeaderElection6 ELECTION round 0: result REJECTED
2022-07-12 21:04:02,771 [7b64d61e-992d-46f7-bdd8-85e232d42a6f@group-A388CC0A60BB-LeaderElection6] INFO  server.RaftServer$Division (RaftServerImpl.java:setRole(299)) - 7b64d61e-992d-46f7-bdd8-85e232d42a6f@group-A388CC0A60BB: changes role from CANDIDATE to FOLLOWER at term 1 for REJECTED
2022-07-12 21:04:02,772 [7b64d61e-992d-46f7-bdd8-85e232d42a6f@group-A388CC0A60BB-LeaderElection6] INFO  impl.RoleInfo (RoleInfo.java:shutdownLeaderElection(130)) - 7b64d61e-992d-46f7-bdd8-85e232d42a6f: shutdown 7b64d61e-992d-46f7-bdd8-85e232d42a6f@group-A388CC0A60BB-LeaderElection6
2022-07-12 21:04:02,772 [7b64d61e-992d-46f7-bdd8-85e232d42a6f@group-A388CC0A60BB-LeaderElection6] INFO  impl.RoleInfo (RoleInfo.java:updateAndGet(139)) - 7b64d61e-992d-46f7-bdd8-85e232d42a6f: start 7b64d61e-992d-46f7-bdd8-85e232d42a6f@group-A388CC0A60BB-FollowerState
2022-07-12 21:04:02,772 [EventQueue-OpenPipelineForHealthyPipelineSafeModeRule] WARN  balancer.ContainerBalancer (ContainerBalancer.java:shouldRun(894)) - Could not find persisted configuration for ContainerBalancer when checking if ContainerBalancer should run. ContainerBalancer should not run now.
2022-07-12 21:04:02,778 [a2583cd9-0c52-4aa7-80e6-e7269a14a582@group-A388CC0A60BB-LeaderElection5] INFO  grpc.GrpcConfigKeys (ConfUtils.java:logGet(46)) - raft.grpc.server.leader.outstanding.appends.max = 128 (default)
2022-07-12 21:04:02,779 [a2583cd9-0c52-4aa7-80e6-e7269a14a582@group-A388CC0A60BB-LeaderElection5] INFO  server.RaftServerConfigKeys (ConfUtils.java:logGet(46)) - raft.server.rpc.request.timeout = 60s (custom)
2022-07-12 21:04:02,779 [a2583cd9-0c52-4aa7-80e6-e7269a14a582@group-A388CC0A60BB-LeaderElection5] INFO  server.RaftServerConfigKeys (ConfUtils.java:logGet(46)) - raft.server.log.appender.install.snapshot.enabled = false (custom)
2022-07-12 21:04:02,782 [a2583cd9-0c52-4aa7-80e6-e7269a14a582@group-A388CC0A60BB-LeaderElection5] INFO  server.RaftServerConfigKeys (ConfUtils.java:logGet(46)) - raft.server.log.appender.snapshot.chunk.size.max = 16MB (=16777216) (default)
2022-07-12 21:04:02,782 [a2583cd9-0c52-4aa7-80e6-e7269a14a582@group-A388CC0A60BB-LeaderElection5] INFO  server.RaftServerConfigKeys (ConfUtils.java:logGet(46)) - raft.server.log.appender.buffer.byte-limit = 33554432 (custom)
2022-07-12 21:04:02,782 [a2583cd9-0c52-4aa7-80e6-e7269a14a582@group-A388CC0A60BB-LeaderElection5] INFO  server.RaftServerConfigKeys (ConfUtils.java:logGet(46)) - raft.server.log.appender.buffer.element-limit = 1 (custom)
2022-07-12 21:04:02,782 [a2583cd9-0c52-4aa7-80e6-e7269a14a582@group-A388CC0A60BB-LeaderElection5] INFO  grpc.GrpcConfigKeys (ConfUtils.java:logGet(46)) - raft.grpc.server.leader.outstanding.appends.max = 128 (default)
2022-07-12 21:04:02,782 [a2583cd9-0c52-4aa7-80e6-e7269a14a582@group-A388CC0A60BB-LeaderElection5] INFO  server.RaftServerConfigKeys (ConfUtils.java:logGet(46)) - raft.server.rpc.request.timeout = 60s (custom)
2022-07-12 21:04:02,782 [a2583cd9-0c52-4aa7-80e6-e7269a14a582@group-A388CC0A60BB-LeaderElection5] INFO  server.RaftServerConfigKeys (ConfUtils.java:logGet(46)) - raft.server.log.appender.install.snapshot.enabled = false (custom)
2022-07-12 21:04:02,783 [a2583cd9-0c52-4aa7-80e6-e7269a14a582@group-A388CC0A60BB-LeaderElection5] INFO  impl.RoleInfo (RoleInfo.java:updateAndGet(139)) - a2583cd9-0c52-4aa7-80e6-e7269a14a582: start a2583cd9-0c52-4aa7-80e6-e7269a14a582@group-A388CC0A60BB-LeaderStateImpl
2022-07-12 21:04:02,784 [a2583cd9-0c52-4aa7-80e6-e7269a14a582@group-A388CC0A60BB-LeaderElection5] INFO  segmented.SegmentedRaftLogWorker (SegmentedRaftLogWorker.java:startLogSegment(425)) - a2583cd9-0c52-4aa7-80e6-e7269a14a582@group-A388CC0A60BB-SegmentedRaftLogWorker: Starting segment from index:0
2022-07-12 21:04:02,785 [a2583cd9-0c52-4aa7-80e6-e7269a14a582@group-A388CC0A60BB-SegmentedRaftLogWorker] INFO  segmented.SegmentedRaftLogWorker (SegmentedRaftLogWorker.java:execute(629)) - a2583cd9-0c52-4aa7-80e6-e7269a14a582@group-A388CC0A60BB-SegmentedRaftLogWorker: created new log segment /home/runner/work/ozone/ozone/hadoop-ozone/integration-test/target/test-dir/MiniOzoneClusterImpl-602e3c1e-9006-4844-b6f6-7d75904803ac/datanode-1/data/ratis/f2734cb1-6025-430b-a5e4-a388cc0a60bb/current/log_inprogress_0
2022-07-12 21:04:02,795 [a2583cd9-0c52-4aa7-80e6-e7269a14a582@group-A388CC0A60BB-LeaderElection5] INFO  server.RaftServer$Division (ServerState.java:setRaftConf(393)) - a2583cd9-0c52-4aa7-80e6-e7269a14a582@group-A388CC0A60BB: set configuration 0: [7b64d61e-992d-46f7-bdd8-85e232d42a6f|rpc:10.1.0.20:38563|dataStream:|priority:0, a2583cd9-0c52-4aa7-80e6-e7269a14a582|rpc:10.1.0.20:44379|dataStream:|priority:1, b22e6e25-1e95-4e3d-b66d-658eeab2c33a|rpc:10.1.0.20:45285|dataStream:|priority:0], old=null
2022-07-12 21:04:02,825 [7b64d61e-992d-46f7-bdd8-85e232d42a6f-server-thread1] INFO  ratis.XceiverServerRatis (XceiverServerRatis.java:handleLeaderChangedNotification(863)) - Leader change notification received for group: group-A388CC0A60BB with new leaderId: a2583cd9-0c52-4aa7-80e6-e7269a14a582
2022-07-12 21:04:02,825 [7b64d61e-992d-46f7-bdd8-85e232d42a6f-server-thread1] INFO  server.RaftServer$Division (ServerState.java:setLeader(287)) - 7b64d61e-992d-46f7-bdd8-85e232d42a6f@group-A388CC0A60BB: change Leader from null to a2583cd9-0c52-4aa7-80e6-e7269a14a582 at term 1 for appendEntries, leader elected after 5217ms
2022-07-12 21:04:02,828 [b22e6e25-1e95-4e3d-b66d-658eeab2c33a-server-thread1] INFO  ratis.XceiverServerRatis (XceiverServerRatis.java:handleLeaderChangedNotification(863)) - Leader change notification received for group: group-A388CC0A60BB with new leaderId: a2583cd9-0c52-4aa7-80e6-e7269a14a582
2022-07-12 21:04:02,830 [b22e6e25-1e95-4e3d-b66d-658eeab2c33a-server-thread1] INFO  server.RaftServer$Division (ServerState.java:setLeader(287)) - b22e6e25-1e95-4e3d-b66d-658eeab2c33a@group-A388CC0A60BB: change Leader from null to a2583cd9-0c52-4aa7-80e6-e7269a14a582 at term 1 for appendEntries, leader elected after 5264ms
2022-07-12 21:04:02,839 [b22e6e25-1e95-4e3d-b66d-658eeab2c33a-server-thread1] INFO  server.RaftServer$Division (ServerState.java:setRaftConf(393)) - b22e6e25-1e95-4e3d-b66d-658eeab2c33a@group-A388CC0A60BB: set configuration 0: [7b64d61e-992d-46f7-bdd8-85e232d42a6f|rpc:10.1.0.20:38563|dataStream:|priority:0, a2583cd9-0c52-4aa7-80e6-e7269a14a582|rpc:10.1.0.20:44379|dataStream:|priority:1, b22e6e25-1e95-4e3d-b66d-658eeab2c33a|rpc:10.1.0.20:45285|dataStream:|priority:0], old=null
2022-07-12 21:04:02,840 [b22e6e25-1e95-4e3d-b66d-658eeab2c33a-server-thread1] INFO  segmented.SegmentedRaftLogWorker (SegmentedRaftLogWorker.java:startLogSegment(425)) - b22e6e25-1e95-4e3d-b66d-658eeab2c33a@group-A388CC0A60BB-SegmentedRaftLogWorker: Starting segment from index:0
2022-07-12 21:04:02,842 [b22e6e25-1e95-4e3d-b66d-658eeab2c33a@group-A388CC0A60BB-SegmentedRaftLogWorker] INFO  segmented.SegmentedRaftLogWorker (SegmentedRaftLogWorker.java:execute(629)) - b22e6e25-1e95-4e3d-b66d-658eeab2c33a@group-A388CC0A60BB-SegmentedRaftLogWorker: created new log segment /home/runner/work/ozone/ozone/hadoop-ozone/integration-test/target/test-dir/MiniOzoneClusterImpl-602e3c1e-9006-4844-b6f6-7d75904803ac/datanode-0/data/ratis/f2734cb1-6025-430b-a5e4-a388cc0a60bb/current/log_inprogress_0
2022-07-12 21:04:02,852 [7b64d61e-992d-46f7-bdd8-85e232d42a6f-server-thread1] INFO  server.RaftServer$Division (ServerState.java:setRaftConf(393)) - 7b64d61e-992d-46f7-bdd8-85e232d42a6f@group-A388CC0A60BB: set configuration 0: [7b64d61e-992d-46f7-bdd8-85e232d42a6f|rpc:10.1.0.20:38563|dataStream:|priority:0, a2583cd9-0c52-4aa7-80e6-e7269a14a582|rpc:10.1.0.20:44379|dataStream:|priority:1, b22e6e25-1e95-4e3d-b66d-658eeab2c33a|rpc:10.1.0.20:45285|dataStream:|priority:0], old=null
2022-07-12 21:04:02,852 [7b64d61e-992d-46f7-bdd8-85e232d42a6f-server-thread1] INFO  segmented.SegmentedRaftLogWorker (SegmentedRaftLogWorker.java:startLogSegment(425)) - 7b64d61e-992d-46f7-bdd8-85e232d42a6f@group-A388CC0A60BB-SegmentedRaftLogWorker: Starting segment from index:0
2022-07-12 21:04:02,854 [7b64d61e-992d-46f7-bdd8-85e232d42a6f@group-A388CC0A60BB-SegmentedRaftLogWorker] INFO  segmented.SegmentedRaftLogWorker (SegmentedRaftLogWorker.java:execute(629)) - 7b64d61e-992d-46f7-bdd8-85e232d42a6f@group-A388CC0A60BB-SegmentedRaftLogWorker: created new log segment /home/runner/work/ozone/ozone/hadoop-ozone/integration-test/target/test-dir/MiniOzoneClusterImpl-602e3c1e-9006-4844-b6f6-7d75904803ac/datanode-2/data/ratis/f2734cb1-6025-430b-a5e4-a388cc0a60bb/current/log_inprogress_0
2022-07-12 21:04:02,863 [7b64d61e-992d-46f7-bdd8-85e232d42a6f@group-99562771DEC1-FollowerState] INFO  impl.FollowerState (FollowerState.java:run(143)) - 7b64d61e-992d-46f7-bdd8-85e232d42a6f@group-99562771DEC1-FollowerState: change to CANDIDATE, lastRpcElapsedTime:5186137746ns, electionTimeout:5185ms
2022-07-12 21:04:02,863 [7b64d61e-992d-46f7-bdd8-85e232d42a6f@group-99562771DEC1-FollowerState] INFO  impl.RoleInfo (RoleInfo.java:shutdownFollowerState(110)) - 7b64d61e-992d-46f7-bdd8-85e232d42a6f: shutdown 7b64d61e-992d-46f7-bdd8-85e232d42a6f@group-99562771DEC1-FollowerState
2022-07-12 21:04:02,863 [7b64d61e-992d-46f7-bdd8-85e232d42a6f@group-99562771DEC1-FollowerState] INFO  server.RaftServer$Division (RaftServerImpl.java:setRole(299)) - 7b64d61e-992d-46f7-bdd8-85e232d42a6f@group-99562771DEC1: changes role from  FOLLOWER to CANDIDATE at term 0 for changeToCandidate
2022-07-12 21:04:02,863 [7b64d61e-992d-46f7-bdd8-85e232d42a6f@group-99562771DEC1-FollowerState] INFO  server.RaftServerConfigKeys (ConfUtils.java:logGet(46)) - raft.server.leaderelection.pre-vote = false (custom)
2022-07-12 21:04:02,863 [7b64d61e-992d-46f7-bdd8-85e232d42a6f@group-99562771DEC1-FollowerState] INFO  impl.RoleInfo (RoleInfo.java:updateAndGet(139)) - 7b64d61e-992d-46f7-bdd8-85e232d42a6f: start 7b64d61e-992d-46f7-bdd8-85e232d42a6f@group-99562771DEC1-LeaderElection8
2022-07-12 21:04:02,866 [7b64d61e-992d-46f7-bdd8-85e232d42a6f@group-99562771DEC1-LeaderElection8] INFO  impl.LeaderElection (LeaderElection.java:askForVotes(310)) - 7b64d61e-992d-46f7-bdd8-85e232d42a6f@group-99562771DEC1-LeaderElection8 ELECTION round 0: submit vote requests at term 1 for -1: [7b64d61e-992d-46f7-bdd8-85e232d42a6f|rpc:10.1.0.20:38563|priority:1], old=null
2022-07-12 21:04:02,866 [7b64d61e-992d-46f7-bdd8-85e232d42a6f@group-99562771DEC1-LeaderElection8] INFO  impl.LeaderElection (LeaderElection.java:askForVotes(312)) - 7b64d61e-992d-46f7-bdd8-85e232d42a6f@group-99562771DEC1-LeaderElection8 ELECTION round 0: result PASSED (term=1)
2022-07-12 21:04:02,866 [7b64d61e-992d-46f7-bdd8-85e232d42a6f@group-99562771DEC1-LeaderElection8] INFO  impl.RoleInfo (RoleInfo.java:shutdownLeaderElection(130)) - 7b64d61e-992d-46f7-bdd8-85e232d42a6f: shutdown 7b64d61e-992d-46f7-bdd8-85e232d42a6f@group-99562771DEC1-LeaderElection8
2022-07-12 21:04:02,866 [7b64d61e-992d-46f7-bdd8-85e232d42a6f@group-99562771DEC1-LeaderElection8] INFO  server.RaftServer$Division (RaftServerImpl.java:setRole(299)) - 7b64d61e-992d-46f7-bdd8-85e232d42a6f@group-99562771DEC1: changes role from CANDIDATE to LEADER at term 1 for changeToLeader
2022-07-12 21:04:02,867 [7b64d61e-992d-46f7-bdd8-85e232d42a6f@group-99562771DEC1-LeaderElection8] INFO  ratis.XceiverServerRatis (XceiverServerRatis.java:handleLeaderChangedNotification(863)) - Leader change notification received for group: group-99562771DEC1 with new leaderId: 7b64d61e-992d-46f7-bdd8-85e232d42a6f
2022-07-12 21:04:02,867 [7b64d61e-992d-46f7-bdd8-85e232d42a6f@group-99562771DEC1-LeaderElection8] INFO  server.RaftServer$Division (ServerState.java:setLeader(287)) - 7b64d61e-992d-46f7-bdd8-85e232d42a6f@group-99562771DEC1: change Leader from null to 7b64d61e-992d-46f7-bdd8-85e232d42a6f at term 1 for becomeLeader, leader elected after 5203ms
2022-07-12 21:04:02,867 [7b64d61e-992d-46f7-bdd8-85e232d42a6f@group-99562771DEC1-LeaderElection8] INFO  server.RaftServerConfigKeys (ConfUtils.java:logGet(46)) - raft.server.staging.catchup.gap = 1000 (default)
2022-07-12 21:04:02,868 [7b64d61e-992d-46f7-bdd8-85e232d42a6f@group-99562771DEC1-LeaderElection8] INFO  server.RaftServerConfigKeys (ConfUtils.java:logGet(46)) - raft.server.write.element-limit = 1024 (custom)
2022-07-12 21:04:02,868 [7b64d61e-992d-46f7-bdd8-85e232d42a6f@group-99562771DEC1-LeaderElection8] INFO  server.RaftServerConfigKeys (ConfUtils.java:logGet(46)) - raft.server.write.byte-limit = 1024 M (=1073741824) (custom)
2022-07-12 21:04:02,869 [7b64d61e-992d-46f7-bdd8-85e232d42a6f@group-99562771DEC1-LeaderElection8] INFO  server.RaftServerConfigKeys (ConfUtils.java:logGet(46)) - raft.server.watch.timeout = 180s (custom)
2022-07-12 21:04:02,869 [7b64d61e-992d-46f7-bdd8-85e232d42a6f@group-99562771DEC1-LeaderElection8] INFO  server.RaftServerConfigKeys (ConfUtils.java:logGet(46)) - raft.server.watch.timeout.denomination = 1s (default)
2022-07-12 21:04:02,869 [7b64d61e-992d-46f7-bdd8-85e232d42a6f@group-99562771DEC1-LeaderElection8] INFO  server.RaftServerConfigKeys (ConfUtils.java:logGet(46)) - raft.server.watch.element-limit = 65536 (default)
2022-07-12 21:04:02,869 [7b64d61e-992d-46f7-bdd8-85e232d42a6f@group-99562771DEC1-LeaderElection8] INFO  server.RaftServerConfigKeys (ConfUtils.java:logGet(46)) - raft.server.write.element-limit = 1024 (custom)
2022-07-12 21:04:02,869 [7b64d61e-992d-46f7-bdd8-85e232d42a6f@group-99562771DEC1-LeaderElection8] INFO  server.RaftServerConfigKeys (ConfUtils.java:logGet(46)) - raft.server.write.follower.gap.ratio.max = -1.0 (default)
2022-07-12 21:04:02,869 [7b64d61e-992d-46f7-bdd8-85e232d42a6f@group-99562771DEC1-LeaderElection8] INFO  impl.RoleInfo (RoleInfo.java:updateAndGet(139)) - 7b64d61e-992d-46f7-bdd8-85e232d42a6f: start 7b64d61e-992d-46f7-bdd8-85e232d42a6f@group-99562771DEC1-LeaderStateImpl
2022-07-12 21:04:02,869 [7b64d61e-992d-46f7-bdd8-85e232d42a6f@group-99562771DEC1-LeaderElection8] INFO  segmented.SegmentedRaftLogWorker (SegmentedRaftLogWorker.java:startLogSegment(425)) - 7b64d61e-992d-46f7-bdd8-85e232d42a6f@group-99562771DEC1-SegmentedRaftLogWorker: Starting segment from index:0
2022-07-12 21:04:02,871 [7b64d61e-992d-46f7-bdd8-85e232d42a6f@group-99562771DEC1-SegmentedRaftLogWorker] INFO  segmented.SegmentedRaftLogWorker (SegmentedRaftLogWorker.java:execute(629)) - 7b64d61e-992d-46f7-bdd8-85e232d42a6f@group-99562771DEC1-SegmentedRaftLogWorker: created new log segment /home/runner/work/ozone/ozone/hadoop-ozone/integration-test/target/test-dir/MiniOzoneClusterImpl-602e3c1e-9006-4844-b6f6-7d75904803ac/datanode-2/data/ratis/71172f23-2537-4663-b3bc-99562771dec1/current/log_inprogress_0
2022-07-12 21:04:02,876 [7b64d61e-992d-46f7-bdd8-85e232d42a6f@group-99562771DEC1-LeaderElection8] INFO  server.RaftServer$Division (ServerState.java:setRaftConf(393)) - 7b64d61e-992d-46f7-bdd8-85e232d42a6f@group-99562771DEC1: set configuration 0: [7b64d61e-992d-46f7-bdd8-85e232d42a6f|rpc:10.1.0.20:38563|dataStream:|priority:1], old=null
2022-07-12 21:04:03,214 [b9db4bf7-af66-49a0-9c75-3548e23876bf@group-D121E209FD50-FollowerState] INFO  impl.FollowerState (FollowerState.java:run(143)) - b9db4bf7-af66-49a0-9c75-3548e23876bf@group-D121E209FD50-FollowerState: change to CANDIDATE, lastRpcElapsedTime:5188066447ns, electionTimeout:5187ms
2022-07-12 21:04:03,214 [b9db4bf7-af66-49a0-9c75-3548e23876bf@group-D121E209FD50-FollowerState] INFO  impl.RoleInfo (RoleInfo.java:shutdownFollowerState(110)) - b9db4bf7-af66-49a0-9c75-3548e23876bf: shutdown b9db4bf7-af66-49a0-9c75-3548e23876bf@group-D121E209FD50-FollowerState
2022-07-12 21:04:03,214 [b9db4bf7-af66-49a0-9c75-3548e23876bf@group-D121E209FD50-FollowerState] INFO  server.RaftServer$Division (RaftServerImpl.java:setRole(299)) - b9db4bf7-af66-49a0-9c75-3548e23876bf@group-D121E209FD50: changes role from  FOLLOWER to CANDIDATE at term 0 for changeToCandidate
2022-07-12 21:04:03,214 [b9db4bf7-af66-49a0-9c75-3548e23876bf@group-D121E209FD50-FollowerState] INFO  server.RaftServerConfigKeys (ConfUtils.java:logGet(46)) - raft.server.leaderelection.pre-vote = false (custom)
2022-07-12 21:04:03,214 [b9db4bf7-af66-49a0-9c75-3548e23876bf@group-D121E209FD50-FollowerState] INFO  impl.RoleInfo (RoleInfo.java:updateAndGet(139)) - b9db4bf7-af66-49a0-9c75-3548e23876bf: start b9db4bf7-af66-49a0-9c75-3548e23876bf@group-D121E209FD50-LeaderElection9
2022-07-12 21:04:03,219 [b9db4bf7-af66-49a0-9c75-3548e23876bf@group-D121E209FD50-LeaderElection9] INFO  impl.LeaderElection (LeaderElection.java:askForVotes(310)) - b9db4bf7-af66-49a0-9c75-3548e23876bf@group-D121E209FD50-LeaderElection9 ELECTION round 0: submit vote requests at term 1 for -1: [b9db4bf7-af66-49a0-9c75-3548e23876bf|rpc:10.1.0.20:39019|priority:1], old=null
2022-07-12 21:04:03,219 [b9db4bf7-af66-49a0-9c75-3548e23876bf@group-D121E209FD50-LeaderElection9] INFO  impl.LeaderElection (LeaderElection.java:askForVotes(312)) - b9db4bf7-af66-49a0-9c75-3548e23876bf@group-D121E209FD50-LeaderElection9 ELECTION round 0: result PASSED (term=1)
2022-07-12 21:04:03,219 [b9db4bf7-af66-49a0-9c75-3548e23876bf@group-D121E209FD50-LeaderElection9] INFO  impl.RoleInfo (RoleInfo.java:shutdownLeaderElection(130)) - b9db4bf7-af66-49a0-9c75-3548e23876bf: shutdown b9db4bf7-af66-49a0-9c75-3548e23876bf@group-D121E209FD50-LeaderElection9
2022-07-12 21:04:03,219 [b9db4bf7-af66-49a0-9c75-3548e23876bf@group-D121E209FD50-LeaderElection9] INFO  server.RaftServer$Division (RaftServerImpl.java:setRole(299)) - b9db4bf7-af66-49a0-9c75-3548e23876bf@group-D121E209FD50: changes role from CANDIDATE to LEADER at term 1 for changeToLeader
2022-07-12 21:04:03,219 [b9db4bf7-af66-49a0-9c75-3548e23876bf@group-D121E209FD50-LeaderElection9] INFO  ratis.XceiverServerRatis (XceiverServerRatis.java:handleLeaderChangedNotification(863)) - Leader change notification received for group: group-D121E209FD50 with new leaderId: b9db4bf7-af66-49a0-9c75-3548e23876bf
2022-07-12 21:04:03,219 [b9db4bf7-af66-49a0-9c75-3548e23876bf@group-D121E209FD50-LeaderElection9] INFO  server.RaftServer$Division (ServerState.java:setLeader(287)) - b9db4bf7-af66-49a0-9c75-3548e23876bf@group-D121E209FD50: change Leader from null to b9db4bf7-af66-49a0-9c75-3548e23876bf at term 1 for becomeLeader, leader elected after 5204ms
2022-07-12 21:04:03,219 [b9db4bf7-af66-49a0-9c75-3548e23876bf@group-D121E209FD50-LeaderElection9] INFO  server.RaftServerConfigKeys (ConfUtils.java:logGet(46)) - raft.server.staging.catchup.gap = 1000 (default)
2022-07-12 21:04:03,220 [b9db4bf7-af66-49a0-9c75-3548e23876bf@group-D121E209FD50-LeaderElection9] INFO  server.RaftServerConfigKeys (ConfUtils.java:logGet(46)) - raft.server.write.element-limit = 1024 (custom)
2022-07-12 21:04:03,221 [b9db4bf7-af66-49a0-9c75-3548e23876bf@group-D121E209FD50-LeaderElection9] INFO  server.RaftServerConfigKeys (ConfUtils.java:logGet(46)) - raft.server.write.byte-limit = 1024 M (=1073741824) (custom)
2022-07-12 21:04:03,221 [b9db4bf7-af66-49a0-9c75-3548e23876bf@group-D121E209FD50-LeaderElection9] INFO  server.RaftServerConfigKeys (ConfUtils.java:logGet(46)) - raft.server.watch.timeout = 180s (custom)
2022-07-12 21:04:03,221 [b9db4bf7-af66-49a0-9c75-3548e23876bf@group-D121E209FD50-LeaderElection9] INFO  server.RaftServerConfigKeys (ConfUtils.java:logGet(46)) - raft.server.watch.timeout.denomination = 1s (default)
2022-07-12 21:04:03,221 [b9db4bf7-af66-49a0-9c75-3548e23876bf@group-D121E209FD50-LeaderElection9] INFO  server.RaftServerConfigKeys (ConfUtils.java:logGet(46)) - raft.server.watch.element-limit = 65536 (default)
2022-07-12 21:04:03,221 [b9db4bf7-af66-49a0-9c75-3548e23876bf@group-D121E209FD50-LeaderElection9] INFO  server.RaftServerConfigKeys (ConfUtils.java:logGet(46)) - raft.server.write.element-limit = 1024 (custom)
2022-07-12 21:04:03,221 [b9db4bf7-af66-49a0-9c75-3548e23876bf@group-D121E209FD50-LeaderElection9] INFO  server.RaftServerConfigKeys (ConfUtils.java:logGet(46)) - raft.server.write.follower.gap.ratio.max = -1.0 (default)
2022-07-12 21:04:03,221 [b9db4bf7-af66-49a0-9c75-3548e23876bf@group-D121E209FD50-LeaderElection9] INFO  impl.RoleInfo (RoleInfo.java:updateAndGet(139)) - b9db4bf7-af66-49a0-9c75-3548e23876bf: start b9db4bf7-af66-49a0-9c75-3548e23876bf@group-D121E209FD50-LeaderStateImpl
2022-07-12 21:04:03,222 [b9db4bf7-af66-49a0-9c75-3548e23876bf@group-D121E209FD50-LeaderElection9] INFO  segmented.SegmentedRaftLogWorker (SegmentedRaftLogWorker.java:startLogSegment(425)) - b9db4bf7-af66-49a0-9c75-3548e23876bf@group-D121E209FD50-SegmentedRaftLogWorker: Starting segment from index:0
2022-07-12 21:04:03,223 [b9db4bf7-af66-49a0-9c75-3548e23876bf@group-D121E209FD50-LeaderElection9] INFO  server.RaftServer$Division (ServerState.java:setRaftConf(393)) - b9db4bf7-af66-49a0-9c75-3548e23876bf@group-D121E209FD50: set configuration 0: [b9db4bf7-af66-49a0-9c75-3548e23876bf|rpc:10.1.0.20:39019|dataStream:|priority:1], old=null
2022-07-12 21:04:03,224 [b9db4bf7-af66-49a0-9c75-3548e23876bf@group-D121E209FD50-SegmentedRaftLogWorker] INFO  segmented.SegmentedRaftLogWorker (SegmentedRaftLogWorker.java:execute(629)) - b9db4bf7-af66-49a0-9c75-3548e23876bf@group-D121E209FD50-SegmentedRaftLogWorker: created new log segment /home/runner/work/ozone/ozone/hadoop-ozone/integration-test/target/test-dir/MiniOzoneClusterImpl-602e3c1e-9006-4844-b6f6-7d75904803ac/datanode-3/data/ratis/16ebc10a-ecb3-42f2-869c-d121e209fd50/current/log_inprogress_0
2022-07-12 21:04:03,357 [Listener at 127.0.0.1/43377] INFO  ozone.MiniOzoneClusterImpl (MiniOzoneClusterImpl.java:lambda$waitForClusterToBeReady$0(223)) - Nodes are ready. Got 5 of 5 DN Heartbeats.
2022-07-12 21:04:03,358 [Listener at 127.0.0.1/43377] INFO  ozone.MiniOzoneClusterImpl (MiniOzoneClusterImpl.java:lambda$waitForClusterToBeReady$0(226)) - Cluster exits safe mode
2022-07-12 21:04:03,358 [Listener at 127.0.0.1/43377] INFO  ozone.MiniOzoneClusterImpl (MiniOzoneClusterImpl.java:lambda$waitForClusterToBeReady$0(228)) - SCM became leader
2022-07-12 21:04:03,440 [046fb0e2-bb03-40db-8ebc-6f41cc3991b2@group-8244C7F57B47-FollowerState] INFO  impl.FollowerState (FollowerState.java:run(143)) - 046fb0e2-bb03-40db-8ebc-6f41cc3991b2@group-8244C7F57B47-FollowerState: change to CANDIDATE, lastRpcElapsedTime:5051901031ns, electionTimeout:5051ms
2022-07-12 21:04:03,441 [046fb0e2-bb03-40db-8ebc-6f41cc3991b2@group-8244C7F57B47-FollowerState] INFO  impl.RoleInfo (RoleInfo.java:shutdownFollowerState(110)) - 046fb0e2-bb03-40db-8ebc-6f41cc3991b2: shutdown 046fb0e2-bb03-40db-8ebc-6f41cc3991b2@group-8244C7F57B47-FollowerState
2022-07-12 21:04:03,441 [046fb0e2-bb03-40db-8ebc-6f41cc3991b2@group-8244C7F57B47-FollowerState] INFO  server.RaftServer$Division (RaftServerImpl.java:setRole(299)) - 046fb0e2-bb03-40db-8ebc-6f41cc3991b2@group-8244C7F57B47: changes role from  FOLLOWER to CANDIDATE at term 0 for changeToCandidate
2022-07-12 21:04:03,441 [046fb0e2-bb03-40db-8ebc-6f41cc3991b2@group-8244C7F57B47-FollowerState] INFO  server.RaftServerConfigKeys (ConfUtils.java:logGet(46)) - raft.server.leaderelection.pre-vote = false (custom)
2022-07-12 21:04:03,441 [046fb0e2-bb03-40db-8ebc-6f41cc3991b2@group-8244C7F57B47-FollowerState] INFO  impl.RoleInfo (RoleInfo.java:updateAndGet(139)) - 046fb0e2-bb03-40db-8ebc-6f41cc3991b2: start 046fb0e2-bb03-40db-8ebc-6f41cc3991b2@group-8244C7F57B47-LeaderElection10
2022-07-12 21:04:03,456 [046fb0e2-bb03-40db-8ebc-6f41cc3991b2@group-8244C7F57B47-LeaderElection10] INFO  impl.LeaderElection (LeaderElection.java:askForVotes(310)) - 046fb0e2-bb03-40db-8ebc-6f41cc3991b2@group-8244C7F57B47-LeaderElection10 ELECTION round 0: submit vote requests at term 1 for -1: [046fb0e2-bb03-40db-8ebc-6f41cc3991b2|rpc:10.1.0.20:36213|priority:1], old=null
2022-07-12 21:04:03,456 [046fb0e2-bb03-40db-8ebc-6f41cc3991b2@group-8244C7F57B47-LeaderElection10] INFO  impl.LeaderElection (LeaderElection.java:askForVotes(312)) - 046fb0e2-bb03-40db-8ebc-6f41cc3991b2@group-8244C7F57B47-LeaderElection10 ELECTION round 0: result PASSED (term=1)
2022-07-12 21:04:03,456 [046fb0e2-bb03-40db-8ebc-6f41cc3991b2@group-8244C7F57B47-LeaderElection10] INFO  impl.RoleInfo (RoleInfo.java:shutdownLeaderElection(130)) - 046fb0e2-bb03-40db-8ebc-6f41cc3991b2: shutdown 046fb0e2-bb03-40db-8ebc-6f41cc3991b2@group-8244C7F57B47-LeaderElection10
2022-07-12 21:04:03,456 [046fb0e2-bb03-40db-8ebc-6f41cc3991b2@group-8244C7F57B47-LeaderElection10] INFO  server.RaftServer$Division (RaftServerImpl.java:setRole(299)) - 046fb0e2-bb03-40db-8ebc-6f41cc3991b2@group-8244C7F57B47: changes role from CANDIDATE to LEADER at term 1 for changeToLeader
2022-07-12 21:04:03,456 [046fb0e2-bb03-40db-8ebc-6f41cc3991b2@group-8244C7F57B47-LeaderElection10] INFO  ratis.XceiverServerRatis (XceiverServerRatis.java:handleLeaderChangedNotification(863)) - Leader change notification received for group: group-8244C7F57B47 with new leaderId: 046fb0e2-bb03-40db-8ebc-6f41cc3991b2
2022-07-12 21:04:03,457 [046fb0e2-bb03-40db-8ebc-6f41cc3991b2@group-8244C7F57B47-LeaderElection10] INFO  server.RaftServer$Division (ServerState.java:setLeader(287)) - 046fb0e2-bb03-40db-8ebc-6f41cc3991b2@group-8244C7F57B47: change Leader from null to 046fb0e2-bb03-40db-8ebc-6f41cc3991b2 at term 1 for becomeLeader, leader elected after 5079ms
2022-07-12 21:04:03,457 [046fb0e2-bb03-40db-8ebc-6f41cc3991b2@group-8244C7F57B47-LeaderElection10] INFO  server.RaftServerConfigKeys (ConfUtils.java:logGet(46)) - raft.server.staging.catchup.gap = 1000 (default)
2022-07-12 21:04:03,457 [046fb0e2-bb03-40db-8ebc-6f41cc3991b2@group-8244C7F57B47-LeaderElection10] INFO  server.RaftServerConfigKeys (ConfUtils.java:logGet(46)) - raft.server.write.element-limit = 1024 (custom)
2022-07-12 21:04:03,457 [046fb0e2-bb03-40db-8ebc-6f41cc3991b2@group-8244C7F57B47-LeaderElection10] INFO  server.RaftServerConfigKeys (ConfUtils.java:logGet(46)) - raft.server.write.byte-limit = 1024 M (=1073741824) (custom)
2022-07-12 21:04:03,457 [046fb0e2-bb03-40db-8ebc-6f41cc3991b2@group-8244C7F57B47-LeaderElection10] INFO  server.RaftServerConfigKeys (ConfUtils.java:logGet(46)) - raft.server.watch.timeout = 180s (custom)
2022-07-12 21:04:03,457 [046fb0e2-bb03-40db-8ebc-6f41cc3991b2@group-8244C7F57B47-LeaderElection10] INFO  server.RaftServerConfigKeys (ConfUtils.java:logGet(46)) - raft.server.watch.timeout.denomination = 1s (default)
2022-07-12 21:04:03,458 [046fb0e2-bb03-40db-8ebc-6f41cc3991b2@group-8244C7F57B47-LeaderElection10] INFO  server.RaftServerConfigKeys (ConfUtils.java:logGet(46)) - raft.server.watch.element-limit = 65536 (default)
2022-07-12 21:04:03,458 [046fb0e2-bb03-40db-8ebc-6f41cc3991b2@group-8244C7F57B47-LeaderElection10] INFO  server.RaftServerConfigKeys (ConfUtils.java:logGet(46)) - raft.server.write.element-limit = 1024 (custom)
2022-07-12 21:04:03,460 [046fb0e2-bb03-40db-8ebc-6f41cc3991b2@group-8244C7F57B47-LeaderElection10] INFO  server.RaftServerConfigKeys (ConfUtils.java:logGet(46)) - raft.server.write.follower.gap.ratio.max = -1.0 (default)
2022-07-12 21:04:03,460 [046fb0e2-bb03-40db-8ebc-6f41cc3991b2@group-8244C7F57B47-LeaderElection10] INFO  impl.RoleInfo (RoleInfo.java:updateAndGet(139)) - 046fb0e2-bb03-40db-8ebc-6f41cc3991b2: start 046fb0e2-bb03-40db-8ebc-6f41cc3991b2@group-8244C7F57B47-LeaderStateImpl
2022-07-12 21:04:03,460 [046fb0e2-bb03-40db-8ebc-6f41cc3991b2@group-8244C7F57B47-LeaderElection10] INFO  segmented.SegmentedRaftLogWorker (SegmentedRaftLogWorker.java:startLogSegment(425)) - 046fb0e2-bb03-40db-8ebc-6f41cc3991b2@group-8244C7F57B47-SegmentedRaftLogWorker: Starting segment from index:0
2022-07-12 21:04:03,462 [046fb0e2-bb03-40db-8ebc-6f41cc3991b2@group-8244C7F57B47-SegmentedRaftLogWorker] INFO  segmented.SegmentedRaftLogWorker (SegmentedRaftLogWorker.java:execute(629)) - 046fb0e2-bb03-40db-8ebc-6f41cc3991b2@group-8244C7F57B47-SegmentedRaftLogWorker: created new log segment /home/runner/work/ozone/ozone/hadoop-ozone/integration-test/target/test-dir/MiniOzoneClusterImpl-602e3c1e-9006-4844-b6f6-7d75904803ac/datanode-4/data/ratis/5661279e-d990-4f9f-bf18-8244c7f57b47/current/log_inprogress_0
2022-07-12 21:04:03,472 [046fb0e2-bb03-40db-8ebc-6f41cc3991b2@group-8244C7F57B47-LeaderElection10] INFO  server.RaftServer$Division (ServerState.java:setRaftConf(393)) - 046fb0e2-bb03-40db-8ebc-6f41cc3991b2@group-8244C7F57B47: set configuration 0: [046fb0e2-bb03-40db-8ebc-6f41cc3991b2|rpc:10.1.0.20:36213|dataStream:|priority:1], old=null
2022-07-12 21:04:04,070 [Time-limited test] INFO  rpc.RpcClient (RpcClient.java:createVolume(466)) - Creating Volume: volume38676, with user39167 as owner and space quota set to -1 bytes, counts quota set to -1
2022-07-12 21:04:04,119 [OM StateMachine ApplyTransaction Thread - 0] INFO  volume.OMVolumeCreateRequest (OMVolumeCreateRequest.java:validateAndUpdateCache(195)) - created volume:volume38676 for user:user39167
2022-07-12 21:04:04,145 [Time-limited test] INFO  rpc.RpcClient (RpcClient.java:createBucket(669)) - Creating Bucket: volume38676/bucket20178, with bucket layout LEGACY, runner as owner, Versioning false, Storage Type set to DISK and Encryption set to false 
2022-07-12 21:04:04,162 [OM StateMachine ApplyTransaction Thread - 0] INFO  bucket.OMBucketCreateRequest (OMBucketCreateRequest.java:validateAndUpdateCache(260)) - created bucket: bucket20178 of layout LEGACY in volume: volume38676
2022-07-12 21:04:04,279 [IPC Server handler 0 on default port 39995] INFO  ha.SequenceIdGenerator (SequenceIdGenerator.java:getNextId(128)) - Allocate a batch for containerId, change lastId from 0 to 1000.
2022-07-12 21:04:04,289 [IPC Server handler 0 on default port 39995] WARN  ha.SequenceIdGenerator (SequenceIdGenerator.java:allocateBatch(237)) - Failed to allocate a batch for localId, expected lastId is 0, actual lastId is 109611004723200000.
2022-07-12 21:04:04,290 [IPC Server handler 0 on default port 39995] INFO  ha.SequenceIdGenerator (SequenceIdGenerator.java:getNextId(128)) - Allocate a batch for localId, change lastId from 109611004723200000 to 109611004723201000.
21:04:04.369 [IPC Server handler 13 on default port 43377] ERROR OMAudit - user=runner | ip=127.0.0.1 | op=GET_FILE_STATUS {volume=volume38676, bucket=bucket20178, key=dir174/file1, dataSize=0, replicationConfig=null} | ret=FAILURE
org.apache.hadoop.ozone.om.exceptions.OMException: Unable to get file status: volume: volume38676 bucket: bucket20178 key: dir174/file1
	at org.apache.hadoop.ozone.om.KeyManagerImpl.getOzoneFileStatus(KeyManagerImpl.java:1311) ~[ozone-manager-1.3.0-SNAPSHOT.jar:?]
	at org.apache.hadoop.ozone.om.KeyManagerImpl.getFileStatus(KeyManagerImpl.java:1241) ~[ozone-manager-1.3.0-SNAPSHOT.jar:?]
	at org.apache.hadoop.ozone.om.OzoneManager.getFileStatus(OzoneManager.java:3419) ~[ozone-manager-1.3.0-SNAPSHOT.jar:?]
	at org.apache.hadoop.ozone.protocolPB.OzoneManagerRequestHandler.getOzoneFileStatus(OzoneManagerRequestHandler.java:871) ~[ozone-manager-1.3.0-SNAPSHOT.jar:?]
	at org.apache.hadoop.ozone.protocolPB.OzoneManagerRequestHandler.handleReadRequest(OzoneManagerRequestHandler.java:217) ~[ozone-manager-1.3.0-SNAPSHOT.jar:?]
	at org.apache.hadoop.ozone.protocolPB.OzoneManagerProtocolServerSideTranslatorPB.submitReadRequestToOM(OzoneManagerProtocolServerSideTranslatorPB.java:226) ~[ozone-manager-1.3.0-SNAPSHOT.jar:?]
	at org.apache.hadoop.ozone.protocolPB.OzoneManagerProtocolServerSideTranslatorPB.processRequest(OzoneManagerProtocolServerSideTranslatorPB.java:175) ~[ozone-manager-1.3.0-SNAPSHOT.jar:?]
	at org.apache.hadoop.hdds.server.OzoneProtocolMessageDispatcher.processRequest(OzoneProtocolMessageDispatcher.java:87) [hdds-server-framework-1.3.0-SNAPSHOT.jar:?]
	at org.apache.hadoop.ozone.protocolPB.OzoneManagerProtocolServerSideTranslatorPB.submitRequest(OzoneManagerProtocolServerSideTranslatorPB.java:147) [ozone-manager-1.3.0-SNAPSHOT.jar:?]
	at org.apache.hadoop.ozone.protocol.proto.OzoneManagerProtocolProtos$OzoneManagerService$2.callBlockingMethod(OzoneManagerProtocolProtos.java) [ozone-interface-client-1.3.0-SNAPSHOT.jar:?]
	at org.apache.hadoop.ipc.ProtobufRpcEngine$Server.processCall(ProtobufRpcEngine.java:466) [hadoop-common-3.3.1.jar:?]
	at org.apache.hadoop.ipc.ProtobufRpcEngine2$Server$ProtoBufRpcInvoker.call(ProtobufRpcEngine2.java:574) [hadoop-common-3.3.1.jar:?]
	at org.apache.hadoop.ipc.ProtobufRpcEngine2$Server$ProtoBufRpcInvoker.call(ProtobufRpcEngine2.java:552) [hadoop-common-3.3.1.jar:?]
	at org.apache.hadoop.ipc.RPC$Server.call(RPC.java:1093) [hadoop-common-3.3.1.jar:?]
	at org.apache.hadoop.ipc.Server$RpcCall.run(Server.java:1035) [hadoop-common-3.3.1.jar:?]
	at org.apache.hadoop.ipc.Server$RpcCall.run(Server.java:963) [hadoop-common-3.3.1.jar:?]
	at java.security.AccessController.doPrivileged(Native Method) ~[?:1.8.0_332]
	at javax.security.auth.Subject.doAs(Subject.java:422) [?:1.8.0_332]
	at org.apache.hadoop.security.UserGroupInformation.doAs(UserGroupInformation.java:1878) [hadoop-common-3.3.1.jar:?]
	at org.apache.hadoop.ipc.Server$Handler.run(Server.java:2966) [hadoop-common-3.3.1.jar:?]
]]></system-out>
  </testcase>
  <testcase name="testRenameFile" classname="TestRootedOzoneFileSystem" time="0.284">
    <failure type="java.lang.AssertionError"><![CDATA[java.lang.AssertionError: Renamed failed expected:<1> but was:<2>
	at org.junit.Assert.fail(Assert.java:89)
	at org.junit.Assert.failNotEquals(Assert.java:835)
	at org.junit.Assert.assertEquals(Assert.java:647)
	at org.apache.hadoop.fs.ozone.TestRootedOzoneFileSystem.testRenameFile(TestRootedOzoneFileSystem.java:1484)
	at sun.reflect.NativeMethodAccessorImpl.invoke0(Native Method)
	at sun.reflect.NativeMethodAccessorImpl.invoke(NativeMethodAccessorImpl.java:62)
	at sun.reflect.DelegatingMethodAccessorImpl.invoke(DelegatingMethodAccessorImpl.java:43)
	at java.lang.reflect.Method.invoke(Method.java:498)
	at org.junit.runners.model.FrameworkMethod$1.runReflectiveCall(FrameworkMethod.java:59)
	at org.junit.internal.runners.model.ReflectiveCallable.run(ReflectiveCallable.java:12)
	at org.junit.runners.model.FrameworkMethod.invokeExplosively(FrameworkMethod.java:56)
	at org.junit.internal.runners.statements.InvokeMethod.evaluate(InvokeMethod.java:17)
	at org.junit.internal.runners.statements.RunBefores.evaluate(RunBefores.java:26)
	at org.junit.internal.runners.statements.RunAfters.evaluate(RunAfters.java:27)
	at org.junit.internal.runners.statements.FailOnTimeout$CallableStatement.call(FailOnTimeout.java:288)
	at org.junit.internal.runners.statements.FailOnTimeout$CallableStatement.call(FailOnTimeout.java:282)
	at java.util.concurrent.FutureTask.run(FutureTask.java:266)
	at java.lang.Thread.run(Thread.java:750)
]]></failure>
    <system-out><![CDATA[2022-07-12 21:04:27,292 [Listener at 127.0.0.1/43377] INFO  ozone.MiniOzoneClusterImpl (MiniOzoneClusterImpl.java:shutdown(460)) - Shutting down the Mini Ozone Cluster
2022-07-12 21:04:27,293 [Listener at 127.0.0.1/43377] INFO  ozone.MiniOzoneClusterImpl (MiniOzoneClusterImpl.java:stop(475)) - Stopping the Mini Ozone Cluster
2022-07-12 21:04:27,293 [Listener at 127.0.0.1/43377] INFO  ozone.MiniOzoneClusterImpl (MiniOzoneClusterImpl.java:stopOM(557)) - Stopping the OzoneManager
2022-07-12 21:04:27,293 [Listener at 127.0.0.1/43377] INFO  om.OzoneManager (OzoneManager.java:stop(2020)) - om1[localhost:0]: Stopping Ozone Manager
2022-07-12 21:04:27,293 [Listener at 127.0.0.1/43377] INFO  ipc.Server (Server.java:stop(3414)) - Stopping server on 43377
2022-07-12 21:04:27,301 [IPC Server Responder] INFO  ipc.Server (Server.java:run(1512)) - Stopping IPC Server Responder
2022-07-12 21:04:27,301 [IPC Server listener on 0] INFO  ipc.Server (Server.java:run(1376)) - Stopping IPC Server listener on 0
2022-07-12 21:04:27,301 [Listener at 127.0.0.1/43377] INFO  server.RaftServer (RaftServerProxy.java:lambda$close$7(398)) - om1: close
2022-07-12 21:04:27,303 [Listener at 127.0.0.1/43377] INFO  server.RaftServer$Division (RaftServerImpl.java:lambda$close$4(434)) - om1@group-C5BA1605619E: shutdown
2022-07-12 21:04:27,303 [Listener at 127.0.0.1/43377] INFO  util.JmxRegister (JmxRegister.java:unregister(73)) - Successfully un-registered JMX Bean with object name Ratis:service=RaftServer,group=group-C5BA1605619E,id=om1
2022-07-12 21:04:27,303 [Listener at 127.0.0.1/43377] INFO  impl.RoleInfo (RoleInfo.java:shutdownLeaderState(93)) - om1: shutdown om1@group-C5BA1605619E-LeaderStateImpl
2022-07-12 21:04:27,304 [Listener at 127.0.0.1/43377] INFO  impl.PendingRequests (PendingRequests.java:sendNotLeaderResponses(282)) - om1@group-C5BA1605619E-PendingRequests: sendNotLeaderResponses
2022-07-12 21:04:27,308 [Listener at 127.0.0.1/43377] INFO  impl.StateMachineUpdater (StateMachineUpdater.java:stopAndJoin(153)) - om1@group-C5BA1605619E-StateMachineUpdater: set stopIndex = 6816
2022-07-12 21:04:27,308 [om1@group-C5BA1605619E-StateMachineUpdater] INFO  ratis.OzoneManagerStateMachine (OzoneManagerStateMachine.java:takeSnapshot(441)) - Current Snapshot Index (t:1, i:6816)
2022-07-12 21:04:27,310 [om1@group-C5BA1605619E-StateMachineUpdater] INFO  impl.StateMachineUpdater (StateMachineUpdater.java:takeSnapshot(287)) - om1@group-C5BA1605619E-StateMachineUpdater: Took a snapshot at index 6816
2022-07-12 21:04:27,310 [om1@group-C5BA1605619E-StateMachineUpdater] INFO  impl.StateMachineUpdater (StateMachineUpdater.java:lambda$new$0(92)) - om1@group-C5BA1605619E-StateMachineUpdater: snapshotIndex: updateIncreasingly -1 -> 6816
2022-07-12 21:04:27,310 [om1@group-C5BA1605619E-StateMachineUpdater] INFO  ratis.OzoneManagerStateMachine (OzoneManagerStateMachine.java:close(495)) - StateMachine has shutdown. Shutdown OzoneManager if not already shutdown.
2022-07-12 21:04:27,310 [om1@group-C5BA1605619E-StateMachineUpdater] INFO  ratis.OzoneManagerDoubleBuffer (OzoneManagerDoubleBuffer.java:stop(465)) - Stopping OMDoubleBuffer flush thread
2022-07-12 21:04:27,310 [OMDoubleBufferFlushThread] INFO  ratis.OzoneManagerDoubleBuffer (OzoneManagerDoubleBuffer.java:flushTransactions(385)) - OMDoubleBuffer flush thread OMDoubleBufferFlushThread is interrupted and will exit.
2022-07-12 21:04:27,312 [Listener at 127.0.0.1/43377] INFO  server.RaftServer$Division (ServerState.java:close(429)) - om1@group-C5BA1605619E: closes. applyIndex: 6816
2022-07-12 21:04:27,315 [om1@group-C5BA1605619E-SegmentedRaftLogWorker] INFO  segmented.SegmentedRaftLogWorker (SegmentedRaftLogWorker.java:run(336)) - om1@group-C5BA1605619E-SegmentedRaftLogWorker was interrupted, exiting. There are 0 tasks remaining in the queue.
2022-07-12 21:04:27,316 [Listener at 127.0.0.1/43377] INFO  segmented.SegmentedRaftLogWorker (SegmentedRaftLogWorker.java:close(246)) - om1@group-C5BA1605619E-SegmentedRaftLogWorker close()
2022-07-12 21:04:27,318 [Listener at 127.0.0.1/43377] INFO  server.GrpcService (GrpcService.java:closeImpl(269)) - om1: shutdown server with port 9872 now
2022-07-12 21:04:27,327 [Listener at 127.0.0.1/43377] INFO  server.GrpcService (GrpcService.java:closeImpl(278)) - om1: shutdown server with port 9872 successfully
2022-07-12 21:04:27,327 [org.apache.ratis.util.JvmPauseMonitor$$Lambda$613/1050667922@4b52e9cc] INFO  util.JvmPauseMonitor (JvmPauseMonitor.java:run(109)) - JvmPauseMonitor-om1: Stopped
2022-07-12 21:04:27,327 [Listener at 127.0.0.1/43377] INFO  ratis.OzoneManagerStateMachine (OzoneManagerStateMachine.java:close(495)) - StateMachine has shutdown. Shutdown OzoneManager if not already shutdown.
2022-07-12 21:04:27,327 [Listener at 127.0.0.1/43377] INFO  ratis.OzoneManagerDoubleBuffer (OzoneManagerDoubleBuffer.java:stop(477)) - OMDoubleBuffer flush thread is not running.
2022-07-12 21:04:27,328 [Listener at 127.0.0.1/43377] INFO  utils.BackgroundService (BackgroundService.java:shutdown(132)) - Shutting down service KeyDeletingService
2022-07-12 21:04:27,328 [Listener at 127.0.0.1/43377] INFO  utils.BackgroundService (BackgroundService.java:shutdown(132)) - Shutting down service DirectoryDeletingService
2022-07-12 21:04:27,328 [Listener at 127.0.0.1/43377] INFO  utils.BackgroundService (BackgroundService.java:shutdown(132)) - Shutting down service OpenKeyCleanupService
2022-07-12 21:04:27,332 [Listener at 127.0.0.1/43377] INFO  handler.ContextHandler (ContextHandler.java:doStop(1153)) - Stopped o.e.j.w.WebAppContext@2ab3744a{ozoneManager,/,null,STOPPED}{file:/home/runner/work/ozone/ozone/hadoop-ozone/integration-test/target/test-classes/webapps/ozoneManager}
2022-07-12 21:04:27,336 [Listener at 127.0.0.1/43377] INFO  server.AbstractConnector (AbstractConnector.java:doStop(381)) - Stopped ServerConnector@43c1dcb0{HTTP/1.1, (http/1.1)}{0.0.0.0:0}
2022-07-12 21:04:27,336 [Listener at 127.0.0.1/43377] INFO  server.session (HouseKeeper.java:stopScavenging(149)) - node0 Stopped scavenging
2022-07-12 21:04:27,336 [Listener at 127.0.0.1/43377] INFO  handler.ContextHandler (ContextHandler.java:doStop(1153)) - Stopped o.e.j.s.ServletContextHandler@337348de{static,/static,file:///home/runner/work/ozone/ozone/hadoop-ozone/integration-test/target/test-classes/webapps/static,STOPPED}
2022-07-12 21:04:27,337 [Listener at 127.0.0.1/43377] INFO  handler.ContextHandler (ContextHandler.java:doStop(1153)) - Stopped o.e.j.s.ServletContextHandler@529c002c{logs,/logs,file:///home/runner/work/ozone/ozone/hadoop-ozone/integration-test/target/log,STOPPED}
2022-07-12 21:04:27,338 [Trash Emptier] ERROR om.TrashPolicyOzone (TrashPolicyOzone.java:run(251)) - Error attempting to shutdown
java.lang.InterruptedException
	at java.util.concurrent.locks.AbstractQueuedSynchronizer$ConditionObject.awaitNanos(AbstractQueuedSynchronizer.java:2067)
	at java.util.concurrent.ThreadPoolExecutor.awaitTermination(ThreadPoolExecutor.java:1475)
	at org.apache.hadoop.ozone.om.TrashPolicyOzone$Emptier.run(TrashPolicyOzone.java:249)
	at java.lang.Thread.run(Thread.java:750)
2022-07-12 21:04:27,339 [Trash Emptier] ERROR util.ExitUtils (ExitUtils.java:terminate(133)) - Terminating with exit status -1: Thread[Trash Emptier,5,main] has thrown an uncaught exception
java.lang.UnsupportedOperationException: fs.getUri() not implemented in TrashOzoneFileSystem
	at org.apache.hadoop.ozone.om.TrashOzoneFileSystem.getUri(TrashOzoneFileSystem.java:126)
	at org.apache.hadoop.fs.FileSystem.close(FileSystem.java:2592)
	at org.apache.hadoop.ozone.om.TrashPolicyOzone$Emptier.run(TrashPolicyOzone.java:243)
	at java.lang.Thread.run(Thread.java:750)
2022-07-12 21:04:27,342 [Listener at 127.0.0.1/43377] INFO  ozone.MiniOzoneClusterImpl (MiniOzoneClusterImpl.java:stopDatanodes(534)) - Stopping the HddsDatanodes
2022-07-12 21:04:32,347 [Listener at 127.0.0.1/43377] INFO  ozoneimpl.OzoneContainer (OzoneContainer.java:stop(365)) - Attempting to stop container services.
2022-07-12 21:04:32,347 [ForkJoinPool.commonPool-worker-0] INFO  ozoneimpl.OzoneContainer (OzoneContainer.java:stop(365)) - Attempting to stop container services.
2022-07-12 21:04:32,351 [ForkJoinPool.commonPool-worker-0] INFO  server.RaftServer (RaftServerProxy.java:lambda$close$7(398)) - a2583cd9-0c52-4aa7-80e6-e7269a14a582: close
2022-07-12 21:04:32,352 [ForkJoinPool.commonPool-worker-0] INFO  server.RaftServer$Division (RaftServerImpl.java:lambda$close$4(434)) - a2583cd9-0c52-4aa7-80e6-e7269a14a582@group-A388CC0A60BB: shutdown
2022-07-12 21:04:32,352 [ForkJoinPool.commonPool-worker-0] INFO  util.JmxRegister (JmxRegister.java:unregister(73)) - Successfully un-registered JMX Bean with object name Ratis:service=RaftServer,group=group-A388CC0A60BB,id=a2583cd9-0c52-4aa7-80e6-e7269a14a582
2022-07-12 21:04:32,352 [ForkJoinPool.commonPool-worker-0] INFO  impl.RoleInfo (RoleInfo.java:shutdownLeaderState(93)) - a2583cd9-0c52-4aa7-80e6-e7269a14a582: shutdown a2583cd9-0c52-4aa7-80e6-e7269a14a582@group-A388CC0A60BB-LeaderStateImpl
2022-07-12 21:04:32,353 [a2583cd9-0c52-4aa7-80e6-e7269a14a582@group-A388CC0A60BB->7b64d61e-992d-46f7-bdd8-85e232d42a6f-GrpcLogAppender-LogAppenderDaemon] WARN  server.GrpcLogAppender (GrpcLogAppender.java:mayWait(171)) - a2583cd9-0c52-4aa7-80e6-e7269a14a582@group-A388CC0A60BB->7b64d61e-992d-46f7-bdd8-85e232d42a6f-GrpcLogAppender: Wait interrupted by java.lang.InterruptedException
2022-07-12 21:04:32,356 [Listener at 127.0.0.1/43377] INFO  server.RaftServer (RaftServerProxy.java:lambda$close$7(398)) - 7b64d61e-992d-46f7-bdd8-85e232d42a6f: close
2022-07-12 21:04:32,356 [Listener at 127.0.0.1/43377] INFO  server.RaftServer$Division (RaftServerImpl.java:lambda$close$4(434)) - 7b64d61e-992d-46f7-bdd8-85e232d42a6f@group-A388CC0A60BB: shutdown
2022-07-12 21:04:32,356 [Listener at 127.0.0.1/43377] INFO  util.JmxRegister (JmxRegister.java:unregister(73)) - Successfully un-registered JMX Bean with object name Ratis:service=RaftServer,group=group-A388CC0A60BB,id=7b64d61e-992d-46f7-bdd8-85e232d42a6f
2022-07-12 21:04:32,356 [Listener at 127.0.0.1/43377] INFO  impl.RoleInfo (RoleInfo.java:shutdownFollowerState(110)) - 7b64d61e-992d-46f7-bdd8-85e232d42a6f: shutdown 7b64d61e-992d-46f7-bdd8-85e232d42a6f@group-A388CC0A60BB-FollowerState
2022-07-12 21:04:32,357 [7b64d61e-992d-46f7-bdd8-85e232d42a6f@group-A388CC0A60BB-FollowerState] INFO  impl.FollowerState (FollowerState.java:run(152)) - 7b64d61e-992d-46f7-bdd8-85e232d42a6f@group-A388CC0A60BB-FollowerState was interrupted
2022-07-12 21:04:32,357 [Listener at 127.0.0.1/43377] INFO  impl.StateMachineUpdater (StateMachineUpdater.java:stopAndJoin(153)) - 7b64d61e-992d-46f7-bdd8-85e232d42a6f@group-A388CC0A60BB-StateMachineUpdater: set stopIndex = 24
2022-07-12 21:04:32,357 [7b64d61e-992d-46f7-bdd8-85e232d42a6f@group-A388CC0A60BB-StateMachineUpdater] INFO  ratis.ContainerStateMachine (ContainerStateMachine.java:takeSnapshot(304)) - group-A388CC0A60BB: Taking a snapshot at:(t:1, i:24) file /home/runner/work/ozone/ozone/hadoop-ozone/integration-test/target/test-dir/MiniOzoneClusterImpl-602e3c1e-9006-4844-b6f6-7d75904803ac/datanode-2/data/ratis/f2734cb1-6025-430b-a5e4-a388cc0a60bb/sm/snapshot.1_24
2022-07-12 21:04:32,352 [ForkJoinPool.commonPool-worker-0] INFO  impl.PendingRequests (PendingRequests.java:sendNotLeaderResponses(282)) - a2583cd9-0c52-4aa7-80e6-e7269a14a582@group-A388CC0A60BB-PendingRequests: sendNotLeaderResponses
2022-07-12 21:04:32,353 [a2583cd9-0c52-4aa7-80e6-e7269a14a582@group-A388CC0A60BB->b22e6e25-1e95-4e3d-b66d-658eeab2c33a-GrpcLogAppender-LogAppenderDaemon] WARN  server.GrpcLogAppender (GrpcLogAppender.java:mayWait(171)) - a2583cd9-0c52-4aa7-80e6-e7269a14a582@group-A388CC0A60BB->b22e6e25-1e95-4e3d-b66d-658eeab2c33a-GrpcLogAppender: Wait interrupted by java.lang.InterruptedException
2022-07-12 21:04:32,361 [ForkJoinPool.commonPool-worker-0] INFO  impl.StateMachineUpdater (StateMachineUpdater.java:stopAndJoin(153)) - a2583cd9-0c52-4aa7-80e6-e7269a14a582@group-A388CC0A60BB-StateMachineUpdater: set stopIndex = 24
2022-07-12 21:04:32,361 [grpc-default-executor-4] INFO  server.GrpcServerProtocolService (GrpcServerProtocolService.java:onCompleted(140)) - 7b64d61e-992d-46f7-bdd8-85e232d42a6f: Completed APPEND_ENTRIES, lastRequest: a2583cd9-0c52-4aa7-80e6-e7269a14a582->7b64d61e-992d-46f7-bdd8-85e232d42a6f#215-t1,previous=(t:1, i:23),leaderCommit=22,initializing? true,entries: size=1, first=(t:1, i:24), METADATAENTRY(c:22)
2022-07-12 21:04:32,361 [a2583cd9-0c52-4aa7-80e6-e7269a14a582@group-A388CC0A60BB-StateMachineUpdater] INFO  ratis.ContainerStateMachine (ContainerStateMachine.java:takeSnapshot(304)) - group-A388CC0A60BB: Taking a snapshot at:(t:1, i:24) file /home/runner/work/ozone/ozone/hadoop-ozone/integration-test/target/test-dir/MiniOzoneClusterImpl-602e3c1e-9006-4844-b6f6-7d75904803ac/datanode-1/data/ratis/f2734cb1-6025-430b-a5e4-a388cc0a60bb/sm/snapshot.1_24
2022-07-12 21:04:32,362 [grpc-default-executor-0] INFO  server.GrpcLogAppender (GrpcLogAppender.java:onCompleted(339)) - a2583cd9-0c52-4aa7-80e6-e7269a14a582@group-A388CC0A60BB->7b64d61e-992d-46f7-bdd8-85e232d42a6f-AppendLogResponseHandler: follower responses appendEntries COMPLETED
2022-07-12 21:04:32,363 [grpc-default-executor-4] INFO  server.GrpcServerProtocolService (GrpcServerProtocolService.java:onCompleted(140)) - b22e6e25-1e95-4e3d-b66d-658eeab2c33a: Completed APPEND_ENTRIES, lastRequest: a2583cd9-0c52-4aa7-80e6-e7269a14a582->b22e6e25-1e95-4e3d-b66d-658eeab2c33a#208-t1,previous=(t:1, i:23),leaderCommit=22,initializing? true,entries: size=1, first=(t:1, i:24), METADATAENTRY(c:22)
2022-07-12 21:04:32,365 [grpc-default-executor-0] INFO  leader.FollowerInfo (FollowerInfoImpl.java:lambda$new$0(48)) - a2583cd9-0c52-4aa7-80e6-e7269a14a582@group-A388CC0A60BB->7b64d61e-992d-46f7-bdd8-85e232d42a6f: nextIndex: updateUnconditionally 25 -> 24
2022-07-12 21:04:32,367 [grpc-default-executor-0] INFO  server.GrpcLogAppender (GrpcLogAppender.java:onCompleted(339)) - a2583cd9-0c52-4aa7-80e6-e7269a14a582@group-A388CC0A60BB->b22e6e25-1e95-4e3d-b66d-658eeab2c33a-AppendLogResponseHandler: follower responses appendEntries COMPLETED
2022-07-12 21:04:32,367 [grpc-default-executor-0] INFO  leader.FollowerInfo (FollowerInfoImpl.java:lambda$new$0(48)) - a2583cd9-0c52-4aa7-80e6-e7269a14a582@group-A388CC0A60BB->b22e6e25-1e95-4e3d-b66d-658eeab2c33a: nextIndex: updateUnconditionally 25 -> 24
2022-07-12 21:04:32,408 [a2583cd9-0c52-4aa7-80e6-e7269a14a582@group-A388CC0A60BB-StateMachineUpdater] INFO  ratis.ContainerStateMachine (ContainerStateMachine.java:takeSnapshot(315)) - group-A388CC0A60BB: Finished taking a snapshot at:(t:1, i:24) file:/home/runner/work/ozone/ozone/hadoop-ozone/integration-test/target/test-dir/MiniOzoneClusterImpl-602e3c1e-9006-4844-b6f6-7d75904803ac/datanode-1/data/ratis/f2734cb1-6025-430b-a5e4-a388cc0a60bb/sm/snapshot.1_24 took: 47 ms
2022-07-12 21:04:32,408 [7b64d61e-992d-46f7-bdd8-85e232d42a6f@group-A388CC0A60BB-StateMachineUpdater] INFO  ratis.ContainerStateMachine (ContainerStateMachine.java:takeSnapshot(315)) - group-A388CC0A60BB: Finished taking a snapshot at:(t:1, i:24) file:/home/runner/work/ozone/ozone/hadoop-ozone/integration-test/target/test-dir/MiniOzoneClusterImpl-602e3c1e-9006-4844-b6f6-7d75904803ac/datanode-2/data/ratis/f2734cb1-6025-430b-a5e4-a388cc0a60bb/sm/snapshot.1_24 took: 51 ms
2022-07-12 21:04:32,410 [7b64d61e-992d-46f7-bdd8-85e232d42a6f@group-A388CC0A60BB-StateMachineUpdater] INFO  impl.StateMachineUpdater (StateMachineUpdater.java:takeSnapshot(287)) - 7b64d61e-992d-46f7-bdd8-85e232d42a6f@group-A388CC0A60BB-StateMachineUpdater: Took a snapshot at index 24
2022-07-12 21:04:32,410 [a2583cd9-0c52-4aa7-80e6-e7269a14a582@group-A388CC0A60BB-StateMachineUpdater] INFO  impl.StateMachineUpdater (StateMachineUpdater.java:takeSnapshot(287)) - a2583cd9-0c52-4aa7-80e6-e7269a14a582@group-A388CC0A60BB-StateMachineUpdater: Took a snapshot at index 24
2022-07-12 21:04:32,410 [7b64d61e-992d-46f7-bdd8-85e232d42a6f@group-A388CC0A60BB-StateMachineUpdater] INFO  impl.StateMachineUpdater (StateMachineUpdater.java:lambda$new$0(92)) - 7b64d61e-992d-46f7-bdd8-85e232d42a6f@group-A388CC0A60BB-StateMachineUpdater: snapshotIndex: updateIncreasingly -1 -> 24
2022-07-12 21:04:32,410 [a2583cd9-0c52-4aa7-80e6-e7269a14a582@group-A388CC0A60BB-StateMachineUpdater] INFO  impl.StateMachineUpdater (StateMachineUpdater.java:lambda$new$0(92)) - a2583cd9-0c52-4aa7-80e6-e7269a14a582@group-A388CC0A60BB-StateMachineUpdater: snapshotIndex: updateIncreasingly -1 -> 24
2022-07-12 21:04:32,416 [ForkJoinPool.commonPool-worker-0] INFO  server.RaftServer$Division (ServerState.java:close(429)) - a2583cd9-0c52-4aa7-80e6-e7269a14a582@group-A388CC0A60BB: closes. applyIndex: 24
2022-07-12 21:04:32,419 [a2583cd9-0c52-4aa7-80e6-e7269a14a582@group-A388CC0A60BB-SegmentedRaftLogWorker] INFO  segmented.SegmentedRaftLogWorker (SegmentedRaftLogWorker.java:run(336)) - a2583cd9-0c52-4aa7-80e6-e7269a14a582@group-A388CC0A60BB-SegmentedRaftLogWorker was interrupted, exiting. There are 0 tasks remaining in the queue.
2022-07-12 21:04:32,422 [ForkJoinPool.commonPool-worker-0] INFO  segmented.SegmentedRaftLogWorker (SegmentedRaftLogWorker.java:close(246)) - a2583cd9-0c52-4aa7-80e6-e7269a14a582@group-A388CC0A60BB-SegmentedRaftLogWorker close()
2022-07-12 21:04:32,424 [Listener at 127.0.0.1/43377] INFO  server.RaftServer$Division (ServerState.java:close(429)) - 7b64d61e-992d-46f7-bdd8-85e232d42a6f@group-A388CC0A60BB: closes. applyIndex: 24
2022-07-12 21:04:32,424 [7b64d61e-992d-46f7-bdd8-85e232d42a6f@group-A388CC0A60BB-SegmentedRaftLogWorker] INFO  segmented.SegmentedRaftLogWorker (SegmentedRaftLogWorker.java:run(336)) - 7b64d61e-992d-46f7-bdd8-85e232d42a6f@group-A388CC0A60BB-SegmentedRaftLogWorker was interrupted, exiting. There are 0 tasks remaining in the queue.
2022-07-12 21:04:32,424 [ForkJoinPool.commonPool-worker-0] INFO  server.RaftServer$Division (RaftServerImpl.java:lambda$close$4(434)) - a2583cd9-0c52-4aa7-80e6-e7269a14a582@group-4BCD925F56BC: shutdown
2022-07-12 21:04:32,425 [ForkJoinPool.commonPool-worker-0] INFO  util.JmxRegister (JmxRegister.java:unregister(73)) - Successfully un-registered JMX Bean with object name Ratis:service=RaftServer,group=group-4BCD925F56BC,id=a2583cd9-0c52-4aa7-80e6-e7269a14a582
2022-07-12 21:04:32,425 [ForkJoinPool.commonPool-worker-0] INFO  impl.RoleInfo (RoleInfo.java:shutdownLeaderState(93)) - a2583cd9-0c52-4aa7-80e6-e7269a14a582: shutdown a2583cd9-0c52-4aa7-80e6-e7269a14a582@group-4BCD925F56BC-LeaderStateImpl
2022-07-12 21:04:32,425 [ForkJoinPool.commonPool-worker-0] INFO  impl.PendingRequests (PendingRequests.java:sendNotLeaderResponses(282)) - a2583cd9-0c52-4aa7-80e6-e7269a14a582@group-4BCD925F56BC-PendingRequests: sendNotLeaderResponses
2022-07-12 21:04:32,425 [ForkJoinPool.commonPool-worker-0] INFO  impl.StateMachineUpdater (StateMachineUpdater.java:stopAndJoin(153)) - a2583cd9-0c52-4aa7-80e6-e7269a14a582@group-4BCD925F56BC-StateMachineUpdater: set stopIndex = 0
2022-07-12 21:04:32,425 [a2583cd9-0c52-4aa7-80e6-e7269a14a582@group-4BCD925F56BC-StateMachineUpdater] INFO  ratis.ContainerStateMachine (ContainerStateMachine.java:takeSnapshot(304)) - group-4BCD925F56BC: Taking a snapshot at:(t:1, i:0) file /home/runner/work/ozone/ozone/hadoop-ozone/integration-test/target/test-dir/MiniOzoneClusterImpl-602e3c1e-9006-4844-b6f6-7d75904803ac/datanode-1/data/ratis/263d71f7-96db-418d-93a5-4bcd925f56bc/sm/snapshot.1_0
2022-07-12 21:04:32,427 [a2583cd9-0c52-4aa7-80e6-e7269a14a582@group-4BCD925F56BC-StateMachineUpdater] INFO  ratis.ContainerStateMachine (ContainerStateMachine.java:takeSnapshot(315)) - group-4BCD925F56BC: Finished taking a snapshot at:(t:1, i:0) file:/home/runner/work/ozone/ozone/hadoop-ozone/integration-test/target/test-dir/MiniOzoneClusterImpl-602e3c1e-9006-4844-b6f6-7d75904803ac/datanode-1/data/ratis/263d71f7-96db-418d-93a5-4bcd925f56bc/sm/snapshot.1_0 took: 1 ms
2022-07-12 21:04:32,427 [Listener at 127.0.0.1/43377] INFO  segmented.SegmentedRaftLogWorker (SegmentedRaftLogWorker.java:close(246)) - 7b64d61e-992d-46f7-bdd8-85e232d42a6f@group-A388CC0A60BB-SegmentedRaftLogWorker close()
2022-07-12 21:04:32,427 [a2583cd9-0c52-4aa7-80e6-e7269a14a582@group-4BCD925F56BC-StateMachineUpdater] INFO  impl.StateMachineUpdater (StateMachineUpdater.java:takeSnapshot(287)) - a2583cd9-0c52-4aa7-80e6-e7269a14a582@group-4BCD925F56BC-StateMachineUpdater: Took a snapshot at index 0
2022-07-12 21:04:32,428 [a2583cd9-0c52-4aa7-80e6-e7269a14a582@group-4BCD925F56BC-StateMachineUpdater] INFO  impl.StateMachineUpdater (StateMachineUpdater.java:lambda$new$0(92)) - a2583cd9-0c52-4aa7-80e6-e7269a14a582@group-4BCD925F56BC-StateMachineUpdater: snapshotIndex: updateIncreasingly -1 -> 0
2022-07-12 21:04:32,428 [Listener at 127.0.0.1/43377] INFO  server.RaftServer$Division (RaftServerImpl.java:lambda$close$4(434)) - 7b64d61e-992d-46f7-bdd8-85e232d42a6f@group-BAC479CA027A: shutdown
2022-07-12 21:04:32,429 [Listener at 127.0.0.1/43377] INFO  util.JmxRegister (JmxRegister.java:unregister(73)) - Successfully un-registered JMX Bean with object name Ratis:service=RaftServer,group=group-BAC479CA027A,id=7b64d61e-992d-46f7-bdd8-85e232d42a6f
2022-07-12 21:04:32,429 [Listener at 127.0.0.1/43377] INFO  impl.RoleInfo (RoleInfo.java:shutdownLeaderState(93)) - 7b64d61e-992d-46f7-bdd8-85e232d42a6f: shutdown 7b64d61e-992d-46f7-bdd8-85e232d42a6f@group-BAC479CA027A-LeaderStateImpl
2022-07-12 21:04:32,429 [Listener at 127.0.0.1/43377] INFO  impl.PendingRequests (PendingRequests.java:sendNotLeaderResponses(282)) - 7b64d61e-992d-46f7-bdd8-85e232d42a6f@group-BAC479CA027A-PendingRequests: sendNotLeaderResponses
2022-07-12 21:04:32,429 [7b64d61e-992d-46f7-bdd8-85e232d42a6f@group-BAC479CA027A->a2583cd9-0c52-4aa7-80e6-e7269a14a582-GrpcLogAppender-LogAppenderDaemon] WARN  server.GrpcLogAppender (GrpcLogAppender.java:mayWait(171)) - 7b64d61e-992d-46f7-bdd8-85e232d42a6f@group-BAC479CA027A->a2583cd9-0c52-4aa7-80e6-e7269a14a582-GrpcLogAppender: Wait interrupted by java.lang.InterruptedException
2022-07-12 21:04:32,430 [ForkJoinPool.commonPool-worker-0] INFO  server.RaftServer$Division (ServerState.java:close(429)) - a2583cd9-0c52-4aa7-80e6-e7269a14a582@group-4BCD925F56BC: closes. applyIndex: 0
2022-07-12 21:04:32,430 [a2583cd9-0c52-4aa7-80e6-e7269a14a582@group-4BCD925F56BC-SegmentedRaftLogWorker] INFO  segmented.SegmentedRaftLogWorker (SegmentedRaftLogWorker.java:run(336)) - a2583cd9-0c52-4aa7-80e6-e7269a14a582@group-4BCD925F56BC-SegmentedRaftLogWorker was interrupted, exiting. There are 0 tasks remaining in the queue.
2022-07-12 21:04:32,431 [7b64d61e-992d-46f7-bdd8-85e232d42a6f@group-BAC479CA027A->b22e6e25-1e95-4e3d-b66d-658eeab2c33a-GrpcLogAppender-LogAppenderDaemon] WARN  server.GrpcLogAppender (GrpcLogAppender.java:mayWait(171)) - 7b64d61e-992d-46f7-bdd8-85e232d42a6f@group-BAC479CA027A->b22e6e25-1e95-4e3d-b66d-658eeab2c33a-GrpcLogAppender: Wait interrupted by java.lang.InterruptedException
2022-07-12 21:04:32,431 [grpc-default-executor-4] INFO  server.GrpcServerProtocolService (GrpcServerProtocolService.java:onCompleted(140)) - a2583cd9-0c52-4aa7-80e6-e7269a14a582: Completed APPEND_ENTRIES, lastRequest: 7b64d61e-992d-46f7-bdd8-85e232d42a6f->a2583cd9-0c52-4aa7-80e6-e7269a14a582#279-t2,previous=(t:2, i:6),leaderCommit=5,initializing? true,entries: size=1, first=(t:2, i:7), METADATAENTRY(c:5)
2022-07-12 21:04:32,431 [grpc-default-executor-1] INFO  server.GrpcLogAppender (GrpcLogAppender.java:onCompleted(339)) - 7b64d61e-992d-46f7-bdd8-85e232d42a6f@group-BAC479CA027A->a2583cd9-0c52-4aa7-80e6-e7269a14a582-AppendLogResponseHandler: follower responses appendEntries COMPLETED
2022-07-12 21:04:32,431 [grpc-default-executor-0] INFO  server.GrpcServerProtocolService (GrpcServerProtocolService.java:onCompleted(140)) - b22e6e25-1e95-4e3d-b66d-658eeab2c33a: Completed APPEND_ENTRIES, lastRequest: 7b64d61e-992d-46f7-bdd8-85e232d42a6f->b22e6e25-1e95-4e3d-b66d-658eeab2c33a#150-t2,previous=(t:2, i:6),leaderCommit=5,initializing? true,entries: size=1, first=(t:2, i:7), METADATAENTRY(c:5)
2022-07-12 21:04:32,432 [grpc-default-executor-1] INFO  leader.FollowerInfo (FollowerInfoImpl.java:lambda$new$0(48)) - 7b64d61e-992d-46f7-bdd8-85e232d42a6f@group-BAC479CA027A->a2583cd9-0c52-4aa7-80e6-e7269a14a582: nextIndex: updateUnconditionally 8 -> 7
2022-07-12 21:04:32,433 [grpc-default-executor-1] INFO  server.GrpcLogAppender (GrpcLogAppender.java:onCompleted(339)) - 7b64d61e-992d-46f7-bdd8-85e232d42a6f@group-BAC479CA027A->b22e6e25-1e95-4e3d-b66d-658eeab2c33a-AppendLogResponseHandler: follower responses appendEntries COMPLETED
2022-07-12 21:04:32,433 [grpc-default-executor-1] INFO  leader.FollowerInfo (FollowerInfoImpl.java:lambda$new$0(48)) - 7b64d61e-992d-46f7-bdd8-85e232d42a6f@group-BAC479CA027A->b22e6e25-1e95-4e3d-b66d-658eeab2c33a: nextIndex: updateUnconditionally 8 -> 7
2022-07-12 21:04:32,433 [ForkJoinPool.commonPool-worker-0] INFO  segmented.SegmentedRaftLogWorker (SegmentedRaftLogWorker.java:close(246)) - a2583cd9-0c52-4aa7-80e6-e7269a14a582@group-4BCD925F56BC-SegmentedRaftLogWorker close()
2022-07-12 21:04:32,437 [7b64d61e-992d-46f7-bdd8-85e232d42a6f@group-BAC479CA027A-StateMachineUpdater] INFO  ratis.ContainerStateMachine (ContainerStateMachine.java:takeSnapshot(304)) - group-BAC479CA027A: Taking a snapshot at:(t:2, i:7) file /home/runner/work/ozone/ozone/hadoop-ozone/integration-test/target/test-dir/MiniOzoneClusterImpl-602e3c1e-9006-4844-b6f6-7d75904803ac/datanode-2/data/ratis/2b415d15-d4fd-4c8d-b5b8-bac479ca027a/sm/snapshot.2_7
2022-07-12 21:04:32,438 [Listener at 127.0.0.1/43377] INFO  impl.StateMachineUpdater (StateMachineUpdater.java:stopAndJoin(153)) - 7b64d61e-992d-46f7-bdd8-85e232d42a6f@group-BAC479CA027A-StateMachineUpdater: set stopIndex = 7
2022-07-12 21:04:32,439 [ForkJoinPool.commonPool-worker-0] INFO  server.RaftServer$Division (RaftServerImpl.java:lambda$close$4(434)) - a2583cd9-0c52-4aa7-80e6-e7269a14a582@group-BAC479CA027A: shutdown
2022-07-12 21:04:32,439 [7b64d61e-992d-46f7-bdd8-85e232d42a6f@group-BAC479CA027A-StateMachineUpdater] INFO  ratis.ContainerStateMachine (ContainerStateMachine.java:takeSnapshot(315)) - group-BAC479CA027A: Finished taking a snapshot at:(t:2, i:7) file:/home/runner/work/ozone/ozone/hadoop-ozone/integration-test/target/test-dir/MiniOzoneClusterImpl-602e3c1e-9006-4844-b6f6-7d75904803ac/datanode-2/data/ratis/2b415d15-d4fd-4c8d-b5b8-bac479ca027a/sm/snapshot.2_7 took: 2 ms
2022-07-12 21:04:32,439 [7b64d61e-992d-46f7-bdd8-85e232d42a6f@group-BAC479CA027A-StateMachineUpdater] INFO  impl.StateMachineUpdater (StateMachineUpdater.java:takeSnapshot(287)) - 7b64d61e-992d-46f7-bdd8-85e232d42a6f@group-BAC479CA027A-StateMachineUpdater: Took a snapshot at index 7
2022-07-12 21:04:32,439 [7b64d61e-992d-46f7-bdd8-85e232d42a6f@group-BAC479CA027A-StateMachineUpdater] INFO  impl.StateMachineUpdater (StateMachineUpdater.java:lambda$new$0(92)) - 7b64d61e-992d-46f7-bdd8-85e232d42a6f@group-BAC479CA027A-StateMachineUpdater: snapshotIndex: updateIncreasingly -1 -> 7
2022-07-12 21:04:32,440 [ForkJoinPool.commonPool-worker-0] INFO  util.JmxRegister (JmxRegister.java:unregister(73)) - Successfully un-registered JMX Bean with object name Ratis:service=RaftServer,group=group-BAC479CA027A,id=a2583cd9-0c52-4aa7-80e6-e7269a14a582
2022-07-12 21:04:32,440 [ForkJoinPool.commonPool-worker-0] INFO  impl.RoleInfo (RoleInfo.java:shutdownFollowerState(110)) - a2583cd9-0c52-4aa7-80e6-e7269a14a582: shutdown a2583cd9-0c52-4aa7-80e6-e7269a14a582@group-BAC479CA027A-FollowerState
2022-07-12 21:04:32,440 [ForkJoinPool.commonPool-worker-0] INFO  impl.StateMachineUpdater (StateMachineUpdater.java:stopAndJoin(153)) - a2583cd9-0c52-4aa7-80e6-e7269a14a582@group-BAC479CA027A-StateMachineUpdater: set stopIndex = 7
2022-07-12 21:04:32,440 [a2583cd9-0c52-4aa7-80e6-e7269a14a582@group-BAC479CA027A-FollowerState] INFO  impl.FollowerState (FollowerState.java:run(152)) - a2583cd9-0c52-4aa7-80e6-e7269a14a582@group-BAC479CA027A-FollowerState was interrupted
2022-07-12 21:04:32,440 [Listener at 127.0.0.1/43377] INFO  server.RaftServer$Division (ServerState.java:close(429)) - 7b64d61e-992d-46f7-bdd8-85e232d42a6f@group-BAC479CA027A: closes. applyIndex: 7
2022-07-12 21:04:32,441 [a2583cd9-0c52-4aa7-80e6-e7269a14a582@group-BAC479CA027A-StateMachineUpdater] INFO  ratis.ContainerStateMachine (ContainerStateMachine.java:takeSnapshot(304)) - group-BAC479CA027A: Taking a snapshot at:(t:2, i:7) file /home/runner/work/ozone/ozone/hadoop-ozone/integration-test/target/test-dir/MiniOzoneClusterImpl-602e3c1e-9006-4844-b6f6-7d75904803ac/datanode-1/data/ratis/2b415d15-d4fd-4c8d-b5b8-bac479ca027a/sm/snapshot.2_7
2022-07-12 21:04:32,441 [7b64d61e-992d-46f7-bdd8-85e232d42a6f@group-BAC479CA027A-SegmentedRaftLogWorker] INFO  segmented.SegmentedRaftLogWorker (SegmentedRaftLogWorker.java:run(336)) - 7b64d61e-992d-46f7-bdd8-85e232d42a6f@group-BAC479CA027A-SegmentedRaftLogWorker was interrupted, exiting. There are 0 tasks remaining in the queue.
2022-07-12 21:04:32,442 [Listener at 127.0.0.1/43377] INFO  segmented.SegmentedRaftLogWorker (SegmentedRaftLogWorker.java:close(246)) - 7b64d61e-992d-46f7-bdd8-85e232d42a6f@group-BAC479CA027A-SegmentedRaftLogWorker close()
2022-07-12 21:04:32,443 [a2583cd9-0c52-4aa7-80e6-e7269a14a582@group-BAC479CA027A-StateMachineUpdater] INFO  ratis.ContainerStateMachine (ContainerStateMachine.java:takeSnapshot(315)) - group-BAC479CA027A: Finished taking a snapshot at:(t:2, i:7) file:/home/runner/work/ozone/ozone/hadoop-ozone/integration-test/target/test-dir/MiniOzoneClusterImpl-602e3c1e-9006-4844-b6f6-7d75904803ac/datanode-1/data/ratis/2b415d15-d4fd-4c8d-b5b8-bac479ca027a/sm/snapshot.2_7 took: 3 ms
2022-07-12 21:04:32,443 [a2583cd9-0c52-4aa7-80e6-e7269a14a582@group-BAC479CA027A-StateMachineUpdater] INFO  impl.StateMachineUpdater (StateMachineUpdater.java:takeSnapshot(287)) - a2583cd9-0c52-4aa7-80e6-e7269a14a582@group-BAC479CA027A-StateMachineUpdater: Took a snapshot at index 7
2022-07-12 21:04:32,443 [a2583cd9-0c52-4aa7-80e6-e7269a14a582@group-BAC479CA027A-StateMachineUpdater] INFO  impl.StateMachineUpdater (StateMachineUpdater.java:lambda$new$0(92)) - a2583cd9-0c52-4aa7-80e6-e7269a14a582@group-BAC479CA027A-StateMachineUpdater: snapshotIndex: updateIncreasingly -1 -> 7
2022-07-12 21:04:32,444 [ForkJoinPool.commonPool-worker-0] INFO  server.RaftServer$Division (ServerState.java:close(429)) - a2583cd9-0c52-4aa7-80e6-e7269a14a582@group-BAC479CA027A: closes. applyIndex: 7
2022-07-12 21:04:32,444 [a2583cd9-0c52-4aa7-80e6-e7269a14a582@group-BAC479CA027A-SegmentedRaftLogWorker] INFO  segmented.SegmentedRaftLogWorker (SegmentedRaftLogWorker.java:run(336)) - a2583cd9-0c52-4aa7-80e6-e7269a14a582@group-BAC479CA027A-SegmentedRaftLogWorker was interrupted, exiting. There are 0 tasks remaining in the queue.
2022-07-12 21:04:32,445 [Listener at 127.0.0.1/43377] INFO  server.RaftServer$Division (RaftServerImpl.java:lambda$close$4(434)) - 7b64d61e-992d-46f7-bdd8-85e232d42a6f@group-99562771DEC1: shutdown
2022-07-12 21:04:32,445 [Listener at 127.0.0.1/43377] INFO  util.JmxRegister (JmxRegister.java:unregister(73)) - Successfully un-registered JMX Bean with object name Ratis:service=RaftServer,group=group-99562771DEC1,id=7b64d61e-992d-46f7-bdd8-85e232d42a6f
2022-07-12 21:04:32,445 [Listener at 127.0.0.1/43377] INFO  impl.RoleInfo (RoleInfo.java:shutdownLeaderState(93)) - 7b64d61e-992d-46f7-bdd8-85e232d42a6f: shutdown 7b64d61e-992d-46f7-bdd8-85e232d42a6f@group-99562771DEC1-LeaderStateImpl
2022-07-12 21:04:32,445 [Listener at 127.0.0.1/43377] INFO  impl.PendingRequests (PendingRequests.java:sendNotLeaderResponses(282)) - 7b64d61e-992d-46f7-bdd8-85e232d42a6f@group-99562771DEC1-PendingRequests: sendNotLeaderResponses
2022-07-12 21:04:32,446 [Listener at 127.0.0.1/43377] INFO  impl.StateMachineUpdater (StateMachineUpdater.java:stopAndJoin(153)) - 7b64d61e-992d-46f7-bdd8-85e232d42a6f@group-99562771DEC1-StateMachineUpdater: set stopIndex = 0
2022-07-12 21:04:32,446 [7b64d61e-992d-46f7-bdd8-85e232d42a6f@group-99562771DEC1-StateMachineUpdater] INFO  ratis.ContainerStateMachine (ContainerStateMachine.java:takeSnapshot(304)) - group-99562771DEC1: Taking a snapshot at:(t:1, i:0) file /home/runner/work/ozone/ozone/hadoop-ozone/integration-test/target/test-dir/MiniOzoneClusterImpl-602e3c1e-9006-4844-b6f6-7d75904803ac/datanode-2/data/ratis/71172f23-2537-4663-b3bc-99562771dec1/sm/snapshot.1_0
2022-07-12 21:04:32,447 [ForkJoinPool.commonPool-worker-0] INFO  segmented.SegmentedRaftLogWorker (SegmentedRaftLogWorker.java:close(246)) - a2583cd9-0c52-4aa7-80e6-e7269a14a582@group-BAC479CA027A-SegmentedRaftLogWorker close()
2022-07-12 21:04:32,448 [7b64d61e-992d-46f7-bdd8-85e232d42a6f@group-99562771DEC1-StateMachineUpdater] INFO  ratis.ContainerStateMachine (ContainerStateMachine.java:takeSnapshot(315)) - group-99562771DEC1: Finished taking a snapshot at:(t:1, i:0) file:/home/runner/work/ozone/ozone/hadoop-ozone/integration-test/target/test-dir/MiniOzoneClusterImpl-602e3c1e-9006-4844-b6f6-7d75904803ac/datanode-2/data/ratis/71172f23-2537-4663-b3bc-99562771dec1/sm/snapshot.1_0 took: 2 ms
2022-07-12 21:04:32,448 [7b64d61e-992d-46f7-bdd8-85e232d42a6f@group-99562771DEC1-StateMachineUpdater] INFO  impl.StateMachineUpdater (StateMachineUpdater.java:takeSnapshot(287)) - 7b64d61e-992d-46f7-bdd8-85e232d42a6f@group-99562771DEC1-StateMachineUpdater: Took a snapshot at index 0
2022-07-12 21:04:32,448 [7b64d61e-992d-46f7-bdd8-85e232d42a6f@group-99562771DEC1-StateMachineUpdater] INFO  impl.StateMachineUpdater (StateMachineUpdater.java:lambda$new$0(92)) - 7b64d61e-992d-46f7-bdd8-85e232d42a6f@group-99562771DEC1-StateMachineUpdater: snapshotIndex: updateIncreasingly -1 -> 0
2022-07-12 21:04:32,448 [ForkJoinPool.commonPool-worker-0] INFO  server.GrpcService (GrpcService.java:closeImpl(269)) - a2583cd9-0c52-4aa7-80e6-e7269a14a582: shutdown server with port 44379 now
2022-07-12 21:04:32,448 [Listener at 127.0.0.1/43377] INFO  server.RaftServer$Division (ServerState.java:close(429)) - 7b64d61e-992d-46f7-bdd8-85e232d42a6f@group-99562771DEC1: closes. applyIndex: 0
2022-07-12 21:04:32,455 [7b64d61e-992d-46f7-bdd8-85e232d42a6f@group-99562771DEC1-SegmentedRaftLogWorker] INFO  segmented.SegmentedRaftLogWorker (SegmentedRaftLogWorker.java:run(336)) - 7b64d61e-992d-46f7-bdd8-85e232d42a6f@group-99562771DEC1-SegmentedRaftLogWorker was interrupted, exiting. There are 0 tasks remaining in the queue.
2022-07-12 21:04:32,458 [Listener at 127.0.0.1/43377] INFO  segmented.SegmentedRaftLogWorker (SegmentedRaftLogWorker.java:close(246)) - 7b64d61e-992d-46f7-bdd8-85e232d42a6f@group-99562771DEC1-SegmentedRaftLogWorker close()
2022-07-12 21:04:32,462 [Listener at 127.0.0.1/43377] INFO  server.GrpcService (GrpcService.java:closeImpl(269)) - 7b64d61e-992d-46f7-bdd8-85e232d42a6f: shutdown server with port 38563 now
2022-07-12 21:04:32,463 [ForkJoinPool.commonPool-worker-0] INFO  server.GrpcService (GrpcService.java:closeImpl(278)) - a2583cd9-0c52-4aa7-80e6-e7269a14a582: shutdown server with port 44379 successfully
2022-07-12 21:04:32,466 [org.apache.ratis.util.JvmPauseMonitor$$Lambda$613/1050667922@55699247] INFO  util.JvmPauseMonitor (JvmPauseMonitor.java:run(109)) - JvmPauseMonitor-a2583cd9-0c52-4aa7-80e6-e7269a14a582: Stopped
2022-07-12 21:04:32,478 [grpc-default-executor-0] WARN  server.GrpcClientProtocolService (LogUtils.java:warn(122)) - 1-UnorderedRequestStreamObserver1: onError: org.apache.ratis.thirdparty.io.grpc.StatusRuntimeException: CANCELLED: client cancelled
2022-07-12 21:04:32,484 [Listener at 127.0.0.1/43377] INFO  server.GrpcService (GrpcService.java:closeImpl(278)) - 7b64d61e-992d-46f7-bdd8-85e232d42a6f: shutdown server with port 38563 successfully
2022-07-12 21:04:32,484 [org.apache.ratis.util.JvmPauseMonitor$$Lambda$613/1050667922@118dff9f] INFO  util.JvmPauseMonitor (JvmPauseMonitor.java:run(109)) - JvmPauseMonitor-7b64d61e-992d-46f7-bdd8-85e232d42a6f: Stopped
2022-07-12 21:04:34,506 [Listener at 127.0.0.1/43377] INFO  utils.BackgroundService (BackgroundService.java:shutdown(132)) - Shutting down service BlockDeletingService
2022-07-12 21:04:34,511 [ForkJoinPool.commonPool-worker-0] INFO  utils.BackgroundService (BackgroundService.java:shutdown(132)) - Shutting down service BlockDeletingService
2022-07-12 21:04:37,510 [Listener at 127.0.0.1/43377] INFO  statemachine.DatanodeStateMachine (DatanodeStateMachine.java:stopDaemon(580)) - Ozone container server stopped.
2022-07-12 21:04:37,519 [Listener at 127.0.0.1/43377] INFO  handler.ContextHandler (ContextHandler.java:doStop(1153)) - Stopped o.e.j.w.WebAppContext@1d696b35{hddsDatanode,/,null,STOPPED}{jar:file:/home/runner/.m2/repository/org/apache/ozone/hdds-container-service/1.3.0-SNAPSHOT/hdds-container-service-1.3.0-SNAPSHOT.jar!/webapps/hddsDatanode}
2022-07-12 21:04:37,524 [ForkJoinPool.commonPool-worker-0] INFO  statemachine.DatanodeStateMachine (DatanodeStateMachine.java:stopDaemon(580)) - Ozone container server stopped.
2022-07-12 21:04:37,535 [Listener at 127.0.0.1/43377] INFO  server.AbstractConnector (AbstractConnector.java:doStop(381)) - Stopped ServerConnector@59e97f75{HTTP/1.1, (http/1.1)}{0.0.0.0:0}
2022-07-12 21:04:37,535 [Listener at 127.0.0.1/43377] INFO  server.session (HouseKeeper.java:stopScavenging(149)) - node0 Stopped scavenging
2022-07-12 21:04:37,536 [Listener at 127.0.0.1/43377] INFO  handler.ContextHandler (ContextHandler.java:doStop(1153)) - Stopped o.e.j.s.ServletContextHandler@69925e55{static,/static,jar:file:/home/runner/.m2/repository/org/apache/ozone/hdds-container-service/1.3.0-SNAPSHOT/hdds-container-service-1.3.0-SNAPSHOT.jar!/webapps/static,STOPPED}
2022-07-12 21:04:37,536 [Listener at 127.0.0.1/43377] INFO  handler.ContextHandler (ContextHandler.java:doStop(1153)) - Stopped o.e.j.s.ServletContextHandler@3b51334c{logs,/logs,file:///home/runner/work/ozone/ozone/hadoop-ozone/integration-test/target/log,STOPPED}
2022-07-12 21:04:37,537 [ForkJoinPool.commonPool-worker-0] INFO  handler.ContextHandler (ContextHandler.java:doStop(1153)) - Stopped o.e.j.w.WebAppContext@aa2ae2d{hddsDatanode,/,null,STOPPED}{jar:file:/home/runner/.m2/repository/org/apache/ozone/hdds-container-service/1.3.0-SNAPSHOT/hdds-container-service-1.3.0-SNAPSHOT.jar!/webapps/hddsDatanode}
2022-07-12 21:04:37,544 [ForkJoinPool.commonPool-worker-0] INFO  server.AbstractConnector (AbstractConnector.java:doStop(381)) - Stopped ServerConnector@5ba540a5{HTTP/1.1, (http/1.1)}{0.0.0.0:0}
2022-07-12 21:04:37,548 [ForkJoinPool.commonPool-worker-0] INFO  server.session (HouseKeeper.java:stopScavenging(149)) - node0 Stopped scavenging
2022-07-12 21:04:37,557 [ForkJoinPool.commonPool-worker-0] INFO  handler.ContextHandler (ContextHandler.java:doStop(1153)) - Stopped o.e.j.s.ServletContextHandler@606ea72{static,/static,jar:file:/home/runner/.m2/repository/org/apache/ozone/hdds-container-service/1.3.0-SNAPSHOT/hdds-container-service-1.3.0-SNAPSHOT.jar!/webapps/static,STOPPED}
2022-07-12 21:04:37,558 [ForkJoinPool.commonPool-worker-0] INFO  handler.ContextHandler (ContextHandler.java:doStop(1153)) - Stopped o.e.j.s.ServletContextHandler@3c3b5d1{logs,/logs,file:///home/runner/work/ozone/ozone/hadoop-ozone/integration-test/target/log,STOPPED}
2022-07-12 21:04:37,894 [b22e6e25-1e95-4e3d-b66d-658eeab2c33a@group-BAC479CA027A-FollowerState] INFO  impl.FollowerState (FollowerState.java:run(143)) - b22e6e25-1e95-4e3d-b66d-658eeab2c33a@group-BAC479CA027A-FollowerState: change to CANDIDATE, lastRpcElapsedTime:7840186031ns, electionTimeout:5073ms
2022-07-12 21:04:37,894 [b22e6e25-1e95-4e3d-b66d-658eeab2c33a@group-BAC479CA027A-FollowerState] INFO  impl.RoleInfo (RoleInfo.java:shutdownFollowerState(110)) - b22e6e25-1e95-4e3d-b66d-658eeab2c33a: shutdown b22e6e25-1e95-4e3d-b66d-658eeab2c33a@group-BAC479CA027A-FollowerState
2022-07-12 21:04:37,895 [b22e6e25-1e95-4e3d-b66d-658eeab2c33a@group-BAC479CA027A-FollowerState] INFO  server.RaftServer$Division (RaftServerImpl.java:setRole(299)) - b22e6e25-1e95-4e3d-b66d-658eeab2c33a@group-BAC479CA027A: changes role from  FOLLOWER to CANDIDATE at term 2 for changeToCandidate
2022-07-12 21:04:37,895 [b22e6e25-1e95-4e3d-b66d-658eeab2c33a@group-BAC479CA027A-FollowerState] INFO  server.RaftServerConfigKeys (ConfUtils.java:logGet(46)) - raft.server.leaderelection.pre-vote = false (custom)
2022-07-12 21:04:37,895 [b22e6e25-1e95-4e3d-b66d-658eeab2c33a@group-BAC479CA027A-FollowerState] INFO  impl.RoleInfo (RoleInfo.java:updateAndGet(139)) - b22e6e25-1e95-4e3d-b66d-658eeab2c33a: start b22e6e25-1e95-4e3d-b66d-658eeab2c33a@group-BAC479CA027A-LeaderElection12
2022-07-12 21:04:37,908 [b22e6e25-1e95-4e3d-b66d-658eeab2c33a@group-BAC479CA027A-LeaderElection12] INFO  server.RaftServer$Division (ServerState.java:setLeader(287)) - b22e6e25-1e95-4e3d-b66d-658eeab2c33a@group-BAC479CA027A: change Leader from 7b64d61e-992d-46f7-bdd8-85e232d42a6f to null at term 2 for ELECTION
2022-07-12 21:04:37,919 [b22e6e25-1e95-4e3d-b66d-658eeab2c33a@group-BAC479CA027A-LeaderElection12] INFO  impl.LeaderElection (LeaderElection.java:askForVotes(310)) - b22e6e25-1e95-4e3d-b66d-658eeab2c33a@group-BAC479CA027A-LeaderElection12 ELECTION round 0: submit vote requests at term 3 for 0: [7b64d61e-992d-46f7-bdd8-85e232d42a6f|rpc:10.1.0.20:38563|dataStream:|priority:1, a2583cd9-0c52-4aa7-80e6-e7269a14a582|rpc:10.1.0.20:44379|dataStream:|priority:0, b22e6e25-1e95-4e3d-b66d-658eeab2c33a|rpc:10.1.0.20:45285|dataStream:|priority:0], old=null
2022-07-12 21:04:37,957 [b22e6e25-1e95-4e3d-b66d-658eeab2c33a@group-BAC479CA027A-LeaderElection12] INFO  impl.LeaderElection (LogUtils.java:infoOrTrace(137)) - b22e6e25-1e95-4e3d-b66d-658eeab2c33a@group-BAC479CA027A-LeaderElection12 got exception when requesting votes: java.util.concurrent.ExecutionException: org.apache.ratis.thirdparty.io.grpc.StatusRuntimeException: UNAVAILABLE: io exception
2022-07-12 21:04:37,958 [b22e6e25-1e95-4e3d-b66d-658eeab2c33a@group-BAC479CA027A-LeaderElection12] INFO  impl.LeaderElection (LogUtils.java:infoOrTrace(137)) - b22e6e25-1e95-4e3d-b66d-658eeab2c33a@group-BAC479CA027A-LeaderElection12 got exception when requesting votes: java.util.concurrent.ExecutionException: org.apache.ratis.thirdparty.io.grpc.StatusRuntimeException: UNAVAILABLE: io exception
2022-07-12 21:04:37,958 [b22e6e25-1e95-4e3d-b66d-658eeab2c33a@group-BAC479CA027A-LeaderElection12] INFO  impl.LeaderElection (LeaderElection.java:logAndReturn(90)) - b22e6e25-1e95-4e3d-b66d-658eeab2c33a@group-BAC479CA027A-LeaderElection12: ELECTION REJECTED received 0 response(s) and 2 exception(s):
2022-07-12 21:04:37,958 [b22e6e25-1e95-4e3d-b66d-658eeab2c33a@group-BAC479CA027A-LeaderElection12] INFO  impl.LeaderElection (LogUtils.java:infoOrTrace(137)) -   Exception 0: java.util.concurrent.ExecutionException: org.apache.ratis.thirdparty.io.grpc.StatusRuntimeException: UNAVAILABLE: io exception
2022-07-12 21:04:37,958 [b22e6e25-1e95-4e3d-b66d-658eeab2c33a@group-BAC479CA027A-LeaderElection12] INFO  impl.LeaderElection (LogUtils.java:infoOrTrace(137)) -   Exception 1: java.util.concurrent.ExecutionException: org.apache.ratis.thirdparty.io.grpc.StatusRuntimeException: UNAVAILABLE: io exception
2022-07-12 21:04:37,958 [b22e6e25-1e95-4e3d-b66d-658eeab2c33a@group-BAC479CA027A-LeaderElection12] INFO  impl.LeaderElection (LeaderElection.java:askForVotes(312)) - b22e6e25-1e95-4e3d-b66d-658eeab2c33a@group-BAC479CA027A-LeaderElection12 ELECTION round 0: result REJECTED
2022-07-12 21:04:37,958 [b22e6e25-1e95-4e3d-b66d-658eeab2c33a@group-BAC479CA027A-LeaderElection12] INFO  server.RaftServer$Division (RaftServerImpl.java:setRole(299)) - b22e6e25-1e95-4e3d-b66d-658eeab2c33a@group-BAC479CA027A: changes role from CANDIDATE to FOLLOWER at term 3 for REJECTED
2022-07-12 21:04:37,958 [b22e6e25-1e95-4e3d-b66d-658eeab2c33a@group-BAC479CA027A-LeaderElection12] INFO  impl.RoleInfo (RoleInfo.java:shutdownLeaderElection(130)) - b22e6e25-1e95-4e3d-b66d-658eeab2c33a: shutdown b22e6e25-1e95-4e3d-b66d-658eeab2c33a@group-BAC479CA027A-LeaderElection12
2022-07-12 21:04:37,959 [b22e6e25-1e95-4e3d-b66d-658eeab2c33a@group-BAC479CA027A-LeaderElection12] INFO  impl.RoleInfo (RoleInfo.java:updateAndGet(139)) - b22e6e25-1e95-4e3d-b66d-658eeab2c33a: start b22e6e25-1e95-4e3d-b66d-658eeab2c33a@group-BAC479CA027A-FollowerState
2022-07-12 21:04:38,536 [b22e6e25-1e95-4e3d-b66d-658eeab2c33a@group-A388CC0A60BB-FollowerState] INFO  impl.FollowerState (FollowerState.java:run(143)) - b22e6e25-1e95-4e3d-b66d-658eeab2c33a@group-A388CC0A60BB-FollowerState: change to CANDIDATE, lastRpcElapsedTime:6423542281ns, electionTimeout:5090ms
2022-07-12 21:04:38,536 [b22e6e25-1e95-4e3d-b66d-658eeab2c33a@group-A388CC0A60BB-FollowerState] INFO  impl.RoleInfo (RoleInfo.java:shutdownFollowerState(110)) - b22e6e25-1e95-4e3d-b66d-658eeab2c33a: shutdown b22e6e25-1e95-4e3d-b66d-658eeab2c33a@group-A388CC0A60BB-FollowerState
2022-07-12 21:04:38,537 [b22e6e25-1e95-4e3d-b66d-658eeab2c33a@group-A388CC0A60BB-FollowerState] INFO  server.RaftServer$Division (RaftServerImpl.java:setRole(299)) - b22e6e25-1e95-4e3d-b66d-658eeab2c33a@group-A388CC0A60BB: changes role from  FOLLOWER to CANDIDATE at term 1 for changeToCandidate
2022-07-12 21:04:38,537 [b22e6e25-1e95-4e3d-b66d-658eeab2c33a@group-A388CC0A60BB-FollowerState] INFO  server.RaftServerConfigKeys (ConfUtils.java:logGet(46)) - raft.server.leaderelection.pre-vote = false (custom)
2022-07-12 21:04:38,537 [b22e6e25-1e95-4e3d-b66d-658eeab2c33a@group-A388CC0A60BB-FollowerState] INFO  impl.RoleInfo (RoleInfo.java:updateAndGet(139)) - b22e6e25-1e95-4e3d-b66d-658eeab2c33a: start b22e6e25-1e95-4e3d-b66d-658eeab2c33a@group-A388CC0A60BB-LeaderElection13
2022-07-12 21:04:38,545 [b22e6e25-1e95-4e3d-b66d-658eeab2c33a@group-A388CC0A60BB-LeaderElection13] INFO  server.RaftServer$Division (ServerState.java:setLeader(287)) - b22e6e25-1e95-4e3d-b66d-658eeab2c33a@group-A388CC0A60BB: change Leader from a2583cd9-0c52-4aa7-80e6-e7269a14a582 to null at term 1 for ELECTION
2022-07-12 21:04:38,550 [b22e6e25-1e95-4e3d-b66d-658eeab2c33a@group-A388CC0A60BB-LeaderElection13] INFO  impl.LeaderElection (LeaderElection.java:askForVotes(310)) - b22e6e25-1e95-4e3d-b66d-658eeab2c33a@group-A388CC0A60BB-LeaderElection13 ELECTION round 0: submit vote requests at term 2 for 0: [7b64d61e-992d-46f7-bdd8-85e232d42a6f|rpc:10.1.0.20:38563|dataStream:|priority:0, a2583cd9-0c52-4aa7-80e6-e7269a14a582|rpc:10.1.0.20:44379|dataStream:|priority:1, b22e6e25-1e95-4e3d-b66d-658eeab2c33a|rpc:10.1.0.20:45285|dataStream:|priority:0], old=null
2022-07-12 21:04:38,563 [b22e6e25-1e95-4e3d-b66d-658eeab2c33a@group-A388CC0A60BB-LeaderElection13] INFO  impl.LeaderElection (LogUtils.java:infoOrTrace(137)) - b22e6e25-1e95-4e3d-b66d-658eeab2c33a@group-A388CC0A60BB-LeaderElection13 got exception when requesting votes: java.util.concurrent.ExecutionException: org.apache.ratis.thirdparty.io.grpc.StatusRuntimeException: UNAVAILABLE: io exception
2022-07-12 21:04:38,564 [b22e6e25-1e95-4e3d-b66d-658eeab2c33a@group-A388CC0A60BB-LeaderElection13] INFO  impl.LeaderElection (LogUtils.java:infoOrTrace(137)) - b22e6e25-1e95-4e3d-b66d-658eeab2c33a@group-A388CC0A60BB-LeaderElection13 got exception when requesting votes: java.util.concurrent.ExecutionException: org.apache.ratis.thirdparty.io.grpc.StatusRuntimeException: UNAVAILABLE: io exception
2022-07-12 21:04:38,564 [b22e6e25-1e95-4e3d-b66d-658eeab2c33a@group-A388CC0A60BB-LeaderElection13] INFO  impl.LeaderElection (LeaderElection.java:logAndReturn(90)) - b22e6e25-1e95-4e3d-b66d-658eeab2c33a@group-A388CC0A60BB-LeaderElection13: ELECTION REJECTED received 0 response(s) and 2 exception(s):
2022-07-12 21:04:38,564 [b22e6e25-1e95-4e3d-b66d-658eeab2c33a@group-A388CC0A60BB-LeaderElection13] INFO  impl.LeaderElection (LogUtils.java:infoOrTrace(137)) -   Exception 0: java.util.concurrent.ExecutionException: org.apache.ratis.thirdparty.io.grpc.StatusRuntimeException: UNAVAILABLE: io exception
2022-07-12 21:04:38,564 [b22e6e25-1e95-4e3d-b66d-658eeab2c33a@group-A388CC0A60BB-LeaderElection13] INFO  impl.LeaderElection (LogUtils.java:infoOrTrace(137)) -   Exception 1: java.util.concurrent.ExecutionException: org.apache.ratis.thirdparty.io.grpc.StatusRuntimeException: UNAVAILABLE: io exception
2022-07-12 21:04:38,564 [b22e6e25-1e95-4e3d-b66d-658eeab2c33a@group-A388CC0A60BB-LeaderElection13] INFO  impl.LeaderElection (LeaderElection.java:askForVotes(312)) - b22e6e25-1e95-4e3d-b66d-658eeab2c33a@group-A388CC0A60BB-LeaderElection13 ELECTION round 0: result REJECTED
2022-07-12 21:04:38,565 [b22e6e25-1e95-4e3d-b66d-658eeab2c33a@group-A388CC0A60BB-LeaderElection13] INFO  server.RaftServer$Division (RaftServerImpl.java:setRole(299)) - b22e6e25-1e95-4e3d-b66d-658eeab2c33a@group-A388CC0A60BB: changes role from CANDIDATE to FOLLOWER at term 2 for REJECTED
2022-07-12 21:04:38,565 [b22e6e25-1e95-4e3d-b66d-658eeab2c33a@group-A388CC0A60BB-LeaderElection13] INFO  impl.RoleInfo (RoleInfo.java:shutdownLeaderElection(130)) - b22e6e25-1e95-4e3d-b66d-658eeab2c33a: shutdown b22e6e25-1e95-4e3d-b66d-658eeab2c33a@group-A388CC0A60BB-LeaderElection13
2022-07-12 21:04:38,566 [b22e6e25-1e95-4e3d-b66d-658eeab2c33a@group-A388CC0A60BB-LeaderElection13] INFO  impl.RoleInfo (RoleInfo.java:updateAndGet(139)) - b22e6e25-1e95-4e3d-b66d-658eeab2c33a: start b22e6e25-1e95-4e3d-b66d-658eeab2c33a@group-A388CC0A60BB-FollowerState
2022-07-12 21:04:42,544 [Listener at 127.0.0.1/43377] INFO  ozoneimpl.OzoneContainer (OzoneContainer.java:stop(365)) - Attempting to stop container services.
2022-07-12 21:04:42,545 [Listener at 127.0.0.1/43377] INFO  server.RaftServer (RaftServerProxy.java:lambda$close$7(398)) - 046fb0e2-bb03-40db-8ebc-6f41cc3991b2: close
2022-07-12 21:04:42,546 [Listener at 127.0.0.1/43377] INFO  server.RaftServer$Division (RaftServerImpl.java:lambda$close$4(434)) - 046fb0e2-bb03-40db-8ebc-6f41cc3991b2@group-8244C7F57B47: shutdown
2022-07-12 21:04:42,546 [Listener at 127.0.0.1/43377] INFO  util.JmxRegister (JmxRegister.java:unregister(73)) - Successfully un-registered JMX Bean with object name Ratis:service=RaftServer,group=group-8244C7F57B47,id=046fb0e2-bb03-40db-8ebc-6f41cc3991b2
2022-07-12 21:04:42,546 [Listener at 127.0.0.1/43377] INFO  impl.RoleInfo (RoleInfo.java:shutdownLeaderState(93)) - 046fb0e2-bb03-40db-8ebc-6f41cc3991b2: shutdown 046fb0e2-bb03-40db-8ebc-6f41cc3991b2@group-8244C7F57B47-LeaderStateImpl
2022-07-12 21:04:42,546 [Listener at 127.0.0.1/43377] INFO  impl.PendingRequests (PendingRequests.java:sendNotLeaderResponses(282)) - 046fb0e2-bb03-40db-8ebc-6f41cc3991b2@group-8244C7F57B47-PendingRequests: sendNotLeaderResponses
2022-07-12 21:04:42,547 [046fb0e2-bb03-40db-8ebc-6f41cc3991b2@group-8244C7F57B47-StateMachineUpdater] INFO  ratis.ContainerStateMachine (ContainerStateMachine.java:takeSnapshot(304)) - group-8244C7F57B47: Taking a snapshot at:(t:1, i:0) file /home/runner/work/ozone/ozone/hadoop-ozone/integration-test/target/test-dir/MiniOzoneClusterImpl-602e3c1e-9006-4844-b6f6-7d75904803ac/datanode-4/data/ratis/5661279e-d990-4f9f-bf18-8244c7f57b47/sm/snapshot.1_0
2022-07-12 21:04:42,547 [Listener at 127.0.0.1/43377] INFO  impl.StateMachineUpdater (StateMachineUpdater.java:stopAndJoin(153)) - 046fb0e2-bb03-40db-8ebc-6f41cc3991b2@group-8244C7F57B47-StateMachineUpdater: set stopIndex = 0
2022-07-12 21:04:42,548 [046fb0e2-bb03-40db-8ebc-6f41cc3991b2@group-8244C7F57B47-StateMachineUpdater] INFO  ratis.ContainerStateMachine (ContainerStateMachine.java:takeSnapshot(315)) - group-8244C7F57B47: Finished taking a snapshot at:(t:1, i:0) file:/home/runner/work/ozone/ozone/hadoop-ozone/integration-test/target/test-dir/MiniOzoneClusterImpl-602e3c1e-9006-4844-b6f6-7d75904803ac/datanode-4/data/ratis/5661279e-d990-4f9f-bf18-8244c7f57b47/sm/snapshot.1_0 took: 2 ms
2022-07-12 21:04:42,548 [046fb0e2-bb03-40db-8ebc-6f41cc3991b2@group-8244C7F57B47-StateMachineUpdater] INFO  impl.StateMachineUpdater (StateMachineUpdater.java:takeSnapshot(287)) - 046fb0e2-bb03-40db-8ebc-6f41cc3991b2@group-8244C7F57B47-StateMachineUpdater: Took a snapshot at index 0
2022-07-12 21:04:42,548 [046fb0e2-bb03-40db-8ebc-6f41cc3991b2@group-8244C7F57B47-StateMachineUpdater] INFO  impl.StateMachineUpdater (StateMachineUpdater.java:lambda$new$0(92)) - 046fb0e2-bb03-40db-8ebc-6f41cc3991b2@group-8244C7F57B47-StateMachineUpdater: snapshotIndex: updateIncreasingly -1 -> 0
2022-07-12 21:04:42,549 [Listener at 127.0.0.1/43377] INFO  server.RaftServer$Division (ServerState.java:close(429)) - 046fb0e2-bb03-40db-8ebc-6f41cc3991b2@group-8244C7F57B47: closes. applyIndex: 0
2022-07-12 21:04:42,549 [046fb0e2-bb03-40db-8ebc-6f41cc3991b2@group-8244C7F57B47-SegmentedRaftLogWorker] INFO  segmented.SegmentedRaftLogWorker (SegmentedRaftLogWorker.java:run(336)) - 046fb0e2-bb03-40db-8ebc-6f41cc3991b2@group-8244C7F57B47-SegmentedRaftLogWorker was interrupted, exiting. There are 0 tasks remaining in the queue.
2022-07-12 21:04:42,550 [Listener at 127.0.0.1/43377] INFO  segmented.SegmentedRaftLogWorker (SegmentedRaftLogWorker.java:close(246)) - 046fb0e2-bb03-40db-8ebc-6f41cc3991b2@group-8244C7F57B47-SegmentedRaftLogWorker close()
2022-07-12 21:04:42,552 [Listener at 127.0.0.1/43377] INFO  server.GrpcService (GrpcService.java:closeImpl(269)) - 046fb0e2-bb03-40db-8ebc-6f41cc3991b2: shutdown server with port 36213 now
2022-07-12 21:04:42,552 [Listener at 127.0.0.1/43377] INFO  server.GrpcService (GrpcService.java:closeImpl(278)) - 046fb0e2-bb03-40db-8ebc-6f41cc3991b2: shutdown server with port 36213 successfully
2022-07-12 21:04:42,553 [org.apache.ratis.util.JvmPauseMonitor$$Lambda$613/1050667922@47722cd6] INFO  util.JvmPauseMonitor (JvmPauseMonitor.java:run(109)) - JvmPauseMonitor-046fb0e2-bb03-40db-8ebc-6f41cc3991b2: Stopped
2022-07-12 21:04:42,561 [ForkJoinPool.commonPool-worker-0] INFO  ozoneimpl.OzoneContainer (OzoneContainer.java:stop(365)) - Attempting to stop container services.
2022-07-12 21:04:42,562 [ForkJoinPool.commonPool-worker-0] INFO  server.RaftServer (RaftServerProxy.java:lambda$close$7(398)) - b22e6e25-1e95-4e3d-b66d-658eeab2c33a: close
2022-07-12 21:04:42,562 [ForkJoinPool.commonPool-worker-0] INFO  server.RaftServer$Division (RaftServerImpl.java:lambda$close$4(434)) - b22e6e25-1e95-4e3d-b66d-658eeab2c33a@group-E55D4CC6ECC4: shutdown
2022-07-12 21:04:42,562 [ForkJoinPool.commonPool-worker-0] INFO  util.JmxRegister (JmxRegister.java:unregister(73)) - Successfully un-registered JMX Bean with object name Ratis:service=RaftServer,group=group-E55D4CC6ECC4,id=b22e6e25-1e95-4e3d-b66d-658eeab2c33a
2022-07-12 21:04:42,562 [ForkJoinPool.commonPool-worker-0] INFO  impl.RoleInfo (RoleInfo.java:shutdownLeaderState(93)) - b22e6e25-1e95-4e3d-b66d-658eeab2c33a: shutdown b22e6e25-1e95-4e3d-b66d-658eeab2c33a@group-E55D4CC6ECC4-LeaderStateImpl
2022-07-12 21:04:42,562 [ForkJoinPool.commonPool-worker-0] INFO  impl.PendingRequests (PendingRequests.java:sendNotLeaderResponses(282)) - b22e6e25-1e95-4e3d-b66d-658eeab2c33a@group-E55D4CC6ECC4-PendingRequests: sendNotLeaderResponses
2022-07-12 21:04:42,563 [ForkJoinPool.commonPool-worker-0] INFO  impl.StateMachineUpdater (StateMachineUpdater.java:stopAndJoin(153)) - b22e6e25-1e95-4e3d-b66d-658eeab2c33a@group-E55D4CC6ECC4-StateMachineUpdater: set stopIndex = 0
2022-07-12 21:04:42,563 [b22e6e25-1e95-4e3d-b66d-658eeab2c33a@group-E55D4CC6ECC4-StateMachineUpdater] INFO  ratis.ContainerStateMachine (ContainerStateMachine.java:takeSnapshot(304)) - group-E55D4CC6ECC4: Taking a snapshot at:(t:1, i:0) file /home/runner/work/ozone/ozone/hadoop-ozone/integration-test/target/test-dir/MiniOzoneClusterImpl-602e3c1e-9006-4844-b6f6-7d75904803ac/datanode-0/data/ratis/8617bef0-f231-4038-8dc1-e55d4cc6ecc4/sm/snapshot.1_0
2022-07-12 21:04:42,564 [b22e6e25-1e95-4e3d-b66d-658eeab2c33a@group-E55D4CC6ECC4-StateMachineUpdater] INFO  ratis.ContainerStateMachine (ContainerStateMachine.java:takeSnapshot(315)) - group-E55D4CC6ECC4: Finished taking a snapshot at:(t:1, i:0) file:/home/runner/work/ozone/ozone/hadoop-ozone/integration-test/target/test-dir/MiniOzoneClusterImpl-602e3c1e-9006-4844-b6f6-7d75904803ac/datanode-0/data/ratis/8617bef0-f231-4038-8dc1-e55d4cc6ecc4/sm/snapshot.1_0 took: 1 ms
2022-07-12 21:04:42,564 [b22e6e25-1e95-4e3d-b66d-658eeab2c33a@group-E55D4CC6ECC4-StateMachineUpdater] INFO  impl.StateMachineUpdater (StateMachineUpdater.java:takeSnapshot(287)) - b22e6e25-1e95-4e3d-b66d-658eeab2c33a@group-E55D4CC6ECC4-StateMachineUpdater: Took a snapshot at index 0
2022-07-12 21:04:42,564 [b22e6e25-1e95-4e3d-b66d-658eeab2c33a@group-E55D4CC6ECC4-StateMachineUpdater] INFO  impl.StateMachineUpdater (StateMachineUpdater.java:lambda$new$0(92)) - b22e6e25-1e95-4e3d-b66d-658eeab2c33a@group-E55D4CC6ECC4-StateMachineUpdater: snapshotIndex: updateIncreasingly -1 -> 0
2022-07-12 21:04:42,567 [ForkJoinPool.commonPool-worker-0] INFO  server.RaftServer$Division (ServerState.java:close(429)) - b22e6e25-1e95-4e3d-b66d-658eeab2c33a@group-E55D4CC6ECC4: closes. applyIndex: 0
2022-07-12 21:04:42,568 [b22e6e25-1e95-4e3d-b66d-658eeab2c33a@group-E55D4CC6ECC4-SegmentedRaftLogWorker] INFO  segmented.SegmentedRaftLogWorker (SegmentedRaftLogWorker.java:run(336)) - b22e6e25-1e95-4e3d-b66d-658eeab2c33a@group-E55D4CC6ECC4-SegmentedRaftLogWorker was interrupted, exiting. There are 0 tasks remaining in the queue.
2022-07-12 21:04:42,568 [ForkJoinPool.commonPool-worker-0] INFO  segmented.SegmentedRaftLogWorker (SegmentedRaftLogWorker.java:close(246)) - b22e6e25-1e95-4e3d-b66d-658eeab2c33a@group-E55D4CC6ECC4-SegmentedRaftLogWorker close()
2022-07-12 21:04:42,569 [ForkJoinPool.commonPool-worker-0] INFO  server.RaftServer$Division (RaftServerImpl.java:lambda$close$4(434)) - b22e6e25-1e95-4e3d-b66d-658eeab2c33a@group-A388CC0A60BB: shutdown
2022-07-12 21:04:42,569 [ForkJoinPool.commonPool-worker-0] INFO  util.JmxRegister (JmxRegister.java:unregister(73)) - Successfully un-registered JMX Bean with object name Ratis:service=RaftServer,group=group-A388CC0A60BB,id=b22e6e25-1e95-4e3d-b66d-658eeab2c33a
2022-07-12 21:04:42,570 [ForkJoinPool.commonPool-worker-0] INFO  impl.RoleInfo (RoleInfo.java:shutdownFollowerState(110)) - b22e6e25-1e95-4e3d-b66d-658eeab2c33a: shutdown b22e6e25-1e95-4e3d-b66d-658eeab2c33a@group-A388CC0A60BB-FollowerState
2022-07-12 21:04:42,570 [b22e6e25-1e95-4e3d-b66d-658eeab2c33a@group-A388CC0A60BB-FollowerState] INFO  impl.FollowerState (FollowerState.java:run(152)) - b22e6e25-1e95-4e3d-b66d-658eeab2c33a@group-A388CC0A60BB-FollowerState was interrupted
2022-07-12 21:04:42,571 [ForkJoinPool.commonPool-worker-0] INFO  impl.StateMachineUpdater (StateMachineUpdater.java:stopAndJoin(153)) - b22e6e25-1e95-4e3d-b66d-658eeab2c33a@group-A388CC0A60BB-StateMachineUpdater: set stopIndex = 24
2022-07-12 21:04:42,576 [b22e6e25-1e95-4e3d-b66d-658eeab2c33a@group-A388CC0A60BB-StateMachineUpdater] INFO  ratis.ContainerStateMachine (ContainerStateMachine.java:takeSnapshot(304)) - group-A388CC0A60BB: Taking a snapshot at:(t:1, i:24) file /home/runner/work/ozone/ozone/hadoop-ozone/integration-test/target/test-dir/MiniOzoneClusterImpl-602e3c1e-9006-4844-b6f6-7d75904803ac/datanode-0/data/ratis/f2734cb1-6025-430b-a5e4-a388cc0a60bb/sm/snapshot.1_24
2022-07-12 21:04:42,581 [b22e6e25-1e95-4e3d-b66d-658eeab2c33a@group-A388CC0A60BB-StateMachineUpdater] INFO  ratis.ContainerStateMachine (ContainerStateMachine.java:takeSnapshot(315)) - group-A388CC0A60BB: Finished taking a snapshot at:(t:1, i:24) file:/home/runner/work/ozone/ozone/hadoop-ozone/integration-test/target/test-dir/MiniOzoneClusterImpl-602e3c1e-9006-4844-b6f6-7d75904803ac/datanode-0/data/ratis/f2734cb1-6025-430b-a5e4-a388cc0a60bb/sm/snapshot.1_24 took: 5 ms
2022-07-12 21:04:42,581 [b22e6e25-1e95-4e3d-b66d-658eeab2c33a@group-A388CC0A60BB-StateMachineUpdater] INFO  impl.StateMachineUpdater (StateMachineUpdater.java:takeSnapshot(287)) - b22e6e25-1e95-4e3d-b66d-658eeab2c33a@group-A388CC0A60BB-StateMachineUpdater: Took a snapshot at index 24
2022-07-12 21:04:42,581 [b22e6e25-1e95-4e3d-b66d-658eeab2c33a@group-A388CC0A60BB-StateMachineUpdater] INFO  impl.StateMachineUpdater (StateMachineUpdater.java:lambda$new$0(92)) - b22e6e25-1e95-4e3d-b66d-658eeab2c33a@group-A388CC0A60BB-StateMachineUpdater: snapshotIndex: updateIncreasingly -1 -> 24
2022-07-12 21:04:42,582 [ForkJoinPool.commonPool-worker-0] INFO  server.RaftServer$Division (ServerState.java:close(429)) - b22e6e25-1e95-4e3d-b66d-658eeab2c33a@group-A388CC0A60BB: closes. applyIndex: 24
2022-07-12 21:04:42,583 [b22e6e25-1e95-4e3d-b66d-658eeab2c33a@group-A388CC0A60BB-SegmentedRaftLogWorker] INFO  segmented.SegmentedRaftLogWorker (SegmentedRaftLogWorker.java:run(336)) - b22e6e25-1e95-4e3d-b66d-658eeab2c33a@group-A388CC0A60BB-SegmentedRaftLogWorker was interrupted, exiting. There are 0 tasks remaining in the queue.
2022-07-12 21:04:42,583 [ForkJoinPool.commonPool-worker-0] INFO  segmented.SegmentedRaftLogWorker (SegmentedRaftLogWorker.java:close(246)) - b22e6e25-1e95-4e3d-b66d-658eeab2c33a@group-A388CC0A60BB-SegmentedRaftLogWorker close()
2022-07-12 21:04:42,585 [ForkJoinPool.commonPool-worker-0] INFO  server.RaftServer$Division (RaftServerImpl.java:lambda$close$4(434)) - b22e6e25-1e95-4e3d-b66d-658eeab2c33a@group-BAC479CA027A: shutdown
2022-07-12 21:04:42,585 [ForkJoinPool.commonPool-worker-0] INFO  util.JmxRegister (JmxRegister.java:unregister(73)) - Successfully un-registered JMX Bean with object name Ratis:service=RaftServer,group=group-BAC479CA027A,id=b22e6e25-1e95-4e3d-b66d-658eeab2c33a
2022-07-12 21:04:42,585 [ForkJoinPool.commonPool-worker-0] INFO  impl.RoleInfo (RoleInfo.java:shutdownFollowerState(110)) - b22e6e25-1e95-4e3d-b66d-658eeab2c33a: shutdown b22e6e25-1e95-4e3d-b66d-658eeab2c33a@group-BAC479CA027A-FollowerState
2022-07-12 21:04:42,586 [b22e6e25-1e95-4e3d-b66d-658eeab2c33a@group-BAC479CA027A-FollowerState] INFO  impl.FollowerState (FollowerState.java:run(152)) - b22e6e25-1e95-4e3d-b66d-658eeab2c33a@group-BAC479CA027A-FollowerState was interrupted
2022-07-12 21:04:42,586 [b22e6e25-1e95-4e3d-b66d-658eeab2c33a@group-BAC479CA027A-StateMachineUpdater] INFO  ratis.ContainerStateMachine (ContainerStateMachine.java:takeSnapshot(304)) - group-BAC479CA027A: Taking a snapshot at:(t:2, i:7) file /home/runner/work/ozone/ozone/hadoop-ozone/integration-test/target/test-dir/MiniOzoneClusterImpl-602e3c1e-9006-4844-b6f6-7d75904803ac/datanode-0/data/ratis/2b415d15-d4fd-4c8d-b5b8-bac479ca027a/sm/snapshot.2_7
2022-07-12 21:04:42,586 [ForkJoinPool.commonPool-worker-0] INFO  impl.StateMachineUpdater (StateMachineUpdater.java:stopAndJoin(153)) - b22e6e25-1e95-4e3d-b66d-658eeab2c33a@group-BAC479CA027A-StateMachineUpdater: set stopIndex = 7
2022-07-12 21:04:42,587 [b22e6e25-1e95-4e3d-b66d-658eeab2c33a@group-BAC479CA027A-StateMachineUpdater] INFO  ratis.ContainerStateMachine (ContainerStateMachine.java:takeSnapshot(315)) - group-BAC479CA027A: Finished taking a snapshot at:(t:2, i:7) file:/home/runner/work/ozone/ozone/hadoop-ozone/integration-test/target/test-dir/MiniOzoneClusterImpl-602e3c1e-9006-4844-b6f6-7d75904803ac/datanode-0/data/ratis/2b415d15-d4fd-4c8d-b5b8-bac479ca027a/sm/snapshot.2_7 took: 2 ms
2022-07-12 21:04:42,587 [b22e6e25-1e95-4e3d-b66d-658eeab2c33a@group-BAC479CA027A-StateMachineUpdater] INFO  impl.StateMachineUpdater (StateMachineUpdater.java:takeSnapshot(287)) - b22e6e25-1e95-4e3d-b66d-658eeab2c33a@group-BAC479CA027A-StateMachineUpdater: Took a snapshot at index 7
2022-07-12 21:04:42,588 [b22e6e25-1e95-4e3d-b66d-658eeab2c33a@group-BAC479CA027A-StateMachineUpdater] INFO  impl.StateMachineUpdater (StateMachineUpdater.java:lambda$new$0(92)) - b22e6e25-1e95-4e3d-b66d-658eeab2c33a@group-BAC479CA027A-StateMachineUpdater: snapshotIndex: updateIncreasingly -1 -> 7
2022-07-12 21:04:42,588 [ForkJoinPool.commonPool-worker-0] INFO  server.RaftServer$Division (ServerState.java:close(429)) - b22e6e25-1e95-4e3d-b66d-658eeab2c33a@group-BAC479CA027A: closes. applyIndex: 7
2022-07-12 21:04:42,588 [b22e6e25-1e95-4e3d-b66d-658eeab2c33a@group-BAC479CA027A-SegmentedRaftLogWorker] INFO  segmented.SegmentedRaftLogWorker (SegmentedRaftLogWorker.java:run(336)) - b22e6e25-1e95-4e3d-b66d-658eeab2c33a@group-BAC479CA027A-SegmentedRaftLogWorker was interrupted, exiting. There are 0 tasks remaining in the queue.
2022-07-12 21:04:42,589 [ForkJoinPool.commonPool-worker-0] INFO  segmented.SegmentedRaftLogWorker (SegmentedRaftLogWorker.java:close(246)) - b22e6e25-1e95-4e3d-b66d-658eeab2c33a@group-BAC479CA027A-SegmentedRaftLogWorker close()
2022-07-12 21:04:42,589 [ForkJoinPool.commonPool-worker-0] INFO  server.GrpcService (GrpcService.java:closeImpl(269)) - b22e6e25-1e95-4e3d-b66d-658eeab2c33a: shutdown server with port 45285 now
2022-07-12 21:04:42,597 [ForkJoinPool.commonPool-worker-0] INFO  server.GrpcService (GrpcService.java:closeImpl(278)) - b22e6e25-1e95-4e3d-b66d-658eeab2c33a: shutdown server with port 45285 successfully
2022-07-12 21:04:42,597 [org.apache.ratis.util.JvmPauseMonitor$$Lambda$613/1050667922@7467e588] INFO  util.JvmPauseMonitor (JvmPauseMonitor.java:run(109)) - JvmPauseMonitor-b22e6e25-1e95-4e3d-b66d-658eeab2c33a: Stopped
2022-07-12 21:04:44,572 [Listener at 127.0.0.1/43377] INFO  utils.BackgroundService (BackgroundService.java:shutdown(132)) - Shutting down service BlockDeletingService
2022-07-12 21:04:44,621 [ForkJoinPool.commonPool-worker-0] INFO  utils.BackgroundService (BackgroundService.java:shutdown(132)) - Shutting down service BlockDeletingService
2022-07-12 21:04:47,577 [Listener at 127.0.0.1/43377] INFO  statemachine.DatanodeStateMachine (DatanodeStateMachine.java:stopDaemon(580)) - Ozone container server stopped.
2022-07-12 21:04:47,607 [Listener at 127.0.0.1/43377] INFO  handler.ContextHandler (ContextHandler.java:doStop(1153)) - Stopped o.e.j.w.WebAppContext@16f9d20c{hddsDatanode,/,null,STOPPED}{jar:file:/home/runner/.m2/repository/org/apache/ozone/hdds-container-service/1.3.0-SNAPSHOT/hdds-container-service-1.3.0-SNAPSHOT.jar!/webapps/hddsDatanode}
2022-07-12 21:04:47,616 [Listener at 127.0.0.1/43377] INFO  server.AbstractConnector (AbstractConnector.java:doStop(381)) - Stopped ServerConnector@14e8f78f{HTTP/1.1, (http/1.1)}{0.0.0.0:0}
2022-07-12 21:04:47,616 [Listener at 127.0.0.1/43377] INFO  server.session (HouseKeeper.java:stopScavenging(149)) - node0 Stopped scavenging
2022-07-12 21:04:47,616 [Listener at 127.0.0.1/43377] INFO  handler.ContextHandler (ContextHandler.java:doStop(1153)) - Stopped o.e.j.s.ServletContextHandler@22c15ebc{static,/static,jar:file:/home/runner/.m2/repository/org/apache/ozone/hdds-container-service/1.3.0-SNAPSHOT/hdds-container-service-1.3.0-SNAPSHOT.jar!/webapps/static,STOPPED}
2022-07-12 21:04:47,616 [Listener at 127.0.0.1/43377] INFO  handler.ContextHandler (ContextHandler.java:doStop(1153)) - Stopped o.e.j.s.ServletContextHandler@3a49c558{logs,/logs,file:///home/runner/work/ozone/ozone/hadoop-ozone/integration-test/target/log,STOPPED}
2022-07-12 21:04:47,625 [ForkJoinPool.commonPool-worker-0] INFO  statemachine.DatanodeStateMachine (DatanodeStateMachine.java:stopDaemon(580)) - Ozone container server stopped.
2022-07-12 21:04:47,661 [ForkJoinPool.commonPool-worker-0] INFO  handler.ContextHandler (ContextHandler.java:doStop(1153)) - Stopped o.e.j.w.WebAppContext@1dcb10b3{hddsDatanode,/,null,STOPPED}{jar:file:/home/runner/.m2/repository/org/apache/ozone/hdds-container-service/1.3.0-SNAPSHOT/hdds-container-service-1.3.0-SNAPSHOT.jar!/webapps/hddsDatanode}
2022-07-12 21:04:47,664 [ForkJoinPool.commonPool-worker-0] INFO  server.AbstractConnector (AbstractConnector.java:doStop(381)) - Stopped ServerConnector@7f0632ac{HTTP/1.1, (http/1.1)}{0.0.0.0:0}
2022-07-12 21:04:47,664 [ForkJoinPool.commonPool-worker-0] INFO  server.session (HouseKeeper.java:stopScavenging(149)) - node0 Stopped scavenging
2022-07-12 21:04:47,675 [ForkJoinPool.commonPool-worker-0] INFO  handler.ContextHandler (ContextHandler.java:doStop(1153)) - Stopped o.e.j.s.ServletContextHandler@4cb518d{static,/static,jar:file:/home/runner/.m2/repository/org/apache/ozone/hdds-container-service/1.3.0-SNAPSHOT/hdds-container-service-1.3.0-SNAPSHOT.jar!/webapps/static,STOPPED}
2022-07-12 21:04:47,688 [ForkJoinPool.commonPool-worker-0] INFO  handler.ContextHandler (ContextHandler.java:doStop(1153)) - Stopped o.e.j.s.ServletContextHandler@67b0c9e9{logs,/logs,file:///home/runner/work/ozone/ozone/hadoop-ozone/integration-test/target/log,STOPPED}
2022-07-12 21:04:52,625 [Listener at 127.0.0.1/43377] INFO  ozoneimpl.OzoneContainer (OzoneContainer.java:stop(365)) - Attempting to stop container services.
2022-07-12 21:04:52,626 [Listener at 127.0.0.1/43377] INFO  server.RaftServer (RaftServerProxy.java:lambda$close$7(398)) - b9db4bf7-af66-49a0-9c75-3548e23876bf: close
2022-07-12 21:04:52,627 [Listener at 127.0.0.1/43377] INFO  server.RaftServer$Division (RaftServerImpl.java:lambda$close$4(434)) - b9db4bf7-af66-49a0-9c75-3548e23876bf@group-D121E209FD50: shutdown
2022-07-12 21:04:52,627 [Listener at 127.0.0.1/43377] INFO  util.JmxRegister (JmxRegister.java:unregister(73)) - Successfully un-registered JMX Bean with object name Ratis:service=RaftServer,group=group-D121E209FD50,id=b9db4bf7-af66-49a0-9c75-3548e23876bf
2022-07-12 21:04:52,627 [Listener at 127.0.0.1/43377] INFO  impl.RoleInfo (RoleInfo.java:shutdownLeaderState(93)) - b9db4bf7-af66-49a0-9c75-3548e23876bf: shutdown b9db4bf7-af66-49a0-9c75-3548e23876bf@group-D121E209FD50-LeaderStateImpl
2022-07-12 21:04:52,627 [Listener at 127.0.0.1/43377] INFO  impl.PendingRequests (PendingRequests.java:sendNotLeaderResponses(282)) - b9db4bf7-af66-49a0-9c75-3548e23876bf@group-D121E209FD50-PendingRequests: sendNotLeaderResponses
2022-07-12 21:04:52,629 [b9db4bf7-af66-49a0-9c75-3548e23876bf@group-D121E209FD50-StateMachineUpdater] INFO  ratis.ContainerStateMachine (ContainerStateMachine.java:takeSnapshot(304)) - group-D121E209FD50: Taking a snapshot at:(t:1, i:0) file /home/runner/work/ozone/ozone/hadoop-ozone/integration-test/target/test-dir/MiniOzoneClusterImpl-602e3c1e-9006-4844-b6f6-7d75904803ac/datanode-3/data/ratis/16ebc10a-ecb3-42f2-869c-d121e209fd50/sm/snapshot.1_0
2022-07-12 21:04:52,629 [Listener at 127.0.0.1/43377] INFO  impl.StateMachineUpdater (StateMachineUpdater.java:stopAndJoin(153)) - b9db4bf7-af66-49a0-9c75-3548e23876bf@group-D121E209FD50-StateMachineUpdater: set stopIndex = 0
2022-07-12 21:04:52,634 [b9db4bf7-af66-49a0-9c75-3548e23876bf@group-D121E209FD50-StateMachineUpdater] INFO  ratis.ContainerStateMachine (ContainerStateMachine.java:takeSnapshot(315)) - group-D121E209FD50: Finished taking a snapshot at:(t:1, i:0) file:/home/runner/work/ozone/ozone/hadoop-ozone/integration-test/target/test-dir/MiniOzoneClusterImpl-602e3c1e-9006-4844-b6f6-7d75904803ac/datanode-3/data/ratis/16ebc10a-ecb3-42f2-869c-d121e209fd50/sm/snapshot.1_0 took: 6 ms
2022-07-12 21:04:52,635 [b9db4bf7-af66-49a0-9c75-3548e23876bf@group-D121E209FD50-StateMachineUpdater] INFO  impl.StateMachineUpdater (StateMachineUpdater.java:takeSnapshot(287)) - b9db4bf7-af66-49a0-9c75-3548e23876bf@group-D121E209FD50-StateMachineUpdater: Took a snapshot at index 0
2022-07-12 21:04:52,635 [b9db4bf7-af66-49a0-9c75-3548e23876bf@group-D121E209FD50-StateMachineUpdater] INFO  impl.StateMachineUpdater (StateMachineUpdater.java:lambda$new$0(92)) - b9db4bf7-af66-49a0-9c75-3548e23876bf@group-D121E209FD50-StateMachineUpdater: snapshotIndex: updateIncreasingly -1 -> 0
2022-07-12 21:04:52,635 [Listener at 127.0.0.1/43377] INFO  server.RaftServer$Division (ServerState.java:close(429)) - b9db4bf7-af66-49a0-9c75-3548e23876bf@group-D121E209FD50: closes. applyIndex: 0
2022-07-12 21:04:52,635 [b9db4bf7-af66-49a0-9c75-3548e23876bf@group-D121E209FD50-SegmentedRaftLogWorker] INFO  segmented.SegmentedRaftLogWorker (SegmentedRaftLogWorker.java:run(336)) - b9db4bf7-af66-49a0-9c75-3548e23876bf@group-D121E209FD50-SegmentedRaftLogWorker was interrupted, exiting. There are 0 tasks remaining in the queue.
2022-07-12 21:04:52,635 [Listener at 127.0.0.1/43377] INFO  segmented.SegmentedRaftLogWorker (SegmentedRaftLogWorker.java:close(246)) - b9db4bf7-af66-49a0-9c75-3548e23876bf@group-D121E209FD50-SegmentedRaftLogWorker close()
2022-07-12 21:04:52,636 [Listener at 127.0.0.1/43377] INFO  server.GrpcService (GrpcService.java:closeImpl(269)) - b9db4bf7-af66-49a0-9c75-3548e23876bf: shutdown server with port 39019 now
2022-07-12 21:04:52,642 [Listener at 127.0.0.1/43377] INFO  server.GrpcService (GrpcService.java:closeImpl(278)) - b9db4bf7-af66-49a0-9c75-3548e23876bf: shutdown server with port 39019 successfully
2022-07-12 21:04:52,642 [org.apache.ratis.util.JvmPauseMonitor$$Lambda$613/1050667922@445b5cec] INFO  util.JvmPauseMonitor (JvmPauseMonitor.java:run(109)) - JvmPauseMonitor-b9db4bf7-af66-49a0-9c75-3548e23876bf: Stopped
2022-07-12 21:04:54,680 [Listener at 127.0.0.1/43377] INFO  utils.BackgroundService (BackgroundService.java:shutdown(132)) - Shutting down service BlockDeletingService
2022-07-12 21:04:57,684 [Listener at 127.0.0.1/43377] INFO  statemachine.DatanodeStateMachine (DatanodeStateMachine.java:stopDaemon(580)) - Ozone container server stopped.
2022-07-12 21:04:57,701 [Listener at 127.0.0.1/43377] INFO  handler.ContextHandler (ContextHandler.java:doStop(1153)) - Stopped o.e.j.w.WebAppContext@2ba29fef{hddsDatanode,/,null,STOPPED}{jar:file:/home/runner/.m2/repository/org/apache/ozone/hdds-container-service/1.3.0-SNAPSHOT/hdds-container-service-1.3.0-SNAPSHOT.jar!/webapps/hddsDatanode}
2022-07-12 21:04:57,712 [Listener at 127.0.0.1/43377] INFO  server.AbstractConnector (AbstractConnector.java:doStop(381)) - Stopped ServerConnector@4b5b2400{HTTP/1.1, (http/1.1)}{0.0.0.0:0}
2022-07-12 21:04:57,713 [Listener at 127.0.0.1/43377] INFO  server.session (HouseKeeper.java:stopScavenging(149)) - node0 Stopped scavenging
2022-07-12 21:04:57,713 [Listener at 127.0.0.1/43377] INFO  handler.ContextHandler (ContextHandler.java:doStop(1153)) - Stopped o.e.j.s.ServletContextHandler@4f5a0b3d{static,/static,jar:file:/home/runner/.m2/repository/org/apache/ozone/hdds-container-service/1.3.0-SNAPSHOT/hdds-container-service-1.3.0-SNAPSHOT.jar!/webapps/static,STOPPED}
2022-07-12 21:04:57,713 [Listener at 127.0.0.1/43377] INFO  handler.ContextHandler (ContextHandler.java:doStop(1153)) - Stopped o.e.j.s.ServletContextHandler@32c26e28{logs,/logs,file:///home/runner/work/ozone/ozone/hadoop-ozone/integration-test/target/log,STOPPED}
2022-07-12 21:04:57,720 [Listener at 127.0.0.1/43377] INFO  ozone.MiniOzoneClusterImpl (MiniOzoneClusterImpl.java:stopSCM(549)) - Stopping the StorageContainerManager
2022-07-12 21:04:57,720 [Listener at 127.0.0.1/43377] INFO  server.StorageContainerManager (StorageContainerManager.java:stop(1514)) - Container Balancer is not running.
2022-07-12 21:04:57,720 [Listener at 127.0.0.1/43377] INFO  server.StorageContainerManager (StorageContainerManager.java:stop(1521)) - Stopping Replication Manager Service.
2022-07-12 21:04:57,720 [Listener at 127.0.0.1/43377] INFO  replication.ReplicationManager (ReplicationManager.java:stop(219)) - Stopping Replication Monitor Thread.
2022-07-12 21:04:57,721 [ReplicationMonitor] INFO  replication.ReplicationManager (ReplicationManager.java:run(389)) - Replication Monitor Thread is stopped
2022-07-12 21:04:57,721 [Listener at 127.0.0.1/43377] INFO  server.StorageContainerManager (StorageContainerManager.java:stop(1528)) - Stopping the Datanode Admin Monitor.
2022-07-12 21:04:57,721 [Listener at 127.0.0.1/43377] INFO  server.StorageContainerManager (StorageContainerManager.java:stop(1535)) - Stopping Lease Manager of the command watchers
2022-07-12 21:04:57,721 [Listener at 127.0.0.1/43377] INFO  server.StorageContainerManager (StorageContainerManager.java:stop(1542)) - Stopping datanode service RPC server
2022-07-12 21:04:57,722 [Listener at 127.0.0.1/43377] INFO  server.SCMDatanodeProtocolServer (SCMDatanodeProtocolServer.java:stop(414)) - Stopping the RPC server for DataNodes
2022-07-12 21:04:57,722 [Listener at 127.0.0.1/43377] INFO  ipc.Server (Server.java:stop(3414)) - Stopping server on 36531
2022-07-12 21:04:57,724 [IPC Server listener on 0] INFO  ipc.Server (Server.java:run(1376)) - Stopping IPC Server listener on 0
2022-07-12 21:04:57,724 [IPC Server Responder] INFO  ipc.Server (Server.java:run(1512)) - Stopping IPC Server Responder
2022-07-12 21:04:57,824 [SCM Heartbeat Processing Thread - 0] WARN  node.NodeStateManager (NodeStateManager.java:scheduleNextHealthCheck(870)) - Current Thread is interrupted, shutting down HB processing thread for Node Manager.
2022-07-12 21:04:57,825 [Listener at 127.0.0.1/43377] INFO  server.StorageContainerManager (StorageContainerManager.java:stop(1550)) - Stopping block service RPC server
2022-07-12 21:04:57,825 [Listener at 127.0.0.1/43377] INFO  server.SCMBlockProtocolServer (SCMBlockProtocolServer.java:stop(161)) - Stopping the RPC server for Block Protocol
2022-07-12 21:04:57,825 [Listener at 127.0.0.1/43377] INFO  ipc.Server (Server.java:stop(3414)) - Stopping server on 39995
2022-07-12 21:04:57,826 [Listener at 127.0.0.1/43377] INFO  server.StorageContainerManager (StorageContainerManager.java:stop(1557)) - Stopping the StorageContainerLocationProtocol RPC server
2022-07-12 21:04:57,826 [Listener at 127.0.0.1/43377] INFO  server.SCMClientProtocolServer (SCMClientProtocolServer.java:stop(179)) - Stopping the RPC server for Client Protocol
2022-07-12 21:04:57,827 [Listener at 127.0.0.1/43377] INFO  ipc.Server (Server.java:stop(3414)) - Stopping server on 36041
2022-07-12 21:04:57,827 [IPC Server Responder] INFO  ipc.Server (Server.java:run(1512)) - Stopping IPC Server Responder
2022-07-12 21:04:57,827 [IPC Server listener on 0] INFO  ipc.Server (Server.java:run(1376)) - Stopping IPC Server listener on 0
2022-07-12 21:04:57,828 [Listener at 127.0.0.1/43377] INFO  server.StorageContainerManager (StorageContainerManager.java:stop(1564)) - Stopping Storage Container Manager HTTP server.
2022-07-12 21:04:57,829 [Listener at 127.0.0.1/43377] INFO  handler.ContextHandler (ContextHandler.java:doStop(1153)) - Stopped o.e.j.w.WebAppContext@4afdb05e{scm,/,null,STOPPED}{file:/home/runner/work/ozone/ozone/hadoop-ozone/integration-test/target/test-classes/webapps/scm}
2022-07-12 21:04:57,829 [IPC Server Responder] INFO  ipc.Server (Server.java:run(1512)) - Stopping IPC Server Responder
2022-07-12 21:04:57,830 [Listener at 127.0.0.1/43377] INFO  server.AbstractConnector (AbstractConnector.java:doStop(381)) - Stopped ServerConnector@3e563293{HTTP/1.1, (http/1.1)}{0.0.0.0:0}
2022-07-12 21:04:57,830 [Listener at 127.0.0.1/43377] INFO  server.session (HouseKeeper.java:stopScavenging(149)) - node0 Stopped scavenging
2022-07-12 21:04:57,830 [Listener at 127.0.0.1/43377] INFO  handler.ContextHandler (ContextHandler.java:doStop(1153)) - Stopped o.e.j.s.ServletContextHandler@5b8b9b2d{static,/static,file:///home/runner/work/ozone/ozone/hadoop-ozone/integration-test/target/test-classes/webapps/static,STOPPED}
2022-07-12 21:04:57,830 [Listener at 127.0.0.1/43377] INFO  handler.ContextHandler (ContextHandler.java:doStop(1153)) - Stopped o.e.j.s.ServletContextHandler@28551755{logs,/logs,file:///home/runner/work/ozone/ozone/hadoop-ozone/integration-test/target/log,STOPPED}
2022-07-12 21:04:57,834 [IPC Server listener on 0] INFO  ipc.Server (Server.java:run(1376)) - Stopping IPC Server listener on 0
2022-07-12 21:04:57,834 [Listener at 127.0.0.1/43377] INFO  server.StorageContainerManager (StorageContainerManager.java:stop(1575)) - Stopping Block Manager Service.
2022-07-12 21:04:57,835 [Listener at 127.0.0.1/43377] INFO  utils.BackgroundService (BackgroundService.java:shutdown(132)) - Shutting down service SCMBlockDeletingService
2022-07-12 21:04:57,835 [Listener at 127.0.0.1/43377] INFO  utils.BackgroundService (BackgroundService.java:shutdown(132)) - Shutting down service SCMBlockDeletingService
2022-07-12 21:04:57,835 [Listener at 127.0.0.1/43377] INFO  server.StorageContainerManager (StorageContainerManager.java:stop(1602)) - Stopping SCM Event Queue.
2022-07-12 21:04:57,851 [Listener at 127.0.0.1/43377] INFO  server.StorageContainerManager (StorageContainerManager.java:stop(1613)) - Stopping SCM HA services.
2022-07-12 21:04:57,851 [Listener at 127.0.0.1/43377] INFO  pipeline.BackgroundPipelineCreator (BackgroundPipelineCreator.java:stop(152)) - Stopping RatisPipelineUtilsThread.
2022-07-12 21:04:57,851 [RatisPipelineUtilsThread - 0] WARN  pipeline.BackgroundPipelineCreator (BackgroundPipelineCreator.java:run(179)) - RatisPipelineUtilsThread is interrupted.
2022-07-12 21:04:57,860 [BackgroundPipelineScrubberThread] WARN  BackgroundPipelineScrubber (BackgroundSCMService.java:run(110)) - BackgroundPipelineScrubber is interrupted, exit
2022-07-12 21:04:57,860 [Listener at 127.0.0.1/43377] INFO  BackgroundPipelineScrubber (BackgroundSCMService.java:stop(126)) - Stopping BackgroundPipelineScrubber Service.
2022-07-12 21:04:57,860 [Listener at 127.0.0.1/43377] INFO  server.StorageContainerManager (StorageContainerManager.java:stop(1623)) - Stopping SCM MetadataStore.
2022-07-12 21:04:57,863 [Listener at 127.0.0.1/43377] INFO  impl.MetricsSystemImpl (MetricsSystemImpl.java:stop(210)) - Stopping XceiverClientMetrics metrics system...
2022-07-12 21:04:57,874 [prometheus] INFO  impl.MetricsSinkAdapter (MetricsSinkAdapter.java:publishMetricsFromQueue(141)) - prometheus thread interrupted.
2022-07-12 21:04:57,875 [Listener at 127.0.0.1/43377] INFO  impl.MetricsSystemImpl (MetricsSystemImpl.java:stop(216)) - XceiverClientMetrics metrics system stopped.
2022-07-12 21:04:58,115 [Listener at 127.0.0.1/43377] WARN  server.ServerUtils (ServerUtils.java:getScmDbDir(148)) - ozone.scm.db.dirs is not configured. We recommend adding this setting. Falling back to ozone.metadata.dirs instead.
2022-07-12 21:04:58,128 [Listener at 127.0.0.1/43377] WARN  server.ServerUtils (ServerUtils.java:getScmDbDir(148)) - ozone.scm.db.dirs is not configured. We recommend adding this setting. Falling back to ozone.metadata.dirs instead.
2022-07-12 21:04:58,128 [Listener at 127.0.0.1/43377] INFO  ha.SCMHANodeDetails (SCMHANodeDetails.java:loadSCMHAConfig(209)) - ServiceID for StorageContainerManager is null
2022-07-12 21:04:58,128 [Listener at 127.0.0.1/43377] INFO  ha.SCMHANodeDetails (SCMHANodeDetails.java:loadSCMHAConfig(214)) - ozone.scm.default.service.id is not defined, falling back to ozone.scm.service.ids to find serviceID for StorageContainerManager if it is HA enabled cluster
2022-07-12 21:04:58,129 [Listener at 127.0.0.1/43377] WARN  utils.HAUtils (HAUtils.java:getMetaDir(342)) - ozone.scm.db.dirs is not configured. We recommend adding this setting. Falling back to ozone.metadata.dirs instead.
2022-07-12 21:04:58,133 [Listener at 127.0.0.1/43377] WARN  db.DBStoreBuilder (DBStoreBuilder.java:applyDBDefinition(145)) - ozone.scm.db.dirs is not configured. We recommend adding this setting. Falling back to ozone.metadata.dirs instead.
2022-07-12 21:04:58,404 [Listener at 127.0.0.1/43377] INFO  net.NodeSchemaLoader (NodeSchemaLoader.java:loadSchemaFromFile(129)) - Loading schema from [jar:file:/home/runner/.m2/repository/org/apache/ozone/hdds-common/1.3.0-SNAPSHOT/hdds-common-1.3.0-SNAPSHOT.jar!/network-topology-default.xml]
2022-07-12 21:04:58,404 [Listener at 127.0.0.1/43377] INFO  net.NodeSchemaLoader (NodeSchemaLoader.java:loadSchema(176)) - Loading network topology layer schema file
2022-07-12 21:04:58,414 [Listener at 127.0.0.1/43377] INFO  upgrade.AbstractLayoutVersionManager (AbstractLayoutVersionManager.java:init(82)) - Initializing Layout version manager with metadata layout = DATANODE_SCHEMA_V3 (version = 4), software layout = DATANODE_SCHEMA_V3 (version = 4)
2022-07-12 21:04:58,573 [Listener at 127.0.0.1/43377] INFO  reflections.Reflections (Reflections.java:scan(232)) - Reflections took 157 ms to scan 7 urls, producing 132 keys and 317 values 
2022-07-12 21:04:58,579 [Listener at 127.0.0.1/43377] INFO  ha.SequenceIdGenerator (SequenceIdGenerator.java:upgradeToSequenceId(349)) - upgrade localId to 109611004723200000
2022-07-12 21:04:58,580 [Listener at 127.0.0.1/43377] INFO  ha.SequenceIdGenerator (SequenceIdGenerator.java:upgradeToSequenceId(359)) - upgrade delTxnId to 0
2022-07-12 21:04:58,580 [Listener at 127.0.0.1/43377] INFO  ha.SequenceIdGenerator (SequenceIdGenerator.java:upgradeToSequenceId(376)) - upgrade containerId to 0
2022-07-12 21:04:58,580 [Listener at 127.0.0.1/43377] INFO  ha.SequenceIdGenerator (SequenceIdGenerator.java:<init>(220)) - Init the HA SequenceIdGenerator.
2022-07-12 21:04:58,580 [Listener at 127.0.0.1/43377] WARN  server.ServerUtils (ServerUtils.java:sanitizeUserArgs(73)) - ozone.scm.stale.node.interval value = 300000 is larger than max = 100000 based on the key value of ozone.scm.heartbeat.thread.interval, reset to the max value 100000.
2022-07-12 21:04:58,581 [Listener at 127.0.0.1/43377] WARN  server.ServerUtils (ServerUtils.java:sanitizeUserArgs(73)) - ozone.scm.stale.node.interval value = 300000 is larger than max = 100000 based on the key value of ozone.scm.heartbeat.thread.interval, reset to the max value 100000.
2022-07-12 21:04:58,587 [Listener at 127.0.0.1/43377] INFO  node.SCMNodeManager (SCMNodeManager.java:<init>(149)) - Entering startup safe mode.
2022-07-12 21:04:58,588 [Listener at 127.0.0.1/43377] INFO  algorithms.ContainerPlacementPolicyFactory (ContainerPlacementPolicyFactory.java:getPolicyInternal(86)) - Create container placement policy of type org.apache.hadoop.hdds.scm.container.placement.algorithms.SCMContainerPlacementRandom
2022-07-12 21:04:58,588 [Listener at 127.0.0.1/43377] INFO  pipeline.PipelineStateManagerImpl (PipelineStateManagerImpl.java:initialize(78)) - No pipeline exists in current db
2022-07-12 21:04:58,588 [Listener at 127.0.0.1/43377] INFO  algorithms.LeaderChoosePolicyFactory (LeaderChoosePolicyFactory.java:getPolicy(57)) - Create leader choose policy of type org.apache.hadoop.hdds.scm.pipeline.leader.choose.algorithms.MinLeaderCountChoosePolicy
2022-07-12 21:04:58,589 [Listener at 127.0.0.1/43377] INFO  algorithms.ContainerPlacementPolicyFactory (ContainerPlacementPolicyFactory.java:getPolicyInternal(86)) - Create container placement policy of type org.apache.hadoop.hdds.scm.container.placement.algorithms.SCMContainerPlacementRackScatter
2022-07-12 21:04:58,589 [Listener at 127.0.0.1/43377] INFO  pipeline.BackgroundPipelineCreator (BackgroundPipelineCreator.java:start(127)) - Starting RatisPipelineUtilsThread.
2022-07-12 21:04:58,593 [Listener at 127.0.0.1/43377] INFO  BackgroundPipelineScrubber (BackgroundSCMService.java:start(68)) - Starting BackgroundPipelineScrubber Service.
2022-07-12 21:04:58,593 [Listener at 127.0.0.1/43377] INFO  ha.SCMServiceManager (SCMServiceManager.java:register(42)) - Registering service BackgroundPipelineCreator.
2022-07-12 21:04:58,594 [Listener at 127.0.0.1/43377] INFO  ha.SCMServiceManager (SCMServiceManager.java:register(42)) - Registering service BackgroundPipelineScrubber.
2022-07-12 21:04:58,594 [Listener at 127.0.0.1/43377] INFO  ExpiredContainerReplicaOpScrubber (BackgroundSCMService.java:start(68)) - Starting ExpiredContainerReplicaOpScrubber Service.
2022-07-12 21:04:58,594 [Listener at 127.0.0.1/43377] INFO  ha.SCMServiceManager (SCMServiceManager.java:register(42)) - Registering service ExpiredContainerReplicaOpScrubber.
2022-07-12 21:04:58,595 [Listener at 127.0.0.1/43377] INFO  algorithms.PipelineChoosePolicyFactory (PipelineChoosePolicyFactory.java:createPipelineChoosePolicyFromClass(73)) - Create pipeline choose policy of type org.apache.hadoop.hdds.scm.pipeline.choose.algorithms.RandomPipelineChoosePolicy
2022-07-12 21:04:58,595 [Listener at 127.0.0.1/43377] INFO  ha.SCMServiceManager (SCMServiceManager.java:register(42)) - Registering service SCMBlockDeletingService.
2022-07-12 21:04:58,596 [Listener at 127.0.0.1/43377] INFO  replication.ReplicationManager (ReplicationManager.java:start(186)) - Starting Replication Monitor Thread.
2022-07-12 21:04:58,596 [Listener at 127.0.0.1/43377] INFO  ha.SCMServiceManager (SCMServiceManager.java:register(42)) - Registering service ReplicationManager.
2022-07-12 21:04:58,596 [Listener at 127.0.0.1/43377] INFO  safemode.ContainerSafeModeRule (ContainerSafeModeRule.java:<init>(89)) - containers with one replica threshold count 0
2022-07-12 21:04:58,597 [Listener at 127.0.0.1/43377] INFO  safemode.HealthyPipelineSafeModeRule (HealthyPipelineSafeModeRule.java:initializeRule(156)) - Total pipeline count is 0, healthy pipeline threshold count is 1
2022-07-12 21:04:58,597 [Listener at 127.0.0.1/43377] INFO  safemode.OneReplicaPipelineSafeModeRule (OneReplicaPipelineSafeModeRule.java:initializeRule(180)) - Total pipeline count is 0, pipeline's with at least one datanode reported threshold count is 0
2022-07-12 21:04:58,600 [ReplicationMonitor] INFO  replication.ReplicationManager (ReplicationManager.java:processAll(235)) - Replication Manager is not ready to run until 3000ms after safemode exit
2022-07-12 21:04:58,602 [Listener at 127.0.0.1/43377] INFO  ipc.CallQueueManager (CallQueueManager.java:<init>(90)) - Using callQueue: class java.util.concurrent.LinkedBlockingQueue, queueCapacity: 2000, scheduler: class org.apache.hadoop.ipc.DefaultRpcScheduler, ipcBackoff: false.
2022-07-12 21:04:58,622 [Socket Reader #1 for port 0] INFO  ipc.Server (Server.java:run(1265)) - Starting Socket Reader #1 for port 0
2022-07-12 21:04:58,628 [Listener at 0.0.0.0/46329] INFO  ipc.CallQueueManager (CallQueueManager.java:<init>(90)) - Using callQueue: class java.util.concurrent.LinkedBlockingQueue, queueCapacity: 2000, scheduler: class org.apache.hadoop.ipc.DefaultRpcScheduler, ipcBackoff: false.
2022-07-12 21:04:58,641 [Socket Reader #1 for port 0] INFO  ipc.Server (Server.java:run(1265)) - Starting Socket Reader #1 for port 0
2022-07-12 21:04:58,648 [Listener at 0.0.0.0/44993] INFO  ipc.CallQueueManager (CallQueueManager.java:<init>(90)) - Using callQueue: class java.util.concurrent.LinkedBlockingQueue, queueCapacity: 2000, scheduler: class org.apache.hadoop.ipc.DefaultRpcScheduler, ipcBackoff: false.
2022-07-12 21:04:58,677 [Socket Reader #1 for port 0] INFO  ipc.Server (Server.java:run(1265)) - Starting Socket Reader #1 for port 0
2022-07-12 21:04:58,744 [Listener at 0.0.0.0/44553] INFO  ha.SCMServiceManager (SCMServiceManager.java:register(42)) - Registering service ContainerBalancer.
2022-07-12 21:04:58,745 [Listener at 0.0.0.0/44553] INFO  server.StorageContainerManager (StorageContainerManager.java:<init>(401)) - 
Container Balancer status:
Key                            Value
Running                        false
Container Balancer Configuration values:
Key                                                Value
Threshold                                          10
Max Datanodes to Involve per Iteration(percent)    20
Max Size to Move per Iteration                     500GB
Max Size Entering Target per Iteration             26GB
Max Size Leaving Source per Iteration              26GB

2022-07-12 21:04:58,745 [Listener at 0.0.0.0/44553] WARN  events.EventQueue (EventQueue.java:fireEvent(216)) - No event handler registered for event TypedEvent{payloadType=SafeModeStatus, name='Safe mode status'}
2022-07-12 21:04:58,745 [Listener at 0.0.0.0/44553] INFO  ha.SCMContext (SCMContext.java:updateSafeModeStatus(228)) - Update SafeModeStatus from SafeModeStatus{safeModeStatus=true, preCheckPassed=false} to SafeModeStatus{safeModeStatus=true, preCheckPassed=false}.
2022-07-12 21:04:58,745 [Listener at 0.0.0.0/44553] INFO  server.StorageContainerManager (StorageContainerManager.java:start(1422)) - StorageContainerLocationProtocol RPC server is listening at /0.0.0.0:44553
2022-07-12 21:04:58,756 [Listener at 0.0.0.0/44553] WARN  impl.MetricsConfig (MetricsConfig.java:loadFirst(136)) - Cannot locate configuration: tried hadoop-metrics2-storagecontainermanager.properties,hadoop-metrics2.properties
2022-07-12 21:04:58,762 [Listener at 0.0.0.0/44553] INFO  impl.MetricsSystemImpl (MetricsSystemImpl.java:startTimer(378)) - Scheduled Metric snapshot period at 10 second(s).
2022-07-12 21:04:58,762 [Listener at 0.0.0.0/44553] INFO  impl.MetricsSystemImpl (MetricsSystemImpl.java:start(191)) - StorageContainerManager metrics system started
2022-07-12 21:04:58,845 [Listener at 0.0.0.0/44553] INFO  impl.MetricsSinkAdapter (MetricsSinkAdapter.java:start(204)) - Sink prometheus started
2022-07-12 21:04:58,852 [Listener at 0.0.0.0/44553] INFO  impl.MetricsSystemImpl (MetricsSystemImpl.java:registerSink(305)) - Registered sink prometheus
2022-07-12 21:04:58,903 [Listener at 0.0.0.0/44553] INFO  server.SCMClientProtocolServer (SCMClientProtocolServer.java:start(170)) - RPC server for Client  is listening at /0.0.0.0:44553
2022-07-12 21:04:58,903 [IPC Server Responder] INFO  ipc.Server (Server.java:run(1507)) - IPC Server Responder: starting
2022-07-12 21:04:58,914 [IPC Server listener on 0] INFO  ipc.Server (Server.java:run(1344)) - IPC Server listener on 0: starting
2022-07-12 21:04:59,015 [Listener at 0.0.0.0/44553] INFO  server.StorageContainerManager (StorageContainerManager.java:start(1437)) - ScmBlockLocationProtocol RPC server is listening at /0.0.0.0:44993
2022-07-12 21:04:59,015 [Listener at 0.0.0.0/44553] INFO  server.SCMBlockProtocolServer (SCMBlockProtocolServer.java:start(152)) - RPC server for Block Protocol is listening at /0.0.0.0:44993
2022-07-12 21:04:59,023 [IPC Server Responder] INFO  ipc.Server (Server.java:run(1507)) - IPC Server Responder: starting
2022-07-12 21:04:59,033 [IPC Server listener on 0] INFO  ipc.Server (Server.java:run(1344)) - IPC Server listener on 0: starting
2022-07-12 21:04:59,132 [Listener at 0.0.0.0/44553] INFO  server.SCMDatanodeProtocolServer (SCMDatanodeProtocolServer.java:start(186)) - ScmDatanodeProtocol RPC server for DataNodes is listening at /0.0.0.0:46329
2022-07-12 21:04:59,143 [IPC Server Responder] INFO  ipc.Server (Server.java:run(1507)) - IPC Server Responder: starting
2022-07-12 21:04:59,143 [IPC Server listener on 0] INFO  ipc.Server (Server.java:run(1344)) - IPC Server listener on 0: starting
2022-07-12 21:04:59,215 [Listener at 0.0.0.0/44553] INFO  http.BaseHttpServer (BaseHttpServer.java:newHttpServer2BuilderForOzone(209)) - Starting Web-server for scm at: http://0.0.0.0:0
2022-07-12 21:04:59,215 [Listener at 0.0.0.0/44553] INFO  http.BaseHttpServer (BaseHttpServer.java:<init>(107)) - Hadoop Security Enabled: false Ozone Security Enabled: false Ozone HTTP Security Enabled: false 
2022-07-12 21:04:59,243 [Listener at 0.0.0.0/44553] INFO  server.AuthenticationFilter (AuthenticationFilter.java:constructSecretProvider(240)) - Unable to initialize FileSignerSecretProvider, falling back to use random secrets.
2022-07-12 21:04:59,259 [Listener at 0.0.0.0/44553] WARN  http.HttpRequestLog (HttpRequestLog.java:getRequestLog(103)) - Jetty request log can only be enabled using Log4j
2022-07-12 21:04:59,261 [Listener at 0.0.0.0/44553] INFO  http.HttpServer2 (HttpServer2.java:addGlobalFilter(1029)) - Added global filter 'safety' (class=org.apache.hadoop.hdds.server.http.HttpServer2$QuotingInputFilter)
2022-07-12 21:04:59,262 [Listener at 0.0.0.0/44553] INFO  http.HttpServer2 (HttpServer2.java:addFilter(1005)) - Added filter static_user_filter (class=org.apache.hadoop.http.lib.StaticUserWebFilter$StaticUserFilter) to context scm
2022-07-12 21:04:59,262 [Listener at 0.0.0.0/44553] INFO  http.HttpServer2 (HttpServer2.java:addFilter(1013)) - Added filter static_user_filter (class=org.apache.hadoop.http.lib.StaticUserWebFilter$StaticUserFilter) to context logs
2022-07-12 21:04:59,262 [Listener at 0.0.0.0/44553] INFO  http.HttpServer2 (HttpServer2.java:addFilter(1013)) - Added filter static_user_filter (class=org.apache.hadoop.http.lib.StaticUserWebFilter$StaticUserFilter) to context static
2022-07-12 21:04:59,263 [Listener at 0.0.0.0/44553] INFO  http.HttpServer2 (HttpServer2.java:bindListener(1248)) - Jetty bound to port 34127
2022-07-12 21:04:59,263 [Listener at 0.0.0.0/44553] INFO  server.Server (Server.java:doStart(375)) - jetty-9.4.43.v20210629; built: 2021-06-30T11:07:22.254Z; git: 526006ecfa3af7f1a27ef3a288e2bef7ea9dd7e8; jvm 1.8.0_332-b09
2022-07-12 21:04:59,265 [org.apache.hadoop.util.JvmPauseMonitor$Monitor@60c1370f] INFO  util.JvmPauseMonitor (JvmPauseMonitor.java:run(188)) - Starting JVM pause monitor
2022-07-12 21:04:59,312 [Listener at 0.0.0.0/44553] INFO  server.session (DefaultSessionIdManager.java:doStart(334)) - DefaultSessionIdManager workerName=node0
2022-07-12 21:04:59,312 [Listener at 0.0.0.0/44553] INFO  server.session (DefaultSessionIdManager.java:doStart(339)) - No SessionScavenger set, using defaults
2022-07-12 21:04:59,312 [Listener at 0.0.0.0/44553] INFO  server.session (HouseKeeper.java:startScavenging(132)) - node0 Scavenging every 660000ms
2022-07-12 21:04:59,314 [Listener at 0.0.0.0/44553] INFO  handler.ContextHandler (ContextHandler.java:doStart(915)) - Started o.e.j.s.ServletContextHandler@2ec19b83{logs,/logs,file:///home/runner/work/ozone/ozone/hadoop-ozone/integration-test/target/log,AVAILABLE}
2022-07-12 21:04:59,315 [Listener at 0.0.0.0/44553] INFO  handler.ContextHandler (ContextHandler.java:doStart(915)) - Started o.e.j.s.ServletContextHandler@5949c3a5{static,/static,file:///home/runner/work/ozone/ozone/hadoop-ozone/integration-test/target/test-classes/webapps/static,AVAILABLE}
2022-07-12 21:04:59,318 [Listener at 0.0.0.0/44553] INFO  handler.ContextHandler (ContextHandler.java:doStart(915)) - Started o.e.j.w.WebAppContext@ff4971d{scm,/,file:///home/runner/work/ozone/ozone/hadoop-ozone/integration-test/target/test-classes/webapps/scm/,AVAILABLE}{file:/home/runner/work/ozone/ozone/hadoop-ozone/integration-test/target/test-classes/webapps/scm}
2022-07-12 21:04:59,320 [Listener at 0.0.0.0/44553] INFO  server.AbstractConnector (AbstractConnector.java:doStart(331)) - Started ServerConnector@2e090fb7{HTTP/1.1, (http/1.1)}{0.0.0.0:34127}
2022-07-12 21:04:59,320 [Listener at 0.0.0.0/44553] INFO  server.Server (Server.java:doStart(415)) - Started @79064ms
2022-07-12 21:04:59,320 [Listener at 0.0.0.0/44553] WARN  impl.MetricsSystemImpl (MetricsSystemImpl.java:register(279)) - Sink prometheus already exists!
2022-07-12 21:04:59,336 [Listener at 0.0.0.0/44553] INFO  http.BaseHttpServer (BaseHttpServer.java:updateConnectorAddress(329)) - HTTP server of scm listening at http://0.0.0.0:34127
2022-07-12 21:04:59,336 [Listener at 0.0.0.0/44553] WARN  server.ServerUtils (ServerUtils.java:getDBPath(225)) - ozone.om.db.dirs is not configured. We recommend adding this setting. Falling back to ozone.metadata.dirs instead.
2022-07-12 21:04:59,344 [Listener at 0.0.0.0/44553] INFO  ha.OMHANodeDetails (OMHANodeDetails.java:loadOMHAConfig(115)) - ozone.om.internal.service.id is not defined, falling back to ozone.om.service.ids to find serviceID for OzoneManager if it is HA enabled cluster
2022-07-12 21:04:59,344 [Listener at 0.0.0.0/44553] INFO  ha.OMHANodeDetails (OMHANodeDetails.java:loadOMHAConfig(226)) - Configuration does not have ozone.om.address set. Falling back to the default OM address /127.0.0.1:0
2022-07-12 21:04:59,345 [Listener at 0.0.0.0/44553] INFO  ha.OMHANodeDetails (OMHANodeDetails.java:getOMNodeDetailsForNonHA(254)) - OM Service ID is not set. Setting it to the default ID: omServiceIdDefault
2022-07-12 21:04:59,345 [Listener at 0.0.0.0/44553] INFO  ha.OMHANodeDetails (OMHANodeDetails.java:getOMNodeDetailsForNonHA(261)) - OM Node ID is not set. Setting it to the default ID: om1
2022-07-12 21:04:59,345 [Listener at 0.0.0.0/44553] WARN  server.ServerUtils (ServerUtils.java:getDBPath(225)) - ozone.om.db.dirs is not configured. We recommend adding this setting. Falling back to ozone.metadata.dirs instead.
2022-07-12 21:04:59,345 [Listener at 0.0.0.0/44553] INFO  upgrade.AbstractLayoutVersionManager (AbstractLayoutVersionManager.java:init(82)) - Initializing Layout version manager with metadata layout = MULTITENANCY_SCHEMA (version = 3), software layout = MULTITENANCY_SCHEMA (version = 3)
2022-07-12 21:04:59,620 [Listener at 0.0.0.0/44553] INFO  reflections.Reflections (Reflections.java:scan(232)) - Reflections took 274 ms to scan 2 urls, producing 153 keys and 430 values [using 2 cores]
2022-07-12 21:04:59,621 [Listener at 0.0.0.0/44553] INFO  upgrade.OMLayoutVersionManager (OMLayoutVersionManager.java:lambda$0(115)) - Skipping Upgrade Action MockOmUpgradeAction since it has been finalized.
2022-07-12 21:04:59,621 [Listener at 0.0.0.0/44553] WARN  server.ServerUtils (ServerUtils.java:getDBPath(225)) - ozone.om.db.dirs is not configured. We recommend adding this setting. Falling back to ozone.metadata.dirs instead.
2022-07-12 21:04:59,622 [Listener at 0.0.0.0/44553] INFO  proxy.SCMBlockLocationFailoverProxyProvider (SCMBlockLocationFailoverProxyProvider.java:<init>(114)) - Created block location fail-over proxy with 1 nodes: [nodeId=scmNodeId,nodeAddress=/0.0.0.0:44993]
2022-07-12 21:04:59,623 [Listener at 0.0.0.0/44553] INFO  proxy.SCMBlockLocationFailoverProxyProvider (SCMBlockLocationFailoverProxyProvider.java:<init>(114)) - Created block location fail-over proxy with 1 nodes: [nodeId=scmNodeId,nodeAddress=/0.0.0.0:44993]
2022-07-12 21:04:59,643 [Listener at 0.0.0.0/44553] WARN  server.ServerUtils (ServerUtils.java:getDBPath(225)) - ozone.om.db.dirs is not configured. We recommend adding this setting. Falling back to ozone.metadata.dirs instead.
2022-07-12 21:04:59,645 [Listener at 0.0.0.0/44553] INFO  codec.OmKeyInfoCodec (OmKeyInfoCodec.java:<init>(49)) - OmKeyInfoCodec ignorePipeline = true
2022-07-12 21:04:59,645 [Listener at 0.0.0.0/44553] INFO  codec.RepeatedOmKeyInfoCodec (RepeatedOmKeyInfoCodec.java:<init>(41)) - RepeatedOmKeyInfoCodec ignorePipeline = true
2022-07-12 21:05:00,116 [Listener at 0.0.0.0/44553] INFO  om.OzoneManager (OzoneManager.java:instantiateServices(692)) - S3 Multi-Tenancy is disabled
2022-07-12 21:05:00,116 [Listener at 0.0.0.0/44553] INFO  om.OzoneManager (OzoneManager.java:addS3GVolumeToDB(4259)) - Created Volume s3v With Owner runner required for S3Gateway operations.
2022-07-12 21:05:00,117 [Listener at 0.0.0.0/44553] WARN  server.ServerUtils (ServerUtils.java:getDefaultRatisDirectory(237)) - Storage directory for Ratis is not configured. It is a good idea to map this to an SSD disk. Falling back to ozone.metadata.dirs
2022-07-12 21:05:00,117 [Listener at 0.0.0.0/44553] WARN  utils.OzoneManagerRatisUtils (OzoneManagerRatisUtils.java:getOMRatisSnapshotDirectory(431)) - ozone.om.ratis.snapshot.dir is not configured. Falling back to ozone.metadata.dirs config
2022-07-12 21:05:00,117 [Listener at 0.0.0.0/44553] WARN  server.ServerUtils (ServerUtils.java:getDefaultRatisDirectory(237)) - Storage directory for Ratis is not configured. It is a good idea to map this to an SSD disk. Falling back to ozone.metadata.dirs
2022-07-12 21:05:00,119 [Listener at 0.0.0.0/44553] INFO  ratis.OzoneManagerRatisServer (OzoneManagerRatisServer.java:<init>(159)) - Instantiating OM Ratis server with groupID: omServiceIdDefault and peers: localhost:9872
2022-07-12 21:05:00,120 [Listener at 0.0.0.0/44553] INFO  ratis.OzoneManagerStateMachine (OzoneManagerStateMachine.java:loadSnapshotInfoFromDB(632)) - LastAppliedIndex is set from TransactionInfo from OM DB as (t:0, i:~)
2022-07-12 21:05:00,123 [Listener at 0.0.0.0/44553] INFO  server.RaftServer (ConfUtils.java:logGet(46)) - raft.rpc.type = GRPC (default)
2022-07-12 21:05:00,124 [Listener at 0.0.0.0/44553] INFO  grpc.GrpcFactory (GrpcFactory.java:checkPooledByteBufAllocatorUseCacheForAllThreads(48)) - PERFORMANCE WARNING: useCacheForAllThreads is true that may cause Netty to create a lot garbage objects and, as a result, trigger GC.
	It is recommended to disable useCacheForAllThreads by setting -Dorg.apache.ratis.thirdparty.io.netty.allocator.useCacheForAllThreads=false in command line.
2022-07-12 21:05:00,124 [Listener at 0.0.0.0/44553] INFO  grpc.GrpcConfigKeys (ConfUtils.java:logGet(46)) - raft.grpc.admin.port = -1 (default)
2022-07-12 21:05:00,124 [Listener at 0.0.0.0/44553] INFO  grpc.GrpcConfigKeys (ConfUtils.java:logGet(46)) - raft.grpc.server.port = 9872 (custom)
2022-07-12 21:05:00,124 [Listener at 0.0.0.0/44553] INFO  grpc.GrpcConfigKeys (ConfUtils.java:logGet(46)) - raft.grpc.client.port = -1 (default)
2022-07-12 21:05:00,124 [Listener at 0.0.0.0/44553] INFO  grpc.GrpcConfigKeys (ConfUtils.java:logGet(46)) - raft.grpc.server.port = 9872 (custom)
2022-07-12 21:05:00,124 [Listener at 0.0.0.0/44553] INFO  grpc.GrpcConfigKeys (ConfUtils.java:logGet(46)) - raft.grpc.server.port = 9872 (custom)
2022-07-12 21:05:00,124 [Listener at 0.0.0.0/44553] INFO  server.GrpcService (ConfUtils.java:logGet(46)) - raft.grpc.message.size.max = 33554432 (custom)
2022-07-12 21:05:00,124 [Listener at 0.0.0.0/44553] INFO  server.RaftServerConfigKeys (ConfUtils.java:logGet(46)) - raft.server.log.appender.buffer.byte-limit = 33554432 (custom)
2022-07-12 21:05:00,125 [Listener at 0.0.0.0/44553] INFO  server.GrpcService (ConfUtils.java:logGet(46)) - raft.grpc.flow.control.window = 1MB (=1048576) (default)
2022-07-12 21:05:00,125 [Listener at 0.0.0.0/44553] INFO  server.RaftServerConfigKeys (ConfUtils.java:logGet(46)) - raft.server.rpc.request.timeout = 3000ms (default)
2022-07-12 21:05:00,125 [Listener at 0.0.0.0/44553] INFO  grpc.GrpcConfigKeys (ConfUtils.java:logGet(46)) - raft.grpc.server.async.request.thread.pool.cached = true (default)
2022-07-12 21:05:00,125 [Listener at 0.0.0.0/44553] INFO  grpc.GrpcConfigKeys (ConfUtils.java:logGet(46)) - raft.grpc.server.async.request.thread.pool.size = 32 (default)
2022-07-12 21:05:00,127 [Listener at 0.0.0.0/44553] INFO  impl.DataStreamServerImpl (ConfUtils.java:logGet(46)) - raft.datastream.type = DISABLED (default)
2022-07-12 21:05:00,127 [Listener at 0.0.0.0/44553] INFO  server.RaftServerConfigKeys (ConfUtils.java:logGet(46)) - raft.server.threadpool.proxy.cached = true (default)
2022-07-12 21:05:00,128 [Listener at 0.0.0.0/44553] INFO  server.RaftServerConfigKeys (ConfUtils.java:logGet(46)) - raft.server.threadpool.proxy.size = 0 (default)
2022-07-12 21:05:00,128 [Listener at 0.0.0.0/44553] INFO  server.RaftServerConfigKeys (ConfUtils.java:logGet(46)) - raft.server.rpc.slowness.timeout = 120s (custom)
2022-07-12 21:05:00,128 [Listener at 0.0.0.0/44553] INFO  server.RaftServerConfigKeys (ConfUtils.java:logGet(46)) - raft.server.leaderelection.leader.step-down.wait-time = 10s (default)
2022-07-12 21:05:00,128 [Listener at 0.0.0.0/44553] INFO  server.RaftServerConfigKeys (ConfUtils.java:logGet(46)) - raft.server.storage.dir = [/home/runner/work/ozone/ozone/hadoop-ozone/integration-test/target/test-dir/MiniOzoneClusterImpl-82396f26-4b51-4819-9d3b-5aa507234af8/ozone-meta/ratis] (custom)
2022-07-12 21:05:00,155 [Listener at 0.0.0.0/44553] INFO  server.RaftServer (RaftServerProxy.java:addNew(96)) - om1: addNew group-C5BA1605619E:[om1|rpc:localhost:9872|priority:0] returns group-C5BA1605619E:java.util.concurrent.CompletableFuture@550e427a[Not completed]
2022-07-12 21:05:00,156 [Listener at 0.0.0.0/44553] INFO  om.OzoneManager (OzoneManager.java:initializeRatisServer(1961)) - OzoneManager Ratis server initialized at port 9872
2022-07-12 21:05:00,157 [Listener at 0.0.0.0/44553] INFO  om.OzoneManager (OzoneManager.java:getRpcServer(1081)) - Creating RPC Server
2022-07-12 21:05:00,158 [pool-341-thread-1] INFO  server.RaftServer$Division (RaftServerImpl.java:<init>(190)) - om1: new RaftServerImpl for group-C5BA1605619E:[om1|rpc:localhost:9872|priority:0] with OzoneManagerStateMachine:uninitialized
2022-07-12 21:05:00,158 [pool-341-thread-1] INFO  server.RaftServerConfigKeys (ConfUtils.java:logGet(46)) - raft.server.rpc.timeout.min = 1s (custom)
2022-07-12 21:05:00,159 [pool-341-thread-1] INFO  server.RaftServerConfigKeys (ConfUtils.java:logGet(46)) - raft.server.rpc.timeout.max = 1200ms (custom)
2022-07-12 21:05:00,159 [pool-341-thread-1] INFO  server.RaftServerConfigKeys (ConfUtils.java:logGet(46)) - raft.server.rpc.sleep.time = 25ms (default)
2022-07-12 21:05:00,159 [pool-341-thread-1] INFO  server.RaftServerConfigKeys (ConfUtils.java:logGet(46)) - raft.server.rpc.slowness.timeout = 120s (custom)
2022-07-12 21:05:00,159 [pool-341-thread-1] INFO  server.RaftServerConfigKeys (ConfUtils.java:logGet(46)) - raft.server.leaderelection.leader.step-down.wait-time = 10s (default)
2022-07-12 21:05:00,159 [pool-341-thread-1] INFO  server.RaftServerConfigKeys (ConfUtils.java:logGet(46)) - raft.server.sleep.deviation.threshold = 300ms (default)
2022-07-12 21:05:00,159 [pool-341-thread-1] INFO  server.RaftServer$Division (ServerState.java:<init>(107)) - om1@group-C5BA1605619E: ConfigurationManager, init=-1: [om1|rpc:localhost:9872|priority:0], old=null, confs=<EMPTY_MAP>
2022-07-12 21:05:00,159 [pool-341-thread-1] INFO  server.RaftServerConfigKeys (ConfUtils.java:logGet(46)) - raft.server.storage.dir = [/home/runner/work/ozone/ozone/hadoop-ozone/integration-test/target/test-dir/MiniOzoneClusterImpl-82396f26-4b51-4819-9d3b-5aa507234af8/ozone-meta/ratis] (custom)
2022-07-12 21:05:00,160 [pool-341-thread-1] INFO  server.RaftServerConfigKeys (ConfUtils.java:logGet(46)) - raft.server.log.corruption.policy = EXCEPTION (default)
2022-07-12 21:05:00,160 [pool-341-thread-1] INFO  server.RaftServerConfigKeys (ConfUtils.java:logGet(46)) - raft.server.storage.free-space.min = 0MB (=0) (default)
2022-07-12 21:05:00,160 [pool-341-thread-1] INFO  storage.RaftStorageDirectory (RaftStorageDirectoryImpl.java:analyzeStorage(135)) - The storage directory /home/runner/work/ozone/ozone/hadoop-ozone/integration-test/target/test-dir/MiniOzoneClusterImpl-82396f26-4b51-4819-9d3b-5aa507234af8/ozone-meta/ratis/bf265839-605b-3f16-9796-c5ba1605619e does not exist. Creating ...
2022-07-12 21:05:00,169 [pool-341-thread-1] INFO  storage.RaftStorageDirectory (RaftStorageDirectoryImpl.java:tryLock(230)) - Lock on /home/runner/work/ozone/ozone/hadoop-ozone/integration-test/target/test-dir/MiniOzoneClusterImpl-82396f26-4b51-4819-9d3b-5aa507234af8/ozone-meta/ratis/bf265839-605b-3f16-9796-c5ba1605619e/in_use.lock acquired by nodename 31611@fv-az452-57
2022-07-12 21:05:00,171 [pool-341-thread-1] INFO  storage.RaftStorage (RaftStorageImpl.java:format(89)) - Storage directory /home/runner/work/ozone/ozone/hadoop-ozone/integration-test/target/test-dir/MiniOzoneClusterImpl-82396f26-4b51-4819-9d3b-5aa507234af8/ozone-meta/ratis/bf265839-605b-3f16-9796-c5ba1605619e has been successfully formatted.
2022-07-12 21:05:00,171 [pool-341-thread-1] INFO  server.RaftServerConfigKeys (ConfUtils.java:logGet(46)) - raft.server.notification.no-leader.timeout = 120s (custom)
2022-07-12 21:05:00,171 [pool-341-thread-1] INFO  server.RaftServerConfigKeys (ConfUtils.java:logGet(46)) - raft.server.log.use.memory = false (default)
2022-07-12 21:05:00,172 [pool-341-thread-1] INFO  server.RaftServerConfigKeys (ConfUtils.java:logGet(46)) - raft.server.log.purge.gap = 1000000 (custom)
2022-07-12 21:05:00,172 [pool-341-thread-1] INFO  server.RaftServerConfigKeys (ConfUtils.java:logGet(46)) - raft.server.log.appender.buffer.byte-limit = 33554432 (custom)
2022-07-12 21:05:00,172 [pool-341-thread-1] INFO  server.RaftServerConfigKeys (ConfUtils.java:logGet(46)) - raft.server.log.statemachine.data.read.timeout = 1000ms (default)
2022-07-12 21:05:00,172 [pool-341-thread-1] INFO  server.RaftServerConfigKeys (ConfUtils.java:logGet(46)) - raft.server.log.segment.size.max = 4194304 (custom)
2022-07-12 21:05:00,172 [pool-341-thread-1] INFO  server.RaftServerConfigKeys (ConfUtils.java:logGet(46)) - raft.server.log.segment.cache.num.max = 2 (custom)
2022-07-12 21:05:00,172 [pool-341-thread-1] INFO  server.RaftServerConfigKeys (ConfUtils.java:logGet(46)) - raft.server.log.segment.cache.size.max = 200MB (=209715200) (default)
2022-07-12 21:05:00,172 [pool-341-thread-1] INFO  segmented.SegmentedRaftLogWorker (SegmentedRaftLogWorker.java:<init>(187)) - new om1@group-C5BA1605619E-SegmentedRaftLogWorker for RaftStorageImpl:Storage Directory /home/runner/work/ozone/ozone/hadoop-ozone/integration-test/target/test-dir/MiniOzoneClusterImpl-82396f26-4b51-4819-9d3b-5aa507234af8/ozone-meta/ratis/bf265839-605b-3f16-9796-c5ba1605619e
2022-07-12 21:05:00,172 [pool-341-thread-1] INFO  server.RaftServerConfigKeys (ConfUtils.java:logGet(46)) - raft.server.log.queue.byte-limit = 64MB (=67108864) (default)
2022-07-12 21:05:00,173 [pool-341-thread-1] INFO  server.RaftServerConfigKeys (ConfUtils.java:logGet(46)) - raft.server.log.queue.element-limit = 4096 (default)
2022-07-12 21:05:00,173 [pool-341-thread-1] INFO  server.RaftServerConfigKeys (ConfUtils.java:logGet(46)) - raft.server.log.segment.size.max = 4194304 (custom)
2022-07-12 21:05:00,173 [pool-341-thread-1] INFO  server.RaftServerConfigKeys (ConfUtils.java:logGet(46)) - raft.server.log.preallocated.size = 4194304 (custom)
2022-07-12 21:05:00,173 [pool-341-thread-1] INFO  server.RaftServerConfigKeys (ConfUtils.java:logGet(46)) - raft.server.log.force.sync.num = 128 (default)
2022-07-12 21:05:00,173 [pool-341-thread-1] INFO  server.RaftServerConfigKeys (ConfUtils.java:logGet(46)) - raft.server.log.statemachine.data.sync = true (default)
2022-07-12 21:05:00,173 [pool-341-thread-1] INFO  server.RaftServerConfigKeys (ConfUtils.java:logGet(46)) - raft.server.log.statemachine.data.sync.timeout = 10s (default)
2022-07-12 21:05:00,173 [pool-341-thread-1] INFO  server.RaftServerConfigKeys (ConfUtils.java:logGet(46)) - raft.server.log.statemachine.data.sync.timeout.retry = -1 (default)
2022-07-12 21:05:00,192 [pool-341-thread-1] INFO  server.RaftServerConfigKeys (ConfUtils.java:logGet(46)) - raft.server.log.write.buffer.size = 64KB (=65536) (default)
2022-07-12 21:05:00,192 [pool-341-thread-1] INFO  server.RaftServerConfigKeys (ConfUtils.java:logGet(46)) - raft.server.log.unsafe-flush.enabled = false (default)
2022-07-12 21:05:00,192 [pool-341-thread-1] INFO  server.RaftServerConfigKeys (ConfUtils.java:logGet(46)) - raft.server.log.statemachine.data.caching.enabled = false (default)
2022-07-12 21:05:00,192 [pool-341-thread-1] INFO  segmented.SegmentedRaftLogWorker (SegmentedRaftLogWorker.java:lambda$new$0(135)) - om1@group-C5BA1605619E-SegmentedRaftLogWorker: flushIndex: setUnconditionally 0 -> -1
2022-07-12 21:05:00,192 [pool-341-thread-1] INFO  segmented.SegmentedRaftLogWorker (SegmentedRaftLogWorker.java:lambda$new$0(135)) - om1@group-C5BA1605619E-SegmentedRaftLogWorker: safeCacheEvictIndex: setUnconditionally 0 -> -1
2022-07-12 21:05:00,197 [pool-341-thread-1] INFO  server.RaftServerConfigKeys (ConfUtils.java:logGet(46)) - raft.server.snapshot.auto.trigger.enabled = true (custom)
2022-07-12 21:05:00,197 [pool-341-thread-1] INFO  server.RaftServerConfigKeys (ConfUtils.java:logGet(46)) - raft.server.snapshot.auto.trigger.threshold = 400000 (default)
2022-07-12 21:05:00,197 [pool-341-thread-1] INFO  server.RaftServerConfigKeys (ConfUtils.java:logGet(46)) - raft.server.snapshot.retention.file.num = -1 (default)
2022-07-12 21:05:00,197 [pool-341-thread-1] INFO  server.RaftServerConfigKeys (ConfUtils.java:logGet(46)) - raft.server.log.purge.upto.snapshot.index = true (custom)
2022-07-12 21:05:00,197 [pool-341-thread-1] INFO  server.RaftServerConfigKeys (ConfUtils.java:logGet(46)) - raft.server.retrycache.expirytime = 300s (custom)
2022-07-12 21:05:00,197 [pool-341-thread-1] INFO  server.RaftServerConfigKeys (ConfUtils.java:logGet(46)) - raft.server.retrycache.statistics.expirytime = 100μs (default)
2022-07-12 21:05:00,198 [pool-341-thread-1] INFO  server.RaftServerConfigKeys (ConfUtils.java:logGet(46)) - raft.server.log.appender.install.snapshot.enabled = false (custom)
2022-07-12 21:05:00,198 [pool-341-thread-1] INFO  server.RaftServerConfigKeys (ConfUtils.java:logGet(46)) - raft.server.threadpool.server.cached = true (default)
2022-07-12 21:05:00,198 [pool-341-thread-1] INFO  server.RaftServerConfigKeys (ConfUtils.java:logGet(46)) - raft.server.threadpool.server.size = 0 (default)
2022-07-12 21:05:00,198 [pool-341-thread-1] INFO  server.RaftServerConfigKeys (ConfUtils.java:logGet(46)) - raft.server.threadpool.client.cached = true (default)
2022-07-12 21:05:00,198 [pool-341-thread-1] INFO  server.RaftServerConfigKeys (ConfUtils.java:logGet(46)) - raft.server.threadpool.client.size = 0 (default)
2022-07-12 21:05:01,402 [Listener at 0.0.0.0/44553] INFO  reflections.Reflections (Reflections.java:scan(232)) - Reflections took 1244 ms to scan 19 urls, producing 66 keys and 4100 values [using 2 cores]
2022-07-12 21:05:01,404 [Listener at 0.0.0.0/44553] INFO  ipc.CallQueueManager (CallQueueManager.java:<init>(90)) - Using callQueue: class java.util.concurrent.LinkedBlockingQueue, queueCapacity: 2000, scheduler: class org.apache.hadoop.ipc.DefaultRpcScheduler, ipcBackoff: false.
2022-07-12 21:05:01,411 [Socket Reader #1 for port 0] INFO  ipc.Server (Server.java:run(1265)) - Starting Socket Reader #1 for port 0
2022-07-12 21:05:01,476 [Listener at 127.0.0.1/38457] INFO  impl.MetricsSystemImpl (MetricsSystemImpl.java:init(158)) - OzoneManager metrics system started (again)
2022-07-12 21:05:01,526 [Listener at 127.0.0.1/38457] INFO  om.OzoneManager (OzoneManager.java:start(1465)) - OzoneManager RPC server is listening at localhost/127.0.0.1:38457
2022-07-12 21:05:01,526 [Listener at 127.0.0.1/38457] INFO  ratis.OzoneManagerRatisServer (OzoneManagerRatisServer.java:start(554)) - Starting OzoneManagerRatisServer om1 at port 9872
2022-07-12 21:05:01,527 [om1-impl-thread1] INFO  server.RaftServer$Division (RaftServerImpl.java:start(310)) - om1@group-C5BA1605619E: start as a follower, conf=-1: [om1|rpc:localhost:9872|priority:0], old=null
2022-07-12 21:05:01,527 [om1-impl-thread1] INFO  server.RaftServer$Division (RaftServerImpl.java:setRole(299)) - om1@group-C5BA1605619E: changes role from      null to FOLLOWER at term 0 for startAsFollower
2022-07-12 21:05:01,527 [om1-impl-thread1] INFO  impl.RoleInfo (RoleInfo.java:updateAndGet(139)) - om1: start om1@group-C5BA1605619E-FollowerState
2022-07-12 21:05:01,532 [om1-impl-thread1] INFO  util.JmxRegister (JmxRegister.java:tryRegister(44)) - Successfully registered JMX Bean with object name Ratis:service=RaftServer,group=group-C5BA1605619E,id=om1
2022-07-12 21:05:01,533 [Listener at 127.0.0.1/38457] INFO  server.RaftServer (RaftServerProxy.java:lambda$start$6(382)) - om1: start RPC server
2022-07-12 21:05:01,592 [Listener at 127.0.0.1/38457] INFO  server.GrpcService (GrpcService.java:startImpl(260)) - om1: GrpcService started, listening on 9872
2022-07-12 21:05:01,593 [Listener at 127.0.0.1/38457] INFO  om.OzoneManager (OzoneManager.java:start(1481)) - Version File has different layout version (3) than OM DB (null). That is expected if this OM has never been finalized to a newer layout version.
2022-07-12 21:05:01,594 [org.apache.ratis.util.JvmPauseMonitor$$Lambda$613/1050667922@178f3ded] INFO  util.JvmPauseMonitor (JvmPauseMonitor.java:run(103)) - JvmPauseMonitor-om1: Started
2022-07-12 21:05:01,598 [Listener at 127.0.0.1/38457] INFO  http.BaseHttpServer (BaseHttpServer.java:newHttpServer2BuilderForOzone(209)) - Starting Web-server for ozoneManager at: http://0.0.0.0:0
2022-07-12 21:05:01,599 [Listener at 127.0.0.1/38457] INFO  http.BaseHttpServer (BaseHttpServer.java:<init>(107)) - Hadoop Security Enabled: false Ozone Security Enabled: false Ozone HTTP Security Enabled: false 
2022-07-12 21:05:01,606 [Listener at 127.0.0.1/38457] INFO  server.AuthenticationFilter (AuthenticationFilter.java:constructSecretProvider(240)) - Unable to initialize FileSignerSecretProvider, falling back to use random secrets.
2022-07-12 21:05:01,607 [Listener at 127.0.0.1/38457] WARN  http.HttpRequestLog (HttpRequestLog.java:getRequestLog(103)) - Jetty request log can only be enabled using Log4j
2022-07-12 21:05:01,609 [Listener at 127.0.0.1/38457] INFO  http.HttpServer2 (HttpServer2.java:addGlobalFilter(1029)) - Added global filter 'safety' (class=org.apache.hadoop.hdds.server.http.HttpServer2$QuotingInputFilter)
2022-07-12 21:05:01,610 [Listener at 127.0.0.1/38457] INFO  http.HttpServer2 (HttpServer2.java:addFilter(1005)) - Added filter static_user_filter (class=org.apache.hadoop.http.lib.StaticUserWebFilter$StaticUserFilter) to context ozoneManager
2022-07-12 21:05:01,610 [Listener at 127.0.0.1/38457] INFO  http.HttpServer2 (HttpServer2.java:addFilter(1013)) - Added filter static_user_filter (class=org.apache.hadoop.http.lib.StaticUserWebFilter$StaticUserFilter) to context logs
2022-07-12 21:05:01,610 [Listener at 127.0.0.1/38457] INFO  http.HttpServer2 (HttpServer2.java:addFilter(1013)) - Added filter static_user_filter (class=org.apache.hadoop.http.lib.StaticUserWebFilter$StaticUserFilter) to context static
2022-07-12 21:05:01,611 [Listener at 127.0.0.1/38457] INFO  http.HttpServer2 (HttpServer2.java:bindListener(1248)) - Jetty bound to port 34129
2022-07-12 21:05:01,611 [Listener at 127.0.0.1/38457] INFO  server.Server (Server.java:doStart(375)) - jetty-9.4.43.v20210629; built: 2021-06-30T11:07:22.254Z; git: 526006ecfa3af7f1a27ef3a288e2bef7ea9dd7e8; jvm 1.8.0_332-b09
2022-07-12 21:05:01,630 [Listener at 127.0.0.1/38457] INFO  server.session (DefaultSessionIdManager.java:doStart(334)) - DefaultSessionIdManager workerName=node0
2022-07-12 21:05:01,630 [Listener at 127.0.0.1/38457] INFO  server.session (DefaultSessionIdManager.java:doStart(339)) - No SessionScavenger set, using defaults
2022-07-12 21:05:01,631 [Listener at 127.0.0.1/38457] INFO  server.session (HouseKeeper.java:startScavenging(132)) - node0 Scavenging every 660000ms
2022-07-12 21:05:01,631 [Listener at 127.0.0.1/38457] INFO  handler.ContextHandler (ContextHandler.java:doStart(915)) - Started o.e.j.s.ServletContextHandler@38515041{logs,/logs,file:///home/runner/work/ozone/ozone/hadoop-ozone/integration-test/target/log,AVAILABLE}
2022-07-12 21:05:01,632 [Listener at 127.0.0.1/38457] INFO  handler.ContextHandler (ContextHandler.java:doStart(915)) - Started o.e.j.s.ServletContextHandler@78b5e9c7{static,/static,file:///home/runner/work/ozone/ozone/hadoop-ozone/integration-test/target/test-classes/webapps/static,AVAILABLE}
2022-07-12 21:05:01,635 [Listener at 127.0.0.1/38457] INFO  handler.ContextHandler (ContextHandler.java:doStart(915)) - Started o.e.j.w.WebAppContext@276bb456{ozoneManager,/,file:///home/runner/work/ozone/ozone/hadoop-ozone/integration-test/target/test-classes/webapps/ozoneManager/,AVAILABLE}{file:/home/runner/work/ozone/ozone/hadoop-ozone/integration-test/target/test-classes/webapps/ozoneManager}
2022-07-12 21:05:01,671 [Listener at 127.0.0.1/38457] INFO  server.AbstractConnector (AbstractConnector.java:doStart(331)) - Started ServerConnector@44e7f17f{HTTP/1.1, (http/1.1)}{0.0.0.0:34129}
2022-07-12 21:05:01,672 [Listener at 127.0.0.1/38457] INFO  server.Server (Server.java:doStart(415)) - Started @81415ms
2022-07-12 21:05:01,672 [Listener at 127.0.0.1/38457] WARN  impl.MetricsSystemImpl (MetricsSystemImpl.java:register(279)) - Sink prometheus already exists!
2022-07-12 21:05:01,673 [Listener at 127.0.0.1/38457] INFO  http.BaseHttpServer (BaseHttpServer.java:updateConnectorAddress(329)) - HTTP server of ozoneManager listening at http://0.0.0.0:34129
2022-07-12 21:05:01,675 [IPC Server Responder] INFO  ipc.Server (Server.java:run(1507)) - IPC Server Responder: starting
2022-07-12 21:05:01,676 [IPC Server listener on 0] INFO  ipc.Server (Server.java:run(1344)) - IPC Server listener on 0: starting
2022-07-12 21:05:01,820 [Listener at 127.0.0.1/38457] INFO  om.TrashPolicyOzone (TrashPolicyOzone.java:<init>(178)) - Ozone Manager trash configuration: Deletion interval = 0 minutes, Emptier interval = 0 minutes.
2022-07-12 21:05:01,855 [org.apache.hadoop.util.JvmPauseMonitor$Monitor@3c100bd4] INFO  util.JvmPauseMonitor (JvmPauseMonitor.java:run(188)) - Starting JVM pause monitor
2022-07-12 21:05:01,885 [Listener at 127.0.0.1/38457] WARN  impl.MetricRegistriesImpl (MetricRegistriesImpl.java:addReporterRegistration(111)) - New reporters are added after registries were created. Some metrics will be missing from the reporter. Please add reporter before adding any new registry.
2022-07-12 21:05:01,899 [Listener at 127.0.0.1/38457] WARN  impl.MetricRegistriesImpl (MetricRegistriesImpl.java:addReporterRegistration(111)) - New reporters are added after registries were created. Some metrics will be missing from the reporter. Please add reporter before adding any new registry.
2022-07-12 21:05:01,900 [Listener at 127.0.0.1/38457] INFO  impl.MetricsSystemImpl (MetricsSystemImpl.java:init(158)) - HddsDatanode metrics system started (again)
2022-07-12 21:05:01,929 [Listener at 127.0.0.1/38457] INFO  ozone.HddsDatanodeService (HddsDatanodeService.java:start(236)) - HddsDatanodeService host:fv-az452-57.ku3lqr0aiaqu5kfj3xdpchcrvd.dx.internal.cloudapp.net ip:10.1.0.20
2022-07-12 21:05:01,969 [Listener at 127.0.0.1/38457] INFO  upgrade.AbstractLayoutVersionManager (AbstractLayoutVersionManager.java:init(82)) - Initializing Layout version manager with metadata layout = DATANODE_SCHEMA_V3 (version = 4), software layout = DATANODE_SCHEMA_V3 (version = 4)
2022-07-12 21:05:02,129 [Listener at 127.0.0.1/38457] INFO  reflections.Reflections (Reflections.java:scan(232)) - Reflections took 159 ms to scan 7 urls, producing 132 keys and 317 values 
2022-07-12 21:05:02,145 [Listener at 127.0.0.1/38457] INFO  statemachine.DatanodeStateMachine (DatanodeStateMachine.java:getEndPointTaskThreadPoolSize(237)) - Datanode State Machine Task Thread Pool size 2
2022-07-12 21:05:02,149 [Listener at 127.0.0.1/38457] INFO  volume.HddsVolume (HddsVolume.java:<init>(116)) - Creating HddsVolume: /home/runner/work/ozone/ozone/hadoop-ozone/integration-test/target/test-dir/MiniOzoneClusterImpl-82396f26-4b51-4819-9d3b-5aa507234af8/datanode-0/data-0/containers/hdds of storage type : DISK capacity : 9223372036854775807
2022-07-12 21:05:02,149 [Listener at 127.0.0.1/38457] INFO  volume.MutableVolumeSet (MutableVolumeSet.java:initializeVolumeSet(174)) - Added Volume : /home/runner/work/ozone/ozone/hadoop-ozone/integration-test/target/test-dir/MiniOzoneClusterImpl-82396f26-4b51-4819-9d3b-5aa507234af8/datanode-0/data-0/containers/hdds to VolumeSet
2022-07-12 21:05:02,149 [Listener at 127.0.0.1/38457] INFO  volume.ThrottledAsyncChecker (ThrottledAsyncChecker.java:schedule(141)) - Scheduling a check for /home/runner/work/ozone/ozone/hadoop-ozone/integration-test/target/test-dir/MiniOzoneClusterImpl-82396f26-4b51-4819-9d3b-5aa507234af8/datanode-0/data-0/containers/hdds
2022-07-12 21:05:02,173 [Listener at 127.0.0.1/38457] INFO  volume.StorageVolumeChecker (StorageVolumeChecker.java:checkAllVolumes(202)) - Scheduled health check for volume /home/runner/work/ozone/ozone/hadoop-ozone/integration-test/target/test-dir/MiniOzoneClusterImpl-82396f26-4b51-4819-9d3b-5aa507234af8/datanode-0/data-0/containers/hdds
2022-07-12 21:05:02,186 [Listener at 127.0.0.1/38457] INFO  volume.MutableVolumeSet (MutableVolumeSet.java:initializeVolumeSet(174)) - Added Volume : /home/runner/work/ozone/ozone/hadoop-ozone/integration-test/target/test-dir/MiniOzoneClusterImpl-82396f26-4b51-4819-9d3b-5aa507234af8/datanode-0/data/ratis to VolumeSet
2022-07-12 21:05:02,187 [Listener at 127.0.0.1/38457] INFO  volume.ThrottledAsyncChecker (ThrottledAsyncChecker.java:schedule(141)) - Scheduling a check for /home/runner/work/ozone/ozone/hadoop-ozone/integration-test/target/test-dir/MiniOzoneClusterImpl-82396f26-4b51-4819-9d3b-5aa507234af8/datanode-0/data/ratis
2022-07-12 21:05:02,187 [Listener at 127.0.0.1/38457] INFO  volume.StorageVolumeChecker (StorageVolumeChecker.java:checkAllVolumes(202)) - Scheduled health check for volume /home/runner/work/ozone/ozone/hadoop-ozone/integration-test/target/test-dir/MiniOzoneClusterImpl-82396f26-4b51-4819-9d3b-5aa507234af8/datanode-0/data/ratis
2022-07-12 21:05:02,244 [Thread-633] INFO  ozoneimpl.ContainerReader (ContainerReader.java:readVolume(175)) - Finish verifying containers on volume /home/runner/work/ozone/ozone/hadoop-ozone/integration-test/target/test-dir/MiniOzoneClusterImpl-82396f26-4b51-4819-9d3b-5aa507234af8/datanode-0/data-0/containers/hdds
2022-07-12 21:05:02,244 [Listener at 127.0.0.1/38457] INFO  ozoneimpl.OzoneContainer (OzoneContainer.java:buildContainerSet(266)) - Build ContainerSet costs 0s
2022-07-12 21:05:02,250 [Listener at 127.0.0.1/38457] INFO  server.RaftServer (ConfUtils.java:logGet(46)) - raft.rpc.type = GRPC (default)
2022-07-12 21:05:02,250 [Listener at 127.0.0.1/38457] INFO  grpc.GrpcFactory (GrpcFactory.java:checkPooledByteBufAllocatorUseCacheForAllThreads(48)) - PERFORMANCE WARNING: useCacheForAllThreads is true that may cause Netty to create a lot garbage objects and, as a result, trigger GC.
	It is recommended to disable useCacheForAllThreads by setting -Dorg.apache.ratis.thirdparty.io.netty.allocator.useCacheForAllThreads=false in command line.
2022-07-12 21:05:02,250 [Listener at 127.0.0.1/38457] INFO  grpc.GrpcConfigKeys (ConfUtils.java:logGet(46)) - raft.grpc.admin.port = 0 (custom)
2022-07-12 21:05:02,250 [Listener at 127.0.0.1/38457] INFO  grpc.GrpcConfigKeys (ConfUtils.java:logGet(46)) - raft.grpc.client.port = 0 (custom)
2022-07-12 21:05:02,250 [Listener at 127.0.0.1/38457] INFO  grpc.GrpcConfigKeys (ConfUtils.java:logGet(46)) - raft.grpc.server.port = 0 (default)
2022-07-12 21:05:02,250 [Listener at 127.0.0.1/38457] INFO  server.GrpcService (ConfUtils.java:logGet(46)) - raft.grpc.message.size.max = 32MB (=33554432) (custom)
2022-07-12 21:05:02,250 [Listener at 127.0.0.1/38457] INFO  server.RaftServerConfigKeys (ConfUtils.java:logGet(46)) - raft.server.log.appender.buffer.byte-limit = 33554432 (custom)
2022-07-12 21:05:02,251 [Listener at 127.0.0.1/38457] INFO  server.GrpcService (ConfUtils.java:logGet(46)) - raft.grpc.flow.control.window = 5MB (=5242880) (custom)
2022-07-12 21:05:02,251 [Listener at 127.0.0.1/38457] INFO  server.RaftServerConfigKeys (ConfUtils.java:logGet(46)) - raft.server.rpc.request.timeout = 60s (custom)
2022-07-12 21:05:02,251 [Listener at 127.0.0.1/38457] INFO  grpc.GrpcConfigKeys (ConfUtils.java:logGet(46)) - raft.grpc.server.async.request.thread.pool.cached = true (default)
2022-07-12 21:05:02,251 [Listener at 127.0.0.1/38457] INFO  grpc.GrpcConfigKeys (ConfUtils.java:logGet(46)) - raft.grpc.server.async.request.thread.pool.size = 32 (default)
2022-07-12 21:05:02,252 [Listener at 127.0.0.1/38457] INFO  impl.DataStreamServerImpl (ConfUtils.java:logGet(46)) - raft.datastream.type = DISABLED (default)
2022-07-12 21:05:02,253 [Listener at 127.0.0.1/38457] INFO  server.RaftServerConfigKeys (ConfUtils.java:logGet(46)) - raft.server.threadpool.proxy.cached = true (default)
2022-07-12 21:05:02,253 [Listener at 127.0.0.1/38457] INFO  server.RaftServerConfigKeys (ConfUtils.java:logGet(46)) - raft.server.threadpool.proxy.size = 0 (default)
2022-07-12 21:05:02,253 [Listener at 127.0.0.1/38457] INFO  server.RaftServerConfigKeys (ConfUtils.java:logGet(46)) - raft.server.rpc.slowness.timeout = 300s (custom)
2022-07-12 21:05:02,253 [Listener at 127.0.0.1/38457] INFO  server.RaftServerConfigKeys (ConfUtils.java:logGet(46)) - raft.server.leaderelection.leader.step-down.wait-time = 10s (default)
2022-07-12 21:05:02,253 [Listener at 127.0.0.1/38457] INFO  server.RaftServerConfigKeys (ConfUtils.java:logGet(46)) - raft.server.storage.dir = [/home/runner/work/ozone/ozone/hadoop-ozone/integration-test/target/test-dir/MiniOzoneClusterImpl-82396f26-4b51-4819-9d3b-5aa507234af8/datanode-0/data/ratis] (custom)
2022-07-12 21:05:02,264 [Listener at 127.0.0.1/38457] INFO  server.XceiverServerGrpc (XceiverServerGrpc.java:<init>(132)) - GrpcServer channel type EpollServerSocketChannel
2022-07-12 21:05:02,272 [Listener at 127.0.0.1/38457] INFO  http.BaseHttpServer (BaseHttpServer.java:newHttpServer2BuilderForOzone(209)) - Starting Web-server for hddsDatanode at: http://0.0.0.0:0
2022-07-12 21:05:02,272 [Listener at 127.0.0.1/38457] INFO  http.BaseHttpServer (BaseHttpServer.java:<init>(107)) - Hadoop Security Enabled: false Ozone Security Enabled: false Ozone HTTP Security Enabled: false 
2022-07-12 21:05:02,274 [Listener at 127.0.0.1/38457] INFO  server.AuthenticationFilter (AuthenticationFilter.java:constructSecretProvider(240)) - Unable to initialize FileSignerSecretProvider, falling back to use random secrets.
2022-07-12 21:05:02,292 [Listener at 127.0.0.1/38457] WARN  http.HttpRequestLog (HttpRequestLog.java:getRequestLog(103)) - Jetty request log can only be enabled using Log4j
2022-07-12 21:05:02,294 [Listener at 127.0.0.1/38457] INFO  http.HttpServer2 (HttpServer2.java:addGlobalFilter(1029)) - Added global filter 'safety' (class=org.apache.hadoop.hdds.server.http.HttpServer2$QuotingInputFilter)
2022-07-12 21:05:02,295 [Listener at 127.0.0.1/38457] INFO  http.HttpServer2 (HttpServer2.java:addFilter(1005)) - Added filter static_user_filter (class=org.apache.hadoop.http.lib.StaticUserWebFilter$StaticUserFilter) to context hddsDatanode
2022-07-12 21:05:02,295 [Listener at 127.0.0.1/38457] INFO  http.HttpServer2 (HttpServer2.java:addFilter(1013)) - Added filter static_user_filter (class=org.apache.hadoop.http.lib.StaticUserWebFilter$StaticUserFilter) to context logs
2022-07-12 21:05:02,295 [Listener at 127.0.0.1/38457] INFO  http.HttpServer2 (HttpServer2.java:addFilter(1013)) - Added filter static_user_filter (class=org.apache.hadoop.http.lib.StaticUserWebFilter$StaticUserFilter) to context static
2022-07-12 21:05:02,295 [Listener at 127.0.0.1/38457] INFO  http.HttpServer2 (HttpServer2.java:bindListener(1248)) - Jetty bound to port 36371
2022-07-12 21:05:02,295 [Listener at 127.0.0.1/38457] INFO  server.Server (Server.java:doStart(375)) - jetty-9.4.43.v20210629; built: 2021-06-30T11:07:22.254Z; git: 526006ecfa3af7f1a27ef3a288e2bef7ea9dd7e8; jvm 1.8.0_332-b09
2022-07-12 21:05:02,381 [Listener at 127.0.0.1/38457] INFO  server.session (DefaultSessionIdManager.java:doStart(334)) - DefaultSessionIdManager workerName=node0
2022-07-12 21:05:02,381 [Listener at 127.0.0.1/38457] INFO  server.session (DefaultSessionIdManager.java:doStart(339)) - No SessionScavenger set, using defaults
2022-07-12 21:05:02,382 [Listener at 127.0.0.1/38457] INFO  server.session (HouseKeeper.java:startScavenging(132)) - node0 Scavenging every 600000ms
2022-07-12 21:05:02,388 [Listener at 127.0.0.1/38457] INFO  handler.ContextHandler (ContextHandler.java:doStart(915)) - Started o.e.j.s.ServletContextHandler@1f208930{logs,/logs,file:///home/runner/work/ozone/ozone/hadoop-ozone/integration-test/target/log,AVAILABLE}
2022-07-12 21:05:02,389 [Listener at 127.0.0.1/38457] INFO  handler.ContextHandler (ContextHandler.java:doStart(915)) - Started o.e.j.s.ServletContextHandler@114cbcc4{static,/static,jar:file:/home/runner/.m2/repository/org/apache/ozone/hdds-container-service/1.3.0-SNAPSHOT/hdds-container-service-1.3.0-SNAPSHOT.jar!/webapps/static,AVAILABLE}
2022-07-12 21:05:02,738 [om1@group-C5BA1605619E-FollowerState] INFO  impl.FollowerState (FollowerState.java:run(143)) - om1@group-C5BA1605619E-FollowerState: change to CANDIDATE, lastRpcElapsedTime:1211753690ns, electionTimeout:1195ms
2022-07-12 21:05:02,739 [om1@group-C5BA1605619E-FollowerState] INFO  impl.RoleInfo (RoleInfo.java:shutdownFollowerState(110)) - om1: shutdown om1@group-C5BA1605619E-FollowerState
2022-07-12 21:05:02,739 [om1@group-C5BA1605619E-FollowerState] INFO  server.RaftServer$Division (RaftServerImpl.java:setRole(299)) - om1@group-C5BA1605619E: changes role from  FOLLOWER to CANDIDATE at term 0 for changeToCandidate
2022-07-12 21:05:02,739 [om1@group-C5BA1605619E-FollowerState] INFO  server.RaftServerConfigKeys (ConfUtils.java:logGet(46)) - raft.server.leaderelection.pre-vote = false (custom)
2022-07-12 21:05:02,739 [om1@group-C5BA1605619E-FollowerState] INFO  impl.RoleInfo (RoleInfo.java:updateAndGet(139)) - om1: start om1@group-C5BA1605619E-LeaderElection14
2022-07-12 21:05:02,776 [om1@group-C5BA1605619E-LeaderElection14] INFO  impl.LeaderElection (LeaderElection.java:askForVotes(310)) - om1@group-C5BA1605619E-LeaderElection14 ELECTION round 0: submit vote requests at term 1 for -1: [om1|rpc:localhost:9872|priority:0], old=null
2022-07-12 21:05:02,776 [om1@group-C5BA1605619E-LeaderElection14] INFO  impl.LeaderElection (LeaderElection.java:askForVotes(312)) - om1@group-C5BA1605619E-LeaderElection14 ELECTION round 0: result PASSED (term=1)
2022-07-12 21:05:02,776 [om1@group-C5BA1605619E-LeaderElection14] INFO  impl.RoleInfo (RoleInfo.java:shutdownLeaderElection(130)) - om1: shutdown om1@group-C5BA1605619E-LeaderElection14
2022-07-12 21:05:02,776 [om1@group-C5BA1605619E-LeaderElection14] INFO  server.RaftServer$Division (RaftServerImpl.java:setRole(299)) - om1@group-C5BA1605619E: changes role from CANDIDATE to LEADER at term 1 for changeToLeader
2022-07-12 21:05:02,776 [om1@group-C5BA1605619E-LeaderElection14] INFO  server.RaftServer$Division (ServerState.java:setLeader(287)) - om1@group-C5BA1605619E: change Leader from null to om1 at term 1 for becomeLeader, leader elected after 2604ms
2022-07-12 21:05:02,776 [om1@group-C5BA1605619E-LeaderElection14] INFO  server.RaftServerConfigKeys (ConfUtils.java:logGet(46)) - raft.server.staging.catchup.gap = 1000 (default)
2022-07-12 21:05:02,777 [om1@group-C5BA1605619E-LeaderElection14] INFO  server.RaftServerConfigKeys (ConfUtils.java:logGet(46)) - raft.server.write.element-limit = 4096 (default)
2022-07-12 21:05:02,777 [om1@group-C5BA1605619E-LeaderElection14] INFO  server.RaftServerConfigKeys (ConfUtils.java:logGet(46)) - raft.server.write.byte-limit = 64MB (=67108864) (default)
2022-07-12 21:05:02,780 [om1@group-C5BA1605619E-LeaderElection14] INFO  server.RaftServerConfigKeys (ConfUtils.java:logGet(46)) - raft.server.watch.timeout = 10s (default)
2022-07-12 21:05:02,781 [om1@group-C5BA1605619E-LeaderElection14] INFO  server.RaftServerConfigKeys (ConfUtils.java:logGet(46)) - raft.server.watch.timeout.denomination = 1s (default)
2022-07-12 21:05:02,781 [om1@group-C5BA1605619E-LeaderElection14] INFO  server.RaftServerConfigKeys (ConfUtils.java:logGet(46)) - raft.server.watch.element-limit = 65536 (default)
2022-07-12 21:05:02,781 [om1@group-C5BA1605619E-LeaderElection14] INFO  server.RaftServerConfigKeys (ConfUtils.java:logGet(46)) - raft.server.write.element-limit = 4096 (default)
2022-07-12 21:05:02,781 [om1@group-C5BA1605619E-LeaderElection14] INFO  server.RaftServerConfigKeys (ConfUtils.java:logGet(46)) - raft.server.write.follower.gap.ratio.max = -1.0 (default)
2022-07-12 21:05:02,781 [om1@group-C5BA1605619E-LeaderElection14] INFO  impl.RoleInfo (RoleInfo.java:updateAndGet(139)) - om1: start om1@group-C5BA1605619E-LeaderStateImpl
2022-07-12 21:05:02,781 [om1@group-C5BA1605619E-LeaderElection14] INFO  segmented.SegmentedRaftLogWorker (SegmentedRaftLogWorker.java:startLogSegment(425)) - om1@group-C5BA1605619E-SegmentedRaftLogWorker: Starting segment from index:0
2022-07-12 21:05:02,797 [om1@group-C5BA1605619E-LeaderElection14] INFO  server.RaftServer$Division (ServerState.java:setRaftConf(393)) - om1@group-C5BA1605619E: set configuration 0: [om1|rpc:localhost:9872|admin:|client:|dataStream:|priority:0], old=null
2022-07-12 21:05:02,816 [om1@group-C5BA1605619E-SegmentedRaftLogWorker] INFO  segmented.SegmentedRaftLogWorker (SegmentedRaftLogWorker.java:execute(629)) - om1@group-C5BA1605619E-SegmentedRaftLogWorker: created new log segment /home/runner/work/ozone/ozone/hadoop-ozone/integration-test/target/test-dir/MiniOzoneClusterImpl-82396f26-4b51-4819-9d3b-5aa507234af8/ozone-meta/ratis/bf265839-605b-3f16-9796-c5ba1605619e/current/log_inprogress_0
2022-07-12 21:05:02,817 [om1@group-C5BA1605619E-StateMachineUpdater] INFO  ratis.OzoneManagerStateMachine (OzoneManagerStateMachine.java:notifyConfigurationChanged(192)) - Received Configuration change notification from Ratis. New Peer list:
[id: "om1"
address: "localhost:9872"
]
2022-07-12 21:05:02,999 [Listener at 127.0.0.1/38457] INFO  handler.ContextHandler (ContextHandler.java:doStart(915)) - Started o.e.j.w.WebAppContext@7cead0f2{hddsDatanode,/,file:///tmp/jetty-0_0_0_0-36371-hdds-container-service-1_3_0-SNAPSHOT_jar-_-any-6025973167392002167/webapp/,AVAILABLE}{jar:file:/home/runner/.m2/repository/org/apache/ozone/hdds-container-service/1.3.0-SNAPSHOT/hdds-container-service-1.3.0-SNAPSHOT.jar!/webapps/hddsDatanode}
2022-07-12 21:05:03,001 [Listener at 127.0.0.1/38457] INFO  server.AbstractConnector (AbstractConnector.java:doStart(331)) - Started ServerConnector@c9c114a{HTTP/1.1, (http/1.1)}{0.0.0.0:36371}
2022-07-12 21:05:03,001 [Listener at 127.0.0.1/38457] INFO  server.Server (Server.java:doStart(415)) - Started @82745ms
2022-07-12 21:05:03,001 [Listener at 127.0.0.1/38457] WARN  impl.MetricsSystemImpl (MetricsSystemImpl.java:register(279)) - Sink prometheus already exists!
2022-07-12 21:05:03,006 [Listener at 127.0.0.1/38457] INFO  http.BaseHttpServer (BaseHttpServer.java:updateConnectorAddress(329)) - HTTP server of hddsDatanode listening at http://0.0.0.0:36371
2022-07-12 21:05:03,013 [Listener at 127.0.0.1/38457] WARN  impl.MetricRegistriesImpl (MetricRegistriesImpl.java:addReporterRegistration(111)) - New reporters are added after registries were created. Some metrics will be missing from the reporter. Please add reporter before adding any new registry.
2022-07-12 21:05:03,013 [Listener at 127.0.0.1/38457] WARN  impl.MetricRegistriesImpl (MetricRegistriesImpl.java:addReporterRegistration(111)) - New reporters are added after registries were created. Some metrics will be missing from the reporter. Please add reporter before adding any new registry.
2022-07-12 21:05:03,013 [Listener at 127.0.0.1/38457] INFO  impl.MetricsSystemImpl (MetricsSystemImpl.java:init(158)) - HddsDatanode metrics system started (again)
2022-07-12 21:05:03,035 [Datanode State Machine Daemon Thread] INFO  statemachine.DatanodeStateMachine (DatanodeStateMachine.java:lambda$startDaemon$0(492)) - Ozone container server started.
2022-07-12 21:05:03,052 [Listener at 127.0.0.1/38457] INFO  ozone.HddsDatanodeService (HddsDatanodeService.java:start(236)) - HddsDatanodeService host:fv-az452-57.ku3lqr0aiaqu5kfj3xdpchcrvd.dx.internal.cloudapp.net ip:10.1.0.20
2022-07-12 21:05:03,095 [Listener at 127.0.0.1/38457] INFO  upgrade.AbstractLayoutVersionManager (AbstractLayoutVersionManager.java:init(82)) - Initializing Layout version manager with metadata layout = DATANODE_SCHEMA_V3 (version = 4), software layout = DATANODE_SCHEMA_V3 (version = 4)
2022-07-12 21:05:03,128 [org.apache.hadoop.util.JvmPauseMonitor$Monitor@6e8b1cd4] INFO  util.JvmPauseMonitor (JvmPauseMonitor.java:run(188)) - Starting JVM pause monitor
2022-07-12 21:05:03,136 [Datanode State Machine Task Thread - 0] INFO  datanode.InitDatanodeState (InitDatanodeState.java:persistContainerDatanodeDetails(138)) - DatanodeDetails is persisted to /home/runner/work/ozone/ozone/hadoop-ozone/integration-test/target/test-dir/MiniOzoneClusterImpl-82396f26-4b51-4819-9d3b-5aa507234af8/datanode-0/meta/datanode.id
2022-07-12 21:05:03,238 [Listener at 127.0.0.1/38457] INFO  reflections.Reflections (Reflections.java:scan(232)) - Reflections took 142 ms to scan 7 urls, producing 132 keys and 317 values 
2022-07-12 21:05:03,246 [Listener at 127.0.0.1/38457] INFO  statemachine.DatanodeStateMachine (DatanodeStateMachine.java:getEndPointTaskThreadPoolSize(237)) - Datanode State Machine Task Thread Pool size 2
2022-07-12 21:05:03,257 [Listener at 127.0.0.1/38457] INFO  volume.HddsVolume (HddsVolume.java:<init>(116)) - Creating HddsVolume: /home/runner/work/ozone/ozone/hadoop-ozone/integration-test/target/test-dir/MiniOzoneClusterImpl-82396f26-4b51-4819-9d3b-5aa507234af8/datanode-1/data-0/containers/hdds of storage type : DISK capacity : 9223372036854775807
2022-07-12 21:05:03,258 [Listener at 127.0.0.1/38457] INFO  volume.MutableVolumeSet (MutableVolumeSet.java:initializeVolumeSet(174)) - Added Volume : /home/runner/work/ozone/ozone/hadoop-ozone/integration-test/target/test-dir/MiniOzoneClusterImpl-82396f26-4b51-4819-9d3b-5aa507234af8/datanode-1/data-0/containers/hdds to VolumeSet
2022-07-12 21:05:03,258 [Listener at 127.0.0.1/38457] INFO  volume.ThrottledAsyncChecker (ThrottledAsyncChecker.java:schedule(141)) - Scheduling a check for /home/runner/work/ozone/ozone/hadoop-ozone/integration-test/target/test-dir/MiniOzoneClusterImpl-82396f26-4b51-4819-9d3b-5aa507234af8/datanode-1/data-0/containers/hdds
2022-07-12 21:05:03,262 [Listener at 127.0.0.1/38457] INFO  volume.StorageVolumeChecker (StorageVolumeChecker.java:checkAllVolumes(202)) - Scheduled health check for volume /home/runner/work/ozone/ozone/hadoop-ozone/integration-test/target/test-dir/MiniOzoneClusterImpl-82396f26-4b51-4819-9d3b-5aa507234af8/datanode-1/data-0/containers/hdds
2022-07-12 21:05:03,298 [Listener at 127.0.0.1/38457] INFO  volume.MutableVolumeSet (MutableVolumeSet.java:initializeVolumeSet(174)) - Added Volume : /home/runner/work/ozone/ozone/hadoop-ozone/integration-test/target/test-dir/MiniOzoneClusterImpl-82396f26-4b51-4819-9d3b-5aa507234af8/datanode-1/data/ratis to VolumeSet
2022-07-12 21:05:03,299 [Listener at 127.0.0.1/38457] INFO  volume.ThrottledAsyncChecker (ThrottledAsyncChecker.java:schedule(141)) - Scheduling a check for /home/runner/work/ozone/ozone/hadoop-ozone/integration-test/target/test-dir/MiniOzoneClusterImpl-82396f26-4b51-4819-9d3b-5aa507234af8/datanode-1/data/ratis
2022-07-12 21:05:03,307 [Listener at 127.0.0.1/38457] INFO  volume.StorageVolumeChecker (StorageVolumeChecker.java:checkAllVolumes(202)) - Scheduled health check for volume /home/runner/work/ozone/ozone/hadoop-ozone/integration-test/target/test-dir/MiniOzoneClusterImpl-82396f26-4b51-4819-9d3b-5aa507234af8/datanode-1/data/ratis
2022-07-12 21:05:03,350 [Thread-648] INFO  ozoneimpl.ContainerReader (ContainerReader.java:readVolume(175)) - Finish verifying containers on volume /home/runner/work/ozone/ozone/hadoop-ozone/integration-test/target/test-dir/MiniOzoneClusterImpl-82396f26-4b51-4819-9d3b-5aa507234af8/datanode-1/data-0/containers/hdds
2022-07-12 21:05:03,350 [Listener at 127.0.0.1/38457] INFO  ozoneimpl.OzoneContainer (OzoneContainer.java:buildContainerSet(266)) - Build ContainerSet costs 0s
2022-07-12 21:05:03,352 [Listener at 127.0.0.1/38457] INFO  server.RaftServer (ConfUtils.java:logGet(46)) - raft.rpc.type = GRPC (default)
2022-07-12 21:05:03,353 [Listener at 127.0.0.1/38457] INFO  grpc.GrpcFactory (GrpcFactory.java:checkPooledByteBufAllocatorUseCacheForAllThreads(48)) - PERFORMANCE WARNING: useCacheForAllThreads is true that may cause Netty to create a lot garbage objects and, as a result, trigger GC.
	It is recommended to disable useCacheForAllThreads by setting -Dorg.apache.ratis.thirdparty.io.netty.allocator.useCacheForAllThreads=false in command line.
2022-07-12 21:05:03,353 [Listener at 127.0.0.1/38457] INFO  grpc.GrpcConfigKeys (ConfUtils.java:logGet(46)) - raft.grpc.admin.port = 0 (custom)
2022-07-12 21:05:03,353 [Listener at 127.0.0.1/38457] INFO  grpc.GrpcConfigKeys (ConfUtils.java:logGet(46)) - raft.grpc.client.port = 0 (custom)
2022-07-12 21:05:03,353 [Listener at 127.0.0.1/38457] INFO  grpc.GrpcConfigKeys (ConfUtils.java:logGet(46)) - raft.grpc.server.port = 0 (default)
2022-07-12 21:05:03,353 [Listener at 127.0.0.1/38457] INFO  server.GrpcService (ConfUtils.java:logGet(46)) - raft.grpc.message.size.max = 32MB (=33554432) (custom)
2022-07-12 21:05:03,353 [Listener at 127.0.0.1/38457] INFO  server.RaftServerConfigKeys (ConfUtils.java:logGet(46)) - raft.server.log.appender.buffer.byte-limit = 33554432 (custom)
2022-07-12 21:05:03,353 [Listener at 127.0.0.1/38457] INFO  server.GrpcService (ConfUtils.java:logGet(46)) - raft.grpc.flow.control.window = 5MB (=5242880) (custom)
2022-07-12 21:05:03,354 [Listener at 127.0.0.1/38457] INFO  server.RaftServerConfigKeys (ConfUtils.java:logGet(46)) - raft.server.rpc.request.timeout = 60s (custom)
2022-07-12 21:05:03,354 [Listener at 127.0.0.1/38457] INFO  grpc.GrpcConfigKeys (ConfUtils.java:logGet(46)) - raft.grpc.server.async.request.thread.pool.cached = true (default)
2022-07-12 21:05:03,354 [Listener at 127.0.0.1/38457] INFO  grpc.GrpcConfigKeys (ConfUtils.java:logGet(46)) - raft.grpc.server.async.request.thread.pool.size = 32 (default)
2022-07-12 21:05:03,355 [Listener at 127.0.0.1/38457] INFO  impl.DataStreamServerImpl (ConfUtils.java:logGet(46)) - raft.datastream.type = DISABLED (default)
2022-07-12 21:05:03,355 [Listener at 127.0.0.1/38457] INFO  server.RaftServerConfigKeys (ConfUtils.java:logGet(46)) - raft.server.threadpool.proxy.cached = true (default)
2022-07-12 21:05:03,355 [Listener at 127.0.0.1/38457] INFO  server.RaftServerConfigKeys (ConfUtils.java:logGet(46)) - raft.server.threadpool.proxy.size = 0 (default)
2022-07-12 21:05:03,364 [Listener at 127.0.0.1/38457] INFO  server.RaftServerConfigKeys (ConfUtils.java:logGet(46)) - raft.server.rpc.slowness.timeout = 300s (custom)
2022-07-12 21:05:03,364 [Listener at 127.0.0.1/38457] INFO  server.RaftServerConfigKeys (ConfUtils.java:logGet(46)) - raft.server.leaderelection.leader.step-down.wait-time = 10s (default)
2022-07-12 21:05:03,364 [Listener at 127.0.0.1/38457] INFO  server.RaftServerConfigKeys (ConfUtils.java:logGet(46)) - raft.server.storage.dir = [/home/runner/work/ozone/ozone/hadoop-ozone/integration-test/target/test-dir/MiniOzoneClusterImpl-82396f26-4b51-4819-9d3b-5aa507234af8/datanode-1/data/ratis] (custom)
2022-07-12 21:05:03,369 [Listener at 127.0.0.1/38457] INFO  server.XceiverServerGrpc (XceiverServerGrpc.java:<init>(132)) - GrpcServer channel type EpollServerSocketChannel
2022-07-12 21:05:03,372 [Listener at 127.0.0.1/38457] INFO  http.BaseHttpServer (BaseHttpServer.java:newHttpServer2BuilderForOzone(209)) - Starting Web-server for hddsDatanode at: http://0.0.0.0:0
2022-07-12 21:05:03,372 [Listener at 127.0.0.1/38457] INFO  http.BaseHttpServer (BaseHttpServer.java:<init>(107)) - Hadoop Security Enabled: false Ozone Security Enabled: false Ozone HTTP Security Enabled: false 
2022-07-12 21:05:03,373 [Listener at 127.0.0.1/38457] INFO  server.AuthenticationFilter (AuthenticationFilter.java:constructSecretProvider(240)) - Unable to initialize FileSignerSecretProvider, falling back to use random secrets.
2022-07-12 21:05:03,374 [Listener at 127.0.0.1/38457] WARN  http.HttpRequestLog (HttpRequestLog.java:getRequestLog(103)) - Jetty request log can only be enabled using Log4j
2022-07-12 21:05:03,375 [Listener at 127.0.0.1/38457] INFO  http.HttpServer2 (HttpServer2.java:addGlobalFilter(1029)) - Added global filter 'safety' (class=org.apache.hadoop.hdds.server.http.HttpServer2$QuotingInputFilter)
2022-07-12 21:05:03,376 [Listener at 127.0.0.1/38457] INFO  http.HttpServer2 (HttpServer2.java:addFilter(1005)) - Added filter static_user_filter (class=org.apache.hadoop.http.lib.StaticUserWebFilter$StaticUserFilter) to context hddsDatanode
2022-07-12 21:05:03,376 [Listener at 127.0.0.1/38457] INFO  http.HttpServer2 (HttpServer2.java:addFilter(1013)) - Added filter static_user_filter (class=org.apache.hadoop.http.lib.StaticUserWebFilter$StaticUserFilter) to context static
2022-07-12 21:05:03,376 [Listener at 127.0.0.1/38457] INFO  http.HttpServer2 (HttpServer2.java:addFilter(1013)) - Added filter static_user_filter (class=org.apache.hadoop.http.lib.StaticUserWebFilter$StaticUserFilter) to context logs
2022-07-12 21:05:03,377 [Listener at 127.0.0.1/38457] INFO  http.HttpServer2 (HttpServer2.java:bindListener(1248)) - Jetty bound to port 45583
2022-07-12 21:05:03,377 [Listener at 127.0.0.1/38457] INFO  server.Server (Server.java:doStart(375)) - jetty-9.4.43.v20210629; built: 2021-06-30T11:07:22.254Z; git: 526006ecfa3af7f1a27ef3a288e2bef7ea9dd7e8; jvm 1.8.0_332-b09
2022-07-12 21:05:03,404 [Listener at 127.0.0.1/38457] INFO  server.session (DefaultSessionIdManager.java:doStart(334)) - DefaultSessionIdManager workerName=node0
2022-07-12 21:05:03,405 [Listener at 127.0.0.1/38457] INFO  server.session (DefaultSessionIdManager.java:doStart(339)) - No SessionScavenger set, using defaults
2022-07-12 21:05:03,405 [Listener at 127.0.0.1/38457] INFO  server.session (HouseKeeper.java:startScavenging(132)) - node0 Scavenging every 600000ms
2022-07-12 21:05:03,406 [Listener at 127.0.0.1/38457] INFO  handler.ContextHandler (ContextHandler.java:doStart(915)) - Started o.e.j.s.ServletContextHandler@4fdec5a7{logs,/logs,file:///home/runner/work/ozone/ozone/hadoop-ozone/integration-test/target/log,AVAILABLE}
2022-07-12 21:05:03,406 [Listener at 127.0.0.1/38457] INFO  handler.ContextHandler (ContextHandler.java:doStart(915)) - Started o.e.j.s.ServletContextHandler@5d16e813{static,/static,jar:file:/home/runner/.m2/repository/org/apache/ozone/hdds-container-service/1.3.0-SNAPSHOT/hdds-container-service-1.3.0-SNAPSHOT.jar!/webapps/static,AVAILABLE}
2022-07-12 21:05:03,900 [Listener at 127.0.0.1/38457] INFO  handler.ContextHandler (ContextHandler.java:doStart(915)) - Started o.e.j.w.WebAppContext@7db2df20{hddsDatanode,/,file:///tmp/jetty-0_0_0_0-45583-hdds-container-service-1_3_0-SNAPSHOT_jar-_-any-1123489424894893989/webapp/,AVAILABLE}{jar:file:/home/runner/.m2/repository/org/apache/ozone/hdds-container-service/1.3.0-SNAPSHOT/hdds-container-service-1.3.0-SNAPSHOT.jar!/webapps/hddsDatanode}
2022-07-12 21:05:03,912 [Listener at 127.0.0.1/38457] INFO  server.AbstractConnector (AbstractConnector.java:doStart(331)) - Started ServerConnector@6140623a{HTTP/1.1, (http/1.1)}{0.0.0.0:45583}
2022-07-12 21:05:03,912 [Listener at 127.0.0.1/38457] INFO  server.Server (Server.java:doStart(415)) - Started @83656ms
2022-07-12 21:05:03,912 [Listener at 127.0.0.1/38457] WARN  impl.MetricsSystemImpl (MetricsSystemImpl.java:register(279)) - Sink prometheus already exists!
2022-07-12 21:05:03,923 [Listener at 127.0.0.1/38457] INFO  http.BaseHttpServer (BaseHttpServer.java:updateConnectorAddress(329)) - HTTP server of hddsDatanode listening at http://0.0.0.0:45583
2022-07-12 21:05:03,931 [Datanode State Machine Daemon Thread] INFO  statemachine.DatanodeStateMachine (DatanodeStateMachine.java:lambda$startDaemon$0(492)) - Ozone container server started.
2022-07-12 21:05:03,932 [Listener at 127.0.0.1/38457] WARN  impl.MetricRegistriesImpl (MetricRegistriesImpl.java:addReporterRegistration(111)) - New reporters are added after registries were created. Some metrics will be missing from the reporter. Please add reporter before adding any new registry.
2022-07-12 21:05:03,948 [Listener at 127.0.0.1/38457] WARN  impl.MetricRegistriesImpl (MetricRegistriesImpl.java:addReporterRegistration(111)) - New reporters are added after registries were created. Some metrics will be missing from the reporter. Please add reporter before adding any new registry.
2022-07-12 21:05:03,948 [Listener at 127.0.0.1/38457] INFO  impl.MetricsSystemImpl (MetricsSystemImpl.java:init(158)) - HddsDatanode metrics system started (again)
2022-07-12 21:05:03,938 [org.apache.hadoop.util.JvmPauseMonitor$Monitor@39858785] INFO  util.JvmPauseMonitor (JvmPauseMonitor.java:run(188)) - Starting JVM pause monitor
2022-07-12 21:05:03,959 [Datanode State Machine Task Thread - 0] INFO  datanode.InitDatanodeState (InitDatanodeState.java:persistContainerDatanodeDetails(138)) - DatanodeDetails is persisted to /home/runner/work/ozone/ozone/hadoop-ozone/integration-test/target/test-dir/MiniOzoneClusterImpl-82396f26-4b51-4819-9d3b-5aa507234af8/datanode-1/meta/datanode.id
2022-07-12 21:05:03,978 [Listener at 127.0.0.1/38457] INFO  ozone.HddsDatanodeService (HddsDatanodeService.java:start(236)) - HddsDatanodeService host:fv-az452-57.ku3lqr0aiaqu5kfj3xdpchcrvd.dx.internal.cloudapp.net ip:10.1.0.20
2022-07-12 21:05:04,011 [Listener at 127.0.0.1/38457] INFO  upgrade.AbstractLayoutVersionManager (AbstractLayoutVersionManager.java:init(82)) - Initializing Layout version manager with metadata layout = DATANODE_SCHEMA_V3 (version = 4), software layout = DATANODE_SCHEMA_V3 (version = 4)
2022-07-12 21:05:04,120 [Listener at 127.0.0.1/38457] INFO  reflections.Reflections (Reflections.java:scan(232)) - Reflections took 107 ms to scan 7 urls, producing 132 keys and 317 values 
2022-07-12 21:05:04,138 [Listener at 127.0.0.1/38457] INFO  statemachine.DatanodeStateMachine (DatanodeStateMachine.java:getEndPointTaskThreadPoolSize(237)) - Datanode State Machine Task Thread Pool size 2
2022-07-12 21:05:04,150 [Listener at 127.0.0.1/38457] INFO  volume.HddsVolume (HddsVolume.java:<init>(116)) - Creating HddsVolume: /home/runner/work/ozone/ozone/hadoop-ozone/integration-test/target/test-dir/MiniOzoneClusterImpl-82396f26-4b51-4819-9d3b-5aa507234af8/datanode-2/data-0/containers/hdds of storage type : DISK capacity : 9223372036854775807
2022-07-12 21:05:04,150 [Listener at 127.0.0.1/38457] INFO  volume.MutableVolumeSet (MutableVolumeSet.java:initializeVolumeSet(174)) - Added Volume : /home/runner/work/ozone/ozone/hadoop-ozone/integration-test/target/test-dir/MiniOzoneClusterImpl-82396f26-4b51-4819-9d3b-5aa507234af8/datanode-2/data-0/containers/hdds to VolumeSet
2022-07-12 21:05:04,150 [Listener at 127.0.0.1/38457] INFO  volume.ThrottledAsyncChecker (ThrottledAsyncChecker.java:schedule(141)) - Scheduling a check for /home/runner/work/ozone/ozone/hadoop-ozone/integration-test/target/test-dir/MiniOzoneClusterImpl-82396f26-4b51-4819-9d3b-5aa507234af8/datanode-2/data-0/containers/hdds
2022-07-12 21:05:04,171 [Listener at 127.0.0.1/38457] INFO  volume.StorageVolumeChecker (StorageVolumeChecker.java:checkAllVolumes(202)) - Scheduled health check for volume /home/runner/work/ozone/ozone/hadoop-ozone/integration-test/target/test-dir/MiniOzoneClusterImpl-82396f26-4b51-4819-9d3b-5aa507234af8/datanode-2/data-0/containers/hdds
2022-07-12 21:05:04,203 [Listener at 127.0.0.1/38457] INFO  volume.MutableVolumeSet (MutableVolumeSet.java:initializeVolumeSet(174)) - Added Volume : /home/runner/work/ozone/ozone/hadoop-ozone/integration-test/target/test-dir/MiniOzoneClusterImpl-82396f26-4b51-4819-9d3b-5aa507234af8/datanode-2/data/ratis to VolumeSet
2022-07-12 21:05:04,205 [Listener at 127.0.0.1/38457] INFO  volume.ThrottledAsyncChecker (ThrottledAsyncChecker.java:schedule(141)) - Scheduling a check for /home/runner/work/ozone/ozone/hadoop-ozone/integration-test/target/test-dir/MiniOzoneClusterImpl-82396f26-4b51-4819-9d3b-5aa507234af8/datanode-2/data/ratis
2022-07-12 21:05:04,205 [Listener at 127.0.0.1/38457] INFO  volume.StorageVolumeChecker (StorageVolumeChecker.java:checkAllVolumes(202)) - Scheduled health check for volume /home/runner/work/ozone/ozone/hadoop-ozone/integration-test/target/test-dir/MiniOzoneClusterImpl-82396f26-4b51-4819-9d3b-5aa507234af8/datanode-2/data/ratis
2022-07-12 21:05:04,252 [Thread-661] INFO  ozoneimpl.ContainerReader (ContainerReader.java:readVolume(175)) - Finish verifying containers on volume /home/runner/work/ozone/ozone/hadoop-ozone/integration-test/target/test-dir/MiniOzoneClusterImpl-82396f26-4b51-4819-9d3b-5aa507234af8/datanode-2/data-0/containers/hdds
2022-07-12 21:05:04,252 [Listener at 127.0.0.1/38457] INFO  ozoneimpl.OzoneContainer (OzoneContainer.java:buildContainerSet(266)) - Build ContainerSet costs 0s
2022-07-12 21:05:04,254 [Listener at 127.0.0.1/38457] INFO  server.RaftServer (ConfUtils.java:logGet(46)) - raft.rpc.type = GRPC (default)
2022-07-12 21:05:04,254 [Listener at 127.0.0.1/38457] INFO  grpc.GrpcFactory (GrpcFactory.java:checkPooledByteBufAllocatorUseCacheForAllThreads(48)) - PERFORMANCE WARNING: useCacheForAllThreads is true that may cause Netty to create a lot garbage objects and, as a result, trigger GC.
	It is recommended to disable useCacheForAllThreads by setting -Dorg.apache.ratis.thirdparty.io.netty.allocator.useCacheForAllThreads=false in command line.
2022-07-12 21:05:04,254 [Listener at 127.0.0.1/38457] INFO  grpc.GrpcConfigKeys (ConfUtils.java:logGet(46)) - raft.grpc.admin.port = 0 (custom)
2022-07-12 21:05:04,255 [Listener at 127.0.0.1/38457] INFO  grpc.GrpcConfigKeys (ConfUtils.java:logGet(46)) - raft.grpc.client.port = 0 (custom)
2022-07-12 21:05:04,255 [Listener at 127.0.0.1/38457] INFO  grpc.GrpcConfigKeys (ConfUtils.java:logGet(46)) - raft.grpc.server.port = 0 (default)
2022-07-12 21:05:04,255 [Listener at 127.0.0.1/38457] INFO  server.GrpcService (ConfUtils.java:logGet(46)) - raft.grpc.message.size.max = 32MB (=33554432) (custom)
2022-07-12 21:05:04,255 [Listener at 127.0.0.1/38457] INFO  server.RaftServerConfigKeys (ConfUtils.java:logGet(46)) - raft.server.log.appender.buffer.byte-limit = 33554432 (custom)
2022-07-12 21:05:04,255 [Listener at 127.0.0.1/38457] INFO  server.GrpcService (ConfUtils.java:logGet(46)) - raft.grpc.flow.control.window = 5MB (=5242880) (custom)
2022-07-12 21:05:04,255 [Listener at 127.0.0.1/38457] INFO  server.RaftServerConfigKeys (ConfUtils.java:logGet(46)) - raft.server.rpc.request.timeout = 60s (custom)
2022-07-12 21:05:04,255 [Listener at 127.0.0.1/38457] INFO  grpc.GrpcConfigKeys (ConfUtils.java:logGet(46)) - raft.grpc.server.async.request.thread.pool.cached = true (default)
2022-07-12 21:05:04,258 [Listener at 127.0.0.1/38457] INFO  grpc.GrpcConfigKeys (ConfUtils.java:logGet(46)) - raft.grpc.server.async.request.thread.pool.size = 32 (default)
2022-07-12 21:05:04,263 [Listener at 127.0.0.1/38457] INFO  impl.DataStreamServerImpl (ConfUtils.java:logGet(46)) - raft.datastream.type = DISABLED (default)
2022-07-12 21:05:04,264 [Listener at 127.0.0.1/38457] INFO  server.RaftServerConfigKeys (ConfUtils.java:logGet(46)) - raft.server.threadpool.proxy.cached = true (default)
2022-07-12 21:05:04,264 [Listener at 127.0.0.1/38457] INFO  server.RaftServerConfigKeys (ConfUtils.java:logGet(46)) - raft.server.threadpool.proxy.size = 0 (default)
2022-07-12 21:05:04,264 [Listener at 127.0.0.1/38457] INFO  server.RaftServerConfigKeys (ConfUtils.java:logGet(46)) - raft.server.rpc.slowness.timeout = 300s (custom)
2022-07-12 21:05:04,264 [Listener at 127.0.0.1/38457] INFO  server.RaftServerConfigKeys (ConfUtils.java:logGet(46)) - raft.server.leaderelection.leader.step-down.wait-time = 10s (default)
2022-07-12 21:05:04,264 [Listener at 127.0.0.1/38457] INFO  server.RaftServerConfigKeys (ConfUtils.java:logGet(46)) - raft.server.storage.dir = [/home/runner/work/ozone/ozone/hadoop-ozone/integration-test/target/test-dir/MiniOzoneClusterImpl-82396f26-4b51-4819-9d3b-5aa507234af8/datanode-2/data/ratis] (custom)
2022-07-12 21:05:04,269 [Listener at 127.0.0.1/38457] INFO  server.XceiverServerGrpc (XceiverServerGrpc.java:<init>(132)) - GrpcServer channel type EpollServerSocketChannel
2022-07-12 21:05:04,286 [Listener at 127.0.0.1/38457] INFO  http.BaseHttpServer (BaseHttpServer.java:newHttpServer2BuilderForOzone(209)) - Starting Web-server for hddsDatanode at: http://0.0.0.0:0
2022-07-12 21:05:04,287 [Listener at 127.0.0.1/38457] INFO  http.BaseHttpServer (BaseHttpServer.java:<init>(107)) - Hadoop Security Enabled: false Ozone Security Enabled: false Ozone HTTP Security Enabled: false 
2022-07-12 21:05:04,288 [Listener at 127.0.0.1/38457] INFO  server.AuthenticationFilter (AuthenticationFilter.java:constructSecretProvider(240)) - Unable to initialize FileSignerSecretProvider, falling back to use random secrets.
2022-07-12 21:05:04,291 [Listener at 127.0.0.1/38457] WARN  http.HttpRequestLog (HttpRequestLog.java:getRequestLog(103)) - Jetty request log can only be enabled using Log4j
2022-07-12 21:05:04,293 [Listener at 127.0.0.1/38457] INFO  http.HttpServer2 (HttpServer2.java:addGlobalFilter(1029)) - Added global filter 'safety' (class=org.apache.hadoop.hdds.server.http.HttpServer2$QuotingInputFilter)
2022-07-12 21:05:04,294 [Listener at 127.0.0.1/38457] INFO  http.HttpServer2 (HttpServer2.java:addFilter(1005)) - Added filter static_user_filter (class=org.apache.hadoop.http.lib.StaticUserWebFilter$StaticUserFilter) to context hddsDatanode
2022-07-12 21:05:04,295 [Listener at 127.0.0.1/38457] INFO  http.HttpServer2 (HttpServer2.java:addFilter(1013)) - Added filter static_user_filter (class=org.apache.hadoop.http.lib.StaticUserWebFilter$StaticUserFilter) to context static
2022-07-12 21:05:04,295 [Listener at 127.0.0.1/38457] INFO  http.HttpServer2 (HttpServer2.java:addFilter(1013)) - Added filter static_user_filter (class=org.apache.hadoop.http.lib.StaticUserWebFilter$StaticUserFilter) to context logs
2022-07-12 21:05:04,297 [Listener at 127.0.0.1/38457] INFO  http.HttpServer2 (HttpServer2.java:bindListener(1248)) - Jetty bound to port 45253
2022-07-12 21:05:04,297 [Listener at 127.0.0.1/38457] INFO  server.Server (Server.java:doStart(375)) - jetty-9.4.43.v20210629; built: 2021-06-30T11:07:22.254Z; git: 526006ecfa3af7f1a27ef3a288e2bef7ea9dd7e8; jvm 1.8.0_332-b09
2022-07-12 21:05:04,300 [Listener at 127.0.0.1/38457] INFO  server.session (DefaultSessionIdManager.java:doStart(334)) - DefaultSessionIdManager workerName=node0
2022-07-12 21:05:04,300 [Listener at 127.0.0.1/38457] INFO  server.session (DefaultSessionIdManager.java:doStart(339)) - No SessionScavenger set, using defaults
2022-07-12 21:05:04,300 [Listener at 127.0.0.1/38457] INFO  server.session (HouseKeeper.java:startScavenging(132)) - node0 Scavenging every 660000ms
2022-07-12 21:05:04,307 [Listener at 127.0.0.1/38457] INFO  handler.ContextHandler (ContextHandler.java:doStart(915)) - Started o.e.j.s.ServletContextHandler@3541b5ad{logs,/logs,file:///home/runner/work/ozone/ozone/hadoop-ozone/integration-test/target/log,AVAILABLE}
2022-07-12 21:05:04,307 [Listener at 127.0.0.1/38457] INFO  handler.ContextHandler (ContextHandler.java:doStart(915)) - Started o.e.j.s.ServletContextHandler@e1a9669{static,/static,jar:file:/home/runner/.m2/repository/org/apache/ozone/hdds-container-service/1.3.0-SNAPSHOT/hdds-container-service-1.3.0-SNAPSHOT.jar!/webapps/static,AVAILABLE}
2022-07-12 21:05:04,715 [Listener at 127.0.0.1/38457] INFO  handler.ContextHandler (ContextHandler.java:doStart(915)) - Started o.e.j.w.WebAppContext@3c205a8e{hddsDatanode,/,file:///tmp/jetty-0_0_0_0-45253-hdds-container-service-1_3_0-SNAPSHOT_jar-_-any-5044429103619257219/webapp/,AVAILABLE}{jar:file:/home/runner/.m2/repository/org/apache/ozone/hdds-container-service/1.3.0-SNAPSHOT/hdds-container-service-1.3.0-SNAPSHOT.jar!/webapps/hddsDatanode}
2022-07-12 21:05:04,726 [Listener at 127.0.0.1/38457] INFO  server.AbstractConnector (AbstractConnector.java:doStart(331)) - Started ServerConnector@91115f9{HTTP/1.1, (http/1.1)}{0.0.0.0:45253}
2022-07-12 21:05:04,726 [Listener at 127.0.0.1/38457] INFO  server.Server (Server.java:doStart(415)) - Started @84470ms
2022-07-12 21:05:04,726 [Listener at 127.0.0.1/38457] WARN  impl.MetricsSystemImpl (MetricsSystemImpl.java:register(279)) - Sink prometheus already exists!
2022-07-12 21:05:04,727 [Listener at 127.0.0.1/38457] INFO  http.BaseHttpServer (BaseHttpServer.java:updateConnectorAddress(329)) - HTTP server of hddsDatanode listening at http://0.0.0.0:45253
2022-07-12 21:05:04,738 [Datanode State Machine Daemon Thread] INFO  statemachine.DatanodeStateMachine (DatanodeStateMachine.java:lambda$startDaemon$0(492)) - Ozone container server started.
2022-07-12 21:05:04,768 [org.apache.hadoop.util.JvmPauseMonitor$Monitor@54316cf7] INFO  util.JvmPauseMonitor (JvmPauseMonitor.java:run(188)) - Starting JVM pause monitor
2022-07-12 21:05:04,784 [Listener at 127.0.0.1/38457] WARN  impl.MetricRegistriesImpl (MetricRegistriesImpl.java:addReporterRegistration(111)) - New reporters are added after registries were created. Some metrics will be missing from the reporter. Please add reporter before adding any new registry.
2022-07-12 21:05:04,784 [Listener at 127.0.0.1/38457] WARN  impl.MetricRegistriesImpl (MetricRegistriesImpl.java:addReporterRegistration(111)) - New reporters are added after registries were created. Some metrics will be missing from the reporter. Please add reporter before adding any new registry.
2022-07-12 21:05:04,784 [Listener at 127.0.0.1/38457] INFO  impl.MetricsSystemImpl (MetricsSystemImpl.java:init(158)) - HddsDatanode metrics system started (again)
2022-07-12 21:05:04,792 [Datanode State Machine Task Thread - 0] INFO  datanode.InitDatanodeState (InitDatanodeState.java:persistContainerDatanodeDetails(138)) - DatanodeDetails is persisted to /home/runner/work/ozone/ozone/hadoop-ozone/integration-test/target/test-dir/MiniOzoneClusterImpl-82396f26-4b51-4819-9d3b-5aa507234af8/datanode-2/meta/datanode.id
2022-07-12 21:05:04,822 [Listener at 127.0.0.1/38457] INFO  ozone.HddsDatanodeService (HddsDatanodeService.java:start(236)) - HddsDatanodeService host:fv-az452-57.ku3lqr0aiaqu5kfj3xdpchcrvd.dx.internal.cloudapp.net ip:10.1.0.20
2022-07-12 21:05:04,893 [Listener at 127.0.0.1/38457] INFO  upgrade.AbstractLayoutVersionManager (AbstractLayoutVersionManager.java:init(82)) - Initializing Layout version manager with metadata layout = DATANODE_SCHEMA_V3 (version = 4), software layout = DATANODE_SCHEMA_V3 (version = 4)
2022-07-12 21:05:05,019 [Listener at 127.0.0.1/38457] INFO  reflections.Reflections (Reflections.java:scan(232)) - Reflections took 125 ms to scan 7 urls, producing 132 keys and 317 values 
2022-07-12 21:05:05,023 [Listener at 127.0.0.1/38457] INFO  statemachine.DatanodeStateMachine (DatanodeStateMachine.java:getEndPointTaskThreadPoolSize(237)) - Datanode State Machine Task Thread Pool size 2
2022-07-12 21:05:05,031 [Listener at 127.0.0.1/38457] INFO  volume.HddsVolume (HddsVolume.java:<init>(116)) - Creating HddsVolume: /home/runner/work/ozone/ozone/hadoop-ozone/integration-test/target/test-dir/MiniOzoneClusterImpl-82396f26-4b51-4819-9d3b-5aa507234af8/datanode-3/data-0/containers/hdds of storage type : DISK capacity : 9223372036854775807
2022-07-12 21:05:05,031 [Listener at 127.0.0.1/38457] INFO  volume.MutableVolumeSet (MutableVolumeSet.java:initializeVolumeSet(174)) - Added Volume : /home/runner/work/ozone/ozone/hadoop-ozone/integration-test/target/test-dir/MiniOzoneClusterImpl-82396f26-4b51-4819-9d3b-5aa507234af8/datanode-3/data-0/containers/hdds to VolumeSet
2022-07-12 21:05:05,031 [Listener at 127.0.0.1/38457] INFO  volume.ThrottledAsyncChecker (ThrottledAsyncChecker.java:schedule(141)) - Scheduling a check for /home/runner/work/ozone/ozone/hadoop-ozone/integration-test/target/test-dir/MiniOzoneClusterImpl-82396f26-4b51-4819-9d3b-5aa507234af8/datanode-3/data-0/containers/hdds
2022-07-12 21:05:05,047 [Listener at 127.0.0.1/38457] INFO  volume.StorageVolumeChecker (StorageVolumeChecker.java:checkAllVolumes(202)) - Scheduled health check for volume /home/runner/work/ozone/ozone/hadoop-ozone/integration-test/target/test-dir/MiniOzoneClusterImpl-82396f26-4b51-4819-9d3b-5aa507234af8/datanode-3/data-0/containers/hdds
2022-07-12 21:05:05,071 [Listener at 127.0.0.1/38457] INFO  volume.MutableVolumeSet (MutableVolumeSet.java:initializeVolumeSet(174)) - Added Volume : /home/runner/work/ozone/ozone/hadoop-ozone/integration-test/target/test-dir/MiniOzoneClusterImpl-82396f26-4b51-4819-9d3b-5aa507234af8/datanode-3/data/ratis to VolumeSet
2022-07-12 21:05:05,071 [Listener at 127.0.0.1/38457] INFO  volume.ThrottledAsyncChecker (ThrottledAsyncChecker.java:schedule(141)) - Scheduling a check for /home/runner/work/ozone/ozone/hadoop-ozone/integration-test/target/test-dir/MiniOzoneClusterImpl-82396f26-4b51-4819-9d3b-5aa507234af8/datanode-3/data/ratis
2022-07-12 21:05:05,072 [Listener at 127.0.0.1/38457] INFO  volume.StorageVolumeChecker (StorageVolumeChecker.java:checkAllVolumes(202)) - Scheduled health check for volume /home/runner/work/ozone/ozone/hadoop-ozone/integration-test/target/test-dir/MiniOzoneClusterImpl-82396f26-4b51-4819-9d3b-5aa507234af8/datanode-3/data/ratis
2022-07-12 21:05:05,126 [Thread-674] INFO  ozoneimpl.ContainerReader (ContainerReader.java:readVolume(175)) - Finish verifying containers on volume /home/runner/work/ozone/ozone/hadoop-ozone/integration-test/target/test-dir/MiniOzoneClusterImpl-82396f26-4b51-4819-9d3b-5aa507234af8/datanode-3/data-0/containers/hdds
2022-07-12 21:05:05,126 [Listener at 127.0.0.1/38457] INFO  ozoneimpl.OzoneContainer (OzoneContainer.java:buildContainerSet(266)) - Build ContainerSet costs 0s
2022-07-12 21:05:05,129 [Listener at 127.0.0.1/38457] INFO  server.RaftServer (ConfUtils.java:logGet(46)) - raft.rpc.type = GRPC (default)
2022-07-12 21:05:05,129 [Listener at 127.0.0.1/38457] INFO  grpc.GrpcFactory (GrpcFactory.java:checkPooledByteBufAllocatorUseCacheForAllThreads(48)) - PERFORMANCE WARNING: useCacheForAllThreads is true that may cause Netty to create a lot garbage objects and, as a result, trigger GC.
	It is recommended to disable useCacheForAllThreads by setting -Dorg.apache.ratis.thirdparty.io.netty.allocator.useCacheForAllThreads=false in command line.
2022-07-12 21:05:05,129 [Listener at 127.0.0.1/38457] INFO  grpc.GrpcConfigKeys (ConfUtils.java:logGet(46)) - raft.grpc.admin.port = 0 (custom)
2022-07-12 21:05:05,129 [Listener at 127.0.0.1/38457] INFO  grpc.GrpcConfigKeys (ConfUtils.java:logGet(46)) - raft.grpc.client.port = 0 (custom)
2022-07-12 21:05:05,129 [Listener at 127.0.0.1/38457] INFO  grpc.GrpcConfigKeys (ConfUtils.java:logGet(46)) - raft.grpc.server.port = 0 (default)
2022-07-12 21:05:05,129 [Listener at 127.0.0.1/38457] INFO  server.GrpcService (ConfUtils.java:logGet(46)) - raft.grpc.message.size.max = 32MB (=33554432) (custom)
2022-07-12 21:05:05,129 [Listener at 127.0.0.1/38457] INFO  server.RaftServerConfigKeys (ConfUtils.java:logGet(46)) - raft.server.log.appender.buffer.byte-limit = 33554432 (custom)
2022-07-12 21:05:05,130 [Listener at 127.0.0.1/38457] INFO  server.GrpcService (ConfUtils.java:logGet(46)) - raft.grpc.flow.control.window = 5MB (=5242880) (custom)
2022-07-12 21:05:05,130 [Listener at 127.0.0.1/38457] INFO  server.RaftServerConfigKeys (ConfUtils.java:logGet(46)) - raft.server.rpc.request.timeout = 60s (custom)
2022-07-12 21:05:05,130 [Listener at 127.0.0.1/38457] INFO  grpc.GrpcConfigKeys (ConfUtils.java:logGet(46)) - raft.grpc.server.async.request.thread.pool.cached = true (default)
2022-07-12 21:05:05,130 [Listener at 127.0.0.1/38457] INFO  grpc.GrpcConfigKeys (ConfUtils.java:logGet(46)) - raft.grpc.server.async.request.thread.pool.size = 32 (default)
2022-07-12 21:05:05,132 [Listener at 127.0.0.1/38457] INFO  impl.DataStreamServerImpl (ConfUtils.java:logGet(46)) - raft.datastream.type = DISABLED (default)
2022-07-12 21:05:05,132 [Listener at 127.0.0.1/38457] INFO  server.RaftServerConfigKeys (ConfUtils.java:logGet(46)) - raft.server.threadpool.proxy.cached = true (default)
2022-07-12 21:05:05,132 [Listener at 127.0.0.1/38457] INFO  server.RaftServerConfigKeys (ConfUtils.java:logGet(46)) - raft.server.threadpool.proxy.size = 0 (default)
2022-07-12 21:05:05,132 [Listener at 127.0.0.1/38457] INFO  server.RaftServerConfigKeys (ConfUtils.java:logGet(46)) - raft.server.rpc.slowness.timeout = 300s (custom)
2022-07-12 21:05:05,133 [Listener at 127.0.0.1/38457] INFO  server.RaftServerConfigKeys (ConfUtils.java:logGet(46)) - raft.server.leaderelection.leader.step-down.wait-time = 10s (default)
2022-07-12 21:05:05,133 [Listener at 127.0.0.1/38457] INFO  server.RaftServerConfigKeys (ConfUtils.java:logGet(46)) - raft.server.storage.dir = [/home/runner/work/ozone/ozone/hadoop-ozone/integration-test/target/test-dir/MiniOzoneClusterImpl-82396f26-4b51-4819-9d3b-5aa507234af8/datanode-3/data/ratis] (custom)
2022-07-12 21:05:05,150 [Listener at 127.0.0.1/38457] INFO  server.XceiverServerGrpc (XceiverServerGrpc.java:<init>(132)) - GrpcServer channel type EpollServerSocketChannel
2022-07-12 21:05:05,160 [Listener at 127.0.0.1/38457] INFO  http.BaseHttpServer (BaseHttpServer.java:newHttpServer2BuilderForOzone(209)) - Starting Web-server for hddsDatanode at: http://0.0.0.0:0
2022-07-12 21:05:05,160 [Listener at 127.0.0.1/38457] INFO  http.BaseHttpServer (BaseHttpServer.java:<init>(107)) - Hadoop Security Enabled: false Ozone Security Enabled: false Ozone HTTP Security Enabled: false 
2022-07-12 21:05:05,162 [Listener at 127.0.0.1/38457] INFO  server.AuthenticationFilter (AuthenticationFilter.java:constructSecretProvider(240)) - Unable to initialize FileSignerSecretProvider, falling back to use random secrets.
2022-07-12 21:05:05,166 [Listener at 127.0.0.1/38457] WARN  http.HttpRequestLog (HttpRequestLog.java:getRequestLog(103)) - Jetty request log can only be enabled using Log4j
2022-07-12 21:05:05,169 [Listener at 127.0.0.1/38457] INFO  http.HttpServer2 (HttpServer2.java:addGlobalFilter(1029)) - Added global filter 'safety' (class=org.apache.hadoop.hdds.server.http.HttpServer2$QuotingInputFilter)
2022-07-12 21:05:05,170 [Listener at 127.0.0.1/38457] INFO  http.HttpServer2 (HttpServer2.java:addFilter(1005)) - Added filter static_user_filter (class=org.apache.hadoop.http.lib.StaticUserWebFilter$StaticUserFilter) to context hddsDatanode
2022-07-12 21:05:05,170 [Listener at 127.0.0.1/38457] INFO  http.HttpServer2 (HttpServer2.java:addFilter(1013)) - Added filter static_user_filter (class=org.apache.hadoop.http.lib.StaticUserWebFilter$StaticUserFilter) to context logs
2022-07-12 21:05:05,170 [Listener at 127.0.0.1/38457] INFO  http.HttpServer2 (HttpServer2.java:addFilter(1013)) - Added filter static_user_filter (class=org.apache.hadoop.http.lib.StaticUserWebFilter$StaticUserFilter) to context static
2022-07-12 21:05:05,171 [Listener at 127.0.0.1/38457] INFO  http.HttpServer2 (HttpServer2.java:bindListener(1248)) - Jetty bound to port 33051
2022-07-12 21:05:05,173 [Listener at 127.0.0.1/38457] INFO  server.Server (Server.java:doStart(375)) - jetty-9.4.43.v20210629; built: 2021-06-30T11:07:22.254Z; git: 526006ecfa3af7f1a27ef3a288e2bef7ea9dd7e8; jvm 1.8.0_332-b09
2022-07-12 21:05:05,209 [Listener at 127.0.0.1/38457] INFO  server.session (DefaultSessionIdManager.java:doStart(334)) - DefaultSessionIdManager workerName=node0
2022-07-12 21:05:05,209 [Listener at 127.0.0.1/38457] INFO  server.session (DefaultSessionIdManager.java:doStart(339)) - No SessionScavenger set, using defaults
2022-07-12 21:05:05,209 [Listener at 127.0.0.1/38457] INFO  server.session (HouseKeeper.java:startScavenging(132)) - node0 Scavenging every 600000ms
2022-07-12 21:05:05,210 [Listener at 127.0.0.1/38457] INFO  handler.ContextHandler (ContextHandler.java:doStart(915)) - Started o.e.j.s.ServletContextHandler@a4254b9{logs,/logs,file:///home/runner/work/ozone/ozone/hadoop-ozone/integration-test/target/log,AVAILABLE}
2022-07-12 21:05:05,211 [Listener at 127.0.0.1/38457] INFO  handler.ContextHandler (ContextHandler.java:doStart(915)) - Started o.e.j.s.ServletContextHandler@7735a93e{static,/static,jar:file:/home/runner/.m2/repository/org/apache/ozone/hdds-container-service/1.3.0-SNAPSHOT/hdds-container-service-1.3.0-SNAPSHOT.jar!/webapps/static,AVAILABLE}
2022-07-12 21:05:05,256 [EndpointStateMachine task thread for /0.0.0.0:46329 - 0 ] INFO  volume.HddsVolume (HddsVolume.java:createDbStore(309)) - SchemaV3 db is created and loaded at /home/runner/work/ozone/ozone/hadoop-ozone/integration-test/target/test-dir/MiniOzoneClusterImpl-82396f26-4b51-4819-9d3b-5aa507234af8/datanode-0/data-0/containers/hdds/82396f26-4b51-4819-9d3b-5aa507234af8/DS-dd7e746e-b0f6-46ca-9157-44ad2b0d9c1e/container.db for volume DS-dd7e746e-b0f6-46ca-9157-44ad2b0d9c1e
2022-07-12 21:05:05,259 [EndpointStateMachine task thread for /0.0.0.0:46329 - 0 ] INFO  volume.HddsVolume (HddsVolume.java:closeDbStore(340)) - SchemaV3 db is stopped at /home/runner/work/ozone/ozone/hadoop-ozone/integration-test/target/test-dir/MiniOzoneClusterImpl-82396f26-4b51-4819-9d3b-5aa507234af8/datanode-0/data-0/containers/hdds/82396f26-4b51-4819-9d3b-5aa507234af8/DS-dd7e746e-b0f6-46ca-9157-44ad2b0d9c1e/container.db for volume DS-dd7e746e-b0f6-46ca-9157-44ad2b0d9c1e
2022-07-12 21:05:05,259 [EndpointStateMachine task thread for /0.0.0.0:46329 - 0 ] INFO  ozoneimpl.OzoneContainer (OzoneContainer.java:start(344)) - Attempting to start container services.
2022-07-12 21:05:05,259 [EndpointStateMachine task thread for /0.0.0.0:46329 - 0 ] INFO  ozoneimpl.OzoneContainer (OzoneContainer.java:startContainerScrub(279)) - Background container scanner has been disabled.
2022-07-12 21:05:05,262 [EndpointStateMachine task thread for /0.0.0.0:46329 - 0 ] INFO  replication.ReplicationServer (ReplicationServer.java:start(111)) - ReplicationServer is started using port 37415
2022-07-12 21:05:05,262 [EndpointStateMachine task thread for /0.0.0.0:46329 - 0 ] INFO  ratis.XceiverServerRatis (XceiverServerRatis.java:start(481)) - Starting XceiverServerRatis f5c54527-7221-49d9-b9b4-cc0a1023d383
2022-07-12 21:05:05,267 [EndpointStateMachine task thread for /0.0.0.0:46329 - 0 ] INFO  server.RaftServer (RaftServerProxy.java:lambda$start$6(382)) - f5c54527-7221-49d9-b9b4-cc0a1023d383: start RPC server
2022-07-12 21:05:05,275 [EndpointStateMachine task thread for /0.0.0.0:46329 - 0 ] INFO  server.GrpcService (GrpcService.java:startImpl(260)) - f5c54527-7221-49d9-b9b4-cc0a1023d383: GrpcService started, listening on 37817
2022-07-12 21:05:05,287 [EndpointStateMachine task thread for /0.0.0.0:46329 - 0 ] INFO  ratis.XceiverServerRatis (XceiverServerRatis.java:getRealPort(502)) - XceiverServerRatis f5c54527-7221-49d9-b9b4-cc0a1023d383 is started using port 37817 for RATIS
2022-07-12 21:05:05,287 [EndpointStateMachine task thread for /0.0.0.0:46329 - 0 ] INFO  ratis.XceiverServerRatis (XceiverServerRatis.java:getRealPort(502)) - XceiverServerRatis f5c54527-7221-49d9-b9b4-cc0a1023d383 is started using port 37817 for RATIS_ADMIN
2022-07-12 21:05:05,287 [EndpointStateMachine task thread for /0.0.0.0:46329 - 0 ] INFO  ratis.XceiverServerRatis (XceiverServerRatis.java:getRealPort(502)) - XceiverServerRatis f5c54527-7221-49d9-b9b4-cc0a1023d383 is started using port 37817 for RATIS_SERVER
2022-07-12 21:05:05,291 [org.apache.ratis.util.JvmPauseMonitor$$Lambda$613/1050667922@60e55bdc] INFO  util.JvmPauseMonitor (JvmPauseMonitor.java:run(103)) - JvmPauseMonitor-f5c54527-7221-49d9-b9b4-cc0a1023d383: Started
2022-07-12 21:05:05,312 [EndpointStateMachine task thread for /0.0.0.0:46329 - 0 ] INFO  server.XceiverServerGrpc (XceiverServerGrpc.java:start(180)) - XceiverServerGrpc f5c54527-7221-49d9-b9b4-cc0a1023d383 is started using port 43931
2022-07-12 21:05:05,813 [Listener at 127.0.0.1/38457] INFO  handler.ContextHandler (ContextHandler.java:doStart(915)) - Started o.e.j.w.WebAppContext@78e88d5b{hddsDatanode,/,file:///tmp/jetty-0_0_0_0-33051-hdds-container-service-1_3_0-SNAPSHOT_jar-_-any-7385208238897183978/webapp/,AVAILABLE}{jar:file:/home/runner/.m2/repository/org/apache/ozone/hdds-container-service/1.3.0-SNAPSHOT/hdds-container-service-1.3.0-SNAPSHOT.jar!/webapps/hddsDatanode}
2022-07-12 21:05:05,817 [Listener at 127.0.0.1/38457] INFO  server.AbstractConnector (AbstractConnector.java:doStart(331)) - Started ServerConnector@765bd847{HTTP/1.1, (http/1.1)}{0.0.0.0:33051}
2022-07-12 21:05:05,818 [Listener at 127.0.0.1/38457] INFO  server.Server (Server.java:doStart(415)) - Started @85561ms
2022-07-12 21:05:05,818 [Listener at 127.0.0.1/38457] WARN  impl.MetricsSystemImpl (MetricsSystemImpl.java:register(279)) - Sink prometheus already exists!
2022-07-12 21:05:05,818 [Listener at 127.0.0.1/38457] INFO  http.BaseHttpServer (BaseHttpServer.java:updateConnectorAddress(329)) - HTTP server of hddsDatanode listening at http://0.0.0.0:33051
2022-07-12 21:05:05,819 [Listener at 127.0.0.1/38457] WARN  impl.MetricRegistriesImpl (MetricRegistriesImpl.java:addReporterRegistration(111)) - New reporters are added after registries were created. Some metrics will be missing from the reporter. Please add reporter before adding any new registry.
2022-07-12 21:05:05,819 [Listener at 127.0.0.1/38457] WARN  impl.MetricRegistriesImpl (MetricRegistriesImpl.java:addReporterRegistration(111)) - New reporters are added after registries were created. Some metrics will be missing from the reporter. Please add reporter before adding any new registry.
2022-07-12 21:05:05,819 [Listener at 127.0.0.1/38457] INFO  impl.MetricsSystemImpl (MetricsSystemImpl.java:init(158)) - HddsDatanode metrics system started (again)
2022-07-12 21:05:05,841 [Datanode State Machine Daemon Thread] INFO  statemachine.DatanodeStateMachine (DatanodeStateMachine.java:lambda$startDaemon$0(492)) - Ozone container server started.
2022-07-12 21:05:05,888 [org.apache.hadoop.util.JvmPauseMonitor$Monitor@52996a48] INFO  util.JvmPauseMonitor (JvmPauseMonitor.java:run(188)) - Starting JVM pause monitor
2022-07-12 21:05:05,899 [Listener at 127.0.0.1/38457] INFO  ozone.HddsDatanodeService (HddsDatanodeService.java:start(236)) - HddsDatanodeService host:fv-az452-57.ku3lqr0aiaqu5kfj3xdpchcrvd.dx.internal.cloudapp.net ip:10.1.0.20
2022-07-12 21:05:05,913 [Datanode State Machine Task Thread - 0] INFO  datanode.InitDatanodeState (InitDatanodeState.java:persistContainerDatanodeDetails(138)) - DatanodeDetails is persisted to /home/runner/work/ozone/ozone/hadoop-ozone/integration-test/target/test-dir/MiniOzoneClusterImpl-82396f26-4b51-4819-9d3b-5aa507234af8/datanode-3/meta/datanode.id
2022-07-12 21:05:05,939 [Listener at 127.0.0.1/38457] INFO  upgrade.AbstractLayoutVersionManager (AbstractLayoutVersionManager.java:init(82)) - Initializing Layout version manager with metadata layout = DATANODE_SCHEMA_V3 (version = 4), software layout = DATANODE_SCHEMA_V3 (version = 4)
2022-07-12 21:05:06,036 [EndpointStateMachine task thread for /0.0.0.0:46329 - 0 ] INFO  volume.HddsVolume (HddsVolume.java:createDbStore(309)) - SchemaV3 db is created and loaded at /home/runner/work/ozone/ozone/hadoop-ozone/integration-test/target/test-dir/MiniOzoneClusterImpl-82396f26-4b51-4819-9d3b-5aa507234af8/datanode-1/data-0/containers/hdds/82396f26-4b51-4819-9d3b-5aa507234af8/DS-0d70e342-e07e-4c66-a844-278bb335849a/container.db for volume DS-0d70e342-e07e-4c66-a844-278bb335849a
2022-07-12 21:05:06,060 [EndpointStateMachine task thread for /0.0.0.0:46329 - 0 ] INFO  volume.HddsVolume (HddsVolume.java:closeDbStore(340)) - SchemaV3 db is stopped at /home/runner/work/ozone/ozone/hadoop-ozone/integration-test/target/test-dir/MiniOzoneClusterImpl-82396f26-4b51-4819-9d3b-5aa507234af8/datanode-1/data-0/containers/hdds/82396f26-4b51-4819-9d3b-5aa507234af8/DS-0d70e342-e07e-4c66-a844-278bb335849a/container.db for volume DS-0d70e342-e07e-4c66-a844-278bb335849a
2022-07-12 21:05:06,060 [EndpointStateMachine task thread for /0.0.0.0:46329 - 0 ] INFO  ozoneimpl.OzoneContainer (OzoneContainer.java:start(344)) - Attempting to start container services.
2022-07-12 21:05:06,060 [EndpointStateMachine task thread for /0.0.0.0:46329 - 0 ] INFO  ozoneimpl.OzoneContainer (OzoneContainer.java:startContainerScrub(279)) - Background container scanner has been disabled.
2022-07-12 21:05:06,064 [EndpointStateMachine task thread for /0.0.0.0:46329 - 0 ] INFO  replication.ReplicationServer (ReplicationServer.java:start(111)) - ReplicationServer is started using port 40477
2022-07-12 21:05:06,065 [EndpointStateMachine task thread for /0.0.0.0:46329 - 0 ] INFO  ratis.XceiverServerRatis (XceiverServerRatis.java:start(481)) - Starting XceiverServerRatis c45d84f2-9958-4641-906c-b1d7f28512e6
2022-07-12 21:05:06,066 [EndpointStateMachine task thread for /0.0.0.0:46329 - 0 ] INFO  server.RaftServer (RaftServerProxy.java:lambda$start$6(382)) - c45d84f2-9958-4641-906c-b1d7f28512e6: start RPC server
2022-07-12 21:05:06,084 [EndpointStateMachine task thread for /0.0.0.0:46329 - 0 ] INFO  server.GrpcService (GrpcService.java:startImpl(260)) - c45d84f2-9958-4641-906c-b1d7f28512e6: GrpcService started, listening on 40679
2022-07-12 21:05:06,087 [EndpointStateMachine task thread for /0.0.0.0:46329 - 0 ] INFO  ratis.XceiverServerRatis (XceiverServerRatis.java:getRealPort(502)) - XceiverServerRatis c45d84f2-9958-4641-906c-b1d7f28512e6 is started using port 40679 for RATIS
2022-07-12 21:05:06,087 [EndpointStateMachine task thread for /0.0.0.0:46329 - 0 ] INFO  ratis.XceiverServerRatis (XceiverServerRatis.java:getRealPort(502)) - XceiverServerRatis c45d84f2-9958-4641-906c-b1d7f28512e6 is started using port 40679 for RATIS_ADMIN
2022-07-12 21:05:06,087 [EndpointStateMachine task thread for /0.0.0.0:46329 - 0 ] INFO  ratis.XceiverServerRatis (XceiverServerRatis.java:getRealPort(502)) - XceiverServerRatis c45d84f2-9958-4641-906c-b1d7f28512e6 is started using port 40679 for RATIS_SERVER
2022-07-12 21:05:06,088 [org.apache.ratis.util.JvmPauseMonitor$$Lambda$613/1050667922@37fd2fd0] INFO  util.JvmPauseMonitor (JvmPauseMonitor.java:run(103)) - JvmPauseMonitor-c45d84f2-9958-4641-906c-b1d7f28512e6: Started
2022-07-12 21:05:06,102 [Listener at 127.0.0.1/38457] INFO  reflections.Reflections (Reflections.java:scan(232)) - Reflections took 162 ms to scan 7 urls, producing 132 keys and 317 values 
2022-07-12 21:05:06,103 [Listener at 127.0.0.1/38457] INFO  statemachine.DatanodeStateMachine (DatanodeStateMachine.java:getEndPointTaskThreadPoolSize(237)) - Datanode State Machine Task Thread Pool size 2
2022-07-12 21:05:06,124 [EndpointStateMachine task thread for /0.0.0.0:46329 - 0 ] INFO  server.XceiverServerGrpc (XceiverServerGrpc.java:start(180)) - XceiverServerGrpc c45d84f2-9958-4641-906c-b1d7f28512e6 is started using port 43967
2022-07-12 21:05:06,138 [Listener at 127.0.0.1/38457] INFO  volume.HddsVolume (HddsVolume.java:<init>(116)) - Creating HddsVolume: /home/runner/work/ozone/ozone/hadoop-ozone/integration-test/target/test-dir/MiniOzoneClusterImpl-82396f26-4b51-4819-9d3b-5aa507234af8/datanode-4/data-0/containers/hdds of storage type : DISK capacity : 9223372036854775807
2022-07-12 21:05:06,138 [Listener at 127.0.0.1/38457] INFO  volume.MutableVolumeSet (MutableVolumeSet.java:initializeVolumeSet(174)) - Added Volume : /home/runner/work/ozone/ozone/hadoop-ozone/integration-test/target/test-dir/MiniOzoneClusterImpl-82396f26-4b51-4819-9d3b-5aa507234af8/datanode-4/data-0/containers/hdds to VolumeSet
2022-07-12 21:05:06,138 [Listener at 127.0.0.1/38457] INFO  volume.ThrottledAsyncChecker (ThrottledAsyncChecker.java:schedule(141)) - Scheduling a check for /home/runner/work/ozone/ozone/hadoop-ozone/integration-test/target/test-dir/MiniOzoneClusterImpl-82396f26-4b51-4819-9d3b-5aa507234af8/datanode-4/data-0/containers/hdds
2022-07-12 21:05:06,147 [Listener at 127.0.0.1/38457] INFO  volume.StorageVolumeChecker (StorageVolumeChecker.java:checkAllVolumes(202)) - Scheduled health check for volume /home/runner/work/ozone/ozone/hadoop-ozone/integration-test/target/test-dir/MiniOzoneClusterImpl-82396f26-4b51-4819-9d3b-5aa507234af8/datanode-4/data-0/containers/hdds
2022-07-12 21:05:06,168 [Listener at 127.0.0.1/38457] INFO  volume.MutableVolumeSet (MutableVolumeSet.java:initializeVolumeSet(174)) - Added Volume : /home/runner/work/ozone/ozone/hadoop-ozone/integration-test/target/test-dir/MiniOzoneClusterImpl-82396f26-4b51-4819-9d3b-5aa507234af8/datanode-4/data/ratis to VolumeSet
2022-07-12 21:05:06,169 [Listener at 127.0.0.1/38457] INFO  volume.ThrottledAsyncChecker (ThrottledAsyncChecker.java:schedule(141)) - Scheduling a check for /home/runner/work/ozone/ozone/hadoop-ozone/integration-test/target/test-dir/MiniOzoneClusterImpl-82396f26-4b51-4819-9d3b-5aa507234af8/datanode-4/data/ratis
2022-07-12 21:05:06,169 [Listener at 127.0.0.1/38457] INFO  volume.StorageVolumeChecker (StorageVolumeChecker.java:checkAllVolumes(202)) - Scheduled health check for volume /home/runner/work/ozone/ozone/hadoop-ozone/integration-test/target/test-dir/MiniOzoneClusterImpl-82396f26-4b51-4819-9d3b-5aa507234af8/datanode-4/data/ratis
2022-07-12 21:05:06,181 [Thread-694] INFO  ozoneimpl.ContainerReader (ContainerReader.java:readVolume(175)) - Finish verifying containers on volume /home/runner/work/ozone/ozone/hadoop-ozone/integration-test/target/test-dir/MiniOzoneClusterImpl-82396f26-4b51-4819-9d3b-5aa507234af8/datanode-4/data-0/containers/hdds
2022-07-12 21:05:06,181 [Listener at 127.0.0.1/38457] INFO  ozoneimpl.OzoneContainer (OzoneContainer.java:buildContainerSet(266)) - Build ContainerSet costs 0s
2022-07-12 21:05:06,184 [Listener at 127.0.0.1/38457] INFO  server.RaftServer (ConfUtils.java:logGet(46)) - raft.rpc.type = GRPC (default)
2022-07-12 21:05:06,184 [Listener at 127.0.0.1/38457] INFO  grpc.GrpcFactory (GrpcFactory.java:checkPooledByteBufAllocatorUseCacheForAllThreads(48)) - PERFORMANCE WARNING: useCacheForAllThreads is true that may cause Netty to create a lot garbage objects and, as a result, trigger GC.
	It is recommended to disable useCacheForAllThreads by setting -Dorg.apache.ratis.thirdparty.io.netty.allocator.useCacheForAllThreads=false in command line.
2022-07-12 21:05:06,184 [Listener at 127.0.0.1/38457] INFO  grpc.GrpcConfigKeys (ConfUtils.java:logGet(46)) - raft.grpc.admin.port = 0 (custom)
2022-07-12 21:05:06,184 [Listener at 127.0.0.1/38457] INFO  grpc.GrpcConfigKeys (ConfUtils.java:logGet(46)) - raft.grpc.client.port = 0 (custom)
2022-07-12 21:05:06,184 [Listener at 127.0.0.1/38457] INFO  grpc.GrpcConfigKeys (ConfUtils.java:logGet(46)) - raft.grpc.server.port = 0 (default)
2022-07-12 21:05:06,185 [Listener at 127.0.0.1/38457] INFO  server.GrpcService (ConfUtils.java:logGet(46)) - raft.grpc.message.size.max = 32MB (=33554432) (custom)
2022-07-12 21:05:06,185 [Listener at 127.0.0.1/38457] INFO  server.RaftServerConfigKeys (ConfUtils.java:logGet(46)) - raft.server.log.appender.buffer.byte-limit = 33554432 (custom)
2022-07-12 21:05:06,185 [Listener at 127.0.0.1/38457] INFO  server.GrpcService (ConfUtils.java:logGet(46)) - raft.grpc.flow.control.window = 5MB (=5242880) (custom)
2022-07-12 21:05:06,187 [Listener at 127.0.0.1/38457] INFO  server.RaftServerConfigKeys (ConfUtils.java:logGet(46)) - raft.server.rpc.request.timeout = 60s (custom)
2022-07-12 21:05:06,187 [Listener at 127.0.0.1/38457] INFO  grpc.GrpcConfigKeys (ConfUtils.java:logGet(46)) - raft.grpc.server.async.request.thread.pool.cached = true (default)
2022-07-12 21:05:06,188 [Listener at 127.0.0.1/38457] INFO  grpc.GrpcConfigKeys (ConfUtils.java:logGet(46)) - raft.grpc.server.async.request.thread.pool.size = 32 (default)
2022-07-12 21:05:06,189 [Listener at 127.0.0.1/38457] INFO  impl.DataStreamServerImpl (ConfUtils.java:logGet(46)) - raft.datastream.type = DISABLED (default)
2022-07-12 21:05:06,189 [Listener at 127.0.0.1/38457] INFO  server.RaftServerConfigKeys (ConfUtils.java:logGet(46)) - raft.server.threadpool.proxy.cached = true (default)
2022-07-12 21:05:06,189 [Listener at 127.0.0.1/38457] INFO  server.RaftServerConfigKeys (ConfUtils.java:logGet(46)) - raft.server.threadpool.proxy.size = 0 (default)
2022-07-12 21:05:06,189 [Listener at 127.0.0.1/38457] INFO  server.RaftServerConfigKeys (ConfUtils.java:logGet(46)) - raft.server.rpc.slowness.timeout = 300s (custom)
2022-07-12 21:05:06,189 [Listener at 127.0.0.1/38457] INFO  server.RaftServerConfigKeys (ConfUtils.java:logGet(46)) - raft.server.leaderelection.leader.step-down.wait-time = 10s (default)
2022-07-12 21:05:06,189 [Listener at 127.0.0.1/38457] INFO  server.RaftServerConfigKeys (ConfUtils.java:logGet(46)) - raft.server.storage.dir = [/home/runner/work/ozone/ozone/hadoop-ozone/integration-test/target/test-dir/MiniOzoneClusterImpl-82396f26-4b51-4819-9d3b-5aa507234af8/datanode-4/data/ratis] (custom)
2022-07-12 21:05:06,191 [Listener at 127.0.0.1/38457] INFO  server.XceiverServerGrpc (XceiverServerGrpc.java:<init>(132)) - GrpcServer channel type EpollServerSocketChannel
2022-07-12 21:05:06,194 [Listener at 127.0.0.1/38457] INFO  http.BaseHttpServer (BaseHttpServer.java:newHttpServer2BuilderForOzone(209)) - Starting Web-server for hddsDatanode at: http://0.0.0.0:0
2022-07-12 21:05:06,194 [Listener at 127.0.0.1/38457] INFO  http.BaseHttpServer (BaseHttpServer.java:<init>(107)) - Hadoop Security Enabled: false Ozone Security Enabled: false Ozone HTTP Security Enabled: false 
2022-07-12 21:05:06,196 [Listener at 127.0.0.1/38457] INFO  server.AuthenticationFilter (AuthenticationFilter.java:constructSecretProvider(240)) - Unable to initialize FileSignerSecretProvider, falling back to use random secrets.
2022-07-12 21:05:06,196 [Listener at 127.0.0.1/38457] WARN  http.HttpRequestLog (HttpRequestLog.java:getRequestLog(103)) - Jetty request log can only be enabled using Log4j
2022-07-12 21:05:06,197 [Listener at 127.0.0.1/38457] INFO  http.HttpServer2 (HttpServer2.java:addGlobalFilter(1029)) - Added global filter 'safety' (class=org.apache.hadoop.hdds.server.http.HttpServer2$QuotingInputFilter)
2022-07-12 21:05:06,198 [Listener at 127.0.0.1/38457] INFO  http.HttpServer2 (HttpServer2.java:addFilter(1005)) - Added filter static_user_filter (class=org.apache.hadoop.http.lib.StaticUserWebFilter$StaticUserFilter) to context hddsDatanode
2022-07-12 21:05:06,198 [Listener at 127.0.0.1/38457] INFO  http.HttpServer2 (HttpServer2.java:addFilter(1013)) - Added filter static_user_filter (class=org.apache.hadoop.http.lib.StaticUserWebFilter$StaticUserFilter) to context logs
2022-07-12 21:05:06,198 [Listener at 127.0.0.1/38457] INFO  http.HttpServer2 (HttpServer2.java:addFilter(1013)) - Added filter static_user_filter (class=org.apache.hadoop.http.lib.StaticUserWebFilter$StaticUserFilter) to context static
2022-07-12 21:05:06,199 [Listener at 127.0.0.1/38457] INFO  http.HttpServer2 (HttpServer2.java:bindListener(1248)) - Jetty bound to port 43743
2022-07-12 21:05:06,200 [Listener at 127.0.0.1/38457] INFO  server.Server (Server.java:doStart(375)) - jetty-9.4.43.v20210629; built: 2021-06-30T11:07:22.254Z; git: 526006ecfa3af7f1a27ef3a288e2bef7ea9dd7e8; jvm 1.8.0_332-b09
2022-07-12 21:05:06,202 [Listener at 127.0.0.1/38457] INFO  server.session (DefaultSessionIdManager.java:doStart(334)) - DefaultSessionIdManager workerName=node0
2022-07-12 21:05:06,202 [Listener at 127.0.0.1/38457] INFO  server.session (DefaultSessionIdManager.java:doStart(339)) - No SessionScavenger set, using defaults
2022-07-12 21:05:06,202 [Listener at 127.0.0.1/38457] INFO  server.session (HouseKeeper.java:startScavenging(132)) - node0 Scavenging every 660000ms
2022-07-12 21:05:06,203 [Listener at 127.0.0.1/38457] INFO  handler.ContextHandler (ContextHandler.java:doStart(915)) - Started o.e.j.s.ServletContextHandler@5a9668d7{logs,/logs,file:///home/runner/work/ozone/ozone/hadoop-ozone/integration-test/target/log,AVAILABLE}
2022-07-12 21:05:06,203 [Listener at 127.0.0.1/38457] INFO  handler.ContextHandler (ContextHandler.java:doStart(915)) - Started o.e.j.s.ServletContextHandler@3053c0ab{static,/static,jar:file:/home/runner/.m2/repository/org/apache/ozone/hdds-container-service/1.3.0-SNAPSHOT/hdds-container-service-1.3.0-SNAPSHOT.jar!/webapps/static,AVAILABLE}
2022-07-12 21:05:06,757 [Listener at 127.0.0.1/38457] INFO  handler.ContextHandler (ContextHandler.java:doStart(915)) - Started o.e.j.w.WebAppContext@409eca36{hddsDatanode,/,file:///tmp/jetty-0_0_0_0-43743-hdds-container-service-1_3_0-SNAPSHOT_jar-_-any-6629301964134869997/webapp/,AVAILABLE}{jar:file:/home/runner/.m2/repository/org/apache/ozone/hdds-container-service/1.3.0-SNAPSHOT/hdds-container-service-1.3.0-SNAPSHOT.jar!/webapps/hddsDatanode}
2022-07-12 21:05:06,767 [Listener at 127.0.0.1/38457] INFO  server.AbstractConnector (AbstractConnector.java:doStart(331)) - Started ServerConnector@3cd55837{HTTP/1.1, (http/1.1)}{0.0.0.0:43743}
2022-07-12 21:05:06,767 [Listener at 127.0.0.1/38457] INFO  server.Server (Server.java:doStart(415)) - Started @86511ms
2022-07-12 21:05:06,767 [Listener at 127.0.0.1/38457] WARN  impl.MetricsSystemImpl (MetricsSystemImpl.java:register(279)) - Sink prometheus already exists!
2022-07-12 21:05:06,768 [Listener at 127.0.0.1/38457] INFO  http.BaseHttpServer (BaseHttpServer.java:updateConnectorAddress(329)) - HTTP server of hddsDatanode listening at http://0.0.0.0:43743
2022-07-12 21:05:06,788 [Listener at 127.0.0.1/38457] INFO  ozone.MiniOzoneClusterImpl (MiniOzoneClusterImpl.java:lambda$waitForClusterToBeReady$0(223)) - Waiting for nodes to be ready. Got 0 of 5 DN Heartbeats.
2022-07-12 21:05:06,788 [Listener at 127.0.0.1/38457] INFO  ozone.MiniOzoneClusterImpl (MiniOzoneClusterImpl.java:lambda$waitForClusterToBeReady$0(226)) - Waiting for cluster to exit safe mode
2022-07-12 21:05:06,788 [Listener at 127.0.0.1/38457] INFO  ozone.MiniOzoneClusterImpl (MiniOzoneClusterImpl.java:lambda$waitForClusterToBeReady$0(228)) - SCM became leader
2022-07-12 21:05:06,791 [Datanode State Machine Daemon Thread] INFO  statemachine.DatanodeStateMachine (DatanodeStateMachine.java:lambda$startDaemon$0(492)) - Ozone container server started.
2022-07-12 21:05:06,807 [org.apache.hadoop.util.JvmPauseMonitor$Monitor@1bd49ebd] INFO  util.JvmPauseMonitor (JvmPauseMonitor.java:run(188)) - Starting JVM pause monitor
2022-07-12 21:05:06,832 [Datanode State Machine Task Thread - 0] INFO  datanode.InitDatanodeState (InitDatanodeState.java:persistContainerDatanodeDetails(138)) - DatanodeDetails is persisted to /home/runner/work/ozone/ozone/hadoop-ozone/integration-test/target/test-dir/MiniOzoneClusterImpl-82396f26-4b51-4819-9d3b-5aa507234af8/datanode-4/meta/datanode.id
2022-07-12 21:05:06,900 [EndpointStateMachine task thread for /0.0.0.0:46329 - 0 ] INFO  volume.HddsVolume (HddsVolume.java:createDbStore(309)) - SchemaV3 db is created and loaded at /home/runner/work/ozone/ozone/hadoop-ozone/integration-test/target/test-dir/MiniOzoneClusterImpl-82396f26-4b51-4819-9d3b-5aa507234af8/datanode-2/data-0/containers/hdds/82396f26-4b51-4819-9d3b-5aa507234af8/DS-52b3da6d-a879-47e0-9f03-c925a30c0b45/container.db for volume DS-52b3da6d-a879-47e0-9f03-c925a30c0b45
2022-07-12 21:05:06,900 [EndpointStateMachine task thread for /0.0.0.0:46329 - 0 ] INFO  volume.HddsVolume (HddsVolume.java:closeDbStore(340)) - SchemaV3 db is stopped at /home/runner/work/ozone/ozone/hadoop-ozone/integration-test/target/test-dir/MiniOzoneClusterImpl-82396f26-4b51-4819-9d3b-5aa507234af8/datanode-2/data-0/containers/hdds/82396f26-4b51-4819-9d3b-5aa507234af8/DS-52b3da6d-a879-47e0-9f03-c925a30c0b45/container.db for volume DS-52b3da6d-a879-47e0-9f03-c925a30c0b45
2022-07-12 21:05:06,900 [EndpointStateMachine task thread for /0.0.0.0:46329 - 0 ] INFO  ozoneimpl.OzoneContainer (OzoneContainer.java:start(344)) - Attempting to start container services.
2022-07-12 21:05:06,900 [EndpointStateMachine task thread for /0.0.0.0:46329 - 0 ] INFO  ozoneimpl.OzoneContainer (OzoneContainer.java:startContainerScrub(279)) - Background container scanner has been disabled.
2022-07-12 21:05:06,906 [EndpointStateMachine task thread for /0.0.0.0:46329 - 0 ] INFO  replication.ReplicationServer (ReplicationServer.java:start(111)) - ReplicationServer is started using port 43939
2022-07-12 21:05:06,906 [EndpointStateMachine task thread for /0.0.0.0:46329 - 0 ] INFO  ratis.XceiverServerRatis (XceiverServerRatis.java:start(481)) - Starting XceiverServerRatis e0395122-a850-434f-9bbf-3f60ac82720c
2022-07-12 21:05:06,907 [EndpointStateMachine task thread for /0.0.0.0:46329 - 0 ] INFO  server.RaftServer (RaftServerProxy.java:lambda$start$6(382)) - e0395122-a850-434f-9bbf-3f60ac82720c: start RPC server
2022-07-12 21:05:06,916 [EndpointStateMachine task thread for /0.0.0.0:46329 - 0 ] INFO  server.GrpcService (GrpcService.java:startImpl(260)) - e0395122-a850-434f-9bbf-3f60ac82720c: GrpcService started, listening on 38137
2022-07-12 21:05:06,916 [EndpointStateMachine task thread for /0.0.0.0:46329 - 0 ] INFO  ratis.XceiverServerRatis (XceiverServerRatis.java:getRealPort(502)) - XceiverServerRatis e0395122-a850-434f-9bbf-3f60ac82720c is started using port 38137 for RATIS
2022-07-12 21:05:06,916 [EndpointStateMachine task thread for /0.0.0.0:46329 - 0 ] INFO  ratis.XceiverServerRatis (XceiverServerRatis.java:getRealPort(502)) - XceiverServerRatis e0395122-a850-434f-9bbf-3f60ac82720c is started using port 38137 for RATIS_ADMIN
2022-07-12 21:05:06,916 [EndpointStateMachine task thread for /0.0.0.0:46329 - 0 ] INFO  ratis.XceiverServerRatis (XceiverServerRatis.java:getRealPort(502)) - XceiverServerRatis e0395122-a850-434f-9bbf-3f60ac82720c is started using port 38137 for RATIS_SERVER
2022-07-12 21:05:06,917 [org.apache.ratis.util.JvmPauseMonitor$$Lambda$613/1050667922@59c1f558] INFO  util.JvmPauseMonitor (JvmPauseMonitor.java:run(103)) - JvmPauseMonitor-e0395122-a850-434f-9bbf-3f60ac82720c: Started
2022-07-12 21:05:06,939 [EndpointStateMachine task thread for /0.0.0.0:46329 - 0 ] INFO  server.XceiverServerGrpc (XceiverServerGrpc.java:start(180)) - XceiverServerGrpc e0395122-a850-434f-9bbf-3f60ac82720c is started using port 41633
2022-07-12 21:05:07,129 [IPC Server handler 1 on default port 46329] INFO  net.NetworkTopologyImpl (NetworkTopologyImpl.java:add(112)) - Added a new node: /default-rack/f5c54527-7221-49d9-b9b4-cc0a1023d383
2022-07-12 21:05:07,129 [IPC Server handler 1 on default port 46329] INFO  node.SCMNodeManager (SCMNodeManager.java:register(397)) - Registered Data node : f5c54527-7221-49d9-b9b4-cc0a1023d383{ip: 10.1.0.20, host: fv-az452-57.ku3lqr0aiaqu5kfj3xdpchcrvd.dx.internal.cloudapp.net, ports: [REPLICATION=37415, RATIS=37817, RATIS_ADMIN=37817, RATIS_SERVER=37817, STANDALONE=43931], networkLocation: /default-rack, certSerialId: null, persistedOpState: null, persistedOpStateExpiryEpochSec: 0}
2022-07-12 21:05:07,132 [EventQueue-NodeRegistrationContainerReportForDataNodeSafeModeRule] INFO  safemode.SCMSafeModeManager (DataNodeSafeModeRule.java:process(71)) - SCM in safe mode. 1 DataNodes registered, 3 required.
2022-07-12 21:05:07,132 [EventQueue-NodeRegistrationContainerReportForContainerSafeModeRule] INFO  safemode.SCMSafeModeManager (SCMSafeModeManager.java:validateSafeModeExitRules(204)) - ContainerSafeModeRule rule is successfully validated
2022-07-12 21:05:07,144 [EventQueue-NewNodeForNewNodeHandler] INFO  pipeline.BackgroundPipelineCreator (BackgroundPipelineCreator.java:notifyEventTriggered(275)) - trigger a one-shot run on RatisPipelineUtilsThread.
2022-07-12 21:05:07,145 [RatisPipelineUtilsThread - 0] INFO  pipeline.RatisPipelineProvider (RatisPipelineProvider.java:lambda$create$0(195)) - Sending CreatePipelineCommand for pipeline:PipelineID=e91ef082-11b2-4e9b-acf3-352e2eda2da9 to datanode:f5c54527-7221-49d9-b9b4-cc0a1023d383
2022-07-12 21:05:07,148 [RatisPipelineUtilsThread - 0] INFO  pipeline.PipelineStateManagerImpl (PipelineStateManagerImpl.java:addPipeline(103)) - Created pipeline Pipeline[ Id: e91ef082-11b2-4e9b-acf3-352e2eda2da9, Nodes: f5c54527-7221-49d9-b9b4-cc0a1023d383{ip: 10.1.0.20, host: fv-az452-57.ku3lqr0aiaqu5kfj3xdpchcrvd.dx.internal.cloudapp.net, ports: [REPLICATION=37415, RATIS=37817, RATIS_ADMIN=37817, RATIS_SERVER=37817, STANDALONE=43931], networkLocation: /default-rack, certSerialId: null, persistedOpState: IN_SERVICE, persistedOpStateExpiryEpochSec: 0}, ReplicationConfig: RATIS/ONE, State:ALLOCATED, leaderId:, CreationTimestamp2022-07-12T21:05:07.145Z[Etc/UTC]].
2022-07-12 21:05:07,164 [EventQueue-PipelineReportForOneReplicaPipelineSafeModeRule] INFO  safemode.SCMSafeModeManager (SCMSafeModeManager.java:validateSafeModeExitRules(204)) - AtleastOneDatanodeReportedRule rule is successfully validated
2022-07-12 21:05:07,788 [Listener at 127.0.0.1/38457] INFO  ozone.MiniOzoneClusterImpl (MiniOzoneClusterImpl.java:lambda$waitForClusterToBeReady$0(223)) - Waiting for nodes to be ready. Got 1 of 5 DN Heartbeats.
2022-07-12 21:05:07,788 [Listener at 127.0.0.1/38457] INFO  ozone.MiniOzoneClusterImpl (MiniOzoneClusterImpl.java:lambda$waitForClusterToBeReady$0(226)) - Waiting for cluster to exit safe mode
2022-07-12 21:05:07,789 [Listener at 127.0.0.1/38457] INFO  ozone.MiniOzoneClusterImpl (MiniOzoneClusterImpl.java:lambda$waitForClusterToBeReady$0(228)) - SCM became leader
2022-07-12 21:05:07,940 [IPC Server handler 2 on default port 46329] INFO  net.NetworkTopologyImpl (NetworkTopologyImpl.java:add(112)) - Added a new node: /default-rack/c45d84f2-9958-4641-906c-b1d7f28512e6
2022-07-12 21:05:07,940 [IPC Server handler 2 on default port 46329] INFO  node.SCMNodeManager (SCMNodeManager.java:register(397)) - Registered Data node : c45d84f2-9958-4641-906c-b1d7f28512e6{ip: 10.1.0.20, host: fv-az452-57.ku3lqr0aiaqu5kfj3xdpchcrvd.dx.internal.cloudapp.net, ports: [REPLICATION=40477, RATIS=40679, RATIS_ADMIN=40679, RATIS_SERVER=40679, STANDALONE=43967], networkLocation: /default-rack, certSerialId: null, persistedOpState: null, persistedOpStateExpiryEpochSec: 0}
2022-07-12 21:05:07,942 [EventQueue-NewNodeForNewNodeHandler] INFO  pipeline.BackgroundPipelineCreator (BackgroundPipelineCreator.java:notifyEventTriggered(275)) - trigger a one-shot run on RatisPipelineUtilsThread.
2022-07-12 21:05:07,951 [EventQueue-NodeRegistrationContainerReportForDataNodeSafeModeRule] INFO  safemode.SCMSafeModeManager (DataNodeSafeModeRule.java:process(71)) - SCM in safe mode. 2 DataNodes registered, 3 required.
2022-07-12 21:05:07,956 [RatisPipelineUtilsThread - 0] INFO  pipeline.RatisPipelineProvider (RatisPipelineProvider.java:lambda$create$0(195)) - Sending CreatePipelineCommand for pipeline:PipelineID=53567225-ced4-4a01-ac83-a41a956c8cee to datanode:c45d84f2-9958-4641-906c-b1d7f28512e6
2022-07-12 21:05:07,956 [RatisPipelineUtilsThread - 0] INFO  pipeline.PipelineStateManagerImpl (PipelineStateManagerImpl.java:addPipeline(103)) - Created pipeline Pipeline[ Id: 53567225-ced4-4a01-ac83-a41a956c8cee, Nodes: c45d84f2-9958-4641-906c-b1d7f28512e6{ip: 10.1.0.20, host: fv-az452-57.ku3lqr0aiaqu5kfj3xdpchcrvd.dx.internal.cloudapp.net, ports: [REPLICATION=40477, RATIS=40679, RATIS_ADMIN=40679, RATIS_SERVER=40679, STANDALONE=43967], networkLocation: /default-rack, certSerialId: null, persistedOpState: IN_SERVICE, persistedOpStateExpiryEpochSec: 0}, ReplicationConfig: RATIS/ONE, State:ALLOCATED, leaderId:, CreationTimestamp2022-07-12T21:05:07.956Z[Etc/UTC]].
2022-07-12 21:05:07,989 [EndpointStateMachine task thread for /0.0.0.0:46329 - 0 ] INFO  volume.HddsVolume (HddsVolume.java:createDbStore(309)) - SchemaV3 db is created and loaded at /home/runner/work/ozone/ozone/hadoop-ozone/integration-test/target/test-dir/MiniOzoneClusterImpl-82396f26-4b51-4819-9d3b-5aa507234af8/datanode-3/data-0/containers/hdds/82396f26-4b51-4819-9d3b-5aa507234af8/DS-9f55734d-1bec-408e-ab6a-e5b424a68afd/container.db for volume DS-9f55734d-1bec-408e-ab6a-e5b424a68afd
2022-07-12 21:05:07,989 [EndpointStateMachine task thread for /0.0.0.0:46329 - 0 ] INFO  volume.HddsVolume (HddsVolume.java:closeDbStore(340)) - SchemaV3 db is stopped at /home/runner/work/ozone/ozone/hadoop-ozone/integration-test/target/test-dir/MiniOzoneClusterImpl-82396f26-4b51-4819-9d3b-5aa507234af8/datanode-3/data-0/containers/hdds/82396f26-4b51-4819-9d3b-5aa507234af8/DS-9f55734d-1bec-408e-ab6a-e5b424a68afd/container.db for volume DS-9f55734d-1bec-408e-ab6a-e5b424a68afd
2022-07-12 21:05:07,990 [EndpointStateMachine task thread for /0.0.0.0:46329 - 0 ] INFO  ozoneimpl.OzoneContainer (OzoneContainer.java:start(344)) - Attempting to start container services.
2022-07-12 21:05:07,990 [EndpointStateMachine task thread for /0.0.0.0:46329 - 0 ] INFO  ozoneimpl.OzoneContainer (OzoneContainer.java:startContainerScrub(279)) - Background container scanner has been disabled.
2022-07-12 21:05:07,997 [EndpointStateMachine task thread for /0.0.0.0:46329 - 0 ] INFO  replication.ReplicationServer (ReplicationServer.java:start(111)) - ReplicationServer is started using port 46095
2022-07-12 21:05:07,998 [EndpointStateMachine task thread for /0.0.0.0:46329 - 0 ] INFO  ratis.XceiverServerRatis (XceiverServerRatis.java:start(481)) - Starting XceiverServerRatis 78fcb3e9-d6c5-4f6f-a049-b9f080c7e3b8
2022-07-12 21:05:08,004 [EndpointStateMachine task thread for /0.0.0.0:46329 - 0 ] INFO  server.RaftServer (RaftServerProxy.java:lambda$start$6(382)) - 78fcb3e9-d6c5-4f6f-a049-b9f080c7e3b8: start RPC server
2022-07-12 21:05:08,016 [EndpointStateMachine task thread for /0.0.0.0:46329 - 0 ] INFO  server.GrpcService (GrpcService.java:startImpl(260)) - 78fcb3e9-d6c5-4f6f-a049-b9f080c7e3b8: GrpcService started, listening on 41539
2022-07-12 21:05:08,016 [EndpointStateMachine task thread for /0.0.0.0:46329 - 0 ] INFO  ratis.XceiverServerRatis (XceiverServerRatis.java:getRealPort(502)) - XceiverServerRatis 78fcb3e9-d6c5-4f6f-a049-b9f080c7e3b8 is started using port 41539 for RATIS
2022-07-12 21:05:08,016 [EndpointStateMachine task thread for /0.0.0.0:46329 - 0 ] INFO  ratis.XceiverServerRatis (XceiverServerRatis.java:getRealPort(502)) - XceiverServerRatis 78fcb3e9-d6c5-4f6f-a049-b9f080c7e3b8 is started using port 41539 for RATIS_ADMIN
2022-07-12 21:05:08,016 [EndpointStateMachine task thread for /0.0.0.0:46329 - 0 ] INFO  ratis.XceiverServerRatis (XceiverServerRatis.java:getRealPort(502)) - XceiverServerRatis 78fcb3e9-d6c5-4f6f-a049-b9f080c7e3b8 is started using port 41539 for RATIS_SERVER
2022-07-12 21:05:08,027 [org.apache.ratis.util.JvmPauseMonitor$$Lambda$613/1050667922@5f606f28] INFO  util.JvmPauseMonitor (JvmPauseMonitor.java:run(103)) - JvmPauseMonitor-78fcb3e9-d6c5-4f6f-a049-b9f080c7e3b8: Started
2022-07-12 21:05:08,053 [EndpointStateMachine task thread for /0.0.0.0:46329 - 0 ] INFO  server.XceiverServerGrpc (XceiverServerGrpc.java:start(180)) - XceiverServerGrpc 78fcb3e9-d6c5-4f6f-a049-b9f080c7e3b8 is started using port 44681
2022-07-12 21:05:08,773 [IPC Server handler 0 on default port 46329] INFO  net.NetworkTopologyImpl (NetworkTopologyImpl.java:add(112)) - Added a new node: /default-rack/e0395122-a850-434f-9bbf-3f60ac82720c
2022-07-12 21:05:08,773 [IPC Server handler 0 on default port 46329] INFO  node.SCMNodeManager (SCMNodeManager.java:register(397)) - Registered Data node : e0395122-a850-434f-9bbf-3f60ac82720c{ip: 10.1.0.20, host: fv-az452-57.ku3lqr0aiaqu5kfj3xdpchcrvd.dx.internal.cloudapp.net, ports: [REPLICATION=43939, RATIS=38137, RATIS_ADMIN=38137, RATIS_SERVER=38137, STANDALONE=41633], networkLocation: /default-rack, certSerialId: null, persistedOpState: null, persistedOpStateExpiryEpochSec: 0}
2022-07-12 21:05:08,773 [EventQueue-NodeRegistrationContainerReportForDataNodeSafeModeRule] INFO  safemode.SCMSafeModeManager (DataNodeSafeModeRule.java:process(71)) - SCM in safe mode. 3 DataNodes registered, 3 required.
2022-07-12 21:05:08,773 [EventQueue-NodeRegistrationContainerReportForDataNodeSafeModeRule] INFO  safemode.SCMSafeModeManager (SCMSafeModeManager.java:validateSafeModeExitRules(204)) - DataNodeSafeModeRule rule is successfully validated
2022-07-12 21:05:08,773 [EventQueue-NodeRegistrationContainerReportForDataNodeSafeModeRule] INFO  safemode.SCMSafeModeManager (SCMSafeModeManager.java:completePreCheck(233)) - All SCM safe mode pre check rules have passed
2022-07-12 21:05:08,773 [EventQueue-NodeRegistrationContainerReportForDataNodeSafeModeRule] WARN  events.EventQueue (EventQueue.java:fireEvent(216)) - No event handler registered for event TypedEvent{payloadType=SafeModeStatus, name='Safe mode status'}
2022-07-12 21:05:08,773 [EventQueue-NewNodeForNewNodeHandler] INFO  pipeline.BackgroundPipelineCreator (BackgroundPipelineCreator.java:notifyEventTriggered(275)) - trigger a one-shot run on RatisPipelineUtilsThread.
2022-07-12 21:05:08,774 [EventQueue-NodeRegistrationContainerReportForDataNodeSafeModeRule] INFO  ha.SCMContext (SCMContext.java:updateSafeModeStatus(228)) - Update SafeModeStatus from SafeModeStatus{safeModeStatus=true, preCheckPassed=false} to SafeModeStatus{safeModeStatus=true, preCheckPassed=true}.
2022-07-12 21:05:08,774 [EventQueue-NodeRegistrationContainerReportForDataNodeSafeModeRule] INFO  pipeline.BackgroundPipelineCreator (BackgroundPipelineCreator.java:notifyEventTriggered(275)) - trigger a one-shot run on RatisPipelineUtilsThread.
2022-07-12 21:05:08,782 [RatisPipelineUtilsThread - 0] INFO  pipeline.RatisPipelineProvider (RatisPipelineProvider.java:lambda$create$0(195)) - Sending CreatePipelineCommand for pipeline:PipelineID=248ce0f3-6cf5-48c6-a1cc-1832d4ad0dd6 to datanode:e0395122-a850-434f-9bbf-3f60ac82720c
2022-07-12 21:05:08,783 [RatisPipelineUtilsThread - 0] INFO  pipeline.PipelineStateManagerImpl (PipelineStateManagerImpl.java:addPipeline(103)) - Created pipeline Pipeline[ Id: 248ce0f3-6cf5-48c6-a1cc-1832d4ad0dd6, Nodes: e0395122-a850-434f-9bbf-3f60ac82720c{ip: 10.1.0.20, host: fv-az452-57.ku3lqr0aiaqu5kfj3xdpchcrvd.dx.internal.cloudapp.net, ports: [REPLICATION=43939, RATIS=38137, RATIS_ADMIN=38137, RATIS_SERVER=38137, STANDALONE=41633], networkLocation: /default-rack, certSerialId: null, persistedOpState: IN_SERVICE, persistedOpStateExpiryEpochSec: 0}, ReplicationConfig: RATIS/ONE, State:ALLOCATED, leaderId:, CreationTimestamp2022-07-12T21:05:08.782Z[Etc/UTC]].
2022-07-12 21:05:08,783 [RatisPipelineUtilsThread - 0] INFO  pipeline.RatisPipelineProvider (RatisPipelineProvider.java:lambda$create$0(195)) - Sending CreatePipelineCommand for pipeline:PipelineID=9e5a9c45-4d2b-4fb4-9008-21bcc251fb73 to datanode:c45d84f2-9958-4641-906c-b1d7f28512e6
2022-07-12 21:05:08,783 [RatisPipelineUtilsThread - 0] INFO  pipeline.RatisPipelineProvider (RatisPipelineProvider.java:lambda$create$0(195)) - Sending CreatePipelineCommand for pipeline:PipelineID=9e5a9c45-4d2b-4fb4-9008-21bcc251fb73 to datanode:e0395122-a850-434f-9bbf-3f60ac82720c
2022-07-12 21:05:08,783 [RatisPipelineUtilsThread - 0] INFO  pipeline.RatisPipelineProvider (RatisPipelineProvider.java:lambda$create$0(195)) - Sending CreatePipelineCommand for pipeline:PipelineID=9e5a9c45-4d2b-4fb4-9008-21bcc251fb73 to datanode:f5c54527-7221-49d9-b9b4-cc0a1023d383
2022-07-12 21:05:08,788 [RatisPipelineUtilsThread - 0] INFO  pipeline.PipelineStateManagerImpl (PipelineStateManagerImpl.java:addPipeline(103)) - Created pipeline Pipeline[ Id: 9e5a9c45-4d2b-4fb4-9008-21bcc251fb73, Nodes: c45d84f2-9958-4641-906c-b1d7f28512e6{ip: 10.1.0.20, host: fv-az452-57.ku3lqr0aiaqu5kfj3xdpchcrvd.dx.internal.cloudapp.net, ports: [REPLICATION=40477, RATIS=40679, RATIS_ADMIN=40679, RATIS_SERVER=40679, STANDALONE=43967], networkLocation: /default-rack, certSerialId: null, persistedOpState: IN_SERVICE, persistedOpStateExpiryEpochSec: 0}e0395122-a850-434f-9bbf-3f60ac82720c{ip: 10.1.0.20, host: fv-az452-57.ku3lqr0aiaqu5kfj3xdpchcrvd.dx.internal.cloudapp.net, ports: [REPLICATION=43939, RATIS=38137, RATIS_ADMIN=38137, RATIS_SERVER=38137, STANDALONE=41633], networkLocation: /default-rack, certSerialId: null, persistedOpState: IN_SERVICE, persistedOpStateExpiryEpochSec: 0}f5c54527-7221-49d9-b9b4-cc0a1023d383{ip: 10.1.0.20, host: fv-az452-57.ku3lqr0aiaqu5kfj3xdpchcrvd.dx.internal.cloudapp.net, ports: [REPLICATION=37415, RATIS=37817, RATIS_ADMIN=37817, RATIS_SERVER=37817, STANDALONE=43931], networkLocation: /default-rack, certSerialId: null, persistedOpState: IN_SERVICE, persistedOpStateExpiryEpochSec: 0}, ReplicationConfig: RATIS/THREE, State:ALLOCATED, leaderId:, CreationTimestamp2022-07-12T21:05:08.783Z[Etc/UTC]].
2022-07-12 21:05:08,789 [Listener at 127.0.0.1/38457] INFO  ozone.MiniOzoneClusterImpl (MiniOzoneClusterImpl.java:lambda$waitForClusterToBeReady$0(223)) - Waiting for nodes to be ready. Got 3 of 5 DN Heartbeats.
2022-07-12 21:05:08,789 [Listener at 127.0.0.1/38457] INFO  ozone.MiniOzoneClusterImpl (MiniOzoneClusterImpl.java:lambda$waitForClusterToBeReady$0(226)) - Waiting for cluster to exit safe mode
2022-07-12 21:05:08,789 [Listener at 127.0.0.1/38457] INFO  ozone.MiniOzoneClusterImpl (MiniOzoneClusterImpl.java:lambda$waitForClusterToBeReady$0(228)) - SCM became leader
2022-07-12 21:05:08,792 [RatisPipelineUtilsThread - 0] INFO  pipeline.RatisPipelineProvider (RatisPipelineProvider.java:lambda$create$0(195)) - Sending CreatePipelineCommand for pipeline:PipelineID=32936255-cde6-4523-be8c-a48e3770d969 to datanode:f5c54527-7221-49d9-b9b4-cc0a1023d383
2022-07-12 21:05:08,792 [RatisPipelineUtilsThread - 0] INFO  pipeline.RatisPipelineProvider (RatisPipelineProvider.java:lambda$create$0(195)) - Sending CreatePipelineCommand for pipeline:PipelineID=32936255-cde6-4523-be8c-a48e3770d969 to datanode:c45d84f2-9958-4641-906c-b1d7f28512e6
2022-07-12 21:05:08,792 [RatisPipelineUtilsThread - 0] INFO  pipeline.RatisPipelineProvider (RatisPipelineProvider.java:lambda$create$0(195)) - Sending CreatePipelineCommand for pipeline:PipelineID=32936255-cde6-4523-be8c-a48e3770d969 to datanode:e0395122-a850-434f-9bbf-3f60ac82720c
2022-07-12 21:05:08,792 [RatisPipelineUtilsThread - 0] INFO  pipeline.PipelineStateManagerImpl (PipelineStateManagerImpl.java:addPipeline(103)) - Created pipeline Pipeline[ Id: 32936255-cde6-4523-be8c-a48e3770d969, Nodes: f5c54527-7221-49d9-b9b4-cc0a1023d383{ip: 10.1.0.20, host: fv-az452-57.ku3lqr0aiaqu5kfj3xdpchcrvd.dx.internal.cloudapp.net, ports: [REPLICATION=37415, RATIS=37817, RATIS_ADMIN=37817, RATIS_SERVER=37817, STANDALONE=43931], networkLocation: /default-rack, certSerialId: null, persistedOpState: IN_SERVICE, persistedOpStateExpiryEpochSec: 0}c45d84f2-9958-4641-906c-b1d7f28512e6{ip: 10.1.0.20, host: fv-az452-57.ku3lqr0aiaqu5kfj3xdpchcrvd.dx.internal.cloudapp.net, ports: [REPLICATION=40477, RATIS=40679, RATIS_ADMIN=40679, RATIS_SERVER=40679, STANDALONE=43967], networkLocation: /default-rack, certSerialId: null, persistedOpState: IN_SERVICE, persistedOpStateExpiryEpochSec: 0}e0395122-a850-434f-9bbf-3f60ac82720c{ip: 10.1.0.20, host: fv-az452-57.ku3lqr0aiaqu5kfj3xdpchcrvd.dx.internal.cloudapp.net, ports: [REPLICATION=43939, RATIS=38137, RATIS_ADMIN=38137, RATIS_SERVER=38137, STANDALONE=41633], networkLocation: /default-rack, certSerialId: null, persistedOpState: IN_SERVICE, persistedOpStateExpiryEpochSec: 0}, ReplicationConfig: RATIS/THREE, State:ALLOCATED, leaderId:, CreationTimestamp2022-07-12T21:05:08.792Z[Etc/UTC]].
2022-07-12 21:05:08,792 [RatisPipelineUtilsThread - 0] INFO  pipeline.PipelineManagerImpl (PipelineManagerImpl.java:recordMetricsForPipeline(782)) - Pipeline: PipelineID=32936255-cde6-4523-be8c-a48e3770d969 contains same datanodes as previous pipelines: PipelineID=9e5a9c45-4d2b-4fb4-9008-21bcc251fb73 nodeIds: f5c54527-7221-49d9-b9b4-cc0a1023d383, c45d84f2-9958-4641-906c-b1d7f28512e6, e0395122-a850-434f-9bbf-3f60ac82720c
2022-07-12 21:05:08,992 [EndpointStateMachine task thread for /0.0.0.0:46329 - 0 ] INFO  volume.HddsVolume (HddsVolume.java:createDbStore(309)) - SchemaV3 db is created and loaded at /home/runner/work/ozone/ozone/hadoop-ozone/integration-test/target/test-dir/MiniOzoneClusterImpl-82396f26-4b51-4819-9d3b-5aa507234af8/datanode-4/data-0/containers/hdds/82396f26-4b51-4819-9d3b-5aa507234af8/DS-088d8b83-9431-403e-8770-c1d89936bacb/container.db for volume DS-088d8b83-9431-403e-8770-c1d89936bacb
2022-07-12 21:05:08,993 [EndpointStateMachine task thread for /0.0.0.0:46329 - 0 ] INFO  volume.HddsVolume (HddsVolume.java:closeDbStore(340)) - SchemaV3 db is stopped at /home/runner/work/ozone/ozone/hadoop-ozone/integration-test/target/test-dir/MiniOzoneClusterImpl-82396f26-4b51-4819-9d3b-5aa507234af8/datanode-4/data-0/containers/hdds/82396f26-4b51-4819-9d3b-5aa507234af8/DS-088d8b83-9431-403e-8770-c1d89936bacb/container.db for volume DS-088d8b83-9431-403e-8770-c1d89936bacb
2022-07-12 21:05:08,993 [EndpointStateMachine task thread for /0.0.0.0:46329 - 0 ] INFO  ozoneimpl.OzoneContainer (OzoneContainer.java:start(344)) - Attempting to start container services.
2022-07-12 21:05:08,993 [EndpointStateMachine task thread for /0.0.0.0:46329 - 0 ] INFO  ozoneimpl.OzoneContainer (OzoneContainer.java:startContainerScrub(279)) - Background container scanner has been disabled.
2022-07-12 21:05:09,016 [EndpointStateMachine task thread for /0.0.0.0:46329 - 0 ] INFO  replication.ReplicationServer (ReplicationServer.java:start(111)) - ReplicationServer is started using port 45511
2022-07-12 21:05:09,017 [EndpointStateMachine task thread for /0.0.0.0:46329 - 0 ] INFO  ratis.XceiverServerRatis (XceiverServerRatis.java:start(481)) - Starting XceiverServerRatis c0705ae6-2331-49ba-9982-fffa5d94ae7b
2022-07-12 21:05:09,020 [EndpointStateMachine task thread for /0.0.0.0:46329 - 0 ] INFO  server.RaftServer (RaftServerProxy.java:lambda$start$6(382)) - c0705ae6-2331-49ba-9982-fffa5d94ae7b: start RPC server
2022-07-12 21:05:09,032 [EndpointStateMachine task thread for /0.0.0.0:46329 - 0 ] INFO  server.GrpcService (GrpcService.java:startImpl(260)) - c0705ae6-2331-49ba-9982-fffa5d94ae7b: GrpcService started, listening on 42627
2022-07-12 21:05:09,032 [EndpointStateMachine task thread for /0.0.0.0:46329 - 0 ] INFO  ratis.XceiverServerRatis (XceiverServerRatis.java:getRealPort(502)) - XceiverServerRatis c0705ae6-2331-49ba-9982-fffa5d94ae7b is started using port 42627 for RATIS
2022-07-12 21:05:09,032 [EndpointStateMachine task thread for /0.0.0.0:46329 - 0 ] INFO  ratis.XceiverServerRatis (XceiverServerRatis.java:getRealPort(502)) - XceiverServerRatis c0705ae6-2331-49ba-9982-fffa5d94ae7b is started using port 42627 for RATIS_ADMIN
2022-07-12 21:05:09,032 [EndpointStateMachine task thread for /0.0.0.0:46329 - 0 ] INFO  ratis.XceiverServerRatis (XceiverServerRatis.java:getRealPort(502)) - XceiverServerRatis c0705ae6-2331-49ba-9982-fffa5d94ae7b is started using port 42627 for RATIS_SERVER
2022-07-12 21:05:09,033 [org.apache.ratis.util.JvmPauseMonitor$$Lambda$613/1050667922@78329911] INFO  util.JvmPauseMonitor (JvmPauseMonitor.java:run(103)) - JvmPauseMonitor-c0705ae6-2331-49ba-9982-fffa5d94ae7b: Started
2022-07-12 21:05:09,057 [EndpointStateMachine task thread for /0.0.0.0:46329 - 0 ] INFO  server.XceiverServerGrpc (XceiverServerGrpc.java:start(180)) - XceiverServerGrpc c0705ae6-2331-49ba-9982-fffa5d94ae7b is started using port 37947
2022-07-12 21:05:09,789 [Listener at 127.0.0.1/38457] INFO  ozone.MiniOzoneClusterImpl (MiniOzoneClusterImpl.java:lambda$waitForClusterToBeReady$0(223)) - Waiting for nodes to be ready. Got 3 of 5 DN Heartbeats.
2022-07-12 21:05:09,789 [Listener at 127.0.0.1/38457] INFO  ozone.MiniOzoneClusterImpl (MiniOzoneClusterImpl.java:lambda$waitForClusterToBeReady$0(226)) - Waiting for cluster to exit safe mode
2022-07-12 21:05:09,790 [Listener at 127.0.0.1/38457] INFO  ozone.MiniOzoneClusterImpl (MiniOzoneClusterImpl.java:lambda$waitForClusterToBeReady$0(228)) - SCM became leader
2022-07-12 21:05:09,888 [IPC Server handler 1 on default port 46329] INFO  net.NetworkTopologyImpl (NetworkTopologyImpl.java:add(112)) - Added a new node: /default-rack/78fcb3e9-d6c5-4f6f-a049-b9f080c7e3b8
2022-07-12 21:05:09,889 [IPC Server handler 1 on default port 46329] INFO  node.SCMNodeManager (SCMNodeManager.java:register(397)) - Registered Data node : 78fcb3e9-d6c5-4f6f-a049-b9f080c7e3b8{ip: 10.1.0.20, host: fv-az452-57.ku3lqr0aiaqu5kfj3xdpchcrvd.dx.internal.cloudapp.net, ports: [REPLICATION=46095, RATIS=41539, RATIS_ADMIN=41539, RATIS_SERVER=41539, STANDALONE=44681], networkLocation: /default-rack, certSerialId: null, persistedOpState: null, persistedOpStateExpiryEpochSec: 0}
2022-07-12 21:05:09,889 [EventQueue-NewNodeForNewNodeHandler] INFO  pipeline.BackgroundPipelineCreator (BackgroundPipelineCreator.java:notifyEventTriggered(275)) - trigger a one-shot run on RatisPipelineUtilsThread.
2022-07-12 21:05:09,891 [RatisPipelineUtilsThread - 0] INFO  pipeline.RatisPipelineProvider (RatisPipelineProvider.java:lambda$create$0(195)) - Sending CreatePipelineCommand for pipeline:PipelineID=9431b696-058b-4ba5-83fc-6cab98915d4e to datanode:78fcb3e9-d6c5-4f6f-a049-b9f080c7e3b8
2022-07-12 21:05:09,892 [RatisPipelineUtilsThread - 0] INFO  pipeline.PipelineStateManagerImpl (PipelineStateManagerImpl.java:addPipeline(103)) - Created pipeline Pipeline[ Id: 9431b696-058b-4ba5-83fc-6cab98915d4e, Nodes: 78fcb3e9-d6c5-4f6f-a049-b9f080c7e3b8{ip: 10.1.0.20, host: fv-az452-57.ku3lqr0aiaqu5kfj3xdpchcrvd.dx.internal.cloudapp.net, ports: [REPLICATION=46095, RATIS=41539, RATIS_ADMIN=41539, RATIS_SERVER=41539, STANDALONE=44681], networkLocation: /default-rack, certSerialId: null, persistedOpState: IN_SERVICE, persistedOpStateExpiryEpochSec: 0}, ReplicationConfig: RATIS/ONE, State:ALLOCATED, leaderId:, CreationTimestamp2022-07-12T21:05:09.891Z[Etc/UTC]].
2022-07-12 21:05:10,129 [Command processor thread] INFO  server.RaftServer (RaftServerProxy.java:addNew(96)) - f5c54527-7221-49d9-b9b4-cc0a1023d383: addNew group-352E2EDA2DA9:[f5c54527-7221-49d9-b9b4-cc0a1023d383|rpc:10.1.0.20:37817|priority:1] returns group-352E2EDA2DA9:java.util.concurrent.CompletableFuture@2b0c5dd2[Not completed]
2022-07-12 21:05:10,153 [pool-357-thread-1] INFO  server.RaftServer$Division (RaftServerImpl.java:<init>(190)) - f5c54527-7221-49d9-b9b4-cc0a1023d383: new RaftServerImpl for group-352E2EDA2DA9:[f5c54527-7221-49d9-b9b4-cc0a1023d383|rpc:10.1.0.20:37817|priority:1] with ContainerStateMachine:uninitialized
2022-07-12 21:05:10,153 [pool-357-thread-1] INFO  server.RaftServerConfigKeys (ConfUtils.java:logGet(46)) - raft.server.rpc.timeout.min = 5s (custom)
2022-07-12 21:05:10,153 [pool-357-thread-1] INFO  server.RaftServerConfigKeys (ConfUtils.java:logGet(46)) - raft.server.rpc.timeout.max = 5200ms (custom)
2022-07-12 21:05:10,153 [pool-357-thread-1] INFO  server.RaftServerConfigKeys (ConfUtils.java:logGet(46)) - raft.server.rpc.sleep.time = 25ms (default)
2022-07-12 21:05:10,153 [pool-357-thread-1] INFO  server.RaftServerConfigKeys (ConfUtils.java:logGet(46)) - raft.server.rpc.slowness.timeout = 300s (custom)
2022-07-12 21:05:10,153 [pool-357-thread-1] INFO  server.RaftServerConfigKeys (ConfUtils.java:logGet(46)) - raft.server.leaderelection.leader.step-down.wait-time = 10s (default)
2022-07-12 21:05:10,153 [pool-357-thread-1] INFO  server.RaftServerConfigKeys (ConfUtils.java:logGet(46)) - raft.server.sleep.deviation.threshold = 300ms (default)
2022-07-12 21:05:10,153 [pool-357-thread-1] INFO  server.RaftServer$Division (ServerState.java:<init>(107)) - f5c54527-7221-49d9-b9b4-cc0a1023d383@group-352E2EDA2DA9: ConfigurationManager, init=-1: [f5c54527-7221-49d9-b9b4-cc0a1023d383|rpc:10.1.0.20:37817|priority:1], old=null, confs=<EMPTY_MAP>
2022-07-12 21:05:10,154 [pool-357-thread-1] INFO  server.RaftServerConfigKeys (ConfUtils.java:logGet(46)) - raft.server.storage.dir = [/home/runner/work/ozone/ozone/hadoop-ozone/integration-test/target/test-dir/MiniOzoneClusterImpl-82396f26-4b51-4819-9d3b-5aa507234af8/datanode-0/data/ratis] (custom)
2022-07-12 21:05:10,154 [pool-357-thread-1] INFO  server.RaftServerConfigKeys (ConfUtils.java:logGet(46)) - raft.server.log.corruption.policy = EXCEPTION (default)
2022-07-12 21:05:10,154 [pool-357-thread-1] INFO  server.RaftServerConfigKeys (ConfUtils.java:logGet(46)) - raft.server.storage.free-space.min = 0MB (=0) (default)
2022-07-12 21:05:10,154 [pool-357-thread-1] INFO  storage.RaftStorageDirectory (RaftStorageDirectoryImpl.java:analyzeStorage(135)) - The storage directory /home/runner/work/ozone/ozone/hadoop-ozone/integration-test/target/test-dir/MiniOzoneClusterImpl-82396f26-4b51-4819-9d3b-5aa507234af8/datanode-0/data/ratis/e91ef082-11b2-4e9b-acf3-352e2eda2da9 does not exist. Creating ...
2022-07-12 21:05:10,164 [pool-357-thread-1] INFO  storage.RaftStorageDirectory (RaftStorageDirectoryImpl.java:tryLock(230)) - Lock on /home/runner/work/ozone/ozone/hadoop-ozone/integration-test/target/test-dir/MiniOzoneClusterImpl-82396f26-4b51-4819-9d3b-5aa507234af8/datanode-0/data/ratis/e91ef082-11b2-4e9b-acf3-352e2eda2da9/in_use.lock acquired by nodename 31611@fv-az452-57
2022-07-12 21:05:10,165 [pool-357-thread-1] INFO  storage.RaftStorage (RaftStorageImpl.java:format(89)) - Storage directory /home/runner/work/ozone/ozone/hadoop-ozone/integration-test/target/test-dir/MiniOzoneClusterImpl-82396f26-4b51-4819-9d3b-5aa507234af8/datanode-0/data/ratis/e91ef082-11b2-4e9b-acf3-352e2eda2da9 has been successfully formatted.
2022-07-12 21:05:10,183 [pool-357-thread-1] INFO  ratis.ContainerStateMachine (ContainerStateMachine.java:loadSnapshot(236)) - group-352E2EDA2DA9: The snapshot info is null. Setting the last applied indexto:(t:0, i:~)
2022-07-12 21:05:10,184 [pool-357-thread-1] INFO  server.RaftServerConfigKeys (ConfUtils.java:logGet(46)) - raft.server.notification.no-leader.timeout = 300s (custom)
2022-07-12 21:05:10,184 [pool-357-thread-1] INFO  server.RaftServerConfigKeys (ConfUtils.java:logGet(46)) - raft.server.log.use.memory = false (default)
2022-07-12 21:05:10,184 [pool-357-thread-1] INFO  server.RaftServerConfigKeys (ConfUtils.java:logGet(46)) - raft.server.log.purge.gap = 1000000 (custom)
2022-07-12 21:05:10,185 [pool-357-thread-1] INFO  server.RaftServerConfigKeys (ConfUtils.java:logGet(46)) - raft.server.log.appender.buffer.byte-limit = 33554432 (custom)
2022-07-12 21:05:10,185 [pool-357-thread-1] INFO  server.RaftServerConfigKeys (ConfUtils.java:logGet(46)) - raft.server.log.statemachine.data.read.timeout = 1000ms (default)
2022-07-12 21:05:10,185 [pool-357-thread-1] INFO  server.RaftServerConfigKeys (ConfUtils.java:logGet(46)) - raft.server.log.segment.size.max = 1048576 (custom)
2022-07-12 21:05:10,185 [EventQueue-PipelineReportForPipelineReportHandler] INFO  pipeline.PipelineManagerImpl (PipelineManagerImpl.java:openPipeline(359)) - Pipeline Pipeline[ Id: e91ef082-11b2-4e9b-acf3-352e2eda2da9, Nodes: f5c54527-7221-49d9-b9b4-cc0a1023d383{ip: 10.1.0.20, host: fv-az452-57.ku3lqr0aiaqu5kfj3xdpchcrvd.dx.internal.cloudapp.net, ports: [REPLICATION=37415, RATIS=37817, RATIS_ADMIN=37817, RATIS_SERVER=37817, STANDALONE=43931], networkLocation: /default-rack, certSerialId: null, persistedOpState: IN_SERVICE, persistedOpStateExpiryEpochSec: 0}, ReplicationConfig: RATIS/ONE, State:ALLOCATED, leaderId:f5c54527-7221-49d9-b9b4-cc0a1023d383, CreationTimestamp2022-07-12T21:05:07.145Z[Etc/UTC]] moved to OPEN state
2022-07-12 21:05:10,185 [pool-357-thread-1] INFO  server.RaftServerConfigKeys (ConfUtils.java:logGet(46)) - raft.server.log.segment.cache.num.max = 2 (custom)
2022-07-12 21:05:10,186 [pool-357-thread-1] INFO  server.RaftServerConfigKeys (ConfUtils.java:logGet(46)) - raft.server.log.segment.cache.size.max = 200MB (=209715200) (default)
2022-07-12 21:05:10,186 [pool-357-thread-1] INFO  segmented.SegmentedRaftLogWorker (SegmentedRaftLogWorker.java:<init>(187)) - new f5c54527-7221-49d9-b9b4-cc0a1023d383@group-352E2EDA2DA9-SegmentedRaftLogWorker for RaftStorageImpl:Storage Directory /home/runner/work/ozone/ozone/hadoop-ozone/integration-test/target/test-dir/MiniOzoneClusterImpl-82396f26-4b51-4819-9d3b-5aa507234af8/datanode-0/data/ratis/e91ef082-11b2-4e9b-acf3-352e2eda2da9
2022-07-12 21:05:10,186 [pool-357-thread-1] INFO  server.RaftServerConfigKeys (ConfUtils.java:logGet(46)) - raft.server.log.queue.byte-limit = 4294967296 (custom)
2022-07-12 21:05:10,186 [pool-357-thread-1] INFO  server.RaftServerConfigKeys (ConfUtils.java:logGet(46)) - raft.server.log.queue.element-limit = 1024 (custom)
2022-07-12 21:05:10,186 [pool-357-thread-1] INFO  server.RaftServerConfigKeys (ConfUtils.java:logGet(46)) - raft.server.log.segment.size.max = 1048576 (custom)
2022-07-12 21:05:10,186 [pool-357-thread-1] INFO  server.RaftServerConfigKeys (ConfUtils.java:logGet(46)) - raft.server.log.preallocated.size = 16384 (custom)
2022-07-12 21:05:10,186 [pool-357-thread-1] INFO  server.RaftServerConfigKeys (ConfUtils.java:logGet(46)) - raft.server.log.force.sync.num = 128 (default)
2022-07-12 21:05:10,186 [pool-357-thread-1] INFO  server.RaftServerConfigKeys (ConfUtils.java:logGet(46)) - raft.server.log.statemachine.data.sync = true (default)
2022-07-12 21:05:10,186 [pool-357-thread-1] INFO  server.RaftServerConfigKeys (ConfUtils.java:logGet(46)) - raft.server.log.statemachine.data.sync.timeout = 10s (default)
2022-07-12 21:05:10,186 [pool-357-thread-1] INFO  server.RaftServerConfigKeys (ConfUtils.java:logGet(46)) - raft.server.log.statemachine.data.sync.timeout.retry = -1 (default)
2022-07-12 21:05:10,187 [pool-357-thread-1] INFO  server.RaftServerConfigKeys (ConfUtils.java:logGet(46)) - raft.server.log.write.buffer.size = 1048576 (custom)
2022-07-12 21:05:10,195 [pool-357-thread-1] INFO  server.RaftServerConfigKeys (ConfUtils.java:logGet(46)) - raft.server.log.unsafe-flush.enabled = false (default)
2022-07-12 21:05:10,195 [pool-357-thread-1] INFO  server.RaftServerConfigKeys (ConfUtils.java:logGet(46)) - raft.server.log.statemachine.data.caching.enabled = true (custom)
2022-07-12 21:05:10,196 [pool-357-thread-1] INFO  segmented.SegmentedRaftLogWorker (SegmentedRaftLogWorker.java:lambda$new$0(135)) - f5c54527-7221-49d9-b9b4-cc0a1023d383@group-352E2EDA2DA9-SegmentedRaftLogWorker: flushIndex: setUnconditionally 0 -> -1
2022-07-12 21:05:10,196 [pool-357-thread-1] INFO  segmented.SegmentedRaftLogWorker (SegmentedRaftLogWorker.java:lambda$new$0(135)) - f5c54527-7221-49d9-b9b4-cc0a1023d383@group-352E2EDA2DA9-SegmentedRaftLogWorker: safeCacheEvictIndex: setUnconditionally 0 -> -1
2022-07-12 21:05:10,207 [pool-357-thread-1] INFO  server.RaftServerConfigKeys (ConfUtils.java:logGet(46)) - raft.server.snapshot.auto.trigger.enabled = true (custom)
2022-07-12 21:05:10,207 [pool-357-thread-1] INFO  server.RaftServerConfigKeys (ConfUtils.java:logGet(46)) - raft.server.snapshot.auto.trigger.threshold = 10000 (custom)
2022-07-12 21:05:10,208 [pool-357-thread-1] INFO  server.RaftServerConfigKeys (ConfUtils.java:logGet(46)) - raft.server.snapshot.retention.file.num = 5 (custom)
2022-07-12 21:05:10,208 [pool-357-thread-1] INFO  server.RaftServerConfigKeys (ConfUtils.java:logGet(46)) - raft.server.log.purge.upto.snapshot.index = false (default)
2022-07-12 21:05:10,208 [pool-357-thread-1] INFO  server.RaftServerConfigKeys (ConfUtils.java:logGet(46)) - raft.server.retrycache.expirytime = 600000ms (custom)
2022-07-12 21:05:10,208 [pool-357-thread-1] INFO  server.RaftServerConfigKeys (ConfUtils.java:logGet(46)) - raft.server.retrycache.statistics.expirytime = 100μs (default)
2022-07-12 21:05:10,209 [pool-357-thread-1] INFO  server.RaftServerConfigKeys (ConfUtils.java:logGet(46)) - raft.server.log.appender.install.snapshot.enabled = false (custom)
2022-07-12 21:05:10,209 [pool-357-thread-1] INFO  server.RaftServerConfigKeys (ConfUtils.java:logGet(46)) - raft.server.threadpool.server.cached = true (default)
2022-07-12 21:05:10,209 [pool-357-thread-1] INFO  server.RaftServerConfigKeys (ConfUtils.java:logGet(46)) - raft.server.threadpool.server.size = 0 (default)
2022-07-12 21:05:10,209 [pool-357-thread-1] INFO  server.RaftServerConfigKeys (ConfUtils.java:logGet(46)) - raft.server.threadpool.client.cached = true (default)
2022-07-12 21:05:10,209 [pool-357-thread-1] INFO  server.RaftServerConfigKeys (ConfUtils.java:logGet(46)) - raft.server.threadpool.client.size = 0 (default)
2022-07-12 21:05:10,209 [pool-357-thread-1] INFO  server.RaftServer$Division (RaftServerImpl.java:start(310)) - f5c54527-7221-49d9-b9b4-cc0a1023d383@group-352E2EDA2DA9: start as a follower, conf=-1: [f5c54527-7221-49d9-b9b4-cc0a1023d383|rpc:10.1.0.20:37817|priority:1], old=null
2022-07-12 21:05:10,209 [pool-357-thread-1] INFO  server.RaftServer$Division (RaftServerImpl.java:setRole(299)) - f5c54527-7221-49d9-b9b4-cc0a1023d383@group-352E2EDA2DA9: changes role from      null to FOLLOWER at term 0 for startAsFollower
2022-07-12 21:05:10,210 [pool-357-thread-1] INFO  impl.RoleInfo (RoleInfo.java:updateAndGet(139)) - f5c54527-7221-49d9-b9b4-cc0a1023d383: start f5c54527-7221-49d9-b9b4-cc0a1023d383@group-352E2EDA2DA9-FollowerState
2022-07-12 21:05:10,211 [pool-357-thread-1] INFO  util.JmxRegister (JmxRegister.java:tryRegister(44)) - Successfully registered JMX Bean with object name Ratis:service=RaftServer,group=group-352E2EDA2DA9,id=f5c54527-7221-49d9-b9b4-cc0a1023d383
2022-07-12 21:05:10,232 [Command processor thread] INFO  ratis.XceiverServerRatis (XceiverServerRatis.java:addGroup(765)) - Created group PipelineID=e91ef082-11b2-4e9b-acf3-352e2eda2da9
2022-07-12 21:05:10,232 [Command processor thread] INFO  commandhandler.CreatePipelineCommandHandler (CreatePipelineCommandHandler.java:handle(113)) - Created Pipeline RATIS ONE PipelineID=e91ef082-11b2-4e9b-acf3-352e2eda2da9.
2022-07-12 21:05:10,232 [Command processor thread] INFO  server.RaftServer (RaftServerProxy.java:addNew(96)) - f5c54527-7221-49d9-b9b4-cc0a1023d383: addNew group-21BCC251FB73:[e0395122-a850-434f-9bbf-3f60ac82720c|rpc:10.1.0.20:38137|priority:0, f5c54527-7221-49d9-b9b4-cc0a1023d383|rpc:10.1.0.20:37817|priority:1, c45d84f2-9958-4641-906c-b1d7f28512e6|rpc:10.1.0.20:40679|priority:0] returns group-21BCC251FB73:java.util.concurrent.CompletableFuture@2f33dc6b[Not completed]
2022-07-12 21:05:10,232 [EventQueue-OpenPipelineForHealthyPipelineSafeModeRule] INFO  safemode.SCMSafeModeManager (HealthyPipelineSafeModeRule.java:process(124)) - SCM in safe mode. Healthy pipelines reported count is 0, required healthy pipeline reported count is 1
2022-07-12 21:05:10,237 [pool-357-thread-1] INFO  server.RaftServer$Division (RaftServerImpl.java:<init>(190)) - f5c54527-7221-49d9-b9b4-cc0a1023d383: new RaftServerImpl for group-21BCC251FB73:[e0395122-a850-434f-9bbf-3f60ac82720c|rpc:10.1.0.20:38137|priority:0, f5c54527-7221-49d9-b9b4-cc0a1023d383|rpc:10.1.0.20:37817|priority:1, c45d84f2-9958-4641-906c-b1d7f28512e6|rpc:10.1.0.20:40679|priority:0] with ContainerStateMachine:uninitialized
2022-07-12 21:05:10,237 [pool-357-thread-1] INFO  server.RaftServerConfigKeys (ConfUtils.java:logGet(46)) - raft.server.rpc.timeout.min = 5s (custom)
2022-07-12 21:05:10,237 [pool-357-thread-1] INFO  server.RaftServerConfigKeys (ConfUtils.java:logGet(46)) - raft.server.rpc.timeout.max = 5200ms (custom)
2022-07-12 21:05:10,237 [pool-357-thread-1] INFO  server.RaftServerConfigKeys (ConfUtils.java:logGet(46)) - raft.server.rpc.sleep.time = 25ms (default)
2022-07-12 21:05:10,237 [pool-357-thread-1] INFO  server.RaftServerConfigKeys (ConfUtils.java:logGet(46)) - raft.server.rpc.slowness.timeout = 300s (custom)
2022-07-12 21:05:10,237 [pool-357-thread-1] INFO  server.RaftServerConfigKeys (ConfUtils.java:logGet(46)) - raft.server.leaderelection.leader.step-down.wait-time = 10s (default)
2022-07-12 21:05:10,237 [pool-357-thread-1] INFO  server.RaftServerConfigKeys (ConfUtils.java:logGet(46)) - raft.server.sleep.deviation.threshold = 300ms (default)
2022-07-12 21:05:10,237 [pool-357-thread-1] INFO  server.RaftServer$Division (ServerState.java:<init>(107)) - f5c54527-7221-49d9-b9b4-cc0a1023d383@group-21BCC251FB73: ConfigurationManager, init=-1: [e0395122-a850-434f-9bbf-3f60ac82720c|rpc:10.1.0.20:38137|priority:0, f5c54527-7221-49d9-b9b4-cc0a1023d383|rpc:10.1.0.20:37817|priority:1, c45d84f2-9958-4641-906c-b1d7f28512e6|rpc:10.1.0.20:40679|priority:0], old=null, confs=<EMPTY_MAP>
2022-07-12 21:05:10,237 [pool-357-thread-1] INFO  server.RaftServerConfigKeys (ConfUtils.java:logGet(46)) - raft.server.storage.dir = [/home/runner/work/ozone/ozone/hadoop-ozone/integration-test/target/test-dir/MiniOzoneClusterImpl-82396f26-4b51-4819-9d3b-5aa507234af8/datanode-0/data/ratis] (custom)
2022-07-12 21:05:10,237 [pool-357-thread-1] INFO  server.RaftServerConfigKeys (ConfUtils.java:logGet(46)) - raft.server.log.corruption.policy = EXCEPTION (default)
2022-07-12 21:05:10,238 [pool-357-thread-1] INFO  server.RaftServerConfigKeys (ConfUtils.java:logGet(46)) - raft.server.storage.free-space.min = 0MB (=0) (default)
2022-07-12 21:05:10,238 [pool-357-thread-1] INFO  storage.RaftStorageDirectory (RaftStorageDirectoryImpl.java:analyzeStorage(135)) - The storage directory /home/runner/work/ozone/ozone/hadoop-ozone/integration-test/target/test-dir/MiniOzoneClusterImpl-82396f26-4b51-4819-9d3b-5aa507234af8/datanode-0/data/ratis/9e5a9c45-4d2b-4fb4-9008-21bcc251fb73 does not exist. Creating ...
2022-07-12 21:05:10,239 [pool-357-thread-1] INFO  storage.RaftStorageDirectory (RaftStorageDirectoryImpl.java:tryLock(230)) - Lock on /home/runner/work/ozone/ozone/hadoop-ozone/integration-test/target/test-dir/MiniOzoneClusterImpl-82396f26-4b51-4819-9d3b-5aa507234af8/datanode-0/data/ratis/9e5a9c45-4d2b-4fb4-9008-21bcc251fb73/in_use.lock acquired by nodename 31611@fv-az452-57
2022-07-12 21:05:10,241 [pool-357-thread-1] INFO  storage.RaftStorage (RaftStorageImpl.java:format(89)) - Storage directory /home/runner/work/ozone/ozone/hadoop-ozone/integration-test/target/test-dir/MiniOzoneClusterImpl-82396f26-4b51-4819-9d3b-5aa507234af8/datanode-0/data/ratis/9e5a9c45-4d2b-4fb4-9008-21bcc251fb73 has been successfully formatted.
2022-07-12 21:05:10,241 [pool-357-thread-1] INFO  ratis.ContainerStateMachine (ContainerStateMachine.java:loadSnapshot(236)) - group-21BCC251FB73: The snapshot info is null. Setting the last applied indexto:(t:0, i:~)
2022-07-12 21:05:10,241 [pool-357-thread-1] INFO  server.RaftServerConfigKeys (ConfUtils.java:logGet(46)) - raft.server.notification.no-leader.timeout = 300s (custom)
2022-07-12 21:05:10,241 [pool-357-thread-1] INFO  server.RaftServerConfigKeys (ConfUtils.java:logGet(46)) - raft.server.log.use.memory = false (default)
2022-07-12 21:05:10,241 [pool-357-thread-1] INFO  server.RaftServerConfigKeys (ConfUtils.java:logGet(46)) - raft.server.log.purge.gap = 1000000 (custom)
2022-07-12 21:05:10,241 [pool-357-thread-1] INFO  server.RaftServerConfigKeys (ConfUtils.java:logGet(46)) - raft.server.log.appender.buffer.byte-limit = 33554432 (custom)
2022-07-12 21:05:10,241 [pool-357-thread-1] INFO  server.RaftServerConfigKeys (ConfUtils.java:logGet(46)) - raft.server.log.statemachine.data.read.timeout = 1000ms (default)
2022-07-12 21:05:10,242 [pool-357-thread-1] INFO  server.RaftServerConfigKeys (ConfUtils.java:logGet(46)) - raft.server.log.segment.size.max = 1048576 (custom)
2022-07-12 21:05:10,242 [pool-357-thread-1] INFO  server.RaftServerConfigKeys (ConfUtils.java:logGet(46)) - raft.server.log.segment.cache.num.max = 2 (custom)
2022-07-12 21:05:10,242 [pool-357-thread-1] INFO  server.RaftServerConfigKeys (ConfUtils.java:logGet(46)) - raft.server.log.segment.cache.size.max = 200MB (=209715200) (default)
2022-07-12 21:05:10,242 [pool-357-thread-1] INFO  segmented.SegmentedRaftLogWorker (SegmentedRaftLogWorker.java:<init>(187)) - new f5c54527-7221-49d9-b9b4-cc0a1023d383@group-21BCC251FB73-SegmentedRaftLogWorker for RaftStorageImpl:Storage Directory /home/runner/work/ozone/ozone/hadoop-ozone/integration-test/target/test-dir/MiniOzoneClusterImpl-82396f26-4b51-4819-9d3b-5aa507234af8/datanode-0/data/ratis/9e5a9c45-4d2b-4fb4-9008-21bcc251fb73
2022-07-12 21:05:10,242 [pool-357-thread-1] INFO  server.RaftServerConfigKeys (ConfUtils.java:logGet(46)) - raft.server.log.queue.byte-limit = 4294967296 (custom)
2022-07-12 21:05:10,242 [pool-357-thread-1] INFO  server.RaftServerConfigKeys (ConfUtils.java:logGet(46)) - raft.server.log.queue.element-limit = 1024 (custom)
2022-07-12 21:05:10,242 [pool-357-thread-1] INFO  server.RaftServerConfigKeys (ConfUtils.java:logGet(46)) - raft.server.log.segment.size.max = 1048576 (custom)
2022-07-12 21:05:10,242 [pool-357-thread-1] INFO  server.RaftServerConfigKeys (ConfUtils.java:logGet(46)) - raft.server.log.preallocated.size = 16384 (custom)
2022-07-12 21:05:10,242 [pool-357-thread-1] INFO  server.RaftServerConfigKeys (ConfUtils.java:logGet(46)) - raft.server.log.force.sync.num = 128 (default)
2022-07-12 21:05:10,242 [pool-357-thread-1] INFO  server.RaftServerConfigKeys (ConfUtils.java:logGet(46)) - raft.server.log.statemachine.data.sync = true (default)
2022-07-12 21:05:10,242 [pool-357-thread-1] INFO  server.RaftServerConfigKeys (ConfUtils.java:logGet(46)) - raft.server.log.statemachine.data.sync.timeout = 10s (default)
2022-07-12 21:05:10,242 [pool-357-thread-1] INFO  server.RaftServerConfigKeys (ConfUtils.java:logGet(46)) - raft.server.log.statemachine.data.sync.timeout.retry = -1 (default)
2022-07-12 21:05:10,245 [EventQueue-OpenPipelineForHealthyPipelineSafeModeRule] INFO  safemode.SCMSafeModeManager (HealthyPipelineSafeModeRule.java:process(124)) - SCM in safe mode. Healthy pipelines reported count is 0, required healthy pipeline reported count is 1
2022-07-12 21:05:10,247 [pool-357-thread-1] INFO  server.RaftServerConfigKeys (ConfUtils.java:logGet(46)) - raft.server.log.write.buffer.size = 1048576 (custom)
2022-07-12 21:05:10,247 [pool-357-thread-1] INFO  server.RaftServerConfigKeys (ConfUtils.java:logGet(46)) - raft.server.log.unsafe-flush.enabled = false (default)
2022-07-12 21:05:10,247 [pool-357-thread-1] INFO  server.RaftServerConfigKeys (ConfUtils.java:logGet(46)) - raft.server.log.statemachine.data.caching.enabled = true (custom)
2022-07-12 21:05:10,247 [pool-357-thread-1] INFO  segmented.SegmentedRaftLogWorker (SegmentedRaftLogWorker.java:lambda$new$0(135)) - f5c54527-7221-49d9-b9b4-cc0a1023d383@group-21BCC251FB73-SegmentedRaftLogWorker: flushIndex: setUnconditionally 0 -> -1
2022-07-12 21:05:10,247 [pool-357-thread-1] INFO  segmented.SegmentedRaftLogWorker (SegmentedRaftLogWorker.java:lambda$new$0(135)) - f5c54527-7221-49d9-b9b4-cc0a1023d383@group-21BCC251FB73-SegmentedRaftLogWorker: safeCacheEvictIndex: setUnconditionally 0 -> -1
2022-07-12 21:05:10,263 [pool-357-thread-1] INFO  server.RaftServerConfigKeys (ConfUtils.java:logGet(46)) - raft.server.snapshot.auto.trigger.enabled = true (custom)
2022-07-12 21:05:10,263 [pool-357-thread-1] INFO  server.RaftServerConfigKeys (ConfUtils.java:logGet(46)) - raft.server.snapshot.auto.trigger.threshold = 10000 (custom)
2022-07-12 21:05:10,264 [pool-357-thread-1] INFO  server.RaftServerConfigKeys (ConfUtils.java:logGet(46)) - raft.server.snapshot.retention.file.num = 5 (custom)
2022-07-12 21:05:10,264 [pool-357-thread-1] INFO  server.RaftServerConfigKeys (ConfUtils.java:logGet(46)) - raft.server.log.purge.upto.snapshot.index = false (default)
2022-07-12 21:05:10,264 [pool-357-thread-1] INFO  server.RaftServerConfigKeys (ConfUtils.java:logGet(46)) - raft.server.retrycache.expirytime = 600000ms (custom)
2022-07-12 21:05:10,264 [pool-357-thread-1] INFO  server.RaftServerConfigKeys (ConfUtils.java:logGet(46)) - raft.server.retrycache.statistics.expirytime = 100μs (default)
2022-07-12 21:05:10,265 [pool-357-thread-1] INFO  server.RaftServerConfigKeys (ConfUtils.java:logGet(46)) - raft.server.log.appender.install.snapshot.enabled = false (custom)
2022-07-12 21:05:10,267 [pool-357-thread-1] INFO  server.RaftServerConfigKeys (ConfUtils.java:logGet(46)) - raft.server.threadpool.server.cached = true (default)
2022-07-12 21:05:10,268 [pool-357-thread-1] INFO  server.RaftServerConfigKeys (ConfUtils.java:logGet(46)) - raft.server.threadpool.server.size = 0 (default)
2022-07-12 21:05:10,268 [pool-357-thread-1] INFO  server.RaftServerConfigKeys (ConfUtils.java:logGet(46)) - raft.server.threadpool.client.cached = true (default)
2022-07-12 21:05:10,268 [pool-357-thread-1] INFO  server.RaftServerConfigKeys (ConfUtils.java:logGet(46)) - raft.server.threadpool.client.size = 0 (default)
2022-07-12 21:05:10,268 [pool-357-thread-1] INFO  server.RaftServer$Division (RaftServerImpl.java:start(310)) - f5c54527-7221-49d9-b9b4-cc0a1023d383@group-21BCC251FB73: start as a follower, conf=-1: [e0395122-a850-434f-9bbf-3f60ac82720c|rpc:10.1.0.20:38137|priority:0, f5c54527-7221-49d9-b9b4-cc0a1023d383|rpc:10.1.0.20:37817|priority:1, c45d84f2-9958-4641-906c-b1d7f28512e6|rpc:10.1.0.20:40679|priority:0], old=null
2022-07-12 21:05:10,268 [pool-357-thread-1] INFO  server.RaftServer$Division (RaftServerImpl.java:setRole(299)) - f5c54527-7221-49d9-b9b4-cc0a1023d383@group-21BCC251FB73: changes role from      null to FOLLOWER at term 0 for startAsFollower
2022-07-12 21:05:10,268 [pool-357-thread-1] INFO  impl.RoleInfo (RoleInfo.java:updateAndGet(139)) - f5c54527-7221-49d9-b9b4-cc0a1023d383: start f5c54527-7221-49d9-b9b4-cc0a1023d383@group-21BCC251FB73-FollowerState
2022-07-12 21:05:10,269 [pool-357-thread-1] INFO  util.JmxRegister (JmxRegister.java:tryRegister(44)) - Successfully registered JMX Bean with object name Ratis:service=RaftServer,group=group-21BCC251FB73,id=f5c54527-7221-49d9-b9b4-cc0a1023d383
2022-07-12 21:05:10,271 [Command processor thread] INFO  ratis.XceiverServerRatis (XceiverServerRatis.java:addGroup(765)) - Created group PipelineID=9e5a9c45-4d2b-4fb4-9008-21bcc251fb73
2022-07-12 21:05:10,340 [grpc-default-executor-0] INFO  server.RaftServer (RaftServerProxy.java:addNew(96)) - c45d84f2-9958-4641-906c-b1d7f28512e6: addNew group-21BCC251FB73:[e0395122-a850-434f-9bbf-3f60ac82720c|rpc:10.1.0.20:38137|dataStream:|priority:0, f5c54527-7221-49d9-b9b4-cc0a1023d383|rpc:10.1.0.20:37817|dataStream:|priority:1, c45d84f2-9958-4641-906c-b1d7f28512e6|rpc:10.1.0.20:40679|dataStream:|priority:0] returns group-21BCC251FB73:java.util.concurrent.CompletableFuture@7628fc09[Not completed]
2022-07-12 21:05:10,356 [pool-380-thread-1] INFO  server.RaftServer$Division (RaftServerImpl.java:<init>(190)) - c45d84f2-9958-4641-906c-b1d7f28512e6: new RaftServerImpl for group-21BCC251FB73:[e0395122-a850-434f-9bbf-3f60ac82720c|rpc:10.1.0.20:38137|dataStream:|priority:0, f5c54527-7221-49d9-b9b4-cc0a1023d383|rpc:10.1.0.20:37817|dataStream:|priority:1, c45d84f2-9958-4641-906c-b1d7f28512e6|rpc:10.1.0.20:40679|dataStream:|priority:0] with ContainerStateMachine:uninitialized
2022-07-12 21:05:10,356 [pool-380-thread-1] INFO  server.RaftServerConfigKeys (ConfUtils.java:logGet(46)) - raft.server.rpc.timeout.min = 5s (custom)
2022-07-12 21:05:10,357 [pool-380-thread-1] INFO  server.RaftServerConfigKeys (ConfUtils.java:logGet(46)) - raft.server.rpc.timeout.max = 5200ms (custom)
2022-07-12 21:05:10,357 [pool-380-thread-1] INFO  server.RaftServerConfigKeys (ConfUtils.java:logGet(46)) - raft.server.rpc.sleep.time = 25ms (default)
2022-07-12 21:05:10,357 [pool-380-thread-1] INFO  server.RaftServerConfigKeys (ConfUtils.java:logGet(46)) - raft.server.rpc.slowness.timeout = 300s (custom)
2022-07-12 21:05:10,357 [pool-380-thread-1] INFO  server.RaftServerConfigKeys (ConfUtils.java:logGet(46)) - raft.server.leaderelection.leader.step-down.wait-time = 10s (default)
2022-07-12 21:05:10,357 [pool-380-thread-1] INFO  server.RaftServerConfigKeys (ConfUtils.java:logGet(46)) - raft.server.sleep.deviation.threshold = 300ms (default)
2022-07-12 21:05:10,357 [pool-380-thread-1] INFO  server.RaftServer$Division (ServerState.java:<init>(107)) - c45d84f2-9958-4641-906c-b1d7f28512e6@group-21BCC251FB73: ConfigurationManager, init=-1: [e0395122-a850-434f-9bbf-3f60ac82720c|rpc:10.1.0.20:38137|dataStream:|priority:0, f5c54527-7221-49d9-b9b4-cc0a1023d383|rpc:10.1.0.20:37817|dataStream:|priority:1, c45d84f2-9958-4641-906c-b1d7f28512e6|rpc:10.1.0.20:40679|dataStream:|priority:0], old=null, confs=<EMPTY_MAP>
2022-07-12 21:05:10,357 [pool-380-thread-1] INFO  server.RaftServerConfigKeys (ConfUtils.java:logGet(46)) - raft.server.storage.dir = [/home/runner/work/ozone/ozone/hadoop-ozone/integration-test/target/test-dir/MiniOzoneClusterImpl-82396f26-4b51-4819-9d3b-5aa507234af8/datanode-1/data/ratis] (custom)
2022-07-12 21:05:10,357 [pool-380-thread-1] INFO  server.RaftServerConfigKeys (ConfUtils.java:logGet(46)) - raft.server.log.corruption.policy = EXCEPTION (default)
2022-07-12 21:05:10,357 [pool-380-thread-1] INFO  server.RaftServerConfigKeys (ConfUtils.java:logGet(46)) - raft.server.storage.free-space.min = 0MB (=0) (default)
2022-07-12 21:05:10,357 [pool-380-thread-1] INFO  storage.RaftStorageDirectory (RaftStorageDirectoryImpl.java:analyzeStorage(135)) - The storage directory /home/runner/work/ozone/ozone/hadoop-ozone/integration-test/target/test-dir/MiniOzoneClusterImpl-82396f26-4b51-4819-9d3b-5aa507234af8/datanode-1/data/ratis/9e5a9c45-4d2b-4fb4-9008-21bcc251fb73 does not exist. Creating ...
2022-07-12 21:05:10,367 [pool-380-thread-1] INFO  storage.RaftStorageDirectory (RaftStorageDirectoryImpl.java:tryLock(230)) - Lock on /home/runner/work/ozone/ozone/hadoop-ozone/integration-test/target/test-dir/MiniOzoneClusterImpl-82396f26-4b51-4819-9d3b-5aa507234af8/datanode-1/data/ratis/9e5a9c45-4d2b-4fb4-9008-21bcc251fb73/in_use.lock acquired by nodename 31611@fv-az452-57
2022-07-12 21:05:10,369 [pool-380-thread-1] INFO  storage.RaftStorage (RaftStorageImpl.java:format(89)) - Storage directory /home/runner/work/ozone/ozone/hadoop-ozone/integration-test/target/test-dir/MiniOzoneClusterImpl-82396f26-4b51-4819-9d3b-5aa507234af8/datanode-1/data/ratis/9e5a9c45-4d2b-4fb4-9008-21bcc251fb73 has been successfully formatted.
2022-07-12 21:05:10,370 [pool-380-thread-1] INFO  ratis.ContainerStateMachine (ContainerStateMachine.java:loadSnapshot(236)) - group-21BCC251FB73: The snapshot info is null. Setting the last applied indexto:(t:0, i:~)
2022-07-12 21:05:10,370 [pool-380-thread-1] INFO  server.RaftServerConfigKeys (ConfUtils.java:logGet(46)) - raft.server.notification.no-leader.timeout = 300s (custom)
2022-07-12 21:05:10,370 [pool-380-thread-1] INFO  server.RaftServerConfigKeys (ConfUtils.java:logGet(46)) - raft.server.log.use.memory = false (default)
2022-07-12 21:05:10,370 [pool-380-thread-1] INFO  server.RaftServerConfigKeys (ConfUtils.java:logGet(46)) - raft.server.log.purge.gap = 1000000 (custom)
2022-07-12 21:05:10,371 [pool-380-thread-1] INFO  server.RaftServerConfigKeys (ConfUtils.java:logGet(46)) - raft.server.log.appender.buffer.byte-limit = 33554432 (custom)
2022-07-12 21:05:10,371 [pool-380-thread-1] INFO  server.RaftServerConfigKeys (ConfUtils.java:logGet(46)) - raft.server.log.statemachine.data.read.timeout = 1000ms (default)
2022-07-12 21:05:10,371 [pool-380-thread-1] INFO  server.RaftServerConfigKeys (ConfUtils.java:logGet(46)) - raft.server.log.segment.size.max = 1048576 (custom)
2022-07-12 21:05:10,371 [pool-380-thread-1] INFO  server.RaftServerConfigKeys (ConfUtils.java:logGet(46)) - raft.server.log.segment.cache.num.max = 2 (custom)
2022-07-12 21:05:10,371 [pool-380-thread-1] INFO  server.RaftServerConfigKeys (ConfUtils.java:logGet(46)) - raft.server.log.segment.cache.size.max = 200MB (=209715200) (default)
2022-07-12 21:05:10,371 [pool-380-thread-1] INFO  segmented.SegmentedRaftLogWorker (SegmentedRaftLogWorker.java:<init>(187)) - new c45d84f2-9958-4641-906c-b1d7f28512e6@group-21BCC251FB73-SegmentedRaftLogWorker for RaftStorageImpl:Storage Directory /home/runner/work/ozone/ozone/hadoop-ozone/integration-test/target/test-dir/MiniOzoneClusterImpl-82396f26-4b51-4819-9d3b-5aa507234af8/datanode-1/data/ratis/9e5a9c45-4d2b-4fb4-9008-21bcc251fb73
2022-07-12 21:05:10,371 [pool-380-thread-1] INFO  server.RaftServerConfigKeys (ConfUtils.java:logGet(46)) - raft.server.log.queue.byte-limit = 4294967296 (custom)
2022-07-12 21:05:10,372 [pool-380-thread-1] INFO  server.RaftServerConfigKeys (ConfUtils.java:logGet(46)) - raft.server.log.queue.element-limit = 1024 (custom)
2022-07-12 21:05:10,372 [pool-380-thread-1] INFO  server.RaftServerConfigKeys (ConfUtils.java:logGet(46)) - raft.server.log.segment.size.max = 1048576 (custom)
2022-07-12 21:05:10,372 [pool-380-thread-1] INFO  server.RaftServerConfigKeys (ConfUtils.java:logGet(46)) - raft.server.log.preallocated.size = 16384 (custom)
2022-07-12 21:05:10,372 [pool-380-thread-1] INFO  server.RaftServerConfigKeys (ConfUtils.java:logGet(46)) - raft.server.log.force.sync.num = 128 (default)
2022-07-12 21:05:10,372 [pool-380-thread-1] INFO  server.RaftServerConfigKeys (ConfUtils.java:logGet(46)) - raft.server.log.statemachine.data.sync = true (default)
2022-07-12 21:05:10,372 [pool-380-thread-1] INFO  server.RaftServerConfigKeys (ConfUtils.java:logGet(46)) - raft.server.log.statemachine.data.sync.timeout = 10s (default)
2022-07-12 21:05:10,372 [pool-380-thread-1] INFO  server.RaftServerConfigKeys (ConfUtils.java:logGet(46)) - raft.server.log.statemachine.data.sync.timeout.retry = -1 (default)
2022-07-12 21:05:10,373 [pool-380-thread-1] INFO  server.RaftServerConfigKeys (ConfUtils.java:logGet(46)) - raft.server.log.write.buffer.size = 1048576 (custom)
2022-07-12 21:05:10,373 [pool-380-thread-1] INFO  server.RaftServerConfigKeys (ConfUtils.java:logGet(46)) - raft.server.log.unsafe-flush.enabled = false (default)
2022-07-12 21:05:10,373 [pool-380-thread-1] INFO  server.RaftServerConfigKeys (ConfUtils.java:logGet(46)) - raft.server.log.statemachine.data.caching.enabled = true (custom)
2022-07-12 21:05:10,373 [pool-380-thread-1] INFO  segmented.SegmentedRaftLogWorker (SegmentedRaftLogWorker.java:lambda$new$0(135)) - c45d84f2-9958-4641-906c-b1d7f28512e6@group-21BCC251FB73-SegmentedRaftLogWorker: flushIndex: setUnconditionally 0 -> -1
2022-07-12 21:05:10,373 [pool-380-thread-1] INFO  segmented.SegmentedRaftLogWorker (SegmentedRaftLogWorker.java:lambda$new$0(135)) - c45d84f2-9958-4641-906c-b1d7f28512e6@group-21BCC251FB73-SegmentedRaftLogWorker: safeCacheEvictIndex: setUnconditionally 0 -> -1
2022-07-12 21:05:10,374 [pool-380-thread-1] INFO  server.RaftServerConfigKeys (ConfUtils.java:logGet(46)) - raft.server.snapshot.auto.trigger.enabled = true (custom)
2022-07-12 21:05:10,375 [pool-380-thread-1] INFO  server.RaftServerConfigKeys (ConfUtils.java:logGet(46)) - raft.server.snapshot.auto.trigger.threshold = 10000 (custom)
2022-07-12 21:05:10,375 [pool-380-thread-1] INFO  server.RaftServerConfigKeys (ConfUtils.java:logGet(46)) - raft.server.snapshot.retention.file.num = 5 (custom)
2022-07-12 21:05:10,375 [pool-380-thread-1] INFO  server.RaftServerConfigKeys (ConfUtils.java:logGet(46)) - raft.server.log.purge.upto.snapshot.index = false (default)
2022-07-12 21:05:10,375 [pool-380-thread-1] INFO  server.RaftServerConfigKeys (ConfUtils.java:logGet(46)) - raft.server.retrycache.expirytime = 600000ms (custom)
2022-07-12 21:05:10,375 [pool-380-thread-1] INFO  server.RaftServerConfigKeys (ConfUtils.java:logGet(46)) - raft.server.retrycache.statistics.expirytime = 100μs (default)
2022-07-12 21:05:10,376 [pool-380-thread-1] INFO  server.RaftServerConfigKeys (ConfUtils.java:logGet(46)) - raft.server.log.appender.install.snapshot.enabled = false (custom)
2022-07-12 21:05:10,376 [pool-380-thread-1] INFO  server.RaftServerConfigKeys (ConfUtils.java:logGet(46)) - raft.server.threadpool.server.cached = true (default)
2022-07-12 21:05:10,376 [pool-380-thread-1] INFO  server.RaftServerConfigKeys (ConfUtils.java:logGet(46)) - raft.server.threadpool.server.size = 0 (default)
2022-07-12 21:05:10,376 [pool-380-thread-1] INFO  server.RaftServerConfigKeys (ConfUtils.java:logGet(46)) - raft.server.threadpool.client.cached = true (default)
2022-07-12 21:05:10,376 [pool-380-thread-1] INFO  server.RaftServerConfigKeys (ConfUtils.java:logGet(46)) - raft.server.threadpool.client.size = 0 (default)
2022-07-12 21:05:10,376 [pool-380-thread-1] INFO  server.RaftServer$Division (RaftServerImpl.java:start(310)) - c45d84f2-9958-4641-906c-b1d7f28512e6@group-21BCC251FB73: start as a follower, conf=-1: [e0395122-a850-434f-9bbf-3f60ac82720c|rpc:10.1.0.20:38137|dataStream:|priority:0, f5c54527-7221-49d9-b9b4-cc0a1023d383|rpc:10.1.0.20:37817|dataStream:|priority:1, c45d84f2-9958-4641-906c-b1d7f28512e6|rpc:10.1.0.20:40679|dataStream:|priority:0], old=null
2022-07-12 21:05:10,376 [pool-380-thread-1] INFO  server.RaftServer$Division (RaftServerImpl.java:setRole(299)) - c45d84f2-9958-4641-906c-b1d7f28512e6@group-21BCC251FB73: changes role from      null to FOLLOWER at term 0 for startAsFollower
2022-07-12 21:05:10,377 [pool-380-thread-1] INFO  impl.RoleInfo (RoleInfo.java:updateAndGet(139)) - c45d84f2-9958-4641-906c-b1d7f28512e6: start c45d84f2-9958-4641-906c-b1d7f28512e6@group-21BCC251FB73-FollowerState
2022-07-12 21:05:10,387 [pool-380-thread-1] INFO  util.JmxRegister (JmxRegister.java:tryRegister(44)) - Successfully registered JMX Bean with object name Ratis:service=RaftServer,group=group-21BCC251FB73,id=c45d84f2-9958-4641-906c-b1d7f28512e6
2022-07-12 21:05:10,484 [grpc-default-executor-0] INFO  server.RaftServer (RaftServerProxy.java:addNew(96)) - e0395122-a850-434f-9bbf-3f60ac82720c: addNew group-21BCC251FB73:[e0395122-a850-434f-9bbf-3f60ac82720c|rpc:10.1.0.20:38137|dataStream:|priority:0, f5c54527-7221-49d9-b9b4-cc0a1023d383|rpc:10.1.0.20:37817|dataStream:|priority:1, c45d84f2-9958-4641-906c-b1d7f28512e6|rpc:10.1.0.20:40679|dataStream:|priority:0] returns group-21BCC251FB73:java.util.concurrent.CompletableFuture@7d64d54b[Not completed]
2022-07-12 21:05:10,485 [pool-403-thread-1] INFO  server.RaftServer$Division (RaftServerImpl.java:<init>(190)) - e0395122-a850-434f-9bbf-3f60ac82720c: new RaftServerImpl for group-21BCC251FB73:[e0395122-a850-434f-9bbf-3f60ac82720c|rpc:10.1.0.20:38137|dataStream:|priority:0, f5c54527-7221-49d9-b9b4-cc0a1023d383|rpc:10.1.0.20:37817|dataStream:|priority:1, c45d84f2-9958-4641-906c-b1d7f28512e6|rpc:10.1.0.20:40679|dataStream:|priority:0] with ContainerStateMachine:uninitialized
2022-07-12 21:05:10,485 [pool-403-thread-1] INFO  server.RaftServerConfigKeys (ConfUtils.java:logGet(46)) - raft.server.rpc.timeout.min = 5s (custom)
2022-07-12 21:05:10,485 [pool-403-thread-1] INFO  server.RaftServerConfigKeys (ConfUtils.java:logGet(46)) - raft.server.rpc.timeout.max = 5200ms (custom)
2022-07-12 21:05:10,485 [pool-403-thread-1] INFO  server.RaftServerConfigKeys (ConfUtils.java:logGet(46)) - raft.server.rpc.sleep.time = 25ms (default)
2022-07-12 21:05:10,485 [pool-403-thread-1] INFO  server.RaftServerConfigKeys (ConfUtils.java:logGet(46)) - raft.server.rpc.slowness.timeout = 300s (custom)
2022-07-12 21:05:10,485 [pool-403-thread-1] INFO  server.RaftServerConfigKeys (ConfUtils.java:logGet(46)) - raft.server.leaderelection.leader.step-down.wait-time = 10s (default)
2022-07-12 21:05:10,485 [pool-403-thread-1] INFO  server.RaftServerConfigKeys (ConfUtils.java:logGet(46)) - raft.server.sleep.deviation.threshold = 300ms (default)
2022-07-12 21:05:10,486 [pool-403-thread-1] INFO  server.RaftServer$Division (ServerState.java:<init>(107)) - e0395122-a850-434f-9bbf-3f60ac82720c@group-21BCC251FB73: ConfigurationManager, init=-1: [e0395122-a850-434f-9bbf-3f60ac82720c|rpc:10.1.0.20:38137|dataStream:|priority:0, f5c54527-7221-49d9-b9b4-cc0a1023d383|rpc:10.1.0.20:37817|dataStream:|priority:1, c45d84f2-9958-4641-906c-b1d7f28512e6|rpc:10.1.0.20:40679|dataStream:|priority:0], old=null, confs=<EMPTY_MAP>
2022-07-12 21:05:10,486 [pool-403-thread-1] INFO  server.RaftServerConfigKeys (ConfUtils.java:logGet(46)) - raft.server.storage.dir = [/home/runner/work/ozone/ozone/hadoop-ozone/integration-test/target/test-dir/MiniOzoneClusterImpl-82396f26-4b51-4819-9d3b-5aa507234af8/datanode-2/data/ratis] (custom)
2022-07-12 21:05:10,486 [pool-403-thread-1] INFO  server.RaftServerConfigKeys (ConfUtils.java:logGet(46)) - raft.server.log.corruption.policy = EXCEPTION (default)
2022-07-12 21:05:10,486 [pool-403-thread-1] INFO  server.RaftServerConfigKeys (ConfUtils.java:logGet(46)) - raft.server.storage.free-space.min = 0MB (=0) (default)
2022-07-12 21:05:10,486 [pool-403-thread-1] INFO  storage.RaftStorageDirectory (RaftStorageDirectoryImpl.java:analyzeStorage(135)) - The storage directory /home/runner/work/ozone/ozone/hadoop-ozone/integration-test/target/test-dir/MiniOzoneClusterImpl-82396f26-4b51-4819-9d3b-5aa507234af8/datanode-2/data/ratis/9e5a9c45-4d2b-4fb4-9008-21bcc251fb73 does not exist. Creating ...
2022-07-12 21:05:10,489 [pool-403-thread-1] INFO  storage.RaftStorageDirectory (RaftStorageDirectoryImpl.java:tryLock(230)) - Lock on /home/runner/work/ozone/ozone/hadoop-ozone/integration-test/target/test-dir/MiniOzoneClusterImpl-82396f26-4b51-4819-9d3b-5aa507234af8/datanode-2/data/ratis/9e5a9c45-4d2b-4fb4-9008-21bcc251fb73/in_use.lock acquired by nodename 31611@fv-az452-57
2022-07-12 21:05:10,492 [pool-403-thread-1] INFO  storage.RaftStorage (RaftStorageImpl.java:format(89)) - Storage directory /home/runner/work/ozone/ozone/hadoop-ozone/integration-test/target/test-dir/MiniOzoneClusterImpl-82396f26-4b51-4819-9d3b-5aa507234af8/datanode-2/data/ratis/9e5a9c45-4d2b-4fb4-9008-21bcc251fb73 has been successfully formatted.
2022-07-12 21:05:10,493 [pool-403-thread-1] INFO  ratis.ContainerStateMachine (ContainerStateMachine.java:loadSnapshot(236)) - group-21BCC251FB73: The snapshot info is null. Setting the last applied indexto:(t:0, i:~)
2022-07-12 21:05:10,493 [pool-403-thread-1] INFO  server.RaftServerConfigKeys (ConfUtils.java:logGet(46)) - raft.server.notification.no-leader.timeout = 300s (custom)
2022-07-12 21:05:10,511 [pool-403-thread-1] INFO  server.RaftServerConfigKeys (ConfUtils.java:logGet(46)) - raft.server.log.use.memory = false (default)
2022-07-12 21:05:10,511 [pool-403-thread-1] INFO  server.RaftServerConfigKeys (ConfUtils.java:logGet(46)) - raft.server.log.purge.gap = 1000000 (custom)
2022-07-12 21:05:10,512 [pool-403-thread-1] INFO  server.RaftServerConfigKeys (ConfUtils.java:logGet(46)) - raft.server.log.appender.buffer.byte-limit = 33554432 (custom)
2022-07-12 21:05:10,512 [pool-403-thread-1] INFO  server.RaftServerConfigKeys (ConfUtils.java:logGet(46)) - raft.server.log.statemachine.data.read.timeout = 1000ms (default)
2022-07-12 21:05:10,512 [pool-403-thread-1] INFO  server.RaftServerConfigKeys (ConfUtils.java:logGet(46)) - raft.server.log.segment.size.max = 1048576 (custom)
2022-07-12 21:05:10,512 [pool-403-thread-1] INFO  server.RaftServerConfigKeys (ConfUtils.java:logGet(46)) - raft.server.log.segment.cache.num.max = 2 (custom)
2022-07-12 21:05:10,512 [pool-403-thread-1] INFO  server.RaftServerConfigKeys (ConfUtils.java:logGet(46)) - raft.server.log.segment.cache.size.max = 200MB (=209715200) (default)
2022-07-12 21:05:10,512 [pool-403-thread-1] INFO  segmented.SegmentedRaftLogWorker (SegmentedRaftLogWorker.java:<init>(187)) - new e0395122-a850-434f-9bbf-3f60ac82720c@group-21BCC251FB73-SegmentedRaftLogWorker for RaftStorageImpl:Storage Directory /home/runner/work/ozone/ozone/hadoop-ozone/integration-test/target/test-dir/MiniOzoneClusterImpl-82396f26-4b51-4819-9d3b-5aa507234af8/datanode-2/data/ratis/9e5a9c45-4d2b-4fb4-9008-21bcc251fb73
2022-07-12 21:05:10,512 [pool-403-thread-1] INFO  server.RaftServerConfigKeys (ConfUtils.java:logGet(46)) - raft.server.log.queue.byte-limit = 4294967296 (custom)
2022-07-12 21:05:10,512 [pool-403-thread-1] INFO  server.RaftServerConfigKeys (ConfUtils.java:logGet(46)) - raft.server.log.queue.element-limit = 1024 (custom)
2022-07-12 21:05:10,513 [pool-403-thread-1] INFO  server.RaftServerConfigKeys (ConfUtils.java:logGet(46)) - raft.server.log.segment.size.max = 1048576 (custom)
2022-07-12 21:05:10,513 [pool-403-thread-1] INFO  server.RaftServerConfigKeys (ConfUtils.java:logGet(46)) - raft.server.log.preallocated.size = 16384 (custom)
2022-07-12 21:05:10,513 [pool-403-thread-1] INFO  server.RaftServerConfigKeys (ConfUtils.java:logGet(46)) - raft.server.log.force.sync.num = 128 (default)
2022-07-12 21:05:10,513 [pool-403-thread-1] INFO  server.RaftServerConfigKeys (ConfUtils.java:logGet(46)) - raft.server.log.statemachine.data.sync = true (default)
2022-07-12 21:05:10,513 [pool-403-thread-1] INFO  server.RaftServerConfigKeys (ConfUtils.java:logGet(46)) - raft.server.log.statemachine.data.sync.timeout = 10s (default)
2022-07-12 21:05:10,513 [pool-403-thread-1] INFO  server.RaftServerConfigKeys (ConfUtils.java:logGet(46)) - raft.server.log.statemachine.data.sync.timeout.retry = -1 (default)
2022-07-12 21:05:10,514 [pool-403-thread-1] INFO  server.RaftServerConfigKeys (ConfUtils.java:logGet(46)) - raft.server.log.write.buffer.size = 1048576 (custom)
2022-07-12 21:05:10,514 [pool-403-thread-1] INFO  server.RaftServerConfigKeys (ConfUtils.java:logGet(46)) - raft.server.log.unsafe-flush.enabled = false (default)
2022-07-12 21:05:10,514 [pool-403-thread-1] INFO  server.RaftServerConfigKeys (ConfUtils.java:logGet(46)) - raft.server.log.statemachine.data.caching.enabled = true (custom)
2022-07-12 21:05:10,515 [pool-403-thread-1] INFO  segmented.SegmentedRaftLogWorker (SegmentedRaftLogWorker.java:lambda$new$0(135)) - e0395122-a850-434f-9bbf-3f60ac82720c@group-21BCC251FB73-SegmentedRaftLogWorker: flushIndex: setUnconditionally 0 -> -1
2022-07-12 21:05:10,515 [pool-403-thread-1] INFO  segmented.SegmentedRaftLogWorker (SegmentedRaftLogWorker.java:lambda$new$0(135)) - e0395122-a850-434f-9bbf-3f60ac82720c@group-21BCC251FB73-SegmentedRaftLogWorker: safeCacheEvictIndex: setUnconditionally 0 -> -1
2022-07-12 21:05:10,533 [pool-403-thread-1] INFO  server.RaftServerConfigKeys (ConfUtils.java:logGet(46)) - raft.server.snapshot.auto.trigger.enabled = true (custom)
2022-07-12 21:05:10,533 [pool-403-thread-1] INFO  server.RaftServerConfigKeys (ConfUtils.java:logGet(46)) - raft.server.snapshot.auto.trigger.threshold = 10000 (custom)
2022-07-12 21:05:10,533 [pool-403-thread-1] INFO  server.RaftServerConfigKeys (ConfUtils.java:logGet(46)) - raft.server.snapshot.retention.file.num = 5 (custom)
2022-07-12 21:05:10,533 [pool-403-thread-1] INFO  server.RaftServerConfigKeys (ConfUtils.java:logGet(46)) - raft.server.log.purge.upto.snapshot.index = false (default)
2022-07-12 21:05:10,533 [pool-403-thread-1] INFO  server.RaftServerConfigKeys (ConfUtils.java:logGet(46)) - raft.server.retrycache.expirytime = 600000ms (custom)
2022-07-12 21:05:10,533 [pool-403-thread-1] INFO  server.RaftServerConfigKeys (ConfUtils.java:logGet(46)) - raft.server.retrycache.statistics.expirytime = 100μs (default)
2022-07-12 21:05:10,535 [pool-403-thread-1] INFO  server.RaftServerConfigKeys (ConfUtils.java:logGet(46)) - raft.server.log.appender.install.snapshot.enabled = false (custom)
2022-07-12 21:05:10,535 [pool-403-thread-1] INFO  server.RaftServerConfigKeys (ConfUtils.java:logGet(46)) - raft.server.threadpool.server.cached = true (default)
2022-07-12 21:05:10,535 [pool-403-thread-1] INFO  server.RaftServerConfigKeys (ConfUtils.java:logGet(46)) - raft.server.threadpool.server.size = 0 (default)
2022-07-12 21:05:10,535 [pool-403-thread-1] INFO  server.RaftServerConfigKeys (ConfUtils.java:logGet(46)) - raft.server.threadpool.client.cached = true (default)
2022-07-12 21:05:10,535 [pool-403-thread-1] INFO  server.RaftServerConfigKeys (ConfUtils.java:logGet(46)) - raft.server.threadpool.client.size = 0 (default)
2022-07-12 21:05:10,535 [pool-403-thread-1] INFO  server.RaftServer$Division (RaftServerImpl.java:start(310)) - e0395122-a850-434f-9bbf-3f60ac82720c@group-21BCC251FB73: start as a follower, conf=-1: [e0395122-a850-434f-9bbf-3f60ac82720c|rpc:10.1.0.20:38137|dataStream:|priority:0, f5c54527-7221-49d9-b9b4-cc0a1023d383|rpc:10.1.0.20:37817|dataStream:|priority:1, c45d84f2-9958-4641-906c-b1d7f28512e6|rpc:10.1.0.20:40679|dataStream:|priority:0], old=null
2022-07-12 21:05:10,535 [pool-403-thread-1] INFO  server.RaftServer$Division (RaftServerImpl.java:setRole(299)) - e0395122-a850-434f-9bbf-3f60ac82720c@group-21BCC251FB73: changes role from      null to FOLLOWER at term 0 for startAsFollower
2022-07-12 21:05:10,535 [pool-403-thread-1] INFO  impl.RoleInfo (RoleInfo.java:updateAndGet(139)) - e0395122-a850-434f-9bbf-3f60ac82720c: start e0395122-a850-434f-9bbf-3f60ac82720c@group-21BCC251FB73-FollowerState
2022-07-12 21:05:10,558 [pool-403-thread-1] INFO  util.JmxRegister (JmxRegister.java:tryRegister(44)) - Successfully registered JMX Bean with object name Ratis:service=RaftServer,group=group-21BCC251FB73,id=e0395122-a850-434f-9bbf-3f60ac82720c
2022-07-12 21:05:10,612 [Command processor thread] INFO  commandhandler.CreatePipelineCommandHandler (CreatePipelineCommandHandler.java:handle(113)) - Created Pipeline RATIS THREE PipelineID=9e5a9c45-4d2b-4fb4-9008-21bcc251fb73.
2022-07-12 21:05:10,612 [Command processor thread] INFO  server.RaftServer (RaftServerProxy.java:addNew(96)) - f5c54527-7221-49d9-b9b4-cc0a1023d383: addNew group-A48E3770D969:[f5c54527-7221-49d9-b9b4-cc0a1023d383|rpc:10.1.0.20:37817|priority:0, e0395122-a850-434f-9bbf-3f60ac82720c|rpc:10.1.0.20:38137|priority:1, c45d84f2-9958-4641-906c-b1d7f28512e6|rpc:10.1.0.20:40679|priority:0] returns group-A48E3770D969:java.util.concurrent.CompletableFuture@69c38d6d[Not completed]
2022-07-12 21:05:10,615 [pool-357-thread-1] INFO  server.RaftServer$Division (RaftServerImpl.java:<init>(190)) - f5c54527-7221-49d9-b9b4-cc0a1023d383: new RaftServerImpl for group-A48E3770D969:[f5c54527-7221-49d9-b9b4-cc0a1023d383|rpc:10.1.0.20:37817|priority:0, e0395122-a850-434f-9bbf-3f60ac82720c|rpc:10.1.0.20:38137|priority:1, c45d84f2-9958-4641-906c-b1d7f28512e6|rpc:10.1.0.20:40679|priority:0] with ContainerStateMachine:uninitialized
2022-07-12 21:05:10,615 [pool-357-thread-1] INFO  server.RaftServerConfigKeys (ConfUtils.java:logGet(46)) - raft.server.rpc.timeout.min = 5s (custom)
2022-07-12 21:05:10,615 [pool-357-thread-1] INFO  server.RaftServerConfigKeys (ConfUtils.java:logGet(46)) - raft.server.rpc.timeout.max = 5200ms (custom)
2022-07-12 21:05:10,615 [pool-357-thread-1] INFO  server.RaftServerConfigKeys (ConfUtils.java:logGet(46)) - raft.server.rpc.sleep.time = 25ms (default)
2022-07-12 21:05:10,615 [pool-357-thread-1] INFO  server.RaftServerConfigKeys (ConfUtils.java:logGet(46)) - raft.server.rpc.slowness.timeout = 300s (custom)
2022-07-12 21:05:10,615 [pool-357-thread-1] INFO  server.RaftServerConfigKeys (ConfUtils.java:logGet(46)) - raft.server.leaderelection.leader.step-down.wait-time = 10s (default)
2022-07-12 21:05:10,615 [pool-357-thread-1] INFO  server.RaftServerConfigKeys (ConfUtils.java:logGet(46)) - raft.server.sleep.deviation.threshold = 300ms (default)
2022-07-12 21:05:10,615 [pool-357-thread-1] INFO  server.RaftServer$Division (ServerState.java:<init>(107)) - f5c54527-7221-49d9-b9b4-cc0a1023d383@group-A48E3770D969: ConfigurationManager, init=-1: [f5c54527-7221-49d9-b9b4-cc0a1023d383|rpc:10.1.0.20:37817|priority:0, e0395122-a850-434f-9bbf-3f60ac82720c|rpc:10.1.0.20:38137|priority:1, c45d84f2-9958-4641-906c-b1d7f28512e6|rpc:10.1.0.20:40679|priority:0], old=null, confs=<EMPTY_MAP>
2022-07-12 21:05:10,615 [pool-357-thread-1] INFO  server.RaftServerConfigKeys (ConfUtils.java:logGet(46)) - raft.server.storage.dir = [/home/runner/work/ozone/ozone/hadoop-ozone/integration-test/target/test-dir/MiniOzoneClusterImpl-82396f26-4b51-4819-9d3b-5aa507234af8/datanode-0/data/ratis] (custom)
2022-07-12 21:05:10,616 [pool-357-thread-1] INFO  server.RaftServerConfigKeys (ConfUtils.java:logGet(46)) - raft.server.log.corruption.policy = EXCEPTION (default)
2022-07-12 21:05:10,616 [pool-357-thread-1] INFO  server.RaftServerConfigKeys (ConfUtils.java:logGet(46)) - raft.server.storage.free-space.min = 0MB (=0) (default)
2022-07-12 21:05:10,616 [pool-357-thread-1] INFO  storage.RaftStorageDirectory (RaftStorageDirectoryImpl.java:analyzeStorage(135)) - The storage directory /home/runner/work/ozone/ozone/hadoop-ozone/integration-test/target/test-dir/MiniOzoneClusterImpl-82396f26-4b51-4819-9d3b-5aa507234af8/datanode-0/data/ratis/32936255-cde6-4523-be8c-a48e3770d969 does not exist. Creating ...
2022-07-12 21:05:10,625 [pool-357-thread-1] INFO  storage.RaftStorageDirectory (RaftStorageDirectoryImpl.java:tryLock(230)) - Lock on /home/runner/work/ozone/ozone/hadoop-ozone/integration-test/target/test-dir/MiniOzoneClusterImpl-82396f26-4b51-4819-9d3b-5aa507234af8/datanode-0/data/ratis/32936255-cde6-4523-be8c-a48e3770d969/in_use.lock acquired by nodename 31611@fv-az452-57
2022-07-12 21:05:10,627 [pool-357-thread-1] INFO  storage.RaftStorage (RaftStorageImpl.java:format(89)) - Storage directory /home/runner/work/ozone/ozone/hadoop-ozone/integration-test/target/test-dir/MiniOzoneClusterImpl-82396f26-4b51-4819-9d3b-5aa507234af8/datanode-0/data/ratis/32936255-cde6-4523-be8c-a48e3770d969 has been successfully formatted.
2022-07-12 21:05:10,628 [pool-357-thread-1] INFO  ratis.ContainerStateMachine (ContainerStateMachine.java:loadSnapshot(236)) - group-A48E3770D969: The snapshot info is null. Setting the last applied indexto:(t:0, i:~)
2022-07-12 21:05:10,628 [pool-357-thread-1] INFO  server.RaftServerConfigKeys (ConfUtils.java:logGet(46)) - raft.server.notification.no-leader.timeout = 300s (custom)
2022-07-12 21:05:10,628 [pool-357-thread-1] INFO  server.RaftServerConfigKeys (ConfUtils.java:logGet(46)) - raft.server.log.use.memory = false (default)
2022-07-12 21:05:10,628 [pool-357-thread-1] INFO  server.RaftServerConfigKeys (ConfUtils.java:logGet(46)) - raft.server.log.purge.gap = 1000000 (custom)
2022-07-12 21:05:10,628 [pool-357-thread-1] INFO  server.RaftServerConfigKeys (ConfUtils.java:logGet(46)) - raft.server.log.appender.buffer.byte-limit = 33554432 (custom)
2022-07-12 21:05:10,628 [pool-357-thread-1] INFO  server.RaftServerConfigKeys (ConfUtils.java:logGet(46)) - raft.server.log.statemachine.data.read.timeout = 1000ms (default)
2022-07-12 21:05:10,629 [EventQueue-OpenPipelineForHealthyPipelineSafeModeRule] INFO  safemode.SCMSafeModeManager (HealthyPipelineSafeModeRule.java:process(124)) - SCM in safe mode. Healthy pipelines reported count is 0, required healthy pipeline reported count is 1
2022-07-12 21:05:10,629 [pool-357-thread-1] INFO  server.RaftServerConfigKeys (ConfUtils.java:logGet(46)) - raft.server.log.segment.size.max = 1048576 (custom)
2022-07-12 21:05:10,630 [pool-357-thread-1] INFO  server.RaftServerConfigKeys (ConfUtils.java:logGet(46)) - raft.server.log.segment.cache.num.max = 2 (custom)
2022-07-12 21:05:10,630 [pool-357-thread-1] INFO  server.RaftServerConfigKeys (ConfUtils.java:logGet(46)) - raft.server.log.segment.cache.size.max = 200MB (=209715200) (default)
2022-07-12 21:05:10,630 [pool-357-thread-1] INFO  segmented.SegmentedRaftLogWorker (SegmentedRaftLogWorker.java:<init>(187)) - new f5c54527-7221-49d9-b9b4-cc0a1023d383@group-A48E3770D969-SegmentedRaftLogWorker for RaftStorageImpl:Storage Directory /home/runner/work/ozone/ozone/hadoop-ozone/integration-test/target/test-dir/MiniOzoneClusterImpl-82396f26-4b51-4819-9d3b-5aa507234af8/datanode-0/data/ratis/32936255-cde6-4523-be8c-a48e3770d969
2022-07-12 21:05:10,630 [pool-357-thread-1] INFO  server.RaftServerConfigKeys (ConfUtils.java:logGet(46)) - raft.server.log.queue.byte-limit = 4294967296 (custom)
2022-07-12 21:05:10,630 [pool-357-thread-1] INFO  server.RaftServerConfigKeys (ConfUtils.java:logGet(46)) - raft.server.log.queue.element-limit = 1024 (custom)
2022-07-12 21:05:10,630 [pool-357-thread-1] INFO  server.RaftServerConfigKeys (ConfUtils.java:logGet(46)) - raft.server.log.segment.size.max = 1048576 (custom)
2022-07-12 21:05:10,630 [pool-357-thread-1] INFO  server.RaftServerConfigKeys (ConfUtils.java:logGet(46)) - raft.server.log.preallocated.size = 16384 (custom)
2022-07-12 21:05:10,630 [pool-357-thread-1] INFO  server.RaftServerConfigKeys (ConfUtils.java:logGet(46)) - raft.server.log.force.sync.num = 128 (default)
2022-07-12 21:05:10,630 [pool-357-thread-1] INFO  server.RaftServerConfigKeys (ConfUtils.java:logGet(46)) - raft.server.log.statemachine.data.sync = true (default)
2022-07-12 21:05:10,630 [pool-357-thread-1] INFO  server.RaftServerConfigKeys (ConfUtils.java:logGet(46)) - raft.server.log.statemachine.data.sync.timeout = 10s (default)
2022-07-12 21:05:10,630 [pool-357-thread-1] INFO  server.RaftServerConfigKeys (ConfUtils.java:logGet(46)) - raft.server.log.statemachine.data.sync.timeout.retry = -1 (default)
2022-07-12 21:05:10,631 [pool-357-thread-1] INFO  server.RaftServerConfigKeys (ConfUtils.java:logGet(46)) - raft.server.log.write.buffer.size = 1048576 (custom)
2022-07-12 21:05:10,632 [pool-357-thread-1] INFO  server.RaftServerConfigKeys (ConfUtils.java:logGet(46)) - raft.server.log.unsafe-flush.enabled = false (default)
2022-07-12 21:05:10,632 [pool-357-thread-1] INFO  server.RaftServerConfigKeys (ConfUtils.java:logGet(46)) - raft.server.log.statemachine.data.caching.enabled = true (custom)
2022-07-12 21:05:10,632 [pool-357-thread-1] INFO  segmented.SegmentedRaftLogWorker (SegmentedRaftLogWorker.java:lambda$new$0(135)) - f5c54527-7221-49d9-b9b4-cc0a1023d383@group-A48E3770D969-SegmentedRaftLogWorker: flushIndex: setUnconditionally 0 -> -1
2022-07-12 21:05:10,632 [pool-357-thread-1] INFO  segmented.SegmentedRaftLogWorker (SegmentedRaftLogWorker.java:lambda$new$0(135)) - f5c54527-7221-49d9-b9b4-cc0a1023d383@group-A48E3770D969-SegmentedRaftLogWorker: safeCacheEvictIndex: setUnconditionally 0 -> -1
2022-07-12 21:05:10,651 [pool-357-thread-1] INFO  server.RaftServerConfigKeys (ConfUtils.java:logGet(46)) - raft.server.snapshot.auto.trigger.enabled = true (custom)
2022-07-12 21:05:10,651 [pool-357-thread-1] INFO  server.RaftServerConfigKeys (ConfUtils.java:logGet(46)) - raft.server.snapshot.auto.trigger.threshold = 10000 (custom)
2022-07-12 21:05:10,652 [pool-357-thread-1] INFO  server.RaftServerConfigKeys (ConfUtils.java:logGet(46)) - raft.server.snapshot.retention.file.num = 5 (custom)
2022-07-12 21:05:10,652 [pool-357-thread-1] INFO  server.RaftServerConfigKeys (ConfUtils.java:logGet(46)) - raft.server.log.purge.upto.snapshot.index = false (default)
2022-07-12 21:05:10,652 [pool-357-thread-1] INFO  server.RaftServerConfigKeys (ConfUtils.java:logGet(46)) - raft.server.retrycache.expirytime = 600000ms (custom)
2022-07-12 21:05:10,652 [pool-357-thread-1] INFO  server.RaftServerConfigKeys (ConfUtils.java:logGet(46)) - raft.server.retrycache.statistics.expirytime = 100μs (default)
2022-07-12 21:05:10,653 [pool-357-thread-1] INFO  server.RaftServerConfigKeys (ConfUtils.java:logGet(46)) - raft.server.log.appender.install.snapshot.enabled = false (custom)
2022-07-12 21:05:10,653 [pool-357-thread-1] INFO  server.RaftServerConfigKeys (ConfUtils.java:logGet(46)) - raft.server.threadpool.server.cached = true (default)
2022-07-12 21:05:10,653 [pool-357-thread-1] INFO  server.RaftServerConfigKeys (ConfUtils.java:logGet(46)) - raft.server.threadpool.server.size = 0 (default)
2022-07-12 21:05:10,653 [pool-357-thread-1] INFO  server.RaftServerConfigKeys (ConfUtils.java:logGet(46)) - raft.server.threadpool.client.cached = true (default)
2022-07-12 21:05:10,653 [pool-357-thread-1] INFO  server.RaftServerConfigKeys (ConfUtils.java:logGet(46)) - raft.server.threadpool.client.size = 0 (default)
2022-07-12 21:05:10,653 [pool-357-thread-1] INFO  server.RaftServer$Division (RaftServerImpl.java:start(310)) - f5c54527-7221-49d9-b9b4-cc0a1023d383@group-A48E3770D969: start as a follower, conf=-1: [f5c54527-7221-49d9-b9b4-cc0a1023d383|rpc:10.1.0.20:37817|priority:0, e0395122-a850-434f-9bbf-3f60ac82720c|rpc:10.1.0.20:38137|priority:1, c45d84f2-9958-4641-906c-b1d7f28512e6|rpc:10.1.0.20:40679|priority:0], old=null
2022-07-12 21:05:10,653 [pool-357-thread-1] INFO  server.RaftServer$Division (RaftServerImpl.java:setRole(299)) - f5c54527-7221-49d9-b9b4-cc0a1023d383@group-A48E3770D969: changes role from      null to FOLLOWER at term 0 for startAsFollower
2022-07-12 21:05:10,653 [pool-357-thread-1] INFO  impl.RoleInfo (RoleInfo.java:updateAndGet(139)) - f5c54527-7221-49d9-b9b4-cc0a1023d383: start f5c54527-7221-49d9-b9b4-cc0a1023d383@group-A48E3770D969-FollowerState
2022-07-12 21:05:10,667 [pool-357-thread-1] INFO  util.JmxRegister (JmxRegister.java:tryRegister(44)) - Successfully registered JMX Bean with object name Ratis:service=RaftServer,group=group-A48E3770D969,id=f5c54527-7221-49d9-b9b4-cc0a1023d383
2022-07-12 21:05:10,669 [Command processor thread] INFO  ratis.XceiverServerRatis (XceiverServerRatis.java:addGroup(765)) - Created group PipelineID=32936255-cde6-4523-be8c-a48e3770d969
2022-07-12 21:05:10,692 [grpc-default-executor-0] INFO  server.RaftServer (RaftServerProxy.java:addNew(96)) - c45d84f2-9958-4641-906c-b1d7f28512e6: addNew group-A48E3770D969:[f5c54527-7221-49d9-b9b4-cc0a1023d383|rpc:10.1.0.20:37817|dataStream:|priority:0, e0395122-a850-434f-9bbf-3f60ac82720c|rpc:10.1.0.20:38137|dataStream:|priority:1, c45d84f2-9958-4641-906c-b1d7f28512e6|rpc:10.1.0.20:40679|dataStream:|priority:0] returns group-A48E3770D969:java.util.concurrent.CompletableFuture@6ce3e5d[Not completed]
2022-07-12 21:05:10,692 [pool-380-thread-1] INFO  server.RaftServer$Division (RaftServerImpl.java:<init>(190)) - c45d84f2-9958-4641-906c-b1d7f28512e6: new RaftServerImpl for group-A48E3770D969:[f5c54527-7221-49d9-b9b4-cc0a1023d383|rpc:10.1.0.20:37817|dataStream:|priority:0, e0395122-a850-434f-9bbf-3f60ac82720c|rpc:10.1.0.20:38137|dataStream:|priority:1, c45d84f2-9958-4641-906c-b1d7f28512e6|rpc:10.1.0.20:40679|dataStream:|priority:0] with ContainerStateMachine:uninitialized
2022-07-12 21:05:10,693 [pool-380-thread-1] INFO  server.RaftServerConfigKeys (ConfUtils.java:logGet(46)) - raft.server.rpc.timeout.min = 5s (custom)
2022-07-12 21:05:10,693 [pool-380-thread-1] INFO  server.RaftServerConfigKeys (ConfUtils.java:logGet(46)) - raft.server.rpc.timeout.max = 5200ms (custom)
2022-07-12 21:05:10,693 [pool-380-thread-1] INFO  server.RaftServerConfigKeys (ConfUtils.java:logGet(46)) - raft.server.rpc.sleep.time = 25ms (default)
2022-07-12 21:05:10,693 [pool-380-thread-1] INFO  server.RaftServerConfigKeys (ConfUtils.java:logGet(46)) - raft.server.rpc.slowness.timeout = 300s (custom)
2022-07-12 21:05:10,693 [pool-380-thread-1] INFO  server.RaftServerConfigKeys (ConfUtils.java:logGet(46)) - raft.server.leaderelection.leader.step-down.wait-time = 10s (default)
2022-07-12 21:05:10,693 [pool-380-thread-1] INFO  server.RaftServerConfigKeys (ConfUtils.java:logGet(46)) - raft.server.sleep.deviation.threshold = 300ms (default)
2022-07-12 21:05:10,693 [pool-380-thread-1] INFO  server.RaftServer$Division (ServerState.java:<init>(107)) - c45d84f2-9958-4641-906c-b1d7f28512e6@group-A48E3770D969: ConfigurationManager, init=-1: [f5c54527-7221-49d9-b9b4-cc0a1023d383|rpc:10.1.0.20:37817|dataStream:|priority:0, e0395122-a850-434f-9bbf-3f60ac82720c|rpc:10.1.0.20:38137|dataStream:|priority:1, c45d84f2-9958-4641-906c-b1d7f28512e6|rpc:10.1.0.20:40679|dataStream:|priority:0], old=null, confs=<EMPTY_MAP>
2022-07-12 21:05:10,693 [pool-380-thread-1] INFO  server.RaftServerConfigKeys (ConfUtils.java:logGet(46)) - raft.server.storage.dir = [/home/runner/work/ozone/ozone/hadoop-ozone/integration-test/target/test-dir/MiniOzoneClusterImpl-82396f26-4b51-4819-9d3b-5aa507234af8/datanode-1/data/ratis] (custom)
2022-07-12 21:05:10,693 [pool-380-thread-1] INFO  server.RaftServerConfigKeys (ConfUtils.java:logGet(46)) - raft.server.log.corruption.policy = EXCEPTION (default)
2022-07-12 21:05:10,693 [pool-380-thread-1] INFO  server.RaftServerConfigKeys (ConfUtils.java:logGet(46)) - raft.server.storage.free-space.min = 0MB (=0) (default)
2022-07-12 21:05:10,693 [pool-380-thread-1] INFO  storage.RaftStorageDirectory (RaftStorageDirectoryImpl.java:analyzeStorage(135)) - The storage directory /home/runner/work/ozone/ozone/hadoop-ozone/integration-test/target/test-dir/MiniOzoneClusterImpl-82396f26-4b51-4819-9d3b-5aa507234af8/datanode-1/data/ratis/32936255-cde6-4523-be8c-a48e3770d969 does not exist. Creating ...
2022-07-12 21:05:10,695 [pool-380-thread-1] INFO  storage.RaftStorageDirectory (RaftStorageDirectoryImpl.java:tryLock(230)) - Lock on /home/runner/work/ozone/ozone/hadoop-ozone/integration-test/target/test-dir/MiniOzoneClusterImpl-82396f26-4b51-4819-9d3b-5aa507234af8/datanode-1/data/ratis/32936255-cde6-4523-be8c-a48e3770d969/in_use.lock acquired by nodename 31611@fv-az452-57
2022-07-12 21:05:10,696 [pool-380-thread-1] INFO  storage.RaftStorage (RaftStorageImpl.java:format(89)) - Storage directory /home/runner/work/ozone/ozone/hadoop-ozone/integration-test/target/test-dir/MiniOzoneClusterImpl-82396f26-4b51-4819-9d3b-5aa507234af8/datanode-1/data/ratis/32936255-cde6-4523-be8c-a48e3770d969 has been successfully formatted.
2022-07-12 21:05:10,696 [pool-380-thread-1] INFO  ratis.ContainerStateMachine (ContainerStateMachine.java:loadSnapshot(236)) - group-A48E3770D969: The snapshot info is null. Setting the last applied indexto:(t:0, i:~)
2022-07-12 21:05:10,699 [pool-380-thread-1] INFO  server.RaftServerConfigKeys (ConfUtils.java:logGet(46)) - raft.server.notification.no-leader.timeout = 300s (custom)
2022-07-12 21:05:10,699 [pool-380-thread-1] INFO  server.RaftServerConfigKeys (ConfUtils.java:logGet(46)) - raft.server.log.use.memory = false (default)
2022-07-12 21:05:10,699 [pool-380-thread-1] INFO  server.RaftServerConfigKeys (ConfUtils.java:logGet(46)) - raft.server.log.purge.gap = 1000000 (custom)
2022-07-12 21:05:10,699 [pool-380-thread-1] INFO  server.RaftServerConfigKeys (ConfUtils.java:logGet(46)) - raft.server.log.appender.buffer.byte-limit = 33554432 (custom)
2022-07-12 21:05:10,699 [pool-380-thread-1] INFO  server.RaftServerConfigKeys (ConfUtils.java:logGet(46)) - raft.server.log.statemachine.data.read.timeout = 1000ms (default)
2022-07-12 21:05:10,699 [pool-380-thread-1] INFO  server.RaftServerConfigKeys (ConfUtils.java:logGet(46)) - raft.server.log.segment.size.max = 1048576 (custom)
2022-07-12 21:05:10,700 [pool-380-thread-1] INFO  server.RaftServerConfigKeys (ConfUtils.java:logGet(46)) - raft.server.log.segment.cache.num.max = 2 (custom)
2022-07-12 21:05:10,700 [pool-380-thread-1] INFO  server.RaftServerConfigKeys (ConfUtils.java:logGet(46)) - raft.server.log.segment.cache.size.max = 200MB (=209715200) (default)
2022-07-12 21:05:10,700 [pool-380-thread-1] INFO  segmented.SegmentedRaftLogWorker (SegmentedRaftLogWorker.java:<init>(187)) - new c45d84f2-9958-4641-906c-b1d7f28512e6@group-A48E3770D969-SegmentedRaftLogWorker for RaftStorageImpl:Storage Directory /home/runner/work/ozone/ozone/hadoop-ozone/integration-test/target/test-dir/MiniOzoneClusterImpl-82396f26-4b51-4819-9d3b-5aa507234af8/datanode-1/data/ratis/32936255-cde6-4523-be8c-a48e3770d969
2022-07-12 21:05:10,700 [pool-380-thread-1] INFO  server.RaftServerConfigKeys (ConfUtils.java:logGet(46)) - raft.server.log.queue.byte-limit = 4294967296 (custom)
2022-07-12 21:05:10,700 [pool-380-thread-1] INFO  server.RaftServerConfigKeys (ConfUtils.java:logGet(46)) - raft.server.log.queue.element-limit = 1024 (custom)
2022-07-12 21:05:10,700 [pool-380-thread-1] INFO  server.RaftServerConfigKeys (ConfUtils.java:logGet(46)) - raft.server.log.segment.size.max = 1048576 (custom)
2022-07-12 21:05:10,700 [pool-380-thread-1] INFO  server.RaftServerConfigKeys (ConfUtils.java:logGet(46)) - raft.server.log.preallocated.size = 16384 (custom)
2022-07-12 21:05:10,700 [pool-380-thread-1] INFO  server.RaftServerConfigKeys (ConfUtils.java:logGet(46)) - raft.server.log.force.sync.num = 128 (default)
2022-07-12 21:05:10,700 [pool-380-thread-1] INFO  server.RaftServerConfigKeys (ConfUtils.java:logGet(46)) - raft.server.log.statemachine.data.sync = true (default)
2022-07-12 21:05:10,700 [pool-380-thread-1] INFO  server.RaftServerConfigKeys (ConfUtils.java:logGet(46)) - raft.server.log.statemachine.data.sync.timeout = 10s (default)
2022-07-12 21:05:10,700 [pool-380-thread-1] INFO  server.RaftServerConfigKeys (ConfUtils.java:logGet(46)) - raft.server.log.statemachine.data.sync.timeout.retry = -1 (default)
2022-07-12 21:05:10,701 [pool-380-thread-1] INFO  server.RaftServerConfigKeys (ConfUtils.java:logGet(46)) - raft.server.log.write.buffer.size = 1048576 (custom)
2022-07-12 21:05:10,701 [pool-380-thread-1] INFO  server.RaftServerConfigKeys (ConfUtils.java:logGet(46)) - raft.server.log.unsafe-flush.enabled = false (default)
2022-07-12 21:05:10,701 [pool-380-thread-1] INFO  server.RaftServerConfigKeys (ConfUtils.java:logGet(46)) - raft.server.log.statemachine.data.caching.enabled = true (custom)
2022-07-12 21:05:10,702 [pool-380-thread-1] INFO  segmented.SegmentedRaftLogWorker (SegmentedRaftLogWorker.java:lambda$new$0(135)) - c45d84f2-9958-4641-906c-b1d7f28512e6@group-A48E3770D969-SegmentedRaftLogWorker: flushIndex: setUnconditionally 0 -> -1
2022-07-12 21:05:10,702 [pool-380-thread-1] INFO  segmented.SegmentedRaftLogWorker (SegmentedRaftLogWorker.java:lambda$new$0(135)) - c45d84f2-9958-4641-906c-b1d7f28512e6@group-A48E3770D969-SegmentedRaftLogWorker: safeCacheEvictIndex: setUnconditionally 0 -> -1
2022-07-12 21:05:10,715 [pool-380-thread-1] INFO  server.RaftServerConfigKeys (ConfUtils.java:logGet(46)) - raft.server.snapshot.auto.trigger.enabled = true (custom)
2022-07-12 21:05:10,715 [pool-380-thread-1] INFO  server.RaftServerConfigKeys (ConfUtils.java:logGet(46)) - raft.server.snapshot.auto.trigger.threshold = 10000 (custom)
2022-07-12 21:05:10,716 [pool-380-thread-1] INFO  server.RaftServerConfigKeys (ConfUtils.java:logGet(46)) - raft.server.snapshot.retention.file.num = 5 (custom)
2022-07-12 21:05:10,716 [pool-380-thread-1] INFO  server.RaftServerConfigKeys (ConfUtils.java:logGet(46)) - raft.server.log.purge.upto.snapshot.index = false (default)
2022-07-12 21:05:10,716 [pool-380-thread-1] INFO  server.RaftServerConfigKeys (ConfUtils.java:logGet(46)) - raft.server.retrycache.expirytime = 600000ms (custom)
2022-07-12 21:05:10,716 [pool-380-thread-1] INFO  server.RaftServerConfigKeys (ConfUtils.java:logGet(46)) - raft.server.retrycache.statistics.expirytime = 100μs (default)
2022-07-12 21:05:10,717 [pool-380-thread-1] INFO  server.RaftServerConfigKeys (ConfUtils.java:logGet(46)) - raft.server.log.appender.install.snapshot.enabled = false (custom)
2022-07-12 21:05:10,717 [pool-380-thread-1] INFO  server.RaftServerConfigKeys (ConfUtils.java:logGet(46)) - raft.server.threadpool.server.cached = true (default)
2022-07-12 21:05:10,717 [pool-380-thread-1] INFO  server.RaftServerConfigKeys (ConfUtils.java:logGet(46)) - raft.server.threadpool.server.size = 0 (default)
2022-07-12 21:05:10,717 [pool-380-thread-1] INFO  server.RaftServerConfigKeys (ConfUtils.java:logGet(46)) - raft.server.threadpool.client.cached = true (default)
2022-07-12 21:05:10,717 [pool-380-thread-1] INFO  server.RaftServerConfigKeys (ConfUtils.java:logGet(46)) - raft.server.threadpool.client.size = 0 (default)
2022-07-12 21:05:10,717 [pool-380-thread-1] INFO  server.RaftServer$Division (RaftServerImpl.java:start(310)) - c45d84f2-9958-4641-906c-b1d7f28512e6@group-A48E3770D969: start as a follower, conf=-1: [f5c54527-7221-49d9-b9b4-cc0a1023d383|rpc:10.1.0.20:37817|dataStream:|priority:0, e0395122-a850-434f-9bbf-3f60ac82720c|rpc:10.1.0.20:38137|dataStream:|priority:1, c45d84f2-9958-4641-906c-b1d7f28512e6|rpc:10.1.0.20:40679|dataStream:|priority:0], old=null
2022-07-12 21:05:10,717 [pool-380-thread-1] INFO  server.RaftServer$Division (RaftServerImpl.java:setRole(299)) - c45d84f2-9958-4641-906c-b1d7f28512e6@group-A48E3770D969: changes role from      null to FOLLOWER at term 0 for startAsFollower
2022-07-12 21:05:10,717 [pool-380-thread-1] INFO  impl.RoleInfo (RoleInfo.java:updateAndGet(139)) - c45d84f2-9958-4641-906c-b1d7f28512e6: start c45d84f2-9958-4641-906c-b1d7f28512e6@group-A48E3770D969-FollowerState
2022-07-12 21:05:10,721 [pool-380-thread-1] INFO  util.JmxRegister (JmxRegister.java:tryRegister(44)) - Successfully registered JMX Bean with object name Ratis:service=RaftServer,group=group-A48E3770D969,id=c45d84f2-9958-4641-906c-b1d7f28512e6
2022-07-12 21:05:10,789 [grpc-default-executor-0] INFO  server.RaftServer (RaftServerProxy.java:addNew(96)) - e0395122-a850-434f-9bbf-3f60ac82720c: addNew group-A48E3770D969:[f5c54527-7221-49d9-b9b4-cc0a1023d383|rpc:10.1.0.20:37817|dataStream:|priority:0, e0395122-a850-434f-9bbf-3f60ac82720c|rpc:10.1.0.20:38137|dataStream:|priority:1, c45d84f2-9958-4641-906c-b1d7f28512e6|rpc:10.1.0.20:40679|dataStream:|priority:0] returns group-A48E3770D969:java.util.concurrent.CompletableFuture@459b704b[Not completed]
2022-07-12 21:05:10,790 [Listener at 127.0.0.1/38457] INFO  ozone.MiniOzoneClusterImpl (MiniOzoneClusterImpl.java:lambda$waitForClusterToBeReady$0(223)) - Waiting for nodes to be ready. Got 4 of 5 DN Heartbeats.
2022-07-12 21:05:10,790 [Listener at 127.0.0.1/38457] INFO  ozone.MiniOzoneClusterImpl (MiniOzoneClusterImpl.java:lambda$waitForClusterToBeReady$0(226)) - Waiting for cluster to exit safe mode
2022-07-12 21:05:10,790 [Listener at 127.0.0.1/38457] INFO  ozone.MiniOzoneClusterImpl (MiniOzoneClusterImpl.java:lambda$waitForClusterToBeReady$0(228)) - SCM became leader
2022-07-12 21:05:10,790 [pool-403-thread-1] INFO  server.RaftServer$Division (RaftServerImpl.java:<init>(190)) - e0395122-a850-434f-9bbf-3f60ac82720c: new RaftServerImpl for group-A48E3770D969:[f5c54527-7221-49d9-b9b4-cc0a1023d383|rpc:10.1.0.20:37817|dataStream:|priority:0, e0395122-a850-434f-9bbf-3f60ac82720c|rpc:10.1.0.20:38137|dataStream:|priority:1, c45d84f2-9958-4641-906c-b1d7f28512e6|rpc:10.1.0.20:40679|dataStream:|priority:0] with ContainerStateMachine:uninitialized
2022-07-12 21:05:10,790 [pool-403-thread-1] INFO  server.RaftServerConfigKeys (ConfUtils.java:logGet(46)) - raft.server.rpc.timeout.min = 5s (custom)
2022-07-12 21:05:10,790 [pool-403-thread-1] INFO  server.RaftServerConfigKeys (ConfUtils.java:logGet(46)) - raft.server.rpc.timeout.max = 5200ms (custom)
2022-07-12 21:05:10,790 [pool-403-thread-1] INFO  server.RaftServerConfigKeys (ConfUtils.java:logGet(46)) - raft.server.rpc.sleep.time = 25ms (default)
2022-07-12 21:05:10,791 [pool-403-thread-1] INFO  server.RaftServerConfigKeys (ConfUtils.java:logGet(46)) - raft.server.rpc.slowness.timeout = 300s (custom)
2022-07-12 21:05:10,791 [pool-403-thread-1] INFO  server.RaftServerConfigKeys (ConfUtils.java:logGet(46)) - raft.server.leaderelection.leader.step-down.wait-time = 10s (default)
2022-07-12 21:05:10,791 [pool-403-thread-1] INFO  server.RaftServerConfigKeys (ConfUtils.java:logGet(46)) - raft.server.sleep.deviation.threshold = 300ms (default)
2022-07-12 21:05:10,791 [pool-403-thread-1] INFO  server.RaftServer$Division (ServerState.java:<init>(107)) - e0395122-a850-434f-9bbf-3f60ac82720c@group-A48E3770D969: ConfigurationManager, init=-1: [f5c54527-7221-49d9-b9b4-cc0a1023d383|rpc:10.1.0.20:37817|dataStream:|priority:0, e0395122-a850-434f-9bbf-3f60ac82720c|rpc:10.1.0.20:38137|dataStream:|priority:1, c45d84f2-9958-4641-906c-b1d7f28512e6|rpc:10.1.0.20:40679|dataStream:|priority:0], old=null, confs=<EMPTY_MAP>
2022-07-12 21:05:10,791 [pool-403-thread-1] INFO  server.RaftServerConfigKeys (ConfUtils.java:logGet(46)) - raft.server.storage.dir = [/home/runner/work/ozone/ozone/hadoop-ozone/integration-test/target/test-dir/MiniOzoneClusterImpl-82396f26-4b51-4819-9d3b-5aa507234af8/datanode-2/data/ratis] (custom)
2022-07-12 21:05:10,791 [pool-403-thread-1] INFO  server.RaftServerConfigKeys (ConfUtils.java:logGet(46)) - raft.server.log.corruption.policy = EXCEPTION (default)
2022-07-12 21:05:10,791 [pool-403-thread-1] INFO  server.RaftServerConfigKeys (ConfUtils.java:logGet(46)) - raft.server.storage.free-space.min = 0MB (=0) (default)
2022-07-12 21:05:10,791 [pool-403-thread-1] INFO  storage.RaftStorageDirectory (RaftStorageDirectoryImpl.java:analyzeStorage(135)) - The storage directory /home/runner/work/ozone/ozone/hadoop-ozone/integration-test/target/test-dir/MiniOzoneClusterImpl-82396f26-4b51-4819-9d3b-5aa507234af8/datanode-2/data/ratis/32936255-cde6-4523-be8c-a48e3770d969 does not exist. Creating ...
2022-07-12 21:05:10,801 [pool-403-thread-1] INFO  storage.RaftStorageDirectory (RaftStorageDirectoryImpl.java:tryLock(230)) - Lock on /home/runner/work/ozone/ozone/hadoop-ozone/integration-test/target/test-dir/MiniOzoneClusterImpl-82396f26-4b51-4819-9d3b-5aa507234af8/datanode-2/data/ratis/32936255-cde6-4523-be8c-a48e3770d969/in_use.lock acquired by nodename 31611@fv-az452-57
2022-07-12 21:05:10,802 [pool-403-thread-1] INFO  storage.RaftStorage (RaftStorageImpl.java:format(89)) - Storage directory /home/runner/work/ozone/ozone/hadoop-ozone/integration-test/target/test-dir/MiniOzoneClusterImpl-82396f26-4b51-4819-9d3b-5aa507234af8/datanode-2/data/ratis/32936255-cde6-4523-be8c-a48e3770d969 has been successfully formatted.
2022-07-12 21:05:10,802 [pool-403-thread-1] INFO  ratis.ContainerStateMachine (ContainerStateMachine.java:loadSnapshot(236)) - group-A48E3770D969: The snapshot info is null. Setting the last applied indexto:(t:0, i:~)
2022-07-12 21:05:10,802 [pool-403-thread-1] INFO  server.RaftServerConfigKeys (ConfUtils.java:logGet(46)) - raft.server.notification.no-leader.timeout = 300s (custom)
2022-07-12 21:05:10,802 [pool-403-thread-1] INFO  server.RaftServerConfigKeys (ConfUtils.java:logGet(46)) - raft.server.log.use.memory = false (default)
2022-07-12 21:05:10,803 [pool-403-thread-1] INFO  server.RaftServerConfigKeys (ConfUtils.java:logGet(46)) - raft.server.log.purge.gap = 1000000 (custom)
2022-07-12 21:05:10,803 [pool-403-thread-1] INFO  server.RaftServerConfigKeys (ConfUtils.java:logGet(46)) - raft.server.log.appender.buffer.byte-limit = 33554432 (custom)
2022-07-12 21:05:10,803 [pool-403-thread-1] INFO  server.RaftServerConfigKeys (ConfUtils.java:logGet(46)) - raft.server.log.statemachine.data.read.timeout = 1000ms (default)
2022-07-12 21:05:10,803 [pool-403-thread-1] INFO  server.RaftServerConfigKeys (ConfUtils.java:logGet(46)) - raft.server.log.segment.size.max = 1048576 (custom)
2022-07-12 21:05:10,803 [pool-403-thread-1] INFO  server.RaftServerConfigKeys (ConfUtils.java:logGet(46)) - raft.server.log.segment.cache.num.max = 2 (custom)
2022-07-12 21:05:10,804 [pool-403-thread-1] INFO  server.RaftServerConfigKeys (ConfUtils.java:logGet(46)) - raft.server.log.segment.cache.size.max = 200MB (=209715200) (default)
2022-07-12 21:05:10,804 [pool-403-thread-1] INFO  segmented.SegmentedRaftLogWorker (SegmentedRaftLogWorker.java:<init>(187)) - new e0395122-a850-434f-9bbf-3f60ac82720c@group-A48E3770D969-SegmentedRaftLogWorker for RaftStorageImpl:Storage Directory /home/runner/work/ozone/ozone/hadoop-ozone/integration-test/target/test-dir/MiniOzoneClusterImpl-82396f26-4b51-4819-9d3b-5aa507234af8/datanode-2/data/ratis/32936255-cde6-4523-be8c-a48e3770d969
2022-07-12 21:05:10,804 [pool-403-thread-1] INFO  server.RaftServerConfigKeys (ConfUtils.java:logGet(46)) - raft.server.log.queue.byte-limit = 4294967296 (custom)
2022-07-12 21:05:10,804 [pool-403-thread-1] INFO  server.RaftServerConfigKeys (ConfUtils.java:logGet(46)) - raft.server.log.queue.element-limit = 1024 (custom)
2022-07-12 21:05:10,804 [pool-403-thread-1] INFO  server.RaftServerConfigKeys (ConfUtils.java:logGet(46)) - raft.server.log.segment.size.max = 1048576 (custom)
2022-07-12 21:05:10,804 [pool-403-thread-1] INFO  server.RaftServerConfigKeys (ConfUtils.java:logGet(46)) - raft.server.log.preallocated.size = 16384 (custom)
2022-07-12 21:05:10,804 [pool-403-thread-1] INFO  server.RaftServerConfigKeys (ConfUtils.java:logGet(46)) - raft.server.log.force.sync.num = 128 (default)
2022-07-12 21:05:10,804 [pool-403-thread-1] INFO  server.RaftServerConfigKeys (ConfUtils.java:logGet(46)) - raft.server.log.statemachine.data.sync = true (default)
2022-07-12 21:05:10,804 [pool-403-thread-1] INFO  server.RaftServerConfigKeys (ConfUtils.java:logGet(46)) - raft.server.log.statemachine.data.sync.timeout = 10s (default)
2022-07-12 21:05:10,804 [pool-403-thread-1] INFO  server.RaftServerConfigKeys (ConfUtils.java:logGet(46)) - raft.server.log.statemachine.data.sync.timeout.retry = -1 (default)
2022-07-12 21:05:10,805 [pool-403-thread-1] INFO  server.RaftServerConfigKeys (ConfUtils.java:logGet(46)) - raft.server.log.write.buffer.size = 1048576 (custom)
2022-07-12 21:05:10,806 [pool-403-thread-1] INFO  server.RaftServerConfigKeys (ConfUtils.java:logGet(46)) - raft.server.log.unsafe-flush.enabled = false (default)
2022-07-12 21:05:10,806 [pool-403-thread-1] INFO  server.RaftServerConfigKeys (ConfUtils.java:logGet(46)) - raft.server.log.statemachine.data.caching.enabled = true (custom)
2022-07-12 21:05:10,806 [pool-403-thread-1] INFO  segmented.SegmentedRaftLogWorker (SegmentedRaftLogWorker.java:lambda$new$0(135)) - e0395122-a850-434f-9bbf-3f60ac82720c@group-A48E3770D969-SegmentedRaftLogWorker: flushIndex: setUnconditionally 0 -> -1
2022-07-12 21:05:10,806 [pool-403-thread-1] INFO  segmented.SegmentedRaftLogWorker (SegmentedRaftLogWorker.java:lambda$new$0(135)) - e0395122-a850-434f-9bbf-3f60ac82720c@group-A48E3770D969-SegmentedRaftLogWorker: safeCacheEvictIndex: setUnconditionally 0 -> -1
2022-07-12 21:05:10,811 [pool-403-thread-1] INFO  server.RaftServerConfigKeys (ConfUtils.java:logGet(46)) - raft.server.snapshot.auto.trigger.enabled = true (custom)
2022-07-12 21:05:10,811 [pool-403-thread-1] INFO  server.RaftServerConfigKeys (ConfUtils.java:logGet(46)) - raft.server.snapshot.auto.trigger.threshold = 10000 (custom)
2022-07-12 21:05:10,812 [pool-403-thread-1] INFO  server.RaftServerConfigKeys (ConfUtils.java:logGet(46)) - raft.server.snapshot.retention.file.num = 5 (custom)
2022-07-12 21:05:10,812 [pool-403-thread-1] INFO  server.RaftServerConfigKeys (ConfUtils.java:logGet(46)) - raft.server.log.purge.upto.snapshot.index = false (default)
2022-07-12 21:05:10,812 [pool-403-thread-1] INFO  server.RaftServerConfigKeys (ConfUtils.java:logGet(46)) - raft.server.retrycache.expirytime = 600000ms (custom)
2022-07-12 21:05:10,812 [pool-403-thread-1] INFO  server.RaftServerConfigKeys (ConfUtils.java:logGet(46)) - raft.server.retrycache.statistics.expirytime = 100μs (default)
2022-07-12 21:05:10,813 [pool-403-thread-1] INFO  server.RaftServerConfigKeys (ConfUtils.java:logGet(46)) - raft.server.log.appender.install.snapshot.enabled = false (custom)
2022-07-12 21:05:10,813 [pool-403-thread-1] INFO  server.RaftServerConfigKeys (ConfUtils.java:logGet(46)) - raft.server.threadpool.server.cached = true (default)
2022-07-12 21:05:10,813 [pool-403-thread-1] INFO  server.RaftServerConfigKeys (ConfUtils.java:logGet(46)) - raft.server.threadpool.server.size = 0 (default)
2022-07-12 21:05:10,813 [pool-403-thread-1] INFO  server.RaftServerConfigKeys (ConfUtils.java:logGet(46)) - raft.server.threadpool.client.cached = true (default)
2022-07-12 21:05:10,813 [pool-403-thread-1] INFO  server.RaftServerConfigKeys (ConfUtils.java:logGet(46)) - raft.server.threadpool.client.size = 0 (default)
2022-07-12 21:05:10,813 [pool-403-thread-1] INFO  server.RaftServer$Division (RaftServerImpl.java:start(310)) - e0395122-a850-434f-9bbf-3f60ac82720c@group-A48E3770D969: start as a follower, conf=-1: [f5c54527-7221-49d9-b9b4-cc0a1023d383|rpc:10.1.0.20:37817|dataStream:|priority:0, e0395122-a850-434f-9bbf-3f60ac82720c|rpc:10.1.0.20:38137|dataStream:|priority:1, c45d84f2-9958-4641-906c-b1d7f28512e6|rpc:10.1.0.20:40679|dataStream:|priority:0], old=null
2022-07-12 21:05:10,813 [pool-403-thread-1] INFO  server.RaftServer$Division (RaftServerImpl.java:setRole(299)) - e0395122-a850-434f-9bbf-3f60ac82720c@group-A48E3770D969: changes role from      null to FOLLOWER at term 0 for startAsFollower
2022-07-12 21:05:10,813 [pool-403-thread-1] INFO  impl.RoleInfo (RoleInfo.java:updateAndGet(139)) - e0395122-a850-434f-9bbf-3f60ac82720c: start e0395122-a850-434f-9bbf-3f60ac82720c@group-A48E3770D969-FollowerState
2022-07-12 21:05:10,826 [pool-403-thread-1] INFO  util.JmxRegister (JmxRegister.java:tryRegister(44)) - Successfully registered JMX Bean with object name Ratis:service=RaftServer,group=group-A48E3770D969,id=e0395122-a850-434f-9bbf-3f60ac82720c
2022-07-12 21:05:10,840 [IPC Server handler 7 on default port 46329] INFO  net.NetworkTopologyImpl (NetworkTopologyImpl.java:add(112)) - Added a new node: /default-rack/c0705ae6-2331-49ba-9982-fffa5d94ae7b
2022-07-12 21:05:10,840 [IPC Server handler 7 on default port 46329] INFO  node.SCMNodeManager (SCMNodeManager.java:register(397)) - Registered Data node : c0705ae6-2331-49ba-9982-fffa5d94ae7b{ip: 10.1.0.20, host: fv-az452-57.ku3lqr0aiaqu5kfj3xdpchcrvd.dx.internal.cloudapp.net, ports: [REPLICATION=45511, RATIS=42627, RATIS_ADMIN=42627, RATIS_SERVER=42627, STANDALONE=37947], networkLocation: /default-rack, certSerialId: null, persistedOpState: null, persistedOpStateExpiryEpochSec: 0}
2022-07-12 21:05:10,841 [EventQueue-NewNodeForNewNodeHandler] INFO  pipeline.BackgroundPipelineCreator (BackgroundPipelineCreator.java:notifyEventTriggered(275)) - trigger a one-shot run on RatisPipelineUtilsThread.
2022-07-12 21:05:10,841 [RatisPipelineUtilsThread - 0] INFO  pipeline.RatisPipelineProvider (RatisPipelineProvider.java:lambda$create$0(195)) - Sending CreatePipelineCommand for pipeline:PipelineID=9dc90e76-b10a-4a16-8819-fc8dcd8997dc to datanode:c0705ae6-2331-49ba-9982-fffa5d94ae7b
2022-07-12 21:05:10,842 [RatisPipelineUtilsThread - 0] INFO  pipeline.PipelineStateManagerImpl (PipelineStateManagerImpl.java:addPipeline(103)) - Created pipeline Pipeline[ Id: 9dc90e76-b10a-4a16-8819-fc8dcd8997dc, Nodes: c0705ae6-2331-49ba-9982-fffa5d94ae7b{ip: 10.1.0.20, host: fv-az452-57.ku3lqr0aiaqu5kfj3xdpchcrvd.dx.internal.cloudapp.net, ports: [REPLICATION=45511, RATIS=42627, RATIS_ADMIN=42627, RATIS_SERVER=42627, STANDALONE=37947], networkLocation: /default-rack, certSerialId: null, persistedOpState: IN_SERVICE, persistedOpStateExpiryEpochSec: 0}, ReplicationConfig: RATIS/ONE, State:ALLOCATED, leaderId:, CreationTimestamp2022-07-12T21:05:10.841Z[Etc/UTC]].
2022-07-12 21:05:10,878 [Command processor thread] INFO  commandhandler.CreatePipelineCommandHandler (CreatePipelineCommandHandler.java:handle(113)) - Created Pipeline RATIS THREE PipelineID=32936255-cde6-4523-be8c-a48e3770d969.
2022-07-12 21:05:10,939 [Command processor thread] INFO  server.RaftServer (RaftServerProxy.java:addNew(96)) - c45d84f2-9958-4641-906c-b1d7f28512e6: addNew group-A41A956C8CEE:[c45d84f2-9958-4641-906c-b1d7f28512e6|rpc:10.1.0.20:40679|priority:1] returns group-A41A956C8CEE:java.util.concurrent.CompletableFuture@4d469136[Not completed]
2022-07-12 21:05:10,940 [pool-380-thread-1] INFO  server.RaftServer$Division (RaftServerImpl.java:<init>(190)) - c45d84f2-9958-4641-906c-b1d7f28512e6: new RaftServerImpl for group-A41A956C8CEE:[c45d84f2-9958-4641-906c-b1d7f28512e6|rpc:10.1.0.20:40679|priority:1] with ContainerStateMachine:uninitialized
2022-07-12 21:05:10,940 [pool-380-thread-1] INFO  server.RaftServerConfigKeys (ConfUtils.java:logGet(46)) - raft.server.rpc.timeout.min = 5s (custom)
2022-07-12 21:05:10,940 [pool-380-thread-1] INFO  server.RaftServerConfigKeys (ConfUtils.java:logGet(46)) - raft.server.rpc.timeout.max = 5200ms (custom)
2022-07-12 21:05:10,940 [pool-380-thread-1] INFO  server.RaftServerConfigKeys (ConfUtils.java:logGet(46)) - raft.server.rpc.sleep.time = 25ms (default)
2022-07-12 21:05:10,940 [pool-380-thread-1] INFO  server.RaftServerConfigKeys (ConfUtils.java:logGet(46)) - raft.server.rpc.slowness.timeout = 300s (custom)
2022-07-12 21:05:10,940 [pool-380-thread-1] INFO  server.RaftServerConfigKeys (ConfUtils.java:logGet(46)) - raft.server.leaderelection.leader.step-down.wait-time = 10s (default)
2022-07-12 21:05:10,940 [pool-380-thread-1] INFO  server.RaftServerConfigKeys (ConfUtils.java:logGet(46)) - raft.server.sleep.deviation.threshold = 300ms (default)
2022-07-12 21:05:10,940 [pool-380-thread-1] INFO  server.RaftServer$Division (ServerState.java:<init>(107)) - c45d84f2-9958-4641-906c-b1d7f28512e6@group-A41A956C8CEE: ConfigurationManager, init=-1: [c45d84f2-9958-4641-906c-b1d7f28512e6|rpc:10.1.0.20:40679|priority:1], old=null, confs=<EMPTY_MAP>
2022-07-12 21:05:10,940 [pool-380-thread-1] INFO  server.RaftServerConfigKeys (ConfUtils.java:logGet(46)) - raft.server.storage.dir = [/home/runner/work/ozone/ozone/hadoop-ozone/integration-test/target/test-dir/MiniOzoneClusterImpl-82396f26-4b51-4819-9d3b-5aa507234af8/datanode-1/data/ratis] (custom)
2022-07-12 21:05:10,940 [pool-380-thread-1] INFO  server.RaftServerConfigKeys (ConfUtils.java:logGet(46)) - raft.server.log.corruption.policy = EXCEPTION (default)
2022-07-12 21:05:10,941 [pool-380-thread-1] INFO  server.RaftServerConfigKeys (ConfUtils.java:logGet(46)) - raft.server.storage.free-space.min = 0MB (=0) (default)
2022-07-12 21:05:10,941 [pool-380-thread-1] INFO  storage.RaftStorageDirectory (RaftStorageDirectoryImpl.java:analyzeStorage(135)) - The storage directory /home/runner/work/ozone/ozone/hadoop-ozone/integration-test/target/test-dir/MiniOzoneClusterImpl-82396f26-4b51-4819-9d3b-5aa507234af8/datanode-1/data/ratis/53567225-ced4-4a01-ac83-a41a956c8cee does not exist. Creating ...
2022-07-12 21:05:10,942 [pool-380-thread-1] INFO  storage.RaftStorageDirectory (RaftStorageDirectoryImpl.java:tryLock(230)) - Lock on /home/runner/work/ozone/ozone/hadoop-ozone/integration-test/target/test-dir/MiniOzoneClusterImpl-82396f26-4b51-4819-9d3b-5aa507234af8/datanode-1/data/ratis/53567225-ced4-4a01-ac83-a41a956c8cee/in_use.lock acquired by nodename 31611@fv-az452-57
2022-07-12 21:05:10,943 [pool-380-thread-1] INFO  storage.RaftStorage (RaftStorageImpl.java:format(89)) - Storage directory /home/runner/work/ozone/ozone/hadoop-ozone/integration-test/target/test-dir/MiniOzoneClusterImpl-82396f26-4b51-4819-9d3b-5aa507234af8/datanode-1/data/ratis/53567225-ced4-4a01-ac83-a41a956c8cee has been successfully formatted.
2022-07-12 21:05:10,943 [pool-380-thread-1] INFO  ratis.ContainerStateMachine (ContainerStateMachine.java:loadSnapshot(236)) - group-A41A956C8CEE: The snapshot info is null. Setting the last applied indexto:(t:0, i:~)
2022-07-12 21:05:10,943 [pool-380-thread-1] INFO  server.RaftServerConfigKeys (ConfUtils.java:logGet(46)) - raft.server.notification.no-leader.timeout = 300s (custom)
2022-07-12 21:05:10,943 [pool-380-thread-1] INFO  server.RaftServerConfigKeys (ConfUtils.java:logGet(46)) - raft.server.log.use.memory = false (default)
2022-07-12 21:05:10,943 [pool-380-thread-1] INFO  server.RaftServerConfigKeys (ConfUtils.java:logGet(46)) - raft.server.log.purge.gap = 1000000 (custom)
2022-07-12 21:05:10,944 [pool-380-thread-1] INFO  server.RaftServerConfigKeys (ConfUtils.java:logGet(46)) - raft.server.log.appender.buffer.byte-limit = 33554432 (custom)
2022-07-12 21:05:10,944 [pool-380-thread-1] INFO  server.RaftServerConfigKeys (ConfUtils.java:logGet(46)) - raft.server.log.statemachine.data.read.timeout = 1000ms (default)
2022-07-12 21:05:10,945 [pool-380-thread-1] INFO  server.RaftServerConfigKeys (ConfUtils.java:logGet(46)) - raft.server.log.segment.size.max = 1048576 (custom)
2022-07-12 21:05:10,945 [EventQueue-PipelineReportForPipelineReportHandler] INFO  pipeline.PipelineManagerImpl (PipelineManagerImpl.java:openPipeline(359)) - Pipeline Pipeline[ Id: 53567225-ced4-4a01-ac83-a41a956c8cee, Nodes: c45d84f2-9958-4641-906c-b1d7f28512e6{ip: 10.1.0.20, host: fv-az452-57.ku3lqr0aiaqu5kfj3xdpchcrvd.dx.internal.cloudapp.net, ports: [REPLICATION=40477, RATIS=40679, RATIS_ADMIN=40679, RATIS_SERVER=40679, STANDALONE=43967], networkLocation: /default-rack, certSerialId: null, persistedOpState: IN_SERVICE, persistedOpStateExpiryEpochSec: 0}, ReplicationConfig: RATIS/ONE, State:ALLOCATED, leaderId:c45d84f2-9958-4641-906c-b1d7f28512e6, CreationTimestamp2022-07-12T21:05:07.956Z[Etc/UTC]] moved to OPEN state
2022-07-12 21:05:10,948 [EventQueue-OpenPipelineForHealthyPipelineSafeModeRule] INFO  safemode.SCMSafeModeManager (HealthyPipelineSafeModeRule.java:process(124)) - SCM in safe mode. Healthy pipelines reported count is 0, required healthy pipeline reported count is 1
2022-07-12 21:05:10,949 [pool-380-thread-1] INFO  server.RaftServerConfigKeys (ConfUtils.java:logGet(46)) - raft.server.log.segment.cache.num.max = 2 (custom)
2022-07-12 21:05:10,949 [pool-380-thread-1] INFO  server.RaftServerConfigKeys (ConfUtils.java:logGet(46)) - raft.server.log.segment.cache.size.max = 200MB (=209715200) (default)
2022-07-12 21:05:10,949 [pool-380-thread-1] INFO  segmented.SegmentedRaftLogWorker (SegmentedRaftLogWorker.java:<init>(187)) - new c45d84f2-9958-4641-906c-b1d7f28512e6@group-A41A956C8CEE-SegmentedRaftLogWorker for RaftStorageImpl:Storage Directory /home/runner/work/ozone/ozone/hadoop-ozone/integration-test/target/test-dir/MiniOzoneClusterImpl-82396f26-4b51-4819-9d3b-5aa507234af8/datanode-1/data/ratis/53567225-ced4-4a01-ac83-a41a956c8cee
2022-07-12 21:05:10,949 [pool-380-thread-1] INFO  server.RaftServerConfigKeys (ConfUtils.java:logGet(46)) - raft.server.log.queue.byte-limit = 4294967296 (custom)
2022-07-12 21:05:10,949 [pool-380-thread-1] INFO  server.RaftServerConfigKeys (ConfUtils.java:logGet(46)) - raft.server.log.queue.element-limit = 1024 (custom)
2022-07-12 21:05:10,949 [pool-380-thread-1] INFO  server.RaftServerConfigKeys (ConfUtils.java:logGet(46)) - raft.server.log.segment.size.max = 1048576 (custom)
2022-07-12 21:05:10,949 [pool-380-thread-1] INFO  server.RaftServerConfigKeys (ConfUtils.java:logGet(46)) - raft.server.log.preallocated.size = 16384 (custom)
2022-07-12 21:05:10,949 [pool-380-thread-1] INFO  server.RaftServerConfigKeys (ConfUtils.java:logGet(46)) - raft.server.log.force.sync.num = 128 (default)
2022-07-12 21:05:10,949 [pool-380-thread-1] INFO  server.RaftServerConfigKeys (ConfUtils.java:logGet(46)) - raft.server.log.statemachine.data.sync = true (default)
2022-07-12 21:05:10,949 [pool-380-thread-1] INFO  server.RaftServerConfigKeys (ConfUtils.java:logGet(46)) - raft.server.log.statemachine.data.sync.timeout = 10s (default)
2022-07-12 21:05:10,949 [pool-380-thread-1] INFO  server.RaftServerConfigKeys (ConfUtils.java:logGet(46)) - raft.server.log.statemachine.data.sync.timeout.retry = -1 (default)
2022-07-12 21:05:10,950 [pool-380-thread-1] INFO  server.RaftServerConfigKeys (ConfUtils.java:logGet(46)) - raft.server.log.write.buffer.size = 1048576 (custom)
2022-07-12 21:05:10,950 [pool-380-thread-1] INFO  server.RaftServerConfigKeys (ConfUtils.java:logGet(46)) - raft.server.log.unsafe-flush.enabled = false (default)
2022-07-12 21:05:10,951 [pool-380-thread-1] INFO  server.RaftServerConfigKeys (ConfUtils.java:logGet(46)) - raft.server.log.statemachine.data.caching.enabled = true (custom)
2022-07-12 21:05:10,951 [pool-380-thread-1] INFO  segmented.SegmentedRaftLogWorker (SegmentedRaftLogWorker.java:lambda$new$0(135)) - c45d84f2-9958-4641-906c-b1d7f28512e6@group-A41A956C8CEE-SegmentedRaftLogWorker: flushIndex: setUnconditionally 0 -> -1
2022-07-12 21:05:10,951 [pool-380-thread-1] INFO  segmented.SegmentedRaftLogWorker (SegmentedRaftLogWorker.java:lambda$new$0(135)) - c45d84f2-9958-4641-906c-b1d7f28512e6@group-A41A956C8CEE-SegmentedRaftLogWorker: safeCacheEvictIndex: setUnconditionally 0 -> -1
2022-07-12 21:05:10,959 [pool-380-thread-1] INFO  server.RaftServerConfigKeys (ConfUtils.java:logGet(46)) - raft.server.snapshot.auto.trigger.enabled = true (custom)
2022-07-12 21:05:10,959 [pool-380-thread-1] INFO  server.RaftServerConfigKeys (ConfUtils.java:logGet(46)) - raft.server.snapshot.auto.trigger.threshold = 10000 (custom)
2022-07-12 21:05:10,960 [pool-380-thread-1] INFO  server.RaftServerConfigKeys (ConfUtils.java:logGet(46)) - raft.server.snapshot.retention.file.num = 5 (custom)
2022-07-12 21:05:10,960 [pool-380-thread-1] INFO  server.RaftServerConfigKeys (ConfUtils.java:logGet(46)) - raft.server.log.purge.upto.snapshot.index = false (default)
2022-07-12 21:05:10,960 [pool-380-thread-1] INFO  server.RaftServerConfigKeys (ConfUtils.java:logGet(46)) - raft.server.retrycache.expirytime = 600000ms (custom)
2022-07-12 21:05:10,960 [pool-380-thread-1] INFO  server.RaftServerConfigKeys (ConfUtils.java:logGet(46)) - raft.server.retrycache.statistics.expirytime = 100μs (default)
2022-07-12 21:05:10,961 [pool-380-thread-1] INFO  server.RaftServerConfigKeys (ConfUtils.java:logGet(46)) - raft.server.log.appender.install.snapshot.enabled = false (custom)
2022-07-12 21:05:10,961 [pool-380-thread-1] INFO  server.RaftServerConfigKeys (ConfUtils.java:logGet(46)) - raft.server.threadpool.server.cached = true (default)
2022-07-12 21:05:10,961 [pool-380-thread-1] INFO  server.RaftServerConfigKeys (ConfUtils.java:logGet(46)) - raft.server.threadpool.server.size = 0 (default)
2022-07-12 21:05:10,961 [pool-380-thread-1] INFO  server.RaftServerConfigKeys (ConfUtils.java:logGet(46)) - raft.server.threadpool.client.cached = true (default)
2022-07-12 21:05:10,961 [pool-380-thread-1] INFO  server.RaftServerConfigKeys (ConfUtils.java:logGet(46)) - raft.server.threadpool.client.size = 0 (default)
2022-07-12 21:05:10,961 [pool-380-thread-1] INFO  server.RaftServer$Division (RaftServerImpl.java:start(310)) - c45d84f2-9958-4641-906c-b1d7f28512e6@group-A41A956C8CEE: start as a follower, conf=-1: [c45d84f2-9958-4641-906c-b1d7f28512e6|rpc:10.1.0.20:40679|priority:1], old=null
2022-07-12 21:05:10,961 [pool-380-thread-1] INFO  server.RaftServer$Division (RaftServerImpl.java:setRole(299)) - c45d84f2-9958-4641-906c-b1d7f28512e6@group-A41A956C8CEE: changes role from      null to FOLLOWER at term 0 for startAsFollower
2022-07-12 21:05:10,961 [pool-380-thread-1] INFO  impl.RoleInfo (RoleInfo.java:updateAndGet(139)) - c45d84f2-9958-4641-906c-b1d7f28512e6: start c45d84f2-9958-4641-906c-b1d7f28512e6@group-A41A956C8CEE-FollowerState
2022-07-12 21:05:10,966 [pool-380-thread-1] INFO  util.JmxRegister (JmxRegister.java:tryRegister(44)) - Successfully registered JMX Bean with object name Ratis:service=RaftServer,group=group-A41A956C8CEE,id=c45d84f2-9958-4641-906c-b1d7f28512e6
2022-07-12 21:05:10,967 [Command processor thread] INFO  ratis.XceiverServerRatis (XceiverServerRatis.java:addGroup(765)) - Created group PipelineID=53567225-ced4-4a01-ac83-a41a956c8cee
2022-07-12 21:05:10,967 [Command processor thread] INFO  commandhandler.CreatePipelineCommandHandler (CreatePipelineCommandHandler.java:handle(113)) - Created Pipeline RATIS ONE PipelineID=53567225-ced4-4a01-ac83-a41a956c8cee.
2022-07-12 21:05:11,768 [Command processor thread] INFO  server.RaftServer (RaftServerProxy.java:addNew(96)) - e0395122-a850-434f-9bbf-3f60ac82720c: addNew group-1832D4AD0DD6:[e0395122-a850-434f-9bbf-3f60ac82720c|rpc:10.1.0.20:38137|priority:1] returns group-1832D4AD0DD6:java.util.concurrent.CompletableFuture@b9595e9[Not completed]
2022-07-12 21:05:11,769 [pool-403-thread-1] INFO  server.RaftServer$Division (RaftServerImpl.java:<init>(190)) - e0395122-a850-434f-9bbf-3f60ac82720c: new RaftServerImpl for group-1832D4AD0DD6:[e0395122-a850-434f-9bbf-3f60ac82720c|rpc:10.1.0.20:38137|priority:1] with ContainerStateMachine:uninitialized
2022-07-12 21:05:11,769 [pool-403-thread-1] INFO  server.RaftServerConfigKeys (ConfUtils.java:logGet(46)) - raft.server.rpc.timeout.min = 5s (custom)
2022-07-12 21:05:11,769 [pool-403-thread-1] INFO  server.RaftServerConfigKeys (ConfUtils.java:logGet(46)) - raft.server.rpc.timeout.max = 5200ms (custom)
2022-07-12 21:05:11,769 [pool-403-thread-1] INFO  server.RaftServerConfigKeys (ConfUtils.java:logGet(46)) - raft.server.rpc.sleep.time = 25ms (default)
2022-07-12 21:05:11,770 [pool-403-thread-1] INFO  server.RaftServerConfigKeys (ConfUtils.java:logGet(46)) - raft.server.rpc.slowness.timeout = 300s (custom)
2022-07-12 21:05:11,770 [pool-403-thread-1] INFO  server.RaftServerConfigKeys (ConfUtils.java:logGet(46)) - raft.server.leaderelection.leader.step-down.wait-time = 10s (default)
2022-07-12 21:05:11,770 [pool-403-thread-1] INFO  server.RaftServerConfigKeys (ConfUtils.java:logGet(46)) - raft.server.sleep.deviation.threshold = 300ms (default)
2022-07-12 21:05:11,770 [pool-403-thread-1] INFO  server.RaftServer$Division (ServerState.java:<init>(107)) - e0395122-a850-434f-9bbf-3f60ac82720c@group-1832D4AD0DD6: ConfigurationManager, init=-1: [e0395122-a850-434f-9bbf-3f60ac82720c|rpc:10.1.0.20:38137|priority:1], old=null, confs=<EMPTY_MAP>
2022-07-12 21:05:11,770 [pool-403-thread-1] INFO  server.RaftServerConfigKeys (ConfUtils.java:logGet(46)) - raft.server.storage.dir = [/home/runner/work/ozone/ozone/hadoop-ozone/integration-test/target/test-dir/MiniOzoneClusterImpl-82396f26-4b51-4819-9d3b-5aa507234af8/datanode-2/data/ratis] (custom)
2022-07-12 21:05:11,770 [pool-403-thread-1] INFO  server.RaftServerConfigKeys (ConfUtils.java:logGet(46)) - raft.server.log.corruption.policy = EXCEPTION (default)
2022-07-12 21:05:11,770 [pool-403-thread-1] INFO  server.RaftServerConfigKeys (ConfUtils.java:logGet(46)) - raft.server.storage.free-space.min = 0MB (=0) (default)
2022-07-12 21:05:11,770 [pool-403-thread-1] INFO  storage.RaftStorageDirectory (RaftStorageDirectoryImpl.java:analyzeStorage(135)) - The storage directory /home/runner/work/ozone/ozone/hadoop-ozone/integration-test/target/test-dir/MiniOzoneClusterImpl-82396f26-4b51-4819-9d3b-5aa507234af8/datanode-2/data/ratis/248ce0f3-6cf5-48c6-a1cc-1832d4ad0dd6 does not exist. Creating ...
2022-07-12 21:05:11,775 [pool-403-thread-1] INFO  storage.RaftStorageDirectory (RaftStorageDirectoryImpl.java:tryLock(230)) - Lock on /home/runner/work/ozone/ozone/hadoop-ozone/integration-test/target/test-dir/MiniOzoneClusterImpl-82396f26-4b51-4819-9d3b-5aa507234af8/datanode-2/data/ratis/248ce0f3-6cf5-48c6-a1cc-1832d4ad0dd6/in_use.lock acquired by nodename 31611@fv-az452-57
2022-07-12 21:05:11,778 [pool-403-thread-1] INFO  storage.RaftStorage (RaftStorageImpl.java:format(89)) - Storage directory /home/runner/work/ozone/ozone/hadoop-ozone/integration-test/target/test-dir/MiniOzoneClusterImpl-82396f26-4b51-4819-9d3b-5aa507234af8/datanode-2/data/ratis/248ce0f3-6cf5-48c6-a1cc-1832d4ad0dd6 has been successfully formatted.
2022-07-12 21:05:11,778 [pool-403-thread-1] INFO  ratis.ContainerStateMachine (ContainerStateMachine.java:loadSnapshot(236)) - group-1832D4AD0DD6: The snapshot info is null. Setting the last applied indexto:(t:0, i:~)
2022-07-12 21:05:11,778 [pool-403-thread-1] INFO  server.RaftServerConfigKeys (ConfUtils.java:logGet(46)) - raft.server.notification.no-leader.timeout = 300s (custom)
2022-07-12 21:05:11,778 [pool-403-thread-1] INFO  server.RaftServerConfigKeys (ConfUtils.java:logGet(46)) - raft.server.log.use.memory = false (default)
2022-07-12 21:05:11,778 [pool-403-thread-1] INFO  server.RaftServerConfigKeys (ConfUtils.java:logGet(46)) - raft.server.log.purge.gap = 1000000 (custom)
2022-07-12 21:05:11,778 [pool-403-thread-1] INFO  server.RaftServerConfigKeys (ConfUtils.java:logGet(46)) - raft.server.log.appender.buffer.byte-limit = 33554432 (custom)
2022-07-12 21:05:11,778 [pool-403-thread-1] INFO  server.RaftServerConfigKeys (ConfUtils.java:logGet(46)) - raft.server.log.statemachine.data.read.timeout = 1000ms (default)
2022-07-12 21:05:11,778 [pool-403-thread-1] INFO  server.RaftServerConfigKeys (ConfUtils.java:logGet(46)) - raft.server.log.segment.size.max = 1048576 (custom)
2022-07-12 21:05:11,779 [pool-403-thread-1] INFO  server.RaftServerConfigKeys (ConfUtils.java:logGet(46)) - raft.server.log.segment.cache.num.max = 2 (custom)
2022-07-12 21:05:11,779 [pool-403-thread-1] INFO  server.RaftServerConfigKeys (ConfUtils.java:logGet(46)) - raft.server.log.segment.cache.size.max = 200MB (=209715200) (default)
2022-07-12 21:05:11,780 [EventQueue-PipelineReportForPipelineReportHandler] INFO  pipeline.PipelineManagerImpl (PipelineManagerImpl.java:openPipeline(359)) - Pipeline Pipeline[ Id: 248ce0f3-6cf5-48c6-a1cc-1832d4ad0dd6, Nodes: e0395122-a850-434f-9bbf-3f60ac82720c{ip: 10.1.0.20, host: fv-az452-57.ku3lqr0aiaqu5kfj3xdpchcrvd.dx.internal.cloudapp.net, ports: [REPLICATION=43939, RATIS=38137, RATIS_ADMIN=38137, RATIS_SERVER=38137, STANDALONE=41633], networkLocation: /default-rack, certSerialId: null, persistedOpState: IN_SERVICE, persistedOpStateExpiryEpochSec: 0}, ReplicationConfig: RATIS/ONE, State:ALLOCATED, leaderId:e0395122-a850-434f-9bbf-3f60ac82720c, CreationTimestamp2022-07-12T21:05:08.782Z[Etc/UTC]] moved to OPEN state
2022-07-12 21:05:11,781 [EventQueue-OpenPipelineForHealthyPipelineSafeModeRule] INFO  safemode.SCMSafeModeManager (HealthyPipelineSafeModeRule.java:process(124)) - SCM in safe mode. Healthy pipelines reported count is 0, required healthy pipeline reported count is 1
2022-07-12 21:05:11,784 [pool-403-thread-1] INFO  segmented.SegmentedRaftLogWorker (SegmentedRaftLogWorker.java:<init>(187)) - new e0395122-a850-434f-9bbf-3f60ac82720c@group-1832D4AD0DD6-SegmentedRaftLogWorker for RaftStorageImpl:Storage Directory /home/runner/work/ozone/ozone/hadoop-ozone/integration-test/target/test-dir/MiniOzoneClusterImpl-82396f26-4b51-4819-9d3b-5aa507234af8/datanode-2/data/ratis/248ce0f3-6cf5-48c6-a1cc-1832d4ad0dd6
2022-07-12 21:05:11,784 [pool-403-thread-1] INFO  server.RaftServerConfigKeys (ConfUtils.java:logGet(46)) - raft.server.log.queue.byte-limit = 4294967296 (custom)
2022-07-12 21:05:11,784 [pool-403-thread-1] INFO  server.RaftServerConfigKeys (ConfUtils.java:logGet(46)) - raft.server.log.queue.element-limit = 1024 (custom)
2022-07-12 21:05:11,784 [pool-403-thread-1] INFO  server.RaftServerConfigKeys (ConfUtils.java:logGet(46)) - raft.server.log.segment.size.max = 1048576 (custom)
2022-07-12 21:05:11,784 [pool-403-thread-1] INFO  server.RaftServerConfigKeys (ConfUtils.java:logGet(46)) - raft.server.log.preallocated.size = 16384 (custom)
2022-07-12 21:05:11,784 [pool-403-thread-1] INFO  server.RaftServerConfigKeys (ConfUtils.java:logGet(46)) - raft.server.log.force.sync.num = 128 (default)
2022-07-12 21:05:11,784 [pool-403-thread-1] INFO  server.RaftServerConfigKeys (ConfUtils.java:logGet(46)) - raft.server.log.statemachine.data.sync = true (default)
2022-07-12 21:05:11,786 [pool-403-thread-1] INFO  server.RaftServerConfigKeys (ConfUtils.java:logGet(46)) - raft.server.log.statemachine.data.sync.timeout = 10s (default)
2022-07-12 21:05:11,786 [pool-403-thread-1] INFO  server.RaftServerConfigKeys (ConfUtils.java:logGet(46)) - raft.server.log.statemachine.data.sync.timeout.retry = -1 (default)
2022-07-12 21:05:11,787 [pool-403-thread-1] INFO  server.RaftServerConfigKeys (ConfUtils.java:logGet(46)) - raft.server.log.write.buffer.size = 1048576 (custom)
2022-07-12 21:05:11,789 [pool-403-thread-1] INFO  server.RaftServerConfigKeys (ConfUtils.java:logGet(46)) - raft.server.log.unsafe-flush.enabled = false (default)
2022-07-12 21:05:11,789 [pool-403-thread-1] INFO  server.RaftServerConfigKeys (ConfUtils.java:logGet(46)) - raft.server.log.statemachine.data.caching.enabled = true (custom)
2022-07-12 21:05:11,789 [pool-403-thread-1] INFO  segmented.SegmentedRaftLogWorker (SegmentedRaftLogWorker.java:lambda$new$0(135)) - e0395122-a850-434f-9bbf-3f60ac82720c@group-1832D4AD0DD6-SegmentedRaftLogWorker: flushIndex: setUnconditionally 0 -> -1
2022-07-12 21:05:11,789 [pool-403-thread-1] INFO  segmented.SegmentedRaftLogWorker (SegmentedRaftLogWorker.java:lambda$new$0(135)) - e0395122-a850-434f-9bbf-3f60ac82720c@group-1832D4AD0DD6-SegmentedRaftLogWorker: safeCacheEvictIndex: setUnconditionally 0 -> -1
2022-07-12 21:05:11,790 [Listener at 127.0.0.1/38457] INFO  ozone.MiniOzoneClusterImpl (MiniOzoneClusterImpl.java:lambda$waitForClusterToBeReady$0(223)) - Nodes are ready. Got 5 of 5 DN Heartbeats.
2022-07-12 21:05:11,791 [Listener at 127.0.0.1/38457] INFO  ozone.MiniOzoneClusterImpl (MiniOzoneClusterImpl.java:lambda$waitForClusterToBeReady$0(226)) - Waiting for cluster to exit safe mode
2022-07-12 21:05:11,791 [Listener at 127.0.0.1/38457] INFO  ozone.MiniOzoneClusterImpl (MiniOzoneClusterImpl.java:lambda$waitForClusterToBeReady$0(228)) - SCM became leader
2022-07-12 21:05:11,800 [pool-403-thread-1] INFO  server.RaftServerConfigKeys (ConfUtils.java:logGet(46)) - raft.server.snapshot.auto.trigger.enabled = true (custom)
2022-07-12 21:05:11,800 [pool-403-thread-1] INFO  server.RaftServerConfigKeys (ConfUtils.java:logGet(46)) - raft.server.snapshot.auto.trigger.threshold = 10000 (custom)
2022-07-12 21:05:11,800 [pool-403-thread-1] INFO  server.RaftServerConfigKeys (ConfUtils.java:logGet(46)) - raft.server.snapshot.retention.file.num = 5 (custom)
2022-07-12 21:05:11,800 [pool-403-thread-1] INFO  server.RaftServerConfigKeys (ConfUtils.java:logGet(46)) - raft.server.log.purge.upto.snapshot.index = false (default)
2022-07-12 21:05:11,801 [pool-403-thread-1] INFO  server.RaftServerConfigKeys (ConfUtils.java:logGet(46)) - raft.server.retrycache.expirytime = 600000ms (custom)
2022-07-12 21:05:11,801 [pool-403-thread-1] INFO  server.RaftServerConfigKeys (ConfUtils.java:logGet(46)) - raft.server.retrycache.statistics.expirytime = 100μs (default)
2022-07-12 21:05:11,802 [pool-403-thread-1] INFO  server.RaftServerConfigKeys (ConfUtils.java:logGet(46)) - raft.server.log.appender.install.snapshot.enabled = false (custom)
2022-07-12 21:05:11,802 [pool-403-thread-1] INFO  server.RaftServerConfigKeys (ConfUtils.java:logGet(46)) - raft.server.threadpool.server.cached = true (default)
2022-07-12 21:05:11,802 [pool-403-thread-1] INFO  server.RaftServerConfigKeys (ConfUtils.java:logGet(46)) - raft.server.threadpool.server.size = 0 (default)
2022-07-12 21:05:11,802 [pool-403-thread-1] INFO  server.RaftServerConfigKeys (ConfUtils.java:logGet(46)) - raft.server.threadpool.client.cached = true (default)
2022-07-12 21:05:11,802 [pool-403-thread-1] INFO  server.RaftServerConfigKeys (ConfUtils.java:logGet(46)) - raft.server.threadpool.client.size = 0 (default)
2022-07-12 21:05:11,802 [pool-403-thread-1] INFO  server.RaftServer$Division (RaftServerImpl.java:start(310)) - e0395122-a850-434f-9bbf-3f60ac82720c@group-1832D4AD0DD6: start as a follower, conf=-1: [e0395122-a850-434f-9bbf-3f60ac82720c|rpc:10.1.0.20:38137|priority:1], old=null
2022-07-12 21:05:11,802 [pool-403-thread-1] INFO  server.RaftServer$Division (RaftServerImpl.java:setRole(299)) - e0395122-a850-434f-9bbf-3f60ac82720c@group-1832D4AD0DD6: changes role from      null to FOLLOWER at term 0 for startAsFollower
2022-07-12 21:05:11,802 [pool-403-thread-1] INFO  impl.RoleInfo (RoleInfo.java:updateAndGet(139)) - e0395122-a850-434f-9bbf-3f60ac82720c: start e0395122-a850-434f-9bbf-3f60ac82720c@group-1832D4AD0DD6-FollowerState
2022-07-12 21:05:11,808 [pool-403-thread-1] INFO  util.JmxRegister (JmxRegister.java:tryRegister(44)) - Successfully registered JMX Bean with object name Ratis:service=RaftServer,group=group-1832D4AD0DD6,id=e0395122-a850-434f-9bbf-3f60ac82720c
2022-07-12 21:05:11,809 [Command processor thread] INFO  ratis.XceiverServerRatis (XceiverServerRatis.java:addGroup(765)) - Created group PipelineID=248ce0f3-6cf5-48c6-a1cc-1832d4ad0dd6
2022-07-12 21:05:11,809 [Command processor thread] INFO  commandhandler.CreatePipelineCommandHandler (CreatePipelineCommandHandler.java:handle(113)) - Created Pipeline RATIS ONE PipelineID=248ce0f3-6cf5-48c6-a1cc-1832d4ad0dd6.
2022-07-12 21:05:12,791 [Listener at 127.0.0.1/38457] INFO  ozone.MiniOzoneClusterImpl (MiniOzoneClusterImpl.java:lambda$waitForClusterToBeReady$0(223)) - Nodes are ready. Got 5 of 5 DN Heartbeats.
2022-07-12 21:05:12,791 [Listener at 127.0.0.1/38457] INFO  ozone.MiniOzoneClusterImpl (MiniOzoneClusterImpl.java:lambda$waitForClusterToBeReady$0(226)) - Waiting for cluster to exit safe mode
2022-07-12 21:05:12,791 [Listener at 127.0.0.1/38457] INFO  ozone.MiniOzoneClusterImpl (MiniOzoneClusterImpl.java:lambda$waitForClusterToBeReady$0(228)) - SCM became leader
2022-07-12 21:05:12,891 [Command processor thread] INFO  server.RaftServer (RaftServerProxy.java:addNew(96)) - 78fcb3e9-d6c5-4f6f-a049-b9f080c7e3b8: addNew group-6CAB98915D4E:[78fcb3e9-d6c5-4f6f-a049-b9f080c7e3b8|rpc:10.1.0.20:41539|priority:1] returns group-6CAB98915D4E:java.util.concurrent.CompletableFuture@2a7d3585[Not completed]
2022-07-12 21:05:12,909 [pool-426-thread-1] INFO  server.RaftServer$Division (RaftServerImpl.java:<init>(190)) - 78fcb3e9-d6c5-4f6f-a049-b9f080c7e3b8: new RaftServerImpl for group-6CAB98915D4E:[78fcb3e9-d6c5-4f6f-a049-b9f080c7e3b8|rpc:10.1.0.20:41539|priority:1] with ContainerStateMachine:uninitialized
2022-07-12 21:05:12,909 [pool-426-thread-1] INFO  server.RaftServerConfigKeys (ConfUtils.java:logGet(46)) - raft.server.rpc.timeout.min = 5s (custom)
2022-07-12 21:05:12,909 [pool-426-thread-1] INFO  server.RaftServerConfigKeys (ConfUtils.java:logGet(46)) - raft.server.rpc.timeout.max = 5200ms (custom)
2022-07-12 21:05:12,909 [pool-426-thread-1] INFO  server.RaftServerConfigKeys (ConfUtils.java:logGet(46)) - raft.server.rpc.sleep.time = 25ms (default)
2022-07-12 21:05:12,909 [pool-426-thread-1] INFO  server.RaftServerConfigKeys (ConfUtils.java:logGet(46)) - raft.server.rpc.slowness.timeout = 300s (custom)
2022-07-12 21:05:12,909 [pool-426-thread-1] INFO  server.RaftServerConfigKeys (ConfUtils.java:logGet(46)) - raft.server.leaderelection.leader.step-down.wait-time = 10s (default)
2022-07-12 21:05:12,909 [pool-426-thread-1] INFO  server.RaftServerConfigKeys (ConfUtils.java:logGet(46)) - raft.server.sleep.deviation.threshold = 300ms (default)
2022-07-12 21:05:12,909 [pool-426-thread-1] INFO  server.RaftServer$Division (ServerState.java:<init>(107)) - 78fcb3e9-d6c5-4f6f-a049-b9f080c7e3b8@group-6CAB98915D4E: ConfigurationManager, init=-1: [78fcb3e9-d6c5-4f6f-a049-b9f080c7e3b8|rpc:10.1.0.20:41539|priority:1], old=null, confs=<EMPTY_MAP>
2022-07-12 21:05:12,909 [pool-426-thread-1] INFO  server.RaftServerConfigKeys (ConfUtils.java:logGet(46)) - raft.server.storage.dir = [/home/runner/work/ozone/ozone/hadoop-ozone/integration-test/target/test-dir/MiniOzoneClusterImpl-82396f26-4b51-4819-9d3b-5aa507234af8/datanode-3/data/ratis] (custom)
2022-07-12 21:05:12,910 [pool-426-thread-1] INFO  server.RaftServerConfigKeys (ConfUtils.java:logGet(46)) - raft.server.log.corruption.policy = EXCEPTION (default)
2022-07-12 21:05:12,910 [pool-426-thread-1] INFO  server.RaftServerConfigKeys (ConfUtils.java:logGet(46)) - raft.server.storage.free-space.min = 0MB (=0) (default)
2022-07-12 21:05:12,910 [pool-426-thread-1] INFO  storage.RaftStorageDirectory (RaftStorageDirectoryImpl.java:analyzeStorage(135)) - The storage directory /home/runner/work/ozone/ozone/hadoop-ozone/integration-test/target/test-dir/MiniOzoneClusterImpl-82396f26-4b51-4819-9d3b-5aa507234af8/datanode-3/data/ratis/9431b696-058b-4ba5-83fc-6cab98915d4e does not exist. Creating ...
2022-07-12 21:05:12,912 [pool-426-thread-1] INFO  storage.RaftStorageDirectory (RaftStorageDirectoryImpl.java:tryLock(230)) - Lock on /home/runner/work/ozone/ozone/hadoop-ozone/integration-test/target/test-dir/MiniOzoneClusterImpl-82396f26-4b51-4819-9d3b-5aa507234af8/datanode-3/data/ratis/9431b696-058b-4ba5-83fc-6cab98915d4e/in_use.lock acquired by nodename 31611@fv-az452-57
2022-07-12 21:05:12,919 [pool-426-thread-1] INFO  storage.RaftStorage (RaftStorageImpl.java:format(89)) - Storage directory /home/runner/work/ozone/ozone/hadoop-ozone/integration-test/target/test-dir/MiniOzoneClusterImpl-82396f26-4b51-4819-9d3b-5aa507234af8/datanode-3/data/ratis/9431b696-058b-4ba5-83fc-6cab98915d4e has been successfully formatted.
2022-07-12 21:05:12,935 [pool-426-thread-1] INFO  ratis.ContainerStateMachine (ContainerStateMachine.java:loadSnapshot(236)) - group-6CAB98915D4E: The snapshot info is null. Setting the last applied indexto:(t:0, i:~)
2022-07-12 21:05:12,936 [pool-426-thread-1] INFO  server.RaftServerConfigKeys (ConfUtils.java:logGet(46)) - raft.server.notification.no-leader.timeout = 300s (custom)
2022-07-12 21:05:12,936 [pool-426-thread-1] INFO  server.RaftServerConfigKeys (ConfUtils.java:logGet(46)) - raft.server.log.use.memory = false (default)
2022-07-12 21:05:12,936 [pool-426-thread-1] INFO  server.RaftServerConfigKeys (ConfUtils.java:logGet(46)) - raft.server.log.purge.gap = 1000000 (custom)
2022-07-12 21:05:12,936 [pool-426-thread-1] INFO  server.RaftServerConfigKeys (ConfUtils.java:logGet(46)) - raft.server.log.appender.buffer.byte-limit = 33554432 (custom)
2022-07-12 21:05:12,936 [pool-426-thread-1] INFO  server.RaftServerConfigKeys (ConfUtils.java:logGet(46)) - raft.server.log.statemachine.data.read.timeout = 1000ms (default)
2022-07-12 21:05:12,936 [pool-426-thread-1] INFO  server.RaftServerConfigKeys (ConfUtils.java:logGet(46)) - raft.server.log.segment.size.max = 1048576 (custom)
2022-07-12 21:05:12,937 [pool-426-thread-1] INFO  server.RaftServerConfigKeys (ConfUtils.java:logGet(46)) - raft.server.log.segment.cache.num.max = 2 (custom)
2022-07-12 21:05:12,937 [pool-426-thread-1] INFO  server.RaftServerConfigKeys (ConfUtils.java:logGet(46)) - raft.server.log.segment.cache.size.max = 200MB (=209715200) (default)
2022-07-12 21:05:12,937 [pool-426-thread-1] INFO  segmented.SegmentedRaftLogWorker (SegmentedRaftLogWorker.java:<init>(187)) - new 78fcb3e9-d6c5-4f6f-a049-b9f080c7e3b8@group-6CAB98915D4E-SegmentedRaftLogWorker for RaftStorageImpl:Storage Directory /home/runner/work/ozone/ozone/hadoop-ozone/integration-test/target/test-dir/MiniOzoneClusterImpl-82396f26-4b51-4819-9d3b-5aa507234af8/datanode-3/data/ratis/9431b696-058b-4ba5-83fc-6cab98915d4e
2022-07-12 21:05:12,937 [pool-426-thread-1] INFO  server.RaftServerConfigKeys (ConfUtils.java:logGet(46)) - raft.server.log.queue.byte-limit = 4294967296 (custom)
2022-07-12 21:05:12,937 [pool-426-thread-1] INFO  server.RaftServerConfigKeys (ConfUtils.java:logGet(46)) - raft.server.log.queue.element-limit = 1024 (custom)
2022-07-12 21:05:12,937 [pool-426-thread-1] INFO  server.RaftServerConfigKeys (ConfUtils.java:logGet(46)) - raft.server.log.segment.size.max = 1048576 (custom)
2022-07-12 21:05:12,937 [pool-426-thread-1] INFO  server.RaftServerConfigKeys (ConfUtils.java:logGet(46)) - raft.server.log.preallocated.size = 16384 (custom)
2022-07-12 21:05:12,937 [pool-426-thread-1] INFO  server.RaftServerConfigKeys (ConfUtils.java:logGet(46)) - raft.server.log.force.sync.num = 128 (default)
2022-07-12 21:05:12,937 [pool-426-thread-1] INFO  server.RaftServerConfigKeys (ConfUtils.java:logGet(46)) - raft.server.log.statemachine.data.sync = true (default)
2022-07-12 21:05:12,937 [pool-426-thread-1] INFO  server.RaftServerConfigKeys (ConfUtils.java:logGet(46)) - raft.server.log.statemachine.data.sync.timeout = 10s (default)
2022-07-12 21:05:12,937 [pool-426-thread-1] INFO  server.RaftServerConfigKeys (ConfUtils.java:logGet(46)) - raft.server.log.statemachine.data.sync.timeout.retry = -1 (default)
2022-07-12 21:05:12,938 [pool-426-thread-1] INFO  server.RaftServerConfigKeys (ConfUtils.java:logGet(46)) - raft.server.log.write.buffer.size = 1048576 (custom)
2022-07-12 21:05:12,938 [pool-426-thread-1] INFO  server.RaftServerConfigKeys (ConfUtils.java:logGet(46)) - raft.server.log.unsafe-flush.enabled = false (default)
2022-07-12 21:05:12,939 [pool-426-thread-1] INFO  server.RaftServerConfigKeys (ConfUtils.java:logGet(46)) - raft.server.log.statemachine.data.caching.enabled = true (custom)
2022-07-12 21:05:12,939 [pool-426-thread-1] INFO  segmented.SegmentedRaftLogWorker (SegmentedRaftLogWorker.java:lambda$new$0(135)) - 78fcb3e9-d6c5-4f6f-a049-b9f080c7e3b8@group-6CAB98915D4E-SegmentedRaftLogWorker: flushIndex: setUnconditionally 0 -> -1
2022-07-12 21:05:12,939 [pool-426-thread-1] INFO  segmented.SegmentedRaftLogWorker (SegmentedRaftLogWorker.java:lambda$new$0(135)) - 78fcb3e9-d6c5-4f6f-a049-b9f080c7e3b8@group-6CAB98915D4E-SegmentedRaftLogWorker: safeCacheEvictIndex: setUnconditionally 0 -> -1
2022-07-12 21:05:12,940 [EventQueue-PipelineReportForPipelineReportHandler] INFO  pipeline.PipelineManagerImpl (PipelineManagerImpl.java:openPipeline(359)) - Pipeline Pipeline[ Id: 9431b696-058b-4ba5-83fc-6cab98915d4e, Nodes: 78fcb3e9-d6c5-4f6f-a049-b9f080c7e3b8{ip: 10.1.0.20, host: fv-az452-57.ku3lqr0aiaqu5kfj3xdpchcrvd.dx.internal.cloudapp.net, ports: [REPLICATION=46095, RATIS=41539, RATIS_ADMIN=41539, RATIS_SERVER=41539, STANDALONE=44681], networkLocation: /default-rack, certSerialId: null, persistedOpState: IN_SERVICE, persistedOpStateExpiryEpochSec: 0}, ReplicationConfig: RATIS/ONE, State:ALLOCATED, leaderId:78fcb3e9-d6c5-4f6f-a049-b9f080c7e3b8, CreationTimestamp2022-07-12T21:05:09.891Z[Etc/UTC]] moved to OPEN state
2022-07-12 21:05:12,940 [EventQueue-OpenPipelineForHealthyPipelineSafeModeRule] INFO  safemode.SCMSafeModeManager (HealthyPipelineSafeModeRule.java:process(124)) - SCM in safe mode. Healthy pipelines reported count is 0, required healthy pipeline reported count is 1
2022-07-12 21:05:12,962 [pool-426-thread-1] INFO  server.RaftServerConfigKeys (ConfUtils.java:logGet(46)) - raft.server.snapshot.auto.trigger.enabled = true (custom)
2022-07-12 21:05:12,962 [pool-426-thread-1] INFO  server.RaftServerConfigKeys (ConfUtils.java:logGet(46)) - raft.server.snapshot.auto.trigger.threshold = 10000 (custom)
2022-07-12 21:05:12,962 [pool-426-thread-1] INFO  server.RaftServerConfigKeys (ConfUtils.java:logGet(46)) - raft.server.snapshot.retention.file.num = 5 (custom)
2022-07-12 21:05:12,962 [pool-426-thread-1] INFO  server.RaftServerConfigKeys (ConfUtils.java:logGet(46)) - raft.server.log.purge.upto.snapshot.index = false (default)
2022-07-12 21:05:12,962 [pool-426-thread-1] INFO  server.RaftServerConfigKeys (ConfUtils.java:logGet(46)) - raft.server.retrycache.expirytime = 600000ms (custom)
2022-07-12 21:05:12,962 [pool-426-thread-1] INFO  server.RaftServerConfigKeys (ConfUtils.java:logGet(46)) - raft.server.retrycache.statistics.expirytime = 100μs (default)
2022-07-12 21:05:12,963 [pool-426-thread-1] INFO  server.RaftServerConfigKeys (ConfUtils.java:logGet(46)) - raft.server.log.appender.install.snapshot.enabled = false (custom)
2022-07-12 21:05:12,964 [pool-426-thread-1] INFO  server.RaftServerConfigKeys (ConfUtils.java:logGet(46)) - raft.server.threadpool.server.cached = true (default)
2022-07-12 21:05:12,964 [pool-426-thread-1] INFO  server.RaftServerConfigKeys (ConfUtils.java:logGet(46)) - raft.server.threadpool.server.size = 0 (default)
2022-07-12 21:05:12,964 [pool-426-thread-1] INFO  server.RaftServerConfigKeys (ConfUtils.java:logGet(46)) - raft.server.threadpool.client.cached = true (default)
2022-07-12 21:05:12,964 [pool-426-thread-1] INFO  server.RaftServerConfigKeys (ConfUtils.java:logGet(46)) - raft.server.threadpool.client.size = 0 (default)
2022-07-12 21:05:12,964 [pool-426-thread-1] INFO  server.RaftServer$Division (RaftServerImpl.java:start(310)) - 78fcb3e9-d6c5-4f6f-a049-b9f080c7e3b8@group-6CAB98915D4E: start as a follower, conf=-1: [78fcb3e9-d6c5-4f6f-a049-b9f080c7e3b8|rpc:10.1.0.20:41539|priority:1], old=null
2022-07-12 21:05:12,964 [pool-426-thread-1] INFO  server.RaftServer$Division (RaftServerImpl.java:setRole(299)) - 78fcb3e9-d6c5-4f6f-a049-b9f080c7e3b8@group-6CAB98915D4E: changes role from      null to FOLLOWER at term 0 for startAsFollower
2022-07-12 21:05:12,964 [pool-426-thread-1] INFO  impl.RoleInfo (RoleInfo.java:updateAndGet(139)) - 78fcb3e9-d6c5-4f6f-a049-b9f080c7e3b8: start 78fcb3e9-d6c5-4f6f-a049-b9f080c7e3b8@group-6CAB98915D4E-FollowerState
2022-07-12 21:05:12,971 [pool-426-thread-1] INFO  util.JmxRegister (JmxRegister.java:tryRegister(44)) - Successfully registered JMX Bean with object name Ratis:service=RaftServer,group=group-6CAB98915D4E,id=78fcb3e9-d6c5-4f6f-a049-b9f080c7e3b8
2022-07-12 21:05:12,979 [Command processor thread] INFO  ratis.XceiverServerRatis (XceiverServerRatis.java:addGroup(765)) - Created group PipelineID=9431b696-058b-4ba5-83fc-6cab98915d4e
2022-07-12 21:05:12,979 [Command processor thread] INFO  commandhandler.CreatePipelineCommandHandler (CreatePipelineCommandHandler.java:handle(113)) - Created Pipeline RATIS ONE PipelineID=9431b696-058b-4ba5-83fc-6cab98915d4e.
2022-07-12 21:05:13,791 [Listener at 127.0.0.1/38457] INFO  ozone.MiniOzoneClusterImpl (MiniOzoneClusterImpl.java:lambda$waitForClusterToBeReady$0(223)) - Nodes are ready. Got 5 of 5 DN Heartbeats.
2022-07-12 21:05:13,792 [Listener at 127.0.0.1/38457] INFO  ozone.MiniOzoneClusterImpl (MiniOzoneClusterImpl.java:lambda$waitForClusterToBeReady$0(226)) - Waiting for cluster to exit safe mode
2022-07-12 21:05:13,792 [Listener at 127.0.0.1/38457] INFO  ozone.MiniOzoneClusterImpl (MiniOzoneClusterImpl.java:lambda$waitForClusterToBeReady$0(228)) - SCM became leader
2022-07-12 21:05:13,817 [Command processor thread] INFO  server.RaftServer (RaftServerProxy.java:addNew(96)) - c0705ae6-2331-49ba-9982-fffa5d94ae7b: addNew group-FC8DCD8997DC:[c0705ae6-2331-49ba-9982-fffa5d94ae7b|rpc:10.1.0.20:42627|priority:1] returns group-FC8DCD8997DC:java.util.concurrent.CompletableFuture@455ccc16[Not completed]
2022-07-12 21:05:13,831 [pool-457-thread-1] INFO  server.RaftServer$Division (RaftServerImpl.java:<init>(190)) - c0705ae6-2331-49ba-9982-fffa5d94ae7b: new RaftServerImpl for group-FC8DCD8997DC:[c0705ae6-2331-49ba-9982-fffa5d94ae7b|rpc:10.1.0.20:42627|priority:1] with ContainerStateMachine:uninitialized
2022-07-12 21:05:13,831 [pool-457-thread-1] INFO  server.RaftServerConfigKeys (ConfUtils.java:logGet(46)) - raft.server.rpc.timeout.min = 5s (custom)
2022-07-12 21:05:13,831 [pool-457-thread-1] INFO  server.RaftServerConfigKeys (ConfUtils.java:logGet(46)) - raft.server.rpc.timeout.max = 5200ms (custom)
2022-07-12 21:05:13,831 [pool-457-thread-1] INFO  server.RaftServerConfigKeys (ConfUtils.java:logGet(46)) - raft.server.rpc.sleep.time = 25ms (default)
2022-07-12 21:05:13,831 [pool-457-thread-1] INFO  server.RaftServerConfigKeys (ConfUtils.java:logGet(46)) - raft.server.rpc.slowness.timeout = 300s (custom)
2022-07-12 21:05:13,831 [pool-457-thread-1] INFO  server.RaftServerConfigKeys (ConfUtils.java:logGet(46)) - raft.server.leaderelection.leader.step-down.wait-time = 10s (default)
2022-07-12 21:05:13,831 [pool-457-thread-1] INFO  server.RaftServerConfigKeys (ConfUtils.java:logGet(46)) - raft.server.sleep.deviation.threshold = 300ms (default)
2022-07-12 21:05:13,831 [pool-457-thread-1] INFO  server.RaftServer$Division (ServerState.java:<init>(107)) - c0705ae6-2331-49ba-9982-fffa5d94ae7b@group-FC8DCD8997DC: ConfigurationManager, init=-1: [c0705ae6-2331-49ba-9982-fffa5d94ae7b|rpc:10.1.0.20:42627|priority:1], old=null, confs=<EMPTY_MAP>
2022-07-12 21:05:13,831 [pool-457-thread-1] INFO  server.RaftServerConfigKeys (ConfUtils.java:logGet(46)) - raft.server.storage.dir = [/home/runner/work/ozone/ozone/hadoop-ozone/integration-test/target/test-dir/MiniOzoneClusterImpl-82396f26-4b51-4819-9d3b-5aa507234af8/datanode-4/data/ratis] (custom)
2022-07-12 21:05:13,832 [pool-457-thread-1] INFO  server.RaftServerConfigKeys (ConfUtils.java:logGet(46)) - raft.server.log.corruption.policy = EXCEPTION (default)
2022-07-12 21:05:13,832 [pool-457-thread-1] INFO  server.RaftServerConfigKeys (ConfUtils.java:logGet(46)) - raft.server.storage.free-space.min = 0MB (=0) (default)
2022-07-12 21:05:13,832 [pool-457-thread-1] INFO  storage.RaftStorageDirectory (RaftStorageDirectoryImpl.java:analyzeStorage(135)) - The storage directory /home/runner/work/ozone/ozone/hadoop-ozone/integration-test/target/test-dir/MiniOzoneClusterImpl-82396f26-4b51-4819-9d3b-5aa507234af8/datanode-4/data/ratis/9dc90e76-b10a-4a16-8819-fc8dcd8997dc does not exist. Creating ...
2022-07-12 21:05:13,844 [pool-457-thread-1] INFO  storage.RaftStorageDirectory (RaftStorageDirectoryImpl.java:tryLock(230)) - Lock on /home/runner/work/ozone/ozone/hadoop-ozone/integration-test/target/test-dir/MiniOzoneClusterImpl-82396f26-4b51-4819-9d3b-5aa507234af8/datanode-4/data/ratis/9dc90e76-b10a-4a16-8819-fc8dcd8997dc/in_use.lock acquired by nodename 31611@fv-az452-57
2022-07-12 21:05:13,846 [pool-457-thread-1] INFO  storage.RaftStorage (RaftStorageImpl.java:format(89)) - Storage directory /home/runner/work/ozone/ozone/hadoop-ozone/integration-test/target/test-dir/MiniOzoneClusterImpl-82396f26-4b51-4819-9d3b-5aa507234af8/datanode-4/data/ratis/9dc90e76-b10a-4a16-8819-fc8dcd8997dc has been successfully formatted.
2022-07-12 21:05:13,848 [pool-457-thread-1] INFO  ratis.ContainerStateMachine (ContainerStateMachine.java:loadSnapshot(236)) - group-FC8DCD8997DC: The snapshot info is null. Setting the last applied indexto:(t:0, i:~)
2022-07-12 21:05:13,848 [pool-457-thread-1] INFO  server.RaftServerConfigKeys (ConfUtils.java:logGet(46)) - raft.server.notification.no-leader.timeout = 300s (custom)
2022-07-12 21:05:13,848 [pool-457-thread-1] INFO  server.RaftServerConfigKeys (ConfUtils.java:logGet(46)) - raft.server.log.use.memory = false (default)
2022-07-12 21:05:13,848 [pool-457-thread-1] INFO  server.RaftServerConfigKeys (ConfUtils.java:logGet(46)) - raft.server.log.purge.gap = 1000000 (custom)
2022-07-12 21:05:13,848 [pool-457-thread-1] INFO  server.RaftServerConfigKeys (ConfUtils.java:logGet(46)) - raft.server.log.appender.buffer.byte-limit = 33554432 (custom)
2022-07-12 21:05:13,848 [pool-457-thread-1] INFO  server.RaftServerConfigKeys (ConfUtils.java:logGet(46)) - raft.server.log.statemachine.data.read.timeout = 1000ms (default)
2022-07-12 21:05:13,848 [pool-457-thread-1] INFO  server.RaftServerConfigKeys (ConfUtils.java:logGet(46)) - raft.server.log.segment.size.max = 1048576 (custom)
2022-07-12 21:05:13,849 [pool-457-thread-1] INFO  server.RaftServerConfigKeys (ConfUtils.java:logGet(46)) - raft.server.log.segment.cache.num.max = 2 (custom)
2022-07-12 21:05:13,849 [pool-457-thread-1] INFO  server.RaftServerConfigKeys (ConfUtils.java:logGet(46)) - raft.server.log.segment.cache.size.max = 200MB (=209715200) (default)
2022-07-12 21:05:13,849 [pool-457-thread-1] INFO  segmented.SegmentedRaftLogWorker (SegmentedRaftLogWorker.java:<init>(187)) - new c0705ae6-2331-49ba-9982-fffa5d94ae7b@group-FC8DCD8997DC-SegmentedRaftLogWorker for RaftStorageImpl:Storage Directory /home/runner/work/ozone/ozone/hadoop-ozone/integration-test/target/test-dir/MiniOzoneClusterImpl-82396f26-4b51-4819-9d3b-5aa507234af8/datanode-4/data/ratis/9dc90e76-b10a-4a16-8819-fc8dcd8997dc
2022-07-12 21:05:13,849 [pool-457-thread-1] INFO  server.RaftServerConfigKeys (ConfUtils.java:logGet(46)) - raft.server.log.queue.byte-limit = 4294967296 (custom)
2022-07-12 21:05:13,849 [pool-457-thread-1] INFO  server.RaftServerConfigKeys (ConfUtils.java:logGet(46)) - raft.server.log.queue.element-limit = 1024 (custom)
2022-07-12 21:05:13,849 [pool-457-thread-1] INFO  server.RaftServerConfigKeys (ConfUtils.java:logGet(46)) - raft.server.log.segment.size.max = 1048576 (custom)
2022-07-12 21:05:13,849 [pool-457-thread-1] INFO  server.RaftServerConfigKeys (ConfUtils.java:logGet(46)) - raft.server.log.preallocated.size = 16384 (custom)
2022-07-12 21:05:13,849 [pool-457-thread-1] INFO  server.RaftServerConfigKeys (ConfUtils.java:logGet(46)) - raft.server.log.force.sync.num = 128 (default)
2022-07-12 21:05:13,849 [pool-457-thread-1] INFO  server.RaftServerConfigKeys (ConfUtils.java:logGet(46)) - raft.server.log.statemachine.data.sync = true (default)
2022-07-12 21:05:13,849 [pool-457-thread-1] INFO  server.RaftServerConfigKeys (ConfUtils.java:logGet(46)) - raft.server.log.statemachine.data.sync.timeout = 10s (default)
2022-07-12 21:05:13,849 [pool-457-thread-1] INFO  server.RaftServerConfigKeys (ConfUtils.java:logGet(46)) - raft.server.log.statemachine.data.sync.timeout.retry = -1 (default)
2022-07-12 21:05:13,850 [pool-457-thread-1] INFO  server.RaftServerConfigKeys (ConfUtils.java:logGet(46)) - raft.server.log.write.buffer.size = 1048576 (custom)
2022-07-12 21:05:13,851 [pool-457-thread-1] INFO  server.RaftServerConfigKeys (ConfUtils.java:logGet(46)) - raft.server.log.unsafe-flush.enabled = false (default)
2022-07-12 21:05:13,851 [pool-457-thread-1] INFO  server.RaftServerConfigKeys (ConfUtils.java:logGet(46)) - raft.server.log.statemachine.data.caching.enabled = true (custom)
2022-07-12 21:05:13,851 [pool-457-thread-1] INFO  segmented.SegmentedRaftLogWorker (SegmentedRaftLogWorker.java:lambda$new$0(135)) - c0705ae6-2331-49ba-9982-fffa5d94ae7b@group-FC8DCD8997DC-SegmentedRaftLogWorker: flushIndex: setUnconditionally 0 -> -1
2022-07-12 21:05:13,851 [pool-457-thread-1] INFO  segmented.SegmentedRaftLogWorker (SegmentedRaftLogWorker.java:lambda$new$0(135)) - c0705ae6-2331-49ba-9982-fffa5d94ae7b@group-FC8DCD8997DC-SegmentedRaftLogWorker: safeCacheEvictIndex: setUnconditionally 0 -> -1
2022-07-12 21:05:13,855 [EventQueue-PipelineReportForPipelineReportHandler] INFO  pipeline.PipelineManagerImpl (PipelineManagerImpl.java:openPipeline(359)) - Pipeline Pipeline[ Id: 9dc90e76-b10a-4a16-8819-fc8dcd8997dc, Nodes: c0705ae6-2331-49ba-9982-fffa5d94ae7b{ip: 10.1.0.20, host: fv-az452-57.ku3lqr0aiaqu5kfj3xdpchcrvd.dx.internal.cloudapp.net, ports: [REPLICATION=45511, RATIS=42627, RATIS_ADMIN=42627, RATIS_SERVER=42627, STANDALONE=37947], networkLocation: /default-rack, certSerialId: null, persistedOpState: IN_SERVICE, persistedOpStateExpiryEpochSec: 0}, ReplicationConfig: RATIS/ONE, State:ALLOCATED, leaderId:c0705ae6-2331-49ba-9982-fffa5d94ae7b, CreationTimestamp2022-07-12T21:05:10.841Z[Etc/UTC]] moved to OPEN state
2022-07-12 21:05:13,855 [EventQueue-OpenPipelineForHealthyPipelineSafeModeRule] INFO  safemode.SCMSafeModeManager (HealthyPipelineSafeModeRule.java:process(124)) - SCM in safe mode. Healthy pipelines reported count is 0, required healthy pipeline reported count is 1
2022-07-12 21:05:13,859 [pool-457-thread-1] INFO  server.RaftServerConfigKeys (ConfUtils.java:logGet(46)) - raft.server.snapshot.auto.trigger.enabled = true (custom)
2022-07-12 21:05:13,859 [pool-457-thread-1] INFO  server.RaftServerConfigKeys (ConfUtils.java:logGet(46)) - raft.server.snapshot.auto.trigger.threshold = 10000 (custom)
2022-07-12 21:05:13,859 [pool-457-thread-1] INFO  server.RaftServerConfigKeys (ConfUtils.java:logGet(46)) - raft.server.snapshot.retention.file.num = 5 (custom)
2022-07-12 21:05:13,859 [pool-457-thread-1] INFO  server.RaftServerConfigKeys (ConfUtils.java:logGet(46)) - raft.server.log.purge.upto.snapshot.index = false (default)
2022-07-12 21:05:13,859 [pool-457-thread-1] INFO  server.RaftServerConfigKeys (ConfUtils.java:logGet(46)) - raft.server.retrycache.expirytime = 600000ms (custom)
2022-07-12 21:05:13,859 [pool-457-thread-1] INFO  server.RaftServerConfigKeys (ConfUtils.java:logGet(46)) - raft.server.retrycache.statistics.expirytime = 100μs (default)
2022-07-12 21:05:13,861 [pool-457-thread-1] INFO  server.RaftServerConfigKeys (ConfUtils.java:logGet(46)) - raft.server.log.appender.install.snapshot.enabled = false (custom)
2022-07-12 21:05:13,861 [pool-457-thread-1] INFO  server.RaftServerConfigKeys (ConfUtils.java:logGet(46)) - raft.server.threadpool.server.cached = true (default)
2022-07-12 21:05:13,861 [pool-457-thread-1] INFO  server.RaftServerConfigKeys (ConfUtils.java:logGet(46)) - raft.server.threadpool.server.size = 0 (default)
2022-07-12 21:05:13,861 [pool-457-thread-1] INFO  server.RaftServerConfigKeys (ConfUtils.java:logGet(46)) - raft.server.threadpool.client.cached = true (default)
2022-07-12 21:05:13,861 [pool-457-thread-1] INFO  server.RaftServerConfigKeys (ConfUtils.java:logGet(46)) - raft.server.threadpool.client.size = 0 (default)
2022-07-12 21:05:13,861 [pool-457-thread-1] INFO  server.RaftServer$Division (RaftServerImpl.java:start(310)) - c0705ae6-2331-49ba-9982-fffa5d94ae7b@group-FC8DCD8997DC: start as a follower, conf=-1: [c0705ae6-2331-49ba-9982-fffa5d94ae7b|rpc:10.1.0.20:42627|priority:1], old=null
2022-07-12 21:05:13,861 [pool-457-thread-1] INFO  server.RaftServer$Division (RaftServerImpl.java:setRole(299)) - c0705ae6-2331-49ba-9982-fffa5d94ae7b@group-FC8DCD8997DC: changes role from      null to FOLLOWER at term 0 for startAsFollower
2022-07-12 21:05:13,862 [pool-457-thread-1] INFO  impl.RoleInfo (RoleInfo.java:updateAndGet(139)) - c0705ae6-2331-49ba-9982-fffa5d94ae7b: start c0705ae6-2331-49ba-9982-fffa5d94ae7b@group-FC8DCD8997DC-FollowerState
2022-07-12 21:05:13,862 [pool-457-thread-1] INFO  util.JmxRegister (JmxRegister.java:tryRegister(44)) - Successfully registered JMX Bean with object name Ratis:service=RaftServer,group=group-FC8DCD8997DC,id=c0705ae6-2331-49ba-9982-fffa5d94ae7b
2022-07-12 21:05:13,863 [Command processor thread] INFO  ratis.XceiverServerRatis (XceiverServerRatis.java:addGroup(765)) - Created group PipelineID=9dc90e76-b10a-4a16-8819-fc8dcd8997dc
2022-07-12 21:05:13,863 [Command processor thread] INFO  commandhandler.CreatePipelineCommandHandler (CreatePipelineCommandHandler.java:handle(113)) - Created Pipeline RATIS ONE PipelineID=9dc90e76-b10a-4a16-8819-fc8dcd8997dc.
2022-07-12 21:05:14,792 [Listener at 127.0.0.1/38457] INFO  ozone.MiniOzoneClusterImpl (MiniOzoneClusterImpl.java:lambda$waitForClusterToBeReady$0(223)) - Nodes are ready. Got 5 of 5 DN Heartbeats.
2022-07-12 21:05:14,792 [Listener at 127.0.0.1/38457] INFO  ozone.MiniOzoneClusterImpl (MiniOzoneClusterImpl.java:lambda$waitForClusterToBeReady$0(226)) - Waiting for cluster to exit safe mode
2022-07-12 21:05:14,792 [Listener at 127.0.0.1/38457] INFO  ozone.MiniOzoneClusterImpl (MiniOzoneClusterImpl.java:lambda$waitForClusterToBeReady$0(228)) - SCM became leader
2022-07-12 21:05:15,249 [f5c54527-7221-49d9-b9b4-cc0a1023d383@group-352E2EDA2DA9-FollowerState] INFO  impl.FollowerState (FollowerState.java:run(143)) - f5c54527-7221-49d9-b9b4-cc0a1023d383@group-352E2EDA2DA9-FollowerState: change to CANDIDATE, lastRpcElapsedTime:5039636505ns, electionTimeout:5037ms
2022-07-12 21:05:15,250 [f5c54527-7221-49d9-b9b4-cc0a1023d383@group-352E2EDA2DA9-FollowerState] INFO  impl.RoleInfo (RoleInfo.java:shutdownFollowerState(110)) - f5c54527-7221-49d9-b9b4-cc0a1023d383: shutdown f5c54527-7221-49d9-b9b4-cc0a1023d383@group-352E2EDA2DA9-FollowerState
2022-07-12 21:05:15,250 [f5c54527-7221-49d9-b9b4-cc0a1023d383@group-352E2EDA2DA9-FollowerState] INFO  server.RaftServer$Division (RaftServerImpl.java:setRole(299)) - f5c54527-7221-49d9-b9b4-cc0a1023d383@group-352E2EDA2DA9: changes role from  FOLLOWER to CANDIDATE at term 0 for changeToCandidate
2022-07-12 21:05:15,250 [f5c54527-7221-49d9-b9b4-cc0a1023d383@group-352E2EDA2DA9-FollowerState] INFO  server.RaftServerConfigKeys (ConfUtils.java:logGet(46)) - raft.server.leaderelection.pre-vote = false (custom)
2022-07-12 21:05:15,250 [f5c54527-7221-49d9-b9b4-cc0a1023d383@group-352E2EDA2DA9-FollowerState] INFO  impl.RoleInfo (RoleInfo.java:updateAndGet(139)) - f5c54527-7221-49d9-b9b4-cc0a1023d383: start f5c54527-7221-49d9-b9b4-cc0a1023d383@group-352E2EDA2DA9-LeaderElection15
2022-07-12 21:05:15,273 [f5c54527-7221-49d9-b9b4-cc0a1023d383@group-352E2EDA2DA9-LeaderElection15] INFO  impl.LeaderElection (LeaderElection.java:askForVotes(310)) - f5c54527-7221-49d9-b9b4-cc0a1023d383@group-352E2EDA2DA9-LeaderElection15 ELECTION round 0: submit vote requests at term 1 for -1: [f5c54527-7221-49d9-b9b4-cc0a1023d383|rpc:10.1.0.20:37817|priority:1], old=null
2022-07-12 21:05:15,273 [f5c54527-7221-49d9-b9b4-cc0a1023d383@group-352E2EDA2DA9-LeaderElection15] INFO  impl.LeaderElection (LeaderElection.java:askForVotes(312)) - f5c54527-7221-49d9-b9b4-cc0a1023d383@group-352E2EDA2DA9-LeaderElection15 ELECTION round 0: result PASSED (term=1)
2022-07-12 21:05:15,273 [f5c54527-7221-49d9-b9b4-cc0a1023d383@group-352E2EDA2DA9-LeaderElection15] INFO  impl.RoleInfo (RoleInfo.java:shutdownLeaderElection(130)) - f5c54527-7221-49d9-b9b4-cc0a1023d383: shutdown f5c54527-7221-49d9-b9b4-cc0a1023d383@group-352E2EDA2DA9-LeaderElection15
2022-07-12 21:05:15,273 [f5c54527-7221-49d9-b9b4-cc0a1023d383@group-352E2EDA2DA9-LeaderElection15] INFO  server.RaftServer$Division (RaftServerImpl.java:setRole(299)) - f5c54527-7221-49d9-b9b4-cc0a1023d383@group-352E2EDA2DA9: changes role from CANDIDATE to LEADER at term 1 for changeToLeader
2022-07-12 21:05:15,273 [f5c54527-7221-49d9-b9b4-cc0a1023d383@group-352E2EDA2DA9-LeaderElection15] INFO  ratis.XceiverServerRatis (XceiverServerRatis.java:handleLeaderChangedNotification(863)) - Leader change notification received for group: group-352E2EDA2DA9 with new leaderId: f5c54527-7221-49d9-b9b4-cc0a1023d383
2022-07-12 21:05:15,274 [f5c54527-7221-49d9-b9b4-cc0a1023d383@group-352E2EDA2DA9-LeaderElection15] INFO  server.RaftServer$Division (ServerState.java:setLeader(287)) - f5c54527-7221-49d9-b9b4-cc0a1023d383@group-352E2EDA2DA9: change Leader from null to f5c54527-7221-49d9-b9b4-cc0a1023d383 at term 1 for becomeLeader, leader elected after 5088ms
2022-07-12 21:05:15,274 [f5c54527-7221-49d9-b9b4-cc0a1023d383@group-352E2EDA2DA9-LeaderElection15] INFO  server.RaftServerConfigKeys (ConfUtils.java:logGet(46)) - raft.server.staging.catchup.gap = 1000 (default)
2022-07-12 21:05:15,274 [f5c54527-7221-49d9-b9b4-cc0a1023d383@group-352E2EDA2DA9-LeaderElection15] INFO  server.RaftServerConfigKeys (ConfUtils.java:logGet(46)) - raft.server.write.element-limit = 1024 (custom)
2022-07-12 21:05:15,274 [f5c54527-7221-49d9-b9b4-cc0a1023d383@group-352E2EDA2DA9-LeaderElection15] INFO  server.RaftServerConfigKeys (ConfUtils.java:logGet(46)) - raft.server.write.byte-limit = 1024 M (=1073741824) (custom)
2022-07-12 21:05:15,274 [EventQueue-OpenPipelineForHealthyPipelineSafeModeRule] INFO  safemode.SCMSafeModeManager (HealthyPipelineSafeModeRule.java:process(124)) - SCM in safe mode. Healthy pipelines reported count is 0, required healthy pipeline reported count is 1
2022-07-12 21:05:15,275 [f5c54527-7221-49d9-b9b4-cc0a1023d383@group-352E2EDA2DA9-LeaderElection15] INFO  server.RaftServerConfigKeys (ConfUtils.java:logGet(46)) - raft.server.watch.timeout = 180s (custom)
2022-07-12 21:05:15,275 [f5c54527-7221-49d9-b9b4-cc0a1023d383@group-352E2EDA2DA9-LeaderElection15] INFO  server.RaftServerConfigKeys (ConfUtils.java:logGet(46)) - raft.server.watch.timeout.denomination = 1s (default)
2022-07-12 21:05:15,275 [f5c54527-7221-49d9-b9b4-cc0a1023d383@group-352E2EDA2DA9-LeaderElection15] INFO  server.RaftServerConfigKeys (ConfUtils.java:logGet(46)) - raft.server.watch.element-limit = 65536 (default)
2022-07-12 21:05:15,275 [f5c54527-7221-49d9-b9b4-cc0a1023d383@group-352E2EDA2DA9-LeaderElection15] INFO  server.RaftServerConfigKeys (ConfUtils.java:logGet(46)) - raft.server.write.element-limit = 1024 (custom)
2022-07-12 21:05:15,275 [f5c54527-7221-49d9-b9b4-cc0a1023d383@group-352E2EDA2DA9-LeaderElection15] INFO  server.RaftServerConfigKeys (ConfUtils.java:logGet(46)) - raft.server.write.follower.gap.ratio.max = -1.0 (default)
2022-07-12 21:05:15,279 [f5c54527-7221-49d9-b9b4-cc0a1023d383@group-352E2EDA2DA9-LeaderElection15] INFO  impl.RoleInfo (RoleInfo.java:updateAndGet(139)) - f5c54527-7221-49d9-b9b4-cc0a1023d383: start f5c54527-7221-49d9-b9b4-cc0a1023d383@group-352E2EDA2DA9-LeaderStateImpl
2022-07-12 21:05:15,279 [f5c54527-7221-49d9-b9b4-cc0a1023d383@group-352E2EDA2DA9-LeaderElection15] INFO  segmented.SegmentedRaftLogWorker (SegmentedRaftLogWorker.java:startLogSegment(425)) - f5c54527-7221-49d9-b9b4-cc0a1023d383@group-352E2EDA2DA9-SegmentedRaftLogWorker: Starting segment from index:0
2022-07-12 21:05:15,280 [f5c54527-7221-49d9-b9b4-cc0a1023d383@group-352E2EDA2DA9-SegmentedRaftLogWorker] INFO  segmented.SegmentedRaftLogWorker (SegmentedRaftLogWorker.java:execute(629)) - f5c54527-7221-49d9-b9b4-cc0a1023d383@group-352E2EDA2DA9-SegmentedRaftLogWorker: created new log segment /home/runner/work/ozone/ozone/hadoop-ozone/integration-test/target/test-dir/MiniOzoneClusterImpl-82396f26-4b51-4819-9d3b-5aa507234af8/datanode-0/data/ratis/e91ef082-11b2-4e9b-acf3-352e2eda2da9/current/log_inprogress_0
2022-07-12 21:05:15,287 [f5c54527-7221-49d9-b9b4-cc0a1023d383@group-352E2EDA2DA9-LeaderElection15] INFO  server.RaftServer$Division (ServerState.java:setRaftConf(393)) - f5c54527-7221-49d9-b9b4-cc0a1023d383@group-352E2EDA2DA9: set configuration 0: [f5c54527-7221-49d9-b9b4-cc0a1023d383|rpc:10.1.0.20:37817|dataStream:|priority:1], old=null
2022-07-12 21:05:15,406 [f5c54527-7221-49d9-b9b4-cc0a1023d383@group-21BCC251FB73-FollowerState] INFO  impl.FollowerState (FollowerState.java:run(143)) - f5c54527-7221-49d9-b9b4-cc0a1023d383@group-21BCC251FB73-FollowerState: change to CANDIDATE, lastRpcElapsedTime:5138171851ns, electionTimeout:5137ms
2022-07-12 21:05:15,407 [f5c54527-7221-49d9-b9b4-cc0a1023d383@group-21BCC251FB73-FollowerState] INFO  impl.RoleInfo (RoleInfo.java:shutdownFollowerState(110)) - f5c54527-7221-49d9-b9b4-cc0a1023d383: shutdown f5c54527-7221-49d9-b9b4-cc0a1023d383@group-21BCC251FB73-FollowerState
2022-07-12 21:05:15,407 [f5c54527-7221-49d9-b9b4-cc0a1023d383@group-21BCC251FB73-FollowerState] INFO  server.RaftServer$Division (RaftServerImpl.java:setRole(299)) - f5c54527-7221-49d9-b9b4-cc0a1023d383@group-21BCC251FB73: changes role from  FOLLOWER to CANDIDATE at term 0 for changeToCandidate
2022-07-12 21:05:15,407 [f5c54527-7221-49d9-b9b4-cc0a1023d383@group-21BCC251FB73-FollowerState] INFO  server.RaftServerConfigKeys (ConfUtils.java:logGet(46)) - raft.server.leaderelection.pre-vote = false (custom)
2022-07-12 21:05:15,407 [f5c54527-7221-49d9-b9b4-cc0a1023d383@group-21BCC251FB73-FollowerState] INFO  impl.RoleInfo (RoleInfo.java:updateAndGet(139)) - f5c54527-7221-49d9-b9b4-cc0a1023d383: start f5c54527-7221-49d9-b9b4-cc0a1023d383@group-21BCC251FB73-LeaderElection16
2022-07-12 21:05:15,443 [f5c54527-7221-49d9-b9b4-cc0a1023d383@group-21BCC251FB73-LeaderElection16] INFO  impl.LeaderElection (LeaderElection.java:askForVotes(310)) - f5c54527-7221-49d9-b9b4-cc0a1023d383@group-21BCC251FB73-LeaderElection16 ELECTION round 0: submit vote requests at term 1 for -1: [e0395122-a850-434f-9bbf-3f60ac82720c|rpc:10.1.0.20:38137|priority:0, f5c54527-7221-49d9-b9b4-cc0a1023d383|rpc:10.1.0.20:37817|priority:1, c45d84f2-9958-4641-906c-b1d7f28512e6|rpc:10.1.0.20:40679|priority:0], old=null
2022-07-12 21:05:15,464 [c45d84f2-9958-4641-906c-b1d7f28512e6@group-21BCC251FB73-FollowerState] INFO  impl.FollowerState (FollowerState.java:run(143)) - c45d84f2-9958-4641-906c-b1d7f28512e6@group-21BCC251FB73-FollowerState: change to CANDIDATE, lastRpcElapsedTime:5087005063ns, electionTimeout:5073ms
2022-07-12 21:05:15,464 [c45d84f2-9958-4641-906c-b1d7f28512e6@group-21BCC251FB73-FollowerState] INFO  impl.RoleInfo (RoleInfo.java:shutdownFollowerState(110)) - c45d84f2-9958-4641-906c-b1d7f28512e6: shutdown c45d84f2-9958-4641-906c-b1d7f28512e6@group-21BCC251FB73-FollowerState
2022-07-12 21:05:15,464 [c45d84f2-9958-4641-906c-b1d7f28512e6@group-21BCC251FB73-FollowerState] INFO  server.RaftServer$Division (RaftServerImpl.java:setRole(299)) - c45d84f2-9958-4641-906c-b1d7f28512e6@group-21BCC251FB73: changes role from  FOLLOWER to CANDIDATE at term 0 for changeToCandidate
2022-07-12 21:05:15,464 [c45d84f2-9958-4641-906c-b1d7f28512e6@group-21BCC251FB73-FollowerState] INFO  server.RaftServerConfigKeys (ConfUtils.java:logGet(46)) - raft.server.leaderelection.pre-vote = false (custom)
2022-07-12 21:05:15,467 [c45d84f2-9958-4641-906c-b1d7f28512e6@group-21BCC251FB73-FollowerState] INFO  impl.RoleInfo (RoleInfo.java:updateAndGet(139)) - c45d84f2-9958-4641-906c-b1d7f28512e6: start c45d84f2-9958-4641-906c-b1d7f28512e6@group-21BCC251FB73-LeaderElection17
2022-07-12 21:05:15,493 [grpc-default-executor-0] INFO  server.RaftServer$Division (RaftServerImpl.java:requestVote(1152)) - e0395122-a850-434f-9bbf-3f60ac82720c@group-21BCC251FB73: receive requestVote(ELECTION, f5c54527-7221-49d9-b9b4-cc0a1023d383, group-21BCC251FB73, 1, (t:0, i:0))
2022-07-12 21:05:15,493 [grpc-default-executor-0] INFO  impl.VoteContext (VoteContext.java:log(48)) - e0395122-a850-434f-9bbf-3f60ac82720c@group-21BCC251FB73-FOLLOWER: accept ELECTION from f5c54527-7221-49d9-b9b4-cc0a1023d383: our priority 0 <= candidate's priority 1
2022-07-12 21:05:15,493 [grpc-default-executor-0] INFO  server.RaftServer$Division (RaftServerImpl.java:setRole(299)) - e0395122-a850-434f-9bbf-3f60ac82720c@group-21BCC251FB73: changes role from  FOLLOWER to FOLLOWER at term 1 for candidate:f5c54527-7221-49d9-b9b4-cc0a1023d383
2022-07-12 21:05:15,493 [grpc-default-executor-0] INFO  impl.RoleInfo (RoleInfo.java:shutdownFollowerState(110)) - e0395122-a850-434f-9bbf-3f60ac82720c: shutdown e0395122-a850-434f-9bbf-3f60ac82720c@group-21BCC251FB73-FollowerState
2022-07-12 21:05:15,493 [e0395122-a850-434f-9bbf-3f60ac82720c@group-21BCC251FB73-FollowerState] INFO  impl.FollowerState (FollowerState.java:run(152)) - e0395122-a850-434f-9bbf-3f60ac82720c@group-21BCC251FB73-FollowerState was interrupted
2022-07-12 21:05:15,507 [grpc-default-executor-0] INFO  impl.RoleInfo (RoleInfo.java:updateAndGet(139)) - e0395122-a850-434f-9bbf-3f60ac82720c: start e0395122-a850-434f-9bbf-3f60ac82720c@group-21BCC251FB73-FollowerState
2022-07-12 21:05:15,508 [c45d84f2-9958-4641-906c-b1d7f28512e6@group-21BCC251FB73-LeaderElection17] INFO  impl.LeaderElection (LeaderElection.java:askForVotes(310)) - c45d84f2-9958-4641-906c-b1d7f28512e6@group-21BCC251FB73-LeaderElection17 ELECTION round 0: submit vote requests at term 1 for -1: [e0395122-a850-434f-9bbf-3f60ac82720c|rpc:10.1.0.20:38137|dataStream:|priority:0, f5c54527-7221-49d9-b9b4-cc0a1023d383|rpc:10.1.0.20:37817|dataStream:|priority:1, c45d84f2-9958-4641-906c-b1d7f28512e6|rpc:10.1.0.20:40679|dataStream:|priority:0], old=null
2022-07-12 21:05:15,509 [grpc-default-executor-0] INFO  server.RaftServer$Division (RaftServerImpl.java:requestVote(1184)) - e0395122-a850-434f-9bbf-3f60ac82720c@group-21BCC251FB73 replies to ELECTION vote request: f5c54527-7221-49d9-b9b4-cc0a1023d383<-e0395122-a850-434f-9bbf-3f60ac82720c#0:OK-t1. Peer's state: e0395122-a850-434f-9bbf-3f60ac82720c@group-21BCC251FB73:t1, leader=null, voted=f5c54527-7221-49d9-b9b4-cc0a1023d383, raftlog=e0395122-a850-434f-9bbf-3f60ac82720c@group-21BCC251FB73-SegmentedRaftLog:OPENED:c-1, conf=-1: [e0395122-a850-434f-9bbf-3f60ac82720c|rpc:10.1.0.20:38137|dataStream:|priority:0, f5c54527-7221-49d9-b9b4-cc0a1023d383|rpc:10.1.0.20:37817|dataStream:|priority:1, c45d84f2-9958-4641-906c-b1d7f28512e6|rpc:10.1.0.20:40679|dataStream:|priority:0], old=null
2022-07-12 21:05:15,551 [grpc-default-executor-1] INFO  server.RaftServer$Division (RaftServerImpl.java:requestVote(1152)) - c45d84f2-9958-4641-906c-b1d7f28512e6@group-21BCC251FB73: receive requestVote(ELECTION, f5c54527-7221-49d9-b9b4-cc0a1023d383, group-21BCC251FB73, 1, (t:0, i:0))
2022-07-12 21:05:15,551 [grpc-default-executor-1] INFO  impl.VoteContext (VoteContext.java:log(48)) - c45d84f2-9958-4641-906c-b1d7f28512e6@group-21BCC251FB73-CANDIDATE: reject ELECTION from f5c54527-7221-49d9-b9b4-cc0a1023d383: already has voted for c45d84f2-9958-4641-906c-b1d7f28512e6 at current term 1
2022-07-12 21:05:15,551 [grpc-default-executor-1] INFO  server.RaftServer$Division (RaftServerImpl.java:requestVote(1184)) - c45d84f2-9958-4641-906c-b1d7f28512e6@group-21BCC251FB73 replies to ELECTION vote request: f5c54527-7221-49d9-b9b4-cc0a1023d383<-c45d84f2-9958-4641-906c-b1d7f28512e6#0:FAIL-t1. Peer's state: c45d84f2-9958-4641-906c-b1d7f28512e6@group-21BCC251FB73:t1, leader=null, voted=c45d84f2-9958-4641-906c-b1d7f28512e6, raftlog=c45d84f2-9958-4641-906c-b1d7f28512e6@group-21BCC251FB73-SegmentedRaftLog:OPENED:c-1, conf=-1: [e0395122-a850-434f-9bbf-3f60ac82720c|rpc:10.1.0.20:38137|dataStream:|priority:0, f5c54527-7221-49d9-b9b4-cc0a1023d383|rpc:10.1.0.20:37817|dataStream:|priority:1, c45d84f2-9958-4641-906c-b1d7f28512e6|rpc:10.1.0.20:40679|dataStream:|priority:0], old=null
2022-07-12 21:05:15,575 [f5c54527-7221-49d9-b9b4-cc0a1023d383@group-21BCC251FB73-LeaderElection16] INFO  impl.LeaderElection (LeaderElection.java:logAndReturn(90)) - f5c54527-7221-49d9-b9b4-cc0a1023d383@group-21BCC251FB73-LeaderElection16: ELECTION PASSED received 1 response(s) and 0 exception(s):
2022-07-12 21:05:15,575 [f5c54527-7221-49d9-b9b4-cc0a1023d383@group-21BCC251FB73-LeaderElection16] INFO  impl.LeaderElection (LeaderElection.java:logAndReturn(94)) -   Response 0: f5c54527-7221-49d9-b9b4-cc0a1023d383<-e0395122-a850-434f-9bbf-3f60ac82720c#0:OK-t1
2022-07-12 21:05:15,576 [f5c54527-7221-49d9-b9b4-cc0a1023d383@group-21BCC251FB73-LeaderElection16] INFO  impl.LeaderElection (LeaderElection.java:askForVotes(312)) - f5c54527-7221-49d9-b9b4-cc0a1023d383@group-21BCC251FB73-LeaderElection16 ELECTION round 0: result PASSED
2022-07-12 21:05:15,576 [f5c54527-7221-49d9-b9b4-cc0a1023d383@group-21BCC251FB73-LeaderElection16] INFO  impl.RoleInfo (RoleInfo.java:shutdownLeaderElection(130)) - f5c54527-7221-49d9-b9b4-cc0a1023d383: shutdown f5c54527-7221-49d9-b9b4-cc0a1023d383@group-21BCC251FB73-LeaderElection16
2022-07-12 21:05:15,576 [f5c54527-7221-49d9-b9b4-cc0a1023d383@group-21BCC251FB73-LeaderElection16] INFO  server.RaftServer$Division (RaftServerImpl.java:setRole(299)) - f5c54527-7221-49d9-b9b4-cc0a1023d383@group-21BCC251FB73: changes role from CANDIDATE to LEADER at term 1 for changeToLeader
2022-07-12 21:05:15,576 [f5c54527-7221-49d9-b9b4-cc0a1023d383@group-21BCC251FB73-LeaderElection16] INFO  ratis.XceiverServerRatis (XceiverServerRatis.java:handleLeaderChangedNotification(863)) - Leader change notification received for group: group-21BCC251FB73 with new leaderId: f5c54527-7221-49d9-b9b4-cc0a1023d383
2022-07-12 21:05:15,576 [f5c54527-7221-49d9-b9b4-cc0a1023d383@group-21BCC251FB73-LeaderElection16] INFO  server.RaftServer$Division (ServerState.java:setLeader(287)) - f5c54527-7221-49d9-b9b4-cc0a1023d383@group-21BCC251FB73: change Leader from null to f5c54527-7221-49d9-b9b4-cc0a1023d383 at term 1 for becomeLeader, leader elected after 5335ms
2022-07-12 21:05:15,576 [f5c54527-7221-49d9-b9b4-cc0a1023d383@group-21BCC251FB73-LeaderElection16] INFO  server.RaftServerConfigKeys (ConfUtils.java:logGet(46)) - raft.server.staging.catchup.gap = 1000 (default)
2022-07-12 21:05:15,577 [f5c54527-7221-49d9-b9b4-cc0a1023d383@group-21BCC251FB73-LeaderElection16] INFO  server.RaftServerConfigKeys (ConfUtils.java:logGet(46)) - raft.server.write.element-limit = 1024 (custom)
2022-07-12 21:05:15,577 [f5c54527-7221-49d9-b9b4-cc0a1023d383@group-21BCC251FB73-LeaderElection16] INFO  server.RaftServerConfigKeys (ConfUtils.java:logGet(46)) - raft.server.write.byte-limit = 1024 M (=1073741824) (custom)
2022-07-12 21:05:15,577 [f5c54527-7221-49d9-b9b4-cc0a1023d383@group-21BCC251FB73-LeaderElection16] INFO  server.RaftServerConfigKeys (ConfUtils.java:logGet(46)) - raft.server.watch.timeout = 180s (custom)
2022-07-12 21:05:15,577 [f5c54527-7221-49d9-b9b4-cc0a1023d383@group-21BCC251FB73-LeaderElection16] INFO  server.RaftServerConfigKeys (ConfUtils.java:logGet(46)) - raft.server.watch.timeout.denomination = 1s (default)
2022-07-12 21:05:15,577 [f5c54527-7221-49d9-b9b4-cc0a1023d383@group-21BCC251FB73-LeaderElection16] INFO  server.RaftServerConfigKeys (ConfUtils.java:logGet(46)) - raft.server.watch.element-limit = 65536 (default)
2022-07-12 21:05:15,577 [f5c54527-7221-49d9-b9b4-cc0a1023d383@group-21BCC251FB73-LeaderElection16] INFO  server.RaftServerConfigKeys (ConfUtils.java:logGet(46)) - raft.server.write.element-limit = 1024 (custom)
2022-07-12 21:05:15,577 [f5c54527-7221-49d9-b9b4-cc0a1023d383@group-21BCC251FB73-LeaderElection16] INFO  server.RaftServerConfigKeys (ConfUtils.java:logGet(46)) - raft.server.write.follower.gap.ratio.max = -1.0 (default)
2022-07-12 21:05:15,578 [f5c54527-7221-49d9-b9b4-cc0a1023d383@group-21BCC251FB73-LeaderElection16] INFO  server.RaftServerConfigKeys (ConfUtils.java:logGet(46)) - raft.server.log.appender.snapshot.chunk.size.max = 16MB (=16777216) (default)
2022-07-12 21:05:15,578 [f5c54527-7221-49d9-b9b4-cc0a1023d383@group-21BCC251FB73-LeaderElection16] INFO  server.RaftServerConfigKeys (ConfUtils.java:logGet(46)) - raft.server.log.appender.buffer.byte-limit = 33554432 (custom)
2022-07-12 21:05:15,578 [f5c54527-7221-49d9-b9b4-cc0a1023d383@group-21BCC251FB73-LeaderElection16] INFO  server.RaftServerConfigKeys (ConfUtils.java:logGet(46)) - raft.server.log.appender.buffer.element-limit = 1 (custom)
2022-07-12 21:05:15,578 [f5c54527-7221-49d9-b9b4-cc0a1023d383@group-21BCC251FB73-LeaderElection16] INFO  grpc.GrpcConfigKeys (ConfUtils.java:logGet(46)) - raft.grpc.server.leader.outstanding.appends.max = 128 (default)
2022-07-12 21:05:15,578 [f5c54527-7221-49d9-b9b4-cc0a1023d383@group-21BCC251FB73-LeaderElection16] INFO  server.RaftServerConfigKeys (ConfUtils.java:logGet(46)) - raft.server.rpc.request.timeout = 60s (custom)
2022-07-12 21:05:15,578 [f5c54527-7221-49d9-b9b4-cc0a1023d383@group-21BCC251FB73-LeaderElection16] INFO  server.RaftServerConfigKeys (ConfUtils.java:logGet(46)) - raft.server.log.appender.install.snapshot.enabled = false (custom)
2022-07-12 21:05:15,579 [f5c54527-7221-49d9-b9b4-cc0a1023d383@group-21BCC251FB73-LeaderElection16] INFO  server.RaftServerConfigKeys (ConfUtils.java:logGet(46)) - raft.server.log.appender.snapshot.chunk.size.max = 16MB (=16777216) (default)
2022-07-12 21:05:15,580 [EventQueue-PipelineReportForPipelineReportHandler] INFO  pipeline.PipelineManagerImpl (PipelineManagerImpl.java:openPipeline(359)) - Pipeline Pipeline[ Id: 9e5a9c45-4d2b-4fb4-9008-21bcc251fb73, Nodes: c45d84f2-9958-4641-906c-b1d7f28512e6{ip: 10.1.0.20, host: fv-az452-57.ku3lqr0aiaqu5kfj3xdpchcrvd.dx.internal.cloudapp.net, ports: [REPLICATION=40477, RATIS=40679, RATIS_ADMIN=40679, RATIS_SERVER=40679, STANDALONE=43967], networkLocation: /default-rack, certSerialId: null, persistedOpState: IN_SERVICE, persistedOpStateExpiryEpochSec: 0}e0395122-a850-434f-9bbf-3f60ac82720c{ip: 10.1.0.20, host: fv-az452-57.ku3lqr0aiaqu5kfj3xdpchcrvd.dx.internal.cloudapp.net, ports: [REPLICATION=43939, RATIS=38137, RATIS_ADMIN=38137, RATIS_SERVER=38137, STANDALONE=41633], networkLocation: /default-rack, certSerialId: null, persistedOpState: IN_SERVICE, persistedOpStateExpiryEpochSec: 0}f5c54527-7221-49d9-b9b4-cc0a1023d383{ip: 10.1.0.20, host: fv-az452-57.ku3lqr0aiaqu5kfj3xdpchcrvd.dx.internal.cloudapp.net, ports: [REPLICATION=37415, RATIS=37817, RATIS_ADMIN=37817, RATIS_SERVER=37817, STANDALONE=43931], networkLocation: /default-rack, certSerialId: null, persistedOpState: IN_SERVICE, persistedOpStateExpiryEpochSec: 0}, ReplicationConfig: RATIS/THREE, State:ALLOCATED, leaderId:f5c54527-7221-49d9-b9b4-cc0a1023d383, CreationTimestamp2022-07-12T21:05:08.783Z[Etc/UTC]] moved to OPEN state
2022-07-12 21:05:15,581 [f5c54527-7221-49d9-b9b4-cc0a1023d383@group-21BCC251FB73-LeaderElection16] INFO  server.RaftServerConfigKeys (ConfUtils.java:logGet(46)) - raft.server.log.appender.buffer.byte-limit = 33554432 (custom)
2022-07-12 21:05:15,581 [f5c54527-7221-49d9-b9b4-cc0a1023d383@group-21BCC251FB73-LeaderElection16] INFO  server.RaftServerConfigKeys (ConfUtils.java:logGet(46)) - raft.server.log.appender.buffer.element-limit = 1 (custom)
2022-07-12 21:05:15,581 [f5c54527-7221-49d9-b9b4-cc0a1023d383@group-21BCC251FB73-LeaderElection16] INFO  grpc.GrpcConfigKeys (ConfUtils.java:logGet(46)) - raft.grpc.server.leader.outstanding.appends.max = 128 (default)
2022-07-12 21:05:15,581 [f5c54527-7221-49d9-b9b4-cc0a1023d383@group-21BCC251FB73-LeaderElection16] INFO  server.RaftServerConfigKeys (ConfUtils.java:logGet(46)) - raft.server.rpc.request.timeout = 60s (custom)
2022-07-12 21:05:15,581 [f5c54527-7221-49d9-b9b4-cc0a1023d383@group-21BCC251FB73-LeaderElection16] INFO  server.RaftServerConfigKeys (ConfUtils.java:logGet(46)) - raft.server.log.appender.install.snapshot.enabled = false (custom)
2022-07-12 21:05:15,582 [f5c54527-7221-49d9-b9b4-cc0a1023d383@group-21BCC251FB73-LeaderElection16] INFO  impl.RoleInfo (RoleInfo.java:updateAndGet(139)) - f5c54527-7221-49d9-b9b4-cc0a1023d383: start f5c54527-7221-49d9-b9b4-cc0a1023d383@group-21BCC251FB73-LeaderStateImpl
2022-07-12 21:05:15,582 [f5c54527-7221-49d9-b9b4-cc0a1023d383@group-21BCC251FB73-LeaderElection16] INFO  segmented.SegmentedRaftLogWorker (SegmentedRaftLogWorker.java:startLogSegment(425)) - f5c54527-7221-49d9-b9b4-cc0a1023d383@group-21BCC251FB73-SegmentedRaftLogWorker: Starting segment from index:0
2022-07-12 21:05:15,610 [f5c54527-7221-49d9-b9b4-cc0a1023d383@group-21BCC251FB73-LeaderElection16] INFO  server.RaftServer$Division (ServerState.java:setRaftConf(393)) - f5c54527-7221-49d9-b9b4-cc0a1023d383@group-21BCC251FB73: set configuration 0: [e0395122-a850-434f-9bbf-3f60ac82720c|rpc:10.1.0.20:38137|dataStream:|priority:0, f5c54527-7221-49d9-b9b4-cc0a1023d383|rpc:10.1.0.20:37817|dataStream:|priority:1, c45d84f2-9958-4641-906c-b1d7f28512e6|rpc:10.1.0.20:40679|dataStream:|priority:0], old=null
2022-07-12 21:05:15,617 [f5c54527-7221-49d9-b9b4-cc0a1023d383@group-21BCC251FB73-SegmentedRaftLogWorker] INFO  segmented.SegmentedRaftLogWorker (SegmentedRaftLogWorker.java:execute(629)) - f5c54527-7221-49d9-b9b4-cc0a1023d383@group-21BCC251FB73-SegmentedRaftLogWorker: created new log segment /home/runner/work/ozone/ozone/hadoop-ozone/integration-test/target/test-dir/MiniOzoneClusterImpl-82396f26-4b51-4819-9d3b-5aa507234af8/datanode-0/data/ratis/9e5a9c45-4d2b-4fb4-9008-21bcc251fb73/current/log_inprogress_0
2022-07-12 21:05:15,618 [EventQueue-OpenPipelineForHealthyPipelineSafeModeRule] INFO  safemode.SCMSafeModeManager (HealthyPipelineSafeModeRule.java:process(124)) - SCM in safe mode. Healthy pipelines reported count is 1, required healthy pipeline reported count is 1
2022-07-12 21:05:15,618 [EventQueue-OpenPipelineForHealthyPipelineSafeModeRule] INFO  safemode.SCMSafeModeManager (SCMSafeModeManager.java:validateSafeModeExitRules(204)) - HealthyPipelineSafeModeRule rule is successfully validated
2022-07-12 21:05:15,618 [EventQueue-OpenPipelineForHealthyPipelineSafeModeRule] INFO  safemode.SCMSafeModeManager (SCMSafeModeManager.java:validateSafeModeExitRules(219)) - ScmSafeModeManager, all rules are successfully validated
2022-07-12 21:05:15,619 [EventQueue-OpenPipelineForHealthyPipelineSafeModeRule] INFO  safemode.SCMSafeModeManager (SCMSafeModeManager.java:exitSafeMode(248)) - SCM exiting safe mode.
2022-07-12 21:05:15,619 [EventQueue-OpenPipelineForHealthyPipelineSafeModeRule] WARN  events.EventQueue (EventQueue.java:fireEvent(216)) - No event handler registered for event TypedEvent{payloadType=SafeModeStatus, name='Safe mode status'}
2022-07-12 21:05:15,619 [EventQueue-OpenPipelineForHealthyPipelineSafeModeRule] INFO  ha.SCMContext (SCMContext.java:updateSafeModeStatus(228)) - Update SafeModeStatus from SafeModeStatus{safeModeStatus=true, preCheckPassed=true} to SafeModeStatus{safeModeStatus=false, preCheckPassed=true}.
2022-07-12 21:05:15,619 [EventQueue-OpenPipelineForHealthyPipelineSafeModeRule] INFO  pipeline.BackgroundPipelineCreator (BackgroundPipelineCreator.java:notifyStatusChanged(253)) - Service BackgroundPipelineCreator transitions to RUNNING.
2022-07-12 21:05:15,619 [EventQueue-OpenPipelineForHealthyPipelineSafeModeRule] INFO  BackgroundPipelineScrubber (BackgroundSCMService.java:notifyStatusChanged(82)) - Service BackgroundPipelineScrubber transitions to RUNNING.
2022-07-12 21:05:15,619 [EventQueue-OpenPipelineForHealthyPipelineSafeModeRule] INFO  ExpiredContainerReplicaOpScrubber (BackgroundSCMService.java:notifyStatusChanged(82)) - Service ExpiredContainerReplicaOpScrubber transitions to RUNNING.
2022-07-12 21:05:15,619 [EventQueue-OpenPipelineForHealthyPipelineSafeModeRule] INFO  replication.ReplicationManager (ReplicationManager.java:notifyStatusChanged(495)) - Service ReplicationManager transitions to RUNNING.
2022-07-12 21:05:15,619 [EventQueue-OpenPipelineForHealthyPipelineSafeModeRule] WARN  balancer.ContainerBalancer (ContainerBalancer.java:shouldRun(894)) - Could not find persisted configuration for ContainerBalancer when checking if ContainerBalancer should run. ContainerBalancer should not run now.
2022-07-12 21:05:15,685 [e0395122-a850-434f-9bbf-3f60ac82720c-server-thread1] INFO  ratis.XceiverServerRatis (XceiverServerRatis.java:handleLeaderChangedNotification(863)) - Leader change notification received for group: group-21BCC251FB73 with new leaderId: f5c54527-7221-49d9-b9b4-cc0a1023d383
2022-07-12 21:05:15,685 [e0395122-a850-434f-9bbf-3f60ac82720c-server-thread1] INFO  server.RaftServer$Division (ServerState.java:setLeader(287)) - e0395122-a850-434f-9bbf-3f60ac82720c@group-21BCC251FB73: change Leader from null to f5c54527-7221-49d9-b9b4-cc0a1023d383 at term 1 for appendEntries, leader elected after 5192ms
2022-07-12 21:05:15,700 [e0395122-a850-434f-9bbf-3f60ac82720c-server-thread1] INFO  server.RaftServer$Division (ServerState.java:setRaftConf(393)) - e0395122-a850-434f-9bbf-3f60ac82720c@group-21BCC251FB73: set configuration 0: [e0395122-a850-434f-9bbf-3f60ac82720c|rpc:10.1.0.20:38137|dataStream:|priority:0, f5c54527-7221-49d9-b9b4-cc0a1023d383|rpc:10.1.0.20:37817|dataStream:|priority:1, c45d84f2-9958-4641-906c-b1d7f28512e6|rpc:10.1.0.20:40679|dataStream:|priority:0], old=null
2022-07-12 21:05:15,701 [e0395122-a850-434f-9bbf-3f60ac82720c-server-thread1] INFO  segmented.SegmentedRaftLogWorker (SegmentedRaftLogWorker.java:startLogSegment(425)) - e0395122-a850-434f-9bbf-3f60ac82720c@group-21BCC251FB73-SegmentedRaftLogWorker: Starting segment from index:0
2022-07-12 21:05:15,703 [e0395122-a850-434f-9bbf-3f60ac82720c@group-21BCC251FB73-SegmentedRaftLogWorker] INFO  segmented.SegmentedRaftLogWorker (SegmentedRaftLogWorker.java:execute(629)) - e0395122-a850-434f-9bbf-3f60ac82720c@group-21BCC251FB73-SegmentedRaftLogWorker: created new log segment /home/runner/work/ozone/ozone/hadoop-ozone/integration-test/target/test-dir/MiniOzoneClusterImpl-82396f26-4b51-4819-9d3b-5aa507234af8/datanode-2/data/ratis/9e5a9c45-4d2b-4fb4-9008-21bcc251fb73/current/log_inprogress_0
2022-07-12 21:05:15,733 [c45d84f2-9958-4641-906c-b1d7f28512e6-server-thread1] INFO  server.RaftServer$Division (RaftServerImpl.java:setRole(299)) - c45d84f2-9958-4641-906c-b1d7f28512e6@group-21BCC251FB73: changes role from CANDIDATE to FOLLOWER at term 1 for appendEntries
2022-07-12 21:05:15,734 [c45d84f2-9958-4641-906c-b1d7f28512e6-server-thread1] INFO  impl.RoleInfo (RoleInfo.java:shutdownLeaderElection(130)) - c45d84f2-9958-4641-906c-b1d7f28512e6: shutdown c45d84f2-9958-4641-906c-b1d7f28512e6@group-21BCC251FB73-LeaderElection17
2022-07-12 21:05:15,736 [f5c54527-7221-49d9-b9b4-cc0a1023d383@group-A48E3770D969-FollowerState] INFO  impl.FollowerState (FollowerState.java:run(143)) - f5c54527-7221-49d9-b9b4-cc0a1023d383@group-A48E3770D969-FollowerState: change to CANDIDATE, lastRpcElapsedTime:5082510293ns, electionTimeout:5068ms
2022-07-12 21:05:15,736 [f5c54527-7221-49d9-b9b4-cc0a1023d383@group-A48E3770D969-FollowerState] INFO  impl.RoleInfo (RoleInfo.java:shutdownFollowerState(110)) - f5c54527-7221-49d9-b9b4-cc0a1023d383: shutdown f5c54527-7221-49d9-b9b4-cc0a1023d383@group-A48E3770D969-FollowerState
2022-07-12 21:05:15,736 [f5c54527-7221-49d9-b9b4-cc0a1023d383@group-A48E3770D969-FollowerState] INFO  server.RaftServer$Division (RaftServerImpl.java:setRole(299)) - f5c54527-7221-49d9-b9b4-cc0a1023d383@group-A48E3770D969: changes role from  FOLLOWER to CANDIDATE at term 0 for changeToCandidate
2022-07-12 21:05:15,745 [grpc-default-executor-2] INFO  server.RaftServer$Division (RaftServerImpl.java:requestVote(1152)) - e0395122-a850-434f-9bbf-3f60ac82720c@group-21BCC251FB73: receive requestVote(ELECTION, c45d84f2-9958-4641-906c-b1d7f28512e6, group-21BCC251FB73, 1, (t:0, i:0))
2022-07-12 21:05:15,745 [grpc-default-executor-2] INFO  impl.VoteContext (VoteContext.java:log(48)) - e0395122-a850-434f-9bbf-3f60ac82720c@group-21BCC251FB73-FOLLOWER: reject ELECTION from c45d84f2-9958-4641-906c-b1d7f28512e6: already has voted for f5c54527-7221-49d9-b9b4-cc0a1023d383 at current term 1
2022-07-12 21:05:15,745 [grpc-default-executor-2] INFO  server.RaftServer$Division (RaftServerImpl.java:requestVote(1184)) - e0395122-a850-434f-9bbf-3f60ac82720c@group-21BCC251FB73 replies to ELECTION vote request: c45d84f2-9958-4641-906c-b1d7f28512e6<-e0395122-a850-434f-9bbf-3f60ac82720c#0:FAIL-t1. Peer's state: e0395122-a850-434f-9bbf-3f60ac82720c@group-21BCC251FB73:t1, leader=f5c54527-7221-49d9-b9b4-cc0a1023d383, voted=f5c54527-7221-49d9-b9b4-cc0a1023d383, raftlog=e0395122-a850-434f-9bbf-3f60ac82720c@group-21BCC251FB73-SegmentedRaftLog:OPENED:c-1, conf=0: [e0395122-a850-434f-9bbf-3f60ac82720c|rpc:10.1.0.20:38137|dataStream:|priority:0, f5c54527-7221-49d9-b9b4-cc0a1023d383|rpc:10.1.0.20:37817|dataStream:|priority:1, c45d84f2-9958-4641-906c-b1d7f28512e6|rpc:10.1.0.20:40679|dataStream:|priority:0], old=null
2022-07-12 21:05:15,745 [grpc-default-executor-0] INFO  server.RaftServer$Division (RaftServerImpl.java:requestVote(1152)) - f5c54527-7221-49d9-b9b4-cc0a1023d383@group-21BCC251FB73: receive requestVote(ELECTION, c45d84f2-9958-4641-906c-b1d7f28512e6, group-21BCC251FB73, 1, (t:0, i:0))
2022-07-12 21:05:15,745 [grpc-default-executor-0] INFO  impl.VoteContext (VoteContext.java:log(48)) - f5c54527-7221-49d9-b9b4-cc0a1023d383@group-21BCC251FB73-LEADER: reject ELECTION from c45d84f2-9958-4641-906c-b1d7f28512e6: already has voted for f5c54527-7221-49d9-b9b4-cc0a1023d383 at current term 1
2022-07-12 21:05:15,745 [grpc-default-executor-0] INFO  server.RaftServer$Division (RaftServerImpl.java:requestVote(1184)) - f5c54527-7221-49d9-b9b4-cc0a1023d383@group-21BCC251FB73 replies to ELECTION vote request: c45d84f2-9958-4641-906c-b1d7f28512e6<-f5c54527-7221-49d9-b9b4-cc0a1023d383#0:FAIL-t1. Peer's state: f5c54527-7221-49d9-b9b4-cc0a1023d383@group-21BCC251FB73:t1, leader=f5c54527-7221-49d9-b9b4-cc0a1023d383, voted=f5c54527-7221-49d9-b9b4-cc0a1023d383, raftlog=f5c54527-7221-49d9-b9b4-cc0a1023d383@group-21BCC251FB73-SegmentedRaftLog:OPENED:c0, conf=0: [e0395122-a850-434f-9bbf-3f60ac82720c|rpc:10.1.0.20:38137|dataStream:|priority:0, f5c54527-7221-49d9-b9b4-cc0a1023d383|rpc:10.1.0.20:37817|dataStream:|priority:1, c45d84f2-9958-4641-906c-b1d7f28512e6|rpc:10.1.0.20:40679|dataStream:|priority:0], old=null
2022-07-12 21:05:15,748 [c45d84f2-9958-4641-906c-b1d7f28512e6@group-21BCC251FB73-LeaderElection17] INFO  impl.LeaderElection (LeaderElection.java:logAndReturn(90)) - c45d84f2-9958-4641-906c-b1d7f28512e6@group-21BCC251FB73-LeaderElection17: ELECTION REJECTED received 1 response(s) and 0 exception(s):
2022-07-12 21:05:15,748 [c45d84f2-9958-4641-906c-b1d7f28512e6@group-21BCC251FB73-LeaderElection17] INFO  impl.LeaderElection (LeaderElection.java:logAndReturn(94)) -   Response 0: c45d84f2-9958-4641-906c-b1d7f28512e6<-e0395122-a850-434f-9bbf-3f60ac82720c#0:FAIL-t1
2022-07-12 21:05:15,748 [c45d84f2-9958-4641-906c-b1d7f28512e6@group-21BCC251FB73-LeaderElection17] INFO  impl.LeaderElection (LeaderElection.java:askForVotes(312)) - c45d84f2-9958-4641-906c-b1d7f28512e6@group-21BCC251FB73-LeaderElection17 ELECTION round 0: result REJECTED
2022-07-12 21:05:15,751 [f5c54527-7221-49d9-b9b4-cc0a1023d383@group-A48E3770D969-FollowerState] INFO  server.RaftServerConfigKeys (ConfUtils.java:logGet(46)) - raft.server.leaderelection.pre-vote = false (custom)
2022-07-12 21:05:15,751 [f5c54527-7221-49d9-b9b4-cc0a1023d383@group-A48E3770D969-FollowerState] INFO  impl.RoleInfo (RoleInfo.java:updateAndGet(139)) - f5c54527-7221-49d9-b9b4-cc0a1023d383: start f5c54527-7221-49d9-b9b4-cc0a1023d383@group-A48E3770D969-LeaderElection18
2022-07-12 21:05:15,751 [c45d84f2-9958-4641-906c-b1d7f28512e6-server-thread1] INFO  impl.RoleInfo (RoleInfo.java:updateAndGet(139)) - c45d84f2-9958-4641-906c-b1d7f28512e6: start c45d84f2-9958-4641-906c-b1d7f28512e6@group-21BCC251FB73-FollowerState
2022-07-12 21:05:15,782 [c45d84f2-9958-4641-906c-b1d7f28512e6-server-thread1] INFO  ratis.XceiverServerRatis (XceiverServerRatis.java:handleLeaderChangedNotification(863)) - Leader change notification received for group: group-21BCC251FB73 with new leaderId: f5c54527-7221-49d9-b9b4-cc0a1023d383
2022-07-12 21:05:15,782 [c45d84f2-9958-4641-906c-b1d7f28512e6-server-thread1] INFO  server.RaftServer$Division (ServerState.java:setLeader(287)) - c45d84f2-9958-4641-906c-b1d7f28512e6@group-21BCC251FB73: change Leader from null to f5c54527-7221-49d9-b9b4-cc0a1023d383 at term 1 for appendEntries, leader elected after 5411ms
2022-07-12 21:05:15,802 [f5c54527-7221-49d9-b9b4-cc0a1023d383@group-A48E3770D969-LeaderElection18] INFO  impl.LeaderElection (LeaderElection.java:askForVotes(310)) - f5c54527-7221-49d9-b9b4-cc0a1023d383@group-A48E3770D969-LeaderElection18 ELECTION round 0: submit vote requests at term 1 for -1: [f5c54527-7221-49d9-b9b4-cc0a1023d383|rpc:10.1.0.20:37817|priority:0, e0395122-a850-434f-9bbf-3f60ac82720c|rpc:10.1.0.20:38137|priority:1, c45d84f2-9958-4641-906c-b1d7f28512e6|rpc:10.1.0.20:40679|priority:0], old=null
2022-07-12 21:05:15,820 [Listener at 127.0.0.1/38457] INFO  ozone.MiniOzoneClusterImpl (MiniOzoneClusterImpl.java:lambda$waitForClusterToBeReady$0(223)) - Nodes are ready. Got 5 of 5 DN Heartbeats.
2022-07-12 21:05:15,820 [Listener at 127.0.0.1/38457] INFO  ozone.MiniOzoneClusterImpl (MiniOzoneClusterImpl.java:lambda$waitForClusterToBeReady$0(226)) - Cluster exits safe mode
2022-07-12 21:05:15,820 [Listener at 127.0.0.1/38457] INFO  ozone.MiniOzoneClusterImpl (MiniOzoneClusterImpl.java:lambda$waitForClusterToBeReady$0(228)) - SCM became leader
2022-07-12 21:05:15,833 [grpc-default-executor-0] INFO  server.RaftServer$Division (RaftServerImpl.java:requestVote(1152)) - e0395122-a850-434f-9bbf-3f60ac82720c@group-A48E3770D969: receive requestVote(ELECTION, f5c54527-7221-49d9-b9b4-cc0a1023d383, group-A48E3770D969, 1, (t:0, i:0))
2022-07-12 21:05:15,833 [grpc-default-executor-0] INFO  impl.VoteContext (VoteContext.java:log(48)) - e0395122-a850-434f-9bbf-3f60ac82720c@group-A48E3770D969-FOLLOWER: reject ELECTION from f5c54527-7221-49d9-b9b4-cc0a1023d383: our priority 1 > candidate's priority 0
2022-07-12 21:05:15,833 [grpc-default-executor-0] INFO  server.RaftServer$Division (RaftServerImpl.java:setRole(299)) - e0395122-a850-434f-9bbf-3f60ac82720c@group-A48E3770D969: changes role from  FOLLOWER to FOLLOWER at term 1 for candidate:f5c54527-7221-49d9-b9b4-cc0a1023d383
2022-07-12 21:05:15,833 [grpc-default-executor-0] INFO  impl.RoleInfo (RoleInfo.java:shutdownFollowerState(110)) - e0395122-a850-434f-9bbf-3f60ac82720c: shutdown e0395122-a850-434f-9bbf-3f60ac82720c@group-A48E3770D969-FollowerState
2022-07-12 21:05:15,833 [grpc-default-executor-0] INFO  impl.RoleInfo (RoleInfo.java:updateAndGet(139)) - e0395122-a850-434f-9bbf-3f60ac82720c: start e0395122-a850-434f-9bbf-3f60ac82720c@group-A48E3770D969-FollowerState
2022-07-12 21:05:15,833 [e0395122-a850-434f-9bbf-3f60ac82720c@group-A48E3770D969-FollowerState] INFO  impl.FollowerState (FollowerState.java:run(152)) - e0395122-a850-434f-9bbf-3f60ac82720c@group-A48E3770D969-FollowerState was interrupted
2022-07-12 21:05:15,867 [c45d84f2-9958-4641-906c-b1d7f28512e6-server-thread1] INFO  server.RaftServer$Division (ServerState.java:setRaftConf(393)) - c45d84f2-9958-4641-906c-b1d7f28512e6@group-21BCC251FB73: set configuration 0: [e0395122-a850-434f-9bbf-3f60ac82720c|rpc:10.1.0.20:38137|dataStream:|priority:0, f5c54527-7221-49d9-b9b4-cc0a1023d383|rpc:10.1.0.20:37817|dataStream:|priority:1, c45d84f2-9958-4641-906c-b1d7f28512e6|rpc:10.1.0.20:40679|dataStream:|priority:0], old=null
2022-07-12 21:05:15,867 [c45d84f2-9958-4641-906c-b1d7f28512e6-server-thread1] INFO  segmented.SegmentedRaftLogWorker (SegmentedRaftLogWorker.java:startLogSegment(425)) - c45d84f2-9958-4641-906c-b1d7f28512e6@group-21BCC251FB73-SegmentedRaftLogWorker: Starting segment from index:0
2022-07-12 21:05:15,867 [grpc-default-executor-3] INFO  server.RaftServer$Division (RaftServerImpl.java:requestVote(1152)) - c45d84f2-9958-4641-906c-b1d7f28512e6@group-A48E3770D969: receive requestVote(ELECTION, f5c54527-7221-49d9-b9b4-cc0a1023d383, group-A48E3770D969, 1, (t:0, i:0))
2022-07-12 21:05:15,867 [grpc-default-executor-3] INFO  impl.VoteContext (VoteContext.java:log(48)) - c45d84f2-9958-4641-906c-b1d7f28512e6@group-A48E3770D969-FOLLOWER: accept ELECTION from f5c54527-7221-49d9-b9b4-cc0a1023d383: our priority 0 <= candidate's priority 0
2022-07-12 21:05:15,868 [grpc-default-executor-3] INFO  server.RaftServer$Division (RaftServerImpl.java:setRole(299)) - c45d84f2-9958-4641-906c-b1d7f28512e6@group-A48E3770D969: changes role from  FOLLOWER to FOLLOWER at term 1 for candidate:f5c54527-7221-49d9-b9b4-cc0a1023d383
2022-07-12 21:05:15,868 [grpc-default-executor-3] INFO  impl.RoleInfo (RoleInfo.java:shutdownFollowerState(110)) - c45d84f2-9958-4641-906c-b1d7f28512e6: shutdown c45d84f2-9958-4641-906c-b1d7f28512e6@group-A48E3770D969-FollowerState
2022-07-12 21:05:15,868 [grpc-default-executor-3] INFO  impl.RoleInfo (RoleInfo.java:updateAndGet(139)) - c45d84f2-9958-4641-906c-b1d7f28512e6: start c45d84f2-9958-4641-906c-b1d7f28512e6@group-A48E3770D969-FollowerState
2022-07-12 21:05:15,869 [c45d84f2-9958-4641-906c-b1d7f28512e6@group-A48E3770D969-FollowerState] INFO  impl.FollowerState (FollowerState.java:run(152)) - c45d84f2-9958-4641-906c-b1d7f28512e6@group-A48E3770D969-FollowerState was interrupted
2022-07-12 21:05:15,875 [c45d84f2-9958-4641-906c-b1d7f28512e6@group-21BCC251FB73-SegmentedRaftLogWorker] INFO  segmented.SegmentedRaftLogWorker (SegmentedRaftLogWorker.java:execute(629)) - c45d84f2-9958-4641-906c-b1d7f28512e6@group-21BCC251FB73-SegmentedRaftLogWorker: created new log segment /home/runner/work/ozone/ozone/hadoop-ozone/integration-test/target/test-dir/MiniOzoneClusterImpl-82396f26-4b51-4819-9d3b-5aa507234af8/datanode-1/data/ratis/9e5a9c45-4d2b-4fb4-9008-21bcc251fb73/current/log_inprogress_0
2022-07-12 21:05:15,876 [grpc-default-executor-0] INFO  server.RaftServer$Division (RaftServerImpl.java:requestVote(1184)) - e0395122-a850-434f-9bbf-3f60ac82720c@group-A48E3770D969 replies to ELECTION vote request: f5c54527-7221-49d9-b9b4-cc0a1023d383<-e0395122-a850-434f-9bbf-3f60ac82720c#0:FAIL-t1. Peer's state: e0395122-a850-434f-9bbf-3f60ac82720c@group-A48E3770D969:t1, leader=null, voted=null, raftlog=e0395122-a850-434f-9bbf-3f60ac82720c@group-A48E3770D969-SegmentedRaftLog:OPENED:c-1, conf=-1: [f5c54527-7221-49d9-b9b4-cc0a1023d383|rpc:10.1.0.20:37817|dataStream:|priority:0, e0395122-a850-434f-9bbf-3f60ac82720c|rpc:10.1.0.20:38137|dataStream:|priority:1, c45d84f2-9958-4641-906c-b1d7f28512e6|rpc:10.1.0.20:40679|dataStream:|priority:0], old=null
2022-07-12 21:05:15,880 [f5c54527-7221-49d9-b9b4-cc0a1023d383@group-A48E3770D969-LeaderElection18] INFO  impl.LeaderElection (LeaderElection.java:logAndReturn(90)) - f5c54527-7221-49d9-b9b4-cc0a1023d383@group-A48E3770D969-LeaderElection18: ELECTION REJECTED received 1 response(s) and 0 exception(s):
2022-07-12 21:05:15,880 [f5c54527-7221-49d9-b9b4-cc0a1023d383@group-A48E3770D969-LeaderElection18] INFO  impl.LeaderElection (LeaderElection.java:logAndReturn(94)) -   Response 0: f5c54527-7221-49d9-b9b4-cc0a1023d383<-e0395122-a850-434f-9bbf-3f60ac82720c#0:FAIL-t1
2022-07-12 21:05:15,884 [grpc-default-executor-3] INFO  server.RaftServer$Division (RaftServerImpl.java:requestVote(1184)) - c45d84f2-9958-4641-906c-b1d7f28512e6@group-A48E3770D969 replies to ELECTION vote request: f5c54527-7221-49d9-b9b4-cc0a1023d383<-c45d84f2-9958-4641-906c-b1d7f28512e6#0:OK-t1. Peer's state: c45d84f2-9958-4641-906c-b1d7f28512e6@group-A48E3770D969:t1, leader=null, voted=f5c54527-7221-49d9-b9b4-cc0a1023d383, raftlog=c45d84f2-9958-4641-906c-b1d7f28512e6@group-A48E3770D969-SegmentedRaftLog:OPENED:c-1, conf=-1: [f5c54527-7221-49d9-b9b4-cc0a1023d383|rpc:10.1.0.20:37817|dataStream:|priority:0, e0395122-a850-434f-9bbf-3f60ac82720c|rpc:10.1.0.20:38137|dataStream:|priority:1, c45d84f2-9958-4641-906c-b1d7f28512e6|rpc:10.1.0.20:40679|dataStream:|priority:0], old=null
2022-07-12 21:05:15,915 [f5c54527-7221-49d9-b9b4-cc0a1023d383@group-A48E3770D969-LeaderElection18] INFO  impl.LeaderElection (LeaderElection.java:askForVotes(312)) - f5c54527-7221-49d9-b9b4-cc0a1023d383@group-A48E3770D969-LeaderElection18 ELECTION round 0: result REJECTED
2022-07-12 21:05:15,915 [f5c54527-7221-49d9-b9b4-cc0a1023d383@group-A48E3770D969-LeaderElection18] INFO  server.RaftServer$Division (RaftServerImpl.java:setRole(299)) - f5c54527-7221-49d9-b9b4-cc0a1023d383@group-A48E3770D969: changes role from CANDIDATE to FOLLOWER at term 1 for REJECTED
2022-07-12 21:05:15,915 [f5c54527-7221-49d9-b9b4-cc0a1023d383@group-A48E3770D969-LeaderElection18] INFO  impl.RoleInfo (RoleInfo.java:shutdownLeaderElection(130)) - f5c54527-7221-49d9-b9b4-cc0a1023d383: shutdown f5c54527-7221-49d9-b9b4-cc0a1023d383@group-A48E3770D969-LeaderElection18
2022-07-12 21:05:15,915 [f5c54527-7221-49d9-b9b4-cc0a1023d383@group-A48E3770D969-LeaderElection18] INFO  impl.RoleInfo (RoleInfo.java:updateAndGet(139)) - f5c54527-7221-49d9-b9b4-cc0a1023d383: start f5c54527-7221-49d9-b9b4-cc0a1023d383@group-A48E3770D969-FollowerState
2022-07-12 21:05:16,059 [c45d84f2-9958-4641-906c-b1d7f28512e6@group-A41A956C8CEE-FollowerState] INFO  impl.FollowerState (FollowerState.java:run(143)) - c45d84f2-9958-4641-906c-b1d7f28512e6@group-A41A956C8CEE-FollowerState: change to CANDIDATE, lastRpcElapsedTime:5097935784ns, electionTimeout:5085ms
2022-07-12 21:05:16,060 [c45d84f2-9958-4641-906c-b1d7f28512e6@group-A41A956C8CEE-FollowerState] INFO  impl.RoleInfo (RoleInfo.java:shutdownFollowerState(110)) - c45d84f2-9958-4641-906c-b1d7f28512e6: shutdown c45d84f2-9958-4641-906c-b1d7f28512e6@group-A41A956C8CEE-FollowerState
2022-07-12 21:05:16,060 [c45d84f2-9958-4641-906c-b1d7f28512e6@group-A41A956C8CEE-FollowerState] INFO  server.RaftServer$Division (RaftServerImpl.java:setRole(299)) - c45d84f2-9958-4641-906c-b1d7f28512e6@group-A41A956C8CEE: changes role from  FOLLOWER to CANDIDATE at term 0 for changeToCandidate
2022-07-12 21:05:16,060 [c45d84f2-9958-4641-906c-b1d7f28512e6@group-A41A956C8CEE-FollowerState] INFO  server.RaftServerConfigKeys (ConfUtils.java:logGet(46)) - raft.server.leaderelection.pre-vote = false (custom)
2022-07-12 21:05:16,060 [c45d84f2-9958-4641-906c-b1d7f28512e6@group-A41A956C8CEE-FollowerState] INFO  impl.RoleInfo (RoleInfo.java:updateAndGet(139)) - c45d84f2-9958-4641-906c-b1d7f28512e6: start c45d84f2-9958-4641-906c-b1d7f28512e6@group-A41A956C8CEE-LeaderElection19
2022-07-12 21:05:16,067 [Time-limited test] INFO  rpc.RpcClient (RpcClient.java:createVolume(466)) - Creating Volume: volume53941, with user06566 as owner and space quota set to -1 bytes, counts quota set to -1
2022-07-12 21:05:16,101 [c45d84f2-9958-4641-906c-b1d7f28512e6@group-A41A956C8CEE-LeaderElection19] INFO  impl.LeaderElection (LeaderElection.java:askForVotes(310)) - c45d84f2-9958-4641-906c-b1d7f28512e6@group-A41A956C8CEE-LeaderElection19 ELECTION round 0: submit vote requests at term 1 for -1: [c45d84f2-9958-4641-906c-b1d7f28512e6|rpc:10.1.0.20:40679|priority:1], old=null
2022-07-12 21:05:16,101 [c45d84f2-9958-4641-906c-b1d7f28512e6@group-A41A956C8CEE-LeaderElection19] INFO  impl.LeaderElection (LeaderElection.java:askForVotes(312)) - c45d84f2-9958-4641-906c-b1d7f28512e6@group-A41A956C8CEE-LeaderElection19 ELECTION round 0: result PASSED (term=1)
2022-07-12 21:05:16,101 [c45d84f2-9958-4641-906c-b1d7f28512e6@group-A41A956C8CEE-LeaderElection19] INFO  impl.RoleInfo (RoleInfo.java:shutdownLeaderElection(130)) - c45d84f2-9958-4641-906c-b1d7f28512e6: shutdown c45d84f2-9958-4641-906c-b1d7f28512e6@group-A41A956C8CEE-LeaderElection19
2022-07-12 21:05:16,101 [c45d84f2-9958-4641-906c-b1d7f28512e6@group-A41A956C8CEE-LeaderElection19] INFO  server.RaftServer$Division (RaftServerImpl.java:setRole(299)) - c45d84f2-9958-4641-906c-b1d7f28512e6@group-A41A956C8CEE: changes role from CANDIDATE to LEADER at term 1 for changeToLeader
2022-07-12 21:05:16,101 [c45d84f2-9958-4641-906c-b1d7f28512e6@group-A41A956C8CEE-LeaderElection19] INFO  ratis.XceiverServerRatis (XceiverServerRatis.java:handleLeaderChangedNotification(863)) - Leader change notification received for group: group-A41A956C8CEE with new leaderId: c45d84f2-9958-4641-906c-b1d7f28512e6
2022-07-12 21:05:16,109 [c45d84f2-9958-4641-906c-b1d7f28512e6@group-A41A956C8CEE-LeaderElection19] INFO  server.RaftServer$Division (ServerState.java:setLeader(287)) - c45d84f2-9958-4641-906c-b1d7f28512e6@group-A41A956C8CEE: change Leader from null to c45d84f2-9958-4641-906c-b1d7f28512e6 at term 1 for becomeLeader, leader elected after 5158ms
2022-07-12 21:05:16,109 [c45d84f2-9958-4641-906c-b1d7f28512e6@group-A41A956C8CEE-LeaderElection19] INFO  server.RaftServerConfigKeys (ConfUtils.java:logGet(46)) - raft.server.staging.catchup.gap = 1000 (default)
2022-07-12 21:05:16,109 [c45d84f2-9958-4641-906c-b1d7f28512e6@group-A41A956C8CEE-LeaderElection19] INFO  server.RaftServerConfigKeys (ConfUtils.java:logGet(46)) - raft.server.write.element-limit = 1024 (custom)
2022-07-12 21:05:16,109 [c45d84f2-9958-4641-906c-b1d7f28512e6@group-A41A956C8CEE-LeaderElection19] INFO  server.RaftServerConfigKeys (ConfUtils.java:logGet(46)) - raft.server.write.byte-limit = 1024 M (=1073741824) (custom)
2022-07-12 21:05:16,110 [c45d84f2-9958-4641-906c-b1d7f28512e6@group-A41A956C8CEE-LeaderElection19] INFO  server.RaftServerConfigKeys (ConfUtils.java:logGet(46)) - raft.server.watch.timeout = 180s (custom)
2022-07-12 21:05:16,110 [c45d84f2-9958-4641-906c-b1d7f28512e6@group-A41A956C8CEE-LeaderElection19] INFO  server.RaftServerConfigKeys (ConfUtils.java:logGet(46)) - raft.server.watch.timeout.denomination = 1s (default)
2022-07-12 21:05:16,110 [c45d84f2-9958-4641-906c-b1d7f28512e6@group-A41A956C8CEE-LeaderElection19] INFO  server.RaftServerConfigKeys (ConfUtils.java:logGet(46)) - raft.server.watch.element-limit = 65536 (default)
2022-07-12 21:05:16,110 [c45d84f2-9958-4641-906c-b1d7f28512e6@group-A41A956C8CEE-LeaderElection19] INFO  server.RaftServerConfigKeys (ConfUtils.java:logGet(46)) - raft.server.write.element-limit = 1024 (custom)
2022-07-12 21:05:16,110 [c45d84f2-9958-4641-906c-b1d7f28512e6@group-A41A956C8CEE-LeaderElection19] INFO  server.RaftServerConfigKeys (ConfUtils.java:logGet(46)) - raft.server.write.follower.gap.ratio.max = -1.0 (default)
2022-07-12 21:05:16,110 [c45d84f2-9958-4641-906c-b1d7f28512e6@group-A41A956C8CEE-LeaderElection19] INFO  impl.RoleInfo (RoleInfo.java:updateAndGet(139)) - c45d84f2-9958-4641-906c-b1d7f28512e6: start c45d84f2-9958-4641-906c-b1d7f28512e6@group-A41A956C8CEE-LeaderStateImpl
2022-07-12 21:05:16,110 [c45d84f2-9958-4641-906c-b1d7f28512e6@group-A41A956C8CEE-LeaderElection19] INFO  segmented.SegmentedRaftLogWorker (SegmentedRaftLogWorker.java:startLogSegment(425)) - c45d84f2-9958-4641-906c-b1d7f28512e6@group-A41A956C8CEE-SegmentedRaftLogWorker: Starting segment from index:0
2022-07-12 21:05:16,115 [c45d84f2-9958-4641-906c-b1d7f28512e6@group-A41A956C8CEE-SegmentedRaftLogWorker] INFO  segmented.SegmentedRaftLogWorker (SegmentedRaftLogWorker.java:execute(629)) - c45d84f2-9958-4641-906c-b1d7f28512e6@group-A41A956C8CEE-SegmentedRaftLogWorker: created new log segment /home/runner/work/ozone/ozone/hadoop-ozone/integration-test/target/test-dir/MiniOzoneClusterImpl-82396f26-4b51-4819-9d3b-5aa507234af8/datanode-1/data/ratis/53567225-ced4-4a01-ac83-a41a956c8cee/current/log_inprogress_0
2022-07-12 21:05:16,115 [OM StateMachine ApplyTransaction Thread - 0] INFO  volume.OMVolumeCreateRequest (OMVolumeCreateRequest.java:validateAndUpdateCache(195)) - created volume:volume53941 for user:user06566
2022-07-12 21:05:16,121 [c45d84f2-9958-4641-906c-b1d7f28512e6@group-A41A956C8CEE-LeaderElection19] INFO  server.RaftServer$Division (ServerState.java:setRaftConf(393)) - c45d84f2-9958-4641-906c-b1d7f28512e6@group-A41A956C8CEE: set configuration 0: [c45d84f2-9958-4641-906c-b1d7f28512e6|rpc:10.1.0.20:40679|dataStream:|priority:1], old=null
2022-07-12 21:05:16,132 [Time-limited test] INFO  rpc.RpcClient (RpcClient.java:createBucket(669)) - Creating Bucket: volume53941/bucket78837, with bucket layout LEGACY, runner as owner, Versioning false, Storage Type set to DISK and Encryption set to false 
2022-07-12 21:05:16,134 [OM StateMachine ApplyTransaction Thread - 0] INFO  bucket.OMBucketCreateRequest (OMBucketCreateRequest.java:validateAndUpdateCache(260)) - created bucket: bucket78837 of layout LEGACY in volume: volume53941
2022-07-12 21:05:16,180 [IPC Server handler 0 on default port 44993] INFO  ha.SequenceIdGenerator (SequenceIdGenerator.java:getNextId(128)) - Allocate a batch for containerId, change lastId from 0 to 1000.
2022-07-12 21:05:16,181 [IPC Server handler 0 on default port 44993] WARN  ha.SequenceIdGenerator (SequenceIdGenerator.java:allocateBatch(237)) - Failed to allocate a batch for localId, expected lastId is 0, actual lastId is 109611004723200000.
2022-07-12 21:05:16,181 [IPC Server handler 0 on default port 44993] INFO  ha.SequenceIdGenerator (SequenceIdGenerator.java:getNextId(128)) - Allocate a batch for localId, change lastId from 109611004723200000 to 109611004723201000.
21:05:16.205 [IPC Server handler 17 on default port 38457] ERROR OMAudit - user=runner | ip=127.0.0.1 | op=GET_FILE_STATUS {volume=volume53941, bucket=bucket78837, key=dir632/file1, dataSize=0, replicationConfig=null} | ret=FAILURE
org.apache.hadoop.ozone.om.exceptions.OMException: Unable to get file status: volume: volume53941 bucket: bucket78837 key: dir632/file1
	at org.apache.hadoop.ozone.om.KeyManagerImpl.getOzoneFileStatus(KeyManagerImpl.java:1311) ~[ozone-manager-1.3.0-SNAPSHOT.jar:?]
	at org.apache.hadoop.ozone.om.KeyManagerImpl.getFileStatus(KeyManagerImpl.java:1241) ~[ozone-manager-1.3.0-SNAPSHOT.jar:?]
	at org.apache.hadoop.ozone.om.OzoneManager.getFileStatus(OzoneManager.java:3419) ~[ozone-manager-1.3.0-SNAPSHOT.jar:?]
	at org.apache.hadoop.ozone.protocolPB.OzoneManagerRequestHandler.getOzoneFileStatus(OzoneManagerRequestHandler.java:871) ~[ozone-manager-1.3.0-SNAPSHOT.jar:?]
	at org.apache.hadoop.ozone.protocolPB.OzoneManagerRequestHandler.handleReadRequest(OzoneManagerRequestHandler.java:217) ~[ozone-manager-1.3.0-SNAPSHOT.jar:?]
	at org.apache.hadoop.ozone.protocolPB.OzoneManagerProtocolServerSideTranslatorPB.submitReadRequestToOM(OzoneManagerProtocolServerSideTranslatorPB.java:226) ~[ozone-manager-1.3.0-SNAPSHOT.jar:?]
	at org.apache.hadoop.ozone.protocolPB.OzoneManagerProtocolServerSideTranslatorPB.processRequest(OzoneManagerProtocolServerSideTranslatorPB.java:175) ~[ozone-manager-1.3.0-SNAPSHOT.jar:?]
	at org.apache.hadoop.hdds.server.OzoneProtocolMessageDispatcher.processRequest(OzoneProtocolMessageDispatcher.java:87) [hdds-server-framework-1.3.0-SNAPSHOT.jar:?]
	at org.apache.hadoop.ozone.protocolPB.OzoneManagerProtocolServerSideTranslatorPB.submitRequest(OzoneManagerProtocolServerSideTranslatorPB.java:147) [ozone-manager-1.3.0-SNAPSHOT.jar:?]
	at org.apache.hadoop.ozone.protocol.proto.OzoneManagerProtocolProtos$OzoneManagerService$2.callBlockingMethod(OzoneManagerProtocolProtos.java) [ozone-interface-client-1.3.0-SNAPSHOT.jar:?]
	at org.apache.hadoop.ipc.ProtobufRpcEngine$Server.processCall(ProtobufRpcEngine.java:466) [hadoop-common-3.3.1.jar:?]
	at org.apache.hadoop.ipc.ProtobufRpcEngine2$Server$ProtoBufRpcInvoker.call(ProtobufRpcEngine2.java:574) [hadoop-common-3.3.1.jar:?]
	at org.apache.hadoop.ipc.ProtobufRpcEngine2$Server$ProtoBufRpcInvoker.call(ProtobufRpcEngine2.java:552) [hadoop-common-3.3.1.jar:?]
	at org.apache.hadoop.ipc.RPC$Server.call(RPC.java:1093) [hadoop-common-3.3.1.jar:?]
	at org.apache.hadoop.ipc.Server$RpcCall.run(Server.java:1035) [hadoop-common-3.3.1.jar:?]
	at org.apache.hadoop.ipc.Server$RpcCall.run(Server.java:963) [hadoop-common-3.3.1.jar:?]
	at java.security.AccessController.doPrivileged(Native Method) ~[?:1.8.0_332]
	at javax.security.auth.Subject.doAs(Subject.java:422) [?:1.8.0_332]
	at org.apache.hadoop.security.UserGroupInformation.doAs(UserGroupInformation.java:1878) [hadoop-common-3.3.1.jar:?]
	at org.apache.hadoop.ipc.Server$Handler.run(Server.java:2966) [hadoop-common-3.3.1.jar:?]
]]></system-out>
  </testcase>
  <testcase name="testRenameFile" classname="TestRootedOzoneFileSystem" time="0.249">
    <system-out><![CDATA[2022-07-12 21:05:37,093 [Listener at 127.0.0.1/38457] INFO  ozone.MiniOzoneClusterImpl (MiniOzoneClusterImpl.java:shutdown(460)) - Shutting down the Mini Ozone Cluster
2022-07-12 21:05:37,093 [Listener at 127.0.0.1/38457] INFO  ozone.MiniOzoneClusterImpl (MiniOzoneClusterImpl.java:stop(475)) - Stopping the Mini Ozone Cluster
2022-07-12 21:05:37,093 [Listener at 127.0.0.1/38457] INFO  ozone.MiniOzoneClusterImpl (MiniOzoneClusterImpl.java:stopOM(557)) - Stopping the OzoneManager
2022-07-12 21:05:37,094 [Listener at 127.0.0.1/38457] INFO  om.OzoneManager (OzoneManager.java:stop(2020)) - om1[localhost:0]: Stopping Ozone Manager
2022-07-12 21:05:37,094 [Listener at 127.0.0.1/38457] INFO  ipc.Server (Server.java:stop(3414)) - Stopping server on 38457
2022-07-12 21:05:37,118 [IPC Server Responder] INFO  ipc.Server (Server.java:run(1512)) - Stopping IPC Server Responder
2022-07-12 21:05:37,118 [IPC Server listener on 0] INFO  ipc.Server (Server.java:run(1376)) - Stopping IPC Server listener on 0
2022-07-12 21:05:37,119 [Listener at 127.0.0.1/38457] INFO  server.RaftServer (RaftServerProxy.java:lambda$close$7(398)) - om1: close
2022-07-12 21:05:37,119 [Listener at 127.0.0.1/38457] INFO  server.RaftServer$Division (RaftServerImpl.java:lambda$close$4(434)) - om1@group-C5BA1605619E: shutdown
2022-07-12 21:05:37,132 [Listener at 127.0.0.1/38457] INFO  util.JmxRegister (JmxRegister.java:unregister(73)) - Successfully un-registered JMX Bean with object name Ratis:service=RaftServer,group=group-C5BA1605619E,id=om1
2022-07-12 21:05:37,132 [Listener at 127.0.0.1/38457] INFO  impl.RoleInfo (RoleInfo.java:shutdownLeaderState(93)) - om1: shutdown om1@group-C5BA1605619E-LeaderStateImpl
2022-07-12 21:05:37,132 [Listener at 127.0.0.1/38457] INFO  impl.PendingRequests (PendingRequests.java:sendNotLeaderResponses(282)) - om1@group-C5BA1605619E-PendingRequests: sendNotLeaderResponses
2022-07-12 21:05:37,163 [Listener at 127.0.0.1/38457] INFO  impl.StateMachineUpdater (StateMachineUpdater.java:stopAndJoin(153)) - om1@group-C5BA1605619E-StateMachineUpdater: set stopIndex = 6816
2022-07-12 21:05:37,164 [om1@group-C5BA1605619E-StateMachineUpdater] INFO  ratis.OzoneManagerStateMachine (OzoneManagerStateMachine.java:takeSnapshot(441)) - Current Snapshot Index (t:1, i:6816)
2022-07-12 21:05:37,164 [om1@group-C5BA1605619E-StateMachineUpdater] INFO  impl.StateMachineUpdater (StateMachineUpdater.java:takeSnapshot(287)) - om1@group-C5BA1605619E-StateMachineUpdater: Took a snapshot at index 6816
2022-07-12 21:05:37,164 [om1@group-C5BA1605619E-StateMachineUpdater] INFO  impl.StateMachineUpdater (StateMachineUpdater.java:lambda$new$0(92)) - om1@group-C5BA1605619E-StateMachineUpdater: snapshotIndex: updateIncreasingly -1 -> 6816
2022-07-12 21:05:37,164 [om1@group-C5BA1605619E-StateMachineUpdater] INFO  ratis.OzoneManagerStateMachine (OzoneManagerStateMachine.java:close(495)) - StateMachine has shutdown. Shutdown OzoneManager if not already shutdown.
2022-07-12 21:05:37,164 [om1@group-C5BA1605619E-StateMachineUpdater] INFO  ratis.OzoneManagerDoubleBuffer (OzoneManagerDoubleBuffer.java:stop(465)) - Stopping OMDoubleBuffer flush thread
2022-07-12 21:05:37,164 [OMDoubleBufferFlushThread] INFO  ratis.OzoneManagerDoubleBuffer (OzoneManagerDoubleBuffer.java:flushTransactions(385)) - OMDoubleBuffer flush thread OMDoubleBufferFlushThread is interrupted and will exit.
2022-07-12 21:05:37,176 [Listener at 127.0.0.1/38457] INFO  server.RaftServer$Division (ServerState.java:close(429)) - om1@group-C5BA1605619E: closes. applyIndex: 6816
2022-07-12 21:05:37,178 [om1@group-C5BA1605619E-SegmentedRaftLogWorker] INFO  segmented.SegmentedRaftLogWorker (SegmentedRaftLogWorker.java:run(336)) - om1@group-C5BA1605619E-SegmentedRaftLogWorker was interrupted, exiting. There are 0 tasks remaining in the queue.
2022-07-12 21:05:37,181 [Listener at 127.0.0.1/38457] INFO  segmented.SegmentedRaftLogWorker (SegmentedRaftLogWorker.java:close(246)) - om1@group-C5BA1605619E-SegmentedRaftLogWorker close()
2022-07-12 21:05:37,182 [Listener at 127.0.0.1/38457] INFO  server.GrpcService (GrpcService.java:closeImpl(269)) - om1: shutdown server with port 9872 now
2022-07-12 21:05:37,185 [Listener at 127.0.0.1/38457] INFO  server.GrpcService (GrpcService.java:closeImpl(278)) - om1: shutdown server with port 9872 successfully
2022-07-12 21:05:37,185 [org.apache.ratis.util.JvmPauseMonitor$$Lambda$613/1050667922@178f3ded] INFO  util.JvmPauseMonitor (JvmPauseMonitor.java:run(109)) - JvmPauseMonitor-om1: Stopped
2022-07-12 21:05:37,196 [Listener at 127.0.0.1/38457] INFO  ratis.OzoneManagerStateMachine (OzoneManagerStateMachine.java:close(495)) - StateMachine has shutdown. Shutdown OzoneManager if not already shutdown.
2022-07-12 21:05:37,196 [Listener at 127.0.0.1/38457] INFO  ratis.OzoneManagerDoubleBuffer (OzoneManagerDoubleBuffer.java:stop(477)) - OMDoubleBuffer flush thread is not running.
2022-07-12 21:05:37,196 [Listener at 127.0.0.1/38457] INFO  utils.BackgroundService (BackgroundService.java:shutdown(132)) - Shutting down service KeyDeletingService
2022-07-12 21:05:37,196 [Listener at 127.0.0.1/38457] INFO  utils.BackgroundService (BackgroundService.java:shutdown(132)) - Shutting down service DirectoryDeletingService
2022-07-12 21:05:37,196 [Listener at 127.0.0.1/38457] INFO  utils.BackgroundService (BackgroundService.java:shutdown(132)) - Shutting down service OpenKeyCleanupService
2022-07-12 21:05:37,197 [Listener at 127.0.0.1/38457] INFO  handler.ContextHandler (ContextHandler.java:doStop(1153)) - Stopped o.e.j.w.WebAppContext@276bb456{ozoneManager,/,null,STOPPED}{file:/home/runner/work/ozone/ozone/hadoop-ozone/integration-test/target/test-classes/webapps/ozoneManager}
2022-07-12 21:05:37,198 [Listener at 127.0.0.1/38457] INFO  server.AbstractConnector (AbstractConnector.java:doStop(381)) - Stopped ServerConnector@44e7f17f{HTTP/1.1, (http/1.1)}{0.0.0.0:0}
2022-07-12 21:05:37,198 [Listener at 127.0.0.1/38457] INFO  server.session (HouseKeeper.java:stopScavenging(149)) - node0 Stopped scavenging
2022-07-12 21:05:37,199 [Listener at 127.0.0.1/38457] INFO  handler.ContextHandler (ContextHandler.java:doStop(1153)) - Stopped o.e.j.s.ServletContextHandler@78b5e9c7{static,/static,file:///home/runner/work/ozone/ozone/hadoop-ozone/integration-test/target/test-classes/webapps/static,STOPPED}
2022-07-12 21:05:37,199 [Listener at 127.0.0.1/38457] INFO  handler.ContextHandler (ContextHandler.java:doStop(1153)) - Stopped o.e.j.s.ServletContextHandler@38515041{logs,/logs,file:///home/runner/work/ozone/ozone/hadoop-ozone/integration-test/target/log,STOPPED}
2022-07-12 21:05:37,207 [Trash Emptier] ERROR om.TrashPolicyOzone (TrashPolicyOzone.java:run(251)) - Error attempting to shutdown
java.lang.InterruptedException
	at java.util.concurrent.locks.AbstractQueuedSynchronizer$ConditionObject.awaitNanos(AbstractQueuedSynchronizer.java:2067)
	at java.util.concurrent.ThreadPoolExecutor.awaitTermination(ThreadPoolExecutor.java:1475)
	at org.apache.hadoop.ozone.om.TrashPolicyOzone$Emptier.run(TrashPolicyOzone.java:249)
	at java.lang.Thread.run(Thread.java:750)
2022-07-12 21:05:37,208 [Trash Emptier] ERROR util.ExitUtils (ExitUtils.java:terminate(133)) - Terminating with exit status -1: Thread[Trash Emptier,5,main] has thrown an uncaught exception
java.lang.UnsupportedOperationException: fs.getUri() not implemented in TrashOzoneFileSystem
	at org.apache.hadoop.ozone.om.TrashOzoneFileSystem.getUri(TrashOzoneFileSystem.java:126)
	at org.apache.hadoop.fs.FileSystem.close(FileSystem.java:2592)
	at org.apache.hadoop.ozone.om.TrashPolicyOzone$Emptier.run(TrashPolicyOzone.java:243)
	at java.lang.Thread.run(Thread.java:750)
2022-07-12 21:05:37,231 [Listener at 127.0.0.1/38457] INFO  ozone.MiniOzoneClusterImpl (MiniOzoneClusterImpl.java:stopDatanodes(534)) - Stopping the HddsDatanodes
2022-07-12 21:05:42,242 [ForkJoinPool.commonPool-worker-0] INFO  ozoneimpl.OzoneContainer (OzoneContainer.java:stop(365)) - Attempting to stop container services.
2022-07-12 21:05:42,246 [ForkJoinPool.commonPool-worker-0] INFO  server.RaftServer (RaftServerProxy.java:lambda$close$7(398)) - c45d84f2-9958-4641-906c-b1d7f28512e6: close
2022-07-12 21:05:42,246 [ForkJoinPool.commonPool-worker-0] INFO  server.RaftServer$Division (RaftServerImpl.java:lambda$close$4(434)) - c45d84f2-9958-4641-906c-b1d7f28512e6@group-21BCC251FB73: shutdown
2022-07-12 21:05:42,246 [ForkJoinPool.commonPool-worker-0] INFO  util.JmxRegister (JmxRegister.java:unregister(73)) - Successfully un-registered JMX Bean with object name Ratis:service=RaftServer,group=group-21BCC251FB73,id=c45d84f2-9958-4641-906c-b1d7f28512e6
2022-07-12 21:05:42,247 [ForkJoinPool.commonPool-worker-0] INFO  impl.RoleInfo (RoleInfo.java:shutdownFollowerState(110)) - c45d84f2-9958-4641-906c-b1d7f28512e6: shutdown c45d84f2-9958-4641-906c-b1d7f28512e6@group-21BCC251FB73-FollowerState
2022-07-12 21:05:42,247 [ForkJoinPool.commonPool-worker-0] INFO  impl.StateMachineUpdater (StateMachineUpdater.java:stopAndJoin(153)) - c45d84f2-9958-4641-906c-b1d7f28512e6@group-21BCC251FB73-StateMachineUpdater: set stopIndex = 28
2022-07-12 21:05:42,247 [c45d84f2-9958-4641-906c-b1d7f28512e6@group-21BCC251FB73-FollowerState] INFO  impl.FollowerState (FollowerState.java:run(152)) - c45d84f2-9958-4641-906c-b1d7f28512e6@group-21BCC251FB73-FollowerState was interrupted
2022-07-12 21:05:42,259 [c45d84f2-9958-4641-906c-b1d7f28512e6@group-21BCC251FB73-StateMachineUpdater] INFO  ratis.ContainerStateMachine (ContainerStateMachine.java:takeSnapshot(304)) - group-21BCC251FB73: Taking a snapshot at:(t:1, i:28) file /home/runner/work/ozone/ozone/hadoop-ozone/integration-test/target/test-dir/MiniOzoneClusterImpl-82396f26-4b51-4819-9d3b-5aa507234af8/datanode-1/data/ratis/9e5a9c45-4d2b-4fb4-9008-21bcc251fb73/sm/snapshot.1_28
2022-07-12 21:05:42,260 [Listener at 127.0.0.1/38457] INFO  ozoneimpl.OzoneContainer (OzoneContainer.java:stop(365)) - Attempting to stop container services.
2022-07-12 21:05:42,260 [Listener at 127.0.0.1/38457] INFO  server.RaftServer (RaftServerProxy.java:lambda$close$7(398)) - e0395122-a850-434f-9bbf-3f60ac82720c: close
2022-07-12 21:05:42,261 [Listener at 127.0.0.1/38457] INFO  server.RaftServer$Division (RaftServerImpl.java:lambda$close$4(434)) - e0395122-a850-434f-9bbf-3f60ac82720c@group-21BCC251FB73: shutdown
2022-07-12 21:05:42,261 [Listener at 127.0.0.1/38457] INFO  util.JmxRegister (JmxRegister.java:unregister(73)) - Successfully un-registered JMX Bean with object name Ratis:service=RaftServer,group=group-21BCC251FB73,id=e0395122-a850-434f-9bbf-3f60ac82720c
2022-07-12 21:05:42,261 [Listener at 127.0.0.1/38457] INFO  impl.RoleInfo (RoleInfo.java:shutdownFollowerState(110)) - e0395122-a850-434f-9bbf-3f60ac82720c: shutdown e0395122-a850-434f-9bbf-3f60ac82720c@group-21BCC251FB73-FollowerState
2022-07-12 21:05:42,261 [Listener at 127.0.0.1/38457] INFO  impl.StateMachineUpdater (StateMachineUpdater.java:stopAndJoin(153)) - e0395122-a850-434f-9bbf-3f60ac82720c@group-21BCC251FB73-StateMachineUpdater: set stopIndex = 28
2022-07-12 21:05:42,262 [e0395122-a850-434f-9bbf-3f60ac82720c@group-21BCC251FB73-FollowerState] INFO  impl.FollowerState (FollowerState.java:run(152)) - e0395122-a850-434f-9bbf-3f60ac82720c@group-21BCC251FB73-FollowerState was interrupted
2022-07-12 21:05:42,263 [c45d84f2-9958-4641-906c-b1d7f28512e6@group-21BCC251FB73-StateMachineUpdater] INFO  ratis.ContainerStateMachine (ContainerStateMachine.java:takeSnapshot(315)) - group-21BCC251FB73: Finished taking a snapshot at:(t:1, i:28) file:/home/runner/work/ozone/ozone/hadoop-ozone/integration-test/target/test-dir/MiniOzoneClusterImpl-82396f26-4b51-4819-9d3b-5aa507234af8/datanode-1/data/ratis/9e5a9c45-4d2b-4fb4-9008-21bcc251fb73/sm/snapshot.1_28 took: 5 ms
2022-07-12 21:05:42,264 [c45d84f2-9958-4641-906c-b1d7f28512e6@group-21BCC251FB73-StateMachineUpdater] INFO  impl.StateMachineUpdater (StateMachineUpdater.java:takeSnapshot(287)) - c45d84f2-9958-4641-906c-b1d7f28512e6@group-21BCC251FB73-StateMachineUpdater: Took a snapshot at index 28
2022-07-12 21:05:42,264 [c45d84f2-9958-4641-906c-b1d7f28512e6@group-21BCC251FB73-StateMachineUpdater] INFO  impl.StateMachineUpdater (StateMachineUpdater.java:lambda$new$0(92)) - c45d84f2-9958-4641-906c-b1d7f28512e6@group-21BCC251FB73-StateMachineUpdater: snapshotIndex: updateIncreasingly -1 -> 28
2022-07-12 21:05:42,265 [ForkJoinPool.commonPool-worker-0] INFO  server.RaftServer$Division (ServerState.java:close(429)) - c45d84f2-9958-4641-906c-b1d7f28512e6@group-21BCC251FB73: closes. applyIndex: 28
2022-07-12 21:05:42,265 [c45d84f2-9958-4641-906c-b1d7f28512e6@group-21BCC251FB73-SegmentedRaftLogWorker] INFO  segmented.SegmentedRaftLogWorker (SegmentedRaftLogWorker.java:run(336)) - c45d84f2-9958-4641-906c-b1d7f28512e6@group-21BCC251FB73-SegmentedRaftLogWorker was interrupted, exiting. There are 0 tasks remaining in the queue.
2022-07-12 21:05:42,266 [ForkJoinPool.commonPool-worker-0] INFO  segmented.SegmentedRaftLogWorker (SegmentedRaftLogWorker.java:close(246)) - c45d84f2-9958-4641-906c-b1d7f28512e6@group-21BCC251FB73-SegmentedRaftLogWorker close()
2022-07-12 21:05:42,267 [e0395122-a850-434f-9bbf-3f60ac82720c@group-21BCC251FB73-StateMachineUpdater] INFO  ratis.ContainerStateMachine (ContainerStateMachine.java:takeSnapshot(304)) - group-21BCC251FB73: Taking a snapshot at:(t:1, i:28) file /home/runner/work/ozone/ozone/hadoop-ozone/integration-test/target/test-dir/MiniOzoneClusterImpl-82396f26-4b51-4819-9d3b-5aa507234af8/datanode-2/data/ratis/9e5a9c45-4d2b-4fb4-9008-21bcc251fb73/sm/snapshot.1_28
2022-07-12 21:05:42,268 [e0395122-a850-434f-9bbf-3f60ac82720c@group-21BCC251FB73-StateMachineUpdater] INFO  ratis.ContainerStateMachine (ContainerStateMachine.java:takeSnapshot(315)) - group-21BCC251FB73: Finished taking a snapshot at:(t:1, i:28) file:/home/runner/work/ozone/ozone/hadoop-ozone/integration-test/target/test-dir/MiniOzoneClusterImpl-82396f26-4b51-4819-9d3b-5aa507234af8/datanode-2/data/ratis/9e5a9c45-4d2b-4fb4-9008-21bcc251fb73/sm/snapshot.1_28 took: 2 ms
2022-07-12 21:05:42,268 [e0395122-a850-434f-9bbf-3f60ac82720c@group-21BCC251FB73-StateMachineUpdater] INFO  impl.StateMachineUpdater (StateMachineUpdater.java:takeSnapshot(287)) - e0395122-a850-434f-9bbf-3f60ac82720c@group-21BCC251FB73-StateMachineUpdater: Took a snapshot at index 28
2022-07-12 21:05:42,269 [e0395122-a850-434f-9bbf-3f60ac82720c@group-21BCC251FB73-StateMachineUpdater] INFO  impl.StateMachineUpdater (StateMachineUpdater.java:lambda$new$0(92)) - e0395122-a850-434f-9bbf-3f60ac82720c@group-21BCC251FB73-StateMachineUpdater: snapshotIndex: updateIncreasingly -1 -> 28
2022-07-12 21:05:42,270 [Listener at 127.0.0.1/38457] INFO  server.RaftServer$Division (ServerState.java:close(429)) - e0395122-a850-434f-9bbf-3f60ac82720c@group-21BCC251FB73: closes. applyIndex: 28
2022-07-12 21:05:42,270 [e0395122-a850-434f-9bbf-3f60ac82720c@group-21BCC251FB73-SegmentedRaftLogWorker] INFO  segmented.SegmentedRaftLogWorker (SegmentedRaftLogWorker.java:run(336)) - e0395122-a850-434f-9bbf-3f60ac82720c@group-21BCC251FB73-SegmentedRaftLogWorker was interrupted, exiting. There are 0 tasks remaining in the queue.
2022-07-12 21:05:42,271 [ForkJoinPool.commonPool-worker-0] INFO  server.RaftServer$Division (RaftServerImpl.java:lambda$close$4(434)) - c45d84f2-9958-4641-906c-b1d7f28512e6@group-A48E3770D969: shutdown
2022-07-12 21:05:42,271 [ForkJoinPool.commonPool-worker-0] INFO  util.JmxRegister (JmxRegister.java:unregister(73)) - Successfully un-registered JMX Bean with object name Ratis:service=RaftServer,group=group-A48E3770D969,id=c45d84f2-9958-4641-906c-b1d7f28512e6
2022-07-12 21:05:42,271 [ForkJoinPool.commonPool-worker-0] INFO  impl.RoleInfo (RoleInfo.java:shutdownFollowerState(110)) - c45d84f2-9958-4641-906c-b1d7f28512e6: shutdown c45d84f2-9958-4641-906c-b1d7f28512e6@group-A48E3770D969-FollowerState
2022-07-12 21:05:42,271 [ForkJoinPool.commonPool-worker-0] INFO  impl.StateMachineUpdater (StateMachineUpdater.java:stopAndJoin(153)) - c45d84f2-9958-4641-906c-b1d7f28512e6@group-A48E3770D969-StateMachineUpdater: set stopIndex = 3
2022-07-12 21:05:42,271 [c45d84f2-9958-4641-906c-b1d7f28512e6@group-A48E3770D969-FollowerState] INFO  impl.FollowerState (FollowerState.java:run(152)) - c45d84f2-9958-4641-906c-b1d7f28512e6@group-A48E3770D969-FollowerState was interrupted
2022-07-12 21:05:42,271 [c45d84f2-9958-4641-906c-b1d7f28512e6@group-A48E3770D969-StateMachineUpdater] INFO  ratis.ContainerStateMachine (ContainerStateMachine.java:takeSnapshot(304)) - group-A48E3770D969: Taking a snapshot at:(t:2, i:3) file /home/runner/work/ozone/ozone/hadoop-ozone/integration-test/target/test-dir/MiniOzoneClusterImpl-82396f26-4b51-4819-9d3b-5aa507234af8/datanode-1/data/ratis/32936255-cde6-4523-be8c-a48e3770d969/sm/snapshot.2_3
2022-07-12 21:05:42,272 [c45d84f2-9958-4641-906c-b1d7f28512e6@group-A48E3770D969-StateMachineUpdater] INFO  ratis.ContainerStateMachine (ContainerStateMachine.java:takeSnapshot(315)) - group-A48E3770D969: Finished taking a snapshot at:(t:2, i:3) file:/home/runner/work/ozone/ozone/hadoop-ozone/integration-test/target/test-dir/MiniOzoneClusterImpl-82396f26-4b51-4819-9d3b-5aa507234af8/datanode-1/data/ratis/32936255-cde6-4523-be8c-a48e3770d969/sm/snapshot.2_3 took: 1 ms
2022-07-12 21:05:42,272 [Listener at 127.0.0.1/38457] INFO  segmented.SegmentedRaftLogWorker (SegmentedRaftLogWorker.java:close(246)) - e0395122-a850-434f-9bbf-3f60ac82720c@group-21BCC251FB73-SegmentedRaftLogWorker close()
2022-07-12 21:05:42,272 [c45d84f2-9958-4641-906c-b1d7f28512e6@group-A48E3770D969-StateMachineUpdater] INFO  impl.StateMachineUpdater (StateMachineUpdater.java:takeSnapshot(287)) - c45d84f2-9958-4641-906c-b1d7f28512e6@group-A48E3770D969-StateMachineUpdater: Took a snapshot at index 3
2022-07-12 21:05:42,273 [c45d84f2-9958-4641-906c-b1d7f28512e6@group-A48E3770D969-StateMachineUpdater] INFO  impl.StateMachineUpdater (StateMachineUpdater.java:lambda$new$0(92)) - c45d84f2-9958-4641-906c-b1d7f28512e6@group-A48E3770D969-StateMachineUpdater: snapshotIndex: updateIncreasingly -1 -> 3
2022-07-12 21:05:42,273 [ForkJoinPool.commonPool-worker-0] INFO  server.RaftServer$Division (ServerState.java:close(429)) - c45d84f2-9958-4641-906c-b1d7f28512e6@group-A48E3770D969: closes. applyIndex: 3
2022-07-12 21:05:42,276 [Listener at 127.0.0.1/38457] INFO  server.RaftServer$Division (RaftServerImpl.java:lambda$close$4(434)) - e0395122-a850-434f-9bbf-3f60ac82720c@group-A48E3770D969: shutdown
2022-07-12 21:05:42,276 [Listener at 127.0.0.1/38457] INFO  util.JmxRegister (JmxRegister.java:unregister(73)) - Successfully un-registered JMX Bean with object name Ratis:service=RaftServer,group=group-A48E3770D969,id=e0395122-a850-434f-9bbf-3f60ac82720c
2022-07-12 21:05:42,276 [Listener at 127.0.0.1/38457] INFO  impl.RoleInfo (RoleInfo.java:shutdownLeaderState(93)) - e0395122-a850-434f-9bbf-3f60ac82720c: shutdown e0395122-a850-434f-9bbf-3f60ac82720c@group-A48E3770D969-LeaderStateImpl
2022-07-12 21:05:42,276 [Listener at 127.0.0.1/38457] INFO  impl.PendingRequests (PendingRequests.java:sendNotLeaderResponses(282)) - e0395122-a850-434f-9bbf-3f60ac82720c@group-A48E3770D969-PendingRequests: sendNotLeaderResponses
2022-07-12 21:05:42,277 [e0395122-a850-434f-9bbf-3f60ac82720c@group-A48E3770D969->f5c54527-7221-49d9-b9b4-cc0a1023d383-GrpcLogAppender-LogAppenderDaemon] WARN  server.GrpcLogAppender (GrpcLogAppender.java:mayWait(171)) - e0395122-a850-434f-9bbf-3f60ac82720c@group-A48E3770D969->f5c54527-7221-49d9-b9b4-cc0a1023d383-GrpcLogAppender: Wait interrupted by java.lang.InterruptedException
2022-07-12 21:05:42,280 [c45d84f2-9958-4641-906c-b1d7f28512e6@group-A48E3770D969-SegmentedRaftLogWorker] INFO  segmented.SegmentedRaftLogWorker (SegmentedRaftLogWorker.java:run(336)) - c45d84f2-9958-4641-906c-b1d7f28512e6@group-A48E3770D969-SegmentedRaftLogWorker was interrupted, exiting. There are 0 tasks remaining in the queue.
2022-07-12 21:05:42,280 [e0395122-a850-434f-9bbf-3f60ac82720c@group-A48E3770D969->c45d84f2-9958-4641-906c-b1d7f28512e6-GrpcLogAppender-LogAppenderDaemon] WARN  server.GrpcLogAppender (GrpcLogAppender.java:mayWait(171)) - e0395122-a850-434f-9bbf-3f60ac82720c@group-A48E3770D969->c45d84f2-9958-4641-906c-b1d7f28512e6-GrpcLogAppender: Wait interrupted by java.lang.InterruptedException
2022-07-12 21:05:42,281 [Listener at 127.0.0.1/38457] INFO  impl.StateMachineUpdater (StateMachineUpdater.java:stopAndJoin(153)) - e0395122-a850-434f-9bbf-3f60ac82720c@group-A48E3770D969-StateMachineUpdater: set stopIndex = 3
2022-07-12 21:05:42,281 [e0395122-a850-434f-9bbf-3f60ac82720c@group-A48E3770D969-StateMachineUpdater] INFO  ratis.ContainerStateMachine (ContainerStateMachine.java:takeSnapshot(304)) - group-A48E3770D969: Taking a snapshot at:(t:2, i:3) file /home/runner/work/ozone/ozone/hadoop-ozone/integration-test/target/test-dir/MiniOzoneClusterImpl-82396f26-4b51-4819-9d3b-5aa507234af8/datanode-2/data/ratis/32936255-cde6-4523-be8c-a48e3770d969/sm/snapshot.2_3
2022-07-12 21:05:42,282 [e0395122-a850-434f-9bbf-3f60ac82720c@group-A48E3770D969-StateMachineUpdater] INFO  ratis.ContainerStateMachine (ContainerStateMachine.java:takeSnapshot(315)) - group-A48E3770D969: Finished taking a snapshot at:(t:2, i:3) file:/home/runner/work/ozone/ozone/hadoop-ozone/integration-test/target/test-dir/MiniOzoneClusterImpl-82396f26-4b51-4819-9d3b-5aa507234af8/datanode-2/data/ratis/32936255-cde6-4523-be8c-a48e3770d969/sm/snapshot.2_3 took: 2 ms
2022-07-12 21:05:42,282 [e0395122-a850-434f-9bbf-3f60ac82720c@group-A48E3770D969-StateMachineUpdater] INFO  impl.StateMachineUpdater (StateMachineUpdater.java:takeSnapshot(287)) - e0395122-a850-434f-9bbf-3f60ac82720c@group-A48E3770D969-StateMachineUpdater: Took a snapshot at index 3
2022-07-12 21:05:42,282 [e0395122-a850-434f-9bbf-3f60ac82720c@group-A48E3770D969-StateMachineUpdater] INFO  impl.StateMachineUpdater (StateMachineUpdater.java:lambda$new$0(92)) - e0395122-a850-434f-9bbf-3f60ac82720c@group-A48E3770D969-StateMachineUpdater: snapshotIndex: updateIncreasingly -1 -> 3
2022-07-12 21:05:42,286 [ForkJoinPool.commonPool-worker-0] INFO  segmented.SegmentedRaftLogWorker (SegmentedRaftLogWorker.java:close(246)) - c45d84f2-9958-4641-906c-b1d7f28512e6@group-A48E3770D969-SegmentedRaftLogWorker close()
2022-07-12 21:05:42,286 [Listener at 127.0.0.1/38457] INFO  server.RaftServer$Division (ServerState.java:close(429)) - e0395122-a850-434f-9bbf-3f60ac82720c@group-A48E3770D969: closes. applyIndex: 3
2022-07-12 21:05:42,287 [grpc-default-executor-6] INFO  server.GrpcServerProtocolService (GrpcServerProtocolService.java:onCompleted(140)) - c45d84f2-9958-4641-906c-b1d7f28512e6: Completed APPEND_ENTRIES, lastRequest: e0395122-a850-434f-9bbf-3f60ac82720c->c45d84f2-9958-4641-906c-b1d7f28512e6#4-t2,previous=(t:2, i:2),leaderCommit=2,initializing? true,entries: size=1, first=(t:2, i:3), METADATAENTRY(c:2)
2022-07-12 21:05:42,287 [grpc-default-executor-5] INFO  server.GrpcServerProtocolService (GrpcServerProtocolService.java:onCompleted(140)) - f5c54527-7221-49d9-b9b4-cc0a1023d383: Completed APPEND_ENTRIES, lastRequest: e0395122-a850-434f-9bbf-3f60ac82720c->f5c54527-7221-49d9-b9b4-cc0a1023d383#9-t2,previous=(t:2, i:2),leaderCommit=2,initializing? true,entries: size=1, first=(t:2, i:3), METADATAENTRY(c:2)
2022-07-12 21:05:42,287 [e0395122-a850-434f-9bbf-3f60ac82720c@group-A48E3770D969-SegmentedRaftLogWorker] INFO  segmented.SegmentedRaftLogWorker (SegmentedRaftLogWorker.java:run(336)) - e0395122-a850-434f-9bbf-3f60ac82720c@group-A48E3770D969-SegmentedRaftLogWorker was interrupted, exiting. There are 0 tasks remaining in the queue.
2022-07-12 21:05:42,292 [grpc-default-executor-6] INFO  server.GrpcLogAppender (GrpcLogAppender.java:onCompleted(339)) - e0395122-a850-434f-9bbf-3f60ac82720c@group-A48E3770D969->f5c54527-7221-49d9-b9b4-cc0a1023d383-AppendLogResponseHandler: follower responses appendEntries COMPLETED
2022-07-12 21:05:42,292 [grpc-default-executor-5] INFO  server.GrpcLogAppender (GrpcLogAppender.java:onCompleted(339)) - e0395122-a850-434f-9bbf-3f60ac82720c@group-A48E3770D969->c45d84f2-9958-4641-906c-b1d7f28512e6-AppendLogResponseHandler: follower responses appendEntries COMPLETED
2022-07-12 21:05:42,292 [grpc-default-executor-6] INFO  leader.FollowerInfo (FollowerInfoImpl.java:lambda$new$0(48)) - e0395122-a850-434f-9bbf-3f60ac82720c@group-A48E3770D969->f5c54527-7221-49d9-b9b4-cc0a1023d383: nextIndex: updateUnconditionally 4 -> 3
2022-07-12 21:05:42,292 [grpc-default-executor-5] INFO  leader.FollowerInfo (FollowerInfoImpl.java:lambda$new$0(48)) - e0395122-a850-434f-9bbf-3f60ac82720c@group-A48E3770D969->c45d84f2-9958-4641-906c-b1d7f28512e6: nextIndex: updateUnconditionally 4 -> 3
2022-07-12 21:05:42,296 [Listener at 127.0.0.1/38457] INFO  segmented.SegmentedRaftLogWorker (SegmentedRaftLogWorker.java:close(246)) - e0395122-a850-434f-9bbf-3f60ac82720c@group-A48E3770D969-SegmentedRaftLogWorker close()
2022-07-12 21:05:42,296 [ForkJoinPool.commonPool-worker-0] INFO  server.RaftServer$Division (RaftServerImpl.java:lambda$close$4(434)) - c45d84f2-9958-4641-906c-b1d7f28512e6@group-A41A956C8CEE: shutdown
2022-07-12 21:05:42,297 [ForkJoinPool.commonPool-worker-0] INFO  util.JmxRegister (JmxRegister.java:unregister(73)) - Successfully un-registered JMX Bean with object name Ratis:service=RaftServer,group=group-A41A956C8CEE,id=c45d84f2-9958-4641-906c-b1d7f28512e6
2022-07-12 21:05:42,297 [ForkJoinPool.commonPool-worker-0] INFO  impl.RoleInfo (RoleInfo.java:shutdownLeaderState(93)) - c45d84f2-9958-4641-906c-b1d7f28512e6: shutdown c45d84f2-9958-4641-906c-b1d7f28512e6@group-A41A956C8CEE-LeaderStateImpl
2022-07-12 21:05:42,297 [ForkJoinPool.commonPool-worker-0] INFO  impl.PendingRequests (PendingRequests.java:sendNotLeaderResponses(282)) - c45d84f2-9958-4641-906c-b1d7f28512e6@group-A41A956C8CEE-PendingRequests: sendNotLeaderResponses
2022-07-12 21:05:42,298 [ForkJoinPool.commonPool-worker-0] INFO  impl.StateMachineUpdater (StateMachineUpdater.java:stopAndJoin(153)) - c45d84f2-9958-4641-906c-b1d7f28512e6@group-A41A956C8CEE-StateMachineUpdater: set stopIndex = 0
2022-07-12 21:05:42,301 [c45d84f2-9958-4641-906c-b1d7f28512e6@group-A41A956C8CEE-StateMachineUpdater] INFO  ratis.ContainerStateMachine (ContainerStateMachine.java:takeSnapshot(304)) - group-A41A956C8CEE: Taking a snapshot at:(t:1, i:0) file /home/runner/work/ozone/ozone/hadoop-ozone/integration-test/target/test-dir/MiniOzoneClusterImpl-82396f26-4b51-4819-9d3b-5aa507234af8/datanode-1/data/ratis/53567225-ced4-4a01-ac83-a41a956c8cee/sm/snapshot.1_0
2022-07-12 21:05:42,301 [Listener at 127.0.0.1/38457] INFO  server.RaftServer$Division (RaftServerImpl.java:lambda$close$4(434)) - e0395122-a850-434f-9bbf-3f60ac82720c@group-1832D4AD0DD6: shutdown
2022-07-12 21:05:42,301 [Listener at 127.0.0.1/38457] INFO  util.JmxRegister (JmxRegister.java:unregister(73)) - Successfully un-registered JMX Bean with object name Ratis:service=RaftServer,group=group-1832D4AD0DD6,id=e0395122-a850-434f-9bbf-3f60ac82720c
2022-07-12 21:05:42,301 [c45d84f2-9958-4641-906c-b1d7f28512e6@group-A41A956C8CEE-StateMachineUpdater] INFO  ratis.ContainerStateMachine (ContainerStateMachine.java:takeSnapshot(315)) - group-A41A956C8CEE: Finished taking a snapshot at:(t:1, i:0) file:/home/runner/work/ozone/ozone/hadoop-ozone/integration-test/target/test-dir/MiniOzoneClusterImpl-82396f26-4b51-4819-9d3b-5aa507234af8/datanode-1/data/ratis/53567225-ced4-4a01-ac83-a41a956c8cee/sm/snapshot.1_0 took: 1 ms
2022-07-12 21:05:42,302 [c45d84f2-9958-4641-906c-b1d7f28512e6@group-A41A956C8CEE-StateMachineUpdater] INFO  impl.StateMachineUpdater (StateMachineUpdater.java:takeSnapshot(287)) - c45d84f2-9958-4641-906c-b1d7f28512e6@group-A41A956C8CEE-StateMachineUpdater: Took a snapshot at index 0
2022-07-12 21:05:42,302 [c45d84f2-9958-4641-906c-b1d7f28512e6@group-A41A956C8CEE-StateMachineUpdater] INFO  impl.StateMachineUpdater (StateMachineUpdater.java:lambda$new$0(92)) - c45d84f2-9958-4641-906c-b1d7f28512e6@group-A41A956C8CEE-StateMachineUpdater: snapshotIndex: updateIncreasingly -1 -> 0
2022-07-12 21:05:42,302 [ForkJoinPool.commonPool-worker-0] INFO  server.RaftServer$Division (ServerState.java:close(429)) - c45d84f2-9958-4641-906c-b1d7f28512e6@group-A41A956C8CEE: closes. applyIndex: 0
2022-07-12 21:05:42,302 [Listener at 127.0.0.1/38457] INFO  impl.RoleInfo (RoleInfo.java:shutdownLeaderState(93)) - e0395122-a850-434f-9bbf-3f60ac82720c: shutdown e0395122-a850-434f-9bbf-3f60ac82720c@group-1832D4AD0DD6-LeaderStateImpl
2022-07-12 21:05:42,302 [c45d84f2-9958-4641-906c-b1d7f28512e6@group-A41A956C8CEE-SegmentedRaftLogWorker] INFO  segmented.SegmentedRaftLogWorker (SegmentedRaftLogWorker.java:run(336)) - c45d84f2-9958-4641-906c-b1d7f28512e6@group-A41A956C8CEE-SegmentedRaftLogWorker was interrupted, exiting. There are 0 tasks remaining in the queue.
2022-07-12 21:05:42,303 [Listener at 127.0.0.1/38457] INFO  impl.PendingRequests (PendingRequests.java:sendNotLeaderResponses(282)) - e0395122-a850-434f-9bbf-3f60ac82720c@group-1832D4AD0DD6-PendingRequests: sendNotLeaderResponses
2022-07-12 21:05:42,303 [Listener at 127.0.0.1/38457] INFO  impl.StateMachineUpdater (StateMachineUpdater.java:stopAndJoin(153)) - e0395122-a850-434f-9bbf-3f60ac82720c@group-1832D4AD0DD6-StateMachineUpdater: set stopIndex = 0
2022-07-12 21:05:42,303 [e0395122-a850-434f-9bbf-3f60ac82720c@group-1832D4AD0DD6-StateMachineUpdater] INFO  ratis.ContainerStateMachine (ContainerStateMachine.java:takeSnapshot(304)) - group-1832D4AD0DD6: Taking a snapshot at:(t:1, i:0) file /home/runner/work/ozone/ozone/hadoop-ozone/integration-test/target/test-dir/MiniOzoneClusterImpl-82396f26-4b51-4819-9d3b-5aa507234af8/datanode-2/data/ratis/248ce0f3-6cf5-48c6-a1cc-1832d4ad0dd6/sm/snapshot.1_0
2022-07-12 21:05:42,304 [ForkJoinPool.commonPool-worker-0] INFO  segmented.SegmentedRaftLogWorker (SegmentedRaftLogWorker.java:close(246)) - c45d84f2-9958-4641-906c-b1d7f28512e6@group-A41A956C8CEE-SegmentedRaftLogWorker close()
2022-07-12 21:05:42,305 [e0395122-a850-434f-9bbf-3f60ac82720c@group-1832D4AD0DD6-StateMachineUpdater] INFO  ratis.ContainerStateMachine (ContainerStateMachine.java:takeSnapshot(315)) - group-1832D4AD0DD6: Finished taking a snapshot at:(t:1, i:0) file:/home/runner/work/ozone/ozone/hadoop-ozone/integration-test/target/test-dir/MiniOzoneClusterImpl-82396f26-4b51-4819-9d3b-5aa507234af8/datanode-2/data/ratis/248ce0f3-6cf5-48c6-a1cc-1832d4ad0dd6/sm/snapshot.1_0 took: 2 ms
2022-07-12 21:05:42,305 [e0395122-a850-434f-9bbf-3f60ac82720c@group-1832D4AD0DD6-StateMachineUpdater] INFO  impl.StateMachineUpdater (StateMachineUpdater.java:takeSnapshot(287)) - e0395122-a850-434f-9bbf-3f60ac82720c@group-1832D4AD0DD6-StateMachineUpdater: Took a snapshot at index 0
2022-07-12 21:05:42,305 [e0395122-a850-434f-9bbf-3f60ac82720c@group-1832D4AD0DD6-StateMachineUpdater] INFO  impl.StateMachineUpdater (StateMachineUpdater.java:lambda$new$0(92)) - e0395122-a850-434f-9bbf-3f60ac82720c@group-1832D4AD0DD6-StateMachineUpdater: snapshotIndex: updateIncreasingly -1 -> 0
2022-07-12 21:05:42,306 [Listener at 127.0.0.1/38457] INFO  server.RaftServer$Division (ServerState.java:close(429)) - e0395122-a850-434f-9bbf-3f60ac82720c@group-1832D4AD0DD6: closes. applyIndex: 0
2022-07-12 21:05:42,306 [e0395122-a850-434f-9bbf-3f60ac82720c@group-1832D4AD0DD6-SegmentedRaftLogWorker] INFO  segmented.SegmentedRaftLogWorker (SegmentedRaftLogWorker.java:run(336)) - e0395122-a850-434f-9bbf-3f60ac82720c@group-1832D4AD0DD6-SegmentedRaftLogWorker was interrupted, exiting. There are 0 tasks remaining in the queue.
2022-07-12 21:05:42,308 [Listener at 127.0.0.1/38457] INFO  segmented.SegmentedRaftLogWorker (SegmentedRaftLogWorker.java:close(246)) - e0395122-a850-434f-9bbf-3f60ac82720c@group-1832D4AD0DD6-SegmentedRaftLogWorker close()
2022-07-12 21:05:42,308 [ForkJoinPool.commonPool-worker-0] INFO  server.GrpcService (GrpcService.java:closeImpl(269)) - c45d84f2-9958-4641-906c-b1d7f28512e6: shutdown server with port 40679 now
2022-07-12 21:05:42,331 [Listener at 127.0.0.1/38457] INFO  server.GrpcService (GrpcService.java:closeImpl(269)) - e0395122-a850-434f-9bbf-3f60ac82720c: shutdown server with port 38137 now
2022-07-12 21:05:42,333 [grpc-default-executor-6] WARN  server.GrpcServerProtocolService (LogUtils.java:warn(122)) - c45d84f2-9958-4641-906c-b1d7f28512e6: installSnapshot onError, lastRequest: f5c54527-7221-49d9-b9b4-cc0a1023d383->c45d84f2-9958-4641-906c-b1d7f28512e6#403-t1,previous=(t:1, i:27),leaderCommit=26,initializing? true,entries: size=1, first=(t:1, i:28), METADATAENTRY(c:26): org.apache.ratis.thirdparty.io.grpc.StatusRuntimeException: CANCELLED: client cancelled
2022-07-12 21:05:42,334 [grpc-default-executor-5] WARN  server.GrpcLogAppender (LogUtils.java:warn(122)) - f5c54527-7221-49d9-b9b4-cc0a1023d383@group-21BCC251FB73->c45d84f2-9958-4641-906c-b1d7f28512e6-AppendLogResponseHandler: Failed appendEntries: org.apache.ratis.thirdparty.io.grpc.StatusRuntimeException: CANCELLED: RST_STREAM closed stream. HTTP/2 error code: CANCEL
2022-07-12 21:05:42,334 [grpc-default-executor-5] INFO  leader.FollowerInfo (FollowerInfoImpl.java:lambda$new$0(48)) - f5c54527-7221-49d9-b9b4-cc0a1023d383@group-21BCC251FB73->c45d84f2-9958-4641-906c-b1d7f28512e6: nextIndex: updateUnconditionally 29 -> 28
2022-07-12 21:05:42,337 [grpc-default-executor-3] WARN  server.GrpcServerProtocolService (LogUtils.java:warn(122)) - e0395122-a850-434f-9bbf-3f60ac82720c: installSnapshot onError, lastRequest: f5c54527-7221-49d9-b9b4-cc0a1023d383->e0395122-a850-434f-9bbf-3f60ac82720c#481-t1,previous=(t:1, i:27),leaderCommit=26,initializing? true,entries: size=1, first=(t:1, i:28), METADATAENTRY(c:26): org.apache.ratis.thirdparty.io.grpc.StatusRuntimeException: CANCELLED: client cancelled
2022-07-12 21:05:42,337 [grpc-default-executor-1] WARN  server.GrpcLogAppender (LogUtils.java:warn(122)) - f5c54527-7221-49d9-b9b4-cc0a1023d383@group-21BCC251FB73->e0395122-a850-434f-9bbf-3f60ac82720c-AppendLogResponseHandler: Failed appendEntries: org.apache.ratis.thirdparty.io.grpc.StatusRuntimeException: CANCELLED: RST_STREAM closed stream. HTTP/2 error code: CANCEL
2022-07-12 21:05:42,337 [grpc-default-executor-1] INFO  leader.FollowerInfo (FollowerInfoImpl.java:lambda$new$0(48)) - f5c54527-7221-49d9-b9b4-cc0a1023d383@group-21BCC251FB73->e0395122-a850-434f-9bbf-3f60ac82720c: nextIndex: updateUnconditionally 29 -> 28
2022-07-12 21:05:42,349 [Listener at 127.0.0.1/38457] INFO  server.GrpcService (GrpcService.java:closeImpl(278)) - e0395122-a850-434f-9bbf-3f60ac82720c: shutdown server with port 38137 successfully
2022-07-12 21:05:42,350 [org.apache.ratis.util.JvmPauseMonitor$$Lambda$613/1050667922@59c1f558] INFO  util.JvmPauseMonitor (JvmPauseMonitor.java:run(109)) - JvmPauseMonitor-e0395122-a850-434f-9bbf-3f60ac82720c: Stopped
2022-07-12 21:05:42,355 [ForkJoinPool.commonPool-worker-0] INFO  server.GrpcService (GrpcService.java:closeImpl(278)) - c45d84f2-9958-4641-906c-b1d7f28512e6: shutdown server with port 40679 successfully
2022-07-12 21:05:42,356 [org.apache.ratis.util.JvmPauseMonitor$$Lambda$613/1050667922@37fd2fd0] INFO  util.JvmPauseMonitor (JvmPauseMonitor.java:run(109)) - JvmPauseMonitor-c45d84f2-9958-4641-906c-b1d7f28512e6: Stopped
2022-07-12 21:05:42,380 [grpc-default-executor-6] WARN  server.GrpcLogAppender (LogUtils.java:warn(122)) - f5c54527-7221-49d9-b9b4-cc0a1023d383@group-21BCC251FB73->c45d84f2-9958-4641-906c-b1d7f28512e6-AppendLogResponseHandler: Failed appendEntries: org.apache.ratis.thirdparty.io.grpc.StatusRuntimeException: UNAVAILABLE: io exception
2022-07-12 21:05:42,380 [grpc-default-executor-6] INFO  leader.FollowerInfo (FollowerInfoImpl.java:lambda$new$0(48)) - f5c54527-7221-49d9-b9b4-cc0a1023d383@group-21BCC251FB73->c45d84f2-9958-4641-906c-b1d7f28512e6: nextIndex: updateUnconditionally 29 -> 28
2022-07-12 21:05:42,381 [grpc-default-executor-6] WARN  server.GrpcLogAppender (LogUtils.java:warn(122)) - f5c54527-7221-49d9-b9b4-cc0a1023d383@group-21BCC251FB73->e0395122-a850-434f-9bbf-3f60ac82720c-AppendLogResponseHandler: Failed appendEntries: org.apache.ratis.thirdparty.io.grpc.StatusRuntimeException: UNAVAILABLE: io exception
2022-07-12 21:05:42,382 [grpc-default-executor-6] INFO  leader.FollowerInfo (FollowerInfoImpl.java:lambda$new$0(48)) - f5c54527-7221-49d9-b9b4-cc0a1023d383@group-21BCC251FB73->e0395122-a850-434f-9bbf-3f60ac82720c: nextIndex: updateUnconditionally 29 -> 28
2022-07-12 21:05:43,435 [grpc-default-executor-6] WARN  server.GrpcLogAppender (LogUtils.java:warn(122)) - f5c54527-7221-49d9-b9b4-cc0a1023d383@group-21BCC251FB73->e0395122-a850-434f-9bbf-3f60ac82720c-AppendLogResponseHandler: Failed appendEntries: org.apache.ratis.thirdparty.io.grpc.StatusRuntimeException: UNAVAILABLE: io exception
2022-07-12 21:05:43,436 [grpc-default-executor-6] INFO  leader.FollowerInfo (FollowerInfoImpl.java:lambda$new$0(48)) - f5c54527-7221-49d9-b9b4-cc0a1023d383@group-21BCC251FB73->e0395122-a850-434f-9bbf-3f60ac82720c: nextIndex: updateUnconditionally 29 -> 28
2022-07-12 21:05:43,448 [grpc-default-executor-6] WARN  server.GrpcLogAppender (LogUtils.java:warn(122)) - f5c54527-7221-49d9-b9b4-cc0a1023d383@group-21BCC251FB73->c45d84f2-9958-4641-906c-b1d7f28512e6-AppendLogResponseHandler: Failed appendEntries: org.apache.ratis.thirdparty.io.grpc.StatusRuntimeException: UNAVAILABLE: io exception
2022-07-12 21:05:43,449 [grpc-default-executor-6] INFO  leader.FollowerInfo (FollowerInfoImpl.java:lambda$new$0(48)) - f5c54527-7221-49d9-b9b4-cc0a1023d383@group-21BCC251FB73->c45d84f2-9958-4641-906c-b1d7f28512e6: nextIndex: updateUnconditionally 29 -> 28
2022-07-12 21:05:44,422 [ForkJoinPool.commonPool-worker-0] INFO  utils.BackgroundService (BackgroundService.java:shutdown(132)) - Shutting down service BlockDeletingService
2022-07-12 21:05:44,434 [Listener at 127.0.0.1/38457] INFO  utils.BackgroundService (BackgroundService.java:shutdown(132)) - Shutting down service BlockDeletingService
2022-07-12 21:05:44,686 [grpc-default-executor-6] WARN  server.GrpcLogAppender (LogUtils.java:warn(122)) - f5c54527-7221-49d9-b9b4-cc0a1023d383@group-21BCC251FB73->e0395122-a850-434f-9bbf-3f60ac82720c-AppendLogResponseHandler: Failed appendEntries: org.apache.ratis.thirdparty.io.grpc.StatusRuntimeException: UNAVAILABLE: io exception
2022-07-12 21:05:44,687 [grpc-default-executor-6] INFO  leader.FollowerInfo (FollowerInfoImpl.java:lambda$new$0(48)) - f5c54527-7221-49d9-b9b4-cc0a1023d383@group-21BCC251FB73->e0395122-a850-434f-9bbf-3f60ac82720c: nextIndex: updateUnconditionally 29 -> 28
2022-07-12 21:05:44,699 [grpc-default-executor-6] WARN  server.GrpcLogAppender (LogUtils.java:warn(122)) - f5c54527-7221-49d9-b9b4-cc0a1023d383@group-21BCC251FB73->c45d84f2-9958-4641-906c-b1d7f28512e6-AppendLogResponseHandler: Failed appendEntries: org.apache.ratis.thirdparty.io.grpc.StatusRuntimeException: UNAVAILABLE: io exception
2022-07-12 21:05:44,700 [grpc-default-executor-6] INFO  leader.FollowerInfo (FollowerInfoImpl.java:lambda$new$0(48)) - f5c54527-7221-49d9-b9b4-cc0a1023d383@group-21BCC251FB73->c45d84f2-9958-4641-906c-b1d7f28512e6: nextIndex: updateUnconditionally 29 -> 28
2022-07-12 21:05:45,939 [grpc-default-executor-6] WARN  server.GrpcLogAppender (LogUtils.java:warn(122)) - f5c54527-7221-49d9-b9b4-cc0a1023d383@group-21BCC251FB73->e0395122-a850-434f-9bbf-3f60ac82720c-AppendLogResponseHandler: Failed appendEntries: org.apache.ratis.thirdparty.io.grpc.StatusRuntimeException: UNAVAILABLE: io exception
2022-07-12 21:05:45,939 [grpc-default-executor-6] INFO  leader.FollowerInfo (FollowerInfoImpl.java:lambda$new$0(48)) - f5c54527-7221-49d9-b9b4-cc0a1023d383@group-21BCC251FB73->e0395122-a850-434f-9bbf-3f60ac82720c: nextIndex: updateUnconditionally 29 -> 28
2022-07-12 21:05:45,949 [grpc-default-executor-6] WARN  server.GrpcLogAppender (LogUtils.java:warn(122)) - f5c54527-7221-49d9-b9b4-cc0a1023d383@group-21BCC251FB73->c45d84f2-9958-4641-906c-b1d7f28512e6-AppendLogResponseHandler: Failed appendEntries: org.apache.ratis.thirdparty.io.grpc.StatusRuntimeException: UNAVAILABLE: io exception
2022-07-12 21:05:45,950 [grpc-default-executor-6] INFO  leader.FollowerInfo (FollowerInfoImpl.java:lambda$new$0(48)) - f5c54527-7221-49d9-b9b4-cc0a1023d383@group-21BCC251FB73->c45d84f2-9958-4641-906c-b1d7f28512e6: nextIndex: updateUnconditionally 29 -> 28
2022-07-12 21:05:46,510 [f5c54527-7221-49d9-b9b4-cc0a1023d383@group-A48E3770D969-FollowerState] INFO  impl.FollowerState (FollowerState.java:run(143)) - f5c54527-7221-49d9-b9b4-cc0a1023d383@group-A48E3770D969-FollowerState: change to CANDIDATE, lastRpcElapsedTime:6314752953ns, electionTimeout:5103ms
2022-07-12 21:05:46,511 [f5c54527-7221-49d9-b9b4-cc0a1023d383@group-A48E3770D969-FollowerState] INFO  impl.RoleInfo (RoleInfo.java:shutdownFollowerState(110)) - f5c54527-7221-49d9-b9b4-cc0a1023d383: shutdown f5c54527-7221-49d9-b9b4-cc0a1023d383@group-A48E3770D969-FollowerState
2022-07-12 21:05:46,511 [f5c54527-7221-49d9-b9b4-cc0a1023d383@group-A48E3770D969-FollowerState] INFO  server.RaftServer$Division (RaftServerImpl.java:setRole(299)) - f5c54527-7221-49d9-b9b4-cc0a1023d383@group-A48E3770D969: changes role from  FOLLOWER to CANDIDATE at term 2 for changeToCandidate
2022-07-12 21:05:46,511 [f5c54527-7221-49d9-b9b4-cc0a1023d383@group-A48E3770D969-FollowerState] INFO  server.RaftServerConfigKeys (ConfUtils.java:logGet(46)) - raft.server.leaderelection.pre-vote = false (custom)
2022-07-12 21:05:46,511 [f5c54527-7221-49d9-b9b4-cc0a1023d383@group-A48E3770D969-FollowerState] INFO  impl.RoleInfo (RoleInfo.java:updateAndGet(139)) - f5c54527-7221-49d9-b9b4-cc0a1023d383: start f5c54527-7221-49d9-b9b4-cc0a1023d383@group-A48E3770D969-LeaderElection25
2022-07-12 21:05:46,537 [f5c54527-7221-49d9-b9b4-cc0a1023d383@group-A48E3770D969-LeaderElection25] INFO  server.RaftServer$Division (ServerState.java:setLeader(287)) - f5c54527-7221-49d9-b9b4-cc0a1023d383@group-A48E3770D969: change Leader from e0395122-a850-434f-9bbf-3f60ac82720c to null at term 2 for ELECTION
2022-07-12 21:05:46,546 [f5c54527-7221-49d9-b9b4-cc0a1023d383@group-A48E3770D969-LeaderElection25] INFO  impl.LeaderElection (LeaderElection.java:askForVotes(310)) - f5c54527-7221-49d9-b9b4-cc0a1023d383@group-A48E3770D969-LeaderElection25 ELECTION round 0: submit vote requests at term 3 for 0: [f5c54527-7221-49d9-b9b4-cc0a1023d383|rpc:10.1.0.20:37817|dataStream:|priority:0, e0395122-a850-434f-9bbf-3f60ac82720c|rpc:10.1.0.20:38137|dataStream:|priority:1, c45d84f2-9958-4641-906c-b1d7f28512e6|rpc:10.1.0.20:40679|dataStream:|priority:0], old=null
2022-07-12 21:05:46,575 [f5c54527-7221-49d9-b9b4-cc0a1023d383@group-A48E3770D969-LeaderElection25] INFO  impl.LeaderElection (LogUtils.java:infoOrTrace(137)) - f5c54527-7221-49d9-b9b4-cc0a1023d383@group-A48E3770D969-LeaderElection25 got exception when requesting votes: java.util.concurrent.ExecutionException: org.apache.ratis.thirdparty.io.grpc.StatusRuntimeException: UNAVAILABLE: io exception
2022-07-12 21:05:46,575 [f5c54527-7221-49d9-b9b4-cc0a1023d383@group-A48E3770D969-LeaderElection25] INFO  impl.LeaderElection (LogUtils.java:infoOrTrace(137)) - f5c54527-7221-49d9-b9b4-cc0a1023d383@group-A48E3770D969-LeaderElection25 got exception when requesting votes: java.util.concurrent.ExecutionException: org.apache.ratis.thirdparty.io.grpc.StatusRuntimeException: UNAVAILABLE: io exception
2022-07-12 21:05:46,576 [f5c54527-7221-49d9-b9b4-cc0a1023d383@group-A48E3770D969-LeaderElection25] INFO  impl.LeaderElection (LeaderElection.java:logAndReturn(90)) - f5c54527-7221-49d9-b9b4-cc0a1023d383@group-A48E3770D969-LeaderElection25: ELECTION REJECTED received 0 response(s) and 2 exception(s):
2022-07-12 21:05:46,576 [f5c54527-7221-49d9-b9b4-cc0a1023d383@group-A48E3770D969-LeaderElection25] INFO  impl.LeaderElection (LogUtils.java:infoOrTrace(137)) -   Exception 0: java.util.concurrent.ExecutionException: org.apache.ratis.thirdparty.io.grpc.StatusRuntimeException: UNAVAILABLE: io exception
2022-07-12 21:05:46,576 [f5c54527-7221-49d9-b9b4-cc0a1023d383@group-A48E3770D969-LeaderElection25] INFO  impl.LeaderElection (LogUtils.java:infoOrTrace(137)) -   Exception 1: java.util.concurrent.ExecutionException: org.apache.ratis.thirdparty.io.grpc.StatusRuntimeException: UNAVAILABLE: io exception
2022-07-12 21:05:46,576 [f5c54527-7221-49d9-b9b4-cc0a1023d383@group-A48E3770D969-LeaderElection25] INFO  impl.LeaderElection (LeaderElection.java:askForVotes(312)) - f5c54527-7221-49d9-b9b4-cc0a1023d383@group-A48E3770D969-LeaderElection25 ELECTION round 0: result REJECTED
2022-07-12 21:05:46,576 [f5c54527-7221-49d9-b9b4-cc0a1023d383@group-A48E3770D969-LeaderElection25] INFO  server.RaftServer$Division (RaftServerImpl.java:setRole(299)) - f5c54527-7221-49d9-b9b4-cc0a1023d383@group-A48E3770D969: changes role from CANDIDATE to FOLLOWER at term 3 for REJECTED
2022-07-12 21:05:46,576 [f5c54527-7221-49d9-b9b4-cc0a1023d383@group-A48E3770D969-LeaderElection25] INFO  impl.RoleInfo (RoleInfo.java:shutdownLeaderElection(130)) - f5c54527-7221-49d9-b9b4-cc0a1023d383: shutdown f5c54527-7221-49d9-b9b4-cc0a1023d383@group-A48E3770D969-LeaderElection25
2022-07-12 21:05:46,576 [f5c54527-7221-49d9-b9b4-cc0a1023d383@group-A48E3770D969-LeaderElection25] INFO  impl.RoleInfo (RoleInfo.java:updateAndGet(139)) - f5c54527-7221-49d9-b9b4-cc0a1023d383: start f5c54527-7221-49d9-b9b4-cc0a1023d383@group-A48E3770D969-FollowerState
2022-07-12 21:05:46,876 [f5c54527-7221-49d9-b9b4-cc0a1023d383@group-21BCC251FB73-LeaderStateImpl] WARN  server.RaftServer$Division (LeaderStateImpl.java:checkLeadership(1018)) - f5c54527-7221-49d9-b9b4-cc0a1023d383@group-21BCC251FB73-LeaderStateImpl: Lost leadership on term: 1. Election timeout: 5200ms. In charge for: 31299ms. Conf: 0: [e0395122-a850-434f-9bbf-3f60ac82720c|rpc:10.1.0.20:38137|dataStream:|priority:0, f5c54527-7221-49d9-b9b4-cc0a1023d383|rpc:10.1.0.20:37817|dataStream:|priority:1, c45d84f2-9958-4641-906c-b1d7f28512e6|rpc:10.1.0.20:40679|dataStream:|priority:0], old=null
2022-07-12 21:05:46,877 [f5c54527-7221-49d9-b9b4-cc0a1023d383@group-21BCC251FB73-LeaderStateImpl] WARN  server.RaftServer$Division (LeaderStateImpl.java:lambda$checkLeadership$17(1022)) - Follower f5c54527-7221-49d9-b9b4-cc0a1023d383@group-21BCC251FB73->e0395122-a850-434f-9bbf-3f60ac82720c(c28,m28,n28, attendVote=true, lastRpcSendTime=938, lastRpcResponseTime=5943)
2022-07-12 21:05:46,877 [f5c54527-7221-49d9-b9b4-cc0a1023d383@group-21BCC251FB73-LeaderStateImpl] WARN  server.RaftServer$Division (LeaderStateImpl.java:lambda$checkLeadership$17(1022)) - Follower f5c54527-7221-49d9-b9b4-cc0a1023d383@group-21BCC251FB73->c45d84f2-9958-4641-906c-b1d7f28512e6(c28,m28,n28, attendVote=true, lastRpcSendTime=927, lastRpcResponseTime=5929)
2022-07-12 21:05:46,877 [f5c54527-7221-49d9-b9b4-cc0a1023d383@group-21BCC251FB73-LeaderStateImpl] INFO  server.RaftServer$Division (RaftServerImpl.java:setRole(299)) - f5c54527-7221-49d9-b9b4-cc0a1023d383@group-21BCC251FB73: changes role from    LEADER to FOLLOWER at term 1 for StepDownReason:LOST_MAJORITY_HEARTBEATS
2022-07-12 21:05:46,877 [f5c54527-7221-49d9-b9b4-cc0a1023d383@group-21BCC251FB73-LeaderStateImpl] INFO  impl.RoleInfo (RoleInfo.java:shutdownLeaderState(93)) - f5c54527-7221-49d9-b9b4-cc0a1023d383: shutdown f5c54527-7221-49d9-b9b4-cc0a1023d383@group-21BCC251FB73-LeaderStateImpl
2022-07-12 21:05:46,877 [f5c54527-7221-49d9-b9b4-cc0a1023d383@group-21BCC251FB73->c45d84f2-9958-4641-906c-b1d7f28512e6-GrpcLogAppender-LogAppenderDaemon] WARN  server.GrpcLogAppender (GrpcLogAppender.java:mayWait(171)) - f5c54527-7221-49d9-b9b4-cc0a1023d383@group-21BCC251FB73->c45d84f2-9958-4641-906c-b1d7f28512e6-GrpcLogAppender: Wait interrupted by java.lang.InterruptedException
2022-07-12 21:05:46,878 [f5c54527-7221-49d9-b9b4-cc0a1023d383@group-21BCC251FB73->e0395122-a850-434f-9bbf-3f60ac82720c-GrpcLogAppender-LogAppenderDaemon] WARN  server.GrpcLogAppender (GrpcLogAppender.java:mayWait(171)) - f5c54527-7221-49d9-b9b4-cc0a1023d383@group-21BCC251FB73->e0395122-a850-434f-9bbf-3f60ac82720c-GrpcLogAppender: Wait interrupted by java.lang.InterruptedException
2022-07-12 21:05:46,878 [f5c54527-7221-49d9-b9b4-cc0a1023d383@group-21BCC251FB73-LeaderStateImpl] INFO  impl.PendingRequests (PendingRequests.java:sendNotLeaderResponses(282)) - f5c54527-7221-49d9-b9b4-cc0a1023d383@group-21BCC251FB73-PendingRequests: sendNotLeaderResponses
2022-07-12 21:05:46,891 [f5c54527-7221-49d9-b9b4-cc0a1023d383@group-21BCC251FB73-LeaderStateImpl] INFO  impl.RoleInfo (RoleInfo.java:updateAndGet(139)) - f5c54527-7221-49d9-b9b4-cc0a1023d383: start f5c54527-7221-49d9-b9b4-cc0a1023d383@group-21BCC251FB73-FollowerState
2022-07-12 21:05:47,435 [ForkJoinPool.commonPool-worker-0] INFO  statemachine.DatanodeStateMachine (DatanodeStateMachine.java:stopDaemon(580)) - Ozone container server stopped.
2022-07-12 21:05:47,436 [Listener at 127.0.0.1/38457] INFO  statemachine.DatanodeStateMachine (DatanodeStateMachine.java:stopDaemon(580)) - Ozone container server stopped.
2022-07-12 21:05:47,472 [ForkJoinPool.commonPool-worker-0] INFO  handler.ContextHandler (ContextHandler.java:doStop(1153)) - Stopped o.e.j.w.WebAppContext@7db2df20{hddsDatanode,/,null,STOPPED}{jar:file:/home/runner/.m2/repository/org/apache/ozone/hdds-container-service/1.3.0-SNAPSHOT/hdds-container-service-1.3.0-SNAPSHOT.jar!/webapps/hddsDatanode}
2022-07-12 21:05:47,481 [ForkJoinPool.commonPool-worker-0] INFO  server.AbstractConnector (AbstractConnector.java:doStop(381)) - Stopped ServerConnector@6140623a{HTTP/1.1, (http/1.1)}{0.0.0.0:0}
2022-07-12 21:05:47,481 [ForkJoinPool.commonPool-worker-0] INFO  server.session (HouseKeeper.java:stopScavenging(149)) - node0 Stopped scavenging
2022-07-12 21:05:47,488 [Listener at 127.0.0.1/38457] INFO  handler.ContextHandler (ContextHandler.java:doStop(1153)) - Stopped o.e.j.w.WebAppContext@3c205a8e{hddsDatanode,/,null,STOPPED}{jar:file:/home/runner/.m2/repository/org/apache/ozone/hdds-container-service/1.3.0-SNAPSHOT/hdds-container-service-1.3.0-SNAPSHOT.jar!/webapps/hddsDatanode}
2022-07-12 21:05:47,488 [Listener at 127.0.0.1/38457] INFO  server.AbstractConnector (AbstractConnector.java:doStop(381)) - Stopped ServerConnector@91115f9{HTTP/1.1, (http/1.1)}{0.0.0.0:0}
2022-07-12 21:05:47,489 [Listener at 127.0.0.1/38457] INFO  server.session (HouseKeeper.java:stopScavenging(149)) - node0 Stopped scavenging
2022-07-12 21:05:47,492 [Listener at 127.0.0.1/38457] INFO  handler.ContextHandler (ContextHandler.java:doStop(1153)) - Stopped o.e.j.s.ServletContextHandler@e1a9669{static,/static,jar:file:/home/runner/.m2/repository/org/apache/ozone/hdds-container-service/1.3.0-SNAPSHOT/hdds-container-service-1.3.0-SNAPSHOT.jar!/webapps/static,STOPPED}
2022-07-12 21:05:47,492 [Listener at 127.0.0.1/38457] INFO  handler.ContextHandler (ContextHandler.java:doStop(1153)) - Stopped o.e.j.s.ServletContextHandler@3541b5ad{logs,/logs,file:///home/runner/work/ozone/ozone/hadoop-ozone/integration-test/target/log,STOPPED}
2022-07-12 21:05:47,507 [ForkJoinPool.commonPool-worker-0] INFO  handler.ContextHandler (ContextHandler.java:doStop(1153)) - Stopped o.e.j.s.ServletContextHandler@5d16e813{static,/static,jar:file:/home/runner/.m2/repository/org/apache/ozone/hdds-container-service/1.3.0-SNAPSHOT/hdds-container-service-1.3.0-SNAPSHOT.jar!/webapps/static,STOPPED}
2022-07-12 21:05:47,508 [ForkJoinPool.commonPool-worker-0] INFO  handler.ContextHandler (ContextHandler.java:doStop(1153)) - Stopped o.e.j.s.ServletContextHandler@4fdec5a7{logs,/logs,file:///home/runner/work/ozone/ozone/hadoop-ozone/integration-test/target/log,STOPPED}
2022-07-12 21:05:51,634 [f5c54527-7221-49d9-b9b4-cc0a1023d383@group-A48E3770D969-FollowerState] INFO  impl.FollowerState (FollowerState.java:run(143)) - f5c54527-7221-49d9-b9b4-cc0a1023d383@group-A48E3770D969-FollowerState: change to CANDIDATE, lastRpcElapsedTime:5057838959ns, electionTimeout:5038ms
2022-07-12 21:05:51,634 [f5c54527-7221-49d9-b9b4-cc0a1023d383@group-A48E3770D969-FollowerState] INFO  impl.RoleInfo (RoleInfo.java:shutdownFollowerState(110)) - f5c54527-7221-49d9-b9b4-cc0a1023d383: shutdown f5c54527-7221-49d9-b9b4-cc0a1023d383@group-A48E3770D969-FollowerState
2022-07-12 21:05:51,634 [f5c54527-7221-49d9-b9b4-cc0a1023d383@group-A48E3770D969-FollowerState] INFO  server.RaftServer$Division (RaftServerImpl.java:setRole(299)) - f5c54527-7221-49d9-b9b4-cc0a1023d383@group-A48E3770D969: changes role from  FOLLOWER to CANDIDATE at term 3 for changeToCandidate
2022-07-12 21:05:51,634 [f5c54527-7221-49d9-b9b4-cc0a1023d383@group-A48E3770D969-FollowerState] INFO  server.RaftServerConfigKeys (ConfUtils.java:logGet(46)) - raft.server.leaderelection.pre-vote = false (custom)
2022-07-12 21:05:51,634 [f5c54527-7221-49d9-b9b4-cc0a1023d383@group-A48E3770D969-FollowerState] INFO  impl.RoleInfo (RoleInfo.java:updateAndGet(139)) - f5c54527-7221-49d9-b9b4-cc0a1023d383: start f5c54527-7221-49d9-b9b4-cc0a1023d383@group-A48E3770D969-LeaderElection26
2022-07-12 21:05:51,663 [f5c54527-7221-49d9-b9b4-cc0a1023d383@group-A48E3770D969-LeaderElection26] INFO  impl.LeaderElection (LeaderElection.java:askForVotes(310)) - f5c54527-7221-49d9-b9b4-cc0a1023d383@group-A48E3770D969-LeaderElection26 ELECTION round 0: submit vote requests at term 4 for 0: [f5c54527-7221-49d9-b9b4-cc0a1023d383|rpc:10.1.0.20:37817|dataStream:|priority:0, e0395122-a850-434f-9bbf-3f60ac82720c|rpc:10.1.0.20:38137|dataStream:|priority:1, c45d84f2-9958-4641-906c-b1d7f28512e6|rpc:10.1.0.20:40679|dataStream:|priority:0], old=null
2022-07-12 21:05:51,669 [f5c54527-7221-49d9-b9b4-cc0a1023d383@group-A48E3770D969-LeaderElection26] INFO  impl.LeaderElection (LogUtils.java:infoOrTrace(137)) - f5c54527-7221-49d9-b9b4-cc0a1023d383@group-A48E3770D969-LeaderElection26 got exception when requesting votes: java.util.concurrent.ExecutionException: org.apache.ratis.thirdparty.io.grpc.StatusRuntimeException: UNAVAILABLE: io exception
2022-07-12 21:05:51,669 [f5c54527-7221-49d9-b9b4-cc0a1023d383@group-A48E3770D969-LeaderElection26] INFO  impl.LeaderElection (LogUtils.java:infoOrTrace(137)) - f5c54527-7221-49d9-b9b4-cc0a1023d383@group-A48E3770D969-LeaderElection26 got exception when requesting votes: java.util.concurrent.ExecutionException: org.apache.ratis.thirdparty.io.grpc.StatusRuntimeException: UNAVAILABLE: io exception
2022-07-12 21:05:51,669 [f5c54527-7221-49d9-b9b4-cc0a1023d383@group-A48E3770D969-LeaderElection26] INFO  impl.LeaderElection (LeaderElection.java:logAndReturn(90)) - f5c54527-7221-49d9-b9b4-cc0a1023d383@group-A48E3770D969-LeaderElection26: ELECTION REJECTED received 0 response(s) and 2 exception(s):
2022-07-12 21:05:51,669 [f5c54527-7221-49d9-b9b4-cc0a1023d383@group-A48E3770D969-LeaderElection26] INFO  impl.LeaderElection (LogUtils.java:infoOrTrace(137)) -   Exception 0: java.util.concurrent.ExecutionException: org.apache.ratis.thirdparty.io.grpc.StatusRuntimeException: UNAVAILABLE: io exception
2022-07-12 21:05:51,669 [f5c54527-7221-49d9-b9b4-cc0a1023d383@group-A48E3770D969-LeaderElection26] INFO  impl.LeaderElection (LogUtils.java:infoOrTrace(137)) -   Exception 1: java.util.concurrent.ExecutionException: org.apache.ratis.thirdparty.io.grpc.StatusRuntimeException: UNAVAILABLE: io exception
2022-07-12 21:05:51,669 [f5c54527-7221-49d9-b9b4-cc0a1023d383@group-A48E3770D969-LeaderElection26] INFO  impl.LeaderElection (LeaderElection.java:askForVotes(312)) - f5c54527-7221-49d9-b9b4-cc0a1023d383@group-A48E3770D969-LeaderElection26 ELECTION round 0: result REJECTED
2022-07-12 21:05:51,670 [f5c54527-7221-49d9-b9b4-cc0a1023d383@group-A48E3770D969-LeaderElection26] INFO  server.RaftServer$Division (RaftServerImpl.java:setRole(299)) - f5c54527-7221-49d9-b9b4-cc0a1023d383@group-A48E3770D969: changes role from CANDIDATE to FOLLOWER at term 4 for REJECTED
2022-07-12 21:05:51,670 [f5c54527-7221-49d9-b9b4-cc0a1023d383@group-A48E3770D969-LeaderElection26] INFO  impl.RoleInfo (RoleInfo.java:shutdownLeaderElection(130)) - f5c54527-7221-49d9-b9b4-cc0a1023d383: shutdown f5c54527-7221-49d9-b9b4-cc0a1023d383@group-A48E3770D969-LeaderElection26
2022-07-12 21:05:51,670 [f5c54527-7221-49d9-b9b4-cc0a1023d383@group-A48E3770D969-LeaderElection26] INFO  impl.RoleInfo (RoleInfo.java:updateAndGet(139)) - f5c54527-7221-49d9-b9b4-cc0a1023d383: start f5c54527-7221-49d9-b9b4-cc0a1023d383@group-A48E3770D969-FollowerState
2022-07-12 21:05:52,084 [f5c54527-7221-49d9-b9b4-cc0a1023d383@group-21BCC251FB73-FollowerState] INFO  impl.FollowerState (FollowerState.java:lostMajorityHeartbeatsRecently(108)) - f5c54527-7221-49d9-b9b4-cc0a1023d383@group-21BCC251FB73-FollowerState: Skipping leader election since it stepped down recently (elapsed = 5192ms < waitTime = 10s)
2022-07-12 21:05:52,513 [ForkJoinPool.commonPool-worker-0] INFO  ozoneimpl.OzoneContainer (OzoneContainer.java:stop(365)) - Attempting to stop container services.
2022-07-12 21:05:52,514 [ForkJoinPool.commonPool-worker-0] INFO  server.RaftServer (RaftServerProxy.java:lambda$close$7(398)) - f5c54527-7221-49d9-b9b4-cc0a1023d383: close
2022-07-12 21:05:52,514 [ForkJoinPool.commonPool-worker-0] INFO  server.RaftServer$Division (RaftServerImpl.java:lambda$close$4(434)) - f5c54527-7221-49d9-b9b4-cc0a1023d383@group-21BCC251FB73: shutdown
2022-07-12 21:05:52,515 [ForkJoinPool.commonPool-worker-0] INFO  util.JmxRegister (JmxRegister.java:unregister(73)) - Successfully un-registered JMX Bean with object name Ratis:service=RaftServer,group=group-21BCC251FB73,id=f5c54527-7221-49d9-b9b4-cc0a1023d383
2022-07-12 21:05:52,515 [ForkJoinPool.commonPool-worker-0] INFO  impl.RoleInfo (RoleInfo.java:shutdownFollowerState(110)) - f5c54527-7221-49d9-b9b4-cc0a1023d383: shutdown f5c54527-7221-49d9-b9b4-cc0a1023d383@group-21BCC251FB73-FollowerState
2022-07-12 21:05:52,515 [ForkJoinPool.commonPool-worker-0] INFO  impl.StateMachineUpdater (StateMachineUpdater.java:stopAndJoin(153)) - f5c54527-7221-49d9-b9b4-cc0a1023d383@group-21BCC251FB73-StateMachineUpdater: set stopIndex = 28
2022-07-12 21:05:52,515 [f5c54527-7221-49d9-b9b4-cc0a1023d383@group-21BCC251FB73-FollowerState] INFO  impl.FollowerState (FollowerState.java:run(152)) - f5c54527-7221-49d9-b9b4-cc0a1023d383@group-21BCC251FB73-FollowerState was interrupted
2022-07-12 21:05:52,517 [f5c54527-7221-49d9-b9b4-cc0a1023d383@group-21BCC251FB73-StateMachineUpdater] INFO  ratis.ContainerStateMachine (ContainerStateMachine.java:takeSnapshot(304)) - group-21BCC251FB73: Taking a snapshot at:(t:1, i:28) file /home/runner/work/ozone/ozone/hadoop-ozone/integration-test/target/test-dir/MiniOzoneClusterImpl-82396f26-4b51-4819-9d3b-5aa507234af8/datanode-0/data/ratis/9e5a9c45-4d2b-4fb4-9008-21bcc251fb73/sm/snapshot.1_28
2022-07-12 21:05:52,519 [f5c54527-7221-49d9-b9b4-cc0a1023d383@group-21BCC251FB73-StateMachineUpdater] INFO  ratis.ContainerStateMachine (ContainerStateMachine.java:takeSnapshot(315)) - group-21BCC251FB73: Finished taking a snapshot at:(t:1, i:28) file:/home/runner/work/ozone/ozone/hadoop-ozone/integration-test/target/test-dir/MiniOzoneClusterImpl-82396f26-4b51-4819-9d3b-5aa507234af8/datanode-0/data/ratis/9e5a9c45-4d2b-4fb4-9008-21bcc251fb73/sm/snapshot.1_28 took: 1 ms
2022-07-12 21:05:52,519 [f5c54527-7221-49d9-b9b4-cc0a1023d383@group-21BCC251FB73-StateMachineUpdater] INFO  impl.StateMachineUpdater (StateMachineUpdater.java:takeSnapshot(287)) - f5c54527-7221-49d9-b9b4-cc0a1023d383@group-21BCC251FB73-StateMachineUpdater: Took a snapshot at index 28
2022-07-12 21:05:52,519 [f5c54527-7221-49d9-b9b4-cc0a1023d383@group-21BCC251FB73-StateMachineUpdater] INFO  impl.StateMachineUpdater (StateMachineUpdater.java:lambda$new$0(92)) - f5c54527-7221-49d9-b9b4-cc0a1023d383@group-21BCC251FB73-StateMachineUpdater: snapshotIndex: updateIncreasingly -1 -> 28
2022-07-12 21:05:52,520 [ForkJoinPool.commonPool-worker-0] INFO  server.RaftServer$Division (ServerState.java:close(429)) - f5c54527-7221-49d9-b9b4-cc0a1023d383@group-21BCC251FB73: closes. applyIndex: 28
2022-07-12 21:05:52,520 [f5c54527-7221-49d9-b9b4-cc0a1023d383@group-21BCC251FB73-SegmentedRaftLogWorker] INFO  segmented.SegmentedRaftLogWorker (SegmentedRaftLogWorker.java:run(336)) - f5c54527-7221-49d9-b9b4-cc0a1023d383@group-21BCC251FB73-SegmentedRaftLogWorker was interrupted, exiting. There are 0 tasks remaining in the queue.
2022-07-12 21:05:52,521 [ForkJoinPool.commonPool-worker-0] INFO  segmented.SegmentedRaftLogWorker (SegmentedRaftLogWorker.java:close(246)) - f5c54527-7221-49d9-b9b4-cc0a1023d383@group-21BCC251FB73-SegmentedRaftLogWorker close()
2022-07-12 21:05:52,524 [ForkJoinPool.commonPool-worker-0] INFO  server.RaftServer$Division (RaftServerImpl.java:lambda$close$4(434)) - f5c54527-7221-49d9-b9b4-cc0a1023d383@group-A48E3770D969: shutdown
2022-07-12 21:05:52,524 [ForkJoinPool.commonPool-worker-0] INFO  util.JmxRegister (JmxRegister.java:unregister(73)) - Successfully un-registered JMX Bean with object name Ratis:service=RaftServer,group=group-A48E3770D969,id=f5c54527-7221-49d9-b9b4-cc0a1023d383
2022-07-12 21:05:52,524 [ForkJoinPool.commonPool-worker-0] INFO  impl.RoleInfo (RoleInfo.java:shutdownFollowerState(110)) - f5c54527-7221-49d9-b9b4-cc0a1023d383: shutdown f5c54527-7221-49d9-b9b4-cc0a1023d383@group-A48E3770D969-FollowerState
2022-07-12 21:05:52,524 [f5c54527-7221-49d9-b9b4-cc0a1023d383@group-A48E3770D969-FollowerState] INFO  impl.FollowerState (FollowerState.java:run(152)) - f5c54527-7221-49d9-b9b4-cc0a1023d383@group-A48E3770D969-FollowerState was interrupted
2022-07-12 21:05:52,524 [ForkJoinPool.commonPool-worker-0] INFO  impl.StateMachineUpdater (StateMachineUpdater.java:stopAndJoin(153)) - f5c54527-7221-49d9-b9b4-cc0a1023d383@group-A48E3770D969-StateMachineUpdater: set stopIndex = 3
2022-07-12 21:05:52,528 [f5c54527-7221-49d9-b9b4-cc0a1023d383@group-A48E3770D969-StateMachineUpdater] INFO  ratis.ContainerStateMachine (ContainerStateMachine.java:takeSnapshot(304)) - group-A48E3770D969: Taking a snapshot at:(t:2, i:3) file /home/runner/work/ozone/ozone/hadoop-ozone/integration-test/target/test-dir/MiniOzoneClusterImpl-82396f26-4b51-4819-9d3b-5aa507234af8/datanode-0/data/ratis/32936255-cde6-4523-be8c-a48e3770d969/sm/snapshot.2_3
2022-07-12 21:05:52,528 [Listener at 127.0.0.1/38457] INFO  ozoneimpl.OzoneContainer (OzoneContainer.java:stop(365)) - Attempting to stop container services.
2022-07-12 21:05:52,529 [Listener at 127.0.0.1/38457] INFO  server.RaftServer (RaftServerProxy.java:lambda$close$7(398)) - c0705ae6-2331-49ba-9982-fffa5d94ae7b: close
2022-07-12 21:05:52,529 [Listener at 127.0.0.1/38457] INFO  server.RaftServer$Division (RaftServerImpl.java:lambda$close$4(434)) - c0705ae6-2331-49ba-9982-fffa5d94ae7b@group-FC8DCD8997DC: shutdown
2022-07-12 21:05:52,529 [Listener at 127.0.0.1/38457] INFO  util.JmxRegister (JmxRegister.java:unregister(73)) - Successfully un-registered JMX Bean with object name Ratis:service=RaftServer,group=group-FC8DCD8997DC,id=c0705ae6-2331-49ba-9982-fffa5d94ae7b
2022-07-12 21:05:52,529 [f5c54527-7221-49d9-b9b4-cc0a1023d383@group-A48E3770D969-StateMachineUpdater] INFO  ratis.ContainerStateMachine (ContainerStateMachine.java:takeSnapshot(315)) - group-A48E3770D969: Finished taking a snapshot at:(t:2, i:3) file:/home/runner/work/ozone/ozone/hadoop-ozone/integration-test/target/test-dir/MiniOzoneClusterImpl-82396f26-4b51-4819-9d3b-5aa507234af8/datanode-0/data/ratis/32936255-cde6-4523-be8c-a48e3770d969/sm/snapshot.2_3 took: 2 ms
2022-07-12 21:05:52,530 [f5c54527-7221-49d9-b9b4-cc0a1023d383@group-A48E3770D969-StateMachineUpdater] INFO  impl.StateMachineUpdater (StateMachineUpdater.java:takeSnapshot(287)) - f5c54527-7221-49d9-b9b4-cc0a1023d383@group-A48E3770D969-StateMachineUpdater: Took a snapshot at index 3
2022-07-12 21:05:52,530 [f5c54527-7221-49d9-b9b4-cc0a1023d383@group-A48E3770D969-StateMachineUpdater] INFO  impl.StateMachineUpdater (StateMachineUpdater.java:lambda$new$0(92)) - f5c54527-7221-49d9-b9b4-cc0a1023d383@group-A48E3770D969-StateMachineUpdater: snapshotIndex: updateIncreasingly -1 -> 3
2022-07-12 21:05:52,530 [ForkJoinPool.commonPool-worker-0] INFO  server.RaftServer$Division (ServerState.java:close(429)) - f5c54527-7221-49d9-b9b4-cc0a1023d383@group-A48E3770D969: closes. applyIndex: 3
2022-07-12 21:05:52,530 [f5c54527-7221-49d9-b9b4-cc0a1023d383@group-A48E3770D969-SegmentedRaftLogWorker] INFO  segmented.SegmentedRaftLogWorker (SegmentedRaftLogWorker.java:run(336)) - f5c54527-7221-49d9-b9b4-cc0a1023d383@group-A48E3770D969-SegmentedRaftLogWorker was interrupted, exiting. There are 0 tasks remaining in the queue.
2022-07-12 21:05:52,529 [Listener at 127.0.0.1/38457] INFO  impl.RoleInfo (RoleInfo.java:shutdownLeaderState(93)) - c0705ae6-2331-49ba-9982-fffa5d94ae7b: shutdown c0705ae6-2331-49ba-9982-fffa5d94ae7b@group-FC8DCD8997DC-LeaderStateImpl
2022-07-12 21:05:52,532 [Listener at 127.0.0.1/38457] INFO  impl.PendingRequests (PendingRequests.java:sendNotLeaderResponses(282)) - c0705ae6-2331-49ba-9982-fffa5d94ae7b@group-FC8DCD8997DC-PendingRequests: sendNotLeaderResponses
2022-07-12 21:05:52,533 [c0705ae6-2331-49ba-9982-fffa5d94ae7b@group-FC8DCD8997DC-StateMachineUpdater] INFO  ratis.ContainerStateMachine (ContainerStateMachine.java:takeSnapshot(304)) - group-FC8DCD8997DC: Taking a snapshot at:(t:1, i:0) file /home/runner/work/ozone/ozone/hadoop-ozone/integration-test/target/test-dir/MiniOzoneClusterImpl-82396f26-4b51-4819-9d3b-5aa507234af8/datanode-4/data/ratis/9dc90e76-b10a-4a16-8819-fc8dcd8997dc/sm/snapshot.1_0
2022-07-12 21:05:52,533 [Listener at 127.0.0.1/38457] INFO  impl.StateMachineUpdater (StateMachineUpdater.java:stopAndJoin(153)) - c0705ae6-2331-49ba-9982-fffa5d94ae7b@group-FC8DCD8997DC-StateMachineUpdater: set stopIndex = 0
2022-07-12 21:05:52,533 [c0705ae6-2331-49ba-9982-fffa5d94ae7b@group-FC8DCD8997DC-StateMachineUpdater] INFO  ratis.ContainerStateMachine (ContainerStateMachine.java:takeSnapshot(315)) - group-FC8DCD8997DC: Finished taking a snapshot at:(t:1, i:0) file:/home/runner/work/ozone/ozone/hadoop-ozone/integration-test/target/test-dir/MiniOzoneClusterImpl-82396f26-4b51-4819-9d3b-5aa507234af8/datanode-4/data/ratis/9dc90e76-b10a-4a16-8819-fc8dcd8997dc/sm/snapshot.1_0 took: 1 ms
2022-07-12 21:05:52,533 [c0705ae6-2331-49ba-9982-fffa5d94ae7b@group-FC8DCD8997DC-StateMachineUpdater] INFO  impl.StateMachineUpdater (StateMachineUpdater.java:takeSnapshot(287)) - c0705ae6-2331-49ba-9982-fffa5d94ae7b@group-FC8DCD8997DC-StateMachineUpdater: Took a snapshot at index 0
2022-07-12 21:05:52,534 [c0705ae6-2331-49ba-9982-fffa5d94ae7b@group-FC8DCD8997DC-StateMachineUpdater] INFO  impl.StateMachineUpdater (StateMachineUpdater.java:lambda$new$0(92)) - c0705ae6-2331-49ba-9982-fffa5d94ae7b@group-FC8DCD8997DC-StateMachineUpdater: snapshotIndex: updateIncreasingly -1 -> 0
2022-07-12 21:05:52,534 [Listener at 127.0.0.1/38457] INFO  server.RaftServer$Division (ServerState.java:close(429)) - c0705ae6-2331-49ba-9982-fffa5d94ae7b@group-FC8DCD8997DC: closes. applyIndex: 0
2022-07-12 21:05:52,534 [c0705ae6-2331-49ba-9982-fffa5d94ae7b@group-FC8DCD8997DC-SegmentedRaftLogWorker] INFO  segmented.SegmentedRaftLogWorker (SegmentedRaftLogWorker.java:run(336)) - c0705ae6-2331-49ba-9982-fffa5d94ae7b@group-FC8DCD8997DC-SegmentedRaftLogWorker was interrupted, exiting. There are 0 tasks remaining in the queue.
2022-07-12 21:05:52,539 [ForkJoinPool.commonPool-worker-0] INFO  segmented.SegmentedRaftLogWorker (SegmentedRaftLogWorker.java:close(246)) - f5c54527-7221-49d9-b9b4-cc0a1023d383@group-A48E3770D969-SegmentedRaftLogWorker close()
2022-07-12 21:05:52,547 [ForkJoinPool.commonPool-worker-0] INFO  server.RaftServer$Division (RaftServerImpl.java:lambda$close$4(434)) - f5c54527-7221-49d9-b9b4-cc0a1023d383@group-352E2EDA2DA9: shutdown
2022-07-12 21:05:52,547 [ForkJoinPool.commonPool-worker-0] INFO  util.JmxRegister (JmxRegister.java:unregister(73)) - Successfully un-registered JMX Bean with object name Ratis:service=RaftServer,group=group-352E2EDA2DA9,id=f5c54527-7221-49d9-b9b4-cc0a1023d383
2022-07-12 21:05:52,547 [ForkJoinPool.commonPool-worker-0] INFO  impl.RoleInfo (RoleInfo.java:shutdownLeaderState(93)) - f5c54527-7221-49d9-b9b4-cc0a1023d383: shutdown f5c54527-7221-49d9-b9b4-cc0a1023d383@group-352E2EDA2DA9-LeaderStateImpl
2022-07-12 21:05:52,547 [ForkJoinPool.commonPool-worker-0] INFO  impl.PendingRequests (PendingRequests.java:sendNotLeaderResponses(282)) - f5c54527-7221-49d9-b9b4-cc0a1023d383@group-352E2EDA2DA9-PendingRequests: sendNotLeaderResponses
2022-07-12 21:05:52,547 [ForkJoinPool.commonPool-worker-0] INFO  impl.StateMachineUpdater (StateMachineUpdater.java:stopAndJoin(153)) - f5c54527-7221-49d9-b9b4-cc0a1023d383@group-352E2EDA2DA9-StateMachineUpdater: set stopIndex = 0
2022-07-12 21:05:52,548 [Listener at 127.0.0.1/38457] INFO  segmented.SegmentedRaftLogWorker (SegmentedRaftLogWorker.java:close(246)) - c0705ae6-2331-49ba-9982-fffa5d94ae7b@group-FC8DCD8997DC-SegmentedRaftLogWorker close()
2022-07-12 21:05:52,563 [Listener at 127.0.0.1/38457] INFO  server.GrpcService (GrpcService.java:closeImpl(269)) - c0705ae6-2331-49ba-9982-fffa5d94ae7b: shutdown server with port 42627 now
2022-07-12 21:05:52,567 [f5c54527-7221-49d9-b9b4-cc0a1023d383@group-352E2EDA2DA9-StateMachineUpdater] INFO  ratis.ContainerStateMachine (ContainerStateMachine.java:takeSnapshot(304)) - group-352E2EDA2DA9: Taking a snapshot at:(t:1, i:0) file /home/runner/work/ozone/ozone/hadoop-ozone/integration-test/target/test-dir/MiniOzoneClusterImpl-82396f26-4b51-4819-9d3b-5aa507234af8/datanode-0/data/ratis/e91ef082-11b2-4e9b-acf3-352e2eda2da9/sm/snapshot.1_0
2022-07-12 21:05:52,567 [Listener at 127.0.0.1/38457] INFO  server.GrpcService (GrpcService.java:closeImpl(278)) - c0705ae6-2331-49ba-9982-fffa5d94ae7b: shutdown server with port 42627 successfully
2022-07-12 21:05:52,567 [org.apache.ratis.util.JvmPauseMonitor$$Lambda$613/1050667922@78329911] INFO  util.JvmPauseMonitor (JvmPauseMonitor.java:run(109)) - JvmPauseMonitor-c0705ae6-2331-49ba-9982-fffa5d94ae7b: Stopped
2022-07-12 21:05:52,569 [f5c54527-7221-49d9-b9b4-cc0a1023d383@group-352E2EDA2DA9-StateMachineUpdater] INFO  ratis.ContainerStateMachine (ContainerStateMachine.java:takeSnapshot(315)) - group-352E2EDA2DA9: Finished taking a snapshot at:(t:1, i:0) file:/home/runner/work/ozone/ozone/hadoop-ozone/integration-test/target/test-dir/MiniOzoneClusterImpl-82396f26-4b51-4819-9d3b-5aa507234af8/datanode-0/data/ratis/e91ef082-11b2-4e9b-acf3-352e2eda2da9/sm/snapshot.1_0 took: 2 ms
2022-07-12 21:05:52,569 [f5c54527-7221-49d9-b9b4-cc0a1023d383@group-352E2EDA2DA9-StateMachineUpdater] INFO  impl.StateMachineUpdater (StateMachineUpdater.java:takeSnapshot(287)) - f5c54527-7221-49d9-b9b4-cc0a1023d383@group-352E2EDA2DA9-StateMachineUpdater: Took a snapshot at index 0
2022-07-12 21:05:52,569 [f5c54527-7221-49d9-b9b4-cc0a1023d383@group-352E2EDA2DA9-StateMachineUpdater] INFO  impl.StateMachineUpdater (StateMachineUpdater.java:lambda$new$0(92)) - f5c54527-7221-49d9-b9b4-cc0a1023d383@group-352E2EDA2DA9-StateMachineUpdater: snapshotIndex: updateIncreasingly -1 -> 0
2022-07-12 21:05:52,570 [ForkJoinPool.commonPool-worker-0] INFO  server.RaftServer$Division (ServerState.java:close(429)) - f5c54527-7221-49d9-b9b4-cc0a1023d383@group-352E2EDA2DA9: closes. applyIndex: 0
2022-07-12 21:05:52,570 [f5c54527-7221-49d9-b9b4-cc0a1023d383@group-352E2EDA2DA9-SegmentedRaftLogWorker] INFO  segmented.SegmentedRaftLogWorker (SegmentedRaftLogWorker.java:run(336)) - f5c54527-7221-49d9-b9b4-cc0a1023d383@group-352E2EDA2DA9-SegmentedRaftLogWorker was interrupted, exiting. There are 0 tasks remaining in the queue.
2022-07-12 21:05:52,570 [ForkJoinPool.commonPool-worker-0] INFO  segmented.SegmentedRaftLogWorker (SegmentedRaftLogWorker.java:close(246)) - f5c54527-7221-49d9-b9b4-cc0a1023d383@group-352E2EDA2DA9-SegmentedRaftLogWorker close()
2022-07-12 21:05:52,570 [ForkJoinPool.commonPool-worker-0] INFO  server.GrpcService (GrpcService.java:closeImpl(269)) - f5c54527-7221-49d9-b9b4-cc0a1023d383: shutdown server with port 37817 now
2022-07-12 21:05:52,571 [grpc-default-executor-5] WARN  server.GrpcClientProtocolService (LogUtils.java:warn(122)) - 1-UnorderedRequestStreamObserver1: onError: org.apache.ratis.thirdparty.io.grpc.StatusRuntimeException: CANCELLED: client cancelled
2022-07-12 21:05:52,584 [ForkJoinPool.commonPool-worker-0] INFO  server.GrpcService (GrpcService.java:closeImpl(278)) - f5c54527-7221-49d9-b9b4-cc0a1023d383: shutdown server with port 37817 successfully
2022-07-12 21:05:52,607 [org.apache.ratis.util.JvmPauseMonitor$$Lambda$613/1050667922@60e55bdc] INFO  util.JvmPauseMonitor (JvmPauseMonitor.java:run(109)) - JvmPauseMonitor-f5c54527-7221-49d9-b9b4-cc0a1023d383: Stopped
2022-07-12 21:05:54,603 [Listener at 127.0.0.1/38457] INFO  utils.BackgroundService (BackgroundService.java:shutdown(132)) - Shutting down service BlockDeletingService
2022-07-12 21:05:54,674 [ForkJoinPool.commonPool-worker-0] INFO  utils.BackgroundService (BackgroundService.java:shutdown(132)) - Shutting down service BlockDeletingService
2022-07-12 21:05:57,617 [Listener at 127.0.0.1/38457] INFO  statemachine.DatanodeStateMachine (DatanodeStateMachine.java:stopDaemon(580)) - Ozone container server stopped.
2022-07-12 21:05:57,640 [Listener at 127.0.0.1/38457] INFO  handler.ContextHandler (ContextHandler.java:doStop(1153)) - Stopped o.e.j.w.WebAppContext@409eca36{hddsDatanode,/,null,STOPPED}{jar:file:/home/runner/.m2/repository/org/apache/ozone/hdds-container-service/1.3.0-SNAPSHOT/hdds-container-service-1.3.0-SNAPSHOT.jar!/webapps/hddsDatanode}
2022-07-12 21:05:57,663 [Listener at 127.0.0.1/38457] INFO  server.AbstractConnector (AbstractConnector.java:doStop(381)) - Stopped ServerConnector@3cd55837{HTTP/1.1, (http/1.1)}{0.0.0.0:0}
2022-07-12 21:05:57,664 [Listener at 127.0.0.1/38457] INFO  server.session (HouseKeeper.java:stopScavenging(149)) - node0 Stopped scavenging
2022-07-12 21:05:57,664 [Listener at 127.0.0.1/38457] INFO  handler.ContextHandler (ContextHandler.java:doStop(1153)) - Stopped o.e.j.s.ServletContextHandler@3053c0ab{static,/static,jar:file:/home/runner/.m2/repository/org/apache/ozone/hdds-container-service/1.3.0-SNAPSHOT/hdds-container-service-1.3.0-SNAPSHOT.jar!/webapps/static,STOPPED}
2022-07-12 21:05:57,664 [Listener at 127.0.0.1/38457] INFO  handler.ContextHandler (ContextHandler.java:doStop(1153)) - Stopped o.e.j.s.ServletContextHandler@5a9668d7{logs,/logs,file:///home/runner/work/ozone/ozone/hadoop-ozone/integration-test/target/log,STOPPED}
2022-07-12 21:05:57,680 [ForkJoinPool.commonPool-worker-0] INFO  statemachine.DatanodeStateMachine (DatanodeStateMachine.java:stopDaemon(580)) - Ozone container server stopped.
2022-07-12 21:05:57,747 [ForkJoinPool.commonPool-worker-0] INFO  handler.ContextHandler (ContextHandler.java:doStop(1153)) - Stopped o.e.j.w.WebAppContext@7cead0f2{hddsDatanode,/,null,STOPPED}{jar:file:/home/runner/.m2/repository/org/apache/ozone/hdds-container-service/1.3.0-SNAPSHOT/hdds-container-service-1.3.0-SNAPSHOT.jar!/webapps/hddsDatanode}
2022-07-12 21:05:57,748 [ForkJoinPool.commonPool-worker-0] INFO  server.AbstractConnector (AbstractConnector.java:doStop(381)) - Stopped ServerConnector@c9c114a{HTTP/1.1, (http/1.1)}{0.0.0.0:0}
2022-07-12 21:05:57,748 [ForkJoinPool.commonPool-worker-0] INFO  server.session (HouseKeeper.java:stopScavenging(149)) - node0 Stopped scavenging
2022-07-12 21:05:57,749 [ForkJoinPool.commonPool-worker-0] INFO  handler.ContextHandler (ContextHandler.java:doStop(1153)) - Stopped o.e.j.s.ServletContextHandler@114cbcc4{static,/static,jar:file:/home/runner/.m2/repository/org/apache/ozone/hdds-container-service/1.3.0-SNAPSHOT/hdds-container-service-1.3.0-SNAPSHOT.jar!/webapps/static,STOPPED}
2022-07-12 21:05:57,759 [ForkJoinPool.commonPool-worker-0] INFO  handler.ContextHandler (ContextHandler.java:doStop(1153)) - Stopped o.e.j.s.ServletContextHandler@1f208930{logs,/logs,file:///home/runner/work/ozone/ozone/hadoop-ozone/integration-test/target/log,STOPPED}
2022-07-12 21:06:02,680 [Listener at 127.0.0.1/38457] INFO  ozoneimpl.OzoneContainer (OzoneContainer.java:stop(365)) - Attempting to stop container services.
2022-07-12 21:06:02,687 [Listener at 127.0.0.1/38457] INFO  server.RaftServer (RaftServerProxy.java:lambda$close$7(398)) - 78fcb3e9-d6c5-4f6f-a049-b9f080c7e3b8: close
2022-07-12 21:06:02,688 [Listener at 127.0.0.1/38457] INFO  server.RaftServer$Division (RaftServerImpl.java:lambda$close$4(434)) - 78fcb3e9-d6c5-4f6f-a049-b9f080c7e3b8@group-6CAB98915D4E: shutdown
2022-07-12 21:06:02,688 [Listener at 127.0.0.1/38457] INFO  util.JmxRegister (JmxRegister.java:unregister(73)) - Successfully un-registered JMX Bean with object name Ratis:service=RaftServer,group=group-6CAB98915D4E,id=78fcb3e9-d6c5-4f6f-a049-b9f080c7e3b8
2022-07-12 21:06:02,688 [Listener at 127.0.0.1/38457] INFO  impl.RoleInfo (RoleInfo.java:shutdownLeaderState(93)) - 78fcb3e9-d6c5-4f6f-a049-b9f080c7e3b8: shutdown 78fcb3e9-d6c5-4f6f-a049-b9f080c7e3b8@group-6CAB98915D4E-LeaderStateImpl
2022-07-12 21:06:02,688 [Listener at 127.0.0.1/38457] INFO  impl.PendingRequests (PendingRequests.java:sendNotLeaderResponses(282)) - 78fcb3e9-d6c5-4f6f-a049-b9f080c7e3b8@group-6CAB98915D4E-PendingRequests: sendNotLeaderResponses
2022-07-12 21:06:02,694 [78fcb3e9-d6c5-4f6f-a049-b9f080c7e3b8@group-6CAB98915D4E-StateMachineUpdater] INFO  ratis.ContainerStateMachine (ContainerStateMachine.java:takeSnapshot(304)) - group-6CAB98915D4E: Taking a snapshot at:(t:1, i:0) file /home/runner/work/ozone/ozone/hadoop-ozone/integration-test/target/test-dir/MiniOzoneClusterImpl-82396f26-4b51-4819-9d3b-5aa507234af8/datanode-3/data/ratis/9431b696-058b-4ba5-83fc-6cab98915d4e/sm/snapshot.1_0
2022-07-12 21:06:02,694 [Listener at 127.0.0.1/38457] INFO  impl.StateMachineUpdater (StateMachineUpdater.java:stopAndJoin(153)) - 78fcb3e9-d6c5-4f6f-a049-b9f080c7e3b8@group-6CAB98915D4E-StateMachineUpdater: set stopIndex = 0
2022-07-12 21:06:02,708 [78fcb3e9-d6c5-4f6f-a049-b9f080c7e3b8@group-6CAB98915D4E-StateMachineUpdater] INFO  ratis.ContainerStateMachine (ContainerStateMachine.java:takeSnapshot(315)) - group-6CAB98915D4E: Finished taking a snapshot at:(t:1, i:0) file:/home/runner/work/ozone/ozone/hadoop-ozone/integration-test/target/test-dir/MiniOzoneClusterImpl-82396f26-4b51-4819-9d3b-5aa507234af8/datanode-3/data/ratis/9431b696-058b-4ba5-83fc-6cab98915d4e/sm/snapshot.1_0 took: 13 ms
2022-07-12 21:06:02,708 [78fcb3e9-d6c5-4f6f-a049-b9f080c7e3b8@group-6CAB98915D4E-StateMachineUpdater] INFO  impl.StateMachineUpdater (StateMachineUpdater.java:takeSnapshot(287)) - 78fcb3e9-d6c5-4f6f-a049-b9f080c7e3b8@group-6CAB98915D4E-StateMachineUpdater: Took a snapshot at index 0
2022-07-12 21:06:02,708 [78fcb3e9-d6c5-4f6f-a049-b9f080c7e3b8@group-6CAB98915D4E-StateMachineUpdater] INFO  impl.StateMachineUpdater (StateMachineUpdater.java:lambda$new$0(92)) - 78fcb3e9-d6c5-4f6f-a049-b9f080c7e3b8@group-6CAB98915D4E-StateMachineUpdater: snapshotIndex: updateIncreasingly -1 -> 0
2022-07-12 21:06:02,708 [Listener at 127.0.0.1/38457] INFO  server.RaftServer$Division (ServerState.java:close(429)) - 78fcb3e9-d6c5-4f6f-a049-b9f080c7e3b8@group-6CAB98915D4E: closes. applyIndex: 0
2022-07-12 21:06:02,709 [78fcb3e9-d6c5-4f6f-a049-b9f080c7e3b8@group-6CAB98915D4E-SegmentedRaftLogWorker] INFO  segmented.SegmentedRaftLogWorker (SegmentedRaftLogWorker.java:run(336)) - 78fcb3e9-d6c5-4f6f-a049-b9f080c7e3b8@group-6CAB98915D4E-SegmentedRaftLogWorker was interrupted, exiting. There are 0 tasks remaining in the queue.
2022-07-12 21:06:02,709 [Listener at 127.0.0.1/38457] INFO  segmented.SegmentedRaftLogWorker (SegmentedRaftLogWorker.java:close(246)) - 78fcb3e9-d6c5-4f6f-a049-b9f080c7e3b8@group-6CAB98915D4E-SegmentedRaftLogWorker close()
2022-07-12 21:06:02,709 [Listener at 127.0.0.1/38457] INFO  server.GrpcService (GrpcService.java:closeImpl(269)) - 78fcb3e9-d6c5-4f6f-a049-b9f080c7e3b8: shutdown server with port 41539 now
2022-07-12 21:06:02,719 [Listener at 127.0.0.1/38457] INFO  server.GrpcService (GrpcService.java:closeImpl(278)) - 78fcb3e9-d6c5-4f6f-a049-b9f080c7e3b8: shutdown server with port 41539 successfully
2022-07-12 21:06:02,720 [org.apache.ratis.util.JvmPauseMonitor$$Lambda$613/1050667922@5f606f28] INFO  util.JvmPauseMonitor (JvmPauseMonitor.java:run(109)) - JvmPauseMonitor-78fcb3e9-d6c5-4f6f-a049-b9f080c7e3b8: Stopped
2022-07-12 21:06:04,744 [Listener at 127.0.0.1/38457] INFO  utils.BackgroundService (BackgroundService.java:shutdown(132)) - Shutting down service BlockDeletingService
2022-07-12 21:06:07,766 [Listener at 127.0.0.1/38457] INFO  statemachine.DatanodeStateMachine (DatanodeStateMachine.java:stopDaemon(580)) - Ozone container server stopped.
2022-07-12 21:06:07,775 [Listener at 127.0.0.1/38457] INFO  handler.ContextHandler (ContextHandler.java:doStop(1153)) - Stopped o.e.j.w.WebAppContext@78e88d5b{hddsDatanode,/,null,STOPPED}{jar:file:/home/runner/.m2/repository/org/apache/ozone/hdds-container-service/1.3.0-SNAPSHOT/hdds-container-service-1.3.0-SNAPSHOT.jar!/webapps/hddsDatanode}
2022-07-12 21:06:07,792 [Listener at 127.0.0.1/38457] INFO  server.AbstractConnector (AbstractConnector.java:doStop(381)) - Stopped ServerConnector@765bd847{HTTP/1.1, (http/1.1)}{0.0.0.0:0}
2022-07-12 21:06:07,792 [Listener at 127.0.0.1/38457] INFO  server.session (HouseKeeper.java:stopScavenging(149)) - node0 Stopped scavenging
2022-07-12 21:06:07,793 [Listener at 127.0.0.1/38457] INFO  handler.ContextHandler (ContextHandler.java:doStop(1153)) - Stopped o.e.j.s.ServletContextHandler@7735a93e{static,/static,jar:file:/home/runner/.m2/repository/org/apache/ozone/hdds-container-service/1.3.0-SNAPSHOT/hdds-container-service-1.3.0-SNAPSHOT.jar!/webapps/static,STOPPED}
2022-07-12 21:06:07,793 [Listener at 127.0.0.1/38457] INFO  handler.ContextHandler (ContextHandler.java:doStop(1153)) - Stopped o.e.j.s.ServletContextHandler@a4254b9{logs,/logs,file:///home/runner/work/ozone/ozone/hadoop-ozone/integration-test/target/log,STOPPED}
2022-07-12 21:06:07,808 [Listener at 127.0.0.1/38457] INFO  ozone.MiniOzoneClusterImpl (MiniOzoneClusterImpl.java:stopSCM(549)) - Stopping the StorageContainerManager
2022-07-12 21:06:07,808 [Listener at 127.0.0.1/38457] INFO  server.StorageContainerManager (StorageContainerManager.java:stop(1514)) - Container Balancer is not running.
2022-07-12 21:06:07,808 [Listener at 127.0.0.1/38457] INFO  server.StorageContainerManager (StorageContainerManager.java:stop(1521)) - Stopping Replication Manager Service.
2022-07-12 21:06:07,808 [Listener at 127.0.0.1/38457] INFO  replication.ReplicationManager (ReplicationManager.java:stop(219)) - Stopping Replication Monitor Thread.
2022-07-12 21:06:07,808 [Listener at 127.0.0.1/38457] INFO  server.StorageContainerManager (StorageContainerManager.java:stop(1528)) - Stopping the Datanode Admin Monitor.
2022-07-12 21:06:07,808 [Listener at 127.0.0.1/38457] INFO  server.StorageContainerManager (StorageContainerManager.java:stop(1535)) - Stopping Lease Manager of the command watchers
2022-07-12 21:06:07,809 [Listener at 127.0.0.1/38457] INFO  server.StorageContainerManager (StorageContainerManager.java:stop(1542)) - Stopping datanode service RPC server
2022-07-12 21:06:07,809 [Listener at 127.0.0.1/38457] INFO  server.SCMDatanodeProtocolServer (SCMDatanodeProtocolServer.java:stop(414)) - Stopping the RPC server for DataNodes
2022-07-12 21:06:07,809 [Listener at 127.0.0.1/38457] INFO  ipc.Server (Server.java:stop(3414)) - Stopping server on 46329
2022-07-12 21:06:07,810 [IPC Server listener on 0] INFO  ipc.Server (Server.java:run(1376)) - Stopping IPC Server listener on 0
2022-07-12 21:06:07,815 [ReplicationMonitor] INFO  replication.ReplicationManager (ReplicationManager.java:run(389)) - Replication Monitor Thread is stopped
2022-07-12 21:06:07,823 [IPC Server Responder] INFO  ipc.Server (Server.java:run(1512)) - Stopping IPC Server Responder
2022-07-12 21:06:07,832 [SCM Heartbeat Processing Thread - 0] WARN  node.NodeStateManager (NodeStateManager.java:scheduleNextHealthCheck(870)) - Current Thread is interrupted, shutting down HB processing thread for Node Manager.
2022-07-12 21:06:07,832 [Listener at 127.0.0.1/38457] INFO  server.StorageContainerManager (StorageContainerManager.java:stop(1550)) - Stopping block service RPC server
2022-07-12 21:06:07,832 [Listener at 127.0.0.1/38457] INFO  server.SCMBlockProtocolServer (SCMBlockProtocolServer.java:stop(161)) - Stopping the RPC server for Block Protocol
2022-07-12 21:06:07,832 [Listener at 127.0.0.1/38457] INFO  ipc.Server (Server.java:stop(3414)) - Stopping server on 44993
2022-07-12 21:06:07,835 [IPC Server listener on 0] INFO  ipc.Server (Server.java:run(1376)) - Stopping IPC Server listener on 0
2022-07-12 21:06:07,876 [Listener at 127.0.0.1/38457] INFO  server.StorageContainerManager (StorageContainerManager.java:stop(1557)) - Stopping the StorageContainerLocationProtocol RPC server
2022-07-12 21:06:07,876 [Listener at 127.0.0.1/38457] INFO  server.SCMClientProtocolServer (SCMClientProtocolServer.java:stop(179)) - Stopping the RPC server for Client Protocol
2022-07-12 21:06:07,876 [Listener at 127.0.0.1/38457] INFO  ipc.Server (Server.java:stop(3414)) - Stopping server on 44553
2022-07-12 21:06:07,876 [IPC Server Responder] INFO  ipc.Server (Server.java:run(1512)) - Stopping IPC Server Responder
2022-07-12 21:06:07,878 [IPC Server Responder] INFO  ipc.Server (Server.java:run(1512)) - Stopping IPC Server Responder
2022-07-12 21:06:07,878 [Listener at 127.0.0.1/38457] INFO  server.StorageContainerManager (StorageContainerManager.java:stop(1564)) - Stopping Storage Container Manager HTTP server.
2022-07-12 21:06:07,878 [IPC Server listener on 0] INFO  ipc.Server (Server.java:run(1376)) - Stopping IPC Server listener on 0
2022-07-12 21:06:07,879 [Listener at 127.0.0.1/38457] INFO  handler.ContextHandler (ContextHandler.java:doStop(1153)) - Stopped o.e.j.w.WebAppContext@ff4971d{scm,/,null,STOPPED}{file:/home/runner/work/ozone/ozone/hadoop-ozone/integration-test/target/test-classes/webapps/scm}
2022-07-12 21:06:07,915 [Listener at 127.0.0.1/38457] INFO  server.AbstractConnector (AbstractConnector.java:doStop(381)) - Stopped ServerConnector@2e090fb7{HTTP/1.1, (http/1.1)}{0.0.0.0:0}
2022-07-12 21:06:07,915 [Listener at 127.0.0.1/38457] INFO  server.session (HouseKeeper.java:stopScavenging(149)) - node0 Stopped scavenging
2022-07-12 21:06:07,915 [Listener at 127.0.0.1/38457] INFO  handler.ContextHandler (ContextHandler.java:doStop(1153)) - Stopped o.e.j.s.ServletContextHandler@5949c3a5{static,/static,file:///home/runner/work/ozone/ozone/hadoop-ozone/integration-test/target/test-classes/webapps/static,STOPPED}
2022-07-12 21:06:07,915 [Listener at 127.0.0.1/38457] INFO  handler.ContextHandler (ContextHandler.java:doStop(1153)) - Stopped o.e.j.s.ServletContextHandler@2ec19b83{logs,/logs,file:///home/runner/work/ozone/ozone/hadoop-ozone/integration-test/target/log,STOPPED}
2022-07-12 21:06:07,921 [Listener at 127.0.0.1/38457] INFO  server.StorageContainerManager (StorageContainerManager.java:stop(1575)) - Stopping Block Manager Service.
2022-07-12 21:06:07,921 [Listener at 127.0.0.1/38457] INFO  utils.BackgroundService (BackgroundService.java:shutdown(132)) - Shutting down service SCMBlockDeletingService
2022-07-12 21:06:07,921 [Listener at 127.0.0.1/38457] INFO  utils.BackgroundService (BackgroundService.java:shutdown(132)) - Shutting down service SCMBlockDeletingService
2022-07-12 21:06:07,921 [Listener at 127.0.0.1/38457] INFO  server.StorageContainerManager (StorageContainerManager.java:stop(1602)) - Stopping SCM Event Queue.
2022-07-12 21:06:07,923 [Listener at 127.0.0.1/38457] INFO  server.StorageContainerManager (StorageContainerManager.java:stop(1613)) - Stopping SCM HA services.
2022-07-12 21:06:07,923 [Listener at 127.0.0.1/38457] INFO  pipeline.BackgroundPipelineCreator (BackgroundPipelineCreator.java:stop(152)) - Stopping RatisPipelineUtilsThread.
2022-07-12 21:06:07,924 [RatisPipelineUtilsThread - 0] WARN  pipeline.BackgroundPipelineCreator (BackgroundPipelineCreator.java:run(179)) - RatisPipelineUtilsThread is interrupted.
2022-07-12 21:06:07,924 [Listener at 127.0.0.1/38457] INFO  BackgroundPipelineScrubber (BackgroundSCMService.java:stop(126)) - Stopping BackgroundPipelineScrubber Service.
2022-07-12 21:06:07,924 [BackgroundPipelineScrubberThread] WARN  BackgroundPipelineScrubber (BackgroundSCMService.java:run(110)) - BackgroundPipelineScrubber is interrupted, exit
2022-07-12 21:06:07,924 [Listener at 127.0.0.1/38457] INFO  server.StorageContainerManager (StorageContainerManager.java:stop(1623)) - Stopping SCM MetadataStore.
2022-07-12 21:06:07,927 [Listener at 127.0.0.1/38457] INFO  impl.MetricsSystemImpl (MetricsSystemImpl.java:stop(210)) - Stopping HddsDatanode metrics system...
2022-07-12 21:06:07,975 [prometheus] INFO  impl.MetricsSinkAdapter (MetricsSinkAdapter.java:publishMetricsFromQueue(141)) - prometheus thread interrupted.
2022-07-12 21:06:07,977 [Listener at 127.0.0.1/38457] INFO  impl.MetricsSystemImpl (MetricsSystemImpl.java:stop(216)) - HddsDatanode metrics system stopped.
2022-07-12 21:06:08,328 [Listener at 127.0.0.1/38457] WARN  server.ServerUtils (ServerUtils.java:getScmDbDir(148)) - ozone.scm.db.dirs is not configured. We recommend adding this setting. Falling back to ozone.metadata.dirs instead.
2022-07-12 21:06:08,346 [Listener at 127.0.0.1/38457] WARN  server.ServerUtils (ServerUtils.java:getScmDbDir(148)) - ozone.scm.db.dirs is not configured. We recommend adding this setting. Falling back to ozone.metadata.dirs instead.
2022-07-12 21:06:08,346 [Listener at 127.0.0.1/38457] INFO  ha.SCMHANodeDetails (SCMHANodeDetails.java:loadSCMHAConfig(209)) - ServiceID for StorageContainerManager is null
2022-07-12 21:06:08,347 [Listener at 127.0.0.1/38457] INFO  ha.SCMHANodeDetails (SCMHANodeDetails.java:loadSCMHAConfig(214)) - ozone.scm.default.service.id is not defined, falling back to ozone.scm.service.ids to find serviceID for StorageContainerManager if it is HA enabled cluster
2022-07-12 21:06:08,347 [Listener at 127.0.0.1/38457] WARN  utils.HAUtils (HAUtils.java:getMetaDir(342)) - ozone.scm.db.dirs is not configured. We recommend adding this setting. Falling back to ozone.metadata.dirs instead.
2022-07-12 21:06:08,348 [Listener at 127.0.0.1/38457] WARN  db.DBStoreBuilder (DBStoreBuilder.java:applyDBDefinition(145)) - ozone.scm.db.dirs is not configured. We recommend adding this setting. Falling back to ozone.metadata.dirs instead.
2022-07-12 21:06:08,779 [Listener at 127.0.0.1/38457] INFO  net.NodeSchemaLoader (NodeSchemaLoader.java:loadSchemaFromFile(129)) - Loading schema from [jar:file:/home/runner/.m2/repository/org/apache/ozone/hdds-common/1.3.0-SNAPSHOT/hdds-common-1.3.0-SNAPSHOT.jar!/network-topology-default.xml]
2022-07-12 21:06:08,779 [Listener at 127.0.0.1/38457] INFO  net.NodeSchemaLoader (NodeSchemaLoader.java:loadSchema(176)) - Loading network topology layer schema file
2022-07-12 21:06:08,798 [Listener at 127.0.0.1/38457] INFO  upgrade.AbstractLayoutVersionManager (AbstractLayoutVersionManager.java:init(82)) - Initializing Layout version manager with metadata layout = DATANODE_SCHEMA_V3 (version = 4), software layout = DATANODE_SCHEMA_V3 (version = 4)
2022-07-12 21:06:08,998 [Listener at 127.0.0.1/38457] INFO  reflections.Reflections (Reflections.java:scan(232)) - Reflections took 190 ms to scan 7 urls, producing 132 keys and 317 values 
2022-07-12 21:06:09,000 [Listener at 127.0.0.1/38457] INFO  ha.SequenceIdGenerator (SequenceIdGenerator.java:upgradeToSequenceId(349)) - upgrade localId to 109611004723200000
2022-07-12 21:06:09,000 [Listener at 127.0.0.1/38457] INFO  ha.SequenceIdGenerator (SequenceIdGenerator.java:upgradeToSequenceId(359)) - upgrade delTxnId to 0
2022-07-12 21:06:09,000 [Listener at 127.0.0.1/38457] INFO  ha.SequenceIdGenerator (SequenceIdGenerator.java:upgradeToSequenceId(376)) - upgrade containerId to 0
2022-07-12 21:06:09,000 [Listener at 127.0.0.1/38457] INFO  ha.SequenceIdGenerator (SequenceIdGenerator.java:<init>(220)) - Init the HA SequenceIdGenerator.
2022-07-12 21:06:09,001 [Listener at 127.0.0.1/38457] WARN  server.ServerUtils (ServerUtils.java:sanitizeUserArgs(73)) - ozone.scm.stale.node.interval value = 300000 is larger than max = 100000 based on the key value of ozone.scm.heartbeat.thread.interval, reset to the max value 100000.
2022-07-12 21:06:09,001 [Listener at 127.0.0.1/38457] WARN  server.ServerUtils (ServerUtils.java:sanitizeUserArgs(73)) - ozone.scm.stale.node.interval value = 300000 is larger than max = 100000 based on the key value of ozone.scm.heartbeat.thread.interval, reset to the max value 100000.
2022-07-12 21:06:09,008 [Listener at 127.0.0.1/38457] INFO  node.SCMNodeManager (SCMNodeManager.java:<init>(149)) - Entering startup safe mode.
2022-07-12 21:06:09,009 [Listener at 127.0.0.1/38457] INFO  algorithms.ContainerPlacementPolicyFactory (ContainerPlacementPolicyFactory.java:getPolicyInternal(86)) - Create container placement policy of type org.apache.hadoop.hdds.scm.container.placement.algorithms.SCMContainerPlacementRandom
2022-07-12 21:06:09,009 [Listener at 127.0.0.1/38457] INFO  pipeline.PipelineStateManagerImpl (PipelineStateManagerImpl.java:initialize(78)) - No pipeline exists in current db
2022-07-12 21:06:09,009 [Listener at 127.0.0.1/38457] INFO  algorithms.LeaderChoosePolicyFactory (LeaderChoosePolicyFactory.java:getPolicy(57)) - Create leader choose policy of type org.apache.hadoop.hdds.scm.pipeline.leader.choose.algorithms.MinLeaderCountChoosePolicy
2022-07-12 21:06:09,009 [Listener at 127.0.0.1/38457] INFO  algorithms.ContainerPlacementPolicyFactory (ContainerPlacementPolicyFactory.java:getPolicyInternal(86)) - Create container placement policy of type org.apache.hadoop.hdds.scm.container.placement.algorithms.SCMContainerPlacementRackScatter
2022-07-12 21:06:09,009 [Listener at 127.0.0.1/38457] INFO  pipeline.BackgroundPipelineCreator (BackgroundPipelineCreator.java:start(127)) - Starting RatisPipelineUtilsThread.
2022-07-12 21:06:09,011 [Listener at 127.0.0.1/38457] INFO  BackgroundPipelineScrubber (BackgroundSCMService.java:start(68)) - Starting BackgroundPipelineScrubber Service.
2022-07-12 21:06:09,015 [Listener at 127.0.0.1/38457] INFO  ha.SCMServiceManager (SCMServiceManager.java:register(42)) - Registering service BackgroundPipelineCreator.
2022-07-12 21:06:09,016 [Listener at 127.0.0.1/38457] INFO  ha.SCMServiceManager (SCMServiceManager.java:register(42)) - Registering service BackgroundPipelineScrubber.
2022-07-12 21:06:09,016 [Listener at 127.0.0.1/38457] INFO  ExpiredContainerReplicaOpScrubber (BackgroundSCMService.java:start(68)) - Starting ExpiredContainerReplicaOpScrubber Service.
2022-07-12 21:06:09,019 [Listener at 127.0.0.1/38457] INFO  ha.SCMServiceManager (SCMServiceManager.java:register(42)) - Registering service ExpiredContainerReplicaOpScrubber.
2022-07-12 21:06:09,020 [Listener at 127.0.0.1/38457] INFO  algorithms.PipelineChoosePolicyFactory (PipelineChoosePolicyFactory.java:createPipelineChoosePolicyFromClass(73)) - Create pipeline choose policy of type org.apache.hadoop.hdds.scm.pipeline.choose.algorithms.RandomPipelineChoosePolicy
2022-07-12 21:06:09,020 [Listener at 127.0.0.1/38457] INFO  ha.SCMServiceManager (SCMServiceManager.java:register(42)) - Registering service SCMBlockDeletingService.
2022-07-12 21:06:09,021 [Listener at 127.0.0.1/38457] INFO  replication.ReplicationManager (ReplicationManager.java:start(186)) - Starting Replication Monitor Thread.
2022-07-12 21:06:09,027 [Listener at 127.0.0.1/38457] INFO  ha.SCMServiceManager (SCMServiceManager.java:register(42)) - Registering service ReplicationManager.
2022-07-12 21:06:09,028 [Listener at 127.0.0.1/38457] INFO  safemode.ContainerSafeModeRule (ContainerSafeModeRule.java:<init>(89)) - containers with one replica threshold count 0
2022-07-12 21:06:09,028 [Listener at 127.0.0.1/38457] INFO  safemode.HealthyPipelineSafeModeRule (HealthyPipelineSafeModeRule.java:initializeRule(156)) - Total pipeline count is 0, healthy pipeline threshold count is 1
2022-07-12 21:06:09,028 [Listener at 127.0.0.1/38457] INFO  safemode.OneReplicaPipelineSafeModeRule (OneReplicaPipelineSafeModeRule.java:initializeRule(180)) - Total pipeline count is 0, pipeline's with at least one datanode reported threshold count is 0
2022-07-12 21:06:09,034 [Listener at 127.0.0.1/38457] INFO  ipc.CallQueueManager (CallQueueManager.java:<init>(90)) - Using callQueue: class java.util.concurrent.LinkedBlockingQueue, queueCapacity: 2000, scheduler: class org.apache.hadoop.ipc.DefaultRpcScheduler, ipcBackoff: false.
2022-07-12 21:06:09,039 [Socket Reader #1 for port 0] INFO  ipc.Server (Server.java:run(1265)) - Starting Socket Reader #1 for port 0
2022-07-12 21:06:09,044 [Listener at 0.0.0.0/43829] INFO  ipc.CallQueueManager (CallQueueManager.java:<init>(90)) - Using callQueue: class java.util.concurrent.LinkedBlockingQueue, queueCapacity: 2000, scheduler: class org.apache.hadoop.ipc.DefaultRpcScheduler, ipcBackoff: false.
2022-07-12 21:06:09,068 [Socket Reader #1 for port 0] INFO  ipc.Server (Server.java:run(1265)) - Starting Socket Reader #1 for port 0
2022-07-12 21:06:09,080 [Listener at 0.0.0.0/34473] INFO  ipc.CallQueueManager (CallQueueManager.java:<init>(90)) - Using callQueue: class java.util.concurrent.LinkedBlockingQueue, queueCapacity: 2000, scheduler: class org.apache.hadoop.ipc.DefaultRpcScheduler, ipcBackoff: false.
2022-07-12 21:06:09,082 [Socket Reader #1 for port 0] INFO  ipc.Server (Server.java:run(1265)) - Starting Socket Reader #1 for port 0
2022-07-12 21:06:09,101 [ReplicationMonitor] INFO  replication.ReplicationManager (ReplicationManager.java:processAll(235)) - Replication Manager is not ready to run until 3000ms after safemode exit
2022-07-12 21:06:09,163 [Listener at 0.0.0.0/39927] INFO  ha.SCMServiceManager (SCMServiceManager.java:register(42)) - Registering service ContainerBalancer.
2022-07-12 21:06:09,163 [Listener at 0.0.0.0/39927] INFO  server.StorageContainerManager (StorageContainerManager.java:<init>(401)) - 
Container Balancer status:
Key                            Value
Running                        false
Container Balancer Configuration values:
Key                                                Value
Threshold                                          10
Max Datanodes to Involve per Iteration(percent)    20
Max Size to Move per Iteration                     500GB
Max Size Entering Target per Iteration             26GB
Max Size Leaving Source per Iteration              26GB

2022-07-12 21:06:09,184 [Listener at 0.0.0.0/39927] WARN  events.EventQueue (EventQueue.java:fireEvent(216)) - No event handler registered for event TypedEvent{payloadType=SafeModeStatus, name='Safe mode status'}
2022-07-12 21:06:09,184 [Listener at 0.0.0.0/39927] INFO  ha.SCMContext (SCMContext.java:updateSafeModeStatus(228)) - Update SafeModeStatus from SafeModeStatus{safeModeStatus=true, preCheckPassed=false} to SafeModeStatus{safeModeStatus=true, preCheckPassed=false}.
2022-07-12 21:06:09,196 [Listener at 0.0.0.0/39927] INFO  server.StorageContainerManager (StorageContainerManager.java:start(1422)) - StorageContainerLocationProtocol RPC server is listening at /0.0.0.0:39927
2022-07-12 21:06:09,222 [Listener at 0.0.0.0/39927] WARN  impl.MetricsConfig (MetricsConfig.java:loadFirst(136)) - Cannot locate configuration: tried hadoop-metrics2-storagecontainermanager.properties,hadoop-metrics2.properties
2022-07-12 21:06:09,303 [Listener at 0.0.0.0/39927] INFO  impl.MetricsSystemImpl (MetricsSystemImpl.java:startTimer(378)) - Scheduled Metric snapshot period at 10 second(s).
2022-07-12 21:06:09,304 [Listener at 0.0.0.0/39927] INFO  impl.MetricsSystemImpl (MetricsSystemImpl.java:start(191)) - StorageContainerManager metrics system started
2022-07-12 21:06:09,411 [Listener at 0.0.0.0/39927] INFO  impl.MetricsSinkAdapter (MetricsSinkAdapter.java:start(204)) - Sink prometheus started
2022-07-12 21:06:09,412 [Listener at 0.0.0.0/39927] INFO  impl.MetricsSystemImpl (MetricsSystemImpl.java:registerSink(305)) - Registered sink prometheus
2022-07-12 21:06:09,512 [Listener at 0.0.0.0/39927] INFO  server.SCMClientProtocolServer (SCMClientProtocolServer.java:start(170)) - RPC server for Client  is listening at /0.0.0.0:39927
2022-07-12 21:06:09,512 [IPC Server Responder] INFO  ipc.Server (Server.java:run(1507)) - IPC Server Responder: starting
2022-07-12 21:06:09,548 [IPC Server listener on 0] INFO  ipc.Server (Server.java:run(1344)) - IPC Server listener on 0: starting
2022-07-12 21:06:09,606 [Listener at 0.0.0.0/39927] INFO  server.StorageContainerManager (StorageContainerManager.java:start(1437)) - ScmBlockLocationProtocol RPC server is listening at /0.0.0.0:34473
2022-07-12 21:06:09,607 [Listener at 0.0.0.0/39927] INFO  server.SCMBlockProtocolServer (SCMBlockProtocolServer.java:start(152)) - RPC server for Block Protocol is listening at /0.0.0.0:34473
2022-07-12 21:06:09,611 [IPC Server Responder] INFO  ipc.Server (Server.java:run(1507)) - IPC Server Responder: starting
2022-07-12 21:06:09,626 [IPC Server listener on 0] INFO  ipc.Server (Server.java:run(1344)) - IPC Server listener on 0: starting
2022-07-12 21:06:09,689 [Listener at 0.0.0.0/39927] INFO  server.SCMDatanodeProtocolServer (SCMDatanodeProtocolServer.java:start(186)) - ScmDatanodeProtocol RPC server for DataNodes is listening at /0.0.0.0:43829
2022-07-12 21:06:09,690 [IPC Server Responder] INFO  ipc.Server (Server.java:run(1507)) - IPC Server Responder: starting
2022-07-12 21:06:09,690 [IPC Server listener on 0] INFO  ipc.Server (Server.java:run(1344)) - IPC Server listener on 0: starting
2022-07-12 21:06:09,713 [Listener at 0.0.0.0/39927] INFO  http.BaseHttpServer (BaseHttpServer.java:newHttpServer2BuilderForOzone(209)) - Starting Web-server for scm at: http://0.0.0.0:0
2022-07-12 21:06:09,713 [Listener at 0.0.0.0/39927] INFO  http.BaseHttpServer (BaseHttpServer.java:<init>(107)) - Hadoop Security Enabled: false Ozone Security Enabled: false Ozone HTTP Security Enabled: false 
2022-07-12 21:06:09,714 [Listener at 0.0.0.0/39927] INFO  server.AuthenticationFilter (AuthenticationFilter.java:constructSecretProvider(240)) - Unable to initialize FileSignerSecretProvider, falling back to use random secrets.
2022-07-12 21:06:09,747 [org.apache.hadoop.util.JvmPauseMonitor$Monitor@485262be] INFO  util.JvmPauseMonitor (JvmPauseMonitor.java:run(188)) - Starting JVM pause monitor
2022-07-12 21:06:09,771 [Listener at 0.0.0.0/39927] WARN  http.HttpRequestLog (HttpRequestLog.java:getRequestLog(103)) - Jetty request log can only be enabled using Log4j
2022-07-12 21:06:09,773 [Listener at 0.0.0.0/39927] INFO  http.HttpServer2 (HttpServer2.java:addGlobalFilter(1029)) - Added global filter 'safety' (class=org.apache.hadoop.hdds.server.http.HttpServer2$QuotingInputFilter)
2022-07-12 21:06:09,774 [Listener at 0.0.0.0/39927] INFO  http.HttpServer2 (HttpServer2.java:addFilter(1005)) - Added filter static_user_filter (class=org.apache.hadoop.http.lib.StaticUserWebFilter$StaticUserFilter) to context scm
2022-07-12 21:06:09,774 [Listener at 0.0.0.0/39927] INFO  http.HttpServer2 (HttpServer2.java:addFilter(1013)) - Added filter static_user_filter (class=org.apache.hadoop.http.lib.StaticUserWebFilter$StaticUserFilter) to context static
2022-07-12 21:06:09,774 [Listener at 0.0.0.0/39927] INFO  http.HttpServer2 (HttpServer2.java:addFilter(1013)) - Added filter static_user_filter (class=org.apache.hadoop.http.lib.StaticUserWebFilter$StaticUserFilter) to context logs
2022-07-12 21:06:09,775 [Listener at 0.0.0.0/39927] INFO  http.HttpServer2 (HttpServer2.java:bindListener(1248)) - Jetty bound to port 41661
2022-07-12 21:06:09,775 [Listener at 0.0.0.0/39927] INFO  server.Server (Server.java:doStart(375)) - jetty-9.4.43.v20210629; built: 2021-06-30T11:07:22.254Z; git: 526006ecfa3af7f1a27ef3a288e2bef7ea9dd7e8; jvm 1.8.0_332-b09
2022-07-12 21:06:09,837 [Listener at 0.0.0.0/39927] INFO  server.session (DefaultSessionIdManager.java:doStart(334)) - DefaultSessionIdManager workerName=node0
2022-07-12 21:06:09,837 [Listener at 0.0.0.0/39927] INFO  server.session (DefaultSessionIdManager.java:doStart(339)) - No SessionScavenger set, using defaults
2022-07-12 21:06:09,838 [Listener at 0.0.0.0/39927] INFO  server.session (HouseKeeper.java:startScavenging(132)) - node0 Scavenging every 600000ms
2022-07-12 21:06:09,852 [Listener at 0.0.0.0/39927] INFO  handler.ContextHandler (ContextHandler.java:doStart(915)) - Started o.e.j.s.ServletContextHandler@4709350e{logs,/logs,file:///home/runner/work/ozone/ozone/hadoop-ozone/integration-test/target/log,AVAILABLE}
2022-07-12 21:06:09,852 [Listener at 0.0.0.0/39927] INFO  handler.ContextHandler (ContextHandler.java:doStart(915)) - Started o.e.j.s.ServletContextHandler@51f278d1{static,/static,file:///home/runner/work/ozone/ozone/hadoop-ozone/integration-test/target/test-classes/webapps/static,AVAILABLE}
2022-07-12 21:06:09,859 [Listener at 0.0.0.0/39927] INFO  handler.ContextHandler (ContextHandler.java:doStart(915)) - Started o.e.j.w.WebAppContext@74e17194{scm,/,file:///home/runner/work/ozone/ozone/hadoop-ozone/integration-test/target/test-classes/webapps/scm/,AVAILABLE}{file:/home/runner/work/ozone/ozone/hadoop-ozone/integration-test/target/test-classes/webapps/scm}
2022-07-12 21:06:09,871 [Listener at 0.0.0.0/39927] INFO  server.AbstractConnector (AbstractConnector.java:doStart(331)) - Started ServerConnector@4782905e{HTTP/1.1, (http/1.1)}{0.0.0.0:41661}
2022-07-12 21:06:09,872 [Listener at 0.0.0.0/39927] INFO  server.Server (Server.java:doStart(415)) - Started @149616ms
2022-07-12 21:06:09,872 [Listener at 0.0.0.0/39927] WARN  impl.MetricsSystemImpl (MetricsSystemImpl.java:register(279)) - Sink prometheus already exists!
2022-07-12 21:06:09,879 [Listener at 0.0.0.0/39927] INFO  http.BaseHttpServer (BaseHttpServer.java:updateConnectorAddress(329)) - HTTP server of scm listening at http://0.0.0.0:41661
2022-07-12 21:06:09,880 [Listener at 0.0.0.0/39927] WARN  server.ServerUtils (ServerUtils.java:getDBPath(225)) - ozone.om.db.dirs is not configured. We recommend adding this setting. Falling back to ozone.metadata.dirs instead.
2022-07-12 21:06:09,885 [Listener at 0.0.0.0/39927] INFO  ha.OMHANodeDetails (OMHANodeDetails.java:loadOMHAConfig(115)) - ozone.om.internal.service.id is not defined, falling back to ozone.om.service.ids to find serviceID for OzoneManager if it is HA enabled cluster
2022-07-12 21:06:09,885 [Listener at 0.0.0.0/39927] INFO  ha.OMHANodeDetails (OMHANodeDetails.java:loadOMHAConfig(226)) - Configuration does not have ozone.om.address set. Falling back to the default OM address /127.0.0.1:0
2022-07-12 21:06:09,885 [Listener at 0.0.0.0/39927] INFO  ha.OMHANodeDetails (OMHANodeDetails.java:getOMNodeDetailsForNonHA(254)) - OM Service ID is not set. Setting it to the default ID: omServiceIdDefault
2022-07-12 21:06:09,885 [Listener at 0.0.0.0/39927] INFO  ha.OMHANodeDetails (OMHANodeDetails.java:getOMNodeDetailsForNonHA(261)) - OM Node ID is not set. Setting it to the default ID: om1
2022-07-12 21:06:09,885 [Listener at 0.0.0.0/39927] WARN  server.ServerUtils (ServerUtils.java:getDBPath(225)) - ozone.om.db.dirs is not configured. We recommend adding this setting. Falling back to ozone.metadata.dirs instead.
2022-07-12 21:06:09,886 [Listener at 0.0.0.0/39927] INFO  upgrade.AbstractLayoutVersionManager (AbstractLayoutVersionManager.java:init(82)) - Initializing Layout version manager with metadata layout = MULTITENANCY_SCHEMA (version = 3), software layout = MULTITENANCY_SCHEMA (version = 3)
2022-07-12 21:06:10,247 [Listener at 0.0.0.0/39927] INFO  reflections.Reflections (Reflections.java:scan(232)) - Reflections took 360 ms to scan 2 urls, producing 153 keys and 430 values [using 2 cores]
2022-07-12 21:06:10,248 [Listener at 0.0.0.0/39927] INFO  upgrade.OMLayoutVersionManager (OMLayoutVersionManager.java:lambda$0(115)) - Skipping Upgrade Action MockOmUpgradeAction since it has been finalized.
2022-07-12 21:06:10,248 [Listener at 0.0.0.0/39927] WARN  server.ServerUtils (ServerUtils.java:getDBPath(225)) - ozone.om.db.dirs is not configured. We recommend adding this setting. Falling back to ozone.metadata.dirs instead.
2022-07-12 21:06:10,249 [Listener at 0.0.0.0/39927] INFO  proxy.SCMBlockLocationFailoverProxyProvider (SCMBlockLocationFailoverProxyProvider.java:<init>(114)) - Created block location fail-over proxy with 1 nodes: [nodeId=scmNodeId,nodeAddress=/0.0.0.0:34473]
2022-07-12 21:06:10,250 [Listener at 0.0.0.0/39927] INFO  proxy.SCMBlockLocationFailoverProxyProvider (SCMBlockLocationFailoverProxyProvider.java:<init>(114)) - Created block location fail-over proxy with 1 nodes: [nodeId=scmNodeId,nodeAddress=/0.0.0.0:34473]
2022-07-12 21:06:10,310 [Listener at 0.0.0.0/39927] WARN  server.ServerUtils (ServerUtils.java:getDBPath(225)) - ozone.om.db.dirs is not configured. We recommend adding this setting. Falling back to ozone.metadata.dirs instead.
2022-07-12 21:06:10,311 [Listener at 0.0.0.0/39927] INFO  codec.OmKeyInfoCodec (OmKeyInfoCodec.java:<init>(49)) - OmKeyInfoCodec ignorePipeline = true
2022-07-12 21:06:10,311 [Listener at 0.0.0.0/39927] INFO  codec.RepeatedOmKeyInfoCodec (RepeatedOmKeyInfoCodec.java:<init>(41)) - RepeatedOmKeyInfoCodec ignorePipeline = true
2022-07-12 21:06:10,985 [Listener at 0.0.0.0/39927] INFO  om.OzoneManager (OzoneManager.java:instantiateServices(692)) - S3 Multi-Tenancy is disabled
2022-07-12 21:06:10,986 [Listener at 0.0.0.0/39927] INFO  om.OzoneManager (OzoneManager.java:addS3GVolumeToDB(4259)) - Created Volume s3v With Owner runner required for S3Gateway operations.
2022-07-12 21:06:10,996 [Listener at 0.0.0.0/39927] INFO  om.OzoneManager (OzoneManager.java:getRpcServer(1081)) - Creating RPC Server
2022-07-12 21:06:12,645 [Listener at 0.0.0.0/39927] INFO  reflections.Reflections (Reflections.java:scan(232)) - Reflections took 1633 ms to scan 19 urls, producing 66 keys and 4100 values [using 2 cores]
2022-07-12 21:06:12,646 [Listener at 0.0.0.0/39927] INFO  ipc.CallQueueManager (CallQueueManager.java:<init>(90)) - Using callQueue: class java.util.concurrent.LinkedBlockingQueue, queueCapacity: 2000, scheduler: class org.apache.hadoop.ipc.DefaultRpcScheduler, ipcBackoff: false.
2022-07-12 21:06:12,664 [Socket Reader #1 for port 0] INFO  ipc.Server (Server.java:run(1265)) - Starting Socket Reader #1 for port 0
2022-07-12 21:06:12,792 [Listener at 127.0.0.1/37581] INFO  impl.MetricsSystemImpl (MetricsSystemImpl.java:init(158)) - OzoneManager metrics system started (again)
2022-07-12 21:06:12,837 [Listener at 127.0.0.1/37581] INFO  om.OzoneManager (OzoneManager.java:start(1465)) - OzoneManager RPC server is listening at localhost/127.0.0.1:37581
2022-07-12 21:06:12,838 [Listener at 127.0.0.1/37581] INFO  om.OzoneManager (OzoneManager.java:start(1481)) - Version File has different layout version (3) than OM DB (null). That is expected if this OM has never been finalized to a newer layout version.
2022-07-12 21:06:12,894 [Listener at 127.0.0.1/37581] INFO  http.BaseHttpServer (BaseHttpServer.java:newHttpServer2BuilderForOzone(209)) - Starting Web-server for ozoneManager at: http://0.0.0.0:0
2022-07-12 21:06:12,894 [Listener at 127.0.0.1/37581] INFO  http.BaseHttpServer (BaseHttpServer.java:<init>(107)) - Hadoop Security Enabled: false Ozone Security Enabled: false Ozone HTTP Security Enabled: false 
2022-07-12 21:06:12,898 [Listener at 127.0.0.1/37581] INFO  server.AuthenticationFilter (AuthenticationFilter.java:constructSecretProvider(240)) - Unable to initialize FileSignerSecretProvider, falling back to use random secrets.
2022-07-12 21:06:12,907 [Listener at 127.0.0.1/37581] WARN  http.HttpRequestLog (HttpRequestLog.java:getRequestLog(103)) - Jetty request log can only be enabled using Log4j
2022-07-12 21:06:12,921 [Listener at 127.0.0.1/37581] INFO  http.HttpServer2 (HttpServer2.java:addGlobalFilter(1029)) - Added global filter 'safety' (class=org.apache.hadoop.hdds.server.http.HttpServer2$QuotingInputFilter)
2022-07-12 21:06:12,922 [Listener at 127.0.0.1/37581] INFO  http.HttpServer2 (HttpServer2.java:addFilter(1005)) - Added filter static_user_filter (class=org.apache.hadoop.http.lib.StaticUserWebFilter$StaticUserFilter) to context ozoneManager
2022-07-12 21:06:12,922 [Listener at 127.0.0.1/37581] INFO  http.HttpServer2 (HttpServer2.java:addFilter(1013)) - Added filter static_user_filter (class=org.apache.hadoop.http.lib.StaticUserWebFilter$StaticUserFilter) to context static
2022-07-12 21:06:12,922 [Listener at 127.0.0.1/37581] INFO  http.HttpServer2 (HttpServer2.java:addFilter(1013)) - Added filter static_user_filter (class=org.apache.hadoop.http.lib.StaticUserWebFilter$StaticUserFilter) to context logs
2022-07-12 21:06:12,923 [Listener at 127.0.0.1/37581] INFO  http.HttpServer2 (HttpServer2.java:bindListener(1248)) - Jetty bound to port 46223
2022-07-12 21:06:12,923 [Listener at 127.0.0.1/37581] INFO  server.Server (Server.java:doStart(375)) - jetty-9.4.43.v20210629; built: 2021-06-30T11:07:22.254Z; git: 526006ecfa3af7f1a27ef3a288e2bef7ea9dd7e8; jvm 1.8.0_332-b09
2022-07-12 21:06:12,999 [Listener at 127.0.0.1/37581] INFO  server.session (DefaultSessionIdManager.java:doStart(334)) - DefaultSessionIdManager workerName=node0
2022-07-12 21:06:13,000 [Listener at 127.0.0.1/37581] INFO  server.session (DefaultSessionIdManager.java:doStart(339)) - No SessionScavenger set, using defaults
2022-07-12 21:06:13,000 [Listener at 127.0.0.1/37581] INFO  server.session (HouseKeeper.java:startScavenging(132)) - node0 Scavenging every 660000ms
2022-07-12 21:06:13,001 [Listener at 127.0.0.1/37581] INFO  handler.ContextHandler (ContextHandler.java:doStart(915)) - Started o.e.j.s.ServletContextHandler@23f0a79b{logs,/logs,file:///home/runner/work/ozone/ozone/hadoop-ozone/integration-test/target/log,AVAILABLE}
2022-07-12 21:06:13,002 [Listener at 127.0.0.1/37581] INFO  handler.ContextHandler (ContextHandler.java:doStart(915)) - Started o.e.j.s.ServletContextHandler@3403cb00{static,/static,file:///home/runner/work/ozone/ozone/hadoop-ozone/integration-test/target/test-classes/webapps/static,AVAILABLE}
2022-07-12 21:06:13,006 [Listener at 127.0.0.1/37581] INFO  handler.ContextHandler (ContextHandler.java:doStart(915)) - Started o.e.j.w.WebAppContext@6fadb8b7{ozoneManager,/,file:///home/runner/work/ozone/ozone/hadoop-ozone/integration-test/target/test-classes/webapps/ozoneManager/,AVAILABLE}{file:/home/runner/work/ozone/ozone/hadoop-ozone/integration-test/target/test-classes/webapps/ozoneManager}
2022-07-12 21:06:13,040 [Listener at 127.0.0.1/37581] INFO  server.AbstractConnector (AbstractConnector.java:doStart(331)) - Started ServerConnector@b2dc176{HTTP/1.1, (http/1.1)}{0.0.0.0:46223}
2022-07-12 21:06:13,040 [Listener at 127.0.0.1/37581] INFO  server.Server (Server.java:doStart(415)) - Started @152783ms
2022-07-12 21:06:13,040 [Listener at 127.0.0.1/37581] WARN  impl.MetricsSystemImpl (MetricsSystemImpl.java:register(279)) - Sink prometheus already exists!
2022-07-12 21:06:13,052 [Listener at 127.0.0.1/37581] INFO  http.BaseHttpServer (BaseHttpServer.java:updateConnectorAddress(329)) - HTTP server of ozoneManager listening at http://0.0.0.0:46223
2022-07-12 21:06:13,063 [IPC Server Responder] INFO  ipc.Server (Server.java:run(1507)) - IPC Server Responder: starting
2022-07-12 21:06:13,092 [IPC Server listener on 0] INFO  ipc.Server (Server.java:run(1344)) - IPC Server listener on 0: starting
2022-07-12 21:06:13,151 [Listener at 127.0.0.1/37581] INFO  om.TrashPolicyOzone (TrashPolicyOzone.java:<init>(178)) - Ozone Manager trash configuration: Deletion interval = 0 minutes, Emptier interval = 0 minutes.
2022-07-12 21:06:13,167 [org.apache.hadoop.util.JvmPauseMonitor$Monitor@47d70462] INFO  util.JvmPauseMonitor (JvmPauseMonitor.java:run(188)) - Starting JVM pause monitor
2022-07-12 21:06:13,197 [Listener at 127.0.0.1/37581] INFO  impl.MetricsSystemImpl (MetricsSystemImpl.java:init(158)) - HddsDatanode metrics system started (again)
2022-07-12 21:06:13,215 [Listener at 127.0.0.1/37581] INFO  ozone.HddsDatanodeService (HddsDatanodeService.java:start(236)) - HddsDatanodeService host:fv-az452-57.ku3lqr0aiaqu5kfj3xdpchcrvd.dx.internal.cloudapp.net ip:10.1.0.20
2022-07-12 21:06:13,287 [Listener at 127.0.0.1/37581] INFO  upgrade.AbstractLayoutVersionManager (AbstractLayoutVersionManager.java:init(82)) - Initializing Layout version manager with metadata layout = DATANODE_SCHEMA_V3 (version = 4), software layout = DATANODE_SCHEMA_V3 (version = 4)
2022-07-12 21:06:13,498 [Listener at 127.0.0.1/37581] INFO  reflections.Reflections (Reflections.java:scan(232)) - Reflections took 209 ms to scan 7 urls, producing 132 keys and 317 values 
2022-07-12 21:06:13,499 [Listener at 127.0.0.1/37581] INFO  statemachine.DatanodeStateMachine (DatanodeStateMachine.java:getEndPointTaskThreadPoolSize(237)) - Datanode State Machine Task Thread Pool size 2
2022-07-12 21:06:13,524 [Listener at 127.0.0.1/37581] INFO  volume.HddsVolume (HddsVolume.java:<init>(116)) - Creating HddsVolume: /home/runner/work/ozone/ozone/hadoop-ozone/integration-test/target/test-dir/MiniOzoneClusterImpl-f732ff5a-6050-490e-9ecc-7e3ed1996e94/datanode-0/data-0/containers/hdds of storage type : DISK capacity : 9223372036854775807
2022-07-12 21:06:13,524 [Listener at 127.0.0.1/37581] INFO  volume.MutableVolumeSet (MutableVolumeSet.java:initializeVolumeSet(174)) - Added Volume : /home/runner/work/ozone/ozone/hadoop-ozone/integration-test/target/test-dir/MiniOzoneClusterImpl-f732ff5a-6050-490e-9ecc-7e3ed1996e94/datanode-0/data-0/containers/hdds to VolumeSet
2022-07-12 21:06:13,525 [Listener at 127.0.0.1/37581] INFO  volume.ThrottledAsyncChecker (ThrottledAsyncChecker.java:schedule(141)) - Scheduling a check for /home/runner/work/ozone/ozone/hadoop-ozone/integration-test/target/test-dir/MiniOzoneClusterImpl-f732ff5a-6050-490e-9ecc-7e3ed1996e94/datanode-0/data-0/containers/hdds
2022-07-12 21:06:13,562 [Listener at 127.0.0.1/37581] INFO  volume.StorageVolumeChecker (StorageVolumeChecker.java:checkAllVolumes(202)) - Scheduled health check for volume /home/runner/work/ozone/ozone/hadoop-ozone/integration-test/target/test-dir/MiniOzoneClusterImpl-f732ff5a-6050-490e-9ecc-7e3ed1996e94/datanode-0/data-0/containers/hdds
2022-07-12 21:06:13,587 [Listener at 127.0.0.1/37581] INFO  volume.MutableVolumeSet (MutableVolumeSet.java:initializeVolumeSet(174)) - Added Volume : /home/runner/work/ozone/ozone/hadoop-ozone/integration-test/target/test-dir/MiniOzoneClusterImpl-f732ff5a-6050-490e-9ecc-7e3ed1996e94/datanode-0/data/ratis to VolumeSet
2022-07-12 21:06:13,607 [Listener at 127.0.0.1/37581] INFO  volume.ThrottledAsyncChecker (ThrottledAsyncChecker.java:schedule(141)) - Scheduling a check for /home/runner/work/ozone/ozone/hadoop-ozone/integration-test/target/test-dir/MiniOzoneClusterImpl-f732ff5a-6050-490e-9ecc-7e3ed1996e94/datanode-0/data/ratis
2022-07-12 21:06:13,608 [Listener at 127.0.0.1/37581] INFO  volume.StorageVolumeChecker (StorageVolumeChecker.java:checkAllVolumes(202)) - Scheduled health check for volume /home/runner/work/ozone/ozone/hadoop-ozone/integration-test/target/test-dir/MiniOzoneClusterImpl-f732ff5a-6050-490e-9ecc-7e3ed1996e94/datanode-0/data/ratis
2022-07-12 21:06:13,651 [Thread-1120] INFO  ozoneimpl.ContainerReader (ContainerReader.java:readVolume(175)) - Finish verifying containers on volume /home/runner/work/ozone/ozone/hadoop-ozone/integration-test/target/test-dir/MiniOzoneClusterImpl-f732ff5a-6050-490e-9ecc-7e3ed1996e94/datanode-0/data-0/containers/hdds
2022-07-12 21:06:13,651 [Listener at 127.0.0.1/37581] INFO  ozoneimpl.OzoneContainer (OzoneContainer.java:buildContainerSet(266)) - Build ContainerSet costs 0s
2022-07-12 21:06:13,653 [Listener at 127.0.0.1/37581] INFO  server.RaftServer (ConfUtils.java:logGet(46)) - raft.rpc.type = GRPC (default)
2022-07-12 21:06:13,654 [Listener at 127.0.0.1/37581] INFO  grpc.GrpcFactory (GrpcFactory.java:checkPooledByteBufAllocatorUseCacheForAllThreads(48)) - PERFORMANCE WARNING: useCacheForAllThreads is true that may cause Netty to create a lot garbage objects and, as a result, trigger GC.
	It is recommended to disable useCacheForAllThreads by setting -Dorg.apache.ratis.thirdparty.io.netty.allocator.useCacheForAllThreads=false in command line.
2022-07-12 21:06:13,654 [Listener at 127.0.0.1/37581] INFO  grpc.GrpcConfigKeys (ConfUtils.java:logGet(46)) - raft.grpc.admin.port = 0 (custom)
2022-07-12 21:06:13,654 [Listener at 127.0.0.1/37581] INFO  grpc.GrpcConfigKeys (ConfUtils.java:logGet(46)) - raft.grpc.client.port = 0 (custom)
2022-07-12 21:06:13,654 [Listener at 127.0.0.1/37581] INFO  grpc.GrpcConfigKeys (ConfUtils.java:logGet(46)) - raft.grpc.server.port = 0 (default)
2022-07-12 21:06:13,654 [Listener at 127.0.0.1/37581] INFO  server.GrpcService (ConfUtils.java:logGet(46)) - raft.grpc.message.size.max = 32MB (=33554432) (custom)
2022-07-12 21:06:13,654 [Listener at 127.0.0.1/37581] INFO  server.RaftServerConfigKeys (ConfUtils.java:logGet(46)) - raft.server.log.appender.buffer.byte-limit = 33554432 (custom)
2022-07-12 21:06:13,654 [Listener at 127.0.0.1/37581] INFO  server.GrpcService (ConfUtils.java:logGet(46)) - raft.grpc.flow.control.window = 5MB (=5242880) (custom)
2022-07-12 21:06:13,654 [Listener at 127.0.0.1/37581] INFO  server.RaftServerConfigKeys (ConfUtils.java:logGet(46)) - raft.server.rpc.request.timeout = 60s (custom)
2022-07-12 21:06:13,655 [Listener at 127.0.0.1/37581] INFO  grpc.GrpcConfigKeys (ConfUtils.java:logGet(46)) - raft.grpc.server.async.request.thread.pool.cached = true (default)
2022-07-12 21:06:13,655 [Listener at 127.0.0.1/37581] INFO  grpc.GrpcConfigKeys (ConfUtils.java:logGet(46)) - raft.grpc.server.async.request.thread.pool.size = 32 (default)
2022-07-12 21:06:13,662 [Listener at 127.0.0.1/37581] INFO  impl.DataStreamServerImpl (ConfUtils.java:logGet(46)) - raft.datastream.type = DISABLED (default)
2022-07-12 21:06:13,662 [Listener at 127.0.0.1/37581] INFO  server.RaftServerConfigKeys (ConfUtils.java:logGet(46)) - raft.server.threadpool.proxy.cached = true (default)
2022-07-12 21:06:13,663 [Listener at 127.0.0.1/37581] INFO  server.RaftServerConfigKeys (ConfUtils.java:logGet(46)) - raft.server.threadpool.proxy.size = 0 (default)
2022-07-12 21:06:13,663 [Listener at 127.0.0.1/37581] INFO  server.RaftServerConfigKeys (ConfUtils.java:logGet(46)) - raft.server.rpc.slowness.timeout = 300s (custom)
2022-07-12 21:06:13,663 [Listener at 127.0.0.1/37581] INFO  server.RaftServerConfigKeys (ConfUtils.java:logGet(46)) - raft.server.leaderelection.leader.step-down.wait-time = 10s (default)
2022-07-12 21:06:13,663 [Listener at 127.0.0.1/37581] INFO  server.RaftServerConfigKeys (ConfUtils.java:logGet(46)) - raft.server.storage.dir = [/home/runner/work/ozone/ozone/hadoop-ozone/integration-test/target/test-dir/MiniOzoneClusterImpl-f732ff5a-6050-490e-9ecc-7e3ed1996e94/datanode-0/data/ratis] (custom)
2022-07-12 21:06:13,700 [Listener at 127.0.0.1/37581] INFO  server.XceiverServerGrpc (XceiverServerGrpc.java:<init>(132)) - GrpcServer channel type EpollServerSocketChannel
2022-07-12 21:06:13,727 [Listener at 127.0.0.1/37581] INFO  http.BaseHttpServer (BaseHttpServer.java:newHttpServer2BuilderForOzone(209)) - Starting Web-server for hddsDatanode at: http://0.0.0.0:0
2022-07-12 21:06:13,728 [Listener at 127.0.0.1/37581] INFO  http.BaseHttpServer (BaseHttpServer.java:<init>(107)) - Hadoop Security Enabled: false Ozone Security Enabled: false Ozone HTTP Security Enabled: false 
2022-07-12 21:06:13,729 [Listener at 127.0.0.1/37581] INFO  server.AuthenticationFilter (AuthenticationFilter.java:constructSecretProvider(240)) - Unable to initialize FileSignerSecretProvider, falling back to use random secrets.
2022-07-12 21:06:13,747 [Listener at 127.0.0.1/37581] WARN  http.HttpRequestLog (HttpRequestLog.java:getRequestLog(103)) - Jetty request log can only be enabled using Log4j
2022-07-12 21:06:13,749 [Listener at 127.0.0.1/37581] INFO  http.HttpServer2 (HttpServer2.java:addGlobalFilter(1029)) - Added global filter 'safety' (class=org.apache.hadoop.hdds.server.http.HttpServer2$QuotingInputFilter)
2022-07-12 21:06:13,750 [Listener at 127.0.0.1/37581] INFO  http.HttpServer2 (HttpServer2.java:addFilter(1005)) - Added filter static_user_filter (class=org.apache.hadoop.http.lib.StaticUserWebFilter$StaticUserFilter) to context hddsDatanode
2022-07-12 21:06:13,750 [Listener at 127.0.0.1/37581] INFO  http.HttpServer2 (HttpServer2.java:addFilter(1013)) - Added filter static_user_filter (class=org.apache.hadoop.http.lib.StaticUserWebFilter$StaticUserFilter) to context logs
2022-07-12 21:06:13,750 [Listener at 127.0.0.1/37581] INFO  http.HttpServer2 (HttpServer2.java:addFilter(1013)) - Added filter static_user_filter (class=org.apache.hadoop.http.lib.StaticUserWebFilter$StaticUserFilter) to context static
2022-07-12 21:06:13,750 [Listener at 127.0.0.1/37581] INFO  http.HttpServer2 (HttpServer2.java:bindListener(1248)) - Jetty bound to port 34427
2022-07-12 21:06:13,750 [Listener at 127.0.0.1/37581] INFO  server.Server (Server.java:doStart(375)) - jetty-9.4.43.v20210629; built: 2021-06-30T11:07:22.254Z; git: 526006ecfa3af7f1a27ef3a288e2bef7ea9dd7e8; jvm 1.8.0_332-b09
2022-07-12 21:06:13,855 [Listener at 127.0.0.1/37581] INFO  server.session (DefaultSessionIdManager.java:doStart(334)) - DefaultSessionIdManager workerName=node0
2022-07-12 21:06:13,856 [Listener at 127.0.0.1/37581] INFO  server.session (DefaultSessionIdManager.java:doStart(339)) - No SessionScavenger set, using defaults
2022-07-12 21:06:13,856 [Listener at 127.0.0.1/37581] INFO  server.session (HouseKeeper.java:startScavenging(132)) - node0 Scavenging every 660000ms
2022-07-12 21:06:13,862 [Listener at 127.0.0.1/37581] INFO  handler.ContextHandler (ContextHandler.java:doStart(915)) - Started o.e.j.s.ServletContextHandler@2bf95bf1{logs,/logs,file:///home/runner/work/ozone/ozone/hadoop-ozone/integration-test/target/log,AVAILABLE}
2022-07-12 21:06:13,863 [Listener at 127.0.0.1/37581] INFO  handler.ContextHandler (ContextHandler.java:doStart(915)) - Started o.e.j.s.ServletContextHandler@50cf54e4{static,/static,jar:file:/home/runner/.m2/repository/org/apache/ozone/hdds-container-service/1.3.0-SNAPSHOT/hdds-container-service-1.3.0-SNAPSHOT.jar!/webapps/static,AVAILABLE}
2022-07-12 21:06:14,523 [Listener at 127.0.0.1/37581] INFO  handler.ContextHandler (ContextHandler.java:doStart(915)) - Started o.e.j.w.WebAppContext@6a616446{hddsDatanode,/,file:///tmp/jetty-0_0_0_0-34427-hdds-container-service-1_3_0-SNAPSHOT_jar-_-any-8235372724661469354/webapp/,AVAILABLE}{jar:file:/home/runner/.m2/repository/org/apache/ozone/hdds-container-service/1.3.0-SNAPSHOT/hdds-container-service-1.3.0-SNAPSHOT.jar!/webapps/hddsDatanode}
2022-07-12 21:06:14,544 [Listener at 127.0.0.1/37581] INFO  server.AbstractConnector (AbstractConnector.java:doStart(331)) - Started ServerConnector@5a5ef432{HTTP/1.1, (http/1.1)}{0.0.0.0:34427}
2022-07-12 21:06:14,544 [Listener at 127.0.0.1/37581] INFO  server.Server (Server.java:doStart(415)) - Started @154288ms
2022-07-12 21:06:14,544 [Listener at 127.0.0.1/37581] WARN  impl.MetricsSystemImpl (MetricsSystemImpl.java:register(279)) - Sink prometheus already exists!
2022-07-12 21:06:14,546 [Listener at 127.0.0.1/37581] INFO  http.BaseHttpServer (BaseHttpServer.java:updateConnectorAddress(329)) - HTTP server of hddsDatanode listening at http://0.0.0.0:34427
2022-07-12 21:06:14,553 [Listener at 127.0.0.1/37581] INFO  impl.MetricsSystemImpl (MetricsSystemImpl.java:init(158)) - HddsDatanode metrics system started (again)
2022-07-12 21:06:14,565 [Datanode State Machine Daemon Thread] INFO  statemachine.DatanodeStateMachine (DatanodeStateMachine.java:lambda$startDaemon$0(492)) - Ozone container server started.
2022-07-12 21:06:14,588 [org.apache.hadoop.util.JvmPauseMonitor$Monitor@3eda1eb2] INFO  util.JvmPauseMonitor (JvmPauseMonitor.java:run(188)) - Starting JVM pause monitor
2022-07-12 21:06:14,626 [Listener at 127.0.0.1/37581] INFO  ozone.HddsDatanodeService (HddsDatanodeService.java:start(236)) - HddsDatanodeService host:fv-az452-57.ku3lqr0aiaqu5kfj3xdpchcrvd.dx.internal.cloudapp.net ip:10.1.0.20
2022-07-12 21:06:14,635 [Datanode State Machine Task Thread - 0] INFO  datanode.InitDatanodeState (InitDatanodeState.java:persistContainerDatanodeDetails(138)) - DatanodeDetails is persisted to /home/runner/work/ozone/ozone/hadoop-ozone/integration-test/target/test-dir/MiniOzoneClusterImpl-f732ff5a-6050-490e-9ecc-7e3ed1996e94/datanode-0/meta/datanode.id
2022-07-12 21:06:14,690 [Listener at 127.0.0.1/37581] INFO  upgrade.AbstractLayoutVersionManager (AbstractLayoutVersionManager.java:init(82)) - Initializing Layout version manager with metadata layout = DATANODE_SCHEMA_V3 (version = 4), software layout = DATANODE_SCHEMA_V3 (version = 4)
2022-07-12 21:06:14,847 [Listener at 127.0.0.1/37581] INFO  reflections.Reflections (Reflections.java:scan(232)) - Reflections took 155 ms to scan 7 urls, producing 132 keys and 317 values 
2022-07-12 21:06:14,877 [Listener at 127.0.0.1/37581] INFO  statemachine.DatanodeStateMachine (DatanodeStateMachine.java:getEndPointTaskThreadPoolSize(237)) - Datanode State Machine Task Thread Pool size 2
2022-07-12 21:06:14,887 [Listener at 127.0.0.1/37581] INFO  volume.HddsVolume (HddsVolume.java:<init>(116)) - Creating HddsVolume: /home/runner/work/ozone/ozone/hadoop-ozone/integration-test/target/test-dir/MiniOzoneClusterImpl-f732ff5a-6050-490e-9ecc-7e3ed1996e94/datanode-1/data-0/containers/hdds of storage type : DISK capacity : 9223372036854775807
2022-07-12 21:06:14,887 [Listener at 127.0.0.1/37581] INFO  volume.MutableVolumeSet (MutableVolumeSet.java:initializeVolumeSet(174)) - Added Volume : /home/runner/work/ozone/ozone/hadoop-ozone/integration-test/target/test-dir/MiniOzoneClusterImpl-f732ff5a-6050-490e-9ecc-7e3ed1996e94/datanode-1/data-0/containers/hdds to VolumeSet
2022-07-12 21:06:14,887 [Listener at 127.0.0.1/37581] INFO  volume.ThrottledAsyncChecker (ThrottledAsyncChecker.java:schedule(141)) - Scheduling a check for /home/runner/work/ozone/ozone/hadoop-ozone/integration-test/target/test-dir/MiniOzoneClusterImpl-f732ff5a-6050-490e-9ecc-7e3ed1996e94/datanode-1/data-0/containers/hdds
2022-07-12 21:06:14,898 [Listener at 127.0.0.1/37581] INFO  volume.StorageVolumeChecker (StorageVolumeChecker.java:checkAllVolumes(202)) - Scheduled health check for volume /home/runner/work/ozone/ozone/hadoop-ozone/integration-test/target/test-dir/MiniOzoneClusterImpl-f732ff5a-6050-490e-9ecc-7e3ed1996e94/datanode-1/data-0/containers/hdds
2022-07-12 21:06:14,938 [Listener at 127.0.0.1/37581] INFO  volume.MutableVolumeSet (MutableVolumeSet.java:initializeVolumeSet(174)) - Added Volume : /home/runner/work/ozone/ozone/hadoop-ozone/integration-test/target/test-dir/MiniOzoneClusterImpl-f732ff5a-6050-490e-9ecc-7e3ed1996e94/datanode-1/data/ratis to VolumeSet
2022-07-12 21:06:14,938 [Listener at 127.0.0.1/37581] INFO  volume.ThrottledAsyncChecker (ThrottledAsyncChecker.java:schedule(141)) - Scheduling a check for /home/runner/work/ozone/ozone/hadoop-ozone/integration-test/target/test-dir/MiniOzoneClusterImpl-f732ff5a-6050-490e-9ecc-7e3ed1996e94/datanode-1/data/ratis
2022-07-12 21:06:14,948 [Listener at 127.0.0.1/37581] INFO  volume.StorageVolumeChecker (StorageVolumeChecker.java:checkAllVolumes(202)) - Scheduled health check for volume /home/runner/work/ozone/ozone/hadoop-ozone/integration-test/target/test-dir/MiniOzoneClusterImpl-f732ff5a-6050-490e-9ecc-7e3ed1996e94/datanode-1/data/ratis
2022-07-12 21:06:14,995 [Thread-1133] INFO  ozoneimpl.ContainerReader (ContainerReader.java:readVolume(175)) - Finish verifying containers on volume /home/runner/work/ozone/ozone/hadoop-ozone/integration-test/target/test-dir/MiniOzoneClusterImpl-f732ff5a-6050-490e-9ecc-7e3ed1996e94/datanode-1/data-0/containers/hdds
2022-07-12 21:06:14,995 [Listener at 127.0.0.1/37581] INFO  ozoneimpl.OzoneContainer (OzoneContainer.java:buildContainerSet(266)) - Build ContainerSet costs 0s
2022-07-12 21:06:15,048 [Listener at 127.0.0.1/37581] INFO  server.RaftServer (ConfUtils.java:logGet(46)) - raft.rpc.type = GRPC (default)
2022-07-12 21:06:15,048 [Listener at 127.0.0.1/37581] INFO  grpc.GrpcFactory (GrpcFactory.java:checkPooledByteBufAllocatorUseCacheForAllThreads(48)) - PERFORMANCE WARNING: useCacheForAllThreads is true that may cause Netty to create a lot garbage objects and, as a result, trigger GC.
	It is recommended to disable useCacheForAllThreads by setting -Dorg.apache.ratis.thirdparty.io.netty.allocator.useCacheForAllThreads=false in command line.
2022-07-12 21:06:15,048 [Listener at 127.0.0.1/37581] INFO  grpc.GrpcConfigKeys (ConfUtils.java:logGet(46)) - raft.grpc.admin.port = 0 (custom)
2022-07-12 21:06:15,048 [Listener at 127.0.0.1/37581] INFO  grpc.GrpcConfigKeys (ConfUtils.java:logGet(46)) - raft.grpc.client.port = 0 (custom)
2022-07-12 21:06:15,048 [Listener at 127.0.0.1/37581] INFO  grpc.GrpcConfigKeys (ConfUtils.java:logGet(46)) - raft.grpc.server.port = 0 (default)
2022-07-12 21:06:15,048 [Listener at 127.0.0.1/37581] INFO  server.GrpcService (ConfUtils.java:logGet(46)) - raft.grpc.message.size.max = 32MB (=33554432) (custom)
2022-07-12 21:06:15,049 [Listener at 127.0.0.1/37581] INFO  server.RaftServerConfigKeys (ConfUtils.java:logGet(46)) - raft.server.log.appender.buffer.byte-limit = 33554432 (custom)
2022-07-12 21:06:15,049 [Listener at 127.0.0.1/37581] INFO  server.GrpcService (ConfUtils.java:logGet(46)) - raft.grpc.flow.control.window = 5MB (=5242880) (custom)
2022-07-12 21:06:15,049 [Listener at 127.0.0.1/37581] INFO  server.RaftServerConfigKeys (ConfUtils.java:logGet(46)) - raft.server.rpc.request.timeout = 60s (custom)
2022-07-12 21:06:15,049 [Listener at 127.0.0.1/37581] INFO  grpc.GrpcConfigKeys (ConfUtils.java:logGet(46)) - raft.grpc.server.async.request.thread.pool.cached = true (default)
2022-07-12 21:06:15,049 [Listener at 127.0.0.1/37581] INFO  grpc.GrpcConfigKeys (ConfUtils.java:logGet(46)) - raft.grpc.server.async.request.thread.pool.size = 32 (default)
2022-07-12 21:06:15,059 [Listener at 127.0.0.1/37581] INFO  impl.DataStreamServerImpl (ConfUtils.java:logGet(46)) - raft.datastream.type = DISABLED (default)
2022-07-12 21:06:15,060 [Listener at 127.0.0.1/37581] INFO  server.RaftServerConfigKeys (ConfUtils.java:logGet(46)) - raft.server.threadpool.proxy.cached = true (default)
2022-07-12 21:06:15,060 [Listener at 127.0.0.1/37581] INFO  server.RaftServerConfigKeys (ConfUtils.java:logGet(46)) - raft.server.threadpool.proxy.size = 0 (default)
2022-07-12 21:06:15,060 [Listener at 127.0.0.1/37581] INFO  server.RaftServerConfigKeys (ConfUtils.java:logGet(46)) - raft.server.rpc.slowness.timeout = 300s (custom)
2022-07-12 21:06:15,060 [Listener at 127.0.0.1/37581] INFO  server.RaftServerConfigKeys (ConfUtils.java:logGet(46)) - raft.server.leaderelection.leader.step-down.wait-time = 10s (default)
2022-07-12 21:06:15,060 [Listener at 127.0.0.1/37581] INFO  server.RaftServerConfigKeys (ConfUtils.java:logGet(46)) - raft.server.storage.dir = [/home/runner/work/ozone/ozone/hadoop-ozone/integration-test/target/test-dir/MiniOzoneClusterImpl-f732ff5a-6050-490e-9ecc-7e3ed1996e94/datanode-1/data/ratis] (custom)
2022-07-12 21:06:15,068 [Listener at 127.0.0.1/37581] INFO  server.XceiverServerGrpc (XceiverServerGrpc.java:<init>(132)) - GrpcServer channel type EpollServerSocketChannel
2022-07-12 21:06:15,076 [Listener at 127.0.0.1/37581] INFO  http.BaseHttpServer (BaseHttpServer.java:newHttpServer2BuilderForOzone(209)) - Starting Web-server for hddsDatanode at: http://0.0.0.0:0
2022-07-12 21:06:15,076 [Listener at 127.0.0.1/37581] INFO  http.BaseHttpServer (BaseHttpServer.java:<init>(107)) - Hadoop Security Enabled: false Ozone Security Enabled: false Ozone HTTP Security Enabled: false 
2022-07-12 21:06:15,078 [Listener at 127.0.0.1/37581] INFO  server.AuthenticationFilter (AuthenticationFilter.java:constructSecretProvider(240)) - Unable to initialize FileSignerSecretProvider, falling back to use random secrets.
2022-07-12 21:06:15,099 [Listener at 127.0.0.1/37581] WARN  http.HttpRequestLog (HttpRequestLog.java:getRequestLog(103)) - Jetty request log can only be enabled using Log4j
2022-07-12 21:06:15,101 [Listener at 127.0.0.1/37581] INFO  http.HttpServer2 (HttpServer2.java:addGlobalFilter(1029)) - Added global filter 'safety' (class=org.apache.hadoop.hdds.server.http.HttpServer2$QuotingInputFilter)
2022-07-12 21:06:15,101 [Listener at 127.0.0.1/37581] INFO  http.HttpServer2 (HttpServer2.java:addFilter(1005)) - Added filter static_user_filter (class=org.apache.hadoop.http.lib.StaticUserWebFilter$StaticUserFilter) to context hddsDatanode
2022-07-12 21:06:15,102 [Listener at 127.0.0.1/37581] INFO  http.HttpServer2 (HttpServer2.java:addFilter(1013)) - Added filter static_user_filter (class=org.apache.hadoop.http.lib.StaticUserWebFilter$StaticUserFilter) to context logs
2022-07-12 21:06:15,102 [Listener at 127.0.0.1/37581] INFO  http.HttpServer2 (HttpServer2.java:addFilter(1013)) - Added filter static_user_filter (class=org.apache.hadoop.http.lib.StaticUserWebFilter$StaticUserFilter) to context static
2022-07-12 21:06:15,102 [Listener at 127.0.0.1/37581] INFO  http.HttpServer2 (HttpServer2.java:bindListener(1248)) - Jetty bound to port 38733
2022-07-12 21:06:15,102 [Listener at 127.0.0.1/37581] INFO  server.Server (Server.java:doStart(375)) - jetty-9.4.43.v20210629; built: 2021-06-30T11:07:22.254Z; git: 526006ecfa3af7f1a27ef3a288e2bef7ea9dd7e8; jvm 1.8.0_332-b09
2022-07-12 21:06:15,124 [Listener at 127.0.0.1/37581] INFO  server.session (DefaultSessionIdManager.java:doStart(334)) - DefaultSessionIdManager workerName=node0
2022-07-12 21:06:15,125 [Listener at 127.0.0.1/37581] INFO  server.session (DefaultSessionIdManager.java:doStart(339)) - No SessionScavenger set, using defaults
2022-07-12 21:06:15,125 [Listener at 127.0.0.1/37581] INFO  server.session (HouseKeeper.java:startScavenging(132)) - node0 Scavenging every 600000ms
2022-07-12 21:06:15,126 [Listener at 127.0.0.1/37581] INFO  handler.ContextHandler (ContextHandler.java:doStart(915)) - Started o.e.j.s.ServletContextHandler@549f6b3d{logs,/logs,file:///home/runner/work/ozone/ozone/hadoop-ozone/integration-test/target/log,AVAILABLE}
2022-07-12 21:06:15,126 [Listener at 127.0.0.1/37581] INFO  handler.ContextHandler (ContextHandler.java:doStart(915)) - Started o.e.j.s.ServletContextHandler@2c28e1e1{static,/static,jar:file:/home/runner/.m2/repository/org/apache/ozone/hdds-container-service/1.3.0-SNAPSHOT/hdds-container-service-1.3.0-SNAPSHOT.jar!/webapps/static,AVAILABLE}
2022-07-12 21:06:15,777 [Listener at 127.0.0.1/37581] INFO  handler.ContextHandler (ContextHandler.java:doStart(915)) - Started o.e.j.w.WebAppContext@62ef1703{hddsDatanode,/,file:///tmp/jetty-0_0_0_0-38733-hdds-container-service-1_3_0-SNAPSHOT_jar-_-any-1900013167909002958/webapp/,AVAILABLE}{jar:file:/home/runner/.m2/repository/org/apache/ozone/hdds-container-service/1.3.0-SNAPSHOT/hdds-container-service-1.3.0-SNAPSHOT.jar!/webapps/hddsDatanode}
2022-07-12 21:06:15,799 [Listener at 127.0.0.1/37581] INFO  server.AbstractConnector (AbstractConnector.java:doStart(331)) - Started ServerConnector@63c388fd{HTTP/1.1, (http/1.1)}{0.0.0.0:38733}
2022-07-12 21:06:15,800 [Listener at 127.0.0.1/37581] INFO  server.Server (Server.java:doStart(415)) - Started @155543ms
2022-07-12 21:06:15,800 [Listener at 127.0.0.1/37581] WARN  impl.MetricsSystemImpl (MetricsSystemImpl.java:register(279)) - Sink prometheus already exists!
2022-07-12 21:06:15,801 [Listener at 127.0.0.1/37581] INFO  http.BaseHttpServer (BaseHttpServer.java:updateConnectorAddress(329)) - HTTP server of hddsDatanode listening at http://0.0.0.0:38733
2022-07-12 21:06:15,804 [Listener at 127.0.0.1/37581] INFO  impl.MetricsSystemImpl (MetricsSystemImpl.java:init(158)) - HddsDatanode metrics system started (again)
2022-07-12 21:06:15,811 [Datanode State Machine Daemon Thread] INFO  statemachine.DatanodeStateMachine (DatanodeStateMachine.java:lambda$startDaemon$0(492)) - Ozone container server started.
2022-07-12 21:06:15,824 [org.apache.hadoop.util.JvmPauseMonitor$Monitor@62636251] INFO  util.JvmPauseMonitor (JvmPauseMonitor.java:run(188)) - Starting JVM pause monitor
2022-07-12 21:06:15,868 [Datanode State Machine Task Thread - 0] INFO  datanode.InitDatanodeState (InitDatanodeState.java:persistContainerDatanodeDetails(138)) - DatanodeDetails is persisted to /home/runner/work/ozone/ozone/hadoop-ozone/integration-test/target/test-dir/MiniOzoneClusterImpl-f732ff5a-6050-490e-9ecc-7e3ed1996e94/datanode-1/meta/datanode.id
2022-07-12 21:06:15,889 [Listener at 127.0.0.1/37581] INFO  ozone.HddsDatanodeService (HddsDatanodeService.java:start(236)) - HddsDatanodeService host:fv-az452-57.ku3lqr0aiaqu5kfj3xdpchcrvd.dx.internal.cloudapp.net ip:10.1.0.20
2022-07-12 21:06:15,950 [Listener at 127.0.0.1/37581] INFO  upgrade.AbstractLayoutVersionManager (AbstractLayoutVersionManager.java:init(82)) - Initializing Layout version manager with metadata layout = DATANODE_SCHEMA_V3 (version = 4), software layout = DATANODE_SCHEMA_V3 (version = 4)
2022-07-12 21:06:16,030 [Listener at 127.0.0.1/37581] INFO  reflections.Reflections (Reflections.java:scan(232)) - Reflections took 78 ms to scan 7 urls, producing 132 keys and 317 values 
2022-07-12 21:06:16,050 [Listener at 127.0.0.1/37581] INFO  statemachine.DatanodeStateMachine (DatanodeStateMachine.java:getEndPointTaskThreadPoolSize(237)) - Datanode State Machine Task Thread Pool size 2
2022-07-12 21:06:16,068 [Listener at 127.0.0.1/37581] INFO  volume.HddsVolume (HddsVolume.java:<init>(116)) - Creating HddsVolume: /home/runner/work/ozone/ozone/hadoop-ozone/integration-test/target/test-dir/MiniOzoneClusterImpl-f732ff5a-6050-490e-9ecc-7e3ed1996e94/datanode-2/data-0/containers/hdds of storage type : DISK capacity : 9223372036854775807
2022-07-12 21:06:16,068 [Listener at 127.0.0.1/37581] INFO  volume.MutableVolumeSet (MutableVolumeSet.java:initializeVolumeSet(174)) - Added Volume : /home/runner/work/ozone/ozone/hadoop-ozone/integration-test/target/test-dir/MiniOzoneClusterImpl-f732ff5a-6050-490e-9ecc-7e3ed1996e94/datanode-2/data-0/containers/hdds to VolumeSet
2022-07-12 21:06:16,069 [Listener at 127.0.0.1/37581] INFO  volume.ThrottledAsyncChecker (ThrottledAsyncChecker.java:schedule(141)) - Scheduling a check for /home/runner/work/ozone/ozone/hadoop-ozone/integration-test/target/test-dir/MiniOzoneClusterImpl-f732ff5a-6050-490e-9ecc-7e3ed1996e94/datanode-2/data-0/containers/hdds
2022-07-12 21:06:16,084 [Listener at 127.0.0.1/37581] INFO  volume.StorageVolumeChecker (StorageVolumeChecker.java:checkAllVolumes(202)) - Scheduled health check for volume /home/runner/work/ozone/ozone/hadoop-ozone/integration-test/target/test-dir/MiniOzoneClusterImpl-f732ff5a-6050-490e-9ecc-7e3ed1996e94/datanode-2/data-0/containers/hdds
2022-07-12 21:06:16,159 [Listener at 127.0.0.1/37581] INFO  volume.MutableVolumeSet (MutableVolumeSet.java:initializeVolumeSet(174)) - Added Volume : /home/runner/work/ozone/ozone/hadoop-ozone/integration-test/target/test-dir/MiniOzoneClusterImpl-f732ff5a-6050-490e-9ecc-7e3ed1996e94/datanode-2/data/ratis to VolumeSet
2022-07-12 21:06:16,160 [Listener at 127.0.0.1/37581] INFO  volume.ThrottledAsyncChecker (ThrottledAsyncChecker.java:schedule(141)) - Scheduling a check for /home/runner/work/ozone/ozone/hadoop-ozone/integration-test/target/test-dir/MiniOzoneClusterImpl-f732ff5a-6050-490e-9ecc-7e3ed1996e94/datanode-2/data/ratis
2022-07-12 21:06:16,160 [Listener at 127.0.0.1/37581] INFO  volume.StorageVolumeChecker (StorageVolumeChecker.java:checkAllVolumes(202)) - Scheduled health check for volume /home/runner/work/ozone/ozone/hadoop-ozone/integration-test/target/test-dir/MiniOzoneClusterImpl-f732ff5a-6050-490e-9ecc-7e3ed1996e94/datanode-2/data/ratis
2022-07-12 21:06:16,202 [Thread-1146] INFO  ozoneimpl.ContainerReader (ContainerReader.java:readVolume(175)) - Finish verifying containers on volume /home/runner/work/ozone/ozone/hadoop-ozone/integration-test/target/test-dir/MiniOzoneClusterImpl-f732ff5a-6050-490e-9ecc-7e3ed1996e94/datanode-2/data-0/containers/hdds
2022-07-12 21:06:16,202 [Listener at 127.0.0.1/37581] INFO  ozoneimpl.OzoneContainer (OzoneContainer.java:buildContainerSet(266)) - Build ContainerSet costs 0s
2022-07-12 21:06:16,204 [Listener at 127.0.0.1/37581] INFO  server.RaftServer (ConfUtils.java:logGet(46)) - raft.rpc.type = GRPC (default)
2022-07-12 21:06:16,205 [Listener at 127.0.0.1/37581] INFO  grpc.GrpcFactory (GrpcFactory.java:checkPooledByteBufAllocatorUseCacheForAllThreads(48)) - PERFORMANCE WARNING: useCacheForAllThreads is true that may cause Netty to create a lot garbage objects and, as a result, trigger GC.
	It is recommended to disable useCacheForAllThreads by setting -Dorg.apache.ratis.thirdparty.io.netty.allocator.useCacheForAllThreads=false in command line.
2022-07-12 21:06:16,205 [Listener at 127.0.0.1/37581] INFO  grpc.GrpcConfigKeys (ConfUtils.java:logGet(46)) - raft.grpc.admin.port = 0 (custom)
2022-07-12 21:06:16,205 [Listener at 127.0.0.1/37581] INFO  grpc.GrpcConfigKeys (ConfUtils.java:logGet(46)) - raft.grpc.client.port = 0 (custom)
2022-07-12 21:06:16,205 [Listener at 127.0.0.1/37581] INFO  grpc.GrpcConfigKeys (ConfUtils.java:logGet(46)) - raft.grpc.server.port = 0 (default)
2022-07-12 21:06:16,205 [Listener at 127.0.0.1/37581] INFO  server.GrpcService (ConfUtils.java:logGet(46)) - raft.grpc.message.size.max = 32MB (=33554432) (custom)
2022-07-12 21:06:16,205 [Listener at 127.0.0.1/37581] INFO  server.RaftServerConfigKeys (ConfUtils.java:logGet(46)) - raft.server.log.appender.buffer.byte-limit = 33554432 (custom)
2022-07-12 21:06:16,205 [Listener at 127.0.0.1/37581] INFO  server.GrpcService (ConfUtils.java:logGet(46)) - raft.grpc.flow.control.window = 5MB (=5242880) (custom)
2022-07-12 21:06:16,205 [Listener at 127.0.0.1/37581] INFO  server.RaftServerConfigKeys (ConfUtils.java:logGet(46)) - raft.server.rpc.request.timeout = 60s (custom)
2022-07-12 21:06:16,206 [Listener at 127.0.0.1/37581] INFO  grpc.GrpcConfigKeys (ConfUtils.java:logGet(46)) - raft.grpc.server.async.request.thread.pool.cached = true (default)
2022-07-12 21:06:16,206 [Listener at 127.0.0.1/37581] INFO  grpc.GrpcConfigKeys (ConfUtils.java:logGet(46)) - raft.grpc.server.async.request.thread.pool.size = 32 (default)
2022-07-12 21:06:16,207 [Listener at 127.0.0.1/37581] INFO  impl.DataStreamServerImpl (ConfUtils.java:logGet(46)) - raft.datastream.type = DISABLED (default)
2022-07-12 21:06:16,207 [Listener at 127.0.0.1/37581] INFO  server.RaftServerConfigKeys (ConfUtils.java:logGet(46)) - raft.server.threadpool.proxy.cached = true (default)
2022-07-12 21:06:16,207 [Listener at 127.0.0.1/37581] INFO  server.RaftServerConfigKeys (ConfUtils.java:logGet(46)) - raft.server.threadpool.proxy.size = 0 (default)
2022-07-12 21:06:16,247 [Listener at 127.0.0.1/37581] INFO  server.RaftServerConfigKeys (ConfUtils.java:logGet(46)) - raft.server.rpc.slowness.timeout = 300s (custom)
2022-07-12 21:06:16,248 [Listener at 127.0.0.1/37581] INFO  server.RaftServerConfigKeys (ConfUtils.java:logGet(46)) - raft.server.leaderelection.leader.step-down.wait-time = 10s (default)
2022-07-12 21:06:16,248 [Listener at 127.0.0.1/37581] INFO  server.RaftServerConfigKeys (ConfUtils.java:logGet(46)) - raft.server.storage.dir = [/home/runner/work/ozone/ozone/hadoop-ozone/integration-test/target/test-dir/MiniOzoneClusterImpl-f732ff5a-6050-490e-9ecc-7e3ed1996e94/datanode-2/data/ratis] (custom)
2022-07-12 21:06:16,265 [Listener at 127.0.0.1/37581] INFO  server.XceiverServerGrpc (XceiverServerGrpc.java:<init>(132)) - GrpcServer channel type EpollServerSocketChannel
2022-07-12 21:06:16,296 [Listener at 127.0.0.1/37581] INFO  http.BaseHttpServer (BaseHttpServer.java:newHttpServer2BuilderForOzone(209)) - Starting Web-server for hddsDatanode at: http://0.0.0.0:0
2022-07-12 21:06:16,296 [Listener at 127.0.0.1/37581] INFO  http.BaseHttpServer (BaseHttpServer.java:<init>(107)) - Hadoop Security Enabled: false Ozone Security Enabled: false Ozone HTTP Security Enabled: false 
2022-07-12 21:06:16,298 [Listener at 127.0.0.1/37581] INFO  server.AuthenticationFilter (AuthenticationFilter.java:constructSecretProvider(240)) - Unable to initialize FileSignerSecretProvider, falling back to use random secrets.
2022-07-12 21:06:16,315 [Listener at 127.0.0.1/37581] WARN  http.HttpRequestLog (HttpRequestLog.java:getRequestLog(103)) - Jetty request log can only be enabled using Log4j
2022-07-12 21:06:16,336 [Listener at 127.0.0.1/37581] INFO  http.HttpServer2 (HttpServer2.java:addGlobalFilter(1029)) - Added global filter 'safety' (class=org.apache.hadoop.hdds.server.http.HttpServer2$QuotingInputFilter)
2022-07-12 21:06:16,337 [Listener at 127.0.0.1/37581] INFO  http.HttpServer2 (HttpServer2.java:addFilter(1005)) - Added filter static_user_filter (class=org.apache.hadoop.http.lib.StaticUserWebFilter$StaticUserFilter) to context hddsDatanode
2022-07-12 21:06:16,337 [Listener at 127.0.0.1/37581] INFO  http.HttpServer2 (HttpServer2.java:addFilter(1013)) - Added filter static_user_filter (class=org.apache.hadoop.http.lib.StaticUserWebFilter$StaticUserFilter) to context static
2022-07-12 21:06:16,337 [Listener at 127.0.0.1/37581] INFO  http.HttpServer2 (HttpServer2.java:addFilter(1013)) - Added filter static_user_filter (class=org.apache.hadoop.http.lib.StaticUserWebFilter$StaticUserFilter) to context logs
2022-07-12 21:06:16,338 [Listener at 127.0.0.1/37581] INFO  http.HttpServer2 (HttpServer2.java:bindListener(1248)) - Jetty bound to port 40957
2022-07-12 21:06:16,338 [Listener at 127.0.0.1/37581] INFO  server.Server (Server.java:doStart(375)) - jetty-9.4.43.v20210629; built: 2021-06-30T11:07:22.254Z; git: 526006ecfa3af7f1a27ef3a288e2bef7ea9dd7e8; jvm 1.8.0_332-b09
2022-07-12 21:06:16,384 [Listener at 127.0.0.1/37581] INFO  server.session (DefaultSessionIdManager.java:doStart(334)) - DefaultSessionIdManager workerName=node0
2022-07-12 21:06:16,384 [Listener at 127.0.0.1/37581] INFO  server.session (DefaultSessionIdManager.java:doStart(339)) - No SessionScavenger set, using defaults
2022-07-12 21:06:16,384 [Listener at 127.0.0.1/37581] INFO  server.session (HouseKeeper.java:startScavenging(132)) - node0 Scavenging every 660000ms
2022-07-12 21:06:16,386 [Listener at 127.0.0.1/37581] INFO  handler.ContextHandler (ContextHandler.java:doStart(915)) - Started o.e.j.s.ServletContextHandler@4d64b2ef{logs,/logs,file:///home/runner/work/ozone/ozone/hadoop-ozone/integration-test/target/log,AVAILABLE}
2022-07-12 21:06:16,387 [Listener at 127.0.0.1/37581] INFO  handler.ContextHandler (ContextHandler.java:doStart(915)) - Started o.e.j.s.ServletContextHandler@5a00c334{static,/static,jar:file:/home/runner/.m2/repository/org/apache/ozone/hdds-container-service/1.3.0-SNAPSHOT/hdds-container-service-1.3.0-SNAPSHOT.jar!/webapps/static,AVAILABLE}
2022-07-12 21:06:16,823 [EndpointStateMachine task thread for /0.0.0.0:43829 - 0 ] INFO  volume.HddsVolume (HddsVolume.java:createDbStore(309)) - SchemaV3 db is created and loaded at /home/runner/work/ozone/ozone/hadoop-ozone/integration-test/target/test-dir/MiniOzoneClusterImpl-f732ff5a-6050-490e-9ecc-7e3ed1996e94/datanode-0/data-0/containers/hdds/f732ff5a-6050-490e-9ecc-7e3ed1996e94/DS-c687265f-7875-4c75-95b2-e8c440dd41fe/container.db for volume DS-c687265f-7875-4c75-95b2-e8c440dd41fe
2022-07-12 21:06:16,825 [EndpointStateMachine task thread for /0.0.0.0:43829 - 0 ] INFO  volume.HddsVolume (HddsVolume.java:closeDbStore(340)) - SchemaV3 db is stopped at /home/runner/work/ozone/ozone/hadoop-ozone/integration-test/target/test-dir/MiniOzoneClusterImpl-f732ff5a-6050-490e-9ecc-7e3ed1996e94/datanode-0/data-0/containers/hdds/f732ff5a-6050-490e-9ecc-7e3ed1996e94/DS-c687265f-7875-4c75-95b2-e8c440dd41fe/container.db for volume DS-c687265f-7875-4c75-95b2-e8c440dd41fe
2022-07-12 21:06:16,825 [EndpointStateMachine task thread for /0.0.0.0:43829 - 0 ] INFO  ozoneimpl.OzoneContainer (OzoneContainer.java:start(344)) - Attempting to start container services.
2022-07-12 21:06:16,825 [EndpointStateMachine task thread for /0.0.0.0:43829 - 0 ] INFO  ozoneimpl.OzoneContainer (OzoneContainer.java:startContainerScrub(279)) - Background container scanner has been disabled.
2022-07-12 21:06:16,857 [EndpointStateMachine task thread for /0.0.0.0:43829 - 0 ] INFO  replication.ReplicationServer (ReplicationServer.java:start(111)) - ReplicationServer is started using port 46381
2022-07-12 21:06:16,858 [EndpointStateMachine task thread for /0.0.0.0:43829 - 0 ] INFO  ratis.XceiverServerRatis (XceiverServerRatis.java:start(481)) - Starting XceiverServerRatis 6d03a90d-b393-4c2b-aa32-f45668f1c5ca
2022-07-12 21:06:16,864 [EndpointStateMachine task thread for /0.0.0.0:43829 - 0 ] INFO  server.RaftServer (RaftServerProxy.java:lambda$start$6(382)) - 6d03a90d-b393-4c2b-aa32-f45668f1c5ca: start RPC server
2022-07-12 21:06:16,930 [EndpointStateMachine task thread for /0.0.0.0:43829 - 0 ] INFO  server.GrpcService (GrpcService.java:startImpl(260)) - 6d03a90d-b393-4c2b-aa32-f45668f1c5ca: GrpcService started, listening on 39877
2022-07-12 21:06:16,930 [EndpointStateMachine task thread for /0.0.0.0:43829 - 0 ] INFO  ratis.XceiverServerRatis (XceiverServerRatis.java:getRealPort(502)) - XceiverServerRatis 6d03a90d-b393-4c2b-aa32-f45668f1c5ca is started using port 39877 for RATIS
2022-07-12 21:06:16,930 [EndpointStateMachine task thread for /0.0.0.0:43829 - 0 ] INFO  ratis.XceiverServerRatis (XceiverServerRatis.java:getRealPort(502)) - XceiverServerRatis 6d03a90d-b393-4c2b-aa32-f45668f1c5ca is started using port 39877 for RATIS_ADMIN
2022-07-12 21:06:16,931 [EndpointStateMachine task thread for /0.0.0.0:43829 - 0 ] INFO  ratis.XceiverServerRatis (XceiverServerRatis.java:getRealPort(502)) - XceiverServerRatis 6d03a90d-b393-4c2b-aa32-f45668f1c5ca is started using port 39877 for RATIS_SERVER
2022-07-12 21:06:16,931 [org.apache.ratis.util.JvmPauseMonitor$$Lambda$613/1050667922@afb5430] INFO  util.JvmPauseMonitor (JvmPauseMonitor.java:run(103)) - JvmPauseMonitor-6d03a90d-b393-4c2b-aa32-f45668f1c5ca: Started
2022-07-12 21:06:16,979 [EndpointStateMachine task thread for /0.0.0.0:43829 - 0 ] INFO  server.XceiverServerGrpc (XceiverServerGrpc.java:start(180)) - XceiverServerGrpc 6d03a90d-b393-4c2b-aa32-f45668f1c5ca is started using port 44331
2022-07-12 21:06:17,306 [Listener at 127.0.0.1/37581] INFO  handler.ContextHandler (ContextHandler.java:doStart(915)) - Started o.e.j.w.WebAppContext@658809f3{hddsDatanode,/,file:///tmp/jetty-0_0_0_0-40957-hdds-container-service-1_3_0-SNAPSHOT_jar-_-any-2525066627732177151/webapp/,AVAILABLE}{jar:file:/home/runner/.m2/repository/org/apache/ozone/hdds-container-service/1.3.0-SNAPSHOT/hdds-container-service-1.3.0-SNAPSHOT.jar!/webapps/hddsDatanode}
2022-07-12 21:06:17,340 [Listener at 127.0.0.1/37581] INFO  server.AbstractConnector (AbstractConnector.java:doStart(331)) - Started ServerConnector@5bace7af{HTTP/1.1, (http/1.1)}{0.0.0.0:40957}
2022-07-12 21:06:17,340 [Listener at 127.0.0.1/37581] INFO  server.Server (Server.java:doStart(415)) - Started @157083ms
2022-07-12 21:06:17,340 [Listener at 127.0.0.1/37581] WARN  impl.MetricsSystemImpl (MetricsSystemImpl.java:register(279)) - Sink prometheus already exists!
2022-07-12 21:06:17,341 [Listener at 127.0.0.1/37581] INFO  http.BaseHttpServer (BaseHttpServer.java:updateConnectorAddress(329)) - HTTP server of hddsDatanode listening at http://0.0.0.0:40957
2022-07-12 21:06:17,352 [Listener at 127.0.0.1/37581] INFO  impl.MetricsSystemImpl (MetricsSystemImpl.java:init(158)) - HddsDatanode metrics system started (again)
2022-07-12 21:06:17,359 [Datanode State Machine Daemon Thread] INFO  statemachine.DatanodeStateMachine (DatanodeStateMachine.java:lambda$startDaemon$0(492)) - Ozone container server started.
2022-07-12 21:06:17,385 [Listener at 127.0.0.1/37581] INFO  ozone.HddsDatanodeService (HddsDatanodeService.java:start(236)) - HddsDatanodeService host:fv-az452-57.ku3lqr0aiaqu5kfj3xdpchcrvd.dx.internal.cloudapp.net ip:10.1.0.20
2022-07-12 21:06:17,404 [org.apache.hadoop.util.JvmPauseMonitor$Monitor@5dcc39ab] INFO  util.JvmPauseMonitor (JvmPauseMonitor.java:run(188)) - Starting JVM pause monitor
2022-07-12 21:06:17,435 [Datanode State Machine Task Thread - 0] INFO  datanode.InitDatanodeState (InitDatanodeState.java:persistContainerDatanodeDetails(138)) - DatanodeDetails is persisted to /home/runner/work/ozone/ozone/hadoop-ozone/integration-test/target/test-dir/MiniOzoneClusterImpl-f732ff5a-6050-490e-9ecc-7e3ed1996e94/datanode-2/meta/datanode.id
2022-07-12 21:06:17,492 [Listener at 127.0.0.1/37581] INFO  upgrade.AbstractLayoutVersionManager (AbstractLayoutVersionManager.java:init(82)) - Initializing Layout version manager with metadata layout = DATANODE_SCHEMA_V3 (version = 4), software layout = DATANODE_SCHEMA_V3 (version = 4)
2022-07-12 21:06:17,710 [Listener at 127.0.0.1/37581] INFO  reflections.Reflections (Reflections.java:scan(232)) - Reflections took 216 ms to scan 7 urls, producing 132 keys and 317 values 
2022-07-12 21:06:17,712 [Listener at 127.0.0.1/37581] INFO  statemachine.DatanodeStateMachine (DatanodeStateMachine.java:getEndPointTaskThreadPoolSize(237)) - Datanode State Machine Task Thread Pool size 2
2022-07-12 21:06:17,714 [Listener at 127.0.0.1/37581] INFO  volume.HddsVolume (HddsVolume.java:<init>(116)) - Creating HddsVolume: /home/runner/work/ozone/ozone/hadoop-ozone/integration-test/target/test-dir/MiniOzoneClusterImpl-f732ff5a-6050-490e-9ecc-7e3ed1996e94/datanode-3/data-0/containers/hdds of storage type : DISK capacity : 9223372036854775807
2022-07-12 21:06:17,714 [Listener at 127.0.0.1/37581] INFO  volume.MutableVolumeSet (MutableVolumeSet.java:initializeVolumeSet(174)) - Added Volume : /home/runner/work/ozone/ozone/hadoop-ozone/integration-test/target/test-dir/MiniOzoneClusterImpl-f732ff5a-6050-490e-9ecc-7e3ed1996e94/datanode-3/data-0/containers/hdds to VolumeSet
2022-07-12 21:06:17,714 [Listener at 127.0.0.1/37581] INFO  volume.ThrottledAsyncChecker (ThrottledAsyncChecker.java:schedule(141)) - Scheduling a check for /home/runner/work/ozone/ozone/hadoop-ozone/integration-test/target/test-dir/MiniOzoneClusterImpl-f732ff5a-6050-490e-9ecc-7e3ed1996e94/datanode-3/data-0/containers/hdds
2022-07-12 21:06:17,715 [Listener at 127.0.0.1/37581] INFO  volume.StorageVolumeChecker (StorageVolumeChecker.java:checkAllVolumes(202)) - Scheduled health check for volume /home/runner/work/ozone/ozone/hadoop-ozone/integration-test/target/test-dir/MiniOzoneClusterImpl-f732ff5a-6050-490e-9ecc-7e3ed1996e94/datanode-3/data-0/containers/hdds
2022-07-12 21:06:17,763 [Listener at 127.0.0.1/37581] INFO  volume.MutableVolumeSet (MutableVolumeSet.java:initializeVolumeSet(174)) - Added Volume : /home/runner/work/ozone/ozone/hadoop-ozone/integration-test/target/test-dir/MiniOzoneClusterImpl-f732ff5a-6050-490e-9ecc-7e3ed1996e94/datanode-3/data/ratis to VolumeSet
2022-07-12 21:06:17,763 [Listener at 127.0.0.1/37581] INFO  volume.ThrottledAsyncChecker (ThrottledAsyncChecker.java:schedule(141)) - Scheduling a check for /home/runner/work/ozone/ozone/hadoop-ozone/integration-test/target/test-dir/MiniOzoneClusterImpl-f732ff5a-6050-490e-9ecc-7e3ed1996e94/datanode-3/data/ratis
2022-07-12 21:06:17,774 [Listener at 127.0.0.1/37581] INFO  volume.StorageVolumeChecker (StorageVolumeChecker.java:checkAllVolumes(202)) - Scheduled health check for volume /home/runner/work/ozone/ozone/hadoop-ozone/integration-test/target/test-dir/MiniOzoneClusterImpl-f732ff5a-6050-490e-9ecc-7e3ed1996e94/datanode-3/data/ratis
2022-07-12 21:06:17,826 [Thread-1163] INFO  ozoneimpl.ContainerReader (ContainerReader.java:readVolume(175)) - Finish verifying containers on volume /home/runner/work/ozone/ozone/hadoop-ozone/integration-test/target/test-dir/MiniOzoneClusterImpl-f732ff5a-6050-490e-9ecc-7e3ed1996e94/datanode-3/data-0/containers/hdds
2022-07-12 21:06:17,827 [Listener at 127.0.0.1/37581] INFO  ozoneimpl.OzoneContainer (OzoneContainer.java:buildContainerSet(266)) - Build ContainerSet costs 0s
2022-07-12 21:06:17,833 [Listener at 127.0.0.1/37581] INFO  server.RaftServer (ConfUtils.java:logGet(46)) - raft.rpc.type = GRPC (default)
2022-07-12 21:06:17,834 [Listener at 127.0.0.1/37581] INFO  grpc.GrpcFactory (GrpcFactory.java:checkPooledByteBufAllocatorUseCacheForAllThreads(48)) - PERFORMANCE WARNING: useCacheForAllThreads is true that may cause Netty to create a lot garbage objects and, as a result, trigger GC.
	It is recommended to disable useCacheForAllThreads by setting -Dorg.apache.ratis.thirdparty.io.netty.allocator.useCacheForAllThreads=false in command line.
2022-07-12 21:06:17,834 [Listener at 127.0.0.1/37581] INFO  grpc.GrpcConfigKeys (ConfUtils.java:logGet(46)) - raft.grpc.admin.port = 0 (custom)
2022-07-12 21:06:17,834 [Listener at 127.0.0.1/37581] INFO  grpc.GrpcConfigKeys (ConfUtils.java:logGet(46)) - raft.grpc.client.port = 0 (custom)
2022-07-12 21:06:17,834 [Listener at 127.0.0.1/37581] INFO  grpc.GrpcConfigKeys (ConfUtils.java:logGet(46)) - raft.grpc.server.port = 0 (default)
2022-07-12 21:06:17,834 [Listener at 127.0.0.1/37581] INFO  server.GrpcService (ConfUtils.java:logGet(46)) - raft.grpc.message.size.max = 32MB (=33554432) (custom)
2022-07-12 21:06:17,834 [Listener at 127.0.0.1/37581] INFO  server.RaftServerConfigKeys (ConfUtils.java:logGet(46)) - raft.server.log.appender.buffer.byte-limit = 33554432 (custom)
2022-07-12 21:06:17,834 [Listener at 127.0.0.1/37581] INFO  server.GrpcService (ConfUtils.java:logGet(46)) - raft.grpc.flow.control.window = 5MB (=5242880) (custom)
2022-07-12 21:06:17,834 [Listener at 127.0.0.1/37581] INFO  server.RaftServerConfigKeys (ConfUtils.java:logGet(46)) - raft.server.rpc.request.timeout = 60s (custom)
2022-07-12 21:06:17,835 [Listener at 127.0.0.1/37581] INFO  grpc.GrpcConfigKeys (ConfUtils.java:logGet(46)) - raft.grpc.server.async.request.thread.pool.cached = true (default)
2022-07-12 21:06:17,835 [Listener at 127.0.0.1/37581] INFO  grpc.GrpcConfigKeys (ConfUtils.java:logGet(46)) - raft.grpc.server.async.request.thread.pool.size = 32 (default)
2022-07-12 21:06:17,842 [Listener at 127.0.0.1/37581] INFO  impl.DataStreamServerImpl (ConfUtils.java:logGet(46)) - raft.datastream.type = DISABLED (default)
2022-07-12 21:06:17,843 [Listener at 127.0.0.1/37581] INFO  server.RaftServerConfigKeys (ConfUtils.java:logGet(46)) - raft.server.threadpool.proxy.cached = true (default)
2022-07-12 21:06:17,843 [Listener at 127.0.0.1/37581] INFO  server.RaftServerConfigKeys (ConfUtils.java:logGet(46)) - raft.server.threadpool.proxy.size = 0 (default)
2022-07-12 21:06:17,843 [Listener at 127.0.0.1/37581] INFO  server.RaftServerConfigKeys (ConfUtils.java:logGet(46)) - raft.server.rpc.slowness.timeout = 300s (custom)
2022-07-12 21:06:17,858 [Listener at 127.0.0.1/37581] INFO  server.RaftServerConfigKeys (ConfUtils.java:logGet(46)) - raft.server.leaderelection.leader.step-down.wait-time = 10s (default)
2022-07-12 21:06:17,859 [Listener at 127.0.0.1/37581] INFO  server.RaftServerConfigKeys (ConfUtils.java:logGet(46)) - raft.server.storage.dir = [/home/runner/work/ozone/ozone/hadoop-ozone/integration-test/target/test-dir/MiniOzoneClusterImpl-f732ff5a-6050-490e-9ecc-7e3ed1996e94/datanode-3/data/ratis] (custom)
2022-07-12 21:06:17,863 [Listener at 127.0.0.1/37581] INFO  server.XceiverServerGrpc (XceiverServerGrpc.java:<init>(132)) - GrpcServer channel type EpollServerSocketChannel
2022-07-12 21:06:17,912 [Listener at 127.0.0.1/37581] INFO  http.BaseHttpServer (BaseHttpServer.java:newHttpServer2BuilderForOzone(209)) - Starting Web-server for hddsDatanode at: http://0.0.0.0:0
2022-07-12 21:06:17,912 [Listener at 127.0.0.1/37581] INFO  http.BaseHttpServer (BaseHttpServer.java:<init>(107)) - Hadoop Security Enabled: false Ozone Security Enabled: false Ozone HTTP Security Enabled: false 
2022-07-12 21:06:17,924 [EndpointStateMachine task thread for /0.0.0.0:43829 - 0 ] INFO  volume.HddsVolume (HddsVolume.java:createDbStore(309)) - SchemaV3 db is created and loaded at /home/runner/work/ozone/ozone/hadoop-ozone/integration-test/target/test-dir/MiniOzoneClusterImpl-f732ff5a-6050-490e-9ecc-7e3ed1996e94/datanode-1/data-0/containers/hdds/f732ff5a-6050-490e-9ecc-7e3ed1996e94/DS-1837aaa7-0a43-442a-94ef-2d592b46f3fe/container.db for volume DS-1837aaa7-0a43-442a-94ef-2d592b46f3fe
2022-07-12 21:06:17,958 [EndpointStateMachine task thread for /0.0.0.0:43829 - 0 ] INFO  volume.HddsVolume (HddsVolume.java:closeDbStore(340)) - SchemaV3 db is stopped at /home/runner/work/ozone/ozone/hadoop-ozone/integration-test/target/test-dir/MiniOzoneClusterImpl-f732ff5a-6050-490e-9ecc-7e3ed1996e94/datanode-1/data-0/containers/hdds/f732ff5a-6050-490e-9ecc-7e3ed1996e94/DS-1837aaa7-0a43-442a-94ef-2d592b46f3fe/container.db for volume DS-1837aaa7-0a43-442a-94ef-2d592b46f3fe
2022-07-12 21:06:17,958 [EndpointStateMachine task thread for /0.0.0.0:43829 - 0 ] INFO  ozoneimpl.OzoneContainer (OzoneContainer.java:start(344)) - Attempting to start container services.
2022-07-12 21:06:17,958 [EndpointStateMachine task thread for /0.0.0.0:43829 - 0 ] INFO  ozoneimpl.OzoneContainer (OzoneContainer.java:startContainerScrub(279)) - Background container scanner has been disabled.
2022-07-12 21:06:17,963 [Listener at 127.0.0.1/37581] INFO  server.AuthenticationFilter (AuthenticationFilter.java:constructSecretProvider(240)) - Unable to initialize FileSignerSecretProvider, falling back to use random secrets.
2022-07-12 21:06:17,971 [Listener at 127.0.0.1/37581] WARN  http.HttpRequestLog (HttpRequestLog.java:getRequestLog(103)) - Jetty request log can only be enabled using Log4j
2022-07-12 21:06:17,973 [Listener at 127.0.0.1/37581] INFO  http.HttpServer2 (HttpServer2.java:addGlobalFilter(1029)) - Added global filter 'safety' (class=org.apache.hadoop.hdds.server.http.HttpServer2$QuotingInputFilter)
2022-07-12 21:06:17,973 [Listener at 127.0.0.1/37581] INFO  http.HttpServer2 (HttpServer2.java:addFilter(1005)) - Added filter static_user_filter (class=org.apache.hadoop.http.lib.StaticUserWebFilter$StaticUserFilter) to context hddsDatanode
2022-07-12 21:06:17,974 [Listener at 127.0.0.1/37581] INFO  http.HttpServer2 (HttpServer2.java:addFilter(1013)) - Added filter static_user_filter (class=org.apache.hadoop.http.lib.StaticUserWebFilter$StaticUserFilter) to context static
2022-07-12 21:06:17,974 [Listener at 127.0.0.1/37581] INFO  http.HttpServer2 (HttpServer2.java:addFilter(1013)) - Added filter static_user_filter (class=org.apache.hadoop.http.lib.StaticUserWebFilter$StaticUserFilter) to context logs
2022-07-12 21:06:17,996 [Listener at 127.0.0.1/37581] INFO  http.HttpServer2 (HttpServer2.java:bindListener(1248)) - Jetty bound to port 34363
2022-07-12 21:06:17,997 [Listener at 127.0.0.1/37581] INFO  server.Server (Server.java:doStart(375)) - jetty-9.4.43.v20210629; built: 2021-06-30T11:07:22.254Z; git: 526006ecfa3af7f1a27ef3a288e2bef7ea9dd7e8; jvm 1.8.0_332-b09
2022-07-12 21:06:17,988 [EndpointStateMachine task thread for /0.0.0.0:43829 - 0 ] INFO  replication.ReplicationServer (ReplicationServer.java:start(111)) - ReplicationServer is started using port 35831
2022-07-12 21:06:18,070 [Listener at 127.0.0.1/37581] INFO  server.session (DefaultSessionIdManager.java:doStart(334)) - DefaultSessionIdManager workerName=node0
2022-07-12 21:06:18,070 [Listener at 127.0.0.1/37581] INFO  server.session (DefaultSessionIdManager.java:doStart(339)) - No SessionScavenger set, using defaults
2022-07-12 21:06:18,091 [EndpointStateMachine task thread for /0.0.0.0:43829 - 0 ] INFO  ratis.XceiverServerRatis (XceiverServerRatis.java:start(481)) - Starting XceiverServerRatis b88517ff-a734-4baa-8e75-48c6a6d5a3f3
2022-07-12 21:06:18,091 [Listener at 127.0.0.1/37581] INFO  server.session (HouseKeeper.java:startScavenging(132)) - node0 Scavenging every 600000ms
2022-07-12 21:06:18,128 [EndpointStateMachine task thread for /0.0.0.0:43829 - 0 ] INFO  server.RaftServer (RaftServerProxy.java:lambda$start$6(382)) - b88517ff-a734-4baa-8e75-48c6a6d5a3f3: start RPC server
2022-07-12 21:06:18,144 [EndpointStateMachine task thread for /0.0.0.0:43829 - 0 ] INFO  server.GrpcService (GrpcService.java:startImpl(260)) - b88517ff-a734-4baa-8e75-48c6a6d5a3f3: GrpcService started, listening on 38005
2022-07-12 21:06:18,144 [EndpointStateMachine task thread for /0.0.0.0:43829 - 0 ] INFO  ratis.XceiverServerRatis (XceiverServerRatis.java:getRealPort(502)) - XceiverServerRatis b88517ff-a734-4baa-8e75-48c6a6d5a3f3 is started using port 38005 for RATIS
2022-07-12 21:06:18,144 [EndpointStateMachine task thread for /0.0.0.0:43829 - 0 ] INFO  ratis.XceiverServerRatis (XceiverServerRatis.java:getRealPort(502)) - XceiverServerRatis b88517ff-a734-4baa-8e75-48c6a6d5a3f3 is started using port 38005 for RATIS_ADMIN
2022-07-12 21:06:18,144 [EndpointStateMachine task thread for /0.0.0.0:43829 - 0 ] INFO  ratis.XceiverServerRatis (XceiverServerRatis.java:getRealPort(502)) - XceiverServerRatis b88517ff-a734-4baa-8e75-48c6a6d5a3f3 is started using port 38005 for RATIS_SERVER
2022-07-12 21:06:18,145 [org.apache.ratis.util.JvmPauseMonitor$$Lambda$613/1050667922@4a4948b6] INFO  util.JvmPauseMonitor (JvmPauseMonitor.java:run(103)) - JvmPauseMonitor-b88517ff-a734-4baa-8e75-48c6a6d5a3f3: Started
2022-07-12 21:06:18,167 [EndpointStateMachine task thread for /0.0.0.0:43829 - 0 ] INFO  server.XceiverServerGrpc (XceiverServerGrpc.java:start(180)) - XceiverServerGrpc b88517ff-a734-4baa-8e75-48c6a6d5a3f3 is started using port 34055
2022-07-12 21:06:18,168 [Listener at 127.0.0.1/37581] INFO  handler.ContextHandler (ContextHandler.java:doStart(915)) - Started o.e.j.s.ServletContextHandler@d7de580{logs,/logs,file:///home/runner/work/ozone/ozone/hadoop-ozone/integration-test/target/log,AVAILABLE}
2022-07-12 21:06:18,168 [Listener at 127.0.0.1/37581] INFO  handler.ContextHandler (ContextHandler.java:doStart(915)) - Started o.e.j.s.ServletContextHandler@43f1d733{static,/static,jar:file:/home/runner/.m2/repository/org/apache/ozone/hdds-container-service/1.3.0-SNAPSHOT/hdds-container-service-1.3.0-SNAPSHOT.jar!/webapps/static,AVAILABLE}
2022-07-12 21:06:18,589 [IPC Server handler 1 on default port 43829] INFO  net.NetworkTopologyImpl (NetworkTopologyImpl.java:add(112)) - Added a new node: /default-rack/6d03a90d-b393-4c2b-aa32-f45668f1c5ca
2022-07-12 21:06:18,590 [IPC Server handler 1 on default port 43829] INFO  node.SCMNodeManager (SCMNodeManager.java:register(397)) - Registered Data node : 6d03a90d-b393-4c2b-aa32-f45668f1c5ca{ip: 10.1.0.20, host: fv-az452-57.ku3lqr0aiaqu5kfj3xdpchcrvd.dx.internal.cloudapp.net, ports: [REPLICATION=46381, RATIS=39877, RATIS_ADMIN=39877, RATIS_SERVER=39877, STANDALONE=44331], networkLocation: /default-rack, certSerialId: null, persistedOpState: null, persistedOpStateExpiryEpochSec: 0}
2022-07-12 21:06:18,596 [EventQueue-NodeRegistrationContainerReportForContainerSafeModeRule] INFO  safemode.SCMSafeModeManager (SCMSafeModeManager.java:validateSafeModeExitRules(204)) - ContainerSafeModeRule rule is successfully validated
2022-07-12 21:06:18,597 [EventQueue-NodeRegistrationContainerReportForDataNodeSafeModeRule] INFO  safemode.SCMSafeModeManager (DataNodeSafeModeRule.java:process(71)) - SCM in safe mode. 1 DataNodes registered, 3 required.
2022-07-12 21:06:18,662 [EventQueue-NewNodeForNewNodeHandler] INFO  pipeline.BackgroundPipelineCreator (BackgroundPipelineCreator.java:notifyEventTriggered(275)) - trigger a one-shot run on RatisPipelineUtilsThread.
2022-07-12 21:06:18,664 [RatisPipelineUtilsThread - 0] INFO  pipeline.RatisPipelineProvider (RatisPipelineProvider.java:lambda$create$0(195)) - Sending CreatePipelineCommand for pipeline:PipelineID=6d53d6aa-1dc4-4b11-bf8d-80b490ea56ba to datanode:6d03a90d-b393-4c2b-aa32-f45668f1c5ca
2022-07-12 21:06:18,667 [EventQueue-PipelineReportForOneReplicaPipelineSafeModeRule] INFO  safemode.SCMSafeModeManager (SCMSafeModeManager.java:validateSafeModeExitRules(204)) - AtleastOneDatanodeReportedRule rule is successfully validated
2022-07-12 21:06:18,668 [RatisPipelineUtilsThread - 0] INFO  pipeline.PipelineStateManagerImpl (PipelineStateManagerImpl.java:addPipeline(103)) - Created pipeline Pipeline[ Id: 6d53d6aa-1dc4-4b11-bf8d-80b490ea56ba, Nodes: 6d03a90d-b393-4c2b-aa32-f45668f1c5ca{ip: 10.1.0.20, host: fv-az452-57.ku3lqr0aiaqu5kfj3xdpchcrvd.dx.internal.cloudapp.net, ports: [REPLICATION=46381, RATIS=39877, RATIS_ADMIN=39877, RATIS_SERVER=39877, STANDALONE=44331], networkLocation: /default-rack, certSerialId: null, persistedOpState: IN_SERVICE, persistedOpStateExpiryEpochSec: 0}, ReplicationConfig: RATIS/ONE, State:ALLOCATED, leaderId:, CreationTimestamp2022-07-12T21:06:18.664Z[Etc/UTC]].
2022-07-12 21:06:19,116 [Listener at 127.0.0.1/37581] INFO  handler.ContextHandler (ContextHandler.java:doStart(915)) - Started o.e.j.w.WebAppContext@1216f63c{hddsDatanode,/,file:///tmp/jetty-0_0_0_0-34363-hdds-container-service-1_3_0-SNAPSHOT_jar-_-any-5518755937290926390/webapp/,AVAILABLE}{jar:file:/home/runner/.m2/repository/org/apache/ozone/hdds-container-service/1.3.0-SNAPSHOT/hdds-container-service-1.3.0-SNAPSHOT.jar!/webapps/hddsDatanode}
2022-07-12 21:06:19,145 [Listener at 127.0.0.1/37581] INFO  server.AbstractConnector (AbstractConnector.java:doStart(331)) - Started ServerConnector@5e6c9912{HTTP/1.1, (http/1.1)}{0.0.0.0:34363}
2022-07-12 21:06:19,145 [Listener at 127.0.0.1/37581] INFO  server.Server (Server.java:doStart(415)) - Started @158889ms
2022-07-12 21:06:19,145 [Listener at 127.0.0.1/37581] WARN  impl.MetricsSystemImpl (MetricsSystemImpl.java:register(279)) - Sink prometheus already exists!
2022-07-12 21:06:19,146 [Listener at 127.0.0.1/37581] INFO  http.BaseHttpServer (BaseHttpServer.java:updateConnectorAddress(329)) - HTTP server of hddsDatanode listening at http://0.0.0.0:34363
2022-07-12 21:06:19,156 [Listener at 127.0.0.1/37581] INFO  impl.MetricsSystemImpl (MetricsSystemImpl.java:init(158)) - HddsDatanode metrics system started (again)
2022-07-12 21:06:19,163 [Datanode State Machine Daemon Thread] INFO  statemachine.DatanodeStateMachine (DatanodeStateMachine.java:lambda$startDaemon$0(492)) - Ozone container server started.
2022-07-12 21:06:19,194 [Listener at 127.0.0.1/37581] INFO  ozone.HddsDatanodeService (HddsDatanodeService.java:start(236)) - HddsDatanodeService host:fv-az452-57.ku3lqr0aiaqu5kfj3xdpchcrvd.dx.internal.cloudapp.net ip:10.1.0.20
2022-07-12 21:06:19,267 [org.apache.hadoop.util.JvmPauseMonitor$Monitor@5e958095] INFO  util.JvmPauseMonitor (JvmPauseMonitor.java:run(188)) - Starting JVM pause monitor
2022-07-12 21:06:19,300 [Listener at 127.0.0.1/37581] INFO  upgrade.AbstractLayoutVersionManager (AbstractLayoutVersionManager.java:init(82)) - Initializing Layout version manager with metadata layout = DATANODE_SCHEMA_V3 (version = 4), software layout = DATANODE_SCHEMA_V3 (version = 4)
2022-07-12 21:06:19,316 [Datanode State Machine Task Thread - 0] INFO  datanode.InitDatanodeState (InitDatanodeState.java:persistContainerDatanodeDetails(138)) - DatanodeDetails is persisted to /home/runner/work/ozone/ozone/hadoop-ozone/integration-test/target/test-dir/MiniOzoneClusterImpl-f732ff5a-6050-490e-9ecc-7e3ed1996e94/datanode-3/meta/datanode.id
2022-07-12 21:06:19,609 [Listener at 127.0.0.1/37581] INFO  reflections.Reflections (Reflections.java:scan(232)) - Reflections took 307 ms to scan 7 urls, producing 132 keys and 317 values 
2022-07-12 21:06:19,616 [EndpointStateMachine task thread for /0.0.0.0:43829 - 0 ] INFO  volume.HddsVolume (HddsVolume.java:createDbStore(309)) - SchemaV3 db is created and loaded at /home/runner/work/ozone/ozone/hadoop-ozone/integration-test/target/test-dir/MiniOzoneClusterImpl-f732ff5a-6050-490e-9ecc-7e3ed1996e94/datanode-2/data-0/containers/hdds/f732ff5a-6050-490e-9ecc-7e3ed1996e94/DS-ddcde176-d4d6-48e1-b6b3-3af49ca7dcd4/container.db for volume DS-ddcde176-d4d6-48e1-b6b3-3af49ca7dcd4
2022-07-12 21:06:19,628 [EndpointStateMachine task thread for /0.0.0.0:43829 - 0 ] INFO  volume.HddsVolume (HddsVolume.java:closeDbStore(340)) - SchemaV3 db is stopped at /home/runner/work/ozone/ozone/hadoop-ozone/integration-test/target/test-dir/MiniOzoneClusterImpl-f732ff5a-6050-490e-9ecc-7e3ed1996e94/datanode-2/data-0/containers/hdds/f732ff5a-6050-490e-9ecc-7e3ed1996e94/DS-ddcde176-d4d6-48e1-b6b3-3af49ca7dcd4/container.db for volume DS-ddcde176-d4d6-48e1-b6b3-3af49ca7dcd4
2022-07-12 21:06:19,628 [EndpointStateMachine task thread for /0.0.0.0:43829 - 0 ] INFO  ozoneimpl.OzoneContainer (OzoneContainer.java:start(344)) - Attempting to start container services.
2022-07-12 21:06:19,653 [Listener at 127.0.0.1/37581] INFO  statemachine.DatanodeStateMachine (DatanodeStateMachine.java:getEndPointTaskThreadPoolSize(237)) - Datanode State Machine Task Thread Pool size 2
2022-07-12 21:06:19,654 [EndpointStateMachine task thread for /0.0.0.0:43829 - 0 ] INFO  ozoneimpl.OzoneContainer (OzoneContainer.java:startContainerScrub(279)) - Background container scanner has been disabled.
2022-07-12 21:06:19,677 [Listener at 127.0.0.1/37581] INFO  volume.HddsVolume (HddsVolume.java:<init>(116)) - Creating HddsVolume: /home/runner/work/ozone/ozone/hadoop-ozone/integration-test/target/test-dir/MiniOzoneClusterImpl-f732ff5a-6050-490e-9ecc-7e3ed1996e94/datanode-4/data-0/containers/hdds of storage type : DISK capacity : 9223372036854775807
2022-07-12 21:06:19,677 [Listener at 127.0.0.1/37581] INFO  volume.MutableVolumeSet (MutableVolumeSet.java:initializeVolumeSet(174)) - Added Volume : /home/runner/work/ozone/ozone/hadoop-ozone/integration-test/target/test-dir/MiniOzoneClusterImpl-f732ff5a-6050-490e-9ecc-7e3ed1996e94/datanode-4/data-0/containers/hdds to VolumeSet
2022-07-12 21:06:19,678 [Listener at 127.0.0.1/37581] INFO  volume.ThrottledAsyncChecker (ThrottledAsyncChecker.java:schedule(141)) - Scheduling a check for /home/runner/work/ozone/ozone/hadoop-ozone/integration-test/target/test-dir/MiniOzoneClusterImpl-f732ff5a-6050-490e-9ecc-7e3ed1996e94/datanode-4/data-0/containers/hdds
2022-07-12 21:06:19,681 [Listener at 127.0.0.1/37581] INFO  volume.StorageVolumeChecker (StorageVolumeChecker.java:checkAllVolumes(202)) - Scheduled health check for volume /home/runner/work/ozone/ozone/hadoop-ozone/integration-test/target/test-dir/MiniOzoneClusterImpl-f732ff5a-6050-490e-9ecc-7e3ed1996e94/datanode-4/data-0/containers/hdds
2022-07-12 21:06:19,712 [EndpointStateMachine task thread for /0.0.0.0:43829 - 0 ] INFO  replication.ReplicationServer (ReplicationServer.java:start(111)) - ReplicationServer is started using port 35251
2022-07-12 21:06:19,736 [EndpointStateMachine task thread for /0.0.0.0:43829 - 0 ] INFO  ratis.XceiverServerRatis (XceiverServerRatis.java:start(481)) - Starting XceiverServerRatis ac679b26-c737-4eb4-ba39-fe3b144a3424
2022-07-12 21:06:19,737 [Listener at 127.0.0.1/37581] INFO  volume.MutableVolumeSet (MutableVolumeSet.java:initializeVolumeSet(174)) - Added Volume : /home/runner/work/ozone/ozone/hadoop-ozone/integration-test/target/test-dir/MiniOzoneClusterImpl-f732ff5a-6050-490e-9ecc-7e3ed1996e94/datanode-4/data/ratis to VolumeSet
2022-07-12 21:06:19,737 [Listener at 127.0.0.1/37581] INFO  volume.ThrottledAsyncChecker (ThrottledAsyncChecker.java:schedule(141)) - Scheduling a check for /home/runner/work/ozone/ozone/hadoop-ozone/integration-test/target/test-dir/MiniOzoneClusterImpl-f732ff5a-6050-490e-9ecc-7e3ed1996e94/datanode-4/data/ratis
2022-07-12 21:06:19,755 [Listener at 127.0.0.1/37581] INFO  volume.StorageVolumeChecker (StorageVolumeChecker.java:checkAllVolumes(202)) - Scheduled health check for volume /home/runner/work/ozone/ozone/hadoop-ozone/integration-test/target/test-dir/MiniOzoneClusterImpl-f732ff5a-6050-490e-9ecc-7e3ed1996e94/datanode-4/data/ratis
2022-07-12 21:06:19,811 [Thread-1185] INFO  ozoneimpl.ContainerReader (ContainerReader.java:readVolume(175)) - Finish verifying containers on volume /home/runner/work/ozone/ozone/hadoop-ozone/integration-test/target/test-dir/MiniOzoneClusterImpl-f732ff5a-6050-490e-9ecc-7e3ed1996e94/datanode-4/data-0/containers/hdds
2022-07-12 21:06:19,811 [Listener at 127.0.0.1/37581] INFO  ozoneimpl.OzoneContainer (OzoneContainer.java:buildContainerSet(266)) - Build ContainerSet costs 0s
2022-07-12 21:06:19,813 [Listener at 127.0.0.1/37581] INFO  server.RaftServer (ConfUtils.java:logGet(46)) - raft.rpc.type = GRPC (default)
2022-07-12 21:06:19,813 [Listener at 127.0.0.1/37581] INFO  grpc.GrpcFactory (GrpcFactory.java:checkPooledByteBufAllocatorUseCacheForAllThreads(48)) - PERFORMANCE WARNING: useCacheForAllThreads is true that may cause Netty to create a lot garbage objects and, as a result, trigger GC.
	It is recommended to disable useCacheForAllThreads by setting -Dorg.apache.ratis.thirdparty.io.netty.allocator.useCacheForAllThreads=false in command line.
2022-07-12 21:06:19,813 [Listener at 127.0.0.1/37581] INFO  grpc.GrpcConfigKeys (ConfUtils.java:logGet(46)) - raft.grpc.admin.port = 0 (custom)
2022-07-12 21:06:19,814 [Listener at 127.0.0.1/37581] INFO  grpc.GrpcConfigKeys (ConfUtils.java:logGet(46)) - raft.grpc.client.port = 0 (custom)
2022-07-12 21:06:19,814 [Listener at 127.0.0.1/37581] INFO  grpc.GrpcConfigKeys (ConfUtils.java:logGet(46)) - raft.grpc.server.port = 0 (default)
2022-07-12 21:06:19,814 [Listener at 127.0.0.1/37581] INFO  server.GrpcService (ConfUtils.java:logGet(46)) - raft.grpc.message.size.max = 32MB (=33554432) (custom)
2022-07-12 21:06:19,814 [Listener at 127.0.0.1/37581] INFO  server.RaftServerConfigKeys (ConfUtils.java:logGet(46)) - raft.server.log.appender.buffer.byte-limit = 33554432 (custom)
2022-07-12 21:06:19,814 [Listener at 127.0.0.1/37581] INFO  server.GrpcService (ConfUtils.java:logGet(46)) - raft.grpc.flow.control.window = 5MB (=5242880) (custom)
2022-07-12 21:06:19,814 [Listener at 127.0.0.1/37581] INFO  server.RaftServerConfigKeys (ConfUtils.java:logGet(46)) - raft.server.rpc.request.timeout = 60s (custom)
2022-07-12 21:06:19,814 [Listener at 127.0.0.1/37581] INFO  grpc.GrpcConfigKeys (ConfUtils.java:logGet(46)) - raft.grpc.server.async.request.thread.pool.cached = true (default)
2022-07-12 21:06:19,814 [Listener at 127.0.0.1/37581] INFO  grpc.GrpcConfigKeys (ConfUtils.java:logGet(46)) - raft.grpc.server.async.request.thread.pool.size = 32 (default)
2022-07-12 21:06:19,817 [Listener at 127.0.0.1/37581] INFO  impl.DataStreamServerImpl (ConfUtils.java:logGet(46)) - raft.datastream.type = DISABLED (default)
2022-07-12 21:06:19,818 [Listener at 127.0.0.1/37581] INFO  server.RaftServerConfigKeys (ConfUtils.java:logGet(46)) - raft.server.threadpool.proxy.cached = true (default)
2022-07-12 21:06:19,818 [Listener at 127.0.0.1/37581] INFO  server.RaftServerConfigKeys (ConfUtils.java:logGet(46)) - raft.server.threadpool.proxy.size = 0 (default)
2022-07-12 21:06:19,818 [Listener at 127.0.0.1/37581] INFO  server.RaftServerConfigKeys (ConfUtils.java:logGet(46)) - raft.server.rpc.slowness.timeout = 300s (custom)
2022-07-12 21:06:19,818 [Listener at 127.0.0.1/37581] INFO  server.RaftServerConfigKeys (ConfUtils.java:logGet(46)) - raft.server.leaderelection.leader.step-down.wait-time = 10s (default)
2022-07-12 21:06:19,818 [Listener at 127.0.0.1/37581] INFO  server.RaftServerConfigKeys (ConfUtils.java:logGet(46)) - raft.server.storage.dir = [/home/runner/work/ozone/ozone/hadoop-ozone/integration-test/target/test-dir/MiniOzoneClusterImpl-f732ff5a-6050-490e-9ecc-7e3ed1996e94/datanode-4/data/ratis] (custom)
2022-07-12 21:06:19,828 [EndpointStateMachine task thread for /0.0.0.0:43829 - 0 ] INFO  server.RaftServer (RaftServerProxy.java:lambda$start$6(382)) - ac679b26-c737-4eb4-ba39-fe3b144a3424: start RPC server
2022-07-12 21:06:19,853 [EndpointStateMachine task thread for /0.0.0.0:43829 - 0 ] INFO  server.GrpcService (GrpcService.java:startImpl(260)) - ac679b26-c737-4eb4-ba39-fe3b144a3424: GrpcService started, listening on 34833
2022-07-12 21:06:19,853 [EndpointStateMachine task thread for /0.0.0.0:43829 - 0 ] INFO  ratis.XceiverServerRatis (XceiverServerRatis.java:getRealPort(502)) - XceiverServerRatis ac679b26-c737-4eb4-ba39-fe3b144a3424 is started using port 34833 for RATIS
2022-07-12 21:06:19,853 [EndpointStateMachine task thread for /0.0.0.0:43829 - 0 ] INFO  ratis.XceiverServerRatis (XceiverServerRatis.java:getRealPort(502)) - XceiverServerRatis ac679b26-c737-4eb4-ba39-fe3b144a3424 is started using port 34833 for RATIS_ADMIN
2022-07-12 21:06:19,854 [EndpointStateMachine task thread for /0.0.0.0:43829 - 0 ] INFO  ratis.XceiverServerRatis (XceiverServerRatis.java:getRealPort(502)) - XceiverServerRatis ac679b26-c737-4eb4-ba39-fe3b144a3424 is started using port 34833 for RATIS_SERVER
2022-07-12 21:06:19,854 [org.apache.ratis.util.JvmPauseMonitor$$Lambda$613/1050667922@2568675a] INFO  util.JvmPauseMonitor (JvmPauseMonitor.java:run(103)) - JvmPauseMonitor-ac679b26-c737-4eb4-ba39-fe3b144a3424: Started
2022-07-12 21:06:19,873 [Listener at 127.0.0.1/37581] INFO  server.XceiverServerGrpc (XceiverServerGrpc.java:<init>(132)) - GrpcServer channel type EpollServerSocketChannel
2022-07-12 21:06:19,876 [IPC Server handler 1 on default port 43829] INFO  net.NetworkTopologyImpl (NetworkTopologyImpl.java:add(112)) - Added a new node: /default-rack/b88517ff-a734-4baa-8e75-48c6a6d5a3f3
2022-07-12 21:06:19,876 [IPC Server handler 1 on default port 43829] INFO  node.SCMNodeManager (SCMNodeManager.java:register(397)) - Registered Data node : b88517ff-a734-4baa-8e75-48c6a6d5a3f3{ip: 10.1.0.20, host: fv-az452-57.ku3lqr0aiaqu5kfj3xdpchcrvd.dx.internal.cloudapp.net, ports: [REPLICATION=35831, RATIS=38005, RATIS_ADMIN=38005, RATIS_SERVER=38005, STANDALONE=34055], networkLocation: /default-rack, certSerialId: null, persistedOpState: null, persistedOpStateExpiryEpochSec: 0}
2022-07-12 21:06:19,876 [EventQueue-NewNodeForNewNodeHandler] INFO  pipeline.BackgroundPipelineCreator (BackgroundPipelineCreator.java:notifyEventTriggered(275)) - trigger a one-shot run on RatisPipelineUtilsThread.
2022-07-12 21:06:19,881 [Listener at 127.0.0.1/37581] INFO  http.BaseHttpServer (BaseHttpServer.java:newHttpServer2BuilderForOzone(209)) - Starting Web-server for hddsDatanode at: http://0.0.0.0:0
2022-07-12 21:06:19,881 [Listener at 127.0.0.1/37581] INFO  http.BaseHttpServer (BaseHttpServer.java:<init>(107)) - Hadoop Security Enabled: false Ozone Security Enabled: false Ozone HTTP Security Enabled: false 
2022-07-12 21:06:19,882 [Listener at 127.0.0.1/37581] INFO  server.AuthenticationFilter (AuthenticationFilter.java:constructSecretProvider(240)) - Unable to initialize FileSignerSecretProvider, falling back to use random secrets.
2022-07-12 21:06:19,912 [EventQueue-NodeRegistrationContainerReportForDataNodeSafeModeRule] INFO  safemode.SCMSafeModeManager (DataNodeSafeModeRule.java:process(71)) - SCM in safe mode. 2 DataNodes registered, 3 required.
2022-07-12 21:06:19,951 [Listener at 127.0.0.1/37581] WARN  http.HttpRequestLog (HttpRequestLog.java:getRequestLog(103)) - Jetty request log can only be enabled using Log4j
2022-07-12 21:06:19,952 [Listener at 127.0.0.1/37581] INFO  http.HttpServer2 (HttpServer2.java:addGlobalFilter(1029)) - Added global filter 'safety' (class=org.apache.hadoop.hdds.server.http.HttpServer2$QuotingInputFilter)
2022-07-12 21:06:19,953 [Listener at 127.0.0.1/37581] INFO  http.HttpServer2 (HttpServer2.java:addFilter(1005)) - Added filter static_user_filter (class=org.apache.hadoop.http.lib.StaticUserWebFilter$StaticUserFilter) to context hddsDatanode
2022-07-12 21:06:19,953 [Listener at 127.0.0.1/37581] INFO  http.HttpServer2 (HttpServer2.java:addFilter(1013)) - Added filter static_user_filter (class=org.apache.hadoop.http.lib.StaticUserWebFilter$StaticUserFilter) to context logs
2022-07-12 21:06:19,953 [Listener at 127.0.0.1/37581] INFO  http.HttpServer2 (HttpServer2.java:addFilter(1013)) - Added filter static_user_filter (class=org.apache.hadoop.http.lib.StaticUserWebFilter$StaticUserFilter) to context static
2022-07-12 21:06:19,953 [Listener at 127.0.0.1/37581] INFO  http.HttpServer2 (HttpServer2.java:bindListener(1248)) - Jetty bound to port 33409
2022-07-12 21:06:19,954 [Listener at 127.0.0.1/37581] INFO  server.Server (Server.java:doStart(375)) - jetty-9.4.43.v20210629; built: 2021-06-30T11:07:22.254Z; git: 526006ecfa3af7f1a27ef3a288e2bef7ea9dd7e8; jvm 1.8.0_332-b09
2022-07-12 21:06:19,954 [RatisPipelineUtilsThread - 0] INFO  pipeline.RatisPipelineProvider (RatisPipelineProvider.java:lambda$create$0(195)) - Sending CreatePipelineCommand for pipeline:PipelineID=c385bfab-866e-47ef-9f27-be38d2cf02a1 to datanode:b88517ff-a734-4baa-8e75-48c6a6d5a3f3
2022-07-12 21:06:19,956 [Listener at 127.0.0.1/37581] INFO  server.session (DefaultSessionIdManager.java:doStart(334)) - DefaultSessionIdManager workerName=node0
2022-07-12 21:06:19,956 [Listener at 127.0.0.1/37581] INFO  server.session (DefaultSessionIdManager.java:doStart(339)) - No SessionScavenger set, using defaults
2022-07-12 21:06:19,956 [Listener at 127.0.0.1/37581] INFO  server.session (HouseKeeper.java:startScavenging(132)) - node0 Scavenging every 660000ms
2022-07-12 21:06:19,957 [Listener at 127.0.0.1/37581] INFO  handler.ContextHandler (ContextHandler.java:doStart(915)) - Started o.e.j.s.ServletContextHandler@5cee7c0d{logs,/logs,file:///home/runner/work/ozone/ozone/hadoop-ozone/integration-test/target/log,AVAILABLE}
2022-07-12 21:06:19,957 [Listener at 127.0.0.1/37581] INFO  handler.ContextHandler (ContextHandler.java:doStart(915)) - Started o.e.j.s.ServletContextHandler@423d5c81{static,/static,jar:file:/home/runner/.m2/repository/org/apache/ozone/hdds-container-service/1.3.0-SNAPSHOT/hdds-container-service-1.3.0-SNAPSHOT.jar!/webapps/static,AVAILABLE}
2022-07-12 21:06:19,971 [EndpointStateMachine task thread for /0.0.0.0:43829 - 0 ] INFO  server.XceiverServerGrpc (XceiverServerGrpc.java:start(180)) - XceiverServerGrpc ac679b26-c737-4eb4-ba39-fe3b144a3424 is started using port 33465
2022-07-12 21:06:19,972 [RatisPipelineUtilsThread - 0] INFO  pipeline.PipelineStateManagerImpl (PipelineStateManagerImpl.java:addPipeline(103)) - Created pipeline Pipeline[ Id: c385bfab-866e-47ef-9f27-be38d2cf02a1, Nodes: b88517ff-a734-4baa-8e75-48c6a6d5a3f3{ip: 10.1.0.20, host: fv-az452-57.ku3lqr0aiaqu5kfj3xdpchcrvd.dx.internal.cloudapp.net, ports: [REPLICATION=35831, RATIS=38005, RATIS_ADMIN=38005, RATIS_SERVER=38005, STANDALONE=34055], networkLocation: /default-rack, certSerialId: null, persistedOpState: IN_SERVICE, persistedOpStateExpiryEpochSec: 0}, ReplicationConfig: RATIS/ONE, State:ALLOCATED, leaderId:, CreationTimestamp2022-07-12T21:06:19.954Z[Etc/UTC]].
2022-07-12 21:06:20,447 [Listener at 127.0.0.1/37581] INFO  handler.ContextHandler (ContextHandler.java:doStart(915)) - Started o.e.j.w.WebAppContext@6910f913{hddsDatanode,/,file:///tmp/jetty-0_0_0_0-33409-hdds-container-service-1_3_0-SNAPSHOT_jar-_-any-1584199250664576466/webapp/,AVAILABLE}{jar:file:/home/runner/.m2/repository/org/apache/ozone/hdds-container-service/1.3.0-SNAPSHOT/hdds-container-service-1.3.0-SNAPSHOT.jar!/webapps/hddsDatanode}
2022-07-12 21:06:20,455 [Listener at 127.0.0.1/37581] INFO  server.AbstractConnector (AbstractConnector.java:doStart(331)) - Started ServerConnector@7434541{HTTP/1.1, (http/1.1)}{0.0.0.0:33409}
2022-07-12 21:06:20,456 [Listener at 127.0.0.1/37581] INFO  server.Server (Server.java:doStart(415)) - Started @160199ms
2022-07-12 21:06:20,456 [Listener at 127.0.0.1/37581] WARN  impl.MetricsSystemImpl (MetricsSystemImpl.java:register(279)) - Sink prometheus already exists!
2022-07-12 21:06:20,456 [Listener at 127.0.0.1/37581] INFO  http.BaseHttpServer (BaseHttpServer.java:updateConnectorAddress(329)) - HTTP server of hddsDatanode listening at http://0.0.0.0:33409
2022-07-12 21:06:20,484 [Listener at 127.0.0.1/37581] INFO  ozone.MiniOzoneClusterImpl (MiniOzoneClusterImpl.java:lambda$waitForClusterToBeReady$0(223)) - Waiting for nodes to be ready. Got 2 of 5 DN Heartbeats.
2022-07-12 21:06:20,484 [Listener at 127.0.0.1/37581] INFO  ozone.MiniOzoneClusterImpl (MiniOzoneClusterImpl.java:lambda$waitForClusterToBeReady$0(226)) - Waiting for cluster to exit safe mode
2022-07-12 21:06:20,484 [Listener at 127.0.0.1/37581] INFO  ozone.MiniOzoneClusterImpl (MiniOzoneClusterImpl.java:lambda$waitForClusterToBeReady$0(228)) - SCM became leader
2022-07-12 21:06:20,515 [Datanode State Machine Daemon Thread] INFO  statemachine.DatanodeStateMachine (DatanodeStateMachine.java:lambda$startDaemon$0(492)) - Ozone container server started.
2022-07-12 21:06:20,614 [org.apache.hadoop.util.JvmPauseMonitor$Monitor@771f58e7] INFO  util.JvmPauseMonitor (JvmPauseMonitor.java:run(188)) - Starting JVM pause monitor
2022-07-12 21:06:20,630 [Datanode State Machine Task Thread - 0] INFO  datanode.InitDatanodeState (InitDatanodeState.java:persistContainerDatanodeDetails(138)) - DatanodeDetails is persisted to /home/runner/work/ozone/ozone/hadoop-ozone/integration-test/target/test-dir/MiniOzoneClusterImpl-f732ff5a-6050-490e-9ecc-7e3ed1996e94/datanode-4/meta/datanode.id
2022-07-12 21:06:21,400 [EndpointStateMachine task thread for /0.0.0.0:43829 - 0 ] INFO  volume.HddsVolume (HddsVolume.java:createDbStore(309)) - SchemaV3 db is created and loaded at /home/runner/work/ozone/ozone/hadoop-ozone/integration-test/target/test-dir/MiniOzoneClusterImpl-f732ff5a-6050-490e-9ecc-7e3ed1996e94/datanode-3/data-0/containers/hdds/f732ff5a-6050-490e-9ecc-7e3ed1996e94/DS-81ea22f4-9199-4556-93cb-17108d5a9483/container.db for volume DS-81ea22f4-9199-4556-93cb-17108d5a9483
2022-07-12 21:06:21,401 [EndpointStateMachine task thread for /0.0.0.0:43829 - 0 ] INFO  volume.HddsVolume (HddsVolume.java:closeDbStore(340)) - SchemaV3 db is stopped at /home/runner/work/ozone/ozone/hadoop-ozone/integration-test/target/test-dir/MiniOzoneClusterImpl-f732ff5a-6050-490e-9ecc-7e3ed1996e94/datanode-3/data-0/containers/hdds/f732ff5a-6050-490e-9ecc-7e3ed1996e94/DS-81ea22f4-9199-4556-93cb-17108d5a9483/container.db for volume DS-81ea22f4-9199-4556-93cb-17108d5a9483
2022-07-12 21:06:21,401 [EndpointStateMachine task thread for /0.0.0.0:43829 - 0 ] INFO  ozoneimpl.OzoneContainer (OzoneContainer.java:start(344)) - Attempting to start container services.
2022-07-12 21:06:21,401 [EndpointStateMachine task thread for /0.0.0.0:43829 - 0 ] INFO  ozoneimpl.OzoneContainer (OzoneContainer.java:startContainerScrub(279)) - Background container scanner has been disabled.
2022-07-12 21:06:21,420 [IPC Server handler 6 on default port 43829] INFO  net.NetworkTopologyImpl (NetworkTopologyImpl.java:add(112)) - Added a new node: /default-rack/ac679b26-c737-4eb4-ba39-fe3b144a3424
2022-07-12 21:06:21,420 [IPC Server handler 6 on default port 43829] INFO  node.SCMNodeManager (SCMNodeManager.java:register(397)) - Registered Data node : ac679b26-c737-4eb4-ba39-fe3b144a3424{ip: 10.1.0.20, host: fv-az452-57.ku3lqr0aiaqu5kfj3xdpchcrvd.dx.internal.cloudapp.net, ports: [REPLICATION=35251, RATIS=34833, RATIS_ADMIN=34833, RATIS_SERVER=34833, STANDALONE=33465], networkLocation: /default-rack, certSerialId: null, persistedOpState: null, persistedOpStateExpiryEpochSec: 0}
2022-07-12 21:06:21,421 [EventQueue-NewNodeForNewNodeHandler] INFO  pipeline.BackgroundPipelineCreator (BackgroundPipelineCreator.java:notifyEventTriggered(275)) - trigger a one-shot run on RatisPipelineUtilsThread.
2022-07-12 21:06:21,440 [EventQueue-NodeRegistrationContainerReportForDataNodeSafeModeRule] INFO  safemode.SCMSafeModeManager (DataNodeSafeModeRule.java:process(71)) - SCM in safe mode. 3 DataNodes registered, 3 required.
2022-07-12 21:06:21,440 [EventQueue-NodeRegistrationContainerReportForDataNodeSafeModeRule] INFO  safemode.SCMSafeModeManager (SCMSafeModeManager.java:validateSafeModeExitRules(204)) - DataNodeSafeModeRule rule is successfully validated
2022-07-12 21:06:21,440 [EventQueue-NodeRegistrationContainerReportForDataNodeSafeModeRule] INFO  safemode.SCMSafeModeManager (SCMSafeModeManager.java:completePreCheck(233)) - All SCM safe mode pre check rules have passed
2022-07-12 21:06:21,440 [EventQueue-NodeRegistrationContainerReportForDataNodeSafeModeRule] WARN  events.EventQueue (EventQueue.java:fireEvent(216)) - No event handler registered for event TypedEvent{payloadType=SafeModeStatus, name='Safe mode status'}
2022-07-12 21:06:21,440 [EventQueue-NodeRegistrationContainerReportForDataNodeSafeModeRule] INFO  ha.SCMContext (SCMContext.java:updateSafeModeStatus(228)) - Update SafeModeStatus from SafeModeStatus{safeModeStatus=true, preCheckPassed=false} to SafeModeStatus{safeModeStatus=true, preCheckPassed=true}.
2022-07-12 21:06:21,440 [EventQueue-NodeRegistrationContainerReportForDataNodeSafeModeRule] INFO  pipeline.BackgroundPipelineCreator (BackgroundPipelineCreator.java:notifyEventTriggered(275)) - trigger a one-shot run on RatisPipelineUtilsThread.
2022-07-12 21:06:21,441 [EndpointStateMachine task thread for /0.0.0.0:43829 - 0 ] INFO  replication.ReplicationServer (ReplicationServer.java:start(111)) - ReplicationServer is started using port 33703
2022-07-12 21:06:21,442 [RatisPipelineUtilsThread - 0] INFO  pipeline.RatisPipelineProvider (RatisPipelineProvider.java:lambda$create$0(195)) - Sending CreatePipelineCommand for pipeline:PipelineID=128647e7-ef75-4d6f-9e3b-5c58ab1ee98a to datanode:ac679b26-c737-4eb4-ba39-fe3b144a3424
2022-07-12 21:06:21,442 [RatisPipelineUtilsThread - 0] INFO  pipeline.PipelineStateManagerImpl (PipelineStateManagerImpl.java:addPipeline(103)) - Created pipeline Pipeline[ Id: 128647e7-ef75-4d6f-9e3b-5c58ab1ee98a, Nodes: ac679b26-c737-4eb4-ba39-fe3b144a3424{ip: 10.1.0.20, host: fv-az452-57.ku3lqr0aiaqu5kfj3xdpchcrvd.dx.internal.cloudapp.net, ports: [REPLICATION=35251, RATIS=34833, RATIS_ADMIN=34833, RATIS_SERVER=34833, STANDALONE=33465], networkLocation: /default-rack, certSerialId: null, persistedOpState: IN_SERVICE, persistedOpStateExpiryEpochSec: 0}, ReplicationConfig: RATIS/ONE, State:ALLOCATED, leaderId:, CreationTimestamp2022-07-12T21:06:21.442Z[Etc/UTC]].
2022-07-12 21:06:21,442 [RatisPipelineUtilsThread - 0] INFO  pipeline.RatisPipelineProvider (RatisPipelineProvider.java:lambda$create$0(195)) - Sending CreatePipelineCommand for pipeline:PipelineID=08541ec7-9ede-4229-bab4-c0eb019a3f66 to datanode:6d03a90d-b393-4c2b-aa32-f45668f1c5ca
2022-07-12 21:06:21,442 [RatisPipelineUtilsThread - 0] INFO  pipeline.RatisPipelineProvider (RatisPipelineProvider.java:lambda$create$0(195)) - Sending CreatePipelineCommand for pipeline:PipelineID=08541ec7-9ede-4229-bab4-c0eb019a3f66 to datanode:ac679b26-c737-4eb4-ba39-fe3b144a3424
2022-07-12 21:06:21,443 [RatisPipelineUtilsThread - 0] INFO  pipeline.RatisPipelineProvider (RatisPipelineProvider.java:lambda$create$0(195)) - Sending CreatePipelineCommand for pipeline:PipelineID=08541ec7-9ede-4229-bab4-c0eb019a3f66 to datanode:b88517ff-a734-4baa-8e75-48c6a6d5a3f3
2022-07-12 21:06:21,443 [RatisPipelineUtilsThread - 0] INFO  pipeline.PipelineStateManagerImpl (PipelineStateManagerImpl.java:addPipeline(103)) - Created pipeline Pipeline[ Id: 08541ec7-9ede-4229-bab4-c0eb019a3f66, Nodes: 6d03a90d-b393-4c2b-aa32-f45668f1c5ca{ip: 10.1.0.20, host: fv-az452-57.ku3lqr0aiaqu5kfj3xdpchcrvd.dx.internal.cloudapp.net, ports: [REPLICATION=46381, RATIS=39877, RATIS_ADMIN=39877, RATIS_SERVER=39877, STANDALONE=44331], networkLocation: /default-rack, certSerialId: null, persistedOpState: IN_SERVICE, persistedOpStateExpiryEpochSec: 0}ac679b26-c737-4eb4-ba39-fe3b144a3424{ip: 10.1.0.20, host: fv-az452-57.ku3lqr0aiaqu5kfj3xdpchcrvd.dx.internal.cloudapp.net, ports: [REPLICATION=35251, RATIS=34833, RATIS_ADMIN=34833, RATIS_SERVER=34833, STANDALONE=33465], networkLocation: /default-rack, certSerialId: null, persistedOpState: IN_SERVICE, persistedOpStateExpiryEpochSec: 0}b88517ff-a734-4baa-8e75-48c6a6d5a3f3{ip: 10.1.0.20, host: fv-az452-57.ku3lqr0aiaqu5kfj3xdpchcrvd.dx.internal.cloudapp.net, ports: [REPLICATION=35831, RATIS=38005, RATIS_ADMIN=38005, RATIS_SERVER=38005, STANDALONE=34055], networkLocation: /default-rack, certSerialId: null, persistedOpState: IN_SERVICE, persistedOpStateExpiryEpochSec: 0}, ReplicationConfig: RATIS/THREE, State:ALLOCATED, leaderId:, CreationTimestamp2022-07-12T21:06:21.442Z[Etc/UTC]].
2022-07-12 21:06:21,448 [EndpointStateMachine task thread for /0.0.0.0:43829 - 0 ] INFO  ratis.XceiverServerRatis (XceiverServerRatis.java:start(481)) - Starting XceiverServerRatis 8bf5e825-cafb-4359-a872-18b2ce7984ce
2022-07-12 21:06:21,449 [EndpointStateMachine task thread for /0.0.0.0:43829 - 0 ] INFO  server.RaftServer (RaftServerProxy.java:lambda$start$6(382)) - 8bf5e825-cafb-4359-a872-18b2ce7984ce: start RPC server
2022-07-12 21:06:21,468 [RatisPipelineUtilsThread - 0] INFO  pipeline.RatisPipelineProvider (RatisPipelineProvider.java:lambda$create$0(195)) - Sending CreatePipelineCommand for pipeline:PipelineID=400725b4-e971-4031-87b3-0b74d8152eac to datanode:6d03a90d-b393-4c2b-aa32-f45668f1c5ca
2022-07-12 21:06:21,468 [RatisPipelineUtilsThread - 0] INFO  pipeline.RatisPipelineProvider (RatisPipelineProvider.java:lambda$create$0(195)) - Sending CreatePipelineCommand for pipeline:PipelineID=400725b4-e971-4031-87b3-0b74d8152eac to datanode:b88517ff-a734-4baa-8e75-48c6a6d5a3f3
2022-07-12 21:06:21,468 [RatisPipelineUtilsThread - 0] INFO  pipeline.RatisPipelineProvider (RatisPipelineProvider.java:lambda$create$0(195)) - Sending CreatePipelineCommand for pipeline:PipelineID=400725b4-e971-4031-87b3-0b74d8152eac to datanode:ac679b26-c737-4eb4-ba39-fe3b144a3424
2022-07-12 21:06:21,468 [RatisPipelineUtilsThread - 0] INFO  pipeline.PipelineStateManagerImpl (PipelineStateManagerImpl.java:addPipeline(103)) - Created pipeline Pipeline[ Id: 400725b4-e971-4031-87b3-0b74d8152eac, Nodes: 6d03a90d-b393-4c2b-aa32-f45668f1c5ca{ip: 10.1.0.20, host: fv-az452-57.ku3lqr0aiaqu5kfj3xdpchcrvd.dx.internal.cloudapp.net, ports: [REPLICATION=46381, RATIS=39877, RATIS_ADMIN=39877, RATIS_SERVER=39877, STANDALONE=44331], networkLocation: /default-rack, certSerialId: null, persistedOpState: IN_SERVICE, persistedOpStateExpiryEpochSec: 0}b88517ff-a734-4baa-8e75-48c6a6d5a3f3{ip: 10.1.0.20, host: fv-az452-57.ku3lqr0aiaqu5kfj3xdpchcrvd.dx.internal.cloudapp.net, ports: [REPLICATION=35831, RATIS=38005, RATIS_ADMIN=38005, RATIS_SERVER=38005, STANDALONE=34055], networkLocation: /default-rack, certSerialId: null, persistedOpState: IN_SERVICE, persistedOpStateExpiryEpochSec: 0}ac679b26-c737-4eb4-ba39-fe3b144a3424{ip: 10.1.0.20, host: fv-az452-57.ku3lqr0aiaqu5kfj3xdpchcrvd.dx.internal.cloudapp.net, ports: [REPLICATION=35251, RATIS=34833, RATIS_ADMIN=34833, RATIS_SERVER=34833, STANDALONE=33465], networkLocation: /default-rack, certSerialId: null, persistedOpState: IN_SERVICE, persistedOpStateExpiryEpochSec: 0}, ReplicationConfig: RATIS/THREE, State:ALLOCATED, leaderId:, CreationTimestamp2022-07-12T21:06:21.468Z[Etc/UTC]].
2022-07-12 21:06:21,469 [RatisPipelineUtilsThread - 0] INFO  pipeline.PipelineManagerImpl (PipelineManagerImpl.java:recordMetricsForPipeline(782)) - Pipeline: PipelineID=400725b4-e971-4031-87b3-0b74d8152eac contains same datanodes as previous pipelines: PipelineID=08541ec7-9ede-4229-bab4-c0eb019a3f66 nodeIds: 6d03a90d-b393-4c2b-aa32-f45668f1c5ca, b88517ff-a734-4baa-8e75-48c6a6d5a3f3, ac679b26-c737-4eb4-ba39-fe3b144a3424
2022-07-12 21:06:21,473 [EndpointStateMachine task thread for /0.0.0.0:43829 - 0 ] INFO  server.GrpcService (GrpcService.java:startImpl(260)) - 8bf5e825-cafb-4359-a872-18b2ce7984ce: GrpcService started, listening on 44517
2022-07-12 21:06:21,473 [EndpointStateMachine task thread for /0.0.0.0:43829 - 0 ] INFO  ratis.XceiverServerRatis (XceiverServerRatis.java:getRealPort(502)) - XceiverServerRatis 8bf5e825-cafb-4359-a872-18b2ce7984ce is started using port 44517 for RATIS
2022-07-12 21:06:21,473 [EndpointStateMachine task thread for /0.0.0.0:43829 - 0 ] INFO  ratis.XceiverServerRatis (XceiverServerRatis.java:getRealPort(502)) - XceiverServerRatis 8bf5e825-cafb-4359-a872-18b2ce7984ce is started using port 44517 for RATIS_ADMIN
2022-07-12 21:06:21,473 [EndpointStateMachine task thread for /0.0.0.0:43829 - 0 ] INFO  ratis.XceiverServerRatis (XceiverServerRatis.java:getRealPort(502)) - XceiverServerRatis 8bf5e825-cafb-4359-a872-18b2ce7984ce is started using port 44517 for RATIS_SERVER
2022-07-12 21:06:21,473 [org.apache.ratis.util.JvmPauseMonitor$$Lambda$613/1050667922@2c83f829] INFO  util.JvmPauseMonitor (JvmPauseMonitor.java:run(103)) - JvmPauseMonitor-8bf5e825-cafb-4359-a872-18b2ce7984ce: Started
2022-07-12 21:06:21,484 [Listener at 127.0.0.1/37581] INFO  ozone.MiniOzoneClusterImpl (MiniOzoneClusterImpl.java:lambda$waitForClusterToBeReady$0(223)) - Waiting for nodes to be ready. Got 3 of 5 DN Heartbeats.
2022-07-12 21:06:21,484 [Listener at 127.0.0.1/37581] INFO  ozone.MiniOzoneClusterImpl (MiniOzoneClusterImpl.java:lambda$waitForClusterToBeReady$0(226)) - Waiting for cluster to exit safe mode
2022-07-12 21:06:21,484 [Listener at 127.0.0.1/37581] INFO  ozone.MiniOzoneClusterImpl (MiniOzoneClusterImpl.java:lambda$waitForClusterToBeReady$0(228)) - SCM became leader
2022-07-12 21:06:21,514 [EndpointStateMachine task thread for /0.0.0.0:43829 - 0 ] INFO  server.XceiverServerGrpc (XceiverServerGrpc.java:start(180)) - XceiverServerGrpc 8bf5e825-cafb-4359-a872-18b2ce7984ce is started using port 46403
2022-07-12 21:06:21,590 [Command processor thread] INFO  server.RaftServer (RaftServerProxy.java:addNew(96)) - 6d03a90d-b393-4c2b-aa32-f45668f1c5ca: addNew group-80B490EA56BA:[6d03a90d-b393-4c2b-aa32-f45668f1c5ca|rpc:10.1.0.20:39877|priority:1] returns group-80B490EA56BA:java.util.concurrent.CompletableFuture@29fc2bbc[Not completed]
2022-07-12 21:06:21,591 [pool-625-thread-1] INFO  server.RaftServer$Division (RaftServerImpl.java:<init>(190)) - 6d03a90d-b393-4c2b-aa32-f45668f1c5ca: new RaftServerImpl for group-80B490EA56BA:[6d03a90d-b393-4c2b-aa32-f45668f1c5ca|rpc:10.1.0.20:39877|priority:1] with ContainerStateMachine:uninitialized
2022-07-12 21:06:21,592 [pool-625-thread-1] INFO  server.RaftServerConfigKeys (ConfUtils.java:logGet(46)) - raft.server.rpc.timeout.min = 5s (custom)
2022-07-12 21:06:21,592 [pool-625-thread-1] INFO  server.RaftServerConfigKeys (ConfUtils.java:logGet(46)) - raft.server.rpc.timeout.max = 5200ms (custom)
2022-07-12 21:06:21,592 [pool-625-thread-1] INFO  server.RaftServerConfigKeys (ConfUtils.java:logGet(46)) - raft.server.rpc.sleep.time = 25ms (default)
2022-07-12 21:06:21,592 [pool-625-thread-1] INFO  server.RaftServerConfigKeys (ConfUtils.java:logGet(46)) - raft.server.rpc.slowness.timeout = 300s (custom)
2022-07-12 21:06:21,592 [pool-625-thread-1] INFO  server.RaftServerConfigKeys (ConfUtils.java:logGet(46)) - raft.server.leaderelection.leader.step-down.wait-time = 10s (default)
2022-07-12 21:06:21,592 [pool-625-thread-1] INFO  server.RaftServerConfigKeys (ConfUtils.java:logGet(46)) - raft.server.sleep.deviation.threshold = 300ms (default)
2022-07-12 21:06:21,592 [pool-625-thread-1] INFO  server.RaftServer$Division (ServerState.java:<init>(107)) - 6d03a90d-b393-4c2b-aa32-f45668f1c5ca@group-80B490EA56BA: ConfigurationManager, init=-1: [6d03a90d-b393-4c2b-aa32-f45668f1c5ca|rpc:10.1.0.20:39877|priority:1], old=null, confs=<EMPTY_MAP>
2022-07-12 21:06:21,592 [pool-625-thread-1] INFO  server.RaftServerConfigKeys (ConfUtils.java:logGet(46)) - raft.server.storage.dir = [/home/runner/work/ozone/ozone/hadoop-ozone/integration-test/target/test-dir/MiniOzoneClusterImpl-f732ff5a-6050-490e-9ecc-7e3ed1996e94/datanode-0/data/ratis] (custom)
2022-07-12 21:06:21,592 [pool-625-thread-1] INFO  server.RaftServerConfigKeys (ConfUtils.java:logGet(46)) - raft.server.log.corruption.policy = EXCEPTION (default)
2022-07-12 21:06:21,592 [pool-625-thread-1] INFO  server.RaftServerConfigKeys (ConfUtils.java:logGet(46)) - raft.server.storage.free-space.min = 0MB (=0) (default)
2022-07-12 21:06:21,592 [pool-625-thread-1] INFO  storage.RaftStorageDirectory (RaftStorageDirectoryImpl.java:analyzeStorage(135)) - The storage directory /home/runner/work/ozone/ozone/hadoop-ozone/integration-test/target/test-dir/MiniOzoneClusterImpl-f732ff5a-6050-490e-9ecc-7e3ed1996e94/datanode-0/data/ratis/6d53d6aa-1dc4-4b11-bf8d-80b490ea56ba does not exist. Creating ...
2022-07-12 21:06:21,623 [pool-625-thread-1] INFO  storage.RaftStorageDirectory (RaftStorageDirectoryImpl.java:tryLock(230)) - Lock on /home/runner/work/ozone/ozone/hadoop-ozone/integration-test/target/test-dir/MiniOzoneClusterImpl-f732ff5a-6050-490e-9ecc-7e3ed1996e94/datanode-0/data/ratis/6d53d6aa-1dc4-4b11-bf8d-80b490ea56ba/in_use.lock acquired by nodename 31611@fv-az452-57
2022-07-12 21:06:21,627 [pool-625-thread-1] INFO  storage.RaftStorage (RaftStorageImpl.java:format(89)) - Storage directory /home/runner/work/ozone/ozone/hadoop-ozone/integration-test/target/test-dir/MiniOzoneClusterImpl-f732ff5a-6050-490e-9ecc-7e3ed1996e94/datanode-0/data/ratis/6d53d6aa-1dc4-4b11-bf8d-80b490ea56ba has been successfully formatted.
2022-07-12 21:06:21,636 [pool-625-thread-1] INFO  ratis.ContainerStateMachine (ContainerStateMachine.java:loadSnapshot(236)) - group-80B490EA56BA: The snapshot info is null. Setting the last applied indexto:(t:0, i:~)
2022-07-12 21:06:21,636 [pool-625-thread-1] INFO  server.RaftServerConfigKeys (ConfUtils.java:logGet(46)) - raft.server.notification.no-leader.timeout = 300s (custom)
2022-07-12 21:06:21,636 [pool-625-thread-1] INFO  server.RaftServerConfigKeys (ConfUtils.java:logGet(46)) - raft.server.log.use.memory = false (default)
2022-07-12 21:06:21,637 [pool-625-thread-1] INFO  server.RaftServerConfigKeys (ConfUtils.java:logGet(46)) - raft.server.log.purge.gap = 1000000 (custom)
2022-07-12 21:06:21,637 [pool-625-thread-1] INFO  server.RaftServerConfigKeys (ConfUtils.java:logGet(46)) - raft.server.log.appender.buffer.byte-limit = 33554432 (custom)
2022-07-12 21:06:21,637 [pool-625-thread-1] INFO  server.RaftServerConfigKeys (ConfUtils.java:logGet(46)) - raft.server.log.statemachine.data.read.timeout = 1000ms (default)
2022-07-12 21:06:21,637 [pool-625-thread-1] INFO  server.RaftServerConfigKeys (ConfUtils.java:logGet(46)) - raft.server.log.segment.size.max = 1048576 (custom)
2022-07-12 21:06:21,637 [pool-625-thread-1] INFO  server.RaftServerConfigKeys (ConfUtils.java:logGet(46)) - raft.server.log.segment.cache.num.max = 2 (custom)
2022-07-12 21:06:21,637 [pool-625-thread-1] INFO  server.RaftServerConfigKeys (ConfUtils.java:logGet(46)) - raft.server.log.segment.cache.size.max = 200MB (=209715200) (default)
2022-07-12 21:06:21,637 [pool-625-thread-1] INFO  segmented.SegmentedRaftLogWorker (SegmentedRaftLogWorker.java:<init>(187)) - new 6d03a90d-b393-4c2b-aa32-f45668f1c5ca@group-80B490EA56BA-SegmentedRaftLogWorker for RaftStorageImpl:Storage Directory /home/runner/work/ozone/ozone/hadoop-ozone/integration-test/target/test-dir/MiniOzoneClusterImpl-f732ff5a-6050-490e-9ecc-7e3ed1996e94/datanode-0/data/ratis/6d53d6aa-1dc4-4b11-bf8d-80b490ea56ba
2022-07-12 21:06:21,638 [pool-625-thread-1] INFO  server.RaftServerConfigKeys (ConfUtils.java:logGet(46)) - raft.server.log.queue.byte-limit = 4294967296 (custom)
2022-07-12 21:06:21,638 [pool-625-thread-1] INFO  server.RaftServerConfigKeys (ConfUtils.java:logGet(46)) - raft.server.log.queue.element-limit = 1024 (custom)
2022-07-12 21:06:21,638 [pool-625-thread-1] INFO  server.RaftServerConfigKeys (ConfUtils.java:logGet(46)) - raft.server.log.segment.size.max = 1048576 (custom)
2022-07-12 21:06:21,638 [pool-625-thread-1] INFO  server.RaftServerConfigKeys (ConfUtils.java:logGet(46)) - raft.server.log.preallocated.size = 16384 (custom)
2022-07-12 21:06:21,638 [pool-625-thread-1] INFO  server.RaftServerConfigKeys (ConfUtils.java:logGet(46)) - raft.server.log.force.sync.num = 128 (default)
2022-07-12 21:06:21,638 [pool-625-thread-1] INFO  server.RaftServerConfigKeys (ConfUtils.java:logGet(46)) - raft.server.log.statemachine.data.sync = true (default)
2022-07-12 21:06:21,638 [pool-625-thread-1] INFO  server.RaftServerConfigKeys (ConfUtils.java:logGet(46)) - raft.server.log.statemachine.data.sync.timeout = 10s (default)
2022-07-12 21:06:21,638 [pool-625-thread-1] INFO  server.RaftServerConfigKeys (ConfUtils.java:logGet(46)) - raft.server.log.statemachine.data.sync.timeout.retry = -1 (default)
2022-07-12 21:06:21,639 [pool-625-thread-1] INFO  server.RaftServerConfigKeys (ConfUtils.java:logGet(46)) - raft.server.log.write.buffer.size = 1048576 (custom)
2022-07-12 21:06:21,640 [pool-625-thread-1] INFO  server.RaftServerConfigKeys (ConfUtils.java:logGet(46)) - raft.server.log.unsafe-flush.enabled = false (default)
2022-07-12 21:06:21,640 [pool-625-thread-1] INFO  server.RaftServerConfigKeys (ConfUtils.java:logGet(46)) - raft.server.log.statemachine.data.caching.enabled = true (custom)
2022-07-12 21:06:21,640 [pool-625-thread-1] INFO  segmented.SegmentedRaftLogWorker (SegmentedRaftLogWorker.java:lambda$new$0(135)) - 6d03a90d-b393-4c2b-aa32-f45668f1c5ca@group-80B490EA56BA-SegmentedRaftLogWorker: flushIndex: setUnconditionally 0 -> -1
2022-07-12 21:06:21,640 [pool-625-thread-1] INFO  segmented.SegmentedRaftLogWorker (SegmentedRaftLogWorker.java:lambda$new$0(135)) - 6d03a90d-b393-4c2b-aa32-f45668f1c5ca@group-80B490EA56BA-SegmentedRaftLogWorker: safeCacheEvictIndex: setUnconditionally 0 -> -1
2022-07-12 21:06:21,641 [pool-625-thread-1] INFO  server.RaftServerConfigKeys (ConfUtils.java:logGet(46)) - raft.server.snapshot.auto.trigger.enabled = true (custom)
2022-07-12 21:06:21,642 [pool-625-thread-1] INFO  server.RaftServerConfigKeys (ConfUtils.java:logGet(46)) - raft.server.snapshot.auto.trigger.threshold = 10000 (custom)
2022-07-12 21:06:21,642 [pool-625-thread-1] INFO  server.RaftServerConfigKeys (ConfUtils.java:logGet(46)) - raft.server.snapshot.retention.file.num = 5 (custom)
2022-07-12 21:06:21,642 [pool-625-thread-1] INFO  server.RaftServerConfigKeys (ConfUtils.java:logGet(46)) - raft.server.log.purge.upto.snapshot.index = false (default)
2022-07-12 21:06:21,642 [pool-625-thread-1] INFO  server.RaftServerConfigKeys (ConfUtils.java:logGet(46)) - raft.server.retrycache.expirytime = 600000ms (custom)
2022-07-12 21:06:21,642 [pool-625-thread-1] INFO  server.RaftServerConfigKeys (ConfUtils.java:logGet(46)) - raft.server.retrycache.statistics.expirytime = 100μs (default)
2022-07-12 21:06:21,652 [pool-625-thread-1] INFO  server.RaftServerConfigKeys (ConfUtils.java:logGet(46)) - raft.server.log.appender.install.snapshot.enabled = false (custom)
2022-07-12 21:06:21,652 [pool-625-thread-1] INFO  server.RaftServerConfigKeys (ConfUtils.java:logGet(46)) - raft.server.threadpool.server.cached = true (default)
2022-07-12 21:06:21,652 [pool-625-thread-1] INFO  server.RaftServerConfigKeys (ConfUtils.java:logGet(46)) - raft.server.threadpool.server.size = 0 (default)
2022-07-12 21:06:21,652 [pool-625-thread-1] INFO  server.RaftServerConfigKeys (ConfUtils.java:logGet(46)) - raft.server.threadpool.client.cached = true (default)
2022-07-12 21:06:21,652 [pool-625-thread-1] INFO  server.RaftServerConfigKeys (ConfUtils.java:logGet(46)) - raft.server.threadpool.client.size = 0 (default)
2022-07-12 21:06:21,652 [pool-625-thread-1] INFO  server.RaftServer$Division (RaftServerImpl.java:start(310)) - 6d03a90d-b393-4c2b-aa32-f45668f1c5ca@group-80B490EA56BA: start as a follower, conf=-1: [6d03a90d-b393-4c2b-aa32-f45668f1c5ca|rpc:10.1.0.20:39877|priority:1], old=null
2022-07-12 21:06:21,652 [pool-625-thread-1] INFO  server.RaftServer$Division (RaftServerImpl.java:setRole(299)) - 6d03a90d-b393-4c2b-aa32-f45668f1c5ca@group-80B490EA56BA: changes role from      null to FOLLOWER at term 0 for startAsFollower
2022-07-12 21:06:21,652 [pool-625-thread-1] INFO  impl.RoleInfo (RoleInfo.java:updateAndGet(139)) - 6d03a90d-b393-4c2b-aa32-f45668f1c5ca: start 6d03a90d-b393-4c2b-aa32-f45668f1c5ca@group-80B490EA56BA-FollowerState
2022-07-12 21:06:21,656 [pool-625-thread-1] INFO  util.JmxRegister (JmxRegister.java:tryRegister(44)) - Successfully registered JMX Bean with object name Ratis:service=RaftServer,group=group-80B490EA56BA,id=6d03a90d-b393-4c2b-aa32-f45668f1c5ca
2022-07-12 21:06:21,663 [Command processor thread] INFO  ratis.XceiverServerRatis (XceiverServerRatis.java:addGroup(765)) - Created group PipelineID=6d53d6aa-1dc4-4b11-bf8d-80b490ea56ba
2022-07-12 21:06:21,664 [Command processor thread] INFO  commandhandler.CreatePipelineCommandHandler (CreatePipelineCommandHandler.java:handle(113)) - Created Pipeline RATIS ONE PipelineID=6d53d6aa-1dc4-4b11-bf8d-80b490ea56ba.
2022-07-12 21:06:21,664 [Command processor thread] INFO  server.RaftServer (RaftServerProxy.java:addNew(96)) - 6d03a90d-b393-4c2b-aa32-f45668f1c5ca: addNew group-C0EB019A3F66:[b88517ff-a734-4baa-8e75-48c6a6d5a3f3|rpc:10.1.0.20:38005|priority:1, 6d03a90d-b393-4c2b-aa32-f45668f1c5ca|rpc:10.1.0.20:39877|priority:0, ac679b26-c737-4eb4-ba39-fe3b144a3424|rpc:10.1.0.20:34833|priority:0] returns group-C0EB019A3F66:java.util.concurrent.CompletableFuture@2dc3ba5b[Not completed]
2022-07-12 21:06:21,676 [pool-625-thread-1] INFO  server.RaftServer$Division (RaftServerImpl.java:<init>(190)) - 6d03a90d-b393-4c2b-aa32-f45668f1c5ca: new RaftServerImpl for group-C0EB019A3F66:[b88517ff-a734-4baa-8e75-48c6a6d5a3f3|rpc:10.1.0.20:38005|priority:1, 6d03a90d-b393-4c2b-aa32-f45668f1c5ca|rpc:10.1.0.20:39877|priority:0, ac679b26-c737-4eb4-ba39-fe3b144a3424|rpc:10.1.0.20:34833|priority:0] with ContainerStateMachine:uninitialized
2022-07-12 21:06:21,676 [pool-625-thread-1] INFO  server.RaftServerConfigKeys (ConfUtils.java:logGet(46)) - raft.server.rpc.timeout.min = 5s (custom)
2022-07-12 21:06:21,676 [pool-625-thread-1] INFO  server.RaftServerConfigKeys (ConfUtils.java:logGet(46)) - raft.server.rpc.timeout.max = 5200ms (custom)
2022-07-12 21:06:21,676 [pool-625-thread-1] INFO  server.RaftServerConfigKeys (ConfUtils.java:logGet(46)) - raft.server.rpc.sleep.time = 25ms (default)
2022-07-12 21:06:21,676 [pool-625-thread-1] INFO  server.RaftServerConfigKeys (ConfUtils.java:logGet(46)) - raft.server.rpc.slowness.timeout = 300s (custom)
2022-07-12 21:06:21,676 [pool-625-thread-1] INFO  server.RaftServerConfigKeys (ConfUtils.java:logGet(46)) - raft.server.leaderelection.leader.step-down.wait-time = 10s (default)
2022-07-12 21:06:21,676 [pool-625-thread-1] INFO  server.RaftServerConfigKeys (ConfUtils.java:logGet(46)) - raft.server.sleep.deviation.threshold = 300ms (default)
2022-07-12 21:06:21,676 [pool-625-thread-1] INFO  server.RaftServer$Division (ServerState.java:<init>(107)) - 6d03a90d-b393-4c2b-aa32-f45668f1c5ca@group-C0EB019A3F66: ConfigurationManager, init=-1: [b88517ff-a734-4baa-8e75-48c6a6d5a3f3|rpc:10.1.0.20:38005|priority:1, 6d03a90d-b393-4c2b-aa32-f45668f1c5ca|rpc:10.1.0.20:39877|priority:0, ac679b26-c737-4eb4-ba39-fe3b144a3424|rpc:10.1.0.20:34833|priority:0], old=null, confs=<EMPTY_MAP>
2022-07-12 21:06:21,676 [pool-625-thread-1] INFO  server.RaftServerConfigKeys (ConfUtils.java:logGet(46)) - raft.server.storage.dir = [/home/runner/work/ozone/ozone/hadoop-ozone/integration-test/target/test-dir/MiniOzoneClusterImpl-f732ff5a-6050-490e-9ecc-7e3ed1996e94/datanode-0/data/ratis] (custom)
2022-07-12 21:06:21,676 [pool-625-thread-1] INFO  server.RaftServerConfigKeys (ConfUtils.java:logGet(46)) - raft.server.log.corruption.policy = EXCEPTION (default)
2022-07-12 21:06:21,676 [pool-625-thread-1] INFO  server.RaftServerConfigKeys (ConfUtils.java:logGet(46)) - raft.server.storage.free-space.min = 0MB (=0) (default)
2022-07-12 21:06:21,676 [pool-625-thread-1] INFO  storage.RaftStorageDirectory (RaftStorageDirectoryImpl.java:analyzeStorage(135)) - The storage directory /home/runner/work/ozone/ozone/hadoop-ozone/integration-test/target/test-dir/MiniOzoneClusterImpl-f732ff5a-6050-490e-9ecc-7e3ed1996e94/datanode-0/data/ratis/08541ec7-9ede-4229-bab4-c0eb019a3f66 does not exist. Creating ...
2022-07-12 21:06:21,680 [EventQueue-PipelineReportForPipelineReportHandler] INFO  pipeline.PipelineManagerImpl (PipelineManagerImpl.java:openPipeline(359)) - Pipeline Pipeline[ Id: 6d53d6aa-1dc4-4b11-bf8d-80b490ea56ba, Nodes: 6d03a90d-b393-4c2b-aa32-f45668f1c5ca{ip: 10.1.0.20, host: fv-az452-57.ku3lqr0aiaqu5kfj3xdpchcrvd.dx.internal.cloudapp.net, ports: [REPLICATION=46381, RATIS=39877, RATIS_ADMIN=39877, RATIS_SERVER=39877, STANDALONE=44331], networkLocation: /default-rack, certSerialId: null, persistedOpState: IN_SERVICE, persistedOpStateExpiryEpochSec: 0}, ReplicationConfig: RATIS/ONE, State:ALLOCATED, leaderId:6d03a90d-b393-4c2b-aa32-f45668f1c5ca, CreationTimestamp2022-07-12T21:06:18.664Z[Etc/UTC]] moved to OPEN state
2022-07-12 21:06:21,718 [pool-625-thread-1] INFO  storage.RaftStorageDirectory (RaftStorageDirectoryImpl.java:tryLock(230)) - Lock on /home/runner/work/ozone/ozone/hadoop-ozone/integration-test/target/test-dir/MiniOzoneClusterImpl-f732ff5a-6050-490e-9ecc-7e3ed1996e94/datanode-0/data/ratis/08541ec7-9ede-4229-bab4-c0eb019a3f66/in_use.lock acquired by nodename 31611@fv-az452-57
2022-07-12 21:06:21,720 [pool-625-thread-1] INFO  storage.RaftStorage (RaftStorageImpl.java:format(89)) - Storage directory /home/runner/work/ozone/ozone/hadoop-ozone/integration-test/target/test-dir/MiniOzoneClusterImpl-f732ff5a-6050-490e-9ecc-7e3ed1996e94/datanode-0/data/ratis/08541ec7-9ede-4229-bab4-c0eb019a3f66 has been successfully formatted.
2022-07-12 21:06:21,720 [pool-625-thread-1] INFO  ratis.ContainerStateMachine (ContainerStateMachine.java:loadSnapshot(236)) - group-C0EB019A3F66: The snapshot info is null. Setting the last applied indexto:(t:0, i:~)
2022-07-12 21:06:21,721 [pool-625-thread-1] INFO  server.RaftServerConfigKeys (ConfUtils.java:logGet(46)) - raft.server.notification.no-leader.timeout = 300s (custom)
2022-07-12 21:06:21,721 [pool-625-thread-1] INFO  server.RaftServerConfigKeys (ConfUtils.java:logGet(46)) - raft.server.log.use.memory = false (default)
2022-07-12 21:06:21,721 [pool-625-thread-1] INFO  server.RaftServerConfigKeys (ConfUtils.java:logGet(46)) - raft.server.log.purge.gap = 1000000 (custom)
2022-07-12 21:06:21,721 [pool-625-thread-1] INFO  server.RaftServerConfigKeys (ConfUtils.java:logGet(46)) - raft.server.log.appender.buffer.byte-limit = 33554432 (custom)
2022-07-12 21:06:21,721 [pool-625-thread-1] INFO  server.RaftServerConfigKeys (ConfUtils.java:logGet(46)) - raft.server.log.statemachine.data.read.timeout = 1000ms (default)
2022-07-12 21:06:21,721 [pool-625-thread-1] INFO  server.RaftServerConfigKeys (ConfUtils.java:logGet(46)) - raft.server.log.segment.size.max = 1048576 (custom)
2022-07-12 21:06:21,721 [pool-625-thread-1] INFO  server.RaftServerConfigKeys (ConfUtils.java:logGet(46)) - raft.server.log.segment.cache.num.max = 2 (custom)
2022-07-12 21:06:21,721 [pool-625-thread-1] INFO  server.RaftServerConfigKeys (ConfUtils.java:logGet(46)) - raft.server.log.segment.cache.size.max = 200MB (=209715200) (default)
2022-07-12 21:06:21,722 [pool-625-thread-1] INFO  segmented.SegmentedRaftLogWorker (SegmentedRaftLogWorker.java:<init>(187)) - new 6d03a90d-b393-4c2b-aa32-f45668f1c5ca@group-C0EB019A3F66-SegmentedRaftLogWorker for RaftStorageImpl:Storage Directory /home/runner/work/ozone/ozone/hadoop-ozone/integration-test/target/test-dir/MiniOzoneClusterImpl-f732ff5a-6050-490e-9ecc-7e3ed1996e94/datanode-0/data/ratis/08541ec7-9ede-4229-bab4-c0eb019a3f66
2022-07-12 21:06:21,722 [pool-625-thread-1] INFO  server.RaftServerConfigKeys (ConfUtils.java:logGet(46)) - raft.server.log.queue.byte-limit = 4294967296 (custom)
2022-07-12 21:06:21,722 [pool-625-thread-1] INFO  server.RaftServerConfigKeys (ConfUtils.java:logGet(46)) - raft.server.log.queue.element-limit = 1024 (custom)
2022-07-12 21:06:21,722 [pool-625-thread-1] INFO  server.RaftServerConfigKeys (ConfUtils.java:logGet(46)) - raft.server.log.segment.size.max = 1048576 (custom)
2022-07-12 21:06:21,722 [pool-625-thread-1] INFO  server.RaftServerConfigKeys (ConfUtils.java:logGet(46)) - raft.server.log.preallocated.size = 16384 (custom)
2022-07-12 21:06:21,722 [pool-625-thread-1] INFO  server.RaftServerConfigKeys (ConfUtils.java:logGet(46)) - raft.server.log.force.sync.num = 128 (default)
2022-07-12 21:06:21,722 [pool-625-thread-1] INFO  server.RaftServerConfigKeys (ConfUtils.java:logGet(46)) - raft.server.log.statemachine.data.sync = true (default)
2022-07-12 21:06:21,722 [pool-625-thread-1] INFO  server.RaftServerConfigKeys (ConfUtils.java:logGet(46)) - raft.server.log.statemachine.data.sync.timeout = 10s (default)
2022-07-12 21:06:21,722 [pool-625-thread-1] INFO  server.RaftServerConfigKeys (ConfUtils.java:logGet(46)) - raft.server.log.statemachine.data.sync.timeout.retry = -1 (default)
2022-07-12 21:06:21,723 [pool-625-thread-1] INFO  server.RaftServerConfigKeys (ConfUtils.java:logGet(46)) - raft.server.log.write.buffer.size = 1048576 (custom)
2022-07-12 21:06:21,723 [pool-625-thread-1] INFO  server.RaftServerConfigKeys (ConfUtils.java:logGet(46)) - raft.server.log.unsafe-flush.enabled = false (default)
2022-07-12 21:06:21,723 [pool-625-thread-1] INFO  server.RaftServerConfigKeys (ConfUtils.java:logGet(46)) - raft.server.log.statemachine.data.caching.enabled = true (custom)
2022-07-12 21:06:21,724 [pool-625-thread-1] INFO  segmented.SegmentedRaftLogWorker (SegmentedRaftLogWorker.java:lambda$new$0(135)) - 6d03a90d-b393-4c2b-aa32-f45668f1c5ca@group-C0EB019A3F66-SegmentedRaftLogWorker: flushIndex: setUnconditionally 0 -> -1
2022-07-12 21:06:21,724 [pool-625-thread-1] INFO  segmented.SegmentedRaftLogWorker (SegmentedRaftLogWorker.java:lambda$new$0(135)) - 6d03a90d-b393-4c2b-aa32-f45668f1c5ca@group-C0EB019A3F66-SegmentedRaftLogWorker: safeCacheEvictIndex: setUnconditionally 0 -> -1
2022-07-12 21:06:21,728 [pool-625-thread-1] INFO  server.RaftServerConfigKeys (ConfUtils.java:logGet(46)) - raft.server.snapshot.auto.trigger.enabled = true (custom)
2022-07-12 21:06:21,728 [pool-625-thread-1] INFO  server.RaftServerConfigKeys (ConfUtils.java:logGet(46)) - raft.server.snapshot.auto.trigger.threshold = 10000 (custom)
2022-07-12 21:06:21,728 [pool-625-thread-1] INFO  server.RaftServerConfigKeys (ConfUtils.java:logGet(46)) - raft.server.snapshot.retention.file.num = 5 (custom)
2022-07-12 21:06:21,728 [pool-625-thread-1] INFO  server.RaftServerConfigKeys (ConfUtils.java:logGet(46)) - raft.server.log.purge.upto.snapshot.index = false (default)
2022-07-12 21:06:21,728 [pool-625-thread-1] INFO  server.RaftServerConfigKeys (ConfUtils.java:logGet(46)) - raft.server.retrycache.expirytime = 600000ms (custom)
2022-07-12 21:06:21,728 [pool-625-thread-1] INFO  server.RaftServerConfigKeys (ConfUtils.java:logGet(46)) - raft.server.retrycache.statistics.expirytime = 100μs (default)
2022-07-12 21:06:21,729 [pool-625-thread-1] INFO  server.RaftServerConfigKeys (ConfUtils.java:logGet(46)) - raft.server.log.appender.install.snapshot.enabled = false (custom)
2022-07-12 21:06:21,729 [pool-625-thread-1] INFO  server.RaftServerConfigKeys (ConfUtils.java:logGet(46)) - raft.server.threadpool.server.cached = true (default)
2022-07-12 21:06:21,729 [pool-625-thread-1] INFO  server.RaftServerConfigKeys (ConfUtils.java:logGet(46)) - raft.server.threadpool.server.size = 0 (default)
2022-07-12 21:06:21,729 [pool-625-thread-1] INFO  server.RaftServerConfigKeys (ConfUtils.java:logGet(46)) - raft.server.threadpool.client.cached = true (default)
2022-07-12 21:06:21,729 [pool-625-thread-1] INFO  server.RaftServerConfigKeys (ConfUtils.java:logGet(46)) - raft.server.threadpool.client.size = 0 (default)
2022-07-12 21:06:21,729 [pool-625-thread-1] INFO  server.RaftServer$Division (RaftServerImpl.java:start(310)) - 6d03a90d-b393-4c2b-aa32-f45668f1c5ca@group-C0EB019A3F66: start as a follower, conf=-1: [b88517ff-a734-4baa-8e75-48c6a6d5a3f3|rpc:10.1.0.20:38005|priority:1, 6d03a90d-b393-4c2b-aa32-f45668f1c5ca|rpc:10.1.0.20:39877|priority:0, ac679b26-c737-4eb4-ba39-fe3b144a3424|rpc:10.1.0.20:34833|priority:0], old=null
2022-07-12 21:06:21,730 [pool-625-thread-1] INFO  server.RaftServer$Division (RaftServerImpl.java:setRole(299)) - 6d03a90d-b393-4c2b-aa32-f45668f1c5ca@group-C0EB019A3F66: changes role from      null to FOLLOWER at term 0 for startAsFollower
2022-07-12 21:06:21,730 [pool-625-thread-1] INFO  impl.RoleInfo (RoleInfo.java:updateAndGet(139)) - 6d03a90d-b393-4c2b-aa32-f45668f1c5ca: start 6d03a90d-b393-4c2b-aa32-f45668f1c5ca@group-C0EB019A3F66-FollowerState
2022-07-12 21:06:21,739 [pool-625-thread-1] INFO  util.JmxRegister (JmxRegister.java:tryRegister(44)) - Successfully registered JMX Bean with object name Ratis:service=RaftServer,group=group-C0EB019A3F66,id=6d03a90d-b393-4c2b-aa32-f45668f1c5ca
2022-07-12 21:06:21,740 [Command processor thread] INFO  ratis.XceiverServerRatis (XceiverServerRatis.java:addGroup(765)) - Created group PipelineID=08541ec7-9ede-4229-bab4-c0eb019a3f66
2022-07-12 21:06:21,795 [EventQueue-OpenPipelineForHealthyPipelineSafeModeRule] INFO  safemode.SCMSafeModeManager (HealthyPipelineSafeModeRule.java:process(124)) - SCM in safe mode. Healthy pipelines reported count is 0, required healthy pipeline reported count is 1
2022-07-12 21:06:21,796 [EventQueue-OpenPipelineForHealthyPipelineSafeModeRule] INFO  safemode.SCMSafeModeManager (HealthyPipelineSafeModeRule.java:process(124)) - SCM in safe mode. Healthy pipelines reported count is 0, required healthy pipeline reported count is 1
2022-07-12 21:06:21,851 [grpc-default-executor-0] INFO  server.RaftServer (RaftServerProxy.java:addNew(96)) - ac679b26-c737-4eb4-ba39-fe3b144a3424: addNew group-C0EB019A3F66:[b88517ff-a734-4baa-8e75-48c6a6d5a3f3|rpc:10.1.0.20:38005|dataStream:|priority:1, 6d03a90d-b393-4c2b-aa32-f45668f1c5ca|rpc:10.1.0.20:39877|dataStream:|priority:0, ac679b26-c737-4eb4-ba39-fe3b144a3424|rpc:10.1.0.20:34833|dataStream:|priority:0] returns group-C0EB019A3F66:java.util.concurrent.CompletableFuture@68fa140f[Not completed]
2022-07-12 21:06:21,872 [pool-671-thread-1] INFO  server.RaftServer$Division (RaftServerImpl.java:<init>(190)) - ac679b26-c737-4eb4-ba39-fe3b144a3424: new RaftServerImpl for group-C0EB019A3F66:[b88517ff-a734-4baa-8e75-48c6a6d5a3f3|rpc:10.1.0.20:38005|dataStream:|priority:1, 6d03a90d-b393-4c2b-aa32-f45668f1c5ca|rpc:10.1.0.20:39877|dataStream:|priority:0, ac679b26-c737-4eb4-ba39-fe3b144a3424|rpc:10.1.0.20:34833|dataStream:|priority:0] with ContainerStateMachine:uninitialized
2022-07-12 21:06:21,872 [pool-671-thread-1] INFO  server.RaftServerConfigKeys (ConfUtils.java:logGet(46)) - raft.server.rpc.timeout.min = 5s (custom)
2022-07-12 21:06:21,872 [pool-671-thread-1] INFO  server.RaftServerConfigKeys (ConfUtils.java:logGet(46)) - raft.server.rpc.timeout.max = 5200ms (custom)
2022-07-12 21:06:21,872 [pool-671-thread-1] INFO  server.RaftServerConfigKeys (ConfUtils.java:logGet(46)) - raft.server.rpc.sleep.time = 25ms (default)
2022-07-12 21:06:21,872 [pool-671-thread-1] INFO  server.RaftServerConfigKeys (ConfUtils.java:logGet(46)) - raft.server.rpc.slowness.timeout = 300s (custom)
2022-07-12 21:06:21,872 [pool-671-thread-1] INFO  server.RaftServerConfigKeys (ConfUtils.java:logGet(46)) - raft.server.leaderelection.leader.step-down.wait-time = 10s (default)
2022-07-12 21:06:21,872 [pool-671-thread-1] INFO  server.RaftServerConfigKeys (ConfUtils.java:logGet(46)) - raft.server.sleep.deviation.threshold = 300ms (default)
2022-07-12 21:06:21,872 [pool-671-thread-1] INFO  server.RaftServer$Division (ServerState.java:<init>(107)) - ac679b26-c737-4eb4-ba39-fe3b144a3424@group-C0EB019A3F66: ConfigurationManager, init=-1: [b88517ff-a734-4baa-8e75-48c6a6d5a3f3|rpc:10.1.0.20:38005|dataStream:|priority:1, 6d03a90d-b393-4c2b-aa32-f45668f1c5ca|rpc:10.1.0.20:39877|dataStream:|priority:0, ac679b26-c737-4eb4-ba39-fe3b144a3424|rpc:10.1.0.20:34833|dataStream:|priority:0], old=null, confs=<EMPTY_MAP>
2022-07-12 21:06:21,872 [pool-671-thread-1] INFO  server.RaftServerConfigKeys (ConfUtils.java:logGet(46)) - raft.server.storage.dir = [/home/runner/work/ozone/ozone/hadoop-ozone/integration-test/target/test-dir/MiniOzoneClusterImpl-f732ff5a-6050-490e-9ecc-7e3ed1996e94/datanode-2/data/ratis] (custom)
2022-07-12 21:06:21,872 [pool-671-thread-1] INFO  server.RaftServerConfigKeys (ConfUtils.java:logGet(46)) - raft.server.log.corruption.policy = EXCEPTION (default)
2022-07-12 21:06:21,873 [pool-671-thread-1] INFO  server.RaftServerConfigKeys (ConfUtils.java:logGet(46)) - raft.server.storage.free-space.min = 0MB (=0) (default)
2022-07-12 21:06:21,873 [pool-671-thread-1] INFO  storage.RaftStorageDirectory (RaftStorageDirectoryImpl.java:analyzeStorage(135)) - The storage directory /home/runner/work/ozone/ozone/hadoop-ozone/integration-test/target/test-dir/MiniOzoneClusterImpl-f732ff5a-6050-490e-9ecc-7e3ed1996e94/datanode-2/data/ratis/08541ec7-9ede-4229-bab4-c0eb019a3f66 does not exist. Creating ...
2022-07-12 21:06:21,914 [pool-671-thread-1] INFO  storage.RaftStorageDirectory (RaftStorageDirectoryImpl.java:tryLock(230)) - Lock on /home/runner/work/ozone/ozone/hadoop-ozone/integration-test/target/test-dir/MiniOzoneClusterImpl-f732ff5a-6050-490e-9ecc-7e3ed1996e94/datanode-2/data/ratis/08541ec7-9ede-4229-bab4-c0eb019a3f66/in_use.lock acquired by nodename 31611@fv-az452-57
2022-07-12 21:06:21,920 [pool-671-thread-1] INFO  storage.RaftStorage (RaftStorageImpl.java:format(89)) - Storage directory /home/runner/work/ozone/ozone/hadoop-ozone/integration-test/target/test-dir/MiniOzoneClusterImpl-f732ff5a-6050-490e-9ecc-7e3ed1996e94/datanode-2/data/ratis/08541ec7-9ede-4229-bab4-c0eb019a3f66 has been successfully formatted.
2022-07-12 21:06:21,920 [pool-671-thread-1] INFO  ratis.ContainerStateMachine (ContainerStateMachine.java:loadSnapshot(236)) - group-C0EB019A3F66: The snapshot info is null. Setting the last applied indexto:(t:0, i:~)
2022-07-12 21:06:21,923 [pool-671-thread-1] INFO  server.RaftServerConfigKeys (ConfUtils.java:logGet(46)) - raft.server.notification.no-leader.timeout = 300s (custom)
2022-07-12 21:06:21,966 [pool-671-thread-1] INFO  server.RaftServerConfigKeys (ConfUtils.java:logGet(46)) - raft.server.log.use.memory = false (default)
2022-07-12 21:06:21,966 [pool-671-thread-1] INFO  server.RaftServerConfigKeys (ConfUtils.java:logGet(46)) - raft.server.log.purge.gap = 1000000 (custom)
2022-07-12 21:06:21,967 [pool-671-thread-1] INFO  server.RaftServerConfigKeys (ConfUtils.java:logGet(46)) - raft.server.log.appender.buffer.byte-limit = 33554432 (custom)
2022-07-12 21:06:21,967 [pool-671-thread-1] INFO  server.RaftServerConfigKeys (ConfUtils.java:logGet(46)) - raft.server.log.statemachine.data.read.timeout = 1000ms (default)
2022-07-12 21:06:21,967 [pool-671-thread-1] INFO  server.RaftServerConfigKeys (ConfUtils.java:logGet(46)) - raft.server.log.segment.size.max = 1048576 (custom)
2022-07-12 21:06:21,967 [pool-671-thread-1] INFO  server.RaftServerConfigKeys (ConfUtils.java:logGet(46)) - raft.server.log.segment.cache.num.max = 2 (custom)
2022-07-12 21:06:21,967 [pool-671-thread-1] INFO  server.RaftServerConfigKeys (ConfUtils.java:logGet(46)) - raft.server.log.segment.cache.size.max = 200MB (=209715200) (default)
2022-07-12 21:06:21,967 [pool-671-thread-1] INFO  segmented.SegmentedRaftLogWorker (SegmentedRaftLogWorker.java:<init>(187)) - new ac679b26-c737-4eb4-ba39-fe3b144a3424@group-C0EB019A3F66-SegmentedRaftLogWorker for RaftStorageImpl:Storage Directory /home/runner/work/ozone/ozone/hadoop-ozone/integration-test/target/test-dir/MiniOzoneClusterImpl-f732ff5a-6050-490e-9ecc-7e3ed1996e94/datanode-2/data/ratis/08541ec7-9ede-4229-bab4-c0eb019a3f66
2022-07-12 21:06:21,967 [pool-671-thread-1] INFO  server.RaftServerConfigKeys (ConfUtils.java:logGet(46)) - raft.server.log.queue.byte-limit = 4294967296 (custom)
2022-07-12 21:06:21,968 [pool-671-thread-1] INFO  server.RaftServerConfigKeys (ConfUtils.java:logGet(46)) - raft.server.log.queue.element-limit = 1024 (custom)
2022-07-12 21:06:21,968 [pool-671-thread-1] INFO  server.RaftServerConfigKeys (ConfUtils.java:logGet(46)) - raft.server.log.segment.size.max = 1048576 (custom)
2022-07-12 21:06:21,968 [pool-671-thread-1] INFO  server.RaftServerConfigKeys (ConfUtils.java:logGet(46)) - raft.server.log.preallocated.size = 16384 (custom)
2022-07-12 21:06:21,968 [pool-671-thread-1] INFO  server.RaftServerConfigKeys (ConfUtils.java:logGet(46)) - raft.server.log.force.sync.num = 128 (default)
2022-07-12 21:06:21,968 [pool-671-thread-1] INFO  server.RaftServerConfigKeys (ConfUtils.java:logGet(46)) - raft.server.log.statemachine.data.sync = true (default)
2022-07-12 21:06:21,968 [pool-671-thread-1] INFO  server.RaftServerConfigKeys (ConfUtils.java:logGet(46)) - raft.server.log.statemachine.data.sync.timeout = 10s (default)
2022-07-12 21:06:21,968 [pool-671-thread-1] INFO  server.RaftServerConfigKeys (ConfUtils.java:logGet(46)) - raft.server.log.statemachine.data.sync.timeout.retry = -1 (default)
2022-07-12 21:06:21,969 [pool-671-thread-1] INFO  server.RaftServerConfigKeys (ConfUtils.java:logGet(46)) - raft.server.log.write.buffer.size = 1048576 (custom)
2022-07-12 21:06:21,969 [pool-671-thread-1] INFO  server.RaftServerConfigKeys (ConfUtils.java:logGet(46)) - raft.server.log.unsafe-flush.enabled = false (default)
2022-07-12 21:06:21,969 [pool-671-thread-1] INFO  server.RaftServerConfigKeys (ConfUtils.java:logGet(46)) - raft.server.log.statemachine.data.caching.enabled = true (custom)
2022-07-12 21:06:21,969 [pool-671-thread-1] INFO  segmented.SegmentedRaftLogWorker (SegmentedRaftLogWorker.java:lambda$new$0(135)) - ac679b26-c737-4eb4-ba39-fe3b144a3424@group-C0EB019A3F66-SegmentedRaftLogWorker: flushIndex: setUnconditionally 0 -> -1
2022-07-12 21:06:21,970 [pool-671-thread-1] INFO  segmented.SegmentedRaftLogWorker (SegmentedRaftLogWorker.java:lambda$new$0(135)) - ac679b26-c737-4eb4-ba39-fe3b144a3424@group-C0EB019A3F66-SegmentedRaftLogWorker: safeCacheEvictIndex: setUnconditionally 0 -> -1
2022-07-12 21:06:21,982 [pool-671-thread-1] INFO  server.RaftServerConfigKeys (ConfUtils.java:logGet(46)) - raft.server.snapshot.auto.trigger.enabled = true (custom)
2022-07-12 21:06:21,982 [pool-671-thread-1] INFO  server.RaftServerConfigKeys (ConfUtils.java:logGet(46)) - raft.server.snapshot.auto.trigger.threshold = 10000 (custom)
2022-07-12 21:06:21,982 [pool-671-thread-1] INFO  server.RaftServerConfigKeys (ConfUtils.java:logGet(46)) - raft.server.snapshot.retention.file.num = 5 (custom)
2022-07-12 21:06:21,982 [pool-671-thread-1] INFO  server.RaftServerConfigKeys (ConfUtils.java:logGet(46)) - raft.server.log.purge.upto.snapshot.index = false (default)
2022-07-12 21:06:21,982 [pool-671-thread-1] INFO  server.RaftServerConfigKeys (ConfUtils.java:logGet(46)) - raft.server.retrycache.expirytime = 600000ms (custom)
2022-07-12 21:06:21,982 [pool-671-thread-1] INFO  server.RaftServerConfigKeys (ConfUtils.java:logGet(46)) - raft.server.retrycache.statistics.expirytime = 100μs (default)
2022-07-12 21:06:21,985 [pool-671-thread-1] INFO  server.RaftServerConfigKeys (ConfUtils.java:logGet(46)) - raft.server.log.appender.install.snapshot.enabled = false (custom)
2022-07-12 21:06:21,985 [pool-671-thread-1] INFO  server.RaftServerConfigKeys (ConfUtils.java:logGet(46)) - raft.server.threadpool.server.cached = true (default)
2022-07-12 21:06:21,985 [pool-671-thread-1] INFO  server.RaftServerConfigKeys (ConfUtils.java:logGet(46)) - raft.server.threadpool.server.size = 0 (default)
2022-07-12 21:06:21,985 [pool-671-thread-1] INFO  server.RaftServerConfigKeys (ConfUtils.java:logGet(46)) - raft.server.threadpool.client.cached = true (default)
2022-07-12 21:06:21,985 [pool-671-thread-1] INFO  server.RaftServerConfigKeys (ConfUtils.java:logGet(46)) - raft.server.threadpool.client.size = 0 (default)
2022-07-12 21:06:21,985 [pool-671-thread-1] INFO  server.RaftServer$Division (RaftServerImpl.java:start(310)) - ac679b26-c737-4eb4-ba39-fe3b144a3424@group-C0EB019A3F66: start as a follower, conf=-1: [b88517ff-a734-4baa-8e75-48c6a6d5a3f3|rpc:10.1.0.20:38005|dataStream:|priority:1, 6d03a90d-b393-4c2b-aa32-f45668f1c5ca|rpc:10.1.0.20:39877|dataStream:|priority:0, ac679b26-c737-4eb4-ba39-fe3b144a3424|rpc:10.1.0.20:34833|dataStream:|priority:0], old=null
2022-07-12 21:06:21,985 [pool-671-thread-1] INFO  server.RaftServer$Division (RaftServerImpl.java:setRole(299)) - ac679b26-c737-4eb4-ba39-fe3b144a3424@group-C0EB019A3F66: changes role from      null to FOLLOWER at term 0 for startAsFollower
2022-07-12 21:06:21,985 [pool-671-thread-1] INFO  impl.RoleInfo (RoleInfo.java:updateAndGet(139)) - ac679b26-c737-4eb4-ba39-fe3b144a3424: start ac679b26-c737-4eb4-ba39-fe3b144a3424@group-C0EB019A3F66-FollowerState
2022-07-12 21:06:21,991 [pool-671-thread-1] INFO  util.JmxRegister (JmxRegister.java:tryRegister(44)) - Successfully registered JMX Bean with object name Ratis:service=RaftServer,group=group-C0EB019A3F66,id=ac679b26-c737-4eb4-ba39-fe3b144a3424
2022-07-12 21:06:22,121 [grpc-default-executor-0] INFO  server.RaftServer (RaftServerProxy.java:addNew(96)) - b88517ff-a734-4baa-8e75-48c6a6d5a3f3: addNew group-C0EB019A3F66:[b88517ff-a734-4baa-8e75-48c6a6d5a3f3|rpc:10.1.0.20:38005|dataStream:|priority:1, 6d03a90d-b393-4c2b-aa32-f45668f1c5ca|rpc:10.1.0.20:39877|dataStream:|priority:0, ac679b26-c737-4eb4-ba39-fe3b144a3424|rpc:10.1.0.20:34833|dataStream:|priority:0] returns group-C0EB019A3F66:java.util.concurrent.CompletableFuture@62827671[Not completed]
2022-07-12 21:06:22,122 [pool-648-thread-1] INFO  server.RaftServer$Division (RaftServerImpl.java:<init>(190)) - b88517ff-a734-4baa-8e75-48c6a6d5a3f3: new RaftServerImpl for group-C0EB019A3F66:[b88517ff-a734-4baa-8e75-48c6a6d5a3f3|rpc:10.1.0.20:38005|dataStream:|priority:1, 6d03a90d-b393-4c2b-aa32-f45668f1c5ca|rpc:10.1.0.20:39877|dataStream:|priority:0, ac679b26-c737-4eb4-ba39-fe3b144a3424|rpc:10.1.0.20:34833|dataStream:|priority:0] with ContainerStateMachine:uninitialized
2022-07-12 21:06:22,123 [pool-648-thread-1] INFO  server.RaftServerConfigKeys (ConfUtils.java:logGet(46)) - raft.server.rpc.timeout.min = 5s (custom)
2022-07-12 21:06:22,123 [pool-648-thread-1] INFO  server.RaftServerConfigKeys (ConfUtils.java:logGet(46)) - raft.server.rpc.timeout.max = 5200ms (custom)
2022-07-12 21:06:22,123 [pool-648-thread-1] INFO  server.RaftServerConfigKeys (ConfUtils.java:logGet(46)) - raft.server.rpc.sleep.time = 25ms (default)
2022-07-12 21:06:22,123 [pool-648-thread-1] INFO  server.RaftServerConfigKeys (ConfUtils.java:logGet(46)) - raft.server.rpc.slowness.timeout = 300s (custom)
2022-07-12 21:06:22,123 [pool-648-thread-1] INFO  server.RaftServerConfigKeys (ConfUtils.java:logGet(46)) - raft.server.leaderelection.leader.step-down.wait-time = 10s (default)
2022-07-12 21:06:22,123 [pool-648-thread-1] INFO  server.RaftServerConfigKeys (ConfUtils.java:logGet(46)) - raft.server.sleep.deviation.threshold = 300ms (default)
2022-07-12 21:06:22,123 [pool-648-thread-1] INFO  server.RaftServer$Division (ServerState.java:<init>(107)) - b88517ff-a734-4baa-8e75-48c6a6d5a3f3@group-C0EB019A3F66: ConfigurationManager, init=-1: [b88517ff-a734-4baa-8e75-48c6a6d5a3f3|rpc:10.1.0.20:38005|dataStream:|priority:1, 6d03a90d-b393-4c2b-aa32-f45668f1c5ca|rpc:10.1.0.20:39877|dataStream:|priority:0, ac679b26-c737-4eb4-ba39-fe3b144a3424|rpc:10.1.0.20:34833|dataStream:|priority:0], old=null, confs=<EMPTY_MAP>
2022-07-12 21:06:22,123 [pool-648-thread-1] INFO  server.RaftServerConfigKeys (ConfUtils.java:logGet(46)) - raft.server.storage.dir = [/home/runner/work/ozone/ozone/hadoop-ozone/integration-test/target/test-dir/MiniOzoneClusterImpl-f732ff5a-6050-490e-9ecc-7e3ed1996e94/datanode-1/data/ratis] (custom)
2022-07-12 21:06:22,123 [pool-648-thread-1] INFO  server.RaftServerConfigKeys (ConfUtils.java:logGet(46)) - raft.server.log.corruption.policy = EXCEPTION (default)
2022-07-12 21:06:22,123 [pool-648-thread-1] INFO  server.RaftServerConfigKeys (ConfUtils.java:logGet(46)) - raft.server.storage.free-space.min = 0MB (=0) (default)
2022-07-12 21:06:22,123 [pool-648-thread-1] INFO  storage.RaftStorageDirectory (RaftStorageDirectoryImpl.java:analyzeStorage(135)) - The storage directory /home/runner/work/ozone/ozone/hadoop-ozone/integration-test/target/test-dir/MiniOzoneClusterImpl-f732ff5a-6050-490e-9ecc-7e3ed1996e94/datanode-1/data/ratis/08541ec7-9ede-4229-bab4-c0eb019a3f66 does not exist. Creating ...
2022-07-12 21:06:22,131 [pool-648-thread-1] INFO  storage.RaftStorageDirectory (RaftStorageDirectoryImpl.java:tryLock(230)) - Lock on /home/runner/work/ozone/ozone/hadoop-ozone/integration-test/target/test-dir/MiniOzoneClusterImpl-f732ff5a-6050-490e-9ecc-7e3ed1996e94/datanode-1/data/ratis/08541ec7-9ede-4229-bab4-c0eb019a3f66/in_use.lock acquired by nodename 31611@fv-az452-57
2022-07-12 21:06:22,132 [pool-648-thread-1] INFO  storage.RaftStorage (RaftStorageImpl.java:format(89)) - Storage directory /home/runner/work/ozone/ozone/hadoop-ozone/integration-test/target/test-dir/MiniOzoneClusterImpl-f732ff5a-6050-490e-9ecc-7e3ed1996e94/datanode-1/data/ratis/08541ec7-9ede-4229-bab4-c0eb019a3f66 has been successfully formatted.
2022-07-12 21:06:22,159 [pool-648-thread-1] INFO  ratis.ContainerStateMachine (ContainerStateMachine.java:loadSnapshot(236)) - group-C0EB019A3F66: The snapshot info is null. Setting the last applied indexto:(t:0, i:~)
2022-07-12 21:06:22,160 [pool-648-thread-1] INFO  server.RaftServerConfigKeys (ConfUtils.java:logGet(46)) - raft.server.notification.no-leader.timeout = 300s (custom)
2022-07-12 21:06:22,160 [pool-648-thread-1] INFO  server.RaftServerConfigKeys (ConfUtils.java:logGet(46)) - raft.server.log.use.memory = false (default)
2022-07-12 21:06:22,160 [pool-648-thread-1] INFO  server.RaftServerConfigKeys (ConfUtils.java:logGet(46)) - raft.server.log.purge.gap = 1000000 (custom)
2022-07-12 21:06:22,160 [pool-648-thread-1] INFO  server.RaftServerConfigKeys (ConfUtils.java:logGet(46)) - raft.server.log.appender.buffer.byte-limit = 33554432 (custom)
2022-07-12 21:06:22,160 [pool-648-thread-1] INFO  server.RaftServerConfigKeys (ConfUtils.java:logGet(46)) - raft.server.log.statemachine.data.read.timeout = 1000ms (default)
2022-07-12 21:06:22,160 [pool-648-thread-1] INFO  server.RaftServerConfigKeys (ConfUtils.java:logGet(46)) - raft.server.log.segment.size.max = 1048576 (custom)
2022-07-12 21:06:22,161 [pool-648-thread-1] INFO  server.RaftServerConfigKeys (ConfUtils.java:logGet(46)) - raft.server.log.segment.cache.num.max = 2 (custom)
2022-07-12 21:06:22,161 [pool-648-thread-1] INFO  server.RaftServerConfigKeys (ConfUtils.java:logGet(46)) - raft.server.log.segment.cache.size.max = 200MB (=209715200) (default)
2022-07-12 21:06:22,161 [pool-648-thread-1] INFO  segmented.SegmentedRaftLogWorker (SegmentedRaftLogWorker.java:<init>(187)) - new b88517ff-a734-4baa-8e75-48c6a6d5a3f3@group-C0EB019A3F66-SegmentedRaftLogWorker for RaftStorageImpl:Storage Directory /home/runner/work/ozone/ozone/hadoop-ozone/integration-test/target/test-dir/MiniOzoneClusterImpl-f732ff5a-6050-490e-9ecc-7e3ed1996e94/datanode-1/data/ratis/08541ec7-9ede-4229-bab4-c0eb019a3f66
2022-07-12 21:06:22,161 [pool-648-thread-1] INFO  server.RaftServerConfigKeys (ConfUtils.java:logGet(46)) - raft.server.log.queue.byte-limit = 4294967296 (custom)
2022-07-12 21:06:22,161 [pool-648-thread-1] INFO  server.RaftServerConfigKeys (ConfUtils.java:logGet(46)) - raft.server.log.queue.element-limit = 1024 (custom)
2022-07-12 21:06:22,161 [pool-648-thread-1] INFO  server.RaftServerConfigKeys (ConfUtils.java:logGet(46)) - raft.server.log.segment.size.max = 1048576 (custom)
2022-07-12 21:06:22,161 [pool-648-thread-1] INFO  server.RaftServerConfigKeys (ConfUtils.java:logGet(46)) - raft.server.log.preallocated.size = 16384 (custom)
2022-07-12 21:06:22,161 [pool-648-thread-1] INFO  server.RaftServerConfigKeys (ConfUtils.java:logGet(46)) - raft.server.log.force.sync.num = 128 (default)
2022-07-12 21:06:22,161 [pool-648-thread-1] INFO  server.RaftServerConfigKeys (ConfUtils.java:logGet(46)) - raft.server.log.statemachine.data.sync = true (default)
2022-07-12 21:06:22,161 [pool-648-thread-1] INFO  server.RaftServerConfigKeys (ConfUtils.java:logGet(46)) - raft.server.log.statemachine.data.sync.timeout = 10s (default)
2022-07-12 21:06:22,161 [pool-648-thread-1] INFO  server.RaftServerConfigKeys (ConfUtils.java:logGet(46)) - raft.server.log.statemachine.data.sync.timeout.retry = -1 (default)
2022-07-12 21:06:22,162 [pool-648-thread-1] INFO  server.RaftServerConfigKeys (ConfUtils.java:logGet(46)) - raft.server.log.write.buffer.size = 1048576 (custom)
2022-07-12 21:06:22,162 [pool-648-thread-1] INFO  server.RaftServerConfigKeys (ConfUtils.java:logGet(46)) - raft.server.log.unsafe-flush.enabled = false (default)
2022-07-12 21:06:22,162 [pool-648-thread-1] INFO  server.RaftServerConfigKeys (ConfUtils.java:logGet(46)) - raft.server.log.statemachine.data.caching.enabled = true (custom)
2022-07-12 21:06:22,163 [pool-648-thread-1] INFO  segmented.SegmentedRaftLogWorker (SegmentedRaftLogWorker.java:lambda$new$0(135)) - b88517ff-a734-4baa-8e75-48c6a6d5a3f3@group-C0EB019A3F66-SegmentedRaftLogWorker: flushIndex: setUnconditionally 0 -> -1
2022-07-12 21:06:22,163 [pool-648-thread-1] INFO  segmented.SegmentedRaftLogWorker (SegmentedRaftLogWorker.java:lambda$new$0(135)) - b88517ff-a734-4baa-8e75-48c6a6d5a3f3@group-C0EB019A3F66-SegmentedRaftLogWorker: safeCacheEvictIndex: setUnconditionally 0 -> -1
2022-07-12 21:06:22,183 [pool-648-thread-1] INFO  server.RaftServerConfigKeys (ConfUtils.java:logGet(46)) - raft.server.snapshot.auto.trigger.enabled = true (custom)
2022-07-12 21:06:22,183 [pool-648-thread-1] INFO  server.RaftServerConfigKeys (ConfUtils.java:logGet(46)) - raft.server.snapshot.auto.trigger.threshold = 10000 (custom)
2022-07-12 21:06:22,184 [pool-648-thread-1] INFO  server.RaftServerConfigKeys (ConfUtils.java:logGet(46)) - raft.server.snapshot.retention.file.num = 5 (custom)
2022-07-12 21:06:22,184 [pool-648-thread-1] INFO  server.RaftServerConfigKeys (ConfUtils.java:logGet(46)) - raft.server.log.purge.upto.snapshot.index = false (default)
2022-07-12 21:06:22,184 [pool-648-thread-1] INFO  server.RaftServerConfigKeys (ConfUtils.java:logGet(46)) - raft.server.retrycache.expirytime = 600000ms (custom)
2022-07-12 21:06:22,184 [pool-648-thread-1] INFO  server.RaftServerConfigKeys (ConfUtils.java:logGet(46)) - raft.server.retrycache.statistics.expirytime = 100μs (default)
2022-07-12 21:06:22,185 [pool-648-thread-1] INFO  server.RaftServerConfigKeys (ConfUtils.java:logGet(46)) - raft.server.log.appender.install.snapshot.enabled = false (custom)
2022-07-12 21:06:22,185 [pool-648-thread-1] INFO  server.RaftServerConfigKeys (ConfUtils.java:logGet(46)) - raft.server.threadpool.server.cached = true (default)
2022-07-12 21:06:22,185 [pool-648-thread-1] INFO  server.RaftServerConfigKeys (ConfUtils.java:logGet(46)) - raft.server.threadpool.server.size = 0 (default)
2022-07-12 21:06:22,185 [pool-648-thread-1] INFO  server.RaftServerConfigKeys (ConfUtils.java:logGet(46)) - raft.server.threadpool.client.cached = true (default)
2022-07-12 21:06:22,185 [pool-648-thread-1] INFO  server.RaftServerConfigKeys (ConfUtils.java:logGet(46)) - raft.server.threadpool.client.size = 0 (default)
2022-07-12 21:06:22,185 [pool-648-thread-1] INFO  server.RaftServer$Division (RaftServerImpl.java:start(310)) - b88517ff-a734-4baa-8e75-48c6a6d5a3f3@group-C0EB019A3F66: start as a follower, conf=-1: [b88517ff-a734-4baa-8e75-48c6a6d5a3f3|rpc:10.1.0.20:38005|dataStream:|priority:1, 6d03a90d-b393-4c2b-aa32-f45668f1c5ca|rpc:10.1.0.20:39877|dataStream:|priority:0, ac679b26-c737-4eb4-ba39-fe3b144a3424|rpc:10.1.0.20:34833|dataStream:|priority:0], old=null
2022-07-12 21:06:22,185 [pool-648-thread-1] INFO  server.RaftServer$Division (RaftServerImpl.java:setRole(299)) - b88517ff-a734-4baa-8e75-48c6a6d5a3f3@group-C0EB019A3F66: changes role from      null to FOLLOWER at term 0 for startAsFollower
2022-07-12 21:06:22,185 [pool-648-thread-1] INFO  impl.RoleInfo (RoleInfo.java:updateAndGet(139)) - b88517ff-a734-4baa-8e75-48c6a6d5a3f3: start b88517ff-a734-4baa-8e75-48c6a6d5a3f3@group-C0EB019A3F66-FollowerState
2022-07-12 21:06:22,196 [pool-648-thread-1] INFO  util.JmxRegister (JmxRegister.java:tryRegister(44)) - Successfully registered JMX Bean with object name Ratis:service=RaftServer,group=group-C0EB019A3F66,id=b88517ff-a734-4baa-8e75-48c6a6d5a3f3
2022-07-12 21:06:22,236 [Command processor thread] INFO  commandhandler.CreatePipelineCommandHandler (CreatePipelineCommandHandler.java:handle(113)) - Created Pipeline RATIS THREE PipelineID=08541ec7-9ede-4229-bab4-c0eb019a3f66.
2022-07-12 21:06:22,236 [Command processor thread] INFO  server.RaftServer (RaftServerProxy.java:addNew(96)) - 6d03a90d-b393-4c2b-aa32-f45668f1c5ca: addNew group-0B74D8152EAC:[b88517ff-a734-4baa-8e75-48c6a6d5a3f3|rpc:10.1.0.20:38005|priority:0, 6d03a90d-b393-4c2b-aa32-f45668f1c5ca|rpc:10.1.0.20:39877|priority:1, ac679b26-c737-4eb4-ba39-fe3b144a3424|rpc:10.1.0.20:34833|priority:0] returns group-0B74D8152EAC:java.util.concurrent.CompletableFuture@3de9d167[Not completed]
2022-07-12 21:06:22,237 [pool-625-thread-1] INFO  server.RaftServer$Division (RaftServerImpl.java:<init>(190)) - 6d03a90d-b393-4c2b-aa32-f45668f1c5ca: new RaftServerImpl for group-0B74D8152EAC:[b88517ff-a734-4baa-8e75-48c6a6d5a3f3|rpc:10.1.0.20:38005|priority:0, 6d03a90d-b393-4c2b-aa32-f45668f1c5ca|rpc:10.1.0.20:39877|priority:1, ac679b26-c737-4eb4-ba39-fe3b144a3424|rpc:10.1.0.20:34833|priority:0] with ContainerStateMachine:uninitialized
2022-07-12 21:06:22,237 [pool-625-thread-1] INFO  server.RaftServerConfigKeys (ConfUtils.java:logGet(46)) - raft.server.rpc.timeout.min = 5s (custom)
2022-07-12 21:06:22,237 [pool-625-thread-1] INFO  server.RaftServerConfigKeys (ConfUtils.java:logGet(46)) - raft.server.rpc.timeout.max = 5200ms (custom)
2022-07-12 21:06:22,237 [pool-625-thread-1] INFO  server.RaftServerConfigKeys (ConfUtils.java:logGet(46)) - raft.server.rpc.sleep.time = 25ms (default)
2022-07-12 21:06:22,237 [pool-625-thread-1] INFO  server.RaftServerConfigKeys (ConfUtils.java:logGet(46)) - raft.server.rpc.slowness.timeout = 300s (custom)
2022-07-12 21:06:22,237 [pool-625-thread-1] INFO  server.RaftServerConfigKeys (ConfUtils.java:logGet(46)) - raft.server.leaderelection.leader.step-down.wait-time = 10s (default)
2022-07-12 21:06:22,237 [pool-625-thread-1] INFO  server.RaftServerConfigKeys (ConfUtils.java:logGet(46)) - raft.server.sleep.deviation.threshold = 300ms (default)
2022-07-12 21:06:22,237 [pool-625-thread-1] INFO  server.RaftServer$Division (ServerState.java:<init>(107)) - 6d03a90d-b393-4c2b-aa32-f45668f1c5ca@group-0B74D8152EAC: ConfigurationManager, init=-1: [b88517ff-a734-4baa-8e75-48c6a6d5a3f3|rpc:10.1.0.20:38005|priority:0, 6d03a90d-b393-4c2b-aa32-f45668f1c5ca|rpc:10.1.0.20:39877|priority:1, ac679b26-c737-4eb4-ba39-fe3b144a3424|rpc:10.1.0.20:34833|priority:0], old=null, confs=<EMPTY_MAP>
2022-07-12 21:06:22,237 [pool-625-thread-1] INFO  server.RaftServerConfigKeys (ConfUtils.java:logGet(46)) - raft.server.storage.dir = [/home/runner/work/ozone/ozone/hadoop-ozone/integration-test/target/test-dir/MiniOzoneClusterImpl-f732ff5a-6050-490e-9ecc-7e3ed1996e94/datanode-0/data/ratis] (custom)
2022-07-12 21:06:22,237 [pool-625-thread-1] INFO  server.RaftServerConfigKeys (ConfUtils.java:logGet(46)) - raft.server.log.corruption.policy = EXCEPTION (default)
2022-07-12 21:06:22,237 [pool-625-thread-1] INFO  server.RaftServerConfigKeys (ConfUtils.java:logGet(46)) - raft.server.storage.free-space.min = 0MB (=0) (default)
2022-07-12 21:06:22,238 [pool-625-thread-1] INFO  storage.RaftStorageDirectory (RaftStorageDirectoryImpl.java:analyzeStorage(135)) - The storage directory /home/runner/work/ozone/ozone/hadoop-ozone/integration-test/target/test-dir/MiniOzoneClusterImpl-f732ff5a-6050-490e-9ecc-7e3ed1996e94/datanode-0/data/ratis/400725b4-e971-4031-87b3-0b74d8152eac does not exist. Creating ...
2022-07-12 21:06:22,242 [pool-625-thread-1] INFO  storage.RaftStorageDirectory (RaftStorageDirectoryImpl.java:tryLock(230)) - Lock on /home/runner/work/ozone/ozone/hadoop-ozone/integration-test/target/test-dir/MiniOzoneClusterImpl-f732ff5a-6050-490e-9ecc-7e3ed1996e94/datanode-0/data/ratis/400725b4-e971-4031-87b3-0b74d8152eac/in_use.lock acquired by nodename 31611@fv-az452-57
2022-07-12 21:06:22,252 [pool-625-thread-1] INFO  storage.RaftStorage (RaftStorageImpl.java:format(89)) - Storage directory /home/runner/work/ozone/ozone/hadoop-ozone/integration-test/target/test-dir/MiniOzoneClusterImpl-f732ff5a-6050-490e-9ecc-7e3ed1996e94/datanode-0/data/ratis/400725b4-e971-4031-87b3-0b74d8152eac has been successfully formatted.
2022-07-12 21:06:22,253 [pool-625-thread-1] INFO  ratis.ContainerStateMachine (ContainerStateMachine.java:loadSnapshot(236)) - group-0B74D8152EAC: The snapshot info is null. Setting the last applied indexto:(t:0, i:~)
2022-07-12 21:06:22,253 [pool-625-thread-1] INFO  server.RaftServerConfigKeys (ConfUtils.java:logGet(46)) - raft.server.notification.no-leader.timeout = 300s (custom)
2022-07-12 21:06:22,253 [pool-625-thread-1] INFO  server.RaftServerConfigKeys (ConfUtils.java:logGet(46)) - raft.server.log.use.memory = false (default)
2022-07-12 21:06:22,253 [pool-625-thread-1] INFO  server.RaftServerConfigKeys (ConfUtils.java:logGet(46)) - raft.server.log.purge.gap = 1000000 (custom)
2022-07-12 21:06:22,253 [pool-625-thread-1] INFO  server.RaftServerConfigKeys (ConfUtils.java:logGet(46)) - raft.server.log.appender.buffer.byte-limit = 33554432 (custom)
2022-07-12 21:06:22,253 [pool-625-thread-1] INFO  server.RaftServerConfigKeys (ConfUtils.java:logGet(46)) - raft.server.log.statemachine.data.read.timeout = 1000ms (default)
2022-07-12 21:06:22,253 [pool-625-thread-1] INFO  server.RaftServerConfigKeys (ConfUtils.java:logGet(46)) - raft.server.log.segment.size.max = 1048576 (custom)
2022-07-12 21:06:22,254 [pool-625-thread-1] INFO  server.RaftServerConfigKeys (ConfUtils.java:logGet(46)) - raft.server.log.segment.cache.num.max = 2 (custom)
2022-07-12 21:06:22,254 [pool-625-thread-1] INFO  server.RaftServerConfigKeys (ConfUtils.java:logGet(46)) - raft.server.log.segment.cache.size.max = 200MB (=209715200) (default)
2022-07-12 21:06:22,254 [pool-625-thread-1] INFO  segmented.SegmentedRaftLogWorker (SegmentedRaftLogWorker.java:<init>(187)) - new 6d03a90d-b393-4c2b-aa32-f45668f1c5ca@group-0B74D8152EAC-SegmentedRaftLogWorker for RaftStorageImpl:Storage Directory /home/runner/work/ozone/ozone/hadoop-ozone/integration-test/target/test-dir/MiniOzoneClusterImpl-f732ff5a-6050-490e-9ecc-7e3ed1996e94/datanode-0/data/ratis/400725b4-e971-4031-87b3-0b74d8152eac
2022-07-12 21:06:22,254 [pool-625-thread-1] INFO  server.RaftServerConfigKeys (ConfUtils.java:logGet(46)) - raft.server.log.queue.byte-limit = 4294967296 (custom)
2022-07-12 21:06:22,254 [pool-625-thread-1] INFO  server.RaftServerConfigKeys (ConfUtils.java:logGet(46)) - raft.server.log.queue.element-limit = 1024 (custom)
2022-07-12 21:06:22,254 [pool-625-thread-1] INFO  server.RaftServerConfigKeys (ConfUtils.java:logGet(46)) - raft.server.log.segment.size.max = 1048576 (custom)
2022-07-12 21:06:22,254 [pool-625-thread-1] INFO  server.RaftServerConfigKeys (ConfUtils.java:logGet(46)) - raft.server.log.preallocated.size = 16384 (custom)
2022-07-12 21:06:22,254 [pool-625-thread-1] INFO  server.RaftServerConfigKeys (ConfUtils.java:logGet(46)) - raft.server.log.force.sync.num = 128 (default)
2022-07-12 21:06:22,254 [pool-625-thread-1] INFO  server.RaftServerConfigKeys (ConfUtils.java:logGet(46)) - raft.server.log.statemachine.data.sync = true (default)
2022-07-12 21:06:22,254 [pool-625-thread-1] INFO  server.RaftServerConfigKeys (ConfUtils.java:logGet(46)) - raft.server.log.statemachine.data.sync.timeout = 10s (default)
2022-07-12 21:06:22,254 [pool-625-thread-1] INFO  server.RaftServerConfigKeys (ConfUtils.java:logGet(46)) - raft.server.log.statemachine.data.sync.timeout.retry = -1 (default)
2022-07-12 21:06:22,255 [pool-625-thread-1] INFO  server.RaftServerConfigKeys (ConfUtils.java:logGet(46)) - raft.server.log.write.buffer.size = 1048576 (custom)
2022-07-12 21:06:22,255 [pool-625-thread-1] INFO  server.RaftServerConfigKeys (ConfUtils.java:logGet(46)) - raft.server.log.unsafe-flush.enabled = false (default)
2022-07-12 21:06:22,256 [EventQueue-OpenPipelineForHealthyPipelineSafeModeRule] INFO  safemode.SCMSafeModeManager (HealthyPipelineSafeModeRule.java:process(124)) - SCM in safe mode. Healthy pipelines reported count is 0, required healthy pipeline reported count is 1
2022-07-12 21:06:22,264 [pool-625-thread-1] INFO  server.RaftServerConfigKeys (ConfUtils.java:logGet(46)) - raft.server.log.statemachine.data.caching.enabled = true (custom)
2022-07-12 21:06:22,264 [pool-625-thread-1] INFO  segmented.SegmentedRaftLogWorker (SegmentedRaftLogWorker.java:lambda$new$0(135)) - 6d03a90d-b393-4c2b-aa32-f45668f1c5ca@group-0B74D8152EAC-SegmentedRaftLogWorker: flushIndex: setUnconditionally 0 -> -1
2022-07-12 21:06:22,264 [pool-625-thread-1] INFO  segmented.SegmentedRaftLogWorker (SegmentedRaftLogWorker.java:lambda$new$0(135)) - 6d03a90d-b393-4c2b-aa32-f45668f1c5ca@group-0B74D8152EAC-SegmentedRaftLogWorker: safeCacheEvictIndex: setUnconditionally 0 -> -1
2022-07-12 21:06:22,271 [pool-625-thread-1] INFO  server.RaftServerConfigKeys (ConfUtils.java:logGet(46)) - raft.server.snapshot.auto.trigger.enabled = true (custom)
2022-07-12 21:06:22,271 [pool-625-thread-1] INFO  server.RaftServerConfigKeys (ConfUtils.java:logGet(46)) - raft.server.snapshot.auto.trigger.threshold = 10000 (custom)
2022-07-12 21:06:22,272 [pool-625-thread-1] INFO  server.RaftServerConfigKeys (ConfUtils.java:logGet(46)) - raft.server.snapshot.retention.file.num = 5 (custom)
2022-07-12 21:06:22,272 [pool-625-thread-1] INFO  server.RaftServerConfigKeys (ConfUtils.java:logGet(46)) - raft.server.log.purge.upto.snapshot.index = false (default)
2022-07-12 21:06:22,272 [pool-625-thread-1] INFO  server.RaftServerConfigKeys (ConfUtils.java:logGet(46)) - raft.server.retrycache.expirytime = 600000ms (custom)
2022-07-12 21:06:22,272 [pool-625-thread-1] INFO  server.RaftServerConfigKeys (ConfUtils.java:logGet(46)) - raft.server.retrycache.statistics.expirytime = 100μs (default)
2022-07-12 21:06:22,273 [pool-625-thread-1] INFO  server.RaftServerConfigKeys (ConfUtils.java:logGet(46)) - raft.server.log.appender.install.snapshot.enabled = false (custom)
2022-07-12 21:06:22,273 [pool-625-thread-1] INFO  server.RaftServerConfigKeys (ConfUtils.java:logGet(46)) - raft.server.threadpool.server.cached = true (default)
2022-07-12 21:06:22,273 [pool-625-thread-1] INFO  server.RaftServerConfigKeys (ConfUtils.java:logGet(46)) - raft.server.threadpool.server.size = 0 (default)
2022-07-12 21:06:22,273 [pool-625-thread-1] INFO  server.RaftServerConfigKeys (ConfUtils.java:logGet(46)) - raft.server.threadpool.client.cached = true (default)
2022-07-12 21:06:22,273 [pool-625-thread-1] INFO  server.RaftServerConfigKeys (ConfUtils.java:logGet(46)) - raft.server.threadpool.client.size = 0 (default)
2022-07-12 21:06:22,273 [pool-625-thread-1] INFO  server.RaftServer$Division (RaftServerImpl.java:start(310)) - 6d03a90d-b393-4c2b-aa32-f45668f1c5ca@group-0B74D8152EAC: start as a follower, conf=-1: [b88517ff-a734-4baa-8e75-48c6a6d5a3f3|rpc:10.1.0.20:38005|priority:0, 6d03a90d-b393-4c2b-aa32-f45668f1c5ca|rpc:10.1.0.20:39877|priority:1, ac679b26-c737-4eb4-ba39-fe3b144a3424|rpc:10.1.0.20:34833|priority:0], old=null
2022-07-12 21:06:22,273 [pool-625-thread-1] INFO  server.RaftServer$Division (RaftServerImpl.java:setRole(299)) - 6d03a90d-b393-4c2b-aa32-f45668f1c5ca@group-0B74D8152EAC: changes role from      null to FOLLOWER at term 0 for startAsFollower
2022-07-12 21:06:22,273 [pool-625-thread-1] INFO  impl.RoleInfo (RoleInfo.java:updateAndGet(139)) - 6d03a90d-b393-4c2b-aa32-f45668f1c5ca: start 6d03a90d-b393-4c2b-aa32-f45668f1c5ca@group-0B74D8152EAC-FollowerState
2022-07-12 21:06:22,275 [pool-625-thread-1] INFO  util.JmxRegister (JmxRegister.java:tryRegister(44)) - Successfully registered JMX Bean with object name Ratis:service=RaftServer,group=group-0B74D8152EAC,id=6d03a90d-b393-4c2b-aa32-f45668f1c5ca
2022-07-12 21:06:22,303 [Command processor thread] INFO  ratis.XceiverServerRatis (XceiverServerRatis.java:addGroup(765)) - Created group PipelineID=400725b4-e971-4031-87b3-0b74d8152eac
2022-07-12 21:06:22,374 [grpc-default-executor-0] INFO  server.RaftServer (RaftServerProxy.java:addNew(96)) - b88517ff-a734-4baa-8e75-48c6a6d5a3f3: addNew group-0B74D8152EAC:[b88517ff-a734-4baa-8e75-48c6a6d5a3f3|rpc:10.1.0.20:38005|dataStream:|priority:0, 6d03a90d-b393-4c2b-aa32-f45668f1c5ca|rpc:10.1.0.20:39877|dataStream:|priority:1, ac679b26-c737-4eb4-ba39-fe3b144a3424|rpc:10.1.0.20:34833|dataStream:|priority:0] returns group-0B74D8152EAC:java.util.concurrent.CompletableFuture@5f22909d[Not completed]
2022-07-12 21:06:22,375 [pool-648-thread-1] INFO  server.RaftServer$Division (RaftServerImpl.java:<init>(190)) - b88517ff-a734-4baa-8e75-48c6a6d5a3f3: new RaftServerImpl for group-0B74D8152EAC:[b88517ff-a734-4baa-8e75-48c6a6d5a3f3|rpc:10.1.0.20:38005|dataStream:|priority:0, 6d03a90d-b393-4c2b-aa32-f45668f1c5ca|rpc:10.1.0.20:39877|dataStream:|priority:1, ac679b26-c737-4eb4-ba39-fe3b144a3424|rpc:10.1.0.20:34833|dataStream:|priority:0] with ContainerStateMachine:uninitialized
2022-07-12 21:06:22,375 [pool-648-thread-1] INFO  server.RaftServerConfigKeys (ConfUtils.java:logGet(46)) - raft.server.rpc.timeout.min = 5s (custom)
2022-07-12 21:06:22,375 [pool-648-thread-1] INFO  server.RaftServerConfigKeys (ConfUtils.java:logGet(46)) - raft.server.rpc.timeout.max = 5200ms (custom)
2022-07-12 21:06:22,375 [pool-648-thread-1] INFO  server.RaftServerConfigKeys (ConfUtils.java:logGet(46)) - raft.server.rpc.sleep.time = 25ms (default)
2022-07-12 21:06:22,375 [pool-648-thread-1] INFO  server.RaftServerConfigKeys (ConfUtils.java:logGet(46)) - raft.server.rpc.slowness.timeout = 300s (custom)
2022-07-12 21:06:22,375 [pool-648-thread-1] INFO  server.RaftServerConfigKeys (ConfUtils.java:logGet(46)) - raft.server.leaderelection.leader.step-down.wait-time = 10s (default)
2022-07-12 21:06:22,375 [pool-648-thread-1] INFO  server.RaftServerConfigKeys (ConfUtils.java:logGet(46)) - raft.server.sleep.deviation.threshold = 300ms (default)
2022-07-12 21:06:22,375 [pool-648-thread-1] INFO  server.RaftServer$Division (ServerState.java:<init>(107)) - b88517ff-a734-4baa-8e75-48c6a6d5a3f3@group-0B74D8152EAC: ConfigurationManager, init=-1: [b88517ff-a734-4baa-8e75-48c6a6d5a3f3|rpc:10.1.0.20:38005|dataStream:|priority:0, 6d03a90d-b393-4c2b-aa32-f45668f1c5ca|rpc:10.1.0.20:39877|dataStream:|priority:1, ac679b26-c737-4eb4-ba39-fe3b144a3424|rpc:10.1.0.20:34833|dataStream:|priority:0], old=null, confs=<EMPTY_MAP>
2022-07-12 21:06:22,375 [pool-648-thread-1] INFO  server.RaftServerConfigKeys (ConfUtils.java:logGet(46)) - raft.server.storage.dir = [/home/runner/work/ozone/ozone/hadoop-ozone/integration-test/target/test-dir/MiniOzoneClusterImpl-f732ff5a-6050-490e-9ecc-7e3ed1996e94/datanode-1/data/ratis] (custom)
2022-07-12 21:06:22,376 [pool-648-thread-1] INFO  server.RaftServerConfigKeys (ConfUtils.java:logGet(46)) - raft.server.log.corruption.policy = EXCEPTION (default)
2022-07-12 21:06:22,376 [pool-648-thread-1] INFO  server.RaftServerConfigKeys (ConfUtils.java:logGet(46)) - raft.server.storage.free-space.min = 0MB (=0) (default)
2022-07-12 21:06:22,376 [pool-648-thread-1] INFO  storage.RaftStorageDirectory (RaftStorageDirectoryImpl.java:analyzeStorage(135)) - The storage directory /home/runner/work/ozone/ozone/hadoop-ozone/integration-test/target/test-dir/MiniOzoneClusterImpl-f732ff5a-6050-490e-9ecc-7e3ed1996e94/datanode-1/data/ratis/400725b4-e971-4031-87b3-0b74d8152eac does not exist. Creating ...
2022-07-12 21:06:22,383 [pool-648-thread-1] INFO  storage.RaftStorageDirectory (RaftStorageDirectoryImpl.java:tryLock(230)) - Lock on /home/runner/work/ozone/ozone/hadoop-ozone/integration-test/target/test-dir/MiniOzoneClusterImpl-f732ff5a-6050-490e-9ecc-7e3ed1996e94/datanode-1/data/ratis/400725b4-e971-4031-87b3-0b74d8152eac/in_use.lock acquired by nodename 31611@fv-az452-57
2022-07-12 21:06:22,387 [pool-648-thread-1] INFO  storage.RaftStorage (RaftStorageImpl.java:format(89)) - Storage directory /home/runner/work/ozone/ozone/hadoop-ozone/integration-test/target/test-dir/MiniOzoneClusterImpl-f732ff5a-6050-490e-9ecc-7e3ed1996e94/datanode-1/data/ratis/400725b4-e971-4031-87b3-0b74d8152eac has been successfully formatted.
2022-07-12 21:06:22,388 [pool-648-thread-1] INFO  ratis.ContainerStateMachine (ContainerStateMachine.java:loadSnapshot(236)) - group-0B74D8152EAC: The snapshot info is null. Setting the last applied indexto:(t:0, i:~)
2022-07-12 21:06:22,389 [pool-648-thread-1] INFO  server.RaftServerConfigKeys (ConfUtils.java:logGet(46)) - raft.server.notification.no-leader.timeout = 300s (custom)
2022-07-12 21:06:22,389 [pool-648-thread-1] INFO  server.RaftServerConfigKeys (ConfUtils.java:logGet(46)) - raft.server.log.use.memory = false (default)
2022-07-12 21:06:22,389 [pool-648-thread-1] INFO  server.RaftServerConfigKeys (ConfUtils.java:logGet(46)) - raft.server.log.purge.gap = 1000000 (custom)
2022-07-12 21:06:22,389 [pool-648-thread-1] INFO  server.RaftServerConfigKeys (ConfUtils.java:logGet(46)) - raft.server.log.appender.buffer.byte-limit = 33554432 (custom)
2022-07-12 21:06:22,389 [pool-648-thread-1] INFO  server.RaftServerConfigKeys (ConfUtils.java:logGet(46)) - raft.server.log.statemachine.data.read.timeout = 1000ms (default)
2022-07-12 21:06:22,389 [pool-648-thread-1] INFO  server.RaftServerConfigKeys (ConfUtils.java:logGet(46)) - raft.server.log.segment.size.max = 1048576 (custom)
2022-07-12 21:06:22,390 [pool-648-thread-1] INFO  server.RaftServerConfigKeys (ConfUtils.java:logGet(46)) - raft.server.log.segment.cache.num.max = 2 (custom)
2022-07-12 21:06:22,390 [pool-648-thread-1] INFO  server.RaftServerConfigKeys (ConfUtils.java:logGet(46)) - raft.server.log.segment.cache.size.max = 200MB (=209715200) (default)
2022-07-12 21:06:22,390 [pool-648-thread-1] INFO  segmented.SegmentedRaftLogWorker (SegmentedRaftLogWorker.java:<init>(187)) - new b88517ff-a734-4baa-8e75-48c6a6d5a3f3@group-0B74D8152EAC-SegmentedRaftLogWorker for RaftStorageImpl:Storage Directory /home/runner/work/ozone/ozone/hadoop-ozone/integration-test/target/test-dir/MiniOzoneClusterImpl-f732ff5a-6050-490e-9ecc-7e3ed1996e94/datanode-1/data/ratis/400725b4-e971-4031-87b3-0b74d8152eac
2022-07-12 21:06:22,390 [pool-648-thread-1] INFO  server.RaftServerConfigKeys (ConfUtils.java:logGet(46)) - raft.server.log.queue.byte-limit = 4294967296 (custom)
2022-07-12 21:06:22,390 [pool-648-thread-1] INFO  server.RaftServerConfigKeys (ConfUtils.java:logGet(46)) - raft.server.log.queue.element-limit = 1024 (custom)
2022-07-12 21:06:22,390 [pool-648-thread-1] INFO  server.RaftServerConfigKeys (ConfUtils.java:logGet(46)) - raft.server.log.segment.size.max = 1048576 (custom)
2022-07-12 21:06:22,390 [pool-648-thread-1] INFO  server.RaftServerConfigKeys (ConfUtils.java:logGet(46)) - raft.server.log.preallocated.size = 16384 (custom)
2022-07-12 21:06:22,390 [pool-648-thread-1] INFO  server.RaftServerConfigKeys (ConfUtils.java:logGet(46)) - raft.server.log.force.sync.num = 128 (default)
2022-07-12 21:06:22,390 [pool-648-thread-1] INFO  server.RaftServerConfigKeys (ConfUtils.java:logGet(46)) - raft.server.log.statemachine.data.sync = true (default)
2022-07-12 21:06:22,390 [pool-648-thread-1] INFO  server.RaftServerConfigKeys (ConfUtils.java:logGet(46)) - raft.server.log.statemachine.data.sync.timeout = 10s (default)
2022-07-12 21:06:22,390 [pool-648-thread-1] INFO  server.RaftServerConfigKeys (ConfUtils.java:logGet(46)) - raft.server.log.statemachine.data.sync.timeout.retry = -1 (default)
2022-07-12 21:06:22,391 [pool-648-thread-1] INFO  server.RaftServerConfigKeys (ConfUtils.java:logGet(46)) - raft.server.log.write.buffer.size = 1048576 (custom)
2022-07-12 21:06:22,404 [Command processor thread] INFO  server.RaftServer (RaftServerProxy.java:addNew(96)) - ac679b26-c737-4eb4-ba39-fe3b144a3424: addNew group-5C58AB1EE98A:[ac679b26-c737-4eb4-ba39-fe3b144a3424|rpc:10.1.0.20:34833|priority:1] returns group-5C58AB1EE98A:java.util.concurrent.CompletableFuture@74b7411a[Not completed]
2022-07-12 21:06:22,405 [pool-671-thread-1] INFO  server.RaftServer$Division (RaftServerImpl.java:<init>(190)) - ac679b26-c737-4eb4-ba39-fe3b144a3424: new RaftServerImpl for group-5C58AB1EE98A:[ac679b26-c737-4eb4-ba39-fe3b144a3424|rpc:10.1.0.20:34833|priority:1] with ContainerStateMachine:uninitialized
2022-07-12 21:06:22,405 [pool-671-thread-1] INFO  server.RaftServerConfigKeys (ConfUtils.java:logGet(46)) - raft.server.rpc.timeout.min = 5s (custom)
2022-07-12 21:06:22,405 [pool-671-thread-1] INFO  server.RaftServerConfigKeys (ConfUtils.java:logGet(46)) - raft.server.rpc.timeout.max = 5200ms (custom)
2022-07-12 21:06:22,405 [pool-671-thread-1] INFO  server.RaftServerConfigKeys (ConfUtils.java:logGet(46)) - raft.server.rpc.sleep.time = 25ms (default)
2022-07-12 21:06:22,405 [pool-671-thread-1] INFO  server.RaftServerConfigKeys (ConfUtils.java:logGet(46)) - raft.server.rpc.slowness.timeout = 300s (custom)
2022-07-12 21:06:22,405 [pool-671-thread-1] INFO  server.RaftServerConfigKeys (ConfUtils.java:logGet(46)) - raft.server.leaderelection.leader.step-down.wait-time = 10s (default)
2022-07-12 21:06:22,405 [pool-671-thread-1] INFO  server.RaftServerConfigKeys (ConfUtils.java:logGet(46)) - raft.server.sleep.deviation.threshold = 300ms (default)
2022-07-12 21:06:22,405 [pool-671-thread-1] INFO  server.RaftServer$Division (ServerState.java:<init>(107)) - ac679b26-c737-4eb4-ba39-fe3b144a3424@group-5C58AB1EE98A: ConfigurationManager, init=-1: [ac679b26-c737-4eb4-ba39-fe3b144a3424|rpc:10.1.0.20:34833|priority:1], old=null, confs=<EMPTY_MAP>
2022-07-12 21:06:22,405 [pool-671-thread-1] INFO  server.RaftServerConfigKeys (ConfUtils.java:logGet(46)) - raft.server.storage.dir = [/home/runner/work/ozone/ozone/hadoop-ozone/integration-test/target/test-dir/MiniOzoneClusterImpl-f732ff5a-6050-490e-9ecc-7e3ed1996e94/datanode-2/data/ratis] (custom)
2022-07-12 21:06:22,405 [pool-671-thread-1] INFO  server.RaftServerConfigKeys (ConfUtils.java:logGet(46)) - raft.server.log.corruption.policy = EXCEPTION (default)
2022-07-12 21:06:22,405 [pool-671-thread-1] INFO  server.RaftServerConfigKeys (ConfUtils.java:logGet(46)) - raft.server.storage.free-space.min = 0MB (=0) (default)
2022-07-12 21:06:22,406 [pool-671-thread-1] INFO  storage.RaftStorageDirectory (RaftStorageDirectoryImpl.java:analyzeStorage(135)) - The storage directory /home/runner/work/ozone/ozone/hadoop-ozone/integration-test/target/test-dir/MiniOzoneClusterImpl-f732ff5a-6050-490e-9ecc-7e3ed1996e94/datanode-2/data/ratis/128647e7-ef75-4d6f-9e3b-5c58ab1ee98a does not exist. Creating ...
2022-07-12 21:06:22,407 [pool-671-thread-1] INFO  storage.RaftStorageDirectory (RaftStorageDirectoryImpl.java:tryLock(230)) - Lock on /home/runner/work/ozone/ozone/hadoop-ozone/integration-test/target/test-dir/MiniOzoneClusterImpl-f732ff5a-6050-490e-9ecc-7e3ed1996e94/datanode-2/data/ratis/128647e7-ef75-4d6f-9e3b-5c58ab1ee98a/in_use.lock acquired by nodename 31611@fv-az452-57
2022-07-12 21:06:22,409 [pool-671-thread-1] INFO  storage.RaftStorage (RaftStorageImpl.java:format(89)) - Storage directory /home/runner/work/ozone/ozone/hadoop-ozone/integration-test/target/test-dir/MiniOzoneClusterImpl-f732ff5a-6050-490e-9ecc-7e3ed1996e94/datanode-2/data/ratis/128647e7-ef75-4d6f-9e3b-5c58ab1ee98a has been successfully formatted.
2022-07-12 21:06:22,409 [pool-671-thread-1] INFO  ratis.ContainerStateMachine (ContainerStateMachine.java:loadSnapshot(236)) - group-5C58AB1EE98A: The snapshot info is null. Setting the last applied indexto:(t:0, i:~)
2022-07-12 21:06:22,409 [pool-671-thread-1] INFO  server.RaftServerConfigKeys (ConfUtils.java:logGet(46)) - raft.server.notification.no-leader.timeout = 300s (custom)
2022-07-12 21:06:22,410 [pool-671-thread-1] INFO  server.RaftServerConfigKeys (ConfUtils.java:logGet(46)) - raft.server.log.use.memory = false (default)
2022-07-12 21:06:22,410 [pool-671-thread-1] INFO  server.RaftServerConfigKeys (ConfUtils.java:logGet(46)) - raft.server.log.purge.gap = 1000000 (custom)
2022-07-12 21:06:22,410 [pool-671-thread-1] INFO  server.RaftServerConfigKeys (ConfUtils.java:logGet(46)) - raft.server.log.appender.buffer.byte-limit = 33554432 (custom)
2022-07-12 21:06:22,410 [pool-671-thread-1] INFO  server.RaftServerConfigKeys (ConfUtils.java:logGet(46)) - raft.server.log.statemachine.data.read.timeout = 1000ms (default)
2022-07-12 21:06:22,410 [pool-671-thread-1] INFO  server.RaftServerConfigKeys (ConfUtils.java:logGet(46)) - raft.server.log.segment.size.max = 1048576 (custom)
2022-07-12 21:06:22,410 [EventQueue-PipelineReportForPipelineReportHandler] INFO  pipeline.PipelineManagerImpl (PipelineManagerImpl.java:openPipeline(359)) - Pipeline Pipeline[ Id: 128647e7-ef75-4d6f-9e3b-5c58ab1ee98a, Nodes: ac679b26-c737-4eb4-ba39-fe3b144a3424{ip: 10.1.0.20, host: fv-az452-57.ku3lqr0aiaqu5kfj3xdpchcrvd.dx.internal.cloudapp.net, ports: [REPLICATION=35251, RATIS=34833, RATIS_ADMIN=34833, RATIS_SERVER=34833, STANDALONE=33465], networkLocation: /default-rack, certSerialId: null, persistedOpState: IN_SERVICE, persistedOpStateExpiryEpochSec: 0}, ReplicationConfig: RATIS/ONE, State:ALLOCATED, leaderId:ac679b26-c737-4eb4-ba39-fe3b144a3424, CreationTimestamp2022-07-12T21:06:21.442Z[Etc/UTC]] moved to OPEN state
2022-07-12 21:06:22,411 [pool-671-thread-1] INFO  server.RaftServerConfigKeys (ConfUtils.java:logGet(46)) - raft.server.log.segment.cache.num.max = 2 (custom)
2022-07-12 21:06:22,411 [pool-671-thread-1] INFO  server.RaftServerConfigKeys (ConfUtils.java:logGet(46)) - raft.server.log.segment.cache.size.max = 200MB (=209715200) (default)
2022-07-12 21:06:22,411 [pool-671-thread-1] INFO  segmented.SegmentedRaftLogWorker (SegmentedRaftLogWorker.java:<init>(187)) - new ac679b26-c737-4eb4-ba39-fe3b144a3424@group-5C58AB1EE98A-SegmentedRaftLogWorker for RaftStorageImpl:Storage Directory /home/runner/work/ozone/ozone/hadoop-ozone/integration-test/target/test-dir/MiniOzoneClusterImpl-f732ff5a-6050-490e-9ecc-7e3ed1996e94/datanode-2/data/ratis/128647e7-ef75-4d6f-9e3b-5c58ab1ee98a
2022-07-12 21:06:22,411 [pool-671-thread-1] INFO  server.RaftServerConfigKeys (ConfUtils.java:logGet(46)) - raft.server.log.queue.byte-limit = 4294967296 (custom)
2022-07-12 21:06:22,411 [EventQueue-OpenPipelineForHealthyPipelineSafeModeRule] INFO  safemode.SCMSafeModeManager (HealthyPipelineSafeModeRule.java:process(124)) - SCM in safe mode. Healthy pipelines reported count is 0, required healthy pipeline reported count is 1
2022-07-12 21:06:22,411 [pool-671-thread-1] INFO  server.RaftServerConfigKeys (ConfUtils.java:logGet(46)) - raft.server.log.queue.element-limit = 1024 (custom)
2022-07-12 21:06:22,411 [pool-671-thread-1] INFO  server.RaftServerConfigKeys (ConfUtils.java:logGet(46)) - raft.server.log.segment.size.max = 1048576 (custom)
2022-07-12 21:06:22,411 [pool-671-thread-1] INFO  server.RaftServerConfigKeys (ConfUtils.java:logGet(46)) - raft.server.log.preallocated.size = 16384 (custom)
2022-07-12 21:06:22,411 [pool-671-thread-1] INFO  server.RaftServerConfigKeys (ConfUtils.java:logGet(46)) - raft.server.log.force.sync.num = 128 (default)
2022-07-12 21:06:22,411 [pool-671-thread-1] INFO  server.RaftServerConfigKeys (ConfUtils.java:logGet(46)) - raft.server.log.statemachine.data.sync = true (default)
2022-07-12 21:06:22,411 [pool-671-thread-1] INFO  server.RaftServerConfigKeys (ConfUtils.java:logGet(46)) - raft.server.log.statemachine.data.sync.timeout = 10s (default)
2022-07-12 21:06:22,411 [pool-671-thread-1] INFO  server.RaftServerConfigKeys (ConfUtils.java:logGet(46)) - raft.server.log.statemachine.data.sync.timeout.retry = -1 (default)
2022-07-12 21:06:22,415 [pool-671-thread-1] INFO  server.RaftServerConfigKeys (ConfUtils.java:logGet(46)) - raft.server.log.write.buffer.size = 1048576 (custom)
2022-07-12 21:06:22,416 [pool-671-thread-1] INFO  server.RaftServerConfigKeys (ConfUtils.java:logGet(46)) - raft.server.log.unsafe-flush.enabled = false (default)
2022-07-12 21:06:22,416 [pool-671-thread-1] INFO  server.RaftServerConfigKeys (ConfUtils.java:logGet(46)) - raft.server.log.statemachine.data.caching.enabled = true (custom)
2022-07-12 21:06:22,416 [pool-671-thread-1] INFO  segmented.SegmentedRaftLogWorker (SegmentedRaftLogWorker.java:lambda$new$0(135)) - ac679b26-c737-4eb4-ba39-fe3b144a3424@group-5C58AB1EE98A-SegmentedRaftLogWorker: flushIndex: setUnconditionally 0 -> -1
2022-07-12 21:06:22,416 [pool-671-thread-1] INFO  segmented.SegmentedRaftLogWorker (SegmentedRaftLogWorker.java:lambda$new$0(135)) - ac679b26-c737-4eb4-ba39-fe3b144a3424@group-5C58AB1EE98A-SegmentedRaftLogWorker: safeCacheEvictIndex: setUnconditionally 0 -> -1
2022-07-12 21:06:22,417 [pool-648-thread-1] INFO  server.RaftServerConfigKeys (ConfUtils.java:logGet(46)) - raft.server.log.unsafe-flush.enabled = false (default)
2022-07-12 21:06:22,417 [pool-648-thread-1] INFO  server.RaftServerConfigKeys (ConfUtils.java:logGet(46)) - raft.server.log.statemachine.data.caching.enabled = true (custom)
2022-07-12 21:06:22,417 [pool-648-thread-1] INFO  segmented.SegmentedRaftLogWorker (SegmentedRaftLogWorker.java:lambda$new$0(135)) - b88517ff-a734-4baa-8e75-48c6a6d5a3f3@group-0B74D8152EAC-SegmentedRaftLogWorker: flushIndex: setUnconditionally 0 -> -1
2022-07-12 21:06:22,417 [pool-648-thread-1] INFO  segmented.SegmentedRaftLogWorker (SegmentedRaftLogWorker.java:lambda$new$0(135)) - b88517ff-a734-4baa-8e75-48c6a6d5a3f3@group-0B74D8152EAC-SegmentedRaftLogWorker: safeCacheEvictIndex: setUnconditionally 0 -> -1
2022-07-12 21:06:22,419 [pool-671-thread-1] INFO  server.RaftServerConfigKeys (ConfUtils.java:logGet(46)) - raft.server.snapshot.auto.trigger.enabled = true (custom)
2022-07-12 21:06:22,419 [pool-671-thread-1] INFO  server.RaftServerConfigKeys (ConfUtils.java:logGet(46)) - raft.server.snapshot.auto.trigger.threshold = 10000 (custom)
2022-07-12 21:06:22,419 [pool-671-thread-1] INFO  server.RaftServerConfigKeys (ConfUtils.java:logGet(46)) - raft.server.snapshot.retention.file.num = 5 (custom)
2022-07-12 21:06:22,419 [pool-671-thread-1] INFO  server.RaftServerConfigKeys (ConfUtils.java:logGet(46)) - raft.server.log.purge.upto.snapshot.index = false (default)
2022-07-12 21:06:22,419 [pool-671-thread-1] INFO  server.RaftServerConfigKeys (ConfUtils.java:logGet(46)) - raft.server.retrycache.expirytime = 600000ms (custom)
2022-07-12 21:06:22,419 [pool-671-thread-1] INFO  server.RaftServerConfigKeys (ConfUtils.java:logGet(46)) - raft.server.retrycache.statistics.expirytime = 100μs (default)
2022-07-12 21:06:22,420 [pool-671-thread-1] INFO  server.RaftServerConfigKeys (ConfUtils.java:logGet(46)) - raft.server.log.appender.install.snapshot.enabled = false (custom)
2022-07-12 21:06:22,420 [pool-671-thread-1] INFO  server.RaftServerConfigKeys (ConfUtils.java:logGet(46)) - raft.server.threadpool.server.cached = true (default)
2022-07-12 21:06:22,420 [pool-671-thread-1] INFO  server.RaftServerConfigKeys (ConfUtils.java:logGet(46)) - raft.server.threadpool.server.size = 0 (default)
2022-07-12 21:06:22,420 [pool-671-thread-1] INFO  server.RaftServerConfigKeys (ConfUtils.java:logGet(46)) - raft.server.threadpool.client.cached = true (default)
2022-07-12 21:06:22,420 [pool-671-thread-1] INFO  server.RaftServerConfigKeys (ConfUtils.java:logGet(46)) - raft.server.threadpool.client.size = 0 (default)
2022-07-12 21:06:22,420 [pool-671-thread-1] INFO  server.RaftServer$Division (RaftServerImpl.java:start(310)) - ac679b26-c737-4eb4-ba39-fe3b144a3424@group-5C58AB1EE98A: start as a follower, conf=-1: [ac679b26-c737-4eb4-ba39-fe3b144a3424|rpc:10.1.0.20:34833|priority:1], old=null
2022-07-12 21:06:22,421 [pool-671-thread-1] INFO  server.RaftServer$Division (RaftServerImpl.java:setRole(299)) - ac679b26-c737-4eb4-ba39-fe3b144a3424@group-5C58AB1EE98A: changes role from      null to FOLLOWER at term 0 for startAsFollower
2022-07-12 21:06:22,421 [pool-648-thread-1] INFO  server.RaftServerConfigKeys (ConfUtils.java:logGet(46)) - raft.server.snapshot.auto.trigger.enabled = true (custom)
2022-07-12 21:06:22,421 [pool-648-thread-1] INFO  server.RaftServerConfigKeys (ConfUtils.java:logGet(46)) - raft.server.snapshot.auto.trigger.threshold = 10000 (custom)
2022-07-12 21:06:22,421 [pool-648-thread-1] INFO  server.RaftServerConfigKeys (ConfUtils.java:logGet(46)) - raft.server.snapshot.retention.file.num = 5 (custom)
2022-07-12 21:06:22,421 [pool-648-thread-1] INFO  server.RaftServerConfigKeys (ConfUtils.java:logGet(46)) - raft.server.log.purge.upto.snapshot.index = false (default)
2022-07-12 21:06:22,421 [pool-648-thread-1] INFO  server.RaftServerConfigKeys (ConfUtils.java:logGet(46)) - raft.server.retrycache.expirytime = 600000ms (custom)
2022-07-12 21:06:22,421 [pool-648-thread-1] INFO  server.RaftServerConfigKeys (ConfUtils.java:logGet(46)) - raft.server.retrycache.statistics.expirytime = 100μs (default)
2022-07-12 21:06:22,422 [pool-648-thread-1] INFO  server.RaftServerConfigKeys (ConfUtils.java:logGet(46)) - raft.server.log.appender.install.snapshot.enabled = false (custom)
2022-07-12 21:06:22,422 [pool-648-thread-1] INFO  server.RaftServerConfigKeys (ConfUtils.java:logGet(46)) - raft.server.threadpool.server.cached = true (default)
2022-07-12 21:06:22,422 [pool-648-thread-1] INFO  server.RaftServerConfigKeys (ConfUtils.java:logGet(46)) - raft.server.threadpool.server.size = 0 (default)
2022-07-12 21:06:22,422 [pool-648-thread-1] INFO  server.RaftServerConfigKeys (ConfUtils.java:logGet(46)) - raft.server.threadpool.client.cached = true (default)
2022-07-12 21:06:22,422 [pool-648-thread-1] INFO  server.RaftServerConfigKeys (ConfUtils.java:logGet(46)) - raft.server.threadpool.client.size = 0 (default)
2022-07-12 21:06:22,422 [pool-648-thread-1] INFO  server.RaftServer$Division (RaftServerImpl.java:start(310)) - b88517ff-a734-4baa-8e75-48c6a6d5a3f3@group-0B74D8152EAC: start as a follower, conf=-1: [b88517ff-a734-4baa-8e75-48c6a6d5a3f3|rpc:10.1.0.20:38005|dataStream:|priority:0, 6d03a90d-b393-4c2b-aa32-f45668f1c5ca|rpc:10.1.0.20:39877|dataStream:|priority:1, ac679b26-c737-4eb4-ba39-fe3b144a3424|rpc:10.1.0.20:34833|dataStream:|priority:0], old=null
2022-07-12 21:06:22,422 [pool-648-thread-1] INFO  server.RaftServer$Division (RaftServerImpl.java:setRole(299)) - b88517ff-a734-4baa-8e75-48c6a6d5a3f3@group-0B74D8152EAC: changes role from      null to FOLLOWER at term 0 for startAsFollower
2022-07-12 21:06:22,423 [pool-648-thread-1] INFO  impl.RoleInfo (RoleInfo.java:updateAndGet(139)) - b88517ff-a734-4baa-8e75-48c6a6d5a3f3: start b88517ff-a734-4baa-8e75-48c6a6d5a3f3@group-0B74D8152EAC-FollowerState
2022-07-12 21:06:22,447 [pool-648-thread-1] INFO  util.JmxRegister (JmxRegister.java:tryRegister(44)) - Successfully registered JMX Bean with object name Ratis:service=RaftServer,group=group-0B74D8152EAC,id=b88517ff-a734-4baa-8e75-48c6a6d5a3f3
2022-07-12 21:06:22,468 [pool-671-thread-1] INFO  impl.RoleInfo (RoleInfo.java:updateAndGet(139)) - ac679b26-c737-4eb4-ba39-fe3b144a3424: start ac679b26-c737-4eb4-ba39-fe3b144a3424@group-5C58AB1EE98A-FollowerState
2022-07-12 21:06:22,476 [pool-671-thread-1] INFO  util.JmxRegister (JmxRegister.java:tryRegister(44)) - Successfully registered JMX Bean with object name Ratis:service=RaftServer,group=group-5C58AB1EE98A,id=ac679b26-c737-4eb4-ba39-fe3b144a3424
2022-07-12 21:06:22,484 [Listener at 127.0.0.1/37581] INFO  ozone.MiniOzoneClusterImpl (MiniOzoneClusterImpl.java:lambda$waitForClusterToBeReady$0(223)) - Waiting for nodes to be ready. Got 3 of 5 DN Heartbeats.
2022-07-12 21:06:22,485 [Listener at 127.0.0.1/37581] INFO  ozone.MiniOzoneClusterImpl (MiniOzoneClusterImpl.java:lambda$waitForClusterToBeReady$0(226)) - Waiting for cluster to exit safe mode
2022-07-12 21:06:22,485 [Listener at 127.0.0.1/37581] INFO  ozone.MiniOzoneClusterImpl (MiniOzoneClusterImpl.java:lambda$waitForClusterToBeReady$0(228)) - SCM became leader
2022-07-12 21:06:22,485 [Command processor thread] INFO  ratis.XceiverServerRatis (XceiverServerRatis.java:addGroup(765)) - Created group PipelineID=128647e7-ef75-4d6f-9e3b-5c58ab1ee98a
2022-07-12 21:06:22,485 [Command processor thread] INFO  commandhandler.CreatePipelineCommandHandler (CreatePipelineCommandHandler.java:handle(113)) - Created Pipeline RATIS ONE PipelineID=128647e7-ef75-4d6f-9e3b-5c58ab1ee98a.
2022-07-12 21:06:22,485 [Command processor thread] INFO  server.RaftServer (RaftServerProxy.java:addNew(96)) - ac679b26-c737-4eb4-ba39-fe3b144a3424: addNew group-0B74D8152EAC:[b88517ff-a734-4baa-8e75-48c6a6d5a3f3|rpc:10.1.0.20:38005|priority:0, 6d03a90d-b393-4c2b-aa32-f45668f1c5ca|rpc:10.1.0.20:39877|priority:1, ac679b26-c737-4eb4-ba39-fe3b144a3424|rpc:10.1.0.20:34833|priority:0] returns group-0B74D8152EAC:java.util.concurrent.CompletableFuture@7a70b1fc[Not completed]
2022-07-12 21:06:22,486 [pool-671-thread-1] INFO  server.RaftServer$Division (RaftServerImpl.java:<init>(190)) - ac679b26-c737-4eb4-ba39-fe3b144a3424: new RaftServerImpl for group-0B74D8152EAC:[b88517ff-a734-4baa-8e75-48c6a6d5a3f3|rpc:10.1.0.20:38005|priority:0, 6d03a90d-b393-4c2b-aa32-f45668f1c5ca|rpc:10.1.0.20:39877|priority:1, ac679b26-c737-4eb4-ba39-fe3b144a3424|rpc:10.1.0.20:34833|priority:0] with ContainerStateMachine:uninitialized
2022-07-12 21:06:22,486 [pool-671-thread-1] INFO  server.RaftServerConfigKeys (ConfUtils.java:logGet(46)) - raft.server.rpc.timeout.min = 5s (custom)
2022-07-12 21:06:22,486 [pool-671-thread-1] INFO  server.RaftServerConfigKeys (ConfUtils.java:logGet(46)) - raft.server.rpc.timeout.max = 5200ms (custom)
2022-07-12 21:06:22,486 [pool-671-thread-1] INFO  server.RaftServerConfigKeys (ConfUtils.java:logGet(46)) - raft.server.rpc.sleep.time = 25ms (default)
2022-07-12 21:06:22,486 [pool-671-thread-1] INFO  server.RaftServerConfigKeys (ConfUtils.java:logGet(46)) - raft.server.rpc.slowness.timeout = 300s (custom)
2022-07-12 21:06:22,486 [pool-671-thread-1] INFO  server.RaftServerConfigKeys (ConfUtils.java:logGet(46)) - raft.server.leaderelection.leader.step-down.wait-time = 10s (default)
2022-07-12 21:06:22,486 [pool-671-thread-1] INFO  server.RaftServerConfigKeys (ConfUtils.java:logGet(46)) - raft.server.sleep.deviation.threshold = 300ms (default)
2022-07-12 21:06:22,486 [pool-671-thread-1] INFO  server.RaftServer$Division (ServerState.java:<init>(107)) - ac679b26-c737-4eb4-ba39-fe3b144a3424@group-0B74D8152EAC: ConfigurationManager, init=-1: [b88517ff-a734-4baa-8e75-48c6a6d5a3f3|rpc:10.1.0.20:38005|priority:0, 6d03a90d-b393-4c2b-aa32-f45668f1c5ca|rpc:10.1.0.20:39877|priority:1, ac679b26-c737-4eb4-ba39-fe3b144a3424|rpc:10.1.0.20:34833|priority:0], old=null, confs=<EMPTY_MAP>
2022-07-12 21:06:22,486 [pool-671-thread-1] INFO  server.RaftServerConfigKeys (ConfUtils.java:logGet(46)) - raft.server.storage.dir = [/home/runner/work/ozone/ozone/hadoop-ozone/integration-test/target/test-dir/MiniOzoneClusterImpl-f732ff5a-6050-490e-9ecc-7e3ed1996e94/datanode-2/data/ratis] (custom)
2022-07-12 21:06:22,487 [pool-671-thread-1] INFO  server.RaftServerConfigKeys (ConfUtils.java:logGet(46)) - raft.server.log.corruption.policy = EXCEPTION (default)
2022-07-12 21:06:22,487 [pool-671-thread-1] INFO  server.RaftServerConfigKeys (ConfUtils.java:logGet(46)) - raft.server.storage.free-space.min = 0MB (=0) (default)
2022-07-12 21:06:22,487 [pool-671-thread-1] INFO  storage.RaftStorageDirectory (RaftStorageDirectoryImpl.java:analyzeStorage(135)) - The storage directory /home/runner/work/ozone/ozone/hadoop-ozone/integration-test/target/test-dir/MiniOzoneClusterImpl-f732ff5a-6050-490e-9ecc-7e3ed1996e94/datanode-2/data/ratis/400725b4-e971-4031-87b3-0b74d8152eac does not exist. Creating ...
2022-07-12 21:06:22,493 [pool-671-thread-1] INFO  storage.RaftStorageDirectory (RaftStorageDirectoryImpl.java:tryLock(230)) - Lock on /home/runner/work/ozone/ozone/hadoop-ozone/integration-test/target/test-dir/MiniOzoneClusterImpl-f732ff5a-6050-490e-9ecc-7e3ed1996e94/datanode-2/data/ratis/400725b4-e971-4031-87b3-0b74d8152eac/in_use.lock acquired by nodename 31611@fv-az452-57
2022-07-12 21:06:22,496 [pool-671-thread-1] INFO  storage.RaftStorage (RaftStorageImpl.java:format(89)) - Storage directory /home/runner/work/ozone/ozone/hadoop-ozone/integration-test/target/test-dir/MiniOzoneClusterImpl-f732ff5a-6050-490e-9ecc-7e3ed1996e94/datanode-2/data/ratis/400725b4-e971-4031-87b3-0b74d8152eac has been successfully formatted.
2022-07-12 21:06:22,496 [pool-671-thread-1] INFO  ratis.ContainerStateMachine (ContainerStateMachine.java:loadSnapshot(236)) - group-0B74D8152EAC: The snapshot info is null. Setting the last applied indexto:(t:0, i:~)
2022-07-12 21:06:22,497 [pool-671-thread-1] INFO  server.RaftServerConfigKeys (ConfUtils.java:logGet(46)) - raft.server.notification.no-leader.timeout = 300s (custom)
2022-07-12 21:06:22,497 [pool-671-thread-1] INFO  server.RaftServerConfigKeys (ConfUtils.java:logGet(46)) - raft.server.log.use.memory = false (default)
2022-07-12 21:06:22,497 [pool-671-thread-1] INFO  server.RaftServerConfigKeys (ConfUtils.java:logGet(46)) - raft.server.log.purge.gap = 1000000 (custom)
2022-07-12 21:06:22,497 [pool-671-thread-1] INFO  server.RaftServerConfigKeys (ConfUtils.java:logGet(46)) - raft.server.log.appender.buffer.byte-limit = 33554432 (custom)
2022-07-12 21:06:22,497 [pool-671-thread-1] INFO  server.RaftServerConfigKeys (ConfUtils.java:logGet(46)) - raft.server.log.statemachine.data.read.timeout = 1000ms (default)
2022-07-12 21:06:22,497 [EventQueue-OpenPipelineForHealthyPipelineSafeModeRule] INFO  safemode.SCMSafeModeManager (HealthyPipelineSafeModeRule.java:process(124)) - SCM in safe mode. Healthy pipelines reported count is 0, required healthy pipeline reported count is 1
2022-07-12 21:06:22,497 [pool-671-thread-1] INFO  server.RaftServerConfigKeys (ConfUtils.java:logGet(46)) - raft.server.log.segment.size.max = 1048576 (custom)
2022-07-12 21:06:22,498 [pool-671-thread-1] INFO  server.RaftServerConfigKeys (ConfUtils.java:logGet(46)) - raft.server.log.segment.cache.num.max = 2 (custom)
2022-07-12 21:06:22,498 [pool-671-thread-1] INFO  server.RaftServerConfigKeys (ConfUtils.java:logGet(46)) - raft.server.log.segment.cache.size.max = 200MB (=209715200) (default)
2022-07-12 21:06:22,498 [pool-671-thread-1] INFO  segmented.SegmentedRaftLogWorker (SegmentedRaftLogWorker.java:<init>(187)) - new ac679b26-c737-4eb4-ba39-fe3b144a3424@group-0B74D8152EAC-SegmentedRaftLogWorker for RaftStorageImpl:Storage Directory /home/runner/work/ozone/ozone/hadoop-ozone/integration-test/target/test-dir/MiniOzoneClusterImpl-f732ff5a-6050-490e-9ecc-7e3ed1996e94/datanode-2/data/ratis/400725b4-e971-4031-87b3-0b74d8152eac
2022-07-12 21:06:22,498 [pool-671-thread-1] INFO  server.RaftServerConfigKeys (ConfUtils.java:logGet(46)) - raft.server.log.queue.byte-limit = 4294967296 (custom)
2022-07-12 21:06:22,498 [pool-671-thread-1] INFO  server.RaftServerConfigKeys (ConfUtils.java:logGet(46)) - raft.server.log.queue.element-limit = 1024 (custom)
2022-07-12 21:06:22,498 [pool-671-thread-1] INFO  server.RaftServerConfigKeys (ConfUtils.java:logGet(46)) - raft.server.log.segment.size.max = 1048576 (custom)
2022-07-12 21:06:22,498 [pool-671-thread-1] INFO  server.RaftServerConfigKeys (ConfUtils.java:logGet(46)) - raft.server.log.preallocated.size = 16384 (custom)
2022-07-12 21:06:22,498 [pool-671-thread-1] INFO  server.RaftServerConfigKeys (ConfUtils.java:logGet(46)) - raft.server.log.force.sync.num = 128 (default)
2022-07-12 21:06:22,498 [pool-671-thread-1] INFO  server.RaftServerConfigKeys (ConfUtils.java:logGet(46)) - raft.server.log.statemachine.data.sync = true (default)
2022-07-12 21:06:22,498 [pool-671-thread-1] INFO  server.RaftServerConfigKeys (ConfUtils.java:logGet(46)) - raft.server.log.statemachine.data.sync.timeout = 10s (default)
2022-07-12 21:06:22,498 [pool-671-thread-1] INFO  server.RaftServerConfigKeys (ConfUtils.java:logGet(46)) - raft.server.log.statemachine.data.sync.timeout.retry = -1 (default)
2022-07-12 21:06:22,499 [pool-671-thread-1] INFO  server.RaftServerConfigKeys (ConfUtils.java:logGet(46)) - raft.server.log.write.buffer.size = 1048576 (custom)
2022-07-12 21:06:22,500 [pool-671-thread-1] INFO  server.RaftServerConfigKeys (ConfUtils.java:logGet(46)) - raft.server.log.unsafe-flush.enabled = false (default)
2022-07-12 21:06:22,500 [pool-671-thread-1] INFO  server.RaftServerConfigKeys (ConfUtils.java:logGet(46)) - raft.server.log.statemachine.data.caching.enabled = true (custom)
2022-07-12 21:06:22,500 [pool-671-thread-1] INFO  segmented.SegmentedRaftLogWorker (SegmentedRaftLogWorker.java:lambda$new$0(135)) - ac679b26-c737-4eb4-ba39-fe3b144a3424@group-0B74D8152EAC-SegmentedRaftLogWorker: flushIndex: setUnconditionally 0 -> -1
2022-07-12 21:06:22,500 [pool-671-thread-1] INFO  segmented.SegmentedRaftLogWorker (SegmentedRaftLogWorker.java:lambda$new$0(135)) - ac679b26-c737-4eb4-ba39-fe3b144a3424@group-0B74D8152EAC-SegmentedRaftLogWorker: safeCacheEvictIndex: setUnconditionally 0 -> -1
2022-07-12 21:06:22,500 [pool-671-thread-1] INFO  server.RaftServerConfigKeys (ConfUtils.java:logGet(46)) - raft.server.snapshot.auto.trigger.enabled = true (custom)
2022-07-12 21:06:22,500 [pool-671-thread-1] INFO  server.RaftServerConfigKeys (ConfUtils.java:logGet(46)) - raft.server.snapshot.auto.trigger.threshold = 10000 (custom)
2022-07-12 21:06:22,500 [pool-671-thread-1] INFO  server.RaftServerConfigKeys (ConfUtils.java:logGet(46)) - raft.server.snapshot.retention.file.num = 5 (custom)
2022-07-12 21:06:22,500 [pool-671-thread-1] INFO  server.RaftServerConfigKeys (ConfUtils.java:logGet(46)) - raft.server.log.purge.upto.snapshot.index = false (default)
2022-07-12 21:06:22,501 [pool-671-thread-1] INFO  server.RaftServerConfigKeys (ConfUtils.java:logGet(46)) - raft.server.retrycache.expirytime = 600000ms (custom)
2022-07-12 21:06:22,501 [pool-671-thread-1] INFO  server.RaftServerConfigKeys (ConfUtils.java:logGet(46)) - raft.server.retrycache.statistics.expirytime = 100μs (default)
2022-07-12 21:06:22,502 [pool-671-thread-1] INFO  server.RaftServerConfigKeys (ConfUtils.java:logGet(46)) - raft.server.log.appender.install.snapshot.enabled = false (custom)
2022-07-12 21:06:22,502 [pool-671-thread-1] INFO  server.RaftServerConfigKeys (ConfUtils.java:logGet(46)) - raft.server.threadpool.server.cached = true (default)
2022-07-12 21:06:22,502 [pool-671-thread-1] INFO  server.RaftServerConfigKeys (ConfUtils.java:logGet(46)) - raft.server.threadpool.server.size = 0 (default)
2022-07-12 21:06:22,502 [pool-671-thread-1] INFO  server.RaftServerConfigKeys (ConfUtils.java:logGet(46)) - raft.server.threadpool.client.cached = true (default)
2022-07-12 21:06:22,502 [pool-671-thread-1] INFO  server.RaftServerConfigKeys (ConfUtils.java:logGet(46)) - raft.server.threadpool.client.size = 0 (default)
2022-07-12 21:06:22,502 [pool-671-thread-1] INFO  server.RaftServer$Division (RaftServerImpl.java:start(310)) - ac679b26-c737-4eb4-ba39-fe3b144a3424@group-0B74D8152EAC: start as a follower, conf=-1: [b88517ff-a734-4baa-8e75-48c6a6d5a3f3|rpc:10.1.0.20:38005|priority:0, 6d03a90d-b393-4c2b-aa32-f45668f1c5ca|rpc:10.1.0.20:39877|priority:1, ac679b26-c737-4eb4-ba39-fe3b144a3424|rpc:10.1.0.20:34833|priority:0], old=null
2022-07-12 21:06:22,502 [pool-671-thread-1] INFO  server.RaftServer$Division (RaftServerImpl.java:setRole(299)) - ac679b26-c737-4eb4-ba39-fe3b144a3424@group-0B74D8152EAC: changes role from      null to FOLLOWER at term 0 for startAsFollower
2022-07-12 21:06:22,502 [pool-671-thread-1] INFO  impl.RoleInfo (RoleInfo.java:updateAndGet(139)) - ac679b26-c737-4eb4-ba39-fe3b144a3424: start ac679b26-c737-4eb4-ba39-fe3b144a3424@group-0B74D8152EAC-FollowerState
2022-07-12 21:06:22,502 [pool-671-thread-1] INFO  util.JmxRegister (JmxRegister.java:tryRegister(44)) - Successfully registered JMX Bean with object name Ratis:service=RaftServer,group=group-0B74D8152EAC,id=ac679b26-c737-4eb4-ba39-fe3b144a3424
2022-07-12 21:06:22,503 [Command processor thread] INFO  ratis.XceiverServerRatis (XceiverServerRatis.java:addGroup(765)) - Created group PipelineID=400725b4-e971-4031-87b3-0b74d8152eac
2022-07-12 21:06:22,705 [Command processor thread] INFO  commandhandler.CreatePipelineCommandHandler (CreatePipelineCommandHandler.java:handle(113)) - Created Pipeline RATIS THREE PipelineID=400725b4-e971-4031-87b3-0b74d8152eac.
2022-07-12 21:06:22,781 [Command processor thread] INFO  commandhandler.CreatePipelineCommandHandler (CreatePipelineCommandHandler.java:handle(113)) - Created Pipeline RATIS THREE PipelineID=400725b4-e971-4031-87b3-0b74d8152eac.
2022-07-12 21:06:22,803 [EndpointStateMachine task thread for /0.0.0.0:43829 - 0 ] INFO  volume.HddsVolume (HddsVolume.java:createDbStore(309)) - SchemaV3 db is created and loaded at /home/runner/work/ozone/ozone/hadoop-ozone/integration-test/target/test-dir/MiniOzoneClusterImpl-f732ff5a-6050-490e-9ecc-7e3ed1996e94/datanode-4/data-0/containers/hdds/f732ff5a-6050-490e-9ecc-7e3ed1996e94/DS-047e15be-0344-4642-bdf9-91c760c09829/container.db for volume DS-047e15be-0344-4642-bdf9-91c760c09829
2022-07-12 21:06:22,805 [EndpointStateMachine task thread for /0.0.0.0:43829 - 0 ] INFO  volume.HddsVolume (HddsVolume.java:closeDbStore(340)) - SchemaV3 db is stopped at /home/runner/work/ozone/ozone/hadoop-ozone/integration-test/target/test-dir/MiniOzoneClusterImpl-f732ff5a-6050-490e-9ecc-7e3ed1996e94/datanode-4/data-0/containers/hdds/f732ff5a-6050-490e-9ecc-7e3ed1996e94/DS-047e15be-0344-4642-bdf9-91c760c09829/container.db for volume DS-047e15be-0344-4642-bdf9-91c760c09829
2022-07-12 21:06:22,805 [EndpointStateMachine task thread for /0.0.0.0:43829 - 0 ] INFO  ozoneimpl.OzoneContainer (OzoneContainer.java:start(344)) - Attempting to start container services.
2022-07-12 21:06:22,805 [EndpointStateMachine task thread for /0.0.0.0:43829 - 0 ] INFO  ozoneimpl.OzoneContainer (OzoneContainer.java:startContainerScrub(279)) - Background container scanner has been disabled.
2022-07-12 21:06:22,824 [EndpointStateMachine task thread for /0.0.0.0:43829 - 0 ] INFO  replication.ReplicationServer (ReplicationServer.java:start(111)) - ReplicationServer is started using port 44005
2022-07-12 21:06:22,825 [EndpointStateMachine task thread for /0.0.0.0:43829 - 0 ] INFO  ratis.XceiverServerRatis (XceiverServerRatis.java:start(481)) - Starting XceiverServerRatis 0047f0d6-cad6-4c01-8720-7c34e3f82305
2022-07-12 21:06:22,831 [EndpointStateMachine task thread for /0.0.0.0:43829 - 0 ] INFO  server.RaftServer (RaftServerProxy.java:lambda$start$6(382)) - 0047f0d6-cad6-4c01-8720-7c34e3f82305: start RPC server
2022-07-12 21:06:22,850 [Command processor thread] INFO  server.RaftServer (RaftServerProxy.java:addNew(96)) - b88517ff-a734-4baa-8e75-48c6a6d5a3f3: addNew group-BE38D2CF02A1:[b88517ff-a734-4baa-8e75-48c6a6d5a3f3|rpc:10.1.0.20:38005|priority:1] returns group-BE38D2CF02A1:java.util.concurrent.CompletableFuture@71084a61[Not completed]
2022-07-12 21:06:22,851 [pool-648-thread-1] INFO  server.RaftServer$Division (RaftServerImpl.java:<init>(190)) - b88517ff-a734-4baa-8e75-48c6a6d5a3f3: new RaftServerImpl for group-BE38D2CF02A1:[b88517ff-a734-4baa-8e75-48c6a6d5a3f3|rpc:10.1.0.20:38005|priority:1] with ContainerStateMachine:uninitialized
2022-07-12 21:06:22,851 [pool-648-thread-1] INFO  server.RaftServerConfigKeys (ConfUtils.java:logGet(46)) - raft.server.rpc.timeout.min = 5s (custom)
2022-07-12 21:06:22,851 [pool-648-thread-1] INFO  server.RaftServerConfigKeys (ConfUtils.java:logGet(46)) - raft.server.rpc.timeout.max = 5200ms (custom)
2022-07-12 21:06:22,851 [pool-648-thread-1] INFO  server.RaftServerConfigKeys (ConfUtils.java:logGet(46)) - raft.server.rpc.sleep.time = 25ms (default)
2022-07-12 21:06:22,851 [pool-648-thread-1] INFO  server.RaftServerConfigKeys (ConfUtils.java:logGet(46)) - raft.server.rpc.slowness.timeout = 300s (custom)
2022-07-12 21:06:22,851 [pool-648-thread-1] INFO  server.RaftServerConfigKeys (ConfUtils.java:logGet(46)) - raft.server.leaderelection.leader.step-down.wait-time = 10s (default)
2022-07-12 21:06:22,851 [pool-648-thread-1] INFO  server.RaftServerConfigKeys (ConfUtils.java:logGet(46)) - raft.server.sleep.deviation.threshold = 300ms (default)
2022-07-12 21:06:22,851 [pool-648-thread-1] INFO  server.RaftServer$Division (ServerState.java:<init>(107)) - b88517ff-a734-4baa-8e75-48c6a6d5a3f3@group-BE38D2CF02A1: ConfigurationManager, init=-1: [b88517ff-a734-4baa-8e75-48c6a6d5a3f3|rpc:10.1.0.20:38005|priority:1], old=null, confs=<EMPTY_MAP>
2022-07-12 21:06:22,851 [pool-648-thread-1] INFO  server.RaftServerConfigKeys (ConfUtils.java:logGet(46)) - raft.server.storage.dir = [/home/runner/work/ozone/ozone/hadoop-ozone/integration-test/target/test-dir/MiniOzoneClusterImpl-f732ff5a-6050-490e-9ecc-7e3ed1996e94/datanode-1/data/ratis] (custom)
2022-07-12 21:06:22,851 [pool-648-thread-1] INFO  server.RaftServerConfigKeys (ConfUtils.java:logGet(46)) - raft.server.log.corruption.policy = EXCEPTION (default)
2022-07-12 21:06:22,851 [pool-648-thread-1] INFO  server.RaftServerConfigKeys (ConfUtils.java:logGet(46)) - raft.server.storage.free-space.min = 0MB (=0) (default)
2022-07-12 21:06:22,851 [pool-648-thread-1] INFO  storage.RaftStorageDirectory (RaftStorageDirectoryImpl.java:analyzeStorage(135)) - The storage directory /home/runner/work/ozone/ozone/hadoop-ozone/integration-test/target/test-dir/MiniOzoneClusterImpl-f732ff5a-6050-490e-9ecc-7e3ed1996e94/datanode-1/data/ratis/c385bfab-866e-47ef-9f27-be38d2cf02a1 does not exist. Creating ...
2022-07-12 21:06:22,856 [pool-648-thread-1] INFO  storage.RaftStorageDirectory (RaftStorageDirectoryImpl.java:tryLock(230)) - Lock on /home/runner/work/ozone/ozone/hadoop-ozone/integration-test/target/test-dir/MiniOzoneClusterImpl-f732ff5a-6050-490e-9ecc-7e3ed1996e94/datanode-1/data/ratis/c385bfab-866e-47ef-9f27-be38d2cf02a1/in_use.lock acquired by nodename 31611@fv-az452-57
2022-07-12 21:06:22,858 [EndpointStateMachine task thread for /0.0.0.0:43829 - 0 ] INFO  server.GrpcService (GrpcService.java:startImpl(260)) - 0047f0d6-cad6-4c01-8720-7c34e3f82305: GrpcService started, listening on 43179
2022-07-12 21:06:22,867 [EndpointStateMachine task thread for /0.0.0.0:43829 - 0 ] INFO  ratis.XceiverServerRatis (XceiverServerRatis.java:getRealPort(502)) - XceiverServerRatis 0047f0d6-cad6-4c01-8720-7c34e3f82305 is started using port 43179 for RATIS
2022-07-12 21:06:22,867 [EndpointStateMachine task thread for /0.0.0.0:43829 - 0 ] INFO  ratis.XceiverServerRatis (XceiverServerRatis.java:getRealPort(502)) - XceiverServerRatis 0047f0d6-cad6-4c01-8720-7c34e3f82305 is started using port 43179 for RATIS_ADMIN
2022-07-12 21:06:22,867 [EndpointStateMachine task thread for /0.0.0.0:43829 - 0 ] INFO  ratis.XceiverServerRatis (XceiverServerRatis.java:getRealPort(502)) - XceiverServerRatis 0047f0d6-cad6-4c01-8720-7c34e3f82305 is started using port 43179 for RATIS_SERVER
2022-07-12 21:06:22,868 [org.apache.ratis.util.JvmPauseMonitor$$Lambda$613/1050667922@3344def3] INFO  util.JvmPauseMonitor (JvmPauseMonitor.java:run(103)) - JvmPauseMonitor-0047f0d6-cad6-4c01-8720-7c34e3f82305: Started
2022-07-12 21:06:22,894 [EndpointStateMachine task thread for /0.0.0.0:43829 - 0 ] INFO  server.XceiverServerGrpc (XceiverServerGrpc.java:start(180)) - XceiverServerGrpc 0047f0d6-cad6-4c01-8720-7c34e3f82305 is started using port 34315
2022-07-12 21:06:22,896 [pool-648-thread-1] INFO  storage.RaftStorage (RaftStorageImpl.java:format(89)) - Storage directory /home/runner/work/ozone/ozone/hadoop-ozone/integration-test/target/test-dir/MiniOzoneClusterImpl-f732ff5a-6050-490e-9ecc-7e3ed1996e94/datanode-1/data/ratis/c385bfab-866e-47ef-9f27-be38d2cf02a1 has been successfully formatted.
2022-07-12 21:06:22,896 [pool-648-thread-1] INFO  ratis.ContainerStateMachine (ContainerStateMachine.java:loadSnapshot(236)) - group-BE38D2CF02A1: The snapshot info is null. Setting the last applied indexto:(t:0, i:~)
2022-07-12 21:06:22,896 [pool-648-thread-1] INFO  server.RaftServerConfigKeys (ConfUtils.java:logGet(46)) - raft.server.notification.no-leader.timeout = 300s (custom)
2022-07-12 21:06:22,896 [pool-648-thread-1] INFO  server.RaftServerConfigKeys (ConfUtils.java:logGet(46)) - raft.server.log.use.memory = false (default)
2022-07-12 21:06:22,896 [pool-648-thread-1] INFO  server.RaftServerConfigKeys (ConfUtils.java:logGet(46)) - raft.server.log.purge.gap = 1000000 (custom)
2022-07-12 21:06:22,896 [pool-648-thread-1] INFO  server.RaftServerConfigKeys (ConfUtils.java:logGet(46)) - raft.server.log.appender.buffer.byte-limit = 33554432 (custom)
2022-07-12 21:06:22,896 [pool-648-thread-1] INFO  server.RaftServerConfigKeys (ConfUtils.java:logGet(46)) - raft.server.log.statemachine.data.read.timeout = 1000ms (default)
2022-07-12 21:06:22,897 [pool-648-thread-1] INFO  server.RaftServerConfigKeys (ConfUtils.java:logGet(46)) - raft.server.log.segment.size.max = 1048576 (custom)
2022-07-12 21:06:22,897 [pool-648-thread-1] INFO  server.RaftServerConfigKeys (ConfUtils.java:logGet(46)) - raft.server.log.segment.cache.num.max = 2 (custom)
2022-07-12 21:06:22,897 [pool-648-thread-1] INFO  server.RaftServerConfigKeys (ConfUtils.java:logGet(46)) - raft.server.log.segment.cache.size.max = 200MB (=209715200) (default)
2022-07-12 21:06:22,897 [pool-648-thread-1] INFO  segmented.SegmentedRaftLogWorker (SegmentedRaftLogWorker.java:<init>(187)) - new b88517ff-a734-4baa-8e75-48c6a6d5a3f3@group-BE38D2CF02A1-SegmentedRaftLogWorker for RaftStorageImpl:Storage Directory /home/runner/work/ozone/ozone/hadoop-ozone/integration-test/target/test-dir/MiniOzoneClusterImpl-f732ff5a-6050-490e-9ecc-7e3ed1996e94/datanode-1/data/ratis/c385bfab-866e-47ef-9f27-be38d2cf02a1
2022-07-12 21:06:22,897 [pool-648-thread-1] INFO  server.RaftServerConfigKeys (ConfUtils.java:logGet(46)) - raft.server.log.queue.byte-limit = 4294967296 (custom)
2022-07-12 21:06:22,897 [pool-648-thread-1] INFO  server.RaftServerConfigKeys (ConfUtils.java:logGet(46)) - raft.server.log.queue.element-limit = 1024 (custom)
2022-07-12 21:06:22,897 [pool-648-thread-1] INFO  server.RaftServerConfigKeys (ConfUtils.java:logGet(46)) - raft.server.log.segment.size.max = 1048576 (custom)
2022-07-12 21:06:22,897 [pool-648-thread-1] INFO  server.RaftServerConfigKeys (ConfUtils.java:logGet(46)) - raft.server.log.preallocated.size = 16384 (custom)
2022-07-12 21:06:22,897 [pool-648-thread-1] INFO  server.RaftServerConfigKeys (ConfUtils.java:logGet(46)) - raft.server.log.force.sync.num = 128 (default)
2022-07-12 21:06:22,897 [pool-648-thread-1] INFO  server.RaftServerConfigKeys (ConfUtils.java:logGet(46)) - raft.server.log.statemachine.data.sync = true (default)
2022-07-12 21:06:22,897 [pool-648-thread-1] INFO  server.RaftServerConfigKeys (ConfUtils.java:logGet(46)) - raft.server.log.statemachine.data.sync.timeout = 10s (default)
2022-07-12 21:06:22,897 [pool-648-thread-1] INFO  server.RaftServerConfigKeys (ConfUtils.java:logGet(46)) - raft.server.log.statemachine.data.sync.timeout.retry = -1 (default)
2022-07-12 21:06:22,898 [pool-648-thread-1] INFO  server.RaftServerConfigKeys (ConfUtils.java:logGet(46)) - raft.server.log.write.buffer.size = 1048576 (custom)
2022-07-12 21:06:22,899 [pool-648-thread-1] INFO  server.RaftServerConfigKeys (ConfUtils.java:logGet(46)) - raft.server.log.unsafe-flush.enabled = false (default)
2022-07-12 21:06:22,899 [pool-648-thread-1] INFO  server.RaftServerConfigKeys (ConfUtils.java:logGet(46)) - raft.server.log.statemachine.data.caching.enabled = true (custom)
2022-07-12 21:06:22,899 [pool-648-thread-1] INFO  segmented.SegmentedRaftLogWorker (SegmentedRaftLogWorker.java:lambda$new$0(135)) - b88517ff-a734-4baa-8e75-48c6a6d5a3f3@group-BE38D2CF02A1-SegmentedRaftLogWorker: flushIndex: setUnconditionally 0 -> -1
2022-07-12 21:06:22,900 [EventQueue-PipelineReportForPipelineReportHandler] INFO  pipeline.PipelineManagerImpl (PipelineManagerImpl.java:openPipeline(359)) - Pipeline Pipeline[ Id: c385bfab-866e-47ef-9f27-be38d2cf02a1, Nodes: b88517ff-a734-4baa-8e75-48c6a6d5a3f3{ip: 10.1.0.20, host: fv-az452-57.ku3lqr0aiaqu5kfj3xdpchcrvd.dx.internal.cloudapp.net, ports: [REPLICATION=35831, RATIS=38005, RATIS_ADMIN=38005, RATIS_SERVER=38005, STANDALONE=34055], networkLocation: /default-rack, certSerialId: null, persistedOpState: IN_SERVICE, persistedOpStateExpiryEpochSec: 0}, ReplicationConfig: RATIS/ONE, State:ALLOCATED, leaderId:b88517ff-a734-4baa-8e75-48c6a6d5a3f3, CreationTimestamp2022-07-12T21:06:19.954Z[Etc/UTC]] moved to OPEN state
2022-07-12 21:06:22,908 [EventQueue-OpenPipelineForHealthyPipelineSafeModeRule] INFO  safemode.SCMSafeModeManager (HealthyPipelineSafeModeRule.java:process(124)) - SCM in safe mode. Healthy pipelines reported count is 0, required healthy pipeline reported count is 1
2022-07-12 21:06:22,908 [pool-648-thread-1] INFO  segmented.SegmentedRaftLogWorker (SegmentedRaftLogWorker.java:lambda$new$0(135)) - b88517ff-a734-4baa-8e75-48c6a6d5a3f3@group-BE38D2CF02A1-SegmentedRaftLogWorker: safeCacheEvictIndex: setUnconditionally 0 -> -1
2022-07-12 21:06:22,923 [pool-648-thread-1] INFO  server.RaftServerConfigKeys (ConfUtils.java:logGet(46)) - raft.server.snapshot.auto.trigger.enabled = true (custom)
2022-07-12 21:06:22,924 [pool-648-thread-1] INFO  server.RaftServerConfigKeys (ConfUtils.java:logGet(46)) - raft.server.snapshot.auto.trigger.threshold = 10000 (custom)
2022-07-12 21:06:22,924 [pool-648-thread-1] INFO  server.RaftServerConfigKeys (ConfUtils.java:logGet(46)) - raft.server.snapshot.retention.file.num = 5 (custom)
2022-07-12 21:06:22,924 [pool-648-thread-1] INFO  server.RaftServerConfigKeys (ConfUtils.java:logGet(46)) - raft.server.log.purge.upto.snapshot.index = false (default)
2022-07-12 21:06:22,924 [pool-648-thread-1] INFO  server.RaftServerConfigKeys (ConfUtils.java:logGet(46)) - raft.server.retrycache.expirytime = 600000ms (custom)
2022-07-12 21:06:22,924 [pool-648-thread-1] INFO  server.RaftServerConfigKeys (ConfUtils.java:logGet(46)) - raft.server.retrycache.statistics.expirytime = 100μs (default)
2022-07-12 21:06:22,925 [pool-648-thread-1] INFO  server.RaftServerConfigKeys (ConfUtils.java:logGet(46)) - raft.server.log.appender.install.snapshot.enabled = false (custom)
2022-07-12 21:06:22,925 [pool-648-thread-1] INFO  server.RaftServerConfigKeys (ConfUtils.java:logGet(46)) - raft.server.threadpool.server.cached = true (default)
2022-07-12 21:06:22,925 [pool-648-thread-1] INFO  server.RaftServerConfigKeys (ConfUtils.java:logGet(46)) - raft.server.threadpool.server.size = 0 (default)
2022-07-12 21:06:22,925 [pool-648-thread-1] INFO  server.RaftServerConfigKeys (ConfUtils.java:logGet(46)) - raft.server.threadpool.client.cached = true (default)
2022-07-12 21:06:22,925 [pool-648-thread-1] INFO  server.RaftServerConfigKeys (ConfUtils.java:logGet(46)) - raft.server.threadpool.client.size = 0 (default)
2022-07-12 21:06:22,925 [pool-648-thread-1] INFO  server.RaftServer$Division (RaftServerImpl.java:start(310)) - b88517ff-a734-4baa-8e75-48c6a6d5a3f3@group-BE38D2CF02A1: start as a follower, conf=-1: [b88517ff-a734-4baa-8e75-48c6a6d5a3f3|rpc:10.1.0.20:38005|priority:1], old=null
2022-07-12 21:06:22,925 [pool-648-thread-1] INFO  server.RaftServer$Division (RaftServerImpl.java:setRole(299)) - b88517ff-a734-4baa-8e75-48c6a6d5a3f3@group-BE38D2CF02A1: changes role from      null to FOLLOWER at term 0 for startAsFollower
2022-07-12 21:06:22,925 [pool-648-thread-1] INFO  impl.RoleInfo (RoleInfo.java:updateAndGet(139)) - b88517ff-a734-4baa-8e75-48c6a6d5a3f3: start b88517ff-a734-4baa-8e75-48c6a6d5a3f3@group-BE38D2CF02A1-FollowerState
2022-07-12 21:06:22,929 [pool-648-thread-1] INFO  util.JmxRegister (JmxRegister.java:tryRegister(44)) - Successfully registered JMX Bean with object name Ratis:service=RaftServer,group=group-BE38D2CF02A1,id=b88517ff-a734-4baa-8e75-48c6a6d5a3f3
2022-07-12 21:06:22,947 [Command processor thread] INFO  ratis.XceiverServerRatis (XceiverServerRatis.java:addGroup(765)) - Created group PipelineID=c385bfab-866e-47ef-9f27-be38d2cf02a1
2022-07-12 21:06:22,948 [Command processor thread] INFO  commandhandler.CreatePipelineCommandHandler (CreatePipelineCommandHandler.java:handle(113)) - Created Pipeline RATIS ONE PipelineID=c385bfab-866e-47ef-9f27-be38d2cf02a1.
2022-07-12 21:06:23,269 [IPC Server handler 2 on default port 43829] INFO  net.NetworkTopologyImpl (NetworkTopologyImpl.java:add(112)) - Added a new node: /default-rack/8bf5e825-cafb-4359-a872-18b2ce7984ce
2022-07-12 21:06:23,269 [IPC Server handler 2 on default port 43829] INFO  node.SCMNodeManager (SCMNodeManager.java:register(397)) - Registered Data node : 8bf5e825-cafb-4359-a872-18b2ce7984ce{ip: 10.1.0.20, host: fv-az452-57.ku3lqr0aiaqu5kfj3xdpchcrvd.dx.internal.cloudapp.net, ports: [REPLICATION=33703, RATIS=44517, RATIS_ADMIN=44517, RATIS_SERVER=44517, STANDALONE=46403], networkLocation: /default-rack, certSerialId: null, persistedOpState: null, persistedOpStateExpiryEpochSec: 0}
2022-07-12 21:06:23,270 [EventQueue-NewNodeForNewNodeHandler] INFO  pipeline.BackgroundPipelineCreator (BackgroundPipelineCreator.java:notifyEventTriggered(275)) - trigger a one-shot run on RatisPipelineUtilsThread.
2022-07-12 21:06:23,270 [RatisPipelineUtilsThread - 0] INFO  pipeline.RatisPipelineProvider (RatisPipelineProvider.java:lambda$create$0(195)) - Sending CreatePipelineCommand for pipeline:PipelineID=d4cf0ec2-e14f-4d20-a34d-301468b227e7 to datanode:8bf5e825-cafb-4359-a872-18b2ce7984ce
2022-07-12 21:06:23,271 [RatisPipelineUtilsThread - 0] INFO  pipeline.PipelineStateManagerImpl (PipelineStateManagerImpl.java:addPipeline(103)) - Created pipeline Pipeline[ Id: d4cf0ec2-e14f-4d20-a34d-301468b227e7, Nodes: 8bf5e825-cafb-4359-a872-18b2ce7984ce{ip: 10.1.0.20, host: fv-az452-57.ku3lqr0aiaqu5kfj3xdpchcrvd.dx.internal.cloudapp.net, ports: [REPLICATION=33703, RATIS=44517, RATIS_ADMIN=44517, RATIS_SERVER=44517, STANDALONE=46403], networkLocation: /default-rack, certSerialId: null, persistedOpState: IN_SERVICE, persistedOpStateExpiryEpochSec: 0}, ReplicationConfig: RATIS/ONE, State:ALLOCATED, leaderId:, CreationTimestamp2022-07-12T21:06:23.270Z[Etc/UTC]].
2022-07-12 21:06:23,485 [Listener at 127.0.0.1/37581] INFO  ozone.MiniOzoneClusterImpl (MiniOzoneClusterImpl.java:lambda$waitForClusterToBeReady$0(223)) - Waiting for nodes to be ready. Got 4 of 5 DN Heartbeats.
2022-07-12 21:06:23,485 [Listener at 127.0.0.1/37581] INFO  ozone.MiniOzoneClusterImpl (MiniOzoneClusterImpl.java:lambda$waitForClusterToBeReady$0(226)) - Waiting for cluster to exit safe mode
2022-07-12 21:06:23,485 [Listener at 127.0.0.1/37581] INFO  ozone.MiniOzoneClusterImpl (MiniOzoneClusterImpl.java:lambda$waitForClusterToBeReady$0(228)) - SCM became leader
2022-07-12 21:06:24,486 [Listener at 127.0.0.1/37581] INFO  ozone.MiniOzoneClusterImpl (MiniOzoneClusterImpl.java:lambda$waitForClusterToBeReady$0(223)) - Waiting for nodes to be ready. Got 4 of 5 DN Heartbeats.
2022-07-12 21:06:24,486 [Listener at 127.0.0.1/37581] INFO  ozone.MiniOzoneClusterImpl (MiniOzoneClusterImpl.java:lambda$waitForClusterToBeReady$0(226)) - Waiting for cluster to exit safe mode
2022-07-12 21:06:24,486 [Listener at 127.0.0.1/37581] INFO  ozone.MiniOzoneClusterImpl (MiniOzoneClusterImpl.java:lambda$waitForClusterToBeReady$0(228)) - SCM became leader
2022-07-12 21:06:24,616 [IPC Server handler 9 on default port 43829] INFO  net.NetworkTopologyImpl (NetworkTopologyImpl.java:add(112)) - Added a new node: /default-rack/0047f0d6-cad6-4c01-8720-7c34e3f82305
2022-07-12 21:06:24,616 [IPC Server handler 9 on default port 43829] INFO  node.SCMNodeManager (SCMNodeManager.java:register(397)) - Registered Data node : 0047f0d6-cad6-4c01-8720-7c34e3f82305{ip: 10.1.0.20, host: fv-az452-57.ku3lqr0aiaqu5kfj3xdpchcrvd.dx.internal.cloudapp.net, ports: [REPLICATION=44005, RATIS=43179, RATIS_ADMIN=43179, RATIS_SERVER=43179, STANDALONE=34315], networkLocation: /default-rack, certSerialId: null, persistedOpState: null, persistedOpStateExpiryEpochSec: 0}
2022-07-12 21:06:24,616 [EventQueue-NewNodeForNewNodeHandler] INFO  pipeline.BackgroundPipelineCreator (BackgroundPipelineCreator.java:notifyEventTriggered(275)) - trigger a one-shot run on RatisPipelineUtilsThread.
2022-07-12 21:06:24,617 [RatisPipelineUtilsThread - 0] INFO  pipeline.RatisPipelineProvider (RatisPipelineProvider.java:lambda$create$0(195)) - Sending CreatePipelineCommand for pipeline:PipelineID=e625bbb4-f795-494b-8b0e-e5193e0a4bde to datanode:0047f0d6-cad6-4c01-8720-7c34e3f82305
2022-07-12 21:06:24,617 [RatisPipelineUtilsThread - 0] INFO  pipeline.PipelineStateManagerImpl (PipelineStateManagerImpl.java:addPipeline(103)) - Created pipeline Pipeline[ Id: e625bbb4-f795-494b-8b0e-e5193e0a4bde, Nodes: 0047f0d6-cad6-4c01-8720-7c34e3f82305{ip: 10.1.0.20, host: fv-az452-57.ku3lqr0aiaqu5kfj3xdpchcrvd.dx.internal.cloudapp.net, ports: [REPLICATION=44005, RATIS=43179, RATIS_ADMIN=43179, RATIS_SERVER=43179, STANDALONE=34315], networkLocation: /default-rack, certSerialId: null, persistedOpState: IN_SERVICE, persistedOpStateExpiryEpochSec: 0}, ReplicationConfig: RATIS/ONE, State:ALLOCATED, leaderId:, CreationTimestamp2022-07-12T21:06:24.617Z[Etc/UTC]].
2022-07-12 21:06:25,486 [Listener at 127.0.0.1/37581] INFO  ozone.MiniOzoneClusterImpl (MiniOzoneClusterImpl.java:lambda$waitForClusterToBeReady$0(223)) - Nodes are ready. Got 5 of 5 DN Heartbeats.
2022-07-12 21:06:25,486 [Listener at 127.0.0.1/37581] INFO  ozone.MiniOzoneClusterImpl (MiniOzoneClusterImpl.java:lambda$waitForClusterToBeReady$0(226)) - Waiting for cluster to exit safe mode
2022-07-12 21:06:25,486 [Listener at 127.0.0.1/37581] INFO  ozone.MiniOzoneClusterImpl (MiniOzoneClusterImpl.java:lambda$waitForClusterToBeReady$0(228)) - SCM became leader
2022-07-12 21:06:26,279 [Command processor thread] INFO  server.RaftServer (RaftServerProxy.java:addNew(96)) - 8bf5e825-cafb-4359-a872-18b2ce7984ce: addNew group-301468B227E7:[8bf5e825-cafb-4359-a872-18b2ce7984ce|rpc:10.1.0.20:44517|priority:1] returns group-301468B227E7:java.util.concurrent.CompletableFuture@75ec59aa[Not completed]
2022-07-12 21:06:26,304 [pool-699-thread-1] INFO  server.RaftServer$Division (RaftServerImpl.java:<init>(190)) - 8bf5e825-cafb-4359-a872-18b2ce7984ce: new RaftServerImpl for group-301468B227E7:[8bf5e825-cafb-4359-a872-18b2ce7984ce|rpc:10.1.0.20:44517|priority:1] with ContainerStateMachine:uninitialized
2022-07-12 21:06:26,304 [pool-699-thread-1] INFO  server.RaftServerConfigKeys (ConfUtils.java:logGet(46)) - raft.server.rpc.timeout.min = 5s (custom)
2022-07-12 21:06:26,304 [pool-699-thread-1] INFO  server.RaftServerConfigKeys (ConfUtils.java:logGet(46)) - raft.server.rpc.timeout.max = 5200ms (custom)
2022-07-12 21:06:26,304 [pool-699-thread-1] INFO  server.RaftServerConfigKeys (ConfUtils.java:logGet(46)) - raft.server.rpc.sleep.time = 25ms (default)
2022-07-12 21:06:26,304 [pool-699-thread-1] INFO  server.RaftServerConfigKeys (ConfUtils.java:logGet(46)) - raft.server.rpc.slowness.timeout = 300s (custom)
2022-07-12 21:06:26,304 [pool-699-thread-1] INFO  server.RaftServerConfigKeys (ConfUtils.java:logGet(46)) - raft.server.leaderelection.leader.step-down.wait-time = 10s (default)
2022-07-12 21:06:26,304 [pool-699-thread-1] INFO  server.RaftServerConfigKeys (ConfUtils.java:logGet(46)) - raft.server.sleep.deviation.threshold = 300ms (default)
2022-07-12 21:06:26,304 [pool-699-thread-1] INFO  server.RaftServer$Division (ServerState.java:<init>(107)) - 8bf5e825-cafb-4359-a872-18b2ce7984ce@group-301468B227E7: ConfigurationManager, init=-1: [8bf5e825-cafb-4359-a872-18b2ce7984ce|rpc:10.1.0.20:44517|priority:1], old=null, confs=<EMPTY_MAP>
2022-07-12 21:06:26,304 [pool-699-thread-1] INFO  server.RaftServerConfigKeys (ConfUtils.java:logGet(46)) - raft.server.storage.dir = [/home/runner/work/ozone/ozone/hadoop-ozone/integration-test/target/test-dir/MiniOzoneClusterImpl-f732ff5a-6050-490e-9ecc-7e3ed1996e94/datanode-3/data/ratis] (custom)
2022-07-12 21:06:26,304 [pool-699-thread-1] INFO  server.RaftServerConfigKeys (ConfUtils.java:logGet(46)) - raft.server.log.corruption.policy = EXCEPTION (default)
2022-07-12 21:06:26,305 [pool-699-thread-1] INFO  server.RaftServerConfigKeys (ConfUtils.java:logGet(46)) - raft.server.storage.free-space.min = 0MB (=0) (default)
2022-07-12 21:06:26,305 [pool-699-thread-1] INFO  storage.RaftStorageDirectory (RaftStorageDirectoryImpl.java:analyzeStorage(135)) - The storage directory /home/runner/work/ozone/ozone/hadoop-ozone/integration-test/target/test-dir/MiniOzoneClusterImpl-f732ff5a-6050-490e-9ecc-7e3ed1996e94/datanode-3/data/ratis/d4cf0ec2-e14f-4d20-a34d-301468b227e7 does not exist. Creating ...
2022-07-12 21:06:26,320 [pool-699-thread-1] INFO  storage.RaftStorageDirectory (RaftStorageDirectoryImpl.java:tryLock(230)) - Lock on /home/runner/work/ozone/ozone/hadoop-ozone/integration-test/target/test-dir/MiniOzoneClusterImpl-f732ff5a-6050-490e-9ecc-7e3ed1996e94/datanode-3/data/ratis/d4cf0ec2-e14f-4d20-a34d-301468b227e7/in_use.lock acquired by nodename 31611@fv-az452-57
2022-07-12 21:06:26,324 [pool-699-thread-1] INFO  storage.RaftStorage (RaftStorageImpl.java:format(89)) - Storage directory /home/runner/work/ozone/ozone/hadoop-ozone/integration-test/target/test-dir/MiniOzoneClusterImpl-f732ff5a-6050-490e-9ecc-7e3ed1996e94/datanode-3/data/ratis/d4cf0ec2-e14f-4d20-a34d-301468b227e7 has been successfully formatted.
2022-07-12 21:06:26,341 [pool-699-thread-1] INFO  ratis.ContainerStateMachine (ContainerStateMachine.java:loadSnapshot(236)) - group-301468B227E7: The snapshot info is null. Setting the last applied indexto:(t:0, i:~)
2022-07-12 21:06:26,341 [pool-699-thread-1] INFO  server.RaftServerConfigKeys (ConfUtils.java:logGet(46)) - raft.server.notification.no-leader.timeout = 300s (custom)
2022-07-12 21:06:26,341 [pool-699-thread-1] INFO  server.RaftServerConfigKeys (ConfUtils.java:logGet(46)) - raft.server.log.use.memory = false (default)
2022-07-12 21:06:26,341 [pool-699-thread-1] INFO  server.RaftServerConfigKeys (ConfUtils.java:logGet(46)) - raft.server.log.purge.gap = 1000000 (custom)
2022-07-12 21:06:26,341 [pool-699-thread-1] INFO  server.RaftServerConfigKeys (ConfUtils.java:logGet(46)) - raft.server.log.appender.buffer.byte-limit = 33554432 (custom)
2022-07-12 21:06:26,341 [pool-699-thread-1] INFO  server.RaftServerConfigKeys (ConfUtils.java:logGet(46)) - raft.server.log.statemachine.data.read.timeout = 1000ms (default)
2022-07-12 21:06:26,342 [pool-699-thread-1] INFO  server.RaftServerConfigKeys (ConfUtils.java:logGet(46)) - raft.server.log.segment.size.max = 1048576 (custom)
2022-07-12 21:06:26,342 [pool-699-thread-1] INFO  server.RaftServerConfigKeys (ConfUtils.java:logGet(46)) - raft.server.log.segment.cache.num.max = 2 (custom)
2022-07-12 21:06:26,342 [pool-699-thread-1] INFO  server.RaftServerConfigKeys (ConfUtils.java:logGet(46)) - raft.server.log.segment.cache.size.max = 200MB (=209715200) (default)
2022-07-12 21:06:26,342 [pool-699-thread-1] INFO  segmented.SegmentedRaftLogWorker (SegmentedRaftLogWorker.java:<init>(187)) - new 8bf5e825-cafb-4359-a872-18b2ce7984ce@group-301468B227E7-SegmentedRaftLogWorker for RaftStorageImpl:Storage Directory /home/runner/work/ozone/ozone/hadoop-ozone/integration-test/target/test-dir/MiniOzoneClusterImpl-f732ff5a-6050-490e-9ecc-7e3ed1996e94/datanode-3/data/ratis/d4cf0ec2-e14f-4d20-a34d-301468b227e7
2022-07-12 21:06:26,342 [pool-699-thread-1] INFO  server.RaftServerConfigKeys (ConfUtils.java:logGet(46)) - raft.server.log.queue.byte-limit = 4294967296 (custom)
2022-07-12 21:06:26,342 [pool-699-thread-1] INFO  server.RaftServerConfigKeys (ConfUtils.java:logGet(46)) - raft.server.log.queue.element-limit = 1024 (custom)
2022-07-12 21:06:26,342 [pool-699-thread-1] INFO  server.RaftServerConfigKeys (ConfUtils.java:logGet(46)) - raft.server.log.segment.size.max = 1048576 (custom)
2022-07-12 21:06:26,342 [pool-699-thread-1] INFO  server.RaftServerConfigKeys (ConfUtils.java:logGet(46)) - raft.server.log.preallocated.size = 16384 (custom)
2022-07-12 21:06:26,342 [pool-699-thread-1] INFO  server.RaftServerConfigKeys (ConfUtils.java:logGet(46)) - raft.server.log.force.sync.num = 128 (default)
2022-07-12 21:06:26,342 [pool-699-thread-1] INFO  server.RaftServerConfigKeys (ConfUtils.java:logGet(46)) - raft.server.log.statemachine.data.sync = true (default)
2022-07-12 21:06:26,342 [pool-699-thread-1] INFO  server.RaftServerConfigKeys (ConfUtils.java:logGet(46)) - raft.server.log.statemachine.data.sync.timeout = 10s (default)
2022-07-12 21:06:26,342 [pool-699-thread-1] INFO  server.RaftServerConfigKeys (ConfUtils.java:logGet(46)) - raft.server.log.statemachine.data.sync.timeout.retry = -1 (default)
2022-07-12 21:06:26,343 [pool-699-thread-1] INFO  server.RaftServerConfigKeys (ConfUtils.java:logGet(46)) - raft.server.log.write.buffer.size = 1048576 (custom)
2022-07-12 21:06:26,344 [pool-699-thread-1] INFO  server.RaftServerConfigKeys (ConfUtils.java:logGet(46)) - raft.server.log.unsafe-flush.enabled = false (default)
2022-07-12 21:06:26,344 [pool-699-thread-1] INFO  server.RaftServerConfigKeys (ConfUtils.java:logGet(46)) - raft.server.log.statemachine.data.caching.enabled = true (custom)
2022-07-12 21:06:26,344 [pool-699-thread-1] INFO  segmented.SegmentedRaftLogWorker (SegmentedRaftLogWorker.java:lambda$new$0(135)) - 8bf5e825-cafb-4359-a872-18b2ce7984ce@group-301468B227E7-SegmentedRaftLogWorker: flushIndex: setUnconditionally 0 -> -1
2022-07-12 21:06:26,344 [pool-699-thread-1] INFO  segmented.SegmentedRaftLogWorker (SegmentedRaftLogWorker.java:lambda$new$0(135)) - 8bf5e825-cafb-4359-a872-18b2ce7984ce@group-301468B227E7-SegmentedRaftLogWorker: safeCacheEvictIndex: setUnconditionally 0 -> -1
2022-07-12 21:06:26,345 [EventQueue-PipelineReportForPipelineReportHandler] INFO  pipeline.PipelineManagerImpl (PipelineManagerImpl.java:openPipeline(359)) - Pipeline Pipeline[ Id: d4cf0ec2-e14f-4d20-a34d-301468b227e7, Nodes: 8bf5e825-cafb-4359-a872-18b2ce7984ce{ip: 10.1.0.20, host: fv-az452-57.ku3lqr0aiaqu5kfj3xdpchcrvd.dx.internal.cloudapp.net, ports: [REPLICATION=33703, RATIS=44517, RATIS_ADMIN=44517, RATIS_SERVER=44517, STANDALONE=46403], networkLocation: /default-rack, certSerialId: null, persistedOpState: IN_SERVICE, persistedOpStateExpiryEpochSec: 0}, ReplicationConfig: RATIS/ONE, State:ALLOCATED, leaderId:8bf5e825-cafb-4359-a872-18b2ce7984ce, CreationTimestamp2022-07-12T21:06:23.270Z[Etc/UTC]] moved to OPEN state
2022-07-12 21:06:26,346 [EventQueue-OpenPipelineForHealthyPipelineSafeModeRule] INFO  safemode.SCMSafeModeManager (HealthyPipelineSafeModeRule.java:process(124)) - SCM in safe mode. Healthy pipelines reported count is 0, required healthy pipeline reported count is 1
2022-07-12 21:06:26,355 [pool-699-thread-1] INFO  server.RaftServerConfigKeys (ConfUtils.java:logGet(46)) - raft.server.snapshot.auto.trigger.enabled = true (custom)
2022-07-12 21:06:26,356 [pool-699-thread-1] INFO  server.RaftServerConfigKeys (ConfUtils.java:logGet(46)) - raft.server.snapshot.auto.trigger.threshold = 10000 (custom)
2022-07-12 21:06:26,356 [pool-699-thread-1] INFO  server.RaftServerConfigKeys (ConfUtils.java:logGet(46)) - raft.server.snapshot.retention.file.num = 5 (custom)
2022-07-12 21:06:26,356 [pool-699-thread-1] INFO  server.RaftServerConfigKeys (ConfUtils.java:logGet(46)) - raft.server.log.purge.upto.snapshot.index = false (default)
2022-07-12 21:06:26,356 [pool-699-thread-1] INFO  server.RaftServerConfigKeys (ConfUtils.java:logGet(46)) - raft.server.retrycache.expirytime = 600000ms (custom)
2022-07-12 21:06:26,356 [pool-699-thread-1] INFO  server.RaftServerConfigKeys (ConfUtils.java:logGet(46)) - raft.server.retrycache.statistics.expirytime = 100μs (default)
2022-07-12 21:06:26,357 [pool-699-thread-1] INFO  server.RaftServerConfigKeys (ConfUtils.java:logGet(46)) - raft.server.log.appender.install.snapshot.enabled = false (custom)
2022-07-12 21:06:26,357 [pool-699-thread-1] INFO  server.RaftServerConfigKeys (ConfUtils.java:logGet(46)) - raft.server.threadpool.server.cached = true (default)
2022-07-12 21:06:26,357 [pool-699-thread-1] INFO  server.RaftServerConfigKeys (ConfUtils.java:logGet(46)) - raft.server.threadpool.server.size = 0 (default)
2022-07-12 21:06:26,357 [pool-699-thread-1] INFO  server.RaftServerConfigKeys (ConfUtils.java:logGet(46)) - raft.server.threadpool.client.cached = true (default)
2022-07-12 21:06:26,357 [pool-699-thread-1] INFO  server.RaftServerConfigKeys (ConfUtils.java:logGet(46)) - raft.server.threadpool.client.size = 0 (default)
2022-07-12 21:06:26,357 [pool-699-thread-1] INFO  server.RaftServer$Division (RaftServerImpl.java:start(310)) - 8bf5e825-cafb-4359-a872-18b2ce7984ce@group-301468B227E7: start as a follower, conf=-1: [8bf5e825-cafb-4359-a872-18b2ce7984ce|rpc:10.1.0.20:44517|priority:1], old=null
2022-07-12 21:06:26,357 [pool-699-thread-1] INFO  server.RaftServer$Division (RaftServerImpl.java:setRole(299)) - 8bf5e825-cafb-4359-a872-18b2ce7984ce@group-301468B227E7: changes role from      null to FOLLOWER at term 0 for startAsFollower
2022-07-12 21:06:26,357 [pool-699-thread-1] INFO  impl.RoleInfo (RoleInfo.java:updateAndGet(139)) - 8bf5e825-cafb-4359-a872-18b2ce7984ce: start 8bf5e825-cafb-4359-a872-18b2ce7984ce@group-301468B227E7-FollowerState
2022-07-12 21:06:26,395 [pool-699-thread-1] INFO  util.JmxRegister (JmxRegister.java:tryRegister(44)) - Successfully registered JMX Bean with object name Ratis:service=RaftServer,group=group-301468B227E7,id=8bf5e825-cafb-4359-a872-18b2ce7984ce
2022-07-12 21:06:26,396 [Command processor thread] INFO  ratis.XceiverServerRatis (XceiverServerRatis.java:addGroup(765)) - Created group PipelineID=d4cf0ec2-e14f-4d20-a34d-301468b227e7
2022-07-12 21:06:26,396 [Command processor thread] INFO  commandhandler.CreatePipelineCommandHandler (CreatePipelineCommandHandler.java:handle(113)) - Created Pipeline RATIS ONE PipelineID=d4cf0ec2-e14f-4d20-a34d-301468b227e7.
2022-07-12 21:06:26,487 [Listener at 127.0.0.1/37581] INFO  ozone.MiniOzoneClusterImpl (MiniOzoneClusterImpl.java:lambda$waitForClusterToBeReady$0(223)) - Nodes are ready. Got 5 of 5 DN Heartbeats.
2022-07-12 21:06:26,487 [Listener at 127.0.0.1/37581] INFO  ozone.MiniOzoneClusterImpl (MiniOzoneClusterImpl.java:lambda$waitForClusterToBeReady$0(226)) - Waiting for cluster to exit safe mode
2022-07-12 21:06:26,487 [Listener at 127.0.0.1/37581] INFO  ozone.MiniOzoneClusterImpl (MiniOzoneClusterImpl.java:lambda$waitForClusterToBeReady$0(228)) - SCM became leader
2022-07-12 21:06:26,733 [6d03a90d-b393-4c2b-aa32-f45668f1c5ca@group-80B490EA56BA-FollowerState] INFO  impl.FollowerState (FollowerState.java:run(143)) - 6d03a90d-b393-4c2b-aa32-f45668f1c5ca@group-80B490EA56BA-FollowerState: change to CANDIDATE, lastRpcElapsedTime:5081097801ns, electionTimeout:5077ms
2022-07-12 21:06:26,734 [6d03a90d-b393-4c2b-aa32-f45668f1c5ca@group-80B490EA56BA-FollowerState] INFO  impl.RoleInfo (RoleInfo.java:shutdownFollowerState(110)) - 6d03a90d-b393-4c2b-aa32-f45668f1c5ca: shutdown 6d03a90d-b393-4c2b-aa32-f45668f1c5ca@group-80B490EA56BA-FollowerState
2022-07-12 21:06:26,734 [6d03a90d-b393-4c2b-aa32-f45668f1c5ca@group-80B490EA56BA-FollowerState] INFO  server.RaftServer$Division (RaftServerImpl.java:setRole(299)) - 6d03a90d-b393-4c2b-aa32-f45668f1c5ca@group-80B490EA56BA: changes role from  FOLLOWER to CANDIDATE at term 0 for changeToCandidate
2022-07-12 21:06:26,734 [6d03a90d-b393-4c2b-aa32-f45668f1c5ca@group-80B490EA56BA-FollowerState] INFO  server.RaftServerConfigKeys (ConfUtils.java:logGet(46)) - raft.server.leaderelection.pre-vote = false (custom)
2022-07-12 21:06:26,734 [6d03a90d-b393-4c2b-aa32-f45668f1c5ca@group-80B490EA56BA-FollowerState] INFO  impl.RoleInfo (RoleInfo.java:updateAndGet(139)) - 6d03a90d-b393-4c2b-aa32-f45668f1c5ca: start 6d03a90d-b393-4c2b-aa32-f45668f1c5ca@group-80B490EA56BA-LeaderElection27
2022-07-12 21:06:26,800 [6d03a90d-b393-4c2b-aa32-f45668f1c5ca@group-80B490EA56BA-LeaderElection27] INFO  impl.LeaderElection (LeaderElection.java:askForVotes(310)) - 6d03a90d-b393-4c2b-aa32-f45668f1c5ca@group-80B490EA56BA-LeaderElection27 ELECTION round 0: submit vote requests at term 1 for -1: [6d03a90d-b393-4c2b-aa32-f45668f1c5ca|rpc:10.1.0.20:39877|priority:1], old=null
2022-07-12 21:06:26,800 [6d03a90d-b393-4c2b-aa32-f45668f1c5ca@group-80B490EA56BA-LeaderElection27] INFO  impl.LeaderElection (LeaderElection.java:askForVotes(312)) - 6d03a90d-b393-4c2b-aa32-f45668f1c5ca@group-80B490EA56BA-LeaderElection27 ELECTION round 0: result PASSED (term=1)
2022-07-12 21:06:26,800 [6d03a90d-b393-4c2b-aa32-f45668f1c5ca@group-80B490EA56BA-LeaderElection27] INFO  impl.RoleInfo (RoleInfo.java:shutdownLeaderElection(130)) - 6d03a90d-b393-4c2b-aa32-f45668f1c5ca: shutdown 6d03a90d-b393-4c2b-aa32-f45668f1c5ca@group-80B490EA56BA-LeaderElection27
2022-07-12 21:06:26,800 [6d03a90d-b393-4c2b-aa32-f45668f1c5ca@group-80B490EA56BA-LeaderElection27] INFO  server.RaftServer$Division (RaftServerImpl.java:setRole(299)) - 6d03a90d-b393-4c2b-aa32-f45668f1c5ca@group-80B490EA56BA: changes role from CANDIDATE to LEADER at term 1 for changeToLeader
2022-07-12 21:06:26,800 [6d03a90d-b393-4c2b-aa32-f45668f1c5ca@group-80B490EA56BA-LeaderElection27] INFO  ratis.XceiverServerRatis (XceiverServerRatis.java:handleLeaderChangedNotification(863)) - Leader change notification received for group: group-80B490EA56BA with new leaderId: 6d03a90d-b393-4c2b-aa32-f45668f1c5ca
2022-07-12 21:06:26,800 [6d03a90d-b393-4c2b-aa32-f45668f1c5ca@group-80B490EA56BA-LeaderElection27] INFO  server.RaftServer$Division (ServerState.java:setLeader(287)) - 6d03a90d-b393-4c2b-aa32-f45668f1c5ca@group-80B490EA56BA: change Leader from null to 6d03a90d-b393-4c2b-aa32-f45668f1c5ca at term 1 for becomeLeader, leader elected after 5163ms
2022-07-12 21:06:26,801 [6d03a90d-b393-4c2b-aa32-f45668f1c5ca@group-80B490EA56BA-LeaderElection27] INFO  server.RaftServerConfigKeys (ConfUtils.java:logGet(46)) - raft.server.staging.catchup.gap = 1000 (default)
2022-07-12 21:06:26,801 [6d03a90d-b393-4c2b-aa32-f45668f1c5ca@group-80B490EA56BA-LeaderElection27] INFO  server.RaftServerConfigKeys (ConfUtils.java:logGet(46)) - raft.server.write.element-limit = 1024 (custom)
2022-07-12 21:06:26,801 [6d03a90d-b393-4c2b-aa32-f45668f1c5ca@group-80B490EA56BA-LeaderElection27] INFO  server.RaftServerConfigKeys (ConfUtils.java:logGet(46)) - raft.server.write.byte-limit = 1024 M (=1073741824) (custom)
2022-07-12 21:06:26,801 [6d03a90d-b393-4c2b-aa32-f45668f1c5ca@group-80B490EA56BA-LeaderElection27] INFO  server.RaftServerConfigKeys (ConfUtils.java:logGet(46)) - raft.server.watch.timeout = 180s (custom)
2022-07-12 21:06:26,801 [6d03a90d-b393-4c2b-aa32-f45668f1c5ca@group-80B490EA56BA-LeaderElection27] INFO  server.RaftServerConfigKeys (ConfUtils.java:logGet(46)) - raft.server.watch.timeout.denomination = 1s (default)
2022-07-12 21:06:26,801 [6d03a90d-b393-4c2b-aa32-f45668f1c5ca@group-80B490EA56BA-LeaderElection27] INFO  server.RaftServerConfigKeys (ConfUtils.java:logGet(46)) - raft.server.watch.element-limit = 65536 (default)
2022-07-12 21:06:26,804 [EventQueue-OpenPipelineForHealthyPipelineSafeModeRule] INFO  safemode.SCMSafeModeManager (HealthyPipelineSafeModeRule.java:process(124)) - SCM in safe mode. Healthy pipelines reported count is 0, required healthy pipeline reported count is 1
2022-07-12 21:06:26,804 [6d03a90d-b393-4c2b-aa32-f45668f1c5ca@group-80B490EA56BA-LeaderElection27] INFO  server.RaftServerConfigKeys (ConfUtils.java:logGet(46)) - raft.server.write.element-limit = 1024 (custom)
2022-07-12 21:06:26,804 [6d03a90d-b393-4c2b-aa32-f45668f1c5ca@group-80B490EA56BA-LeaderElection27] INFO  server.RaftServerConfigKeys (ConfUtils.java:logGet(46)) - raft.server.write.follower.gap.ratio.max = -1.0 (default)
2022-07-12 21:06:26,804 [6d03a90d-b393-4c2b-aa32-f45668f1c5ca@group-80B490EA56BA-LeaderElection27] INFO  impl.RoleInfo (RoleInfo.java:updateAndGet(139)) - 6d03a90d-b393-4c2b-aa32-f45668f1c5ca: start 6d03a90d-b393-4c2b-aa32-f45668f1c5ca@group-80B490EA56BA-LeaderStateImpl
2022-07-12 21:06:26,804 [6d03a90d-b393-4c2b-aa32-f45668f1c5ca@group-80B490EA56BA-LeaderElection27] INFO  segmented.SegmentedRaftLogWorker (SegmentedRaftLogWorker.java:startLogSegment(425)) - 6d03a90d-b393-4c2b-aa32-f45668f1c5ca@group-80B490EA56BA-SegmentedRaftLogWorker: Starting segment from index:0
2022-07-12 21:06:26,816 [6d03a90d-b393-4c2b-aa32-f45668f1c5ca@group-80B490EA56BA-LeaderElection27] INFO  server.RaftServer$Division (ServerState.java:setRaftConf(393)) - 6d03a90d-b393-4c2b-aa32-f45668f1c5ca@group-80B490EA56BA: set configuration 0: [6d03a90d-b393-4c2b-aa32-f45668f1c5ca|rpc:10.1.0.20:39877|dataStream:|priority:1], old=null
2022-07-12 21:06:26,840 [6d03a90d-b393-4c2b-aa32-f45668f1c5ca@group-80B490EA56BA-SegmentedRaftLogWorker] INFO  segmented.SegmentedRaftLogWorker (SegmentedRaftLogWorker.java:execute(629)) - 6d03a90d-b393-4c2b-aa32-f45668f1c5ca@group-80B490EA56BA-SegmentedRaftLogWorker: created new log segment /home/runner/work/ozone/ozone/hadoop-ozone/integration-test/target/test-dir/MiniOzoneClusterImpl-f732ff5a-6050-490e-9ecc-7e3ed1996e94/datanode-0/data/ratis/6d53d6aa-1dc4-4b11-bf8d-80b490ea56ba/current/log_inprogress_0
2022-07-12 21:06:26,855 [6d03a90d-b393-4c2b-aa32-f45668f1c5ca@group-C0EB019A3F66-FollowerState] INFO  impl.FollowerState (FollowerState.java:run(143)) - 6d03a90d-b393-4c2b-aa32-f45668f1c5ca@group-C0EB019A3F66-FollowerState: change to CANDIDATE, lastRpcElapsedTime:5125699785ns, electionTimeout:5113ms
2022-07-12 21:06:26,856 [6d03a90d-b393-4c2b-aa32-f45668f1c5ca@group-C0EB019A3F66-FollowerState] INFO  impl.RoleInfo (RoleInfo.java:shutdownFollowerState(110)) - 6d03a90d-b393-4c2b-aa32-f45668f1c5ca: shutdown 6d03a90d-b393-4c2b-aa32-f45668f1c5ca@group-C0EB019A3F66-FollowerState
2022-07-12 21:06:26,856 [6d03a90d-b393-4c2b-aa32-f45668f1c5ca@group-C0EB019A3F66-FollowerState] INFO  server.RaftServer$Division (RaftServerImpl.java:setRole(299)) - 6d03a90d-b393-4c2b-aa32-f45668f1c5ca@group-C0EB019A3F66: changes role from  FOLLOWER to CANDIDATE at term 0 for changeToCandidate
2022-07-12 21:06:26,856 [6d03a90d-b393-4c2b-aa32-f45668f1c5ca@group-C0EB019A3F66-FollowerState] INFO  server.RaftServerConfigKeys (ConfUtils.java:logGet(46)) - raft.server.leaderelection.pre-vote = false (custom)
2022-07-12 21:06:26,856 [6d03a90d-b393-4c2b-aa32-f45668f1c5ca@group-C0EB019A3F66-FollowerState] INFO  impl.RoleInfo (RoleInfo.java:updateAndGet(139)) - 6d03a90d-b393-4c2b-aa32-f45668f1c5ca: start 6d03a90d-b393-4c2b-aa32-f45668f1c5ca@group-C0EB019A3F66-LeaderElection28
2022-07-12 21:06:26,919 [6d03a90d-b393-4c2b-aa32-f45668f1c5ca@group-C0EB019A3F66-LeaderElection28] INFO  impl.LeaderElection (LeaderElection.java:askForVotes(310)) - 6d03a90d-b393-4c2b-aa32-f45668f1c5ca@group-C0EB019A3F66-LeaderElection28 ELECTION round 0: submit vote requests at term 1 for -1: [b88517ff-a734-4baa-8e75-48c6a6d5a3f3|rpc:10.1.0.20:38005|priority:1, 6d03a90d-b393-4c2b-aa32-f45668f1c5ca|rpc:10.1.0.20:39877|priority:0, ac679b26-c737-4eb4-ba39-fe3b144a3424|rpc:10.1.0.20:34833|priority:0], old=null
2022-07-12 21:06:27,068 [grpc-default-executor-1] INFO  server.RaftServer$Division (RaftServerImpl.java:requestVote(1152)) - b88517ff-a734-4baa-8e75-48c6a6d5a3f3@group-C0EB019A3F66: receive requestVote(ELECTION, 6d03a90d-b393-4c2b-aa32-f45668f1c5ca, group-C0EB019A3F66, 1, (t:0, i:0))
2022-07-12 21:06:27,069 [grpc-default-executor-1] INFO  impl.VoteContext (VoteContext.java:log(48)) - b88517ff-a734-4baa-8e75-48c6a6d5a3f3@group-C0EB019A3F66-FOLLOWER: reject ELECTION from 6d03a90d-b393-4c2b-aa32-f45668f1c5ca: our priority 1 > candidate's priority 0
2022-07-12 21:06:27,069 [grpc-default-executor-1] INFO  server.RaftServer$Division (RaftServerImpl.java:setRole(299)) - b88517ff-a734-4baa-8e75-48c6a6d5a3f3@group-C0EB019A3F66: changes role from  FOLLOWER to FOLLOWER at term 1 for candidate:6d03a90d-b393-4c2b-aa32-f45668f1c5ca
2022-07-12 21:06:27,069 [grpc-default-executor-1] INFO  impl.RoleInfo (RoleInfo.java:shutdownFollowerState(110)) - b88517ff-a734-4baa-8e75-48c6a6d5a3f3: shutdown b88517ff-a734-4baa-8e75-48c6a6d5a3f3@group-C0EB019A3F66-FollowerState
2022-07-12 21:06:27,069 [grpc-default-executor-1] INFO  impl.RoleInfo (RoleInfo.java:updateAndGet(139)) - b88517ff-a734-4baa-8e75-48c6a6d5a3f3: start b88517ff-a734-4baa-8e75-48c6a6d5a3f3@group-C0EB019A3F66-FollowerState
2022-07-12 21:06:27,069 [b88517ff-a734-4baa-8e75-48c6a6d5a3f3@group-C0EB019A3F66-FollowerState] INFO  impl.FollowerState (FollowerState.java:run(152)) - b88517ff-a734-4baa-8e75-48c6a6d5a3f3@group-C0EB019A3F66-FollowerState was interrupted
2022-07-12 21:06:27,084 [grpc-default-executor-0] INFO  server.RaftServer$Division (RaftServerImpl.java:requestVote(1152)) - ac679b26-c737-4eb4-ba39-fe3b144a3424@group-C0EB019A3F66: receive requestVote(ELECTION, 6d03a90d-b393-4c2b-aa32-f45668f1c5ca, group-C0EB019A3F66, 1, (t:0, i:0))
2022-07-12 21:06:27,084 [grpc-default-executor-0] INFO  impl.VoteContext (VoteContext.java:log(48)) - ac679b26-c737-4eb4-ba39-fe3b144a3424@group-C0EB019A3F66-FOLLOWER: accept ELECTION from 6d03a90d-b393-4c2b-aa32-f45668f1c5ca: our priority 0 <= candidate's priority 0
2022-07-12 21:06:27,084 [grpc-default-executor-0] INFO  server.RaftServer$Division (RaftServerImpl.java:setRole(299)) - ac679b26-c737-4eb4-ba39-fe3b144a3424@group-C0EB019A3F66: changes role from  FOLLOWER to FOLLOWER at term 1 for candidate:6d03a90d-b393-4c2b-aa32-f45668f1c5ca
2022-07-12 21:06:27,084 [grpc-default-executor-0] INFO  impl.RoleInfo (RoleInfo.java:shutdownFollowerState(110)) - ac679b26-c737-4eb4-ba39-fe3b144a3424: shutdown ac679b26-c737-4eb4-ba39-fe3b144a3424@group-C0EB019A3F66-FollowerState
2022-07-12 21:06:27,084 [grpc-default-executor-0] INFO  impl.RoleInfo (RoleInfo.java:updateAndGet(139)) - ac679b26-c737-4eb4-ba39-fe3b144a3424: start ac679b26-c737-4eb4-ba39-fe3b144a3424@group-C0EB019A3F66-FollowerState
2022-07-12 21:06:27,084 [ac679b26-c737-4eb4-ba39-fe3b144a3424@group-C0EB019A3F66-FollowerState] INFO  impl.FollowerState (FollowerState.java:run(152)) - ac679b26-c737-4eb4-ba39-fe3b144a3424@group-C0EB019A3F66-FollowerState was interrupted
2022-07-12 21:06:27,094 [grpc-default-executor-0] INFO  server.RaftServer$Division (RaftServerImpl.java:requestVote(1184)) - ac679b26-c737-4eb4-ba39-fe3b144a3424@group-C0EB019A3F66 replies to ELECTION vote request: 6d03a90d-b393-4c2b-aa32-f45668f1c5ca<-ac679b26-c737-4eb4-ba39-fe3b144a3424#0:OK-t1. Peer's state: ac679b26-c737-4eb4-ba39-fe3b144a3424@group-C0EB019A3F66:t1, leader=null, voted=6d03a90d-b393-4c2b-aa32-f45668f1c5ca, raftlog=ac679b26-c737-4eb4-ba39-fe3b144a3424@group-C0EB019A3F66-SegmentedRaftLog:OPENED:c-1, conf=-1: [b88517ff-a734-4baa-8e75-48c6a6d5a3f3|rpc:10.1.0.20:38005|dataStream:|priority:1, 6d03a90d-b393-4c2b-aa32-f45668f1c5ca|rpc:10.1.0.20:39877|dataStream:|priority:0, ac679b26-c737-4eb4-ba39-fe3b144a3424|rpc:10.1.0.20:34833|dataStream:|priority:0], old=null
2022-07-12 21:06:27,095 [grpc-default-executor-1] INFO  server.RaftServer$Division (RaftServerImpl.java:requestVote(1184)) - b88517ff-a734-4baa-8e75-48c6a6d5a3f3@group-C0EB019A3F66 replies to ELECTION vote request: 6d03a90d-b393-4c2b-aa32-f45668f1c5ca<-b88517ff-a734-4baa-8e75-48c6a6d5a3f3#0:FAIL-t1. Peer's state: b88517ff-a734-4baa-8e75-48c6a6d5a3f3@group-C0EB019A3F66:t1, leader=null, voted=null, raftlog=b88517ff-a734-4baa-8e75-48c6a6d5a3f3@group-C0EB019A3F66-SegmentedRaftLog:OPENED:c-1, conf=-1: [b88517ff-a734-4baa-8e75-48c6a6d5a3f3|rpc:10.1.0.20:38005|dataStream:|priority:1, 6d03a90d-b393-4c2b-aa32-f45668f1c5ca|rpc:10.1.0.20:39877|dataStream:|priority:0, ac679b26-c737-4eb4-ba39-fe3b144a3424|rpc:10.1.0.20:34833|dataStream:|priority:0], old=null
2022-07-12 21:06:27,105 [6d03a90d-b393-4c2b-aa32-f45668f1c5ca@group-C0EB019A3F66-LeaderElection28] INFO  impl.LeaderElection (LeaderElection.java:logAndReturn(90)) - 6d03a90d-b393-4c2b-aa32-f45668f1c5ca@group-C0EB019A3F66-LeaderElection28: ELECTION REJECTED received 1 response(s) and 0 exception(s):
2022-07-12 21:06:27,105 [6d03a90d-b393-4c2b-aa32-f45668f1c5ca@group-C0EB019A3F66-LeaderElection28] INFO  impl.LeaderElection (LeaderElection.java:logAndReturn(94)) -   Response 0: 6d03a90d-b393-4c2b-aa32-f45668f1c5ca<-b88517ff-a734-4baa-8e75-48c6a6d5a3f3#0:FAIL-t1
2022-07-12 21:06:27,105 [6d03a90d-b393-4c2b-aa32-f45668f1c5ca@group-C0EB019A3F66-LeaderElection28] INFO  impl.LeaderElection (LeaderElection.java:askForVotes(312)) - 6d03a90d-b393-4c2b-aa32-f45668f1c5ca@group-C0EB019A3F66-LeaderElection28 ELECTION round 0: result REJECTED
2022-07-12 21:06:27,105 [6d03a90d-b393-4c2b-aa32-f45668f1c5ca@group-C0EB019A3F66-LeaderElection28] INFO  server.RaftServer$Division (RaftServerImpl.java:setRole(299)) - 6d03a90d-b393-4c2b-aa32-f45668f1c5ca@group-C0EB019A3F66: changes role from CANDIDATE to FOLLOWER at term 1 for REJECTED
2022-07-12 21:06:27,105 [6d03a90d-b393-4c2b-aa32-f45668f1c5ca@group-C0EB019A3F66-LeaderElection28] INFO  impl.RoleInfo (RoleInfo.java:shutdownLeaderElection(130)) - 6d03a90d-b393-4c2b-aa32-f45668f1c5ca: shutdown 6d03a90d-b393-4c2b-aa32-f45668f1c5ca@group-C0EB019A3F66-LeaderElection28
2022-07-12 21:06:27,105 [6d03a90d-b393-4c2b-aa32-f45668f1c5ca@group-C0EB019A3F66-LeaderElection28] INFO  impl.RoleInfo (RoleInfo.java:updateAndGet(139)) - 6d03a90d-b393-4c2b-aa32-f45668f1c5ca: start 6d03a90d-b393-4c2b-aa32-f45668f1c5ca@group-C0EB019A3F66-FollowerState
2022-07-12 21:06:27,380 [6d03a90d-b393-4c2b-aa32-f45668f1c5ca@group-0B74D8152EAC-FollowerState] INFO  impl.FollowerState (FollowerState.java:run(143)) - 6d03a90d-b393-4c2b-aa32-f45668f1c5ca@group-0B74D8152EAC-FollowerState: change to CANDIDATE, lastRpcElapsedTime:5106576662ns, electionTimeout:5104ms
2022-07-12 21:06:27,380 [6d03a90d-b393-4c2b-aa32-f45668f1c5ca@group-0B74D8152EAC-FollowerState] INFO  impl.RoleInfo (RoleInfo.java:shutdownFollowerState(110)) - 6d03a90d-b393-4c2b-aa32-f45668f1c5ca: shutdown 6d03a90d-b393-4c2b-aa32-f45668f1c5ca@group-0B74D8152EAC-FollowerState
2022-07-12 21:06:27,380 [6d03a90d-b393-4c2b-aa32-f45668f1c5ca@group-0B74D8152EAC-FollowerState] INFO  server.RaftServer$Division (RaftServerImpl.java:setRole(299)) - 6d03a90d-b393-4c2b-aa32-f45668f1c5ca@group-0B74D8152EAC: changes role from  FOLLOWER to CANDIDATE at term 0 for changeToCandidate
2022-07-12 21:06:27,380 [6d03a90d-b393-4c2b-aa32-f45668f1c5ca@group-0B74D8152EAC-FollowerState] INFO  server.RaftServerConfigKeys (ConfUtils.java:logGet(46)) - raft.server.leaderelection.pre-vote = false (custom)
2022-07-12 21:06:27,380 [6d03a90d-b393-4c2b-aa32-f45668f1c5ca@group-0B74D8152EAC-FollowerState] INFO  impl.RoleInfo (RoleInfo.java:updateAndGet(139)) - 6d03a90d-b393-4c2b-aa32-f45668f1c5ca: start 6d03a90d-b393-4c2b-aa32-f45668f1c5ca@group-0B74D8152EAC-LeaderElection29
2022-07-12 21:06:27,457 [6d03a90d-b393-4c2b-aa32-f45668f1c5ca@group-0B74D8152EAC-LeaderElection29] INFO  impl.LeaderElection (LeaderElection.java:askForVotes(310)) - 6d03a90d-b393-4c2b-aa32-f45668f1c5ca@group-0B74D8152EAC-LeaderElection29 ELECTION round 0: submit vote requests at term 1 for -1: [b88517ff-a734-4baa-8e75-48c6a6d5a3f3|rpc:10.1.0.20:38005|priority:0, 6d03a90d-b393-4c2b-aa32-f45668f1c5ca|rpc:10.1.0.20:39877|priority:1, ac679b26-c737-4eb4-ba39-fe3b144a3424|rpc:10.1.0.20:34833|priority:0], old=null
2022-07-12 21:06:27,509 [Listener at 127.0.0.1/37581] INFO  ozone.MiniOzoneClusterImpl (MiniOzoneClusterImpl.java:lambda$waitForClusterToBeReady$0(223)) - Nodes are ready. Got 5 of 5 DN Heartbeats.
2022-07-12 21:06:27,509 [Listener at 127.0.0.1/37581] INFO  ozone.MiniOzoneClusterImpl (MiniOzoneClusterImpl.java:lambda$waitForClusterToBeReady$0(226)) - Waiting for cluster to exit safe mode
2022-07-12 21:06:27,509 [Listener at 127.0.0.1/37581] INFO  ozone.MiniOzoneClusterImpl (MiniOzoneClusterImpl.java:lambda$waitForClusterToBeReady$0(228)) - SCM became leader
2022-07-12 21:06:27,511 [grpc-default-executor-1] INFO  server.RaftServer$Division (RaftServerImpl.java:requestVote(1152)) - b88517ff-a734-4baa-8e75-48c6a6d5a3f3@group-0B74D8152EAC: receive requestVote(ELECTION, 6d03a90d-b393-4c2b-aa32-f45668f1c5ca, group-0B74D8152EAC, 1, (t:0, i:0))
2022-07-12 21:06:27,512 [grpc-default-executor-1] INFO  impl.VoteContext (VoteContext.java:log(48)) - b88517ff-a734-4baa-8e75-48c6a6d5a3f3@group-0B74D8152EAC-FOLLOWER: accept ELECTION from 6d03a90d-b393-4c2b-aa32-f45668f1c5ca: our priority 0 <= candidate's priority 1
2022-07-12 21:06:27,512 [grpc-default-executor-1] INFO  server.RaftServer$Division (RaftServerImpl.java:setRole(299)) - b88517ff-a734-4baa-8e75-48c6a6d5a3f3@group-0B74D8152EAC: changes role from  FOLLOWER to FOLLOWER at term 1 for candidate:6d03a90d-b393-4c2b-aa32-f45668f1c5ca
2022-07-12 21:06:27,512 [grpc-default-executor-1] INFO  impl.RoleInfo (RoleInfo.java:shutdownFollowerState(110)) - b88517ff-a734-4baa-8e75-48c6a6d5a3f3: shutdown b88517ff-a734-4baa-8e75-48c6a6d5a3f3@group-0B74D8152EAC-FollowerState
2022-07-12 21:06:27,512 [grpc-default-executor-1] INFO  impl.RoleInfo (RoleInfo.java:updateAndGet(139)) - b88517ff-a734-4baa-8e75-48c6a6d5a3f3: start b88517ff-a734-4baa-8e75-48c6a6d5a3f3@group-0B74D8152EAC-FollowerState
2022-07-12 21:06:27,531 [b88517ff-a734-4baa-8e75-48c6a6d5a3f3@group-0B74D8152EAC-FollowerState] INFO  impl.FollowerState (FollowerState.java:run(152)) - b88517ff-a734-4baa-8e75-48c6a6d5a3f3@group-0B74D8152EAC-FollowerState was interrupted
2022-07-12 21:06:27,570 [grpc-default-executor-0] INFO  server.RaftServer$Division (RaftServerImpl.java:requestVote(1152)) - ac679b26-c737-4eb4-ba39-fe3b144a3424@group-0B74D8152EAC: receive requestVote(ELECTION, 6d03a90d-b393-4c2b-aa32-f45668f1c5ca, group-0B74D8152EAC, 1, (t:0, i:0))
2022-07-12 21:06:27,570 [grpc-default-executor-0] INFO  impl.VoteContext (VoteContext.java:log(48)) - ac679b26-c737-4eb4-ba39-fe3b144a3424@group-0B74D8152EAC-FOLLOWER: accept ELECTION from 6d03a90d-b393-4c2b-aa32-f45668f1c5ca: our priority 0 <= candidate's priority 1
2022-07-12 21:06:27,570 [grpc-default-executor-0] INFO  server.RaftServer$Division (RaftServerImpl.java:setRole(299)) - ac679b26-c737-4eb4-ba39-fe3b144a3424@group-0B74D8152EAC: changes role from  FOLLOWER to FOLLOWER at term 1 for candidate:6d03a90d-b393-4c2b-aa32-f45668f1c5ca
2022-07-12 21:06:27,570 [grpc-default-executor-0] INFO  impl.RoleInfo (RoleInfo.java:shutdownFollowerState(110)) - ac679b26-c737-4eb4-ba39-fe3b144a3424: shutdown ac679b26-c737-4eb4-ba39-fe3b144a3424@group-0B74D8152EAC-FollowerState
2022-07-12 21:06:27,570 [grpc-default-executor-0] INFO  impl.RoleInfo (RoleInfo.java:updateAndGet(139)) - ac679b26-c737-4eb4-ba39-fe3b144a3424: start ac679b26-c737-4eb4-ba39-fe3b144a3424@group-0B74D8152EAC-FollowerState
2022-07-12 21:06:27,570 [ac679b26-c737-4eb4-ba39-fe3b144a3424@group-0B74D8152EAC-FollowerState] INFO  impl.FollowerState (FollowerState.java:run(152)) - ac679b26-c737-4eb4-ba39-fe3b144a3424@group-0B74D8152EAC-FollowerState was interrupted
2022-07-12 21:06:27,582 [ac679b26-c737-4eb4-ba39-fe3b144a3424@group-5C58AB1EE98A-FollowerState] INFO  impl.FollowerState (FollowerState.java:run(143)) - ac679b26-c737-4eb4-ba39-fe3b144a3424@group-5C58AB1EE98A-FollowerState: change to CANDIDATE, lastRpcElapsedTime:5114171497ns, electionTimeout:5105ms
2022-07-12 21:06:27,582 [ac679b26-c737-4eb4-ba39-fe3b144a3424@group-5C58AB1EE98A-FollowerState] INFO  impl.RoleInfo (RoleInfo.java:shutdownFollowerState(110)) - ac679b26-c737-4eb4-ba39-fe3b144a3424: shutdown ac679b26-c737-4eb4-ba39-fe3b144a3424@group-5C58AB1EE98A-FollowerState
2022-07-12 21:06:27,582 [ac679b26-c737-4eb4-ba39-fe3b144a3424@group-5C58AB1EE98A-FollowerState] INFO  server.RaftServer$Division (RaftServerImpl.java:setRole(299)) - ac679b26-c737-4eb4-ba39-fe3b144a3424@group-5C58AB1EE98A: changes role from  FOLLOWER to CANDIDATE at term 0 for changeToCandidate
2022-07-12 21:06:27,589 [grpc-default-executor-0] INFO  server.RaftServer$Division (RaftServerImpl.java:requestVote(1184)) - ac679b26-c737-4eb4-ba39-fe3b144a3424@group-0B74D8152EAC replies to ELECTION vote request: 6d03a90d-b393-4c2b-aa32-f45668f1c5ca<-ac679b26-c737-4eb4-ba39-fe3b144a3424#0:OK-t1. Peer's state: ac679b26-c737-4eb4-ba39-fe3b144a3424@group-0B74D8152EAC:t1, leader=null, voted=6d03a90d-b393-4c2b-aa32-f45668f1c5ca, raftlog=ac679b26-c737-4eb4-ba39-fe3b144a3424@group-0B74D8152EAC-SegmentedRaftLog:OPENED:c-1, conf=-1: [b88517ff-a734-4baa-8e75-48c6a6d5a3f3|rpc:10.1.0.20:38005|priority:0, 6d03a90d-b393-4c2b-aa32-f45668f1c5ca|rpc:10.1.0.20:39877|priority:1, ac679b26-c737-4eb4-ba39-fe3b144a3424|rpc:10.1.0.20:34833|priority:0], old=null
2022-07-12 21:06:27,590 [6d03a90d-b393-4c2b-aa32-f45668f1c5ca@group-0B74D8152EAC-LeaderElection29] INFO  impl.LeaderElection (LeaderElection.java:logAndReturn(90)) - 6d03a90d-b393-4c2b-aa32-f45668f1c5ca@group-0B74D8152EAC-LeaderElection29: ELECTION PASSED received 1 response(s) and 0 exception(s):
2022-07-12 21:06:27,590 [6d03a90d-b393-4c2b-aa32-f45668f1c5ca@group-0B74D8152EAC-LeaderElection29] INFO  impl.LeaderElection (LeaderElection.java:logAndReturn(94)) -   Response 0: 6d03a90d-b393-4c2b-aa32-f45668f1c5ca<-ac679b26-c737-4eb4-ba39-fe3b144a3424#0:OK-t1
2022-07-12 21:06:27,590 [6d03a90d-b393-4c2b-aa32-f45668f1c5ca@group-0B74D8152EAC-LeaderElection29] INFO  impl.LeaderElection (LeaderElection.java:askForVotes(312)) - 6d03a90d-b393-4c2b-aa32-f45668f1c5ca@group-0B74D8152EAC-LeaderElection29 ELECTION round 0: result PASSED
2022-07-12 21:06:27,590 [6d03a90d-b393-4c2b-aa32-f45668f1c5ca@group-0B74D8152EAC-LeaderElection29] INFO  impl.RoleInfo (RoleInfo.java:shutdownLeaderElection(130)) - 6d03a90d-b393-4c2b-aa32-f45668f1c5ca: shutdown 6d03a90d-b393-4c2b-aa32-f45668f1c5ca@group-0B74D8152EAC-LeaderElection29
2022-07-12 21:06:27,590 [6d03a90d-b393-4c2b-aa32-f45668f1c5ca@group-0B74D8152EAC-LeaderElection29] INFO  server.RaftServer$Division (RaftServerImpl.java:setRole(299)) - 6d03a90d-b393-4c2b-aa32-f45668f1c5ca@group-0B74D8152EAC: changes role from CANDIDATE to LEADER at term 1 for changeToLeader
2022-07-12 21:06:27,590 [6d03a90d-b393-4c2b-aa32-f45668f1c5ca@group-0B74D8152EAC-LeaderElection29] INFO  ratis.XceiverServerRatis (XceiverServerRatis.java:handleLeaderChangedNotification(863)) - Leader change notification received for group: group-0B74D8152EAC with new leaderId: 6d03a90d-b393-4c2b-aa32-f45668f1c5ca
2022-07-12 21:06:27,590 [6d03a90d-b393-4c2b-aa32-f45668f1c5ca@group-0B74D8152EAC-LeaderElection29] INFO  server.RaftServer$Division (ServerState.java:setLeader(287)) - 6d03a90d-b393-4c2b-aa32-f45668f1c5ca@group-0B74D8152EAC: change Leader from null to 6d03a90d-b393-4c2b-aa32-f45668f1c5ca at term 1 for becomeLeader, leader elected after 5337ms
2022-07-12 21:06:27,590 [6d03a90d-b393-4c2b-aa32-f45668f1c5ca@group-0B74D8152EAC-LeaderElection29] INFO  server.RaftServerConfigKeys (ConfUtils.java:logGet(46)) - raft.server.staging.catchup.gap = 1000 (default)
2022-07-12 21:06:27,591 [6d03a90d-b393-4c2b-aa32-f45668f1c5ca@group-0B74D8152EAC-LeaderElection29] INFO  server.RaftServerConfigKeys (ConfUtils.java:logGet(46)) - raft.server.write.element-limit = 1024 (custom)
2022-07-12 21:06:27,591 [6d03a90d-b393-4c2b-aa32-f45668f1c5ca@group-0B74D8152EAC-LeaderElection29] INFO  server.RaftServerConfigKeys (ConfUtils.java:logGet(46)) - raft.server.write.byte-limit = 1024 M (=1073741824) (custom)
2022-07-12 21:06:27,591 [6d03a90d-b393-4c2b-aa32-f45668f1c5ca@group-0B74D8152EAC-LeaderElection29] INFO  server.RaftServerConfigKeys (ConfUtils.java:logGet(46)) - raft.server.watch.timeout = 180s (custom)
2022-07-12 21:06:27,591 [6d03a90d-b393-4c2b-aa32-f45668f1c5ca@group-0B74D8152EAC-LeaderElection29] INFO  server.RaftServerConfigKeys (ConfUtils.java:logGet(46)) - raft.server.watch.timeout.denomination = 1s (default)
2022-07-12 21:06:27,591 [6d03a90d-b393-4c2b-aa32-f45668f1c5ca@group-0B74D8152EAC-LeaderElection29] INFO  server.RaftServerConfigKeys (ConfUtils.java:logGet(46)) - raft.server.watch.element-limit = 65536 (default)
2022-07-12 21:06:27,591 [6d03a90d-b393-4c2b-aa32-f45668f1c5ca@group-0B74D8152EAC-LeaderElection29] INFO  server.RaftServerConfigKeys (ConfUtils.java:logGet(46)) - raft.server.write.element-limit = 1024 (custom)
2022-07-12 21:06:27,591 [6d03a90d-b393-4c2b-aa32-f45668f1c5ca@group-0B74D8152EAC-LeaderElection29] INFO  server.RaftServerConfigKeys (ConfUtils.java:logGet(46)) - raft.server.write.follower.gap.ratio.max = -1.0 (default)
2022-07-12 21:06:27,597 [6d03a90d-b393-4c2b-aa32-f45668f1c5ca@group-0B74D8152EAC-LeaderElection29] INFO  server.RaftServerConfigKeys (ConfUtils.java:logGet(46)) - raft.server.log.appender.snapshot.chunk.size.max = 16MB (=16777216) (default)
2022-07-12 21:06:27,597 [6d03a90d-b393-4c2b-aa32-f45668f1c5ca@group-0B74D8152EAC-LeaderElection29] INFO  server.RaftServerConfigKeys (ConfUtils.java:logGet(46)) - raft.server.log.appender.buffer.byte-limit = 33554432 (custom)
2022-07-12 21:06:27,597 [6d03a90d-b393-4c2b-aa32-f45668f1c5ca@group-0B74D8152EAC-LeaderElection29] INFO  server.RaftServerConfigKeys (ConfUtils.java:logGet(46)) - raft.server.log.appender.buffer.element-limit = 1 (custom)
2022-07-12 21:06:27,597 [6d03a90d-b393-4c2b-aa32-f45668f1c5ca@group-0B74D8152EAC-LeaderElection29] INFO  grpc.GrpcConfigKeys (ConfUtils.java:logGet(46)) - raft.grpc.server.leader.outstanding.appends.max = 128 (default)
2022-07-12 21:06:27,597 [6d03a90d-b393-4c2b-aa32-f45668f1c5ca@group-0B74D8152EAC-LeaderElection29] INFO  server.RaftServerConfigKeys (ConfUtils.java:logGet(46)) - raft.server.rpc.request.timeout = 60s (custom)
2022-07-12 21:06:27,597 [6d03a90d-b393-4c2b-aa32-f45668f1c5ca@group-0B74D8152EAC-LeaderElection29] INFO  server.RaftServerConfigKeys (ConfUtils.java:logGet(46)) - raft.server.log.appender.install.snapshot.enabled = false (custom)
2022-07-12 21:06:27,598 [6d03a90d-b393-4c2b-aa32-f45668f1c5ca@group-0B74D8152EAC-LeaderElection29] INFO  server.RaftServerConfigKeys (ConfUtils.java:logGet(46)) - raft.server.log.appender.snapshot.chunk.size.max = 16MB (=16777216) (default)
2022-07-12 21:06:27,598 [6d03a90d-b393-4c2b-aa32-f45668f1c5ca@group-0B74D8152EAC-LeaderElection29] INFO  server.RaftServerConfigKeys (ConfUtils.java:logGet(46)) - raft.server.log.appender.buffer.byte-limit = 33554432 (custom)
2022-07-12 21:06:27,598 [6d03a90d-b393-4c2b-aa32-f45668f1c5ca@group-0B74D8152EAC-LeaderElection29] INFO  server.RaftServerConfigKeys (ConfUtils.java:logGet(46)) - raft.server.log.appender.buffer.element-limit = 1 (custom)
2022-07-12 21:06:27,599 [6d03a90d-b393-4c2b-aa32-f45668f1c5ca@group-0B74D8152EAC-LeaderElection29] INFO  grpc.GrpcConfigKeys (ConfUtils.java:logGet(46)) - raft.grpc.server.leader.outstanding.appends.max = 128 (default)
2022-07-12 21:06:27,599 [6d03a90d-b393-4c2b-aa32-f45668f1c5ca@group-0B74D8152EAC-LeaderElection29] INFO  server.RaftServerConfigKeys (ConfUtils.java:logGet(46)) - raft.server.rpc.request.timeout = 60s (custom)
2022-07-12 21:06:27,599 [6d03a90d-b393-4c2b-aa32-f45668f1c5ca@group-0B74D8152EAC-LeaderElection29] INFO  server.RaftServerConfigKeys (ConfUtils.java:logGet(46)) - raft.server.log.appender.install.snapshot.enabled = false (custom)
2022-07-12 21:06:27,599 [6d03a90d-b393-4c2b-aa32-f45668f1c5ca@group-0B74D8152EAC-LeaderElection29] INFO  impl.RoleInfo (RoleInfo.java:updateAndGet(139)) - 6d03a90d-b393-4c2b-aa32-f45668f1c5ca: start 6d03a90d-b393-4c2b-aa32-f45668f1c5ca@group-0B74D8152EAC-LeaderStateImpl
2022-07-12 21:06:27,599 [6d03a90d-b393-4c2b-aa32-f45668f1c5ca@group-0B74D8152EAC-LeaderElection29] INFO  segmented.SegmentedRaftLogWorker (SegmentedRaftLogWorker.java:startLogSegment(425)) - 6d03a90d-b393-4c2b-aa32-f45668f1c5ca@group-0B74D8152EAC-SegmentedRaftLogWorker: Starting segment from index:0
2022-07-12 21:06:27,600 [grpc-default-executor-1] INFO  server.RaftServer$Division (RaftServerImpl.java:requestVote(1184)) - b88517ff-a734-4baa-8e75-48c6a6d5a3f3@group-0B74D8152EAC replies to ELECTION vote request: 6d03a90d-b393-4c2b-aa32-f45668f1c5ca<-b88517ff-a734-4baa-8e75-48c6a6d5a3f3#0:OK-t1. Peer's state: b88517ff-a734-4baa-8e75-48c6a6d5a3f3@group-0B74D8152EAC:t1, leader=null, voted=6d03a90d-b393-4c2b-aa32-f45668f1c5ca, raftlog=b88517ff-a734-4baa-8e75-48c6a6d5a3f3@group-0B74D8152EAC-SegmentedRaftLog:OPENED:c-1, conf=-1: [b88517ff-a734-4baa-8e75-48c6a6d5a3f3|rpc:10.1.0.20:38005|dataStream:|priority:0, 6d03a90d-b393-4c2b-aa32-f45668f1c5ca|rpc:10.1.0.20:39877|dataStream:|priority:1, ac679b26-c737-4eb4-ba39-fe3b144a3424|rpc:10.1.0.20:34833|dataStream:|priority:0], old=null
2022-07-12 21:06:27,600 [ac679b26-c737-4eb4-ba39-fe3b144a3424@group-5C58AB1EE98A-FollowerState] INFO  server.RaftServerConfigKeys (ConfUtils.java:logGet(46)) - raft.server.leaderelection.pre-vote = false (custom)
2022-07-12 21:06:27,651 [6d03a90d-b393-4c2b-aa32-f45668f1c5ca@group-0B74D8152EAC-LeaderElection29] INFO  server.RaftServer$Division (ServerState.java:setRaftConf(393)) - 6d03a90d-b393-4c2b-aa32-f45668f1c5ca@group-0B74D8152EAC: set configuration 0: [b88517ff-a734-4baa-8e75-48c6a6d5a3f3|rpc:10.1.0.20:38005|dataStream:|priority:0, 6d03a90d-b393-4c2b-aa32-f45668f1c5ca|rpc:10.1.0.20:39877|dataStream:|priority:1, ac679b26-c737-4eb4-ba39-fe3b144a3424|rpc:10.1.0.20:34833|dataStream:|priority:0], old=null
2022-07-12 21:06:27,651 [EventQueue-PipelineReportForPipelineReportHandler] INFO  pipeline.PipelineManagerImpl (PipelineManagerImpl.java:openPipeline(359)) - Pipeline Pipeline[ Id: 400725b4-e971-4031-87b3-0b74d8152eac, Nodes: 6d03a90d-b393-4c2b-aa32-f45668f1c5ca{ip: 10.1.0.20, host: fv-az452-57.ku3lqr0aiaqu5kfj3xdpchcrvd.dx.internal.cloudapp.net, ports: [REPLICATION=46381, RATIS=39877, RATIS_ADMIN=39877, RATIS_SERVER=39877, STANDALONE=44331], networkLocation: /default-rack, certSerialId: null, persistedOpState: IN_SERVICE, persistedOpStateExpiryEpochSec: 0}b88517ff-a734-4baa-8e75-48c6a6d5a3f3{ip: 10.1.0.20, host: fv-az452-57.ku3lqr0aiaqu5kfj3xdpchcrvd.dx.internal.cloudapp.net, ports: [REPLICATION=35831, RATIS=38005, RATIS_ADMIN=38005, RATIS_SERVER=38005, STANDALONE=34055], networkLocation: /default-rack, certSerialId: null, persistedOpState: IN_SERVICE, persistedOpStateExpiryEpochSec: 0}ac679b26-c737-4eb4-ba39-fe3b144a3424{ip: 10.1.0.20, host: fv-az452-57.ku3lqr0aiaqu5kfj3xdpchcrvd.dx.internal.cloudapp.net, ports: [REPLICATION=35251, RATIS=34833, RATIS_ADMIN=34833, RATIS_SERVER=34833, STANDALONE=33465], networkLocation: /default-rack, certSerialId: null, persistedOpState: IN_SERVICE, persistedOpStateExpiryEpochSec: 0}, ReplicationConfig: RATIS/THREE, State:ALLOCATED, leaderId:6d03a90d-b393-4c2b-aa32-f45668f1c5ca, CreationTimestamp2022-07-12T21:06:21.468Z[Etc/UTC]] moved to OPEN state
2022-07-12 21:06:27,652 [EventQueue-OpenPipelineForHealthyPipelineSafeModeRule] INFO  safemode.SCMSafeModeManager (HealthyPipelineSafeModeRule.java:process(124)) - SCM in safe mode. Healthy pipelines reported count is 0, required healthy pipeline reported count is 1
2022-07-12 21:06:27,652 [EventQueue-OpenPipelineForHealthyPipelineSafeModeRule] INFO  safemode.SCMSafeModeManager (HealthyPipelineSafeModeRule.java:process(124)) - SCM in safe mode. Healthy pipelines reported count is 1, required healthy pipeline reported count is 1
2022-07-12 21:06:27,652 [EventQueue-OpenPipelineForHealthyPipelineSafeModeRule] INFO  safemode.SCMSafeModeManager (SCMSafeModeManager.java:validateSafeModeExitRules(204)) - HealthyPipelineSafeModeRule rule is successfully validated
2022-07-12 21:06:27,652 [EventQueue-OpenPipelineForHealthyPipelineSafeModeRule] INFO  safemode.SCMSafeModeManager (SCMSafeModeManager.java:validateSafeModeExitRules(219)) - ScmSafeModeManager, all rules are successfully validated
2022-07-12 21:06:27,652 [EventQueue-OpenPipelineForHealthyPipelineSafeModeRule] INFO  safemode.SCMSafeModeManager (SCMSafeModeManager.java:exitSafeMode(248)) - SCM exiting safe mode.
2022-07-12 21:06:27,652 [EventQueue-OpenPipelineForHealthyPipelineSafeModeRule] WARN  events.EventQueue (EventQueue.java:fireEvent(216)) - No event handler registered for event TypedEvent{payloadType=SafeModeStatus, name='Safe mode status'}
2022-07-12 21:06:27,652 [EventQueue-OpenPipelineForHealthyPipelineSafeModeRule] INFO  ha.SCMContext (SCMContext.java:updateSafeModeStatus(228)) - Update SafeModeStatus from SafeModeStatus{safeModeStatus=true, preCheckPassed=true} to SafeModeStatus{safeModeStatus=false, preCheckPassed=true}.
2022-07-12 21:06:27,652 [EventQueue-OpenPipelineForHealthyPipelineSafeModeRule] INFO  pipeline.BackgroundPipelineCreator (BackgroundPipelineCreator.java:notifyStatusChanged(253)) - Service BackgroundPipelineCreator transitions to RUNNING.
2022-07-12 21:06:27,652 [EventQueue-OpenPipelineForHealthyPipelineSafeModeRule] INFO  BackgroundPipelineScrubber (BackgroundSCMService.java:notifyStatusChanged(82)) - Service BackgroundPipelineScrubber transitions to RUNNING.
2022-07-12 21:06:27,652 [EventQueue-OpenPipelineForHealthyPipelineSafeModeRule] INFO  ExpiredContainerReplicaOpScrubber (BackgroundSCMService.java:notifyStatusChanged(82)) - Service ExpiredContainerReplicaOpScrubber transitions to RUNNING.
2022-07-12 21:06:27,652 [EventQueue-OpenPipelineForHealthyPipelineSafeModeRule] INFO  replication.ReplicationManager (ReplicationManager.java:notifyStatusChanged(495)) - Service ReplicationManager transitions to RUNNING.
2022-07-12 21:06:27,652 [EventQueue-OpenPipelineForHealthyPipelineSafeModeRule] WARN  balancer.ContainerBalancer (ContainerBalancer.java:shouldRun(894)) - Could not find persisted configuration for ContainerBalancer when checking if ContainerBalancer should run. ContainerBalancer should not run now.
2022-07-12 21:06:27,651 [ac679b26-c737-4eb4-ba39-fe3b144a3424@group-5C58AB1EE98A-FollowerState] INFO  impl.RoleInfo (RoleInfo.java:updateAndGet(139)) - ac679b26-c737-4eb4-ba39-fe3b144a3424: start ac679b26-c737-4eb4-ba39-fe3b144a3424@group-5C58AB1EE98A-LeaderElection30
2022-07-12 21:06:27,628 [6d03a90d-b393-4c2b-aa32-f45668f1c5ca@group-0B74D8152EAC-SegmentedRaftLogWorker] INFO  segmented.SegmentedRaftLogWorker (SegmentedRaftLogWorker.java:execute(629)) - 6d03a90d-b393-4c2b-aa32-f45668f1c5ca@group-0B74D8152EAC-SegmentedRaftLogWorker: created new log segment /home/runner/work/ozone/ozone/hadoop-ozone/integration-test/target/test-dir/MiniOzoneClusterImpl-f732ff5a-6050-490e-9ecc-7e3ed1996e94/datanode-0/data/ratis/400725b4-e971-4031-87b3-0b74d8152eac/current/log_inprogress_0
2022-07-12 21:06:27,653 [Command processor thread] INFO  server.RaftServer (RaftServerProxy.java:addNew(96)) - 0047f0d6-cad6-4c01-8720-7c34e3f82305: addNew group-E5193E0A4BDE:[0047f0d6-cad6-4c01-8720-7c34e3f82305|rpc:10.1.0.20:43179|priority:1] returns group-E5193E0A4BDE:java.util.concurrent.CompletableFuture@2c5e0535[Not completed]
2022-07-12 21:06:27,665 [pool-730-thread-1] INFO  server.RaftServer$Division (RaftServerImpl.java:<init>(190)) - 0047f0d6-cad6-4c01-8720-7c34e3f82305: new RaftServerImpl for group-E5193E0A4BDE:[0047f0d6-cad6-4c01-8720-7c34e3f82305|rpc:10.1.0.20:43179|priority:1] with ContainerStateMachine:uninitialized
2022-07-12 21:06:27,665 [pool-730-thread-1] INFO  server.RaftServerConfigKeys (ConfUtils.java:logGet(46)) - raft.server.rpc.timeout.min = 5s (custom)
2022-07-12 21:06:27,665 [pool-730-thread-1] INFO  server.RaftServerConfigKeys (ConfUtils.java:logGet(46)) - raft.server.rpc.timeout.max = 5200ms (custom)
2022-07-12 21:06:27,665 [pool-730-thread-1] INFO  server.RaftServerConfigKeys (ConfUtils.java:logGet(46)) - raft.server.rpc.sleep.time = 25ms (default)
2022-07-12 21:06:27,665 [pool-730-thread-1] INFO  server.RaftServerConfigKeys (ConfUtils.java:logGet(46)) - raft.server.rpc.slowness.timeout = 300s (custom)
2022-07-12 21:06:27,665 [pool-730-thread-1] INFO  server.RaftServerConfigKeys (ConfUtils.java:logGet(46)) - raft.server.leaderelection.leader.step-down.wait-time = 10s (default)
2022-07-12 21:06:27,665 [pool-730-thread-1] INFO  server.RaftServerConfigKeys (ConfUtils.java:logGet(46)) - raft.server.sleep.deviation.threshold = 300ms (default)
2022-07-12 21:06:27,665 [pool-730-thread-1] INFO  server.RaftServer$Division (ServerState.java:<init>(107)) - 0047f0d6-cad6-4c01-8720-7c34e3f82305@group-E5193E0A4BDE: ConfigurationManager, init=-1: [0047f0d6-cad6-4c01-8720-7c34e3f82305|rpc:10.1.0.20:43179|priority:1], old=null, confs=<EMPTY_MAP>
2022-07-12 21:06:27,665 [pool-730-thread-1] INFO  server.RaftServerConfigKeys (ConfUtils.java:logGet(46)) - raft.server.storage.dir = [/home/runner/work/ozone/ozone/hadoop-ozone/integration-test/target/test-dir/MiniOzoneClusterImpl-f732ff5a-6050-490e-9ecc-7e3ed1996e94/datanode-4/data/ratis] (custom)
2022-07-12 21:06:27,665 [pool-730-thread-1] INFO  server.RaftServerConfigKeys (ConfUtils.java:logGet(46)) - raft.server.log.corruption.policy = EXCEPTION (default)
2022-07-12 21:06:27,665 [pool-730-thread-1] INFO  server.RaftServerConfigKeys (ConfUtils.java:logGet(46)) - raft.server.storage.free-space.min = 0MB (=0) (default)
2022-07-12 21:06:27,665 [pool-730-thread-1] INFO  storage.RaftStorageDirectory (RaftStorageDirectoryImpl.java:analyzeStorage(135)) - The storage directory /home/runner/work/ozone/ozone/hadoop-ozone/integration-test/target/test-dir/MiniOzoneClusterImpl-f732ff5a-6050-490e-9ecc-7e3ed1996e94/datanode-4/data/ratis/e625bbb4-f795-494b-8b0e-e5193e0a4bde does not exist. Creating ...
2022-07-12 21:06:27,675 [pool-730-thread-1] INFO  storage.RaftStorageDirectory (RaftStorageDirectoryImpl.java:tryLock(230)) - Lock on /home/runner/work/ozone/ozone/hadoop-ozone/integration-test/target/test-dir/MiniOzoneClusterImpl-f732ff5a-6050-490e-9ecc-7e3ed1996e94/datanode-4/data/ratis/e625bbb4-f795-494b-8b0e-e5193e0a4bde/in_use.lock acquired by nodename 31611@fv-az452-57
2022-07-12 21:06:27,676 [b88517ff-a734-4baa-8e75-48c6a6d5a3f3-server-thread1] INFO  ratis.XceiverServerRatis (XceiverServerRatis.java:handleLeaderChangedNotification(863)) - Leader change notification received for group: group-0B74D8152EAC with new leaderId: 6d03a90d-b393-4c2b-aa32-f45668f1c5ca
2022-07-12 21:06:27,676 [b88517ff-a734-4baa-8e75-48c6a6d5a3f3-server-thread1] INFO  server.RaftServer$Division (ServerState.java:setLeader(287)) - b88517ff-a734-4baa-8e75-48c6a6d5a3f3@group-0B74D8152EAC: change Leader from null to 6d03a90d-b393-4c2b-aa32-f45668f1c5ca at term 1 for appendEntries, leader elected after 5287ms
2022-07-12 21:06:27,692 [pool-730-thread-1] INFO  storage.RaftStorage (RaftStorageImpl.java:format(89)) - Storage directory /home/runner/work/ozone/ozone/hadoop-ozone/integration-test/target/test-dir/MiniOzoneClusterImpl-f732ff5a-6050-490e-9ecc-7e3ed1996e94/datanode-4/data/ratis/e625bbb4-f795-494b-8b0e-e5193e0a4bde has been successfully formatted.
2022-07-12 21:06:27,706 [pool-730-thread-1] INFO  ratis.ContainerStateMachine (ContainerStateMachine.java:loadSnapshot(236)) - group-E5193E0A4BDE: The snapshot info is null. Setting the last applied indexto:(t:0, i:~)
2022-07-12 21:06:27,706 [pool-730-thread-1] INFO  server.RaftServerConfigKeys (ConfUtils.java:logGet(46)) - raft.server.notification.no-leader.timeout = 300s (custom)
2022-07-12 21:06:27,706 [pool-730-thread-1] INFO  server.RaftServerConfigKeys (ConfUtils.java:logGet(46)) - raft.server.log.use.memory = false (default)
2022-07-12 21:06:27,706 [pool-730-thread-1] INFO  server.RaftServerConfigKeys (ConfUtils.java:logGet(46)) - raft.server.log.purge.gap = 1000000 (custom)
2022-07-12 21:06:27,706 [pool-730-thread-1] INFO  server.RaftServerConfigKeys (ConfUtils.java:logGet(46)) - raft.server.log.appender.buffer.byte-limit = 33554432 (custom)
2022-07-12 21:06:27,706 [pool-730-thread-1] INFO  server.RaftServerConfigKeys (ConfUtils.java:logGet(46)) - raft.server.log.statemachine.data.read.timeout = 1000ms (default)
2022-07-12 21:06:27,706 [pool-730-thread-1] INFO  server.RaftServerConfigKeys (ConfUtils.java:logGet(46)) - raft.server.log.segment.size.max = 1048576 (custom)
2022-07-12 21:06:27,707 [pool-730-thread-1] INFO  server.RaftServerConfigKeys (ConfUtils.java:logGet(46)) - raft.server.log.segment.cache.num.max = 2 (custom)
2022-07-12 21:06:27,707 [pool-730-thread-1] INFO  server.RaftServerConfigKeys (ConfUtils.java:logGet(46)) - raft.server.log.segment.cache.size.max = 200MB (=209715200) (default)
2022-07-12 21:06:27,707 [pool-730-thread-1] INFO  segmented.SegmentedRaftLogWorker (SegmentedRaftLogWorker.java:<init>(187)) - new 0047f0d6-cad6-4c01-8720-7c34e3f82305@group-E5193E0A4BDE-SegmentedRaftLogWorker for RaftStorageImpl:Storage Directory /home/runner/work/ozone/ozone/hadoop-ozone/integration-test/target/test-dir/MiniOzoneClusterImpl-f732ff5a-6050-490e-9ecc-7e3ed1996e94/datanode-4/data/ratis/e625bbb4-f795-494b-8b0e-e5193e0a4bde
2022-07-12 21:06:27,707 [pool-730-thread-1] INFO  server.RaftServerConfigKeys (ConfUtils.java:logGet(46)) - raft.server.log.queue.byte-limit = 4294967296 (custom)
2022-07-12 21:06:27,707 [pool-730-thread-1] INFO  server.RaftServerConfigKeys (ConfUtils.java:logGet(46)) - raft.server.log.queue.element-limit = 1024 (custom)
2022-07-12 21:06:27,707 [pool-730-thread-1] INFO  server.RaftServerConfigKeys (ConfUtils.java:logGet(46)) - raft.server.log.segment.size.max = 1048576 (custom)
2022-07-12 21:06:27,707 [pool-730-thread-1] INFO  server.RaftServerConfigKeys (ConfUtils.java:logGet(46)) - raft.server.log.preallocated.size = 16384 (custom)
2022-07-12 21:06:27,707 [pool-730-thread-1] INFO  server.RaftServerConfigKeys (ConfUtils.java:logGet(46)) - raft.server.log.force.sync.num = 128 (default)
2022-07-12 21:06:27,707 [pool-730-thread-1] INFO  server.RaftServerConfigKeys (ConfUtils.java:logGet(46)) - raft.server.log.statemachine.data.sync = true (default)
2022-07-12 21:06:27,707 [pool-730-thread-1] INFO  server.RaftServerConfigKeys (ConfUtils.java:logGet(46)) - raft.server.log.statemachine.data.sync.timeout = 10s (default)
2022-07-12 21:06:27,707 [pool-730-thread-1] INFO  server.RaftServerConfigKeys (ConfUtils.java:logGet(46)) - raft.server.log.statemachine.data.sync.timeout.retry = -1 (default)
2022-07-12 21:06:27,712 [b88517ff-a734-4baa-8e75-48c6a6d5a3f3-server-thread1] INFO  server.RaftServer$Division (ServerState.java:setRaftConf(393)) - b88517ff-a734-4baa-8e75-48c6a6d5a3f3@group-0B74D8152EAC: set configuration 0: [b88517ff-a734-4baa-8e75-48c6a6d5a3f3|rpc:10.1.0.20:38005|dataStream:|priority:0, 6d03a90d-b393-4c2b-aa32-f45668f1c5ca|rpc:10.1.0.20:39877|dataStream:|priority:1, ac679b26-c737-4eb4-ba39-fe3b144a3424|rpc:10.1.0.20:34833|dataStream:|priority:0], old=null
2022-07-12 21:06:27,716 [EventQueue-PipelineReportForPipelineReportHandler] INFO  pipeline.PipelineManagerImpl (PipelineManagerImpl.java:openPipeline(359)) - Pipeline Pipeline[ Id: e625bbb4-f795-494b-8b0e-e5193e0a4bde, Nodes: 0047f0d6-cad6-4c01-8720-7c34e3f82305{ip: 10.1.0.20, host: fv-az452-57.ku3lqr0aiaqu5kfj3xdpchcrvd.dx.internal.cloudapp.net, ports: [REPLICATION=44005, RATIS=43179, RATIS_ADMIN=43179, RATIS_SERVER=43179, STANDALONE=34315], networkLocation: /default-rack, certSerialId: null, persistedOpState: IN_SERVICE, persistedOpStateExpiryEpochSec: 0}, ReplicationConfig: RATIS/ONE, State:ALLOCATED, leaderId:0047f0d6-cad6-4c01-8720-7c34e3f82305, CreationTimestamp2022-07-12T21:06:24.617Z[Etc/UTC]] moved to OPEN state
2022-07-12 21:06:27,717 [ac679b26-c737-4eb4-ba39-fe3b144a3424@group-5C58AB1EE98A-LeaderElection30] INFO  impl.LeaderElection (LeaderElection.java:askForVotes(310)) - ac679b26-c737-4eb4-ba39-fe3b144a3424@group-5C58AB1EE98A-LeaderElection30 ELECTION round 0: submit vote requests at term 1 for -1: [ac679b26-c737-4eb4-ba39-fe3b144a3424|rpc:10.1.0.20:34833|priority:1], old=null
2022-07-12 21:06:27,717 [ac679b26-c737-4eb4-ba39-fe3b144a3424@group-5C58AB1EE98A-LeaderElection30] INFO  impl.LeaderElection (LeaderElection.java:askForVotes(312)) - ac679b26-c737-4eb4-ba39-fe3b144a3424@group-5C58AB1EE98A-LeaderElection30 ELECTION round 0: result PASSED (term=1)
2022-07-12 21:06:27,717 [ac679b26-c737-4eb4-ba39-fe3b144a3424@group-5C58AB1EE98A-LeaderElection30] INFO  impl.RoleInfo (RoleInfo.java:shutdownLeaderElection(130)) - ac679b26-c737-4eb4-ba39-fe3b144a3424: shutdown ac679b26-c737-4eb4-ba39-fe3b144a3424@group-5C58AB1EE98A-LeaderElection30
2022-07-12 21:06:27,717 [ac679b26-c737-4eb4-ba39-fe3b144a3424@group-5C58AB1EE98A-LeaderElection30] INFO  server.RaftServer$Division (RaftServerImpl.java:setRole(299)) - ac679b26-c737-4eb4-ba39-fe3b144a3424@group-5C58AB1EE98A: changes role from CANDIDATE to LEADER at term 1 for changeToLeader
2022-07-12 21:06:27,717 [ac679b26-c737-4eb4-ba39-fe3b144a3424@group-5C58AB1EE98A-LeaderElection30] INFO  ratis.XceiverServerRatis (XceiverServerRatis.java:handleLeaderChangedNotification(863)) - Leader change notification received for group: group-5C58AB1EE98A with new leaderId: ac679b26-c737-4eb4-ba39-fe3b144a3424
2022-07-12 21:06:27,717 [ac679b26-c737-4eb4-ba39-fe3b144a3424@group-5C58AB1EE98A-LeaderElection30] INFO  server.RaftServer$Division (ServerState.java:setLeader(287)) - ac679b26-c737-4eb4-ba39-fe3b144a3424@group-5C58AB1EE98A: change Leader from null to ac679b26-c737-4eb4-ba39-fe3b144a3424 at term 1 for becomeLeader, leader elected after 5307ms
2022-07-12 21:06:27,717 [ac679b26-c737-4eb4-ba39-fe3b144a3424@group-5C58AB1EE98A-LeaderElection30] INFO  server.RaftServerConfigKeys (ConfUtils.java:logGet(46)) - raft.server.staging.catchup.gap = 1000 (default)
2022-07-12 21:06:27,717 [ac679b26-c737-4eb4-ba39-fe3b144a3424@group-5C58AB1EE98A-LeaderElection30] INFO  server.RaftServerConfigKeys (ConfUtils.java:logGet(46)) - raft.server.write.element-limit = 1024 (custom)
2022-07-12 21:06:27,718 [ac679b26-c737-4eb4-ba39-fe3b144a3424@group-5C58AB1EE98A-LeaderElection30] INFO  server.RaftServerConfigKeys (ConfUtils.java:logGet(46)) - raft.server.write.byte-limit = 1024 M (=1073741824) (custom)
2022-07-12 21:06:27,733 [b88517ff-a734-4baa-8e75-48c6a6d5a3f3-server-thread1] INFO  segmented.SegmentedRaftLogWorker (SegmentedRaftLogWorker.java:startLogSegment(425)) - b88517ff-a734-4baa-8e75-48c6a6d5a3f3@group-0B74D8152EAC-SegmentedRaftLogWorker: Starting segment from index:0
2022-07-12 21:06:27,734 [ac679b26-c737-4eb4-ba39-fe3b144a3424@group-5C58AB1EE98A-LeaderElection30] INFO  server.RaftServerConfigKeys (ConfUtils.java:logGet(46)) - raft.server.watch.timeout = 180s (custom)
2022-07-12 21:06:27,734 [ac679b26-c737-4eb4-ba39-fe3b144a3424@group-5C58AB1EE98A-LeaderElection30] INFO  server.RaftServerConfigKeys (ConfUtils.java:logGet(46)) - raft.server.watch.timeout.denomination = 1s (default)
2022-07-12 21:06:27,734 [ac679b26-c737-4eb4-ba39-fe3b144a3424@group-5C58AB1EE98A-LeaderElection30] INFO  server.RaftServerConfigKeys (ConfUtils.java:logGet(46)) - raft.server.watch.element-limit = 65536 (default)
2022-07-12 21:06:27,734 [ac679b26-c737-4eb4-ba39-fe3b144a3424@group-5C58AB1EE98A-LeaderElection30] INFO  server.RaftServerConfigKeys (ConfUtils.java:logGet(46)) - raft.server.write.element-limit = 1024 (custom)
2022-07-12 21:06:27,734 [ac679b26-c737-4eb4-ba39-fe3b144a3424@group-5C58AB1EE98A-LeaderElection30] INFO  server.RaftServerConfigKeys (ConfUtils.java:logGet(46)) - raft.server.write.follower.gap.ratio.max = -1.0 (default)
2022-07-12 21:06:27,734 [ac679b26-c737-4eb4-ba39-fe3b144a3424@group-5C58AB1EE98A-LeaderElection30] INFO  impl.RoleInfo (RoleInfo.java:updateAndGet(139)) - ac679b26-c737-4eb4-ba39-fe3b144a3424: start ac679b26-c737-4eb4-ba39-fe3b144a3424@group-5C58AB1EE98A-LeaderStateImpl
2022-07-12 21:06:27,735 [ac679b26-c737-4eb4-ba39-fe3b144a3424@group-5C58AB1EE98A-LeaderElection30] INFO  segmented.SegmentedRaftLogWorker (SegmentedRaftLogWorker.java:startLogSegment(425)) - ac679b26-c737-4eb4-ba39-fe3b144a3424@group-5C58AB1EE98A-SegmentedRaftLogWorker: Starting segment from index:0
2022-07-12 21:06:27,735 [b88517ff-a734-4baa-8e75-48c6a6d5a3f3@group-0B74D8152EAC-SegmentedRaftLogWorker] INFO  segmented.SegmentedRaftLogWorker (SegmentedRaftLogWorker.java:execute(629)) - b88517ff-a734-4baa-8e75-48c6a6d5a3f3@group-0B74D8152EAC-SegmentedRaftLogWorker: created new log segment /home/runner/work/ozone/ozone/hadoop-ozone/integration-test/target/test-dir/MiniOzoneClusterImpl-f732ff5a-6050-490e-9ecc-7e3ed1996e94/datanode-1/data/ratis/400725b4-e971-4031-87b3-0b74d8152eac/current/log_inprogress_0
2022-07-12 21:06:27,738 [pool-730-thread-1] INFO  server.RaftServerConfigKeys (ConfUtils.java:logGet(46)) - raft.server.log.write.buffer.size = 1048576 (custom)
2022-07-12 21:06:27,738 [pool-730-thread-1] INFO  server.RaftServerConfigKeys (ConfUtils.java:logGet(46)) - raft.server.log.unsafe-flush.enabled = false (default)
2022-07-12 21:06:27,738 [pool-730-thread-1] INFO  server.RaftServerConfigKeys (ConfUtils.java:logGet(46)) - raft.server.log.statemachine.data.caching.enabled = true (custom)
2022-07-12 21:06:27,738 [pool-730-thread-1] INFO  segmented.SegmentedRaftLogWorker (SegmentedRaftLogWorker.java:lambda$new$0(135)) - 0047f0d6-cad6-4c01-8720-7c34e3f82305@group-E5193E0A4BDE-SegmentedRaftLogWorker: flushIndex: setUnconditionally 0 -> -1
2022-07-12 21:06:27,738 [pool-730-thread-1] INFO  segmented.SegmentedRaftLogWorker (SegmentedRaftLogWorker.java:lambda$new$0(135)) - 0047f0d6-cad6-4c01-8720-7c34e3f82305@group-E5193E0A4BDE-SegmentedRaftLogWorker: safeCacheEvictIndex: setUnconditionally 0 -> -1
2022-07-12 21:06:27,738 [ac679b26-c737-4eb4-ba39-fe3b144a3424@group-5C58AB1EE98A-SegmentedRaftLogWorker] INFO  segmented.SegmentedRaftLogWorker (SegmentedRaftLogWorker.java:execute(629)) - ac679b26-c737-4eb4-ba39-fe3b144a3424@group-5C58AB1EE98A-SegmentedRaftLogWorker: created new log segment /home/runner/work/ozone/ozone/hadoop-ozone/integration-test/target/test-dir/MiniOzoneClusterImpl-f732ff5a-6050-490e-9ecc-7e3ed1996e94/datanode-2/data/ratis/128647e7-ef75-4d6f-9e3b-5c58ab1ee98a/current/log_inprogress_0
2022-07-12 21:06:27,747 [ac679b26-c737-4eb4-ba39-fe3b144a3424-server-thread1] INFO  ratis.XceiverServerRatis (XceiverServerRatis.java:handleLeaderChangedNotification(863)) - Leader change notification received for group: group-0B74D8152EAC with new leaderId: 6d03a90d-b393-4c2b-aa32-f45668f1c5ca
2022-07-12 21:06:27,747 [ac679b26-c737-4eb4-ba39-fe3b144a3424-server-thread1] INFO  server.RaftServer$Division (ServerState.java:setLeader(287)) - ac679b26-c737-4eb4-ba39-fe3b144a3424@group-0B74D8152EAC: change Leader from null to 6d03a90d-b393-4c2b-aa32-f45668f1c5ca at term 1 for appendEntries, leader elected after 5250ms
2022-07-12 21:06:27,747 [ac679b26-c737-4eb4-ba39-fe3b144a3424@group-5C58AB1EE98A-LeaderElection30] INFO  server.RaftServer$Division (ServerState.java:setRaftConf(393)) - ac679b26-c737-4eb4-ba39-fe3b144a3424@group-5C58AB1EE98A: set configuration 0: [ac679b26-c737-4eb4-ba39-fe3b144a3424|rpc:10.1.0.20:34833|dataStream:|priority:1], old=null
2022-07-12 21:06:27,747 [pool-730-thread-1] INFO  server.RaftServerConfigKeys (ConfUtils.java:logGet(46)) - raft.server.snapshot.auto.trigger.enabled = true (custom)
2022-07-12 21:06:27,791 [pool-730-thread-1] INFO  server.RaftServerConfigKeys (ConfUtils.java:logGet(46)) - raft.server.snapshot.auto.trigger.threshold = 10000 (custom)
2022-07-12 21:06:27,792 [pool-730-thread-1] INFO  server.RaftServerConfigKeys (ConfUtils.java:logGet(46)) - raft.server.snapshot.retention.file.num = 5 (custom)
2022-07-12 21:06:27,792 [pool-730-thread-1] INFO  server.RaftServerConfigKeys (ConfUtils.java:logGet(46)) - raft.server.log.purge.upto.snapshot.index = false (default)
2022-07-12 21:06:27,792 [pool-730-thread-1] INFO  server.RaftServerConfigKeys (ConfUtils.java:logGet(46)) - raft.server.retrycache.expirytime = 600000ms (custom)
2022-07-12 21:06:27,792 [pool-730-thread-1] INFO  server.RaftServerConfigKeys (ConfUtils.java:logGet(46)) - raft.server.retrycache.statistics.expirytime = 100μs (default)
2022-07-12 21:06:27,755 [ac679b26-c737-4eb4-ba39-fe3b144a3424-server-thread1] INFO  server.RaftServer$Division (ServerState.java:setRaftConf(393)) - ac679b26-c737-4eb4-ba39-fe3b144a3424@group-0B74D8152EAC: set configuration 0: [b88517ff-a734-4baa-8e75-48c6a6d5a3f3|rpc:10.1.0.20:38005|dataStream:|priority:0, 6d03a90d-b393-4c2b-aa32-f45668f1c5ca|rpc:10.1.0.20:39877|dataStream:|priority:1, ac679b26-c737-4eb4-ba39-fe3b144a3424|rpc:10.1.0.20:34833|dataStream:|priority:0], old=null
2022-07-12 21:06:27,793 [ac679b26-c737-4eb4-ba39-fe3b144a3424-server-thread1] INFO  segmented.SegmentedRaftLogWorker (SegmentedRaftLogWorker.java:startLogSegment(425)) - ac679b26-c737-4eb4-ba39-fe3b144a3424@group-0B74D8152EAC-SegmentedRaftLogWorker: Starting segment from index:0
2022-07-12 21:06:27,794 [pool-730-thread-1] INFO  server.RaftServerConfigKeys (ConfUtils.java:logGet(46)) - raft.server.log.appender.install.snapshot.enabled = false (custom)
2022-07-12 21:06:27,794 [pool-730-thread-1] INFO  server.RaftServerConfigKeys (ConfUtils.java:logGet(46)) - raft.server.threadpool.server.cached = true (default)
2022-07-12 21:06:27,794 [pool-730-thread-1] INFO  server.RaftServerConfigKeys (ConfUtils.java:logGet(46)) - raft.server.threadpool.server.size = 0 (default)
2022-07-12 21:06:27,794 [pool-730-thread-1] INFO  server.RaftServerConfigKeys (ConfUtils.java:logGet(46)) - raft.server.threadpool.client.cached = true (default)
2022-07-12 21:06:27,794 [pool-730-thread-1] INFO  server.RaftServerConfigKeys (ConfUtils.java:logGet(46)) - raft.server.threadpool.client.size = 0 (default)
2022-07-12 21:06:27,794 [pool-730-thread-1] INFO  server.RaftServer$Division (RaftServerImpl.java:start(310)) - 0047f0d6-cad6-4c01-8720-7c34e3f82305@group-E5193E0A4BDE: start as a follower, conf=-1: [0047f0d6-cad6-4c01-8720-7c34e3f82305|rpc:10.1.0.20:43179|priority:1], old=null
2022-07-12 21:06:27,794 [pool-730-thread-1] INFO  server.RaftServer$Division (RaftServerImpl.java:setRole(299)) - 0047f0d6-cad6-4c01-8720-7c34e3f82305@group-E5193E0A4BDE: changes role from      null to FOLLOWER at term 0 for startAsFollower
2022-07-12 21:06:27,795 [ac679b26-c737-4eb4-ba39-fe3b144a3424@group-0B74D8152EAC-SegmentedRaftLogWorker] INFO  segmented.SegmentedRaftLogWorker (SegmentedRaftLogWorker.java:execute(629)) - ac679b26-c737-4eb4-ba39-fe3b144a3424@group-0B74D8152EAC-SegmentedRaftLogWorker: created new log segment /home/runner/work/ozone/ozone/hadoop-ozone/integration-test/target/test-dir/MiniOzoneClusterImpl-f732ff5a-6050-490e-9ecc-7e3ed1996e94/datanode-2/data/ratis/400725b4-e971-4031-87b3-0b74d8152eac/current/log_inprogress_0
2022-07-12 21:06:27,824 [pool-730-thread-1] INFO  impl.RoleInfo (RoleInfo.java:updateAndGet(139)) - 0047f0d6-cad6-4c01-8720-7c34e3f82305: start 0047f0d6-cad6-4c01-8720-7c34e3f82305@group-E5193E0A4BDE-FollowerState
2022-07-12 21:06:27,825 [pool-730-thread-1] INFO  util.JmxRegister (JmxRegister.java:tryRegister(44)) - Successfully registered JMX Bean with object name Ratis:service=RaftServer,group=group-E5193E0A4BDE,id=0047f0d6-cad6-4c01-8720-7c34e3f82305
2022-07-12 21:06:27,891 [Command processor thread] INFO  ratis.XceiverServerRatis (XceiverServerRatis.java:addGroup(765)) - Created group PipelineID=e625bbb4-f795-494b-8b0e-e5193e0a4bde
2022-07-12 21:06:27,892 [Command processor thread] INFO  commandhandler.CreatePipelineCommandHandler (CreatePipelineCommandHandler.java:handle(113)) - Created Pipeline RATIS ONE PipelineID=e625bbb4-f795-494b-8b0e-e5193e0a4bde.
2022-07-12 21:06:28,008 [b88517ff-a734-4baa-8e75-48c6a6d5a3f3@group-BE38D2CF02A1-FollowerState] INFO  impl.FollowerState (FollowerState.java:run(143)) - b88517ff-a734-4baa-8e75-48c6a6d5a3f3@group-BE38D2CF02A1-FollowerState: change to CANDIDATE, lastRpcElapsedTime:5082519051ns, electionTimeout:5065ms
2022-07-12 21:06:28,008 [b88517ff-a734-4baa-8e75-48c6a6d5a3f3@group-BE38D2CF02A1-FollowerState] INFO  impl.RoleInfo (RoleInfo.java:shutdownFollowerState(110)) - b88517ff-a734-4baa-8e75-48c6a6d5a3f3: shutdown b88517ff-a734-4baa-8e75-48c6a6d5a3f3@group-BE38D2CF02A1-FollowerState
2022-07-12 21:06:28,008 [b88517ff-a734-4baa-8e75-48c6a6d5a3f3@group-BE38D2CF02A1-FollowerState] INFO  server.RaftServer$Division (RaftServerImpl.java:setRole(299)) - b88517ff-a734-4baa-8e75-48c6a6d5a3f3@group-BE38D2CF02A1: changes role from  FOLLOWER to CANDIDATE at term 0 for changeToCandidate
2022-07-12 21:06:28,008 [b88517ff-a734-4baa-8e75-48c6a6d5a3f3@group-BE38D2CF02A1-FollowerState] INFO  server.RaftServerConfigKeys (ConfUtils.java:logGet(46)) - raft.server.leaderelection.pre-vote = false (custom)
2022-07-12 21:06:28,009 [b88517ff-a734-4baa-8e75-48c6a6d5a3f3@group-BE38D2CF02A1-FollowerState] INFO  impl.RoleInfo (RoleInfo.java:updateAndGet(139)) - b88517ff-a734-4baa-8e75-48c6a6d5a3f3: start b88517ff-a734-4baa-8e75-48c6a6d5a3f3@group-BE38D2CF02A1-LeaderElection31
2022-07-12 21:06:28,049 [b88517ff-a734-4baa-8e75-48c6a6d5a3f3@group-BE38D2CF02A1-LeaderElection31] INFO  impl.LeaderElection (LeaderElection.java:askForVotes(310)) - b88517ff-a734-4baa-8e75-48c6a6d5a3f3@group-BE38D2CF02A1-LeaderElection31 ELECTION round 0: submit vote requests at term 1 for -1: [b88517ff-a734-4baa-8e75-48c6a6d5a3f3|rpc:10.1.0.20:38005|priority:1], old=null
2022-07-12 21:06:28,049 [b88517ff-a734-4baa-8e75-48c6a6d5a3f3@group-BE38D2CF02A1-LeaderElection31] INFO  impl.LeaderElection (LeaderElection.java:askForVotes(312)) - b88517ff-a734-4baa-8e75-48c6a6d5a3f3@group-BE38D2CF02A1-LeaderElection31 ELECTION round 0: result PASSED (term=1)
2022-07-12 21:06:28,049 [b88517ff-a734-4baa-8e75-48c6a6d5a3f3@group-BE38D2CF02A1-LeaderElection31] INFO  impl.RoleInfo (RoleInfo.java:shutdownLeaderElection(130)) - b88517ff-a734-4baa-8e75-48c6a6d5a3f3: shutdown b88517ff-a734-4baa-8e75-48c6a6d5a3f3@group-BE38D2CF02A1-LeaderElection31
2022-07-12 21:06:28,049 [b88517ff-a734-4baa-8e75-48c6a6d5a3f3@group-BE38D2CF02A1-LeaderElection31] INFO  server.RaftServer$Division (RaftServerImpl.java:setRole(299)) - b88517ff-a734-4baa-8e75-48c6a6d5a3f3@group-BE38D2CF02A1: changes role from CANDIDATE to LEADER at term 1 for changeToLeader
2022-07-12 21:06:28,049 [b88517ff-a734-4baa-8e75-48c6a6d5a3f3@group-BE38D2CF02A1-LeaderElection31] INFO  ratis.XceiverServerRatis (XceiverServerRatis.java:handleLeaderChangedNotification(863)) - Leader change notification received for group: group-BE38D2CF02A1 with new leaderId: b88517ff-a734-4baa-8e75-48c6a6d5a3f3
2022-07-12 21:06:28,050 [b88517ff-a734-4baa-8e75-48c6a6d5a3f3@group-BE38D2CF02A1-LeaderElection31] INFO  server.RaftServer$Division (ServerState.java:setLeader(287)) - b88517ff-a734-4baa-8e75-48c6a6d5a3f3@group-BE38D2CF02A1: change Leader from null to b88517ff-a734-4baa-8e75-48c6a6d5a3f3 at term 1 for becomeLeader, leader elected after 5153ms
2022-07-12 21:06:28,050 [b88517ff-a734-4baa-8e75-48c6a6d5a3f3@group-BE38D2CF02A1-LeaderElection31] INFO  server.RaftServerConfigKeys (ConfUtils.java:logGet(46)) - raft.server.staging.catchup.gap = 1000 (default)
2022-07-12 21:06:28,050 [b88517ff-a734-4baa-8e75-48c6a6d5a3f3@group-BE38D2CF02A1-LeaderElection31] INFO  server.RaftServerConfigKeys (ConfUtils.java:logGet(46)) - raft.server.write.element-limit = 1024 (custom)
2022-07-12 21:06:28,050 [b88517ff-a734-4baa-8e75-48c6a6d5a3f3@group-BE38D2CF02A1-LeaderElection31] INFO  server.RaftServerConfigKeys (ConfUtils.java:logGet(46)) - raft.server.write.byte-limit = 1024 M (=1073741824) (custom)
2022-07-12 21:06:28,050 [b88517ff-a734-4baa-8e75-48c6a6d5a3f3@group-BE38D2CF02A1-LeaderElection31] INFO  server.RaftServerConfigKeys (ConfUtils.java:logGet(46)) - raft.server.watch.timeout = 180s (custom)
2022-07-12 21:06:28,050 [b88517ff-a734-4baa-8e75-48c6a6d5a3f3@group-BE38D2CF02A1-LeaderElection31] INFO  server.RaftServerConfigKeys (ConfUtils.java:logGet(46)) - raft.server.watch.timeout.denomination = 1s (default)
2022-07-12 21:06:28,050 [b88517ff-a734-4baa-8e75-48c6a6d5a3f3@group-BE38D2CF02A1-LeaderElection31] INFO  server.RaftServerConfigKeys (ConfUtils.java:logGet(46)) - raft.server.watch.element-limit = 65536 (default)
2022-07-12 21:06:28,050 [b88517ff-a734-4baa-8e75-48c6a6d5a3f3@group-BE38D2CF02A1-LeaderElection31] INFO  server.RaftServerConfigKeys (ConfUtils.java:logGet(46)) - raft.server.write.element-limit = 1024 (custom)
2022-07-12 21:06:28,051 [b88517ff-a734-4baa-8e75-48c6a6d5a3f3@group-BE38D2CF02A1-LeaderElection31] INFO  server.RaftServerConfigKeys (ConfUtils.java:logGet(46)) - raft.server.write.follower.gap.ratio.max = -1.0 (default)
2022-07-12 21:06:28,051 [b88517ff-a734-4baa-8e75-48c6a6d5a3f3@group-BE38D2CF02A1-LeaderElection31] INFO  impl.RoleInfo (RoleInfo.java:updateAndGet(139)) - b88517ff-a734-4baa-8e75-48c6a6d5a3f3: start b88517ff-a734-4baa-8e75-48c6a6d5a3f3@group-BE38D2CF02A1-LeaderStateImpl
2022-07-12 21:06:28,051 [b88517ff-a734-4baa-8e75-48c6a6d5a3f3@group-BE38D2CF02A1-LeaderElection31] INFO  segmented.SegmentedRaftLogWorker (SegmentedRaftLogWorker.java:startLogSegment(425)) - b88517ff-a734-4baa-8e75-48c6a6d5a3f3@group-BE38D2CF02A1-SegmentedRaftLogWorker: Starting segment from index:0
2022-07-12 21:06:28,061 [b88517ff-a734-4baa-8e75-48c6a6d5a3f3@group-BE38D2CF02A1-LeaderElection31] INFO  server.RaftServer$Division (ServerState.java:setRaftConf(393)) - b88517ff-a734-4baa-8e75-48c6a6d5a3f3@group-BE38D2CF02A1: set configuration 0: [b88517ff-a734-4baa-8e75-48c6a6d5a3f3|rpc:10.1.0.20:38005|dataStream:|priority:1], old=null
2022-07-12 21:06:28,062 [b88517ff-a734-4baa-8e75-48c6a6d5a3f3@group-BE38D2CF02A1-SegmentedRaftLogWorker] INFO  segmented.SegmentedRaftLogWorker (SegmentedRaftLogWorker.java:execute(629)) - b88517ff-a734-4baa-8e75-48c6a6d5a3f3@group-BE38D2CF02A1-SegmentedRaftLogWorker: created new log segment /home/runner/work/ozone/ozone/hadoop-ozone/integration-test/target/test-dir/MiniOzoneClusterImpl-f732ff5a-6050-490e-9ecc-7e3ed1996e94/datanode-1/data/ratis/c385bfab-866e-47ef-9f27-be38d2cf02a1/current/log_inprogress_0
2022-07-12 21:06:28,509 [Listener at 127.0.0.1/37581] INFO  ozone.MiniOzoneClusterImpl (MiniOzoneClusterImpl.java:lambda$waitForClusterToBeReady$0(223)) - Nodes are ready. Got 5 of 5 DN Heartbeats.
2022-07-12 21:06:28,510 [Listener at 127.0.0.1/37581] INFO  ozone.MiniOzoneClusterImpl (MiniOzoneClusterImpl.java:lambda$waitForClusterToBeReady$0(226)) - Cluster exits safe mode
2022-07-12 21:06:28,510 [Listener at 127.0.0.1/37581] INFO  ozone.MiniOzoneClusterImpl (MiniOzoneClusterImpl.java:lambda$waitForClusterToBeReady$0(228)) - SCM became leader
2022-07-12 21:06:28,653 [Time-limited test] INFO  rpc.RpcClient (RpcClient.java:createVolume(466)) - Creating Volume: volume23236, with user21222 as owner and space quota set to -1 bytes, counts quota set to -1
2022-07-12 21:06:28,657 [IPC Server handler 2 on default port 37581] INFO  volume.OMVolumeCreateRequest (OMVolumeCreateRequest.java:validateAndUpdateCache(195)) - created volume:volume23236 for user:user21222
2022-07-12 21:06:28,676 [Time-limited test] INFO  rpc.RpcClient (RpcClient.java:createBucket(669)) - Creating Bucket: volume23236/bucket27917, with bucket layout LEGACY, runner as owner, Versioning false, Storage Type set to DISK and Encryption set to false 
2022-07-12 21:06:28,684 [IPC Server handler 11 on default port 37581] INFO  bucket.OMBucketCreateRequest (OMBucketCreateRequest.java:validateAndUpdateCache(260)) - created bucket: bucket27917 of layout LEGACY in volume: volume23236
2022-07-12 21:06:28,748 [IPC Server handler 10 on default port 34473] INFO  ha.SequenceIdGenerator (SequenceIdGenerator.java:getNextId(128)) - Allocate a batch for containerId, change lastId from 0 to 1000.
2022-07-12 21:06:28,749 [IPC Server handler 10 on default port 34473] WARN  ha.SequenceIdGenerator (SequenceIdGenerator.java:allocateBatch(237)) - Failed to allocate a batch for localId, expected lastId is 0, actual lastId is 109611004723200000.
2022-07-12 21:06:28,749 [IPC Server handler 10 on default port 34473] INFO  ha.SequenceIdGenerator (SequenceIdGenerator.java:getNextId(128)) - Allocate a batch for localId, change lastId from 109611004723200000 to 109611004723201000.
21:06:28.771 [IPC Server handler 16 on default port 37581] ERROR OMAudit - user=runner | ip=127.0.0.1 | op=GET_FILE_STATUS {volume=volume23236, bucket=bucket27917, key=dir76/file1, dataSize=0, replicationConfig=null} | ret=FAILURE
org.apache.hadoop.ozone.om.exceptions.OMException: Unable to get file status: volume: volume23236 bucket: bucket27917 key: dir76/file1
	at org.apache.hadoop.ozone.om.KeyManagerImpl.getOzoneFileStatus(KeyManagerImpl.java:1311) ~[ozone-manager-1.3.0-SNAPSHOT.jar:?]
	at org.apache.hadoop.ozone.om.KeyManagerImpl.getFileStatus(KeyManagerImpl.java:1241) ~[ozone-manager-1.3.0-SNAPSHOT.jar:?]
	at org.apache.hadoop.ozone.om.OzoneManager.getFileStatus(OzoneManager.java:3419) ~[ozone-manager-1.3.0-SNAPSHOT.jar:?]
	at org.apache.hadoop.ozone.protocolPB.OzoneManagerRequestHandler.getOzoneFileStatus(OzoneManagerRequestHandler.java:871) ~[ozone-manager-1.3.0-SNAPSHOT.jar:?]
	at org.apache.hadoop.ozone.protocolPB.OzoneManagerRequestHandler.handleReadRequest(OzoneManagerRequestHandler.java:217) ~[ozone-manager-1.3.0-SNAPSHOT.jar:?]
	at org.apache.hadoop.ozone.protocolPB.OzoneManagerProtocolServerSideTranslatorPB.submitRequestDirectlyToOM(OzoneManagerProtocolServerSideTranslatorPB.java:276) ~[ozone-manager-1.3.0-SNAPSHOT.jar:?]
	at org.apache.hadoop.ozone.protocolPB.OzoneManagerProtocolServerSideTranslatorPB.processRequest(OzoneManagerProtocolServerSideTranslatorPB.java:205) ~[ozone-manager-1.3.0-SNAPSHOT.jar:?]
	at org.apache.hadoop.hdds.server.OzoneProtocolMessageDispatcher.processRequest(OzoneProtocolMessageDispatcher.java:87) [hdds-server-framework-1.3.0-SNAPSHOT.jar:?]
	at org.apache.hadoop.ozone.protocolPB.OzoneManagerProtocolServerSideTranslatorPB.submitRequest(OzoneManagerProtocolServerSideTranslatorPB.java:147) [ozone-manager-1.3.0-SNAPSHOT.jar:?]
	at org.apache.hadoop.ozone.protocol.proto.OzoneManagerProtocolProtos$OzoneManagerService$2.callBlockingMethod(OzoneManagerProtocolProtos.java) [ozone-interface-client-1.3.0-SNAPSHOT.jar:?]
	at org.apache.hadoop.ipc.ProtobufRpcEngine$Server.processCall(ProtobufRpcEngine.java:466) [hadoop-common-3.3.1.jar:?]
	at org.apache.hadoop.ipc.ProtobufRpcEngine2$Server$ProtoBufRpcInvoker.call(ProtobufRpcEngine2.java:574) [hadoop-common-3.3.1.jar:?]
	at org.apache.hadoop.ipc.ProtobufRpcEngine2$Server$ProtoBufRpcInvoker.call(ProtobufRpcEngine2.java:552) [hadoop-common-3.3.1.jar:?]
	at org.apache.hadoop.ipc.RPC$Server.call(RPC.java:1093) [hadoop-common-3.3.1.jar:?]
	at org.apache.hadoop.ipc.Server$RpcCall.run(Server.java:1035) [hadoop-common-3.3.1.jar:?]
	at org.apache.hadoop.ipc.Server$RpcCall.run(Server.java:963) [hadoop-common-3.3.1.jar:?]
	at java.security.AccessController.doPrivileged(Native Method) ~[?:1.8.0_332]
	at javax.security.auth.Subject.doAs(Subject.java:422) [?:1.8.0_332]
	at org.apache.hadoop.security.UserGroupInformation.doAs(UserGroupInformation.java:1878) [hadoop-common-3.3.1.jar:?]
	at org.apache.hadoop.ipc.Server$Handler.run(Server.java:2966) [hadoop-common-3.3.1.jar:?]
]]></system-out>
  </testcase>
  <testcase name="testRenameFile" classname="TestRootedOzoneFileSystem" time="0.456">
    <system-out><![CDATA[2022-07-12 21:06:53,361 [Listener at 127.0.0.1/37581] INFO  ozone.MiniOzoneClusterImpl (MiniOzoneClusterImpl.java:shutdown(460)) - Shutting down the Mini Ozone Cluster
2022-07-12 21:06:53,361 [Listener at 127.0.0.1/37581] INFO  ozone.MiniOzoneClusterImpl (MiniOzoneClusterImpl.java:stop(475)) - Stopping the Mini Ozone Cluster
2022-07-12 21:06:53,362 [Listener at 127.0.0.1/37581] INFO  ozone.MiniOzoneClusterImpl (MiniOzoneClusterImpl.java:stopOM(557)) - Stopping the OzoneManager
2022-07-12 21:06:53,362 [Listener at 127.0.0.1/37581] INFO  om.OzoneManager (OzoneManager.java:stop(2020)) - om1[localhost:0]: Stopping Ozone Manager
2022-07-12 21:06:53,362 [Listener at 127.0.0.1/37581] INFO  ipc.Server (Server.java:stop(3414)) - Stopping server on 37581
2022-07-12 21:06:53,416 [Listener at 127.0.0.1/37581] INFO  ratis.OzoneManagerDoubleBuffer (OzoneManagerDoubleBuffer.java:stop(465)) - Stopping OMDoubleBuffer flush thread
2022-07-12 21:06:53,416 [IPC Server listener on 0] INFO  ipc.Server (Server.java:run(1376)) - Stopping IPC Server listener on 0
2022-07-12 21:06:53,416 [IPC Server Responder] INFO  ipc.Server (Server.java:run(1512)) - Stopping IPC Server Responder
2022-07-12 21:06:53,417 [OMDoubleBufferFlushThread] INFO  ratis.OzoneManagerDoubleBuffer (OzoneManagerDoubleBuffer.java:flushTransactions(385)) - OMDoubleBuffer flush thread OMDoubleBufferFlushThread is interrupted and will exit.
2022-07-12 21:06:53,417 [Listener at 127.0.0.1/37581] INFO  utils.BackgroundService (BackgroundService.java:shutdown(132)) - Shutting down service KeyDeletingService
2022-07-12 21:06:53,417 [Listener at 127.0.0.1/37581] INFO  utils.BackgroundService (BackgroundService.java:shutdown(132)) - Shutting down service DirectoryDeletingService
2022-07-12 21:06:53,441 [Listener at 127.0.0.1/37581] INFO  utils.BackgroundService (BackgroundService.java:shutdown(132)) - Shutting down service OpenKeyCleanupService
2022-07-12 21:06:53,442 [Listener at 127.0.0.1/37581] INFO  handler.ContextHandler (ContextHandler.java:doStop(1153)) - Stopped o.e.j.w.WebAppContext@6fadb8b7{ozoneManager,/,null,STOPPED}{file:/home/runner/work/ozone/ozone/hadoop-ozone/integration-test/target/test-classes/webapps/ozoneManager}
2022-07-12 21:06:53,443 [Listener at 127.0.0.1/37581] INFO  server.AbstractConnector (AbstractConnector.java:doStop(381)) - Stopped ServerConnector@b2dc176{HTTP/1.1, (http/1.1)}{0.0.0.0:0}
2022-07-12 21:06:53,443 [Listener at 127.0.0.1/37581] INFO  server.session (HouseKeeper.java:stopScavenging(149)) - node0 Stopped scavenging
2022-07-12 21:06:53,443 [Listener at 127.0.0.1/37581] INFO  handler.ContextHandler (ContextHandler.java:doStop(1153)) - Stopped o.e.j.s.ServletContextHandler@3403cb00{static,/static,file:///home/runner/work/ozone/ozone/hadoop-ozone/integration-test/target/test-classes/webapps/static,STOPPED}
2022-07-12 21:06:53,443 [Listener at 127.0.0.1/37581] INFO  handler.ContextHandler (ContextHandler.java:doStop(1153)) - Stopped o.e.j.s.ServletContextHandler@23f0a79b{logs,/logs,file:///home/runner/work/ozone/ozone/hadoop-ozone/integration-test/target/log,STOPPED}
2022-07-12 21:06:53,451 [Listener at 127.0.0.1/37581] INFO  ozone.MiniOzoneClusterImpl (MiniOzoneClusterImpl.java:stopDatanodes(534)) - Stopping the HddsDatanodes
2022-07-12 21:06:53,454 [Trash Emptier] ERROR util.ExitUtils (ExitUtils.java:terminate(133)) - Terminating with exit status -1: Thread[Trash Emptier,5,main] has thrown an uncaught exception
java.lang.UnsupportedOperationException: fs.getUri() not implemented in TrashOzoneFileSystem
	at org.apache.hadoop.ozone.om.TrashOzoneFileSystem.getUri(TrashOzoneFileSystem.java:126)
	at org.apache.hadoop.fs.FileSystem.close(FileSystem.java:2592)
	at org.apache.hadoop.ozone.om.TrashPolicyOzone$Emptier.run(TrashPolicyOzone.java:243)
	at java.lang.Thread.run(Thread.java:750)
2022-07-12 21:06:58,454 [ForkJoinPool.commonPool-worker-1] INFO  ozoneimpl.OzoneContainer (OzoneContainer.java:stop(365)) - Attempting to stop container services.
2022-07-12 21:06:58,455 [Listener at 127.0.0.1/37581] INFO  ozoneimpl.OzoneContainer (OzoneContainer.java:stop(365)) - Attempting to stop container services.
2022-07-12 21:06:58,455 [ForkJoinPool.commonPool-worker-1] INFO  server.RaftServer (RaftServerProxy.java:lambda$close$7(398)) - b88517ff-a734-4baa-8e75-48c6a6d5a3f3: close
2022-07-12 21:06:58,456 [ForkJoinPool.commonPool-worker-1] INFO  server.RaftServer$Division (RaftServerImpl.java:lambda$close$4(434)) - b88517ff-a734-4baa-8e75-48c6a6d5a3f3@group-C0EB019A3F66: shutdown
2022-07-12 21:06:58,456 [ForkJoinPool.commonPool-worker-1] INFO  util.JmxRegister (JmxRegister.java:unregister(73)) - Successfully un-registered JMX Bean with object name Ratis:service=RaftServer,group=group-C0EB019A3F66,id=b88517ff-a734-4baa-8e75-48c6a6d5a3f3
2022-07-12 21:06:58,456 [ForkJoinPool.commonPool-worker-1] INFO  impl.RoleInfo (RoleInfo.java:shutdownLeaderState(93)) - b88517ff-a734-4baa-8e75-48c6a6d5a3f3: shutdown b88517ff-a734-4baa-8e75-48c6a6d5a3f3@group-C0EB019A3F66-LeaderStateImpl
2022-07-12 21:06:58,456 [ForkJoinPool.commonPool-worker-1] INFO  impl.PendingRequests (PendingRequests.java:sendNotLeaderResponses(282)) - b88517ff-a734-4baa-8e75-48c6a6d5a3f3@group-C0EB019A3F66-PendingRequests: sendNotLeaderResponses
2022-07-12 21:06:58,457 [ForkJoinPool.commonPool-worker-1] INFO  impl.StateMachineUpdater (StateMachineUpdater.java:stopAndJoin(153)) - b88517ff-a734-4baa-8e75-48c6a6d5a3f3@group-C0EB019A3F66-StateMachineUpdater: set stopIndex = 0
2022-07-12 21:06:58,457 [b88517ff-a734-4baa-8e75-48c6a6d5a3f3@group-C0EB019A3F66->6d03a90d-b393-4c2b-aa32-f45668f1c5ca-GrpcLogAppender-LogAppenderDaemon] WARN  server.GrpcLogAppender (GrpcLogAppender.java:mayWait(171)) - b88517ff-a734-4baa-8e75-48c6a6d5a3f3@group-C0EB019A3F66->6d03a90d-b393-4c2b-aa32-f45668f1c5ca-GrpcLogAppender: Wait interrupted by java.lang.InterruptedException
2022-07-12 21:06:58,457 [b88517ff-a734-4baa-8e75-48c6a6d5a3f3@group-C0EB019A3F66->ac679b26-c737-4eb4-ba39-fe3b144a3424-GrpcLogAppender-LogAppenderDaemon] WARN  server.GrpcLogAppender (GrpcLogAppender.java:mayWait(171)) - b88517ff-a734-4baa-8e75-48c6a6d5a3f3@group-C0EB019A3F66->ac679b26-c737-4eb4-ba39-fe3b144a3424-GrpcLogAppender: Wait interrupted by java.lang.InterruptedException
2022-07-12 21:06:58,457 [b88517ff-a734-4baa-8e75-48c6a6d5a3f3@group-C0EB019A3F66-StateMachineUpdater] INFO  ratis.ContainerStateMachine (ContainerStateMachine.java:takeSnapshot(304)) - group-C0EB019A3F66: Taking a snapshot at:(t:4, i:0) file /home/runner/work/ozone/ozone/hadoop-ozone/integration-test/target/test-dir/MiniOzoneClusterImpl-f732ff5a-6050-490e-9ecc-7e3ed1996e94/datanode-1/data/ratis/08541ec7-9ede-4229-bab4-c0eb019a3f66/sm/snapshot.4_0
2022-07-12 21:06:58,461 [b88517ff-a734-4baa-8e75-48c6a6d5a3f3@group-C0EB019A3F66-StateMachineUpdater] INFO  ratis.ContainerStateMachine (ContainerStateMachine.java:takeSnapshot(315)) - group-C0EB019A3F66: Finished taking a snapshot at:(t:4, i:0) file:/home/runner/work/ozone/ozone/hadoop-ozone/integration-test/target/test-dir/MiniOzoneClusterImpl-f732ff5a-6050-490e-9ecc-7e3ed1996e94/datanode-1/data/ratis/08541ec7-9ede-4229-bab4-c0eb019a3f66/sm/snapshot.4_0 took: 4 ms
2022-07-12 21:06:58,461 [b88517ff-a734-4baa-8e75-48c6a6d5a3f3@group-C0EB019A3F66-StateMachineUpdater] INFO  impl.StateMachineUpdater (StateMachineUpdater.java:takeSnapshot(287)) - b88517ff-a734-4baa-8e75-48c6a6d5a3f3@group-C0EB019A3F66-StateMachineUpdater: Took a snapshot at index 0
2022-07-12 21:06:58,461 [b88517ff-a734-4baa-8e75-48c6a6d5a3f3@group-C0EB019A3F66-StateMachineUpdater] INFO  impl.StateMachineUpdater (StateMachineUpdater.java:lambda$new$0(92)) - b88517ff-a734-4baa-8e75-48c6a6d5a3f3@group-C0EB019A3F66-StateMachineUpdater: snapshotIndex: updateIncreasingly -1 -> 0
2022-07-12 21:06:58,481 [ForkJoinPool.commonPool-worker-1] INFO  server.RaftServer$Division (ServerState.java:close(429)) - b88517ff-a734-4baa-8e75-48c6a6d5a3f3@group-C0EB019A3F66: closes. applyIndex: 0
2022-07-12 21:06:58,481 [b88517ff-a734-4baa-8e75-48c6a6d5a3f3@group-C0EB019A3F66-SegmentedRaftLogWorker] INFO  segmented.SegmentedRaftLogWorker (SegmentedRaftLogWorker.java:run(336)) - b88517ff-a734-4baa-8e75-48c6a6d5a3f3@group-C0EB019A3F66-SegmentedRaftLogWorker was interrupted, exiting. There are 0 tasks remaining in the queue.
2022-07-12 21:06:58,478 [grpc-default-executor-2] INFO  server.GrpcServerProtocolService (GrpcServerProtocolService.java:onCompleted(140)) - ac679b26-c737-4eb4-ba39-fe3b144a3424: Completed APPEND_ENTRIES, lastRequest: b88517ff-a734-4baa-8e75-48c6a6d5a3f3->ac679b26-c737-4eb4-ba39-fe3b144a3424#1-t4,previous=(t:0, i:0),leaderCommit=0,initializing? true,entries: size=1, first=(t:4, i:0), CONFIGURATIONENTRY
2022-07-12 21:06:58,478 [grpc-default-executor-4] INFO  server.GrpcServerProtocolService (GrpcServerProtocolService.java:onCompleted(140)) - 6d03a90d-b393-4c2b-aa32-f45668f1c5ca: Completed APPEND_ENTRIES, lastRequest: b88517ff-a734-4baa-8e75-48c6a6d5a3f3->6d03a90d-b393-4c2b-aa32-f45668f1c5ca#1-t4,previous=(t:0, i:0),leaderCommit=-1,initializing? true,entries: size=1, first=(t:4, i:0), CONFIGURATIONENTRY
2022-07-12 21:06:58,478 [Listener at 127.0.0.1/37581] INFO  server.RaftServer (RaftServerProxy.java:lambda$close$7(398)) - ac679b26-c737-4eb4-ba39-fe3b144a3424: close
2022-07-12 21:06:58,482 [Listener at 127.0.0.1/37581] INFO  server.RaftServer$Division (RaftServerImpl.java:lambda$close$4(434)) - ac679b26-c737-4eb4-ba39-fe3b144a3424@group-C0EB019A3F66: shutdown
2022-07-12 21:06:58,482 [Listener at 127.0.0.1/37581] INFO  util.JmxRegister (JmxRegister.java:unregister(73)) - Successfully un-registered JMX Bean with object name Ratis:service=RaftServer,group=group-C0EB019A3F66,id=ac679b26-c737-4eb4-ba39-fe3b144a3424
2022-07-12 21:06:58,482 [Listener at 127.0.0.1/37581] INFO  impl.RoleInfo (RoleInfo.java:shutdownFollowerState(110)) - ac679b26-c737-4eb4-ba39-fe3b144a3424: shutdown ac679b26-c737-4eb4-ba39-fe3b144a3424@group-C0EB019A3F66-FollowerState
2022-07-12 21:06:58,482 [Listener at 127.0.0.1/37581] INFO  impl.StateMachineUpdater (StateMachineUpdater.java:stopAndJoin(153)) - ac679b26-c737-4eb4-ba39-fe3b144a3424@group-C0EB019A3F66-StateMachineUpdater: set stopIndex = 0
2022-07-12 21:06:58,482 [ac679b26-c737-4eb4-ba39-fe3b144a3424@group-C0EB019A3F66-FollowerState] INFO  impl.FollowerState (FollowerState.java:run(152)) - ac679b26-c737-4eb4-ba39-fe3b144a3424@group-C0EB019A3F66-FollowerState was interrupted
2022-07-12 21:06:58,482 [ac679b26-c737-4eb4-ba39-fe3b144a3424@group-C0EB019A3F66-StateMachineUpdater] INFO  ratis.ContainerStateMachine (ContainerStateMachine.java:takeSnapshot(304)) - group-C0EB019A3F66: Taking a snapshot at:(t:4, i:0) file /home/runner/work/ozone/ozone/hadoop-ozone/integration-test/target/test-dir/MiniOzoneClusterImpl-f732ff5a-6050-490e-9ecc-7e3ed1996e94/datanode-2/data/ratis/08541ec7-9ede-4229-bab4-c0eb019a3f66/sm/snapshot.4_0
2022-07-12 21:06:58,483 [grpc-default-executor-3] INFO  server.GrpcLogAppender (GrpcLogAppender.java:onCompleted(339)) - b88517ff-a734-4baa-8e75-48c6a6d5a3f3@group-C0EB019A3F66->ac679b26-c737-4eb4-ba39-fe3b144a3424-AppendLogResponseHandler: follower responses appendEntries COMPLETED
2022-07-12 21:06:58,483 [grpc-default-executor-0] INFO  server.GrpcLogAppender (GrpcLogAppender.java:onCompleted(339)) - b88517ff-a734-4baa-8e75-48c6a6d5a3f3@group-C0EB019A3F66->6d03a90d-b393-4c2b-aa32-f45668f1c5ca-AppendLogResponseHandler: follower responses appendEntries COMPLETED
2022-07-12 21:06:58,483 [grpc-default-executor-0] INFO  leader.FollowerInfo (FollowerInfoImpl.java:lambda$new$0(48)) - b88517ff-a734-4baa-8e75-48c6a6d5a3f3@group-C0EB019A3F66->6d03a90d-b393-4c2b-aa32-f45668f1c5ca: nextIndex: updateUnconditionally 1 -> 0
2022-07-12 21:06:58,485 [grpc-default-executor-3] INFO  leader.FollowerInfo (FollowerInfoImpl.java:lambda$new$0(48)) - b88517ff-a734-4baa-8e75-48c6a6d5a3f3@group-C0EB019A3F66->ac679b26-c737-4eb4-ba39-fe3b144a3424: nextIndex: updateUnconditionally 1 -> 0
2022-07-12 21:06:58,485 [ForkJoinPool.commonPool-worker-1] INFO  segmented.SegmentedRaftLogWorker (SegmentedRaftLogWorker.java:close(246)) - b88517ff-a734-4baa-8e75-48c6a6d5a3f3@group-C0EB019A3F66-SegmentedRaftLogWorker close()
2022-07-12 21:06:58,491 [ac679b26-c737-4eb4-ba39-fe3b144a3424@group-C0EB019A3F66-StateMachineUpdater] INFO  ratis.ContainerStateMachine (ContainerStateMachine.java:takeSnapshot(315)) - group-C0EB019A3F66: Finished taking a snapshot at:(t:4, i:0) file:/home/runner/work/ozone/ozone/hadoop-ozone/integration-test/target/test-dir/MiniOzoneClusterImpl-f732ff5a-6050-490e-9ecc-7e3ed1996e94/datanode-2/data/ratis/08541ec7-9ede-4229-bab4-c0eb019a3f66/sm/snapshot.4_0 took: 8 ms
2022-07-12 21:06:58,491 [ac679b26-c737-4eb4-ba39-fe3b144a3424@group-C0EB019A3F66-StateMachineUpdater] INFO  impl.StateMachineUpdater (StateMachineUpdater.java:takeSnapshot(287)) - ac679b26-c737-4eb4-ba39-fe3b144a3424@group-C0EB019A3F66-StateMachineUpdater: Took a snapshot at index 0
2022-07-12 21:06:58,491 [ac679b26-c737-4eb4-ba39-fe3b144a3424@group-C0EB019A3F66-StateMachineUpdater] INFO  impl.StateMachineUpdater (StateMachineUpdater.java:lambda$new$0(92)) - ac679b26-c737-4eb4-ba39-fe3b144a3424@group-C0EB019A3F66-StateMachineUpdater: snapshotIndex: updateIncreasingly -1 -> 0
2022-07-12 21:06:58,494 [Listener at 127.0.0.1/37581] INFO  server.RaftServer$Division (ServerState.java:close(429)) - ac679b26-c737-4eb4-ba39-fe3b144a3424@group-C0EB019A3F66: closes. applyIndex: 0
2022-07-12 21:06:58,494 [ac679b26-c737-4eb4-ba39-fe3b144a3424@group-C0EB019A3F66-SegmentedRaftLogWorker] INFO  segmented.SegmentedRaftLogWorker (SegmentedRaftLogWorker.java:run(336)) - ac679b26-c737-4eb4-ba39-fe3b144a3424@group-C0EB019A3F66-SegmentedRaftLogWorker was interrupted, exiting. There are 0 tasks remaining in the queue.
2022-07-12 21:06:58,495 [ForkJoinPool.commonPool-worker-1] INFO  server.RaftServer$Division (RaftServerImpl.java:lambda$close$4(434)) - b88517ff-a734-4baa-8e75-48c6a6d5a3f3@group-0B74D8152EAC: shutdown
2022-07-12 21:06:58,496 [ForkJoinPool.commonPool-worker-1] INFO  util.JmxRegister (JmxRegister.java:unregister(73)) - Successfully un-registered JMX Bean with object name Ratis:service=RaftServer,group=group-0B74D8152EAC,id=b88517ff-a734-4baa-8e75-48c6a6d5a3f3
2022-07-12 21:06:58,496 [ForkJoinPool.commonPool-worker-1] INFO  impl.RoleInfo (RoleInfo.java:shutdownFollowerState(110)) - b88517ff-a734-4baa-8e75-48c6a6d5a3f3: shutdown b88517ff-a734-4baa-8e75-48c6a6d5a3f3@group-0B74D8152EAC-FollowerState
2022-07-12 21:06:58,496 [ForkJoinPool.commonPool-worker-1] INFO  impl.StateMachineUpdater (StateMachineUpdater.java:stopAndJoin(153)) - b88517ff-a734-4baa-8e75-48c6a6d5a3f3@group-0B74D8152EAC-StateMachineUpdater: set stopIndex = 32
2022-07-12 21:06:58,496 [b88517ff-a734-4baa-8e75-48c6a6d5a3f3@group-0B74D8152EAC-FollowerState] INFO  impl.FollowerState (FollowerState.java:run(152)) - b88517ff-a734-4baa-8e75-48c6a6d5a3f3@group-0B74D8152EAC-FollowerState was interrupted
2022-07-12 21:06:58,497 [b88517ff-a734-4baa-8e75-48c6a6d5a3f3@group-0B74D8152EAC-StateMachineUpdater] INFO  ratis.ContainerStateMachine (ContainerStateMachine.java:takeSnapshot(304)) - group-0B74D8152EAC: Taking a snapshot at:(t:1, i:32) file /home/runner/work/ozone/ozone/hadoop-ozone/integration-test/target/test-dir/MiniOzoneClusterImpl-f732ff5a-6050-490e-9ecc-7e3ed1996e94/datanode-1/data/ratis/400725b4-e971-4031-87b3-0b74d8152eac/sm/snapshot.1_32
2022-07-12 21:06:58,498 [b88517ff-a734-4baa-8e75-48c6a6d5a3f3@group-0B74D8152EAC-StateMachineUpdater] INFO  ratis.ContainerStateMachine (ContainerStateMachine.java:takeSnapshot(315)) - group-0B74D8152EAC: Finished taking a snapshot at:(t:1, i:32) file:/home/runner/work/ozone/ozone/hadoop-ozone/integration-test/target/test-dir/MiniOzoneClusterImpl-f732ff5a-6050-490e-9ecc-7e3ed1996e94/datanode-1/data/ratis/400725b4-e971-4031-87b3-0b74d8152eac/sm/snapshot.1_32 took: 1 ms
2022-07-12 21:06:58,498 [b88517ff-a734-4baa-8e75-48c6a6d5a3f3@group-0B74D8152EAC-StateMachineUpdater] INFO  impl.StateMachineUpdater (StateMachineUpdater.java:takeSnapshot(287)) - b88517ff-a734-4baa-8e75-48c6a6d5a3f3@group-0B74D8152EAC-StateMachineUpdater: Took a snapshot at index 32
2022-07-12 21:06:58,498 [b88517ff-a734-4baa-8e75-48c6a6d5a3f3@group-0B74D8152EAC-StateMachineUpdater] INFO  impl.StateMachineUpdater (StateMachineUpdater.java:lambda$new$0(92)) - b88517ff-a734-4baa-8e75-48c6a6d5a3f3@group-0B74D8152EAC-StateMachineUpdater: snapshotIndex: updateIncreasingly -1 -> 32
2022-07-12 21:06:58,499 [ForkJoinPool.commonPool-worker-1] INFO  server.RaftServer$Division (ServerState.java:close(429)) - b88517ff-a734-4baa-8e75-48c6a6d5a3f3@group-0B74D8152EAC: closes. applyIndex: 32
2022-07-12 21:06:58,499 [b88517ff-a734-4baa-8e75-48c6a6d5a3f3@group-0B74D8152EAC-SegmentedRaftLogWorker] INFO  segmented.SegmentedRaftLogWorker (SegmentedRaftLogWorker.java:run(336)) - b88517ff-a734-4baa-8e75-48c6a6d5a3f3@group-0B74D8152EAC-SegmentedRaftLogWorker was interrupted, exiting. There are 0 tasks remaining in the queue.
2022-07-12 21:06:58,501 [Listener at 127.0.0.1/37581] INFO  segmented.SegmentedRaftLogWorker (SegmentedRaftLogWorker.java:close(246)) - ac679b26-c737-4eb4-ba39-fe3b144a3424@group-C0EB019A3F66-SegmentedRaftLogWorker close()
2022-07-12 21:06:58,503 [Listener at 127.0.0.1/37581] INFO  server.RaftServer$Division (RaftServerImpl.java:lambda$close$4(434)) - ac679b26-c737-4eb4-ba39-fe3b144a3424@group-5C58AB1EE98A: shutdown
2022-07-12 21:06:58,503 [Listener at 127.0.0.1/37581] INFO  util.JmxRegister (JmxRegister.java:unregister(73)) - Successfully un-registered JMX Bean with object name Ratis:service=RaftServer,group=group-5C58AB1EE98A,id=ac679b26-c737-4eb4-ba39-fe3b144a3424
2022-07-12 21:06:58,503 [Listener at 127.0.0.1/37581] INFO  impl.RoleInfo (RoleInfo.java:shutdownLeaderState(93)) - ac679b26-c737-4eb4-ba39-fe3b144a3424: shutdown ac679b26-c737-4eb4-ba39-fe3b144a3424@group-5C58AB1EE98A-LeaderStateImpl
2022-07-12 21:06:58,503 [Listener at 127.0.0.1/37581] INFO  impl.PendingRequests (PendingRequests.java:sendNotLeaderResponses(282)) - ac679b26-c737-4eb4-ba39-fe3b144a3424@group-5C58AB1EE98A-PendingRequests: sendNotLeaderResponses
2022-07-12 21:06:58,506 [Listener at 127.0.0.1/37581] INFO  impl.StateMachineUpdater (StateMachineUpdater.java:stopAndJoin(153)) - ac679b26-c737-4eb4-ba39-fe3b144a3424@group-5C58AB1EE98A-StateMachineUpdater: set stopIndex = 0
2022-07-12 21:06:58,507 [ac679b26-c737-4eb4-ba39-fe3b144a3424@group-5C58AB1EE98A-StateMachineUpdater] INFO  ratis.ContainerStateMachine (ContainerStateMachine.java:takeSnapshot(304)) - group-5C58AB1EE98A: Taking a snapshot at:(t:1, i:0) file /home/runner/work/ozone/ozone/hadoop-ozone/integration-test/target/test-dir/MiniOzoneClusterImpl-f732ff5a-6050-490e-9ecc-7e3ed1996e94/datanode-2/data/ratis/128647e7-ef75-4d6f-9e3b-5c58ab1ee98a/sm/snapshot.1_0
2022-07-12 21:06:58,508 [ac679b26-c737-4eb4-ba39-fe3b144a3424@group-5C58AB1EE98A-StateMachineUpdater] INFO  ratis.ContainerStateMachine (ContainerStateMachine.java:takeSnapshot(315)) - group-5C58AB1EE98A: Finished taking a snapshot at:(t:1, i:0) file:/home/runner/work/ozone/ozone/hadoop-ozone/integration-test/target/test-dir/MiniOzoneClusterImpl-f732ff5a-6050-490e-9ecc-7e3ed1996e94/datanode-2/data/ratis/128647e7-ef75-4d6f-9e3b-5c58ab1ee98a/sm/snapshot.1_0 took: 1 ms
2022-07-12 21:06:58,511 [ac679b26-c737-4eb4-ba39-fe3b144a3424@group-5C58AB1EE98A-StateMachineUpdater] INFO  impl.StateMachineUpdater (StateMachineUpdater.java:takeSnapshot(287)) - ac679b26-c737-4eb4-ba39-fe3b144a3424@group-5C58AB1EE98A-StateMachineUpdater: Took a snapshot at index 0
2022-07-12 21:06:58,511 [ac679b26-c737-4eb4-ba39-fe3b144a3424@group-5C58AB1EE98A-StateMachineUpdater] INFO  impl.StateMachineUpdater (StateMachineUpdater.java:lambda$new$0(92)) - ac679b26-c737-4eb4-ba39-fe3b144a3424@group-5C58AB1EE98A-StateMachineUpdater: snapshotIndex: updateIncreasingly -1 -> 0
2022-07-12 21:06:58,511 [Listener at 127.0.0.1/37581] INFO  server.RaftServer$Division (ServerState.java:close(429)) - ac679b26-c737-4eb4-ba39-fe3b144a3424@group-5C58AB1EE98A: closes. applyIndex: 0
2022-07-12 21:06:58,508 [ForkJoinPool.commonPool-worker-1] INFO  segmented.SegmentedRaftLogWorker (SegmentedRaftLogWorker.java:close(246)) - b88517ff-a734-4baa-8e75-48c6a6d5a3f3@group-0B74D8152EAC-SegmentedRaftLogWorker close()
2022-07-12 21:06:58,512 [ac679b26-c737-4eb4-ba39-fe3b144a3424@group-5C58AB1EE98A-SegmentedRaftLogWorker] INFO  segmented.SegmentedRaftLogWorker (SegmentedRaftLogWorker.java:run(336)) - ac679b26-c737-4eb4-ba39-fe3b144a3424@group-5C58AB1EE98A-SegmentedRaftLogWorker was interrupted, exiting. There are 0 tasks remaining in the queue.
2022-07-12 21:06:58,516 [Listener at 127.0.0.1/37581] INFO  segmented.SegmentedRaftLogWorker (SegmentedRaftLogWorker.java:close(246)) - ac679b26-c737-4eb4-ba39-fe3b144a3424@group-5C58AB1EE98A-SegmentedRaftLogWorker close()
2022-07-12 21:06:58,524 [ForkJoinPool.commonPool-worker-1] INFO  server.RaftServer$Division (RaftServerImpl.java:lambda$close$4(434)) - b88517ff-a734-4baa-8e75-48c6a6d5a3f3@group-BE38D2CF02A1: shutdown
2022-07-12 21:06:58,524 [ForkJoinPool.commonPool-worker-1] INFO  util.JmxRegister (JmxRegister.java:unregister(73)) - Successfully un-registered JMX Bean with object name Ratis:service=RaftServer,group=group-BE38D2CF02A1,id=b88517ff-a734-4baa-8e75-48c6a6d5a3f3
2022-07-12 21:06:58,524 [ForkJoinPool.commonPool-worker-1] INFO  impl.RoleInfo (RoleInfo.java:shutdownLeaderState(93)) - b88517ff-a734-4baa-8e75-48c6a6d5a3f3: shutdown b88517ff-a734-4baa-8e75-48c6a6d5a3f3@group-BE38D2CF02A1-LeaderStateImpl
2022-07-12 21:06:58,524 [ForkJoinPool.commonPool-worker-1] INFO  impl.PendingRequests (PendingRequests.java:sendNotLeaderResponses(282)) - b88517ff-a734-4baa-8e75-48c6a6d5a3f3@group-BE38D2CF02A1-PendingRequests: sendNotLeaderResponses
2022-07-12 21:06:58,525 [ForkJoinPool.commonPool-worker-1] INFO  impl.StateMachineUpdater (StateMachineUpdater.java:stopAndJoin(153)) - b88517ff-a734-4baa-8e75-48c6a6d5a3f3@group-BE38D2CF02A1-StateMachineUpdater: set stopIndex = 0
2022-07-12 21:06:58,525 [b88517ff-a734-4baa-8e75-48c6a6d5a3f3@group-BE38D2CF02A1-StateMachineUpdater] INFO  ratis.ContainerStateMachine (ContainerStateMachine.java:takeSnapshot(304)) - group-BE38D2CF02A1: Taking a snapshot at:(t:1, i:0) file /home/runner/work/ozone/ozone/hadoop-ozone/integration-test/target/test-dir/MiniOzoneClusterImpl-f732ff5a-6050-490e-9ecc-7e3ed1996e94/datanode-1/data/ratis/c385bfab-866e-47ef-9f27-be38d2cf02a1/sm/snapshot.1_0
2022-07-12 21:06:58,526 [b88517ff-a734-4baa-8e75-48c6a6d5a3f3@group-BE38D2CF02A1-StateMachineUpdater] INFO  ratis.ContainerStateMachine (ContainerStateMachine.java:takeSnapshot(315)) - group-BE38D2CF02A1: Finished taking a snapshot at:(t:1, i:0) file:/home/runner/work/ozone/ozone/hadoop-ozone/integration-test/target/test-dir/MiniOzoneClusterImpl-f732ff5a-6050-490e-9ecc-7e3ed1996e94/datanode-1/data/ratis/c385bfab-866e-47ef-9f27-be38d2cf02a1/sm/snapshot.1_0 took: 2 ms
2022-07-12 21:06:58,527 [b88517ff-a734-4baa-8e75-48c6a6d5a3f3@group-BE38D2CF02A1-StateMachineUpdater] INFO  impl.StateMachineUpdater (StateMachineUpdater.java:takeSnapshot(287)) - b88517ff-a734-4baa-8e75-48c6a6d5a3f3@group-BE38D2CF02A1-StateMachineUpdater: Took a snapshot at index 0
2022-07-12 21:06:58,527 [b88517ff-a734-4baa-8e75-48c6a6d5a3f3@group-BE38D2CF02A1-StateMachineUpdater] INFO  impl.StateMachineUpdater (StateMachineUpdater.java:lambda$new$0(92)) - b88517ff-a734-4baa-8e75-48c6a6d5a3f3@group-BE38D2CF02A1-StateMachineUpdater: snapshotIndex: updateIncreasingly -1 -> 0
2022-07-12 21:06:58,528 [ForkJoinPool.commonPool-worker-1] INFO  server.RaftServer$Division (ServerState.java:close(429)) - b88517ff-a734-4baa-8e75-48c6a6d5a3f3@group-BE38D2CF02A1: closes. applyIndex: 0
2022-07-12 21:06:58,528 [b88517ff-a734-4baa-8e75-48c6a6d5a3f3@group-BE38D2CF02A1-SegmentedRaftLogWorker] INFO  segmented.SegmentedRaftLogWorker (SegmentedRaftLogWorker.java:run(336)) - b88517ff-a734-4baa-8e75-48c6a6d5a3f3@group-BE38D2CF02A1-SegmentedRaftLogWorker was interrupted, exiting. There are 0 tasks remaining in the queue.
2022-07-12 21:06:58,536 [Listener at 127.0.0.1/37581] INFO  server.RaftServer$Division (RaftServerImpl.java:lambda$close$4(434)) - ac679b26-c737-4eb4-ba39-fe3b144a3424@group-0B74D8152EAC: shutdown
2022-07-12 21:06:58,536 [Listener at 127.0.0.1/37581] INFO  util.JmxRegister (JmxRegister.java:unregister(73)) - Successfully un-registered JMX Bean with object name Ratis:service=RaftServer,group=group-0B74D8152EAC,id=ac679b26-c737-4eb4-ba39-fe3b144a3424
2022-07-12 21:06:58,536 [Listener at 127.0.0.1/37581] INFO  impl.RoleInfo (RoleInfo.java:shutdownFollowerState(110)) - ac679b26-c737-4eb4-ba39-fe3b144a3424: shutdown ac679b26-c737-4eb4-ba39-fe3b144a3424@group-0B74D8152EAC-FollowerState
2022-07-12 21:06:58,536 [Listener at 127.0.0.1/37581] INFO  impl.StateMachineUpdater (StateMachineUpdater.java:stopAndJoin(153)) - ac679b26-c737-4eb4-ba39-fe3b144a3424@group-0B74D8152EAC-StateMachineUpdater: set stopIndex = 32
2022-07-12 21:06:58,537 [ac679b26-c737-4eb4-ba39-fe3b144a3424@group-0B74D8152EAC-StateMachineUpdater] INFO  ratis.ContainerStateMachine (ContainerStateMachine.java:takeSnapshot(304)) - group-0B74D8152EAC: Taking a snapshot at:(t:1, i:32) file /home/runner/work/ozone/ozone/hadoop-ozone/integration-test/target/test-dir/MiniOzoneClusterImpl-f732ff5a-6050-490e-9ecc-7e3ed1996e94/datanode-2/data/ratis/400725b4-e971-4031-87b3-0b74d8152eac/sm/snapshot.1_32
2022-07-12 21:06:58,537 [ForkJoinPool.commonPool-worker-1] INFO  segmented.SegmentedRaftLogWorker (SegmentedRaftLogWorker.java:close(246)) - b88517ff-a734-4baa-8e75-48c6a6d5a3f3@group-BE38D2CF02A1-SegmentedRaftLogWorker close()
2022-07-12 21:06:58,537 [ac679b26-c737-4eb4-ba39-fe3b144a3424@group-0B74D8152EAC-FollowerState] INFO  impl.FollowerState (FollowerState.java:run(152)) - ac679b26-c737-4eb4-ba39-fe3b144a3424@group-0B74D8152EAC-FollowerState was interrupted
2022-07-12 21:06:58,538 [ac679b26-c737-4eb4-ba39-fe3b144a3424@group-0B74D8152EAC-StateMachineUpdater] INFO  ratis.ContainerStateMachine (ContainerStateMachine.java:takeSnapshot(315)) - group-0B74D8152EAC: Finished taking a snapshot at:(t:1, i:32) file:/home/runner/work/ozone/ozone/hadoop-ozone/integration-test/target/test-dir/MiniOzoneClusterImpl-f732ff5a-6050-490e-9ecc-7e3ed1996e94/datanode-2/data/ratis/400725b4-e971-4031-87b3-0b74d8152eac/sm/snapshot.1_32 took: 1 ms
2022-07-12 21:06:58,538 [ac679b26-c737-4eb4-ba39-fe3b144a3424@group-0B74D8152EAC-StateMachineUpdater] INFO  impl.StateMachineUpdater (StateMachineUpdater.java:takeSnapshot(287)) - ac679b26-c737-4eb4-ba39-fe3b144a3424@group-0B74D8152EAC-StateMachineUpdater: Took a snapshot at index 32
2022-07-12 21:06:58,538 [ac679b26-c737-4eb4-ba39-fe3b144a3424@group-0B74D8152EAC-StateMachineUpdater] INFO  impl.StateMachineUpdater (StateMachineUpdater.java:lambda$new$0(92)) - ac679b26-c737-4eb4-ba39-fe3b144a3424@group-0B74D8152EAC-StateMachineUpdater: snapshotIndex: updateIncreasingly -1 -> 32
2022-07-12 21:06:58,555 [ForkJoinPool.commonPool-worker-1] INFO  server.GrpcService (GrpcService.java:closeImpl(269)) - b88517ff-a734-4baa-8e75-48c6a6d5a3f3: shutdown server with port 38005 now
2022-07-12 21:06:58,559 [grpc-default-executor-2] WARN  server.GrpcServerProtocolService (LogUtils.java:warn(122)) - b88517ff-a734-4baa-8e75-48c6a6d5a3f3: installSnapshot onError, lastRequest: 6d03a90d-b393-4c2b-aa32-f45668f1c5ca->b88517ff-a734-4baa-8e75-48c6a6d5a3f3#676-t1,previous=(t:1, i:31),leaderCommit=30,initializing? true,entries: size=1, first=(t:1, i:32), METADATAENTRY(c:30): org.apache.ratis.thirdparty.io.grpc.StatusRuntimeException: CANCELLED: client cancelled
2022-07-12 21:06:58,559 [grpc-default-executor-3] WARN  server.GrpcLogAppender (LogUtils.java:warn(122)) - 6d03a90d-b393-4c2b-aa32-f45668f1c5ca@group-0B74D8152EAC->b88517ff-a734-4baa-8e75-48c6a6d5a3f3-AppendLogResponseHandler: Failed appendEntries: org.apache.ratis.thirdparty.io.grpc.StatusRuntimeException: CANCELLED: RST_STREAM closed stream. HTTP/2 error code: CANCEL
2022-07-12 21:06:58,560 [grpc-default-executor-3] INFO  leader.FollowerInfo (FollowerInfoImpl.java:lambda$new$0(48)) - 6d03a90d-b393-4c2b-aa32-f45668f1c5ca@group-0B74D8152EAC->b88517ff-a734-4baa-8e75-48c6a6d5a3f3: nextIndex: updateUnconditionally 33 -> 32
2022-07-12 21:06:58,564 [ForkJoinPool.commonPool-worker-1] INFO  server.GrpcService (GrpcService.java:closeImpl(278)) - b88517ff-a734-4baa-8e75-48c6a6d5a3f3: shutdown server with port 38005 successfully
2022-07-12 21:06:58,567 [org.apache.ratis.util.JvmPauseMonitor$$Lambda$613/1050667922@4a4948b6] INFO  util.JvmPauseMonitor (JvmPauseMonitor.java:run(109)) - JvmPauseMonitor-b88517ff-a734-4baa-8e75-48c6a6d5a3f3: Stopped
2022-07-12 21:06:58,576 [grpc-default-executor-3] WARN  server.GrpcLogAppender (LogUtils.java:warn(122)) - 6d03a90d-b393-4c2b-aa32-f45668f1c5ca@group-0B74D8152EAC->b88517ff-a734-4baa-8e75-48c6a6d5a3f3-AppendLogResponseHandler: Failed appendEntries: org.apache.ratis.thirdparty.io.grpc.StatusRuntimeException: UNAVAILABLE: io exception
2022-07-12 21:06:58,577 [grpc-default-executor-3] INFO  leader.FollowerInfo (FollowerInfoImpl.java:lambda$new$0(48)) - 6d03a90d-b393-4c2b-aa32-f45668f1c5ca@group-0B74D8152EAC->b88517ff-a734-4baa-8e75-48c6a6d5a3f3: nextIndex: updateUnconditionally 33 -> 32
2022-07-12 21:06:58,580 [Listener at 127.0.0.1/37581] INFO  server.RaftServer$Division (ServerState.java:close(429)) - ac679b26-c737-4eb4-ba39-fe3b144a3424@group-0B74D8152EAC: closes. applyIndex: 32
2022-07-12 21:06:58,580 [ac679b26-c737-4eb4-ba39-fe3b144a3424@group-0B74D8152EAC-SegmentedRaftLogWorker] INFO  segmented.SegmentedRaftLogWorker (SegmentedRaftLogWorker.java:run(336)) - ac679b26-c737-4eb4-ba39-fe3b144a3424@group-0B74D8152EAC-SegmentedRaftLogWorker was interrupted, exiting. There are 0 tasks remaining in the queue.
2022-07-12 21:06:58,596 [Listener at 127.0.0.1/37581] INFO  segmented.SegmentedRaftLogWorker (SegmentedRaftLogWorker.java:close(246)) - ac679b26-c737-4eb4-ba39-fe3b144a3424@group-0B74D8152EAC-SegmentedRaftLogWorker close()
2022-07-12 21:06:58,613 [Listener at 127.0.0.1/37581] INFO  server.GrpcService (GrpcService.java:closeImpl(269)) - ac679b26-c737-4eb4-ba39-fe3b144a3424: shutdown server with port 34833 now
2022-07-12 21:06:58,614 [grpc-default-executor-4] WARN  server.GrpcServerProtocolService (LogUtils.java:warn(122)) - ac679b26-c737-4eb4-ba39-fe3b144a3424: installSnapshot onError, lastRequest: 6d03a90d-b393-4c2b-aa32-f45668f1c5ca->ac679b26-c737-4eb4-ba39-fe3b144a3424#693-t1,previous=(t:1, i:31),leaderCommit=30,initializing? true,entries: size=1, first=(t:1, i:32), METADATAENTRY(c:30): org.apache.ratis.thirdparty.io.grpc.StatusRuntimeException: CANCELLED: client cancelled
2022-07-12 21:06:58,630 [Listener at 127.0.0.1/37581] INFO  server.GrpcService (GrpcService.java:closeImpl(278)) - ac679b26-c737-4eb4-ba39-fe3b144a3424: shutdown server with port 34833 successfully
2022-07-12 21:06:58,630 [org.apache.ratis.util.JvmPauseMonitor$$Lambda$613/1050667922@2568675a] INFO  util.JvmPauseMonitor (JvmPauseMonitor.java:run(109)) - JvmPauseMonitor-ac679b26-c737-4eb4-ba39-fe3b144a3424: Stopped
2022-07-12 21:06:58,668 [grpc-default-executor-3] WARN  server.GrpcLogAppender (LogUtils.java:warn(122)) - 6d03a90d-b393-4c2b-aa32-f45668f1c5ca@group-0B74D8152EAC->ac679b26-c737-4eb4-ba39-fe3b144a3424-AppendLogResponseHandler: Failed appendEntries: org.apache.ratis.thirdparty.io.grpc.StatusRuntimeException: CANCELLED: RST_STREAM closed stream. HTTP/2 error code: CANCEL
2022-07-12 21:06:58,668 [grpc-default-executor-3] INFO  leader.FollowerInfo (FollowerInfoImpl.java:lambda$new$0(48)) - 6d03a90d-b393-4c2b-aa32-f45668f1c5ca@group-0B74D8152EAC->ac679b26-c737-4eb4-ba39-fe3b144a3424: nextIndex: updateUnconditionally 33 -> 32
2022-07-12 21:06:58,675 [grpc-default-executor-4] WARN  server.GrpcLogAppender (LogUtils.java:warn(122)) - 6d03a90d-b393-4c2b-aa32-f45668f1c5ca@group-0B74D8152EAC->ac679b26-c737-4eb4-ba39-fe3b144a3424-AppendLogResponseHandler: Failed appendEntries: org.apache.ratis.thirdparty.io.grpc.StatusRuntimeException: UNAVAILABLE: io exception
2022-07-12 21:06:58,675 [grpc-default-executor-4] INFO  leader.FollowerInfo (FollowerInfoImpl.java:lambda$new$0(48)) - 6d03a90d-b393-4c2b-aa32-f45668f1c5ca@group-0B74D8152EAC->ac679b26-c737-4eb4-ba39-fe3b144a3424: nextIndex: updateUnconditionally 33 -> 32
2022-07-12 21:06:59,369 [grpc-default-executor-4] WARN  server.GrpcLogAppender (LogUtils.java:warn(122)) - 6d03a90d-b393-4c2b-aa32-f45668f1c5ca@group-0B74D8152EAC->ac679b26-c737-4eb4-ba39-fe3b144a3424-AppendLogResponseHandler: Failed appendEntries: org.apache.ratis.thirdparty.io.grpc.StatusRuntimeException: UNAVAILABLE: io exception
2022-07-12 21:06:59,370 [grpc-default-executor-4] INFO  leader.FollowerInfo (FollowerInfoImpl.java:lambda$new$0(48)) - 6d03a90d-b393-4c2b-aa32-f45668f1c5ca@group-0B74D8152EAC->ac679b26-c737-4eb4-ba39-fe3b144a3424: nextIndex: updateUnconditionally 33 -> 32
2022-07-12 21:06:59,419 [grpc-default-executor-4] WARN  server.GrpcLogAppender (LogUtils.java:warn(122)) - 6d03a90d-b393-4c2b-aa32-f45668f1c5ca@group-0B74D8152EAC->b88517ff-a734-4baa-8e75-48c6a6d5a3f3-AppendLogResponseHandler: Failed appendEntries: org.apache.ratis.thirdparty.io.grpc.StatusRuntimeException: UNAVAILABLE: io exception
2022-07-12 21:06:59,420 [grpc-default-executor-4] INFO  leader.FollowerInfo (FollowerInfoImpl.java:lambda$new$0(48)) - 6d03a90d-b393-4c2b-aa32-f45668f1c5ca@group-0B74D8152EAC->b88517ff-a734-4baa-8e75-48c6a6d5a3f3: nextIndex: updateUnconditionally 33 -> 32
2022-07-12 21:07:00,620 [grpc-default-executor-4] WARN  server.GrpcLogAppender (LogUtils.java:warn(122)) - 6d03a90d-b393-4c2b-aa32-f45668f1c5ca@group-0B74D8152EAC->ac679b26-c737-4eb4-ba39-fe3b144a3424-AppendLogResponseHandler: Failed appendEntries: org.apache.ratis.thirdparty.io.grpc.StatusRuntimeException: UNAVAILABLE: io exception
2022-07-12 21:07:00,620 [grpc-default-executor-4] INFO  leader.FollowerInfo (FollowerInfoImpl.java:lambda$new$0(48)) - 6d03a90d-b393-4c2b-aa32-f45668f1c5ca@group-0B74D8152EAC->ac679b26-c737-4eb4-ba39-fe3b144a3424: nextIndex: updateUnconditionally 33 -> 32
2022-07-12 21:07:00,670 [grpc-default-executor-4] WARN  server.GrpcLogAppender (LogUtils.java:warn(122)) - 6d03a90d-b393-4c2b-aa32-f45668f1c5ca@group-0B74D8152EAC->b88517ff-a734-4baa-8e75-48c6a6d5a3f3-AppendLogResponseHandler: Failed appendEntries: org.apache.ratis.thirdparty.io.grpc.StatusRuntimeException: UNAVAILABLE: io exception
2022-07-12 21:07:00,670 [grpc-default-executor-4] INFO  leader.FollowerInfo (FollowerInfoImpl.java:lambda$new$0(48)) - 6d03a90d-b393-4c2b-aa32-f45668f1c5ca@group-0B74D8152EAC->b88517ff-a734-4baa-8e75-48c6a6d5a3f3: nextIndex: updateUnconditionally 33 -> 32
2022-07-12 21:07:00,692 [ForkJoinPool.commonPool-worker-1] INFO  utils.BackgroundService (BackgroundService.java:shutdown(132)) - Shutting down service BlockDeletingService
2022-07-12 21:07:00,744 [Listener at 127.0.0.1/37581] INFO  utils.BackgroundService (BackgroundService.java:shutdown(132)) - Shutting down service BlockDeletingService
2022-07-12 21:07:01,871 [grpc-default-executor-4] WARN  server.GrpcLogAppender (LogUtils.java:warn(122)) - 6d03a90d-b393-4c2b-aa32-f45668f1c5ca@group-0B74D8152EAC->ac679b26-c737-4eb4-ba39-fe3b144a3424-AppendLogResponseHandler: Failed appendEntries: org.apache.ratis.thirdparty.io.grpc.StatusRuntimeException: UNAVAILABLE: io exception
2022-07-12 21:07:01,872 [grpc-default-executor-4] INFO  leader.FollowerInfo (FollowerInfoImpl.java:lambda$new$0(48)) - 6d03a90d-b393-4c2b-aa32-f45668f1c5ca@group-0B74D8152EAC->ac679b26-c737-4eb4-ba39-fe3b144a3424: nextIndex: updateUnconditionally 33 -> 32
2022-07-12 21:07:01,920 [grpc-default-executor-4] WARN  server.GrpcLogAppender (LogUtils.java:warn(122)) - 6d03a90d-b393-4c2b-aa32-f45668f1c5ca@group-0B74D8152EAC->b88517ff-a734-4baa-8e75-48c6a6d5a3f3-AppendLogResponseHandler: Failed appendEntries: org.apache.ratis.thirdparty.io.grpc.StatusRuntimeException: UNAVAILABLE: io exception
2022-07-12 21:07:01,921 [grpc-default-executor-4] INFO  leader.FollowerInfo (FollowerInfoImpl.java:lambda$new$0(48)) - 6d03a90d-b393-4c2b-aa32-f45668f1c5ca@group-0B74D8152EAC->b88517ff-a734-4baa-8e75-48c6a6d5a3f3: nextIndex: updateUnconditionally 33 -> 32
2022-07-12 21:07:02,761 [6d03a90d-b393-4c2b-aa32-f45668f1c5ca@group-0B74D8152EAC-LeaderStateImpl] WARN  server.RaftServer$Division (LeaderStateImpl.java:checkLeadership(1018)) - 6d03a90d-b393-4c2b-aa32-f45668f1c5ca@group-0B74D8152EAC-LeaderStateImpl: Lost leadership on term: 1. Election timeout: 5200ms. In charge for: 35170ms. Conf: 0: [b88517ff-a734-4baa-8e75-48c6a6d5a3f3|rpc:10.1.0.20:38005|dataStream:|priority:0, 6d03a90d-b393-4c2b-aa32-f45668f1c5ca|rpc:10.1.0.20:39877|dataStream:|priority:1, ac679b26-c737-4eb4-ba39-fe3b144a3424|rpc:10.1.0.20:34833|dataStream:|priority:0], old=null
2022-07-12 21:07:02,761 [6d03a90d-b393-4c2b-aa32-f45668f1c5ca@group-0B74D8152EAC-LeaderStateImpl] WARN  server.RaftServer$Division (LeaderStateImpl.java:lambda$checkLeadership$17(1022)) - Follower 6d03a90d-b393-4c2b-aa32-f45668f1c5ca@group-0B74D8152EAC->b88517ff-a734-4baa-8e75-48c6a6d5a3f3(c32,m32,n32, attendVote=true, lastRpcSendTime=840, lastRpcResponseTime=5842)
2022-07-12 21:07:02,761 [6d03a90d-b393-4c2b-aa32-f45668f1c5ca@group-0B74D8152EAC-LeaderStateImpl] WARN  server.RaftServer$Division (LeaderStateImpl.java:lambda$checkLeadership$17(1022)) - Follower 6d03a90d-b393-4c2b-aa32-f45668f1c5ca@group-0B74D8152EAC->ac679b26-c737-4eb4-ba39-fe3b144a3424(c32,m32,n32, attendVote=true, lastRpcSendTime=890, lastRpcResponseTime=5893)
2022-07-12 21:07:02,761 [6d03a90d-b393-4c2b-aa32-f45668f1c5ca@group-0B74D8152EAC-LeaderStateImpl] INFO  server.RaftServer$Division (RaftServerImpl.java:setRole(299)) - 6d03a90d-b393-4c2b-aa32-f45668f1c5ca@group-0B74D8152EAC: changes role from    LEADER to FOLLOWER at term 1 for StepDownReason:LOST_MAJORITY_HEARTBEATS
2022-07-12 21:07:02,761 [6d03a90d-b393-4c2b-aa32-f45668f1c5ca@group-0B74D8152EAC-LeaderStateImpl] INFO  impl.RoleInfo (RoleInfo.java:shutdownLeaderState(93)) - 6d03a90d-b393-4c2b-aa32-f45668f1c5ca: shutdown 6d03a90d-b393-4c2b-aa32-f45668f1c5ca@group-0B74D8152EAC-LeaderStateImpl
2022-07-12 21:07:02,762 [6d03a90d-b393-4c2b-aa32-f45668f1c5ca@group-0B74D8152EAC-LeaderStateImpl] INFO  impl.PendingRequests (PendingRequests.java:sendNotLeaderResponses(282)) - 6d03a90d-b393-4c2b-aa32-f45668f1c5ca@group-0B74D8152EAC-PendingRequests: sendNotLeaderResponses
2022-07-12 21:07:02,791 [6d03a90d-b393-4c2b-aa32-f45668f1c5ca@group-0B74D8152EAC->b88517ff-a734-4baa-8e75-48c6a6d5a3f3-GrpcLogAppender-LogAppenderDaemon] WARN  server.GrpcLogAppender (GrpcLogAppender.java:mayWait(171)) - 6d03a90d-b393-4c2b-aa32-f45668f1c5ca@group-0B74D8152EAC->b88517ff-a734-4baa-8e75-48c6a6d5a3f3-GrpcLogAppender: Wait interrupted by java.lang.InterruptedException
2022-07-12 21:07:02,795 [6d03a90d-b393-4c2b-aa32-f45668f1c5ca@group-0B74D8152EAC-LeaderStateImpl] INFO  impl.RoleInfo (RoleInfo.java:updateAndGet(139)) - 6d03a90d-b393-4c2b-aa32-f45668f1c5ca: start 6d03a90d-b393-4c2b-aa32-f45668f1c5ca@group-0B74D8152EAC-FollowerState
2022-07-12 21:07:02,791 [6d03a90d-b393-4c2b-aa32-f45668f1c5ca@group-0B74D8152EAC->ac679b26-c737-4eb4-ba39-fe3b144a3424-GrpcLogAppender-LogAppenderDaemon] WARN  server.GrpcLogAppender (GrpcLogAppender.java:mayWait(171)) - 6d03a90d-b393-4c2b-aa32-f45668f1c5ca@group-0B74D8152EAC->ac679b26-c737-4eb4-ba39-fe3b144a3424-GrpcLogAppender: Wait interrupted by java.lang.InterruptedException
2022-07-12 21:07:03,785 [ForkJoinPool.commonPool-worker-1] INFO  statemachine.DatanodeStateMachine (DatanodeStateMachine.java:stopDaemon(580)) - Ozone container server stopped.
2022-07-12 21:07:03,801 [Listener at 127.0.0.1/37581] INFO  statemachine.DatanodeStateMachine (DatanodeStateMachine.java:stopDaemon(580)) - Ozone container server stopped.
2022-07-12 21:07:03,818 [Listener at 127.0.0.1/37581] INFO  handler.ContextHandler (ContextHandler.java:doStop(1153)) - Stopped o.e.j.w.WebAppContext@658809f3{hddsDatanode,/,null,STOPPED}{jar:file:/home/runner/.m2/repository/org/apache/ozone/hdds-container-service/1.3.0-SNAPSHOT/hdds-container-service-1.3.0-SNAPSHOT.jar!/webapps/hddsDatanode}
2022-07-12 21:07:03,818 [ForkJoinPool.commonPool-worker-1] INFO  handler.ContextHandler (ContextHandler.java:doStop(1153)) - Stopped o.e.j.w.WebAppContext@62ef1703{hddsDatanode,/,null,STOPPED}{jar:file:/home/runner/.m2/repository/org/apache/ozone/hdds-container-service/1.3.0-SNAPSHOT/hdds-container-service-1.3.0-SNAPSHOT.jar!/webapps/hddsDatanode}
2022-07-12 21:07:03,819 [ForkJoinPool.commonPool-worker-1] INFO  server.AbstractConnector (AbstractConnector.java:doStop(381)) - Stopped ServerConnector@63c388fd{HTTP/1.1, (http/1.1)}{0.0.0.0:0}
2022-07-12 21:07:03,819 [ForkJoinPool.commonPool-worker-1] INFO  server.session (HouseKeeper.java:stopScavenging(149)) - node0 Stopped scavenging
2022-07-12 21:07:03,823 [ForkJoinPool.commonPool-worker-1] INFO  handler.ContextHandler (ContextHandler.java:doStop(1153)) - Stopped o.e.j.s.ServletContextHandler@2c28e1e1{static,/static,jar:file:/home/runner/.m2/repository/org/apache/ozone/hdds-container-service/1.3.0-SNAPSHOT/hdds-container-service-1.3.0-SNAPSHOT.jar!/webapps/static,STOPPED}
2022-07-12 21:07:03,826 [ForkJoinPool.commonPool-worker-1] INFO  handler.ContextHandler (ContextHandler.java:doStop(1153)) - Stopped o.e.j.s.ServletContextHandler@549f6b3d{logs,/logs,file:///home/runner/work/ozone/ozone/hadoop-ozone/integration-test/target/log,STOPPED}
2022-07-12 21:07:03,843 [Listener at 127.0.0.1/37581] INFO  server.AbstractConnector (AbstractConnector.java:doStop(381)) - Stopped ServerConnector@5bace7af{HTTP/1.1, (http/1.1)}{0.0.0.0:0}
2022-07-12 21:07:03,843 [Listener at 127.0.0.1/37581] INFO  server.session (HouseKeeper.java:stopScavenging(149)) - node0 Stopped scavenging
2022-07-12 21:07:03,848 [Listener at 127.0.0.1/37581] INFO  handler.ContextHandler (ContextHandler.java:doStop(1153)) - Stopped o.e.j.s.ServletContextHandler@5a00c334{static,/static,jar:file:/home/runner/.m2/repository/org/apache/ozone/hdds-container-service/1.3.0-SNAPSHOT/hdds-container-service-1.3.0-SNAPSHOT.jar!/webapps/static,STOPPED}
2022-07-12 21:07:03,848 [Listener at 127.0.0.1/37581] INFO  handler.ContextHandler (ContextHandler.java:doStop(1153)) - Stopped o.e.j.s.ServletContextHandler@4d64b2ef{logs,/logs,file:///home/runner/work/ozone/ozone/hadoop-ozone/integration-test/target/log,STOPPED}
2022-07-12 21:07:07,986 [6d03a90d-b393-4c2b-aa32-f45668f1c5ca@group-0B74D8152EAC-FollowerState] INFO  impl.FollowerState (FollowerState.java:lostMajorityHeartbeatsRecently(108)) - 6d03a90d-b393-4c2b-aa32-f45668f1c5ca@group-0B74D8152EAC-FollowerState: Skipping leader election since it stepped down recently (elapsed = 5191ms < waitTime = 10s)
2022-07-12 21:07:08,106 [6d03a90d-b393-4c2b-aa32-f45668f1c5ca@group-C0EB019A3F66-FollowerState] INFO  impl.FollowerState (FollowerState.java:run(143)) - 6d03a90d-b393-4c2b-aa32-f45668f1c5ca@group-C0EB019A3F66-FollowerState: change to CANDIDATE, lastRpcElapsedTime:9960313454ns, electionTimeout:5095ms
2022-07-12 21:07:08,106 [6d03a90d-b393-4c2b-aa32-f45668f1c5ca@group-C0EB019A3F66-FollowerState] INFO  impl.RoleInfo (RoleInfo.java:shutdownFollowerState(110)) - 6d03a90d-b393-4c2b-aa32-f45668f1c5ca: shutdown 6d03a90d-b393-4c2b-aa32-f45668f1c5ca@group-C0EB019A3F66-FollowerState
2022-07-12 21:07:08,107 [6d03a90d-b393-4c2b-aa32-f45668f1c5ca@group-C0EB019A3F66-FollowerState] INFO  server.RaftServer$Division (RaftServerImpl.java:setRole(299)) - 6d03a90d-b393-4c2b-aa32-f45668f1c5ca@group-C0EB019A3F66: changes role from  FOLLOWER to CANDIDATE at term 4 for changeToCandidate
2022-07-12 21:07:08,107 [6d03a90d-b393-4c2b-aa32-f45668f1c5ca@group-C0EB019A3F66-FollowerState] INFO  server.RaftServerConfigKeys (ConfUtils.java:logGet(46)) - raft.server.leaderelection.pre-vote = false (custom)
2022-07-12 21:07:08,107 [6d03a90d-b393-4c2b-aa32-f45668f1c5ca@group-C0EB019A3F66-FollowerState] INFO  impl.RoleInfo (RoleInfo.java:updateAndGet(139)) - 6d03a90d-b393-4c2b-aa32-f45668f1c5ca: start 6d03a90d-b393-4c2b-aa32-f45668f1c5ca@group-C0EB019A3F66-LeaderElection40
2022-07-12 21:07:08,109 [6d03a90d-b393-4c2b-aa32-f45668f1c5ca@group-C0EB019A3F66-LeaderElection40] INFO  server.RaftServer$Division (ServerState.java:setLeader(287)) - 6d03a90d-b393-4c2b-aa32-f45668f1c5ca@group-C0EB019A3F66: change Leader from b88517ff-a734-4baa-8e75-48c6a6d5a3f3 to null at term 4 for ELECTION
2022-07-12 21:07:08,133 [6d03a90d-b393-4c2b-aa32-f45668f1c5ca@group-C0EB019A3F66-LeaderElection40] INFO  impl.LeaderElection (LeaderElection.java:askForVotes(310)) - 6d03a90d-b393-4c2b-aa32-f45668f1c5ca@group-C0EB019A3F66-LeaderElection40 ELECTION round 0: submit vote requests at term 5 for 0: [b88517ff-a734-4baa-8e75-48c6a6d5a3f3|rpc:10.1.0.20:38005|dataStream:|priority:1, 6d03a90d-b393-4c2b-aa32-f45668f1c5ca|rpc:10.1.0.20:39877|dataStream:|priority:0, ac679b26-c737-4eb4-ba39-fe3b144a3424|rpc:10.1.0.20:34833|dataStream:|priority:0], old=null
2022-07-12 21:07:08,144 [6d03a90d-b393-4c2b-aa32-f45668f1c5ca@group-C0EB019A3F66-LeaderElection40] INFO  impl.LeaderElection (LogUtils.java:infoOrTrace(137)) - 6d03a90d-b393-4c2b-aa32-f45668f1c5ca@group-C0EB019A3F66-LeaderElection40 got exception when requesting votes: java.util.concurrent.ExecutionException: org.apache.ratis.thirdparty.io.grpc.StatusRuntimeException: UNAVAILABLE: io exception
2022-07-12 21:07:08,144 [6d03a90d-b393-4c2b-aa32-f45668f1c5ca@group-C0EB019A3F66-LeaderElection40] INFO  impl.LeaderElection (LogUtils.java:infoOrTrace(137)) - 6d03a90d-b393-4c2b-aa32-f45668f1c5ca@group-C0EB019A3F66-LeaderElection40 got exception when requesting votes: java.util.concurrent.ExecutionException: org.apache.ratis.thirdparty.io.grpc.StatusRuntimeException: UNAVAILABLE: io exception
2022-07-12 21:07:08,144 [6d03a90d-b393-4c2b-aa32-f45668f1c5ca@group-C0EB019A3F66-LeaderElection40] INFO  impl.LeaderElection (LeaderElection.java:logAndReturn(90)) - 6d03a90d-b393-4c2b-aa32-f45668f1c5ca@group-C0EB019A3F66-LeaderElection40: ELECTION REJECTED received 0 response(s) and 2 exception(s):
2022-07-12 21:07:08,145 [6d03a90d-b393-4c2b-aa32-f45668f1c5ca@group-C0EB019A3F66-LeaderElection40] INFO  impl.LeaderElection (LogUtils.java:infoOrTrace(137)) -   Exception 0: java.util.concurrent.ExecutionException: org.apache.ratis.thirdparty.io.grpc.StatusRuntimeException: UNAVAILABLE: io exception
2022-07-12 21:07:08,145 [6d03a90d-b393-4c2b-aa32-f45668f1c5ca@group-C0EB019A3F66-LeaderElection40] INFO  impl.LeaderElection (LogUtils.java:infoOrTrace(137)) -   Exception 1: java.util.concurrent.ExecutionException: org.apache.ratis.thirdparty.io.grpc.StatusRuntimeException: UNAVAILABLE: io exception
2022-07-12 21:07:08,145 [6d03a90d-b393-4c2b-aa32-f45668f1c5ca@group-C0EB019A3F66-LeaderElection40] INFO  impl.LeaderElection (LeaderElection.java:askForVotes(312)) - 6d03a90d-b393-4c2b-aa32-f45668f1c5ca@group-C0EB019A3F66-LeaderElection40 ELECTION round 0: result REJECTED
2022-07-12 21:07:08,145 [6d03a90d-b393-4c2b-aa32-f45668f1c5ca@group-C0EB019A3F66-LeaderElection40] INFO  server.RaftServer$Division (RaftServerImpl.java:setRole(299)) - 6d03a90d-b393-4c2b-aa32-f45668f1c5ca@group-C0EB019A3F66: changes role from CANDIDATE to FOLLOWER at term 5 for REJECTED
2022-07-12 21:07:08,145 [6d03a90d-b393-4c2b-aa32-f45668f1c5ca@group-C0EB019A3F66-LeaderElection40] INFO  impl.RoleInfo (RoleInfo.java:shutdownLeaderElection(130)) - 6d03a90d-b393-4c2b-aa32-f45668f1c5ca: shutdown 6d03a90d-b393-4c2b-aa32-f45668f1c5ca@group-C0EB019A3F66-LeaderElection40
2022-07-12 21:07:08,145 [6d03a90d-b393-4c2b-aa32-f45668f1c5ca@group-C0EB019A3F66-LeaderElection40] INFO  impl.RoleInfo (RoleInfo.java:updateAndGet(139)) - 6d03a90d-b393-4c2b-aa32-f45668f1c5ca: start 6d03a90d-b393-4c2b-aa32-f45668f1c5ca@group-C0EB019A3F66-FollowerState
2022-07-12 21:07:08,850 [ForkJoinPool.commonPool-worker-1] INFO  ozoneimpl.OzoneContainer (OzoneContainer.java:stop(365)) - Attempting to stop container services.
2022-07-12 21:07:08,852 [ForkJoinPool.commonPool-worker-1] INFO  server.RaftServer (RaftServerProxy.java:lambda$close$7(398)) - 6d03a90d-b393-4c2b-aa32-f45668f1c5ca: close
2022-07-12 21:07:08,852 [ForkJoinPool.commonPool-worker-1] INFO  server.RaftServer$Division (RaftServerImpl.java:lambda$close$4(434)) - 6d03a90d-b393-4c2b-aa32-f45668f1c5ca@group-80B490EA56BA: shutdown
2022-07-12 21:07:08,852 [ForkJoinPool.commonPool-worker-1] INFO  util.JmxRegister (JmxRegister.java:unregister(73)) - Successfully un-registered JMX Bean with object name Ratis:service=RaftServer,group=group-80B490EA56BA,id=6d03a90d-b393-4c2b-aa32-f45668f1c5ca
2022-07-12 21:07:08,852 [ForkJoinPool.commonPool-worker-1] INFO  impl.RoleInfo (RoleInfo.java:shutdownLeaderState(93)) - 6d03a90d-b393-4c2b-aa32-f45668f1c5ca: shutdown 6d03a90d-b393-4c2b-aa32-f45668f1c5ca@group-80B490EA56BA-LeaderStateImpl
2022-07-12 21:07:08,852 [ForkJoinPool.commonPool-worker-1] INFO  impl.PendingRequests (PendingRequests.java:sendNotLeaderResponses(282)) - 6d03a90d-b393-4c2b-aa32-f45668f1c5ca@group-80B490EA56BA-PendingRequests: sendNotLeaderResponses
2022-07-12 21:07:08,853 [ForkJoinPool.commonPool-worker-1] INFO  impl.StateMachineUpdater (StateMachineUpdater.java:stopAndJoin(153)) - 6d03a90d-b393-4c2b-aa32-f45668f1c5ca@group-80B490EA56BA-StateMachineUpdater: set stopIndex = 0
2022-07-12 21:07:08,853 [6d03a90d-b393-4c2b-aa32-f45668f1c5ca@group-80B490EA56BA-StateMachineUpdater] INFO  ratis.ContainerStateMachine (ContainerStateMachine.java:takeSnapshot(304)) - group-80B490EA56BA: Taking a snapshot at:(t:1, i:0) file /home/runner/work/ozone/ozone/hadoop-ozone/integration-test/target/test-dir/MiniOzoneClusterImpl-f732ff5a-6050-490e-9ecc-7e3ed1996e94/datanode-0/data/ratis/6d53d6aa-1dc4-4b11-bf8d-80b490ea56ba/sm/snapshot.1_0
2022-07-12 21:07:08,854 [6d03a90d-b393-4c2b-aa32-f45668f1c5ca@group-80B490EA56BA-StateMachineUpdater] INFO  ratis.ContainerStateMachine (ContainerStateMachine.java:takeSnapshot(315)) - group-80B490EA56BA: Finished taking a snapshot at:(t:1, i:0) file:/home/runner/work/ozone/ozone/hadoop-ozone/integration-test/target/test-dir/MiniOzoneClusterImpl-f732ff5a-6050-490e-9ecc-7e3ed1996e94/datanode-0/data/ratis/6d53d6aa-1dc4-4b11-bf8d-80b490ea56ba/sm/snapshot.1_0 took: 2 ms
2022-07-12 21:07:08,855 [6d03a90d-b393-4c2b-aa32-f45668f1c5ca@group-80B490EA56BA-StateMachineUpdater] INFO  impl.StateMachineUpdater (StateMachineUpdater.java:takeSnapshot(287)) - 6d03a90d-b393-4c2b-aa32-f45668f1c5ca@group-80B490EA56BA-StateMachineUpdater: Took a snapshot at index 0
2022-07-12 21:07:08,855 [6d03a90d-b393-4c2b-aa32-f45668f1c5ca@group-80B490EA56BA-StateMachineUpdater] INFO  impl.StateMachineUpdater (StateMachineUpdater.java:lambda$new$0(92)) - 6d03a90d-b393-4c2b-aa32-f45668f1c5ca@group-80B490EA56BA-StateMachineUpdater: snapshotIndex: updateIncreasingly -1 -> 0
2022-07-12 21:07:08,855 [ForkJoinPool.commonPool-worker-1] INFO  server.RaftServer$Division (ServerState.java:close(429)) - 6d03a90d-b393-4c2b-aa32-f45668f1c5ca@group-80B490EA56BA: closes. applyIndex: 0
2022-07-12 21:07:08,856 [6d03a90d-b393-4c2b-aa32-f45668f1c5ca@group-80B490EA56BA-SegmentedRaftLogWorker] INFO  segmented.SegmentedRaftLogWorker (SegmentedRaftLogWorker.java:run(336)) - 6d03a90d-b393-4c2b-aa32-f45668f1c5ca@group-80B490EA56BA-SegmentedRaftLogWorker was interrupted, exiting. There are 0 tasks remaining in the queue.
2022-07-12 21:07:08,857 [ForkJoinPool.commonPool-worker-1] INFO  segmented.SegmentedRaftLogWorker (SegmentedRaftLogWorker.java:close(246)) - 6d03a90d-b393-4c2b-aa32-f45668f1c5ca@group-80B490EA56BA-SegmentedRaftLogWorker close()
2022-07-12 21:07:08,867 [ForkJoinPool.commonPool-worker-1] INFO  server.RaftServer$Division (RaftServerImpl.java:lambda$close$4(434)) - 6d03a90d-b393-4c2b-aa32-f45668f1c5ca@group-C0EB019A3F66: shutdown
2022-07-12 21:07:08,868 [ForkJoinPool.commonPool-worker-1] INFO  util.JmxRegister (JmxRegister.java:unregister(73)) - Successfully un-registered JMX Bean with object name Ratis:service=RaftServer,group=group-C0EB019A3F66,id=6d03a90d-b393-4c2b-aa32-f45668f1c5ca
2022-07-12 21:07:08,868 [ForkJoinPool.commonPool-worker-1] INFO  impl.RoleInfo (RoleInfo.java:shutdownFollowerState(110)) - 6d03a90d-b393-4c2b-aa32-f45668f1c5ca: shutdown 6d03a90d-b393-4c2b-aa32-f45668f1c5ca@group-C0EB019A3F66-FollowerState
2022-07-12 21:07:08,868 [6d03a90d-b393-4c2b-aa32-f45668f1c5ca@group-C0EB019A3F66-FollowerState] INFO  impl.FollowerState (FollowerState.java:run(152)) - 6d03a90d-b393-4c2b-aa32-f45668f1c5ca@group-C0EB019A3F66-FollowerState was interrupted
2022-07-12 21:07:08,875 [ForkJoinPool.commonPool-worker-1] INFO  impl.StateMachineUpdater (StateMachineUpdater.java:stopAndJoin(153)) - 6d03a90d-b393-4c2b-aa32-f45668f1c5ca@group-C0EB019A3F66-StateMachineUpdater: set stopIndex = 0
2022-07-12 21:07:08,875 [6d03a90d-b393-4c2b-aa32-f45668f1c5ca@group-C0EB019A3F66-StateMachineUpdater] INFO  ratis.ContainerStateMachine (ContainerStateMachine.java:takeSnapshot(304)) - group-C0EB019A3F66: Taking a snapshot at:(t:4, i:0) file /home/runner/work/ozone/ozone/hadoop-ozone/integration-test/target/test-dir/MiniOzoneClusterImpl-f732ff5a-6050-490e-9ecc-7e3ed1996e94/datanode-0/data/ratis/08541ec7-9ede-4229-bab4-c0eb019a3f66/sm/snapshot.4_0
2022-07-12 21:07:08,879 [Listener at 127.0.0.1/37581] INFO  ozoneimpl.OzoneContainer (OzoneContainer.java:stop(365)) - Attempting to stop container services.
2022-07-12 21:07:08,880 [6d03a90d-b393-4c2b-aa32-f45668f1c5ca@group-C0EB019A3F66-StateMachineUpdater] INFO  ratis.ContainerStateMachine (ContainerStateMachine.java:takeSnapshot(315)) - group-C0EB019A3F66: Finished taking a snapshot at:(t:4, i:0) file:/home/runner/work/ozone/ozone/hadoop-ozone/integration-test/target/test-dir/MiniOzoneClusterImpl-f732ff5a-6050-490e-9ecc-7e3ed1996e94/datanode-0/data/ratis/08541ec7-9ede-4229-bab4-c0eb019a3f66/sm/snapshot.4_0 took: 5 ms
2022-07-12 21:07:08,880 [6d03a90d-b393-4c2b-aa32-f45668f1c5ca@group-C0EB019A3F66-StateMachineUpdater] INFO  impl.StateMachineUpdater (StateMachineUpdater.java:takeSnapshot(287)) - 6d03a90d-b393-4c2b-aa32-f45668f1c5ca@group-C0EB019A3F66-StateMachineUpdater: Took a snapshot at index 0
2022-07-12 21:07:08,880 [6d03a90d-b393-4c2b-aa32-f45668f1c5ca@group-C0EB019A3F66-StateMachineUpdater] INFO  impl.StateMachineUpdater (StateMachineUpdater.java:lambda$new$0(92)) - 6d03a90d-b393-4c2b-aa32-f45668f1c5ca@group-C0EB019A3F66-StateMachineUpdater: snapshotIndex: updateIncreasingly -1 -> 0
2022-07-12 21:07:08,881 [Listener at 127.0.0.1/37581] INFO  server.RaftServer (RaftServerProxy.java:lambda$close$7(398)) - 0047f0d6-cad6-4c01-8720-7c34e3f82305: close
2022-07-12 21:07:08,881 [Listener at 127.0.0.1/37581] INFO  server.RaftServer$Division (RaftServerImpl.java:lambda$close$4(434)) - 0047f0d6-cad6-4c01-8720-7c34e3f82305@group-E5193E0A4BDE: shutdown
2022-07-12 21:07:08,881 [Listener at 127.0.0.1/37581] INFO  util.JmxRegister (JmxRegister.java:unregister(73)) - Successfully un-registered JMX Bean with object name Ratis:service=RaftServer,group=group-E5193E0A4BDE,id=0047f0d6-cad6-4c01-8720-7c34e3f82305
2022-07-12 21:07:08,881 [ForkJoinPool.commonPool-worker-1] INFO  server.RaftServer$Division (ServerState.java:close(429)) - 6d03a90d-b393-4c2b-aa32-f45668f1c5ca@group-C0EB019A3F66: closes. applyIndex: 0
2022-07-12 21:07:08,881 [6d03a90d-b393-4c2b-aa32-f45668f1c5ca@group-C0EB019A3F66-SegmentedRaftLogWorker] INFO  segmented.SegmentedRaftLogWorker (SegmentedRaftLogWorker.java:run(336)) - 6d03a90d-b393-4c2b-aa32-f45668f1c5ca@group-C0EB019A3F66-SegmentedRaftLogWorker was interrupted, exiting. There are 0 tasks remaining in the queue.
2022-07-12 21:07:08,881 [Listener at 127.0.0.1/37581] INFO  impl.RoleInfo (RoleInfo.java:shutdownLeaderState(93)) - 0047f0d6-cad6-4c01-8720-7c34e3f82305: shutdown 0047f0d6-cad6-4c01-8720-7c34e3f82305@group-E5193E0A4BDE-LeaderStateImpl
2022-07-12 21:07:08,912 [Listener at 127.0.0.1/37581] INFO  impl.PendingRequests (PendingRequests.java:sendNotLeaderResponses(282)) - 0047f0d6-cad6-4c01-8720-7c34e3f82305@group-E5193E0A4BDE-PendingRequests: sendNotLeaderResponses
2022-07-12 21:07:08,912 [Listener at 127.0.0.1/37581] INFO  impl.StateMachineUpdater (StateMachineUpdater.java:stopAndJoin(153)) - 0047f0d6-cad6-4c01-8720-7c34e3f82305@group-E5193E0A4BDE-StateMachineUpdater: set stopIndex = 0
2022-07-12 21:07:08,888 [ForkJoinPool.commonPool-worker-1] INFO  segmented.SegmentedRaftLogWorker (SegmentedRaftLogWorker.java:close(246)) - 6d03a90d-b393-4c2b-aa32-f45668f1c5ca@group-C0EB019A3F66-SegmentedRaftLogWorker close()
2022-07-12 21:07:08,916 [ForkJoinPool.commonPool-worker-1] INFO  server.RaftServer$Division (RaftServerImpl.java:lambda$close$4(434)) - 6d03a90d-b393-4c2b-aa32-f45668f1c5ca@group-0B74D8152EAC: shutdown
2022-07-12 21:07:08,916 [ForkJoinPool.commonPool-worker-1] INFO  util.JmxRegister (JmxRegister.java:unregister(73)) - Successfully un-registered JMX Bean with object name Ratis:service=RaftServer,group=group-0B74D8152EAC,id=6d03a90d-b393-4c2b-aa32-f45668f1c5ca
2022-07-12 21:07:08,917 [ForkJoinPool.commonPool-worker-1] INFO  impl.RoleInfo (RoleInfo.java:shutdownFollowerState(110)) - 6d03a90d-b393-4c2b-aa32-f45668f1c5ca: shutdown 6d03a90d-b393-4c2b-aa32-f45668f1c5ca@group-0B74D8152EAC-FollowerState
2022-07-12 21:07:08,917 [ForkJoinPool.commonPool-worker-1] INFO  impl.StateMachineUpdater (StateMachineUpdater.java:stopAndJoin(153)) - 6d03a90d-b393-4c2b-aa32-f45668f1c5ca@group-0B74D8152EAC-StateMachineUpdater: set stopIndex = 32
2022-07-12 21:07:08,917 [6d03a90d-b393-4c2b-aa32-f45668f1c5ca@group-0B74D8152EAC-FollowerState] INFO  impl.FollowerState (FollowerState.java:run(152)) - 6d03a90d-b393-4c2b-aa32-f45668f1c5ca@group-0B74D8152EAC-FollowerState was interrupted
2022-07-12 21:07:08,918 [6d03a90d-b393-4c2b-aa32-f45668f1c5ca@group-0B74D8152EAC-StateMachineUpdater] INFO  ratis.ContainerStateMachine (ContainerStateMachine.java:takeSnapshot(304)) - group-0B74D8152EAC: Taking a snapshot at:(t:1, i:32) file /home/runner/work/ozone/ozone/hadoop-ozone/integration-test/target/test-dir/MiniOzoneClusterImpl-f732ff5a-6050-490e-9ecc-7e3ed1996e94/datanode-0/data/ratis/400725b4-e971-4031-87b3-0b74d8152eac/sm/snapshot.1_32
2022-07-12 21:07:08,919 [6d03a90d-b393-4c2b-aa32-f45668f1c5ca@group-0B74D8152EAC-StateMachineUpdater] INFO  ratis.ContainerStateMachine (ContainerStateMachine.java:takeSnapshot(315)) - group-0B74D8152EAC: Finished taking a snapshot at:(t:1, i:32) file:/home/runner/work/ozone/ozone/hadoop-ozone/integration-test/target/test-dir/MiniOzoneClusterImpl-f732ff5a-6050-490e-9ecc-7e3ed1996e94/datanode-0/data/ratis/400725b4-e971-4031-87b3-0b74d8152eac/sm/snapshot.1_32 took: 1 ms
2022-07-12 21:07:08,919 [6d03a90d-b393-4c2b-aa32-f45668f1c5ca@group-0B74D8152EAC-StateMachineUpdater] INFO  impl.StateMachineUpdater (StateMachineUpdater.java:takeSnapshot(287)) - 6d03a90d-b393-4c2b-aa32-f45668f1c5ca@group-0B74D8152EAC-StateMachineUpdater: Took a snapshot at index 32
2022-07-12 21:07:08,919 [6d03a90d-b393-4c2b-aa32-f45668f1c5ca@group-0B74D8152EAC-StateMachineUpdater] INFO  impl.StateMachineUpdater (StateMachineUpdater.java:lambda$new$0(92)) - 6d03a90d-b393-4c2b-aa32-f45668f1c5ca@group-0B74D8152EAC-StateMachineUpdater: snapshotIndex: updateIncreasingly -1 -> 32
2022-07-12 21:07:08,919 [ForkJoinPool.commonPool-worker-1] INFO  server.RaftServer$Division (ServerState.java:close(429)) - 6d03a90d-b393-4c2b-aa32-f45668f1c5ca@group-0B74D8152EAC: closes. applyIndex: 32
2022-07-12 21:07:08,920 [6d03a90d-b393-4c2b-aa32-f45668f1c5ca@group-0B74D8152EAC-SegmentedRaftLogWorker] INFO  segmented.SegmentedRaftLogWorker (SegmentedRaftLogWorker.java:run(336)) - 6d03a90d-b393-4c2b-aa32-f45668f1c5ca@group-0B74D8152EAC-SegmentedRaftLogWorker was interrupted, exiting. There are 0 tasks remaining in the queue.
2022-07-12 21:07:08,922 [ForkJoinPool.commonPool-worker-1] INFO  segmented.SegmentedRaftLogWorker (SegmentedRaftLogWorker.java:close(246)) - 6d03a90d-b393-4c2b-aa32-f45668f1c5ca@group-0B74D8152EAC-SegmentedRaftLogWorker close()
2022-07-12 21:07:08,924 [ForkJoinPool.commonPool-worker-1] INFO  server.GrpcService (GrpcService.java:closeImpl(269)) - 6d03a90d-b393-4c2b-aa32-f45668f1c5ca: shutdown server with port 39877 now
2022-07-12 21:07:08,937 [ForkJoinPool.commonPool-worker-1] INFO  server.GrpcService (GrpcService.java:closeImpl(278)) - 6d03a90d-b393-4c2b-aa32-f45668f1c5ca: shutdown server with port 39877 successfully
2022-07-12 21:07:08,937 [org.apache.ratis.util.JvmPauseMonitor$$Lambda$613/1050667922@afb5430] INFO  util.JvmPauseMonitor (JvmPauseMonitor.java:run(109)) - JvmPauseMonitor-6d03a90d-b393-4c2b-aa32-f45668f1c5ca: Stopped
2022-07-12 21:07:08,940 [0047f0d6-cad6-4c01-8720-7c34e3f82305@group-E5193E0A4BDE-StateMachineUpdater] INFO  ratis.ContainerStateMachine (ContainerStateMachine.java:takeSnapshot(304)) - group-E5193E0A4BDE: Taking a snapshot at:(t:1, i:0) file /home/runner/work/ozone/ozone/hadoop-ozone/integration-test/target/test-dir/MiniOzoneClusterImpl-f732ff5a-6050-490e-9ecc-7e3ed1996e94/datanode-4/data/ratis/e625bbb4-f795-494b-8b0e-e5193e0a4bde/sm/snapshot.1_0
2022-07-12 21:07:08,941 [0047f0d6-cad6-4c01-8720-7c34e3f82305@group-E5193E0A4BDE-StateMachineUpdater] INFO  ratis.ContainerStateMachine (ContainerStateMachine.java:takeSnapshot(315)) - group-E5193E0A4BDE: Finished taking a snapshot at:(t:1, i:0) file:/home/runner/work/ozone/ozone/hadoop-ozone/integration-test/target/test-dir/MiniOzoneClusterImpl-f732ff5a-6050-490e-9ecc-7e3ed1996e94/datanode-4/data/ratis/e625bbb4-f795-494b-8b0e-e5193e0a4bde/sm/snapshot.1_0 took: 1 ms
2022-07-12 21:07:08,941 [0047f0d6-cad6-4c01-8720-7c34e3f82305@group-E5193E0A4BDE-StateMachineUpdater] INFO  impl.StateMachineUpdater (StateMachineUpdater.java:takeSnapshot(287)) - 0047f0d6-cad6-4c01-8720-7c34e3f82305@group-E5193E0A4BDE-StateMachineUpdater: Took a snapshot at index 0
2022-07-12 21:07:08,941 [0047f0d6-cad6-4c01-8720-7c34e3f82305@group-E5193E0A4BDE-StateMachineUpdater] INFO  impl.StateMachineUpdater (StateMachineUpdater.java:lambda$new$0(92)) - 0047f0d6-cad6-4c01-8720-7c34e3f82305@group-E5193E0A4BDE-StateMachineUpdater: snapshotIndex: updateIncreasingly -1 -> 0
2022-07-12 21:07:08,941 [Listener at 127.0.0.1/37581] INFO  server.RaftServer$Division (ServerState.java:close(429)) - 0047f0d6-cad6-4c01-8720-7c34e3f82305@group-E5193E0A4BDE: closes. applyIndex: 0
2022-07-12 21:07:08,942 [0047f0d6-cad6-4c01-8720-7c34e3f82305@group-E5193E0A4BDE-SegmentedRaftLogWorker] INFO  segmented.SegmentedRaftLogWorker (SegmentedRaftLogWorker.java:run(336)) - 0047f0d6-cad6-4c01-8720-7c34e3f82305@group-E5193E0A4BDE-SegmentedRaftLogWorker was interrupted, exiting. There are 0 tasks remaining in the queue.
2022-07-12 21:07:08,943 [Listener at 127.0.0.1/37581] INFO  segmented.SegmentedRaftLogWorker (SegmentedRaftLogWorker.java:close(246)) - 0047f0d6-cad6-4c01-8720-7c34e3f82305@group-E5193E0A4BDE-SegmentedRaftLogWorker close()
2022-07-12 21:07:08,946 [Listener at 127.0.0.1/37581] INFO  server.GrpcService (GrpcService.java:closeImpl(269)) - 0047f0d6-cad6-4c01-8720-7c34e3f82305: shutdown server with port 43179 now
2022-07-12 21:07:08,948 [Listener at 127.0.0.1/37581] INFO  server.GrpcService (GrpcService.java:closeImpl(278)) - 0047f0d6-cad6-4c01-8720-7c34e3f82305: shutdown server with port 43179 successfully
2022-07-12 21:07:08,948 [org.apache.ratis.util.JvmPauseMonitor$$Lambda$613/1050667922@3344def3] INFO  util.JvmPauseMonitor (JvmPauseMonitor.java:run(109)) - JvmPauseMonitor-0047f0d6-cad6-4c01-8720-7c34e3f82305: Stopped
2022-07-12 21:07:11,032 [Listener at 127.0.0.1/37581] INFO  utils.BackgroundService (BackgroundService.java:shutdown(132)) - Shutting down service BlockDeletingService
2022-07-12 21:07:11,091 [ForkJoinPool.commonPool-worker-1] INFO  utils.BackgroundService (BackgroundService.java:shutdown(132)) - Shutting down service BlockDeletingService
2022-07-12 21:07:14,116 [Listener at 127.0.0.1/37581] INFO  statemachine.DatanodeStateMachine (DatanodeStateMachine.java:stopDaemon(580)) - Ozone container server stopped.
2022-07-12 21:07:14,125 [Listener at 127.0.0.1/37581] INFO  handler.ContextHandler (ContextHandler.java:doStop(1153)) - Stopped o.e.j.w.WebAppContext@6910f913{hddsDatanode,/,null,STOPPED}{jar:file:/home/runner/.m2/repository/org/apache/ozone/hdds-container-service/1.3.0-SNAPSHOT/hdds-container-service-1.3.0-SNAPSHOT.jar!/webapps/hddsDatanode}
2022-07-12 21:07:14,143 [Listener at 127.0.0.1/37581] INFO  server.AbstractConnector (AbstractConnector.java:doStop(381)) - Stopped ServerConnector@7434541{HTTP/1.1, (http/1.1)}{0.0.0.0:0}
2022-07-12 21:07:14,143 [Listener at 127.0.0.1/37581] INFO  server.session (HouseKeeper.java:stopScavenging(149)) - node0 Stopped scavenging
2022-07-12 21:07:14,144 [Listener at 127.0.0.1/37581] INFO  handler.ContextHandler (ContextHandler.java:doStop(1153)) - Stopped o.e.j.s.ServletContextHandler@423d5c81{static,/static,jar:file:/home/runner/.m2/repository/org/apache/ozone/hdds-container-service/1.3.0-SNAPSHOT/hdds-container-service-1.3.0-SNAPSHOT.jar!/webapps/static,STOPPED}
2022-07-12 21:07:14,144 [Listener at 127.0.0.1/37581] INFO  handler.ContextHandler (ContextHandler.java:doStop(1153)) - Stopped o.e.j.s.ServletContextHandler@5cee7c0d{logs,/logs,file:///home/runner/work/ozone/ozone/hadoop-ozone/integration-test/target/log,STOPPED}
2022-07-12 21:07:14,180 [ForkJoinPool.commonPool-worker-1] INFO  statemachine.DatanodeStateMachine (DatanodeStateMachine.java:stopDaemon(580)) - Ozone container server stopped.
2022-07-12 21:07:14,248 [ForkJoinPool.commonPool-worker-1] INFO  handler.ContextHandler (ContextHandler.java:doStop(1153)) - Stopped o.e.j.w.WebAppContext@6a616446{hddsDatanode,/,null,STOPPED}{jar:file:/home/runner/.m2/repository/org/apache/ozone/hdds-container-service/1.3.0-SNAPSHOT/hdds-container-service-1.3.0-SNAPSHOT.jar!/webapps/hddsDatanode}
2022-07-12 21:07:14,250 [ForkJoinPool.commonPool-worker-1] INFO  server.AbstractConnector (AbstractConnector.java:doStop(381)) - Stopped ServerConnector@5a5ef432{HTTP/1.1, (http/1.1)}{0.0.0.0:0}
2022-07-12 21:07:14,250 [ForkJoinPool.commonPool-worker-1] INFO  server.session (HouseKeeper.java:stopScavenging(149)) - node0 Stopped scavenging
2022-07-12 21:07:14,275 [ForkJoinPool.commonPool-worker-1] INFO  handler.ContextHandler (ContextHandler.java:doStop(1153)) - Stopped o.e.j.s.ServletContextHandler@50cf54e4{static,/static,jar:file:/home/runner/.m2/repository/org/apache/ozone/hdds-container-service/1.3.0-SNAPSHOT/hdds-container-service-1.3.0-SNAPSHOT.jar!/webapps/static,STOPPED}
2022-07-12 21:07:14,276 [ForkJoinPool.commonPool-worker-1] INFO  handler.ContextHandler (ContextHandler.java:doStop(1153)) - Stopped o.e.j.s.ServletContextHandler@2bf95bf1{logs,/logs,file:///home/runner/work/ozone/ozone/hadoop-ozone/integration-test/target/log,STOPPED}
2022-07-12 21:07:19,151 [Listener at 127.0.0.1/37581] INFO  ozoneimpl.OzoneContainer (OzoneContainer.java:stop(365)) - Attempting to stop container services.
2022-07-12 21:07:19,152 [Listener at 127.0.0.1/37581] INFO  server.RaftServer (RaftServerProxy.java:lambda$close$7(398)) - 8bf5e825-cafb-4359-a872-18b2ce7984ce: close
2022-07-12 21:07:19,152 [Listener at 127.0.0.1/37581] INFO  server.RaftServer$Division (RaftServerImpl.java:lambda$close$4(434)) - 8bf5e825-cafb-4359-a872-18b2ce7984ce@group-301468B227E7: shutdown
2022-07-12 21:07:19,152 [Listener at 127.0.0.1/37581] INFO  util.JmxRegister (JmxRegister.java:unregister(73)) - Successfully un-registered JMX Bean with object name Ratis:service=RaftServer,group=group-301468B227E7,id=8bf5e825-cafb-4359-a872-18b2ce7984ce
2022-07-12 21:07:19,153 [Listener at 127.0.0.1/37581] INFO  impl.RoleInfo (RoleInfo.java:shutdownLeaderState(93)) - 8bf5e825-cafb-4359-a872-18b2ce7984ce: shutdown 8bf5e825-cafb-4359-a872-18b2ce7984ce@group-301468B227E7-LeaderStateImpl
2022-07-12 21:07:19,153 [Listener at 127.0.0.1/37581] INFO  impl.PendingRequests (PendingRequests.java:sendNotLeaderResponses(282)) - 8bf5e825-cafb-4359-a872-18b2ce7984ce@group-301468B227E7-PendingRequests: sendNotLeaderResponses
2022-07-12 21:07:19,155 [8bf5e825-cafb-4359-a872-18b2ce7984ce@group-301468B227E7-StateMachineUpdater] INFO  ratis.ContainerStateMachine (ContainerStateMachine.java:takeSnapshot(304)) - group-301468B227E7: Taking a snapshot at:(t:1, i:0) file /home/runner/work/ozone/ozone/hadoop-ozone/integration-test/target/test-dir/MiniOzoneClusterImpl-f732ff5a-6050-490e-9ecc-7e3ed1996e94/datanode-3/data/ratis/d4cf0ec2-e14f-4d20-a34d-301468b227e7/sm/snapshot.1_0
2022-07-12 21:07:19,155 [Listener at 127.0.0.1/37581] INFO  impl.StateMachineUpdater (StateMachineUpdater.java:stopAndJoin(153)) - 8bf5e825-cafb-4359-a872-18b2ce7984ce@group-301468B227E7-StateMachineUpdater: set stopIndex = 0
2022-07-12 21:07:19,163 [8bf5e825-cafb-4359-a872-18b2ce7984ce@group-301468B227E7-StateMachineUpdater] INFO  ratis.ContainerStateMachine (ContainerStateMachine.java:takeSnapshot(315)) - group-301468B227E7: Finished taking a snapshot at:(t:1, i:0) file:/home/runner/work/ozone/ozone/hadoop-ozone/integration-test/target/test-dir/MiniOzoneClusterImpl-f732ff5a-6050-490e-9ecc-7e3ed1996e94/datanode-3/data/ratis/d4cf0ec2-e14f-4d20-a34d-301468b227e7/sm/snapshot.1_0 took: 9 ms
2022-07-12 21:07:19,164 [8bf5e825-cafb-4359-a872-18b2ce7984ce@group-301468B227E7-StateMachineUpdater] INFO  impl.StateMachineUpdater (StateMachineUpdater.java:takeSnapshot(287)) - 8bf5e825-cafb-4359-a872-18b2ce7984ce@group-301468B227E7-StateMachineUpdater: Took a snapshot at index 0
2022-07-12 21:07:19,164 [8bf5e825-cafb-4359-a872-18b2ce7984ce@group-301468B227E7-StateMachineUpdater] INFO  impl.StateMachineUpdater (StateMachineUpdater.java:lambda$new$0(92)) - 8bf5e825-cafb-4359-a872-18b2ce7984ce@group-301468B227E7-StateMachineUpdater: snapshotIndex: updateIncreasingly -1 -> 0
2022-07-12 21:07:19,167 [Listener at 127.0.0.1/37581] INFO  server.RaftServer$Division (ServerState.java:close(429)) - 8bf5e825-cafb-4359-a872-18b2ce7984ce@group-301468B227E7: closes. applyIndex: 0
2022-07-12 21:07:19,168 [8bf5e825-cafb-4359-a872-18b2ce7984ce@group-301468B227E7-SegmentedRaftLogWorker] INFO  segmented.SegmentedRaftLogWorker (SegmentedRaftLogWorker.java:run(336)) - 8bf5e825-cafb-4359-a872-18b2ce7984ce@group-301468B227E7-SegmentedRaftLogWorker was interrupted, exiting. There are 0 tasks remaining in the queue.
2022-07-12 21:07:19,168 [Listener at 127.0.0.1/37581] INFO  segmented.SegmentedRaftLogWorker (SegmentedRaftLogWorker.java:close(246)) - 8bf5e825-cafb-4359-a872-18b2ce7984ce@group-301468B227E7-SegmentedRaftLogWorker close()
2022-07-12 21:07:19,169 [Listener at 127.0.0.1/37581] INFO  server.GrpcService (GrpcService.java:closeImpl(269)) - 8bf5e825-cafb-4359-a872-18b2ce7984ce: shutdown server with port 44517 now
2022-07-12 21:07:19,175 [Listener at 127.0.0.1/37581] INFO  server.GrpcService (GrpcService.java:closeImpl(278)) - 8bf5e825-cafb-4359-a872-18b2ce7984ce: shutdown server with port 44517 successfully
2022-07-12 21:07:19,207 [org.apache.ratis.util.JvmPauseMonitor$$Lambda$613/1050667922@2c83f829] INFO  util.JvmPauseMonitor (JvmPauseMonitor.java:run(109)) - JvmPauseMonitor-8bf5e825-cafb-4359-a872-18b2ce7984ce: Stopped
2022-07-12 21:07:21,228 [Listener at 127.0.0.1/37581] INFO  utils.BackgroundService (BackgroundService.java:shutdown(132)) - Shutting down service BlockDeletingService
2022-07-12 21:07:24,266 [Listener at 127.0.0.1/37581] INFO  statemachine.DatanodeStateMachine (DatanodeStateMachine.java:stopDaemon(580)) - Ozone container server stopped.
2022-07-12 21:07:24,274 [Listener at 127.0.0.1/37581] INFO  handler.ContextHandler (ContextHandler.java:doStop(1153)) - Stopped o.e.j.w.WebAppContext@1216f63c{hddsDatanode,/,null,STOPPED}{jar:file:/home/runner/.m2/repository/org/apache/ozone/hdds-container-service/1.3.0-SNAPSHOT/hdds-container-service-1.3.0-SNAPSHOT.jar!/webapps/hddsDatanode}
2022-07-12 21:07:24,277 [Listener at 127.0.0.1/37581] INFO  server.AbstractConnector (AbstractConnector.java:doStop(381)) - Stopped ServerConnector@5e6c9912{HTTP/1.1, (http/1.1)}{0.0.0.0:0}
2022-07-12 21:07:24,277 [Listener at 127.0.0.1/37581] INFO  server.session (HouseKeeper.java:stopScavenging(149)) - node0 Stopped scavenging
2022-07-12 21:07:24,278 [Listener at 127.0.0.1/37581] INFO  handler.ContextHandler (ContextHandler.java:doStop(1153)) - Stopped o.e.j.s.ServletContextHandler@43f1d733{static,/static,jar:file:/home/runner/.m2/repository/org/apache/ozone/hdds-container-service/1.3.0-SNAPSHOT/hdds-container-service-1.3.0-SNAPSHOT.jar!/webapps/static,STOPPED}
2022-07-12 21:07:24,278 [Listener at 127.0.0.1/37581] INFO  handler.ContextHandler (ContextHandler.java:doStop(1153)) - Stopped o.e.j.s.ServletContextHandler@d7de580{logs,/logs,file:///home/runner/work/ozone/ozone/hadoop-ozone/integration-test/target/log,STOPPED}
2022-07-12 21:07:24,281 [Listener at 127.0.0.1/37581] INFO  ozone.MiniOzoneClusterImpl (MiniOzoneClusterImpl.java:stopSCM(549)) - Stopping the StorageContainerManager
2022-07-12 21:07:24,281 [Listener at 127.0.0.1/37581] INFO  server.StorageContainerManager (StorageContainerManager.java:stop(1514)) - Container Balancer is not running.
2022-07-12 21:07:24,281 [Listener at 127.0.0.1/37581] INFO  server.StorageContainerManager (StorageContainerManager.java:stop(1521)) - Stopping Replication Manager Service.
2022-07-12 21:07:24,281 [Listener at 127.0.0.1/37581] INFO  replication.ReplicationManager (ReplicationManager.java:stop(219)) - Stopping Replication Monitor Thread.
2022-07-12 21:07:24,282 [ReplicationMonitor] INFO  replication.ReplicationManager (ReplicationManager.java:run(389)) - Replication Monitor Thread is stopped
2022-07-12 21:07:24,282 [Listener at 127.0.0.1/37581] INFO  server.StorageContainerManager (StorageContainerManager.java:stop(1528)) - Stopping the Datanode Admin Monitor.
2022-07-12 21:07:24,282 [Listener at 127.0.0.1/37581] INFO  server.StorageContainerManager (StorageContainerManager.java:stop(1535)) - Stopping Lease Manager of the command watchers
2022-07-12 21:07:24,282 [Listener at 127.0.0.1/37581] INFO  server.StorageContainerManager (StorageContainerManager.java:stop(1542)) - Stopping datanode service RPC server
2022-07-12 21:07:24,282 [Listener at 127.0.0.1/37581] INFO  server.SCMDatanodeProtocolServer (SCMDatanodeProtocolServer.java:stop(414)) - Stopping the RPC server for DataNodes
2022-07-12 21:07:24,282 [Listener at 127.0.0.1/37581] INFO  ipc.Server (Server.java:stop(3414)) - Stopping server on 43829
2022-07-12 21:07:24,318 [IPC Server listener on 0] INFO  ipc.Server (Server.java:run(1376)) - Stopping IPC Server listener on 0
2022-07-12 21:07:24,323 [IPC Server Responder] INFO  ipc.Server (Server.java:run(1512)) - Stopping IPC Server Responder
2022-07-12 21:07:24,343 [SCM Heartbeat Processing Thread - 0] WARN  node.NodeStateManager (NodeStateManager.java:scheduleNextHealthCheck(870)) - Current Thread is interrupted, shutting down HB processing thread for Node Manager.
2022-07-12 21:07:24,355 [Listener at 127.0.0.1/37581] INFO  server.StorageContainerManager (StorageContainerManager.java:stop(1550)) - Stopping block service RPC server
2022-07-12 21:07:24,356 [Listener at 127.0.0.1/37581] INFO  server.SCMBlockProtocolServer (SCMBlockProtocolServer.java:stop(161)) - Stopping the RPC server for Block Protocol
2022-07-12 21:07:24,356 [Listener at 127.0.0.1/37581] INFO  ipc.Server (Server.java:stop(3414)) - Stopping server on 34473
2022-07-12 21:07:24,359 [IPC Server Responder] INFO  ipc.Server (Server.java:run(1512)) - Stopping IPC Server Responder
2022-07-12 21:07:24,359 [Listener at 127.0.0.1/37581] INFO  server.StorageContainerManager (StorageContainerManager.java:stop(1557)) - Stopping the StorageContainerLocationProtocol RPC server
2022-07-12 21:07:24,359 [IPC Server listener on 0] INFO  ipc.Server (Server.java:run(1376)) - Stopping IPC Server listener on 0
2022-07-12 21:07:24,360 [Listener at 127.0.0.1/37581] INFO  server.SCMClientProtocolServer (SCMClientProtocolServer.java:stop(179)) - Stopping the RPC server for Client Protocol
2022-07-12 21:07:24,360 [Listener at 127.0.0.1/37581] INFO  ipc.Server (Server.java:stop(3414)) - Stopping server on 39927
2022-07-12 21:07:24,364 [Listener at 127.0.0.1/37581] INFO  server.StorageContainerManager (StorageContainerManager.java:stop(1564)) - Stopping Storage Container Manager HTTP server.
2022-07-12 21:07:24,365 [Listener at 127.0.0.1/37581] INFO  handler.ContextHandler (ContextHandler.java:doStop(1153)) - Stopped o.e.j.w.WebAppContext@74e17194{scm,/,null,STOPPED}{file:/home/runner/work/ozone/ozone/hadoop-ozone/integration-test/target/test-classes/webapps/scm}
2022-07-12 21:07:24,365 [IPC Server listener on 0] INFO  ipc.Server (Server.java:run(1376)) - Stopping IPC Server listener on 0
2022-07-12 21:07:24,365 [IPC Server Responder] INFO  ipc.Server (Server.java:run(1512)) - Stopping IPC Server Responder
2022-07-12 21:07:24,371 [Listener at 127.0.0.1/37581] INFO  server.AbstractConnector (AbstractConnector.java:doStop(381)) - Stopped ServerConnector@4782905e{HTTP/1.1, (http/1.1)}{0.0.0.0:0}
2022-07-12 21:07:24,371 [Listener at 127.0.0.1/37581] INFO  server.session (HouseKeeper.java:stopScavenging(149)) - node0 Stopped scavenging
2022-07-12 21:07:24,371 [Listener at 127.0.0.1/37581] INFO  handler.ContextHandler (ContextHandler.java:doStop(1153)) - Stopped o.e.j.s.ServletContextHandler@51f278d1{static,/static,file:///home/runner/work/ozone/ozone/hadoop-ozone/integration-test/target/test-classes/webapps/static,STOPPED}
2022-07-12 21:07:24,380 [Listener at 127.0.0.1/37581] INFO  handler.ContextHandler (ContextHandler.java:doStop(1153)) - Stopped o.e.j.s.ServletContextHandler@4709350e{logs,/logs,file:///home/runner/work/ozone/ozone/hadoop-ozone/integration-test/target/log,STOPPED}
2022-07-12 21:07:24,408 [Listener at 127.0.0.1/37581] INFO  server.StorageContainerManager (StorageContainerManager.java:stop(1575)) - Stopping Block Manager Service.
2022-07-12 21:07:24,409 [Listener at 127.0.0.1/37581] INFO  utils.BackgroundService (BackgroundService.java:shutdown(132)) - Shutting down service SCMBlockDeletingService
2022-07-12 21:07:24,409 [Listener at 127.0.0.1/37581] INFO  utils.BackgroundService (BackgroundService.java:shutdown(132)) - Shutting down service SCMBlockDeletingService
2022-07-12 21:07:24,409 [Listener at 127.0.0.1/37581] INFO  server.StorageContainerManager (StorageContainerManager.java:stop(1602)) - Stopping SCM Event Queue.
2022-07-12 21:07:24,410 [Listener at 127.0.0.1/37581] INFO  server.StorageContainerManager (StorageContainerManager.java:stop(1613)) - Stopping SCM HA services.
2022-07-12 21:07:24,410 [Listener at 127.0.0.1/37581] INFO  pipeline.BackgroundPipelineCreator (BackgroundPipelineCreator.java:stop(152)) - Stopping RatisPipelineUtilsThread.
2022-07-12 21:07:24,411 [RatisPipelineUtilsThread - 0] WARN  pipeline.BackgroundPipelineCreator (BackgroundPipelineCreator.java:run(179)) - RatisPipelineUtilsThread is interrupted.
2022-07-12 21:07:24,411 [Listener at 127.0.0.1/37581] INFO  BackgroundPipelineScrubber (BackgroundSCMService.java:stop(126)) - Stopping BackgroundPipelineScrubber Service.
2022-07-12 21:07:24,411 [Listener at 127.0.0.1/37581] INFO  server.StorageContainerManager (StorageContainerManager.java:stop(1623)) - Stopping SCM MetadataStore.
2022-07-12 21:07:24,411 [BackgroundPipelineScrubberThread] WARN  BackgroundPipelineScrubber (BackgroundSCMService.java:run(110)) - BackgroundPipelineScrubber is interrupted, exit
2022-07-12 21:07:24,413 [Listener at 127.0.0.1/37581] INFO  impl.MetricsSystemImpl (MetricsSystemImpl.java:stop(210)) - Stopping HddsDatanode metrics system...
2022-07-12 21:07:24,451 [prometheus] INFO  impl.MetricsSinkAdapter (MetricsSinkAdapter.java:publishMetricsFromQueue(141)) - prometheus thread interrupted.
2022-07-12 21:07:24,451 [Listener at 127.0.0.1/37581] INFO  impl.MetricsSystemImpl (MetricsSystemImpl.java:stop(216)) - HddsDatanode metrics system stopped.
2022-07-12 21:07:24,915 [Listener at 127.0.0.1/37581] WARN  server.ServerUtils (ServerUtils.java:getScmDbDir(148)) - ozone.scm.db.dirs is not configured. We recommend adding this setting. Falling back to ozone.metadata.dirs instead.
2022-07-12 21:07:24,926 [Listener at 127.0.0.1/37581] WARN  server.ServerUtils (ServerUtils.java:getScmDbDir(148)) - ozone.scm.db.dirs is not configured. We recommend adding this setting. Falling back to ozone.metadata.dirs instead.
2022-07-12 21:07:24,928 [Listener at 127.0.0.1/37581] INFO  ha.SCMHANodeDetails (SCMHANodeDetails.java:loadSCMHAConfig(209)) - ServiceID for StorageContainerManager is null
2022-07-12 21:07:24,928 [Listener at 127.0.0.1/37581] INFO  ha.SCMHANodeDetails (SCMHANodeDetails.java:loadSCMHAConfig(214)) - ozone.scm.default.service.id is not defined, falling back to ozone.scm.service.ids to find serviceID for StorageContainerManager if it is HA enabled cluster
2022-07-12 21:07:24,928 [Listener at 127.0.0.1/37581] WARN  utils.HAUtils (HAUtils.java:getMetaDir(342)) - ozone.scm.db.dirs is not configured. We recommend adding this setting. Falling back to ozone.metadata.dirs instead.
2022-07-12 21:07:24,929 [Listener at 127.0.0.1/37581] WARN  db.DBStoreBuilder (DBStoreBuilder.java:applyDBDefinition(145)) - ozone.scm.db.dirs is not configured. We recommend adding this setting. Falling back to ozone.metadata.dirs instead.
2022-07-12 21:07:25,550 [Listener at 127.0.0.1/37581] INFO  net.NodeSchemaLoader (NodeSchemaLoader.java:loadSchemaFromFile(129)) - Loading schema from [jar:file:/home/runner/.m2/repository/org/apache/ozone/hdds-common/1.3.0-SNAPSHOT/hdds-common-1.3.0-SNAPSHOT.jar!/network-topology-default.xml]
2022-07-12 21:07:25,550 [Listener at 127.0.0.1/37581] INFO  net.NodeSchemaLoader (NodeSchemaLoader.java:loadSchema(176)) - Loading network topology layer schema file
2022-07-12 21:07:25,574 [Listener at 127.0.0.1/37581] INFO  upgrade.AbstractLayoutVersionManager (AbstractLayoutVersionManager.java:init(82)) - Initializing Layout version manager with metadata layout = DATANODE_SCHEMA_V3 (version = 4), software layout = DATANODE_SCHEMA_V3 (version = 4)
2022-07-12 21:07:25,683 [Listener at 127.0.0.1/37581] INFO  reflections.Reflections (Reflections.java:scan(232)) - Reflections took 108 ms to scan 7 urls, producing 132 keys and 317 values 
2022-07-12 21:07:25,730 [Listener at 127.0.0.1/37581] INFO  ha.SequenceIdGenerator (SequenceIdGenerator.java:upgradeToSequenceId(349)) - upgrade localId to 109611004723200000
2022-07-12 21:07:25,731 [Listener at 127.0.0.1/37581] INFO  ha.SequenceIdGenerator (SequenceIdGenerator.java:upgradeToSequenceId(359)) - upgrade delTxnId to 0
2022-07-12 21:07:25,731 [Listener at 127.0.0.1/37581] INFO  ha.SequenceIdGenerator (SequenceIdGenerator.java:upgradeToSequenceId(376)) - upgrade containerId to 0
2022-07-12 21:07:25,731 [Listener at 127.0.0.1/37581] INFO  ha.SequenceIdGenerator (SequenceIdGenerator.java:<init>(220)) - Init the HA SequenceIdGenerator.
2022-07-12 21:07:25,731 [Listener at 127.0.0.1/37581] WARN  server.ServerUtils (ServerUtils.java:sanitizeUserArgs(73)) - ozone.scm.stale.node.interval value = 300000 is larger than max = 100000 based on the key value of ozone.scm.heartbeat.thread.interval, reset to the max value 100000.
2022-07-12 21:07:25,731 [Listener at 127.0.0.1/37581] WARN  server.ServerUtils (ServerUtils.java:sanitizeUserArgs(73)) - ozone.scm.stale.node.interval value = 300000 is larger than max = 100000 based on the key value of ozone.scm.heartbeat.thread.interval, reset to the max value 100000.
2022-07-12 21:07:25,732 [Listener at 127.0.0.1/37581] INFO  node.SCMNodeManager (SCMNodeManager.java:<init>(149)) - Entering startup safe mode.
2022-07-12 21:07:25,732 [Listener at 127.0.0.1/37581] INFO  algorithms.ContainerPlacementPolicyFactory (ContainerPlacementPolicyFactory.java:getPolicyInternal(86)) - Create container placement policy of type org.apache.hadoop.hdds.scm.container.placement.algorithms.SCMContainerPlacementRandom
2022-07-12 21:07:25,732 [Listener at 127.0.0.1/37581] INFO  pipeline.PipelineStateManagerImpl (PipelineStateManagerImpl.java:initialize(78)) - No pipeline exists in current db
2022-07-12 21:07:25,732 [Listener at 127.0.0.1/37581] INFO  algorithms.LeaderChoosePolicyFactory (LeaderChoosePolicyFactory.java:getPolicy(57)) - Create leader choose policy of type org.apache.hadoop.hdds.scm.pipeline.leader.choose.algorithms.MinLeaderCountChoosePolicy
2022-07-12 21:07:25,733 [Listener at 127.0.0.1/37581] INFO  algorithms.ContainerPlacementPolicyFactory (ContainerPlacementPolicyFactory.java:getPolicyInternal(86)) - Create container placement policy of type org.apache.hadoop.hdds.scm.container.placement.algorithms.SCMContainerPlacementRackScatter
2022-07-12 21:07:25,733 [Listener at 127.0.0.1/37581] INFO  pipeline.BackgroundPipelineCreator (BackgroundPipelineCreator.java:start(127)) - Starting RatisPipelineUtilsThread.
2022-07-12 21:07:25,733 [Listener at 127.0.0.1/37581] INFO  BackgroundPipelineScrubber (BackgroundSCMService.java:start(68)) - Starting BackgroundPipelineScrubber Service.
2022-07-12 21:07:25,733 [Listener at 127.0.0.1/37581] INFO  ha.SCMServiceManager (SCMServiceManager.java:register(42)) - Registering service BackgroundPipelineCreator.
2022-07-12 21:07:25,733 [Listener at 127.0.0.1/37581] INFO  ha.SCMServiceManager (SCMServiceManager.java:register(42)) - Registering service BackgroundPipelineScrubber.
2022-07-12 21:07:25,734 [Listener at 127.0.0.1/37581] INFO  ExpiredContainerReplicaOpScrubber (BackgroundSCMService.java:start(68)) - Starting ExpiredContainerReplicaOpScrubber Service.
2022-07-12 21:07:25,734 [Listener at 127.0.0.1/37581] INFO  ha.SCMServiceManager (SCMServiceManager.java:register(42)) - Registering service ExpiredContainerReplicaOpScrubber.
2022-07-12 21:07:25,734 [Listener at 127.0.0.1/37581] INFO  algorithms.PipelineChoosePolicyFactory (PipelineChoosePolicyFactory.java:createPipelineChoosePolicyFromClass(73)) - Create pipeline choose policy of type org.apache.hadoop.hdds.scm.pipeline.choose.algorithms.RandomPipelineChoosePolicy
2022-07-12 21:07:25,735 [Listener at 127.0.0.1/37581] INFO  ha.SCMServiceManager (SCMServiceManager.java:register(42)) - Registering service SCMBlockDeletingService.
2022-07-12 21:07:25,735 [Listener at 127.0.0.1/37581] INFO  replication.ReplicationManager (ReplicationManager.java:start(186)) - Starting Replication Monitor Thread.
2022-07-12 21:07:25,735 [Listener at 127.0.0.1/37581] INFO  ha.SCMServiceManager (SCMServiceManager.java:register(42)) - Registering service ReplicationManager.
2022-07-12 21:07:25,736 [Listener at 127.0.0.1/37581] INFO  safemode.ContainerSafeModeRule (ContainerSafeModeRule.java:<init>(89)) - containers with one replica threshold count 0
2022-07-12 21:07:25,736 [Listener at 127.0.0.1/37581] INFO  safemode.HealthyPipelineSafeModeRule (HealthyPipelineSafeModeRule.java:initializeRule(156)) - Total pipeline count is 0, healthy pipeline threshold count is 1
2022-07-12 21:07:25,736 [Listener at 127.0.0.1/37581] INFO  safemode.OneReplicaPipelineSafeModeRule (OneReplicaPipelineSafeModeRule.java:initializeRule(180)) - Total pipeline count is 0, pipeline's with at least one datanode reported threshold count is 0
2022-07-12 21:07:25,737 [Listener at 127.0.0.1/37581] INFO  ipc.CallQueueManager (CallQueueManager.java:<init>(90)) - Using callQueue: class java.util.concurrent.LinkedBlockingQueue, queueCapacity: 2000, scheduler: class org.apache.hadoop.ipc.DefaultRpcScheduler, ipcBackoff: false.
2022-07-12 21:07:25,738 [Socket Reader #1 for port 0] INFO  ipc.Server (Server.java:run(1265)) - Starting Socket Reader #1 for port 0
2022-07-12 21:07:25,738 [Listener at 0.0.0.0/33845] INFO  ipc.CallQueueManager (CallQueueManager.java:<init>(90)) - Using callQueue: class java.util.concurrent.LinkedBlockingQueue, queueCapacity: 2000, scheduler: class org.apache.hadoop.ipc.DefaultRpcScheduler, ipcBackoff: false.
2022-07-12 21:07:25,739 [Socket Reader #1 for port 0] INFO  ipc.Server (Server.java:run(1265)) - Starting Socket Reader #1 for port 0
2022-07-12 21:07:25,739 [Listener at 0.0.0.0/41613] INFO  ipc.CallQueueManager (CallQueueManager.java:<init>(90)) - Using callQueue: class java.util.concurrent.LinkedBlockingQueue, queueCapacity: 2000, scheduler: class org.apache.hadoop.ipc.DefaultRpcScheduler, ipcBackoff: false.
2022-07-12 21:07:25,740 [Socket Reader #1 for port 0] INFO  ipc.Server (Server.java:run(1265)) - Starting Socket Reader #1 for port 0
2022-07-12 21:07:25,744 [ReplicationMonitor] INFO  replication.ReplicationManager (ReplicationManager.java:processAll(235)) - Replication Manager is not ready to run until 3000ms after safemode exit
2022-07-12 21:07:25,895 [Listener at 0.0.0.0/35583] INFO  ha.SCMServiceManager (SCMServiceManager.java:register(42)) - Registering service ContainerBalancer.
2022-07-12 21:07:25,895 [Listener at 0.0.0.0/35583] INFO  server.StorageContainerManager (StorageContainerManager.java:<init>(401)) - 
Container Balancer status:
Key                            Value
Running                        false
Container Balancer Configuration values:
Key                                                Value
Threshold                                          10
Max Datanodes to Involve per Iteration(percent)    20
Max Size to Move per Iteration                     500GB
Max Size Entering Target per Iteration             26GB
Max Size Leaving Source per Iteration              26GB

2022-07-12 21:07:25,895 [Listener at 0.0.0.0/35583] WARN  events.EventQueue (EventQueue.java:fireEvent(216)) - No event handler registered for event TypedEvent{payloadType=SafeModeStatus, name='Safe mode status'}
2022-07-12 21:07:25,895 [Listener at 0.0.0.0/35583] INFO  ha.SCMContext (SCMContext.java:updateSafeModeStatus(228)) - Update SafeModeStatus from SafeModeStatus{safeModeStatus=true, preCheckPassed=false} to SafeModeStatus{safeModeStatus=true, preCheckPassed=false}.
2022-07-12 21:07:25,910 [Listener at 0.0.0.0/35583] INFO  server.StorageContainerManager (StorageContainerManager.java:start(1422)) - StorageContainerLocationProtocol RPC server is listening at /0.0.0.0:35583
2022-07-12 21:07:25,912 [Listener at 0.0.0.0/35583] WARN  impl.MetricsConfig (MetricsConfig.java:loadFirst(136)) - Cannot locate configuration: tried hadoop-metrics2-storagecontainermanager.properties,hadoop-metrics2.properties
2022-07-12 21:07:25,933 [Listener at 0.0.0.0/35583] INFO  impl.MetricsSystemImpl (MetricsSystemImpl.java:startTimer(378)) - Scheduled Metric snapshot period at 10 second(s).
2022-07-12 21:07:25,933 [Listener at 0.0.0.0/35583] INFO  impl.MetricsSystemImpl (MetricsSystemImpl.java:start(191)) - StorageContainerManager metrics system started
2022-07-12 21:07:26,029 [Listener at 0.0.0.0/35583] INFO  impl.MetricsSinkAdapter (MetricsSinkAdapter.java:start(204)) - Sink prometheus started
2022-07-12 21:07:26,029 [Listener at 0.0.0.0/35583] INFO  impl.MetricsSystemImpl (MetricsSystemImpl.java:registerSink(305)) - Registered sink prometheus
2022-07-12 21:07:26,144 [Listener at 0.0.0.0/35583] INFO  server.SCMClientProtocolServer (SCMClientProtocolServer.java:start(170)) - RPC server for Client  is listening at /0.0.0.0:35583
2022-07-12 21:07:26,171 [IPC Server Responder] INFO  ipc.Server (Server.java:run(1507)) - IPC Server Responder: starting
2022-07-12 21:07:26,415 [Listener at 0.0.0.0/35583] INFO  server.StorageContainerManager (StorageContainerManager.java:start(1437)) - ScmBlockLocationProtocol RPC server is listening at /0.0.0.0:41613
2022-07-12 21:07:26,415 [Listener at 0.0.0.0/35583] INFO  server.SCMBlockProtocolServer (SCMBlockProtocolServer.java:start(152)) - RPC server for Block Protocol is listening at /0.0.0.0:41613
2022-07-12 21:07:26,416 [IPC Server Responder] INFO  ipc.Server (Server.java:run(1507)) - IPC Server Responder: starting
2022-07-12 21:07:26,416 [IPC Server listener on 0] INFO  ipc.Server (Server.java:run(1344)) - IPC Server listener on 0: starting
2022-07-12 21:07:26,418 [Listener at 0.0.0.0/35583] INFO  server.SCMDatanodeProtocolServer (SCMDatanodeProtocolServer.java:start(186)) - ScmDatanodeProtocol RPC server for DataNodes is listening at /0.0.0.0:33845
2022-07-12 21:07:26,418 [IPC Server Responder] INFO  ipc.Server (Server.java:run(1507)) - IPC Server Responder: starting
2022-07-12 21:07:26,419 [IPC Server listener on 0] INFO  ipc.Server (Server.java:run(1344)) - IPC Server listener on 0: starting
2022-07-12 21:07:26,428 [Listener at 0.0.0.0/35583] INFO  http.BaseHttpServer (BaseHttpServer.java:newHttpServer2BuilderForOzone(209)) - Starting Web-server for scm at: http://0.0.0.0:0
2022-07-12 21:07:26,428 [Listener at 0.0.0.0/35583] INFO  http.BaseHttpServer (BaseHttpServer.java:<init>(107)) - Hadoop Security Enabled: false Ozone Security Enabled: false Ozone HTTP Security Enabled: false 
2022-07-12 21:07:26,429 [Listener at 0.0.0.0/35583] INFO  server.AuthenticationFilter (AuthenticationFilter.java:constructSecretProvider(240)) - Unable to initialize FileSignerSecretProvider, falling back to use random secrets.
2022-07-12 21:07:26,449 [org.apache.hadoop.util.JvmPauseMonitor$Monitor@7811b7f5] INFO  util.JvmPauseMonitor (JvmPauseMonitor.java:run(188)) - Starting JVM pause monitor
2022-07-12 21:07:26,459 [Listener at 0.0.0.0/35583] WARN  http.HttpRequestLog (HttpRequestLog.java:getRequestLog(103)) - Jetty request log can only be enabled using Log4j
2022-07-12 21:07:26,463 [IPC Server listener on 0] INFO  ipc.Server (Server.java:run(1344)) - IPC Server listener on 0: starting
2022-07-12 21:07:26,489 [Listener at 0.0.0.0/35583] INFO  http.HttpServer2 (HttpServer2.java:addGlobalFilter(1029)) - Added global filter 'safety' (class=org.apache.hadoop.hdds.server.http.HttpServer2$QuotingInputFilter)
2022-07-12 21:07:26,490 [Listener at 0.0.0.0/35583] INFO  http.HttpServer2 (HttpServer2.java:addFilter(1005)) - Added filter static_user_filter (class=org.apache.hadoop.http.lib.StaticUserWebFilter$StaticUserFilter) to context scm
2022-07-12 21:07:26,490 [Listener at 0.0.0.0/35583] INFO  http.HttpServer2 (HttpServer2.java:addFilter(1013)) - Added filter static_user_filter (class=org.apache.hadoop.http.lib.StaticUserWebFilter$StaticUserFilter) to context static
2022-07-12 21:07:26,490 [Listener at 0.0.0.0/35583] INFO  http.HttpServer2 (HttpServer2.java:addFilter(1013)) - Added filter static_user_filter (class=org.apache.hadoop.http.lib.StaticUserWebFilter$StaticUserFilter) to context logs
2022-07-12 21:07:26,490 [Listener at 0.0.0.0/35583] INFO  http.HttpServer2 (HttpServer2.java:bindListener(1248)) - Jetty bound to port 36009
2022-07-12 21:07:26,490 [Listener at 0.0.0.0/35583] INFO  server.Server (Server.java:doStart(375)) - jetty-9.4.43.v20210629; built: 2021-06-30T11:07:22.254Z; git: 526006ecfa3af7f1a27ef3a288e2bef7ea9dd7e8; jvm 1.8.0_332-b09
2022-07-12 21:07:26,534 [Listener at 0.0.0.0/35583] INFO  server.session (DefaultSessionIdManager.java:doStart(334)) - DefaultSessionIdManager workerName=node0
2022-07-12 21:07:26,534 [Listener at 0.0.0.0/35583] INFO  server.session (DefaultSessionIdManager.java:doStart(339)) - No SessionScavenger set, using defaults
2022-07-12 21:07:26,535 [Listener at 0.0.0.0/35583] INFO  server.session (HouseKeeper.java:startScavenging(132)) - node0 Scavenging every 600000ms
2022-07-12 21:07:26,536 [Listener at 0.0.0.0/35583] INFO  handler.ContextHandler (ContextHandler.java:doStart(915)) - Started o.e.j.s.ServletContextHandler@dbd0afa{logs,/logs,file:///home/runner/work/ozone/ozone/hadoop-ozone/integration-test/target/log,AVAILABLE}
2022-07-12 21:07:26,536 [Listener at 0.0.0.0/35583] INFO  handler.ContextHandler (ContextHandler.java:doStart(915)) - Started o.e.j.s.ServletContextHandler@7d236b95{static,/static,file:///home/runner/work/ozone/ozone/hadoop-ozone/integration-test/target/test-classes/webapps/static,AVAILABLE}
2022-07-12 21:07:26,539 [Listener at 0.0.0.0/35583] INFO  handler.ContextHandler (ContextHandler.java:doStart(915)) - Started o.e.j.w.WebAppContext@4d7006d3{scm,/,file:///home/runner/work/ozone/ozone/hadoop-ozone/integration-test/target/test-classes/webapps/scm/,AVAILABLE}{file:/home/runner/work/ozone/ozone/hadoop-ozone/integration-test/target/test-classes/webapps/scm}
2022-07-12 21:07:26,580 [Listener at 0.0.0.0/35583] INFO  server.AbstractConnector (AbstractConnector.java:doStart(331)) - Started ServerConnector@102310f6{HTTP/1.1, (http/1.1)}{0.0.0.0:36009}
2022-07-12 21:07:26,580 [Listener at 0.0.0.0/35583] INFO  server.Server (Server.java:doStart(415)) - Started @226324ms
2022-07-12 21:07:26,580 [Listener at 0.0.0.0/35583] WARN  impl.MetricsSystemImpl (MetricsSystemImpl.java:register(279)) - Sink prometheus already exists!
2022-07-12 21:07:26,584 [Listener at 0.0.0.0/35583] INFO  http.BaseHttpServer (BaseHttpServer.java:updateConnectorAddress(329)) - HTTP server of scm listening at http://0.0.0.0:36009
2022-07-12 21:07:26,584 [Listener at 0.0.0.0/35583] WARN  server.ServerUtils (ServerUtils.java:getDBPath(225)) - ozone.om.db.dirs is not configured. We recommend adding this setting. Falling back to ozone.metadata.dirs instead.
2022-07-12 21:07:26,589 [Listener at 0.0.0.0/35583] INFO  ha.OMHANodeDetails (OMHANodeDetails.java:loadOMHAConfig(115)) - ozone.om.internal.service.id is not defined, falling back to ozone.om.service.ids to find serviceID for OzoneManager if it is HA enabled cluster
2022-07-12 21:07:26,589 [Listener at 0.0.0.0/35583] INFO  ha.OMHANodeDetails (OMHANodeDetails.java:loadOMHAConfig(226)) - Configuration does not have ozone.om.address set. Falling back to the default OM address /127.0.0.1:0
2022-07-12 21:07:26,589 [Listener at 0.0.0.0/35583] INFO  ha.OMHANodeDetails (OMHANodeDetails.java:getOMNodeDetailsForNonHA(254)) - OM Service ID is not set. Setting it to the default ID: omServiceIdDefault
2022-07-12 21:07:26,589 [Listener at 0.0.0.0/35583] INFO  ha.OMHANodeDetails (OMHANodeDetails.java:getOMNodeDetailsForNonHA(261)) - OM Node ID is not set. Setting it to the default ID: om1
2022-07-12 21:07:26,589 [Listener at 0.0.0.0/35583] WARN  server.ServerUtils (ServerUtils.java:getDBPath(225)) - ozone.om.db.dirs is not configured. We recommend adding this setting. Falling back to ozone.metadata.dirs instead.
2022-07-12 21:07:26,596 [Listener at 0.0.0.0/35583] INFO  upgrade.AbstractLayoutVersionManager (AbstractLayoutVersionManager.java:init(82)) - Initializing Layout version manager with metadata layout = MULTITENANCY_SCHEMA (version = 3), software layout = MULTITENANCY_SCHEMA (version = 3)
2022-07-12 21:07:26,898 [Listener at 0.0.0.0/35583] INFO  reflections.Reflections (Reflections.java:scan(232)) - Reflections took 299 ms to scan 2 urls, producing 153 keys and 430 values [using 2 cores]
2022-07-12 21:07:26,899 [Listener at 0.0.0.0/35583] INFO  upgrade.OMLayoutVersionManager (OMLayoutVersionManager.java:lambda$0(115)) - Skipping Upgrade Action MockOmUpgradeAction since it has been finalized.
2022-07-12 21:07:26,899 [Listener at 0.0.0.0/35583] WARN  server.ServerUtils (ServerUtils.java:getDBPath(225)) - ozone.om.db.dirs is not configured. We recommend adding this setting. Falling back to ozone.metadata.dirs instead.
2022-07-12 21:07:26,899 [Listener at 0.0.0.0/35583] INFO  proxy.SCMBlockLocationFailoverProxyProvider (SCMBlockLocationFailoverProxyProvider.java:<init>(114)) - Created block location fail-over proxy with 1 nodes: [nodeId=scmNodeId,nodeAddress=/0.0.0.0:41613]
2022-07-12 21:07:26,900 [Listener at 0.0.0.0/35583] INFO  proxy.SCMBlockLocationFailoverProxyProvider (SCMBlockLocationFailoverProxyProvider.java:<init>(114)) - Created block location fail-over proxy with 1 nodes: [nodeId=scmNodeId,nodeAddress=/0.0.0.0:41613]
2022-07-12 21:07:26,946 [Listener at 0.0.0.0/35583] WARN  server.ServerUtils (ServerUtils.java:getDBPath(225)) - ozone.om.db.dirs is not configured. We recommend adding this setting. Falling back to ozone.metadata.dirs instead.
2022-07-12 21:07:26,946 [Listener at 0.0.0.0/35583] INFO  codec.OmKeyInfoCodec (OmKeyInfoCodec.java:<init>(49)) - OmKeyInfoCodec ignorePipeline = true
2022-07-12 21:07:26,946 [Listener at 0.0.0.0/35583] INFO  codec.RepeatedOmKeyInfoCodec (RepeatedOmKeyInfoCodec.java:<init>(41)) - RepeatedOmKeyInfoCodec ignorePipeline = true
2022-07-12 21:07:27,814 [Listener at 0.0.0.0/35583] INFO  om.OzoneManager (OzoneManager.java:instantiateServices(692)) - S3 Multi-Tenancy is disabled
2022-07-12 21:07:27,819 [Listener at 0.0.0.0/35583] INFO  om.OzoneManager (OzoneManager.java:addS3GVolumeToDB(4259)) - Created Volume s3v With Owner runner required for S3Gateway operations.
2022-07-12 21:07:27,820 [Listener at 0.0.0.0/35583] WARN  server.ServerUtils (ServerUtils.java:getDefaultRatisDirectory(237)) - Storage directory for Ratis is not configured. It is a good idea to map this to an SSD disk. Falling back to ozone.metadata.dirs
2022-07-12 21:07:27,820 [Listener at 0.0.0.0/35583] WARN  utils.OzoneManagerRatisUtils (OzoneManagerRatisUtils.java:getOMRatisSnapshotDirectory(431)) - ozone.om.ratis.snapshot.dir is not configured. Falling back to ozone.metadata.dirs config
2022-07-12 21:07:27,820 [Listener at 0.0.0.0/35583] WARN  server.ServerUtils (ServerUtils.java:getDefaultRatisDirectory(237)) - Storage directory for Ratis is not configured. It is a good idea to map this to an SSD disk. Falling back to ozone.metadata.dirs
2022-07-12 21:07:27,829 [Listener at 0.0.0.0/35583] INFO  ratis.OzoneManagerRatisServer (OzoneManagerRatisServer.java:<init>(159)) - Instantiating OM Ratis server with groupID: omServiceIdDefault and peers: localhost:9872
2022-07-12 21:07:27,830 [Listener at 0.0.0.0/35583] INFO  ratis.OzoneManagerStateMachine (OzoneManagerStateMachine.java:loadSnapshotInfoFromDB(632)) - LastAppliedIndex is set from TransactionInfo from OM DB as (t:0, i:~)
2022-07-12 21:07:27,835 [Listener at 0.0.0.0/35583] INFO  server.RaftServer (ConfUtils.java:logGet(46)) - raft.rpc.type = GRPC (default)
2022-07-12 21:07:27,836 [Listener at 0.0.0.0/35583] INFO  grpc.GrpcFactory (GrpcFactory.java:checkPooledByteBufAllocatorUseCacheForAllThreads(48)) - PERFORMANCE WARNING: useCacheForAllThreads is true that may cause Netty to create a lot garbage objects and, as a result, trigger GC.
	It is recommended to disable useCacheForAllThreads by setting -Dorg.apache.ratis.thirdparty.io.netty.allocator.useCacheForAllThreads=false in command line.
2022-07-12 21:07:27,836 [Listener at 0.0.0.0/35583] INFO  grpc.GrpcConfigKeys (ConfUtils.java:logGet(46)) - raft.grpc.admin.port = -1 (default)
2022-07-12 21:07:27,836 [Listener at 0.0.0.0/35583] INFO  grpc.GrpcConfigKeys (ConfUtils.java:logGet(46)) - raft.grpc.server.port = 9872 (custom)
2022-07-12 21:07:27,836 [Listener at 0.0.0.0/35583] INFO  grpc.GrpcConfigKeys (ConfUtils.java:logGet(46)) - raft.grpc.client.port = -1 (default)
2022-07-12 21:07:27,836 [Listener at 0.0.0.0/35583] INFO  grpc.GrpcConfigKeys (ConfUtils.java:logGet(46)) - raft.grpc.server.port = 9872 (custom)
2022-07-12 21:07:27,836 [Listener at 0.0.0.0/35583] INFO  grpc.GrpcConfigKeys (ConfUtils.java:logGet(46)) - raft.grpc.server.port = 9872 (custom)
2022-07-12 21:07:27,836 [Listener at 0.0.0.0/35583] INFO  server.GrpcService (ConfUtils.java:logGet(46)) - raft.grpc.message.size.max = 33554432 (custom)
2022-07-12 21:07:27,836 [Listener at 0.0.0.0/35583] INFO  server.RaftServerConfigKeys (ConfUtils.java:logGet(46)) - raft.server.log.appender.buffer.byte-limit = 33554432 (custom)
2022-07-12 21:07:27,836 [Listener at 0.0.0.0/35583] INFO  server.GrpcService (ConfUtils.java:logGet(46)) - raft.grpc.flow.control.window = 1MB (=1048576) (default)
2022-07-12 21:07:27,837 [Listener at 0.0.0.0/35583] INFO  server.RaftServerConfigKeys (ConfUtils.java:logGet(46)) - raft.server.rpc.request.timeout = 3000ms (default)
2022-07-12 21:07:27,837 [Listener at 0.0.0.0/35583] INFO  grpc.GrpcConfigKeys (ConfUtils.java:logGet(46)) - raft.grpc.server.async.request.thread.pool.cached = true (default)
2022-07-12 21:07:27,837 [Listener at 0.0.0.0/35583] INFO  grpc.GrpcConfigKeys (ConfUtils.java:logGet(46)) - raft.grpc.server.async.request.thread.pool.size = 32 (default)
2022-07-12 21:07:27,839 [Listener at 0.0.0.0/35583] INFO  impl.DataStreamServerImpl (ConfUtils.java:logGet(46)) - raft.datastream.type = DISABLED (default)
2022-07-12 21:07:27,839 [Listener at 0.0.0.0/35583] INFO  server.RaftServerConfigKeys (ConfUtils.java:logGet(46)) - raft.server.threadpool.proxy.cached = true (default)
2022-07-12 21:07:27,839 [Listener at 0.0.0.0/35583] INFO  server.RaftServerConfigKeys (ConfUtils.java:logGet(46)) - raft.server.threadpool.proxy.size = 0 (default)
2022-07-12 21:07:27,839 [Listener at 0.0.0.0/35583] INFO  server.RaftServerConfigKeys (ConfUtils.java:logGet(46)) - raft.server.rpc.slowness.timeout = 120s (custom)
2022-07-12 21:07:27,839 [Listener at 0.0.0.0/35583] INFO  server.RaftServerConfigKeys (ConfUtils.java:logGet(46)) - raft.server.leaderelection.leader.step-down.wait-time = 10s (default)
2022-07-12 21:07:27,840 [Listener at 0.0.0.0/35583] INFO  server.RaftServerConfigKeys (ConfUtils.java:logGet(46)) - raft.server.storage.dir = [/home/runner/work/ozone/ozone/hadoop-ozone/integration-test/target/test-dir/MiniOzoneClusterImpl-03d8019b-d99e-41ea-b31f-f002ac91f2ca/ozone-meta/ratis] (custom)
2022-07-12 21:07:27,878 [Listener at 0.0.0.0/35583] INFO  server.RaftServer (RaftServerProxy.java:addNew(96)) - om1: addNew group-C5BA1605619E:[om1|rpc:localhost:9872|priority:0] returns group-C5BA1605619E:java.util.concurrent.CompletableFuture@40b093fd[Not completed]
2022-07-12 21:07:27,879 [Listener at 0.0.0.0/35583] INFO  om.OzoneManager (OzoneManager.java:initializeRatisServer(1961)) - OzoneManager Ratis server initialized at port 9872
2022-07-12 21:07:27,880 [Listener at 0.0.0.0/35583] INFO  om.OzoneManager (OzoneManager.java:getRpcServer(1081)) - Creating RPC Server
2022-07-12 21:07:27,885 [pool-870-thread-1] INFO  server.RaftServer$Division (RaftServerImpl.java:<init>(190)) - om1: new RaftServerImpl for group-C5BA1605619E:[om1|rpc:localhost:9872|priority:0] with OzoneManagerStateMachine:uninitialized
2022-07-12 21:07:27,885 [pool-870-thread-1] INFO  server.RaftServerConfigKeys (ConfUtils.java:logGet(46)) - raft.server.rpc.timeout.min = 1s (custom)
2022-07-12 21:07:27,885 [pool-870-thread-1] INFO  server.RaftServerConfigKeys (ConfUtils.java:logGet(46)) - raft.server.rpc.timeout.max = 1200ms (custom)
2022-07-12 21:07:27,885 [pool-870-thread-1] INFO  server.RaftServerConfigKeys (ConfUtils.java:logGet(46)) - raft.server.rpc.sleep.time = 25ms (default)
2022-07-12 21:07:27,885 [pool-870-thread-1] INFO  server.RaftServerConfigKeys (ConfUtils.java:logGet(46)) - raft.server.rpc.slowness.timeout = 120s (custom)
2022-07-12 21:07:27,885 [pool-870-thread-1] INFO  server.RaftServerConfigKeys (ConfUtils.java:logGet(46)) - raft.server.leaderelection.leader.step-down.wait-time = 10s (default)
2022-07-12 21:07:27,885 [pool-870-thread-1] INFO  server.RaftServerConfigKeys (ConfUtils.java:logGet(46)) - raft.server.sleep.deviation.threshold = 300ms (default)
2022-07-12 21:07:27,885 [pool-870-thread-1] INFO  server.RaftServer$Division (ServerState.java:<init>(107)) - om1@group-C5BA1605619E: ConfigurationManager, init=-1: [om1|rpc:localhost:9872|priority:0], old=null, confs=<EMPTY_MAP>
2022-07-12 21:07:27,885 [pool-870-thread-1] INFO  server.RaftServerConfigKeys (ConfUtils.java:logGet(46)) - raft.server.storage.dir = [/home/runner/work/ozone/ozone/hadoop-ozone/integration-test/target/test-dir/MiniOzoneClusterImpl-03d8019b-d99e-41ea-b31f-f002ac91f2ca/ozone-meta/ratis] (custom)
2022-07-12 21:07:27,885 [pool-870-thread-1] INFO  server.RaftServerConfigKeys (ConfUtils.java:logGet(46)) - raft.server.log.corruption.policy = EXCEPTION (default)
2022-07-12 21:07:27,885 [pool-870-thread-1] INFO  server.RaftServerConfigKeys (ConfUtils.java:logGet(46)) - raft.server.storage.free-space.min = 0MB (=0) (default)
2022-07-12 21:07:27,885 [pool-870-thread-1] INFO  storage.RaftStorageDirectory (RaftStorageDirectoryImpl.java:analyzeStorage(135)) - The storage directory /home/runner/work/ozone/ozone/hadoop-ozone/integration-test/target/test-dir/MiniOzoneClusterImpl-03d8019b-d99e-41ea-b31f-f002ac91f2ca/ozone-meta/ratis/bf265839-605b-3f16-9796-c5ba1605619e does not exist. Creating ...
2022-07-12 21:07:27,892 [pool-870-thread-1] INFO  storage.RaftStorageDirectory (RaftStorageDirectoryImpl.java:tryLock(230)) - Lock on /home/runner/work/ozone/ozone/hadoop-ozone/integration-test/target/test-dir/MiniOzoneClusterImpl-03d8019b-d99e-41ea-b31f-f002ac91f2ca/ozone-meta/ratis/bf265839-605b-3f16-9796-c5ba1605619e/in_use.lock acquired by nodename 31611@fv-az452-57
2022-07-12 21:07:27,908 [pool-870-thread-1] INFO  storage.RaftStorage (RaftStorageImpl.java:format(89)) - Storage directory /home/runner/work/ozone/ozone/hadoop-ozone/integration-test/target/test-dir/MiniOzoneClusterImpl-03d8019b-d99e-41ea-b31f-f002ac91f2ca/ozone-meta/ratis/bf265839-605b-3f16-9796-c5ba1605619e has been successfully formatted.
2022-07-12 21:07:27,908 [pool-870-thread-1] INFO  server.RaftServerConfigKeys (ConfUtils.java:logGet(46)) - raft.server.notification.no-leader.timeout = 120s (custom)
2022-07-12 21:07:27,908 [pool-870-thread-1] INFO  server.RaftServerConfigKeys (ConfUtils.java:logGet(46)) - raft.server.log.use.memory = false (default)
2022-07-12 21:07:27,908 [pool-870-thread-1] INFO  server.RaftServerConfigKeys (ConfUtils.java:logGet(46)) - raft.server.log.purge.gap = 1000000 (custom)
2022-07-12 21:07:27,908 [pool-870-thread-1] INFO  server.RaftServerConfigKeys (ConfUtils.java:logGet(46)) - raft.server.log.appender.buffer.byte-limit = 33554432 (custom)
2022-07-12 21:07:27,908 [pool-870-thread-1] INFO  server.RaftServerConfigKeys (ConfUtils.java:logGet(46)) - raft.server.log.statemachine.data.read.timeout = 1000ms (default)
2022-07-12 21:07:27,909 [pool-870-thread-1] INFO  server.RaftServerConfigKeys (ConfUtils.java:logGet(46)) - raft.server.log.segment.size.max = 4194304 (custom)
2022-07-12 21:07:27,909 [pool-870-thread-1] INFO  server.RaftServerConfigKeys (ConfUtils.java:logGet(46)) - raft.server.log.segment.cache.num.max = 2 (custom)
2022-07-12 21:07:27,909 [pool-870-thread-1] INFO  server.RaftServerConfigKeys (ConfUtils.java:logGet(46)) - raft.server.log.segment.cache.size.max = 200MB (=209715200) (default)
2022-07-12 21:07:27,909 [pool-870-thread-1] INFO  segmented.SegmentedRaftLogWorker (SegmentedRaftLogWorker.java:<init>(187)) - new om1@group-C5BA1605619E-SegmentedRaftLogWorker for RaftStorageImpl:Storage Directory /home/runner/work/ozone/ozone/hadoop-ozone/integration-test/target/test-dir/MiniOzoneClusterImpl-03d8019b-d99e-41ea-b31f-f002ac91f2ca/ozone-meta/ratis/bf265839-605b-3f16-9796-c5ba1605619e
2022-07-12 21:07:27,909 [pool-870-thread-1] INFO  server.RaftServerConfigKeys (ConfUtils.java:logGet(46)) - raft.server.log.queue.byte-limit = 64MB (=67108864) (default)
2022-07-12 21:07:27,909 [pool-870-thread-1] INFO  server.RaftServerConfigKeys (ConfUtils.java:logGet(46)) - raft.server.log.queue.element-limit = 4096 (default)
2022-07-12 21:07:27,909 [pool-870-thread-1] INFO  server.RaftServerConfigKeys (ConfUtils.java:logGet(46)) - raft.server.log.segment.size.max = 4194304 (custom)
2022-07-12 21:07:27,909 [pool-870-thread-1] INFO  server.RaftServerConfigKeys (ConfUtils.java:logGet(46)) - raft.server.log.preallocated.size = 4194304 (custom)
2022-07-12 21:07:27,909 [pool-870-thread-1] INFO  server.RaftServerConfigKeys (ConfUtils.java:logGet(46)) - raft.server.log.force.sync.num = 128 (default)
2022-07-12 21:07:27,909 [pool-870-thread-1] INFO  server.RaftServerConfigKeys (ConfUtils.java:logGet(46)) - raft.server.log.statemachine.data.sync = true (default)
2022-07-12 21:07:27,909 [pool-870-thread-1] INFO  server.RaftServerConfigKeys (ConfUtils.java:logGet(46)) - raft.server.log.statemachine.data.sync.timeout = 10s (default)
2022-07-12 21:07:27,909 [pool-870-thread-1] INFO  server.RaftServerConfigKeys (ConfUtils.java:logGet(46)) - raft.server.log.statemachine.data.sync.timeout.retry = -1 (default)
2022-07-12 21:07:27,916 [pool-870-thread-1] INFO  server.RaftServerConfigKeys (ConfUtils.java:logGet(46)) - raft.server.log.write.buffer.size = 64KB (=65536) (default)
2022-07-12 21:07:27,917 [pool-870-thread-1] INFO  server.RaftServerConfigKeys (ConfUtils.java:logGet(46)) - raft.server.log.unsafe-flush.enabled = false (default)
2022-07-12 21:07:27,917 [pool-870-thread-1] INFO  server.RaftServerConfigKeys (ConfUtils.java:logGet(46)) - raft.server.log.statemachine.data.caching.enabled = false (default)
2022-07-12 21:07:27,917 [pool-870-thread-1] INFO  segmented.SegmentedRaftLogWorker (SegmentedRaftLogWorker.java:lambda$new$0(135)) - om1@group-C5BA1605619E-SegmentedRaftLogWorker: flushIndex: setUnconditionally 0 -> -1
2022-07-12 21:07:27,917 [pool-870-thread-1] INFO  segmented.SegmentedRaftLogWorker (SegmentedRaftLogWorker.java:lambda$new$0(135)) - om1@group-C5BA1605619E-SegmentedRaftLogWorker: safeCacheEvictIndex: setUnconditionally 0 -> -1
2022-07-12 21:07:27,955 [pool-870-thread-1] INFO  server.RaftServerConfigKeys (ConfUtils.java:logGet(46)) - raft.server.snapshot.auto.trigger.enabled = true (custom)
2022-07-12 21:07:27,955 [pool-870-thread-1] INFO  server.RaftServerConfigKeys (ConfUtils.java:logGet(46)) - raft.server.snapshot.auto.trigger.threshold = 400000 (default)
2022-07-12 21:07:27,955 [pool-870-thread-1] INFO  server.RaftServerConfigKeys (ConfUtils.java:logGet(46)) - raft.server.snapshot.retention.file.num = -1 (default)
2022-07-12 21:07:27,955 [pool-870-thread-1] INFO  server.RaftServerConfigKeys (ConfUtils.java:logGet(46)) - raft.server.log.purge.upto.snapshot.index = true (custom)
2022-07-12 21:07:27,955 [pool-870-thread-1] INFO  server.RaftServerConfigKeys (ConfUtils.java:logGet(46)) - raft.server.retrycache.expirytime = 300s (custom)
2022-07-12 21:07:27,955 [pool-870-thread-1] INFO  server.RaftServerConfigKeys (ConfUtils.java:logGet(46)) - raft.server.retrycache.statistics.expirytime = 100μs (default)
2022-07-12 21:07:28,010 [pool-870-thread-1] INFO  server.RaftServerConfigKeys (ConfUtils.java:logGet(46)) - raft.server.log.appender.install.snapshot.enabled = false (custom)
2022-07-12 21:07:28,010 [pool-870-thread-1] INFO  server.RaftServerConfigKeys (ConfUtils.java:logGet(46)) - raft.server.threadpool.server.cached = true (default)
2022-07-12 21:07:28,011 [pool-870-thread-1] INFO  server.RaftServerConfigKeys (ConfUtils.java:logGet(46)) - raft.server.threadpool.server.size = 0 (default)
2022-07-12 21:07:28,011 [pool-870-thread-1] INFO  server.RaftServerConfigKeys (ConfUtils.java:logGet(46)) - raft.server.threadpool.client.cached = true (default)
2022-07-12 21:07:28,011 [pool-870-thread-1] INFO  server.RaftServerConfigKeys (ConfUtils.java:logGet(46)) - raft.server.threadpool.client.size = 0 (default)
2022-07-12 21:07:29,771 [Listener at 0.0.0.0/35583] INFO  reflections.Reflections (Reflections.java:scan(232)) - Reflections took 1890 ms to scan 19 urls, producing 66 keys and 4100 values [using 2 cores]
2022-07-12 21:07:29,773 [Listener at 0.0.0.0/35583] INFO  ipc.CallQueueManager (CallQueueManager.java:<init>(90)) - Using callQueue: class java.util.concurrent.LinkedBlockingQueue, queueCapacity: 2000, scheduler: class org.apache.hadoop.ipc.DefaultRpcScheduler, ipcBackoff: false.
2022-07-12 21:07:29,788 [Socket Reader #1 for port 0] INFO  ipc.Server (Server.java:run(1265)) - Starting Socket Reader #1 for port 0
2022-07-12 21:07:29,898 [Listener at 127.0.0.1/33595] INFO  impl.MetricsSystemImpl (MetricsSystemImpl.java:init(158)) - OzoneManager metrics system started (again)
2022-07-12 21:07:29,972 [Listener at 127.0.0.1/33595] INFO  om.OzoneManager (OzoneManager.java:start(1465)) - OzoneManager RPC server is listening at localhost/127.0.0.1:33595
2022-07-12 21:07:29,972 [Listener at 127.0.0.1/33595] INFO  ratis.OzoneManagerRatisServer (OzoneManagerRatisServer.java:start(554)) - Starting OzoneManagerRatisServer om1 at port 9872
2022-07-12 21:07:29,975 [om1-impl-thread1] INFO  server.RaftServer$Division (RaftServerImpl.java:start(310)) - om1@group-C5BA1605619E: start as a follower, conf=-1: [om1|rpc:localhost:9872|priority:0], old=null
2022-07-12 21:07:29,976 [om1-impl-thread1] INFO  server.RaftServer$Division (RaftServerImpl.java:setRole(299)) - om1@group-C5BA1605619E: changes role from      null to FOLLOWER at term 0 for startAsFollower
2022-07-12 21:07:29,980 [om1-impl-thread1] INFO  impl.RoleInfo (RoleInfo.java:updateAndGet(139)) - om1: start om1@group-C5BA1605619E-FollowerState
2022-07-12 21:07:29,981 [om1-impl-thread1] INFO  util.JmxRegister (JmxRegister.java:tryRegister(44)) - Successfully registered JMX Bean with object name Ratis:service=RaftServer,group=group-C5BA1605619E,id=om1
2022-07-12 21:07:30,075 [Listener at 127.0.0.1/33595] INFO  server.RaftServer (RaftServerProxy.java:lambda$start$6(382)) - om1: start RPC server
2022-07-12 21:07:30,117 [Listener at 127.0.0.1/33595] INFO  server.GrpcService (GrpcService.java:startImpl(260)) - om1: GrpcService started, listening on 9872
2022-07-12 21:07:30,127 [Listener at 127.0.0.1/33595] INFO  om.OzoneManager (OzoneManager.java:start(1481)) - Version File has different layout version (3) than OM DB (null). That is expected if this OM has never been finalized to a newer layout version.
2022-07-12 21:07:30,129 [org.apache.ratis.util.JvmPauseMonitor$$Lambda$613/1050667922@36aa70da] INFO  util.JvmPauseMonitor (JvmPauseMonitor.java:run(103)) - JvmPauseMonitor-om1: Started
2022-07-12 21:07:30,172 [Listener at 127.0.0.1/33595] INFO  http.BaseHttpServer (BaseHttpServer.java:newHttpServer2BuilderForOzone(209)) - Starting Web-server for ozoneManager at: http://0.0.0.0:0
2022-07-12 21:07:30,172 [Listener at 127.0.0.1/33595] INFO  http.BaseHttpServer (BaseHttpServer.java:<init>(107)) - Hadoop Security Enabled: false Ozone Security Enabled: false Ozone HTTP Security Enabled: false 
2022-07-12 21:07:30,173 [Listener at 127.0.0.1/33595] INFO  server.AuthenticationFilter (AuthenticationFilter.java:constructSecretProvider(240)) - Unable to initialize FileSignerSecretProvider, falling back to use random secrets.
2022-07-12 21:07:30,184 [Listener at 127.0.0.1/33595] WARN  http.HttpRequestLog (HttpRequestLog.java:getRequestLog(103)) - Jetty request log can only be enabled using Log4j
2022-07-12 21:07:30,185 [Listener at 127.0.0.1/33595] INFO  http.HttpServer2 (HttpServer2.java:addGlobalFilter(1029)) - Added global filter 'safety' (class=org.apache.hadoop.hdds.server.http.HttpServer2$QuotingInputFilter)
2022-07-12 21:07:30,186 [Listener at 127.0.0.1/33595] INFO  http.HttpServer2 (HttpServer2.java:addFilter(1005)) - Added filter static_user_filter (class=org.apache.hadoop.http.lib.StaticUserWebFilter$StaticUserFilter) to context ozoneManager
2022-07-12 21:07:30,186 [Listener at 127.0.0.1/33595] INFO  http.HttpServer2 (HttpServer2.java:addFilter(1013)) - Added filter static_user_filter (class=org.apache.hadoop.http.lib.StaticUserWebFilter$StaticUserFilter) to context static
2022-07-12 21:07:30,186 [Listener at 127.0.0.1/33595] INFO  http.HttpServer2 (HttpServer2.java:addFilter(1013)) - Added filter static_user_filter (class=org.apache.hadoop.http.lib.StaticUserWebFilter$StaticUserFilter) to context logs
2022-07-12 21:07:30,186 [Listener at 127.0.0.1/33595] INFO  http.HttpServer2 (HttpServer2.java:bindListener(1248)) - Jetty bound to port 33815
2022-07-12 21:07:30,187 [Listener at 127.0.0.1/33595] INFO  server.Server (Server.java:doStart(375)) - jetty-9.4.43.v20210629; built: 2021-06-30T11:07:22.254Z; git: 526006ecfa3af7f1a27ef3a288e2bef7ea9dd7e8; jvm 1.8.0_332-b09
2022-07-12 21:07:30,348 [Listener at 127.0.0.1/33595] INFO  server.session (DefaultSessionIdManager.java:doStart(334)) - DefaultSessionIdManager workerName=node0
2022-07-12 21:07:30,348 [Listener at 127.0.0.1/33595] INFO  server.session (DefaultSessionIdManager.java:doStart(339)) - No SessionScavenger set, using defaults
2022-07-12 21:07:30,348 [Listener at 127.0.0.1/33595] INFO  server.session (HouseKeeper.java:startScavenging(132)) - node0 Scavenging every 660000ms
2022-07-12 21:07:30,351 [Listener at 127.0.0.1/33595] INFO  handler.ContextHandler (ContextHandler.java:doStart(915)) - Started o.e.j.s.ServletContextHandler@3ccb56bc{logs,/logs,file:///home/runner/work/ozone/ozone/hadoop-ozone/integration-test/target/log,AVAILABLE}
2022-07-12 21:07:30,351 [Listener at 127.0.0.1/33595] INFO  handler.ContextHandler (ContextHandler.java:doStart(915)) - Started o.e.j.s.ServletContextHandler@5561f343{static,/static,file:///home/runner/work/ozone/ozone/hadoop-ozone/integration-test/target/test-classes/webapps/static,AVAILABLE}
2022-07-12 21:07:30,366 [Listener at 127.0.0.1/33595] INFO  handler.ContextHandler (ContextHandler.java:doStart(915)) - Started o.e.j.w.WebAppContext@572a6f7{ozoneManager,/,file:///home/runner/work/ozone/ozone/hadoop-ozone/integration-test/target/test-classes/webapps/ozoneManager/,AVAILABLE}{file:/home/runner/work/ozone/ozone/hadoop-ozone/integration-test/target/test-classes/webapps/ozoneManager}
2022-07-12 21:07:30,394 [Listener at 127.0.0.1/33595] INFO  server.AbstractConnector (AbstractConnector.java:doStart(331)) - Started ServerConnector@342fb3b5{HTTP/1.1, (http/1.1)}{0.0.0.0:33815}
2022-07-12 21:07:30,394 [Listener at 127.0.0.1/33595] INFO  server.Server (Server.java:doStart(415)) - Started @230138ms
2022-07-12 21:07:30,394 [Listener at 127.0.0.1/33595] WARN  impl.MetricsSystemImpl (MetricsSystemImpl.java:register(279)) - Sink prometheus already exists!
2022-07-12 21:07:30,396 [Listener at 127.0.0.1/33595] INFO  http.BaseHttpServer (BaseHttpServer.java:updateConnectorAddress(329)) - HTTP server of ozoneManager listening at http://0.0.0.0:33815
2022-07-12 21:07:30,407 [IPC Server Responder] INFO  ipc.Server (Server.java:run(1507)) - IPC Server Responder: starting
2022-07-12 21:07:30,410 [IPC Server listener on 0] INFO  ipc.Server (Server.java:run(1344)) - IPC Server listener on 0: starting
2022-07-12 21:07:30,498 [Listener at 127.0.0.1/33595] INFO  om.TrashPolicyOzone (TrashPolicyOzone.java:<init>(178)) - Ozone Manager trash configuration: Deletion interval = 0 minutes, Emptier interval = 0 minutes.
2022-07-12 21:07:30,539 [org.apache.hadoop.util.JvmPauseMonitor$Monitor@e7c9f64] INFO  util.JvmPauseMonitor (JvmPauseMonitor.java:run(188)) - Starting JVM pause monitor
2022-07-12 21:07:30,561 [Listener at 127.0.0.1/33595] WARN  impl.MetricRegistriesImpl (MetricRegistriesImpl.java:addReporterRegistration(111)) - New reporters are added after registries were created. Some metrics will be missing from the reporter. Please add reporter before adding any new registry.
2022-07-12 21:07:30,562 [Listener at 127.0.0.1/33595] WARN  impl.MetricRegistriesImpl (MetricRegistriesImpl.java:addReporterRegistration(111)) - New reporters are added after registries were created. Some metrics will be missing from the reporter. Please add reporter before adding any new registry.
2022-07-12 21:07:30,562 [Listener at 127.0.0.1/33595] INFO  impl.MetricsSystemImpl (MetricsSystemImpl.java:init(158)) - HddsDatanode metrics system started (again)
2022-07-12 21:07:30,619 [Listener at 127.0.0.1/33595] INFO  ozone.HddsDatanodeService (HddsDatanodeService.java:start(236)) - HddsDatanodeService host:fv-az452-57.ku3lqr0aiaqu5kfj3xdpchcrvd.dx.internal.cloudapp.net ip:10.1.0.20
2022-07-12 21:07:30,767 [Listener at 127.0.0.1/33595] INFO  upgrade.AbstractLayoutVersionManager (AbstractLayoutVersionManager.java:init(82)) - Initializing Layout version manager with metadata layout = DATANODE_SCHEMA_V3 (version = 4), software layout = DATANODE_SCHEMA_V3 (version = 4)
2022-07-12 21:07:31,015 [Listener at 127.0.0.1/33595] INFO  reflections.Reflections (Reflections.java:scan(232)) - Reflections took 247 ms to scan 7 urls, producing 132 keys and 317 values 
2022-07-12 21:07:31,034 [Listener at 127.0.0.1/33595] INFO  statemachine.DatanodeStateMachine (DatanodeStateMachine.java:getEndPointTaskThreadPoolSize(237)) - Datanode State Machine Task Thread Pool size 2
2022-07-12 21:07:31,036 [Listener at 127.0.0.1/33595] INFO  volume.HddsVolume (HddsVolume.java:<init>(116)) - Creating HddsVolume: /home/runner/work/ozone/ozone/hadoop-ozone/integration-test/target/test-dir/MiniOzoneClusterImpl-03d8019b-d99e-41ea-b31f-f002ac91f2ca/datanode-0/data-0/containers/hdds of storage type : DISK capacity : 9223372036854775807
2022-07-12 21:07:31,036 [Listener at 127.0.0.1/33595] INFO  volume.MutableVolumeSet (MutableVolumeSet.java:initializeVolumeSet(174)) - Added Volume : /home/runner/work/ozone/ozone/hadoop-ozone/integration-test/target/test-dir/MiniOzoneClusterImpl-03d8019b-d99e-41ea-b31f-f002ac91f2ca/datanode-0/data-0/containers/hdds to VolumeSet
2022-07-12 21:07:31,037 [Listener at 127.0.0.1/33595] INFO  volume.ThrottledAsyncChecker (ThrottledAsyncChecker.java:schedule(141)) - Scheduling a check for /home/runner/work/ozone/ozone/hadoop-ozone/integration-test/target/test-dir/MiniOzoneClusterImpl-03d8019b-d99e-41ea-b31f-f002ac91f2ca/datanode-0/data-0/containers/hdds
2022-07-12 21:07:31,043 [Listener at 127.0.0.1/33595] INFO  volume.StorageVolumeChecker (StorageVolumeChecker.java:checkAllVolumes(202)) - Scheduled health check for volume /home/runner/work/ozone/ozone/hadoop-ozone/integration-test/target/test-dir/MiniOzoneClusterImpl-03d8019b-d99e-41ea-b31f-f002ac91f2ca/datanode-0/data-0/containers/hdds
2022-07-12 21:07:31,060 [Listener at 127.0.0.1/33595] INFO  volume.MutableVolumeSet (MutableVolumeSet.java:initializeVolumeSet(174)) - Added Volume : /home/runner/work/ozone/ozone/hadoop-ozone/integration-test/target/test-dir/MiniOzoneClusterImpl-03d8019b-d99e-41ea-b31f-f002ac91f2ca/datanode-0/data/ratis to VolumeSet
2022-07-12 21:07:31,061 [Listener at 127.0.0.1/33595] INFO  volume.ThrottledAsyncChecker (ThrottledAsyncChecker.java:schedule(141)) - Scheduling a check for /home/runner/work/ozone/ozone/hadoop-ozone/integration-test/target/test-dir/MiniOzoneClusterImpl-03d8019b-d99e-41ea-b31f-f002ac91f2ca/datanode-0/data/ratis
2022-07-12 21:07:31,061 [Listener at 127.0.0.1/33595] INFO  volume.StorageVolumeChecker (StorageVolumeChecker.java:checkAllVolumes(202)) - Scheduled health check for volume /home/runner/work/ozone/ozone/hadoop-ozone/integration-test/target/test-dir/MiniOzoneClusterImpl-03d8019b-d99e-41ea-b31f-f002ac91f2ca/datanode-0/data/ratis
2022-07-12 21:07:31,097 [Thread-1615] INFO  ozoneimpl.ContainerReader (ContainerReader.java:readVolume(175)) - Finish verifying containers on volume /home/runner/work/ozone/ozone/hadoop-ozone/integration-test/target/test-dir/MiniOzoneClusterImpl-03d8019b-d99e-41ea-b31f-f002ac91f2ca/datanode-0/data-0/containers/hdds
2022-07-12 21:07:31,098 [Listener at 127.0.0.1/33595] INFO  ozoneimpl.OzoneContainer (OzoneContainer.java:buildContainerSet(266)) - Build ContainerSet costs 0s
2022-07-12 21:07:31,100 [Listener at 127.0.0.1/33595] INFO  server.RaftServer (ConfUtils.java:logGet(46)) - raft.rpc.type = GRPC (default)
2022-07-12 21:07:31,100 [Listener at 127.0.0.1/33595] INFO  grpc.GrpcFactory (GrpcFactory.java:checkPooledByteBufAllocatorUseCacheForAllThreads(48)) - PERFORMANCE WARNING: useCacheForAllThreads is true that may cause Netty to create a lot garbage objects and, as a result, trigger GC.
	It is recommended to disable useCacheForAllThreads by setting -Dorg.apache.ratis.thirdparty.io.netty.allocator.useCacheForAllThreads=false in command line.
2022-07-12 21:07:31,100 [Listener at 127.0.0.1/33595] INFO  grpc.GrpcConfigKeys (ConfUtils.java:logGet(46)) - raft.grpc.admin.port = 0 (custom)
2022-07-12 21:07:31,101 [Listener at 127.0.0.1/33595] INFO  grpc.GrpcConfigKeys (ConfUtils.java:logGet(46)) - raft.grpc.client.port = 0 (custom)
2022-07-12 21:07:31,101 [Listener at 127.0.0.1/33595] INFO  grpc.GrpcConfigKeys (ConfUtils.java:logGet(46)) - raft.grpc.server.port = 0 (default)
2022-07-12 21:07:31,101 [Listener at 127.0.0.1/33595] INFO  server.GrpcService (ConfUtils.java:logGet(46)) - raft.grpc.message.size.max = 32MB (=33554432) (custom)
2022-07-12 21:07:31,101 [Listener at 127.0.0.1/33595] INFO  server.RaftServerConfigKeys (ConfUtils.java:logGet(46)) - raft.server.log.appender.buffer.byte-limit = 33554432 (custom)
2022-07-12 21:07:31,101 [Listener at 127.0.0.1/33595] INFO  server.GrpcService (ConfUtils.java:logGet(46)) - raft.grpc.flow.control.window = 5MB (=5242880) (custom)
2022-07-12 21:07:31,101 [Listener at 127.0.0.1/33595] INFO  server.RaftServerConfigKeys (ConfUtils.java:logGet(46)) - raft.server.rpc.request.timeout = 60s (custom)
2022-07-12 21:07:31,101 [Listener at 127.0.0.1/33595] INFO  grpc.GrpcConfigKeys (ConfUtils.java:logGet(46)) - raft.grpc.server.async.request.thread.pool.cached = true (default)
2022-07-12 21:07:31,101 [Listener at 127.0.0.1/33595] INFO  grpc.GrpcConfigKeys (ConfUtils.java:logGet(46)) - raft.grpc.server.async.request.thread.pool.size = 32 (default)
2022-07-12 21:07:31,102 [Listener at 127.0.0.1/33595] INFO  impl.DataStreamServerImpl (ConfUtils.java:logGet(46)) - raft.datastream.type = DISABLED (default)
2022-07-12 21:07:31,103 [Listener at 127.0.0.1/33595] INFO  server.RaftServerConfigKeys (ConfUtils.java:logGet(46)) - raft.server.threadpool.proxy.cached = true (default)
2022-07-12 21:07:31,103 [Listener at 127.0.0.1/33595] INFO  server.RaftServerConfigKeys (ConfUtils.java:logGet(46)) - raft.server.threadpool.proxy.size = 0 (default)
2022-07-12 21:07:31,103 [Listener at 127.0.0.1/33595] INFO  server.RaftServerConfigKeys (ConfUtils.java:logGet(46)) - raft.server.rpc.slowness.timeout = 300s (custom)
2022-07-12 21:07:31,103 [Listener at 127.0.0.1/33595] INFO  server.RaftServerConfigKeys (ConfUtils.java:logGet(46)) - raft.server.leaderelection.leader.step-down.wait-time = 10s (default)
2022-07-12 21:07:31,103 [Listener at 127.0.0.1/33595] INFO  server.RaftServerConfigKeys (ConfUtils.java:logGet(46)) - raft.server.storage.dir = [/home/runner/work/ozone/ozone/hadoop-ozone/integration-test/target/test-dir/MiniOzoneClusterImpl-03d8019b-d99e-41ea-b31f-f002ac91f2ca/datanode-0/data/ratis] (custom)
2022-07-12 21:07:31,106 [Listener at 127.0.0.1/33595] INFO  server.XceiverServerGrpc (XceiverServerGrpc.java:<init>(132)) - GrpcServer channel type EpollServerSocketChannel
2022-07-12 21:07:31,110 [Listener at 127.0.0.1/33595] INFO  http.BaseHttpServer (BaseHttpServer.java:newHttpServer2BuilderForOzone(209)) - Starting Web-server for hddsDatanode at: http://0.0.0.0:0
2022-07-12 21:07:31,110 [Listener at 127.0.0.1/33595] INFO  http.BaseHttpServer (BaseHttpServer.java:<init>(107)) - Hadoop Security Enabled: false Ozone Security Enabled: false Ozone HTTP Security Enabled: false 
2022-07-12 21:07:31,111 [Listener at 127.0.0.1/33595] INFO  server.AuthenticationFilter (AuthenticationFilter.java:constructSecretProvider(240)) - Unable to initialize FileSignerSecretProvider, falling back to use random secrets.
2022-07-12 21:07:31,120 [Listener at 127.0.0.1/33595] WARN  http.HttpRequestLog (HttpRequestLog.java:getRequestLog(103)) - Jetty request log can only be enabled using Log4j
2022-07-12 21:07:31,122 [Listener at 127.0.0.1/33595] INFO  http.HttpServer2 (HttpServer2.java:addGlobalFilter(1029)) - Added global filter 'safety' (class=org.apache.hadoop.hdds.server.http.HttpServer2$QuotingInputFilter)
2022-07-12 21:07:31,125 [Listener at 127.0.0.1/33595] INFO  http.HttpServer2 (HttpServer2.java:addFilter(1005)) - Added filter static_user_filter (class=org.apache.hadoop.http.lib.StaticUserWebFilter$StaticUserFilter) to context hddsDatanode
2022-07-12 21:07:31,126 [Listener at 127.0.0.1/33595] INFO  http.HttpServer2 (HttpServer2.java:addFilter(1013)) - Added filter static_user_filter (class=org.apache.hadoop.http.lib.StaticUserWebFilter$StaticUserFilter) to context static
2022-07-12 21:07:31,131 [Listener at 127.0.0.1/33595] INFO  http.HttpServer2 (HttpServer2.java:addFilter(1013)) - Added filter static_user_filter (class=org.apache.hadoop.http.lib.StaticUserWebFilter$StaticUserFilter) to context logs
2022-07-12 21:07:31,132 [Listener at 127.0.0.1/33595] INFO  http.HttpServer2 (HttpServer2.java:bindListener(1248)) - Jetty bound to port 39715
2022-07-12 21:07:31,132 [Listener at 127.0.0.1/33595] INFO  server.Server (Server.java:doStart(375)) - jetty-9.4.43.v20210629; built: 2021-06-30T11:07:22.254Z; git: 526006ecfa3af7f1a27ef3a288e2bef7ea9dd7e8; jvm 1.8.0_332-b09
2022-07-12 21:07:31,140 [Listener at 127.0.0.1/33595] INFO  server.session (DefaultSessionIdManager.java:doStart(334)) - DefaultSessionIdManager workerName=node0
2022-07-12 21:07:31,141 [Listener at 127.0.0.1/33595] INFO  server.session (DefaultSessionIdManager.java:doStart(339)) - No SessionScavenger set, using defaults
2022-07-12 21:07:31,141 [Listener at 127.0.0.1/33595] INFO  server.session (HouseKeeper.java:startScavenging(132)) - node0 Scavenging every 600000ms
2022-07-12 21:07:31,141 [Listener at 127.0.0.1/33595] INFO  handler.ContextHandler (ContextHandler.java:doStart(915)) - Started o.e.j.s.ServletContextHandler@2d53cd54{logs,/logs,file:///home/runner/work/ozone/ozone/hadoop-ozone/integration-test/target/log,AVAILABLE}
2022-07-12 21:07:31,142 [Listener at 127.0.0.1/33595] INFO  handler.ContextHandler (ContextHandler.java:doStart(915)) - Started o.e.j.s.ServletContextHandler@52502ca4{static,/static,jar:file:/home/runner/.m2/repository/org/apache/ozone/hdds-container-service/1.3.0-SNAPSHOT/hdds-container-service-1.3.0-SNAPSHOT.jar!/webapps/static,AVAILABLE}
2022-07-12 21:07:31,155 [om1@group-C5BA1605619E-FollowerState] INFO  impl.FollowerState (FollowerState.java:run(143)) - om1@group-C5BA1605619E-FollowerState: change to CANDIDATE, lastRpcElapsedTime:1177746323ns, electionTimeout:1076ms
2022-07-12 21:07:31,156 [om1@group-C5BA1605619E-FollowerState] INFO  impl.RoleInfo (RoleInfo.java:shutdownFollowerState(110)) - om1: shutdown om1@group-C5BA1605619E-FollowerState
2022-07-12 21:07:31,156 [om1@group-C5BA1605619E-FollowerState] INFO  server.RaftServer$Division (RaftServerImpl.java:setRole(299)) - om1@group-C5BA1605619E: changes role from  FOLLOWER to CANDIDATE at term 0 for changeToCandidate
2022-07-12 21:07:31,156 [om1@group-C5BA1605619E-FollowerState] INFO  server.RaftServerConfigKeys (ConfUtils.java:logGet(46)) - raft.server.leaderelection.pre-vote = false (custom)
2022-07-12 21:07:31,156 [om1@group-C5BA1605619E-FollowerState] INFO  impl.RoleInfo (RoleInfo.java:updateAndGet(139)) - om1: start om1@group-C5BA1605619E-LeaderElection41
2022-07-12 21:07:31,248 [om1@group-C5BA1605619E-LeaderElection41] INFO  impl.LeaderElection (LeaderElection.java:askForVotes(310)) - om1@group-C5BA1605619E-LeaderElection41 ELECTION round 0: submit vote requests at term 1 for -1: [om1|rpc:localhost:9872|priority:0], old=null
2022-07-12 21:07:31,248 [om1@group-C5BA1605619E-LeaderElection41] INFO  impl.LeaderElection (LeaderElection.java:askForVotes(312)) - om1@group-C5BA1605619E-LeaderElection41 ELECTION round 0: result PASSED (term=1)
2022-07-12 21:07:31,248 [om1@group-C5BA1605619E-LeaderElection41] INFO  impl.RoleInfo (RoleInfo.java:shutdownLeaderElection(130)) - om1: shutdown om1@group-C5BA1605619E-LeaderElection41
2022-07-12 21:07:31,248 [om1@group-C5BA1605619E-LeaderElection41] INFO  server.RaftServer$Division (RaftServerImpl.java:setRole(299)) - om1@group-C5BA1605619E: changes role from CANDIDATE to LEADER at term 1 for changeToLeader
2022-07-12 21:07:31,248 [om1@group-C5BA1605619E-LeaderElection41] INFO  server.RaftServer$Division (ServerState.java:setLeader(287)) - om1@group-C5BA1605619E: change Leader from null to om1 at term 1 for becomeLeader, leader elected after 3339ms
2022-07-12 21:07:31,248 [om1@group-C5BA1605619E-LeaderElection41] INFO  server.RaftServerConfigKeys (ConfUtils.java:logGet(46)) - raft.server.staging.catchup.gap = 1000 (default)
2022-07-12 21:07:31,248 [om1@group-C5BA1605619E-LeaderElection41] INFO  server.RaftServerConfigKeys (ConfUtils.java:logGet(46)) - raft.server.write.element-limit = 4096 (default)
2022-07-12 21:07:31,248 [om1@group-C5BA1605619E-LeaderElection41] INFO  server.RaftServerConfigKeys (ConfUtils.java:logGet(46)) - raft.server.write.byte-limit = 64MB (=67108864) (default)
2022-07-12 21:07:31,249 [om1@group-C5BA1605619E-LeaderElection41] INFO  server.RaftServerConfigKeys (ConfUtils.java:logGet(46)) - raft.server.watch.timeout = 10s (default)
2022-07-12 21:07:31,249 [om1@group-C5BA1605619E-LeaderElection41] INFO  server.RaftServerConfigKeys (ConfUtils.java:logGet(46)) - raft.server.watch.timeout.denomination = 1s (default)
2022-07-12 21:07:31,249 [om1@group-C5BA1605619E-LeaderElection41] INFO  server.RaftServerConfigKeys (ConfUtils.java:logGet(46)) - raft.server.watch.element-limit = 65536 (default)
2022-07-12 21:07:31,249 [om1@group-C5BA1605619E-LeaderElection41] INFO  server.RaftServerConfigKeys (ConfUtils.java:logGet(46)) - raft.server.write.element-limit = 4096 (default)
2022-07-12 21:07:31,249 [om1@group-C5BA1605619E-LeaderElection41] INFO  server.RaftServerConfigKeys (ConfUtils.java:logGet(46)) - raft.server.write.follower.gap.ratio.max = -1.0 (default)
2022-07-12 21:07:31,249 [om1@group-C5BA1605619E-LeaderElection41] INFO  impl.RoleInfo (RoleInfo.java:updateAndGet(139)) - om1: start om1@group-C5BA1605619E-LeaderStateImpl
2022-07-12 21:07:31,249 [om1@group-C5BA1605619E-LeaderElection41] INFO  segmented.SegmentedRaftLogWorker (SegmentedRaftLogWorker.java:startLogSegment(425)) - om1@group-C5BA1605619E-SegmentedRaftLogWorker: Starting segment from index:0
2022-07-12 21:07:31,275 [om1@group-C5BA1605619E-LeaderElection41] INFO  server.RaftServer$Division (ServerState.java:setRaftConf(393)) - om1@group-C5BA1605619E: set configuration 0: [om1|rpc:localhost:9872|admin:|client:|dataStream:|priority:0], old=null
2022-07-12 21:07:31,295 [om1@group-C5BA1605619E-SegmentedRaftLogWorker] INFO  segmented.SegmentedRaftLogWorker (SegmentedRaftLogWorker.java:execute(629)) - om1@group-C5BA1605619E-SegmentedRaftLogWorker: created new log segment /home/runner/work/ozone/ozone/hadoop-ozone/integration-test/target/test-dir/MiniOzoneClusterImpl-03d8019b-d99e-41ea-b31f-f002ac91f2ca/ozone-meta/ratis/bf265839-605b-3f16-9796-c5ba1605619e/current/log_inprogress_0
2022-07-12 21:07:31,299 [om1@group-C5BA1605619E-StateMachineUpdater] INFO  ratis.OzoneManagerStateMachine (OzoneManagerStateMachine.java:notifyConfigurationChanged(192)) - Received Configuration change notification from Ratis. New Peer list:
[id: "om1"
address: "localhost:9872"
]
2022-07-12 21:07:31,993 [Listener at 127.0.0.1/33595] INFO  handler.ContextHandler (ContextHandler.java:doStart(915)) - Started o.e.j.w.WebAppContext@56f53d8d{hddsDatanode,/,file:///tmp/jetty-0_0_0_0-39715-hdds-container-service-1_3_0-SNAPSHOT_jar-_-any-868203249350893186/webapp/,AVAILABLE}{jar:file:/home/runner/.m2/repository/org/apache/ozone/hdds-container-service/1.3.0-SNAPSHOT/hdds-container-service-1.3.0-SNAPSHOT.jar!/webapps/hddsDatanode}
2022-07-12 21:07:31,995 [Listener at 127.0.0.1/33595] INFO  server.AbstractConnector (AbstractConnector.java:doStart(331)) - Started ServerConnector@6e35df79{HTTP/1.1, (http/1.1)}{0.0.0.0:39715}
2022-07-12 21:07:31,996 [Listener at 127.0.0.1/33595] INFO  server.Server (Server.java:doStart(415)) - Started @231739ms
2022-07-12 21:07:31,996 [Listener at 127.0.0.1/33595] WARN  impl.MetricsSystemImpl (MetricsSystemImpl.java:register(279)) - Sink prometheus already exists!
2022-07-12 21:07:32,010 [Listener at 127.0.0.1/33595] INFO  http.BaseHttpServer (BaseHttpServer.java:updateConnectorAddress(329)) - HTTP server of hddsDatanode listening at http://0.0.0.0:39715
2022-07-12 21:07:32,040 [Listener at 127.0.0.1/33595] WARN  impl.MetricRegistriesImpl (MetricRegistriesImpl.java:addReporterRegistration(111)) - New reporters are added after registries were created. Some metrics will be missing from the reporter. Please add reporter before adding any new registry.
2022-07-12 21:07:32,041 [Listener at 127.0.0.1/33595] WARN  impl.MetricRegistriesImpl (MetricRegistriesImpl.java:addReporterRegistration(111)) - New reporters are added after registries were created. Some metrics will be missing from the reporter. Please add reporter before adding any new registry.
2022-07-12 21:07:32,041 [Listener at 127.0.0.1/33595] INFO  impl.MetricsSystemImpl (MetricsSystemImpl.java:init(158)) - HddsDatanode metrics system started (again)
2022-07-12 21:07:32,059 [Datanode State Machine Daemon Thread] INFO  statemachine.DatanodeStateMachine (DatanodeStateMachine.java:lambda$startDaemon$0(492)) - Ozone container server started.
2022-07-12 21:07:32,104 [org.apache.hadoop.util.JvmPauseMonitor$Monitor@1274ab96] INFO  util.JvmPauseMonitor (JvmPauseMonitor.java:run(188)) - Starting JVM pause monitor
2022-07-12 21:07:32,110 [Listener at 127.0.0.1/33595] INFO  ozone.HddsDatanodeService (HddsDatanodeService.java:start(236)) - HddsDatanodeService host:fv-az452-57.ku3lqr0aiaqu5kfj3xdpchcrvd.dx.internal.cloudapp.net ip:10.1.0.20
2022-07-12 21:07:32,125 [Datanode State Machine Task Thread - 0] INFO  datanode.InitDatanodeState (InitDatanodeState.java:persistContainerDatanodeDetails(138)) - DatanodeDetails is persisted to /home/runner/work/ozone/ozone/hadoop-ozone/integration-test/target/test-dir/MiniOzoneClusterImpl-03d8019b-d99e-41ea-b31f-f002ac91f2ca/datanode-0/meta/datanode.id
2022-07-12 21:07:32,260 [Listener at 127.0.0.1/33595] INFO  upgrade.AbstractLayoutVersionManager (AbstractLayoutVersionManager.java:init(82)) - Initializing Layout version manager with metadata layout = DATANODE_SCHEMA_V3 (version = 4), software layout = DATANODE_SCHEMA_V3 (version = 4)
2022-07-12 21:07:32,338 [Listener at 127.0.0.1/33595] INFO  reflections.Reflections (Reflections.java:scan(232)) - Reflections took 77 ms to scan 7 urls, producing 132 keys and 317 values 
2022-07-12 21:07:32,339 [Listener at 127.0.0.1/33595] INFO  statemachine.DatanodeStateMachine (DatanodeStateMachine.java:getEndPointTaskThreadPoolSize(237)) - Datanode State Machine Task Thread Pool size 2
2022-07-12 21:07:32,341 [Listener at 127.0.0.1/33595] INFO  volume.HddsVolume (HddsVolume.java:<init>(116)) - Creating HddsVolume: /home/runner/work/ozone/ozone/hadoop-ozone/integration-test/target/test-dir/MiniOzoneClusterImpl-03d8019b-d99e-41ea-b31f-f002ac91f2ca/datanode-1/data-0/containers/hdds of storage type : DISK capacity : 9223372036854775807
2022-07-12 21:07:32,341 [Listener at 127.0.0.1/33595] INFO  volume.MutableVolumeSet (MutableVolumeSet.java:initializeVolumeSet(174)) - Added Volume : /home/runner/work/ozone/ozone/hadoop-ozone/integration-test/target/test-dir/MiniOzoneClusterImpl-03d8019b-d99e-41ea-b31f-f002ac91f2ca/datanode-1/data-0/containers/hdds to VolumeSet
2022-07-12 21:07:32,341 [Listener at 127.0.0.1/33595] INFO  volume.ThrottledAsyncChecker (ThrottledAsyncChecker.java:schedule(141)) - Scheduling a check for /home/runner/work/ozone/ozone/hadoop-ozone/integration-test/target/test-dir/MiniOzoneClusterImpl-03d8019b-d99e-41ea-b31f-f002ac91f2ca/datanode-1/data-0/containers/hdds
2022-07-12 21:07:32,342 [Listener at 127.0.0.1/33595] INFO  volume.StorageVolumeChecker (StorageVolumeChecker.java:checkAllVolumes(202)) - Scheduled health check for volume /home/runner/work/ozone/ozone/hadoop-ozone/integration-test/target/test-dir/MiniOzoneClusterImpl-03d8019b-d99e-41ea-b31f-f002ac91f2ca/datanode-1/data-0/containers/hdds
2022-07-12 21:07:32,369 [Listener at 127.0.0.1/33595] INFO  volume.MutableVolumeSet (MutableVolumeSet.java:initializeVolumeSet(174)) - Added Volume : /home/runner/work/ozone/ozone/hadoop-ozone/integration-test/target/test-dir/MiniOzoneClusterImpl-03d8019b-d99e-41ea-b31f-f002ac91f2ca/datanode-1/data/ratis to VolumeSet
2022-07-12 21:07:32,369 [Listener at 127.0.0.1/33595] INFO  volume.ThrottledAsyncChecker (ThrottledAsyncChecker.java:schedule(141)) - Scheduling a check for /home/runner/work/ozone/ozone/hadoop-ozone/integration-test/target/test-dir/MiniOzoneClusterImpl-03d8019b-d99e-41ea-b31f-f002ac91f2ca/datanode-1/data/ratis
2022-07-12 21:07:32,370 [Listener at 127.0.0.1/33595] INFO  volume.StorageVolumeChecker (StorageVolumeChecker.java:checkAllVolumes(202)) - Scheduled health check for volume /home/runner/work/ozone/ozone/hadoop-ozone/integration-test/target/test-dir/MiniOzoneClusterImpl-03d8019b-d99e-41ea-b31f-f002ac91f2ca/datanode-1/data/ratis
2022-07-12 21:07:32,465 [Thread-1630] INFO  ozoneimpl.ContainerReader (ContainerReader.java:readVolume(175)) - Finish verifying containers on volume /home/runner/work/ozone/ozone/hadoop-ozone/integration-test/target/test-dir/MiniOzoneClusterImpl-03d8019b-d99e-41ea-b31f-f002ac91f2ca/datanode-1/data-0/containers/hdds
2022-07-12 21:07:32,465 [Listener at 127.0.0.1/33595] INFO  ozoneimpl.OzoneContainer (OzoneContainer.java:buildContainerSet(266)) - Build ContainerSet costs 0s
2022-07-12 21:07:32,468 [Listener at 127.0.0.1/33595] INFO  server.RaftServer (ConfUtils.java:logGet(46)) - raft.rpc.type = GRPC (default)
2022-07-12 21:07:32,468 [Listener at 127.0.0.1/33595] INFO  grpc.GrpcFactory (GrpcFactory.java:checkPooledByteBufAllocatorUseCacheForAllThreads(48)) - PERFORMANCE WARNING: useCacheForAllThreads is true that may cause Netty to create a lot garbage objects and, as a result, trigger GC.
	It is recommended to disable useCacheForAllThreads by setting -Dorg.apache.ratis.thirdparty.io.netty.allocator.useCacheForAllThreads=false in command line.
2022-07-12 21:07:32,468 [Listener at 127.0.0.1/33595] INFO  grpc.GrpcConfigKeys (ConfUtils.java:logGet(46)) - raft.grpc.admin.port = 0 (custom)
2022-07-12 21:07:32,468 [Listener at 127.0.0.1/33595] INFO  grpc.GrpcConfigKeys (ConfUtils.java:logGet(46)) - raft.grpc.client.port = 0 (custom)
2022-07-12 21:07:32,468 [Listener at 127.0.0.1/33595] INFO  grpc.GrpcConfigKeys (ConfUtils.java:logGet(46)) - raft.grpc.server.port = 0 (default)
2022-07-12 21:07:32,469 [Listener at 127.0.0.1/33595] INFO  server.GrpcService (ConfUtils.java:logGet(46)) - raft.grpc.message.size.max = 32MB (=33554432) (custom)
2022-07-12 21:07:32,469 [Listener at 127.0.0.1/33595] INFO  server.RaftServerConfigKeys (ConfUtils.java:logGet(46)) - raft.server.log.appender.buffer.byte-limit = 33554432 (custom)
2022-07-12 21:07:32,469 [Listener at 127.0.0.1/33595] INFO  server.GrpcService (ConfUtils.java:logGet(46)) - raft.grpc.flow.control.window = 5MB (=5242880) (custom)
2022-07-12 21:07:32,469 [Listener at 127.0.0.1/33595] INFO  server.RaftServerConfigKeys (ConfUtils.java:logGet(46)) - raft.server.rpc.request.timeout = 60s (custom)
2022-07-12 21:07:32,469 [Listener at 127.0.0.1/33595] INFO  grpc.GrpcConfigKeys (ConfUtils.java:logGet(46)) - raft.grpc.server.async.request.thread.pool.cached = true (default)
2022-07-12 21:07:32,469 [Listener at 127.0.0.1/33595] INFO  grpc.GrpcConfigKeys (ConfUtils.java:logGet(46)) - raft.grpc.server.async.request.thread.pool.size = 32 (default)
2022-07-12 21:07:32,470 [Listener at 127.0.0.1/33595] INFO  impl.DataStreamServerImpl (ConfUtils.java:logGet(46)) - raft.datastream.type = DISABLED (default)
2022-07-12 21:07:32,471 [Listener at 127.0.0.1/33595] INFO  server.RaftServerConfigKeys (ConfUtils.java:logGet(46)) - raft.server.threadpool.proxy.cached = true (default)
2022-07-12 21:07:32,471 [Listener at 127.0.0.1/33595] INFO  server.RaftServerConfigKeys (ConfUtils.java:logGet(46)) - raft.server.threadpool.proxy.size = 0 (default)
2022-07-12 21:07:32,471 [Listener at 127.0.0.1/33595] INFO  server.RaftServerConfigKeys (ConfUtils.java:logGet(46)) - raft.server.rpc.slowness.timeout = 300s (custom)
2022-07-12 21:07:32,471 [Listener at 127.0.0.1/33595] INFO  server.RaftServerConfigKeys (ConfUtils.java:logGet(46)) - raft.server.leaderelection.leader.step-down.wait-time = 10s (default)
2022-07-12 21:07:32,471 [Listener at 127.0.0.1/33595] INFO  server.RaftServerConfigKeys (ConfUtils.java:logGet(46)) - raft.server.storage.dir = [/home/runner/work/ozone/ozone/hadoop-ozone/integration-test/target/test-dir/MiniOzoneClusterImpl-03d8019b-d99e-41ea-b31f-f002ac91f2ca/datanode-1/data/ratis] (custom)
2022-07-12 21:07:32,473 [Listener at 127.0.0.1/33595] INFO  server.XceiverServerGrpc (XceiverServerGrpc.java:<init>(132)) - GrpcServer channel type EpollServerSocketChannel
2022-07-12 21:07:32,503 [Listener at 127.0.0.1/33595] INFO  http.BaseHttpServer (BaseHttpServer.java:newHttpServer2BuilderForOzone(209)) - Starting Web-server for hddsDatanode at: http://0.0.0.0:0
2022-07-12 21:07:32,504 [Listener at 127.0.0.1/33595] INFO  http.BaseHttpServer (BaseHttpServer.java:<init>(107)) - Hadoop Security Enabled: false Ozone Security Enabled: false Ozone HTTP Security Enabled: false 
2022-07-12 21:07:32,505 [Listener at 127.0.0.1/33595] INFO  server.AuthenticationFilter (AuthenticationFilter.java:constructSecretProvider(240)) - Unable to initialize FileSignerSecretProvider, falling back to use random secrets.
2022-07-12 21:07:32,511 [Listener at 127.0.0.1/33595] WARN  http.HttpRequestLog (HttpRequestLog.java:getRequestLog(103)) - Jetty request log can only be enabled using Log4j
2022-07-12 21:07:32,512 [Listener at 127.0.0.1/33595] INFO  http.HttpServer2 (HttpServer2.java:addGlobalFilter(1029)) - Added global filter 'safety' (class=org.apache.hadoop.hdds.server.http.HttpServer2$QuotingInputFilter)
2022-07-12 21:07:32,513 [Listener at 127.0.0.1/33595] INFO  http.HttpServer2 (HttpServer2.java:addFilter(1005)) - Added filter static_user_filter (class=org.apache.hadoop.http.lib.StaticUserWebFilter$StaticUserFilter) to context hddsDatanode
2022-07-12 21:07:32,513 [Listener at 127.0.0.1/33595] INFO  http.HttpServer2 (HttpServer2.java:addFilter(1013)) - Added filter static_user_filter (class=org.apache.hadoop.http.lib.StaticUserWebFilter$StaticUserFilter) to context static
2022-07-12 21:07:32,513 [Listener at 127.0.0.1/33595] INFO  http.HttpServer2 (HttpServer2.java:addFilter(1013)) - Added filter static_user_filter (class=org.apache.hadoop.http.lib.StaticUserWebFilter$StaticUserFilter) to context logs
2022-07-12 21:07:32,513 [Listener at 127.0.0.1/33595] INFO  http.HttpServer2 (HttpServer2.java:bindListener(1248)) - Jetty bound to port 44415
2022-07-12 21:07:32,514 [Listener at 127.0.0.1/33595] INFO  server.Server (Server.java:doStart(375)) - jetty-9.4.43.v20210629; built: 2021-06-30T11:07:22.254Z; git: 526006ecfa3af7f1a27ef3a288e2bef7ea9dd7e8; jvm 1.8.0_332-b09
2022-07-12 21:07:32,515 [Listener at 127.0.0.1/33595] INFO  server.session (DefaultSessionIdManager.java:doStart(334)) - DefaultSessionIdManager workerName=node0
2022-07-12 21:07:32,516 [Listener at 127.0.0.1/33595] INFO  server.session (DefaultSessionIdManager.java:doStart(339)) - No SessionScavenger set, using defaults
2022-07-12 21:07:32,516 [Listener at 127.0.0.1/33595] INFO  server.session (HouseKeeper.java:startScavenging(132)) - node0 Scavenging every 660000ms
2022-07-12 21:07:32,517 [Listener at 127.0.0.1/33595] INFO  handler.ContextHandler (ContextHandler.java:doStart(915)) - Started o.e.j.s.ServletContextHandler@1b9df623{logs,/logs,file:///home/runner/work/ozone/ozone/hadoop-ozone/integration-test/target/log,AVAILABLE}
2022-07-12 21:07:32,519 [Listener at 127.0.0.1/33595] INFO  handler.ContextHandler (ContextHandler.java:doStart(915)) - Started o.e.j.s.ServletContextHandler@69d2c7ca{static,/static,jar:file:/home/runner/.m2/repository/org/apache/ozone/hdds-container-service/1.3.0-SNAPSHOT/hdds-container-service-1.3.0-SNAPSHOT.jar!/webapps/static,AVAILABLE}
2022-07-12 21:07:33,201 [Listener at 127.0.0.1/33595] INFO  handler.ContextHandler (ContextHandler.java:doStart(915)) - Started o.e.j.w.WebAppContext@59356ccc{hddsDatanode,/,file:///tmp/jetty-0_0_0_0-44415-hdds-container-service-1_3_0-SNAPSHOT_jar-_-any-8719480611546260771/webapp/,AVAILABLE}{jar:file:/home/runner/.m2/repository/org/apache/ozone/hdds-container-service/1.3.0-SNAPSHOT/hdds-container-service-1.3.0-SNAPSHOT.jar!/webapps/hddsDatanode}
2022-07-12 21:07:33,243 [Listener at 127.0.0.1/33595] INFO  server.AbstractConnector (AbstractConnector.java:doStart(331)) - Started ServerConnector@3303e963{HTTP/1.1, (http/1.1)}{0.0.0.0:44415}
2022-07-12 21:07:33,244 [Listener at 127.0.0.1/33595] INFO  server.Server (Server.java:doStart(415)) - Started @232987ms
2022-07-12 21:07:33,244 [Listener at 127.0.0.1/33595] WARN  impl.MetricsSystemImpl (MetricsSystemImpl.java:register(279)) - Sink prometheus already exists!
2022-07-12 21:07:33,252 [Listener at 127.0.0.1/33595] INFO  http.BaseHttpServer (BaseHttpServer.java:updateConnectorAddress(329)) - HTTP server of hddsDatanode listening at http://0.0.0.0:44415
2022-07-12 21:07:33,308 [Listener at 127.0.0.1/33595] WARN  impl.MetricRegistriesImpl (MetricRegistriesImpl.java:addReporterRegistration(111)) - New reporters are added after registries were created. Some metrics will be missing from the reporter. Please add reporter before adding any new registry.
2022-07-12 21:07:33,308 [Listener at 127.0.0.1/33595] WARN  impl.MetricRegistriesImpl (MetricRegistriesImpl.java:addReporterRegistration(111)) - New reporters are added after registries were created. Some metrics will be missing from the reporter. Please add reporter before adding any new registry.
2022-07-12 21:07:33,308 [Listener at 127.0.0.1/33595] INFO  impl.MetricsSystemImpl (MetricsSystemImpl.java:init(158)) - HddsDatanode metrics system started (again)
2022-07-12 21:07:33,315 [Datanode State Machine Daemon Thread] INFO  statemachine.DatanodeStateMachine (DatanodeStateMachine.java:lambda$startDaemon$0(492)) - Ozone container server started.
2022-07-12 21:07:33,341 [org.apache.hadoop.util.JvmPauseMonitor$Monitor@4b230bb3] INFO  util.JvmPauseMonitor (JvmPauseMonitor.java:run(188)) - Starting JVM pause monitor
2022-07-12 21:07:33,377 [Listener at 127.0.0.1/33595] INFO  ozone.HddsDatanodeService (HddsDatanodeService.java:start(236)) - HddsDatanodeService host:fv-az452-57.ku3lqr0aiaqu5kfj3xdpchcrvd.dx.internal.cloudapp.net ip:10.1.0.20
2022-07-12 21:07:33,384 [Datanode State Machine Task Thread - 0] INFO  datanode.InitDatanodeState (InitDatanodeState.java:persistContainerDatanodeDetails(138)) - DatanodeDetails is persisted to /home/runner/work/ozone/ozone/hadoop-ozone/integration-test/target/test-dir/MiniOzoneClusterImpl-03d8019b-d99e-41ea-b31f-f002ac91f2ca/datanode-1/meta/datanode.id
2022-07-12 21:07:33,452 [Listener at 127.0.0.1/33595] INFO  upgrade.AbstractLayoutVersionManager (AbstractLayoutVersionManager.java:init(82)) - Initializing Layout version manager with metadata layout = DATANODE_SCHEMA_V3 (version = 4), software layout = DATANODE_SCHEMA_V3 (version = 4)
2022-07-12 21:07:33,723 [Listener at 127.0.0.1/33595] INFO  reflections.Reflections (Reflections.java:scan(232)) - Reflections took 270 ms to scan 7 urls, producing 132 keys and 317 values 
2022-07-12 21:07:33,757 [Listener at 127.0.0.1/33595] INFO  statemachine.DatanodeStateMachine (DatanodeStateMachine.java:getEndPointTaskThreadPoolSize(237)) - Datanode State Machine Task Thread Pool size 2
2022-07-12 21:07:33,780 [Listener at 127.0.0.1/33595] INFO  volume.HddsVolume (HddsVolume.java:<init>(116)) - Creating HddsVolume: /home/runner/work/ozone/ozone/hadoop-ozone/integration-test/target/test-dir/MiniOzoneClusterImpl-03d8019b-d99e-41ea-b31f-f002ac91f2ca/datanode-2/data-0/containers/hdds of storage type : DISK capacity : 9223372036854775807
2022-07-12 21:07:33,780 [Listener at 127.0.0.1/33595] INFO  volume.MutableVolumeSet (MutableVolumeSet.java:initializeVolumeSet(174)) - Added Volume : /home/runner/work/ozone/ozone/hadoop-ozone/integration-test/target/test-dir/MiniOzoneClusterImpl-03d8019b-d99e-41ea-b31f-f002ac91f2ca/datanode-2/data-0/containers/hdds to VolumeSet
2022-07-12 21:07:33,781 [Listener at 127.0.0.1/33595] INFO  volume.ThrottledAsyncChecker (ThrottledAsyncChecker.java:schedule(141)) - Scheduling a check for /home/runner/work/ozone/ozone/hadoop-ozone/integration-test/target/test-dir/MiniOzoneClusterImpl-03d8019b-d99e-41ea-b31f-f002ac91f2ca/datanode-2/data-0/containers/hdds
2022-07-12 21:07:33,833 [Listener at 127.0.0.1/33595] INFO  volume.StorageVolumeChecker (StorageVolumeChecker.java:checkAllVolumes(202)) - Scheduled health check for volume /home/runner/work/ozone/ozone/hadoop-ozone/integration-test/target/test-dir/MiniOzoneClusterImpl-03d8019b-d99e-41ea-b31f-f002ac91f2ca/datanode-2/data-0/containers/hdds
2022-07-12 21:07:33,871 [Listener at 127.0.0.1/33595] INFO  volume.MutableVolumeSet (MutableVolumeSet.java:initializeVolumeSet(174)) - Added Volume : /home/runner/work/ozone/ozone/hadoop-ozone/integration-test/target/test-dir/MiniOzoneClusterImpl-03d8019b-d99e-41ea-b31f-f002ac91f2ca/datanode-2/data/ratis to VolumeSet
2022-07-12 21:07:33,871 [Listener at 127.0.0.1/33595] INFO  volume.ThrottledAsyncChecker (ThrottledAsyncChecker.java:schedule(141)) - Scheduling a check for /home/runner/work/ozone/ozone/hadoop-ozone/integration-test/target/test-dir/MiniOzoneClusterImpl-03d8019b-d99e-41ea-b31f-f002ac91f2ca/datanode-2/data/ratis
2022-07-12 21:07:33,888 [Listener at 127.0.0.1/33595] INFO  volume.StorageVolumeChecker (StorageVolumeChecker.java:checkAllVolumes(202)) - Scheduled health check for volume /home/runner/work/ozone/ozone/hadoop-ozone/integration-test/target/test-dir/MiniOzoneClusterImpl-03d8019b-d99e-41ea-b31f-f002ac91f2ca/datanode-2/data/ratis
2022-07-12 21:07:33,986 [Thread-1643] INFO  ozoneimpl.ContainerReader (ContainerReader.java:readVolume(175)) - Finish verifying containers on volume /home/runner/work/ozone/ozone/hadoop-ozone/integration-test/target/test-dir/MiniOzoneClusterImpl-03d8019b-d99e-41ea-b31f-f002ac91f2ca/datanode-2/data-0/containers/hdds
2022-07-12 21:07:33,986 [Listener at 127.0.0.1/33595] INFO  ozoneimpl.OzoneContainer (OzoneContainer.java:buildContainerSet(266)) - Build ContainerSet costs 0s
2022-07-12 21:07:33,993 [Listener at 127.0.0.1/33595] INFO  server.RaftServer (ConfUtils.java:logGet(46)) - raft.rpc.type = GRPC (default)
2022-07-12 21:07:33,993 [Listener at 127.0.0.1/33595] INFO  grpc.GrpcFactory (GrpcFactory.java:checkPooledByteBufAllocatorUseCacheForAllThreads(48)) - PERFORMANCE WARNING: useCacheForAllThreads is true that may cause Netty to create a lot garbage objects and, as a result, trigger GC.
	It is recommended to disable useCacheForAllThreads by setting -Dorg.apache.ratis.thirdparty.io.netty.allocator.useCacheForAllThreads=false in command line.
2022-07-12 21:07:33,993 [Listener at 127.0.0.1/33595] INFO  grpc.GrpcConfigKeys (ConfUtils.java:logGet(46)) - raft.grpc.admin.port = 0 (custom)
2022-07-12 21:07:33,993 [Listener at 127.0.0.1/33595] INFO  grpc.GrpcConfigKeys (ConfUtils.java:logGet(46)) - raft.grpc.client.port = 0 (custom)
2022-07-12 21:07:33,994 [Listener at 127.0.0.1/33595] INFO  grpc.GrpcConfigKeys (ConfUtils.java:logGet(46)) - raft.grpc.server.port = 0 (default)
2022-07-12 21:07:33,994 [Listener at 127.0.0.1/33595] INFO  server.GrpcService (ConfUtils.java:logGet(46)) - raft.grpc.message.size.max = 32MB (=33554432) (custom)
2022-07-12 21:07:33,994 [Listener at 127.0.0.1/33595] INFO  server.RaftServerConfigKeys (ConfUtils.java:logGet(46)) - raft.server.log.appender.buffer.byte-limit = 33554432 (custom)
2022-07-12 21:07:33,994 [Listener at 127.0.0.1/33595] INFO  server.GrpcService (ConfUtils.java:logGet(46)) - raft.grpc.flow.control.window = 5MB (=5242880) (custom)
2022-07-12 21:07:33,994 [Listener at 127.0.0.1/33595] INFO  server.RaftServerConfigKeys (ConfUtils.java:logGet(46)) - raft.server.rpc.request.timeout = 60s (custom)
2022-07-12 21:07:33,994 [Listener at 127.0.0.1/33595] INFO  grpc.GrpcConfigKeys (ConfUtils.java:logGet(46)) - raft.grpc.server.async.request.thread.pool.cached = true (default)
2022-07-12 21:07:33,994 [Listener at 127.0.0.1/33595] INFO  grpc.GrpcConfigKeys (ConfUtils.java:logGet(46)) - raft.grpc.server.async.request.thread.pool.size = 32 (default)
2022-07-12 21:07:34,000 [Listener at 127.0.0.1/33595] INFO  impl.DataStreamServerImpl (ConfUtils.java:logGet(46)) - raft.datastream.type = DISABLED (default)
2022-07-12 21:07:34,000 [Listener at 127.0.0.1/33595] INFO  server.RaftServerConfigKeys (ConfUtils.java:logGet(46)) - raft.server.threadpool.proxy.cached = true (default)
2022-07-12 21:07:34,000 [Listener at 127.0.0.1/33595] INFO  server.RaftServerConfigKeys (ConfUtils.java:logGet(46)) - raft.server.threadpool.proxy.size = 0 (default)
2022-07-12 21:07:34,000 [Listener at 127.0.0.1/33595] INFO  server.RaftServerConfigKeys (ConfUtils.java:logGet(46)) - raft.server.rpc.slowness.timeout = 300s (custom)
2022-07-12 21:07:34,000 [Listener at 127.0.0.1/33595] INFO  server.RaftServerConfigKeys (ConfUtils.java:logGet(46)) - raft.server.leaderelection.leader.step-down.wait-time = 10s (default)
2022-07-12 21:07:34,000 [Listener at 127.0.0.1/33595] INFO  server.RaftServerConfigKeys (ConfUtils.java:logGet(46)) - raft.server.storage.dir = [/home/runner/work/ozone/ozone/hadoop-ozone/integration-test/target/test-dir/MiniOzoneClusterImpl-03d8019b-d99e-41ea-b31f-f002ac91f2ca/datanode-2/data/ratis] (custom)
2022-07-12 21:07:34,049 [Listener at 127.0.0.1/33595] INFO  server.XceiverServerGrpc (XceiverServerGrpc.java:<init>(132)) - GrpcServer channel type EpollServerSocketChannel
2022-07-12 21:07:34,073 [Listener at 127.0.0.1/33595] INFO  http.BaseHttpServer (BaseHttpServer.java:newHttpServer2BuilderForOzone(209)) - Starting Web-server for hddsDatanode at: http://0.0.0.0:0
2022-07-12 21:07:34,073 [Listener at 127.0.0.1/33595] INFO  http.BaseHttpServer (BaseHttpServer.java:<init>(107)) - Hadoop Security Enabled: false Ozone Security Enabled: false Ozone HTTP Security Enabled: false 
2022-07-12 21:07:34,074 [Listener at 127.0.0.1/33595] INFO  server.AuthenticationFilter (AuthenticationFilter.java:constructSecretProvider(240)) - Unable to initialize FileSignerSecretProvider, falling back to use random secrets.
2022-07-12 21:07:34,081 [Listener at 127.0.0.1/33595] WARN  http.HttpRequestLog (HttpRequestLog.java:getRequestLog(103)) - Jetty request log can only be enabled using Log4j
2022-07-12 21:07:34,083 [Listener at 127.0.0.1/33595] INFO  http.HttpServer2 (HttpServer2.java:addGlobalFilter(1029)) - Added global filter 'safety' (class=org.apache.hadoop.hdds.server.http.HttpServer2$QuotingInputFilter)
2022-07-12 21:07:34,083 [Listener at 127.0.0.1/33595] INFO  http.HttpServer2 (HttpServer2.java:addFilter(1005)) - Added filter static_user_filter (class=org.apache.hadoop.http.lib.StaticUserWebFilter$StaticUserFilter) to context hddsDatanode
2022-07-12 21:07:34,083 [Listener at 127.0.0.1/33595] INFO  http.HttpServer2 (HttpServer2.java:addFilter(1013)) - Added filter static_user_filter (class=org.apache.hadoop.http.lib.StaticUserWebFilter$StaticUserFilter) to context static
2022-07-12 21:07:34,084 [Listener at 127.0.0.1/33595] INFO  http.HttpServer2 (HttpServer2.java:addFilter(1013)) - Added filter static_user_filter (class=org.apache.hadoop.http.lib.StaticUserWebFilter$StaticUserFilter) to context logs
2022-07-12 21:07:34,084 [Listener at 127.0.0.1/33595] INFO  http.HttpServer2 (HttpServer2.java:bindListener(1248)) - Jetty bound to port 45497
2022-07-12 21:07:34,084 [Listener at 127.0.0.1/33595] INFO  server.Server (Server.java:doStart(375)) - jetty-9.4.43.v20210629; built: 2021-06-30T11:07:22.254Z; git: 526006ecfa3af7f1a27ef3a288e2bef7ea9dd7e8; jvm 1.8.0_332-b09
2022-07-12 21:07:34,086 [Listener at 127.0.0.1/33595] INFO  server.session (DefaultSessionIdManager.java:doStart(334)) - DefaultSessionIdManager workerName=node0
2022-07-12 21:07:34,086 [Listener at 127.0.0.1/33595] INFO  server.session (DefaultSessionIdManager.java:doStart(339)) - No SessionScavenger set, using defaults
2022-07-12 21:07:34,086 [Listener at 127.0.0.1/33595] INFO  server.session (HouseKeeper.java:startScavenging(132)) - node0 Scavenging every 660000ms
2022-07-12 21:07:34,105 [Listener at 127.0.0.1/33595] INFO  handler.ContextHandler (ContextHandler.java:doStart(915)) - Started o.e.j.s.ServletContextHandler@4c828274{logs,/logs,file:///home/runner/work/ozone/ozone/hadoop-ozone/integration-test/target/log,AVAILABLE}
2022-07-12 21:07:34,105 [Listener at 127.0.0.1/33595] INFO  handler.ContextHandler (ContextHandler.java:doStart(915)) - Started o.e.j.s.ServletContextHandler@4ee3c362{static,/static,jar:file:/home/runner/.m2/repository/org/apache/ozone/hdds-container-service/1.3.0-SNAPSHOT/hdds-container-service-1.3.0-SNAPSHOT.jar!/webapps/static,AVAILABLE}
2022-07-12 21:07:34,396 [EndpointStateMachine task thread for /0.0.0.0:33845 - 0 ] INFO  volume.HddsVolume (HddsVolume.java:createDbStore(309)) - SchemaV3 db is created and loaded at /home/runner/work/ozone/ozone/hadoop-ozone/integration-test/target/test-dir/MiniOzoneClusterImpl-03d8019b-d99e-41ea-b31f-f002ac91f2ca/datanode-0/data-0/containers/hdds/03d8019b-d99e-41ea-b31f-f002ac91f2ca/DS-1b0b3feb-f9cc-4bc7-aef7-04df2a7b2f11/container.db for volume DS-1b0b3feb-f9cc-4bc7-aef7-04df2a7b2f11
2022-07-12 21:07:34,401 [EndpointStateMachine task thread for /0.0.0.0:33845 - 0 ] INFO  volume.HddsVolume (HddsVolume.java:closeDbStore(340)) - SchemaV3 db is stopped at /home/runner/work/ozone/ozone/hadoop-ozone/integration-test/target/test-dir/MiniOzoneClusterImpl-03d8019b-d99e-41ea-b31f-f002ac91f2ca/datanode-0/data-0/containers/hdds/03d8019b-d99e-41ea-b31f-f002ac91f2ca/DS-1b0b3feb-f9cc-4bc7-aef7-04df2a7b2f11/container.db for volume DS-1b0b3feb-f9cc-4bc7-aef7-04df2a7b2f11
2022-07-12 21:07:34,401 [EndpointStateMachine task thread for /0.0.0.0:33845 - 0 ] INFO  ozoneimpl.OzoneContainer (OzoneContainer.java:start(344)) - Attempting to start container services.
2022-07-12 21:07:34,402 [EndpointStateMachine task thread for /0.0.0.0:33845 - 0 ] INFO  ozoneimpl.OzoneContainer (OzoneContainer.java:startContainerScrub(279)) - Background container scanner has been disabled.
2022-07-12 21:07:34,422 [EndpointStateMachine task thread for /0.0.0.0:33845 - 0 ] INFO  replication.ReplicationServer (ReplicationServer.java:start(111)) - ReplicationServer is started using port 46187
2022-07-12 21:07:34,429 [EndpointStateMachine task thread for /0.0.0.0:33845 - 0 ] INFO  ratis.XceiverServerRatis (XceiverServerRatis.java:start(481)) - Starting XceiverServerRatis ddb9d7c4-a5dc-476f-83e2-b66bdd4cd965
2022-07-12 21:07:34,429 [EndpointStateMachine task thread for /0.0.0.0:33845 - 0 ] INFO  server.RaftServer (RaftServerProxy.java:lambda$start$6(382)) - ddb9d7c4-a5dc-476f-83e2-b66bdd4cd965: start RPC server
2022-07-12 21:07:34,446 [EndpointStateMachine task thread for /0.0.0.0:33845 - 0 ] INFO  server.GrpcService (GrpcService.java:startImpl(260)) - ddb9d7c4-a5dc-476f-83e2-b66bdd4cd965: GrpcService started, listening on 35703
2022-07-12 21:07:34,447 [EndpointStateMachine task thread for /0.0.0.0:33845 - 0 ] INFO  ratis.XceiverServerRatis (XceiverServerRatis.java:getRealPort(502)) - XceiverServerRatis ddb9d7c4-a5dc-476f-83e2-b66bdd4cd965 is started using port 35703 for RATIS
2022-07-12 21:07:34,448 [EndpointStateMachine task thread for /0.0.0.0:33845 - 0 ] INFO  ratis.XceiverServerRatis (XceiverServerRatis.java:getRealPort(502)) - XceiverServerRatis ddb9d7c4-a5dc-476f-83e2-b66bdd4cd965 is started using port 35703 for RATIS_ADMIN
2022-07-12 21:07:34,448 [EndpointStateMachine task thread for /0.0.0.0:33845 - 0 ] INFO  ratis.XceiverServerRatis (XceiverServerRatis.java:getRealPort(502)) - XceiverServerRatis ddb9d7c4-a5dc-476f-83e2-b66bdd4cd965 is started using port 35703 for RATIS_SERVER
2022-07-12 21:07:34,448 [org.apache.ratis.util.JvmPauseMonitor$$Lambda$613/1050667922@31762f35] INFO  util.JvmPauseMonitor (JvmPauseMonitor.java:run(103)) - JvmPauseMonitor-ddb9d7c4-a5dc-476f-83e2-b66bdd4cd965: Started
2022-07-12 21:07:34,507 [EndpointStateMachine task thread for /0.0.0.0:33845 - 0 ] INFO  server.XceiverServerGrpc (XceiverServerGrpc.java:start(180)) - XceiverServerGrpc ddb9d7c4-a5dc-476f-83e2-b66bdd4cd965 is started using port 37875
2022-07-12 21:07:35,091 [Listener at 127.0.0.1/33595] INFO  handler.ContextHandler (ContextHandler.java:doStart(915)) - Started o.e.j.w.WebAppContext@25365b30{hddsDatanode,/,file:///tmp/jetty-0_0_0_0-45497-hdds-container-service-1_3_0-SNAPSHOT_jar-_-any-7215907028511246667/webapp/,AVAILABLE}{jar:file:/home/runner/.m2/repository/org/apache/ozone/hdds-container-service/1.3.0-SNAPSHOT/hdds-container-service-1.3.0-SNAPSHOT.jar!/webapps/hddsDatanode}
2022-07-12 21:07:35,132 [Listener at 127.0.0.1/33595] INFO  server.AbstractConnector (AbstractConnector.java:doStart(331)) - Started ServerConnector@1296a719{HTTP/1.1, (http/1.1)}{0.0.0.0:45497}
2022-07-12 21:07:35,132 [Listener at 127.0.0.1/33595] INFO  server.Server (Server.java:doStart(415)) - Started @234876ms
2022-07-12 21:07:35,132 [Listener at 127.0.0.1/33595] WARN  impl.MetricsSystemImpl (MetricsSystemImpl.java:register(279)) - Sink prometheus already exists!
2022-07-12 21:07:35,143 [Listener at 127.0.0.1/33595] INFO  http.BaseHttpServer (BaseHttpServer.java:updateConnectorAddress(329)) - HTTP server of hddsDatanode listening at http://0.0.0.0:45497
2022-07-12 21:07:35,178 [Listener at 127.0.0.1/33595] WARN  impl.MetricRegistriesImpl (MetricRegistriesImpl.java:addReporterRegistration(111)) - New reporters are added after registries were created. Some metrics will be missing from the reporter. Please add reporter before adding any new registry.
2022-07-12 21:07:35,178 [Listener at 127.0.0.1/33595] WARN  impl.MetricRegistriesImpl (MetricRegistriesImpl.java:addReporterRegistration(111)) - New reporters are added after registries were created. Some metrics will be missing from the reporter. Please add reporter before adding any new registry.
2022-07-12 21:07:35,178 [Listener at 127.0.0.1/33595] INFO  impl.MetricsSystemImpl (MetricsSystemImpl.java:init(158)) - HddsDatanode metrics system started (again)
2022-07-12 21:07:35,195 [Datanode State Machine Daemon Thread] INFO  statemachine.DatanodeStateMachine (DatanodeStateMachine.java:lambda$startDaemon$0(492)) - Ozone container server started.
2022-07-12 21:07:35,223 [org.apache.hadoop.util.JvmPauseMonitor$Monitor@46a5ea84] INFO  util.JvmPauseMonitor (JvmPauseMonitor.java:run(188)) - Starting JVM pause monitor
2022-07-12 21:07:35,225 [Datanode State Machine Task Thread - 0] INFO  datanode.InitDatanodeState (InitDatanodeState.java:persistContainerDatanodeDetails(138)) - DatanodeDetails is persisted to /home/runner/work/ozone/ozone/hadoop-ozone/integration-test/target/test-dir/MiniOzoneClusterImpl-03d8019b-d99e-41ea-b31f-f002ac91f2ca/datanode-2/meta/datanode.id
2022-07-12 21:07:35,256 [Listener at 127.0.0.1/33595] INFO  ozone.HddsDatanodeService (HddsDatanodeService.java:start(236)) - HddsDatanodeService host:fv-az452-57.ku3lqr0aiaqu5kfj3xdpchcrvd.dx.internal.cloudapp.net ip:10.1.0.20
2022-07-12 21:07:35,358 [Listener at 127.0.0.1/33595] INFO  upgrade.AbstractLayoutVersionManager (AbstractLayoutVersionManager.java:init(82)) - Initializing Layout version manager with metadata layout = DATANODE_SCHEMA_V3 (version = 4), software layout = DATANODE_SCHEMA_V3 (version = 4)
2022-07-12 21:07:35,506 [Listener at 127.0.0.1/33595] INFO  reflections.Reflections (Reflections.java:scan(232)) - Reflections took 146 ms to scan 7 urls, producing 132 keys and 317 values 
2022-07-12 21:07:35,507 [Listener at 127.0.0.1/33595] INFO  statemachine.DatanodeStateMachine (DatanodeStateMachine.java:getEndPointTaskThreadPoolSize(237)) - Datanode State Machine Task Thread Pool size 2
2022-07-12 21:07:35,515 [Listener at 127.0.0.1/33595] INFO  volume.HddsVolume (HddsVolume.java:<init>(116)) - Creating HddsVolume: /home/runner/work/ozone/ozone/hadoop-ozone/integration-test/target/test-dir/MiniOzoneClusterImpl-03d8019b-d99e-41ea-b31f-f002ac91f2ca/datanode-3/data-0/containers/hdds of storage type : DISK capacity : 9223372036854775807
2022-07-12 21:07:35,515 [Listener at 127.0.0.1/33595] INFO  volume.MutableVolumeSet (MutableVolumeSet.java:initializeVolumeSet(174)) - Added Volume : /home/runner/work/ozone/ozone/hadoop-ozone/integration-test/target/test-dir/MiniOzoneClusterImpl-03d8019b-d99e-41ea-b31f-f002ac91f2ca/datanode-3/data-0/containers/hdds to VolumeSet
2022-07-12 21:07:35,515 [Listener at 127.0.0.1/33595] INFO  volume.ThrottledAsyncChecker (ThrottledAsyncChecker.java:schedule(141)) - Scheduling a check for /home/runner/work/ozone/ozone/hadoop-ozone/integration-test/target/test-dir/MiniOzoneClusterImpl-03d8019b-d99e-41ea-b31f-f002ac91f2ca/datanode-3/data-0/containers/hdds
2022-07-12 21:07:35,516 [Listener at 127.0.0.1/33595] INFO  volume.StorageVolumeChecker (StorageVolumeChecker.java:checkAllVolumes(202)) - Scheduled health check for volume /home/runner/work/ozone/ozone/hadoop-ozone/integration-test/target/test-dir/MiniOzoneClusterImpl-03d8019b-d99e-41ea-b31f-f002ac91f2ca/datanode-3/data-0/containers/hdds
2022-07-12 21:07:35,532 [EndpointStateMachine task thread for /0.0.0.0:33845 - 0 ] INFO  volume.HddsVolume (HddsVolume.java:createDbStore(309)) - SchemaV3 db is created and loaded at /home/runner/work/ozone/ozone/hadoop-ozone/integration-test/target/test-dir/MiniOzoneClusterImpl-03d8019b-d99e-41ea-b31f-f002ac91f2ca/datanode-1/data-0/containers/hdds/03d8019b-d99e-41ea-b31f-f002ac91f2ca/DS-c89dd378-94de-437b-b8c7-459ad0f42354/container.db for volume DS-c89dd378-94de-437b-b8c7-459ad0f42354
2022-07-12 21:07:35,576 [Listener at 127.0.0.1/33595] INFO  volume.MutableVolumeSet (MutableVolumeSet.java:initializeVolumeSet(174)) - Added Volume : /home/runner/work/ozone/ozone/hadoop-ozone/integration-test/target/test-dir/MiniOzoneClusterImpl-03d8019b-d99e-41ea-b31f-f002ac91f2ca/datanode-3/data/ratis to VolumeSet
2022-07-12 21:07:35,576 [Listener at 127.0.0.1/33595] INFO  volume.ThrottledAsyncChecker (ThrottledAsyncChecker.java:schedule(141)) - Scheduling a check for /home/runner/work/ozone/ozone/hadoop-ozone/integration-test/target/test-dir/MiniOzoneClusterImpl-03d8019b-d99e-41ea-b31f-f002ac91f2ca/datanode-3/data/ratis
2022-07-12 21:07:35,577 [Listener at 127.0.0.1/33595] INFO  volume.StorageVolumeChecker (StorageVolumeChecker.java:checkAllVolumes(202)) - Scheduled health check for volume /home/runner/work/ozone/ozone/hadoop-ozone/integration-test/target/test-dir/MiniOzoneClusterImpl-03d8019b-d99e-41ea-b31f-f002ac91f2ca/datanode-3/data/ratis
2022-07-12 21:07:35,584 [EndpointStateMachine task thread for /0.0.0.0:33845 - 0 ] INFO  volume.HddsVolume (HddsVolume.java:closeDbStore(340)) - SchemaV3 db is stopped at /home/runner/work/ozone/ozone/hadoop-ozone/integration-test/target/test-dir/MiniOzoneClusterImpl-03d8019b-d99e-41ea-b31f-f002ac91f2ca/datanode-1/data-0/containers/hdds/03d8019b-d99e-41ea-b31f-f002ac91f2ca/DS-c89dd378-94de-437b-b8c7-459ad0f42354/container.db for volume DS-c89dd378-94de-437b-b8c7-459ad0f42354
2022-07-12 21:07:35,584 [EndpointStateMachine task thread for /0.0.0.0:33845 - 0 ] INFO  ozoneimpl.OzoneContainer (OzoneContainer.java:start(344)) - Attempting to start container services.
2022-07-12 21:07:35,584 [EndpointStateMachine task thread for /0.0.0.0:33845 - 0 ] INFO  ozoneimpl.OzoneContainer (OzoneContainer.java:startContainerScrub(279)) - Background container scanner has been disabled.
2022-07-12 21:07:35,600 [EndpointStateMachine task thread for /0.0.0.0:33845 - 0 ] INFO  replication.ReplicationServer (ReplicationServer.java:start(111)) - ReplicationServer is started using port 39359
2022-07-12 21:07:35,612 [EndpointStateMachine task thread for /0.0.0.0:33845 - 0 ] INFO  ratis.XceiverServerRatis (XceiverServerRatis.java:start(481)) - Starting XceiverServerRatis a073d587-6aa7-4ca3-9889-8ecc19e2905e
2022-07-12 21:07:35,613 [EndpointStateMachine task thread for /0.0.0.0:33845 - 0 ] INFO  server.RaftServer (RaftServerProxy.java:lambda$start$6(382)) - a073d587-6aa7-4ca3-9889-8ecc19e2905e: start RPC server
2022-07-12 21:07:35,634 [EndpointStateMachine task thread for /0.0.0.0:33845 - 0 ] INFO  server.GrpcService (GrpcService.java:startImpl(260)) - a073d587-6aa7-4ca3-9889-8ecc19e2905e: GrpcService started, listening on 32847
2022-07-12 21:07:35,643 [EndpointStateMachine task thread for /0.0.0.0:33845 - 0 ] INFO  ratis.XceiverServerRatis (XceiverServerRatis.java:getRealPort(502)) - XceiverServerRatis a073d587-6aa7-4ca3-9889-8ecc19e2905e is started using port 32847 for RATIS
2022-07-12 21:07:35,643 [EndpointStateMachine task thread for /0.0.0.0:33845 - 0 ] INFO  ratis.XceiverServerRatis (XceiverServerRatis.java:getRealPort(502)) - XceiverServerRatis a073d587-6aa7-4ca3-9889-8ecc19e2905e is started using port 32847 for RATIS_ADMIN
2022-07-12 21:07:35,643 [EndpointStateMachine task thread for /0.0.0.0:33845 - 0 ] INFO  ratis.XceiverServerRatis (XceiverServerRatis.java:getRealPort(502)) - XceiverServerRatis a073d587-6aa7-4ca3-9889-8ecc19e2905e is started using port 32847 for RATIS_SERVER
2022-07-12 21:07:35,644 [org.apache.ratis.util.JvmPauseMonitor$$Lambda$613/1050667922@6b3bae8d] INFO  util.JvmPauseMonitor (JvmPauseMonitor.java:run(103)) - JvmPauseMonitor-a073d587-6aa7-4ca3-9889-8ecc19e2905e: Started
2022-07-12 21:07:35,720 [EndpointStateMachine task thread for /0.0.0.0:33845 - 0 ] INFO  server.XceiverServerGrpc (XceiverServerGrpc.java:start(180)) - XceiverServerGrpc a073d587-6aa7-4ca3-9889-8ecc19e2905e is started using port 35931
2022-07-12 21:07:35,729 [Thread-1662] INFO  ozoneimpl.ContainerReader (ContainerReader.java:readVolume(175)) - Finish verifying containers on volume /home/runner/work/ozone/ozone/hadoop-ozone/integration-test/target/test-dir/MiniOzoneClusterImpl-03d8019b-d99e-41ea-b31f-f002ac91f2ca/datanode-3/data-0/containers/hdds
2022-07-12 21:07:35,729 [Listener at 127.0.0.1/33595] INFO  ozoneimpl.OzoneContainer (OzoneContainer.java:buildContainerSet(266)) - Build ContainerSet costs 0s
2022-07-12 21:07:35,731 [Listener at 127.0.0.1/33595] INFO  server.RaftServer (ConfUtils.java:logGet(46)) - raft.rpc.type = GRPC (default)
2022-07-12 21:07:35,731 [Listener at 127.0.0.1/33595] INFO  grpc.GrpcFactory (GrpcFactory.java:checkPooledByteBufAllocatorUseCacheForAllThreads(48)) - PERFORMANCE WARNING: useCacheForAllThreads is true that may cause Netty to create a lot garbage objects and, as a result, trigger GC.
	It is recommended to disable useCacheForAllThreads by setting -Dorg.apache.ratis.thirdparty.io.netty.allocator.useCacheForAllThreads=false in command line.
2022-07-12 21:07:35,732 [Listener at 127.0.0.1/33595] INFO  grpc.GrpcConfigKeys (ConfUtils.java:logGet(46)) - raft.grpc.admin.port = 0 (custom)
2022-07-12 21:07:35,732 [Listener at 127.0.0.1/33595] INFO  grpc.GrpcConfigKeys (ConfUtils.java:logGet(46)) - raft.grpc.client.port = 0 (custom)
2022-07-12 21:07:35,732 [Listener at 127.0.0.1/33595] INFO  grpc.GrpcConfigKeys (ConfUtils.java:logGet(46)) - raft.grpc.server.port = 0 (default)
2022-07-12 21:07:35,732 [Listener at 127.0.0.1/33595] INFO  server.GrpcService (ConfUtils.java:logGet(46)) - raft.grpc.message.size.max = 32MB (=33554432) (custom)
2022-07-12 21:07:35,732 [Listener at 127.0.0.1/33595] INFO  server.RaftServerConfigKeys (ConfUtils.java:logGet(46)) - raft.server.log.appender.buffer.byte-limit = 33554432 (custom)
2022-07-12 21:07:35,732 [Listener at 127.0.0.1/33595] INFO  server.GrpcService (ConfUtils.java:logGet(46)) - raft.grpc.flow.control.window = 5MB (=5242880) (custom)
2022-07-12 21:07:35,732 [Listener at 127.0.0.1/33595] INFO  server.RaftServerConfigKeys (ConfUtils.java:logGet(46)) - raft.server.rpc.request.timeout = 60s (custom)
2022-07-12 21:07:35,732 [Listener at 127.0.0.1/33595] INFO  grpc.GrpcConfigKeys (ConfUtils.java:logGet(46)) - raft.grpc.server.async.request.thread.pool.cached = true (default)
2022-07-12 21:07:35,732 [Listener at 127.0.0.1/33595] INFO  grpc.GrpcConfigKeys (ConfUtils.java:logGet(46)) - raft.grpc.server.async.request.thread.pool.size = 32 (default)
2022-07-12 21:07:35,734 [Listener at 127.0.0.1/33595] INFO  impl.DataStreamServerImpl (ConfUtils.java:logGet(46)) - raft.datastream.type = DISABLED (default)
2022-07-12 21:07:35,734 [Listener at 127.0.0.1/33595] INFO  server.RaftServerConfigKeys (ConfUtils.java:logGet(46)) - raft.server.threadpool.proxy.cached = true (default)
2022-07-12 21:07:35,734 [Listener at 127.0.0.1/33595] INFO  server.RaftServerConfigKeys (ConfUtils.java:logGet(46)) - raft.server.threadpool.proxy.size = 0 (default)
2022-07-12 21:07:35,734 [Listener at 127.0.0.1/33595] INFO  server.RaftServerConfigKeys (ConfUtils.java:logGet(46)) - raft.server.rpc.slowness.timeout = 300s (custom)
2022-07-12 21:07:35,734 [Listener at 127.0.0.1/33595] INFO  server.RaftServerConfigKeys (ConfUtils.java:logGet(46)) - raft.server.leaderelection.leader.step-down.wait-time = 10s (default)
2022-07-12 21:07:35,734 [Listener at 127.0.0.1/33595] INFO  server.RaftServerConfigKeys (ConfUtils.java:logGet(46)) - raft.server.storage.dir = [/home/runner/work/ozone/ozone/hadoop-ozone/integration-test/target/test-dir/MiniOzoneClusterImpl-03d8019b-d99e-41ea-b31f-f002ac91f2ca/datanode-3/data/ratis] (custom)
2022-07-12 21:07:35,770 [Listener at 127.0.0.1/33595] INFO  server.XceiverServerGrpc (XceiverServerGrpc.java:<init>(132)) - GrpcServer channel type EpollServerSocketChannel
2022-07-12 21:07:35,791 [Listener at 127.0.0.1/33595] INFO  http.BaseHttpServer (BaseHttpServer.java:newHttpServer2BuilderForOzone(209)) - Starting Web-server for hddsDatanode at: http://0.0.0.0:0
2022-07-12 21:07:35,791 [Listener at 127.0.0.1/33595] INFO  http.BaseHttpServer (BaseHttpServer.java:<init>(107)) - Hadoop Security Enabled: false Ozone Security Enabled: false Ozone HTTP Security Enabled: false 
2022-07-12 21:07:35,792 [Listener at 127.0.0.1/33595] INFO  server.AuthenticationFilter (AuthenticationFilter.java:constructSecretProvider(240)) - Unable to initialize FileSignerSecretProvider, falling back to use random secrets.
2022-07-12 21:07:35,830 [Listener at 127.0.0.1/33595] WARN  http.HttpRequestLog (HttpRequestLog.java:getRequestLog(103)) - Jetty request log can only be enabled using Log4j
2022-07-12 21:07:35,832 [Listener at 127.0.0.1/33595] INFO  http.HttpServer2 (HttpServer2.java:addGlobalFilter(1029)) - Added global filter 'safety' (class=org.apache.hadoop.hdds.server.http.HttpServer2$QuotingInputFilter)
2022-07-12 21:07:35,832 [Listener at 127.0.0.1/33595] INFO  http.HttpServer2 (HttpServer2.java:addFilter(1005)) - Added filter static_user_filter (class=org.apache.hadoop.http.lib.StaticUserWebFilter$StaticUserFilter) to context hddsDatanode
2022-07-12 21:07:35,832 [Listener at 127.0.0.1/33595] INFO  http.HttpServer2 (HttpServer2.java:addFilter(1013)) - Added filter static_user_filter (class=org.apache.hadoop.http.lib.StaticUserWebFilter$StaticUserFilter) to context static
2022-07-12 21:07:35,832 [Listener at 127.0.0.1/33595] INFO  http.HttpServer2 (HttpServer2.java:addFilter(1013)) - Added filter static_user_filter (class=org.apache.hadoop.http.lib.StaticUserWebFilter$StaticUserFilter) to context logs
2022-07-12 21:07:35,833 [Listener at 127.0.0.1/33595] INFO  http.HttpServer2 (HttpServer2.java:bindListener(1248)) - Jetty bound to port 33233
2022-07-12 21:07:35,833 [Listener at 127.0.0.1/33595] INFO  server.Server (Server.java:doStart(375)) - jetty-9.4.43.v20210629; built: 2021-06-30T11:07:22.254Z; git: 526006ecfa3af7f1a27ef3a288e2bef7ea9dd7e8; jvm 1.8.0_332-b09
2022-07-12 21:07:35,848 [Listener at 127.0.0.1/33595] INFO  server.session (DefaultSessionIdManager.java:doStart(334)) - DefaultSessionIdManager workerName=node0
2022-07-12 21:07:35,849 [Listener at 127.0.0.1/33595] INFO  server.session (DefaultSessionIdManager.java:doStart(339)) - No SessionScavenger set, using defaults
2022-07-12 21:07:35,849 [Listener at 127.0.0.1/33595] INFO  server.session (HouseKeeper.java:startScavenging(132)) - node0 Scavenging every 600000ms
2022-07-12 21:07:35,850 [Listener at 127.0.0.1/33595] INFO  handler.ContextHandler (ContextHandler.java:doStart(915)) - Started o.e.j.s.ServletContextHandler@406befaf{logs,/logs,file:///home/runner/work/ozone/ozone/hadoop-ozone/integration-test/target/log,AVAILABLE}
2022-07-12 21:07:35,850 [Listener at 127.0.0.1/33595] INFO  handler.ContextHandler (ContextHandler.java:doStart(915)) - Started o.e.j.s.ServletContextHandler@20744256{static,/static,jar:file:/home/runner/.m2/repository/org/apache/ozone/hdds-container-service/1.3.0-SNAPSHOT/hdds-container-service-1.3.0-SNAPSHOT.jar!/webapps/static,AVAILABLE}
2022-07-12 21:07:36,105 [IPC Server handler 12 on default port 33845] INFO  net.NetworkTopologyImpl (NetworkTopologyImpl.java:add(112)) - Added a new node: /default-rack/ddb9d7c4-a5dc-476f-83e2-b66bdd4cd965
2022-07-12 21:07:36,105 [IPC Server handler 12 on default port 33845] INFO  node.SCMNodeManager (SCMNodeManager.java:register(397)) - Registered Data node : ddb9d7c4-a5dc-476f-83e2-b66bdd4cd965{ip: 10.1.0.20, host: fv-az452-57.ku3lqr0aiaqu5kfj3xdpchcrvd.dx.internal.cloudapp.net, ports: [REPLICATION=46187, RATIS=35703, RATIS_ADMIN=35703, RATIS_SERVER=35703, STANDALONE=37875], networkLocation: /default-rack, certSerialId: null, persistedOpState: null, persistedOpStateExpiryEpochSec: 0}
2022-07-12 21:07:36,180 [EventQueue-NodeRegistrationContainerReportForContainerSafeModeRule] INFO  safemode.SCMSafeModeManager (SCMSafeModeManager.java:validateSafeModeExitRules(204)) - ContainerSafeModeRule rule is successfully validated
2022-07-12 21:07:36,180 [EventQueue-NodeRegistrationContainerReportForDataNodeSafeModeRule] INFO  safemode.SCMSafeModeManager (DataNodeSafeModeRule.java:process(71)) - SCM in safe mode. 1 DataNodes registered, 3 required.
2022-07-12 21:07:36,191 [EventQueue-NewNodeForNewNodeHandler] INFO  pipeline.BackgroundPipelineCreator (BackgroundPipelineCreator.java:notifyEventTriggered(275)) - trigger a one-shot run on RatisPipelineUtilsThread.
2022-07-12 21:07:36,256 [RatisPipelineUtilsThread - 0] INFO  pipeline.RatisPipelineProvider (RatisPipelineProvider.java:lambda$create$0(195)) - Sending CreatePipelineCommand for pipeline:PipelineID=89da5e16-41de-4585-8d01-4ac6d0810510 to datanode:ddb9d7c4-a5dc-476f-83e2-b66bdd4cd965
2022-07-12 21:07:36,220 [EventQueue-PipelineReportForOneReplicaPipelineSafeModeRule] INFO  safemode.SCMSafeModeManager (SCMSafeModeManager.java:validateSafeModeExitRules(204)) - AtleastOneDatanodeReportedRule rule is successfully validated
2022-07-12 21:07:36,308 [RatisPipelineUtilsThread - 0] INFO  pipeline.PipelineStateManagerImpl (PipelineStateManagerImpl.java:addPipeline(103)) - Created pipeline Pipeline[ Id: 89da5e16-41de-4585-8d01-4ac6d0810510, Nodes: ddb9d7c4-a5dc-476f-83e2-b66bdd4cd965{ip: 10.1.0.20, host: fv-az452-57.ku3lqr0aiaqu5kfj3xdpchcrvd.dx.internal.cloudapp.net, ports: [REPLICATION=46187, RATIS=35703, RATIS_ADMIN=35703, RATIS_SERVER=35703, STANDALONE=37875], networkLocation: /default-rack, certSerialId: null, persistedOpState: IN_SERVICE, persistedOpStateExpiryEpochSec: 0}, ReplicationConfig: RATIS/ONE, State:ALLOCATED, leaderId:, CreationTimestamp2022-07-12T21:07:36.256Z[Etc/UTC]].
2022-07-12 21:07:37,025 [Listener at 127.0.0.1/33595] INFO  handler.ContextHandler (ContextHandler.java:doStart(915)) - Started o.e.j.w.WebAppContext@5cd96f38{hddsDatanode,/,file:///tmp/jetty-0_0_0_0-33233-hdds-container-service-1_3_0-SNAPSHOT_jar-_-any-1546726285389964527/webapp/,AVAILABLE}{jar:file:/home/runner/.m2/repository/org/apache/ozone/hdds-container-service/1.3.0-SNAPSHOT/hdds-container-service-1.3.0-SNAPSHOT.jar!/webapps/hddsDatanode}
2022-07-12 21:07:37,041 [Listener at 127.0.0.1/33595] INFO  server.AbstractConnector (AbstractConnector.java:doStart(331)) - Started ServerConnector@470507df{HTTP/1.1, (http/1.1)}{0.0.0.0:33233}
2022-07-12 21:07:37,041 [Listener at 127.0.0.1/33595] INFO  server.Server (Server.java:doStart(415)) - Started @236785ms
2022-07-12 21:07:37,041 [Listener at 127.0.0.1/33595] WARN  impl.MetricsSystemImpl (MetricsSystemImpl.java:register(279)) - Sink prometheus already exists!
2022-07-12 21:07:37,044 [Listener at 127.0.0.1/33595] INFO  http.BaseHttpServer (BaseHttpServer.java:updateConnectorAddress(329)) - HTTP server of hddsDatanode listening at http://0.0.0.0:33233
2022-07-12 21:07:37,068 [Listener at 127.0.0.1/33595] WARN  impl.MetricRegistriesImpl (MetricRegistriesImpl.java:addReporterRegistration(111)) - New reporters are added after registries were created. Some metrics will be missing from the reporter. Please add reporter before adding any new registry.
2022-07-12 21:07:37,068 [Listener at 127.0.0.1/33595] WARN  impl.MetricRegistriesImpl (MetricRegistriesImpl.java:addReporterRegistration(111)) - New reporters are added after registries were created. Some metrics will be missing from the reporter. Please add reporter before adding any new registry.
2022-07-12 21:07:37,068 [Listener at 127.0.0.1/33595] INFO  impl.MetricsSystemImpl (MetricsSystemImpl.java:init(158)) - HddsDatanode metrics system started (again)
2022-07-12 21:07:37,095 [Datanode State Machine Daemon Thread] INFO  statemachine.DatanodeStateMachine (DatanodeStateMachine.java:lambda$startDaemon$0(492)) - Ozone container server started.
2022-07-12 21:07:37,191 [org.apache.hadoop.util.JvmPauseMonitor$Monitor@5da883a8] INFO  util.JvmPauseMonitor (JvmPauseMonitor.java:run(188)) - Starting JVM pause monitor
2022-07-12 21:07:37,224 [Datanode State Machine Task Thread - 0] INFO  datanode.InitDatanodeState (InitDatanodeState.java:persistContainerDatanodeDetails(138)) - DatanodeDetails is persisted to /home/runner/work/ozone/ozone/hadoop-ozone/integration-test/target/test-dir/MiniOzoneClusterImpl-03d8019b-d99e-41ea-b31f-f002ac91f2ca/datanode-3/meta/datanode.id
2022-07-12 21:07:37,236 [Listener at 127.0.0.1/33595] INFO  ozone.HddsDatanodeService (HddsDatanodeService.java:start(236)) - HddsDatanodeService host:fv-az452-57.ku3lqr0aiaqu5kfj3xdpchcrvd.dx.internal.cloudapp.net ip:10.1.0.20
2022-07-12 21:07:37,312 [Listener at 127.0.0.1/33595] INFO  upgrade.AbstractLayoutVersionManager (AbstractLayoutVersionManager.java:init(82)) - Initializing Layout version manager with metadata layout = DATANODE_SCHEMA_V3 (version = 4), software layout = DATANODE_SCHEMA_V3 (version = 4)
2022-07-12 21:07:37,337 [IPC Server handler 10 on default port 33845] INFO  net.NetworkTopologyImpl (NetworkTopologyImpl.java:add(112)) - Added a new node: /default-rack/a073d587-6aa7-4ca3-9889-8ecc19e2905e
2022-07-12 21:07:37,337 [IPC Server handler 10 on default port 33845] INFO  node.SCMNodeManager (SCMNodeManager.java:register(397)) - Registered Data node : a073d587-6aa7-4ca3-9889-8ecc19e2905e{ip: 10.1.0.20, host: fv-az452-57.ku3lqr0aiaqu5kfj3xdpchcrvd.dx.internal.cloudapp.net, ports: [REPLICATION=39359, RATIS=32847, RATIS_ADMIN=32847, RATIS_SERVER=32847, STANDALONE=35931], networkLocation: /default-rack, certSerialId: null, persistedOpState: null, persistedOpStateExpiryEpochSec: 0}
2022-07-12 21:07:37,337 [EventQueue-NewNodeForNewNodeHandler] INFO  pipeline.BackgroundPipelineCreator (BackgroundPipelineCreator.java:notifyEventTriggered(275)) - trigger a one-shot run on RatisPipelineUtilsThread.
2022-07-12 21:07:37,344 [EventQueue-NodeRegistrationContainerReportForDataNodeSafeModeRule] INFO  safemode.SCMSafeModeManager (DataNodeSafeModeRule.java:process(71)) - SCM in safe mode. 2 DataNodes registered, 3 required.
2022-07-12 21:07:37,372 [RatisPipelineUtilsThread - 0] INFO  pipeline.RatisPipelineProvider (RatisPipelineProvider.java:lambda$create$0(195)) - Sending CreatePipelineCommand for pipeline:PipelineID=74bffcff-803e-49d8-b756-0c8cf8dbd517 to datanode:a073d587-6aa7-4ca3-9889-8ecc19e2905e
2022-07-12 21:07:37,372 [RatisPipelineUtilsThread - 0] INFO  pipeline.PipelineStateManagerImpl (PipelineStateManagerImpl.java:addPipeline(103)) - Created pipeline Pipeline[ Id: 74bffcff-803e-49d8-b756-0c8cf8dbd517, Nodes: a073d587-6aa7-4ca3-9889-8ecc19e2905e{ip: 10.1.0.20, host: fv-az452-57.ku3lqr0aiaqu5kfj3xdpchcrvd.dx.internal.cloudapp.net, ports: [REPLICATION=39359, RATIS=32847, RATIS_ADMIN=32847, RATIS_SERVER=32847, STANDALONE=35931], networkLocation: /default-rack, certSerialId: null, persistedOpState: IN_SERVICE, persistedOpStateExpiryEpochSec: 0}, ReplicationConfig: RATIS/ONE, State:ALLOCATED, leaderId:, CreationTimestamp2022-07-12T21:07:37.372Z[Etc/UTC]].
2022-07-12 21:07:37,392 [EndpointStateMachine task thread for /0.0.0.0:33845 - 0 ] INFO  volume.HddsVolume (HddsVolume.java:createDbStore(309)) - SchemaV3 db is created and loaded at /home/runner/work/ozone/ozone/hadoop-ozone/integration-test/target/test-dir/MiniOzoneClusterImpl-03d8019b-d99e-41ea-b31f-f002ac91f2ca/datanode-2/data-0/containers/hdds/03d8019b-d99e-41ea-b31f-f002ac91f2ca/DS-7587e57f-f5f2-4c89-9da5-2e65b4cf2bef/container.db for volume DS-7587e57f-f5f2-4c89-9da5-2e65b4cf2bef
2022-07-12 21:07:37,400 [EndpointStateMachine task thread for /0.0.0.0:33845 - 0 ] INFO  volume.HddsVolume (HddsVolume.java:closeDbStore(340)) - SchemaV3 db is stopped at /home/runner/work/ozone/ozone/hadoop-ozone/integration-test/target/test-dir/MiniOzoneClusterImpl-03d8019b-d99e-41ea-b31f-f002ac91f2ca/datanode-2/data-0/containers/hdds/03d8019b-d99e-41ea-b31f-f002ac91f2ca/DS-7587e57f-f5f2-4c89-9da5-2e65b4cf2bef/container.db for volume DS-7587e57f-f5f2-4c89-9da5-2e65b4cf2bef
2022-07-12 21:07:37,400 [EndpointStateMachine task thread for /0.0.0.0:33845 - 0 ] INFO  ozoneimpl.OzoneContainer (OzoneContainer.java:start(344)) - Attempting to start container services.
2022-07-12 21:07:37,400 [EndpointStateMachine task thread for /0.0.0.0:33845 - 0 ] INFO  ozoneimpl.OzoneContainer (OzoneContainer.java:startContainerScrub(279)) - Background container scanner has been disabled.
2022-07-12 21:07:37,428 [EndpointStateMachine task thread for /0.0.0.0:33845 - 0 ] INFO  replication.ReplicationServer (ReplicationServer.java:start(111)) - ReplicationServer is started using port 37409
2022-07-12 21:07:37,440 [EndpointStateMachine task thread for /0.0.0.0:33845 - 0 ] INFO  ratis.XceiverServerRatis (XceiverServerRatis.java:start(481)) - Starting XceiverServerRatis 29d43e8b-b8c3-435a-bf60-ec797ee46bf5
2022-07-12 21:07:37,441 [EndpointStateMachine task thread for /0.0.0.0:33845 - 0 ] INFO  server.RaftServer (RaftServerProxy.java:lambda$start$6(382)) - 29d43e8b-b8c3-435a-bf60-ec797ee46bf5: start RPC server
2022-07-12 21:07:37,446 [EndpointStateMachine task thread for /0.0.0.0:33845 - 0 ] INFO  server.GrpcService (GrpcService.java:startImpl(260)) - 29d43e8b-b8c3-435a-bf60-ec797ee46bf5: GrpcService started, listening on 33347
2022-07-12 21:07:37,447 [EndpointStateMachine task thread for /0.0.0.0:33845 - 0 ] INFO  ratis.XceiverServerRatis (XceiverServerRatis.java:getRealPort(502)) - XceiverServerRatis 29d43e8b-b8c3-435a-bf60-ec797ee46bf5 is started using port 33347 for RATIS
2022-07-12 21:07:37,447 [EndpointStateMachine task thread for /0.0.0.0:33845 - 0 ] INFO  ratis.XceiverServerRatis (XceiverServerRatis.java:getRealPort(502)) - XceiverServerRatis 29d43e8b-b8c3-435a-bf60-ec797ee46bf5 is started using port 33347 for RATIS_ADMIN
2022-07-12 21:07:37,447 [EndpointStateMachine task thread for /0.0.0.0:33845 - 0 ] INFO  ratis.XceiverServerRatis (XceiverServerRatis.java:getRealPort(502)) - XceiverServerRatis 29d43e8b-b8c3-435a-bf60-ec797ee46bf5 is started using port 33347 for RATIS_SERVER
2022-07-12 21:07:37,448 [org.apache.ratis.util.JvmPauseMonitor$$Lambda$613/1050667922@3a71cabf] INFO  util.JvmPauseMonitor (JvmPauseMonitor.java:run(103)) - JvmPauseMonitor-29d43e8b-b8c3-435a-bf60-ec797ee46bf5: Started
2022-07-12 21:07:37,518 [EndpointStateMachine task thread for /0.0.0.0:33845 - 0 ] INFO  server.XceiverServerGrpc (XceiverServerGrpc.java:start(180)) - XceiverServerGrpc 29d43e8b-b8c3-435a-bf60-ec797ee46bf5 is started using port 33283
2022-07-12 21:07:37,547 [Listener at 127.0.0.1/33595] INFO  reflections.Reflections (Reflections.java:scan(232)) - Reflections took 234 ms to scan 7 urls, producing 132 keys and 317 values 
2022-07-12 21:07:37,557 [Listener at 127.0.0.1/33595] INFO  statemachine.DatanodeStateMachine (DatanodeStateMachine.java:getEndPointTaskThreadPoolSize(237)) - Datanode State Machine Task Thread Pool size 2
2022-07-12 21:07:37,572 [Listener at 127.0.0.1/33595] INFO  volume.HddsVolume (HddsVolume.java:<init>(116)) - Creating HddsVolume: /home/runner/work/ozone/ozone/hadoop-ozone/integration-test/target/test-dir/MiniOzoneClusterImpl-03d8019b-d99e-41ea-b31f-f002ac91f2ca/datanode-4/data-0/containers/hdds of storage type : DISK capacity : 9223372036854775807
2022-07-12 21:07:37,572 [Listener at 127.0.0.1/33595] INFO  volume.MutableVolumeSet (MutableVolumeSet.java:initializeVolumeSet(174)) - Added Volume : /home/runner/work/ozone/ozone/hadoop-ozone/integration-test/target/test-dir/MiniOzoneClusterImpl-03d8019b-d99e-41ea-b31f-f002ac91f2ca/datanode-4/data-0/containers/hdds to VolumeSet
2022-07-12 21:07:37,572 [Listener at 127.0.0.1/33595] INFO  volume.ThrottledAsyncChecker (ThrottledAsyncChecker.java:schedule(141)) - Scheduling a check for /home/runner/work/ozone/ozone/hadoop-ozone/integration-test/target/test-dir/MiniOzoneClusterImpl-03d8019b-d99e-41ea-b31f-f002ac91f2ca/datanode-4/data-0/containers/hdds
2022-07-12 21:07:37,607 [Listener at 127.0.0.1/33595] INFO  volume.StorageVolumeChecker (StorageVolumeChecker.java:checkAllVolumes(202)) - Scheduled health check for volume /home/runner/work/ozone/ozone/hadoop-ozone/integration-test/target/test-dir/MiniOzoneClusterImpl-03d8019b-d99e-41ea-b31f-f002ac91f2ca/datanode-4/data-0/containers/hdds
2022-07-12 21:07:37,635 [Listener at 127.0.0.1/33595] INFO  volume.MutableVolumeSet (MutableVolumeSet.java:initializeVolumeSet(174)) - Added Volume : /home/runner/work/ozone/ozone/hadoop-ozone/integration-test/target/test-dir/MiniOzoneClusterImpl-03d8019b-d99e-41ea-b31f-f002ac91f2ca/datanode-4/data/ratis to VolumeSet
2022-07-12 21:07:37,635 [Listener at 127.0.0.1/33595] INFO  volume.ThrottledAsyncChecker (ThrottledAsyncChecker.java:schedule(141)) - Scheduling a check for /home/runner/work/ozone/ozone/hadoop-ozone/integration-test/target/test-dir/MiniOzoneClusterImpl-03d8019b-d99e-41ea-b31f-f002ac91f2ca/datanode-4/data/ratis
2022-07-12 21:07:37,635 [Listener at 127.0.0.1/33595] INFO  volume.StorageVolumeChecker (StorageVolumeChecker.java:checkAllVolumes(202)) - Scheduled health check for volume /home/runner/work/ozone/ozone/hadoop-ozone/integration-test/target/test-dir/MiniOzoneClusterImpl-03d8019b-d99e-41ea-b31f-f002ac91f2ca/datanode-4/data/ratis
2022-07-12 21:07:37,663 [Thread-1685] INFO  ozoneimpl.ContainerReader (ContainerReader.java:readVolume(175)) - Finish verifying containers on volume /home/runner/work/ozone/ozone/hadoop-ozone/integration-test/target/test-dir/MiniOzoneClusterImpl-03d8019b-d99e-41ea-b31f-f002ac91f2ca/datanode-4/data-0/containers/hdds
2022-07-12 21:07:37,664 [Listener at 127.0.0.1/33595] INFO  ozoneimpl.OzoneContainer (OzoneContainer.java:buildContainerSet(266)) - Build ContainerSet costs 0s
2022-07-12 21:07:37,665 [Listener at 127.0.0.1/33595] INFO  server.RaftServer (ConfUtils.java:logGet(46)) - raft.rpc.type = GRPC (default)
2022-07-12 21:07:37,666 [Listener at 127.0.0.1/33595] INFO  grpc.GrpcFactory (GrpcFactory.java:checkPooledByteBufAllocatorUseCacheForAllThreads(48)) - PERFORMANCE WARNING: useCacheForAllThreads is true that may cause Netty to create a lot garbage objects and, as a result, trigger GC.
	It is recommended to disable useCacheForAllThreads by setting -Dorg.apache.ratis.thirdparty.io.netty.allocator.useCacheForAllThreads=false in command line.
2022-07-12 21:07:37,666 [Listener at 127.0.0.1/33595] INFO  grpc.GrpcConfigKeys (ConfUtils.java:logGet(46)) - raft.grpc.admin.port = 0 (custom)
2022-07-12 21:07:37,666 [Listener at 127.0.0.1/33595] INFO  grpc.GrpcConfigKeys (ConfUtils.java:logGet(46)) - raft.grpc.client.port = 0 (custom)
2022-07-12 21:07:37,666 [Listener at 127.0.0.1/33595] INFO  grpc.GrpcConfigKeys (ConfUtils.java:logGet(46)) - raft.grpc.server.port = 0 (default)
2022-07-12 21:07:37,666 [Listener at 127.0.0.1/33595] INFO  server.GrpcService (ConfUtils.java:logGet(46)) - raft.grpc.message.size.max = 32MB (=33554432) (custom)
2022-07-12 21:07:37,666 [Listener at 127.0.0.1/33595] INFO  server.RaftServerConfigKeys (ConfUtils.java:logGet(46)) - raft.server.log.appender.buffer.byte-limit = 33554432 (custom)
2022-07-12 21:07:37,666 [Listener at 127.0.0.1/33595] INFO  server.GrpcService (ConfUtils.java:logGet(46)) - raft.grpc.flow.control.window = 5MB (=5242880) (custom)
2022-07-12 21:07:37,666 [Listener at 127.0.0.1/33595] INFO  server.RaftServerConfigKeys (ConfUtils.java:logGet(46)) - raft.server.rpc.request.timeout = 60s (custom)
2022-07-12 21:07:37,666 [Listener at 127.0.0.1/33595] INFO  grpc.GrpcConfigKeys (ConfUtils.java:logGet(46)) - raft.grpc.server.async.request.thread.pool.cached = true (default)
2022-07-12 21:07:37,667 [Listener at 127.0.0.1/33595] INFO  grpc.GrpcConfigKeys (ConfUtils.java:logGet(46)) - raft.grpc.server.async.request.thread.pool.size = 32 (default)
2022-07-12 21:07:37,668 [Listener at 127.0.0.1/33595] INFO  impl.DataStreamServerImpl (ConfUtils.java:logGet(46)) - raft.datastream.type = DISABLED (default)
2022-07-12 21:07:37,669 [Listener at 127.0.0.1/33595] INFO  server.RaftServerConfigKeys (ConfUtils.java:logGet(46)) - raft.server.threadpool.proxy.cached = true (default)
2022-07-12 21:07:37,669 [Listener at 127.0.0.1/33595] INFO  server.RaftServerConfigKeys (ConfUtils.java:logGet(46)) - raft.server.threadpool.proxy.size = 0 (default)
2022-07-12 21:07:37,669 [Listener at 127.0.0.1/33595] INFO  server.RaftServerConfigKeys (ConfUtils.java:logGet(46)) - raft.server.rpc.slowness.timeout = 300s (custom)
2022-07-12 21:07:37,669 [Listener at 127.0.0.1/33595] INFO  server.RaftServerConfigKeys (ConfUtils.java:logGet(46)) - raft.server.leaderelection.leader.step-down.wait-time = 10s (default)
2022-07-12 21:07:37,669 [Listener at 127.0.0.1/33595] INFO  server.RaftServerConfigKeys (ConfUtils.java:logGet(46)) - raft.server.storage.dir = [/home/runner/work/ozone/ozone/hadoop-ozone/integration-test/target/test-dir/MiniOzoneClusterImpl-03d8019b-d99e-41ea-b31f-f002ac91f2ca/datanode-4/data/ratis] (custom)
2022-07-12 21:07:37,705 [Listener at 127.0.0.1/33595] INFO  server.XceiverServerGrpc (XceiverServerGrpc.java:<init>(132)) - GrpcServer channel type EpollServerSocketChannel
2022-07-12 21:07:37,732 [Listener at 127.0.0.1/33595] INFO  http.BaseHttpServer (BaseHttpServer.java:newHttpServer2BuilderForOzone(209)) - Starting Web-server for hddsDatanode at: http://0.0.0.0:0
2022-07-12 21:07:37,732 [Listener at 127.0.0.1/33595] INFO  http.BaseHttpServer (BaseHttpServer.java:<init>(107)) - Hadoop Security Enabled: false Ozone Security Enabled: false Ozone HTTP Security Enabled: false 
2022-07-12 21:07:37,733 [Listener at 127.0.0.1/33595] INFO  server.AuthenticationFilter (AuthenticationFilter.java:constructSecretProvider(240)) - Unable to initialize FileSignerSecretProvider, falling back to use random secrets.
2022-07-12 21:07:37,733 [Listener at 127.0.0.1/33595] WARN  http.HttpRequestLog (HttpRequestLog.java:getRequestLog(103)) - Jetty request log can only be enabled using Log4j
2022-07-12 21:07:37,735 [Listener at 127.0.0.1/33595] INFO  http.HttpServer2 (HttpServer2.java:addGlobalFilter(1029)) - Added global filter 'safety' (class=org.apache.hadoop.hdds.server.http.HttpServer2$QuotingInputFilter)
2022-07-12 21:07:37,735 [Listener at 127.0.0.1/33595] INFO  http.HttpServer2 (HttpServer2.java:addFilter(1005)) - Added filter static_user_filter (class=org.apache.hadoop.http.lib.StaticUserWebFilter$StaticUserFilter) to context hddsDatanode
2022-07-12 21:07:37,735 [Listener at 127.0.0.1/33595] INFO  http.HttpServer2 (HttpServer2.java:addFilter(1013)) - Added filter static_user_filter (class=org.apache.hadoop.http.lib.StaticUserWebFilter$StaticUserFilter) to context logs
2022-07-12 21:07:37,735 [Listener at 127.0.0.1/33595] INFO  http.HttpServer2 (HttpServer2.java:addFilter(1013)) - Added filter static_user_filter (class=org.apache.hadoop.http.lib.StaticUserWebFilter$StaticUserFilter) to context static
2022-07-12 21:07:37,760 [Listener at 127.0.0.1/33595] INFO  http.HttpServer2 (HttpServer2.java:bindListener(1248)) - Jetty bound to port 40007
2022-07-12 21:07:37,760 [Listener at 127.0.0.1/33595] INFO  server.Server (Server.java:doStart(375)) - jetty-9.4.43.v20210629; built: 2021-06-30T11:07:22.254Z; git: 526006ecfa3af7f1a27ef3a288e2bef7ea9dd7e8; jvm 1.8.0_332-b09
2022-07-12 21:07:37,861 [Listener at 127.0.0.1/33595] INFO  server.session (DefaultSessionIdManager.java:doStart(334)) - DefaultSessionIdManager workerName=node0
2022-07-12 21:07:37,861 [Listener at 127.0.0.1/33595] INFO  server.session (DefaultSessionIdManager.java:doStart(339)) - No SessionScavenger set, using defaults
2022-07-12 21:07:37,861 [Listener at 127.0.0.1/33595] INFO  server.session (HouseKeeper.java:startScavenging(132)) - node0 Scavenging every 600000ms
2022-07-12 21:07:37,876 [Listener at 127.0.0.1/33595] INFO  handler.ContextHandler (ContextHandler.java:doStart(915)) - Started o.e.j.s.ServletContextHandler@2d17e77{logs,/logs,file:///home/runner/work/ozone/ozone/hadoop-ozone/integration-test/target/log,AVAILABLE}
2022-07-12 21:07:37,876 [Listener at 127.0.0.1/33595] INFO  handler.ContextHandler (ContextHandler.java:doStart(915)) - Started o.e.j.s.ServletContextHandler@4c7e70b7{static,/static,jar:file:/home/runner/.m2/repository/org/apache/ozone/hdds-container-service/1.3.0-SNAPSHOT/hdds-container-service-1.3.0-SNAPSHOT.jar!/webapps/static,AVAILABLE}
2022-07-12 21:07:38,682 [Listener at 127.0.0.1/33595] INFO  handler.ContextHandler (ContextHandler.java:doStart(915)) - Started o.e.j.w.WebAppContext@5b1c1442{hddsDatanode,/,file:///tmp/jetty-0_0_0_0-40007-hdds-container-service-1_3_0-SNAPSHOT_jar-_-any-7067841026337684551/webapp/,AVAILABLE}{jar:file:/home/runner/.m2/repository/org/apache/ozone/hdds-container-service/1.3.0-SNAPSHOT/hdds-container-service-1.3.0-SNAPSHOT.jar!/webapps/hddsDatanode}
2022-07-12 21:07:38,718 [Listener at 127.0.0.1/33595] INFO  server.AbstractConnector (AbstractConnector.java:doStart(331)) - Started ServerConnector@4108da27{HTTP/1.1, (http/1.1)}{0.0.0.0:40007}
2022-07-12 21:07:38,718 [Listener at 127.0.0.1/33595] INFO  server.Server (Server.java:doStart(415)) - Started @238462ms
2022-07-12 21:07:38,718 [Listener at 127.0.0.1/33595] WARN  impl.MetricsSystemImpl (MetricsSystemImpl.java:register(279)) - Sink prometheus already exists!
2022-07-12 21:07:38,720 [Listener at 127.0.0.1/33595] INFO  http.BaseHttpServer (BaseHttpServer.java:updateConnectorAddress(329)) - HTTP server of hddsDatanode listening at http://0.0.0.0:40007
2022-07-12 21:07:38,750 [Listener at 127.0.0.1/33595] INFO  ozone.MiniOzoneClusterImpl (MiniOzoneClusterImpl.java:lambda$waitForClusterToBeReady$0(223)) - Waiting for nodes to be ready. Got 2 of 5 DN Heartbeats.
2022-07-12 21:07:38,751 [Listener at 127.0.0.1/33595] INFO  ozone.MiniOzoneClusterImpl (MiniOzoneClusterImpl.java:lambda$waitForClusterToBeReady$0(226)) - Waiting for cluster to exit safe mode
2022-07-12 21:07:38,751 [Listener at 127.0.0.1/33595] INFO  ozone.MiniOzoneClusterImpl (MiniOzoneClusterImpl.java:lambda$waitForClusterToBeReady$0(228)) - SCM became leader
2022-07-12 21:07:38,751 [Datanode State Machine Daemon Thread] INFO  statemachine.DatanodeStateMachine (DatanodeStateMachine.java:lambda$startDaemon$0(492)) - Ozone container server started.
2022-07-12 21:07:38,820 [org.apache.hadoop.util.JvmPauseMonitor$Monitor@79764ccf] INFO  util.JvmPauseMonitor (JvmPauseMonitor.java:run(188)) - Starting JVM pause monitor
2022-07-12 21:07:38,840 [Datanode State Machine Task Thread - 0] INFO  datanode.InitDatanodeState (InitDatanodeState.java:persistContainerDatanodeDetails(138)) - DatanodeDetails is persisted to /home/runner/work/ozone/ozone/hadoop-ozone/integration-test/target/test-dir/MiniOzoneClusterImpl-03d8019b-d99e-41ea-b31f-f002ac91f2ca/datanode-4/meta/datanode.id
2022-07-12 21:07:39,105 [Command processor thread] INFO  server.RaftServer (RaftServerProxy.java:addNew(96)) - ddb9d7c4-a5dc-476f-83e2-b66bdd4cd965: addNew group-4AC6D0810510:[ddb9d7c4-a5dc-476f-83e2-b66bdd4cd965|rpc:10.1.0.20:35703|priority:1] returns group-4AC6D0810510:java.util.concurrent.CompletableFuture@304417bf[Not completed]
2022-07-12 21:07:39,127 [pool-886-thread-1] INFO  server.RaftServer$Division (RaftServerImpl.java:<init>(190)) - ddb9d7c4-a5dc-476f-83e2-b66bdd4cd965: new RaftServerImpl for group-4AC6D0810510:[ddb9d7c4-a5dc-476f-83e2-b66bdd4cd965|rpc:10.1.0.20:35703|priority:1] with ContainerStateMachine:uninitialized
2022-07-12 21:07:39,130 [pool-886-thread-1] INFO  server.RaftServerConfigKeys (ConfUtils.java:logGet(46)) - raft.server.rpc.timeout.min = 5s (custom)
2022-07-12 21:07:39,131 [pool-886-thread-1] INFO  server.RaftServerConfigKeys (ConfUtils.java:logGet(46)) - raft.server.rpc.timeout.max = 5200ms (custom)
2022-07-12 21:07:39,131 [pool-886-thread-1] INFO  server.RaftServerConfigKeys (ConfUtils.java:logGet(46)) - raft.server.rpc.sleep.time = 25ms (default)
2022-07-12 21:07:39,131 [pool-886-thread-1] INFO  server.RaftServerConfigKeys (ConfUtils.java:logGet(46)) - raft.server.rpc.slowness.timeout = 300s (custom)
2022-07-12 21:07:39,131 [pool-886-thread-1] INFO  server.RaftServerConfigKeys (ConfUtils.java:logGet(46)) - raft.server.leaderelection.leader.step-down.wait-time = 10s (default)
2022-07-12 21:07:39,131 [pool-886-thread-1] INFO  server.RaftServerConfigKeys (ConfUtils.java:logGet(46)) - raft.server.sleep.deviation.threshold = 300ms (default)
2022-07-12 21:07:39,131 [pool-886-thread-1] INFO  server.RaftServer$Division (ServerState.java:<init>(107)) - ddb9d7c4-a5dc-476f-83e2-b66bdd4cd965@group-4AC6D0810510: ConfigurationManager, init=-1: [ddb9d7c4-a5dc-476f-83e2-b66bdd4cd965|rpc:10.1.0.20:35703|priority:1], old=null, confs=<EMPTY_MAP>
2022-07-12 21:07:39,131 [pool-886-thread-1] INFO  server.RaftServerConfigKeys (ConfUtils.java:logGet(46)) - raft.server.storage.dir = [/home/runner/work/ozone/ozone/hadoop-ozone/integration-test/target/test-dir/MiniOzoneClusterImpl-03d8019b-d99e-41ea-b31f-f002ac91f2ca/datanode-0/data/ratis] (custom)
2022-07-12 21:07:39,131 [pool-886-thread-1] INFO  server.RaftServerConfigKeys (ConfUtils.java:logGet(46)) - raft.server.log.corruption.policy = EXCEPTION (default)
2022-07-12 21:07:39,131 [pool-886-thread-1] INFO  server.RaftServerConfigKeys (ConfUtils.java:logGet(46)) - raft.server.storage.free-space.min = 0MB (=0) (default)
2022-07-12 21:07:39,131 [pool-886-thread-1] INFO  storage.RaftStorageDirectory (RaftStorageDirectoryImpl.java:analyzeStorage(135)) - The storage directory /home/runner/work/ozone/ozone/hadoop-ozone/integration-test/target/test-dir/MiniOzoneClusterImpl-03d8019b-d99e-41ea-b31f-f002ac91f2ca/datanode-0/data/ratis/89da5e16-41de-4585-8d01-4ac6d0810510 does not exist. Creating ...
2022-07-12 21:07:39,142 [pool-886-thread-1] INFO  storage.RaftStorageDirectory (RaftStorageDirectoryImpl.java:tryLock(230)) - Lock on /home/runner/work/ozone/ozone/hadoop-ozone/integration-test/target/test-dir/MiniOzoneClusterImpl-03d8019b-d99e-41ea-b31f-f002ac91f2ca/datanode-0/data/ratis/89da5e16-41de-4585-8d01-4ac6d0810510/in_use.lock acquired by nodename 31611@fv-az452-57
2022-07-12 21:07:39,143 [pool-886-thread-1] INFO  storage.RaftStorage (RaftStorageImpl.java:format(89)) - Storage directory /home/runner/work/ozone/ozone/hadoop-ozone/integration-test/target/test-dir/MiniOzoneClusterImpl-03d8019b-d99e-41ea-b31f-f002ac91f2ca/datanode-0/data/ratis/89da5e16-41de-4585-8d01-4ac6d0810510 has been successfully formatted.
2022-07-12 21:07:39,183 [pool-886-thread-1] INFO  ratis.ContainerStateMachine (ContainerStateMachine.java:loadSnapshot(236)) - group-4AC6D0810510: The snapshot info is null. Setting the last applied indexto:(t:0, i:~)
2022-07-12 21:07:39,184 [pool-886-thread-1] INFO  server.RaftServerConfigKeys (ConfUtils.java:logGet(46)) - raft.server.notification.no-leader.timeout = 300s (custom)
2022-07-12 21:07:39,184 [pool-886-thread-1] INFO  server.RaftServerConfigKeys (ConfUtils.java:logGet(46)) - raft.server.log.use.memory = false (default)
2022-07-12 21:07:39,184 [pool-886-thread-1] INFO  server.RaftServerConfigKeys (ConfUtils.java:logGet(46)) - raft.server.log.purge.gap = 1000000 (custom)
2022-07-12 21:07:39,184 [pool-886-thread-1] INFO  server.RaftServerConfigKeys (ConfUtils.java:logGet(46)) - raft.server.log.appender.buffer.byte-limit = 33554432 (custom)
2022-07-12 21:07:39,184 [pool-886-thread-1] INFO  server.RaftServerConfigKeys (ConfUtils.java:logGet(46)) - raft.server.log.statemachine.data.read.timeout = 1000ms (default)
2022-07-12 21:07:39,184 [pool-886-thread-1] INFO  server.RaftServerConfigKeys (ConfUtils.java:logGet(46)) - raft.server.log.segment.size.max = 1048576 (custom)
2022-07-12 21:07:39,184 [pool-886-thread-1] INFO  server.RaftServerConfigKeys (ConfUtils.java:logGet(46)) - raft.server.log.segment.cache.num.max = 2 (custom)
2022-07-12 21:07:39,185 [pool-886-thread-1] INFO  server.RaftServerConfigKeys (ConfUtils.java:logGet(46)) - raft.server.log.segment.cache.size.max = 200MB (=209715200) (default)
2022-07-12 21:07:39,185 [pool-886-thread-1] INFO  segmented.SegmentedRaftLogWorker (SegmentedRaftLogWorker.java:<init>(187)) - new ddb9d7c4-a5dc-476f-83e2-b66bdd4cd965@group-4AC6D0810510-SegmentedRaftLogWorker for RaftStorageImpl:Storage Directory /home/runner/work/ozone/ozone/hadoop-ozone/integration-test/target/test-dir/MiniOzoneClusterImpl-03d8019b-d99e-41ea-b31f-f002ac91f2ca/datanode-0/data/ratis/89da5e16-41de-4585-8d01-4ac6d0810510
2022-07-12 21:07:39,185 [pool-886-thread-1] INFO  server.RaftServerConfigKeys (ConfUtils.java:logGet(46)) - raft.server.log.queue.byte-limit = 4294967296 (custom)
2022-07-12 21:07:39,185 [pool-886-thread-1] INFO  server.RaftServerConfigKeys (ConfUtils.java:logGet(46)) - raft.server.log.queue.element-limit = 1024 (custom)
2022-07-12 21:07:39,185 [pool-886-thread-1] INFO  server.RaftServerConfigKeys (ConfUtils.java:logGet(46)) - raft.server.log.segment.size.max = 1048576 (custom)
2022-07-12 21:07:39,185 [pool-886-thread-1] INFO  server.RaftServerConfigKeys (ConfUtils.java:logGet(46)) - raft.server.log.preallocated.size = 16384 (custom)
2022-07-12 21:07:39,185 [pool-886-thread-1] INFO  server.RaftServerConfigKeys (ConfUtils.java:logGet(46)) - raft.server.log.force.sync.num = 128 (default)
2022-07-12 21:07:39,185 [pool-886-thread-1] INFO  server.RaftServerConfigKeys (ConfUtils.java:logGet(46)) - raft.server.log.statemachine.data.sync = true (default)
2022-07-12 21:07:39,185 [pool-886-thread-1] INFO  server.RaftServerConfigKeys (ConfUtils.java:logGet(46)) - raft.server.log.statemachine.data.sync.timeout = 10s (default)
2022-07-12 21:07:39,185 [pool-886-thread-1] INFO  server.RaftServerConfigKeys (ConfUtils.java:logGet(46)) - raft.server.log.statemachine.data.sync.timeout.retry = -1 (default)
2022-07-12 21:07:39,186 [pool-886-thread-1] INFO  server.RaftServerConfigKeys (ConfUtils.java:logGet(46)) - raft.server.log.write.buffer.size = 1048576 (custom)
2022-07-12 21:07:39,187 [pool-886-thread-1] INFO  server.RaftServerConfigKeys (ConfUtils.java:logGet(46)) - raft.server.log.unsafe-flush.enabled = false (default)
2022-07-12 21:07:39,187 [pool-886-thread-1] INFO  server.RaftServerConfigKeys (ConfUtils.java:logGet(46)) - raft.server.log.statemachine.data.caching.enabled = true (custom)
2022-07-12 21:07:39,187 [pool-886-thread-1] INFO  segmented.SegmentedRaftLogWorker (SegmentedRaftLogWorker.java:lambda$new$0(135)) - ddb9d7c4-a5dc-476f-83e2-b66bdd4cd965@group-4AC6D0810510-SegmentedRaftLogWorker: flushIndex: setUnconditionally 0 -> -1
2022-07-12 21:07:39,187 [pool-886-thread-1] INFO  segmented.SegmentedRaftLogWorker (SegmentedRaftLogWorker.java:lambda$new$0(135)) - ddb9d7c4-a5dc-476f-83e2-b66bdd4cd965@group-4AC6D0810510-SegmentedRaftLogWorker: safeCacheEvictIndex: setUnconditionally 0 -> -1
2022-07-12 21:07:39,188 [EventQueue-PipelineReportForPipelineReportHandler] INFO  pipeline.PipelineManagerImpl (PipelineManagerImpl.java:openPipeline(359)) - Pipeline Pipeline[ Id: 89da5e16-41de-4585-8d01-4ac6d0810510, Nodes: ddb9d7c4-a5dc-476f-83e2-b66bdd4cd965{ip: 10.1.0.20, host: fv-az452-57.ku3lqr0aiaqu5kfj3xdpchcrvd.dx.internal.cloudapp.net, ports: [REPLICATION=46187, RATIS=35703, RATIS_ADMIN=35703, RATIS_SERVER=35703, STANDALONE=37875], networkLocation: /default-rack, certSerialId: null, persistedOpState: IN_SERVICE, persistedOpStateExpiryEpochSec: 0}, ReplicationConfig: RATIS/ONE, State:ALLOCATED, leaderId:ddb9d7c4-a5dc-476f-83e2-b66bdd4cd965, CreationTimestamp2022-07-12T21:07:36.256Z[Etc/UTC]] moved to OPEN state
2022-07-12 21:07:39,213 [pool-886-thread-1] INFO  server.RaftServerConfigKeys (ConfUtils.java:logGet(46)) - raft.server.snapshot.auto.trigger.enabled = true (custom)
2022-07-12 21:07:39,213 [pool-886-thread-1] INFO  server.RaftServerConfigKeys (ConfUtils.java:logGet(46)) - raft.server.snapshot.auto.trigger.threshold = 10000 (custom)
2022-07-12 21:07:39,213 [pool-886-thread-1] INFO  server.RaftServerConfigKeys (ConfUtils.java:logGet(46)) - raft.server.snapshot.retention.file.num = 5 (custom)
2022-07-12 21:07:39,213 [pool-886-thread-1] INFO  server.RaftServerConfigKeys (ConfUtils.java:logGet(46)) - raft.server.log.purge.upto.snapshot.index = false (default)
2022-07-12 21:07:39,213 [pool-886-thread-1] INFO  server.RaftServerConfigKeys (ConfUtils.java:logGet(46)) - raft.server.retrycache.expirytime = 600000ms (custom)
2022-07-12 21:07:39,213 [pool-886-thread-1] INFO  server.RaftServerConfigKeys (ConfUtils.java:logGet(46)) - raft.server.retrycache.statistics.expirytime = 100μs (default)
2022-07-12 21:07:39,215 [pool-886-thread-1] INFO  server.RaftServerConfigKeys (ConfUtils.java:logGet(46)) - raft.server.log.appender.install.snapshot.enabled = false (custom)
2022-07-12 21:07:39,215 [pool-886-thread-1] INFO  server.RaftServerConfigKeys (ConfUtils.java:logGet(46)) - raft.server.threadpool.server.cached = true (default)
2022-07-12 21:07:39,215 [pool-886-thread-1] INFO  server.RaftServerConfigKeys (ConfUtils.java:logGet(46)) - raft.server.threadpool.server.size = 0 (default)
2022-07-12 21:07:39,215 [pool-886-thread-1] INFO  server.RaftServerConfigKeys (ConfUtils.java:logGet(46)) - raft.server.threadpool.client.cached = true (default)
2022-07-12 21:07:39,215 [pool-886-thread-1] INFO  server.RaftServerConfigKeys (ConfUtils.java:logGet(46)) - raft.server.threadpool.client.size = 0 (default)
2022-07-12 21:07:39,215 [pool-886-thread-1] INFO  server.RaftServer$Division (RaftServerImpl.java:start(310)) - ddb9d7c4-a5dc-476f-83e2-b66bdd4cd965@group-4AC6D0810510: start as a follower, conf=-1: [ddb9d7c4-a5dc-476f-83e2-b66bdd4cd965|rpc:10.1.0.20:35703|priority:1], old=null
2022-07-12 21:07:39,215 [pool-886-thread-1] INFO  server.RaftServer$Division (RaftServerImpl.java:setRole(299)) - ddb9d7c4-a5dc-476f-83e2-b66bdd4cd965@group-4AC6D0810510: changes role from      null to FOLLOWER at term 0 for startAsFollower
2022-07-12 21:07:39,215 [pool-886-thread-1] INFO  impl.RoleInfo (RoleInfo.java:updateAndGet(139)) - ddb9d7c4-a5dc-476f-83e2-b66bdd4cd965: start ddb9d7c4-a5dc-476f-83e2-b66bdd4cd965@group-4AC6D0810510-FollowerState
2022-07-12 21:07:39,215 [pool-886-thread-1] INFO  util.JmxRegister (JmxRegister.java:tryRegister(44)) - Successfully registered JMX Bean with object name Ratis:service=RaftServer,group=group-4AC6D0810510,id=ddb9d7c4-a5dc-476f-83e2-b66bdd4cd965
2022-07-12 21:07:39,219 [Command processor thread] INFO  ratis.XceiverServerRatis (XceiverServerRatis.java:addGroup(765)) - Created group PipelineID=89da5e16-41de-4585-8d01-4ac6d0810510
2022-07-12 21:07:39,264 [Command processor thread] INFO  commandhandler.CreatePipelineCommandHandler (CreatePipelineCommandHandler.java:handle(113)) - Created Pipeline RATIS ONE PipelineID=89da5e16-41de-4585-8d01-4ac6d0810510.
2022-07-12 21:07:39,224 [EventQueue-OpenPipelineForHealthyPipelineSafeModeRule] INFO  safemode.SCMSafeModeManager (HealthyPipelineSafeModeRule.java:process(124)) - SCM in safe mode. Healthy pipelines reported count is 0, required healthy pipeline reported count is 1
2022-07-12 21:07:39,268 [IPC Server handler 6 on default port 33845] INFO  net.NetworkTopologyImpl (NetworkTopologyImpl.java:add(112)) - Added a new node: /default-rack/29d43e8b-b8c3-435a-bf60-ec797ee46bf5
2022-07-12 21:07:39,268 [IPC Server handler 6 on default port 33845] INFO  node.SCMNodeManager (SCMNodeManager.java:register(397)) - Registered Data node : 29d43e8b-b8c3-435a-bf60-ec797ee46bf5{ip: 10.1.0.20, host: fv-az452-57.ku3lqr0aiaqu5kfj3xdpchcrvd.dx.internal.cloudapp.net, ports: [REPLICATION=37409, RATIS=33347, RATIS_ADMIN=33347, RATIS_SERVER=33347, STANDALONE=33283], networkLocation: /default-rack, certSerialId: null, persistedOpState: null, persistedOpStateExpiryEpochSec: 0}
2022-07-12 21:07:39,268 [EventQueue-NewNodeForNewNodeHandler] INFO  pipeline.BackgroundPipelineCreator (BackgroundPipelineCreator.java:notifyEventTriggered(275)) - trigger a one-shot run on RatisPipelineUtilsThread.
2022-07-12 21:07:39,302 [RatisPipelineUtilsThread - 0] INFO  pipeline.RatisPipelineProvider (RatisPipelineProvider.java:lambda$create$0(195)) - Sending CreatePipelineCommand for pipeline:PipelineID=33c00d41-850e-41e4-a488-d4169009462c to datanode:29d43e8b-b8c3-435a-bf60-ec797ee46bf5
2022-07-12 21:07:39,302 [RatisPipelineUtilsThread - 0] INFO  pipeline.PipelineStateManagerImpl (PipelineStateManagerImpl.java:addPipeline(103)) - Created pipeline Pipeline[ Id: 33c00d41-850e-41e4-a488-d4169009462c, Nodes: 29d43e8b-b8c3-435a-bf60-ec797ee46bf5{ip: 10.1.0.20, host: fv-az452-57.ku3lqr0aiaqu5kfj3xdpchcrvd.dx.internal.cloudapp.net, ports: [REPLICATION=37409, RATIS=33347, RATIS_ADMIN=33347, RATIS_SERVER=33347, STANDALONE=33283], networkLocation: /default-rack, certSerialId: null, persistedOpState: IN_SERVICE, persistedOpStateExpiryEpochSec: 0}, ReplicationConfig: RATIS/ONE, State:ALLOCATED, leaderId:, CreationTimestamp2022-07-12T21:07:39.302Z[Etc/UTC]].
2022-07-12 21:07:39,303 [EventQueue-NodeRegistrationContainerReportForDataNodeSafeModeRule] INFO  safemode.SCMSafeModeManager (DataNodeSafeModeRule.java:process(71)) - SCM in safe mode. 3 DataNodes registered, 3 required.
2022-07-12 21:07:39,303 [EventQueue-NodeRegistrationContainerReportForDataNodeSafeModeRule] INFO  safemode.SCMSafeModeManager (SCMSafeModeManager.java:validateSafeModeExitRules(204)) - DataNodeSafeModeRule rule is successfully validated
2022-07-12 21:07:39,303 [EventQueue-NodeRegistrationContainerReportForDataNodeSafeModeRule] INFO  safemode.SCMSafeModeManager (SCMSafeModeManager.java:completePreCheck(233)) - All SCM safe mode pre check rules have passed
2022-07-12 21:07:39,303 [EventQueue-NodeRegistrationContainerReportForDataNodeSafeModeRule] WARN  events.EventQueue (EventQueue.java:fireEvent(216)) - No event handler registered for event TypedEvent{payloadType=SafeModeStatus, name='Safe mode status'}
2022-07-12 21:07:39,303 [EventQueue-NodeRegistrationContainerReportForDataNodeSafeModeRule] INFO  ha.SCMContext (SCMContext.java:updateSafeModeStatus(228)) - Update SafeModeStatus from SafeModeStatus{safeModeStatus=true, preCheckPassed=false} to SafeModeStatus{safeModeStatus=true, preCheckPassed=true}.
2022-07-12 21:07:39,303 [EventQueue-NodeRegistrationContainerReportForDataNodeSafeModeRule] INFO  pipeline.BackgroundPipelineCreator (BackgroundPipelineCreator.java:notifyEventTriggered(275)) - trigger a one-shot run on RatisPipelineUtilsThread.
2022-07-12 21:07:39,304 [RatisPipelineUtilsThread - 0] INFO  pipeline.RatisPipelineProvider (RatisPipelineProvider.java:lambda$create$0(195)) - Sending CreatePipelineCommand for pipeline:PipelineID=03451ab7-eaab-42b3-a2f1-7e75dea0ad0c to datanode:29d43e8b-b8c3-435a-bf60-ec797ee46bf5
2022-07-12 21:07:39,304 [RatisPipelineUtilsThread - 0] INFO  pipeline.RatisPipelineProvider (RatisPipelineProvider.java:lambda$create$0(195)) - Sending CreatePipelineCommand for pipeline:PipelineID=03451ab7-eaab-42b3-a2f1-7e75dea0ad0c to datanode:a073d587-6aa7-4ca3-9889-8ecc19e2905e
2022-07-12 21:07:39,304 [RatisPipelineUtilsThread - 0] INFO  pipeline.RatisPipelineProvider (RatisPipelineProvider.java:lambda$create$0(195)) - Sending CreatePipelineCommand for pipeline:PipelineID=03451ab7-eaab-42b3-a2f1-7e75dea0ad0c to datanode:ddb9d7c4-a5dc-476f-83e2-b66bdd4cd965
2022-07-12 21:07:39,304 [RatisPipelineUtilsThread - 0] INFO  pipeline.PipelineStateManagerImpl (PipelineStateManagerImpl.java:addPipeline(103)) - Created pipeline Pipeline[ Id: 03451ab7-eaab-42b3-a2f1-7e75dea0ad0c, Nodes: 29d43e8b-b8c3-435a-bf60-ec797ee46bf5{ip: 10.1.0.20, host: fv-az452-57.ku3lqr0aiaqu5kfj3xdpchcrvd.dx.internal.cloudapp.net, ports: [REPLICATION=37409, RATIS=33347, RATIS_ADMIN=33347, RATIS_SERVER=33347, STANDALONE=33283], networkLocation: /default-rack, certSerialId: null, persistedOpState: IN_SERVICE, persistedOpStateExpiryEpochSec: 0}a073d587-6aa7-4ca3-9889-8ecc19e2905e{ip: 10.1.0.20, host: fv-az452-57.ku3lqr0aiaqu5kfj3xdpchcrvd.dx.internal.cloudapp.net, ports: [REPLICATION=39359, RATIS=32847, RATIS_ADMIN=32847, RATIS_SERVER=32847, STANDALONE=35931], networkLocation: /default-rack, certSerialId: null, persistedOpState: IN_SERVICE, persistedOpStateExpiryEpochSec: 0}ddb9d7c4-a5dc-476f-83e2-b66bdd4cd965{ip: 10.1.0.20, host: fv-az452-57.ku3lqr0aiaqu5kfj3xdpchcrvd.dx.internal.cloudapp.net, ports: [REPLICATION=46187, RATIS=35703, RATIS_ADMIN=35703, RATIS_SERVER=35703, STANDALONE=37875], networkLocation: /default-rack, certSerialId: null, persistedOpState: IN_SERVICE, persistedOpStateExpiryEpochSec: 0}, ReplicationConfig: RATIS/THREE, State:ALLOCATED, leaderId:, CreationTimestamp2022-07-12T21:07:39.304Z[Etc/UTC]].
2022-07-12 21:07:39,304 [RatisPipelineUtilsThread - 0] INFO  pipeline.RatisPipelineProvider (RatisPipelineProvider.java:lambda$create$0(195)) - Sending CreatePipelineCommand for pipeline:PipelineID=7db0ef83-3d30-443f-9426-b6676de81a3b to datanode:29d43e8b-b8c3-435a-bf60-ec797ee46bf5
2022-07-12 21:07:39,304 [RatisPipelineUtilsThread - 0] INFO  pipeline.RatisPipelineProvider (RatisPipelineProvider.java:lambda$create$0(195)) - Sending CreatePipelineCommand for pipeline:PipelineID=7db0ef83-3d30-443f-9426-b6676de81a3b to datanode:a073d587-6aa7-4ca3-9889-8ecc19e2905e
2022-07-12 21:07:39,304 [RatisPipelineUtilsThread - 0] INFO  pipeline.RatisPipelineProvider (RatisPipelineProvider.java:lambda$create$0(195)) - Sending CreatePipelineCommand for pipeline:PipelineID=7db0ef83-3d30-443f-9426-b6676de81a3b to datanode:ddb9d7c4-a5dc-476f-83e2-b66bdd4cd965
2022-07-12 21:07:39,305 [RatisPipelineUtilsThread - 0] INFO  pipeline.PipelineStateManagerImpl (PipelineStateManagerImpl.java:addPipeline(103)) - Created pipeline Pipeline[ Id: 7db0ef83-3d30-443f-9426-b6676de81a3b, Nodes: 29d43e8b-b8c3-435a-bf60-ec797ee46bf5{ip: 10.1.0.20, host: fv-az452-57.ku3lqr0aiaqu5kfj3xdpchcrvd.dx.internal.cloudapp.net, ports: [REPLICATION=37409, RATIS=33347, RATIS_ADMIN=33347, RATIS_SERVER=33347, STANDALONE=33283], networkLocation: /default-rack, certSerialId: null, persistedOpState: IN_SERVICE, persistedOpStateExpiryEpochSec: 0}a073d587-6aa7-4ca3-9889-8ecc19e2905e{ip: 10.1.0.20, host: fv-az452-57.ku3lqr0aiaqu5kfj3xdpchcrvd.dx.internal.cloudapp.net, ports: [REPLICATION=39359, RATIS=32847, RATIS_ADMIN=32847, RATIS_SERVER=32847, STANDALONE=35931], networkLocation: /default-rack, certSerialId: null, persistedOpState: IN_SERVICE, persistedOpStateExpiryEpochSec: 0}ddb9d7c4-a5dc-476f-83e2-b66bdd4cd965{ip: 10.1.0.20, host: fv-az452-57.ku3lqr0aiaqu5kfj3xdpchcrvd.dx.internal.cloudapp.net, ports: [REPLICATION=46187, RATIS=35703, RATIS_ADMIN=35703, RATIS_SERVER=35703, STANDALONE=37875], networkLocation: /default-rack, certSerialId: null, persistedOpState: IN_SERVICE, persistedOpStateExpiryEpochSec: 0}, ReplicationConfig: RATIS/THREE, State:ALLOCATED, leaderId:, CreationTimestamp2022-07-12T21:07:39.304Z[Etc/UTC]].
2022-07-12 21:07:39,305 [RatisPipelineUtilsThread - 0] INFO  pipeline.PipelineManagerImpl (PipelineManagerImpl.java:recordMetricsForPipeline(782)) - Pipeline: PipelineID=7db0ef83-3d30-443f-9426-b6676de81a3b contains same datanodes as previous pipelines: PipelineID=03451ab7-eaab-42b3-a2f1-7e75dea0ad0c nodeIds: 29d43e8b-b8c3-435a-bf60-ec797ee46bf5, a073d587-6aa7-4ca3-9889-8ecc19e2905e, ddb9d7c4-a5dc-476f-83e2-b66bdd4cd965
2022-07-12 21:07:39,366 [EndpointStateMachine task thread for /0.0.0.0:33845 - 0 ] INFO  volume.HddsVolume (HddsVolume.java:createDbStore(309)) - SchemaV3 db is created and loaded at /home/runner/work/ozone/ozone/hadoop-ozone/integration-test/target/test-dir/MiniOzoneClusterImpl-03d8019b-d99e-41ea-b31f-f002ac91f2ca/datanode-3/data-0/containers/hdds/03d8019b-d99e-41ea-b31f-f002ac91f2ca/DS-fbc46145-0bfc-4175-8322-08661d2605e6/container.db for volume DS-fbc46145-0bfc-4175-8322-08661d2605e6
2022-07-12 21:07:39,366 [EndpointStateMachine task thread for /0.0.0.0:33845 - 0 ] INFO  volume.HddsVolume (HddsVolume.java:closeDbStore(340)) - SchemaV3 db is stopped at /home/runner/work/ozone/ozone/hadoop-ozone/integration-test/target/test-dir/MiniOzoneClusterImpl-03d8019b-d99e-41ea-b31f-f002ac91f2ca/datanode-3/data-0/containers/hdds/03d8019b-d99e-41ea-b31f-f002ac91f2ca/DS-fbc46145-0bfc-4175-8322-08661d2605e6/container.db for volume DS-fbc46145-0bfc-4175-8322-08661d2605e6
2022-07-12 21:07:39,366 [EndpointStateMachine task thread for /0.0.0.0:33845 - 0 ] INFO  ozoneimpl.OzoneContainer (OzoneContainer.java:start(344)) - Attempting to start container services.
2022-07-12 21:07:39,366 [EndpointStateMachine task thread for /0.0.0.0:33845 - 0 ] INFO  ozoneimpl.OzoneContainer (OzoneContainer.java:startContainerScrub(279)) - Background container scanner has been disabled.
2022-07-12 21:07:39,388 [EndpointStateMachine task thread for /0.0.0.0:33845 - 0 ] INFO  replication.ReplicationServer (ReplicationServer.java:start(111)) - ReplicationServer is started using port 42629
2022-07-12 21:07:39,392 [EndpointStateMachine task thread for /0.0.0.0:33845 - 0 ] INFO  ratis.XceiverServerRatis (XceiverServerRatis.java:start(481)) - Starting XceiverServerRatis 227bf7d9-d38a-4d6d-9648-c1fd7cd9c2e7
2022-07-12 21:07:39,393 [EndpointStateMachine task thread for /0.0.0.0:33845 - 0 ] INFO  server.RaftServer (RaftServerProxy.java:lambda$start$6(382)) - 227bf7d9-d38a-4d6d-9648-c1fd7cd9c2e7: start RPC server
2022-07-12 21:07:39,401 [EndpointStateMachine task thread for /0.0.0.0:33845 - 0 ] INFO  server.GrpcService (GrpcService.java:startImpl(260)) - 227bf7d9-d38a-4d6d-9648-c1fd7cd9c2e7: GrpcService started, listening on 33185
2022-07-12 21:07:39,420 [EndpointStateMachine task thread for /0.0.0.0:33845 - 0 ] INFO  ratis.XceiverServerRatis (XceiverServerRatis.java:getRealPort(502)) - XceiverServerRatis 227bf7d9-d38a-4d6d-9648-c1fd7cd9c2e7 is started using port 33185 for RATIS
2022-07-12 21:07:39,420 [EndpointStateMachine task thread for /0.0.0.0:33845 - 0 ] INFO  ratis.XceiverServerRatis (XceiverServerRatis.java:getRealPort(502)) - XceiverServerRatis 227bf7d9-d38a-4d6d-9648-c1fd7cd9c2e7 is started using port 33185 for RATIS_ADMIN
2022-07-12 21:07:39,420 [EndpointStateMachine task thread for /0.0.0.0:33845 - 0 ] INFO  ratis.XceiverServerRatis (XceiverServerRatis.java:getRealPort(502)) - XceiverServerRatis 227bf7d9-d38a-4d6d-9648-c1fd7cd9c2e7 is started using port 33185 for RATIS_SERVER
2022-07-12 21:07:39,420 [org.apache.ratis.util.JvmPauseMonitor$$Lambda$613/1050667922@17fa9163] INFO  util.JvmPauseMonitor (JvmPauseMonitor.java:run(103)) - JvmPauseMonitor-227bf7d9-d38a-4d6d-9648-c1fd7cd9c2e7: Started
2022-07-12 21:07:39,472 [EndpointStateMachine task thread for /0.0.0.0:33845 - 0 ] INFO  server.XceiverServerGrpc (XceiverServerGrpc.java:start(180)) - XceiverServerGrpc 227bf7d9-d38a-4d6d-9648-c1fd7cd9c2e7 is started using port 33287
2022-07-12 21:07:39,751 [Listener at 127.0.0.1/33595] INFO  ozone.MiniOzoneClusterImpl (MiniOzoneClusterImpl.java:lambda$waitForClusterToBeReady$0(223)) - Waiting for nodes to be ready. Got 3 of 5 DN Heartbeats.
2022-07-12 21:07:39,751 [Listener at 127.0.0.1/33595] INFO  ozone.MiniOzoneClusterImpl (MiniOzoneClusterImpl.java:lambda$waitForClusterToBeReady$0(226)) - Waiting for cluster to exit safe mode
2022-07-12 21:07:39,751 [Listener at 127.0.0.1/33595] INFO  ozone.MiniOzoneClusterImpl (MiniOzoneClusterImpl.java:lambda$waitForClusterToBeReady$0(228)) - SCM became leader
2022-07-12 21:07:40,339 [Command processor thread] INFO  server.RaftServer (RaftServerProxy.java:addNew(96)) - a073d587-6aa7-4ca3-9889-8ecc19e2905e: addNew group-0C8CF8DBD517:[a073d587-6aa7-4ca3-9889-8ecc19e2905e|rpc:10.1.0.20:32847|priority:1] returns group-0C8CF8DBD517:java.util.concurrent.CompletableFuture@1cab8cd1[Not completed]
2022-07-12 21:07:40,345 [pool-909-thread-1] INFO  server.RaftServer$Division (RaftServerImpl.java:<init>(190)) - a073d587-6aa7-4ca3-9889-8ecc19e2905e: new RaftServerImpl for group-0C8CF8DBD517:[a073d587-6aa7-4ca3-9889-8ecc19e2905e|rpc:10.1.0.20:32847|priority:1] with ContainerStateMachine:uninitialized
2022-07-12 21:07:40,345 [pool-909-thread-1] INFO  server.RaftServerConfigKeys (ConfUtils.java:logGet(46)) - raft.server.rpc.timeout.min = 5s (custom)
2022-07-12 21:07:40,346 [pool-909-thread-1] INFO  server.RaftServerConfigKeys (ConfUtils.java:logGet(46)) - raft.server.rpc.timeout.max = 5200ms (custom)
2022-07-12 21:07:40,346 [pool-909-thread-1] INFO  server.RaftServerConfigKeys (ConfUtils.java:logGet(46)) - raft.server.rpc.sleep.time = 25ms (default)
2022-07-12 21:07:40,346 [pool-909-thread-1] INFO  server.RaftServerConfigKeys (ConfUtils.java:logGet(46)) - raft.server.rpc.slowness.timeout = 300s (custom)
2022-07-12 21:07:40,346 [pool-909-thread-1] INFO  server.RaftServerConfigKeys (ConfUtils.java:logGet(46)) - raft.server.leaderelection.leader.step-down.wait-time = 10s (default)
2022-07-12 21:07:40,346 [pool-909-thread-1] INFO  server.RaftServerConfigKeys (ConfUtils.java:logGet(46)) - raft.server.sleep.deviation.threshold = 300ms (default)
2022-07-12 21:07:40,367 [pool-909-thread-1] INFO  server.RaftServer$Division (ServerState.java:<init>(107)) - a073d587-6aa7-4ca3-9889-8ecc19e2905e@group-0C8CF8DBD517: ConfigurationManager, init=-1: [a073d587-6aa7-4ca3-9889-8ecc19e2905e|rpc:10.1.0.20:32847|priority:1], old=null, confs=<EMPTY_MAP>
2022-07-12 21:07:40,367 [pool-909-thread-1] INFO  server.RaftServerConfigKeys (ConfUtils.java:logGet(46)) - raft.server.storage.dir = [/home/runner/work/ozone/ozone/hadoop-ozone/integration-test/target/test-dir/MiniOzoneClusterImpl-03d8019b-d99e-41ea-b31f-f002ac91f2ca/datanode-1/data/ratis] (custom)
2022-07-12 21:07:40,367 [pool-909-thread-1] INFO  server.RaftServerConfigKeys (ConfUtils.java:logGet(46)) - raft.server.log.corruption.policy = EXCEPTION (default)
2022-07-12 21:07:40,367 [pool-909-thread-1] INFO  server.RaftServerConfigKeys (ConfUtils.java:logGet(46)) - raft.server.storage.free-space.min = 0MB (=0) (default)
2022-07-12 21:07:40,372 [pool-909-thread-1] INFO  storage.RaftStorageDirectory (RaftStorageDirectoryImpl.java:analyzeStorage(135)) - The storage directory /home/runner/work/ozone/ozone/hadoop-ozone/integration-test/target/test-dir/MiniOzoneClusterImpl-03d8019b-d99e-41ea-b31f-f002ac91f2ca/datanode-1/data/ratis/74bffcff-803e-49d8-b756-0c8cf8dbd517 does not exist. Creating ...
2022-07-12 21:07:40,377 [pool-909-thread-1] INFO  storage.RaftStorageDirectory (RaftStorageDirectoryImpl.java:tryLock(230)) - Lock on /home/runner/work/ozone/ozone/hadoop-ozone/integration-test/target/test-dir/MiniOzoneClusterImpl-03d8019b-d99e-41ea-b31f-f002ac91f2ca/datanode-1/data/ratis/74bffcff-803e-49d8-b756-0c8cf8dbd517/in_use.lock acquired by nodename 31611@fv-az452-57
2022-07-12 21:07:40,392 [pool-909-thread-1] INFO  storage.RaftStorage (RaftStorageImpl.java:format(89)) - Storage directory /home/runner/work/ozone/ozone/hadoop-ozone/integration-test/target/test-dir/MiniOzoneClusterImpl-03d8019b-d99e-41ea-b31f-f002ac91f2ca/datanode-1/data/ratis/74bffcff-803e-49d8-b756-0c8cf8dbd517 has been successfully formatted.
2022-07-12 21:07:40,399 [pool-909-thread-1] INFO  ratis.ContainerStateMachine (ContainerStateMachine.java:loadSnapshot(236)) - group-0C8CF8DBD517: The snapshot info is null. Setting the last applied indexto:(t:0, i:~)
2022-07-12 21:07:40,400 [EventQueue-PipelineReportForPipelineReportHandler] INFO  pipeline.PipelineManagerImpl (PipelineManagerImpl.java:openPipeline(359)) - Pipeline Pipeline[ Id: 74bffcff-803e-49d8-b756-0c8cf8dbd517, Nodes: a073d587-6aa7-4ca3-9889-8ecc19e2905e{ip: 10.1.0.20, host: fv-az452-57.ku3lqr0aiaqu5kfj3xdpchcrvd.dx.internal.cloudapp.net, ports: [REPLICATION=39359, RATIS=32847, RATIS_ADMIN=32847, RATIS_SERVER=32847, STANDALONE=35931], networkLocation: /default-rack, certSerialId: null, persistedOpState: IN_SERVICE, persistedOpStateExpiryEpochSec: 0}, ReplicationConfig: RATIS/ONE, State:ALLOCATED, leaderId:a073d587-6aa7-4ca3-9889-8ecc19e2905e, CreationTimestamp2022-07-12T21:07:37.372Z[Etc/UTC]] moved to OPEN state
2022-07-12 21:07:40,401 [EventQueue-OpenPipelineForHealthyPipelineSafeModeRule] INFO  safemode.SCMSafeModeManager (HealthyPipelineSafeModeRule.java:process(124)) - SCM in safe mode. Healthy pipelines reported count is 0, required healthy pipeline reported count is 1
2022-07-12 21:07:40,402 [pool-909-thread-1] INFO  server.RaftServerConfigKeys (ConfUtils.java:logGet(46)) - raft.server.notification.no-leader.timeout = 300s (custom)
2022-07-12 21:07:40,402 [pool-909-thread-1] INFO  server.RaftServerConfigKeys (ConfUtils.java:logGet(46)) - raft.server.log.use.memory = false (default)
2022-07-12 21:07:40,402 [pool-909-thread-1] INFO  server.RaftServerConfigKeys (ConfUtils.java:logGet(46)) - raft.server.log.purge.gap = 1000000 (custom)
2022-07-12 21:07:40,402 [pool-909-thread-1] INFO  server.RaftServerConfigKeys (ConfUtils.java:logGet(46)) - raft.server.log.appender.buffer.byte-limit = 33554432 (custom)
2022-07-12 21:07:40,402 [pool-909-thread-1] INFO  server.RaftServerConfigKeys (ConfUtils.java:logGet(46)) - raft.server.log.statemachine.data.read.timeout = 1000ms (default)
2022-07-12 21:07:40,402 [pool-909-thread-1] INFO  server.RaftServerConfigKeys (ConfUtils.java:logGet(46)) - raft.server.log.segment.size.max = 1048576 (custom)
2022-07-12 21:07:40,403 [pool-909-thread-1] INFO  server.RaftServerConfigKeys (ConfUtils.java:logGet(46)) - raft.server.log.segment.cache.num.max = 2 (custom)
2022-07-12 21:07:40,403 [pool-909-thread-1] INFO  server.RaftServerConfigKeys (ConfUtils.java:logGet(46)) - raft.server.log.segment.cache.size.max = 200MB (=209715200) (default)
2022-07-12 21:07:40,403 [pool-909-thread-1] INFO  segmented.SegmentedRaftLogWorker (SegmentedRaftLogWorker.java:<init>(187)) - new a073d587-6aa7-4ca3-9889-8ecc19e2905e@group-0C8CF8DBD517-SegmentedRaftLogWorker for RaftStorageImpl:Storage Directory /home/runner/work/ozone/ozone/hadoop-ozone/integration-test/target/test-dir/MiniOzoneClusterImpl-03d8019b-d99e-41ea-b31f-f002ac91f2ca/datanode-1/data/ratis/74bffcff-803e-49d8-b756-0c8cf8dbd517
2022-07-12 21:07:40,403 [pool-909-thread-1] INFO  server.RaftServerConfigKeys (ConfUtils.java:logGet(46)) - raft.server.log.queue.byte-limit = 4294967296 (custom)
2022-07-12 21:07:40,403 [pool-909-thread-1] INFO  server.RaftServerConfigKeys (ConfUtils.java:logGet(46)) - raft.server.log.queue.element-limit = 1024 (custom)
2022-07-12 21:07:40,403 [pool-909-thread-1] INFO  server.RaftServerConfigKeys (ConfUtils.java:logGet(46)) - raft.server.log.segment.size.max = 1048576 (custom)
2022-07-12 21:07:40,403 [pool-909-thread-1] INFO  server.RaftServerConfigKeys (ConfUtils.java:logGet(46)) - raft.server.log.preallocated.size = 16384 (custom)
2022-07-12 21:07:40,403 [pool-909-thread-1] INFO  server.RaftServerConfigKeys (ConfUtils.java:logGet(46)) - raft.server.log.force.sync.num = 128 (default)
2022-07-12 21:07:40,403 [pool-909-thread-1] INFO  server.RaftServerConfigKeys (ConfUtils.java:logGet(46)) - raft.server.log.statemachine.data.sync = true (default)
2022-07-12 21:07:40,403 [pool-909-thread-1] INFO  server.RaftServerConfigKeys (ConfUtils.java:logGet(46)) - raft.server.log.statemachine.data.sync.timeout = 10s (default)
2022-07-12 21:07:40,403 [pool-909-thread-1] INFO  server.RaftServerConfigKeys (ConfUtils.java:logGet(46)) - raft.server.log.statemachine.data.sync.timeout.retry = -1 (default)
2022-07-12 21:07:40,420 [pool-909-thread-1] INFO  server.RaftServerConfigKeys (ConfUtils.java:logGet(46)) - raft.server.log.write.buffer.size = 1048576 (custom)
2022-07-12 21:07:40,420 [pool-909-thread-1] INFO  server.RaftServerConfigKeys (ConfUtils.java:logGet(46)) - raft.server.log.unsafe-flush.enabled = false (default)
2022-07-12 21:07:40,420 [pool-909-thread-1] INFO  server.RaftServerConfigKeys (ConfUtils.java:logGet(46)) - raft.server.log.statemachine.data.caching.enabled = true (custom)
2022-07-12 21:07:40,420 [pool-909-thread-1] INFO  segmented.SegmentedRaftLogWorker (SegmentedRaftLogWorker.java:lambda$new$0(135)) - a073d587-6aa7-4ca3-9889-8ecc19e2905e@group-0C8CF8DBD517-SegmentedRaftLogWorker: flushIndex: setUnconditionally 0 -> -1
2022-07-12 21:07:40,420 [pool-909-thread-1] INFO  segmented.SegmentedRaftLogWorker (SegmentedRaftLogWorker.java:lambda$new$0(135)) - a073d587-6aa7-4ca3-9889-8ecc19e2905e@group-0C8CF8DBD517-SegmentedRaftLogWorker: safeCacheEvictIndex: setUnconditionally 0 -> -1
2022-07-12 21:07:40,420 [pool-909-thread-1] INFO  server.RaftServerConfigKeys (ConfUtils.java:logGet(46)) - raft.server.snapshot.auto.trigger.enabled = true (custom)
2022-07-12 21:07:40,421 [pool-909-thread-1] INFO  server.RaftServerConfigKeys (ConfUtils.java:logGet(46)) - raft.server.snapshot.auto.trigger.threshold = 10000 (custom)
2022-07-12 21:07:40,421 [pool-909-thread-1] INFO  server.RaftServerConfigKeys (ConfUtils.java:logGet(46)) - raft.server.snapshot.retention.file.num = 5 (custom)
2022-07-12 21:07:40,421 [pool-909-thread-1] INFO  server.RaftServerConfigKeys (ConfUtils.java:logGet(46)) - raft.server.log.purge.upto.snapshot.index = false (default)
2022-07-12 21:07:40,421 [pool-909-thread-1] INFO  server.RaftServerConfigKeys (ConfUtils.java:logGet(46)) - raft.server.retrycache.expirytime = 600000ms (custom)
2022-07-12 21:07:40,421 [pool-909-thread-1] INFO  server.RaftServerConfigKeys (ConfUtils.java:logGet(46)) - raft.server.retrycache.statistics.expirytime = 100μs (default)
2022-07-12 21:07:40,422 [pool-909-thread-1] INFO  server.RaftServerConfigKeys (ConfUtils.java:logGet(46)) - raft.server.log.appender.install.snapshot.enabled = false (custom)
2022-07-12 21:07:40,422 [pool-909-thread-1] INFO  server.RaftServerConfigKeys (ConfUtils.java:logGet(46)) - raft.server.threadpool.server.cached = true (default)
2022-07-12 21:07:40,422 [pool-909-thread-1] INFO  server.RaftServerConfigKeys (ConfUtils.java:logGet(46)) - raft.server.threadpool.server.size = 0 (default)
2022-07-12 21:07:40,422 [pool-909-thread-1] INFO  server.RaftServerConfigKeys (ConfUtils.java:logGet(46)) - raft.server.threadpool.client.cached = true (default)
2022-07-12 21:07:40,422 [pool-909-thread-1] INFO  server.RaftServerConfigKeys (ConfUtils.java:logGet(46)) - raft.server.threadpool.client.size = 0 (default)
2022-07-12 21:07:40,422 [pool-909-thread-1] INFO  server.RaftServer$Division (RaftServerImpl.java:start(310)) - a073d587-6aa7-4ca3-9889-8ecc19e2905e@group-0C8CF8DBD517: start as a follower, conf=-1: [a073d587-6aa7-4ca3-9889-8ecc19e2905e|rpc:10.1.0.20:32847|priority:1], old=null
2022-07-12 21:07:40,422 [pool-909-thread-1] INFO  server.RaftServer$Division (RaftServerImpl.java:setRole(299)) - a073d587-6aa7-4ca3-9889-8ecc19e2905e@group-0C8CF8DBD517: changes role from      null to FOLLOWER at term 0 for startAsFollower
2022-07-12 21:07:40,423 [pool-909-thread-1] INFO  impl.RoleInfo (RoleInfo.java:updateAndGet(139)) - a073d587-6aa7-4ca3-9889-8ecc19e2905e: start a073d587-6aa7-4ca3-9889-8ecc19e2905e@group-0C8CF8DBD517-FollowerState
2022-07-12 21:07:40,431 [pool-909-thread-1] INFO  util.JmxRegister (JmxRegister.java:tryRegister(44)) - Successfully registered JMX Bean with object name Ratis:service=RaftServer,group=group-0C8CF8DBD517,id=a073d587-6aa7-4ca3-9889-8ecc19e2905e
2022-07-12 21:07:40,449 [Command processor thread] INFO  ratis.XceiverServerRatis (XceiverServerRatis.java:addGroup(765)) - Created group PipelineID=74bffcff-803e-49d8-b756-0c8cf8dbd517
2022-07-12 21:07:40,449 [Command processor thread] INFO  commandhandler.CreatePipelineCommandHandler (CreatePipelineCommandHandler.java:handle(113)) - Created Pipeline RATIS ONE PipelineID=74bffcff-803e-49d8-b756-0c8cf8dbd517.
2022-07-12 21:07:40,450 [Command processor thread] INFO  server.RaftServer (RaftServerProxy.java:addNew(96)) - a073d587-6aa7-4ca3-9889-8ecc19e2905e: addNew group-7E75DEA0AD0C:[29d43e8b-b8c3-435a-bf60-ec797ee46bf5|rpc:10.1.0.20:33347|priority:0, ddb9d7c4-a5dc-476f-83e2-b66bdd4cd965|rpc:10.1.0.20:35703|priority:0, a073d587-6aa7-4ca3-9889-8ecc19e2905e|rpc:10.1.0.20:32847|priority:1] returns group-7E75DEA0AD0C:java.util.concurrent.CompletableFuture@18940b9c[Not completed]
2022-07-12 21:07:40,454 [pool-909-thread-1] INFO  server.RaftServer$Division (RaftServerImpl.java:<init>(190)) - a073d587-6aa7-4ca3-9889-8ecc19e2905e: new RaftServerImpl for group-7E75DEA0AD0C:[29d43e8b-b8c3-435a-bf60-ec797ee46bf5|rpc:10.1.0.20:33347|priority:0, ddb9d7c4-a5dc-476f-83e2-b66bdd4cd965|rpc:10.1.0.20:35703|priority:0, a073d587-6aa7-4ca3-9889-8ecc19e2905e|rpc:10.1.0.20:32847|priority:1] with ContainerStateMachine:uninitialized
2022-07-12 21:07:40,454 [pool-909-thread-1] INFO  server.RaftServerConfigKeys (ConfUtils.java:logGet(46)) - raft.server.rpc.timeout.min = 5s (custom)
2022-07-12 21:07:40,454 [pool-909-thread-1] INFO  server.RaftServerConfigKeys (ConfUtils.java:logGet(46)) - raft.server.rpc.timeout.max = 5200ms (custom)
2022-07-12 21:07:40,454 [pool-909-thread-1] INFO  server.RaftServerConfigKeys (ConfUtils.java:logGet(46)) - raft.server.rpc.sleep.time = 25ms (default)
2022-07-12 21:07:40,454 [pool-909-thread-1] INFO  server.RaftServerConfigKeys (ConfUtils.java:logGet(46)) - raft.server.rpc.slowness.timeout = 300s (custom)
2022-07-12 21:07:40,454 [pool-909-thread-1] INFO  server.RaftServerConfigKeys (ConfUtils.java:logGet(46)) - raft.server.leaderelection.leader.step-down.wait-time = 10s (default)
2022-07-12 21:07:40,454 [pool-909-thread-1] INFO  server.RaftServerConfigKeys (ConfUtils.java:logGet(46)) - raft.server.sleep.deviation.threshold = 300ms (default)
2022-07-12 21:07:40,454 [pool-909-thread-1] INFO  server.RaftServer$Division (ServerState.java:<init>(107)) - a073d587-6aa7-4ca3-9889-8ecc19e2905e@group-7E75DEA0AD0C: ConfigurationManager, init=-1: [29d43e8b-b8c3-435a-bf60-ec797ee46bf5|rpc:10.1.0.20:33347|priority:0, ddb9d7c4-a5dc-476f-83e2-b66bdd4cd965|rpc:10.1.0.20:35703|priority:0, a073d587-6aa7-4ca3-9889-8ecc19e2905e|rpc:10.1.0.20:32847|priority:1], old=null, confs=<EMPTY_MAP>
2022-07-12 21:07:40,454 [pool-909-thread-1] INFO  server.RaftServerConfigKeys (ConfUtils.java:logGet(46)) - raft.server.storage.dir = [/home/runner/work/ozone/ozone/hadoop-ozone/integration-test/target/test-dir/MiniOzoneClusterImpl-03d8019b-d99e-41ea-b31f-f002ac91f2ca/datanode-1/data/ratis] (custom)
2022-07-12 21:07:40,454 [pool-909-thread-1] INFO  server.RaftServerConfigKeys (ConfUtils.java:logGet(46)) - raft.server.log.corruption.policy = EXCEPTION (default)
2022-07-12 21:07:40,454 [pool-909-thread-1] INFO  server.RaftServerConfigKeys (ConfUtils.java:logGet(46)) - raft.server.storage.free-space.min = 0MB (=0) (default)
2022-07-12 21:07:40,454 [pool-909-thread-1] INFO  storage.RaftStorageDirectory (RaftStorageDirectoryImpl.java:analyzeStorage(135)) - The storage directory /home/runner/work/ozone/ozone/hadoop-ozone/integration-test/target/test-dir/MiniOzoneClusterImpl-03d8019b-d99e-41ea-b31f-f002ac91f2ca/datanode-1/data/ratis/03451ab7-eaab-42b3-a2f1-7e75dea0ad0c does not exist. Creating ...
2022-07-12 21:07:40,463 [pool-909-thread-1] INFO  storage.RaftStorageDirectory (RaftStorageDirectoryImpl.java:tryLock(230)) - Lock on /home/runner/work/ozone/ozone/hadoop-ozone/integration-test/target/test-dir/MiniOzoneClusterImpl-03d8019b-d99e-41ea-b31f-f002ac91f2ca/datanode-1/data/ratis/03451ab7-eaab-42b3-a2f1-7e75dea0ad0c/in_use.lock acquired by nodename 31611@fv-az452-57
2022-07-12 21:07:40,477 [pool-909-thread-1] INFO  storage.RaftStorage (RaftStorageImpl.java:format(89)) - Storage directory /home/runner/work/ozone/ozone/hadoop-ozone/integration-test/target/test-dir/MiniOzoneClusterImpl-03d8019b-d99e-41ea-b31f-f002ac91f2ca/datanode-1/data/ratis/03451ab7-eaab-42b3-a2f1-7e75dea0ad0c has been successfully formatted.
2022-07-12 21:07:40,477 [pool-909-thread-1] INFO  ratis.ContainerStateMachine (ContainerStateMachine.java:loadSnapshot(236)) - group-7E75DEA0AD0C: The snapshot info is null. Setting the last applied indexto:(t:0, i:~)
2022-07-12 21:07:40,478 [EventQueue-OpenPipelineForHealthyPipelineSafeModeRule] INFO  safemode.SCMSafeModeManager (HealthyPipelineSafeModeRule.java:process(124)) - SCM in safe mode. Healthy pipelines reported count is 0, required healthy pipeline reported count is 1
2022-07-12 21:07:40,481 [pool-909-thread-1] INFO  server.RaftServerConfigKeys (ConfUtils.java:logGet(46)) - raft.server.notification.no-leader.timeout = 300s (custom)
2022-07-12 21:07:40,481 [pool-909-thread-1] INFO  server.RaftServerConfigKeys (ConfUtils.java:logGet(46)) - raft.server.log.use.memory = false (default)
2022-07-12 21:07:40,481 [pool-909-thread-1] INFO  server.RaftServerConfigKeys (ConfUtils.java:logGet(46)) - raft.server.log.purge.gap = 1000000 (custom)
2022-07-12 21:07:40,481 [pool-909-thread-1] INFO  server.RaftServerConfigKeys (ConfUtils.java:logGet(46)) - raft.server.log.appender.buffer.byte-limit = 33554432 (custom)
2022-07-12 21:07:40,481 [pool-909-thread-1] INFO  server.RaftServerConfigKeys (ConfUtils.java:logGet(46)) - raft.server.log.statemachine.data.read.timeout = 1000ms (default)
2022-07-12 21:07:40,481 [pool-909-thread-1] INFO  server.RaftServerConfigKeys (ConfUtils.java:logGet(46)) - raft.server.log.segment.size.max = 1048576 (custom)
2022-07-12 21:07:40,482 [pool-909-thread-1] INFO  server.RaftServerConfigKeys (ConfUtils.java:logGet(46)) - raft.server.log.segment.cache.num.max = 2 (custom)
2022-07-12 21:07:40,491 [pool-909-thread-1] INFO  server.RaftServerConfigKeys (ConfUtils.java:logGet(46)) - raft.server.log.segment.cache.size.max = 200MB (=209715200) (default)
2022-07-12 21:07:40,491 [pool-909-thread-1] INFO  segmented.SegmentedRaftLogWorker (SegmentedRaftLogWorker.java:<init>(187)) - new a073d587-6aa7-4ca3-9889-8ecc19e2905e@group-7E75DEA0AD0C-SegmentedRaftLogWorker for RaftStorageImpl:Storage Directory /home/runner/work/ozone/ozone/hadoop-ozone/integration-test/target/test-dir/MiniOzoneClusterImpl-03d8019b-d99e-41ea-b31f-f002ac91f2ca/datanode-1/data/ratis/03451ab7-eaab-42b3-a2f1-7e75dea0ad0c
2022-07-12 21:07:40,491 [pool-909-thread-1] INFO  server.RaftServerConfigKeys (ConfUtils.java:logGet(46)) - raft.server.log.queue.byte-limit = 4294967296 (custom)
2022-07-12 21:07:40,491 [pool-909-thread-1] INFO  server.RaftServerConfigKeys (ConfUtils.java:logGet(46)) - raft.server.log.queue.element-limit = 1024 (custom)
2022-07-12 21:07:40,491 [pool-909-thread-1] INFO  server.RaftServerConfigKeys (ConfUtils.java:logGet(46)) - raft.server.log.segment.size.max = 1048576 (custom)
2022-07-12 21:07:40,491 [pool-909-thread-1] INFO  server.RaftServerConfigKeys (ConfUtils.java:logGet(46)) - raft.server.log.preallocated.size = 16384 (custom)
2022-07-12 21:07:40,491 [pool-909-thread-1] INFO  server.RaftServerConfigKeys (ConfUtils.java:logGet(46)) - raft.server.log.force.sync.num = 128 (default)
2022-07-12 21:07:40,491 [pool-909-thread-1] INFO  server.RaftServerConfigKeys (ConfUtils.java:logGet(46)) - raft.server.log.statemachine.data.sync = true (default)
2022-07-12 21:07:40,491 [pool-909-thread-1] INFO  server.RaftServerConfigKeys (ConfUtils.java:logGet(46)) - raft.server.log.statemachine.data.sync.timeout = 10s (default)
2022-07-12 21:07:40,491 [pool-909-thread-1] INFO  server.RaftServerConfigKeys (ConfUtils.java:logGet(46)) - raft.server.log.statemachine.data.sync.timeout.retry = -1 (default)
2022-07-12 21:07:40,516 [pool-909-thread-1] INFO  server.RaftServerConfigKeys (ConfUtils.java:logGet(46)) - raft.server.log.write.buffer.size = 1048576 (custom)
2022-07-12 21:07:40,516 [pool-909-thread-1] INFO  server.RaftServerConfigKeys (ConfUtils.java:logGet(46)) - raft.server.log.unsafe-flush.enabled = false (default)
2022-07-12 21:07:40,516 [pool-909-thread-1] INFO  server.RaftServerConfigKeys (ConfUtils.java:logGet(46)) - raft.server.log.statemachine.data.caching.enabled = true (custom)
2022-07-12 21:07:40,516 [pool-909-thread-1] INFO  segmented.SegmentedRaftLogWorker (SegmentedRaftLogWorker.java:lambda$new$0(135)) - a073d587-6aa7-4ca3-9889-8ecc19e2905e@group-7E75DEA0AD0C-SegmentedRaftLogWorker: flushIndex: setUnconditionally 0 -> -1
2022-07-12 21:07:40,516 [pool-909-thread-1] INFO  segmented.SegmentedRaftLogWorker (SegmentedRaftLogWorker.java:lambda$new$0(135)) - a073d587-6aa7-4ca3-9889-8ecc19e2905e@group-7E75DEA0AD0C-SegmentedRaftLogWorker: safeCacheEvictIndex: setUnconditionally 0 -> -1
2022-07-12 21:07:40,531 [pool-909-thread-1] INFO  server.RaftServerConfigKeys (ConfUtils.java:logGet(46)) - raft.server.snapshot.auto.trigger.enabled = true (custom)
2022-07-12 21:07:40,532 [pool-909-thread-1] INFO  server.RaftServerConfigKeys (ConfUtils.java:logGet(46)) - raft.server.snapshot.auto.trigger.threshold = 10000 (custom)
2022-07-12 21:07:40,532 [pool-909-thread-1] INFO  server.RaftServerConfigKeys (ConfUtils.java:logGet(46)) - raft.server.snapshot.retention.file.num = 5 (custom)
2022-07-12 21:07:40,532 [pool-909-thread-1] INFO  server.RaftServerConfigKeys (ConfUtils.java:logGet(46)) - raft.server.log.purge.upto.snapshot.index = false (default)
2022-07-12 21:07:40,532 [pool-909-thread-1] INFO  server.RaftServerConfigKeys (ConfUtils.java:logGet(46)) - raft.server.retrycache.expirytime = 600000ms (custom)
2022-07-12 21:07:40,532 [pool-909-thread-1] INFO  server.RaftServerConfigKeys (ConfUtils.java:logGet(46)) - raft.server.retrycache.statistics.expirytime = 100μs (default)
2022-07-12 21:07:40,533 [pool-909-thread-1] INFO  server.RaftServerConfigKeys (ConfUtils.java:logGet(46)) - raft.server.log.appender.install.snapshot.enabled = false (custom)
2022-07-12 21:07:40,533 [pool-909-thread-1] INFO  server.RaftServerConfigKeys (ConfUtils.java:logGet(46)) - raft.server.threadpool.server.cached = true (default)
2022-07-12 21:07:40,533 [pool-909-thread-1] INFO  server.RaftServerConfigKeys (ConfUtils.java:logGet(46)) - raft.server.threadpool.server.size = 0 (default)
2022-07-12 21:07:40,533 [pool-909-thread-1] INFO  server.RaftServerConfigKeys (ConfUtils.java:logGet(46)) - raft.server.threadpool.client.cached = true (default)
2022-07-12 21:07:40,533 [pool-909-thread-1] INFO  server.RaftServerConfigKeys (ConfUtils.java:logGet(46)) - raft.server.threadpool.client.size = 0 (default)
2022-07-12 21:07:40,533 [pool-909-thread-1] INFO  server.RaftServer$Division (RaftServerImpl.java:start(310)) - a073d587-6aa7-4ca3-9889-8ecc19e2905e@group-7E75DEA0AD0C: start as a follower, conf=-1: [29d43e8b-b8c3-435a-bf60-ec797ee46bf5|rpc:10.1.0.20:33347|priority:0, ddb9d7c4-a5dc-476f-83e2-b66bdd4cd965|rpc:10.1.0.20:35703|priority:0, a073d587-6aa7-4ca3-9889-8ecc19e2905e|rpc:10.1.0.20:32847|priority:1], old=null
2022-07-12 21:07:40,533 [pool-909-thread-1] INFO  server.RaftServer$Division (RaftServerImpl.java:setRole(299)) - a073d587-6aa7-4ca3-9889-8ecc19e2905e@group-7E75DEA0AD0C: changes role from      null to FOLLOWER at term 0 for startAsFollower
2022-07-12 21:07:40,534 [pool-909-thread-1] INFO  impl.RoleInfo (RoleInfo.java:updateAndGet(139)) - a073d587-6aa7-4ca3-9889-8ecc19e2905e: start a073d587-6aa7-4ca3-9889-8ecc19e2905e@group-7E75DEA0AD0C-FollowerState
2022-07-12 21:07:40,543 [pool-909-thread-1] INFO  util.JmxRegister (JmxRegister.java:tryRegister(44)) - Successfully registered JMX Bean with object name Ratis:service=RaftServer,group=group-7E75DEA0AD0C,id=a073d587-6aa7-4ca3-9889-8ecc19e2905e
2022-07-12 21:07:40,571 [Command processor thread] INFO  ratis.XceiverServerRatis (XceiverServerRatis.java:addGroup(765)) - Created group PipelineID=03451ab7-eaab-42b3-a2f1-7e75dea0ad0c
2022-07-12 21:07:40,715 [grpc-default-executor-0] INFO  server.RaftServer (RaftServerProxy.java:addNew(96)) - 29d43e8b-b8c3-435a-bf60-ec797ee46bf5: addNew group-7E75DEA0AD0C:[29d43e8b-b8c3-435a-bf60-ec797ee46bf5|rpc:10.1.0.20:33347|dataStream:|priority:0, ddb9d7c4-a5dc-476f-83e2-b66bdd4cd965|rpc:10.1.0.20:35703|dataStream:|priority:0, a073d587-6aa7-4ca3-9889-8ecc19e2905e|rpc:10.1.0.20:32847|dataStream:|priority:1] returns group-7E75DEA0AD0C:java.util.concurrent.CompletableFuture@5dfe0518[Not completed]
2022-07-12 21:07:40,752 [Listener at 127.0.0.1/33595] INFO  ozone.MiniOzoneClusterImpl (MiniOzoneClusterImpl.java:lambda$waitForClusterToBeReady$0(223)) - Waiting for nodes to be ready. Got 3 of 5 DN Heartbeats.
2022-07-12 21:07:40,752 [Listener at 127.0.0.1/33595] INFO  ozone.MiniOzoneClusterImpl (MiniOzoneClusterImpl.java:lambda$waitForClusterToBeReady$0(226)) - Waiting for cluster to exit safe mode
2022-07-12 21:07:40,752 [Listener at 127.0.0.1/33595] INFO  ozone.MiniOzoneClusterImpl (MiniOzoneClusterImpl.java:lambda$waitForClusterToBeReady$0(228)) - SCM became leader
2022-07-12 21:07:40,752 [pool-932-thread-1] INFO  server.RaftServer$Division (RaftServerImpl.java:<init>(190)) - 29d43e8b-b8c3-435a-bf60-ec797ee46bf5: new RaftServerImpl for group-7E75DEA0AD0C:[29d43e8b-b8c3-435a-bf60-ec797ee46bf5|rpc:10.1.0.20:33347|dataStream:|priority:0, ddb9d7c4-a5dc-476f-83e2-b66bdd4cd965|rpc:10.1.0.20:35703|dataStream:|priority:0, a073d587-6aa7-4ca3-9889-8ecc19e2905e|rpc:10.1.0.20:32847|dataStream:|priority:1] with ContainerStateMachine:uninitialized
2022-07-12 21:07:40,753 [pool-932-thread-1] INFO  server.RaftServerConfigKeys (ConfUtils.java:logGet(46)) - raft.server.rpc.timeout.min = 5s (custom)
2022-07-12 21:07:40,753 [pool-932-thread-1] INFO  server.RaftServerConfigKeys (ConfUtils.java:logGet(46)) - raft.server.rpc.timeout.max = 5200ms (custom)
2022-07-12 21:07:40,753 [pool-932-thread-1] INFO  server.RaftServerConfigKeys (ConfUtils.java:logGet(46)) - raft.server.rpc.sleep.time = 25ms (default)
2022-07-12 21:07:40,753 [pool-932-thread-1] INFO  server.RaftServerConfigKeys (ConfUtils.java:logGet(46)) - raft.server.rpc.slowness.timeout = 300s (custom)
2022-07-12 21:07:40,753 [pool-932-thread-1] INFO  server.RaftServerConfigKeys (ConfUtils.java:logGet(46)) - raft.server.leaderelection.leader.step-down.wait-time = 10s (default)
2022-07-12 21:07:40,753 [pool-932-thread-1] INFO  server.RaftServerConfigKeys (ConfUtils.java:logGet(46)) - raft.server.sleep.deviation.threshold = 300ms (default)
2022-07-12 21:07:40,753 [pool-932-thread-1] INFO  server.RaftServer$Division (ServerState.java:<init>(107)) - 29d43e8b-b8c3-435a-bf60-ec797ee46bf5@group-7E75DEA0AD0C: ConfigurationManager, init=-1: [29d43e8b-b8c3-435a-bf60-ec797ee46bf5|rpc:10.1.0.20:33347|dataStream:|priority:0, ddb9d7c4-a5dc-476f-83e2-b66bdd4cd965|rpc:10.1.0.20:35703|dataStream:|priority:0, a073d587-6aa7-4ca3-9889-8ecc19e2905e|rpc:10.1.0.20:32847|dataStream:|priority:1], old=null, confs=<EMPTY_MAP>
2022-07-12 21:07:40,753 [pool-932-thread-1] INFO  server.RaftServerConfigKeys (ConfUtils.java:logGet(46)) - raft.server.storage.dir = [/home/runner/work/ozone/ozone/hadoop-ozone/integration-test/target/test-dir/MiniOzoneClusterImpl-03d8019b-d99e-41ea-b31f-f002ac91f2ca/datanode-2/data/ratis] (custom)
2022-07-12 21:07:40,753 [pool-932-thread-1] INFO  server.RaftServerConfigKeys (ConfUtils.java:logGet(46)) - raft.server.log.corruption.policy = EXCEPTION (default)
2022-07-12 21:07:40,753 [pool-932-thread-1] INFO  server.RaftServerConfigKeys (ConfUtils.java:logGet(46)) - raft.server.storage.free-space.min = 0MB (=0) (default)
2022-07-12 21:07:40,753 [pool-932-thread-1] INFO  storage.RaftStorageDirectory (RaftStorageDirectoryImpl.java:analyzeStorage(135)) - The storage directory /home/runner/work/ozone/ozone/hadoop-ozone/integration-test/target/test-dir/MiniOzoneClusterImpl-03d8019b-d99e-41ea-b31f-f002ac91f2ca/datanode-2/data/ratis/03451ab7-eaab-42b3-a2f1-7e75dea0ad0c does not exist. Creating ...
2022-07-12 21:07:40,764 [pool-932-thread-1] INFO  storage.RaftStorageDirectory (RaftStorageDirectoryImpl.java:tryLock(230)) - Lock on /home/runner/work/ozone/ozone/hadoop-ozone/integration-test/target/test-dir/MiniOzoneClusterImpl-03d8019b-d99e-41ea-b31f-f002ac91f2ca/datanode-2/data/ratis/03451ab7-eaab-42b3-a2f1-7e75dea0ad0c/in_use.lock acquired by nodename 31611@fv-az452-57
2022-07-12 21:07:40,765 [pool-932-thread-1] INFO  storage.RaftStorage (RaftStorageImpl.java:format(89)) - Storage directory /home/runner/work/ozone/ozone/hadoop-ozone/integration-test/target/test-dir/MiniOzoneClusterImpl-03d8019b-d99e-41ea-b31f-f002ac91f2ca/datanode-2/data/ratis/03451ab7-eaab-42b3-a2f1-7e75dea0ad0c has been successfully formatted.
2022-07-12 21:07:40,766 [pool-932-thread-1] INFO  ratis.ContainerStateMachine (ContainerStateMachine.java:loadSnapshot(236)) - group-7E75DEA0AD0C: The snapshot info is null. Setting the last applied indexto:(t:0, i:~)
2022-07-12 21:07:40,766 [pool-932-thread-1] INFO  server.RaftServerConfigKeys (ConfUtils.java:logGet(46)) - raft.server.notification.no-leader.timeout = 300s (custom)
2022-07-12 21:07:40,766 [pool-932-thread-1] INFO  server.RaftServerConfigKeys (ConfUtils.java:logGet(46)) - raft.server.log.use.memory = false (default)
2022-07-12 21:07:40,766 [pool-932-thread-1] INFO  server.RaftServerConfigKeys (ConfUtils.java:logGet(46)) - raft.server.log.purge.gap = 1000000 (custom)
2022-07-12 21:07:40,766 [pool-932-thread-1] INFO  server.RaftServerConfigKeys (ConfUtils.java:logGet(46)) - raft.server.log.appender.buffer.byte-limit = 33554432 (custom)
2022-07-12 21:07:40,766 [pool-932-thread-1] INFO  server.RaftServerConfigKeys (ConfUtils.java:logGet(46)) - raft.server.log.statemachine.data.read.timeout = 1000ms (default)
2022-07-12 21:07:40,804 [pool-932-thread-1] INFO  server.RaftServerConfigKeys (ConfUtils.java:logGet(46)) - raft.server.log.segment.size.max = 1048576 (custom)
2022-07-12 21:07:40,804 [pool-932-thread-1] INFO  server.RaftServerConfigKeys (ConfUtils.java:logGet(46)) - raft.server.log.segment.cache.num.max = 2 (custom)
2022-07-12 21:07:40,804 [pool-932-thread-1] INFO  server.RaftServerConfigKeys (ConfUtils.java:logGet(46)) - raft.server.log.segment.cache.size.max = 200MB (=209715200) (default)
2022-07-12 21:07:40,804 [pool-932-thread-1] INFO  segmented.SegmentedRaftLogWorker (SegmentedRaftLogWorker.java:<init>(187)) - new 29d43e8b-b8c3-435a-bf60-ec797ee46bf5@group-7E75DEA0AD0C-SegmentedRaftLogWorker for RaftStorageImpl:Storage Directory /home/runner/work/ozone/ozone/hadoop-ozone/integration-test/target/test-dir/MiniOzoneClusterImpl-03d8019b-d99e-41ea-b31f-f002ac91f2ca/datanode-2/data/ratis/03451ab7-eaab-42b3-a2f1-7e75dea0ad0c
2022-07-12 21:07:40,804 [pool-932-thread-1] INFO  server.RaftServerConfigKeys (ConfUtils.java:logGet(46)) - raft.server.log.queue.byte-limit = 4294967296 (custom)
2022-07-12 21:07:40,804 [pool-932-thread-1] INFO  server.RaftServerConfigKeys (ConfUtils.java:logGet(46)) - raft.server.log.queue.element-limit = 1024 (custom)
2022-07-12 21:07:40,804 [pool-932-thread-1] INFO  server.RaftServerConfigKeys (ConfUtils.java:logGet(46)) - raft.server.log.segment.size.max = 1048576 (custom)
2022-07-12 21:07:40,804 [pool-932-thread-1] INFO  server.RaftServerConfigKeys (ConfUtils.java:logGet(46)) - raft.server.log.preallocated.size = 16384 (custom)
2022-07-12 21:07:40,804 [pool-932-thread-1] INFO  server.RaftServerConfigKeys (ConfUtils.java:logGet(46)) - raft.server.log.force.sync.num = 128 (default)
2022-07-12 21:07:40,804 [pool-932-thread-1] INFO  server.RaftServerConfigKeys (ConfUtils.java:logGet(46)) - raft.server.log.statemachine.data.sync = true (default)
2022-07-12 21:07:40,805 [pool-932-thread-1] INFO  server.RaftServerConfigKeys (ConfUtils.java:logGet(46)) - raft.server.log.statemachine.data.sync.timeout = 10s (default)
2022-07-12 21:07:40,805 [pool-932-thread-1] INFO  server.RaftServerConfigKeys (ConfUtils.java:logGet(46)) - raft.server.log.statemachine.data.sync.timeout.retry = -1 (default)
2022-07-12 21:07:40,806 [pool-932-thread-1] INFO  server.RaftServerConfigKeys (ConfUtils.java:logGet(46)) - raft.server.log.write.buffer.size = 1048576 (custom)
2022-07-12 21:07:40,806 [pool-932-thread-1] INFO  server.RaftServerConfigKeys (ConfUtils.java:logGet(46)) - raft.server.log.unsafe-flush.enabled = false (default)
2022-07-12 21:07:40,806 [pool-932-thread-1] INFO  server.RaftServerConfigKeys (ConfUtils.java:logGet(46)) - raft.server.log.statemachine.data.caching.enabled = true (custom)
2022-07-12 21:07:40,807 [pool-932-thread-1] INFO  segmented.SegmentedRaftLogWorker (SegmentedRaftLogWorker.java:lambda$new$0(135)) - 29d43e8b-b8c3-435a-bf60-ec797ee46bf5@group-7E75DEA0AD0C-SegmentedRaftLogWorker: flushIndex: setUnconditionally 0 -> -1
2022-07-12 21:07:40,807 [pool-932-thread-1] INFO  segmented.SegmentedRaftLogWorker (SegmentedRaftLogWorker.java:lambda$new$0(135)) - 29d43e8b-b8c3-435a-bf60-ec797ee46bf5@group-7E75DEA0AD0C-SegmentedRaftLogWorker: safeCacheEvictIndex: setUnconditionally 0 -> -1
2022-07-12 21:07:40,811 [pool-932-thread-1] INFO  server.RaftServerConfigKeys (ConfUtils.java:logGet(46)) - raft.server.snapshot.auto.trigger.enabled = true (custom)
2022-07-12 21:07:40,812 [pool-932-thread-1] INFO  server.RaftServerConfigKeys (ConfUtils.java:logGet(46)) - raft.server.snapshot.auto.trigger.threshold = 10000 (custom)
2022-07-12 21:07:40,812 [pool-932-thread-1] INFO  server.RaftServerConfigKeys (ConfUtils.java:logGet(46)) - raft.server.snapshot.retention.file.num = 5 (custom)
2022-07-12 21:07:40,812 [pool-932-thread-1] INFO  server.RaftServerConfigKeys (ConfUtils.java:logGet(46)) - raft.server.log.purge.upto.snapshot.index = false (default)
2022-07-12 21:07:40,812 [pool-932-thread-1] INFO  server.RaftServerConfigKeys (ConfUtils.java:logGet(46)) - raft.server.retrycache.expirytime = 600000ms (custom)
2022-07-12 21:07:40,812 [pool-932-thread-1] INFO  server.RaftServerConfigKeys (ConfUtils.java:logGet(46)) - raft.server.retrycache.statistics.expirytime = 100μs (default)
2022-07-12 21:07:40,813 [pool-932-thread-1] INFO  server.RaftServerConfigKeys (ConfUtils.java:logGet(46)) - raft.server.log.appender.install.snapshot.enabled = false (custom)
2022-07-12 21:07:40,813 [pool-932-thread-1] INFO  server.RaftServerConfigKeys (ConfUtils.java:logGet(46)) - raft.server.threadpool.server.cached = true (default)
2022-07-12 21:07:40,813 [pool-932-thread-1] INFO  server.RaftServerConfigKeys (ConfUtils.java:logGet(46)) - raft.server.threadpool.server.size = 0 (default)
2022-07-12 21:07:40,813 [pool-932-thread-1] INFO  server.RaftServerConfigKeys (ConfUtils.java:logGet(46)) - raft.server.threadpool.client.cached = true (default)
2022-07-12 21:07:40,813 [pool-932-thread-1] INFO  server.RaftServerConfigKeys (ConfUtils.java:logGet(46)) - raft.server.threadpool.client.size = 0 (default)
2022-07-12 21:07:40,813 [pool-932-thread-1] INFO  server.RaftServer$Division (RaftServerImpl.java:start(310)) - 29d43e8b-b8c3-435a-bf60-ec797ee46bf5@group-7E75DEA0AD0C: start as a follower, conf=-1: [29d43e8b-b8c3-435a-bf60-ec797ee46bf5|rpc:10.1.0.20:33347|dataStream:|priority:0, ddb9d7c4-a5dc-476f-83e2-b66bdd4cd965|rpc:10.1.0.20:35703|dataStream:|priority:0, a073d587-6aa7-4ca3-9889-8ecc19e2905e|rpc:10.1.0.20:32847|dataStream:|priority:1], old=null
2022-07-12 21:07:40,813 [pool-932-thread-1] INFO  server.RaftServer$Division (RaftServerImpl.java:setRole(299)) - 29d43e8b-b8c3-435a-bf60-ec797ee46bf5@group-7E75DEA0AD0C: changes role from      null to FOLLOWER at term 0 for startAsFollower
2022-07-12 21:07:40,814 [pool-932-thread-1] INFO  impl.RoleInfo (RoleInfo.java:updateAndGet(139)) - 29d43e8b-b8c3-435a-bf60-ec797ee46bf5: start 29d43e8b-b8c3-435a-bf60-ec797ee46bf5@group-7E75DEA0AD0C-FollowerState
2022-07-12 21:07:40,856 [pool-932-thread-1] INFO  util.JmxRegister (JmxRegister.java:tryRegister(44)) - Successfully registered JMX Bean with object name Ratis:service=RaftServer,group=group-7E75DEA0AD0C,id=29d43e8b-b8c3-435a-bf60-ec797ee46bf5
2022-07-12 21:07:40,983 [grpc-default-executor-0] INFO  server.RaftServer (RaftServerProxy.java:addNew(96)) - ddb9d7c4-a5dc-476f-83e2-b66bdd4cd965: addNew group-7E75DEA0AD0C:[29d43e8b-b8c3-435a-bf60-ec797ee46bf5|rpc:10.1.0.20:33347|dataStream:|priority:0, ddb9d7c4-a5dc-476f-83e2-b66bdd4cd965|rpc:10.1.0.20:35703|dataStream:|priority:0, a073d587-6aa7-4ca3-9889-8ecc19e2905e|rpc:10.1.0.20:32847|dataStream:|priority:1] returns group-7E75DEA0AD0C:java.util.concurrent.CompletableFuture@121e7b01[Not completed]
2022-07-12 21:07:40,984 [pool-886-thread-1] INFO  server.RaftServer$Division (RaftServerImpl.java:<init>(190)) - ddb9d7c4-a5dc-476f-83e2-b66bdd4cd965: new RaftServerImpl for group-7E75DEA0AD0C:[29d43e8b-b8c3-435a-bf60-ec797ee46bf5|rpc:10.1.0.20:33347|dataStream:|priority:0, ddb9d7c4-a5dc-476f-83e2-b66bdd4cd965|rpc:10.1.0.20:35703|dataStream:|priority:0, a073d587-6aa7-4ca3-9889-8ecc19e2905e|rpc:10.1.0.20:32847|dataStream:|priority:1] with ContainerStateMachine:uninitialized
2022-07-12 21:07:40,984 [pool-886-thread-1] INFO  server.RaftServerConfigKeys (ConfUtils.java:logGet(46)) - raft.server.rpc.timeout.min = 5s (custom)
2022-07-12 21:07:40,984 [pool-886-thread-1] INFO  server.RaftServerConfigKeys (ConfUtils.java:logGet(46)) - raft.server.rpc.timeout.max = 5200ms (custom)
2022-07-12 21:07:40,984 [pool-886-thread-1] INFO  server.RaftServerConfigKeys (ConfUtils.java:logGet(46)) - raft.server.rpc.sleep.time = 25ms (default)
2022-07-12 21:07:40,984 [pool-886-thread-1] INFO  server.RaftServerConfigKeys (ConfUtils.java:logGet(46)) - raft.server.rpc.slowness.timeout = 300s (custom)
2022-07-12 21:07:40,984 [pool-886-thread-1] INFO  server.RaftServerConfigKeys (ConfUtils.java:logGet(46)) - raft.server.leaderelection.leader.step-down.wait-time = 10s (default)
2022-07-12 21:07:40,985 [pool-886-thread-1] INFO  server.RaftServerConfigKeys (ConfUtils.java:logGet(46)) - raft.server.sleep.deviation.threshold = 300ms (default)
2022-07-12 21:07:40,985 [pool-886-thread-1] INFO  server.RaftServer$Division (ServerState.java:<init>(107)) - ddb9d7c4-a5dc-476f-83e2-b66bdd4cd965@group-7E75DEA0AD0C: ConfigurationManager, init=-1: [29d43e8b-b8c3-435a-bf60-ec797ee46bf5|rpc:10.1.0.20:33347|dataStream:|priority:0, ddb9d7c4-a5dc-476f-83e2-b66bdd4cd965|rpc:10.1.0.20:35703|dataStream:|priority:0, a073d587-6aa7-4ca3-9889-8ecc19e2905e|rpc:10.1.0.20:32847|dataStream:|priority:1], old=null, confs=<EMPTY_MAP>
2022-07-12 21:07:40,985 [pool-886-thread-1] INFO  server.RaftServerConfigKeys (ConfUtils.java:logGet(46)) - raft.server.storage.dir = [/home/runner/work/ozone/ozone/hadoop-ozone/integration-test/target/test-dir/MiniOzoneClusterImpl-03d8019b-d99e-41ea-b31f-f002ac91f2ca/datanode-0/data/ratis] (custom)
2022-07-12 21:07:40,985 [pool-886-thread-1] INFO  server.RaftServerConfigKeys (ConfUtils.java:logGet(46)) - raft.server.log.corruption.policy = EXCEPTION (default)
2022-07-12 21:07:40,985 [pool-886-thread-1] INFO  server.RaftServerConfigKeys (ConfUtils.java:logGet(46)) - raft.server.storage.free-space.min = 0MB (=0) (default)
2022-07-12 21:07:40,985 [pool-886-thread-1] INFO  storage.RaftStorageDirectory (RaftStorageDirectoryImpl.java:analyzeStorage(135)) - The storage directory /home/runner/work/ozone/ozone/hadoop-ozone/integration-test/target/test-dir/MiniOzoneClusterImpl-03d8019b-d99e-41ea-b31f-f002ac91f2ca/datanode-0/data/ratis/03451ab7-eaab-42b3-a2f1-7e75dea0ad0c does not exist. Creating ...
2022-07-12 21:07:40,989 [pool-886-thread-1] INFO  storage.RaftStorageDirectory (RaftStorageDirectoryImpl.java:tryLock(230)) - Lock on /home/runner/work/ozone/ozone/hadoop-ozone/integration-test/target/test-dir/MiniOzoneClusterImpl-03d8019b-d99e-41ea-b31f-f002ac91f2ca/datanode-0/data/ratis/03451ab7-eaab-42b3-a2f1-7e75dea0ad0c/in_use.lock acquired by nodename 31611@fv-az452-57
2022-07-12 21:07:41,000 [pool-886-thread-1] INFO  storage.RaftStorage (RaftStorageImpl.java:format(89)) - Storage directory /home/runner/work/ozone/ozone/hadoop-ozone/integration-test/target/test-dir/MiniOzoneClusterImpl-03d8019b-d99e-41ea-b31f-f002ac91f2ca/datanode-0/data/ratis/03451ab7-eaab-42b3-a2f1-7e75dea0ad0c has been successfully formatted.
2022-07-12 21:07:41,000 [pool-886-thread-1] INFO  ratis.ContainerStateMachine (ContainerStateMachine.java:loadSnapshot(236)) - group-7E75DEA0AD0C: The snapshot info is null. Setting the last applied indexto:(t:0, i:~)
2022-07-12 21:07:41,007 [pool-886-thread-1] INFO  server.RaftServerConfigKeys (ConfUtils.java:logGet(46)) - raft.server.notification.no-leader.timeout = 300s (custom)
2022-07-12 21:07:41,008 [pool-886-thread-1] INFO  server.RaftServerConfigKeys (ConfUtils.java:logGet(46)) - raft.server.log.use.memory = false (default)
2022-07-12 21:07:41,008 [pool-886-thread-1] INFO  server.RaftServerConfigKeys (ConfUtils.java:logGet(46)) - raft.server.log.purge.gap = 1000000 (custom)
2022-07-12 21:07:41,008 [pool-886-thread-1] INFO  server.RaftServerConfigKeys (ConfUtils.java:logGet(46)) - raft.server.log.appender.buffer.byte-limit = 33554432 (custom)
2022-07-12 21:07:41,008 [pool-886-thread-1] INFO  server.RaftServerConfigKeys (ConfUtils.java:logGet(46)) - raft.server.log.statemachine.data.read.timeout = 1000ms (default)
2022-07-12 21:07:41,008 [pool-886-thread-1] INFO  server.RaftServerConfigKeys (ConfUtils.java:logGet(46)) - raft.server.log.segment.size.max = 1048576 (custom)
2022-07-12 21:07:41,008 [EventQueue-OpenPipelineForHealthyPipelineSafeModeRule] INFO  safemode.SCMSafeModeManager (HealthyPipelineSafeModeRule.java:process(124)) - SCM in safe mode. Healthy pipelines reported count is 0, required healthy pipeline reported count is 1
2022-07-12 21:07:41,009 [pool-886-thread-1] INFO  server.RaftServerConfigKeys (ConfUtils.java:logGet(46)) - raft.server.log.segment.cache.num.max = 2 (custom)
2022-07-12 21:07:41,009 [pool-886-thread-1] INFO  server.RaftServerConfigKeys (ConfUtils.java:logGet(46)) - raft.server.log.segment.cache.size.max = 200MB (=209715200) (default)
2022-07-12 21:07:41,009 [pool-886-thread-1] INFO  segmented.SegmentedRaftLogWorker (SegmentedRaftLogWorker.java:<init>(187)) - new ddb9d7c4-a5dc-476f-83e2-b66bdd4cd965@group-7E75DEA0AD0C-SegmentedRaftLogWorker for RaftStorageImpl:Storage Directory /home/runner/work/ozone/ozone/hadoop-ozone/integration-test/target/test-dir/MiniOzoneClusterImpl-03d8019b-d99e-41ea-b31f-f002ac91f2ca/datanode-0/data/ratis/03451ab7-eaab-42b3-a2f1-7e75dea0ad0c
2022-07-12 21:07:41,009 [pool-886-thread-1] INFO  server.RaftServerConfigKeys (ConfUtils.java:logGet(46)) - raft.server.log.queue.byte-limit = 4294967296 (custom)
2022-07-12 21:07:41,009 [pool-886-thread-1] INFO  server.RaftServerConfigKeys (ConfUtils.java:logGet(46)) - raft.server.log.queue.element-limit = 1024 (custom)
2022-07-12 21:07:41,009 [pool-886-thread-1] INFO  server.RaftServerConfigKeys (ConfUtils.java:logGet(46)) - raft.server.log.segment.size.max = 1048576 (custom)
2022-07-12 21:07:41,009 [pool-886-thread-1] INFO  server.RaftServerConfigKeys (ConfUtils.java:logGet(46)) - raft.server.log.preallocated.size = 16384 (custom)
2022-07-12 21:07:41,009 [pool-886-thread-1] INFO  server.RaftServerConfigKeys (ConfUtils.java:logGet(46)) - raft.server.log.force.sync.num = 128 (default)
2022-07-12 21:07:41,009 [pool-886-thread-1] INFO  server.RaftServerConfigKeys (ConfUtils.java:logGet(46)) - raft.server.log.statemachine.data.sync = true (default)
2022-07-12 21:07:41,009 [pool-886-thread-1] INFO  server.RaftServerConfigKeys (ConfUtils.java:logGet(46)) - raft.server.log.statemachine.data.sync.timeout = 10s (default)
2022-07-12 21:07:41,009 [pool-886-thread-1] INFO  server.RaftServerConfigKeys (ConfUtils.java:logGet(46)) - raft.server.log.statemachine.data.sync.timeout.retry = -1 (default)
2022-07-12 21:07:41,010 [pool-886-thread-1] INFO  server.RaftServerConfigKeys (ConfUtils.java:logGet(46)) - raft.server.log.write.buffer.size = 1048576 (custom)
2022-07-12 21:07:41,011 [pool-886-thread-1] INFO  server.RaftServerConfigKeys (ConfUtils.java:logGet(46)) - raft.server.log.unsafe-flush.enabled = false (default)
2022-07-12 21:07:41,011 [pool-886-thread-1] INFO  server.RaftServerConfigKeys (ConfUtils.java:logGet(46)) - raft.server.log.statemachine.data.caching.enabled = true (custom)
2022-07-12 21:07:41,011 [pool-886-thread-1] INFO  segmented.SegmentedRaftLogWorker (SegmentedRaftLogWorker.java:lambda$new$0(135)) - ddb9d7c4-a5dc-476f-83e2-b66bdd4cd965@group-7E75DEA0AD0C-SegmentedRaftLogWorker: flushIndex: setUnconditionally 0 -> -1
2022-07-12 21:07:41,015 [pool-886-thread-1] INFO  segmented.SegmentedRaftLogWorker (SegmentedRaftLogWorker.java:lambda$new$0(135)) - ddb9d7c4-a5dc-476f-83e2-b66bdd4cd965@group-7E75DEA0AD0C-SegmentedRaftLogWorker: safeCacheEvictIndex: setUnconditionally 0 -> -1
2022-07-12 21:07:41,066 [pool-886-thread-1] INFO  server.RaftServerConfigKeys (ConfUtils.java:logGet(46)) - raft.server.snapshot.auto.trigger.enabled = true (custom)
2022-07-12 21:07:41,066 [pool-886-thread-1] INFO  server.RaftServerConfigKeys (ConfUtils.java:logGet(46)) - raft.server.snapshot.auto.trigger.threshold = 10000 (custom)
2022-07-12 21:07:41,066 [pool-886-thread-1] INFO  server.RaftServerConfigKeys (ConfUtils.java:logGet(46)) - raft.server.snapshot.retention.file.num = 5 (custom)
2022-07-12 21:07:41,066 [pool-886-thread-1] INFO  server.RaftServerConfigKeys (ConfUtils.java:logGet(46)) - raft.server.log.purge.upto.snapshot.index = false (default)
2022-07-12 21:07:41,066 [pool-886-thread-1] INFO  server.RaftServerConfigKeys (ConfUtils.java:logGet(46)) - raft.server.retrycache.expirytime = 600000ms (custom)
2022-07-12 21:07:41,066 [pool-886-thread-1] INFO  server.RaftServerConfigKeys (ConfUtils.java:logGet(46)) - raft.server.retrycache.statistics.expirytime = 100μs (default)
2022-07-12 21:07:41,068 [pool-886-thread-1] INFO  server.RaftServerConfigKeys (ConfUtils.java:logGet(46)) - raft.server.log.appender.install.snapshot.enabled = false (custom)
2022-07-12 21:07:41,068 [pool-886-thread-1] INFO  server.RaftServerConfigKeys (ConfUtils.java:logGet(46)) - raft.server.threadpool.server.cached = true (default)
2022-07-12 21:07:41,068 [pool-886-thread-1] INFO  server.RaftServerConfigKeys (ConfUtils.java:logGet(46)) - raft.server.threadpool.server.size = 0 (default)
2022-07-12 21:07:41,068 [pool-886-thread-1] INFO  server.RaftServerConfigKeys (ConfUtils.java:logGet(46)) - raft.server.threadpool.client.cached = true (default)
2022-07-12 21:07:41,068 [pool-886-thread-1] INFO  server.RaftServerConfigKeys (ConfUtils.java:logGet(46)) - raft.server.threadpool.client.size = 0 (default)
2022-07-12 21:07:41,068 [pool-886-thread-1] INFO  server.RaftServer$Division (RaftServerImpl.java:start(310)) - ddb9d7c4-a5dc-476f-83e2-b66bdd4cd965@group-7E75DEA0AD0C: start as a follower, conf=-1: [29d43e8b-b8c3-435a-bf60-ec797ee46bf5|rpc:10.1.0.20:33347|dataStream:|priority:0, ddb9d7c4-a5dc-476f-83e2-b66bdd4cd965|rpc:10.1.0.20:35703|dataStream:|priority:0, a073d587-6aa7-4ca3-9889-8ecc19e2905e|rpc:10.1.0.20:32847|dataStream:|priority:1], old=null
2022-07-12 21:07:41,068 [pool-886-thread-1] INFO  server.RaftServer$Division (RaftServerImpl.java:setRole(299)) - ddb9d7c4-a5dc-476f-83e2-b66bdd4cd965@group-7E75DEA0AD0C: changes role from      null to FOLLOWER at term 0 for startAsFollower
2022-07-12 21:07:41,068 [pool-886-thread-1] INFO  impl.RoleInfo (RoleInfo.java:updateAndGet(139)) - ddb9d7c4-a5dc-476f-83e2-b66bdd4cd965: start ddb9d7c4-a5dc-476f-83e2-b66bdd4cd965@group-7E75DEA0AD0C-FollowerState
2022-07-12 21:07:41,091 [pool-886-thread-1] INFO  util.JmxRegister (JmxRegister.java:tryRegister(44)) - Successfully registered JMX Bean with object name Ratis:service=RaftServer,group=group-7E75DEA0AD0C,id=ddb9d7c4-a5dc-476f-83e2-b66bdd4cd965
2022-07-12 21:07:41,131 [Command processor thread] INFO  commandhandler.CreatePipelineCommandHandler (CreatePipelineCommandHandler.java:handle(113)) - Created Pipeline RATIS THREE PipelineID=03451ab7-eaab-42b3-a2f1-7e75dea0ad0c.
2022-07-12 21:07:41,131 [Command processor thread] INFO  server.RaftServer (RaftServerProxy.java:addNew(96)) - a073d587-6aa7-4ca3-9889-8ecc19e2905e: addNew group-B6676DE81A3B:[29d43e8b-b8c3-435a-bf60-ec797ee46bf5|rpc:10.1.0.20:33347|priority:1, ddb9d7c4-a5dc-476f-83e2-b66bdd4cd965|rpc:10.1.0.20:35703|priority:0, a073d587-6aa7-4ca3-9889-8ecc19e2905e|rpc:10.1.0.20:32847|priority:0] returns group-B6676DE81A3B:java.util.concurrent.CompletableFuture@2a5d8f23[Not completed]
2022-07-12 21:07:41,137 [pool-909-thread-1] INFO  server.RaftServer$Division (RaftServerImpl.java:<init>(190)) - a073d587-6aa7-4ca3-9889-8ecc19e2905e: new RaftServerImpl for group-B6676DE81A3B:[29d43e8b-b8c3-435a-bf60-ec797ee46bf5|rpc:10.1.0.20:33347|priority:1, ddb9d7c4-a5dc-476f-83e2-b66bdd4cd965|rpc:10.1.0.20:35703|priority:0, a073d587-6aa7-4ca3-9889-8ecc19e2905e|rpc:10.1.0.20:32847|priority:0] with ContainerStateMachine:uninitialized
2022-07-12 21:07:41,137 [pool-909-thread-1] INFO  server.RaftServerConfigKeys (ConfUtils.java:logGet(46)) - raft.server.rpc.timeout.min = 5s (custom)
2022-07-12 21:07:41,137 [pool-909-thread-1] INFO  server.RaftServerConfigKeys (ConfUtils.java:logGet(46)) - raft.server.rpc.timeout.max = 5200ms (custom)
2022-07-12 21:07:41,137 [pool-909-thread-1] INFO  server.RaftServerConfigKeys (ConfUtils.java:logGet(46)) - raft.server.rpc.sleep.time = 25ms (default)
2022-07-12 21:07:41,137 [pool-909-thread-1] INFO  server.RaftServerConfigKeys (ConfUtils.java:logGet(46)) - raft.server.rpc.slowness.timeout = 300s (custom)
2022-07-12 21:07:41,137 [pool-909-thread-1] INFO  server.RaftServerConfigKeys (ConfUtils.java:logGet(46)) - raft.server.leaderelection.leader.step-down.wait-time = 10s (default)
2022-07-12 21:07:41,137 [pool-909-thread-1] INFO  server.RaftServerConfigKeys (ConfUtils.java:logGet(46)) - raft.server.sleep.deviation.threshold = 300ms (default)
2022-07-12 21:07:41,137 [pool-909-thread-1] INFO  server.RaftServer$Division (ServerState.java:<init>(107)) - a073d587-6aa7-4ca3-9889-8ecc19e2905e@group-B6676DE81A3B: ConfigurationManager, init=-1: [29d43e8b-b8c3-435a-bf60-ec797ee46bf5|rpc:10.1.0.20:33347|priority:1, ddb9d7c4-a5dc-476f-83e2-b66bdd4cd965|rpc:10.1.0.20:35703|priority:0, a073d587-6aa7-4ca3-9889-8ecc19e2905e|rpc:10.1.0.20:32847|priority:0], old=null, confs=<EMPTY_MAP>
2022-07-12 21:07:41,137 [pool-909-thread-1] INFO  server.RaftServerConfigKeys (ConfUtils.java:logGet(46)) - raft.server.storage.dir = [/home/runner/work/ozone/ozone/hadoop-ozone/integration-test/target/test-dir/MiniOzoneClusterImpl-03d8019b-d99e-41ea-b31f-f002ac91f2ca/datanode-1/data/ratis] (custom)
2022-07-12 21:07:41,137 [pool-909-thread-1] INFO  server.RaftServerConfigKeys (ConfUtils.java:logGet(46)) - raft.server.log.corruption.policy = EXCEPTION (default)
2022-07-12 21:07:41,137 [pool-909-thread-1] INFO  server.RaftServerConfigKeys (ConfUtils.java:logGet(46)) - raft.server.storage.free-space.min = 0MB (=0) (default)
2022-07-12 21:07:41,137 [pool-909-thread-1] INFO  storage.RaftStorageDirectory (RaftStorageDirectoryImpl.java:analyzeStorage(135)) - The storage directory /home/runner/work/ozone/ozone/hadoop-ozone/integration-test/target/test-dir/MiniOzoneClusterImpl-03d8019b-d99e-41ea-b31f-f002ac91f2ca/datanode-1/data/ratis/7db0ef83-3d30-443f-9426-b6676de81a3b does not exist. Creating ...
2022-07-12 21:07:41,138 [EndpointStateMachine task thread for /0.0.0.0:33845 - 0 ] INFO  volume.HddsVolume (HddsVolume.java:createDbStore(309)) - SchemaV3 db is created and loaded at /home/runner/work/ozone/ozone/hadoop-ozone/integration-test/target/test-dir/MiniOzoneClusterImpl-03d8019b-d99e-41ea-b31f-f002ac91f2ca/datanode-4/data-0/containers/hdds/03d8019b-d99e-41ea-b31f-f002ac91f2ca/DS-ff9879d4-0212-4d6c-bd44-d5e03094cc66/container.db for volume DS-ff9879d4-0212-4d6c-bd44-d5e03094cc66
2022-07-12 21:07:41,143 [pool-909-thread-1] INFO  storage.RaftStorageDirectory (RaftStorageDirectoryImpl.java:tryLock(230)) - Lock on /home/runner/work/ozone/ozone/hadoop-ozone/integration-test/target/test-dir/MiniOzoneClusterImpl-03d8019b-d99e-41ea-b31f-f002ac91f2ca/datanode-1/data/ratis/7db0ef83-3d30-443f-9426-b6676de81a3b/in_use.lock acquired by nodename 31611@fv-az452-57
2022-07-12 21:07:41,165 [EndpointStateMachine task thread for /0.0.0.0:33845 - 0 ] INFO  volume.HddsVolume (HddsVolume.java:closeDbStore(340)) - SchemaV3 db is stopped at /home/runner/work/ozone/ozone/hadoop-ozone/integration-test/target/test-dir/MiniOzoneClusterImpl-03d8019b-d99e-41ea-b31f-f002ac91f2ca/datanode-4/data-0/containers/hdds/03d8019b-d99e-41ea-b31f-f002ac91f2ca/DS-ff9879d4-0212-4d6c-bd44-d5e03094cc66/container.db for volume DS-ff9879d4-0212-4d6c-bd44-d5e03094cc66
2022-07-12 21:07:41,165 [EndpointStateMachine task thread for /0.0.0.0:33845 - 0 ] INFO  ozoneimpl.OzoneContainer (OzoneContainer.java:start(344)) - Attempting to start container services.
2022-07-12 21:07:41,165 [pool-909-thread-1] INFO  storage.RaftStorage (RaftStorageImpl.java:format(89)) - Storage directory /home/runner/work/ozone/ozone/hadoop-ozone/integration-test/target/test-dir/MiniOzoneClusterImpl-03d8019b-d99e-41ea-b31f-f002ac91f2ca/datanode-1/data/ratis/7db0ef83-3d30-443f-9426-b6676de81a3b has been successfully formatted.
2022-07-12 21:07:41,165 [pool-909-thread-1] INFO  ratis.ContainerStateMachine (ContainerStateMachine.java:loadSnapshot(236)) - group-B6676DE81A3B: The snapshot info is null. Setting the last applied indexto:(t:0, i:~)
2022-07-12 21:07:41,165 [pool-909-thread-1] INFO  server.RaftServerConfigKeys (ConfUtils.java:logGet(46)) - raft.server.notification.no-leader.timeout = 300s (custom)
2022-07-12 21:07:41,166 [pool-909-thread-1] INFO  server.RaftServerConfigKeys (ConfUtils.java:logGet(46)) - raft.server.log.use.memory = false (default)
2022-07-12 21:07:41,166 [pool-909-thread-1] INFO  server.RaftServerConfigKeys (ConfUtils.java:logGet(46)) - raft.server.log.purge.gap = 1000000 (custom)
2022-07-12 21:07:41,166 [pool-909-thread-1] INFO  server.RaftServerConfigKeys (ConfUtils.java:logGet(46)) - raft.server.log.appender.buffer.byte-limit = 33554432 (custom)
2022-07-12 21:07:41,166 [pool-909-thread-1] INFO  server.RaftServerConfigKeys (ConfUtils.java:logGet(46)) - raft.server.log.statemachine.data.read.timeout = 1000ms (default)
2022-07-12 21:07:41,166 [pool-909-thread-1] INFO  server.RaftServerConfigKeys (ConfUtils.java:logGet(46)) - raft.server.log.segment.size.max = 1048576 (custom)
2022-07-12 21:07:41,166 [pool-909-thread-1] INFO  server.RaftServerConfigKeys (ConfUtils.java:logGet(46)) - raft.server.log.segment.cache.num.max = 2 (custom)
2022-07-12 21:07:41,166 [pool-909-thread-1] INFO  server.RaftServerConfigKeys (ConfUtils.java:logGet(46)) - raft.server.log.segment.cache.size.max = 200MB (=209715200) (default)
2022-07-12 21:07:41,166 [pool-909-thread-1] INFO  segmented.SegmentedRaftLogWorker (SegmentedRaftLogWorker.java:<init>(187)) - new a073d587-6aa7-4ca3-9889-8ecc19e2905e@group-B6676DE81A3B-SegmentedRaftLogWorker for RaftStorageImpl:Storage Directory /home/runner/work/ozone/ozone/hadoop-ozone/integration-test/target/test-dir/MiniOzoneClusterImpl-03d8019b-d99e-41ea-b31f-f002ac91f2ca/datanode-1/data/ratis/7db0ef83-3d30-443f-9426-b6676de81a3b
2022-07-12 21:07:41,167 [pool-909-thread-1] INFO  server.RaftServerConfigKeys (ConfUtils.java:logGet(46)) - raft.server.log.queue.byte-limit = 4294967296 (custom)
2022-07-12 21:07:41,167 [pool-909-thread-1] INFO  server.RaftServerConfigKeys (ConfUtils.java:logGet(46)) - raft.server.log.queue.element-limit = 1024 (custom)
2022-07-12 21:07:41,167 [pool-909-thread-1] INFO  server.RaftServerConfigKeys (ConfUtils.java:logGet(46)) - raft.server.log.segment.size.max = 1048576 (custom)
2022-07-12 21:07:41,167 [pool-909-thread-1] INFO  server.RaftServerConfigKeys (ConfUtils.java:logGet(46)) - raft.server.log.preallocated.size = 16384 (custom)
2022-07-12 21:07:41,167 [pool-909-thread-1] INFO  server.RaftServerConfigKeys (ConfUtils.java:logGet(46)) - raft.server.log.force.sync.num = 128 (default)
2022-07-12 21:07:41,167 [pool-909-thread-1] INFO  server.RaftServerConfigKeys (ConfUtils.java:logGet(46)) - raft.server.log.statemachine.data.sync = true (default)
2022-07-12 21:07:41,167 [pool-909-thread-1] INFO  server.RaftServerConfigKeys (ConfUtils.java:logGet(46)) - raft.server.log.statemachine.data.sync.timeout = 10s (default)
2022-07-12 21:07:41,167 [pool-909-thread-1] INFO  server.RaftServerConfigKeys (ConfUtils.java:logGet(46)) - raft.server.log.statemachine.data.sync.timeout.retry = -1 (default)
2022-07-12 21:07:41,169 [EventQueue-OpenPipelineForHealthyPipelineSafeModeRule] INFO  safemode.SCMSafeModeManager (HealthyPipelineSafeModeRule.java:process(124)) - SCM in safe mode. Healthy pipelines reported count is 0, required healthy pipeline reported count is 1
2022-07-12 21:07:41,169 [pool-909-thread-1] INFO  server.RaftServerConfigKeys (ConfUtils.java:logGet(46)) - raft.server.log.write.buffer.size = 1048576 (custom)
2022-07-12 21:07:41,169 [pool-909-thread-1] INFO  server.RaftServerConfigKeys (ConfUtils.java:logGet(46)) - raft.server.log.unsafe-flush.enabled = false (default)
2022-07-12 21:07:41,169 [pool-909-thread-1] INFO  server.RaftServerConfigKeys (ConfUtils.java:logGet(46)) - raft.server.log.statemachine.data.caching.enabled = true (custom)
2022-07-12 21:07:41,170 [pool-909-thread-1] INFO  segmented.SegmentedRaftLogWorker (SegmentedRaftLogWorker.java:lambda$new$0(135)) - a073d587-6aa7-4ca3-9889-8ecc19e2905e@group-B6676DE81A3B-SegmentedRaftLogWorker: flushIndex: setUnconditionally 0 -> -1
2022-07-12 21:07:41,170 [pool-909-thread-1] INFO  segmented.SegmentedRaftLogWorker (SegmentedRaftLogWorker.java:lambda$new$0(135)) - a073d587-6aa7-4ca3-9889-8ecc19e2905e@group-B6676DE81A3B-SegmentedRaftLogWorker: safeCacheEvictIndex: setUnconditionally 0 -> -1
2022-07-12 21:07:41,183 [pool-909-thread-1] INFO  server.RaftServerConfigKeys (ConfUtils.java:logGet(46)) - raft.server.snapshot.auto.trigger.enabled = true (custom)
2022-07-12 21:07:41,183 [Command processor thread] INFO  server.RaftServer (RaftServerProxy.java:addNew(96)) - ddb9d7c4-a5dc-476f-83e2-b66bdd4cd965: addNew group-B6676DE81A3B:[29d43e8b-b8c3-435a-bf60-ec797ee46bf5|rpc:10.1.0.20:33347|priority:1, ddb9d7c4-a5dc-476f-83e2-b66bdd4cd965|rpc:10.1.0.20:35703|priority:0, a073d587-6aa7-4ca3-9889-8ecc19e2905e|rpc:10.1.0.20:32847|priority:0] returns group-B6676DE81A3B:java.util.concurrent.CompletableFuture@347b956f[Not completed]
2022-07-12 21:07:41,183 [pool-909-thread-1] INFO  server.RaftServerConfigKeys (ConfUtils.java:logGet(46)) - raft.server.snapshot.auto.trigger.threshold = 10000 (custom)
2022-07-12 21:07:41,183 [pool-909-thread-1] INFO  server.RaftServerConfigKeys (ConfUtils.java:logGet(46)) - raft.server.snapshot.retention.file.num = 5 (custom)
2022-07-12 21:07:41,184 [pool-909-thread-1] INFO  server.RaftServerConfigKeys (ConfUtils.java:logGet(46)) - raft.server.log.purge.upto.snapshot.index = false (default)
2022-07-12 21:07:41,184 [pool-886-thread-1] INFO  server.RaftServer$Division (RaftServerImpl.java:<init>(190)) - ddb9d7c4-a5dc-476f-83e2-b66bdd4cd965: new RaftServerImpl for group-B6676DE81A3B:[29d43e8b-b8c3-435a-bf60-ec797ee46bf5|rpc:10.1.0.20:33347|priority:1, ddb9d7c4-a5dc-476f-83e2-b66bdd4cd965|rpc:10.1.0.20:35703|priority:0, a073d587-6aa7-4ca3-9889-8ecc19e2905e|rpc:10.1.0.20:32847|priority:0] with ContainerStateMachine:uninitialized
2022-07-12 21:07:41,186 [pool-909-thread-1] INFO  server.RaftServerConfigKeys (ConfUtils.java:logGet(46)) - raft.server.retrycache.expirytime = 600000ms (custom)
2022-07-12 21:07:41,186 [pool-886-thread-1] INFO  server.RaftServerConfigKeys (ConfUtils.java:logGet(46)) - raft.server.rpc.timeout.min = 5s (custom)
2022-07-12 21:07:41,186 [pool-886-thread-1] INFO  server.RaftServerConfigKeys (ConfUtils.java:logGet(46)) - raft.server.rpc.timeout.max = 5200ms (custom)
2022-07-12 21:07:41,186 [pool-886-thread-1] INFO  server.RaftServerConfigKeys (ConfUtils.java:logGet(46)) - raft.server.rpc.sleep.time = 25ms (default)
2022-07-12 21:07:41,186 [pool-886-thread-1] INFO  server.RaftServerConfigKeys (ConfUtils.java:logGet(46)) - raft.server.rpc.slowness.timeout = 300s (custom)
2022-07-12 21:07:41,186 [pool-886-thread-1] INFO  server.RaftServerConfigKeys (ConfUtils.java:logGet(46)) - raft.server.leaderelection.leader.step-down.wait-time = 10s (default)
2022-07-12 21:07:41,186 [pool-886-thread-1] INFO  server.RaftServerConfigKeys (ConfUtils.java:logGet(46)) - raft.server.sleep.deviation.threshold = 300ms (default)
2022-07-12 21:07:41,186 [pool-886-thread-1] INFO  server.RaftServer$Division (ServerState.java:<init>(107)) - ddb9d7c4-a5dc-476f-83e2-b66bdd4cd965@group-B6676DE81A3B: ConfigurationManager, init=-1: [29d43e8b-b8c3-435a-bf60-ec797ee46bf5|rpc:10.1.0.20:33347|priority:1, ddb9d7c4-a5dc-476f-83e2-b66bdd4cd965|rpc:10.1.0.20:35703|priority:0, a073d587-6aa7-4ca3-9889-8ecc19e2905e|rpc:10.1.0.20:32847|priority:0], old=null, confs=<EMPTY_MAP>
2022-07-12 21:07:41,186 [pool-886-thread-1] INFO  server.RaftServerConfigKeys (ConfUtils.java:logGet(46)) - raft.server.storage.dir = [/home/runner/work/ozone/ozone/hadoop-ozone/integration-test/target/test-dir/MiniOzoneClusterImpl-03d8019b-d99e-41ea-b31f-f002ac91f2ca/datanode-0/data/ratis] (custom)
2022-07-12 21:07:41,186 [pool-886-thread-1] INFO  server.RaftServerConfigKeys (ConfUtils.java:logGet(46)) - raft.server.log.corruption.policy = EXCEPTION (default)
2022-07-12 21:07:41,186 [pool-886-thread-1] INFO  server.RaftServerConfigKeys (ConfUtils.java:logGet(46)) - raft.server.storage.free-space.min = 0MB (=0) (default)
2022-07-12 21:07:41,186 [pool-886-thread-1] INFO  storage.RaftStorageDirectory (RaftStorageDirectoryImpl.java:analyzeStorage(135)) - The storage directory /home/runner/work/ozone/ozone/hadoop-ozone/integration-test/target/test-dir/MiniOzoneClusterImpl-03d8019b-d99e-41ea-b31f-f002ac91f2ca/datanode-0/data/ratis/7db0ef83-3d30-443f-9426-b6676de81a3b does not exist. Creating ...
2022-07-12 21:07:41,186 [pool-909-thread-1] INFO  server.RaftServerConfigKeys (ConfUtils.java:logGet(46)) - raft.server.retrycache.statistics.expirytime = 100μs (default)
2022-07-12 21:07:41,188 [pool-886-thread-1] INFO  storage.RaftStorageDirectory (RaftStorageDirectoryImpl.java:tryLock(230)) - Lock on /home/runner/work/ozone/ozone/hadoop-ozone/integration-test/target/test-dir/MiniOzoneClusterImpl-03d8019b-d99e-41ea-b31f-f002ac91f2ca/datanode-0/data/ratis/7db0ef83-3d30-443f-9426-b6676de81a3b/in_use.lock acquired by nodename 31611@fv-az452-57
2022-07-12 21:07:41,189 [IPC Server handler 8 on default port 33845] INFO  net.NetworkTopologyImpl (NetworkTopologyImpl.java:add(112)) - Added a new node: /default-rack/227bf7d9-d38a-4d6d-9648-c1fd7cd9c2e7
2022-07-12 21:07:41,189 [IPC Server handler 8 on default port 33845] INFO  node.SCMNodeManager (SCMNodeManager.java:register(397)) - Registered Data node : 227bf7d9-d38a-4d6d-9648-c1fd7cd9c2e7{ip: 10.1.0.20, host: fv-az452-57.ku3lqr0aiaqu5kfj3xdpchcrvd.dx.internal.cloudapp.net, ports: [REPLICATION=42629, RATIS=33185, RATIS_ADMIN=33185, RATIS_SERVER=33185, STANDALONE=33287], networkLocation: /default-rack, certSerialId: null, persistedOpState: null, persistedOpStateExpiryEpochSec: 0}
2022-07-12 21:07:41,190 [EventQueue-NewNodeForNewNodeHandler] INFO  pipeline.BackgroundPipelineCreator (BackgroundPipelineCreator.java:notifyEventTriggered(275)) - trigger a one-shot run on RatisPipelineUtilsThread.
2022-07-12 21:07:41,190 [RatisPipelineUtilsThread - 0] INFO  pipeline.RatisPipelineProvider (RatisPipelineProvider.java:lambda$create$0(195)) - Sending CreatePipelineCommand for pipeline:PipelineID=8e66cea1-1d52-42f3-9eff-13834888c403 to datanode:227bf7d9-d38a-4d6d-9648-c1fd7cd9c2e7
2022-07-12 21:07:41,190 [RatisPipelineUtilsThread - 0] INFO  pipeline.PipelineStateManagerImpl (PipelineStateManagerImpl.java:addPipeline(103)) - Created pipeline Pipeline[ Id: 8e66cea1-1d52-42f3-9eff-13834888c403, Nodes: 227bf7d9-d38a-4d6d-9648-c1fd7cd9c2e7{ip: 10.1.0.20, host: fv-az452-57.ku3lqr0aiaqu5kfj3xdpchcrvd.dx.internal.cloudapp.net, ports: [REPLICATION=42629, RATIS=33185, RATIS_ADMIN=33185, RATIS_SERVER=33185, STANDALONE=33287], networkLocation: /default-rack, certSerialId: null, persistedOpState: IN_SERVICE, persistedOpStateExpiryEpochSec: 0}, ReplicationConfig: RATIS/ONE, State:ALLOCATED, leaderId:, CreationTimestamp2022-07-12T21:07:41.190Z[Etc/UTC]].
2022-07-12 21:07:41,192 [EndpointStateMachine task thread for /0.0.0.0:33845 - 0 ] INFO  ozoneimpl.OzoneContainer (OzoneContainer.java:startContainerScrub(279)) - Background container scanner has been disabled.
2022-07-12 21:07:41,192 [pool-886-thread-1] INFO  storage.RaftStorage (RaftStorageImpl.java:format(89)) - Storage directory /home/runner/work/ozone/ozone/hadoop-ozone/integration-test/target/test-dir/MiniOzoneClusterImpl-03d8019b-d99e-41ea-b31f-f002ac91f2ca/datanode-0/data/ratis/7db0ef83-3d30-443f-9426-b6676de81a3b has been successfully formatted.
2022-07-12 21:07:41,195 [pool-909-thread-1] INFO  server.RaftServerConfigKeys (ConfUtils.java:logGet(46)) - raft.server.log.appender.install.snapshot.enabled = false (custom)
2022-07-12 21:07:41,196 [pool-909-thread-1] INFO  server.RaftServerConfigKeys (ConfUtils.java:logGet(46)) - raft.server.threadpool.server.cached = true (default)
2022-07-12 21:07:41,196 [pool-909-thread-1] INFO  server.RaftServerConfigKeys (ConfUtils.java:logGet(46)) - raft.server.threadpool.server.size = 0 (default)
2022-07-12 21:07:41,196 [pool-909-thread-1] INFO  server.RaftServerConfigKeys (ConfUtils.java:logGet(46)) - raft.server.threadpool.client.cached = true (default)
2022-07-12 21:07:41,196 [pool-909-thread-1] INFO  server.RaftServerConfigKeys (ConfUtils.java:logGet(46)) - raft.server.threadpool.client.size = 0 (default)
2022-07-12 21:07:41,196 [pool-909-thread-1] INFO  server.RaftServer$Division (RaftServerImpl.java:start(310)) - a073d587-6aa7-4ca3-9889-8ecc19e2905e@group-B6676DE81A3B: start as a follower, conf=-1: [29d43e8b-b8c3-435a-bf60-ec797ee46bf5|rpc:10.1.0.20:33347|priority:1, ddb9d7c4-a5dc-476f-83e2-b66bdd4cd965|rpc:10.1.0.20:35703|priority:0, a073d587-6aa7-4ca3-9889-8ecc19e2905e|rpc:10.1.0.20:32847|priority:0], old=null
2022-07-12 21:07:41,196 [pool-909-thread-1] INFO  server.RaftServer$Division (RaftServerImpl.java:setRole(299)) - a073d587-6aa7-4ca3-9889-8ecc19e2905e@group-B6676DE81A3B: changes role from      null to FOLLOWER at term 0 for startAsFollower
2022-07-12 21:07:41,211 [pool-886-thread-1] INFO  ratis.ContainerStateMachine (ContainerStateMachine.java:loadSnapshot(236)) - group-B6676DE81A3B: The snapshot info is null. Setting the last applied indexto:(t:0, i:~)
2022-07-12 21:07:41,212 [pool-886-thread-1] INFO  server.RaftServerConfigKeys (ConfUtils.java:logGet(46)) - raft.server.notification.no-leader.timeout = 300s (custom)
2022-07-12 21:07:41,212 [pool-886-thread-1] INFO  server.RaftServerConfigKeys (ConfUtils.java:logGet(46)) - raft.server.log.use.memory = false (default)
2022-07-12 21:07:41,212 [pool-886-thread-1] INFO  server.RaftServerConfigKeys (ConfUtils.java:logGet(46)) - raft.server.log.purge.gap = 1000000 (custom)
2022-07-12 21:07:41,212 [pool-886-thread-1] INFO  server.RaftServerConfigKeys (ConfUtils.java:logGet(46)) - raft.server.log.appender.buffer.byte-limit = 33554432 (custom)
2022-07-12 21:07:41,212 [pool-886-thread-1] INFO  server.RaftServerConfigKeys (ConfUtils.java:logGet(46)) - raft.server.log.statemachine.data.read.timeout = 1000ms (default)
2022-07-12 21:07:41,212 [pool-886-thread-1] INFO  server.RaftServerConfigKeys (ConfUtils.java:logGet(46)) - raft.server.log.segment.size.max = 1048576 (custom)
2022-07-12 21:07:41,212 [pool-909-thread-1] INFO  impl.RoleInfo (RoleInfo.java:updateAndGet(139)) - a073d587-6aa7-4ca3-9889-8ecc19e2905e: start a073d587-6aa7-4ca3-9889-8ecc19e2905e@group-B6676DE81A3B-FollowerState
2022-07-12 21:07:41,212 [pool-886-thread-1] INFO  server.RaftServerConfigKeys (ConfUtils.java:logGet(46)) - raft.server.log.segment.cache.num.max = 2 (custom)
2022-07-12 21:07:41,212 [pool-886-thread-1] INFO  server.RaftServerConfigKeys (ConfUtils.java:logGet(46)) - raft.server.log.segment.cache.size.max = 200MB (=209715200) (default)
2022-07-12 21:07:41,213 [pool-886-thread-1] INFO  segmented.SegmentedRaftLogWorker (SegmentedRaftLogWorker.java:<init>(187)) - new ddb9d7c4-a5dc-476f-83e2-b66bdd4cd965@group-B6676DE81A3B-SegmentedRaftLogWorker for RaftStorageImpl:Storage Directory /home/runner/work/ozone/ozone/hadoop-ozone/integration-test/target/test-dir/MiniOzoneClusterImpl-03d8019b-d99e-41ea-b31f-f002ac91f2ca/datanode-0/data/ratis/7db0ef83-3d30-443f-9426-b6676de81a3b
2022-07-12 21:07:41,213 [pool-886-thread-1] INFO  server.RaftServerConfigKeys (ConfUtils.java:logGet(46)) - raft.server.log.queue.byte-limit = 4294967296 (custom)
2022-07-12 21:07:41,213 [pool-886-thread-1] INFO  server.RaftServerConfigKeys (ConfUtils.java:logGet(46)) - raft.server.log.queue.element-limit = 1024 (custom)
2022-07-12 21:07:41,213 [pool-886-thread-1] INFO  server.RaftServerConfigKeys (ConfUtils.java:logGet(46)) - raft.server.log.segment.size.max = 1048576 (custom)
2022-07-12 21:07:41,213 [pool-886-thread-1] INFO  server.RaftServerConfigKeys (ConfUtils.java:logGet(46)) - raft.server.log.preallocated.size = 16384 (custom)
2022-07-12 21:07:41,213 [pool-886-thread-1] INFO  server.RaftServerConfigKeys (ConfUtils.java:logGet(46)) - raft.server.log.force.sync.num = 128 (default)
2022-07-12 21:07:41,213 [pool-886-thread-1] INFO  server.RaftServerConfigKeys (ConfUtils.java:logGet(46)) - raft.server.log.statemachine.data.sync = true (default)
2022-07-12 21:07:41,213 [pool-886-thread-1] INFO  server.RaftServerConfigKeys (ConfUtils.java:logGet(46)) - raft.server.log.statemachine.data.sync.timeout = 10s (default)
2022-07-12 21:07:41,213 [pool-886-thread-1] INFO  server.RaftServerConfigKeys (ConfUtils.java:logGet(46)) - raft.server.log.statemachine.data.sync.timeout.retry = -1 (default)
2022-07-12 21:07:41,214 [EventQueue-OpenPipelineForHealthyPipelineSafeModeRule] INFO  safemode.SCMSafeModeManager (HealthyPipelineSafeModeRule.java:process(124)) - SCM in safe mode. Healthy pipelines reported count is 0, required healthy pipeline reported count is 1
2022-07-12 21:07:41,236 [EndpointStateMachine task thread for /0.0.0.0:33845 - 0 ] INFO  replication.ReplicationServer (ReplicationServer.java:start(111)) - ReplicationServer is started using port 46061
2022-07-12 21:07:41,246 [EndpointStateMachine task thread for /0.0.0.0:33845 - 0 ] INFO  ratis.XceiverServerRatis (XceiverServerRatis.java:start(481)) - Starting XceiverServerRatis a8440338-9c05-4a69-82ce-0c098fe5e8a5
2022-07-12 21:07:41,252 [EndpointStateMachine task thread for /0.0.0.0:33845 - 0 ] INFO  server.RaftServer (RaftServerProxy.java:lambda$start$6(382)) - a8440338-9c05-4a69-82ce-0c098fe5e8a5: start RPC server
2022-07-12 21:07:41,255 [pool-909-thread-1] INFO  util.JmxRegister (JmxRegister.java:tryRegister(44)) - Successfully registered JMX Bean with object name Ratis:service=RaftServer,group=group-B6676DE81A3B,id=a073d587-6aa7-4ca3-9889-8ecc19e2905e
2022-07-12 21:07:41,262 [pool-886-thread-1] INFO  server.RaftServerConfigKeys (ConfUtils.java:logGet(46)) - raft.server.log.write.buffer.size = 1048576 (custom)
2022-07-12 21:07:41,283 [pool-886-thread-1] INFO  server.RaftServerConfigKeys (ConfUtils.java:logGet(46)) - raft.server.log.unsafe-flush.enabled = false (default)
2022-07-12 21:07:41,283 [pool-886-thread-1] INFO  server.RaftServerConfigKeys (ConfUtils.java:logGet(46)) - raft.server.log.statemachine.data.caching.enabled = true (custom)
2022-07-12 21:07:41,283 [pool-886-thread-1] INFO  segmented.SegmentedRaftLogWorker (SegmentedRaftLogWorker.java:lambda$new$0(135)) - ddb9d7c4-a5dc-476f-83e2-b66bdd4cd965@group-B6676DE81A3B-SegmentedRaftLogWorker: flushIndex: setUnconditionally 0 -> -1
2022-07-12 21:07:41,284 [pool-886-thread-1] INFO  segmented.SegmentedRaftLogWorker (SegmentedRaftLogWorker.java:lambda$new$0(135)) - ddb9d7c4-a5dc-476f-83e2-b66bdd4cd965@group-B6676DE81A3B-SegmentedRaftLogWorker: safeCacheEvictIndex: setUnconditionally 0 -> -1
2022-07-12 21:07:41,267 [Command processor thread] INFO  ratis.XceiverServerRatis (XceiverServerRatis.java:addGroup(765)) - Created group PipelineID=7db0ef83-3d30-443f-9426-b6676de81a3b
2022-07-12 21:07:41,263 [EndpointStateMachine task thread for /0.0.0.0:33845 - 0 ] INFO  server.GrpcService (GrpcService.java:startImpl(260)) - a8440338-9c05-4a69-82ce-0c098fe5e8a5: GrpcService started, listening on 39637
2022-07-12 21:07:41,296 [EndpointStateMachine task thread for /0.0.0.0:33845 - 0 ] INFO  ratis.XceiverServerRatis (XceiverServerRatis.java:getRealPort(502)) - XceiverServerRatis a8440338-9c05-4a69-82ce-0c098fe5e8a5 is started using port 39637 for RATIS
2022-07-12 21:07:41,296 [EndpointStateMachine task thread for /0.0.0.0:33845 - 0 ] INFO  ratis.XceiverServerRatis (XceiverServerRatis.java:getRealPort(502)) - XceiverServerRatis a8440338-9c05-4a69-82ce-0c098fe5e8a5 is started using port 39637 for RATIS_ADMIN
2022-07-12 21:07:41,296 [EndpointStateMachine task thread for /0.0.0.0:33845 - 0 ] INFO  ratis.XceiverServerRatis (XceiverServerRatis.java:getRealPort(502)) - XceiverServerRatis a8440338-9c05-4a69-82ce-0c098fe5e8a5 is started using port 39637 for RATIS_SERVER
2022-07-12 21:07:41,296 [org.apache.ratis.util.JvmPauseMonitor$$Lambda$613/1050667922@2315e304] INFO  util.JvmPauseMonitor (JvmPauseMonitor.java:run(103)) - JvmPauseMonitor-a8440338-9c05-4a69-82ce-0c098fe5e8a5: Started
2022-07-12 21:07:41,327 [pool-886-thread-1] INFO  server.RaftServerConfigKeys (ConfUtils.java:logGet(46)) - raft.server.snapshot.auto.trigger.enabled = true (custom)
2022-07-12 21:07:41,327 [pool-886-thread-1] INFO  server.RaftServerConfigKeys (ConfUtils.java:logGet(46)) - raft.server.snapshot.auto.trigger.threshold = 10000 (custom)
2022-07-12 21:07:41,328 [pool-886-thread-1] INFO  server.RaftServerConfigKeys (ConfUtils.java:logGet(46)) - raft.server.snapshot.retention.file.num = 5 (custom)
2022-07-12 21:07:41,328 [pool-886-thread-1] INFO  server.RaftServerConfigKeys (ConfUtils.java:logGet(46)) - raft.server.log.purge.upto.snapshot.index = false (default)
2022-07-12 21:07:41,328 [pool-886-thread-1] INFO  server.RaftServerConfigKeys (ConfUtils.java:logGet(46)) - raft.server.retrycache.expirytime = 600000ms (custom)
2022-07-12 21:07:41,328 [pool-886-thread-1] INFO  server.RaftServerConfigKeys (ConfUtils.java:logGet(46)) - raft.server.retrycache.statistics.expirytime = 100μs (default)
2022-07-12 21:07:41,329 [pool-886-thread-1] INFO  server.RaftServerConfigKeys (ConfUtils.java:logGet(46)) - raft.server.log.appender.install.snapshot.enabled = false (custom)
2022-07-12 21:07:41,329 [pool-886-thread-1] INFO  server.RaftServerConfigKeys (ConfUtils.java:logGet(46)) - raft.server.threadpool.server.cached = true (default)
2022-07-12 21:07:41,329 [pool-886-thread-1] INFO  server.RaftServerConfigKeys (ConfUtils.java:logGet(46)) - raft.server.threadpool.server.size = 0 (default)
2022-07-12 21:07:41,329 [pool-886-thread-1] INFO  server.RaftServerConfigKeys (ConfUtils.java:logGet(46)) - raft.server.threadpool.client.cached = true (default)
2022-07-12 21:07:41,329 [pool-886-thread-1] INFO  server.RaftServerConfigKeys (ConfUtils.java:logGet(46)) - raft.server.threadpool.client.size = 0 (default)
2022-07-12 21:07:41,329 [pool-886-thread-1] INFO  server.RaftServer$Division (RaftServerImpl.java:start(310)) - ddb9d7c4-a5dc-476f-83e2-b66bdd4cd965@group-B6676DE81A3B: start as a follower, conf=-1: [29d43e8b-b8c3-435a-bf60-ec797ee46bf5|rpc:10.1.0.20:33347|priority:1, ddb9d7c4-a5dc-476f-83e2-b66bdd4cd965|rpc:10.1.0.20:35703|priority:0, a073d587-6aa7-4ca3-9889-8ecc19e2905e|rpc:10.1.0.20:32847|priority:0], old=null
2022-07-12 21:07:41,329 [pool-886-thread-1] INFO  server.RaftServer$Division (RaftServerImpl.java:setRole(299)) - ddb9d7c4-a5dc-476f-83e2-b66bdd4cd965@group-B6676DE81A3B: changes role from      null to FOLLOWER at term 0 for startAsFollower
2022-07-12 21:07:41,330 [pool-886-thread-1] INFO  impl.RoleInfo (RoleInfo.java:updateAndGet(139)) - ddb9d7c4-a5dc-476f-83e2-b66bdd4cd965: start ddb9d7c4-a5dc-476f-83e2-b66bdd4cd965@group-B6676DE81A3B-FollowerState
2022-07-12 21:07:41,336 [pool-886-thread-1] INFO  util.JmxRegister (JmxRegister.java:tryRegister(44)) - Successfully registered JMX Bean with object name Ratis:service=RaftServer,group=group-B6676DE81A3B,id=ddb9d7c4-a5dc-476f-83e2-b66bdd4cd965
2022-07-12 21:07:41,346 [Command processor thread] INFO  ratis.XceiverServerRatis (XceiverServerRatis.java:addGroup(765)) - Created group PipelineID=7db0ef83-3d30-443f-9426-b6676de81a3b
2022-07-12 21:07:41,358 [grpc-default-executor-0] INFO  server.RaftServer (RaftServerProxy.java:addNew(96)) - 29d43e8b-b8c3-435a-bf60-ec797ee46bf5: addNew group-B6676DE81A3B:[29d43e8b-b8c3-435a-bf60-ec797ee46bf5|rpc:10.1.0.20:33347|dataStream:|priority:1, ddb9d7c4-a5dc-476f-83e2-b66bdd4cd965|rpc:10.1.0.20:35703|dataStream:|priority:0, a073d587-6aa7-4ca3-9889-8ecc19e2905e|rpc:10.1.0.20:32847|dataStream:|priority:0] returns group-B6676DE81A3B:java.util.concurrent.CompletableFuture@5d31e0d1[Not completed]
2022-07-12 21:07:41,358 [pool-932-thread-1] INFO  server.RaftServer$Division (RaftServerImpl.java:<init>(190)) - 29d43e8b-b8c3-435a-bf60-ec797ee46bf5: new RaftServerImpl for group-B6676DE81A3B:[29d43e8b-b8c3-435a-bf60-ec797ee46bf5|rpc:10.1.0.20:33347|dataStream:|priority:1, ddb9d7c4-a5dc-476f-83e2-b66bdd4cd965|rpc:10.1.0.20:35703|dataStream:|priority:0, a073d587-6aa7-4ca3-9889-8ecc19e2905e|rpc:10.1.0.20:32847|dataStream:|priority:0] with ContainerStateMachine:uninitialized
2022-07-12 21:07:41,359 [pool-932-thread-1] INFO  server.RaftServerConfigKeys (ConfUtils.java:logGet(46)) - raft.server.rpc.timeout.min = 5s (custom)
2022-07-12 21:07:41,359 [pool-932-thread-1] INFO  server.RaftServerConfigKeys (ConfUtils.java:logGet(46)) - raft.server.rpc.timeout.max = 5200ms (custom)
2022-07-12 21:07:41,359 [pool-932-thread-1] INFO  server.RaftServerConfigKeys (ConfUtils.java:logGet(46)) - raft.server.rpc.sleep.time = 25ms (default)
2022-07-12 21:07:41,359 [pool-932-thread-1] INFO  server.RaftServerConfigKeys (ConfUtils.java:logGet(46)) - raft.server.rpc.slowness.timeout = 300s (custom)
2022-07-12 21:07:41,359 [pool-932-thread-1] INFO  server.RaftServerConfigKeys (ConfUtils.java:logGet(46)) - raft.server.leaderelection.leader.step-down.wait-time = 10s (default)
2022-07-12 21:07:41,359 [pool-932-thread-1] INFO  server.RaftServerConfigKeys (ConfUtils.java:logGet(46)) - raft.server.sleep.deviation.threshold = 300ms (default)
2022-07-12 21:07:41,359 [pool-932-thread-1] INFO  server.RaftServer$Division (ServerState.java:<init>(107)) - 29d43e8b-b8c3-435a-bf60-ec797ee46bf5@group-B6676DE81A3B: ConfigurationManager, init=-1: [29d43e8b-b8c3-435a-bf60-ec797ee46bf5|rpc:10.1.0.20:33347|dataStream:|priority:1, ddb9d7c4-a5dc-476f-83e2-b66bdd4cd965|rpc:10.1.0.20:35703|dataStream:|priority:0, a073d587-6aa7-4ca3-9889-8ecc19e2905e|rpc:10.1.0.20:32847|dataStream:|priority:0], old=null, confs=<EMPTY_MAP>
2022-07-12 21:07:41,359 [pool-932-thread-1] INFO  server.RaftServerConfigKeys (ConfUtils.java:logGet(46)) - raft.server.storage.dir = [/home/runner/work/ozone/ozone/hadoop-ozone/integration-test/target/test-dir/MiniOzoneClusterImpl-03d8019b-d99e-41ea-b31f-f002ac91f2ca/datanode-2/data/ratis] (custom)
2022-07-12 21:07:41,359 [pool-932-thread-1] INFO  server.RaftServerConfigKeys (ConfUtils.java:logGet(46)) - raft.server.log.corruption.policy = EXCEPTION (default)
2022-07-12 21:07:41,359 [pool-932-thread-1] INFO  server.RaftServerConfigKeys (ConfUtils.java:logGet(46)) - raft.server.storage.free-space.min = 0MB (=0) (default)
2022-07-12 21:07:41,359 [pool-932-thread-1] INFO  storage.RaftStorageDirectory (RaftStorageDirectoryImpl.java:analyzeStorage(135)) - The storage directory /home/runner/work/ozone/ozone/hadoop-ozone/integration-test/target/test-dir/MiniOzoneClusterImpl-03d8019b-d99e-41ea-b31f-f002ac91f2ca/datanode-2/data/ratis/7db0ef83-3d30-443f-9426-b6676de81a3b does not exist. Creating ...
2022-07-12 21:07:41,411 [pool-932-thread-1] INFO  storage.RaftStorageDirectory (RaftStorageDirectoryImpl.java:tryLock(230)) - Lock on /home/runner/work/ozone/ozone/hadoop-ozone/integration-test/target/test-dir/MiniOzoneClusterImpl-03d8019b-d99e-41ea-b31f-f002ac91f2ca/datanode-2/data/ratis/7db0ef83-3d30-443f-9426-b6676de81a3b/in_use.lock acquired by nodename 31611@fv-az452-57
2022-07-12 21:07:41,427 [pool-932-thread-1] INFO  storage.RaftStorage (RaftStorageImpl.java:format(89)) - Storage directory /home/runner/work/ozone/ozone/hadoop-ozone/integration-test/target/test-dir/MiniOzoneClusterImpl-03d8019b-d99e-41ea-b31f-f002ac91f2ca/datanode-2/data/ratis/7db0ef83-3d30-443f-9426-b6676de81a3b has been successfully formatted.
2022-07-12 21:07:41,428 [pool-932-thread-1] INFO  ratis.ContainerStateMachine (ContainerStateMachine.java:loadSnapshot(236)) - group-B6676DE81A3B: The snapshot info is null. Setting the last applied indexto:(t:0, i:~)
2022-07-12 21:07:41,428 [pool-932-thread-1] INFO  server.RaftServerConfigKeys (ConfUtils.java:logGet(46)) - raft.server.notification.no-leader.timeout = 300s (custom)
2022-07-12 21:07:41,428 [pool-932-thread-1] INFO  server.RaftServerConfigKeys (ConfUtils.java:logGet(46)) - raft.server.log.use.memory = false (default)
2022-07-12 21:07:41,428 [pool-932-thread-1] INFO  server.RaftServerConfigKeys (ConfUtils.java:logGet(46)) - raft.server.log.purge.gap = 1000000 (custom)
2022-07-12 21:07:41,428 [pool-932-thread-1] INFO  server.RaftServerConfigKeys (ConfUtils.java:logGet(46)) - raft.server.log.appender.buffer.byte-limit = 33554432 (custom)
2022-07-12 21:07:41,428 [pool-932-thread-1] INFO  server.RaftServerConfigKeys (ConfUtils.java:logGet(46)) - raft.server.log.statemachine.data.read.timeout = 1000ms (default)
2022-07-12 21:07:41,428 [pool-932-thread-1] INFO  server.RaftServerConfigKeys (ConfUtils.java:logGet(46)) - raft.server.log.segment.size.max = 1048576 (custom)
2022-07-12 21:07:41,429 [pool-932-thread-1] INFO  server.RaftServerConfigKeys (ConfUtils.java:logGet(46)) - raft.server.log.segment.cache.num.max = 2 (custom)
2022-07-12 21:07:41,429 [pool-932-thread-1] INFO  server.RaftServerConfigKeys (ConfUtils.java:logGet(46)) - raft.server.log.segment.cache.size.max = 200MB (=209715200) (default)
2022-07-12 21:07:41,429 [pool-932-thread-1] INFO  segmented.SegmentedRaftLogWorker (SegmentedRaftLogWorker.java:<init>(187)) - new 29d43e8b-b8c3-435a-bf60-ec797ee46bf5@group-B6676DE81A3B-SegmentedRaftLogWorker for RaftStorageImpl:Storage Directory /home/runner/work/ozone/ozone/hadoop-ozone/integration-test/target/test-dir/MiniOzoneClusterImpl-03d8019b-d99e-41ea-b31f-f002ac91f2ca/datanode-2/data/ratis/7db0ef83-3d30-443f-9426-b6676de81a3b
2022-07-12 21:07:41,429 [pool-932-thread-1] INFO  server.RaftServerConfigKeys (ConfUtils.java:logGet(46)) - raft.server.log.queue.byte-limit = 4294967296 (custom)
2022-07-12 21:07:41,429 [pool-932-thread-1] INFO  server.RaftServerConfigKeys (ConfUtils.java:logGet(46)) - raft.server.log.queue.element-limit = 1024 (custom)
2022-07-12 21:07:41,429 [pool-932-thread-1] INFO  server.RaftServerConfigKeys (ConfUtils.java:logGet(46)) - raft.server.log.segment.size.max = 1048576 (custom)
2022-07-12 21:07:41,429 [pool-932-thread-1] INFO  server.RaftServerConfigKeys (ConfUtils.java:logGet(46)) - raft.server.log.preallocated.size = 16384 (custom)
2022-07-12 21:07:41,429 [pool-932-thread-1] INFO  server.RaftServerConfigKeys (ConfUtils.java:logGet(46)) - raft.server.log.force.sync.num = 128 (default)
2022-07-12 21:07:41,429 [pool-932-thread-1] INFO  server.RaftServerConfigKeys (ConfUtils.java:logGet(46)) - raft.server.log.statemachine.data.sync = true (default)
2022-07-12 21:07:41,429 [pool-932-thread-1] INFO  server.RaftServerConfigKeys (ConfUtils.java:logGet(46)) - raft.server.log.statemachine.data.sync.timeout = 10s (default)
2022-07-12 21:07:41,429 [pool-932-thread-1] INFO  server.RaftServerConfigKeys (ConfUtils.java:logGet(46)) - raft.server.log.statemachine.data.sync.timeout.retry = -1 (default)
2022-07-12 21:07:41,430 [pool-932-thread-1] INFO  server.RaftServerConfigKeys (ConfUtils.java:logGet(46)) - raft.server.log.write.buffer.size = 1048576 (custom)
2022-07-12 21:07:41,431 [pool-932-thread-1] INFO  server.RaftServerConfigKeys (ConfUtils.java:logGet(46)) - raft.server.log.unsafe-flush.enabled = false (default)
2022-07-12 21:07:41,431 [pool-932-thread-1] INFO  server.RaftServerConfigKeys (ConfUtils.java:logGet(46)) - raft.server.log.statemachine.data.caching.enabled = true (custom)
2022-07-12 21:07:41,431 [pool-932-thread-1] INFO  segmented.SegmentedRaftLogWorker (SegmentedRaftLogWorker.java:lambda$new$0(135)) - 29d43e8b-b8c3-435a-bf60-ec797ee46bf5@group-B6676DE81A3B-SegmentedRaftLogWorker: flushIndex: setUnconditionally 0 -> -1
2022-07-12 21:07:41,435 [pool-932-thread-1] INFO  segmented.SegmentedRaftLogWorker (SegmentedRaftLogWorker.java:lambda$new$0(135)) - 29d43e8b-b8c3-435a-bf60-ec797ee46bf5@group-B6676DE81A3B-SegmentedRaftLogWorker: safeCacheEvictIndex: setUnconditionally 0 -> -1
2022-07-12 21:07:41,451 [pool-932-thread-1] INFO  server.RaftServerConfigKeys (ConfUtils.java:logGet(46)) - raft.server.snapshot.auto.trigger.enabled = true (custom)
2022-07-12 21:07:41,451 [pool-932-thread-1] INFO  server.RaftServerConfigKeys (ConfUtils.java:logGet(46)) - raft.server.snapshot.auto.trigger.threshold = 10000 (custom)
2022-07-12 21:07:41,452 [pool-932-thread-1] INFO  server.RaftServerConfigKeys (ConfUtils.java:logGet(46)) - raft.server.snapshot.retention.file.num = 5 (custom)
2022-07-12 21:07:41,452 [pool-932-thread-1] INFO  server.RaftServerConfigKeys (ConfUtils.java:logGet(46)) - raft.server.log.purge.upto.snapshot.index = false (default)
2022-07-12 21:07:41,452 [pool-932-thread-1] INFO  server.RaftServerConfigKeys (ConfUtils.java:logGet(46)) - raft.server.retrycache.expirytime = 600000ms (custom)
2022-07-12 21:07:41,452 [pool-932-thread-1] INFO  server.RaftServerConfigKeys (ConfUtils.java:logGet(46)) - raft.server.retrycache.statistics.expirytime = 100μs (default)
2022-07-12 21:07:41,453 [pool-932-thread-1] INFO  server.RaftServerConfigKeys (ConfUtils.java:logGet(46)) - raft.server.log.appender.install.snapshot.enabled = false (custom)
2022-07-12 21:07:41,453 [pool-932-thread-1] INFO  server.RaftServerConfigKeys (ConfUtils.java:logGet(46)) - raft.server.threadpool.server.cached = true (default)
2022-07-12 21:07:41,453 [pool-932-thread-1] INFO  server.RaftServerConfigKeys (ConfUtils.java:logGet(46)) - raft.server.threadpool.server.size = 0 (default)
2022-07-12 21:07:41,453 [pool-932-thread-1] INFO  server.RaftServerConfigKeys (ConfUtils.java:logGet(46)) - raft.server.threadpool.client.cached = true (default)
2022-07-12 21:07:41,453 [pool-932-thread-1] INFO  server.RaftServerConfigKeys (ConfUtils.java:logGet(46)) - raft.server.threadpool.client.size = 0 (default)
2022-07-12 21:07:41,453 [pool-932-thread-1] INFO  server.RaftServer$Division (RaftServerImpl.java:start(310)) - 29d43e8b-b8c3-435a-bf60-ec797ee46bf5@group-B6676DE81A3B: start as a follower, conf=-1: [29d43e8b-b8c3-435a-bf60-ec797ee46bf5|rpc:10.1.0.20:33347|dataStream:|priority:1, ddb9d7c4-a5dc-476f-83e2-b66bdd4cd965|rpc:10.1.0.20:35703|dataStream:|priority:0, a073d587-6aa7-4ca3-9889-8ecc19e2905e|rpc:10.1.0.20:32847|dataStream:|priority:0], old=null
2022-07-12 21:07:41,453 [pool-932-thread-1] INFO  server.RaftServer$Division (RaftServerImpl.java:setRole(299)) - 29d43e8b-b8c3-435a-bf60-ec797ee46bf5@group-B6676DE81A3B: changes role from      null to FOLLOWER at term 0 for startAsFollower
2022-07-12 21:07:41,454 [pool-932-thread-1] INFO  impl.RoleInfo (RoleInfo.java:updateAndGet(139)) - 29d43e8b-b8c3-435a-bf60-ec797ee46bf5: start 29d43e8b-b8c3-435a-bf60-ec797ee46bf5@group-B6676DE81A3B-FollowerState
2022-07-12 21:07:41,486 [pool-932-thread-1] INFO  util.JmxRegister (JmxRegister.java:tryRegister(44)) - Successfully registered JMX Bean with object name Ratis:service=RaftServer,group=group-B6676DE81A3B,id=29d43e8b-b8c3-435a-bf60-ec797ee46bf5
2022-07-12 21:07:41,488 [EndpointStateMachine task thread for /0.0.0.0:33845 - 0 ] INFO  server.XceiverServerGrpc (XceiverServerGrpc.java:start(180)) - XceiverServerGrpc a8440338-9c05-4a69-82ce-0c098fe5e8a5 is started using port 41085
2022-07-12 21:07:41,755 [Listener at 127.0.0.1/33595] INFO  ozone.MiniOzoneClusterImpl (MiniOzoneClusterImpl.java:lambda$waitForClusterToBeReady$0(223)) - Waiting for nodes to be ready. Got 4 of 5 DN Heartbeats.
2022-07-12 21:07:41,756 [Listener at 127.0.0.1/33595] INFO  ozone.MiniOzoneClusterImpl (MiniOzoneClusterImpl.java:lambda$waitForClusterToBeReady$0(226)) - Waiting for cluster to exit safe mode
2022-07-12 21:07:41,756 [Listener at 127.0.0.1/33595] INFO  ozone.MiniOzoneClusterImpl (MiniOzoneClusterImpl.java:lambda$waitForClusterToBeReady$0(228)) - SCM became leader
2022-07-12 21:07:41,789 [Command processor thread] INFO  commandhandler.CreatePipelineCommandHandler (CreatePipelineCommandHandler.java:handle(113)) - Created Pipeline RATIS THREE PipelineID=7db0ef83-3d30-443f-9426-b6676de81a3b.
2022-07-12 21:07:41,811 [Command processor thread] INFO  commandhandler.CreatePipelineCommandHandler (CreatePipelineCommandHandler.java:handle(113)) - Created Pipeline RATIS THREE PipelineID=7db0ef83-3d30-443f-9426-b6676de81a3b.
2022-07-12 21:07:42,216 [Command processor thread] INFO  server.RaftServer (RaftServerProxy.java:addNew(96)) - 29d43e8b-b8c3-435a-bf60-ec797ee46bf5: addNew group-D4169009462C:[29d43e8b-b8c3-435a-bf60-ec797ee46bf5|rpc:10.1.0.20:33347|priority:1] returns group-D4169009462C:java.util.concurrent.CompletableFuture@7d679821[Not completed]
2022-07-12 21:07:42,217 [pool-932-thread-1] INFO  server.RaftServer$Division (RaftServerImpl.java:<init>(190)) - 29d43e8b-b8c3-435a-bf60-ec797ee46bf5: new RaftServerImpl for group-D4169009462C:[29d43e8b-b8c3-435a-bf60-ec797ee46bf5|rpc:10.1.0.20:33347|priority:1] with ContainerStateMachine:uninitialized
2022-07-12 21:07:42,217 [pool-932-thread-1] INFO  server.RaftServerConfigKeys (ConfUtils.java:logGet(46)) - raft.server.rpc.timeout.min = 5s (custom)
2022-07-12 21:07:42,217 [pool-932-thread-1] INFO  server.RaftServerConfigKeys (ConfUtils.java:logGet(46)) - raft.server.rpc.timeout.max = 5200ms (custom)
2022-07-12 21:07:42,217 [pool-932-thread-1] INFO  server.RaftServerConfigKeys (ConfUtils.java:logGet(46)) - raft.server.rpc.sleep.time = 25ms (default)
2022-07-12 21:07:42,217 [pool-932-thread-1] INFO  server.RaftServerConfigKeys (ConfUtils.java:logGet(46)) - raft.server.rpc.slowness.timeout = 300s (custom)
2022-07-12 21:07:42,217 [pool-932-thread-1] INFO  server.RaftServerConfigKeys (ConfUtils.java:logGet(46)) - raft.server.leaderelection.leader.step-down.wait-time = 10s (default)
2022-07-12 21:07:42,217 [pool-932-thread-1] INFO  server.RaftServerConfigKeys (ConfUtils.java:logGet(46)) - raft.server.sleep.deviation.threshold = 300ms (default)
2022-07-12 21:07:42,217 [pool-932-thread-1] INFO  server.RaftServer$Division (ServerState.java:<init>(107)) - 29d43e8b-b8c3-435a-bf60-ec797ee46bf5@group-D4169009462C: ConfigurationManager, init=-1: [29d43e8b-b8c3-435a-bf60-ec797ee46bf5|rpc:10.1.0.20:33347|priority:1], old=null, confs=<EMPTY_MAP>
2022-07-12 21:07:42,217 [pool-932-thread-1] INFO  server.RaftServerConfigKeys (ConfUtils.java:logGet(46)) - raft.server.storage.dir = [/home/runner/work/ozone/ozone/hadoop-ozone/integration-test/target/test-dir/MiniOzoneClusterImpl-03d8019b-d99e-41ea-b31f-f002ac91f2ca/datanode-2/data/ratis] (custom)
2022-07-12 21:07:42,217 [pool-932-thread-1] INFO  server.RaftServerConfigKeys (ConfUtils.java:logGet(46)) - raft.server.log.corruption.policy = EXCEPTION (default)
2022-07-12 21:07:42,217 [pool-932-thread-1] INFO  server.RaftServerConfigKeys (ConfUtils.java:logGet(46)) - raft.server.storage.free-space.min = 0MB (=0) (default)
2022-07-12 21:07:42,218 [pool-932-thread-1] INFO  storage.RaftStorageDirectory (RaftStorageDirectoryImpl.java:analyzeStorage(135)) - The storage directory /home/runner/work/ozone/ozone/hadoop-ozone/integration-test/target/test-dir/MiniOzoneClusterImpl-03d8019b-d99e-41ea-b31f-f002ac91f2ca/datanode-2/data/ratis/33c00d41-850e-41e4-a488-d4169009462c does not exist. Creating ...
2022-07-12 21:07:42,219 [pool-932-thread-1] INFO  storage.RaftStorageDirectory (RaftStorageDirectoryImpl.java:tryLock(230)) - Lock on /home/runner/work/ozone/ozone/hadoop-ozone/integration-test/target/test-dir/MiniOzoneClusterImpl-03d8019b-d99e-41ea-b31f-f002ac91f2ca/datanode-2/data/ratis/33c00d41-850e-41e4-a488-d4169009462c/in_use.lock acquired by nodename 31611@fv-az452-57
2022-07-12 21:07:42,228 [pool-932-thread-1] INFO  storage.RaftStorage (RaftStorageImpl.java:format(89)) - Storage directory /home/runner/work/ozone/ozone/hadoop-ozone/integration-test/target/test-dir/MiniOzoneClusterImpl-03d8019b-d99e-41ea-b31f-f002ac91f2ca/datanode-2/data/ratis/33c00d41-850e-41e4-a488-d4169009462c has been successfully formatted.
2022-07-12 21:07:42,231 [EventQueue-PipelineReportForPipelineReportHandler] INFO  pipeline.PipelineManagerImpl (PipelineManagerImpl.java:openPipeline(359)) - Pipeline Pipeline[ Id: 33c00d41-850e-41e4-a488-d4169009462c, Nodes: 29d43e8b-b8c3-435a-bf60-ec797ee46bf5{ip: 10.1.0.20, host: fv-az452-57.ku3lqr0aiaqu5kfj3xdpchcrvd.dx.internal.cloudapp.net, ports: [REPLICATION=37409, RATIS=33347, RATIS_ADMIN=33347, RATIS_SERVER=33347, STANDALONE=33283], networkLocation: /default-rack, certSerialId: null, persistedOpState: IN_SERVICE, persistedOpStateExpiryEpochSec: 0}, ReplicationConfig: RATIS/ONE, State:ALLOCATED, leaderId:29d43e8b-b8c3-435a-bf60-ec797ee46bf5, CreationTimestamp2022-07-12T21:07:39.302Z[Etc/UTC]] moved to OPEN state
2022-07-12 21:07:42,232 [EventQueue-OpenPipelineForHealthyPipelineSafeModeRule] INFO  safemode.SCMSafeModeManager (HealthyPipelineSafeModeRule.java:process(124)) - SCM in safe mode. Healthy pipelines reported count is 0, required healthy pipeline reported count is 1
2022-07-12 21:07:42,235 [pool-932-thread-1] INFO  ratis.ContainerStateMachine (ContainerStateMachine.java:loadSnapshot(236)) - group-D4169009462C: The snapshot info is null. Setting the last applied indexto:(t:0, i:~)
2022-07-12 21:07:42,236 [pool-932-thread-1] INFO  server.RaftServerConfigKeys (ConfUtils.java:logGet(46)) - raft.server.notification.no-leader.timeout = 300s (custom)
2022-07-12 21:07:42,236 [pool-932-thread-1] INFO  server.RaftServerConfigKeys (ConfUtils.java:logGet(46)) - raft.server.log.use.memory = false (default)
2022-07-12 21:07:42,236 [pool-932-thread-1] INFO  server.RaftServerConfigKeys (ConfUtils.java:logGet(46)) - raft.server.log.purge.gap = 1000000 (custom)
2022-07-12 21:07:42,236 [pool-932-thread-1] INFO  server.RaftServerConfigKeys (ConfUtils.java:logGet(46)) - raft.server.log.appender.buffer.byte-limit = 33554432 (custom)
2022-07-12 21:07:42,236 [pool-932-thread-1] INFO  server.RaftServerConfigKeys (ConfUtils.java:logGet(46)) - raft.server.log.statemachine.data.read.timeout = 1000ms (default)
2022-07-12 21:07:42,236 [pool-932-thread-1] INFO  server.RaftServerConfigKeys (ConfUtils.java:logGet(46)) - raft.server.log.segment.size.max = 1048576 (custom)
2022-07-12 21:07:42,236 [pool-932-thread-1] INFO  server.RaftServerConfigKeys (ConfUtils.java:logGet(46)) - raft.server.log.segment.cache.num.max = 2 (custom)
2022-07-12 21:07:42,236 [pool-932-thread-1] INFO  server.RaftServerConfigKeys (ConfUtils.java:logGet(46)) - raft.server.log.segment.cache.size.max = 200MB (=209715200) (default)
2022-07-12 21:07:42,237 [pool-932-thread-1] INFO  segmented.SegmentedRaftLogWorker (SegmentedRaftLogWorker.java:<init>(187)) - new 29d43e8b-b8c3-435a-bf60-ec797ee46bf5@group-D4169009462C-SegmentedRaftLogWorker for RaftStorageImpl:Storage Directory /home/runner/work/ozone/ozone/hadoop-ozone/integration-test/target/test-dir/MiniOzoneClusterImpl-03d8019b-d99e-41ea-b31f-f002ac91f2ca/datanode-2/data/ratis/33c00d41-850e-41e4-a488-d4169009462c
2022-07-12 21:07:42,237 [pool-932-thread-1] INFO  server.RaftServerConfigKeys (ConfUtils.java:logGet(46)) - raft.server.log.queue.byte-limit = 4294967296 (custom)
2022-07-12 21:07:42,237 [pool-932-thread-1] INFO  server.RaftServerConfigKeys (ConfUtils.java:logGet(46)) - raft.server.log.queue.element-limit = 1024 (custom)
2022-07-12 21:07:42,237 [pool-932-thread-1] INFO  server.RaftServerConfigKeys (ConfUtils.java:logGet(46)) - raft.server.log.segment.size.max = 1048576 (custom)
2022-07-12 21:07:42,237 [pool-932-thread-1] INFO  server.RaftServerConfigKeys (ConfUtils.java:logGet(46)) - raft.server.log.preallocated.size = 16384 (custom)
2022-07-12 21:07:42,237 [pool-932-thread-1] INFO  server.RaftServerConfigKeys (ConfUtils.java:logGet(46)) - raft.server.log.force.sync.num = 128 (default)
2022-07-12 21:07:42,237 [pool-932-thread-1] INFO  server.RaftServerConfigKeys (ConfUtils.java:logGet(46)) - raft.server.log.statemachine.data.sync = true (default)
2022-07-12 21:07:42,237 [pool-932-thread-1] INFO  server.RaftServerConfigKeys (ConfUtils.java:logGet(46)) - raft.server.log.statemachine.data.sync.timeout = 10s (default)
2022-07-12 21:07:42,237 [pool-932-thread-1] INFO  server.RaftServerConfigKeys (ConfUtils.java:logGet(46)) - raft.server.log.statemachine.data.sync.timeout.retry = -1 (default)
2022-07-12 21:07:42,238 [pool-932-thread-1] INFO  server.RaftServerConfigKeys (ConfUtils.java:logGet(46)) - raft.server.log.write.buffer.size = 1048576 (custom)
2022-07-12 21:07:42,239 [pool-932-thread-1] INFO  server.RaftServerConfigKeys (ConfUtils.java:logGet(46)) - raft.server.log.unsafe-flush.enabled = false (default)
2022-07-12 21:07:42,239 [pool-932-thread-1] INFO  server.RaftServerConfigKeys (ConfUtils.java:logGet(46)) - raft.server.log.statemachine.data.caching.enabled = true (custom)
2022-07-12 21:07:42,239 [pool-932-thread-1] INFO  segmented.SegmentedRaftLogWorker (SegmentedRaftLogWorker.java:lambda$new$0(135)) - 29d43e8b-b8c3-435a-bf60-ec797ee46bf5@group-D4169009462C-SegmentedRaftLogWorker: flushIndex: setUnconditionally 0 -> -1
2022-07-12 21:07:42,239 [pool-932-thread-1] INFO  segmented.SegmentedRaftLogWorker (SegmentedRaftLogWorker.java:lambda$new$0(135)) - 29d43e8b-b8c3-435a-bf60-ec797ee46bf5@group-D4169009462C-SegmentedRaftLogWorker: safeCacheEvictIndex: setUnconditionally 0 -> -1
2022-07-12 21:07:42,247 [pool-932-thread-1] INFO  server.RaftServerConfigKeys (ConfUtils.java:logGet(46)) - raft.server.snapshot.auto.trigger.enabled = true (custom)
2022-07-12 21:07:42,247 [pool-932-thread-1] INFO  server.RaftServerConfigKeys (ConfUtils.java:logGet(46)) - raft.server.snapshot.auto.trigger.threshold = 10000 (custom)
2022-07-12 21:07:42,248 [pool-932-thread-1] INFO  server.RaftServerConfigKeys (ConfUtils.java:logGet(46)) - raft.server.snapshot.retention.file.num = 5 (custom)
2022-07-12 21:07:42,248 [pool-932-thread-1] INFO  server.RaftServerConfigKeys (ConfUtils.java:logGet(46)) - raft.server.log.purge.upto.snapshot.index = false (default)
2022-07-12 21:07:42,248 [pool-932-thread-1] INFO  server.RaftServerConfigKeys (ConfUtils.java:logGet(46)) - raft.server.retrycache.expirytime = 600000ms (custom)
2022-07-12 21:07:42,248 [pool-932-thread-1] INFO  server.RaftServerConfigKeys (ConfUtils.java:logGet(46)) - raft.server.retrycache.statistics.expirytime = 100μs (default)
2022-07-12 21:07:42,253 [pool-932-thread-1] INFO  server.RaftServerConfigKeys (ConfUtils.java:logGet(46)) - raft.server.log.appender.install.snapshot.enabled = false (custom)
2022-07-12 21:07:42,253 [pool-932-thread-1] INFO  server.RaftServerConfigKeys (ConfUtils.java:logGet(46)) - raft.server.threadpool.server.cached = true (default)
2022-07-12 21:07:42,253 [pool-932-thread-1] INFO  server.RaftServerConfigKeys (ConfUtils.java:logGet(46)) - raft.server.threadpool.server.size = 0 (default)
2022-07-12 21:07:42,253 [pool-932-thread-1] INFO  server.RaftServerConfigKeys (ConfUtils.java:logGet(46)) - raft.server.threadpool.client.cached = true (default)
2022-07-12 21:07:42,258 [pool-932-thread-1] INFO  server.RaftServerConfigKeys (ConfUtils.java:logGet(46)) - raft.server.threadpool.client.size = 0 (default)
2022-07-12 21:07:42,258 [pool-932-thread-1] INFO  server.RaftServer$Division (RaftServerImpl.java:start(310)) - 29d43e8b-b8c3-435a-bf60-ec797ee46bf5@group-D4169009462C: start as a follower, conf=-1: [29d43e8b-b8c3-435a-bf60-ec797ee46bf5|rpc:10.1.0.20:33347|priority:1], old=null
2022-07-12 21:07:42,258 [pool-932-thread-1] INFO  server.RaftServer$Division (RaftServerImpl.java:setRole(299)) - 29d43e8b-b8c3-435a-bf60-ec797ee46bf5@group-D4169009462C: changes role from      null to FOLLOWER at term 0 for startAsFollower
2022-07-12 21:07:42,258 [pool-932-thread-1] INFO  impl.RoleInfo (RoleInfo.java:updateAndGet(139)) - 29d43e8b-b8c3-435a-bf60-ec797ee46bf5: start 29d43e8b-b8c3-435a-bf60-ec797ee46bf5@group-D4169009462C-FollowerState
2022-07-12 21:07:42,258 [pool-932-thread-1] INFO  util.JmxRegister (JmxRegister.java:tryRegister(44)) - Successfully registered JMX Bean with object name Ratis:service=RaftServer,group=group-D4169009462C,id=29d43e8b-b8c3-435a-bf60-ec797ee46bf5
2022-07-12 21:07:42,259 [Command processor thread] INFO  ratis.XceiverServerRatis (XceiverServerRatis.java:addGroup(765)) - Created group PipelineID=33c00d41-850e-41e4-a488-d4169009462c
2022-07-12 21:07:42,259 [Command processor thread] INFO  commandhandler.CreatePipelineCommandHandler (CreatePipelineCommandHandler.java:handle(113)) - Created Pipeline RATIS ONE PipelineID=33c00d41-850e-41e4-a488-d4169009462c.
2022-07-12 21:07:42,756 [Listener at 127.0.0.1/33595] INFO  ozone.MiniOzoneClusterImpl (MiniOzoneClusterImpl.java:lambda$waitForClusterToBeReady$0(223)) - Waiting for nodes to be ready. Got 4 of 5 DN Heartbeats.
2022-07-12 21:07:42,756 [Listener at 127.0.0.1/33595] INFO  ozone.MiniOzoneClusterImpl (MiniOzoneClusterImpl.java:lambda$waitForClusterToBeReady$0(226)) - Waiting for cluster to exit safe mode
2022-07-12 21:07:42,756 [Listener at 127.0.0.1/33595] INFO  ozone.MiniOzoneClusterImpl (MiniOzoneClusterImpl.java:lambda$waitForClusterToBeReady$0(228)) - SCM became leader
2022-07-12 21:07:42,824 [IPC Server handler 0 on default port 33845] INFO  net.NetworkTopologyImpl (NetworkTopologyImpl.java:add(112)) - Added a new node: /default-rack/a8440338-9c05-4a69-82ce-0c098fe5e8a5
2022-07-12 21:07:42,824 [IPC Server handler 0 on default port 33845] INFO  node.SCMNodeManager (SCMNodeManager.java:register(397)) - Registered Data node : a8440338-9c05-4a69-82ce-0c098fe5e8a5{ip: 10.1.0.20, host: fv-az452-57.ku3lqr0aiaqu5kfj3xdpchcrvd.dx.internal.cloudapp.net, ports: [REPLICATION=46061, RATIS=39637, RATIS_ADMIN=39637, RATIS_SERVER=39637, STANDALONE=41085], networkLocation: /default-rack, certSerialId: null, persistedOpState: null, persistedOpStateExpiryEpochSec: 0}
2022-07-12 21:07:42,827 [EventQueue-NewNodeForNewNodeHandler] INFO  pipeline.BackgroundPipelineCreator (BackgroundPipelineCreator.java:notifyEventTriggered(275)) - trigger a one-shot run on RatisPipelineUtilsThread.
2022-07-12 21:07:42,828 [RatisPipelineUtilsThread - 0] INFO  pipeline.RatisPipelineProvider (RatisPipelineProvider.java:lambda$create$0(195)) - Sending CreatePipelineCommand for pipeline:PipelineID=476bab6c-e286-40aa-9b32-fb272fc9e82a to datanode:a8440338-9c05-4a69-82ce-0c098fe5e8a5
2022-07-12 21:07:42,828 [RatisPipelineUtilsThread - 0] INFO  pipeline.PipelineStateManagerImpl (PipelineStateManagerImpl.java:addPipeline(103)) - Created pipeline Pipeline[ Id: 476bab6c-e286-40aa-9b32-fb272fc9e82a, Nodes: a8440338-9c05-4a69-82ce-0c098fe5e8a5{ip: 10.1.0.20, host: fv-az452-57.ku3lqr0aiaqu5kfj3xdpchcrvd.dx.internal.cloudapp.net, ports: [REPLICATION=46061, RATIS=39637, RATIS_ADMIN=39637, RATIS_SERVER=39637, STANDALONE=41085], networkLocation: /default-rack, certSerialId: null, persistedOpState: IN_SERVICE, persistedOpStateExpiryEpochSec: 0}, ReplicationConfig: RATIS/ONE, State:ALLOCATED, leaderId:, CreationTimestamp2022-07-12T21:07:42.828Z[Etc/UTC]].
2022-07-12 21:07:43,756 [Listener at 127.0.0.1/33595] INFO  ozone.MiniOzoneClusterImpl (MiniOzoneClusterImpl.java:lambda$waitForClusterToBeReady$0(223)) - Nodes are ready. Got 5 of 5 DN Heartbeats.
2022-07-12 21:07:43,757 [Listener at 127.0.0.1/33595] INFO  ozone.MiniOzoneClusterImpl (MiniOzoneClusterImpl.java:lambda$waitForClusterToBeReady$0(226)) - Waiting for cluster to exit safe mode
2022-07-12 21:07:43,757 [Listener at 127.0.0.1/33595] INFO  ozone.MiniOzoneClusterImpl (MiniOzoneClusterImpl.java:lambda$waitForClusterToBeReady$0(228)) - SCM became leader
2022-07-12 21:07:44,193 [Command processor thread] INFO  server.RaftServer (RaftServerProxy.java:addNew(96)) - 227bf7d9-d38a-4d6d-9648-c1fd7cd9c2e7: addNew group-13834888C403:[227bf7d9-d38a-4d6d-9648-c1fd7cd9c2e7|rpc:10.1.0.20:33185|priority:1] returns group-13834888C403:java.util.concurrent.CompletableFuture@5bc30498[Not completed]
2022-07-12 21:07:44,194 [pool-963-thread-1] INFO  server.RaftServer$Division (RaftServerImpl.java:<init>(190)) - 227bf7d9-d38a-4d6d-9648-c1fd7cd9c2e7: new RaftServerImpl for group-13834888C403:[227bf7d9-d38a-4d6d-9648-c1fd7cd9c2e7|rpc:10.1.0.20:33185|priority:1] with ContainerStateMachine:uninitialized
2022-07-12 21:07:44,194 [pool-963-thread-1] INFO  server.RaftServerConfigKeys (ConfUtils.java:logGet(46)) - raft.server.rpc.timeout.min = 5s (custom)
2022-07-12 21:07:44,194 [pool-963-thread-1] INFO  server.RaftServerConfigKeys (ConfUtils.java:logGet(46)) - raft.server.rpc.timeout.max = 5200ms (custom)
2022-07-12 21:07:44,194 [pool-963-thread-1] INFO  server.RaftServerConfigKeys (ConfUtils.java:logGet(46)) - raft.server.rpc.sleep.time = 25ms (default)
2022-07-12 21:07:44,194 [pool-963-thread-1] INFO  server.RaftServerConfigKeys (ConfUtils.java:logGet(46)) - raft.server.rpc.slowness.timeout = 300s (custom)
2022-07-12 21:07:44,194 [pool-963-thread-1] INFO  server.RaftServerConfigKeys (ConfUtils.java:logGet(46)) - raft.server.leaderelection.leader.step-down.wait-time = 10s (default)
2022-07-12 21:07:44,194 [pool-963-thread-1] INFO  server.RaftServerConfigKeys (ConfUtils.java:logGet(46)) - raft.server.sleep.deviation.threshold = 300ms (default)
2022-07-12 21:07:44,194 [pool-963-thread-1] INFO  server.RaftServer$Division (ServerState.java:<init>(107)) - 227bf7d9-d38a-4d6d-9648-c1fd7cd9c2e7@group-13834888C403: ConfigurationManager, init=-1: [227bf7d9-d38a-4d6d-9648-c1fd7cd9c2e7|rpc:10.1.0.20:33185|priority:1], old=null, confs=<EMPTY_MAP>
2022-07-12 21:07:44,194 [pool-963-thread-1] INFO  server.RaftServerConfigKeys (ConfUtils.java:logGet(46)) - raft.server.storage.dir = [/home/runner/work/ozone/ozone/hadoop-ozone/integration-test/target/test-dir/MiniOzoneClusterImpl-03d8019b-d99e-41ea-b31f-f002ac91f2ca/datanode-3/data/ratis] (custom)
2022-07-12 21:07:44,194 [pool-963-thread-1] INFO  server.RaftServerConfigKeys (ConfUtils.java:logGet(46)) - raft.server.log.corruption.policy = EXCEPTION (default)
2022-07-12 21:07:44,194 [pool-963-thread-1] INFO  server.RaftServerConfigKeys (ConfUtils.java:logGet(46)) - raft.server.storage.free-space.min = 0MB (=0) (default)
2022-07-12 21:07:44,194 [pool-963-thread-1] INFO  storage.RaftStorageDirectory (RaftStorageDirectoryImpl.java:analyzeStorage(135)) - The storage directory /home/runner/work/ozone/ozone/hadoop-ozone/integration-test/target/test-dir/MiniOzoneClusterImpl-03d8019b-d99e-41ea-b31f-f002ac91f2ca/datanode-3/data/ratis/8e66cea1-1d52-42f3-9eff-13834888c403 does not exist. Creating ...
2022-07-12 21:07:44,217 [pool-963-thread-1] INFO  storage.RaftStorageDirectory (RaftStorageDirectoryImpl.java:tryLock(230)) - Lock on /home/runner/work/ozone/ozone/hadoop-ozone/integration-test/target/test-dir/MiniOzoneClusterImpl-03d8019b-d99e-41ea-b31f-f002ac91f2ca/datanode-3/data/ratis/8e66cea1-1d52-42f3-9eff-13834888c403/in_use.lock acquired by nodename 31611@fv-az452-57
2022-07-12 21:07:44,219 [pool-963-thread-1] INFO  storage.RaftStorage (RaftStorageImpl.java:format(89)) - Storage directory /home/runner/work/ozone/ozone/hadoop-ozone/integration-test/target/test-dir/MiniOzoneClusterImpl-03d8019b-d99e-41ea-b31f-f002ac91f2ca/datanode-3/data/ratis/8e66cea1-1d52-42f3-9eff-13834888c403 has been successfully formatted.
2022-07-12 21:07:44,243 [pool-963-thread-1] INFO  ratis.ContainerStateMachine (ContainerStateMachine.java:loadSnapshot(236)) - group-13834888C403: The snapshot info is null. Setting the last applied indexto:(t:0, i:~)
2022-07-12 21:07:44,244 [EventQueue-PipelineReportForPipelineReportHandler] INFO  pipeline.PipelineManagerImpl (PipelineManagerImpl.java:openPipeline(359)) - Pipeline Pipeline[ Id: 8e66cea1-1d52-42f3-9eff-13834888c403, Nodes: 227bf7d9-d38a-4d6d-9648-c1fd7cd9c2e7{ip: 10.1.0.20, host: fv-az452-57.ku3lqr0aiaqu5kfj3xdpchcrvd.dx.internal.cloudapp.net, ports: [REPLICATION=42629, RATIS=33185, RATIS_ADMIN=33185, RATIS_SERVER=33185, STANDALONE=33287], networkLocation: /default-rack, certSerialId: null, persistedOpState: IN_SERVICE, persistedOpStateExpiryEpochSec: 0}, ReplicationConfig: RATIS/ONE, State:ALLOCATED, leaderId:227bf7d9-d38a-4d6d-9648-c1fd7cd9c2e7, CreationTimestamp2022-07-12T21:07:41.190Z[Etc/UTC]] moved to OPEN state
2022-07-12 21:07:44,244 [pool-963-thread-1] INFO  server.RaftServerConfigKeys (ConfUtils.java:logGet(46)) - raft.server.notification.no-leader.timeout = 300s (custom)
2022-07-12 21:07:44,245 [EventQueue-OpenPipelineForHealthyPipelineSafeModeRule] INFO  safemode.SCMSafeModeManager (HealthyPipelineSafeModeRule.java:process(124)) - SCM in safe mode. Healthy pipelines reported count is 0, required healthy pipeline reported count is 1
2022-07-12 21:07:44,245 [pool-963-thread-1] INFO  server.RaftServerConfigKeys (ConfUtils.java:logGet(46)) - raft.server.log.use.memory = false (default)
2022-07-12 21:07:44,247 [pool-963-thread-1] INFO  server.RaftServerConfigKeys (ConfUtils.java:logGet(46)) - raft.server.log.purge.gap = 1000000 (custom)
2022-07-12 21:07:44,247 [pool-963-thread-1] INFO  server.RaftServerConfigKeys (ConfUtils.java:logGet(46)) - raft.server.log.appender.buffer.byte-limit = 33554432 (custom)
2022-07-12 21:07:44,248 [pool-963-thread-1] INFO  server.RaftServerConfigKeys (ConfUtils.java:logGet(46)) - raft.server.log.statemachine.data.read.timeout = 1000ms (default)
2022-07-12 21:07:44,248 [pool-963-thread-1] INFO  server.RaftServerConfigKeys (ConfUtils.java:logGet(46)) - raft.server.log.segment.size.max = 1048576 (custom)
2022-07-12 21:07:44,248 [pool-963-thread-1] INFO  server.RaftServerConfigKeys (ConfUtils.java:logGet(46)) - raft.server.log.segment.cache.num.max = 2 (custom)
2022-07-12 21:07:44,248 [pool-963-thread-1] INFO  server.RaftServerConfigKeys (ConfUtils.java:logGet(46)) - raft.server.log.segment.cache.size.max = 200MB (=209715200) (default)
2022-07-12 21:07:44,248 [pool-963-thread-1] INFO  segmented.SegmentedRaftLogWorker (SegmentedRaftLogWorker.java:<init>(187)) - new 227bf7d9-d38a-4d6d-9648-c1fd7cd9c2e7@group-13834888C403-SegmentedRaftLogWorker for RaftStorageImpl:Storage Directory /home/runner/work/ozone/ozone/hadoop-ozone/integration-test/target/test-dir/MiniOzoneClusterImpl-03d8019b-d99e-41ea-b31f-f002ac91f2ca/datanode-3/data/ratis/8e66cea1-1d52-42f3-9eff-13834888c403
2022-07-12 21:07:44,248 [pool-963-thread-1] INFO  server.RaftServerConfigKeys (ConfUtils.java:logGet(46)) - raft.server.log.queue.byte-limit = 4294967296 (custom)
2022-07-12 21:07:44,248 [pool-963-thread-1] INFO  server.RaftServerConfigKeys (ConfUtils.java:logGet(46)) - raft.server.log.queue.element-limit = 1024 (custom)
2022-07-12 21:07:44,248 [pool-963-thread-1] INFO  server.RaftServerConfigKeys (ConfUtils.java:logGet(46)) - raft.server.log.segment.size.max = 1048576 (custom)
2022-07-12 21:07:44,248 [pool-963-thread-1] INFO  server.RaftServerConfigKeys (ConfUtils.java:logGet(46)) - raft.server.log.preallocated.size = 16384 (custom)
2022-07-12 21:07:44,249 [pool-963-thread-1] INFO  server.RaftServerConfigKeys (ConfUtils.java:logGet(46)) - raft.server.log.force.sync.num = 128 (default)
2022-07-12 21:07:44,249 [pool-963-thread-1] INFO  server.RaftServerConfigKeys (ConfUtils.java:logGet(46)) - raft.server.log.statemachine.data.sync = true (default)
2022-07-12 21:07:44,249 [pool-963-thread-1] INFO  server.RaftServerConfigKeys (ConfUtils.java:logGet(46)) - raft.server.log.statemachine.data.sync.timeout = 10s (default)
2022-07-12 21:07:44,249 [pool-963-thread-1] INFO  server.RaftServerConfigKeys (ConfUtils.java:logGet(46)) - raft.server.log.statemachine.data.sync.timeout.retry = -1 (default)
2022-07-12 21:07:44,250 [pool-963-thread-1] INFO  server.RaftServerConfigKeys (ConfUtils.java:logGet(46)) - raft.server.log.write.buffer.size = 1048576 (custom)
2022-07-12 21:07:44,250 [pool-963-thread-1] INFO  server.RaftServerConfigKeys (ConfUtils.java:logGet(46)) - raft.server.log.unsafe-flush.enabled = false (default)
2022-07-12 21:07:44,251 [pool-963-thread-1] INFO  server.RaftServerConfigKeys (ConfUtils.java:logGet(46)) - raft.server.log.statemachine.data.caching.enabled = true (custom)
2022-07-12 21:07:44,265 [pool-963-thread-1] INFO  segmented.SegmentedRaftLogWorker (SegmentedRaftLogWorker.java:lambda$new$0(135)) - 227bf7d9-d38a-4d6d-9648-c1fd7cd9c2e7@group-13834888C403-SegmentedRaftLogWorker: flushIndex: setUnconditionally 0 -> -1
2022-07-12 21:07:44,265 [pool-963-thread-1] INFO  segmented.SegmentedRaftLogWorker (SegmentedRaftLogWorker.java:lambda$new$0(135)) - 227bf7d9-d38a-4d6d-9648-c1fd7cd9c2e7@group-13834888C403-SegmentedRaftLogWorker: safeCacheEvictIndex: setUnconditionally 0 -> -1
2022-07-12 21:07:44,295 [pool-963-thread-1] INFO  server.RaftServerConfigKeys (ConfUtils.java:logGet(46)) - raft.server.snapshot.auto.trigger.enabled = true (custom)
2022-07-12 21:07:44,296 [pool-963-thread-1] INFO  server.RaftServerConfigKeys (ConfUtils.java:logGet(46)) - raft.server.snapshot.auto.trigger.threshold = 10000 (custom)
2022-07-12 21:07:44,296 [pool-963-thread-1] INFO  server.RaftServerConfigKeys (ConfUtils.java:logGet(46)) - raft.server.snapshot.retention.file.num = 5 (custom)
2022-07-12 21:07:44,296 [pool-963-thread-1] INFO  server.RaftServerConfigKeys (ConfUtils.java:logGet(46)) - raft.server.log.purge.upto.snapshot.index = false (default)
2022-07-12 21:07:44,296 [pool-963-thread-1] INFO  server.RaftServerConfigKeys (ConfUtils.java:logGet(46)) - raft.server.retrycache.expirytime = 600000ms (custom)
2022-07-12 21:07:44,296 [pool-963-thread-1] INFO  server.RaftServerConfigKeys (ConfUtils.java:logGet(46)) - raft.server.retrycache.statistics.expirytime = 100μs (default)
2022-07-12 21:07:44,297 [pool-963-thread-1] INFO  server.RaftServerConfigKeys (ConfUtils.java:logGet(46)) - raft.server.log.appender.install.snapshot.enabled = false (custom)
2022-07-12 21:07:44,297 [pool-963-thread-1] INFO  server.RaftServerConfigKeys (ConfUtils.java:logGet(46)) - raft.server.threadpool.server.cached = true (default)
2022-07-12 21:07:44,303 [pool-963-thread-1] INFO  server.RaftServerConfigKeys (ConfUtils.java:logGet(46)) - raft.server.threadpool.server.size = 0 (default)
2022-07-12 21:07:44,303 [pool-963-thread-1] INFO  server.RaftServerConfigKeys (ConfUtils.java:logGet(46)) - raft.server.threadpool.client.cached = true (default)
2022-07-12 21:07:44,304 [pool-963-thread-1] INFO  server.RaftServerConfigKeys (ConfUtils.java:logGet(46)) - raft.server.threadpool.client.size = 0 (default)
2022-07-12 21:07:44,304 [pool-963-thread-1] INFO  server.RaftServer$Division (RaftServerImpl.java:start(310)) - 227bf7d9-d38a-4d6d-9648-c1fd7cd9c2e7@group-13834888C403: start as a follower, conf=-1: [227bf7d9-d38a-4d6d-9648-c1fd7cd9c2e7|rpc:10.1.0.20:33185|priority:1], old=null
2022-07-12 21:07:44,304 [pool-963-thread-1] INFO  server.RaftServer$Division (RaftServerImpl.java:setRole(299)) - 227bf7d9-d38a-4d6d-9648-c1fd7cd9c2e7@group-13834888C403: changes role from      null to FOLLOWER at term 0 for startAsFollower
2022-07-12 21:07:44,304 [pool-963-thread-1] INFO  impl.RoleInfo (RoleInfo.java:updateAndGet(139)) - 227bf7d9-d38a-4d6d-9648-c1fd7cd9c2e7: start 227bf7d9-d38a-4d6d-9648-c1fd7cd9c2e7@group-13834888C403-FollowerState
2022-07-12 21:07:44,313 [ddb9d7c4-a5dc-476f-83e2-b66bdd4cd965@group-4AC6D0810510-FollowerState] INFO  impl.FollowerState (FollowerState.java:run(143)) - ddb9d7c4-a5dc-476f-83e2-b66bdd4cd965@group-4AC6D0810510-FollowerState: change to CANDIDATE, lastRpcElapsedTime:5098176279ns, electionTimeout:5097ms
2022-07-12 21:07:44,313 [ddb9d7c4-a5dc-476f-83e2-b66bdd4cd965@group-4AC6D0810510-FollowerState] INFO  impl.RoleInfo (RoleInfo.java:shutdownFollowerState(110)) - ddb9d7c4-a5dc-476f-83e2-b66bdd4cd965: shutdown ddb9d7c4-a5dc-476f-83e2-b66bdd4cd965@group-4AC6D0810510-FollowerState
2022-07-12 21:07:44,313 [ddb9d7c4-a5dc-476f-83e2-b66bdd4cd965@group-4AC6D0810510-FollowerState] INFO  server.RaftServer$Division (RaftServerImpl.java:setRole(299)) - ddb9d7c4-a5dc-476f-83e2-b66bdd4cd965@group-4AC6D0810510: changes role from  FOLLOWER to CANDIDATE at term 0 for changeToCandidate
2022-07-12 21:07:44,317 [pool-963-thread-1] INFO  util.JmxRegister (JmxRegister.java:tryRegister(44)) - Successfully registered JMX Bean with object name Ratis:service=RaftServer,group=group-13834888C403,id=227bf7d9-d38a-4d6d-9648-c1fd7cd9c2e7
2022-07-12 21:07:44,319 [ddb9d7c4-a5dc-476f-83e2-b66bdd4cd965@group-4AC6D0810510-FollowerState] INFO  server.RaftServerConfigKeys (ConfUtils.java:logGet(46)) - raft.server.leaderelection.pre-vote = false (custom)
2022-07-12 21:07:44,319 [ddb9d7c4-a5dc-476f-83e2-b66bdd4cd965@group-4AC6D0810510-FollowerState] INFO  impl.RoleInfo (RoleInfo.java:updateAndGet(139)) - ddb9d7c4-a5dc-476f-83e2-b66bdd4cd965: start ddb9d7c4-a5dc-476f-83e2-b66bdd4cd965@group-4AC6D0810510-LeaderElection42
2022-07-12 21:07:44,319 [Command processor thread] INFO  ratis.XceiverServerRatis (XceiverServerRatis.java:addGroup(765)) - Created group PipelineID=8e66cea1-1d52-42f3-9eff-13834888c403
2022-07-12 21:07:44,320 [Command processor thread] INFO  commandhandler.CreatePipelineCommandHandler (CreatePipelineCommandHandler.java:handle(113)) - Created Pipeline RATIS ONE PipelineID=8e66cea1-1d52-42f3-9eff-13834888c403.
2022-07-12 21:07:44,360 [ddb9d7c4-a5dc-476f-83e2-b66bdd4cd965@group-4AC6D0810510-LeaderElection42] INFO  impl.LeaderElection (LeaderElection.java:askForVotes(310)) - ddb9d7c4-a5dc-476f-83e2-b66bdd4cd965@group-4AC6D0810510-LeaderElection42 ELECTION round 0: submit vote requests at term 1 for -1: [ddb9d7c4-a5dc-476f-83e2-b66bdd4cd965|rpc:10.1.0.20:35703|priority:1], old=null
2022-07-12 21:07:44,360 [ddb9d7c4-a5dc-476f-83e2-b66bdd4cd965@group-4AC6D0810510-LeaderElection42] INFO  impl.LeaderElection (LeaderElection.java:askForVotes(312)) - ddb9d7c4-a5dc-476f-83e2-b66bdd4cd965@group-4AC6D0810510-LeaderElection42 ELECTION round 0: result PASSED (term=1)
2022-07-12 21:07:44,361 [ddb9d7c4-a5dc-476f-83e2-b66bdd4cd965@group-4AC6D0810510-LeaderElection42] INFO  impl.RoleInfo (RoleInfo.java:shutdownLeaderElection(130)) - ddb9d7c4-a5dc-476f-83e2-b66bdd4cd965: shutdown ddb9d7c4-a5dc-476f-83e2-b66bdd4cd965@group-4AC6D0810510-LeaderElection42
2022-07-12 21:07:44,361 [ddb9d7c4-a5dc-476f-83e2-b66bdd4cd965@group-4AC6D0810510-LeaderElection42] INFO  server.RaftServer$Division (RaftServerImpl.java:setRole(299)) - ddb9d7c4-a5dc-476f-83e2-b66bdd4cd965@group-4AC6D0810510: changes role from CANDIDATE to LEADER at term 1 for changeToLeader
2022-07-12 21:07:44,361 [ddb9d7c4-a5dc-476f-83e2-b66bdd4cd965@group-4AC6D0810510-LeaderElection42] INFO  ratis.XceiverServerRatis (XceiverServerRatis.java:handleLeaderChangedNotification(863)) - Leader change notification received for group: group-4AC6D0810510 with new leaderId: ddb9d7c4-a5dc-476f-83e2-b66bdd4cd965
2022-07-12 21:07:44,361 [ddb9d7c4-a5dc-476f-83e2-b66bdd4cd965@group-4AC6D0810510-LeaderElection42] INFO  server.RaftServer$Division (ServerState.java:setLeader(287)) - ddb9d7c4-a5dc-476f-83e2-b66bdd4cd965@group-4AC6D0810510: change Leader from null to ddb9d7c4-a5dc-476f-83e2-b66bdd4cd965 at term 1 for becomeLeader, leader elected after 5177ms
2022-07-12 21:07:44,361 [ddb9d7c4-a5dc-476f-83e2-b66bdd4cd965@group-4AC6D0810510-LeaderElection42] INFO  server.RaftServerConfigKeys (ConfUtils.java:logGet(46)) - raft.server.staging.catchup.gap = 1000 (default)
2022-07-12 21:07:44,361 [ddb9d7c4-a5dc-476f-83e2-b66bdd4cd965@group-4AC6D0810510-LeaderElection42] INFO  server.RaftServerConfigKeys (ConfUtils.java:logGet(46)) - raft.server.write.element-limit = 1024 (custom)
2022-07-12 21:07:44,361 [ddb9d7c4-a5dc-476f-83e2-b66bdd4cd965@group-4AC6D0810510-LeaderElection42] INFO  server.RaftServerConfigKeys (ConfUtils.java:logGet(46)) - raft.server.write.byte-limit = 1024 M (=1073741824) (custom)
2022-07-12 21:07:44,362 [ddb9d7c4-a5dc-476f-83e2-b66bdd4cd965@group-4AC6D0810510-LeaderElection42] INFO  server.RaftServerConfigKeys (ConfUtils.java:logGet(46)) - raft.server.watch.timeout = 180s (custom)
2022-07-12 21:07:44,362 [ddb9d7c4-a5dc-476f-83e2-b66bdd4cd965@group-4AC6D0810510-LeaderElection42] INFO  server.RaftServerConfigKeys (ConfUtils.java:logGet(46)) - raft.server.watch.timeout.denomination = 1s (default)
2022-07-12 21:07:44,362 [ddb9d7c4-a5dc-476f-83e2-b66bdd4cd965@group-4AC6D0810510-LeaderElection42] INFO  server.RaftServerConfigKeys (ConfUtils.java:logGet(46)) - raft.server.watch.element-limit = 65536 (default)
2022-07-12 21:07:44,362 [ddb9d7c4-a5dc-476f-83e2-b66bdd4cd965@group-4AC6D0810510-LeaderElection42] INFO  server.RaftServerConfigKeys (ConfUtils.java:logGet(46)) - raft.server.write.element-limit = 1024 (custom)
2022-07-12 21:07:44,362 [ddb9d7c4-a5dc-476f-83e2-b66bdd4cd965@group-4AC6D0810510-LeaderElection42] INFO  server.RaftServerConfigKeys (ConfUtils.java:logGet(46)) - raft.server.write.follower.gap.ratio.max = -1.0 (default)
2022-07-12 21:07:44,362 [ddb9d7c4-a5dc-476f-83e2-b66bdd4cd965@group-4AC6D0810510-LeaderElection42] INFO  impl.RoleInfo (RoleInfo.java:updateAndGet(139)) - ddb9d7c4-a5dc-476f-83e2-b66bdd4cd965: start ddb9d7c4-a5dc-476f-83e2-b66bdd4cd965@group-4AC6D0810510-LeaderStateImpl
2022-07-12 21:07:44,362 [ddb9d7c4-a5dc-476f-83e2-b66bdd4cd965@group-4AC6D0810510-LeaderElection42] INFO  segmented.SegmentedRaftLogWorker (SegmentedRaftLogWorker.java:startLogSegment(425)) - ddb9d7c4-a5dc-476f-83e2-b66bdd4cd965@group-4AC6D0810510-SegmentedRaftLogWorker: Starting segment from index:0
2022-07-12 21:07:44,364 [ddb9d7c4-a5dc-476f-83e2-b66bdd4cd965@group-4AC6D0810510-SegmentedRaftLogWorker] INFO  segmented.SegmentedRaftLogWorker (SegmentedRaftLogWorker.java:execute(629)) - ddb9d7c4-a5dc-476f-83e2-b66bdd4cd965@group-4AC6D0810510-SegmentedRaftLogWorker: created new log segment /home/runner/work/ozone/ozone/hadoop-ozone/integration-test/target/test-dir/MiniOzoneClusterImpl-03d8019b-d99e-41ea-b31f-f002ac91f2ca/datanode-0/data/ratis/89da5e16-41de-4585-8d01-4ac6d0810510/current/log_inprogress_0
2022-07-12 21:07:44,372 [ddb9d7c4-a5dc-476f-83e2-b66bdd4cd965@group-4AC6D0810510-LeaderElection42] INFO  server.RaftServer$Division (ServerState.java:setRaftConf(393)) - ddb9d7c4-a5dc-476f-83e2-b66bdd4cd965@group-4AC6D0810510: set configuration 0: [ddb9d7c4-a5dc-476f-83e2-b66bdd4cd965|rpc:10.1.0.20:35703|dataStream:|priority:1], old=null
2022-07-12 21:07:44,407 [EventQueue-OpenPipelineForHealthyPipelineSafeModeRule] INFO  safemode.SCMSafeModeManager (HealthyPipelineSafeModeRule.java:process(124)) - SCM in safe mode. Healthy pipelines reported count is 0, required healthy pipeline reported count is 1
2022-07-12 21:07:44,759 [Listener at 127.0.0.1/33595] INFO  ozone.MiniOzoneClusterImpl (MiniOzoneClusterImpl.java:lambda$waitForClusterToBeReady$0(223)) - Nodes are ready. Got 5 of 5 DN Heartbeats.
2022-07-12 21:07:44,759 [Listener at 127.0.0.1/33595] INFO  ozone.MiniOzoneClusterImpl (MiniOzoneClusterImpl.java:lambda$waitForClusterToBeReady$0(226)) - Waiting for cluster to exit safe mode
2022-07-12 21:07:44,761 [Listener at 127.0.0.1/33595] INFO  ozone.MiniOzoneClusterImpl (MiniOzoneClusterImpl.java:lambda$waitForClusterToBeReady$0(228)) - SCM became leader
2022-07-12 21:07:45,499 [a073d587-6aa7-4ca3-9889-8ecc19e2905e@group-0C8CF8DBD517-FollowerState] INFO  impl.FollowerState (FollowerState.java:run(143)) - a073d587-6aa7-4ca3-9889-8ecc19e2905e@group-0C8CF8DBD517-FollowerState: change to CANDIDATE, lastRpcElapsedTime:5076001176ns, electionTimeout:5067ms
2022-07-12 21:07:45,499 [a073d587-6aa7-4ca3-9889-8ecc19e2905e@group-0C8CF8DBD517-FollowerState] INFO  impl.RoleInfo (RoleInfo.java:shutdownFollowerState(110)) - a073d587-6aa7-4ca3-9889-8ecc19e2905e: shutdown a073d587-6aa7-4ca3-9889-8ecc19e2905e@group-0C8CF8DBD517-FollowerState
2022-07-12 21:07:45,499 [a073d587-6aa7-4ca3-9889-8ecc19e2905e@group-0C8CF8DBD517-FollowerState] INFO  server.RaftServer$Division (RaftServerImpl.java:setRole(299)) - a073d587-6aa7-4ca3-9889-8ecc19e2905e@group-0C8CF8DBD517: changes role from  FOLLOWER to CANDIDATE at term 0 for changeToCandidate
2022-07-12 21:07:45,499 [a073d587-6aa7-4ca3-9889-8ecc19e2905e@group-0C8CF8DBD517-FollowerState] INFO  server.RaftServerConfigKeys (ConfUtils.java:logGet(46)) - raft.server.leaderelection.pre-vote = false (custom)
2022-07-12 21:07:45,499 [a073d587-6aa7-4ca3-9889-8ecc19e2905e@group-0C8CF8DBD517-FollowerState] INFO  impl.RoleInfo (RoleInfo.java:updateAndGet(139)) - a073d587-6aa7-4ca3-9889-8ecc19e2905e: start a073d587-6aa7-4ca3-9889-8ecc19e2905e@group-0C8CF8DBD517-LeaderElection43
2022-07-12 21:07:45,551 [a073d587-6aa7-4ca3-9889-8ecc19e2905e@group-0C8CF8DBD517-LeaderElection43] INFO  impl.LeaderElection (LeaderElection.java:askForVotes(310)) - a073d587-6aa7-4ca3-9889-8ecc19e2905e@group-0C8CF8DBD517-LeaderElection43 ELECTION round 0: submit vote requests at term 1 for -1: [a073d587-6aa7-4ca3-9889-8ecc19e2905e|rpc:10.1.0.20:32847|priority:1], old=null
2022-07-12 21:07:45,552 [a073d587-6aa7-4ca3-9889-8ecc19e2905e@group-0C8CF8DBD517-LeaderElection43] INFO  impl.LeaderElection (LeaderElection.java:askForVotes(312)) - a073d587-6aa7-4ca3-9889-8ecc19e2905e@group-0C8CF8DBD517-LeaderElection43 ELECTION round 0: result PASSED (term=1)
2022-07-12 21:07:45,552 [a073d587-6aa7-4ca3-9889-8ecc19e2905e@group-0C8CF8DBD517-LeaderElection43] INFO  impl.RoleInfo (RoleInfo.java:shutdownLeaderElection(130)) - a073d587-6aa7-4ca3-9889-8ecc19e2905e: shutdown a073d587-6aa7-4ca3-9889-8ecc19e2905e@group-0C8CF8DBD517-LeaderElection43
2022-07-12 21:07:45,552 [a073d587-6aa7-4ca3-9889-8ecc19e2905e@group-0C8CF8DBD517-LeaderElection43] INFO  server.RaftServer$Division (RaftServerImpl.java:setRole(299)) - a073d587-6aa7-4ca3-9889-8ecc19e2905e@group-0C8CF8DBD517: changes role from CANDIDATE to LEADER at term 1 for changeToLeader
2022-07-12 21:07:45,552 [a073d587-6aa7-4ca3-9889-8ecc19e2905e@group-0C8CF8DBD517-LeaderElection43] INFO  ratis.XceiverServerRatis (XceiverServerRatis.java:handleLeaderChangedNotification(863)) - Leader change notification received for group: group-0C8CF8DBD517 with new leaderId: a073d587-6aa7-4ca3-9889-8ecc19e2905e
2022-07-12 21:07:45,552 [a073d587-6aa7-4ca3-9889-8ecc19e2905e@group-0C8CF8DBD517-LeaderElection43] INFO  server.RaftServer$Division (ServerState.java:setLeader(287)) - a073d587-6aa7-4ca3-9889-8ecc19e2905e@group-0C8CF8DBD517: change Leader from null to a073d587-6aa7-4ca3-9889-8ecc19e2905e at term 1 for becomeLeader, leader elected after 5150ms
2022-07-12 21:07:45,552 [a073d587-6aa7-4ca3-9889-8ecc19e2905e@group-0C8CF8DBD517-LeaderElection43] INFO  server.RaftServerConfigKeys (ConfUtils.java:logGet(46)) - raft.server.staging.catchup.gap = 1000 (default)
2022-07-12 21:07:45,552 [a073d587-6aa7-4ca3-9889-8ecc19e2905e@group-0C8CF8DBD517-LeaderElection43] INFO  server.RaftServerConfigKeys (ConfUtils.java:logGet(46)) - raft.server.write.element-limit = 1024 (custom)
2022-07-12 21:07:45,553 [a073d587-6aa7-4ca3-9889-8ecc19e2905e@group-0C8CF8DBD517-LeaderElection43] INFO  server.RaftServerConfigKeys (ConfUtils.java:logGet(46)) - raft.server.write.byte-limit = 1024 M (=1073741824) (custom)
2022-07-12 21:07:45,553 [a073d587-6aa7-4ca3-9889-8ecc19e2905e@group-0C8CF8DBD517-LeaderElection43] INFO  server.RaftServerConfigKeys (ConfUtils.java:logGet(46)) - raft.server.watch.timeout = 180s (custom)
2022-07-12 21:07:45,553 [a073d587-6aa7-4ca3-9889-8ecc19e2905e@group-0C8CF8DBD517-LeaderElection43] INFO  server.RaftServerConfigKeys (ConfUtils.java:logGet(46)) - raft.server.watch.timeout.denomination = 1s (default)
2022-07-12 21:07:45,553 [a073d587-6aa7-4ca3-9889-8ecc19e2905e@group-0C8CF8DBD517-LeaderElection43] INFO  server.RaftServerConfigKeys (ConfUtils.java:logGet(46)) - raft.server.watch.element-limit = 65536 (default)
2022-07-12 21:07:45,553 [a073d587-6aa7-4ca3-9889-8ecc19e2905e@group-0C8CF8DBD517-LeaderElection43] INFO  server.RaftServerConfigKeys (ConfUtils.java:logGet(46)) - raft.server.write.element-limit = 1024 (custom)
2022-07-12 21:07:45,553 [a073d587-6aa7-4ca3-9889-8ecc19e2905e@group-0C8CF8DBD517-LeaderElection43] INFO  server.RaftServerConfigKeys (ConfUtils.java:logGet(46)) - raft.server.write.follower.gap.ratio.max = -1.0 (default)
2022-07-12 21:07:45,553 [a073d587-6aa7-4ca3-9889-8ecc19e2905e@group-0C8CF8DBD517-LeaderElection43] INFO  impl.RoleInfo (RoleInfo.java:updateAndGet(139)) - a073d587-6aa7-4ca3-9889-8ecc19e2905e: start a073d587-6aa7-4ca3-9889-8ecc19e2905e@group-0C8CF8DBD517-LeaderStateImpl
2022-07-12 21:07:45,553 [a073d587-6aa7-4ca3-9889-8ecc19e2905e@group-0C8CF8DBD517-LeaderElection43] INFO  segmented.SegmentedRaftLogWorker (SegmentedRaftLogWorker.java:startLogSegment(425)) - a073d587-6aa7-4ca3-9889-8ecc19e2905e@group-0C8CF8DBD517-SegmentedRaftLogWorker: Starting segment from index:0
2022-07-12 21:07:45,558 [EventQueue-OpenPipelineForHealthyPipelineSafeModeRule] INFO  safemode.SCMSafeModeManager (HealthyPipelineSafeModeRule.java:process(124)) - SCM in safe mode. Healthy pipelines reported count is 0, required healthy pipeline reported count is 1
2022-07-12 21:07:45,559 [a073d587-6aa7-4ca3-9889-8ecc19e2905e@group-0C8CF8DBD517-SegmentedRaftLogWorker] INFO  segmented.SegmentedRaftLogWorker (SegmentedRaftLogWorker.java:execute(629)) - a073d587-6aa7-4ca3-9889-8ecc19e2905e@group-0C8CF8DBD517-SegmentedRaftLogWorker: created new log segment /home/runner/work/ozone/ozone/hadoop-ozone/integration-test/target/test-dir/MiniOzoneClusterImpl-03d8019b-d99e-41ea-b31f-f002ac91f2ca/datanode-1/data/ratis/74bffcff-803e-49d8-b756-0c8cf8dbd517/current/log_inprogress_0
2022-07-12 21:07:45,595 [a073d587-6aa7-4ca3-9889-8ecc19e2905e@group-0C8CF8DBD517-LeaderElection43] INFO  server.RaftServer$Division (ServerState.java:setRaftConf(393)) - a073d587-6aa7-4ca3-9889-8ecc19e2905e@group-0C8CF8DBD517: set configuration 0: [a073d587-6aa7-4ca3-9889-8ecc19e2905e|rpc:10.1.0.20:32847|dataStream:|priority:1], old=null
2022-07-12 21:07:45,742 [a073d587-6aa7-4ca3-9889-8ecc19e2905e@group-7E75DEA0AD0C-FollowerState] INFO  impl.FollowerState (FollowerState.java:run(143)) - a073d587-6aa7-4ca3-9889-8ecc19e2905e@group-7E75DEA0AD0C-FollowerState: change to CANDIDATE, lastRpcElapsedTime:5208668716ns, electionTimeout:5198ms
2022-07-12 21:07:45,743 [a073d587-6aa7-4ca3-9889-8ecc19e2905e@group-7E75DEA0AD0C-FollowerState] INFO  impl.RoleInfo (RoleInfo.java:shutdownFollowerState(110)) - a073d587-6aa7-4ca3-9889-8ecc19e2905e: shutdown a073d587-6aa7-4ca3-9889-8ecc19e2905e@group-7E75DEA0AD0C-FollowerState
2022-07-12 21:07:45,743 [a073d587-6aa7-4ca3-9889-8ecc19e2905e@group-7E75DEA0AD0C-FollowerState] INFO  server.RaftServer$Division (RaftServerImpl.java:setRole(299)) - a073d587-6aa7-4ca3-9889-8ecc19e2905e@group-7E75DEA0AD0C: changes role from  FOLLOWER to CANDIDATE at term 0 for changeToCandidate
2022-07-12 21:07:45,743 [a073d587-6aa7-4ca3-9889-8ecc19e2905e@group-7E75DEA0AD0C-FollowerState] INFO  server.RaftServerConfigKeys (ConfUtils.java:logGet(46)) - raft.server.leaderelection.pre-vote = false (custom)
2022-07-12 21:07:45,743 [a073d587-6aa7-4ca3-9889-8ecc19e2905e@group-7E75DEA0AD0C-FollowerState] INFO  impl.RoleInfo (RoleInfo.java:updateAndGet(139)) - a073d587-6aa7-4ca3-9889-8ecc19e2905e: start a073d587-6aa7-4ca3-9889-8ecc19e2905e@group-7E75DEA0AD0C-LeaderElection44
2022-07-12 21:07:45,761 [Listener at 127.0.0.1/33595] INFO  ozone.MiniOzoneClusterImpl (MiniOzoneClusterImpl.java:lambda$waitForClusterToBeReady$0(223)) - Nodes are ready. Got 5 of 5 DN Heartbeats.
2022-07-12 21:07:45,762 [Listener at 127.0.0.1/33595] INFO  ozone.MiniOzoneClusterImpl (MiniOzoneClusterImpl.java:lambda$waitForClusterToBeReady$0(226)) - Waiting for cluster to exit safe mode
2022-07-12 21:07:45,762 [Listener at 127.0.0.1/33595] INFO  ozone.MiniOzoneClusterImpl (MiniOzoneClusterImpl.java:lambda$waitForClusterToBeReady$0(228)) - SCM became leader
2022-07-12 21:07:45,799 [a073d587-6aa7-4ca3-9889-8ecc19e2905e@group-7E75DEA0AD0C-LeaderElection44] INFO  impl.LeaderElection (LeaderElection.java:askForVotes(310)) - a073d587-6aa7-4ca3-9889-8ecc19e2905e@group-7E75DEA0AD0C-LeaderElection44 ELECTION round 0: submit vote requests at term 1 for -1: [29d43e8b-b8c3-435a-bf60-ec797ee46bf5|rpc:10.1.0.20:33347|priority:0, ddb9d7c4-a5dc-476f-83e2-b66bdd4cd965|rpc:10.1.0.20:35703|priority:0, a073d587-6aa7-4ca3-9889-8ecc19e2905e|rpc:10.1.0.20:32847|priority:1], old=null
2022-07-12 21:07:45,835 [Command processor thread] INFO  server.RaftServer (RaftServerProxy.java:addNew(96)) - a8440338-9c05-4a69-82ce-0c098fe5e8a5: addNew group-FB272FC9E82A:[a8440338-9c05-4a69-82ce-0c098fe5e8a5|rpc:10.1.0.20:39637|priority:1] returns group-FB272FC9E82A:java.util.concurrent.CompletableFuture@61be2ae1[Not completed]
2022-07-12 21:07:45,862 [grpc-default-executor-1] INFO  server.RaftServer$Division (RaftServerImpl.java:requestVote(1152)) - ddb9d7c4-a5dc-476f-83e2-b66bdd4cd965@group-7E75DEA0AD0C: receive requestVote(ELECTION, a073d587-6aa7-4ca3-9889-8ecc19e2905e, group-7E75DEA0AD0C, 1, (t:0, i:0))
2022-07-12 21:07:45,863 [grpc-default-executor-1] INFO  impl.VoteContext (VoteContext.java:log(48)) - ddb9d7c4-a5dc-476f-83e2-b66bdd4cd965@group-7E75DEA0AD0C-FOLLOWER: accept ELECTION from a073d587-6aa7-4ca3-9889-8ecc19e2905e: our priority 0 <= candidate's priority 1
2022-07-12 21:07:45,863 [grpc-default-executor-1] INFO  server.RaftServer$Division (RaftServerImpl.java:setRole(299)) - ddb9d7c4-a5dc-476f-83e2-b66bdd4cd965@group-7E75DEA0AD0C: changes role from  FOLLOWER to FOLLOWER at term 1 for candidate:a073d587-6aa7-4ca3-9889-8ecc19e2905e
2022-07-12 21:07:45,863 [grpc-default-executor-1] INFO  impl.RoleInfo (RoleInfo.java:shutdownFollowerState(110)) - ddb9d7c4-a5dc-476f-83e2-b66bdd4cd965: shutdown ddb9d7c4-a5dc-476f-83e2-b66bdd4cd965@group-7E75DEA0AD0C-FollowerState
2022-07-12 21:07:45,863 [grpc-default-executor-1] INFO  impl.RoleInfo (RoleInfo.java:updateAndGet(139)) - ddb9d7c4-a5dc-476f-83e2-b66bdd4cd965: start ddb9d7c4-a5dc-476f-83e2-b66bdd4cd965@group-7E75DEA0AD0C-FollowerState
2022-07-12 21:07:45,863 [ddb9d7c4-a5dc-476f-83e2-b66bdd4cd965@group-7E75DEA0AD0C-FollowerState] INFO  impl.FollowerState (FollowerState.java:run(152)) - ddb9d7c4-a5dc-476f-83e2-b66bdd4cd965@group-7E75DEA0AD0C-FollowerState was interrupted
2022-07-12 21:07:45,863 [pool-990-thread-1] INFO  server.RaftServer$Division (RaftServerImpl.java:<init>(190)) - a8440338-9c05-4a69-82ce-0c098fe5e8a5: new RaftServerImpl for group-FB272FC9E82A:[a8440338-9c05-4a69-82ce-0c098fe5e8a5|rpc:10.1.0.20:39637|priority:1] with ContainerStateMachine:uninitialized
2022-07-12 21:07:45,863 [pool-990-thread-1] INFO  server.RaftServerConfigKeys (ConfUtils.java:logGet(46)) - raft.server.rpc.timeout.min = 5s (custom)
2022-07-12 21:07:45,863 [pool-990-thread-1] INFO  server.RaftServerConfigKeys (ConfUtils.java:logGet(46)) - raft.server.rpc.timeout.max = 5200ms (custom)
2022-07-12 21:07:45,863 [pool-990-thread-1] INFO  server.RaftServerConfigKeys (ConfUtils.java:logGet(46)) - raft.server.rpc.sleep.time = 25ms (default)
2022-07-12 21:07:45,863 [pool-990-thread-1] INFO  server.RaftServerConfigKeys (ConfUtils.java:logGet(46)) - raft.server.rpc.slowness.timeout = 300s (custom)
2022-07-12 21:07:45,863 [pool-990-thread-1] INFO  server.RaftServerConfigKeys (ConfUtils.java:logGet(46)) - raft.server.leaderelection.leader.step-down.wait-time = 10s (default)
2022-07-12 21:07:45,863 [pool-990-thread-1] INFO  server.RaftServerConfigKeys (ConfUtils.java:logGet(46)) - raft.server.sleep.deviation.threshold = 300ms (default)
2022-07-12 21:07:45,863 [pool-990-thread-1] INFO  server.RaftServer$Division (ServerState.java:<init>(107)) - a8440338-9c05-4a69-82ce-0c098fe5e8a5@group-FB272FC9E82A: ConfigurationManager, init=-1: [a8440338-9c05-4a69-82ce-0c098fe5e8a5|rpc:10.1.0.20:39637|priority:1], old=null, confs=<EMPTY_MAP>
2022-07-12 21:07:45,863 [pool-990-thread-1] INFO  server.RaftServerConfigKeys (ConfUtils.java:logGet(46)) - raft.server.storage.dir = [/home/runner/work/ozone/ozone/hadoop-ozone/integration-test/target/test-dir/MiniOzoneClusterImpl-03d8019b-d99e-41ea-b31f-f002ac91f2ca/datanode-4/data/ratis] (custom)
2022-07-12 21:07:45,864 [pool-990-thread-1] INFO  server.RaftServerConfigKeys (ConfUtils.java:logGet(46)) - raft.server.log.corruption.policy = EXCEPTION (default)
2022-07-12 21:07:45,864 [pool-990-thread-1] INFO  server.RaftServerConfigKeys (ConfUtils.java:logGet(46)) - raft.server.storage.free-space.min = 0MB (=0) (default)
2022-07-12 21:07:45,864 [pool-990-thread-1] INFO  storage.RaftStorageDirectory (RaftStorageDirectoryImpl.java:analyzeStorage(135)) - The storage directory /home/runner/work/ozone/ozone/hadoop-ozone/integration-test/target/test-dir/MiniOzoneClusterImpl-03d8019b-d99e-41ea-b31f-f002ac91f2ca/datanode-4/data/ratis/476bab6c-e286-40aa-9b32-fb272fc9e82a does not exist. Creating ...
2022-07-12 21:07:45,865 [pool-990-thread-1] INFO  storage.RaftStorageDirectory (RaftStorageDirectoryImpl.java:tryLock(230)) - Lock on /home/runner/work/ozone/ozone/hadoop-ozone/integration-test/target/test-dir/MiniOzoneClusterImpl-03d8019b-d99e-41ea-b31f-f002ac91f2ca/datanode-4/data/ratis/476bab6c-e286-40aa-9b32-fb272fc9e82a/in_use.lock acquired by nodename 31611@fv-az452-57
2022-07-12 21:07:45,867 [pool-990-thread-1] INFO  storage.RaftStorage (RaftStorageImpl.java:format(89)) - Storage directory /home/runner/work/ozone/ozone/hadoop-ozone/integration-test/target/test-dir/MiniOzoneClusterImpl-03d8019b-d99e-41ea-b31f-f002ac91f2ca/datanode-4/data/ratis/476bab6c-e286-40aa-9b32-fb272fc9e82a has been successfully formatted.
2022-07-12 21:07:45,876 [grpc-default-executor-1] INFO  server.RaftServer$Division (RaftServerImpl.java:requestVote(1184)) - ddb9d7c4-a5dc-476f-83e2-b66bdd4cd965@group-7E75DEA0AD0C replies to ELECTION vote request: a073d587-6aa7-4ca3-9889-8ecc19e2905e<-ddb9d7c4-a5dc-476f-83e2-b66bdd4cd965#0:OK-t1. Peer's state: ddb9d7c4-a5dc-476f-83e2-b66bdd4cd965@group-7E75DEA0AD0C:t1, leader=null, voted=a073d587-6aa7-4ca3-9889-8ecc19e2905e, raftlog=ddb9d7c4-a5dc-476f-83e2-b66bdd4cd965@group-7E75DEA0AD0C-SegmentedRaftLog:OPENED:c-1, conf=-1: [29d43e8b-b8c3-435a-bf60-ec797ee46bf5|rpc:10.1.0.20:33347|dataStream:|priority:0, ddb9d7c4-a5dc-476f-83e2-b66bdd4cd965|rpc:10.1.0.20:35703|dataStream:|priority:0, a073d587-6aa7-4ca3-9889-8ecc19e2905e|rpc:10.1.0.20:32847|dataStream:|priority:1], old=null
2022-07-12 21:07:45,894 [a073d587-6aa7-4ca3-9889-8ecc19e2905e@group-7E75DEA0AD0C-LeaderElection44] INFO  impl.LeaderElection (LeaderElection.java:logAndReturn(90)) - a073d587-6aa7-4ca3-9889-8ecc19e2905e@group-7E75DEA0AD0C-LeaderElection44: ELECTION PASSED received 1 response(s) and 0 exception(s):
2022-07-12 21:07:45,894 [a073d587-6aa7-4ca3-9889-8ecc19e2905e@group-7E75DEA0AD0C-LeaderElection44] INFO  impl.LeaderElection (LeaderElection.java:logAndReturn(94)) -   Response 0: a073d587-6aa7-4ca3-9889-8ecc19e2905e<-ddb9d7c4-a5dc-476f-83e2-b66bdd4cd965#0:OK-t1
2022-07-12 21:07:45,894 [a073d587-6aa7-4ca3-9889-8ecc19e2905e@group-7E75DEA0AD0C-LeaderElection44] INFO  impl.LeaderElection (LeaderElection.java:askForVotes(312)) - a073d587-6aa7-4ca3-9889-8ecc19e2905e@group-7E75DEA0AD0C-LeaderElection44 ELECTION round 0: result PASSED
2022-07-12 21:07:45,894 [a073d587-6aa7-4ca3-9889-8ecc19e2905e@group-7E75DEA0AD0C-LeaderElection44] INFO  impl.RoleInfo (RoleInfo.java:shutdownLeaderElection(130)) - a073d587-6aa7-4ca3-9889-8ecc19e2905e: shutdown a073d587-6aa7-4ca3-9889-8ecc19e2905e@group-7E75DEA0AD0C-LeaderElection44
2022-07-12 21:07:45,894 [a073d587-6aa7-4ca3-9889-8ecc19e2905e@group-7E75DEA0AD0C-LeaderElection44] INFO  server.RaftServer$Division (RaftServerImpl.java:setRole(299)) - a073d587-6aa7-4ca3-9889-8ecc19e2905e@group-7E75DEA0AD0C: changes role from CANDIDATE to LEADER at term 1 for changeToLeader
2022-07-12 21:07:45,894 [a073d587-6aa7-4ca3-9889-8ecc19e2905e@group-7E75DEA0AD0C-LeaderElection44] INFO  ratis.XceiverServerRatis (XceiverServerRatis.java:handleLeaderChangedNotification(863)) - Leader change notification received for group: group-7E75DEA0AD0C with new leaderId: a073d587-6aa7-4ca3-9889-8ecc19e2905e
2022-07-12 21:07:45,894 [a073d587-6aa7-4ca3-9889-8ecc19e2905e@group-7E75DEA0AD0C-LeaderElection44] INFO  server.RaftServer$Division (ServerState.java:setLeader(287)) - a073d587-6aa7-4ca3-9889-8ecc19e2905e@group-7E75DEA0AD0C: change Leader from null to a073d587-6aa7-4ca3-9889-8ecc19e2905e at term 1 for becomeLeader, leader elected after 5413ms
2022-07-12 21:07:45,894 [a073d587-6aa7-4ca3-9889-8ecc19e2905e@group-7E75DEA0AD0C-LeaderElection44] INFO  server.RaftServerConfigKeys (ConfUtils.java:logGet(46)) - raft.server.staging.catchup.gap = 1000 (default)
2022-07-12 21:07:45,894 [a073d587-6aa7-4ca3-9889-8ecc19e2905e@group-7E75DEA0AD0C-LeaderElection44] INFO  server.RaftServerConfigKeys (ConfUtils.java:logGet(46)) - raft.server.write.element-limit = 1024 (custom)
2022-07-12 21:07:45,895 [a073d587-6aa7-4ca3-9889-8ecc19e2905e@group-7E75DEA0AD0C-LeaderElection44] INFO  server.RaftServerConfigKeys (ConfUtils.java:logGet(46)) - raft.server.write.byte-limit = 1024 M (=1073741824) (custom)
2022-07-12 21:07:45,895 [a073d587-6aa7-4ca3-9889-8ecc19e2905e@group-7E75DEA0AD0C-LeaderElection44] INFO  server.RaftServerConfigKeys (ConfUtils.java:logGet(46)) - raft.server.watch.timeout = 180s (custom)
2022-07-12 21:07:45,895 [a073d587-6aa7-4ca3-9889-8ecc19e2905e@group-7E75DEA0AD0C-LeaderElection44] INFO  server.RaftServerConfigKeys (ConfUtils.java:logGet(46)) - raft.server.watch.timeout.denomination = 1s (default)
2022-07-12 21:07:45,895 [a073d587-6aa7-4ca3-9889-8ecc19e2905e@group-7E75DEA0AD0C-LeaderElection44] INFO  server.RaftServerConfigKeys (ConfUtils.java:logGet(46)) - raft.server.watch.element-limit = 65536 (default)
2022-07-12 21:07:45,895 [a073d587-6aa7-4ca3-9889-8ecc19e2905e@group-7E75DEA0AD0C-LeaderElection44] INFO  server.RaftServerConfigKeys (ConfUtils.java:logGet(46)) - raft.server.write.element-limit = 1024 (custom)
2022-07-12 21:07:45,895 [a073d587-6aa7-4ca3-9889-8ecc19e2905e@group-7E75DEA0AD0C-LeaderElection44] INFO  server.RaftServerConfigKeys (ConfUtils.java:logGet(46)) - raft.server.write.follower.gap.ratio.max = -1.0 (default)
2022-07-12 21:07:45,896 [a073d587-6aa7-4ca3-9889-8ecc19e2905e@group-7E75DEA0AD0C-LeaderElection44] INFO  server.RaftServerConfigKeys (ConfUtils.java:logGet(46)) - raft.server.log.appender.snapshot.chunk.size.max = 16MB (=16777216) (default)
2022-07-12 21:07:45,896 [a073d587-6aa7-4ca3-9889-8ecc19e2905e@group-7E75DEA0AD0C-LeaderElection44] INFO  server.RaftServerConfigKeys (ConfUtils.java:logGet(46)) - raft.server.log.appender.buffer.byte-limit = 33554432 (custom)
2022-07-12 21:07:45,896 [a073d587-6aa7-4ca3-9889-8ecc19e2905e@group-7E75DEA0AD0C-LeaderElection44] INFO  server.RaftServerConfigKeys (ConfUtils.java:logGet(46)) - raft.server.log.appender.buffer.element-limit = 1 (custom)
2022-07-12 21:07:45,896 [a073d587-6aa7-4ca3-9889-8ecc19e2905e@group-7E75DEA0AD0C-LeaderElection44] INFO  grpc.GrpcConfigKeys (ConfUtils.java:logGet(46)) - raft.grpc.server.leader.outstanding.appends.max = 128 (default)
2022-07-12 21:07:45,896 [a073d587-6aa7-4ca3-9889-8ecc19e2905e@group-7E75DEA0AD0C-LeaderElection44] INFO  server.RaftServerConfigKeys (ConfUtils.java:logGet(46)) - raft.server.rpc.request.timeout = 60s (custom)
2022-07-12 21:07:45,896 [a073d587-6aa7-4ca3-9889-8ecc19e2905e@group-7E75DEA0AD0C-LeaderElection44] INFO  server.RaftServerConfigKeys (ConfUtils.java:logGet(46)) - raft.server.log.appender.install.snapshot.enabled = false (custom)
2022-07-12 21:07:45,898 [a073d587-6aa7-4ca3-9889-8ecc19e2905e@group-7E75DEA0AD0C-LeaderElection44] INFO  server.RaftServerConfigKeys (ConfUtils.java:logGet(46)) - raft.server.log.appender.snapshot.chunk.size.max = 16MB (=16777216) (default)
2022-07-12 21:07:45,898 [a073d587-6aa7-4ca3-9889-8ecc19e2905e@group-7E75DEA0AD0C-LeaderElection44] INFO  server.RaftServerConfigKeys (ConfUtils.java:logGet(46)) - raft.server.log.appender.buffer.byte-limit = 33554432 (custom)
2022-07-12 21:07:45,898 [a073d587-6aa7-4ca3-9889-8ecc19e2905e@group-7E75DEA0AD0C-LeaderElection44] INFO  server.RaftServerConfigKeys (ConfUtils.java:logGet(46)) - raft.server.log.appender.buffer.element-limit = 1 (custom)
2022-07-12 21:07:45,898 [a073d587-6aa7-4ca3-9889-8ecc19e2905e@group-7E75DEA0AD0C-LeaderElection44] INFO  grpc.GrpcConfigKeys (ConfUtils.java:logGet(46)) - raft.grpc.server.leader.outstanding.appends.max = 128 (default)
2022-07-12 21:07:45,898 [a073d587-6aa7-4ca3-9889-8ecc19e2905e@group-7E75DEA0AD0C-LeaderElection44] INFO  server.RaftServerConfigKeys (ConfUtils.java:logGet(46)) - raft.server.rpc.request.timeout = 60s (custom)
2022-07-12 21:07:45,898 [a073d587-6aa7-4ca3-9889-8ecc19e2905e@group-7E75DEA0AD0C-LeaderElection44] INFO  server.RaftServerConfigKeys (ConfUtils.java:logGet(46)) - raft.server.log.appender.install.snapshot.enabled = false (custom)
2022-07-12 21:07:45,898 [a073d587-6aa7-4ca3-9889-8ecc19e2905e@group-7E75DEA0AD0C-LeaderElection44] INFO  impl.RoleInfo (RoleInfo.java:updateAndGet(139)) - a073d587-6aa7-4ca3-9889-8ecc19e2905e: start a073d587-6aa7-4ca3-9889-8ecc19e2905e@group-7E75DEA0AD0C-LeaderStateImpl
2022-07-12 21:07:45,898 [a073d587-6aa7-4ca3-9889-8ecc19e2905e@group-7E75DEA0AD0C-LeaderElection44] INFO  segmented.SegmentedRaftLogWorker (SegmentedRaftLogWorker.java:startLogSegment(425)) - a073d587-6aa7-4ca3-9889-8ecc19e2905e@group-7E75DEA0AD0C-SegmentedRaftLogWorker: Starting segment from index:0
2022-07-12 21:07:45,907 [pool-990-thread-1] INFO  ratis.ContainerStateMachine (ContainerStateMachine.java:loadSnapshot(236)) - group-FB272FC9E82A: The snapshot info is null. Setting the last applied indexto:(t:0, i:~)
2022-07-12 21:07:45,908 [pool-990-thread-1] INFO  server.RaftServerConfigKeys (ConfUtils.java:logGet(46)) - raft.server.notification.no-leader.timeout = 300s (custom)
2022-07-12 21:07:45,908 [pool-990-thread-1] INFO  server.RaftServerConfigKeys (ConfUtils.java:logGet(46)) - raft.server.log.use.memory = false (default)
2022-07-12 21:07:45,908 [pool-990-thread-1] INFO  server.RaftServerConfigKeys (ConfUtils.java:logGet(46)) - raft.server.log.purge.gap = 1000000 (custom)
2022-07-12 21:07:45,908 [pool-990-thread-1] INFO  server.RaftServerConfigKeys (ConfUtils.java:logGet(46)) - raft.server.log.appender.buffer.byte-limit = 33554432 (custom)
2022-07-12 21:07:45,908 [pool-990-thread-1] INFO  server.RaftServerConfigKeys (ConfUtils.java:logGet(46)) - raft.server.log.statemachine.data.read.timeout = 1000ms (default)
2022-07-12 21:07:45,908 [pool-990-thread-1] INFO  server.RaftServerConfigKeys (ConfUtils.java:logGet(46)) - raft.server.log.segment.size.max = 1048576 (custom)
2022-07-12 21:07:45,909 [pool-990-thread-1] INFO  server.RaftServerConfigKeys (ConfUtils.java:logGet(46)) - raft.server.log.segment.cache.num.max = 2 (custom)
2022-07-12 21:07:45,909 [pool-990-thread-1] INFO  server.RaftServerConfigKeys (ConfUtils.java:logGet(46)) - raft.server.log.segment.cache.size.max = 200MB (=209715200) (default)
2022-07-12 21:07:45,909 [pool-990-thread-1] INFO  segmented.SegmentedRaftLogWorker (SegmentedRaftLogWorker.java:<init>(187)) - new a8440338-9c05-4a69-82ce-0c098fe5e8a5@group-FB272FC9E82A-SegmentedRaftLogWorker for RaftStorageImpl:Storage Directory /home/runner/work/ozone/ozone/hadoop-ozone/integration-test/target/test-dir/MiniOzoneClusterImpl-03d8019b-d99e-41ea-b31f-f002ac91f2ca/datanode-4/data/ratis/476bab6c-e286-40aa-9b32-fb272fc9e82a
2022-07-12 21:07:45,909 [pool-990-thread-1] INFO  server.RaftServerConfigKeys (ConfUtils.java:logGet(46)) - raft.server.log.queue.byte-limit = 4294967296 (custom)
2022-07-12 21:07:45,909 [pool-990-thread-1] INFO  server.RaftServerConfigKeys (ConfUtils.java:logGet(46)) - raft.server.log.queue.element-limit = 1024 (custom)
2022-07-12 21:07:45,910 [pool-990-thread-1] INFO  server.RaftServerConfigKeys (ConfUtils.java:logGet(46)) - raft.server.log.segment.size.max = 1048576 (custom)
2022-07-12 21:07:45,910 [pool-990-thread-1] INFO  server.RaftServerConfigKeys (ConfUtils.java:logGet(46)) - raft.server.log.preallocated.size = 16384 (custom)
2022-07-12 21:07:45,910 [pool-990-thread-1] INFO  server.RaftServerConfigKeys (ConfUtils.java:logGet(46)) - raft.server.log.force.sync.num = 128 (default)
2022-07-12 21:07:45,910 [pool-990-thread-1] INFO  server.RaftServerConfigKeys (ConfUtils.java:logGet(46)) - raft.server.log.statemachine.data.sync = true (default)
2022-07-12 21:07:45,910 [pool-990-thread-1] INFO  server.RaftServerConfigKeys (ConfUtils.java:logGet(46)) - raft.server.log.statemachine.data.sync.timeout = 10s (default)
2022-07-12 21:07:45,910 [pool-990-thread-1] INFO  server.RaftServerConfigKeys (ConfUtils.java:logGet(46)) - raft.server.log.statemachine.data.sync.timeout.retry = -1 (default)
2022-07-12 21:07:45,920 [pool-990-thread-1] INFO  server.RaftServerConfigKeys (ConfUtils.java:logGet(46)) - raft.server.log.write.buffer.size = 1048576 (custom)
2022-07-12 21:07:45,920 [pool-990-thread-1] INFO  server.RaftServerConfigKeys (ConfUtils.java:logGet(46)) - raft.server.log.unsafe-flush.enabled = false (default)
2022-07-12 21:07:45,920 [pool-990-thread-1] INFO  server.RaftServerConfigKeys (ConfUtils.java:logGet(46)) - raft.server.log.statemachine.data.caching.enabled = true (custom)
2022-07-12 21:07:45,921 [pool-990-thread-1] INFO  segmented.SegmentedRaftLogWorker (SegmentedRaftLogWorker.java:lambda$new$0(135)) - a8440338-9c05-4a69-82ce-0c098fe5e8a5@group-FB272FC9E82A-SegmentedRaftLogWorker: flushIndex: setUnconditionally 0 -> -1
2022-07-12 21:07:45,921 [pool-990-thread-1] INFO  segmented.SegmentedRaftLogWorker (SegmentedRaftLogWorker.java:lambda$new$0(135)) - a8440338-9c05-4a69-82ce-0c098fe5e8a5@group-FB272FC9E82A-SegmentedRaftLogWorker: safeCacheEvictIndex: setUnconditionally 0 -> -1
2022-07-12 21:07:45,935 [pool-990-thread-1] INFO  server.RaftServerConfigKeys (ConfUtils.java:logGet(46)) - raft.server.snapshot.auto.trigger.enabled = true (custom)
2022-07-12 21:07:45,935 [pool-990-thread-1] INFO  server.RaftServerConfigKeys (ConfUtils.java:logGet(46)) - raft.server.snapshot.auto.trigger.threshold = 10000 (custom)
2022-07-12 21:07:45,936 [pool-990-thread-1] INFO  server.RaftServerConfigKeys (ConfUtils.java:logGet(46)) - raft.server.snapshot.retention.file.num = 5 (custom)
2022-07-12 21:07:45,936 [pool-990-thread-1] INFO  server.RaftServerConfigKeys (ConfUtils.java:logGet(46)) - raft.server.log.purge.upto.snapshot.index = false (default)
2022-07-12 21:07:45,936 [pool-990-thread-1] INFO  server.RaftServerConfigKeys (ConfUtils.java:logGet(46)) - raft.server.retrycache.expirytime = 600000ms (custom)
2022-07-12 21:07:45,936 [pool-990-thread-1] INFO  server.RaftServerConfigKeys (ConfUtils.java:logGet(46)) - raft.server.retrycache.statistics.expirytime = 100μs (default)
2022-07-12 21:07:45,937 [pool-990-thread-1] INFO  server.RaftServerConfigKeys (ConfUtils.java:logGet(46)) - raft.server.log.appender.install.snapshot.enabled = false (custom)
2022-07-12 21:07:45,937 [pool-990-thread-1] INFO  server.RaftServerConfigKeys (ConfUtils.java:logGet(46)) - raft.server.threadpool.server.cached = true (default)
2022-07-12 21:07:45,937 [pool-990-thread-1] INFO  server.RaftServerConfigKeys (ConfUtils.java:logGet(46)) - raft.server.threadpool.server.size = 0 (default)
2022-07-12 21:07:45,937 [pool-990-thread-1] INFO  server.RaftServerConfigKeys (ConfUtils.java:logGet(46)) - raft.server.threadpool.client.cached = true (default)
2022-07-12 21:07:45,937 [pool-990-thread-1] INFO  server.RaftServerConfigKeys (ConfUtils.java:logGet(46)) - raft.server.threadpool.client.size = 0 (default)
2022-07-12 21:07:45,937 [pool-990-thread-1] INFO  server.RaftServer$Division (RaftServerImpl.java:start(310)) - a8440338-9c05-4a69-82ce-0c098fe5e8a5@group-FB272FC9E82A: start as a follower, conf=-1: [a8440338-9c05-4a69-82ce-0c098fe5e8a5|rpc:10.1.0.20:39637|priority:1], old=null
2022-07-12 21:07:45,937 [pool-990-thread-1] INFO  server.RaftServer$Division (RaftServerImpl.java:setRole(299)) - a8440338-9c05-4a69-82ce-0c098fe5e8a5@group-FB272FC9E82A: changes role from      null to FOLLOWER at term 0 for startAsFollower
2022-07-12 21:07:45,938 [pool-990-thread-1] INFO  impl.RoleInfo (RoleInfo.java:updateAndGet(139)) - a8440338-9c05-4a69-82ce-0c098fe5e8a5: start a8440338-9c05-4a69-82ce-0c098fe5e8a5@group-FB272FC9E82A-FollowerState
2022-07-12 21:07:45,954 [pool-990-thread-1] INFO  util.JmxRegister (JmxRegister.java:tryRegister(44)) - Successfully registered JMX Bean with object name Ratis:service=RaftServer,group=group-FB272FC9E82A,id=a8440338-9c05-4a69-82ce-0c098fe5e8a5
2022-07-12 21:07:45,969 [Command processor thread] INFO  ratis.XceiverServerRatis (XceiverServerRatis.java:addGroup(765)) - Created group PipelineID=476bab6c-e286-40aa-9b32-fb272fc9e82a
2022-07-12 21:07:45,969 [Command processor thread] INFO  commandhandler.CreatePipelineCommandHandler (CreatePipelineCommandHandler.java:handle(113)) - Created Pipeline RATIS ONE PipelineID=476bab6c-e286-40aa-9b32-fb272fc9e82a.
2022-07-12 21:07:45,981 [grpc-default-executor-1] INFO  server.RaftServer$Division (RaftServerImpl.java:requestVote(1152)) - 29d43e8b-b8c3-435a-bf60-ec797ee46bf5@group-7E75DEA0AD0C: receive requestVote(ELECTION, a073d587-6aa7-4ca3-9889-8ecc19e2905e, group-7E75DEA0AD0C, 1, (t:0, i:0))
2022-07-12 21:07:45,981 [grpc-default-executor-1] INFO  impl.VoteContext (VoteContext.java:log(48)) - 29d43e8b-b8c3-435a-bf60-ec797ee46bf5@group-7E75DEA0AD0C-FOLLOWER: accept ELECTION from a073d587-6aa7-4ca3-9889-8ecc19e2905e: our priority 0 <= candidate's priority 1
2022-07-12 21:07:45,981 [grpc-default-executor-1] INFO  server.RaftServer$Division (RaftServerImpl.java:setRole(299)) - 29d43e8b-b8c3-435a-bf60-ec797ee46bf5@group-7E75DEA0AD0C: changes role from  FOLLOWER to FOLLOWER at term 1 for candidate:a073d587-6aa7-4ca3-9889-8ecc19e2905e
2022-07-12 21:07:45,981 [grpc-default-executor-1] INFO  impl.RoleInfo (RoleInfo.java:shutdownFollowerState(110)) - 29d43e8b-b8c3-435a-bf60-ec797ee46bf5: shutdown 29d43e8b-b8c3-435a-bf60-ec797ee46bf5@group-7E75DEA0AD0C-FollowerState
2022-07-12 21:07:45,981 [grpc-default-executor-1] INFO  impl.RoleInfo (RoleInfo.java:updateAndGet(139)) - 29d43e8b-b8c3-435a-bf60-ec797ee46bf5: start 29d43e8b-b8c3-435a-bf60-ec797ee46bf5@group-7E75DEA0AD0C-FollowerState
2022-07-12 21:07:45,982 [29d43e8b-b8c3-435a-bf60-ec797ee46bf5@group-7E75DEA0AD0C-FollowerState] INFO  impl.FollowerState (FollowerState.java:run(152)) - 29d43e8b-b8c3-435a-bf60-ec797ee46bf5@group-7E75DEA0AD0C-FollowerState was interrupted
2022-07-12 21:07:45,984 [EventQueue-PipelineReportForPipelineReportHandler] INFO  pipeline.PipelineManagerImpl (PipelineManagerImpl.java:openPipeline(359)) - Pipeline Pipeline[ Id: 03451ab7-eaab-42b3-a2f1-7e75dea0ad0c, Nodes: 29d43e8b-b8c3-435a-bf60-ec797ee46bf5{ip: 10.1.0.20, host: fv-az452-57.ku3lqr0aiaqu5kfj3xdpchcrvd.dx.internal.cloudapp.net, ports: [REPLICATION=37409, RATIS=33347, RATIS_ADMIN=33347, RATIS_SERVER=33347, STANDALONE=33283], networkLocation: /default-rack, certSerialId: null, persistedOpState: IN_SERVICE, persistedOpStateExpiryEpochSec: 0}a073d587-6aa7-4ca3-9889-8ecc19e2905e{ip: 10.1.0.20, host: fv-az452-57.ku3lqr0aiaqu5kfj3xdpchcrvd.dx.internal.cloudapp.net, ports: [REPLICATION=39359, RATIS=32847, RATIS_ADMIN=32847, RATIS_SERVER=32847, STANDALONE=35931], networkLocation: /default-rack, certSerialId: null, persistedOpState: IN_SERVICE, persistedOpStateExpiryEpochSec: 0}ddb9d7c4-a5dc-476f-83e2-b66bdd4cd965{ip: 10.1.0.20, host: fv-az452-57.ku3lqr0aiaqu5kfj3xdpchcrvd.dx.internal.cloudapp.net, ports: [REPLICATION=46187, RATIS=35703, RATIS_ADMIN=35703, RATIS_SERVER=35703, STANDALONE=37875], networkLocation: /default-rack, certSerialId: null, persistedOpState: IN_SERVICE, persistedOpStateExpiryEpochSec: 0}, ReplicationConfig: RATIS/THREE, State:ALLOCATED, leaderId:a073d587-6aa7-4ca3-9889-8ecc19e2905e, CreationTimestamp2022-07-12T21:07:39.304Z[Etc/UTC]] moved to OPEN state
2022-07-12 21:07:45,984 [grpc-default-executor-1] INFO  server.RaftServer$Division (RaftServerImpl.java:requestVote(1184)) - 29d43e8b-b8c3-435a-bf60-ec797ee46bf5@group-7E75DEA0AD0C replies to ELECTION vote request: a073d587-6aa7-4ca3-9889-8ecc19e2905e<-29d43e8b-b8c3-435a-bf60-ec797ee46bf5#0:OK-t1. Peer's state: 29d43e8b-b8c3-435a-bf60-ec797ee46bf5@group-7E75DEA0AD0C:t1, leader=null, voted=a073d587-6aa7-4ca3-9889-8ecc19e2905e, raftlog=29d43e8b-b8c3-435a-bf60-ec797ee46bf5@group-7E75DEA0AD0C-SegmentedRaftLog:OPENED:c-1, conf=-1: [29d43e8b-b8c3-435a-bf60-ec797ee46bf5|rpc:10.1.0.20:33347|dataStream:|priority:0, ddb9d7c4-a5dc-476f-83e2-b66bdd4cd965|rpc:10.1.0.20:35703|dataStream:|priority:0, a073d587-6aa7-4ca3-9889-8ecc19e2905e|rpc:10.1.0.20:32847|dataStream:|priority:1], old=null
2022-07-12 21:07:45,984 [EventQueue-OpenPipelineForHealthyPipelineSafeModeRule] INFO  safemode.SCMSafeModeManager (HealthyPipelineSafeModeRule.java:process(124)) - SCM in safe mode. Healthy pipelines reported count is 0, required healthy pipeline reported count is 1
2022-07-12 21:07:45,984 [EventQueue-OpenPipelineForHealthyPipelineSafeModeRule] INFO  safemode.SCMSafeModeManager (HealthyPipelineSafeModeRule.java:process(124)) - SCM in safe mode. Healthy pipelines reported count is 1, required healthy pipeline reported count is 1
2022-07-12 21:07:45,984 [EventQueue-OpenPipelineForHealthyPipelineSafeModeRule] INFO  safemode.SCMSafeModeManager (SCMSafeModeManager.java:validateSafeModeExitRules(204)) - HealthyPipelineSafeModeRule rule is successfully validated
2022-07-12 21:07:45,984 [EventQueue-OpenPipelineForHealthyPipelineSafeModeRule] INFO  safemode.SCMSafeModeManager (SCMSafeModeManager.java:validateSafeModeExitRules(219)) - ScmSafeModeManager, all rules are successfully validated
2022-07-12 21:07:45,984 [EventQueue-OpenPipelineForHealthyPipelineSafeModeRule] INFO  safemode.SCMSafeModeManager (SCMSafeModeManager.java:exitSafeMode(248)) - SCM exiting safe mode.
2022-07-12 21:07:45,984 [EventQueue-OpenPipelineForHealthyPipelineSafeModeRule] WARN  events.EventQueue (EventQueue.java:fireEvent(216)) - No event handler registered for event TypedEvent{payloadType=SafeModeStatus, name='Safe mode status'}
2022-07-12 21:07:45,984 [EventQueue-OpenPipelineForHealthyPipelineSafeModeRule] INFO  ha.SCMContext (SCMContext.java:updateSafeModeStatus(228)) - Update SafeModeStatus from SafeModeStatus{safeModeStatus=true, preCheckPassed=true} to SafeModeStatus{safeModeStatus=false, preCheckPassed=true}.
2022-07-12 21:07:45,984 [EventQueue-OpenPipelineForHealthyPipelineSafeModeRule] INFO  pipeline.BackgroundPipelineCreator (BackgroundPipelineCreator.java:notifyStatusChanged(253)) - Service BackgroundPipelineCreator transitions to RUNNING.
2022-07-12 21:07:45,984 [EventQueue-OpenPipelineForHealthyPipelineSafeModeRule] INFO  BackgroundPipelineScrubber (BackgroundSCMService.java:notifyStatusChanged(82)) - Service BackgroundPipelineScrubber transitions to RUNNING.
2022-07-12 21:07:45,984 [EventQueue-OpenPipelineForHealthyPipelineSafeModeRule] INFO  ExpiredContainerReplicaOpScrubber (BackgroundSCMService.java:notifyStatusChanged(82)) - Service ExpiredContainerReplicaOpScrubber transitions to RUNNING.
2022-07-12 21:07:45,984 [EventQueue-OpenPipelineForHealthyPipelineSafeModeRule] INFO  replication.ReplicationManager (ReplicationManager.java:notifyStatusChanged(495)) - Service ReplicationManager transitions to RUNNING.
2022-07-12 21:07:45,985 [EventQueue-OpenPipelineForHealthyPipelineSafeModeRule] WARN  balancer.ContainerBalancer (ContainerBalancer.java:shouldRun(894)) - Could not find persisted configuration for ContainerBalancer when checking if ContainerBalancer should run. ContainerBalancer should not run now.
2022-07-12 21:07:45,985 [EventQueue-PipelineReportForPipelineReportHandler] INFO  pipeline.PipelineManagerImpl (PipelineManagerImpl.java:openPipeline(359)) - Pipeline Pipeline[ Id: 476bab6c-e286-40aa-9b32-fb272fc9e82a, Nodes: a8440338-9c05-4a69-82ce-0c098fe5e8a5{ip: 10.1.0.20, host: fv-az452-57.ku3lqr0aiaqu5kfj3xdpchcrvd.dx.internal.cloudapp.net, ports: [REPLICATION=46061, RATIS=39637, RATIS_ADMIN=39637, RATIS_SERVER=39637, STANDALONE=41085], networkLocation: /default-rack, certSerialId: null, persistedOpState: IN_SERVICE, persistedOpStateExpiryEpochSec: 0}, ReplicationConfig: RATIS/ONE, State:ALLOCATED, leaderId:a8440338-9c05-4a69-82ce-0c098fe5e8a5, CreationTimestamp2022-07-12T21:07:42.828Z[Etc/UTC]] moved to OPEN state
2022-07-12 21:07:45,989 [a073d587-6aa7-4ca3-9889-8ecc19e2905e@group-7E75DEA0AD0C-SegmentedRaftLogWorker] INFO  segmented.SegmentedRaftLogWorker (SegmentedRaftLogWorker.java:execute(629)) - a073d587-6aa7-4ca3-9889-8ecc19e2905e@group-7E75DEA0AD0C-SegmentedRaftLogWorker: created new log segment /home/runner/work/ozone/ozone/hadoop-ozone/integration-test/target/test-dir/MiniOzoneClusterImpl-03d8019b-d99e-41ea-b31f-f002ac91f2ca/datanode-1/data/ratis/03451ab7-eaab-42b3-a2f1-7e75dea0ad0c/current/log_inprogress_0
2022-07-12 21:07:45,995 [a073d587-6aa7-4ca3-9889-8ecc19e2905e@group-7E75DEA0AD0C-LeaderElection44] INFO  server.RaftServer$Division (ServerState.java:setRaftConf(393)) - a073d587-6aa7-4ca3-9889-8ecc19e2905e@group-7E75DEA0AD0C: set configuration 0: [29d43e8b-b8c3-435a-bf60-ec797ee46bf5|rpc:10.1.0.20:33347|dataStream:|priority:0, ddb9d7c4-a5dc-476f-83e2-b66bdd4cd965|rpc:10.1.0.20:35703|dataStream:|priority:0, a073d587-6aa7-4ca3-9889-8ecc19e2905e|rpc:10.1.0.20:32847|dataStream:|priority:1], old=null
2022-07-12 21:07:46,027 [ddb9d7c4-a5dc-476f-83e2-b66bdd4cd965-server-thread1] INFO  ratis.XceiverServerRatis (XceiverServerRatis.java:handleLeaderChangedNotification(863)) - Leader change notification received for group: group-7E75DEA0AD0C with new leaderId: a073d587-6aa7-4ca3-9889-8ecc19e2905e
2022-07-12 21:07:46,027 [ddb9d7c4-a5dc-476f-83e2-b66bdd4cd965-server-thread1] INFO  server.RaftServer$Division (ServerState.java:setLeader(287)) - ddb9d7c4-a5dc-476f-83e2-b66bdd4cd965@group-7E75DEA0AD0C: change Leader from null to a073d587-6aa7-4ca3-9889-8ecc19e2905e at term 1 for appendEntries, leader elected after 5019ms
2022-07-12 21:07:46,056 [29d43e8b-b8c3-435a-bf60-ec797ee46bf5-server-thread1] INFO  ratis.XceiverServerRatis (XceiverServerRatis.java:handleLeaderChangedNotification(863)) - Leader change notification received for group: group-7E75DEA0AD0C with new leaderId: a073d587-6aa7-4ca3-9889-8ecc19e2905e
2022-07-12 21:07:46,057 [29d43e8b-b8c3-435a-bf60-ec797ee46bf5-server-thread1] INFO  server.RaftServer$Division (ServerState.java:setLeader(287)) - 29d43e8b-b8c3-435a-bf60-ec797ee46bf5@group-7E75DEA0AD0C: change Leader from null to a073d587-6aa7-4ca3-9889-8ecc19e2905e at term 1 for appendEntries, leader elected after 5290ms
2022-07-12 21:07:46,089 [ddb9d7c4-a5dc-476f-83e2-b66bdd4cd965-server-thread1] INFO  server.RaftServer$Division (ServerState.java:setRaftConf(393)) - ddb9d7c4-a5dc-476f-83e2-b66bdd4cd965@group-7E75DEA0AD0C: set configuration 0: [29d43e8b-b8c3-435a-bf60-ec797ee46bf5|rpc:10.1.0.20:33347|dataStream:|priority:0, ddb9d7c4-a5dc-476f-83e2-b66bdd4cd965|rpc:10.1.0.20:35703|dataStream:|priority:0, a073d587-6aa7-4ca3-9889-8ecc19e2905e|rpc:10.1.0.20:32847|dataStream:|priority:1], old=null
2022-07-12 21:07:46,090 [ddb9d7c4-a5dc-476f-83e2-b66bdd4cd965-server-thread1] INFO  segmented.SegmentedRaftLogWorker (SegmentedRaftLogWorker.java:startLogSegment(425)) - ddb9d7c4-a5dc-476f-83e2-b66bdd4cd965@group-7E75DEA0AD0C-SegmentedRaftLogWorker: Starting segment from index:0
2022-07-12 21:07:46,089 [29d43e8b-b8c3-435a-bf60-ec797ee46bf5-server-thread1] INFO  server.RaftServer$Division (ServerState.java:setRaftConf(393)) - 29d43e8b-b8c3-435a-bf60-ec797ee46bf5@group-7E75DEA0AD0C: set configuration 0: [29d43e8b-b8c3-435a-bf60-ec797ee46bf5|rpc:10.1.0.20:33347|dataStream:|priority:0, ddb9d7c4-a5dc-476f-83e2-b66bdd4cd965|rpc:10.1.0.20:35703|dataStream:|priority:0, a073d587-6aa7-4ca3-9889-8ecc19e2905e|rpc:10.1.0.20:32847|dataStream:|priority:1], old=null
2022-07-12 21:07:46,091 [29d43e8b-b8c3-435a-bf60-ec797ee46bf5-server-thread1] INFO  segmented.SegmentedRaftLogWorker (SegmentedRaftLogWorker.java:startLogSegment(425)) - 29d43e8b-b8c3-435a-bf60-ec797ee46bf5@group-7E75DEA0AD0C-SegmentedRaftLogWorker: Starting segment from index:0
2022-07-12 21:07:46,092 [29d43e8b-b8c3-435a-bf60-ec797ee46bf5@group-7E75DEA0AD0C-SegmentedRaftLogWorker] INFO  segmented.SegmentedRaftLogWorker (SegmentedRaftLogWorker.java:execute(629)) - 29d43e8b-b8c3-435a-bf60-ec797ee46bf5@group-7E75DEA0AD0C-SegmentedRaftLogWorker: created new log segment /home/runner/work/ozone/ozone/hadoop-ozone/integration-test/target/test-dir/MiniOzoneClusterImpl-03d8019b-d99e-41ea-b31f-f002ac91f2ca/datanode-2/data/ratis/03451ab7-eaab-42b3-a2f1-7e75dea0ad0c/current/log_inprogress_0
2022-07-12 21:07:46,092 [ddb9d7c4-a5dc-476f-83e2-b66bdd4cd965@group-7E75DEA0AD0C-SegmentedRaftLogWorker] INFO  segmented.SegmentedRaftLogWorker (SegmentedRaftLogWorker.java:execute(629)) - ddb9d7c4-a5dc-476f-83e2-b66bdd4cd965@group-7E75DEA0AD0C-SegmentedRaftLogWorker: created new log segment /home/runner/work/ozone/ozone/hadoop-ozone/integration-test/target/test-dir/MiniOzoneClusterImpl-03d8019b-d99e-41ea-b31f-f002ac91f2ca/datanode-0/data/ratis/03451ab7-eaab-42b3-a2f1-7e75dea0ad0c/current/log_inprogress_0
2022-07-12 21:07:46,436 [a073d587-6aa7-4ca3-9889-8ecc19e2905e@group-B6676DE81A3B-FollowerState] INFO  impl.FollowerState (FollowerState.java:run(143)) - a073d587-6aa7-4ca3-9889-8ecc19e2905e@group-B6676DE81A3B-FollowerState: change to CANDIDATE, lastRpcElapsedTime:5224605520ns, electionTimeout:5174ms
2022-07-12 21:07:46,436 [a073d587-6aa7-4ca3-9889-8ecc19e2905e@group-B6676DE81A3B-FollowerState] INFO  impl.RoleInfo (RoleInfo.java:shutdownFollowerState(110)) - a073d587-6aa7-4ca3-9889-8ecc19e2905e: shutdown a073d587-6aa7-4ca3-9889-8ecc19e2905e@group-B6676DE81A3B-FollowerState
2022-07-12 21:07:46,436 [a073d587-6aa7-4ca3-9889-8ecc19e2905e@group-B6676DE81A3B-FollowerState] INFO  server.RaftServer$Division (RaftServerImpl.java:setRole(299)) - a073d587-6aa7-4ca3-9889-8ecc19e2905e@group-B6676DE81A3B: changes role from  FOLLOWER to CANDIDATE at term 0 for changeToCandidate
2022-07-12 21:07:46,436 [a073d587-6aa7-4ca3-9889-8ecc19e2905e@group-B6676DE81A3B-FollowerState] INFO  server.RaftServerConfigKeys (ConfUtils.java:logGet(46)) - raft.server.leaderelection.pre-vote = false (custom)
2022-07-12 21:07:46,436 [a073d587-6aa7-4ca3-9889-8ecc19e2905e@group-B6676DE81A3B-FollowerState] INFO  impl.RoleInfo (RoleInfo.java:updateAndGet(139)) - a073d587-6aa7-4ca3-9889-8ecc19e2905e: start a073d587-6aa7-4ca3-9889-8ecc19e2905e@group-B6676DE81A3B-LeaderElection45
2022-07-12 21:07:46,500 [ddb9d7c4-a5dc-476f-83e2-b66bdd4cd965@group-B6676DE81A3B-FollowerState] INFO  impl.FollowerState (FollowerState.java:run(143)) - ddb9d7c4-a5dc-476f-83e2-b66bdd4cd965@group-B6676DE81A3B-FollowerState: change to CANDIDATE, lastRpcElapsedTime:5170782217ns, electionTimeout:5164ms
2022-07-12 21:07:46,501 [ddb9d7c4-a5dc-476f-83e2-b66bdd4cd965@group-B6676DE81A3B-FollowerState] INFO  impl.RoleInfo (RoleInfo.java:shutdownFollowerState(110)) - ddb9d7c4-a5dc-476f-83e2-b66bdd4cd965: shutdown ddb9d7c4-a5dc-476f-83e2-b66bdd4cd965@group-B6676DE81A3B-FollowerState
2022-07-12 21:07:46,501 [ddb9d7c4-a5dc-476f-83e2-b66bdd4cd965@group-B6676DE81A3B-FollowerState] INFO  server.RaftServer$Division (RaftServerImpl.java:setRole(299)) - ddb9d7c4-a5dc-476f-83e2-b66bdd4cd965@group-B6676DE81A3B: changes role from  FOLLOWER to CANDIDATE at term 0 for changeToCandidate
2022-07-12 21:07:46,501 [ddb9d7c4-a5dc-476f-83e2-b66bdd4cd965@group-B6676DE81A3B-FollowerState] INFO  server.RaftServerConfigKeys (ConfUtils.java:logGet(46)) - raft.server.leaderelection.pre-vote = false (custom)
2022-07-12 21:07:46,501 [ddb9d7c4-a5dc-476f-83e2-b66bdd4cd965@group-B6676DE81A3B-FollowerState] INFO  impl.RoleInfo (RoleInfo.java:updateAndGet(139)) - ddb9d7c4-a5dc-476f-83e2-b66bdd4cd965: start ddb9d7c4-a5dc-476f-83e2-b66bdd4cd965@group-B6676DE81A3B-LeaderElection46
2022-07-12 21:07:46,524 [a073d587-6aa7-4ca3-9889-8ecc19e2905e@group-B6676DE81A3B-LeaderElection45] INFO  impl.LeaderElection (LeaderElection.java:askForVotes(310)) - a073d587-6aa7-4ca3-9889-8ecc19e2905e@group-B6676DE81A3B-LeaderElection45 ELECTION round 0: submit vote requests at term 1 for -1: [29d43e8b-b8c3-435a-bf60-ec797ee46bf5|rpc:10.1.0.20:33347|priority:1, ddb9d7c4-a5dc-476f-83e2-b66bdd4cd965|rpc:10.1.0.20:35703|priority:0, a073d587-6aa7-4ca3-9889-8ecc19e2905e|rpc:10.1.0.20:32847|priority:0], old=null
2022-07-12 21:07:46,541 [grpc-default-executor-2] INFO  server.RaftServer$Division (RaftServerImpl.java:requestVote(1152)) - 29d43e8b-b8c3-435a-bf60-ec797ee46bf5@group-B6676DE81A3B: receive requestVote(ELECTION, a073d587-6aa7-4ca3-9889-8ecc19e2905e, group-B6676DE81A3B, 1, (t:0, i:0))
2022-07-12 21:07:46,541 [grpc-default-executor-2] INFO  impl.VoteContext (VoteContext.java:log(48)) - 29d43e8b-b8c3-435a-bf60-ec797ee46bf5@group-B6676DE81A3B-FOLLOWER: reject ELECTION from a073d587-6aa7-4ca3-9889-8ecc19e2905e: our priority 1 > candidate's priority 0
2022-07-12 21:07:46,541 [grpc-default-executor-2] INFO  server.RaftServer$Division (RaftServerImpl.java:setRole(299)) - 29d43e8b-b8c3-435a-bf60-ec797ee46bf5@group-B6676DE81A3B: changes role from  FOLLOWER to FOLLOWER at term 1 for candidate:a073d587-6aa7-4ca3-9889-8ecc19e2905e
2022-07-12 21:07:46,541 [grpc-default-executor-2] INFO  impl.RoleInfo (RoleInfo.java:shutdownFollowerState(110)) - 29d43e8b-b8c3-435a-bf60-ec797ee46bf5: shutdown 29d43e8b-b8c3-435a-bf60-ec797ee46bf5@group-B6676DE81A3B-FollowerState
2022-07-12 21:07:46,541 [grpc-default-executor-2] INFO  impl.RoleInfo (RoleInfo.java:updateAndGet(139)) - 29d43e8b-b8c3-435a-bf60-ec797ee46bf5: start 29d43e8b-b8c3-435a-bf60-ec797ee46bf5@group-B6676DE81A3B-FollowerState
2022-07-12 21:07:46,542 [grpc-default-executor-0] INFO  server.RaftServer$Division (RaftServerImpl.java:requestVote(1152)) - ddb9d7c4-a5dc-476f-83e2-b66bdd4cd965@group-B6676DE81A3B: receive requestVote(ELECTION, a073d587-6aa7-4ca3-9889-8ecc19e2905e, group-B6676DE81A3B, 1, (t:0, i:0))
2022-07-12 21:07:46,542 [grpc-default-executor-0] INFO  impl.VoteContext (VoteContext.java:log(48)) - ddb9d7c4-a5dc-476f-83e2-b66bdd4cd965@group-B6676DE81A3B-CANDIDATE: accept ELECTION from a073d587-6aa7-4ca3-9889-8ecc19e2905e: our priority 0 <= candidate's priority 0
2022-07-12 21:07:46,543 [grpc-default-executor-0] INFO  server.RaftServer$Division (RaftServerImpl.java:setRole(299)) - ddb9d7c4-a5dc-476f-83e2-b66bdd4cd965@group-B6676DE81A3B: changes role from CANDIDATE to FOLLOWER at term 1 for candidate:a073d587-6aa7-4ca3-9889-8ecc19e2905e
2022-07-12 21:07:46,543 [grpc-default-executor-0] INFO  impl.RoleInfo (RoleInfo.java:shutdownLeaderElection(130)) - ddb9d7c4-a5dc-476f-83e2-b66bdd4cd965: shutdown ddb9d7c4-a5dc-476f-83e2-b66bdd4cd965@group-B6676DE81A3B-LeaderElection46
2022-07-12 21:07:46,543 [grpc-default-executor-0] INFO  impl.RoleInfo (RoleInfo.java:updateAndGet(139)) - ddb9d7c4-a5dc-476f-83e2-b66bdd4cd965: start ddb9d7c4-a5dc-476f-83e2-b66bdd4cd965@group-B6676DE81A3B-FollowerState
2022-07-12 21:07:46,543 [29d43e8b-b8c3-435a-bf60-ec797ee46bf5@group-B6676DE81A3B-FollowerState] INFO  impl.FollowerState (FollowerState.java:run(152)) - 29d43e8b-b8c3-435a-bf60-ec797ee46bf5@group-B6676DE81A3B-FollowerState was interrupted
2022-07-12 21:07:46,546 [grpc-default-executor-2] INFO  server.RaftServer$Division (RaftServerImpl.java:requestVote(1184)) - 29d43e8b-b8c3-435a-bf60-ec797ee46bf5@group-B6676DE81A3B replies to ELECTION vote request: a073d587-6aa7-4ca3-9889-8ecc19e2905e<-29d43e8b-b8c3-435a-bf60-ec797ee46bf5#0:FAIL-t1. Peer's state: 29d43e8b-b8c3-435a-bf60-ec797ee46bf5@group-B6676DE81A3B:t1, leader=null, voted=null, raftlog=29d43e8b-b8c3-435a-bf60-ec797ee46bf5@group-B6676DE81A3B-SegmentedRaftLog:OPENED:c-1, conf=-1: [29d43e8b-b8c3-435a-bf60-ec797ee46bf5|rpc:10.1.0.20:33347|dataStream:|priority:1, ddb9d7c4-a5dc-476f-83e2-b66bdd4cd965|rpc:10.1.0.20:35703|dataStream:|priority:0, a073d587-6aa7-4ca3-9889-8ecc19e2905e|rpc:10.1.0.20:32847|dataStream:|priority:0], old=null
2022-07-12 21:07:46,570 [grpc-default-executor-0] INFO  server.RaftServer$Division (RaftServerImpl.java:requestVote(1184)) - ddb9d7c4-a5dc-476f-83e2-b66bdd4cd965@group-B6676DE81A3B replies to ELECTION vote request: a073d587-6aa7-4ca3-9889-8ecc19e2905e<-ddb9d7c4-a5dc-476f-83e2-b66bdd4cd965#0:OK-t1. Peer's state: ddb9d7c4-a5dc-476f-83e2-b66bdd4cd965@group-B6676DE81A3B:t1, leader=null, voted=a073d587-6aa7-4ca3-9889-8ecc19e2905e, raftlog=ddb9d7c4-a5dc-476f-83e2-b66bdd4cd965@group-B6676DE81A3B-SegmentedRaftLog:OPENED:c-1, conf=-1: [29d43e8b-b8c3-435a-bf60-ec797ee46bf5|rpc:10.1.0.20:33347|priority:1, ddb9d7c4-a5dc-476f-83e2-b66bdd4cd965|rpc:10.1.0.20:35703|priority:0, a073d587-6aa7-4ca3-9889-8ecc19e2905e|rpc:10.1.0.20:32847|priority:0], old=null
2022-07-12 21:07:46,623 [a073d587-6aa7-4ca3-9889-8ecc19e2905e@group-B6676DE81A3B-LeaderElection45] INFO  impl.LeaderElection (LeaderElection.java:logAndReturn(90)) - a073d587-6aa7-4ca3-9889-8ecc19e2905e@group-B6676DE81A3B-LeaderElection45: ELECTION REJECTED received 2 response(s) and 0 exception(s):
2022-07-12 21:07:46,623 [a073d587-6aa7-4ca3-9889-8ecc19e2905e@group-B6676DE81A3B-LeaderElection45] INFO  impl.LeaderElection (LeaderElection.java:logAndReturn(94)) -   Response 0: a073d587-6aa7-4ca3-9889-8ecc19e2905e<-ddb9d7c4-a5dc-476f-83e2-b66bdd4cd965#0:OK-t1
2022-07-12 21:07:46,623 [a073d587-6aa7-4ca3-9889-8ecc19e2905e@group-B6676DE81A3B-LeaderElection45] INFO  impl.LeaderElection (LeaderElection.java:logAndReturn(94)) -   Response 1: a073d587-6aa7-4ca3-9889-8ecc19e2905e<-29d43e8b-b8c3-435a-bf60-ec797ee46bf5#0:FAIL-t1
2022-07-12 21:07:46,623 [a073d587-6aa7-4ca3-9889-8ecc19e2905e@group-B6676DE81A3B-LeaderElection45] INFO  impl.LeaderElection (LeaderElection.java:askForVotes(312)) - a073d587-6aa7-4ca3-9889-8ecc19e2905e@group-B6676DE81A3B-LeaderElection45 ELECTION round 0: result REJECTED
2022-07-12 21:07:46,623 [a073d587-6aa7-4ca3-9889-8ecc19e2905e@group-B6676DE81A3B-LeaderElection45] INFO  server.RaftServer$Division (RaftServerImpl.java:setRole(299)) - a073d587-6aa7-4ca3-9889-8ecc19e2905e@group-B6676DE81A3B: changes role from CANDIDATE to FOLLOWER at term 1 for REJECTED
2022-07-12 21:07:46,623 [a073d587-6aa7-4ca3-9889-8ecc19e2905e@group-B6676DE81A3B-LeaderElection45] INFO  impl.RoleInfo (RoleInfo.java:shutdownLeaderElection(130)) - a073d587-6aa7-4ca3-9889-8ecc19e2905e: shutdown a073d587-6aa7-4ca3-9889-8ecc19e2905e@group-B6676DE81A3B-LeaderElection45
2022-07-12 21:07:46,623 [a073d587-6aa7-4ca3-9889-8ecc19e2905e@group-B6676DE81A3B-LeaderElection45] INFO  impl.RoleInfo (RoleInfo.java:updateAndGet(139)) - a073d587-6aa7-4ca3-9889-8ecc19e2905e: start a073d587-6aa7-4ca3-9889-8ecc19e2905e@group-B6676DE81A3B-FollowerState
2022-07-12 21:07:46,762 [Listener at 127.0.0.1/33595] INFO  ozone.MiniOzoneClusterImpl (MiniOzoneClusterImpl.java:lambda$waitForClusterToBeReady$0(223)) - Nodes are ready. Got 5 of 5 DN Heartbeats.
2022-07-12 21:07:46,762 [Listener at 127.0.0.1/33595] INFO  ozone.MiniOzoneClusterImpl (MiniOzoneClusterImpl.java:lambda$waitForClusterToBeReady$0(226)) - Cluster exits safe mode
2022-07-12 21:07:46,762 [Listener at 127.0.0.1/33595] INFO  ozone.MiniOzoneClusterImpl (MiniOzoneClusterImpl.java:lambda$waitForClusterToBeReady$0(228)) - SCM became leader
2022-07-12 21:07:46,889 [Time-limited test] INFO  rpc.RpcClient (RpcClient.java:createVolume(466)) - Creating Volume: volume86327, with user23705 as owner and space quota set to -1 bytes, counts quota set to -1
2022-07-12 21:07:46,984 [OM StateMachine ApplyTransaction Thread - 0] INFO  volume.OMVolumeCreateRequest (OMVolumeCreateRequest.java:validateAndUpdateCache(195)) - created volume:volume86327 for user:user23705
2022-07-12 21:07:47,030 [Time-limited test] INFO  rpc.RpcClient (RpcClient.java:createBucket(669)) - Creating Bucket: volume86327/bucket35104, with bucket layout LEGACY, runner as owner, Versioning false, Storage Type set to DISK and Encryption set to false 
2022-07-12 21:07:47,035 [OM StateMachine ApplyTransaction Thread - 0] INFO  bucket.OMBucketCreateRequest (OMBucketCreateRequest.java:validateAndUpdateCache(260)) - created bucket: bucket35104 of layout LEGACY in volume: volume86327
2022-07-12 21:07:47,139 [IPC Server handler 5 on default port 41613] INFO  ha.SequenceIdGenerator (SequenceIdGenerator.java:getNextId(128)) - Allocate a batch for containerId, change lastId from 0 to 1000.
2022-07-12 21:07:47,144 [IPC Server handler 5 on default port 41613] WARN  ha.SequenceIdGenerator (SequenceIdGenerator.java:allocateBatch(237)) - Failed to allocate a batch for localId, expected lastId is 0, actual lastId is 109611004723200000.
2022-07-12 21:07:47,144 [IPC Server handler 5 on default port 41613] INFO  ha.SequenceIdGenerator (SequenceIdGenerator.java:getNextId(128)) - Allocate a batch for localId, change lastId from 109611004723200000 to 109611004723201000.
21:07:47.234 [IPC Server handler 5 on default port 33595] ERROR OMAudit - user=runner | ip=127.0.0.1 | op=GET_FILE_STATUS {volume=volume86327, bucket=bucket35104, key=dir444/file1, dataSize=0, replicationConfig=null} | ret=FAILURE
org.apache.hadoop.ozone.om.exceptions.OMException: Unable to get file status: volume: volume86327 bucket: bucket35104 key: dir444/file1
	at org.apache.hadoop.ozone.om.KeyManagerImpl.getOzoneFileStatus(KeyManagerImpl.java:1311) ~[ozone-manager-1.3.0-SNAPSHOT.jar:?]
	at org.apache.hadoop.ozone.om.KeyManagerImpl.getFileStatus(KeyManagerImpl.java:1241) ~[ozone-manager-1.3.0-SNAPSHOT.jar:?]
	at org.apache.hadoop.ozone.om.OzoneManager.getFileStatus(OzoneManager.java:3419) ~[ozone-manager-1.3.0-SNAPSHOT.jar:?]
	at org.apache.hadoop.ozone.protocolPB.OzoneManagerRequestHandler.getOzoneFileStatus(OzoneManagerRequestHandler.java:871) ~[ozone-manager-1.3.0-SNAPSHOT.jar:?]
	at org.apache.hadoop.ozone.protocolPB.OzoneManagerRequestHandler.handleReadRequest(OzoneManagerRequestHandler.java:217) ~[ozone-manager-1.3.0-SNAPSHOT.jar:?]
	at org.apache.hadoop.ozone.protocolPB.OzoneManagerProtocolServerSideTranslatorPB.submitReadRequestToOM(OzoneManagerProtocolServerSideTranslatorPB.java:226) ~[ozone-manager-1.3.0-SNAPSHOT.jar:?]
	at org.apache.hadoop.ozone.protocolPB.OzoneManagerProtocolServerSideTranslatorPB.processRequest(OzoneManagerProtocolServerSideTranslatorPB.java:175) ~[ozone-manager-1.3.0-SNAPSHOT.jar:?]
	at org.apache.hadoop.hdds.server.OzoneProtocolMessageDispatcher.processRequest(OzoneProtocolMessageDispatcher.java:87) [hdds-server-framework-1.3.0-SNAPSHOT.jar:?]
	at org.apache.hadoop.ozone.protocolPB.OzoneManagerProtocolServerSideTranslatorPB.submitRequest(OzoneManagerProtocolServerSideTranslatorPB.java:147) [ozone-manager-1.3.0-SNAPSHOT.jar:?]
	at org.apache.hadoop.ozone.protocol.proto.OzoneManagerProtocolProtos$OzoneManagerService$2.callBlockingMethod(OzoneManagerProtocolProtos.java) [ozone-interface-client-1.3.0-SNAPSHOT.jar:?]
	at org.apache.hadoop.ipc.ProtobufRpcEngine$Server.processCall(ProtobufRpcEngine.java:466) [hadoop-common-3.3.1.jar:?]
	at org.apache.hadoop.ipc.ProtobufRpcEngine2$Server$ProtoBufRpcInvoker.call(ProtobufRpcEngine2.java:574) [hadoop-common-3.3.1.jar:?]
	at org.apache.hadoop.ipc.ProtobufRpcEngine2$Server$ProtoBufRpcInvoker.call(ProtobufRpcEngine2.java:552) [hadoop-common-3.3.1.jar:?]
	at org.apache.hadoop.ipc.RPC$Server.call(RPC.java:1093) [hadoop-common-3.3.1.jar:?]
	at org.apache.hadoop.ipc.Server$RpcCall.run(Server.java:1035) [hadoop-common-3.3.1.jar:?]
	at org.apache.hadoop.ipc.Server$RpcCall.run(Server.java:963) [hadoop-common-3.3.1.jar:?]
	at java.security.AccessController.doPrivileged(Native Method) ~[?:1.8.0_332]
	at javax.security.auth.Subject.doAs(Subject.java:422) [?:1.8.0_332]
	at org.apache.hadoop.security.UserGroupInformation.doAs(UserGroupInformation.java:1878) [hadoop-common-3.3.1.jar:?]
	at org.apache.hadoop.ipc.Server$Handler.run(Server.java:2966) [hadoop-common-3.3.1.jar:?]
]]></system-out>
  </testcase>
  <testcase name="testRenameFile" classname="TestRootedOzoneFileSystem" time="0.366">
    <system-out><![CDATA[2022-07-12 21:08:21,801 [Listener at 127.0.0.1/33595] INFO  ozone.MiniOzoneClusterImpl (MiniOzoneClusterImpl.java:shutdown(460)) - Shutting down the Mini Ozone Cluster
2022-07-12 21:08:21,801 [Listener at 127.0.0.1/33595] INFO  ozone.MiniOzoneClusterImpl (MiniOzoneClusterImpl.java:stop(475)) - Stopping the Mini Ozone Cluster
2022-07-12 21:08:21,801 [Listener at 127.0.0.1/33595] INFO  ozone.MiniOzoneClusterImpl (MiniOzoneClusterImpl.java:stopOM(557)) - Stopping the OzoneManager
2022-07-12 21:08:21,801 [Listener at 127.0.0.1/33595] INFO  om.OzoneManager (OzoneManager.java:stop(2020)) - om1[localhost:0]: Stopping Ozone Manager
2022-07-12 21:08:21,801 [Listener at 127.0.0.1/33595] INFO  ipc.Server (Server.java:stop(3414)) - Stopping server on 33595
2022-07-12 21:08:21,839 [IPC Server listener on 0] INFO  ipc.Server (Server.java:run(1376)) - Stopping IPC Server listener on 0
2022-07-12 21:08:21,842 [Listener at 127.0.0.1/33595] INFO  server.RaftServer (RaftServerProxy.java:lambda$close$7(398)) - om1: close
2022-07-12 21:08:21,843 [Listener at 127.0.0.1/33595] INFO  server.RaftServer$Division (RaftServerImpl.java:lambda$close$4(434)) - om1@group-C5BA1605619E: shutdown
2022-07-12 21:08:21,843 [Listener at 127.0.0.1/33595] INFO  util.JmxRegister (JmxRegister.java:unregister(73)) - Successfully un-registered JMX Bean with object name Ratis:service=RaftServer,group=group-C5BA1605619E,id=om1
2022-07-12 21:08:21,843 [Listener at 127.0.0.1/33595] INFO  impl.RoleInfo (RoleInfo.java:shutdownLeaderState(93)) - om1: shutdown om1@group-C5BA1605619E-LeaderStateImpl
2022-07-12 21:08:21,868 [Listener at 127.0.0.1/33595] INFO  impl.PendingRequests (PendingRequests.java:sendNotLeaderResponses(282)) - om1@group-C5BA1605619E-PendingRequests: sendNotLeaderResponses
2022-07-12 21:08:21,842 [IPC Server Responder] INFO  ipc.Server (Server.java:run(1512)) - Stopping IPC Server Responder
2022-07-12 21:08:21,880 [Listener at 127.0.0.1/33595] INFO  impl.StateMachineUpdater (StateMachineUpdater.java:stopAndJoin(153)) - om1@group-C5BA1605619E-StateMachineUpdater: set stopIndex = 6950
2022-07-12 21:08:21,881 [om1@group-C5BA1605619E-StateMachineUpdater] INFO  ratis.OzoneManagerStateMachine (OzoneManagerStateMachine.java:takeSnapshot(441)) - Current Snapshot Index (t:1, i:6950)
2022-07-12 21:08:21,881 [om1@group-C5BA1605619E-StateMachineUpdater] INFO  impl.StateMachineUpdater (StateMachineUpdater.java:takeSnapshot(287)) - om1@group-C5BA1605619E-StateMachineUpdater: Took a snapshot at index 6950
2022-07-12 21:08:21,881 [om1@group-C5BA1605619E-StateMachineUpdater] INFO  impl.StateMachineUpdater (StateMachineUpdater.java:lambda$new$0(92)) - om1@group-C5BA1605619E-StateMachineUpdater: snapshotIndex: updateIncreasingly -1 -> 6950
2022-07-12 21:08:21,881 [om1@group-C5BA1605619E-StateMachineUpdater] INFO  ratis.OzoneManagerStateMachine (OzoneManagerStateMachine.java:close(495)) - StateMachine has shutdown. Shutdown OzoneManager if not already shutdown.
2022-07-12 21:08:21,881 [om1@group-C5BA1605619E-StateMachineUpdater] INFO  ratis.OzoneManagerDoubleBuffer (OzoneManagerDoubleBuffer.java:stop(465)) - Stopping OMDoubleBuffer flush thread
2022-07-12 21:08:21,895 [OMDoubleBufferFlushThread] INFO  ratis.OzoneManagerDoubleBuffer (OzoneManagerDoubleBuffer.java:flushTransactions(385)) - OMDoubleBuffer flush thread OMDoubleBufferFlushThread is interrupted and will exit.
2022-07-12 21:08:21,916 [Listener at 127.0.0.1/33595] INFO  server.RaftServer$Division (ServerState.java:close(429)) - om1@group-C5BA1605619E: closes. applyIndex: 6950
2022-07-12 21:08:21,916 [om1@group-C5BA1605619E-SegmentedRaftLogWorker] INFO  segmented.SegmentedRaftLogWorker (SegmentedRaftLogWorker.java:run(336)) - om1@group-C5BA1605619E-SegmentedRaftLogWorker was interrupted, exiting. There are 0 tasks remaining in the queue.
2022-07-12 21:08:21,924 [Listener at 127.0.0.1/33595] INFO  segmented.SegmentedRaftLogWorker (SegmentedRaftLogWorker.java:close(246)) - om1@group-C5BA1605619E-SegmentedRaftLogWorker close()
2022-07-12 21:08:21,933 [Listener at 127.0.0.1/33595] INFO  server.GrpcService (GrpcService.java:closeImpl(269)) - om1: shutdown server with port 9872 now
2022-07-12 21:08:21,934 [Listener at 127.0.0.1/33595] INFO  server.GrpcService (GrpcService.java:closeImpl(278)) - om1: shutdown server with port 9872 successfully
2022-07-12 21:08:21,934 [org.apache.ratis.util.JvmPauseMonitor$$Lambda$613/1050667922@36aa70da] INFO  util.JvmPauseMonitor (JvmPauseMonitor.java:run(109)) - JvmPauseMonitor-om1: Stopped
2022-07-12 21:08:21,939 [Listener at 127.0.0.1/33595] INFO  ratis.OzoneManagerStateMachine (OzoneManagerStateMachine.java:close(495)) - StateMachine has shutdown. Shutdown OzoneManager if not already shutdown.
2022-07-12 21:08:21,939 [Listener at 127.0.0.1/33595] INFO  ratis.OzoneManagerDoubleBuffer (OzoneManagerDoubleBuffer.java:stop(477)) - OMDoubleBuffer flush thread is not running.
2022-07-12 21:08:21,939 [Listener at 127.0.0.1/33595] INFO  utils.BackgroundService (BackgroundService.java:shutdown(132)) - Shutting down service KeyDeletingService
2022-07-12 21:08:21,940 [Listener at 127.0.0.1/33595] INFO  utils.BackgroundService (BackgroundService.java:shutdown(132)) - Shutting down service DirectoryDeletingService
2022-07-12 21:08:21,943 [Listener at 127.0.0.1/33595] INFO  utils.BackgroundService (BackgroundService.java:shutdown(132)) - Shutting down service OpenKeyCleanupService
2022-07-12 21:08:21,948 [Listener at 127.0.0.1/33595] INFO  handler.ContextHandler (ContextHandler.java:doStop(1153)) - Stopped o.e.j.w.WebAppContext@572a6f7{ozoneManager,/,null,STOPPED}{file:/home/runner/work/ozone/ozone/hadoop-ozone/integration-test/target/test-classes/webapps/ozoneManager}
2022-07-12 21:08:21,952 [Listener at 127.0.0.1/33595] INFO  server.AbstractConnector (AbstractConnector.java:doStop(381)) - Stopped ServerConnector@342fb3b5{HTTP/1.1, (http/1.1)}{0.0.0.0:0}
2022-07-12 21:08:21,952 [Listener at 127.0.0.1/33595] INFO  server.session (HouseKeeper.java:stopScavenging(149)) - node0 Stopped scavenging
2022-07-12 21:08:21,953 [Listener at 127.0.0.1/33595] INFO  handler.ContextHandler (ContextHandler.java:doStop(1153)) - Stopped o.e.j.s.ServletContextHandler@5561f343{static,/static,file:///home/runner/work/ozone/ozone/hadoop-ozone/integration-test/target/test-classes/webapps/static,STOPPED}
2022-07-12 21:08:21,953 [Listener at 127.0.0.1/33595] INFO  handler.ContextHandler (ContextHandler.java:doStop(1153)) - Stopped o.e.j.s.ServletContextHandler@3ccb56bc{logs,/logs,file:///home/runner/work/ozone/ozone/hadoop-ozone/integration-test/target/log,STOPPED}
2022-07-12 21:08:21,979 [Trash Emptier] ERROR om.TrashPolicyOzone (TrashPolicyOzone.java:run(251)) - Error attempting to shutdown
java.lang.InterruptedException
	at java.util.concurrent.locks.AbstractQueuedSynchronizer$ConditionObject.awaitNanos(AbstractQueuedSynchronizer.java:2067)
	at java.util.concurrent.ThreadPoolExecutor.awaitTermination(ThreadPoolExecutor.java:1475)
	at org.apache.hadoop.ozone.om.TrashPolicyOzone$Emptier.run(TrashPolicyOzone.java:249)
	at java.lang.Thread.run(Thread.java:750)
2022-07-12 21:08:21,980 [Trash Emptier] ERROR util.ExitUtils (ExitUtils.java:terminate(133)) - Terminating with exit status -1: Thread[Trash Emptier,5,main] has thrown an uncaught exception
java.lang.UnsupportedOperationException: fs.getUri() not implemented in TrashOzoneFileSystem
	at org.apache.hadoop.ozone.om.TrashOzoneFileSystem.getUri(TrashOzoneFileSystem.java:126)
	at org.apache.hadoop.fs.FileSystem.close(FileSystem.java:2592)
	at org.apache.hadoop.ozone.om.TrashPolicyOzone$Emptier.run(TrashPolicyOzone.java:243)
	at java.lang.Thread.run(Thread.java:750)
2022-07-12 21:08:22,010 [Listener at 127.0.0.1/33595] INFO  ozone.MiniOzoneClusterImpl (MiniOzoneClusterImpl.java:stopDatanodes(534)) - Stopping the HddsDatanodes
2022-07-12 21:08:27,019 [ForkJoinPool.commonPool-worker-0] INFO  ozoneimpl.OzoneContainer (OzoneContainer.java:stop(365)) - Attempting to stop container services.
2022-07-12 21:08:27,038 [Listener at 127.0.0.1/33595] INFO  ozoneimpl.OzoneContainer (OzoneContainer.java:stop(365)) - Attempting to stop container services.
2022-07-12 21:08:27,042 [ForkJoinPool.commonPool-worker-0] INFO  server.RaftServer (RaftServerProxy.java:lambda$close$7(398)) - a073d587-6aa7-4ca3-9889-8ecc19e2905e: close
2022-07-12 21:08:27,043 [ForkJoinPool.commonPool-worker-0] INFO  server.RaftServer$Division (RaftServerImpl.java:lambda$close$4(434)) - a073d587-6aa7-4ca3-9889-8ecc19e2905e@group-0C8CF8DBD517: shutdown
2022-07-12 21:08:27,043 [ForkJoinPool.commonPool-worker-0] INFO  util.JmxRegister (JmxRegister.java:unregister(73)) - Successfully un-registered JMX Bean with object name Ratis:service=RaftServer,group=group-0C8CF8DBD517,id=a073d587-6aa7-4ca3-9889-8ecc19e2905e
2022-07-12 21:08:27,043 [ForkJoinPool.commonPool-worker-0] INFO  impl.RoleInfo (RoleInfo.java:shutdownLeaderState(93)) - a073d587-6aa7-4ca3-9889-8ecc19e2905e: shutdown a073d587-6aa7-4ca3-9889-8ecc19e2905e@group-0C8CF8DBD517-LeaderStateImpl
2022-07-12 21:08:27,043 [ForkJoinPool.commonPool-worker-0] INFO  impl.PendingRequests (PendingRequests.java:sendNotLeaderResponses(282)) - a073d587-6aa7-4ca3-9889-8ecc19e2905e@group-0C8CF8DBD517-PendingRequests: sendNotLeaderResponses
2022-07-12 21:08:27,044 [ForkJoinPool.commonPool-worker-0] INFO  impl.StateMachineUpdater (StateMachineUpdater.java:stopAndJoin(153)) - a073d587-6aa7-4ca3-9889-8ecc19e2905e@group-0C8CF8DBD517-StateMachineUpdater: set stopIndex = 0
2022-07-12 21:08:27,044 [a073d587-6aa7-4ca3-9889-8ecc19e2905e@group-0C8CF8DBD517-StateMachineUpdater] INFO  ratis.ContainerStateMachine (ContainerStateMachine.java:takeSnapshot(304)) - group-0C8CF8DBD517: Taking a snapshot at:(t:1, i:0) file /home/runner/work/ozone/ozone/hadoop-ozone/integration-test/target/test-dir/MiniOzoneClusterImpl-03d8019b-d99e-41ea-b31f-f002ac91f2ca/datanode-1/data/ratis/74bffcff-803e-49d8-b756-0c8cf8dbd517/sm/snapshot.1_0
2022-07-12 21:08:27,050 [Listener at 127.0.0.1/33595] INFO  server.RaftServer (RaftServerProxy.java:lambda$close$7(398)) - 29d43e8b-b8c3-435a-bf60-ec797ee46bf5: close
2022-07-12 21:08:27,050 [Listener at 127.0.0.1/33595] INFO  server.RaftServer$Division (RaftServerImpl.java:lambda$close$4(434)) - 29d43e8b-b8c3-435a-bf60-ec797ee46bf5@group-D4169009462C: shutdown
2022-07-12 21:08:27,050 [Listener at 127.0.0.1/33595] INFO  util.JmxRegister (JmxRegister.java:unregister(73)) - Successfully un-registered JMX Bean with object name Ratis:service=RaftServer,group=group-D4169009462C,id=29d43e8b-b8c3-435a-bf60-ec797ee46bf5
2022-07-12 21:08:27,050 [Listener at 127.0.0.1/33595] INFO  impl.RoleInfo (RoleInfo.java:shutdownLeaderState(93)) - 29d43e8b-b8c3-435a-bf60-ec797ee46bf5: shutdown 29d43e8b-b8c3-435a-bf60-ec797ee46bf5@group-D4169009462C-LeaderStateImpl
2022-07-12 21:08:27,050 [Listener at 127.0.0.1/33595] INFO  impl.PendingRequests (PendingRequests.java:sendNotLeaderResponses(282)) - 29d43e8b-b8c3-435a-bf60-ec797ee46bf5@group-D4169009462C-PendingRequests: sendNotLeaderResponses
2022-07-12 21:08:27,051 [a073d587-6aa7-4ca3-9889-8ecc19e2905e@group-0C8CF8DBD517-StateMachineUpdater] INFO  ratis.ContainerStateMachine (ContainerStateMachine.java:takeSnapshot(315)) - group-0C8CF8DBD517: Finished taking a snapshot at:(t:1, i:0) file:/home/runner/work/ozone/ozone/hadoop-ozone/integration-test/target/test-dir/MiniOzoneClusterImpl-03d8019b-d99e-41ea-b31f-f002ac91f2ca/datanode-1/data/ratis/74bffcff-803e-49d8-b756-0c8cf8dbd517/sm/snapshot.1_0 took: 7 ms
2022-07-12 21:08:27,052 [a073d587-6aa7-4ca3-9889-8ecc19e2905e@group-0C8CF8DBD517-StateMachineUpdater] INFO  impl.StateMachineUpdater (StateMachineUpdater.java:takeSnapshot(287)) - a073d587-6aa7-4ca3-9889-8ecc19e2905e@group-0C8CF8DBD517-StateMachineUpdater: Took a snapshot at index 0
2022-07-12 21:08:27,052 [a073d587-6aa7-4ca3-9889-8ecc19e2905e@group-0C8CF8DBD517-StateMachineUpdater] INFO  impl.StateMachineUpdater (StateMachineUpdater.java:lambda$new$0(92)) - a073d587-6aa7-4ca3-9889-8ecc19e2905e@group-0C8CF8DBD517-StateMachineUpdater: snapshotIndex: updateIncreasingly -1 -> 0
2022-07-12 21:08:27,052 [ForkJoinPool.commonPool-worker-0] INFO  server.RaftServer$Division (ServerState.java:close(429)) - a073d587-6aa7-4ca3-9889-8ecc19e2905e@group-0C8CF8DBD517: closes. applyIndex: 0
2022-07-12 21:08:27,052 [Listener at 127.0.0.1/33595] INFO  impl.StateMachineUpdater (StateMachineUpdater.java:stopAndJoin(153)) - 29d43e8b-b8c3-435a-bf60-ec797ee46bf5@group-D4169009462C-StateMachineUpdater: set stopIndex = 0
2022-07-12 21:08:27,052 [a073d587-6aa7-4ca3-9889-8ecc19e2905e@group-0C8CF8DBD517-SegmentedRaftLogWorker] INFO  segmented.SegmentedRaftLogWorker (SegmentedRaftLogWorker.java:run(336)) - a073d587-6aa7-4ca3-9889-8ecc19e2905e@group-0C8CF8DBD517-SegmentedRaftLogWorker was interrupted, exiting. There are 0 tasks remaining in the queue.
2022-07-12 21:08:27,053 [29d43e8b-b8c3-435a-bf60-ec797ee46bf5@group-D4169009462C-StateMachineUpdater] INFO  ratis.ContainerStateMachine (ContainerStateMachine.java:takeSnapshot(304)) - group-D4169009462C: Taking a snapshot at:(t:1, i:0) file /home/runner/work/ozone/ozone/hadoop-ozone/integration-test/target/test-dir/MiniOzoneClusterImpl-03d8019b-d99e-41ea-b31f-f002ac91f2ca/datanode-2/data/ratis/33c00d41-850e-41e4-a488-d4169009462c/sm/snapshot.1_0
2022-07-12 21:08:27,054 [ForkJoinPool.commonPool-worker-0] INFO  segmented.SegmentedRaftLogWorker (SegmentedRaftLogWorker.java:close(246)) - a073d587-6aa7-4ca3-9889-8ecc19e2905e@group-0C8CF8DBD517-SegmentedRaftLogWorker close()
2022-07-12 21:08:27,056 [ForkJoinPool.commonPool-worker-0] INFO  server.RaftServer$Division (RaftServerImpl.java:lambda$close$4(434)) - a073d587-6aa7-4ca3-9889-8ecc19e2905e@group-7E75DEA0AD0C: shutdown
2022-07-12 21:08:27,056 [ForkJoinPool.commonPool-worker-0] INFO  util.JmxRegister (JmxRegister.java:unregister(73)) - Successfully un-registered JMX Bean with object name Ratis:service=RaftServer,group=group-7E75DEA0AD0C,id=a073d587-6aa7-4ca3-9889-8ecc19e2905e
2022-07-12 21:08:27,056 [ForkJoinPool.commonPool-worker-0] INFO  impl.RoleInfo (RoleInfo.java:shutdownLeaderState(93)) - a073d587-6aa7-4ca3-9889-8ecc19e2905e: shutdown a073d587-6aa7-4ca3-9889-8ecc19e2905e@group-7E75DEA0AD0C-LeaderStateImpl
2022-07-12 21:08:27,056 [ForkJoinPool.commonPool-worker-0] INFO  impl.PendingRequests (PendingRequests.java:sendNotLeaderResponses(282)) - a073d587-6aa7-4ca3-9889-8ecc19e2905e@group-7E75DEA0AD0C-PendingRequests: sendNotLeaderResponses
2022-07-12 21:08:27,057 [a073d587-6aa7-4ca3-9889-8ecc19e2905e@group-7E75DEA0AD0C->29d43e8b-b8c3-435a-bf60-ec797ee46bf5-GrpcLogAppender-LogAppenderDaemon] WARN  server.GrpcLogAppender (GrpcLogAppender.java:mayWait(171)) - a073d587-6aa7-4ca3-9889-8ecc19e2905e@group-7E75DEA0AD0C->29d43e8b-b8c3-435a-bf60-ec797ee46bf5-GrpcLogAppender: Wait interrupted by java.lang.InterruptedException
2022-07-12 21:08:27,057 [a073d587-6aa7-4ca3-9889-8ecc19e2905e@group-7E75DEA0AD0C->ddb9d7c4-a5dc-476f-83e2-b66bdd4cd965-GrpcLogAppender-LogAppenderDaemon] WARN  server.GrpcLogAppender (GrpcLogAppender.java:mayWait(171)) - a073d587-6aa7-4ca3-9889-8ecc19e2905e@group-7E75DEA0AD0C->ddb9d7c4-a5dc-476f-83e2-b66bdd4cd965-GrpcLogAppender: Wait interrupted by java.lang.InterruptedException
2022-07-12 21:08:27,074 [grpc-default-executor-0] INFO  server.GrpcServerProtocolService (GrpcServerProtocolService.java:onCompleted(140)) - 29d43e8b-b8c3-435a-bf60-ec797ee46bf5: Completed APPEND_ENTRIES, lastRequest: a073d587-6aa7-4ca3-9889-8ecc19e2905e->29d43e8b-b8c3-435a-bf60-ec797ee46bf5#815-t1,previous=(t:1, i:35),leaderCommit=34,initializing? true,entries: size=1, first=(t:1, i:36), METADATAENTRY(c:34)
2022-07-12 21:08:27,080 [grpc-default-executor-1] INFO  server.GrpcServerProtocolService (GrpcServerProtocolService.java:onCompleted(140)) - ddb9d7c4-a5dc-476f-83e2-b66bdd4cd965: Completed APPEND_ENTRIES, lastRequest: a073d587-6aa7-4ca3-9889-8ecc19e2905e->ddb9d7c4-a5dc-476f-83e2-b66bdd4cd965#995-t1,previous=(t:1, i:35),leaderCommit=34,initializing? true,entries: size=1, first=(t:1, i:36), METADATAENTRY(c:34)
2022-07-12 21:08:27,080 [grpc-default-executor-2] INFO  server.GrpcLogAppender (GrpcLogAppender.java:onCompleted(339)) - a073d587-6aa7-4ca3-9889-8ecc19e2905e@group-7E75DEA0AD0C->29d43e8b-b8c3-435a-bf60-ec797ee46bf5-AppendLogResponseHandler: follower responses appendEntries COMPLETED
2022-07-12 21:08:27,080 [grpc-default-executor-2] INFO  leader.FollowerInfo (FollowerInfoImpl.java:lambda$new$0(48)) - a073d587-6aa7-4ca3-9889-8ecc19e2905e@group-7E75DEA0AD0C->29d43e8b-b8c3-435a-bf60-ec797ee46bf5: nextIndex: updateUnconditionally 37 -> 36
2022-07-12 21:08:27,081 [grpc-default-executor-2] INFO  server.GrpcLogAppender (GrpcLogAppender.java:onCompleted(339)) - a073d587-6aa7-4ca3-9889-8ecc19e2905e@group-7E75DEA0AD0C->ddb9d7c4-a5dc-476f-83e2-b66bdd4cd965-AppendLogResponseHandler: follower responses appendEntries COMPLETED
2022-07-12 21:08:27,081 [grpc-default-executor-2] INFO  leader.FollowerInfo (FollowerInfoImpl.java:lambda$new$0(48)) - a073d587-6aa7-4ca3-9889-8ecc19e2905e@group-7E75DEA0AD0C->ddb9d7c4-a5dc-476f-83e2-b66bdd4cd965: nextIndex: updateUnconditionally 37 -> 36
2022-07-12 21:08:27,081 [29d43e8b-b8c3-435a-bf60-ec797ee46bf5@group-D4169009462C-StateMachineUpdater] INFO  ratis.ContainerStateMachine (ContainerStateMachine.java:takeSnapshot(315)) - group-D4169009462C: Finished taking a snapshot at:(t:1, i:0) file:/home/runner/work/ozone/ozone/hadoop-ozone/integration-test/target/test-dir/MiniOzoneClusterImpl-03d8019b-d99e-41ea-b31f-f002ac91f2ca/datanode-2/data/ratis/33c00d41-850e-41e4-a488-d4169009462c/sm/snapshot.1_0 took: 29 ms
2022-07-12 21:08:27,081 [29d43e8b-b8c3-435a-bf60-ec797ee46bf5@group-D4169009462C-StateMachineUpdater] INFO  impl.StateMachineUpdater (StateMachineUpdater.java:takeSnapshot(287)) - 29d43e8b-b8c3-435a-bf60-ec797ee46bf5@group-D4169009462C-StateMachineUpdater: Took a snapshot at index 0
2022-07-12 21:08:27,081 [29d43e8b-b8c3-435a-bf60-ec797ee46bf5@group-D4169009462C-StateMachineUpdater] INFO  impl.StateMachineUpdater (StateMachineUpdater.java:lambda$new$0(92)) - 29d43e8b-b8c3-435a-bf60-ec797ee46bf5@group-D4169009462C-StateMachineUpdater: snapshotIndex: updateIncreasingly -1 -> 0
2022-07-12 21:08:27,082 [Listener at 127.0.0.1/33595] INFO  server.RaftServer$Division (ServerState.java:close(429)) - 29d43e8b-b8c3-435a-bf60-ec797ee46bf5@group-D4169009462C: closes. applyIndex: 0
2022-07-12 21:08:27,082 [29d43e8b-b8c3-435a-bf60-ec797ee46bf5@group-D4169009462C-SegmentedRaftLogWorker] INFO  segmented.SegmentedRaftLogWorker (SegmentedRaftLogWorker.java:run(336)) - 29d43e8b-b8c3-435a-bf60-ec797ee46bf5@group-D4169009462C-SegmentedRaftLogWorker was interrupted, exiting. There are 0 tasks remaining in the queue.
2022-07-12 21:08:27,091 [ForkJoinPool.commonPool-worker-0] INFO  impl.StateMachineUpdater (StateMachineUpdater.java:stopAndJoin(153)) - a073d587-6aa7-4ca3-9889-8ecc19e2905e@group-7E75DEA0AD0C-StateMachineUpdater: set stopIndex = 36
2022-07-12 21:08:27,091 [a073d587-6aa7-4ca3-9889-8ecc19e2905e@group-7E75DEA0AD0C-StateMachineUpdater] INFO  ratis.ContainerStateMachine (ContainerStateMachine.java:takeSnapshot(304)) - group-7E75DEA0AD0C: Taking a snapshot at:(t:1, i:36) file /home/runner/work/ozone/ozone/hadoop-ozone/integration-test/target/test-dir/MiniOzoneClusterImpl-03d8019b-d99e-41ea-b31f-f002ac91f2ca/datanode-1/data/ratis/03451ab7-eaab-42b3-a2f1-7e75dea0ad0c/sm/snapshot.1_36
2022-07-12 21:08:27,096 [a073d587-6aa7-4ca3-9889-8ecc19e2905e@group-7E75DEA0AD0C-StateMachineUpdater] INFO  ratis.ContainerStateMachine (ContainerStateMachine.java:takeSnapshot(315)) - group-7E75DEA0AD0C: Finished taking a snapshot at:(t:1, i:36) file:/home/runner/work/ozone/ozone/hadoop-ozone/integration-test/target/test-dir/MiniOzoneClusterImpl-03d8019b-d99e-41ea-b31f-f002ac91f2ca/datanode-1/data/ratis/03451ab7-eaab-42b3-a2f1-7e75dea0ad0c/sm/snapshot.1_36 took: 4 ms
2022-07-12 21:08:27,096 [a073d587-6aa7-4ca3-9889-8ecc19e2905e@group-7E75DEA0AD0C-StateMachineUpdater] INFO  impl.StateMachineUpdater (StateMachineUpdater.java:takeSnapshot(287)) - a073d587-6aa7-4ca3-9889-8ecc19e2905e@group-7E75DEA0AD0C-StateMachineUpdater: Took a snapshot at index 36
2022-07-12 21:08:27,096 [a073d587-6aa7-4ca3-9889-8ecc19e2905e@group-7E75DEA0AD0C-StateMachineUpdater] INFO  impl.StateMachineUpdater (StateMachineUpdater.java:lambda$new$0(92)) - a073d587-6aa7-4ca3-9889-8ecc19e2905e@group-7E75DEA0AD0C-StateMachineUpdater: snapshotIndex: updateIncreasingly -1 -> 36
2022-07-12 21:08:27,097 [ForkJoinPool.commonPool-worker-0] INFO  server.RaftServer$Division (ServerState.java:close(429)) - a073d587-6aa7-4ca3-9889-8ecc19e2905e@group-7E75DEA0AD0C: closes. applyIndex: 36
2022-07-12 21:08:27,097 [a073d587-6aa7-4ca3-9889-8ecc19e2905e@group-7E75DEA0AD0C-SegmentedRaftLogWorker] INFO  segmented.SegmentedRaftLogWorker (SegmentedRaftLogWorker.java:run(336)) - a073d587-6aa7-4ca3-9889-8ecc19e2905e@group-7E75DEA0AD0C-SegmentedRaftLogWorker was interrupted, exiting. There are 0 tasks remaining in the queue.
2022-07-12 21:08:27,100 [ForkJoinPool.commonPool-worker-0] INFO  segmented.SegmentedRaftLogWorker (SegmentedRaftLogWorker.java:close(246)) - a073d587-6aa7-4ca3-9889-8ecc19e2905e@group-7E75DEA0AD0C-SegmentedRaftLogWorker close()
2022-07-12 21:08:27,102 [ForkJoinPool.commonPool-worker-0] INFO  server.RaftServer$Division (RaftServerImpl.java:lambda$close$4(434)) - a073d587-6aa7-4ca3-9889-8ecc19e2905e@group-B6676DE81A3B: shutdown
2022-07-12 21:08:27,103 [ForkJoinPool.commonPool-worker-0] INFO  util.JmxRegister (JmxRegister.java:unregister(73)) - Successfully un-registered JMX Bean with object name Ratis:service=RaftServer,group=group-B6676DE81A3B,id=a073d587-6aa7-4ca3-9889-8ecc19e2905e
2022-07-12 21:08:27,103 [ForkJoinPool.commonPool-worker-0] INFO  impl.RoleInfo (RoleInfo.java:shutdownFollowerState(110)) - a073d587-6aa7-4ca3-9889-8ecc19e2905e: shutdown a073d587-6aa7-4ca3-9889-8ecc19e2905e@group-B6676DE81A3B-FollowerState
2022-07-12 21:08:27,103 [ForkJoinPool.commonPool-worker-0] INFO  impl.StateMachineUpdater (StateMachineUpdater.java:stopAndJoin(153)) - a073d587-6aa7-4ca3-9889-8ecc19e2905e@group-B6676DE81A3B-StateMachineUpdater: set stopIndex = 14
2022-07-12 21:08:27,103 [a073d587-6aa7-4ca3-9889-8ecc19e2905e@group-B6676DE81A3B-FollowerState] INFO  impl.FollowerState (FollowerState.java:run(152)) - a073d587-6aa7-4ca3-9889-8ecc19e2905e@group-B6676DE81A3B-FollowerState was interrupted
2022-07-12 21:08:27,103 [a073d587-6aa7-4ca3-9889-8ecc19e2905e@group-B6676DE81A3B-StateMachineUpdater] INFO  ratis.ContainerStateMachine (ContainerStateMachine.java:takeSnapshot(304)) - group-B6676DE81A3B: Taking a snapshot at:(t:2, i:14) file /home/runner/work/ozone/ozone/hadoop-ozone/integration-test/target/test-dir/MiniOzoneClusterImpl-03d8019b-d99e-41ea-b31f-f002ac91f2ca/datanode-1/data/ratis/7db0ef83-3d30-443f-9426-b6676de81a3b/sm/snapshot.2_14
2022-07-12 21:08:27,106 [a073d587-6aa7-4ca3-9889-8ecc19e2905e@group-B6676DE81A3B-StateMachineUpdater] INFO  ratis.ContainerStateMachine (ContainerStateMachine.java:takeSnapshot(315)) - group-B6676DE81A3B: Finished taking a snapshot at:(t:2, i:14) file:/home/runner/work/ozone/ozone/hadoop-ozone/integration-test/target/test-dir/MiniOzoneClusterImpl-03d8019b-d99e-41ea-b31f-f002ac91f2ca/datanode-1/data/ratis/7db0ef83-3d30-443f-9426-b6676de81a3b/sm/snapshot.2_14 took: 3 ms
2022-07-12 21:08:27,106 [a073d587-6aa7-4ca3-9889-8ecc19e2905e@group-B6676DE81A3B-StateMachineUpdater] INFO  impl.StateMachineUpdater (StateMachineUpdater.java:takeSnapshot(287)) - a073d587-6aa7-4ca3-9889-8ecc19e2905e@group-B6676DE81A3B-StateMachineUpdater: Took a snapshot at index 14
2022-07-12 21:08:27,107 [a073d587-6aa7-4ca3-9889-8ecc19e2905e@group-B6676DE81A3B-StateMachineUpdater] INFO  impl.StateMachineUpdater (StateMachineUpdater.java:lambda$new$0(92)) - a073d587-6aa7-4ca3-9889-8ecc19e2905e@group-B6676DE81A3B-StateMachineUpdater: snapshotIndex: updateIncreasingly -1 -> 14
2022-07-12 21:08:27,108 [ForkJoinPool.commonPool-worker-0] INFO  server.RaftServer$Division (ServerState.java:close(429)) - a073d587-6aa7-4ca3-9889-8ecc19e2905e@group-B6676DE81A3B: closes. applyIndex: 14
2022-07-12 21:08:27,110 [a073d587-6aa7-4ca3-9889-8ecc19e2905e@group-B6676DE81A3B-SegmentedRaftLogWorker] INFO  segmented.SegmentedRaftLogWorker (SegmentedRaftLogWorker.java:run(336)) - a073d587-6aa7-4ca3-9889-8ecc19e2905e@group-B6676DE81A3B-SegmentedRaftLogWorker was interrupted, exiting. There are 0 tasks remaining in the queue.
2022-07-12 21:08:27,119 [Listener at 127.0.0.1/33595] INFO  segmented.SegmentedRaftLogWorker (SegmentedRaftLogWorker.java:close(246)) - 29d43e8b-b8c3-435a-bf60-ec797ee46bf5@group-D4169009462C-SegmentedRaftLogWorker close()
2022-07-12 21:08:27,141 [ForkJoinPool.commonPool-worker-0] INFO  segmented.SegmentedRaftLogWorker (SegmentedRaftLogWorker.java:close(246)) - a073d587-6aa7-4ca3-9889-8ecc19e2905e@group-B6676DE81A3B-SegmentedRaftLogWorker close()
2022-07-12 21:08:27,142 [Listener at 127.0.0.1/33595] INFO  server.RaftServer$Division (RaftServerImpl.java:lambda$close$4(434)) - 29d43e8b-b8c3-435a-bf60-ec797ee46bf5@group-7E75DEA0AD0C: shutdown
2022-07-12 21:08:27,142 [Listener at 127.0.0.1/33595] INFO  util.JmxRegister (JmxRegister.java:unregister(73)) - Successfully un-registered JMX Bean with object name Ratis:service=RaftServer,group=group-7E75DEA0AD0C,id=29d43e8b-b8c3-435a-bf60-ec797ee46bf5
2022-07-12 21:08:27,142 [Listener at 127.0.0.1/33595] INFO  impl.RoleInfo (RoleInfo.java:shutdownFollowerState(110)) - 29d43e8b-b8c3-435a-bf60-ec797ee46bf5: shutdown 29d43e8b-b8c3-435a-bf60-ec797ee46bf5@group-7E75DEA0AD0C-FollowerState
2022-07-12 21:08:27,142 [Listener at 127.0.0.1/33595] INFO  impl.StateMachineUpdater (StateMachineUpdater.java:stopAndJoin(153)) - 29d43e8b-b8c3-435a-bf60-ec797ee46bf5@group-7E75DEA0AD0C-StateMachineUpdater: set stopIndex = 36
2022-07-12 21:08:27,143 [29d43e8b-b8c3-435a-bf60-ec797ee46bf5@group-7E75DEA0AD0C-FollowerState] INFO  impl.FollowerState (FollowerState.java:run(152)) - 29d43e8b-b8c3-435a-bf60-ec797ee46bf5@group-7E75DEA0AD0C-FollowerState was interrupted
2022-07-12 21:08:27,143 [29d43e8b-b8c3-435a-bf60-ec797ee46bf5@group-7E75DEA0AD0C-StateMachineUpdater] INFO  ratis.ContainerStateMachine (ContainerStateMachine.java:takeSnapshot(304)) - group-7E75DEA0AD0C: Taking a snapshot at:(t:1, i:36) file /home/runner/work/ozone/ozone/hadoop-ozone/integration-test/target/test-dir/MiniOzoneClusterImpl-03d8019b-d99e-41ea-b31f-f002ac91f2ca/datanode-2/data/ratis/03451ab7-eaab-42b3-a2f1-7e75dea0ad0c/sm/snapshot.1_36
2022-07-12 21:08:27,145 [29d43e8b-b8c3-435a-bf60-ec797ee46bf5@group-7E75DEA0AD0C-StateMachineUpdater] INFO  ratis.ContainerStateMachine (ContainerStateMachine.java:takeSnapshot(315)) - group-7E75DEA0AD0C: Finished taking a snapshot at:(t:1, i:36) file:/home/runner/work/ozone/ozone/hadoop-ozone/integration-test/target/test-dir/MiniOzoneClusterImpl-03d8019b-d99e-41ea-b31f-f002ac91f2ca/datanode-2/data/ratis/03451ab7-eaab-42b3-a2f1-7e75dea0ad0c/sm/snapshot.1_36 took: 3 ms
2022-07-12 21:08:27,145 [29d43e8b-b8c3-435a-bf60-ec797ee46bf5@group-7E75DEA0AD0C-StateMachineUpdater] INFO  impl.StateMachineUpdater (StateMachineUpdater.java:takeSnapshot(287)) - 29d43e8b-b8c3-435a-bf60-ec797ee46bf5@group-7E75DEA0AD0C-StateMachineUpdater: Took a snapshot at index 36
2022-07-12 21:08:27,146 [29d43e8b-b8c3-435a-bf60-ec797ee46bf5@group-7E75DEA0AD0C-StateMachineUpdater] INFO  impl.StateMachineUpdater (StateMachineUpdater.java:lambda$new$0(92)) - 29d43e8b-b8c3-435a-bf60-ec797ee46bf5@group-7E75DEA0AD0C-StateMachineUpdater: snapshotIndex: updateIncreasingly -1 -> 36
2022-07-12 21:08:27,146 [Listener at 127.0.0.1/33595] INFO  server.RaftServer$Division (ServerState.java:close(429)) - 29d43e8b-b8c3-435a-bf60-ec797ee46bf5@group-7E75DEA0AD0C: closes. applyIndex: 36
2022-07-12 21:08:27,146 [29d43e8b-b8c3-435a-bf60-ec797ee46bf5@group-7E75DEA0AD0C-SegmentedRaftLogWorker] INFO  segmented.SegmentedRaftLogWorker (SegmentedRaftLogWorker.java:run(336)) - 29d43e8b-b8c3-435a-bf60-ec797ee46bf5@group-7E75DEA0AD0C-SegmentedRaftLogWorker was interrupted, exiting. There are 0 tasks remaining in the queue.
2022-07-12 21:08:27,149 [ForkJoinPool.commonPool-worker-0] INFO  server.GrpcService (GrpcService.java:closeImpl(269)) - a073d587-6aa7-4ca3-9889-8ecc19e2905e: shutdown server with port 32847 now
2022-07-12 21:08:27,150 [Listener at 127.0.0.1/33595] INFO  segmented.SegmentedRaftLogWorker (SegmentedRaftLogWorker.java:close(246)) - 29d43e8b-b8c3-435a-bf60-ec797ee46bf5@group-7E75DEA0AD0C-SegmentedRaftLogWorker close()
2022-07-12 21:08:27,169 [grpc-default-executor-0] WARN  server.GrpcClientProtocolService (LogUtils.java:warn(122)) - 1-UnorderedRequestStreamObserver1: onError: org.apache.ratis.thirdparty.io.grpc.StatusRuntimeException: CANCELLED: client cancelled
2022-07-12 21:08:27,170 [grpc-default-executor-1] WARN  server.GrpcServerProtocolService (LogUtils.java:warn(122)) - a073d587-6aa7-4ca3-9889-8ecc19e2905e: installSnapshot onError, lastRequest: 29d43e8b-b8c3-435a-bf60-ec797ee46bf5->a073d587-6aa7-4ca3-9889-8ecc19e2905e#101-t2,previous=(t:2, i:13),leaderCommit=12,initializing? true,entries: size=1, first=(t:2, i:14), METADATAENTRY(c:12): org.apache.ratis.thirdparty.io.grpc.StatusRuntimeException: CANCELLED: client cancelled
2022-07-12 21:08:27,171 [grpc-default-executor-0] WARN  server.GrpcLogAppender (LogUtils.java:warn(122)) - 29d43e8b-b8c3-435a-bf60-ec797ee46bf5@group-B6676DE81A3B->a073d587-6aa7-4ca3-9889-8ecc19e2905e-AppendLogResponseHandler: Failed appendEntries: org.apache.ratis.thirdparty.io.grpc.StatusRuntimeException: CANCELLED: RST_STREAM closed stream. HTTP/2 error code: CANCEL
2022-07-12 21:08:27,172 [grpc-default-executor-0] INFO  leader.FollowerInfo (FollowerInfoImpl.java:lambda$new$0(48)) - 29d43e8b-b8c3-435a-bf60-ec797ee46bf5@group-B6676DE81A3B->a073d587-6aa7-4ca3-9889-8ecc19e2905e: nextIndex: updateUnconditionally 15 -> 14
2022-07-12 21:08:27,184 [Listener at 127.0.0.1/33595] INFO  server.RaftServer$Division (RaftServerImpl.java:lambda$close$4(434)) - 29d43e8b-b8c3-435a-bf60-ec797ee46bf5@group-B6676DE81A3B: shutdown
2022-07-12 21:08:27,184 [Listener at 127.0.0.1/33595] INFO  util.JmxRegister (JmxRegister.java:unregister(73)) - Successfully un-registered JMX Bean with object name Ratis:service=RaftServer,group=group-B6676DE81A3B,id=29d43e8b-b8c3-435a-bf60-ec797ee46bf5
2022-07-12 21:08:27,185 [Listener at 127.0.0.1/33595] INFO  impl.RoleInfo (RoleInfo.java:shutdownLeaderState(93)) - 29d43e8b-b8c3-435a-bf60-ec797ee46bf5: shutdown 29d43e8b-b8c3-435a-bf60-ec797ee46bf5@group-B6676DE81A3B-LeaderStateImpl
2022-07-12 21:08:27,185 [Listener at 127.0.0.1/33595] INFO  impl.PendingRequests (PendingRequests.java:sendNotLeaderResponses(282)) - 29d43e8b-b8c3-435a-bf60-ec797ee46bf5@group-B6676DE81A3B-PendingRequests: sendNotLeaderResponses
2022-07-12 21:08:27,185 [29d43e8b-b8c3-435a-bf60-ec797ee46bf5@group-B6676DE81A3B->a073d587-6aa7-4ca3-9889-8ecc19e2905e-GrpcLogAppender-LogAppenderDaemon] WARN  server.GrpcLogAppender (GrpcLogAppender.java:mayWait(171)) - 29d43e8b-b8c3-435a-bf60-ec797ee46bf5@group-B6676DE81A3B->a073d587-6aa7-4ca3-9889-8ecc19e2905e-GrpcLogAppender: Wait interrupted by java.lang.InterruptedException
2022-07-12 21:08:27,187 [29d43e8b-b8c3-435a-bf60-ec797ee46bf5@group-B6676DE81A3B->ddb9d7c4-a5dc-476f-83e2-b66bdd4cd965-GrpcLogAppender-LogAppenderDaemon] WARN  server.GrpcLogAppender (GrpcLogAppender.java:mayWait(171)) - 29d43e8b-b8c3-435a-bf60-ec797ee46bf5@group-B6676DE81A3B->ddb9d7c4-a5dc-476f-83e2-b66bdd4cd965-GrpcLogAppender: Wait interrupted by java.lang.InterruptedException
2022-07-12 21:08:27,188 [grpc-default-executor-1] INFO  server.GrpcServerProtocolService (GrpcServerProtocolService.java:onCompleted(140)) - ddb9d7c4-a5dc-476f-83e2-b66bdd4cd965: Completed APPEND_ENTRIES, lastRequest: 29d43e8b-b8c3-435a-bf60-ec797ee46bf5->ddb9d7c4-a5dc-476f-83e2-b66bdd4cd965#114-t2,previous=(t:2, i:13),leaderCommit=12,initializing? true,entries: size=1, first=(t:2, i:14), METADATAENTRY(c:12)
2022-07-12 21:08:27,188 [grpc-default-executor-2] INFO  server.GrpcLogAppender (GrpcLogAppender.java:onCompleted(339)) - 29d43e8b-b8c3-435a-bf60-ec797ee46bf5@group-B6676DE81A3B->ddb9d7c4-a5dc-476f-83e2-b66bdd4cd965-AppendLogResponseHandler: follower responses appendEntries COMPLETED
2022-07-12 21:08:27,188 [grpc-default-executor-2] INFO  leader.FollowerInfo (FollowerInfoImpl.java:lambda$new$0(48)) - 29d43e8b-b8c3-435a-bf60-ec797ee46bf5@group-B6676DE81A3B->ddb9d7c4-a5dc-476f-83e2-b66bdd4cd965: nextIndex: updateUnconditionally 15 -> 14
2022-07-12 21:08:27,223 [grpc-default-executor-2] INFO  server.GrpcLogAppender (GrpcLogAppender.java:onError(328)) - 29d43e8b-b8c3-435a-bf60-ec797ee46bf5@group-B6676DE81A3B->a073d587-6aa7-4ca3-9889-8ecc19e2905e-GrpcLogAppender is stopped
2022-07-12 21:08:27,224 [Listener at 127.0.0.1/33595] INFO  impl.StateMachineUpdater (StateMachineUpdater.java:stopAndJoin(153)) - 29d43e8b-b8c3-435a-bf60-ec797ee46bf5@group-B6676DE81A3B-StateMachineUpdater: set stopIndex = 14
2022-07-12 21:08:27,225 [ForkJoinPool.commonPool-worker-0] INFO  server.GrpcService (GrpcService.java:closeImpl(278)) - a073d587-6aa7-4ca3-9889-8ecc19e2905e: shutdown server with port 32847 successfully
2022-07-12 21:08:27,225 [org.apache.ratis.util.JvmPauseMonitor$$Lambda$613/1050667922@6b3bae8d] INFO  util.JvmPauseMonitor (JvmPauseMonitor.java:run(109)) - JvmPauseMonitor-a073d587-6aa7-4ca3-9889-8ecc19e2905e: Stopped
2022-07-12 21:08:27,226 [29d43e8b-b8c3-435a-bf60-ec797ee46bf5@group-B6676DE81A3B-StateMachineUpdater] INFO  ratis.ContainerStateMachine (ContainerStateMachine.java:takeSnapshot(304)) - group-B6676DE81A3B: Taking a snapshot at:(t:2, i:14) file /home/runner/work/ozone/ozone/hadoop-ozone/integration-test/target/test-dir/MiniOzoneClusterImpl-03d8019b-d99e-41ea-b31f-f002ac91f2ca/datanode-2/data/ratis/7db0ef83-3d30-443f-9426-b6676de81a3b/sm/snapshot.2_14
2022-07-12 21:08:27,233 [29d43e8b-b8c3-435a-bf60-ec797ee46bf5@group-B6676DE81A3B-StateMachineUpdater] INFO  ratis.ContainerStateMachine (ContainerStateMachine.java:takeSnapshot(315)) - group-B6676DE81A3B: Finished taking a snapshot at:(t:2, i:14) file:/home/runner/work/ozone/ozone/hadoop-ozone/integration-test/target/test-dir/MiniOzoneClusterImpl-03d8019b-d99e-41ea-b31f-f002ac91f2ca/datanode-2/data/ratis/7db0ef83-3d30-443f-9426-b6676de81a3b/sm/snapshot.2_14 took: 6 ms
2022-07-12 21:08:27,233 [29d43e8b-b8c3-435a-bf60-ec797ee46bf5@group-B6676DE81A3B-StateMachineUpdater] INFO  impl.StateMachineUpdater (StateMachineUpdater.java:takeSnapshot(287)) - 29d43e8b-b8c3-435a-bf60-ec797ee46bf5@group-B6676DE81A3B-StateMachineUpdater: Took a snapshot at index 14
2022-07-12 21:08:27,233 [29d43e8b-b8c3-435a-bf60-ec797ee46bf5@group-B6676DE81A3B-StateMachineUpdater] INFO  impl.StateMachineUpdater (StateMachineUpdater.java:lambda$new$0(92)) - 29d43e8b-b8c3-435a-bf60-ec797ee46bf5@group-B6676DE81A3B-StateMachineUpdater: snapshotIndex: updateIncreasingly -1 -> 14
2022-07-12 21:08:27,234 [Listener at 127.0.0.1/33595] INFO  server.RaftServer$Division (ServerState.java:close(429)) - 29d43e8b-b8c3-435a-bf60-ec797ee46bf5@group-B6676DE81A3B: closes. applyIndex: 14
2022-07-12 21:08:27,234 [29d43e8b-b8c3-435a-bf60-ec797ee46bf5@group-B6676DE81A3B-SegmentedRaftLogWorker] INFO  segmented.SegmentedRaftLogWorker (SegmentedRaftLogWorker.java:run(336)) - 29d43e8b-b8c3-435a-bf60-ec797ee46bf5@group-B6676DE81A3B-SegmentedRaftLogWorker was interrupted, exiting. There are 0 tasks remaining in the queue.
2022-07-12 21:08:27,242 [Listener at 127.0.0.1/33595] INFO  segmented.SegmentedRaftLogWorker (SegmentedRaftLogWorker.java:close(246)) - 29d43e8b-b8c3-435a-bf60-ec797ee46bf5@group-B6676DE81A3B-SegmentedRaftLogWorker close()
2022-07-12 21:08:27,244 [Listener at 127.0.0.1/33595] INFO  server.GrpcService (GrpcService.java:closeImpl(269)) - 29d43e8b-b8c3-435a-bf60-ec797ee46bf5: shutdown server with port 33347 now
2022-07-12 21:08:27,281 [Listener at 127.0.0.1/33595] INFO  server.GrpcService (GrpcService.java:closeImpl(278)) - 29d43e8b-b8c3-435a-bf60-ec797ee46bf5: shutdown server with port 33347 successfully
2022-07-12 21:08:27,284 [org.apache.ratis.util.JvmPauseMonitor$$Lambda$613/1050667922@3a71cabf] INFO  util.JvmPauseMonitor (JvmPauseMonitor.java:run(109)) - JvmPauseMonitor-29d43e8b-b8c3-435a-bf60-ec797ee46bf5: Stopped
2022-07-12 21:08:29,437 [ForkJoinPool.commonPool-worker-0] INFO  utils.BackgroundService (BackgroundService.java:shutdown(132)) - Shutting down service BlockDeletingService
2022-07-12 21:08:29,500 [Listener at 127.0.0.1/33595] INFO  utils.BackgroundService (BackgroundService.java:shutdown(132)) - Shutting down service BlockDeletingService
2022-07-12 21:08:32,455 [ForkJoinPool.commonPool-worker-0] INFO  statemachine.DatanodeStateMachine (DatanodeStateMachine.java:stopDaemon(580)) - Ozone container server stopped.
2022-07-12 21:08:32,513 [ForkJoinPool.commonPool-worker-0] INFO  handler.ContextHandler (ContextHandler.java:doStop(1153)) - Stopped o.e.j.w.WebAppContext@59356ccc{hddsDatanode,/,null,STOPPED}{jar:file:/home/runner/.m2/repository/org/apache/ozone/hdds-container-service/1.3.0-SNAPSHOT/hdds-container-service-1.3.0-SNAPSHOT.jar!/webapps/hddsDatanode}
2022-07-12 21:08:32,514 [ForkJoinPool.commonPool-worker-0] INFO  server.AbstractConnector (AbstractConnector.java:doStop(381)) - Stopped ServerConnector@3303e963{HTTP/1.1, (http/1.1)}{0.0.0.0:0}
2022-07-12 21:08:32,514 [ForkJoinPool.commonPool-worker-0] INFO  server.session (HouseKeeper.java:stopScavenging(149)) - node0 Stopped scavenging
2022-07-12 21:08:32,518 [Listener at 127.0.0.1/33595] INFO  statemachine.DatanodeStateMachine (DatanodeStateMachine.java:stopDaemon(580)) - Ozone container server stopped.
2022-07-12 21:08:32,561 [ForkJoinPool.commonPool-worker-0] INFO  handler.ContextHandler (ContextHandler.java:doStop(1153)) - Stopped o.e.j.s.ServletContextHandler@69d2c7ca{static,/static,jar:file:/home/runner/.m2/repository/org/apache/ozone/hdds-container-service/1.3.0-SNAPSHOT/hdds-container-service-1.3.0-SNAPSHOT.jar!/webapps/static,STOPPED}
2022-07-12 21:08:32,561 [ForkJoinPool.commonPool-worker-0] INFO  handler.ContextHandler (ContextHandler.java:doStop(1153)) - Stopped o.e.j.s.ServletContextHandler@1b9df623{logs,/logs,file:///home/runner/work/ozone/ozone/hadoop-ozone/integration-test/target/log,STOPPED}
2022-07-12 21:08:32,563 [Listener at 127.0.0.1/33595] INFO  handler.ContextHandler (ContextHandler.java:doStop(1153)) - Stopped o.e.j.w.WebAppContext@25365b30{hddsDatanode,/,null,STOPPED}{jar:file:/home/runner/.m2/repository/org/apache/ozone/hdds-container-service/1.3.0-SNAPSHOT/hdds-container-service-1.3.0-SNAPSHOT.jar!/webapps/hddsDatanode}
2022-07-12 21:08:32,564 [Listener at 127.0.0.1/33595] INFO  server.AbstractConnector (AbstractConnector.java:doStop(381)) - Stopped ServerConnector@1296a719{HTTP/1.1, (http/1.1)}{0.0.0.0:0}
2022-07-12 21:08:32,564 [Listener at 127.0.0.1/33595] INFO  server.session (HouseKeeper.java:stopScavenging(149)) - node0 Stopped scavenging
2022-07-12 21:08:32,564 [Listener at 127.0.0.1/33595] INFO  handler.ContextHandler (ContextHandler.java:doStop(1153)) - Stopped o.e.j.s.ServletContextHandler@4ee3c362{static,/static,jar:file:/home/runner/.m2/repository/org/apache/ozone/hdds-container-service/1.3.0-SNAPSHOT/hdds-container-service-1.3.0-SNAPSHOT.jar!/webapps/static,STOPPED}
2022-07-12 21:08:32,564 [Listener at 127.0.0.1/33595] INFO  handler.ContextHandler (ContextHandler.java:doStop(1153)) - Stopped o.e.j.s.ServletContextHandler@4c828274{logs,/logs,file:///home/runner/work/ozone/ozone/hadoop-ozone/integration-test/target/log,STOPPED}
2022-07-12 21:08:33,005 [ddb9d7c4-a5dc-476f-83e2-b66bdd4cd965@group-B6676DE81A3B-FollowerState] INFO  impl.FollowerState (FollowerState.java:run(143)) - ddb9d7c4-a5dc-476f-83e2-b66bdd4cd965@group-B6676DE81A3B-FollowerState: change to CANDIDATE, lastRpcElapsedTime:8127063565ns, electionTimeout:5190ms
2022-07-12 21:08:33,005 [ddb9d7c4-a5dc-476f-83e2-b66bdd4cd965@group-B6676DE81A3B-FollowerState] INFO  impl.RoleInfo (RoleInfo.java:shutdownFollowerState(110)) - ddb9d7c4-a5dc-476f-83e2-b66bdd4cd965: shutdown ddb9d7c4-a5dc-476f-83e2-b66bdd4cd965@group-B6676DE81A3B-FollowerState
2022-07-12 21:08:33,005 [ddb9d7c4-a5dc-476f-83e2-b66bdd4cd965@group-B6676DE81A3B-FollowerState] INFO  server.RaftServer$Division (RaftServerImpl.java:setRole(299)) - ddb9d7c4-a5dc-476f-83e2-b66bdd4cd965@group-B6676DE81A3B: changes role from  FOLLOWER to CANDIDATE at term 2 for changeToCandidate
2022-07-12 21:08:33,005 [ddb9d7c4-a5dc-476f-83e2-b66bdd4cd965@group-B6676DE81A3B-FollowerState] INFO  server.RaftServerConfigKeys (ConfUtils.java:logGet(46)) - raft.server.leaderelection.pre-vote = false (custom)
2022-07-12 21:08:33,005 [ddb9d7c4-a5dc-476f-83e2-b66bdd4cd965@group-B6676DE81A3B-FollowerState] INFO  impl.RoleInfo (RoleInfo.java:updateAndGet(139)) - ddb9d7c4-a5dc-476f-83e2-b66bdd4cd965: start ddb9d7c4-a5dc-476f-83e2-b66bdd4cd965@group-B6676DE81A3B-LeaderElection52
2022-07-12 21:08:33,063 [ddb9d7c4-a5dc-476f-83e2-b66bdd4cd965@group-B6676DE81A3B-LeaderElection52] INFO  server.RaftServer$Division (ServerState.java:setLeader(287)) - ddb9d7c4-a5dc-476f-83e2-b66bdd4cd965@group-B6676DE81A3B: change Leader from 29d43e8b-b8c3-435a-bf60-ec797ee46bf5 to null at term 2 for ELECTION
2022-07-12 21:08:33,076 [ddb9d7c4-a5dc-476f-83e2-b66bdd4cd965@group-B6676DE81A3B-LeaderElection52] INFO  impl.LeaderElection (LeaderElection.java:askForVotes(310)) - ddb9d7c4-a5dc-476f-83e2-b66bdd4cd965@group-B6676DE81A3B-LeaderElection52 ELECTION round 0: submit vote requests at term 3 for 0: [29d43e8b-b8c3-435a-bf60-ec797ee46bf5|rpc:10.1.0.20:33347|dataStream:|priority:1, ddb9d7c4-a5dc-476f-83e2-b66bdd4cd965|rpc:10.1.0.20:35703|dataStream:|priority:0, a073d587-6aa7-4ca3-9889-8ecc19e2905e|rpc:10.1.0.20:32847|dataStream:|priority:0], old=null
2022-07-12 21:08:33,107 [ddb9d7c4-a5dc-476f-83e2-b66bdd4cd965@group-B6676DE81A3B-LeaderElection52] INFO  impl.LeaderElection (LogUtils.java:infoOrTrace(137)) - ddb9d7c4-a5dc-476f-83e2-b66bdd4cd965@group-B6676DE81A3B-LeaderElection52 got exception when requesting votes: java.util.concurrent.ExecutionException: org.apache.ratis.thirdparty.io.grpc.StatusRuntimeException: UNAVAILABLE: io exception
2022-07-12 21:08:33,154 [ddb9d7c4-a5dc-476f-83e2-b66bdd4cd965@group-B6676DE81A3B-LeaderElection52] INFO  impl.LeaderElection (LogUtils.java:infoOrTrace(137)) - ddb9d7c4-a5dc-476f-83e2-b66bdd4cd965@group-B6676DE81A3B-LeaderElection52 got exception when requesting votes: java.util.concurrent.ExecutionException: org.apache.ratis.thirdparty.io.grpc.StatusRuntimeException: UNAVAILABLE: io exception
2022-07-12 21:08:33,154 [ddb9d7c4-a5dc-476f-83e2-b66bdd4cd965@group-B6676DE81A3B-LeaderElection52] INFO  impl.LeaderElection (LeaderElection.java:logAndReturn(90)) - ddb9d7c4-a5dc-476f-83e2-b66bdd4cd965@group-B6676DE81A3B-LeaderElection52: ELECTION REJECTED received 0 response(s) and 2 exception(s):
2022-07-12 21:08:33,154 [ddb9d7c4-a5dc-476f-83e2-b66bdd4cd965@group-B6676DE81A3B-LeaderElection52] INFO  impl.LeaderElection (LogUtils.java:infoOrTrace(137)) -   Exception 0: java.util.concurrent.ExecutionException: org.apache.ratis.thirdparty.io.grpc.StatusRuntimeException: UNAVAILABLE: io exception
2022-07-12 21:08:33,154 [ddb9d7c4-a5dc-476f-83e2-b66bdd4cd965@group-B6676DE81A3B-LeaderElection52] INFO  impl.LeaderElection (LogUtils.java:infoOrTrace(137)) -   Exception 1: java.util.concurrent.ExecutionException: org.apache.ratis.thirdparty.io.grpc.StatusRuntimeException: UNAVAILABLE: io exception
2022-07-12 21:08:33,154 [ddb9d7c4-a5dc-476f-83e2-b66bdd4cd965@group-B6676DE81A3B-LeaderElection52] INFO  impl.LeaderElection (LeaderElection.java:askForVotes(312)) - ddb9d7c4-a5dc-476f-83e2-b66bdd4cd965@group-B6676DE81A3B-LeaderElection52 ELECTION round 0: result REJECTED
2022-07-12 21:08:33,154 [ddb9d7c4-a5dc-476f-83e2-b66bdd4cd965@group-B6676DE81A3B-LeaderElection52] INFO  server.RaftServer$Division (RaftServerImpl.java:setRole(299)) - ddb9d7c4-a5dc-476f-83e2-b66bdd4cd965@group-B6676DE81A3B: changes role from CANDIDATE to FOLLOWER at term 3 for REJECTED
2022-07-12 21:08:33,154 [ddb9d7c4-a5dc-476f-83e2-b66bdd4cd965@group-B6676DE81A3B-LeaderElection52] INFO  impl.RoleInfo (RoleInfo.java:shutdownLeaderElection(130)) - ddb9d7c4-a5dc-476f-83e2-b66bdd4cd965: shutdown ddb9d7c4-a5dc-476f-83e2-b66bdd4cd965@group-B6676DE81A3B-LeaderElection52
2022-07-12 21:08:33,155 [ddb9d7c4-a5dc-476f-83e2-b66bdd4cd965@group-B6676DE81A3B-LeaderElection52] INFO  impl.RoleInfo (RoleInfo.java:updateAndGet(139)) - ddb9d7c4-a5dc-476f-83e2-b66bdd4cd965: start ddb9d7c4-a5dc-476f-83e2-b66bdd4cd965@group-B6676DE81A3B-FollowerState
2022-07-12 21:08:36,955 [ddb9d7c4-a5dc-476f-83e2-b66bdd4cd965@group-7E75DEA0AD0C-FollowerState] INFO  impl.FollowerState (FollowerState.java:run(143)) - ddb9d7c4-a5dc-476f-83e2-b66bdd4cd965@group-7E75DEA0AD0C-FollowerState: change to CANDIDATE, lastRpcElapsedTime:10148134027ns, electionTimeout:5097ms
2022-07-12 21:08:36,956 [ddb9d7c4-a5dc-476f-83e2-b66bdd4cd965@group-7E75DEA0AD0C-FollowerState] INFO  impl.RoleInfo (RoleInfo.java:shutdownFollowerState(110)) - ddb9d7c4-a5dc-476f-83e2-b66bdd4cd965: shutdown ddb9d7c4-a5dc-476f-83e2-b66bdd4cd965@group-7E75DEA0AD0C-FollowerState
2022-07-12 21:08:36,956 [ddb9d7c4-a5dc-476f-83e2-b66bdd4cd965@group-7E75DEA0AD0C-FollowerState] INFO  server.RaftServer$Division (RaftServerImpl.java:setRole(299)) - ddb9d7c4-a5dc-476f-83e2-b66bdd4cd965@group-7E75DEA0AD0C: changes role from  FOLLOWER to CANDIDATE at term 1 for changeToCandidate
2022-07-12 21:08:36,956 [ddb9d7c4-a5dc-476f-83e2-b66bdd4cd965@group-7E75DEA0AD0C-FollowerState] INFO  server.RaftServerConfigKeys (ConfUtils.java:logGet(46)) - raft.server.leaderelection.pre-vote = false (custom)
2022-07-12 21:08:36,956 [ddb9d7c4-a5dc-476f-83e2-b66bdd4cd965@group-7E75DEA0AD0C-FollowerState] INFO  impl.RoleInfo (RoleInfo.java:updateAndGet(139)) - ddb9d7c4-a5dc-476f-83e2-b66bdd4cd965: start ddb9d7c4-a5dc-476f-83e2-b66bdd4cd965@group-7E75DEA0AD0C-LeaderElection53
2022-07-12 21:08:36,996 [ddb9d7c4-a5dc-476f-83e2-b66bdd4cd965@group-7E75DEA0AD0C-LeaderElection53] INFO  server.RaftServer$Division (ServerState.java:setLeader(287)) - ddb9d7c4-a5dc-476f-83e2-b66bdd4cd965@group-7E75DEA0AD0C: change Leader from a073d587-6aa7-4ca3-9889-8ecc19e2905e to null at term 1 for ELECTION
2022-07-12 21:08:37,008 [ddb9d7c4-a5dc-476f-83e2-b66bdd4cd965@group-7E75DEA0AD0C-LeaderElection53] INFO  impl.LeaderElection (LeaderElection.java:askForVotes(310)) - ddb9d7c4-a5dc-476f-83e2-b66bdd4cd965@group-7E75DEA0AD0C-LeaderElection53 ELECTION round 0: submit vote requests at term 2 for 0: [29d43e8b-b8c3-435a-bf60-ec797ee46bf5|rpc:10.1.0.20:33347|dataStream:|priority:0, ddb9d7c4-a5dc-476f-83e2-b66bdd4cd965|rpc:10.1.0.20:35703|dataStream:|priority:0, a073d587-6aa7-4ca3-9889-8ecc19e2905e|rpc:10.1.0.20:32847|dataStream:|priority:1], old=null
2022-07-12 21:08:37,036 [ddb9d7c4-a5dc-476f-83e2-b66bdd4cd965@group-7E75DEA0AD0C-LeaderElection53] INFO  impl.LeaderElection (LogUtils.java:infoOrTrace(137)) - ddb9d7c4-a5dc-476f-83e2-b66bdd4cd965@group-7E75DEA0AD0C-LeaderElection53 got exception when requesting votes: java.util.concurrent.ExecutionException: org.apache.ratis.thirdparty.io.grpc.StatusRuntimeException: UNAVAILABLE: io exception
2022-07-12 21:08:37,036 [ddb9d7c4-a5dc-476f-83e2-b66bdd4cd965@group-7E75DEA0AD0C-LeaderElection53] INFO  impl.LeaderElection (LogUtils.java:infoOrTrace(137)) - ddb9d7c4-a5dc-476f-83e2-b66bdd4cd965@group-7E75DEA0AD0C-LeaderElection53 got exception when requesting votes: java.util.concurrent.ExecutionException: org.apache.ratis.thirdparty.io.grpc.StatusRuntimeException: UNAVAILABLE: io exception
2022-07-12 21:08:37,036 [ddb9d7c4-a5dc-476f-83e2-b66bdd4cd965@group-7E75DEA0AD0C-LeaderElection53] INFO  impl.LeaderElection (LeaderElection.java:logAndReturn(90)) - ddb9d7c4-a5dc-476f-83e2-b66bdd4cd965@group-7E75DEA0AD0C-LeaderElection53: ELECTION REJECTED received 0 response(s) and 2 exception(s):
2022-07-12 21:08:37,036 [ddb9d7c4-a5dc-476f-83e2-b66bdd4cd965@group-7E75DEA0AD0C-LeaderElection53] INFO  impl.LeaderElection (LogUtils.java:infoOrTrace(137)) -   Exception 0: java.util.concurrent.ExecutionException: org.apache.ratis.thirdparty.io.grpc.StatusRuntimeException: UNAVAILABLE: io exception
2022-07-12 21:08:37,036 [ddb9d7c4-a5dc-476f-83e2-b66bdd4cd965@group-7E75DEA0AD0C-LeaderElection53] INFO  impl.LeaderElection (LogUtils.java:infoOrTrace(137)) -   Exception 1: java.util.concurrent.ExecutionException: org.apache.ratis.thirdparty.io.grpc.StatusRuntimeException: UNAVAILABLE: io exception
2022-07-12 21:08:37,036 [ddb9d7c4-a5dc-476f-83e2-b66bdd4cd965@group-7E75DEA0AD0C-LeaderElection53] INFO  impl.LeaderElection (LeaderElection.java:askForVotes(312)) - ddb9d7c4-a5dc-476f-83e2-b66bdd4cd965@group-7E75DEA0AD0C-LeaderElection53 ELECTION round 0: result REJECTED
2022-07-12 21:08:37,036 [ddb9d7c4-a5dc-476f-83e2-b66bdd4cd965@group-7E75DEA0AD0C-LeaderElection53] INFO  server.RaftServer$Division (RaftServerImpl.java:setRole(299)) - ddb9d7c4-a5dc-476f-83e2-b66bdd4cd965@group-7E75DEA0AD0C: changes role from CANDIDATE to FOLLOWER at term 2 for REJECTED
2022-07-12 21:08:37,036 [ddb9d7c4-a5dc-476f-83e2-b66bdd4cd965@group-7E75DEA0AD0C-LeaderElection53] INFO  impl.RoleInfo (RoleInfo.java:shutdownLeaderElection(130)) - ddb9d7c4-a5dc-476f-83e2-b66bdd4cd965: shutdown ddb9d7c4-a5dc-476f-83e2-b66bdd4cd965@group-7E75DEA0AD0C-LeaderElection53
2022-07-12 21:08:37,036 [ddb9d7c4-a5dc-476f-83e2-b66bdd4cd965@group-7E75DEA0AD0C-LeaderElection53] INFO  impl.RoleInfo (RoleInfo.java:updateAndGet(139)) - ddb9d7c4-a5dc-476f-83e2-b66bdd4cd965: start ddb9d7c4-a5dc-476f-83e2-b66bdd4cd965@group-7E75DEA0AD0C-FollowerState
2022-07-12 21:08:37,563 [ForkJoinPool.commonPool-worker-0] INFO  ozoneimpl.OzoneContainer (OzoneContainer.java:stop(365)) - Attempting to stop container services.
2022-07-12 21:08:37,566 [ForkJoinPool.commonPool-worker-0] INFO  server.RaftServer (RaftServerProxy.java:lambda$close$7(398)) - ddb9d7c4-a5dc-476f-83e2-b66bdd4cd965: close
2022-07-12 21:08:37,567 [ForkJoinPool.commonPool-worker-0] INFO  server.RaftServer$Division (RaftServerImpl.java:lambda$close$4(434)) - ddb9d7c4-a5dc-476f-83e2-b66bdd4cd965@group-4AC6D0810510: shutdown
2022-07-12 21:08:37,567 [ForkJoinPool.commonPool-worker-0] INFO  util.JmxRegister (JmxRegister.java:unregister(73)) - Successfully un-registered JMX Bean with object name Ratis:service=RaftServer,group=group-4AC6D0810510,id=ddb9d7c4-a5dc-476f-83e2-b66bdd4cd965
2022-07-12 21:08:37,567 [ForkJoinPool.commonPool-worker-0] INFO  impl.RoleInfo (RoleInfo.java:shutdownLeaderState(93)) - ddb9d7c4-a5dc-476f-83e2-b66bdd4cd965: shutdown ddb9d7c4-a5dc-476f-83e2-b66bdd4cd965@group-4AC6D0810510-LeaderStateImpl
2022-07-12 21:08:37,567 [ForkJoinPool.commonPool-worker-0] INFO  impl.PendingRequests (PendingRequests.java:sendNotLeaderResponses(282)) - ddb9d7c4-a5dc-476f-83e2-b66bdd4cd965@group-4AC6D0810510-PendingRequests: sendNotLeaderResponses
2022-07-12 21:08:37,568 [Listener at 127.0.0.1/33595] INFO  ozoneimpl.OzoneContainer (OzoneContainer.java:stop(365)) - Attempting to stop container services.
2022-07-12 21:08:37,568 [ForkJoinPool.commonPool-worker-0] INFO  impl.StateMachineUpdater (StateMachineUpdater.java:stopAndJoin(153)) - ddb9d7c4-a5dc-476f-83e2-b66bdd4cd965@group-4AC6D0810510-StateMachineUpdater: set stopIndex = 0
2022-07-12 21:08:37,569 [ddb9d7c4-a5dc-476f-83e2-b66bdd4cd965@group-4AC6D0810510-StateMachineUpdater] INFO  ratis.ContainerStateMachine (ContainerStateMachine.java:takeSnapshot(304)) - group-4AC6D0810510: Taking a snapshot at:(t:1, i:0) file /home/runner/work/ozone/ozone/hadoop-ozone/integration-test/target/test-dir/MiniOzoneClusterImpl-03d8019b-d99e-41ea-b31f-f002ac91f2ca/datanode-0/data/ratis/89da5e16-41de-4585-8d01-4ac6d0810510/sm/snapshot.1_0
2022-07-12 21:08:37,570 [ddb9d7c4-a5dc-476f-83e2-b66bdd4cd965@group-4AC6D0810510-StateMachineUpdater] INFO  ratis.ContainerStateMachine (ContainerStateMachine.java:takeSnapshot(315)) - group-4AC6D0810510: Finished taking a snapshot at:(t:1, i:0) file:/home/runner/work/ozone/ozone/hadoop-ozone/integration-test/target/test-dir/MiniOzoneClusterImpl-03d8019b-d99e-41ea-b31f-f002ac91f2ca/datanode-0/data/ratis/89da5e16-41de-4585-8d01-4ac6d0810510/sm/snapshot.1_0 took: 1 ms
2022-07-12 21:08:37,570 [ddb9d7c4-a5dc-476f-83e2-b66bdd4cd965@group-4AC6D0810510-StateMachineUpdater] INFO  impl.StateMachineUpdater (StateMachineUpdater.java:takeSnapshot(287)) - ddb9d7c4-a5dc-476f-83e2-b66bdd4cd965@group-4AC6D0810510-StateMachineUpdater: Took a snapshot at index 0
2022-07-12 21:08:37,570 [ddb9d7c4-a5dc-476f-83e2-b66bdd4cd965@group-4AC6D0810510-StateMachineUpdater] INFO  impl.StateMachineUpdater (StateMachineUpdater.java:lambda$new$0(92)) - ddb9d7c4-a5dc-476f-83e2-b66bdd4cd965@group-4AC6D0810510-StateMachineUpdater: snapshotIndex: updateIncreasingly -1 -> 0
2022-07-12 21:08:37,570 [ForkJoinPool.commonPool-worker-0] INFO  server.RaftServer$Division (ServerState.java:close(429)) - ddb9d7c4-a5dc-476f-83e2-b66bdd4cd965@group-4AC6D0810510: closes. applyIndex: 0
2022-07-12 21:08:37,572 [ddb9d7c4-a5dc-476f-83e2-b66bdd4cd965@group-4AC6D0810510-SegmentedRaftLogWorker] INFO  segmented.SegmentedRaftLogWorker (SegmentedRaftLogWorker.java:run(336)) - ddb9d7c4-a5dc-476f-83e2-b66bdd4cd965@group-4AC6D0810510-SegmentedRaftLogWorker was interrupted, exiting. There are 0 tasks remaining in the queue.
2022-07-12 21:08:37,609 [ForkJoinPool.commonPool-worker-0] INFO  segmented.SegmentedRaftLogWorker (SegmentedRaftLogWorker.java:close(246)) - ddb9d7c4-a5dc-476f-83e2-b66bdd4cd965@group-4AC6D0810510-SegmentedRaftLogWorker close()
2022-07-12 21:08:37,609 [Listener at 127.0.0.1/33595] INFO  server.RaftServer (RaftServerProxy.java:lambda$close$7(398)) - a8440338-9c05-4a69-82ce-0c098fe5e8a5: close
2022-07-12 21:08:37,620 [Listener at 127.0.0.1/33595] INFO  server.RaftServer$Division (RaftServerImpl.java:lambda$close$4(434)) - a8440338-9c05-4a69-82ce-0c098fe5e8a5@group-FB272FC9E82A: shutdown
2022-07-12 21:08:37,620 [Listener at 127.0.0.1/33595] INFO  util.JmxRegister (JmxRegister.java:unregister(73)) - Successfully un-registered JMX Bean with object name Ratis:service=RaftServer,group=group-FB272FC9E82A,id=a8440338-9c05-4a69-82ce-0c098fe5e8a5
2022-07-12 21:08:37,620 [Listener at 127.0.0.1/33595] INFO  impl.RoleInfo (RoleInfo.java:shutdownLeaderState(93)) - a8440338-9c05-4a69-82ce-0c098fe5e8a5: shutdown a8440338-9c05-4a69-82ce-0c098fe5e8a5@group-FB272FC9E82A-LeaderStateImpl
2022-07-12 21:08:37,620 [Listener at 127.0.0.1/33595] INFO  impl.PendingRequests (PendingRequests.java:sendNotLeaderResponses(282)) - a8440338-9c05-4a69-82ce-0c098fe5e8a5@group-FB272FC9E82A-PendingRequests: sendNotLeaderResponses
2022-07-12 21:08:37,621 [Listener at 127.0.0.1/33595] INFO  impl.StateMachineUpdater (StateMachineUpdater.java:stopAndJoin(153)) - a8440338-9c05-4a69-82ce-0c098fe5e8a5@group-FB272FC9E82A-StateMachineUpdater: set stopIndex = 0
2022-07-12 21:08:37,622 [a8440338-9c05-4a69-82ce-0c098fe5e8a5@group-FB272FC9E82A-StateMachineUpdater] INFO  ratis.ContainerStateMachine (ContainerStateMachine.java:takeSnapshot(304)) - group-FB272FC9E82A: Taking a snapshot at:(t:1, i:0) file /home/runner/work/ozone/ozone/hadoop-ozone/integration-test/target/test-dir/MiniOzoneClusterImpl-03d8019b-d99e-41ea-b31f-f002ac91f2ca/datanode-4/data/ratis/476bab6c-e286-40aa-9b32-fb272fc9e82a/sm/snapshot.1_0
2022-07-12 21:08:37,612 [ForkJoinPool.commonPool-worker-0] INFO  server.RaftServer$Division (RaftServerImpl.java:lambda$close$4(434)) - ddb9d7c4-a5dc-476f-83e2-b66bdd4cd965@group-7E75DEA0AD0C: shutdown
2022-07-12 21:08:37,622 [ForkJoinPool.commonPool-worker-0] INFO  util.JmxRegister (JmxRegister.java:unregister(73)) - Successfully un-registered JMX Bean with object name Ratis:service=RaftServer,group=group-7E75DEA0AD0C,id=ddb9d7c4-a5dc-476f-83e2-b66bdd4cd965
2022-07-12 21:08:37,622 [ForkJoinPool.commonPool-worker-0] INFO  impl.RoleInfo (RoleInfo.java:shutdownFollowerState(110)) - ddb9d7c4-a5dc-476f-83e2-b66bdd4cd965: shutdown ddb9d7c4-a5dc-476f-83e2-b66bdd4cd965@group-7E75DEA0AD0C-FollowerState
2022-07-12 21:08:37,622 [ForkJoinPool.commonPool-worker-0] INFO  impl.StateMachineUpdater (StateMachineUpdater.java:stopAndJoin(153)) - ddb9d7c4-a5dc-476f-83e2-b66bdd4cd965@group-7E75DEA0AD0C-StateMachineUpdater: set stopIndex = 36
2022-07-12 21:08:37,622 [ddb9d7c4-a5dc-476f-83e2-b66bdd4cd965@group-7E75DEA0AD0C-FollowerState] INFO  impl.FollowerState (FollowerState.java:run(152)) - ddb9d7c4-a5dc-476f-83e2-b66bdd4cd965@group-7E75DEA0AD0C-FollowerState was interrupted
2022-07-12 21:08:37,643 [a8440338-9c05-4a69-82ce-0c098fe5e8a5@group-FB272FC9E82A-StateMachineUpdater] INFO  ratis.ContainerStateMachine (ContainerStateMachine.java:takeSnapshot(315)) - group-FB272FC9E82A: Finished taking a snapshot at:(t:1, i:0) file:/home/runner/work/ozone/ozone/hadoop-ozone/integration-test/target/test-dir/MiniOzoneClusterImpl-03d8019b-d99e-41ea-b31f-f002ac91f2ca/datanode-4/data/ratis/476bab6c-e286-40aa-9b32-fb272fc9e82a/sm/snapshot.1_0 took: 22 ms
2022-07-12 21:08:37,644 [a8440338-9c05-4a69-82ce-0c098fe5e8a5@group-FB272FC9E82A-StateMachineUpdater] INFO  impl.StateMachineUpdater (StateMachineUpdater.java:takeSnapshot(287)) - a8440338-9c05-4a69-82ce-0c098fe5e8a5@group-FB272FC9E82A-StateMachineUpdater: Took a snapshot at index 0
2022-07-12 21:08:37,644 [a8440338-9c05-4a69-82ce-0c098fe5e8a5@group-FB272FC9E82A-StateMachineUpdater] INFO  impl.StateMachineUpdater (StateMachineUpdater.java:lambda$new$0(92)) - a8440338-9c05-4a69-82ce-0c098fe5e8a5@group-FB272FC9E82A-StateMachineUpdater: snapshotIndex: updateIncreasingly -1 -> 0
2022-07-12 21:08:37,644 [ddb9d7c4-a5dc-476f-83e2-b66bdd4cd965@group-7E75DEA0AD0C-StateMachineUpdater] INFO  ratis.ContainerStateMachine (ContainerStateMachine.java:takeSnapshot(304)) - group-7E75DEA0AD0C: Taking a snapshot at:(t:1, i:36) file /home/runner/work/ozone/ozone/hadoop-ozone/integration-test/target/test-dir/MiniOzoneClusterImpl-03d8019b-d99e-41ea-b31f-f002ac91f2ca/datanode-0/data/ratis/03451ab7-eaab-42b3-a2f1-7e75dea0ad0c/sm/snapshot.1_36
2022-07-12 21:08:37,644 [Listener at 127.0.0.1/33595] INFO  server.RaftServer$Division (ServerState.java:close(429)) - a8440338-9c05-4a69-82ce-0c098fe5e8a5@group-FB272FC9E82A: closes. applyIndex: 0
2022-07-12 21:08:37,645 [a8440338-9c05-4a69-82ce-0c098fe5e8a5@group-FB272FC9E82A-SegmentedRaftLogWorker] INFO  segmented.SegmentedRaftLogWorker (SegmentedRaftLogWorker.java:run(336)) - a8440338-9c05-4a69-82ce-0c098fe5e8a5@group-FB272FC9E82A-SegmentedRaftLogWorker was interrupted, exiting. There are 0 tasks remaining in the queue.
2022-07-12 21:08:37,646 [Listener at 127.0.0.1/33595] INFO  segmented.SegmentedRaftLogWorker (SegmentedRaftLogWorker.java:close(246)) - a8440338-9c05-4a69-82ce-0c098fe5e8a5@group-FB272FC9E82A-SegmentedRaftLogWorker close()
2022-07-12 21:08:37,649 [Listener at 127.0.0.1/33595] INFO  server.GrpcService (GrpcService.java:closeImpl(269)) - a8440338-9c05-4a69-82ce-0c098fe5e8a5: shutdown server with port 39637 now
2022-07-12 21:08:37,652 [Listener at 127.0.0.1/33595] INFO  server.GrpcService (GrpcService.java:closeImpl(278)) - a8440338-9c05-4a69-82ce-0c098fe5e8a5: shutdown server with port 39637 successfully
2022-07-12 21:08:37,652 [org.apache.ratis.util.JvmPauseMonitor$$Lambda$613/1050667922@2315e304] INFO  util.JvmPauseMonitor (JvmPauseMonitor.java:run(109)) - JvmPauseMonitor-a8440338-9c05-4a69-82ce-0c098fe5e8a5: Stopped
2022-07-12 21:08:37,662 [ddb9d7c4-a5dc-476f-83e2-b66bdd4cd965@group-7E75DEA0AD0C-StateMachineUpdater] INFO  ratis.ContainerStateMachine (ContainerStateMachine.java:takeSnapshot(315)) - group-7E75DEA0AD0C: Finished taking a snapshot at:(t:1, i:36) file:/home/runner/work/ozone/ozone/hadoop-ozone/integration-test/target/test-dir/MiniOzoneClusterImpl-03d8019b-d99e-41ea-b31f-f002ac91f2ca/datanode-0/data/ratis/03451ab7-eaab-42b3-a2f1-7e75dea0ad0c/sm/snapshot.1_36 took: 39 ms
2022-07-12 21:08:37,662 [ddb9d7c4-a5dc-476f-83e2-b66bdd4cd965@group-7E75DEA0AD0C-StateMachineUpdater] INFO  impl.StateMachineUpdater (StateMachineUpdater.java:takeSnapshot(287)) - ddb9d7c4-a5dc-476f-83e2-b66bdd4cd965@group-7E75DEA0AD0C-StateMachineUpdater: Took a snapshot at index 36
2022-07-12 21:08:37,662 [ddb9d7c4-a5dc-476f-83e2-b66bdd4cd965@group-7E75DEA0AD0C-StateMachineUpdater] INFO  impl.StateMachineUpdater (StateMachineUpdater.java:lambda$new$0(92)) - ddb9d7c4-a5dc-476f-83e2-b66bdd4cd965@group-7E75DEA0AD0C-StateMachineUpdater: snapshotIndex: updateIncreasingly -1 -> 36
2022-07-12 21:08:37,663 [ForkJoinPool.commonPool-worker-0] INFO  server.RaftServer$Division (ServerState.java:close(429)) - ddb9d7c4-a5dc-476f-83e2-b66bdd4cd965@group-7E75DEA0AD0C: closes. applyIndex: 36
2022-07-12 21:08:37,663 [ddb9d7c4-a5dc-476f-83e2-b66bdd4cd965@group-7E75DEA0AD0C-SegmentedRaftLogWorker] INFO  segmented.SegmentedRaftLogWorker (SegmentedRaftLogWorker.java:run(336)) - ddb9d7c4-a5dc-476f-83e2-b66bdd4cd965@group-7E75DEA0AD0C-SegmentedRaftLogWorker was interrupted, exiting. There are 0 tasks remaining in the queue.
2022-07-12 21:08:37,664 [ForkJoinPool.commonPool-worker-0] INFO  segmented.SegmentedRaftLogWorker (SegmentedRaftLogWorker.java:close(246)) - ddb9d7c4-a5dc-476f-83e2-b66bdd4cd965@group-7E75DEA0AD0C-SegmentedRaftLogWorker close()
2022-07-12 21:08:37,667 [ForkJoinPool.commonPool-worker-0] INFO  server.RaftServer$Division (RaftServerImpl.java:lambda$close$4(434)) - ddb9d7c4-a5dc-476f-83e2-b66bdd4cd965@group-B6676DE81A3B: shutdown
2022-07-12 21:08:37,668 [ForkJoinPool.commonPool-worker-0] INFO  util.JmxRegister (JmxRegister.java:unregister(73)) - Successfully un-registered JMX Bean with object name Ratis:service=RaftServer,group=group-B6676DE81A3B,id=ddb9d7c4-a5dc-476f-83e2-b66bdd4cd965
2022-07-12 21:08:37,668 [ForkJoinPool.commonPool-worker-0] INFO  impl.RoleInfo (RoleInfo.java:shutdownFollowerState(110)) - ddb9d7c4-a5dc-476f-83e2-b66bdd4cd965: shutdown ddb9d7c4-a5dc-476f-83e2-b66bdd4cd965@group-B6676DE81A3B-FollowerState
2022-07-12 21:08:37,668 [ForkJoinPool.commonPool-worker-0] INFO  impl.StateMachineUpdater (StateMachineUpdater.java:stopAndJoin(153)) - ddb9d7c4-a5dc-476f-83e2-b66bdd4cd965@group-B6676DE81A3B-StateMachineUpdater: set stopIndex = 14
2022-07-12 21:08:37,668 [ddb9d7c4-a5dc-476f-83e2-b66bdd4cd965@group-B6676DE81A3B-FollowerState] INFO  impl.FollowerState (FollowerState.java:run(152)) - ddb9d7c4-a5dc-476f-83e2-b66bdd4cd965@group-B6676DE81A3B-FollowerState was interrupted
2022-07-12 21:08:37,668 [ddb9d7c4-a5dc-476f-83e2-b66bdd4cd965@group-B6676DE81A3B-StateMachineUpdater] INFO  ratis.ContainerStateMachine (ContainerStateMachine.java:takeSnapshot(304)) - group-B6676DE81A3B: Taking a snapshot at:(t:2, i:14) file /home/runner/work/ozone/ozone/hadoop-ozone/integration-test/target/test-dir/MiniOzoneClusterImpl-03d8019b-d99e-41ea-b31f-f002ac91f2ca/datanode-0/data/ratis/7db0ef83-3d30-443f-9426-b6676de81a3b/sm/snapshot.2_14
2022-07-12 21:08:37,670 [ddb9d7c4-a5dc-476f-83e2-b66bdd4cd965@group-B6676DE81A3B-StateMachineUpdater] INFO  ratis.ContainerStateMachine (ContainerStateMachine.java:takeSnapshot(315)) - group-B6676DE81A3B: Finished taking a snapshot at:(t:2, i:14) file:/home/runner/work/ozone/ozone/hadoop-ozone/integration-test/target/test-dir/MiniOzoneClusterImpl-03d8019b-d99e-41ea-b31f-f002ac91f2ca/datanode-0/data/ratis/7db0ef83-3d30-443f-9426-b6676de81a3b/sm/snapshot.2_14 took: 1 ms
2022-07-12 21:08:37,670 [ddb9d7c4-a5dc-476f-83e2-b66bdd4cd965@group-B6676DE81A3B-StateMachineUpdater] INFO  impl.StateMachineUpdater (StateMachineUpdater.java:takeSnapshot(287)) - ddb9d7c4-a5dc-476f-83e2-b66bdd4cd965@group-B6676DE81A3B-StateMachineUpdater: Took a snapshot at index 14
2022-07-12 21:08:37,670 [ddb9d7c4-a5dc-476f-83e2-b66bdd4cd965@group-B6676DE81A3B-StateMachineUpdater] INFO  impl.StateMachineUpdater (StateMachineUpdater.java:lambda$new$0(92)) - ddb9d7c4-a5dc-476f-83e2-b66bdd4cd965@group-B6676DE81A3B-StateMachineUpdater: snapshotIndex: updateIncreasingly -1 -> 14
2022-07-12 21:08:37,671 [ForkJoinPool.commonPool-worker-0] INFO  server.RaftServer$Division (ServerState.java:close(429)) - ddb9d7c4-a5dc-476f-83e2-b66bdd4cd965@group-B6676DE81A3B: closes. applyIndex: 14
2022-07-12 21:08:37,671 [ddb9d7c4-a5dc-476f-83e2-b66bdd4cd965@group-B6676DE81A3B-SegmentedRaftLogWorker] INFO  segmented.SegmentedRaftLogWorker (SegmentedRaftLogWorker.java:run(336)) - ddb9d7c4-a5dc-476f-83e2-b66bdd4cd965@group-B6676DE81A3B-SegmentedRaftLogWorker was interrupted, exiting. There are 0 tasks remaining in the queue.
2022-07-12 21:08:37,671 [ForkJoinPool.commonPool-worker-0] INFO  segmented.SegmentedRaftLogWorker (SegmentedRaftLogWorker.java:close(246)) - ddb9d7c4-a5dc-476f-83e2-b66bdd4cd965@group-B6676DE81A3B-SegmentedRaftLogWorker close()
2022-07-12 21:08:37,672 [ForkJoinPool.commonPool-worker-0] INFO  server.GrpcService (GrpcService.java:closeImpl(269)) - ddb9d7c4-a5dc-476f-83e2-b66bdd4cd965: shutdown server with port 35703 now
2022-07-12 21:08:37,686 [ForkJoinPool.commonPool-worker-0] INFO  server.GrpcService (GrpcService.java:closeImpl(278)) - ddb9d7c4-a5dc-476f-83e2-b66bdd4cd965: shutdown server with port 35703 successfully
2022-07-12 21:08:37,686 [org.apache.ratis.util.JvmPauseMonitor$$Lambda$613/1050667922@31762f35] INFO  util.JvmPauseMonitor (JvmPauseMonitor.java:run(109)) - JvmPauseMonitor-ddb9d7c4-a5dc-476f-83e2-b66bdd4cd965: Stopped
2022-07-12 21:08:39,723 [Listener at 127.0.0.1/33595] INFO  utils.BackgroundService (BackgroundService.java:shutdown(132)) - Shutting down service BlockDeletingService
2022-07-12 21:08:39,826 [ForkJoinPool.commonPool-worker-0] INFO  utils.BackgroundService (BackgroundService.java:shutdown(132)) - Shutting down service BlockDeletingService
2022-07-12 21:08:42,816 [Listener at 127.0.0.1/33595] INFO  statemachine.DatanodeStateMachine (DatanodeStateMachine.java:stopDaemon(580)) - Ozone container server stopped.
2022-07-12 21:08:42,825 [Listener at 127.0.0.1/33595] INFO  handler.ContextHandler (ContextHandler.java:doStop(1153)) - Stopped o.e.j.w.WebAppContext@5b1c1442{hddsDatanode,/,null,STOPPED}{jar:file:/home/runner/.m2/repository/org/apache/ozone/hdds-container-service/1.3.0-SNAPSHOT/hdds-container-service-1.3.0-SNAPSHOT.jar!/webapps/hddsDatanode}
2022-07-12 21:08:42,832 [ForkJoinPool.commonPool-worker-0] INFO  statemachine.DatanodeStateMachine (DatanodeStateMachine.java:stopDaemon(580)) - Ozone container server stopped.
2022-07-12 21:08:42,864 [ForkJoinPool.commonPool-worker-0] INFO  handler.ContextHandler (ContextHandler.java:doStop(1153)) - Stopped o.e.j.w.WebAppContext@56f53d8d{hddsDatanode,/,null,STOPPED}{jar:file:/home/runner/.m2/repository/org/apache/ozone/hdds-container-service/1.3.0-SNAPSHOT/hdds-container-service-1.3.0-SNAPSHOT.jar!/webapps/hddsDatanode}
2022-07-12 21:08:42,865 [Listener at 127.0.0.1/33595] INFO  server.AbstractConnector (AbstractConnector.java:doStop(381)) - Stopped ServerConnector@4108da27{HTTP/1.1, (http/1.1)}{0.0.0.0:0}
2022-07-12 21:08:42,865 [Listener at 127.0.0.1/33595] INFO  server.session (HouseKeeper.java:stopScavenging(149)) - node0 Stopped scavenging
2022-07-12 21:08:42,866 [Listener at 127.0.0.1/33595] INFO  handler.ContextHandler (ContextHandler.java:doStop(1153)) - Stopped o.e.j.s.ServletContextHandler@4c7e70b7{static,/static,jar:file:/home/runner/.m2/repository/org/apache/ozone/hdds-container-service/1.3.0-SNAPSHOT/hdds-container-service-1.3.0-SNAPSHOT.jar!/webapps/static,STOPPED}
2022-07-12 21:08:42,866 [Listener at 127.0.0.1/33595] INFO  handler.ContextHandler (ContextHandler.java:doStop(1153)) - Stopped o.e.j.s.ServletContextHandler@2d17e77{logs,/logs,file:///home/runner/work/ozone/ozone/hadoop-ozone/integration-test/target/log,STOPPED}
2022-07-12 21:08:42,871 [ForkJoinPool.commonPool-worker-0] INFO  server.AbstractConnector (AbstractConnector.java:doStop(381)) - Stopped ServerConnector@6e35df79{HTTP/1.1, (http/1.1)}{0.0.0.0:0}
2022-07-12 21:08:42,871 [ForkJoinPool.commonPool-worker-0] INFO  server.session (HouseKeeper.java:stopScavenging(149)) - node0 Stopped scavenging
2022-07-12 21:08:42,872 [ForkJoinPool.commonPool-worker-0] INFO  handler.ContextHandler (ContextHandler.java:doStop(1153)) - Stopped o.e.j.s.ServletContextHandler@52502ca4{static,/static,jar:file:/home/runner/.m2/repository/org/apache/ozone/hdds-container-service/1.3.0-SNAPSHOT/hdds-container-service-1.3.0-SNAPSHOT.jar!/webapps/static,STOPPED}
2022-07-12 21:08:42,872 [ForkJoinPool.commonPool-worker-0] INFO  handler.ContextHandler (ContextHandler.java:doStop(1153)) - Stopped o.e.j.s.ServletContextHandler@2d53cd54{logs,/logs,file:///home/runner/work/ozone/ozone/hadoop-ozone/integration-test/target/log,STOPPED}
2022-07-12 21:08:47,871 [Listener at 127.0.0.1/33595] INFO  ozoneimpl.OzoneContainer (OzoneContainer.java:stop(365)) - Attempting to stop container services.
2022-07-12 21:08:47,876 [Listener at 127.0.0.1/33595] INFO  server.RaftServer (RaftServerProxy.java:lambda$close$7(398)) - 227bf7d9-d38a-4d6d-9648-c1fd7cd9c2e7: close
2022-07-12 21:08:47,876 [Listener at 127.0.0.1/33595] INFO  server.RaftServer$Division (RaftServerImpl.java:lambda$close$4(434)) - 227bf7d9-d38a-4d6d-9648-c1fd7cd9c2e7@group-13834888C403: shutdown
2022-07-12 21:08:47,876 [Listener at 127.0.0.1/33595] INFO  util.JmxRegister (JmxRegister.java:unregister(73)) - Successfully un-registered JMX Bean with object name Ratis:service=RaftServer,group=group-13834888C403,id=227bf7d9-d38a-4d6d-9648-c1fd7cd9c2e7
2022-07-12 21:08:47,876 [Listener at 127.0.0.1/33595] INFO  impl.RoleInfo (RoleInfo.java:shutdownLeaderState(93)) - 227bf7d9-d38a-4d6d-9648-c1fd7cd9c2e7: shutdown 227bf7d9-d38a-4d6d-9648-c1fd7cd9c2e7@group-13834888C403-LeaderStateImpl
2022-07-12 21:08:47,876 [Listener at 127.0.0.1/33595] INFO  impl.PendingRequests (PendingRequests.java:sendNotLeaderResponses(282)) - 227bf7d9-d38a-4d6d-9648-c1fd7cd9c2e7@group-13834888C403-PendingRequests: sendNotLeaderResponses
2022-07-12 21:08:47,877 [Listener at 127.0.0.1/33595] INFO  impl.StateMachineUpdater (StateMachineUpdater.java:stopAndJoin(153)) - 227bf7d9-d38a-4d6d-9648-c1fd7cd9c2e7@group-13834888C403-StateMachineUpdater: set stopIndex = 0
2022-07-12 21:08:47,878 [227bf7d9-d38a-4d6d-9648-c1fd7cd9c2e7@group-13834888C403-StateMachineUpdater] INFO  ratis.ContainerStateMachine (ContainerStateMachine.java:takeSnapshot(304)) - group-13834888C403: Taking a snapshot at:(t:1, i:0) file /home/runner/work/ozone/ozone/hadoop-ozone/integration-test/target/test-dir/MiniOzoneClusterImpl-03d8019b-d99e-41ea-b31f-f002ac91f2ca/datanode-3/data/ratis/8e66cea1-1d52-42f3-9eff-13834888c403/sm/snapshot.1_0
2022-07-12 21:08:47,884 [227bf7d9-d38a-4d6d-9648-c1fd7cd9c2e7@group-13834888C403-StateMachineUpdater] INFO  ratis.ContainerStateMachine (ContainerStateMachine.java:takeSnapshot(315)) - group-13834888C403: Finished taking a snapshot at:(t:1, i:0) file:/home/runner/work/ozone/ozone/hadoop-ozone/integration-test/target/test-dir/MiniOzoneClusterImpl-03d8019b-d99e-41ea-b31f-f002ac91f2ca/datanode-3/data/ratis/8e66cea1-1d52-42f3-9eff-13834888c403/sm/snapshot.1_0 took: 7 ms
2022-07-12 21:08:47,884 [227bf7d9-d38a-4d6d-9648-c1fd7cd9c2e7@group-13834888C403-StateMachineUpdater] INFO  impl.StateMachineUpdater (StateMachineUpdater.java:takeSnapshot(287)) - 227bf7d9-d38a-4d6d-9648-c1fd7cd9c2e7@group-13834888C403-StateMachineUpdater: Took a snapshot at index 0
2022-07-12 21:08:47,885 [227bf7d9-d38a-4d6d-9648-c1fd7cd9c2e7@group-13834888C403-StateMachineUpdater] INFO  impl.StateMachineUpdater (StateMachineUpdater.java:lambda$new$0(92)) - 227bf7d9-d38a-4d6d-9648-c1fd7cd9c2e7@group-13834888C403-StateMachineUpdater: snapshotIndex: updateIncreasingly -1 -> 0
2022-07-12 21:08:47,893 [Listener at 127.0.0.1/33595] INFO  server.RaftServer$Division (ServerState.java:close(429)) - 227bf7d9-d38a-4d6d-9648-c1fd7cd9c2e7@group-13834888C403: closes. applyIndex: 0
2022-07-12 21:08:47,893 [227bf7d9-d38a-4d6d-9648-c1fd7cd9c2e7@group-13834888C403-SegmentedRaftLogWorker] INFO  segmented.SegmentedRaftLogWorker (SegmentedRaftLogWorker.java:run(336)) - 227bf7d9-d38a-4d6d-9648-c1fd7cd9c2e7@group-13834888C403-SegmentedRaftLogWorker was interrupted, exiting. There are 0 tasks remaining in the queue.
2022-07-12 21:08:47,894 [Listener at 127.0.0.1/33595] INFO  segmented.SegmentedRaftLogWorker (SegmentedRaftLogWorker.java:close(246)) - 227bf7d9-d38a-4d6d-9648-c1fd7cd9c2e7@group-13834888C403-SegmentedRaftLogWorker close()
2022-07-12 21:08:47,894 [Listener at 127.0.0.1/33595] INFO  server.GrpcService (GrpcService.java:closeImpl(269)) - 227bf7d9-d38a-4d6d-9648-c1fd7cd9c2e7: shutdown server with port 33185 now
2022-07-12 21:08:47,930 [Listener at 127.0.0.1/33595] INFO  server.GrpcService (GrpcService.java:closeImpl(278)) - 227bf7d9-d38a-4d6d-9648-c1fd7cd9c2e7: shutdown server with port 33185 successfully
2022-07-12 21:08:47,931 [org.apache.ratis.util.JvmPauseMonitor$$Lambda$613/1050667922@17fa9163] INFO  util.JvmPauseMonitor (JvmPauseMonitor.java:run(109)) - JvmPauseMonitor-227bf7d9-d38a-4d6d-9648-c1fd7cd9c2e7: Stopped
2022-07-12 21:08:49,996 [Listener at 127.0.0.1/33595] INFO  utils.BackgroundService (BackgroundService.java:shutdown(132)) - Shutting down service BlockDeletingService
2022-07-12 21:08:53,060 [Listener at 127.0.0.1/33595] INFO  statemachine.DatanodeStateMachine (DatanodeStateMachine.java:stopDaemon(580)) - Ozone container server stopped.
2022-07-12 21:08:53,069 [Listener at 127.0.0.1/33595] INFO  handler.ContextHandler (ContextHandler.java:doStop(1153)) - Stopped o.e.j.w.WebAppContext@5cd96f38{hddsDatanode,/,null,STOPPED}{jar:file:/home/runner/.m2/repository/org/apache/ozone/hdds-container-service/1.3.0-SNAPSHOT/hdds-container-service-1.3.0-SNAPSHOT.jar!/webapps/hddsDatanode}
2022-07-12 21:08:53,070 [Listener at 127.0.0.1/33595] INFO  server.AbstractConnector (AbstractConnector.java:doStop(381)) - Stopped ServerConnector@470507df{HTTP/1.1, (http/1.1)}{0.0.0.0:0}
2022-07-12 21:08:53,070 [Listener at 127.0.0.1/33595] INFO  server.session (HouseKeeper.java:stopScavenging(149)) - node0 Stopped scavenging
2022-07-12 21:08:53,070 [Listener at 127.0.0.1/33595] INFO  handler.ContextHandler (ContextHandler.java:doStop(1153)) - Stopped o.e.j.s.ServletContextHandler@20744256{static,/static,jar:file:/home/runner/.m2/repository/org/apache/ozone/hdds-container-service/1.3.0-SNAPSHOT/hdds-container-service-1.3.0-SNAPSHOT.jar!/webapps/static,STOPPED}
2022-07-12 21:08:53,071 [Listener at 127.0.0.1/33595] INFO  handler.ContextHandler (ContextHandler.java:doStop(1153)) - Stopped o.e.j.s.ServletContextHandler@406befaf{logs,/logs,file:///home/runner/work/ozone/ozone/hadoop-ozone/integration-test/target/log,STOPPED}
2022-07-12 21:08:53,072 [Listener at 127.0.0.1/33595] INFO  ozone.MiniOzoneClusterImpl (MiniOzoneClusterImpl.java:stopSCM(549)) - Stopping the StorageContainerManager
2022-07-12 21:08:53,072 [Listener at 127.0.0.1/33595] INFO  server.StorageContainerManager (StorageContainerManager.java:stop(1514)) - Container Balancer is not running.
2022-07-12 21:08:53,072 [Listener at 127.0.0.1/33595] INFO  server.StorageContainerManager (StorageContainerManager.java:stop(1521)) - Stopping Replication Manager Service.
2022-07-12 21:08:53,072 [Listener at 127.0.0.1/33595] INFO  replication.ReplicationManager (ReplicationManager.java:stop(219)) - Stopping Replication Monitor Thread.
2022-07-12 21:08:53,073 [ReplicationMonitor] INFO  replication.ReplicationManager (ReplicationManager.java:run(389)) - Replication Monitor Thread is stopped
2022-07-12 21:08:53,073 [Listener at 127.0.0.1/33595] INFO  server.StorageContainerManager (StorageContainerManager.java:stop(1528)) - Stopping the Datanode Admin Monitor.
2022-07-12 21:08:53,073 [Listener at 127.0.0.1/33595] INFO  server.StorageContainerManager (StorageContainerManager.java:stop(1535)) - Stopping Lease Manager of the command watchers
2022-07-12 21:08:53,073 [Listener at 127.0.0.1/33595] INFO  server.StorageContainerManager (StorageContainerManager.java:stop(1542)) - Stopping datanode service RPC server
2022-07-12 21:08:53,073 [Listener at 127.0.0.1/33595] INFO  server.SCMDatanodeProtocolServer (SCMDatanodeProtocolServer.java:stop(414)) - Stopping the RPC server for DataNodes
2022-07-12 21:08:53,073 [Listener at 127.0.0.1/33595] INFO  ipc.Server (Server.java:stop(3414)) - Stopping server on 33845
2022-07-12 21:08:53,116 [IPC Server listener on 0] INFO  ipc.Server (Server.java:run(1376)) - Stopping IPC Server listener on 0
2022-07-12 21:08:53,162 [IPC Server Responder] INFO  ipc.Server (Server.java:run(1512)) - Stopping IPC Server Responder
2022-07-12 21:08:53,203 [SCM Heartbeat Processing Thread - 0] WARN  node.NodeStateManager (NodeStateManager.java:scheduleNextHealthCheck(870)) - Current Thread is interrupted, shutting down HB processing thread for Node Manager.
2022-07-12 21:08:53,203 [Listener at 127.0.0.1/33595] INFO  server.StorageContainerManager (StorageContainerManager.java:stop(1550)) - Stopping block service RPC server
2022-07-12 21:08:53,203 [Listener at 127.0.0.1/33595] INFO  server.SCMBlockProtocolServer (SCMBlockProtocolServer.java:stop(161)) - Stopping the RPC server for Block Protocol
2022-07-12 21:08:53,203 [Listener at 127.0.0.1/33595] INFO  ipc.Server (Server.java:stop(3414)) - Stopping server on 41613
2022-07-12 21:08:53,217 [IPC Server listener on 0] INFO  ipc.Server (Server.java:run(1376)) - Stopping IPC Server listener on 0
2022-07-12 21:08:53,237 [IPC Server Responder] INFO  ipc.Server (Server.java:run(1512)) - Stopping IPC Server Responder
2022-07-12 21:08:53,237 [Listener at 127.0.0.1/33595] INFO  server.StorageContainerManager (StorageContainerManager.java:stop(1557)) - Stopping the StorageContainerLocationProtocol RPC server
2022-07-12 21:08:53,237 [Listener at 127.0.0.1/33595] INFO  server.SCMClientProtocolServer (SCMClientProtocolServer.java:stop(179)) - Stopping the RPC server for Client Protocol
2022-07-12 21:08:53,238 [Listener at 127.0.0.1/33595] INFO  ipc.Server (Server.java:stop(3414)) - Stopping server on 35583
2022-07-12 21:08:53,244 [IPC Server listener on 0] INFO  ipc.Server (Server.java:run(1376)) - Stopping IPC Server listener on 0
2022-07-12 21:08:53,287 [Listener at 127.0.0.1/33595] INFO  server.StorageContainerManager (StorageContainerManager.java:stop(1564)) - Stopping Storage Container Manager HTTP server.
2022-07-12 21:08:53,288 [Listener at 127.0.0.1/33595] INFO  handler.ContextHandler (ContextHandler.java:doStop(1153)) - Stopped o.e.j.w.WebAppContext@4d7006d3{scm,/,null,STOPPED}{file:/home/runner/work/ozone/ozone/hadoop-ozone/integration-test/target/test-classes/webapps/scm}
2022-07-12 21:08:53,288 [IPC Server Responder] INFO  ipc.Server (Server.java:run(1512)) - Stopping IPC Server Responder
2022-07-12 21:08:53,289 [Listener at 127.0.0.1/33595] INFO  server.AbstractConnector (AbstractConnector.java:doStop(381)) - Stopped ServerConnector@102310f6{HTTP/1.1, (http/1.1)}{0.0.0.0:0}
2022-07-12 21:08:53,289 [Listener at 127.0.0.1/33595] INFO  server.session (HouseKeeper.java:stopScavenging(149)) - node0 Stopped scavenging
2022-07-12 21:08:53,289 [Listener at 127.0.0.1/33595] INFO  handler.ContextHandler (ContextHandler.java:doStop(1153)) - Stopped o.e.j.s.ServletContextHandler@7d236b95{static,/static,file:///home/runner/work/ozone/ozone/hadoop-ozone/integration-test/target/test-classes/webapps/static,STOPPED}
2022-07-12 21:08:53,289 [Listener at 127.0.0.1/33595] INFO  handler.ContextHandler (ContextHandler.java:doStop(1153)) - Stopped o.e.j.s.ServletContextHandler@dbd0afa{logs,/logs,file:///home/runner/work/ozone/ozone/hadoop-ozone/integration-test/target/log,STOPPED}
2022-07-12 21:08:53,299 [Listener at 127.0.0.1/33595] INFO  server.StorageContainerManager (StorageContainerManager.java:stop(1575)) - Stopping Block Manager Service.
2022-07-12 21:08:53,299 [Listener at 127.0.0.1/33595] INFO  utils.BackgroundService (BackgroundService.java:shutdown(132)) - Shutting down service SCMBlockDeletingService
2022-07-12 21:08:53,299 [Listener at 127.0.0.1/33595] INFO  utils.BackgroundService (BackgroundService.java:shutdown(132)) - Shutting down service SCMBlockDeletingService
2022-07-12 21:08:53,301 [Listener at 127.0.0.1/33595] INFO  server.StorageContainerManager (StorageContainerManager.java:stop(1602)) - Stopping SCM Event Queue.
2022-07-12 21:08:53,332 [Listener at 127.0.0.1/33595] INFO  server.StorageContainerManager (StorageContainerManager.java:stop(1613)) - Stopping SCM HA services.
2022-07-12 21:08:53,332 [Listener at 127.0.0.1/33595] INFO  pipeline.BackgroundPipelineCreator (BackgroundPipelineCreator.java:stop(152)) - Stopping RatisPipelineUtilsThread.
2022-07-12 21:08:53,332 [RatisPipelineUtilsThread - 0] WARN  pipeline.BackgroundPipelineCreator (BackgroundPipelineCreator.java:run(179)) - RatisPipelineUtilsThread is interrupted.
2022-07-12 21:08:53,332 [Listener at 127.0.0.1/33595] INFO  BackgroundPipelineScrubber (BackgroundSCMService.java:stop(126)) - Stopping BackgroundPipelineScrubber Service.
2022-07-12 21:08:53,332 [Listener at 127.0.0.1/33595] INFO  server.StorageContainerManager (StorageContainerManager.java:stop(1623)) - Stopping SCM MetadataStore.
2022-07-12 21:08:53,332 [BackgroundPipelineScrubberThread] WARN  BackgroundPipelineScrubber (BackgroundSCMService.java:run(110)) - BackgroundPipelineScrubber is interrupted, exit
2022-07-12 21:08:53,334 [Listener at 127.0.0.1/33595] INFO  impl.MetricsSystemImpl (MetricsSystemImpl.java:stop(210)) - Stopping HddsDatanode metrics system...
2022-07-12 21:08:53,449 [prometheus] INFO  impl.MetricsSinkAdapter (MetricsSinkAdapter.java:publishMetricsFromQueue(141)) - prometheus thread interrupted.
2022-07-12 21:08:53,450 [Listener at 127.0.0.1/33595] INFO  impl.MetricsSystemImpl (MetricsSystemImpl.java:stop(216)) - HddsDatanode metrics system stopped.
2022-07-12 21:08:54,238 [Listener at 127.0.0.1/33595] WARN  server.ServerUtils (ServerUtils.java:getScmDbDir(148)) - ozone.scm.db.dirs is not configured. We recommend adding this setting. Falling back to ozone.metadata.dirs instead.
2022-07-12 21:08:54,265 [Listener at 127.0.0.1/33595] WARN  server.ServerUtils (ServerUtils.java:getScmDbDir(148)) - ozone.scm.db.dirs is not configured. We recommend adding this setting. Falling back to ozone.metadata.dirs instead.
2022-07-12 21:08:54,266 [Listener at 127.0.0.1/33595] INFO  ha.SCMHANodeDetails (SCMHANodeDetails.java:loadSCMHAConfig(209)) - ServiceID for StorageContainerManager is null
2022-07-12 21:08:54,266 [Listener at 127.0.0.1/33595] INFO  ha.SCMHANodeDetails (SCMHANodeDetails.java:loadSCMHAConfig(214)) - ozone.scm.default.service.id is not defined, falling back to ozone.scm.service.ids to find serviceID for StorageContainerManager if it is HA enabled cluster
2022-07-12 21:08:54,267 [Listener at 127.0.0.1/33595] WARN  utils.HAUtils (HAUtils.java:getMetaDir(342)) - ozone.scm.db.dirs is not configured. We recommend adding this setting. Falling back to ozone.metadata.dirs instead.
2022-07-12 21:08:54,268 [Listener at 127.0.0.1/33595] WARN  db.DBStoreBuilder (DBStoreBuilder.java:applyDBDefinition(145)) - ozone.scm.db.dirs is not configured. We recommend adding this setting. Falling back to ozone.metadata.dirs instead.
2022-07-12 21:08:54,876 [Listener at 127.0.0.1/33595] INFO  net.NodeSchemaLoader (NodeSchemaLoader.java:loadSchemaFromFile(129)) - Loading schema from [jar:file:/home/runner/.m2/repository/org/apache/ozone/hdds-common/1.3.0-SNAPSHOT/hdds-common-1.3.0-SNAPSHOT.jar!/network-topology-default.xml]
2022-07-12 21:08:54,876 [Listener at 127.0.0.1/33595] INFO  net.NodeSchemaLoader (NodeSchemaLoader.java:loadSchema(176)) - Loading network topology layer schema file
2022-07-12 21:08:54,886 [Listener at 127.0.0.1/33595] INFO  upgrade.AbstractLayoutVersionManager (AbstractLayoutVersionManager.java:init(82)) - Initializing Layout version manager with metadata layout = DATANODE_SCHEMA_V3 (version = 4), software layout = DATANODE_SCHEMA_V3 (version = 4)
2022-07-12 21:08:55,012 [Listener at 127.0.0.1/33595] INFO  reflections.Reflections (Reflections.java:scan(232)) - Reflections took 125 ms to scan 7 urls, producing 132 keys and 317 values 
2022-07-12 21:08:55,014 [Listener at 127.0.0.1/33595] INFO  ha.SequenceIdGenerator (SequenceIdGenerator.java:upgradeToSequenceId(349)) - upgrade localId to 109611004723200000
2022-07-12 21:08:55,014 [Listener at 127.0.0.1/33595] INFO  ha.SequenceIdGenerator (SequenceIdGenerator.java:upgradeToSequenceId(359)) - upgrade delTxnId to 0
2022-07-12 21:08:55,014 [Listener at 127.0.0.1/33595] INFO  ha.SequenceIdGenerator (SequenceIdGenerator.java:upgradeToSequenceId(376)) - upgrade containerId to 0
2022-07-12 21:08:55,014 [Listener at 127.0.0.1/33595] INFO  ha.SequenceIdGenerator (SequenceIdGenerator.java:<init>(220)) - Init the HA SequenceIdGenerator.
2022-07-12 21:08:55,015 [Listener at 127.0.0.1/33595] WARN  server.ServerUtils (ServerUtils.java:sanitizeUserArgs(73)) - ozone.scm.stale.node.interval value = 300000 is larger than max = 100000 based on the key value of ozone.scm.heartbeat.thread.interval, reset to the max value 100000.
2022-07-12 21:08:55,015 [Listener at 127.0.0.1/33595] WARN  server.ServerUtils (ServerUtils.java:sanitizeUserArgs(73)) - ozone.scm.stale.node.interval value = 300000 is larger than max = 100000 based on the key value of ozone.scm.heartbeat.thread.interval, reset to the max value 100000.
2022-07-12 21:08:55,015 [Listener at 127.0.0.1/33595] INFO  node.SCMNodeManager (SCMNodeManager.java:<init>(149)) - Entering startup safe mode.
2022-07-12 21:08:55,016 [Listener at 127.0.0.1/33595] INFO  algorithms.ContainerPlacementPolicyFactory (ContainerPlacementPolicyFactory.java:getPolicyInternal(86)) - Create container placement policy of type org.apache.hadoop.hdds.scm.container.placement.algorithms.SCMContainerPlacementRandom
2022-07-12 21:08:55,017 [Listener at 127.0.0.1/33595] INFO  pipeline.PipelineStateManagerImpl (PipelineStateManagerImpl.java:initialize(78)) - No pipeline exists in current db
2022-07-12 21:08:55,017 [Listener at 127.0.0.1/33595] INFO  algorithms.LeaderChoosePolicyFactory (LeaderChoosePolicyFactory.java:getPolicy(57)) - Create leader choose policy of type org.apache.hadoop.hdds.scm.pipeline.leader.choose.algorithms.MinLeaderCountChoosePolicy
2022-07-12 21:08:55,017 [Listener at 127.0.0.1/33595] INFO  algorithms.ContainerPlacementPolicyFactory (ContainerPlacementPolicyFactory.java:getPolicyInternal(86)) - Create container placement policy of type org.apache.hadoop.hdds.scm.container.placement.algorithms.SCMContainerPlacementRackScatter
2022-07-12 21:08:55,018 [Listener at 127.0.0.1/33595] INFO  pipeline.BackgroundPipelineCreator (BackgroundPipelineCreator.java:start(127)) - Starting RatisPipelineUtilsThread.
2022-07-12 21:08:55,018 [Listener at 127.0.0.1/33595] INFO  BackgroundPipelineScrubber (BackgroundSCMService.java:start(68)) - Starting BackgroundPipelineScrubber Service.
2022-07-12 21:08:55,018 [Listener at 127.0.0.1/33595] INFO  ha.SCMServiceManager (SCMServiceManager.java:register(42)) - Registering service BackgroundPipelineCreator.
2022-07-12 21:08:55,018 [Listener at 127.0.0.1/33595] INFO  ha.SCMServiceManager (SCMServiceManager.java:register(42)) - Registering service BackgroundPipelineScrubber.
2022-07-12 21:08:55,018 [Listener at 127.0.0.1/33595] INFO  ExpiredContainerReplicaOpScrubber (BackgroundSCMService.java:start(68)) - Starting ExpiredContainerReplicaOpScrubber Service.
2022-07-12 21:08:55,019 [Listener at 127.0.0.1/33595] INFO  ha.SCMServiceManager (SCMServiceManager.java:register(42)) - Registering service ExpiredContainerReplicaOpScrubber.
2022-07-12 21:08:55,019 [Listener at 127.0.0.1/33595] INFO  algorithms.PipelineChoosePolicyFactory (PipelineChoosePolicyFactory.java:createPipelineChoosePolicyFromClass(73)) - Create pipeline choose policy of type org.apache.hadoop.hdds.scm.pipeline.choose.algorithms.RandomPipelineChoosePolicy
2022-07-12 21:08:55,020 [Listener at 127.0.0.1/33595] INFO  ha.SCMServiceManager (SCMServiceManager.java:register(42)) - Registering service SCMBlockDeletingService.
2022-07-12 21:08:55,020 [Listener at 127.0.0.1/33595] INFO  replication.ReplicationManager (ReplicationManager.java:start(186)) - Starting Replication Monitor Thread.
2022-07-12 21:08:55,067 [Listener at 127.0.0.1/33595] INFO  ha.SCMServiceManager (SCMServiceManager.java:register(42)) - Registering service ReplicationManager.
2022-07-12 21:08:55,067 [Listener at 127.0.0.1/33595] INFO  safemode.ContainerSafeModeRule (ContainerSafeModeRule.java:<init>(89)) - containers with one replica threshold count 0
2022-07-12 21:08:55,067 [Listener at 127.0.0.1/33595] INFO  safemode.HealthyPipelineSafeModeRule (HealthyPipelineSafeModeRule.java:initializeRule(156)) - Total pipeline count is 0, healthy pipeline threshold count is 1
2022-07-12 21:08:55,068 [Listener at 127.0.0.1/33595] INFO  safemode.OneReplicaPipelineSafeModeRule (OneReplicaPipelineSafeModeRule.java:initializeRule(180)) - Total pipeline count is 0, pipeline's with at least one datanode reported threshold count is 0
2022-07-12 21:08:55,108 [ReplicationMonitor] INFO  replication.ReplicationManager (ReplicationManager.java:processAll(235)) - Replication Manager is not ready to run until 3000ms after safemode exit
2022-07-12 21:08:55,113 [Listener at 127.0.0.1/33595] INFO  ipc.CallQueueManager (CallQueueManager.java:<init>(90)) - Using callQueue: class java.util.concurrent.LinkedBlockingQueue, queueCapacity: 2000, scheduler: class org.apache.hadoop.ipc.DefaultRpcScheduler, ipcBackoff: false.
2022-07-12 21:08:55,122 [Socket Reader #1 for port 0] INFO  ipc.Server (Server.java:run(1265)) - Starting Socket Reader #1 for port 0
2022-07-12 21:08:55,123 [Listener at 0.0.0.0/43199] INFO  ipc.CallQueueManager (CallQueueManager.java:<init>(90)) - Using callQueue: class java.util.concurrent.LinkedBlockingQueue, queueCapacity: 2000, scheduler: class org.apache.hadoop.ipc.DefaultRpcScheduler, ipcBackoff: false.
2022-07-12 21:08:55,129 [Socket Reader #1 for port 0] INFO  ipc.Server (Server.java:run(1265)) - Starting Socket Reader #1 for port 0
2022-07-12 21:08:55,130 [Listener at 0.0.0.0/46379] INFO  ipc.CallQueueManager (CallQueueManager.java:<init>(90)) - Using callQueue: class java.util.concurrent.LinkedBlockingQueue, queueCapacity: 2000, scheduler: class org.apache.hadoop.ipc.DefaultRpcScheduler, ipcBackoff: false.
2022-07-12 21:08:55,131 [Socket Reader #1 for port 0] INFO  ipc.Server (Server.java:run(1265)) - Starting Socket Reader #1 for port 0
2022-07-12 21:08:55,215 [Listener at 0.0.0.0/33311] INFO  ha.SCMServiceManager (SCMServiceManager.java:register(42)) - Registering service ContainerBalancer.
2022-07-12 21:08:55,215 [Listener at 0.0.0.0/33311] INFO  server.StorageContainerManager (StorageContainerManager.java:<init>(401)) - 
Container Balancer status:
Key                            Value
Running                        false
Container Balancer Configuration values:
Key                                                Value
Threshold                                          10
Max Datanodes to Involve per Iteration(percent)    20
Max Size to Move per Iteration                     500GB
Max Size Entering Target per Iteration             26GB
Max Size Leaving Source per Iteration              26GB

2022-07-12 21:08:55,215 [Listener at 0.0.0.0/33311] WARN  events.EventQueue (EventQueue.java:fireEvent(216)) - No event handler registered for event TypedEvent{payloadType=SafeModeStatus, name='Safe mode status'}
2022-07-12 21:08:55,215 [Listener at 0.0.0.0/33311] INFO  ha.SCMContext (SCMContext.java:updateSafeModeStatus(228)) - Update SafeModeStatus from SafeModeStatus{safeModeStatus=true, preCheckPassed=false} to SafeModeStatus{safeModeStatus=true, preCheckPassed=false}.
2022-07-12 21:08:55,216 [Listener at 0.0.0.0/33311] INFO  server.StorageContainerManager (StorageContainerManager.java:start(1422)) - StorageContainerLocationProtocol RPC server is listening at /0.0.0.0:33311
2022-07-12 21:08:55,218 [Listener at 0.0.0.0/33311] WARN  impl.MetricsConfig (MetricsConfig.java:loadFirst(136)) - Cannot locate configuration: tried hadoop-metrics2-storagecontainermanager.properties,hadoop-metrics2.properties
2022-07-12 21:08:55,218 [Listener at 0.0.0.0/33311] INFO  impl.MetricsSystemImpl (MetricsSystemImpl.java:startTimer(378)) - Scheduled Metric snapshot period at 10 second(s).
2022-07-12 21:08:55,219 [Listener at 0.0.0.0/33311] INFO  impl.MetricsSystemImpl (MetricsSystemImpl.java:start(191)) - StorageContainerManager metrics system started
2022-07-12 21:08:55,243 [Listener at 0.0.0.0/33311] INFO  impl.MetricsSinkAdapter (MetricsSinkAdapter.java:start(204)) - Sink prometheus started
2022-07-12 21:08:55,243 [Listener at 0.0.0.0/33311] INFO  impl.MetricsSystemImpl (MetricsSystemImpl.java:registerSink(305)) - Registered sink prometheus
2022-07-12 21:08:55,326 [Listener at 0.0.0.0/33311] INFO  server.SCMClientProtocolServer (SCMClientProtocolServer.java:start(170)) - RPC server for Client  is listening at /0.0.0.0:33311
2022-07-12 21:08:55,326 [IPC Server Responder] INFO  ipc.Server (Server.java:run(1507)) - IPC Server Responder: starting
2022-07-12 21:08:55,379 [IPC Server listener on 0] INFO  ipc.Server (Server.java:run(1344)) - IPC Server listener on 0: starting
2022-07-12 21:08:55,454 [Listener at 0.0.0.0/33311] INFO  server.StorageContainerManager (StorageContainerManager.java:start(1437)) - ScmBlockLocationProtocol RPC server is listening at /0.0.0.0:46379
2022-07-12 21:08:55,455 [Listener at 0.0.0.0/33311] INFO  server.SCMBlockProtocolServer (SCMBlockProtocolServer.java:start(152)) - RPC server for Block Protocol is listening at /0.0.0.0:46379
2022-07-12 21:08:55,455 [IPC Server Responder] INFO  ipc.Server (Server.java:run(1507)) - IPC Server Responder: starting
2022-07-12 21:08:55,455 [IPC Server listener on 0] INFO  ipc.Server (Server.java:run(1344)) - IPC Server listener on 0: starting
2022-07-12 21:08:55,511 [Listener at 0.0.0.0/33311] INFO  server.SCMDatanodeProtocolServer (SCMDatanodeProtocolServer.java:start(186)) - ScmDatanodeProtocol RPC server for DataNodes is listening at /0.0.0.0:43199
2022-07-12 21:08:55,519 [IPC Server listener on 0] INFO  ipc.Server (Server.java:run(1344)) - IPC Server listener on 0: starting
2022-07-12 21:08:55,584 [org.apache.hadoop.util.JvmPauseMonitor$Monitor@2ee7db1d] INFO  util.JvmPauseMonitor (JvmPauseMonitor.java:run(188)) - Starting JVM pause monitor
2022-07-12 21:08:55,584 [Listener at 0.0.0.0/33311] INFO  http.BaseHttpServer (BaseHttpServer.java:newHttpServer2BuilderForOzone(209)) - Starting Web-server for scm at: http://0.0.0.0:0
2022-07-12 21:08:55,584 [Listener at 0.0.0.0/33311] INFO  http.BaseHttpServer (BaseHttpServer.java:<init>(107)) - Hadoop Security Enabled: false Ozone Security Enabled: false Ozone HTTP Security Enabled: false 
2022-07-12 21:08:55,585 [Listener at 0.0.0.0/33311] INFO  server.AuthenticationFilter (AuthenticationFilter.java:constructSecretProvider(240)) - Unable to initialize FileSignerSecretProvider, falling back to use random secrets.
2022-07-12 21:08:55,586 [IPC Server Responder] INFO  ipc.Server (Server.java:run(1507)) - IPC Server Responder: starting
2022-07-12 21:08:55,586 [Listener at 0.0.0.0/33311] WARN  http.HttpRequestLog (HttpRequestLog.java:getRequestLog(103)) - Jetty request log can only be enabled using Log4j
2022-07-12 21:08:55,594 [Listener at 0.0.0.0/33311] INFO  http.HttpServer2 (HttpServer2.java:addGlobalFilter(1029)) - Added global filter 'safety' (class=org.apache.hadoop.hdds.server.http.HttpServer2$QuotingInputFilter)
2022-07-12 21:08:55,595 [Listener at 0.0.0.0/33311] INFO  http.HttpServer2 (HttpServer2.java:addFilter(1005)) - Added filter static_user_filter (class=org.apache.hadoop.http.lib.StaticUserWebFilter$StaticUserFilter) to context scm
2022-07-12 21:08:55,595 [Listener at 0.0.0.0/33311] INFO  http.HttpServer2 (HttpServer2.java:addFilter(1013)) - Added filter static_user_filter (class=org.apache.hadoop.http.lib.StaticUserWebFilter$StaticUserFilter) to context static
2022-07-12 21:08:55,595 [Listener at 0.0.0.0/33311] INFO  http.HttpServer2 (HttpServer2.java:addFilter(1013)) - Added filter static_user_filter (class=org.apache.hadoop.http.lib.StaticUserWebFilter$StaticUserFilter) to context logs
2022-07-12 21:08:55,636 [Listener at 0.0.0.0/33311] INFO  http.HttpServer2 (HttpServer2.java:bindListener(1248)) - Jetty bound to port 43947
2022-07-12 21:08:55,636 [Listener at 0.0.0.0/33311] INFO  server.Server (Server.java:doStart(375)) - jetty-9.4.43.v20210629; built: 2021-06-30T11:07:22.254Z; git: 526006ecfa3af7f1a27ef3a288e2bef7ea9dd7e8; jvm 1.8.0_332-b09
2022-07-12 21:08:55,680 [Listener at 0.0.0.0/33311] INFO  server.session (DefaultSessionIdManager.java:doStart(334)) - DefaultSessionIdManager workerName=node0
2022-07-12 21:08:55,680 [Listener at 0.0.0.0/33311] INFO  server.session (DefaultSessionIdManager.java:doStart(339)) - No SessionScavenger set, using defaults
2022-07-12 21:08:55,681 [Listener at 0.0.0.0/33311] INFO  server.session (HouseKeeper.java:startScavenging(132)) - node0 Scavenging every 660000ms
2022-07-12 21:08:55,681 [Listener at 0.0.0.0/33311] INFO  handler.ContextHandler (ContextHandler.java:doStart(915)) - Started o.e.j.s.ServletContextHandler@3a83e9bf{logs,/logs,file:///home/runner/work/ozone/ozone/hadoop-ozone/integration-test/target/log,AVAILABLE}
2022-07-12 21:08:55,682 [Listener at 0.0.0.0/33311] INFO  handler.ContextHandler (ContextHandler.java:doStart(915)) - Started o.e.j.s.ServletContextHandler@6608579e{static,/static,file:///home/runner/work/ozone/ozone/hadoop-ozone/integration-test/target/test-classes/webapps/static,AVAILABLE}
2022-07-12 21:08:55,716 [Listener at 0.0.0.0/33311] INFO  handler.ContextHandler (ContextHandler.java:doStart(915)) - Started o.e.j.w.WebAppContext@59ad83bd{scm,/,file:///home/runner/work/ozone/ozone/hadoop-ozone/integration-test/target/test-classes/webapps/scm/,AVAILABLE}{file:/home/runner/work/ozone/ozone/hadoop-ozone/integration-test/target/test-classes/webapps/scm}
2022-07-12 21:08:55,719 [Listener at 0.0.0.0/33311] INFO  server.AbstractConnector (AbstractConnector.java:doStart(331)) - Started ServerConnector@258c4e49{HTTP/1.1, (http/1.1)}{0.0.0.0:43947}
2022-07-12 21:08:55,719 [Listener at 0.0.0.0/33311] INFO  server.Server (Server.java:doStart(415)) - Started @315463ms
2022-07-12 21:08:55,719 [Listener at 0.0.0.0/33311] WARN  impl.MetricsSystemImpl (MetricsSystemImpl.java:register(279)) - Sink prometheus already exists!
2022-07-12 21:08:55,720 [Listener at 0.0.0.0/33311] INFO  http.BaseHttpServer (BaseHttpServer.java:updateConnectorAddress(329)) - HTTP server of scm listening at http://0.0.0.0:43947
2022-07-12 21:08:55,720 [Listener at 0.0.0.0/33311] WARN  server.ServerUtils (ServerUtils.java:getDBPath(225)) - ozone.om.db.dirs is not configured. We recommend adding this setting. Falling back to ozone.metadata.dirs instead.
2022-07-12 21:08:55,723 [Listener at 0.0.0.0/33311] INFO  ha.OMHANodeDetails (OMHANodeDetails.java:loadOMHAConfig(115)) - ozone.om.internal.service.id is not defined, falling back to ozone.om.service.ids to find serviceID for OzoneManager if it is HA enabled cluster
2022-07-12 21:08:55,723 [Listener at 0.0.0.0/33311] INFO  ha.OMHANodeDetails (OMHANodeDetails.java:loadOMHAConfig(226)) - Configuration does not have ozone.om.address set. Falling back to the default OM address /127.0.0.1:0
2022-07-12 21:08:55,723 [Listener at 0.0.0.0/33311] INFO  ha.OMHANodeDetails (OMHANodeDetails.java:getOMNodeDetailsForNonHA(254)) - OM Service ID is not set. Setting it to the default ID: omServiceIdDefault
2022-07-12 21:08:55,723 [Listener at 0.0.0.0/33311] INFO  ha.OMHANodeDetails (OMHANodeDetails.java:getOMNodeDetailsForNonHA(261)) - OM Node ID is not set. Setting it to the default ID: om1
2022-07-12 21:08:55,723 [Listener at 0.0.0.0/33311] WARN  server.ServerUtils (ServerUtils.java:getDBPath(225)) - ozone.om.db.dirs is not configured. We recommend adding this setting. Falling back to ozone.metadata.dirs instead.
2022-07-12 21:08:55,724 [Listener at 0.0.0.0/33311] INFO  upgrade.AbstractLayoutVersionManager (AbstractLayoutVersionManager.java:init(82)) - Initializing Layout version manager with metadata layout = MULTITENANCY_SCHEMA (version = 3), software layout = MULTITENANCY_SCHEMA (version = 3)
2022-07-12 21:08:56,087 [Listener at 0.0.0.0/33311] INFO  reflections.Reflections (Reflections.java:scan(232)) - Reflections took 362 ms to scan 2 urls, producing 153 keys and 430 values [using 2 cores]
2022-07-12 21:08:56,088 [Listener at 0.0.0.0/33311] INFO  upgrade.OMLayoutVersionManager (OMLayoutVersionManager.java:lambda$0(115)) - Skipping Upgrade Action MockOmUpgradeAction since it has been finalized.
2022-07-12 21:08:56,088 [Listener at 0.0.0.0/33311] WARN  server.ServerUtils (ServerUtils.java:getDBPath(225)) - ozone.om.db.dirs is not configured. We recommend adding this setting. Falling back to ozone.metadata.dirs instead.
2022-07-12 21:08:56,089 [Listener at 0.0.0.0/33311] INFO  proxy.SCMBlockLocationFailoverProxyProvider (SCMBlockLocationFailoverProxyProvider.java:<init>(114)) - Created block location fail-over proxy with 1 nodes: [nodeId=scmNodeId,nodeAddress=/0.0.0.0:46379]
2022-07-12 21:08:56,091 [Listener at 0.0.0.0/33311] INFO  proxy.SCMBlockLocationFailoverProxyProvider (SCMBlockLocationFailoverProxyProvider.java:<init>(114)) - Created block location fail-over proxy with 1 nodes: [nodeId=scmNodeId,nodeAddress=/0.0.0.0:46379]
2022-07-12 21:08:56,181 [Listener at 0.0.0.0/33311] WARN  server.ServerUtils (ServerUtils.java:getDBPath(225)) - ozone.om.db.dirs is not configured. We recommend adding this setting. Falling back to ozone.metadata.dirs instead.
2022-07-12 21:08:56,181 [Listener at 0.0.0.0/33311] INFO  codec.OmKeyInfoCodec (OmKeyInfoCodec.java:<init>(49)) - OmKeyInfoCodec ignorePipeline = true
2022-07-12 21:08:56,181 [Listener at 0.0.0.0/33311] INFO  codec.RepeatedOmKeyInfoCodec (RepeatedOmKeyInfoCodec.java:<init>(41)) - RepeatedOmKeyInfoCodec ignorePipeline = true
2022-07-12 21:08:56,988 [Listener at 0.0.0.0/33311] INFO  om.OzoneManager (OzoneManager.java:instantiateServices(692)) - S3 Multi-Tenancy is disabled
2022-07-12 21:08:57,139 [Listener at 0.0.0.0/33311] INFO  om.OzoneManager (OzoneManager.java:addS3GVolumeToDB(4259)) - Created Volume s3v With Owner runner required for S3Gateway operations.
2022-07-12 21:08:57,140 [Listener at 0.0.0.0/33311] INFO  om.OzoneManager (OzoneManager.java:getRpcServer(1081)) - Creating RPC Server
2022-07-12 21:08:58,543 [Listener at 0.0.0.0/33311] INFO  reflections.Reflections (Reflections.java:scan(232)) - Reflections took 1395 ms to scan 19 urls, producing 66 keys and 4100 values [using 2 cores]
2022-07-12 21:08:58,545 [Listener at 0.0.0.0/33311] INFO  ipc.CallQueueManager (CallQueueManager.java:<init>(90)) - Using callQueue: class java.util.concurrent.LinkedBlockingQueue, queueCapacity: 2000, scheduler: class org.apache.hadoop.ipc.DefaultRpcScheduler, ipcBackoff: false.
2022-07-12 21:08:58,574 [Socket Reader #1 for port 0] INFO  ipc.Server (Server.java:run(1265)) - Starting Socket Reader #1 for port 0
2022-07-12 21:08:58,708 [Listener at 127.0.0.1/32899] INFO  impl.MetricsSystemImpl (MetricsSystemImpl.java:init(158)) - OzoneManager metrics system started (again)
2022-07-12 21:08:58,827 [Listener at 127.0.0.1/32899] INFO  om.OzoneManager (OzoneManager.java:start(1465)) - OzoneManager RPC server is listening at localhost/127.0.0.1:32899
2022-07-12 21:08:58,840 [Listener at 127.0.0.1/32899] INFO  om.OzoneManager (OzoneManager.java:start(1481)) - Version File has different layout version (3) than OM DB (null). That is expected if this OM has never been finalized to a newer layout version.
2022-07-12 21:08:58,947 [Listener at 127.0.0.1/32899] INFO  http.BaseHttpServer (BaseHttpServer.java:newHttpServer2BuilderForOzone(209)) - Starting Web-server for ozoneManager at: http://0.0.0.0:0
2022-07-12 21:08:58,947 [Listener at 127.0.0.1/32899] INFO  http.BaseHttpServer (BaseHttpServer.java:<init>(107)) - Hadoop Security Enabled: false Ozone Security Enabled: false Ozone HTTP Security Enabled: false 
2022-07-12 21:08:58,949 [Listener at 127.0.0.1/32899] INFO  server.AuthenticationFilter (AuthenticationFilter.java:constructSecretProvider(240)) - Unable to initialize FileSignerSecretProvider, falling back to use random secrets.
2022-07-12 21:08:58,961 [Listener at 127.0.0.1/32899] WARN  http.HttpRequestLog (HttpRequestLog.java:getRequestLog(103)) - Jetty request log can only be enabled using Log4j
2022-07-12 21:08:58,962 [Listener at 127.0.0.1/32899] INFO  http.HttpServer2 (HttpServer2.java:addGlobalFilter(1029)) - Added global filter 'safety' (class=org.apache.hadoop.hdds.server.http.HttpServer2$QuotingInputFilter)
2022-07-12 21:08:58,963 [Listener at 127.0.0.1/32899] INFO  http.HttpServer2 (HttpServer2.java:addFilter(1005)) - Added filter static_user_filter (class=org.apache.hadoop.http.lib.StaticUserWebFilter$StaticUserFilter) to context ozoneManager
2022-07-12 21:08:58,963 [Listener at 127.0.0.1/32899] INFO  http.HttpServer2 (HttpServer2.java:addFilter(1013)) - Added filter static_user_filter (class=org.apache.hadoop.http.lib.StaticUserWebFilter$StaticUserFilter) to context logs
2022-07-12 21:08:58,963 [Listener at 127.0.0.1/32899] INFO  http.HttpServer2 (HttpServer2.java:addFilter(1013)) - Added filter static_user_filter (class=org.apache.hadoop.http.lib.StaticUserWebFilter$StaticUserFilter) to context static
2022-07-12 21:08:58,964 [Listener at 127.0.0.1/32899] INFO  http.HttpServer2 (HttpServer2.java:bindListener(1248)) - Jetty bound to port 34889
2022-07-12 21:08:58,964 [Listener at 127.0.0.1/32899] INFO  server.Server (Server.java:doStart(375)) - jetty-9.4.43.v20210629; built: 2021-06-30T11:07:22.254Z; git: 526006ecfa3af7f1a27ef3a288e2bef7ea9dd7e8; jvm 1.8.0_332-b09
2022-07-12 21:08:59,128 [Listener at 127.0.0.1/32899] INFO  server.session (DefaultSessionIdManager.java:doStart(334)) - DefaultSessionIdManager workerName=node0
2022-07-12 21:08:59,128 [Listener at 127.0.0.1/32899] INFO  server.session (DefaultSessionIdManager.java:doStart(339)) - No SessionScavenger set, using defaults
2022-07-12 21:08:59,128 [Listener at 127.0.0.1/32899] INFO  server.session (HouseKeeper.java:startScavenging(132)) - node0 Scavenging every 660000ms
2022-07-12 21:08:59,176 [Listener at 127.0.0.1/32899] INFO  handler.ContextHandler (ContextHandler.java:doStart(915)) - Started o.e.j.s.ServletContextHandler@2d1b4ffe{logs,/logs,file:///home/runner/work/ozone/ozone/hadoop-ozone/integration-test/target/log,AVAILABLE}
2022-07-12 21:08:59,176 [Listener at 127.0.0.1/32899] INFO  handler.ContextHandler (ContextHandler.java:doStart(915)) - Started o.e.j.s.ServletContextHandler@34a8facf{static,/static,file:///home/runner/work/ozone/ozone/hadoop-ozone/integration-test/target/test-classes/webapps/static,AVAILABLE}
2022-07-12 21:08:59,193 [Listener at 127.0.0.1/32899] INFO  handler.ContextHandler (ContextHandler.java:doStart(915)) - Started o.e.j.w.WebAppContext@adecb40{ozoneManager,/,file:///home/runner/work/ozone/ozone/hadoop-ozone/integration-test/target/test-classes/webapps/ozoneManager/,AVAILABLE}{file:/home/runner/work/ozone/ozone/hadoop-ozone/integration-test/target/test-classes/webapps/ozoneManager}
2022-07-12 21:08:59,234 [Listener at 127.0.0.1/32899] INFO  server.AbstractConnector (AbstractConnector.java:doStart(331)) - Started ServerConnector@605f745e{HTTP/1.1, (http/1.1)}{0.0.0.0:34889}
2022-07-12 21:08:59,234 [Listener at 127.0.0.1/32899] INFO  server.Server (Server.java:doStart(415)) - Started @318977ms
2022-07-12 21:08:59,234 [Listener at 127.0.0.1/32899] WARN  impl.MetricsSystemImpl (MetricsSystemImpl.java:register(279)) - Sink prometheus already exists!
2022-07-12 21:08:59,247 [Listener at 127.0.0.1/32899] INFO  http.BaseHttpServer (BaseHttpServer.java:updateConnectorAddress(329)) - HTTP server of ozoneManager listening at http://0.0.0.0:34889
2022-07-12 21:08:59,248 [IPC Server Responder] INFO  ipc.Server (Server.java:run(1507)) - IPC Server Responder: starting
2022-07-12 21:08:59,249 [IPC Server listener on 0] INFO  ipc.Server (Server.java:run(1344)) - IPC Server listener on 0: starting
2022-07-12 21:08:59,251 [Listener at 127.0.0.1/32899] INFO  om.TrashPolicyOzone (TrashPolicyOzone.java:<init>(178)) - Ozone Manager trash configuration: Deletion interval = 0 minutes, Emptier interval = 0 minutes.
2022-07-12 21:08:59,288 [org.apache.hadoop.util.JvmPauseMonitor$Monitor@7cf58b08] INFO  util.JvmPauseMonitor (JvmPauseMonitor.java:run(188)) - Starting JVM pause monitor
2022-07-12 21:08:59,352 [Listener at 127.0.0.1/32899] INFO  impl.MetricsSystemImpl (MetricsSystemImpl.java:init(158)) - HddsDatanode metrics system started (again)
2022-07-12 21:08:59,409 [Listener at 127.0.0.1/32899] INFO  ozone.HddsDatanodeService (HddsDatanodeService.java:start(236)) - HddsDatanodeService host:fv-az452-57.ku3lqr0aiaqu5kfj3xdpchcrvd.dx.internal.cloudapp.net ip:10.1.0.20
2022-07-12 21:08:59,458 [Listener at 127.0.0.1/32899] INFO  upgrade.AbstractLayoutVersionManager (AbstractLayoutVersionManager.java:init(82)) - Initializing Layout version manager with metadata layout = DATANODE_SCHEMA_V3 (version = 4), software layout = DATANODE_SCHEMA_V3 (version = 4)
2022-07-12 21:08:59,581 [Listener at 127.0.0.1/32899] INFO  reflections.Reflections (Reflections.java:scan(232)) - Reflections took 121 ms to scan 7 urls, producing 132 keys and 317 values 
2022-07-12 21:08:59,582 [Listener at 127.0.0.1/32899] INFO  statemachine.DatanodeStateMachine (DatanodeStateMachine.java:getEndPointTaskThreadPoolSize(237)) - Datanode State Machine Task Thread Pool size 2
2022-07-12 21:08:59,600 [Listener at 127.0.0.1/32899] INFO  volume.HddsVolume (HddsVolume.java:<init>(116)) - Creating HddsVolume: /home/runner/work/ozone/ozone/hadoop-ozone/integration-test/target/test-dir/MiniOzoneClusterImpl-97a7afd9-f57e-4952-bd34-49a096582c21/datanode-0/data-0/containers/hdds of storage type : DISK capacity : 9223372036854775807
2022-07-12 21:08:59,600 [Listener at 127.0.0.1/32899] INFO  volume.MutableVolumeSet (MutableVolumeSet.java:initializeVolumeSet(174)) - Added Volume : /home/runner/work/ozone/ozone/hadoop-ozone/integration-test/target/test-dir/MiniOzoneClusterImpl-97a7afd9-f57e-4952-bd34-49a096582c21/datanode-0/data-0/containers/hdds to VolumeSet
2022-07-12 21:08:59,601 [Listener at 127.0.0.1/32899] INFO  volume.ThrottledAsyncChecker (ThrottledAsyncChecker.java:schedule(141)) - Scheduling a check for /home/runner/work/ozone/ozone/hadoop-ozone/integration-test/target/test-dir/MiniOzoneClusterImpl-97a7afd9-f57e-4952-bd34-49a096582c21/datanode-0/data-0/containers/hdds
2022-07-12 21:08:59,601 [Listener at 127.0.0.1/32899] INFO  volume.StorageVolumeChecker (StorageVolumeChecker.java:checkAllVolumes(202)) - Scheduled health check for volume /home/runner/work/ozone/ozone/hadoop-ozone/integration-test/target/test-dir/MiniOzoneClusterImpl-97a7afd9-f57e-4952-bd34-49a096582c21/datanode-0/data-0/containers/hdds
2022-07-12 21:08:59,657 [Listener at 127.0.0.1/32899] INFO  volume.MutableVolumeSet (MutableVolumeSet.java:initializeVolumeSet(174)) - Added Volume : /home/runner/work/ozone/ozone/hadoop-ozone/integration-test/target/test-dir/MiniOzoneClusterImpl-97a7afd9-f57e-4952-bd34-49a096582c21/datanode-0/data/ratis to VolumeSet
2022-07-12 21:08:59,657 [Listener at 127.0.0.1/32899] INFO  volume.ThrottledAsyncChecker (ThrottledAsyncChecker.java:schedule(141)) - Scheduling a check for /home/runner/work/ozone/ozone/hadoop-ozone/integration-test/target/test-dir/MiniOzoneClusterImpl-97a7afd9-f57e-4952-bd34-49a096582c21/datanode-0/data/ratis
2022-07-12 21:08:59,701 [Listener at 127.0.0.1/32899] INFO  volume.StorageVolumeChecker (StorageVolumeChecker.java:checkAllVolumes(202)) - Scheduled health check for volume /home/runner/work/ozone/ozone/hadoop-ozone/integration-test/target/test-dir/MiniOzoneClusterImpl-97a7afd9-f57e-4952-bd34-49a096582c21/datanode-0/data/ratis
2022-07-12 21:08:59,775 [Thread-2161] INFO  ozoneimpl.ContainerReader (ContainerReader.java:readVolume(175)) - Finish verifying containers on volume /home/runner/work/ozone/ozone/hadoop-ozone/integration-test/target/test-dir/MiniOzoneClusterImpl-97a7afd9-f57e-4952-bd34-49a096582c21/datanode-0/data-0/containers/hdds
2022-07-12 21:08:59,776 [Listener at 127.0.0.1/32899] INFO  ozoneimpl.OzoneContainer (OzoneContainer.java:buildContainerSet(266)) - Build ContainerSet costs 0s
2022-07-12 21:08:59,777 [Listener at 127.0.0.1/32899] INFO  server.RaftServer (ConfUtils.java:logGet(46)) - raft.rpc.type = GRPC (default)
2022-07-12 21:08:59,778 [Listener at 127.0.0.1/32899] INFO  grpc.GrpcFactory (GrpcFactory.java:checkPooledByteBufAllocatorUseCacheForAllThreads(48)) - PERFORMANCE WARNING: useCacheForAllThreads is true that may cause Netty to create a lot garbage objects and, as a result, trigger GC.
	It is recommended to disable useCacheForAllThreads by setting -Dorg.apache.ratis.thirdparty.io.netty.allocator.useCacheForAllThreads=false in command line.
2022-07-12 21:08:59,778 [Listener at 127.0.0.1/32899] INFO  grpc.GrpcConfigKeys (ConfUtils.java:logGet(46)) - raft.grpc.admin.port = 0 (custom)
2022-07-12 21:08:59,778 [Listener at 127.0.0.1/32899] INFO  grpc.GrpcConfigKeys (ConfUtils.java:logGet(46)) - raft.grpc.client.port = 0 (custom)
2022-07-12 21:08:59,778 [Listener at 127.0.0.1/32899] INFO  grpc.GrpcConfigKeys (ConfUtils.java:logGet(46)) - raft.grpc.server.port = 0 (default)
2022-07-12 21:08:59,778 [Listener at 127.0.0.1/32899] INFO  server.GrpcService (ConfUtils.java:logGet(46)) - raft.grpc.message.size.max = 32MB (=33554432) (custom)
2022-07-12 21:08:59,778 [Listener at 127.0.0.1/32899] INFO  server.RaftServerConfigKeys (ConfUtils.java:logGet(46)) - raft.server.log.appender.buffer.byte-limit = 33554432 (custom)
2022-07-12 21:08:59,778 [Listener at 127.0.0.1/32899] INFO  server.GrpcService (ConfUtils.java:logGet(46)) - raft.grpc.flow.control.window = 5MB (=5242880) (custom)
2022-07-12 21:08:59,779 [Listener at 127.0.0.1/32899] INFO  server.RaftServerConfigKeys (ConfUtils.java:logGet(46)) - raft.server.rpc.request.timeout = 60s (custom)
2022-07-12 21:08:59,779 [Listener at 127.0.0.1/32899] INFO  grpc.GrpcConfigKeys (ConfUtils.java:logGet(46)) - raft.grpc.server.async.request.thread.pool.cached = true (default)
2022-07-12 21:08:59,779 [Listener at 127.0.0.1/32899] INFO  grpc.GrpcConfigKeys (ConfUtils.java:logGet(46)) - raft.grpc.server.async.request.thread.pool.size = 32 (default)
2022-07-12 21:08:59,814 [Listener at 127.0.0.1/32899] INFO  impl.DataStreamServerImpl (ConfUtils.java:logGet(46)) - raft.datastream.type = DISABLED (default)
2022-07-12 21:08:59,814 [Listener at 127.0.0.1/32899] INFO  server.RaftServerConfigKeys (ConfUtils.java:logGet(46)) - raft.server.threadpool.proxy.cached = true (default)
2022-07-12 21:08:59,814 [Listener at 127.0.0.1/32899] INFO  server.RaftServerConfigKeys (ConfUtils.java:logGet(46)) - raft.server.threadpool.proxy.size = 0 (default)
2022-07-12 21:08:59,814 [Listener at 127.0.0.1/32899] INFO  server.RaftServerConfigKeys (ConfUtils.java:logGet(46)) - raft.server.rpc.slowness.timeout = 300s (custom)
2022-07-12 21:08:59,814 [Listener at 127.0.0.1/32899] INFO  server.RaftServerConfigKeys (ConfUtils.java:logGet(46)) - raft.server.leaderelection.leader.step-down.wait-time = 10s (default)
2022-07-12 21:08:59,814 [Listener at 127.0.0.1/32899] INFO  server.RaftServerConfigKeys (ConfUtils.java:logGet(46)) - raft.server.storage.dir = [/home/runner/work/ozone/ozone/hadoop-ozone/integration-test/target/test-dir/MiniOzoneClusterImpl-97a7afd9-f57e-4952-bd34-49a096582c21/datanode-0/data/ratis] (custom)
2022-07-12 21:08:59,816 [Listener at 127.0.0.1/32899] INFO  server.XceiverServerGrpc (XceiverServerGrpc.java:<init>(132)) - GrpcServer channel type EpollServerSocketChannel
2022-07-12 21:08:59,823 [Listener at 127.0.0.1/32899] INFO  http.BaseHttpServer (BaseHttpServer.java:newHttpServer2BuilderForOzone(209)) - Starting Web-server for hddsDatanode at: http://0.0.0.0:0
2022-07-12 21:08:59,823 [Listener at 127.0.0.1/32899] INFO  http.BaseHttpServer (BaseHttpServer.java:<init>(107)) - Hadoop Security Enabled: false Ozone Security Enabled: false Ozone HTTP Security Enabled: false 
2022-07-12 21:08:59,844 [Listener at 127.0.0.1/32899] INFO  server.AuthenticationFilter (AuthenticationFilter.java:constructSecretProvider(240)) - Unable to initialize FileSignerSecretProvider, falling back to use random secrets.
2022-07-12 21:08:59,877 [Listener at 127.0.0.1/32899] WARN  http.HttpRequestLog (HttpRequestLog.java:getRequestLog(103)) - Jetty request log can only be enabled using Log4j
2022-07-12 21:08:59,878 [Listener at 127.0.0.1/32899] INFO  http.HttpServer2 (HttpServer2.java:addGlobalFilter(1029)) - Added global filter 'safety' (class=org.apache.hadoop.hdds.server.http.HttpServer2$QuotingInputFilter)
2022-07-12 21:08:59,879 [Listener at 127.0.0.1/32899] INFO  http.HttpServer2 (HttpServer2.java:addFilter(1005)) - Added filter static_user_filter (class=org.apache.hadoop.http.lib.StaticUserWebFilter$StaticUserFilter) to context hddsDatanode
2022-07-12 21:08:59,879 [Listener at 127.0.0.1/32899] INFO  http.HttpServer2 (HttpServer2.java:addFilter(1013)) - Added filter static_user_filter (class=org.apache.hadoop.http.lib.StaticUserWebFilter$StaticUserFilter) to context logs
2022-07-12 21:08:59,879 [Listener at 127.0.0.1/32899] INFO  http.HttpServer2 (HttpServer2.java:addFilter(1013)) - Added filter static_user_filter (class=org.apache.hadoop.http.lib.StaticUserWebFilter$StaticUserFilter) to context static
2022-07-12 21:08:59,881 [Listener at 127.0.0.1/32899] INFO  http.HttpServer2 (HttpServer2.java:bindListener(1248)) - Jetty bound to port 46713
2022-07-12 21:08:59,881 [Listener at 127.0.0.1/32899] INFO  server.Server (Server.java:doStart(375)) - jetty-9.4.43.v20210629; built: 2021-06-30T11:07:22.254Z; git: 526006ecfa3af7f1a27ef3a288e2bef7ea9dd7e8; jvm 1.8.0_332-b09
2022-07-12 21:09:00,049 [Listener at 127.0.0.1/32899] INFO  server.session (DefaultSessionIdManager.java:doStart(334)) - DefaultSessionIdManager workerName=node0
2022-07-12 21:09:00,049 [Listener at 127.0.0.1/32899] INFO  server.session (DefaultSessionIdManager.java:doStart(339)) - No SessionScavenger set, using defaults
2022-07-12 21:09:00,050 [Listener at 127.0.0.1/32899] INFO  server.session (HouseKeeper.java:startScavenging(132)) - node0 Scavenging every 660000ms
2022-07-12 21:09:00,064 [Listener at 127.0.0.1/32899] INFO  handler.ContextHandler (ContextHandler.java:doStart(915)) - Started o.e.j.s.ServletContextHandler@6b1e4b4{logs,/logs,file:///home/runner/work/ozone/ozone/hadoop-ozone/integration-test/target/log,AVAILABLE}
2022-07-12 21:09:00,064 [Listener at 127.0.0.1/32899] INFO  handler.ContextHandler (ContextHandler.java:doStart(915)) - Started o.e.j.s.ServletContextHandler@3666841e{static,/static,jar:file:/home/runner/.m2/repository/org/apache/ozone/hdds-container-service/1.3.0-SNAPSHOT/hdds-container-service-1.3.0-SNAPSHOT.jar!/webapps/static,AVAILABLE}
2022-07-12 21:09:01,276 [Listener at 127.0.0.1/32899] INFO  handler.ContextHandler (ContextHandler.java:doStart(915)) - Started o.e.j.w.WebAppContext@7647219{hddsDatanode,/,file:///tmp/jetty-0_0_0_0-46713-hdds-container-service-1_3_0-SNAPSHOT_jar-_-any-5228379020476030415/webapp/,AVAILABLE}{jar:file:/home/runner/.m2/repository/org/apache/ozone/hdds-container-service/1.3.0-SNAPSHOT/hdds-container-service-1.3.0-SNAPSHOT.jar!/webapps/hddsDatanode}
2022-07-12 21:09:01,288 [Listener at 127.0.0.1/32899] INFO  server.AbstractConnector (AbstractConnector.java:doStart(331)) - Started ServerConnector@261f44ce{HTTP/1.1, (http/1.1)}{0.0.0.0:46713}
2022-07-12 21:09:01,289 [Listener at 127.0.0.1/32899] INFO  server.Server (Server.java:doStart(415)) - Started @321032ms
2022-07-12 21:09:01,289 [Listener at 127.0.0.1/32899] WARN  impl.MetricsSystemImpl (MetricsSystemImpl.java:register(279)) - Sink prometheus already exists!
2022-07-12 21:09:01,289 [Listener at 127.0.0.1/32899] INFO  http.BaseHttpServer (BaseHttpServer.java:updateConnectorAddress(329)) - HTTP server of hddsDatanode listening at http://0.0.0.0:46713
2022-07-12 21:09:01,290 [Listener at 127.0.0.1/32899] INFO  impl.MetricsSystemImpl (MetricsSystemImpl.java:init(158)) - HddsDatanode metrics system started (again)
2022-07-12 21:09:01,331 [Datanode State Machine Daemon Thread] INFO  statemachine.DatanodeStateMachine (DatanodeStateMachine.java:lambda$startDaemon$0(492)) - Ozone container server started.
2022-07-12 21:09:01,387 [Listener at 127.0.0.1/32899] INFO  ozone.HddsDatanodeService (HddsDatanodeService.java:start(236)) - HddsDatanodeService host:fv-az452-57.ku3lqr0aiaqu5kfj3xdpchcrvd.dx.internal.cloudapp.net ip:10.1.0.20
2022-07-12 21:09:01,417 [org.apache.hadoop.util.JvmPauseMonitor$Monitor@332f06e0] INFO  util.JvmPauseMonitor (JvmPauseMonitor.java:run(188)) - Starting JVM pause monitor
2022-07-12 21:09:01,422 [Datanode State Machine Task Thread - 0] INFO  datanode.InitDatanodeState (InitDatanodeState.java:persistContainerDatanodeDetails(138)) - DatanodeDetails is persisted to /home/runner/work/ozone/ozone/hadoop-ozone/integration-test/target/test-dir/MiniOzoneClusterImpl-97a7afd9-f57e-4952-bd34-49a096582c21/datanode-0/meta/datanode.id
2022-07-12 21:09:01,494 [Listener at 127.0.0.1/32899] INFO  upgrade.AbstractLayoutVersionManager (AbstractLayoutVersionManager.java:init(82)) - Initializing Layout version manager with metadata layout = DATANODE_SCHEMA_V3 (version = 4), software layout = DATANODE_SCHEMA_V3 (version = 4)
2022-07-12 21:09:01,663 [Listener at 127.0.0.1/32899] INFO  reflections.Reflections (Reflections.java:scan(232)) - Reflections took 168 ms to scan 7 urls, producing 132 keys and 317 values 
2022-07-12 21:09:01,699 [Listener at 127.0.0.1/32899] INFO  statemachine.DatanodeStateMachine (DatanodeStateMachine.java:getEndPointTaskThreadPoolSize(237)) - Datanode State Machine Task Thread Pool size 2
2022-07-12 21:09:01,712 [Listener at 127.0.0.1/32899] INFO  volume.HddsVolume (HddsVolume.java:<init>(116)) - Creating HddsVolume: /home/runner/work/ozone/ozone/hadoop-ozone/integration-test/target/test-dir/MiniOzoneClusterImpl-97a7afd9-f57e-4952-bd34-49a096582c21/datanode-1/data-0/containers/hdds of storage type : DISK capacity : 9223372036854775807
2022-07-12 21:09:01,712 [Listener at 127.0.0.1/32899] INFO  volume.MutableVolumeSet (MutableVolumeSet.java:initializeVolumeSet(174)) - Added Volume : /home/runner/work/ozone/ozone/hadoop-ozone/integration-test/target/test-dir/MiniOzoneClusterImpl-97a7afd9-f57e-4952-bd34-49a096582c21/datanode-1/data-0/containers/hdds to VolumeSet
2022-07-12 21:09:01,713 [Listener at 127.0.0.1/32899] INFO  volume.ThrottledAsyncChecker (ThrottledAsyncChecker.java:schedule(141)) - Scheduling a check for /home/runner/work/ozone/ozone/hadoop-ozone/integration-test/target/test-dir/MiniOzoneClusterImpl-97a7afd9-f57e-4952-bd34-49a096582c21/datanode-1/data-0/containers/hdds
2022-07-12 21:09:01,720 [Listener at 127.0.0.1/32899] INFO  volume.StorageVolumeChecker (StorageVolumeChecker.java:checkAllVolumes(202)) - Scheduled health check for volume /home/runner/work/ozone/ozone/hadoop-ozone/integration-test/target/test-dir/MiniOzoneClusterImpl-97a7afd9-f57e-4952-bd34-49a096582c21/datanode-1/data-0/containers/hdds
2022-07-12 21:09:01,734 [Listener at 127.0.0.1/32899] INFO  volume.MutableVolumeSet (MutableVolumeSet.java:initializeVolumeSet(174)) - Added Volume : /home/runner/work/ozone/ozone/hadoop-ozone/integration-test/target/test-dir/MiniOzoneClusterImpl-97a7afd9-f57e-4952-bd34-49a096582c21/datanode-1/data/ratis to VolumeSet
2022-07-12 21:09:01,734 [Listener at 127.0.0.1/32899] INFO  volume.ThrottledAsyncChecker (ThrottledAsyncChecker.java:schedule(141)) - Scheduling a check for /home/runner/work/ozone/ozone/hadoop-ozone/integration-test/target/test-dir/MiniOzoneClusterImpl-97a7afd9-f57e-4952-bd34-49a096582c21/datanode-1/data/ratis
2022-07-12 21:09:01,770 [Listener at 127.0.0.1/32899] INFO  volume.StorageVolumeChecker (StorageVolumeChecker.java:checkAllVolumes(202)) - Scheduled health check for volume /home/runner/work/ozone/ozone/hadoop-ozone/integration-test/target/test-dir/MiniOzoneClusterImpl-97a7afd9-f57e-4952-bd34-49a096582c21/datanode-1/data/ratis
2022-07-12 21:09:01,891 [Thread-2174] INFO  ozoneimpl.ContainerReader (ContainerReader.java:readVolume(175)) - Finish verifying containers on volume /home/runner/work/ozone/ozone/hadoop-ozone/integration-test/target/test-dir/MiniOzoneClusterImpl-97a7afd9-f57e-4952-bd34-49a096582c21/datanode-1/data-0/containers/hdds
2022-07-12 21:09:01,892 [Listener at 127.0.0.1/32899] INFO  ozoneimpl.OzoneContainer (OzoneContainer.java:buildContainerSet(266)) - Build ContainerSet costs 0s
2022-07-12 21:09:01,893 [Listener at 127.0.0.1/32899] INFO  server.RaftServer (ConfUtils.java:logGet(46)) - raft.rpc.type = GRPC (default)
2022-07-12 21:09:01,893 [Listener at 127.0.0.1/32899] INFO  grpc.GrpcFactory (GrpcFactory.java:checkPooledByteBufAllocatorUseCacheForAllThreads(48)) - PERFORMANCE WARNING: useCacheForAllThreads is true that may cause Netty to create a lot garbage objects and, as a result, trigger GC.
	It is recommended to disable useCacheForAllThreads by setting -Dorg.apache.ratis.thirdparty.io.netty.allocator.useCacheForAllThreads=false in command line.
2022-07-12 21:09:01,895 [Listener at 127.0.0.1/32899] INFO  grpc.GrpcConfigKeys (ConfUtils.java:logGet(46)) - raft.grpc.admin.port = 0 (custom)
2022-07-12 21:09:01,896 [Listener at 127.0.0.1/32899] INFO  grpc.GrpcConfigKeys (ConfUtils.java:logGet(46)) - raft.grpc.client.port = 0 (custom)
2022-07-12 21:09:01,896 [Listener at 127.0.0.1/32899] INFO  grpc.GrpcConfigKeys (ConfUtils.java:logGet(46)) - raft.grpc.server.port = 0 (default)
2022-07-12 21:09:01,896 [Listener at 127.0.0.1/32899] INFO  server.GrpcService (ConfUtils.java:logGet(46)) - raft.grpc.message.size.max = 32MB (=33554432) (custom)
2022-07-12 21:09:01,896 [Listener at 127.0.0.1/32899] INFO  server.RaftServerConfigKeys (ConfUtils.java:logGet(46)) - raft.server.log.appender.buffer.byte-limit = 33554432 (custom)
2022-07-12 21:09:01,896 [Listener at 127.0.0.1/32899] INFO  server.GrpcService (ConfUtils.java:logGet(46)) - raft.grpc.flow.control.window = 5MB (=5242880) (custom)
2022-07-12 21:09:01,896 [Listener at 127.0.0.1/32899] INFO  server.RaftServerConfigKeys (ConfUtils.java:logGet(46)) - raft.server.rpc.request.timeout = 60s (custom)
2022-07-12 21:09:01,896 [Listener at 127.0.0.1/32899] INFO  grpc.GrpcConfigKeys (ConfUtils.java:logGet(46)) - raft.grpc.server.async.request.thread.pool.cached = true (default)
2022-07-12 21:09:01,896 [Listener at 127.0.0.1/32899] INFO  grpc.GrpcConfigKeys (ConfUtils.java:logGet(46)) - raft.grpc.server.async.request.thread.pool.size = 32 (default)
2022-07-12 21:09:01,898 [Listener at 127.0.0.1/32899] INFO  impl.DataStreamServerImpl (ConfUtils.java:logGet(46)) - raft.datastream.type = DISABLED (default)
2022-07-12 21:09:01,898 [Listener at 127.0.0.1/32899] INFO  server.RaftServerConfigKeys (ConfUtils.java:logGet(46)) - raft.server.threadpool.proxy.cached = true (default)
2022-07-12 21:09:01,898 [Listener at 127.0.0.1/32899] INFO  server.RaftServerConfigKeys (ConfUtils.java:logGet(46)) - raft.server.threadpool.proxy.size = 0 (default)
2022-07-12 21:09:01,898 [Listener at 127.0.0.1/32899] INFO  server.RaftServerConfigKeys (ConfUtils.java:logGet(46)) - raft.server.rpc.slowness.timeout = 300s (custom)
2022-07-12 21:09:01,898 [Listener at 127.0.0.1/32899] INFO  server.RaftServerConfigKeys (ConfUtils.java:logGet(46)) - raft.server.leaderelection.leader.step-down.wait-time = 10s (default)
2022-07-12 21:09:01,898 [Listener at 127.0.0.1/32899] INFO  server.RaftServerConfigKeys (ConfUtils.java:logGet(46)) - raft.server.storage.dir = [/home/runner/work/ozone/ozone/hadoop-ozone/integration-test/target/test-dir/MiniOzoneClusterImpl-97a7afd9-f57e-4952-bd34-49a096582c21/datanode-1/data/ratis] (custom)
2022-07-12 21:09:01,935 [Listener at 127.0.0.1/32899] INFO  server.XceiverServerGrpc (XceiverServerGrpc.java:<init>(132)) - GrpcServer channel type EpollServerSocketChannel
2022-07-12 21:09:01,945 [Listener at 127.0.0.1/32899] INFO  http.BaseHttpServer (BaseHttpServer.java:newHttpServer2BuilderForOzone(209)) - Starting Web-server for hddsDatanode at: http://0.0.0.0:0
2022-07-12 21:09:01,945 [Listener at 127.0.0.1/32899] INFO  http.BaseHttpServer (BaseHttpServer.java:<init>(107)) - Hadoop Security Enabled: false Ozone Security Enabled: false Ozone HTTP Security Enabled: false 
2022-07-12 21:09:01,946 [Listener at 127.0.0.1/32899] INFO  server.AuthenticationFilter (AuthenticationFilter.java:constructSecretProvider(240)) - Unable to initialize FileSignerSecretProvider, falling back to use random secrets.
2022-07-12 21:09:01,978 [Listener at 127.0.0.1/32899] WARN  http.HttpRequestLog (HttpRequestLog.java:getRequestLog(103)) - Jetty request log can only be enabled using Log4j
2022-07-12 21:09:01,980 [Listener at 127.0.0.1/32899] INFO  http.HttpServer2 (HttpServer2.java:addGlobalFilter(1029)) - Added global filter 'safety' (class=org.apache.hadoop.hdds.server.http.HttpServer2$QuotingInputFilter)
2022-07-12 21:09:01,980 [Listener at 127.0.0.1/32899] INFO  http.HttpServer2 (HttpServer2.java:addFilter(1005)) - Added filter static_user_filter (class=org.apache.hadoop.http.lib.StaticUserWebFilter$StaticUserFilter) to context hddsDatanode
2022-07-12 21:09:01,980 [Listener at 127.0.0.1/32899] INFO  http.HttpServer2 (HttpServer2.java:addFilter(1013)) - Added filter static_user_filter (class=org.apache.hadoop.http.lib.StaticUserWebFilter$StaticUserFilter) to context static
2022-07-12 21:09:01,980 [Listener at 127.0.0.1/32899] INFO  http.HttpServer2 (HttpServer2.java:addFilter(1013)) - Added filter static_user_filter (class=org.apache.hadoop.http.lib.StaticUserWebFilter$StaticUserFilter) to context logs
2022-07-12 21:09:01,981 [Listener at 127.0.0.1/32899] INFO  http.HttpServer2 (HttpServer2.java:bindListener(1248)) - Jetty bound to port 42713
2022-07-12 21:09:01,981 [Listener at 127.0.0.1/32899] INFO  server.Server (Server.java:doStart(375)) - jetty-9.4.43.v20210629; built: 2021-06-30T11:07:22.254Z; git: 526006ecfa3af7f1a27ef3a288e2bef7ea9dd7e8; jvm 1.8.0_332-b09
2022-07-12 21:09:02,092 [Listener at 127.0.0.1/32899] INFO  server.session (DefaultSessionIdManager.java:doStart(334)) - DefaultSessionIdManager workerName=node0
2022-07-12 21:09:02,092 [Listener at 127.0.0.1/32899] INFO  server.session (DefaultSessionIdManager.java:doStart(339)) - No SessionScavenger set, using defaults
2022-07-12 21:09:02,093 [Listener at 127.0.0.1/32899] INFO  server.session (HouseKeeper.java:startScavenging(132)) - node0 Scavenging every 660000ms
2022-07-12 21:09:02,120 [Listener at 127.0.0.1/32899] INFO  handler.ContextHandler (ContextHandler.java:doStart(915)) - Started o.e.j.s.ServletContextHandler@57e1b388{logs,/logs,file:///home/runner/work/ozone/ozone/hadoop-ozone/integration-test/target/log,AVAILABLE}
2022-07-12 21:09:02,120 [Listener at 127.0.0.1/32899] INFO  handler.ContextHandler (ContextHandler.java:doStart(915)) - Started o.e.j.s.ServletContextHandler@7fab9649{static,/static,jar:file:/home/runner/.m2/repository/org/apache/ozone/hdds-container-service/1.3.0-SNAPSHOT/hdds-container-service-1.3.0-SNAPSHOT.jar!/webapps/static,AVAILABLE}
2022-07-12 21:09:03,025 [Listener at 127.0.0.1/32899] INFO  handler.ContextHandler (ContextHandler.java:doStart(915)) - Started o.e.j.w.WebAppContext@4cfc4fe8{hddsDatanode,/,file:///tmp/jetty-0_0_0_0-42713-hdds-container-service-1_3_0-SNAPSHOT_jar-_-any-1980451239286483504/webapp/,AVAILABLE}{jar:file:/home/runner/.m2/repository/org/apache/ozone/hdds-container-service/1.3.0-SNAPSHOT/hdds-container-service-1.3.0-SNAPSHOT.jar!/webapps/hddsDatanode}
2022-07-12 21:09:03,096 [Listener at 127.0.0.1/32899] INFO  server.AbstractConnector (AbstractConnector.java:doStart(331)) - Started ServerConnector@7b4a92fd{HTTP/1.1, (http/1.1)}{0.0.0.0:42713}
2022-07-12 21:09:03,096 [Listener at 127.0.0.1/32899] INFO  server.Server (Server.java:doStart(415)) - Started @322839ms
2022-07-12 21:09:03,096 [Listener at 127.0.0.1/32899] WARN  impl.MetricsSystemImpl (MetricsSystemImpl.java:register(279)) - Sink prometheus already exists!
2022-07-12 21:09:03,097 [Listener at 127.0.0.1/32899] INFO  http.BaseHttpServer (BaseHttpServer.java:updateConnectorAddress(329)) - HTTP server of hddsDatanode listening at http://0.0.0.0:42713
2022-07-12 21:09:03,132 [Listener at 127.0.0.1/32899] INFO  impl.MetricsSystemImpl (MetricsSystemImpl.java:init(158)) - HddsDatanode metrics system started (again)
2022-07-12 21:09:03,137 [Datanode State Machine Daemon Thread] INFO  statemachine.DatanodeStateMachine (DatanodeStateMachine.java:lambda$startDaemon$0(492)) - Ozone container server started.
2022-07-12 21:09:03,206 [Listener at 127.0.0.1/32899] INFO  ozone.HddsDatanodeService (HddsDatanodeService.java:start(236)) - HddsDatanodeService host:fv-az452-57.ku3lqr0aiaqu5kfj3xdpchcrvd.dx.internal.cloudapp.net ip:10.1.0.20
2022-07-12 21:09:03,207 [org.apache.hadoop.util.JvmPauseMonitor$Monitor@6f761f72] INFO  util.JvmPauseMonitor (JvmPauseMonitor.java:run(188)) - Starting JVM pause monitor
2022-07-12 21:09:03,270 [Datanode State Machine Task Thread - 0] INFO  datanode.InitDatanodeState (InitDatanodeState.java:persistContainerDatanodeDetails(138)) - DatanodeDetails is persisted to /home/runner/work/ozone/ozone/hadoop-ozone/integration-test/target/test-dir/MiniOzoneClusterImpl-97a7afd9-f57e-4952-bd34-49a096582c21/datanode-1/meta/datanode.id
2022-07-12 21:09:03,335 [Listener at 127.0.0.1/32899] INFO  upgrade.AbstractLayoutVersionManager (AbstractLayoutVersionManager.java:init(82)) - Initializing Layout version manager with metadata layout = DATANODE_SCHEMA_V3 (version = 4), software layout = DATANODE_SCHEMA_V3 (version = 4)
2022-07-12 21:09:03,659 [Listener at 127.0.0.1/32899] INFO  reflections.Reflections (Reflections.java:scan(232)) - Reflections took 311 ms to scan 7 urls, producing 132 keys and 317 values 
2022-07-12 21:09:03,677 [Listener at 127.0.0.1/32899] INFO  statemachine.DatanodeStateMachine (DatanodeStateMachine.java:getEndPointTaskThreadPoolSize(237)) - Datanode State Machine Task Thread Pool size 2
2022-07-12 21:09:03,696 [Listener at 127.0.0.1/32899] INFO  volume.HddsVolume (HddsVolume.java:<init>(116)) - Creating HddsVolume: /home/runner/work/ozone/ozone/hadoop-ozone/integration-test/target/test-dir/MiniOzoneClusterImpl-97a7afd9-f57e-4952-bd34-49a096582c21/datanode-2/data-0/containers/hdds of storage type : DISK capacity : 9223372036854775807
2022-07-12 21:09:03,696 [Listener at 127.0.0.1/32899] INFO  volume.MutableVolumeSet (MutableVolumeSet.java:initializeVolumeSet(174)) - Added Volume : /home/runner/work/ozone/ozone/hadoop-ozone/integration-test/target/test-dir/MiniOzoneClusterImpl-97a7afd9-f57e-4952-bd34-49a096582c21/datanode-2/data-0/containers/hdds to VolumeSet
2022-07-12 21:09:03,696 [Listener at 127.0.0.1/32899] INFO  volume.ThrottledAsyncChecker (ThrottledAsyncChecker.java:schedule(141)) - Scheduling a check for /home/runner/work/ozone/ozone/hadoop-ozone/integration-test/target/test-dir/MiniOzoneClusterImpl-97a7afd9-f57e-4952-bd34-49a096582c21/datanode-2/data-0/containers/hdds
2022-07-12 21:09:03,707 [Listener at 127.0.0.1/32899] INFO  volume.StorageVolumeChecker (StorageVolumeChecker.java:checkAllVolumes(202)) - Scheduled health check for volume /home/runner/work/ozone/ozone/hadoop-ozone/integration-test/target/test-dir/MiniOzoneClusterImpl-97a7afd9-f57e-4952-bd34-49a096582c21/datanode-2/data-0/containers/hdds
2022-07-12 21:09:03,708 [EndpointStateMachine task thread for /0.0.0.0:43199 - 0 ] INFO  volume.HddsVolume (HddsVolume.java:createDbStore(309)) - SchemaV3 db is created and loaded at /home/runner/work/ozone/ozone/hadoop-ozone/integration-test/target/test-dir/MiniOzoneClusterImpl-97a7afd9-f57e-4952-bd34-49a096582c21/datanode-0/data-0/containers/hdds/97a7afd9-f57e-4952-bd34-49a096582c21/DS-caf21b4f-bdb8-4537-8943-fcde52f80817/container.db for volume DS-caf21b4f-bdb8-4537-8943-fcde52f80817
2022-07-12 21:09:03,760 [EndpointStateMachine task thread for /0.0.0.0:43199 - 0 ] INFO  volume.HddsVolume (HddsVolume.java:closeDbStore(340)) - SchemaV3 db is stopped at /home/runner/work/ozone/ozone/hadoop-ozone/integration-test/target/test-dir/MiniOzoneClusterImpl-97a7afd9-f57e-4952-bd34-49a096582c21/datanode-0/data-0/containers/hdds/97a7afd9-f57e-4952-bd34-49a096582c21/DS-caf21b4f-bdb8-4537-8943-fcde52f80817/container.db for volume DS-caf21b4f-bdb8-4537-8943-fcde52f80817
2022-07-12 21:09:03,760 [EndpointStateMachine task thread for /0.0.0.0:43199 - 0 ] INFO  ozoneimpl.OzoneContainer (OzoneContainer.java:start(344)) - Attempting to start container services.
2022-07-12 21:09:03,760 [EndpointStateMachine task thread for /0.0.0.0:43199 - 0 ] INFO  ozoneimpl.OzoneContainer (OzoneContainer.java:startContainerScrub(279)) - Background container scanner has been disabled.
2022-07-12 21:09:03,845 [EndpointStateMachine task thread for /0.0.0.0:43199 - 0 ] INFO  replication.ReplicationServer (ReplicationServer.java:start(111)) - ReplicationServer is started using port 34833
2022-07-12 21:09:03,846 [EndpointStateMachine task thread for /0.0.0.0:43199 - 0 ] INFO  ratis.XceiverServerRatis (XceiverServerRatis.java:start(481)) - Starting XceiverServerRatis 76813abd-30d7-4706-b809-3e10cf795ab1
2022-07-12 21:09:03,847 [EndpointStateMachine task thread for /0.0.0.0:43199 - 0 ] INFO  server.RaftServer (RaftServerProxy.java:lambda$start$6(382)) - 76813abd-30d7-4706-b809-3e10cf795ab1: start RPC server
2022-07-12 21:09:03,908 [EndpointStateMachine task thread for /0.0.0.0:43199 - 0 ] INFO  server.GrpcService (GrpcService.java:startImpl(260)) - 76813abd-30d7-4706-b809-3e10cf795ab1: GrpcService started, listening on 33965
2022-07-12 21:09:03,908 [EndpointStateMachine task thread for /0.0.0.0:43199 - 0 ] INFO  ratis.XceiverServerRatis (XceiverServerRatis.java:getRealPort(502)) - XceiverServerRatis 76813abd-30d7-4706-b809-3e10cf795ab1 is started using port 33965 for RATIS
2022-07-12 21:09:03,909 [EndpointStateMachine task thread for /0.0.0.0:43199 - 0 ] INFO  ratis.XceiverServerRatis (XceiverServerRatis.java:getRealPort(502)) - XceiverServerRatis 76813abd-30d7-4706-b809-3e10cf795ab1 is started using port 33965 for RATIS_ADMIN
2022-07-12 21:09:03,909 [EndpointStateMachine task thread for /0.0.0.0:43199 - 0 ] INFO  ratis.XceiverServerRatis (XceiverServerRatis.java:getRealPort(502)) - XceiverServerRatis 76813abd-30d7-4706-b809-3e10cf795ab1 is started using port 33965 for RATIS_SERVER
2022-07-12 21:09:03,913 [Listener at 127.0.0.1/32899] INFO  volume.MutableVolumeSet (MutableVolumeSet.java:initializeVolumeSet(174)) - Added Volume : /home/runner/work/ozone/ozone/hadoop-ozone/integration-test/target/test-dir/MiniOzoneClusterImpl-97a7afd9-f57e-4952-bd34-49a096582c21/datanode-2/data/ratis to VolumeSet
2022-07-12 21:09:03,914 [Listener at 127.0.0.1/32899] INFO  volume.ThrottledAsyncChecker (ThrottledAsyncChecker.java:schedule(141)) - Scheduling a check for /home/runner/work/ozone/ozone/hadoop-ozone/integration-test/target/test-dir/MiniOzoneClusterImpl-97a7afd9-f57e-4952-bd34-49a096582c21/datanode-2/data/ratis
2022-07-12 21:09:03,936 [org.apache.ratis.util.JvmPauseMonitor$$Lambda$613/1050667922@3e4e3fb1] INFO  util.JvmPauseMonitor (JvmPauseMonitor.java:run(103)) - JvmPauseMonitor-76813abd-30d7-4706-b809-3e10cf795ab1: Started
2022-07-12 21:09:03,936 [Listener at 127.0.0.1/32899] INFO  volume.StorageVolumeChecker (StorageVolumeChecker.java:checkAllVolumes(202)) - Scheduled health check for volume /home/runner/work/ozone/ozone/hadoop-ozone/integration-test/target/test-dir/MiniOzoneClusterImpl-97a7afd9-f57e-4952-bd34-49a096582c21/datanode-2/data/ratis
2022-07-12 21:09:04,005 [EndpointStateMachine task thread for /0.0.0.0:43199 - 0 ] INFO  server.XceiverServerGrpc (XceiverServerGrpc.java:start(180)) - XceiverServerGrpc 76813abd-30d7-4706-b809-3e10cf795ab1 is started using port 45257
2022-07-12 21:09:04,063 [Thread-2191] INFO  ozoneimpl.ContainerReader (ContainerReader.java:readVolume(175)) - Finish verifying containers on volume /home/runner/work/ozone/ozone/hadoop-ozone/integration-test/target/test-dir/MiniOzoneClusterImpl-97a7afd9-f57e-4952-bd34-49a096582c21/datanode-2/data-0/containers/hdds
2022-07-12 21:09:04,063 [Listener at 127.0.0.1/32899] INFO  ozoneimpl.OzoneContainer (OzoneContainer.java:buildContainerSet(266)) - Build ContainerSet costs 0s
2022-07-12 21:09:04,065 [Listener at 127.0.0.1/32899] INFO  server.RaftServer (ConfUtils.java:logGet(46)) - raft.rpc.type = GRPC (default)
2022-07-12 21:09:04,065 [Listener at 127.0.0.1/32899] INFO  grpc.GrpcFactory (GrpcFactory.java:checkPooledByteBufAllocatorUseCacheForAllThreads(48)) - PERFORMANCE WARNING: useCacheForAllThreads is true that may cause Netty to create a lot garbage objects and, as a result, trigger GC.
	It is recommended to disable useCacheForAllThreads by setting -Dorg.apache.ratis.thirdparty.io.netty.allocator.useCacheForAllThreads=false in command line.
2022-07-12 21:09:04,065 [Listener at 127.0.0.1/32899] INFO  grpc.GrpcConfigKeys (ConfUtils.java:logGet(46)) - raft.grpc.admin.port = 0 (custom)
2022-07-12 21:09:04,065 [Listener at 127.0.0.1/32899] INFO  grpc.GrpcConfigKeys (ConfUtils.java:logGet(46)) - raft.grpc.client.port = 0 (custom)
2022-07-12 21:09:04,065 [Listener at 127.0.0.1/32899] INFO  grpc.GrpcConfigKeys (ConfUtils.java:logGet(46)) - raft.grpc.server.port = 0 (default)
2022-07-12 21:09:04,065 [Listener at 127.0.0.1/32899] INFO  server.GrpcService (ConfUtils.java:logGet(46)) - raft.grpc.message.size.max = 32MB (=33554432) (custom)
2022-07-12 21:09:04,066 [Listener at 127.0.0.1/32899] INFO  server.RaftServerConfigKeys (ConfUtils.java:logGet(46)) - raft.server.log.appender.buffer.byte-limit = 33554432 (custom)
2022-07-12 21:09:04,066 [Listener at 127.0.0.1/32899] INFO  server.GrpcService (ConfUtils.java:logGet(46)) - raft.grpc.flow.control.window = 5MB (=5242880) (custom)
2022-07-12 21:09:04,066 [Listener at 127.0.0.1/32899] INFO  server.RaftServerConfigKeys (ConfUtils.java:logGet(46)) - raft.server.rpc.request.timeout = 60s (custom)
2022-07-12 21:09:04,066 [Listener at 127.0.0.1/32899] INFO  grpc.GrpcConfigKeys (ConfUtils.java:logGet(46)) - raft.grpc.server.async.request.thread.pool.cached = true (default)
2022-07-12 21:09:04,066 [Listener at 127.0.0.1/32899] INFO  grpc.GrpcConfigKeys (ConfUtils.java:logGet(46)) - raft.grpc.server.async.request.thread.pool.size = 32 (default)
2022-07-12 21:09:04,067 [Listener at 127.0.0.1/32899] INFO  impl.DataStreamServerImpl (ConfUtils.java:logGet(46)) - raft.datastream.type = DISABLED (default)
2022-07-12 21:09:04,068 [Listener at 127.0.0.1/32899] INFO  server.RaftServerConfigKeys (ConfUtils.java:logGet(46)) - raft.server.threadpool.proxy.cached = true (default)
2022-07-12 21:09:04,068 [Listener at 127.0.0.1/32899] INFO  server.RaftServerConfigKeys (ConfUtils.java:logGet(46)) - raft.server.threadpool.proxy.size = 0 (default)
2022-07-12 21:09:04,068 [Listener at 127.0.0.1/32899] INFO  server.RaftServerConfigKeys (ConfUtils.java:logGet(46)) - raft.server.rpc.slowness.timeout = 300s (custom)
2022-07-12 21:09:04,068 [Listener at 127.0.0.1/32899] INFO  server.RaftServerConfigKeys (ConfUtils.java:logGet(46)) - raft.server.leaderelection.leader.step-down.wait-time = 10s (default)
2022-07-12 21:09:04,068 [Listener at 127.0.0.1/32899] INFO  server.RaftServerConfigKeys (ConfUtils.java:logGet(46)) - raft.server.storage.dir = [/home/runner/work/ozone/ozone/hadoop-ozone/integration-test/target/test-dir/MiniOzoneClusterImpl-97a7afd9-f57e-4952-bd34-49a096582c21/datanode-2/data/ratis] (custom)
2022-07-12 21:09:04,069 [Listener at 127.0.0.1/32899] INFO  server.XceiverServerGrpc (XceiverServerGrpc.java:<init>(132)) - GrpcServer channel type EpollServerSocketChannel
2022-07-12 21:09:04,080 [Listener at 127.0.0.1/32899] INFO  http.BaseHttpServer (BaseHttpServer.java:newHttpServer2BuilderForOzone(209)) - Starting Web-server for hddsDatanode at: http://0.0.0.0:0
2022-07-12 21:09:04,080 [Listener at 127.0.0.1/32899] INFO  http.BaseHttpServer (BaseHttpServer.java:<init>(107)) - Hadoop Security Enabled: false Ozone Security Enabled: false Ozone HTTP Security Enabled: false 
2022-07-12 21:09:04,091 [Listener at 127.0.0.1/32899] INFO  server.AuthenticationFilter (AuthenticationFilter.java:constructSecretProvider(240)) - Unable to initialize FileSignerSecretProvider, falling back to use random secrets.
2022-07-12 21:09:04,111 [Listener at 127.0.0.1/32899] WARN  http.HttpRequestLog (HttpRequestLog.java:getRequestLog(103)) - Jetty request log can only be enabled using Log4j
2022-07-12 21:09:04,113 [Listener at 127.0.0.1/32899] INFO  http.HttpServer2 (HttpServer2.java:addGlobalFilter(1029)) - Added global filter 'safety' (class=org.apache.hadoop.hdds.server.http.HttpServer2$QuotingInputFilter)
2022-07-12 21:09:04,113 [Listener at 127.0.0.1/32899] INFO  http.HttpServer2 (HttpServer2.java:addFilter(1005)) - Added filter static_user_filter (class=org.apache.hadoop.http.lib.StaticUserWebFilter$StaticUserFilter) to context hddsDatanode
2022-07-12 21:09:04,113 [Listener at 127.0.0.1/32899] INFO  http.HttpServer2 (HttpServer2.java:addFilter(1013)) - Added filter static_user_filter (class=org.apache.hadoop.http.lib.StaticUserWebFilter$StaticUserFilter) to context logs
2022-07-12 21:09:04,113 [Listener at 127.0.0.1/32899] INFO  http.HttpServer2 (HttpServer2.java:addFilter(1013)) - Added filter static_user_filter (class=org.apache.hadoop.http.lib.StaticUserWebFilter$StaticUserFilter) to context static
2022-07-12 21:09:04,114 [Listener at 127.0.0.1/32899] INFO  http.HttpServer2 (HttpServer2.java:bindListener(1248)) - Jetty bound to port 40601
2022-07-12 21:09:04,114 [Listener at 127.0.0.1/32899] INFO  server.Server (Server.java:doStart(375)) - jetty-9.4.43.v20210629; built: 2021-06-30T11:07:22.254Z; git: 526006ecfa3af7f1a27ef3a288e2bef7ea9dd7e8; jvm 1.8.0_332-b09
2022-07-12 21:09:04,237 [Listener at 127.0.0.1/32899] INFO  server.session (DefaultSessionIdManager.java:doStart(334)) - DefaultSessionIdManager workerName=node0
2022-07-12 21:09:04,237 [Listener at 127.0.0.1/32899] INFO  server.session (DefaultSessionIdManager.java:doStart(339)) - No SessionScavenger set, using defaults
2022-07-12 21:09:04,237 [Listener at 127.0.0.1/32899] INFO  server.session (HouseKeeper.java:startScavenging(132)) - node0 Scavenging every 600000ms
2022-07-12 21:09:04,238 [Listener at 127.0.0.1/32899] INFO  handler.ContextHandler (ContextHandler.java:doStart(915)) - Started o.e.j.s.ServletContextHandler@d24d910{logs,/logs,file:///home/runner/work/ozone/ozone/hadoop-ozone/integration-test/target/log,AVAILABLE}
2022-07-12 21:09:04,238 [Listener at 127.0.0.1/32899] INFO  handler.ContextHandler (ContextHandler.java:doStart(915)) - Started o.e.j.s.ServletContextHandler@13f01365{static,/static,jar:file:/home/runner/.m2/repository/org/apache/ozone/hdds-container-service/1.3.0-SNAPSHOT/hdds-container-service-1.3.0-SNAPSHOT.jar!/webapps/static,AVAILABLE}
2022-07-12 21:09:05,348 [Listener at 127.0.0.1/32899] INFO  handler.ContextHandler (ContextHandler.java:doStart(915)) - Started o.e.j.w.WebAppContext@5e284484{hddsDatanode,/,file:///tmp/jetty-0_0_0_0-40601-hdds-container-service-1_3_0-SNAPSHOT_jar-_-any-4817370244735501007/webapp/,AVAILABLE}{jar:file:/home/runner/.m2/repository/org/apache/ozone/hdds-container-service/1.3.0-SNAPSHOT/hdds-container-service-1.3.0-SNAPSHOT.jar!/webapps/hddsDatanode}
2022-07-12 21:09:05,362 [Listener at 127.0.0.1/32899] INFO  server.AbstractConnector (AbstractConnector.java:doStart(331)) - Started ServerConnector@eddc0f8{HTTP/1.1, (http/1.1)}{0.0.0.0:40601}
2022-07-12 21:09:05,362 [Listener at 127.0.0.1/32899] INFO  server.Server (Server.java:doStart(415)) - Started @325106ms
2022-07-12 21:09:05,418 [IPC Server handler 0 on default port 43199] INFO  net.NetworkTopologyImpl (NetworkTopologyImpl.java:add(112)) - Added a new node: /default-rack/76813abd-30d7-4706-b809-3e10cf795ab1
2022-07-12 21:09:05,419 [IPC Server handler 0 on default port 43199] INFO  node.SCMNodeManager (SCMNodeManager.java:register(397)) - Registered Data node : 76813abd-30d7-4706-b809-3e10cf795ab1{ip: 10.1.0.20, host: fv-az452-57.ku3lqr0aiaqu5kfj3xdpchcrvd.dx.internal.cloudapp.net, ports: [REPLICATION=34833, RATIS=33965, RATIS_ADMIN=33965, RATIS_SERVER=33965, STANDALONE=45257], networkLocation: /default-rack, certSerialId: null, persistedOpState: null, persistedOpStateExpiryEpochSec: 0}
2022-07-12 21:09:05,428 [Listener at 127.0.0.1/32899] WARN  impl.MetricsSystemImpl (MetricsSystemImpl.java:register(279)) - Sink prometheus already exists!
2022-07-12 21:09:05,429 [Listener at 127.0.0.1/32899] INFO  http.BaseHttpServer (BaseHttpServer.java:updateConnectorAddress(329)) - HTTP server of hddsDatanode listening at http://0.0.0.0:40601
2022-07-12 21:09:05,439 [Listener at 127.0.0.1/32899] INFO  impl.MetricsSystemImpl (MetricsSystemImpl.java:init(158)) - HddsDatanode metrics system started (again)
2022-07-12 21:09:05,464 [EventQueue-NodeRegistrationContainerReportForContainerSafeModeRule] INFO  safemode.SCMSafeModeManager (SCMSafeModeManager.java:validateSafeModeExitRules(204)) - ContainerSafeModeRule rule is successfully validated
2022-07-12 21:09:05,464 [EventQueue-NodeRegistrationContainerReportForDataNodeSafeModeRule] INFO  safemode.SCMSafeModeManager (DataNodeSafeModeRule.java:process(71)) - SCM in safe mode. 1 DataNodes registered, 3 required.
2022-07-12 21:09:05,482 [EndpointStateMachine task thread for /0.0.0.0:43199 - 0 ] INFO  volume.HddsVolume (HddsVolume.java:createDbStore(309)) - SchemaV3 db is created and loaded at /home/runner/work/ozone/ozone/hadoop-ozone/integration-test/target/test-dir/MiniOzoneClusterImpl-97a7afd9-f57e-4952-bd34-49a096582c21/datanode-1/data-0/containers/hdds/97a7afd9-f57e-4952-bd34-49a096582c21/DS-d08c8d4b-b1d0-4f80-aeda-17aec4d01723/container.db for volume DS-d08c8d4b-b1d0-4f80-aeda-17aec4d01723
2022-07-12 21:09:05,483 [EndpointStateMachine task thread for /0.0.0.0:43199 - 0 ] INFO  volume.HddsVolume (HddsVolume.java:closeDbStore(340)) - SchemaV3 db is stopped at /home/runner/work/ozone/ozone/hadoop-ozone/integration-test/target/test-dir/MiniOzoneClusterImpl-97a7afd9-f57e-4952-bd34-49a096582c21/datanode-1/data-0/containers/hdds/97a7afd9-f57e-4952-bd34-49a096582c21/DS-d08c8d4b-b1d0-4f80-aeda-17aec4d01723/container.db for volume DS-d08c8d4b-b1d0-4f80-aeda-17aec4d01723
2022-07-12 21:09:05,483 [EndpointStateMachine task thread for /0.0.0.0:43199 - 0 ] INFO  ozoneimpl.OzoneContainer (OzoneContainer.java:start(344)) - Attempting to start container services.
2022-07-12 21:09:05,483 [EndpointStateMachine task thread for /0.0.0.0:43199 - 0 ] INFO  ozoneimpl.OzoneContainer (OzoneContainer.java:startContainerScrub(279)) - Background container scanner has been disabled.
2022-07-12 21:09:05,483 [EventQueue-NewNodeForNewNodeHandler] INFO  pipeline.BackgroundPipelineCreator (BackgroundPipelineCreator.java:notifyEventTriggered(275)) - trigger a one-shot run on RatisPipelineUtilsThread.
2022-07-12 21:09:05,483 [EventQueue-PipelineReportForOneReplicaPipelineSafeModeRule] INFO  safemode.SCMSafeModeManager (SCMSafeModeManager.java:validateSafeModeExitRules(204)) - AtleastOneDatanodeReportedRule rule is successfully validated
2022-07-12 21:09:05,483 [RatisPipelineUtilsThread - 0] INFO  pipeline.RatisPipelineProvider (RatisPipelineProvider.java:lambda$create$0(195)) - Sending CreatePipelineCommand for pipeline:PipelineID=ed5be159-fb21-450e-b060-901017e67123 to datanode:76813abd-30d7-4706-b809-3e10cf795ab1
2022-07-12 21:09:05,484 [RatisPipelineUtilsThread - 0] INFO  pipeline.PipelineStateManagerImpl (PipelineStateManagerImpl.java:addPipeline(103)) - Created pipeline Pipeline[ Id: ed5be159-fb21-450e-b060-901017e67123, Nodes: 76813abd-30d7-4706-b809-3e10cf795ab1{ip: 10.1.0.20, host: fv-az452-57.ku3lqr0aiaqu5kfj3xdpchcrvd.dx.internal.cloudapp.net, ports: [REPLICATION=34833, RATIS=33965, RATIS_ADMIN=33965, RATIS_SERVER=33965, STANDALONE=45257], networkLocation: /default-rack, certSerialId: null, persistedOpState: IN_SERVICE, persistedOpStateExpiryEpochSec: 0}, ReplicationConfig: RATIS/ONE, State:ALLOCATED, leaderId:, CreationTimestamp2022-07-12T21:09:05.483Z[Etc/UTC]].
2022-07-12 21:09:05,511 [Datanode State Machine Daemon Thread] INFO  statemachine.DatanodeStateMachine (DatanodeStateMachine.java:lambda$startDaemon$0(492)) - Ozone container server started.
2022-07-12 21:09:05,578 [Listener at 127.0.0.1/32899] INFO  ozone.HddsDatanodeService (HddsDatanodeService.java:start(236)) - HddsDatanodeService host:fv-az452-57.ku3lqr0aiaqu5kfj3xdpchcrvd.dx.internal.cloudapp.net ip:10.1.0.20
2022-07-12 21:09:05,583 [EndpointStateMachine task thread for /0.0.0.0:43199 - 0 ] INFO  replication.ReplicationServer (ReplicationServer.java:start(111)) - ReplicationServer is started using port 33171
2022-07-12 21:09:05,596 [org.apache.hadoop.util.JvmPauseMonitor$Monitor@2728310e] INFO  util.JvmPauseMonitor (JvmPauseMonitor.java:run(188)) - Starting JVM pause monitor
2022-07-12 21:09:05,633 [EndpointStateMachine task thread for /0.0.0.0:43199 - 0 ] INFO  ratis.XceiverServerRatis (XceiverServerRatis.java:start(481)) - Starting XceiverServerRatis 9ca81a7d-c27a-485e-9d50-743190b649b9
2022-07-12 21:09:05,644 [EndpointStateMachine task thread for /0.0.0.0:43199 - 0 ] INFO  server.RaftServer (RaftServerProxy.java:lambda$start$6(382)) - 9ca81a7d-c27a-485e-9d50-743190b649b9: start RPC server
2022-07-12 21:09:05,700 [EndpointStateMachine task thread for /0.0.0.0:43199 - 0 ] INFO  server.GrpcService (GrpcService.java:startImpl(260)) - 9ca81a7d-c27a-485e-9d50-743190b649b9: GrpcService started, listening on 33467
2022-07-12 21:09:05,703 [EndpointStateMachine task thread for /0.0.0.0:43199 - 0 ] INFO  ratis.XceiverServerRatis (XceiverServerRatis.java:getRealPort(502)) - XceiverServerRatis 9ca81a7d-c27a-485e-9d50-743190b649b9 is started using port 33467 for RATIS
2022-07-12 21:09:05,703 [EndpointStateMachine task thread for /0.0.0.0:43199 - 0 ] INFO  ratis.XceiverServerRatis (XceiverServerRatis.java:getRealPort(502)) - XceiverServerRatis 9ca81a7d-c27a-485e-9d50-743190b649b9 is started using port 33467 for RATIS_ADMIN
2022-07-12 21:09:05,703 [EndpointStateMachine task thread for /0.0.0.0:43199 - 0 ] INFO  ratis.XceiverServerRatis (XceiverServerRatis.java:getRealPort(502)) - XceiverServerRatis 9ca81a7d-c27a-485e-9d50-743190b649b9 is started using port 33467 for RATIS_SERVER
2022-07-12 21:09:05,704 [org.apache.ratis.util.JvmPauseMonitor$$Lambda$613/1050667922@15ef1826] INFO  util.JvmPauseMonitor (JvmPauseMonitor.java:run(103)) - JvmPauseMonitor-9ca81a7d-c27a-485e-9d50-743190b649b9: Started
2022-07-12 21:09:05,716 [Datanode State Machine Task Thread - 0] INFO  datanode.InitDatanodeState (InitDatanodeState.java:persistContainerDatanodeDetails(138)) - DatanodeDetails is persisted to /home/runner/work/ozone/ozone/hadoop-ozone/integration-test/target/test-dir/MiniOzoneClusterImpl-97a7afd9-f57e-4952-bd34-49a096582c21/datanode-2/meta/datanode.id
2022-07-12 21:09:05,721 [Listener at 127.0.0.1/32899] INFO  upgrade.AbstractLayoutVersionManager (AbstractLayoutVersionManager.java:init(82)) - Initializing Layout version manager with metadata layout = DATANODE_SCHEMA_V3 (version = 4), software layout = DATANODE_SCHEMA_V3 (version = 4)
2022-07-12 21:09:05,804 [EndpointStateMachine task thread for /0.0.0.0:43199 - 0 ] INFO  server.XceiverServerGrpc (XceiverServerGrpc.java:start(180)) - XceiverServerGrpc 9ca81a7d-c27a-485e-9d50-743190b649b9 is started using port 33945
2022-07-12 21:09:06,167 [Listener at 127.0.0.1/32899] INFO  reflections.Reflections (Reflections.java:scan(232)) - Reflections took 444 ms to scan 7 urls, producing 132 keys and 317 values 
2022-07-12 21:09:06,169 [Listener at 127.0.0.1/32899] INFO  statemachine.DatanodeStateMachine (DatanodeStateMachine.java:getEndPointTaskThreadPoolSize(237)) - Datanode State Machine Task Thread Pool size 2
2022-07-12 21:09:06,173 [Listener at 127.0.0.1/32899] INFO  volume.HddsVolume (HddsVolume.java:<init>(116)) - Creating HddsVolume: /home/runner/work/ozone/ozone/hadoop-ozone/integration-test/target/test-dir/MiniOzoneClusterImpl-97a7afd9-f57e-4952-bd34-49a096582c21/datanode-3/data-0/containers/hdds of storage type : DISK capacity : 9223372036854775807
2022-07-12 21:09:06,174 [Listener at 127.0.0.1/32899] INFO  volume.MutableVolumeSet (MutableVolumeSet.java:initializeVolumeSet(174)) - Added Volume : /home/runner/work/ozone/ozone/hadoop-ozone/integration-test/target/test-dir/MiniOzoneClusterImpl-97a7afd9-f57e-4952-bd34-49a096582c21/datanode-3/data-0/containers/hdds to VolumeSet
2022-07-12 21:09:06,174 [Listener at 127.0.0.1/32899] INFO  volume.ThrottledAsyncChecker (ThrottledAsyncChecker.java:schedule(141)) - Scheduling a check for /home/runner/work/ozone/ozone/hadoop-ozone/integration-test/target/test-dir/MiniOzoneClusterImpl-97a7afd9-f57e-4952-bd34-49a096582c21/datanode-3/data-0/containers/hdds
2022-07-12 21:09:06,220 [Listener at 127.0.0.1/32899] INFO  volume.StorageVolumeChecker (StorageVolumeChecker.java:checkAllVolumes(202)) - Scheduled health check for volume /home/runner/work/ozone/ozone/hadoop-ozone/integration-test/target/test-dir/MiniOzoneClusterImpl-97a7afd9-f57e-4952-bd34-49a096582c21/datanode-3/data-0/containers/hdds
2022-07-12 21:09:06,253 [Listener at 127.0.0.1/32899] INFO  volume.MutableVolumeSet (MutableVolumeSet.java:initializeVolumeSet(174)) - Added Volume : /home/runner/work/ozone/ozone/hadoop-ozone/integration-test/target/test-dir/MiniOzoneClusterImpl-97a7afd9-f57e-4952-bd34-49a096582c21/datanode-3/data/ratis to VolumeSet
2022-07-12 21:09:06,253 [Listener at 127.0.0.1/32899] INFO  volume.ThrottledAsyncChecker (ThrottledAsyncChecker.java:schedule(141)) - Scheduling a check for /home/runner/work/ozone/ozone/hadoop-ozone/integration-test/target/test-dir/MiniOzoneClusterImpl-97a7afd9-f57e-4952-bd34-49a096582c21/datanode-3/data/ratis
2022-07-12 21:09:06,280 [Listener at 127.0.0.1/32899] INFO  volume.StorageVolumeChecker (StorageVolumeChecker.java:checkAllVolumes(202)) - Scheduled health check for volume /home/runner/work/ozone/ozone/hadoop-ozone/integration-test/target/test-dir/MiniOzoneClusterImpl-97a7afd9-f57e-4952-bd34-49a096582c21/datanode-3/data/ratis
2022-07-12 21:09:06,340 [Thread-2213] INFO  ozoneimpl.ContainerReader (ContainerReader.java:readVolume(175)) - Finish verifying containers on volume /home/runner/work/ozone/ozone/hadoop-ozone/integration-test/target/test-dir/MiniOzoneClusterImpl-97a7afd9-f57e-4952-bd34-49a096582c21/datanode-3/data-0/containers/hdds
2022-07-12 21:09:06,340 [Listener at 127.0.0.1/32899] INFO  ozoneimpl.OzoneContainer (OzoneContainer.java:buildContainerSet(266)) - Build ContainerSet costs 0s
2022-07-12 21:09:06,341 [Listener at 127.0.0.1/32899] INFO  server.RaftServer (ConfUtils.java:logGet(46)) - raft.rpc.type = GRPC (default)
2022-07-12 21:09:06,342 [Listener at 127.0.0.1/32899] INFO  grpc.GrpcFactory (GrpcFactory.java:checkPooledByteBufAllocatorUseCacheForAllThreads(48)) - PERFORMANCE WARNING: useCacheForAllThreads is true that may cause Netty to create a lot garbage objects and, as a result, trigger GC.
	It is recommended to disable useCacheForAllThreads by setting -Dorg.apache.ratis.thirdparty.io.netty.allocator.useCacheForAllThreads=false in command line.
2022-07-12 21:09:06,342 [Listener at 127.0.0.1/32899] INFO  grpc.GrpcConfigKeys (ConfUtils.java:logGet(46)) - raft.grpc.admin.port = 0 (custom)
2022-07-12 21:09:06,342 [Listener at 127.0.0.1/32899] INFO  grpc.GrpcConfigKeys (ConfUtils.java:logGet(46)) - raft.grpc.client.port = 0 (custom)
2022-07-12 21:09:06,342 [Listener at 127.0.0.1/32899] INFO  grpc.GrpcConfigKeys (ConfUtils.java:logGet(46)) - raft.grpc.server.port = 0 (default)
2022-07-12 21:09:06,342 [Listener at 127.0.0.1/32899] INFO  server.GrpcService (ConfUtils.java:logGet(46)) - raft.grpc.message.size.max = 32MB (=33554432) (custom)
2022-07-12 21:09:06,342 [Listener at 127.0.0.1/32899] INFO  server.RaftServerConfigKeys (ConfUtils.java:logGet(46)) - raft.server.log.appender.buffer.byte-limit = 33554432 (custom)
2022-07-12 21:09:06,342 [Listener at 127.0.0.1/32899] INFO  server.GrpcService (ConfUtils.java:logGet(46)) - raft.grpc.flow.control.window = 5MB (=5242880) (custom)
2022-07-12 21:09:06,342 [Listener at 127.0.0.1/32899] INFO  server.RaftServerConfigKeys (ConfUtils.java:logGet(46)) - raft.server.rpc.request.timeout = 60s (custom)
2022-07-12 21:09:06,343 [Listener at 127.0.0.1/32899] INFO  grpc.GrpcConfigKeys (ConfUtils.java:logGet(46)) - raft.grpc.server.async.request.thread.pool.cached = true (default)
2022-07-12 21:09:06,343 [Listener at 127.0.0.1/32899] INFO  grpc.GrpcConfigKeys (ConfUtils.java:logGet(46)) - raft.grpc.server.async.request.thread.pool.size = 32 (default)
2022-07-12 21:09:06,344 [Listener at 127.0.0.1/32899] INFO  impl.DataStreamServerImpl (ConfUtils.java:logGet(46)) - raft.datastream.type = DISABLED (default)
2022-07-12 21:09:06,344 [Listener at 127.0.0.1/32899] INFO  server.RaftServerConfigKeys (ConfUtils.java:logGet(46)) - raft.server.threadpool.proxy.cached = true (default)
2022-07-12 21:09:06,344 [Listener at 127.0.0.1/32899] INFO  server.RaftServerConfigKeys (ConfUtils.java:logGet(46)) - raft.server.threadpool.proxy.size = 0 (default)
2022-07-12 21:09:06,344 [Listener at 127.0.0.1/32899] INFO  server.RaftServerConfigKeys (ConfUtils.java:logGet(46)) - raft.server.rpc.slowness.timeout = 300s (custom)
2022-07-12 21:09:06,344 [Listener at 127.0.0.1/32899] INFO  server.RaftServerConfigKeys (ConfUtils.java:logGet(46)) - raft.server.leaderelection.leader.step-down.wait-time = 10s (default)
2022-07-12 21:09:06,344 [Listener at 127.0.0.1/32899] INFO  server.RaftServerConfigKeys (ConfUtils.java:logGet(46)) - raft.server.storage.dir = [/home/runner/work/ozone/ozone/hadoop-ozone/integration-test/target/test-dir/MiniOzoneClusterImpl-97a7afd9-f57e-4952-bd34-49a096582c21/datanode-3/data/ratis] (custom)
2022-07-12 21:09:06,349 [Listener at 127.0.0.1/32899] INFO  server.XceiverServerGrpc (XceiverServerGrpc.java:<init>(132)) - GrpcServer channel type EpollServerSocketChannel
2022-07-12 21:09:06,351 [Listener at 127.0.0.1/32899] INFO  http.BaseHttpServer (BaseHttpServer.java:newHttpServer2BuilderForOzone(209)) - Starting Web-server for hddsDatanode at: http://0.0.0.0:0
2022-07-12 21:09:06,351 [Listener at 127.0.0.1/32899] INFO  http.BaseHttpServer (BaseHttpServer.java:<init>(107)) - Hadoop Security Enabled: false Ozone Security Enabled: false Ozone HTTP Security Enabled: false 
2022-07-12 21:09:06,352 [Listener at 127.0.0.1/32899] INFO  server.AuthenticationFilter (AuthenticationFilter.java:constructSecretProvider(240)) - Unable to initialize FileSignerSecretProvider, falling back to use random secrets.
2022-07-12 21:09:06,356 [Listener at 127.0.0.1/32899] WARN  http.HttpRequestLog (HttpRequestLog.java:getRequestLog(103)) - Jetty request log can only be enabled using Log4j
2022-07-12 21:09:06,357 [Listener at 127.0.0.1/32899] INFO  http.HttpServer2 (HttpServer2.java:addGlobalFilter(1029)) - Added global filter 'safety' (class=org.apache.hadoop.hdds.server.http.HttpServer2$QuotingInputFilter)
2022-07-12 21:09:06,357 [Listener at 127.0.0.1/32899] INFO  http.HttpServer2 (HttpServer2.java:addFilter(1005)) - Added filter static_user_filter (class=org.apache.hadoop.http.lib.StaticUserWebFilter$StaticUserFilter) to context hddsDatanode
2022-07-12 21:09:06,357 [Listener at 127.0.0.1/32899] INFO  http.HttpServer2 (HttpServer2.java:addFilter(1013)) - Added filter static_user_filter (class=org.apache.hadoop.http.lib.StaticUserWebFilter$StaticUserFilter) to context static
2022-07-12 21:09:06,357 [Listener at 127.0.0.1/32899] INFO  http.HttpServer2 (HttpServer2.java:addFilter(1013)) - Added filter static_user_filter (class=org.apache.hadoop.http.lib.StaticUserWebFilter$StaticUserFilter) to context logs
2022-07-12 21:09:06,358 [Listener at 127.0.0.1/32899] INFO  http.HttpServer2 (HttpServer2.java:bindListener(1248)) - Jetty bound to port 44473
2022-07-12 21:09:06,358 [Listener at 127.0.0.1/32899] INFO  server.Server (Server.java:doStart(375)) - jetty-9.4.43.v20210629; built: 2021-06-30T11:07:22.254Z; git: 526006ecfa3af7f1a27ef3a288e2bef7ea9dd7e8; jvm 1.8.0_332-b09
2022-07-12 21:09:06,359 [Listener at 127.0.0.1/32899] INFO  server.session (DefaultSessionIdManager.java:doStart(334)) - DefaultSessionIdManager workerName=node0
2022-07-12 21:09:06,359 [Listener at 127.0.0.1/32899] INFO  server.session (DefaultSessionIdManager.java:doStart(339)) - No SessionScavenger set, using defaults
2022-07-12 21:09:06,359 [Listener at 127.0.0.1/32899] INFO  server.session (HouseKeeper.java:startScavenging(132)) - node0 Scavenging every 600000ms
2022-07-12 21:09:06,400 [Listener at 127.0.0.1/32899] INFO  handler.ContextHandler (ContextHandler.java:doStart(915)) - Started o.e.j.s.ServletContextHandler@3e972130{logs,/logs,file:///home/runner/work/ozone/ozone/hadoop-ozone/integration-test/target/log,AVAILABLE}
2022-07-12 21:09:06,400 [Listener at 127.0.0.1/32899] INFO  handler.ContextHandler (ContextHandler.java:doStart(915)) - Started o.e.j.s.ServletContextHandler@32429456{static,/static,jar:file:/home/runner/.m2/repository/org/apache/ozone/hdds-container-service/1.3.0-SNAPSHOT/hdds-container-service-1.3.0-SNAPSHOT.jar!/webapps/static,AVAILABLE}
2022-07-12 21:09:07,206 [Listener at 127.0.0.1/32899] INFO  handler.ContextHandler (ContextHandler.java:doStart(915)) - Started o.e.j.w.WebAppContext@274ee51d{hddsDatanode,/,file:///tmp/jetty-0_0_0_0-44473-hdds-container-service-1_3_0-SNAPSHOT_jar-_-any-1430613135303073794/webapp/,AVAILABLE}{jar:file:/home/runner/.m2/repository/org/apache/ozone/hdds-container-service/1.3.0-SNAPSHOT/hdds-container-service-1.3.0-SNAPSHOT.jar!/webapps/hddsDatanode}
2022-07-12 21:09:07,212 [IPC Server handler 19 on default port 43199] INFO  net.NetworkTopologyImpl (NetworkTopologyImpl.java:add(112)) - Added a new node: /default-rack/9ca81a7d-c27a-485e-9d50-743190b649b9
2022-07-12 21:09:07,212 [IPC Server handler 19 on default port 43199] INFO  node.SCMNodeManager (SCMNodeManager.java:register(397)) - Registered Data node : 9ca81a7d-c27a-485e-9d50-743190b649b9{ip: 10.1.0.20, host: fv-az452-57.ku3lqr0aiaqu5kfj3xdpchcrvd.dx.internal.cloudapp.net, ports: [REPLICATION=33171, RATIS=33467, RATIS_ADMIN=33467, RATIS_SERVER=33467, STANDALONE=33945], networkLocation: /default-rack, certSerialId: null, persistedOpState: null, persistedOpStateExpiryEpochSec: 0}
2022-07-12 21:09:07,213 [EventQueue-NewNodeForNewNodeHandler] INFO  pipeline.BackgroundPipelineCreator (BackgroundPipelineCreator.java:notifyEventTriggered(275)) - trigger a one-shot run on RatisPipelineUtilsThread.
2022-07-12 21:09:07,240 [EventQueue-NodeRegistrationContainerReportForDataNodeSafeModeRule] INFO  safemode.SCMSafeModeManager (DataNodeSafeModeRule.java:process(71)) - SCM in safe mode. 2 DataNodes registered, 3 required.
2022-07-12 21:09:07,265 [Listener at 127.0.0.1/32899] INFO  server.AbstractConnector (AbstractConnector.java:doStart(331)) - Started ServerConnector@7f837e78{HTTP/1.1, (http/1.1)}{0.0.0.0:44473}
2022-07-12 21:09:07,265 [Listener at 127.0.0.1/32899] INFO  server.Server (Server.java:doStart(415)) - Started @327009ms
2022-07-12 21:09:07,265 [Listener at 127.0.0.1/32899] WARN  impl.MetricsSystemImpl (MetricsSystemImpl.java:register(279)) - Sink prometheus already exists!
2022-07-12 21:09:07,266 [RatisPipelineUtilsThread - 0] INFO  pipeline.RatisPipelineProvider (RatisPipelineProvider.java:lambda$create$0(195)) - Sending CreatePipelineCommand for pipeline:PipelineID=0c2eabee-102c-4a9c-a7d6-47a84b8d8882 to datanode:9ca81a7d-c27a-485e-9d50-743190b649b9
2022-07-12 21:09:07,266 [RatisPipelineUtilsThread - 0] INFO  pipeline.PipelineStateManagerImpl (PipelineStateManagerImpl.java:addPipeline(103)) - Created pipeline Pipeline[ Id: 0c2eabee-102c-4a9c-a7d6-47a84b8d8882, Nodes: 9ca81a7d-c27a-485e-9d50-743190b649b9{ip: 10.1.0.20, host: fv-az452-57.ku3lqr0aiaqu5kfj3xdpchcrvd.dx.internal.cloudapp.net, ports: [REPLICATION=33171, RATIS=33467, RATIS_ADMIN=33467, RATIS_SERVER=33467, STANDALONE=33945], networkLocation: /default-rack, certSerialId: null, persistedOpState: IN_SERVICE, persistedOpStateExpiryEpochSec: 0}, ReplicationConfig: RATIS/ONE, State:ALLOCATED, leaderId:, CreationTimestamp2022-07-12T21:09:07.266Z[Etc/UTC]].
2022-07-12 21:09:07,267 [Listener at 127.0.0.1/32899] INFO  http.BaseHttpServer (BaseHttpServer.java:updateConnectorAddress(329)) - HTTP server of hddsDatanode listening at http://0.0.0.0:44473
2022-07-12 21:09:07,283 [Listener at 127.0.0.1/32899] INFO  impl.MetricsSystemImpl (MetricsSystemImpl.java:init(158)) - HddsDatanode metrics system started (again)
2022-07-12 21:09:07,307 [Datanode State Machine Daemon Thread] INFO  statemachine.DatanodeStateMachine (DatanodeStateMachine.java:lambda$startDaemon$0(492)) - Ozone container server started.
2022-07-12 21:09:07,384 [org.apache.hadoop.util.JvmPauseMonitor$Monitor@521f2374] INFO  util.JvmPauseMonitor (JvmPauseMonitor.java:run(188)) - Starting JVM pause monitor
2022-07-12 21:09:07,416 [Listener at 127.0.0.1/32899] INFO  ozone.HddsDatanodeService (HddsDatanodeService.java:start(236)) - HddsDatanodeService host:fv-az452-57.ku3lqr0aiaqu5kfj3xdpchcrvd.dx.internal.cloudapp.net ip:10.1.0.20
2022-07-12 21:09:07,422 [Datanode State Machine Task Thread - 0] INFO  datanode.InitDatanodeState (InitDatanodeState.java:persistContainerDatanodeDetails(138)) - DatanodeDetails is persisted to /home/runner/work/ozone/ozone/hadoop-ozone/integration-test/target/test-dir/MiniOzoneClusterImpl-97a7afd9-f57e-4952-bd34-49a096582c21/datanode-3/meta/datanode.id
2022-07-12 21:09:07,496 [Listener at 127.0.0.1/32899] INFO  upgrade.AbstractLayoutVersionManager (AbstractLayoutVersionManager.java:init(82)) - Initializing Layout version manager with metadata layout = DATANODE_SCHEMA_V3 (version = 4), software layout = DATANODE_SCHEMA_V3 (version = 4)
2022-07-12 21:09:07,701 [Listener at 127.0.0.1/32899] INFO  reflections.Reflections (Reflections.java:scan(232)) - Reflections took 204 ms to scan 7 urls, producing 132 keys and 317 values 
2022-07-12 21:09:07,703 [Listener at 127.0.0.1/32899] INFO  statemachine.DatanodeStateMachine (DatanodeStateMachine.java:getEndPointTaskThreadPoolSize(237)) - Datanode State Machine Task Thread Pool size 2
2022-07-12 21:09:07,740 [Listener at 127.0.0.1/32899] INFO  volume.HddsVolume (HddsVolume.java:<init>(116)) - Creating HddsVolume: /home/runner/work/ozone/ozone/hadoop-ozone/integration-test/target/test-dir/MiniOzoneClusterImpl-97a7afd9-f57e-4952-bd34-49a096582c21/datanode-4/data-0/containers/hdds of storage type : DISK capacity : 9223372036854775807
2022-07-12 21:09:07,743 [Listener at 127.0.0.1/32899] INFO  volume.MutableVolumeSet (MutableVolumeSet.java:initializeVolumeSet(174)) - Added Volume : /home/runner/work/ozone/ozone/hadoop-ozone/integration-test/target/test-dir/MiniOzoneClusterImpl-97a7afd9-f57e-4952-bd34-49a096582c21/datanode-4/data-0/containers/hdds to VolumeSet
2022-07-12 21:09:07,744 [Listener at 127.0.0.1/32899] INFO  volume.ThrottledAsyncChecker (ThrottledAsyncChecker.java:schedule(141)) - Scheduling a check for /home/runner/work/ozone/ozone/hadoop-ozone/integration-test/target/test-dir/MiniOzoneClusterImpl-97a7afd9-f57e-4952-bd34-49a096582c21/datanode-4/data-0/containers/hdds
2022-07-12 21:09:07,799 [Listener at 127.0.0.1/32899] INFO  volume.StorageVolumeChecker (StorageVolumeChecker.java:checkAllVolumes(202)) - Scheduled health check for volume /home/runner/work/ozone/ozone/hadoop-ozone/integration-test/target/test-dir/MiniOzoneClusterImpl-97a7afd9-f57e-4952-bd34-49a096582c21/datanode-4/data-0/containers/hdds
2022-07-12 21:09:07,832 [EndpointStateMachine task thread for /0.0.0.0:43199 - 0 ] INFO  volume.HddsVolume (HddsVolume.java:createDbStore(309)) - SchemaV3 db is created and loaded at /home/runner/work/ozone/ozone/hadoop-ozone/integration-test/target/test-dir/MiniOzoneClusterImpl-97a7afd9-f57e-4952-bd34-49a096582c21/datanode-2/data-0/containers/hdds/97a7afd9-f57e-4952-bd34-49a096582c21/DS-c4ee8ce9-c585-4485-a6a8-4b670bf0a193/container.db for volume DS-c4ee8ce9-c585-4485-a6a8-4b670bf0a193
2022-07-12 21:09:07,876 [Listener at 127.0.0.1/32899] INFO  volume.MutableVolumeSet (MutableVolumeSet.java:initializeVolumeSet(174)) - Added Volume : /home/runner/work/ozone/ozone/hadoop-ozone/integration-test/target/test-dir/MiniOzoneClusterImpl-97a7afd9-f57e-4952-bd34-49a096582c21/datanode-4/data/ratis to VolumeSet
2022-07-12 21:09:07,876 [Listener at 127.0.0.1/32899] INFO  volume.ThrottledAsyncChecker (ThrottledAsyncChecker.java:schedule(141)) - Scheduling a check for /home/runner/work/ozone/ozone/hadoop-ozone/integration-test/target/test-dir/MiniOzoneClusterImpl-97a7afd9-f57e-4952-bd34-49a096582c21/datanode-4/data/ratis
2022-07-12 21:09:07,876 [Listener at 127.0.0.1/32899] INFO  volume.StorageVolumeChecker (StorageVolumeChecker.java:checkAllVolumes(202)) - Scheduled health check for volume /home/runner/work/ozone/ozone/hadoop-ozone/integration-test/target/test-dir/MiniOzoneClusterImpl-97a7afd9-f57e-4952-bd34-49a096582c21/datanode-4/data/ratis
2022-07-12 21:09:07,888 [EndpointStateMachine task thread for /0.0.0.0:43199 - 0 ] INFO  volume.HddsVolume (HddsVolume.java:closeDbStore(340)) - SchemaV3 db is stopped at /home/runner/work/ozone/ozone/hadoop-ozone/integration-test/target/test-dir/MiniOzoneClusterImpl-97a7afd9-f57e-4952-bd34-49a096582c21/datanode-2/data-0/containers/hdds/97a7afd9-f57e-4952-bd34-49a096582c21/DS-c4ee8ce9-c585-4485-a6a8-4b670bf0a193/container.db for volume DS-c4ee8ce9-c585-4485-a6a8-4b670bf0a193
2022-07-12 21:09:07,888 [EndpointStateMachine task thread for /0.0.0.0:43199 - 0 ] INFO  ozoneimpl.OzoneContainer (OzoneContainer.java:start(344)) - Attempting to start container services.
2022-07-12 21:09:07,888 [EndpointStateMachine task thread for /0.0.0.0:43199 - 0 ] INFO  ozoneimpl.OzoneContainer (OzoneContainer.java:startContainerScrub(279)) - Background container scanner has been disabled.
2022-07-12 21:09:07,894 [EndpointStateMachine task thread for /0.0.0.0:43199 - 0 ] INFO  replication.ReplicationServer (ReplicationServer.java:start(111)) - ReplicationServer is started using port 44895
2022-07-12 21:09:07,947 [EndpointStateMachine task thread for /0.0.0.0:43199 - 0 ] INFO  ratis.XceiverServerRatis (XceiverServerRatis.java:start(481)) - Starting XceiverServerRatis 024a366d-d9bd-4389-bd26-fa648e81fb63
2022-07-12 21:09:07,948 [EndpointStateMachine task thread for /0.0.0.0:43199 - 0 ] INFO  server.RaftServer (RaftServerProxy.java:lambda$start$6(382)) - 024a366d-d9bd-4389-bd26-fa648e81fb63: start RPC server
2022-07-12 21:09:07,959 [EndpointStateMachine task thread for /0.0.0.0:43199 - 0 ] INFO  server.GrpcService (GrpcService.java:startImpl(260)) - 024a366d-d9bd-4389-bd26-fa648e81fb63: GrpcService started, listening on 34045
2022-07-12 21:09:07,975 [EndpointStateMachine task thread for /0.0.0.0:43199 - 0 ] INFO  ratis.XceiverServerRatis (XceiverServerRatis.java:getRealPort(502)) - XceiverServerRatis 024a366d-d9bd-4389-bd26-fa648e81fb63 is started using port 34045 for RATIS
2022-07-12 21:09:07,975 [org.apache.ratis.util.JvmPauseMonitor$$Lambda$613/1050667922@207f7d6e] INFO  util.JvmPauseMonitor (JvmPauseMonitor.java:run(103)) - JvmPauseMonitor-024a366d-d9bd-4389-bd26-fa648e81fb63: Started
2022-07-12 21:09:07,975 [EndpointStateMachine task thread for /0.0.0.0:43199 - 0 ] INFO  ratis.XceiverServerRatis (XceiverServerRatis.java:getRealPort(502)) - XceiverServerRatis 024a366d-d9bd-4389-bd26-fa648e81fb63 is started using port 34045 for RATIS_ADMIN
2022-07-12 21:09:07,983 [EndpointStateMachine task thread for /0.0.0.0:43199 - 0 ] INFO  ratis.XceiverServerRatis (XceiverServerRatis.java:getRealPort(502)) - XceiverServerRatis 024a366d-d9bd-4389-bd26-fa648e81fb63 is started using port 34045 for RATIS_SERVER
2022-07-12 21:09:08,011 [Thread-2228] INFO  ozoneimpl.ContainerReader (ContainerReader.java:readVolume(175)) - Finish verifying containers on volume /home/runner/work/ozone/ozone/hadoop-ozone/integration-test/target/test-dir/MiniOzoneClusterImpl-97a7afd9-f57e-4952-bd34-49a096582c21/datanode-4/data-0/containers/hdds
2022-07-12 21:09:08,019 [Listener at 127.0.0.1/32899] INFO  ozoneimpl.OzoneContainer (OzoneContainer.java:buildContainerSet(266)) - Build ContainerSet costs 0s
2022-07-12 21:09:08,021 [Listener at 127.0.0.1/32899] INFO  server.RaftServer (ConfUtils.java:logGet(46)) - raft.rpc.type = GRPC (default)
2022-07-12 21:09:08,075 [Listener at 127.0.0.1/32899] INFO  grpc.GrpcFactory (GrpcFactory.java:checkPooledByteBufAllocatorUseCacheForAllThreads(48)) - PERFORMANCE WARNING: useCacheForAllThreads is true that may cause Netty to create a lot garbage objects and, as a result, trigger GC.
	It is recommended to disable useCacheForAllThreads by setting -Dorg.apache.ratis.thirdparty.io.netty.allocator.useCacheForAllThreads=false in command line.
2022-07-12 21:09:08,075 [Listener at 127.0.0.1/32899] INFO  grpc.GrpcConfigKeys (ConfUtils.java:logGet(46)) - raft.grpc.admin.port = 0 (custom)
2022-07-12 21:09:08,075 [Listener at 127.0.0.1/32899] INFO  grpc.GrpcConfigKeys (ConfUtils.java:logGet(46)) - raft.grpc.client.port = 0 (custom)
2022-07-12 21:09:08,075 [Listener at 127.0.0.1/32899] INFO  grpc.GrpcConfigKeys (ConfUtils.java:logGet(46)) - raft.grpc.server.port = 0 (default)
2022-07-12 21:09:08,075 [Listener at 127.0.0.1/32899] INFO  server.GrpcService (ConfUtils.java:logGet(46)) - raft.grpc.message.size.max = 32MB (=33554432) (custom)
2022-07-12 21:09:08,076 [Listener at 127.0.0.1/32899] INFO  server.RaftServerConfigKeys (ConfUtils.java:logGet(46)) - raft.server.log.appender.buffer.byte-limit = 33554432 (custom)
2022-07-12 21:09:08,076 [Listener at 127.0.0.1/32899] INFO  server.GrpcService (ConfUtils.java:logGet(46)) - raft.grpc.flow.control.window = 5MB (=5242880) (custom)
2022-07-12 21:09:08,076 [Listener at 127.0.0.1/32899] INFO  server.RaftServerConfigKeys (ConfUtils.java:logGet(46)) - raft.server.rpc.request.timeout = 60s (custom)
2022-07-12 21:09:08,076 [Listener at 127.0.0.1/32899] INFO  grpc.GrpcConfigKeys (ConfUtils.java:logGet(46)) - raft.grpc.server.async.request.thread.pool.cached = true (default)
2022-07-12 21:09:08,076 [Listener at 127.0.0.1/32899] INFO  grpc.GrpcConfigKeys (ConfUtils.java:logGet(46)) - raft.grpc.server.async.request.thread.pool.size = 32 (default)
2022-07-12 21:09:08,077 [Listener at 127.0.0.1/32899] INFO  impl.DataStreamServerImpl (ConfUtils.java:logGet(46)) - raft.datastream.type = DISABLED (default)
2022-07-12 21:09:08,078 [Listener at 127.0.0.1/32899] INFO  server.RaftServerConfigKeys (ConfUtils.java:logGet(46)) - raft.server.threadpool.proxy.cached = true (default)
2022-07-12 21:09:08,078 [Listener at 127.0.0.1/32899] INFO  server.RaftServerConfigKeys (ConfUtils.java:logGet(46)) - raft.server.threadpool.proxy.size = 0 (default)
2022-07-12 21:09:08,078 [Listener at 127.0.0.1/32899] INFO  server.RaftServerConfigKeys (ConfUtils.java:logGet(46)) - raft.server.rpc.slowness.timeout = 300s (custom)
2022-07-12 21:09:08,078 [Listener at 127.0.0.1/32899] INFO  server.RaftServerConfigKeys (ConfUtils.java:logGet(46)) - raft.server.leaderelection.leader.step-down.wait-time = 10s (default)
2022-07-12 21:09:08,078 [Listener at 127.0.0.1/32899] INFO  server.RaftServerConfigKeys (ConfUtils.java:logGet(46)) - raft.server.storage.dir = [/home/runner/work/ozone/ozone/hadoop-ozone/integration-test/target/test-dir/MiniOzoneClusterImpl-97a7afd9-f57e-4952-bd34-49a096582c21/datanode-4/data/ratis] (custom)
2022-07-12 21:09:08,089 [Listener at 127.0.0.1/32899] INFO  server.XceiverServerGrpc (XceiverServerGrpc.java:<init>(132)) - GrpcServer channel type EpollServerSocketChannel
2022-07-12 21:09:08,131 [Listener at 127.0.0.1/32899] INFO  http.BaseHttpServer (BaseHttpServer.java:newHttpServer2BuilderForOzone(209)) - Starting Web-server for hddsDatanode at: http://0.0.0.0:0
2022-07-12 21:09:08,131 [Listener at 127.0.0.1/32899] INFO  http.BaseHttpServer (BaseHttpServer.java:<init>(107)) - Hadoop Security Enabled: false Ozone Security Enabled: false Ozone HTTP Security Enabled: false 
2022-07-12 21:09:08,132 [Listener at 127.0.0.1/32899] INFO  server.AuthenticationFilter (AuthenticationFilter.java:constructSecretProvider(240)) - Unable to initialize FileSignerSecretProvider, falling back to use random secrets.
2022-07-12 21:09:08,139 [Listener at 127.0.0.1/32899] WARN  http.HttpRequestLog (HttpRequestLog.java:getRequestLog(103)) - Jetty request log can only be enabled using Log4j
2022-07-12 21:09:08,140 [Listener at 127.0.0.1/32899] INFO  http.HttpServer2 (HttpServer2.java:addGlobalFilter(1029)) - Added global filter 'safety' (class=org.apache.hadoop.hdds.server.http.HttpServer2$QuotingInputFilter)
2022-07-12 21:09:08,141 [Listener at 127.0.0.1/32899] INFO  http.HttpServer2 (HttpServer2.java:addFilter(1005)) - Added filter static_user_filter (class=org.apache.hadoop.http.lib.StaticUserWebFilter$StaticUserFilter) to context hddsDatanode
2022-07-12 21:09:08,141 [Listener at 127.0.0.1/32899] INFO  http.HttpServer2 (HttpServer2.java:addFilter(1013)) - Added filter static_user_filter (class=org.apache.hadoop.http.lib.StaticUserWebFilter$StaticUserFilter) to context logs
2022-07-12 21:09:08,141 [Listener at 127.0.0.1/32899] INFO  http.HttpServer2 (HttpServer2.java:addFilter(1013)) - Added filter static_user_filter (class=org.apache.hadoop.http.lib.StaticUserWebFilter$StaticUserFilter) to context static
2022-07-12 21:09:08,142 [Listener at 127.0.0.1/32899] INFO  http.HttpServer2 (HttpServer2.java:bindListener(1248)) - Jetty bound to port 40367
2022-07-12 21:09:08,142 [Listener at 127.0.0.1/32899] INFO  server.Server (Server.java:doStart(375)) - jetty-9.4.43.v20210629; built: 2021-06-30T11:07:22.254Z; git: 526006ecfa3af7f1a27ef3a288e2bef7ea9dd7e8; jvm 1.8.0_332-b09
2022-07-12 21:09:08,143 [Listener at 127.0.0.1/32899] INFO  server.session (DefaultSessionIdManager.java:doStart(334)) - DefaultSessionIdManager workerName=node0
2022-07-12 21:09:08,143 [Listener at 127.0.0.1/32899] INFO  server.session (DefaultSessionIdManager.java:doStart(339)) - No SessionScavenger set, using defaults
2022-07-12 21:09:08,143 [Listener at 127.0.0.1/32899] INFO  server.session (HouseKeeper.java:startScavenging(132)) - node0 Scavenging every 600000ms
2022-07-12 21:09:08,144 [Listener at 127.0.0.1/32899] INFO  handler.ContextHandler (ContextHandler.java:doStart(915)) - Started o.e.j.s.ServletContextHandler@36d81062{logs,/logs,file:///home/runner/work/ozone/ozone/hadoop-ozone/integration-test/target/log,AVAILABLE}
2022-07-12 21:09:08,144 [Listener at 127.0.0.1/32899] INFO  handler.ContextHandler (ContextHandler.java:doStart(915)) - Started o.e.j.s.ServletContextHandler@2c358728{static,/static,jar:file:/home/runner/.m2/repository/org/apache/ozone/hdds-container-service/1.3.0-SNAPSHOT/hdds-container-service-1.3.0-SNAPSHOT.jar!/webapps/static,AVAILABLE}
2022-07-12 21:09:08,199 [EndpointStateMachine task thread for /0.0.0.0:43199 - 0 ] INFO  server.XceiverServerGrpc (XceiverServerGrpc.java:start(180)) - XceiverServerGrpc 024a366d-d9bd-4389-bd26-fa648e81fb63 is started using port 44955
2022-07-12 21:09:08,425 [Command processor thread] INFO  server.RaftServer (RaftServerProxy.java:addNew(96)) - 76813abd-30d7-4706-b809-3e10cf795ab1: addNew group-901017E67123:[76813abd-30d7-4706-b809-3e10cf795ab1|rpc:10.1.0.20:33965|priority:1] returns group-901017E67123:java.util.concurrent.CompletableFuture@5eb0c6dd[Not completed]
2022-07-12 21:09:08,458 [pool-1171-thread-1] INFO  server.RaftServer$Division (RaftServerImpl.java:<init>(190)) - 76813abd-30d7-4706-b809-3e10cf795ab1: new RaftServerImpl for group-901017E67123:[76813abd-30d7-4706-b809-3e10cf795ab1|rpc:10.1.0.20:33965|priority:1] with ContainerStateMachine:uninitialized
2022-07-12 21:09:08,459 [pool-1171-thread-1] INFO  server.RaftServerConfigKeys (ConfUtils.java:logGet(46)) - raft.server.rpc.timeout.min = 5s (custom)
2022-07-12 21:09:08,459 [pool-1171-thread-1] INFO  server.RaftServerConfigKeys (ConfUtils.java:logGet(46)) - raft.server.rpc.timeout.max = 5200ms (custom)
2022-07-12 21:09:08,459 [pool-1171-thread-1] INFO  server.RaftServerConfigKeys (ConfUtils.java:logGet(46)) - raft.server.rpc.sleep.time = 25ms (default)
2022-07-12 21:09:08,459 [pool-1171-thread-1] INFO  server.RaftServerConfigKeys (ConfUtils.java:logGet(46)) - raft.server.rpc.slowness.timeout = 300s (custom)
2022-07-12 21:09:08,459 [pool-1171-thread-1] INFO  server.RaftServerConfigKeys (ConfUtils.java:logGet(46)) - raft.server.leaderelection.leader.step-down.wait-time = 10s (default)
2022-07-12 21:09:08,459 [pool-1171-thread-1] INFO  server.RaftServerConfigKeys (ConfUtils.java:logGet(46)) - raft.server.sleep.deviation.threshold = 300ms (default)
2022-07-12 21:09:08,459 [pool-1171-thread-1] INFO  server.RaftServer$Division (ServerState.java:<init>(107)) - 76813abd-30d7-4706-b809-3e10cf795ab1@group-901017E67123: ConfigurationManager, init=-1: [76813abd-30d7-4706-b809-3e10cf795ab1|rpc:10.1.0.20:33965|priority:1], old=null, confs=<EMPTY_MAP>
2022-07-12 21:09:08,459 [pool-1171-thread-1] INFO  server.RaftServerConfigKeys (ConfUtils.java:logGet(46)) - raft.server.storage.dir = [/home/runner/work/ozone/ozone/hadoop-ozone/integration-test/target/test-dir/MiniOzoneClusterImpl-97a7afd9-f57e-4952-bd34-49a096582c21/datanode-0/data/ratis] (custom)
2022-07-12 21:09:08,459 [pool-1171-thread-1] INFO  server.RaftServerConfigKeys (ConfUtils.java:logGet(46)) - raft.server.log.corruption.policy = EXCEPTION (default)
2022-07-12 21:09:08,459 [pool-1171-thread-1] INFO  server.RaftServerConfigKeys (ConfUtils.java:logGet(46)) - raft.server.storage.free-space.min = 0MB (=0) (default)
2022-07-12 21:09:08,500 [pool-1171-thread-1] INFO  storage.RaftStorageDirectory (RaftStorageDirectoryImpl.java:analyzeStorage(135)) - The storage directory /home/runner/work/ozone/ozone/hadoop-ozone/integration-test/target/test-dir/MiniOzoneClusterImpl-97a7afd9-f57e-4952-bd34-49a096582c21/datanode-0/data/ratis/ed5be159-fb21-450e-b060-901017e67123 does not exist. Creating ...
2022-07-12 21:09:08,505 [pool-1171-thread-1] INFO  storage.RaftStorageDirectory (RaftStorageDirectoryImpl.java:tryLock(230)) - Lock on /home/runner/work/ozone/ozone/hadoop-ozone/integration-test/target/test-dir/MiniOzoneClusterImpl-97a7afd9-f57e-4952-bd34-49a096582c21/datanode-0/data/ratis/ed5be159-fb21-450e-b060-901017e67123/in_use.lock acquired by nodename 31611@fv-az452-57
2022-07-12 21:09:08,508 [pool-1171-thread-1] INFO  storage.RaftStorage (RaftStorageImpl.java:format(89)) - Storage directory /home/runner/work/ozone/ozone/hadoop-ozone/integration-test/target/test-dir/MiniOzoneClusterImpl-97a7afd9-f57e-4952-bd34-49a096582c21/datanode-0/data/ratis/ed5be159-fb21-450e-b060-901017e67123 has been successfully formatted.
2022-07-12 21:09:08,553 [pool-1171-thread-1] INFO  ratis.ContainerStateMachine (ContainerStateMachine.java:loadSnapshot(236)) - group-901017E67123: The snapshot info is null. Setting the last applied indexto:(t:0, i:~)
2022-07-12 21:09:08,554 [pool-1171-thread-1] INFO  server.RaftServerConfigKeys (ConfUtils.java:logGet(46)) - raft.server.notification.no-leader.timeout = 300s (custom)
2022-07-12 21:09:08,554 [pool-1171-thread-1] INFO  server.RaftServerConfigKeys (ConfUtils.java:logGet(46)) - raft.server.log.use.memory = false (default)
2022-07-12 21:09:08,554 [pool-1171-thread-1] INFO  server.RaftServerConfigKeys (ConfUtils.java:logGet(46)) - raft.server.log.purge.gap = 1000000 (custom)
2022-07-12 21:09:08,554 [pool-1171-thread-1] INFO  server.RaftServerConfigKeys (ConfUtils.java:logGet(46)) - raft.server.log.appender.buffer.byte-limit = 33554432 (custom)
2022-07-12 21:09:08,554 [pool-1171-thread-1] INFO  server.RaftServerConfigKeys (ConfUtils.java:logGet(46)) - raft.server.log.statemachine.data.read.timeout = 1000ms (default)
2022-07-12 21:09:08,554 [pool-1171-thread-1] INFO  server.RaftServerConfigKeys (ConfUtils.java:logGet(46)) - raft.server.log.segment.size.max = 1048576 (custom)
2022-07-12 21:09:08,555 [pool-1171-thread-1] INFO  server.RaftServerConfigKeys (ConfUtils.java:logGet(46)) - raft.server.log.segment.cache.num.max = 2 (custom)
2022-07-12 21:09:08,555 [pool-1171-thread-1] INFO  server.RaftServerConfigKeys (ConfUtils.java:logGet(46)) - raft.server.log.segment.cache.size.max = 200MB (=209715200) (default)
2022-07-12 21:09:08,555 [pool-1171-thread-1] INFO  segmented.SegmentedRaftLogWorker (SegmentedRaftLogWorker.java:<init>(187)) - new 76813abd-30d7-4706-b809-3e10cf795ab1@group-901017E67123-SegmentedRaftLogWorker for RaftStorageImpl:Storage Directory /home/runner/work/ozone/ozone/hadoop-ozone/integration-test/target/test-dir/MiniOzoneClusterImpl-97a7afd9-f57e-4952-bd34-49a096582c21/datanode-0/data/ratis/ed5be159-fb21-450e-b060-901017e67123
2022-07-12 21:09:08,555 [pool-1171-thread-1] INFO  server.RaftServerConfigKeys (ConfUtils.java:logGet(46)) - raft.server.log.queue.byte-limit = 4294967296 (custom)
2022-07-12 21:09:08,555 [pool-1171-thread-1] INFO  server.RaftServerConfigKeys (ConfUtils.java:logGet(46)) - raft.server.log.queue.element-limit = 1024 (custom)
2022-07-12 21:09:08,555 [pool-1171-thread-1] INFO  server.RaftServerConfigKeys (ConfUtils.java:logGet(46)) - raft.server.log.segment.size.max = 1048576 (custom)
2022-07-12 21:09:08,555 [pool-1171-thread-1] INFO  server.RaftServerConfigKeys (ConfUtils.java:logGet(46)) - raft.server.log.preallocated.size = 16384 (custom)
2022-07-12 21:09:08,555 [pool-1171-thread-1] INFO  server.RaftServerConfigKeys (ConfUtils.java:logGet(46)) - raft.server.log.force.sync.num = 128 (default)
2022-07-12 21:09:08,555 [pool-1171-thread-1] INFO  server.RaftServerConfigKeys (ConfUtils.java:logGet(46)) - raft.server.log.statemachine.data.sync = true (default)
2022-07-12 21:09:08,555 [pool-1171-thread-1] INFO  server.RaftServerConfigKeys (ConfUtils.java:logGet(46)) - raft.server.log.statemachine.data.sync.timeout = 10s (default)
2022-07-12 21:09:08,555 [pool-1171-thread-1] INFO  server.RaftServerConfigKeys (ConfUtils.java:logGet(46)) - raft.server.log.statemachine.data.sync.timeout.retry = -1 (default)
2022-07-12 21:09:08,556 [EventQueue-PipelineReportForPipelineReportHandler] INFO  pipeline.PipelineManagerImpl (PipelineManagerImpl.java:openPipeline(359)) - Pipeline Pipeline[ Id: ed5be159-fb21-450e-b060-901017e67123, Nodes: 76813abd-30d7-4706-b809-3e10cf795ab1{ip: 10.1.0.20, host: fv-az452-57.ku3lqr0aiaqu5kfj3xdpchcrvd.dx.internal.cloudapp.net, ports: [REPLICATION=34833, RATIS=33965, RATIS_ADMIN=33965, RATIS_SERVER=33965, STANDALONE=45257], networkLocation: /default-rack, certSerialId: null, persistedOpState: IN_SERVICE, persistedOpStateExpiryEpochSec: 0}, ReplicationConfig: RATIS/ONE, State:ALLOCATED, leaderId:76813abd-30d7-4706-b809-3e10cf795ab1, CreationTimestamp2022-07-12T21:09:05.483Z[Etc/UTC]] moved to OPEN state
2022-07-12 21:09:08,563 [pool-1171-thread-1] INFO  server.RaftServerConfigKeys (ConfUtils.java:logGet(46)) - raft.server.log.write.buffer.size = 1048576 (custom)
2022-07-12 21:09:08,563 [pool-1171-thread-1] INFO  server.RaftServerConfigKeys (ConfUtils.java:logGet(46)) - raft.server.log.unsafe-flush.enabled = false (default)
2022-07-12 21:09:08,563 [pool-1171-thread-1] INFO  server.RaftServerConfigKeys (ConfUtils.java:logGet(46)) - raft.server.log.statemachine.data.caching.enabled = true (custom)
2022-07-12 21:09:08,563 [pool-1171-thread-1] INFO  segmented.SegmentedRaftLogWorker (SegmentedRaftLogWorker.java:lambda$new$0(135)) - 76813abd-30d7-4706-b809-3e10cf795ab1@group-901017E67123-SegmentedRaftLogWorker: flushIndex: setUnconditionally 0 -> -1
2022-07-12 21:09:08,563 [pool-1171-thread-1] INFO  segmented.SegmentedRaftLogWorker (SegmentedRaftLogWorker.java:lambda$new$0(135)) - 76813abd-30d7-4706-b809-3e10cf795ab1@group-901017E67123-SegmentedRaftLogWorker: safeCacheEvictIndex: setUnconditionally 0 -> -1
2022-07-12 21:09:08,571 [pool-1171-thread-1] INFO  server.RaftServerConfigKeys (ConfUtils.java:logGet(46)) - raft.server.snapshot.auto.trigger.enabled = true (custom)
2022-07-12 21:09:08,571 [pool-1171-thread-1] INFO  server.RaftServerConfigKeys (ConfUtils.java:logGet(46)) - raft.server.snapshot.auto.trigger.threshold = 10000 (custom)
2022-07-12 21:09:08,571 [pool-1171-thread-1] INFO  server.RaftServerConfigKeys (ConfUtils.java:logGet(46)) - raft.server.snapshot.retention.file.num = 5 (custom)
2022-07-12 21:09:08,572 [pool-1171-thread-1] INFO  server.RaftServerConfigKeys (ConfUtils.java:logGet(46)) - raft.server.log.purge.upto.snapshot.index = false (default)
2022-07-12 21:09:08,572 [pool-1171-thread-1] INFO  server.RaftServerConfigKeys (ConfUtils.java:logGet(46)) - raft.server.retrycache.expirytime = 600000ms (custom)
2022-07-12 21:09:08,572 [pool-1171-thread-1] INFO  server.RaftServerConfigKeys (ConfUtils.java:logGet(46)) - raft.server.retrycache.statistics.expirytime = 100μs (default)
2022-07-12 21:09:08,588 [pool-1171-thread-1] INFO  server.RaftServerConfigKeys (ConfUtils.java:logGet(46)) - raft.server.log.appender.install.snapshot.enabled = false (custom)
2022-07-12 21:09:08,588 [pool-1171-thread-1] INFO  server.RaftServerConfigKeys (ConfUtils.java:logGet(46)) - raft.server.threadpool.server.cached = true (default)
2022-07-12 21:09:08,588 [pool-1171-thread-1] INFO  server.RaftServerConfigKeys (ConfUtils.java:logGet(46)) - raft.server.threadpool.server.size = 0 (default)
2022-07-12 21:09:08,588 [pool-1171-thread-1] INFO  server.RaftServerConfigKeys (ConfUtils.java:logGet(46)) - raft.server.threadpool.client.cached = true (default)
2022-07-12 21:09:08,588 [pool-1171-thread-1] INFO  server.RaftServerConfigKeys (ConfUtils.java:logGet(46)) - raft.server.threadpool.client.size = 0 (default)
2022-07-12 21:09:08,589 [pool-1171-thread-1] INFO  server.RaftServer$Division (RaftServerImpl.java:start(310)) - 76813abd-30d7-4706-b809-3e10cf795ab1@group-901017E67123: start as a follower, conf=-1: [76813abd-30d7-4706-b809-3e10cf795ab1|rpc:10.1.0.20:33965|priority:1], old=null
2022-07-12 21:09:08,589 [pool-1171-thread-1] INFO  server.RaftServer$Division (RaftServerImpl.java:setRole(299)) - 76813abd-30d7-4706-b809-3e10cf795ab1@group-901017E67123: changes role from      null to FOLLOWER at term 0 for startAsFollower
2022-07-12 21:09:08,589 [pool-1171-thread-1] INFO  impl.RoleInfo (RoleInfo.java:updateAndGet(139)) - 76813abd-30d7-4706-b809-3e10cf795ab1: start 76813abd-30d7-4706-b809-3e10cf795ab1@group-901017E67123-FollowerState
2022-07-12 21:09:08,608 [pool-1171-thread-1] INFO  util.JmxRegister (JmxRegister.java:tryRegister(44)) - Successfully registered JMX Bean with object name Ratis:service=RaftServer,group=group-901017E67123,id=76813abd-30d7-4706-b809-3e10cf795ab1
2022-07-12 21:09:08,627 [Command processor thread] INFO  ratis.XceiverServerRatis (XceiverServerRatis.java:addGroup(765)) - Created group PipelineID=ed5be159-fb21-450e-b060-901017e67123
2022-07-12 21:09:08,628 [Command processor thread] INFO  commandhandler.CreatePipelineCommandHandler (CreatePipelineCommandHandler.java:handle(113)) - Created Pipeline RATIS ONE PipelineID=ed5be159-fb21-450e-b060-901017e67123.
2022-07-12 21:09:08,677 [EventQueue-OpenPipelineForHealthyPipelineSafeModeRule] INFO  safemode.SCMSafeModeManager (HealthyPipelineSafeModeRule.java:process(124)) - SCM in safe mode. Healthy pipelines reported count is 0, required healthy pipeline reported count is 1
2022-07-12 21:09:09,135 [Listener at 127.0.0.1/32899] INFO  handler.ContextHandler (ContextHandler.java:doStart(915)) - Started o.e.j.w.WebAppContext@1fe88491{hddsDatanode,/,file:///tmp/jetty-0_0_0_0-40367-hdds-container-service-1_3_0-SNAPSHOT_jar-_-any-4346294810779445024/webapp/,AVAILABLE}{jar:file:/home/runner/.m2/repository/org/apache/ozone/hdds-container-service/1.3.0-SNAPSHOT/hdds-container-service-1.3.0-SNAPSHOT.jar!/webapps/hddsDatanode}
2022-07-12 21:09:09,228 [Listener at 127.0.0.1/32899] INFO  server.AbstractConnector (AbstractConnector.java:doStart(331)) - Started ServerConnector@17dad310{HTTP/1.1, (http/1.1)}{0.0.0.0:40367}
2022-07-12 21:09:09,228 [Listener at 127.0.0.1/32899] INFO  server.Server (Server.java:doStart(415)) - Started @328971ms
2022-07-12 21:09:09,228 [Listener at 127.0.0.1/32899] WARN  impl.MetricsSystemImpl (MetricsSystemImpl.java:register(279)) - Sink prometheus already exists!
2022-07-12 21:09:09,229 [Listener at 127.0.0.1/32899] INFO  http.BaseHttpServer (BaseHttpServer.java:updateConnectorAddress(329)) - HTTP server of hddsDatanode listening at http://0.0.0.0:40367
2022-07-12 21:09:09,229 [Listener at 127.0.0.1/32899] INFO  ozone.MiniOzoneClusterImpl (MiniOzoneClusterImpl.java:lambda$waitForClusterToBeReady$0(223)) - Waiting for nodes to be ready. Got 2 of 5 DN Heartbeats.
2022-07-12 21:09:09,229 [Listener at 127.0.0.1/32899] INFO  ozone.MiniOzoneClusterImpl (MiniOzoneClusterImpl.java:lambda$waitForClusterToBeReady$0(226)) - Waiting for cluster to exit safe mode
2022-07-12 21:09:09,230 [Listener at 127.0.0.1/32899] INFO  ozone.MiniOzoneClusterImpl (MiniOzoneClusterImpl.java:lambda$waitForClusterToBeReady$0(228)) - SCM became leader
2022-07-12 21:09:09,247 [Datanode State Machine Daemon Thread] INFO  statemachine.DatanodeStateMachine (DatanodeStateMachine.java:lambda$startDaemon$0(492)) - Ozone container server started.
2022-07-12 21:09:09,456 [org.apache.hadoop.util.JvmPauseMonitor$Monitor@63cd0f63] INFO  util.JvmPauseMonitor (JvmPauseMonitor.java:run(188)) - Starting JVM pause monitor
2022-07-12 21:09:09,467 [Datanode State Machine Task Thread - 0] INFO  datanode.InitDatanodeState (InitDatanodeState.java:persistContainerDatanodeDetails(138)) - DatanodeDetails is persisted to /home/runner/work/ozone/ozone/hadoop-ozone/integration-test/target/test-dir/MiniOzoneClusterImpl-97a7afd9-f57e-4952-bd34-49a096582c21/datanode-4/meta/datanode.id
2022-07-12 21:09:09,597 [IPC Server handler 0 on default port 43199] INFO  net.NetworkTopologyImpl (NetworkTopologyImpl.java:add(112)) - Added a new node: /default-rack/024a366d-d9bd-4389-bd26-fa648e81fb63
2022-07-12 21:09:09,598 [IPC Server handler 0 on default port 43199] INFO  node.SCMNodeManager (SCMNodeManager.java:register(397)) - Registered Data node : 024a366d-d9bd-4389-bd26-fa648e81fb63{ip: 10.1.0.20, host: fv-az452-57.ku3lqr0aiaqu5kfj3xdpchcrvd.dx.internal.cloudapp.net, ports: [REPLICATION=44895, RATIS=34045, RATIS_ADMIN=34045, RATIS_SERVER=34045, STANDALONE=44955], networkLocation: /default-rack, certSerialId: null, persistedOpState: null, persistedOpStateExpiryEpochSec: 0}
2022-07-12 21:09:09,598 [EventQueue-NewNodeForNewNodeHandler] INFO  pipeline.BackgroundPipelineCreator (BackgroundPipelineCreator.java:notifyEventTriggered(275)) - trigger a one-shot run on RatisPipelineUtilsThread.
2022-07-12 21:09:09,644 [EndpointStateMachine task thread for /0.0.0.0:43199 - 0 ] INFO  volume.HddsVolume (HddsVolume.java:createDbStore(309)) - SchemaV3 db is created and loaded at /home/runner/work/ozone/ozone/hadoop-ozone/integration-test/target/test-dir/MiniOzoneClusterImpl-97a7afd9-f57e-4952-bd34-49a096582c21/datanode-3/data-0/containers/hdds/97a7afd9-f57e-4952-bd34-49a096582c21/DS-80c7d785-09cb-4cbe-a9bc-6363ebf41fe0/container.db for volume DS-80c7d785-09cb-4cbe-a9bc-6363ebf41fe0
2022-07-12 21:09:09,645 [EndpointStateMachine task thread for /0.0.0.0:43199 - 0 ] INFO  volume.HddsVolume (HddsVolume.java:closeDbStore(340)) - SchemaV3 db is stopped at /home/runner/work/ozone/ozone/hadoop-ozone/integration-test/target/test-dir/MiniOzoneClusterImpl-97a7afd9-f57e-4952-bd34-49a096582c21/datanode-3/data-0/containers/hdds/97a7afd9-f57e-4952-bd34-49a096582c21/DS-80c7d785-09cb-4cbe-a9bc-6363ebf41fe0/container.db for volume DS-80c7d785-09cb-4cbe-a9bc-6363ebf41fe0
2022-07-12 21:09:09,645 [EndpointStateMachine task thread for /0.0.0.0:43199 - 0 ] INFO  ozoneimpl.OzoneContainer (OzoneContainer.java:start(344)) - Attempting to start container services.
2022-07-12 21:09:09,645 [EndpointStateMachine task thread for /0.0.0.0:43199 - 0 ] INFO  ozoneimpl.OzoneContainer (OzoneContainer.java:startContainerScrub(279)) - Background container scanner has been disabled.
2022-07-12 21:09:09,647 [EventQueue-NodeRegistrationContainerReportForDataNodeSafeModeRule] INFO  safemode.SCMSafeModeManager (DataNodeSafeModeRule.java:process(71)) - SCM in safe mode. 3 DataNodes registered, 3 required.
2022-07-12 21:09:09,647 [EventQueue-NodeRegistrationContainerReportForDataNodeSafeModeRule] INFO  safemode.SCMSafeModeManager (SCMSafeModeManager.java:validateSafeModeExitRules(204)) - DataNodeSafeModeRule rule is successfully validated
2022-07-12 21:09:09,647 [EventQueue-NodeRegistrationContainerReportForDataNodeSafeModeRule] INFO  safemode.SCMSafeModeManager (SCMSafeModeManager.java:completePreCheck(233)) - All SCM safe mode pre check rules have passed
2022-07-12 21:09:09,657 [EventQueue-NodeRegistrationContainerReportForDataNodeSafeModeRule] WARN  events.EventQueue (EventQueue.java:fireEvent(216)) - No event handler registered for event TypedEvent{payloadType=SafeModeStatus, name='Safe mode status'}
2022-07-12 21:09:09,657 [EventQueue-NodeRegistrationContainerReportForDataNodeSafeModeRule] INFO  ha.SCMContext (SCMContext.java:updateSafeModeStatus(228)) - Update SafeModeStatus from SafeModeStatus{safeModeStatus=true, preCheckPassed=false} to SafeModeStatus{safeModeStatus=true, preCheckPassed=true}.
2022-07-12 21:09:09,657 [EventQueue-NodeRegistrationContainerReportForDataNodeSafeModeRule] INFO  pipeline.BackgroundPipelineCreator (BackgroundPipelineCreator.java:notifyEventTriggered(275)) - trigger a one-shot run on RatisPipelineUtilsThread.
2022-07-12 21:09:09,657 [RatisPipelineUtilsThread - 0] INFO  pipeline.RatisPipelineProvider (RatisPipelineProvider.java:lambda$create$0(195)) - Sending CreatePipelineCommand for pipeline:PipelineID=b4895c06-102b-444c-9a5e-22a019f97b77 to datanode:024a366d-d9bd-4389-bd26-fa648e81fb63
2022-07-12 21:09:09,658 [RatisPipelineUtilsThread - 0] INFO  pipeline.PipelineStateManagerImpl (PipelineStateManagerImpl.java:addPipeline(103)) - Created pipeline Pipeline[ Id: b4895c06-102b-444c-9a5e-22a019f97b77, Nodes: 024a366d-d9bd-4389-bd26-fa648e81fb63{ip: 10.1.0.20, host: fv-az452-57.ku3lqr0aiaqu5kfj3xdpchcrvd.dx.internal.cloudapp.net, ports: [REPLICATION=44895, RATIS=34045, RATIS_ADMIN=34045, RATIS_SERVER=34045, STANDALONE=44955], networkLocation: /default-rack, certSerialId: null, persistedOpState: IN_SERVICE, persistedOpStateExpiryEpochSec: 0}, ReplicationConfig: RATIS/ONE, State:ALLOCATED, leaderId:, CreationTimestamp2022-07-12T21:09:09.657Z[Etc/UTC]].
2022-07-12 21:09:09,658 [RatisPipelineUtilsThread - 0] INFO  pipeline.RatisPipelineProvider (RatisPipelineProvider.java:lambda$create$0(195)) - Sending CreatePipelineCommand for pipeline:PipelineID=25c658f3-57eb-4001-9afd-e7b5f2df8633 to datanode:76813abd-30d7-4706-b809-3e10cf795ab1
2022-07-12 21:09:09,658 [RatisPipelineUtilsThread - 0] INFO  pipeline.RatisPipelineProvider (RatisPipelineProvider.java:lambda$create$0(195)) - Sending CreatePipelineCommand for pipeline:PipelineID=25c658f3-57eb-4001-9afd-e7b5f2df8633 to datanode:024a366d-d9bd-4389-bd26-fa648e81fb63
2022-07-12 21:09:09,658 [RatisPipelineUtilsThread - 0] INFO  pipeline.RatisPipelineProvider (RatisPipelineProvider.java:lambda$create$0(195)) - Sending CreatePipelineCommand for pipeline:PipelineID=25c658f3-57eb-4001-9afd-e7b5f2df8633 to datanode:9ca81a7d-c27a-485e-9d50-743190b649b9
2022-07-12 21:09:09,658 [RatisPipelineUtilsThread - 0] INFO  pipeline.PipelineStateManagerImpl (PipelineStateManagerImpl.java:addPipeline(103)) - Created pipeline Pipeline[ Id: 25c658f3-57eb-4001-9afd-e7b5f2df8633, Nodes: 76813abd-30d7-4706-b809-3e10cf795ab1{ip: 10.1.0.20, host: fv-az452-57.ku3lqr0aiaqu5kfj3xdpchcrvd.dx.internal.cloudapp.net, ports: [REPLICATION=34833, RATIS=33965, RATIS_ADMIN=33965, RATIS_SERVER=33965, STANDALONE=45257], networkLocation: /default-rack, certSerialId: null, persistedOpState: IN_SERVICE, persistedOpStateExpiryEpochSec: 0}024a366d-d9bd-4389-bd26-fa648e81fb63{ip: 10.1.0.20, host: fv-az452-57.ku3lqr0aiaqu5kfj3xdpchcrvd.dx.internal.cloudapp.net, ports: [REPLICATION=44895, RATIS=34045, RATIS_ADMIN=34045, RATIS_SERVER=34045, STANDALONE=44955], networkLocation: /default-rack, certSerialId: null, persistedOpState: IN_SERVICE, persistedOpStateExpiryEpochSec: 0}9ca81a7d-c27a-485e-9d50-743190b649b9{ip: 10.1.0.20, host: fv-az452-57.ku3lqr0aiaqu5kfj3xdpchcrvd.dx.internal.cloudapp.net, ports: [REPLICATION=33171, RATIS=33467, RATIS_ADMIN=33467, RATIS_SERVER=33467, STANDALONE=33945], networkLocation: /default-rack, certSerialId: null, persistedOpState: IN_SERVICE, persistedOpStateExpiryEpochSec: 0}, ReplicationConfig: RATIS/THREE, State:ALLOCATED, leaderId:, CreationTimestamp2022-07-12T21:09:09.658Z[Etc/UTC]].
2022-07-12 21:09:09,659 [RatisPipelineUtilsThread - 0] INFO  pipeline.RatisPipelineProvider (RatisPipelineProvider.java:lambda$create$0(195)) - Sending CreatePipelineCommand for pipeline:PipelineID=da45c5f5-0c35-43a7-9f85-c3bb33e871cc to datanode:76813abd-30d7-4706-b809-3e10cf795ab1
2022-07-12 21:09:09,659 [RatisPipelineUtilsThread - 0] INFO  pipeline.RatisPipelineProvider (RatisPipelineProvider.java:lambda$create$0(195)) - Sending CreatePipelineCommand for pipeline:PipelineID=da45c5f5-0c35-43a7-9f85-c3bb33e871cc to datanode:9ca81a7d-c27a-485e-9d50-743190b649b9
2022-07-12 21:09:09,659 [RatisPipelineUtilsThread - 0] INFO  pipeline.RatisPipelineProvider (RatisPipelineProvider.java:lambda$create$0(195)) - Sending CreatePipelineCommand for pipeline:PipelineID=da45c5f5-0c35-43a7-9f85-c3bb33e871cc to datanode:024a366d-d9bd-4389-bd26-fa648e81fb63
2022-07-12 21:09:09,659 [RatisPipelineUtilsThread - 0] INFO  pipeline.PipelineStateManagerImpl (PipelineStateManagerImpl.java:addPipeline(103)) - Created pipeline Pipeline[ Id: da45c5f5-0c35-43a7-9f85-c3bb33e871cc, Nodes: 76813abd-30d7-4706-b809-3e10cf795ab1{ip: 10.1.0.20, host: fv-az452-57.ku3lqr0aiaqu5kfj3xdpchcrvd.dx.internal.cloudapp.net, ports: [REPLICATION=34833, RATIS=33965, RATIS_ADMIN=33965, RATIS_SERVER=33965, STANDALONE=45257], networkLocation: /default-rack, certSerialId: null, persistedOpState: IN_SERVICE, persistedOpStateExpiryEpochSec: 0}9ca81a7d-c27a-485e-9d50-743190b649b9{ip: 10.1.0.20, host: fv-az452-57.ku3lqr0aiaqu5kfj3xdpchcrvd.dx.internal.cloudapp.net, ports: [REPLICATION=33171, RATIS=33467, RATIS_ADMIN=33467, RATIS_SERVER=33467, STANDALONE=33945], networkLocation: /default-rack, certSerialId: null, persistedOpState: IN_SERVICE, persistedOpStateExpiryEpochSec: 0}024a366d-d9bd-4389-bd26-fa648e81fb63{ip: 10.1.0.20, host: fv-az452-57.ku3lqr0aiaqu5kfj3xdpchcrvd.dx.internal.cloudapp.net, ports: [REPLICATION=44895, RATIS=34045, RATIS_ADMIN=34045, RATIS_SERVER=34045, STANDALONE=44955], networkLocation: /default-rack, certSerialId: null, persistedOpState: IN_SERVICE, persistedOpStateExpiryEpochSec: 0}, ReplicationConfig: RATIS/THREE, State:ALLOCATED, leaderId:, CreationTimestamp2022-07-12T21:09:09.659Z[Etc/UTC]].
2022-07-12 21:09:09,659 [RatisPipelineUtilsThread - 0] INFO  pipeline.PipelineManagerImpl (PipelineManagerImpl.java:recordMetricsForPipeline(782)) - Pipeline: PipelineID=da45c5f5-0c35-43a7-9f85-c3bb33e871cc contains same datanodes as previous pipelines: PipelineID=25c658f3-57eb-4001-9afd-e7b5f2df8633 nodeIds: 76813abd-30d7-4706-b809-3e10cf795ab1, 9ca81a7d-c27a-485e-9d50-743190b649b9, 024a366d-d9bd-4389-bd26-fa648e81fb63
2022-07-12 21:09:09,732 [EndpointStateMachine task thread for /0.0.0.0:43199 - 0 ] INFO  replication.ReplicationServer (ReplicationServer.java:start(111)) - ReplicationServer is started using port 33495
2022-07-12 21:09:09,736 [EndpointStateMachine task thread for /0.0.0.0:43199 - 0 ] INFO  ratis.XceiverServerRatis (XceiverServerRatis.java:start(481)) - Starting XceiverServerRatis 9c422c08-b59e-40fe-822f-86e01b4532cd
2022-07-12 21:09:09,737 [EndpointStateMachine task thread for /0.0.0.0:43199 - 0 ] INFO  server.RaftServer (RaftServerProxy.java:lambda$start$6(382)) - 9c422c08-b59e-40fe-822f-86e01b4532cd: start RPC server
2022-07-12 21:09:09,767 [EndpointStateMachine task thread for /0.0.0.0:43199 - 0 ] INFO  server.GrpcService (GrpcService.java:startImpl(260)) - 9c422c08-b59e-40fe-822f-86e01b4532cd: GrpcService started, listening on 43985
2022-07-12 21:09:09,767 [EndpointStateMachine task thread for /0.0.0.0:43199 - 0 ] INFO  ratis.XceiverServerRatis (XceiverServerRatis.java:getRealPort(502)) - XceiverServerRatis 9c422c08-b59e-40fe-822f-86e01b4532cd is started using port 43985 for RATIS
2022-07-12 21:09:09,767 [EndpointStateMachine task thread for /0.0.0.0:43199 - 0 ] INFO  ratis.XceiverServerRatis (XceiverServerRatis.java:getRealPort(502)) - XceiverServerRatis 9c422c08-b59e-40fe-822f-86e01b4532cd is started using port 43985 for RATIS_ADMIN
2022-07-12 21:09:09,768 [EndpointStateMachine task thread for /0.0.0.0:43199 - 0 ] INFO  ratis.XceiverServerRatis (XceiverServerRatis.java:getRealPort(502)) - XceiverServerRatis 9c422c08-b59e-40fe-822f-86e01b4532cd is started using port 43985 for RATIS_SERVER
2022-07-12 21:09:09,768 [org.apache.ratis.util.JvmPauseMonitor$$Lambda$613/1050667922@74ad2e5e] INFO  util.JvmPauseMonitor (JvmPauseMonitor.java:run(103)) - JvmPauseMonitor-9c422c08-b59e-40fe-822f-86e01b4532cd: Started
2022-07-12 21:09:09,808 [EndpointStateMachine task thread for /0.0.0.0:43199 - 0 ] INFO  server.XceiverServerGrpc (XceiverServerGrpc.java:start(180)) - XceiverServerGrpc 9c422c08-b59e-40fe-822f-86e01b4532cd is started using port 42053
2022-07-12 21:09:10,211 [Command processor thread] INFO  server.RaftServer (RaftServerProxy.java:addNew(96)) - 9ca81a7d-c27a-485e-9d50-743190b649b9: addNew group-47A84B8D8882:[9ca81a7d-c27a-485e-9d50-743190b649b9|rpc:10.1.0.20:33467|priority:1] returns group-47A84B8D8882:java.util.concurrent.CompletableFuture@53e95e1e[Not completed]
2022-07-12 21:09:10,227 [pool-1194-thread-1] INFO  server.RaftServer$Division (RaftServerImpl.java:<init>(190)) - 9ca81a7d-c27a-485e-9d50-743190b649b9: new RaftServerImpl for group-47A84B8D8882:[9ca81a7d-c27a-485e-9d50-743190b649b9|rpc:10.1.0.20:33467|priority:1] with ContainerStateMachine:uninitialized
2022-07-12 21:09:10,227 [pool-1194-thread-1] INFO  server.RaftServerConfigKeys (ConfUtils.java:logGet(46)) - raft.server.rpc.timeout.min = 5s (custom)
2022-07-12 21:09:10,227 [pool-1194-thread-1] INFO  server.RaftServerConfigKeys (ConfUtils.java:logGet(46)) - raft.server.rpc.timeout.max = 5200ms (custom)
2022-07-12 21:09:10,227 [pool-1194-thread-1] INFO  server.RaftServerConfigKeys (ConfUtils.java:logGet(46)) - raft.server.rpc.sleep.time = 25ms (default)
2022-07-12 21:09:10,227 [pool-1194-thread-1] INFO  server.RaftServerConfigKeys (ConfUtils.java:logGet(46)) - raft.server.rpc.slowness.timeout = 300s (custom)
2022-07-12 21:09:10,227 [pool-1194-thread-1] INFO  server.RaftServerConfigKeys (ConfUtils.java:logGet(46)) - raft.server.leaderelection.leader.step-down.wait-time = 10s (default)
2022-07-12 21:09:10,227 [pool-1194-thread-1] INFO  server.RaftServerConfigKeys (ConfUtils.java:logGet(46)) - raft.server.sleep.deviation.threshold = 300ms (default)
2022-07-12 21:09:10,227 [pool-1194-thread-1] INFO  server.RaftServer$Division (ServerState.java:<init>(107)) - 9ca81a7d-c27a-485e-9d50-743190b649b9@group-47A84B8D8882: ConfigurationManager, init=-1: [9ca81a7d-c27a-485e-9d50-743190b649b9|rpc:10.1.0.20:33467|priority:1], old=null, confs=<EMPTY_MAP>
2022-07-12 21:09:10,227 [pool-1194-thread-1] INFO  server.RaftServerConfigKeys (ConfUtils.java:logGet(46)) - raft.server.storage.dir = [/home/runner/work/ozone/ozone/hadoop-ozone/integration-test/target/test-dir/MiniOzoneClusterImpl-97a7afd9-f57e-4952-bd34-49a096582c21/datanode-1/data/ratis] (custom)
2022-07-12 21:09:10,227 [pool-1194-thread-1] INFO  server.RaftServerConfigKeys (ConfUtils.java:logGet(46)) - raft.server.log.corruption.policy = EXCEPTION (default)
2022-07-12 21:09:10,227 [pool-1194-thread-1] INFO  server.RaftServerConfigKeys (ConfUtils.java:logGet(46)) - raft.server.storage.free-space.min = 0MB (=0) (default)
2022-07-12 21:09:10,227 [pool-1194-thread-1] INFO  storage.RaftStorageDirectory (RaftStorageDirectoryImpl.java:analyzeStorage(135)) - The storage directory /home/runner/work/ozone/ozone/hadoop-ozone/integration-test/target/test-dir/MiniOzoneClusterImpl-97a7afd9-f57e-4952-bd34-49a096582c21/datanode-1/data/ratis/0c2eabee-102c-4a9c-a7d6-47a84b8d8882 does not exist. Creating ...
2022-07-12 21:09:10,230 [Listener at 127.0.0.1/32899] INFO  ozone.MiniOzoneClusterImpl (MiniOzoneClusterImpl.java:lambda$waitForClusterToBeReady$0(223)) - Waiting for nodes to be ready. Got 3 of 5 DN Heartbeats.
2022-07-12 21:09:10,230 [Listener at 127.0.0.1/32899] INFO  ozone.MiniOzoneClusterImpl (MiniOzoneClusterImpl.java:lambda$waitForClusterToBeReady$0(226)) - Waiting for cluster to exit safe mode
2022-07-12 21:09:10,230 [Listener at 127.0.0.1/32899] INFO  ozone.MiniOzoneClusterImpl (MiniOzoneClusterImpl.java:lambda$waitForClusterToBeReady$0(228)) - SCM became leader
2022-07-12 21:09:10,292 [pool-1194-thread-1] INFO  storage.RaftStorageDirectory (RaftStorageDirectoryImpl.java:tryLock(230)) - Lock on /home/runner/work/ozone/ozone/hadoop-ozone/integration-test/target/test-dir/MiniOzoneClusterImpl-97a7afd9-f57e-4952-bd34-49a096582c21/datanode-1/data/ratis/0c2eabee-102c-4a9c-a7d6-47a84b8d8882/in_use.lock acquired by nodename 31611@fv-az452-57
2022-07-12 21:09:10,295 [pool-1194-thread-1] INFO  storage.RaftStorage (RaftStorageImpl.java:format(89)) - Storage directory /home/runner/work/ozone/ozone/hadoop-ozone/integration-test/target/test-dir/MiniOzoneClusterImpl-97a7afd9-f57e-4952-bd34-49a096582c21/datanode-1/data/ratis/0c2eabee-102c-4a9c-a7d6-47a84b8d8882 has been successfully formatted.
2022-07-12 21:09:10,297 [pool-1194-thread-1] INFO  ratis.ContainerStateMachine (ContainerStateMachine.java:loadSnapshot(236)) - group-47A84B8D8882: The snapshot info is null. Setting the last applied indexto:(t:0, i:~)
2022-07-12 21:09:10,298 [pool-1194-thread-1] INFO  server.RaftServerConfigKeys (ConfUtils.java:logGet(46)) - raft.server.notification.no-leader.timeout = 300s (custom)
2022-07-12 21:09:10,298 [pool-1194-thread-1] INFO  server.RaftServerConfigKeys (ConfUtils.java:logGet(46)) - raft.server.log.use.memory = false (default)
2022-07-12 21:09:10,298 [pool-1194-thread-1] INFO  server.RaftServerConfigKeys (ConfUtils.java:logGet(46)) - raft.server.log.purge.gap = 1000000 (custom)
2022-07-12 21:09:10,298 [pool-1194-thread-1] INFO  server.RaftServerConfigKeys (ConfUtils.java:logGet(46)) - raft.server.log.appender.buffer.byte-limit = 33554432 (custom)
2022-07-12 21:09:10,298 [pool-1194-thread-1] INFO  server.RaftServerConfigKeys (ConfUtils.java:logGet(46)) - raft.server.log.statemachine.data.read.timeout = 1000ms (default)
2022-07-12 21:09:10,298 [pool-1194-thread-1] INFO  server.RaftServerConfigKeys (ConfUtils.java:logGet(46)) - raft.server.log.segment.size.max = 1048576 (custom)
2022-07-12 21:09:10,299 [pool-1194-thread-1] INFO  server.RaftServerConfigKeys (ConfUtils.java:logGet(46)) - raft.server.log.segment.cache.num.max = 2 (custom)
2022-07-12 21:09:10,299 [pool-1194-thread-1] INFO  server.RaftServerConfigKeys (ConfUtils.java:logGet(46)) - raft.server.log.segment.cache.size.max = 200MB (=209715200) (default)
2022-07-12 21:09:10,299 [pool-1194-thread-1] INFO  segmented.SegmentedRaftLogWorker (SegmentedRaftLogWorker.java:<init>(187)) - new 9ca81a7d-c27a-485e-9d50-743190b649b9@group-47A84B8D8882-SegmentedRaftLogWorker for RaftStorageImpl:Storage Directory /home/runner/work/ozone/ozone/hadoop-ozone/integration-test/target/test-dir/MiniOzoneClusterImpl-97a7afd9-f57e-4952-bd34-49a096582c21/datanode-1/data/ratis/0c2eabee-102c-4a9c-a7d6-47a84b8d8882
2022-07-12 21:09:10,299 [pool-1194-thread-1] INFO  server.RaftServerConfigKeys (ConfUtils.java:logGet(46)) - raft.server.log.queue.byte-limit = 4294967296 (custom)
2022-07-12 21:09:10,299 [pool-1194-thread-1] INFO  server.RaftServerConfigKeys (ConfUtils.java:logGet(46)) - raft.server.log.queue.element-limit = 1024 (custom)
2022-07-12 21:09:10,299 [pool-1194-thread-1] INFO  server.RaftServerConfigKeys (ConfUtils.java:logGet(46)) - raft.server.log.segment.size.max = 1048576 (custom)
2022-07-12 21:09:10,299 [pool-1194-thread-1] INFO  server.RaftServerConfigKeys (ConfUtils.java:logGet(46)) - raft.server.log.preallocated.size = 16384 (custom)
2022-07-12 21:09:10,299 [pool-1194-thread-1] INFO  server.RaftServerConfigKeys (ConfUtils.java:logGet(46)) - raft.server.log.force.sync.num = 128 (default)
2022-07-12 21:09:10,299 [pool-1194-thread-1] INFO  server.RaftServerConfigKeys (ConfUtils.java:logGet(46)) - raft.server.log.statemachine.data.sync = true (default)
2022-07-12 21:09:10,299 [pool-1194-thread-1] INFO  server.RaftServerConfigKeys (ConfUtils.java:logGet(46)) - raft.server.log.statemachine.data.sync.timeout = 10s (default)
2022-07-12 21:09:10,299 [pool-1194-thread-1] INFO  server.RaftServerConfigKeys (ConfUtils.java:logGet(46)) - raft.server.log.statemachine.data.sync.timeout.retry = -1 (default)
2022-07-12 21:09:10,309 [EventQueue-PipelineReportForPipelineReportHandler] INFO  pipeline.PipelineManagerImpl (PipelineManagerImpl.java:openPipeline(359)) - Pipeline Pipeline[ Id: 0c2eabee-102c-4a9c-a7d6-47a84b8d8882, Nodes: 9ca81a7d-c27a-485e-9d50-743190b649b9{ip: 10.1.0.20, host: fv-az452-57.ku3lqr0aiaqu5kfj3xdpchcrvd.dx.internal.cloudapp.net, ports: [REPLICATION=33171, RATIS=33467, RATIS_ADMIN=33467, RATIS_SERVER=33467, STANDALONE=33945], networkLocation: /default-rack, certSerialId: null, persistedOpState: IN_SERVICE, persistedOpStateExpiryEpochSec: 0}, ReplicationConfig: RATIS/ONE, State:ALLOCATED, leaderId:9ca81a7d-c27a-485e-9d50-743190b649b9, CreationTimestamp2022-07-12T21:09:07.266Z[Etc/UTC]] moved to OPEN state
2022-07-12 21:09:10,311 [EventQueue-OpenPipelineForHealthyPipelineSafeModeRule] INFO  safemode.SCMSafeModeManager (HealthyPipelineSafeModeRule.java:process(124)) - SCM in safe mode. Healthy pipelines reported count is 0, required healthy pipeline reported count is 1
2022-07-12 21:09:10,316 [pool-1194-thread-1] INFO  server.RaftServerConfigKeys (ConfUtils.java:logGet(46)) - raft.server.log.write.buffer.size = 1048576 (custom)
2022-07-12 21:09:10,317 [pool-1194-thread-1] INFO  server.RaftServerConfigKeys (ConfUtils.java:logGet(46)) - raft.server.log.unsafe-flush.enabled = false (default)
2022-07-12 21:09:10,317 [pool-1194-thread-1] INFO  server.RaftServerConfigKeys (ConfUtils.java:logGet(46)) - raft.server.log.statemachine.data.caching.enabled = true (custom)
2022-07-12 21:09:10,317 [pool-1194-thread-1] INFO  segmented.SegmentedRaftLogWorker (SegmentedRaftLogWorker.java:lambda$new$0(135)) - 9ca81a7d-c27a-485e-9d50-743190b649b9@group-47A84B8D8882-SegmentedRaftLogWorker: flushIndex: setUnconditionally 0 -> -1
2022-07-12 21:09:10,317 [pool-1194-thread-1] INFO  segmented.SegmentedRaftLogWorker (SegmentedRaftLogWorker.java:lambda$new$0(135)) - 9ca81a7d-c27a-485e-9d50-743190b649b9@group-47A84B8D8882-SegmentedRaftLogWorker: safeCacheEvictIndex: setUnconditionally 0 -> -1
2022-07-12 21:09:10,325 [pool-1194-thread-1] INFO  server.RaftServerConfigKeys (ConfUtils.java:logGet(46)) - raft.server.snapshot.auto.trigger.enabled = true (custom)
2022-07-12 21:09:10,326 [pool-1194-thread-1] INFO  server.RaftServerConfigKeys (ConfUtils.java:logGet(46)) - raft.server.snapshot.auto.trigger.threshold = 10000 (custom)
2022-07-12 21:09:10,326 [pool-1194-thread-1] INFO  server.RaftServerConfigKeys (ConfUtils.java:logGet(46)) - raft.server.snapshot.retention.file.num = 5 (custom)
2022-07-12 21:09:10,326 [pool-1194-thread-1] INFO  server.RaftServerConfigKeys (ConfUtils.java:logGet(46)) - raft.server.log.purge.upto.snapshot.index = false (default)
2022-07-12 21:09:10,326 [pool-1194-thread-1] INFO  server.RaftServerConfigKeys (ConfUtils.java:logGet(46)) - raft.server.retrycache.expirytime = 600000ms (custom)
2022-07-12 21:09:10,326 [pool-1194-thread-1] INFO  server.RaftServerConfigKeys (ConfUtils.java:logGet(46)) - raft.server.retrycache.statistics.expirytime = 100μs (default)
2022-07-12 21:09:10,332 [pool-1194-thread-1] INFO  server.RaftServerConfigKeys (ConfUtils.java:logGet(46)) - raft.server.log.appender.install.snapshot.enabled = false (custom)
2022-07-12 21:09:10,332 [pool-1194-thread-1] INFO  server.RaftServerConfigKeys (ConfUtils.java:logGet(46)) - raft.server.threadpool.server.cached = true (default)
2022-07-12 21:09:10,332 [pool-1194-thread-1] INFO  server.RaftServerConfigKeys (ConfUtils.java:logGet(46)) - raft.server.threadpool.server.size = 0 (default)
2022-07-12 21:09:10,332 [pool-1194-thread-1] INFO  server.RaftServerConfigKeys (ConfUtils.java:logGet(46)) - raft.server.threadpool.client.cached = true (default)
2022-07-12 21:09:10,332 [pool-1194-thread-1] INFO  server.RaftServerConfigKeys (ConfUtils.java:logGet(46)) - raft.server.threadpool.client.size = 0 (default)
2022-07-12 21:09:10,332 [pool-1194-thread-1] INFO  server.RaftServer$Division (RaftServerImpl.java:start(310)) - 9ca81a7d-c27a-485e-9d50-743190b649b9@group-47A84B8D8882: start as a follower, conf=-1: [9ca81a7d-c27a-485e-9d50-743190b649b9|rpc:10.1.0.20:33467|priority:1], old=null
2022-07-12 21:09:10,332 [pool-1194-thread-1] INFO  server.RaftServer$Division (RaftServerImpl.java:setRole(299)) - 9ca81a7d-c27a-485e-9d50-743190b649b9@group-47A84B8D8882: changes role from      null to FOLLOWER at term 0 for startAsFollower
2022-07-12 21:09:10,332 [pool-1194-thread-1] INFO  impl.RoleInfo (RoleInfo.java:updateAndGet(139)) - 9ca81a7d-c27a-485e-9d50-743190b649b9: start 9ca81a7d-c27a-485e-9d50-743190b649b9@group-47A84B8D8882-FollowerState
2022-07-12 21:09:10,367 [pool-1194-thread-1] INFO  util.JmxRegister (JmxRegister.java:tryRegister(44)) - Successfully registered JMX Bean with object name Ratis:service=RaftServer,group=group-47A84B8D8882,id=9ca81a7d-c27a-485e-9d50-743190b649b9
2022-07-12 21:09:10,379 [Command processor thread] INFO  ratis.XceiverServerRatis (XceiverServerRatis.java:addGroup(765)) - Created group PipelineID=0c2eabee-102c-4a9c-a7d6-47a84b8d8882
2022-07-12 21:09:10,380 [Command processor thread] INFO  commandhandler.CreatePipelineCommandHandler (CreatePipelineCommandHandler.java:handle(113)) - Created Pipeline RATIS ONE PipelineID=0c2eabee-102c-4a9c-a7d6-47a84b8d8882.
2022-07-12 21:09:10,380 [Command processor thread] INFO  server.RaftServer (RaftServerProxy.java:addNew(96)) - 9ca81a7d-c27a-485e-9d50-743190b649b9: addNew group-E7B5F2DF8633:[76813abd-30d7-4706-b809-3e10cf795ab1|rpc:10.1.0.20:33965|priority:0, 9ca81a7d-c27a-485e-9d50-743190b649b9|rpc:10.1.0.20:33467|priority:0, 024a366d-d9bd-4389-bd26-fa648e81fb63|rpc:10.1.0.20:34045|priority:1] returns group-E7B5F2DF8633:java.util.concurrent.CompletableFuture@57d6c0bb[Not completed]
2022-07-12 21:09:10,381 [pool-1194-thread-1] INFO  server.RaftServer$Division (RaftServerImpl.java:<init>(190)) - 9ca81a7d-c27a-485e-9d50-743190b649b9: new RaftServerImpl for group-E7B5F2DF8633:[76813abd-30d7-4706-b809-3e10cf795ab1|rpc:10.1.0.20:33965|priority:0, 9ca81a7d-c27a-485e-9d50-743190b649b9|rpc:10.1.0.20:33467|priority:0, 024a366d-d9bd-4389-bd26-fa648e81fb63|rpc:10.1.0.20:34045|priority:1] with ContainerStateMachine:uninitialized
2022-07-12 21:09:10,381 [pool-1194-thread-1] INFO  server.RaftServerConfigKeys (ConfUtils.java:logGet(46)) - raft.server.rpc.timeout.min = 5s (custom)
2022-07-12 21:09:10,381 [pool-1194-thread-1] INFO  server.RaftServerConfigKeys (ConfUtils.java:logGet(46)) - raft.server.rpc.timeout.max = 5200ms (custom)
2022-07-12 21:09:10,381 [pool-1194-thread-1] INFO  server.RaftServerConfigKeys (ConfUtils.java:logGet(46)) - raft.server.rpc.sleep.time = 25ms (default)
2022-07-12 21:09:10,381 [pool-1194-thread-1] INFO  server.RaftServerConfigKeys (ConfUtils.java:logGet(46)) - raft.server.rpc.slowness.timeout = 300s (custom)
2022-07-12 21:09:10,381 [pool-1194-thread-1] INFO  server.RaftServerConfigKeys (ConfUtils.java:logGet(46)) - raft.server.leaderelection.leader.step-down.wait-time = 10s (default)
2022-07-12 21:09:10,381 [pool-1194-thread-1] INFO  server.RaftServerConfigKeys (ConfUtils.java:logGet(46)) - raft.server.sleep.deviation.threshold = 300ms (default)
2022-07-12 21:09:10,381 [pool-1194-thread-1] INFO  server.RaftServer$Division (ServerState.java:<init>(107)) - 9ca81a7d-c27a-485e-9d50-743190b649b9@group-E7B5F2DF8633: ConfigurationManager, init=-1: [76813abd-30d7-4706-b809-3e10cf795ab1|rpc:10.1.0.20:33965|priority:0, 9ca81a7d-c27a-485e-9d50-743190b649b9|rpc:10.1.0.20:33467|priority:0, 024a366d-d9bd-4389-bd26-fa648e81fb63|rpc:10.1.0.20:34045|priority:1], old=null, confs=<EMPTY_MAP>
2022-07-12 21:09:10,381 [pool-1194-thread-1] INFO  server.RaftServerConfigKeys (ConfUtils.java:logGet(46)) - raft.server.storage.dir = [/home/runner/work/ozone/ozone/hadoop-ozone/integration-test/target/test-dir/MiniOzoneClusterImpl-97a7afd9-f57e-4952-bd34-49a096582c21/datanode-1/data/ratis] (custom)
2022-07-12 21:09:10,381 [pool-1194-thread-1] INFO  server.RaftServerConfigKeys (ConfUtils.java:logGet(46)) - raft.server.log.corruption.policy = EXCEPTION (default)
2022-07-12 21:09:10,381 [pool-1194-thread-1] INFO  server.RaftServerConfigKeys (ConfUtils.java:logGet(46)) - raft.server.storage.free-space.min = 0MB (=0) (default)
2022-07-12 21:09:10,381 [pool-1194-thread-1] INFO  storage.RaftStorageDirectory (RaftStorageDirectoryImpl.java:analyzeStorage(135)) - The storage directory /home/runner/work/ozone/ozone/hadoop-ozone/integration-test/target/test-dir/MiniOzoneClusterImpl-97a7afd9-f57e-4952-bd34-49a096582c21/datanode-1/data/ratis/25c658f3-57eb-4001-9afd-e7b5f2df8633 does not exist. Creating ...
2022-07-12 21:09:10,387 [pool-1194-thread-1] INFO  storage.RaftStorageDirectory (RaftStorageDirectoryImpl.java:tryLock(230)) - Lock on /home/runner/work/ozone/ozone/hadoop-ozone/integration-test/target/test-dir/MiniOzoneClusterImpl-97a7afd9-f57e-4952-bd34-49a096582c21/datanode-1/data/ratis/25c658f3-57eb-4001-9afd-e7b5f2df8633/in_use.lock acquired by nodename 31611@fv-az452-57
2022-07-12 21:09:10,393 [pool-1194-thread-1] INFO  storage.RaftStorage (RaftStorageImpl.java:format(89)) - Storage directory /home/runner/work/ozone/ozone/hadoop-ozone/integration-test/target/test-dir/MiniOzoneClusterImpl-97a7afd9-f57e-4952-bd34-49a096582c21/datanode-1/data/ratis/25c658f3-57eb-4001-9afd-e7b5f2df8633 has been successfully formatted.
2022-07-12 21:09:10,393 [pool-1194-thread-1] INFO  ratis.ContainerStateMachine (ContainerStateMachine.java:loadSnapshot(236)) - group-E7B5F2DF8633: The snapshot info is null. Setting the last applied indexto:(t:0, i:~)
2022-07-12 21:09:10,393 [pool-1194-thread-1] INFO  server.RaftServerConfigKeys (ConfUtils.java:logGet(46)) - raft.server.notification.no-leader.timeout = 300s (custom)
2022-07-12 21:09:10,393 [pool-1194-thread-1] INFO  server.RaftServerConfigKeys (ConfUtils.java:logGet(46)) - raft.server.log.use.memory = false (default)
2022-07-12 21:09:10,393 [pool-1194-thread-1] INFO  server.RaftServerConfigKeys (ConfUtils.java:logGet(46)) - raft.server.log.purge.gap = 1000000 (custom)
2022-07-12 21:09:10,393 [pool-1194-thread-1] INFO  server.RaftServerConfigKeys (ConfUtils.java:logGet(46)) - raft.server.log.appender.buffer.byte-limit = 33554432 (custom)
2022-07-12 21:09:10,393 [pool-1194-thread-1] INFO  server.RaftServerConfigKeys (ConfUtils.java:logGet(46)) - raft.server.log.statemachine.data.read.timeout = 1000ms (default)
2022-07-12 21:09:10,393 [pool-1194-thread-1] INFO  server.RaftServerConfigKeys (ConfUtils.java:logGet(46)) - raft.server.log.segment.size.max = 1048576 (custom)
2022-07-12 21:09:10,394 [pool-1194-thread-1] INFO  server.RaftServerConfigKeys (ConfUtils.java:logGet(46)) - raft.server.log.segment.cache.num.max = 2 (custom)
2022-07-12 21:09:10,394 [pool-1194-thread-1] INFO  server.RaftServerConfigKeys (ConfUtils.java:logGet(46)) - raft.server.log.segment.cache.size.max = 200MB (=209715200) (default)
2022-07-12 21:09:10,394 [pool-1194-thread-1] INFO  segmented.SegmentedRaftLogWorker (SegmentedRaftLogWorker.java:<init>(187)) - new 9ca81a7d-c27a-485e-9d50-743190b649b9@group-E7B5F2DF8633-SegmentedRaftLogWorker for RaftStorageImpl:Storage Directory /home/runner/work/ozone/ozone/hadoop-ozone/integration-test/target/test-dir/MiniOzoneClusterImpl-97a7afd9-f57e-4952-bd34-49a096582c21/datanode-1/data/ratis/25c658f3-57eb-4001-9afd-e7b5f2df8633
2022-07-12 21:09:10,394 [pool-1194-thread-1] INFO  server.RaftServerConfigKeys (ConfUtils.java:logGet(46)) - raft.server.log.queue.byte-limit = 4294967296 (custom)
2022-07-12 21:09:10,394 [pool-1194-thread-1] INFO  server.RaftServerConfigKeys (ConfUtils.java:logGet(46)) - raft.server.log.queue.element-limit = 1024 (custom)
2022-07-12 21:09:10,394 [pool-1194-thread-1] INFO  server.RaftServerConfigKeys (ConfUtils.java:logGet(46)) - raft.server.log.segment.size.max = 1048576 (custom)
2022-07-12 21:09:10,394 [pool-1194-thread-1] INFO  server.RaftServerConfigKeys (ConfUtils.java:logGet(46)) - raft.server.log.preallocated.size = 16384 (custom)
2022-07-12 21:09:10,394 [pool-1194-thread-1] INFO  server.RaftServerConfigKeys (ConfUtils.java:logGet(46)) - raft.server.log.force.sync.num = 128 (default)
2022-07-12 21:09:10,394 [pool-1194-thread-1] INFO  server.RaftServerConfigKeys (ConfUtils.java:logGet(46)) - raft.server.log.statemachine.data.sync = true (default)
2022-07-12 21:09:10,394 [pool-1194-thread-1] INFO  server.RaftServerConfigKeys (ConfUtils.java:logGet(46)) - raft.server.log.statemachine.data.sync.timeout = 10s (default)
2022-07-12 21:09:10,394 [pool-1194-thread-1] INFO  server.RaftServerConfigKeys (ConfUtils.java:logGet(46)) - raft.server.log.statemachine.data.sync.timeout.retry = -1 (default)
2022-07-12 21:09:10,400 [EventQueue-OpenPipelineForHealthyPipelineSafeModeRule] INFO  safemode.SCMSafeModeManager (HealthyPipelineSafeModeRule.java:process(124)) - SCM in safe mode. Healthy pipelines reported count is 0, required healthy pipeline reported count is 1
2022-07-12 21:09:10,448 [pool-1194-thread-1] INFO  server.RaftServerConfigKeys (ConfUtils.java:logGet(46)) - raft.server.log.write.buffer.size = 1048576 (custom)
2022-07-12 21:09:10,449 [pool-1194-thread-1] INFO  server.RaftServerConfigKeys (ConfUtils.java:logGet(46)) - raft.server.log.unsafe-flush.enabled = false (default)
2022-07-12 21:09:10,449 [pool-1194-thread-1] INFO  server.RaftServerConfigKeys (ConfUtils.java:logGet(46)) - raft.server.log.statemachine.data.caching.enabled = true (custom)
2022-07-12 21:09:10,449 [pool-1194-thread-1] INFO  segmented.SegmentedRaftLogWorker (SegmentedRaftLogWorker.java:lambda$new$0(135)) - 9ca81a7d-c27a-485e-9d50-743190b649b9@group-E7B5F2DF8633-SegmentedRaftLogWorker: flushIndex: setUnconditionally 0 -> -1
2022-07-12 21:09:10,449 [pool-1194-thread-1] INFO  segmented.SegmentedRaftLogWorker (SegmentedRaftLogWorker.java:lambda$new$0(135)) - 9ca81a7d-c27a-485e-9d50-743190b649b9@group-E7B5F2DF8633-SegmentedRaftLogWorker: safeCacheEvictIndex: setUnconditionally 0 -> -1
2022-07-12 21:09:10,463 [pool-1194-thread-1] INFO  server.RaftServerConfigKeys (ConfUtils.java:logGet(46)) - raft.server.snapshot.auto.trigger.enabled = true (custom)
2022-07-12 21:09:10,464 [pool-1194-thread-1] INFO  server.RaftServerConfigKeys (ConfUtils.java:logGet(46)) - raft.server.snapshot.auto.trigger.threshold = 10000 (custom)
2022-07-12 21:09:10,464 [pool-1194-thread-1] INFO  server.RaftServerConfigKeys (ConfUtils.java:logGet(46)) - raft.server.snapshot.retention.file.num = 5 (custom)
2022-07-12 21:09:10,464 [pool-1194-thread-1] INFO  server.RaftServerConfigKeys (ConfUtils.java:logGet(46)) - raft.server.log.purge.upto.snapshot.index = false (default)
2022-07-12 21:09:10,464 [pool-1194-thread-1] INFO  server.RaftServerConfigKeys (ConfUtils.java:logGet(46)) - raft.server.retrycache.expirytime = 600000ms (custom)
2022-07-12 21:09:10,464 [pool-1194-thread-1] INFO  server.RaftServerConfigKeys (ConfUtils.java:logGet(46)) - raft.server.retrycache.statistics.expirytime = 100μs (default)
2022-07-12 21:09:10,466 [pool-1194-thread-1] INFO  server.RaftServerConfigKeys (ConfUtils.java:logGet(46)) - raft.server.log.appender.install.snapshot.enabled = false (custom)
2022-07-12 21:09:10,466 [pool-1194-thread-1] INFO  server.RaftServerConfigKeys (ConfUtils.java:logGet(46)) - raft.server.threadpool.server.cached = true (default)
2022-07-12 21:09:10,466 [pool-1194-thread-1] INFO  server.RaftServerConfigKeys (ConfUtils.java:logGet(46)) - raft.server.threadpool.server.size = 0 (default)
2022-07-12 21:09:10,466 [pool-1194-thread-1] INFO  server.RaftServerConfigKeys (ConfUtils.java:logGet(46)) - raft.server.threadpool.client.cached = true (default)
2022-07-12 21:09:10,466 [pool-1194-thread-1] INFO  server.RaftServerConfigKeys (ConfUtils.java:logGet(46)) - raft.server.threadpool.client.size = 0 (default)
2022-07-12 21:09:10,466 [pool-1194-thread-1] INFO  server.RaftServer$Division (RaftServerImpl.java:start(310)) - 9ca81a7d-c27a-485e-9d50-743190b649b9@group-E7B5F2DF8633: start as a follower, conf=-1: [76813abd-30d7-4706-b809-3e10cf795ab1|rpc:10.1.0.20:33965|priority:0, 9ca81a7d-c27a-485e-9d50-743190b649b9|rpc:10.1.0.20:33467|priority:0, 024a366d-d9bd-4389-bd26-fa648e81fb63|rpc:10.1.0.20:34045|priority:1], old=null
2022-07-12 21:09:10,466 [pool-1194-thread-1] INFO  server.RaftServer$Division (RaftServerImpl.java:setRole(299)) - 9ca81a7d-c27a-485e-9d50-743190b649b9@group-E7B5F2DF8633: changes role from      null to FOLLOWER at term 0 for startAsFollower
2022-07-12 21:09:10,466 [pool-1194-thread-1] INFO  impl.RoleInfo (RoleInfo.java:updateAndGet(139)) - 9ca81a7d-c27a-485e-9d50-743190b649b9: start 9ca81a7d-c27a-485e-9d50-743190b649b9@group-E7B5F2DF8633-FollowerState
2022-07-12 21:09:10,480 [pool-1194-thread-1] INFO  util.JmxRegister (JmxRegister.java:tryRegister(44)) - Successfully registered JMX Bean with object name Ratis:service=RaftServer,group=group-E7B5F2DF8633,id=9ca81a7d-c27a-485e-9d50-743190b649b9
2022-07-12 21:09:10,488 [Command processor thread] INFO  ratis.XceiverServerRatis (XceiverServerRatis.java:addGroup(765)) - Created group PipelineID=25c658f3-57eb-4001-9afd-e7b5f2df8633
2022-07-12 21:09:10,585 [grpc-default-executor-0] INFO  server.RaftServer (RaftServerProxy.java:addNew(96)) - 76813abd-30d7-4706-b809-3e10cf795ab1: addNew group-E7B5F2DF8633:[76813abd-30d7-4706-b809-3e10cf795ab1|rpc:10.1.0.20:33965|dataStream:|priority:0, 9ca81a7d-c27a-485e-9d50-743190b649b9|rpc:10.1.0.20:33467|dataStream:|priority:0, 024a366d-d9bd-4389-bd26-fa648e81fb63|rpc:10.1.0.20:34045|dataStream:|priority:1] returns group-E7B5F2DF8633:java.util.concurrent.CompletableFuture@14f7ee60[Not completed]
2022-07-12 21:09:10,586 [pool-1171-thread-1] INFO  server.RaftServer$Division (RaftServerImpl.java:<init>(190)) - 76813abd-30d7-4706-b809-3e10cf795ab1: new RaftServerImpl for group-E7B5F2DF8633:[76813abd-30d7-4706-b809-3e10cf795ab1|rpc:10.1.0.20:33965|dataStream:|priority:0, 9ca81a7d-c27a-485e-9d50-743190b649b9|rpc:10.1.0.20:33467|dataStream:|priority:0, 024a366d-d9bd-4389-bd26-fa648e81fb63|rpc:10.1.0.20:34045|dataStream:|priority:1] with ContainerStateMachine:uninitialized
2022-07-12 21:09:10,586 [pool-1171-thread-1] INFO  server.RaftServerConfigKeys (ConfUtils.java:logGet(46)) - raft.server.rpc.timeout.min = 5s (custom)
2022-07-12 21:09:10,586 [pool-1171-thread-1] INFO  server.RaftServerConfigKeys (ConfUtils.java:logGet(46)) - raft.server.rpc.timeout.max = 5200ms (custom)
2022-07-12 21:09:10,586 [pool-1171-thread-1] INFO  server.RaftServerConfigKeys (ConfUtils.java:logGet(46)) - raft.server.rpc.sleep.time = 25ms (default)
2022-07-12 21:09:10,586 [pool-1171-thread-1] INFO  server.RaftServerConfigKeys (ConfUtils.java:logGet(46)) - raft.server.rpc.slowness.timeout = 300s (custom)
2022-07-12 21:09:10,586 [pool-1171-thread-1] INFO  server.RaftServerConfigKeys (ConfUtils.java:logGet(46)) - raft.server.leaderelection.leader.step-down.wait-time = 10s (default)
2022-07-12 21:09:10,586 [pool-1171-thread-1] INFO  server.RaftServerConfigKeys (ConfUtils.java:logGet(46)) - raft.server.sleep.deviation.threshold = 300ms (default)
2022-07-12 21:09:10,586 [pool-1171-thread-1] INFO  server.RaftServer$Division (ServerState.java:<init>(107)) - 76813abd-30d7-4706-b809-3e10cf795ab1@group-E7B5F2DF8633: ConfigurationManager, init=-1: [76813abd-30d7-4706-b809-3e10cf795ab1|rpc:10.1.0.20:33965|dataStream:|priority:0, 9ca81a7d-c27a-485e-9d50-743190b649b9|rpc:10.1.0.20:33467|dataStream:|priority:0, 024a366d-d9bd-4389-bd26-fa648e81fb63|rpc:10.1.0.20:34045|dataStream:|priority:1], old=null, confs=<EMPTY_MAP>
2022-07-12 21:09:10,586 [pool-1171-thread-1] INFO  server.RaftServerConfigKeys (ConfUtils.java:logGet(46)) - raft.server.storage.dir = [/home/runner/work/ozone/ozone/hadoop-ozone/integration-test/target/test-dir/MiniOzoneClusterImpl-97a7afd9-f57e-4952-bd34-49a096582c21/datanode-0/data/ratis] (custom)
2022-07-12 21:09:10,586 [pool-1171-thread-1] INFO  server.RaftServerConfigKeys (ConfUtils.java:logGet(46)) - raft.server.log.corruption.policy = EXCEPTION (default)
2022-07-12 21:09:10,586 [pool-1171-thread-1] INFO  server.RaftServerConfigKeys (ConfUtils.java:logGet(46)) - raft.server.storage.free-space.min = 0MB (=0) (default)
2022-07-12 21:09:10,586 [pool-1171-thread-1] INFO  storage.RaftStorageDirectory (RaftStorageDirectoryImpl.java:analyzeStorage(135)) - The storage directory /home/runner/work/ozone/ozone/hadoop-ozone/integration-test/target/test-dir/MiniOzoneClusterImpl-97a7afd9-f57e-4952-bd34-49a096582c21/datanode-0/data/ratis/25c658f3-57eb-4001-9afd-e7b5f2df8633 does not exist. Creating ...
2022-07-12 21:09:10,588 [pool-1171-thread-1] INFO  storage.RaftStorageDirectory (RaftStorageDirectoryImpl.java:tryLock(230)) - Lock on /home/runner/work/ozone/ozone/hadoop-ozone/integration-test/target/test-dir/MiniOzoneClusterImpl-97a7afd9-f57e-4952-bd34-49a096582c21/datanode-0/data/ratis/25c658f3-57eb-4001-9afd-e7b5f2df8633/in_use.lock acquired by nodename 31611@fv-az452-57
2022-07-12 21:09:10,589 [pool-1171-thread-1] INFO  storage.RaftStorage (RaftStorageImpl.java:format(89)) - Storage directory /home/runner/work/ozone/ozone/hadoop-ozone/integration-test/target/test-dir/MiniOzoneClusterImpl-97a7afd9-f57e-4952-bd34-49a096582c21/datanode-0/data/ratis/25c658f3-57eb-4001-9afd-e7b5f2df8633 has been successfully formatted.
2022-07-12 21:09:10,590 [pool-1171-thread-1] INFO  ratis.ContainerStateMachine (ContainerStateMachine.java:loadSnapshot(236)) - group-E7B5F2DF8633: The snapshot info is null. Setting the last applied indexto:(t:0, i:~)
2022-07-12 21:09:10,590 [pool-1171-thread-1] INFO  server.RaftServerConfigKeys (ConfUtils.java:logGet(46)) - raft.server.notification.no-leader.timeout = 300s (custom)
2022-07-12 21:09:10,590 [pool-1171-thread-1] INFO  server.RaftServerConfigKeys (ConfUtils.java:logGet(46)) - raft.server.log.use.memory = false (default)
2022-07-12 21:09:10,590 [pool-1171-thread-1] INFO  server.RaftServerConfigKeys (ConfUtils.java:logGet(46)) - raft.server.log.purge.gap = 1000000 (custom)
2022-07-12 21:09:10,590 [pool-1171-thread-1] INFO  server.RaftServerConfigKeys (ConfUtils.java:logGet(46)) - raft.server.log.appender.buffer.byte-limit = 33554432 (custom)
2022-07-12 21:09:10,590 [pool-1171-thread-1] INFO  server.RaftServerConfigKeys (ConfUtils.java:logGet(46)) - raft.server.log.statemachine.data.read.timeout = 1000ms (default)
2022-07-12 21:09:10,590 [pool-1171-thread-1] INFO  server.RaftServerConfigKeys (ConfUtils.java:logGet(46)) - raft.server.log.segment.size.max = 1048576 (custom)
2022-07-12 21:09:10,591 [pool-1171-thread-1] INFO  server.RaftServerConfigKeys (ConfUtils.java:logGet(46)) - raft.server.log.segment.cache.num.max = 2 (custom)
2022-07-12 21:09:10,591 [pool-1171-thread-1] INFO  server.RaftServerConfigKeys (ConfUtils.java:logGet(46)) - raft.server.log.segment.cache.size.max = 200MB (=209715200) (default)
2022-07-12 21:09:10,591 [pool-1171-thread-1] INFO  segmented.SegmentedRaftLogWorker (SegmentedRaftLogWorker.java:<init>(187)) - new 76813abd-30d7-4706-b809-3e10cf795ab1@group-E7B5F2DF8633-SegmentedRaftLogWorker for RaftStorageImpl:Storage Directory /home/runner/work/ozone/ozone/hadoop-ozone/integration-test/target/test-dir/MiniOzoneClusterImpl-97a7afd9-f57e-4952-bd34-49a096582c21/datanode-0/data/ratis/25c658f3-57eb-4001-9afd-e7b5f2df8633
2022-07-12 21:09:10,591 [pool-1171-thread-1] INFO  server.RaftServerConfigKeys (ConfUtils.java:logGet(46)) - raft.server.log.queue.byte-limit = 4294967296 (custom)
2022-07-12 21:09:10,591 [pool-1171-thread-1] INFO  server.RaftServerConfigKeys (ConfUtils.java:logGet(46)) - raft.server.log.queue.element-limit = 1024 (custom)
2022-07-12 21:09:10,591 [pool-1171-thread-1] INFO  server.RaftServerConfigKeys (ConfUtils.java:logGet(46)) - raft.server.log.segment.size.max = 1048576 (custom)
2022-07-12 21:09:10,591 [pool-1171-thread-1] INFO  server.RaftServerConfigKeys (ConfUtils.java:logGet(46)) - raft.server.log.preallocated.size = 16384 (custom)
2022-07-12 21:09:10,591 [pool-1171-thread-1] INFO  server.RaftServerConfigKeys (ConfUtils.java:logGet(46)) - raft.server.log.force.sync.num = 128 (default)
2022-07-12 21:09:10,591 [pool-1171-thread-1] INFO  server.RaftServerConfigKeys (ConfUtils.java:logGet(46)) - raft.server.log.statemachine.data.sync = true (default)
2022-07-12 21:09:10,591 [pool-1171-thread-1] INFO  server.RaftServerConfigKeys (ConfUtils.java:logGet(46)) - raft.server.log.statemachine.data.sync.timeout = 10s (default)
2022-07-12 21:09:10,591 [pool-1171-thread-1] INFO  server.RaftServerConfigKeys (ConfUtils.java:logGet(46)) - raft.server.log.statemachine.data.sync.timeout.retry = -1 (default)
2022-07-12 21:09:10,592 [EventQueue-OpenPipelineForHealthyPipelineSafeModeRule] INFO  safemode.SCMSafeModeManager (HealthyPipelineSafeModeRule.java:process(124)) - SCM in safe mode. Healthy pipelines reported count is 0, required healthy pipeline reported count is 1
2022-07-12 21:09:10,596 [pool-1171-thread-1] INFO  server.RaftServerConfigKeys (ConfUtils.java:logGet(46)) - raft.server.log.write.buffer.size = 1048576 (custom)
2022-07-12 21:09:10,596 [pool-1171-thread-1] INFO  server.RaftServerConfigKeys (ConfUtils.java:logGet(46)) - raft.server.log.unsafe-flush.enabled = false (default)
2022-07-12 21:09:10,596 [pool-1171-thread-1] INFO  server.RaftServerConfigKeys (ConfUtils.java:logGet(46)) - raft.server.log.statemachine.data.caching.enabled = true (custom)
2022-07-12 21:09:10,599 [pool-1171-thread-1] INFO  segmented.SegmentedRaftLogWorker (SegmentedRaftLogWorker.java:lambda$new$0(135)) - 76813abd-30d7-4706-b809-3e10cf795ab1@group-E7B5F2DF8633-SegmentedRaftLogWorker: flushIndex: setUnconditionally 0 -> -1
2022-07-12 21:09:10,599 [pool-1171-thread-1] INFO  segmented.SegmentedRaftLogWorker (SegmentedRaftLogWorker.java:lambda$new$0(135)) - 76813abd-30d7-4706-b809-3e10cf795ab1@group-E7B5F2DF8633-SegmentedRaftLogWorker: safeCacheEvictIndex: setUnconditionally 0 -> -1
2022-07-12 21:09:10,623 [pool-1171-thread-1] INFO  server.RaftServerConfigKeys (ConfUtils.java:logGet(46)) - raft.server.snapshot.auto.trigger.enabled = true (custom)
2022-07-12 21:09:10,623 [pool-1171-thread-1] INFO  server.RaftServerConfigKeys (ConfUtils.java:logGet(46)) - raft.server.snapshot.auto.trigger.threshold = 10000 (custom)
2022-07-12 21:09:10,624 [pool-1171-thread-1] INFO  server.RaftServerConfigKeys (ConfUtils.java:logGet(46)) - raft.server.snapshot.retention.file.num = 5 (custom)
2022-07-12 21:09:10,624 [pool-1171-thread-1] INFO  server.RaftServerConfigKeys (ConfUtils.java:logGet(46)) - raft.server.log.purge.upto.snapshot.index = false (default)
2022-07-12 21:09:10,624 [pool-1171-thread-1] INFO  server.RaftServerConfigKeys (ConfUtils.java:logGet(46)) - raft.server.retrycache.expirytime = 600000ms (custom)
2022-07-12 21:09:10,624 [pool-1171-thread-1] INFO  server.RaftServerConfigKeys (ConfUtils.java:logGet(46)) - raft.server.retrycache.statistics.expirytime = 100μs (default)
2022-07-12 21:09:10,625 [pool-1171-thread-1] INFO  server.RaftServerConfigKeys (ConfUtils.java:logGet(46)) - raft.server.log.appender.install.snapshot.enabled = false (custom)
2022-07-12 21:09:10,625 [pool-1171-thread-1] INFO  server.RaftServerConfigKeys (ConfUtils.java:logGet(46)) - raft.server.threadpool.server.cached = true (default)
2022-07-12 21:09:10,625 [pool-1171-thread-1] INFO  server.RaftServerConfigKeys (ConfUtils.java:logGet(46)) - raft.server.threadpool.server.size = 0 (default)
2022-07-12 21:09:10,626 [pool-1171-thread-1] INFO  server.RaftServerConfigKeys (ConfUtils.java:logGet(46)) - raft.server.threadpool.client.cached = true (default)
2022-07-12 21:09:10,626 [pool-1171-thread-1] INFO  server.RaftServerConfigKeys (ConfUtils.java:logGet(46)) - raft.server.threadpool.client.size = 0 (default)
2022-07-12 21:09:10,626 [pool-1171-thread-1] INFO  server.RaftServer$Division (RaftServerImpl.java:start(310)) - 76813abd-30d7-4706-b809-3e10cf795ab1@group-E7B5F2DF8633: start as a follower, conf=-1: [76813abd-30d7-4706-b809-3e10cf795ab1|rpc:10.1.0.20:33965|dataStream:|priority:0, 9ca81a7d-c27a-485e-9d50-743190b649b9|rpc:10.1.0.20:33467|dataStream:|priority:0, 024a366d-d9bd-4389-bd26-fa648e81fb63|rpc:10.1.0.20:34045|dataStream:|priority:1], old=null
2022-07-12 21:09:10,626 [pool-1171-thread-1] INFO  server.RaftServer$Division (RaftServerImpl.java:setRole(299)) - 76813abd-30d7-4706-b809-3e10cf795ab1@group-E7B5F2DF8633: changes role from      null to FOLLOWER at term 0 for startAsFollower
2022-07-12 21:09:10,626 [pool-1171-thread-1] INFO  impl.RoleInfo (RoleInfo.java:updateAndGet(139)) - 76813abd-30d7-4706-b809-3e10cf795ab1: start 76813abd-30d7-4706-b809-3e10cf795ab1@group-E7B5F2DF8633-FollowerState
2022-07-12 21:09:10,649 [pool-1171-thread-1] INFO  util.JmxRegister (JmxRegister.java:tryRegister(44)) - Successfully registered JMX Bean with object name Ratis:service=RaftServer,group=group-E7B5F2DF8633,id=76813abd-30d7-4706-b809-3e10cf795ab1
2022-07-12 21:09:10,869 [grpc-default-executor-0] INFO  server.RaftServer (RaftServerProxy.java:addNew(96)) - 024a366d-d9bd-4389-bd26-fa648e81fb63: addNew group-E7B5F2DF8633:[76813abd-30d7-4706-b809-3e10cf795ab1|rpc:10.1.0.20:33965|dataStream:|priority:0, 9ca81a7d-c27a-485e-9d50-743190b649b9|rpc:10.1.0.20:33467|dataStream:|priority:0, 024a366d-d9bd-4389-bd26-fa648e81fb63|rpc:10.1.0.20:34045|dataStream:|priority:1] returns group-E7B5F2DF8633:java.util.concurrent.CompletableFuture@ec8570b[Not completed]
2022-07-12 21:09:10,897 [pool-1222-thread-1] INFO  server.RaftServer$Division (RaftServerImpl.java:<init>(190)) - 024a366d-d9bd-4389-bd26-fa648e81fb63: new RaftServerImpl for group-E7B5F2DF8633:[76813abd-30d7-4706-b809-3e10cf795ab1|rpc:10.1.0.20:33965|dataStream:|priority:0, 9ca81a7d-c27a-485e-9d50-743190b649b9|rpc:10.1.0.20:33467|dataStream:|priority:0, 024a366d-d9bd-4389-bd26-fa648e81fb63|rpc:10.1.0.20:34045|dataStream:|priority:1] with ContainerStateMachine:uninitialized
2022-07-12 21:09:10,897 [pool-1222-thread-1] INFO  server.RaftServerConfigKeys (ConfUtils.java:logGet(46)) - raft.server.rpc.timeout.min = 5s (custom)
2022-07-12 21:09:10,897 [pool-1222-thread-1] INFO  server.RaftServerConfigKeys (ConfUtils.java:logGet(46)) - raft.server.rpc.timeout.max = 5200ms (custom)
2022-07-12 21:09:10,897 [pool-1222-thread-1] INFO  server.RaftServerConfigKeys (ConfUtils.java:logGet(46)) - raft.server.rpc.sleep.time = 25ms (default)
2022-07-12 21:09:10,897 [pool-1222-thread-1] INFO  server.RaftServerConfigKeys (ConfUtils.java:logGet(46)) - raft.server.rpc.slowness.timeout = 300s (custom)
2022-07-12 21:09:10,897 [pool-1222-thread-1] INFO  server.RaftServerConfigKeys (ConfUtils.java:logGet(46)) - raft.server.leaderelection.leader.step-down.wait-time = 10s (default)
2022-07-12 21:09:10,897 [pool-1222-thread-1] INFO  server.RaftServerConfigKeys (ConfUtils.java:logGet(46)) - raft.server.sleep.deviation.threshold = 300ms (default)
2022-07-12 21:09:10,897 [pool-1222-thread-1] INFO  server.RaftServer$Division (ServerState.java:<init>(107)) - 024a366d-d9bd-4389-bd26-fa648e81fb63@group-E7B5F2DF8633: ConfigurationManager, init=-1: [76813abd-30d7-4706-b809-3e10cf795ab1|rpc:10.1.0.20:33965|dataStream:|priority:0, 9ca81a7d-c27a-485e-9d50-743190b649b9|rpc:10.1.0.20:33467|dataStream:|priority:0, 024a366d-d9bd-4389-bd26-fa648e81fb63|rpc:10.1.0.20:34045|dataStream:|priority:1], old=null, confs=<EMPTY_MAP>
2022-07-12 21:09:10,897 [pool-1222-thread-1] INFO  server.RaftServerConfigKeys (ConfUtils.java:logGet(46)) - raft.server.storage.dir = [/home/runner/work/ozone/ozone/hadoop-ozone/integration-test/target/test-dir/MiniOzoneClusterImpl-97a7afd9-f57e-4952-bd34-49a096582c21/datanode-2/data/ratis] (custom)
2022-07-12 21:09:10,897 [pool-1222-thread-1] INFO  server.RaftServerConfigKeys (ConfUtils.java:logGet(46)) - raft.server.log.corruption.policy = EXCEPTION (default)
2022-07-12 21:09:10,899 [pool-1222-thread-1] INFO  server.RaftServerConfigKeys (ConfUtils.java:logGet(46)) - raft.server.storage.free-space.min = 0MB (=0) (default)
2022-07-12 21:09:10,899 [pool-1222-thread-1] INFO  storage.RaftStorageDirectory (RaftStorageDirectoryImpl.java:analyzeStorage(135)) - The storage directory /home/runner/work/ozone/ozone/hadoop-ozone/integration-test/target/test-dir/MiniOzoneClusterImpl-97a7afd9-f57e-4952-bd34-49a096582c21/datanode-2/data/ratis/25c658f3-57eb-4001-9afd-e7b5f2df8633 does not exist. Creating ...
2022-07-12 21:09:10,931 [pool-1222-thread-1] INFO  storage.RaftStorageDirectory (RaftStorageDirectoryImpl.java:tryLock(230)) - Lock on /home/runner/work/ozone/ozone/hadoop-ozone/integration-test/target/test-dir/MiniOzoneClusterImpl-97a7afd9-f57e-4952-bd34-49a096582c21/datanode-2/data/ratis/25c658f3-57eb-4001-9afd-e7b5f2df8633/in_use.lock acquired by nodename 31611@fv-az452-57
2022-07-12 21:09:10,934 [pool-1222-thread-1] INFO  storage.RaftStorage (RaftStorageImpl.java:format(89)) - Storage directory /home/runner/work/ozone/ozone/hadoop-ozone/integration-test/target/test-dir/MiniOzoneClusterImpl-97a7afd9-f57e-4952-bd34-49a096582c21/datanode-2/data/ratis/25c658f3-57eb-4001-9afd-e7b5f2df8633 has been successfully formatted.
2022-07-12 21:09:10,956 [pool-1222-thread-1] INFO  ratis.ContainerStateMachine (ContainerStateMachine.java:loadSnapshot(236)) - group-E7B5F2DF8633: The snapshot info is null. Setting the last applied indexto:(t:0, i:~)
2022-07-12 21:09:10,956 [pool-1222-thread-1] INFO  server.RaftServerConfigKeys (ConfUtils.java:logGet(46)) - raft.server.notification.no-leader.timeout = 300s (custom)
2022-07-12 21:09:10,956 [pool-1222-thread-1] INFO  server.RaftServerConfigKeys (ConfUtils.java:logGet(46)) - raft.server.log.use.memory = false (default)
2022-07-12 21:09:10,956 [pool-1222-thread-1] INFO  server.RaftServerConfigKeys (ConfUtils.java:logGet(46)) - raft.server.log.purge.gap = 1000000 (custom)
2022-07-12 21:09:10,956 [pool-1222-thread-1] INFO  server.RaftServerConfigKeys (ConfUtils.java:logGet(46)) - raft.server.log.appender.buffer.byte-limit = 33554432 (custom)
2022-07-12 21:09:10,957 [pool-1222-thread-1] INFO  server.RaftServerConfigKeys (ConfUtils.java:logGet(46)) - raft.server.log.statemachine.data.read.timeout = 1000ms (default)
2022-07-12 21:09:10,957 [pool-1222-thread-1] INFO  server.RaftServerConfigKeys (ConfUtils.java:logGet(46)) - raft.server.log.segment.size.max = 1048576 (custom)
2022-07-12 21:09:10,957 [pool-1222-thread-1] INFO  server.RaftServerConfigKeys (ConfUtils.java:logGet(46)) - raft.server.log.segment.cache.num.max = 2 (custom)
2022-07-12 21:09:10,957 [pool-1222-thread-1] INFO  server.RaftServerConfigKeys (ConfUtils.java:logGet(46)) - raft.server.log.segment.cache.size.max = 200MB (=209715200) (default)
2022-07-12 21:09:10,957 [pool-1222-thread-1] INFO  segmented.SegmentedRaftLogWorker (SegmentedRaftLogWorker.java:<init>(187)) - new 024a366d-d9bd-4389-bd26-fa648e81fb63@group-E7B5F2DF8633-SegmentedRaftLogWorker for RaftStorageImpl:Storage Directory /home/runner/work/ozone/ozone/hadoop-ozone/integration-test/target/test-dir/MiniOzoneClusterImpl-97a7afd9-f57e-4952-bd34-49a096582c21/datanode-2/data/ratis/25c658f3-57eb-4001-9afd-e7b5f2df8633
2022-07-12 21:09:10,957 [pool-1222-thread-1] INFO  server.RaftServerConfigKeys (ConfUtils.java:logGet(46)) - raft.server.log.queue.byte-limit = 4294967296 (custom)
2022-07-12 21:09:10,957 [pool-1222-thread-1] INFO  server.RaftServerConfigKeys (ConfUtils.java:logGet(46)) - raft.server.log.queue.element-limit = 1024 (custom)
2022-07-12 21:09:10,958 [pool-1222-thread-1] INFO  server.RaftServerConfigKeys (ConfUtils.java:logGet(46)) - raft.server.log.segment.size.max = 1048576 (custom)
2022-07-12 21:09:10,958 [pool-1222-thread-1] INFO  server.RaftServerConfigKeys (ConfUtils.java:logGet(46)) - raft.server.log.preallocated.size = 16384 (custom)
2022-07-12 21:09:10,958 [pool-1222-thread-1] INFO  server.RaftServerConfigKeys (ConfUtils.java:logGet(46)) - raft.server.log.force.sync.num = 128 (default)
2022-07-12 21:09:10,958 [pool-1222-thread-1] INFO  server.RaftServerConfigKeys (ConfUtils.java:logGet(46)) - raft.server.log.statemachine.data.sync = true (default)
2022-07-12 21:09:10,958 [pool-1222-thread-1] INFO  server.RaftServerConfigKeys (ConfUtils.java:logGet(46)) - raft.server.log.statemachine.data.sync.timeout = 10s (default)
2022-07-12 21:09:10,958 [pool-1222-thread-1] INFO  server.RaftServerConfigKeys (ConfUtils.java:logGet(46)) - raft.server.log.statemachine.data.sync.timeout.retry = -1 (default)
2022-07-12 21:09:10,959 [pool-1222-thread-1] INFO  server.RaftServerConfigKeys (ConfUtils.java:logGet(46)) - raft.server.log.write.buffer.size = 1048576 (custom)
2022-07-12 21:09:10,959 [pool-1222-thread-1] INFO  server.RaftServerConfigKeys (ConfUtils.java:logGet(46)) - raft.server.log.unsafe-flush.enabled = false (default)
2022-07-12 21:09:10,959 [pool-1222-thread-1] INFO  server.RaftServerConfigKeys (ConfUtils.java:logGet(46)) - raft.server.log.statemachine.data.caching.enabled = true (custom)
2022-07-12 21:09:10,979 [pool-1222-thread-1] INFO  segmented.SegmentedRaftLogWorker (SegmentedRaftLogWorker.java:lambda$new$0(135)) - 024a366d-d9bd-4389-bd26-fa648e81fb63@group-E7B5F2DF8633-SegmentedRaftLogWorker: flushIndex: setUnconditionally 0 -> -1
2022-07-12 21:09:10,980 [pool-1222-thread-1] INFO  segmented.SegmentedRaftLogWorker (SegmentedRaftLogWorker.java:lambda$new$0(135)) - 024a366d-d9bd-4389-bd26-fa648e81fb63@group-E7B5F2DF8633-SegmentedRaftLogWorker: safeCacheEvictIndex: setUnconditionally 0 -> -1
2022-07-12 21:09:11,003 [pool-1222-thread-1] INFO  server.RaftServerConfigKeys (ConfUtils.java:logGet(46)) - raft.server.snapshot.auto.trigger.enabled = true (custom)
2022-07-12 21:09:11,004 [pool-1222-thread-1] INFO  server.RaftServerConfigKeys (ConfUtils.java:logGet(46)) - raft.server.snapshot.auto.trigger.threshold = 10000 (custom)
2022-07-12 21:09:11,004 [pool-1222-thread-1] INFO  server.RaftServerConfigKeys (ConfUtils.java:logGet(46)) - raft.server.snapshot.retention.file.num = 5 (custom)
2022-07-12 21:09:11,004 [pool-1222-thread-1] INFO  server.RaftServerConfigKeys (ConfUtils.java:logGet(46)) - raft.server.log.purge.upto.snapshot.index = false (default)
2022-07-12 21:09:11,004 [pool-1222-thread-1] INFO  server.RaftServerConfigKeys (ConfUtils.java:logGet(46)) - raft.server.retrycache.expirytime = 600000ms (custom)
2022-07-12 21:09:11,004 [pool-1222-thread-1] INFO  server.RaftServerConfigKeys (ConfUtils.java:logGet(46)) - raft.server.retrycache.statistics.expirytime = 100μs (default)
2022-07-12 21:09:11,005 [pool-1222-thread-1] INFO  server.RaftServerConfigKeys (ConfUtils.java:logGet(46)) - raft.server.log.appender.install.snapshot.enabled = false (custom)
2022-07-12 21:09:11,006 [pool-1222-thread-1] INFO  server.RaftServerConfigKeys (ConfUtils.java:logGet(46)) - raft.server.threadpool.server.cached = true (default)
2022-07-12 21:09:11,006 [pool-1222-thread-1] INFO  server.RaftServerConfigKeys (ConfUtils.java:logGet(46)) - raft.server.threadpool.server.size = 0 (default)
2022-07-12 21:09:11,006 [pool-1222-thread-1] INFO  server.RaftServerConfigKeys (ConfUtils.java:logGet(46)) - raft.server.threadpool.client.cached = true (default)
2022-07-12 21:09:11,006 [pool-1222-thread-1] INFO  server.RaftServerConfigKeys (ConfUtils.java:logGet(46)) - raft.server.threadpool.client.size = 0 (default)
2022-07-12 21:09:11,006 [pool-1222-thread-1] INFO  server.RaftServer$Division (RaftServerImpl.java:start(310)) - 024a366d-d9bd-4389-bd26-fa648e81fb63@group-E7B5F2DF8633: start as a follower, conf=-1: [76813abd-30d7-4706-b809-3e10cf795ab1|rpc:10.1.0.20:33965|dataStream:|priority:0, 9ca81a7d-c27a-485e-9d50-743190b649b9|rpc:10.1.0.20:33467|dataStream:|priority:0, 024a366d-d9bd-4389-bd26-fa648e81fb63|rpc:10.1.0.20:34045|dataStream:|priority:1], old=null
2022-07-12 21:09:11,006 [pool-1222-thread-1] INFO  server.RaftServer$Division (RaftServerImpl.java:setRole(299)) - 024a366d-d9bd-4389-bd26-fa648e81fb63@group-E7B5F2DF8633: changes role from      null to FOLLOWER at term 0 for startAsFollower
2022-07-12 21:09:11,006 [pool-1222-thread-1] INFO  impl.RoleInfo (RoleInfo.java:updateAndGet(139)) - 024a366d-d9bd-4389-bd26-fa648e81fb63: start 024a366d-d9bd-4389-bd26-fa648e81fb63@group-E7B5F2DF8633-FollowerState
2022-07-12 21:09:11,021 [pool-1222-thread-1] INFO  util.JmxRegister (JmxRegister.java:tryRegister(44)) - Successfully registered JMX Bean with object name Ratis:service=RaftServer,group=group-E7B5F2DF8633,id=024a366d-d9bd-4389-bd26-fa648e81fb63
2022-07-12 21:09:11,086 [Command processor thread] INFO  commandhandler.CreatePipelineCommandHandler (CreatePipelineCommandHandler.java:handle(113)) - Created Pipeline RATIS THREE PipelineID=25c658f3-57eb-4001-9afd-e7b5f2df8633.
2022-07-12 21:09:11,087 [Command processor thread] INFO  server.RaftServer (RaftServerProxy.java:addNew(96)) - 9ca81a7d-c27a-485e-9d50-743190b649b9: addNew group-C3BB33E871CC:[76813abd-30d7-4706-b809-3e10cf795ab1|rpc:10.1.0.20:33965|priority:1, 9ca81a7d-c27a-485e-9d50-743190b649b9|rpc:10.1.0.20:33467|priority:0, 024a366d-d9bd-4389-bd26-fa648e81fb63|rpc:10.1.0.20:34045|priority:0] returns group-C3BB33E871CC:java.util.concurrent.CompletableFuture@ce6517[Not completed]
2022-07-12 21:09:11,087 [pool-1194-thread-1] INFO  server.RaftServer$Division (RaftServerImpl.java:<init>(190)) - 9ca81a7d-c27a-485e-9d50-743190b649b9: new RaftServerImpl for group-C3BB33E871CC:[76813abd-30d7-4706-b809-3e10cf795ab1|rpc:10.1.0.20:33965|priority:1, 9ca81a7d-c27a-485e-9d50-743190b649b9|rpc:10.1.0.20:33467|priority:0, 024a366d-d9bd-4389-bd26-fa648e81fb63|rpc:10.1.0.20:34045|priority:0] with ContainerStateMachine:uninitialized
2022-07-12 21:09:11,087 [pool-1194-thread-1] INFO  server.RaftServerConfigKeys (ConfUtils.java:logGet(46)) - raft.server.rpc.timeout.min = 5s (custom)
2022-07-12 21:09:11,088 [pool-1194-thread-1] INFO  server.RaftServerConfigKeys (ConfUtils.java:logGet(46)) - raft.server.rpc.timeout.max = 5200ms (custom)
2022-07-12 21:09:11,088 [pool-1194-thread-1] INFO  server.RaftServerConfigKeys (ConfUtils.java:logGet(46)) - raft.server.rpc.sleep.time = 25ms (default)
2022-07-12 21:09:11,088 [pool-1194-thread-1] INFO  server.RaftServerConfigKeys (ConfUtils.java:logGet(46)) - raft.server.rpc.slowness.timeout = 300s (custom)
2022-07-12 21:09:11,088 [pool-1194-thread-1] INFO  server.RaftServerConfigKeys (ConfUtils.java:logGet(46)) - raft.server.leaderelection.leader.step-down.wait-time = 10s (default)
2022-07-12 21:09:11,088 [pool-1194-thread-1] INFO  server.RaftServerConfigKeys (ConfUtils.java:logGet(46)) - raft.server.sleep.deviation.threshold = 300ms (default)
2022-07-12 21:09:11,088 [pool-1194-thread-1] INFO  server.RaftServer$Division (ServerState.java:<init>(107)) - 9ca81a7d-c27a-485e-9d50-743190b649b9@group-C3BB33E871CC: ConfigurationManager, init=-1: [76813abd-30d7-4706-b809-3e10cf795ab1|rpc:10.1.0.20:33965|priority:1, 9ca81a7d-c27a-485e-9d50-743190b649b9|rpc:10.1.0.20:33467|priority:0, 024a366d-d9bd-4389-bd26-fa648e81fb63|rpc:10.1.0.20:34045|priority:0], old=null, confs=<EMPTY_MAP>
2022-07-12 21:09:11,088 [pool-1194-thread-1] INFO  server.RaftServerConfigKeys (ConfUtils.java:logGet(46)) - raft.server.storage.dir = [/home/runner/work/ozone/ozone/hadoop-ozone/integration-test/target/test-dir/MiniOzoneClusterImpl-97a7afd9-f57e-4952-bd34-49a096582c21/datanode-1/data/ratis] (custom)
2022-07-12 21:09:11,088 [pool-1194-thread-1] INFO  server.RaftServerConfigKeys (ConfUtils.java:logGet(46)) - raft.server.log.corruption.policy = EXCEPTION (default)
2022-07-12 21:09:11,088 [pool-1194-thread-1] INFO  server.RaftServerConfigKeys (ConfUtils.java:logGet(46)) - raft.server.storage.free-space.min = 0MB (=0) (default)
2022-07-12 21:09:11,088 [pool-1194-thread-1] INFO  storage.RaftStorageDirectory (RaftStorageDirectoryImpl.java:analyzeStorage(135)) - The storage directory /home/runner/work/ozone/ozone/hadoop-ozone/integration-test/target/test-dir/MiniOzoneClusterImpl-97a7afd9-f57e-4952-bd34-49a096582c21/datanode-1/data/ratis/da45c5f5-0c35-43a7-9f85-c3bb33e871cc does not exist. Creating ...
2022-07-12 21:09:11,089 [pool-1194-thread-1] INFO  storage.RaftStorageDirectory (RaftStorageDirectoryImpl.java:tryLock(230)) - Lock on /home/runner/work/ozone/ozone/hadoop-ozone/integration-test/target/test-dir/MiniOzoneClusterImpl-97a7afd9-f57e-4952-bd34-49a096582c21/datanode-1/data/ratis/da45c5f5-0c35-43a7-9f85-c3bb33e871cc/in_use.lock acquired by nodename 31611@fv-az452-57
2022-07-12 21:09:11,091 [pool-1194-thread-1] INFO  storage.RaftStorage (RaftStorageImpl.java:format(89)) - Storage directory /home/runner/work/ozone/ozone/hadoop-ozone/integration-test/target/test-dir/MiniOzoneClusterImpl-97a7afd9-f57e-4952-bd34-49a096582c21/datanode-1/data/ratis/da45c5f5-0c35-43a7-9f85-c3bb33e871cc has been successfully formatted.
2022-07-12 21:09:11,095 [EventQueue-OpenPipelineForHealthyPipelineSafeModeRule] INFO  safemode.SCMSafeModeManager (HealthyPipelineSafeModeRule.java:process(124)) - SCM in safe mode. Healthy pipelines reported count is 0, required healthy pipeline reported count is 1
2022-07-12 21:09:11,103 [pool-1194-thread-1] INFO  ratis.ContainerStateMachine (ContainerStateMachine.java:loadSnapshot(236)) - group-C3BB33E871CC: The snapshot info is null. Setting the last applied indexto:(t:0, i:~)
2022-07-12 21:09:11,104 [pool-1194-thread-1] INFO  server.RaftServerConfigKeys (ConfUtils.java:logGet(46)) - raft.server.notification.no-leader.timeout = 300s (custom)
2022-07-12 21:09:11,104 [pool-1194-thread-1] INFO  server.RaftServerConfigKeys (ConfUtils.java:logGet(46)) - raft.server.log.use.memory = false (default)
2022-07-12 21:09:11,104 [pool-1194-thread-1] INFO  server.RaftServerConfigKeys (ConfUtils.java:logGet(46)) - raft.server.log.purge.gap = 1000000 (custom)
2022-07-12 21:09:11,104 [pool-1194-thread-1] INFO  server.RaftServerConfigKeys (ConfUtils.java:logGet(46)) - raft.server.log.appender.buffer.byte-limit = 33554432 (custom)
2022-07-12 21:09:11,104 [pool-1194-thread-1] INFO  server.RaftServerConfigKeys (ConfUtils.java:logGet(46)) - raft.server.log.statemachine.data.read.timeout = 1000ms (default)
2022-07-12 21:09:11,104 [pool-1194-thread-1] INFO  server.RaftServerConfigKeys (ConfUtils.java:logGet(46)) - raft.server.log.segment.size.max = 1048576 (custom)
2022-07-12 21:09:11,105 [pool-1194-thread-1] INFO  server.RaftServerConfigKeys (ConfUtils.java:logGet(46)) - raft.server.log.segment.cache.num.max = 2 (custom)
2022-07-12 21:09:11,105 [pool-1194-thread-1] INFO  server.RaftServerConfigKeys (ConfUtils.java:logGet(46)) - raft.server.log.segment.cache.size.max = 200MB (=209715200) (default)
2022-07-12 21:09:11,105 [pool-1194-thread-1] INFO  segmented.SegmentedRaftLogWorker (SegmentedRaftLogWorker.java:<init>(187)) - new 9ca81a7d-c27a-485e-9d50-743190b649b9@group-C3BB33E871CC-SegmentedRaftLogWorker for RaftStorageImpl:Storage Directory /home/runner/work/ozone/ozone/hadoop-ozone/integration-test/target/test-dir/MiniOzoneClusterImpl-97a7afd9-f57e-4952-bd34-49a096582c21/datanode-1/data/ratis/da45c5f5-0c35-43a7-9f85-c3bb33e871cc
2022-07-12 21:09:11,105 [pool-1194-thread-1] INFO  server.RaftServerConfigKeys (ConfUtils.java:logGet(46)) - raft.server.log.queue.byte-limit = 4294967296 (custom)
2022-07-12 21:09:11,105 [pool-1194-thread-1] INFO  server.RaftServerConfigKeys (ConfUtils.java:logGet(46)) - raft.server.log.queue.element-limit = 1024 (custom)
2022-07-12 21:09:11,105 [pool-1194-thread-1] INFO  server.RaftServerConfigKeys (ConfUtils.java:logGet(46)) - raft.server.log.segment.size.max = 1048576 (custom)
2022-07-12 21:09:11,105 [pool-1194-thread-1] INFO  server.RaftServerConfigKeys (ConfUtils.java:logGet(46)) - raft.server.log.preallocated.size = 16384 (custom)
2022-07-12 21:09:11,105 [pool-1194-thread-1] INFO  server.RaftServerConfigKeys (ConfUtils.java:logGet(46)) - raft.server.log.force.sync.num = 128 (default)
2022-07-12 21:09:11,105 [pool-1194-thread-1] INFO  server.RaftServerConfigKeys (ConfUtils.java:logGet(46)) - raft.server.log.statemachine.data.sync = true (default)
2022-07-12 21:09:11,105 [pool-1194-thread-1] INFO  server.RaftServerConfigKeys (ConfUtils.java:logGet(46)) - raft.server.log.statemachine.data.sync.timeout = 10s (default)
2022-07-12 21:09:11,105 [pool-1194-thread-1] INFO  server.RaftServerConfigKeys (ConfUtils.java:logGet(46)) - raft.server.log.statemachine.data.sync.timeout.retry = -1 (default)
2022-07-12 21:09:11,106 [pool-1194-thread-1] INFO  server.RaftServerConfigKeys (ConfUtils.java:logGet(46)) - raft.server.log.write.buffer.size = 1048576 (custom)
2022-07-12 21:09:11,107 [pool-1194-thread-1] INFO  server.RaftServerConfigKeys (ConfUtils.java:logGet(46)) - raft.server.log.unsafe-flush.enabled = false (default)
2022-07-12 21:09:11,107 [pool-1194-thread-1] INFO  server.RaftServerConfigKeys (ConfUtils.java:logGet(46)) - raft.server.log.statemachine.data.caching.enabled = true (custom)
2022-07-12 21:09:11,107 [pool-1194-thread-1] INFO  segmented.SegmentedRaftLogWorker (SegmentedRaftLogWorker.java:lambda$new$0(135)) - 9ca81a7d-c27a-485e-9d50-743190b649b9@group-C3BB33E871CC-SegmentedRaftLogWorker: flushIndex: setUnconditionally 0 -> -1
2022-07-12 21:09:11,107 [pool-1194-thread-1] INFO  segmented.SegmentedRaftLogWorker (SegmentedRaftLogWorker.java:lambda$new$0(135)) - 9ca81a7d-c27a-485e-9d50-743190b649b9@group-C3BB33E871CC-SegmentedRaftLogWorker: safeCacheEvictIndex: setUnconditionally 0 -> -1
2022-07-12 21:09:11,136 [pool-1194-thread-1] INFO  server.RaftServerConfigKeys (ConfUtils.java:logGet(46)) - raft.server.snapshot.auto.trigger.enabled = true (custom)
2022-07-12 21:09:11,136 [pool-1194-thread-1] INFO  server.RaftServerConfigKeys (ConfUtils.java:logGet(46)) - raft.server.snapshot.auto.trigger.threshold = 10000 (custom)
2022-07-12 21:09:11,136 [pool-1194-thread-1] INFO  server.RaftServerConfigKeys (ConfUtils.java:logGet(46)) - raft.server.snapshot.retention.file.num = 5 (custom)
2022-07-12 21:09:11,136 [pool-1194-thread-1] INFO  server.RaftServerConfigKeys (ConfUtils.java:logGet(46)) - raft.server.log.purge.upto.snapshot.index = false (default)
2022-07-12 21:09:11,155 [pool-1194-thread-1] INFO  server.RaftServerConfigKeys (ConfUtils.java:logGet(46)) - raft.server.retrycache.expirytime = 600000ms (custom)
2022-07-12 21:09:11,156 [pool-1194-thread-1] INFO  server.RaftServerConfigKeys (ConfUtils.java:logGet(46)) - raft.server.retrycache.statistics.expirytime = 100μs (default)
2022-07-12 21:09:11,157 [pool-1194-thread-1] INFO  server.RaftServerConfigKeys (ConfUtils.java:logGet(46)) - raft.server.log.appender.install.snapshot.enabled = false (custom)
2022-07-12 21:09:11,157 [pool-1194-thread-1] INFO  server.RaftServerConfigKeys (ConfUtils.java:logGet(46)) - raft.server.threadpool.server.cached = true (default)
2022-07-12 21:09:11,157 [pool-1194-thread-1] INFO  server.RaftServerConfigKeys (ConfUtils.java:logGet(46)) - raft.server.threadpool.server.size = 0 (default)
2022-07-12 21:09:11,157 [pool-1194-thread-1] INFO  server.RaftServerConfigKeys (ConfUtils.java:logGet(46)) - raft.server.threadpool.client.cached = true (default)
2022-07-12 21:09:11,158 [pool-1194-thread-1] INFO  server.RaftServerConfigKeys (ConfUtils.java:logGet(46)) - raft.server.threadpool.client.size = 0 (default)
2022-07-12 21:09:11,158 [pool-1194-thread-1] INFO  server.RaftServer$Division (RaftServerImpl.java:start(310)) - 9ca81a7d-c27a-485e-9d50-743190b649b9@group-C3BB33E871CC: start as a follower, conf=-1: [76813abd-30d7-4706-b809-3e10cf795ab1|rpc:10.1.0.20:33965|priority:1, 9ca81a7d-c27a-485e-9d50-743190b649b9|rpc:10.1.0.20:33467|priority:0, 024a366d-d9bd-4389-bd26-fa648e81fb63|rpc:10.1.0.20:34045|priority:0], old=null
2022-07-12 21:09:11,158 [pool-1194-thread-1] INFO  server.RaftServer$Division (RaftServerImpl.java:setRole(299)) - 9ca81a7d-c27a-485e-9d50-743190b649b9@group-C3BB33E871CC: changes role from      null to FOLLOWER at term 0 for startAsFollower
2022-07-12 21:09:11,158 [pool-1194-thread-1] INFO  impl.RoleInfo (RoleInfo.java:updateAndGet(139)) - 9ca81a7d-c27a-485e-9d50-743190b649b9: start 9ca81a7d-c27a-485e-9d50-743190b649b9@group-C3BB33E871CC-FollowerState
2022-07-12 21:09:11,176 [pool-1194-thread-1] INFO  util.JmxRegister (JmxRegister.java:tryRegister(44)) - Successfully registered JMX Bean with object name Ratis:service=RaftServer,group=group-C3BB33E871CC,id=9ca81a7d-c27a-485e-9d50-743190b649b9
2022-07-12 21:09:11,191 [Command processor thread] INFO  ratis.XceiverServerRatis (XceiverServerRatis.java:addGroup(765)) - Created group PipelineID=da45c5f5-0c35-43a7-9f85-c3bb33e871cc
2022-07-12 21:09:11,230 [Listener at 127.0.0.1/32899] INFO  ozone.MiniOzoneClusterImpl (MiniOzoneClusterImpl.java:lambda$waitForClusterToBeReady$0(223)) - Waiting for nodes to be ready. Got 3 of 5 DN Heartbeats.
2022-07-12 21:09:11,230 [Listener at 127.0.0.1/32899] INFO  ozone.MiniOzoneClusterImpl (MiniOzoneClusterImpl.java:lambda$waitForClusterToBeReady$0(226)) - Waiting for cluster to exit safe mode
2022-07-12 21:09:11,230 [Listener at 127.0.0.1/32899] INFO  ozone.MiniOzoneClusterImpl (MiniOzoneClusterImpl.java:lambda$waitForClusterToBeReady$0(228)) - SCM became leader
2022-07-12 21:09:11,296 [grpc-default-executor-0] INFO  server.RaftServer (RaftServerProxy.java:addNew(96)) - 76813abd-30d7-4706-b809-3e10cf795ab1: addNew group-C3BB33E871CC:[76813abd-30d7-4706-b809-3e10cf795ab1|rpc:10.1.0.20:33965|dataStream:|priority:1, 9ca81a7d-c27a-485e-9d50-743190b649b9|rpc:10.1.0.20:33467|dataStream:|priority:0, 024a366d-d9bd-4389-bd26-fa648e81fb63|rpc:10.1.0.20:34045|dataStream:|priority:0] returns group-C3BB33E871CC:java.util.concurrent.CompletableFuture@52f8aba1[Not completed]
2022-07-12 21:09:11,297 [pool-1171-thread-1] INFO  server.RaftServer$Division (RaftServerImpl.java:<init>(190)) - 76813abd-30d7-4706-b809-3e10cf795ab1: new RaftServerImpl for group-C3BB33E871CC:[76813abd-30d7-4706-b809-3e10cf795ab1|rpc:10.1.0.20:33965|dataStream:|priority:1, 9ca81a7d-c27a-485e-9d50-743190b649b9|rpc:10.1.0.20:33467|dataStream:|priority:0, 024a366d-d9bd-4389-bd26-fa648e81fb63|rpc:10.1.0.20:34045|dataStream:|priority:0] with ContainerStateMachine:uninitialized
2022-07-12 21:09:11,297 [pool-1171-thread-1] INFO  server.RaftServerConfigKeys (ConfUtils.java:logGet(46)) - raft.server.rpc.timeout.min = 5s (custom)
2022-07-12 21:09:11,297 [pool-1171-thread-1] INFO  server.RaftServerConfigKeys (ConfUtils.java:logGet(46)) - raft.server.rpc.timeout.max = 5200ms (custom)
2022-07-12 21:09:11,297 [pool-1171-thread-1] INFO  server.RaftServerConfigKeys (ConfUtils.java:logGet(46)) - raft.server.rpc.sleep.time = 25ms (default)
2022-07-12 21:09:11,297 [pool-1171-thread-1] INFO  server.RaftServerConfigKeys (ConfUtils.java:logGet(46)) - raft.server.rpc.slowness.timeout = 300s (custom)
2022-07-12 21:09:11,297 [pool-1171-thread-1] INFO  server.RaftServerConfigKeys (ConfUtils.java:logGet(46)) - raft.server.leaderelection.leader.step-down.wait-time = 10s (default)
2022-07-12 21:09:11,297 [pool-1171-thread-1] INFO  server.RaftServerConfigKeys (ConfUtils.java:logGet(46)) - raft.server.sleep.deviation.threshold = 300ms (default)
2022-07-12 21:09:11,297 [pool-1171-thread-1] INFO  server.RaftServer$Division (ServerState.java:<init>(107)) - 76813abd-30d7-4706-b809-3e10cf795ab1@group-C3BB33E871CC: ConfigurationManager, init=-1: [76813abd-30d7-4706-b809-3e10cf795ab1|rpc:10.1.0.20:33965|dataStream:|priority:1, 9ca81a7d-c27a-485e-9d50-743190b649b9|rpc:10.1.0.20:33467|dataStream:|priority:0, 024a366d-d9bd-4389-bd26-fa648e81fb63|rpc:10.1.0.20:34045|dataStream:|priority:0], old=null, confs=<EMPTY_MAP>
2022-07-12 21:09:11,297 [pool-1171-thread-1] INFO  server.RaftServerConfigKeys (ConfUtils.java:logGet(46)) - raft.server.storage.dir = [/home/runner/work/ozone/ozone/hadoop-ozone/integration-test/target/test-dir/MiniOzoneClusterImpl-97a7afd9-f57e-4952-bd34-49a096582c21/datanode-0/data/ratis] (custom)
2022-07-12 21:09:11,298 [pool-1171-thread-1] INFO  server.RaftServerConfigKeys (ConfUtils.java:logGet(46)) - raft.server.log.corruption.policy = EXCEPTION (default)
2022-07-12 21:09:11,298 [pool-1171-thread-1] INFO  server.RaftServerConfigKeys (ConfUtils.java:logGet(46)) - raft.server.storage.free-space.min = 0MB (=0) (default)
2022-07-12 21:09:11,298 [pool-1171-thread-1] INFO  storage.RaftStorageDirectory (RaftStorageDirectoryImpl.java:analyzeStorage(135)) - The storage directory /home/runner/work/ozone/ozone/hadoop-ozone/integration-test/target/test-dir/MiniOzoneClusterImpl-97a7afd9-f57e-4952-bd34-49a096582c21/datanode-0/data/ratis/da45c5f5-0c35-43a7-9f85-c3bb33e871cc does not exist. Creating ...
2022-07-12 21:09:11,307 [pool-1171-thread-1] INFO  storage.RaftStorageDirectory (RaftStorageDirectoryImpl.java:tryLock(230)) - Lock on /home/runner/work/ozone/ozone/hadoop-ozone/integration-test/target/test-dir/MiniOzoneClusterImpl-97a7afd9-f57e-4952-bd34-49a096582c21/datanode-0/data/ratis/da45c5f5-0c35-43a7-9f85-c3bb33e871cc/in_use.lock acquired by nodename 31611@fv-az452-57
2022-07-12 21:09:11,317 [pool-1171-thread-1] INFO  storage.RaftStorage (RaftStorageImpl.java:format(89)) - Storage directory /home/runner/work/ozone/ozone/hadoop-ozone/integration-test/target/test-dir/MiniOzoneClusterImpl-97a7afd9-f57e-4952-bd34-49a096582c21/datanode-0/data/ratis/da45c5f5-0c35-43a7-9f85-c3bb33e871cc has been successfully formatted.
2022-07-12 21:09:11,317 [pool-1171-thread-1] INFO  ratis.ContainerStateMachine (ContainerStateMachine.java:loadSnapshot(236)) - group-C3BB33E871CC: The snapshot info is null. Setting the last applied indexto:(t:0, i:~)
2022-07-12 21:09:11,317 [pool-1171-thread-1] INFO  server.RaftServerConfigKeys (ConfUtils.java:logGet(46)) - raft.server.notification.no-leader.timeout = 300s (custom)
2022-07-12 21:09:11,317 [pool-1171-thread-1] INFO  server.RaftServerConfigKeys (ConfUtils.java:logGet(46)) - raft.server.log.use.memory = false (default)
2022-07-12 21:09:11,317 [pool-1171-thread-1] INFO  server.RaftServerConfigKeys (ConfUtils.java:logGet(46)) - raft.server.log.purge.gap = 1000000 (custom)
2022-07-12 21:09:11,317 [pool-1171-thread-1] INFO  server.RaftServerConfigKeys (ConfUtils.java:logGet(46)) - raft.server.log.appender.buffer.byte-limit = 33554432 (custom)
2022-07-12 21:09:11,317 [pool-1171-thread-1] INFO  server.RaftServerConfigKeys (ConfUtils.java:logGet(46)) - raft.server.log.statemachine.data.read.timeout = 1000ms (default)
2022-07-12 21:09:11,318 [pool-1171-thread-1] INFO  server.RaftServerConfigKeys (ConfUtils.java:logGet(46)) - raft.server.log.segment.size.max = 1048576 (custom)
2022-07-12 21:09:11,318 [pool-1171-thread-1] INFO  server.RaftServerConfigKeys (ConfUtils.java:logGet(46)) - raft.server.log.segment.cache.num.max = 2 (custom)
2022-07-12 21:09:11,318 [pool-1171-thread-1] INFO  server.RaftServerConfigKeys (ConfUtils.java:logGet(46)) - raft.server.log.segment.cache.size.max = 200MB (=209715200) (default)
2022-07-12 21:09:11,318 [pool-1171-thread-1] INFO  segmented.SegmentedRaftLogWorker (SegmentedRaftLogWorker.java:<init>(187)) - new 76813abd-30d7-4706-b809-3e10cf795ab1@group-C3BB33E871CC-SegmentedRaftLogWorker for RaftStorageImpl:Storage Directory /home/runner/work/ozone/ozone/hadoop-ozone/integration-test/target/test-dir/MiniOzoneClusterImpl-97a7afd9-f57e-4952-bd34-49a096582c21/datanode-0/data/ratis/da45c5f5-0c35-43a7-9f85-c3bb33e871cc
2022-07-12 21:09:11,318 [pool-1171-thread-1] INFO  server.RaftServerConfigKeys (ConfUtils.java:logGet(46)) - raft.server.log.queue.byte-limit = 4294967296 (custom)
2022-07-12 21:09:11,318 [pool-1171-thread-1] INFO  server.RaftServerConfigKeys (ConfUtils.java:logGet(46)) - raft.server.log.queue.element-limit = 1024 (custom)
2022-07-12 21:09:11,318 [pool-1171-thread-1] INFO  server.RaftServerConfigKeys (ConfUtils.java:logGet(46)) - raft.server.log.segment.size.max = 1048576 (custom)
2022-07-12 21:09:11,318 [pool-1171-thread-1] INFO  server.RaftServerConfigKeys (ConfUtils.java:logGet(46)) - raft.server.log.preallocated.size = 16384 (custom)
2022-07-12 21:09:11,318 [pool-1171-thread-1] INFO  server.RaftServerConfigKeys (ConfUtils.java:logGet(46)) - raft.server.log.force.sync.num = 128 (default)
2022-07-12 21:09:11,318 [pool-1171-thread-1] INFO  server.RaftServerConfigKeys (ConfUtils.java:logGet(46)) - raft.server.log.statemachine.data.sync = true (default)
2022-07-12 21:09:11,319 [pool-1171-thread-1] INFO  server.RaftServerConfigKeys (ConfUtils.java:logGet(46)) - raft.server.log.statemachine.data.sync.timeout = 10s (default)
2022-07-12 21:09:11,319 [pool-1171-thread-1] INFO  server.RaftServerConfigKeys (ConfUtils.java:logGet(46)) - raft.server.log.statemachine.data.sync.timeout.retry = -1 (default)
2022-07-12 21:09:11,320 [EventQueue-OpenPipelineForHealthyPipelineSafeModeRule] INFO  safemode.SCMSafeModeManager (HealthyPipelineSafeModeRule.java:process(124)) - SCM in safe mode. Healthy pipelines reported count is 0, required healthy pipeline reported count is 1
2022-07-12 21:09:11,322 [pool-1171-thread-1] INFO  server.RaftServerConfigKeys (ConfUtils.java:logGet(46)) - raft.server.log.write.buffer.size = 1048576 (custom)
2022-07-12 21:09:11,322 [pool-1171-thread-1] INFO  server.RaftServerConfigKeys (ConfUtils.java:logGet(46)) - raft.server.log.unsafe-flush.enabled = false (default)
2022-07-12 21:09:11,322 [pool-1171-thread-1] INFO  server.RaftServerConfigKeys (ConfUtils.java:logGet(46)) - raft.server.log.statemachine.data.caching.enabled = true (custom)
2022-07-12 21:09:11,322 [pool-1171-thread-1] INFO  segmented.SegmentedRaftLogWorker (SegmentedRaftLogWorker.java:lambda$new$0(135)) - 76813abd-30d7-4706-b809-3e10cf795ab1@group-C3BB33E871CC-SegmentedRaftLogWorker: flushIndex: setUnconditionally 0 -> -1
2022-07-12 21:09:11,322 [pool-1171-thread-1] INFO  segmented.SegmentedRaftLogWorker (SegmentedRaftLogWorker.java:lambda$new$0(135)) - 76813abd-30d7-4706-b809-3e10cf795ab1@group-C3BB33E871CC-SegmentedRaftLogWorker: safeCacheEvictIndex: setUnconditionally 0 -> -1
2022-07-12 21:09:11,343 [pool-1171-thread-1] INFO  server.RaftServerConfigKeys (ConfUtils.java:logGet(46)) - raft.server.snapshot.auto.trigger.enabled = true (custom)
2022-07-12 21:09:11,343 [pool-1171-thread-1] INFO  server.RaftServerConfigKeys (ConfUtils.java:logGet(46)) - raft.server.snapshot.auto.trigger.threshold = 10000 (custom)
2022-07-12 21:09:11,343 [pool-1171-thread-1] INFO  server.RaftServerConfigKeys (ConfUtils.java:logGet(46)) - raft.server.snapshot.retention.file.num = 5 (custom)
2022-07-12 21:09:11,343 [pool-1171-thread-1] INFO  server.RaftServerConfigKeys (ConfUtils.java:logGet(46)) - raft.server.log.purge.upto.snapshot.index = false (default)
2022-07-12 21:09:11,343 [pool-1171-thread-1] INFO  server.RaftServerConfigKeys (ConfUtils.java:logGet(46)) - raft.server.retrycache.expirytime = 600000ms (custom)
2022-07-12 21:09:11,343 [pool-1171-thread-1] INFO  server.RaftServerConfigKeys (ConfUtils.java:logGet(46)) - raft.server.retrycache.statistics.expirytime = 100μs (default)
2022-07-12 21:09:11,353 [pool-1171-thread-1] INFO  server.RaftServerConfigKeys (ConfUtils.java:logGet(46)) - raft.server.log.appender.install.snapshot.enabled = false (custom)
2022-07-12 21:09:11,353 [pool-1171-thread-1] INFO  server.RaftServerConfigKeys (ConfUtils.java:logGet(46)) - raft.server.threadpool.server.cached = true (default)
2022-07-12 21:09:11,353 [pool-1171-thread-1] INFO  server.RaftServerConfigKeys (ConfUtils.java:logGet(46)) - raft.server.threadpool.server.size = 0 (default)
2022-07-12 21:09:11,353 [pool-1171-thread-1] INFO  server.RaftServerConfigKeys (ConfUtils.java:logGet(46)) - raft.server.threadpool.client.cached = true (default)
2022-07-12 21:09:11,353 [pool-1171-thread-1] INFO  server.RaftServerConfigKeys (ConfUtils.java:logGet(46)) - raft.server.threadpool.client.size = 0 (default)
2022-07-12 21:09:11,353 [pool-1171-thread-1] INFO  server.RaftServer$Division (RaftServerImpl.java:start(310)) - 76813abd-30d7-4706-b809-3e10cf795ab1@group-C3BB33E871CC: start as a follower, conf=-1: [76813abd-30d7-4706-b809-3e10cf795ab1|rpc:10.1.0.20:33965|dataStream:|priority:1, 9ca81a7d-c27a-485e-9d50-743190b649b9|rpc:10.1.0.20:33467|dataStream:|priority:0, 024a366d-d9bd-4389-bd26-fa648e81fb63|rpc:10.1.0.20:34045|dataStream:|priority:0], old=null
2022-07-12 21:09:11,353 [pool-1171-thread-1] INFO  server.RaftServer$Division (RaftServerImpl.java:setRole(299)) - 76813abd-30d7-4706-b809-3e10cf795ab1@group-C3BB33E871CC: changes role from      null to FOLLOWER at term 0 for startAsFollower
2022-07-12 21:09:11,353 [pool-1171-thread-1] INFO  impl.RoleInfo (RoleInfo.java:updateAndGet(139)) - 76813abd-30d7-4706-b809-3e10cf795ab1: start 76813abd-30d7-4706-b809-3e10cf795ab1@group-C3BB33E871CC-FollowerState
2022-07-12 21:09:11,368 [pool-1171-thread-1] INFO  util.JmxRegister (JmxRegister.java:tryRegister(44)) - Successfully registered JMX Bean with object name Ratis:service=RaftServer,group=group-C3BB33E871CC,id=76813abd-30d7-4706-b809-3e10cf795ab1
2022-07-12 21:09:11,490 [IPC Server handler 14 on default port 43199] INFO  net.NetworkTopologyImpl (NetworkTopologyImpl.java:add(112)) - Added a new node: /default-rack/9c422c08-b59e-40fe-822f-86e01b4532cd
2022-07-12 21:09:11,490 [IPC Server handler 14 on default port 43199] INFO  node.SCMNodeManager (SCMNodeManager.java:register(397)) - Registered Data node : 9c422c08-b59e-40fe-822f-86e01b4532cd{ip: 10.1.0.20, host: fv-az452-57.ku3lqr0aiaqu5kfj3xdpchcrvd.dx.internal.cloudapp.net, ports: [REPLICATION=33495, RATIS=43985, RATIS_ADMIN=43985, RATIS_SERVER=43985, STANDALONE=42053], networkLocation: /default-rack, certSerialId: null, persistedOpState: null, persistedOpStateExpiryEpochSec: 0}
2022-07-12 21:09:11,491 [EventQueue-NewNodeForNewNodeHandler] INFO  pipeline.BackgroundPipelineCreator (BackgroundPipelineCreator.java:notifyEventTriggered(275)) - trigger a one-shot run on RatisPipelineUtilsThread.
2022-07-12 21:09:11,498 [RatisPipelineUtilsThread - 0] INFO  pipeline.RatisPipelineProvider (RatisPipelineProvider.java:lambda$create$0(195)) - Sending CreatePipelineCommand for pipeline:PipelineID=36c72b30-d5e8-4d1d-93ae-5eec7fb6fb88 to datanode:9c422c08-b59e-40fe-822f-86e01b4532cd
2022-07-12 21:09:11,499 [RatisPipelineUtilsThread - 0] INFO  pipeline.PipelineStateManagerImpl (PipelineStateManagerImpl.java:addPipeline(103)) - Created pipeline Pipeline[ Id: 36c72b30-d5e8-4d1d-93ae-5eec7fb6fb88, Nodes: 9c422c08-b59e-40fe-822f-86e01b4532cd{ip: 10.1.0.20, host: fv-az452-57.ku3lqr0aiaqu5kfj3xdpchcrvd.dx.internal.cloudapp.net, ports: [REPLICATION=33495, RATIS=43985, RATIS_ADMIN=43985, RATIS_SERVER=43985, STANDALONE=42053], networkLocation: /default-rack, certSerialId: null, persistedOpState: IN_SERVICE, persistedOpStateExpiryEpochSec: 0}, ReplicationConfig: RATIS/ONE, State:ALLOCATED, leaderId:, CreationTimestamp2022-07-12T21:09:11.498Z[Etc/UTC]].
2022-07-12 21:09:11,617 [grpc-default-executor-0] INFO  server.RaftServer (RaftServerProxy.java:addNew(96)) - 024a366d-d9bd-4389-bd26-fa648e81fb63: addNew group-C3BB33E871CC:[76813abd-30d7-4706-b809-3e10cf795ab1|rpc:10.1.0.20:33965|dataStream:|priority:1, 9ca81a7d-c27a-485e-9d50-743190b649b9|rpc:10.1.0.20:33467|dataStream:|priority:0, 024a366d-d9bd-4389-bd26-fa648e81fb63|rpc:10.1.0.20:34045|dataStream:|priority:0] returns group-C3BB33E871CC:java.util.concurrent.CompletableFuture@1ec4defa[Not completed]
2022-07-12 21:09:11,620 [pool-1222-thread-1] INFO  server.RaftServer$Division (RaftServerImpl.java:<init>(190)) - 024a366d-d9bd-4389-bd26-fa648e81fb63: new RaftServerImpl for group-C3BB33E871CC:[76813abd-30d7-4706-b809-3e10cf795ab1|rpc:10.1.0.20:33965|dataStream:|priority:1, 9ca81a7d-c27a-485e-9d50-743190b649b9|rpc:10.1.0.20:33467|dataStream:|priority:0, 024a366d-d9bd-4389-bd26-fa648e81fb63|rpc:10.1.0.20:34045|dataStream:|priority:0] with ContainerStateMachine:uninitialized
2022-07-12 21:09:11,620 [pool-1222-thread-1] INFO  server.RaftServerConfigKeys (ConfUtils.java:logGet(46)) - raft.server.rpc.timeout.min = 5s (custom)
2022-07-12 21:09:11,620 [pool-1222-thread-1] INFO  server.RaftServerConfigKeys (ConfUtils.java:logGet(46)) - raft.server.rpc.timeout.max = 5200ms (custom)
2022-07-12 21:09:11,620 [pool-1222-thread-1] INFO  server.RaftServerConfigKeys (ConfUtils.java:logGet(46)) - raft.server.rpc.sleep.time = 25ms (default)
2022-07-12 21:09:11,620 [pool-1222-thread-1] INFO  server.RaftServerConfigKeys (ConfUtils.java:logGet(46)) - raft.server.rpc.slowness.timeout = 300s (custom)
2022-07-12 21:09:11,620 [pool-1222-thread-1] INFO  server.RaftServerConfigKeys (ConfUtils.java:logGet(46)) - raft.server.leaderelection.leader.step-down.wait-time = 10s (default)
2022-07-12 21:09:11,620 [pool-1222-thread-1] INFO  server.RaftServerConfigKeys (ConfUtils.java:logGet(46)) - raft.server.sleep.deviation.threshold = 300ms (default)
2022-07-12 21:09:11,621 [pool-1222-thread-1] INFO  server.RaftServer$Division (ServerState.java:<init>(107)) - 024a366d-d9bd-4389-bd26-fa648e81fb63@group-C3BB33E871CC: ConfigurationManager, init=-1: [76813abd-30d7-4706-b809-3e10cf795ab1|rpc:10.1.0.20:33965|dataStream:|priority:1, 9ca81a7d-c27a-485e-9d50-743190b649b9|rpc:10.1.0.20:33467|dataStream:|priority:0, 024a366d-d9bd-4389-bd26-fa648e81fb63|rpc:10.1.0.20:34045|dataStream:|priority:0], old=null, confs=<EMPTY_MAP>
2022-07-12 21:09:11,621 [pool-1222-thread-1] INFO  server.RaftServerConfigKeys (ConfUtils.java:logGet(46)) - raft.server.storage.dir = [/home/runner/work/ozone/ozone/hadoop-ozone/integration-test/target/test-dir/MiniOzoneClusterImpl-97a7afd9-f57e-4952-bd34-49a096582c21/datanode-2/data/ratis] (custom)
2022-07-12 21:09:11,621 [pool-1222-thread-1] INFO  server.RaftServerConfigKeys (ConfUtils.java:logGet(46)) - raft.server.log.corruption.policy = EXCEPTION (default)
2022-07-12 21:09:11,621 [pool-1222-thread-1] INFO  server.RaftServerConfigKeys (ConfUtils.java:logGet(46)) - raft.server.storage.free-space.min = 0MB (=0) (default)
2022-07-12 21:09:11,621 [pool-1222-thread-1] INFO  storage.RaftStorageDirectory (RaftStorageDirectoryImpl.java:analyzeStorage(135)) - The storage directory /home/runner/work/ozone/ozone/hadoop-ozone/integration-test/target/test-dir/MiniOzoneClusterImpl-97a7afd9-f57e-4952-bd34-49a096582c21/datanode-2/data/ratis/da45c5f5-0c35-43a7-9f85-c3bb33e871cc does not exist. Creating ...
2022-07-12 21:09:11,622 [pool-1222-thread-1] INFO  storage.RaftStorageDirectory (RaftStorageDirectoryImpl.java:tryLock(230)) - Lock on /home/runner/work/ozone/ozone/hadoop-ozone/integration-test/target/test-dir/MiniOzoneClusterImpl-97a7afd9-f57e-4952-bd34-49a096582c21/datanode-2/data/ratis/da45c5f5-0c35-43a7-9f85-c3bb33e871cc/in_use.lock acquired by nodename 31611@fv-az452-57
2022-07-12 21:09:11,624 [pool-1222-thread-1] INFO  storage.RaftStorage (RaftStorageImpl.java:format(89)) - Storage directory /home/runner/work/ozone/ozone/hadoop-ozone/integration-test/target/test-dir/MiniOzoneClusterImpl-97a7afd9-f57e-4952-bd34-49a096582c21/datanode-2/data/ratis/da45c5f5-0c35-43a7-9f85-c3bb33e871cc has been successfully formatted.
2022-07-12 21:09:11,627 [pool-1222-thread-1] INFO  ratis.ContainerStateMachine (ContainerStateMachine.java:loadSnapshot(236)) - group-C3BB33E871CC: The snapshot info is null. Setting the last applied indexto:(t:0, i:~)
2022-07-12 21:09:11,628 [pool-1222-thread-1] INFO  server.RaftServerConfigKeys (ConfUtils.java:logGet(46)) - raft.server.notification.no-leader.timeout = 300s (custom)
2022-07-12 21:09:11,628 [pool-1222-thread-1] INFO  server.RaftServerConfigKeys (ConfUtils.java:logGet(46)) - raft.server.log.use.memory = false (default)
2022-07-12 21:09:11,628 [pool-1222-thread-1] INFO  server.RaftServerConfigKeys (ConfUtils.java:logGet(46)) - raft.server.log.purge.gap = 1000000 (custom)
2022-07-12 21:09:11,628 [pool-1222-thread-1] INFO  server.RaftServerConfigKeys (ConfUtils.java:logGet(46)) - raft.server.log.appender.buffer.byte-limit = 33554432 (custom)
2022-07-12 21:09:11,628 [pool-1222-thread-1] INFO  server.RaftServerConfigKeys (ConfUtils.java:logGet(46)) - raft.server.log.statemachine.data.read.timeout = 1000ms (default)
2022-07-12 21:09:11,628 [pool-1222-thread-1] INFO  server.RaftServerConfigKeys (ConfUtils.java:logGet(46)) - raft.server.log.segment.size.max = 1048576 (custom)
2022-07-12 21:09:11,628 [pool-1222-thread-1] INFO  server.RaftServerConfigKeys (ConfUtils.java:logGet(46)) - raft.server.log.segment.cache.num.max = 2 (custom)
2022-07-12 21:09:11,629 [pool-1222-thread-1] INFO  server.RaftServerConfigKeys (ConfUtils.java:logGet(46)) - raft.server.log.segment.cache.size.max = 200MB (=209715200) (default)
2022-07-12 21:09:11,629 [pool-1222-thread-1] INFO  segmented.SegmentedRaftLogWorker (SegmentedRaftLogWorker.java:<init>(187)) - new 024a366d-d9bd-4389-bd26-fa648e81fb63@group-C3BB33E871CC-SegmentedRaftLogWorker for RaftStorageImpl:Storage Directory /home/runner/work/ozone/ozone/hadoop-ozone/integration-test/target/test-dir/MiniOzoneClusterImpl-97a7afd9-f57e-4952-bd34-49a096582c21/datanode-2/data/ratis/da45c5f5-0c35-43a7-9f85-c3bb33e871cc
2022-07-12 21:09:11,629 [pool-1222-thread-1] INFO  server.RaftServerConfigKeys (ConfUtils.java:logGet(46)) - raft.server.log.queue.byte-limit = 4294967296 (custom)
2022-07-12 21:09:11,629 [pool-1222-thread-1] INFO  server.RaftServerConfigKeys (ConfUtils.java:logGet(46)) - raft.server.log.queue.element-limit = 1024 (custom)
2022-07-12 21:09:11,629 [pool-1222-thread-1] INFO  server.RaftServerConfigKeys (ConfUtils.java:logGet(46)) - raft.server.log.segment.size.max = 1048576 (custom)
2022-07-12 21:09:11,631 [pool-1222-thread-1] INFO  server.RaftServerConfigKeys (ConfUtils.java:logGet(46)) - raft.server.log.preallocated.size = 16384 (custom)
2022-07-12 21:09:11,631 [pool-1222-thread-1] INFO  server.RaftServerConfigKeys (ConfUtils.java:logGet(46)) - raft.server.log.force.sync.num = 128 (default)
2022-07-12 21:09:11,631 [pool-1222-thread-1] INFO  server.RaftServerConfigKeys (ConfUtils.java:logGet(46)) - raft.server.log.statemachine.data.sync = true (default)
2022-07-12 21:09:11,631 [pool-1222-thread-1] INFO  server.RaftServerConfigKeys (ConfUtils.java:logGet(46)) - raft.server.log.statemachine.data.sync.timeout = 10s (default)
2022-07-12 21:09:11,631 [pool-1222-thread-1] INFO  server.RaftServerConfigKeys (ConfUtils.java:logGet(46)) - raft.server.log.statemachine.data.sync.timeout.retry = -1 (default)
2022-07-12 21:09:11,632 [pool-1222-thread-1] INFO  server.RaftServerConfigKeys (ConfUtils.java:logGet(46)) - raft.server.log.write.buffer.size = 1048576 (custom)
2022-07-12 21:09:11,632 [pool-1222-thread-1] INFO  server.RaftServerConfigKeys (ConfUtils.java:logGet(46)) - raft.server.log.unsafe-flush.enabled = false (default)
2022-07-12 21:09:11,632 [pool-1222-thread-1] INFO  server.RaftServerConfigKeys (ConfUtils.java:logGet(46)) - raft.server.log.statemachine.data.caching.enabled = true (custom)
2022-07-12 21:09:11,633 [pool-1222-thread-1] INFO  segmented.SegmentedRaftLogWorker (SegmentedRaftLogWorker.java:lambda$new$0(135)) - 024a366d-d9bd-4389-bd26-fa648e81fb63@group-C3BB33E871CC-SegmentedRaftLogWorker: flushIndex: setUnconditionally 0 -> -1
2022-07-12 21:09:11,633 [pool-1222-thread-1] INFO  segmented.SegmentedRaftLogWorker (SegmentedRaftLogWorker.java:lambda$new$0(135)) - 024a366d-d9bd-4389-bd26-fa648e81fb63@group-C3BB33E871CC-SegmentedRaftLogWorker: safeCacheEvictIndex: setUnconditionally 0 -> -1
2022-07-12 21:09:11,688 [pool-1222-thread-1] INFO  server.RaftServerConfigKeys (ConfUtils.java:logGet(46)) - raft.server.snapshot.auto.trigger.enabled = true (custom)
2022-07-12 21:09:11,688 [pool-1222-thread-1] INFO  server.RaftServerConfigKeys (ConfUtils.java:logGet(46)) - raft.server.snapshot.auto.trigger.threshold = 10000 (custom)
2022-07-12 21:09:11,689 [pool-1222-thread-1] INFO  server.RaftServerConfigKeys (ConfUtils.java:logGet(46)) - raft.server.snapshot.retention.file.num = 5 (custom)
2022-07-12 21:09:11,689 [pool-1222-thread-1] INFO  server.RaftServerConfigKeys (ConfUtils.java:logGet(46)) - raft.server.log.purge.upto.snapshot.index = false (default)
2022-07-12 21:09:11,689 [pool-1222-thread-1] INFO  server.RaftServerConfigKeys (ConfUtils.java:logGet(46)) - raft.server.retrycache.expirytime = 600000ms (custom)
2022-07-12 21:09:11,689 [pool-1222-thread-1] INFO  server.RaftServerConfigKeys (ConfUtils.java:logGet(46)) - raft.server.retrycache.statistics.expirytime = 100μs (default)
2022-07-12 21:09:11,690 [pool-1222-thread-1] INFO  server.RaftServerConfigKeys (ConfUtils.java:logGet(46)) - raft.server.log.appender.install.snapshot.enabled = false (custom)
2022-07-12 21:09:11,691 [pool-1222-thread-1] INFO  server.RaftServerConfigKeys (ConfUtils.java:logGet(46)) - raft.server.threadpool.server.cached = true (default)
2022-07-12 21:09:11,691 [pool-1222-thread-1] INFO  server.RaftServerConfigKeys (ConfUtils.java:logGet(46)) - raft.server.threadpool.server.size = 0 (default)
2022-07-12 21:09:11,691 [pool-1222-thread-1] INFO  server.RaftServerConfigKeys (ConfUtils.java:logGet(46)) - raft.server.threadpool.client.cached = true (default)
2022-07-12 21:09:11,698 [pool-1222-thread-1] INFO  server.RaftServerConfigKeys (ConfUtils.java:logGet(46)) - raft.server.threadpool.client.size = 0 (default)
2022-07-12 21:09:11,699 [pool-1222-thread-1] INFO  server.RaftServer$Division (RaftServerImpl.java:start(310)) - 024a366d-d9bd-4389-bd26-fa648e81fb63@group-C3BB33E871CC: start as a follower, conf=-1: [76813abd-30d7-4706-b809-3e10cf795ab1|rpc:10.1.0.20:33965|dataStream:|priority:1, 9ca81a7d-c27a-485e-9d50-743190b649b9|rpc:10.1.0.20:33467|dataStream:|priority:0, 024a366d-d9bd-4389-bd26-fa648e81fb63|rpc:10.1.0.20:34045|dataStream:|priority:0], old=null
2022-07-12 21:09:11,699 [pool-1222-thread-1] INFO  server.RaftServer$Division (RaftServerImpl.java:setRole(299)) - 024a366d-d9bd-4389-bd26-fa648e81fb63@group-C3BB33E871CC: changes role from      null to FOLLOWER at term 0 for startAsFollower
2022-07-12 21:09:11,699 [pool-1222-thread-1] INFO  impl.RoleInfo (RoleInfo.java:updateAndGet(139)) - 024a366d-d9bd-4389-bd26-fa648e81fb63: start 024a366d-d9bd-4389-bd26-fa648e81fb63@group-C3BB33E871CC-FollowerState
2022-07-12 21:09:11,712 [pool-1222-thread-1] INFO  util.JmxRegister (JmxRegister.java:tryRegister(44)) - Successfully registered JMX Bean with object name Ratis:service=RaftServer,group=group-C3BB33E871CC,id=024a366d-d9bd-4389-bd26-fa648e81fb63
2022-07-12 21:09:11,776 [EndpointStateMachine task thread for /0.0.0.0:43199 - 0 ] INFO  volume.HddsVolume (HddsVolume.java:createDbStore(309)) - SchemaV3 db is created and loaded at /home/runner/work/ozone/ozone/hadoop-ozone/integration-test/target/test-dir/MiniOzoneClusterImpl-97a7afd9-f57e-4952-bd34-49a096582c21/datanode-4/data-0/containers/hdds/97a7afd9-f57e-4952-bd34-49a096582c21/DS-9ab25a0b-28cb-4111-9eff-d6e3d9191800/container.db for volume DS-9ab25a0b-28cb-4111-9eff-d6e3d9191800
2022-07-12 21:09:11,776 [EndpointStateMachine task thread for /0.0.0.0:43199 - 0 ] INFO  volume.HddsVolume (HddsVolume.java:closeDbStore(340)) - SchemaV3 db is stopped at /home/runner/work/ozone/ozone/hadoop-ozone/integration-test/target/test-dir/MiniOzoneClusterImpl-97a7afd9-f57e-4952-bd34-49a096582c21/datanode-4/data-0/containers/hdds/97a7afd9-f57e-4952-bd34-49a096582c21/DS-9ab25a0b-28cb-4111-9eff-d6e3d9191800/container.db for volume DS-9ab25a0b-28cb-4111-9eff-d6e3d9191800
2022-07-12 21:09:11,776 [EndpointStateMachine task thread for /0.0.0.0:43199 - 0 ] INFO  ozoneimpl.OzoneContainer (OzoneContainer.java:start(344)) - Attempting to start container services.
2022-07-12 21:09:11,777 [EndpointStateMachine task thread for /0.0.0.0:43199 - 0 ] INFO  ozoneimpl.OzoneContainer (OzoneContainer.java:startContainerScrub(279)) - Background container scanner has been disabled.
2022-07-12 21:09:11,832 [EndpointStateMachine task thread for /0.0.0.0:43199 - 0 ] INFO  replication.ReplicationServer (ReplicationServer.java:start(111)) - ReplicationServer is started using port 43373
2022-07-12 21:09:11,833 [EndpointStateMachine task thread for /0.0.0.0:43199 - 0 ] INFO  ratis.XceiverServerRatis (XceiverServerRatis.java:start(481)) - Starting XceiverServerRatis 372730cf-c512-4d87-8955-2c00451c14e7
2022-07-12 21:09:11,833 [EndpointStateMachine task thread for /0.0.0.0:43199 - 0 ] INFO  server.RaftServer (RaftServerProxy.java:lambda$start$6(382)) - 372730cf-c512-4d87-8955-2c00451c14e7: start RPC server
2022-07-12 21:09:11,845 [EndpointStateMachine task thread for /0.0.0.0:43199 - 0 ] INFO  server.GrpcService (GrpcService.java:startImpl(260)) - 372730cf-c512-4d87-8955-2c00451c14e7: GrpcService started, listening on 41971
2022-07-12 21:09:11,845 [EndpointStateMachine task thread for /0.0.0.0:43199 - 0 ] INFO  ratis.XceiverServerRatis (XceiverServerRatis.java:getRealPort(502)) - XceiverServerRatis 372730cf-c512-4d87-8955-2c00451c14e7 is started using port 41971 for RATIS
2022-07-12 21:09:11,845 [EndpointStateMachine task thread for /0.0.0.0:43199 - 0 ] INFO  ratis.XceiverServerRatis (XceiverServerRatis.java:getRealPort(502)) - XceiverServerRatis 372730cf-c512-4d87-8955-2c00451c14e7 is started using port 41971 for RATIS_ADMIN
2022-07-12 21:09:11,845 [EndpointStateMachine task thread for /0.0.0.0:43199 - 0 ] INFO  ratis.XceiverServerRatis (XceiverServerRatis.java:getRealPort(502)) - XceiverServerRatis 372730cf-c512-4d87-8955-2c00451c14e7 is started using port 41971 for RATIS_SERVER
2022-07-12 21:09:11,845 [org.apache.ratis.util.JvmPauseMonitor$$Lambda$613/1050667922@6788dc7d] INFO  util.JvmPauseMonitor (JvmPauseMonitor.java:run(103)) - JvmPauseMonitor-372730cf-c512-4d87-8955-2c00451c14e7: Started
2022-07-12 21:09:11,891 [Command processor thread] INFO  commandhandler.CreatePipelineCommandHandler (CreatePipelineCommandHandler.java:handle(113)) - Created Pipeline RATIS THREE PipelineID=da45c5f5-0c35-43a7-9f85-c3bb33e871cc.
2022-07-12 21:09:11,926 [EndpointStateMachine task thread for /0.0.0.0:43199 - 0 ] INFO  server.XceiverServerGrpc (XceiverServerGrpc.java:start(180)) - XceiverServerGrpc 372730cf-c512-4d87-8955-2c00451c14e7 is started using port 37885
2022-07-12 21:09:12,231 [Listener at 127.0.0.1/32899] INFO  ozone.MiniOzoneClusterImpl (MiniOzoneClusterImpl.java:lambda$waitForClusterToBeReady$0(223)) - Waiting for nodes to be ready. Got 4 of 5 DN Heartbeats.
2022-07-12 21:09:12,231 [Listener at 127.0.0.1/32899] INFO  ozone.MiniOzoneClusterImpl (MiniOzoneClusterImpl.java:lambda$waitForClusterToBeReady$0(226)) - Waiting for cluster to exit safe mode
2022-07-12 21:09:12,231 [Listener at 127.0.0.1/32899] INFO  ozone.MiniOzoneClusterImpl (MiniOzoneClusterImpl.java:lambda$waitForClusterToBeReady$0(228)) - SCM became leader
2022-07-12 21:09:12,596 [Command processor thread] INFO  server.RaftServer (RaftServerProxy.java:addNew(96)) - 024a366d-d9bd-4389-bd26-fa648e81fb63: addNew group-22A019F97B77:[024a366d-d9bd-4389-bd26-fa648e81fb63|rpc:10.1.0.20:34045|priority:1] returns group-22A019F97B77:java.util.concurrent.CompletableFuture@74449ef[Not completed]
2022-07-12 21:09:12,597 [pool-1222-thread-1] INFO  server.RaftServer$Division (RaftServerImpl.java:<init>(190)) - 024a366d-d9bd-4389-bd26-fa648e81fb63: new RaftServerImpl for group-22A019F97B77:[024a366d-d9bd-4389-bd26-fa648e81fb63|rpc:10.1.0.20:34045|priority:1] with ContainerStateMachine:uninitialized
2022-07-12 21:09:12,597 [pool-1222-thread-1] INFO  server.RaftServerConfigKeys (ConfUtils.java:logGet(46)) - raft.server.rpc.timeout.min = 5s (custom)
2022-07-12 21:09:12,597 [pool-1222-thread-1] INFO  server.RaftServerConfigKeys (ConfUtils.java:logGet(46)) - raft.server.rpc.timeout.max = 5200ms (custom)
2022-07-12 21:09:12,597 [pool-1222-thread-1] INFO  server.RaftServerConfigKeys (ConfUtils.java:logGet(46)) - raft.server.rpc.sleep.time = 25ms (default)
2022-07-12 21:09:12,597 [pool-1222-thread-1] INFO  server.RaftServerConfigKeys (ConfUtils.java:logGet(46)) - raft.server.rpc.slowness.timeout = 300s (custom)
2022-07-12 21:09:12,597 [pool-1222-thread-1] INFO  server.RaftServerConfigKeys (ConfUtils.java:logGet(46)) - raft.server.leaderelection.leader.step-down.wait-time = 10s (default)
2022-07-12 21:09:12,597 [pool-1222-thread-1] INFO  server.RaftServerConfigKeys (ConfUtils.java:logGet(46)) - raft.server.sleep.deviation.threshold = 300ms (default)
2022-07-12 21:09:12,597 [pool-1222-thread-1] INFO  server.RaftServer$Division (ServerState.java:<init>(107)) - 024a366d-d9bd-4389-bd26-fa648e81fb63@group-22A019F97B77: ConfigurationManager, init=-1: [024a366d-d9bd-4389-bd26-fa648e81fb63|rpc:10.1.0.20:34045|priority:1], old=null, confs=<EMPTY_MAP>
2022-07-12 21:09:12,597 [pool-1222-thread-1] INFO  server.RaftServerConfigKeys (ConfUtils.java:logGet(46)) - raft.server.storage.dir = [/home/runner/work/ozone/ozone/hadoop-ozone/integration-test/target/test-dir/MiniOzoneClusterImpl-97a7afd9-f57e-4952-bd34-49a096582c21/datanode-2/data/ratis] (custom)
2022-07-12 21:09:12,597 [pool-1222-thread-1] INFO  server.RaftServerConfigKeys (ConfUtils.java:logGet(46)) - raft.server.log.corruption.policy = EXCEPTION (default)
2022-07-12 21:09:12,597 [pool-1222-thread-1] INFO  server.RaftServerConfigKeys (ConfUtils.java:logGet(46)) - raft.server.storage.free-space.min = 0MB (=0) (default)
2022-07-12 21:09:12,597 [pool-1222-thread-1] INFO  storage.RaftStorageDirectory (RaftStorageDirectoryImpl.java:analyzeStorage(135)) - The storage directory /home/runner/work/ozone/ozone/hadoop-ozone/integration-test/target/test-dir/MiniOzoneClusterImpl-97a7afd9-f57e-4952-bd34-49a096582c21/datanode-2/data/ratis/b4895c06-102b-444c-9a5e-22a019f97b77 does not exist. Creating ...
2022-07-12 21:09:12,610 [pool-1222-thread-1] INFO  storage.RaftStorageDirectory (RaftStorageDirectoryImpl.java:tryLock(230)) - Lock on /home/runner/work/ozone/ozone/hadoop-ozone/integration-test/target/test-dir/MiniOzoneClusterImpl-97a7afd9-f57e-4952-bd34-49a096582c21/datanode-2/data/ratis/b4895c06-102b-444c-9a5e-22a019f97b77/in_use.lock acquired by nodename 31611@fv-az452-57
2022-07-12 21:09:12,615 [pool-1222-thread-1] INFO  storage.RaftStorage (RaftStorageImpl.java:format(89)) - Storage directory /home/runner/work/ozone/ozone/hadoop-ozone/integration-test/target/test-dir/MiniOzoneClusterImpl-97a7afd9-f57e-4952-bd34-49a096582c21/datanode-2/data/ratis/b4895c06-102b-444c-9a5e-22a019f97b77 has been successfully formatted.
2022-07-12 21:09:12,616 [pool-1222-thread-1] INFO  ratis.ContainerStateMachine (ContainerStateMachine.java:loadSnapshot(236)) - group-22A019F97B77: The snapshot info is null. Setting the last applied indexto:(t:0, i:~)
2022-07-12 21:09:12,651 [pool-1222-thread-1] INFO  server.RaftServerConfigKeys (ConfUtils.java:logGet(46)) - raft.server.notification.no-leader.timeout = 300s (custom)
2022-07-12 21:09:12,651 [pool-1222-thread-1] INFO  server.RaftServerConfigKeys (ConfUtils.java:logGet(46)) - raft.server.log.use.memory = false (default)
2022-07-12 21:09:12,652 [pool-1222-thread-1] INFO  server.RaftServerConfigKeys (ConfUtils.java:logGet(46)) - raft.server.log.purge.gap = 1000000 (custom)
2022-07-12 21:09:12,652 [pool-1222-thread-1] INFO  server.RaftServerConfigKeys (ConfUtils.java:logGet(46)) - raft.server.log.appender.buffer.byte-limit = 33554432 (custom)
2022-07-12 21:09:12,652 [pool-1222-thread-1] INFO  server.RaftServerConfigKeys (ConfUtils.java:logGet(46)) - raft.server.log.statemachine.data.read.timeout = 1000ms (default)
2022-07-12 21:09:12,652 [pool-1222-thread-1] INFO  server.RaftServerConfigKeys (ConfUtils.java:logGet(46)) - raft.server.log.segment.size.max = 1048576 (custom)
2022-07-12 21:09:12,653 [pool-1222-thread-1] INFO  server.RaftServerConfigKeys (ConfUtils.java:logGet(46)) - raft.server.log.segment.cache.num.max = 2 (custom)
2022-07-12 21:09:12,653 [pool-1222-thread-1] INFO  server.RaftServerConfigKeys (ConfUtils.java:logGet(46)) - raft.server.log.segment.cache.size.max = 200MB (=209715200) (default)
2022-07-12 21:09:12,653 [pool-1222-thread-1] INFO  segmented.SegmentedRaftLogWorker (SegmentedRaftLogWorker.java:<init>(187)) - new 024a366d-d9bd-4389-bd26-fa648e81fb63@group-22A019F97B77-SegmentedRaftLogWorker for RaftStorageImpl:Storage Directory /home/runner/work/ozone/ozone/hadoop-ozone/integration-test/target/test-dir/MiniOzoneClusterImpl-97a7afd9-f57e-4952-bd34-49a096582c21/datanode-2/data/ratis/b4895c06-102b-444c-9a5e-22a019f97b77
2022-07-12 21:09:12,653 [pool-1222-thread-1] INFO  server.RaftServerConfigKeys (ConfUtils.java:logGet(46)) - raft.server.log.queue.byte-limit = 4294967296 (custom)
2022-07-12 21:09:12,653 [pool-1222-thread-1] INFO  server.RaftServerConfigKeys (ConfUtils.java:logGet(46)) - raft.server.log.queue.element-limit = 1024 (custom)
2022-07-12 21:09:12,653 [pool-1222-thread-1] INFO  server.RaftServerConfigKeys (ConfUtils.java:logGet(46)) - raft.server.log.segment.size.max = 1048576 (custom)
2022-07-12 21:09:12,653 [pool-1222-thread-1] INFO  server.RaftServerConfigKeys (ConfUtils.java:logGet(46)) - raft.server.log.preallocated.size = 16384 (custom)
2022-07-12 21:09:12,653 [pool-1222-thread-1] INFO  server.RaftServerConfigKeys (ConfUtils.java:logGet(46)) - raft.server.log.force.sync.num = 128 (default)
2022-07-12 21:09:12,653 [pool-1222-thread-1] INFO  server.RaftServerConfigKeys (ConfUtils.java:logGet(46)) - raft.server.log.statemachine.data.sync = true (default)
2022-07-12 21:09:12,653 [pool-1222-thread-1] INFO  server.RaftServerConfigKeys (ConfUtils.java:logGet(46)) - raft.server.log.statemachine.data.sync.timeout = 10s (default)
2022-07-12 21:09:12,653 [pool-1222-thread-1] INFO  server.RaftServerConfigKeys (ConfUtils.java:logGet(46)) - raft.server.log.statemachine.data.sync.timeout.retry = -1 (default)
2022-07-12 21:09:12,654 [pool-1222-thread-1] INFO  server.RaftServerConfigKeys (ConfUtils.java:logGet(46)) - raft.server.log.write.buffer.size = 1048576 (custom)
2022-07-12 21:09:12,654 [pool-1222-thread-1] INFO  server.RaftServerConfigKeys (ConfUtils.java:logGet(46)) - raft.server.log.unsafe-flush.enabled = false (default)
2022-07-12 21:09:12,654 [pool-1222-thread-1] INFO  server.RaftServerConfigKeys (ConfUtils.java:logGet(46)) - raft.server.log.statemachine.data.caching.enabled = true (custom)
2022-07-12 21:09:12,655 [pool-1222-thread-1] INFO  segmented.SegmentedRaftLogWorker (SegmentedRaftLogWorker.java:lambda$new$0(135)) - 024a366d-d9bd-4389-bd26-fa648e81fb63@group-22A019F97B77-SegmentedRaftLogWorker: flushIndex: setUnconditionally 0 -> -1
2022-07-12 21:09:12,655 [pool-1222-thread-1] INFO  segmented.SegmentedRaftLogWorker (SegmentedRaftLogWorker.java:lambda$new$0(135)) - 024a366d-d9bd-4389-bd26-fa648e81fb63@group-22A019F97B77-SegmentedRaftLogWorker: safeCacheEvictIndex: setUnconditionally 0 -> -1
2022-07-12 21:09:12,655 [pool-1222-thread-1] INFO  server.RaftServerConfigKeys (ConfUtils.java:logGet(46)) - raft.server.snapshot.auto.trigger.enabled = true (custom)
2022-07-12 21:09:12,655 [pool-1222-thread-1] INFO  server.RaftServerConfigKeys (ConfUtils.java:logGet(46)) - raft.server.snapshot.auto.trigger.threshold = 10000 (custom)
2022-07-12 21:09:12,655 [pool-1222-thread-1] INFO  server.RaftServerConfigKeys (ConfUtils.java:logGet(46)) - raft.server.snapshot.retention.file.num = 5 (custom)
2022-07-12 21:09:12,655 [pool-1222-thread-1] INFO  server.RaftServerConfigKeys (ConfUtils.java:logGet(46)) - raft.server.log.purge.upto.snapshot.index = false (default)
2022-07-12 21:09:12,655 [pool-1222-thread-1] INFO  server.RaftServerConfigKeys (ConfUtils.java:logGet(46)) - raft.server.retrycache.expirytime = 600000ms (custom)
2022-07-12 21:09:12,655 [pool-1222-thread-1] INFO  server.RaftServerConfigKeys (ConfUtils.java:logGet(46)) - raft.server.retrycache.statistics.expirytime = 100μs (default)
2022-07-12 21:09:12,657 [pool-1222-thread-1] INFO  server.RaftServerConfigKeys (ConfUtils.java:logGet(46)) - raft.server.log.appender.install.snapshot.enabled = false (custom)
2022-07-12 21:09:12,657 [pool-1222-thread-1] INFO  server.RaftServerConfigKeys (ConfUtils.java:logGet(46)) - raft.server.threadpool.server.cached = true (default)
2022-07-12 21:09:12,657 [pool-1222-thread-1] INFO  server.RaftServerConfigKeys (ConfUtils.java:logGet(46)) - raft.server.threadpool.server.size = 0 (default)
2022-07-12 21:09:12,657 [pool-1222-thread-1] INFO  server.RaftServerConfigKeys (ConfUtils.java:logGet(46)) - raft.server.threadpool.client.cached = true (default)
2022-07-12 21:09:12,657 [pool-1222-thread-1] INFO  server.RaftServerConfigKeys (ConfUtils.java:logGet(46)) - raft.server.threadpool.client.size = 0 (default)
2022-07-12 21:09:12,657 [pool-1222-thread-1] INFO  server.RaftServer$Division (RaftServerImpl.java:start(310)) - 024a366d-d9bd-4389-bd26-fa648e81fb63@group-22A019F97B77: start as a follower, conf=-1: [024a366d-d9bd-4389-bd26-fa648e81fb63|rpc:10.1.0.20:34045|priority:1], old=null
2022-07-12 21:09:12,657 [pool-1222-thread-1] INFO  server.RaftServer$Division (RaftServerImpl.java:setRole(299)) - 024a366d-d9bd-4389-bd26-fa648e81fb63@group-22A019F97B77: changes role from      null to FOLLOWER at term 0 for startAsFollower
2022-07-12 21:09:12,657 [pool-1222-thread-1] INFO  impl.RoleInfo (RoleInfo.java:updateAndGet(139)) - 024a366d-d9bd-4389-bd26-fa648e81fb63: start 024a366d-d9bd-4389-bd26-fa648e81fb63@group-22A019F97B77-FollowerState
2022-07-12 21:09:12,659 [EventQueue-PipelineReportForPipelineReportHandler] INFO  pipeline.PipelineManagerImpl (PipelineManagerImpl.java:openPipeline(359)) - Pipeline Pipeline[ Id: b4895c06-102b-444c-9a5e-22a019f97b77, Nodes: 024a366d-d9bd-4389-bd26-fa648e81fb63{ip: 10.1.0.20, host: fv-az452-57.ku3lqr0aiaqu5kfj3xdpchcrvd.dx.internal.cloudapp.net, ports: [REPLICATION=44895, RATIS=34045, RATIS_ADMIN=34045, RATIS_SERVER=34045, STANDALONE=44955], networkLocation: /default-rack, certSerialId: null, persistedOpState: IN_SERVICE, persistedOpStateExpiryEpochSec: 0}, ReplicationConfig: RATIS/ONE, State:ALLOCATED, leaderId:024a366d-d9bd-4389-bd26-fa648e81fb63, CreationTimestamp2022-07-12T21:09:09.657Z[Etc/UTC]] moved to OPEN state
2022-07-12 21:09:12,659 [EventQueue-OpenPipelineForHealthyPipelineSafeModeRule] INFO  safemode.SCMSafeModeManager (HealthyPipelineSafeModeRule.java:process(124)) - SCM in safe mode. Healthy pipelines reported count is 0, required healthy pipeline reported count is 1
2022-07-12 21:09:12,659 [pool-1222-thread-1] INFO  util.JmxRegister (JmxRegister.java:tryRegister(44)) - Successfully registered JMX Bean with object name Ratis:service=RaftServer,group=group-22A019F97B77,id=024a366d-d9bd-4389-bd26-fa648e81fb63
2022-07-12 21:09:12,660 [Command processor thread] INFO  ratis.XceiverServerRatis (XceiverServerRatis.java:addGroup(765)) - Created group PipelineID=b4895c06-102b-444c-9a5e-22a019f97b77
2022-07-12 21:09:12,660 [Command processor thread] INFO  commandhandler.CreatePipelineCommandHandler (CreatePipelineCommandHandler.java:handle(113)) - Created Pipeline RATIS ONE PipelineID=b4895c06-102b-444c-9a5e-22a019f97b77.
2022-07-12 21:09:13,231 [Listener at 127.0.0.1/32899] INFO  ozone.MiniOzoneClusterImpl (MiniOzoneClusterImpl.java:lambda$waitForClusterToBeReady$0(223)) - Waiting for nodes to be ready. Got 4 of 5 DN Heartbeats.
2022-07-12 21:09:13,232 [Listener at 127.0.0.1/32899] INFO  ozone.MiniOzoneClusterImpl (MiniOzoneClusterImpl.java:lambda$waitForClusterToBeReady$0(226)) - Waiting for cluster to exit safe mode
2022-07-12 21:09:13,232 [Listener at 127.0.0.1/32899] INFO  ozone.MiniOzoneClusterImpl (MiniOzoneClusterImpl.java:lambda$waitForClusterToBeReady$0(228)) - SCM became leader
2022-07-12 21:09:13,456 [IPC Server handler 11 on default port 43199] INFO  net.NetworkTopologyImpl (NetworkTopologyImpl.java:add(112)) - Added a new node: /default-rack/372730cf-c512-4d87-8955-2c00451c14e7
2022-07-12 21:09:13,457 [IPC Server handler 11 on default port 43199] INFO  node.SCMNodeManager (SCMNodeManager.java:register(397)) - Registered Data node : 372730cf-c512-4d87-8955-2c00451c14e7{ip: 10.1.0.20, host: fv-az452-57.ku3lqr0aiaqu5kfj3xdpchcrvd.dx.internal.cloudapp.net, ports: [REPLICATION=43373, RATIS=41971, RATIS_ADMIN=41971, RATIS_SERVER=41971, STANDALONE=37885], networkLocation: /default-rack, certSerialId: null, persistedOpState: null, persistedOpStateExpiryEpochSec: 0}
2022-07-12 21:09:13,457 [EventQueue-NewNodeForNewNodeHandler] INFO  pipeline.BackgroundPipelineCreator (BackgroundPipelineCreator.java:notifyEventTriggered(275)) - trigger a one-shot run on RatisPipelineUtilsThread.
2022-07-12 21:09:13,457 [RatisPipelineUtilsThread - 0] INFO  pipeline.RatisPipelineProvider (RatisPipelineProvider.java:lambda$create$0(195)) - Sending CreatePipelineCommand for pipeline:PipelineID=73388072-fdc5-42fa-a9dc-9015970cfa95 to datanode:372730cf-c512-4d87-8955-2c00451c14e7
2022-07-12 21:09:13,458 [RatisPipelineUtilsThread - 0] INFO  pipeline.PipelineStateManagerImpl (PipelineStateManagerImpl.java:addPipeline(103)) - Created pipeline Pipeline[ Id: 73388072-fdc5-42fa-a9dc-9015970cfa95, Nodes: 372730cf-c512-4d87-8955-2c00451c14e7{ip: 10.1.0.20, host: fv-az452-57.ku3lqr0aiaqu5kfj3xdpchcrvd.dx.internal.cloudapp.net, ports: [REPLICATION=43373, RATIS=41971, RATIS_ADMIN=41971, RATIS_SERVER=41971, STANDALONE=37885], networkLocation: /default-rack, certSerialId: null, persistedOpState: IN_SERVICE, persistedOpStateExpiryEpochSec: 0}, ReplicationConfig: RATIS/ONE, State:ALLOCATED, leaderId:, CreationTimestamp2022-07-12T21:09:13.457Z[Etc/UTC]].
2022-07-12 21:09:13,755 [76813abd-30d7-4706-b809-3e10cf795ab1@group-901017E67123-FollowerState] INFO  impl.FollowerState (FollowerState.java:run(143)) - 76813abd-30d7-4706-b809-3e10cf795ab1@group-901017E67123-FollowerState: change to CANDIDATE, lastRpcElapsedTime:5165854782ns, electionTimeout:5139ms
2022-07-12 21:09:13,755 [76813abd-30d7-4706-b809-3e10cf795ab1@group-901017E67123-FollowerState] INFO  impl.RoleInfo (RoleInfo.java:shutdownFollowerState(110)) - 76813abd-30d7-4706-b809-3e10cf795ab1: shutdown 76813abd-30d7-4706-b809-3e10cf795ab1@group-901017E67123-FollowerState
2022-07-12 21:09:13,755 [76813abd-30d7-4706-b809-3e10cf795ab1@group-901017E67123-FollowerState] INFO  server.RaftServer$Division (RaftServerImpl.java:setRole(299)) - 76813abd-30d7-4706-b809-3e10cf795ab1@group-901017E67123: changes role from  FOLLOWER to CANDIDATE at term 0 for changeToCandidate
2022-07-12 21:09:13,755 [76813abd-30d7-4706-b809-3e10cf795ab1@group-901017E67123-FollowerState] INFO  server.RaftServerConfigKeys (ConfUtils.java:logGet(46)) - raft.server.leaderelection.pre-vote = false (custom)
2022-07-12 21:09:13,755 [76813abd-30d7-4706-b809-3e10cf795ab1@group-901017E67123-FollowerState] INFO  impl.RoleInfo (RoleInfo.java:updateAndGet(139)) - 76813abd-30d7-4706-b809-3e10cf795ab1: start 76813abd-30d7-4706-b809-3e10cf795ab1@group-901017E67123-LeaderElection54
2022-07-12 21:09:13,790 [76813abd-30d7-4706-b809-3e10cf795ab1@group-901017E67123-LeaderElection54] INFO  impl.LeaderElection (LeaderElection.java:askForVotes(310)) - 76813abd-30d7-4706-b809-3e10cf795ab1@group-901017E67123-LeaderElection54 ELECTION round 0: submit vote requests at term 1 for -1: [76813abd-30d7-4706-b809-3e10cf795ab1|rpc:10.1.0.20:33965|priority:1], old=null
2022-07-12 21:09:13,790 [76813abd-30d7-4706-b809-3e10cf795ab1@group-901017E67123-LeaderElection54] INFO  impl.LeaderElection (LeaderElection.java:askForVotes(312)) - 76813abd-30d7-4706-b809-3e10cf795ab1@group-901017E67123-LeaderElection54 ELECTION round 0: result PASSED (term=1)
2022-07-12 21:09:13,790 [76813abd-30d7-4706-b809-3e10cf795ab1@group-901017E67123-LeaderElection54] INFO  impl.RoleInfo (RoleInfo.java:shutdownLeaderElection(130)) - 76813abd-30d7-4706-b809-3e10cf795ab1: shutdown 76813abd-30d7-4706-b809-3e10cf795ab1@group-901017E67123-LeaderElection54
2022-07-12 21:09:13,790 [76813abd-30d7-4706-b809-3e10cf795ab1@group-901017E67123-LeaderElection54] INFO  server.RaftServer$Division (RaftServerImpl.java:setRole(299)) - 76813abd-30d7-4706-b809-3e10cf795ab1@group-901017E67123: changes role from CANDIDATE to LEADER at term 1 for changeToLeader
2022-07-12 21:09:13,790 [76813abd-30d7-4706-b809-3e10cf795ab1@group-901017E67123-LeaderElection54] INFO  ratis.XceiverServerRatis (XceiverServerRatis.java:handleLeaderChangedNotification(863)) - Leader change notification received for group: group-901017E67123 with new leaderId: 76813abd-30d7-4706-b809-3e10cf795ab1
2022-07-12 21:09:13,791 [76813abd-30d7-4706-b809-3e10cf795ab1@group-901017E67123-LeaderElection54] INFO  server.RaftServer$Division (ServerState.java:setLeader(287)) - 76813abd-30d7-4706-b809-3e10cf795ab1@group-901017E67123: change Leader from null to 76813abd-30d7-4706-b809-3e10cf795ab1 at term 1 for becomeLeader, leader elected after 5236ms
2022-07-12 21:09:13,791 [76813abd-30d7-4706-b809-3e10cf795ab1@group-901017E67123-LeaderElection54] INFO  server.RaftServerConfigKeys (ConfUtils.java:logGet(46)) - raft.server.staging.catchup.gap = 1000 (default)
2022-07-12 21:09:13,791 [76813abd-30d7-4706-b809-3e10cf795ab1@group-901017E67123-LeaderElection54] INFO  server.RaftServerConfigKeys (ConfUtils.java:logGet(46)) - raft.server.write.element-limit = 1024 (custom)
2022-07-12 21:09:13,791 [76813abd-30d7-4706-b809-3e10cf795ab1@group-901017E67123-LeaderElection54] INFO  server.RaftServerConfigKeys (ConfUtils.java:logGet(46)) - raft.server.write.byte-limit = 1024 M (=1073741824) (custom)
2022-07-12 21:09:13,792 [76813abd-30d7-4706-b809-3e10cf795ab1@group-901017E67123-LeaderElection54] INFO  server.RaftServerConfigKeys (ConfUtils.java:logGet(46)) - raft.server.watch.timeout = 180s (custom)
2022-07-12 21:09:13,792 [76813abd-30d7-4706-b809-3e10cf795ab1@group-901017E67123-LeaderElection54] INFO  server.RaftServerConfigKeys (ConfUtils.java:logGet(46)) - raft.server.watch.timeout.denomination = 1s (default)
2022-07-12 21:09:13,792 [76813abd-30d7-4706-b809-3e10cf795ab1@group-901017E67123-LeaderElection54] INFO  server.RaftServerConfigKeys (ConfUtils.java:logGet(46)) - raft.server.watch.element-limit = 65536 (default)
2022-07-12 21:09:13,792 [76813abd-30d7-4706-b809-3e10cf795ab1@group-901017E67123-LeaderElection54] INFO  server.RaftServerConfigKeys (ConfUtils.java:logGet(46)) - raft.server.write.element-limit = 1024 (custom)
2022-07-12 21:09:13,792 [76813abd-30d7-4706-b809-3e10cf795ab1@group-901017E67123-LeaderElection54] INFO  server.RaftServerConfigKeys (ConfUtils.java:logGet(46)) - raft.server.write.follower.gap.ratio.max = -1.0 (default)
2022-07-12 21:09:13,792 [76813abd-30d7-4706-b809-3e10cf795ab1@group-901017E67123-LeaderElection54] INFO  impl.RoleInfo (RoleInfo.java:updateAndGet(139)) - 76813abd-30d7-4706-b809-3e10cf795ab1: start 76813abd-30d7-4706-b809-3e10cf795ab1@group-901017E67123-LeaderStateImpl
2022-07-12 21:09:13,792 [76813abd-30d7-4706-b809-3e10cf795ab1@group-901017E67123-LeaderElection54] INFO  segmented.SegmentedRaftLogWorker (SegmentedRaftLogWorker.java:startLogSegment(425)) - 76813abd-30d7-4706-b809-3e10cf795ab1@group-901017E67123-SegmentedRaftLogWorker: Starting segment from index:0
2022-07-12 21:09:13,794 [EventQueue-OpenPipelineForHealthyPipelineSafeModeRule] INFO  safemode.SCMSafeModeManager (HealthyPipelineSafeModeRule.java:process(124)) - SCM in safe mode. Healthy pipelines reported count is 0, required healthy pipeline reported count is 1
2022-07-12 21:09:13,795 [76813abd-30d7-4706-b809-3e10cf795ab1@group-901017E67123-SegmentedRaftLogWorker] INFO  segmented.SegmentedRaftLogWorker (SegmentedRaftLogWorker.java:execute(629)) - 76813abd-30d7-4706-b809-3e10cf795ab1@group-901017E67123-SegmentedRaftLogWorker: created new log segment /home/runner/work/ozone/ozone/hadoop-ozone/integration-test/target/test-dir/MiniOzoneClusterImpl-97a7afd9-f57e-4952-bd34-49a096582c21/datanode-0/data/ratis/ed5be159-fb21-450e-b060-901017e67123/current/log_inprogress_0
2022-07-12 21:09:13,828 [76813abd-30d7-4706-b809-3e10cf795ab1@group-901017E67123-LeaderElection54] INFO  server.RaftServer$Division (ServerState.java:setRaftConf(393)) - 76813abd-30d7-4706-b809-3e10cf795ab1@group-901017E67123: set configuration 0: [76813abd-30d7-4706-b809-3e10cf795ab1|rpc:10.1.0.20:33965|dataStream:|priority:1], old=null
2022-07-12 21:09:14,232 [Listener at 127.0.0.1/32899] INFO  ozone.MiniOzoneClusterImpl (MiniOzoneClusterImpl.java:lambda$waitForClusterToBeReady$0(223)) - Nodes are ready. Got 5 of 5 DN Heartbeats.
2022-07-12 21:09:14,232 [Listener at 127.0.0.1/32899] INFO  ozone.MiniOzoneClusterImpl (MiniOzoneClusterImpl.java:lambda$waitForClusterToBeReady$0(226)) - Waiting for cluster to exit safe mode
2022-07-12 21:09:14,232 [Listener at 127.0.0.1/32899] INFO  ozone.MiniOzoneClusterImpl (MiniOzoneClusterImpl.java:lambda$waitForClusterToBeReady$0(228)) - SCM became leader
2022-07-12 21:09:14,396 [Command processor thread] INFO  server.RaftServer (RaftServerProxy.java:addNew(96)) - 9c422c08-b59e-40fe-822f-86e01b4532cd: addNew group-5EEC7FB6FB88:[9c422c08-b59e-40fe-822f-86e01b4532cd|rpc:10.1.0.20:43985|priority:1] returns group-5EEC7FB6FB88:java.util.concurrent.CompletableFuture@1f4caf6c[Not completed]
2022-07-12 21:09:14,438 [pool-1249-thread-1] INFO  server.RaftServer$Division (RaftServerImpl.java:<init>(190)) - 9c422c08-b59e-40fe-822f-86e01b4532cd: new RaftServerImpl for group-5EEC7FB6FB88:[9c422c08-b59e-40fe-822f-86e01b4532cd|rpc:10.1.0.20:43985|priority:1] with ContainerStateMachine:uninitialized
2022-07-12 21:09:14,438 [pool-1249-thread-1] INFO  server.RaftServerConfigKeys (ConfUtils.java:logGet(46)) - raft.server.rpc.timeout.min = 5s (custom)
2022-07-12 21:09:14,438 [pool-1249-thread-1] INFO  server.RaftServerConfigKeys (ConfUtils.java:logGet(46)) - raft.server.rpc.timeout.max = 5200ms (custom)
2022-07-12 21:09:14,438 [pool-1249-thread-1] INFO  server.RaftServerConfigKeys (ConfUtils.java:logGet(46)) - raft.server.rpc.sleep.time = 25ms (default)
2022-07-12 21:09:14,438 [pool-1249-thread-1] INFO  server.RaftServerConfigKeys (ConfUtils.java:logGet(46)) - raft.server.rpc.slowness.timeout = 300s (custom)
2022-07-12 21:09:14,438 [pool-1249-thread-1] INFO  server.RaftServerConfigKeys (ConfUtils.java:logGet(46)) - raft.server.leaderelection.leader.step-down.wait-time = 10s (default)
2022-07-12 21:09:14,438 [pool-1249-thread-1] INFO  server.RaftServerConfigKeys (ConfUtils.java:logGet(46)) - raft.server.sleep.deviation.threshold = 300ms (default)
2022-07-12 21:09:14,438 [pool-1249-thread-1] INFO  server.RaftServer$Division (ServerState.java:<init>(107)) - 9c422c08-b59e-40fe-822f-86e01b4532cd@group-5EEC7FB6FB88: ConfigurationManager, init=-1: [9c422c08-b59e-40fe-822f-86e01b4532cd|rpc:10.1.0.20:43985|priority:1], old=null, confs=<EMPTY_MAP>
2022-07-12 21:09:14,439 [pool-1249-thread-1] INFO  server.RaftServerConfigKeys (ConfUtils.java:logGet(46)) - raft.server.storage.dir = [/home/runner/work/ozone/ozone/hadoop-ozone/integration-test/target/test-dir/MiniOzoneClusterImpl-97a7afd9-f57e-4952-bd34-49a096582c21/datanode-3/data/ratis] (custom)
2022-07-12 21:09:14,439 [pool-1249-thread-1] INFO  server.RaftServerConfigKeys (ConfUtils.java:logGet(46)) - raft.server.log.corruption.policy = EXCEPTION (default)
2022-07-12 21:09:14,439 [pool-1249-thread-1] INFO  server.RaftServerConfigKeys (ConfUtils.java:logGet(46)) - raft.server.storage.free-space.min = 0MB (=0) (default)
2022-07-12 21:09:14,439 [pool-1249-thread-1] INFO  storage.RaftStorageDirectory (RaftStorageDirectoryImpl.java:analyzeStorage(135)) - The storage directory /home/runner/work/ozone/ozone/hadoop-ozone/integration-test/target/test-dir/MiniOzoneClusterImpl-97a7afd9-f57e-4952-bd34-49a096582c21/datanode-3/data/ratis/36c72b30-d5e8-4d1d-93ae-5eec7fb6fb88 does not exist. Creating ...
2022-07-12 21:09:14,441 [pool-1249-thread-1] INFO  storage.RaftStorageDirectory (RaftStorageDirectoryImpl.java:tryLock(230)) - Lock on /home/runner/work/ozone/ozone/hadoop-ozone/integration-test/target/test-dir/MiniOzoneClusterImpl-97a7afd9-f57e-4952-bd34-49a096582c21/datanode-3/data/ratis/36c72b30-d5e8-4d1d-93ae-5eec7fb6fb88/in_use.lock acquired by nodename 31611@fv-az452-57
2022-07-12 21:09:14,478 [pool-1249-thread-1] INFO  storage.RaftStorage (RaftStorageImpl.java:format(89)) - Storage directory /home/runner/work/ozone/ozone/hadoop-ozone/integration-test/target/test-dir/MiniOzoneClusterImpl-97a7afd9-f57e-4952-bd34-49a096582c21/datanode-3/data/ratis/36c72b30-d5e8-4d1d-93ae-5eec7fb6fb88 has been successfully formatted.
2022-07-12 21:09:14,480 [pool-1249-thread-1] INFO  ratis.ContainerStateMachine (ContainerStateMachine.java:loadSnapshot(236)) - group-5EEC7FB6FB88: The snapshot info is null. Setting the last applied indexto:(t:0, i:~)
2022-07-12 21:09:14,480 [pool-1249-thread-1] INFO  server.RaftServerConfigKeys (ConfUtils.java:logGet(46)) - raft.server.notification.no-leader.timeout = 300s (custom)
2022-07-12 21:09:14,481 [EventQueue-PipelineReportForPipelineReportHandler] INFO  pipeline.PipelineManagerImpl (PipelineManagerImpl.java:openPipeline(359)) - Pipeline Pipeline[ Id: 36c72b30-d5e8-4d1d-93ae-5eec7fb6fb88, Nodes: 9c422c08-b59e-40fe-822f-86e01b4532cd{ip: 10.1.0.20, host: fv-az452-57.ku3lqr0aiaqu5kfj3xdpchcrvd.dx.internal.cloudapp.net, ports: [REPLICATION=33495, RATIS=43985, RATIS_ADMIN=43985, RATIS_SERVER=43985, STANDALONE=42053], networkLocation: /default-rack, certSerialId: null, persistedOpState: IN_SERVICE, persistedOpStateExpiryEpochSec: 0}, ReplicationConfig: RATIS/ONE, State:ALLOCATED, leaderId:9c422c08-b59e-40fe-822f-86e01b4532cd, CreationTimestamp2022-07-12T21:09:11.498Z[Etc/UTC]] moved to OPEN state
2022-07-12 21:09:14,482 [EventQueue-OpenPipelineForHealthyPipelineSafeModeRule] INFO  safemode.SCMSafeModeManager (HealthyPipelineSafeModeRule.java:process(124)) - SCM in safe mode. Healthy pipelines reported count is 0, required healthy pipeline reported count is 1
2022-07-12 21:09:14,482 [pool-1249-thread-1] INFO  server.RaftServerConfigKeys (ConfUtils.java:logGet(46)) - raft.server.log.use.memory = false (default)
2022-07-12 21:09:14,482 [pool-1249-thread-1] INFO  server.RaftServerConfigKeys (ConfUtils.java:logGet(46)) - raft.server.log.purge.gap = 1000000 (custom)
2022-07-12 21:09:14,482 [pool-1249-thread-1] INFO  server.RaftServerConfigKeys (ConfUtils.java:logGet(46)) - raft.server.log.appender.buffer.byte-limit = 33554432 (custom)
2022-07-12 21:09:14,482 [pool-1249-thread-1] INFO  server.RaftServerConfigKeys (ConfUtils.java:logGet(46)) - raft.server.log.statemachine.data.read.timeout = 1000ms (default)
2022-07-12 21:09:14,482 [pool-1249-thread-1] INFO  server.RaftServerConfigKeys (ConfUtils.java:logGet(46)) - raft.server.log.segment.size.max = 1048576 (custom)
2022-07-12 21:09:14,483 [pool-1249-thread-1] INFO  server.RaftServerConfigKeys (ConfUtils.java:logGet(46)) - raft.server.log.segment.cache.num.max = 2 (custom)
2022-07-12 21:09:14,483 [pool-1249-thread-1] INFO  server.RaftServerConfigKeys (ConfUtils.java:logGet(46)) - raft.server.log.segment.cache.size.max = 200MB (=209715200) (default)
2022-07-12 21:09:14,483 [pool-1249-thread-1] INFO  segmented.SegmentedRaftLogWorker (SegmentedRaftLogWorker.java:<init>(187)) - new 9c422c08-b59e-40fe-822f-86e01b4532cd@group-5EEC7FB6FB88-SegmentedRaftLogWorker for RaftStorageImpl:Storage Directory /home/runner/work/ozone/ozone/hadoop-ozone/integration-test/target/test-dir/MiniOzoneClusterImpl-97a7afd9-f57e-4952-bd34-49a096582c21/datanode-3/data/ratis/36c72b30-d5e8-4d1d-93ae-5eec7fb6fb88
2022-07-12 21:09:14,483 [pool-1249-thread-1] INFO  server.RaftServerConfigKeys (ConfUtils.java:logGet(46)) - raft.server.log.queue.byte-limit = 4294967296 (custom)
2022-07-12 21:09:14,483 [pool-1249-thread-1] INFO  server.RaftServerConfigKeys (ConfUtils.java:logGet(46)) - raft.server.log.queue.element-limit = 1024 (custom)
2022-07-12 21:09:14,483 [pool-1249-thread-1] INFO  server.RaftServerConfigKeys (ConfUtils.java:logGet(46)) - raft.server.log.segment.size.max = 1048576 (custom)
2022-07-12 21:09:14,483 [pool-1249-thread-1] INFO  server.RaftServerConfigKeys (ConfUtils.java:logGet(46)) - raft.server.log.preallocated.size = 16384 (custom)
2022-07-12 21:09:14,483 [pool-1249-thread-1] INFO  server.RaftServerConfigKeys (ConfUtils.java:logGet(46)) - raft.server.log.force.sync.num = 128 (default)
2022-07-12 21:09:14,483 [pool-1249-thread-1] INFO  server.RaftServerConfigKeys (ConfUtils.java:logGet(46)) - raft.server.log.statemachine.data.sync = true (default)
2022-07-12 21:09:14,483 [pool-1249-thread-1] INFO  server.RaftServerConfigKeys (ConfUtils.java:logGet(46)) - raft.server.log.statemachine.data.sync.timeout = 10s (default)
2022-07-12 21:09:14,483 [pool-1249-thread-1] INFO  server.RaftServerConfigKeys (ConfUtils.java:logGet(46)) - raft.server.log.statemachine.data.sync.timeout.retry = -1 (default)
2022-07-12 21:09:14,484 [pool-1249-thread-1] INFO  server.RaftServerConfigKeys (ConfUtils.java:logGet(46)) - raft.server.log.write.buffer.size = 1048576 (custom)
2022-07-12 21:09:14,485 [pool-1249-thread-1] INFO  server.RaftServerConfigKeys (ConfUtils.java:logGet(46)) - raft.server.log.unsafe-flush.enabled = false (default)
2022-07-12 21:09:14,485 [pool-1249-thread-1] INFO  server.RaftServerConfigKeys (ConfUtils.java:logGet(46)) - raft.server.log.statemachine.data.caching.enabled = true (custom)
2022-07-12 21:09:14,485 [pool-1249-thread-1] INFO  segmented.SegmentedRaftLogWorker (SegmentedRaftLogWorker.java:lambda$new$0(135)) - 9c422c08-b59e-40fe-822f-86e01b4532cd@group-5EEC7FB6FB88-SegmentedRaftLogWorker: flushIndex: setUnconditionally 0 -> -1
2022-07-12 21:09:14,485 [pool-1249-thread-1] INFO  segmented.SegmentedRaftLogWorker (SegmentedRaftLogWorker.java:lambda$new$0(135)) - 9c422c08-b59e-40fe-822f-86e01b4532cd@group-5EEC7FB6FB88-SegmentedRaftLogWorker: safeCacheEvictIndex: setUnconditionally 0 -> -1
2022-07-12 21:09:14,486 [pool-1249-thread-1] INFO  server.RaftServerConfigKeys (ConfUtils.java:logGet(46)) - raft.server.snapshot.auto.trigger.enabled = true (custom)
2022-07-12 21:09:14,486 [pool-1249-thread-1] INFO  server.RaftServerConfigKeys (ConfUtils.java:logGet(46)) - raft.server.snapshot.auto.trigger.threshold = 10000 (custom)
2022-07-12 21:09:14,486 [pool-1249-thread-1] INFO  server.RaftServerConfigKeys (ConfUtils.java:logGet(46)) - raft.server.snapshot.retention.file.num = 5 (custom)
2022-07-12 21:09:14,486 [pool-1249-thread-1] INFO  server.RaftServerConfigKeys (ConfUtils.java:logGet(46)) - raft.server.log.purge.upto.snapshot.index = false (default)
2022-07-12 21:09:14,486 [pool-1249-thread-1] INFO  server.RaftServerConfigKeys (ConfUtils.java:logGet(46)) - raft.server.retrycache.expirytime = 600000ms (custom)
2022-07-12 21:09:14,486 [pool-1249-thread-1] INFO  server.RaftServerConfigKeys (ConfUtils.java:logGet(46)) - raft.server.retrycache.statistics.expirytime = 100μs (default)
2022-07-12 21:09:14,488 [pool-1249-thread-1] INFO  server.RaftServerConfigKeys (ConfUtils.java:logGet(46)) - raft.server.log.appender.install.snapshot.enabled = false (custom)
2022-07-12 21:09:14,488 [pool-1249-thread-1] INFO  server.RaftServerConfigKeys (ConfUtils.java:logGet(46)) - raft.server.threadpool.server.cached = true (default)
2022-07-12 21:09:14,498 [pool-1249-thread-1] INFO  server.RaftServerConfigKeys (ConfUtils.java:logGet(46)) - raft.server.threadpool.server.size = 0 (default)
2022-07-12 21:09:14,498 [pool-1249-thread-1] INFO  server.RaftServerConfigKeys (ConfUtils.java:logGet(46)) - raft.server.threadpool.client.cached = true (default)
2022-07-12 21:09:14,498 [pool-1249-thread-1] INFO  server.RaftServerConfigKeys (ConfUtils.java:logGet(46)) - raft.server.threadpool.client.size = 0 (default)
2022-07-12 21:09:14,498 [pool-1249-thread-1] INFO  server.RaftServer$Division (RaftServerImpl.java:start(310)) - 9c422c08-b59e-40fe-822f-86e01b4532cd@group-5EEC7FB6FB88: start as a follower, conf=-1: [9c422c08-b59e-40fe-822f-86e01b4532cd|rpc:10.1.0.20:43985|priority:1], old=null
2022-07-12 21:09:14,498 [pool-1249-thread-1] INFO  server.RaftServer$Division (RaftServerImpl.java:setRole(299)) - 9c422c08-b59e-40fe-822f-86e01b4532cd@group-5EEC7FB6FB88: changes role from      null to FOLLOWER at term 0 for startAsFollower
2022-07-12 21:09:14,498 [pool-1249-thread-1] INFO  impl.RoleInfo (RoleInfo.java:updateAndGet(139)) - 9c422c08-b59e-40fe-822f-86e01b4532cd: start 9c422c08-b59e-40fe-822f-86e01b4532cd@group-5EEC7FB6FB88-FollowerState
2022-07-12 21:09:14,499 [pool-1249-thread-1] INFO  util.JmxRegister (JmxRegister.java:tryRegister(44)) - Successfully registered JMX Bean with object name Ratis:service=RaftServer,group=group-5EEC7FB6FB88,id=9c422c08-b59e-40fe-822f-86e01b4532cd
2022-07-12 21:09:14,508 [Command processor thread] INFO  ratis.XceiverServerRatis (XceiverServerRatis.java:addGroup(765)) - Created group PipelineID=36c72b30-d5e8-4d1d-93ae-5eec7fb6fb88
2022-07-12 21:09:14,508 [Command processor thread] INFO  commandhandler.CreatePipelineCommandHandler (CreatePipelineCommandHandler.java:handle(113)) - Created Pipeline RATIS ONE PipelineID=36c72b30-d5e8-4d1d-93ae-5eec7fb6fb88.
2022-07-12 21:09:15,232 [Listener at 127.0.0.1/32899] INFO  ozone.MiniOzoneClusterImpl (MiniOzoneClusterImpl.java:lambda$waitForClusterToBeReady$0(223)) - Nodes are ready. Got 5 of 5 DN Heartbeats.
2022-07-12 21:09:15,233 [Listener at 127.0.0.1/32899] INFO  ozone.MiniOzoneClusterImpl (MiniOzoneClusterImpl.java:lambda$waitForClusterToBeReady$0(226)) - Waiting for cluster to exit safe mode
2022-07-12 21:09:15,233 [Listener at 127.0.0.1/32899] INFO  ozone.MiniOzoneClusterImpl (MiniOzoneClusterImpl.java:lambda$waitForClusterToBeReady$0(228)) - SCM became leader
2022-07-12 21:09:15,479 [9ca81a7d-c27a-485e-9d50-743190b649b9@group-47A84B8D8882-FollowerState] INFO  impl.FollowerState (FollowerState.java:run(143)) - 9ca81a7d-c27a-485e-9d50-743190b649b9@group-47A84B8D8882-FollowerState: change to CANDIDATE, lastRpcElapsedTime:5146560745ns, electionTimeout:5107ms
2022-07-12 21:09:15,479 [9ca81a7d-c27a-485e-9d50-743190b649b9@group-47A84B8D8882-FollowerState] INFO  impl.RoleInfo (RoleInfo.java:shutdownFollowerState(110)) - 9ca81a7d-c27a-485e-9d50-743190b649b9: shutdown 9ca81a7d-c27a-485e-9d50-743190b649b9@group-47A84B8D8882-FollowerState
2022-07-12 21:09:15,479 [9ca81a7d-c27a-485e-9d50-743190b649b9@group-47A84B8D8882-FollowerState] INFO  server.RaftServer$Division (RaftServerImpl.java:setRole(299)) - 9ca81a7d-c27a-485e-9d50-743190b649b9@group-47A84B8D8882: changes role from  FOLLOWER to CANDIDATE at term 0 for changeToCandidate
2022-07-12 21:09:15,479 [9ca81a7d-c27a-485e-9d50-743190b649b9@group-47A84B8D8882-FollowerState] INFO  server.RaftServerConfigKeys (ConfUtils.java:logGet(46)) - raft.server.leaderelection.pre-vote = false (custom)
2022-07-12 21:09:15,479 [9ca81a7d-c27a-485e-9d50-743190b649b9@group-47A84B8D8882-FollowerState] INFO  impl.RoleInfo (RoleInfo.java:updateAndGet(139)) - 9ca81a7d-c27a-485e-9d50-743190b649b9: start 9ca81a7d-c27a-485e-9d50-743190b649b9@group-47A84B8D8882-LeaderElection55
2022-07-12 21:09:15,543 [9ca81a7d-c27a-485e-9d50-743190b649b9@group-47A84B8D8882-LeaderElection55] INFO  impl.LeaderElection (LeaderElection.java:askForVotes(310)) - 9ca81a7d-c27a-485e-9d50-743190b649b9@group-47A84B8D8882-LeaderElection55 ELECTION round 0: submit vote requests at term 1 for -1: [9ca81a7d-c27a-485e-9d50-743190b649b9|rpc:10.1.0.20:33467|priority:1], old=null
2022-07-12 21:09:15,544 [9ca81a7d-c27a-485e-9d50-743190b649b9@group-47A84B8D8882-LeaderElection55] INFO  impl.LeaderElection (LeaderElection.java:askForVotes(312)) - 9ca81a7d-c27a-485e-9d50-743190b649b9@group-47A84B8D8882-LeaderElection55 ELECTION round 0: result PASSED (term=1)
2022-07-12 21:09:15,544 [9ca81a7d-c27a-485e-9d50-743190b649b9@group-47A84B8D8882-LeaderElection55] INFO  impl.RoleInfo (RoleInfo.java:shutdownLeaderElection(130)) - 9ca81a7d-c27a-485e-9d50-743190b649b9: shutdown 9ca81a7d-c27a-485e-9d50-743190b649b9@group-47A84B8D8882-LeaderElection55
2022-07-12 21:09:15,544 [9ca81a7d-c27a-485e-9d50-743190b649b9@group-47A84B8D8882-LeaderElection55] INFO  server.RaftServer$Division (RaftServerImpl.java:setRole(299)) - 9ca81a7d-c27a-485e-9d50-743190b649b9@group-47A84B8D8882: changes role from CANDIDATE to LEADER at term 1 for changeToLeader
2022-07-12 21:09:15,544 [9ca81a7d-c27a-485e-9d50-743190b649b9@group-47A84B8D8882-LeaderElection55] INFO  ratis.XceiverServerRatis (XceiverServerRatis.java:handleLeaderChangedNotification(863)) - Leader change notification received for group: group-47A84B8D8882 with new leaderId: 9ca81a7d-c27a-485e-9d50-743190b649b9
2022-07-12 21:09:15,544 [9ca81a7d-c27a-485e-9d50-743190b649b9@group-47A84B8D8882-LeaderElection55] INFO  server.RaftServer$Division (ServerState.java:setLeader(287)) - 9ca81a7d-c27a-485e-9d50-743190b649b9@group-47A84B8D8882: change Leader from null to 9ca81a7d-c27a-485e-9d50-743190b649b9 at term 1 for becomeLeader, leader elected after 5246ms
2022-07-12 21:09:15,544 [9ca81a7d-c27a-485e-9d50-743190b649b9@group-47A84B8D8882-LeaderElection55] INFO  server.RaftServerConfigKeys (ConfUtils.java:logGet(46)) - raft.server.staging.catchup.gap = 1000 (default)
2022-07-12 21:09:15,544 [9ca81a7d-c27a-485e-9d50-743190b649b9@group-47A84B8D8882-LeaderElection55] INFO  server.RaftServerConfigKeys (ConfUtils.java:logGet(46)) - raft.server.write.element-limit = 1024 (custom)
2022-07-12 21:09:15,544 [9ca81a7d-c27a-485e-9d50-743190b649b9@group-47A84B8D8882-LeaderElection55] INFO  server.RaftServerConfigKeys (ConfUtils.java:logGet(46)) - raft.server.write.byte-limit = 1024 M (=1073741824) (custom)
2022-07-12 21:09:15,545 [9ca81a7d-c27a-485e-9d50-743190b649b9@group-47A84B8D8882-LeaderElection55] INFO  server.RaftServerConfigKeys (ConfUtils.java:logGet(46)) - raft.server.watch.timeout = 180s (custom)
2022-07-12 21:09:15,545 [9ca81a7d-c27a-485e-9d50-743190b649b9@group-47A84B8D8882-LeaderElection55] INFO  server.RaftServerConfigKeys (ConfUtils.java:logGet(46)) - raft.server.watch.timeout.denomination = 1s (default)
2022-07-12 21:09:15,545 [9ca81a7d-c27a-485e-9d50-743190b649b9@group-47A84B8D8882-LeaderElection55] INFO  server.RaftServerConfigKeys (ConfUtils.java:logGet(46)) - raft.server.watch.element-limit = 65536 (default)
2022-07-12 21:09:15,545 [9ca81a7d-c27a-485e-9d50-743190b649b9@group-47A84B8D8882-LeaderElection55] INFO  server.RaftServerConfigKeys (ConfUtils.java:logGet(46)) - raft.server.write.element-limit = 1024 (custom)
2022-07-12 21:09:15,545 [9ca81a7d-c27a-485e-9d50-743190b649b9@group-47A84B8D8882-LeaderElection55] INFO  server.RaftServerConfigKeys (ConfUtils.java:logGet(46)) - raft.server.write.follower.gap.ratio.max = -1.0 (default)
2022-07-12 21:09:15,545 [9ca81a7d-c27a-485e-9d50-743190b649b9@group-47A84B8D8882-LeaderElection55] INFO  impl.RoleInfo (RoleInfo.java:updateAndGet(139)) - 9ca81a7d-c27a-485e-9d50-743190b649b9: start 9ca81a7d-c27a-485e-9d50-743190b649b9@group-47A84B8D8882-LeaderStateImpl
2022-07-12 21:09:15,545 [9ca81a7d-c27a-485e-9d50-743190b649b9@group-47A84B8D8882-LeaderElection55] INFO  segmented.SegmentedRaftLogWorker (SegmentedRaftLogWorker.java:startLogSegment(425)) - 9ca81a7d-c27a-485e-9d50-743190b649b9@group-47A84B8D8882-SegmentedRaftLogWorker: Starting segment from index:0
2022-07-12 21:09:15,552 [EventQueue-OpenPipelineForHealthyPipelineSafeModeRule] INFO  safemode.SCMSafeModeManager (HealthyPipelineSafeModeRule.java:process(124)) - SCM in safe mode. Healthy pipelines reported count is 0, required healthy pipeline reported count is 1
2022-07-12 21:09:15,557 [9ca81a7d-c27a-485e-9d50-743190b649b9@group-47A84B8D8882-SegmentedRaftLogWorker] INFO  segmented.SegmentedRaftLogWorker (SegmentedRaftLogWorker.java:execute(629)) - 9ca81a7d-c27a-485e-9d50-743190b649b9@group-47A84B8D8882-SegmentedRaftLogWorker: created new log segment /home/runner/work/ozone/ozone/hadoop-ozone/integration-test/target/test-dir/MiniOzoneClusterImpl-97a7afd9-f57e-4952-bd34-49a096582c21/datanode-1/data/ratis/0c2eabee-102c-4a9c-a7d6-47a84b8d8882/current/log_inprogress_0
2022-07-12 21:09:15,577 [9ca81a7d-c27a-485e-9d50-743190b649b9@group-47A84B8D8882-LeaderElection55] INFO  server.RaftServer$Division (ServerState.java:setRaftConf(393)) - 9ca81a7d-c27a-485e-9d50-743190b649b9@group-47A84B8D8882: set configuration 0: [9ca81a7d-c27a-485e-9d50-743190b649b9|rpc:10.1.0.20:33467|dataStream:|priority:1], old=null
2022-07-12 21:09:15,627 [9ca81a7d-c27a-485e-9d50-743190b649b9@group-E7B5F2DF8633-FollowerState] INFO  impl.FollowerState (FollowerState.java:run(143)) - 9ca81a7d-c27a-485e-9d50-743190b649b9@group-E7B5F2DF8633-FollowerState: change to CANDIDATE, lastRpcElapsedTime:5161505599ns, electionTimeout:5140ms
2022-07-12 21:09:15,628 [9ca81a7d-c27a-485e-9d50-743190b649b9@group-E7B5F2DF8633-FollowerState] INFO  impl.RoleInfo (RoleInfo.java:shutdownFollowerState(110)) - 9ca81a7d-c27a-485e-9d50-743190b649b9: shutdown 9ca81a7d-c27a-485e-9d50-743190b649b9@group-E7B5F2DF8633-FollowerState
2022-07-12 21:09:15,628 [9ca81a7d-c27a-485e-9d50-743190b649b9@group-E7B5F2DF8633-FollowerState] INFO  server.RaftServer$Division (RaftServerImpl.java:setRole(299)) - 9ca81a7d-c27a-485e-9d50-743190b649b9@group-E7B5F2DF8633: changes role from  FOLLOWER to CANDIDATE at term 0 for changeToCandidate
2022-07-12 21:09:15,628 [9ca81a7d-c27a-485e-9d50-743190b649b9@group-E7B5F2DF8633-FollowerState] INFO  server.RaftServerConfigKeys (ConfUtils.java:logGet(46)) - raft.server.leaderelection.pre-vote = false (custom)
2022-07-12 21:09:15,628 [9ca81a7d-c27a-485e-9d50-743190b649b9@group-E7B5F2DF8633-FollowerState] INFO  impl.RoleInfo (RoleInfo.java:updateAndGet(139)) - 9ca81a7d-c27a-485e-9d50-743190b649b9: start 9ca81a7d-c27a-485e-9d50-743190b649b9@group-E7B5F2DF8633-LeaderElection56
2022-07-12 21:09:15,703 [76813abd-30d7-4706-b809-3e10cf795ab1@group-E7B5F2DF8633-FollowerState] INFO  impl.FollowerState (FollowerState.java:run(143)) - 76813abd-30d7-4706-b809-3e10cf795ab1@group-E7B5F2DF8633-FollowerState: change to CANDIDATE, lastRpcElapsedTime:5076905252ns, electionTimeout:5020ms
2022-07-12 21:09:15,703 [76813abd-30d7-4706-b809-3e10cf795ab1@group-E7B5F2DF8633-FollowerState] INFO  impl.RoleInfo (RoleInfo.java:shutdownFollowerState(110)) - 76813abd-30d7-4706-b809-3e10cf795ab1: shutdown 76813abd-30d7-4706-b809-3e10cf795ab1@group-E7B5F2DF8633-FollowerState
2022-07-12 21:09:15,703 [76813abd-30d7-4706-b809-3e10cf795ab1@group-E7B5F2DF8633-FollowerState] INFO  server.RaftServer$Division (RaftServerImpl.java:setRole(299)) - 76813abd-30d7-4706-b809-3e10cf795ab1@group-E7B5F2DF8633: changes role from  FOLLOWER to CANDIDATE at term 0 for changeToCandidate
2022-07-12 21:09:15,703 [76813abd-30d7-4706-b809-3e10cf795ab1@group-E7B5F2DF8633-FollowerState] INFO  server.RaftServerConfigKeys (ConfUtils.java:logGet(46)) - raft.server.leaderelection.pre-vote = false (custom)
2022-07-12 21:09:15,703 [76813abd-30d7-4706-b809-3e10cf795ab1@group-E7B5F2DF8633-FollowerState] INFO  impl.RoleInfo (RoleInfo.java:updateAndGet(139)) - 76813abd-30d7-4706-b809-3e10cf795ab1: start 76813abd-30d7-4706-b809-3e10cf795ab1@group-E7B5F2DF8633-LeaderElection57
2022-07-12 21:09:15,723 [9ca81a7d-c27a-485e-9d50-743190b649b9@group-E7B5F2DF8633-LeaderElection56] INFO  impl.LeaderElection (LeaderElection.java:askForVotes(310)) - 9ca81a7d-c27a-485e-9d50-743190b649b9@group-E7B5F2DF8633-LeaderElection56 ELECTION round 0: submit vote requests at term 1 for -1: [76813abd-30d7-4706-b809-3e10cf795ab1|rpc:10.1.0.20:33965|priority:0, 9ca81a7d-c27a-485e-9d50-743190b649b9|rpc:10.1.0.20:33467|priority:0, 024a366d-d9bd-4389-bd26-fa648e81fb63|rpc:10.1.0.20:34045|priority:1], old=null
2022-07-12 21:09:15,735 [76813abd-30d7-4706-b809-3e10cf795ab1@group-E7B5F2DF8633-LeaderElection57] INFO  impl.LeaderElection (LeaderElection.java:askForVotes(310)) - 76813abd-30d7-4706-b809-3e10cf795ab1@group-E7B5F2DF8633-LeaderElection57 ELECTION round 0: submit vote requests at term 1 for -1: [76813abd-30d7-4706-b809-3e10cf795ab1|rpc:10.1.0.20:33965|dataStream:|priority:0, 9ca81a7d-c27a-485e-9d50-743190b649b9|rpc:10.1.0.20:33467|dataStream:|priority:0, 024a366d-d9bd-4389-bd26-fa648e81fb63|rpc:10.1.0.20:34045|dataStream:|priority:1], old=null
2022-07-12 21:09:15,819 [grpc-default-executor-0] INFO  server.RaftServer$Division (RaftServerImpl.java:requestVote(1152)) - 024a366d-d9bd-4389-bd26-fa648e81fb63@group-E7B5F2DF8633: receive requestVote(ELECTION, 9ca81a7d-c27a-485e-9d50-743190b649b9, group-E7B5F2DF8633, 1, (t:0, i:0))
2022-07-12 21:09:15,819 [grpc-default-executor-0] INFO  impl.VoteContext (VoteContext.java:log(48)) - 024a366d-d9bd-4389-bd26-fa648e81fb63@group-E7B5F2DF8633-FOLLOWER: reject ELECTION from 9ca81a7d-c27a-485e-9d50-743190b649b9: our priority 1 > candidate's priority 0
2022-07-12 21:09:15,819 [grpc-default-executor-0] INFO  server.RaftServer$Division (RaftServerImpl.java:setRole(299)) - 024a366d-d9bd-4389-bd26-fa648e81fb63@group-E7B5F2DF8633: changes role from  FOLLOWER to FOLLOWER at term 1 for candidate:9ca81a7d-c27a-485e-9d50-743190b649b9
2022-07-12 21:09:15,819 [grpc-default-executor-0] INFO  impl.RoleInfo (RoleInfo.java:shutdownFollowerState(110)) - 024a366d-d9bd-4389-bd26-fa648e81fb63: shutdown 024a366d-d9bd-4389-bd26-fa648e81fb63@group-E7B5F2DF8633-FollowerState
2022-07-12 21:09:15,819 [grpc-default-executor-0] INFO  impl.RoleInfo (RoleInfo.java:updateAndGet(139)) - 024a366d-d9bd-4389-bd26-fa648e81fb63: start 024a366d-d9bd-4389-bd26-fa648e81fb63@group-E7B5F2DF8633-FollowerState
2022-07-12 21:09:15,819 [024a366d-d9bd-4389-bd26-fa648e81fb63@group-E7B5F2DF8633-FollowerState] INFO  impl.FollowerState (FollowerState.java:run(152)) - 024a366d-d9bd-4389-bd26-fa648e81fb63@group-E7B5F2DF8633-FollowerState was interrupted
2022-07-12 21:09:15,859 [grpc-default-executor-0] INFO  server.RaftServer$Division (RaftServerImpl.java:requestVote(1184)) - 024a366d-d9bd-4389-bd26-fa648e81fb63@group-E7B5F2DF8633 replies to ELECTION vote request: 9ca81a7d-c27a-485e-9d50-743190b649b9<-024a366d-d9bd-4389-bd26-fa648e81fb63#0:FAIL-t1. Peer's state: 024a366d-d9bd-4389-bd26-fa648e81fb63@group-E7B5F2DF8633:t1, leader=null, voted=null, raftlog=024a366d-d9bd-4389-bd26-fa648e81fb63@group-E7B5F2DF8633-SegmentedRaftLog:OPENED:c-1, conf=-1: [76813abd-30d7-4706-b809-3e10cf795ab1|rpc:10.1.0.20:33965|dataStream:|priority:0, 9ca81a7d-c27a-485e-9d50-743190b649b9|rpc:10.1.0.20:33467|dataStream:|priority:0, 024a366d-d9bd-4389-bd26-fa648e81fb63|rpc:10.1.0.20:34045|dataStream:|priority:1], old=null
2022-07-12 21:09:15,874 [grpc-default-executor-1] INFO  server.RaftServer$Division (RaftServerImpl.java:requestVote(1152)) - 76813abd-30d7-4706-b809-3e10cf795ab1@group-E7B5F2DF8633: receive requestVote(ELECTION, 9ca81a7d-c27a-485e-9d50-743190b649b9, group-E7B5F2DF8633, 1, (t:0, i:0))
2022-07-12 21:09:15,875 [grpc-default-executor-1] INFO  impl.VoteContext (VoteContext.java:log(48)) - 76813abd-30d7-4706-b809-3e10cf795ab1@group-E7B5F2DF8633-CANDIDATE: reject ELECTION from 9ca81a7d-c27a-485e-9d50-743190b649b9: already has voted for 76813abd-30d7-4706-b809-3e10cf795ab1 at current term 1
2022-07-12 21:09:15,875 [grpc-default-executor-1] INFO  server.RaftServer$Division (RaftServerImpl.java:requestVote(1184)) - 76813abd-30d7-4706-b809-3e10cf795ab1@group-E7B5F2DF8633 replies to ELECTION vote request: 9ca81a7d-c27a-485e-9d50-743190b649b9<-76813abd-30d7-4706-b809-3e10cf795ab1#0:FAIL-t1. Peer's state: 76813abd-30d7-4706-b809-3e10cf795ab1@group-E7B5F2DF8633:t1, leader=null, voted=76813abd-30d7-4706-b809-3e10cf795ab1, raftlog=76813abd-30d7-4706-b809-3e10cf795ab1@group-E7B5F2DF8633-SegmentedRaftLog:OPENED:c-1, conf=-1: [76813abd-30d7-4706-b809-3e10cf795ab1|rpc:10.1.0.20:33965|dataStream:|priority:0, 9ca81a7d-c27a-485e-9d50-743190b649b9|rpc:10.1.0.20:33467|dataStream:|priority:0, 024a366d-d9bd-4389-bd26-fa648e81fb63|rpc:10.1.0.20:34045|dataStream:|priority:1], old=null
2022-07-12 21:09:15,879 [9ca81a7d-c27a-485e-9d50-743190b649b9@group-E7B5F2DF8633-LeaderElection56] INFO  impl.LeaderElection (LeaderElection.java:logAndReturn(90)) - 9ca81a7d-c27a-485e-9d50-743190b649b9@group-E7B5F2DF8633-LeaderElection56: ELECTION REJECTED received 1 response(s) and 0 exception(s):
2022-07-12 21:09:15,879 [9ca81a7d-c27a-485e-9d50-743190b649b9@group-E7B5F2DF8633-LeaderElection56] INFO  impl.LeaderElection (LeaderElection.java:logAndReturn(94)) -   Response 0: 9ca81a7d-c27a-485e-9d50-743190b649b9<-024a366d-d9bd-4389-bd26-fa648e81fb63#0:FAIL-t1
2022-07-12 21:09:15,879 [9ca81a7d-c27a-485e-9d50-743190b649b9@group-E7B5F2DF8633-LeaderElection56] INFO  impl.LeaderElection (LeaderElection.java:askForVotes(312)) - 9ca81a7d-c27a-485e-9d50-743190b649b9@group-E7B5F2DF8633-LeaderElection56 ELECTION round 0: result REJECTED
2022-07-12 21:09:15,879 [9ca81a7d-c27a-485e-9d50-743190b649b9@group-E7B5F2DF8633-LeaderElection56] INFO  server.RaftServer$Division (RaftServerImpl.java:setRole(299)) - 9ca81a7d-c27a-485e-9d50-743190b649b9@group-E7B5F2DF8633: changes role from CANDIDATE to FOLLOWER at term 1 for REJECTED
2022-07-12 21:09:15,879 [9ca81a7d-c27a-485e-9d50-743190b649b9@group-E7B5F2DF8633-LeaderElection56] INFO  impl.RoleInfo (RoleInfo.java:shutdownLeaderElection(130)) - 9ca81a7d-c27a-485e-9d50-743190b649b9: shutdown 9ca81a7d-c27a-485e-9d50-743190b649b9@group-E7B5F2DF8633-LeaderElection56
2022-07-12 21:09:15,879 [9ca81a7d-c27a-485e-9d50-743190b649b9@group-E7B5F2DF8633-LeaderElection56] INFO  impl.RoleInfo (RoleInfo.java:updateAndGet(139)) - 9ca81a7d-c27a-485e-9d50-743190b649b9: start 9ca81a7d-c27a-485e-9d50-743190b649b9@group-E7B5F2DF8633-FollowerState
2022-07-12 21:09:15,971 [grpc-default-executor-1] INFO  server.RaftServer$Division (RaftServerImpl.java:requestVote(1152)) - 024a366d-d9bd-4389-bd26-fa648e81fb63@group-E7B5F2DF8633: receive requestVote(ELECTION, 76813abd-30d7-4706-b809-3e10cf795ab1, group-E7B5F2DF8633, 1, (t:0, i:0))
2022-07-12 21:09:15,972 [grpc-default-executor-1] INFO  impl.VoteContext (VoteContext.java:log(48)) - 024a366d-d9bd-4389-bd26-fa648e81fb63@group-E7B5F2DF8633-FOLLOWER: reject ELECTION from 76813abd-30d7-4706-b809-3e10cf795ab1: our priority 1 > candidate's priority 0
2022-07-12 21:09:15,972 [grpc-default-executor-1] INFO  server.RaftServer$Division (RaftServerImpl.java:setRole(299)) - 024a366d-d9bd-4389-bd26-fa648e81fb63@group-E7B5F2DF8633: changes role from  FOLLOWER to FOLLOWER at term 1 for candidate:76813abd-30d7-4706-b809-3e10cf795ab1
2022-07-12 21:09:15,972 [grpc-default-executor-1] INFO  impl.RoleInfo (RoleInfo.java:shutdownFollowerState(110)) - 024a366d-d9bd-4389-bd26-fa648e81fb63: shutdown 024a366d-d9bd-4389-bd26-fa648e81fb63@group-E7B5F2DF8633-FollowerState
2022-07-12 21:09:15,972 [grpc-default-executor-1] INFO  impl.RoleInfo (RoleInfo.java:updateAndGet(139)) - 024a366d-d9bd-4389-bd26-fa648e81fb63: start 024a366d-d9bd-4389-bd26-fa648e81fb63@group-E7B5F2DF8633-FollowerState
2022-07-12 21:09:15,972 [024a366d-d9bd-4389-bd26-fa648e81fb63@group-E7B5F2DF8633-FollowerState] INFO  impl.FollowerState (FollowerState.java:run(152)) - 024a366d-d9bd-4389-bd26-fa648e81fb63@group-E7B5F2DF8633-FollowerState was interrupted
2022-07-12 21:09:15,973 [grpc-default-executor-1] INFO  server.RaftServer$Division (RaftServerImpl.java:requestVote(1184)) - 024a366d-d9bd-4389-bd26-fa648e81fb63@group-E7B5F2DF8633 replies to ELECTION vote request: 76813abd-30d7-4706-b809-3e10cf795ab1<-024a366d-d9bd-4389-bd26-fa648e81fb63#0:FAIL-t1. Peer's state: 024a366d-d9bd-4389-bd26-fa648e81fb63@group-E7B5F2DF8633:t1, leader=null, voted=null, raftlog=024a366d-d9bd-4389-bd26-fa648e81fb63@group-E7B5F2DF8633-SegmentedRaftLog:OPENED:c-1, conf=-1: [76813abd-30d7-4706-b809-3e10cf795ab1|rpc:10.1.0.20:33965|dataStream:|priority:0, 9ca81a7d-c27a-485e-9d50-743190b649b9|rpc:10.1.0.20:33467|dataStream:|priority:0, 024a366d-d9bd-4389-bd26-fa648e81fb63|rpc:10.1.0.20:34045|dataStream:|priority:1], old=null
2022-07-12 21:09:16,033 [76813abd-30d7-4706-b809-3e10cf795ab1@group-E7B5F2DF8633-LeaderElection57] INFO  impl.LeaderElection (LeaderElection.java:logAndReturn(90)) - 76813abd-30d7-4706-b809-3e10cf795ab1@group-E7B5F2DF8633-LeaderElection57: ELECTION REJECTED received 1 response(s) and 0 exception(s):
2022-07-12 21:09:16,034 [76813abd-30d7-4706-b809-3e10cf795ab1@group-E7B5F2DF8633-LeaderElection57] INFO  impl.LeaderElection (LeaderElection.java:logAndReturn(94)) -   Response 0: 76813abd-30d7-4706-b809-3e10cf795ab1<-024a366d-d9bd-4389-bd26-fa648e81fb63#0:FAIL-t1
2022-07-12 21:09:16,034 [76813abd-30d7-4706-b809-3e10cf795ab1@group-E7B5F2DF8633-LeaderElection57] INFO  impl.LeaderElection (LeaderElection.java:askForVotes(312)) - 76813abd-30d7-4706-b809-3e10cf795ab1@group-E7B5F2DF8633-LeaderElection57 ELECTION round 0: result REJECTED
2022-07-12 21:09:16,034 [76813abd-30d7-4706-b809-3e10cf795ab1@group-E7B5F2DF8633-LeaderElection57] INFO  server.RaftServer$Division (RaftServerImpl.java:setRole(299)) - 76813abd-30d7-4706-b809-3e10cf795ab1@group-E7B5F2DF8633: changes role from CANDIDATE to FOLLOWER at term 1 for REJECTED
2022-07-12 21:09:16,034 [76813abd-30d7-4706-b809-3e10cf795ab1@group-E7B5F2DF8633-LeaderElection57] INFO  impl.RoleInfo (RoleInfo.java:shutdownLeaderElection(130)) - 76813abd-30d7-4706-b809-3e10cf795ab1: shutdown 76813abd-30d7-4706-b809-3e10cf795ab1@group-E7B5F2DF8633-LeaderElection57
2022-07-12 21:09:16,034 [76813abd-30d7-4706-b809-3e10cf795ab1@group-E7B5F2DF8633-LeaderElection57] INFO  impl.RoleInfo (RoleInfo.java:updateAndGet(139)) - 76813abd-30d7-4706-b809-3e10cf795ab1: start 76813abd-30d7-4706-b809-3e10cf795ab1@group-E7B5F2DF8633-FollowerState
2022-07-12 21:09:16,034 [grpc-default-executor-0] INFO  server.RaftServer$Division (RaftServerImpl.java:requestVote(1152)) - 9ca81a7d-c27a-485e-9d50-743190b649b9@group-E7B5F2DF8633: receive requestVote(ELECTION, 76813abd-30d7-4706-b809-3e10cf795ab1, group-E7B5F2DF8633, 1, (t:0, i:0))
2022-07-12 21:09:16,034 [grpc-default-executor-0] INFO  impl.VoteContext (VoteContext.java:log(48)) - 9ca81a7d-c27a-485e-9d50-743190b649b9@group-E7B5F2DF8633-FOLLOWER: reject ELECTION from 76813abd-30d7-4706-b809-3e10cf795ab1: already has voted for 9ca81a7d-c27a-485e-9d50-743190b649b9 at current term 1
2022-07-12 21:09:16,034 [grpc-default-executor-0] INFO  server.RaftServer$Division (RaftServerImpl.java:requestVote(1184)) - 9ca81a7d-c27a-485e-9d50-743190b649b9@group-E7B5F2DF8633 replies to ELECTION vote request: 76813abd-30d7-4706-b809-3e10cf795ab1<-9ca81a7d-c27a-485e-9d50-743190b649b9#0:FAIL-t1. Peer's state: 9ca81a7d-c27a-485e-9d50-743190b649b9@group-E7B5F2DF8633:t1, leader=null, voted=9ca81a7d-c27a-485e-9d50-743190b649b9, raftlog=9ca81a7d-c27a-485e-9d50-743190b649b9@group-E7B5F2DF8633-SegmentedRaftLog:OPENED:c-1, conf=-1: [76813abd-30d7-4706-b809-3e10cf795ab1|rpc:10.1.0.20:33965|priority:0, 9ca81a7d-c27a-485e-9d50-743190b649b9|rpc:10.1.0.20:33467|priority:0, 024a366d-d9bd-4389-bd26-fa648e81fb63|rpc:10.1.0.20:34045|priority:1], old=null
2022-07-12 21:09:16,233 [Listener at 127.0.0.1/32899] INFO  ozone.MiniOzoneClusterImpl (MiniOzoneClusterImpl.java:lambda$waitForClusterToBeReady$0(223)) - Nodes are ready. Got 5 of 5 DN Heartbeats.
2022-07-12 21:09:16,233 [Listener at 127.0.0.1/32899] INFO  ozone.MiniOzoneClusterImpl (MiniOzoneClusterImpl.java:lambda$waitForClusterToBeReady$0(226)) - Waiting for cluster to exit safe mode
2022-07-12 21:09:16,233 [Listener at 127.0.0.1/32899] INFO  ozone.MiniOzoneClusterImpl (MiniOzoneClusterImpl.java:lambda$waitForClusterToBeReady$0(228)) - SCM became leader
2022-07-12 21:09:16,353 [9ca81a7d-c27a-485e-9d50-743190b649b9@group-C3BB33E871CC-FollowerState] INFO  impl.FollowerState (FollowerState.java:run(143)) - 9ca81a7d-c27a-485e-9d50-743190b649b9@group-C3BB33E871CC-FollowerState: change to CANDIDATE, lastRpcElapsedTime:5194965403ns, electionTimeout:5176ms
2022-07-12 21:09:16,353 [9ca81a7d-c27a-485e-9d50-743190b649b9@group-C3BB33E871CC-FollowerState] INFO  impl.RoleInfo (RoleInfo.java:shutdownFollowerState(110)) - 9ca81a7d-c27a-485e-9d50-743190b649b9: shutdown 9ca81a7d-c27a-485e-9d50-743190b649b9@group-C3BB33E871CC-FollowerState
2022-07-12 21:09:16,353 [9ca81a7d-c27a-485e-9d50-743190b649b9@group-C3BB33E871CC-FollowerState] INFO  server.RaftServer$Division (RaftServerImpl.java:setRole(299)) - 9ca81a7d-c27a-485e-9d50-743190b649b9@group-C3BB33E871CC: changes role from  FOLLOWER to CANDIDATE at term 0 for changeToCandidate
2022-07-12 21:09:16,353 [9ca81a7d-c27a-485e-9d50-743190b649b9@group-C3BB33E871CC-FollowerState] INFO  server.RaftServerConfigKeys (ConfUtils.java:logGet(46)) - raft.server.leaderelection.pre-vote = false (custom)
2022-07-12 21:09:16,353 [9ca81a7d-c27a-485e-9d50-743190b649b9@group-C3BB33E871CC-FollowerState] INFO  impl.RoleInfo (RoleInfo.java:updateAndGet(139)) - 9ca81a7d-c27a-485e-9d50-743190b649b9: start 9ca81a7d-c27a-485e-9d50-743190b649b9@group-C3BB33E871CC-LeaderElection58
2022-07-12 21:09:16,375 [76813abd-30d7-4706-b809-3e10cf795ab1@group-C3BB33E871CC-FollowerState] INFO  impl.FollowerState (FollowerState.java:run(143)) - 76813abd-30d7-4706-b809-3e10cf795ab1@group-C3BB33E871CC-FollowerState: change to CANDIDATE, lastRpcElapsedTime:5022312313ns, electionTimeout:5006ms
2022-07-12 21:09:16,378 [76813abd-30d7-4706-b809-3e10cf795ab1@group-C3BB33E871CC-FollowerState] INFO  impl.RoleInfo (RoleInfo.java:shutdownFollowerState(110)) - 76813abd-30d7-4706-b809-3e10cf795ab1: shutdown 76813abd-30d7-4706-b809-3e10cf795ab1@group-C3BB33E871CC-FollowerState
2022-07-12 21:09:16,378 [76813abd-30d7-4706-b809-3e10cf795ab1@group-C3BB33E871CC-FollowerState] INFO  server.RaftServer$Division (RaftServerImpl.java:setRole(299)) - 76813abd-30d7-4706-b809-3e10cf795ab1@group-C3BB33E871CC: changes role from  FOLLOWER to CANDIDATE at term 0 for changeToCandidate
2022-07-12 21:09:16,378 [76813abd-30d7-4706-b809-3e10cf795ab1@group-C3BB33E871CC-FollowerState] INFO  server.RaftServerConfigKeys (ConfUtils.java:logGet(46)) - raft.server.leaderelection.pre-vote = false (custom)
2022-07-12 21:09:16,378 [76813abd-30d7-4706-b809-3e10cf795ab1@group-C3BB33E871CC-FollowerState] INFO  impl.RoleInfo (RoleInfo.java:updateAndGet(139)) - 76813abd-30d7-4706-b809-3e10cf795ab1: start 76813abd-30d7-4706-b809-3e10cf795ab1@group-C3BB33E871CC-LeaderElection59
2022-07-12 21:09:16,422 [9ca81a7d-c27a-485e-9d50-743190b649b9@group-C3BB33E871CC-LeaderElection58] INFO  impl.LeaderElection (LeaderElection.java:askForVotes(310)) - 9ca81a7d-c27a-485e-9d50-743190b649b9@group-C3BB33E871CC-LeaderElection58 ELECTION round 0: submit vote requests at term 1 for -1: [76813abd-30d7-4706-b809-3e10cf795ab1|rpc:10.1.0.20:33965|priority:1, 9ca81a7d-c27a-485e-9d50-743190b649b9|rpc:10.1.0.20:33467|priority:0, 024a366d-d9bd-4389-bd26-fa648e81fb63|rpc:10.1.0.20:34045|priority:0], old=null
2022-07-12 21:09:16,437 [grpc-default-executor-0] INFO  server.RaftServer$Division (RaftServerImpl.java:requestVote(1152)) - 76813abd-30d7-4706-b809-3e10cf795ab1@group-C3BB33E871CC: receive requestVote(ELECTION, 9ca81a7d-c27a-485e-9d50-743190b649b9, group-C3BB33E871CC, 1, (t:0, i:0))
2022-07-12 21:09:16,437 [grpc-default-executor-0] INFO  impl.VoteContext (VoteContext.java:log(48)) - 76813abd-30d7-4706-b809-3e10cf795ab1@group-C3BB33E871CC-CANDIDATE: reject ELECTION from 9ca81a7d-c27a-485e-9d50-743190b649b9: our priority 1 > candidate's priority 0
2022-07-12 21:09:16,437 [grpc-default-executor-0] INFO  server.RaftServer$Division (RaftServerImpl.java:setRole(299)) - 76813abd-30d7-4706-b809-3e10cf795ab1@group-C3BB33E871CC: changes role from CANDIDATE to FOLLOWER at term 1 for candidate:9ca81a7d-c27a-485e-9d50-743190b649b9
2022-07-12 21:09:16,437 [grpc-default-executor-0] INFO  impl.RoleInfo (RoleInfo.java:shutdownLeaderElection(130)) - 76813abd-30d7-4706-b809-3e10cf795ab1: shutdown 76813abd-30d7-4706-b809-3e10cf795ab1@group-C3BB33E871CC-LeaderElection59
2022-07-12 21:09:16,437 [grpc-default-executor-0] INFO  impl.RoleInfo (RoleInfo.java:updateAndGet(139)) - 76813abd-30d7-4706-b809-3e10cf795ab1: start 76813abd-30d7-4706-b809-3e10cf795ab1@group-C3BB33E871CC-FollowerState
2022-07-12 21:09:16,438 [grpc-default-executor-0] INFO  server.RaftServer$Division (RaftServerImpl.java:requestVote(1184)) - 76813abd-30d7-4706-b809-3e10cf795ab1@group-C3BB33E871CC replies to ELECTION vote request: 9ca81a7d-c27a-485e-9d50-743190b649b9<-76813abd-30d7-4706-b809-3e10cf795ab1#0:FAIL-t1. Peer's state: 76813abd-30d7-4706-b809-3e10cf795ab1@group-C3BB33E871CC:t1, leader=null, voted=null, raftlog=76813abd-30d7-4706-b809-3e10cf795ab1@group-C3BB33E871CC-SegmentedRaftLog:OPENED:c-1, conf=-1: [76813abd-30d7-4706-b809-3e10cf795ab1|rpc:10.1.0.20:33965|dataStream:|priority:1, 9ca81a7d-c27a-485e-9d50-743190b649b9|rpc:10.1.0.20:33467|dataStream:|priority:0, 024a366d-d9bd-4389-bd26-fa648e81fb63|rpc:10.1.0.20:34045|dataStream:|priority:0], old=null
2022-07-12 21:09:16,440 [9ca81a7d-c27a-485e-9d50-743190b649b9@group-C3BB33E871CC-LeaderElection58] INFO  impl.LeaderElection (LeaderElection.java:logAndReturn(90)) - 9ca81a7d-c27a-485e-9d50-743190b649b9@group-C3BB33E871CC-LeaderElection58: ELECTION REJECTED received 1 response(s) and 0 exception(s):
2022-07-12 21:09:16,440 [9ca81a7d-c27a-485e-9d50-743190b649b9@group-C3BB33E871CC-LeaderElection58] INFO  impl.LeaderElection (LeaderElection.java:logAndReturn(94)) -   Response 0: 9ca81a7d-c27a-485e-9d50-743190b649b9<-76813abd-30d7-4706-b809-3e10cf795ab1#0:FAIL-t1
2022-07-12 21:09:16,440 [9ca81a7d-c27a-485e-9d50-743190b649b9@group-C3BB33E871CC-LeaderElection58] INFO  impl.LeaderElection (LeaderElection.java:askForVotes(312)) - 9ca81a7d-c27a-485e-9d50-743190b649b9@group-C3BB33E871CC-LeaderElection58 ELECTION round 0: result REJECTED
2022-07-12 21:09:16,440 [9ca81a7d-c27a-485e-9d50-743190b649b9@group-C3BB33E871CC-LeaderElection58] INFO  server.RaftServer$Division (RaftServerImpl.java:setRole(299)) - 9ca81a7d-c27a-485e-9d50-743190b649b9@group-C3BB33E871CC: changes role from CANDIDATE to FOLLOWER at term 1 for REJECTED
2022-07-12 21:09:16,440 [9ca81a7d-c27a-485e-9d50-743190b649b9@group-C3BB33E871CC-LeaderElection58] INFO  impl.RoleInfo (RoleInfo.java:shutdownLeaderElection(130)) - 9ca81a7d-c27a-485e-9d50-743190b649b9: shutdown 9ca81a7d-c27a-485e-9d50-743190b649b9@group-C3BB33E871CC-LeaderElection58
2022-07-12 21:09:16,440 [9ca81a7d-c27a-485e-9d50-743190b649b9@group-C3BB33E871CC-LeaderElection58] INFO  impl.RoleInfo (RoleInfo.java:updateAndGet(139)) - 9ca81a7d-c27a-485e-9d50-743190b649b9: start 9ca81a7d-c27a-485e-9d50-743190b649b9@group-C3BB33E871CC-FollowerState
2022-07-12 21:09:16,466 [Command processor thread] INFO  server.RaftServer (RaftServerProxy.java:addNew(96)) - 372730cf-c512-4d87-8955-2c00451c14e7: addNew group-9015970CFA95:[372730cf-c512-4d87-8955-2c00451c14e7|rpc:10.1.0.20:41971|priority:1] returns group-9015970CFA95:java.util.concurrent.CompletableFuture@2c96cc0d[Not completed]
2022-07-12 21:09:16,504 [grpc-default-executor-0] INFO  server.RaftServer$Division (RaftServerImpl.java:requestVote(1152)) - 024a366d-d9bd-4389-bd26-fa648e81fb63@group-C3BB33E871CC: receive requestVote(ELECTION, 9ca81a7d-c27a-485e-9d50-743190b649b9, group-C3BB33E871CC, 1, (t:0, i:0))
2022-07-12 21:09:16,504 [grpc-default-executor-0] INFO  impl.VoteContext (VoteContext.java:log(48)) - 024a366d-d9bd-4389-bd26-fa648e81fb63@group-C3BB33E871CC-FOLLOWER: accept ELECTION from 9ca81a7d-c27a-485e-9d50-743190b649b9: our priority 0 <= candidate's priority 0
2022-07-12 21:09:16,504 [grpc-default-executor-0] INFO  server.RaftServer$Division (RaftServerImpl.java:setRole(299)) - 024a366d-d9bd-4389-bd26-fa648e81fb63@group-C3BB33E871CC: changes role from  FOLLOWER to FOLLOWER at term 1 for candidate:9ca81a7d-c27a-485e-9d50-743190b649b9
2022-07-12 21:09:16,504 [grpc-default-executor-0] INFO  impl.RoleInfo (RoleInfo.java:shutdownFollowerState(110)) - 024a366d-d9bd-4389-bd26-fa648e81fb63: shutdown 024a366d-d9bd-4389-bd26-fa648e81fb63@group-C3BB33E871CC-FollowerState
2022-07-12 21:09:16,504 [grpc-default-executor-0] INFO  impl.RoleInfo (RoleInfo.java:updateAndGet(139)) - 024a366d-d9bd-4389-bd26-fa648e81fb63: start 024a366d-d9bd-4389-bd26-fa648e81fb63@group-C3BB33E871CC-FollowerState
2022-07-12 21:09:16,507 [024a366d-d9bd-4389-bd26-fa648e81fb63@group-C3BB33E871CC-FollowerState] INFO  impl.FollowerState (FollowerState.java:run(152)) - 024a366d-d9bd-4389-bd26-fa648e81fb63@group-C3BB33E871CC-FollowerState was interrupted
2022-07-12 21:09:16,536 [pool-1276-thread-1] INFO  server.RaftServer$Division (RaftServerImpl.java:<init>(190)) - 372730cf-c512-4d87-8955-2c00451c14e7: new RaftServerImpl for group-9015970CFA95:[372730cf-c512-4d87-8955-2c00451c14e7|rpc:10.1.0.20:41971|priority:1] with ContainerStateMachine:uninitialized
2022-07-12 21:09:16,536 [pool-1276-thread-1] INFO  server.RaftServerConfigKeys (ConfUtils.java:logGet(46)) - raft.server.rpc.timeout.min = 5s (custom)
2022-07-12 21:09:16,536 [pool-1276-thread-1] INFO  server.RaftServerConfigKeys (ConfUtils.java:logGet(46)) - raft.server.rpc.timeout.max = 5200ms (custom)
2022-07-12 21:09:16,536 [pool-1276-thread-1] INFO  server.RaftServerConfigKeys (ConfUtils.java:logGet(46)) - raft.server.rpc.sleep.time = 25ms (default)
2022-07-12 21:09:16,536 [pool-1276-thread-1] INFO  server.RaftServerConfigKeys (ConfUtils.java:logGet(46)) - raft.server.rpc.slowness.timeout = 300s (custom)
2022-07-12 21:09:16,536 [pool-1276-thread-1] INFO  server.RaftServerConfigKeys (ConfUtils.java:logGet(46)) - raft.server.leaderelection.leader.step-down.wait-time = 10s (default)
2022-07-12 21:09:16,536 [pool-1276-thread-1] INFO  server.RaftServerConfigKeys (ConfUtils.java:logGet(46)) - raft.server.sleep.deviation.threshold = 300ms (default)
2022-07-12 21:09:16,537 [pool-1276-thread-1] INFO  server.RaftServer$Division (ServerState.java:<init>(107)) - 372730cf-c512-4d87-8955-2c00451c14e7@group-9015970CFA95: ConfigurationManager, init=-1: [372730cf-c512-4d87-8955-2c00451c14e7|rpc:10.1.0.20:41971|priority:1], old=null, confs=<EMPTY_MAP>
2022-07-12 21:09:16,537 [pool-1276-thread-1] INFO  server.RaftServerConfigKeys (ConfUtils.java:logGet(46)) - raft.server.storage.dir = [/home/runner/work/ozone/ozone/hadoop-ozone/integration-test/target/test-dir/MiniOzoneClusterImpl-97a7afd9-f57e-4952-bd34-49a096582c21/datanode-4/data/ratis] (custom)
2022-07-12 21:09:16,537 [pool-1276-thread-1] INFO  server.RaftServerConfigKeys (ConfUtils.java:logGet(46)) - raft.server.log.corruption.policy = EXCEPTION (default)
2022-07-12 21:09:16,537 [pool-1276-thread-1] INFO  server.RaftServerConfigKeys (ConfUtils.java:logGet(46)) - raft.server.storage.free-space.min = 0MB (=0) (default)
2022-07-12 21:09:16,537 [pool-1276-thread-1] INFO  storage.RaftStorageDirectory (RaftStorageDirectoryImpl.java:analyzeStorage(135)) - The storage directory /home/runner/work/ozone/ozone/hadoop-ozone/integration-test/target/test-dir/MiniOzoneClusterImpl-97a7afd9-f57e-4952-bd34-49a096582c21/datanode-4/data/ratis/73388072-fdc5-42fa-a9dc-9015970cfa95 does not exist. Creating ...
2022-07-12 21:09:16,545 [grpc-default-executor-0] INFO  server.RaftServer$Division (RaftServerImpl.java:requestVote(1184)) - 024a366d-d9bd-4389-bd26-fa648e81fb63@group-C3BB33E871CC replies to ELECTION vote request: 9ca81a7d-c27a-485e-9d50-743190b649b9<-024a366d-d9bd-4389-bd26-fa648e81fb63#0:OK-t1. Peer's state: 024a366d-d9bd-4389-bd26-fa648e81fb63@group-C3BB33E871CC:t1, leader=null, voted=9ca81a7d-c27a-485e-9d50-743190b649b9, raftlog=024a366d-d9bd-4389-bd26-fa648e81fb63@group-C3BB33E871CC-SegmentedRaftLog:OPENED:c-1, conf=-1: [76813abd-30d7-4706-b809-3e10cf795ab1|rpc:10.1.0.20:33965|dataStream:|priority:1, 9ca81a7d-c27a-485e-9d50-743190b649b9|rpc:10.1.0.20:33467|dataStream:|priority:0, 024a366d-d9bd-4389-bd26-fa648e81fb63|rpc:10.1.0.20:34045|dataStream:|priority:0], old=null
2022-07-12 21:09:16,545 [pool-1276-thread-1] INFO  storage.RaftStorageDirectory (RaftStorageDirectoryImpl.java:tryLock(230)) - Lock on /home/runner/work/ozone/ozone/hadoop-ozone/integration-test/target/test-dir/MiniOzoneClusterImpl-97a7afd9-f57e-4952-bd34-49a096582c21/datanode-4/data/ratis/73388072-fdc5-42fa-a9dc-9015970cfa95/in_use.lock acquired by nodename 31611@fv-az452-57
2022-07-12 21:09:16,552 [pool-1276-thread-1] INFO  storage.RaftStorage (RaftStorageImpl.java:format(89)) - Storage directory /home/runner/work/ozone/ozone/hadoop-ozone/integration-test/target/test-dir/MiniOzoneClusterImpl-97a7afd9-f57e-4952-bd34-49a096582c21/datanode-4/data/ratis/73388072-fdc5-42fa-a9dc-9015970cfa95 has been successfully formatted.
2022-07-12 21:09:16,604 [pool-1276-thread-1] INFO  ratis.ContainerStateMachine (ContainerStateMachine.java:loadSnapshot(236)) - group-9015970CFA95: The snapshot info is null. Setting the last applied indexto:(t:0, i:~)
2022-07-12 21:09:16,604 [pool-1276-thread-1] INFO  server.RaftServerConfigKeys (ConfUtils.java:logGet(46)) - raft.server.notification.no-leader.timeout = 300s (custom)
2022-07-12 21:09:16,604 [pool-1276-thread-1] INFO  server.RaftServerConfigKeys (ConfUtils.java:logGet(46)) - raft.server.log.use.memory = false (default)
2022-07-12 21:09:16,604 [pool-1276-thread-1] INFO  server.RaftServerConfigKeys (ConfUtils.java:logGet(46)) - raft.server.log.purge.gap = 1000000 (custom)
2022-07-12 21:09:16,604 [pool-1276-thread-1] INFO  server.RaftServerConfigKeys (ConfUtils.java:logGet(46)) - raft.server.log.appender.buffer.byte-limit = 33554432 (custom)
2022-07-12 21:09:16,604 [pool-1276-thread-1] INFO  server.RaftServerConfigKeys (ConfUtils.java:logGet(46)) - raft.server.log.statemachine.data.read.timeout = 1000ms (default)
2022-07-12 21:09:16,604 [pool-1276-thread-1] INFO  server.RaftServerConfigKeys (ConfUtils.java:logGet(46)) - raft.server.log.segment.size.max = 1048576 (custom)
2022-07-12 21:09:16,605 [pool-1276-thread-1] INFO  server.RaftServerConfigKeys (ConfUtils.java:logGet(46)) - raft.server.log.segment.cache.num.max = 2 (custom)
2022-07-12 21:09:16,605 [pool-1276-thread-1] INFO  server.RaftServerConfigKeys (ConfUtils.java:logGet(46)) - raft.server.log.segment.cache.size.max = 200MB (=209715200) (default)
2022-07-12 21:09:16,605 [pool-1276-thread-1] INFO  segmented.SegmentedRaftLogWorker (SegmentedRaftLogWorker.java:<init>(187)) - new 372730cf-c512-4d87-8955-2c00451c14e7@group-9015970CFA95-SegmentedRaftLogWorker for RaftStorageImpl:Storage Directory /home/runner/work/ozone/ozone/hadoop-ozone/integration-test/target/test-dir/MiniOzoneClusterImpl-97a7afd9-f57e-4952-bd34-49a096582c21/datanode-4/data/ratis/73388072-fdc5-42fa-a9dc-9015970cfa95
2022-07-12 21:09:16,605 [pool-1276-thread-1] INFO  server.RaftServerConfigKeys (ConfUtils.java:logGet(46)) - raft.server.log.queue.byte-limit = 4294967296 (custom)
2022-07-12 21:09:16,605 [pool-1276-thread-1] INFO  server.RaftServerConfigKeys (ConfUtils.java:logGet(46)) - raft.server.log.queue.element-limit = 1024 (custom)
2022-07-12 21:09:16,605 [pool-1276-thread-1] INFO  server.RaftServerConfigKeys (ConfUtils.java:logGet(46)) - raft.server.log.segment.size.max = 1048576 (custom)
2022-07-12 21:09:16,605 [pool-1276-thread-1] INFO  server.RaftServerConfigKeys (ConfUtils.java:logGet(46)) - raft.server.log.preallocated.size = 16384 (custom)
2022-07-12 21:09:16,605 [pool-1276-thread-1] INFO  server.RaftServerConfigKeys (ConfUtils.java:logGet(46)) - raft.server.log.force.sync.num = 128 (default)
2022-07-12 21:09:16,605 [pool-1276-thread-1] INFO  server.RaftServerConfigKeys (ConfUtils.java:logGet(46)) - raft.server.log.statemachine.data.sync = true (default)
2022-07-12 21:09:16,605 [pool-1276-thread-1] INFO  server.RaftServerConfigKeys (ConfUtils.java:logGet(46)) - raft.server.log.statemachine.data.sync.timeout = 10s (default)
2022-07-12 21:09:16,605 [pool-1276-thread-1] INFO  server.RaftServerConfigKeys (ConfUtils.java:logGet(46)) - raft.server.log.statemachine.data.sync.timeout.retry = -1 (default)
2022-07-12 21:09:16,608 [EventQueue-PipelineReportForPipelineReportHandler] INFO  pipeline.PipelineManagerImpl (PipelineManagerImpl.java:openPipeline(359)) - Pipeline Pipeline[ Id: 73388072-fdc5-42fa-a9dc-9015970cfa95, Nodes: 372730cf-c512-4d87-8955-2c00451c14e7{ip: 10.1.0.20, host: fv-az452-57.ku3lqr0aiaqu5kfj3xdpchcrvd.dx.internal.cloudapp.net, ports: [REPLICATION=43373, RATIS=41971, RATIS_ADMIN=41971, RATIS_SERVER=41971, STANDALONE=37885], networkLocation: /default-rack, certSerialId: null, persistedOpState: IN_SERVICE, persistedOpStateExpiryEpochSec: 0}, ReplicationConfig: RATIS/ONE, State:ALLOCATED, leaderId:372730cf-c512-4d87-8955-2c00451c14e7, CreationTimestamp2022-07-12T21:09:13.457Z[Etc/UTC]] moved to OPEN state
2022-07-12 21:09:16,609 [EventQueue-OpenPipelineForHealthyPipelineSafeModeRule] INFO  safemode.SCMSafeModeManager (HealthyPipelineSafeModeRule.java:process(124)) - SCM in safe mode. Healthy pipelines reported count is 0, required healthy pipeline reported count is 1
2022-07-12 21:09:16,611 [pool-1276-thread-1] INFO  server.RaftServerConfigKeys (ConfUtils.java:logGet(46)) - raft.server.log.write.buffer.size = 1048576 (custom)
2022-07-12 21:09:16,611 [pool-1276-thread-1] INFO  server.RaftServerConfigKeys (ConfUtils.java:logGet(46)) - raft.server.log.unsafe-flush.enabled = false (default)
2022-07-12 21:09:16,611 [pool-1276-thread-1] INFO  server.RaftServerConfigKeys (ConfUtils.java:logGet(46)) - raft.server.log.statemachine.data.caching.enabled = true (custom)
2022-07-12 21:09:16,612 [pool-1276-thread-1] INFO  segmented.SegmentedRaftLogWorker (SegmentedRaftLogWorker.java:lambda$new$0(135)) - 372730cf-c512-4d87-8955-2c00451c14e7@group-9015970CFA95-SegmentedRaftLogWorker: flushIndex: setUnconditionally 0 -> -1
2022-07-12 21:09:16,612 [pool-1276-thread-1] INFO  segmented.SegmentedRaftLogWorker (SegmentedRaftLogWorker.java:lambda$new$0(135)) - 372730cf-c512-4d87-8955-2c00451c14e7@group-9015970CFA95-SegmentedRaftLogWorker: safeCacheEvictIndex: setUnconditionally 0 -> -1
2022-07-12 21:09:16,615 [pool-1276-thread-1] INFO  server.RaftServerConfigKeys (ConfUtils.java:logGet(46)) - raft.server.snapshot.auto.trigger.enabled = true (custom)
2022-07-12 21:09:16,616 [pool-1276-thread-1] INFO  server.RaftServerConfigKeys (ConfUtils.java:logGet(46)) - raft.server.snapshot.auto.trigger.threshold = 10000 (custom)
2022-07-12 21:09:16,616 [pool-1276-thread-1] INFO  server.RaftServerConfigKeys (ConfUtils.java:logGet(46)) - raft.server.snapshot.retention.file.num = 5 (custom)
2022-07-12 21:09:16,616 [pool-1276-thread-1] INFO  server.RaftServerConfigKeys (ConfUtils.java:logGet(46)) - raft.server.log.purge.upto.snapshot.index = false (default)
2022-07-12 21:09:16,616 [pool-1276-thread-1] INFO  server.RaftServerConfigKeys (ConfUtils.java:logGet(46)) - raft.server.retrycache.expirytime = 600000ms (custom)
2022-07-12 21:09:16,616 [pool-1276-thread-1] INFO  server.RaftServerConfigKeys (ConfUtils.java:logGet(46)) - raft.server.retrycache.statistics.expirytime = 100μs (default)
2022-07-12 21:09:16,617 [pool-1276-thread-1] INFO  server.RaftServerConfigKeys (ConfUtils.java:logGet(46)) - raft.server.log.appender.install.snapshot.enabled = false (custom)
2022-07-12 21:09:16,618 [pool-1276-thread-1] INFO  server.RaftServerConfigKeys (ConfUtils.java:logGet(46)) - raft.server.threadpool.server.cached = true (default)
2022-07-12 21:09:16,618 [pool-1276-thread-1] INFO  server.RaftServerConfigKeys (ConfUtils.java:logGet(46)) - raft.server.threadpool.server.size = 0 (default)
2022-07-12 21:09:16,618 [pool-1276-thread-1] INFO  server.RaftServerConfigKeys (ConfUtils.java:logGet(46)) - raft.server.threadpool.client.cached = true (default)
2022-07-12 21:09:16,618 [pool-1276-thread-1] INFO  server.RaftServerConfigKeys (ConfUtils.java:logGet(46)) - raft.server.threadpool.client.size = 0 (default)
2022-07-12 21:09:16,618 [pool-1276-thread-1] INFO  server.RaftServer$Division (RaftServerImpl.java:start(310)) - 372730cf-c512-4d87-8955-2c00451c14e7@group-9015970CFA95: start as a follower, conf=-1: [372730cf-c512-4d87-8955-2c00451c14e7|rpc:10.1.0.20:41971|priority:1], old=null
2022-07-12 21:09:16,618 [pool-1276-thread-1] INFO  server.RaftServer$Division (RaftServerImpl.java:setRole(299)) - 372730cf-c512-4d87-8955-2c00451c14e7@group-9015970CFA95: changes role from      null to FOLLOWER at term 0 for startAsFollower
2022-07-12 21:09:16,618 [pool-1276-thread-1] INFO  impl.RoleInfo (RoleInfo.java:updateAndGet(139)) - 372730cf-c512-4d87-8955-2c00451c14e7: start 372730cf-c512-4d87-8955-2c00451c14e7@group-9015970CFA95-FollowerState
2022-07-12 21:09:16,631 [pool-1276-thread-1] INFO  util.JmxRegister (JmxRegister.java:tryRegister(44)) - Successfully registered JMX Bean with object name Ratis:service=RaftServer,group=group-9015970CFA95,id=372730cf-c512-4d87-8955-2c00451c14e7
2022-07-12 21:09:16,647 [Command processor thread] INFO  ratis.XceiverServerRatis (XceiverServerRatis.java:addGroup(765)) - Created group PipelineID=73388072-fdc5-42fa-a9dc-9015970cfa95
2022-07-12 21:09:16,647 [Command processor thread] INFO  commandhandler.CreatePipelineCommandHandler (CreatePipelineCommandHandler.java:handle(113)) - Created Pipeline RATIS ONE PipelineID=73388072-fdc5-42fa-a9dc-9015970cfa95.
2022-07-12 21:09:17,233 [Listener at 127.0.0.1/32899] INFO  ozone.MiniOzoneClusterImpl (MiniOzoneClusterImpl.java:lambda$waitForClusterToBeReady$0(223)) - Nodes are ready. Got 5 of 5 DN Heartbeats.
2022-07-12 21:09:17,234 [Listener at 127.0.0.1/32899] INFO  ozone.MiniOzoneClusterImpl (MiniOzoneClusterImpl.java:lambda$waitForClusterToBeReady$0(226)) - Waiting for cluster to exit safe mode
2022-07-12 21:09:17,234 [Listener at 127.0.0.1/32899] INFO  ozone.MiniOzoneClusterImpl (MiniOzoneClusterImpl.java:lambda$waitForClusterToBeReady$0(228)) - SCM became leader
2022-07-12 21:09:17,683 [024a366d-d9bd-4389-bd26-fa648e81fb63@group-22A019F97B77-FollowerState] INFO  impl.FollowerState (FollowerState.java:run(143)) - 024a366d-d9bd-4389-bd26-fa648e81fb63@group-22A019F97B77-FollowerState: change to CANDIDATE, lastRpcElapsedTime:5025835491ns, electionTimeout:5023ms
2022-07-12 21:09:17,683 [024a366d-d9bd-4389-bd26-fa648e81fb63@group-22A019F97B77-FollowerState] INFO  impl.RoleInfo (RoleInfo.java:shutdownFollowerState(110)) - 024a366d-d9bd-4389-bd26-fa648e81fb63: shutdown 024a366d-d9bd-4389-bd26-fa648e81fb63@group-22A019F97B77-FollowerState
2022-07-12 21:09:17,684 [024a366d-d9bd-4389-bd26-fa648e81fb63@group-22A019F97B77-FollowerState] INFO  server.RaftServer$Division (RaftServerImpl.java:setRole(299)) - 024a366d-d9bd-4389-bd26-fa648e81fb63@group-22A019F97B77: changes role from  FOLLOWER to CANDIDATE at term 0 for changeToCandidate
2022-07-12 21:09:17,684 [024a366d-d9bd-4389-bd26-fa648e81fb63@group-22A019F97B77-FollowerState] INFO  server.RaftServerConfigKeys (ConfUtils.java:logGet(46)) - raft.server.leaderelection.pre-vote = false (custom)
2022-07-12 21:09:17,684 [024a366d-d9bd-4389-bd26-fa648e81fb63@group-22A019F97B77-FollowerState] INFO  impl.RoleInfo (RoleInfo.java:updateAndGet(139)) - 024a366d-d9bd-4389-bd26-fa648e81fb63: start 024a366d-d9bd-4389-bd26-fa648e81fb63@group-22A019F97B77-LeaderElection60
2022-07-12 21:09:17,783 [024a366d-d9bd-4389-bd26-fa648e81fb63@group-22A019F97B77-LeaderElection60] INFO  impl.LeaderElection (LeaderElection.java:askForVotes(310)) - 024a366d-d9bd-4389-bd26-fa648e81fb63@group-22A019F97B77-LeaderElection60 ELECTION round 0: submit vote requests at term 1 for -1: [024a366d-d9bd-4389-bd26-fa648e81fb63|rpc:10.1.0.20:34045|priority:1], old=null
2022-07-12 21:09:17,783 [024a366d-d9bd-4389-bd26-fa648e81fb63@group-22A019F97B77-LeaderElection60] INFO  impl.LeaderElection (LeaderElection.java:askForVotes(312)) - 024a366d-d9bd-4389-bd26-fa648e81fb63@group-22A019F97B77-LeaderElection60 ELECTION round 0: result PASSED (term=1)
2022-07-12 21:09:17,783 [024a366d-d9bd-4389-bd26-fa648e81fb63@group-22A019F97B77-LeaderElection60] INFO  impl.RoleInfo (RoleInfo.java:shutdownLeaderElection(130)) - 024a366d-d9bd-4389-bd26-fa648e81fb63: shutdown 024a366d-d9bd-4389-bd26-fa648e81fb63@group-22A019F97B77-LeaderElection60
2022-07-12 21:09:17,783 [024a366d-d9bd-4389-bd26-fa648e81fb63@group-22A019F97B77-LeaderElection60] INFO  server.RaftServer$Division (RaftServerImpl.java:setRole(299)) - 024a366d-d9bd-4389-bd26-fa648e81fb63@group-22A019F97B77: changes role from CANDIDATE to LEADER at term 1 for changeToLeader
2022-07-12 21:09:17,783 [024a366d-d9bd-4389-bd26-fa648e81fb63@group-22A019F97B77-LeaderElection60] INFO  ratis.XceiverServerRatis (XceiverServerRatis.java:handleLeaderChangedNotification(863)) - Leader change notification received for group: group-22A019F97B77 with new leaderId: 024a366d-d9bd-4389-bd26-fa648e81fb63
2022-07-12 21:09:17,784 [024a366d-d9bd-4389-bd26-fa648e81fb63@group-22A019F97B77-LeaderElection60] INFO  server.RaftServer$Division (ServerState.java:setLeader(287)) - 024a366d-d9bd-4389-bd26-fa648e81fb63@group-22A019F97B77: change Leader from null to 024a366d-d9bd-4389-bd26-fa648e81fb63 at term 1 for becomeLeader, leader elected after 5132ms
2022-07-12 21:09:17,784 [024a366d-d9bd-4389-bd26-fa648e81fb63@group-22A019F97B77-LeaderElection60] INFO  server.RaftServerConfigKeys (ConfUtils.java:logGet(46)) - raft.server.staging.catchup.gap = 1000 (default)
2022-07-12 21:09:17,784 [024a366d-d9bd-4389-bd26-fa648e81fb63@group-22A019F97B77-LeaderElection60] INFO  server.RaftServerConfigKeys (ConfUtils.java:logGet(46)) - raft.server.write.element-limit = 1024 (custom)
2022-07-12 21:09:17,784 [024a366d-d9bd-4389-bd26-fa648e81fb63@group-22A019F97B77-LeaderElection60] INFO  server.RaftServerConfigKeys (ConfUtils.java:logGet(46)) - raft.server.write.byte-limit = 1024 M (=1073741824) (custom)
2022-07-12 21:09:17,784 [024a366d-d9bd-4389-bd26-fa648e81fb63@group-22A019F97B77-LeaderElection60] INFO  server.RaftServerConfigKeys (ConfUtils.java:logGet(46)) - raft.server.watch.timeout = 180s (custom)
2022-07-12 21:09:17,784 [024a366d-d9bd-4389-bd26-fa648e81fb63@group-22A019F97B77-LeaderElection60] INFO  server.RaftServerConfigKeys (ConfUtils.java:logGet(46)) - raft.server.watch.timeout.denomination = 1s (default)
2022-07-12 21:09:17,784 [024a366d-d9bd-4389-bd26-fa648e81fb63@group-22A019F97B77-LeaderElection60] INFO  server.RaftServerConfigKeys (ConfUtils.java:logGet(46)) - raft.server.watch.element-limit = 65536 (default)
2022-07-12 21:09:17,785 [024a366d-d9bd-4389-bd26-fa648e81fb63@group-22A019F97B77-LeaderElection60] INFO  server.RaftServerConfigKeys (ConfUtils.java:logGet(46)) - raft.server.write.element-limit = 1024 (custom)
2022-07-12 21:09:17,785 [024a366d-d9bd-4389-bd26-fa648e81fb63@group-22A019F97B77-LeaderElection60] INFO  server.RaftServerConfigKeys (ConfUtils.java:logGet(46)) - raft.server.write.follower.gap.ratio.max = -1.0 (default)
2022-07-12 21:09:17,785 [024a366d-d9bd-4389-bd26-fa648e81fb63@group-22A019F97B77-LeaderElection60] INFO  impl.RoleInfo (RoleInfo.java:updateAndGet(139)) - 024a366d-d9bd-4389-bd26-fa648e81fb63: start 024a366d-d9bd-4389-bd26-fa648e81fb63@group-22A019F97B77-LeaderStateImpl
2022-07-12 21:09:17,785 [024a366d-d9bd-4389-bd26-fa648e81fb63@group-22A019F97B77-LeaderElection60] INFO  segmented.SegmentedRaftLogWorker (SegmentedRaftLogWorker.java:startLogSegment(425)) - 024a366d-d9bd-4389-bd26-fa648e81fb63@group-22A019F97B77-SegmentedRaftLogWorker: Starting segment from index:0
2022-07-12 21:09:17,793 [024a366d-d9bd-4389-bd26-fa648e81fb63@group-22A019F97B77-SegmentedRaftLogWorker] INFO  segmented.SegmentedRaftLogWorker (SegmentedRaftLogWorker.java:execute(629)) - 024a366d-d9bd-4389-bd26-fa648e81fb63@group-22A019F97B77-SegmentedRaftLogWorker: created new log segment /home/runner/work/ozone/ozone/hadoop-ozone/integration-test/target/test-dir/MiniOzoneClusterImpl-97a7afd9-f57e-4952-bd34-49a096582c21/datanode-2/data/ratis/b4895c06-102b-444c-9a5e-22a019f97b77/current/log_inprogress_0
2022-07-12 21:09:17,795 [EventQueue-OpenPipelineForHealthyPipelineSafeModeRule] INFO  safemode.SCMSafeModeManager (HealthyPipelineSafeModeRule.java:process(124)) - SCM in safe mode. Healthy pipelines reported count is 0, required healthy pipeline reported count is 1
2022-07-12 21:09:17,796 [024a366d-d9bd-4389-bd26-fa648e81fb63@group-22A019F97B77-LeaderElection60] INFO  server.RaftServer$Division (ServerState.java:setRaftConf(393)) - 024a366d-d9bd-4389-bd26-fa648e81fb63@group-22A019F97B77: set configuration 0: [024a366d-d9bd-4389-bd26-fa648e81fb63|rpc:10.1.0.20:34045|dataStream:|priority:1], old=null
2022-07-12 21:09:18,234 [Listener at 127.0.0.1/32899] INFO  ozone.MiniOzoneClusterImpl (MiniOzoneClusterImpl.java:lambda$waitForClusterToBeReady$0(223)) - Nodes are ready. Got 5 of 5 DN Heartbeats.
2022-07-12 21:09:18,234 [Listener at 127.0.0.1/32899] INFO  ozone.MiniOzoneClusterImpl (MiniOzoneClusterImpl.java:lambda$waitForClusterToBeReady$0(226)) - Waiting for cluster to exit safe mode
2022-07-12 21:09:18,234 [Listener at 127.0.0.1/32899] INFO  ozone.MiniOzoneClusterImpl (MiniOzoneClusterImpl.java:lambda$waitForClusterToBeReady$0(228)) - SCM became leader
2022-07-12 21:09:19,235 [Listener at 127.0.0.1/32899] INFO  ozone.MiniOzoneClusterImpl (MiniOzoneClusterImpl.java:lambda$waitForClusterToBeReady$0(223)) - Nodes are ready. Got 5 of 5 DN Heartbeats.
2022-07-12 21:09:19,235 [Listener at 127.0.0.1/32899] INFO  ozone.MiniOzoneClusterImpl (MiniOzoneClusterImpl.java:lambda$waitForClusterToBeReady$0(226)) - Waiting for cluster to exit safe mode
2022-07-12 21:09:19,235 [Listener at 127.0.0.1/32899] INFO  ozone.MiniOzoneClusterImpl (MiniOzoneClusterImpl.java:lambda$waitForClusterToBeReady$0(228)) - SCM became leader
2022-07-12 21:09:19,517 [9c422c08-b59e-40fe-822f-86e01b4532cd@group-5EEC7FB6FB88-FollowerState] INFO  impl.FollowerState (FollowerState.java:run(143)) - 9c422c08-b59e-40fe-822f-86e01b4532cd@group-5EEC7FB6FB88-FollowerState: change to CANDIDATE, lastRpcElapsedTime:5019111374ns, electionTimeout:5017ms
2022-07-12 21:09:19,518 [9c422c08-b59e-40fe-822f-86e01b4532cd@group-5EEC7FB6FB88-FollowerState] INFO  impl.RoleInfo (RoleInfo.java:shutdownFollowerState(110)) - 9c422c08-b59e-40fe-822f-86e01b4532cd: shutdown 9c422c08-b59e-40fe-822f-86e01b4532cd@group-5EEC7FB6FB88-FollowerState
2022-07-12 21:09:19,518 [9c422c08-b59e-40fe-822f-86e01b4532cd@group-5EEC7FB6FB88-FollowerState] INFO  server.RaftServer$Division (RaftServerImpl.java:setRole(299)) - 9c422c08-b59e-40fe-822f-86e01b4532cd@group-5EEC7FB6FB88: changes role from  FOLLOWER to CANDIDATE at term 0 for changeToCandidate
2022-07-12 21:09:19,518 [9c422c08-b59e-40fe-822f-86e01b4532cd@group-5EEC7FB6FB88-FollowerState] INFO  server.RaftServerConfigKeys (ConfUtils.java:logGet(46)) - raft.server.leaderelection.pre-vote = false (custom)
2022-07-12 21:09:19,518 [9c422c08-b59e-40fe-822f-86e01b4532cd@group-5EEC7FB6FB88-FollowerState] INFO  impl.RoleInfo (RoleInfo.java:updateAndGet(139)) - 9c422c08-b59e-40fe-822f-86e01b4532cd: start 9c422c08-b59e-40fe-822f-86e01b4532cd@group-5EEC7FB6FB88-LeaderElection61
2022-07-12 21:09:19,627 [9c422c08-b59e-40fe-822f-86e01b4532cd@group-5EEC7FB6FB88-LeaderElection61] INFO  impl.LeaderElection (LeaderElection.java:askForVotes(310)) - 9c422c08-b59e-40fe-822f-86e01b4532cd@group-5EEC7FB6FB88-LeaderElection61 ELECTION round 0: submit vote requests at term 1 for -1: [9c422c08-b59e-40fe-822f-86e01b4532cd|rpc:10.1.0.20:43985|priority:1], old=null
2022-07-12 21:09:19,627 [9c422c08-b59e-40fe-822f-86e01b4532cd@group-5EEC7FB6FB88-LeaderElection61] INFO  impl.LeaderElection (LeaderElection.java:askForVotes(312)) - 9c422c08-b59e-40fe-822f-86e01b4532cd@group-5EEC7FB6FB88-LeaderElection61 ELECTION round 0: result PASSED (term=1)
2022-07-12 21:09:19,627 [9c422c08-b59e-40fe-822f-86e01b4532cd@group-5EEC7FB6FB88-LeaderElection61] INFO  impl.RoleInfo (RoleInfo.java:shutdownLeaderElection(130)) - 9c422c08-b59e-40fe-822f-86e01b4532cd: shutdown 9c422c08-b59e-40fe-822f-86e01b4532cd@group-5EEC7FB6FB88-LeaderElection61
2022-07-12 21:09:19,627 [9c422c08-b59e-40fe-822f-86e01b4532cd@group-5EEC7FB6FB88-LeaderElection61] INFO  server.RaftServer$Division (RaftServerImpl.java:setRole(299)) - 9c422c08-b59e-40fe-822f-86e01b4532cd@group-5EEC7FB6FB88: changes role from CANDIDATE to LEADER at term 1 for changeToLeader
2022-07-12 21:09:19,627 [9c422c08-b59e-40fe-822f-86e01b4532cd@group-5EEC7FB6FB88-LeaderElection61] INFO  ratis.XceiverServerRatis (XceiverServerRatis.java:handleLeaderChangedNotification(863)) - Leader change notification received for group: group-5EEC7FB6FB88 with new leaderId: 9c422c08-b59e-40fe-822f-86e01b4532cd
2022-07-12 21:09:19,628 [9c422c08-b59e-40fe-822f-86e01b4532cd@group-5EEC7FB6FB88-LeaderElection61] INFO  server.RaftServer$Division (ServerState.java:setLeader(287)) - 9c422c08-b59e-40fe-822f-86e01b4532cd@group-5EEC7FB6FB88: change Leader from null to 9c422c08-b59e-40fe-822f-86e01b4532cd at term 1 for becomeLeader, leader elected after 5147ms
2022-07-12 21:09:19,628 [9c422c08-b59e-40fe-822f-86e01b4532cd@group-5EEC7FB6FB88-LeaderElection61] INFO  server.RaftServerConfigKeys (ConfUtils.java:logGet(46)) - raft.server.staging.catchup.gap = 1000 (default)
2022-07-12 21:09:19,628 [9c422c08-b59e-40fe-822f-86e01b4532cd@group-5EEC7FB6FB88-LeaderElection61] INFO  server.RaftServerConfigKeys (ConfUtils.java:logGet(46)) - raft.server.write.element-limit = 1024 (custom)
2022-07-12 21:09:19,628 [9c422c08-b59e-40fe-822f-86e01b4532cd@group-5EEC7FB6FB88-LeaderElection61] INFO  server.RaftServerConfigKeys (ConfUtils.java:logGet(46)) - raft.server.write.byte-limit = 1024 M (=1073741824) (custom)
2022-07-12 21:09:19,628 [9c422c08-b59e-40fe-822f-86e01b4532cd@group-5EEC7FB6FB88-LeaderElection61] INFO  server.RaftServerConfigKeys (ConfUtils.java:logGet(46)) - raft.server.watch.timeout = 180s (custom)
2022-07-12 21:09:19,628 [9c422c08-b59e-40fe-822f-86e01b4532cd@group-5EEC7FB6FB88-LeaderElection61] INFO  server.RaftServerConfigKeys (ConfUtils.java:logGet(46)) - raft.server.watch.timeout.denomination = 1s (default)
2022-07-12 21:09:19,628 [9c422c08-b59e-40fe-822f-86e01b4532cd@group-5EEC7FB6FB88-LeaderElection61] INFO  server.RaftServerConfigKeys (ConfUtils.java:logGet(46)) - raft.server.watch.element-limit = 65536 (default)
2022-07-12 21:09:19,629 [9c422c08-b59e-40fe-822f-86e01b4532cd@group-5EEC7FB6FB88-LeaderElection61] INFO  server.RaftServerConfigKeys (ConfUtils.java:logGet(46)) - raft.server.write.element-limit = 1024 (custom)
2022-07-12 21:09:19,629 [9c422c08-b59e-40fe-822f-86e01b4532cd@group-5EEC7FB6FB88-LeaderElection61] INFO  server.RaftServerConfigKeys (ConfUtils.java:logGet(46)) - raft.server.write.follower.gap.ratio.max = -1.0 (default)
2022-07-12 21:09:19,629 [9c422c08-b59e-40fe-822f-86e01b4532cd@group-5EEC7FB6FB88-LeaderElection61] INFO  impl.RoleInfo (RoleInfo.java:updateAndGet(139)) - 9c422c08-b59e-40fe-822f-86e01b4532cd: start 9c422c08-b59e-40fe-822f-86e01b4532cd@group-5EEC7FB6FB88-LeaderStateImpl
2022-07-12 21:09:19,629 [9c422c08-b59e-40fe-822f-86e01b4532cd@group-5EEC7FB6FB88-LeaderElection61] INFO  segmented.SegmentedRaftLogWorker (SegmentedRaftLogWorker.java:startLogSegment(425)) - 9c422c08-b59e-40fe-822f-86e01b4532cd@group-5EEC7FB6FB88-SegmentedRaftLogWorker: Starting segment from index:0
2022-07-12 21:09:19,639 [9c422c08-b59e-40fe-822f-86e01b4532cd@group-5EEC7FB6FB88-LeaderElection61] INFO  server.RaftServer$Division (ServerState.java:setRaftConf(393)) - 9c422c08-b59e-40fe-822f-86e01b4532cd@group-5EEC7FB6FB88: set configuration 0: [9c422c08-b59e-40fe-822f-86e01b4532cd|rpc:10.1.0.20:43985|dataStream:|priority:1], old=null
2022-07-12 21:09:19,690 [9c422c08-b59e-40fe-822f-86e01b4532cd@group-5EEC7FB6FB88-SegmentedRaftLogWorker] INFO  segmented.SegmentedRaftLogWorker (SegmentedRaftLogWorker.java:execute(629)) - 9c422c08-b59e-40fe-822f-86e01b4532cd@group-5EEC7FB6FB88-SegmentedRaftLogWorker: created new log segment /home/runner/work/ozone/ozone/hadoop-ozone/integration-test/target/test-dir/MiniOzoneClusterImpl-97a7afd9-f57e-4952-bd34-49a096582c21/datanode-3/data/ratis/36c72b30-d5e8-4d1d-93ae-5eec7fb6fb88/current/log_inprogress_0
2022-07-12 21:09:19,698 [EventQueue-OpenPipelineForHealthyPipelineSafeModeRule] INFO  safemode.SCMSafeModeManager (HealthyPipelineSafeModeRule.java:process(124)) - SCM in safe mode. Healthy pipelines reported count is 0, required healthy pipeline reported count is 1
2022-07-12 21:09:20,236 [Listener at 127.0.0.1/32899] INFO  ozone.MiniOzoneClusterImpl (MiniOzoneClusterImpl.java:lambda$waitForClusterToBeReady$0(223)) - Nodes are ready. Got 5 of 5 DN Heartbeats.
2022-07-12 21:09:20,236 [Listener at 127.0.0.1/32899] INFO  ozone.MiniOzoneClusterImpl (MiniOzoneClusterImpl.java:lambda$waitForClusterToBeReady$0(226)) - Waiting for cluster to exit safe mode
2022-07-12 21:09:20,237 [Listener at 127.0.0.1/32899] INFO  ozone.MiniOzoneClusterImpl (MiniOzoneClusterImpl.java:lambda$waitForClusterToBeReady$0(228)) - SCM became leader
2022-07-12 21:09:20,886 [9ca81a7d-c27a-485e-9d50-743190b649b9@group-E7B5F2DF8633-FollowerState] INFO  impl.FollowerState (FollowerState.java:run(143)) - 9ca81a7d-c27a-485e-9d50-743190b649b9@group-E7B5F2DF8633-FollowerState: change to CANDIDATE, lastRpcElapsedTime:5007622992ns, electionTimeout:5007ms
2022-07-12 21:09:20,887 [9ca81a7d-c27a-485e-9d50-743190b649b9@group-E7B5F2DF8633-FollowerState] INFO  impl.RoleInfo (RoleInfo.java:shutdownFollowerState(110)) - 9ca81a7d-c27a-485e-9d50-743190b649b9: shutdown 9ca81a7d-c27a-485e-9d50-743190b649b9@group-E7B5F2DF8633-FollowerState
2022-07-12 21:09:20,887 [9ca81a7d-c27a-485e-9d50-743190b649b9@group-E7B5F2DF8633-FollowerState] INFO  server.RaftServer$Division (RaftServerImpl.java:setRole(299)) - 9ca81a7d-c27a-485e-9d50-743190b649b9@group-E7B5F2DF8633: changes role from  FOLLOWER to CANDIDATE at term 1 for changeToCandidate
2022-07-12 21:09:20,887 [9ca81a7d-c27a-485e-9d50-743190b649b9@group-E7B5F2DF8633-FollowerState] INFO  server.RaftServerConfigKeys (ConfUtils.java:logGet(46)) - raft.server.leaderelection.pre-vote = false (custom)
2022-07-12 21:09:20,887 [9ca81a7d-c27a-485e-9d50-743190b649b9@group-E7B5F2DF8633-FollowerState] INFO  impl.RoleInfo (RoleInfo.java:updateAndGet(139)) - 9ca81a7d-c27a-485e-9d50-743190b649b9: start 9ca81a7d-c27a-485e-9d50-743190b649b9@group-E7B5F2DF8633-LeaderElection62
2022-07-12 21:09:20,918 [9ca81a7d-c27a-485e-9d50-743190b649b9@group-E7B5F2DF8633-LeaderElection62] INFO  impl.LeaderElection (LeaderElection.java:askForVotes(310)) - 9ca81a7d-c27a-485e-9d50-743190b649b9@group-E7B5F2DF8633-LeaderElection62 ELECTION round 0: submit vote requests at term 2 for -1: [76813abd-30d7-4706-b809-3e10cf795ab1|rpc:10.1.0.20:33965|priority:0, 9ca81a7d-c27a-485e-9d50-743190b649b9|rpc:10.1.0.20:33467|priority:0, 024a366d-d9bd-4389-bd26-fa648e81fb63|rpc:10.1.0.20:34045|priority:1], old=null
2022-07-12 21:09:20,929 [grpc-default-executor-0] INFO  server.RaftServer$Division (RaftServerImpl.java:requestVote(1152)) - 76813abd-30d7-4706-b809-3e10cf795ab1@group-E7B5F2DF8633: receive requestVote(ELECTION, 9ca81a7d-c27a-485e-9d50-743190b649b9, group-E7B5F2DF8633, 2, (t:0, i:0))
2022-07-12 21:09:20,929 [grpc-default-executor-0] INFO  impl.VoteContext (VoteContext.java:log(48)) - 76813abd-30d7-4706-b809-3e10cf795ab1@group-E7B5F2DF8633-FOLLOWER: accept ELECTION from 9ca81a7d-c27a-485e-9d50-743190b649b9: our priority 0 <= candidate's priority 0
2022-07-12 21:09:20,929 [grpc-default-executor-0] INFO  server.RaftServer$Division (RaftServerImpl.java:setRole(299)) - 76813abd-30d7-4706-b809-3e10cf795ab1@group-E7B5F2DF8633: changes role from  FOLLOWER to FOLLOWER at term 2 for candidate:9ca81a7d-c27a-485e-9d50-743190b649b9
2022-07-12 21:09:20,929 [grpc-default-executor-0] INFO  impl.RoleInfo (RoleInfo.java:shutdownFollowerState(110)) - 76813abd-30d7-4706-b809-3e10cf795ab1: shutdown 76813abd-30d7-4706-b809-3e10cf795ab1@group-E7B5F2DF8633-FollowerState
2022-07-12 21:09:20,929 [grpc-default-executor-0] INFO  impl.RoleInfo (RoleInfo.java:updateAndGet(139)) - 76813abd-30d7-4706-b809-3e10cf795ab1: start 76813abd-30d7-4706-b809-3e10cf795ab1@group-E7B5F2DF8633-FollowerState
2022-07-12 21:09:20,930 [76813abd-30d7-4706-b809-3e10cf795ab1@group-E7B5F2DF8633-FollowerState] INFO  impl.FollowerState (FollowerState.java:run(152)) - 76813abd-30d7-4706-b809-3e10cf795ab1@group-E7B5F2DF8633-FollowerState was interrupted
2022-07-12 21:09:20,933 [grpc-default-executor-0] INFO  server.RaftServer$Division (RaftServerImpl.java:requestVote(1184)) - 76813abd-30d7-4706-b809-3e10cf795ab1@group-E7B5F2DF8633 replies to ELECTION vote request: 9ca81a7d-c27a-485e-9d50-743190b649b9<-76813abd-30d7-4706-b809-3e10cf795ab1#0:OK-t2. Peer's state: 76813abd-30d7-4706-b809-3e10cf795ab1@group-E7B5F2DF8633:t2, leader=null, voted=9ca81a7d-c27a-485e-9d50-743190b649b9, raftlog=76813abd-30d7-4706-b809-3e10cf795ab1@group-E7B5F2DF8633-SegmentedRaftLog:OPENED:c-1, conf=-1: [76813abd-30d7-4706-b809-3e10cf795ab1|rpc:10.1.0.20:33965|dataStream:|priority:0, 9ca81a7d-c27a-485e-9d50-743190b649b9|rpc:10.1.0.20:33467|dataStream:|priority:0, 024a366d-d9bd-4389-bd26-fa648e81fb63|rpc:10.1.0.20:34045|dataStream:|priority:1], old=null
2022-07-12 21:09:21,056 [grpc-default-executor-0] INFO  server.RaftServer$Division (RaftServerImpl.java:requestVote(1152)) - 024a366d-d9bd-4389-bd26-fa648e81fb63@group-E7B5F2DF8633: receive requestVote(ELECTION, 9ca81a7d-c27a-485e-9d50-743190b649b9, group-E7B5F2DF8633, 2, (t:0, i:0))
2022-07-12 21:09:21,056 [grpc-default-executor-0] INFO  impl.VoteContext (VoteContext.java:log(48)) - 024a366d-d9bd-4389-bd26-fa648e81fb63@group-E7B5F2DF8633-FOLLOWER: reject ELECTION from 9ca81a7d-c27a-485e-9d50-743190b649b9: our priority 1 > candidate's priority 0
2022-07-12 21:09:21,056 [grpc-default-executor-0] INFO  server.RaftServer$Division (RaftServerImpl.java:setRole(299)) - 024a366d-d9bd-4389-bd26-fa648e81fb63@group-E7B5F2DF8633: changes role from  FOLLOWER to FOLLOWER at term 2 for candidate:9ca81a7d-c27a-485e-9d50-743190b649b9
2022-07-12 21:09:21,056 [grpc-default-executor-0] INFO  impl.RoleInfo (RoleInfo.java:shutdownFollowerState(110)) - 024a366d-d9bd-4389-bd26-fa648e81fb63: shutdown 024a366d-d9bd-4389-bd26-fa648e81fb63@group-E7B5F2DF8633-FollowerState
2022-07-12 21:09:21,056 [grpc-default-executor-0] INFO  impl.RoleInfo (RoleInfo.java:updateAndGet(139)) - 024a366d-d9bd-4389-bd26-fa648e81fb63: start 024a366d-d9bd-4389-bd26-fa648e81fb63@group-E7B5F2DF8633-FollowerState
2022-07-12 21:09:21,056 [024a366d-d9bd-4389-bd26-fa648e81fb63@group-E7B5F2DF8633-FollowerState] INFO  impl.FollowerState (FollowerState.java:run(152)) - 024a366d-d9bd-4389-bd26-fa648e81fb63@group-E7B5F2DF8633-FollowerState was interrupted
2022-07-12 21:09:21,135 [grpc-default-executor-0] INFO  server.RaftServer$Division (RaftServerImpl.java:requestVote(1184)) - 024a366d-d9bd-4389-bd26-fa648e81fb63@group-E7B5F2DF8633 replies to ELECTION vote request: 9ca81a7d-c27a-485e-9d50-743190b649b9<-024a366d-d9bd-4389-bd26-fa648e81fb63#0:FAIL-t2. Peer's state: 024a366d-d9bd-4389-bd26-fa648e81fb63@group-E7B5F2DF8633:t2, leader=null, voted=null, raftlog=024a366d-d9bd-4389-bd26-fa648e81fb63@group-E7B5F2DF8633-SegmentedRaftLog:OPENED:c-1, conf=-1: [76813abd-30d7-4706-b809-3e10cf795ab1|rpc:10.1.0.20:33965|dataStream:|priority:0, 9ca81a7d-c27a-485e-9d50-743190b649b9|rpc:10.1.0.20:33467|dataStream:|priority:0, 024a366d-d9bd-4389-bd26-fa648e81fb63|rpc:10.1.0.20:34045|dataStream:|priority:1], old=null
2022-07-12 21:09:21,143 [9ca81a7d-c27a-485e-9d50-743190b649b9@group-E7B5F2DF8633-LeaderElection62] INFO  impl.LeaderElection (LeaderElection.java:logAndReturn(90)) - 9ca81a7d-c27a-485e-9d50-743190b649b9@group-E7B5F2DF8633-LeaderElection62: ELECTION REJECTED received 2 response(s) and 0 exception(s):
2022-07-12 21:09:21,143 [9ca81a7d-c27a-485e-9d50-743190b649b9@group-E7B5F2DF8633-LeaderElection62] INFO  impl.LeaderElection (LeaderElection.java:logAndReturn(94)) -   Response 0: 9ca81a7d-c27a-485e-9d50-743190b649b9<-76813abd-30d7-4706-b809-3e10cf795ab1#0:OK-t2
2022-07-12 21:09:21,143 [9ca81a7d-c27a-485e-9d50-743190b649b9@group-E7B5F2DF8633-LeaderElection62] INFO  impl.LeaderElection (LeaderElection.java:logAndReturn(94)) -   Response 1: 9ca81a7d-c27a-485e-9d50-743190b649b9<-024a366d-d9bd-4389-bd26-fa648e81fb63#0:FAIL-t2
2022-07-12 21:09:21,143 [9ca81a7d-c27a-485e-9d50-743190b649b9@group-E7B5F2DF8633-LeaderElection62] INFO  impl.LeaderElection (LeaderElection.java:askForVotes(312)) - 9ca81a7d-c27a-485e-9d50-743190b649b9@group-E7B5F2DF8633-LeaderElection62 ELECTION round 0: result REJECTED
2022-07-12 21:09:21,143 [9ca81a7d-c27a-485e-9d50-743190b649b9@group-E7B5F2DF8633-LeaderElection62] INFO  server.RaftServer$Division (RaftServerImpl.java:setRole(299)) - 9ca81a7d-c27a-485e-9d50-743190b649b9@group-E7B5F2DF8633: changes role from CANDIDATE to FOLLOWER at term 2 for REJECTED
2022-07-12 21:09:21,143 [9ca81a7d-c27a-485e-9d50-743190b649b9@group-E7B5F2DF8633-LeaderElection62] INFO  impl.RoleInfo (RoleInfo.java:shutdownLeaderElection(130)) - 9ca81a7d-c27a-485e-9d50-743190b649b9: shutdown 9ca81a7d-c27a-485e-9d50-743190b649b9@group-E7B5F2DF8633-LeaderElection62
2022-07-12 21:09:21,143 [9ca81a7d-c27a-485e-9d50-743190b649b9@group-E7B5F2DF8633-LeaderElection62] INFO  impl.RoleInfo (RoleInfo.java:updateAndGet(139)) - 9ca81a7d-c27a-485e-9d50-743190b649b9: start 9ca81a7d-c27a-485e-9d50-743190b649b9@group-E7B5F2DF8633-FollowerState
2022-07-12 21:09:21,239 [Listener at 127.0.0.1/32899] INFO  ozone.MiniOzoneClusterImpl (MiniOzoneClusterImpl.java:lambda$waitForClusterToBeReady$0(223)) - Nodes are ready. Got 5 of 5 DN Heartbeats.
2022-07-12 21:09:21,240 [Listener at 127.0.0.1/32899] INFO  ozone.MiniOzoneClusterImpl (MiniOzoneClusterImpl.java:lambda$waitForClusterToBeReady$0(226)) - Waiting for cluster to exit safe mode
2022-07-12 21:09:21,240 [Listener at 127.0.0.1/32899] INFO  ozone.MiniOzoneClusterImpl (MiniOzoneClusterImpl.java:lambda$waitForClusterToBeReady$0(228)) - SCM became leader
2022-07-12 21:09:21,442 [76813abd-30d7-4706-b809-3e10cf795ab1@group-C3BB33E871CC-FollowerState] INFO  impl.FollowerState (FollowerState.java:run(143)) - 76813abd-30d7-4706-b809-3e10cf795ab1@group-C3BB33E871CC-FollowerState: change to CANDIDATE, lastRpcElapsedTime:5004670413ns, electionTimeout:5004ms
2022-07-12 21:09:21,442 [76813abd-30d7-4706-b809-3e10cf795ab1@group-C3BB33E871CC-FollowerState] INFO  impl.RoleInfo (RoleInfo.java:shutdownFollowerState(110)) - 76813abd-30d7-4706-b809-3e10cf795ab1: shutdown 76813abd-30d7-4706-b809-3e10cf795ab1@group-C3BB33E871CC-FollowerState
2022-07-12 21:09:21,442 [76813abd-30d7-4706-b809-3e10cf795ab1@group-C3BB33E871CC-FollowerState] INFO  server.RaftServer$Division (RaftServerImpl.java:setRole(299)) - 76813abd-30d7-4706-b809-3e10cf795ab1@group-C3BB33E871CC: changes role from  FOLLOWER to CANDIDATE at term 1 for changeToCandidate
2022-07-12 21:09:21,442 [76813abd-30d7-4706-b809-3e10cf795ab1@group-C3BB33E871CC-FollowerState] INFO  server.RaftServerConfigKeys (ConfUtils.java:logGet(46)) - raft.server.leaderelection.pre-vote = false (custom)
2022-07-12 21:09:21,442 [76813abd-30d7-4706-b809-3e10cf795ab1@group-C3BB33E871CC-FollowerState] INFO  impl.RoleInfo (RoleInfo.java:updateAndGet(139)) - 76813abd-30d7-4706-b809-3e10cf795ab1: start 76813abd-30d7-4706-b809-3e10cf795ab1@group-C3BB33E871CC-LeaderElection63
2022-07-12 21:09:21,475 [9ca81a7d-c27a-485e-9d50-743190b649b9@group-C3BB33E871CC-FollowerState] INFO  impl.FollowerState (FollowerState.java:run(143)) - 9ca81a7d-c27a-485e-9d50-743190b649b9@group-C3BB33E871CC-FollowerState: change to CANDIDATE, lastRpcElapsedTime:5035447375ns, electionTimeout:5021ms
2022-07-12 21:09:21,476 [9ca81a7d-c27a-485e-9d50-743190b649b9@group-C3BB33E871CC-FollowerState] INFO  impl.RoleInfo (RoleInfo.java:shutdownFollowerState(110)) - 9ca81a7d-c27a-485e-9d50-743190b649b9: shutdown 9ca81a7d-c27a-485e-9d50-743190b649b9@group-C3BB33E871CC-FollowerState
2022-07-12 21:09:21,476 [9ca81a7d-c27a-485e-9d50-743190b649b9@group-C3BB33E871CC-FollowerState] INFO  server.RaftServer$Division (RaftServerImpl.java:setRole(299)) - 9ca81a7d-c27a-485e-9d50-743190b649b9@group-C3BB33E871CC: changes role from  FOLLOWER to CANDIDATE at term 1 for changeToCandidate
2022-07-12 21:09:21,476 [9ca81a7d-c27a-485e-9d50-743190b649b9@group-C3BB33E871CC-FollowerState] INFO  server.RaftServerConfigKeys (ConfUtils.java:logGet(46)) - raft.server.leaderelection.pre-vote = false (custom)
2022-07-12 21:09:21,476 [9ca81a7d-c27a-485e-9d50-743190b649b9@group-C3BB33E871CC-FollowerState] INFO  impl.RoleInfo (RoleInfo.java:updateAndGet(139)) - 9ca81a7d-c27a-485e-9d50-743190b649b9: start 9ca81a7d-c27a-485e-9d50-743190b649b9@group-C3BB33E871CC-LeaderElection64
2022-07-12 21:09:21,529 [76813abd-30d7-4706-b809-3e10cf795ab1@group-C3BB33E871CC-LeaderElection63] INFO  impl.LeaderElection (LeaderElection.java:askForVotes(310)) - 76813abd-30d7-4706-b809-3e10cf795ab1@group-C3BB33E871CC-LeaderElection63 ELECTION round 0: submit vote requests at term 2 for -1: [76813abd-30d7-4706-b809-3e10cf795ab1|rpc:10.1.0.20:33965|dataStream:|priority:1, 9ca81a7d-c27a-485e-9d50-743190b649b9|rpc:10.1.0.20:33467|dataStream:|priority:0, 024a366d-d9bd-4389-bd26-fa648e81fb63|rpc:10.1.0.20:34045|dataStream:|priority:0], old=null
2022-07-12 21:09:21,539 [9ca81a7d-c27a-485e-9d50-743190b649b9@group-C3BB33E871CC-LeaderElection64] INFO  impl.LeaderElection (LeaderElection.java:askForVotes(310)) - 9ca81a7d-c27a-485e-9d50-743190b649b9@group-C3BB33E871CC-LeaderElection64 ELECTION round 0: submit vote requests at term 2 for -1: [76813abd-30d7-4706-b809-3e10cf795ab1|rpc:10.1.0.20:33965|priority:1, 9ca81a7d-c27a-485e-9d50-743190b649b9|rpc:10.1.0.20:33467|priority:0, 024a366d-d9bd-4389-bd26-fa648e81fb63|rpc:10.1.0.20:34045|priority:0], old=null
2022-07-12 21:09:21,539 [grpc-default-executor-0] INFO  server.RaftServer$Division (RaftServerImpl.java:requestVote(1152)) - 9ca81a7d-c27a-485e-9d50-743190b649b9@group-C3BB33E871CC: receive requestVote(ELECTION, 76813abd-30d7-4706-b809-3e10cf795ab1, group-C3BB33E871CC, 2, (t:0, i:0))
2022-07-12 21:09:21,539 [grpc-default-executor-0] INFO  impl.VoteContext (VoteContext.java:log(48)) - 9ca81a7d-c27a-485e-9d50-743190b649b9@group-C3BB33E871CC-CANDIDATE: reject ELECTION from 76813abd-30d7-4706-b809-3e10cf795ab1: already has voted for 9ca81a7d-c27a-485e-9d50-743190b649b9 at current term 2
2022-07-12 21:09:21,539 [grpc-default-executor-0] INFO  server.RaftServer$Division (RaftServerImpl.java:requestVote(1184)) - 9ca81a7d-c27a-485e-9d50-743190b649b9@group-C3BB33E871CC replies to ELECTION vote request: 76813abd-30d7-4706-b809-3e10cf795ab1<-9ca81a7d-c27a-485e-9d50-743190b649b9#0:FAIL-t2. Peer's state: 9ca81a7d-c27a-485e-9d50-743190b649b9@group-C3BB33E871CC:t2, leader=null, voted=9ca81a7d-c27a-485e-9d50-743190b649b9, raftlog=9ca81a7d-c27a-485e-9d50-743190b649b9@group-C3BB33E871CC-SegmentedRaftLog:OPENED:c-1, conf=-1: [76813abd-30d7-4706-b809-3e10cf795ab1|rpc:10.1.0.20:33965|priority:1, 9ca81a7d-c27a-485e-9d50-743190b649b9|rpc:10.1.0.20:33467|priority:0, 024a366d-d9bd-4389-bd26-fa648e81fb63|rpc:10.1.0.20:34045|priority:0], old=null
2022-07-12 21:09:21,581 [grpc-default-executor-0] INFO  server.RaftServer$Division (RaftServerImpl.java:requestVote(1152)) - 76813abd-30d7-4706-b809-3e10cf795ab1@group-C3BB33E871CC: receive requestVote(ELECTION, 9ca81a7d-c27a-485e-9d50-743190b649b9, group-C3BB33E871CC, 2, (t:0, i:0))
2022-07-12 21:09:21,581 [grpc-default-executor-0] INFO  impl.VoteContext (VoteContext.java:log(48)) - 76813abd-30d7-4706-b809-3e10cf795ab1@group-C3BB33E871CC-CANDIDATE: reject ELECTION from 9ca81a7d-c27a-485e-9d50-743190b649b9: already has voted for 76813abd-30d7-4706-b809-3e10cf795ab1 at current term 2
2022-07-12 21:09:21,581 [grpc-default-executor-0] INFO  server.RaftServer$Division (RaftServerImpl.java:requestVote(1184)) - 76813abd-30d7-4706-b809-3e10cf795ab1@group-C3BB33E871CC replies to ELECTION vote request: 9ca81a7d-c27a-485e-9d50-743190b649b9<-76813abd-30d7-4706-b809-3e10cf795ab1#0:FAIL-t2. Peer's state: 76813abd-30d7-4706-b809-3e10cf795ab1@group-C3BB33E871CC:t2, leader=null, voted=76813abd-30d7-4706-b809-3e10cf795ab1, raftlog=76813abd-30d7-4706-b809-3e10cf795ab1@group-C3BB33E871CC-SegmentedRaftLog:OPENED:c-1, conf=-1: [76813abd-30d7-4706-b809-3e10cf795ab1|rpc:10.1.0.20:33965|dataStream:|priority:1, 9ca81a7d-c27a-485e-9d50-743190b649b9|rpc:10.1.0.20:33467|dataStream:|priority:0, 024a366d-d9bd-4389-bd26-fa648e81fb63|rpc:10.1.0.20:34045|dataStream:|priority:0], old=null
2022-07-12 21:09:21,617 [9ca81a7d-c27a-485e-9d50-743190b649b9@group-C3BB33E871CC-LeaderElection64] INFO  impl.LeaderElection (LeaderElection.java:logAndReturn(90)) - 9ca81a7d-c27a-485e-9d50-743190b649b9@group-C3BB33E871CC-LeaderElection64: ELECTION REJECTED received 1 response(s) and 0 exception(s):
2022-07-12 21:09:21,617 [9ca81a7d-c27a-485e-9d50-743190b649b9@group-C3BB33E871CC-LeaderElection64] INFO  impl.LeaderElection (LeaderElection.java:logAndReturn(94)) -   Response 0: 9ca81a7d-c27a-485e-9d50-743190b649b9<-76813abd-30d7-4706-b809-3e10cf795ab1#0:FAIL-t2
2022-07-12 21:09:21,617 [9ca81a7d-c27a-485e-9d50-743190b649b9@group-C3BB33E871CC-LeaderElection64] INFO  impl.LeaderElection (LeaderElection.java:askForVotes(312)) - 9ca81a7d-c27a-485e-9d50-743190b649b9@group-C3BB33E871CC-LeaderElection64 ELECTION round 0: result REJECTED
2022-07-12 21:09:21,617 [9ca81a7d-c27a-485e-9d50-743190b649b9@group-C3BB33E871CC-LeaderElection64] INFO  server.RaftServer$Division (RaftServerImpl.java:setRole(299)) - 9ca81a7d-c27a-485e-9d50-743190b649b9@group-C3BB33E871CC: changes role from CANDIDATE to FOLLOWER at term 2 for REJECTED
2022-07-12 21:09:21,617 [9ca81a7d-c27a-485e-9d50-743190b649b9@group-C3BB33E871CC-LeaderElection64] INFO  impl.RoleInfo (RoleInfo.java:shutdownLeaderElection(130)) - 9ca81a7d-c27a-485e-9d50-743190b649b9: shutdown 9ca81a7d-c27a-485e-9d50-743190b649b9@group-C3BB33E871CC-LeaderElection64
2022-07-12 21:09:21,617 [9ca81a7d-c27a-485e-9d50-743190b649b9@group-C3BB33E871CC-LeaderElection64] INFO  impl.RoleInfo (RoleInfo.java:updateAndGet(139)) - 9ca81a7d-c27a-485e-9d50-743190b649b9: start 9ca81a7d-c27a-485e-9d50-743190b649b9@group-C3BB33E871CC-FollowerState
2022-07-12 21:09:21,626 [grpc-default-executor-1] INFO  server.RaftServer$Division (RaftServerImpl.java:requestVote(1152)) - 024a366d-d9bd-4389-bd26-fa648e81fb63@group-C3BB33E871CC: receive requestVote(ELECTION, 76813abd-30d7-4706-b809-3e10cf795ab1, group-C3BB33E871CC, 2, (t:0, i:0))
2022-07-12 21:09:21,626 [grpc-default-executor-0] INFO  server.RaftServer$Division (RaftServerImpl.java:requestVote(1152)) - 024a366d-d9bd-4389-bd26-fa648e81fb63@group-C3BB33E871CC: receive requestVote(ELECTION, 9ca81a7d-c27a-485e-9d50-743190b649b9, group-C3BB33E871CC, 2, (t:0, i:0))
2022-07-12 21:09:21,626 [grpc-default-executor-0] INFO  impl.VoteContext (VoteContext.java:log(48)) - 024a366d-d9bd-4389-bd26-fa648e81fb63@group-C3BB33E871CC-FOLLOWER: accept ELECTION from 9ca81a7d-c27a-485e-9d50-743190b649b9: our priority 0 <= candidate's priority 0
2022-07-12 21:09:21,627 [grpc-default-executor-0] INFO  server.RaftServer$Division (RaftServerImpl.java:setRole(299)) - 024a366d-d9bd-4389-bd26-fa648e81fb63@group-C3BB33E871CC: changes role from  FOLLOWER to FOLLOWER at term 2 for candidate:9ca81a7d-c27a-485e-9d50-743190b649b9
2022-07-12 21:09:21,627 [grpc-default-executor-0] INFO  impl.RoleInfo (RoleInfo.java:shutdownFollowerState(110)) - 024a366d-d9bd-4389-bd26-fa648e81fb63: shutdown 024a366d-d9bd-4389-bd26-fa648e81fb63@group-C3BB33E871CC-FollowerState
2022-07-12 21:09:21,627 [grpc-default-executor-0] INFO  impl.RoleInfo (RoleInfo.java:updateAndGet(139)) - 024a366d-d9bd-4389-bd26-fa648e81fb63: start 024a366d-d9bd-4389-bd26-fa648e81fb63@group-C3BB33E871CC-FollowerState
2022-07-12 21:09:21,627 [024a366d-d9bd-4389-bd26-fa648e81fb63@group-C3BB33E871CC-FollowerState] INFO  impl.FollowerState (FollowerState.java:run(152)) - 024a366d-d9bd-4389-bd26-fa648e81fb63@group-C3BB33E871CC-FollowerState was interrupted
2022-07-12 21:09:21,633 [grpc-default-executor-0] INFO  server.RaftServer$Division (RaftServerImpl.java:requestVote(1184)) - 024a366d-d9bd-4389-bd26-fa648e81fb63@group-C3BB33E871CC replies to ELECTION vote request: 9ca81a7d-c27a-485e-9d50-743190b649b9<-024a366d-d9bd-4389-bd26-fa648e81fb63#0:OK-t2. Peer's state: 024a366d-d9bd-4389-bd26-fa648e81fb63@group-C3BB33E871CC:t2, leader=null, voted=9ca81a7d-c27a-485e-9d50-743190b649b9, raftlog=024a366d-d9bd-4389-bd26-fa648e81fb63@group-C3BB33E871CC-SegmentedRaftLog:OPENED:c-1, conf=-1: [76813abd-30d7-4706-b809-3e10cf795ab1|rpc:10.1.0.20:33965|dataStream:|priority:1, 9ca81a7d-c27a-485e-9d50-743190b649b9|rpc:10.1.0.20:33467|dataStream:|priority:0, 024a366d-d9bd-4389-bd26-fa648e81fb63|rpc:10.1.0.20:34045|dataStream:|priority:0], old=null
2022-07-12 21:09:21,670 [grpc-default-executor-1] INFO  impl.VoteContext (VoteContext.java:log(48)) - 024a366d-d9bd-4389-bd26-fa648e81fb63@group-C3BB33E871CC-FOLLOWER: reject ELECTION from 76813abd-30d7-4706-b809-3e10cf795ab1: already has voted for 9ca81a7d-c27a-485e-9d50-743190b649b9 at current term 2
2022-07-12 21:09:21,670 [grpc-default-executor-1] INFO  server.RaftServer$Division (RaftServerImpl.java:requestVote(1184)) - 024a366d-d9bd-4389-bd26-fa648e81fb63@group-C3BB33E871CC replies to ELECTION vote request: 76813abd-30d7-4706-b809-3e10cf795ab1<-024a366d-d9bd-4389-bd26-fa648e81fb63#0:FAIL-t2. Peer's state: 024a366d-d9bd-4389-bd26-fa648e81fb63@group-C3BB33E871CC:t2, leader=null, voted=9ca81a7d-c27a-485e-9d50-743190b649b9, raftlog=024a366d-d9bd-4389-bd26-fa648e81fb63@group-C3BB33E871CC-SegmentedRaftLog:OPENED:c-1, conf=-1: [76813abd-30d7-4706-b809-3e10cf795ab1|rpc:10.1.0.20:33965|dataStream:|priority:1, 9ca81a7d-c27a-485e-9d50-743190b649b9|rpc:10.1.0.20:33467|dataStream:|priority:0, 024a366d-d9bd-4389-bd26-fa648e81fb63|rpc:10.1.0.20:34045|dataStream:|priority:0], old=null
2022-07-12 21:09:21,671 [76813abd-30d7-4706-b809-3e10cf795ab1@group-C3BB33E871CC-LeaderElection63] INFO  impl.LeaderElection (LeaderElection.java:logAndReturn(90)) - 76813abd-30d7-4706-b809-3e10cf795ab1@group-C3BB33E871CC-LeaderElection63: ELECTION REJECTED received 2 response(s) and 0 exception(s):
2022-07-12 21:09:21,671 [76813abd-30d7-4706-b809-3e10cf795ab1@group-C3BB33E871CC-LeaderElection63] INFO  impl.LeaderElection (LeaderElection.java:logAndReturn(94)) -   Response 0: 76813abd-30d7-4706-b809-3e10cf795ab1<-9ca81a7d-c27a-485e-9d50-743190b649b9#0:FAIL-t2
2022-07-12 21:09:21,671 [76813abd-30d7-4706-b809-3e10cf795ab1@group-C3BB33E871CC-LeaderElection63] INFO  impl.LeaderElection (LeaderElection.java:logAndReturn(94)) -   Response 1: 76813abd-30d7-4706-b809-3e10cf795ab1<-024a366d-d9bd-4389-bd26-fa648e81fb63#0:FAIL-t2
2022-07-12 21:09:21,671 [76813abd-30d7-4706-b809-3e10cf795ab1@group-C3BB33E871CC-LeaderElection63] INFO  impl.LeaderElection (LeaderElection.java:askForVotes(312)) - 76813abd-30d7-4706-b809-3e10cf795ab1@group-C3BB33E871CC-LeaderElection63 ELECTION round 0: result REJECTED
2022-07-12 21:09:21,671 [76813abd-30d7-4706-b809-3e10cf795ab1@group-C3BB33E871CC-LeaderElection63] INFO  server.RaftServer$Division (RaftServerImpl.java:setRole(299)) - 76813abd-30d7-4706-b809-3e10cf795ab1@group-C3BB33E871CC: changes role from CANDIDATE to FOLLOWER at term 2 for REJECTED
2022-07-12 21:09:21,671 [76813abd-30d7-4706-b809-3e10cf795ab1@group-C3BB33E871CC-LeaderElection63] INFO  impl.RoleInfo (RoleInfo.java:shutdownLeaderElection(130)) - 76813abd-30d7-4706-b809-3e10cf795ab1: shutdown 76813abd-30d7-4706-b809-3e10cf795ab1@group-C3BB33E871CC-LeaderElection63
2022-07-12 21:09:21,671 [76813abd-30d7-4706-b809-3e10cf795ab1@group-C3BB33E871CC-LeaderElection63] INFO  impl.RoleInfo (RoleInfo.java:updateAndGet(139)) - 76813abd-30d7-4706-b809-3e10cf795ab1: start 76813abd-30d7-4706-b809-3e10cf795ab1@group-C3BB33E871CC-FollowerState
2022-07-12 21:09:21,708 [372730cf-c512-4d87-8955-2c00451c14e7@group-9015970CFA95-FollowerState] INFO  impl.FollowerState (FollowerState.java:run(143)) - 372730cf-c512-4d87-8955-2c00451c14e7@group-9015970CFA95-FollowerState: change to CANDIDATE, lastRpcElapsedTime:5089827885ns, electionTimeout:5076ms
2022-07-12 21:09:21,708 [372730cf-c512-4d87-8955-2c00451c14e7@group-9015970CFA95-FollowerState] INFO  impl.RoleInfo (RoleInfo.java:shutdownFollowerState(110)) - 372730cf-c512-4d87-8955-2c00451c14e7: shutdown 372730cf-c512-4d87-8955-2c00451c14e7@group-9015970CFA95-FollowerState
2022-07-12 21:09:21,708 [372730cf-c512-4d87-8955-2c00451c14e7@group-9015970CFA95-FollowerState] INFO  server.RaftServer$Division (RaftServerImpl.java:setRole(299)) - 372730cf-c512-4d87-8955-2c00451c14e7@group-9015970CFA95: changes role from  FOLLOWER to CANDIDATE at term 0 for changeToCandidate
2022-07-12 21:09:21,708 [372730cf-c512-4d87-8955-2c00451c14e7@group-9015970CFA95-FollowerState] INFO  server.RaftServerConfigKeys (ConfUtils.java:logGet(46)) - raft.server.leaderelection.pre-vote = false (custom)
2022-07-12 21:09:21,708 [372730cf-c512-4d87-8955-2c00451c14e7@group-9015970CFA95-FollowerState] INFO  impl.RoleInfo (RoleInfo.java:updateAndGet(139)) - 372730cf-c512-4d87-8955-2c00451c14e7: start 372730cf-c512-4d87-8955-2c00451c14e7@group-9015970CFA95-LeaderElection65
2022-07-12 21:09:21,727 [372730cf-c512-4d87-8955-2c00451c14e7@group-9015970CFA95-LeaderElection65] INFO  impl.LeaderElection (LeaderElection.java:askForVotes(310)) - 372730cf-c512-4d87-8955-2c00451c14e7@group-9015970CFA95-LeaderElection65 ELECTION round 0: submit vote requests at term 1 for -1: [372730cf-c512-4d87-8955-2c00451c14e7|rpc:10.1.0.20:41971|priority:1], old=null
2022-07-12 21:09:21,727 [372730cf-c512-4d87-8955-2c00451c14e7@group-9015970CFA95-LeaderElection65] INFO  impl.LeaderElection (LeaderElection.java:askForVotes(312)) - 372730cf-c512-4d87-8955-2c00451c14e7@group-9015970CFA95-LeaderElection65 ELECTION round 0: result PASSED (term=1)
2022-07-12 21:09:21,727 [372730cf-c512-4d87-8955-2c00451c14e7@group-9015970CFA95-LeaderElection65] INFO  impl.RoleInfo (RoleInfo.java:shutdownLeaderElection(130)) - 372730cf-c512-4d87-8955-2c00451c14e7: shutdown 372730cf-c512-4d87-8955-2c00451c14e7@group-9015970CFA95-LeaderElection65
2022-07-12 21:09:21,727 [372730cf-c512-4d87-8955-2c00451c14e7@group-9015970CFA95-LeaderElection65] INFO  server.RaftServer$Division (RaftServerImpl.java:setRole(299)) - 372730cf-c512-4d87-8955-2c00451c14e7@group-9015970CFA95: changes role from CANDIDATE to LEADER at term 1 for changeToLeader
2022-07-12 21:09:21,727 [372730cf-c512-4d87-8955-2c00451c14e7@group-9015970CFA95-LeaderElection65] INFO  ratis.XceiverServerRatis (XceiverServerRatis.java:handleLeaderChangedNotification(863)) - Leader change notification received for group: group-9015970CFA95 with new leaderId: 372730cf-c512-4d87-8955-2c00451c14e7
2022-07-12 21:09:21,728 [372730cf-c512-4d87-8955-2c00451c14e7@group-9015970CFA95-LeaderElection65] INFO  server.RaftServer$Division (ServerState.java:setLeader(287)) - 372730cf-c512-4d87-8955-2c00451c14e7@group-9015970CFA95: change Leader from null to 372730cf-c512-4d87-8955-2c00451c14e7 at term 1 for becomeLeader, leader elected after 5123ms
2022-07-12 21:09:21,728 [372730cf-c512-4d87-8955-2c00451c14e7@group-9015970CFA95-LeaderElection65] INFO  server.RaftServerConfigKeys (ConfUtils.java:logGet(46)) - raft.server.staging.catchup.gap = 1000 (default)
2022-07-12 21:09:21,728 [372730cf-c512-4d87-8955-2c00451c14e7@group-9015970CFA95-LeaderElection65] INFO  server.RaftServerConfigKeys (ConfUtils.java:logGet(46)) - raft.server.write.element-limit = 1024 (custom)
2022-07-12 21:09:21,728 [372730cf-c512-4d87-8955-2c00451c14e7@group-9015970CFA95-LeaderElection65] INFO  server.RaftServerConfigKeys (ConfUtils.java:logGet(46)) - raft.server.write.byte-limit = 1024 M (=1073741824) (custom)
2022-07-12 21:09:21,728 [EventQueue-OpenPipelineForHealthyPipelineSafeModeRule] INFO  safemode.SCMSafeModeManager (HealthyPipelineSafeModeRule.java:process(124)) - SCM in safe mode. Healthy pipelines reported count is 0, required healthy pipeline reported count is 1
2022-07-12 21:09:21,736 [372730cf-c512-4d87-8955-2c00451c14e7@group-9015970CFA95-LeaderElection65] INFO  server.RaftServerConfigKeys (ConfUtils.java:logGet(46)) - raft.server.watch.timeout = 180s (custom)
2022-07-12 21:09:21,736 [372730cf-c512-4d87-8955-2c00451c14e7@group-9015970CFA95-LeaderElection65] INFO  server.RaftServerConfigKeys (ConfUtils.java:logGet(46)) - raft.server.watch.timeout.denomination = 1s (default)
2022-07-12 21:09:21,736 [372730cf-c512-4d87-8955-2c00451c14e7@group-9015970CFA95-LeaderElection65] INFO  server.RaftServerConfigKeys (ConfUtils.java:logGet(46)) - raft.server.watch.element-limit = 65536 (default)
2022-07-12 21:09:21,736 [372730cf-c512-4d87-8955-2c00451c14e7@group-9015970CFA95-LeaderElection65] INFO  server.RaftServerConfigKeys (ConfUtils.java:logGet(46)) - raft.server.write.element-limit = 1024 (custom)
2022-07-12 21:09:21,736 [372730cf-c512-4d87-8955-2c00451c14e7@group-9015970CFA95-LeaderElection65] INFO  server.RaftServerConfigKeys (ConfUtils.java:logGet(46)) - raft.server.write.follower.gap.ratio.max = -1.0 (default)
2022-07-12 21:09:21,736 [372730cf-c512-4d87-8955-2c00451c14e7@group-9015970CFA95-LeaderElection65] INFO  impl.RoleInfo (RoleInfo.java:updateAndGet(139)) - 372730cf-c512-4d87-8955-2c00451c14e7: start 372730cf-c512-4d87-8955-2c00451c14e7@group-9015970CFA95-LeaderStateImpl
2022-07-12 21:09:21,736 [372730cf-c512-4d87-8955-2c00451c14e7@group-9015970CFA95-LeaderElection65] INFO  segmented.SegmentedRaftLogWorker (SegmentedRaftLogWorker.java:startLogSegment(425)) - 372730cf-c512-4d87-8955-2c00451c14e7@group-9015970CFA95-SegmentedRaftLogWorker: Starting segment from index:0
2022-07-12 21:09:21,755 [372730cf-c512-4d87-8955-2c00451c14e7@group-9015970CFA95-LeaderElection65] INFO  server.RaftServer$Division (ServerState.java:setRaftConf(393)) - 372730cf-c512-4d87-8955-2c00451c14e7@group-9015970CFA95: set configuration 0: [372730cf-c512-4d87-8955-2c00451c14e7|rpc:10.1.0.20:41971|dataStream:|priority:1], old=null
2022-07-12 21:09:21,756 [372730cf-c512-4d87-8955-2c00451c14e7@group-9015970CFA95-SegmentedRaftLogWorker] INFO  segmented.SegmentedRaftLogWorker (SegmentedRaftLogWorker.java:execute(629)) - 372730cf-c512-4d87-8955-2c00451c14e7@group-9015970CFA95-SegmentedRaftLogWorker: created new log segment /home/runner/work/ozone/ozone/hadoop-ozone/integration-test/target/test-dir/MiniOzoneClusterImpl-97a7afd9-f57e-4952-bd34-49a096582c21/datanode-4/data/ratis/73388072-fdc5-42fa-a9dc-9015970cfa95/current/log_inprogress_0
2022-07-12 21:09:22,240 [Listener at 127.0.0.1/32899] INFO  ozone.MiniOzoneClusterImpl (MiniOzoneClusterImpl.java:lambda$waitForClusterToBeReady$0(223)) - Nodes are ready. Got 5 of 5 DN Heartbeats.
2022-07-12 21:09:22,240 [Listener at 127.0.0.1/32899] INFO  ozone.MiniOzoneClusterImpl (MiniOzoneClusterImpl.java:lambda$waitForClusterToBeReady$0(226)) - Waiting for cluster to exit safe mode
2022-07-12 21:09:22,240 [Listener at 127.0.0.1/32899] INFO  ozone.MiniOzoneClusterImpl (MiniOzoneClusterImpl.java:lambda$waitForClusterToBeReady$0(228)) - SCM became leader
2022-07-12 21:09:23,240 [Listener at 127.0.0.1/32899] INFO  ozone.MiniOzoneClusterImpl (MiniOzoneClusterImpl.java:lambda$waitForClusterToBeReady$0(223)) - Nodes are ready. Got 5 of 5 DN Heartbeats.
2022-07-12 21:09:23,241 [Listener at 127.0.0.1/32899] INFO  ozone.MiniOzoneClusterImpl (MiniOzoneClusterImpl.java:lambda$waitForClusterToBeReady$0(226)) - Waiting for cluster to exit safe mode
2022-07-12 21:09:23,241 [Listener at 127.0.0.1/32899] INFO  ozone.MiniOzoneClusterImpl (MiniOzoneClusterImpl.java:lambda$waitForClusterToBeReady$0(228)) - SCM became leader
2022-07-12 21:09:24,241 [Listener at 127.0.0.1/32899] INFO  ozone.MiniOzoneClusterImpl (MiniOzoneClusterImpl.java:lambda$waitForClusterToBeReady$0(223)) - Nodes are ready. Got 5 of 5 DN Heartbeats.
2022-07-12 21:09:24,241 [Listener at 127.0.0.1/32899] INFO  ozone.MiniOzoneClusterImpl (MiniOzoneClusterImpl.java:lambda$waitForClusterToBeReady$0(226)) - Waiting for cluster to exit safe mode
2022-07-12 21:09:24,241 [Listener at 127.0.0.1/32899] INFO  ozone.MiniOzoneClusterImpl (MiniOzoneClusterImpl.java:lambda$waitForClusterToBeReady$0(228)) - SCM became leader
2022-07-12 21:09:25,242 [Listener at 127.0.0.1/32899] INFO  ozone.MiniOzoneClusterImpl (MiniOzoneClusterImpl.java:lambda$waitForClusterToBeReady$0(223)) - Nodes are ready. Got 5 of 5 DN Heartbeats.
2022-07-12 21:09:25,242 [Listener at 127.0.0.1/32899] INFO  ozone.MiniOzoneClusterImpl (MiniOzoneClusterImpl.java:lambda$waitForClusterToBeReady$0(226)) - Waiting for cluster to exit safe mode
2022-07-12 21:09:25,242 [Listener at 127.0.0.1/32899] INFO  ozone.MiniOzoneClusterImpl (MiniOzoneClusterImpl.java:lambda$waitForClusterToBeReady$0(228)) - SCM became leader
2022-07-12 21:09:26,170 [024a366d-d9bd-4389-bd26-fa648e81fb63@group-E7B5F2DF8633-FollowerState] INFO  impl.FollowerState (FollowerState.java:run(143)) - 024a366d-d9bd-4389-bd26-fa648e81fb63@group-E7B5F2DF8633-FollowerState: change to CANDIDATE, lastRpcElapsedTime:5113296948ns, electionTimeout:5024ms
2022-07-12 21:09:26,170 [024a366d-d9bd-4389-bd26-fa648e81fb63@group-E7B5F2DF8633-FollowerState] INFO  impl.RoleInfo (RoleInfo.java:shutdownFollowerState(110)) - 024a366d-d9bd-4389-bd26-fa648e81fb63: shutdown 024a366d-d9bd-4389-bd26-fa648e81fb63@group-E7B5F2DF8633-FollowerState
2022-07-12 21:09:26,170 [024a366d-d9bd-4389-bd26-fa648e81fb63@group-E7B5F2DF8633-FollowerState] INFO  server.RaftServer$Division (RaftServerImpl.java:setRole(299)) - 024a366d-d9bd-4389-bd26-fa648e81fb63@group-E7B5F2DF8633: changes role from  FOLLOWER to CANDIDATE at term 2 for changeToCandidate
2022-07-12 21:09:26,170 [024a366d-d9bd-4389-bd26-fa648e81fb63@group-E7B5F2DF8633-FollowerState] INFO  server.RaftServerConfigKeys (ConfUtils.java:logGet(46)) - raft.server.leaderelection.pre-vote = false (custom)
2022-07-12 21:09:26,170 [024a366d-d9bd-4389-bd26-fa648e81fb63@group-E7B5F2DF8633-FollowerState] INFO  impl.RoleInfo (RoleInfo.java:updateAndGet(139)) - 024a366d-d9bd-4389-bd26-fa648e81fb63: start 024a366d-d9bd-4389-bd26-fa648e81fb63@group-E7B5F2DF8633-LeaderElection66
2022-07-12 21:09:26,217 [024a366d-d9bd-4389-bd26-fa648e81fb63@group-E7B5F2DF8633-LeaderElection66] INFO  impl.LeaderElection (LeaderElection.java:askForVotes(310)) - 024a366d-d9bd-4389-bd26-fa648e81fb63@group-E7B5F2DF8633-LeaderElection66 ELECTION round 0: submit vote requests at term 3 for -1: [76813abd-30d7-4706-b809-3e10cf795ab1|rpc:10.1.0.20:33965|dataStream:|priority:0, 9ca81a7d-c27a-485e-9d50-743190b649b9|rpc:10.1.0.20:33467|dataStream:|priority:0, 024a366d-d9bd-4389-bd26-fa648e81fb63|rpc:10.1.0.20:34045|dataStream:|priority:1], old=null
2022-07-12 21:09:26,242 [Listener at 127.0.0.1/32899] INFO  ozone.MiniOzoneClusterImpl (MiniOzoneClusterImpl.java:lambda$waitForClusterToBeReady$0(223)) - Nodes are ready. Got 5 of 5 DN Heartbeats.
2022-07-12 21:09:26,242 [Listener at 127.0.0.1/32899] INFO  ozone.MiniOzoneClusterImpl (MiniOzoneClusterImpl.java:lambda$waitForClusterToBeReady$0(226)) - Waiting for cluster to exit safe mode
2022-07-12 21:09:26,242 [Listener at 127.0.0.1/32899] INFO  ozone.MiniOzoneClusterImpl (MiniOzoneClusterImpl.java:lambda$waitForClusterToBeReady$0(228)) - SCM became leader
2022-07-12 21:09:26,287 [grpc-default-executor-1] INFO  server.RaftServer$Division (RaftServerImpl.java:requestVote(1152)) - 76813abd-30d7-4706-b809-3e10cf795ab1@group-E7B5F2DF8633: receive requestVote(ELECTION, 024a366d-d9bd-4389-bd26-fa648e81fb63, group-E7B5F2DF8633, 3, (t:0, i:0))
2022-07-12 21:09:26,288 [grpc-default-executor-1] INFO  impl.VoteContext (VoteContext.java:log(48)) - 76813abd-30d7-4706-b809-3e10cf795ab1@group-E7B5F2DF8633-FOLLOWER: accept ELECTION from 024a366d-d9bd-4389-bd26-fa648e81fb63: our priority 0 <= candidate's priority 1
2022-07-12 21:09:26,288 [grpc-default-executor-1] INFO  server.RaftServer$Division (RaftServerImpl.java:setRole(299)) - 76813abd-30d7-4706-b809-3e10cf795ab1@group-E7B5F2DF8633: changes role from  FOLLOWER to FOLLOWER at term 3 for candidate:024a366d-d9bd-4389-bd26-fa648e81fb63
2022-07-12 21:09:26,288 [grpc-default-executor-1] INFO  impl.RoleInfo (RoleInfo.java:shutdownFollowerState(110)) - 76813abd-30d7-4706-b809-3e10cf795ab1: shutdown 76813abd-30d7-4706-b809-3e10cf795ab1@group-E7B5F2DF8633-FollowerState
2022-07-12 21:09:26,288 [grpc-default-executor-1] INFO  impl.RoleInfo (RoleInfo.java:updateAndGet(139)) - 76813abd-30d7-4706-b809-3e10cf795ab1: start 76813abd-30d7-4706-b809-3e10cf795ab1@group-E7B5F2DF8633-FollowerState
2022-07-12 21:09:26,288 [76813abd-30d7-4706-b809-3e10cf795ab1@group-E7B5F2DF8633-FollowerState] INFO  impl.FollowerState (FollowerState.java:run(152)) - 76813abd-30d7-4706-b809-3e10cf795ab1@group-E7B5F2DF8633-FollowerState was interrupted
2022-07-12 21:09:26,298 [grpc-default-executor-1] INFO  server.RaftServer$Division (RaftServerImpl.java:requestVote(1184)) - 76813abd-30d7-4706-b809-3e10cf795ab1@group-E7B5F2DF8633 replies to ELECTION vote request: 024a366d-d9bd-4389-bd26-fa648e81fb63<-76813abd-30d7-4706-b809-3e10cf795ab1#0:OK-t3. Peer's state: 76813abd-30d7-4706-b809-3e10cf795ab1@group-E7B5F2DF8633:t3, leader=null, voted=024a366d-d9bd-4389-bd26-fa648e81fb63, raftlog=76813abd-30d7-4706-b809-3e10cf795ab1@group-E7B5F2DF8633-SegmentedRaftLog:OPENED:c-1, conf=-1: [76813abd-30d7-4706-b809-3e10cf795ab1|rpc:10.1.0.20:33965|dataStream:|priority:0, 9ca81a7d-c27a-485e-9d50-743190b649b9|rpc:10.1.0.20:33467|dataStream:|priority:0, 024a366d-d9bd-4389-bd26-fa648e81fb63|rpc:10.1.0.20:34045|dataStream:|priority:1], old=null
2022-07-12 21:09:26,339 [9ca81a7d-c27a-485e-9d50-743190b649b9@group-E7B5F2DF8633-FollowerState] INFO  impl.FollowerState (FollowerState.java:run(143)) - 9ca81a7d-c27a-485e-9d50-743190b649b9@group-E7B5F2DF8633-FollowerState: change to CANDIDATE, lastRpcElapsedTime:5196167089ns, electionTimeout:5121ms
2022-07-12 21:09:26,339 [9ca81a7d-c27a-485e-9d50-743190b649b9@group-E7B5F2DF8633-FollowerState] INFO  impl.RoleInfo (RoleInfo.java:shutdownFollowerState(110)) - 9ca81a7d-c27a-485e-9d50-743190b649b9: shutdown 9ca81a7d-c27a-485e-9d50-743190b649b9@group-E7B5F2DF8633-FollowerState
2022-07-12 21:09:26,340 [9ca81a7d-c27a-485e-9d50-743190b649b9@group-E7B5F2DF8633-FollowerState] INFO  server.RaftServer$Division (RaftServerImpl.java:setRole(299)) - 9ca81a7d-c27a-485e-9d50-743190b649b9@group-E7B5F2DF8633: changes role from  FOLLOWER to CANDIDATE at term 2 for changeToCandidate
2022-07-12 21:09:26,340 [9ca81a7d-c27a-485e-9d50-743190b649b9@group-E7B5F2DF8633-FollowerState] INFO  server.RaftServerConfigKeys (ConfUtils.java:logGet(46)) - raft.server.leaderelection.pre-vote = false (custom)
2022-07-12 21:09:26,340 [9ca81a7d-c27a-485e-9d50-743190b649b9@group-E7B5F2DF8633-FollowerState] INFO  impl.RoleInfo (RoleInfo.java:updateAndGet(139)) - 9ca81a7d-c27a-485e-9d50-743190b649b9: start 9ca81a7d-c27a-485e-9d50-743190b649b9@group-E7B5F2DF8633-LeaderElection67
2022-07-12 21:09:26,359 [024a366d-d9bd-4389-bd26-fa648e81fb63@group-E7B5F2DF8633-LeaderElection66] INFO  impl.LeaderElection (LeaderElection.java:logAndReturn(90)) - 024a366d-d9bd-4389-bd26-fa648e81fb63@group-E7B5F2DF8633-LeaderElection66: ELECTION PASSED received 1 response(s) and 0 exception(s):
2022-07-12 21:09:26,360 [024a366d-d9bd-4389-bd26-fa648e81fb63@group-E7B5F2DF8633-LeaderElection66] INFO  impl.LeaderElection (LeaderElection.java:logAndReturn(94)) -   Response 0: 024a366d-d9bd-4389-bd26-fa648e81fb63<-76813abd-30d7-4706-b809-3e10cf795ab1#0:OK-t3
2022-07-12 21:09:26,360 [024a366d-d9bd-4389-bd26-fa648e81fb63@group-E7B5F2DF8633-LeaderElection66] INFO  impl.LeaderElection (LeaderElection.java:askForVotes(312)) - 024a366d-d9bd-4389-bd26-fa648e81fb63@group-E7B5F2DF8633-LeaderElection66 ELECTION round 0: result PASSED
2022-07-12 21:09:26,360 [024a366d-d9bd-4389-bd26-fa648e81fb63@group-E7B5F2DF8633-LeaderElection66] INFO  impl.RoleInfo (RoleInfo.java:shutdownLeaderElection(130)) - 024a366d-d9bd-4389-bd26-fa648e81fb63: shutdown 024a366d-d9bd-4389-bd26-fa648e81fb63@group-E7B5F2DF8633-LeaderElection66
2022-07-12 21:09:26,360 [024a366d-d9bd-4389-bd26-fa648e81fb63@group-E7B5F2DF8633-LeaderElection66] INFO  server.RaftServer$Division (RaftServerImpl.java:setRole(299)) - 024a366d-d9bd-4389-bd26-fa648e81fb63@group-E7B5F2DF8633: changes role from CANDIDATE to LEADER at term 3 for changeToLeader
2022-07-12 21:09:26,360 [024a366d-d9bd-4389-bd26-fa648e81fb63@group-E7B5F2DF8633-LeaderElection66] INFO  ratis.XceiverServerRatis (XceiverServerRatis.java:handleLeaderChangedNotification(863)) - Leader change notification received for group: group-E7B5F2DF8633 with new leaderId: 024a366d-d9bd-4389-bd26-fa648e81fb63
2022-07-12 21:09:26,360 [024a366d-d9bd-4389-bd26-fa648e81fb63@group-E7B5F2DF8633-LeaderElection66] INFO  server.RaftServer$Division (ServerState.java:setLeader(287)) - 024a366d-d9bd-4389-bd26-fa648e81fb63@group-E7B5F2DF8633: change Leader from null to 024a366d-d9bd-4389-bd26-fa648e81fb63 at term 3 for becomeLeader, leader elected after 15403ms
2022-07-12 21:09:26,360 [024a366d-d9bd-4389-bd26-fa648e81fb63@group-E7B5F2DF8633-LeaderElection66] INFO  server.RaftServerConfigKeys (ConfUtils.java:logGet(46)) - raft.server.staging.catchup.gap = 1000 (default)
2022-07-12 21:09:26,360 [024a366d-d9bd-4389-bd26-fa648e81fb63@group-E7B5F2DF8633-LeaderElection66] INFO  server.RaftServerConfigKeys (ConfUtils.java:logGet(46)) - raft.server.write.element-limit = 1024 (custom)
2022-07-12 21:09:26,360 [024a366d-d9bd-4389-bd26-fa648e81fb63@group-E7B5F2DF8633-LeaderElection66] INFO  server.RaftServerConfigKeys (ConfUtils.java:logGet(46)) - raft.server.write.byte-limit = 1024 M (=1073741824) (custom)
2022-07-12 21:09:26,361 [024a366d-d9bd-4389-bd26-fa648e81fb63@group-E7B5F2DF8633-LeaderElection66] INFO  server.RaftServerConfigKeys (ConfUtils.java:logGet(46)) - raft.server.watch.timeout = 180s (custom)
2022-07-12 21:09:26,361 [024a366d-d9bd-4389-bd26-fa648e81fb63@group-E7B5F2DF8633-LeaderElection66] INFO  server.RaftServerConfigKeys (ConfUtils.java:logGet(46)) - raft.server.watch.timeout.denomination = 1s (default)
2022-07-12 21:09:26,361 [024a366d-d9bd-4389-bd26-fa648e81fb63@group-E7B5F2DF8633-LeaderElection66] INFO  server.RaftServerConfigKeys (ConfUtils.java:logGet(46)) - raft.server.watch.element-limit = 65536 (default)
2022-07-12 21:09:26,361 [024a366d-d9bd-4389-bd26-fa648e81fb63@group-E7B5F2DF8633-LeaderElection66] INFO  server.RaftServerConfigKeys (ConfUtils.java:logGet(46)) - raft.server.write.element-limit = 1024 (custom)
2022-07-12 21:09:26,361 [024a366d-d9bd-4389-bd26-fa648e81fb63@group-E7B5F2DF8633-LeaderElection66] INFO  server.RaftServerConfigKeys (ConfUtils.java:logGet(46)) - raft.server.write.follower.gap.ratio.max = -1.0 (default)
2022-07-12 21:09:26,362 [024a366d-d9bd-4389-bd26-fa648e81fb63@group-E7B5F2DF8633-LeaderElection66] INFO  server.RaftServerConfigKeys (ConfUtils.java:logGet(46)) - raft.server.log.appender.snapshot.chunk.size.max = 16MB (=16777216) (default)
2022-07-12 21:09:26,362 [024a366d-d9bd-4389-bd26-fa648e81fb63@group-E7B5F2DF8633-LeaderElection66] INFO  server.RaftServerConfigKeys (ConfUtils.java:logGet(46)) - raft.server.log.appender.buffer.byte-limit = 33554432 (custom)
2022-07-12 21:09:26,362 [024a366d-d9bd-4389-bd26-fa648e81fb63@group-E7B5F2DF8633-LeaderElection66] INFO  server.RaftServerConfigKeys (ConfUtils.java:logGet(46)) - raft.server.log.appender.buffer.element-limit = 1 (custom)
2022-07-12 21:09:26,362 [024a366d-d9bd-4389-bd26-fa648e81fb63@group-E7B5F2DF8633-LeaderElection66] INFO  grpc.GrpcConfigKeys (ConfUtils.java:logGet(46)) - raft.grpc.server.leader.outstanding.appends.max = 128 (default)
2022-07-12 21:09:26,362 [024a366d-d9bd-4389-bd26-fa648e81fb63@group-E7B5F2DF8633-LeaderElection66] INFO  server.RaftServerConfigKeys (ConfUtils.java:logGet(46)) - raft.server.rpc.request.timeout = 60s (custom)
2022-07-12 21:09:26,362 [024a366d-d9bd-4389-bd26-fa648e81fb63@group-E7B5F2DF8633-LeaderElection66] INFO  server.RaftServerConfigKeys (ConfUtils.java:logGet(46)) - raft.server.log.appender.install.snapshot.enabled = false (custom)
2022-07-12 21:09:26,379 [EventQueue-PipelineReportForPipelineReportHandler] INFO  pipeline.PipelineManagerImpl (PipelineManagerImpl.java:openPipeline(359)) - Pipeline Pipeline[ Id: 25c658f3-57eb-4001-9afd-e7b5f2df8633, Nodes: 76813abd-30d7-4706-b809-3e10cf795ab1{ip: 10.1.0.20, host: fv-az452-57.ku3lqr0aiaqu5kfj3xdpchcrvd.dx.internal.cloudapp.net, ports: [REPLICATION=34833, RATIS=33965, RATIS_ADMIN=33965, RATIS_SERVER=33965, STANDALONE=45257], networkLocation: /default-rack, certSerialId: null, persistedOpState: IN_SERVICE, persistedOpStateExpiryEpochSec: 0}024a366d-d9bd-4389-bd26-fa648e81fb63{ip: 10.1.0.20, host: fv-az452-57.ku3lqr0aiaqu5kfj3xdpchcrvd.dx.internal.cloudapp.net, ports: [REPLICATION=44895, RATIS=34045, RATIS_ADMIN=34045, RATIS_SERVER=34045, STANDALONE=44955], networkLocation: /default-rack, certSerialId: null, persistedOpState: IN_SERVICE, persistedOpStateExpiryEpochSec: 0}9ca81a7d-c27a-485e-9d50-743190b649b9{ip: 10.1.0.20, host: fv-az452-57.ku3lqr0aiaqu5kfj3xdpchcrvd.dx.internal.cloudapp.net, ports: [REPLICATION=33171, RATIS=33467, RATIS_ADMIN=33467, RATIS_SERVER=33467, STANDALONE=33945], networkLocation: /default-rack, certSerialId: null, persistedOpState: IN_SERVICE, persistedOpStateExpiryEpochSec: 0}, ReplicationConfig: RATIS/THREE, State:ALLOCATED, leaderId:024a366d-d9bd-4389-bd26-fa648e81fb63, CreationTimestamp2022-07-12T21:09:09.658Z[Etc/UTC]] moved to OPEN state
2022-07-12 21:09:26,381 [EventQueue-OpenPipelineForHealthyPipelineSafeModeRule] INFO  safemode.SCMSafeModeManager (HealthyPipelineSafeModeRule.java:process(124)) - SCM in safe mode. Healthy pipelines reported count is 0, required healthy pipeline reported count is 1
2022-07-12 21:09:26,381 [EventQueue-OpenPipelineForHealthyPipelineSafeModeRule] INFO  safemode.SCMSafeModeManager (HealthyPipelineSafeModeRule.java:process(124)) - SCM in safe mode. Healthy pipelines reported count is 1, required healthy pipeline reported count is 1
2022-07-12 21:09:26,381 [EventQueue-OpenPipelineForHealthyPipelineSafeModeRule] INFO  safemode.SCMSafeModeManager (SCMSafeModeManager.java:validateSafeModeExitRules(204)) - HealthyPipelineSafeModeRule rule is successfully validated
2022-07-12 21:09:26,381 [EventQueue-OpenPipelineForHealthyPipelineSafeModeRule] INFO  safemode.SCMSafeModeManager (SCMSafeModeManager.java:validateSafeModeExitRules(219)) - ScmSafeModeManager, all rules are successfully validated
2022-07-12 21:09:26,381 [EventQueue-OpenPipelineForHealthyPipelineSafeModeRule] INFO  safemode.SCMSafeModeManager (SCMSafeModeManager.java:exitSafeMode(248)) - SCM exiting safe mode.
2022-07-12 21:09:26,381 [EventQueue-OpenPipelineForHealthyPipelineSafeModeRule] WARN  events.EventQueue (EventQueue.java:fireEvent(216)) - No event handler registered for event TypedEvent{payloadType=SafeModeStatus, name='Safe mode status'}
2022-07-12 21:09:26,381 [EventQueue-OpenPipelineForHealthyPipelineSafeModeRule] INFO  ha.SCMContext (SCMContext.java:updateSafeModeStatus(228)) - Update SafeModeStatus from SafeModeStatus{safeModeStatus=true, preCheckPassed=true} to SafeModeStatus{safeModeStatus=false, preCheckPassed=true}.
2022-07-12 21:09:26,381 [EventQueue-OpenPipelineForHealthyPipelineSafeModeRule] INFO  pipeline.BackgroundPipelineCreator (BackgroundPipelineCreator.java:notifyStatusChanged(253)) - Service BackgroundPipelineCreator transitions to RUNNING.
2022-07-12 21:09:26,381 [EventQueue-OpenPipelineForHealthyPipelineSafeModeRule] INFO  BackgroundPipelineScrubber (BackgroundSCMService.java:notifyStatusChanged(82)) - Service BackgroundPipelineScrubber transitions to RUNNING.
2022-07-12 21:09:26,381 [EventQueue-OpenPipelineForHealthyPipelineSafeModeRule] INFO  ExpiredContainerReplicaOpScrubber (BackgroundSCMService.java:notifyStatusChanged(82)) - Service ExpiredContainerReplicaOpScrubber transitions to RUNNING.
2022-07-12 21:09:26,381 [EventQueue-OpenPipelineForHealthyPipelineSafeModeRule] INFO  replication.ReplicationManager (ReplicationManager.java:notifyStatusChanged(495)) - Service ReplicationManager transitions to RUNNING.
2022-07-12 21:09:26,381 [EventQueue-OpenPipelineForHealthyPipelineSafeModeRule] WARN  balancer.ContainerBalancer (ContainerBalancer.java:shouldRun(894)) - Could not find persisted configuration for ContainerBalancer when checking if ContainerBalancer should run. ContainerBalancer should not run now.
2022-07-12 21:09:26,424 [024a366d-d9bd-4389-bd26-fa648e81fb63@group-E7B5F2DF8633-LeaderElection66] INFO  server.RaftServerConfigKeys (ConfUtils.java:logGet(46)) - raft.server.log.appender.snapshot.chunk.size.max = 16MB (=16777216) (default)
2022-07-12 21:09:26,424 [024a366d-d9bd-4389-bd26-fa648e81fb63@group-E7B5F2DF8633-LeaderElection66] INFO  server.RaftServerConfigKeys (ConfUtils.java:logGet(46)) - raft.server.log.appender.buffer.byte-limit = 33554432 (custom)
2022-07-12 21:09:26,424 [024a366d-d9bd-4389-bd26-fa648e81fb63@group-E7B5F2DF8633-LeaderElection66] INFO  server.RaftServerConfigKeys (ConfUtils.java:logGet(46)) - raft.server.log.appender.buffer.element-limit = 1 (custom)
2022-07-12 21:09:26,424 [024a366d-d9bd-4389-bd26-fa648e81fb63@group-E7B5F2DF8633-LeaderElection66] INFO  grpc.GrpcConfigKeys (ConfUtils.java:logGet(46)) - raft.grpc.server.leader.outstanding.appends.max = 128 (default)
2022-07-12 21:09:26,424 [024a366d-d9bd-4389-bd26-fa648e81fb63@group-E7B5F2DF8633-LeaderElection66] INFO  server.RaftServerConfigKeys (ConfUtils.java:logGet(46)) - raft.server.rpc.request.timeout = 60s (custom)
2022-07-12 21:09:26,424 [024a366d-d9bd-4389-bd26-fa648e81fb63@group-E7B5F2DF8633-LeaderElection66] INFO  server.RaftServerConfigKeys (ConfUtils.java:logGet(46)) - raft.server.log.appender.install.snapshot.enabled = false (custom)
2022-07-12 21:09:26,425 [024a366d-d9bd-4389-bd26-fa648e81fb63@group-E7B5F2DF8633-LeaderElection66] INFO  impl.RoleInfo (RoleInfo.java:updateAndGet(139)) - 024a366d-d9bd-4389-bd26-fa648e81fb63: start 024a366d-d9bd-4389-bd26-fa648e81fb63@group-E7B5F2DF8633-LeaderStateImpl
2022-07-12 21:09:26,425 [024a366d-d9bd-4389-bd26-fa648e81fb63@group-E7B5F2DF8633-LeaderElection66] INFO  segmented.SegmentedRaftLogWorker (SegmentedRaftLogWorker.java:startLogSegment(425)) - 024a366d-d9bd-4389-bd26-fa648e81fb63@group-E7B5F2DF8633-SegmentedRaftLogWorker: Starting segment from index:0
2022-07-12 21:09:26,425 [9ca81a7d-c27a-485e-9d50-743190b649b9@group-E7B5F2DF8633-LeaderElection67] INFO  impl.LeaderElection (LeaderElection.java:askForVotes(310)) - 9ca81a7d-c27a-485e-9d50-743190b649b9@group-E7B5F2DF8633-LeaderElection67 ELECTION round 0: submit vote requests at term 3 for -1: [76813abd-30d7-4706-b809-3e10cf795ab1|rpc:10.1.0.20:33965|priority:0, 9ca81a7d-c27a-485e-9d50-743190b649b9|rpc:10.1.0.20:33467|priority:0, 024a366d-d9bd-4389-bd26-fa648e81fb63|rpc:10.1.0.20:34045|priority:1], old=null
2022-07-12 21:09:26,429 [024a366d-d9bd-4389-bd26-fa648e81fb63@group-E7B5F2DF8633-SegmentedRaftLogWorker] INFO  segmented.SegmentedRaftLogWorker (SegmentedRaftLogWorker.java:execute(629)) - 024a366d-d9bd-4389-bd26-fa648e81fb63@group-E7B5F2DF8633-SegmentedRaftLogWorker: created new log segment /home/runner/work/ozone/ozone/hadoop-ozone/integration-test/target/test-dir/MiniOzoneClusterImpl-97a7afd9-f57e-4952-bd34-49a096582c21/datanode-2/data/ratis/25c658f3-57eb-4001-9afd-e7b5f2df8633/current/log_inprogress_0
2022-07-12 21:09:26,442 [grpc-default-executor-1] INFO  server.RaftServer$Division (RaftServerImpl.java:requestVote(1152)) - 9ca81a7d-c27a-485e-9d50-743190b649b9@group-E7B5F2DF8633: receive requestVote(ELECTION, 024a366d-d9bd-4389-bd26-fa648e81fb63, group-E7B5F2DF8633, 3, (t:0, i:0))
2022-07-12 21:09:26,442 [grpc-default-executor-1] INFO  impl.VoteContext (VoteContext.java:log(48)) - 9ca81a7d-c27a-485e-9d50-743190b649b9@group-E7B5F2DF8633-CANDIDATE: reject ELECTION from 024a366d-d9bd-4389-bd26-fa648e81fb63: already has voted for 9ca81a7d-c27a-485e-9d50-743190b649b9 at current term 3
2022-07-12 21:09:26,442 [grpc-default-executor-1] INFO  server.RaftServer$Division (RaftServerImpl.java:requestVote(1184)) - 9ca81a7d-c27a-485e-9d50-743190b649b9@group-E7B5F2DF8633 replies to ELECTION vote request: 024a366d-d9bd-4389-bd26-fa648e81fb63<-9ca81a7d-c27a-485e-9d50-743190b649b9#0:FAIL-t3. Peer's state: 9ca81a7d-c27a-485e-9d50-743190b649b9@group-E7B5F2DF8633:t3, leader=null, voted=9ca81a7d-c27a-485e-9d50-743190b649b9, raftlog=9ca81a7d-c27a-485e-9d50-743190b649b9@group-E7B5F2DF8633-SegmentedRaftLog:OPENED:c-1, conf=-1: [76813abd-30d7-4706-b809-3e10cf795ab1|rpc:10.1.0.20:33965|priority:0, 9ca81a7d-c27a-485e-9d50-743190b649b9|rpc:10.1.0.20:33467|priority:0, 024a366d-d9bd-4389-bd26-fa648e81fb63|rpc:10.1.0.20:34045|priority:1], old=null
2022-07-12 21:09:26,506 [024a366d-d9bd-4389-bd26-fa648e81fb63@group-E7B5F2DF8633-LeaderElection66] INFO  server.RaftServer$Division (ServerState.java:setRaftConf(393)) - 024a366d-d9bd-4389-bd26-fa648e81fb63@group-E7B5F2DF8633: set configuration 0: [76813abd-30d7-4706-b809-3e10cf795ab1|rpc:10.1.0.20:33965|dataStream:|priority:0, 9ca81a7d-c27a-485e-9d50-743190b649b9|rpc:10.1.0.20:33467|dataStream:|priority:0, 024a366d-d9bd-4389-bd26-fa648e81fb63|rpc:10.1.0.20:34045|dataStream:|priority:1], old=null
2022-07-12 21:09:26,551 [grpc-default-executor-1] INFO  server.RaftServer$Division (RaftServerImpl.java:requestVote(1152)) - 76813abd-30d7-4706-b809-3e10cf795ab1@group-E7B5F2DF8633: receive requestVote(ELECTION, 9ca81a7d-c27a-485e-9d50-743190b649b9, group-E7B5F2DF8633, 3, (t:0, i:0))
2022-07-12 21:09:26,552 [grpc-default-executor-1] INFO  impl.VoteContext (VoteContext.java:log(48)) - 76813abd-30d7-4706-b809-3e10cf795ab1@group-E7B5F2DF8633-FOLLOWER: reject ELECTION from 9ca81a7d-c27a-485e-9d50-743190b649b9: already has voted for 024a366d-d9bd-4389-bd26-fa648e81fb63 at current term 3
2022-07-12 21:09:26,552 [grpc-default-executor-1] INFO  server.RaftServer$Division (RaftServerImpl.java:requestVote(1184)) - 76813abd-30d7-4706-b809-3e10cf795ab1@group-E7B5F2DF8633 replies to ELECTION vote request: 9ca81a7d-c27a-485e-9d50-743190b649b9<-76813abd-30d7-4706-b809-3e10cf795ab1#0:FAIL-t3. Peer's state: 76813abd-30d7-4706-b809-3e10cf795ab1@group-E7B5F2DF8633:t3, leader=null, voted=024a366d-d9bd-4389-bd26-fa648e81fb63, raftlog=76813abd-30d7-4706-b809-3e10cf795ab1@group-E7B5F2DF8633-SegmentedRaftLog:OPENED:c-1, conf=-1: [76813abd-30d7-4706-b809-3e10cf795ab1|rpc:10.1.0.20:33965|dataStream:|priority:0, 9ca81a7d-c27a-485e-9d50-743190b649b9|rpc:10.1.0.20:33467|dataStream:|priority:0, 024a366d-d9bd-4389-bd26-fa648e81fb63|rpc:10.1.0.20:34045|dataStream:|priority:1], old=null
2022-07-12 21:09:26,552 [grpc-default-executor-0] INFO  server.RaftServer$Division (RaftServerImpl.java:requestVote(1152)) - 024a366d-d9bd-4389-bd26-fa648e81fb63@group-E7B5F2DF8633: receive requestVote(ELECTION, 9ca81a7d-c27a-485e-9d50-743190b649b9, group-E7B5F2DF8633, 3, (t:0, i:0))
2022-07-12 21:09:26,552 [grpc-default-executor-0] INFO  impl.VoteContext (VoteContext.java:log(48)) - 024a366d-d9bd-4389-bd26-fa648e81fb63@group-E7B5F2DF8633-LEADER: reject ELECTION from 9ca81a7d-c27a-485e-9d50-743190b649b9: already has voted for 024a366d-d9bd-4389-bd26-fa648e81fb63 at current term 3
2022-07-12 21:09:26,553 [grpc-default-executor-0] INFO  server.RaftServer$Division (RaftServerImpl.java:requestVote(1184)) - 024a366d-d9bd-4389-bd26-fa648e81fb63@group-E7B5F2DF8633 replies to ELECTION vote request: 9ca81a7d-c27a-485e-9d50-743190b649b9<-024a366d-d9bd-4389-bd26-fa648e81fb63#0:FAIL-t3. Peer's state: 024a366d-d9bd-4389-bd26-fa648e81fb63@group-E7B5F2DF8633:t3, leader=024a366d-d9bd-4389-bd26-fa648e81fb63, voted=024a366d-d9bd-4389-bd26-fa648e81fb63, raftlog=024a366d-d9bd-4389-bd26-fa648e81fb63@group-E7B5F2DF8633-SegmentedRaftLog:OPENED:c0, conf=0: [76813abd-30d7-4706-b809-3e10cf795ab1|rpc:10.1.0.20:33965|dataStream:|priority:0, 9ca81a7d-c27a-485e-9d50-743190b649b9|rpc:10.1.0.20:33467|dataStream:|priority:0, 024a366d-d9bd-4389-bd26-fa648e81fb63|rpc:10.1.0.20:34045|dataStream:|priority:1], old=null
2022-07-12 21:09:26,555 [9ca81a7d-c27a-485e-9d50-743190b649b9@group-E7B5F2DF8633-LeaderElection67] INFO  impl.LeaderElection (LeaderElection.java:logAndReturn(90)) - 9ca81a7d-c27a-485e-9d50-743190b649b9@group-E7B5F2DF8633-LeaderElection67: ELECTION REJECTED received 1 response(s) and 0 exception(s):
2022-07-12 21:09:26,555 [9ca81a7d-c27a-485e-9d50-743190b649b9@group-E7B5F2DF8633-LeaderElection67] INFO  impl.LeaderElection (LeaderElection.java:logAndReturn(94)) -   Response 0: 9ca81a7d-c27a-485e-9d50-743190b649b9<-024a366d-d9bd-4389-bd26-fa648e81fb63#0:FAIL-t3
2022-07-12 21:09:26,555 [9ca81a7d-c27a-485e-9d50-743190b649b9@group-E7B5F2DF8633-LeaderElection67] INFO  impl.LeaderElection (LeaderElection.java:askForVotes(312)) - 9ca81a7d-c27a-485e-9d50-743190b649b9@group-E7B5F2DF8633-LeaderElection67 ELECTION round 0: result REJECTED
2022-07-12 21:09:26,555 [9ca81a7d-c27a-485e-9d50-743190b649b9@group-E7B5F2DF8633-LeaderElection67] INFO  server.RaftServer$Division (RaftServerImpl.java:setRole(299)) - 9ca81a7d-c27a-485e-9d50-743190b649b9@group-E7B5F2DF8633: changes role from CANDIDATE to FOLLOWER at term 3 for REJECTED
2022-07-12 21:09:26,556 [9ca81a7d-c27a-485e-9d50-743190b649b9@group-E7B5F2DF8633-LeaderElection67] INFO  impl.RoleInfo (RoleInfo.java:shutdownLeaderElection(130)) - 9ca81a7d-c27a-485e-9d50-743190b649b9: shutdown 9ca81a7d-c27a-485e-9d50-743190b649b9@group-E7B5F2DF8633-LeaderElection67
2022-07-12 21:09:26,556 [9ca81a7d-c27a-485e-9d50-743190b649b9@group-E7B5F2DF8633-LeaderElection67] INFO  impl.RoleInfo (RoleInfo.java:updateAndGet(139)) - 9ca81a7d-c27a-485e-9d50-743190b649b9: start 9ca81a7d-c27a-485e-9d50-743190b649b9@group-E7B5F2DF8633-FollowerState
2022-07-12 21:09:26,561 [9ca81a7d-c27a-485e-9d50-743190b649b9-server-thread1] INFO  ratis.XceiverServerRatis (XceiverServerRatis.java:handleLeaderChangedNotification(863)) - Leader change notification received for group: group-E7B5F2DF8633 with new leaderId: 024a366d-d9bd-4389-bd26-fa648e81fb63
2022-07-12 21:09:26,561 [9ca81a7d-c27a-485e-9d50-743190b649b9-server-thread1] INFO  server.RaftServer$Division (ServerState.java:setLeader(287)) - 9ca81a7d-c27a-485e-9d50-743190b649b9@group-E7B5F2DF8633: change Leader from null to 024a366d-d9bd-4389-bd26-fa648e81fb63 at term 3 for appendEntries, leader elected after 16168ms
2022-07-12 21:09:26,587 [76813abd-30d7-4706-b809-3e10cf795ab1-server-thread1] INFO  ratis.XceiverServerRatis (XceiverServerRatis.java:handleLeaderChangedNotification(863)) - Leader change notification received for group: group-E7B5F2DF8633 with new leaderId: 024a366d-d9bd-4389-bd26-fa648e81fb63
2022-07-12 21:09:26,587 [76813abd-30d7-4706-b809-3e10cf795ab1-server-thread1] INFO  server.RaftServer$Division (ServerState.java:setLeader(287)) - 76813abd-30d7-4706-b809-3e10cf795ab1@group-E7B5F2DF8633: change Leader from null to 024a366d-d9bd-4389-bd26-fa648e81fb63 at term 3 for appendEntries, leader elected after 15997ms
2022-07-12 21:09:26,602 [76813abd-30d7-4706-b809-3e10cf795ab1-server-thread1] INFO  server.RaftServer$Division (ServerState.java:setRaftConf(393)) - 76813abd-30d7-4706-b809-3e10cf795ab1@group-E7B5F2DF8633: set configuration 0: [76813abd-30d7-4706-b809-3e10cf795ab1|rpc:10.1.0.20:33965|dataStream:|priority:0, 9ca81a7d-c27a-485e-9d50-743190b649b9|rpc:10.1.0.20:33467|dataStream:|priority:0, 024a366d-d9bd-4389-bd26-fa648e81fb63|rpc:10.1.0.20:34045|dataStream:|priority:1], old=null
2022-07-12 21:09:26,602 [76813abd-30d7-4706-b809-3e10cf795ab1-server-thread1] INFO  segmented.SegmentedRaftLogWorker (SegmentedRaftLogWorker.java:startLogSegment(425)) - 76813abd-30d7-4706-b809-3e10cf795ab1@group-E7B5F2DF8633-SegmentedRaftLogWorker: Starting segment from index:0
2022-07-12 21:09:26,602 [9ca81a7d-c27a-485e-9d50-743190b649b9-server-thread1] INFO  server.RaftServer$Division (ServerState.java:setRaftConf(393)) - 9ca81a7d-c27a-485e-9d50-743190b649b9@group-E7B5F2DF8633: set configuration 0: [76813abd-30d7-4706-b809-3e10cf795ab1|rpc:10.1.0.20:33965|dataStream:|priority:0, 9ca81a7d-c27a-485e-9d50-743190b649b9|rpc:10.1.0.20:33467|dataStream:|priority:0, 024a366d-d9bd-4389-bd26-fa648e81fb63|rpc:10.1.0.20:34045|dataStream:|priority:1], old=null
2022-07-12 21:09:26,603 [9ca81a7d-c27a-485e-9d50-743190b649b9-server-thread1] INFO  segmented.SegmentedRaftLogWorker (SegmentedRaftLogWorker.java:startLogSegment(425)) - 9ca81a7d-c27a-485e-9d50-743190b649b9@group-E7B5F2DF8633-SegmentedRaftLogWorker: Starting segment from index:0
2022-07-12 21:09:26,615 [76813abd-30d7-4706-b809-3e10cf795ab1@group-E7B5F2DF8633-SegmentedRaftLogWorker] INFO  segmented.SegmentedRaftLogWorker (SegmentedRaftLogWorker.java:execute(629)) - 76813abd-30d7-4706-b809-3e10cf795ab1@group-E7B5F2DF8633-SegmentedRaftLogWorker: created new log segment /home/runner/work/ozone/ozone/hadoop-ozone/integration-test/target/test-dir/MiniOzoneClusterImpl-97a7afd9-f57e-4952-bd34-49a096582c21/datanode-0/data/ratis/25c658f3-57eb-4001-9afd-e7b5f2df8633/current/log_inprogress_0
2022-07-12 21:09:26,615 [9ca81a7d-c27a-485e-9d50-743190b649b9@group-E7B5F2DF8633-SegmentedRaftLogWorker] INFO  segmented.SegmentedRaftLogWorker (SegmentedRaftLogWorker.java:execute(629)) - 9ca81a7d-c27a-485e-9d50-743190b649b9@group-E7B5F2DF8633-SegmentedRaftLogWorker: created new log segment /home/runner/work/ozone/ozone/hadoop-ozone/integration-test/target/test-dir/MiniOzoneClusterImpl-97a7afd9-f57e-4952-bd34-49a096582c21/datanode-1/data/ratis/25c658f3-57eb-4001-9afd-e7b5f2df8633/current/log_inprogress_0
2022-07-12 21:09:26,803 [024a366d-d9bd-4389-bd26-fa648e81fb63@group-C3BB33E871CC-FollowerState] INFO  impl.FollowerState (FollowerState.java:run(143)) - 024a366d-d9bd-4389-bd26-fa648e81fb63@group-C3BB33E871CC-FollowerState: change to CANDIDATE, lastRpcElapsedTime:5170422907ns, electionTimeout:5160ms
2022-07-12 21:09:26,804 [024a366d-d9bd-4389-bd26-fa648e81fb63@group-C3BB33E871CC-FollowerState] INFO  impl.RoleInfo (RoleInfo.java:shutdownFollowerState(110)) - 024a366d-d9bd-4389-bd26-fa648e81fb63: shutdown 024a366d-d9bd-4389-bd26-fa648e81fb63@group-C3BB33E871CC-FollowerState
2022-07-12 21:09:26,804 [024a366d-d9bd-4389-bd26-fa648e81fb63@group-C3BB33E871CC-FollowerState] INFO  server.RaftServer$Division (RaftServerImpl.java:setRole(299)) - 024a366d-d9bd-4389-bd26-fa648e81fb63@group-C3BB33E871CC: changes role from  FOLLOWER to CANDIDATE at term 2 for changeToCandidate
2022-07-12 21:09:26,804 [024a366d-d9bd-4389-bd26-fa648e81fb63@group-C3BB33E871CC-FollowerState] INFO  server.RaftServerConfigKeys (ConfUtils.java:logGet(46)) - raft.server.leaderelection.pre-vote = false (custom)
2022-07-12 21:09:26,804 [024a366d-d9bd-4389-bd26-fa648e81fb63@group-C3BB33E871CC-FollowerState] INFO  impl.RoleInfo (RoleInfo.java:updateAndGet(139)) - 024a366d-d9bd-4389-bd26-fa648e81fb63: start 024a366d-d9bd-4389-bd26-fa648e81fb63@group-C3BB33E871CC-LeaderElection68
2022-07-12 21:09:26,817 [9ca81a7d-c27a-485e-9d50-743190b649b9@group-C3BB33E871CC-FollowerState] INFO  impl.FollowerState (FollowerState.java:run(143)) - 9ca81a7d-c27a-485e-9d50-743190b649b9@group-C3BB33E871CC-FollowerState: change to CANDIDATE, lastRpcElapsedTime:5200346919ns, electionTimeout:5150ms
2022-07-12 21:09:26,818 [9ca81a7d-c27a-485e-9d50-743190b649b9@group-C3BB33E871CC-FollowerState] INFO  impl.RoleInfo (RoleInfo.java:shutdownFollowerState(110)) - 9ca81a7d-c27a-485e-9d50-743190b649b9: shutdown 9ca81a7d-c27a-485e-9d50-743190b649b9@group-C3BB33E871CC-FollowerState
2022-07-12 21:09:26,818 [9ca81a7d-c27a-485e-9d50-743190b649b9@group-C3BB33E871CC-FollowerState] INFO  server.RaftServer$Division (RaftServerImpl.java:setRole(299)) - 9ca81a7d-c27a-485e-9d50-743190b649b9@group-C3BB33E871CC: changes role from  FOLLOWER to CANDIDATE at term 2 for changeToCandidate
2022-07-12 21:09:26,819 [9ca81a7d-c27a-485e-9d50-743190b649b9@group-C3BB33E871CC-FollowerState] INFO  server.RaftServerConfigKeys (ConfUtils.java:logGet(46)) - raft.server.leaderelection.pre-vote = false (custom)
2022-07-12 21:09:26,819 [9ca81a7d-c27a-485e-9d50-743190b649b9@group-C3BB33E871CC-FollowerState] INFO  impl.RoleInfo (RoleInfo.java:updateAndGet(139)) - 9ca81a7d-c27a-485e-9d50-743190b649b9: start 9ca81a7d-c27a-485e-9d50-743190b649b9@group-C3BB33E871CC-LeaderElection69
2022-07-12 21:09:26,825 [76813abd-30d7-4706-b809-3e10cf795ab1@group-C3BB33E871CC-FollowerState] INFO  impl.FollowerState (FollowerState.java:run(143)) - 76813abd-30d7-4706-b809-3e10cf795ab1@group-C3BB33E871CC-FollowerState: change to CANDIDATE, lastRpcElapsedTime:5154320385ns, electionTimeout:5142ms
2022-07-12 21:09:26,825 [76813abd-30d7-4706-b809-3e10cf795ab1@group-C3BB33E871CC-FollowerState] INFO  impl.RoleInfo (RoleInfo.java:shutdownFollowerState(110)) - 76813abd-30d7-4706-b809-3e10cf795ab1: shutdown 76813abd-30d7-4706-b809-3e10cf795ab1@group-C3BB33E871CC-FollowerState
2022-07-12 21:09:26,825 [76813abd-30d7-4706-b809-3e10cf795ab1@group-C3BB33E871CC-FollowerState] INFO  server.RaftServer$Division (RaftServerImpl.java:setRole(299)) - 76813abd-30d7-4706-b809-3e10cf795ab1@group-C3BB33E871CC: changes role from  FOLLOWER to CANDIDATE at term 2 for changeToCandidate
2022-07-12 21:09:26,826 [76813abd-30d7-4706-b809-3e10cf795ab1@group-C3BB33E871CC-FollowerState] INFO  server.RaftServerConfigKeys (ConfUtils.java:logGet(46)) - raft.server.leaderelection.pre-vote = false (custom)
2022-07-12 21:09:26,826 [76813abd-30d7-4706-b809-3e10cf795ab1@group-C3BB33E871CC-FollowerState] INFO  impl.RoleInfo (RoleInfo.java:updateAndGet(139)) - 76813abd-30d7-4706-b809-3e10cf795ab1: start 76813abd-30d7-4706-b809-3e10cf795ab1@group-C3BB33E871CC-LeaderElection70
2022-07-12 21:09:26,827 [024a366d-d9bd-4389-bd26-fa648e81fb63@group-C3BB33E871CC-LeaderElection68] INFO  impl.LeaderElection (LeaderElection.java:askForVotes(310)) - 024a366d-d9bd-4389-bd26-fa648e81fb63@group-C3BB33E871CC-LeaderElection68 ELECTION round 0: submit vote requests at term 3 for -1: [76813abd-30d7-4706-b809-3e10cf795ab1|rpc:10.1.0.20:33965|dataStream:|priority:1, 9ca81a7d-c27a-485e-9d50-743190b649b9|rpc:10.1.0.20:33467|dataStream:|priority:0, 024a366d-d9bd-4389-bd26-fa648e81fb63|rpc:10.1.0.20:34045|dataStream:|priority:0], old=null
2022-07-12 21:09:26,829 [76813abd-30d7-4706-b809-3e10cf795ab1@group-C3BB33E871CC-LeaderElection70] INFO  impl.LeaderElection (LeaderElection.java:askForVotes(310)) - 76813abd-30d7-4706-b809-3e10cf795ab1@group-C3BB33E871CC-LeaderElection70 ELECTION round 0: submit vote requests at term 3 for -1: [76813abd-30d7-4706-b809-3e10cf795ab1|rpc:10.1.0.20:33965|dataStream:|priority:1, 9ca81a7d-c27a-485e-9d50-743190b649b9|rpc:10.1.0.20:33467|dataStream:|priority:0, 024a366d-d9bd-4389-bd26-fa648e81fb63|rpc:10.1.0.20:34045|dataStream:|priority:0], old=null
2022-07-12 21:09:26,853 [grpc-default-executor-2] INFO  server.RaftServer$Division (RaftServerImpl.java:requestVote(1152)) - 76813abd-30d7-4706-b809-3e10cf795ab1@group-C3BB33E871CC: receive requestVote(ELECTION, 024a366d-d9bd-4389-bd26-fa648e81fb63, group-C3BB33E871CC, 3, (t:0, i:0))
2022-07-12 21:09:26,853 [grpc-default-executor-2] INFO  impl.VoteContext (VoteContext.java:log(48)) - 76813abd-30d7-4706-b809-3e10cf795ab1@group-C3BB33E871CC-CANDIDATE: reject ELECTION from 024a366d-d9bd-4389-bd26-fa648e81fb63: already has voted for 76813abd-30d7-4706-b809-3e10cf795ab1 at current term 3
2022-07-12 21:09:26,853 [grpc-default-executor-2] INFO  server.RaftServer$Division (RaftServerImpl.java:requestVote(1184)) - 76813abd-30d7-4706-b809-3e10cf795ab1@group-C3BB33E871CC replies to ELECTION vote request: 024a366d-d9bd-4389-bd26-fa648e81fb63<-76813abd-30d7-4706-b809-3e10cf795ab1#0:FAIL-t3. Peer's state: 76813abd-30d7-4706-b809-3e10cf795ab1@group-C3BB33E871CC:t3, leader=null, voted=76813abd-30d7-4706-b809-3e10cf795ab1, raftlog=76813abd-30d7-4706-b809-3e10cf795ab1@group-C3BB33E871CC-SegmentedRaftLog:OPENED:c-1, conf=-1: [76813abd-30d7-4706-b809-3e10cf795ab1|rpc:10.1.0.20:33965|dataStream:|priority:1, 9ca81a7d-c27a-485e-9d50-743190b649b9|rpc:10.1.0.20:33467|dataStream:|priority:0, 024a366d-d9bd-4389-bd26-fa648e81fb63|rpc:10.1.0.20:34045|dataStream:|priority:0], old=null
2022-07-12 21:09:26,854 [grpc-default-executor-1] INFO  server.RaftServer$Division (RaftServerImpl.java:requestVote(1152)) - 9ca81a7d-c27a-485e-9d50-743190b649b9@group-C3BB33E871CC: receive requestVote(ELECTION, 024a366d-d9bd-4389-bd26-fa648e81fb63, group-C3BB33E871CC, 3, (t:0, i:0))
2022-07-12 21:09:26,856 [grpc-default-executor-0] INFO  server.RaftServer$Division (RaftServerImpl.java:requestVote(1152)) - 9ca81a7d-c27a-485e-9d50-743190b649b9@group-C3BB33E871CC: receive requestVote(ELECTION, 76813abd-30d7-4706-b809-3e10cf795ab1, group-C3BB33E871CC, 3, (t:0, i:0))
2022-07-12 21:09:26,857 [024a366d-d9bd-4389-bd26-fa648e81fb63@group-C3BB33E871CC-LeaderElection68] INFO  impl.LeaderElection (LeaderElection.java:logAndReturn(90)) - 024a366d-d9bd-4389-bd26-fa648e81fb63@group-C3BB33E871CC-LeaderElection68: ELECTION REJECTED received 1 response(s) and 0 exception(s):
2022-07-12 21:09:26,857 [024a366d-d9bd-4389-bd26-fa648e81fb63@group-C3BB33E871CC-LeaderElection68] INFO  impl.LeaderElection (LeaderElection.java:logAndReturn(94)) -   Response 0: 024a366d-d9bd-4389-bd26-fa648e81fb63<-76813abd-30d7-4706-b809-3e10cf795ab1#0:FAIL-t3
2022-07-12 21:09:26,857 [024a366d-d9bd-4389-bd26-fa648e81fb63@group-C3BB33E871CC-LeaderElection68] INFO  impl.LeaderElection (LeaderElection.java:askForVotes(312)) - 024a366d-d9bd-4389-bd26-fa648e81fb63@group-C3BB33E871CC-LeaderElection68 ELECTION round 0: result REJECTED
2022-07-12 21:09:26,857 [024a366d-d9bd-4389-bd26-fa648e81fb63@group-C3BB33E871CC-LeaderElection68] INFO  server.RaftServer$Division (RaftServerImpl.java:setRole(299)) - 024a366d-d9bd-4389-bd26-fa648e81fb63@group-C3BB33E871CC: changes role from CANDIDATE to FOLLOWER at term 3 for REJECTED
2022-07-12 21:09:26,857 [024a366d-d9bd-4389-bd26-fa648e81fb63@group-C3BB33E871CC-LeaderElection68] INFO  impl.RoleInfo (RoleInfo.java:shutdownLeaderElection(130)) - 024a366d-d9bd-4389-bd26-fa648e81fb63: shutdown 024a366d-d9bd-4389-bd26-fa648e81fb63@group-C3BB33E871CC-LeaderElection68
2022-07-12 21:09:26,857 [024a366d-d9bd-4389-bd26-fa648e81fb63@group-C3BB33E871CC-LeaderElection68] INFO  impl.RoleInfo (RoleInfo.java:updateAndGet(139)) - 024a366d-d9bd-4389-bd26-fa648e81fb63: start 024a366d-d9bd-4389-bd26-fa648e81fb63@group-C3BB33E871CC-FollowerState
2022-07-12 21:09:26,882 [grpc-default-executor-0] INFO  impl.VoteContext (VoteContext.java:log(48)) - 9ca81a7d-c27a-485e-9d50-743190b649b9@group-C3BB33E871CC-CANDIDATE: reject ELECTION from 76813abd-30d7-4706-b809-3e10cf795ab1: already has voted for 9ca81a7d-c27a-485e-9d50-743190b649b9 at current term 3
2022-07-12 21:09:26,882 [grpc-default-executor-0] INFO  server.RaftServer$Division (RaftServerImpl.java:requestVote(1184)) - 9ca81a7d-c27a-485e-9d50-743190b649b9@group-C3BB33E871CC replies to ELECTION vote request: 76813abd-30d7-4706-b809-3e10cf795ab1<-9ca81a7d-c27a-485e-9d50-743190b649b9#0:FAIL-t3. Peer's state: 9ca81a7d-c27a-485e-9d50-743190b649b9@group-C3BB33E871CC:t3, leader=null, voted=9ca81a7d-c27a-485e-9d50-743190b649b9, raftlog=9ca81a7d-c27a-485e-9d50-743190b649b9@group-C3BB33E871CC-SegmentedRaftLog:OPENED:c-1, conf=-1: [76813abd-30d7-4706-b809-3e10cf795ab1|rpc:10.1.0.20:33965|priority:1, 9ca81a7d-c27a-485e-9d50-743190b649b9|rpc:10.1.0.20:33467|priority:0, 024a366d-d9bd-4389-bd26-fa648e81fb63|rpc:10.1.0.20:34045|priority:0], old=null
2022-07-12 21:09:26,883 [grpc-default-executor-1] INFO  impl.VoteContext (VoteContext.java:log(48)) - 9ca81a7d-c27a-485e-9d50-743190b649b9@group-C3BB33E871CC-CANDIDATE: reject ELECTION from 024a366d-d9bd-4389-bd26-fa648e81fb63: already has voted for 9ca81a7d-c27a-485e-9d50-743190b649b9 at current term 3
2022-07-12 21:09:26,883 [grpc-default-executor-1] INFO  server.RaftServer$Division (RaftServerImpl.java:requestVote(1184)) - 9ca81a7d-c27a-485e-9d50-743190b649b9@group-C3BB33E871CC replies to ELECTION vote request: 024a366d-d9bd-4389-bd26-fa648e81fb63<-9ca81a7d-c27a-485e-9d50-743190b649b9#0:FAIL-t3. Peer's state: 9ca81a7d-c27a-485e-9d50-743190b649b9@group-C3BB33E871CC:t3, leader=null, voted=9ca81a7d-c27a-485e-9d50-743190b649b9, raftlog=9ca81a7d-c27a-485e-9d50-743190b649b9@group-C3BB33E871CC-SegmentedRaftLog:OPENED:c-1, conf=-1: [76813abd-30d7-4706-b809-3e10cf795ab1|rpc:10.1.0.20:33965|priority:1, 9ca81a7d-c27a-485e-9d50-743190b649b9|rpc:10.1.0.20:33467|priority:0, 024a366d-d9bd-4389-bd26-fa648e81fb63|rpc:10.1.0.20:34045|priority:0], old=null
2022-07-12 21:09:26,884 [9ca81a7d-c27a-485e-9d50-743190b649b9@group-C3BB33E871CC-LeaderElection69] INFO  impl.LeaderElection (LeaderElection.java:askForVotes(310)) - 9ca81a7d-c27a-485e-9d50-743190b649b9@group-C3BB33E871CC-LeaderElection69 ELECTION round 0: submit vote requests at term 3 for -1: [76813abd-30d7-4706-b809-3e10cf795ab1|rpc:10.1.0.20:33965|priority:1, 9ca81a7d-c27a-485e-9d50-743190b649b9|rpc:10.1.0.20:33467|priority:0, 024a366d-d9bd-4389-bd26-fa648e81fb63|rpc:10.1.0.20:34045|priority:0], old=null
2022-07-12 21:09:26,974 [grpc-default-executor-0] INFO  server.RaftServer$Division (RaftServerImpl.java:requestVote(1152)) - 024a366d-d9bd-4389-bd26-fa648e81fb63@group-C3BB33E871CC: receive requestVote(ELECTION, 76813abd-30d7-4706-b809-3e10cf795ab1, group-C3BB33E871CC, 3, (t:0, i:0))
2022-07-12 21:09:26,974 [grpc-default-executor-0] INFO  impl.VoteContext (VoteContext.java:log(48)) - 024a366d-d9bd-4389-bd26-fa648e81fb63@group-C3BB33E871CC-FOLLOWER: reject ELECTION from 76813abd-30d7-4706-b809-3e10cf795ab1: already has voted for 024a366d-d9bd-4389-bd26-fa648e81fb63 at current term 3
2022-07-12 21:09:26,974 [grpc-default-executor-0] INFO  server.RaftServer$Division (RaftServerImpl.java:requestVote(1184)) - 024a366d-d9bd-4389-bd26-fa648e81fb63@group-C3BB33E871CC replies to ELECTION vote request: 76813abd-30d7-4706-b809-3e10cf795ab1<-024a366d-d9bd-4389-bd26-fa648e81fb63#0:FAIL-t3. Peer's state: 024a366d-d9bd-4389-bd26-fa648e81fb63@group-C3BB33E871CC:t3, leader=null, voted=024a366d-d9bd-4389-bd26-fa648e81fb63, raftlog=024a366d-d9bd-4389-bd26-fa648e81fb63@group-C3BB33E871CC-SegmentedRaftLog:OPENED:c-1, conf=-1: [76813abd-30d7-4706-b809-3e10cf795ab1|rpc:10.1.0.20:33965|dataStream:|priority:1, 9ca81a7d-c27a-485e-9d50-743190b649b9|rpc:10.1.0.20:33467|dataStream:|priority:0, 024a366d-d9bd-4389-bd26-fa648e81fb63|rpc:10.1.0.20:34045|dataStream:|priority:0], old=null
2022-07-12 21:09:26,975 [76813abd-30d7-4706-b809-3e10cf795ab1@group-C3BB33E871CC-LeaderElection70] INFO  impl.LeaderElection (LeaderElection.java:logAndReturn(90)) - 76813abd-30d7-4706-b809-3e10cf795ab1@group-C3BB33E871CC-LeaderElection70: ELECTION REJECTED received 2 response(s) and 0 exception(s):
2022-07-12 21:09:26,975 [76813abd-30d7-4706-b809-3e10cf795ab1@group-C3BB33E871CC-LeaderElection70] INFO  impl.LeaderElection (LeaderElection.java:logAndReturn(94)) -   Response 0: 76813abd-30d7-4706-b809-3e10cf795ab1<-9ca81a7d-c27a-485e-9d50-743190b649b9#0:FAIL-t3
2022-07-12 21:09:26,975 [76813abd-30d7-4706-b809-3e10cf795ab1@group-C3BB33E871CC-LeaderElection70] INFO  impl.LeaderElection (LeaderElection.java:logAndReturn(94)) -   Response 1: 76813abd-30d7-4706-b809-3e10cf795ab1<-024a366d-d9bd-4389-bd26-fa648e81fb63#0:FAIL-t3
2022-07-12 21:09:26,975 [76813abd-30d7-4706-b809-3e10cf795ab1@group-C3BB33E871CC-LeaderElection70] INFO  impl.LeaderElection (LeaderElection.java:askForVotes(312)) - 76813abd-30d7-4706-b809-3e10cf795ab1@group-C3BB33E871CC-LeaderElection70 ELECTION round 0: result REJECTED
2022-07-12 21:09:26,975 [76813abd-30d7-4706-b809-3e10cf795ab1@group-C3BB33E871CC-LeaderElection70] INFO  server.RaftServer$Division (RaftServerImpl.java:setRole(299)) - 76813abd-30d7-4706-b809-3e10cf795ab1@group-C3BB33E871CC: changes role from CANDIDATE to FOLLOWER at term 3 for REJECTED
2022-07-12 21:09:26,975 [76813abd-30d7-4706-b809-3e10cf795ab1@group-C3BB33E871CC-LeaderElection70] INFO  impl.RoleInfo (RoleInfo.java:shutdownLeaderElection(130)) - 76813abd-30d7-4706-b809-3e10cf795ab1: shutdown 76813abd-30d7-4706-b809-3e10cf795ab1@group-C3BB33E871CC-LeaderElection70
2022-07-12 21:09:26,975 [76813abd-30d7-4706-b809-3e10cf795ab1@group-C3BB33E871CC-LeaderElection70] INFO  impl.RoleInfo (RoleInfo.java:updateAndGet(139)) - 76813abd-30d7-4706-b809-3e10cf795ab1: start 76813abd-30d7-4706-b809-3e10cf795ab1@group-C3BB33E871CC-FollowerState
2022-07-12 21:09:27,009 [grpc-default-executor-0] INFO  server.RaftServer$Division (RaftServerImpl.java:requestVote(1152)) - 024a366d-d9bd-4389-bd26-fa648e81fb63@group-C3BB33E871CC: receive requestVote(ELECTION, 9ca81a7d-c27a-485e-9d50-743190b649b9, group-C3BB33E871CC, 3, (t:0, i:0))
2022-07-12 21:09:27,009 [grpc-default-executor-0] INFO  impl.VoteContext (VoteContext.java:log(48)) - 024a366d-d9bd-4389-bd26-fa648e81fb63@group-C3BB33E871CC-FOLLOWER: reject ELECTION from 9ca81a7d-c27a-485e-9d50-743190b649b9: already has voted for 024a366d-d9bd-4389-bd26-fa648e81fb63 at current term 3
2022-07-12 21:09:27,009 [grpc-default-executor-1] INFO  server.RaftServer$Division (RaftServerImpl.java:requestVote(1152)) - 76813abd-30d7-4706-b809-3e10cf795ab1@group-C3BB33E871CC: receive requestVote(ELECTION, 9ca81a7d-c27a-485e-9d50-743190b649b9, group-C3BB33E871CC, 3, (t:0, i:0))
2022-07-12 21:09:27,010 [grpc-default-executor-1] INFO  impl.VoteContext (VoteContext.java:log(48)) - 76813abd-30d7-4706-b809-3e10cf795ab1@group-C3BB33E871CC-FOLLOWER: reject ELECTION from 9ca81a7d-c27a-485e-9d50-743190b649b9: already has voted for 76813abd-30d7-4706-b809-3e10cf795ab1 at current term 3
2022-07-12 21:09:27,010 [grpc-default-executor-1] INFO  server.RaftServer$Division (RaftServerImpl.java:requestVote(1184)) - 76813abd-30d7-4706-b809-3e10cf795ab1@group-C3BB33E871CC replies to ELECTION vote request: 9ca81a7d-c27a-485e-9d50-743190b649b9<-76813abd-30d7-4706-b809-3e10cf795ab1#0:FAIL-t3. Peer's state: 76813abd-30d7-4706-b809-3e10cf795ab1@group-C3BB33E871CC:t3, leader=null, voted=76813abd-30d7-4706-b809-3e10cf795ab1, raftlog=76813abd-30d7-4706-b809-3e10cf795ab1@group-C3BB33E871CC-SegmentedRaftLog:OPENED:c-1, conf=-1: [76813abd-30d7-4706-b809-3e10cf795ab1|rpc:10.1.0.20:33965|dataStream:|priority:1, 9ca81a7d-c27a-485e-9d50-743190b649b9|rpc:10.1.0.20:33467|dataStream:|priority:0, 024a366d-d9bd-4389-bd26-fa648e81fb63|rpc:10.1.0.20:34045|dataStream:|priority:0], old=null
2022-07-12 21:09:27,011 [9ca81a7d-c27a-485e-9d50-743190b649b9@group-C3BB33E871CC-LeaderElection69] INFO  impl.LeaderElection (LeaderElection.java:logAndReturn(90)) - 9ca81a7d-c27a-485e-9d50-743190b649b9@group-C3BB33E871CC-LeaderElection69: ELECTION REJECTED received 1 response(s) and 0 exception(s):
2022-07-12 21:09:27,011 [9ca81a7d-c27a-485e-9d50-743190b649b9@group-C3BB33E871CC-LeaderElection69] INFO  impl.LeaderElection (LeaderElection.java:logAndReturn(94)) -   Response 0: 9ca81a7d-c27a-485e-9d50-743190b649b9<-76813abd-30d7-4706-b809-3e10cf795ab1#0:FAIL-t3
2022-07-12 21:09:27,011 [9ca81a7d-c27a-485e-9d50-743190b649b9@group-C3BB33E871CC-LeaderElection69] INFO  impl.LeaderElection (LeaderElection.java:askForVotes(312)) - 9ca81a7d-c27a-485e-9d50-743190b649b9@group-C3BB33E871CC-LeaderElection69 ELECTION round 0: result REJECTED
2022-07-12 21:09:27,011 [9ca81a7d-c27a-485e-9d50-743190b649b9@group-C3BB33E871CC-LeaderElection69] INFO  server.RaftServer$Division (RaftServerImpl.java:setRole(299)) - 9ca81a7d-c27a-485e-9d50-743190b649b9@group-C3BB33E871CC: changes role from CANDIDATE to FOLLOWER at term 3 for REJECTED
2022-07-12 21:09:27,011 [9ca81a7d-c27a-485e-9d50-743190b649b9@group-C3BB33E871CC-LeaderElection69] INFO  impl.RoleInfo (RoleInfo.java:shutdownLeaderElection(130)) - 9ca81a7d-c27a-485e-9d50-743190b649b9: shutdown 9ca81a7d-c27a-485e-9d50-743190b649b9@group-C3BB33E871CC-LeaderElection69
2022-07-12 21:09:27,011 [9ca81a7d-c27a-485e-9d50-743190b649b9@group-C3BB33E871CC-LeaderElection69] INFO  impl.RoleInfo (RoleInfo.java:updateAndGet(139)) - 9ca81a7d-c27a-485e-9d50-743190b649b9: start 9ca81a7d-c27a-485e-9d50-743190b649b9@group-C3BB33E871CC-FollowerState
2022-07-12 21:09:27,010 [grpc-default-executor-0] INFO  server.RaftServer$Division (RaftServerImpl.java:requestVote(1184)) - 024a366d-d9bd-4389-bd26-fa648e81fb63@group-C3BB33E871CC replies to ELECTION vote request: 9ca81a7d-c27a-485e-9d50-743190b649b9<-024a366d-d9bd-4389-bd26-fa648e81fb63#0:FAIL-t3. Peer's state: 024a366d-d9bd-4389-bd26-fa648e81fb63@group-C3BB33E871CC:t3, leader=null, voted=024a366d-d9bd-4389-bd26-fa648e81fb63, raftlog=024a366d-d9bd-4389-bd26-fa648e81fb63@group-C3BB33E871CC-SegmentedRaftLog:OPENED:c-1, conf=-1: [76813abd-30d7-4706-b809-3e10cf795ab1|rpc:10.1.0.20:33965|dataStream:|priority:1, 9ca81a7d-c27a-485e-9d50-743190b649b9|rpc:10.1.0.20:33467|dataStream:|priority:0, 024a366d-d9bd-4389-bd26-fa648e81fb63|rpc:10.1.0.20:34045|dataStream:|priority:0], old=null
2022-07-12 21:09:27,184 [java.util.concurrent.ThreadPoolExecutor$Worker@48f279ab[State = -1, empty queue]] WARN  server.GrpcLogAppender (GrpcLogAppender.java:timeoutAppendRequest(239)) - 29d43e8b-b8c3-435a-bf60-ec797ee46bf5@group-B6676DE81A3B->a073d587-6aa7-4ca3-9889-8ecc19e2905e-GrpcLogAppender:  appendEntries Timeout, request=AppendEntriesRequest:cid=360,entriesCount=1,lastEntry=(t:2, i:14)
2022-07-12 21:09:27,243 [Listener at 127.0.0.1/32899] INFO  ozone.MiniOzoneClusterImpl (MiniOzoneClusterImpl.java:lambda$waitForClusterToBeReady$0(223)) - Nodes are ready. Got 5 of 5 DN Heartbeats.
2022-07-12 21:09:27,243 [Listener at 127.0.0.1/32899] INFO  ozone.MiniOzoneClusterImpl (MiniOzoneClusterImpl.java:lambda$waitForClusterToBeReady$0(226)) - Cluster exits safe mode
2022-07-12 21:09:27,243 [Listener at 127.0.0.1/32899] INFO  ozone.MiniOzoneClusterImpl (MiniOzoneClusterImpl.java:lambda$waitForClusterToBeReady$0(228)) - SCM became leader
2022-07-12 21:09:27,504 [Time-limited test] INFO  rpc.RpcClient (RpcClient.java:createVolume(466)) - Creating Volume: volume87967, with user32365 as owner and space quota set to -1 bytes, counts quota set to -1
2022-07-12 21:09:27,505 [IPC Server handler 5 on default port 32899] INFO  volume.OMVolumeCreateRequest (OMVolumeCreateRequest.java:validateAndUpdateCache(195)) - created volume:volume87967 for user:user32365
2022-07-12 21:09:27,523 [Time-limited test] INFO  rpc.RpcClient (RpcClient.java:createBucket(669)) - Creating Bucket: volume87967/bucket21548, with bucket layout LEGACY, runner as owner, Versioning false, Storage Type set to DISK and Encryption set to false 
2022-07-12 21:09:27,531 [IPC Server handler 8 on default port 32899] INFO  bucket.OMBucketCreateRequest (OMBucketCreateRequest.java:validateAndUpdateCache(260)) - created bucket: bucket21548 of layout LEGACY in volume: volume87967
2022-07-12 21:09:27,590 [IPC Server handler 2 on default port 46379] INFO  ha.SequenceIdGenerator (SequenceIdGenerator.java:getNextId(128)) - Allocate a batch for containerId, change lastId from 0 to 1000.
2022-07-12 21:09:27,590 [IPC Server handler 2 on default port 46379] WARN  ha.SequenceIdGenerator (SequenceIdGenerator.java:allocateBatch(237)) - Failed to allocate a batch for localId, expected lastId is 0, actual lastId is 109611004723200000.
2022-07-12 21:09:27,591 [IPC Server handler 2 on default port 46379] INFO  ha.SequenceIdGenerator (SequenceIdGenerator.java:getNextId(128)) - Allocate a batch for localId, change lastId from 109611004723200000 to 109611004723201000.
21:09:27.636 [IPC Server handler 0 on default port 32899] ERROR OMAudit - user=runner | ip=127.0.0.1 | op=GET_FILE_STATUS {volume=volume87967, bucket=bucket21548, key=dir639/file1, dataSize=0, replicationConfig=null} | ret=FAILURE
org.apache.hadoop.ozone.om.exceptions.OMException: Unable to get file status: volume: volume87967 bucket: bucket21548 key: dir639/file1
	at org.apache.hadoop.ozone.om.KeyManagerImpl.getOzoneFileStatus(KeyManagerImpl.java:1311) ~[ozone-manager-1.3.0-SNAPSHOT.jar:?]
	at org.apache.hadoop.ozone.om.KeyManagerImpl.getFileStatus(KeyManagerImpl.java:1241) ~[ozone-manager-1.3.0-SNAPSHOT.jar:?]
	at org.apache.hadoop.ozone.om.OzoneManager.getFileStatus(OzoneManager.java:3419) ~[ozone-manager-1.3.0-SNAPSHOT.jar:?]
	at org.apache.hadoop.ozone.protocolPB.OzoneManagerRequestHandler.getOzoneFileStatus(OzoneManagerRequestHandler.java:871) ~[ozone-manager-1.3.0-SNAPSHOT.jar:?]
	at org.apache.hadoop.ozone.protocolPB.OzoneManagerRequestHandler.handleReadRequest(OzoneManagerRequestHandler.java:217) ~[ozone-manager-1.3.0-SNAPSHOT.jar:?]
	at org.apache.hadoop.ozone.protocolPB.OzoneManagerProtocolServerSideTranslatorPB.submitRequestDirectlyToOM(OzoneManagerProtocolServerSideTranslatorPB.java:276) ~[ozone-manager-1.3.0-SNAPSHOT.jar:?]
	at org.apache.hadoop.ozone.protocolPB.OzoneManagerProtocolServerSideTranslatorPB.processRequest(OzoneManagerProtocolServerSideTranslatorPB.java:205) ~[ozone-manager-1.3.0-SNAPSHOT.jar:?]
	at org.apache.hadoop.hdds.server.OzoneProtocolMessageDispatcher.processRequest(OzoneProtocolMessageDispatcher.java:87) [hdds-server-framework-1.3.0-SNAPSHOT.jar:?]
	at org.apache.hadoop.ozone.protocolPB.OzoneManagerProtocolServerSideTranslatorPB.submitRequest(OzoneManagerProtocolServerSideTranslatorPB.java:147) [ozone-manager-1.3.0-SNAPSHOT.jar:?]
	at org.apache.hadoop.ozone.protocol.proto.OzoneManagerProtocolProtos$OzoneManagerService$2.callBlockingMethod(OzoneManagerProtocolProtos.java) [ozone-interface-client-1.3.0-SNAPSHOT.jar:?]
	at org.apache.hadoop.ipc.ProtobufRpcEngine$Server.processCall(ProtobufRpcEngine.java:466) [hadoop-common-3.3.1.jar:?]
	at org.apache.hadoop.ipc.ProtobufRpcEngine2$Server$ProtoBufRpcInvoker.call(ProtobufRpcEngine2.java:574) [hadoop-common-3.3.1.jar:?]
	at org.apache.hadoop.ipc.ProtobufRpcEngine2$Server$ProtoBufRpcInvoker.call(ProtobufRpcEngine2.java:552) [hadoop-common-3.3.1.jar:?]
	at org.apache.hadoop.ipc.RPC$Server.call(RPC.java:1093) [hadoop-common-3.3.1.jar:?]
	at org.apache.hadoop.ipc.Server$RpcCall.run(Server.java:1035) [hadoop-common-3.3.1.jar:?]
	at org.apache.hadoop.ipc.Server$RpcCall.run(Server.java:963) [hadoop-common-3.3.1.jar:?]
	at java.security.AccessController.doPrivileged(Native Method) ~[?:1.8.0_332]
	at javax.security.auth.Subject.doAs(Subject.java:422) [?:1.8.0_332]
	at org.apache.hadoop.security.UserGroupInformation.doAs(UserGroupInformation.java:1878) [hadoop-common-3.3.1.jar:?]
	at org.apache.hadoop.ipc.Server$Handler.run(Server.java:2966) [hadoop-common-3.3.1.jar:?]
]]></system-out>
  </testcase>
  <testcase name="testListStatusRootAndVolumeRecursive" classname="TestRootedOzoneFileSystem" time="1.372">
    <system-out><![CDATA[2022-07-12 21:04:04,586 [Time-limited test] INFO  rpc.RpcClient (RpcClient.java:createVolume(466)) - Creating Volume: volume25641, with user95666 as owner and space quota set to -1 bytes, counts quota set to -1
2022-07-12 21:04:04,591 [OM StateMachine ApplyTransaction Thread - 0] INFO  volume.OMVolumeCreateRequest (OMVolumeCreateRequest.java:validateAndUpdateCache(195)) - created volume:volume25641 for user:user95666
2022-07-12 21:04:04,594 [Time-limited test] INFO  rpc.RpcClient (RpcClient.java:createBucket(669)) - Creating Bucket: volume25641/bucket14911, with bucket layout LEGACY, runner as owner, Versioning false, Storage Type set to DISK and Encryption set to false 
2022-07-12 21:04:04,598 [OM StateMachine ApplyTransaction Thread - 0] INFO  bucket.OMBucketCreateRequest (OMBucketCreateRequest.java:validateAndUpdateCache(260)) - created bucket: bucket14911 of layout LEGACY in volume: volume25641
2022-07-12 21:04:04,613 [Time-limited test] INFO  rpc.RpcClient (RpcClient.java:createVolume(466)) - Creating Volume: volume-61607, with runner as owner and space quota set to -1 bytes, counts quota set to -1
2022-07-12 21:04:04,616 [OM StateMachine ApplyTransaction Thread - 0] INFO  volume.OMVolumeCreateRequest (OMVolumeCreateRequest.java:validateAndUpdateCache(195)) - created volume:volume-61607 for user:runner
2022-07-12 21:04:04,621 [Time-limited test] INFO  rpc.RpcClient (RpcClient.java:createBucket(669)) - Creating Bucket: volume-61607/bucket-46304, with bucket layout LEGACY, runner as owner, Versioning false, Storage Type set to DISK and Encryption set to false 
2022-07-12 21:04:04,625 [OM StateMachine ApplyTransaction Thread - 0] INFO  bucket.OMBucketCreateRequest (OMBucketCreateRequest.java:validateAndUpdateCache(260)) - created bucket: bucket-46304 of layout LEGACY in volume: volume-61607
2022-07-12 21:04:04,688 [Time-limited test] INFO  impl.MetricsSystemImpl (MetricsSystemImpl.java:init(158)) - XceiverClientMetrics metrics system started (again)
2022-07-12 21:04:05,247 [Time-limited test] INFO  rpc.RpcClient (RpcClient.java:createVolume(466)) - Creating Volume: volume-02458, with runner as owner and space quota set to -1 bytes, counts quota set to -1
2022-07-12 21:04:05,250 [OM StateMachine ApplyTransaction Thread - 0] INFO  volume.OMVolumeCreateRequest (OMVolumeCreateRequest.java:validateAndUpdateCache(195)) - created volume:volume-02458 for user:runner
2022-07-12 21:04:05,254 [Time-limited test] INFO  rpc.RpcClient (RpcClient.java:createBucket(669)) - Creating Bucket: volume-02458/bucket-32949, with bucket layout LEGACY, runner as owner, Versioning false, Storage Type set to DISK and Encryption set to false 
2022-07-12 21:04:05,258 [OM StateMachine ApplyTransaction Thread - 0] INFO  bucket.OMBucketCreateRequest (OMBucketCreateRequest.java:validateAndUpdateCache(260)) - created bucket: bucket-32949 of layout LEGACY in volume: volume-02458
]]></system-out>
  </testcase>
  <testcase name="testListStatusRootAndVolumeRecursive" classname="TestRootedOzoneFileSystem" time="1.148">
    <system-out><![CDATA[2022-07-12 21:05:16,345 [Time-limited test] INFO  rpc.RpcClient (RpcClient.java:createVolume(466)) - Creating Volume: volume70340, with user80740 as owner and space quota set to -1 bytes, counts quota set to -1
2022-07-12 21:05:16,347 [OM StateMachine ApplyTransaction Thread - 0] INFO  volume.OMVolumeCreateRequest (OMVolumeCreateRequest.java:validateAndUpdateCache(195)) - created volume:volume70340 for user:user80740
2022-07-12 21:05:16,350 [Time-limited test] INFO  rpc.RpcClient (RpcClient.java:createBucket(669)) - Creating Bucket: volume70340/bucket34104, with bucket layout LEGACY, runner as owner, Versioning false, Storage Type set to DISK and Encryption set to false 
2022-07-12 21:05:16,351 [OM StateMachine ApplyTransaction Thread - 0] INFO  bucket.OMBucketCreateRequest (OMBucketCreateRequest.java:validateAndUpdateCache(260)) - created bucket: bucket34104 of layout LEGACY in volume: volume70340
21:05:16.354 [IPC Server handler 5 on default port 38457] ERROR OMAudit - user=runner | ip=127.0.0.1 | op=READ_BUCKET {volume=volume-29390, bucket=bucket-20600} | ret=FAILURE
org.apache.hadoop.ozone.om.exceptions.OMException: Volume not found when getting bucket info
	at org.apache.hadoop.ozone.om.BucketManagerImpl.getBucketInfo(BucketManagerImpl.java:127) ~[ozone-manager-1.3.0-SNAPSHOT.jar:?]
	at org.apache.hadoop.ozone.om.OzoneManager.getBucketInfo(OzoneManager.java:2778) ~[ozone-manager-1.3.0-SNAPSHOT.jar:?]
	at org.apache.hadoop.ozone.protocolPB.OzoneManagerRequestHandler.infoBucket(OzoneManagerRequestHandler.java:464) ~[ozone-manager-1.3.0-SNAPSHOT.jar:?]
	at org.apache.hadoop.ozone.protocolPB.OzoneManagerRequestHandler.handleReadRequest(OzoneManagerRequestHandler.java:172) ~[ozone-manager-1.3.0-SNAPSHOT.jar:?]
	at org.apache.hadoop.ozone.protocolPB.OzoneManagerProtocolServerSideTranslatorPB.submitReadRequestToOM(OzoneManagerProtocolServerSideTranslatorPB.java:226) ~[ozone-manager-1.3.0-SNAPSHOT.jar:?]
	at org.apache.hadoop.ozone.protocolPB.OzoneManagerProtocolServerSideTranslatorPB.processRequest(OzoneManagerProtocolServerSideTranslatorPB.java:175) ~[ozone-manager-1.3.0-SNAPSHOT.jar:?]
	at org.apache.hadoop.hdds.server.OzoneProtocolMessageDispatcher.processRequest(OzoneProtocolMessageDispatcher.java:87) [hdds-server-framework-1.3.0-SNAPSHOT.jar:?]
	at org.apache.hadoop.ozone.protocolPB.OzoneManagerProtocolServerSideTranslatorPB.submitRequest(OzoneManagerProtocolServerSideTranslatorPB.java:147) [ozone-manager-1.3.0-SNAPSHOT.jar:?]
	at org.apache.hadoop.ozone.protocol.proto.OzoneManagerProtocolProtos$OzoneManagerService$2.callBlockingMethod(OzoneManagerProtocolProtos.java) [ozone-interface-client-1.3.0-SNAPSHOT.jar:?]
	at org.apache.hadoop.ipc.ProtobufRpcEngine$Server.processCall(ProtobufRpcEngine.java:466) [hadoop-common-3.3.1.jar:?]
	at org.apache.hadoop.ipc.ProtobufRpcEngine2$Server$ProtoBufRpcInvoker.call(ProtobufRpcEngine2.java:574) [hadoop-common-3.3.1.jar:?]
	at org.apache.hadoop.ipc.ProtobufRpcEngine2$Server$ProtoBufRpcInvoker.call(ProtobufRpcEngine2.java:552) [hadoop-common-3.3.1.jar:?]
	at org.apache.hadoop.ipc.RPC$Server.call(RPC.java:1093) [hadoop-common-3.3.1.jar:?]
	at org.apache.hadoop.ipc.Server$RpcCall.run(Server.java:1035) [hadoop-common-3.3.1.jar:?]
	at org.apache.hadoop.ipc.Server$RpcCall.run(Server.java:963) [hadoop-common-3.3.1.jar:?]
	at java.security.AccessController.doPrivileged(Native Method) ~[?:1.8.0_332]
	at javax.security.auth.Subject.doAs(Subject.java:422) [?:1.8.0_332]
	at org.apache.hadoop.security.UserGroupInformation.doAs(UserGroupInformation.java:1878) [hadoop-common-3.3.1.jar:?]
	at org.apache.hadoop.ipc.Server$Handler.run(Server.java:2966) [hadoop-common-3.3.1.jar:?]
2022-07-12 21:05:16,355 [Time-limited test] INFO  rpc.RpcClient (RpcClient.java:createVolume(466)) - Creating Volume: volume-29390, with runner as owner and space quota set to -1 bytes, counts quota set to -1
2022-07-12 21:05:16,356 [OM StateMachine ApplyTransaction Thread - 0] INFO  volume.OMVolumeCreateRequest (OMVolumeCreateRequest.java:validateAndUpdateCache(195)) - created volume:volume-29390 for user:runner
2022-07-12 21:05:16,358 [Time-limited test] INFO  rpc.RpcClient (RpcClient.java:createBucket(669)) - Creating Bucket: volume-29390/bucket-20600, with bucket layout LEGACY, runner as owner, Versioning false, Storage Type set to DISK and Encryption set to false 
2022-07-12 21:05:16,360 [OM StateMachine ApplyTransaction Thread - 0] INFO  bucket.OMBucketCreateRequest (OMBucketCreateRequest.java:validateAndUpdateCache(260)) - created bucket: bucket-20600 of layout LEGACY in volume: volume-29390
2022-07-12 21:05:16,831 [e0395122-a850-434f-9bbf-3f60ac82720c@group-1832D4AD0DD6-FollowerState] INFO  impl.FollowerState (FollowerState.java:run(143)) - e0395122-a850-434f-9bbf-3f60ac82720c@group-1832D4AD0DD6-FollowerState: change to CANDIDATE, lastRpcElapsedTime:5029073043ns, electionTimeout:5015ms
2022-07-12 21:05:16,832 [e0395122-a850-434f-9bbf-3f60ac82720c@group-1832D4AD0DD6-FollowerState] INFO  impl.RoleInfo (RoleInfo.java:shutdownFollowerState(110)) - e0395122-a850-434f-9bbf-3f60ac82720c: shutdown e0395122-a850-434f-9bbf-3f60ac82720c@group-1832D4AD0DD6-FollowerState
2022-07-12 21:05:16,832 [e0395122-a850-434f-9bbf-3f60ac82720c@group-1832D4AD0DD6-FollowerState] INFO  server.RaftServer$Division (RaftServerImpl.java:setRole(299)) - e0395122-a850-434f-9bbf-3f60ac82720c@group-1832D4AD0DD6: changes role from  FOLLOWER to CANDIDATE at term 0 for changeToCandidate
2022-07-12 21:05:16,832 [e0395122-a850-434f-9bbf-3f60ac82720c@group-1832D4AD0DD6-FollowerState] INFO  server.RaftServerConfigKeys (ConfUtils.java:logGet(46)) - raft.server.leaderelection.pre-vote = false (custom)
2022-07-12 21:05:16,832 [e0395122-a850-434f-9bbf-3f60ac82720c@group-1832D4AD0DD6-FollowerState] INFO  impl.RoleInfo (RoleInfo.java:updateAndGet(139)) - e0395122-a850-434f-9bbf-3f60ac82720c: start e0395122-a850-434f-9bbf-3f60ac82720c@group-1832D4AD0DD6-LeaderElection20
2022-07-12 21:05:16,864 [e0395122-a850-434f-9bbf-3f60ac82720c@group-1832D4AD0DD6-LeaderElection20] INFO  impl.LeaderElection (LeaderElection.java:askForVotes(310)) - e0395122-a850-434f-9bbf-3f60ac82720c@group-1832D4AD0DD6-LeaderElection20 ELECTION round 0: submit vote requests at term 1 for -1: [e0395122-a850-434f-9bbf-3f60ac82720c|rpc:10.1.0.20:38137|priority:1], old=null
2022-07-12 21:05:16,864 [e0395122-a850-434f-9bbf-3f60ac82720c@group-1832D4AD0DD6-LeaderElection20] INFO  impl.LeaderElection (LeaderElection.java:askForVotes(312)) - e0395122-a850-434f-9bbf-3f60ac82720c@group-1832D4AD0DD6-LeaderElection20 ELECTION round 0: result PASSED (term=1)
2022-07-12 21:05:16,864 [e0395122-a850-434f-9bbf-3f60ac82720c@group-1832D4AD0DD6-LeaderElection20] INFO  impl.RoleInfo (RoleInfo.java:shutdownLeaderElection(130)) - e0395122-a850-434f-9bbf-3f60ac82720c: shutdown e0395122-a850-434f-9bbf-3f60ac82720c@group-1832D4AD0DD6-LeaderElection20
2022-07-12 21:05:16,865 [e0395122-a850-434f-9bbf-3f60ac82720c@group-1832D4AD0DD6-LeaderElection20] INFO  server.RaftServer$Division (RaftServerImpl.java:setRole(299)) - e0395122-a850-434f-9bbf-3f60ac82720c@group-1832D4AD0DD6: changes role from CANDIDATE to LEADER at term 1 for changeToLeader
2022-07-12 21:05:16,865 [e0395122-a850-434f-9bbf-3f60ac82720c@group-1832D4AD0DD6-LeaderElection20] INFO  ratis.XceiverServerRatis (XceiverServerRatis.java:handleLeaderChangedNotification(863)) - Leader change notification received for group: group-1832D4AD0DD6 with new leaderId: e0395122-a850-434f-9bbf-3f60ac82720c
2022-07-12 21:05:16,880 [e0395122-a850-434f-9bbf-3f60ac82720c@group-1832D4AD0DD6-LeaderElection20] INFO  server.RaftServer$Division (ServerState.java:setLeader(287)) - e0395122-a850-434f-9bbf-3f60ac82720c@group-1832D4AD0DD6: change Leader from null to e0395122-a850-434f-9bbf-3f60ac82720c at term 1 for becomeLeader, leader elected after 5086ms
2022-07-12 21:05:16,881 [e0395122-a850-434f-9bbf-3f60ac82720c@group-1832D4AD0DD6-LeaderElection20] INFO  server.RaftServerConfigKeys (ConfUtils.java:logGet(46)) - raft.server.staging.catchup.gap = 1000 (default)
2022-07-12 21:05:16,881 [e0395122-a850-434f-9bbf-3f60ac82720c@group-1832D4AD0DD6-LeaderElection20] INFO  server.RaftServerConfigKeys (ConfUtils.java:logGet(46)) - raft.server.write.element-limit = 1024 (custom)
2022-07-12 21:05:16,881 [e0395122-a850-434f-9bbf-3f60ac82720c@group-1832D4AD0DD6-LeaderElection20] INFO  server.RaftServerConfigKeys (ConfUtils.java:logGet(46)) - raft.server.write.byte-limit = 1024 M (=1073741824) (custom)
2022-07-12 21:05:16,881 [e0395122-a850-434f-9bbf-3f60ac82720c@group-1832D4AD0DD6-LeaderElection20] INFO  server.RaftServerConfigKeys (ConfUtils.java:logGet(46)) - raft.server.watch.timeout = 180s (custom)
2022-07-12 21:05:16,881 [e0395122-a850-434f-9bbf-3f60ac82720c@group-1832D4AD0DD6-LeaderElection20] INFO  server.RaftServerConfigKeys (ConfUtils.java:logGet(46)) - raft.server.watch.timeout.denomination = 1s (default)
2022-07-12 21:05:16,881 [e0395122-a850-434f-9bbf-3f60ac82720c@group-1832D4AD0DD6-LeaderElection20] INFO  server.RaftServerConfigKeys (ConfUtils.java:logGet(46)) - raft.server.watch.element-limit = 65536 (default)
2022-07-12 21:05:16,881 [e0395122-a850-434f-9bbf-3f60ac82720c@group-1832D4AD0DD6-LeaderElection20] INFO  server.RaftServerConfigKeys (ConfUtils.java:logGet(46)) - raft.server.write.element-limit = 1024 (custom)
2022-07-12 21:05:16,881 [e0395122-a850-434f-9bbf-3f60ac82720c@group-1832D4AD0DD6-LeaderElection20] INFO  server.RaftServerConfigKeys (ConfUtils.java:logGet(46)) - raft.server.write.follower.gap.ratio.max = -1.0 (default)
2022-07-12 21:05:16,881 [e0395122-a850-434f-9bbf-3f60ac82720c@group-1832D4AD0DD6-LeaderElection20] INFO  impl.RoleInfo (RoleInfo.java:updateAndGet(139)) - e0395122-a850-434f-9bbf-3f60ac82720c: start e0395122-a850-434f-9bbf-3f60ac82720c@group-1832D4AD0DD6-LeaderStateImpl
2022-07-12 21:05:16,882 [e0395122-a850-434f-9bbf-3f60ac82720c@group-1832D4AD0DD6-LeaderElection20] INFO  segmented.SegmentedRaftLogWorker (SegmentedRaftLogWorker.java:startLogSegment(425)) - e0395122-a850-434f-9bbf-3f60ac82720c@group-1832D4AD0DD6-SegmentedRaftLogWorker: Starting segment from index:0
2022-07-12 21:05:16,883 [e0395122-a850-434f-9bbf-3f60ac82720c@group-1832D4AD0DD6-SegmentedRaftLogWorker] INFO  segmented.SegmentedRaftLogWorker (SegmentedRaftLogWorker.java:execute(629)) - e0395122-a850-434f-9bbf-3f60ac82720c@group-1832D4AD0DD6-SegmentedRaftLogWorker: created new log segment /home/runner/work/ozone/ozone/hadoop-ozone/integration-test/target/test-dir/MiniOzoneClusterImpl-82396f26-4b51-4819-9d3b-5aa507234af8/datanode-2/data/ratis/248ce0f3-6cf5-48c6-a1cc-1832d4ad0dd6/current/log_inprogress_0
2022-07-12 21:05:16,909 [e0395122-a850-434f-9bbf-3f60ac82720c@group-1832D4AD0DD6-LeaderElection20] INFO  server.RaftServer$Division (ServerState.java:setRaftConf(393)) - e0395122-a850-434f-9bbf-3f60ac82720c@group-1832D4AD0DD6: set configuration 0: [e0395122-a850-434f-9bbf-3f60ac82720c|rpc:10.1.0.20:38137|dataStream:|priority:1], old=null
21:05:16.938 [IPC Server handler 19 on default port 38457] ERROR OMAudit - user=runner | ip=127.0.0.1 | op=READ_BUCKET {volume=volume-75791, bucket=bucket-38363} | ret=FAILURE
org.apache.hadoop.ozone.om.exceptions.OMException: Volume not found when getting bucket info
	at org.apache.hadoop.ozone.om.BucketManagerImpl.getBucketInfo(BucketManagerImpl.java:127) ~[ozone-manager-1.3.0-SNAPSHOT.jar:?]
	at org.apache.hadoop.ozone.om.OzoneManager.getBucketInfo(OzoneManager.java:2778) ~[ozone-manager-1.3.0-SNAPSHOT.jar:?]
	at org.apache.hadoop.ozone.protocolPB.OzoneManagerRequestHandler.infoBucket(OzoneManagerRequestHandler.java:464) ~[ozone-manager-1.3.0-SNAPSHOT.jar:?]
	at org.apache.hadoop.ozone.protocolPB.OzoneManagerRequestHandler.handleReadRequest(OzoneManagerRequestHandler.java:172) ~[ozone-manager-1.3.0-SNAPSHOT.jar:?]
	at org.apache.hadoop.ozone.protocolPB.OzoneManagerProtocolServerSideTranslatorPB.submitReadRequestToOM(OzoneManagerProtocolServerSideTranslatorPB.java:226) ~[ozone-manager-1.3.0-SNAPSHOT.jar:?]
	at org.apache.hadoop.ozone.protocolPB.OzoneManagerProtocolServerSideTranslatorPB.processRequest(OzoneManagerProtocolServerSideTranslatorPB.java:175) ~[ozone-manager-1.3.0-SNAPSHOT.jar:?]
	at org.apache.hadoop.hdds.server.OzoneProtocolMessageDispatcher.processRequest(OzoneProtocolMessageDispatcher.java:87) [hdds-server-framework-1.3.0-SNAPSHOT.jar:?]
	at org.apache.hadoop.ozone.protocolPB.OzoneManagerProtocolServerSideTranslatorPB.submitRequest(OzoneManagerProtocolServerSideTranslatorPB.java:147) [ozone-manager-1.3.0-SNAPSHOT.jar:?]
	at org.apache.hadoop.ozone.protocol.proto.OzoneManagerProtocolProtos$OzoneManagerService$2.callBlockingMethod(OzoneManagerProtocolProtos.java) [ozone-interface-client-1.3.0-SNAPSHOT.jar:?]
	at org.apache.hadoop.ipc.ProtobufRpcEngine$Server.processCall(ProtobufRpcEngine.java:466) [hadoop-common-3.3.1.jar:?]
	at org.apache.hadoop.ipc.ProtobufRpcEngine2$Server$ProtoBufRpcInvoker.call(ProtobufRpcEngine2.java:574) [hadoop-common-3.3.1.jar:?]
	at org.apache.hadoop.ipc.ProtobufRpcEngine2$Server$ProtoBufRpcInvoker.call(ProtobufRpcEngine2.java:552) [hadoop-common-3.3.1.jar:?]
	at org.apache.hadoop.ipc.RPC$Server.call(RPC.java:1093) [hadoop-common-3.3.1.jar:?]
	at org.apache.hadoop.ipc.Server$RpcCall.run(Server.java:1035) [hadoop-common-3.3.1.jar:?]
	at org.apache.hadoop.ipc.Server$RpcCall.run(Server.java:963) [hadoop-common-3.3.1.jar:?]
	at java.security.AccessController.doPrivileged(Native Method) ~[?:1.8.0_332]
	at javax.security.auth.Subject.doAs(Subject.java:422) [?:1.8.0_332]
	at org.apache.hadoop.security.UserGroupInformation.doAs(UserGroupInformation.java:1878) [hadoop-common-3.3.1.jar:?]
	at org.apache.hadoop.ipc.Server$Handler.run(Server.java:2966) [hadoop-common-3.3.1.jar:?]
2022-07-12 21:05:16,939 [Time-limited test] INFO  rpc.RpcClient (RpcClient.java:createVolume(466)) - Creating Volume: volume-75791, with runner as owner and space quota set to -1 bytes, counts quota set to -1
2022-07-12 21:05:16,942 [OM StateMachine ApplyTransaction Thread - 0] INFO  volume.OMVolumeCreateRequest (OMVolumeCreateRequest.java:validateAndUpdateCache(195)) - created volume:volume-75791 for user:runner
2022-07-12 21:05:16,943 [Time-limited test] INFO  rpc.RpcClient (RpcClient.java:createBucket(669)) - Creating Bucket: volume-75791/bucket-38363, with bucket layout LEGACY, runner as owner, Versioning false, Storage Type set to DISK and Encryption set to false 
2022-07-12 21:05:16,944 [OM StateMachine ApplyTransaction Thread - 0] INFO  bucket.OMBucketCreateRequest (OMBucketCreateRequest.java:validateAndUpdateCache(260)) - created bucket: bucket-38363 of layout LEGACY in volume: volume-75791
]]></system-out>
  </testcase>
  <testcase name="testListStatusRootAndVolumeRecursive" classname="TestRootedOzoneFileSystem" time="1.499">
    <system-out><![CDATA[2022-07-12 21:06:28,944 [Time-limited test] INFO  rpc.RpcClient (RpcClient.java:createVolume(466)) - Creating Volume: volume41077, with user27904 as owner and space quota set to -1 bytes, counts quota set to -1
2022-07-12 21:06:28,945 [IPC Server handler 1 on default port 37581] INFO  volume.OMVolumeCreateRequest (OMVolumeCreateRequest.java:validateAndUpdateCache(195)) - created volume:volume41077 for user:user27904
2022-07-12 21:06:28,948 [Time-limited test] INFO  rpc.RpcClient (RpcClient.java:createBucket(669)) - Creating Bucket: volume41077/bucket66438, with bucket layout LEGACY, runner as owner, Versioning false, Storage Type set to DISK and Encryption set to false 
2022-07-12 21:06:28,948 [IPC Server handler 13 on default port 37581] INFO  bucket.OMBucketCreateRequest (OMBucketCreateRequest.java:validateAndUpdateCache(260)) - created bucket: bucket66438 of layout LEGACY in volume: volume41077
21:06:28.952 [IPC Server handler 11 on default port 37581] ERROR OMAudit - user=runner | ip=127.0.0.1 | op=READ_BUCKET {volume=volume-33979, bucket=bucket-50548} | ret=FAILURE
org.apache.hadoop.ozone.om.exceptions.OMException: Volume not found when getting bucket info
	at org.apache.hadoop.ozone.om.BucketManagerImpl.getBucketInfo(BucketManagerImpl.java:127) ~[ozone-manager-1.3.0-SNAPSHOT.jar:?]
	at org.apache.hadoop.ozone.om.OzoneManager.getBucketInfo(OzoneManager.java:2778) ~[ozone-manager-1.3.0-SNAPSHOT.jar:?]
	at org.apache.hadoop.ozone.protocolPB.OzoneManagerRequestHandler.infoBucket(OzoneManagerRequestHandler.java:464) ~[ozone-manager-1.3.0-SNAPSHOT.jar:?]
	at org.apache.hadoop.ozone.protocolPB.OzoneManagerRequestHandler.handleReadRequest(OzoneManagerRequestHandler.java:172) ~[ozone-manager-1.3.0-SNAPSHOT.jar:?]
	at org.apache.hadoop.ozone.protocolPB.OzoneManagerProtocolServerSideTranslatorPB.submitRequestDirectlyToOM(OzoneManagerProtocolServerSideTranslatorPB.java:276) ~[ozone-manager-1.3.0-SNAPSHOT.jar:?]
	at org.apache.hadoop.ozone.protocolPB.OzoneManagerProtocolServerSideTranslatorPB.processRequest(OzoneManagerProtocolServerSideTranslatorPB.java:205) ~[ozone-manager-1.3.0-SNAPSHOT.jar:?]
	at org.apache.hadoop.hdds.server.OzoneProtocolMessageDispatcher.processRequest(OzoneProtocolMessageDispatcher.java:87) [hdds-server-framework-1.3.0-SNAPSHOT.jar:?]
	at org.apache.hadoop.ozone.protocolPB.OzoneManagerProtocolServerSideTranslatorPB.submitRequest(OzoneManagerProtocolServerSideTranslatorPB.java:147) [ozone-manager-1.3.0-SNAPSHOT.jar:?]
	at org.apache.hadoop.ozone.protocol.proto.OzoneManagerProtocolProtos$OzoneManagerService$2.callBlockingMethod(OzoneManagerProtocolProtos.java) [ozone-interface-client-1.3.0-SNAPSHOT.jar:?]
	at org.apache.hadoop.ipc.ProtobufRpcEngine$Server.processCall(ProtobufRpcEngine.java:466) [hadoop-common-3.3.1.jar:?]
	at org.apache.hadoop.ipc.ProtobufRpcEngine2$Server$ProtoBufRpcInvoker.call(ProtobufRpcEngine2.java:574) [hadoop-common-3.3.1.jar:?]
	at org.apache.hadoop.ipc.ProtobufRpcEngine2$Server$ProtoBufRpcInvoker.call(ProtobufRpcEngine2.java:552) [hadoop-common-3.3.1.jar:?]
	at org.apache.hadoop.ipc.RPC$Server.call(RPC.java:1093) [hadoop-common-3.3.1.jar:?]
	at org.apache.hadoop.ipc.Server$RpcCall.run(Server.java:1035) [hadoop-common-3.3.1.jar:?]
	at org.apache.hadoop.ipc.Server$RpcCall.run(Server.java:963) [hadoop-common-3.3.1.jar:?]
	at java.security.AccessController.doPrivileged(Native Method) ~[?:1.8.0_332]
	at javax.security.auth.Subject.doAs(Subject.java:422) [?:1.8.0_332]
	at org.apache.hadoop.security.UserGroupInformation.doAs(UserGroupInformation.java:1878) [hadoop-common-3.3.1.jar:?]
	at org.apache.hadoop.ipc.Server$Handler.run(Server.java:2966) [hadoop-common-3.3.1.jar:?]
2022-07-12 21:06:28,953 [Time-limited test] INFO  rpc.RpcClient (RpcClient.java:createVolume(466)) - Creating Volume: volume-33979, with runner as owner and space quota set to -1 bytes, counts quota set to -1
2022-07-12 21:06:28,954 [IPC Server handler 19 on default port 37581] INFO  volume.OMVolumeCreateRequest (OMVolumeCreateRequest.java:validateAndUpdateCache(195)) - created volume:volume-33979 for user:runner
2022-07-12 21:06:28,954 [Time-limited test] INFO  rpc.RpcClient (RpcClient.java:createBucket(669)) - Creating Bucket: volume-33979/bucket-50548, with bucket layout LEGACY, runner as owner, Versioning false, Storage Type set to DISK and Encryption set to false 
2022-07-12 21:06:28,955 [IPC Server handler 5 on default port 37581] INFO  bucket.OMBucketCreateRequest (OMBucketCreateRequest.java:validateAndUpdateCache(260)) - created bucket: bucket-50548 of layout LEGACY in volume: volume-33979
21:06:29.632 [IPC Server handler 0 on default port 37581] ERROR OMAudit - user=runner | ip=127.0.0.1 | op=READ_BUCKET {volume=volume-39333, bucket=bucket-57273} | ret=FAILURE
org.apache.hadoop.ozone.om.exceptions.OMException: Volume not found when getting bucket info
	at org.apache.hadoop.ozone.om.BucketManagerImpl.getBucketInfo(BucketManagerImpl.java:127) ~[ozone-manager-1.3.0-SNAPSHOT.jar:?]
	at org.apache.hadoop.ozone.om.OzoneManager.getBucketInfo(OzoneManager.java:2778) ~[ozone-manager-1.3.0-SNAPSHOT.jar:?]
	at org.apache.hadoop.ozone.protocolPB.OzoneManagerRequestHandler.infoBucket(OzoneManagerRequestHandler.java:464) ~[ozone-manager-1.3.0-SNAPSHOT.jar:?]
	at org.apache.hadoop.ozone.protocolPB.OzoneManagerRequestHandler.handleReadRequest(OzoneManagerRequestHandler.java:172) ~[ozone-manager-1.3.0-SNAPSHOT.jar:?]
	at org.apache.hadoop.ozone.protocolPB.OzoneManagerProtocolServerSideTranslatorPB.submitRequestDirectlyToOM(OzoneManagerProtocolServerSideTranslatorPB.java:276) ~[ozone-manager-1.3.0-SNAPSHOT.jar:?]
	at org.apache.hadoop.ozone.protocolPB.OzoneManagerProtocolServerSideTranslatorPB.processRequest(OzoneManagerProtocolServerSideTranslatorPB.java:205) ~[ozone-manager-1.3.0-SNAPSHOT.jar:?]
	at org.apache.hadoop.hdds.server.OzoneProtocolMessageDispatcher.processRequest(OzoneProtocolMessageDispatcher.java:87) [hdds-server-framework-1.3.0-SNAPSHOT.jar:?]
	at org.apache.hadoop.ozone.protocolPB.OzoneManagerProtocolServerSideTranslatorPB.submitRequest(OzoneManagerProtocolServerSideTranslatorPB.java:147) [ozone-manager-1.3.0-SNAPSHOT.jar:?]
	at org.apache.hadoop.ozone.protocol.proto.OzoneManagerProtocolProtos$OzoneManagerService$2.callBlockingMethod(OzoneManagerProtocolProtos.java) [ozone-interface-client-1.3.0-SNAPSHOT.jar:?]
	at org.apache.hadoop.ipc.ProtobufRpcEngine$Server.processCall(ProtobufRpcEngine.java:466) [hadoop-common-3.3.1.jar:?]
	at org.apache.hadoop.ipc.ProtobufRpcEngine2$Server$ProtoBufRpcInvoker.call(ProtobufRpcEngine2.java:574) [hadoop-common-3.3.1.jar:?]
	at org.apache.hadoop.ipc.ProtobufRpcEngine2$Server$ProtoBufRpcInvoker.call(ProtobufRpcEngine2.java:552) [hadoop-common-3.3.1.jar:?]
	at org.apache.hadoop.ipc.RPC$Server.call(RPC.java:1093) [hadoop-common-3.3.1.jar:?]
	at org.apache.hadoop.ipc.Server$RpcCall.run(Server.java:1035) [hadoop-common-3.3.1.jar:?]
	at org.apache.hadoop.ipc.Server$RpcCall.run(Server.java:963) [hadoop-common-3.3.1.jar:?]
	at java.security.AccessController.doPrivileged(Native Method) ~[?:1.8.0_332]
	at javax.security.auth.Subject.doAs(Subject.java:422) [?:1.8.0_332]
	at org.apache.hadoop.security.UserGroupInformation.doAs(UserGroupInformation.java:1878) [hadoop-common-3.3.1.jar:?]
	at org.apache.hadoop.ipc.Server$Handler.run(Server.java:2966) [hadoop-common-3.3.1.jar:?]
2022-07-12 21:06:29,632 [Time-limited test] INFO  rpc.RpcClient (RpcClient.java:createVolume(466)) - Creating Volume: volume-39333, with runner as owner and space quota set to -1 bytes, counts quota set to -1
2022-07-12 21:06:29,633 [IPC Server handler 1 on default port 37581] INFO  volume.OMVolumeCreateRequest (OMVolumeCreateRequest.java:validateAndUpdateCache(195)) - created volume:volume-39333 for user:runner
2022-07-12 21:06:29,634 [Time-limited test] INFO  rpc.RpcClient (RpcClient.java:createBucket(669)) - Creating Bucket: volume-39333/bucket-57273, with bucket layout LEGACY, runner as owner, Versioning false, Storage Type set to DISK and Encryption set to false 
2022-07-12 21:06:29,635 [IPC Server handler 13 on default port 37581] INFO  bucket.OMBucketCreateRequest (OMBucketCreateRequest.java:validateAndUpdateCache(260)) - created bucket: bucket-57273 of layout LEGACY in volume: volume-39333
]]></system-out>
  </testcase>
  <testcase name="testListStatusRootAndVolumeRecursive" classname="TestRootedOzoneFileSystem" time="1.706">
    <system-out><![CDATA[2022-07-12 21:07:47,291 [Time-limited test] INFO  rpc.RpcClient (RpcClient.java:createVolume(466)) - Creating Volume: volume27048, with user39989 as owner and space quota set to -1 bytes, counts quota set to -1
2022-07-12 21:07:47,296 [OM StateMachine ApplyTransaction Thread - 0] INFO  volume.OMVolumeCreateRequest (OMVolumeCreateRequest.java:validateAndUpdateCache(195)) - created volume:volume27048 for user:user39989
2022-07-12 21:07:47,297 [Time-limited test] INFO  rpc.RpcClient (RpcClient.java:createBucket(669)) - Creating Bucket: volume27048/bucket69258, with bucket layout LEGACY, runner as owner, Versioning false, Storage Type set to DISK and Encryption set to false 
2022-07-12 21:07:47,304 [OM StateMachine ApplyTransaction Thread - 0] INFO  bucket.OMBucketCreateRequest (OMBucketCreateRequest.java:validateAndUpdateCache(260)) - created bucket: bucket69258 of layout LEGACY in volume: volume27048
21:07:47.309 [IPC Server handler 11 on default port 33595] ERROR OMAudit - user=runner | ip=127.0.0.1 | op=READ_BUCKET {volume=volume-10653, bucket=bucket-66754} | ret=FAILURE
org.apache.hadoop.ozone.om.exceptions.OMException: Volume not found when getting bucket info
	at org.apache.hadoop.ozone.om.BucketManagerImpl.getBucketInfo(BucketManagerImpl.java:127) ~[ozone-manager-1.3.0-SNAPSHOT.jar:?]
	at org.apache.hadoop.ozone.om.OzoneManager.getBucketInfo(OzoneManager.java:2778) ~[ozone-manager-1.3.0-SNAPSHOT.jar:?]
	at org.apache.hadoop.ozone.protocolPB.OzoneManagerRequestHandler.infoBucket(OzoneManagerRequestHandler.java:464) ~[ozone-manager-1.3.0-SNAPSHOT.jar:?]
	at org.apache.hadoop.ozone.protocolPB.OzoneManagerRequestHandler.handleReadRequest(OzoneManagerRequestHandler.java:172) ~[ozone-manager-1.3.0-SNAPSHOT.jar:?]
	at org.apache.hadoop.ozone.protocolPB.OzoneManagerProtocolServerSideTranslatorPB.submitReadRequestToOM(OzoneManagerProtocolServerSideTranslatorPB.java:226) ~[ozone-manager-1.3.0-SNAPSHOT.jar:?]
	at org.apache.hadoop.ozone.protocolPB.OzoneManagerProtocolServerSideTranslatorPB.processRequest(OzoneManagerProtocolServerSideTranslatorPB.java:175) ~[ozone-manager-1.3.0-SNAPSHOT.jar:?]
	at org.apache.hadoop.hdds.server.OzoneProtocolMessageDispatcher.processRequest(OzoneProtocolMessageDispatcher.java:87) [hdds-server-framework-1.3.0-SNAPSHOT.jar:?]
	at org.apache.hadoop.ozone.protocolPB.OzoneManagerProtocolServerSideTranslatorPB.submitRequest(OzoneManagerProtocolServerSideTranslatorPB.java:147) [ozone-manager-1.3.0-SNAPSHOT.jar:?]
	at org.apache.hadoop.ozone.protocol.proto.OzoneManagerProtocolProtos$OzoneManagerService$2.callBlockingMethod(OzoneManagerProtocolProtos.java) [ozone-interface-client-1.3.0-SNAPSHOT.jar:?]
	at org.apache.hadoop.ipc.ProtobufRpcEngine$Server.processCall(ProtobufRpcEngine.java:466) [hadoop-common-3.3.1.jar:?]
	at org.apache.hadoop.ipc.ProtobufRpcEngine2$Server$ProtoBufRpcInvoker.call(ProtobufRpcEngine2.java:574) [hadoop-common-3.3.1.jar:?]
	at org.apache.hadoop.ipc.ProtobufRpcEngine2$Server$ProtoBufRpcInvoker.call(ProtobufRpcEngine2.java:552) [hadoop-common-3.3.1.jar:?]
	at org.apache.hadoop.ipc.RPC$Server.call(RPC.java:1093) [hadoop-common-3.3.1.jar:?]
	at org.apache.hadoop.ipc.Server$RpcCall.run(Server.java:1035) [hadoop-common-3.3.1.jar:?]
	at org.apache.hadoop.ipc.Server$RpcCall.run(Server.java:963) [hadoop-common-3.3.1.jar:?]
	at java.security.AccessController.doPrivileged(Native Method) ~[?:1.8.0_332]
	at javax.security.auth.Subject.doAs(Subject.java:422) [?:1.8.0_332]
	at org.apache.hadoop.security.UserGroupInformation.doAs(UserGroupInformation.java:1878) [hadoop-common-3.3.1.jar:?]
	at org.apache.hadoop.ipc.Server$Handler.run(Server.java:2966) [hadoop-common-3.3.1.jar:?]
2022-07-12 21:07:47,310 [Time-limited test] INFO  rpc.RpcClient (RpcClient.java:createVolume(466)) - Creating Volume: volume-10653, with runner as owner and space quota set to -1 bytes, counts quota set to -1
2022-07-12 21:07:47,311 [OM StateMachine ApplyTransaction Thread - 0] INFO  volume.OMVolumeCreateRequest (OMVolumeCreateRequest.java:validateAndUpdateCache(195)) - created volume:volume-10653 for user:runner
2022-07-12 21:07:47,312 [Time-limited test] INFO  rpc.RpcClient (RpcClient.java:createBucket(669)) - Creating Bucket: volume-10653/bucket-66754, with bucket layout LEGACY, runner as owner, Versioning false, Storage Type set to DISK and Encryption set to false 
2022-07-12 21:07:47,314 [OM StateMachine ApplyTransaction Thread - 0] INFO  bucket.OMBucketCreateRequest (OMBucketCreateRequest.java:validateAndUpdateCache(260)) - created bucket: bucket-66754 of layout LEGACY in volume: volume-10653
2022-07-12 21:07:47,418 [29d43e8b-b8c3-435a-bf60-ec797ee46bf5@group-D4169009462C-FollowerState] INFO  impl.FollowerState (FollowerState.java:run(143)) - 29d43e8b-b8c3-435a-bf60-ec797ee46bf5@group-D4169009462C-FollowerState: change to CANDIDATE, lastRpcElapsedTime:5159837466ns, electionTimeout:5121ms
2022-07-12 21:07:47,418 [29d43e8b-b8c3-435a-bf60-ec797ee46bf5@group-D4169009462C-FollowerState] INFO  impl.RoleInfo (RoleInfo.java:shutdownFollowerState(110)) - 29d43e8b-b8c3-435a-bf60-ec797ee46bf5: shutdown 29d43e8b-b8c3-435a-bf60-ec797ee46bf5@group-D4169009462C-FollowerState
2022-07-12 21:07:47,418 [29d43e8b-b8c3-435a-bf60-ec797ee46bf5@group-D4169009462C-FollowerState] INFO  server.RaftServer$Division (RaftServerImpl.java:setRole(299)) - 29d43e8b-b8c3-435a-bf60-ec797ee46bf5@group-D4169009462C: changes role from  FOLLOWER to CANDIDATE at term 0 for changeToCandidate
2022-07-12 21:07:47,418 [29d43e8b-b8c3-435a-bf60-ec797ee46bf5@group-D4169009462C-FollowerState] INFO  server.RaftServerConfigKeys (ConfUtils.java:logGet(46)) - raft.server.leaderelection.pre-vote = false (custom)
2022-07-12 21:07:47,418 [29d43e8b-b8c3-435a-bf60-ec797ee46bf5@group-D4169009462C-FollowerState] INFO  impl.RoleInfo (RoleInfo.java:updateAndGet(139)) - 29d43e8b-b8c3-435a-bf60-ec797ee46bf5: start 29d43e8b-b8c3-435a-bf60-ec797ee46bf5@group-D4169009462C-LeaderElection47
2022-07-12 21:07:47,475 [29d43e8b-b8c3-435a-bf60-ec797ee46bf5@group-D4169009462C-LeaderElection47] INFO  impl.LeaderElection (LeaderElection.java:askForVotes(310)) - 29d43e8b-b8c3-435a-bf60-ec797ee46bf5@group-D4169009462C-LeaderElection47 ELECTION round 0: submit vote requests at term 1 for -1: [29d43e8b-b8c3-435a-bf60-ec797ee46bf5|rpc:10.1.0.20:33347|priority:1], old=null
2022-07-12 21:07:47,476 [29d43e8b-b8c3-435a-bf60-ec797ee46bf5@group-D4169009462C-LeaderElection47] INFO  impl.LeaderElection (LeaderElection.java:askForVotes(312)) - 29d43e8b-b8c3-435a-bf60-ec797ee46bf5@group-D4169009462C-LeaderElection47 ELECTION round 0: result PASSED (term=1)
2022-07-12 21:07:47,476 [29d43e8b-b8c3-435a-bf60-ec797ee46bf5@group-D4169009462C-LeaderElection47] INFO  impl.RoleInfo (RoleInfo.java:shutdownLeaderElection(130)) - 29d43e8b-b8c3-435a-bf60-ec797ee46bf5: shutdown 29d43e8b-b8c3-435a-bf60-ec797ee46bf5@group-D4169009462C-LeaderElection47
2022-07-12 21:07:47,476 [29d43e8b-b8c3-435a-bf60-ec797ee46bf5@group-D4169009462C-LeaderElection47] INFO  server.RaftServer$Division (RaftServerImpl.java:setRole(299)) - 29d43e8b-b8c3-435a-bf60-ec797ee46bf5@group-D4169009462C: changes role from CANDIDATE to LEADER at term 1 for changeToLeader
2022-07-12 21:07:47,476 [29d43e8b-b8c3-435a-bf60-ec797ee46bf5@group-D4169009462C-LeaderElection47] INFO  ratis.XceiverServerRatis (XceiverServerRatis.java:handleLeaderChangedNotification(863)) - Leader change notification received for group: group-D4169009462C with new leaderId: 29d43e8b-b8c3-435a-bf60-ec797ee46bf5
2022-07-12 21:07:47,476 [29d43e8b-b8c3-435a-bf60-ec797ee46bf5@group-D4169009462C-LeaderElection47] INFO  server.RaftServer$Division (ServerState.java:setLeader(287)) - 29d43e8b-b8c3-435a-bf60-ec797ee46bf5@group-D4169009462C: change Leader from null to 29d43e8b-b8c3-435a-bf60-ec797ee46bf5 at term 1 for becomeLeader, leader elected after 5240ms
2022-07-12 21:07:47,476 [29d43e8b-b8c3-435a-bf60-ec797ee46bf5@group-D4169009462C-LeaderElection47] INFO  server.RaftServerConfigKeys (ConfUtils.java:logGet(46)) - raft.server.staging.catchup.gap = 1000 (default)
2022-07-12 21:07:47,476 [29d43e8b-b8c3-435a-bf60-ec797ee46bf5@group-D4169009462C-LeaderElection47] INFO  server.RaftServerConfigKeys (ConfUtils.java:logGet(46)) - raft.server.write.element-limit = 1024 (custom)
2022-07-12 21:07:47,476 [29d43e8b-b8c3-435a-bf60-ec797ee46bf5@group-D4169009462C-LeaderElection47] INFO  server.RaftServerConfigKeys (ConfUtils.java:logGet(46)) - raft.server.write.byte-limit = 1024 M (=1073741824) (custom)
2022-07-12 21:07:47,477 [29d43e8b-b8c3-435a-bf60-ec797ee46bf5@group-D4169009462C-LeaderElection47] INFO  server.RaftServerConfigKeys (ConfUtils.java:logGet(46)) - raft.server.watch.timeout = 180s (custom)
2022-07-12 21:07:47,477 [29d43e8b-b8c3-435a-bf60-ec797ee46bf5@group-D4169009462C-LeaderElection47] INFO  server.RaftServerConfigKeys (ConfUtils.java:logGet(46)) - raft.server.watch.timeout.denomination = 1s (default)
2022-07-12 21:07:47,477 [29d43e8b-b8c3-435a-bf60-ec797ee46bf5@group-D4169009462C-LeaderElection47] INFO  server.RaftServerConfigKeys (ConfUtils.java:logGet(46)) - raft.server.watch.element-limit = 65536 (default)
2022-07-12 21:07:47,477 [29d43e8b-b8c3-435a-bf60-ec797ee46bf5@group-D4169009462C-LeaderElection47] INFO  server.RaftServerConfigKeys (ConfUtils.java:logGet(46)) - raft.server.write.element-limit = 1024 (custom)
2022-07-12 21:07:47,477 [29d43e8b-b8c3-435a-bf60-ec797ee46bf5@group-D4169009462C-LeaderElection47] INFO  server.RaftServerConfigKeys (ConfUtils.java:logGet(46)) - raft.server.write.follower.gap.ratio.max = -1.0 (default)
2022-07-12 21:07:47,477 [29d43e8b-b8c3-435a-bf60-ec797ee46bf5@group-D4169009462C-LeaderElection47] INFO  impl.RoleInfo (RoleInfo.java:updateAndGet(139)) - 29d43e8b-b8c3-435a-bf60-ec797ee46bf5: start 29d43e8b-b8c3-435a-bf60-ec797ee46bf5@group-D4169009462C-LeaderStateImpl
2022-07-12 21:07:47,484 [29d43e8b-b8c3-435a-bf60-ec797ee46bf5@group-D4169009462C-LeaderElection47] INFO  segmented.SegmentedRaftLogWorker (SegmentedRaftLogWorker.java:startLogSegment(425)) - 29d43e8b-b8c3-435a-bf60-ec797ee46bf5@group-D4169009462C-SegmentedRaftLogWorker: Starting segment from index:0
2022-07-12 21:07:47,488 [29d43e8b-b8c3-435a-bf60-ec797ee46bf5@group-D4169009462C-SegmentedRaftLogWorker] INFO  segmented.SegmentedRaftLogWorker (SegmentedRaftLogWorker.java:execute(629)) - 29d43e8b-b8c3-435a-bf60-ec797ee46bf5@group-D4169009462C-SegmentedRaftLogWorker: created new log segment /home/runner/work/ozone/ozone/hadoop-ozone/integration-test/target/test-dir/MiniOzoneClusterImpl-03d8019b-d99e-41ea-b31f-f002ac91f2ca/datanode-2/data/ratis/33c00d41-850e-41e4-a488-d4169009462c/current/log_inprogress_0
2022-07-12 21:07:47,507 [29d43e8b-b8c3-435a-bf60-ec797ee46bf5@group-D4169009462C-LeaderElection47] INFO  server.RaftServer$Division (ServerState.java:setRaftConf(393)) - 29d43e8b-b8c3-435a-bf60-ec797ee46bf5@group-D4169009462C: set configuration 0: [29d43e8b-b8c3-435a-bf60-ec797ee46bf5|rpc:10.1.0.20:33347|dataStream:|priority:1], old=null
21:07:48.113 [IPC Server handler 1 on default port 33595] ERROR OMAudit - user=runner | ip=127.0.0.1 | op=READ_BUCKET {volume=volume-46163, bucket=bucket-13804} | ret=FAILURE
org.apache.hadoop.ozone.om.exceptions.OMException: Volume not found when getting bucket info
	at org.apache.hadoop.ozone.om.BucketManagerImpl.getBucketInfo(BucketManagerImpl.java:127) ~[ozone-manager-1.3.0-SNAPSHOT.jar:?]
	at org.apache.hadoop.ozone.om.OzoneManager.getBucketInfo(OzoneManager.java:2778) ~[ozone-manager-1.3.0-SNAPSHOT.jar:?]
	at org.apache.hadoop.ozone.protocolPB.OzoneManagerRequestHandler.infoBucket(OzoneManagerRequestHandler.java:464) ~[ozone-manager-1.3.0-SNAPSHOT.jar:?]
	at org.apache.hadoop.ozone.protocolPB.OzoneManagerRequestHandler.handleReadRequest(OzoneManagerRequestHandler.java:172) ~[ozone-manager-1.3.0-SNAPSHOT.jar:?]
	at org.apache.hadoop.ozone.protocolPB.OzoneManagerProtocolServerSideTranslatorPB.submitReadRequestToOM(OzoneManagerProtocolServerSideTranslatorPB.java:226) ~[ozone-manager-1.3.0-SNAPSHOT.jar:?]
	at org.apache.hadoop.ozone.protocolPB.OzoneManagerProtocolServerSideTranslatorPB.processRequest(OzoneManagerProtocolServerSideTranslatorPB.java:175) ~[ozone-manager-1.3.0-SNAPSHOT.jar:?]
	at org.apache.hadoop.hdds.server.OzoneProtocolMessageDispatcher.processRequest(OzoneProtocolMessageDispatcher.java:87) [hdds-server-framework-1.3.0-SNAPSHOT.jar:?]
	at org.apache.hadoop.ozone.protocolPB.OzoneManagerProtocolServerSideTranslatorPB.submitRequest(OzoneManagerProtocolServerSideTranslatorPB.java:147) [ozone-manager-1.3.0-SNAPSHOT.jar:?]
	at org.apache.hadoop.ozone.protocol.proto.OzoneManagerProtocolProtos$OzoneManagerService$2.callBlockingMethod(OzoneManagerProtocolProtos.java) [ozone-interface-client-1.3.0-SNAPSHOT.jar:?]
	at org.apache.hadoop.ipc.ProtobufRpcEngine$Server.processCall(ProtobufRpcEngine.java:466) [hadoop-common-3.3.1.jar:?]
	at org.apache.hadoop.ipc.ProtobufRpcEngine2$Server$ProtoBufRpcInvoker.call(ProtobufRpcEngine2.java:574) [hadoop-common-3.3.1.jar:?]
	at org.apache.hadoop.ipc.ProtobufRpcEngine2$Server$ProtoBufRpcInvoker.call(ProtobufRpcEngine2.java:552) [hadoop-common-3.3.1.jar:?]
	at org.apache.hadoop.ipc.RPC$Server.call(RPC.java:1093) [hadoop-common-3.3.1.jar:?]
	at org.apache.hadoop.ipc.Server$RpcCall.run(Server.java:1035) [hadoop-common-3.3.1.jar:?]
	at org.apache.hadoop.ipc.Server$RpcCall.run(Server.java:963) [hadoop-common-3.3.1.jar:?]
	at java.security.AccessController.doPrivileged(Native Method) ~[?:1.8.0_332]
	at javax.security.auth.Subject.doAs(Subject.java:422) [?:1.8.0_332]
	at org.apache.hadoop.security.UserGroupInformation.doAs(UserGroupInformation.java:1878) [hadoop-common-3.3.1.jar:?]
	at org.apache.hadoop.ipc.Server$Handler.run(Server.java:2966) [hadoop-common-3.3.1.jar:?]
2022-07-12 21:07:48,114 [Time-limited test] INFO  rpc.RpcClient (RpcClient.java:createVolume(466)) - Creating Volume: volume-46163, with runner as owner and space quota set to -1 bytes, counts quota set to -1
2022-07-12 21:07:48,115 [OM StateMachine ApplyTransaction Thread - 0] INFO  volume.OMVolumeCreateRequest (OMVolumeCreateRequest.java:validateAndUpdateCache(195)) - created volume:volume-46163 for user:runner
2022-07-12 21:07:48,116 [Time-limited test] INFO  rpc.RpcClient (RpcClient.java:createBucket(669)) - Creating Bucket: volume-46163/bucket-13804, with bucket layout LEGACY, runner as owner, Versioning false, Storage Type set to DISK and Encryption set to false 
2022-07-12 21:07:48,118 [OM StateMachine ApplyTransaction Thread - 0] INFO  bucket.OMBucketCreateRequest (OMBucketCreateRequest.java:validateAndUpdateCache(260)) - created bucket: bucket-13804 of layout LEGACY in volume: volume-46163
]]></system-out>
  </testcase>
  <testcase name="testListStatusRootAndVolumeRecursive" classname="TestRootedOzoneFileSystem" time="1.775">
    <system-out><![CDATA[2022-07-12 21:09:27,898 [Time-limited test] INFO  rpc.RpcClient (RpcClient.java:createVolume(466)) - Creating Volume: volume10757, with user49482 as owner and space quota set to -1 bytes, counts quota set to -1
2022-07-12 21:09:27,898 [IPC Server handler 18 on default port 32899] INFO  volume.OMVolumeCreateRequest (OMVolumeCreateRequest.java:validateAndUpdateCache(195)) - created volume:volume10757 for user:user49482
2022-07-12 21:09:27,904 [Time-limited test] INFO  rpc.RpcClient (RpcClient.java:createBucket(669)) - Creating Bucket: volume10757/bucket97950, with bucket layout LEGACY, runner as owner, Versioning false, Storage Type set to DISK and Encryption set to false 
2022-07-12 21:09:27,904 [IPC Server handler 1 on default port 32899] INFO  bucket.OMBucketCreateRequest (OMBucketCreateRequest.java:validateAndUpdateCache(260)) - created bucket: bucket97950 of layout LEGACY in volume: volume10757
21:09:27.912 [IPC Server handler 8 on default port 32899] ERROR OMAudit - user=runner | ip=127.0.0.1 | op=READ_BUCKET {volume=volume-42436, bucket=bucket-04627} | ret=FAILURE
org.apache.hadoop.ozone.om.exceptions.OMException: Volume not found when getting bucket info
	at org.apache.hadoop.ozone.om.BucketManagerImpl.getBucketInfo(BucketManagerImpl.java:127) ~[ozone-manager-1.3.0-SNAPSHOT.jar:?]
	at org.apache.hadoop.ozone.om.OzoneManager.getBucketInfo(OzoneManager.java:2778) ~[ozone-manager-1.3.0-SNAPSHOT.jar:?]
	at org.apache.hadoop.ozone.protocolPB.OzoneManagerRequestHandler.infoBucket(OzoneManagerRequestHandler.java:464) ~[ozone-manager-1.3.0-SNAPSHOT.jar:?]
	at org.apache.hadoop.ozone.protocolPB.OzoneManagerRequestHandler.handleReadRequest(OzoneManagerRequestHandler.java:172) ~[ozone-manager-1.3.0-SNAPSHOT.jar:?]
	at org.apache.hadoop.ozone.protocolPB.OzoneManagerProtocolServerSideTranslatorPB.submitRequestDirectlyToOM(OzoneManagerProtocolServerSideTranslatorPB.java:276) ~[ozone-manager-1.3.0-SNAPSHOT.jar:?]
	at org.apache.hadoop.ozone.protocolPB.OzoneManagerProtocolServerSideTranslatorPB.processRequest(OzoneManagerProtocolServerSideTranslatorPB.java:205) ~[ozone-manager-1.3.0-SNAPSHOT.jar:?]
	at org.apache.hadoop.hdds.server.OzoneProtocolMessageDispatcher.processRequest(OzoneProtocolMessageDispatcher.java:87) [hdds-server-framework-1.3.0-SNAPSHOT.jar:?]
	at org.apache.hadoop.ozone.protocolPB.OzoneManagerProtocolServerSideTranslatorPB.submitRequest(OzoneManagerProtocolServerSideTranslatorPB.java:147) [ozone-manager-1.3.0-SNAPSHOT.jar:?]
	at org.apache.hadoop.ozone.protocol.proto.OzoneManagerProtocolProtos$OzoneManagerService$2.callBlockingMethod(OzoneManagerProtocolProtos.java) [ozone-interface-client-1.3.0-SNAPSHOT.jar:?]
	at org.apache.hadoop.ipc.ProtobufRpcEngine$Server.processCall(ProtobufRpcEngine.java:466) [hadoop-common-3.3.1.jar:?]
	at org.apache.hadoop.ipc.ProtobufRpcEngine2$Server$ProtoBufRpcInvoker.call(ProtobufRpcEngine2.java:574) [hadoop-common-3.3.1.jar:?]
	at org.apache.hadoop.ipc.ProtobufRpcEngine2$Server$ProtoBufRpcInvoker.call(ProtobufRpcEngine2.java:552) [hadoop-common-3.3.1.jar:?]
	at org.apache.hadoop.ipc.RPC$Server.call(RPC.java:1093) [hadoop-common-3.3.1.jar:?]
	at org.apache.hadoop.ipc.Server$RpcCall.run(Server.java:1035) [hadoop-common-3.3.1.jar:?]
	at org.apache.hadoop.ipc.Server$RpcCall.run(Server.java:963) [hadoop-common-3.3.1.jar:?]
	at java.security.AccessController.doPrivileged(Native Method) ~[?:1.8.0_332]
	at javax.security.auth.Subject.doAs(Subject.java:422) [?:1.8.0_332]
	at org.apache.hadoop.security.UserGroupInformation.doAs(UserGroupInformation.java:1878) [hadoop-common-3.3.1.jar:?]
	at org.apache.hadoop.ipc.Server$Handler.run(Server.java:2966) [hadoop-common-3.3.1.jar:?]
2022-07-12 21:09:27,912 [Time-limited test] INFO  rpc.RpcClient (RpcClient.java:createVolume(466)) - Creating Volume: volume-42436, with runner as owner and space quota set to -1 bytes, counts quota set to -1
2022-07-12 21:09:27,913 [IPC Server handler 3 on default port 32899] INFO  volume.OMVolumeCreateRequest (OMVolumeCreateRequest.java:validateAndUpdateCache(195)) - created volume:volume-42436 for user:runner
2022-07-12 21:09:27,914 [Time-limited test] INFO  rpc.RpcClient (RpcClient.java:createBucket(669)) - Creating Bucket: volume-42436/bucket-04627, with bucket layout LEGACY, runner as owner, Versioning false, Storage Type set to DISK and Encryption set to false 
2022-07-12 21:09:27,914 [IPC Server handler 4 on default port 32899] INFO  bucket.OMBucketCreateRequest (OMBucketCreateRequest.java:validateAndUpdateCache(260)) - created bucket: bucket-04627 of layout LEGACY in volume: volume-42436
21:09:28.679 [IPC Server handler 17 on default port 32899] ERROR OMAudit - user=runner | ip=127.0.0.1 | op=READ_BUCKET {volume=volume-13245, bucket=bucket-71000} | ret=FAILURE
org.apache.hadoop.ozone.om.exceptions.OMException: Volume not found when getting bucket info
	at org.apache.hadoop.ozone.om.BucketManagerImpl.getBucketInfo(BucketManagerImpl.java:127) ~[ozone-manager-1.3.0-SNAPSHOT.jar:?]
	at org.apache.hadoop.ozone.om.OzoneManager.getBucketInfo(OzoneManager.java:2778) ~[ozone-manager-1.3.0-SNAPSHOT.jar:?]
	at org.apache.hadoop.ozone.protocolPB.OzoneManagerRequestHandler.infoBucket(OzoneManagerRequestHandler.java:464) ~[ozone-manager-1.3.0-SNAPSHOT.jar:?]
	at org.apache.hadoop.ozone.protocolPB.OzoneManagerRequestHandler.handleReadRequest(OzoneManagerRequestHandler.java:172) ~[ozone-manager-1.3.0-SNAPSHOT.jar:?]
	at org.apache.hadoop.ozone.protocolPB.OzoneManagerProtocolServerSideTranslatorPB.submitRequestDirectlyToOM(OzoneManagerProtocolServerSideTranslatorPB.java:276) ~[ozone-manager-1.3.0-SNAPSHOT.jar:?]
	at org.apache.hadoop.ozone.protocolPB.OzoneManagerProtocolServerSideTranslatorPB.processRequest(OzoneManagerProtocolServerSideTranslatorPB.java:205) ~[ozone-manager-1.3.0-SNAPSHOT.jar:?]
	at org.apache.hadoop.hdds.server.OzoneProtocolMessageDispatcher.processRequest(OzoneProtocolMessageDispatcher.java:87) [hdds-server-framework-1.3.0-SNAPSHOT.jar:?]
	at org.apache.hadoop.ozone.protocolPB.OzoneManagerProtocolServerSideTranslatorPB.submitRequest(OzoneManagerProtocolServerSideTranslatorPB.java:147) [ozone-manager-1.3.0-SNAPSHOT.jar:?]
	at org.apache.hadoop.ozone.protocol.proto.OzoneManagerProtocolProtos$OzoneManagerService$2.callBlockingMethod(OzoneManagerProtocolProtos.java) [ozone-interface-client-1.3.0-SNAPSHOT.jar:?]
	at org.apache.hadoop.ipc.ProtobufRpcEngine$Server.processCall(ProtobufRpcEngine.java:466) [hadoop-common-3.3.1.jar:?]
	at org.apache.hadoop.ipc.ProtobufRpcEngine2$Server$ProtoBufRpcInvoker.call(ProtobufRpcEngine2.java:574) [hadoop-common-3.3.1.jar:?]
	at org.apache.hadoop.ipc.ProtobufRpcEngine2$Server$ProtoBufRpcInvoker.call(ProtobufRpcEngine2.java:552) [hadoop-common-3.3.1.jar:?]
	at org.apache.hadoop.ipc.RPC$Server.call(RPC.java:1093) [hadoop-common-3.3.1.jar:?]
	at org.apache.hadoop.ipc.Server$RpcCall.run(Server.java:1035) [hadoop-common-3.3.1.jar:?]
	at org.apache.hadoop.ipc.Server$RpcCall.run(Server.java:963) [hadoop-common-3.3.1.jar:?]
	at java.security.AccessController.doPrivileged(Native Method) ~[?:1.8.0_332]
	at javax.security.auth.Subject.doAs(Subject.java:422) [?:1.8.0_332]
	at org.apache.hadoop.security.UserGroupInformation.doAs(UserGroupInformation.java:1878) [hadoop-common-3.3.1.jar:?]
	at org.apache.hadoop.ipc.Server$Handler.run(Server.java:2966) [hadoop-common-3.3.1.jar:?]
2022-07-12 21:09:28,680 [Time-limited test] INFO  rpc.RpcClient (RpcClient.java:createVolume(466)) - Creating Volume: volume-13245, with runner as owner and space quota set to -1 bytes, counts quota set to -1
2022-07-12 21:09:28,681 [IPC Server handler 18 on default port 32899] INFO  volume.OMVolumeCreateRequest (OMVolumeCreateRequest.java:validateAndUpdateCache(195)) - created volume:volume-13245 for user:runner
2022-07-12 21:09:28,681 [Time-limited test] INFO  rpc.RpcClient (RpcClient.java:createBucket(669)) - Creating Bucket: volume-13245/bucket-71000, with bucket layout LEGACY, runner as owner, Versioning false, Storage Type set to DISK and Encryption set to false 
2022-07-12 21:09:28,682 [IPC Server handler 1 on default port 32899] INFO  bucket.OMBucketCreateRequest (OMBucketCreateRequest.java:validateAndUpdateCache(260)) - created bucket: bucket-71000 of layout LEGACY in volume: volume-13245
]]></system-out>
  </testcase>
  <testcase name="testTempMount" classname="TestRootedOzoneFileSystem" time="0.214">
    <system-out><![CDATA[2022-07-12 21:04:05,952 [Time-limited test] INFO  rpc.RpcClient (RpcClient.java:createVolume(466)) - Creating Volume: volume49580, with user14701 as owner and space quota set to -1 bytes, counts quota set to -1
2022-07-12 21:04:05,960 [OM StateMachine ApplyTransaction Thread - 0] INFO  volume.OMVolumeCreateRequest (OMVolumeCreateRequest.java:validateAndUpdateCache(195)) - created volume:volume49580 for user:user14701
2022-07-12 21:04:05,964 [Time-limited test] INFO  rpc.RpcClient (RpcClient.java:createBucket(669)) - Creating Bucket: volume49580/bucket54701, with bucket layout LEGACY, runner as owner, Versioning false, Storage Type set to DISK and Encryption set to false 
2022-07-12 21:04:05,967 [OM StateMachine ApplyTransaction Thread - 0] INFO  bucket.OMBucketCreateRequest (OMBucketCreateRequest.java:validateAndUpdateCache(260)) - created bucket: bucket54701 of layout LEGACY in volume: volume49580
2022-07-12 21:04:05,970 [Time-limited test] INFO  rpc.RpcClient (RpcClient.java:createVolume(466)) - Creating Volume: tmp, with runner as owner and space quota set to 9223372036854775807 bytes, counts quota set to 1000
2022-07-12 21:04:05,972 [OM StateMachine ApplyTransaction Thread - 0] INFO  volume.OMVolumeCreateRequest (OMVolumeCreateRequest.java:validateAndUpdateCache(195)) - created volume:tmp for user:runner
2022-07-12 21:04:05,979 [Time-limited test] INFO  rpc.RpcClient (RpcClient.java:createBucket(669)) - Creating Bucket: tmp/4bad0b8dd3074cd43f641c2ac22a3571, with bucket layout LEGACY, runner as owner, Versioning false, Storage Type set to DISK and Encryption set to false 
2022-07-12 21:04:05,982 [OM StateMachine ApplyTransaction Thread - 0] INFO  bucket.OMBucketCreateRequest (OMBucketCreateRequest.java:validateAndUpdateCache(260)) - created bucket: 4bad0b8dd3074cd43f641c2ac22a3571 of layout LEGACY in volume: tmp
]]></system-out>
  </testcase>
  <testcase name="testTempMount" classname="TestRootedOzoneFileSystem" time="0.297">
    <system-out><![CDATA[2022-07-12 21:05:17,484 [Time-limited test] INFO  rpc.RpcClient (RpcClient.java:createVolume(466)) - Creating Volume: volume07570, with user44589 as owner and space quota set to -1 bytes, counts quota set to -1
2022-07-12 21:05:17,494 [OM StateMachine ApplyTransaction Thread - 0] INFO  volume.OMVolumeCreateRequest (OMVolumeCreateRequest.java:validateAndUpdateCache(195)) - created volume:volume07570 for user:user44589
2022-07-12 21:05:17,495 [Time-limited test] INFO  rpc.RpcClient (RpcClient.java:createBucket(669)) - Creating Bucket: volume07570/bucket96668, with bucket layout LEGACY, runner as owner, Versioning false, Storage Type set to DISK and Encryption set to false 
2022-07-12 21:05:17,497 [OM StateMachine ApplyTransaction Thread - 0] INFO  bucket.OMBucketCreateRequest (OMBucketCreateRequest.java:validateAndUpdateCache(260)) - created bucket: bucket96668 of layout LEGACY in volume: volume07570
2022-07-12 21:05:17,498 [Time-limited test] INFO  rpc.RpcClient (RpcClient.java:createVolume(466)) - Creating Volume: tmp, with runner as owner and space quota set to 9223372036854775807 bytes, counts quota set to 1000
2022-07-12 21:05:17,500 [OM StateMachine ApplyTransaction Thread - 0] INFO  volume.OMVolumeCreateRequest (OMVolumeCreateRequest.java:validateAndUpdateCache(195)) - created volume:tmp for user:runner
21:05:17.502 [IPC Server handler 13 on default port 38457] ERROR OMAudit - user=runner | ip=127.0.0.1 | op=READ_BUCKET {volume=tmp, bucket=4bad0b8dd3074cd43f641c2ac22a3571} | ret=FAILURE
org.apache.hadoop.ozone.om.exceptions.OMException: Bucket not found
	at org.apache.hadoop.ozone.om.BucketManagerImpl.getBucketInfo(BucketManagerImpl.java:131) ~[ozone-manager-1.3.0-SNAPSHOT.jar:?]
	at org.apache.hadoop.ozone.om.OzoneManager.getBucketInfo(OzoneManager.java:2778) ~[ozone-manager-1.3.0-SNAPSHOT.jar:?]
	at org.apache.hadoop.ozone.protocolPB.OzoneManagerRequestHandler.infoBucket(OzoneManagerRequestHandler.java:464) ~[ozone-manager-1.3.0-SNAPSHOT.jar:?]
	at org.apache.hadoop.ozone.protocolPB.OzoneManagerRequestHandler.handleReadRequest(OzoneManagerRequestHandler.java:172) ~[ozone-manager-1.3.0-SNAPSHOT.jar:?]
	at org.apache.hadoop.ozone.protocolPB.OzoneManagerProtocolServerSideTranslatorPB.submitReadRequestToOM(OzoneManagerProtocolServerSideTranslatorPB.java:226) ~[ozone-manager-1.3.0-SNAPSHOT.jar:?]
	at org.apache.hadoop.ozone.protocolPB.OzoneManagerProtocolServerSideTranslatorPB.processRequest(OzoneManagerProtocolServerSideTranslatorPB.java:175) ~[ozone-manager-1.3.0-SNAPSHOT.jar:?]
	at org.apache.hadoop.hdds.server.OzoneProtocolMessageDispatcher.processRequest(OzoneProtocolMessageDispatcher.java:87) [hdds-server-framework-1.3.0-SNAPSHOT.jar:?]
	at org.apache.hadoop.ozone.protocolPB.OzoneManagerProtocolServerSideTranslatorPB.submitRequest(OzoneManagerProtocolServerSideTranslatorPB.java:147) [ozone-manager-1.3.0-SNAPSHOT.jar:?]
	at org.apache.hadoop.ozone.protocol.proto.OzoneManagerProtocolProtos$OzoneManagerService$2.callBlockingMethod(OzoneManagerProtocolProtos.java) [ozone-interface-client-1.3.0-SNAPSHOT.jar:?]
	at org.apache.hadoop.ipc.ProtobufRpcEngine$Server.processCall(ProtobufRpcEngine.java:466) [hadoop-common-3.3.1.jar:?]
	at org.apache.hadoop.ipc.ProtobufRpcEngine2$Server$ProtoBufRpcInvoker.call(ProtobufRpcEngine2.java:574) [hadoop-common-3.3.1.jar:?]
	at org.apache.hadoop.ipc.ProtobufRpcEngine2$Server$ProtoBufRpcInvoker.call(ProtobufRpcEngine2.java:552) [hadoop-common-3.3.1.jar:?]
	at org.apache.hadoop.ipc.RPC$Server.call(RPC.java:1093) [hadoop-common-3.3.1.jar:?]
	at org.apache.hadoop.ipc.Server$RpcCall.run(Server.java:1035) [hadoop-common-3.3.1.jar:?]
	at org.apache.hadoop.ipc.Server$RpcCall.run(Server.java:963) [hadoop-common-3.3.1.jar:?]
	at java.security.AccessController.doPrivileged(Native Method) ~[?:1.8.0_332]
	at javax.security.auth.Subject.doAs(Subject.java:422) [?:1.8.0_332]
	at org.apache.hadoop.security.UserGroupInformation.doAs(UserGroupInformation.java:1878) [hadoop-common-3.3.1.jar:?]
	at org.apache.hadoop.ipc.Server$Handler.run(Server.java:2966) [hadoop-common-3.3.1.jar:?]
21:05:17.504 [IPC Server handler 17 on default port 38457] ERROR OMAudit - user=runner | ip=127.0.0.1 | op=READ_BUCKET {volume=tmp, bucket=4bad0b8dd3074cd43f641c2ac22a3571} | ret=FAILURE
org.apache.hadoop.ozone.om.exceptions.OMException: Bucket not found
	at org.apache.hadoop.ozone.om.BucketManagerImpl.getBucketInfo(BucketManagerImpl.java:131) ~[ozone-manager-1.3.0-SNAPSHOT.jar:?]
	at org.apache.hadoop.ozone.om.OzoneManager.getBucketInfo(OzoneManager.java:2778) ~[ozone-manager-1.3.0-SNAPSHOT.jar:?]
	at org.apache.hadoop.ozone.protocolPB.OzoneManagerRequestHandler.infoBucket(OzoneManagerRequestHandler.java:464) ~[ozone-manager-1.3.0-SNAPSHOT.jar:?]
	at org.apache.hadoop.ozone.protocolPB.OzoneManagerRequestHandler.handleReadRequest(OzoneManagerRequestHandler.java:172) ~[ozone-manager-1.3.0-SNAPSHOT.jar:?]
	at org.apache.hadoop.ozone.protocolPB.OzoneManagerProtocolServerSideTranslatorPB.submitReadRequestToOM(OzoneManagerProtocolServerSideTranslatorPB.java:226) ~[ozone-manager-1.3.0-SNAPSHOT.jar:?]
	at org.apache.hadoop.ozone.protocolPB.OzoneManagerProtocolServerSideTranslatorPB.processRequest(OzoneManagerProtocolServerSideTranslatorPB.java:175) ~[ozone-manager-1.3.0-SNAPSHOT.jar:?]
	at org.apache.hadoop.hdds.server.OzoneProtocolMessageDispatcher.processRequest(OzoneProtocolMessageDispatcher.java:87) [hdds-server-framework-1.3.0-SNAPSHOT.jar:?]
	at org.apache.hadoop.ozone.protocolPB.OzoneManagerProtocolServerSideTranslatorPB.submitRequest(OzoneManagerProtocolServerSideTranslatorPB.java:147) [ozone-manager-1.3.0-SNAPSHOT.jar:?]
	at org.apache.hadoop.ozone.protocol.proto.OzoneManagerProtocolProtos$OzoneManagerService$2.callBlockingMethod(OzoneManagerProtocolProtos.java) [ozone-interface-client-1.3.0-SNAPSHOT.jar:?]
	at org.apache.hadoop.ipc.ProtobufRpcEngine$Server.processCall(ProtobufRpcEngine.java:466) [hadoop-common-3.3.1.jar:?]
	at org.apache.hadoop.ipc.ProtobufRpcEngine2$Server$ProtoBufRpcInvoker.call(ProtobufRpcEngine2.java:574) [hadoop-common-3.3.1.jar:?]
	at org.apache.hadoop.ipc.ProtobufRpcEngine2$Server$ProtoBufRpcInvoker.call(ProtobufRpcEngine2.java:552) [hadoop-common-3.3.1.jar:?]
	at org.apache.hadoop.ipc.RPC$Server.call(RPC.java:1093) [hadoop-common-3.3.1.jar:?]
	at org.apache.hadoop.ipc.Server$RpcCall.run(Server.java:1035) [hadoop-common-3.3.1.jar:?]
	at org.apache.hadoop.ipc.Server$RpcCall.run(Server.java:963) [hadoop-common-3.3.1.jar:?]
	at java.security.AccessController.doPrivileged(Native Method) ~[?:1.8.0_332]
	at javax.security.auth.Subject.doAs(Subject.java:422) [?:1.8.0_332]
	at org.apache.hadoop.security.UserGroupInformation.doAs(UserGroupInformation.java:1878) [hadoop-common-3.3.1.jar:?]
	at org.apache.hadoop.ipc.Server$Handler.run(Server.java:2966) [hadoop-common-3.3.1.jar:?]
2022-07-12 21:05:17,505 [Time-limited test] INFO  rpc.RpcClient (RpcClient.java:createBucket(669)) - Creating Bucket: tmp/4bad0b8dd3074cd43f641c2ac22a3571, with bucket layout LEGACY, runner as owner, Versioning false, Storage Type set to DISK and Encryption set to false 
2022-07-12 21:05:17,507 [OM StateMachine ApplyTransaction Thread - 0] INFO  bucket.OMBucketCreateRequest (OMBucketCreateRequest.java:validateAndUpdateCache(260)) - created bucket: 4bad0b8dd3074cd43f641c2ac22a3571 of layout LEGACY in volume: tmp
]]></system-out>
  </testcase>
  <testcase name="testTempMount" classname="TestRootedOzoneFileSystem" time="0.306">
    <system-out><![CDATA[2022-07-12 21:06:30,396 [Time-limited test] INFO  rpc.RpcClient (RpcClient.java:createVolume(466)) - Creating Volume: volume52420, with user14466 as owner and space quota set to -1 bytes, counts quota set to -1
2022-07-12 21:06:30,400 [IPC Server handler 17 on default port 37581] INFO  volume.OMVolumeCreateRequest (OMVolumeCreateRequest.java:validateAndUpdateCache(195)) - created volume:volume52420 for user:user14466
2022-07-12 21:06:30,401 [Time-limited test] INFO  rpc.RpcClient (RpcClient.java:createBucket(669)) - Creating Bucket: volume52420/bucket05867, with bucket layout LEGACY, runner as owner, Versioning false, Storage Type set to DISK and Encryption set to false 
2022-07-12 21:06:30,401 [IPC Server handler 14 on default port 37581] INFO  bucket.OMBucketCreateRequest (OMBucketCreateRequest.java:validateAndUpdateCache(260)) - created bucket: bucket05867 of layout LEGACY in volume: volume52420
2022-07-12 21:06:30,402 [Time-limited test] INFO  rpc.RpcClient (RpcClient.java:createVolume(466)) - Creating Volume: tmp, with runner as owner and space quota set to 9223372036854775807 bytes, counts quota set to 1000
2022-07-12 21:06:30,403 [IPC Server handler 0 on default port 37581] INFO  volume.OMVolumeCreateRequest (OMVolumeCreateRequest.java:validateAndUpdateCache(195)) - created volume:tmp for user:runner
21:06:30.408 [IPC Server handler 3 on default port 37581] ERROR OMAudit - user=runner | ip=127.0.0.1 | op=READ_BUCKET {volume=tmp, bucket=4bad0b8dd3074cd43f641c2ac22a3571} | ret=FAILURE
org.apache.hadoop.ozone.om.exceptions.OMException: Bucket not found
	at org.apache.hadoop.ozone.om.BucketManagerImpl.getBucketInfo(BucketManagerImpl.java:131) ~[ozone-manager-1.3.0-SNAPSHOT.jar:?]
	at org.apache.hadoop.ozone.om.OzoneManager.getBucketInfo(OzoneManager.java:2778) ~[ozone-manager-1.3.0-SNAPSHOT.jar:?]
	at org.apache.hadoop.ozone.protocolPB.OzoneManagerRequestHandler.infoBucket(OzoneManagerRequestHandler.java:464) ~[ozone-manager-1.3.0-SNAPSHOT.jar:?]
	at org.apache.hadoop.ozone.protocolPB.OzoneManagerRequestHandler.handleReadRequest(OzoneManagerRequestHandler.java:172) ~[ozone-manager-1.3.0-SNAPSHOT.jar:?]
	at org.apache.hadoop.ozone.protocolPB.OzoneManagerProtocolServerSideTranslatorPB.submitRequestDirectlyToOM(OzoneManagerProtocolServerSideTranslatorPB.java:276) ~[ozone-manager-1.3.0-SNAPSHOT.jar:?]
	at org.apache.hadoop.ozone.protocolPB.OzoneManagerProtocolServerSideTranslatorPB.processRequest(OzoneManagerProtocolServerSideTranslatorPB.java:205) ~[ozone-manager-1.3.0-SNAPSHOT.jar:?]
	at org.apache.hadoop.hdds.server.OzoneProtocolMessageDispatcher.processRequest(OzoneProtocolMessageDispatcher.java:87) [hdds-server-framework-1.3.0-SNAPSHOT.jar:?]
	at org.apache.hadoop.ozone.protocolPB.OzoneManagerProtocolServerSideTranslatorPB.submitRequest(OzoneManagerProtocolServerSideTranslatorPB.java:147) [ozone-manager-1.3.0-SNAPSHOT.jar:?]
	at org.apache.hadoop.ozone.protocol.proto.OzoneManagerProtocolProtos$OzoneManagerService$2.callBlockingMethod(OzoneManagerProtocolProtos.java) [ozone-interface-client-1.3.0-SNAPSHOT.jar:?]
	at org.apache.hadoop.ipc.ProtobufRpcEngine$Server.processCall(ProtobufRpcEngine.java:466) [hadoop-common-3.3.1.jar:?]
	at org.apache.hadoop.ipc.ProtobufRpcEngine2$Server$ProtoBufRpcInvoker.call(ProtobufRpcEngine2.java:574) [hadoop-common-3.3.1.jar:?]
	at org.apache.hadoop.ipc.ProtobufRpcEngine2$Server$ProtoBufRpcInvoker.call(ProtobufRpcEngine2.java:552) [hadoop-common-3.3.1.jar:?]
	at org.apache.hadoop.ipc.RPC$Server.call(RPC.java:1093) [hadoop-common-3.3.1.jar:?]
	at org.apache.hadoop.ipc.Server$RpcCall.run(Server.java:1035) [hadoop-common-3.3.1.jar:?]
	at org.apache.hadoop.ipc.Server$RpcCall.run(Server.java:963) [hadoop-common-3.3.1.jar:?]
	at java.security.AccessController.doPrivileged(Native Method) ~[?:1.8.0_332]
	at javax.security.auth.Subject.doAs(Subject.java:422) [?:1.8.0_332]
	at org.apache.hadoop.security.UserGroupInformation.doAs(UserGroupInformation.java:1878) [hadoop-common-3.3.1.jar:?]
	at org.apache.hadoop.ipc.Server$Handler.run(Server.java:2966) [hadoop-common-3.3.1.jar:?]
21:06:30.409 [IPC Server handler 13 on default port 37581] ERROR OMAudit - user=runner | ip=127.0.0.1 | op=READ_BUCKET {volume=tmp, bucket=4bad0b8dd3074cd43f641c2ac22a3571} | ret=FAILURE
org.apache.hadoop.ozone.om.exceptions.OMException: Bucket not found
	at org.apache.hadoop.ozone.om.BucketManagerImpl.getBucketInfo(BucketManagerImpl.java:131) ~[ozone-manager-1.3.0-SNAPSHOT.jar:?]
	at org.apache.hadoop.ozone.om.OzoneManager.getBucketInfo(OzoneManager.java:2778) ~[ozone-manager-1.3.0-SNAPSHOT.jar:?]
	at org.apache.hadoop.ozone.protocolPB.OzoneManagerRequestHandler.infoBucket(OzoneManagerRequestHandler.java:464) ~[ozone-manager-1.3.0-SNAPSHOT.jar:?]
	at org.apache.hadoop.ozone.protocolPB.OzoneManagerRequestHandler.handleReadRequest(OzoneManagerRequestHandler.java:172) ~[ozone-manager-1.3.0-SNAPSHOT.jar:?]
	at org.apache.hadoop.ozone.protocolPB.OzoneManagerProtocolServerSideTranslatorPB.submitRequestDirectlyToOM(OzoneManagerProtocolServerSideTranslatorPB.java:276) ~[ozone-manager-1.3.0-SNAPSHOT.jar:?]
	at org.apache.hadoop.ozone.protocolPB.OzoneManagerProtocolServerSideTranslatorPB.processRequest(OzoneManagerProtocolServerSideTranslatorPB.java:205) ~[ozone-manager-1.3.0-SNAPSHOT.jar:?]
	at org.apache.hadoop.hdds.server.OzoneProtocolMessageDispatcher.processRequest(OzoneProtocolMessageDispatcher.java:87) [hdds-server-framework-1.3.0-SNAPSHOT.jar:?]
	at org.apache.hadoop.ozone.protocolPB.OzoneManagerProtocolServerSideTranslatorPB.submitRequest(OzoneManagerProtocolServerSideTranslatorPB.java:147) [ozone-manager-1.3.0-SNAPSHOT.jar:?]
	at org.apache.hadoop.ozone.protocol.proto.OzoneManagerProtocolProtos$OzoneManagerService$2.callBlockingMethod(OzoneManagerProtocolProtos.java) [ozone-interface-client-1.3.0-SNAPSHOT.jar:?]
	at org.apache.hadoop.ipc.ProtobufRpcEngine$Server.processCall(ProtobufRpcEngine.java:466) [hadoop-common-3.3.1.jar:?]
	at org.apache.hadoop.ipc.ProtobufRpcEngine2$Server$ProtoBufRpcInvoker.call(ProtobufRpcEngine2.java:574) [hadoop-common-3.3.1.jar:?]
	at org.apache.hadoop.ipc.ProtobufRpcEngine2$Server$ProtoBufRpcInvoker.call(ProtobufRpcEngine2.java:552) [hadoop-common-3.3.1.jar:?]
	at org.apache.hadoop.ipc.RPC$Server.call(RPC.java:1093) [hadoop-common-3.3.1.jar:?]
	at org.apache.hadoop.ipc.Server$RpcCall.run(Server.java:1035) [hadoop-common-3.3.1.jar:?]
	at org.apache.hadoop.ipc.Server$RpcCall.run(Server.java:963) [hadoop-common-3.3.1.jar:?]
	at java.security.AccessController.doPrivileged(Native Method) ~[?:1.8.0_332]
	at javax.security.auth.Subject.doAs(Subject.java:422) [?:1.8.0_332]
	at org.apache.hadoop.security.UserGroupInformation.doAs(UserGroupInformation.java:1878) [hadoop-common-3.3.1.jar:?]
	at org.apache.hadoop.ipc.Server$Handler.run(Server.java:2966) [hadoop-common-3.3.1.jar:?]
2022-07-12 21:06:30,410 [Time-limited test] INFO  rpc.RpcClient (RpcClient.java:createBucket(669)) - Creating Bucket: tmp/4bad0b8dd3074cd43f641c2ac22a3571, with bucket layout LEGACY, runner as owner, Versioning false, Storage Type set to DISK and Encryption set to false 
2022-07-12 21:06:30,415 [IPC Server handler 10 on default port 37581] INFO  bucket.OMBucketCreateRequest (OMBucketCreateRequest.java:validateAndUpdateCache(260)) - created bucket: 4bad0b8dd3074cd43f641c2ac22a3571 of layout LEGACY in volume: tmp
]]></system-out>
  </testcase>
  <testcase name="testTempMount" classname="TestRootedOzoneFileSystem" time="0.604">
    <system-out><![CDATA[2022-07-12 21:07:49,144 [Time-limited test] INFO  rpc.RpcClient (RpcClient.java:createVolume(466)) - Creating Volume: volume84092, with user95500 as owner and space quota set to -1 bytes, counts quota set to -1
2022-07-12 21:07:49,150 [OM StateMachine ApplyTransaction Thread - 0] INFO  volume.OMVolumeCreateRequest (OMVolumeCreateRequest.java:validateAndUpdateCache(195)) - created volume:volume84092 for user:user95500
2022-07-12 21:07:49,151 [Time-limited test] INFO  rpc.RpcClient (RpcClient.java:createBucket(669)) - Creating Bucket: volume84092/bucket72663, with bucket layout LEGACY, runner as owner, Versioning false, Storage Type set to DISK and Encryption set to false 
2022-07-12 21:07:49,152 [OM StateMachine ApplyTransaction Thread - 0] INFO  bucket.OMBucketCreateRequest (OMBucketCreateRequest.java:validateAndUpdateCache(260)) - created bucket: bucket72663 of layout LEGACY in volume: volume84092
2022-07-12 21:07:49,153 [Time-limited test] INFO  rpc.RpcClient (RpcClient.java:createVolume(466)) - Creating Volume: tmp, with runner as owner and space quota set to 9223372036854775807 bytes, counts quota set to 1000
2022-07-12 21:07:49,155 [OM StateMachine ApplyTransaction Thread - 0] INFO  volume.OMVolumeCreateRequest (OMVolumeCreateRequest.java:validateAndUpdateCache(195)) - created volume:tmp for user:runner
21:07:49.156 [IPC Server handler 9 on default port 33595] ERROR OMAudit - user=runner | ip=127.0.0.1 | op=READ_BUCKET {volume=tmp, bucket=4bad0b8dd3074cd43f641c2ac22a3571} | ret=FAILURE
org.apache.hadoop.ozone.om.exceptions.OMException: Bucket not found
	at org.apache.hadoop.ozone.om.BucketManagerImpl.getBucketInfo(BucketManagerImpl.java:131) ~[ozone-manager-1.3.0-SNAPSHOT.jar:?]
	at org.apache.hadoop.ozone.om.OzoneManager.getBucketInfo(OzoneManager.java:2778) ~[ozone-manager-1.3.0-SNAPSHOT.jar:?]
	at org.apache.hadoop.ozone.protocolPB.OzoneManagerRequestHandler.infoBucket(OzoneManagerRequestHandler.java:464) ~[ozone-manager-1.3.0-SNAPSHOT.jar:?]
	at org.apache.hadoop.ozone.protocolPB.OzoneManagerRequestHandler.handleReadRequest(OzoneManagerRequestHandler.java:172) ~[ozone-manager-1.3.0-SNAPSHOT.jar:?]
	at org.apache.hadoop.ozone.protocolPB.OzoneManagerProtocolServerSideTranslatorPB.submitReadRequestToOM(OzoneManagerProtocolServerSideTranslatorPB.java:226) ~[ozone-manager-1.3.0-SNAPSHOT.jar:?]
	at org.apache.hadoop.ozone.protocolPB.OzoneManagerProtocolServerSideTranslatorPB.processRequest(OzoneManagerProtocolServerSideTranslatorPB.java:175) ~[ozone-manager-1.3.0-SNAPSHOT.jar:?]
	at org.apache.hadoop.hdds.server.OzoneProtocolMessageDispatcher.processRequest(OzoneProtocolMessageDispatcher.java:87) [hdds-server-framework-1.3.0-SNAPSHOT.jar:?]
	at org.apache.hadoop.ozone.protocolPB.OzoneManagerProtocolServerSideTranslatorPB.submitRequest(OzoneManagerProtocolServerSideTranslatorPB.java:147) [ozone-manager-1.3.0-SNAPSHOT.jar:?]
	at org.apache.hadoop.ozone.protocol.proto.OzoneManagerProtocolProtos$OzoneManagerService$2.callBlockingMethod(OzoneManagerProtocolProtos.java) [ozone-interface-client-1.3.0-SNAPSHOT.jar:?]
	at org.apache.hadoop.ipc.ProtobufRpcEngine$Server.processCall(ProtobufRpcEngine.java:466) [hadoop-common-3.3.1.jar:?]
	at org.apache.hadoop.ipc.ProtobufRpcEngine2$Server$ProtoBufRpcInvoker.call(ProtobufRpcEngine2.java:574) [hadoop-common-3.3.1.jar:?]
	at org.apache.hadoop.ipc.ProtobufRpcEngine2$Server$ProtoBufRpcInvoker.call(ProtobufRpcEngine2.java:552) [hadoop-common-3.3.1.jar:?]
	at org.apache.hadoop.ipc.RPC$Server.call(RPC.java:1093) [hadoop-common-3.3.1.jar:?]
	at org.apache.hadoop.ipc.Server$RpcCall.run(Server.java:1035) [hadoop-common-3.3.1.jar:?]
	at org.apache.hadoop.ipc.Server$RpcCall.run(Server.java:963) [hadoop-common-3.3.1.jar:?]
	at java.security.AccessController.doPrivileged(Native Method) ~[?:1.8.0_332]
	at javax.security.auth.Subject.doAs(Subject.java:422) [?:1.8.0_332]
	at org.apache.hadoop.security.UserGroupInformation.doAs(UserGroupInformation.java:1878) [hadoop-common-3.3.1.jar:?]
	at org.apache.hadoop.ipc.Server$Handler.run(Server.java:2966) [hadoop-common-3.3.1.jar:?]
21:07:49.156 [IPC Server handler 2 on default port 33595] ERROR OMAudit - user=runner | ip=127.0.0.1 | op=READ_BUCKET {volume=tmp, bucket=4bad0b8dd3074cd43f641c2ac22a3571} | ret=FAILURE
org.apache.hadoop.ozone.om.exceptions.OMException: Bucket not found
	at org.apache.hadoop.ozone.om.BucketManagerImpl.getBucketInfo(BucketManagerImpl.java:131) ~[ozone-manager-1.3.0-SNAPSHOT.jar:?]
	at org.apache.hadoop.ozone.om.OzoneManager.getBucketInfo(OzoneManager.java:2778) ~[ozone-manager-1.3.0-SNAPSHOT.jar:?]
	at org.apache.hadoop.ozone.protocolPB.OzoneManagerRequestHandler.infoBucket(OzoneManagerRequestHandler.java:464) ~[ozone-manager-1.3.0-SNAPSHOT.jar:?]
	at org.apache.hadoop.ozone.protocolPB.OzoneManagerRequestHandler.handleReadRequest(OzoneManagerRequestHandler.java:172) ~[ozone-manager-1.3.0-SNAPSHOT.jar:?]
	at org.apache.hadoop.ozone.protocolPB.OzoneManagerProtocolServerSideTranslatorPB.submitReadRequestToOM(OzoneManagerProtocolServerSideTranslatorPB.java:226) ~[ozone-manager-1.3.0-SNAPSHOT.jar:?]
	at org.apache.hadoop.ozone.protocolPB.OzoneManagerProtocolServerSideTranslatorPB.processRequest(OzoneManagerProtocolServerSideTranslatorPB.java:175) ~[ozone-manager-1.3.0-SNAPSHOT.jar:?]
	at org.apache.hadoop.hdds.server.OzoneProtocolMessageDispatcher.processRequest(OzoneProtocolMessageDispatcher.java:87) [hdds-server-framework-1.3.0-SNAPSHOT.jar:?]
	at org.apache.hadoop.ozone.protocolPB.OzoneManagerProtocolServerSideTranslatorPB.submitRequest(OzoneManagerProtocolServerSideTranslatorPB.java:147) [ozone-manager-1.3.0-SNAPSHOT.jar:?]
	at org.apache.hadoop.ozone.protocol.proto.OzoneManagerProtocolProtos$OzoneManagerService$2.callBlockingMethod(OzoneManagerProtocolProtos.java) [ozone-interface-client-1.3.0-SNAPSHOT.jar:?]
	at org.apache.hadoop.ipc.ProtobufRpcEngine$Server.processCall(ProtobufRpcEngine.java:466) [hadoop-common-3.3.1.jar:?]
	at org.apache.hadoop.ipc.ProtobufRpcEngine2$Server$ProtoBufRpcInvoker.call(ProtobufRpcEngine2.java:574) [hadoop-common-3.3.1.jar:?]
	at org.apache.hadoop.ipc.ProtobufRpcEngine2$Server$ProtoBufRpcInvoker.call(ProtobufRpcEngine2.java:552) [hadoop-common-3.3.1.jar:?]
	at org.apache.hadoop.ipc.RPC$Server.call(RPC.java:1093) [hadoop-common-3.3.1.jar:?]
	at org.apache.hadoop.ipc.Server$RpcCall.run(Server.java:1035) [hadoop-common-3.3.1.jar:?]
	at org.apache.hadoop.ipc.Server$RpcCall.run(Server.java:963) [hadoop-common-3.3.1.jar:?]
	at java.security.AccessController.doPrivileged(Native Method) ~[?:1.8.0_332]
	at javax.security.auth.Subject.doAs(Subject.java:422) [?:1.8.0_332]
	at org.apache.hadoop.security.UserGroupInformation.doAs(UserGroupInformation.java:1878) [hadoop-common-3.3.1.jar:?]
	at org.apache.hadoop.ipc.Server$Handler.run(Server.java:2966) [hadoop-common-3.3.1.jar:?]
2022-07-12 21:07:49,157 [Time-limited test] INFO  rpc.RpcClient (RpcClient.java:createBucket(669)) - Creating Bucket: tmp/4bad0b8dd3074cd43f641c2ac22a3571, with bucket layout LEGACY, runner as owner, Versioning false, Storage Type set to DISK and Encryption set to false 
2022-07-12 21:07:49,158 [OM StateMachine ApplyTransaction Thread - 0] INFO  bucket.OMBucketCreateRequest (OMBucketCreateRequest.java:validateAndUpdateCache(260)) - created bucket: 4bad0b8dd3074cd43f641c2ac22a3571 of layout LEGACY in volume: tmp
2022-07-12 21:07:49,342 [227bf7d9-d38a-4d6d-9648-c1fd7cd9c2e7@group-13834888C403-FollowerState] INFO  impl.FollowerState (FollowerState.java:run(143)) - 227bf7d9-d38a-4d6d-9648-c1fd7cd9c2e7@group-13834888C403-FollowerState: change to CANDIDATE, lastRpcElapsedTime:5037697287ns, electionTimeout:5024ms
2022-07-12 21:07:49,342 [227bf7d9-d38a-4d6d-9648-c1fd7cd9c2e7@group-13834888C403-FollowerState] INFO  impl.RoleInfo (RoleInfo.java:shutdownFollowerState(110)) - 227bf7d9-d38a-4d6d-9648-c1fd7cd9c2e7: shutdown 227bf7d9-d38a-4d6d-9648-c1fd7cd9c2e7@group-13834888C403-FollowerState
2022-07-12 21:07:49,342 [227bf7d9-d38a-4d6d-9648-c1fd7cd9c2e7@group-13834888C403-FollowerState] INFO  server.RaftServer$Division (RaftServerImpl.java:setRole(299)) - 227bf7d9-d38a-4d6d-9648-c1fd7cd9c2e7@group-13834888C403: changes role from  FOLLOWER to CANDIDATE at term 0 for changeToCandidate
2022-07-12 21:07:49,342 [227bf7d9-d38a-4d6d-9648-c1fd7cd9c2e7@group-13834888C403-FollowerState] INFO  server.RaftServerConfigKeys (ConfUtils.java:logGet(46)) - raft.server.leaderelection.pre-vote = false (custom)
2022-07-12 21:07:49,342 [227bf7d9-d38a-4d6d-9648-c1fd7cd9c2e7@group-13834888C403-FollowerState] INFO  impl.RoleInfo (RoleInfo.java:updateAndGet(139)) - 227bf7d9-d38a-4d6d-9648-c1fd7cd9c2e7: start 227bf7d9-d38a-4d6d-9648-c1fd7cd9c2e7@group-13834888C403-LeaderElection48
2022-07-12 21:07:49,463 [227bf7d9-d38a-4d6d-9648-c1fd7cd9c2e7@group-13834888C403-LeaderElection48] INFO  impl.LeaderElection (LeaderElection.java:askForVotes(310)) - 227bf7d9-d38a-4d6d-9648-c1fd7cd9c2e7@group-13834888C403-LeaderElection48 ELECTION round 0: submit vote requests at term 1 for -1: [227bf7d9-d38a-4d6d-9648-c1fd7cd9c2e7|rpc:10.1.0.20:33185|priority:1], old=null
2022-07-12 21:07:49,463 [227bf7d9-d38a-4d6d-9648-c1fd7cd9c2e7@group-13834888C403-LeaderElection48] INFO  impl.LeaderElection (LeaderElection.java:askForVotes(312)) - 227bf7d9-d38a-4d6d-9648-c1fd7cd9c2e7@group-13834888C403-LeaderElection48 ELECTION round 0: result PASSED (term=1)
2022-07-12 21:07:49,463 [227bf7d9-d38a-4d6d-9648-c1fd7cd9c2e7@group-13834888C403-LeaderElection48] INFO  impl.RoleInfo (RoleInfo.java:shutdownLeaderElection(130)) - 227bf7d9-d38a-4d6d-9648-c1fd7cd9c2e7: shutdown 227bf7d9-d38a-4d6d-9648-c1fd7cd9c2e7@group-13834888C403-LeaderElection48
2022-07-12 21:07:49,463 [227bf7d9-d38a-4d6d-9648-c1fd7cd9c2e7@group-13834888C403-LeaderElection48] INFO  server.RaftServer$Division (RaftServerImpl.java:setRole(299)) - 227bf7d9-d38a-4d6d-9648-c1fd7cd9c2e7@group-13834888C403: changes role from CANDIDATE to LEADER at term 1 for changeToLeader
2022-07-12 21:07:49,463 [227bf7d9-d38a-4d6d-9648-c1fd7cd9c2e7@group-13834888C403-LeaderElection48] INFO  ratis.XceiverServerRatis (XceiverServerRatis.java:handleLeaderChangedNotification(863)) - Leader change notification received for group: group-13834888C403 with new leaderId: 227bf7d9-d38a-4d6d-9648-c1fd7cd9c2e7
2022-07-12 21:07:49,471 [227bf7d9-d38a-4d6d-9648-c1fd7cd9c2e7@group-13834888C403-LeaderElection48] INFO  server.RaftServer$Division (ServerState.java:setLeader(287)) - 227bf7d9-d38a-4d6d-9648-c1fd7cd9c2e7@group-13834888C403: change Leader from null to 227bf7d9-d38a-4d6d-9648-c1fd7cd9c2e7 at term 1 for becomeLeader, leader elected after 5218ms
2022-07-12 21:07:49,472 [227bf7d9-d38a-4d6d-9648-c1fd7cd9c2e7@group-13834888C403-LeaderElection48] INFO  server.RaftServerConfigKeys (ConfUtils.java:logGet(46)) - raft.server.staging.catchup.gap = 1000 (default)
2022-07-12 21:07:49,472 [227bf7d9-d38a-4d6d-9648-c1fd7cd9c2e7@group-13834888C403-LeaderElection48] INFO  server.RaftServerConfigKeys (ConfUtils.java:logGet(46)) - raft.server.write.element-limit = 1024 (custom)
2022-07-12 21:07:49,472 [227bf7d9-d38a-4d6d-9648-c1fd7cd9c2e7@group-13834888C403-LeaderElection48] INFO  server.RaftServerConfigKeys (ConfUtils.java:logGet(46)) - raft.server.write.byte-limit = 1024 M (=1073741824) (custom)
2022-07-12 21:07:49,472 [227bf7d9-d38a-4d6d-9648-c1fd7cd9c2e7@group-13834888C403-LeaderElection48] INFO  server.RaftServerConfigKeys (ConfUtils.java:logGet(46)) - raft.server.watch.timeout = 180s (custom)
2022-07-12 21:07:49,472 [227bf7d9-d38a-4d6d-9648-c1fd7cd9c2e7@group-13834888C403-LeaderElection48] INFO  server.RaftServerConfigKeys (ConfUtils.java:logGet(46)) - raft.server.watch.timeout.denomination = 1s (default)
2022-07-12 21:07:49,472 [227bf7d9-d38a-4d6d-9648-c1fd7cd9c2e7@group-13834888C403-LeaderElection48] INFO  server.RaftServerConfigKeys (ConfUtils.java:logGet(46)) - raft.server.watch.element-limit = 65536 (default)
2022-07-12 21:07:49,472 [227bf7d9-d38a-4d6d-9648-c1fd7cd9c2e7@group-13834888C403-LeaderElection48] INFO  server.RaftServerConfigKeys (ConfUtils.java:logGet(46)) - raft.server.write.element-limit = 1024 (custom)
2022-07-12 21:07:49,472 [227bf7d9-d38a-4d6d-9648-c1fd7cd9c2e7@group-13834888C403-LeaderElection48] INFO  server.RaftServerConfigKeys (ConfUtils.java:logGet(46)) - raft.server.write.follower.gap.ratio.max = -1.0 (default)
2022-07-12 21:07:49,473 [227bf7d9-d38a-4d6d-9648-c1fd7cd9c2e7@group-13834888C403-LeaderElection48] INFO  impl.RoleInfo (RoleInfo.java:updateAndGet(139)) - 227bf7d9-d38a-4d6d-9648-c1fd7cd9c2e7: start 227bf7d9-d38a-4d6d-9648-c1fd7cd9c2e7@group-13834888C403-LeaderStateImpl
2022-07-12 21:07:49,473 [227bf7d9-d38a-4d6d-9648-c1fd7cd9c2e7@group-13834888C403-LeaderElection48] INFO  segmented.SegmentedRaftLogWorker (SegmentedRaftLogWorker.java:startLogSegment(425)) - 227bf7d9-d38a-4d6d-9648-c1fd7cd9c2e7@group-13834888C403-SegmentedRaftLogWorker: Starting segment from index:0
2022-07-12 21:07:49,487 [227bf7d9-d38a-4d6d-9648-c1fd7cd9c2e7@group-13834888C403-LeaderElection48] INFO  server.RaftServer$Division (ServerState.java:setRaftConf(393)) - 227bf7d9-d38a-4d6d-9648-c1fd7cd9c2e7@group-13834888C403: set configuration 0: [227bf7d9-d38a-4d6d-9648-c1fd7cd9c2e7|rpc:10.1.0.20:33185|dataStream:|priority:1], old=null
2022-07-12 21:07:49,504 [227bf7d9-d38a-4d6d-9648-c1fd7cd9c2e7@group-13834888C403-SegmentedRaftLogWorker] INFO  segmented.SegmentedRaftLogWorker (SegmentedRaftLogWorker.java:execute(629)) - 227bf7d9-d38a-4d6d-9648-c1fd7cd9c2e7@group-13834888C403-SegmentedRaftLogWorker: created new log segment /home/runner/work/ozone/ozone/hadoop-ozone/integration-test/target/test-dir/MiniOzoneClusterImpl-03d8019b-d99e-41ea-b31f-f002ac91f2ca/datanode-3/data/ratis/8e66cea1-1d52-42f3-9eff-13834888c403/current/log_inprogress_0
]]></system-out>
  </testcase>
  <testcase name="testTempMount" classname="TestRootedOzoneFileSystem" time="0.694">
    <system-out><![CDATA[2022-07-12 21:09:29,644 [Time-limited test] INFO  rpc.RpcClient (RpcClient.java:createVolume(466)) - Creating Volume: volume75111, with user19087 as owner and space quota set to -1 bytes, counts quota set to -1
2022-07-12 21:09:29,650 [IPC Server handler 15 on default port 32899] INFO  volume.OMVolumeCreateRequest (OMVolumeCreateRequest.java:validateAndUpdateCache(195)) - created volume:volume75111 for user:user19087
2022-07-12 21:09:29,657 [Time-limited test] INFO  rpc.RpcClient (RpcClient.java:createBucket(669)) - Creating Bucket: volume75111/bucket65558, with bucket layout LEGACY, runner as owner, Versioning false, Storage Type set to DISK and Encryption set to false 
2022-07-12 21:09:29,659 [IPC Server handler 19 on default port 32899] INFO  bucket.OMBucketCreateRequest (OMBucketCreateRequest.java:validateAndUpdateCache(260)) - created bucket: bucket65558 of layout LEGACY in volume: volume75111
2022-07-12 21:09:29,672 [Time-limited test] INFO  rpc.RpcClient (RpcClient.java:createVolume(466)) - Creating Volume: tmp, with runner as owner and space quota set to 9223372036854775807 bytes, counts quota set to 1000
2022-07-12 21:09:29,672 [IPC Server handler 17 on default port 32899] INFO  volume.OMVolumeCreateRequest (OMVolumeCreateRequest.java:validateAndUpdateCache(195)) - created volume:tmp for user:runner
21:09:29.676 [IPC Server handler 14 on default port 32899] ERROR OMAudit - user=runner | ip=127.0.0.1 | op=READ_BUCKET {volume=tmp, bucket=4bad0b8dd3074cd43f641c2ac22a3571} | ret=FAILURE
org.apache.hadoop.ozone.om.exceptions.OMException: Bucket not found
	at org.apache.hadoop.ozone.om.BucketManagerImpl.getBucketInfo(BucketManagerImpl.java:131) ~[ozone-manager-1.3.0-SNAPSHOT.jar:?]
	at org.apache.hadoop.ozone.om.OzoneManager.getBucketInfo(OzoneManager.java:2778) ~[ozone-manager-1.3.0-SNAPSHOT.jar:?]
	at org.apache.hadoop.ozone.protocolPB.OzoneManagerRequestHandler.infoBucket(OzoneManagerRequestHandler.java:464) ~[ozone-manager-1.3.0-SNAPSHOT.jar:?]
	at org.apache.hadoop.ozone.protocolPB.OzoneManagerRequestHandler.handleReadRequest(OzoneManagerRequestHandler.java:172) ~[ozone-manager-1.3.0-SNAPSHOT.jar:?]
	at org.apache.hadoop.ozone.protocolPB.OzoneManagerProtocolServerSideTranslatorPB.submitRequestDirectlyToOM(OzoneManagerProtocolServerSideTranslatorPB.java:276) ~[ozone-manager-1.3.0-SNAPSHOT.jar:?]
	at org.apache.hadoop.ozone.protocolPB.OzoneManagerProtocolServerSideTranslatorPB.processRequest(OzoneManagerProtocolServerSideTranslatorPB.java:205) ~[ozone-manager-1.3.0-SNAPSHOT.jar:?]
	at org.apache.hadoop.hdds.server.OzoneProtocolMessageDispatcher.processRequest(OzoneProtocolMessageDispatcher.java:87) [hdds-server-framework-1.3.0-SNAPSHOT.jar:?]
	at org.apache.hadoop.ozone.protocolPB.OzoneManagerProtocolServerSideTranslatorPB.submitRequest(OzoneManagerProtocolServerSideTranslatorPB.java:147) [ozone-manager-1.3.0-SNAPSHOT.jar:?]
	at org.apache.hadoop.ozone.protocol.proto.OzoneManagerProtocolProtos$OzoneManagerService$2.callBlockingMethod(OzoneManagerProtocolProtos.java) [ozone-interface-client-1.3.0-SNAPSHOT.jar:?]
	at org.apache.hadoop.ipc.ProtobufRpcEngine$Server.processCall(ProtobufRpcEngine.java:466) [hadoop-common-3.3.1.jar:?]
	at org.apache.hadoop.ipc.ProtobufRpcEngine2$Server$ProtoBufRpcInvoker.call(ProtobufRpcEngine2.java:574) [hadoop-common-3.3.1.jar:?]
	at org.apache.hadoop.ipc.ProtobufRpcEngine2$Server$ProtoBufRpcInvoker.call(ProtobufRpcEngine2.java:552) [hadoop-common-3.3.1.jar:?]
	at org.apache.hadoop.ipc.RPC$Server.call(RPC.java:1093) [hadoop-common-3.3.1.jar:?]
	at org.apache.hadoop.ipc.Server$RpcCall.run(Server.java:1035) [hadoop-common-3.3.1.jar:?]
	at org.apache.hadoop.ipc.Server$RpcCall.run(Server.java:963) [hadoop-common-3.3.1.jar:?]
	at java.security.AccessController.doPrivileged(Native Method) ~[?:1.8.0_332]
	at javax.security.auth.Subject.doAs(Subject.java:422) [?:1.8.0_332]
	at org.apache.hadoop.security.UserGroupInformation.doAs(UserGroupInformation.java:1878) [hadoop-common-3.3.1.jar:?]
	at org.apache.hadoop.ipc.Server$Handler.run(Server.java:2966) [hadoop-common-3.3.1.jar:?]
21:09:29.677 [IPC Server handler 1 on default port 32899] ERROR OMAudit - user=runner | ip=127.0.0.1 | op=READ_BUCKET {volume=tmp, bucket=4bad0b8dd3074cd43f641c2ac22a3571} | ret=FAILURE
org.apache.hadoop.ozone.om.exceptions.OMException: Bucket not found
	at org.apache.hadoop.ozone.om.BucketManagerImpl.getBucketInfo(BucketManagerImpl.java:131) ~[ozone-manager-1.3.0-SNAPSHOT.jar:?]
	at org.apache.hadoop.ozone.om.OzoneManager.getBucketInfo(OzoneManager.java:2778) ~[ozone-manager-1.3.0-SNAPSHOT.jar:?]
	at org.apache.hadoop.ozone.protocolPB.OzoneManagerRequestHandler.infoBucket(OzoneManagerRequestHandler.java:464) ~[ozone-manager-1.3.0-SNAPSHOT.jar:?]
	at org.apache.hadoop.ozone.protocolPB.OzoneManagerRequestHandler.handleReadRequest(OzoneManagerRequestHandler.java:172) ~[ozone-manager-1.3.0-SNAPSHOT.jar:?]
	at org.apache.hadoop.ozone.protocolPB.OzoneManagerProtocolServerSideTranslatorPB.submitRequestDirectlyToOM(OzoneManagerProtocolServerSideTranslatorPB.java:276) ~[ozone-manager-1.3.0-SNAPSHOT.jar:?]
	at org.apache.hadoop.ozone.protocolPB.OzoneManagerProtocolServerSideTranslatorPB.processRequest(OzoneManagerProtocolServerSideTranslatorPB.java:205) ~[ozone-manager-1.3.0-SNAPSHOT.jar:?]
	at org.apache.hadoop.hdds.server.OzoneProtocolMessageDispatcher.processRequest(OzoneProtocolMessageDispatcher.java:87) [hdds-server-framework-1.3.0-SNAPSHOT.jar:?]
	at org.apache.hadoop.ozone.protocolPB.OzoneManagerProtocolServerSideTranslatorPB.submitRequest(OzoneManagerProtocolServerSideTranslatorPB.java:147) [ozone-manager-1.3.0-SNAPSHOT.jar:?]
	at org.apache.hadoop.ozone.protocol.proto.OzoneManagerProtocolProtos$OzoneManagerService$2.callBlockingMethod(OzoneManagerProtocolProtos.java) [ozone-interface-client-1.3.0-SNAPSHOT.jar:?]
	at org.apache.hadoop.ipc.ProtobufRpcEngine$Server.processCall(ProtobufRpcEngine.java:466) [hadoop-common-3.3.1.jar:?]
	at org.apache.hadoop.ipc.ProtobufRpcEngine2$Server$ProtoBufRpcInvoker.call(ProtobufRpcEngine2.java:574) [hadoop-common-3.3.1.jar:?]
	at org.apache.hadoop.ipc.ProtobufRpcEngine2$Server$ProtoBufRpcInvoker.call(ProtobufRpcEngine2.java:552) [hadoop-common-3.3.1.jar:?]
	at org.apache.hadoop.ipc.RPC$Server.call(RPC.java:1093) [hadoop-common-3.3.1.jar:?]
	at org.apache.hadoop.ipc.Server$RpcCall.run(Server.java:1035) [hadoop-common-3.3.1.jar:?]
	at org.apache.hadoop.ipc.Server$RpcCall.run(Server.java:963) [hadoop-common-3.3.1.jar:?]
	at java.security.AccessController.doPrivileged(Native Method) ~[?:1.8.0_332]
	at javax.security.auth.Subject.doAs(Subject.java:422) [?:1.8.0_332]
	at org.apache.hadoop.security.UserGroupInformation.doAs(UserGroupInformation.java:1878) [hadoop-common-3.3.1.jar:?]
	at org.apache.hadoop.ipc.Server$Handler.run(Server.java:2966) [hadoop-common-3.3.1.jar:?]
2022-07-12 21:09:29,678 [Time-limited test] INFO  rpc.RpcClient (RpcClient.java:createBucket(669)) - Creating Bucket: tmp/4bad0b8dd3074cd43f641c2ac22a3571, with bucket layout LEGACY, runner as owner, Versioning false, Storage Type set to DISK and Encryption set to false 
2022-07-12 21:09:29,679 [IPC Server handler 7 on default port 32899] INFO  bucket.OMBucketCreateRequest (OMBucketCreateRequest.java:validateAndUpdateCache(260)) - created bucket: 4bad0b8dd3074cd43f641c2ac22a3571 of layout LEGACY in volume: tmp
]]></system-out>
  </testcase>
  <testcase name="testListStatusRootAndVolumeNonRecursive" classname="TestRootedOzoneFileSystem" time="0.367">
    <system-out><![CDATA[2022-07-12 21:04:06,171 [Time-limited test] INFO  rpc.RpcClient (RpcClient.java:createVolume(466)) - Creating Volume: volume14259, with user53577 as owner and space quota set to -1 bytes, counts quota set to -1
2022-07-12 21:04:06,177 [OM StateMachine ApplyTransaction Thread - 0] INFO  volume.OMVolumeCreateRequest (OMVolumeCreateRequest.java:validateAndUpdateCache(195)) - created volume:volume14259 for user:user53577
2022-07-12 21:04:06,181 [Time-limited test] INFO  rpc.RpcClient (RpcClient.java:createBucket(669)) - Creating Bucket: volume14259/bucket74907, with bucket layout LEGACY, runner as owner, Versioning false, Storage Type set to DISK and Encryption set to false 
2022-07-12 21:04:06,187 [OM StateMachine ApplyTransaction Thread - 0] INFO  bucket.OMBucketCreateRequest (OMBucketCreateRequest.java:validateAndUpdateCache(260)) - created bucket: bucket74907 of layout LEGACY in volume: volume14259
2022-07-12 21:04:06,192 [Time-limited test] INFO  rpc.RpcClient (RpcClient.java:createVolume(466)) - Creating Volume: volume-56722, with runner as owner and space quota set to -1 bytes, counts quota set to -1
2022-07-12 21:04:06,194 [OM StateMachine ApplyTransaction Thread - 0] INFO  volume.OMVolumeCreateRequest (OMVolumeCreateRequest.java:validateAndUpdateCache(195)) - created volume:volume-56722 for user:runner
2022-07-12 21:04:06,197 [Time-limited test] INFO  rpc.RpcClient (RpcClient.java:createBucket(669)) - Creating Bucket: volume-56722/bucket-39553, with bucket layout LEGACY, runner as owner, Versioning false, Storage Type set to DISK and Encryption set to false 
2022-07-12 21:04:06,200 [OM StateMachine ApplyTransaction Thread - 0] INFO  bucket.OMBucketCreateRequest (OMBucketCreateRequest.java:validateAndUpdateCache(260)) - created bucket: bucket-39553 of layout LEGACY in volume: volume-56722
2022-07-12 21:04:06,289 [Time-limited test] INFO  rpc.RpcClient (RpcClient.java:createVolume(466)) - Creating Volume: volume-02621, with runner as owner and space quota set to -1 bytes, counts quota set to -1
2022-07-12 21:04:06,293 [OM StateMachine ApplyTransaction Thread - 0] INFO  volume.OMVolumeCreateRequest (OMVolumeCreateRequest.java:validateAndUpdateCache(195)) - created volume:volume-02621 for user:runner
2022-07-12 21:04:06,295 [Time-limited test] INFO  rpc.RpcClient (RpcClient.java:createBucket(669)) - Creating Bucket: volume-02621/bucket-24159, with bucket layout LEGACY, runner as owner, Versioning false, Storage Type set to DISK and Encryption set to false 
2022-07-12 21:04:06,298 [OM StateMachine ApplyTransaction Thread - 0] INFO  bucket.OMBucketCreateRequest (OMBucketCreateRequest.java:validateAndUpdateCache(260)) - created bucket: bucket-24159 of layout LEGACY in volume: volume-02621
]]></system-out>
  </testcase>
  <testcase name="testListStatusRootAndVolumeNonRecursive" classname="TestRootedOzoneFileSystem" time="0.582">
    <system-out><![CDATA[2022-07-12 21:05:17,829 [Time-limited test] INFO  rpc.RpcClient (RpcClient.java:createVolume(466)) - Creating Volume: volume66139, with user81911 as owner and space quota set to -1 bytes, counts quota set to -1
2022-07-12 21:05:17,832 [OM StateMachine ApplyTransaction Thread - 0] INFO  volume.OMVolumeCreateRequest (OMVolumeCreateRequest.java:validateAndUpdateCache(195)) - created volume:volume66139 for user:user81911
2022-07-12 21:05:17,833 [Time-limited test] INFO  rpc.RpcClient (RpcClient.java:createBucket(669)) - Creating Bucket: volume66139/bucket88180, with bucket layout LEGACY, runner as owner, Versioning false, Storage Type set to DISK and Encryption set to false 
2022-07-12 21:05:17,835 [OM StateMachine ApplyTransaction Thread - 0] INFO  bucket.OMBucketCreateRequest (OMBucketCreateRequest.java:validateAndUpdateCache(260)) - created bucket: bucket88180 of layout LEGACY in volume: volume66139
21:05:17.837 [IPC Server handler 5 on default port 38457] ERROR OMAudit - user=runner | ip=127.0.0.1 | op=READ_BUCKET {volume=volume-58626, bucket=bucket-44295} | ret=FAILURE
org.apache.hadoop.ozone.om.exceptions.OMException: Volume not found when getting bucket info
	at org.apache.hadoop.ozone.om.BucketManagerImpl.getBucketInfo(BucketManagerImpl.java:127) ~[ozone-manager-1.3.0-SNAPSHOT.jar:?]
	at org.apache.hadoop.ozone.om.OzoneManager.getBucketInfo(OzoneManager.java:2778) ~[ozone-manager-1.3.0-SNAPSHOT.jar:?]
	at org.apache.hadoop.ozone.protocolPB.OzoneManagerRequestHandler.infoBucket(OzoneManagerRequestHandler.java:464) ~[ozone-manager-1.3.0-SNAPSHOT.jar:?]
	at org.apache.hadoop.ozone.protocolPB.OzoneManagerRequestHandler.handleReadRequest(OzoneManagerRequestHandler.java:172) ~[ozone-manager-1.3.0-SNAPSHOT.jar:?]
	at org.apache.hadoop.ozone.protocolPB.OzoneManagerProtocolServerSideTranslatorPB.submitReadRequestToOM(OzoneManagerProtocolServerSideTranslatorPB.java:226) ~[ozone-manager-1.3.0-SNAPSHOT.jar:?]
	at org.apache.hadoop.ozone.protocolPB.OzoneManagerProtocolServerSideTranslatorPB.processRequest(OzoneManagerProtocolServerSideTranslatorPB.java:175) ~[ozone-manager-1.3.0-SNAPSHOT.jar:?]
	at org.apache.hadoop.hdds.server.OzoneProtocolMessageDispatcher.processRequest(OzoneProtocolMessageDispatcher.java:87) [hdds-server-framework-1.3.0-SNAPSHOT.jar:?]
	at org.apache.hadoop.ozone.protocolPB.OzoneManagerProtocolServerSideTranslatorPB.submitRequest(OzoneManagerProtocolServerSideTranslatorPB.java:147) [ozone-manager-1.3.0-SNAPSHOT.jar:?]
	at org.apache.hadoop.ozone.protocol.proto.OzoneManagerProtocolProtos$OzoneManagerService$2.callBlockingMethod(OzoneManagerProtocolProtos.java) [ozone-interface-client-1.3.0-SNAPSHOT.jar:?]
	at org.apache.hadoop.ipc.ProtobufRpcEngine$Server.processCall(ProtobufRpcEngine.java:466) [hadoop-common-3.3.1.jar:?]
	at org.apache.hadoop.ipc.ProtobufRpcEngine2$Server$ProtoBufRpcInvoker.call(ProtobufRpcEngine2.java:574) [hadoop-common-3.3.1.jar:?]
	at org.apache.hadoop.ipc.ProtobufRpcEngine2$Server$ProtoBufRpcInvoker.call(ProtobufRpcEngine2.java:552) [hadoop-common-3.3.1.jar:?]
	at org.apache.hadoop.ipc.RPC$Server.call(RPC.java:1093) [hadoop-common-3.3.1.jar:?]
	at org.apache.hadoop.ipc.Server$RpcCall.run(Server.java:1035) [hadoop-common-3.3.1.jar:?]
	at org.apache.hadoop.ipc.Server$RpcCall.run(Server.java:963) [hadoop-common-3.3.1.jar:?]
	at java.security.AccessController.doPrivileged(Native Method) ~[?:1.8.0_332]
	at javax.security.auth.Subject.doAs(Subject.java:422) [?:1.8.0_332]
	at org.apache.hadoop.security.UserGroupInformation.doAs(UserGroupInformation.java:1878) [hadoop-common-3.3.1.jar:?]
	at org.apache.hadoop.ipc.Server$Handler.run(Server.java:2966) [hadoop-common-3.3.1.jar:?]
2022-07-12 21:05:17,838 [Time-limited test] INFO  rpc.RpcClient (RpcClient.java:createVolume(466)) - Creating Volume: volume-58626, with runner as owner and space quota set to -1 bytes, counts quota set to -1
2022-07-12 21:05:17,839 [OM StateMachine ApplyTransaction Thread - 0] INFO  volume.OMVolumeCreateRequest (OMVolumeCreateRequest.java:validateAndUpdateCache(195)) - created volume:volume-58626 for user:runner
2022-07-12 21:05:17,840 [Time-limited test] INFO  rpc.RpcClient (RpcClient.java:createBucket(669)) - Creating Bucket: volume-58626/bucket-44295, with bucket layout LEGACY, runner as owner, Versioning false, Storage Type set to DISK and Encryption set to false 
2022-07-12 21:05:17,843 [OM StateMachine ApplyTransaction Thread - 0] INFO  bucket.OMBucketCreateRequest (OMBucketCreateRequest.java:validateAndUpdateCache(260)) - created bucket: bucket-44295 of layout LEGACY in volume: volume-58626
21:05:18.017 [IPC Server handler 19 on default port 38457] ERROR OMAudit - user=runner | ip=127.0.0.1 | op=READ_BUCKET {volume=volume-50997, bucket=bucket-79043} | ret=FAILURE
org.apache.hadoop.ozone.om.exceptions.OMException: Volume not found when getting bucket info
	at org.apache.hadoop.ozone.om.BucketManagerImpl.getBucketInfo(BucketManagerImpl.java:127) ~[ozone-manager-1.3.0-SNAPSHOT.jar:?]
	at org.apache.hadoop.ozone.om.OzoneManager.getBucketInfo(OzoneManager.java:2778) ~[ozone-manager-1.3.0-SNAPSHOT.jar:?]
	at org.apache.hadoop.ozone.protocolPB.OzoneManagerRequestHandler.infoBucket(OzoneManagerRequestHandler.java:464) ~[ozone-manager-1.3.0-SNAPSHOT.jar:?]
	at org.apache.hadoop.ozone.protocolPB.OzoneManagerRequestHandler.handleReadRequest(OzoneManagerRequestHandler.java:172) ~[ozone-manager-1.3.0-SNAPSHOT.jar:?]
	at org.apache.hadoop.ozone.protocolPB.OzoneManagerProtocolServerSideTranslatorPB.submitReadRequestToOM(OzoneManagerProtocolServerSideTranslatorPB.java:226) ~[ozone-manager-1.3.0-SNAPSHOT.jar:?]
	at org.apache.hadoop.ozone.protocolPB.OzoneManagerProtocolServerSideTranslatorPB.processRequest(OzoneManagerProtocolServerSideTranslatorPB.java:175) ~[ozone-manager-1.3.0-SNAPSHOT.jar:?]
	at org.apache.hadoop.hdds.server.OzoneProtocolMessageDispatcher.processRequest(OzoneProtocolMessageDispatcher.java:87) [hdds-server-framework-1.3.0-SNAPSHOT.jar:?]
	at org.apache.hadoop.ozone.protocolPB.OzoneManagerProtocolServerSideTranslatorPB.submitRequest(OzoneManagerProtocolServerSideTranslatorPB.java:147) [ozone-manager-1.3.0-SNAPSHOT.jar:?]
	at org.apache.hadoop.ozone.protocol.proto.OzoneManagerProtocolProtos$OzoneManagerService$2.callBlockingMethod(OzoneManagerProtocolProtos.java) [ozone-interface-client-1.3.0-SNAPSHOT.jar:?]
	at org.apache.hadoop.ipc.ProtobufRpcEngine$Server.processCall(ProtobufRpcEngine.java:466) [hadoop-common-3.3.1.jar:?]
	at org.apache.hadoop.ipc.ProtobufRpcEngine2$Server$ProtoBufRpcInvoker.call(ProtobufRpcEngine2.java:574) [hadoop-common-3.3.1.jar:?]
	at org.apache.hadoop.ipc.ProtobufRpcEngine2$Server$ProtoBufRpcInvoker.call(ProtobufRpcEngine2.java:552) [hadoop-common-3.3.1.jar:?]
	at org.apache.hadoop.ipc.RPC$Server.call(RPC.java:1093) [hadoop-common-3.3.1.jar:?]
	at org.apache.hadoop.ipc.Server$RpcCall.run(Server.java:1035) [hadoop-common-3.3.1.jar:?]
	at org.apache.hadoop.ipc.Server$RpcCall.run(Server.java:963) [hadoop-common-3.3.1.jar:?]
	at java.security.AccessController.doPrivileged(Native Method) ~[?:1.8.0_332]
	at javax.security.auth.Subject.doAs(Subject.java:422) [?:1.8.0_332]
	at org.apache.hadoop.security.UserGroupInformation.doAs(UserGroupInformation.java:1878) [hadoop-common-3.3.1.jar:?]
	at org.apache.hadoop.ipc.Server$Handler.run(Server.java:2966) [hadoop-common-3.3.1.jar:?]
2022-07-12 21:05:18,017 [Time-limited test] INFO  rpc.RpcClient (RpcClient.java:createVolume(466)) - Creating Volume: volume-50997, with runner as owner and space quota set to -1 bytes, counts quota set to -1
2022-07-12 21:05:18,023 [OM StateMachine ApplyTransaction Thread - 0] INFO  volume.OMVolumeCreateRequest (OMVolumeCreateRequest.java:validateAndUpdateCache(195)) - created volume:volume-50997 for user:runner
2022-07-12 21:05:18,024 [Time-limited test] INFO  rpc.RpcClient (RpcClient.java:createBucket(669)) - Creating Bucket: volume-50997/bucket-79043, with bucket layout LEGACY, runner as owner, Versioning false, Storage Type set to DISK and Encryption set to false 
2022-07-12 21:05:18,025 [OM StateMachine ApplyTransaction Thread - 0] INFO  bucket.OMBucketCreateRequest (OMBucketCreateRequest.java:validateAndUpdateCache(260)) - created bucket: bucket-79043 of layout LEGACY in volume: volume-50997
2022-07-12 21:05:18,073 [78fcb3e9-d6c5-4f6f-a049-b9f080c7e3b8@group-6CAB98915D4E-FollowerState] INFO  impl.FollowerState (FollowerState.java:run(143)) - 78fcb3e9-d6c5-4f6f-a049-b9f080c7e3b8@group-6CAB98915D4E-FollowerState: change to CANDIDATE, lastRpcElapsedTime:5108611749ns, electionTimeout:5100ms
2022-07-12 21:05:18,073 [78fcb3e9-d6c5-4f6f-a049-b9f080c7e3b8@group-6CAB98915D4E-FollowerState] INFO  impl.RoleInfo (RoleInfo.java:shutdownFollowerState(110)) - 78fcb3e9-d6c5-4f6f-a049-b9f080c7e3b8: shutdown 78fcb3e9-d6c5-4f6f-a049-b9f080c7e3b8@group-6CAB98915D4E-FollowerState
2022-07-12 21:05:18,073 [78fcb3e9-d6c5-4f6f-a049-b9f080c7e3b8@group-6CAB98915D4E-FollowerState] INFO  server.RaftServer$Division (RaftServerImpl.java:setRole(299)) - 78fcb3e9-d6c5-4f6f-a049-b9f080c7e3b8@group-6CAB98915D4E: changes role from  FOLLOWER to CANDIDATE at term 0 for changeToCandidate
2022-07-12 21:05:18,106 [78fcb3e9-d6c5-4f6f-a049-b9f080c7e3b8@group-6CAB98915D4E-FollowerState] INFO  server.RaftServerConfigKeys (ConfUtils.java:logGet(46)) - raft.server.leaderelection.pre-vote = false (custom)
2022-07-12 21:05:18,106 [78fcb3e9-d6c5-4f6f-a049-b9f080c7e3b8@group-6CAB98915D4E-FollowerState] INFO  impl.RoleInfo (RoleInfo.java:updateAndGet(139)) - 78fcb3e9-d6c5-4f6f-a049-b9f080c7e3b8: start 78fcb3e9-d6c5-4f6f-a049-b9f080c7e3b8@group-6CAB98915D4E-LeaderElection21
2022-07-12 21:05:18,136 [78fcb3e9-d6c5-4f6f-a049-b9f080c7e3b8@group-6CAB98915D4E-LeaderElection21] INFO  impl.LeaderElection (LeaderElection.java:askForVotes(310)) - 78fcb3e9-d6c5-4f6f-a049-b9f080c7e3b8@group-6CAB98915D4E-LeaderElection21 ELECTION round 0: submit vote requests at term 1 for -1: [78fcb3e9-d6c5-4f6f-a049-b9f080c7e3b8|rpc:10.1.0.20:41539|priority:1], old=null
2022-07-12 21:05:18,137 [78fcb3e9-d6c5-4f6f-a049-b9f080c7e3b8@group-6CAB98915D4E-LeaderElection21] INFO  impl.LeaderElection (LeaderElection.java:askForVotes(312)) - 78fcb3e9-d6c5-4f6f-a049-b9f080c7e3b8@group-6CAB98915D4E-LeaderElection21 ELECTION round 0: result PASSED (term=1)
2022-07-12 21:05:18,137 [78fcb3e9-d6c5-4f6f-a049-b9f080c7e3b8@group-6CAB98915D4E-LeaderElection21] INFO  impl.RoleInfo (RoleInfo.java:shutdownLeaderElection(130)) - 78fcb3e9-d6c5-4f6f-a049-b9f080c7e3b8: shutdown 78fcb3e9-d6c5-4f6f-a049-b9f080c7e3b8@group-6CAB98915D4E-LeaderElection21
2022-07-12 21:05:18,137 [78fcb3e9-d6c5-4f6f-a049-b9f080c7e3b8@group-6CAB98915D4E-LeaderElection21] INFO  server.RaftServer$Division (RaftServerImpl.java:setRole(299)) - 78fcb3e9-d6c5-4f6f-a049-b9f080c7e3b8@group-6CAB98915D4E: changes role from CANDIDATE to LEADER at term 1 for changeToLeader
2022-07-12 21:05:18,137 [78fcb3e9-d6c5-4f6f-a049-b9f080c7e3b8@group-6CAB98915D4E-LeaderElection21] INFO  ratis.XceiverServerRatis (XceiverServerRatis.java:handleLeaderChangedNotification(863)) - Leader change notification received for group: group-6CAB98915D4E with new leaderId: 78fcb3e9-d6c5-4f6f-a049-b9f080c7e3b8
2022-07-12 21:05:18,137 [78fcb3e9-d6c5-4f6f-a049-b9f080c7e3b8@group-6CAB98915D4E-LeaderElection21] INFO  server.RaftServer$Division (ServerState.java:setLeader(287)) - 78fcb3e9-d6c5-4f6f-a049-b9f080c7e3b8@group-6CAB98915D4E: change Leader from null to 78fcb3e9-d6c5-4f6f-a049-b9f080c7e3b8 at term 1 for becomeLeader, leader elected after 5201ms
2022-07-12 21:05:18,137 [78fcb3e9-d6c5-4f6f-a049-b9f080c7e3b8@group-6CAB98915D4E-LeaderElection21] INFO  server.RaftServerConfigKeys (ConfUtils.java:logGet(46)) - raft.server.staging.catchup.gap = 1000 (default)
2022-07-12 21:05:18,137 [78fcb3e9-d6c5-4f6f-a049-b9f080c7e3b8@group-6CAB98915D4E-LeaderElection21] INFO  server.RaftServerConfigKeys (ConfUtils.java:logGet(46)) - raft.server.write.element-limit = 1024 (custom)
2022-07-12 21:05:18,137 [78fcb3e9-d6c5-4f6f-a049-b9f080c7e3b8@group-6CAB98915D4E-LeaderElection21] INFO  server.RaftServerConfigKeys (ConfUtils.java:logGet(46)) - raft.server.write.byte-limit = 1024 M (=1073741824) (custom)
2022-07-12 21:05:18,138 [78fcb3e9-d6c5-4f6f-a049-b9f080c7e3b8@group-6CAB98915D4E-LeaderElection21] INFO  server.RaftServerConfigKeys (ConfUtils.java:logGet(46)) - raft.server.watch.timeout = 180s (custom)
2022-07-12 21:05:18,138 [78fcb3e9-d6c5-4f6f-a049-b9f080c7e3b8@group-6CAB98915D4E-LeaderElection21] INFO  server.RaftServerConfigKeys (ConfUtils.java:logGet(46)) - raft.server.watch.timeout.denomination = 1s (default)
2022-07-12 21:05:18,138 [78fcb3e9-d6c5-4f6f-a049-b9f080c7e3b8@group-6CAB98915D4E-LeaderElection21] INFO  server.RaftServerConfigKeys (ConfUtils.java:logGet(46)) - raft.server.watch.element-limit = 65536 (default)
2022-07-12 21:05:18,138 [78fcb3e9-d6c5-4f6f-a049-b9f080c7e3b8@group-6CAB98915D4E-LeaderElection21] INFO  server.RaftServerConfigKeys (ConfUtils.java:logGet(46)) - raft.server.write.element-limit = 1024 (custom)
2022-07-12 21:05:18,138 [78fcb3e9-d6c5-4f6f-a049-b9f080c7e3b8@group-6CAB98915D4E-LeaderElection21] INFO  server.RaftServerConfigKeys (ConfUtils.java:logGet(46)) - raft.server.write.follower.gap.ratio.max = -1.0 (default)
2022-07-12 21:05:18,138 [78fcb3e9-d6c5-4f6f-a049-b9f080c7e3b8@group-6CAB98915D4E-LeaderElection21] INFO  impl.RoleInfo (RoleInfo.java:updateAndGet(139)) - 78fcb3e9-d6c5-4f6f-a049-b9f080c7e3b8: start 78fcb3e9-d6c5-4f6f-a049-b9f080c7e3b8@group-6CAB98915D4E-LeaderStateImpl
2022-07-12 21:05:18,138 [78fcb3e9-d6c5-4f6f-a049-b9f080c7e3b8@group-6CAB98915D4E-LeaderElection21] INFO  segmented.SegmentedRaftLogWorker (SegmentedRaftLogWorker.java:startLogSegment(425)) - 78fcb3e9-d6c5-4f6f-a049-b9f080c7e3b8@group-6CAB98915D4E-SegmentedRaftLogWorker: Starting segment from index:0
2022-07-12 21:05:18,140 [78fcb3e9-d6c5-4f6f-a049-b9f080c7e3b8@group-6CAB98915D4E-SegmentedRaftLogWorker] INFO  segmented.SegmentedRaftLogWorker (SegmentedRaftLogWorker.java:execute(629)) - 78fcb3e9-d6c5-4f6f-a049-b9f080c7e3b8@group-6CAB98915D4E-SegmentedRaftLogWorker: created new log segment /home/runner/work/ozone/ozone/hadoop-ozone/integration-test/target/test-dir/MiniOzoneClusterImpl-82396f26-4b51-4819-9d3b-5aa507234af8/datanode-3/data/ratis/9431b696-058b-4ba5-83fc-6cab98915d4e/current/log_inprogress_0
2022-07-12 21:05:18,160 [78fcb3e9-d6c5-4f6f-a049-b9f080c7e3b8@group-6CAB98915D4E-LeaderElection21] INFO  server.RaftServer$Division (ServerState.java:setRaftConf(393)) - 78fcb3e9-d6c5-4f6f-a049-b9f080c7e3b8@group-6CAB98915D4E: set configuration 0: [78fcb3e9-d6c5-4f6f-a049-b9f080c7e3b8|rpc:10.1.0.20:41539|dataStream:|priority:1], old=null
]]></system-out>
  </testcase>
  <testcase name="testListStatusRootAndVolumeNonRecursive" classname="TestRootedOzoneFileSystem" time="0.822">
    <system-out><![CDATA[2022-07-12 21:06:30,844 [Time-limited test] INFO  rpc.RpcClient (RpcClient.java:createVolume(466)) - Creating Volume: volume86811, with user84828 as owner and space quota set to -1 bytes, counts quota set to -1
2022-07-12 21:06:30,845 [IPC Server handler 19 on default port 37581] INFO  volume.OMVolumeCreateRequest (OMVolumeCreateRequest.java:validateAndUpdateCache(195)) - created volume:volume86811 for user:user84828
2022-07-12 21:06:30,846 [Time-limited test] INFO  rpc.RpcClient (RpcClient.java:createBucket(669)) - Creating Bucket: volume86811/bucket34310, with bucket layout LEGACY, runner as owner, Versioning false, Storage Type set to DISK and Encryption set to false 
2022-07-12 21:06:30,848 [IPC Server handler 5 on default port 37581] INFO  bucket.OMBucketCreateRequest (OMBucketCreateRequest.java:validateAndUpdateCache(260)) - created bucket: bucket34310 of layout LEGACY in volume: volume86811
21:06:30.850 [IPC Server handler 6 on default port 37581] ERROR OMAudit - user=runner | ip=127.0.0.1 | op=READ_BUCKET {volume=volume-37812, bucket=bucket-06944} | ret=FAILURE
org.apache.hadoop.ozone.om.exceptions.OMException: Volume not found when getting bucket info
	at org.apache.hadoop.ozone.om.BucketManagerImpl.getBucketInfo(BucketManagerImpl.java:127) ~[ozone-manager-1.3.0-SNAPSHOT.jar:?]
	at org.apache.hadoop.ozone.om.OzoneManager.getBucketInfo(OzoneManager.java:2778) ~[ozone-manager-1.3.0-SNAPSHOT.jar:?]
	at org.apache.hadoop.ozone.protocolPB.OzoneManagerRequestHandler.infoBucket(OzoneManagerRequestHandler.java:464) ~[ozone-manager-1.3.0-SNAPSHOT.jar:?]
	at org.apache.hadoop.ozone.protocolPB.OzoneManagerRequestHandler.handleReadRequest(OzoneManagerRequestHandler.java:172) ~[ozone-manager-1.3.0-SNAPSHOT.jar:?]
	at org.apache.hadoop.ozone.protocolPB.OzoneManagerProtocolServerSideTranslatorPB.submitRequestDirectlyToOM(OzoneManagerProtocolServerSideTranslatorPB.java:276) ~[ozone-manager-1.3.0-SNAPSHOT.jar:?]
	at org.apache.hadoop.ozone.protocolPB.OzoneManagerProtocolServerSideTranslatorPB.processRequest(OzoneManagerProtocolServerSideTranslatorPB.java:205) ~[ozone-manager-1.3.0-SNAPSHOT.jar:?]
	at org.apache.hadoop.hdds.server.OzoneProtocolMessageDispatcher.processRequest(OzoneProtocolMessageDispatcher.java:87) [hdds-server-framework-1.3.0-SNAPSHOT.jar:?]
	at org.apache.hadoop.ozone.protocolPB.OzoneManagerProtocolServerSideTranslatorPB.submitRequest(OzoneManagerProtocolServerSideTranslatorPB.java:147) [ozone-manager-1.3.0-SNAPSHOT.jar:?]
	at org.apache.hadoop.ozone.protocol.proto.OzoneManagerProtocolProtos$OzoneManagerService$2.callBlockingMethod(OzoneManagerProtocolProtos.java) [ozone-interface-client-1.3.0-SNAPSHOT.jar:?]
	at org.apache.hadoop.ipc.ProtobufRpcEngine$Server.processCall(ProtobufRpcEngine.java:466) [hadoop-common-3.3.1.jar:?]
	at org.apache.hadoop.ipc.ProtobufRpcEngine2$Server$ProtoBufRpcInvoker.call(ProtobufRpcEngine2.java:574) [hadoop-common-3.3.1.jar:?]
	at org.apache.hadoop.ipc.ProtobufRpcEngine2$Server$ProtoBufRpcInvoker.call(ProtobufRpcEngine2.java:552) [hadoop-common-3.3.1.jar:?]
	at org.apache.hadoop.ipc.RPC$Server.call(RPC.java:1093) [hadoop-common-3.3.1.jar:?]
	at org.apache.hadoop.ipc.Server$RpcCall.run(Server.java:1035) [hadoop-common-3.3.1.jar:?]
	at org.apache.hadoop.ipc.Server$RpcCall.run(Server.java:963) [hadoop-common-3.3.1.jar:?]
	at java.security.AccessController.doPrivileged(Native Method) ~[?:1.8.0_332]
	at javax.security.auth.Subject.doAs(Subject.java:422) [?:1.8.0_332]
	at org.apache.hadoop.security.UserGroupInformation.doAs(UserGroupInformation.java:1878) [hadoop-common-3.3.1.jar:?]
	at org.apache.hadoop.ipc.Server$Handler.run(Server.java:2966) [hadoop-common-3.3.1.jar:?]
2022-07-12 21:06:30,850 [Time-limited test] INFO  rpc.RpcClient (RpcClient.java:createVolume(466)) - Creating Volume: volume-37812, with runner as owner and space quota set to -1 bytes, counts quota set to -1
2022-07-12 21:06:30,851 [IPC Server handler 8 on default port 37581] INFO  volume.OMVolumeCreateRequest (OMVolumeCreateRequest.java:validateAndUpdateCache(195)) - created volume:volume-37812 for user:runner
2022-07-12 21:06:30,851 [Time-limited test] INFO  rpc.RpcClient (RpcClient.java:createBucket(669)) - Creating Bucket: volume-37812/bucket-06944, with bucket layout LEGACY, runner as owner, Versioning false, Storage Type set to DISK and Encryption set to false 
2022-07-12 21:06:30,854 [IPC Server handler 18 on default port 37581] INFO  bucket.OMBucketCreateRequest (OMBucketCreateRequest.java:validateAndUpdateCache(260)) - created bucket: bucket-06944 of layout LEGACY in volume: volume-37812
21:06:31.080 [IPC Server handler 11 on default port 37581] ERROR OMAudit - user=runner | ip=127.0.0.1 | op=READ_BUCKET {volume=volume-30961, bucket=bucket-73537} | ret=FAILURE
org.apache.hadoop.ozone.om.exceptions.OMException: Volume not found when getting bucket info
	at org.apache.hadoop.ozone.om.BucketManagerImpl.getBucketInfo(BucketManagerImpl.java:127) ~[ozone-manager-1.3.0-SNAPSHOT.jar:?]
	at org.apache.hadoop.ozone.om.OzoneManager.getBucketInfo(OzoneManager.java:2778) ~[ozone-manager-1.3.0-SNAPSHOT.jar:?]
	at org.apache.hadoop.ozone.protocolPB.OzoneManagerRequestHandler.infoBucket(OzoneManagerRequestHandler.java:464) ~[ozone-manager-1.3.0-SNAPSHOT.jar:?]
	at org.apache.hadoop.ozone.protocolPB.OzoneManagerRequestHandler.handleReadRequest(OzoneManagerRequestHandler.java:172) ~[ozone-manager-1.3.0-SNAPSHOT.jar:?]
	at org.apache.hadoop.ozone.protocolPB.OzoneManagerProtocolServerSideTranslatorPB.submitRequestDirectlyToOM(OzoneManagerProtocolServerSideTranslatorPB.java:276) ~[ozone-manager-1.3.0-SNAPSHOT.jar:?]
	at org.apache.hadoop.ozone.protocolPB.OzoneManagerProtocolServerSideTranslatorPB.processRequest(OzoneManagerProtocolServerSideTranslatorPB.java:205) ~[ozone-manager-1.3.0-SNAPSHOT.jar:?]
	at org.apache.hadoop.hdds.server.OzoneProtocolMessageDispatcher.processRequest(OzoneProtocolMessageDispatcher.java:87) [hdds-server-framework-1.3.0-SNAPSHOT.jar:?]
	at org.apache.hadoop.ozone.protocolPB.OzoneManagerProtocolServerSideTranslatorPB.submitRequest(OzoneManagerProtocolServerSideTranslatorPB.java:147) [ozone-manager-1.3.0-SNAPSHOT.jar:?]
	at org.apache.hadoop.ozone.protocol.proto.OzoneManagerProtocolProtos$OzoneManagerService$2.callBlockingMethod(OzoneManagerProtocolProtos.java) [ozone-interface-client-1.3.0-SNAPSHOT.jar:?]
	at org.apache.hadoop.ipc.ProtobufRpcEngine$Server.processCall(ProtobufRpcEngine.java:466) [hadoop-common-3.3.1.jar:?]
	at org.apache.hadoop.ipc.ProtobufRpcEngine2$Server$ProtoBufRpcInvoker.call(ProtobufRpcEngine2.java:574) [hadoop-common-3.3.1.jar:?]
	at org.apache.hadoop.ipc.ProtobufRpcEngine2$Server$ProtoBufRpcInvoker.call(ProtobufRpcEngine2.java:552) [hadoop-common-3.3.1.jar:?]
	at org.apache.hadoop.ipc.RPC$Server.call(RPC.java:1093) [hadoop-common-3.3.1.jar:?]
	at org.apache.hadoop.ipc.Server$RpcCall.run(Server.java:1035) [hadoop-common-3.3.1.jar:?]
	at org.apache.hadoop.ipc.Server$RpcCall.run(Server.java:963) [hadoop-common-3.3.1.jar:?]
	at java.security.AccessController.doPrivileged(Native Method) ~[?:1.8.0_332]
	at javax.security.auth.Subject.doAs(Subject.java:422) [?:1.8.0_332]
	at org.apache.hadoop.security.UserGroupInformation.doAs(UserGroupInformation.java:1878) [hadoop-common-3.3.1.jar:?]
	at org.apache.hadoop.ipc.Server$Handler.run(Server.java:2966) [hadoop-common-3.3.1.jar:?]
2022-07-12 21:06:31,081 [Time-limited test] INFO  rpc.RpcClient (RpcClient.java:createVolume(466)) - Creating Volume: volume-30961, with runner as owner and space quota set to -1 bytes, counts quota set to -1
2022-07-12 21:06:31,081 [IPC Server handler 19 on default port 37581] INFO  volume.OMVolumeCreateRequest (OMVolumeCreateRequest.java:validateAndUpdateCache(195)) - created volume:volume-30961 for user:runner
2022-07-12 21:06:31,082 [Time-limited test] INFO  rpc.RpcClient (RpcClient.java:createBucket(669)) - Creating Bucket: volume-30961/bucket-73537, with bucket layout LEGACY, runner as owner, Versioning false, Storage Type set to DISK and Encryption set to false 
2022-07-12 21:06:31,083 [IPC Server handler 5 on default port 37581] INFO  bucket.OMBucketCreateRequest (OMBucketCreateRequest.java:validateAndUpdateCache(260)) - created bucket: bucket-73537 of layout LEGACY in volume: volume-30961
]]></system-out>
  </testcase>
  <testcase name="testListStatusRootAndVolumeNonRecursive" classname="TestRootedOzoneFileSystem" time="0.866">
    <system-out><![CDATA[2022-07-12 21:07:49,722 [Time-limited test] INFO  rpc.RpcClient (RpcClient.java:createVolume(466)) - Creating Volume: volume25013, with user68590 as owner and space quota set to -1 bytes, counts quota set to -1
2022-07-12 21:07:49,726 [OM StateMachine ApplyTransaction Thread - 0] INFO  volume.OMVolumeCreateRequest (OMVolumeCreateRequest.java:validateAndUpdateCache(195)) - created volume:volume25013 for user:user68590
2022-07-12 21:07:49,727 [Time-limited test] INFO  rpc.RpcClient (RpcClient.java:createBucket(669)) - Creating Bucket: volume25013/bucket00610, with bucket layout LEGACY, runner as owner, Versioning false, Storage Type set to DISK and Encryption set to false 
2022-07-12 21:07:49,728 [OM StateMachine ApplyTransaction Thread - 0] INFO  bucket.OMBucketCreateRequest (OMBucketCreateRequest.java:validateAndUpdateCache(260)) - created bucket: bucket00610 of layout LEGACY in volume: volume25013
21:07:49.730 [IPC Server handler 0 on default port 33595] ERROR OMAudit - user=runner | ip=127.0.0.1 | op=READ_BUCKET {volume=volume-08814, bucket=bucket-57380} | ret=FAILURE
org.apache.hadoop.ozone.om.exceptions.OMException: Volume not found when getting bucket info
	at org.apache.hadoop.ozone.om.BucketManagerImpl.getBucketInfo(BucketManagerImpl.java:127) ~[ozone-manager-1.3.0-SNAPSHOT.jar:?]
	at org.apache.hadoop.ozone.om.OzoneManager.getBucketInfo(OzoneManager.java:2778) ~[ozone-manager-1.3.0-SNAPSHOT.jar:?]
	at org.apache.hadoop.ozone.protocolPB.OzoneManagerRequestHandler.infoBucket(OzoneManagerRequestHandler.java:464) ~[ozone-manager-1.3.0-SNAPSHOT.jar:?]
	at org.apache.hadoop.ozone.protocolPB.OzoneManagerRequestHandler.handleReadRequest(OzoneManagerRequestHandler.java:172) ~[ozone-manager-1.3.0-SNAPSHOT.jar:?]
	at org.apache.hadoop.ozone.protocolPB.OzoneManagerProtocolServerSideTranslatorPB.submitReadRequestToOM(OzoneManagerProtocolServerSideTranslatorPB.java:226) ~[ozone-manager-1.3.0-SNAPSHOT.jar:?]
	at org.apache.hadoop.ozone.protocolPB.OzoneManagerProtocolServerSideTranslatorPB.processRequest(OzoneManagerProtocolServerSideTranslatorPB.java:175) ~[ozone-manager-1.3.0-SNAPSHOT.jar:?]
	at org.apache.hadoop.hdds.server.OzoneProtocolMessageDispatcher.processRequest(OzoneProtocolMessageDispatcher.java:87) [hdds-server-framework-1.3.0-SNAPSHOT.jar:?]
	at org.apache.hadoop.ozone.protocolPB.OzoneManagerProtocolServerSideTranslatorPB.submitRequest(OzoneManagerProtocolServerSideTranslatorPB.java:147) [ozone-manager-1.3.0-SNAPSHOT.jar:?]
	at org.apache.hadoop.ozone.protocol.proto.OzoneManagerProtocolProtos$OzoneManagerService$2.callBlockingMethod(OzoneManagerProtocolProtos.java) [ozone-interface-client-1.3.0-SNAPSHOT.jar:?]
	at org.apache.hadoop.ipc.ProtobufRpcEngine$Server.processCall(ProtobufRpcEngine.java:466) [hadoop-common-3.3.1.jar:?]
	at org.apache.hadoop.ipc.ProtobufRpcEngine2$Server$ProtoBufRpcInvoker.call(ProtobufRpcEngine2.java:574) [hadoop-common-3.3.1.jar:?]
	at org.apache.hadoop.ipc.ProtobufRpcEngine2$Server$ProtoBufRpcInvoker.call(ProtobufRpcEngine2.java:552) [hadoop-common-3.3.1.jar:?]
	at org.apache.hadoop.ipc.RPC$Server.call(RPC.java:1093) [hadoop-common-3.3.1.jar:?]
	at org.apache.hadoop.ipc.Server$RpcCall.run(Server.java:1035) [hadoop-common-3.3.1.jar:?]
	at org.apache.hadoop.ipc.Server$RpcCall.run(Server.java:963) [hadoop-common-3.3.1.jar:?]
	at java.security.AccessController.doPrivileged(Native Method) ~[?:1.8.0_332]
	at javax.security.auth.Subject.doAs(Subject.java:422) [?:1.8.0_332]
	at org.apache.hadoop.security.UserGroupInformation.doAs(UserGroupInformation.java:1878) [hadoop-common-3.3.1.jar:?]
	at org.apache.hadoop.ipc.Server$Handler.run(Server.java:2966) [hadoop-common-3.3.1.jar:?]
2022-07-12 21:07:49,735 [Time-limited test] INFO  rpc.RpcClient (RpcClient.java:createVolume(466)) - Creating Volume: volume-08814, with runner as owner and space quota set to -1 bytes, counts quota set to -1
2022-07-12 21:07:49,739 [OM StateMachine ApplyTransaction Thread - 0] INFO  volume.OMVolumeCreateRequest (OMVolumeCreateRequest.java:validateAndUpdateCache(195)) - created volume:volume-08814 for user:runner
2022-07-12 21:07:49,740 [Time-limited test] INFO  rpc.RpcClient (RpcClient.java:createBucket(669)) - Creating Bucket: volume-08814/bucket-57380, with bucket layout LEGACY, runner as owner, Versioning false, Storage Type set to DISK and Encryption set to false 
2022-07-12 21:07:49,741 [OM StateMachine ApplyTransaction Thread - 0] INFO  bucket.OMBucketCreateRequest (OMBucketCreateRequest.java:validateAndUpdateCache(260)) - created bucket: bucket-57380 of layout LEGACY in volume: volume-08814
21:07:50.076 [IPC Server handler 11 on default port 33595] ERROR OMAudit - user=runner | ip=127.0.0.1 | op=READ_BUCKET {volume=volume-93605, bucket=bucket-16738} | ret=FAILURE
org.apache.hadoop.ozone.om.exceptions.OMException: Volume not found when getting bucket info
	at org.apache.hadoop.ozone.om.BucketManagerImpl.getBucketInfo(BucketManagerImpl.java:127) ~[ozone-manager-1.3.0-SNAPSHOT.jar:?]
	at org.apache.hadoop.ozone.om.OzoneManager.getBucketInfo(OzoneManager.java:2778) ~[ozone-manager-1.3.0-SNAPSHOT.jar:?]
	at org.apache.hadoop.ozone.protocolPB.OzoneManagerRequestHandler.infoBucket(OzoneManagerRequestHandler.java:464) ~[ozone-manager-1.3.0-SNAPSHOT.jar:?]
	at org.apache.hadoop.ozone.protocolPB.OzoneManagerRequestHandler.handleReadRequest(OzoneManagerRequestHandler.java:172) ~[ozone-manager-1.3.0-SNAPSHOT.jar:?]
	at org.apache.hadoop.ozone.protocolPB.OzoneManagerProtocolServerSideTranslatorPB.submitReadRequestToOM(OzoneManagerProtocolServerSideTranslatorPB.java:226) ~[ozone-manager-1.3.0-SNAPSHOT.jar:?]
	at org.apache.hadoop.ozone.protocolPB.OzoneManagerProtocolServerSideTranslatorPB.processRequest(OzoneManagerProtocolServerSideTranslatorPB.java:175) ~[ozone-manager-1.3.0-SNAPSHOT.jar:?]
	at org.apache.hadoop.hdds.server.OzoneProtocolMessageDispatcher.processRequest(OzoneProtocolMessageDispatcher.java:87) [hdds-server-framework-1.3.0-SNAPSHOT.jar:?]
	at org.apache.hadoop.ozone.protocolPB.OzoneManagerProtocolServerSideTranslatorPB.submitRequest(OzoneManagerProtocolServerSideTranslatorPB.java:147) [ozone-manager-1.3.0-SNAPSHOT.jar:?]
	at org.apache.hadoop.ozone.protocol.proto.OzoneManagerProtocolProtos$OzoneManagerService$2.callBlockingMethod(OzoneManagerProtocolProtos.java) [ozone-interface-client-1.3.0-SNAPSHOT.jar:?]
	at org.apache.hadoop.ipc.ProtobufRpcEngine$Server.processCall(ProtobufRpcEngine.java:466) [hadoop-common-3.3.1.jar:?]
	at org.apache.hadoop.ipc.ProtobufRpcEngine2$Server$ProtoBufRpcInvoker.call(ProtobufRpcEngine2.java:574) [hadoop-common-3.3.1.jar:?]
	at org.apache.hadoop.ipc.ProtobufRpcEngine2$Server$ProtoBufRpcInvoker.call(ProtobufRpcEngine2.java:552) [hadoop-common-3.3.1.jar:?]
	at org.apache.hadoop.ipc.RPC$Server.call(RPC.java:1093) [hadoop-common-3.3.1.jar:?]
	at org.apache.hadoop.ipc.Server$RpcCall.run(Server.java:1035) [hadoop-common-3.3.1.jar:?]
	at org.apache.hadoop.ipc.Server$RpcCall.run(Server.java:963) [hadoop-common-3.3.1.jar:?]
	at java.security.AccessController.doPrivileged(Native Method) ~[?:1.8.0_332]
	at javax.security.auth.Subject.doAs(Subject.java:422) [?:1.8.0_332]
	at org.apache.hadoop.security.UserGroupInformation.doAs(UserGroupInformation.java:1878) [hadoop-common-3.3.1.jar:?]
	at org.apache.hadoop.ipc.Server$Handler.run(Server.java:2966) [hadoop-common-3.3.1.jar:?]
2022-07-12 21:07:50,076 [Time-limited test] INFO  rpc.RpcClient (RpcClient.java:createVolume(466)) - Creating Volume: volume-93605, with runner as owner and space quota set to -1 bytes, counts quota set to -1
2022-07-12 21:07:50,078 [OM StateMachine ApplyTransaction Thread - 0] INFO  volume.OMVolumeCreateRequest (OMVolumeCreateRequest.java:validateAndUpdateCache(195)) - created volume:volume-93605 for user:runner
2022-07-12 21:07:50,084 [Time-limited test] INFO  rpc.RpcClient (RpcClient.java:createBucket(669)) - Creating Bucket: volume-93605/bucket-16738, with bucket layout LEGACY, runner as owner, Versioning false, Storage Type set to DISK and Encryption set to false 
2022-07-12 21:07:50,088 [OM StateMachine ApplyTransaction Thread - 0] INFO  bucket.OMBucketCreateRequest (OMBucketCreateRequest.java:validateAndUpdateCache(260)) - created bucket: bucket-16738 of layout LEGACY in volume: volume-93605
]]></system-out>
  </testcase>
  <testcase name="testListStatusRootAndVolumeNonRecursive" classname="TestRootedOzoneFileSystem" time="0.99">
    <system-out><![CDATA[2022-07-12 21:09:30,389 [Time-limited test] INFO  rpc.RpcClient (RpcClient.java:createVolume(466)) - Creating Volume: volume24541, with user55702 as owner and space quota set to -1 bytes, counts quota set to -1
2022-07-12 21:09:30,390 [IPC Server handler 3 on default port 32899] INFO  volume.OMVolumeCreateRequest (OMVolumeCreateRequest.java:validateAndUpdateCache(195)) - created volume:volume24541 for user:user55702
2022-07-12 21:09:30,407 [Time-limited test] INFO  rpc.RpcClient (RpcClient.java:createBucket(669)) - Creating Bucket: volume24541/bucket43612, with bucket layout LEGACY, runner as owner, Versioning false, Storage Type set to DISK and Encryption set to false 
2022-07-12 21:09:30,408 [IPC Server handler 4 on default port 32899] INFO  bucket.OMBucketCreateRequest (OMBucketCreateRequest.java:validateAndUpdateCache(260)) - created bucket: bucket43612 of layout LEGACY in volume: volume24541
21:09:30.418 [IPC Server handler 13 on default port 32899] ERROR OMAudit - user=runner | ip=127.0.0.1 | op=READ_BUCKET {volume=volume-80981, bucket=bucket-54259} | ret=FAILURE
org.apache.hadoop.ozone.om.exceptions.OMException: Volume not found when getting bucket info
	at org.apache.hadoop.ozone.om.BucketManagerImpl.getBucketInfo(BucketManagerImpl.java:127) ~[ozone-manager-1.3.0-SNAPSHOT.jar:?]
	at org.apache.hadoop.ozone.om.OzoneManager.getBucketInfo(OzoneManager.java:2778) ~[ozone-manager-1.3.0-SNAPSHOT.jar:?]
	at org.apache.hadoop.ozone.protocolPB.OzoneManagerRequestHandler.infoBucket(OzoneManagerRequestHandler.java:464) ~[ozone-manager-1.3.0-SNAPSHOT.jar:?]
	at org.apache.hadoop.ozone.protocolPB.OzoneManagerRequestHandler.handleReadRequest(OzoneManagerRequestHandler.java:172) ~[ozone-manager-1.3.0-SNAPSHOT.jar:?]
	at org.apache.hadoop.ozone.protocolPB.OzoneManagerProtocolServerSideTranslatorPB.submitRequestDirectlyToOM(OzoneManagerProtocolServerSideTranslatorPB.java:276) ~[ozone-manager-1.3.0-SNAPSHOT.jar:?]
	at org.apache.hadoop.ozone.protocolPB.OzoneManagerProtocolServerSideTranslatorPB.processRequest(OzoneManagerProtocolServerSideTranslatorPB.java:205) ~[ozone-manager-1.3.0-SNAPSHOT.jar:?]
	at org.apache.hadoop.hdds.server.OzoneProtocolMessageDispatcher.processRequest(OzoneProtocolMessageDispatcher.java:87) [hdds-server-framework-1.3.0-SNAPSHOT.jar:?]
	at org.apache.hadoop.ozone.protocolPB.OzoneManagerProtocolServerSideTranslatorPB.submitRequest(OzoneManagerProtocolServerSideTranslatorPB.java:147) [ozone-manager-1.3.0-SNAPSHOT.jar:?]
	at org.apache.hadoop.ozone.protocol.proto.OzoneManagerProtocolProtos$OzoneManagerService$2.callBlockingMethod(OzoneManagerProtocolProtos.java) [ozone-interface-client-1.3.0-SNAPSHOT.jar:?]
	at org.apache.hadoop.ipc.ProtobufRpcEngine$Server.processCall(ProtobufRpcEngine.java:466) [hadoop-common-3.3.1.jar:?]
	at org.apache.hadoop.ipc.ProtobufRpcEngine2$Server$ProtoBufRpcInvoker.call(ProtobufRpcEngine2.java:574) [hadoop-common-3.3.1.jar:?]
	at org.apache.hadoop.ipc.ProtobufRpcEngine2$Server$ProtoBufRpcInvoker.call(ProtobufRpcEngine2.java:552) [hadoop-common-3.3.1.jar:?]
	at org.apache.hadoop.ipc.RPC$Server.call(RPC.java:1093) [hadoop-common-3.3.1.jar:?]
	at org.apache.hadoop.ipc.Server$RpcCall.run(Server.java:1035) [hadoop-common-3.3.1.jar:?]
	at org.apache.hadoop.ipc.Server$RpcCall.run(Server.java:963) [hadoop-common-3.3.1.jar:?]
	at java.security.AccessController.doPrivileged(Native Method) ~[?:1.8.0_332]
	at javax.security.auth.Subject.doAs(Subject.java:422) [?:1.8.0_332]
	at org.apache.hadoop.security.UserGroupInformation.doAs(UserGroupInformation.java:1878) [hadoop-common-3.3.1.jar:?]
	at org.apache.hadoop.ipc.Server$Handler.run(Server.java:2966) [hadoop-common-3.3.1.jar:?]
2022-07-12 21:09:30,418 [Time-limited test] INFO  rpc.RpcClient (RpcClient.java:createVolume(466)) - Creating Volume: volume-80981, with runner as owner and space quota set to -1 bytes, counts quota set to -1
2022-07-12 21:09:30,419 [IPC Server handler 10 on default port 32899] INFO  volume.OMVolumeCreateRequest (OMVolumeCreateRequest.java:validateAndUpdateCache(195)) - created volume:volume-80981 for user:runner
2022-07-12 21:09:30,420 [Time-limited test] INFO  rpc.RpcClient (RpcClient.java:createBucket(669)) - Creating Bucket: volume-80981/bucket-54259, with bucket layout LEGACY, runner as owner, Versioning false, Storage Type set to DISK and Encryption set to false 
2022-07-12 21:09:30,420 [IPC Server handler 6 on default port 32899] INFO  bucket.OMBucketCreateRequest (OMBucketCreateRequest.java:validateAndUpdateCache(260)) - created bucket: bucket-54259 of layout LEGACY in volume: volume-80981
21:09:30.810 [IPC Server handler 8 on default port 32899] ERROR OMAudit - user=runner | ip=127.0.0.1 | op=READ_BUCKET {volume=volume-05982, bucket=bucket-19943} | ret=FAILURE
org.apache.hadoop.ozone.om.exceptions.OMException: Volume not found when getting bucket info
	at org.apache.hadoop.ozone.om.BucketManagerImpl.getBucketInfo(BucketManagerImpl.java:127) ~[ozone-manager-1.3.0-SNAPSHOT.jar:?]
	at org.apache.hadoop.ozone.om.OzoneManager.getBucketInfo(OzoneManager.java:2778) ~[ozone-manager-1.3.0-SNAPSHOT.jar:?]
	at org.apache.hadoop.ozone.protocolPB.OzoneManagerRequestHandler.infoBucket(OzoneManagerRequestHandler.java:464) ~[ozone-manager-1.3.0-SNAPSHOT.jar:?]
	at org.apache.hadoop.ozone.protocolPB.OzoneManagerRequestHandler.handleReadRequest(OzoneManagerRequestHandler.java:172) ~[ozone-manager-1.3.0-SNAPSHOT.jar:?]
	at org.apache.hadoop.ozone.protocolPB.OzoneManagerProtocolServerSideTranslatorPB.submitRequestDirectlyToOM(OzoneManagerProtocolServerSideTranslatorPB.java:276) ~[ozone-manager-1.3.0-SNAPSHOT.jar:?]
	at org.apache.hadoop.ozone.protocolPB.OzoneManagerProtocolServerSideTranslatorPB.processRequest(OzoneManagerProtocolServerSideTranslatorPB.java:205) ~[ozone-manager-1.3.0-SNAPSHOT.jar:?]
	at org.apache.hadoop.hdds.server.OzoneProtocolMessageDispatcher.processRequest(OzoneProtocolMessageDispatcher.java:87) [hdds-server-framework-1.3.0-SNAPSHOT.jar:?]
	at org.apache.hadoop.ozone.protocolPB.OzoneManagerProtocolServerSideTranslatorPB.submitRequest(OzoneManagerProtocolServerSideTranslatorPB.java:147) [ozone-manager-1.3.0-SNAPSHOT.jar:?]
	at org.apache.hadoop.ozone.protocol.proto.OzoneManagerProtocolProtos$OzoneManagerService$2.callBlockingMethod(OzoneManagerProtocolProtos.java) [ozone-interface-client-1.3.0-SNAPSHOT.jar:?]
	at org.apache.hadoop.ipc.ProtobufRpcEngine$Server.processCall(ProtobufRpcEngine.java:466) [hadoop-common-3.3.1.jar:?]
	at org.apache.hadoop.ipc.ProtobufRpcEngine2$Server$ProtoBufRpcInvoker.call(ProtobufRpcEngine2.java:574) [hadoop-common-3.3.1.jar:?]
	at org.apache.hadoop.ipc.ProtobufRpcEngine2$Server$ProtoBufRpcInvoker.call(ProtobufRpcEngine2.java:552) [hadoop-common-3.3.1.jar:?]
	at org.apache.hadoop.ipc.RPC$Server.call(RPC.java:1093) [hadoop-common-3.3.1.jar:?]
	at org.apache.hadoop.ipc.Server$RpcCall.run(Server.java:1035) [hadoop-common-3.3.1.jar:?]
	at org.apache.hadoop.ipc.Server$RpcCall.run(Server.java:963) [hadoop-common-3.3.1.jar:?]
	at java.security.AccessController.doPrivileged(Native Method) ~[?:1.8.0_332]
	at javax.security.auth.Subject.doAs(Subject.java:422) [?:1.8.0_332]
	at org.apache.hadoop.security.UserGroupInformation.doAs(UserGroupInformation.java:1878) [hadoop-common-3.3.1.jar:?]
	at org.apache.hadoop.ipc.Server$Handler.run(Server.java:2966) [hadoop-common-3.3.1.jar:?]
2022-07-12 21:09:30,810 [Time-limited test] INFO  rpc.RpcClient (RpcClient.java:createVolume(466)) - Creating Volume: volume-05982, with runner as owner and space quota set to -1 bytes, counts quota set to -1
2022-07-12 21:09:30,811 [IPC Server handler 3 on default port 32899] INFO  volume.OMVolumeCreateRequest (OMVolumeCreateRequest.java:validateAndUpdateCache(195)) - created volume:volume-05982 for user:runner
2022-07-12 21:09:30,812 [Time-limited test] INFO  rpc.RpcClient (RpcClient.java:createBucket(669)) - Creating Bucket: volume-05982/bucket-19943, with bucket layout LEGACY, runner as owner, Versioning false, Storage Type set to DISK and Encryption set to false 
2022-07-12 21:09:30,812 [IPC Server handler 4 on default port 32899] INFO  bucket.OMBucketCreateRequest (OMBucketCreateRequest.java:validateAndUpdateCache(260)) - created bucket: bucket-19943 of layout LEGACY in volume: volume-05982
]]></system-out>
  </testcase>
  <testcase name="testDeleteVolumeAndBucket" classname="TestRootedOzoneFileSystem" time="0.13">
    <system-out><![CDATA[2022-07-12 21:04:06,551 [Time-limited test] INFO  rpc.RpcClient (RpcClient.java:createVolume(466)) - Creating Volume: volume85834, with user14580 as owner and space quota set to -1 bytes, counts quota set to -1
2022-07-12 21:04:06,559 [OM StateMachine ApplyTransaction Thread - 0] INFO  volume.OMVolumeCreateRequest (OMVolumeCreateRequest.java:validateAndUpdateCache(195)) - created volume:volume85834 for user:user14580
2022-07-12 21:04:06,565 [Time-limited test] INFO  rpc.RpcClient (RpcClient.java:createBucket(669)) - Creating Bucket: volume85834/bucket22416, with bucket layout LEGACY, runner as owner, Versioning false, Storage Type set to DISK and Encryption set to false 
2022-07-12 21:04:06,569 [OM StateMachine ApplyTransaction Thread - 0] INFO  bucket.OMBucketCreateRequest (OMBucketCreateRequest.java:validateAndUpdateCache(260)) - created bucket: bucket22416 of layout LEGACY in volume: volume85834
2022-07-12 21:04:06,573 [Time-limited test] INFO  rpc.RpcClient (RpcClient.java:createVolume(466)) - Creating Volume: volume-59490, with runner as owner and space quota set to -1 bytes, counts quota set to -1
2022-07-12 21:04:06,575 [OM StateMachine ApplyTransaction Thread - 0] INFO  volume.OMVolumeCreateRequest (OMVolumeCreateRequest.java:validateAndUpdateCache(195)) - created volume:volume-59490 for user:runner
2022-07-12 21:04:06,578 [Time-limited test] INFO  rpc.RpcClient (RpcClient.java:createBucket(669)) - Creating Bucket: volume-59490/bucket2, with bucket layout LEGACY, runner as owner, Versioning false, Storage Type set to DISK and Encryption set to false 
2022-07-12 21:04:06,580 [OM StateMachine ApplyTransaction Thread - 0] INFO  bucket.OMBucketCreateRequest (OMBucketCreateRequest.java:validateAndUpdateCache(260)) - created bucket: bucket2 of layout LEGACY in volume: volume-59490
21:04:06.589 [OM StateMachine ApplyTransaction Thread - 0] ERROR OMAudit - user=runner | ip=127.0.0.1 | op=DELETE_VOLUME {volume=volume-59490} | ret=FAILURE
org.apache.hadoop.ozone.om.exceptions.OMException: null
	at org.apache.hadoop.ozone.om.request.volume.OMVolumeDeleteRequest.validateAndUpdateCache(OMVolumeDeleteRequest.java:122) ~[ozone-manager-1.3.0-SNAPSHOT.jar:?]
	at org.apache.hadoop.ozone.protocolPB.OzoneManagerRequestHandler.handleWriteRequest(OzoneManagerRequestHandler.java:293) ~[ozone-manager-1.3.0-SNAPSHOT.jar:?]
	at org.apache.hadoop.ozone.om.ratis.OzoneManagerStateMachine.runCommand(OzoneManagerStateMachine.java:529) ~[ozone-manager-1.3.0-SNAPSHOT.jar:?]
	at org.apache.hadoop.ozone.om.ratis.OzoneManagerStateMachine.lambda$1(OzoneManagerStateMachine.java:324) ~[ozone-manager-1.3.0-SNAPSHOT.jar:?]
	at java.util.concurrent.CompletableFuture$AsyncSupply.run(CompletableFuture.java:1604) [?:1.8.0_332]
	at java.util.concurrent.ThreadPoolExecutor.runWorker(ThreadPoolExecutor.java:1149) [?:1.8.0_332]
	at java.util.concurrent.ThreadPoolExecutor$Worker.run(ThreadPoolExecutor.java:624) [?:1.8.0_332]
	at java.lang.Thread.run(Thread.java:750) [?:1.8.0_332]
2022-07-12 21:04:06,590 [OM StateMachine ApplyTransaction Thread - 0] ERROR volume.OMVolumeDeleteRequest (OMVolumeDeleteRequest.java:validateAndUpdateCache(170)) - Volume deletion failed for user:runner volume:volume-59490
VOLUME_NOT_EMPTY org.apache.hadoop.ozone.om.exceptions.OMException
	at org.apache.hadoop.ozone.om.request.volume.OMVolumeDeleteRequest.validateAndUpdateCache(OMVolumeDeleteRequest.java:122)
	at org.apache.hadoop.ozone.protocolPB.OzoneManagerRequestHandler.handleWriteRequest(OzoneManagerRequestHandler.java:293)
	at org.apache.hadoop.ozone.om.ratis.OzoneManagerStateMachine.runCommand(OzoneManagerStateMachine.java:529)
	at org.apache.hadoop.ozone.om.ratis.OzoneManagerStateMachine.lambda$1(OzoneManagerStateMachine.java:324)
	at java.util.concurrent.CompletableFuture$AsyncSupply.run(CompletableFuture.java:1604)
	at java.util.concurrent.ThreadPoolExecutor.runWorker(ThreadPoolExecutor.java:1149)
	at java.util.concurrent.ThreadPoolExecutor$Worker.run(ThreadPoolExecutor.java:624)
	at java.lang.Thread.run(Thread.java:750)
]]></system-out>
  </testcase>
  <testcase name="testDeleteVolumeAndBucket" classname="TestRootedOzoneFileSystem" time="0.149">
    <system-out><![CDATA[2022-07-12 21:05:18,391 [Time-limited test] INFO  rpc.RpcClient (RpcClient.java:createVolume(466)) - Creating Volume: volume41090, with user11381 as owner and space quota set to -1 bytes, counts quota set to -1
2022-07-12 21:05:18,393 [OM StateMachine ApplyTransaction Thread - 0] INFO  volume.OMVolumeCreateRequest (OMVolumeCreateRequest.java:validateAndUpdateCache(195)) - created volume:volume41090 for user:user11381
2022-07-12 21:05:18,394 [Time-limited test] INFO  rpc.RpcClient (RpcClient.java:createBucket(669)) - Creating Bucket: volume41090/bucket08535, with bucket layout LEGACY, runner as owner, Versioning false, Storage Type set to DISK and Encryption set to false 
2022-07-12 21:05:18,395 [OM StateMachine ApplyTransaction Thread - 0] INFO  bucket.OMBucketCreateRequest (OMBucketCreateRequest.java:validateAndUpdateCache(260)) - created bucket: bucket08535 of layout LEGACY in volume: volume41090
21:05:18.397 [IPC Server handler 13 on default port 38457] ERROR OMAudit - user=runner | ip=127.0.0.1 | op=READ_BUCKET {volume=volume-91543, bucket=bucket2} | ret=FAILURE
org.apache.hadoop.ozone.om.exceptions.OMException: Volume not found when getting bucket info
	at org.apache.hadoop.ozone.om.BucketManagerImpl.getBucketInfo(BucketManagerImpl.java:127) ~[ozone-manager-1.3.0-SNAPSHOT.jar:?]
	at org.apache.hadoop.ozone.om.OzoneManager.getBucketInfo(OzoneManager.java:2778) ~[ozone-manager-1.3.0-SNAPSHOT.jar:?]
	at org.apache.hadoop.ozone.protocolPB.OzoneManagerRequestHandler.infoBucket(OzoneManagerRequestHandler.java:464) ~[ozone-manager-1.3.0-SNAPSHOT.jar:?]
	at org.apache.hadoop.ozone.protocolPB.OzoneManagerRequestHandler.handleReadRequest(OzoneManagerRequestHandler.java:172) ~[ozone-manager-1.3.0-SNAPSHOT.jar:?]
	at org.apache.hadoop.ozone.protocolPB.OzoneManagerProtocolServerSideTranslatorPB.submitReadRequestToOM(OzoneManagerProtocolServerSideTranslatorPB.java:226) ~[ozone-manager-1.3.0-SNAPSHOT.jar:?]
	at org.apache.hadoop.ozone.protocolPB.OzoneManagerProtocolServerSideTranslatorPB.processRequest(OzoneManagerProtocolServerSideTranslatorPB.java:175) ~[ozone-manager-1.3.0-SNAPSHOT.jar:?]
	at org.apache.hadoop.hdds.server.OzoneProtocolMessageDispatcher.processRequest(OzoneProtocolMessageDispatcher.java:87) [hdds-server-framework-1.3.0-SNAPSHOT.jar:?]
	at org.apache.hadoop.ozone.protocolPB.OzoneManagerProtocolServerSideTranslatorPB.submitRequest(OzoneManagerProtocolServerSideTranslatorPB.java:147) [ozone-manager-1.3.0-SNAPSHOT.jar:?]
	at org.apache.hadoop.ozone.protocol.proto.OzoneManagerProtocolProtos$OzoneManagerService$2.callBlockingMethod(OzoneManagerProtocolProtos.java) [ozone-interface-client-1.3.0-SNAPSHOT.jar:?]
	at org.apache.hadoop.ipc.ProtobufRpcEngine$Server.processCall(ProtobufRpcEngine.java:466) [hadoop-common-3.3.1.jar:?]
	at org.apache.hadoop.ipc.ProtobufRpcEngine2$Server$ProtoBufRpcInvoker.call(ProtobufRpcEngine2.java:574) [hadoop-common-3.3.1.jar:?]
	at org.apache.hadoop.ipc.ProtobufRpcEngine2$Server$ProtoBufRpcInvoker.call(ProtobufRpcEngine2.java:552) [hadoop-common-3.3.1.jar:?]
	at org.apache.hadoop.ipc.RPC$Server.call(RPC.java:1093) [hadoop-common-3.3.1.jar:?]
	at org.apache.hadoop.ipc.Server$RpcCall.run(Server.java:1035) [hadoop-common-3.3.1.jar:?]
	at org.apache.hadoop.ipc.Server$RpcCall.run(Server.java:963) [hadoop-common-3.3.1.jar:?]
	at java.security.AccessController.doPrivileged(Native Method) ~[?:1.8.0_332]
	at javax.security.auth.Subject.doAs(Subject.java:422) [?:1.8.0_332]
	at org.apache.hadoop.security.UserGroupInformation.doAs(UserGroupInformation.java:1878) [hadoop-common-3.3.1.jar:?]
	at org.apache.hadoop.ipc.Server$Handler.run(Server.java:2966) [hadoop-common-3.3.1.jar:?]
2022-07-12 21:05:18,398 [Time-limited test] INFO  rpc.RpcClient (RpcClient.java:createVolume(466)) - Creating Volume: volume-91543, with runner as owner and space quota set to -1 bytes, counts quota set to -1
2022-07-12 21:05:18,399 [OM StateMachine ApplyTransaction Thread - 0] INFO  volume.OMVolumeCreateRequest (OMVolumeCreateRequest.java:validateAndUpdateCache(195)) - created volume:volume-91543 for user:runner
2022-07-12 21:05:18,400 [Time-limited test] INFO  rpc.RpcClient (RpcClient.java:createBucket(669)) - Creating Bucket: volume-91543/bucket2, with bucket layout LEGACY, runner as owner, Versioning false, Storage Type set to DISK and Encryption set to false 
2022-07-12 21:05:18,404 [OM StateMachine ApplyTransaction Thread - 0] INFO  bucket.OMBucketCreateRequest (OMBucketCreateRequest.java:validateAndUpdateCache(260)) - created bucket: bucket2 of layout LEGACY in volume: volume-91543
21:05:18.408 [OM StateMachine ApplyTransaction Thread - 0] ERROR OMAudit - user=runner | ip=127.0.0.1 | op=DELETE_VOLUME {volume=volume-91543} | ret=FAILURE
org.apache.hadoop.ozone.om.exceptions.OMException: null
	at org.apache.hadoop.ozone.om.request.volume.OMVolumeDeleteRequest.validateAndUpdateCache(OMVolumeDeleteRequest.java:122) ~[ozone-manager-1.3.0-SNAPSHOT.jar:?]
	at org.apache.hadoop.ozone.protocolPB.OzoneManagerRequestHandler.handleWriteRequest(OzoneManagerRequestHandler.java:293) ~[ozone-manager-1.3.0-SNAPSHOT.jar:?]
	at org.apache.hadoop.ozone.om.ratis.OzoneManagerStateMachine.runCommand(OzoneManagerStateMachine.java:529) ~[ozone-manager-1.3.0-SNAPSHOT.jar:?]
	at org.apache.hadoop.ozone.om.ratis.OzoneManagerStateMachine.lambda$1(OzoneManagerStateMachine.java:324) ~[ozone-manager-1.3.0-SNAPSHOT.jar:?]
	at java.util.concurrent.CompletableFuture$AsyncSupply.run(CompletableFuture.java:1604) [?:1.8.0_332]
	at java.util.concurrent.ThreadPoolExecutor.runWorker(ThreadPoolExecutor.java:1149) [?:1.8.0_332]
	at java.util.concurrent.ThreadPoolExecutor$Worker.run(ThreadPoolExecutor.java:624) [?:1.8.0_332]
	at java.lang.Thread.run(Thread.java:750) [?:1.8.0_332]
2022-07-12 21:05:18,408 [OM StateMachine ApplyTransaction Thread - 0] ERROR volume.OMVolumeDeleteRequest (OMVolumeDeleteRequest.java:validateAndUpdateCache(170)) - Volume deletion failed for user:runner volume:volume-91543
VOLUME_NOT_EMPTY org.apache.hadoop.ozone.om.exceptions.OMException
	at org.apache.hadoop.ozone.om.request.volume.OMVolumeDeleteRequest.validateAndUpdateCache(OMVolumeDeleteRequest.java:122)
	at org.apache.hadoop.ozone.protocolPB.OzoneManagerRequestHandler.handleWriteRequest(OzoneManagerRequestHandler.java:293)
	at org.apache.hadoop.ozone.om.ratis.OzoneManagerStateMachine.runCommand(OzoneManagerStateMachine.java:529)
	at org.apache.hadoop.ozone.om.ratis.OzoneManagerStateMachine.lambda$1(OzoneManagerStateMachine.java:324)
	at java.util.concurrent.CompletableFuture$AsyncSupply.run(CompletableFuture.java:1604)
	at java.util.concurrent.ThreadPoolExecutor.runWorker(ThreadPoolExecutor.java:1149)
	at java.util.concurrent.ThreadPoolExecutor$Worker.run(ThreadPoolExecutor.java:624)
	at java.lang.Thread.run(Thread.java:750)
21:05:18.424 [IPC Server handler 19 on default port 38457] ERROR OMAudit - user=runner | ip=127.0.0.1 | op=READ_VOLUME {volume=volume-91543} | ret=FAILURE
org.apache.hadoop.ozone.om.exceptions.OMException: Volume volume-91543 is not found
	at org.apache.hadoop.ozone.om.VolumeManagerImpl.getVolumeInfo(VolumeManagerImpl.java:74) ~[ozone-manager-1.3.0-SNAPSHOT.jar:?]
	at org.apache.hadoop.ozone.om.OzoneManager.getVolumeInfo(OzoneManager.java:2602) ~[ozone-manager-1.3.0-SNAPSHOT.jar:?]
	at org.apache.hadoop.ozone.protocolPB.OzoneManagerRequestHandler.infoVolume(OzoneManagerRequestHandler.java:390) ~[ozone-manager-1.3.0-SNAPSHOT.jar:?]
	at org.apache.hadoop.ozone.protocolPB.OzoneManagerRequestHandler.handleReadRequest(OzoneManagerRequestHandler.java:162) ~[ozone-manager-1.3.0-SNAPSHOT.jar:?]
	at org.apache.hadoop.ozone.protocolPB.OzoneManagerProtocolServerSideTranslatorPB.submitReadRequestToOM(OzoneManagerProtocolServerSideTranslatorPB.java:226) ~[ozone-manager-1.3.0-SNAPSHOT.jar:?]
	at org.apache.hadoop.ozone.protocolPB.OzoneManagerProtocolServerSideTranslatorPB.processRequest(OzoneManagerProtocolServerSideTranslatorPB.java:175) ~[ozone-manager-1.3.0-SNAPSHOT.jar:?]
	at org.apache.hadoop.hdds.server.OzoneProtocolMessageDispatcher.processRequest(OzoneProtocolMessageDispatcher.java:87) [hdds-server-framework-1.3.0-SNAPSHOT.jar:?]
	at org.apache.hadoop.ozone.protocolPB.OzoneManagerProtocolServerSideTranslatorPB.submitRequest(OzoneManagerProtocolServerSideTranslatorPB.java:147) [ozone-manager-1.3.0-SNAPSHOT.jar:?]
	at org.apache.hadoop.ozone.protocol.proto.OzoneManagerProtocolProtos$OzoneManagerService$2.callBlockingMethod(OzoneManagerProtocolProtos.java) [ozone-interface-client-1.3.0-SNAPSHOT.jar:?]
	at org.apache.hadoop.ipc.ProtobufRpcEngine$Server.processCall(ProtobufRpcEngine.java:466) [hadoop-common-3.3.1.jar:?]
	at org.apache.hadoop.ipc.ProtobufRpcEngine2$Server$ProtoBufRpcInvoker.call(ProtobufRpcEngine2.java:574) [hadoop-common-3.3.1.jar:?]
	at org.apache.hadoop.ipc.ProtobufRpcEngine2$Server$ProtoBufRpcInvoker.call(ProtobufRpcEngine2.java:552) [hadoop-common-3.3.1.jar:?]
	at org.apache.hadoop.ipc.RPC$Server.call(RPC.java:1093) [hadoop-common-3.3.1.jar:?]
	at org.apache.hadoop.ipc.Server$RpcCall.run(Server.java:1035) [hadoop-common-3.3.1.jar:?]
	at org.apache.hadoop.ipc.Server$RpcCall.run(Server.java:963) [hadoop-common-3.3.1.jar:?]
	at java.security.AccessController.doPrivileged(Native Method) ~[?:1.8.0_332]
	at javax.security.auth.Subject.doAs(Subject.java:422) [?:1.8.0_332]
	at org.apache.hadoop.security.UserGroupInformation.doAs(UserGroupInformation.java:1878) [hadoop-common-3.3.1.jar:?]
	at org.apache.hadoop.ipc.Server$Handler.run(Server.java:2966) [hadoop-common-3.3.1.jar:?]
]]></system-out>
  </testcase>
  <testcase name="testDeleteVolumeAndBucket" classname="TestRootedOzoneFileSystem" time="0.171">
    <system-out><![CDATA[2022-07-12 21:06:31,531 [8bf5e825-cafb-4359-a872-18b2ce7984ce@group-301468B227E7-FollowerState] INFO  impl.FollowerState (FollowerState.java:run(143)) - 8bf5e825-cafb-4359-a872-18b2ce7984ce@group-301468B227E7-FollowerState: change to CANDIDATE, lastRpcElapsedTime:5173835357ns, electionTimeout:5135ms
2022-07-12 21:06:31,532 [8bf5e825-cafb-4359-a872-18b2ce7984ce@group-301468B227E7-FollowerState] INFO  impl.RoleInfo (RoleInfo.java:shutdownFollowerState(110)) - 8bf5e825-cafb-4359-a872-18b2ce7984ce: shutdown 8bf5e825-cafb-4359-a872-18b2ce7984ce@group-301468B227E7-FollowerState
2022-07-12 21:06:31,532 [8bf5e825-cafb-4359-a872-18b2ce7984ce@group-301468B227E7-FollowerState] INFO  server.RaftServer$Division (RaftServerImpl.java:setRole(299)) - 8bf5e825-cafb-4359-a872-18b2ce7984ce@group-301468B227E7: changes role from  FOLLOWER to CANDIDATE at term 0 for changeToCandidate
2022-07-12 21:06:31,532 [8bf5e825-cafb-4359-a872-18b2ce7984ce@group-301468B227E7-FollowerState] INFO  server.RaftServerConfigKeys (ConfUtils.java:logGet(46)) - raft.server.leaderelection.pre-vote = false (custom)
2022-07-12 21:06:31,532 [8bf5e825-cafb-4359-a872-18b2ce7984ce@group-301468B227E7-FollowerState] INFO  impl.RoleInfo (RoleInfo.java:updateAndGet(139)) - 8bf5e825-cafb-4359-a872-18b2ce7984ce: start 8bf5e825-cafb-4359-a872-18b2ce7984ce@group-301468B227E7-LeaderElection32
2022-07-12 21:06:31,561 [Time-limited test] INFO  rpc.RpcClient (RpcClient.java:createVolume(466)) - Creating Volume: volume64995, with user31403 as owner and space quota set to -1 bytes, counts quota set to -1
2022-07-12 21:06:31,562 [IPC Server handler 16 on default port 37581] INFO  volume.OMVolumeCreateRequest (OMVolumeCreateRequest.java:validateAndUpdateCache(195)) - created volume:volume64995 for user:user31403
2022-07-12 21:06:31,563 [Time-limited test] INFO  rpc.RpcClient (RpcClient.java:createBucket(669)) - Creating Bucket: volume64995/bucket82391, with bucket layout LEGACY, runner as owner, Versioning false, Storage Type set to DISK and Encryption set to false 
2022-07-12 21:06:31,563 [IPC Server handler 15 on default port 37581] INFO  bucket.OMBucketCreateRequest (OMBucketCreateRequest.java:validateAndUpdateCache(260)) - created bucket: bucket82391 of layout LEGACY in volume: volume64995
21:06:31.566 [IPC Server handler 3 on default port 37581] ERROR OMAudit - user=runner | ip=127.0.0.1 | op=READ_BUCKET {volume=volume-59811, bucket=bucket2} | ret=FAILURE
org.apache.hadoop.ozone.om.exceptions.OMException: Volume not found when getting bucket info
	at org.apache.hadoop.ozone.om.BucketManagerImpl.getBucketInfo(BucketManagerImpl.java:127) ~[ozone-manager-1.3.0-SNAPSHOT.jar:?]
	at org.apache.hadoop.ozone.om.OzoneManager.getBucketInfo(OzoneManager.java:2778) ~[ozone-manager-1.3.0-SNAPSHOT.jar:?]
	at org.apache.hadoop.ozone.protocolPB.OzoneManagerRequestHandler.infoBucket(OzoneManagerRequestHandler.java:464) ~[ozone-manager-1.3.0-SNAPSHOT.jar:?]
	at org.apache.hadoop.ozone.protocolPB.OzoneManagerRequestHandler.handleReadRequest(OzoneManagerRequestHandler.java:172) ~[ozone-manager-1.3.0-SNAPSHOT.jar:?]
	at org.apache.hadoop.ozone.protocolPB.OzoneManagerProtocolServerSideTranslatorPB.submitRequestDirectlyToOM(OzoneManagerProtocolServerSideTranslatorPB.java:276) ~[ozone-manager-1.3.0-SNAPSHOT.jar:?]
	at org.apache.hadoop.ozone.protocolPB.OzoneManagerProtocolServerSideTranslatorPB.processRequest(OzoneManagerProtocolServerSideTranslatorPB.java:205) ~[ozone-manager-1.3.0-SNAPSHOT.jar:?]
	at org.apache.hadoop.hdds.server.OzoneProtocolMessageDispatcher.processRequest(OzoneProtocolMessageDispatcher.java:87) [hdds-server-framework-1.3.0-SNAPSHOT.jar:?]
	at org.apache.hadoop.ozone.protocolPB.OzoneManagerProtocolServerSideTranslatorPB.submitRequest(OzoneManagerProtocolServerSideTranslatorPB.java:147) [ozone-manager-1.3.0-SNAPSHOT.jar:?]
	at org.apache.hadoop.ozone.protocol.proto.OzoneManagerProtocolProtos$OzoneManagerService$2.callBlockingMethod(OzoneManagerProtocolProtos.java) [ozone-interface-client-1.3.0-SNAPSHOT.jar:?]
	at org.apache.hadoop.ipc.ProtobufRpcEngine$Server.processCall(ProtobufRpcEngine.java:466) [hadoop-common-3.3.1.jar:?]
	at org.apache.hadoop.ipc.ProtobufRpcEngine2$Server$ProtoBufRpcInvoker.call(ProtobufRpcEngine2.java:574) [hadoop-common-3.3.1.jar:?]
	at org.apache.hadoop.ipc.ProtobufRpcEngine2$Server$ProtoBufRpcInvoker.call(ProtobufRpcEngine2.java:552) [hadoop-common-3.3.1.jar:?]
	at org.apache.hadoop.ipc.RPC$Server.call(RPC.java:1093) [hadoop-common-3.3.1.jar:?]
	at org.apache.hadoop.ipc.Server$RpcCall.run(Server.java:1035) [hadoop-common-3.3.1.jar:?]
	at org.apache.hadoop.ipc.Server$RpcCall.run(Server.java:963) [hadoop-common-3.3.1.jar:?]
	at java.security.AccessController.doPrivileged(Native Method) ~[?:1.8.0_332]
	at javax.security.auth.Subject.doAs(Subject.java:422) [?:1.8.0_332]
	at org.apache.hadoop.security.UserGroupInformation.doAs(UserGroupInformation.java:1878) [hadoop-common-3.3.1.jar:?]
	at org.apache.hadoop.ipc.Server$Handler.run(Server.java:2966) [hadoop-common-3.3.1.jar:?]
2022-07-12 21:06:31,567 [Time-limited test] INFO  rpc.RpcClient (RpcClient.java:createVolume(466)) - Creating Volume: volume-59811, with runner as owner and space quota set to -1 bytes, counts quota set to -1
2022-07-12 21:06:31,568 [IPC Server handler 13 on default port 37581] INFO  volume.OMVolumeCreateRequest (OMVolumeCreateRequest.java:validateAndUpdateCache(195)) - created volume:volume-59811 for user:runner
2022-07-12 21:06:31,568 [Time-limited test] INFO  rpc.RpcClient (RpcClient.java:createBucket(669)) - Creating Bucket: volume-59811/bucket2, with bucket layout LEGACY, runner as owner, Versioning false, Storage Type set to DISK and Encryption set to false 
2022-07-12 21:06:31,569 [IPC Server handler 10 on default port 37581] INFO  bucket.OMBucketCreateRequest (OMBucketCreateRequest.java:validateAndUpdateCache(260)) - created bucket: bucket2 of layout LEGACY in volume: volume-59811
21:06:31.571 [IPC Server handler 7 on default port 37581] ERROR OMAudit - user=runner | ip=127.0.0.1 | op=DELETE_VOLUME {volume=volume-59811} | ret=FAILURE
org.apache.hadoop.ozone.om.exceptions.OMException: null
	at org.apache.hadoop.ozone.om.request.volume.OMVolumeDeleteRequest.validateAndUpdateCache(OMVolumeDeleteRequest.java:122) ~[ozone-manager-1.3.0-SNAPSHOT.jar:?]
	at org.apache.hadoop.ozone.protocolPB.OzoneManagerRequestHandler.handleWriteRequest(OzoneManagerRequestHandler.java:293) ~[ozone-manager-1.3.0-SNAPSHOT.jar:?]
	at org.apache.hadoop.ozone.protocolPB.OzoneManagerProtocolServerSideTranslatorPB.submitRequestDirectlyToOM(OzoneManagerProtocolServerSideTranslatorPB.java:282) ~[ozone-manager-1.3.0-SNAPSHOT.jar:?]
	at org.apache.hadoop.ozone.protocolPB.OzoneManagerProtocolServerSideTranslatorPB.processRequest(OzoneManagerProtocolServerSideTranslatorPB.java:205) ~[ozone-manager-1.3.0-SNAPSHOT.jar:?]
	at org.apache.hadoop.hdds.server.OzoneProtocolMessageDispatcher.processRequest(OzoneProtocolMessageDispatcher.java:87) [hdds-server-framework-1.3.0-SNAPSHOT.jar:?]
	at org.apache.hadoop.ozone.protocolPB.OzoneManagerProtocolServerSideTranslatorPB.submitRequest(OzoneManagerProtocolServerSideTranslatorPB.java:147) [ozone-manager-1.3.0-SNAPSHOT.jar:?]
	at org.apache.hadoop.ozone.protocol.proto.OzoneManagerProtocolProtos$OzoneManagerService$2.callBlockingMethod(OzoneManagerProtocolProtos.java) [ozone-interface-client-1.3.0-SNAPSHOT.jar:?]
	at org.apache.hadoop.ipc.ProtobufRpcEngine$Server.processCall(ProtobufRpcEngine.java:466) [hadoop-common-3.3.1.jar:?]
	at org.apache.hadoop.ipc.ProtobufRpcEngine2$Server$ProtoBufRpcInvoker.call(ProtobufRpcEngine2.java:574) [hadoop-common-3.3.1.jar:?]
	at org.apache.hadoop.ipc.ProtobufRpcEngine2$Server$ProtoBufRpcInvoker.call(ProtobufRpcEngine2.java:552) [hadoop-common-3.3.1.jar:?]
	at org.apache.hadoop.ipc.RPC$Server.call(RPC.java:1093) [hadoop-common-3.3.1.jar:?]
	at org.apache.hadoop.ipc.Server$RpcCall.run(Server.java:1035) [hadoop-common-3.3.1.jar:?]
	at org.apache.hadoop.ipc.Server$RpcCall.run(Server.java:963) [hadoop-common-3.3.1.jar:?]
	at java.security.AccessController.doPrivileged(Native Method) ~[?:1.8.0_332]
	at javax.security.auth.Subject.doAs(Subject.java:422) [?:1.8.0_332]
	at org.apache.hadoop.security.UserGroupInformation.doAs(UserGroupInformation.java:1878) [hadoop-common-3.3.1.jar:?]
	at org.apache.hadoop.ipc.Server$Handler.run(Server.java:2966) [hadoop-common-3.3.1.jar:?]
2022-07-12 21:06:31,571 [IPC Server handler 7 on default port 37581] ERROR volume.OMVolumeDeleteRequest (OMVolumeDeleteRequest.java:validateAndUpdateCache(170)) - Volume deletion failed for user:runner volume:volume-59811
VOLUME_NOT_EMPTY org.apache.hadoop.ozone.om.exceptions.OMException
	at org.apache.hadoop.ozone.om.request.volume.OMVolumeDeleteRequest.validateAndUpdateCache(OMVolumeDeleteRequest.java:122)
	at org.apache.hadoop.ozone.protocolPB.OzoneManagerRequestHandler.handleWriteRequest(OzoneManagerRequestHandler.java:293)
	at org.apache.hadoop.ozone.protocolPB.OzoneManagerProtocolServerSideTranslatorPB.submitRequestDirectlyToOM(OzoneManagerProtocolServerSideTranslatorPB.java:282)
	at org.apache.hadoop.ozone.protocolPB.OzoneManagerProtocolServerSideTranslatorPB.processRequest(OzoneManagerProtocolServerSideTranslatorPB.java:205)
	at org.apache.hadoop.hdds.server.OzoneProtocolMessageDispatcher.processRequest(OzoneProtocolMessageDispatcher.java:87)
	at org.apache.hadoop.ozone.protocolPB.OzoneManagerProtocolServerSideTranslatorPB.submitRequest(OzoneManagerProtocolServerSideTranslatorPB.java:147)
	at org.apache.hadoop.ozone.protocol.proto.OzoneManagerProtocolProtos$OzoneManagerService$2.callBlockingMethod(OzoneManagerProtocolProtos.java)
	at org.apache.hadoop.ipc.ProtobufRpcEngine$Server.processCall(ProtobufRpcEngine.java:466)
	at org.apache.hadoop.ipc.ProtobufRpcEngine2$Server$ProtoBufRpcInvoker.call(ProtobufRpcEngine2.java:574)
	at org.apache.hadoop.ipc.ProtobufRpcEngine2$Server$ProtoBufRpcInvoker.call(ProtobufRpcEngine2.java:552)
	at org.apache.hadoop.ipc.RPC$Server.call(RPC.java:1093)
	at org.apache.hadoop.ipc.Server$RpcCall.run(Server.java:1035)
	at org.apache.hadoop.ipc.Server$RpcCall.run(Server.java:963)
	at java.security.AccessController.doPrivileged(Native Method)
	at javax.security.auth.Subject.doAs(Subject.java:422)
	at org.apache.hadoop.security.UserGroupInformation.doAs(UserGroupInformation.java:1878)
	at org.apache.hadoop.ipc.Server$Handler.run(Server.java:2966)
21:06:31.578 [IPC Server handler 11 on default port 37581] ERROR OMAudit - user=runner | ip=127.0.0.1 | op=READ_VOLUME {volume=volume-59811} | ret=FAILURE
org.apache.hadoop.ozone.om.exceptions.OMException: Volume volume-59811 is not found
	at org.apache.hadoop.ozone.om.VolumeManagerImpl.getVolumeInfo(VolumeManagerImpl.java:74) ~[ozone-manager-1.3.0-SNAPSHOT.jar:?]
	at org.apache.hadoop.ozone.om.OzoneManager.getVolumeInfo(OzoneManager.java:2602) ~[ozone-manager-1.3.0-SNAPSHOT.jar:?]
	at org.apache.hadoop.ozone.protocolPB.OzoneManagerRequestHandler.infoVolume(OzoneManagerRequestHandler.java:390) ~[ozone-manager-1.3.0-SNAPSHOT.jar:?]
	at org.apache.hadoop.ozone.protocolPB.OzoneManagerRequestHandler.handleReadRequest(OzoneManagerRequestHandler.java:162) ~[ozone-manager-1.3.0-SNAPSHOT.jar:?]
	at org.apache.hadoop.ozone.protocolPB.OzoneManagerProtocolServerSideTranslatorPB.submitRequestDirectlyToOM(OzoneManagerProtocolServerSideTranslatorPB.java:276) ~[ozone-manager-1.3.0-SNAPSHOT.jar:?]
	at org.apache.hadoop.ozone.protocolPB.OzoneManagerProtocolServerSideTranslatorPB.processRequest(OzoneManagerProtocolServerSideTranslatorPB.java:205) ~[ozone-manager-1.3.0-SNAPSHOT.jar:?]
	at org.apache.hadoop.hdds.server.OzoneProtocolMessageDispatcher.processRequest(OzoneProtocolMessageDispatcher.java:87) [hdds-server-framework-1.3.0-SNAPSHOT.jar:?]
	at org.apache.hadoop.ozone.protocolPB.OzoneManagerProtocolServerSideTranslatorPB.submitRequest(OzoneManagerProtocolServerSideTranslatorPB.java:147) [ozone-manager-1.3.0-SNAPSHOT.jar:?]
	at org.apache.hadoop.ozone.protocol.proto.OzoneManagerProtocolProtos$OzoneManagerService$2.callBlockingMethod(OzoneManagerProtocolProtos.java) [ozone-interface-client-1.3.0-SNAPSHOT.jar:?]
	at org.apache.hadoop.ipc.ProtobufRpcEngine$Server.processCall(ProtobufRpcEngine.java:466) [hadoop-common-3.3.1.jar:?]
	at org.apache.hadoop.ipc.ProtobufRpcEngine2$Server$ProtoBufRpcInvoker.call(ProtobufRpcEngine2.java:574) [hadoop-common-3.3.1.jar:?]
	at org.apache.hadoop.ipc.ProtobufRpcEngine2$Server$ProtoBufRpcInvoker.call(ProtobufRpcEngine2.java:552) [hadoop-common-3.3.1.jar:?]
	at org.apache.hadoop.ipc.RPC$Server.call(RPC.java:1093) [hadoop-common-3.3.1.jar:?]
	at org.apache.hadoop.ipc.Server$RpcCall.run(Server.java:1035) [hadoop-common-3.3.1.jar:?]
	at org.apache.hadoop.ipc.Server$RpcCall.run(Server.java:963) [hadoop-common-3.3.1.jar:?]
	at java.security.AccessController.doPrivileged(Native Method) ~[?:1.8.0_332]
	at javax.security.auth.Subject.doAs(Subject.java:422) [?:1.8.0_332]
	at org.apache.hadoop.security.UserGroupInformation.doAs(UserGroupInformation.java:1878) [hadoop-common-3.3.1.jar:?]
	at org.apache.hadoop.ipc.Server$Handler.run(Server.java:2966) [hadoop-common-3.3.1.jar:?]
2022-07-12 21:06:31,593 [8bf5e825-cafb-4359-a872-18b2ce7984ce@group-301468B227E7-LeaderElection32] INFO  impl.LeaderElection (LeaderElection.java:askForVotes(310)) - 8bf5e825-cafb-4359-a872-18b2ce7984ce@group-301468B227E7-LeaderElection32 ELECTION round 0: submit vote requests at term 1 for -1: [8bf5e825-cafb-4359-a872-18b2ce7984ce|rpc:10.1.0.20:44517|priority:1], old=null
2022-07-12 21:06:31,593 [8bf5e825-cafb-4359-a872-18b2ce7984ce@group-301468B227E7-LeaderElection32] INFO  impl.LeaderElection (LeaderElection.java:askForVotes(312)) - 8bf5e825-cafb-4359-a872-18b2ce7984ce@group-301468B227E7-LeaderElection32 ELECTION round 0: result PASSED (term=1)
2022-07-12 21:06:31,593 [8bf5e825-cafb-4359-a872-18b2ce7984ce@group-301468B227E7-LeaderElection32] INFO  impl.RoleInfo (RoleInfo.java:shutdownLeaderElection(130)) - 8bf5e825-cafb-4359-a872-18b2ce7984ce: shutdown 8bf5e825-cafb-4359-a872-18b2ce7984ce@group-301468B227E7-LeaderElection32
2022-07-12 21:06:31,593 [8bf5e825-cafb-4359-a872-18b2ce7984ce@group-301468B227E7-LeaderElection32] INFO  server.RaftServer$Division (RaftServerImpl.java:setRole(299)) - 8bf5e825-cafb-4359-a872-18b2ce7984ce@group-301468B227E7: changes role from CANDIDATE to LEADER at term 1 for changeToLeader
2022-07-12 21:06:31,593 [8bf5e825-cafb-4359-a872-18b2ce7984ce@group-301468B227E7-LeaderElection32] INFO  ratis.XceiverServerRatis (XceiverServerRatis.java:handleLeaderChangedNotification(863)) - Leader change notification received for group: group-301468B227E7 with new leaderId: 8bf5e825-cafb-4359-a872-18b2ce7984ce
2022-07-12 21:06:31,594 [8bf5e825-cafb-4359-a872-18b2ce7984ce@group-301468B227E7-LeaderElection32] INFO  server.RaftServer$Division (ServerState.java:setLeader(287)) - 8bf5e825-cafb-4359-a872-18b2ce7984ce@group-301468B227E7: change Leader from null to 8bf5e825-cafb-4359-a872-18b2ce7984ce at term 1 for becomeLeader, leader elected after 5252ms
2022-07-12 21:06:31,594 [8bf5e825-cafb-4359-a872-18b2ce7984ce@group-301468B227E7-LeaderElection32] INFO  server.RaftServerConfigKeys (ConfUtils.java:logGet(46)) - raft.server.staging.catchup.gap = 1000 (default)
2022-07-12 21:06:31,594 [8bf5e825-cafb-4359-a872-18b2ce7984ce@group-301468B227E7-LeaderElection32] INFO  server.RaftServerConfigKeys (ConfUtils.java:logGet(46)) - raft.server.write.element-limit = 1024 (custom)
2022-07-12 21:06:31,594 [8bf5e825-cafb-4359-a872-18b2ce7984ce@group-301468B227E7-LeaderElection32] INFO  server.RaftServerConfigKeys (ConfUtils.java:logGet(46)) - raft.server.write.byte-limit = 1024 M (=1073741824) (custom)
2022-07-12 21:06:31,594 [8bf5e825-cafb-4359-a872-18b2ce7984ce@group-301468B227E7-LeaderElection32] INFO  server.RaftServerConfigKeys (ConfUtils.java:logGet(46)) - raft.server.watch.timeout = 180s (custom)
2022-07-12 21:06:31,594 [8bf5e825-cafb-4359-a872-18b2ce7984ce@group-301468B227E7-LeaderElection32] INFO  server.RaftServerConfigKeys (ConfUtils.java:logGet(46)) - raft.server.watch.timeout.denomination = 1s (default)
2022-07-12 21:06:31,594 [8bf5e825-cafb-4359-a872-18b2ce7984ce@group-301468B227E7-LeaderElection32] INFO  server.RaftServerConfigKeys (ConfUtils.java:logGet(46)) - raft.server.watch.element-limit = 65536 (default)
2022-07-12 21:06:31,594 [8bf5e825-cafb-4359-a872-18b2ce7984ce@group-301468B227E7-LeaderElection32] INFO  server.RaftServerConfigKeys (ConfUtils.java:logGet(46)) - raft.server.write.element-limit = 1024 (custom)
2022-07-12 21:06:31,594 [8bf5e825-cafb-4359-a872-18b2ce7984ce@group-301468B227E7-LeaderElection32] INFO  server.RaftServerConfigKeys (ConfUtils.java:logGet(46)) - raft.server.write.follower.gap.ratio.max = -1.0 (default)
2022-07-12 21:06:31,595 [8bf5e825-cafb-4359-a872-18b2ce7984ce@group-301468B227E7-LeaderElection32] INFO  impl.RoleInfo (RoleInfo.java:updateAndGet(139)) - 8bf5e825-cafb-4359-a872-18b2ce7984ce: start 8bf5e825-cafb-4359-a872-18b2ce7984ce@group-301468B227E7-LeaderStateImpl
2022-07-12 21:06:31,595 [8bf5e825-cafb-4359-a872-18b2ce7984ce@group-301468B227E7-LeaderElection32] INFO  segmented.SegmentedRaftLogWorker (SegmentedRaftLogWorker.java:startLogSegment(425)) - 8bf5e825-cafb-4359-a872-18b2ce7984ce@group-301468B227E7-SegmentedRaftLogWorker: Starting segment from index:0
2022-07-12 21:06:31,596 [8bf5e825-cafb-4359-a872-18b2ce7984ce@group-301468B227E7-SegmentedRaftLogWorker] INFO  segmented.SegmentedRaftLogWorker (SegmentedRaftLogWorker.java:execute(629)) - 8bf5e825-cafb-4359-a872-18b2ce7984ce@group-301468B227E7-SegmentedRaftLogWorker: created new log segment /home/runner/work/ozone/ozone/hadoop-ozone/integration-test/target/test-dir/MiniOzoneClusterImpl-f732ff5a-6050-490e-9ecc-7e3ed1996e94/datanode-3/data/ratis/d4cf0ec2-e14f-4d20-a34d-301468b227e7/current/log_inprogress_0
]]></system-out>
  </testcase>
  <testcase name="testDeleteVolumeAndBucket" classname="TestRootedOzoneFileSystem" time="0.158">
    <system-out><![CDATA[2022-07-12 21:07:50,529 [Time-limited test] INFO  rpc.RpcClient (RpcClient.java:createVolume(466)) - Creating Volume: volume19719, with user57819 as owner and space quota set to -1 bytes, counts quota set to -1
2022-07-12 21:07:50,538 [OM StateMachine ApplyTransaction Thread - 0] INFO  volume.OMVolumeCreateRequest (OMVolumeCreateRequest.java:validateAndUpdateCache(195)) - created volume:volume19719 for user:user57819
2022-07-12 21:07:50,543 [Time-limited test] INFO  rpc.RpcClient (RpcClient.java:createBucket(669)) - Creating Bucket: volume19719/bucket13395, with bucket layout LEGACY, runner as owner, Versioning false, Storage Type set to DISK and Encryption set to false 
2022-07-12 21:07:50,553 [OM StateMachine ApplyTransaction Thread - 0] INFO  bucket.OMBucketCreateRequest (OMBucketCreateRequest.java:validateAndUpdateCache(260)) - created bucket: bucket13395 of layout LEGACY in volume: volume19719
21:07:50.557 [IPC Server handler 9 on default port 33595] ERROR OMAudit - user=runner | ip=127.0.0.1 | op=READ_BUCKET {volume=volume-53714, bucket=bucket2} | ret=FAILURE
org.apache.hadoop.ozone.om.exceptions.OMException: Volume not found when getting bucket info
	at org.apache.hadoop.ozone.om.BucketManagerImpl.getBucketInfo(BucketManagerImpl.java:127) ~[ozone-manager-1.3.0-SNAPSHOT.jar:?]
	at org.apache.hadoop.ozone.om.OzoneManager.getBucketInfo(OzoneManager.java:2778) ~[ozone-manager-1.3.0-SNAPSHOT.jar:?]
	at org.apache.hadoop.ozone.protocolPB.OzoneManagerRequestHandler.infoBucket(OzoneManagerRequestHandler.java:464) ~[ozone-manager-1.3.0-SNAPSHOT.jar:?]
	at org.apache.hadoop.ozone.protocolPB.OzoneManagerRequestHandler.handleReadRequest(OzoneManagerRequestHandler.java:172) ~[ozone-manager-1.3.0-SNAPSHOT.jar:?]
	at org.apache.hadoop.ozone.protocolPB.OzoneManagerProtocolServerSideTranslatorPB.submitReadRequestToOM(OzoneManagerProtocolServerSideTranslatorPB.java:226) ~[ozone-manager-1.3.0-SNAPSHOT.jar:?]
	at org.apache.hadoop.ozone.protocolPB.OzoneManagerProtocolServerSideTranslatorPB.processRequest(OzoneManagerProtocolServerSideTranslatorPB.java:175) ~[ozone-manager-1.3.0-SNAPSHOT.jar:?]
	at org.apache.hadoop.hdds.server.OzoneProtocolMessageDispatcher.processRequest(OzoneProtocolMessageDispatcher.java:87) [hdds-server-framework-1.3.0-SNAPSHOT.jar:?]
	at org.apache.hadoop.ozone.protocolPB.OzoneManagerProtocolServerSideTranslatorPB.submitRequest(OzoneManagerProtocolServerSideTranslatorPB.java:147) [ozone-manager-1.3.0-SNAPSHOT.jar:?]
	at org.apache.hadoop.ozone.protocol.proto.OzoneManagerProtocolProtos$OzoneManagerService$2.callBlockingMethod(OzoneManagerProtocolProtos.java) [ozone-interface-client-1.3.0-SNAPSHOT.jar:?]
	at org.apache.hadoop.ipc.ProtobufRpcEngine$Server.processCall(ProtobufRpcEngine.java:466) [hadoop-common-3.3.1.jar:?]
	at org.apache.hadoop.ipc.ProtobufRpcEngine2$Server$ProtoBufRpcInvoker.call(ProtobufRpcEngine2.java:574) [hadoop-common-3.3.1.jar:?]
	at org.apache.hadoop.ipc.ProtobufRpcEngine2$Server$ProtoBufRpcInvoker.call(ProtobufRpcEngine2.java:552) [hadoop-common-3.3.1.jar:?]
	at org.apache.hadoop.ipc.RPC$Server.call(RPC.java:1093) [hadoop-common-3.3.1.jar:?]
	at org.apache.hadoop.ipc.Server$RpcCall.run(Server.java:1035) [hadoop-common-3.3.1.jar:?]
	at org.apache.hadoop.ipc.Server$RpcCall.run(Server.java:963) [hadoop-common-3.3.1.jar:?]
	at java.security.AccessController.doPrivileged(Native Method) ~[?:1.8.0_332]
	at javax.security.auth.Subject.doAs(Subject.java:422) [?:1.8.0_332]
	at org.apache.hadoop.security.UserGroupInformation.doAs(UserGroupInformation.java:1878) [hadoop-common-3.3.1.jar:?]
	at org.apache.hadoop.ipc.Server$Handler.run(Server.java:2966) [hadoop-common-3.3.1.jar:?]
2022-07-12 21:07:50,557 [Time-limited test] INFO  rpc.RpcClient (RpcClient.java:createVolume(466)) - Creating Volume: volume-53714, with runner as owner and space quota set to -1 bytes, counts quota set to -1
2022-07-12 21:07:50,559 [OM StateMachine ApplyTransaction Thread - 0] INFO  volume.OMVolumeCreateRequest (OMVolumeCreateRequest.java:validateAndUpdateCache(195)) - created volume:volume-53714 for user:runner
2022-07-12 21:07:50,560 [Time-limited test] INFO  rpc.RpcClient (RpcClient.java:createBucket(669)) - Creating Bucket: volume-53714/bucket2, with bucket layout LEGACY, runner as owner, Versioning false, Storage Type set to DISK and Encryption set to false 
2022-07-12 21:07:50,561 [OM StateMachine ApplyTransaction Thread - 0] INFO  bucket.OMBucketCreateRequest (OMBucketCreateRequest.java:validateAndUpdateCache(260)) - created bucket: bucket2 of layout LEGACY in volume: volume-53714
21:07:50.563 [OM StateMachine ApplyTransaction Thread - 0] ERROR OMAudit - user=runner | ip=127.0.0.1 | op=DELETE_VOLUME {volume=volume-53714} | ret=FAILURE
org.apache.hadoop.ozone.om.exceptions.OMException: null
	at org.apache.hadoop.ozone.om.request.volume.OMVolumeDeleteRequest.validateAndUpdateCache(OMVolumeDeleteRequest.java:122) ~[ozone-manager-1.3.0-SNAPSHOT.jar:?]
	at org.apache.hadoop.ozone.protocolPB.OzoneManagerRequestHandler.handleWriteRequest(OzoneManagerRequestHandler.java:293) ~[ozone-manager-1.3.0-SNAPSHOT.jar:?]
	at org.apache.hadoop.ozone.om.ratis.OzoneManagerStateMachine.runCommand(OzoneManagerStateMachine.java:529) ~[ozone-manager-1.3.0-SNAPSHOT.jar:?]
	at org.apache.hadoop.ozone.om.ratis.OzoneManagerStateMachine.lambda$1(OzoneManagerStateMachine.java:324) ~[ozone-manager-1.3.0-SNAPSHOT.jar:?]
	at java.util.concurrent.CompletableFuture$AsyncSupply.run(CompletableFuture.java:1604) [?:1.8.0_332]
	at java.util.concurrent.ThreadPoolExecutor.runWorker(ThreadPoolExecutor.java:1149) [?:1.8.0_332]
	at java.util.concurrent.ThreadPoolExecutor$Worker.run(ThreadPoolExecutor.java:624) [?:1.8.0_332]
	at java.lang.Thread.run(Thread.java:750) [?:1.8.0_332]
2022-07-12 21:07:50,564 [OM StateMachine ApplyTransaction Thread - 0] ERROR volume.OMVolumeDeleteRequest (OMVolumeDeleteRequest.java:validateAndUpdateCache(170)) - Volume deletion failed for user:runner volume:volume-53714
VOLUME_NOT_EMPTY org.apache.hadoop.ozone.om.exceptions.OMException
	at org.apache.hadoop.ozone.om.request.volume.OMVolumeDeleteRequest.validateAndUpdateCache(OMVolumeDeleteRequest.java:122)
	at org.apache.hadoop.ozone.protocolPB.OzoneManagerRequestHandler.handleWriteRequest(OzoneManagerRequestHandler.java:293)
	at org.apache.hadoop.ozone.om.ratis.OzoneManagerStateMachine.runCommand(OzoneManagerStateMachine.java:529)
	at org.apache.hadoop.ozone.om.ratis.OzoneManagerStateMachine.lambda$1(OzoneManagerStateMachine.java:324)
	at java.util.concurrent.CompletableFuture$AsyncSupply.run(CompletableFuture.java:1604)
	at java.util.concurrent.ThreadPoolExecutor.runWorker(ThreadPoolExecutor.java:1149)
	at java.util.concurrent.ThreadPoolExecutor$Worker.run(ThreadPoolExecutor.java:624)
	at java.lang.Thread.run(Thread.java:750)
21:07:50.588 [IPC Server handler 11 on default port 33595] ERROR OMAudit - user=runner | ip=127.0.0.1 | op=READ_VOLUME {volume=volume-53714} | ret=FAILURE
org.apache.hadoop.ozone.om.exceptions.OMException: Volume volume-53714 is not found
	at org.apache.hadoop.ozone.om.VolumeManagerImpl.getVolumeInfo(VolumeManagerImpl.java:74) ~[ozone-manager-1.3.0-SNAPSHOT.jar:?]
	at org.apache.hadoop.ozone.om.OzoneManager.getVolumeInfo(OzoneManager.java:2602) ~[ozone-manager-1.3.0-SNAPSHOT.jar:?]
	at org.apache.hadoop.ozone.protocolPB.OzoneManagerRequestHandler.infoVolume(OzoneManagerRequestHandler.java:390) ~[ozone-manager-1.3.0-SNAPSHOT.jar:?]
	at org.apache.hadoop.ozone.protocolPB.OzoneManagerRequestHandler.handleReadRequest(OzoneManagerRequestHandler.java:162) ~[ozone-manager-1.3.0-SNAPSHOT.jar:?]
	at org.apache.hadoop.ozone.protocolPB.OzoneManagerProtocolServerSideTranslatorPB.submitReadRequestToOM(OzoneManagerProtocolServerSideTranslatorPB.java:226) ~[ozone-manager-1.3.0-SNAPSHOT.jar:?]
	at org.apache.hadoop.ozone.protocolPB.OzoneManagerProtocolServerSideTranslatorPB.processRequest(OzoneManagerProtocolServerSideTranslatorPB.java:175) ~[ozone-manager-1.3.0-SNAPSHOT.jar:?]
	at org.apache.hadoop.hdds.server.OzoneProtocolMessageDispatcher.processRequest(OzoneProtocolMessageDispatcher.java:87) [hdds-server-framework-1.3.0-SNAPSHOT.jar:?]
	at org.apache.hadoop.ozone.protocolPB.OzoneManagerProtocolServerSideTranslatorPB.submitRequest(OzoneManagerProtocolServerSideTranslatorPB.java:147) [ozone-manager-1.3.0-SNAPSHOT.jar:?]
	at org.apache.hadoop.ozone.protocol.proto.OzoneManagerProtocolProtos$OzoneManagerService$2.callBlockingMethod(OzoneManagerProtocolProtos.java) [ozone-interface-client-1.3.0-SNAPSHOT.jar:?]
	at org.apache.hadoop.ipc.ProtobufRpcEngine$Server.processCall(ProtobufRpcEngine.java:466) [hadoop-common-3.3.1.jar:?]
	at org.apache.hadoop.ipc.ProtobufRpcEngine2$Server$ProtoBufRpcInvoker.call(ProtobufRpcEngine2.java:574) [hadoop-common-3.3.1.jar:?]
	at org.apache.hadoop.ipc.ProtobufRpcEngine2$Server$ProtoBufRpcInvoker.call(ProtobufRpcEngine2.java:552) [hadoop-common-3.3.1.jar:?]
	at org.apache.hadoop.ipc.RPC$Server.call(RPC.java:1093) [hadoop-common-3.3.1.jar:?]
	at org.apache.hadoop.ipc.Server$RpcCall.run(Server.java:1035) [hadoop-common-3.3.1.jar:?]
	at org.apache.hadoop.ipc.Server$RpcCall.run(Server.java:963) [hadoop-common-3.3.1.jar:?]
	at java.security.AccessController.doPrivileged(Native Method) ~[?:1.8.0_332]
	at javax.security.auth.Subject.doAs(Subject.java:422) [?:1.8.0_332]
	at org.apache.hadoop.security.UserGroupInformation.doAs(UserGroupInformation.java:1878) [hadoop-common-3.3.1.jar:?]
	at org.apache.hadoop.ipc.Server$Handler.run(Server.java:2966) [hadoop-common-3.3.1.jar:?]
]]></system-out>
  </testcase>
  <testcase name="testDeleteVolumeAndBucket" classname="TestRootedOzoneFileSystem" time="0.33">
    <system-out><![CDATA[2022-07-12 21:09:31,457 [Time-limited test] INFO  rpc.RpcClient (RpcClient.java:createVolume(466)) - Creating Volume: volume21356, with user98432 as owner and space quota set to -1 bytes, counts quota set to -1
2022-07-12 21:09:31,458 [IPC Server handler 0 on default port 32899] INFO  volume.OMVolumeCreateRequest (OMVolumeCreateRequest.java:validateAndUpdateCache(195)) - created volume:volume21356 for user:user98432
2022-07-12 21:09:31,463 [Time-limited test] INFO  rpc.RpcClient (RpcClient.java:createBucket(669)) - Creating Bucket: volume21356/bucket52360, with bucket layout LEGACY, runner as owner, Versioning false, Storage Type set to DISK and Encryption set to false 
2022-07-12 21:09:31,464 [IPC Server handler 16 on default port 32899] INFO  bucket.OMBucketCreateRequest (OMBucketCreateRequest.java:validateAndUpdateCache(260)) - created bucket: bucket52360 of layout LEGACY in volume: volume21356
21:09:31.468 [IPC Server handler 14 on default port 32899] ERROR OMAudit - user=runner | ip=127.0.0.1 | op=READ_BUCKET {volume=volume-88965, bucket=bucket2} | ret=FAILURE
org.apache.hadoop.ozone.om.exceptions.OMException: Volume not found when getting bucket info
	at org.apache.hadoop.ozone.om.BucketManagerImpl.getBucketInfo(BucketManagerImpl.java:127) ~[ozone-manager-1.3.0-SNAPSHOT.jar:?]
	at org.apache.hadoop.ozone.om.OzoneManager.getBucketInfo(OzoneManager.java:2778) ~[ozone-manager-1.3.0-SNAPSHOT.jar:?]
	at org.apache.hadoop.ozone.protocolPB.OzoneManagerRequestHandler.infoBucket(OzoneManagerRequestHandler.java:464) ~[ozone-manager-1.3.0-SNAPSHOT.jar:?]
	at org.apache.hadoop.ozone.protocolPB.OzoneManagerRequestHandler.handleReadRequest(OzoneManagerRequestHandler.java:172) ~[ozone-manager-1.3.0-SNAPSHOT.jar:?]
	at org.apache.hadoop.ozone.protocolPB.OzoneManagerProtocolServerSideTranslatorPB.submitRequestDirectlyToOM(OzoneManagerProtocolServerSideTranslatorPB.java:276) ~[ozone-manager-1.3.0-SNAPSHOT.jar:?]
	at org.apache.hadoop.ozone.protocolPB.OzoneManagerProtocolServerSideTranslatorPB.processRequest(OzoneManagerProtocolServerSideTranslatorPB.java:205) ~[ozone-manager-1.3.0-SNAPSHOT.jar:?]
	at org.apache.hadoop.hdds.server.OzoneProtocolMessageDispatcher.processRequest(OzoneProtocolMessageDispatcher.java:87) [hdds-server-framework-1.3.0-SNAPSHOT.jar:?]
	at org.apache.hadoop.ozone.protocolPB.OzoneManagerProtocolServerSideTranslatorPB.submitRequest(OzoneManagerProtocolServerSideTranslatorPB.java:147) [ozone-manager-1.3.0-SNAPSHOT.jar:?]
	at org.apache.hadoop.ozone.protocol.proto.OzoneManagerProtocolProtos$OzoneManagerService$2.callBlockingMethod(OzoneManagerProtocolProtos.java) [ozone-interface-client-1.3.0-SNAPSHOT.jar:?]
	at org.apache.hadoop.ipc.ProtobufRpcEngine$Server.processCall(ProtobufRpcEngine.java:466) [hadoop-common-3.3.1.jar:?]
	at org.apache.hadoop.ipc.ProtobufRpcEngine2$Server$ProtoBufRpcInvoker.call(ProtobufRpcEngine2.java:574) [hadoop-common-3.3.1.jar:?]
	at org.apache.hadoop.ipc.ProtobufRpcEngine2$Server$ProtoBufRpcInvoker.call(ProtobufRpcEngine2.java:552) [hadoop-common-3.3.1.jar:?]
	at org.apache.hadoop.ipc.RPC$Server.call(RPC.java:1093) [hadoop-common-3.3.1.jar:?]
	at org.apache.hadoop.ipc.Server$RpcCall.run(Server.java:1035) [hadoop-common-3.3.1.jar:?]
	at org.apache.hadoop.ipc.Server$RpcCall.run(Server.java:963) [hadoop-common-3.3.1.jar:?]
	at java.security.AccessController.doPrivileged(Native Method) ~[?:1.8.0_332]
	at javax.security.auth.Subject.doAs(Subject.java:422) [?:1.8.0_332]
	at org.apache.hadoop.security.UserGroupInformation.doAs(UserGroupInformation.java:1878) [hadoop-common-3.3.1.jar:?]
	at org.apache.hadoop.ipc.Server$Handler.run(Server.java:2966) [hadoop-common-3.3.1.jar:?]
2022-07-12 21:09:31,468 [Time-limited test] INFO  rpc.RpcClient (RpcClient.java:createVolume(466)) - Creating Volume: volume-88965, with runner as owner and space quota set to -1 bytes, counts quota set to -1
2022-07-12 21:09:31,469 [IPC Server handler 1 on default port 32899] INFO  volume.OMVolumeCreateRequest (OMVolumeCreateRequest.java:validateAndUpdateCache(195)) - created volume:volume-88965 for user:runner
2022-07-12 21:09:31,483 [Time-limited test] INFO  rpc.RpcClient (RpcClient.java:createBucket(669)) - Creating Bucket: volume-88965/bucket2, with bucket layout LEGACY, runner as owner, Versioning false, Storage Type set to DISK and Encryption set to false 
2022-07-12 21:09:31,483 [IPC Server handler 7 on default port 32899] INFO  bucket.OMBucketCreateRequest (OMBucketCreateRequest.java:validateAndUpdateCache(260)) - created bucket: bucket2 of layout LEGACY in volume: volume-88965
21:09:31.489 [IPC Server handler 2 on default port 32899] ERROR OMAudit - user=runner | ip=127.0.0.1 | op=DELETE_VOLUME {volume=volume-88965} | ret=FAILURE
org.apache.hadoop.ozone.om.exceptions.OMException: null
	at org.apache.hadoop.ozone.om.request.volume.OMVolumeDeleteRequest.validateAndUpdateCache(OMVolumeDeleteRequest.java:122) ~[ozone-manager-1.3.0-SNAPSHOT.jar:?]
	at org.apache.hadoop.ozone.protocolPB.OzoneManagerRequestHandler.handleWriteRequest(OzoneManagerRequestHandler.java:293) ~[ozone-manager-1.3.0-SNAPSHOT.jar:?]
	at org.apache.hadoop.ozone.protocolPB.OzoneManagerProtocolServerSideTranslatorPB.submitRequestDirectlyToOM(OzoneManagerProtocolServerSideTranslatorPB.java:282) ~[ozone-manager-1.3.0-SNAPSHOT.jar:?]
	at org.apache.hadoop.ozone.protocolPB.OzoneManagerProtocolServerSideTranslatorPB.processRequest(OzoneManagerProtocolServerSideTranslatorPB.java:205) ~[ozone-manager-1.3.0-SNAPSHOT.jar:?]
	at org.apache.hadoop.hdds.server.OzoneProtocolMessageDispatcher.processRequest(OzoneProtocolMessageDispatcher.java:87) [hdds-server-framework-1.3.0-SNAPSHOT.jar:?]
	at org.apache.hadoop.ozone.protocolPB.OzoneManagerProtocolServerSideTranslatorPB.submitRequest(OzoneManagerProtocolServerSideTranslatorPB.java:147) [ozone-manager-1.3.0-SNAPSHOT.jar:?]
	at org.apache.hadoop.ozone.protocol.proto.OzoneManagerProtocolProtos$OzoneManagerService$2.callBlockingMethod(OzoneManagerProtocolProtos.java) [ozone-interface-client-1.3.0-SNAPSHOT.jar:?]
	at org.apache.hadoop.ipc.ProtobufRpcEngine$Server.processCall(ProtobufRpcEngine.java:466) [hadoop-common-3.3.1.jar:?]
	at org.apache.hadoop.ipc.ProtobufRpcEngine2$Server$ProtoBufRpcInvoker.call(ProtobufRpcEngine2.java:574) [hadoop-common-3.3.1.jar:?]
	at org.apache.hadoop.ipc.ProtobufRpcEngine2$Server$ProtoBufRpcInvoker.call(ProtobufRpcEngine2.java:552) [hadoop-common-3.3.1.jar:?]
	at org.apache.hadoop.ipc.RPC$Server.call(RPC.java:1093) [hadoop-common-3.3.1.jar:?]
	at org.apache.hadoop.ipc.Server$RpcCall.run(Server.java:1035) [hadoop-common-3.3.1.jar:?]
	at org.apache.hadoop.ipc.Server$RpcCall.run(Server.java:963) [hadoop-common-3.3.1.jar:?]
	at java.security.AccessController.doPrivileged(Native Method) ~[?:1.8.0_332]
	at javax.security.auth.Subject.doAs(Subject.java:422) [?:1.8.0_332]
	at org.apache.hadoop.security.UserGroupInformation.doAs(UserGroupInformation.java:1878) [hadoop-common-3.3.1.jar:?]
	at org.apache.hadoop.ipc.Server$Handler.run(Server.java:2966) [hadoop-common-3.3.1.jar:?]
2022-07-12 21:09:31,489 [IPC Server handler 2 on default port 32899] ERROR volume.OMVolumeDeleteRequest (OMVolumeDeleteRequest.java:validateAndUpdateCache(170)) - Volume deletion failed for user:runner volume:volume-88965
VOLUME_NOT_EMPTY org.apache.hadoop.ozone.om.exceptions.OMException
	at org.apache.hadoop.ozone.om.request.volume.OMVolumeDeleteRequest.validateAndUpdateCache(OMVolumeDeleteRequest.java:122)
	at org.apache.hadoop.ozone.protocolPB.OzoneManagerRequestHandler.handleWriteRequest(OzoneManagerRequestHandler.java:293)
	at org.apache.hadoop.ozone.protocolPB.OzoneManagerProtocolServerSideTranslatorPB.submitRequestDirectlyToOM(OzoneManagerProtocolServerSideTranslatorPB.java:282)
	at org.apache.hadoop.ozone.protocolPB.OzoneManagerProtocolServerSideTranslatorPB.processRequest(OzoneManagerProtocolServerSideTranslatorPB.java:205)
	at org.apache.hadoop.hdds.server.OzoneProtocolMessageDispatcher.processRequest(OzoneProtocolMessageDispatcher.java:87)
	at org.apache.hadoop.ozone.protocolPB.OzoneManagerProtocolServerSideTranslatorPB.submitRequest(OzoneManagerProtocolServerSideTranslatorPB.java:147)
	at org.apache.hadoop.ozone.protocol.proto.OzoneManagerProtocolProtos$OzoneManagerService$2.callBlockingMethod(OzoneManagerProtocolProtos.java)
	at org.apache.hadoop.ipc.ProtobufRpcEngine$Server.processCall(ProtobufRpcEngine.java:466)
	at org.apache.hadoop.ipc.ProtobufRpcEngine2$Server$ProtoBufRpcInvoker.call(ProtobufRpcEngine2.java:574)
	at org.apache.hadoop.ipc.ProtobufRpcEngine2$Server$ProtoBufRpcInvoker.call(ProtobufRpcEngine2.java:552)
	at org.apache.hadoop.ipc.RPC$Server.call(RPC.java:1093)
	at org.apache.hadoop.ipc.Server$RpcCall.run(Server.java:1035)
	at org.apache.hadoop.ipc.Server$RpcCall.run(Server.java:963)
	at java.security.AccessController.doPrivileged(Native Method)
	at javax.security.auth.Subject.doAs(Subject.java:422)
	at org.apache.hadoop.security.UserGroupInformation.doAs(UserGroupInformation.java:1878)
	at org.apache.hadoop.ipc.Server$Handler.run(Server.java:2966)
21:09:31.508 [IPC Server handler 8 on default port 32899] ERROR OMAudit - user=runner | ip=127.0.0.1 | op=READ_VOLUME {volume=volume-88965} | ret=FAILURE
org.apache.hadoop.ozone.om.exceptions.OMException: Volume volume-88965 is not found
	at org.apache.hadoop.ozone.om.VolumeManagerImpl.getVolumeInfo(VolumeManagerImpl.java:74) ~[ozone-manager-1.3.0-SNAPSHOT.jar:?]
	at org.apache.hadoop.ozone.om.OzoneManager.getVolumeInfo(OzoneManager.java:2602) ~[ozone-manager-1.3.0-SNAPSHOT.jar:?]
	at org.apache.hadoop.ozone.protocolPB.OzoneManagerRequestHandler.infoVolume(OzoneManagerRequestHandler.java:390) ~[ozone-manager-1.3.0-SNAPSHOT.jar:?]
	at org.apache.hadoop.ozone.protocolPB.OzoneManagerRequestHandler.handleReadRequest(OzoneManagerRequestHandler.java:162) ~[ozone-manager-1.3.0-SNAPSHOT.jar:?]
	at org.apache.hadoop.ozone.protocolPB.OzoneManagerProtocolServerSideTranslatorPB.submitRequestDirectlyToOM(OzoneManagerProtocolServerSideTranslatorPB.java:276) ~[ozone-manager-1.3.0-SNAPSHOT.jar:?]
	at org.apache.hadoop.ozone.protocolPB.OzoneManagerProtocolServerSideTranslatorPB.processRequest(OzoneManagerProtocolServerSideTranslatorPB.java:205) ~[ozone-manager-1.3.0-SNAPSHOT.jar:?]
	at org.apache.hadoop.hdds.server.OzoneProtocolMessageDispatcher.processRequest(OzoneProtocolMessageDispatcher.java:87) [hdds-server-framework-1.3.0-SNAPSHOT.jar:?]
	at org.apache.hadoop.ozone.protocolPB.OzoneManagerProtocolServerSideTranslatorPB.submitRequest(OzoneManagerProtocolServerSideTranslatorPB.java:147) [ozone-manager-1.3.0-SNAPSHOT.jar:?]
	at org.apache.hadoop.ozone.protocol.proto.OzoneManagerProtocolProtos$OzoneManagerService$2.callBlockingMethod(OzoneManagerProtocolProtos.java) [ozone-interface-client-1.3.0-SNAPSHOT.jar:?]
	at org.apache.hadoop.ipc.ProtobufRpcEngine$Server.processCall(ProtobufRpcEngine.java:466) [hadoop-common-3.3.1.jar:?]
	at org.apache.hadoop.ipc.ProtobufRpcEngine2$Server$ProtoBufRpcInvoker.call(ProtobufRpcEngine2.java:574) [hadoop-common-3.3.1.jar:?]
	at org.apache.hadoop.ipc.ProtobufRpcEngine2$Server$ProtoBufRpcInvoker.call(ProtobufRpcEngine2.java:552) [hadoop-common-3.3.1.jar:?]
	at org.apache.hadoop.ipc.RPC$Server.call(RPC.java:1093) [hadoop-common-3.3.1.jar:?]
	at org.apache.hadoop.ipc.Server$RpcCall.run(Server.java:1035) [hadoop-common-3.3.1.jar:?]
	at org.apache.hadoop.ipc.Server$RpcCall.run(Server.java:963) [hadoop-common-3.3.1.jar:?]
	at java.security.AccessController.doPrivileged(Native Method) ~[?:1.8.0_332]
	at javax.security.auth.Subject.doAs(Subject.java:422) [?:1.8.0_332]
	at org.apache.hadoop.security.UserGroupInformation.doAs(UserGroupInformation.java:1878) [hadoop-common-3.3.1.jar:?]
	at org.apache.hadoop.ipc.Server$Handler.run(Server.java:2966) [hadoop-common-3.3.1.jar:?]
]]></system-out>
  </testcase>
  <testcase name="testRenameDirToItsOwnSubDir" classname="TestRootedOzoneFileSystem" time="0.113">
    <system-out><![CDATA[2022-07-12 21:04:06,671 [Time-limited test] INFO  rpc.RpcClient (RpcClient.java:createVolume(466)) - Creating Volume: volume59112, with user62870 as owner and space quota set to -1 bytes, counts quota set to -1
2022-07-12 21:04:06,674 [OM StateMachine ApplyTransaction Thread - 0] INFO  volume.OMVolumeCreateRequest (OMVolumeCreateRequest.java:validateAndUpdateCache(195)) - created volume:volume59112 for user:user62870
2022-07-12 21:04:06,677 [Time-limited test] INFO  rpc.RpcClient (RpcClient.java:createBucket(669)) - Creating Bucket: volume59112/bucket80212, with bucket layout LEGACY, runner as owner, Versioning false, Storage Type set to DISK and Encryption set to false 
2022-07-12 21:04:06,680 [OM StateMachine ApplyTransaction Thread - 0] INFO  bucket.OMBucketCreateRequest (OMBucketCreateRequest.java:validateAndUpdateCache(260)) - created bucket: bucket80212 of layout LEGACY in volume: volume59112
2022-07-12 21:04:06,691 [Time-limited test] INFO  ozone.TestRootedOzoneFileSystem (TestRootedOzoneFileSystem.java:testRenameDirToItsOwnSubDir(1565)) - Created dir1 /volume59112/bucket80212/root/dir1/sub_dir1
2022-07-12 21:04:06,691 [Time-limited test] INFO  ozone.TestRootedOzoneFileSystem (TestRootedOzoneFileSystem.java:testRenameDirToItsOwnSubDir(1568)) - Rename op-> source:/volume59112/bucket80212/root to destin:/volume59112/bucket80212/root/dir1/sub_dir1
]]></system-out>
  </testcase>
  <testcase name="testRenameDirToItsOwnSubDir" classname="TestRootedOzoneFileSystem" time="0.136">
    <system-out><![CDATA[2022-07-12 21:05:18,524 [Time-limited test] INFO  rpc.RpcClient (RpcClient.java:createVolume(466)) - Creating Volume: volume95325, with user94851 as owner and space quota set to -1 bytes, counts quota set to -1
2022-07-12 21:05:18,535 [OM StateMachine ApplyTransaction Thread - 0] INFO  volume.OMVolumeCreateRequest (OMVolumeCreateRequest.java:validateAndUpdateCache(195)) - created volume:volume95325 for user:user94851
2022-07-12 21:05:18,537 [Time-limited test] INFO  rpc.RpcClient (RpcClient.java:createBucket(669)) - Creating Bucket: volume95325/bucket18276, with bucket layout LEGACY, runner as owner, Versioning false, Storage Type set to DISK and Encryption set to false 
2022-07-12 21:05:18,539 [OM StateMachine ApplyTransaction Thread - 0] INFO  bucket.OMBucketCreateRequest (OMBucketCreateRequest.java:validateAndUpdateCache(260)) - created bucket: bucket18276 of layout LEGACY in volume: volume95325
2022-07-12 21:05:18,542 [Time-limited test] INFO  ozone.TestRootedOzoneFileSystem (TestRootedOzoneFileSystem.java:testRenameDirToItsOwnSubDir(1565)) - Created dir1 /volume95325/bucket18276/root/dir1/sub_dir1
2022-07-12 21:05:18,542 [Time-limited test] INFO  ozone.TestRootedOzoneFileSystem (TestRootedOzoneFileSystem.java:testRenameDirToItsOwnSubDir(1568)) - Rename op-> source:/volume95325/bucket18276/root to destin:/volume95325/bucket18276/root/dir1/sub_dir1
]]></system-out>
  </testcase>
  <testcase name="testRenameDirToItsOwnSubDir" classname="TestRootedOzoneFileSystem" time="0.111">
    <system-out><![CDATA[2022-07-12 21:06:31,623 [8bf5e825-cafb-4359-a872-18b2ce7984ce@group-301468B227E7-LeaderElection32] INFO  server.RaftServer$Division (ServerState.java:setRaftConf(393)) - 8bf5e825-cafb-4359-a872-18b2ce7984ce@group-301468B227E7: set configuration 0: [8bf5e825-cafb-4359-a872-18b2ce7984ce|rpc:10.1.0.20:44517|dataStream:|priority:1], old=null
2022-07-12 21:06:31,688 [Time-limited test] INFO  rpc.RpcClient (RpcClient.java:createVolume(466)) - Creating Volume: volume78668, with user80405 as owner and space quota set to -1 bytes, counts quota set to -1
2022-07-12 21:06:31,689 [IPC Server handler 2 on default port 37581] INFO  volume.OMVolumeCreateRequest (OMVolumeCreateRequest.java:validateAndUpdateCache(195)) - created volume:volume78668 for user:user80405
2022-07-12 21:06:31,694 [Time-limited test] INFO  rpc.RpcClient (RpcClient.java:createBucket(669)) - Creating Bucket: volume78668/bucket60729, with bucket layout LEGACY, runner as owner, Versioning false, Storage Type set to DISK and Encryption set to false 
2022-07-12 21:06:31,695 [IPC Server handler 11 on default port 37581] INFO  bucket.OMBucketCreateRequest (OMBucketCreateRequest.java:validateAndUpdateCache(260)) - created bucket: bucket60729 of layout LEGACY in volume: volume78668
2022-07-12 21:06:31,697 [Time-limited test] INFO  ozone.TestRootedOzoneFileSystem (TestRootedOzoneFileSystem.java:testRenameDirToItsOwnSubDir(1565)) - Created dir1 /volume78668/bucket60729/root/dir1/sub_dir1
2022-07-12 21:06:31,697 [Time-limited test] INFO  ozone.TestRootedOzoneFileSystem (TestRootedOzoneFileSystem.java:testRenameDirToItsOwnSubDir(1568)) - Rename op-> source:/volume78668/bucket60729/root to destin:/volume78668/bucket60729/root/dir1/sub_dir1
]]></system-out>
  </testcase>
  <testcase name="testRenameDirToItsOwnSubDir" classname="TestRootedOzoneFileSystem" time="0.213">
    <system-out><![CDATA[2022-07-12 21:07:50,752 [Time-limited test] INFO  rpc.RpcClient (RpcClient.java:createVolume(466)) - Creating Volume: volume91840, with user50973 as owner and space quota set to -1 bytes, counts quota set to -1
2022-07-12 21:07:50,754 [OM StateMachine ApplyTransaction Thread - 0] INFO  volume.OMVolumeCreateRequest (OMVolumeCreateRequest.java:validateAndUpdateCache(195)) - created volume:volume91840 for user:user50973
2022-07-12 21:07:50,755 [Time-limited test] INFO  rpc.RpcClient (RpcClient.java:createBucket(669)) - Creating Bucket: volume91840/bucket63249, with bucket layout LEGACY, runner as owner, Versioning false, Storage Type set to DISK and Encryption set to false 
2022-07-12 21:07:50,757 [OM StateMachine ApplyTransaction Thread - 0] INFO  bucket.OMBucketCreateRequest (OMBucketCreateRequest.java:validateAndUpdateCache(260)) - created bucket: bucket63249 of layout LEGACY in volume: volume91840
2022-07-12 21:07:50,765 [Time-limited test] INFO  ozone.TestRootedOzoneFileSystem (TestRootedOzoneFileSystem.java:testRenameDirToItsOwnSubDir(1565)) - Created dir1 /volume91840/bucket63249/root/dir1/sub_dir1
2022-07-12 21:07:50,765 [Time-limited test] INFO  ozone.TestRootedOzoneFileSystem (TestRootedOzoneFileSystem.java:testRenameDirToItsOwnSubDir(1568)) - Rename op-> source:/volume91840/bucket63249/root to destin:/volume91840/bucket63249/root/dir1/sub_dir1
]]></system-out>
  </testcase>
  <testcase name="testRenameDirToItsOwnSubDir" classname="TestRootedOzoneFileSystem" time="0.174">
    <system-out><![CDATA[2022-07-12 21:09:31,654 [Time-limited test] INFO  rpc.RpcClient (RpcClient.java:createVolume(466)) - Creating Volume: volume58873, with user75612 as owner and space quota set to -1 bytes, counts quota set to -1
2022-07-12 21:09:31,655 [IPC Server handler 5 on default port 32899] INFO  volume.OMVolumeCreateRequest (OMVolumeCreateRequest.java:validateAndUpdateCache(195)) - created volume:volume58873 for user:user75612
2022-07-12 21:09:31,675 [Time-limited test] INFO  rpc.RpcClient (RpcClient.java:createBucket(669)) - Creating Bucket: volume58873/bucket59838, with bucket layout LEGACY, runner as owner, Versioning false, Storage Type set to DISK and Encryption set to false 
2022-07-12 21:09:31,676 [IPC Server handler 8 on default port 32899] INFO  bucket.OMBucketCreateRequest (OMBucketCreateRequest.java:validateAndUpdateCache(260)) - created bucket: bucket59838 of layout LEGACY in volume: volume58873
2022-07-12 21:09:31,679 [Time-limited test] INFO  ozone.TestRootedOzoneFileSystem (TestRootedOzoneFileSystem.java:testRenameDirToItsOwnSubDir(1565)) - Created dir1 /volume58873/bucket59838/root/dir1/sub_dir1
2022-07-12 21:09:31,679 [Time-limited test] INFO  ozone.TestRootedOzoneFileSystem (TestRootedOzoneFileSystem.java:testRenameDirToItsOwnSubDir(1568)) - Rename op-> source:/volume58873/bucket59838/root to destin:/volume58873/bucket59838/root/dir1/sub_dir1
]]></system-out>
  </testcase>
  <testcase name="testOzoneFsServiceLoader" classname="TestRootedOzoneFileSystem" time="0.116">
    <system-out><![CDATA[2022-07-12 21:04:06,798 [Time-limited test] INFO  rpc.RpcClient (RpcClient.java:createVolume(466)) - Creating Volume: volume51830, with user13827 as owner and space quota set to -1 bytes, counts quota set to -1
2022-07-12 21:04:06,803 [OM StateMachine ApplyTransaction Thread - 0] INFO  volume.OMVolumeCreateRequest (OMVolumeCreateRequest.java:validateAndUpdateCache(195)) - created volume:volume51830 for user:user13827
2022-07-12 21:04:06,806 [Time-limited test] INFO  rpc.RpcClient (RpcClient.java:createBucket(669)) - Creating Bucket: volume51830/bucket04340, with bucket layout LEGACY, runner as owner, Versioning false, Storage Type set to DISK and Encryption set to false 
2022-07-12 21:04:06,809 [OM StateMachine ApplyTransaction Thread - 0] INFO  bucket.OMBucketCreateRequest (OMBucketCreateRequest.java:validateAndUpdateCache(260)) - created bucket: bucket04340 of layout LEGACY in volume: volume51830
]]></system-out>
  </testcase>
  <testcase name="testOzoneFsServiceLoader" classname="TestRootedOzoneFileSystem" time="0.16">
    <system-out><![CDATA[2022-07-12 21:05:18,664 [Time-limited test] INFO  rpc.RpcClient (RpcClient.java:createVolume(466)) - Creating Volume: volume85515, with user20212 as owner and space quota set to -1 bytes, counts quota set to -1
2022-07-12 21:05:18,666 [OM StateMachine ApplyTransaction Thread - 0] INFO  volume.OMVolumeCreateRequest (OMVolumeCreateRequest.java:validateAndUpdateCache(195)) - created volume:volume85515 for user:user20212
2022-07-12 21:05:18,668 [Time-limited test] INFO  rpc.RpcClient (RpcClient.java:createBucket(669)) - Creating Bucket: volume85515/bucket86105, with bucket layout LEGACY, runner as owner, Versioning false, Storage Type set to DISK and Encryption set to false 
2022-07-12 21:05:18,671 [OM StateMachine ApplyTransaction Thread - 0] INFO  bucket.OMBucketCreateRequest (OMBucketCreateRequest.java:validateAndUpdateCache(260)) - created bucket: bucket86105 of layout LEGACY in volume: volume85515
]]></system-out>
  </testcase>
  <testcase name="testOzoneFsServiceLoader" classname="TestRootedOzoneFileSystem" time="0.279">
    <system-out><![CDATA[2022-07-12 21:06:31,841 [Time-limited test] INFO  rpc.RpcClient (RpcClient.java:createVolume(466)) - Creating Volume: volume92223, with user06615 as owner and space quota set to -1 bytes, counts quota set to -1
2022-07-12 21:06:31,841 [IPC Server handler 0 on default port 37581] INFO  volume.OMVolumeCreateRequest (OMVolumeCreateRequest.java:validateAndUpdateCache(195)) - created volume:volume92223 for user:user06615
2022-07-12 21:06:31,864 [Time-limited test] INFO  rpc.RpcClient (RpcClient.java:createBucket(669)) - Creating Bucket: volume92223/bucket33904, with bucket layout LEGACY, runner as owner, Versioning false, Storage Type set to DISK and Encryption set to false 
2022-07-12 21:06:31,865 [IPC Server handler 3 on default port 37581] INFO  bucket.OMBucketCreateRequest (OMBucketCreateRequest.java:validateAndUpdateCache(260)) - created bucket: bucket33904 of layout LEGACY in volume: volume92223
]]></system-out>
  </testcase>
  <testcase name="testOzoneFsServiceLoader" classname="TestRootedOzoneFileSystem" time="0.226">
    <system-out><![CDATA[2022-07-12 21:07:50,902 [Time-limited test] INFO  rpc.RpcClient (RpcClient.java:createVolume(466)) - Creating Volume: volume08681, with user95175 as owner and space quota set to -1 bytes, counts quota set to -1
2022-07-12 21:07:50,906 [OM StateMachine ApplyTransaction Thread - 0] INFO  volume.OMVolumeCreateRequest (OMVolumeCreateRequest.java:validateAndUpdateCache(195)) - created volume:volume08681 for user:user95175
2022-07-12 21:07:50,908 [Time-limited test] INFO  rpc.RpcClient (RpcClient.java:createBucket(669)) - Creating Bucket: volume08681/bucket02443, with bucket layout LEGACY, runner as owner, Versioning false, Storage Type set to DISK and Encryption set to false 
2022-07-12 21:07:50,915 [OM StateMachine ApplyTransaction Thread - 0] INFO  bucket.OMBucketCreateRequest (OMBucketCreateRequest.java:validateAndUpdateCache(260)) - created bucket: bucket02443 of layout LEGACY in volume: volume08681
2022-07-12 21:07:50,968 [a8440338-9c05-4a69-82ce-0c098fe5e8a5@group-FB272FC9E82A-FollowerState] INFO  impl.FollowerState (FollowerState.java:run(143)) - a8440338-9c05-4a69-82ce-0c098fe5e8a5@group-FB272FC9E82A-FollowerState: change to CANDIDATE, lastRpcElapsedTime:5029995810ns, electionTimeout:5013ms
2022-07-12 21:07:50,968 [a8440338-9c05-4a69-82ce-0c098fe5e8a5@group-FB272FC9E82A-FollowerState] INFO  impl.RoleInfo (RoleInfo.java:shutdownFollowerState(110)) - a8440338-9c05-4a69-82ce-0c098fe5e8a5: shutdown a8440338-9c05-4a69-82ce-0c098fe5e8a5@group-FB272FC9E82A-FollowerState
2022-07-12 21:07:50,968 [a8440338-9c05-4a69-82ce-0c098fe5e8a5@group-FB272FC9E82A-FollowerState] INFO  server.RaftServer$Division (RaftServerImpl.java:setRole(299)) - a8440338-9c05-4a69-82ce-0c098fe5e8a5@group-FB272FC9E82A: changes role from  FOLLOWER to CANDIDATE at term 0 for changeToCandidate
2022-07-12 21:07:50,968 [a8440338-9c05-4a69-82ce-0c098fe5e8a5@group-FB272FC9E82A-FollowerState] INFO  server.RaftServerConfigKeys (ConfUtils.java:logGet(46)) - raft.server.leaderelection.pre-vote = false (custom)
2022-07-12 21:07:50,968 [a8440338-9c05-4a69-82ce-0c098fe5e8a5@group-FB272FC9E82A-FollowerState] INFO  impl.RoleInfo (RoleInfo.java:updateAndGet(139)) - a8440338-9c05-4a69-82ce-0c098fe5e8a5: start a8440338-9c05-4a69-82ce-0c098fe5e8a5@group-FB272FC9E82A-LeaderElection49
2022-07-12 21:07:51,023 [a8440338-9c05-4a69-82ce-0c098fe5e8a5@group-FB272FC9E82A-LeaderElection49] INFO  impl.LeaderElection (LeaderElection.java:askForVotes(310)) - a8440338-9c05-4a69-82ce-0c098fe5e8a5@group-FB272FC9E82A-LeaderElection49 ELECTION round 0: submit vote requests at term 1 for -1: [a8440338-9c05-4a69-82ce-0c098fe5e8a5|rpc:10.1.0.20:39637|priority:1], old=null
2022-07-12 21:07:51,023 [a8440338-9c05-4a69-82ce-0c098fe5e8a5@group-FB272FC9E82A-LeaderElection49] INFO  impl.LeaderElection (LeaderElection.java:askForVotes(312)) - a8440338-9c05-4a69-82ce-0c098fe5e8a5@group-FB272FC9E82A-LeaderElection49 ELECTION round 0: result PASSED (term=1)
2022-07-12 21:07:51,023 [a8440338-9c05-4a69-82ce-0c098fe5e8a5@group-FB272FC9E82A-LeaderElection49] INFO  impl.RoleInfo (RoleInfo.java:shutdownLeaderElection(130)) - a8440338-9c05-4a69-82ce-0c098fe5e8a5: shutdown a8440338-9c05-4a69-82ce-0c098fe5e8a5@group-FB272FC9E82A-LeaderElection49
2022-07-12 21:07:51,023 [a8440338-9c05-4a69-82ce-0c098fe5e8a5@group-FB272FC9E82A-LeaderElection49] INFO  server.RaftServer$Division (RaftServerImpl.java:setRole(299)) - a8440338-9c05-4a69-82ce-0c098fe5e8a5@group-FB272FC9E82A: changes role from CANDIDATE to LEADER at term 1 for changeToLeader
2022-07-12 21:07:51,023 [a8440338-9c05-4a69-82ce-0c098fe5e8a5@group-FB272FC9E82A-LeaderElection49] INFO  ratis.XceiverServerRatis (XceiverServerRatis.java:handleLeaderChangedNotification(863)) - Leader change notification received for group: group-FB272FC9E82A with new leaderId: a8440338-9c05-4a69-82ce-0c098fe5e8a5
2022-07-12 21:07:51,023 [a8440338-9c05-4a69-82ce-0c098fe5e8a5@group-FB272FC9E82A-LeaderElection49] INFO  server.RaftServer$Division (ServerState.java:setLeader(287)) - a8440338-9c05-4a69-82ce-0c098fe5e8a5@group-FB272FC9E82A: change Leader from null to a8440338-9c05-4a69-82ce-0c098fe5e8a5 at term 1 for becomeLeader, leader elected after 5115ms
2022-07-12 21:07:51,023 [a8440338-9c05-4a69-82ce-0c098fe5e8a5@group-FB272FC9E82A-LeaderElection49] INFO  server.RaftServerConfigKeys (ConfUtils.java:logGet(46)) - raft.server.staging.catchup.gap = 1000 (default)
2022-07-12 21:07:51,024 [a8440338-9c05-4a69-82ce-0c098fe5e8a5@group-FB272FC9E82A-LeaderElection49] INFO  server.RaftServerConfigKeys (ConfUtils.java:logGet(46)) - raft.server.write.element-limit = 1024 (custom)
2022-07-12 21:07:51,024 [a8440338-9c05-4a69-82ce-0c098fe5e8a5@group-FB272FC9E82A-LeaderElection49] INFO  server.RaftServerConfigKeys (ConfUtils.java:logGet(46)) - raft.server.write.byte-limit = 1024 M (=1073741824) (custom)
2022-07-12 21:07:51,025 [a8440338-9c05-4a69-82ce-0c098fe5e8a5@group-FB272FC9E82A-LeaderElection49] INFO  server.RaftServerConfigKeys (ConfUtils.java:logGet(46)) - raft.server.watch.timeout = 180s (custom)
2022-07-12 21:07:51,025 [a8440338-9c05-4a69-82ce-0c098fe5e8a5@group-FB272FC9E82A-LeaderElection49] INFO  server.RaftServerConfigKeys (ConfUtils.java:logGet(46)) - raft.server.watch.timeout.denomination = 1s (default)
2022-07-12 21:07:51,025 [a8440338-9c05-4a69-82ce-0c098fe5e8a5@group-FB272FC9E82A-LeaderElection49] INFO  server.RaftServerConfigKeys (ConfUtils.java:logGet(46)) - raft.server.watch.element-limit = 65536 (default)
2022-07-12 21:07:51,025 [a8440338-9c05-4a69-82ce-0c098fe5e8a5@group-FB272FC9E82A-LeaderElection49] INFO  server.RaftServerConfigKeys (ConfUtils.java:logGet(46)) - raft.server.write.element-limit = 1024 (custom)
2022-07-12 21:07:51,025 [a8440338-9c05-4a69-82ce-0c098fe5e8a5@group-FB272FC9E82A-LeaderElection49] INFO  server.RaftServerConfigKeys (ConfUtils.java:logGet(46)) - raft.server.write.follower.gap.ratio.max = -1.0 (default)
2022-07-12 21:07:51,025 [a8440338-9c05-4a69-82ce-0c098fe5e8a5@group-FB272FC9E82A-LeaderElection49] INFO  impl.RoleInfo (RoleInfo.java:updateAndGet(139)) - a8440338-9c05-4a69-82ce-0c098fe5e8a5: start a8440338-9c05-4a69-82ce-0c098fe5e8a5@group-FB272FC9E82A-LeaderStateImpl
2022-07-12 21:07:51,025 [a8440338-9c05-4a69-82ce-0c098fe5e8a5@group-FB272FC9E82A-LeaderElection49] INFO  segmented.SegmentedRaftLogWorker (SegmentedRaftLogWorker.java:startLogSegment(425)) - a8440338-9c05-4a69-82ce-0c098fe5e8a5@group-FB272FC9E82A-SegmentedRaftLogWorker: Starting segment from index:0
2022-07-12 21:07:51,027 [a8440338-9c05-4a69-82ce-0c098fe5e8a5@group-FB272FC9E82A-SegmentedRaftLogWorker] INFO  segmented.SegmentedRaftLogWorker (SegmentedRaftLogWorker.java:execute(629)) - a8440338-9c05-4a69-82ce-0c098fe5e8a5@group-FB272FC9E82A-SegmentedRaftLogWorker: created new log segment /home/runner/work/ozone/ozone/hadoop-ozone/integration-test/target/test-dir/MiniOzoneClusterImpl-03d8019b-d99e-41ea-b31f-f002ac91f2ca/datanode-4/data/ratis/476bab6c-e286-40aa-9b32-fb272fc9e82a/current/log_inprogress_0
]]></system-out>
  </testcase>
  <testcase name="testOzoneFsServiceLoader" classname="TestRootedOzoneFileSystem" time="0.307">
    <system-out><![CDATA[2022-07-12 21:09:31,905 [Time-limited test] INFO  rpc.RpcClient (RpcClient.java:createVolume(466)) - Creating Volume: volume84630, with user52441 as owner and space quota set to -1 bytes, counts quota set to -1
2022-07-12 21:09:31,908 [IPC Server handler 17 on default port 32899] INFO  volume.OMVolumeCreateRequest (OMVolumeCreateRequest.java:validateAndUpdateCache(195)) - created volume:volume84630 for user:user52441
2022-07-12 21:09:31,911 [Time-limited test] INFO  rpc.RpcClient (RpcClient.java:createBucket(669)) - Creating Bucket: volume84630/bucket54004, with bucket layout LEGACY, runner as owner, Versioning false, Storage Type set to DISK and Encryption set to false 
2022-07-12 21:09:31,911 [IPC Server handler 14 on default port 32899] INFO  bucket.OMBucketCreateRequest (OMBucketCreateRequest.java:validateAndUpdateCache(260)) - created bucket: bucket54004 of layout LEGACY in volume: volume84630
2022-07-12 21:09:31,927 [024a366d-d9bd-4389-bd26-fa648e81fb63@group-C3BB33E871CC-FollowerState] INFO  impl.FollowerState (FollowerState.java:run(143)) - 024a366d-d9bd-4389-bd26-fa648e81fb63@group-C3BB33E871CC-FollowerState: change to CANDIDATE, lastRpcElapsedTime:5070159478ns, electionTimeout:5028ms
2022-07-12 21:09:31,927 [024a366d-d9bd-4389-bd26-fa648e81fb63@group-C3BB33E871CC-FollowerState] INFO  impl.RoleInfo (RoleInfo.java:shutdownFollowerState(110)) - 024a366d-d9bd-4389-bd26-fa648e81fb63: shutdown 024a366d-d9bd-4389-bd26-fa648e81fb63@group-C3BB33E871CC-FollowerState
2022-07-12 21:09:31,927 [024a366d-d9bd-4389-bd26-fa648e81fb63@group-C3BB33E871CC-FollowerState] INFO  server.RaftServer$Division (RaftServerImpl.java:setRole(299)) - 024a366d-d9bd-4389-bd26-fa648e81fb63@group-C3BB33E871CC: changes role from  FOLLOWER to CANDIDATE at term 3 for changeToCandidate
2022-07-12 21:09:31,927 [024a366d-d9bd-4389-bd26-fa648e81fb63@group-C3BB33E871CC-FollowerState] INFO  server.RaftServerConfigKeys (ConfUtils.java:logGet(46)) - raft.server.leaderelection.pre-vote = false (custom)
2022-07-12 21:09:31,927 [024a366d-d9bd-4389-bd26-fa648e81fb63@group-C3BB33E871CC-FollowerState] INFO  impl.RoleInfo (RoleInfo.java:updateAndGet(139)) - 024a366d-d9bd-4389-bd26-fa648e81fb63: start 024a366d-d9bd-4389-bd26-fa648e81fb63@group-C3BB33E871CC-LeaderElection71
2022-07-12 21:09:31,933 [024a366d-d9bd-4389-bd26-fa648e81fb63@group-C3BB33E871CC-LeaderElection71] INFO  impl.LeaderElection (LeaderElection.java:askForVotes(310)) - 024a366d-d9bd-4389-bd26-fa648e81fb63@group-C3BB33E871CC-LeaderElection71 ELECTION round 0: submit vote requests at term 4 for -1: [76813abd-30d7-4706-b809-3e10cf795ab1|rpc:10.1.0.20:33965|dataStream:|priority:1, 9ca81a7d-c27a-485e-9d50-743190b649b9|rpc:10.1.0.20:33467|dataStream:|priority:0, 024a366d-d9bd-4389-bd26-fa648e81fb63|rpc:10.1.0.20:34045|dataStream:|priority:0], old=null
2022-07-12 21:09:31,980 [grpc-default-executor-2] INFO  server.RaftServer$Division (RaftServerImpl.java:requestVote(1152)) - 9ca81a7d-c27a-485e-9d50-743190b649b9@group-C3BB33E871CC: receive requestVote(ELECTION, 024a366d-d9bd-4389-bd26-fa648e81fb63, group-C3BB33E871CC, 4, (t:0, i:0))
2022-07-12 21:09:31,980 [grpc-default-executor-2] INFO  impl.VoteContext (VoteContext.java:log(48)) - 9ca81a7d-c27a-485e-9d50-743190b649b9@group-C3BB33E871CC-FOLLOWER: accept ELECTION from 024a366d-d9bd-4389-bd26-fa648e81fb63: our priority 0 <= candidate's priority 0
2022-07-12 21:09:31,980 [grpc-default-executor-2] INFO  server.RaftServer$Division (RaftServerImpl.java:setRole(299)) - 9ca81a7d-c27a-485e-9d50-743190b649b9@group-C3BB33E871CC: changes role from  FOLLOWER to FOLLOWER at term 4 for candidate:024a366d-d9bd-4389-bd26-fa648e81fb63
2022-07-12 21:09:31,980 [grpc-default-executor-2] INFO  impl.RoleInfo (RoleInfo.java:shutdownFollowerState(110)) - 9ca81a7d-c27a-485e-9d50-743190b649b9: shutdown 9ca81a7d-c27a-485e-9d50-743190b649b9@group-C3BB33E871CC-FollowerState
2022-07-12 21:09:31,980 [grpc-default-executor-2] INFO  impl.RoleInfo (RoleInfo.java:updateAndGet(139)) - 9ca81a7d-c27a-485e-9d50-743190b649b9: start 9ca81a7d-c27a-485e-9d50-743190b649b9@group-C3BB33E871CC-FollowerState
2022-07-12 21:09:31,983 [9ca81a7d-c27a-485e-9d50-743190b649b9@group-C3BB33E871CC-FollowerState] INFO  impl.FollowerState (FollowerState.java:run(152)) - 9ca81a7d-c27a-485e-9d50-743190b649b9@group-C3BB33E871CC-FollowerState was interrupted
2022-07-12 21:09:31,980 [grpc-default-executor-1] INFO  server.RaftServer$Division (RaftServerImpl.java:requestVote(1152)) - 76813abd-30d7-4706-b809-3e10cf795ab1@group-C3BB33E871CC: receive requestVote(ELECTION, 024a366d-d9bd-4389-bd26-fa648e81fb63, group-C3BB33E871CC, 4, (t:0, i:0))
2022-07-12 21:09:31,983 [grpc-default-executor-1] INFO  impl.VoteContext (VoteContext.java:log(48)) - 76813abd-30d7-4706-b809-3e10cf795ab1@group-C3BB33E871CC-FOLLOWER: reject ELECTION from 024a366d-d9bd-4389-bd26-fa648e81fb63: our priority 1 > candidate's priority 0
2022-07-12 21:09:31,983 [grpc-default-executor-1] INFO  server.RaftServer$Division (RaftServerImpl.java:setRole(299)) - 76813abd-30d7-4706-b809-3e10cf795ab1@group-C3BB33E871CC: changes role from  FOLLOWER to FOLLOWER at term 4 for candidate:024a366d-d9bd-4389-bd26-fa648e81fb63
2022-07-12 21:09:31,983 [grpc-default-executor-1] INFO  impl.RoleInfo (RoleInfo.java:shutdownFollowerState(110)) - 76813abd-30d7-4706-b809-3e10cf795ab1: shutdown 76813abd-30d7-4706-b809-3e10cf795ab1@group-C3BB33E871CC-FollowerState
]]></system-out>
  </testcase>
  <testcase name="testBucketDefaultsShouldNotBeInheritedToFileForNonEC" classname="TestRootedOzoneFileSystem" time="0.202">
    <system-out><![CDATA[2022-07-12 21:04:06,899 [Time-limited test] INFO  rpc.RpcClient (RpcClient.java:createVolume(466)) - Creating Volume: volume36622, with user19392 as owner and space quota set to -1 bytes, counts quota set to -1
2022-07-12 21:04:06,904 [OM StateMachine ApplyTransaction Thread - 0] INFO  volume.OMVolumeCreateRequest (OMVolumeCreateRequest.java:validateAndUpdateCache(195)) - created volume:volume36622 for user:user19392
2022-07-12 21:04:06,907 [Time-limited test] INFO  rpc.RpcClient (RpcClient.java:createBucket(669)) - Creating Bucket: volume36622/bucket25955, with bucket layout LEGACY, runner as owner, Versioning false, Storage Type set to DISK and Encryption set to false 
2022-07-12 21:04:06,909 [OM StateMachine ApplyTransaction Thread - 0] INFO  bucket.OMBucketCreateRequest (OMBucketCreateRequest.java:validateAndUpdateCache(260)) - created bucket: bucket25955 of layout LEGACY in volume: volume36622
2022-07-12 21:04:06,945 [Time-limited test] INFO  rpc.RpcClient (RpcClient.java:createVolume(466)) - Creating Volume: c05370e8-6791-43a7-bb76-da88b5e80bd6, with user97554 as owner and space quota set to -1 bytes, counts quota set to -1
2022-07-12 21:04:06,948 [OM StateMachine ApplyTransaction Thread - 0] INFO  volume.OMVolumeCreateRequest (OMVolumeCreateRequest.java:validateAndUpdateCache(195)) - created volume:c05370e8-6791-43a7-bb76-da88b5e80bd6 for user:user97554
2022-07-12 21:04:06,956 [Time-limited test] INFO  rpc.RpcClient (RpcClient.java:createBucket(669)) - Creating Bucket: c05370e8-6791-43a7-bb76-da88b5e80bd6/df3304d9-f829-424e-a984-d671e3ce3e4b, with bucket layout LEGACY, runner as owner, Versioning false, Storage Type set to DISK and Encryption set to false 
2022-07-12 21:04:06,967 [OM StateMachine ApplyTransaction Thread - 0] INFO  bucket.OMBucketCreateRequest (OMBucketCreateRequest.java:validateAndUpdateCache(260)) - created bucket: df3304d9-f829-424e-a984-d671e3ce3e4b of layout LEGACY in volume: c05370e8-6791-43a7-bb76-da88b5e80bd6
]]></system-out>
  </testcase>
  <testcase name="testBucketDefaultsShouldNotBeInheritedToFileForNonEC" classname="TestRootedOzoneFileSystem" time="0.485">
    <system-out><![CDATA[2022-07-12 21:05:18,875 [Time-limited test] INFO  rpc.RpcClient (RpcClient.java:createVolume(466)) - Creating Volume: volume97228, with user55745 as owner and space quota set to -1 bytes, counts quota set to -1
2022-07-12 21:05:18,883 [OM StateMachine ApplyTransaction Thread - 0] INFO  volume.OMVolumeCreateRequest (OMVolumeCreateRequest.java:validateAndUpdateCache(195)) - created volume:volume97228 for user:user55745
2022-07-12 21:05:18,885 [Time-limited test] INFO  rpc.RpcClient (RpcClient.java:createBucket(669)) - Creating Bucket: volume97228/bucket63733, with bucket layout LEGACY, runner as owner, Versioning false, Storage Type set to DISK and Encryption set to false 
2022-07-12 21:05:18,886 [OM StateMachine ApplyTransaction Thread - 0] INFO  bucket.OMBucketCreateRequest (OMBucketCreateRequest.java:validateAndUpdateCache(260)) - created bucket: bucket63733 of layout LEGACY in volume: volume97228
2022-07-12 21:05:18,903 [c0705ae6-2331-49ba-9982-fffa5d94ae7b@group-FC8DCD8997DC-FollowerState] INFO  impl.FollowerState (FollowerState.java:run(143)) - c0705ae6-2331-49ba-9982-fffa5d94ae7b@group-FC8DCD8997DC-FollowerState: change to CANDIDATE, lastRpcElapsedTime:5041235294ns, electionTimeout:5040ms
2022-07-12 21:05:18,903 [c0705ae6-2331-49ba-9982-fffa5d94ae7b@group-FC8DCD8997DC-FollowerState] INFO  impl.RoleInfo (RoleInfo.java:shutdownFollowerState(110)) - c0705ae6-2331-49ba-9982-fffa5d94ae7b: shutdown c0705ae6-2331-49ba-9982-fffa5d94ae7b@group-FC8DCD8997DC-FollowerState
2022-07-12 21:05:18,903 [c0705ae6-2331-49ba-9982-fffa5d94ae7b@group-FC8DCD8997DC-FollowerState] INFO  server.RaftServer$Division (RaftServerImpl.java:setRole(299)) - c0705ae6-2331-49ba-9982-fffa5d94ae7b@group-FC8DCD8997DC: changes role from  FOLLOWER to CANDIDATE at term 0 for changeToCandidate
2022-07-12 21:05:18,903 [c0705ae6-2331-49ba-9982-fffa5d94ae7b@group-FC8DCD8997DC-FollowerState] INFO  server.RaftServerConfigKeys (ConfUtils.java:logGet(46)) - raft.server.leaderelection.pre-vote = false (custom)
2022-07-12 21:05:18,903 [c0705ae6-2331-49ba-9982-fffa5d94ae7b@group-FC8DCD8997DC-FollowerState] INFO  impl.RoleInfo (RoleInfo.java:updateAndGet(139)) - c0705ae6-2331-49ba-9982-fffa5d94ae7b: start c0705ae6-2331-49ba-9982-fffa5d94ae7b@group-FC8DCD8997DC-LeaderElection22
2022-07-12 21:05:18,973 [c0705ae6-2331-49ba-9982-fffa5d94ae7b@group-FC8DCD8997DC-LeaderElection22] INFO  impl.LeaderElection (LeaderElection.java:askForVotes(310)) - c0705ae6-2331-49ba-9982-fffa5d94ae7b@group-FC8DCD8997DC-LeaderElection22 ELECTION round 0: submit vote requests at term 1 for -1: [c0705ae6-2331-49ba-9982-fffa5d94ae7b|rpc:10.1.0.20:42627|priority:1], old=null
2022-07-12 21:05:18,973 [c0705ae6-2331-49ba-9982-fffa5d94ae7b@group-FC8DCD8997DC-LeaderElection22] INFO  impl.LeaderElection (LeaderElection.java:askForVotes(312)) - c0705ae6-2331-49ba-9982-fffa5d94ae7b@group-FC8DCD8997DC-LeaderElection22 ELECTION round 0: result PASSED (term=1)
2022-07-12 21:05:18,973 [c0705ae6-2331-49ba-9982-fffa5d94ae7b@group-FC8DCD8997DC-LeaderElection22] INFO  impl.RoleInfo (RoleInfo.java:shutdownLeaderElection(130)) - c0705ae6-2331-49ba-9982-fffa5d94ae7b: shutdown c0705ae6-2331-49ba-9982-fffa5d94ae7b@group-FC8DCD8997DC-LeaderElection22
2022-07-12 21:05:18,973 [c0705ae6-2331-49ba-9982-fffa5d94ae7b@group-FC8DCD8997DC-LeaderElection22] INFO  server.RaftServer$Division (RaftServerImpl.java:setRole(299)) - c0705ae6-2331-49ba-9982-fffa5d94ae7b@group-FC8DCD8997DC: changes role from CANDIDATE to LEADER at term 1 for changeToLeader
2022-07-12 21:05:18,973 [c0705ae6-2331-49ba-9982-fffa5d94ae7b@group-FC8DCD8997DC-LeaderElection22] INFO  ratis.XceiverServerRatis (XceiverServerRatis.java:handleLeaderChangedNotification(863)) - Leader change notification received for group: group-FC8DCD8997DC with new leaderId: c0705ae6-2331-49ba-9982-fffa5d94ae7b
2022-07-12 21:05:18,973 [c0705ae6-2331-49ba-9982-fffa5d94ae7b@group-FC8DCD8997DC-LeaderElection22] INFO  server.RaftServer$Division (ServerState.java:setLeader(287)) - c0705ae6-2331-49ba-9982-fffa5d94ae7b@group-FC8DCD8997DC: change Leader from null to c0705ae6-2331-49ba-9982-fffa5d94ae7b at term 1 for becomeLeader, leader elected after 5125ms
2022-07-12 21:05:18,974 [c0705ae6-2331-49ba-9982-fffa5d94ae7b@group-FC8DCD8997DC-LeaderElection22] INFO  server.RaftServerConfigKeys (ConfUtils.java:logGet(46)) - raft.server.staging.catchup.gap = 1000 (default)
2022-07-12 21:05:18,974 [c0705ae6-2331-49ba-9982-fffa5d94ae7b@group-FC8DCD8997DC-LeaderElection22] INFO  server.RaftServerConfigKeys (ConfUtils.java:logGet(46)) - raft.server.write.element-limit = 1024 (custom)
2022-07-12 21:05:18,974 [c0705ae6-2331-49ba-9982-fffa5d94ae7b@group-FC8DCD8997DC-LeaderElection22] INFO  server.RaftServerConfigKeys (ConfUtils.java:logGet(46)) - raft.server.write.byte-limit = 1024 M (=1073741824) (custom)
2022-07-12 21:05:18,980 [c0705ae6-2331-49ba-9982-fffa5d94ae7b@group-FC8DCD8997DC-LeaderElection22] INFO  server.RaftServerConfigKeys (ConfUtils.java:logGet(46)) - raft.server.watch.timeout = 180s (custom)
2022-07-12 21:05:18,980 [c0705ae6-2331-49ba-9982-fffa5d94ae7b@group-FC8DCD8997DC-LeaderElection22] INFO  server.RaftServerConfigKeys (ConfUtils.java:logGet(46)) - raft.server.watch.timeout.denomination = 1s (default)
2022-07-12 21:05:18,980 [c0705ae6-2331-49ba-9982-fffa5d94ae7b@group-FC8DCD8997DC-LeaderElection22] INFO  server.RaftServerConfigKeys (ConfUtils.java:logGet(46)) - raft.server.watch.element-limit = 65536 (default)
2022-07-12 21:05:18,980 [c0705ae6-2331-49ba-9982-fffa5d94ae7b@group-FC8DCD8997DC-LeaderElection22] INFO  server.RaftServerConfigKeys (ConfUtils.java:logGet(46)) - raft.server.write.element-limit = 1024 (custom)
2022-07-12 21:05:18,980 [c0705ae6-2331-49ba-9982-fffa5d94ae7b@group-FC8DCD8997DC-LeaderElection22] INFO  server.RaftServerConfigKeys (ConfUtils.java:logGet(46)) - raft.server.write.follower.gap.ratio.max = -1.0 (default)
2022-07-12 21:05:18,980 [c0705ae6-2331-49ba-9982-fffa5d94ae7b@group-FC8DCD8997DC-LeaderElection22] INFO  impl.RoleInfo (RoleInfo.java:updateAndGet(139)) - c0705ae6-2331-49ba-9982-fffa5d94ae7b: start c0705ae6-2331-49ba-9982-fffa5d94ae7b@group-FC8DCD8997DC-LeaderStateImpl
2022-07-12 21:05:18,980 [c0705ae6-2331-49ba-9982-fffa5d94ae7b@group-FC8DCD8997DC-LeaderElection22] INFO  segmented.SegmentedRaftLogWorker (SegmentedRaftLogWorker.java:startLogSegment(425)) - c0705ae6-2331-49ba-9982-fffa5d94ae7b@group-FC8DCD8997DC-SegmentedRaftLogWorker: Starting segment from index:0
2022-07-12 21:05:18,982 [c0705ae6-2331-49ba-9982-fffa5d94ae7b@group-FC8DCD8997DC-SegmentedRaftLogWorker] INFO  segmented.SegmentedRaftLogWorker (SegmentedRaftLogWorker.java:execute(629)) - c0705ae6-2331-49ba-9982-fffa5d94ae7b@group-FC8DCD8997DC-SegmentedRaftLogWorker: created new log segment /home/runner/work/ozone/ozone/hadoop-ozone/integration-test/target/test-dir/MiniOzoneClusterImpl-82396f26-4b51-4819-9d3b-5aa507234af8/datanode-4/data/ratis/9dc90e76-b10a-4a16-8819-fc8dcd8997dc/current/log_inprogress_0
2022-07-12 21:05:18,987 [c0705ae6-2331-49ba-9982-fffa5d94ae7b@group-FC8DCD8997DC-LeaderElection22] INFO  server.RaftServer$Division (ServerState.java:setRaftConf(393)) - c0705ae6-2331-49ba-9982-fffa5d94ae7b@group-FC8DCD8997DC: set configuration 0: [c0705ae6-2331-49ba-9982-fffa5d94ae7b|rpc:10.1.0.20:42627|dataStream:|priority:1], old=null
2022-07-12 21:05:18,993 [Time-limited test] INFO  rpc.RpcClient (RpcClient.java:createVolume(466)) - Creating Volume: 936c4569-a829-48a3-bf34-57ba9a58537e, with user71395 as owner and space quota set to -1 bytes, counts quota set to -1
2022-07-12 21:05:18,996 [OM StateMachine ApplyTransaction Thread - 0] INFO  volume.OMVolumeCreateRequest (OMVolumeCreateRequest.java:validateAndUpdateCache(195)) - created volume:936c4569-a829-48a3-bf34-57ba9a58537e for user:user71395
2022-07-12 21:05:18,998 [Time-limited test] INFO  rpc.RpcClient (RpcClient.java:createBucket(669)) - Creating Bucket: 936c4569-a829-48a3-bf34-57ba9a58537e/b129baa5-510d-4ab6-9046-d8b8dc92dd40, with bucket layout LEGACY, runner as owner, Versioning false, Storage Type set to DISK and Encryption set to false 
2022-07-12 21:05:18,999 [OM StateMachine ApplyTransaction Thread - 0] INFO  bucket.OMBucketCreateRequest (OMBucketCreateRequest.java:validateAndUpdateCache(260)) - created bucket: b129baa5-510d-4ab6-9046-d8b8dc92dd40 of layout LEGACY in volume: 936c4569-a829-48a3-bf34-57ba9a58537e
]]></system-out>
  </testcase>
  <testcase name="testBucketDefaultsShouldNotBeInheritedToFileForNonEC" classname="TestRootedOzoneFileSystem" time="0.698">
    <system-out><![CDATA[2022-07-12 21:06:32,078 [Time-limited test] INFO  rpc.RpcClient (RpcClient.java:createVolume(466)) - Creating Volume: volume71801, with user16212 as owner and space quota set to -1 bytes, counts quota set to -1
2022-07-12 21:06:32,079 [IPC Server handler 1 on default port 37581] INFO  volume.OMVolumeCreateRequest (OMVolumeCreateRequest.java:validateAndUpdateCache(195)) - created volume:volume71801 for user:user16212
2022-07-12 21:06:32,080 [Time-limited test] INFO  rpc.RpcClient (RpcClient.java:createBucket(669)) - Creating Bucket: volume71801/bucket50050, with bucket layout LEGACY, runner as owner, Versioning false, Storage Type set to DISK and Encryption set to false 
2022-07-12 21:06:32,080 [IPC Server handler 13 on default port 37581] INFO  bucket.OMBucketCreateRequest (OMBucketCreateRequest.java:validateAndUpdateCache(260)) - created bucket: bucket50050 of layout LEGACY in volume: volume71801
2022-07-12 21:06:32,132 [ac679b26-c737-4eb4-ba39-fe3b144a3424@group-C0EB019A3F66-FollowerState] INFO  impl.FollowerState (FollowerState.java:run(143)) - ac679b26-c737-4eb4-ba39-fe3b144a3424@group-C0EB019A3F66-FollowerState: change to CANDIDATE, lastRpcElapsedTime:5038742910ns, electionTimeout:5028ms
2022-07-12 21:06:32,132 [b88517ff-a734-4baa-8e75-48c6a6d5a3f3@group-C0EB019A3F66-FollowerState] INFO  impl.FollowerState (FollowerState.java:run(143)) - b88517ff-a734-4baa-8e75-48c6a6d5a3f3@group-C0EB019A3F66-FollowerState: change to CANDIDATE, lastRpcElapsedTime:5063574150ns, electionTimeout:5048ms
2022-07-12 21:06:32,133 [ac679b26-c737-4eb4-ba39-fe3b144a3424@group-C0EB019A3F66-FollowerState] INFO  impl.RoleInfo (RoleInfo.java:shutdownFollowerState(110)) - ac679b26-c737-4eb4-ba39-fe3b144a3424: shutdown ac679b26-c737-4eb4-ba39-fe3b144a3424@group-C0EB019A3F66-FollowerState
2022-07-12 21:06:32,133 [ac679b26-c737-4eb4-ba39-fe3b144a3424@group-C0EB019A3F66-FollowerState] INFO  server.RaftServer$Division (RaftServerImpl.java:setRole(299)) - ac679b26-c737-4eb4-ba39-fe3b144a3424@group-C0EB019A3F66: changes role from  FOLLOWER to CANDIDATE at term 1 for changeToCandidate
2022-07-12 21:06:32,133 [b88517ff-a734-4baa-8e75-48c6a6d5a3f3@group-C0EB019A3F66-FollowerState] INFO  impl.RoleInfo (RoleInfo.java:shutdownFollowerState(110)) - b88517ff-a734-4baa-8e75-48c6a6d5a3f3: shutdown b88517ff-a734-4baa-8e75-48c6a6d5a3f3@group-C0EB019A3F66-FollowerState
2022-07-12 21:06:32,133 [ac679b26-c737-4eb4-ba39-fe3b144a3424@group-C0EB019A3F66-FollowerState] INFO  server.RaftServerConfigKeys (ConfUtils.java:logGet(46)) - raft.server.leaderelection.pre-vote = false (custom)
2022-07-12 21:06:32,133 [b88517ff-a734-4baa-8e75-48c6a6d5a3f3@group-C0EB019A3F66-FollowerState] INFO  server.RaftServer$Division (RaftServerImpl.java:setRole(299)) - b88517ff-a734-4baa-8e75-48c6a6d5a3f3@group-C0EB019A3F66: changes role from  FOLLOWER to CANDIDATE at term 1 for changeToCandidate
2022-07-12 21:06:32,133 [b88517ff-a734-4baa-8e75-48c6a6d5a3f3@group-C0EB019A3F66-FollowerState] INFO  server.RaftServerConfigKeys (ConfUtils.java:logGet(46)) - raft.server.leaderelection.pre-vote = false (custom)
2022-07-12 21:06:32,133 [b88517ff-a734-4baa-8e75-48c6a6d5a3f3@group-C0EB019A3F66-FollowerState] INFO  impl.RoleInfo (RoleInfo.java:updateAndGet(139)) - b88517ff-a734-4baa-8e75-48c6a6d5a3f3: start b88517ff-a734-4baa-8e75-48c6a6d5a3f3@group-C0EB019A3F66-LeaderElection34
2022-07-12 21:06:32,133 [ac679b26-c737-4eb4-ba39-fe3b144a3424@group-C0EB019A3F66-FollowerState] INFO  impl.RoleInfo (RoleInfo.java:updateAndGet(139)) - ac679b26-c737-4eb4-ba39-fe3b144a3424: start ac679b26-c737-4eb4-ba39-fe3b144a3424@group-C0EB019A3F66-LeaderElection33
2022-07-12 21:06:32,186 [6d03a90d-b393-4c2b-aa32-f45668f1c5ca@group-C0EB019A3F66-FollowerState] INFO  impl.FollowerState (FollowerState.java:run(143)) - 6d03a90d-b393-4c2b-aa32-f45668f1c5ca@group-C0EB019A3F66-FollowerState: change to CANDIDATE, lastRpcElapsedTime:5080784446ns, electionTimeout:5062ms
2022-07-12 21:06:32,186 [6d03a90d-b393-4c2b-aa32-f45668f1c5ca@group-C0EB019A3F66-FollowerState] INFO  impl.RoleInfo (RoleInfo.java:shutdownFollowerState(110)) - 6d03a90d-b393-4c2b-aa32-f45668f1c5ca: shutdown 6d03a90d-b393-4c2b-aa32-f45668f1c5ca@group-C0EB019A3F66-FollowerState
2022-07-12 21:06:32,186 [6d03a90d-b393-4c2b-aa32-f45668f1c5ca@group-C0EB019A3F66-FollowerState] INFO  server.RaftServer$Division (RaftServerImpl.java:setRole(299)) - 6d03a90d-b393-4c2b-aa32-f45668f1c5ca@group-C0EB019A3F66: changes role from  FOLLOWER to CANDIDATE at term 1 for changeToCandidate
2022-07-12 21:06:32,193 [6d03a90d-b393-4c2b-aa32-f45668f1c5ca@group-C0EB019A3F66-FollowerState] INFO  server.RaftServerConfigKeys (ConfUtils.java:logGet(46)) - raft.server.leaderelection.pre-vote = false (custom)
2022-07-12 21:06:32,193 [6d03a90d-b393-4c2b-aa32-f45668f1c5ca@group-C0EB019A3F66-FollowerState] INFO  impl.RoleInfo (RoleInfo.java:updateAndGet(139)) - 6d03a90d-b393-4c2b-aa32-f45668f1c5ca: start 6d03a90d-b393-4c2b-aa32-f45668f1c5ca@group-C0EB019A3F66-LeaderElection35
2022-07-12 21:06:32,216 [b88517ff-a734-4baa-8e75-48c6a6d5a3f3@group-C0EB019A3F66-LeaderElection34] INFO  impl.LeaderElection (LeaderElection.java:askForVotes(310)) - b88517ff-a734-4baa-8e75-48c6a6d5a3f3@group-C0EB019A3F66-LeaderElection34 ELECTION round 0: submit vote requests at term 2 for -1: [b88517ff-a734-4baa-8e75-48c6a6d5a3f3|rpc:10.1.0.20:38005|dataStream:|priority:1, 6d03a90d-b393-4c2b-aa32-f45668f1c5ca|rpc:10.1.0.20:39877|dataStream:|priority:0, ac679b26-c737-4eb4-ba39-fe3b144a3424|rpc:10.1.0.20:34833|dataStream:|priority:0], old=null
2022-07-12 21:06:32,230 [ac679b26-c737-4eb4-ba39-fe3b144a3424@group-C0EB019A3F66-LeaderElection33] INFO  impl.LeaderElection (LeaderElection.java:askForVotes(310)) - ac679b26-c737-4eb4-ba39-fe3b144a3424@group-C0EB019A3F66-LeaderElection33 ELECTION round 0: submit vote requests at term 2 for -1: [b88517ff-a734-4baa-8e75-48c6a6d5a3f3|rpc:10.1.0.20:38005|dataStream:|priority:1, 6d03a90d-b393-4c2b-aa32-f45668f1c5ca|rpc:10.1.0.20:39877|dataStream:|priority:0, ac679b26-c737-4eb4-ba39-fe3b144a3424|rpc:10.1.0.20:34833|dataStream:|priority:0], old=null
2022-07-12 21:06:32,252 [Time-limited test] INFO  rpc.RpcClient (RpcClient.java:createVolume(466)) - Creating Volume: 7446faa4-1934-4ac5-bea6-0a36618ff738, with user56456 as owner and space quota set to -1 bytes, counts quota set to -1
2022-07-12 21:06:32,253 [IPC Server handler 11 on default port 37581] INFO  volume.OMVolumeCreateRequest (OMVolumeCreateRequest.java:validateAndUpdateCache(195)) - created volume:7446faa4-1934-4ac5-bea6-0a36618ff738 for user:user56456
2022-07-12 21:06:32,260 [Time-limited test] INFO  rpc.RpcClient (RpcClient.java:createBucket(669)) - Creating Bucket: 7446faa4-1934-4ac5-bea6-0a36618ff738/4c9cb28d-bc18-40f0-bef1-ec01970c2e46, with bucket layout LEGACY, runner as owner, Versioning false, Storage Type set to DISK and Encryption set to false 
2022-07-12 21:06:32,261 [IPC Server handler 4 on default port 37581] INFO  bucket.OMBucketCreateRequest (OMBucketCreateRequest.java:validateAndUpdateCache(260)) - created bucket: 4c9cb28d-bc18-40f0-bef1-ec01970c2e46 of layout LEGACY in volume: 7446faa4-1934-4ac5-bea6-0a36618ff738
2022-07-12 21:06:32,285 [6d03a90d-b393-4c2b-aa32-f45668f1c5ca@group-C0EB019A3F66-LeaderElection35] INFO  impl.LeaderElection (LeaderElection.java:askForVotes(310)) - 6d03a90d-b393-4c2b-aa32-f45668f1c5ca@group-C0EB019A3F66-LeaderElection35 ELECTION round 0: submit vote requests at term 2 for -1: [b88517ff-a734-4baa-8e75-48c6a6d5a3f3|rpc:10.1.0.20:38005|priority:1, 6d03a90d-b393-4c2b-aa32-f45668f1c5ca|rpc:10.1.0.20:39877|priority:0, ac679b26-c737-4eb4-ba39-fe3b144a3424|rpc:10.1.0.20:34833|priority:0], old=null
2022-07-12 21:06:32,296 [grpc-default-executor-0] INFO  server.RaftServer$Division (RaftServerImpl.java:requestVote(1152)) - 6d03a90d-b393-4c2b-aa32-f45668f1c5ca@group-C0EB019A3F66: receive requestVote(ELECTION, b88517ff-a734-4baa-8e75-48c6a6d5a3f3, group-C0EB019A3F66, 2, (t:0, i:0))
2022-07-12 21:06:32,296 [grpc-default-executor-0] INFO  impl.VoteContext (VoteContext.java:log(48)) - 6d03a90d-b393-4c2b-aa32-f45668f1c5ca@group-C0EB019A3F66-CANDIDATE: reject ELECTION from b88517ff-a734-4baa-8e75-48c6a6d5a3f3: already has voted for 6d03a90d-b393-4c2b-aa32-f45668f1c5ca at current term 2
2022-07-12 21:06:32,296 [grpc-default-executor-0] INFO  server.RaftServer$Division (RaftServerImpl.java:requestVote(1184)) - 6d03a90d-b393-4c2b-aa32-f45668f1c5ca@group-C0EB019A3F66 replies to ELECTION vote request: b88517ff-a734-4baa-8e75-48c6a6d5a3f3<-6d03a90d-b393-4c2b-aa32-f45668f1c5ca#0:FAIL-t2. Peer's state: 6d03a90d-b393-4c2b-aa32-f45668f1c5ca@group-C0EB019A3F66:t2, leader=null, voted=6d03a90d-b393-4c2b-aa32-f45668f1c5ca, raftlog=6d03a90d-b393-4c2b-aa32-f45668f1c5ca@group-C0EB019A3F66-SegmentedRaftLog:OPENED:c-1, conf=-1: [b88517ff-a734-4baa-8e75-48c6a6d5a3f3|rpc:10.1.0.20:38005|priority:1, 6d03a90d-b393-4c2b-aa32-f45668f1c5ca|rpc:10.1.0.20:39877|priority:0, ac679b26-c737-4eb4-ba39-fe3b144a3424|rpc:10.1.0.20:34833|priority:0], old=null
2022-07-12 21:06:32,374 [grpc-default-executor-2] INFO  server.RaftServer$Division (RaftServerImpl.java:requestVote(1152)) - b88517ff-a734-4baa-8e75-48c6a6d5a3f3@group-C0EB019A3F66: receive requestVote(ELECTION, 6d03a90d-b393-4c2b-aa32-f45668f1c5ca, group-C0EB019A3F66, 2, (t:0, i:0))
2022-07-12 21:06:32,374 [grpc-default-executor-2] INFO  impl.VoteContext (VoteContext.java:log(48)) - b88517ff-a734-4baa-8e75-48c6a6d5a3f3@group-C0EB019A3F66-CANDIDATE: reject ELECTION from 6d03a90d-b393-4c2b-aa32-f45668f1c5ca: already has voted for b88517ff-a734-4baa-8e75-48c6a6d5a3f3 at current term 2
2022-07-12 21:06:32,374 [grpc-default-executor-2] INFO  server.RaftServer$Division (RaftServerImpl.java:requestVote(1184)) - b88517ff-a734-4baa-8e75-48c6a6d5a3f3@group-C0EB019A3F66 replies to ELECTION vote request: 6d03a90d-b393-4c2b-aa32-f45668f1c5ca<-b88517ff-a734-4baa-8e75-48c6a6d5a3f3#0:FAIL-t2. Peer's state: b88517ff-a734-4baa-8e75-48c6a6d5a3f3@group-C0EB019A3F66:t2, leader=null, voted=b88517ff-a734-4baa-8e75-48c6a6d5a3f3, raftlog=b88517ff-a734-4baa-8e75-48c6a6d5a3f3@group-C0EB019A3F66-SegmentedRaftLog:OPENED:c-1, conf=-1: [b88517ff-a734-4baa-8e75-48c6a6d5a3f3|rpc:10.1.0.20:38005|dataStream:|priority:1, 6d03a90d-b393-4c2b-aa32-f45668f1c5ca|rpc:10.1.0.20:39877|dataStream:|priority:0, ac679b26-c737-4eb4-ba39-fe3b144a3424|rpc:10.1.0.20:34833|dataStream:|priority:0], old=null
2022-07-12 21:06:32,378 [6d03a90d-b393-4c2b-aa32-f45668f1c5ca@group-C0EB019A3F66-LeaderElection35] INFO  impl.LeaderElection (LeaderElection.java:logAndReturn(90)) - 6d03a90d-b393-4c2b-aa32-f45668f1c5ca@group-C0EB019A3F66-LeaderElection35: ELECTION REJECTED received 1 response(s) and 0 exception(s):
2022-07-12 21:06:32,378 [6d03a90d-b393-4c2b-aa32-f45668f1c5ca@group-C0EB019A3F66-LeaderElection35] INFO  impl.LeaderElection (LeaderElection.java:logAndReturn(94)) -   Response 0: 6d03a90d-b393-4c2b-aa32-f45668f1c5ca<-b88517ff-a734-4baa-8e75-48c6a6d5a3f3#0:FAIL-t2
2022-07-12 21:06:32,378 [6d03a90d-b393-4c2b-aa32-f45668f1c5ca@group-C0EB019A3F66-LeaderElection35] INFO  impl.LeaderElection (LeaderElection.java:askForVotes(312)) - 6d03a90d-b393-4c2b-aa32-f45668f1c5ca@group-C0EB019A3F66-LeaderElection35 ELECTION round 0: result REJECTED
2022-07-12 21:06:32,400 [6d03a90d-b393-4c2b-aa32-f45668f1c5ca@group-C0EB019A3F66-LeaderElection35] INFO  server.RaftServer$Division (RaftServerImpl.java:setRole(299)) - 6d03a90d-b393-4c2b-aa32-f45668f1c5ca@group-C0EB019A3F66: changes role from CANDIDATE to FOLLOWER at term 2 for REJECTED
2022-07-12 21:06:32,401 [6d03a90d-b393-4c2b-aa32-f45668f1c5ca@group-C0EB019A3F66-LeaderElection35] INFO  impl.RoleInfo (RoleInfo.java:shutdownLeaderElection(130)) - 6d03a90d-b393-4c2b-aa32-f45668f1c5ca: shutdown 6d03a90d-b393-4c2b-aa32-f45668f1c5ca@group-C0EB019A3F66-LeaderElection35
2022-07-12 21:06:32,401 [6d03a90d-b393-4c2b-aa32-f45668f1c5ca@group-C0EB019A3F66-LeaderElection35] INFO  impl.RoleInfo (RoleInfo.java:updateAndGet(139)) - 6d03a90d-b393-4c2b-aa32-f45668f1c5ca: start 6d03a90d-b393-4c2b-aa32-f45668f1c5ca@group-C0EB019A3F66-FollowerState
2022-07-12 21:06:32,417 [grpc-default-executor-2] INFO  server.RaftServer$Division (RaftServerImpl.java:requestVote(1152)) - ac679b26-c737-4eb4-ba39-fe3b144a3424@group-C0EB019A3F66: receive requestVote(ELECTION, b88517ff-a734-4baa-8e75-48c6a6d5a3f3, group-C0EB019A3F66, 2, (t:0, i:0))
2022-07-12 21:06:32,417 [grpc-default-executor-2] INFO  impl.VoteContext (VoteContext.java:log(48)) - ac679b26-c737-4eb4-ba39-fe3b144a3424@group-C0EB019A3F66-CANDIDATE: reject ELECTION from b88517ff-a734-4baa-8e75-48c6a6d5a3f3: already has voted for ac679b26-c737-4eb4-ba39-fe3b144a3424 at current term 2
2022-07-12 21:06:32,417 [grpc-default-executor-2] INFO  server.RaftServer$Division (RaftServerImpl.java:requestVote(1184)) - ac679b26-c737-4eb4-ba39-fe3b144a3424@group-C0EB019A3F66 replies to ELECTION vote request: b88517ff-a734-4baa-8e75-48c6a6d5a3f3<-ac679b26-c737-4eb4-ba39-fe3b144a3424#0:FAIL-t2. Peer's state: ac679b26-c737-4eb4-ba39-fe3b144a3424@group-C0EB019A3F66:t2, leader=null, voted=ac679b26-c737-4eb4-ba39-fe3b144a3424, raftlog=ac679b26-c737-4eb4-ba39-fe3b144a3424@group-C0EB019A3F66-SegmentedRaftLog:OPENED:c-1, conf=-1: [b88517ff-a734-4baa-8e75-48c6a6d5a3f3|rpc:10.1.0.20:38005|dataStream:|priority:1, 6d03a90d-b393-4c2b-aa32-f45668f1c5ca|rpc:10.1.0.20:39877|dataStream:|priority:0, ac679b26-c737-4eb4-ba39-fe3b144a3424|rpc:10.1.0.20:34833|dataStream:|priority:0], old=null
2022-07-12 21:06:32,421 [grpc-default-executor-3] INFO  server.RaftServer$Division (RaftServerImpl.java:requestVote(1152)) - b88517ff-a734-4baa-8e75-48c6a6d5a3f3@group-C0EB019A3F66: receive requestVote(ELECTION, ac679b26-c737-4eb4-ba39-fe3b144a3424, group-C0EB019A3F66, 2, (t:0, i:0))
2022-07-12 21:06:32,421 [grpc-default-executor-3] INFO  impl.VoteContext (VoteContext.java:log(48)) - b88517ff-a734-4baa-8e75-48c6a6d5a3f3@group-C0EB019A3F66-CANDIDATE: reject ELECTION from ac679b26-c737-4eb4-ba39-fe3b144a3424: already has voted for b88517ff-a734-4baa-8e75-48c6a6d5a3f3 at current term 2
2022-07-12 21:06:32,421 [grpc-default-executor-3] INFO  server.RaftServer$Division (RaftServerImpl.java:requestVote(1184)) - b88517ff-a734-4baa-8e75-48c6a6d5a3f3@group-C0EB019A3F66 replies to ELECTION vote request: ac679b26-c737-4eb4-ba39-fe3b144a3424<-b88517ff-a734-4baa-8e75-48c6a6d5a3f3#0:FAIL-t2. Peer's state: b88517ff-a734-4baa-8e75-48c6a6d5a3f3@group-C0EB019A3F66:t2, leader=null, voted=b88517ff-a734-4baa-8e75-48c6a6d5a3f3, raftlog=b88517ff-a734-4baa-8e75-48c6a6d5a3f3@group-C0EB019A3F66-SegmentedRaftLog:OPENED:c-1, conf=-1: [b88517ff-a734-4baa-8e75-48c6a6d5a3f3|rpc:10.1.0.20:38005|dataStream:|priority:1, 6d03a90d-b393-4c2b-aa32-f45668f1c5ca|rpc:10.1.0.20:39877|dataStream:|priority:0, ac679b26-c737-4eb4-ba39-fe3b144a3424|rpc:10.1.0.20:34833|dataStream:|priority:0], old=null
2022-07-12 21:06:32,423 [b88517ff-a734-4baa-8e75-48c6a6d5a3f3@group-C0EB019A3F66-LeaderElection34] INFO  impl.LeaderElection (LeaderElection.java:logAndReturn(90)) - b88517ff-a734-4baa-8e75-48c6a6d5a3f3@group-C0EB019A3F66-LeaderElection34: ELECTION REJECTED received 2 response(s) and 0 exception(s):
2022-07-12 21:06:32,423 [b88517ff-a734-4baa-8e75-48c6a6d5a3f3@group-C0EB019A3F66-LeaderElection34] INFO  impl.LeaderElection (LeaderElection.java:logAndReturn(94)) -   Response 0: b88517ff-a734-4baa-8e75-48c6a6d5a3f3<-6d03a90d-b393-4c2b-aa32-f45668f1c5ca#0:FAIL-t2
2022-07-12 21:06:32,423 [b88517ff-a734-4baa-8e75-48c6a6d5a3f3@group-C0EB019A3F66-LeaderElection34] INFO  impl.LeaderElection (LeaderElection.java:logAndReturn(94)) -   Response 1: b88517ff-a734-4baa-8e75-48c6a6d5a3f3<-ac679b26-c737-4eb4-ba39-fe3b144a3424#0:FAIL-t2
2022-07-12 21:06:32,423 [b88517ff-a734-4baa-8e75-48c6a6d5a3f3@group-C0EB019A3F66-LeaderElection34] INFO  impl.LeaderElection (LeaderElection.java:askForVotes(312)) - b88517ff-a734-4baa-8e75-48c6a6d5a3f3@group-C0EB019A3F66-LeaderElection34 ELECTION round 0: result REJECTED
2022-07-12 21:06:32,423 [b88517ff-a734-4baa-8e75-48c6a6d5a3f3@group-C0EB019A3F66-LeaderElection34] INFO  server.RaftServer$Division (RaftServerImpl.java:setRole(299)) - b88517ff-a734-4baa-8e75-48c6a6d5a3f3@group-C0EB019A3F66: changes role from CANDIDATE to FOLLOWER at term 2 for REJECTED
2022-07-12 21:06:32,423 [b88517ff-a734-4baa-8e75-48c6a6d5a3f3@group-C0EB019A3F66-LeaderElection34] INFO  impl.RoleInfo (RoleInfo.java:shutdownLeaderElection(130)) - b88517ff-a734-4baa-8e75-48c6a6d5a3f3: shutdown b88517ff-a734-4baa-8e75-48c6a6d5a3f3@group-C0EB019A3F66-LeaderElection34
2022-07-12 21:06:32,424 [b88517ff-a734-4baa-8e75-48c6a6d5a3f3@group-C0EB019A3F66-LeaderElection34] INFO  impl.RoleInfo (RoleInfo.java:updateAndGet(139)) - b88517ff-a734-4baa-8e75-48c6a6d5a3f3: start b88517ff-a734-4baa-8e75-48c6a6d5a3f3@group-C0EB019A3F66-FollowerState
2022-07-12 21:06:32,428 [grpc-default-executor-0] INFO  server.RaftServer$Division (RaftServerImpl.java:requestVote(1152)) - ac679b26-c737-4eb4-ba39-fe3b144a3424@group-C0EB019A3F66: receive requestVote(ELECTION, 6d03a90d-b393-4c2b-aa32-f45668f1c5ca, group-C0EB019A3F66, 2, (t:0, i:0))
2022-07-12 21:06:32,428 [grpc-default-executor-0] INFO  impl.VoteContext (VoteContext.java:log(48)) - ac679b26-c737-4eb4-ba39-fe3b144a3424@group-C0EB019A3F66-CANDIDATE: reject ELECTION from 6d03a90d-b393-4c2b-aa32-f45668f1c5ca: already has voted for ac679b26-c737-4eb4-ba39-fe3b144a3424 at current term 2
2022-07-12 21:06:32,428 [grpc-default-executor-0] INFO  server.RaftServer$Division (RaftServerImpl.java:requestVote(1184)) - ac679b26-c737-4eb4-ba39-fe3b144a3424@group-C0EB019A3F66 replies to ELECTION vote request: 6d03a90d-b393-4c2b-aa32-f45668f1c5ca<-ac679b26-c737-4eb4-ba39-fe3b144a3424#0:FAIL-t2. Peer's state: ac679b26-c737-4eb4-ba39-fe3b144a3424@group-C0EB019A3F66:t2, leader=null, voted=ac679b26-c737-4eb4-ba39-fe3b144a3424, raftlog=ac679b26-c737-4eb4-ba39-fe3b144a3424@group-C0EB019A3F66-SegmentedRaftLog:OPENED:c-1, conf=-1: [b88517ff-a734-4baa-8e75-48c6a6d5a3f3|rpc:10.1.0.20:38005|dataStream:|priority:1, 6d03a90d-b393-4c2b-aa32-f45668f1c5ca|rpc:10.1.0.20:39877|dataStream:|priority:0, ac679b26-c737-4eb4-ba39-fe3b144a3424|rpc:10.1.0.20:34833|dataStream:|priority:0], old=null
2022-07-12 21:06:32,447 [grpc-default-executor-3] INFO  server.RaftServer$Division (RaftServerImpl.java:requestVote(1152)) - 6d03a90d-b393-4c2b-aa32-f45668f1c5ca@group-C0EB019A3F66: receive requestVote(ELECTION, ac679b26-c737-4eb4-ba39-fe3b144a3424, group-C0EB019A3F66, 2, (t:0, i:0))
2022-07-12 21:06:32,447 [grpc-default-executor-3] INFO  impl.VoteContext (VoteContext.java:log(48)) - 6d03a90d-b393-4c2b-aa32-f45668f1c5ca@group-C0EB019A3F66-FOLLOWER: reject ELECTION from ac679b26-c737-4eb4-ba39-fe3b144a3424: already has voted for 6d03a90d-b393-4c2b-aa32-f45668f1c5ca at current term 2
2022-07-12 21:06:32,447 [grpc-default-executor-3] INFO  server.RaftServer$Division (RaftServerImpl.java:requestVote(1184)) - 6d03a90d-b393-4c2b-aa32-f45668f1c5ca@group-C0EB019A3F66 replies to ELECTION vote request: ac679b26-c737-4eb4-ba39-fe3b144a3424<-6d03a90d-b393-4c2b-aa32-f45668f1c5ca#0:FAIL-t2. Peer's state: 6d03a90d-b393-4c2b-aa32-f45668f1c5ca@group-C0EB019A3F66:t2, leader=null, voted=6d03a90d-b393-4c2b-aa32-f45668f1c5ca, raftlog=6d03a90d-b393-4c2b-aa32-f45668f1c5ca@group-C0EB019A3F66-SegmentedRaftLog:OPENED:c-1, conf=-1: [b88517ff-a734-4baa-8e75-48c6a6d5a3f3|rpc:10.1.0.20:38005|priority:1, 6d03a90d-b393-4c2b-aa32-f45668f1c5ca|rpc:10.1.0.20:39877|priority:0, ac679b26-c737-4eb4-ba39-fe3b144a3424|rpc:10.1.0.20:34833|priority:0], old=null
2022-07-12 21:06:32,447 [ac679b26-c737-4eb4-ba39-fe3b144a3424@group-C0EB019A3F66-LeaderElection33] INFO  impl.LeaderElection (LeaderElection.java:logAndReturn(90)) - ac679b26-c737-4eb4-ba39-fe3b144a3424@group-C0EB019A3F66-LeaderElection33: ELECTION REJECTED received 1 response(s) and 0 exception(s):
2022-07-12 21:06:32,447 [ac679b26-c737-4eb4-ba39-fe3b144a3424@group-C0EB019A3F66-LeaderElection33] INFO  impl.LeaderElection (LeaderElection.java:logAndReturn(94)) -   Response 0: ac679b26-c737-4eb4-ba39-fe3b144a3424<-b88517ff-a734-4baa-8e75-48c6a6d5a3f3#0:FAIL-t2
2022-07-12 21:06:32,447 [ac679b26-c737-4eb4-ba39-fe3b144a3424@group-C0EB019A3F66-LeaderElection33] INFO  impl.LeaderElection (LeaderElection.java:askForVotes(312)) - ac679b26-c737-4eb4-ba39-fe3b144a3424@group-C0EB019A3F66-LeaderElection33 ELECTION round 0: result REJECTED
2022-07-12 21:06:32,447 [ac679b26-c737-4eb4-ba39-fe3b144a3424@group-C0EB019A3F66-LeaderElection33] INFO  server.RaftServer$Division (RaftServerImpl.java:setRole(299)) - ac679b26-c737-4eb4-ba39-fe3b144a3424@group-C0EB019A3F66: changes role from CANDIDATE to FOLLOWER at term 2 for REJECTED
2022-07-12 21:06:32,447 [ac679b26-c737-4eb4-ba39-fe3b144a3424@group-C0EB019A3F66-LeaderElection33] INFO  impl.RoleInfo (RoleInfo.java:shutdownLeaderElection(130)) - ac679b26-c737-4eb4-ba39-fe3b144a3424: shutdown ac679b26-c737-4eb4-ba39-fe3b144a3424@group-C0EB019A3F66-LeaderElection33
2022-07-12 21:06:32,448 [ac679b26-c737-4eb4-ba39-fe3b144a3424@group-C0EB019A3F66-LeaderElection33] INFO  impl.RoleInfo (RoleInfo.java:updateAndGet(139)) - ac679b26-c737-4eb4-ba39-fe3b144a3424: start ac679b26-c737-4eb4-ba39-fe3b144a3424@group-C0EB019A3F66-FollowerState
]]></system-out>
  </testcase>
  <testcase name="testBucketDefaultsShouldNotBeInheritedToFileForNonEC" classname="TestRootedOzoneFileSystem" time="0.75">
    <system-out><![CDATA[2022-07-12 21:07:51,077 [a8440338-9c05-4a69-82ce-0c098fe5e8a5@group-FB272FC9E82A-LeaderElection49] INFO  server.RaftServer$Division (ServerState.java:setRaftConf(393)) - a8440338-9c05-4a69-82ce-0c098fe5e8a5@group-FB272FC9E82A: set configuration 0: [a8440338-9c05-4a69-82ce-0c098fe5e8a5|rpc:10.1.0.20:39637|dataStream:|priority:1], old=null
2022-07-12 21:07:51,256 [Time-limited test] INFO  rpc.RpcClient (RpcClient.java:createVolume(466)) - Creating Volume: volume35337, with user36308 as owner and space quota set to -1 bytes, counts quota set to -1
2022-07-12 21:07:51,266 [OM StateMachine ApplyTransaction Thread - 0] INFO  volume.OMVolumeCreateRequest (OMVolumeCreateRequest.java:validateAndUpdateCache(195)) - created volume:volume35337 for user:user36308
2022-07-12 21:07:51,268 [Time-limited test] INFO  rpc.RpcClient (RpcClient.java:createBucket(669)) - Creating Bucket: volume35337/bucket31672, with bucket layout LEGACY, runner as owner, Versioning false, Storage Type set to DISK and Encryption set to false 
2022-07-12 21:07:51,270 [OM StateMachine ApplyTransaction Thread - 0] INFO  bucket.OMBucketCreateRequest (OMBucketCreateRequest.java:validateAndUpdateCache(260)) - created bucket: bucket31672 of layout LEGACY in volume: volume35337
2022-07-12 21:07:51,369 [Time-limited test] INFO  rpc.RpcClient (RpcClient.java:createVolume(466)) - Creating Volume: 719f005b-7ce7-4497-a3c4-5a0502a87ab3, with user97721 as owner and space quota set to -1 bytes, counts quota set to -1
2022-07-12 21:07:51,373 [OM StateMachine ApplyTransaction Thread - 0] INFO  volume.OMVolumeCreateRequest (OMVolumeCreateRequest.java:validateAndUpdateCache(195)) - created volume:719f005b-7ce7-4497-a3c4-5a0502a87ab3 for user:user97721
2022-07-12 21:07:51,376 [Time-limited test] INFO  rpc.RpcClient (RpcClient.java:createBucket(669)) - Creating Bucket: 719f005b-7ce7-4497-a3c4-5a0502a87ab3/c4f6f902-b53b-49e0-ad8b-4a2eba0e140d, with bucket layout LEGACY, runner as owner, Versioning false, Storage Type set to DISK and Encryption set to false 
2022-07-12 21:07:51,378 [OM StateMachine ApplyTransaction Thread - 0] INFO  bucket.OMBucketCreateRequest (OMBucketCreateRequest.java:validateAndUpdateCache(260)) - created bucket: c4f6f902-b53b-49e0-ad8b-4a2eba0e140d of layout LEGACY in volume: 719f005b-7ce7-4497-a3c4-5a0502a87ab3
2022-07-12 21:07:51,713 [29d43e8b-b8c3-435a-bf60-ec797ee46bf5@group-B6676DE81A3B-FollowerState] INFO  impl.FollowerState (FollowerState.java:run(143)) - 29d43e8b-b8c3-435a-bf60-ec797ee46bf5@group-B6676DE81A3B-FollowerState: change to CANDIDATE, lastRpcElapsedTime:5171703957ns, electionTimeout:5136ms
2022-07-12 21:07:51,713 [29d43e8b-b8c3-435a-bf60-ec797ee46bf5@group-B6676DE81A3B-FollowerState] INFO  impl.RoleInfo (RoleInfo.java:shutdownFollowerState(110)) - 29d43e8b-b8c3-435a-bf60-ec797ee46bf5: shutdown 29d43e8b-b8c3-435a-bf60-ec797ee46bf5@group-B6676DE81A3B-FollowerState
2022-07-12 21:07:51,713 [29d43e8b-b8c3-435a-bf60-ec797ee46bf5@group-B6676DE81A3B-FollowerState] INFO  server.RaftServer$Division (RaftServerImpl.java:setRole(299)) - 29d43e8b-b8c3-435a-bf60-ec797ee46bf5@group-B6676DE81A3B: changes role from  FOLLOWER to CANDIDATE at term 1 for changeToCandidate
2022-07-12 21:07:51,713 [29d43e8b-b8c3-435a-bf60-ec797ee46bf5@group-B6676DE81A3B-FollowerState] INFO  server.RaftServerConfigKeys (ConfUtils.java:logGet(46)) - raft.server.leaderelection.pre-vote = false (custom)
2022-07-12 21:07:51,713 [29d43e8b-b8c3-435a-bf60-ec797ee46bf5@group-B6676DE81A3B-FollowerState] INFO  impl.RoleInfo (RoleInfo.java:updateAndGet(139)) - 29d43e8b-b8c3-435a-bf60-ec797ee46bf5: start 29d43e8b-b8c3-435a-bf60-ec797ee46bf5@group-B6676DE81A3B-LeaderElection50
]]></system-out>
  </testcase>
  <testcase name="testBucketDefaultsShouldNotBeInheritedToFileForNonEC" classname="TestRootedOzoneFileSystem" time="0.623">
    <system-out><![CDATA[2022-07-12 21:09:32,024 [76813abd-30d7-4706-b809-3e10cf795ab1@group-C3BB33E871CC-FollowerState] INFO  impl.FollowerState (FollowerState.java:run(152)) - 76813abd-30d7-4706-b809-3e10cf795ab1@group-C3BB33E871CC-FollowerState was interrupted
2022-07-12 21:09:32,024 [grpc-default-executor-1] INFO  impl.RoleInfo (RoleInfo.java:updateAndGet(139)) - 76813abd-30d7-4706-b809-3e10cf795ab1: start 76813abd-30d7-4706-b809-3e10cf795ab1@group-C3BB33E871CC-FollowerState
2022-07-12 21:09:32,034 [grpc-default-executor-1] INFO  server.RaftServer$Division (RaftServerImpl.java:requestVote(1184)) - 76813abd-30d7-4706-b809-3e10cf795ab1@group-C3BB33E871CC replies to ELECTION vote request: 024a366d-d9bd-4389-bd26-fa648e81fb63<-76813abd-30d7-4706-b809-3e10cf795ab1#0:FAIL-t4. Peer's state: 76813abd-30d7-4706-b809-3e10cf795ab1@group-C3BB33E871CC:t4, leader=null, voted=null, raftlog=76813abd-30d7-4706-b809-3e10cf795ab1@group-C3BB33E871CC-SegmentedRaftLog:OPENED:c-1, conf=-1: [76813abd-30d7-4706-b809-3e10cf795ab1|rpc:10.1.0.20:33965|dataStream:|priority:1, 9ca81a7d-c27a-485e-9d50-743190b649b9|rpc:10.1.0.20:33467|dataStream:|priority:0, 024a366d-d9bd-4389-bd26-fa648e81fb63|rpc:10.1.0.20:34045|dataStream:|priority:0], old=null
2022-07-12 21:09:32,035 [024a366d-d9bd-4389-bd26-fa648e81fb63@group-C3BB33E871CC-LeaderElection71] INFO  impl.LeaderElection (LeaderElection.java:logAndReturn(90)) - 024a366d-d9bd-4389-bd26-fa648e81fb63@group-C3BB33E871CC-LeaderElection71: ELECTION REJECTED received 1 response(s) and 0 exception(s):
2022-07-12 21:09:32,036 [024a366d-d9bd-4389-bd26-fa648e81fb63@group-C3BB33E871CC-LeaderElection71] INFO  impl.LeaderElection (LeaderElection.java:logAndReturn(94)) -   Response 0: 024a366d-d9bd-4389-bd26-fa648e81fb63<-76813abd-30d7-4706-b809-3e10cf795ab1#0:FAIL-t4
2022-07-12 21:09:32,036 [024a366d-d9bd-4389-bd26-fa648e81fb63@group-C3BB33E871CC-LeaderElection71] INFO  impl.LeaderElection (LeaderElection.java:askForVotes(312)) - 024a366d-d9bd-4389-bd26-fa648e81fb63@group-C3BB33E871CC-LeaderElection71 ELECTION round 0: result REJECTED
2022-07-12 21:09:32,036 [024a366d-d9bd-4389-bd26-fa648e81fb63@group-C3BB33E871CC-LeaderElection71] INFO  server.RaftServer$Division (RaftServerImpl.java:setRole(299)) - 024a366d-d9bd-4389-bd26-fa648e81fb63@group-C3BB33E871CC: changes role from CANDIDATE to FOLLOWER at term 4 for REJECTED
2022-07-12 21:09:32,036 [024a366d-d9bd-4389-bd26-fa648e81fb63@group-C3BB33E871CC-LeaderElection71] INFO  impl.RoleInfo (RoleInfo.java:shutdownLeaderElection(130)) - 024a366d-d9bd-4389-bd26-fa648e81fb63: shutdown 024a366d-d9bd-4389-bd26-fa648e81fb63@group-C3BB33E871CC-LeaderElection71
2022-07-12 21:09:32,036 [024a366d-d9bd-4389-bd26-fa648e81fb63@group-C3BB33E871CC-LeaderElection71] INFO  impl.RoleInfo (RoleInfo.java:updateAndGet(139)) - 024a366d-d9bd-4389-bd26-fa648e81fb63: start 024a366d-d9bd-4389-bd26-fa648e81fb63@group-C3BB33E871CC-FollowerState
2022-07-12 21:09:32,088 [grpc-default-executor-2] INFO  server.RaftServer$Division (RaftServerImpl.java:requestVote(1184)) - 9ca81a7d-c27a-485e-9d50-743190b649b9@group-C3BB33E871CC replies to ELECTION vote request: 024a366d-d9bd-4389-bd26-fa648e81fb63<-9ca81a7d-c27a-485e-9d50-743190b649b9#0:OK-t4. Peer's state: 9ca81a7d-c27a-485e-9d50-743190b649b9@group-C3BB33E871CC:t4, leader=null, voted=024a366d-d9bd-4389-bd26-fa648e81fb63, raftlog=9ca81a7d-c27a-485e-9d50-743190b649b9@group-C3BB33E871CC-SegmentedRaftLog:OPENED:c-1, conf=-1: [76813abd-30d7-4706-b809-3e10cf795ab1|rpc:10.1.0.20:33965|priority:1, 9ca81a7d-c27a-485e-9d50-743190b649b9|rpc:10.1.0.20:33467|priority:0, 024a366d-d9bd-4389-bd26-fa648e81fb63|rpc:10.1.0.20:34045|priority:0], old=null
2022-07-12 21:09:32,273 [Time-limited test] INFO  rpc.RpcClient (RpcClient.java:createVolume(466)) - Creating Volume: volume36948, with user95111 as owner and space quota set to -1 bytes, counts quota set to -1
2022-07-12 21:09:32,277 [IPC Server handler 18 on default port 32899] INFO  volume.OMVolumeCreateRequest (OMVolumeCreateRequest.java:validateAndUpdateCache(195)) - created volume:volume36948 for user:user95111
2022-07-12 21:09:32,285 [Time-limited test] INFO  rpc.RpcClient (RpcClient.java:createBucket(669)) - Creating Bucket: volume36948/bucket63920, with bucket layout LEGACY, runner as owner, Versioning false, Storage Type set to DISK and Encryption set to false 
2022-07-12 21:09:32,285 [IPC Server handler 1 on default port 32899] INFO  bucket.OMBucketCreateRequest (OMBucketCreateRequest.java:validateAndUpdateCache(260)) - created bucket: bucket63920 of layout LEGACY in volume: volume36948
2022-07-12 21:09:32,364 [Time-limited test] INFO  rpc.RpcClient (RpcClient.java:createVolume(466)) - Creating Volume: dd33d530-16cb-46de-b455-080a7bbfb62e, with user37185 as owner and space quota set to -1 bytes, counts quota set to -1
2022-07-12 21:09:32,364 [IPC Server handler 8 on default port 32899] INFO  volume.OMVolumeCreateRequest (OMVolumeCreateRequest.java:validateAndUpdateCache(195)) - created volume:dd33d530-16cb-46de-b455-080a7bbfb62e for user:user37185
2022-07-12 21:09:32,365 [Time-limited test] INFO  rpc.RpcClient (RpcClient.java:createBucket(669)) - Creating Bucket: dd33d530-16cb-46de-b455-080a7bbfb62e/d9b95c46-d9aa-4050-a226-f1c9fccae728, with bucket layout LEGACY, runner as owner, Versioning false, Storage Type set to DISK and Encryption set to false 
2022-07-12 21:09:32,366 [IPC Server handler 9 on default port 32899] INFO  bucket.OMBucketCreateRequest (OMBucketCreateRequest.java:validateAndUpdateCache(260)) - created bucket: d9b95c46-d9aa-4050-a226-f1c9fccae728 of layout LEGACY in volume: dd33d530-16cb-46de-b455-080a7bbfb62e
]]></system-out>
  </testcase>
  <testcase name="testTrash" classname="TestRootedOzoneFileSystem" time="0">
    <skipped/>
  </testcase>
  <testcase name="testTrash" classname="TestRootedOzoneFileSystem" time="0">
    <skipped/>
  </testcase>
  <testcase name="testTrash" classname="TestRootedOzoneFileSystem" time="0">
    <skipped/>
  </testcase>
  <testcase name="testTrash" classname="TestRootedOzoneFileSystem" time="0">
    <skipped/>
  </testcase>
  <testcase name="testTrash" classname="TestRootedOzoneFileSystem" time="0">
    <skipped/>
  </testcase>
  <testcase name="testRenameDestinationParentDoesntExist" classname="TestRootedOzoneFileSystem" time="0.186">
    <system-out><![CDATA[2022-07-12 21:04:07,083 [7b64d61e-992d-46f7-bdd8-85e232d42a6f@group-BAC479CA027A-FollowerState] INFO  impl.FollowerState (FollowerState.java:run(143)) - 7b64d61e-992d-46f7-bdd8-85e232d42a6f@group-BAC479CA027A-FollowerState: change to CANDIDATE, lastRpcElapsedTime:5091639147ns, electionTimeout:5089ms
2022-07-12 21:04:07,083 [7b64d61e-992d-46f7-bdd8-85e232d42a6f@group-BAC479CA027A-FollowerState] INFO  impl.RoleInfo (RoleInfo.java:shutdownFollowerState(110)) - 7b64d61e-992d-46f7-bdd8-85e232d42a6f: shutdown 7b64d61e-992d-46f7-bdd8-85e232d42a6f@group-BAC479CA027A-FollowerState
2022-07-12 21:04:07,083 [7b64d61e-992d-46f7-bdd8-85e232d42a6f@group-BAC479CA027A-FollowerState] INFO  server.RaftServer$Division (RaftServerImpl.java:setRole(299)) - 7b64d61e-992d-46f7-bdd8-85e232d42a6f@group-BAC479CA027A: changes role from  FOLLOWER to CANDIDATE at term 1 for changeToCandidate
2022-07-12 21:04:07,083 [7b64d61e-992d-46f7-bdd8-85e232d42a6f@group-BAC479CA027A-FollowerState] INFO  server.RaftServerConfigKeys (ConfUtils.java:logGet(46)) - raft.server.leaderelection.pre-vote = false (custom)
2022-07-12 21:04:07,083 [7b64d61e-992d-46f7-bdd8-85e232d42a6f@group-BAC479CA027A-FollowerState] INFO  impl.RoleInfo (RoleInfo.java:updateAndGet(139)) - 7b64d61e-992d-46f7-bdd8-85e232d42a6f: start 7b64d61e-992d-46f7-bdd8-85e232d42a6f@group-BAC479CA027A-LeaderElection11
2022-07-12 21:04:07,094 [7b64d61e-992d-46f7-bdd8-85e232d42a6f@group-BAC479CA027A-LeaderElection11] INFO  impl.LeaderElection (LeaderElection.java:askForVotes(310)) - 7b64d61e-992d-46f7-bdd8-85e232d42a6f@group-BAC479CA027A-LeaderElection11 ELECTION round 0: submit vote requests at term 2 for -1: [7b64d61e-992d-46f7-bdd8-85e232d42a6f|rpc:10.1.0.20:38563|dataStream:|priority:1, a2583cd9-0c52-4aa7-80e6-e7269a14a582|rpc:10.1.0.20:44379|dataStream:|priority:0, b22e6e25-1e95-4e3d-b66d-658eeab2c33a|rpc:10.1.0.20:45285|dataStream:|priority:0], old=null
2022-07-12 21:04:07,102 [grpc-default-executor-2] INFO  server.RaftServer$Division (RaftServerImpl.java:requestVote(1152)) - a2583cd9-0c52-4aa7-80e6-e7269a14a582@group-BAC479CA027A: receive requestVote(ELECTION, 7b64d61e-992d-46f7-bdd8-85e232d42a6f, group-BAC479CA027A, 2, (t:0, i:0))
2022-07-12 21:04:07,103 [grpc-default-executor-2] INFO  impl.VoteContext (VoteContext.java:log(48)) - a2583cd9-0c52-4aa7-80e6-e7269a14a582@group-BAC479CA027A-FOLLOWER: accept ELECTION from 7b64d61e-992d-46f7-bdd8-85e232d42a6f: our priority 0 <= candidate's priority 1
2022-07-12 21:04:07,103 [grpc-default-executor-2] INFO  server.RaftServer$Division (RaftServerImpl.java:setRole(299)) - a2583cd9-0c52-4aa7-80e6-e7269a14a582@group-BAC479CA027A: changes role from  FOLLOWER to FOLLOWER at term 2 for candidate:7b64d61e-992d-46f7-bdd8-85e232d42a6f
2022-07-12 21:04:07,103 [grpc-default-executor-2] INFO  impl.RoleInfo (RoleInfo.java:shutdownFollowerState(110)) - a2583cd9-0c52-4aa7-80e6-e7269a14a582: shutdown a2583cd9-0c52-4aa7-80e6-e7269a14a582@group-BAC479CA027A-FollowerState
2022-07-12 21:04:07,103 [grpc-default-executor-2] INFO  impl.RoleInfo (RoleInfo.java:updateAndGet(139)) - a2583cd9-0c52-4aa7-80e6-e7269a14a582: start a2583cd9-0c52-4aa7-80e6-e7269a14a582@group-BAC479CA027A-FollowerState
2022-07-12 21:04:07,104 [a2583cd9-0c52-4aa7-80e6-e7269a14a582@group-BAC479CA027A-FollowerState] INFO  impl.FollowerState (FollowerState.java:run(152)) - a2583cd9-0c52-4aa7-80e6-e7269a14a582@group-BAC479CA027A-FollowerState was interrupted
2022-07-12 21:04:07,109 [grpc-default-executor-2] INFO  server.RaftServer$Division (RaftServerImpl.java:requestVote(1184)) - a2583cd9-0c52-4aa7-80e6-e7269a14a582@group-BAC479CA027A replies to ELECTION vote request: 7b64d61e-992d-46f7-bdd8-85e232d42a6f<-a2583cd9-0c52-4aa7-80e6-e7269a14a582#0:OK-t2. Peer's state: a2583cd9-0c52-4aa7-80e6-e7269a14a582@group-BAC479CA027A:t2, leader=null, voted=7b64d61e-992d-46f7-bdd8-85e232d42a6f, raftlog=a2583cd9-0c52-4aa7-80e6-e7269a14a582@group-BAC479CA027A-SegmentedRaftLog:OPENED:c-1, conf=-1: [7b64d61e-992d-46f7-bdd8-85e232d42a6f|rpc:10.1.0.20:38563|priority:1, a2583cd9-0c52-4aa7-80e6-e7269a14a582|rpc:10.1.0.20:44379|priority:0, b22e6e25-1e95-4e3d-b66d-658eeab2c33a|rpc:10.1.0.20:45285|priority:0], old=null
2022-07-12 21:04:07,111 [7b64d61e-992d-46f7-bdd8-85e232d42a6f@group-BAC479CA027A-LeaderElection11] INFO  impl.LeaderElection (LeaderElection.java:logAndReturn(90)) - 7b64d61e-992d-46f7-bdd8-85e232d42a6f@group-BAC479CA027A-LeaderElection11: ELECTION PASSED received 1 response(s) and 0 exception(s):
2022-07-12 21:04:07,111 [7b64d61e-992d-46f7-bdd8-85e232d42a6f@group-BAC479CA027A-LeaderElection11] INFO  impl.LeaderElection (LeaderElection.java:logAndReturn(94)) -   Response 0: 7b64d61e-992d-46f7-bdd8-85e232d42a6f<-a2583cd9-0c52-4aa7-80e6-e7269a14a582#0:OK-t2
2022-07-12 21:04:07,111 [7b64d61e-992d-46f7-bdd8-85e232d42a6f@group-BAC479CA027A-LeaderElection11] INFO  impl.LeaderElection (LeaderElection.java:askForVotes(312)) - 7b64d61e-992d-46f7-bdd8-85e232d42a6f@group-BAC479CA027A-LeaderElection11 ELECTION round 0: result PASSED
2022-07-12 21:04:07,111 [7b64d61e-992d-46f7-bdd8-85e232d42a6f@group-BAC479CA027A-LeaderElection11] INFO  impl.RoleInfo (RoleInfo.java:shutdownLeaderElection(130)) - 7b64d61e-992d-46f7-bdd8-85e232d42a6f: shutdown 7b64d61e-992d-46f7-bdd8-85e232d42a6f@group-BAC479CA027A-LeaderElection11
2022-07-12 21:04:07,111 [7b64d61e-992d-46f7-bdd8-85e232d42a6f@group-BAC479CA027A-LeaderElection11] INFO  server.RaftServer$Division (RaftServerImpl.java:setRole(299)) - 7b64d61e-992d-46f7-bdd8-85e232d42a6f@group-BAC479CA027A: changes role from CANDIDATE to LEADER at term 2 for changeToLeader
2022-07-12 21:04:07,112 [7b64d61e-992d-46f7-bdd8-85e232d42a6f@group-BAC479CA027A-LeaderElection11] INFO  ratis.XceiverServerRatis (XceiverServerRatis.java:handleLeaderChangedNotification(863)) - Leader change notification received for group: group-BAC479CA027A with new leaderId: 7b64d61e-992d-46f7-bdd8-85e232d42a6f
2022-07-12 21:04:07,112 [7b64d61e-992d-46f7-bdd8-85e232d42a6f@group-BAC479CA027A-LeaderElection11] INFO  server.RaftServer$Division (ServerState.java:setLeader(287)) - 7b64d61e-992d-46f7-bdd8-85e232d42a6f@group-BAC479CA027A: change Leader from null to 7b64d61e-992d-46f7-bdd8-85e232d42a6f at term 2 for becomeLeader, leader elected after 9751ms
2022-07-12 21:04:07,112 [7b64d61e-992d-46f7-bdd8-85e232d42a6f@group-BAC479CA027A-LeaderElection11] INFO  server.RaftServerConfigKeys (ConfUtils.java:logGet(46)) - raft.server.staging.catchup.gap = 1000 (default)
2022-07-12 21:04:07,112 [7b64d61e-992d-46f7-bdd8-85e232d42a6f@group-BAC479CA027A-LeaderElection11] INFO  server.RaftServerConfigKeys (ConfUtils.java:logGet(46)) - raft.server.write.element-limit = 1024 (custom)
2022-07-12 21:04:07,112 [7b64d61e-992d-46f7-bdd8-85e232d42a6f@group-BAC479CA027A-LeaderElection11] INFO  server.RaftServerConfigKeys (ConfUtils.java:logGet(46)) - raft.server.write.byte-limit = 1024 M (=1073741824) (custom)
2022-07-12 21:04:07,113 [7b64d61e-992d-46f7-bdd8-85e232d42a6f@group-BAC479CA027A-LeaderElection11] INFO  server.RaftServerConfigKeys (ConfUtils.java:logGet(46)) - raft.server.watch.timeout = 180s (custom)
2022-07-12 21:04:07,113 [7b64d61e-992d-46f7-bdd8-85e232d42a6f@group-BAC479CA027A-LeaderElection11] INFO  server.RaftServerConfigKeys (ConfUtils.java:logGet(46)) - raft.server.watch.timeout.denomination = 1s (default)
2022-07-12 21:04:07,113 [7b64d61e-992d-46f7-bdd8-85e232d42a6f@group-BAC479CA027A-LeaderElection11] INFO  server.RaftServerConfigKeys (ConfUtils.java:logGet(46)) - raft.server.watch.element-limit = 65536 (default)
2022-07-12 21:04:07,113 [7b64d61e-992d-46f7-bdd8-85e232d42a6f@group-BAC479CA027A-LeaderElection11] INFO  server.RaftServerConfigKeys (ConfUtils.java:logGet(46)) - raft.server.write.element-limit = 1024 (custom)
2022-07-12 21:04:07,113 [7b64d61e-992d-46f7-bdd8-85e232d42a6f@group-BAC479CA027A-LeaderElection11] INFO  server.RaftServerConfigKeys (ConfUtils.java:logGet(46)) - raft.server.write.follower.gap.ratio.max = -1.0 (default)
2022-07-12 21:04:07,114 [7b64d61e-992d-46f7-bdd8-85e232d42a6f@group-BAC479CA027A-LeaderElection11] INFO  server.RaftServerConfigKeys (ConfUtils.java:logGet(46)) - raft.server.log.appender.snapshot.chunk.size.max = 16MB (=16777216) (default)
2022-07-12 21:04:07,114 [7b64d61e-992d-46f7-bdd8-85e232d42a6f@group-BAC479CA027A-LeaderElection11] INFO  server.RaftServerConfigKeys (ConfUtils.java:logGet(46)) - raft.server.log.appender.buffer.byte-limit = 33554432 (custom)
2022-07-12 21:04:07,114 [7b64d61e-992d-46f7-bdd8-85e232d42a6f@group-BAC479CA027A-LeaderElection11] INFO  server.RaftServerConfigKeys (ConfUtils.java:logGet(46)) - raft.server.log.appender.buffer.element-limit = 1 (custom)
2022-07-12 21:04:07,116 [EventQueue-PipelineReportForPipelineReportHandler] INFO  pipeline.PipelineManagerImpl (PipelineManagerImpl.java:openPipeline(359)) - Pipeline Pipeline[ Id: 2b415d15-d4fd-4c8d-b5b8-bac479ca027a, Nodes: b22e6e25-1e95-4e3d-b66d-658eeab2c33a{ip: 10.1.0.20, host: fv-az452-57.ku3lqr0aiaqu5kfj3xdpchcrvd.dx.internal.cloudapp.net, ports: [REPLICATION=43729, RATIS=45285, RATIS_ADMIN=45285, RATIS_SERVER=45285, STANDALONE=46647], networkLocation: /default-rack, certSerialId: null, persistedOpState: IN_SERVICE, persistedOpStateExpiryEpochSec: 0}7b64d61e-992d-46f7-bdd8-85e232d42a6f{ip: 10.1.0.20, host: fv-az452-57.ku3lqr0aiaqu5kfj3xdpchcrvd.dx.internal.cloudapp.net, ports: [REPLICATION=35039, RATIS=38563, RATIS_ADMIN=38563, RATIS_SERVER=38563, STANDALONE=34815], networkLocation: /default-rack, certSerialId: null, persistedOpState: IN_SERVICE, persistedOpStateExpiryEpochSec: 0}a2583cd9-0c52-4aa7-80e6-e7269a14a582{ip: 10.1.0.20, host: fv-az452-57.ku3lqr0aiaqu5kfj3xdpchcrvd.dx.internal.cloudapp.net, ports: [REPLICATION=44645, RATIS=44379, RATIS_ADMIN=44379, RATIS_SERVER=44379, STANDALONE=37647], networkLocation: /default-rack, certSerialId: null, persistedOpState: IN_SERVICE, persistedOpStateExpiryEpochSec: 0}, ReplicationConfig: RATIS/THREE, State:ALLOCATED, leaderId:7b64d61e-992d-46f7-bdd8-85e232d42a6f, CreationTimestamp2022-07-12T21:03:54.661Z[Etc/UTC]] moved to OPEN state
2022-07-12 21:04:07,117 [grpc-default-executor-2] INFO  server.RaftServer$Division (RaftServerImpl.java:requestVote(1152)) - b22e6e25-1e95-4e3d-b66d-658eeab2c33a@group-BAC479CA027A: receive requestVote(ELECTION, 7b64d61e-992d-46f7-bdd8-85e232d42a6f, group-BAC479CA027A, 2, (t:0, i:0))
2022-07-12 21:04:07,124 [grpc-default-executor-2] INFO  impl.VoteContext (VoteContext.java:log(48)) - b22e6e25-1e95-4e3d-b66d-658eeab2c33a@group-BAC479CA027A-FOLLOWER: accept ELECTION from 7b64d61e-992d-46f7-bdd8-85e232d42a6f: our priority 0 <= candidate's priority 1
2022-07-12 21:04:07,124 [grpc-default-executor-2] INFO  server.RaftServer$Division (RaftServerImpl.java:setRole(299)) - b22e6e25-1e95-4e3d-b66d-658eeab2c33a@group-BAC479CA027A: changes role from  FOLLOWER to FOLLOWER at term 2 for candidate:7b64d61e-992d-46f7-bdd8-85e232d42a6f
2022-07-12 21:04:07,125 [grpc-default-executor-2] INFO  impl.RoleInfo (RoleInfo.java:shutdownFollowerState(110)) - b22e6e25-1e95-4e3d-b66d-658eeab2c33a: shutdown b22e6e25-1e95-4e3d-b66d-658eeab2c33a@group-BAC479CA027A-FollowerState
2022-07-12 21:04:07,125 [grpc-default-executor-2] INFO  impl.RoleInfo (RoleInfo.java:updateAndGet(139)) - b22e6e25-1e95-4e3d-b66d-658eeab2c33a: start b22e6e25-1e95-4e3d-b66d-658eeab2c33a@group-BAC479CA027A-FollowerState
2022-07-12 21:04:07,126 [b22e6e25-1e95-4e3d-b66d-658eeab2c33a@group-BAC479CA027A-FollowerState] INFO  impl.FollowerState (FollowerState.java:run(152)) - b22e6e25-1e95-4e3d-b66d-658eeab2c33a@group-BAC479CA027A-FollowerState was interrupted
2022-07-12 21:04:07,125 [Time-limited test] INFO  rpc.RpcClient (RpcClient.java:createVolume(466)) - Creating Volume: volume71443, with user98075 as owner and space quota set to -1 bytes, counts quota set to -1
2022-07-12 21:04:07,132 [grpc-default-executor-2] INFO  server.RaftServer$Division (RaftServerImpl.java:requestVote(1184)) - b22e6e25-1e95-4e3d-b66d-658eeab2c33a@group-BAC479CA027A replies to ELECTION vote request: 7b64d61e-992d-46f7-bdd8-85e232d42a6f<-b22e6e25-1e95-4e3d-b66d-658eeab2c33a#0:OK-t2. Peer's state: b22e6e25-1e95-4e3d-b66d-658eeab2c33a@group-BAC479CA027A:t2, leader=null, voted=7b64d61e-992d-46f7-bdd8-85e232d42a6f, raftlog=b22e6e25-1e95-4e3d-b66d-658eeab2c33a@group-BAC479CA027A-SegmentedRaftLog:OPENED:c-1, conf=-1: [7b64d61e-992d-46f7-bdd8-85e232d42a6f|rpc:10.1.0.20:38563|priority:1, a2583cd9-0c52-4aa7-80e6-e7269a14a582|rpc:10.1.0.20:44379|priority:0, b22e6e25-1e95-4e3d-b66d-658eeab2c33a|rpc:10.1.0.20:45285|priority:0], old=null
2022-07-12 21:04:07,114 [7b64d61e-992d-46f7-bdd8-85e232d42a6f@group-BAC479CA027A-LeaderElection11] INFO  grpc.GrpcConfigKeys (ConfUtils.java:logGet(46)) - raft.grpc.server.leader.outstanding.appends.max = 128 (default)
2022-07-12 21:04:07,133 [7b64d61e-992d-46f7-bdd8-85e232d42a6f@group-BAC479CA027A-LeaderElection11] INFO  server.RaftServerConfigKeys (ConfUtils.java:logGet(46)) - raft.server.rpc.request.timeout = 60s (custom)
2022-07-12 21:04:07,133 [7b64d61e-992d-46f7-bdd8-85e232d42a6f@group-BAC479CA027A-LeaderElection11] INFO  server.RaftServerConfigKeys (ConfUtils.java:logGet(46)) - raft.server.log.appender.install.snapshot.enabled = false (custom)
2022-07-12 21:04:07,133 [7b64d61e-992d-46f7-bdd8-85e232d42a6f@group-BAC479CA027A-LeaderElection11] INFO  server.RaftServerConfigKeys (ConfUtils.java:logGet(46)) - raft.server.log.appender.snapshot.chunk.size.max = 16MB (=16777216) (default)
2022-07-12 21:04:07,134 [7b64d61e-992d-46f7-bdd8-85e232d42a6f@group-BAC479CA027A-LeaderElection11] INFO  server.RaftServerConfigKeys (ConfUtils.java:logGet(46)) - raft.server.log.appender.buffer.byte-limit = 33554432 (custom)
2022-07-12 21:04:07,134 [7b64d61e-992d-46f7-bdd8-85e232d42a6f@group-BAC479CA027A-LeaderElection11] INFO  server.RaftServerConfigKeys (ConfUtils.java:logGet(46)) - raft.server.log.appender.buffer.element-limit = 1 (custom)
2022-07-12 21:04:07,134 [7b64d61e-992d-46f7-bdd8-85e232d42a6f@group-BAC479CA027A-LeaderElection11] INFO  grpc.GrpcConfigKeys (ConfUtils.java:logGet(46)) - raft.grpc.server.leader.outstanding.appends.max = 128 (default)
2022-07-12 21:04:07,134 [7b64d61e-992d-46f7-bdd8-85e232d42a6f@group-BAC479CA027A-LeaderElection11] INFO  server.RaftServerConfigKeys (ConfUtils.java:logGet(46)) - raft.server.rpc.request.timeout = 60s (custom)
2022-07-12 21:04:07,134 [7b64d61e-992d-46f7-bdd8-85e232d42a6f@group-BAC479CA027A-LeaderElection11] INFO  server.RaftServerConfigKeys (ConfUtils.java:logGet(46)) - raft.server.log.appender.install.snapshot.enabled = false (custom)
2022-07-12 21:04:07,134 [7b64d61e-992d-46f7-bdd8-85e232d42a6f@group-BAC479CA027A-LeaderElection11] INFO  impl.RoleInfo (RoleInfo.java:updateAndGet(139)) - 7b64d61e-992d-46f7-bdd8-85e232d42a6f: start 7b64d61e-992d-46f7-bdd8-85e232d42a6f@group-BAC479CA027A-LeaderStateImpl
2022-07-12 21:04:07,134 [7b64d61e-992d-46f7-bdd8-85e232d42a6f@group-BAC479CA027A-LeaderElection11] INFO  segmented.SegmentedRaftLogWorker (SegmentedRaftLogWorker.java:startLogSegment(425)) - 7b64d61e-992d-46f7-bdd8-85e232d42a6f@group-BAC479CA027A-SegmentedRaftLogWorker: Starting segment from index:0
2022-07-12 21:04:07,137 [7b64d61e-992d-46f7-bdd8-85e232d42a6f@group-BAC479CA027A-SegmentedRaftLogWorker] INFO  segmented.SegmentedRaftLogWorker (SegmentedRaftLogWorker.java:execute(629)) - 7b64d61e-992d-46f7-bdd8-85e232d42a6f@group-BAC479CA027A-SegmentedRaftLogWorker: created new log segment /home/runner/work/ozone/ozone/hadoop-ozone/integration-test/target/test-dir/MiniOzoneClusterImpl-602e3c1e-9006-4844-b6f6-7d75904803ac/datanode-2/data/ratis/2b415d15-d4fd-4c8d-b5b8-bac479ca027a/current/log_inprogress_0
2022-07-12 21:04:07,160 [7b64d61e-992d-46f7-bdd8-85e232d42a6f@group-BAC479CA027A-LeaderElection11] INFO  server.RaftServer$Division (ServerState.java:setRaftConf(393)) - 7b64d61e-992d-46f7-bdd8-85e232d42a6f@group-BAC479CA027A: set configuration 0: [7b64d61e-992d-46f7-bdd8-85e232d42a6f|rpc:10.1.0.20:38563|dataStream:|priority:1, a2583cd9-0c52-4aa7-80e6-e7269a14a582|rpc:10.1.0.20:44379|dataStream:|priority:0, b22e6e25-1e95-4e3d-b66d-658eeab2c33a|rpc:10.1.0.20:45285|dataStream:|priority:0], old=null
2022-07-12 21:04:07,145 [OM StateMachine ApplyTransaction Thread - 0] INFO  volume.OMVolumeCreateRequest (OMVolumeCreateRequest.java:validateAndUpdateCache(195)) - created volume:volume71443 for user:user98075
2022-07-12 21:04:07,162 [a2583cd9-0c52-4aa7-80e6-e7269a14a582-server-thread1] INFO  ratis.XceiverServerRatis (XceiverServerRatis.java:handleLeaderChangedNotification(863)) - Leader change notification received for group: group-BAC479CA027A with new leaderId: 7b64d61e-992d-46f7-bdd8-85e232d42a6f
2022-07-12 21:04:07,162 [a2583cd9-0c52-4aa7-80e6-e7269a14a582-server-thread1] INFO  server.RaftServer$Division (ServerState.java:setLeader(287)) - a2583cd9-0c52-4aa7-80e6-e7269a14a582@group-BAC479CA027A: change Leader from null to 7b64d61e-992d-46f7-bdd8-85e232d42a6f at term 2 for appendEntries, leader elected after 9819ms
2022-07-12 21:04:07,175 [b22e6e25-1e95-4e3d-b66d-658eeab2c33a-server-thread1] INFO  ratis.XceiverServerRatis (XceiverServerRatis.java:handleLeaderChangedNotification(863)) - Leader change notification received for group: group-BAC479CA027A with new leaderId: 7b64d61e-992d-46f7-bdd8-85e232d42a6f
2022-07-12 21:04:07,175 [b22e6e25-1e95-4e3d-b66d-658eeab2c33a-server-thread1] INFO  server.RaftServer$Division (ServerState.java:setLeader(287)) - b22e6e25-1e95-4e3d-b66d-658eeab2c33a@group-BAC479CA027A: change Leader from null to 7b64d61e-992d-46f7-bdd8-85e232d42a6f at term 2 for appendEntries, leader elected after 10437ms
2022-07-12 21:04:07,175 [Time-limited test] INFO  rpc.RpcClient (RpcClient.java:createBucket(669)) - Creating Bucket: volume71443/bucket81251, with bucket layout LEGACY, runner as owner, Versioning false, Storage Type set to DISK and Encryption set to false 
2022-07-12 21:04:07,177 [b22e6e25-1e95-4e3d-b66d-658eeab2c33a-server-thread1] INFO  server.RaftServer$Division (ServerState.java:setRaftConf(393)) - b22e6e25-1e95-4e3d-b66d-658eeab2c33a@group-BAC479CA027A: set configuration 0: [7b64d61e-992d-46f7-bdd8-85e232d42a6f|rpc:10.1.0.20:38563|dataStream:|priority:1, a2583cd9-0c52-4aa7-80e6-e7269a14a582|rpc:10.1.0.20:44379|dataStream:|priority:0, b22e6e25-1e95-4e3d-b66d-658eeab2c33a|rpc:10.1.0.20:45285|dataStream:|priority:0], old=null
2022-07-12 21:04:07,177 [b22e6e25-1e95-4e3d-b66d-658eeab2c33a-server-thread1] INFO  segmented.SegmentedRaftLogWorker (SegmentedRaftLogWorker.java:startLogSegment(425)) - b22e6e25-1e95-4e3d-b66d-658eeab2c33a@group-BAC479CA027A-SegmentedRaftLogWorker: Starting segment from index:0
2022-07-12 21:04:07,180 [OM StateMachine ApplyTransaction Thread - 0] INFO  bucket.OMBucketCreateRequest (OMBucketCreateRequest.java:validateAndUpdateCache(260)) - created bucket: bucket81251 of layout LEGACY in volume: volume71443
2022-07-12 21:04:07,180 [b22e6e25-1e95-4e3d-b66d-658eeab2c33a@group-BAC479CA027A-SegmentedRaftLogWorker] INFO  segmented.SegmentedRaftLogWorker (SegmentedRaftLogWorker.java:execute(629)) - b22e6e25-1e95-4e3d-b66d-658eeab2c33a@group-BAC479CA027A-SegmentedRaftLogWorker: created new log segment /home/runner/work/ozone/ozone/hadoop-ozone/integration-test/target/test-dir/MiniOzoneClusterImpl-602e3c1e-9006-4844-b6f6-7d75904803ac/datanode-0/data/ratis/2b415d15-d4fd-4c8d-b5b8-bac479ca027a/current/log_inprogress_0
21:04:07.194 [IPC Server handler 10 on default port 43377] ERROR OMAudit - user=runner | ip=127.0.0.1 | op=GET_FILE_STATUS {volume=volume71443, bucket=bucket81251, key=root_dir/b/c, dataSize=0, replicationConfig=null} | ret=FAILURE
org.apache.hadoop.ozone.om.exceptions.OMException: Unable to get file status: volume: volume71443 bucket: bucket81251 key: root_dir/b/c
	at org.apache.hadoop.ozone.om.KeyManagerImpl.getOzoneFileStatus(KeyManagerImpl.java:1311) ~[ozone-manager-1.3.0-SNAPSHOT.jar:?]
	at org.apache.hadoop.ozone.om.KeyManagerImpl.getFileStatus(KeyManagerImpl.java:1241) ~[ozone-manager-1.3.0-SNAPSHOT.jar:?]
	at org.apache.hadoop.ozone.om.OzoneManager.getFileStatus(OzoneManager.java:3419) ~[ozone-manager-1.3.0-SNAPSHOT.jar:?]
	at org.apache.hadoop.ozone.protocolPB.OzoneManagerRequestHandler.getOzoneFileStatus(OzoneManagerRequestHandler.java:871) ~[ozone-manager-1.3.0-SNAPSHOT.jar:?]
	at org.apache.hadoop.ozone.protocolPB.OzoneManagerRequestHandler.handleReadRequest(OzoneManagerRequestHandler.java:217) ~[ozone-manager-1.3.0-SNAPSHOT.jar:?]
	at org.apache.hadoop.ozone.protocolPB.OzoneManagerProtocolServerSideTranslatorPB.submitReadRequestToOM(OzoneManagerProtocolServerSideTranslatorPB.java:226) ~[ozone-manager-1.3.0-SNAPSHOT.jar:?]
	at org.apache.hadoop.ozone.protocolPB.OzoneManagerProtocolServerSideTranslatorPB.processRequest(OzoneManagerProtocolServerSideTranslatorPB.java:175) ~[ozone-manager-1.3.0-SNAPSHOT.jar:?]
	at org.apache.hadoop.hdds.server.OzoneProtocolMessageDispatcher.processRequest(OzoneProtocolMessageDispatcher.java:87) [hdds-server-framework-1.3.0-SNAPSHOT.jar:?]
	at org.apache.hadoop.ozone.protocolPB.OzoneManagerProtocolServerSideTranslatorPB.submitRequest(OzoneManagerProtocolServerSideTranslatorPB.java:147) [ozone-manager-1.3.0-SNAPSHOT.jar:?]
	at org.apache.hadoop.ozone.protocol.proto.OzoneManagerProtocolProtos$OzoneManagerService$2.callBlockingMethod(OzoneManagerProtocolProtos.java) [ozone-interface-client-1.3.0-SNAPSHOT.jar:?]
	at org.apache.hadoop.ipc.ProtobufRpcEngine$Server.processCall(ProtobufRpcEngine.java:466) [hadoop-common-3.3.1.jar:?]
	at org.apache.hadoop.ipc.ProtobufRpcEngine2$Server$ProtoBufRpcInvoker.call(ProtobufRpcEngine2.java:574) [hadoop-common-3.3.1.jar:?]
	at org.apache.hadoop.ipc.ProtobufRpcEngine2$Server$ProtoBufRpcInvoker.call(ProtobufRpcEngine2.java:552) [hadoop-common-3.3.1.jar:?]
	at org.apache.hadoop.ipc.RPC$Server.call(RPC.java:1093) [hadoop-common-3.3.1.jar:?]
	at org.apache.hadoop.ipc.Server$RpcCall.run(Server.java:1035) [hadoop-common-3.3.1.jar:?]
	at org.apache.hadoop.ipc.Server$RpcCall.run(Server.java:963) [hadoop-common-3.3.1.jar:?]
	at java.security.AccessController.doPrivileged(Native Method) ~[?:1.8.0_332]
	at javax.security.auth.Subject.doAs(Subject.java:422) [?:1.8.0_332]
	at org.apache.hadoop.security.UserGroupInformation.doAs(UserGroupInformation.java:1878) [hadoop-common-3.3.1.jar:?]
	at org.apache.hadoop.ipc.Server$Handler.run(Server.java:2966) [hadoop-common-3.3.1.jar:?]
2022-07-12 21:04:07,197 [a2583cd9-0c52-4aa7-80e6-e7269a14a582-server-thread1] INFO  server.RaftServer$Division (ServerState.java:setRaftConf(393)) - a2583cd9-0c52-4aa7-80e6-e7269a14a582@group-BAC479CA027A: set configuration 0: [7b64d61e-992d-46f7-bdd8-85e232d42a6f|rpc:10.1.0.20:38563|dataStream:|priority:1, a2583cd9-0c52-4aa7-80e6-e7269a14a582|rpc:10.1.0.20:44379|dataStream:|priority:0, b22e6e25-1e95-4e3d-b66d-658eeab2c33a|rpc:10.1.0.20:45285|dataStream:|priority:0], old=null
2022-07-12 21:04:07,197 [a2583cd9-0c52-4aa7-80e6-e7269a14a582-server-thread1] INFO  segmented.SegmentedRaftLogWorker (SegmentedRaftLogWorker.java:startLogSegment(425)) - a2583cd9-0c52-4aa7-80e6-e7269a14a582@group-BAC479CA027A-SegmentedRaftLogWorker: Starting segment from index:0
21:04:07.201 [IPC Server handler 0 on default port 43377] ERROR OMAudit - user=runner | ip=127.0.0.1 | op=GET_FILE_STATUS {volume=volume71443, bucket=bucket81251, key=root_dir/b, dataSize=0, replicationConfig=null} | ret=FAILURE
org.apache.hadoop.ozone.om.exceptions.OMException: Unable to get file status: volume: volume71443 bucket: bucket81251 key: root_dir/b
	at org.apache.hadoop.ozone.om.KeyManagerImpl.getOzoneFileStatus(KeyManagerImpl.java:1311) ~[ozone-manager-1.3.0-SNAPSHOT.jar:?]
	at org.apache.hadoop.ozone.om.KeyManagerImpl.getFileStatus(KeyManagerImpl.java:1241) ~[ozone-manager-1.3.0-SNAPSHOT.jar:?]
	at org.apache.hadoop.ozone.om.OzoneManager.getFileStatus(OzoneManager.java:3419) ~[ozone-manager-1.3.0-SNAPSHOT.jar:?]
	at org.apache.hadoop.ozone.protocolPB.OzoneManagerRequestHandler.getOzoneFileStatus(OzoneManagerRequestHandler.java:871) ~[ozone-manager-1.3.0-SNAPSHOT.jar:?]
	at org.apache.hadoop.ozone.protocolPB.OzoneManagerRequestHandler.handleReadRequest(OzoneManagerRequestHandler.java:217) ~[ozone-manager-1.3.0-SNAPSHOT.jar:?]
	at org.apache.hadoop.ozone.protocolPB.OzoneManagerProtocolServerSideTranslatorPB.submitReadRequestToOM(OzoneManagerProtocolServerSideTranslatorPB.java:226) ~[ozone-manager-1.3.0-SNAPSHOT.jar:?]
	at org.apache.hadoop.ozone.protocolPB.OzoneManagerProtocolServerSideTranslatorPB.processRequest(OzoneManagerProtocolServerSideTranslatorPB.java:175) ~[ozone-manager-1.3.0-SNAPSHOT.jar:?]
	at org.apache.hadoop.hdds.server.OzoneProtocolMessageDispatcher.processRequest(OzoneProtocolMessageDispatcher.java:87) [hdds-server-framework-1.3.0-SNAPSHOT.jar:?]
	at org.apache.hadoop.ozone.protocolPB.OzoneManagerProtocolServerSideTranslatorPB.submitRequest(OzoneManagerProtocolServerSideTranslatorPB.java:147) [ozone-manager-1.3.0-SNAPSHOT.jar:?]
	at org.apache.hadoop.ozone.protocol.proto.OzoneManagerProtocolProtos$OzoneManagerService$2.callBlockingMethod(OzoneManagerProtocolProtos.java) [ozone-interface-client-1.3.0-SNAPSHOT.jar:?]
	at org.apache.hadoop.ipc.ProtobufRpcEngine$Server.processCall(ProtobufRpcEngine.java:466) [hadoop-common-3.3.1.jar:?]
	at org.apache.hadoop.ipc.ProtobufRpcEngine2$Server$ProtoBufRpcInvoker.call(ProtobufRpcEngine2.java:574) [hadoop-common-3.3.1.jar:?]
	at org.apache.hadoop.ipc.ProtobufRpcEngine2$Server$ProtoBufRpcInvoker.call(ProtobufRpcEngine2.java:552) [hadoop-common-3.3.1.jar:?]
	at org.apache.hadoop.ipc.RPC$Server.call(RPC.java:1093) [hadoop-common-3.3.1.jar:?]
	at org.apache.hadoop.ipc.Server$RpcCall.run(Server.java:1035) [hadoop-common-3.3.1.jar:?]
	at org.apache.hadoop.ipc.Server$RpcCall.run(Server.java:963) [hadoop-common-3.3.1.jar:?]
	at java.security.AccessController.doPrivileged(Native Method) ~[?:1.8.0_332]
	at javax.security.auth.Subject.doAs(Subject.java:422) [?:1.8.0_332]
	at org.apache.hadoop.security.UserGroupInformation.doAs(UserGroupInformation.java:1878) [hadoop-common-3.3.1.jar:?]
	at org.apache.hadoop.ipc.Server$Handler.run(Server.java:2966) [hadoop-common-3.3.1.jar:?]
2022-07-12 21:04:07,210 [a2583cd9-0c52-4aa7-80e6-e7269a14a582@group-BAC479CA027A-SegmentedRaftLogWorker] INFO  segmented.SegmentedRaftLogWorker (SegmentedRaftLogWorker.java:execute(629)) - a2583cd9-0c52-4aa7-80e6-e7269a14a582@group-BAC479CA027A-SegmentedRaftLogWorker: created new log segment /home/runner/work/ozone/ozone/hadoop-ozone/integration-test/target/test-dir/MiniOzoneClusterImpl-602e3c1e-9006-4844-b6f6-7d75904803ac/datanode-1/data/ratis/2b415d15-d4fd-4c8d-b5b8-bac479ca027a/current/log_inprogress_0
21:04:07.231 [IPC Server handler 12 on default port 43377] ERROR OMAudit - user=runner | ip=127.0.0.1 | op=GET_FILE_STATUS {volume=volume71443, bucket=bucket81251, key=root_dir/file1/c, dataSize=0, replicationConfig=null} | ret=FAILURE
org.apache.hadoop.ozone.om.exceptions.OMException: Unable to get file status: volume: volume71443 bucket: bucket81251 key: root_dir/file1/c
	at org.apache.hadoop.ozone.om.KeyManagerImpl.getOzoneFileStatus(KeyManagerImpl.java:1311) ~[ozone-manager-1.3.0-SNAPSHOT.jar:?]
	at org.apache.hadoop.ozone.om.KeyManagerImpl.getFileStatus(KeyManagerImpl.java:1241) ~[ozone-manager-1.3.0-SNAPSHOT.jar:?]
	at org.apache.hadoop.ozone.om.OzoneManager.getFileStatus(OzoneManager.java:3419) ~[ozone-manager-1.3.0-SNAPSHOT.jar:?]
	at org.apache.hadoop.ozone.protocolPB.OzoneManagerRequestHandler.getOzoneFileStatus(OzoneManagerRequestHandler.java:871) ~[ozone-manager-1.3.0-SNAPSHOT.jar:?]
	at org.apache.hadoop.ozone.protocolPB.OzoneManagerRequestHandler.handleReadRequest(OzoneManagerRequestHandler.java:217) ~[ozone-manager-1.3.0-SNAPSHOT.jar:?]
	at org.apache.hadoop.ozone.protocolPB.OzoneManagerProtocolServerSideTranslatorPB.submitReadRequestToOM(OzoneManagerProtocolServerSideTranslatorPB.java:226) ~[ozone-manager-1.3.0-SNAPSHOT.jar:?]
	at org.apache.hadoop.ozone.protocolPB.OzoneManagerProtocolServerSideTranslatorPB.processRequest(OzoneManagerProtocolServerSideTranslatorPB.java:175) ~[ozone-manager-1.3.0-SNAPSHOT.jar:?]
	at org.apache.hadoop.hdds.server.OzoneProtocolMessageDispatcher.processRequest(OzoneProtocolMessageDispatcher.java:87) [hdds-server-framework-1.3.0-SNAPSHOT.jar:?]
	at org.apache.hadoop.ozone.protocolPB.OzoneManagerProtocolServerSideTranslatorPB.submitRequest(OzoneManagerProtocolServerSideTranslatorPB.java:147) [ozone-manager-1.3.0-SNAPSHOT.jar:?]
	at org.apache.hadoop.ozone.protocol.proto.OzoneManagerProtocolProtos$OzoneManagerService$2.callBlockingMethod(OzoneManagerProtocolProtos.java) [ozone-interface-client-1.3.0-SNAPSHOT.jar:?]
	at org.apache.hadoop.ipc.ProtobufRpcEngine$Server.processCall(ProtobufRpcEngine.java:466) [hadoop-common-3.3.1.jar:?]
	at org.apache.hadoop.ipc.ProtobufRpcEngine2$Server$ProtoBufRpcInvoker.call(ProtobufRpcEngine2.java:574) [hadoop-common-3.3.1.jar:?]
	at org.apache.hadoop.ipc.ProtobufRpcEngine2$Server$ProtoBufRpcInvoker.call(ProtobufRpcEngine2.java:552) [hadoop-common-3.3.1.jar:?]
	at org.apache.hadoop.ipc.RPC$Server.call(RPC.java:1093) [hadoop-common-3.3.1.jar:?]
	at org.apache.hadoop.ipc.Server$RpcCall.run(Server.java:1035) [hadoop-common-3.3.1.jar:?]
	at org.apache.hadoop.ipc.Server$RpcCall.run(Server.java:963) [hadoop-common-3.3.1.jar:?]
	at java.security.AccessController.doPrivileged(Native Method) ~[?:1.8.0_332]
	at javax.security.auth.Subject.doAs(Subject.java:422) [?:1.8.0_332]
	at org.apache.hadoop.security.UserGroupInformation.doAs(UserGroupInformation.java:1878) [hadoop-common-3.3.1.jar:?]
	at org.apache.hadoop.ipc.Server$Handler.run(Server.java:2966) [hadoop-common-3.3.1.jar:?]
]]></system-out>
  </testcase>
  <testcase name="testRenameDestinationParentDoesntExist" classname="TestRootedOzoneFileSystem" time="0.098">
    <system-out><![CDATA[2022-07-12 21:05:19,278 [Time-limited test] INFO  rpc.RpcClient (RpcClient.java:createVolume(466)) - Creating Volume: volume36546, with user08816 as owner and space quota set to -1 bytes, counts quota set to -1
2022-07-12 21:05:19,280 [OM StateMachine ApplyTransaction Thread - 0] INFO  volume.OMVolumeCreateRequest (OMVolumeCreateRequest.java:validateAndUpdateCache(195)) - created volume:volume36546 for user:user08816
2022-07-12 21:05:19,282 [Time-limited test] INFO  rpc.RpcClient (RpcClient.java:createBucket(669)) - Creating Bucket: volume36546/bucket40967, with bucket layout LEGACY, runner as owner, Versioning false, Storage Type set to DISK and Encryption set to false 
2022-07-12 21:05:19,284 [OM StateMachine ApplyTransaction Thread - 0] INFO  bucket.OMBucketCreateRequest (OMBucketCreateRequest.java:validateAndUpdateCache(260)) - created bucket: bucket40967 of layout LEGACY in volume: volume36546
21:05:19.289 [IPC Server handler 13 on default port 38457] ERROR OMAudit - user=runner | ip=127.0.0.1 | op=GET_FILE_STATUS {volume=volume36546, bucket=bucket40967, key=root_dir/b/c, dataSize=0, replicationConfig=null} | ret=FAILURE
org.apache.hadoop.ozone.om.exceptions.OMException: Unable to get file status: volume: volume36546 bucket: bucket40967 key: root_dir/b/c
	at org.apache.hadoop.ozone.om.KeyManagerImpl.getOzoneFileStatus(KeyManagerImpl.java:1311) ~[ozone-manager-1.3.0-SNAPSHOT.jar:?]
	at org.apache.hadoop.ozone.om.KeyManagerImpl.getFileStatus(KeyManagerImpl.java:1241) ~[ozone-manager-1.3.0-SNAPSHOT.jar:?]
	at org.apache.hadoop.ozone.om.OzoneManager.getFileStatus(OzoneManager.java:3419) ~[ozone-manager-1.3.0-SNAPSHOT.jar:?]
	at org.apache.hadoop.ozone.protocolPB.OzoneManagerRequestHandler.getOzoneFileStatus(OzoneManagerRequestHandler.java:871) ~[ozone-manager-1.3.0-SNAPSHOT.jar:?]
	at org.apache.hadoop.ozone.protocolPB.OzoneManagerRequestHandler.handleReadRequest(OzoneManagerRequestHandler.java:217) ~[ozone-manager-1.3.0-SNAPSHOT.jar:?]
	at org.apache.hadoop.ozone.protocolPB.OzoneManagerProtocolServerSideTranslatorPB.submitReadRequestToOM(OzoneManagerProtocolServerSideTranslatorPB.java:226) ~[ozone-manager-1.3.0-SNAPSHOT.jar:?]
	at org.apache.hadoop.ozone.protocolPB.OzoneManagerProtocolServerSideTranslatorPB.processRequest(OzoneManagerProtocolServerSideTranslatorPB.java:175) ~[ozone-manager-1.3.0-SNAPSHOT.jar:?]
	at org.apache.hadoop.hdds.server.OzoneProtocolMessageDispatcher.processRequest(OzoneProtocolMessageDispatcher.java:87) [hdds-server-framework-1.3.0-SNAPSHOT.jar:?]
	at org.apache.hadoop.ozone.protocolPB.OzoneManagerProtocolServerSideTranslatorPB.submitRequest(OzoneManagerProtocolServerSideTranslatorPB.java:147) [ozone-manager-1.3.0-SNAPSHOT.jar:?]
	at org.apache.hadoop.ozone.protocol.proto.OzoneManagerProtocolProtos$OzoneManagerService$2.callBlockingMethod(OzoneManagerProtocolProtos.java) [ozone-interface-client-1.3.0-SNAPSHOT.jar:?]
	at org.apache.hadoop.ipc.ProtobufRpcEngine$Server.processCall(ProtobufRpcEngine.java:466) [hadoop-common-3.3.1.jar:?]
	at org.apache.hadoop.ipc.ProtobufRpcEngine2$Server$ProtoBufRpcInvoker.call(ProtobufRpcEngine2.java:574) [hadoop-common-3.3.1.jar:?]
	at org.apache.hadoop.ipc.ProtobufRpcEngine2$Server$ProtoBufRpcInvoker.call(ProtobufRpcEngine2.java:552) [hadoop-common-3.3.1.jar:?]
	at org.apache.hadoop.ipc.RPC$Server.call(RPC.java:1093) [hadoop-common-3.3.1.jar:?]
	at org.apache.hadoop.ipc.Server$RpcCall.run(Server.java:1035) [hadoop-common-3.3.1.jar:?]
	at org.apache.hadoop.ipc.Server$RpcCall.run(Server.java:963) [hadoop-common-3.3.1.jar:?]
	at java.security.AccessController.doPrivileged(Native Method) ~[?:1.8.0_332]
	at javax.security.auth.Subject.doAs(Subject.java:422) [?:1.8.0_332]
	at org.apache.hadoop.security.UserGroupInformation.doAs(UserGroupInformation.java:1878) [hadoop-common-3.3.1.jar:?]
	at org.apache.hadoop.ipc.Server$Handler.run(Server.java:2966) [hadoop-common-3.3.1.jar:?]
21:05:19.290 [IPC Server handler 15 on default port 38457] ERROR OMAudit - user=runner | ip=127.0.0.1 | op=GET_FILE_STATUS {volume=volume36546, bucket=bucket40967, key=root_dir/b, dataSize=0, replicationConfig=null} | ret=FAILURE
org.apache.hadoop.ozone.om.exceptions.OMException: Unable to get file status: volume: volume36546 bucket: bucket40967 key: root_dir/b
	at org.apache.hadoop.ozone.om.KeyManagerImpl.getOzoneFileStatus(KeyManagerImpl.java:1311) ~[ozone-manager-1.3.0-SNAPSHOT.jar:?]
	at org.apache.hadoop.ozone.om.KeyManagerImpl.getFileStatus(KeyManagerImpl.java:1241) ~[ozone-manager-1.3.0-SNAPSHOT.jar:?]
	at org.apache.hadoop.ozone.om.OzoneManager.getFileStatus(OzoneManager.java:3419) ~[ozone-manager-1.3.0-SNAPSHOT.jar:?]
	at org.apache.hadoop.ozone.protocolPB.OzoneManagerRequestHandler.getOzoneFileStatus(OzoneManagerRequestHandler.java:871) ~[ozone-manager-1.3.0-SNAPSHOT.jar:?]
	at org.apache.hadoop.ozone.protocolPB.OzoneManagerRequestHandler.handleReadRequest(OzoneManagerRequestHandler.java:217) ~[ozone-manager-1.3.0-SNAPSHOT.jar:?]
	at org.apache.hadoop.ozone.protocolPB.OzoneManagerProtocolServerSideTranslatorPB.submitReadRequestToOM(OzoneManagerProtocolServerSideTranslatorPB.java:226) ~[ozone-manager-1.3.0-SNAPSHOT.jar:?]
	at org.apache.hadoop.ozone.protocolPB.OzoneManagerProtocolServerSideTranslatorPB.processRequest(OzoneManagerProtocolServerSideTranslatorPB.java:175) ~[ozone-manager-1.3.0-SNAPSHOT.jar:?]
	at org.apache.hadoop.hdds.server.OzoneProtocolMessageDispatcher.processRequest(OzoneProtocolMessageDispatcher.java:87) [hdds-server-framework-1.3.0-SNAPSHOT.jar:?]
	at org.apache.hadoop.ozone.protocolPB.OzoneManagerProtocolServerSideTranslatorPB.submitRequest(OzoneManagerProtocolServerSideTranslatorPB.java:147) [ozone-manager-1.3.0-SNAPSHOT.jar:?]
	at org.apache.hadoop.ozone.protocol.proto.OzoneManagerProtocolProtos$OzoneManagerService$2.callBlockingMethod(OzoneManagerProtocolProtos.java) [ozone-interface-client-1.3.0-SNAPSHOT.jar:?]
	at org.apache.hadoop.ipc.ProtobufRpcEngine$Server.processCall(ProtobufRpcEngine.java:466) [hadoop-common-3.3.1.jar:?]
	at org.apache.hadoop.ipc.ProtobufRpcEngine2$Server$ProtoBufRpcInvoker.call(ProtobufRpcEngine2.java:574) [hadoop-common-3.3.1.jar:?]
	at org.apache.hadoop.ipc.ProtobufRpcEngine2$Server$ProtoBufRpcInvoker.call(ProtobufRpcEngine2.java:552) [hadoop-common-3.3.1.jar:?]
	at org.apache.hadoop.ipc.RPC$Server.call(RPC.java:1093) [hadoop-common-3.3.1.jar:?]
	at org.apache.hadoop.ipc.Server$RpcCall.run(Server.java:1035) [hadoop-common-3.3.1.jar:?]
	at org.apache.hadoop.ipc.Server$RpcCall.run(Server.java:963) [hadoop-common-3.3.1.jar:?]
	at java.security.AccessController.doPrivileged(Native Method) ~[?:1.8.0_332]
	at javax.security.auth.Subject.doAs(Subject.java:422) [?:1.8.0_332]
	at org.apache.hadoop.security.UserGroupInformation.doAs(UserGroupInformation.java:1878) [hadoop-common-3.3.1.jar:?]
	at org.apache.hadoop.ipc.Server$Handler.run(Server.java:2966) [hadoop-common-3.3.1.jar:?]
21:05:19.303 [IPC Server handler 5 on default port 38457] ERROR OMAudit - user=runner | ip=127.0.0.1 | op=GET_FILE_STATUS {volume=volume36546, bucket=bucket40967, key=root_dir/file1/c, dataSize=0, replicationConfig=null} | ret=FAILURE
org.apache.hadoop.ozone.om.exceptions.OMException: Unable to get file status: volume: volume36546 bucket: bucket40967 key: root_dir/file1/c
	at org.apache.hadoop.ozone.om.KeyManagerImpl.getOzoneFileStatus(KeyManagerImpl.java:1311) ~[ozone-manager-1.3.0-SNAPSHOT.jar:?]
	at org.apache.hadoop.ozone.om.KeyManagerImpl.getFileStatus(KeyManagerImpl.java:1241) ~[ozone-manager-1.3.0-SNAPSHOT.jar:?]
	at org.apache.hadoop.ozone.om.OzoneManager.getFileStatus(OzoneManager.java:3419) ~[ozone-manager-1.3.0-SNAPSHOT.jar:?]
	at org.apache.hadoop.ozone.protocolPB.OzoneManagerRequestHandler.getOzoneFileStatus(OzoneManagerRequestHandler.java:871) ~[ozone-manager-1.3.0-SNAPSHOT.jar:?]
	at org.apache.hadoop.ozone.protocolPB.OzoneManagerRequestHandler.handleReadRequest(OzoneManagerRequestHandler.java:217) ~[ozone-manager-1.3.0-SNAPSHOT.jar:?]
	at org.apache.hadoop.ozone.protocolPB.OzoneManagerProtocolServerSideTranslatorPB.submitReadRequestToOM(OzoneManagerProtocolServerSideTranslatorPB.java:226) ~[ozone-manager-1.3.0-SNAPSHOT.jar:?]
	at org.apache.hadoop.ozone.protocolPB.OzoneManagerProtocolServerSideTranslatorPB.processRequest(OzoneManagerProtocolServerSideTranslatorPB.java:175) ~[ozone-manager-1.3.0-SNAPSHOT.jar:?]
	at org.apache.hadoop.hdds.server.OzoneProtocolMessageDispatcher.processRequest(OzoneProtocolMessageDispatcher.java:87) [hdds-server-framework-1.3.0-SNAPSHOT.jar:?]
	at org.apache.hadoop.ozone.protocolPB.OzoneManagerProtocolServerSideTranslatorPB.submitRequest(OzoneManagerProtocolServerSideTranslatorPB.java:147) [ozone-manager-1.3.0-SNAPSHOT.jar:?]
	at org.apache.hadoop.ozone.protocol.proto.OzoneManagerProtocolProtos$OzoneManagerService$2.callBlockingMethod(OzoneManagerProtocolProtos.java) [ozone-interface-client-1.3.0-SNAPSHOT.jar:?]
	at org.apache.hadoop.ipc.ProtobufRpcEngine$Server.processCall(ProtobufRpcEngine.java:466) [hadoop-common-3.3.1.jar:?]
	at org.apache.hadoop.ipc.ProtobufRpcEngine2$Server$ProtoBufRpcInvoker.call(ProtobufRpcEngine2.java:574) [hadoop-common-3.3.1.jar:?]
	at org.apache.hadoop.ipc.ProtobufRpcEngine2$Server$ProtoBufRpcInvoker.call(ProtobufRpcEngine2.java:552) [hadoop-common-3.3.1.jar:?]
	at org.apache.hadoop.ipc.RPC$Server.call(RPC.java:1093) [hadoop-common-3.3.1.jar:?]
	at org.apache.hadoop.ipc.Server$RpcCall.run(Server.java:1035) [hadoop-common-3.3.1.jar:?]
	at org.apache.hadoop.ipc.Server$RpcCall.run(Server.java:963) [hadoop-common-3.3.1.jar:?]
	at java.security.AccessController.doPrivileged(Native Method) ~[?:1.8.0_332]
	at javax.security.auth.Subject.doAs(Subject.java:422) [?:1.8.0_332]
	at org.apache.hadoop.security.UserGroupInformation.doAs(UserGroupInformation.java:1878) [hadoop-common-3.3.1.jar:?]
	at org.apache.hadoop.ipc.Server$Handler.run(Server.java:2966) [hadoop-common-3.3.1.jar:?]
]]></system-out>
  </testcase>
  <testcase name="testRenameDestinationParentDoesntExist" classname="TestRootedOzoneFileSystem" time="0.128">
    <system-out><![CDATA[2022-07-12 21:06:32,783 [Time-limited test] INFO  rpc.RpcClient (RpcClient.java:createVolume(466)) - Creating Volume: volume83555, with user94794 as owner and space quota set to -1 bytes, counts quota set to -1
2022-07-12 21:06:32,784 [IPC Server handler 6 on default port 37581] INFO  volume.OMVolumeCreateRequest (OMVolumeCreateRequest.java:validateAndUpdateCache(195)) - created volume:volume83555 for user:user94794
2022-07-12 21:06:32,785 [Time-limited test] INFO  rpc.RpcClient (RpcClient.java:createBucket(669)) - Creating Bucket: volume83555/bucket44900, with bucket layout LEGACY, runner as owner, Versioning false, Storage Type set to DISK and Encryption set to false 
2022-07-12 21:06:32,786 [IPC Server handler 9 on default port 37581] INFO  bucket.OMBucketCreateRequest (OMBucketCreateRequest.java:validateAndUpdateCache(260)) - created bucket: bucket44900 of layout LEGACY in volume: volume83555
21:06:32.802 [IPC Server handler 3 on default port 37581] ERROR OMAudit - user=runner | ip=127.0.0.1 | op=GET_FILE_STATUS {volume=volume83555, bucket=bucket44900, key=root_dir/b/c, dataSize=0, replicationConfig=null} | ret=FAILURE
org.apache.hadoop.ozone.om.exceptions.OMException: Unable to get file status: volume: volume83555 bucket: bucket44900 key: root_dir/b/c
	at org.apache.hadoop.ozone.om.KeyManagerImpl.getOzoneFileStatus(KeyManagerImpl.java:1311) ~[ozone-manager-1.3.0-SNAPSHOT.jar:?]
	at org.apache.hadoop.ozone.om.KeyManagerImpl.getFileStatus(KeyManagerImpl.java:1241) ~[ozone-manager-1.3.0-SNAPSHOT.jar:?]
	at org.apache.hadoop.ozone.om.OzoneManager.getFileStatus(OzoneManager.java:3419) ~[ozone-manager-1.3.0-SNAPSHOT.jar:?]
	at org.apache.hadoop.ozone.protocolPB.OzoneManagerRequestHandler.getOzoneFileStatus(OzoneManagerRequestHandler.java:871) ~[ozone-manager-1.3.0-SNAPSHOT.jar:?]
	at org.apache.hadoop.ozone.protocolPB.OzoneManagerRequestHandler.handleReadRequest(OzoneManagerRequestHandler.java:217) ~[ozone-manager-1.3.0-SNAPSHOT.jar:?]
	at org.apache.hadoop.ozone.protocolPB.OzoneManagerProtocolServerSideTranslatorPB.submitRequestDirectlyToOM(OzoneManagerProtocolServerSideTranslatorPB.java:276) ~[ozone-manager-1.3.0-SNAPSHOT.jar:?]
	at org.apache.hadoop.ozone.protocolPB.OzoneManagerProtocolServerSideTranslatorPB.processRequest(OzoneManagerProtocolServerSideTranslatorPB.java:205) ~[ozone-manager-1.3.0-SNAPSHOT.jar:?]
	at org.apache.hadoop.hdds.server.OzoneProtocolMessageDispatcher.processRequest(OzoneProtocolMessageDispatcher.java:87) [hdds-server-framework-1.3.0-SNAPSHOT.jar:?]
	at org.apache.hadoop.ozone.protocolPB.OzoneManagerProtocolServerSideTranslatorPB.submitRequest(OzoneManagerProtocolServerSideTranslatorPB.java:147) [ozone-manager-1.3.0-SNAPSHOT.jar:?]
	at org.apache.hadoop.ozone.protocol.proto.OzoneManagerProtocolProtos$OzoneManagerService$2.callBlockingMethod(OzoneManagerProtocolProtos.java) [ozone-interface-client-1.3.0-SNAPSHOT.jar:?]
	at org.apache.hadoop.ipc.ProtobufRpcEngine$Server.processCall(ProtobufRpcEngine.java:466) [hadoop-common-3.3.1.jar:?]
	at org.apache.hadoop.ipc.ProtobufRpcEngine2$Server$ProtoBufRpcInvoker.call(ProtobufRpcEngine2.java:574) [hadoop-common-3.3.1.jar:?]
	at org.apache.hadoop.ipc.ProtobufRpcEngine2$Server$ProtoBufRpcInvoker.call(ProtobufRpcEngine2.java:552) [hadoop-common-3.3.1.jar:?]
	at org.apache.hadoop.ipc.RPC$Server.call(RPC.java:1093) [hadoop-common-3.3.1.jar:?]
	at org.apache.hadoop.ipc.Server$RpcCall.run(Server.java:1035) [hadoop-common-3.3.1.jar:?]
	at org.apache.hadoop.ipc.Server$RpcCall.run(Server.java:963) [hadoop-common-3.3.1.jar:?]
	at java.security.AccessController.doPrivileged(Native Method) ~[?:1.8.0_332]
	at javax.security.auth.Subject.doAs(Subject.java:422) [?:1.8.0_332]
	at org.apache.hadoop.security.UserGroupInformation.doAs(UserGroupInformation.java:1878) [hadoop-common-3.3.1.jar:?]
	at org.apache.hadoop.ipc.Server$Handler.run(Server.java:2966) [hadoop-common-3.3.1.jar:?]
21:06:32.803 [IPC Server handler 2 on default port 37581] ERROR OMAudit - user=runner | ip=127.0.0.1 | op=GET_FILE_STATUS {volume=volume83555, bucket=bucket44900, key=root_dir/b, dataSize=0, replicationConfig=null} | ret=FAILURE
org.apache.hadoop.ozone.om.exceptions.OMException: Unable to get file status: volume: volume83555 bucket: bucket44900 key: root_dir/b
	at org.apache.hadoop.ozone.om.KeyManagerImpl.getOzoneFileStatus(KeyManagerImpl.java:1311) ~[ozone-manager-1.3.0-SNAPSHOT.jar:?]
	at org.apache.hadoop.ozone.om.KeyManagerImpl.getFileStatus(KeyManagerImpl.java:1241) ~[ozone-manager-1.3.0-SNAPSHOT.jar:?]
	at org.apache.hadoop.ozone.om.OzoneManager.getFileStatus(OzoneManager.java:3419) ~[ozone-manager-1.3.0-SNAPSHOT.jar:?]
	at org.apache.hadoop.ozone.protocolPB.OzoneManagerRequestHandler.getOzoneFileStatus(OzoneManagerRequestHandler.java:871) ~[ozone-manager-1.3.0-SNAPSHOT.jar:?]
	at org.apache.hadoop.ozone.protocolPB.OzoneManagerRequestHandler.handleReadRequest(OzoneManagerRequestHandler.java:217) ~[ozone-manager-1.3.0-SNAPSHOT.jar:?]
	at org.apache.hadoop.ozone.protocolPB.OzoneManagerProtocolServerSideTranslatorPB.submitRequestDirectlyToOM(OzoneManagerProtocolServerSideTranslatorPB.java:276) ~[ozone-manager-1.3.0-SNAPSHOT.jar:?]
	at org.apache.hadoop.ozone.protocolPB.OzoneManagerProtocolServerSideTranslatorPB.processRequest(OzoneManagerProtocolServerSideTranslatorPB.java:205) ~[ozone-manager-1.3.0-SNAPSHOT.jar:?]
	at org.apache.hadoop.hdds.server.OzoneProtocolMessageDispatcher.processRequest(OzoneProtocolMessageDispatcher.java:87) [hdds-server-framework-1.3.0-SNAPSHOT.jar:?]
	at org.apache.hadoop.ozone.protocolPB.OzoneManagerProtocolServerSideTranslatorPB.submitRequest(OzoneManagerProtocolServerSideTranslatorPB.java:147) [ozone-manager-1.3.0-SNAPSHOT.jar:?]
	at org.apache.hadoop.ozone.protocol.proto.OzoneManagerProtocolProtos$OzoneManagerService$2.callBlockingMethod(OzoneManagerProtocolProtos.java) [ozone-interface-client-1.3.0-SNAPSHOT.jar:?]
	at org.apache.hadoop.ipc.ProtobufRpcEngine$Server.processCall(ProtobufRpcEngine.java:466) [hadoop-common-3.3.1.jar:?]
	at org.apache.hadoop.ipc.ProtobufRpcEngine2$Server$ProtoBufRpcInvoker.call(ProtobufRpcEngine2.java:574) [hadoop-common-3.3.1.jar:?]
	at org.apache.hadoop.ipc.ProtobufRpcEngine2$Server$ProtoBufRpcInvoker.call(ProtobufRpcEngine2.java:552) [hadoop-common-3.3.1.jar:?]
	at org.apache.hadoop.ipc.RPC$Server.call(RPC.java:1093) [hadoop-common-3.3.1.jar:?]
	at org.apache.hadoop.ipc.Server$RpcCall.run(Server.java:1035) [hadoop-common-3.3.1.jar:?]
	at org.apache.hadoop.ipc.Server$RpcCall.run(Server.java:963) [hadoop-common-3.3.1.jar:?]
	at java.security.AccessController.doPrivileged(Native Method) ~[?:1.8.0_332]
	at javax.security.auth.Subject.doAs(Subject.java:422) [?:1.8.0_332]
	at org.apache.hadoop.security.UserGroupInformation.doAs(UserGroupInformation.java:1878) [hadoop-common-3.3.1.jar:?]
	at org.apache.hadoop.ipc.Server$Handler.run(Server.java:2966) [hadoop-common-3.3.1.jar:?]
21:06:32.810 [IPC Server handler 6 on default port 37581] ERROR OMAudit - user=runner | ip=127.0.0.1 | op=GET_FILE_STATUS {volume=volume83555, bucket=bucket44900, key=root_dir/file1/c, dataSize=0, replicationConfig=null} | ret=FAILURE
org.apache.hadoop.ozone.om.exceptions.OMException: Unable to get file status: volume: volume83555 bucket: bucket44900 key: root_dir/file1/c
	at org.apache.hadoop.ozone.om.KeyManagerImpl.getOzoneFileStatus(KeyManagerImpl.java:1311) ~[ozone-manager-1.3.0-SNAPSHOT.jar:?]
	at org.apache.hadoop.ozone.om.KeyManagerImpl.getFileStatus(KeyManagerImpl.java:1241) ~[ozone-manager-1.3.0-SNAPSHOT.jar:?]
	at org.apache.hadoop.ozone.om.OzoneManager.getFileStatus(OzoneManager.java:3419) ~[ozone-manager-1.3.0-SNAPSHOT.jar:?]
	at org.apache.hadoop.ozone.protocolPB.OzoneManagerRequestHandler.getOzoneFileStatus(OzoneManagerRequestHandler.java:871) ~[ozone-manager-1.3.0-SNAPSHOT.jar:?]
	at org.apache.hadoop.ozone.protocolPB.OzoneManagerRequestHandler.handleReadRequest(OzoneManagerRequestHandler.java:217) ~[ozone-manager-1.3.0-SNAPSHOT.jar:?]
	at org.apache.hadoop.ozone.protocolPB.OzoneManagerProtocolServerSideTranslatorPB.submitRequestDirectlyToOM(OzoneManagerProtocolServerSideTranslatorPB.java:276) ~[ozone-manager-1.3.0-SNAPSHOT.jar:?]
	at org.apache.hadoop.ozone.protocolPB.OzoneManagerProtocolServerSideTranslatorPB.processRequest(OzoneManagerProtocolServerSideTranslatorPB.java:205) ~[ozone-manager-1.3.0-SNAPSHOT.jar:?]
	at org.apache.hadoop.hdds.server.OzoneProtocolMessageDispatcher.processRequest(OzoneProtocolMessageDispatcher.java:87) [hdds-server-framework-1.3.0-SNAPSHOT.jar:?]
	at org.apache.hadoop.ozone.protocolPB.OzoneManagerProtocolServerSideTranslatorPB.submitRequest(OzoneManagerProtocolServerSideTranslatorPB.java:147) [ozone-manager-1.3.0-SNAPSHOT.jar:?]
	at org.apache.hadoop.ozone.protocol.proto.OzoneManagerProtocolProtos$OzoneManagerService$2.callBlockingMethod(OzoneManagerProtocolProtos.java) [ozone-interface-client-1.3.0-SNAPSHOT.jar:?]
	at org.apache.hadoop.ipc.ProtobufRpcEngine$Server.processCall(ProtobufRpcEngine.java:466) [hadoop-common-3.3.1.jar:?]
	at org.apache.hadoop.ipc.ProtobufRpcEngine2$Server$ProtoBufRpcInvoker.call(ProtobufRpcEngine2.java:574) [hadoop-common-3.3.1.jar:?]
	at org.apache.hadoop.ipc.ProtobufRpcEngine2$Server$ProtoBufRpcInvoker.call(ProtobufRpcEngine2.java:552) [hadoop-common-3.3.1.jar:?]
	at org.apache.hadoop.ipc.RPC$Server.call(RPC.java:1093) [hadoop-common-3.3.1.jar:?]
	at org.apache.hadoop.ipc.Server$RpcCall.run(Server.java:1035) [hadoop-common-3.3.1.jar:?]
	at org.apache.hadoop.ipc.Server$RpcCall.run(Server.java:963) [hadoop-common-3.3.1.jar:?]
	at java.security.AccessController.doPrivileged(Native Method) ~[?:1.8.0_332]
	at javax.security.auth.Subject.doAs(Subject.java:422) [?:1.8.0_332]
	at org.apache.hadoop.security.UserGroupInformation.doAs(UserGroupInformation.java:1878) [hadoop-common-3.3.1.jar:?]
	at org.apache.hadoop.ipc.Server$Handler.run(Server.java:2966) [hadoop-common-3.3.1.jar:?]
]]></system-out>
  </testcase>
  <testcase name="testRenameDestinationParentDoesntExist" classname="TestRootedOzoneFileSystem" time="0.578">
    <system-out><![CDATA[2022-07-12 21:07:51,788 [a073d587-6aa7-4ca3-9889-8ecc19e2905e@group-B6676DE81A3B-FollowerState] INFO  impl.FollowerState (FollowerState.java:run(143)) - a073d587-6aa7-4ca3-9889-8ecc19e2905e@group-B6676DE81A3B-FollowerState: change to CANDIDATE, lastRpcElapsedTime:5165081774ns, electionTimeout:5125ms
2022-07-12 21:07:51,789 [a073d587-6aa7-4ca3-9889-8ecc19e2905e@group-B6676DE81A3B-FollowerState] INFO  impl.RoleInfo (RoleInfo.java:shutdownFollowerState(110)) - a073d587-6aa7-4ca3-9889-8ecc19e2905e: shutdown a073d587-6aa7-4ca3-9889-8ecc19e2905e@group-B6676DE81A3B-FollowerState
2022-07-12 21:07:51,789 [a073d587-6aa7-4ca3-9889-8ecc19e2905e@group-B6676DE81A3B-FollowerState] INFO  server.RaftServer$Division (RaftServerImpl.java:setRole(299)) - a073d587-6aa7-4ca3-9889-8ecc19e2905e@group-B6676DE81A3B: changes role from  FOLLOWER to CANDIDATE at term 1 for changeToCandidate
2022-07-12 21:07:51,794 [a073d587-6aa7-4ca3-9889-8ecc19e2905e@group-B6676DE81A3B-FollowerState] INFO  server.RaftServerConfigKeys (ConfUtils.java:logGet(46)) - raft.server.leaderelection.pre-vote = false (custom)
2022-07-12 21:07:51,794 [a073d587-6aa7-4ca3-9889-8ecc19e2905e@group-B6676DE81A3B-FollowerState] INFO  impl.RoleInfo (RoleInfo.java:updateAndGet(139)) - a073d587-6aa7-4ca3-9889-8ecc19e2905e: start a073d587-6aa7-4ca3-9889-8ecc19e2905e@group-B6676DE81A3B-LeaderElection51
2022-07-12 21:07:51,800 [29d43e8b-b8c3-435a-bf60-ec797ee46bf5@group-B6676DE81A3B-LeaderElection50] INFO  impl.LeaderElection (LeaderElection.java:askForVotes(310)) - 29d43e8b-b8c3-435a-bf60-ec797ee46bf5@group-B6676DE81A3B-LeaderElection50 ELECTION round 0: submit vote requests at term 2 for -1: [29d43e8b-b8c3-435a-bf60-ec797ee46bf5|rpc:10.1.0.20:33347|dataStream:|priority:1, ddb9d7c4-a5dc-476f-83e2-b66bdd4cd965|rpc:10.1.0.20:35703|dataStream:|priority:0, a073d587-6aa7-4ca3-9889-8ecc19e2905e|rpc:10.1.0.20:32847|dataStream:|priority:0], old=null
2022-07-12 21:07:51,893 [a073d587-6aa7-4ca3-9889-8ecc19e2905e@group-B6676DE81A3B-LeaderElection51] INFO  impl.LeaderElection (LeaderElection.java:askForVotes(310)) - a073d587-6aa7-4ca3-9889-8ecc19e2905e@group-B6676DE81A3B-LeaderElection51 ELECTION round 0: submit vote requests at term 2 for -1: [29d43e8b-b8c3-435a-bf60-ec797ee46bf5|rpc:10.1.0.20:33347|priority:1, ddb9d7c4-a5dc-476f-83e2-b66bdd4cd965|rpc:10.1.0.20:35703|priority:0, a073d587-6aa7-4ca3-9889-8ecc19e2905e|rpc:10.1.0.20:32847|priority:0], old=null
2022-07-12 21:07:51,951 [grpc-default-executor-1] INFO  server.RaftServer$Division (RaftServerImpl.java:requestVote(1152)) - ddb9d7c4-a5dc-476f-83e2-b66bdd4cd965@group-B6676DE81A3B: receive requestVote(ELECTION, 29d43e8b-b8c3-435a-bf60-ec797ee46bf5, group-B6676DE81A3B, 2, (t:0, i:0))
2022-07-12 21:07:51,951 [grpc-default-executor-1] INFO  impl.VoteContext (VoteContext.java:log(48)) - ddb9d7c4-a5dc-476f-83e2-b66bdd4cd965@group-B6676DE81A3B-FOLLOWER: accept ELECTION from 29d43e8b-b8c3-435a-bf60-ec797ee46bf5: our priority 0 <= candidate's priority 1
2022-07-12 21:07:51,951 [grpc-default-executor-1] INFO  server.RaftServer$Division (RaftServerImpl.java:setRole(299)) - ddb9d7c4-a5dc-476f-83e2-b66bdd4cd965@group-B6676DE81A3B: changes role from  FOLLOWER to FOLLOWER at term 2 for candidate:29d43e8b-b8c3-435a-bf60-ec797ee46bf5
2022-07-12 21:07:51,951 [grpc-default-executor-1] INFO  impl.RoleInfo (RoleInfo.java:shutdownFollowerState(110)) - ddb9d7c4-a5dc-476f-83e2-b66bdd4cd965: shutdown ddb9d7c4-a5dc-476f-83e2-b66bdd4cd965@group-B6676DE81A3B-FollowerState
2022-07-12 21:07:51,951 [grpc-default-executor-1] INFO  impl.RoleInfo (RoleInfo.java:updateAndGet(139)) - ddb9d7c4-a5dc-476f-83e2-b66bdd4cd965: start ddb9d7c4-a5dc-476f-83e2-b66bdd4cd965@group-B6676DE81A3B-FollowerState
2022-07-12 21:07:51,955 [ddb9d7c4-a5dc-476f-83e2-b66bdd4cd965@group-B6676DE81A3B-FollowerState] INFO  impl.FollowerState (FollowerState.java:run(152)) - ddb9d7c4-a5dc-476f-83e2-b66bdd4cd965@group-B6676DE81A3B-FollowerState was interrupted
2022-07-12 21:07:51,961 [grpc-default-executor-1] INFO  server.RaftServer$Division (RaftServerImpl.java:requestVote(1184)) - ddb9d7c4-a5dc-476f-83e2-b66bdd4cd965@group-B6676DE81A3B replies to ELECTION vote request: 29d43e8b-b8c3-435a-bf60-ec797ee46bf5<-ddb9d7c4-a5dc-476f-83e2-b66bdd4cd965#0:OK-t2. Peer's state: ddb9d7c4-a5dc-476f-83e2-b66bdd4cd965@group-B6676DE81A3B:t2, leader=null, voted=29d43e8b-b8c3-435a-bf60-ec797ee46bf5, raftlog=ddb9d7c4-a5dc-476f-83e2-b66bdd4cd965@group-B6676DE81A3B-SegmentedRaftLog:OPENED:c-1, conf=-1: [29d43e8b-b8c3-435a-bf60-ec797ee46bf5|rpc:10.1.0.20:33347|priority:1, ddb9d7c4-a5dc-476f-83e2-b66bdd4cd965|rpc:10.1.0.20:35703|priority:0, a073d587-6aa7-4ca3-9889-8ecc19e2905e|rpc:10.1.0.20:32847|priority:0], old=null
2022-07-12 21:07:51,975 [29d43e8b-b8c3-435a-bf60-ec797ee46bf5@group-B6676DE81A3B-LeaderElection50] INFO  impl.LeaderElection (LeaderElection.java:logAndReturn(90)) - 29d43e8b-b8c3-435a-bf60-ec797ee46bf5@group-B6676DE81A3B-LeaderElection50: ELECTION PASSED received 1 response(s) and 0 exception(s):
2022-07-12 21:07:51,975 [29d43e8b-b8c3-435a-bf60-ec797ee46bf5@group-B6676DE81A3B-LeaderElection50] INFO  impl.LeaderElection (LeaderElection.java:logAndReturn(94)) -   Response 0: 29d43e8b-b8c3-435a-bf60-ec797ee46bf5<-ddb9d7c4-a5dc-476f-83e2-b66bdd4cd965#0:OK-t2
2022-07-12 21:07:51,975 [29d43e8b-b8c3-435a-bf60-ec797ee46bf5@group-B6676DE81A3B-LeaderElection50] INFO  impl.LeaderElection (LeaderElection.java:askForVotes(312)) - 29d43e8b-b8c3-435a-bf60-ec797ee46bf5@group-B6676DE81A3B-LeaderElection50 ELECTION round 0: result PASSED
2022-07-12 21:07:51,975 [29d43e8b-b8c3-435a-bf60-ec797ee46bf5@group-B6676DE81A3B-LeaderElection50] INFO  impl.RoleInfo (RoleInfo.java:shutdownLeaderElection(130)) - 29d43e8b-b8c3-435a-bf60-ec797ee46bf5: shutdown 29d43e8b-b8c3-435a-bf60-ec797ee46bf5@group-B6676DE81A3B-LeaderElection50
2022-07-12 21:07:51,975 [29d43e8b-b8c3-435a-bf60-ec797ee46bf5@group-B6676DE81A3B-LeaderElection50] INFO  server.RaftServer$Division (RaftServerImpl.java:setRole(299)) - 29d43e8b-b8c3-435a-bf60-ec797ee46bf5@group-B6676DE81A3B: changes role from CANDIDATE to LEADER at term 2 for changeToLeader
2022-07-12 21:07:51,975 [29d43e8b-b8c3-435a-bf60-ec797ee46bf5@group-B6676DE81A3B-LeaderElection50] INFO  ratis.XceiverServerRatis (XceiverServerRatis.java:handleLeaderChangedNotification(863)) - Leader change notification received for group: group-B6676DE81A3B with new leaderId: 29d43e8b-b8c3-435a-bf60-ec797ee46bf5
2022-07-12 21:07:51,975 [29d43e8b-b8c3-435a-bf60-ec797ee46bf5@group-B6676DE81A3B-LeaderElection50] INFO  server.RaftServer$Division (ServerState.java:setLeader(287)) - 29d43e8b-b8c3-435a-bf60-ec797ee46bf5@group-B6676DE81A3B: change Leader from null to 29d43e8b-b8c3-435a-bf60-ec797ee46bf5 at term 2 for becomeLeader, leader elected after 10547ms
2022-07-12 21:07:51,976 [29d43e8b-b8c3-435a-bf60-ec797ee46bf5@group-B6676DE81A3B-LeaderElection50] INFO  server.RaftServerConfigKeys (ConfUtils.java:logGet(46)) - raft.server.staging.catchup.gap = 1000 (default)
2022-07-12 21:07:51,976 [29d43e8b-b8c3-435a-bf60-ec797ee46bf5@group-B6676DE81A3B-LeaderElection50] INFO  server.RaftServerConfigKeys (ConfUtils.java:logGet(46)) - raft.server.write.element-limit = 1024 (custom)
2022-07-12 21:07:51,976 [29d43e8b-b8c3-435a-bf60-ec797ee46bf5@group-B6676DE81A3B-LeaderElection50] INFO  server.RaftServerConfigKeys (ConfUtils.java:logGet(46)) - raft.server.write.byte-limit = 1024 M (=1073741824) (custom)
2022-07-12 21:07:51,976 [29d43e8b-b8c3-435a-bf60-ec797ee46bf5@group-B6676DE81A3B-LeaderElection50] INFO  server.RaftServerConfigKeys (ConfUtils.java:logGet(46)) - raft.server.watch.timeout = 180s (custom)
2022-07-12 21:07:51,976 [29d43e8b-b8c3-435a-bf60-ec797ee46bf5@group-B6676DE81A3B-LeaderElection50] INFO  server.RaftServerConfigKeys (ConfUtils.java:logGet(46)) - raft.server.watch.timeout.denomination = 1s (default)
2022-07-12 21:07:51,976 [29d43e8b-b8c3-435a-bf60-ec797ee46bf5@group-B6676DE81A3B-LeaderElection50] INFO  server.RaftServerConfigKeys (ConfUtils.java:logGet(46)) - raft.server.watch.element-limit = 65536 (default)
2022-07-12 21:07:51,976 [29d43e8b-b8c3-435a-bf60-ec797ee46bf5@group-B6676DE81A3B-LeaderElection50] INFO  server.RaftServerConfigKeys (ConfUtils.java:logGet(46)) - raft.server.write.element-limit = 1024 (custom)
2022-07-12 21:07:51,976 [29d43e8b-b8c3-435a-bf60-ec797ee46bf5@group-B6676DE81A3B-LeaderElection50] INFO  server.RaftServerConfigKeys (ConfUtils.java:logGet(46)) - raft.server.write.follower.gap.ratio.max = -1.0 (default)
2022-07-12 21:07:51,977 [29d43e8b-b8c3-435a-bf60-ec797ee46bf5@group-B6676DE81A3B-LeaderElection50] INFO  server.RaftServerConfigKeys (ConfUtils.java:logGet(46)) - raft.server.log.appender.snapshot.chunk.size.max = 16MB (=16777216) (default)
2022-07-12 21:07:51,977 [29d43e8b-b8c3-435a-bf60-ec797ee46bf5@group-B6676DE81A3B-LeaderElection50] INFO  server.RaftServerConfigKeys (ConfUtils.java:logGet(46)) - raft.server.log.appender.buffer.byte-limit = 33554432 (custom)
2022-07-12 21:07:51,977 [29d43e8b-b8c3-435a-bf60-ec797ee46bf5@group-B6676DE81A3B-LeaderElection50] INFO  server.RaftServerConfigKeys (ConfUtils.java:logGet(46)) - raft.server.log.appender.buffer.element-limit = 1 (custom)
2022-07-12 21:07:51,978 [29d43e8b-b8c3-435a-bf60-ec797ee46bf5@group-B6676DE81A3B-LeaderElection50] INFO  grpc.GrpcConfigKeys (ConfUtils.java:logGet(46)) - raft.grpc.server.leader.outstanding.appends.max = 128 (default)
2022-07-12 21:07:51,978 [29d43e8b-b8c3-435a-bf60-ec797ee46bf5@group-B6676DE81A3B-LeaderElection50] INFO  server.RaftServerConfigKeys (ConfUtils.java:logGet(46)) - raft.server.rpc.request.timeout = 60s (custom)
2022-07-12 21:07:51,978 [29d43e8b-b8c3-435a-bf60-ec797ee46bf5@group-B6676DE81A3B-LeaderElection50] INFO  server.RaftServerConfigKeys (ConfUtils.java:logGet(46)) - raft.server.log.appender.install.snapshot.enabled = false (custom)
2022-07-12 21:07:51,979 [29d43e8b-b8c3-435a-bf60-ec797ee46bf5@group-B6676DE81A3B-LeaderElection50] INFO  server.RaftServerConfigKeys (ConfUtils.java:logGet(46)) - raft.server.log.appender.snapshot.chunk.size.max = 16MB (=16777216) (default)
2022-07-12 21:07:51,979 [29d43e8b-b8c3-435a-bf60-ec797ee46bf5@group-B6676DE81A3B-LeaderElection50] INFO  server.RaftServerConfigKeys (ConfUtils.java:logGet(46)) - raft.server.log.appender.buffer.byte-limit = 33554432 (custom)
2022-07-12 21:07:51,979 [29d43e8b-b8c3-435a-bf60-ec797ee46bf5@group-B6676DE81A3B-LeaderElection50] INFO  server.RaftServerConfigKeys (ConfUtils.java:logGet(46)) - raft.server.log.appender.buffer.element-limit = 1 (custom)
2022-07-12 21:07:51,979 [29d43e8b-b8c3-435a-bf60-ec797ee46bf5@group-B6676DE81A3B-LeaderElection50] INFO  grpc.GrpcConfigKeys (ConfUtils.java:logGet(46)) - raft.grpc.server.leader.outstanding.appends.max = 128 (default)
2022-07-12 21:07:51,979 [29d43e8b-b8c3-435a-bf60-ec797ee46bf5@group-B6676DE81A3B-LeaderElection50] INFO  server.RaftServerConfigKeys (ConfUtils.java:logGet(46)) - raft.server.rpc.request.timeout = 60s (custom)
2022-07-12 21:07:51,979 [29d43e8b-b8c3-435a-bf60-ec797ee46bf5@group-B6676DE81A3B-LeaderElection50] INFO  server.RaftServerConfigKeys (ConfUtils.java:logGet(46)) - raft.server.log.appender.install.snapshot.enabled = false (custom)
2022-07-12 21:07:51,981 [29d43e8b-b8c3-435a-bf60-ec797ee46bf5@group-B6676DE81A3B-LeaderElection50] INFO  impl.RoleInfo (RoleInfo.java:updateAndGet(139)) - 29d43e8b-b8c3-435a-bf60-ec797ee46bf5: start 29d43e8b-b8c3-435a-bf60-ec797ee46bf5@group-B6676DE81A3B-LeaderStateImpl
2022-07-12 21:07:51,982 [29d43e8b-b8c3-435a-bf60-ec797ee46bf5@group-B6676DE81A3B-LeaderElection50] INFO  segmented.SegmentedRaftLogWorker (SegmentedRaftLogWorker.java:startLogSegment(425)) - 29d43e8b-b8c3-435a-bf60-ec797ee46bf5@group-B6676DE81A3B-SegmentedRaftLogWorker: Starting segment from index:0
2022-07-12 21:07:51,984 [EventQueue-PipelineReportForPipelineReportHandler] INFO  pipeline.PipelineManagerImpl (PipelineManagerImpl.java:openPipeline(359)) - Pipeline Pipeline[ Id: 7db0ef83-3d30-443f-9426-b6676de81a3b, Nodes: 29d43e8b-b8c3-435a-bf60-ec797ee46bf5{ip: 10.1.0.20, host: fv-az452-57.ku3lqr0aiaqu5kfj3xdpchcrvd.dx.internal.cloudapp.net, ports: [REPLICATION=37409, RATIS=33347, RATIS_ADMIN=33347, RATIS_SERVER=33347, STANDALONE=33283], networkLocation: /default-rack, certSerialId: null, persistedOpState: IN_SERVICE, persistedOpStateExpiryEpochSec: 0}a073d587-6aa7-4ca3-9889-8ecc19e2905e{ip: 10.1.0.20, host: fv-az452-57.ku3lqr0aiaqu5kfj3xdpchcrvd.dx.internal.cloudapp.net, ports: [REPLICATION=39359, RATIS=32847, RATIS_ADMIN=32847, RATIS_SERVER=32847, STANDALONE=35931], networkLocation: /default-rack, certSerialId: null, persistedOpState: IN_SERVICE, persistedOpStateExpiryEpochSec: 0}ddb9d7c4-a5dc-476f-83e2-b66bdd4cd965{ip: 10.1.0.20, host: fv-az452-57.ku3lqr0aiaqu5kfj3xdpchcrvd.dx.internal.cloudapp.net, ports: [REPLICATION=46187, RATIS=35703, RATIS_ADMIN=35703, RATIS_SERVER=35703, STANDALONE=37875], networkLocation: /default-rack, certSerialId: null, persistedOpState: IN_SERVICE, persistedOpStateExpiryEpochSec: 0}, ReplicationConfig: RATIS/THREE, State:ALLOCATED, leaderId:29d43e8b-b8c3-435a-bf60-ec797ee46bf5, CreationTimestamp2022-07-12T21:07:39.304Z[Etc/UTC]] moved to OPEN state
2022-07-12 21:07:51,984 [29d43e8b-b8c3-435a-bf60-ec797ee46bf5@group-B6676DE81A3B-SegmentedRaftLogWorker] INFO  segmented.SegmentedRaftLogWorker (SegmentedRaftLogWorker.java:execute(629)) - 29d43e8b-b8c3-435a-bf60-ec797ee46bf5@group-B6676DE81A3B-SegmentedRaftLogWorker: created new log segment /home/runner/work/ozone/ozone/hadoop-ozone/integration-test/target/test-dir/MiniOzoneClusterImpl-03d8019b-d99e-41ea-b31f-f002ac91f2ca/datanode-2/data/ratis/7db0ef83-3d30-443f-9426-b6676de81a3b/current/log_inprogress_0
2022-07-12 21:07:52,025 [29d43e8b-b8c3-435a-bf60-ec797ee46bf5@group-B6676DE81A3B-LeaderElection50] INFO  server.RaftServer$Division (ServerState.java:setRaftConf(393)) - 29d43e8b-b8c3-435a-bf60-ec797ee46bf5@group-B6676DE81A3B: set configuration 0: [29d43e8b-b8c3-435a-bf60-ec797ee46bf5|rpc:10.1.0.20:33347|dataStream:|priority:1, ddb9d7c4-a5dc-476f-83e2-b66bdd4cd965|rpc:10.1.0.20:35703|dataStream:|priority:0, a073d587-6aa7-4ca3-9889-8ecc19e2905e|rpc:10.1.0.20:32847|dataStream:|priority:0], old=null
2022-07-12 21:07:52,086 [grpc-default-executor-1] INFO  server.RaftServer$Division (RaftServerImpl.java:requestVote(1152)) - 29d43e8b-b8c3-435a-bf60-ec797ee46bf5@group-B6676DE81A3B: receive requestVote(ELECTION, a073d587-6aa7-4ca3-9889-8ecc19e2905e, group-B6676DE81A3B, 2, (t:0, i:0))
2022-07-12 21:07:52,086 [grpc-default-executor-1] INFO  impl.VoteContext (VoteContext.java:log(48)) - 29d43e8b-b8c3-435a-bf60-ec797ee46bf5@group-B6676DE81A3B-LEADER: reject ELECTION from a073d587-6aa7-4ca3-9889-8ecc19e2905e: already has voted for 29d43e8b-b8c3-435a-bf60-ec797ee46bf5 at current term 2
2022-07-12 21:07:52,086 [grpc-default-executor-1] INFO  server.RaftServer$Division (RaftServerImpl.java:requestVote(1184)) - 29d43e8b-b8c3-435a-bf60-ec797ee46bf5@group-B6676DE81A3B replies to ELECTION vote request: a073d587-6aa7-4ca3-9889-8ecc19e2905e<-29d43e8b-b8c3-435a-bf60-ec797ee46bf5#0:FAIL-t2. Peer's state: 29d43e8b-b8c3-435a-bf60-ec797ee46bf5@group-B6676DE81A3B:t2, leader=29d43e8b-b8c3-435a-bf60-ec797ee46bf5, voted=29d43e8b-b8c3-435a-bf60-ec797ee46bf5, raftlog=29d43e8b-b8c3-435a-bf60-ec797ee46bf5@group-B6676DE81A3B-SegmentedRaftLog:OPENED:c0, conf=0: [29d43e8b-b8c3-435a-bf60-ec797ee46bf5|rpc:10.1.0.20:33347|dataStream:|priority:1, ddb9d7c4-a5dc-476f-83e2-b66bdd4cd965|rpc:10.1.0.20:35703|dataStream:|priority:0, a073d587-6aa7-4ca3-9889-8ecc19e2905e|rpc:10.1.0.20:32847|dataStream:|priority:0], old=null
2022-07-12 21:07:52,086 [grpc-default-executor-0] INFO  server.RaftServer$Division (RaftServerImpl.java:requestVote(1152)) - ddb9d7c4-a5dc-476f-83e2-b66bdd4cd965@group-B6676DE81A3B: receive requestVote(ELECTION, a073d587-6aa7-4ca3-9889-8ecc19e2905e, group-B6676DE81A3B, 2, (t:0, i:0))
2022-07-12 21:07:52,086 [grpc-default-executor-0] INFO  impl.VoteContext (VoteContext.java:log(48)) - ddb9d7c4-a5dc-476f-83e2-b66bdd4cd965@group-B6676DE81A3B-FOLLOWER: reject ELECTION from a073d587-6aa7-4ca3-9889-8ecc19e2905e: already has voted for 29d43e8b-b8c3-435a-bf60-ec797ee46bf5 at current term 2
2022-07-12 21:07:52,086 [grpc-default-executor-0] INFO  server.RaftServer$Division (RaftServerImpl.java:requestVote(1184)) - ddb9d7c4-a5dc-476f-83e2-b66bdd4cd965@group-B6676DE81A3B replies to ELECTION vote request: a073d587-6aa7-4ca3-9889-8ecc19e2905e<-ddb9d7c4-a5dc-476f-83e2-b66bdd4cd965#0:FAIL-t2. Peer's state: ddb9d7c4-a5dc-476f-83e2-b66bdd4cd965@group-B6676DE81A3B:t2, leader=null, voted=29d43e8b-b8c3-435a-bf60-ec797ee46bf5, raftlog=ddb9d7c4-a5dc-476f-83e2-b66bdd4cd965@group-B6676DE81A3B-SegmentedRaftLog:OPENED:c-1, conf=-1: [29d43e8b-b8c3-435a-bf60-ec797ee46bf5|rpc:10.1.0.20:33347|priority:1, ddb9d7c4-a5dc-476f-83e2-b66bdd4cd965|rpc:10.1.0.20:35703|priority:0, a073d587-6aa7-4ca3-9889-8ecc19e2905e|rpc:10.1.0.20:32847|priority:0], old=null
2022-07-12 21:07:52,087 [grpc-default-executor-2] INFO  server.RaftServer$Division (RaftServerImpl.java:requestVote(1152)) - a073d587-6aa7-4ca3-9889-8ecc19e2905e@group-B6676DE81A3B: receive requestVote(ELECTION, 29d43e8b-b8c3-435a-bf60-ec797ee46bf5, group-B6676DE81A3B, 2, (t:0, i:0))
2022-07-12 21:07:52,087 [grpc-default-executor-2] INFO  impl.VoteContext (VoteContext.java:log(48)) - a073d587-6aa7-4ca3-9889-8ecc19e2905e@group-B6676DE81A3B-CANDIDATE: reject ELECTION from 29d43e8b-b8c3-435a-bf60-ec797ee46bf5: already has voted for a073d587-6aa7-4ca3-9889-8ecc19e2905e at current term 2
2022-07-12 21:07:52,087 [grpc-default-executor-2] INFO  server.RaftServer$Division (RaftServerImpl.java:requestVote(1184)) - a073d587-6aa7-4ca3-9889-8ecc19e2905e@group-B6676DE81A3B replies to ELECTION vote request: 29d43e8b-b8c3-435a-bf60-ec797ee46bf5<-a073d587-6aa7-4ca3-9889-8ecc19e2905e#0:FAIL-t2. Peer's state: a073d587-6aa7-4ca3-9889-8ecc19e2905e@group-B6676DE81A3B:t2, leader=null, voted=a073d587-6aa7-4ca3-9889-8ecc19e2905e, raftlog=a073d587-6aa7-4ca3-9889-8ecc19e2905e@group-B6676DE81A3B-SegmentedRaftLog:OPENED:c-1, conf=-1: [29d43e8b-b8c3-435a-bf60-ec797ee46bf5|rpc:10.1.0.20:33347|priority:1, ddb9d7c4-a5dc-476f-83e2-b66bdd4cd965|rpc:10.1.0.20:35703|priority:0, a073d587-6aa7-4ca3-9889-8ecc19e2905e|rpc:10.1.0.20:32847|priority:0], old=null
2022-07-12 21:07:52,147 [a073d587-6aa7-4ca3-9889-8ecc19e2905e@group-B6676DE81A3B-LeaderElection51] INFO  impl.LeaderElection (LeaderElection.java:logAndReturn(90)) - a073d587-6aa7-4ca3-9889-8ecc19e2905e@group-B6676DE81A3B-LeaderElection51: ELECTION REJECTED received 1 response(s) and 0 exception(s):
2022-07-12 21:07:52,147 [a073d587-6aa7-4ca3-9889-8ecc19e2905e@group-B6676DE81A3B-LeaderElection51] INFO  impl.LeaderElection (LeaderElection.java:logAndReturn(94)) -   Response 0: a073d587-6aa7-4ca3-9889-8ecc19e2905e<-29d43e8b-b8c3-435a-bf60-ec797ee46bf5#0:FAIL-t2
2022-07-12 21:07:52,147 [a073d587-6aa7-4ca3-9889-8ecc19e2905e@group-B6676DE81A3B-LeaderElection51] INFO  impl.LeaderElection (LeaderElection.java:askForVotes(312)) - a073d587-6aa7-4ca3-9889-8ecc19e2905e@group-B6676DE81A3B-LeaderElection51 ELECTION round 0: result REJECTED
2022-07-12 21:07:52,147 [a073d587-6aa7-4ca3-9889-8ecc19e2905e@group-B6676DE81A3B-LeaderElection51] INFO  server.RaftServer$Division (RaftServerImpl.java:setRole(299)) - a073d587-6aa7-4ca3-9889-8ecc19e2905e@group-B6676DE81A3B: changes role from CANDIDATE to FOLLOWER at term 2 for REJECTED
2022-07-12 21:07:52,147 [a073d587-6aa7-4ca3-9889-8ecc19e2905e@group-B6676DE81A3B-LeaderElection51] INFO  impl.RoleInfo (RoleInfo.java:shutdownLeaderElection(130)) - a073d587-6aa7-4ca3-9889-8ecc19e2905e: shutdown a073d587-6aa7-4ca3-9889-8ecc19e2905e@group-B6676DE81A3B-LeaderElection51
2022-07-12 21:07:52,147 [a073d587-6aa7-4ca3-9889-8ecc19e2905e@group-B6676DE81A3B-LeaderElection51] INFO  impl.RoleInfo (RoleInfo.java:updateAndGet(139)) - a073d587-6aa7-4ca3-9889-8ecc19e2905e: start a073d587-6aa7-4ca3-9889-8ecc19e2905e@group-B6676DE81A3B-FollowerState
2022-07-12 21:07:52,193 [Time-limited test] INFO  rpc.RpcClient (RpcClient.java:createVolume(466)) - Creating Volume: volume76037, with user85279 as owner and space quota set to -1 bytes, counts quota set to -1
2022-07-12 21:07:52,272 [a073d587-6aa7-4ca3-9889-8ecc19e2905e-server-thread1] INFO  ratis.XceiverServerRatis (XceiverServerRatis.java:handleLeaderChangedNotification(863)) - Leader change notification received for group: group-B6676DE81A3B with new leaderId: 29d43e8b-b8c3-435a-bf60-ec797ee46bf5
2022-07-12 21:07:52,272 [a073d587-6aa7-4ca3-9889-8ecc19e2905e-server-thread1] INFO  server.RaftServer$Division (ServerState.java:setLeader(287)) - a073d587-6aa7-4ca3-9889-8ecc19e2905e@group-B6676DE81A3B: change Leader from null to 29d43e8b-b8c3-435a-bf60-ec797ee46bf5 at term 2 for appendEntries, leader elected after 11106ms
2022-07-12 21:07:52,296 [ddb9d7c4-a5dc-476f-83e2-b66bdd4cd965-server-thread1] INFO  ratis.XceiverServerRatis (XceiverServerRatis.java:handleLeaderChangedNotification(863)) - Leader change notification received for group: group-B6676DE81A3B with new leaderId: 29d43e8b-b8c3-435a-bf60-ec797ee46bf5
2022-07-12 21:07:52,296 [ddb9d7c4-a5dc-476f-83e2-b66bdd4cd965-server-thread1] INFO  server.RaftServer$Division (ServerState.java:setLeader(287)) - ddb9d7c4-a5dc-476f-83e2-b66bdd4cd965@group-B6676DE81A3B: change Leader from null to 29d43e8b-b8c3-435a-bf60-ec797ee46bf5 at term 2 for appendEntries, leader elected after 11084ms
2022-07-12 21:07:52,330 [OM StateMachine ApplyTransaction Thread - 0] INFO  volume.OMVolumeCreateRequest (OMVolumeCreateRequest.java:validateAndUpdateCache(195)) - created volume:volume76037 for user:user85279
2022-07-12 21:07:52,331 [Time-limited test] INFO  rpc.RpcClient (RpcClient.java:createBucket(669)) - Creating Bucket: volume76037/bucket29083, with bucket layout LEGACY, runner as owner, Versioning false, Storage Type set to DISK and Encryption set to false 
2022-07-12 21:07:52,332 [OM StateMachine ApplyTransaction Thread - 0] INFO  bucket.OMBucketCreateRequest (OMBucketCreateRequest.java:validateAndUpdateCache(260)) - created bucket: bucket29083 of layout LEGACY in volume: volume76037
21:07:52.339 [IPC Server handler 9 on default port 33595] ERROR OMAudit - user=runner | ip=127.0.0.1 | op=GET_FILE_STATUS {volume=volume76037, bucket=bucket29083, key=root_dir/b/c, dataSize=0, replicationConfig=null} | ret=FAILURE
org.apache.hadoop.ozone.om.exceptions.OMException: Unable to get file status: volume: volume76037 bucket: bucket29083 key: root_dir/b/c
	at org.apache.hadoop.ozone.om.KeyManagerImpl.getOzoneFileStatus(KeyManagerImpl.java:1311) ~[ozone-manager-1.3.0-SNAPSHOT.jar:?]
	at org.apache.hadoop.ozone.om.KeyManagerImpl.getFileStatus(KeyManagerImpl.java:1241) ~[ozone-manager-1.3.0-SNAPSHOT.jar:?]
	at org.apache.hadoop.ozone.om.OzoneManager.getFileStatus(OzoneManager.java:3419) ~[ozone-manager-1.3.0-SNAPSHOT.jar:?]
	at org.apache.hadoop.ozone.protocolPB.OzoneManagerRequestHandler.getOzoneFileStatus(OzoneManagerRequestHandler.java:871) ~[ozone-manager-1.3.0-SNAPSHOT.jar:?]
	at org.apache.hadoop.ozone.protocolPB.OzoneManagerRequestHandler.handleReadRequest(OzoneManagerRequestHandler.java:217) ~[ozone-manager-1.3.0-SNAPSHOT.jar:?]
	at org.apache.hadoop.ozone.protocolPB.OzoneManagerProtocolServerSideTranslatorPB.submitReadRequestToOM(OzoneManagerProtocolServerSideTranslatorPB.java:226) ~[ozone-manager-1.3.0-SNAPSHOT.jar:?]
	at org.apache.hadoop.ozone.protocolPB.OzoneManagerProtocolServerSideTranslatorPB.processRequest(OzoneManagerProtocolServerSideTranslatorPB.java:175) ~[ozone-manager-1.3.0-SNAPSHOT.jar:?]
	at org.apache.hadoop.hdds.server.OzoneProtocolMessageDispatcher.processRequest(OzoneProtocolMessageDispatcher.java:87) [hdds-server-framework-1.3.0-SNAPSHOT.jar:?]
	at org.apache.hadoop.ozone.protocolPB.OzoneManagerProtocolServerSideTranslatorPB.submitRequest(OzoneManagerProtocolServerSideTranslatorPB.java:147) [ozone-manager-1.3.0-SNAPSHOT.jar:?]
	at org.apache.hadoop.ozone.protocol.proto.OzoneManagerProtocolProtos$OzoneManagerService$2.callBlockingMethod(OzoneManagerProtocolProtos.java) [ozone-interface-client-1.3.0-SNAPSHOT.jar:?]
	at org.apache.hadoop.ipc.ProtobufRpcEngine$Server.processCall(ProtobufRpcEngine.java:466) [hadoop-common-3.3.1.jar:?]
	at org.apache.hadoop.ipc.ProtobufRpcEngine2$Server$ProtoBufRpcInvoker.call(ProtobufRpcEngine2.java:574) [hadoop-common-3.3.1.jar:?]
	at org.apache.hadoop.ipc.ProtobufRpcEngine2$Server$ProtoBufRpcInvoker.call(ProtobufRpcEngine2.java:552) [hadoop-common-3.3.1.jar:?]
	at org.apache.hadoop.ipc.RPC$Server.call(RPC.java:1093) [hadoop-common-3.3.1.jar:?]
	at org.apache.hadoop.ipc.Server$RpcCall.run(Server.java:1035) [hadoop-common-3.3.1.jar:?]
	at org.apache.hadoop.ipc.Server$RpcCall.run(Server.java:963) [hadoop-common-3.3.1.jar:?]
	at java.security.AccessController.doPrivileged(Native Method) ~[?:1.8.0_332]
	at javax.security.auth.Subject.doAs(Subject.java:422) [?:1.8.0_332]
	at org.apache.hadoop.security.UserGroupInformation.doAs(UserGroupInformation.java:1878) [hadoop-common-3.3.1.jar:?]
	at org.apache.hadoop.ipc.Server$Handler.run(Server.java:2966) [hadoop-common-3.3.1.jar:?]
21:07:52.342 [IPC Server handler 14 on default port 33595] ERROR OMAudit - user=runner | ip=127.0.0.1 | op=GET_FILE_STATUS {volume=volume76037, bucket=bucket29083, key=root_dir/b, dataSize=0, replicationConfig=null} | ret=FAILURE
org.apache.hadoop.ozone.om.exceptions.OMException: Unable to get file status: volume: volume76037 bucket: bucket29083 key: root_dir/b
	at org.apache.hadoop.ozone.om.KeyManagerImpl.getOzoneFileStatus(KeyManagerImpl.java:1311) ~[ozone-manager-1.3.0-SNAPSHOT.jar:?]
	at org.apache.hadoop.ozone.om.KeyManagerImpl.getFileStatus(KeyManagerImpl.java:1241) ~[ozone-manager-1.3.0-SNAPSHOT.jar:?]
	at org.apache.hadoop.ozone.om.OzoneManager.getFileStatus(OzoneManager.java:3419) ~[ozone-manager-1.3.0-SNAPSHOT.jar:?]
	at org.apache.hadoop.ozone.protocolPB.OzoneManagerRequestHandler.getOzoneFileStatus(OzoneManagerRequestHandler.java:871) ~[ozone-manager-1.3.0-SNAPSHOT.jar:?]
	at org.apache.hadoop.ozone.protocolPB.OzoneManagerRequestHandler.handleReadRequest(OzoneManagerRequestHandler.java:217) ~[ozone-manager-1.3.0-SNAPSHOT.jar:?]
	at org.apache.hadoop.ozone.protocolPB.OzoneManagerProtocolServerSideTranslatorPB.submitReadRequestToOM(OzoneManagerProtocolServerSideTranslatorPB.java:226) ~[ozone-manager-1.3.0-SNAPSHOT.jar:?]
	at org.apache.hadoop.ozone.protocolPB.OzoneManagerProtocolServerSideTranslatorPB.processRequest(OzoneManagerProtocolServerSideTranslatorPB.java:175) ~[ozone-manager-1.3.0-SNAPSHOT.jar:?]
	at org.apache.hadoop.hdds.server.OzoneProtocolMessageDispatcher.processRequest(OzoneProtocolMessageDispatcher.java:87) [hdds-server-framework-1.3.0-SNAPSHOT.jar:?]
	at org.apache.hadoop.ozone.protocolPB.OzoneManagerProtocolServerSideTranslatorPB.submitRequest(OzoneManagerProtocolServerSideTranslatorPB.java:147) [ozone-manager-1.3.0-SNAPSHOT.jar:?]
	at org.apache.hadoop.ozone.protocol.proto.OzoneManagerProtocolProtos$OzoneManagerService$2.callBlockingMethod(OzoneManagerProtocolProtos.java) [ozone-interface-client-1.3.0-SNAPSHOT.jar:?]
	at org.apache.hadoop.ipc.ProtobufRpcEngine$Server.processCall(ProtobufRpcEngine.java:466) [hadoop-common-3.3.1.jar:?]
	at org.apache.hadoop.ipc.ProtobufRpcEngine2$Server$ProtoBufRpcInvoker.call(ProtobufRpcEngine2.java:574) [hadoop-common-3.3.1.jar:?]
	at org.apache.hadoop.ipc.ProtobufRpcEngine2$Server$ProtoBufRpcInvoker.call(ProtobufRpcEngine2.java:552) [hadoop-common-3.3.1.jar:?]
	at org.apache.hadoop.ipc.RPC$Server.call(RPC.java:1093) [hadoop-common-3.3.1.jar:?]
	at org.apache.hadoop.ipc.Server$RpcCall.run(Server.java:1035) [hadoop-common-3.3.1.jar:?]
	at org.apache.hadoop.ipc.Server$RpcCall.run(Server.java:963) [hadoop-common-3.3.1.jar:?]
	at java.security.AccessController.doPrivileged(Native Method) ~[?:1.8.0_332]
	at javax.security.auth.Subject.doAs(Subject.java:422) [?:1.8.0_332]
	at org.apache.hadoop.security.UserGroupInformation.doAs(UserGroupInformation.java:1878) [hadoop-common-3.3.1.jar:?]
	at org.apache.hadoop.ipc.Server$Handler.run(Server.java:2966) [hadoop-common-3.3.1.jar:?]
21:07:52.353 [IPC Server handler 0 on default port 33595] ERROR OMAudit - user=runner | ip=127.0.0.1 | op=GET_FILE_STATUS {volume=volume76037, bucket=bucket29083, key=root_dir/file1/c, dataSize=0, replicationConfig=null} | ret=FAILURE
org.apache.hadoop.ozone.om.exceptions.OMException: Unable to get file status: volume: volume76037 bucket: bucket29083 key: root_dir/file1/c
	at org.apache.hadoop.ozone.om.KeyManagerImpl.getOzoneFileStatus(KeyManagerImpl.java:1311) ~[ozone-manager-1.3.0-SNAPSHOT.jar:?]
	at org.apache.hadoop.ozone.om.KeyManagerImpl.getFileStatus(KeyManagerImpl.java:1241) ~[ozone-manager-1.3.0-SNAPSHOT.jar:?]
	at org.apache.hadoop.ozone.om.OzoneManager.getFileStatus(OzoneManager.java:3419) ~[ozone-manager-1.3.0-SNAPSHOT.jar:?]
	at org.apache.hadoop.ozone.protocolPB.OzoneManagerRequestHandler.getOzoneFileStatus(OzoneManagerRequestHandler.java:871) ~[ozone-manager-1.3.0-SNAPSHOT.jar:?]
	at org.apache.hadoop.ozone.protocolPB.OzoneManagerRequestHandler.handleReadRequest(OzoneManagerRequestHandler.java:217) ~[ozone-manager-1.3.0-SNAPSHOT.jar:?]
	at org.apache.hadoop.ozone.protocolPB.OzoneManagerProtocolServerSideTranslatorPB.submitReadRequestToOM(OzoneManagerProtocolServerSideTranslatorPB.java:226) ~[ozone-manager-1.3.0-SNAPSHOT.jar:?]
	at org.apache.hadoop.ozone.protocolPB.OzoneManagerProtocolServerSideTranslatorPB.processRequest(OzoneManagerProtocolServerSideTranslatorPB.java:175) ~[ozone-manager-1.3.0-SNAPSHOT.jar:?]
	at org.apache.hadoop.hdds.server.OzoneProtocolMessageDispatcher.processRequest(OzoneProtocolMessageDispatcher.java:87) [hdds-server-framework-1.3.0-SNAPSHOT.jar:?]
	at org.apache.hadoop.ozone.protocolPB.OzoneManagerProtocolServerSideTranslatorPB.submitRequest(OzoneManagerProtocolServerSideTranslatorPB.java:147) [ozone-manager-1.3.0-SNAPSHOT.jar:?]
	at org.apache.hadoop.ozone.protocol.proto.OzoneManagerProtocolProtos$OzoneManagerService$2.callBlockingMethod(OzoneManagerProtocolProtos.java) [ozone-interface-client-1.3.0-SNAPSHOT.jar:?]
	at org.apache.hadoop.ipc.ProtobufRpcEngine$Server.processCall(ProtobufRpcEngine.java:466) [hadoop-common-3.3.1.jar:?]
	at org.apache.hadoop.ipc.ProtobufRpcEngine2$Server$ProtoBufRpcInvoker.call(ProtobufRpcEngine2.java:574) [hadoop-common-3.3.1.jar:?]
	at org.apache.hadoop.ipc.ProtobufRpcEngine2$Server$ProtoBufRpcInvoker.call(ProtobufRpcEngine2.java:552) [hadoop-common-3.3.1.jar:?]
	at org.apache.hadoop.ipc.RPC$Server.call(RPC.java:1093) [hadoop-common-3.3.1.jar:?]
	at org.apache.hadoop.ipc.Server$RpcCall.run(Server.java:1035) [hadoop-common-3.3.1.jar:?]
	at org.apache.hadoop.ipc.Server$RpcCall.run(Server.java:963) [hadoop-common-3.3.1.jar:?]
	at java.security.AccessController.doPrivileged(Native Method) ~[?:1.8.0_332]
	at javax.security.auth.Subject.doAs(Subject.java:422) [?:1.8.0_332]
	at org.apache.hadoop.security.UserGroupInformation.doAs(UserGroupInformation.java:1878) [hadoop-common-3.3.1.jar:?]
	at org.apache.hadoop.ipc.Server$Handler.run(Server.java:2966) [hadoop-common-3.3.1.jar:?]
]]></system-out>
  </testcase>
  <testcase name="testRenameDestinationParentDoesntExist" classname="TestRootedOzoneFileSystem" time="0.161">
    <system-out><![CDATA[2022-07-12 21:09:32,718 [Time-limited test] INFO  rpc.RpcClient (RpcClient.java:createVolume(466)) - Creating Volume: volume88354, with user29570 as owner and space quota set to -1 bytes, counts quota set to -1
2022-07-12 21:09:32,719 [IPC Server handler 13 on default port 32899] INFO  volume.OMVolumeCreateRequest (OMVolumeCreateRequest.java:validateAndUpdateCache(195)) - created volume:volume88354 for user:user29570
2022-07-12 21:09:32,721 [Time-limited test] INFO  rpc.RpcClient (RpcClient.java:createBucket(669)) - Creating Bucket: volume88354/bucket03475, with bucket layout LEGACY, runner as owner, Versioning false, Storage Type set to DISK and Encryption set to false 
2022-07-12 21:09:32,721 [IPC Server handler 11 on default port 32899] INFO  bucket.OMBucketCreateRequest (OMBucketCreateRequest.java:validateAndUpdateCache(260)) - created bucket: bucket03475 of layout LEGACY in volume: volume88354
21:09:32.726 [IPC Server handler 14 on default port 32899] ERROR OMAudit - user=runner | ip=127.0.0.1 | op=GET_FILE_STATUS {volume=volume88354, bucket=bucket03475, key=root_dir/b/c, dataSize=0, replicationConfig=null} | ret=FAILURE
org.apache.hadoop.ozone.om.exceptions.OMException: Unable to get file status: volume: volume88354 bucket: bucket03475 key: root_dir/b/c
	at org.apache.hadoop.ozone.om.KeyManagerImpl.getOzoneFileStatus(KeyManagerImpl.java:1311) ~[ozone-manager-1.3.0-SNAPSHOT.jar:?]
	at org.apache.hadoop.ozone.om.KeyManagerImpl.getFileStatus(KeyManagerImpl.java:1241) ~[ozone-manager-1.3.0-SNAPSHOT.jar:?]
	at org.apache.hadoop.ozone.om.OzoneManager.getFileStatus(OzoneManager.java:3419) ~[ozone-manager-1.3.0-SNAPSHOT.jar:?]
	at org.apache.hadoop.ozone.protocolPB.OzoneManagerRequestHandler.getOzoneFileStatus(OzoneManagerRequestHandler.java:871) ~[ozone-manager-1.3.0-SNAPSHOT.jar:?]
	at org.apache.hadoop.ozone.protocolPB.OzoneManagerRequestHandler.handleReadRequest(OzoneManagerRequestHandler.java:217) ~[ozone-manager-1.3.0-SNAPSHOT.jar:?]
	at org.apache.hadoop.ozone.protocolPB.OzoneManagerProtocolServerSideTranslatorPB.submitRequestDirectlyToOM(OzoneManagerProtocolServerSideTranslatorPB.java:276) ~[ozone-manager-1.3.0-SNAPSHOT.jar:?]
	at org.apache.hadoop.ozone.protocolPB.OzoneManagerProtocolServerSideTranslatorPB.processRequest(OzoneManagerProtocolServerSideTranslatorPB.java:205) ~[ozone-manager-1.3.0-SNAPSHOT.jar:?]
	at org.apache.hadoop.hdds.server.OzoneProtocolMessageDispatcher.processRequest(OzoneProtocolMessageDispatcher.java:87) [hdds-server-framework-1.3.0-SNAPSHOT.jar:?]
	at org.apache.hadoop.ozone.protocolPB.OzoneManagerProtocolServerSideTranslatorPB.submitRequest(OzoneManagerProtocolServerSideTranslatorPB.java:147) [ozone-manager-1.3.0-SNAPSHOT.jar:?]
	at org.apache.hadoop.ozone.protocol.proto.OzoneManagerProtocolProtos$OzoneManagerService$2.callBlockingMethod(OzoneManagerProtocolProtos.java) [ozone-interface-client-1.3.0-SNAPSHOT.jar:?]
	at org.apache.hadoop.ipc.ProtobufRpcEngine$Server.processCall(ProtobufRpcEngine.java:466) [hadoop-common-3.3.1.jar:?]
	at org.apache.hadoop.ipc.ProtobufRpcEngine2$Server$ProtoBufRpcInvoker.call(ProtobufRpcEngine2.java:574) [hadoop-common-3.3.1.jar:?]
	at org.apache.hadoop.ipc.ProtobufRpcEngine2$Server$ProtoBufRpcInvoker.call(ProtobufRpcEngine2.java:552) [hadoop-common-3.3.1.jar:?]
	at org.apache.hadoop.ipc.RPC$Server.call(RPC.java:1093) [hadoop-common-3.3.1.jar:?]
	at org.apache.hadoop.ipc.Server$RpcCall.run(Server.java:1035) [hadoop-common-3.3.1.jar:?]
	at org.apache.hadoop.ipc.Server$RpcCall.run(Server.java:963) [hadoop-common-3.3.1.jar:?]
	at java.security.AccessController.doPrivileged(Native Method) ~[?:1.8.0_332]
	at javax.security.auth.Subject.doAs(Subject.java:422) [?:1.8.0_332]
	at org.apache.hadoop.security.UserGroupInformation.doAs(UserGroupInformation.java:1878) [hadoop-common-3.3.1.jar:?]
	at org.apache.hadoop.ipc.Server$Handler.run(Server.java:2966) [hadoop-common-3.3.1.jar:?]
21:09:32.728 [IPC Server handler 5 on default port 32899] ERROR OMAudit - user=runner | ip=127.0.0.1 | op=GET_FILE_STATUS {volume=volume88354, bucket=bucket03475, key=root_dir/b, dataSize=0, replicationConfig=null} | ret=FAILURE
org.apache.hadoop.ozone.om.exceptions.OMException: Unable to get file status: volume: volume88354 bucket: bucket03475 key: root_dir/b
	at org.apache.hadoop.ozone.om.KeyManagerImpl.getOzoneFileStatus(KeyManagerImpl.java:1311) ~[ozone-manager-1.3.0-SNAPSHOT.jar:?]
	at org.apache.hadoop.ozone.om.KeyManagerImpl.getFileStatus(KeyManagerImpl.java:1241) ~[ozone-manager-1.3.0-SNAPSHOT.jar:?]
	at org.apache.hadoop.ozone.om.OzoneManager.getFileStatus(OzoneManager.java:3419) ~[ozone-manager-1.3.0-SNAPSHOT.jar:?]
	at org.apache.hadoop.ozone.protocolPB.OzoneManagerRequestHandler.getOzoneFileStatus(OzoneManagerRequestHandler.java:871) ~[ozone-manager-1.3.0-SNAPSHOT.jar:?]
	at org.apache.hadoop.ozone.protocolPB.OzoneManagerRequestHandler.handleReadRequest(OzoneManagerRequestHandler.java:217) ~[ozone-manager-1.3.0-SNAPSHOT.jar:?]
	at org.apache.hadoop.ozone.protocolPB.OzoneManagerProtocolServerSideTranslatorPB.submitRequestDirectlyToOM(OzoneManagerProtocolServerSideTranslatorPB.java:276) ~[ozone-manager-1.3.0-SNAPSHOT.jar:?]
	at org.apache.hadoop.ozone.protocolPB.OzoneManagerProtocolServerSideTranslatorPB.processRequest(OzoneManagerProtocolServerSideTranslatorPB.java:205) ~[ozone-manager-1.3.0-SNAPSHOT.jar:?]
	at org.apache.hadoop.hdds.server.OzoneProtocolMessageDispatcher.processRequest(OzoneProtocolMessageDispatcher.java:87) [hdds-server-framework-1.3.0-SNAPSHOT.jar:?]
	at org.apache.hadoop.ozone.protocolPB.OzoneManagerProtocolServerSideTranslatorPB.submitRequest(OzoneManagerProtocolServerSideTranslatorPB.java:147) [ozone-manager-1.3.0-SNAPSHOT.jar:?]
	at org.apache.hadoop.ozone.protocol.proto.OzoneManagerProtocolProtos$OzoneManagerService$2.callBlockingMethod(OzoneManagerProtocolProtos.java) [ozone-interface-client-1.3.0-SNAPSHOT.jar:?]
	at org.apache.hadoop.ipc.ProtobufRpcEngine$Server.processCall(ProtobufRpcEngine.java:466) [hadoop-common-3.3.1.jar:?]
	at org.apache.hadoop.ipc.ProtobufRpcEngine2$Server$ProtoBufRpcInvoker.call(ProtobufRpcEngine2.java:574) [hadoop-common-3.3.1.jar:?]
	at org.apache.hadoop.ipc.ProtobufRpcEngine2$Server$ProtoBufRpcInvoker.call(ProtobufRpcEngine2.java:552) [hadoop-common-3.3.1.jar:?]
	at org.apache.hadoop.ipc.RPC$Server.call(RPC.java:1093) [hadoop-common-3.3.1.jar:?]
	at org.apache.hadoop.ipc.Server$RpcCall.run(Server.java:1035) [hadoop-common-3.3.1.jar:?]
	at org.apache.hadoop.ipc.Server$RpcCall.run(Server.java:963) [hadoop-common-3.3.1.jar:?]
	at java.security.AccessController.doPrivileged(Native Method) ~[?:1.8.0_332]
	at javax.security.auth.Subject.doAs(Subject.java:422) [?:1.8.0_332]
	at org.apache.hadoop.security.UserGroupInformation.doAs(UserGroupInformation.java:1878) [hadoop-common-3.3.1.jar:?]
	at org.apache.hadoop.ipc.Server$Handler.run(Server.java:2966) [hadoop-common-3.3.1.jar:?]
21:09:32.751 [IPC Server handler 13 on default port 32899] ERROR OMAudit - user=runner | ip=127.0.0.1 | op=GET_FILE_STATUS {volume=volume88354, bucket=bucket03475, key=root_dir/file1/c, dataSize=0, replicationConfig=null} | ret=FAILURE
org.apache.hadoop.ozone.om.exceptions.OMException: Unable to get file status: volume: volume88354 bucket: bucket03475 key: root_dir/file1/c
	at org.apache.hadoop.ozone.om.KeyManagerImpl.getOzoneFileStatus(KeyManagerImpl.java:1311) ~[ozone-manager-1.3.0-SNAPSHOT.jar:?]
	at org.apache.hadoop.ozone.om.KeyManagerImpl.getFileStatus(KeyManagerImpl.java:1241) ~[ozone-manager-1.3.0-SNAPSHOT.jar:?]
	at org.apache.hadoop.ozone.om.OzoneManager.getFileStatus(OzoneManager.java:3419) ~[ozone-manager-1.3.0-SNAPSHOT.jar:?]
	at org.apache.hadoop.ozone.protocolPB.OzoneManagerRequestHandler.getOzoneFileStatus(OzoneManagerRequestHandler.java:871) ~[ozone-manager-1.3.0-SNAPSHOT.jar:?]
	at org.apache.hadoop.ozone.protocolPB.OzoneManagerRequestHandler.handleReadRequest(OzoneManagerRequestHandler.java:217) ~[ozone-manager-1.3.0-SNAPSHOT.jar:?]
	at org.apache.hadoop.ozone.protocolPB.OzoneManagerProtocolServerSideTranslatorPB.submitRequestDirectlyToOM(OzoneManagerProtocolServerSideTranslatorPB.java:276) ~[ozone-manager-1.3.0-SNAPSHOT.jar:?]
	at org.apache.hadoop.ozone.protocolPB.OzoneManagerProtocolServerSideTranslatorPB.processRequest(OzoneManagerProtocolServerSideTranslatorPB.java:205) ~[ozone-manager-1.3.0-SNAPSHOT.jar:?]
	at org.apache.hadoop.hdds.server.OzoneProtocolMessageDispatcher.processRequest(OzoneProtocolMessageDispatcher.java:87) [hdds-server-framework-1.3.0-SNAPSHOT.jar:?]
	at org.apache.hadoop.ozone.protocolPB.OzoneManagerProtocolServerSideTranslatorPB.submitRequest(OzoneManagerProtocolServerSideTranslatorPB.java:147) [ozone-manager-1.3.0-SNAPSHOT.jar:?]
	at org.apache.hadoop.ozone.protocol.proto.OzoneManagerProtocolProtos$OzoneManagerService$2.callBlockingMethod(OzoneManagerProtocolProtos.java) [ozone-interface-client-1.3.0-SNAPSHOT.jar:?]
	at org.apache.hadoop.ipc.ProtobufRpcEngine$Server.processCall(ProtobufRpcEngine.java:466) [hadoop-common-3.3.1.jar:?]
	at org.apache.hadoop.ipc.ProtobufRpcEngine2$Server$ProtoBufRpcInvoker.call(ProtobufRpcEngine2.java:574) [hadoop-common-3.3.1.jar:?]
	at org.apache.hadoop.ipc.ProtobufRpcEngine2$Server$ProtoBufRpcInvoker.call(ProtobufRpcEngine2.java:552) [hadoop-common-3.3.1.jar:?]
	at org.apache.hadoop.ipc.RPC$Server.call(RPC.java:1093) [hadoop-common-3.3.1.jar:?]
	at org.apache.hadoop.ipc.Server$RpcCall.run(Server.java:1035) [hadoop-common-3.3.1.jar:?]
	at org.apache.hadoop.ipc.Server$RpcCall.run(Server.java:963) [hadoop-common-3.3.1.jar:?]
	at java.security.AccessController.doPrivileged(Native Method) ~[?:1.8.0_332]
	at javax.security.auth.Subject.doAs(Subject.java:422) [?:1.8.0_332]
	at org.apache.hadoop.security.UserGroupInformation.doAs(UserGroupInformation.java:1878) [hadoop-common-3.3.1.jar:?]
	at org.apache.hadoop.ipc.Server$Handler.run(Server.java:2966) [hadoop-common-3.3.1.jar:?]
]]></system-out>
  </testcase>
  <testcase name="testGetFileStatusRoot" classname="TestRootedOzoneFileSystem" time="0.058">
    <system-out><![CDATA[2022-07-12 21:04:07,282 [Time-limited test] INFO  rpc.RpcClient (RpcClient.java:createVolume(466)) - Creating Volume: volume91259, with user34135 as owner and space quota set to -1 bytes, counts quota set to -1
2022-07-12 21:04:07,284 [OM StateMachine ApplyTransaction Thread - 0] INFO  volume.OMVolumeCreateRequest (OMVolumeCreateRequest.java:validateAndUpdateCache(195)) - created volume:volume91259 for user:user34135
2022-07-12 21:04:07,287 [Time-limited test] INFO  rpc.RpcClient (RpcClient.java:createBucket(669)) - Creating Bucket: volume91259/bucket11423, with bucket layout LEGACY, runner as owner, Versioning false, Storage Type set to DISK and Encryption set to false 
2022-07-12 21:04:07,290 [OM StateMachine ApplyTransaction Thread - 0] INFO  bucket.OMBucketCreateRequest (OMBucketCreateRequest.java:validateAndUpdateCache(260)) - created bucket: bucket11423 of layout LEGACY in volume: volume91259
]]></system-out>
  </testcase>
  <testcase name="testGetFileStatusRoot" classname="TestRootedOzoneFileSystem" time="0.065">
    <system-out><![CDATA[2022-07-12 21:05:19,368 [Time-limited test] INFO  rpc.RpcClient (RpcClient.java:createVolume(466)) - Creating Volume: volume30709, with user71548 as owner and space quota set to -1 bytes, counts quota set to -1
2022-07-12 21:05:19,370 [OM StateMachine ApplyTransaction Thread - 0] INFO  volume.OMVolumeCreateRequest (OMVolumeCreateRequest.java:validateAndUpdateCache(195)) - created volume:volume30709 for user:user71548
2022-07-12 21:05:19,371 [Time-limited test] INFO  rpc.RpcClient (RpcClient.java:createBucket(669)) - Creating Bucket: volume30709/bucket28576, with bucket layout LEGACY, runner as owner, Versioning false, Storage Type set to DISK and Encryption set to false 
2022-07-12 21:05:19,372 [OM StateMachine ApplyTransaction Thread - 0] INFO  bucket.OMBucketCreateRequest (OMBucketCreateRequest.java:validateAndUpdateCache(260)) - created bucket: bucket28576 of layout LEGACY in volume: volume30709
]]></system-out>
  </testcase>
  <testcase name="testGetFileStatusRoot" classname="TestRootedOzoneFileSystem" time="0.138">
    <system-out><![CDATA[2022-07-12 21:06:32,889 [0047f0d6-cad6-4c01-8720-7c34e3f82305@group-E5193E0A4BDE-FollowerState] INFO  impl.FollowerState (FollowerState.java:run(143)) - 0047f0d6-cad6-4c01-8720-7c34e3f82305@group-E5193E0A4BDE-FollowerState: change to CANDIDATE, lastRpcElapsedTime:5064677396ns, electionTimeout:5040ms
2022-07-12 21:06:32,889 [0047f0d6-cad6-4c01-8720-7c34e3f82305@group-E5193E0A4BDE-FollowerState] INFO  impl.RoleInfo (RoleInfo.java:shutdownFollowerState(110)) - 0047f0d6-cad6-4c01-8720-7c34e3f82305: shutdown 0047f0d6-cad6-4c01-8720-7c34e3f82305@group-E5193E0A4BDE-FollowerState
2022-07-12 21:06:32,889 [0047f0d6-cad6-4c01-8720-7c34e3f82305@group-E5193E0A4BDE-FollowerState] INFO  server.RaftServer$Division (RaftServerImpl.java:setRole(299)) - 0047f0d6-cad6-4c01-8720-7c34e3f82305@group-E5193E0A4BDE: changes role from  FOLLOWER to CANDIDATE at term 0 for changeToCandidate
2022-07-12 21:06:32,903 [0047f0d6-cad6-4c01-8720-7c34e3f82305@group-E5193E0A4BDE-FollowerState] INFO  server.RaftServerConfigKeys (ConfUtils.java:logGet(46)) - raft.server.leaderelection.pre-vote = false (custom)
2022-07-12 21:06:32,904 [0047f0d6-cad6-4c01-8720-7c34e3f82305@group-E5193E0A4BDE-FollowerState] INFO  impl.RoleInfo (RoleInfo.java:updateAndGet(139)) - 0047f0d6-cad6-4c01-8720-7c34e3f82305: start 0047f0d6-cad6-4c01-8720-7c34e3f82305@group-E5193E0A4BDE-LeaderElection36
2022-07-12 21:06:32,944 [Time-limited test] INFO  rpc.RpcClient (RpcClient.java:createVolume(466)) - Creating Volume: volume01985, with user08094 as owner and space quota set to -1 bytes, counts quota set to -1
2022-07-12 21:06:32,944 [IPC Server handler 9 on default port 37581] INFO  volume.OMVolumeCreateRequest (OMVolumeCreateRequest.java:validateAndUpdateCache(195)) - created volume:volume01985 for user:user08094
2022-07-12 21:06:32,952 [Time-limited test] INFO  rpc.RpcClient (RpcClient.java:createBucket(669)) - Creating Bucket: volume01985/bucket23525, with bucket layout LEGACY, runner as owner, Versioning false, Storage Type set to DISK and Encryption set to false 
2022-07-12 21:06:32,953 [IPC Server handler 17 on default port 37581] INFO  bucket.OMBucketCreateRequest (OMBucketCreateRequest.java:validateAndUpdateCache(260)) - created bucket: bucket23525 of layout LEGACY in volume: volume01985
]]></system-out>
  </testcase>
  <testcase name="testGetFileStatusRoot" classname="TestRootedOzoneFileSystem" time="0.168">
    <system-out><![CDATA[2022-07-12 21:07:52,372 [ddb9d7c4-a5dc-476f-83e2-b66bdd4cd965-server-thread1] INFO  server.RaftServer$Division (ServerState.java:setRaftConf(393)) - ddb9d7c4-a5dc-476f-83e2-b66bdd4cd965@group-B6676DE81A3B: set configuration 0: [29d43e8b-b8c3-435a-bf60-ec797ee46bf5|rpc:10.1.0.20:33347|dataStream:|priority:1, ddb9d7c4-a5dc-476f-83e2-b66bdd4cd965|rpc:10.1.0.20:35703|dataStream:|priority:0, a073d587-6aa7-4ca3-9889-8ecc19e2905e|rpc:10.1.0.20:32847|dataStream:|priority:0], old=null
2022-07-12 21:07:52,372 [ddb9d7c4-a5dc-476f-83e2-b66bdd4cd965-server-thread1] INFO  segmented.SegmentedRaftLogWorker (SegmentedRaftLogWorker.java:startLogSegment(425)) - ddb9d7c4-a5dc-476f-83e2-b66bdd4cd965@group-B6676DE81A3B-SegmentedRaftLogWorker: Starting segment from index:0
2022-07-12 21:07:52,374 [ddb9d7c4-a5dc-476f-83e2-b66bdd4cd965@group-B6676DE81A3B-SegmentedRaftLogWorker] INFO  segmented.SegmentedRaftLogWorker (SegmentedRaftLogWorker.java:execute(629)) - ddb9d7c4-a5dc-476f-83e2-b66bdd4cd965@group-B6676DE81A3B-SegmentedRaftLogWorker: created new log segment /home/runner/work/ozone/ozone/hadoop-ozone/integration-test/target/test-dir/MiniOzoneClusterImpl-03d8019b-d99e-41ea-b31f-f002ac91f2ca/datanode-0/data/ratis/7db0ef83-3d30-443f-9426-b6676de81a3b/current/log_inprogress_0
2022-07-12 21:07:52,396 [a073d587-6aa7-4ca3-9889-8ecc19e2905e-server-thread1] INFO  server.RaftServer$Division (ServerState.java:setRaftConf(393)) - a073d587-6aa7-4ca3-9889-8ecc19e2905e@group-B6676DE81A3B: set configuration 0: [29d43e8b-b8c3-435a-bf60-ec797ee46bf5|rpc:10.1.0.20:33347|dataStream:|priority:1, ddb9d7c4-a5dc-476f-83e2-b66bdd4cd965|rpc:10.1.0.20:35703|dataStream:|priority:0, a073d587-6aa7-4ca3-9889-8ecc19e2905e|rpc:10.1.0.20:32847|dataStream:|priority:0], old=null
2022-07-12 21:07:52,396 [a073d587-6aa7-4ca3-9889-8ecc19e2905e-server-thread1] INFO  segmented.SegmentedRaftLogWorker (SegmentedRaftLogWorker.java:startLogSegment(425)) - a073d587-6aa7-4ca3-9889-8ecc19e2905e@group-B6676DE81A3B-SegmentedRaftLogWorker: Starting segment from index:0
2022-07-12 21:07:52,399 [a073d587-6aa7-4ca3-9889-8ecc19e2905e@group-B6676DE81A3B-SegmentedRaftLogWorker] INFO  segmented.SegmentedRaftLogWorker (SegmentedRaftLogWorker.java:execute(629)) - a073d587-6aa7-4ca3-9889-8ecc19e2905e@group-B6676DE81A3B-SegmentedRaftLogWorker: created new log segment /home/runner/work/ozone/ozone/hadoop-ozone/integration-test/target/test-dir/MiniOzoneClusterImpl-03d8019b-d99e-41ea-b31f-f002ac91f2ca/datanode-1/data/ratis/7db0ef83-3d30-443f-9426-b6676de81a3b/current/log_inprogress_0
2022-07-12 21:07:52,502 [Time-limited test] INFO  rpc.RpcClient (RpcClient.java:createVolume(466)) - Creating Volume: volume98679, with user59389 as owner and space quota set to -1 bytes, counts quota set to -1
2022-07-12 21:07:52,508 [OM StateMachine ApplyTransaction Thread - 0] INFO  volume.OMVolumeCreateRequest (OMVolumeCreateRequest.java:validateAndUpdateCache(195)) - created volume:volume98679 for user:user59389
2022-07-12 21:07:52,510 [Time-limited test] INFO  rpc.RpcClient (RpcClient.java:createBucket(669)) - Creating Bucket: volume98679/bucket22698, with bucket layout LEGACY, runner as owner, Versioning false, Storage Type set to DISK and Encryption set to false 
2022-07-12 21:07:52,513 [OM StateMachine ApplyTransaction Thread - 0] INFO  bucket.OMBucketCreateRequest (OMBucketCreateRequest.java:validateAndUpdateCache(260)) - created bucket: bucket22698 of layout LEGACY in volume: volume98679
]]></system-out>
  </testcase>
  <testcase name="testGetFileStatusRoot" classname="TestRootedOzoneFileSystem" time="0.143">
    <system-out><![CDATA[2022-07-12 21:09:32,916 [Time-limited test] INFO  rpc.RpcClient (RpcClient.java:createVolume(466)) - Creating Volume: volume64280, with user65693 as owner and space quota set to -1 bytes, counts quota set to -1
2022-07-12 21:09:32,920 [IPC Server handler 11 on default port 32899] INFO  volume.OMVolumeCreateRequest (OMVolumeCreateRequest.java:validateAndUpdateCache(195)) - created volume:volume64280 for user:user65693
2022-07-12 21:09:32,921 [Time-limited test] INFO  rpc.RpcClient (RpcClient.java:createBucket(669)) - Creating Bucket: volume64280/bucket52940, with bucket layout LEGACY, runner as owner, Versioning false, Storage Type set to DISK and Encryption set to false 
2022-07-12 21:09:32,922 [IPC Server handler 15 on default port 32899] INFO  bucket.OMBucketCreateRequest (OMBucketCreateRequest.java:validateAndUpdateCache(260)) - created bucket: bucket52940 of layout LEGACY in volume: volume64280
]]></system-out>
  </testcase>
  <testcase name="testCreateWithInvalidPaths" classname="TestRootedOzoneFileSystem" time="0.069">
    <system-out><![CDATA[2022-07-12 21:04:07,346 [Time-limited test] INFO  rpc.RpcClient (RpcClient.java:createVolume(466)) - Creating Volume: volume66798, with user37923 as owner and space quota set to -1 bytes, counts quota set to -1
2022-07-12 21:04:07,349 [OM StateMachine ApplyTransaction Thread - 0] INFO  volume.OMVolumeCreateRequest (OMVolumeCreateRequest.java:validateAndUpdateCache(195)) - created volume:volume66798 for user:user37923
2022-07-12 21:04:07,353 [Time-limited test] INFO  rpc.RpcClient (RpcClient.java:createBucket(669)) - Creating Bucket: volume66798/bucket33466, with bucket layout LEGACY, runner as owner, Versioning false, Storage Type set to DISK and Encryption set to false 
2022-07-12 21:04:07,355 [OM StateMachine ApplyTransaction Thread - 0] INFO  bucket.OMBucketCreateRequest (OMBucketCreateRequest.java:validateAndUpdateCache(260)) - created bucket: bucket33466 of layout LEGACY in volume: volume66798
]]></system-out>
  </testcase>
  <testcase name="testCreateWithInvalidPaths" classname="TestRootedOzoneFileSystem" time="0.086">
    <system-out><![CDATA[2022-07-12 21:05:19,442 [Time-limited test] INFO  rpc.RpcClient (RpcClient.java:createVolume(466)) - Creating Volume: volume21657, with user56425 as owner and space quota set to -1 bytes, counts quota set to -1
2022-07-12 21:05:19,446 [OM StateMachine ApplyTransaction Thread - 0] INFO  volume.OMVolumeCreateRequest (OMVolumeCreateRequest.java:validateAndUpdateCache(195)) - created volume:volume21657 for user:user56425
2022-07-12 21:05:19,447 [Time-limited test] INFO  rpc.RpcClient (RpcClient.java:createBucket(669)) - Creating Bucket: volume21657/bucket38853, with bucket layout LEGACY, runner as owner, Versioning false, Storage Type set to DISK and Encryption set to false 
2022-07-12 21:05:19,449 [OM StateMachine ApplyTransaction Thread - 0] INFO  bucket.OMBucketCreateRequest (OMBucketCreateRequest.java:validateAndUpdateCache(260)) - created bucket: bucket38853 of layout LEGACY in volume: volume21657
]]></system-out>
  </testcase>
  <testcase name="testCreateWithInvalidPaths" classname="TestRootedOzoneFileSystem" time="0.15">
    <system-out><![CDATA[2022-07-12 21:06:32,971 [0047f0d6-cad6-4c01-8720-7c34e3f82305@group-E5193E0A4BDE-LeaderElection36] INFO  impl.LeaderElection (LeaderElection.java:askForVotes(310)) - 0047f0d6-cad6-4c01-8720-7c34e3f82305@group-E5193E0A4BDE-LeaderElection36 ELECTION round 0: submit vote requests at term 1 for -1: [0047f0d6-cad6-4c01-8720-7c34e3f82305|rpc:10.1.0.20:43179|priority:1], old=null
2022-07-12 21:06:32,972 [0047f0d6-cad6-4c01-8720-7c34e3f82305@group-E5193E0A4BDE-LeaderElection36] INFO  impl.LeaderElection (LeaderElection.java:askForVotes(312)) - 0047f0d6-cad6-4c01-8720-7c34e3f82305@group-E5193E0A4BDE-LeaderElection36 ELECTION round 0: result PASSED (term=1)
2022-07-12 21:06:32,972 [0047f0d6-cad6-4c01-8720-7c34e3f82305@group-E5193E0A4BDE-LeaderElection36] INFO  impl.RoleInfo (RoleInfo.java:shutdownLeaderElection(130)) - 0047f0d6-cad6-4c01-8720-7c34e3f82305: shutdown 0047f0d6-cad6-4c01-8720-7c34e3f82305@group-E5193E0A4BDE-LeaderElection36
2022-07-12 21:06:32,972 [0047f0d6-cad6-4c01-8720-7c34e3f82305@group-E5193E0A4BDE-LeaderElection36] INFO  server.RaftServer$Division (RaftServerImpl.java:setRole(299)) - 0047f0d6-cad6-4c01-8720-7c34e3f82305@group-E5193E0A4BDE: changes role from CANDIDATE to LEADER at term 1 for changeToLeader
2022-07-12 21:06:32,972 [0047f0d6-cad6-4c01-8720-7c34e3f82305@group-E5193E0A4BDE-LeaderElection36] INFO  ratis.XceiverServerRatis (XceiverServerRatis.java:handleLeaderChangedNotification(863)) - Leader change notification received for group: group-E5193E0A4BDE with new leaderId: 0047f0d6-cad6-4c01-8720-7c34e3f82305
2022-07-12 21:06:32,972 [0047f0d6-cad6-4c01-8720-7c34e3f82305@group-E5193E0A4BDE-LeaderElection36] INFO  server.RaftServer$Division (ServerState.java:setLeader(287)) - 0047f0d6-cad6-4c01-8720-7c34e3f82305@group-E5193E0A4BDE: change Leader from null to 0047f0d6-cad6-4c01-8720-7c34e3f82305 at term 1 for becomeLeader, leader elected after 5265ms
2022-07-12 21:06:32,972 [0047f0d6-cad6-4c01-8720-7c34e3f82305@group-E5193E0A4BDE-LeaderElection36] INFO  server.RaftServerConfigKeys (ConfUtils.java:logGet(46)) - raft.server.staging.catchup.gap = 1000 (default)
2022-07-12 21:06:32,972 [0047f0d6-cad6-4c01-8720-7c34e3f82305@group-E5193E0A4BDE-LeaderElection36] INFO  server.RaftServerConfigKeys (ConfUtils.java:logGet(46)) - raft.server.write.element-limit = 1024 (custom)
2022-07-12 21:06:32,972 [0047f0d6-cad6-4c01-8720-7c34e3f82305@group-E5193E0A4BDE-LeaderElection36] INFO  server.RaftServerConfigKeys (ConfUtils.java:logGet(46)) - raft.server.write.byte-limit = 1024 M (=1073741824) (custom)
2022-07-12 21:06:32,973 [0047f0d6-cad6-4c01-8720-7c34e3f82305@group-E5193E0A4BDE-LeaderElection36] INFO  server.RaftServerConfigKeys (ConfUtils.java:logGet(46)) - raft.server.watch.timeout = 180s (custom)
2022-07-12 21:06:32,973 [0047f0d6-cad6-4c01-8720-7c34e3f82305@group-E5193E0A4BDE-LeaderElection36] INFO  server.RaftServerConfigKeys (ConfUtils.java:logGet(46)) - raft.server.watch.timeout.denomination = 1s (default)
2022-07-12 21:06:32,973 [0047f0d6-cad6-4c01-8720-7c34e3f82305@group-E5193E0A4BDE-LeaderElection36] INFO  server.RaftServerConfigKeys (ConfUtils.java:logGet(46)) - raft.server.watch.element-limit = 65536 (default)
2022-07-12 21:06:32,973 [0047f0d6-cad6-4c01-8720-7c34e3f82305@group-E5193E0A4BDE-LeaderElection36] INFO  server.RaftServerConfigKeys (ConfUtils.java:logGet(46)) - raft.server.write.element-limit = 1024 (custom)
2022-07-12 21:06:32,973 [0047f0d6-cad6-4c01-8720-7c34e3f82305@group-E5193E0A4BDE-LeaderElection36] INFO  server.RaftServerConfigKeys (ConfUtils.java:logGet(46)) - raft.server.write.follower.gap.ratio.max = -1.0 (default)
2022-07-12 21:06:32,973 [0047f0d6-cad6-4c01-8720-7c34e3f82305@group-E5193E0A4BDE-LeaderElection36] INFO  impl.RoleInfo (RoleInfo.java:updateAndGet(139)) - 0047f0d6-cad6-4c01-8720-7c34e3f82305: start 0047f0d6-cad6-4c01-8720-7c34e3f82305@group-E5193E0A4BDE-LeaderStateImpl
2022-07-12 21:06:32,973 [0047f0d6-cad6-4c01-8720-7c34e3f82305@group-E5193E0A4BDE-LeaderElection36] INFO  segmented.SegmentedRaftLogWorker (SegmentedRaftLogWorker.java:startLogSegment(425)) - 0047f0d6-cad6-4c01-8720-7c34e3f82305@group-E5193E0A4BDE-SegmentedRaftLogWorker: Starting segment from index:0
2022-07-12 21:06:32,976 [0047f0d6-cad6-4c01-8720-7c34e3f82305@group-E5193E0A4BDE-SegmentedRaftLogWorker] INFO  segmented.SegmentedRaftLogWorker (SegmentedRaftLogWorker.java:execute(629)) - 0047f0d6-cad6-4c01-8720-7c34e3f82305@group-E5193E0A4BDE-SegmentedRaftLogWorker: created new log segment /home/runner/work/ozone/ozone/hadoop-ozone/integration-test/target/test-dir/MiniOzoneClusterImpl-f732ff5a-6050-490e-9ecc-7e3ed1996e94/datanode-4/data/ratis/e625bbb4-f795-494b-8b0e-e5193e0a4bde/current/log_inprogress_0
2022-07-12 21:06:32,995 [0047f0d6-cad6-4c01-8720-7c34e3f82305@group-E5193E0A4BDE-LeaderElection36] INFO  server.RaftServer$Division (ServerState.java:setRaftConf(393)) - 0047f0d6-cad6-4c01-8720-7c34e3f82305@group-E5193E0A4BDE: set configuration 0: [0047f0d6-cad6-4c01-8720-7c34e3f82305|rpc:10.1.0.20:43179|dataStream:|priority:1], old=null
2022-07-12 21:06:33,078 [Time-limited test] INFO  rpc.RpcClient (RpcClient.java:createVolume(466)) - Creating Volume: volume92202, with user31472 as owner and space quota set to -1 bytes, counts quota set to -1
2022-07-12 21:06:33,084 [IPC Server handler 18 on default port 37581] INFO  volume.OMVolumeCreateRequest (OMVolumeCreateRequest.java:validateAndUpdateCache(195)) - created volume:volume92202 for user:user31472
2022-07-12 21:06:33,095 [Time-limited test] INFO  rpc.RpcClient (RpcClient.java:createBucket(669)) - Creating Bucket: volume92202/bucket17814, with bucket layout LEGACY, runner as owner, Versioning false, Storage Type set to DISK and Encryption set to false 
2022-07-12 21:06:33,096 [IPC Server handler 16 on default port 37581] INFO  bucket.OMBucketCreateRequest (OMBucketCreateRequest.java:validateAndUpdateCache(260)) - created bucket: bucket17814 of layout LEGACY in volume: volume92202
]]></system-out>
  </testcase>
  <testcase name="testCreateWithInvalidPaths" classname="TestRootedOzoneFileSystem" time="0.13">
    <system-out><![CDATA[2022-07-12 21:07:52,634 [Time-limited test] INFO  rpc.RpcClient (RpcClient.java:createVolume(466)) - Creating Volume: volume55082, with user65610 as owner and space quota set to -1 bytes, counts quota set to -1
2022-07-12 21:07:52,637 [OM StateMachine ApplyTransaction Thread - 0] INFO  volume.OMVolumeCreateRequest (OMVolumeCreateRequest.java:validateAndUpdateCache(195)) - created volume:volume55082 for user:user65610
2022-07-12 21:07:52,644 [Time-limited test] INFO  rpc.RpcClient (RpcClient.java:createBucket(669)) - Creating Bucket: volume55082/bucket60234, with bucket layout LEGACY, runner as owner, Versioning false, Storage Type set to DISK and Encryption set to false 
2022-07-12 21:07:52,645 [OM StateMachine ApplyTransaction Thread - 0] INFO  bucket.OMBucketCreateRequest (OMBucketCreateRequest.java:validateAndUpdateCache(260)) - created bucket: bucket60234 of layout LEGACY in volume: volume55082
]]></system-out>
  </testcase>
  <testcase name="testCreateWithInvalidPaths" classname="TestRootedOzoneFileSystem" time="0.179">
    <system-out><![CDATA[2022-07-12 21:09:33,104 [Time-limited test] INFO  rpc.RpcClient (RpcClient.java:createVolume(466)) - Creating Volume: volume00778, with user25524 as owner and space quota set to -1 bytes, counts quota set to -1
2022-07-12 21:09:33,105 [IPC Server handler 6 on default port 32899] INFO  volume.OMVolumeCreateRequest (OMVolumeCreateRequest.java:validateAndUpdateCache(195)) - created volume:volume00778 for user:user25524
2022-07-12 21:09:33,106 [Time-limited test] INFO  rpc.RpcClient (RpcClient.java:createBucket(669)) - Creating Bucket: volume00778/bucket70401, with bucket layout LEGACY, runner as owner, Versioning false, Storage Type set to DISK and Encryption set to false 
2022-07-12 21:09:33,106 [IPC Server handler 0 on default port 32899] INFO  bucket.OMBucketCreateRequest (OMBucketCreateRequest.java:validateAndUpdateCache(260)) - created bucket: bucket70401 of layout LEGACY in volume: volume00778
]]></system-out>
  </testcase>
  <testcase name="testDeleteEmptyVolume" classname="TestRootedOzoneFileSystem" time="0.084">
    <system-out><![CDATA[2022-07-12 21:04:07,415 [Time-limited test] INFO  rpc.RpcClient (RpcClient.java:createVolume(466)) - Creating Volume: volume82799, with user66903 as owner and space quota set to -1 bytes, counts quota set to -1
2022-07-12 21:04:07,418 [OM StateMachine ApplyTransaction Thread - 0] INFO  volume.OMVolumeCreateRequest (OMVolumeCreateRequest.java:validateAndUpdateCache(195)) - created volume:volume82799 for user:user66903
2022-07-12 21:04:07,421 [Time-limited test] INFO  rpc.RpcClient (RpcClient.java:createBucket(669)) - Creating Bucket: volume82799/bucket58414, with bucket layout LEGACY, runner as owner, Versioning false, Storage Type set to DISK and Encryption set to false 
2022-07-12 21:04:07,424 [OM StateMachine ApplyTransaction Thread - 0] INFO  bucket.OMBucketCreateRequest (OMBucketCreateRequest.java:validateAndUpdateCache(260)) - created bucket: bucket58414 of layout LEGACY in volume: volume82799
2022-07-12 21:04:07,428 [Time-limited test] INFO  rpc.RpcClient (RpcClient.java:createVolume(466)) - Creating Volume: volume-50506, with runner as owner and space quota set to -1 bytes, counts quota set to -1
2022-07-12 21:04:07,431 [OM StateMachine ApplyTransaction Thread - 0] INFO  volume.OMVolumeCreateRequest (OMVolumeCreateRequest.java:validateAndUpdateCache(195)) - created volume:volume-50506 for user:runner
]]></system-out>
  </testcase>
  <testcase name="testDeleteEmptyVolume" classname="TestRootedOzoneFileSystem" time="0.124">
    <system-out><![CDATA[2022-07-12 21:05:19,565 [Time-limited test] INFO  rpc.RpcClient (RpcClient.java:createVolume(466)) - Creating Volume: volume81511, with user98574 as owner and space quota set to -1 bytes, counts quota set to -1
2022-07-12 21:05:19,567 [OM StateMachine ApplyTransaction Thread - 0] INFO  volume.OMVolumeCreateRequest (OMVolumeCreateRequest.java:validateAndUpdateCache(195)) - created volume:volume81511 for user:user98574
2022-07-12 21:05:19,569 [Time-limited test] INFO  rpc.RpcClient (RpcClient.java:createBucket(669)) - Creating Bucket: volume81511/bucket20825, with bucket layout LEGACY, runner as owner, Versioning false, Storage Type set to DISK and Encryption set to false 
2022-07-12 21:05:19,573 [OM StateMachine ApplyTransaction Thread - 0] INFO  bucket.OMBucketCreateRequest (OMBucketCreateRequest.java:validateAndUpdateCache(260)) - created bucket: bucket20825 of layout LEGACY in volume: volume81511
2022-07-12 21:05:19,575 [Time-limited test] INFO  rpc.RpcClient (RpcClient.java:createVolume(466)) - Creating Volume: volume-97088, with runner as owner and space quota set to -1 bytes, counts quota set to -1
2022-07-12 21:05:19,578 [OM StateMachine ApplyTransaction Thread - 0] INFO  volume.OMVolumeCreateRequest (OMVolumeCreateRequest.java:validateAndUpdateCache(195)) - created volume:volume-97088 for user:runner
21:05:19.584 [IPC Server handler 12 on default port 38457] ERROR OMAudit - user=runner | ip=127.0.0.1 | op=READ_VOLUME {volume=volume-97088} | ret=FAILURE
org.apache.hadoop.ozone.om.exceptions.OMException: Volume volume-97088 is not found
	at org.apache.hadoop.ozone.om.VolumeManagerImpl.getVolumeInfo(VolumeManagerImpl.java:74) ~[ozone-manager-1.3.0-SNAPSHOT.jar:?]
	at org.apache.hadoop.ozone.om.OzoneManager.getVolumeInfo(OzoneManager.java:2602) ~[ozone-manager-1.3.0-SNAPSHOT.jar:?]
	at org.apache.hadoop.ozone.protocolPB.OzoneManagerRequestHandler.infoVolume(OzoneManagerRequestHandler.java:390) ~[ozone-manager-1.3.0-SNAPSHOT.jar:?]
	at org.apache.hadoop.ozone.protocolPB.OzoneManagerRequestHandler.handleReadRequest(OzoneManagerRequestHandler.java:162) ~[ozone-manager-1.3.0-SNAPSHOT.jar:?]
	at org.apache.hadoop.ozone.protocolPB.OzoneManagerProtocolServerSideTranslatorPB.submitReadRequestToOM(OzoneManagerProtocolServerSideTranslatorPB.java:226) ~[ozone-manager-1.3.0-SNAPSHOT.jar:?]
	at org.apache.hadoop.ozone.protocolPB.OzoneManagerProtocolServerSideTranslatorPB.processRequest(OzoneManagerProtocolServerSideTranslatorPB.java:175) ~[ozone-manager-1.3.0-SNAPSHOT.jar:?]
	at org.apache.hadoop.hdds.server.OzoneProtocolMessageDispatcher.processRequest(OzoneProtocolMessageDispatcher.java:87) [hdds-server-framework-1.3.0-SNAPSHOT.jar:?]
	at org.apache.hadoop.ozone.protocolPB.OzoneManagerProtocolServerSideTranslatorPB.submitRequest(OzoneManagerProtocolServerSideTranslatorPB.java:147) [ozone-manager-1.3.0-SNAPSHOT.jar:?]
	at org.apache.hadoop.ozone.protocol.proto.OzoneManagerProtocolProtos$OzoneManagerService$2.callBlockingMethod(OzoneManagerProtocolProtos.java) [ozone-interface-client-1.3.0-SNAPSHOT.jar:?]
	at org.apache.hadoop.ipc.ProtobufRpcEngine$Server.processCall(ProtobufRpcEngine.java:466) [hadoop-common-3.3.1.jar:?]
	at org.apache.hadoop.ipc.ProtobufRpcEngine2$Server$ProtoBufRpcInvoker.call(ProtobufRpcEngine2.java:574) [hadoop-common-3.3.1.jar:?]
	at org.apache.hadoop.ipc.ProtobufRpcEngine2$Server$ProtoBufRpcInvoker.call(ProtobufRpcEngine2.java:552) [hadoop-common-3.3.1.jar:?]
	at org.apache.hadoop.ipc.RPC$Server.call(RPC.java:1093) [hadoop-common-3.3.1.jar:?]
	at org.apache.hadoop.ipc.Server$RpcCall.run(Server.java:1035) [hadoop-common-3.3.1.jar:?]
	at org.apache.hadoop.ipc.Server$RpcCall.run(Server.java:963) [hadoop-common-3.3.1.jar:?]
	at java.security.AccessController.doPrivileged(Native Method) ~[?:1.8.0_332]
	at javax.security.auth.Subject.doAs(Subject.java:422) [?:1.8.0_332]
	at org.apache.hadoop.security.UserGroupInformation.doAs(UserGroupInformation.java:1878) [hadoop-common-3.3.1.jar:?]
	at org.apache.hadoop.ipc.Server$Handler.run(Server.java:2966) [hadoop-common-3.3.1.jar:?]
]]></system-out>
  </testcase>
  <testcase name="testDeleteEmptyVolume" classname="TestRootedOzoneFileSystem" time="0.139">
    <system-out><![CDATA[2022-07-12 21:06:33,208 [Time-limited test] INFO  rpc.RpcClient (RpcClient.java:createVolume(466)) - Creating Volume: volume08517, with user55290 as owner and space quota set to -1 bytes, counts quota set to -1
2022-07-12 21:06:33,209 [IPC Server handler 17 on default port 37581] INFO  volume.OMVolumeCreateRequest (OMVolumeCreateRequest.java:validateAndUpdateCache(195)) - created volume:volume08517 for user:user55290
2022-07-12 21:06:33,213 [Time-limited test] INFO  rpc.RpcClient (RpcClient.java:createBucket(669)) - Creating Bucket: volume08517/bucket39509, with bucket layout LEGACY, runner as owner, Versioning false, Storage Type set to DISK and Encryption set to false 
2022-07-12 21:06:33,214 [IPC Server handler 14 on default port 37581] INFO  bucket.OMBucketCreateRequest (OMBucketCreateRequest.java:validateAndUpdateCache(260)) - created bucket: bucket39509 of layout LEGACY in volume: volume08517
2022-07-12 21:06:33,221 [Time-limited test] INFO  rpc.RpcClient (RpcClient.java:createVolume(466)) - Creating Volume: volume-31342, with runner as owner and space quota set to -1 bytes, counts quota set to -1
2022-07-12 21:06:33,221 [IPC Server handler 1 on default port 37581] INFO  volume.OMVolumeCreateRequest (OMVolumeCreateRequest.java:validateAndUpdateCache(195)) - created volume:volume-31342 for user:runner
21:06:33.223 [IPC Server handler 10 on default port 37581] ERROR OMAudit - user=runner | ip=127.0.0.1 | op=READ_VOLUME {volume=volume-31342} | ret=FAILURE
org.apache.hadoop.ozone.om.exceptions.OMException: Volume volume-31342 is not found
	at org.apache.hadoop.ozone.om.VolumeManagerImpl.getVolumeInfo(VolumeManagerImpl.java:74) ~[ozone-manager-1.3.0-SNAPSHOT.jar:?]
	at org.apache.hadoop.ozone.om.OzoneManager.getVolumeInfo(OzoneManager.java:2602) ~[ozone-manager-1.3.0-SNAPSHOT.jar:?]
	at org.apache.hadoop.ozone.protocolPB.OzoneManagerRequestHandler.infoVolume(OzoneManagerRequestHandler.java:390) ~[ozone-manager-1.3.0-SNAPSHOT.jar:?]
	at org.apache.hadoop.ozone.protocolPB.OzoneManagerRequestHandler.handleReadRequest(OzoneManagerRequestHandler.java:162) ~[ozone-manager-1.3.0-SNAPSHOT.jar:?]
	at org.apache.hadoop.ozone.protocolPB.OzoneManagerProtocolServerSideTranslatorPB.submitRequestDirectlyToOM(OzoneManagerProtocolServerSideTranslatorPB.java:276) ~[ozone-manager-1.3.0-SNAPSHOT.jar:?]
	at org.apache.hadoop.ozone.protocolPB.OzoneManagerProtocolServerSideTranslatorPB.processRequest(OzoneManagerProtocolServerSideTranslatorPB.java:205) ~[ozone-manager-1.3.0-SNAPSHOT.jar:?]
	at org.apache.hadoop.hdds.server.OzoneProtocolMessageDispatcher.processRequest(OzoneProtocolMessageDispatcher.java:87) [hdds-server-framework-1.3.0-SNAPSHOT.jar:?]
	at org.apache.hadoop.ozone.protocolPB.OzoneManagerProtocolServerSideTranslatorPB.submitRequest(OzoneManagerProtocolServerSideTranslatorPB.java:147) [ozone-manager-1.3.0-SNAPSHOT.jar:?]
	at org.apache.hadoop.ozone.protocol.proto.OzoneManagerProtocolProtos$OzoneManagerService$2.callBlockingMethod(OzoneManagerProtocolProtos.java) [ozone-interface-client-1.3.0-SNAPSHOT.jar:?]
	at org.apache.hadoop.ipc.ProtobufRpcEngine$Server.processCall(ProtobufRpcEngine.java:466) [hadoop-common-3.3.1.jar:?]
	at org.apache.hadoop.ipc.ProtobufRpcEngine2$Server$ProtoBufRpcInvoker.call(ProtobufRpcEngine2.java:574) [hadoop-common-3.3.1.jar:?]
	at org.apache.hadoop.ipc.ProtobufRpcEngine2$Server$ProtoBufRpcInvoker.call(ProtobufRpcEngine2.java:552) [hadoop-common-3.3.1.jar:?]
	at org.apache.hadoop.ipc.RPC$Server.call(RPC.java:1093) [hadoop-common-3.3.1.jar:?]
	at org.apache.hadoop.ipc.Server$RpcCall.run(Server.java:1035) [hadoop-common-3.3.1.jar:?]
	at org.apache.hadoop.ipc.Server$RpcCall.run(Server.java:963) [hadoop-common-3.3.1.jar:?]
	at java.security.AccessController.doPrivileged(Native Method) ~[?:1.8.0_332]
	at javax.security.auth.Subject.doAs(Subject.java:422) [?:1.8.0_332]
	at org.apache.hadoop.security.UserGroupInformation.doAs(UserGroupInformation.java:1878) [hadoop-common-3.3.1.jar:?]
	at org.apache.hadoop.ipc.Server$Handler.run(Server.java:2966) [hadoop-common-3.3.1.jar:?]
]]></system-out>
  </testcase>
  <testcase name="testDeleteEmptyVolume" classname="TestRootedOzoneFileSystem" time="0.248">
    <system-out><![CDATA[2022-07-12 21:07:52,862 [Time-limited test] INFO  rpc.RpcClient (RpcClient.java:createVolume(466)) - Creating Volume: volume28808, with user25730 as owner and space quota set to -1 bytes, counts quota set to -1
2022-07-12 21:07:52,880 [OM StateMachine ApplyTransaction Thread - 0] INFO  volume.OMVolumeCreateRequest (OMVolumeCreateRequest.java:validateAndUpdateCache(195)) - created volume:volume28808 for user:user25730
2022-07-12 21:07:52,884 [Time-limited test] INFO  rpc.RpcClient (RpcClient.java:createBucket(669)) - Creating Bucket: volume28808/bucket91625, with bucket layout LEGACY, runner as owner, Versioning false, Storage Type set to DISK and Encryption set to false 
2022-07-12 21:07:52,885 [OM StateMachine ApplyTransaction Thread - 0] INFO  bucket.OMBucketCreateRequest (OMBucketCreateRequest.java:validateAndUpdateCache(260)) - created bucket: bucket91625 of layout LEGACY in volume: volume28808
2022-07-12 21:07:52,887 [Time-limited test] INFO  rpc.RpcClient (RpcClient.java:createVolume(466)) - Creating Volume: volume-45521, with runner as owner and space quota set to -1 bytes, counts quota set to -1
2022-07-12 21:07:52,888 [OM StateMachine ApplyTransaction Thread - 0] INFO  volume.OMVolumeCreateRequest (OMVolumeCreateRequest.java:validateAndUpdateCache(195)) - created volume:volume-45521 for user:runner
21:07:52.899 [IPC Server handler 10 on default port 33595] ERROR OMAudit - user=runner | ip=127.0.0.1 | op=READ_VOLUME {volume=volume-45521} | ret=FAILURE
org.apache.hadoop.ozone.om.exceptions.OMException: Volume volume-45521 is not found
	at org.apache.hadoop.ozone.om.VolumeManagerImpl.getVolumeInfo(VolumeManagerImpl.java:74) ~[ozone-manager-1.3.0-SNAPSHOT.jar:?]
	at org.apache.hadoop.ozone.om.OzoneManager.getVolumeInfo(OzoneManager.java:2602) ~[ozone-manager-1.3.0-SNAPSHOT.jar:?]
	at org.apache.hadoop.ozone.protocolPB.OzoneManagerRequestHandler.infoVolume(OzoneManagerRequestHandler.java:390) ~[ozone-manager-1.3.0-SNAPSHOT.jar:?]
	at org.apache.hadoop.ozone.protocolPB.OzoneManagerRequestHandler.handleReadRequest(OzoneManagerRequestHandler.java:162) ~[ozone-manager-1.3.0-SNAPSHOT.jar:?]
	at org.apache.hadoop.ozone.protocolPB.OzoneManagerProtocolServerSideTranslatorPB.submitReadRequestToOM(OzoneManagerProtocolServerSideTranslatorPB.java:226) ~[ozone-manager-1.3.0-SNAPSHOT.jar:?]
	at org.apache.hadoop.ozone.protocolPB.OzoneManagerProtocolServerSideTranslatorPB.processRequest(OzoneManagerProtocolServerSideTranslatorPB.java:175) ~[ozone-manager-1.3.0-SNAPSHOT.jar:?]
	at org.apache.hadoop.hdds.server.OzoneProtocolMessageDispatcher.processRequest(OzoneProtocolMessageDispatcher.java:87) [hdds-server-framework-1.3.0-SNAPSHOT.jar:?]
	at org.apache.hadoop.ozone.protocolPB.OzoneManagerProtocolServerSideTranslatorPB.submitRequest(OzoneManagerProtocolServerSideTranslatorPB.java:147) [ozone-manager-1.3.0-SNAPSHOT.jar:?]
	at org.apache.hadoop.ozone.protocol.proto.OzoneManagerProtocolProtos$OzoneManagerService$2.callBlockingMethod(OzoneManagerProtocolProtos.java) [ozone-interface-client-1.3.0-SNAPSHOT.jar:?]
	at org.apache.hadoop.ipc.ProtobufRpcEngine$Server.processCall(ProtobufRpcEngine.java:466) [hadoop-common-3.3.1.jar:?]
	at org.apache.hadoop.ipc.ProtobufRpcEngine2$Server$ProtoBufRpcInvoker.call(ProtobufRpcEngine2.java:574) [hadoop-common-3.3.1.jar:?]
	at org.apache.hadoop.ipc.ProtobufRpcEngine2$Server$ProtoBufRpcInvoker.call(ProtobufRpcEngine2.java:552) [hadoop-common-3.3.1.jar:?]
	at org.apache.hadoop.ipc.RPC$Server.call(RPC.java:1093) [hadoop-common-3.3.1.jar:?]
	at org.apache.hadoop.ipc.Server$RpcCall.run(Server.java:1035) [hadoop-common-3.3.1.jar:?]
	at org.apache.hadoop.ipc.Server$RpcCall.run(Server.java:963) [hadoop-common-3.3.1.jar:?]
	at java.security.AccessController.doPrivileged(Native Method) ~[?:1.8.0_332]
	at javax.security.auth.Subject.doAs(Subject.java:422) [?:1.8.0_332]
	at org.apache.hadoop.security.UserGroupInformation.doAs(UserGroupInformation.java:1878) [hadoop-common-3.3.1.jar:?]
	at org.apache.hadoop.ipc.Server$Handler.run(Server.java:2966) [hadoop-common-3.3.1.jar:?]
]]></system-out>
  </testcase>
  <testcase name="testDeleteEmptyVolume" classname="TestRootedOzoneFileSystem" time="0.239">
    <system-out><![CDATA[2022-07-12 21:09:33,296 [Time-limited test] INFO  rpc.RpcClient (RpcClient.java:createVolume(466)) - Creating Volume: volume78855, with user60069 as owner and space quota set to -1 bytes, counts quota set to -1
2022-07-12 21:09:33,296 [IPC Server handler 15 on default port 32899] INFO  volume.OMVolumeCreateRequest (OMVolumeCreateRequest.java:validateAndUpdateCache(195)) - created volume:volume78855 for user:user60069
2022-07-12 21:09:33,297 [Time-limited test] INFO  rpc.RpcClient (RpcClient.java:createBucket(669)) - Creating Bucket: volume78855/bucket78039, with bucket layout LEGACY, runner as owner, Versioning false, Storage Type set to DISK and Encryption set to false 
2022-07-12 21:09:33,298 [IPC Server handler 19 on default port 32899] INFO  bucket.OMBucketCreateRequest (OMBucketCreateRequest.java:validateAndUpdateCache(260)) - created bucket: bucket78039 of layout LEGACY in volume: volume78855
2022-07-12 21:09:33,302 [Time-limited test] INFO  rpc.RpcClient (RpcClient.java:createVolume(466)) - Creating Volume: volume-80742, with runner as owner and space quota set to -1 bytes, counts quota set to -1
2022-07-12 21:09:33,303 [IPC Server handler 18 on default port 32899] INFO  volume.OMVolumeCreateRequest (OMVolumeCreateRequest.java:validateAndUpdateCache(195)) - created volume:volume-80742 for user:runner
21:09:33.309 [IPC Server handler 7 on default port 32899] ERROR OMAudit - user=runner | ip=127.0.0.1 | op=READ_VOLUME {volume=volume-80742} | ret=FAILURE
org.apache.hadoop.ozone.om.exceptions.OMException: Volume volume-80742 is not found
	at org.apache.hadoop.ozone.om.VolumeManagerImpl.getVolumeInfo(VolumeManagerImpl.java:74) ~[ozone-manager-1.3.0-SNAPSHOT.jar:?]
	at org.apache.hadoop.ozone.om.OzoneManager.getVolumeInfo(OzoneManager.java:2602) ~[ozone-manager-1.3.0-SNAPSHOT.jar:?]
	at org.apache.hadoop.ozone.protocolPB.OzoneManagerRequestHandler.infoVolume(OzoneManagerRequestHandler.java:390) ~[ozone-manager-1.3.0-SNAPSHOT.jar:?]
	at org.apache.hadoop.ozone.protocolPB.OzoneManagerRequestHandler.handleReadRequest(OzoneManagerRequestHandler.java:162) ~[ozone-manager-1.3.0-SNAPSHOT.jar:?]
	at org.apache.hadoop.ozone.protocolPB.OzoneManagerProtocolServerSideTranslatorPB.submitRequestDirectlyToOM(OzoneManagerProtocolServerSideTranslatorPB.java:276) ~[ozone-manager-1.3.0-SNAPSHOT.jar:?]
	at org.apache.hadoop.ozone.protocolPB.OzoneManagerProtocolServerSideTranslatorPB.processRequest(OzoneManagerProtocolServerSideTranslatorPB.java:205) ~[ozone-manager-1.3.0-SNAPSHOT.jar:?]
	at org.apache.hadoop.hdds.server.OzoneProtocolMessageDispatcher.processRequest(OzoneProtocolMessageDispatcher.java:87) [hdds-server-framework-1.3.0-SNAPSHOT.jar:?]
	at org.apache.hadoop.ozone.protocolPB.OzoneManagerProtocolServerSideTranslatorPB.submitRequest(OzoneManagerProtocolServerSideTranslatorPB.java:147) [ozone-manager-1.3.0-SNAPSHOT.jar:?]
	at org.apache.hadoop.ozone.protocol.proto.OzoneManagerProtocolProtos$OzoneManagerService$2.callBlockingMethod(OzoneManagerProtocolProtos.java) [ozone-interface-client-1.3.0-SNAPSHOT.jar:?]
	at org.apache.hadoop.ipc.ProtobufRpcEngine$Server.processCall(ProtobufRpcEngine.java:466) [hadoop-common-3.3.1.jar:?]
	at org.apache.hadoop.ipc.ProtobufRpcEngine2$Server$ProtoBufRpcInvoker.call(ProtobufRpcEngine2.java:574) [hadoop-common-3.3.1.jar:?]
	at org.apache.hadoop.ipc.ProtobufRpcEngine2$Server$ProtoBufRpcInvoker.call(ProtobufRpcEngine2.java:552) [hadoop-common-3.3.1.jar:?]
	at org.apache.hadoop.ipc.RPC$Server.call(RPC.java:1093) [hadoop-common-3.3.1.jar:?]
	at org.apache.hadoop.ipc.Server$RpcCall.run(Server.java:1035) [hadoop-common-3.3.1.jar:?]
	at org.apache.hadoop.ipc.Server$RpcCall.run(Server.java:963) [hadoop-common-3.3.1.jar:?]
	at java.security.AccessController.doPrivileged(Native Method) ~[?:1.8.0_332]
	at javax.security.auth.Subject.doAs(Subject.java:422) [?:1.8.0_332]
	at org.apache.hadoop.security.UserGroupInformation.doAs(UserGroupInformation.java:1878) [hadoop-common-3.3.1.jar:?]
	at org.apache.hadoop.ipc.Server$Handler.run(Server.java:2966) [hadoop-common-3.3.1.jar:?]
]]></system-out>
  </testcase>
  <testcase name="testListStatusRootAndVolumeContinuation" classname="TestRootedOzoneFileSystem" time="0">
    <skipped type="org.junit.AssumptionViolatedException"><![CDATA[org.junit.AssumptionViolatedException: FS Path is enabled. Skipping this test as it is not tuned for FS Path yet
	at org.junit.Assume.assumeTrue(Assume.java:68)
	at org.apache.hadoop.fs.ozone.TestRootedOzoneFileSystem.testListStatusRootAndVolumeContinuation(TestRootedOzoneFileSystem.java:912)
	at sun.reflect.NativeMethodAccessorImpl.invoke0(Native Method)
	at sun.reflect.NativeMethodAccessorImpl.invoke(NativeMethodAccessorImpl.java:62)
	at sun.reflect.DelegatingMethodAccessorImpl.invoke(DelegatingMethodAccessorImpl.java:43)
	at java.lang.reflect.Method.invoke(Method.java:498)
	at org.junit.runners.model.FrameworkMethod$1.runReflectiveCall(FrameworkMethod.java:59)
	at org.junit.internal.runners.model.ReflectiveCallable.run(ReflectiveCallable.java:12)
	at org.junit.runners.model.FrameworkMethod.invokeExplosively(FrameworkMethod.java:56)
	at org.junit.internal.runners.statements.InvokeMethod.evaluate(InvokeMethod.java:17)
	at org.junit.internal.runners.statements.RunBefores.evaluate(RunBefores.java:26)
	at org.junit.internal.runners.statements.RunAfters.evaluate(RunAfters.java:27)
	at org.junit.internal.runners.statements.FailOnTimeout$CallableStatement.call(FailOnTimeout.java:288)
	at org.junit.internal.runners.statements.FailOnTimeout$CallableStatement.call(FailOnTimeout.java:282)
	at java.util.concurrent.FutureTask.run(FutureTask.java:266)
	at java.lang.Thread.run(Thread.java:750)
]]></skipped>
    <system-out><![CDATA[2022-07-12 21:04:07,509 [Time-limited test] INFO  rpc.RpcClient (RpcClient.java:createVolume(466)) - Creating Volume: volume94875, with user38813 as owner and space quota set to -1 bytes, counts quota set to -1
2022-07-12 21:04:07,512 [OM StateMachine ApplyTransaction Thread - 0] INFO  volume.OMVolumeCreateRequest (OMVolumeCreateRequest.java:validateAndUpdateCache(195)) - created volume:volume94875 for user:user38813
2022-07-12 21:04:07,515 [Time-limited test] INFO  rpc.RpcClient (RpcClient.java:createBucket(669)) - Creating Bucket: volume94875/bucket34838, with bucket layout LEGACY, runner as owner, Versioning false, Storage Type set to DISK and Encryption set to false 
2022-07-12 21:04:07,517 [OM StateMachine ApplyTransaction Thread - 0] INFO  bucket.OMBucketCreateRequest (OMBucketCreateRequest.java:validateAndUpdateCache(260)) - created bucket: bucket34838 of layout LEGACY in volume: volume94875
]]></system-out>
  </testcase>
  <testcase name="testListStatusRootAndVolumeContinuation" classname="TestRootedOzoneFileSystem" time="0">
    <skipped type="org.junit.AssumptionViolatedException"><![CDATA[org.junit.AssumptionViolatedException: FS Path is enabled. Skipping this test as it is not tuned for FS Path yet
	at org.junit.Assume.assumeTrue(Assume.java:68)
	at org.apache.hadoop.fs.ozone.TestRootedOzoneFileSystem.testListStatusRootAndVolumeContinuation(TestRootedOzoneFileSystem.java:912)
	at sun.reflect.NativeMethodAccessorImpl.invoke0(Native Method)
	at sun.reflect.NativeMethodAccessorImpl.invoke(NativeMethodAccessorImpl.java:62)
	at sun.reflect.DelegatingMethodAccessorImpl.invoke(DelegatingMethodAccessorImpl.java:43)
	at java.lang.reflect.Method.invoke(Method.java:498)
	at org.junit.runners.model.FrameworkMethod$1.runReflectiveCall(FrameworkMethod.java:59)
	at org.junit.internal.runners.model.ReflectiveCallable.run(ReflectiveCallable.java:12)
	at org.junit.runners.model.FrameworkMethod.invokeExplosively(FrameworkMethod.java:56)
	at org.junit.internal.runners.statements.InvokeMethod.evaluate(InvokeMethod.java:17)
	at org.junit.internal.runners.statements.RunBefores.evaluate(RunBefores.java:26)
	at org.junit.internal.runners.statements.RunAfters.evaluate(RunAfters.java:27)
	at org.junit.internal.runners.statements.FailOnTimeout$CallableStatement.call(FailOnTimeout.java:288)
	at org.junit.internal.runners.statements.FailOnTimeout$CallableStatement.call(FailOnTimeout.java:282)
	at java.util.concurrent.FutureTask.run(FutureTask.java:266)
	at java.lang.Thread.run(Thread.java:750)
]]></skipped>
    <system-out><![CDATA[2022-07-12 21:05:19,683 [Time-limited test] INFO  rpc.RpcClient (RpcClient.java:createVolume(466)) - Creating Volume: volume36630, with user98288 as owner and space quota set to -1 bytes, counts quota set to -1
2022-07-12 21:05:19,685 [OM StateMachine ApplyTransaction Thread - 0] INFO  volume.OMVolumeCreateRequest (OMVolumeCreateRequest.java:validateAndUpdateCache(195)) - created volume:volume36630 for user:user98288
2022-07-12 21:05:19,687 [Time-limited test] INFO  rpc.RpcClient (RpcClient.java:createBucket(669)) - Creating Bucket: volume36630/bucket39356, with bucket layout LEGACY, runner as owner, Versioning false, Storage Type set to DISK and Encryption set to false 
2022-07-12 21:05:19,688 [OM StateMachine ApplyTransaction Thread - 0] INFO  bucket.OMBucketCreateRequest (OMBucketCreateRequest.java:validateAndUpdateCache(260)) - created bucket: bucket39356 of layout LEGACY in volume: volume36630
]]></system-out>
  </testcase>
  <testcase name="testListStatusRootAndVolumeContinuation" classname="TestRootedOzoneFileSystem" time="0">
    <skipped type="org.junit.AssumptionViolatedException"><![CDATA[org.junit.AssumptionViolatedException: FS Path is enabled. Skipping this test as it is not tuned for FS Path yet
	at org.junit.Assume.assumeTrue(Assume.java:68)
	at org.apache.hadoop.fs.ozone.TestRootedOzoneFileSystem.testListStatusRootAndVolumeContinuation(TestRootedOzoneFileSystem.java:912)
	at sun.reflect.NativeMethodAccessorImpl.invoke0(Native Method)
	at sun.reflect.NativeMethodAccessorImpl.invoke(NativeMethodAccessorImpl.java:62)
	at sun.reflect.DelegatingMethodAccessorImpl.invoke(DelegatingMethodAccessorImpl.java:43)
	at java.lang.reflect.Method.invoke(Method.java:498)
	at org.junit.runners.model.FrameworkMethod$1.runReflectiveCall(FrameworkMethod.java:59)
	at org.junit.internal.runners.model.ReflectiveCallable.run(ReflectiveCallable.java:12)
	at org.junit.runners.model.FrameworkMethod.invokeExplosively(FrameworkMethod.java:56)
	at org.junit.internal.runners.statements.InvokeMethod.evaluate(InvokeMethod.java:17)
	at org.junit.internal.runners.statements.RunBefores.evaluate(RunBefores.java:26)
	at org.junit.internal.runners.statements.RunAfters.evaluate(RunAfters.java:27)
	at org.junit.internal.runners.statements.FailOnTimeout$CallableStatement.call(FailOnTimeout.java:288)
	at org.junit.internal.runners.statements.FailOnTimeout$CallableStatement.call(FailOnTimeout.java:282)
	at java.util.concurrent.FutureTask.run(FutureTask.java:266)
	at java.lang.Thread.run(Thread.java:750)
]]></skipped>
    <system-out><![CDATA[2022-07-12 21:06:33,400 [Time-limited test] INFO  rpc.RpcClient (RpcClient.java:createVolume(466)) - Creating Volume: volume61247, with user57653 as owner and space quota set to -1 bytes, counts quota set to -1
2022-07-12 21:06:33,400 [IPC Server handler 13 on default port 37581] INFO  volume.OMVolumeCreateRequest (OMVolumeCreateRequest.java:validateAndUpdateCache(195)) - created volume:volume61247 for user:user57653
2022-07-12 21:06:33,404 [Time-limited test] INFO  rpc.RpcClient (RpcClient.java:createBucket(669)) - Creating Bucket: volume61247/bucket87500, with bucket layout LEGACY, runner as owner, Versioning false, Storage Type set to DISK and Encryption set to false 
2022-07-12 21:06:33,405 [IPC Server handler 10 on default port 37581] INFO  bucket.OMBucketCreateRequest (OMBucketCreateRequest.java:validateAndUpdateCache(260)) - created bucket: bucket87500 of layout LEGACY in volume: volume61247
]]></system-out>
  </testcase>
  <testcase name="testListStatusRootAndVolumeContinuation" classname="TestRootedOzoneFileSystem" time="1.78">
    <system-out><![CDATA[2022-07-12 21:07:53,023 [Time-limited test] INFO  rpc.RpcClient (RpcClient.java:createVolume(466)) - Creating Volume: volume43949, with user18230 as owner and space quota set to -1 bytes, counts quota set to -1
2022-07-12 21:07:53,024 [OM StateMachine ApplyTransaction Thread - 0] INFO  volume.OMVolumeCreateRequest (OMVolumeCreateRequest.java:validateAndUpdateCache(195)) - created volume:volume43949 for user:user18230
2022-07-12 21:07:53,026 [Time-limited test] INFO  rpc.RpcClient (RpcClient.java:createBucket(669)) - Creating Bucket: volume43949/bucket72223, with bucket layout LEGACY, runner as owner, Versioning false, Storage Type set to DISK and Encryption set to false 
2022-07-12 21:07:53,028 [OM StateMachine ApplyTransaction Thread - 0] INFO  bucket.OMBucketCreateRequest (OMBucketCreateRequest.java:validateAndUpdateCache(260)) - created bucket: bucket72223 of layout LEGACY in volume: volume43949
21:07:53.031 [IPC Server handler 15 on default port 33595] ERROR OMAudit - user=runner | ip=127.0.0.1 | op=READ_BUCKET {volume=volume-58459, bucket=bucket-76609} | ret=FAILURE
org.apache.hadoop.ozone.om.exceptions.OMException: Volume not found when getting bucket info
	at org.apache.hadoop.ozone.om.BucketManagerImpl.getBucketInfo(BucketManagerImpl.java:127) ~[ozone-manager-1.3.0-SNAPSHOT.jar:?]
	at org.apache.hadoop.ozone.om.OzoneManager.getBucketInfo(OzoneManager.java:2778) ~[ozone-manager-1.3.0-SNAPSHOT.jar:?]
	at org.apache.hadoop.ozone.protocolPB.OzoneManagerRequestHandler.infoBucket(OzoneManagerRequestHandler.java:464) ~[ozone-manager-1.3.0-SNAPSHOT.jar:?]
	at org.apache.hadoop.ozone.protocolPB.OzoneManagerRequestHandler.handleReadRequest(OzoneManagerRequestHandler.java:172) ~[ozone-manager-1.3.0-SNAPSHOT.jar:?]
	at org.apache.hadoop.ozone.protocolPB.OzoneManagerProtocolServerSideTranslatorPB.submitReadRequestToOM(OzoneManagerProtocolServerSideTranslatorPB.java:226) ~[ozone-manager-1.3.0-SNAPSHOT.jar:?]
	at org.apache.hadoop.ozone.protocolPB.OzoneManagerProtocolServerSideTranslatorPB.processRequest(OzoneManagerProtocolServerSideTranslatorPB.java:175) ~[ozone-manager-1.3.0-SNAPSHOT.jar:?]
	at org.apache.hadoop.hdds.server.OzoneProtocolMessageDispatcher.processRequest(OzoneProtocolMessageDispatcher.java:87) [hdds-server-framework-1.3.0-SNAPSHOT.jar:?]
	at org.apache.hadoop.ozone.protocolPB.OzoneManagerProtocolServerSideTranslatorPB.submitRequest(OzoneManagerProtocolServerSideTranslatorPB.java:147) [ozone-manager-1.3.0-SNAPSHOT.jar:?]
	at org.apache.hadoop.ozone.protocol.proto.OzoneManagerProtocolProtos$OzoneManagerService$2.callBlockingMethod(OzoneManagerProtocolProtos.java) [ozone-interface-client-1.3.0-SNAPSHOT.jar:?]
	at org.apache.hadoop.ipc.ProtobufRpcEngine$Server.processCall(ProtobufRpcEngine.java:466) [hadoop-common-3.3.1.jar:?]
	at org.apache.hadoop.ipc.ProtobufRpcEngine2$Server$ProtoBufRpcInvoker.call(ProtobufRpcEngine2.java:574) [hadoop-common-3.3.1.jar:?]
	at org.apache.hadoop.ipc.ProtobufRpcEngine2$Server$ProtoBufRpcInvoker.call(ProtobufRpcEngine2.java:552) [hadoop-common-3.3.1.jar:?]
	at org.apache.hadoop.ipc.RPC$Server.call(RPC.java:1093) [hadoop-common-3.3.1.jar:?]
	at org.apache.hadoop.ipc.Server$RpcCall.run(Server.java:1035) [hadoop-common-3.3.1.jar:?]
	at org.apache.hadoop.ipc.Server$RpcCall.run(Server.java:963) [hadoop-common-3.3.1.jar:?]
	at java.security.AccessController.doPrivileged(Native Method) ~[?:1.8.0_332]
	at javax.security.auth.Subject.doAs(Subject.java:422) [?:1.8.0_332]
	at org.apache.hadoop.security.UserGroupInformation.doAs(UserGroupInformation.java:1878) [hadoop-common-3.3.1.jar:?]
	at org.apache.hadoop.ipc.Server$Handler.run(Server.java:2966) [hadoop-common-3.3.1.jar:?]
2022-07-12 21:07:53,032 [Time-limited test] INFO  rpc.RpcClient (RpcClient.java:createVolume(466)) - Creating Volume: volume-58459, with runner as owner and space quota set to -1 bytes, counts quota set to -1
2022-07-12 21:07:53,033 [OM StateMachine ApplyTransaction Thread - 0] INFO  volume.OMVolumeCreateRequest (OMVolumeCreateRequest.java:validateAndUpdateCache(195)) - created volume:volume-58459 for user:runner
2022-07-12 21:07:53,034 [Time-limited test] INFO  rpc.RpcClient (RpcClient.java:createBucket(669)) - Creating Bucket: volume-58459/bucket-76609, with bucket layout LEGACY, runner as owner, Versioning false, Storage Type set to DISK and Encryption set to false 
2022-07-12 21:07:53,035 [OM StateMachine ApplyTransaction Thread - 0] INFO  bucket.OMBucketCreateRequest (OMBucketCreateRequest.java:validateAndUpdateCache(260)) - created bucket: bucket-76609 of layout LEGACY in volume: volume-58459
21:07:53.455 [IPC Server handler 9 on default port 33595] ERROR OMAudit - user=runner | ip=127.0.0.1 | op=READ_BUCKET {volume=volume-84466, bucket=bucket-37494} | ret=FAILURE
org.apache.hadoop.ozone.om.exceptions.OMException: Volume not found when getting bucket info
	at org.apache.hadoop.ozone.om.BucketManagerImpl.getBucketInfo(BucketManagerImpl.java:127) ~[ozone-manager-1.3.0-SNAPSHOT.jar:?]
	at org.apache.hadoop.ozone.om.OzoneManager.getBucketInfo(OzoneManager.java:2778) ~[ozone-manager-1.3.0-SNAPSHOT.jar:?]
	at org.apache.hadoop.ozone.protocolPB.OzoneManagerRequestHandler.infoBucket(OzoneManagerRequestHandler.java:464) ~[ozone-manager-1.3.0-SNAPSHOT.jar:?]
	at org.apache.hadoop.ozone.protocolPB.OzoneManagerRequestHandler.handleReadRequest(OzoneManagerRequestHandler.java:172) ~[ozone-manager-1.3.0-SNAPSHOT.jar:?]
	at org.apache.hadoop.ozone.protocolPB.OzoneManagerProtocolServerSideTranslatorPB.submitReadRequestToOM(OzoneManagerProtocolServerSideTranslatorPB.java:226) ~[ozone-manager-1.3.0-SNAPSHOT.jar:?]
	at org.apache.hadoop.ozone.protocolPB.OzoneManagerProtocolServerSideTranslatorPB.processRequest(OzoneManagerProtocolServerSideTranslatorPB.java:175) ~[ozone-manager-1.3.0-SNAPSHOT.jar:?]
	at org.apache.hadoop.hdds.server.OzoneProtocolMessageDispatcher.processRequest(OzoneProtocolMessageDispatcher.java:87) [hdds-server-framework-1.3.0-SNAPSHOT.jar:?]
	at org.apache.hadoop.ozone.protocolPB.OzoneManagerProtocolServerSideTranslatorPB.submitRequest(OzoneManagerProtocolServerSideTranslatorPB.java:147) [ozone-manager-1.3.0-SNAPSHOT.jar:?]
	at org.apache.hadoop.ozone.protocol.proto.OzoneManagerProtocolProtos$OzoneManagerService$2.callBlockingMethod(OzoneManagerProtocolProtos.java) [ozone-interface-client-1.3.0-SNAPSHOT.jar:?]
	at org.apache.hadoop.ipc.ProtobufRpcEngine$Server.processCall(ProtobufRpcEngine.java:466) [hadoop-common-3.3.1.jar:?]
	at org.apache.hadoop.ipc.ProtobufRpcEngine2$Server$ProtoBufRpcInvoker.call(ProtobufRpcEngine2.java:574) [hadoop-common-3.3.1.jar:?]
	at org.apache.hadoop.ipc.ProtobufRpcEngine2$Server$ProtoBufRpcInvoker.call(ProtobufRpcEngine2.java:552) [hadoop-common-3.3.1.jar:?]
	at org.apache.hadoop.ipc.RPC$Server.call(RPC.java:1093) [hadoop-common-3.3.1.jar:?]
	at org.apache.hadoop.ipc.Server$RpcCall.run(Server.java:1035) [hadoop-common-3.3.1.jar:?]
	at org.apache.hadoop.ipc.Server$RpcCall.run(Server.java:963) [hadoop-common-3.3.1.jar:?]
	at java.security.AccessController.doPrivileged(Native Method) ~[?:1.8.0_332]
	at javax.security.auth.Subject.doAs(Subject.java:422) [?:1.8.0_332]
	at org.apache.hadoop.security.UserGroupInformation.doAs(UserGroupInformation.java:1878) [hadoop-common-3.3.1.jar:?]
	at org.apache.hadoop.ipc.Server$Handler.run(Server.java:2966) [hadoop-common-3.3.1.jar:?]
2022-07-12 21:07:53,455 [Time-limited test] INFO  rpc.RpcClient (RpcClient.java:createVolume(466)) - Creating Volume: volume-84466, with runner as owner and space quota set to -1 bytes, counts quota set to -1
2022-07-12 21:07:53,457 [OM StateMachine ApplyTransaction Thread - 0] INFO  volume.OMVolumeCreateRequest (OMVolumeCreateRequest.java:validateAndUpdateCache(195)) - created volume:volume-84466 for user:runner
2022-07-12 21:07:53,458 [Time-limited test] INFO  rpc.RpcClient (RpcClient.java:createBucket(669)) - Creating Bucket: volume-84466/bucket-37494, with bucket layout LEGACY, runner as owner, Versioning false, Storage Type set to DISK and Encryption set to false 
2022-07-12 21:07:53,459 [OM StateMachine ApplyTransaction Thread - 0] INFO  bucket.OMBucketCreateRequest (OMBucketCreateRequest.java:validateAndUpdateCache(260)) - created bucket: bucket-37494 of layout LEGACY in volume: volume-84466
21:07:53.683 [IPC Server handler 19 on default port 33595] ERROR OMAudit - user=runner | ip=127.0.0.1 | op=READ_BUCKET {volume=volume-91540, bucket=bucket-17669} | ret=FAILURE
org.apache.hadoop.ozone.om.exceptions.OMException: Volume not found when getting bucket info
	at org.apache.hadoop.ozone.om.BucketManagerImpl.getBucketInfo(BucketManagerImpl.java:127) ~[ozone-manager-1.3.0-SNAPSHOT.jar:?]
	at org.apache.hadoop.ozone.om.OzoneManager.getBucketInfo(OzoneManager.java:2778) ~[ozone-manager-1.3.0-SNAPSHOT.jar:?]
	at org.apache.hadoop.ozone.protocolPB.OzoneManagerRequestHandler.infoBucket(OzoneManagerRequestHandler.java:464) ~[ozone-manager-1.3.0-SNAPSHOT.jar:?]
	at org.apache.hadoop.ozone.protocolPB.OzoneManagerRequestHandler.handleReadRequest(OzoneManagerRequestHandler.java:172) ~[ozone-manager-1.3.0-SNAPSHOT.jar:?]
	at org.apache.hadoop.ozone.protocolPB.OzoneManagerProtocolServerSideTranslatorPB.submitReadRequestToOM(OzoneManagerProtocolServerSideTranslatorPB.java:226) ~[ozone-manager-1.3.0-SNAPSHOT.jar:?]
	at org.apache.hadoop.ozone.protocolPB.OzoneManagerProtocolServerSideTranslatorPB.processRequest(OzoneManagerProtocolServerSideTranslatorPB.java:175) ~[ozone-manager-1.3.0-SNAPSHOT.jar:?]
	at org.apache.hadoop.hdds.server.OzoneProtocolMessageDispatcher.processRequest(OzoneProtocolMessageDispatcher.java:87) [hdds-server-framework-1.3.0-SNAPSHOT.jar:?]
	at org.apache.hadoop.ozone.protocolPB.OzoneManagerProtocolServerSideTranslatorPB.submitRequest(OzoneManagerProtocolServerSideTranslatorPB.java:147) [ozone-manager-1.3.0-SNAPSHOT.jar:?]
	at org.apache.hadoop.ozone.protocol.proto.OzoneManagerProtocolProtos$OzoneManagerService$2.callBlockingMethod(OzoneManagerProtocolProtos.java) [ozone-interface-client-1.3.0-SNAPSHOT.jar:?]
	at org.apache.hadoop.ipc.ProtobufRpcEngine$Server.processCall(ProtobufRpcEngine.java:466) [hadoop-common-3.3.1.jar:?]
	at org.apache.hadoop.ipc.ProtobufRpcEngine2$Server$ProtoBufRpcInvoker.call(ProtobufRpcEngine2.java:574) [hadoop-common-3.3.1.jar:?]
	at org.apache.hadoop.ipc.ProtobufRpcEngine2$Server$ProtoBufRpcInvoker.call(ProtobufRpcEngine2.java:552) [hadoop-common-3.3.1.jar:?]
	at org.apache.hadoop.ipc.RPC$Server.call(RPC.java:1093) [hadoop-common-3.3.1.jar:?]
	at org.apache.hadoop.ipc.Server$RpcCall.run(Server.java:1035) [hadoop-common-3.3.1.jar:?]
	at org.apache.hadoop.ipc.Server$RpcCall.run(Server.java:963) [hadoop-common-3.3.1.jar:?]
	at java.security.AccessController.doPrivileged(Native Method) ~[?:1.8.0_332]
	at javax.security.auth.Subject.doAs(Subject.java:422) [?:1.8.0_332]
	at org.apache.hadoop.security.UserGroupInformation.doAs(UserGroupInformation.java:1878) [hadoop-common-3.3.1.jar:?]
	at org.apache.hadoop.ipc.Server$Handler.run(Server.java:2966) [hadoop-common-3.3.1.jar:?]
2022-07-12 21:07:53,684 [Time-limited test] INFO  rpc.RpcClient (RpcClient.java:createVolume(466)) - Creating Volume: volume-91540, with runner as owner and space quota set to -1 bytes, counts quota set to -1
2022-07-12 21:07:53,686 [OM StateMachine ApplyTransaction Thread - 0] INFO  volume.OMVolumeCreateRequest (OMVolumeCreateRequest.java:validateAndUpdateCache(195)) - created volume:volume-91540 for user:runner
2022-07-12 21:07:53,686 [Time-limited test] INFO  rpc.RpcClient (RpcClient.java:createBucket(669)) - Creating Bucket: volume-91540/bucket-17669, with bucket layout LEGACY, runner as owner, Versioning false, Storage Type set to DISK and Encryption set to false 
2022-07-12 21:07:53,688 [OM StateMachine ApplyTransaction Thread - 0] INFO  bucket.OMBucketCreateRequest (OMBucketCreateRequest.java:validateAndUpdateCache(260)) - created bucket: bucket-17669 of layout LEGACY in volume: volume-91540
21:07:54.004 [IPC Server handler 6 on default port 33595] ERROR OMAudit - user=runner | ip=127.0.0.1 | op=READ_BUCKET {volume=volume-11536, bucket=bucket-72665} | ret=FAILURE
org.apache.hadoop.ozone.om.exceptions.OMException: Volume not found when getting bucket info
	at org.apache.hadoop.ozone.om.BucketManagerImpl.getBucketInfo(BucketManagerImpl.java:127) ~[ozone-manager-1.3.0-SNAPSHOT.jar:?]
	at org.apache.hadoop.ozone.om.OzoneManager.getBucketInfo(OzoneManager.java:2778) ~[ozone-manager-1.3.0-SNAPSHOT.jar:?]
	at org.apache.hadoop.ozone.protocolPB.OzoneManagerRequestHandler.infoBucket(OzoneManagerRequestHandler.java:464) ~[ozone-manager-1.3.0-SNAPSHOT.jar:?]
	at org.apache.hadoop.ozone.protocolPB.OzoneManagerRequestHandler.handleReadRequest(OzoneManagerRequestHandler.java:172) ~[ozone-manager-1.3.0-SNAPSHOT.jar:?]
	at org.apache.hadoop.ozone.protocolPB.OzoneManagerProtocolServerSideTranslatorPB.submitReadRequestToOM(OzoneManagerProtocolServerSideTranslatorPB.java:226) ~[ozone-manager-1.3.0-SNAPSHOT.jar:?]
	at org.apache.hadoop.ozone.protocolPB.OzoneManagerProtocolServerSideTranslatorPB.processRequest(OzoneManagerProtocolServerSideTranslatorPB.java:175) ~[ozone-manager-1.3.0-SNAPSHOT.jar:?]
	at org.apache.hadoop.hdds.server.OzoneProtocolMessageDispatcher.processRequest(OzoneProtocolMessageDispatcher.java:87) [hdds-server-framework-1.3.0-SNAPSHOT.jar:?]
	at org.apache.hadoop.ozone.protocolPB.OzoneManagerProtocolServerSideTranslatorPB.submitRequest(OzoneManagerProtocolServerSideTranslatorPB.java:147) [ozone-manager-1.3.0-SNAPSHOT.jar:?]
	at org.apache.hadoop.ozone.protocol.proto.OzoneManagerProtocolProtos$OzoneManagerService$2.callBlockingMethod(OzoneManagerProtocolProtos.java) [ozone-interface-client-1.3.0-SNAPSHOT.jar:?]
	at org.apache.hadoop.ipc.ProtobufRpcEngine$Server.processCall(ProtobufRpcEngine.java:466) [hadoop-common-3.3.1.jar:?]
	at org.apache.hadoop.ipc.ProtobufRpcEngine2$Server$ProtoBufRpcInvoker.call(ProtobufRpcEngine2.java:574) [hadoop-common-3.3.1.jar:?]
	at org.apache.hadoop.ipc.ProtobufRpcEngine2$Server$ProtoBufRpcInvoker.call(ProtobufRpcEngine2.java:552) [hadoop-common-3.3.1.jar:?]
	at org.apache.hadoop.ipc.RPC$Server.call(RPC.java:1093) [hadoop-common-3.3.1.jar:?]
	at org.apache.hadoop.ipc.Server$RpcCall.run(Server.java:1035) [hadoop-common-3.3.1.jar:?]
	at org.apache.hadoop.ipc.Server$RpcCall.run(Server.java:963) [hadoop-common-3.3.1.jar:?]
	at java.security.AccessController.doPrivileged(Native Method) ~[?:1.8.0_332]
	at javax.security.auth.Subject.doAs(Subject.java:422) [?:1.8.0_332]
	at org.apache.hadoop.security.UserGroupInformation.doAs(UserGroupInformation.java:1878) [hadoop-common-3.3.1.jar:?]
	at org.apache.hadoop.ipc.Server$Handler.run(Server.java:2966) [hadoop-common-3.3.1.jar:?]
2022-07-12 21:07:54,004 [Time-limited test] INFO  rpc.RpcClient (RpcClient.java:createVolume(466)) - Creating Volume: volume-11536, with runner as owner and space quota set to -1 bytes, counts quota set to -1
2022-07-12 21:07:54,019 [OM StateMachine ApplyTransaction Thread - 0] INFO  volume.OMVolumeCreateRequest (OMVolumeCreateRequest.java:validateAndUpdateCache(195)) - created volume:volume-11536 for user:runner
2022-07-12 21:07:54,023 [Time-limited test] INFO  rpc.RpcClient (RpcClient.java:createBucket(669)) - Creating Bucket: volume-11536/bucket-72665, with bucket layout LEGACY, runner as owner, Versioning false, Storage Type set to DISK and Encryption set to false 
2022-07-12 21:07:54,027 [OM StateMachine ApplyTransaction Thread - 0] INFO  bucket.OMBucketCreateRequest (OMBucketCreateRequest.java:validateAndUpdateCache(260)) - created bucket: bucket-72665 of layout LEGACY in volume: volume-11536
21:07:54.283 [IPC Server handler 14 on default port 33595] ERROR OMAudit - user=runner | ip=127.0.0.1 | op=READ_BUCKET {volume=volume-44905, bucket=bucket-10757} | ret=FAILURE
org.apache.hadoop.ozone.om.exceptions.OMException: Volume not found when getting bucket info
	at org.apache.hadoop.ozone.om.BucketManagerImpl.getBucketInfo(BucketManagerImpl.java:127) ~[ozone-manager-1.3.0-SNAPSHOT.jar:?]
	at org.apache.hadoop.ozone.om.OzoneManager.getBucketInfo(OzoneManager.java:2778) ~[ozone-manager-1.3.0-SNAPSHOT.jar:?]
	at org.apache.hadoop.ozone.protocolPB.OzoneManagerRequestHandler.infoBucket(OzoneManagerRequestHandler.java:464) ~[ozone-manager-1.3.0-SNAPSHOT.jar:?]
	at org.apache.hadoop.ozone.protocolPB.OzoneManagerRequestHandler.handleReadRequest(OzoneManagerRequestHandler.java:172) ~[ozone-manager-1.3.0-SNAPSHOT.jar:?]
	at org.apache.hadoop.ozone.protocolPB.OzoneManagerProtocolServerSideTranslatorPB.submitReadRequestToOM(OzoneManagerProtocolServerSideTranslatorPB.java:226) ~[ozone-manager-1.3.0-SNAPSHOT.jar:?]
	at org.apache.hadoop.ozone.protocolPB.OzoneManagerProtocolServerSideTranslatorPB.processRequest(OzoneManagerProtocolServerSideTranslatorPB.java:175) ~[ozone-manager-1.3.0-SNAPSHOT.jar:?]
	at org.apache.hadoop.hdds.server.OzoneProtocolMessageDispatcher.processRequest(OzoneProtocolMessageDispatcher.java:87) [hdds-server-framework-1.3.0-SNAPSHOT.jar:?]
	at org.apache.hadoop.ozone.protocolPB.OzoneManagerProtocolServerSideTranslatorPB.submitRequest(OzoneManagerProtocolServerSideTranslatorPB.java:147) [ozone-manager-1.3.0-SNAPSHOT.jar:?]
	at org.apache.hadoop.ozone.protocol.proto.OzoneManagerProtocolProtos$OzoneManagerService$2.callBlockingMethod(OzoneManagerProtocolProtos.java) [ozone-interface-client-1.3.0-SNAPSHOT.jar:?]
	at org.apache.hadoop.ipc.ProtobufRpcEngine$Server.processCall(ProtobufRpcEngine.java:466) [hadoop-common-3.3.1.jar:?]
	at org.apache.hadoop.ipc.ProtobufRpcEngine2$Server$ProtoBufRpcInvoker.call(ProtobufRpcEngine2.java:574) [hadoop-common-3.3.1.jar:?]
	at org.apache.hadoop.ipc.ProtobufRpcEngine2$Server$ProtoBufRpcInvoker.call(ProtobufRpcEngine2.java:552) [hadoop-common-3.3.1.jar:?]
	at org.apache.hadoop.ipc.RPC$Server.call(RPC.java:1093) [hadoop-common-3.3.1.jar:?]
	at org.apache.hadoop.ipc.Server$RpcCall.run(Server.java:1035) [hadoop-common-3.3.1.jar:?]
	at org.apache.hadoop.ipc.Server$RpcCall.run(Server.java:963) [hadoop-common-3.3.1.jar:?]
	at java.security.AccessController.doPrivileged(Native Method) ~[?:1.8.0_332]
	at javax.security.auth.Subject.doAs(Subject.java:422) [?:1.8.0_332]
	at org.apache.hadoop.security.UserGroupInformation.doAs(UserGroupInformation.java:1878) [hadoop-common-3.3.1.jar:?]
	at org.apache.hadoop.ipc.Server$Handler.run(Server.java:2966) [hadoop-common-3.3.1.jar:?]
2022-07-12 21:07:54,284 [Time-limited test] INFO  rpc.RpcClient (RpcClient.java:createVolume(466)) - Creating Volume: volume-44905, with runner as owner and space quota set to -1 bytes, counts quota set to -1
2022-07-12 21:07:54,292 [OM StateMachine ApplyTransaction Thread - 0] INFO  volume.OMVolumeCreateRequest (OMVolumeCreateRequest.java:validateAndUpdateCache(195)) - created volume:volume-44905 for user:runner
2022-07-12 21:07:54,300 [Time-limited test] INFO  rpc.RpcClient (RpcClient.java:createBucket(669)) - Creating Bucket: volume-44905/bucket-10757, with bucket layout LEGACY, runner as owner, Versioning false, Storage Type set to DISK and Encryption set to false 
2022-07-12 21:07:54,301 [OM StateMachine ApplyTransaction Thread - 0] INFO  bucket.OMBucketCreateRequest (OMBucketCreateRequest.java:validateAndUpdateCache(260)) - created bucket: bucket-10757 of layout LEGACY in volume: volume-44905
]]></system-out>
  </testcase>
  <testcase name="testListStatusRootAndVolumeContinuation" classname="TestRootedOzoneFileSystem" time="3.757">
    <system-out><![CDATA[2022-07-12 21:09:33,522 [Time-limited test] INFO  rpc.RpcClient (RpcClient.java:createVolume(466)) - Creating Volume: volume05937, with user40708 as owner and space quota set to -1 bytes, counts quota set to -1
2022-07-12 21:09:33,523 [IPC Server handler 1 on default port 32899] INFO  volume.OMVolumeCreateRequest (OMVolumeCreateRequest.java:validateAndUpdateCache(195)) - created volume:volume05937 for user:user40708
2022-07-12 21:09:33,530 [Time-limited test] INFO  rpc.RpcClient (RpcClient.java:createBucket(669)) - Creating Bucket: volume05937/bucket94296, with bucket layout LEGACY, runner as owner, Versioning false, Storage Type set to DISK and Encryption set to false 
2022-07-12 21:09:33,535 [IPC Server handler 7 on default port 32899] INFO  bucket.OMBucketCreateRequest (OMBucketCreateRequest.java:validateAndUpdateCache(260)) - created bucket: bucket94296 of layout LEGACY in volume: volume05937
21:09:33.536 [IPC Server handler 9 on default port 32899] ERROR OMAudit - user=runner | ip=127.0.0.1 | op=READ_BUCKET {volume=volume-01539, bucket=bucket-91874} | ret=FAILURE
org.apache.hadoop.ozone.om.exceptions.OMException: Volume not found when getting bucket info
	at org.apache.hadoop.ozone.om.BucketManagerImpl.getBucketInfo(BucketManagerImpl.java:127) ~[ozone-manager-1.3.0-SNAPSHOT.jar:?]
	at org.apache.hadoop.ozone.om.OzoneManager.getBucketInfo(OzoneManager.java:2778) ~[ozone-manager-1.3.0-SNAPSHOT.jar:?]
	at org.apache.hadoop.ozone.protocolPB.OzoneManagerRequestHandler.infoBucket(OzoneManagerRequestHandler.java:464) ~[ozone-manager-1.3.0-SNAPSHOT.jar:?]
	at org.apache.hadoop.ozone.protocolPB.OzoneManagerRequestHandler.handleReadRequest(OzoneManagerRequestHandler.java:172) ~[ozone-manager-1.3.0-SNAPSHOT.jar:?]
	at org.apache.hadoop.ozone.protocolPB.OzoneManagerProtocolServerSideTranslatorPB.submitRequestDirectlyToOM(OzoneManagerProtocolServerSideTranslatorPB.java:276) ~[ozone-manager-1.3.0-SNAPSHOT.jar:?]
	at org.apache.hadoop.ozone.protocolPB.OzoneManagerProtocolServerSideTranslatorPB.processRequest(OzoneManagerProtocolServerSideTranslatorPB.java:205) ~[ozone-manager-1.3.0-SNAPSHOT.jar:?]
	at org.apache.hadoop.hdds.server.OzoneProtocolMessageDispatcher.processRequest(OzoneProtocolMessageDispatcher.java:87) [hdds-server-framework-1.3.0-SNAPSHOT.jar:?]
	at org.apache.hadoop.ozone.protocolPB.OzoneManagerProtocolServerSideTranslatorPB.submitRequest(OzoneManagerProtocolServerSideTranslatorPB.java:147) [ozone-manager-1.3.0-SNAPSHOT.jar:?]
	at org.apache.hadoop.ozone.protocol.proto.OzoneManagerProtocolProtos$OzoneManagerService$2.callBlockingMethod(OzoneManagerProtocolProtos.java) [ozone-interface-client-1.3.0-SNAPSHOT.jar:?]
	at org.apache.hadoop.ipc.ProtobufRpcEngine$Server.processCall(ProtobufRpcEngine.java:466) [hadoop-common-3.3.1.jar:?]
	at org.apache.hadoop.ipc.ProtobufRpcEngine2$Server$ProtoBufRpcInvoker.call(ProtobufRpcEngine2.java:574) [hadoop-common-3.3.1.jar:?]
	at org.apache.hadoop.ipc.ProtobufRpcEngine2$Server$ProtoBufRpcInvoker.call(ProtobufRpcEngine2.java:552) [hadoop-common-3.3.1.jar:?]
	at org.apache.hadoop.ipc.RPC$Server.call(RPC.java:1093) [hadoop-common-3.3.1.jar:?]
	at org.apache.hadoop.ipc.Server$RpcCall.run(Server.java:1035) [hadoop-common-3.3.1.jar:?]
	at org.apache.hadoop.ipc.Server$RpcCall.run(Server.java:963) [hadoop-common-3.3.1.jar:?]
	at java.security.AccessController.doPrivileged(Native Method) ~[?:1.8.0_332]
	at javax.security.auth.Subject.doAs(Subject.java:422) [?:1.8.0_332]
	at org.apache.hadoop.security.UserGroupInformation.doAs(UserGroupInformation.java:1878) [hadoop-common-3.3.1.jar:?]
	at org.apache.hadoop.ipc.Server$Handler.run(Server.java:2966) [hadoop-common-3.3.1.jar:?]
2022-07-12 21:09:33,537 [Time-limited test] INFO  rpc.RpcClient (RpcClient.java:createVolume(466)) - Creating Volume: volume-01539, with runner as owner and space quota set to -1 bytes, counts quota set to -1
2022-07-12 21:09:33,540 [IPC Server handler 4 on default port 32899] INFO  volume.OMVolumeCreateRequest (OMVolumeCreateRequest.java:validateAndUpdateCache(195)) - created volume:volume-01539 for user:runner
2022-07-12 21:09:33,540 [Time-limited test] INFO  rpc.RpcClient (RpcClient.java:createBucket(669)) - Creating Bucket: volume-01539/bucket-91874, with bucket layout LEGACY, runner as owner, Versioning false, Storage Type set to DISK and Encryption set to false 
2022-07-12 21:09:33,541 [IPC Server handler 12 on default port 32899] INFO  bucket.OMBucketCreateRequest (OMBucketCreateRequest.java:validateAndUpdateCache(260)) - created bucket: bucket-91874 of layout LEGACY in volume: volume-01539
21:09:33.734 [IPC Server handler 14 on default port 32899] ERROR OMAudit - user=runner | ip=127.0.0.1 | op=READ_BUCKET {volume=volume-87846, bucket=bucket-72495} | ret=FAILURE
org.apache.hadoop.ozone.om.exceptions.OMException: Volume not found when getting bucket info
	at org.apache.hadoop.ozone.om.BucketManagerImpl.getBucketInfo(BucketManagerImpl.java:127) ~[ozone-manager-1.3.0-SNAPSHOT.jar:?]
	at org.apache.hadoop.ozone.om.OzoneManager.getBucketInfo(OzoneManager.java:2778) ~[ozone-manager-1.3.0-SNAPSHOT.jar:?]
	at org.apache.hadoop.ozone.protocolPB.OzoneManagerRequestHandler.infoBucket(OzoneManagerRequestHandler.java:464) ~[ozone-manager-1.3.0-SNAPSHOT.jar:?]
	at org.apache.hadoop.ozone.protocolPB.OzoneManagerRequestHandler.handleReadRequest(OzoneManagerRequestHandler.java:172) ~[ozone-manager-1.3.0-SNAPSHOT.jar:?]
	at org.apache.hadoop.ozone.protocolPB.OzoneManagerProtocolServerSideTranslatorPB.submitRequestDirectlyToOM(OzoneManagerProtocolServerSideTranslatorPB.java:276) ~[ozone-manager-1.3.0-SNAPSHOT.jar:?]
	at org.apache.hadoop.ozone.protocolPB.OzoneManagerProtocolServerSideTranslatorPB.processRequest(OzoneManagerProtocolServerSideTranslatorPB.java:205) ~[ozone-manager-1.3.0-SNAPSHOT.jar:?]
	at org.apache.hadoop.hdds.server.OzoneProtocolMessageDispatcher.processRequest(OzoneProtocolMessageDispatcher.java:87) [hdds-server-framework-1.3.0-SNAPSHOT.jar:?]
	at org.apache.hadoop.ozone.protocolPB.OzoneManagerProtocolServerSideTranslatorPB.submitRequest(OzoneManagerProtocolServerSideTranslatorPB.java:147) [ozone-manager-1.3.0-SNAPSHOT.jar:?]
	at org.apache.hadoop.ozone.protocol.proto.OzoneManagerProtocolProtos$OzoneManagerService$2.callBlockingMethod(OzoneManagerProtocolProtos.java) [ozone-interface-client-1.3.0-SNAPSHOT.jar:?]
	at org.apache.hadoop.ipc.ProtobufRpcEngine$Server.processCall(ProtobufRpcEngine.java:466) [hadoop-common-3.3.1.jar:?]
	at org.apache.hadoop.ipc.ProtobufRpcEngine2$Server$ProtoBufRpcInvoker.call(ProtobufRpcEngine2.java:574) [hadoop-common-3.3.1.jar:?]
	at org.apache.hadoop.ipc.ProtobufRpcEngine2$Server$ProtoBufRpcInvoker.call(ProtobufRpcEngine2.java:552) [hadoop-common-3.3.1.jar:?]
	at org.apache.hadoop.ipc.RPC$Server.call(RPC.java:1093) [hadoop-common-3.3.1.jar:?]
	at org.apache.hadoop.ipc.Server$RpcCall.run(Server.java:1035) [hadoop-common-3.3.1.jar:?]
	at org.apache.hadoop.ipc.Server$RpcCall.run(Server.java:963) [hadoop-common-3.3.1.jar:?]
	at java.security.AccessController.doPrivileged(Native Method) ~[?:1.8.0_332]
	at javax.security.auth.Subject.doAs(Subject.java:422) [?:1.8.0_332]
	at org.apache.hadoop.security.UserGroupInformation.doAs(UserGroupInformation.java:1878) [hadoop-common-3.3.1.jar:?]
	at org.apache.hadoop.ipc.Server$Handler.run(Server.java:2966) [hadoop-common-3.3.1.jar:?]
2022-07-12 21:09:33,734 [Time-limited test] INFO  rpc.RpcClient (RpcClient.java:createVolume(466)) - Creating Volume: volume-87846, with runner as owner and space quota set to -1 bytes, counts quota set to -1
2022-07-12 21:09:33,735 [IPC Server handler 1 on default port 32899] INFO  volume.OMVolumeCreateRequest (OMVolumeCreateRequest.java:validateAndUpdateCache(195)) - created volume:volume-87846 for user:runner
2022-07-12 21:09:33,736 [Time-limited test] INFO  rpc.RpcClient (RpcClient.java:createBucket(669)) - Creating Bucket: volume-87846/bucket-72495, with bucket layout LEGACY, runner as owner, Versioning false, Storage Type set to DISK and Encryption set to false 
2022-07-12 21:09:33,736 [IPC Server handler 7 on default port 32899] INFO  bucket.OMBucketCreateRequest (OMBucketCreateRequest.java:validateAndUpdateCache(260)) - created bucket: bucket-72495 of layout LEGACY in volume: volume-87846
21:09:33.901 [IPC Server handler 15 on default port 32899] ERROR OMAudit - user=runner | ip=127.0.0.1 | op=READ_BUCKET {volume=volume-36805, bucket=bucket-61539} | ret=FAILURE
org.apache.hadoop.ozone.om.exceptions.OMException: Volume not found when getting bucket info
	at org.apache.hadoop.ozone.om.BucketManagerImpl.getBucketInfo(BucketManagerImpl.java:127) ~[ozone-manager-1.3.0-SNAPSHOT.jar:?]
	at org.apache.hadoop.ozone.om.OzoneManager.getBucketInfo(OzoneManager.java:2778) ~[ozone-manager-1.3.0-SNAPSHOT.jar:?]
	at org.apache.hadoop.ozone.protocolPB.OzoneManagerRequestHandler.infoBucket(OzoneManagerRequestHandler.java:464) ~[ozone-manager-1.3.0-SNAPSHOT.jar:?]
	at org.apache.hadoop.ozone.protocolPB.OzoneManagerRequestHandler.handleReadRequest(OzoneManagerRequestHandler.java:172) ~[ozone-manager-1.3.0-SNAPSHOT.jar:?]
	at org.apache.hadoop.ozone.protocolPB.OzoneManagerProtocolServerSideTranslatorPB.submitRequestDirectlyToOM(OzoneManagerProtocolServerSideTranslatorPB.java:276) ~[ozone-manager-1.3.0-SNAPSHOT.jar:?]
	at org.apache.hadoop.ozone.protocolPB.OzoneManagerProtocolServerSideTranslatorPB.processRequest(OzoneManagerProtocolServerSideTranslatorPB.java:205) ~[ozone-manager-1.3.0-SNAPSHOT.jar:?]
	at org.apache.hadoop.hdds.server.OzoneProtocolMessageDispatcher.processRequest(OzoneProtocolMessageDispatcher.java:87) [hdds-server-framework-1.3.0-SNAPSHOT.jar:?]
	at org.apache.hadoop.ozone.protocolPB.OzoneManagerProtocolServerSideTranslatorPB.submitRequest(OzoneManagerProtocolServerSideTranslatorPB.java:147) [ozone-manager-1.3.0-SNAPSHOT.jar:?]
	at org.apache.hadoop.ozone.protocol.proto.OzoneManagerProtocolProtos$OzoneManagerService$2.callBlockingMethod(OzoneManagerProtocolProtos.java) [ozone-interface-client-1.3.0-SNAPSHOT.jar:?]
	at org.apache.hadoop.ipc.ProtobufRpcEngine$Server.processCall(ProtobufRpcEngine.java:466) [hadoop-common-3.3.1.jar:?]
	at org.apache.hadoop.ipc.ProtobufRpcEngine2$Server$ProtoBufRpcInvoker.call(ProtobufRpcEngine2.java:574) [hadoop-common-3.3.1.jar:?]
	at org.apache.hadoop.ipc.ProtobufRpcEngine2$Server$ProtoBufRpcInvoker.call(ProtobufRpcEngine2.java:552) [hadoop-common-3.3.1.jar:?]
	at org.apache.hadoop.ipc.RPC$Server.call(RPC.java:1093) [hadoop-common-3.3.1.jar:?]
	at org.apache.hadoop.ipc.Server$RpcCall.run(Server.java:1035) [hadoop-common-3.3.1.jar:?]
	at org.apache.hadoop.ipc.Server$RpcCall.run(Server.java:963) [hadoop-common-3.3.1.jar:?]
	at java.security.AccessController.doPrivileged(Native Method) ~[?:1.8.0_332]
	at javax.security.auth.Subject.doAs(Subject.java:422) [?:1.8.0_332]
	at org.apache.hadoop.security.UserGroupInformation.doAs(UserGroupInformation.java:1878) [hadoop-common-3.3.1.jar:?]
	at org.apache.hadoop.ipc.Server$Handler.run(Server.java:2966) [hadoop-common-3.3.1.jar:?]
2022-07-12 21:09:33,901 [Time-limited test] INFO  rpc.RpcClient (RpcClient.java:createVolume(466)) - Creating Volume: volume-36805, with runner as owner and space quota set to -1 bytes, counts quota set to -1
2022-07-12 21:09:33,902 [IPC Server handler 0 on default port 32899] INFO  volume.OMVolumeCreateRequest (OMVolumeCreateRequest.java:validateAndUpdateCache(195)) - created volume:volume-36805 for user:runner
2022-07-12 21:09:33,903 [Time-limited test] INFO  rpc.RpcClient (RpcClient.java:createBucket(669)) - Creating Bucket: volume-36805/bucket-61539, with bucket layout LEGACY, runner as owner, Versioning false, Storage Type set to DISK and Encryption set to false 
2022-07-12 21:09:33,903 [IPC Server handler 16 on default port 32899] INFO  bucket.OMBucketCreateRequest (OMBucketCreateRequest.java:validateAndUpdateCache(260)) - created bucket: bucket-61539 of layout LEGACY in volume: volume-36805
21:09:34.104 [IPC Server handler 2 on default port 32899] ERROR OMAudit - user=runner | ip=127.0.0.1 | op=READ_BUCKET {volume=volume-63250, bucket=bucket-36717} | ret=FAILURE
org.apache.hadoop.ozone.om.exceptions.OMException: Volume not found when getting bucket info
	at org.apache.hadoop.ozone.om.BucketManagerImpl.getBucketInfo(BucketManagerImpl.java:127) ~[ozone-manager-1.3.0-SNAPSHOT.jar:?]
	at org.apache.hadoop.ozone.om.OzoneManager.getBucketInfo(OzoneManager.java:2778) ~[ozone-manager-1.3.0-SNAPSHOT.jar:?]
	at org.apache.hadoop.ozone.protocolPB.OzoneManagerRequestHandler.infoBucket(OzoneManagerRequestHandler.java:464) ~[ozone-manager-1.3.0-SNAPSHOT.jar:?]
	at org.apache.hadoop.ozone.protocolPB.OzoneManagerRequestHandler.handleReadRequest(OzoneManagerRequestHandler.java:172) ~[ozone-manager-1.3.0-SNAPSHOT.jar:?]
	at org.apache.hadoop.ozone.protocolPB.OzoneManagerProtocolServerSideTranslatorPB.submitRequestDirectlyToOM(OzoneManagerProtocolServerSideTranslatorPB.java:276) ~[ozone-manager-1.3.0-SNAPSHOT.jar:?]
	at org.apache.hadoop.ozone.protocolPB.OzoneManagerProtocolServerSideTranslatorPB.processRequest(OzoneManagerProtocolServerSideTranslatorPB.java:205) ~[ozone-manager-1.3.0-SNAPSHOT.jar:?]
	at org.apache.hadoop.hdds.server.OzoneProtocolMessageDispatcher.processRequest(OzoneProtocolMessageDispatcher.java:87) [hdds-server-framework-1.3.0-SNAPSHOT.jar:?]
	at org.apache.hadoop.ozone.protocolPB.OzoneManagerProtocolServerSideTranslatorPB.submitRequest(OzoneManagerProtocolServerSideTranslatorPB.java:147) [ozone-manager-1.3.0-SNAPSHOT.jar:?]
	at org.apache.hadoop.ozone.protocol.proto.OzoneManagerProtocolProtos$OzoneManagerService$2.callBlockingMethod(OzoneManagerProtocolProtos.java) [ozone-interface-client-1.3.0-SNAPSHOT.jar:?]
	at org.apache.hadoop.ipc.ProtobufRpcEngine$Server.processCall(ProtobufRpcEngine.java:466) [hadoop-common-3.3.1.jar:?]
	at org.apache.hadoop.ipc.ProtobufRpcEngine2$Server$ProtoBufRpcInvoker.call(ProtobufRpcEngine2.java:574) [hadoop-common-3.3.1.jar:?]
	at org.apache.hadoop.ipc.ProtobufRpcEngine2$Server$ProtoBufRpcInvoker.call(ProtobufRpcEngine2.java:552) [hadoop-common-3.3.1.jar:?]
	at org.apache.hadoop.ipc.RPC$Server.call(RPC.java:1093) [hadoop-common-3.3.1.jar:?]
	at org.apache.hadoop.ipc.Server$RpcCall.run(Server.java:1035) [hadoop-common-3.3.1.jar:?]
	at org.apache.hadoop.ipc.Server$RpcCall.run(Server.java:963) [hadoop-common-3.3.1.jar:?]
	at java.security.AccessController.doPrivileged(Native Method) ~[?:1.8.0_332]
	at javax.security.auth.Subject.doAs(Subject.java:422) [?:1.8.0_332]
	at org.apache.hadoop.security.UserGroupInformation.doAs(UserGroupInformation.java:1878) [hadoop-common-3.3.1.jar:?]
	at org.apache.hadoop.ipc.Server$Handler.run(Server.java:2966) [hadoop-common-3.3.1.jar:?]
2022-07-12 21:09:34,105 [Time-limited test] INFO  rpc.RpcClient (RpcClient.java:createVolume(466)) - Creating Volume: volume-63250, with runner as owner and space quota set to -1 bytes, counts quota set to -1
2022-07-12 21:09:34,106 [IPC Server handler 12 on default port 32899] INFO  volume.OMVolumeCreateRequest (OMVolumeCreateRequest.java:validateAndUpdateCache(195)) - created volume:volume-63250 for user:runner
2022-07-12 21:09:34,106 [Time-limited test] INFO  rpc.RpcClient (RpcClient.java:createBucket(669)) - Creating Bucket: volume-63250/bucket-36717, with bucket layout LEGACY, runner as owner, Versioning false, Storage Type set to DISK and Encryption set to false 
2022-07-12 21:09:34,107 [IPC Server handler 10 on default port 32899] INFO  bucket.OMBucketCreateRequest (OMBucketCreateRequest.java:validateAndUpdateCache(260)) - created bucket: bucket-36717 of layout LEGACY in volume: volume-63250
21:09:36.807 [IPC Server handler 1 on default port 32899] ERROR OMAudit - user=runner | ip=127.0.0.1 | op=READ_BUCKET {volume=volume-10671, bucket=bucket-93230} | ret=FAILURE
org.apache.hadoop.ozone.om.exceptions.OMException: Volume not found when getting bucket info
	at org.apache.hadoop.ozone.om.BucketManagerImpl.getBucketInfo(BucketManagerImpl.java:127) ~[ozone-manager-1.3.0-SNAPSHOT.jar:?]
	at org.apache.hadoop.ozone.om.OzoneManager.getBucketInfo(OzoneManager.java:2778) ~[ozone-manager-1.3.0-SNAPSHOT.jar:?]
	at org.apache.hadoop.ozone.protocolPB.OzoneManagerRequestHandler.infoBucket(OzoneManagerRequestHandler.java:464) ~[ozone-manager-1.3.0-SNAPSHOT.jar:?]
	at org.apache.hadoop.ozone.protocolPB.OzoneManagerRequestHandler.handleReadRequest(OzoneManagerRequestHandler.java:172) ~[ozone-manager-1.3.0-SNAPSHOT.jar:?]
	at org.apache.hadoop.ozone.protocolPB.OzoneManagerProtocolServerSideTranslatorPB.submitRequestDirectlyToOM(OzoneManagerProtocolServerSideTranslatorPB.java:276) ~[ozone-manager-1.3.0-SNAPSHOT.jar:?]
	at org.apache.hadoop.ozone.protocolPB.OzoneManagerProtocolServerSideTranslatorPB.processRequest(OzoneManagerProtocolServerSideTranslatorPB.java:205) ~[ozone-manager-1.3.0-SNAPSHOT.jar:?]
	at org.apache.hadoop.hdds.server.OzoneProtocolMessageDispatcher.processRequest(OzoneProtocolMessageDispatcher.java:87) [hdds-server-framework-1.3.0-SNAPSHOT.jar:?]
	at org.apache.hadoop.ozone.protocolPB.OzoneManagerProtocolServerSideTranslatorPB.submitRequest(OzoneManagerProtocolServerSideTranslatorPB.java:147) [ozone-manager-1.3.0-SNAPSHOT.jar:?]
	at org.apache.hadoop.ozone.protocol.proto.OzoneManagerProtocolProtos$OzoneManagerService$2.callBlockingMethod(OzoneManagerProtocolProtos.java) [ozone-interface-client-1.3.0-SNAPSHOT.jar:?]
	at org.apache.hadoop.ipc.ProtobufRpcEngine$Server.processCall(ProtobufRpcEngine.java:466) [hadoop-common-3.3.1.jar:?]
	at org.apache.hadoop.ipc.ProtobufRpcEngine2$Server$ProtoBufRpcInvoker.call(ProtobufRpcEngine2.java:574) [hadoop-common-3.3.1.jar:?]
	at org.apache.hadoop.ipc.ProtobufRpcEngine2$Server$ProtoBufRpcInvoker.call(ProtobufRpcEngine2.java:552) [hadoop-common-3.3.1.jar:?]
	at org.apache.hadoop.ipc.RPC$Server.call(RPC.java:1093) [hadoop-common-3.3.1.jar:?]
	at org.apache.hadoop.ipc.Server$RpcCall.run(Server.java:1035) [hadoop-common-3.3.1.jar:?]
	at org.apache.hadoop.ipc.Server$RpcCall.run(Server.java:963) [hadoop-common-3.3.1.jar:?]
	at java.security.AccessController.doPrivileged(Native Method) ~[?:1.8.0_332]
	at javax.security.auth.Subject.doAs(Subject.java:422) [?:1.8.0_332]
	at org.apache.hadoop.security.UserGroupInformation.doAs(UserGroupInformation.java:1878) [hadoop-common-3.3.1.jar:?]
	at org.apache.hadoop.ipc.Server$Handler.run(Server.java:2966) [hadoop-common-3.3.1.jar:?]
2022-07-12 21:09:36,809 [Time-limited test] INFO  rpc.RpcClient (RpcClient.java:createVolume(466)) - Creating Volume: volume-10671, with runner as owner and space quota set to -1 bytes, counts quota set to -1
2022-07-12 21:09:36,809 [IPC Server handler 3 on default port 32899] INFO  volume.OMVolumeCreateRequest (OMVolumeCreateRequest.java:validateAndUpdateCache(195)) - created volume:volume-10671 for user:runner
2022-07-12 21:09:36,812 [Time-limited test] INFO  rpc.RpcClient (RpcClient.java:createBucket(669)) - Creating Bucket: volume-10671/bucket-93230, with bucket layout LEGACY, runner as owner, Versioning false, Storage Type set to DISK and Encryption set to false 
2022-07-12 21:09:36,812 [IPC Server handler 8 on default port 32899] INFO  bucket.OMBucketCreateRequest (OMBucketCreateRequest.java:validateAndUpdateCache(260)) - created bucket: bucket-93230 of layout LEGACY in volume: volume-10671
]]></system-out>
  </testcase>
  <testcase name="testDeleteVolumeBucketAndKey" classname="TestRootedOzoneFileSystem" time="0.168">
    <system-out><![CDATA[2022-07-12 21:04:07,581 [Time-limited test] INFO  rpc.RpcClient (RpcClient.java:createVolume(466)) - Creating Volume: volume09630, with user82026 as owner and space quota set to -1 bytes, counts quota set to -1
2022-07-12 21:04:07,584 [OM StateMachine ApplyTransaction Thread - 0] INFO  volume.OMVolumeCreateRequest (OMVolumeCreateRequest.java:validateAndUpdateCache(195)) - created volume:volume09630 for user:user82026
2022-07-12 21:04:07,589 [Time-limited test] INFO  rpc.RpcClient (RpcClient.java:createBucket(669)) - Creating Bucket: volume09630/bucket34415, with bucket layout LEGACY, runner as owner, Versioning false, Storage Type set to DISK and Encryption set to false 
2022-07-12 21:04:07,591 [OM StateMachine ApplyTransaction Thread - 0] INFO  bucket.OMBucketCreateRequest (OMBucketCreateRequest.java:validateAndUpdateCache(260)) - created bucket: bucket34415 of layout LEGACY in volume: volume09630
2022-07-12 21:04:07,597 [Time-limited test] INFO  rpc.RpcClient (RpcClient.java:createVolume(466)) - Creating Volume: volume-05751, with runner as owner and space quota set to -1 bytes, counts quota set to -1
2022-07-12 21:04:07,600 [OM StateMachine ApplyTransaction Thread - 0] INFO  volume.OMVolumeCreateRequest (OMVolumeCreateRequest.java:validateAndUpdateCache(195)) - created volume:volume-05751 for user:runner
2022-07-12 21:04:07,602 [Time-limited test] INFO  rpc.RpcClient (RpcClient.java:createBucket(669)) - Creating Bucket: volume-05751/bucket3, with bucket layout LEGACY, runner as owner, Versioning false, Storage Type set to DISK and Encryption set to false 
2022-07-12 21:04:07,605 [OM StateMachine ApplyTransaction Thread - 0] INFO  bucket.OMBucketCreateRequest (OMBucketCreateRequest.java:validateAndUpdateCache(260)) - created bucket: bucket3 of layout LEGACY in volume: volume-05751
21:04:07.613 [OM StateMachine ApplyTransaction Thread - 0] ERROR OMAudit - user=runner | ip=127.0.0.1 | op=DELETE_VOLUME {volume=volume-05751} | ret=FAILURE
org.apache.hadoop.ozone.om.exceptions.OMException: null
	at org.apache.hadoop.ozone.om.request.volume.OMVolumeDeleteRequest.validateAndUpdateCache(OMVolumeDeleteRequest.java:122) ~[ozone-manager-1.3.0-SNAPSHOT.jar:?]
	at org.apache.hadoop.ozone.protocolPB.OzoneManagerRequestHandler.handleWriteRequest(OzoneManagerRequestHandler.java:293) ~[ozone-manager-1.3.0-SNAPSHOT.jar:?]
	at org.apache.hadoop.ozone.om.ratis.OzoneManagerStateMachine.runCommand(OzoneManagerStateMachine.java:529) ~[ozone-manager-1.3.0-SNAPSHOT.jar:?]
	at org.apache.hadoop.ozone.om.ratis.OzoneManagerStateMachine.lambda$1(OzoneManagerStateMachine.java:324) ~[ozone-manager-1.3.0-SNAPSHOT.jar:?]
	at java.util.concurrent.CompletableFuture$AsyncSupply.run(CompletableFuture.java:1604) [?:1.8.0_332]
	at java.util.concurrent.ThreadPoolExecutor.runWorker(ThreadPoolExecutor.java:1149) [?:1.8.0_332]
	at java.util.concurrent.ThreadPoolExecutor$Worker.run(ThreadPoolExecutor.java:624) [?:1.8.0_332]
	at java.lang.Thread.run(Thread.java:750) [?:1.8.0_332]
2022-07-12 21:04:07,614 [OM StateMachine ApplyTransaction Thread - 0] ERROR volume.OMVolumeDeleteRequest (OMVolumeDeleteRequest.java:validateAndUpdateCache(170)) - Volume deletion failed for user:runner volume:volume-05751
VOLUME_NOT_EMPTY org.apache.hadoop.ozone.om.exceptions.OMException
	at org.apache.hadoop.ozone.om.request.volume.OMVolumeDeleteRequest.validateAndUpdateCache(OMVolumeDeleteRequest.java:122)
	at org.apache.hadoop.ozone.protocolPB.OzoneManagerRequestHandler.handleWriteRequest(OzoneManagerRequestHandler.java:293)
	at org.apache.hadoop.ozone.om.ratis.OzoneManagerStateMachine.runCommand(OzoneManagerStateMachine.java:529)
	at org.apache.hadoop.ozone.om.ratis.OzoneManagerStateMachine.lambda$1(OzoneManagerStateMachine.java:324)
	at java.util.concurrent.CompletableFuture$AsyncSupply.run(CompletableFuture.java:1604)
	at java.util.concurrent.ThreadPoolExecutor.runWorker(ThreadPoolExecutor.java:1149)
	at java.util.concurrent.ThreadPoolExecutor$Worker.run(ThreadPoolExecutor.java:624)
	at java.lang.Thread.run(Thread.java:750)
2022-07-12 21:04:07,669 [Time-limited test] INFO  rpc.RpcClient (RpcClient.java:createVolume(466)) - Creating Volume: volume-05751, with runner as owner and space quota set to -1 bytes, counts quota set to -1
2022-07-12 21:04:07,672 [OM StateMachine ApplyTransaction Thread - 0] INFO  volume.OMVolumeCreateRequest (OMVolumeCreateRequest.java:validateAndUpdateCache(195)) - created volume:volume-05751 for user:runner
2022-07-12 21:04:07,674 [Time-limited test] INFO  rpc.RpcClient (RpcClient.java:createBucket(669)) - Creating Bucket: volume-05751/bucket3, with bucket layout LEGACY, runner as owner, Versioning false, Storage Type set to DISK and Encryption set to false 
2022-07-12 21:04:07,676 [OM StateMachine ApplyTransaction Thread - 0] INFO  bucket.OMBucketCreateRequest (OMBucketCreateRequest.java:validateAndUpdateCache(260)) - created bucket: bucket3 of layout LEGACY in volume: volume-05751
]]></system-out>
  </testcase>
  <testcase name="testDeleteVolumeBucketAndKey" classname="TestRootedOzoneFileSystem" time="0.135">
    <system-out><![CDATA[2022-07-12 21:05:19,770 [Time-limited test] INFO  rpc.RpcClient (RpcClient.java:createVolume(466)) - Creating Volume: volume68390, with user17022 as owner and space quota set to -1 bytes, counts quota set to -1
2022-07-12 21:05:19,772 [OM StateMachine ApplyTransaction Thread - 0] INFO  volume.OMVolumeCreateRequest (OMVolumeCreateRequest.java:validateAndUpdateCache(195)) - created volume:volume68390 for user:user17022
2022-07-12 21:05:19,776 [Time-limited test] INFO  rpc.RpcClient (RpcClient.java:createBucket(669)) - Creating Bucket: volume68390/bucket55530, with bucket layout LEGACY, runner as owner, Versioning false, Storage Type set to DISK and Encryption set to false 
2022-07-12 21:05:19,777 [OM StateMachine ApplyTransaction Thread - 0] INFO  bucket.OMBucketCreateRequest (OMBucketCreateRequest.java:validateAndUpdateCache(260)) - created bucket: bucket55530 of layout LEGACY in volume: volume68390
21:05:19.779 [IPC Server handler 6 on default port 38457] ERROR OMAudit - user=runner | ip=127.0.0.1 | op=READ_BUCKET {volume=volume-60101, bucket=bucket3} | ret=FAILURE
org.apache.hadoop.ozone.om.exceptions.OMException: Volume not found when getting bucket info
	at org.apache.hadoop.ozone.om.BucketManagerImpl.getBucketInfo(BucketManagerImpl.java:127) ~[ozone-manager-1.3.0-SNAPSHOT.jar:?]
	at org.apache.hadoop.ozone.om.OzoneManager.getBucketInfo(OzoneManager.java:2778) ~[ozone-manager-1.3.0-SNAPSHOT.jar:?]
	at org.apache.hadoop.ozone.protocolPB.OzoneManagerRequestHandler.infoBucket(OzoneManagerRequestHandler.java:464) ~[ozone-manager-1.3.0-SNAPSHOT.jar:?]
	at org.apache.hadoop.ozone.protocolPB.OzoneManagerRequestHandler.handleReadRequest(OzoneManagerRequestHandler.java:172) ~[ozone-manager-1.3.0-SNAPSHOT.jar:?]
	at org.apache.hadoop.ozone.protocolPB.OzoneManagerProtocolServerSideTranslatorPB.submitReadRequestToOM(OzoneManagerProtocolServerSideTranslatorPB.java:226) ~[ozone-manager-1.3.0-SNAPSHOT.jar:?]
	at org.apache.hadoop.ozone.protocolPB.OzoneManagerProtocolServerSideTranslatorPB.processRequest(OzoneManagerProtocolServerSideTranslatorPB.java:175) ~[ozone-manager-1.3.0-SNAPSHOT.jar:?]
	at org.apache.hadoop.hdds.server.OzoneProtocolMessageDispatcher.processRequest(OzoneProtocolMessageDispatcher.java:87) [hdds-server-framework-1.3.0-SNAPSHOT.jar:?]
	at org.apache.hadoop.ozone.protocolPB.OzoneManagerProtocolServerSideTranslatorPB.submitRequest(OzoneManagerProtocolServerSideTranslatorPB.java:147) [ozone-manager-1.3.0-SNAPSHOT.jar:?]
	at org.apache.hadoop.ozone.protocol.proto.OzoneManagerProtocolProtos$OzoneManagerService$2.callBlockingMethod(OzoneManagerProtocolProtos.java) [ozone-interface-client-1.3.0-SNAPSHOT.jar:?]
	at org.apache.hadoop.ipc.ProtobufRpcEngine$Server.processCall(ProtobufRpcEngine.java:466) [hadoop-common-3.3.1.jar:?]
	at org.apache.hadoop.ipc.ProtobufRpcEngine2$Server$ProtoBufRpcInvoker.call(ProtobufRpcEngine2.java:574) [hadoop-common-3.3.1.jar:?]
	at org.apache.hadoop.ipc.ProtobufRpcEngine2$Server$ProtoBufRpcInvoker.call(ProtobufRpcEngine2.java:552) [hadoop-common-3.3.1.jar:?]
	at org.apache.hadoop.ipc.RPC$Server.call(RPC.java:1093) [hadoop-common-3.3.1.jar:?]
	at org.apache.hadoop.ipc.Server$RpcCall.run(Server.java:1035) [hadoop-common-3.3.1.jar:?]
	at org.apache.hadoop.ipc.Server$RpcCall.run(Server.java:963) [hadoop-common-3.3.1.jar:?]
	at java.security.AccessController.doPrivileged(Native Method) ~[?:1.8.0_332]
	at javax.security.auth.Subject.doAs(Subject.java:422) [?:1.8.0_332]
	at org.apache.hadoop.security.UserGroupInformation.doAs(UserGroupInformation.java:1878) [hadoop-common-3.3.1.jar:?]
	at org.apache.hadoop.ipc.Server$Handler.run(Server.java:2966) [hadoop-common-3.3.1.jar:?]
2022-07-12 21:05:19,780 [Time-limited test] INFO  rpc.RpcClient (RpcClient.java:createVolume(466)) - Creating Volume: volume-60101, with runner as owner and space quota set to -1 bytes, counts quota set to -1
2022-07-12 21:05:19,781 [OM StateMachine ApplyTransaction Thread - 0] INFO  volume.OMVolumeCreateRequest (OMVolumeCreateRequest.java:validateAndUpdateCache(195)) - created volume:volume-60101 for user:runner
2022-07-12 21:05:19,782 [Time-limited test] INFO  rpc.RpcClient (RpcClient.java:createBucket(669)) - Creating Bucket: volume-60101/bucket3, with bucket layout LEGACY, runner as owner, Versioning false, Storage Type set to DISK and Encryption set to false 
2022-07-12 21:05:19,783 [OM StateMachine ApplyTransaction Thread - 0] INFO  bucket.OMBucketCreateRequest (OMBucketCreateRequest.java:validateAndUpdateCache(260)) - created bucket: bucket3 of layout LEGACY in volume: volume-60101
21:05:19.787 [OM StateMachine ApplyTransaction Thread - 0] ERROR OMAudit - user=runner | ip=127.0.0.1 | op=DELETE_VOLUME {volume=volume-60101} | ret=FAILURE
org.apache.hadoop.ozone.om.exceptions.OMException: null
	at org.apache.hadoop.ozone.om.request.volume.OMVolumeDeleteRequest.validateAndUpdateCache(OMVolumeDeleteRequest.java:122) ~[ozone-manager-1.3.0-SNAPSHOT.jar:?]
	at org.apache.hadoop.ozone.protocolPB.OzoneManagerRequestHandler.handleWriteRequest(OzoneManagerRequestHandler.java:293) ~[ozone-manager-1.3.0-SNAPSHOT.jar:?]
	at org.apache.hadoop.ozone.om.ratis.OzoneManagerStateMachine.runCommand(OzoneManagerStateMachine.java:529) ~[ozone-manager-1.3.0-SNAPSHOT.jar:?]
	at org.apache.hadoop.ozone.om.ratis.OzoneManagerStateMachine.lambda$1(OzoneManagerStateMachine.java:324) ~[ozone-manager-1.3.0-SNAPSHOT.jar:?]
	at java.util.concurrent.CompletableFuture$AsyncSupply.run(CompletableFuture.java:1604) [?:1.8.0_332]
	at java.util.concurrent.ThreadPoolExecutor.runWorker(ThreadPoolExecutor.java:1149) [?:1.8.0_332]
	at java.util.concurrent.ThreadPoolExecutor$Worker.run(ThreadPoolExecutor.java:624) [?:1.8.0_332]
	at java.lang.Thread.run(Thread.java:750) [?:1.8.0_332]
2022-07-12 21:05:19,788 [OM StateMachine ApplyTransaction Thread - 0] ERROR volume.OMVolumeDeleteRequest (OMVolumeDeleteRequest.java:validateAndUpdateCache(170)) - Volume deletion failed for user:runner volume:volume-60101
VOLUME_NOT_EMPTY org.apache.hadoop.ozone.om.exceptions.OMException
	at org.apache.hadoop.ozone.om.request.volume.OMVolumeDeleteRequest.validateAndUpdateCache(OMVolumeDeleteRequest.java:122)
	at org.apache.hadoop.ozone.protocolPB.OzoneManagerRequestHandler.handleWriteRequest(OzoneManagerRequestHandler.java:293)
	at org.apache.hadoop.ozone.om.ratis.OzoneManagerStateMachine.runCommand(OzoneManagerStateMachine.java:529)
	at org.apache.hadoop.ozone.om.ratis.OzoneManagerStateMachine.lambda$1(OzoneManagerStateMachine.java:324)
	at java.util.concurrent.CompletableFuture$AsyncSupply.run(CompletableFuture.java:1604)
	at java.util.concurrent.ThreadPoolExecutor.runWorker(ThreadPoolExecutor.java:1149)
	at java.util.concurrent.ThreadPoolExecutor$Worker.run(ThreadPoolExecutor.java:624)
	at java.lang.Thread.run(Thread.java:750)
21:05:19.809 [IPC Server handler 8 on default port 38457] ERROR OMAudit - user=runner | ip=127.0.0.1 | op=READ_VOLUME {volume=volume-60101} | ret=FAILURE
org.apache.hadoop.ozone.om.exceptions.OMException: Volume volume-60101 is not found
	at org.apache.hadoop.ozone.om.VolumeManagerImpl.getVolumeInfo(VolumeManagerImpl.java:74) ~[ozone-manager-1.3.0-SNAPSHOT.jar:?]
	at org.apache.hadoop.ozone.om.OzoneManager.getVolumeInfo(OzoneManager.java:2602) ~[ozone-manager-1.3.0-SNAPSHOT.jar:?]
	at org.apache.hadoop.ozone.protocolPB.OzoneManagerRequestHandler.infoVolume(OzoneManagerRequestHandler.java:390) ~[ozone-manager-1.3.0-SNAPSHOT.jar:?]
	at org.apache.hadoop.ozone.protocolPB.OzoneManagerRequestHandler.handleReadRequest(OzoneManagerRequestHandler.java:162) ~[ozone-manager-1.3.0-SNAPSHOT.jar:?]
	at org.apache.hadoop.ozone.protocolPB.OzoneManagerProtocolServerSideTranslatorPB.submitReadRequestToOM(OzoneManagerProtocolServerSideTranslatorPB.java:226) ~[ozone-manager-1.3.0-SNAPSHOT.jar:?]
	at org.apache.hadoop.ozone.protocolPB.OzoneManagerProtocolServerSideTranslatorPB.processRequest(OzoneManagerProtocolServerSideTranslatorPB.java:175) ~[ozone-manager-1.3.0-SNAPSHOT.jar:?]
	at org.apache.hadoop.hdds.server.OzoneProtocolMessageDispatcher.processRequest(OzoneProtocolMessageDispatcher.java:87) [hdds-server-framework-1.3.0-SNAPSHOT.jar:?]
	at org.apache.hadoop.ozone.protocolPB.OzoneManagerProtocolServerSideTranslatorPB.submitRequest(OzoneManagerProtocolServerSideTranslatorPB.java:147) [ozone-manager-1.3.0-SNAPSHOT.jar:?]
	at org.apache.hadoop.ozone.protocol.proto.OzoneManagerProtocolProtos$OzoneManagerService$2.callBlockingMethod(OzoneManagerProtocolProtos.java) [ozone-interface-client-1.3.0-SNAPSHOT.jar:?]
	at org.apache.hadoop.ipc.ProtobufRpcEngine$Server.processCall(ProtobufRpcEngine.java:466) [hadoop-common-3.3.1.jar:?]
	at org.apache.hadoop.ipc.ProtobufRpcEngine2$Server$ProtoBufRpcInvoker.call(ProtobufRpcEngine2.java:574) [hadoop-common-3.3.1.jar:?]
	at org.apache.hadoop.ipc.ProtobufRpcEngine2$Server$ProtoBufRpcInvoker.call(ProtobufRpcEngine2.java:552) [hadoop-common-3.3.1.jar:?]
	at org.apache.hadoop.ipc.RPC$Server.call(RPC.java:1093) [hadoop-common-3.3.1.jar:?]
	at org.apache.hadoop.ipc.Server$RpcCall.run(Server.java:1035) [hadoop-common-3.3.1.jar:?]
	at org.apache.hadoop.ipc.Server$RpcCall.run(Server.java:963) [hadoop-common-3.3.1.jar:?]
	at java.security.AccessController.doPrivileged(Native Method) ~[?:1.8.0_332]
	at javax.security.auth.Subject.doAs(Subject.java:422) [?:1.8.0_332]
	at org.apache.hadoop.security.UserGroupInformation.doAs(UserGroupInformation.java:1878) [hadoop-common-3.3.1.jar:?]
	at org.apache.hadoop.ipc.Server$Handler.run(Server.java:2966) [hadoop-common-3.3.1.jar:?]
21:05:19.810 [IPC Server handler 10 on default port 38457] ERROR OMAudit - user=runner | ip=127.0.0.1 | op=READ_BUCKET {volume=volume-60101, bucket=bucket3} | ret=FAILURE
org.apache.hadoop.ozone.om.exceptions.OMException: Volume not found when getting bucket info
	at org.apache.hadoop.ozone.om.BucketManagerImpl.getBucketInfo(BucketManagerImpl.java:127) ~[ozone-manager-1.3.0-SNAPSHOT.jar:?]
	at org.apache.hadoop.ozone.om.OzoneManager.getBucketInfo(OzoneManager.java:2778) ~[ozone-manager-1.3.0-SNAPSHOT.jar:?]
	at org.apache.hadoop.ozone.protocolPB.OzoneManagerRequestHandler.infoBucket(OzoneManagerRequestHandler.java:464) ~[ozone-manager-1.3.0-SNAPSHOT.jar:?]
	at org.apache.hadoop.ozone.protocolPB.OzoneManagerRequestHandler.handleReadRequest(OzoneManagerRequestHandler.java:172) ~[ozone-manager-1.3.0-SNAPSHOT.jar:?]
	at org.apache.hadoop.ozone.protocolPB.OzoneManagerProtocolServerSideTranslatorPB.submitReadRequestToOM(OzoneManagerProtocolServerSideTranslatorPB.java:226) ~[ozone-manager-1.3.0-SNAPSHOT.jar:?]
	at org.apache.hadoop.ozone.protocolPB.OzoneManagerProtocolServerSideTranslatorPB.processRequest(OzoneManagerProtocolServerSideTranslatorPB.java:175) ~[ozone-manager-1.3.0-SNAPSHOT.jar:?]
	at org.apache.hadoop.hdds.server.OzoneProtocolMessageDispatcher.processRequest(OzoneProtocolMessageDispatcher.java:87) [hdds-server-framework-1.3.0-SNAPSHOT.jar:?]
	at org.apache.hadoop.ozone.protocolPB.OzoneManagerProtocolServerSideTranslatorPB.submitRequest(OzoneManagerProtocolServerSideTranslatorPB.java:147) [ozone-manager-1.3.0-SNAPSHOT.jar:?]
	at org.apache.hadoop.ozone.protocol.proto.OzoneManagerProtocolProtos$OzoneManagerService$2.callBlockingMethod(OzoneManagerProtocolProtos.java) [ozone-interface-client-1.3.0-SNAPSHOT.jar:?]
	at org.apache.hadoop.ipc.ProtobufRpcEngine$Server.processCall(ProtobufRpcEngine.java:466) [hadoop-common-3.3.1.jar:?]
	at org.apache.hadoop.ipc.ProtobufRpcEngine2$Server$ProtoBufRpcInvoker.call(ProtobufRpcEngine2.java:574) [hadoop-common-3.3.1.jar:?]
	at org.apache.hadoop.ipc.ProtobufRpcEngine2$Server$ProtoBufRpcInvoker.call(ProtobufRpcEngine2.java:552) [hadoop-common-3.3.1.jar:?]
	at org.apache.hadoop.ipc.RPC$Server.call(RPC.java:1093) [hadoop-common-3.3.1.jar:?]
	at org.apache.hadoop.ipc.Server$RpcCall.run(Server.java:1035) [hadoop-common-3.3.1.jar:?]
	at org.apache.hadoop.ipc.Server$RpcCall.run(Server.java:963) [hadoop-common-3.3.1.jar:?]
	at java.security.AccessController.doPrivileged(Native Method) ~[?:1.8.0_332]
	at javax.security.auth.Subject.doAs(Subject.java:422) [?:1.8.0_332]
	at org.apache.hadoop.security.UserGroupInformation.doAs(UserGroupInformation.java:1878) [hadoop-common-3.3.1.jar:?]
	at org.apache.hadoop.ipc.Server$Handler.run(Server.java:2966) [hadoop-common-3.3.1.jar:?]
2022-07-12 21:05:19,811 [Time-limited test] INFO  rpc.RpcClient (RpcClient.java:createVolume(466)) - Creating Volume: volume-60101, with runner as owner and space quota set to -1 bytes, counts quota set to -1
2022-07-12 21:05:19,812 [OM StateMachine ApplyTransaction Thread - 0] INFO  volume.OMVolumeCreateRequest (OMVolumeCreateRequest.java:validateAndUpdateCache(195)) - created volume:volume-60101 for user:runner
2022-07-12 21:05:19,813 [Time-limited test] INFO  rpc.RpcClient (RpcClient.java:createBucket(669)) - Creating Bucket: volume-60101/bucket3, with bucket layout LEGACY, runner as owner, Versioning false, Storage Type set to DISK and Encryption set to false 
2022-07-12 21:05:19,816 [OM StateMachine ApplyTransaction Thread - 0] INFO  bucket.OMBucketCreateRequest (OMBucketCreateRequest.java:validateAndUpdateCache(260)) - created bucket: bucket3 of layout LEGACY in volume: volume-60101
21:05:19.829 [IPC Server handler 18 on default port 38457] ERROR OMAudit - user=runner | ip=127.0.0.1 | op=READ_VOLUME {volume=volume-60101} | ret=FAILURE
org.apache.hadoop.ozone.om.exceptions.OMException: Volume volume-60101 is not found
	at org.apache.hadoop.ozone.om.VolumeManagerImpl.getVolumeInfo(VolumeManagerImpl.java:74) ~[ozone-manager-1.3.0-SNAPSHOT.jar:?]
	at org.apache.hadoop.ozone.om.OzoneManager.getVolumeInfo(OzoneManager.java:2602) ~[ozone-manager-1.3.0-SNAPSHOT.jar:?]
	at org.apache.hadoop.ozone.protocolPB.OzoneManagerRequestHandler.infoVolume(OzoneManagerRequestHandler.java:390) ~[ozone-manager-1.3.0-SNAPSHOT.jar:?]
	at org.apache.hadoop.ozone.protocolPB.OzoneManagerRequestHandler.handleReadRequest(OzoneManagerRequestHandler.java:162) ~[ozone-manager-1.3.0-SNAPSHOT.jar:?]
	at org.apache.hadoop.ozone.protocolPB.OzoneManagerProtocolServerSideTranslatorPB.submitReadRequestToOM(OzoneManagerProtocolServerSideTranslatorPB.java:226) ~[ozone-manager-1.3.0-SNAPSHOT.jar:?]
	at org.apache.hadoop.ozone.protocolPB.OzoneManagerProtocolServerSideTranslatorPB.processRequest(OzoneManagerProtocolServerSideTranslatorPB.java:175) ~[ozone-manager-1.3.0-SNAPSHOT.jar:?]
	at org.apache.hadoop.hdds.server.OzoneProtocolMessageDispatcher.processRequest(OzoneProtocolMessageDispatcher.java:87) [hdds-server-framework-1.3.0-SNAPSHOT.jar:?]
	at org.apache.hadoop.ozone.protocolPB.OzoneManagerProtocolServerSideTranslatorPB.submitRequest(OzoneManagerProtocolServerSideTranslatorPB.java:147) [ozone-manager-1.3.0-SNAPSHOT.jar:?]
	at org.apache.hadoop.ozone.protocol.proto.OzoneManagerProtocolProtos$OzoneManagerService$2.callBlockingMethod(OzoneManagerProtocolProtos.java) [ozone-interface-client-1.3.0-SNAPSHOT.jar:?]
	at org.apache.hadoop.ipc.ProtobufRpcEngine$Server.processCall(ProtobufRpcEngine.java:466) [hadoop-common-3.3.1.jar:?]
	at org.apache.hadoop.ipc.ProtobufRpcEngine2$Server$ProtoBufRpcInvoker.call(ProtobufRpcEngine2.java:574) [hadoop-common-3.3.1.jar:?]
	at org.apache.hadoop.ipc.ProtobufRpcEngine2$Server$ProtoBufRpcInvoker.call(ProtobufRpcEngine2.java:552) [hadoop-common-3.3.1.jar:?]
	at org.apache.hadoop.ipc.RPC$Server.call(RPC.java:1093) [hadoop-common-3.3.1.jar:?]
	at org.apache.hadoop.ipc.Server$RpcCall.run(Server.java:1035) [hadoop-common-3.3.1.jar:?]
	at org.apache.hadoop.ipc.Server$RpcCall.run(Server.java:963) [hadoop-common-3.3.1.jar:?]
	at java.security.AccessController.doPrivileged(Native Method) ~[?:1.8.0_332]
	at javax.security.auth.Subject.doAs(Subject.java:422) [?:1.8.0_332]
	at org.apache.hadoop.security.UserGroupInformation.doAs(UserGroupInformation.java:1878) [hadoop-common-3.3.1.jar:?]
	at org.apache.hadoop.ipc.Server$Handler.run(Server.java:2966) [hadoop-common-3.3.1.jar:?]
]]></system-out>
  </testcase>
  <testcase name="testDeleteVolumeBucketAndKey" classname="TestRootedOzoneFileSystem" time="0.141">
    <system-out><![CDATA[2022-07-12 21:06:33,462 [Time-limited test] INFO  rpc.RpcClient (RpcClient.java:createVolume(466)) - Creating Volume: volume95650, with user28438 as owner and space quota set to -1 bytes, counts quota set to -1
2022-07-12 21:06:33,465 [IPC Server handler 2 on default port 37581] INFO  volume.OMVolumeCreateRequest (OMVolumeCreateRequest.java:validateAndUpdateCache(195)) - created volume:volume95650 for user:user28438
2022-07-12 21:06:33,477 [Time-limited test] INFO  rpc.RpcClient (RpcClient.java:createBucket(669)) - Creating Bucket: volume95650/bucket47037, with bucket layout LEGACY, runner as owner, Versioning false, Storage Type set to DISK and Encryption set to false 
2022-07-12 21:06:33,478 [IPC Server handler 11 on default port 37581] INFO  bucket.OMBucketCreateRequest (OMBucketCreateRequest.java:validateAndUpdateCache(260)) - created bucket: bucket47037 of layout LEGACY in volume: volume95650
21:06:33.480 [IPC Server handler 5 on default port 37581] ERROR OMAudit - user=runner | ip=127.0.0.1 | op=READ_BUCKET {volume=volume-55032, bucket=bucket3} | ret=FAILURE
org.apache.hadoop.ozone.om.exceptions.OMException: Volume not found when getting bucket info
	at org.apache.hadoop.ozone.om.BucketManagerImpl.getBucketInfo(BucketManagerImpl.java:127) ~[ozone-manager-1.3.0-SNAPSHOT.jar:?]
	at org.apache.hadoop.ozone.om.OzoneManager.getBucketInfo(OzoneManager.java:2778) ~[ozone-manager-1.3.0-SNAPSHOT.jar:?]
	at org.apache.hadoop.ozone.protocolPB.OzoneManagerRequestHandler.infoBucket(OzoneManagerRequestHandler.java:464) ~[ozone-manager-1.3.0-SNAPSHOT.jar:?]
	at org.apache.hadoop.ozone.protocolPB.OzoneManagerRequestHandler.handleReadRequest(OzoneManagerRequestHandler.java:172) ~[ozone-manager-1.3.0-SNAPSHOT.jar:?]
	at org.apache.hadoop.ozone.protocolPB.OzoneManagerProtocolServerSideTranslatorPB.submitRequestDirectlyToOM(OzoneManagerProtocolServerSideTranslatorPB.java:276) ~[ozone-manager-1.3.0-SNAPSHOT.jar:?]
	at org.apache.hadoop.ozone.protocolPB.OzoneManagerProtocolServerSideTranslatorPB.processRequest(OzoneManagerProtocolServerSideTranslatorPB.java:205) ~[ozone-manager-1.3.0-SNAPSHOT.jar:?]
	at org.apache.hadoop.hdds.server.OzoneProtocolMessageDispatcher.processRequest(OzoneProtocolMessageDispatcher.java:87) [hdds-server-framework-1.3.0-SNAPSHOT.jar:?]
	at org.apache.hadoop.ozone.protocolPB.OzoneManagerProtocolServerSideTranslatorPB.submitRequest(OzoneManagerProtocolServerSideTranslatorPB.java:147) [ozone-manager-1.3.0-SNAPSHOT.jar:?]
	at org.apache.hadoop.ozone.protocol.proto.OzoneManagerProtocolProtos$OzoneManagerService$2.callBlockingMethod(OzoneManagerProtocolProtos.java) [ozone-interface-client-1.3.0-SNAPSHOT.jar:?]
	at org.apache.hadoop.ipc.ProtobufRpcEngine$Server.processCall(ProtobufRpcEngine.java:466) [hadoop-common-3.3.1.jar:?]
	at org.apache.hadoop.ipc.ProtobufRpcEngine2$Server$ProtoBufRpcInvoker.call(ProtobufRpcEngine2.java:574) [hadoop-common-3.3.1.jar:?]
	at org.apache.hadoop.ipc.ProtobufRpcEngine2$Server$ProtoBufRpcInvoker.call(ProtobufRpcEngine2.java:552) [hadoop-common-3.3.1.jar:?]
	at org.apache.hadoop.ipc.RPC$Server.call(RPC.java:1093) [hadoop-common-3.3.1.jar:?]
	at org.apache.hadoop.ipc.Server$RpcCall.run(Server.java:1035) [hadoop-common-3.3.1.jar:?]
	at org.apache.hadoop.ipc.Server$RpcCall.run(Server.java:963) [hadoop-common-3.3.1.jar:?]
	at java.security.AccessController.doPrivileged(Native Method) ~[?:1.8.0_332]
	at javax.security.auth.Subject.doAs(Subject.java:422) [?:1.8.0_332]
	at org.apache.hadoop.security.UserGroupInformation.doAs(UserGroupInformation.java:1878) [hadoop-common-3.3.1.jar:?]
	at org.apache.hadoop.ipc.Server$Handler.run(Server.java:2966) [hadoop-common-3.3.1.jar:?]
2022-07-12 21:06:33,482 [Time-limited test] INFO  rpc.RpcClient (RpcClient.java:createVolume(466)) - Creating Volume: volume-55032, with runner as owner and space quota set to -1 bytes, counts quota set to -1
2022-07-12 21:06:33,482 [IPC Server handler 7 on default port 37581] INFO  volume.OMVolumeCreateRequest (OMVolumeCreateRequest.java:validateAndUpdateCache(195)) - created volume:volume-55032 for user:runner
2022-07-12 21:06:33,483 [Time-limited test] INFO  rpc.RpcClient (RpcClient.java:createBucket(669)) - Creating Bucket: volume-55032/bucket3, with bucket layout LEGACY, runner as owner, Versioning false, Storage Type set to DISK and Encryption set to false 
2022-07-12 21:06:33,484 [IPC Server handler 6 on default port 37581] INFO  bucket.OMBucketCreateRequest (OMBucketCreateRequest.java:validateAndUpdateCache(260)) - created bucket: bucket3 of layout LEGACY in volume: volume-55032
21:06:33.486 [IPC Server handler 17 on default port 37581] ERROR OMAudit - user=runner | ip=127.0.0.1 | op=DELETE_VOLUME {volume=volume-55032} | ret=FAILURE
org.apache.hadoop.ozone.om.exceptions.OMException: null
	at org.apache.hadoop.ozone.om.request.volume.OMVolumeDeleteRequest.validateAndUpdateCache(OMVolumeDeleteRequest.java:122) ~[ozone-manager-1.3.0-SNAPSHOT.jar:?]
	at org.apache.hadoop.ozone.protocolPB.OzoneManagerRequestHandler.handleWriteRequest(OzoneManagerRequestHandler.java:293) ~[ozone-manager-1.3.0-SNAPSHOT.jar:?]
	at org.apache.hadoop.ozone.protocolPB.OzoneManagerProtocolServerSideTranslatorPB.submitRequestDirectlyToOM(OzoneManagerProtocolServerSideTranslatorPB.java:282) ~[ozone-manager-1.3.0-SNAPSHOT.jar:?]
	at org.apache.hadoop.ozone.protocolPB.OzoneManagerProtocolServerSideTranslatorPB.processRequest(OzoneManagerProtocolServerSideTranslatorPB.java:205) ~[ozone-manager-1.3.0-SNAPSHOT.jar:?]
	at org.apache.hadoop.hdds.server.OzoneProtocolMessageDispatcher.processRequest(OzoneProtocolMessageDispatcher.java:87) [hdds-server-framework-1.3.0-SNAPSHOT.jar:?]
	at org.apache.hadoop.ozone.protocolPB.OzoneManagerProtocolServerSideTranslatorPB.submitRequest(OzoneManagerProtocolServerSideTranslatorPB.java:147) [ozone-manager-1.3.0-SNAPSHOT.jar:?]
	at org.apache.hadoop.ozone.protocol.proto.OzoneManagerProtocolProtos$OzoneManagerService$2.callBlockingMethod(OzoneManagerProtocolProtos.java) [ozone-interface-client-1.3.0-SNAPSHOT.jar:?]
	at org.apache.hadoop.ipc.ProtobufRpcEngine$Server.processCall(ProtobufRpcEngine.java:466) [hadoop-common-3.3.1.jar:?]
	at org.apache.hadoop.ipc.ProtobufRpcEngine2$Server$ProtoBufRpcInvoker.call(ProtobufRpcEngine2.java:574) [hadoop-common-3.3.1.jar:?]
	at org.apache.hadoop.ipc.ProtobufRpcEngine2$Server$ProtoBufRpcInvoker.call(ProtobufRpcEngine2.java:552) [hadoop-common-3.3.1.jar:?]
	at org.apache.hadoop.ipc.RPC$Server.call(RPC.java:1093) [hadoop-common-3.3.1.jar:?]
	at org.apache.hadoop.ipc.Server$RpcCall.run(Server.java:1035) [hadoop-common-3.3.1.jar:?]
	at org.apache.hadoop.ipc.Server$RpcCall.run(Server.java:963) [hadoop-common-3.3.1.jar:?]
	at java.security.AccessController.doPrivileged(Native Method) ~[?:1.8.0_332]
	at javax.security.auth.Subject.doAs(Subject.java:422) [?:1.8.0_332]
	at org.apache.hadoop.security.UserGroupInformation.doAs(UserGroupInformation.java:1878) [hadoop-common-3.3.1.jar:?]
	at org.apache.hadoop.ipc.Server$Handler.run(Server.java:2966) [hadoop-common-3.3.1.jar:?]
2022-07-12 21:06:33,486 [IPC Server handler 17 on default port 37581] ERROR volume.OMVolumeDeleteRequest (OMVolumeDeleteRequest.java:validateAndUpdateCache(170)) - Volume deletion failed for user:runner volume:volume-55032
VOLUME_NOT_EMPTY org.apache.hadoop.ozone.om.exceptions.OMException
	at org.apache.hadoop.ozone.om.request.volume.OMVolumeDeleteRequest.validateAndUpdateCache(OMVolumeDeleteRequest.java:122)
	at org.apache.hadoop.ozone.protocolPB.OzoneManagerRequestHandler.handleWriteRequest(OzoneManagerRequestHandler.java:293)
	at org.apache.hadoop.ozone.protocolPB.OzoneManagerProtocolServerSideTranslatorPB.submitRequestDirectlyToOM(OzoneManagerProtocolServerSideTranslatorPB.java:282)
	at org.apache.hadoop.ozone.protocolPB.OzoneManagerProtocolServerSideTranslatorPB.processRequest(OzoneManagerProtocolServerSideTranslatorPB.java:205)
	at org.apache.hadoop.hdds.server.OzoneProtocolMessageDispatcher.processRequest(OzoneProtocolMessageDispatcher.java:87)
	at org.apache.hadoop.ozone.protocolPB.OzoneManagerProtocolServerSideTranslatorPB.submitRequest(OzoneManagerProtocolServerSideTranslatorPB.java:147)
	at org.apache.hadoop.ozone.protocol.proto.OzoneManagerProtocolProtos$OzoneManagerService$2.callBlockingMethod(OzoneManagerProtocolProtos.java)
	at org.apache.hadoop.ipc.ProtobufRpcEngine$Server.processCall(ProtobufRpcEngine.java:466)
	at org.apache.hadoop.ipc.ProtobufRpcEngine2$Server$ProtoBufRpcInvoker.call(ProtobufRpcEngine2.java:574)
	at org.apache.hadoop.ipc.ProtobufRpcEngine2$Server$ProtoBufRpcInvoker.call(ProtobufRpcEngine2.java:552)
	at org.apache.hadoop.ipc.RPC$Server.call(RPC.java:1093)
	at org.apache.hadoop.ipc.Server$RpcCall.run(Server.java:1035)
	at org.apache.hadoop.ipc.Server$RpcCall.run(Server.java:963)
	at java.security.AccessController.doPrivileged(Native Method)
	at javax.security.auth.Subject.doAs(Subject.java:422)
	at org.apache.hadoop.security.UserGroupInformation.doAs(UserGroupInformation.java:1878)
	at org.apache.hadoop.ipc.Server$Handler.run(Server.java:2966)
21:06:33.516 [IPC Server handler 17 on default port 37581] ERROR OMAudit - user=runner | ip=127.0.0.1 | op=READ_VOLUME {volume=volume-55032} | ret=FAILURE
org.apache.hadoop.ozone.om.exceptions.OMException: Volume volume-55032 is not found
	at org.apache.hadoop.ozone.om.VolumeManagerImpl.getVolumeInfo(VolumeManagerImpl.java:74) ~[ozone-manager-1.3.0-SNAPSHOT.jar:?]
	at org.apache.hadoop.ozone.om.OzoneManager.getVolumeInfo(OzoneManager.java:2602) ~[ozone-manager-1.3.0-SNAPSHOT.jar:?]
	at org.apache.hadoop.ozone.protocolPB.OzoneManagerRequestHandler.infoVolume(OzoneManagerRequestHandler.java:390) ~[ozone-manager-1.3.0-SNAPSHOT.jar:?]
	at org.apache.hadoop.ozone.protocolPB.OzoneManagerRequestHandler.handleReadRequest(OzoneManagerRequestHandler.java:162) ~[ozone-manager-1.3.0-SNAPSHOT.jar:?]
	at org.apache.hadoop.ozone.protocolPB.OzoneManagerProtocolServerSideTranslatorPB.submitRequestDirectlyToOM(OzoneManagerProtocolServerSideTranslatorPB.java:276) ~[ozone-manager-1.3.0-SNAPSHOT.jar:?]
	at org.apache.hadoop.ozone.protocolPB.OzoneManagerProtocolServerSideTranslatorPB.processRequest(OzoneManagerProtocolServerSideTranslatorPB.java:205) ~[ozone-manager-1.3.0-SNAPSHOT.jar:?]
	at org.apache.hadoop.hdds.server.OzoneProtocolMessageDispatcher.processRequest(OzoneProtocolMessageDispatcher.java:87) [hdds-server-framework-1.3.0-SNAPSHOT.jar:?]
	at org.apache.hadoop.ozone.protocolPB.OzoneManagerProtocolServerSideTranslatorPB.submitRequest(OzoneManagerProtocolServerSideTranslatorPB.java:147) [ozone-manager-1.3.0-SNAPSHOT.jar:?]
	at org.apache.hadoop.ozone.protocol.proto.OzoneManagerProtocolProtos$OzoneManagerService$2.callBlockingMethod(OzoneManagerProtocolProtos.java) [ozone-interface-client-1.3.0-SNAPSHOT.jar:?]
	at org.apache.hadoop.ipc.ProtobufRpcEngine$Server.processCall(ProtobufRpcEngine.java:466) [hadoop-common-3.3.1.jar:?]
	at org.apache.hadoop.ipc.ProtobufRpcEngine2$Server$ProtoBufRpcInvoker.call(ProtobufRpcEngine2.java:574) [hadoop-common-3.3.1.jar:?]
	at org.apache.hadoop.ipc.ProtobufRpcEngine2$Server$ProtoBufRpcInvoker.call(ProtobufRpcEngine2.java:552) [hadoop-common-3.3.1.jar:?]
	at org.apache.hadoop.ipc.RPC$Server.call(RPC.java:1093) [hadoop-common-3.3.1.jar:?]
	at org.apache.hadoop.ipc.Server$RpcCall.run(Server.java:1035) [hadoop-common-3.3.1.jar:?]
	at org.apache.hadoop.ipc.Server$RpcCall.run(Server.java:963) [hadoop-common-3.3.1.jar:?]
	at java.security.AccessController.doPrivileged(Native Method) ~[?:1.8.0_332]
	at javax.security.auth.Subject.doAs(Subject.java:422) [?:1.8.0_332]
	at org.apache.hadoop.security.UserGroupInformation.doAs(UserGroupInformation.java:1878) [hadoop-common-3.3.1.jar:?]
	at org.apache.hadoop.ipc.Server$Handler.run(Server.java:2966) [hadoop-common-3.3.1.jar:?]
21:06:33.520 [IPC Server handler 16 on default port 37581] ERROR OMAudit - user=runner | ip=127.0.0.1 | op=READ_BUCKET {volume=volume-55032, bucket=bucket3} | ret=FAILURE
org.apache.hadoop.ozone.om.exceptions.OMException: Volume not found when getting bucket info
	at org.apache.hadoop.ozone.om.BucketManagerImpl.getBucketInfo(BucketManagerImpl.java:127) ~[ozone-manager-1.3.0-SNAPSHOT.jar:?]
	at org.apache.hadoop.ozone.om.OzoneManager.getBucketInfo(OzoneManager.java:2778) ~[ozone-manager-1.3.0-SNAPSHOT.jar:?]
	at org.apache.hadoop.ozone.protocolPB.OzoneManagerRequestHandler.infoBucket(OzoneManagerRequestHandler.java:464) ~[ozone-manager-1.3.0-SNAPSHOT.jar:?]
	at org.apache.hadoop.ozone.protocolPB.OzoneManagerRequestHandler.handleReadRequest(OzoneManagerRequestHandler.java:172) ~[ozone-manager-1.3.0-SNAPSHOT.jar:?]
	at org.apache.hadoop.ozone.protocolPB.OzoneManagerProtocolServerSideTranslatorPB.submitRequestDirectlyToOM(OzoneManagerProtocolServerSideTranslatorPB.java:276) ~[ozone-manager-1.3.0-SNAPSHOT.jar:?]
	at org.apache.hadoop.ozone.protocolPB.OzoneManagerProtocolServerSideTranslatorPB.processRequest(OzoneManagerProtocolServerSideTranslatorPB.java:205) ~[ozone-manager-1.3.0-SNAPSHOT.jar:?]
	at org.apache.hadoop.hdds.server.OzoneProtocolMessageDispatcher.processRequest(OzoneProtocolMessageDispatcher.java:87) [hdds-server-framework-1.3.0-SNAPSHOT.jar:?]
	at org.apache.hadoop.ozone.protocolPB.OzoneManagerProtocolServerSideTranslatorPB.submitRequest(OzoneManagerProtocolServerSideTranslatorPB.java:147) [ozone-manager-1.3.0-SNAPSHOT.jar:?]
	at org.apache.hadoop.ozone.protocol.proto.OzoneManagerProtocolProtos$OzoneManagerService$2.callBlockingMethod(OzoneManagerProtocolProtos.java) [ozone-interface-client-1.3.0-SNAPSHOT.jar:?]
	at org.apache.hadoop.ipc.ProtobufRpcEngine$Server.processCall(ProtobufRpcEngine.java:466) [hadoop-common-3.3.1.jar:?]
	at org.apache.hadoop.ipc.ProtobufRpcEngine2$Server$ProtoBufRpcInvoker.call(ProtobufRpcEngine2.java:574) [hadoop-common-3.3.1.jar:?]
	at org.apache.hadoop.ipc.ProtobufRpcEngine2$Server$ProtoBufRpcInvoker.call(ProtobufRpcEngine2.java:552) [hadoop-common-3.3.1.jar:?]
	at org.apache.hadoop.ipc.RPC$Server.call(RPC.java:1093) [hadoop-common-3.3.1.jar:?]
	at org.apache.hadoop.ipc.Server$RpcCall.run(Server.java:1035) [hadoop-common-3.3.1.jar:?]
	at org.apache.hadoop.ipc.Server$RpcCall.run(Server.java:963) [hadoop-common-3.3.1.jar:?]
	at java.security.AccessController.doPrivileged(Native Method) ~[?:1.8.0_332]
	at javax.security.auth.Subject.doAs(Subject.java:422) [?:1.8.0_332]
	at org.apache.hadoop.security.UserGroupInformation.doAs(UserGroupInformation.java:1878) [hadoop-common-3.3.1.jar:?]
	at org.apache.hadoop.ipc.Server$Handler.run(Server.java:2966) [hadoop-common-3.3.1.jar:?]
2022-07-12 21:06:33,520 [Time-limited test] INFO  rpc.RpcClient (RpcClient.java:createVolume(466)) - Creating Volume: volume-55032, with runner as owner and space quota set to -1 bytes, counts quota set to -1
2022-07-12 21:06:33,521 [IPC Server handler 14 on default port 37581] INFO  volume.OMVolumeCreateRequest (OMVolumeCreateRequest.java:validateAndUpdateCache(195)) - created volume:volume-55032 for user:runner
2022-07-12 21:06:33,524 [Time-limited test] INFO  rpc.RpcClient (RpcClient.java:createBucket(669)) - Creating Bucket: volume-55032/bucket3, with bucket layout LEGACY, runner as owner, Versioning false, Storage Type set to DISK and Encryption set to false 
2022-07-12 21:06:33,526 [IPC Server handler 0 on default port 37581] INFO  bucket.OMBucketCreateRequest (OMBucketCreateRequest.java:validateAndUpdateCache(260)) - created bucket: bucket3 of layout LEGACY in volume: volume-55032
21:06:33.547 [IPC Server handler 1 on default port 37581] ERROR OMAudit - user=runner | ip=127.0.0.1 | op=READ_VOLUME {volume=volume-55032} | ret=FAILURE
org.apache.hadoop.ozone.om.exceptions.OMException: Volume volume-55032 is not found
	at org.apache.hadoop.ozone.om.VolumeManagerImpl.getVolumeInfo(VolumeManagerImpl.java:74) ~[ozone-manager-1.3.0-SNAPSHOT.jar:?]
	at org.apache.hadoop.ozone.om.OzoneManager.getVolumeInfo(OzoneManager.java:2602) ~[ozone-manager-1.3.0-SNAPSHOT.jar:?]
	at org.apache.hadoop.ozone.protocolPB.OzoneManagerRequestHandler.infoVolume(OzoneManagerRequestHandler.java:390) ~[ozone-manager-1.3.0-SNAPSHOT.jar:?]
	at org.apache.hadoop.ozone.protocolPB.OzoneManagerRequestHandler.handleReadRequest(OzoneManagerRequestHandler.java:162) ~[ozone-manager-1.3.0-SNAPSHOT.jar:?]
	at org.apache.hadoop.ozone.protocolPB.OzoneManagerProtocolServerSideTranslatorPB.submitRequestDirectlyToOM(OzoneManagerProtocolServerSideTranslatorPB.java:276) ~[ozone-manager-1.3.0-SNAPSHOT.jar:?]
	at org.apache.hadoop.ozone.protocolPB.OzoneManagerProtocolServerSideTranslatorPB.processRequest(OzoneManagerProtocolServerSideTranslatorPB.java:205) ~[ozone-manager-1.3.0-SNAPSHOT.jar:?]
	at org.apache.hadoop.hdds.server.OzoneProtocolMessageDispatcher.processRequest(OzoneProtocolMessageDispatcher.java:87) [hdds-server-framework-1.3.0-SNAPSHOT.jar:?]
	at org.apache.hadoop.ozone.protocolPB.OzoneManagerProtocolServerSideTranslatorPB.submitRequest(OzoneManagerProtocolServerSideTranslatorPB.java:147) [ozone-manager-1.3.0-SNAPSHOT.jar:?]
	at org.apache.hadoop.ozone.protocol.proto.OzoneManagerProtocolProtos$OzoneManagerService$2.callBlockingMethod(OzoneManagerProtocolProtos.java) [ozone-interface-client-1.3.0-SNAPSHOT.jar:?]
	at org.apache.hadoop.ipc.ProtobufRpcEngine$Server.processCall(ProtobufRpcEngine.java:466) [hadoop-common-3.3.1.jar:?]
	at org.apache.hadoop.ipc.ProtobufRpcEngine2$Server$ProtoBufRpcInvoker.call(ProtobufRpcEngine2.java:574) [hadoop-common-3.3.1.jar:?]
	at org.apache.hadoop.ipc.ProtobufRpcEngine2$Server$ProtoBufRpcInvoker.call(ProtobufRpcEngine2.java:552) [hadoop-common-3.3.1.jar:?]
	at org.apache.hadoop.ipc.RPC$Server.call(RPC.java:1093) [hadoop-common-3.3.1.jar:?]
	at org.apache.hadoop.ipc.Server$RpcCall.run(Server.java:1035) [hadoop-common-3.3.1.jar:?]
	at org.apache.hadoop.ipc.Server$RpcCall.run(Server.java:963) [hadoop-common-3.3.1.jar:?]
	at java.security.AccessController.doPrivileged(Native Method) ~[?:1.8.0_332]
	at javax.security.auth.Subject.doAs(Subject.java:422) [?:1.8.0_332]
	at org.apache.hadoop.security.UserGroupInformation.doAs(UserGroupInformation.java:1878) [hadoop-common-3.3.1.jar:?]
	at org.apache.hadoop.ipc.Server$Handler.run(Server.java:2966) [hadoop-common-3.3.1.jar:?]
]]></system-out>
  </testcase>
  <testcase name="testDeleteVolumeBucketAndKey" classname="TestRootedOzoneFileSystem" time="0.262">
    <system-out><![CDATA[2022-07-12 21:07:54,847 [Time-limited test] INFO  rpc.RpcClient (RpcClient.java:createVolume(466)) - Creating Volume: volume69868, with user24730 as owner and space quota set to -1 bytes, counts quota set to -1
2022-07-12 21:07:54,850 [OM StateMachine ApplyTransaction Thread - 0] INFO  volume.OMVolumeCreateRequest (OMVolumeCreateRequest.java:validateAndUpdateCache(195)) - created volume:volume69868 for user:user24730
2022-07-12 21:07:54,856 [Time-limited test] INFO  rpc.RpcClient (RpcClient.java:createBucket(669)) - Creating Bucket: volume69868/bucket58254, with bucket layout LEGACY, runner as owner, Versioning false, Storage Type set to DISK and Encryption set to false 
2022-07-12 21:07:54,857 [OM StateMachine ApplyTransaction Thread - 0] INFO  bucket.OMBucketCreateRequest (OMBucketCreateRequest.java:validateAndUpdateCache(260)) - created bucket: bucket58254 of layout LEGACY in volume: volume69868
21:07:54.859 [IPC Server handler 1 on default port 33595] ERROR OMAudit - user=runner | ip=127.0.0.1 | op=READ_BUCKET {volume=volume-40648, bucket=bucket3} | ret=FAILURE
org.apache.hadoop.ozone.om.exceptions.OMException: Volume not found when getting bucket info
	at org.apache.hadoop.ozone.om.BucketManagerImpl.getBucketInfo(BucketManagerImpl.java:127) ~[ozone-manager-1.3.0-SNAPSHOT.jar:?]
	at org.apache.hadoop.ozone.om.OzoneManager.getBucketInfo(OzoneManager.java:2778) ~[ozone-manager-1.3.0-SNAPSHOT.jar:?]
	at org.apache.hadoop.ozone.protocolPB.OzoneManagerRequestHandler.infoBucket(OzoneManagerRequestHandler.java:464) ~[ozone-manager-1.3.0-SNAPSHOT.jar:?]
	at org.apache.hadoop.ozone.protocolPB.OzoneManagerRequestHandler.handleReadRequest(OzoneManagerRequestHandler.java:172) ~[ozone-manager-1.3.0-SNAPSHOT.jar:?]
	at org.apache.hadoop.ozone.protocolPB.OzoneManagerProtocolServerSideTranslatorPB.submitReadRequestToOM(OzoneManagerProtocolServerSideTranslatorPB.java:226) ~[ozone-manager-1.3.0-SNAPSHOT.jar:?]
	at org.apache.hadoop.ozone.protocolPB.OzoneManagerProtocolServerSideTranslatorPB.processRequest(OzoneManagerProtocolServerSideTranslatorPB.java:175) ~[ozone-manager-1.3.0-SNAPSHOT.jar:?]
	at org.apache.hadoop.hdds.server.OzoneProtocolMessageDispatcher.processRequest(OzoneProtocolMessageDispatcher.java:87) [hdds-server-framework-1.3.0-SNAPSHOT.jar:?]
	at org.apache.hadoop.ozone.protocolPB.OzoneManagerProtocolServerSideTranslatorPB.submitRequest(OzoneManagerProtocolServerSideTranslatorPB.java:147) [ozone-manager-1.3.0-SNAPSHOT.jar:?]
	at org.apache.hadoop.ozone.protocol.proto.OzoneManagerProtocolProtos$OzoneManagerService$2.callBlockingMethod(OzoneManagerProtocolProtos.java) [ozone-interface-client-1.3.0-SNAPSHOT.jar:?]
	at org.apache.hadoop.ipc.ProtobufRpcEngine$Server.processCall(ProtobufRpcEngine.java:466) [hadoop-common-3.3.1.jar:?]
	at org.apache.hadoop.ipc.ProtobufRpcEngine2$Server$ProtoBufRpcInvoker.call(ProtobufRpcEngine2.java:574) [hadoop-common-3.3.1.jar:?]
	at org.apache.hadoop.ipc.ProtobufRpcEngine2$Server$ProtoBufRpcInvoker.call(ProtobufRpcEngine2.java:552) [hadoop-common-3.3.1.jar:?]
	at org.apache.hadoop.ipc.RPC$Server.call(RPC.java:1093) [hadoop-common-3.3.1.jar:?]
	at org.apache.hadoop.ipc.Server$RpcCall.run(Server.java:1035) [hadoop-common-3.3.1.jar:?]
	at org.apache.hadoop.ipc.Server$RpcCall.run(Server.java:963) [hadoop-common-3.3.1.jar:?]
	at java.security.AccessController.doPrivileged(Native Method) ~[?:1.8.0_332]
	at javax.security.auth.Subject.doAs(Subject.java:422) [?:1.8.0_332]
	at org.apache.hadoop.security.UserGroupInformation.doAs(UserGroupInformation.java:1878) [hadoop-common-3.3.1.jar:?]
	at org.apache.hadoop.ipc.Server$Handler.run(Server.java:2966) [hadoop-common-3.3.1.jar:?]
2022-07-12 21:07:54,863 [Time-limited test] INFO  rpc.RpcClient (RpcClient.java:createVolume(466)) - Creating Volume: volume-40648, with runner as owner and space quota set to -1 bytes, counts quota set to -1
2022-07-12 21:07:54,869 [OM StateMachine ApplyTransaction Thread - 0] INFO  volume.OMVolumeCreateRequest (OMVolumeCreateRequest.java:validateAndUpdateCache(195)) - created volume:volume-40648 for user:runner
2022-07-12 21:07:54,870 [Time-limited test] INFO  rpc.RpcClient (RpcClient.java:createBucket(669)) - Creating Bucket: volume-40648/bucket3, with bucket layout LEGACY, runner as owner, Versioning false, Storage Type set to DISK and Encryption set to false 
2022-07-12 21:07:54,872 [OM StateMachine ApplyTransaction Thread - 0] INFO  bucket.OMBucketCreateRequest (OMBucketCreateRequest.java:validateAndUpdateCache(260)) - created bucket: bucket3 of layout LEGACY in volume: volume-40648
21:07:54.877 [OM StateMachine ApplyTransaction Thread - 0] ERROR OMAudit - user=runner | ip=127.0.0.1 | op=DELETE_VOLUME {volume=volume-40648} | ret=FAILURE
org.apache.hadoop.ozone.om.exceptions.OMException: null
	at org.apache.hadoop.ozone.om.request.volume.OMVolumeDeleteRequest.validateAndUpdateCache(OMVolumeDeleteRequest.java:122) ~[ozone-manager-1.3.0-SNAPSHOT.jar:?]
	at org.apache.hadoop.ozone.protocolPB.OzoneManagerRequestHandler.handleWriteRequest(OzoneManagerRequestHandler.java:293) ~[ozone-manager-1.3.0-SNAPSHOT.jar:?]
	at org.apache.hadoop.ozone.om.ratis.OzoneManagerStateMachine.runCommand(OzoneManagerStateMachine.java:529) ~[ozone-manager-1.3.0-SNAPSHOT.jar:?]
	at org.apache.hadoop.ozone.om.ratis.OzoneManagerStateMachine.lambda$1(OzoneManagerStateMachine.java:324) ~[ozone-manager-1.3.0-SNAPSHOT.jar:?]
	at java.util.concurrent.CompletableFuture$AsyncSupply.run(CompletableFuture.java:1604) [?:1.8.0_332]
	at java.util.concurrent.ThreadPoolExecutor.runWorker(ThreadPoolExecutor.java:1149) [?:1.8.0_332]
	at java.util.concurrent.ThreadPoolExecutor$Worker.run(ThreadPoolExecutor.java:624) [?:1.8.0_332]
	at java.lang.Thread.run(Thread.java:750) [?:1.8.0_332]
2022-07-12 21:07:54,877 [OM StateMachine ApplyTransaction Thread - 0] ERROR volume.OMVolumeDeleteRequest (OMVolumeDeleteRequest.java:validateAndUpdateCache(170)) - Volume deletion failed for user:runner volume:volume-40648
VOLUME_NOT_EMPTY org.apache.hadoop.ozone.om.exceptions.OMException
	at org.apache.hadoop.ozone.om.request.volume.OMVolumeDeleteRequest.validateAndUpdateCache(OMVolumeDeleteRequest.java:122)
	at org.apache.hadoop.ozone.protocolPB.OzoneManagerRequestHandler.handleWriteRequest(OzoneManagerRequestHandler.java:293)
	at org.apache.hadoop.ozone.om.ratis.OzoneManagerStateMachine.runCommand(OzoneManagerStateMachine.java:529)
	at org.apache.hadoop.ozone.om.ratis.OzoneManagerStateMachine.lambda$1(OzoneManagerStateMachine.java:324)
	at java.util.concurrent.CompletableFuture$AsyncSupply.run(CompletableFuture.java:1604)
	at java.util.concurrent.ThreadPoolExecutor.runWorker(ThreadPoolExecutor.java:1149)
	at java.util.concurrent.ThreadPoolExecutor$Worker.run(ThreadPoolExecutor.java:624)
	at java.lang.Thread.run(Thread.java:750)
21:07:54.916 [IPC Server handler 13 on default port 33595] ERROR OMAudit - user=runner | ip=127.0.0.1 | op=READ_VOLUME {volume=volume-40648} | ret=FAILURE
org.apache.hadoop.ozone.om.exceptions.OMException: Volume volume-40648 is not found
	at org.apache.hadoop.ozone.om.VolumeManagerImpl.getVolumeInfo(VolumeManagerImpl.java:74) ~[ozone-manager-1.3.0-SNAPSHOT.jar:?]
	at org.apache.hadoop.ozone.om.OzoneManager.getVolumeInfo(OzoneManager.java:2602) ~[ozone-manager-1.3.0-SNAPSHOT.jar:?]
	at org.apache.hadoop.ozone.protocolPB.OzoneManagerRequestHandler.infoVolume(OzoneManagerRequestHandler.java:390) ~[ozone-manager-1.3.0-SNAPSHOT.jar:?]
	at org.apache.hadoop.ozone.protocolPB.OzoneManagerRequestHandler.handleReadRequest(OzoneManagerRequestHandler.java:162) ~[ozone-manager-1.3.0-SNAPSHOT.jar:?]
	at org.apache.hadoop.ozone.protocolPB.OzoneManagerProtocolServerSideTranslatorPB.submitReadRequestToOM(OzoneManagerProtocolServerSideTranslatorPB.java:226) ~[ozone-manager-1.3.0-SNAPSHOT.jar:?]
	at org.apache.hadoop.ozone.protocolPB.OzoneManagerProtocolServerSideTranslatorPB.processRequest(OzoneManagerProtocolServerSideTranslatorPB.java:175) ~[ozone-manager-1.3.0-SNAPSHOT.jar:?]
	at org.apache.hadoop.hdds.server.OzoneProtocolMessageDispatcher.processRequest(OzoneProtocolMessageDispatcher.java:87) [hdds-server-framework-1.3.0-SNAPSHOT.jar:?]
	at org.apache.hadoop.ozone.protocolPB.OzoneManagerProtocolServerSideTranslatorPB.submitRequest(OzoneManagerProtocolServerSideTranslatorPB.java:147) [ozone-manager-1.3.0-SNAPSHOT.jar:?]
	at org.apache.hadoop.ozone.protocol.proto.OzoneManagerProtocolProtos$OzoneManagerService$2.callBlockingMethod(OzoneManagerProtocolProtos.java) [ozone-interface-client-1.3.0-SNAPSHOT.jar:?]
	at org.apache.hadoop.ipc.ProtobufRpcEngine$Server.processCall(ProtobufRpcEngine.java:466) [hadoop-common-3.3.1.jar:?]
	at org.apache.hadoop.ipc.ProtobufRpcEngine2$Server$ProtoBufRpcInvoker.call(ProtobufRpcEngine2.java:574) [hadoop-common-3.3.1.jar:?]
	at org.apache.hadoop.ipc.ProtobufRpcEngine2$Server$ProtoBufRpcInvoker.call(ProtobufRpcEngine2.java:552) [hadoop-common-3.3.1.jar:?]
	at org.apache.hadoop.ipc.RPC$Server.call(RPC.java:1093) [hadoop-common-3.3.1.jar:?]
	at org.apache.hadoop.ipc.Server$RpcCall.run(Server.java:1035) [hadoop-common-3.3.1.jar:?]
	at org.apache.hadoop.ipc.Server$RpcCall.run(Server.java:963) [hadoop-common-3.3.1.jar:?]
	at java.security.AccessController.doPrivileged(Native Method) ~[?:1.8.0_332]
	at javax.security.auth.Subject.doAs(Subject.java:422) [?:1.8.0_332]
	at org.apache.hadoop.security.UserGroupInformation.doAs(UserGroupInformation.java:1878) [hadoop-common-3.3.1.jar:?]
	at org.apache.hadoop.ipc.Server$Handler.run(Server.java:2966) [hadoop-common-3.3.1.jar:?]
21:07:54.917 [IPC Server handler 15 on default port 33595] ERROR OMAudit - user=runner | ip=127.0.0.1 | op=READ_BUCKET {volume=volume-40648, bucket=bucket3} | ret=FAILURE
org.apache.hadoop.ozone.om.exceptions.OMException: Volume not found when getting bucket info
	at org.apache.hadoop.ozone.om.BucketManagerImpl.getBucketInfo(BucketManagerImpl.java:127) ~[ozone-manager-1.3.0-SNAPSHOT.jar:?]
	at org.apache.hadoop.ozone.om.OzoneManager.getBucketInfo(OzoneManager.java:2778) ~[ozone-manager-1.3.0-SNAPSHOT.jar:?]
	at org.apache.hadoop.ozone.protocolPB.OzoneManagerRequestHandler.infoBucket(OzoneManagerRequestHandler.java:464) ~[ozone-manager-1.3.0-SNAPSHOT.jar:?]
	at org.apache.hadoop.ozone.protocolPB.OzoneManagerRequestHandler.handleReadRequest(OzoneManagerRequestHandler.java:172) ~[ozone-manager-1.3.0-SNAPSHOT.jar:?]
	at org.apache.hadoop.ozone.protocolPB.OzoneManagerProtocolServerSideTranslatorPB.submitReadRequestToOM(OzoneManagerProtocolServerSideTranslatorPB.java:226) ~[ozone-manager-1.3.0-SNAPSHOT.jar:?]
	at org.apache.hadoop.ozone.protocolPB.OzoneManagerProtocolServerSideTranslatorPB.processRequest(OzoneManagerProtocolServerSideTranslatorPB.java:175) ~[ozone-manager-1.3.0-SNAPSHOT.jar:?]
	at org.apache.hadoop.hdds.server.OzoneProtocolMessageDispatcher.processRequest(OzoneProtocolMessageDispatcher.java:87) [hdds-server-framework-1.3.0-SNAPSHOT.jar:?]
	at org.apache.hadoop.ozone.protocolPB.OzoneManagerProtocolServerSideTranslatorPB.submitRequest(OzoneManagerProtocolServerSideTranslatorPB.java:147) [ozone-manager-1.3.0-SNAPSHOT.jar:?]
	at org.apache.hadoop.ozone.protocol.proto.OzoneManagerProtocolProtos$OzoneManagerService$2.callBlockingMethod(OzoneManagerProtocolProtos.java) [ozone-interface-client-1.3.0-SNAPSHOT.jar:?]
	at org.apache.hadoop.ipc.ProtobufRpcEngine$Server.processCall(ProtobufRpcEngine.java:466) [hadoop-common-3.3.1.jar:?]
	at org.apache.hadoop.ipc.ProtobufRpcEngine2$Server$ProtoBufRpcInvoker.call(ProtobufRpcEngine2.java:574) [hadoop-common-3.3.1.jar:?]
	at org.apache.hadoop.ipc.ProtobufRpcEngine2$Server$ProtoBufRpcInvoker.call(ProtobufRpcEngine2.java:552) [hadoop-common-3.3.1.jar:?]
	at org.apache.hadoop.ipc.RPC$Server.call(RPC.java:1093) [hadoop-common-3.3.1.jar:?]
	at org.apache.hadoop.ipc.Server$RpcCall.run(Server.java:1035) [hadoop-common-3.3.1.jar:?]
	at org.apache.hadoop.ipc.Server$RpcCall.run(Server.java:963) [hadoop-common-3.3.1.jar:?]
	at java.security.AccessController.doPrivileged(Native Method) ~[?:1.8.0_332]
	at javax.security.auth.Subject.doAs(Subject.java:422) [?:1.8.0_332]
	at org.apache.hadoop.security.UserGroupInformation.doAs(UserGroupInformation.java:1878) [hadoop-common-3.3.1.jar:?]
	at org.apache.hadoop.ipc.Server$Handler.run(Server.java:2966) [hadoop-common-3.3.1.jar:?]
2022-07-12 21:07:54,918 [Time-limited test] INFO  rpc.RpcClient (RpcClient.java:createVolume(466)) - Creating Volume: volume-40648, with runner as owner and space quota set to -1 bytes, counts quota set to -1
2022-07-12 21:07:54,919 [OM StateMachine ApplyTransaction Thread - 0] INFO  volume.OMVolumeCreateRequest (OMVolumeCreateRequest.java:validateAndUpdateCache(195)) - created volume:volume-40648 for user:runner
2022-07-12 21:07:54,921 [Time-limited test] INFO  rpc.RpcClient (RpcClient.java:createBucket(669)) - Creating Bucket: volume-40648/bucket3, with bucket layout LEGACY, runner as owner, Versioning false, Storage Type set to DISK and Encryption set to false 
2022-07-12 21:07:54,923 [OM StateMachine ApplyTransaction Thread - 0] INFO  bucket.OMBucketCreateRequest (OMBucketCreateRequest.java:validateAndUpdateCache(260)) - created bucket: bucket3 of layout LEGACY in volume: volume-40648
21:07:54.939 [IPC Server handler 0 on default port 33595] ERROR OMAudit - user=runner | ip=127.0.0.1 | op=READ_VOLUME {volume=volume-40648} | ret=FAILURE
org.apache.hadoop.ozone.om.exceptions.OMException: Volume volume-40648 is not found
	at org.apache.hadoop.ozone.om.VolumeManagerImpl.getVolumeInfo(VolumeManagerImpl.java:74) ~[ozone-manager-1.3.0-SNAPSHOT.jar:?]
	at org.apache.hadoop.ozone.om.OzoneManager.getVolumeInfo(OzoneManager.java:2602) ~[ozone-manager-1.3.0-SNAPSHOT.jar:?]
	at org.apache.hadoop.ozone.protocolPB.OzoneManagerRequestHandler.infoVolume(OzoneManagerRequestHandler.java:390) ~[ozone-manager-1.3.0-SNAPSHOT.jar:?]
	at org.apache.hadoop.ozone.protocolPB.OzoneManagerRequestHandler.handleReadRequest(OzoneManagerRequestHandler.java:162) ~[ozone-manager-1.3.0-SNAPSHOT.jar:?]
	at org.apache.hadoop.ozone.protocolPB.OzoneManagerProtocolServerSideTranslatorPB.submitReadRequestToOM(OzoneManagerProtocolServerSideTranslatorPB.java:226) ~[ozone-manager-1.3.0-SNAPSHOT.jar:?]
	at org.apache.hadoop.ozone.protocolPB.OzoneManagerProtocolServerSideTranslatorPB.processRequest(OzoneManagerProtocolServerSideTranslatorPB.java:175) ~[ozone-manager-1.3.0-SNAPSHOT.jar:?]
	at org.apache.hadoop.hdds.server.OzoneProtocolMessageDispatcher.processRequest(OzoneProtocolMessageDispatcher.java:87) [hdds-server-framework-1.3.0-SNAPSHOT.jar:?]
	at org.apache.hadoop.ozone.protocolPB.OzoneManagerProtocolServerSideTranslatorPB.submitRequest(OzoneManagerProtocolServerSideTranslatorPB.java:147) [ozone-manager-1.3.0-SNAPSHOT.jar:?]
	at org.apache.hadoop.ozone.protocol.proto.OzoneManagerProtocolProtos$OzoneManagerService$2.callBlockingMethod(OzoneManagerProtocolProtos.java) [ozone-interface-client-1.3.0-SNAPSHOT.jar:?]
	at org.apache.hadoop.ipc.ProtobufRpcEngine$Server.processCall(ProtobufRpcEngine.java:466) [hadoop-common-3.3.1.jar:?]
	at org.apache.hadoop.ipc.ProtobufRpcEngine2$Server$ProtoBufRpcInvoker.call(ProtobufRpcEngine2.java:574) [hadoop-common-3.3.1.jar:?]
	at org.apache.hadoop.ipc.ProtobufRpcEngine2$Server$ProtoBufRpcInvoker.call(ProtobufRpcEngine2.java:552) [hadoop-common-3.3.1.jar:?]
	at org.apache.hadoop.ipc.RPC$Server.call(RPC.java:1093) [hadoop-common-3.3.1.jar:?]
	at org.apache.hadoop.ipc.Server$RpcCall.run(Server.java:1035) [hadoop-common-3.3.1.jar:?]
	at org.apache.hadoop.ipc.Server$RpcCall.run(Server.java:963) [hadoop-common-3.3.1.jar:?]
	at java.security.AccessController.doPrivileged(Native Method) ~[?:1.8.0_332]
	at javax.security.auth.Subject.doAs(Subject.java:422) [?:1.8.0_332]
	at org.apache.hadoop.security.UserGroupInformation.doAs(UserGroupInformation.java:1878) [hadoop-common-3.3.1.jar:?]
	at org.apache.hadoop.ipc.Server$Handler.run(Server.java:2966) [hadoop-common-3.3.1.jar:?]
]]></system-out>
  </testcase>
  <testcase name="testDeleteVolumeBucketAndKey" classname="TestRootedOzoneFileSystem" time="0.378">
    <system-out><![CDATA[2022-07-12 21:09:37,142 [76813abd-30d7-4706-b809-3e10cf795ab1@group-C3BB33E871CC-FollowerState] INFO  impl.FollowerState (FollowerState.java:run(143)) - 76813abd-30d7-4706-b809-3e10cf795ab1@group-C3BB33E871CC-FollowerState: change to CANDIDATE, lastRpcElapsedTime:5117833415ns, electionTimeout:5098ms
2022-07-12 21:09:37,142 [76813abd-30d7-4706-b809-3e10cf795ab1@group-C3BB33E871CC-FollowerState] INFO  impl.RoleInfo (RoleInfo.java:shutdownFollowerState(110)) - 76813abd-30d7-4706-b809-3e10cf795ab1: shutdown 76813abd-30d7-4706-b809-3e10cf795ab1@group-C3BB33E871CC-FollowerState
2022-07-12 21:09:37,142 [76813abd-30d7-4706-b809-3e10cf795ab1@group-C3BB33E871CC-FollowerState] INFO  server.RaftServer$Division (RaftServerImpl.java:setRole(299)) - 76813abd-30d7-4706-b809-3e10cf795ab1@group-C3BB33E871CC: changes role from  FOLLOWER to CANDIDATE at term 4 for changeToCandidate
2022-07-12 21:09:37,161 [76813abd-30d7-4706-b809-3e10cf795ab1@group-C3BB33E871CC-FollowerState] INFO  server.RaftServerConfigKeys (ConfUtils.java:logGet(46)) - raft.server.leaderelection.pre-vote = false (custom)
2022-07-12 21:09:37,162 [76813abd-30d7-4706-b809-3e10cf795ab1@group-C3BB33E871CC-FollowerState] INFO  impl.RoleInfo (RoleInfo.java:updateAndGet(139)) - 76813abd-30d7-4706-b809-3e10cf795ab1: start 76813abd-30d7-4706-b809-3e10cf795ab1@group-C3BB33E871CC-LeaderElection72
2022-07-12 21:09:37,166 [024a366d-d9bd-4389-bd26-fa648e81fb63@group-C3BB33E871CC-FollowerState] INFO  impl.FollowerState (FollowerState.java:run(143)) - 024a366d-d9bd-4389-bd26-fa648e81fb63@group-C3BB33E871CC-FollowerState: change to CANDIDATE, lastRpcElapsedTime:5130577944ns, electionTimeout:5114ms
2022-07-12 21:09:37,166 [024a366d-d9bd-4389-bd26-fa648e81fb63@group-C3BB33E871CC-FollowerState] INFO  impl.RoleInfo (RoleInfo.java:shutdownFollowerState(110)) - 024a366d-d9bd-4389-bd26-fa648e81fb63: shutdown 024a366d-d9bd-4389-bd26-fa648e81fb63@group-C3BB33E871CC-FollowerState
2022-07-12 21:09:37,166 [024a366d-d9bd-4389-bd26-fa648e81fb63@group-C3BB33E871CC-FollowerState] INFO  server.RaftServer$Division (RaftServerImpl.java:setRole(299)) - 024a366d-d9bd-4389-bd26-fa648e81fb63@group-C3BB33E871CC: changes role from  FOLLOWER to CANDIDATE at term 4 for changeToCandidate
2022-07-12 21:09:37,180 [024a366d-d9bd-4389-bd26-fa648e81fb63@group-C3BB33E871CC-FollowerState] INFO  server.RaftServerConfigKeys (ConfUtils.java:logGet(46)) - raft.server.leaderelection.pre-vote = false (custom)
2022-07-12 21:09:37,219 [024a366d-d9bd-4389-bd26-fa648e81fb63@group-C3BB33E871CC-FollowerState] INFO  impl.RoleInfo (RoleInfo.java:updateAndGet(139)) - 024a366d-d9bd-4389-bd26-fa648e81fb63: start 024a366d-d9bd-4389-bd26-fa648e81fb63@group-C3BB33E871CC-LeaderElection73
2022-07-12 21:09:37,227 [76813abd-30d7-4706-b809-3e10cf795ab1@group-C3BB33E871CC-LeaderElection72] INFO  impl.LeaderElection (LeaderElection.java:askForVotes(310)) - 76813abd-30d7-4706-b809-3e10cf795ab1@group-C3BB33E871CC-LeaderElection72 ELECTION round 0: submit vote requests at term 5 for -1: [76813abd-30d7-4706-b809-3e10cf795ab1|rpc:10.1.0.20:33965|dataStream:|priority:1, 9ca81a7d-c27a-485e-9d50-743190b649b9|rpc:10.1.0.20:33467|dataStream:|priority:0, 024a366d-d9bd-4389-bd26-fa648e81fb63|rpc:10.1.0.20:34045|dataStream:|priority:0], old=null
2022-07-12 21:09:37,231 [024a366d-d9bd-4389-bd26-fa648e81fb63@group-C3BB33E871CC-LeaderElection73] INFO  impl.LeaderElection (LeaderElection.java:askForVotes(310)) - 024a366d-d9bd-4389-bd26-fa648e81fb63@group-C3BB33E871CC-LeaderElection73 ELECTION round 0: submit vote requests at term 5 for -1: [76813abd-30d7-4706-b809-3e10cf795ab1|rpc:10.1.0.20:33965|dataStream:|priority:1, 9ca81a7d-c27a-485e-9d50-743190b649b9|rpc:10.1.0.20:33467|dataStream:|priority:0, 024a366d-d9bd-4389-bd26-fa648e81fb63|rpc:10.1.0.20:34045|dataStream:|priority:0], old=null
2022-07-12 21:09:37,338 [grpc-default-executor-2] INFO  server.RaftServer$Division (RaftServerImpl.java:requestVote(1152)) - 9ca81a7d-c27a-485e-9d50-743190b649b9@group-C3BB33E871CC: receive requestVote(ELECTION, 024a366d-d9bd-4389-bd26-fa648e81fb63, group-C3BB33E871CC, 5, (t:0, i:0))
2022-07-12 21:09:37,338 [grpc-default-executor-2] INFO  impl.VoteContext (VoteContext.java:log(48)) - 9ca81a7d-c27a-485e-9d50-743190b649b9@group-C3BB33E871CC-FOLLOWER: accept ELECTION from 024a366d-d9bd-4389-bd26-fa648e81fb63: our priority 0 <= candidate's priority 0
2022-07-12 21:09:37,338 [grpc-default-executor-2] INFO  server.RaftServer$Division (RaftServerImpl.java:setRole(299)) - 9ca81a7d-c27a-485e-9d50-743190b649b9@group-C3BB33E871CC: changes role from  FOLLOWER to FOLLOWER at term 5 for candidate:024a366d-d9bd-4389-bd26-fa648e81fb63
2022-07-12 21:09:37,338 [grpc-default-executor-2] INFO  impl.RoleInfo (RoleInfo.java:shutdownFollowerState(110)) - 9ca81a7d-c27a-485e-9d50-743190b649b9: shutdown 9ca81a7d-c27a-485e-9d50-743190b649b9@group-C3BB33E871CC-FollowerState
2022-07-12 21:09:37,339 [grpc-default-executor-2] INFO  impl.RoleInfo (RoleInfo.java:updateAndGet(139)) - 9ca81a7d-c27a-485e-9d50-743190b649b9: start 9ca81a7d-c27a-485e-9d50-743190b649b9@group-C3BB33E871CC-FollowerState
2022-07-12 21:09:37,339 [grpc-default-executor-1] INFO  server.RaftServer$Division (RaftServerImpl.java:requestVote(1152)) - 76813abd-30d7-4706-b809-3e10cf795ab1@group-C3BB33E871CC: receive requestVote(ELECTION, 024a366d-d9bd-4389-bd26-fa648e81fb63, group-C3BB33E871CC, 5, (t:0, i:0))
2022-07-12 21:09:37,339 [grpc-default-executor-1] INFO  impl.VoteContext (VoteContext.java:log(48)) - 76813abd-30d7-4706-b809-3e10cf795ab1@group-C3BB33E871CC-CANDIDATE: reject ELECTION from 024a366d-d9bd-4389-bd26-fa648e81fb63: already has voted for 76813abd-30d7-4706-b809-3e10cf795ab1 at current term 5
2022-07-12 21:09:37,339 [grpc-default-executor-1] INFO  server.RaftServer$Division (RaftServerImpl.java:requestVote(1184)) - 76813abd-30d7-4706-b809-3e10cf795ab1@group-C3BB33E871CC replies to ELECTION vote request: 024a366d-d9bd-4389-bd26-fa648e81fb63<-76813abd-30d7-4706-b809-3e10cf795ab1#0:FAIL-t5. Peer's state: 76813abd-30d7-4706-b809-3e10cf795ab1@group-C3BB33E871CC:t5, leader=null, voted=76813abd-30d7-4706-b809-3e10cf795ab1, raftlog=76813abd-30d7-4706-b809-3e10cf795ab1@group-C3BB33E871CC-SegmentedRaftLog:OPENED:c-1, conf=-1: [76813abd-30d7-4706-b809-3e10cf795ab1|rpc:10.1.0.20:33965|dataStream:|priority:1, 9ca81a7d-c27a-485e-9d50-743190b649b9|rpc:10.1.0.20:33467|dataStream:|priority:0, 024a366d-d9bd-4389-bd26-fa648e81fb63|rpc:10.1.0.20:34045|dataStream:|priority:0], old=null
2022-07-12 21:09:37,339 [9ca81a7d-c27a-485e-9d50-743190b649b9@group-C3BB33E871CC-FollowerState] INFO  impl.FollowerState (FollowerState.java:run(152)) - 9ca81a7d-c27a-485e-9d50-743190b649b9@group-C3BB33E871CC-FollowerState was interrupted
2022-07-12 21:09:37,339 [grpc-default-executor-0] INFO  server.RaftServer$Division (RaftServerImpl.java:requestVote(1152)) - 9ca81a7d-c27a-485e-9d50-743190b649b9@group-C3BB33E871CC: receive requestVote(ELECTION, 76813abd-30d7-4706-b809-3e10cf795ab1, group-C3BB33E871CC, 5, (t:0, i:0))
2022-07-12 21:09:37,339 [grpc-default-executor-3] INFO  server.RaftServer$Division (RaftServerImpl.java:requestVote(1152)) - 024a366d-d9bd-4389-bd26-fa648e81fb63@group-C3BB33E871CC: receive requestVote(ELECTION, 76813abd-30d7-4706-b809-3e10cf795ab1, group-C3BB33E871CC, 5, (t:0, i:0))
2022-07-12 21:09:37,339 [grpc-default-executor-3] INFO  impl.VoteContext (VoteContext.java:log(48)) - 024a366d-d9bd-4389-bd26-fa648e81fb63@group-C3BB33E871CC-CANDIDATE: reject ELECTION from 76813abd-30d7-4706-b809-3e10cf795ab1: already has voted for 024a366d-d9bd-4389-bd26-fa648e81fb63 at current term 5
2022-07-12 21:09:37,344 [grpc-default-executor-2] INFO  server.RaftServer$Division (RaftServerImpl.java:requestVote(1184)) - 9ca81a7d-c27a-485e-9d50-743190b649b9@group-C3BB33E871CC replies to ELECTION vote request: 024a366d-d9bd-4389-bd26-fa648e81fb63<-9ca81a7d-c27a-485e-9d50-743190b649b9#0:OK-t5. Peer's state: 9ca81a7d-c27a-485e-9d50-743190b649b9@group-C3BB33E871CC:t5, leader=null, voted=024a366d-d9bd-4389-bd26-fa648e81fb63, raftlog=9ca81a7d-c27a-485e-9d50-743190b649b9@group-C3BB33E871CC-SegmentedRaftLog:OPENED:c-1, conf=-1: [76813abd-30d7-4706-b809-3e10cf795ab1|rpc:10.1.0.20:33965|priority:1, 9ca81a7d-c27a-485e-9d50-743190b649b9|rpc:10.1.0.20:33467|priority:0, 024a366d-d9bd-4389-bd26-fa648e81fb63|rpc:10.1.0.20:34045|priority:0], old=null
2022-07-12 21:09:37,344 [grpc-default-executor-0] INFO  impl.VoteContext (VoteContext.java:log(48)) - 9ca81a7d-c27a-485e-9d50-743190b649b9@group-C3BB33E871CC-FOLLOWER: reject ELECTION from 76813abd-30d7-4706-b809-3e10cf795ab1: already has voted for 024a366d-d9bd-4389-bd26-fa648e81fb63 at current term 5
2022-07-12 21:09:37,345 [grpc-default-executor-0] INFO  server.RaftServer$Division (RaftServerImpl.java:requestVote(1184)) - 9ca81a7d-c27a-485e-9d50-743190b649b9@group-C3BB33E871CC replies to ELECTION vote request: 76813abd-30d7-4706-b809-3e10cf795ab1<-9ca81a7d-c27a-485e-9d50-743190b649b9#0:FAIL-t5. Peer's state: 9ca81a7d-c27a-485e-9d50-743190b649b9@group-C3BB33E871CC:t5, leader=null, voted=024a366d-d9bd-4389-bd26-fa648e81fb63, raftlog=9ca81a7d-c27a-485e-9d50-743190b649b9@group-C3BB33E871CC-SegmentedRaftLog:OPENED:c-1, conf=-1: [76813abd-30d7-4706-b809-3e10cf795ab1|rpc:10.1.0.20:33965|priority:1, 9ca81a7d-c27a-485e-9d50-743190b649b9|rpc:10.1.0.20:33467|priority:0, 024a366d-d9bd-4389-bd26-fa648e81fb63|rpc:10.1.0.20:34045|priority:0], old=null
2022-07-12 21:09:37,345 [grpc-default-executor-3] INFO  server.RaftServer$Division (RaftServerImpl.java:requestVote(1184)) - 024a366d-d9bd-4389-bd26-fa648e81fb63@group-C3BB33E871CC replies to ELECTION vote request: 76813abd-30d7-4706-b809-3e10cf795ab1<-024a366d-d9bd-4389-bd26-fa648e81fb63#0:FAIL-t5. Peer's state: 024a366d-d9bd-4389-bd26-fa648e81fb63@group-C3BB33E871CC:t5, leader=null, voted=024a366d-d9bd-4389-bd26-fa648e81fb63, raftlog=024a366d-d9bd-4389-bd26-fa648e81fb63@group-C3BB33E871CC-SegmentedRaftLog:OPENED:c-1, conf=-1: [76813abd-30d7-4706-b809-3e10cf795ab1|rpc:10.1.0.20:33965|dataStream:|priority:1, 9ca81a7d-c27a-485e-9d50-743190b649b9|rpc:10.1.0.20:33467|dataStream:|priority:0, 024a366d-d9bd-4389-bd26-fa648e81fb63|rpc:10.1.0.20:34045|dataStream:|priority:0], old=null
2022-07-12 21:09:37,382 [Time-limited test] INFO  rpc.RpcClient (RpcClient.java:createVolume(466)) - Creating Volume: volume60307, with user18683 as owner and space quota set to -1 bytes, counts quota set to -1
2022-07-12 21:09:37,383 [IPC Server handler 6 on default port 32899] INFO  volume.OMVolumeCreateRequest (OMVolumeCreateRequest.java:validateAndUpdateCache(195)) - created volume:volume60307 for user:user18683
2022-07-12 21:09:37,385 [Time-limited test] INFO  rpc.RpcClient (RpcClient.java:createBucket(669)) - Creating Bucket: volume60307/bucket53705, with bucket layout LEGACY, runner as owner, Versioning false, Storage Type set to DISK and Encryption set to false 
2022-07-12 21:09:37,386 [IPC Server handler 0 on default port 32899] INFO  bucket.OMBucketCreateRequest (OMBucketCreateRequest.java:validateAndUpdateCache(260)) - created bucket: bucket53705 of layout LEGACY in volume: volume60307
21:09:37.387 [IPC Server handler 19 on default port 32899] ERROR OMAudit - user=runner | ip=127.0.0.1 | op=READ_BUCKET {volume=volume-17490, bucket=bucket3} | ret=FAILURE
org.apache.hadoop.ozone.om.exceptions.OMException: Volume not found when getting bucket info
	at org.apache.hadoop.ozone.om.BucketManagerImpl.getBucketInfo(BucketManagerImpl.java:127) ~[ozone-manager-1.3.0-SNAPSHOT.jar:?]
	at org.apache.hadoop.ozone.om.OzoneManager.getBucketInfo(OzoneManager.java:2778) ~[ozone-manager-1.3.0-SNAPSHOT.jar:?]
	at org.apache.hadoop.ozone.protocolPB.OzoneManagerRequestHandler.infoBucket(OzoneManagerRequestHandler.java:464) ~[ozone-manager-1.3.0-SNAPSHOT.jar:?]
	at org.apache.hadoop.ozone.protocolPB.OzoneManagerRequestHandler.handleReadRequest(OzoneManagerRequestHandler.java:172) ~[ozone-manager-1.3.0-SNAPSHOT.jar:?]
	at org.apache.hadoop.ozone.protocolPB.OzoneManagerProtocolServerSideTranslatorPB.submitRequestDirectlyToOM(OzoneManagerProtocolServerSideTranslatorPB.java:276) ~[ozone-manager-1.3.0-SNAPSHOT.jar:?]
	at org.apache.hadoop.ozone.protocolPB.OzoneManagerProtocolServerSideTranslatorPB.processRequest(OzoneManagerProtocolServerSideTranslatorPB.java:205) ~[ozone-manager-1.3.0-SNAPSHOT.jar:?]
	at org.apache.hadoop.hdds.server.OzoneProtocolMessageDispatcher.processRequest(OzoneProtocolMessageDispatcher.java:87) [hdds-server-framework-1.3.0-SNAPSHOT.jar:?]
	at org.apache.hadoop.ozone.protocolPB.OzoneManagerProtocolServerSideTranslatorPB.submitRequest(OzoneManagerProtocolServerSideTranslatorPB.java:147) [ozone-manager-1.3.0-SNAPSHOT.jar:?]
	at org.apache.hadoop.ozone.protocol.proto.OzoneManagerProtocolProtos$OzoneManagerService$2.callBlockingMethod(OzoneManagerProtocolProtos.java) [ozone-interface-client-1.3.0-SNAPSHOT.jar:?]
	at org.apache.hadoop.ipc.ProtobufRpcEngine$Server.processCall(ProtobufRpcEngine.java:466) [hadoop-common-3.3.1.jar:?]
	at org.apache.hadoop.ipc.ProtobufRpcEngine2$Server$ProtoBufRpcInvoker.call(ProtobufRpcEngine2.java:574) [hadoop-common-3.3.1.jar:?]
	at org.apache.hadoop.ipc.ProtobufRpcEngine2$Server$ProtoBufRpcInvoker.call(ProtobufRpcEngine2.java:552) [hadoop-common-3.3.1.jar:?]
	at org.apache.hadoop.ipc.RPC$Server.call(RPC.java:1093) [hadoop-common-3.3.1.jar:?]
	at org.apache.hadoop.ipc.Server$RpcCall.run(Server.java:1035) [hadoop-common-3.3.1.jar:?]
	at org.apache.hadoop.ipc.Server$RpcCall.run(Server.java:963) [hadoop-common-3.3.1.jar:?]
	at java.security.AccessController.doPrivileged(Native Method) ~[?:1.8.0_332]
	at javax.security.auth.Subject.doAs(Subject.java:422) [?:1.8.0_332]
	at org.apache.hadoop.security.UserGroupInformation.doAs(UserGroupInformation.java:1878) [hadoop-common-3.3.1.jar:?]
	at org.apache.hadoop.ipc.Server$Handler.run(Server.java:2966) [hadoop-common-3.3.1.jar:?]
2022-07-12 21:09:37,388 [Time-limited test] INFO  rpc.RpcClient (RpcClient.java:createVolume(466)) - Creating Volume: volume-17490, with runner as owner and space quota set to -1 bytes, counts quota set to -1
2022-07-12 21:09:37,388 [IPC Server handler 18 on default port 32899] INFO  volume.OMVolumeCreateRequest (OMVolumeCreateRequest.java:validateAndUpdateCache(195)) - created volume:volume-17490 for user:runner
2022-07-12 21:09:37,390 [Time-limited test] INFO  rpc.RpcClient (RpcClient.java:createBucket(669)) - Creating Bucket: volume-17490/bucket3, with bucket layout LEGACY, runner as owner, Versioning false, Storage Type set to DISK and Encryption set to false 
2022-07-12 21:09:37,390 [IPC Server handler 14 on default port 32899] INFO  bucket.OMBucketCreateRequest (OMBucketCreateRequest.java:validateAndUpdateCache(260)) - created bucket: bucket3 of layout LEGACY in volume: volume-17490
2022-07-12 21:09:37,391 [76813abd-30d7-4706-b809-3e10cf795ab1@group-C3BB33E871CC-LeaderElection72] INFO  impl.LeaderElection (LeaderElection.java:logAndReturn(90)) - 76813abd-30d7-4706-b809-3e10cf795ab1@group-C3BB33E871CC-LeaderElection72: ELECTION REJECTED received 2 response(s) and 0 exception(s):
2022-07-12 21:09:37,391 [76813abd-30d7-4706-b809-3e10cf795ab1@group-C3BB33E871CC-LeaderElection72] INFO  impl.LeaderElection (LeaderElection.java:logAndReturn(94)) -   Response 0: 76813abd-30d7-4706-b809-3e10cf795ab1<-9ca81a7d-c27a-485e-9d50-743190b649b9#0:FAIL-t5
2022-07-12 21:09:37,391 [76813abd-30d7-4706-b809-3e10cf795ab1@group-C3BB33E871CC-LeaderElection72] INFO  impl.LeaderElection (LeaderElection.java:logAndReturn(94)) -   Response 1: 76813abd-30d7-4706-b809-3e10cf795ab1<-024a366d-d9bd-4389-bd26-fa648e81fb63#0:FAIL-t5
2022-07-12 21:09:37,391 [76813abd-30d7-4706-b809-3e10cf795ab1@group-C3BB33E871CC-LeaderElection72] INFO  impl.LeaderElection (LeaderElection.java:askForVotes(312)) - 76813abd-30d7-4706-b809-3e10cf795ab1@group-C3BB33E871CC-LeaderElection72 ELECTION round 0: result REJECTED
2022-07-12 21:09:37,391 [76813abd-30d7-4706-b809-3e10cf795ab1@group-C3BB33E871CC-LeaderElection72] INFO  server.RaftServer$Division (RaftServerImpl.java:setRole(299)) - 76813abd-30d7-4706-b809-3e10cf795ab1@group-C3BB33E871CC: changes role from CANDIDATE to FOLLOWER at term 5 for REJECTED
2022-07-12 21:09:37,391 [76813abd-30d7-4706-b809-3e10cf795ab1@group-C3BB33E871CC-LeaderElection72] INFO  impl.RoleInfo (RoleInfo.java:shutdownLeaderElection(130)) - 76813abd-30d7-4706-b809-3e10cf795ab1: shutdown 76813abd-30d7-4706-b809-3e10cf795ab1@group-C3BB33E871CC-LeaderElection72
2022-07-12 21:09:37,391 [76813abd-30d7-4706-b809-3e10cf795ab1@group-C3BB33E871CC-LeaderElection72] INFO  impl.RoleInfo (RoleInfo.java:updateAndGet(139)) - 76813abd-30d7-4706-b809-3e10cf795ab1: start 76813abd-30d7-4706-b809-3e10cf795ab1@group-C3BB33E871CC-FollowerState
21:09:37.398 [IPC Server handler 8 on default port 32899] ERROR OMAudit - user=runner | ip=127.0.0.1 | op=DELETE_VOLUME {volume=volume-17490} | ret=FAILURE
org.apache.hadoop.ozone.om.exceptions.OMException: null
	at org.apache.hadoop.ozone.om.request.volume.OMVolumeDeleteRequest.validateAndUpdateCache(OMVolumeDeleteRequest.java:122) ~[ozone-manager-1.3.0-SNAPSHOT.jar:?]
	at org.apache.hadoop.ozone.protocolPB.OzoneManagerRequestHandler.handleWriteRequest(OzoneManagerRequestHandler.java:293) ~[ozone-manager-1.3.0-SNAPSHOT.jar:?]
	at org.apache.hadoop.ozone.protocolPB.OzoneManagerProtocolServerSideTranslatorPB.submitRequestDirectlyToOM(OzoneManagerProtocolServerSideTranslatorPB.java:282) ~[ozone-manager-1.3.0-SNAPSHOT.jar:?]
	at org.apache.hadoop.ozone.protocolPB.OzoneManagerProtocolServerSideTranslatorPB.processRequest(OzoneManagerProtocolServerSideTranslatorPB.java:205) ~[ozone-manager-1.3.0-SNAPSHOT.jar:?]
	at org.apache.hadoop.hdds.server.OzoneProtocolMessageDispatcher.processRequest(OzoneProtocolMessageDispatcher.java:87) [hdds-server-framework-1.3.0-SNAPSHOT.jar:?]
	at org.apache.hadoop.ozone.protocolPB.OzoneManagerProtocolServerSideTranslatorPB.submitRequest(OzoneManagerProtocolServerSideTranslatorPB.java:147) [ozone-manager-1.3.0-SNAPSHOT.jar:?]
	at org.apache.hadoop.ozone.protocol.proto.OzoneManagerProtocolProtos$OzoneManagerService$2.callBlockingMethod(OzoneManagerProtocolProtos.java) [ozone-interface-client-1.3.0-SNAPSHOT.jar:?]
	at org.apache.hadoop.ipc.ProtobufRpcEngine$Server.processCall(ProtobufRpcEngine.java:466) [hadoop-common-3.3.1.jar:?]
	at org.apache.hadoop.ipc.ProtobufRpcEngine2$Server$ProtoBufRpcInvoker.call(ProtobufRpcEngine2.java:574) [hadoop-common-3.3.1.jar:?]
	at org.apache.hadoop.ipc.ProtobufRpcEngine2$Server$ProtoBufRpcInvoker.call(ProtobufRpcEngine2.java:552) [hadoop-common-3.3.1.jar:?]
	at org.apache.hadoop.ipc.RPC$Server.call(RPC.java:1093) [hadoop-common-3.3.1.jar:?]
	at org.apache.hadoop.ipc.Server$RpcCall.run(Server.java:1035) [hadoop-common-3.3.1.jar:?]
	at org.apache.hadoop.ipc.Server$RpcCall.run(Server.java:963) [hadoop-common-3.3.1.jar:?]
	at java.security.AccessController.doPrivileged(Native Method) ~[?:1.8.0_332]
	at javax.security.auth.Subject.doAs(Subject.java:422) [?:1.8.0_332]
	at org.apache.hadoop.security.UserGroupInformation.doAs(UserGroupInformation.java:1878) [hadoop-common-3.3.1.jar:?]
	at org.apache.hadoop.ipc.Server$Handler.run(Server.java:2966) [hadoop-common-3.3.1.jar:?]
2022-07-12 21:09:37,398 [IPC Server handler 8 on default port 32899] ERROR volume.OMVolumeDeleteRequest (OMVolumeDeleteRequest.java:validateAndUpdateCache(170)) - Volume deletion failed for user:runner volume:volume-17490
VOLUME_NOT_EMPTY org.apache.hadoop.ozone.om.exceptions.OMException
	at org.apache.hadoop.ozone.om.request.volume.OMVolumeDeleteRequest.validateAndUpdateCache(OMVolumeDeleteRequest.java:122)
	at org.apache.hadoop.ozone.protocolPB.OzoneManagerRequestHandler.handleWriteRequest(OzoneManagerRequestHandler.java:293)
	at org.apache.hadoop.ozone.protocolPB.OzoneManagerProtocolServerSideTranslatorPB.submitRequestDirectlyToOM(OzoneManagerProtocolServerSideTranslatorPB.java:282)
	at org.apache.hadoop.ozone.protocolPB.OzoneManagerProtocolServerSideTranslatorPB.processRequest(OzoneManagerProtocolServerSideTranslatorPB.java:205)
	at org.apache.hadoop.hdds.server.OzoneProtocolMessageDispatcher.processRequest(OzoneProtocolMessageDispatcher.java:87)
	at org.apache.hadoop.ozone.protocolPB.OzoneManagerProtocolServerSideTranslatorPB.submitRequest(OzoneManagerProtocolServerSideTranslatorPB.java:147)
	at org.apache.hadoop.ozone.protocol.proto.OzoneManagerProtocolProtos$OzoneManagerService$2.callBlockingMethod(OzoneManagerProtocolProtos.java)
	at org.apache.hadoop.ipc.ProtobufRpcEngine$Server.processCall(ProtobufRpcEngine.java:466)
	at org.apache.hadoop.ipc.ProtobufRpcEngine2$Server$ProtoBufRpcInvoker.call(ProtobufRpcEngine2.java:574)
	at org.apache.hadoop.ipc.ProtobufRpcEngine2$Server$ProtoBufRpcInvoker.call(ProtobufRpcEngine2.java:552)
	at org.apache.hadoop.ipc.RPC$Server.call(RPC.java:1093)
	at org.apache.hadoop.ipc.Server$RpcCall.run(Server.java:1035)
	at org.apache.hadoop.ipc.Server$RpcCall.run(Server.java:963)
	at java.security.AccessController.doPrivileged(Native Method)
	at javax.security.auth.Subject.doAs(Subject.java:422)
	at org.apache.hadoop.security.UserGroupInformation.doAs(UserGroupInformation.java:1878)
	at org.apache.hadoop.ipc.Server$Handler.run(Server.java:2966)
2022-07-12 21:09:37,418 [024a366d-d9bd-4389-bd26-fa648e81fb63@group-C3BB33E871CC-LeaderElection73] INFO  impl.LeaderElection (LeaderElection.java:logAndReturn(90)) - 024a366d-d9bd-4389-bd26-fa648e81fb63@group-C3BB33E871CC-LeaderElection73: ELECTION REJECTED received 2 response(s) and 0 exception(s):
2022-07-12 21:09:37,418 [024a366d-d9bd-4389-bd26-fa648e81fb63@group-C3BB33E871CC-LeaderElection73] INFO  impl.LeaderElection (LeaderElection.java:logAndReturn(94)) -   Response 0: 024a366d-d9bd-4389-bd26-fa648e81fb63<-76813abd-30d7-4706-b809-3e10cf795ab1#0:FAIL-t5
2022-07-12 21:09:37,418 [024a366d-d9bd-4389-bd26-fa648e81fb63@group-C3BB33E871CC-LeaderElection73] INFO  impl.LeaderElection (LeaderElection.java:logAndReturn(94)) -   Response 1: 024a366d-d9bd-4389-bd26-fa648e81fb63<-9ca81a7d-c27a-485e-9d50-743190b649b9#0:OK-t5
2022-07-12 21:09:37,418 [024a366d-d9bd-4389-bd26-fa648e81fb63@group-C3BB33E871CC-LeaderElection73] INFO  impl.LeaderElection (LeaderElection.java:askForVotes(312)) - 024a366d-d9bd-4389-bd26-fa648e81fb63@group-C3BB33E871CC-LeaderElection73 ELECTION round 0: result REJECTED
2022-07-12 21:09:37,418 [024a366d-d9bd-4389-bd26-fa648e81fb63@group-C3BB33E871CC-LeaderElection73] INFO  server.RaftServer$Division (RaftServerImpl.java:setRole(299)) - 024a366d-d9bd-4389-bd26-fa648e81fb63@group-C3BB33E871CC: changes role from CANDIDATE to FOLLOWER at term 5 for REJECTED
2022-07-12 21:09:37,418 [024a366d-d9bd-4389-bd26-fa648e81fb63@group-C3BB33E871CC-LeaderElection73] INFO  impl.RoleInfo (RoleInfo.java:shutdownLeaderElection(130)) - 024a366d-d9bd-4389-bd26-fa648e81fb63: shutdown 024a366d-d9bd-4389-bd26-fa648e81fb63@group-C3BB33E871CC-LeaderElection73
2022-07-12 21:09:37,418 [024a366d-d9bd-4389-bd26-fa648e81fb63@group-C3BB33E871CC-LeaderElection73] INFO  impl.RoleInfo (RoleInfo.java:updateAndGet(139)) - 024a366d-d9bd-4389-bd26-fa648e81fb63: start 024a366d-d9bd-4389-bd26-fa648e81fb63@group-C3BB33E871CC-FollowerState
21:09:37.427 [IPC Server handler 8 on default port 32899] ERROR OMAudit - user=runner | ip=127.0.0.1 | op=READ_VOLUME {volume=volume-17490} | ret=FAILURE
org.apache.hadoop.ozone.om.exceptions.OMException: Volume volume-17490 is not found
	at org.apache.hadoop.ozone.om.VolumeManagerImpl.getVolumeInfo(VolumeManagerImpl.java:74) ~[ozone-manager-1.3.0-SNAPSHOT.jar:?]
	at org.apache.hadoop.ozone.om.OzoneManager.getVolumeInfo(OzoneManager.java:2602) ~[ozone-manager-1.3.0-SNAPSHOT.jar:?]
	at org.apache.hadoop.ozone.protocolPB.OzoneManagerRequestHandler.infoVolume(OzoneManagerRequestHandler.java:390) ~[ozone-manager-1.3.0-SNAPSHOT.jar:?]
	at org.apache.hadoop.ozone.protocolPB.OzoneManagerRequestHandler.handleReadRequest(OzoneManagerRequestHandler.java:162) ~[ozone-manager-1.3.0-SNAPSHOT.jar:?]
	at org.apache.hadoop.ozone.protocolPB.OzoneManagerProtocolServerSideTranslatorPB.submitRequestDirectlyToOM(OzoneManagerProtocolServerSideTranslatorPB.java:276) ~[ozone-manager-1.3.0-SNAPSHOT.jar:?]
	at org.apache.hadoop.ozone.protocolPB.OzoneManagerProtocolServerSideTranslatorPB.processRequest(OzoneManagerProtocolServerSideTranslatorPB.java:205) ~[ozone-manager-1.3.0-SNAPSHOT.jar:?]
	at org.apache.hadoop.hdds.server.OzoneProtocolMessageDispatcher.processRequest(OzoneProtocolMessageDispatcher.java:87) [hdds-server-framework-1.3.0-SNAPSHOT.jar:?]
	at org.apache.hadoop.ozone.protocolPB.OzoneManagerProtocolServerSideTranslatorPB.submitRequest(OzoneManagerProtocolServerSideTranslatorPB.java:147) [ozone-manager-1.3.0-SNAPSHOT.jar:?]
	at org.apache.hadoop.ozone.protocol.proto.OzoneManagerProtocolProtos$OzoneManagerService$2.callBlockingMethod(OzoneManagerProtocolProtos.java) [ozone-interface-client-1.3.0-SNAPSHOT.jar:?]
	at org.apache.hadoop.ipc.ProtobufRpcEngine$Server.processCall(ProtobufRpcEngine.java:466) [hadoop-common-3.3.1.jar:?]
	at org.apache.hadoop.ipc.ProtobufRpcEngine2$Server$ProtoBufRpcInvoker.call(ProtobufRpcEngine2.java:574) [hadoop-common-3.3.1.jar:?]
	at org.apache.hadoop.ipc.ProtobufRpcEngine2$Server$ProtoBufRpcInvoker.call(ProtobufRpcEngine2.java:552) [hadoop-common-3.3.1.jar:?]
	at org.apache.hadoop.ipc.RPC$Server.call(RPC.java:1093) [hadoop-common-3.3.1.jar:?]
	at org.apache.hadoop.ipc.Server$RpcCall.run(Server.java:1035) [hadoop-common-3.3.1.jar:?]
	at org.apache.hadoop.ipc.Server$RpcCall.run(Server.java:963) [hadoop-common-3.3.1.jar:?]
	at java.security.AccessController.doPrivileged(Native Method) ~[?:1.8.0_332]
	at javax.security.auth.Subject.doAs(Subject.java:422) [?:1.8.0_332]
	at org.apache.hadoop.security.UserGroupInformation.doAs(UserGroupInformation.java:1878) [hadoop-common-3.3.1.jar:?]
	at org.apache.hadoop.ipc.Server$Handler.run(Server.java:2966) [hadoop-common-3.3.1.jar:?]
21:09:37.428 [IPC Server handler 9 on default port 32899] ERROR OMAudit - user=runner | ip=127.0.0.1 | op=READ_BUCKET {volume=volume-17490, bucket=bucket3} | ret=FAILURE
org.apache.hadoop.ozone.om.exceptions.OMException: Volume not found when getting bucket info
	at org.apache.hadoop.ozone.om.BucketManagerImpl.getBucketInfo(BucketManagerImpl.java:127) ~[ozone-manager-1.3.0-SNAPSHOT.jar:?]
	at org.apache.hadoop.ozone.om.OzoneManager.getBucketInfo(OzoneManager.java:2778) ~[ozone-manager-1.3.0-SNAPSHOT.jar:?]
	at org.apache.hadoop.ozone.protocolPB.OzoneManagerRequestHandler.infoBucket(OzoneManagerRequestHandler.java:464) ~[ozone-manager-1.3.0-SNAPSHOT.jar:?]
	at org.apache.hadoop.ozone.protocolPB.OzoneManagerRequestHandler.handleReadRequest(OzoneManagerRequestHandler.java:172) ~[ozone-manager-1.3.0-SNAPSHOT.jar:?]
	at org.apache.hadoop.ozone.protocolPB.OzoneManagerProtocolServerSideTranslatorPB.submitRequestDirectlyToOM(OzoneManagerProtocolServerSideTranslatorPB.java:276) ~[ozone-manager-1.3.0-SNAPSHOT.jar:?]
	at org.apache.hadoop.ozone.protocolPB.OzoneManagerProtocolServerSideTranslatorPB.processRequest(OzoneManagerProtocolServerSideTranslatorPB.java:205) ~[ozone-manager-1.3.0-SNAPSHOT.jar:?]
	at org.apache.hadoop.hdds.server.OzoneProtocolMessageDispatcher.processRequest(OzoneProtocolMessageDispatcher.java:87) [hdds-server-framework-1.3.0-SNAPSHOT.jar:?]
	at org.apache.hadoop.ozone.protocolPB.OzoneManagerProtocolServerSideTranslatorPB.submitRequest(OzoneManagerProtocolServerSideTranslatorPB.java:147) [ozone-manager-1.3.0-SNAPSHOT.jar:?]
	at org.apache.hadoop.ozone.protocol.proto.OzoneManagerProtocolProtos$OzoneManagerService$2.callBlockingMethod(OzoneManagerProtocolProtos.java) [ozone-interface-client-1.3.0-SNAPSHOT.jar:?]
	at org.apache.hadoop.ipc.ProtobufRpcEngine$Server.processCall(ProtobufRpcEngine.java:466) [hadoop-common-3.3.1.jar:?]
	at org.apache.hadoop.ipc.ProtobufRpcEngine2$Server$ProtoBufRpcInvoker.call(ProtobufRpcEngine2.java:574) [hadoop-common-3.3.1.jar:?]
	at org.apache.hadoop.ipc.ProtobufRpcEngine2$Server$ProtoBufRpcInvoker.call(ProtobufRpcEngine2.java:552) [hadoop-common-3.3.1.jar:?]
	at org.apache.hadoop.ipc.RPC$Server.call(RPC.java:1093) [hadoop-common-3.3.1.jar:?]
	at org.apache.hadoop.ipc.Server$RpcCall.run(Server.java:1035) [hadoop-common-3.3.1.jar:?]
	at org.apache.hadoop.ipc.Server$RpcCall.run(Server.java:963) [hadoop-common-3.3.1.jar:?]
	at java.security.AccessController.doPrivileged(Native Method) ~[?:1.8.0_332]
	at javax.security.auth.Subject.doAs(Subject.java:422) [?:1.8.0_332]
	at org.apache.hadoop.security.UserGroupInformation.doAs(UserGroupInformation.java:1878) [hadoop-common-3.3.1.jar:?]
	at org.apache.hadoop.ipc.Server$Handler.run(Server.java:2966) [hadoop-common-3.3.1.jar:?]
2022-07-12 21:09:37,428 [Time-limited test] INFO  rpc.RpcClient (RpcClient.java:createVolume(466)) - Creating Volume: volume-17490, with runner as owner and space quota set to -1 bytes, counts quota set to -1
2022-07-12 21:09:37,429 [IPC Server handler 2 on default port 32899] INFO  volume.OMVolumeCreateRequest (OMVolumeCreateRequest.java:validateAndUpdateCache(195)) - created volume:volume-17490 for user:runner
2022-07-12 21:09:37,429 [Time-limited test] INFO  rpc.RpcClient (RpcClient.java:createBucket(669)) - Creating Bucket: volume-17490/bucket3, with bucket layout LEGACY, runner as owner, Versioning false, Storage Type set to DISK and Encryption set to false 
2022-07-12 21:09:37,430 [IPC Server handler 12 on default port 32899] INFO  bucket.OMBucketCreateRequest (OMBucketCreateRequest.java:validateAndUpdateCache(260)) - created bucket: bucket3 of layout LEGACY in volume: volume-17490
21:09:37.438 [IPC Server handler 13 on default port 32899] ERROR OMAudit - user=runner | ip=127.0.0.1 | op=READ_VOLUME {volume=volume-17490} | ret=FAILURE
org.apache.hadoop.ozone.om.exceptions.OMException: Volume volume-17490 is not found
	at org.apache.hadoop.ozone.om.VolumeManagerImpl.getVolumeInfo(VolumeManagerImpl.java:74) ~[ozone-manager-1.3.0-SNAPSHOT.jar:?]
	at org.apache.hadoop.ozone.om.OzoneManager.getVolumeInfo(OzoneManager.java:2602) ~[ozone-manager-1.3.0-SNAPSHOT.jar:?]
	at org.apache.hadoop.ozone.protocolPB.OzoneManagerRequestHandler.infoVolume(OzoneManagerRequestHandler.java:390) ~[ozone-manager-1.3.0-SNAPSHOT.jar:?]
	at org.apache.hadoop.ozone.protocolPB.OzoneManagerRequestHandler.handleReadRequest(OzoneManagerRequestHandler.java:162) ~[ozone-manager-1.3.0-SNAPSHOT.jar:?]
	at org.apache.hadoop.ozone.protocolPB.OzoneManagerProtocolServerSideTranslatorPB.submitRequestDirectlyToOM(OzoneManagerProtocolServerSideTranslatorPB.java:276) ~[ozone-manager-1.3.0-SNAPSHOT.jar:?]
	at org.apache.hadoop.ozone.protocolPB.OzoneManagerProtocolServerSideTranslatorPB.processRequest(OzoneManagerProtocolServerSideTranslatorPB.java:205) ~[ozone-manager-1.3.0-SNAPSHOT.jar:?]
	at org.apache.hadoop.hdds.server.OzoneProtocolMessageDispatcher.processRequest(OzoneProtocolMessageDispatcher.java:87) [hdds-server-framework-1.3.0-SNAPSHOT.jar:?]
	at org.apache.hadoop.ozone.protocolPB.OzoneManagerProtocolServerSideTranslatorPB.submitRequest(OzoneManagerProtocolServerSideTranslatorPB.java:147) [ozone-manager-1.3.0-SNAPSHOT.jar:?]
	at org.apache.hadoop.ozone.protocol.proto.OzoneManagerProtocolProtos$OzoneManagerService$2.callBlockingMethod(OzoneManagerProtocolProtos.java) [ozone-interface-client-1.3.0-SNAPSHOT.jar:?]
	at org.apache.hadoop.ipc.ProtobufRpcEngine$Server.processCall(ProtobufRpcEngine.java:466) [hadoop-common-3.3.1.jar:?]
	at org.apache.hadoop.ipc.ProtobufRpcEngine2$Server$ProtoBufRpcInvoker.call(ProtobufRpcEngine2.java:574) [hadoop-common-3.3.1.jar:?]
	at org.apache.hadoop.ipc.ProtobufRpcEngine2$Server$ProtoBufRpcInvoker.call(ProtobufRpcEngine2.java:552) [hadoop-common-3.3.1.jar:?]
	at org.apache.hadoop.ipc.RPC$Server.call(RPC.java:1093) [hadoop-common-3.3.1.jar:?]
	at org.apache.hadoop.ipc.Server$RpcCall.run(Server.java:1035) [hadoop-common-3.3.1.jar:?]
	at org.apache.hadoop.ipc.Server$RpcCall.run(Server.java:963) [hadoop-common-3.3.1.jar:?]
	at java.security.AccessController.doPrivileged(Native Method) ~[?:1.8.0_332]
	at javax.security.auth.Subject.doAs(Subject.java:422) [?:1.8.0_332]
	at org.apache.hadoop.security.UserGroupInformation.doAs(UserGroupInformation.java:1878) [hadoop-common-3.3.1.jar:?]
	at org.apache.hadoop.ipc.Server$Handler.run(Server.java:2966) [hadoop-common-3.3.1.jar:?]
]]></system-out>
  </testcase>
  <testcase name="testRenameToParentDir" classname="TestRootedOzoneFileSystem" time="0.131">
    <system-out><![CDATA[2022-07-12 21:04:07,745 [Time-limited test] INFO  rpc.RpcClient (RpcClient.java:createVolume(466)) - Creating Volume: volume48505, with user04098 as owner and space quota set to -1 bytes, counts quota set to -1
2022-07-12 21:04:07,748 [OM StateMachine ApplyTransaction Thread - 0] INFO  volume.OMVolumeCreateRequest (OMVolumeCreateRequest.java:validateAndUpdateCache(195)) - created volume:volume48505 for user:user04098
2022-07-12 21:04:07,751 [Time-limited test] INFO  rpc.RpcClient (RpcClient.java:createBucket(669)) - Creating Bucket: volume48505/bucket15190, with bucket layout LEGACY, runner as owner, Versioning false, Storage Type set to DISK and Encryption set to false 
2022-07-12 21:04:07,756 [OM StateMachine ApplyTransaction Thread - 0] INFO  bucket.OMBucketCreateRequest (OMBucketCreateRequest.java:validateAndUpdateCache(260)) - created bucket: bucket15190 of layout LEGACY in volume: volume48505
21:04:07.781 [IPC Server handler 2 on default port 43377] ERROR OMAudit - user=runner | ip=127.0.0.1 | op=LIST_STATUS {volume=volume48505, bucket=bucket15190, key=root_dir/dir2, dataSize=0, replicationConfig=null} | ret=FAILURE
org.apache.hadoop.ozone.om.exceptions.OMException: Unable to get file status: volume: volume48505 bucket: bucket15190 key: root_dir/dir2
	at org.apache.hadoop.ozone.om.KeyManagerImpl.getOzoneFileStatus(KeyManagerImpl.java:1311) ~[ozone-manager-1.3.0-SNAPSHOT.jar:?]
	at org.apache.hadoop.ozone.om.KeyManagerImpl.getFileStatus(KeyManagerImpl.java:1241) ~[ozone-manager-1.3.0-SNAPSHOT.jar:?]
	at org.apache.hadoop.ozone.om.KeyManagerImpl.listStatus(KeyManagerImpl.java:1565) ~[ozone-manager-1.3.0-SNAPSHOT.jar:?]
	at org.apache.hadoop.ozone.om.OzoneManager.listStatus(OzoneManager.java:3497) ~[ozone-manager-1.3.0-SNAPSHOT.jar:?]
	at org.apache.hadoop.ozone.protocolPB.OzoneManagerRequestHandler.listStatus(OzoneManagerRequestHandler.java:1028) ~[ozone-manager-1.3.0-SNAPSHOT.jar:?]
	at org.apache.hadoop.ozone.protocolPB.OzoneManagerRequestHandler.handleReadRequest(OzoneManagerRequestHandler.java:228) ~[ozone-manager-1.3.0-SNAPSHOT.jar:?]
	at org.apache.hadoop.ozone.protocolPB.OzoneManagerProtocolServerSideTranslatorPB.submitReadRequestToOM(OzoneManagerProtocolServerSideTranslatorPB.java:226) ~[ozone-manager-1.3.0-SNAPSHOT.jar:?]
	at org.apache.hadoop.ozone.protocolPB.OzoneManagerProtocolServerSideTranslatorPB.processRequest(OzoneManagerProtocolServerSideTranslatorPB.java:175) ~[ozone-manager-1.3.0-SNAPSHOT.jar:?]
	at org.apache.hadoop.hdds.server.OzoneProtocolMessageDispatcher.processRequest(OzoneProtocolMessageDispatcher.java:87) [hdds-server-framework-1.3.0-SNAPSHOT.jar:?]
	at org.apache.hadoop.ozone.protocolPB.OzoneManagerProtocolServerSideTranslatorPB.submitRequest(OzoneManagerProtocolServerSideTranslatorPB.java:147) [ozone-manager-1.3.0-SNAPSHOT.jar:?]
	at org.apache.hadoop.ozone.protocol.proto.OzoneManagerProtocolProtos$OzoneManagerService$2.callBlockingMethod(OzoneManagerProtocolProtos.java) [ozone-interface-client-1.3.0-SNAPSHOT.jar:?]
	at org.apache.hadoop.ipc.ProtobufRpcEngine$Server.processCall(ProtobufRpcEngine.java:466) [hadoop-common-3.3.1.jar:?]
	at org.apache.hadoop.ipc.ProtobufRpcEngine2$Server$ProtoBufRpcInvoker.call(ProtobufRpcEngine2.java:574) [hadoop-common-3.3.1.jar:?]
	at org.apache.hadoop.ipc.ProtobufRpcEngine2$Server$ProtoBufRpcInvoker.call(ProtobufRpcEngine2.java:552) [hadoop-common-3.3.1.jar:?]
	at org.apache.hadoop.ipc.RPC$Server.call(RPC.java:1093) [hadoop-common-3.3.1.jar:?]
	at org.apache.hadoop.ipc.Server$RpcCall.run(Server.java:1035) [hadoop-common-3.3.1.jar:?]
	at org.apache.hadoop.ipc.Server$RpcCall.run(Server.java:963) [hadoop-common-3.3.1.jar:?]
	at java.security.AccessController.doPrivileged(Native Method) ~[?:1.8.0_332]
	at javax.security.auth.Subject.doAs(Subject.java:422) [?:1.8.0_332]
	at org.apache.hadoop.security.UserGroupInformation.doAs(UserGroupInformation.java:1878) [hadoop-common-3.3.1.jar:?]
	at org.apache.hadoop.ipc.Server$Handler.run(Server.java:2966) [hadoop-common-3.3.1.jar:?]
21:04:07.805 [IPC Server handler 12 on default port 43377] ERROR OMAudit - user=runner | ip=127.0.0.1 | op=LIST_STATUS {volume=volume48505, bucket=bucket15190, key=root_dir/file2, dataSize=0, replicationConfig=null} | ret=FAILURE
org.apache.hadoop.ozone.om.exceptions.OMException: Unable to get file status: volume: volume48505 bucket: bucket15190 key: root_dir/file2
	at org.apache.hadoop.ozone.om.KeyManagerImpl.getOzoneFileStatus(KeyManagerImpl.java:1311) ~[ozone-manager-1.3.0-SNAPSHOT.jar:?]
	at org.apache.hadoop.ozone.om.KeyManagerImpl.getFileStatus(KeyManagerImpl.java:1241) ~[ozone-manager-1.3.0-SNAPSHOT.jar:?]
	at org.apache.hadoop.ozone.om.KeyManagerImpl.listStatus(KeyManagerImpl.java:1565) ~[ozone-manager-1.3.0-SNAPSHOT.jar:?]
	at org.apache.hadoop.ozone.om.OzoneManager.listStatus(OzoneManager.java:3497) ~[ozone-manager-1.3.0-SNAPSHOT.jar:?]
	at org.apache.hadoop.ozone.protocolPB.OzoneManagerRequestHandler.listStatus(OzoneManagerRequestHandler.java:1028) ~[ozone-manager-1.3.0-SNAPSHOT.jar:?]
	at org.apache.hadoop.ozone.protocolPB.OzoneManagerRequestHandler.handleReadRequest(OzoneManagerRequestHandler.java:228) ~[ozone-manager-1.3.0-SNAPSHOT.jar:?]
	at org.apache.hadoop.ozone.protocolPB.OzoneManagerProtocolServerSideTranslatorPB.submitReadRequestToOM(OzoneManagerProtocolServerSideTranslatorPB.java:226) ~[ozone-manager-1.3.0-SNAPSHOT.jar:?]
	at org.apache.hadoop.ozone.protocolPB.OzoneManagerProtocolServerSideTranslatorPB.processRequest(OzoneManagerProtocolServerSideTranslatorPB.java:175) ~[ozone-manager-1.3.0-SNAPSHOT.jar:?]
	at org.apache.hadoop.hdds.server.OzoneProtocolMessageDispatcher.processRequest(OzoneProtocolMessageDispatcher.java:87) [hdds-server-framework-1.3.0-SNAPSHOT.jar:?]
	at org.apache.hadoop.ozone.protocolPB.OzoneManagerProtocolServerSideTranslatorPB.submitRequest(OzoneManagerProtocolServerSideTranslatorPB.java:147) [ozone-manager-1.3.0-SNAPSHOT.jar:?]
	at org.apache.hadoop.ozone.protocol.proto.OzoneManagerProtocolProtos$OzoneManagerService$2.callBlockingMethod(OzoneManagerProtocolProtos.java) [ozone-interface-client-1.3.0-SNAPSHOT.jar:?]
	at org.apache.hadoop.ipc.ProtobufRpcEngine$Server.processCall(ProtobufRpcEngine.java:466) [hadoop-common-3.3.1.jar:?]
	at org.apache.hadoop.ipc.ProtobufRpcEngine2$Server$ProtoBufRpcInvoker.call(ProtobufRpcEngine2.java:574) [hadoop-common-3.3.1.jar:?]
	at org.apache.hadoop.ipc.ProtobufRpcEngine2$Server$ProtoBufRpcInvoker.call(ProtobufRpcEngine2.java:552) [hadoop-common-3.3.1.jar:?]
	at org.apache.hadoop.ipc.RPC$Server.call(RPC.java:1093) [hadoop-common-3.3.1.jar:?]
	at org.apache.hadoop.ipc.Server$RpcCall.run(Server.java:1035) [hadoop-common-3.3.1.jar:?]
	at org.apache.hadoop.ipc.Server$RpcCall.run(Server.java:963) [hadoop-common-3.3.1.jar:?]
	at java.security.AccessController.doPrivileged(Native Method) ~[?:1.8.0_332]
	at javax.security.auth.Subject.doAs(Subject.java:422) [?:1.8.0_332]
	at org.apache.hadoop.security.UserGroupInformation.doAs(UserGroupInformation.java:1878) [hadoop-common-3.3.1.jar:?]
	at org.apache.hadoop.ipc.Server$Handler.run(Server.java:2966) [hadoop-common-3.3.1.jar:?]
21:04:07.819 [IPC Server handler 0 on default port 43377] ERROR OMAudit - user=runner | ip=127.0.0.1 | op=GET_FILE_STATUS {volume=volume48505, bucket=bucket15190, key=root_dir/dir1/file2, dataSize=0, replicationConfig=null} | ret=FAILURE
org.apache.hadoop.ozone.om.exceptions.OMException: Unable to get file status: volume: volume48505 bucket: bucket15190 key: root_dir/dir1/file2
	at org.apache.hadoop.ozone.om.KeyManagerImpl.getOzoneFileStatus(KeyManagerImpl.java:1311) ~[ozone-manager-1.3.0-SNAPSHOT.jar:?]
	at org.apache.hadoop.ozone.om.KeyManagerImpl.getFileStatus(KeyManagerImpl.java:1241) ~[ozone-manager-1.3.0-SNAPSHOT.jar:?]
	at org.apache.hadoop.ozone.om.OzoneManager.getFileStatus(OzoneManager.java:3419) ~[ozone-manager-1.3.0-SNAPSHOT.jar:?]
	at org.apache.hadoop.ozone.protocolPB.OzoneManagerRequestHandler.getOzoneFileStatus(OzoneManagerRequestHandler.java:871) ~[ozone-manager-1.3.0-SNAPSHOT.jar:?]
	at org.apache.hadoop.ozone.protocolPB.OzoneManagerRequestHandler.handleReadRequest(OzoneManagerRequestHandler.java:217) ~[ozone-manager-1.3.0-SNAPSHOT.jar:?]
	at org.apache.hadoop.ozone.protocolPB.OzoneManagerProtocolServerSideTranslatorPB.submitReadRequestToOM(OzoneManagerProtocolServerSideTranslatorPB.java:226) ~[ozone-manager-1.3.0-SNAPSHOT.jar:?]
	at org.apache.hadoop.ozone.protocolPB.OzoneManagerProtocolServerSideTranslatorPB.processRequest(OzoneManagerProtocolServerSideTranslatorPB.java:175) ~[ozone-manager-1.3.0-SNAPSHOT.jar:?]
	at org.apache.hadoop.hdds.server.OzoneProtocolMessageDispatcher.processRequest(OzoneProtocolMessageDispatcher.java:87) [hdds-server-framework-1.3.0-SNAPSHOT.jar:?]
	at org.apache.hadoop.ozone.protocolPB.OzoneManagerProtocolServerSideTranslatorPB.submitRequest(OzoneManagerProtocolServerSideTranslatorPB.java:147) [ozone-manager-1.3.0-SNAPSHOT.jar:?]
	at org.apache.hadoop.ozone.protocol.proto.OzoneManagerProtocolProtos$OzoneManagerService$2.callBlockingMethod(OzoneManagerProtocolProtos.java) [ozone-interface-client-1.3.0-SNAPSHOT.jar:?]
	at org.apache.hadoop.ipc.ProtobufRpcEngine$Server.processCall(ProtobufRpcEngine.java:466) [hadoop-common-3.3.1.jar:?]
	at org.apache.hadoop.ipc.ProtobufRpcEngine2$Server$ProtoBufRpcInvoker.call(ProtobufRpcEngine2.java:574) [hadoop-common-3.3.1.jar:?]
	at org.apache.hadoop.ipc.ProtobufRpcEngine2$Server$ProtoBufRpcInvoker.call(ProtobufRpcEngine2.java:552) [hadoop-common-3.3.1.jar:?]
	at org.apache.hadoop.ipc.RPC$Server.call(RPC.java:1093) [hadoop-common-3.3.1.jar:?]
	at org.apache.hadoop.ipc.Server$RpcCall.run(Server.java:1035) [hadoop-common-3.3.1.jar:?]
	at org.apache.hadoop.ipc.Server$RpcCall.run(Server.java:963) [hadoop-common-3.3.1.jar:?]
	at java.security.AccessController.doPrivileged(Native Method) ~[?:1.8.0_332]
	at javax.security.auth.Subject.doAs(Subject.java:422) [?:1.8.0_332]
	at org.apache.hadoop.security.UserGroupInformation.doAs(UserGroupInformation.java:1878) [hadoop-common-3.3.1.jar:?]
	at org.apache.hadoop.ipc.Server$Handler.run(Server.java:2966) [hadoop-common-3.3.1.jar:?]
2022-07-12 21:04:07,820 [Time-limited test] WARN  ozone.BasicRootedOzoneFileSystem (BasicRootedOzoneFileSystem.java:delete(572)) - delete: Path does not exist: /volume48505/bucket15190/root_dir/dir1/file2
21:04:07.822 [IPC Server handler 1 on default port 43377] ERROR OMAudit - user=runner | ip=127.0.0.1 | op=GET_FILE_STATUS {volume=volume48505, bucket=bucket15190, key=root_dir/dir1/dir2, dataSize=0, replicationConfig=null} | ret=FAILURE
org.apache.hadoop.ozone.om.exceptions.OMException: Unable to get file status: volume: volume48505 bucket: bucket15190 key: root_dir/dir1/dir2
	at org.apache.hadoop.ozone.om.KeyManagerImpl.getOzoneFileStatus(KeyManagerImpl.java:1311) ~[ozone-manager-1.3.0-SNAPSHOT.jar:?]
	at org.apache.hadoop.ozone.om.KeyManagerImpl.getFileStatus(KeyManagerImpl.java:1241) ~[ozone-manager-1.3.0-SNAPSHOT.jar:?]
	at org.apache.hadoop.ozone.om.OzoneManager.getFileStatus(OzoneManager.java:3419) ~[ozone-manager-1.3.0-SNAPSHOT.jar:?]
	at org.apache.hadoop.ozone.protocolPB.OzoneManagerRequestHandler.getOzoneFileStatus(OzoneManagerRequestHandler.java:871) ~[ozone-manager-1.3.0-SNAPSHOT.jar:?]
	at org.apache.hadoop.ozone.protocolPB.OzoneManagerRequestHandler.handleReadRequest(OzoneManagerRequestHandler.java:217) ~[ozone-manager-1.3.0-SNAPSHOT.jar:?]
	at org.apache.hadoop.ozone.protocolPB.OzoneManagerProtocolServerSideTranslatorPB.submitReadRequestToOM(OzoneManagerProtocolServerSideTranslatorPB.java:226) ~[ozone-manager-1.3.0-SNAPSHOT.jar:?]
	at org.apache.hadoop.ozone.protocolPB.OzoneManagerProtocolServerSideTranslatorPB.processRequest(OzoneManagerProtocolServerSideTranslatorPB.java:175) ~[ozone-manager-1.3.0-SNAPSHOT.jar:?]
	at org.apache.hadoop.hdds.server.OzoneProtocolMessageDispatcher.processRequest(OzoneProtocolMessageDispatcher.java:87) [hdds-server-framework-1.3.0-SNAPSHOT.jar:?]
	at org.apache.hadoop.ozone.protocolPB.OzoneManagerProtocolServerSideTranslatorPB.submitRequest(OzoneManagerProtocolServerSideTranslatorPB.java:147) [ozone-manager-1.3.0-SNAPSHOT.jar:?]
	at org.apache.hadoop.ozone.protocol.proto.OzoneManagerProtocolProtos$OzoneManagerService$2.callBlockingMethod(OzoneManagerProtocolProtos.java) [ozone-interface-client-1.3.0-SNAPSHOT.jar:?]
	at org.apache.hadoop.ipc.ProtobufRpcEngine$Server.processCall(ProtobufRpcEngine.java:466) [hadoop-common-3.3.1.jar:?]
	at org.apache.hadoop.ipc.ProtobufRpcEngine2$Server$ProtoBufRpcInvoker.call(ProtobufRpcEngine2.java:574) [hadoop-common-3.3.1.jar:?]
	at org.apache.hadoop.ipc.ProtobufRpcEngine2$Server$ProtoBufRpcInvoker.call(ProtobufRpcEngine2.java:552) [hadoop-common-3.3.1.jar:?]
	at org.apache.hadoop.ipc.RPC$Server.call(RPC.java:1093) [hadoop-common-3.3.1.jar:?]
	at org.apache.hadoop.ipc.Server$RpcCall.run(Server.java:1035) [hadoop-common-3.3.1.jar:?]
	at org.apache.hadoop.ipc.Server$RpcCall.run(Server.java:963) [hadoop-common-3.3.1.jar:?]
	at java.security.AccessController.doPrivileged(Native Method) ~[?:1.8.0_332]
	at javax.security.auth.Subject.doAs(Subject.java:422) [?:1.8.0_332]
	at org.apache.hadoop.security.UserGroupInformation.doAs(UserGroupInformation.java:1878) [hadoop-common-3.3.1.jar:?]
	at org.apache.hadoop.ipc.Server$Handler.run(Server.java:2966) [hadoop-common-3.3.1.jar:?]
2022-07-12 21:04:07,823 [Time-limited test] WARN  ozone.BasicRootedOzoneFileSystem (BasicRootedOzoneFileSystem.java:delete(572)) - delete: Path does not exist: /volume48505/bucket15190/root_dir/dir1/dir2
]]></system-out>
  </testcase>
  <testcase name="testRenameToParentDir" classname="TestRootedOzoneFileSystem" time="0.144">
    <system-out><![CDATA[2022-07-12 21:05:19,916 [Time-limited test] INFO  rpc.RpcClient (RpcClient.java:createVolume(466)) - Creating Volume: volume75835, with user84671 as owner and space quota set to -1 bytes, counts quota set to -1
2022-07-12 21:05:19,926 [OM StateMachine ApplyTransaction Thread - 0] INFO  volume.OMVolumeCreateRequest (OMVolumeCreateRequest.java:validateAndUpdateCache(195)) - created volume:volume75835 for user:user84671
2022-07-12 21:05:19,928 [Time-limited test] INFO  rpc.RpcClient (RpcClient.java:createBucket(669)) - Creating Bucket: volume75835/bucket54539, with bucket layout LEGACY, runner as owner, Versioning false, Storage Type set to DISK and Encryption set to false 
2022-07-12 21:05:19,929 [OM StateMachine ApplyTransaction Thread - 0] INFO  bucket.OMBucketCreateRequest (OMBucketCreateRequest.java:validateAndUpdateCache(260)) - created bucket: bucket54539 of layout LEGACY in volume: volume75835
21:05:19.942 [IPC Server handler 7 on default port 38457] ERROR OMAudit - user=runner | ip=127.0.0.1 | op=LIST_STATUS {volume=volume75835, bucket=bucket54539, key=root_dir/dir2, dataSize=0, replicationConfig=null} | ret=FAILURE
org.apache.hadoop.ozone.om.exceptions.OMException: Unable to get file status: volume: volume75835 bucket: bucket54539 key: root_dir/dir2
	at org.apache.hadoop.ozone.om.KeyManagerImpl.getOzoneFileStatus(KeyManagerImpl.java:1311) ~[ozone-manager-1.3.0-SNAPSHOT.jar:?]
	at org.apache.hadoop.ozone.om.KeyManagerImpl.getFileStatus(KeyManagerImpl.java:1241) ~[ozone-manager-1.3.0-SNAPSHOT.jar:?]
	at org.apache.hadoop.ozone.om.KeyManagerImpl.listStatus(KeyManagerImpl.java:1565) ~[ozone-manager-1.3.0-SNAPSHOT.jar:?]
	at org.apache.hadoop.ozone.om.OzoneManager.listStatus(OzoneManager.java:3497) ~[ozone-manager-1.3.0-SNAPSHOT.jar:?]
	at org.apache.hadoop.ozone.protocolPB.OzoneManagerRequestHandler.listStatus(OzoneManagerRequestHandler.java:1028) ~[ozone-manager-1.3.0-SNAPSHOT.jar:?]
	at org.apache.hadoop.ozone.protocolPB.OzoneManagerRequestHandler.handleReadRequest(OzoneManagerRequestHandler.java:228) ~[ozone-manager-1.3.0-SNAPSHOT.jar:?]
	at org.apache.hadoop.ozone.protocolPB.OzoneManagerProtocolServerSideTranslatorPB.submitReadRequestToOM(OzoneManagerProtocolServerSideTranslatorPB.java:226) ~[ozone-manager-1.3.0-SNAPSHOT.jar:?]
	at org.apache.hadoop.ozone.protocolPB.OzoneManagerProtocolServerSideTranslatorPB.processRequest(OzoneManagerProtocolServerSideTranslatorPB.java:175) ~[ozone-manager-1.3.0-SNAPSHOT.jar:?]
	at org.apache.hadoop.hdds.server.OzoneProtocolMessageDispatcher.processRequest(OzoneProtocolMessageDispatcher.java:87) [hdds-server-framework-1.3.0-SNAPSHOT.jar:?]
	at org.apache.hadoop.ozone.protocolPB.OzoneManagerProtocolServerSideTranslatorPB.submitRequest(OzoneManagerProtocolServerSideTranslatorPB.java:147) [ozone-manager-1.3.0-SNAPSHOT.jar:?]
	at org.apache.hadoop.ozone.protocol.proto.OzoneManagerProtocolProtos$OzoneManagerService$2.callBlockingMethod(OzoneManagerProtocolProtos.java) [ozone-interface-client-1.3.0-SNAPSHOT.jar:?]
	at org.apache.hadoop.ipc.ProtobufRpcEngine$Server.processCall(ProtobufRpcEngine.java:466) [hadoop-common-3.3.1.jar:?]
	at org.apache.hadoop.ipc.ProtobufRpcEngine2$Server$ProtoBufRpcInvoker.call(ProtobufRpcEngine2.java:574) [hadoop-common-3.3.1.jar:?]
	at org.apache.hadoop.ipc.ProtobufRpcEngine2$Server$ProtoBufRpcInvoker.call(ProtobufRpcEngine2.java:552) [hadoop-common-3.3.1.jar:?]
	at org.apache.hadoop.ipc.RPC$Server.call(RPC.java:1093) [hadoop-common-3.3.1.jar:?]
	at org.apache.hadoop.ipc.Server$RpcCall.run(Server.java:1035) [hadoop-common-3.3.1.jar:?]
	at org.apache.hadoop.ipc.Server$RpcCall.run(Server.java:963) [hadoop-common-3.3.1.jar:?]
	at java.security.AccessController.doPrivileged(Native Method) ~[?:1.8.0_332]
	at javax.security.auth.Subject.doAs(Subject.java:422) [?:1.8.0_332]
	at org.apache.hadoop.security.UserGroupInformation.doAs(UserGroupInformation.java:1878) [hadoop-common-3.3.1.jar:?]
	at org.apache.hadoop.ipc.Server$Handler.run(Server.java:2966) [hadoop-common-3.3.1.jar:?]
21:05:19.951 [IPC Server handler 5 on default port 38457] ERROR OMAudit - user=runner | ip=127.0.0.1 | op=LIST_STATUS {volume=volume75835, bucket=bucket54539, key=root_dir/file2, dataSize=0, replicationConfig=null} | ret=FAILURE
org.apache.hadoop.ozone.om.exceptions.OMException: Unable to get file status: volume: volume75835 bucket: bucket54539 key: root_dir/file2
	at org.apache.hadoop.ozone.om.KeyManagerImpl.getOzoneFileStatus(KeyManagerImpl.java:1311) ~[ozone-manager-1.3.0-SNAPSHOT.jar:?]
	at org.apache.hadoop.ozone.om.KeyManagerImpl.getFileStatus(KeyManagerImpl.java:1241) ~[ozone-manager-1.3.0-SNAPSHOT.jar:?]
	at org.apache.hadoop.ozone.om.KeyManagerImpl.listStatus(KeyManagerImpl.java:1565) ~[ozone-manager-1.3.0-SNAPSHOT.jar:?]
	at org.apache.hadoop.ozone.om.OzoneManager.listStatus(OzoneManager.java:3497) ~[ozone-manager-1.3.0-SNAPSHOT.jar:?]
	at org.apache.hadoop.ozone.protocolPB.OzoneManagerRequestHandler.listStatus(OzoneManagerRequestHandler.java:1028) ~[ozone-manager-1.3.0-SNAPSHOT.jar:?]
	at org.apache.hadoop.ozone.protocolPB.OzoneManagerRequestHandler.handleReadRequest(OzoneManagerRequestHandler.java:228) ~[ozone-manager-1.3.0-SNAPSHOT.jar:?]
	at org.apache.hadoop.ozone.protocolPB.OzoneManagerProtocolServerSideTranslatorPB.submitReadRequestToOM(OzoneManagerProtocolServerSideTranslatorPB.java:226) ~[ozone-manager-1.3.0-SNAPSHOT.jar:?]
	at org.apache.hadoop.ozone.protocolPB.OzoneManagerProtocolServerSideTranslatorPB.processRequest(OzoneManagerProtocolServerSideTranslatorPB.java:175) ~[ozone-manager-1.3.0-SNAPSHOT.jar:?]
	at org.apache.hadoop.hdds.server.OzoneProtocolMessageDispatcher.processRequest(OzoneProtocolMessageDispatcher.java:87) [hdds-server-framework-1.3.0-SNAPSHOT.jar:?]
	at org.apache.hadoop.ozone.protocolPB.OzoneManagerProtocolServerSideTranslatorPB.submitRequest(OzoneManagerProtocolServerSideTranslatorPB.java:147) [ozone-manager-1.3.0-SNAPSHOT.jar:?]
	at org.apache.hadoop.ozone.protocol.proto.OzoneManagerProtocolProtos$OzoneManagerService$2.callBlockingMethod(OzoneManagerProtocolProtos.java) [ozone-interface-client-1.3.0-SNAPSHOT.jar:?]
	at org.apache.hadoop.ipc.ProtobufRpcEngine$Server.processCall(ProtobufRpcEngine.java:466) [hadoop-common-3.3.1.jar:?]
	at org.apache.hadoop.ipc.ProtobufRpcEngine2$Server$ProtoBufRpcInvoker.call(ProtobufRpcEngine2.java:574) [hadoop-common-3.3.1.jar:?]
	at org.apache.hadoop.ipc.ProtobufRpcEngine2$Server$ProtoBufRpcInvoker.call(ProtobufRpcEngine2.java:552) [hadoop-common-3.3.1.jar:?]
	at org.apache.hadoop.ipc.RPC$Server.call(RPC.java:1093) [hadoop-common-3.3.1.jar:?]
	at org.apache.hadoop.ipc.Server$RpcCall.run(Server.java:1035) [hadoop-common-3.3.1.jar:?]
	at org.apache.hadoop.ipc.Server$RpcCall.run(Server.java:963) [hadoop-common-3.3.1.jar:?]
	at java.security.AccessController.doPrivileged(Native Method) ~[?:1.8.0_332]
	at javax.security.auth.Subject.doAs(Subject.java:422) [?:1.8.0_332]
	at org.apache.hadoop.security.UserGroupInformation.doAs(UserGroupInformation.java:1878) [hadoop-common-3.3.1.jar:?]
	at org.apache.hadoop.ipc.Server$Handler.run(Server.java:2966) [hadoop-common-3.3.1.jar:?]
21:05:19.960 [IPC Server handler 15 on default port 38457] ERROR OMAudit - user=runner | ip=127.0.0.1 | op=GET_FILE_STATUS {volume=volume75835, bucket=bucket54539, key=root_dir/dir1/file2, dataSize=0, replicationConfig=null} | ret=FAILURE
org.apache.hadoop.ozone.om.exceptions.OMException: Unable to get file status: volume: volume75835 bucket: bucket54539 key: root_dir/dir1/file2
	at org.apache.hadoop.ozone.om.KeyManagerImpl.getOzoneFileStatus(KeyManagerImpl.java:1311) ~[ozone-manager-1.3.0-SNAPSHOT.jar:?]
	at org.apache.hadoop.ozone.om.KeyManagerImpl.getFileStatus(KeyManagerImpl.java:1241) ~[ozone-manager-1.3.0-SNAPSHOT.jar:?]
	at org.apache.hadoop.ozone.om.OzoneManager.getFileStatus(OzoneManager.java:3419) ~[ozone-manager-1.3.0-SNAPSHOT.jar:?]
	at org.apache.hadoop.ozone.protocolPB.OzoneManagerRequestHandler.getOzoneFileStatus(OzoneManagerRequestHandler.java:871) ~[ozone-manager-1.3.0-SNAPSHOT.jar:?]
	at org.apache.hadoop.ozone.protocolPB.OzoneManagerRequestHandler.handleReadRequest(OzoneManagerRequestHandler.java:217) ~[ozone-manager-1.3.0-SNAPSHOT.jar:?]
	at org.apache.hadoop.ozone.protocolPB.OzoneManagerProtocolServerSideTranslatorPB.submitReadRequestToOM(OzoneManagerProtocolServerSideTranslatorPB.java:226) ~[ozone-manager-1.3.0-SNAPSHOT.jar:?]
	at org.apache.hadoop.ozone.protocolPB.OzoneManagerProtocolServerSideTranslatorPB.processRequest(OzoneManagerProtocolServerSideTranslatorPB.java:175) ~[ozone-manager-1.3.0-SNAPSHOT.jar:?]
	at org.apache.hadoop.hdds.server.OzoneProtocolMessageDispatcher.processRequest(OzoneProtocolMessageDispatcher.java:87) [hdds-server-framework-1.3.0-SNAPSHOT.jar:?]
	at org.apache.hadoop.ozone.protocolPB.OzoneManagerProtocolServerSideTranslatorPB.submitRequest(OzoneManagerProtocolServerSideTranslatorPB.java:147) [ozone-manager-1.3.0-SNAPSHOT.jar:?]
	at org.apache.hadoop.ozone.protocol.proto.OzoneManagerProtocolProtos$OzoneManagerService$2.callBlockingMethod(OzoneManagerProtocolProtos.java) [ozone-interface-client-1.3.0-SNAPSHOT.jar:?]
	at org.apache.hadoop.ipc.ProtobufRpcEngine$Server.processCall(ProtobufRpcEngine.java:466) [hadoop-common-3.3.1.jar:?]
	at org.apache.hadoop.ipc.ProtobufRpcEngine2$Server$ProtoBufRpcInvoker.call(ProtobufRpcEngine2.java:574) [hadoop-common-3.3.1.jar:?]
	at org.apache.hadoop.ipc.ProtobufRpcEngine2$Server$ProtoBufRpcInvoker.call(ProtobufRpcEngine2.java:552) [hadoop-common-3.3.1.jar:?]
	at org.apache.hadoop.ipc.RPC$Server.call(RPC.java:1093) [hadoop-common-3.3.1.jar:?]
	at org.apache.hadoop.ipc.Server$RpcCall.run(Server.java:1035) [hadoop-common-3.3.1.jar:?]
	at org.apache.hadoop.ipc.Server$RpcCall.run(Server.java:963) [hadoop-common-3.3.1.jar:?]
	at java.security.AccessController.doPrivileged(Native Method) ~[?:1.8.0_332]
	at javax.security.auth.Subject.doAs(Subject.java:422) [?:1.8.0_332]
	at org.apache.hadoop.security.UserGroupInformation.doAs(UserGroupInformation.java:1878) [hadoop-common-3.3.1.jar:?]
	at org.apache.hadoop.ipc.Server$Handler.run(Server.java:2966) [hadoop-common-3.3.1.jar:?]
2022-07-12 21:05:19,960 [Time-limited test] WARN  ozone.BasicRootedOzoneFileSystem (BasicRootedOzoneFileSystem.java:delete(572)) - delete: Path does not exist: /volume75835/bucket54539/root_dir/dir1/file2
21:05:19.962 [IPC Server handler 19 on default port 38457] ERROR OMAudit - user=runner | ip=127.0.0.1 | op=GET_FILE_STATUS {volume=volume75835, bucket=bucket54539, key=root_dir/dir1/dir2, dataSize=0, replicationConfig=null} | ret=FAILURE
org.apache.hadoop.ozone.om.exceptions.OMException: Unable to get file status: volume: volume75835 bucket: bucket54539 key: root_dir/dir1/dir2
	at org.apache.hadoop.ozone.om.KeyManagerImpl.getOzoneFileStatus(KeyManagerImpl.java:1311) ~[ozone-manager-1.3.0-SNAPSHOT.jar:?]
	at org.apache.hadoop.ozone.om.KeyManagerImpl.getFileStatus(KeyManagerImpl.java:1241) ~[ozone-manager-1.3.0-SNAPSHOT.jar:?]
	at org.apache.hadoop.ozone.om.OzoneManager.getFileStatus(OzoneManager.java:3419) ~[ozone-manager-1.3.0-SNAPSHOT.jar:?]
	at org.apache.hadoop.ozone.protocolPB.OzoneManagerRequestHandler.getOzoneFileStatus(OzoneManagerRequestHandler.java:871) ~[ozone-manager-1.3.0-SNAPSHOT.jar:?]
	at org.apache.hadoop.ozone.protocolPB.OzoneManagerRequestHandler.handleReadRequest(OzoneManagerRequestHandler.java:217) ~[ozone-manager-1.3.0-SNAPSHOT.jar:?]
	at org.apache.hadoop.ozone.protocolPB.OzoneManagerProtocolServerSideTranslatorPB.submitReadRequestToOM(OzoneManagerProtocolServerSideTranslatorPB.java:226) ~[ozone-manager-1.3.0-SNAPSHOT.jar:?]
	at org.apache.hadoop.ozone.protocolPB.OzoneManagerProtocolServerSideTranslatorPB.processRequest(OzoneManagerProtocolServerSideTranslatorPB.java:175) ~[ozone-manager-1.3.0-SNAPSHOT.jar:?]
	at org.apache.hadoop.hdds.server.OzoneProtocolMessageDispatcher.processRequest(OzoneProtocolMessageDispatcher.java:87) [hdds-server-framework-1.3.0-SNAPSHOT.jar:?]
	at org.apache.hadoop.ozone.protocolPB.OzoneManagerProtocolServerSideTranslatorPB.submitRequest(OzoneManagerProtocolServerSideTranslatorPB.java:147) [ozone-manager-1.3.0-SNAPSHOT.jar:?]
	at org.apache.hadoop.ozone.protocol.proto.OzoneManagerProtocolProtos$OzoneManagerService$2.callBlockingMethod(OzoneManagerProtocolProtos.java) [ozone-interface-client-1.3.0-SNAPSHOT.jar:?]
	at org.apache.hadoop.ipc.ProtobufRpcEngine$Server.processCall(ProtobufRpcEngine.java:466) [hadoop-common-3.3.1.jar:?]
	at org.apache.hadoop.ipc.ProtobufRpcEngine2$Server$ProtoBufRpcInvoker.call(ProtobufRpcEngine2.java:574) [hadoop-common-3.3.1.jar:?]
	at org.apache.hadoop.ipc.ProtobufRpcEngine2$Server$ProtoBufRpcInvoker.call(ProtobufRpcEngine2.java:552) [hadoop-common-3.3.1.jar:?]
	at org.apache.hadoop.ipc.RPC$Server.call(RPC.java:1093) [hadoop-common-3.3.1.jar:?]
	at org.apache.hadoop.ipc.Server$RpcCall.run(Server.java:1035) [hadoop-common-3.3.1.jar:?]
	at org.apache.hadoop.ipc.Server$RpcCall.run(Server.java:963) [hadoop-common-3.3.1.jar:?]
	at java.security.AccessController.doPrivileged(Native Method) ~[?:1.8.0_332]
	at javax.security.auth.Subject.doAs(Subject.java:422) [?:1.8.0_332]
	at org.apache.hadoop.security.UserGroupInformation.doAs(UserGroupInformation.java:1878) [hadoop-common-3.3.1.jar:?]
	at org.apache.hadoop.ipc.Server$Handler.run(Server.java:2966) [hadoop-common-3.3.1.jar:?]
2022-07-12 21:05:19,963 [Time-limited test] WARN  ozone.BasicRootedOzoneFileSystem (BasicRootedOzoneFileSystem.java:delete(572)) - delete: Path does not exist: /volume75835/bucket54539/root_dir/dir1/dir2
]]></system-out>
  </testcase>
  <testcase name="testRenameToParentDir" classname="TestRootedOzoneFileSystem" time="0.165">
    <system-out><![CDATA[2022-07-12 21:06:33,638 [Time-limited test] INFO  rpc.RpcClient (RpcClient.java:createVolume(466)) - Creating Volume: volume23581, with user36474 as owner and space quota set to -1 bytes, counts quota set to -1
2022-07-12 21:06:33,639 [IPC Server handler 15 on default port 37581] INFO  volume.OMVolumeCreateRequest (OMVolumeCreateRequest.java:validateAndUpdateCache(195)) - created volume:volume23581 for user:user36474
2022-07-12 21:06:33,640 [Time-limited test] INFO  rpc.RpcClient (RpcClient.java:createBucket(669)) - Creating Bucket: volume23581/bucket86946, with bucket layout LEGACY, runner as owner, Versioning false, Storage Type set to DISK and Encryption set to false 
2022-07-12 21:06:33,641 [IPC Server handler 1 on default port 37581] INFO  bucket.OMBucketCreateRequest (OMBucketCreateRequest.java:validateAndUpdateCache(260)) - created bucket: bucket86946 of layout LEGACY in volume: volume23581
21:06:33.673 [IPC Server handler 9 on default port 37581] ERROR OMAudit - user=runner | ip=127.0.0.1 | op=LIST_STATUS {volume=volume23581, bucket=bucket86946, key=root_dir/dir2, dataSize=0, replicationConfig=null} | ret=FAILURE
org.apache.hadoop.ozone.om.exceptions.OMException: Unable to get file status: volume: volume23581 bucket: bucket86946 key: root_dir/dir2
	at org.apache.hadoop.ozone.om.KeyManagerImpl.getOzoneFileStatus(KeyManagerImpl.java:1311) ~[ozone-manager-1.3.0-SNAPSHOT.jar:?]
	at org.apache.hadoop.ozone.om.KeyManagerImpl.getFileStatus(KeyManagerImpl.java:1241) ~[ozone-manager-1.3.0-SNAPSHOT.jar:?]
	at org.apache.hadoop.ozone.om.KeyManagerImpl.listStatus(KeyManagerImpl.java:1565) ~[ozone-manager-1.3.0-SNAPSHOT.jar:?]
	at org.apache.hadoop.ozone.om.OzoneManager.listStatus(OzoneManager.java:3497) ~[ozone-manager-1.3.0-SNAPSHOT.jar:?]
	at org.apache.hadoop.ozone.protocolPB.OzoneManagerRequestHandler.listStatus(OzoneManagerRequestHandler.java:1028) ~[ozone-manager-1.3.0-SNAPSHOT.jar:?]
	at org.apache.hadoop.ozone.protocolPB.OzoneManagerRequestHandler.handleReadRequest(OzoneManagerRequestHandler.java:228) ~[ozone-manager-1.3.0-SNAPSHOT.jar:?]
	at org.apache.hadoop.ozone.protocolPB.OzoneManagerProtocolServerSideTranslatorPB.submitRequestDirectlyToOM(OzoneManagerProtocolServerSideTranslatorPB.java:276) ~[ozone-manager-1.3.0-SNAPSHOT.jar:?]
	at org.apache.hadoop.ozone.protocolPB.OzoneManagerProtocolServerSideTranslatorPB.processRequest(OzoneManagerProtocolServerSideTranslatorPB.java:205) ~[ozone-manager-1.3.0-SNAPSHOT.jar:?]
	at org.apache.hadoop.hdds.server.OzoneProtocolMessageDispatcher.processRequest(OzoneProtocolMessageDispatcher.java:87) [hdds-server-framework-1.3.0-SNAPSHOT.jar:?]
	at org.apache.hadoop.ozone.protocolPB.OzoneManagerProtocolServerSideTranslatorPB.submitRequest(OzoneManagerProtocolServerSideTranslatorPB.java:147) [ozone-manager-1.3.0-SNAPSHOT.jar:?]
	at org.apache.hadoop.ozone.protocol.proto.OzoneManagerProtocolProtos$OzoneManagerService$2.callBlockingMethod(OzoneManagerProtocolProtos.java) [ozone-interface-client-1.3.0-SNAPSHOT.jar:?]
	at org.apache.hadoop.ipc.ProtobufRpcEngine$Server.processCall(ProtobufRpcEngine.java:466) [hadoop-common-3.3.1.jar:?]
	at org.apache.hadoop.ipc.ProtobufRpcEngine2$Server$ProtoBufRpcInvoker.call(ProtobufRpcEngine2.java:574) [hadoop-common-3.3.1.jar:?]
	at org.apache.hadoop.ipc.ProtobufRpcEngine2$Server$ProtoBufRpcInvoker.call(ProtobufRpcEngine2.java:552) [hadoop-common-3.3.1.jar:?]
	at org.apache.hadoop.ipc.RPC$Server.call(RPC.java:1093) [hadoop-common-3.3.1.jar:?]
	at org.apache.hadoop.ipc.Server$RpcCall.run(Server.java:1035) [hadoop-common-3.3.1.jar:?]
	at org.apache.hadoop.ipc.Server$RpcCall.run(Server.java:963) [hadoop-common-3.3.1.jar:?]
	at java.security.AccessController.doPrivileged(Native Method) ~[?:1.8.0_332]
	at javax.security.auth.Subject.doAs(Subject.java:422) [?:1.8.0_332]
	at org.apache.hadoop.security.UserGroupInformation.doAs(UserGroupInformation.java:1878) [hadoop-common-3.3.1.jar:?]
	at org.apache.hadoop.ipc.Server$Handler.run(Server.java:2966) [hadoop-common-3.3.1.jar:?]
21:06:33.684 [IPC Server handler 6 on default port 37581] ERROR OMAudit - user=runner | ip=127.0.0.1 | op=LIST_STATUS {volume=volume23581, bucket=bucket86946, key=root_dir/file2, dataSize=0, replicationConfig=null} | ret=FAILURE
org.apache.hadoop.ozone.om.exceptions.OMException: Unable to get file status: volume: volume23581 bucket: bucket86946 key: root_dir/file2
	at org.apache.hadoop.ozone.om.KeyManagerImpl.getOzoneFileStatus(KeyManagerImpl.java:1311) ~[ozone-manager-1.3.0-SNAPSHOT.jar:?]
	at org.apache.hadoop.ozone.om.KeyManagerImpl.getFileStatus(KeyManagerImpl.java:1241) ~[ozone-manager-1.3.0-SNAPSHOT.jar:?]
	at org.apache.hadoop.ozone.om.KeyManagerImpl.listStatus(KeyManagerImpl.java:1565) ~[ozone-manager-1.3.0-SNAPSHOT.jar:?]
	at org.apache.hadoop.ozone.om.OzoneManager.listStatus(OzoneManager.java:3497) ~[ozone-manager-1.3.0-SNAPSHOT.jar:?]
	at org.apache.hadoop.ozone.protocolPB.OzoneManagerRequestHandler.listStatus(OzoneManagerRequestHandler.java:1028) ~[ozone-manager-1.3.0-SNAPSHOT.jar:?]
	at org.apache.hadoop.ozone.protocolPB.OzoneManagerRequestHandler.handleReadRequest(OzoneManagerRequestHandler.java:228) ~[ozone-manager-1.3.0-SNAPSHOT.jar:?]
	at org.apache.hadoop.ozone.protocolPB.OzoneManagerProtocolServerSideTranslatorPB.submitRequestDirectlyToOM(OzoneManagerProtocolServerSideTranslatorPB.java:276) ~[ozone-manager-1.3.0-SNAPSHOT.jar:?]
	at org.apache.hadoop.ozone.protocolPB.OzoneManagerProtocolServerSideTranslatorPB.processRequest(OzoneManagerProtocolServerSideTranslatorPB.java:205) ~[ozone-manager-1.3.0-SNAPSHOT.jar:?]
	at org.apache.hadoop.hdds.server.OzoneProtocolMessageDispatcher.processRequest(OzoneProtocolMessageDispatcher.java:87) [hdds-server-framework-1.3.0-SNAPSHOT.jar:?]
	at org.apache.hadoop.ozone.protocolPB.OzoneManagerProtocolServerSideTranslatorPB.submitRequest(OzoneManagerProtocolServerSideTranslatorPB.java:147) [ozone-manager-1.3.0-SNAPSHOT.jar:?]
	at org.apache.hadoop.ozone.protocol.proto.OzoneManagerProtocolProtos$OzoneManagerService$2.callBlockingMethod(OzoneManagerProtocolProtos.java) [ozone-interface-client-1.3.0-SNAPSHOT.jar:?]
	at org.apache.hadoop.ipc.ProtobufRpcEngine$Server.processCall(ProtobufRpcEngine.java:466) [hadoop-common-3.3.1.jar:?]
	at org.apache.hadoop.ipc.ProtobufRpcEngine2$Server$ProtoBufRpcInvoker.call(ProtobufRpcEngine2.java:574) [hadoop-common-3.3.1.jar:?]
	at org.apache.hadoop.ipc.ProtobufRpcEngine2$Server$ProtoBufRpcInvoker.call(ProtobufRpcEngine2.java:552) [hadoop-common-3.3.1.jar:?]
	at org.apache.hadoop.ipc.RPC$Server.call(RPC.java:1093) [hadoop-common-3.3.1.jar:?]
	at org.apache.hadoop.ipc.Server$RpcCall.run(Server.java:1035) [hadoop-common-3.3.1.jar:?]
	at org.apache.hadoop.ipc.Server$RpcCall.run(Server.java:963) [hadoop-common-3.3.1.jar:?]
	at java.security.AccessController.doPrivileged(Native Method) ~[?:1.8.0_332]
	at javax.security.auth.Subject.doAs(Subject.java:422) [?:1.8.0_332]
	at org.apache.hadoop.security.UserGroupInformation.doAs(UserGroupInformation.java:1878) [hadoop-common-3.3.1.jar:?]
	at org.apache.hadoop.ipc.Server$Handler.run(Server.java:2966) [hadoop-common-3.3.1.jar:?]
21:06:33.703 [IPC Server handler 2 on default port 37581] ERROR OMAudit - user=runner | ip=127.0.0.1 | op=GET_FILE_STATUS {volume=volume23581, bucket=bucket86946, key=root_dir/dir1/file2, dataSize=0, replicationConfig=null} | ret=FAILURE
org.apache.hadoop.ozone.om.exceptions.OMException: Unable to get file status: volume: volume23581 bucket: bucket86946 key: root_dir/dir1/file2
	at org.apache.hadoop.ozone.om.KeyManagerImpl.getOzoneFileStatus(KeyManagerImpl.java:1311) ~[ozone-manager-1.3.0-SNAPSHOT.jar:?]
	at org.apache.hadoop.ozone.om.KeyManagerImpl.getFileStatus(KeyManagerImpl.java:1241) ~[ozone-manager-1.3.0-SNAPSHOT.jar:?]
	at org.apache.hadoop.ozone.om.OzoneManager.getFileStatus(OzoneManager.java:3419) ~[ozone-manager-1.3.0-SNAPSHOT.jar:?]
	at org.apache.hadoop.ozone.protocolPB.OzoneManagerRequestHandler.getOzoneFileStatus(OzoneManagerRequestHandler.java:871) ~[ozone-manager-1.3.0-SNAPSHOT.jar:?]
	at org.apache.hadoop.ozone.protocolPB.OzoneManagerRequestHandler.handleReadRequest(OzoneManagerRequestHandler.java:217) ~[ozone-manager-1.3.0-SNAPSHOT.jar:?]
	at org.apache.hadoop.ozone.protocolPB.OzoneManagerProtocolServerSideTranslatorPB.submitRequestDirectlyToOM(OzoneManagerProtocolServerSideTranslatorPB.java:276) ~[ozone-manager-1.3.0-SNAPSHOT.jar:?]
	at org.apache.hadoop.ozone.protocolPB.OzoneManagerProtocolServerSideTranslatorPB.processRequest(OzoneManagerProtocolServerSideTranslatorPB.java:205) ~[ozone-manager-1.3.0-SNAPSHOT.jar:?]
	at org.apache.hadoop.hdds.server.OzoneProtocolMessageDispatcher.processRequest(OzoneProtocolMessageDispatcher.java:87) [hdds-server-framework-1.3.0-SNAPSHOT.jar:?]
	at org.apache.hadoop.ozone.protocolPB.OzoneManagerProtocolServerSideTranslatorPB.submitRequest(OzoneManagerProtocolServerSideTranslatorPB.java:147) [ozone-manager-1.3.0-SNAPSHOT.jar:?]
	at org.apache.hadoop.ozone.protocol.proto.OzoneManagerProtocolProtos$OzoneManagerService$2.callBlockingMethod(OzoneManagerProtocolProtos.java) [ozone-interface-client-1.3.0-SNAPSHOT.jar:?]
	at org.apache.hadoop.ipc.ProtobufRpcEngine$Server.processCall(ProtobufRpcEngine.java:466) [hadoop-common-3.3.1.jar:?]
	at org.apache.hadoop.ipc.ProtobufRpcEngine2$Server$ProtoBufRpcInvoker.call(ProtobufRpcEngine2.java:574) [hadoop-common-3.3.1.jar:?]
	at org.apache.hadoop.ipc.ProtobufRpcEngine2$Server$ProtoBufRpcInvoker.call(ProtobufRpcEngine2.java:552) [hadoop-common-3.3.1.jar:?]
	at org.apache.hadoop.ipc.RPC$Server.call(RPC.java:1093) [hadoop-common-3.3.1.jar:?]
	at org.apache.hadoop.ipc.Server$RpcCall.run(Server.java:1035) [hadoop-common-3.3.1.jar:?]
	at org.apache.hadoop.ipc.Server$RpcCall.run(Server.java:963) [hadoop-common-3.3.1.jar:?]
	at java.security.AccessController.doPrivileged(Native Method) ~[?:1.8.0_332]
	at javax.security.auth.Subject.doAs(Subject.java:422) [?:1.8.0_332]
	at org.apache.hadoop.security.UserGroupInformation.doAs(UserGroupInformation.java:1878) [hadoop-common-3.3.1.jar:?]
	at org.apache.hadoop.ipc.Server$Handler.run(Server.java:2966) [hadoop-common-3.3.1.jar:?]
2022-07-12 21:06:33,704 [Time-limited test] WARN  ozone.BasicRootedOzoneFileSystem (BasicRootedOzoneFileSystem.java:delete(572)) - delete: Path does not exist: /volume23581/bucket86946/root_dir/dir1/file2
21:06:33.705 [IPC Server handler 11 on default port 37581] ERROR OMAudit - user=runner | ip=127.0.0.1 | op=GET_FILE_STATUS {volume=volume23581, bucket=bucket86946, key=root_dir/dir1/dir2, dataSize=0, replicationConfig=null} | ret=FAILURE
org.apache.hadoop.ozone.om.exceptions.OMException: Unable to get file status: volume: volume23581 bucket: bucket86946 key: root_dir/dir1/dir2
	at org.apache.hadoop.ozone.om.KeyManagerImpl.getOzoneFileStatus(KeyManagerImpl.java:1311) ~[ozone-manager-1.3.0-SNAPSHOT.jar:?]
	at org.apache.hadoop.ozone.om.KeyManagerImpl.getFileStatus(KeyManagerImpl.java:1241) ~[ozone-manager-1.3.0-SNAPSHOT.jar:?]
	at org.apache.hadoop.ozone.om.OzoneManager.getFileStatus(OzoneManager.java:3419) ~[ozone-manager-1.3.0-SNAPSHOT.jar:?]
	at org.apache.hadoop.ozone.protocolPB.OzoneManagerRequestHandler.getOzoneFileStatus(OzoneManagerRequestHandler.java:871) ~[ozone-manager-1.3.0-SNAPSHOT.jar:?]
	at org.apache.hadoop.ozone.protocolPB.OzoneManagerRequestHandler.handleReadRequest(OzoneManagerRequestHandler.java:217) ~[ozone-manager-1.3.0-SNAPSHOT.jar:?]
	at org.apache.hadoop.ozone.protocolPB.OzoneManagerProtocolServerSideTranslatorPB.submitRequestDirectlyToOM(OzoneManagerProtocolServerSideTranslatorPB.java:276) ~[ozone-manager-1.3.0-SNAPSHOT.jar:?]
	at org.apache.hadoop.ozone.protocolPB.OzoneManagerProtocolServerSideTranslatorPB.processRequest(OzoneManagerProtocolServerSideTranslatorPB.java:205) ~[ozone-manager-1.3.0-SNAPSHOT.jar:?]
	at org.apache.hadoop.hdds.server.OzoneProtocolMessageDispatcher.processRequest(OzoneProtocolMessageDispatcher.java:87) [hdds-server-framework-1.3.0-SNAPSHOT.jar:?]
	at org.apache.hadoop.ozone.protocolPB.OzoneManagerProtocolServerSideTranslatorPB.submitRequest(OzoneManagerProtocolServerSideTranslatorPB.java:147) [ozone-manager-1.3.0-SNAPSHOT.jar:?]
	at org.apache.hadoop.ozone.protocol.proto.OzoneManagerProtocolProtos$OzoneManagerService$2.callBlockingMethod(OzoneManagerProtocolProtos.java) [ozone-interface-client-1.3.0-SNAPSHOT.jar:?]
	at org.apache.hadoop.ipc.ProtobufRpcEngine$Server.processCall(ProtobufRpcEngine.java:466) [hadoop-common-3.3.1.jar:?]
	at org.apache.hadoop.ipc.ProtobufRpcEngine2$Server$ProtoBufRpcInvoker.call(ProtobufRpcEngine2.java:574) [hadoop-common-3.3.1.jar:?]
	at org.apache.hadoop.ipc.ProtobufRpcEngine2$Server$ProtoBufRpcInvoker.call(ProtobufRpcEngine2.java:552) [hadoop-common-3.3.1.jar:?]
	at org.apache.hadoop.ipc.RPC$Server.call(RPC.java:1093) [hadoop-common-3.3.1.jar:?]
	at org.apache.hadoop.ipc.Server$RpcCall.run(Server.java:1035) [hadoop-common-3.3.1.jar:?]
	at org.apache.hadoop.ipc.Server$RpcCall.run(Server.java:963) [hadoop-common-3.3.1.jar:?]
	at java.security.AccessController.doPrivileged(Native Method) ~[?:1.8.0_332]
	at javax.security.auth.Subject.doAs(Subject.java:422) [?:1.8.0_332]
	at org.apache.hadoop.security.UserGroupInformation.doAs(UserGroupInformation.java:1878) [hadoop-common-3.3.1.jar:?]
	at org.apache.hadoop.ipc.Server$Handler.run(Server.java:2966) [hadoop-common-3.3.1.jar:?]
2022-07-12 21:06:33,705 [Time-limited test] WARN  ozone.BasicRootedOzoneFileSystem (BasicRootedOzoneFileSystem.java:delete(572)) - delete: Path does not exist: /volume23581/bucket86946/root_dir/dir1/dir2
]]></system-out>
  </testcase>
  <testcase name="testRenameToParentDir" classname="TestRootedOzoneFileSystem" time="0.256">
    <system-out><![CDATA[2022-07-12 21:07:55,107 [Time-limited test] INFO  rpc.RpcClient (RpcClient.java:createVolume(466)) - Creating Volume: volume86827, with user05020 as owner and space quota set to -1 bytes, counts quota set to -1
2022-07-12 21:07:55,109 [OM StateMachine ApplyTransaction Thread - 0] INFO  volume.OMVolumeCreateRequest (OMVolumeCreateRequest.java:validateAndUpdateCache(195)) - created volume:volume86827 for user:user05020
2022-07-12 21:07:55,110 [Time-limited test] INFO  rpc.RpcClient (RpcClient.java:createBucket(669)) - Creating Bucket: volume86827/bucket40396, with bucket layout LEGACY, runner as owner, Versioning false, Storage Type set to DISK and Encryption set to false 
2022-07-12 21:07:55,111 [OM StateMachine ApplyTransaction Thread - 0] INFO  bucket.OMBucketCreateRequest (OMBucketCreateRequest.java:validateAndUpdateCache(260)) - created bucket: bucket40396 of layout LEGACY in volume: volume86827
21:07:55.125 [IPC Server handler 10 on default port 33595] ERROR OMAudit - user=runner | ip=127.0.0.1 | op=LIST_STATUS {volume=volume86827, bucket=bucket40396, key=root_dir/dir2, dataSize=0, replicationConfig=null} | ret=FAILURE
org.apache.hadoop.ozone.om.exceptions.OMException: Unable to get file status: volume: volume86827 bucket: bucket40396 key: root_dir/dir2
	at org.apache.hadoop.ozone.om.KeyManagerImpl.getOzoneFileStatus(KeyManagerImpl.java:1311) ~[ozone-manager-1.3.0-SNAPSHOT.jar:?]
	at org.apache.hadoop.ozone.om.KeyManagerImpl.getFileStatus(KeyManagerImpl.java:1241) ~[ozone-manager-1.3.0-SNAPSHOT.jar:?]
	at org.apache.hadoop.ozone.om.KeyManagerImpl.listStatus(KeyManagerImpl.java:1565) ~[ozone-manager-1.3.0-SNAPSHOT.jar:?]
	at org.apache.hadoop.ozone.om.OzoneManager.listStatus(OzoneManager.java:3497) ~[ozone-manager-1.3.0-SNAPSHOT.jar:?]
	at org.apache.hadoop.ozone.protocolPB.OzoneManagerRequestHandler.listStatus(OzoneManagerRequestHandler.java:1028) ~[ozone-manager-1.3.0-SNAPSHOT.jar:?]
	at org.apache.hadoop.ozone.protocolPB.OzoneManagerRequestHandler.handleReadRequest(OzoneManagerRequestHandler.java:228) ~[ozone-manager-1.3.0-SNAPSHOT.jar:?]
	at org.apache.hadoop.ozone.protocolPB.OzoneManagerProtocolServerSideTranslatorPB.submitReadRequestToOM(OzoneManagerProtocolServerSideTranslatorPB.java:226) ~[ozone-manager-1.3.0-SNAPSHOT.jar:?]
	at org.apache.hadoop.ozone.protocolPB.OzoneManagerProtocolServerSideTranslatorPB.processRequest(OzoneManagerProtocolServerSideTranslatorPB.java:175) ~[ozone-manager-1.3.0-SNAPSHOT.jar:?]
	at org.apache.hadoop.hdds.server.OzoneProtocolMessageDispatcher.processRequest(OzoneProtocolMessageDispatcher.java:87) [hdds-server-framework-1.3.0-SNAPSHOT.jar:?]
	at org.apache.hadoop.ozone.protocolPB.OzoneManagerProtocolServerSideTranslatorPB.submitRequest(OzoneManagerProtocolServerSideTranslatorPB.java:147) [ozone-manager-1.3.0-SNAPSHOT.jar:?]
	at org.apache.hadoop.ozone.protocol.proto.OzoneManagerProtocolProtos$OzoneManagerService$2.callBlockingMethod(OzoneManagerProtocolProtos.java) [ozone-interface-client-1.3.0-SNAPSHOT.jar:?]
	at org.apache.hadoop.ipc.ProtobufRpcEngine$Server.processCall(ProtobufRpcEngine.java:466) [hadoop-common-3.3.1.jar:?]
	at org.apache.hadoop.ipc.ProtobufRpcEngine2$Server$ProtoBufRpcInvoker.call(ProtobufRpcEngine2.java:574) [hadoop-common-3.3.1.jar:?]
	at org.apache.hadoop.ipc.ProtobufRpcEngine2$Server$ProtoBufRpcInvoker.call(ProtobufRpcEngine2.java:552) [hadoop-common-3.3.1.jar:?]
	at org.apache.hadoop.ipc.RPC$Server.call(RPC.java:1093) [hadoop-common-3.3.1.jar:?]
	at org.apache.hadoop.ipc.Server$RpcCall.run(Server.java:1035) [hadoop-common-3.3.1.jar:?]
	at org.apache.hadoop.ipc.Server$RpcCall.run(Server.java:963) [hadoop-common-3.3.1.jar:?]
	at java.security.AccessController.doPrivileged(Native Method) ~[?:1.8.0_332]
	at javax.security.auth.Subject.doAs(Subject.java:422) [?:1.8.0_332]
	at org.apache.hadoop.security.UserGroupInformation.doAs(UserGroupInformation.java:1878) [hadoop-common-3.3.1.jar:?]
	at org.apache.hadoop.ipc.Server$Handler.run(Server.java:2966) [hadoop-common-3.3.1.jar:?]
21:07:55.136 [IPC Server handler 2 on default port 33595] ERROR OMAudit - user=runner | ip=127.0.0.1 | op=LIST_STATUS {volume=volume86827, bucket=bucket40396, key=root_dir/file2, dataSize=0, replicationConfig=null} | ret=FAILURE
org.apache.hadoop.ozone.om.exceptions.OMException: Unable to get file status: volume: volume86827 bucket: bucket40396 key: root_dir/file2
	at org.apache.hadoop.ozone.om.KeyManagerImpl.getOzoneFileStatus(KeyManagerImpl.java:1311) ~[ozone-manager-1.3.0-SNAPSHOT.jar:?]
	at org.apache.hadoop.ozone.om.KeyManagerImpl.getFileStatus(KeyManagerImpl.java:1241) ~[ozone-manager-1.3.0-SNAPSHOT.jar:?]
	at org.apache.hadoop.ozone.om.KeyManagerImpl.listStatus(KeyManagerImpl.java:1565) ~[ozone-manager-1.3.0-SNAPSHOT.jar:?]
	at org.apache.hadoop.ozone.om.OzoneManager.listStatus(OzoneManager.java:3497) ~[ozone-manager-1.3.0-SNAPSHOT.jar:?]
	at org.apache.hadoop.ozone.protocolPB.OzoneManagerRequestHandler.listStatus(OzoneManagerRequestHandler.java:1028) ~[ozone-manager-1.3.0-SNAPSHOT.jar:?]
	at org.apache.hadoop.ozone.protocolPB.OzoneManagerRequestHandler.handleReadRequest(OzoneManagerRequestHandler.java:228) ~[ozone-manager-1.3.0-SNAPSHOT.jar:?]
	at org.apache.hadoop.ozone.protocolPB.OzoneManagerProtocolServerSideTranslatorPB.submitReadRequestToOM(OzoneManagerProtocolServerSideTranslatorPB.java:226) ~[ozone-manager-1.3.0-SNAPSHOT.jar:?]
	at org.apache.hadoop.ozone.protocolPB.OzoneManagerProtocolServerSideTranslatorPB.processRequest(OzoneManagerProtocolServerSideTranslatorPB.java:175) ~[ozone-manager-1.3.0-SNAPSHOT.jar:?]
	at org.apache.hadoop.hdds.server.OzoneProtocolMessageDispatcher.processRequest(OzoneProtocolMessageDispatcher.java:87) [hdds-server-framework-1.3.0-SNAPSHOT.jar:?]
	at org.apache.hadoop.ozone.protocolPB.OzoneManagerProtocolServerSideTranslatorPB.submitRequest(OzoneManagerProtocolServerSideTranslatorPB.java:147) [ozone-manager-1.3.0-SNAPSHOT.jar:?]
	at org.apache.hadoop.ozone.protocol.proto.OzoneManagerProtocolProtos$OzoneManagerService$2.callBlockingMethod(OzoneManagerProtocolProtos.java) [ozone-interface-client-1.3.0-SNAPSHOT.jar:?]
	at org.apache.hadoop.ipc.ProtobufRpcEngine$Server.processCall(ProtobufRpcEngine.java:466) [hadoop-common-3.3.1.jar:?]
	at org.apache.hadoop.ipc.ProtobufRpcEngine2$Server$ProtoBufRpcInvoker.call(ProtobufRpcEngine2.java:574) [hadoop-common-3.3.1.jar:?]
	at org.apache.hadoop.ipc.ProtobufRpcEngine2$Server$ProtoBufRpcInvoker.call(ProtobufRpcEngine2.java:552) [hadoop-common-3.3.1.jar:?]
	at org.apache.hadoop.ipc.RPC$Server.call(RPC.java:1093) [hadoop-common-3.3.1.jar:?]
	at org.apache.hadoop.ipc.Server$RpcCall.run(Server.java:1035) [hadoop-common-3.3.1.jar:?]
	at org.apache.hadoop.ipc.Server$RpcCall.run(Server.java:963) [hadoop-common-3.3.1.jar:?]
	at java.security.AccessController.doPrivileged(Native Method) ~[?:1.8.0_332]
	at javax.security.auth.Subject.doAs(Subject.java:422) [?:1.8.0_332]
	at org.apache.hadoop.security.UserGroupInformation.doAs(UserGroupInformation.java:1878) [hadoop-common-3.3.1.jar:?]
	at org.apache.hadoop.ipc.Server$Handler.run(Server.java:2966) [hadoop-common-3.3.1.jar:?]
21:07:55.183 [IPC Server handler 16 on default port 33595] ERROR OMAudit - user=runner | ip=127.0.0.1 | op=GET_FILE_STATUS {volume=volume86827, bucket=bucket40396, key=root_dir/dir1/file2, dataSize=0, replicationConfig=null} | ret=FAILURE
org.apache.hadoop.ozone.om.exceptions.OMException: Unable to get file status: volume: volume86827 bucket: bucket40396 key: root_dir/dir1/file2
	at org.apache.hadoop.ozone.om.KeyManagerImpl.getOzoneFileStatus(KeyManagerImpl.java:1311) ~[ozone-manager-1.3.0-SNAPSHOT.jar:?]
	at org.apache.hadoop.ozone.om.KeyManagerImpl.getFileStatus(KeyManagerImpl.java:1241) ~[ozone-manager-1.3.0-SNAPSHOT.jar:?]
	at org.apache.hadoop.ozone.om.OzoneManager.getFileStatus(OzoneManager.java:3419) ~[ozone-manager-1.3.0-SNAPSHOT.jar:?]
	at org.apache.hadoop.ozone.protocolPB.OzoneManagerRequestHandler.getOzoneFileStatus(OzoneManagerRequestHandler.java:871) ~[ozone-manager-1.3.0-SNAPSHOT.jar:?]
	at org.apache.hadoop.ozone.protocolPB.OzoneManagerRequestHandler.handleReadRequest(OzoneManagerRequestHandler.java:217) ~[ozone-manager-1.3.0-SNAPSHOT.jar:?]
	at org.apache.hadoop.ozone.protocolPB.OzoneManagerProtocolServerSideTranslatorPB.submitReadRequestToOM(OzoneManagerProtocolServerSideTranslatorPB.java:226) ~[ozone-manager-1.3.0-SNAPSHOT.jar:?]
	at org.apache.hadoop.ozone.protocolPB.OzoneManagerProtocolServerSideTranslatorPB.processRequest(OzoneManagerProtocolServerSideTranslatorPB.java:175) ~[ozone-manager-1.3.0-SNAPSHOT.jar:?]
	at org.apache.hadoop.hdds.server.OzoneProtocolMessageDispatcher.processRequest(OzoneProtocolMessageDispatcher.java:87) [hdds-server-framework-1.3.0-SNAPSHOT.jar:?]
	at org.apache.hadoop.ozone.protocolPB.OzoneManagerProtocolServerSideTranslatorPB.submitRequest(OzoneManagerProtocolServerSideTranslatorPB.java:147) [ozone-manager-1.3.0-SNAPSHOT.jar:?]
	at org.apache.hadoop.ozone.protocol.proto.OzoneManagerProtocolProtos$OzoneManagerService$2.callBlockingMethod(OzoneManagerProtocolProtos.java) [ozone-interface-client-1.3.0-SNAPSHOT.jar:?]
	at org.apache.hadoop.ipc.ProtobufRpcEngine$Server.processCall(ProtobufRpcEngine.java:466) [hadoop-common-3.3.1.jar:?]
	at org.apache.hadoop.ipc.ProtobufRpcEngine2$Server$ProtoBufRpcInvoker.call(ProtobufRpcEngine2.java:574) [hadoop-common-3.3.1.jar:?]
	at org.apache.hadoop.ipc.ProtobufRpcEngine2$Server$ProtoBufRpcInvoker.call(ProtobufRpcEngine2.java:552) [hadoop-common-3.3.1.jar:?]
	at org.apache.hadoop.ipc.RPC$Server.call(RPC.java:1093) [hadoop-common-3.3.1.jar:?]
	at org.apache.hadoop.ipc.Server$RpcCall.run(Server.java:1035) [hadoop-common-3.3.1.jar:?]
	at org.apache.hadoop.ipc.Server$RpcCall.run(Server.java:963) [hadoop-common-3.3.1.jar:?]
	at java.security.AccessController.doPrivileged(Native Method) ~[?:1.8.0_332]
	at javax.security.auth.Subject.doAs(Subject.java:422) [?:1.8.0_332]
	at org.apache.hadoop.security.UserGroupInformation.doAs(UserGroupInformation.java:1878) [hadoop-common-3.3.1.jar:?]
	at org.apache.hadoop.ipc.Server$Handler.run(Server.java:2966) [hadoop-common-3.3.1.jar:?]
2022-07-12 21:07:55,184 [Time-limited test] WARN  ozone.BasicRootedOzoneFileSystem (BasicRootedOzoneFileSystem.java:delete(572)) - delete: Path does not exist: /volume86827/bucket40396/root_dir/dir1/file2
21:07:55.185 [IPC Server handler 5 on default port 33595] ERROR OMAudit - user=runner | ip=127.0.0.1 | op=GET_FILE_STATUS {volume=volume86827, bucket=bucket40396, key=root_dir/dir1/dir2, dataSize=0, replicationConfig=null} | ret=FAILURE
org.apache.hadoop.ozone.om.exceptions.OMException: Unable to get file status: volume: volume86827 bucket: bucket40396 key: root_dir/dir1/dir2
	at org.apache.hadoop.ozone.om.KeyManagerImpl.getOzoneFileStatus(KeyManagerImpl.java:1311) ~[ozone-manager-1.3.0-SNAPSHOT.jar:?]
	at org.apache.hadoop.ozone.om.KeyManagerImpl.getFileStatus(KeyManagerImpl.java:1241) ~[ozone-manager-1.3.0-SNAPSHOT.jar:?]
	at org.apache.hadoop.ozone.om.OzoneManager.getFileStatus(OzoneManager.java:3419) ~[ozone-manager-1.3.0-SNAPSHOT.jar:?]
	at org.apache.hadoop.ozone.protocolPB.OzoneManagerRequestHandler.getOzoneFileStatus(OzoneManagerRequestHandler.java:871) ~[ozone-manager-1.3.0-SNAPSHOT.jar:?]
	at org.apache.hadoop.ozone.protocolPB.OzoneManagerRequestHandler.handleReadRequest(OzoneManagerRequestHandler.java:217) ~[ozone-manager-1.3.0-SNAPSHOT.jar:?]
	at org.apache.hadoop.ozone.protocolPB.OzoneManagerProtocolServerSideTranslatorPB.submitReadRequestToOM(OzoneManagerProtocolServerSideTranslatorPB.java:226) ~[ozone-manager-1.3.0-SNAPSHOT.jar:?]
	at org.apache.hadoop.ozone.protocolPB.OzoneManagerProtocolServerSideTranslatorPB.processRequest(OzoneManagerProtocolServerSideTranslatorPB.java:175) ~[ozone-manager-1.3.0-SNAPSHOT.jar:?]
	at org.apache.hadoop.hdds.server.OzoneProtocolMessageDispatcher.processRequest(OzoneProtocolMessageDispatcher.java:87) [hdds-server-framework-1.3.0-SNAPSHOT.jar:?]
	at org.apache.hadoop.ozone.protocolPB.OzoneManagerProtocolServerSideTranslatorPB.submitRequest(OzoneManagerProtocolServerSideTranslatorPB.java:147) [ozone-manager-1.3.0-SNAPSHOT.jar:?]
	at org.apache.hadoop.ozone.protocol.proto.OzoneManagerProtocolProtos$OzoneManagerService$2.callBlockingMethod(OzoneManagerProtocolProtos.java) [ozone-interface-client-1.3.0-SNAPSHOT.jar:?]
	at org.apache.hadoop.ipc.ProtobufRpcEngine$Server.processCall(ProtobufRpcEngine.java:466) [hadoop-common-3.3.1.jar:?]
	at org.apache.hadoop.ipc.ProtobufRpcEngine2$Server$ProtoBufRpcInvoker.call(ProtobufRpcEngine2.java:574) [hadoop-common-3.3.1.jar:?]
	at org.apache.hadoop.ipc.ProtobufRpcEngine2$Server$ProtoBufRpcInvoker.call(ProtobufRpcEngine2.java:552) [hadoop-common-3.3.1.jar:?]
	at org.apache.hadoop.ipc.RPC$Server.call(RPC.java:1093) [hadoop-common-3.3.1.jar:?]
	at org.apache.hadoop.ipc.Server$RpcCall.run(Server.java:1035) [hadoop-common-3.3.1.jar:?]
	at org.apache.hadoop.ipc.Server$RpcCall.run(Server.java:963) [hadoop-common-3.3.1.jar:?]
	at java.security.AccessController.doPrivileged(Native Method) ~[?:1.8.0_332]
	at javax.security.auth.Subject.doAs(Subject.java:422) [?:1.8.0_332]
	at org.apache.hadoop.security.UserGroupInformation.doAs(UserGroupInformation.java:1878) [hadoop-common-3.3.1.jar:?]
	at org.apache.hadoop.ipc.Server$Handler.run(Server.java:2966) [hadoop-common-3.3.1.jar:?]
2022-07-12 21:07:55,187 [Time-limited test] WARN  ozone.BasicRootedOzoneFileSystem (BasicRootedOzoneFileSystem.java:delete(572)) - delete: Path does not exist: /volume86827/bucket40396/root_dir/dir1/dir2
]]></system-out>
  </testcase>
  <testcase name="testRenameToParentDir" classname="TestRootedOzoneFileSystem" time="0.281">
    <system-out><![CDATA[2022-07-12 21:09:37,669 [Time-limited test] INFO  rpc.RpcClient (RpcClient.java:createVolume(466)) - Creating Volume: volume03613, with user53775 as owner and space quota set to -1 bytes, counts quota set to -1
2022-07-12 21:09:37,670 [IPC Server handler 4 on default port 32899] INFO  volume.OMVolumeCreateRequest (OMVolumeCreateRequest.java:validateAndUpdateCache(195)) - created volume:volume03613 for user:user53775
2022-07-12 21:09:37,676 [Time-limited test] INFO  rpc.RpcClient (RpcClient.java:createBucket(669)) - Creating Bucket: volume03613/bucket35341, with bucket layout LEGACY, runner as owner, Versioning false, Storage Type set to DISK and Encryption set to false 
2022-07-12 21:09:37,676 [IPC Server handler 13 on default port 32899] INFO  bucket.OMBucketCreateRequest (OMBucketCreateRequest.java:validateAndUpdateCache(260)) - created bucket: bucket35341 of layout LEGACY in volume: volume03613
21:09:37.696 [IPC Server handler 3 on default port 32899] ERROR OMAudit - user=runner | ip=127.0.0.1 | op=LIST_STATUS {volume=volume03613, bucket=bucket35341, key=root_dir/dir2, dataSize=0, replicationConfig=null} | ret=FAILURE
org.apache.hadoop.ozone.om.exceptions.OMException: Unable to get file status: volume: volume03613 bucket: bucket35341 key: root_dir/dir2
	at org.apache.hadoop.ozone.om.KeyManagerImpl.getOzoneFileStatus(KeyManagerImpl.java:1311) ~[ozone-manager-1.3.0-SNAPSHOT.jar:?]
	at org.apache.hadoop.ozone.om.KeyManagerImpl.getFileStatus(KeyManagerImpl.java:1241) ~[ozone-manager-1.3.0-SNAPSHOT.jar:?]
	at org.apache.hadoop.ozone.om.KeyManagerImpl.listStatus(KeyManagerImpl.java:1565) ~[ozone-manager-1.3.0-SNAPSHOT.jar:?]
	at org.apache.hadoop.ozone.om.OzoneManager.listStatus(OzoneManager.java:3497) ~[ozone-manager-1.3.0-SNAPSHOT.jar:?]
	at org.apache.hadoop.ozone.protocolPB.OzoneManagerRequestHandler.listStatus(OzoneManagerRequestHandler.java:1028) ~[ozone-manager-1.3.0-SNAPSHOT.jar:?]
	at org.apache.hadoop.ozone.protocolPB.OzoneManagerRequestHandler.handleReadRequest(OzoneManagerRequestHandler.java:228) ~[ozone-manager-1.3.0-SNAPSHOT.jar:?]
	at org.apache.hadoop.ozone.protocolPB.OzoneManagerProtocolServerSideTranslatorPB.submitRequestDirectlyToOM(OzoneManagerProtocolServerSideTranslatorPB.java:276) ~[ozone-manager-1.3.0-SNAPSHOT.jar:?]
	at org.apache.hadoop.ozone.protocolPB.OzoneManagerProtocolServerSideTranslatorPB.processRequest(OzoneManagerProtocolServerSideTranslatorPB.java:205) ~[ozone-manager-1.3.0-SNAPSHOT.jar:?]
	at org.apache.hadoop.hdds.server.OzoneProtocolMessageDispatcher.processRequest(OzoneProtocolMessageDispatcher.java:87) [hdds-server-framework-1.3.0-SNAPSHOT.jar:?]
	at org.apache.hadoop.ozone.protocolPB.OzoneManagerProtocolServerSideTranslatorPB.submitRequest(OzoneManagerProtocolServerSideTranslatorPB.java:147) [ozone-manager-1.3.0-SNAPSHOT.jar:?]
	at org.apache.hadoop.ozone.protocol.proto.OzoneManagerProtocolProtos$OzoneManagerService$2.callBlockingMethod(OzoneManagerProtocolProtos.java) [ozone-interface-client-1.3.0-SNAPSHOT.jar:?]
	at org.apache.hadoop.ipc.ProtobufRpcEngine$Server.processCall(ProtobufRpcEngine.java:466) [hadoop-common-3.3.1.jar:?]
	at org.apache.hadoop.ipc.ProtobufRpcEngine2$Server$ProtoBufRpcInvoker.call(ProtobufRpcEngine2.java:574) [hadoop-common-3.3.1.jar:?]
	at org.apache.hadoop.ipc.ProtobufRpcEngine2$Server$ProtoBufRpcInvoker.call(ProtobufRpcEngine2.java:552) [hadoop-common-3.3.1.jar:?]
	at org.apache.hadoop.ipc.RPC$Server.call(RPC.java:1093) [hadoop-common-3.3.1.jar:?]
	at org.apache.hadoop.ipc.Server$RpcCall.run(Server.java:1035) [hadoop-common-3.3.1.jar:?]
	at org.apache.hadoop.ipc.Server$RpcCall.run(Server.java:963) [hadoop-common-3.3.1.jar:?]
	at java.security.AccessController.doPrivileged(Native Method) ~[?:1.8.0_332]
	at javax.security.auth.Subject.doAs(Subject.java:422) [?:1.8.0_332]
	at org.apache.hadoop.security.UserGroupInformation.doAs(UserGroupInformation.java:1878) [hadoop-common-3.3.1.jar:?]
	at org.apache.hadoop.ipc.Server$Handler.run(Server.java:2966) [hadoop-common-3.3.1.jar:?]
21:09:37.710 [IPC Server handler 14 on default port 32899] ERROR OMAudit - user=runner | ip=127.0.0.1 | op=LIST_STATUS {volume=volume03613, bucket=bucket35341, key=root_dir/file2, dataSize=0, replicationConfig=null} | ret=FAILURE
org.apache.hadoop.ozone.om.exceptions.OMException: Unable to get file status: volume: volume03613 bucket: bucket35341 key: root_dir/file2
	at org.apache.hadoop.ozone.om.KeyManagerImpl.getOzoneFileStatus(KeyManagerImpl.java:1311) ~[ozone-manager-1.3.0-SNAPSHOT.jar:?]
	at org.apache.hadoop.ozone.om.KeyManagerImpl.getFileStatus(KeyManagerImpl.java:1241) ~[ozone-manager-1.3.0-SNAPSHOT.jar:?]
	at org.apache.hadoop.ozone.om.KeyManagerImpl.listStatus(KeyManagerImpl.java:1565) ~[ozone-manager-1.3.0-SNAPSHOT.jar:?]
	at org.apache.hadoop.ozone.om.OzoneManager.listStatus(OzoneManager.java:3497) ~[ozone-manager-1.3.0-SNAPSHOT.jar:?]
	at org.apache.hadoop.ozone.protocolPB.OzoneManagerRequestHandler.listStatus(OzoneManagerRequestHandler.java:1028) ~[ozone-manager-1.3.0-SNAPSHOT.jar:?]
	at org.apache.hadoop.ozone.protocolPB.OzoneManagerRequestHandler.handleReadRequest(OzoneManagerRequestHandler.java:228) ~[ozone-manager-1.3.0-SNAPSHOT.jar:?]
	at org.apache.hadoop.ozone.protocolPB.OzoneManagerProtocolServerSideTranslatorPB.submitRequestDirectlyToOM(OzoneManagerProtocolServerSideTranslatorPB.java:276) ~[ozone-manager-1.3.0-SNAPSHOT.jar:?]
	at org.apache.hadoop.ozone.protocolPB.OzoneManagerProtocolServerSideTranslatorPB.processRequest(OzoneManagerProtocolServerSideTranslatorPB.java:205) ~[ozone-manager-1.3.0-SNAPSHOT.jar:?]
	at org.apache.hadoop.hdds.server.OzoneProtocolMessageDispatcher.processRequest(OzoneProtocolMessageDispatcher.java:87) [hdds-server-framework-1.3.0-SNAPSHOT.jar:?]
	at org.apache.hadoop.ozone.protocolPB.OzoneManagerProtocolServerSideTranslatorPB.submitRequest(OzoneManagerProtocolServerSideTranslatorPB.java:147) [ozone-manager-1.3.0-SNAPSHOT.jar:?]
	at org.apache.hadoop.ozone.protocol.proto.OzoneManagerProtocolProtos$OzoneManagerService$2.callBlockingMethod(OzoneManagerProtocolProtos.java) [ozone-interface-client-1.3.0-SNAPSHOT.jar:?]
	at org.apache.hadoop.ipc.ProtobufRpcEngine$Server.processCall(ProtobufRpcEngine.java:466) [hadoop-common-3.3.1.jar:?]
	at org.apache.hadoop.ipc.ProtobufRpcEngine2$Server$ProtoBufRpcInvoker.call(ProtobufRpcEngine2.java:574) [hadoop-common-3.3.1.jar:?]
	at org.apache.hadoop.ipc.ProtobufRpcEngine2$Server$ProtoBufRpcInvoker.call(ProtobufRpcEngine2.java:552) [hadoop-common-3.3.1.jar:?]
	at org.apache.hadoop.ipc.RPC$Server.call(RPC.java:1093) [hadoop-common-3.3.1.jar:?]
	at org.apache.hadoop.ipc.Server$RpcCall.run(Server.java:1035) [hadoop-common-3.3.1.jar:?]
	at org.apache.hadoop.ipc.Server$RpcCall.run(Server.java:963) [hadoop-common-3.3.1.jar:?]
	at java.security.AccessController.doPrivileged(Native Method) ~[?:1.8.0_332]
	at javax.security.auth.Subject.doAs(Subject.java:422) [?:1.8.0_332]
	at org.apache.hadoop.security.UserGroupInformation.doAs(UserGroupInformation.java:1878) [hadoop-common-3.3.1.jar:?]
	at org.apache.hadoop.ipc.Server$Handler.run(Server.java:2966) [hadoop-common-3.3.1.jar:?]
21:09:37.715 [IPC Server handler 6 on default port 32899] ERROR OMAudit - user=runner | ip=127.0.0.1 | op=GET_FILE_STATUS {volume=volume03613, bucket=bucket35341, key=root_dir/dir1/file2, dataSize=0, replicationConfig=null} | ret=FAILURE
org.apache.hadoop.ozone.om.exceptions.OMException: Unable to get file status: volume: volume03613 bucket: bucket35341 key: root_dir/dir1/file2
	at org.apache.hadoop.ozone.om.KeyManagerImpl.getOzoneFileStatus(KeyManagerImpl.java:1311) ~[ozone-manager-1.3.0-SNAPSHOT.jar:?]
	at org.apache.hadoop.ozone.om.KeyManagerImpl.getFileStatus(KeyManagerImpl.java:1241) ~[ozone-manager-1.3.0-SNAPSHOT.jar:?]
	at org.apache.hadoop.ozone.om.OzoneManager.getFileStatus(OzoneManager.java:3419) ~[ozone-manager-1.3.0-SNAPSHOT.jar:?]
	at org.apache.hadoop.ozone.protocolPB.OzoneManagerRequestHandler.getOzoneFileStatus(OzoneManagerRequestHandler.java:871) ~[ozone-manager-1.3.0-SNAPSHOT.jar:?]
	at org.apache.hadoop.ozone.protocolPB.OzoneManagerRequestHandler.handleReadRequest(OzoneManagerRequestHandler.java:217) ~[ozone-manager-1.3.0-SNAPSHOT.jar:?]
	at org.apache.hadoop.ozone.protocolPB.OzoneManagerProtocolServerSideTranslatorPB.submitRequestDirectlyToOM(OzoneManagerProtocolServerSideTranslatorPB.java:276) ~[ozone-manager-1.3.0-SNAPSHOT.jar:?]
	at org.apache.hadoop.ozone.protocolPB.OzoneManagerProtocolServerSideTranslatorPB.processRequest(OzoneManagerProtocolServerSideTranslatorPB.java:205) ~[ozone-manager-1.3.0-SNAPSHOT.jar:?]
	at org.apache.hadoop.hdds.server.OzoneProtocolMessageDispatcher.processRequest(OzoneProtocolMessageDispatcher.java:87) [hdds-server-framework-1.3.0-SNAPSHOT.jar:?]
	at org.apache.hadoop.ozone.protocolPB.OzoneManagerProtocolServerSideTranslatorPB.submitRequest(OzoneManagerProtocolServerSideTranslatorPB.java:147) [ozone-manager-1.3.0-SNAPSHOT.jar:?]
	at org.apache.hadoop.ozone.protocol.proto.OzoneManagerProtocolProtos$OzoneManagerService$2.callBlockingMethod(OzoneManagerProtocolProtos.java) [ozone-interface-client-1.3.0-SNAPSHOT.jar:?]
	at org.apache.hadoop.ipc.ProtobufRpcEngine$Server.processCall(ProtobufRpcEngine.java:466) [hadoop-common-3.3.1.jar:?]
	at org.apache.hadoop.ipc.ProtobufRpcEngine2$Server$ProtoBufRpcInvoker.call(ProtobufRpcEngine2.java:574) [hadoop-common-3.3.1.jar:?]
	at org.apache.hadoop.ipc.ProtobufRpcEngine2$Server$ProtoBufRpcInvoker.call(ProtobufRpcEngine2.java:552) [hadoop-common-3.3.1.jar:?]
	at org.apache.hadoop.ipc.RPC$Server.call(RPC.java:1093) [hadoop-common-3.3.1.jar:?]
	at org.apache.hadoop.ipc.Server$RpcCall.run(Server.java:1035) [hadoop-common-3.3.1.jar:?]
	at org.apache.hadoop.ipc.Server$RpcCall.run(Server.java:963) [hadoop-common-3.3.1.jar:?]
	at java.security.AccessController.doPrivileged(Native Method) ~[?:1.8.0_332]
	at javax.security.auth.Subject.doAs(Subject.java:422) [?:1.8.0_332]
	at org.apache.hadoop.security.UserGroupInformation.doAs(UserGroupInformation.java:1878) [hadoop-common-3.3.1.jar:?]
	at org.apache.hadoop.ipc.Server$Handler.run(Server.java:2966) [hadoop-common-3.3.1.jar:?]
2022-07-12 21:09:37,716 [Time-limited test] WARN  ozone.BasicRootedOzoneFileSystem (BasicRootedOzoneFileSystem.java:delete(572)) - delete: Path does not exist: /volume03613/bucket35341/root_dir/dir1/file2
21:09:37.717 [IPC Server handler 0 on default port 32899] ERROR OMAudit - user=runner | ip=127.0.0.1 | op=GET_FILE_STATUS {volume=volume03613, bucket=bucket35341, key=root_dir/dir1/dir2, dataSize=0, replicationConfig=null} | ret=FAILURE
org.apache.hadoop.ozone.om.exceptions.OMException: Unable to get file status: volume: volume03613 bucket: bucket35341 key: root_dir/dir1/dir2
	at org.apache.hadoop.ozone.om.KeyManagerImpl.getOzoneFileStatus(KeyManagerImpl.java:1311) ~[ozone-manager-1.3.0-SNAPSHOT.jar:?]
	at org.apache.hadoop.ozone.om.KeyManagerImpl.getFileStatus(KeyManagerImpl.java:1241) ~[ozone-manager-1.3.0-SNAPSHOT.jar:?]
	at org.apache.hadoop.ozone.om.OzoneManager.getFileStatus(OzoneManager.java:3419) ~[ozone-manager-1.3.0-SNAPSHOT.jar:?]
	at org.apache.hadoop.ozone.protocolPB.OzoneManagerRequestHandler.getOzoneFileStatus(OzoneManagerRequestHandler.java:871) ~[ozone-manager-1.3.0-SNAPSHOT.jar:?]
	at org.apache.hadoop.ozone.protocolPB.OzoneManagerRequestHandler.handleReadRequest(OzoneManagerRequestHandler.java:217) ~[ozone-manager-1.3.0-SNAPSHOT.jar:?]
	at org.apache.hadoop.ozone.protocolPB.OzoneManagerProtocolServerSideTranslatorPB.submitRequestDirectlyToOM(OzoneManagerProtocolServerSideTranslatorPB.java:276) ~[ozone-manager-1.3.0-SNAPSHOT.jar:?]
	at org.apache.hadoop.ozone.protocolPB.OzoneManagerProtocolServerSideTranslatorPB.processRequest(OzoneManagerProtocolServerSideTranslatorPB.java:205) ~[ozone-manager-1.3.0-SNAPSHOT.jar:?]
	at org.apache.hadoop.hdds.server.OzoneProtocolMessageDispatcher.processRequest(OzoneProtocolMessageDispatcher.java:87) [hdds-server-framework-1.3.0-SNAPSHOT.jar:?]
	at org.apache.hadoop.ozone.protocolPB.OzoneManagerProtocolServerSideTranslatorPB.submitRequest(OzoneManagerProtocolServerSideTranslatorPB.java:147) [ozone-manager-1.3.0-SNAPSHOT.jar:?]
	at org.apache.hadoop.ozone.protocol.proto.OzoneManagerProtocolProtos$OzoneManagerService$2.callBlockingMethod(OzoneManagerProtocolProtos.java) [ozone-interface-client-1.3.0-SNAPSHOT.jar:?]
	at org.apache.hadoop.ipc.ProtobufRpcEngine$Server.processCall(ProtobufRpcEngine.java:466) [hadoop-common-3.3.1.jar:?]
	at org.apache.hadoop.ipc.ProtobufRpcEngine2$Server$ProtoBufRpcInvoker.call(ProtobufRpcEngine2.java:574) [hadoop-common-3.3.1.jar:?]
	at org.apache.hadoop.ipc.ProtobufRpcEngine2$Server$ProtoBufRpcInvoker.call(ProtobufRpcEngine2.java:552) [hadoop-common-3.3.1.jar:?]
	at org.apache.hadoop.ipc.RPC$Server.call(RPC.java:1093) [hadoop-common-3.3.1.jar:?]
	at org.apache.hadoop.ipc.Server$RpcCall.run(Server.java:1035) [hadoop-common-3.3.1.jar:?]
	at org.apache.hadoop.ipc.Server$RpcCall.run(Server.java:963) [hadoop-common-3.3.1.jar:?]
	at java.security.AccessController.doPrivileged(Native Method) ~[?:1.8.0_332]
	at javax.security.auth.Subject.doAs(Subject.java:422) [?:1.8.0_332]
	at org.apache.hadoop.security.UserGroupInformation.doAs(UserGroupInformation.java:1878) [hadoop-common-3.3.1.jar:?]
	at org.apache.hadoop.ipc.Server$Handler.run(Server.java:2966) [hadoop-common-3.3.1.jar:?]
2022-07-12 21:09:37,717 [Time-limited test] WARN  ozone.BasicRootedOzoneFileSystem (BasicRootedOzoneFileSystem.java:delete(572)) - delete: Path does not exist: /volume03613/bucket35341/root_dir/dir1/dir2
]]></system-out>
  </testcase>
  <testcase name="testMkdirNonExistentVolumeBucket" classname="TestRootedOzoneFileSystem" time="0.08">
    <system-out><![CDATA[2022-07-12 21:04:07,885 [Time-limited test] INFO  rpc.RpcClient (RpcClient.java:createVolume(466)) - Creating Volume: volume34127, with user27203 as owner and space quota set to -1 bytes, counts quota set to -1
2022-07-12 21:04:07,892 [OM StateMachine ApplyTransaction Thread - 0] INFO  volume.OMVolumeCreateRequest (OMVolumeCreateRequest.java:validateAndUpdateCache(195)) - created volume:volume34127 for user:user27203
2022-07-12 21:04:07,895 [Time-limited test] INFO  rpc.RpcClient (RpcClient.java:createBucket(669)) - Creating Bucket: volume34127/bucket70577, with bucket layout LEGACY, runner as owner, Versioning false, Storage Type set to DISK and Encryption set to false 
2022-07-12 21:04:07,898 [OM StateMachine ApplyTransaction Thread - 0] INFO  bucket.OMBucketCreateRequest (OMBucketCreateRequest.java:validateAndUpdateCache(260)) - created bucket: bucket70577 of layout LEGACY in volume: volume34127
2022-07-12 21:04:07,901 [Time-limited test] INFO  rpc.RpcClient (RpcClient.java:createVolume(466)) - Creating Volume: volume-54291, with runner as owner and space quota set to -1 bytes, counts quota set to -1
2022-07-12 21:04:07,903 [OM StateMachine ApplyTransaction Thread - 0] INFO  volume.OMVolumeCreateRequest (OMVolumeCreateRequest.java:validateAndUpdateCache(195)) - created volume:volume-54291 for user:runner
2022-07-12 21:04:07,905 [Time-limited test] INFO  rpc.RpcClient (RpcClient.java:createBucket(669)) - Creating Bucket: volume-54291/bucket-42252, with bucket layout LEGACY, runner as owner, Versioning false, Storage Type set to DISK and Encryption set to false 
2022-07-12 21:04:07,907 [OM StateMachine ApplyTransaction Thread - 0] INFO  bucket.OMBucketCreateRequest (OMBucketCreateRequest.java:validateAndUpdateCache(260)) - created bucket: bucket-42252 of layout LEGACY in volume: volume-54291
]]></system-out>
  </testcase>
  <testcase name="testMkdirNonExistentVolumeBucket" classname="TestRootedOzoneFileSystem" time="0.209">
    <system-out><![CDATA[2022-07-12 21:05:20,165 [Time-limited test] INFO  rpc.RpcClient (RpcClient.java:createVolume(466)) - Creating Volume: volume55195, with user58246 as owner and space quota set to -1 bytes, counts quota set to -1
2022-07-12 21:05:20,167 [OM StateMachine ApplyTransaction Thread - 0] INFO  volume.OMVolumeCreateRequest (OMVolumeCreateRequest.java:validateAndUpdateCache(195)) - created volume:volume55195 for user:user58246
2022-07-12 21:05:20,169 [Time-limited test] INFO  rpc.RpcClient (RpcClient.java:createBucket(669)) - Creating Bucket: volume55195/bucket22966, with bucket layout LEGACY, runner as owner, Versioning false, Storage Type set to DISK and Encryption set to false 
2022-07-12 21:05:20,172 [OM StateMachine ApplyTransaction Thread - 0] INFO  bucket.OMBucketCreateRequest (OMBucketCreateRequest.java:validateAndUpdateCache(260)) - created bucket: bucket22966 of layout LEGACY in volume: volume55195
21:05:20.174 [IPC Server handler 18 on default port 38457] ERROR OMAudit - user=runner | ip=127.0.0.1 | op=READ_BUCKET {volume=volume-99898, bucket=bucket-91816} | ret=FAILURE
org.apache.hadoop.ozone.om.exceptions.OMException: Volume not found when getting bucket info
	at org.apache.hadoop.ozone.om.BucketManagerImpl.getBucketInfo(BucketManagerImpl.java:127) ~[ozone-manager-1.3.0-SNAPSHOT.jar:?]
	at org.apache.hadoop.ozone.om.OzoneManager.getBucketInfo(OzoneManager.java:2778) ~[ozone-manager-1.3.0-SNAPSHOT.jar:?]
	at org.apache.hadoop.ozone.protocolPB.OzoneManagerRequestHandler.infoBucket(OzoneManagerRequestHandler.java:464) ~[ozone-manager-1.3.0-SNAPSHOT.jar:?]
	at org.apache.hadoop.ozone.protocolPB.OzoneManagerRequestHandler.handleReadRequest(OzoneManagerRequestHandler.java:172) ~[ozone-manager-1.3.0-SNAPSHOT.jar:?]
	at org.apache.hadoop.ozone.protocolPB.OzoneManagerProtocolServerSideTranslatorPB.submitReadRequestToOM(OzoneManagerProtocolServerSideTranslatorPB.java:226) ~[ozone-manager-1.3.0-SNAPSHOT.jar:?]
	at org.apache.hadoop.ozone.protocolPB.OzoneManagerProtocolServerSideTranslatorPB.processRequest(OzoneManagerProtocolServerSideTranslatorPB.java:175) ~[ozone-manager-1.3.0-SNAPSHOT.jar:?]
	at org.apache.hadoop.hdds.server.OzoneProtocolMessageDispatcher.processRequest(OzoneProtocolMessageDispatcher.java:87) [hdds-server-framework-1.3.0-SNAPSHOT.jar:?]
	at org.apache.hadoop.ozone.protocolPB.OzoneManagerProtocolServerSideTranslatorPB.submitRequest(OzoneManagerProtocolServerSideTranslatorPB.java:147) [ozone-manager-1.3.0-SNAPSHOT.jar:?]
	at org.apache.hadoop.ozone.protocol.proto.OzoneManagerProtocolProtos$OzoneManagerService$2.callBlockingMethod(OzoneManagerProtocolProtos.java) [ozone-interface-client-1.3.0-SNAPSHOT.jar:?]
	at org.apache.hadoop.ipc.ProtobufRpcEngine$Server.processCall(ProtobufRpcEngine.java:466) [hadoop-common-3.3.1.jar:?]
	at org.apache.hadoop.ipc.ProtobufRpcEngine2$Server$ProtoBufRpcInvoker.call(ProtobufRpcEngine2.java:574) [hadoop-common-3.3.1.jar:?]
	at org.apache.hadoop.ipc.ProtobufRpcEngine2$Server$ProtoBufRpcInvoker.call(ProtobufRpcEngine2.java:552) [hadoop-common-3.3.1.jar:?]
	at org.apache.hadoop.ipc.RPC$Server.call(RPC.java:1093) [hadoop-common-3.3.1.jar:?]
	at org.apache.hadoop.ipc.Server$RpcCall.run(Server.java:1035) [hadoop-common-3.3.1.jar:?]
	at org.apache.hadoop.ipc.Server$RpcCall.run(Server.java:963) [hadoop-common-3.3.1.jar:?]
	at java.security.AccessController.doPrivileged(Native Method) ~[?:1.8.0_332]
	at javax.security.auth.Subject.doAs(Subject.java:422) [?:1.8.0_332]
	at org.apache.hadoop.security.UserGroupInformation.doAs(UserGroupInformation.java:1878) [hadoop-common-3.3.1.jar:?]
	at org.apache.hadoop.ipc.Server$Handler.run(Server.java:2966) [hadoop-common-3.3.1.jar:?]
2022-07-12 21:05:20,174 [Time-limited test] INFO  rpc.RpcClient (RpcClient.java:createVolume(466)) - Creating Volume: volume-99898, with runner as owner and space quota set to -1 bytes, counts quota set to -1
2022-07-12 21:05:20,176 [OM StateMachine ApplyTransaction Thread - 0] INFO  volume.OMVolumeCreateRequest (OMVolumeCreateRequest.java:validateAndUpdateCache(195)) - created volume:volume-99898 for user:runner
2022-07-12 21:05:20,176 [Time-limited test] INFO  rpc.RpcClient (RpcClient.java:createBucket(669)) - Creating Bucket: volume-99898/bucket-91816, with bucket layout LEGACY, runner as owner, Versioning false, Storage Type set to DISK and Encryption set to false 
2022-07-12 21:05:20,178 [OM StateMachine ApplyTransaction Thread - 0] INFO  bucket.OMBucketCreateRequest (OMBucketCreateRequest.java:validateAndUpdateCache(260)) - created bucket: bucket-91816 of layout LEGACY in volume: volume-99898
]]></system-out>
  </testcase>
  <testcase name="testMkdirNonExistentVolumeBucket" classname="TestRootedOzoneFileSystem" time="0.174">
    <system-out><![CDATA[2022-07-12 21:06:33,882 [Time-limited test] INFO  rpc.RpcClient (RpcClient.java:createVolume(466)) - Creating Volume: volume99316, with user31137 as owner and space quota set to -1 bytes, counts quota set to -1
2022-07-12 21:06:33,883 [IPC Server handler 17 on default port 37581] INFO  volume.OMVolumeCreateRequest (OMVolumeCreateRequest.java:validateAndUpdateCache(195)) - created volume:volume99316 for user:user31137
2022-07-12 21:06:33,884 [Time-limited test] INFO  rpc.RpcClient (RpcClient.java:createBucket(669)) - Creating Bucket: volume99316/bucket84433, with bucket layout LEGACY, runner as owner, Versioning false, Storage Type set to DISK and Encryption set to false 
2022-07-12 21:06:33,884 [IPC Server handler 14 on default port 37581] INFO  bucket.OMBucketCreateRequest (OMBucketCreateRequest.java:validateAndUpdateCache(260)) - created bucket: bucket84433 of layout LEGACY in volume: volume99316
21:06:33.887 [IPC Server handler 1 on default port 37581] ERROR OMAudit - user=runner | ip=127.0.0.1 | op=READ_BUCKET {volume=volume-15594, bucket=bucket-05925} | ret=FAILURE
org.apache.hadoop.ozone.om.exceptions.OMException: Volume not found when getting bucket info
	at org.apache.hadoop.ozone.om.BucketManagerImpl.getBucketInfo(BucketManagerImpl.java:127) ~[ozone-manager-1.3.0-SNAPSHOT.jar:?]
	at org.apache.hadoop.ozone.om.OzoneManager.getBucketInfo(OzoneManager.java:2778) ~[ozone-manager-1.3.0-SNAPSHOT.jar:?]
	at org.apache.hadoop.ozone.protocolPB.OzoneManagerRequestHandler.infoBucket(OzoneManagerRequestHandler.java:464) ~[ozone-manager-1.3.0-SNAPSHOT.jar:?]
	at org.apache.hadoop.ozone.protocolPB.OzoneManagerRequestHandler.handleReadRequest(OzoneManagerRequestHandler.java:172) ~[ozone-manager-1.3.0-SNAPSHOT.jar:?]
	at org.apache.hadoop.ozone.protocolPB.OzoneManagerProtocolServerSideTranslatorPB.submitRequestDirectlyToOM(OzoneManagerProtocolServerSideTranslatorPB.java:276) ~[ozone-manager-1.3.0-SNAPSHOT.jar:?]
	at org.apache.hadoop.ozone.protocolPB.OzoneManagerProtocolServerSideTranslatorPB.processRequest(OzoneManagerProtocolServerSideTranslatorPB.java:205) ~[ozone-manager-1.3.0-SNAPSHOT.jar:?]
	at org.apache.hadoop.hdds.server.OzoneProtocolMessageDispatcher.processRequest(OzoneProtocolMessageDispatcher.java:87) [hdds-server-framework-1.3.0-SNAPSHOT.jar:?]
	at org.apache.hadoop.ozone.protocolPB.OzoneManagerProtocolServerSideTranslatorPB.submitRequest(OzoneManagerProtocolServerSideTranslatorPB.java:147) [ozone-manager-1.3.0-SNAPSHOT.jar:?]
	at org.apache.hadoop.ozone.protocol.proto.OzoneManagerProtocolProtos$OzoneManagerService$2.callBlockingMethod(OzoneManagerProtocolProtos.java) [ozone-interface-client-1.3.0-SNAPSHOT.jar:?]
	at org.apache.hadoop.ipc.ProtobufRpcEngine$Server.processCall(ProtobufRpcEngine.java:466) [hadoop-common-3.3.1.jar:?]
	at org.apache.hadoop.ipc.ProtobufRpcEngine2$Server$ProtoBufRpcInvoker.call(ProtobufRpcEngine2.java:574) [hadoop-common-3.3.1.jar:?]
	at org.apache.hadoop.ipc.ProtobufRpcEngine2$Server$ProtoBufRpcInvoker.call(ProtobufRpcEngine2.java:552) [hadoop-common-3.3.1.jar:?]
	at org.apache.hadoop.ipc.RPC$Server.call(RPC.java:1093) [hadoop-common-3.3.1.jar:?]
	at org.apache.hadoop.ipc.Server$RpcCall.run(Server.java:1035) [hadoop-common-3.3.1.jar:?]
	at org.apache.hadoop.ipc.Server$RpcCall.run(Server.java:963) [hadoop-common-3.3.1.jar:?]
	at java.security.AccessController.doPrivileged(Native Method) ~[?:1.8.0_332]
	at javax.security.auth.Subject.doAs(Subject.java:422) [?:1.8.0_332]
	at org.apache.hadoop.security.UserGroupInformation.doAs(UserGroupInformation.java:1878) [hadoop-common-3.3.1.jar:?]
	at org.apache.hadoop.ipc.Server$Handler.run(Server.java:2966) [hadoop-common-3.3.1.jar:?]
2022-07-12 21:06:33,887 [Time-limited test] INFO  rpc.RpcClient (RpcClient.java:createVolume(466)) - Creating Volume: volume-15594, with runner as owner and space quota set to -1 bytes, counts quota set to -1
2022-07-12 21:06:33,888 [IPC Server handler 3 on default port 37581] INFO  volume.OMVolumeCreateRequest (OMVolumeCreateRequest.java:validateAndUpdateCache(195)) - created volume:volume-15594 for user:runner
2022-07-12 21:06:33,889 [Time-limited test] INFO  rpc.RpcClient (RpcClient.java:createBucket(669)) - Creating Bucket: volume-15594/bucket-05925, with bucket layout LEGACY, runner as owner, Versioning false, Storage Type set to DISK and Encryption set to false 
2022-07-12 21:06:33,889 [IPC Server handler 2 on default port 37581] INFO  bucket.OMBucketCreateRequest (OMBucketCreateRequest.java:validateAndUpdateCache(260)) - created bucket: bucket-05925 of layout LEGACY in volume: volume-15594
]]></system-out>
  </testcase>
  <testcase name="testMkdirNonExistentVolumeBucket" classname="TestRootedOzoneFileSystem" time="0.241">
    <system-out><![CDATA[2022-07-12 21:07:55,375 [Time-limited test] INFO  rpc.RpcClient (RpcClient.java:createVolume(466)) - Creating Volume: volume24899, with user15908 as owner and space quota set to -1 bytes, counts quota set to -1
2022-07-12 21:07:55,384 [OM StateMachine ApplyTransaction Thread - 0] INFO  volume.OMVolumeCreateRequest (OMVolumeCreateRequest.java:validateAndUpdateCache(195)) - created volume:volume24899 for user:user15908
2022-07-12 21:07:55,388 [Time-limited test] INFO  rpc.RpcClient (RpcClient.java:createBucket(669)) - Creating Bucket: volume24899/bucket81173, with bucket layout LEGACY, runner as owner, Versioning false, Storage Type set to DISK and Encryption set to false 
2022-07-12 21:07:55,389 [OM StateMachine ApplyTransaction Thread - 0] INFO  bucket.OMBucketCreateRequest (OMBucketCreateRequest.java:validateAndUpdateCache(260)) - created bucket: bucket81173 of layout LEGACY in volume: volume24899
21:07:55.391 [IPC Server handler 0 on default port 33595] ERROR OMAudit - user=runner | ip=127.0.0.1 | op=READ_BUCKET {volume=volume-21631, bucket=bucket-72577} | ret=FAILURE
org.apache.hadoop.ozone.om.exceptions.OMException: Volume not found when getting bucket info
	at org.apache.hadoop.ozone.om.BucketManagerImpl.getBucketInfo(BucketManagerImpl.java:127) ~[ozone-manager-1.3.0-SNAPSHOT.jar:?]
	at org.apache.hadoop.ozone.om.OzoneManager.getBucketInfo(OzoneManager.java:2778) ~[ozone-manager-1.3.0-SNAPSHOT.jar:?]
	at org.apache.hadoop.ozone.protocolPB.OzoneManagerRequestHandler.infoBucket(OzoneManagerRequestHandler.java:464) ~[ozone-manager-1.3.0-SNAPSHOT.jar:?]
	at org.apache.hadoop.ozone.protocolPB.OzoneManagerRequestHandler.handleReadRequest(OzoneManagerRequestHandler.java:172) ~[ozone-manager-1.3.0-SNAPSHOT.jar:?]
	at org.apache.hadoop.ozone.protocolPB.OzoneManagerProtocolServerSideTranslatorPB.submitReadRequestToOM(OzoneManagerProtocolServerSideTranslatorPB.java:226) ~[ozone-manager-1.3.0-SNAPSHOT.jar:?]
	at org.apache.hadoop.ozone.protocolPB.OzoneManagerProtocolServerSideTranslatorPB.processRequest(OzoneManagerProtocolServerSideTranslatorPB.java:175) ~[ozone-manager-1.3.0-SNAPSHOT.jar:?]
	at org.apache.hadoop.hdds.server.OzoneProtocolMessageDispatcher.processRequest(OzoneProtocolMessageDispatcher.java:87) [hdds-server-framework-1.3.0-SNAPSHOT.jar:?]
	at org.apache.hadoop.ozone.protocolPB.OzoneManagerProtocolServerSideTranslatorPB.submitRequest(OzoneManagerProtocolServerSideTranslatorPB.java:147) [ozone-manager-1.3.0-SNAPSHOT.jar:?]
	at org.apache.hadoop.ozone.protocol.proto.OzoneManagerProtocolProtos$OzoneManagerService$2.callBlockingMethod(OzoneManagerProtocolProtos.java) [ozone-interface-client-1.3.0-SNAPSHOT.jar:?]
	at org.apache.hadoop.ipc.ProtobufRpcEngine$Server.processCall(ProtobufRpcEngine.java:466) [hadoop-common-3.3.1.jar:?]
	at org.apache.hadoop.ipc.ProtobufRpcEngine2$Server$ProtoBufRpcInvoker.call(ProtobufRpcEngine2.java:574) [hadoop-common-3.3.1.jar:?]
	at org.apache.hadoop.ipc.ProtobufRpcEngine2$Server$ProtoBufRpcInvoker.call(ProtobufRpcEngine2.java:552) [hadoop-common-3.3.1.jar:?]
	at org.apache.hadoop.ipc.RPC$Server.call(RPC.java:1093) [hadoop-common-3.3.1.jar:?]
	at org.apache.hadoop.ipc.Server$RpcCall.run(Server.java:1035) [hadoop-common-3.3.1.jar:?]
	at org.apache.hadoop.ipc.Server$RpcCall.run(Server.java:963) [hadoop-common-3.3.1.jar:?]
	at java.security.AccessController.doPrivileged(Native Method) ~[?:1.8.0_332]
	at javax.security.auth.Subject.doAs(Subject.java:422) [?:1.8.0_332]
	at org.apache.hadoop.security.UserGroupInformation.doAs(UserGroupInformation.java:1878) [hadoop-common-3.3.1.jar:?]
	at org.apache.hadoop.ipc.Server$Handler.run(Server.java:2966) [hadoop-common-3.3.1.jar:?]
2022-07-12 21:07:55,392 [Time-limited test] INFO  rpc.RpcClient (RpcClient.java:createVolume(466)) - Creating Volume: volume-21631, with runner as owner and space quota set to -1 bytes, counts quota set to -1
2022-07-12 21:07:55,395 [OM StateMachine ApplyTransaction Thread - 0] INFO  volume.OMVolumeCreateRequest (OMVolumeCreateRequest.java:validateAndUpdateCache(195)) - created volume:volume-21631 for user:runner
2022-07-12 21:07:55,397 [Time-limited test] INFO  rpc.RpcClient (RpcClient.java:createBucket(669)) - Creating Bucket: volume-21631/bucket-72577, with bucket layout LEGACY, runner as owner, Versioning false, Storage Type set to DISK and Encryption set to false 
2022-07-12 21:07:55,398 [OM StateMachine ApplyTransaction Thread - 0] INFO  bucket.OMBucketCreateRequest (OMBucketCreateRequest.java:validateAndUpdateCache(260)) - created bucket: bucket-72577 of layout LEGACY in volume: volume-21631
]]></system-out>
  </testcase>
  <testcase name="testMkdirNonExistentVolumeBucket" classname="TestRootedOzoneFileSystem" time="0.201">
    <system-out><![CDATA[2022-07-12 21:09:37,913 [Time-limited test] INFO  rpc.RpcClient (RpcClient.java:createVolume(466)) - Creating Volume: volume25491, with user82750 as owner and space quota set to -1 bytes, counts quota set to -1
2022-07-12 21:09:37,914 [IPC Server handler 8 on default port 32899] INFO  volume.OMVolumeCreateRequest (OMVolumeCreateRequest.java:validateAndUpdateCache(195)) - created volume:volume25491 for user:user82750
2022-07-12 21:09:37,914 [Time-limited test] INFO  rpc.RpcClient (RpcClient.java:createBucket(669)) - Creating Bucket: volume25491/bucket95863, with bucket layout LEGACY, runner as owner, Versioning false, Storage Type set to DISK and Encryption set to false 
2022-07-12 21:09:37,915 [IPC Server handler 2 on default port 32899] INFO  bucket.OMBucketCreateRequest (OMBucketCreateRequest.java:validateAndUpdateCache(260)) - created bucket: bucket95863 of layout LEGACY in volume: volume25491
21:09:37.916 [IPC Server handler 13 on default port 32899] ERROR OMAudit - user=runner | ip=127.0.0.1 | op=READ_BUCKET {volume=volume-05123, bucket=bucket-24623} | ret=FAILURE
org.apache.hadoop.ozone.om.exceptions.OMException: Volume not found when getting bucket info
	at org.apache.hadoop.ozone.om.BucketManagerImpl.getBucketInfo(BucketManagerImpl.java:127) ~[ozone-manager-1.3.0-SNAPSHOT.jar:?]
	at org.apache.hadoop.ozone.om.OzoneManager.getBucketInfo(OzoneManager.java:2778) ~[ozone-manager-1.3.0-SNAPSHOT.jar:?]
	at org.apache.hadoop.ozone.protocolPB.OzoneManagerRequestHandler.infoBucket(OzoneManagerRequestHandler.java:464) ~[ozone-manager-1.3.0-SNAPSHOT.jar:?]
	at org.apache.hadoop.ozone.protocolPB.OzoneManagerRequestHandler.handleReadRequest(OzoneManagerRequestHandler.java:172) ~[ozone-manager-1.3.0-SNAPSHOT.jar:?]
	at org.apache.hadoop.ozone.protocolPB.OzoneManagerProtocolServerSideTranslatorPB.submitRequestDirectlyToOM(OzoneManagerProtocolServerSideTranslatorPB.java:276) ~[ozone-manager-1.3.0-SNAPSHOT.jar:?]
	at org.apache.hadoop.ozone.protocolPB.OzoneManagerProtocolServerSideTranslatorPB.processRequest(OzoneManagerProtocolServerSideTranslatorPB.java:205) ~[ozone-manager-1.3.0-SNAPSHOT.jar:?]
	at org.apache.hadoop.hdds.server.OzoneProtocolMessageDispatcher.processRequest(OzoneProtocolMessageDispatcher.java:87) [hdds-server-framework-1.3.0-SNAPSHOT.jar:?]
	at org.apache.hadoop.ozone.protocolPB.OzoneManagerProtocolServerSideTranslatorPB.submitRequest(OzoneManagerProtocolServerSideTranslatorPB.java:147) [ozone-manager-1.3.0-SNAPSHOT.jar:?]
	at org.apache.hadoop.ozone.protocol.proto.OzoneManagerProtocolProtos$OzoneManagerService$2.callBlockingMethod(OzoneManagerProtocolProtos.java) [ozone-interface-client-1.3.0-SNAPSHOT.jar:?]
	at org.apache.hadoop.ipc.ProtobufRpcEngine$Server.processCall(ProtobufRpcEngine.java:466) [hadoop-common-3.3.1.jar:?]
	at org.apache.hadoop.ipc.ProtobufRpcEngine2$Server$ProtoBufRpcInvoker.call(ProtobufRpcEngine2.java:574) [hadoop-common-3.3.1.jar:?]
	at org.apache.hadoop.ipc.ProtobufRpcEngine2$Server$ProtoBufRpcInvoker.call(ProtobufRpcEngine2.java:552) [hadoop-common-3.3.1.jar:?]
	at org.apache.hadoop.ipc.RPC$Server.call(RPC.java:1093) [hadoop-common-3.3.1.jar:?]
	at org.apache.hadoop.ipc.Server$RpcCall.run(Server.java:1035) [hadoop-common-3.3.1.jar:?]
	at org.apache.hadoop.ipc.Server$RpcCall.run(Server.java:963) [hadoop-common-3.3.1.jar:?]
	at java.security.AccessController.doPrivileged(Native Method) ~[?:1.8.0_332]
	at javax.security.auth.Subject.doAs(Subject.java:422) [?:1.8.0_332]
	at org.apache.hadoop.security.UserGroupInformation.doAs(UserGroupInformation.java:1878) [hadoop-common-3.3.1.jar:?]
	at org.apache.hadoop.ipc.Server$Handler.run(Server.java:2966) [hadoop-common-3.3.1.jar:?]
2022-07-12 21:09:37,917 [Time-limited test] INFO  rpc.RpcClient (RpcClient.java:createVolume(466)) - Creating Volume: volume-05123, with runner as owner and space quota set to -1 bytes, counts quota set to -1
2022-07-12 21:09:37,918 [IPC Server handler 10 on default port 32899] INFO  volume.OMVolumeCreateRequest (OMVolumeCreateRequest.java:validateAndUpdateCache(195)) - created volume:volume-05123 for user:runner
2022-07-12 21:09:37,924 [Time-limited test] INFO  rpc.RpcClient (RpcClient.java:createBucket(669)) - Creating Bucket: volume-05123/bucket-24623, with bucket layout LEGACY, runner as owner, Versioning false, Storage Type set to DISK and Encryption set to false 
2022-07-12 21:09:37,925 [IPC Server handler 6 on default port 32899] INFO  bucket.OMBucketCreateRequest (OMBucketCreateRequest.java:validateAndUpdateCache(260)) - created bucket: bucket-24623 of layout LEGACY in volume: volume-05123
]]></system-out>
  </testcase>
  <testcase name="testFailToDeleteRoot" classname="TestRootedOzoneFileSystem" time="0.057">
    <system-out><![CDATA[2022-07-12 21:04:07,962 [Time-limited test] INFO  rpc.RpcClient (RpcClient.java:createVolume(466)) - Creating Volume: volume28375, with user75174 as owner and space quota set to -1 bytes, counts quota set to -1
2022-07-12 21:04:07,965 [OM StateMachine ApplyTransaction Thread - 0] INFO  volume.OMVolumeCreateRequest (OMVolumeCreateRequest.java:validateAndUpdateCache(195)) - created volume:volume28375 for user:user75174
2022-07-12 21:04:07,967 [Time-limited test] INFO  rpc.RpcClient (RpcClient.java:createBucket(669)) - Creating Bucket: volume28375/bucket43617, with bucket layout LEGACY, runner as owner, Versioning false, Storage Type set to DISK and Encryption set to false 
2022-07-12 21:04:07,970 [OM StateMachine ApplyTransaction Thread - 0] INFO  bucket.OMBucketCreateRequest (OMBucketCreateRequest.java:validateAndUpdateCache(260)) - created bucket: bucket43617 of layout LEGACY in volume: volume28375
2022-07-12 21:04:07,971 [Time-limited test] WARN  ozone.BasicRootedOzoneFileSystem (BasicRootedOzoneFileSystem.java:delete(591)) - delete: OFS does not support rm root. To wipe the cluster, please re-init OM instead.
2022-07-12 21:04:07,972 [Time-limited test] WARN  ozone.BasicRootedOzoneFileSystem (BasicRootedOzoneFileSystem.java:delete(591)) - delete: OFS does not support rm root. To wipe the cluster, please re-init OM instead.
]]></system-out>
  </testcase>
  <testcase name="testFailToDeleteRoot" classname="TestRootedOzoneFileSystem" time="0.104">
    <system-out><![CDATA[2022-07-12 21:05:20,279 [Time-limited test] INFO  rpc.RpcClient (RpcClient.java:createVolume(466)) - Creating Volume: volume24861, with user65784 as owner and space quota set to -1 bytes, counts quota set to -1
2022-07-12 21:05:20,281 [OM StateMachine ApplyTransaction Thread - 0] INFO  volume.OMVolumeCreateRequest (OMVolumeCreateRequest.java:validateAndUpdateCache(195)) - created volume:volume24861 for user:user65784
2022-07-12 21:05:20,284 [Time-limited test] INFO  rpc.RpcClient (RpcClient.java:createBucket(669)) - Creating Bucket: volume24861/bucket33938, with bucket layout LEGACY, runner as owner, Versioning false, Storage Type set to DISK and Encryption set to false 
2022-07-12 21:05:20,285 [OM StateMachine ApplyTransaction Thread - 0] INFO  bucket.OMBucketCreateRequest (OMBucketCreateRequest.java:validateAndUpdateCache(260)) - created bucket: bucket33938 of layout LEGACY in volume: volume24861
2022-07-12 21:05:20,286 [Time-limited test] WARN  ozone.BasicRootedOzoneFileSystem (BasicRootedOzoneFileSystem.java:delete(591)) - delete: OFS does not support rm root. To wipe the cluster, please re-init OM instead.
2022-07-12 21:05:20,286 [Time-limited test] WARN  ozone.BasicRootedOzoneFileSystem (BasicRootedOzoneFileSystem.java:delete(591)) - delete: OFS does not support rm root. To wipe the cluster, please re-init OM instead.
]]></system-out>
  </testcase>
  <testcase name="testFailToDeleteRoot" classname="TestRootedOzoneFileSystem" time="0.142">
    <system-out><![CDATA[2022-07-12 21:06:34,004 [Time-limited test] INFO  rpc.RpcClient (RpcClient.java:createVolume(466)) - Creating Volume: volume48920, with user34062 as owner and space quota set to -1 bytes, counts quota set to -1
2022-07-12 21:06:34,005 [IPC Server handler 19 on default port 37581] INFO  volume.OMVolumeCreateRequest (OMVolumeCreateRequest.java:validateAndUpdateCache(195)) - created volume:volume48920 for user:user34062
2022-07-12 21:06:34,006 [Time-limited test] INFO  rpc.RpcClient (RpcClient.java:createBucket(669)) - Creating Bucket: volume48920/bucket98221, with bucket layout LEGACY, runner as owner, Versioning false, Storage Type set to DISK and Encryption set to false 
2022-07-12 21:06:34,024 [IPC Server handler 5 on default port 37581] INFO  bucket.OMBucketCreateRequest (OMBucketCreateRequest.java:validateAndUpdateCache(260)) - created bucket: bucket98221 of layout LEGACY in volume: volume48920
2022-07-12 21:06:34,026 [Time-limited test] WARN  ozone.BasicRootedOzoneFileSystem (BasicRootedOzoneFileSystem.java:delete(591)) - delete: OFS does not support rm root. To wipe the cluster, please re-init OM instead.
2022-07-12 21:06:34,026 [Time-limited test] WARN  ozone.BasicRootedOzoneFileSystem (BasicRootedOzoneFileSystem.java:delete(591)) - delete: OFS does not support rm root. To wipe the cluster, please re-init OM instead.
]]></system-out>
  </testcase>
  <testcase name="testFailToDeleteRoot" classname="TestRootedOzoneFileSystem" time="0.203">
    <system-out><![CDATA[2022-07-12 21:07:55,616 [Time-limited test] INFO  rpc.RpcClient (RpcClient.java:createVolume(466)) - Creating Volume: volume47276, with user41827 as owner and space quota set to -1 bytes, counts quota set to -1
2022-07-12 21:07:55,631 [OM StateMachine ApplyTransaction Thread - 0] INFO  volume.OMVolumeCreateRequest (OMVolumeCreateRequest.java:validateAndUpdateCache(195)) - created volume:volume47276 for user:user41827
2022-07-12 21:07:55,632 [Time-limited test] INFO  rpc.RpcClient (RpcClient.java:createBucket(669)) - Creating Bucket: volume47276/bucket02661, with bucket layout LEGACY, runner as owner, Versioning false, Storage Type set to DISK and Encryption set to false 
2022-07-12 21:07:55,643 [OM StateMachine ApplyTransaction Thread - 0] INFO  bucket.OMBucketCreateRequest (OMBucketCreateRequest.java:validateAndUpdateCache(260)) - created bucket: bucket02661 of layout LEGACY in volume: volume47276
2022-07-12 21:07:55,644 [Time-limited test] WARN  ozone.BasicRootedOzoneFileSystem (BasicRootedOzoneFileSystem.java:delete(591)) - delete: OFS does not support rm root. To wipe the cluster, please re-init OM instead.
2022-07-12 21:07:55,644 [Time-limited test] WARN  ozone.BasicRootedOzoneFileSystem (BasicRootedOzoneFileSystem.java:delete(591)) - delete: OFS does not support rm root. To wipe the cluster, please re-init OM instead.
]]></system-out>
  </testcase>
  <testcase name="testFailToDeleteRoot" classname="TestRootedOzoneFileSystem" time="0.125">
    <system-out><![CDATA[2022-07-12 21:09:38,073 [Time-limited test] INFO  rpc.RpcClient (RpcClient.java:createVolume(466)) - Creating Volume: volume15210, with user70924 as owner and space quota set to -1 bytes, counts quota set to -1
2022-07-12 21:09:38,074 [IPC Server handler 16 on default port 32899] INFO  volume.OMVolumeCreateRequest (OMVolumeCreateRequest.java:validateAndUpdateCache(195)) - created volume:volume15210 for user:user70924
2022-07-12 21:09:38,085 [Time-limited test] INFO  rpc.RpcClient (RpcClient.java:createBucket(669)) - Creating Bucket: volume15210/bucket96703, with bucket layout LEGACY, runner as owner, Versioning false, Storage Type set to DISK and Encryption set to false 
2022-07-12 21:09:38,085 [IPC Server handler 19 on default port 32899] INFO  bucket.OMBucketCreateRequest (OMBucketCreateRequest.java:validateAndUpdateCache(260)) - created bucket: bucket96703 of layout LEGACY in volume: volume15210
2022-07-12 21:09:38,089 [Time-limited test] WARN  ozone.BasicRootedOzoneFileSystem (BasicRootedOzoneFileSystem.java:delete(591)) - delete: OFS does not support rm root. To wipe the cluster, please re-init OM instead.
2022-07-12 21:09:38,089 [Time-limited test] WARN  ozone.BasicRootedOzoneFileSystem (BasicRootedOzoneFileSystem.java:delete(591)) - delete: OFS does not support rm root. To wipe the cluster, please re-init OM instead.
]]></system-out>
  </testcase>
  <testcase name="testListStatusOnSubDirs" classname="TestRootedOzoneFileSystem" time="0.121">
    <system-out><![CDATA[2022-07-12 21:04:08,017 [Time-limited test] INFO  rpc.RpcClient (RpcClient.java:createVolume(466)) - Creating Volume: volume04199, with user88277 as owner and space quota set to -1 bytes, counts quota set to -1
2022-07-12 21:04:08,023 [OM StateMachine ApplyTransaction Thread - 0] INFO  volume.OMVolumeCreateRequest (OMVolumeCreateRequest.java:validateAndUpdateCache(195)) - created volume:volume04199 for user:user88277
2022-07-12 21:04:08,028 [Time-limited test] INFO  rpc.RpcClient (RpcClient.java:createBucket(669)) - Creating Bucket: volume04199/bucket63992, with bucket layout LEGACY, runner as owner, Versioning false, Storage Type set to DISK and Encryption set to false 
2022-07-12 21:04:08,031 [OM StateMachine ApplyTransaction Thread - 0] INFO  bucket.OMBucketCreateRequest (OMBucketCreateRequest.java:validateAndUpdateCache(260)) - created bucket: bucket63992 of layout LEGACY in volume: volume04199
]]></system-out>
  </testcase>
  <testcase name="testListStatusOnSubDirs" classname="TestRootedOzoneFileSystem" time="0.122">
    <system-out><![CDATA[2022-07-12 21:05:20,376 [Time-limited test] INFO  rpc.RpcClient (RpcClient.java:createVolume(466)) - Creating Volume: volume66451, with user74970 as owner and space quota set to -1 bytes, counts quota set to -1
2022-07-12 21:05:20,377 [OM StateMachine ApplyTransaction Thread - 0] INFO  volume.OMVolumeCreateRequest (OMVolumeCreateRequest.java:validateAndUpdateCache(195)) - created volume:volume66451 for user:user74970
2022-07-12 21:05:20,379 [Time-limited test] INFO  rpc.RpcClient (RpcClient.java:createBucket(669)) - Creating Bucket: volume66451/bucket86957, with bucket layout LEGACY, runner as owner, Versioning false, Storage Type set to DISK and Encryption set to false 
2022-07-12 21:05:20,380 [OM StateMachine ApplyTransaction Thread - 0] INFO  bucket.OMBucketCreateRequest (OMBucketCreateRequest.java:validateAndUpdateCache(260)) - created bucket: bucket86957 of layout LEGACY in volume: volume66451
]]></system-out>
  </testcase>
  <testcase name="testListStatusOnSubDirs" classname="TestRootedOzoneFileSystem" time="0.224">
    <system-out><![CDATA[2022-07-12 21:06:34,201 [Time-limited test] INFO  rpc.RpcClient (RpcClient.java:createVolume(466)) - Creating Volume: volume96582, with user96150 as owner and space quota set to -1 bytes, counts quota set to -1
2022-07-12 21:06:34,202 [IPC Server handler 4 on default port 37581] INFO  volume.OMVolumeCreateRequest (OMVolumeCreateRequest.java:validateAndUpdateCache(195)) - created volume:volume96582 for user:user96150
2022-07-12 21:06:34,203 [Time-limited test] INFO  rpc.RpcClient (RpcClient.java:createBucket(669)) - Creating Bucket: volume96582/bucket09876, with bucket layout LEGACY, runner as owner, Versioning false, Storage Type set to DISK and Encryption set to false 
2022-07-12 21:06:34,203 [IPC Server handler 7 on default port 37581] INFO  bucket.OMBucketCreateRequest (OMBucketCreateRequest.java:validateAndUpdateCache(260)) - created bucket: bucket09876 of layout LEGACY in volume: volume96582
]]></system-out>
  </testcase>
  <testcase name="testListStatusOnSubDirs" classname="TestRootedOzoneFileSystem" time="0.223">
    <system-out><![CDATA[2022-07-12 21:07:55,784 [Time-limited test] INFO  rpc.RpcClient (RpcClient.java:createVolume(466)) - Creating Volume: volume66595, with user29075 as owner and space quota set to -1 bytes, counts quota set to -1
2022-07-12 21:07:55,786 [OM StateMachine ApplyTransaction Thread - 0] INFO  volume.OMVolumeCreateRequest (OMVolumeCreateRequest.java:validateAndUpdateCache(195)) - created volume:volume66595 for user:user29075
2022-07-12 21:07:55,796 [Time-limited test] INFO  rpc.RpcClient (RpcClient.java:createBucket(669)) - Creating Bucket: volume66595/bucket20539, with bucket layout LEGACY, runner as owner, Versioning false, Storage Type set to DISK and Encryption set to false 
2022-07-12 21:07:55,798 [OM StateMachine ApplyTransaction Thread - 0] INFO  bucket.OMBucketCreateRequest (OMBucketCreateRequest.java:validateAndUpdateCache(260)) - created bucket: bucket20539 of layout LEGACY in volume: volume66595
]]></system-out>
  </testcase>
  <testcase name="testListStatusOnSubDirs" classname="TestRootedOzoneFileSystem" time="0.243">
    <system-out><![CDATA[2022-07-12 21:09:38,223 [Time-limited test] INFO  rpc.RpcClient (RpcClient.java:createVolume(466)) - Creating Volume: volume28783, with user12317 as owner and space quota set to -1 bytes, counts quota set to -1
2022-07-12 21:09:38,228 [IPC Server handler 17 on default port 32899] INFO  volume.OMVolumeCreateRequest (OMVolumeCreateRequest.java:validateAndUpdateCache(195)) - created volume:volume28783 for user:user12317
2022-07-12 21:09:38,232 [Time-limited test] INFO  rpc.RpcClient (RpcClient.java:createBucket(669)) - Creating Bucket: volume28783/bucket49587, with bucket layout LEGACY, runner as owner, Versioning false, Storage Type set to DISK and Encryption set to false 
2022-07-12 21:09:38,235 [IPC Server handler 18 on default port 32899] INFO  bucket.OMBucketCreateRequest (OMBucketCreateRequest.java:validateAndUpdateCache(260)) - created bucket: bucket49587 of layout LEGACY in volume: volume28783
]]></system-out>
  </testcase>
  <testcase name="testListStatus" classname="TestRootedOzoneFileSystem" time="0.144">
    <system-out><![CDATA[2022-07-12 21:04:08,144 [Time-limited test] INFO  rpc.RpcClient (RpcClient.java:createVolume(466)) - Creating Volume: volume21849, with user77531 as owner and space quota set to -1 bytes, counts quota set to -1
2022-07-12 21:04:08,147 [OM StateMachine ApplyTransaction Thread - 0] INFO  volume.OMVolumeCreateRequest (OMVolumeCreateRequest.java:validateAndUpdateCache(195)) - created volume:volume21849 for user:user77531
2022-07-12 21:04:08,150 [Time-limited test] INFO  rpc.RpcClient (RpcClient.java:createBucket(669)) - Creating Bucket: volume21849/bucket30628, with bucket layout LEGACY, runner as owner, Versioning false, Storage Type set to DISK and Encryption set to false 
2022-07-12 21:04:08,153 [OM StateMachine ApplyTransaction Thread - 0] INFO  bucket.OMBucketCreateRequest (OMBucketCreateRequest.java:validateAndUpdateCache(260)) - created bucket: bucket30628 of layout LEGACY in volume: volume21849
]]></system-out>
  </testcase>
  <testcase name="testListStatus" classname="TestRootedOzoneFileSystem" time="0.198">
    <system-out><![CDATA[2022-07-12 21:05:20,564 [Time-limited test] INFO  rpc.RpcClient (RpcClient.java:createVolume(466)) - Creating Volume: volume70799, with user04838 as owner and space quota set to -1 bytes, counts quota set to -1
2022-07-12 21:05:20,566 [OM StateMachine ApplyTransaction Thread - 0] INFO  volume.OMVolumeCreateRequest (OMVolumeCreateRequest.java:validateAndUpdateCache(195)) - created volume:volume70799 for user:user04838
2022-07-12 21:05:20,567 [Time-limited test] INFO  rpc.RpcClient (RpcClient.java:createBucket(669)) - Creating Bucket: volume70799/bucket64396, with bucket layout LEGACY, runner as owner, Versioning false, Storage Type set to DISK and Encryption set to false 
2022-07-12 21:05:20,568 [OM StateMachine ApplyTransaction Thread - 0] INFO  bucket.OMBucketCreateRequest (OMBucketCreateRequest.java:validateAndUpdateCache(260)) - created bucket: bucket64396 of layout LEGACY in volume: volume70799
]]></system-out>
  </testcase>
  <testcase name="testListStatus" classname="TestRootedOzoneFileSystem" time="0.245">
    <system-out><![CDATA[2022-07-12 21:06:34,425 [Time-limited test] INFO  rpc.RpcClient (RpcClient.java:createVolume(466)) - Creating Volume: volume53387, with user09777 as owner and space quota set to -1 bytes, counts quota set to -1
2022-07-12 21:06:34,432 [IPC Server handler 2 on default port 37581] INFO  volume.OMVolumeCreateRequest (OMVolumeCreateRequest.java:validateAndUpdateCache(195)) - created volume:volume53387 for user:user09777
2022-07-12 21:06:34,434 [Time-limited test] INFO  rpc.RpcClient (RpcClient.java:createBucket(669)) - Creating Bucket: volume53387/bucket43923, with bucket layout LEGACY, runner as owner, Versioning false, Storage Type set to DISK and Encryption set to false 
2022-07-12 21:06:34,435 [IPC Server handler 11 on default port 37581] INFO  bucket.OMBucketCreateRequest (OMBucketCreateRequest.java:validateAndUpdateCache(260)) - created bucket: bucket43923 of layout LEGACY in volume: volume53387
]]></system-out>
  </testcase>
  <testcase name="testListStatus" classname="TestRootedOzoneFileSystem" time="0.365">
    <system-out><![CDATA[2022-07-12 21:07:56,135 [Time-limited test] INFO  rpc.RpcClient (RpcClient.java:createVolume(466)) - Creating Volume: volume89871, with user38340 as owner and space quota set to -1 bytes, counts quota set to -1
2022-07-12 21:07:56,149 [OM StateMachine ApplyTransaction Thread - 0] INFO  volume.OMVolumeCreateRequest (OMVolumeCreateRequest.java:validateAndUpdateCache(195)) - created volume:volume89871 for user:user38340
2022-07-12 21:07:56,150 [Time-limited test] INFO  rpc.RpcClient (RpcClient.java:createBucket(669)) - Creating Bucket: volume89871/bucket88661, with bucket layout LEGACY, runner as owner, Versioning false, Storage Type set to DISK and Encryption set to false 
2022-07-12 21:07:56,168 [OM StateMachine ApplyTransaction Thread - 0] INFO  bucket.OMBucketCreateRequest (OMBucketCreateRequest.java:validateAndUpdateCache(260)) - created bucket: bucket88661 of layout LEGACY in volume: volume89871
]]></system-out>
  </testcase>
  <testcase name="testListStatus" classname="TestRootedOzoneFileSystem" time="0.318">
    <system-out><![CDATA[2022-07-12 21:09:38,547 [Time-limited test] INFO  rpc.RpcClient (RpcClient.java:createVolume(466)) - Creating Volume: volume24952, with user26029 as owner and space quota set to -1 bytes, counts quota set to -1
2022-07-12 21:09:38,548 [IPC Server handler 6 on default port 32899] INFO  volume.OMVolumeCreateRequest (OMVolumeCreateRequest.java:validateAndUpdateCache(195)) - created volume:volume24952 for user:user26029
2022-07-12 21:09:38,550 [Time-limited test] INFO  rpc.RpcClient (RpcClient.java:createBucket(669)) - Creating Bucket: volume24952/bucket84823, with bucket layout LEGACY, runner as owner, Versioning false, Storage Type set to DISK and Encryption set to false 
2022-07-12 21:09:38,550 [IPC Server handler 0 on default port 32899] INFO  bucket.OMBucketCreateRequest (OMBucketCreateRequest.java:validateAndUpdateCache(260)) - created bucket: bucket84823 of layout LEGACY in volume: volume24952
]]></system-out>
  </testcase>
  <testcase name="testGetTrashRoots" classname="TestRootedOzoneFileSystem" time="0.929">
    <system-out><![CDATA[2022-07-12 21:04:08,282 [Time-limited test] INFO  rpc.RpcClient (RpcClient.java:createVolume(466)) - Creating Volume: volume12960, with user55235 as owner and space quota set to -1 bytes, counts quota set to -1
2022-07-12 21:04:08,286 [OM StateMachine ApplyTransaction Thread - 0] INFO  volume.OMVolumeCreateRequest (OMVolumeCreateRequest.java:validateAndUpdateCache(195)) - created volume:volume12960 for user:user55235
2022-07-12 21:04:08,288 [Time-limited test] INFO  rpc.RpcClient (RpcClient.java:createBucket(669)) - Creating Bucket: volume12960/bucket62026, with bucket layout LEGACY, runner as owner, Versioning false, Storage Type set to DISK and Encryption set to false 
2022-07-12 21:04:08,291 [OM StateMachine ApplyTransaction Thread - 0] INFO  bucket.OMBucketCreateRequest (OMBucketCreateRequest.java:validateAndUpdateCache(260)) - created bucket: bucket62026 of layout LEGACY in volume: volume12960
21:04:08.305 [IPC Server handler 18 on default port 43377] ERROR OMAudit - user=runner | ip=127.0.0.1 | op=GET_FILE_STATUS {volume=c05370e8-6791-43a7-bb76-da88b5e80bd6, bucket=df3304d9-f829-424e-a984-d671e3ce3e4b, key=.Trash/runner, dataSize=0, replicationConfig=null} | ret=FAILURE
org.apache.hadoop.ozone.om.exceptions.OMException: Unable to get file status: volume: c05370e8-6791-43a7-bb76-da88b5e80bd6 bucket: df3304d9-f829-424e-a984-d671e3ce3e4b key: .Trash/runner
	at org.apache.hadoop.ozone.om.KeyManagerImpl.getOzoneFileStatus(KeyManagerImpl.java:1311) ~[ozone-manager-1.3.0-SNAPSHOT.jar:?]
	at org.apache.hadoop.ozone.om.KeyManagerImpl.getFileStatus(KeyManagerImpl.java:1241) ~[ozone-manager-1.3.0-SNAPSHOT.jar:?]
	at org.apache.hadoop.ozone.om.OzoneManager.getFileStatus(OzoneManager.java:3419) ~[ozone-manager-1.3.0-SNAPSHOT.jar:?]
	at org.apache.hadoop.ozone.protocolPB.OzoneManagerRequestHandler.getOzoneFileStatus(OzoneManagerRequestHandler.java:871) ~[ozone-manager-1.3.0-SNAPSHOT.jar:?]
	at org.apache.hadoop.ozone.protocolPB.OzoneManagerRequestHandler.handleReadRequest(OzoneManagerRequestHandler.java:217) ~[ozone-manager-1.3.0-SNAPSHOT.jar:?]
	at org.apache.hadoop.ozone.protocolPB.OzoneManagerProtocolServerSideTranslatorPB.submitReadRequestToOM(OzoneManagerProtocolServerSideTranslatorPB.java:226) ~[ozone-manager-1.3.0-SNAPSHOT.jar:?]
	at org.apache.hadoop.ozone.protocolPB.OzoneManagerProtocolServerSideTranslatorPB.processRequest(OzoneManagerProtocolServerSideTranslatorPB.java:175) ~[ozone-manager-1.3.0-SNAPSHOT.jar:?]
	at org.apache.hadoop.hdds.server.OzoneProtocolMessageDispatcher.processRequest(OzoneProtocolMessageDispatcher.java:87) [hdds-server-framework-1.3.0-SNAPSHOT.jar:?]
	at org.apache.hadoop.ozone.protocolPB.OzoneManagerProtocolServerSideTranslatorPB.submitRequest(OzoneManagerProtocolServerSideTranslatorPB.java:147) [ozone-manager-1.3.0-SNAPSHOT.jar:?]
	at org.apache.hadoop.ozone.protocol.proto.OzoneManagerProtocolProtos$OzoneManagerService$2.callBlockingMethod(OzoneManagerProtocolProtos.java) [ozone-interface-client-1.3.0-SNAPSHOT.jar:?]
	at org.apache.hadoop.ipc.ProtobufRpcEngine$Server.processCall(ProtobufRpcEngine.java:466) [hadoop-common-3.3.1.jar:?]
	at org.apache.hadoop.ipc.ProtobufRpcEngine2$Server$ProtoBufRpcInvoker.call(ProtobufRpcEngine2.java:574) [hadoop-common-3.3.1.jar:?]
	at org.apache.hadoop.ipc.ProtobufRpcEngine2$Server$ProtoBufRpcInvoker.call(ProtobufRpcEngine2.java:552) [hadoop-common-3.3.1.jar:?]
	at org.apache.hadoop.ipc.RPC$Server.call(RPC.java:1093) [hadoop-common-3.3.1.jar:?]
	at org.apache.hadoop.ipc.Server$RpcCall.run(Server.java:1035) [hadoop-common-3.3.1.jar:?]
	at org.apache.hadoop.ipc.Server$RpcCall.run(Server.java:963) [hadoop-common-3.3.1.jar:?]
	at java.security.AccessController.doPrivileged(Native Method) ~[?:1.8.0_332]
	at javax.security.auth.Subject.doAs(Subject.java:422) [?:1.8.0_332]
	at org.apache.hadoop.security.UserGroupInformation.doAs(UserGroupInformation.java:1878) [hadoop-common-3.3.1.jar:?]
	at org.apache.hadoop.ipc.Server$Handler.run(Server.java:2966) [hadoop-common-3.3.1.jar:?]
21:04:08.310 [IPC Server handler 12 on default port 43377] ERROR OMAudit - user=runner | ip=127.0.0.1 | op=GET_FILE_STATUS {volume=volume12960, bucket=bucket62026, key=.Trash/runner, dataSize=0, replicationConfig=null} | ret=FAILURE
org.apache.hadoop.ozone.om.exceptions.OMException: Unable to get file status: volume: volume12960 bucket: bucket62026 key: .Trash/runner
	at org.apache.hadoop.ozone.om.KeyManagerImpl.getOzoneFileStatus(KeyManagerImpl.java:1311) ~[ozone-manager-1.3.0-SNAPSHOT.jar:?]
	at org.apache.hadoop.ozone.om.KeyManagerImpl.getFileStatus(KeyManagerImpl.java:1241) ~[ozone-manager-1.3.0-SNAPSHOT.jar:?]
	at org.apache.hadoop.ozone.om.OzoneManager.getFileStatus(OzoneManager.java:3419) ~[ozone-manager-1.3.0-SNAPSHOT.jar:?]
	at org.apache.hadoop.ozone.protocolPB.OzoneManagerRequestHandler.getOzoneFileStatus(OzoneManagerRequestHandler.java:871) ~[ozone-manager-1.3.0-SNAPSHOT.jar:?]
	at org.apache.hadoop.ozone.protocolPB.OzoneManagerRequestHandler.handleReadRequest(OzoneManagerRequestHandler.java:217) ~[ozone-manager-1.3.0-SNAPSHOT.jar:?]
	at org.apache.hadoop.ozone.protocolPB.OzoneManagerProtocolServerSideTranslatorPB.submitReadRequestToOM(OzoneManagerProtocolServerSideTranslatorPB.java:226) ~[ozone-manager-1.3.0-SNAPSHOT.jar:?]
	at org.apache.hadoop.ozone.protocolPB.OzoneManagerProtocolServerSideTranslatorPB.processRequest(OzoneManagerProtocolServerSideTranslatorPB.java:175) ~[ozone-manager-1.3.0-SNAPSHOT.jar:?]
	at org.apache.hadoop.hdds.server.OzoneProtocolMessageDispatcher.processRequest(OzoneProtocolMessageDispatcher.java:87) [hdds-server-framework-1.3.0-SNAPSHOT.jar:?]
	at org.apache.hadoop.ozone.protocolPB.OzoneManagerProtocolServerSideTranslatorPB.submitRequest(OzoneManagerProtocolServerSideTranslatorPB.java:147) [ozone-manager-1.3.0-SNAPSHOT.jar:?]
	at org.apache.hadoop.ozone.protocol.proto.OzoneManagerProtocolProtos$OzoneManagerService$2.callBlockingMethod(OzoneManagerProtocolProtos.java) [ozone-interface-client-1.3.0-SNAPSHOT.jar:?]
	at org.apache.hadoop.ipc.ProtobufRpcEngine$Server.processCall(ProtobufRpcEngine.java:466) [hadoop-common-3.3.1.jar:?]
	at org.apache.hadoop.ipc.ProtobufRpcEngine2$Server$ProtoBufRpcInvoker.call(ProtobufRpcEngine2.java:574) [hadoop-common-3.3.1.jar:?]
	at org.apache.hadoop.ipc.ProtobufRpcEngine2$Server$ProtoBufRpcInvoker.call(ProtobufRpcEngine2.java:552) [hadoop-common-3.3.1.jar:?]
	at org.apache.hadoop.ipc.RPC$Server.call(RPC.java:1093) [hadoop-common-3.3.1.jar:?]
	at org.apache.hadoop.ipc.Server$RpcCall.run(Server.java:1035) [hadoop-common-3.3.1.jar:?]
	at org.apache.hadoop.ipc.Server$RpcCall.run(Server.java:963) [hadoop-common-3.3.1.jar:?]
	at java.security.AccessController.doPrivileged(Native Method) ~[?:1.8.0_332]
	at javax.security.auth.Subject.doAs(Subject.java:422) [?:1.8.0_332]
	at org.apache.hadoop.security.UserGroupInformation.doAs(UserGroupInformation.java:1878) [hadoop-common-3.3.1.jar:?]
	at org.apache.hadoop.ipc.Server$Handler.run(Server.java:2966) [hadoop-common-3.3.1.jar:?]
21:04:08.316 [IPC Server handler 6 on default port 43377] ERROR OMAudit - user=runner | ip=127.0.0.1 | op=GET_FILE_STATUS {volume=c05370e8-6791-43a7-bb76-da88b5e80bd6, bucket=df3304d9-f829-424e-a984-d671e3ce3e4b, key=.Trash, dataSize=0, replicationConfig=null} | ret=FAILURE
org.apache.hadoop.ozone.om.exceptions.OMException: Unable to get file status: volume: c05370e8-6791-43a7-bb76-da88b5e80bd6 bucket: df3304d9-f829-424e-a984-d671e3ce3e4b key: .Trash
	at org.apache.hadoop.ozone.om.KeyManagerImpl.getOzoneFileStatus(KeyManagerImpl.java:1311) ~[ozone-manager-1.3.0-SNAPSHOT.jar:?]
	at org.apache.hadoop.ozone.om.KeyManagerImpl.getFileStatus(KeyManagerImpl.java:1241) ~[ozone-manager-1.3.0-SNAPSHOT.jar:?]
	at org.apache.hadoop.ozone.om.OzoneManager.getFileStatus(OzoneManager.java:3419) ~[ozone-manager-1.3.0-SNAPSHOT.jar:?]
	at org.apache.hadoop.ozone.protocolPB.OzoneManagerRequestHandler.getOzoneFileStatus(OzoneManagerRequestHandler.java:871) ~[ozone-manager-1.3.0-SNAPSHOT.jar:?]
	at org.apache.hadoop.ozone.protocolPB.OzoneManagerRequestHandler.handleReadRequest(OzoneManagerRequestHandler.java:217) ~[ozone-manager-1.3.0-SNAPSHOT.jar:?]
	at org.apache.hadoop.ozone.protocolPB.OzoneManagerProtocolServerSideTranslatorPB.submitReadRequestToOM(OzoneManagerProtocolServerSideTranslatorPB.java:226) ~[ozone-manager-1.3.0-SNAPSHOT.jar:?]
	at org.apache.hadoop.ozone.protocolPB.OzoneManagerProtocolServerSideTranslatorPB.processRequest(OzoneManagerProtocolServerSideTranslatorPB.java:175) ~[ozone-manager-1.3.0-SNAPSHOT.jar:?]
	at org.apache.hadoop.hdds.server.OzoneProtocolMessageDispatcher.processRequest(OzoneProtocolMessageDispatcher.java:87) [hdds-server-framework-1.3.0-SNAPSHOT.jar:?]
	at org.apache.hadoop.ozone.protocolPB.OzoneManagerProtocolServerSideTranslatorPB.submitRequest(OzoneManagerProtocolServerSideTranslatorPB.java:147) [ozone-manager-1.3.0-SNAPSHOT.jar:?]
	at org.apache.hadoop.ozone.protocol.proto.OzoneManagerProtocolProtos$OzoneManagerService$2.callBlockingMethod(OzoneManagerProtocolProtos.java) [ozone-interface-client-1.3.0-SNAPSHOT.jar:?]
	at org.apache.hadoop.ipc.ProtobufRpcEngine$Server.processCall(ProtobufRpcEngine.java:466) [hadoop-common-3.3.1.jar:?]
	at org.apache.hadoop.ipc.ProtobufRpcEngine2$Server$ProtoBufRpcInvoker.call(ProtobufRpcEngine2.java:574) [hadoop-common-3.3.1.jar:?]
	at org.apache.hadoop.ipc.ProtobufRpcEngine2$Server$ProtoBufRpcInvoker.call(ProtobufRpcEngine2.java:552) [hadoop-common-3.3.1.jar:?]
	at org.apache.hadoop.ipc.RPC$Server.call(RPC.java:1093) [hadoop-common-3.3.1.jar:?]
	at org.apache.hadoop.ipc.Server$RpcCall.run(Server.java:1035) [hadoop-common-3.3.1.jar:?]
	at org.apache.hadoop.ipc.Server$RpcCall.run(Server.java:963) [hadoop-common-3.3.1.jar:?]
	at java.security.AccessController.doPrivileged(Native Method) ~[?:1.8.0_332]
	at javax.security.auth.Subject.doAs(Subject.java:422) [?:1.8.0_332]
	at org.apache.hadoop.security.UserGroupInformation.doAs(UserGroupInformation.java:1878) [hadoop-common-3.3.1.jar:?]
	at org.apache.hadoop.ipc.Server$Handler.run(Server.java:2966) [hadoop-common-3.3.1.jar:?]
21:04:08.321 [IPC Server handler 3 on default port 43377] ERROR OMAudit - user=runner | ip=127.0.0.1 | op=GET_FILE_STATUS {volume=volume12960, bucket=bucket62026, key=.Trash, dataSize=0, replicationConfig=null} | ret=FAILURE
org.apache.hadoop.ozone.om.exceptions.OMException: Unable to get file status: volume: volume12960 bucket: bucket62026 key: .Trash
	at org.apache.hadoop.ozone.om.KeyManagerImpl.getOzoneFileStatus(KeyManagerImpl.java:1311) ~[ozone-manager-1.3.0-SNAPSHOT.jar:?]
	at org.apache.hadoop.ozone.om.KeyManagerImpl.getFileStatus(KeyManagerImpl.java:1241) ~[ozone-manager-1.3.0-SNAPSHOT.jar:?]
	at org.apache.hadoop.ozone.om.OzoneManager.getFileStatus(OzoneManager.java:3419) ~[ozone-manager-1.3.0-SNAPSHOT.jar:?]
	at org.apache.hadoop.ozone.protocolPB.OzoneManagerRequestHandler.getOzoneFileStatus(OzoneManagerRequestHandler.java:871) ~[ozone-manager-1.3.0-SNAPSHOT.jar:?]
	at org.apache.hadoop.ozone.protocolPB.OzoneManagerRequestHandler.handleReadRequest(OzoneManagerRequestHandler.java:217) ~[ozone-manager-1.3.0-SNAPSHOT.jar:?]
	at org.apache.hadoop.ozone.protocolPB.OzoneManagerProtocolServerSideTranslatorPB.submitReadRequestToOM(OzoneManagerProtocolServerSideTranslatorPB.java:226) ~[ozone-manager-1.3.0-SNAPSHOT.jar:?]
	at org.apache.hadoop.ozone.protocolPB.OzoneManagerProtocolServerSideTranslatorPB.processRequest(OzoneManagerProtocolServerSideTranslatorPB.java:175) ~[ozone-manager-1.3.0-SNAPSHOT.jar:?]
	at org.apache.hadoop.hdds.server.OzoneProtocolMessageDispatcher.processRequest(OzoneProtocolMessageDispatcher.java:87) [hdds-server-framework-1.3.0-SNAPSHOT.jar:?]
	at org.apache.hadoop.ozone.protocolPB.OzoneManagerProtocolServerSideTranslatorPB.submitRequest(OzoneManagerProtocolServerSideTranslatorPB.java:147) [ozone-manager-1.3.0-SNAPSHOT.jar:?]
	at org.apache.hadoop.ozone.protocol.proto.OzoneManagerProtocolProtos$OzoneManagerService$2.callBlockingMethod(OzoneManagerProtocolProtos.java) [ozone-interface-client-1.3.0-SNAPSHOT.jar:?]
	at org.apache.hadoop.ipc.ProtobufRpcEngine$Server.processCall(ProtobufRpcEngine.java:466) [hadoop-common-3.3.1.jar:?]
	at org.apache.hadoop.ipc.ProtobufRpcEngine2$Server$ProtoBufRpcInvoker.call(ProtobufRpcEngine2.java:574) [hadoop-common-3.3.1.jar:?]
	at org.apache.hadoop.ipc.ProtobufRpcEngine2$Server$ProtoBufRpcInvoker.call(ProtobufRpcEngine2.java:552) [hadoop-common-3.3.1.jar:?]
	at org.apache.hadoop.ipc.RPC$Server.call(RPC.java:1093) [hadoop-common-3.3.1.jar:?]
	at org.apache.hadoop.ipc.Server$RpcCall.run(Server.java:1035) [hadoop-common-3.3.1.jar:?]
	at org.apache.hadoop.ipc.Server$RpcCall.run(Server.java:963) [hadoop-common-3.3.1.jar:?]
	at java.security.AccessController.doPrivileged(Native Method) ~[?:1.8.0_332]
	at javax.security.auth.Subject.doAs(Subject.java:422) [?:1.8.0_332]
	at org.apache.hadoop.security.UserGroupInformation.doAs(UserGroupInformation.java:1878) [hadoop-common-3.3.1.jar:?]
	at org.apache.hadoop.ipc.Server$Handler.run(Server.java:2966) [hadoop-common-3.3.1.jar:?]
21:04:08.330 [IPC Server handler 17 on default port 43377] ERROR OMAudit - user=runner | ip=127.0.0.1 | op=GET_FILE_STATUS {volume=c05370e8-6791-43a7-bb76-da88b5e80bd6, bucket=df3304d9-f829-424e-a984-d671e3ce3e4b, key=.Trash/runner, dataSize=0, replicationConfig=null} | ret=FAILURE
org.apache.hadoop.ozone.om.exceptions.OMException: Unable to get file status: volume: c05370e8-6791-43a7-bb76-da88b5e80bd6 bucket: df3304d9-f829-424e-a984-d671e3ce3e4b key: .Trash/runner
	at org.apache.hadoop.ozone.om.KeyManagerImpl.getOzoneFileStatus(KeyManagerImpl.java:1311) ~[ozone-manager-1.3.0-SNAPSHOT.jar:?]
	at org.apache.hadoop.ozone.om.KeyManagerImpl.getFileStatus(KeyManagerImpl.java:1241) ~[ozone-manager-1.3.0-SNAPSHOT.jar:?]
	at org.apache.hadoop.ozone.om.OzoneManager.getFileStatus(OzoneManager.java:3419) ~[ozone-manager-1.3.0-SNAPSHOT.jar:?]
	at org.apache.hadoop.ozone.protocolPB.OzoneManagerRequestHandler.getOzoneFileStatus(OzoneManagerRequestHandler.java:871) ~[ozone-manager-1.3.0-SNAPSHOT.jar:?]
	at org.apache.hadoop.ozone.protocolPB.OzoneManagerRequestHandler.handleReadRequest(OzoneManagerRequestHandler.java:217) ~[ozone-manager-1.3.0-SNAPSHOT.jar:?]
	at org.apache.hadoop.ozone.protocolPB.OzoneManagerProtocolServerSideTranslatorPB.submitReadRequestToOM(OzoneManagerProtocolServerSideTranslatorPB.java:226) ~[ozone-manager-1.3.0-SNAPSHOT.jar:?]
	at org.apache.hadoop.ozone.protocolPB.OzoneManagerProtocolServerSideTranslatorPB.processRequest(OzoneManagerProtocolServerSideTranslatorPB.java:175) ~[ozone-manager-1.3.0-SNAPSHOT.jar:?]
	at org.apache.hadoop.hdds.server.OzoneProtocolMessageDispatcher.processRequest(OzoneProtocolMessageDispatcher.java:87) [hdds-server-framework-1.3.0-SNAPSHOT.jar:?]
	at org.apache.hadoop.ozone.protocolPB.OzoneManagerProtocolServerSideTranslatorPB.submitRequest(OzoneManagerProtocolServerSideTranslatorPB.java:147) [ozone-manager-1.3.0-SNAPSHOT.jar:?]
	at org.apache.hadoop.ozone.protocol.proto.OzoneManagerProtocolProtos$OzoneManagerService$2.callBlockingMethod(OzoneManagerProtocolProtos.java) [ozone-interface-client-1.3.0-SNAPSHOT.jar:?]
	at org.apache.hadoop.ipc.ProtobufRpcEngine$Server.processCall(ProtobufRpcEngine.java:466) [hadoop-common-3.3.1.jar:?]
	at org.apache.hadoop.ipc.ProtobufRpcEngine2$Server$ProtoBufRpcInvoker.call(ProtobufRpcEngine2.java:574) [hadoop-common-3.3.1.jar:?]
	at org.apache.hadoop.ipc.ProtobufRpcEngine2$Server$ProtoBufRpcInvoker.call(ProtobufRpcEngine2.java:552) [hadoop-common-3.3.1.jar:?]
	at org.apache.hadoop.ipc.RPC$Server.call(RPC.java:1093) [hadoop-common-3.3.1.jar:?]
	at org.apache.hadoop.ipc.Server$RpcCall.run(Server.java:1035) [hadoop-common-3.3.1.jar:?]
	at org.apache.hadoop.ipc.Server$RpcCall.run(Server.java:963) [hadoop-common-3.3.1.jar:?]
	at java.security.AccessController.doPrivileged(Native Method) ~[?:1.8.0_332]
	at javax.security.auth.Subject.doAs(Subject.java:422) [?:1.8.0_332]
	at org.apache.hadoop.security.UserGroupInformation.doAs(UserGroupInformation.java:1878) [hadoop-common-3.3.1.jar:?]
	at org.apache.hadoop.ipc.Server$Handler.run(Server.java:2966) [hadoop-common-3.3.1.jar:?]
21:04:08.345 [IPC Server handler 1 on default port 43377] ERROR OMAudit - user=runner | ip=127.0.0.1 | op=GET_FILE_STATUS {volume=c05370e8-6791-43a7-bb76-da88b5e80bd6, bucket=df3304d9-f829-424e-a984-d671e3ce3e4b, key=.Trash, dataSize=0, replicationConfig=null} | ret=FAILURE
org.apache.hadoop.ozone.om.exceptions.OMException: Unable to get file status: volume: c05370e8-6791-43a7-bb76-da88b5e80bd6 bucket: df3304d9-f829-424e-a984-d671e3ce3e4b key: .Trash
	at org.apache.hadoop.ozone.om.KeyManagerImpl.getOzoneFileStatus(KeyManagerImpl.java:1311) ~[ozone-manager-1.3.0-SNAPSHOT.jar:?]
	at org.apache.hadoop.ozone.om.KeyManagerImpl.getFileStatus(KeyManagerImpl.java:1241) ~[ozone-manager-1.3.0-SNAPSHOT.jar:?]
	at org.apache.hadoop.ozone.om.OzoneManager.getFileStatus(OzoneManager.java:3419) ~[ozone-manager-1.3.0-SNAPSHOT.jar:?]
	at org.apache.hadoop.ozone.protocolPB.OzoneManagerRequestHandler.getOzoneFileStatus(OzoneManagerRequestHandler.java:871) ~[ozone-manager-1.3.0-SNAPSHOT.jar:?]
	at org.apache.hadoop.ozone.protocolPB.OzoneManagerRequestHandler.handleReadRequest(OzoneManagerRequestHandler.java:217) ~[ozone-manager-1.3.0-SNAPSHOT.jar:?]
	at org.apache.hadoop.ozone.protocolPB.OzoneManagerProtocolServerSideTranslatorPB.submitReadRequestToOM(OzoneManagerProtocolServerSideTranslatorPB.java:226) ~[ozone-manager-1.3.0-SNAPSHOT.jar:?]
	at org.apache.hadoop.ozone.protocolPB.OzoneManagerProtocolServerSideTranslatorPB.processRequest(OzoneManagerProtocolServerSideTranslatorPB.java:175) ~[ozone-manager-1.3.0-SNAPSHOT.jar:?]
	at org.apache.hadoop.hdds.server.OzoneProtocolMessageDispatcher.processRequest(OzoneProtocolMessageDispatcher.java:87) [hdds-server-framework-1.3.0-SNAPSHOT.jar:?]
	at org.apache.hadoop.ozone.protocolPB.OzoneManagerProtocolServerSideTranslatorPB.submitRequest(OzoneManagerProtocolServerSideTranslatorPB.java:147) [ozone-manager-1.3.0-SNAPSHOT.jar:?]
	at org.apache.hadoop.ozone.protocol.proto.OzoneManagerProtocolProtos$OzoneManagerService$2.callBlockingMethod(OzoneManagerProtocolProtos.java) [ozone-interface-client-1.3.0-SNAPSHOT.jar:?]
	at org.apache.hadoop.ipc.ProtobufRpcEngine$Server.processCall(ProtobufRpcEngine.java:466) [hadoop-common-3.3.1.jar:?]
	at org.apache.hadoop.ipc.ProtobufRpcEngine2$Server$ProtoBufRpcInvoker.call(ProtobufRpcEngine2.java:574) [hadoop-common-3.3.1.jar:?]
	at org.apache.hadoop.ipc.ProtobufRpcEngine2$Server$ProtoBufRpcInvoker.call(ProtobufRpcEngine2.java:552) [hadoop-common-3.3.1.jar:?]
	at org.apache.hadoop.ipc.RPC$Server.call(RPC.java:1093) [hadoop-common-3.3.1.jar:?]
	at org.apache.hadoop.ipc.Server$RpcCall.run(Server.java:1035) [hadoop-common-3.3.1.jar:?]
	at org.apache.hadoop.ipc.Server$RpcCall.run(Server.java:963) [hadoop-common-3.3.1.jar:?]
	at java.security.AccessController.doPrivileged(Native Method) ~[?:1.8.0_332]
	at javax.security.auth.Subject.doAs(Subject.java:422) [?:1.8.0_332]
	at org.apache.hadoop.security.UserGroupInformation.doAs(UserGroupInformation.java:1878) [hadoop-common-3.3.1.jar:?]
	at org.apache.hadoop.ipc.Server$Handler.run(Server.java:2966) [hadoop-common-3.3.1.jar:?]
21:04:08.366 [IPC Server handler 3 on default port 43377] ERROR OMAudit - user=runner | ip=127.0.0.1 | op=GET_FILE_STATUS {volume=c05370e8-6791-43a7-bb76-da88b5e80bd6, bucket=df3304d9-f829-424e-a984-d671e3ce3e4b, key=.Trash/runner, dataSize=0, replicationConfig=null} | ret=FAILURE
org.apache.hadoop.ozone.om.exceptions.OMException: Unable to get file status: volume: c05370e8-6791-43a7-bb76-da88b5e80bd6 bucket: df3304d9-f829-424e-a984-d671e3ce3e4b key: .Trash/runner
	at org.apache.hadoop.ozone.om.KeyManagerImpl.getOzoneFileStatus(KeyManagerImpl.java:1311) ~[ozone-manager-1.3.0-SNAPSHOT.jar:?]
	at org.apache.hadoop.ozone.om.KeyManagerImpl.getFileStatus(KeyManagerImpl.java:1241) ~[ozone-manager-1.3.0-SNAPSHOT.jar:?]
	at org.apache.hadoop.ozone.om.OzoneManager.getFileStatus(OzoneManager.java:3419) ~[ozone-manager-1.3.0-SNAPSHOT.jar:?]
	at org.apache.hadoop.ozone.protocolPB.OzoneManagerRequestHandler.getOzoneFileStatus(OzoneManagerRequestHandler.java:871) ~[ozone-manager-1.3.0-SNAPSHOT.jar:?]
	at org.apache.hadoop.ozone.protocolPB.OzoneManagerRequestHandler.handleReadRequest(OzoneManagerRequestHandler.java:217) ~[ozone-manager-1.3.0-SNAPSHOT.jar:?]
	at org.apache.hadoop.ozone.protocolPB.OzoneManagerProtocolServerSideTranslatorPB.submitReadRequestToOM(OzoneManagerProtocolServerSideTranslatorPB.java:226) ~[ozone-manager-1.3.0-SNAPSHOT.jar:?]
	at org.apache.hadoop.ozone.protocolPB.OzoneManagerProtocolServerSideTranslatorPB.processRequest(OzoneManagerProtocolServerSideTranslatorPB.java:175) ~[ozone-manager-1.3.0-SNAPSHOT.jar:?]
	at org.apache.hadoop.hdds.server.OzoneProtocolMessageDispatcher.processRequest(OzoneProtocolMessageDispatcher.java:87) [hdds-server-framework-1.3.0-SNAPSHOT.jar:?]
	at org.apache.hadoop.ozone.protocolPB.OzoneManagerProtocolServerSideTranslatorPB.submitRequest(OzoneManagerProtocolServerSideTranslatorPB.java:147) [ozone-manager-1.3.0-SNAPSHOT.jar:?]
	at org.apache.hadoop.ozone.protocol.proto.OzoneManagerProtocolProtos$OzoneManagerService$2.callBlockingMethod(OzoneManagerProtocolProtos.java) [ozone-interface-client-1.3.0-SNAPSHOT.jar:?]
	at org.apache.hadoop.ipc.ProtobufRpcEngine$Server.processCall(ProtobufRpcEngine.java:466) [hadoop-common-3.3.1.jar:?]
	at org.apache.hadoop.ipc.ProtobufRpcEngine2$Server$ProtoBufRpcInvoker.call(ProtobufRpcEngine2.java:574) [hadoop-common-3.3.1.jar:?]
	at org.apache.hadoop.ipc.ProtobufRpcEngine2$Server$ProtoBufRpcInvoker.call(ProtobufRpcEngine2.java:552) [hadoop-common-3.3.1.jar:?]
	at org.apache.hadoop.ipc.RPC$Server.call(RPC.java:1093) [hadoop-common-3.3.1.jar:?]
	at org.apache.hadoop.ipc.Server$RpcCall.run(Server.java:1035) [hadoop-common-3.3.1.jar:?]
	at org.apache.hadoop.ipc.Server$RpcCall.run(Server.java:963) [hadoop-common-3.3.1.jar:?]
	at java.security.AccessController.doPrivileged(Native Method) ~[?:1.8.0_332]
	at javax.security.auth.Subject.doAs(Subject.java:422) [?:1.8.0_332]
	at org.apache.hadoop.security.UserGroupInformation.doAs(UserGroupInformation.java:1878) [hadoop-common-3.3.1.jar:?]
	at org.apache.hadoop.ipc.Server$Handler.run(Server.java:2966) [hadoop-common-3.3.1.jar:?]
21:04:08.381 [IPC Server handler 6 on default port 43377] ERROR OMAudit - user=runner | ip=127.0.0.1 | op=GET_FILE_STATUS {volume=c05370e8-6791-43a7-bb76-da88b5e80bd6, bucket=df3304d9-f829-424e-a984-d671e3ce3e4b, key=.Trash, dataSize=0, replicationConfig=null} | ret=FAILURE
org.apache.hadoop.ozone.om.exceptions.OMException: Unable to get file status: volume: c05370e8-6791-43a7-bb76-da88b5e80bd6 bucket: df3304d9-f829-424e-a984-d671e3ce3e4b key: .Trash
	at org.apache.hadoop.ozone.om.KeyManagerImpl.getOzoneFileStatus(KeyManagerImpl.java:1311) ~[ozone-manager-1.3.0-SNAPSHOT.jar:?]
	at org.apache.hadoop.ozone.om.KeyManagerImpl.getFileStatus(KeyManagerImpl.java:1241) ~[ozone-manager-1.3.0-SNAPSHOT.jar:?]
	at org.apache.hadoop.ozone.om.OzoneManager.getFileStatus(OzoneManager.java:3419) ~[ozone-manager-1.3.0-SNAPSHOT.jar:?]
	at org.apache.hadoop.ozone.protocolPB.OzoneManagerRequestHandler.getOzoneFileStatus(OzoneManagerRequestHandler.java:871) ~[ozone-manager-1.3.0-SNAPSHOT.jar:?]
	at org.apache.hadoop.ozone.protocolPB.OzoneManagerRequestHandler.handleReadRequest(OzoneManagerRequestHandler.java:217) ~[ozone-manager-1.3.0-SNAPSHOT.jar:?]
	at org.apache.hadoop.ozone.protocolPB.OzoneManagerProtocolServerSideTranslatorPB.submitReadRequestToOM(OzoneManagerProtocolServerSideTranslatorPB.java:226) ~[ozone-manager-1.3.0-SNAPSHOT.jar:?]
	at org.apache.hadoop.ozone.protocolPB.OzoneManagerProtocolServerSideTranslatorPB.processRequest(OzoneManagerProtocolServerSideTranslatorPB.java:175) ~[ozone-manager-1.3.0-SNAPSHOT.jar:?]
	at org.apache.hadoop.hdds.server.OzoneProtocolMessageDispatcher.processRequest(OzoneProtocolMessageDispatcher.java:87) [hdds-server-framework-1.3.0-SNAPSHOT.jar:?]
	at org.apache.hadoop.ozone.protocolPB.OzoneManagerProtocolServerSideTranslatorPB.submitRequest(OzoneManagerProtocolServerSideTranslatorPB.java:147) [ozone-manager-1.3.0-SNAPSHOT.jar:?]
	at org.apache.hadoop.ozone.protocol.proto.OzoneManagerProtocolProtos$OzoneManagerService$2.callBlockingMethod(OzoneManagerProtocolProtos.java) [ozone-interface-client-1.3.0-SNAPSHOT.jar:?]
	at org.apache.hadoop.ipc.ProtobufRpcEngine$Server.processCall(ProtobufRpcEngine.java:466) [hadoop-common-3.3.1.jar:?]
	at org.apache.hadoop.ipc.ProtobufRpcEngine2$Server$ProtoBufRpcInvoker.call(ProtobufRpcEngine2.java:574) [hadoop-common-3.3.1.jar:?]
	at org.apache.hadoop.ipc.ProtobufRpcEngine2$Server$ProtoBufRpcInvoker.call(ProtobufRpcEngine2.java:552) [hadoop-common-3.3.1.jar:?]
	at org.apache.hadoop.ipc.RPC$Server.call(RPC.java:1093) [hadoop-common-3.3.1.jar:?]
	at org.apache.hadoop.ipc.Server$RpcCall.run(Server.java:1035) [hadoop-common-3.3.1.jar:?]
	at org.apache.hadoop.ipc.Server$RpcCall.run(Server.java:963) [hadoop-common-3.3.1.jar:?]
	at java.security.AccessController.doPrivileged(Native Method) ~[?:1.8.0_332]
	at javax.security.auth.Subject.doAs(Subject.java:422) [?:1.8.0_332]
	at org.apache.hadoop.security.UserGroupInformation.doAs(UserGroupInformation.java:1878) [hadoop-common-3.3.1.jar:?]
	at org.apache.hadoop.ipc.Server$Handler.run(Server.java:2966) [hadoop-common-3.3.1.jar:?]
2022-07-12 21:04:08,394 [Time-limited test] INFO  rpc.RpcClient (RpcClient.java:createBucket(669)) - Creating Bucket: volume12960/trashroottest2, with bucket layout LEGACY, runner as owner, Versioning false, Storage Type set to DISK and Encryption set to false 
2022-07-12 21:04:08,397 [OM StateMachine ApplyTransaction Thread - 0] INFO  bucket.OMBucketCreateRequest (OMBucketCreateRequest.java:validateAndUpdateCache(260)) - created bucket: trashroottest2 of layout LEGACY in volume: volume12960
21:04:08.563 [IPC Server handler 8 on default port 43377] ERROR OMAudit - user=runner | ip=127.0.0.1 | op=GET_FILE_STATUS {volume=c05370e8-6791-43a7-bb76-da88b5e80bd6, bucket=df3304d9-f829-424e-a984-d671e3ce3e4b, key=.Trash/runner, dataSize=0, replicationConfig=null} | ret=FAILURE
org.apache.hadoop.ozone.om.exceptions.OMException: Unable to get file status: volume: c05370e8-6791-43a7-bb76-da88b5e80bd6 bucket: df3304d9-f829-424e-a984-d671e3ce3e4b key: .Trash/runner
	at org.apache.hadoop.ozone.om.KeyManagerImpl.getOzoneFileStatus(KeyManagerImpl.java:1311) ~[ozone-manager-1.3.0-SNAPSHOT.jar:?]
	at org.apache.hadoop.ozone.om.KeyManagerImpl.getFileStatus(KeyManagerImpl.java:1241) ~[ozone-manager-1.3.0-SNAPSHOT.jar:?]
	at org.apache.hadoop.ozone.om.OzoneManager.getFileStatus(OzoneManager.java:3419) ~[ozone-manager-1.3.0-SNAPSHOT.jar:?]
	at org.apache.hadoop.ozone.protocolPB.OzoneManagerRequestHandler.getOzoneFileStatus(OzoneManagerRequestHandler.java:871) ~[ozone-manager-1.3.0-SNAPSHOT.jar:?]
	at org.apache.hadoop.ozone.protocolPB.OzoneManagerRequestHandler.handleReadRequest(OzoneManagerRequestHandler.java:217) ~[ozone-manager-1.3.0-SNAPSHOT.jar:?]
	at org.apache.hadoop.ozone.protocolPB.OzoneManagerProtocolServerSideTranslatorPB.submitReadRequestToOM(OzoneManagerProtocolServerSideTranslatorPB.java:226) ~[ozone-manager-1.3.0-SNAPSHOT.jar:?]
	at org.apache.hadoop.ozone.protocolPB.OzoneManagerProtocolServerSideTranslatorPB.processRequest(OzoneManagerProtocolServerSideTranslatorPB.java:175) ~[ozone-manager-1.3.0-SNAPSHOT.jar:?]
	at org.apache.hadoop.hdds.server.OzoneProtocolMessageDispatcher.processRequest(OzoneProtocolMessageDispatcher.java:87) [hdds-server-framework-1.3.0-SNAPSHOT.jar:?]
	at org.apache.hadoop.ozone.protocolPB.OzoneManagerProtocolServerSideTranslatorPB.submitRequest(OzoneManagerProtocolServerSideTranslatorPB.java:147) [ozone-manager-1.3.0-SNAPSHOT.jar:?]
	at org.apache.hadoop.ozone.protocol.proto.OzoneManagerProtocolProtos$OzoneManagerService$2.callBlockingMethod(OzoneManagerProtocolProtos.java) [ozone-interface-client-1.3.0-SNAPSHOT.jar:?]
	at org.apache.hadoop.ipc.ProtobufRpcEngine$Server.processCall(ProtobufRpcEngine.java:466) [hadoop-common-3.3.1.jar:?]
	at org.apache.hadoop.ipc.ProtobufRpcEngine2$Server$ProtoBufRpcInvoker.call(ProtobufRpcEngine2.java:574) [hadoop-common-3.3.1.jar:?]
	at org.apache.hadoop.ipc.ProtobufRpcEngine2$Server$ProtoBufRpcInvoker.call(ProtobufRpcEngine2.java:552) [hadoop-common-3.3.1.jar:?]
	at org.apache.hadoop.ipc.RPC$Server.call(RPC.java:1093) [hadoop-common-3.3.1.jar:?]
	at org.apache.hadoop.ipc.Server$RpcCall.run(Server.java:1035) [hadoop-common-3.3.1.jar:?]
	at org.apache.hadoop.ipc.Server$RpcCall.run(Server.java:963) [hadoop-common-3.3.1.jar:?]
	at java.security.AccessController.doPrivileged(Native Method) ~[?:1.8.0_332]
	at javax.security.auth.Subject.doAs(Subject.java:422) [?:1.8.0_332]
	at org.apache.hadoop.security.UserGroupInformation.doAs(UserGroupInformation.java:1878) [hadoop-common-3.3.1.jar:?]
	at org.apache.hadoop.ipc.Server$Handler.run(Server.java:2966) [hadoop-common-3.3.1.jar:?]
21:04:08.593 [IPC Server handler 6 on default port 43377] ERROR OMAudit - user=runner | ip=127.0.0.1 | op=GET_FILE_STATUS {volume=c05370e8-6791-43a7-bb76-da88b5e80bd6, bucket=df3304d9-f829-424e-a984-d671e3ce3e4b, key=.Trash, dataSize=0, replicationConfig=null} | ret=FAILURE
org.apache.hadoop.ozone.om.exceptions.OMException: Unable to get file status: volume: c05370e8-6791-43a7-bb76-da88b5e80bd6 bucket: df3304d9-f829-424e-a984-d671e3ce3e4b key: .Trash
	at org.apache.hadoop.ozone.om.KeyManagerImpl.getOzoneFileStatus(KeyManagerImpl.java:1311) ~[ozone-manager-1.3.0-SNAPSHOT.jar:?]
	at org.apache.hadoop.ozone.om.KeyManagerImpl.getFileStatus(KeyManagerImpl.java:1241) ~[ozone-manager-1.3.0-SNAPSHOT.jar:?]
	at org.apache.hadoop.ozone.om.OzoneManager.getFileStatus(OzoneManager.java:3419) ~[ozone-manager-1.3.0-SNAPSHOT.jar:?]
	at org.apache.hadoop.ozone.protocolPB.OzoneManagerRequestHandler.getOzoneFileStatus(OzoneManagerRequestHandler.java:871) ~[ozone-manager-1.3.0-SNAPSHOT.jar:?]
	at org.apache.hadoop.ozone.protocolPB.OzoneManagerRequestHandler.handleReadRequest(OzoneManagerRequestHandler.java:217) ~[ozone-manager-1.3.0-SNAPSHOT.jar:?]
	at org.apache.hadoop.ozone.protocolPB.OzoneManagerProtocolServerSideTranslatorPB.submitReadRequestToOM(OzoneManagerProtocolServerSideTranslatorPB.java:226) ~[ozone-manager-1.3.0-SNAPSHOT.jar:?]
	at org.apache.hadoop.ozone.protocolPB.OzoneManagerProtocolServerSideTranslatorPB.processRequest(OzoneManagerProtocolServerSideTranslatorPB.java:175) ~[ozone-manager-1.3.0-SNAPSHOT.jar:?]
	at org.apache.hadoop.hdds.server.OzoneProtocolMessageDispatcher.processRequest(OzoneProtocolMessageDispatcher.java:87) [hdds-server-framework-1.3.0-SNAPSHOT.jar:?]
	at org.apache.hadoop.ozone.protocolPB.OzoneManagerProtocolServerSideTranslatorPB.submitRequest(OzoneManagerProtocolServerSideTranslatorPB.java:147) [ozone-manager-1.3.0-SNAPSHOT.jar:?]
	at org.apache.hadoop.ozone.protocol.proto.OzoneManagerProtocolProtos$OzoneManagerService$2.callBlockingMethod(OzoneManagerProtocolProtos.java) [ozone-interface-client-1.3.0-SNAPSHOT.jar:?]
	at org.apache.hadoop.ipc.ProtobufRpcEngine$Server.processCall(ProtobufRpcEngine.java:466) [hadoop-common-3.3.1.jar:?]
	at org.apache.hadoop.ipc.ProtobufRpcEngine2$Server$ProtoBufRpcInvoker.call(ProtobufRpcEngine2.java:574) [hadoop-common-3.3.1.jar:?]
	at org.apache.hadoop.ipc.ProtobufRpcEngine2$Server$ProtoBufRpcInvoker.call(ProtobufRpcEngine2.java:552) [hadoop-common-3.3.1.jar:?]
	at org.apache.hadoop.ipc.RPC$Server.call(RPC.java:1093) [hadoop-common-3.3.1.jar:?]
	at org.apache.hadoop.ipc.Server$RpcCall.run(Server.java:1035) [hadoop-common-3.3.1.jar:?]
	at org.apache.hadoop.ipc.Server$RpcCall.run(Server.java:963) [hadoop-common-3.3.1.jar:?]
	at java.security.AccessController.doPrivileged(Native Method) ~[?:1.8.0_332]
	at javax.security.auth.Subject.doAs(Subject.java:422) [?:1.8.0_332]
	at org.apache.hadoop.security.UserGroupInformation.doAs(UserGroupInformation.java:1878) [hadoop-common-3.3.1.jar:?]
	at org.apache.hadoop.ipc.Server$Handler.run(Server.java:2966) [hadoop-common-3.3.1.jar:?]
21:04:08.639 [IPC Server handler 19 on default port 43377] ERROR OMAudit - user=runner | ip=127.0.0.1 | op=GET_FILE_STATUS {volume=c05370e8-6791-43a7-bb76-da88b5e80bd6, bucket=df3304d9-f829-424e-a984-d671e3ce3e4b, key=.Trash/runner, dataSize=0, replicationConfig=null} | ret=FAILURE
org.apache.hadoop.ozone.om.exceptions.OMException: Unable to get file status: volume: c05370e8-6791-43a7-bb76-da88b5e80bd6 bucket: df3304d9-f829-424e-a984-d671e3ce3e4b key: .Trash/runner
	at org.apache.hadoop.ozone.om.KeyManagerImpl.getOzoneFileStatus(KeyManagerImpl.java:1311) ~[ozone-manager-1.3.0-SNAPSHOT.jar:?]
	at org.apache.hadoop.ozone.om.KeyManagerImpl.getFileStatus(KeyManagerImpl.java:1241) ~[ozone-manager-1.3.0-SNAPSHOT.jar:?]
	at org.apache.hadoop.ozone.om.OzoneManager.getFileStatus(OzoneManager.java:3419) ~[ozone-manager-1.3.0-SNAPSHOT.jar:?]
	at org.apache.hadoop.ozone.protocolPB.OzoneManagerRequestHandler.getOzoneFileStatus(OzoneManagerRequestHandler.java:871) ~[ozone-manager-1.3.0-SNAPSHOT.jar:?]
	at org.apache.hadoop.ozone.protocolPB.OzoneManagerRequestHandler.handleReadRequest(OzoneManagerRequestHandler.java:217) ~[ozone-manager-1.3.0-SNAPSHOT.jar:?]
	at org.apache.hadoop.ozone.protocolPB.OzoneManagerProtocolServerSideTranslatorPB.submitReadRequestToOM(OzoneManagerProtocolServerSideTranslatorPB.java:226) ~[ozone-manager-1.3.0-SNAPSHOT.jar:?]
	at org.apache.hadoop.ozone.protocolPB.OzoneManagerProtocolServerSideTranslatorPB.processRequest(OzoneManagerProtocolServerSideTranslatorPB.java:175) ~[ozone-manager-1.3.0-SNAPSHOT.jar:?]
	at org.apache.hadoop.hdds.server.OzoneProtocolMessageDispatcher.processRequest(OzoneProtocolMessageDispatcher.java:87) [hdds-server-framework-1.3.0-SNAPSHOT.jar:?]
	at org.apache.hadoop.ozone.protocolPB.OzoneManagerProtocolServerSideTranslatorPB.submitRequest(OzoneManagerProtocolServerSideTranslatorPB.java:147) [ozone-manager-1.3.0-SNAPSHOT.jar:?]
	at org.apache.hadoop.ozone.protocol.proto.OzoneManagerProtocolProtos$OzoneManagerService$2.callBlockingMethod(OzoneManagerProtocolProtos.java) [ozone-interface-client-1.3.0-SNAPSHOT.jar:?]
	at org.apache.hadoop.ipc.ProtobufRpcEngine$Server.processCall(ProtobufRpcEngine.java:466) [hadoop-common-3.3.1.jar:?]
	at org.apache.hadoop.ipc.ProtobufRpcEngine2$Server$ProtoBufRpcInvoker.call(ProtobufRpcEngine2.java:574) [hadoop-common-3.3.1.jar:?]
	at org.apache.hadoop.ipc.ProtobufRpcEngine2$Server$ProtoBufRpcInvoker.call(ProtobufRpcEngine2.java:552) [hadoop-common-3.3.1.jar:?]
	at org.apache.hadoop.ipc.RPC$Server.call(RPC.java:1093) [hadoop-common-3.3.1.jar:?]
	at org.apache.hadoop.ipc.Server$RpcCall.run(Server.java:1035) [hadoop-common-3.3.1.jar:?]
	at org.apache.hadoop.ipc.Server$RpcCall.run(Server.java:963) [hadoop-common-3.3.1.jar:?]
	at java.security.AccessController.doPrivileged(Native Method) ~[?:1.8.0_332]
	at javax.security.auth.Subject.doAs(Subject.java:422) [?:1.8.0_332]
	at org.apache.hadoop.security.UserGroupInformation.doAs(UserGroupInformation.java:1878) [hadoop-common-3.3.1.jar:?]
	at org.apache.hadoop.ipc.Server$Handler.run(Server.java:2966) [hadoop-common-3.3.1.jar:?]
21:04:08.659 [IPC Server handler 14 on default port 43377] ERROR OMAudit - user=runner | ip=127.0.0.1 | op=GET_FILE_STATUS {volume=c05370e8-6791-43a7-bb76-da88b5e80bd6, bucket=df3304d9-f829-424e-a984-d671e3ce3e4b, key=.Trash, dataSize=0, replicationConfig=null} | ret=FAILURE
org.apache.hadoop.ozone.om.exceptions.OMException: Unable to get file status: volume: c05370e8-6791-43a7-bb76-da88b5e80bd6 bucket: df3304d9-f829-424e-a984-d671e3ce3e4b key: .Trash
	at org.apache.hadoop.ozone.om.KeyManagerImpl.getOzoneFileStatus(KeyManagerImpl.java:1311) ~[ozone-manager-1.3.0-SNAPSHOT.jar:?]
	at org.apache.hadoop.ozone.om.KeyManagerImpl.getFileStatus(KeyManagerImpl.java:1241) ~[ozone-manager-1.3.0-SNAPSHOT.jar:?]
	at org.apache.hadoop.ozone.om.OzoneManager.getFileStatus(OzoneManager.java:3419) ~[ozone-manager-1.3.0-SNAPSHOT.jar:?]
	at org.apache.hadoop.ozone.protocolPB.OzoneManagerRequestHandler.getOzoneFileStatus(OzoneManagerRequestHandler.java:871) ~[ozone-manager-1.3.0-SNAPSHOT.jar:?]
	at org.apache.hadoop.ozone.protocolPB.OzoneManagerRequestHandler.handleReadRequest(OzoneManagerRequestHandler.java:217) ~[ozone-manager-1.3.0-SNAPSHOT.jar:?]
	at org.apache.hadoop.ozone.protocolPB.OzoneManagerProtocolServerSideTranslatorPB.submitReadRequestToOM(OzoneManagerProtocolServerSideTranslatorPB.java:226) ~[ozone-manager-1.3.0-SNAPSHOT.jar:?]
	at org.apache.hadoop.ozone.protocolPB.OzoneManagerProtocolServerSideTranslatorPB.processRequest(OzoneManagerProtocolServerSideTranslatorPB.java:175) ~[ozone-manager-1.3.0-SNAPSHOT.jar:?]
	at org.apache.hadoop.hdds.server.OzoneProtocolMessageDispatcher.processRequest(OzoneProtocolMessageDispatcher.java:87) [hdds-server-framework-1.3.0-SNAPSHOT.jar:?]
	at org.apache.hadoop.ozone.protocolPB.OzoneManagerProtocolServerSideTranslatorPB.submitRequest(OzoneManagerProtocolServerSideTranslatorPB.java:147) [ozone-manager-1.3.0-SNAPSHOT.jar:?]
	at org.apache.hadoop.ozone.protocol.proto.OzoneManagerProtocolProtos$OzoneManagerService$2.callBlockingMethod(OzoneManagerProtocolProtos.java) [ozone-interface-client-1.3.0-SNAPSHOT.jar:?]
	at org.apache.hadoop.ipc.ProtobufRpcEngine$Server.processCall(ProtobufRpcEngine.java:466) [hadoop-common-3.3.1.jar:?]
	at org.apache.hadoop.ipc.ProtobufRpcEngine2$Server$ProtoBufRpcInvoker.call(ProtobufRpcEngine2.java:574) [hadoop-common-3.3.1.jar:?]
	at org.apache.hadoop.ipc.ProtobufRpcEngine2$Server$ProtoBufRpcInvoker.call(ProtobufRpcEngine2.java:552) [hadoop-common-3.3.1.jar:?]
	at org.apache.hadoop.ipc.RPC$Server.call(RPC.java:1093) [hadoop-common-3.3.1.jar:?]
	at org.apache.hadoop.ipc.Server$RpcCall.run(Server.java:1035) [hadoop-common-3.3.1.jar:?]
	at org.apache.hadoop.ipc.Server$RpcCall.run(Server.java:963) [hadoop-common-3.3.1.jar:?]
	at java.security.AccessController.doPrivileged(Native Method) ~[?:1.8.0_332]
	at javax.security.auth.Subject.doAs(Subject.java:422) [?:1.8.0_332]
	at org.apache.hadoop.security.UserGroupInformation.doAs(UserGroupInformation.java:1878) [hadoop-common-3.3.1.jar:?]
	at org.apache.hadoop.ipc.Server$Handler.run(Server.java:2966) [hadoop-common-3.3.1.jar:?]
2022-07-12 21:04:08,701 [Time-limited test] INFO  rpc.RpcClient (RpcClient.java:createVolume(466)) - Creating Volume: volume04901, with user86139 as owner and space quota set to -1 bytes, counts quota set to -1
2022-07-12 21:04:08,703 [OM StateMachine ApplyTransaction Thread - 0] INFO  volume.OMVolumeCreateRequest (OMVolumeCreateRequest.java:validateAndUpdateCache(195)) - created volume:volume04901 for user:user86139
2022-07-12 21:04:08,706 [Time-limited test] INFO  rpc.RpcClient (RpcClient.java:createBucket(669)) - Creating Bucket: volume04901/bucket19534, with bucket layout LEGACY, runner as owner, Versioning false, Storage Type set to DISK and Encryption set to false 
2022-07-12 21:04:08,709 [OM StateMachine ApplyTransaction Thread - 0] INFO  bucket.OMBucketCreateRequest (OMBucketCreateRequest.java:validateAndUpdateCache(260)) - created bucket: bucket19534 of layout LEGACY in volume: volume04901
21:04:08.724 [IPC Server handler 10 on default port 43377] ERROR OMAudit - user=runner | ip=127.0.0.1 | op=GET_FILE_STATUS {volume=c05370e8-6791-43a7-bb76-da88b5e80bd6, bucket=df3304d9-f829-424e-a984-d671e3ce3e4b, key=.Trash/runner, dataSize=0, replicationConfig=null} | ret=FAILURE
org.apache.hadoop.ozone.om.exceptions.OMException: Unable to get file status: volume: c05370e8-6791-43a7-bb76-da88b5e80bd6 bucket: df3304d9-f829-424e-a984-d671e3ce3e4b key: .Trash/runner
	at org.apache.hadoop.ozone.om.KeyManagerImpl.getOzoneFileStatus(KeyManagerImpl.java:1311) ~[ozone-manager-1.3.0-SNAPSHOT.jar:?]
	at org.apache.hadoop.ozone.om.KeyManagerImpl.getFileStatus(KeyManagerImpl.java:1241) ~[ozone-manager-1.3.0-SNAPSHOT.jar:?]
	at org.apache.hadoop.ozone.om.OzoneManager.getFileStatus(OzoneManager.java:3419) ~[ozone-manager-1.3.0-SNAPSHOT.jar:?]
	at org.apache.hadoop.ozone.protocolPB.OzoneManagerRequestHandler.getOzoneFileStatus(OzoneManagerRequestHandler.java:871) ~[ozone-manager-1.3.0-SNAPSHOT.jar:?]
	at org.apache.hadoop.ozone.protocolPB.OzoneManagerRequestHandler.handleReadRequest(OzoneManagerRequestHandler.java:217) ~[ozone-manager-1.3.0-SNAPSHOT.jar:?]
	at org.apache.hadoop.ozone.protocolPB.OzoneManagerProtocolServerSideTranslatorPB.submitReadRequestToOM(OzoneManagerProtocolServerSideTranslatorPB.java:226) ~[ozone-manager-1.3.0-SNAPSHOT.jar:?]
	at org.apache.hadoop.ozone.protocolPB.OzoneManagerProtocolServerSideTranslatorPB.processRequest(OzoneManagerProtocolServerSideTranslatorPB.java:175) ~[ozone-manager-1.3.0-SNAPSHOT.jar:?]
	at org.apache.hadoop.hdds.server.OzoneProtocolMessageDispatcher.processRequest(OzoneProtocolMessageDispatcher.java:87) [hdds-server-framework-1.3.0-SNAPSHOT.jar:?]
	at org.apache.hadoop.ozone.protocolPB.OzoneManagerProtocolServerSideTranslatorPB.submitRequest(OzoneManagerProtocolServerSideTranslatorPB.java:147) [ozone-manager-1.3.0-SNAPSHOT.jar:?]
	at org.apache.hadoop.ozone.protocol.proto.OzoneManagerProtocolProtos$OzoneManagerService$2.callBlockingMethod(OzoneManagerProtocolProtos.java) [ozone-interface-client-1.3.0-SNAPSHOT.jar:?]
	at org.apache.hadoop.ipc.ProtobufRpcEngine$Server.processCall(ProtobufRpcEngine.java:466) [hadoop-common-3.3.1.jar:?]
	at org.apache.hadoop.ipc.ProtobufRpcEngine2$Server$ProtoBufRpcInvoker.call(ProtobufRpcEngine2.java:574) [hadoop-common-3.3.1.jar:?]
	at org.apache.hadoop.ipc.ProtobufRpcEngine2$Server$ProtoBufRpcInvoker.call(ProtobufRpcEngine2.java:552) [hadoop-common-3.3.1.jar:?]
	at org.apache.hadoop.ipc.RPC$Server.call(RPC.java:1093) [hadoop-common-3.3.1.jar:?]
	at org.apache.hadoop.ipc.Server$RpcCall.run(Server.java:1035) [hadoop-common-3.3.1.jar:?]
	at org.apache.hadoop.ipc.Server$RpcCall.run(Server.java:963) [hadoop-common-3.3.1.jar:?]
	at java.security.AccessController.doPrivileged(Native Method) ~[?:1.8.0_332]
	at javax.security.auth.Subject.doAs(Subject.java:422) [?:1.8.0_332]
	at org.apache.hadoop.security.UserGroupInformation.doAs(UserGroupInformation.java:1878) [hadoop-common-3.3.1.jar:?]
	at org.apache.hadoop.ipc.Server$Handler.run(Server.java:2966) [hadoop-common-3.3.1.jar:?]
21:04:08.793 [IPC Server handler 17 on default port 43377] ERROR OMAudit - user=runner | ip=127.0.0.1 | op=GET_FILE_STATUS {volume=c05370e8-6791-43a7-bb76-da88b5e80bd6, bucket=df3304d9-f829-424e-a984-d671e3ce3e4b, key=.Trash, dataSize=0, replicationConfig=null} | ret=FAILURE
org.apache.hadoop.ozone.om.exceptions.OMException: Unable to get file status: volume: c05370e8-6791-43a7-bb76-da88b5e80bd6 bucket: df3304d9-f829-424e-a984-d671e3ce3e4b key: .Trash
	at org.apache.hadoop.ozone.om.KeyManagerImpl.getOzoneFileStatus(KeyManagerImpl.java:1311) ~[ozone-manager-1.3.0-SNAPSHOT.jar:?]
	at org.apache.hadoop.ozone.om.KeyManagerImpl.getFileStatus(KeyManagerImpl.java:1241) ~[ozone-manager-1.3.0-SNAPSHOT.jar:?]
	at org.apache.hadoop.ozone.om.OzoneManager.getFileStatus(OzoneManager.java:3419) ~[ozone-manager-1.3.0-SNAPSHOT.jar:?]
	at org.apache.hadoop.ozone.protocolPB.OzoneManagerRequestHandler.getOzoneFileStatus(OzoneManagerRequestHandler.java:871) ~[ozone-manager-1.3.0-SNAPSHOT.jar:?]
	at org.apache.hadoop.ozone.protocolPB.OzoneManagerRequestHandler.handleReadRequest(OzoneManagerRequestHandler.java:217) ~[ozone-manager-1.3.0-SNAPSHOT.jar:?]
	at org.apache.hadoop.ozone.protocolPB.OzoneManagerProtocolServerSideTranslatorPB.submitReadRequestToOM(OzoneManagerProtocolServerSideTranslatorPB.java:226) ~[ozone-manager-1.3.0-SNAPSHOT.jar:?]
	at org.apache.hadoop.ozone.protocolPB.OzoneManagerProtocolServerSideTranslatorPB.processRequest(OzoneManagerProtocolServerSideTranslatorPB.java:175) ~[ozone-manager-1.3.0-SNAPSHOT.jar:?]
	at org.apache.hadoop.hdds.server.OzoneProtocolMessageDispatcher.processRequest(OzoneProtocolMessageDispatcher.java:87) [hdds-server-framework-1.3.0-SNAPSHOT.jar:?]
	at org.apache.hadoop.ozone.protocolPB.OzoneManagerProtocolServerSideTranslatorPB.submitRequest(OzoneManagerProtocolServerSideTranslatorPB.java:147) [ozone-manager-1.3.0-SNAPSHOT.jar:?]
	at org.apache.hadoop.ozone.protocol.proto.OzoneManagerProtocolProtos$OzoneManagerService$2.callBlockingMethod(OzoneManagerProtocolProtos.java) [ozone-interface-client-1.3.0-SNAPSHOT.jar:?]
	at org.apache.hadoop.ipc.ProtobufRpcEngine$Server.processCall(ProtobufRpcEngine.java:466) [hadoop-common-3.3.1.jar:?]
	at org.apache.hadoop.ipc.ProtobufRpcEngine2$Server$ProtoBufRpcInvoker.call(ProtobufRpcEngine2.java:574) [hadoop-common-3.3.1.jar:?]
	at org.apache.hadoop.ipc.ProtobufRpcEngine2$Server$ProtoBufRpcInvoker.call(ProtobufRpcEngine2.java:552) [hadoop-common-3.3.1.jar:?]
	at org.apache.hadoop.ipc.RPC$Server.call(RPC.java:1093) [hadoop-common-3.3.1.jar:?]
	at org.apache.hadoop.ipc.Server$RpcCall.run(Server.java:1035) [hadoop-common-3.3.1.jar:?]
	at org.apache.hadoop.ipc.Server$RpcCall.run(Server.java:963) [hadoop-common-3.3.1.jar:?]
	at java.security.AccessController.doPrivileged(Native Method) ~[?:1.8.0_332]
	at javax.security.auth.Subject.doAs(Subject.java:422) [?:1.8.0_332]
	at org.apache.hadoop.security.UserGroupInformation.doAs(UserGroupInformation.java:1878) [hadoop-common-3.3.1.jar:?]
	at org.apache.hadoop.ipc.Server$Handler.run(Server.java:2966) [hadoop-common-3.3.1.jar:?]
21:04:08.829 [IPC Server handler 0 on default port 43377] ERROR OMAudit - user=runner | ip=127.0.0.1 | op=GET_FILE_STATUS {volume=c05370e8-6791-43a7-bb76-da88b5e80bd6, bucket=df3304d9-f829-424e-a984-d671e3ce3e4b, key=.Trash/runner, dataSize=0, replicationConfig=null} | ret=FAILURE
org.apache.hadoop.ozone.om.exceptions.OMException: Unable to get file status: volume: c05370e8-6791-43a7-bb76-da88b5e80bd6 bucket: df3304d9-f829-424e-a984-d671e3ce3e4b key: .Trash/runner
	at org.apache.hadoop.ozone.om.KeyManagerImpl.getOzoneFileStatus(KeyManagerImpl.java:1311) ~[ozone-manager-1.3.0-SNAPSHOT.jar:?]
	at org.apache.hadoop.ozone.om.KeyManagerImpl.getFileStatus(KeyManagerImpl.java:1241) ~[ozone-manager-1.3.0-SNAPSHOT.jar:?]
	at org.apache.hadoop.ozone.om.OzoneManager.getFileStatus(OzoneManager.java:3419) ~[ozone-manager-1.3.0-SNAPSHOT.jar:?]
	at org.apache.hadoop.ozone.protocolPB.OzoneManagerRequestHandler.getOzoneFileStatus(OzoneManagerRequestHandler.java:871) ~[ozone-manager-1.3.0-SNAPSHOT.jar:?]
	at org.apache.hadoop.ozone.protocolPB.OzoneManagerRequestHandler.handleReadRequest(OzoneManagerRequestHandler.java:217) ~[ozone-manager-1.3.0-SNAPSHOT.jar:?]
	at org.apache.hadoop.ozone.protocolPB.OzoneManagerProtocolServerSideTranslatorPB.submitReadRequestToOM(OzoneManagerProtocolServerSideTranslatorPB.java:226) ~[ozone-manager-1.3.0-SNAPSHOT.jar:?]
	at org.apache.hadoop.ozone.protocolPB.OzoneManagerProtocolServerSideTranslatorPB.processRequest(OzoneManagerProtocolServerSideTranslatorPB.java:175) ~[ozone-manager-1.3.0-SNAPSHOT.jar:?]
	at org.apache.hadoop.hdds.server.OzoneProtocolMessageDispatcher.processRequest(OzoneProtocolMessageDispatcher.java:87) [hdds-server-framework-1.3.0-SNAPSHOT.jar:?]
	at org.apache.hadoop.ozone.protocolPB.OzoneManagerProtocolServerSideTranslatorPB.submitRequest(OzoneManagerProtocolServerSideTranslatorPB.java:147) [ozone-manager-1.3.0-SNAPSHOT.jar:?]
	at org.apache.hadoop.ozone.protocol.proto.OzoneManagerProtocolProtos$OzoneManagerService$2.callBlockingMethod(OzoneManagerProtocolProtos.java) [ozone-interface-client-1.3.0-SNAPSHOT.jar:?]
	at org.apache.hadoop.ipc.ProtobufRpcEngine$Server.processCall(ProtobufRpcEngine.java:466) [hadoop-common-3.3.1.jar:?]
	at org.apache.hadoop.ipc.ProtobufRpcEngine2$Server$ProtoBufRpcInvoker.call(ProtobufRpcEngine2.java:574) [hadoop-common-3.3.1.jar:?]
	at org.apache.hadoop.ipc.ProtobufRpcEngine2$Server$ProtoBufRpcInvoker.call(ProtobufRpcEngine2.java:552) [hadoop-common-3.3.1.jar:?]
	at org.apache.hadoop.ipc.RPC$Server.call(RPC.java:1093) [hadoop-common-3.3.1.jar:?]
	at org.apache.hadoop.ipc.Server$RpcCall.run(Server.java:1035) [hadoop-common-3.3.1.jar:?]
	at org.apache.hadoop.ipc.Server$RpcCall.run(Server.java:963) [hadoop-common-3.3.1.jar:?]
	at java.security.AccessController.doPrivileged(Native Method) ~[?:1.8.0_332]
	at javax.security.auth.Subject.doAs(Subject.java:422) [?:1.8.0_332]
	at org.apache.hadoop.security.UserGroupInformation.doAs(UserGroupInformation.java:1878) [hadoop-common-3.3.1.jar:?]
	at org.apache.hadoop.ipc.Server$Handler.run(Server.java:2966) [hadoop-common-3.3.1.jar:?]
21:04:08.858 [IPC Server handler 13 on default port 43377] ERROR OMAudit - user=runner | ip=127.0.0.1 | op=GET_FILE_STATUS {volume=c05370e8-6791-43a7-bb76-da88b5e80bd6, bucket=df3304d9-f829-424e-a984-d671e3ce3e4b, key=.Trash, dataSize=0, replicationConfig=null} | ret=FAILURE
org.apache.hadoop.ozone.om.exceptions.OMException: Unable to get file status: volume: c05370e8-6791-43a7-bb76-da88b5e80bd6 bucket: df3304d9-f829-424e-a984-d671e3ce3e4b key: .Trash
	at org.apache.hadoop.ozone.om.KeyManagerImpl.getOzoneFileStatus(KeyManagerImpl.java:1311) ~[ozone-manager-1.3.0-SNAPSHOT.jar:?]
	at org.apache.hadoop.ozone.om.KeyManagerImpl.getFileStatus(KeyManagerImpl.java:1241) ~[ozone-manager-1.3.0-SNAPSHOT.jar:?]
	at org.apache.hadoop.ozone.om.OzoneManager.getFileStatus(OzoneManager.java:3419) ~[ozone-manager-1.3.0-SNAPSHOT.jar:?]
	at org.apache.hadoop.ozone.protocolPB.OzoneManagerRequestHandler.getOzoneFileStatus(OzoneManagerRequestHandler.java:871) ~[ozone-manager-1.3.0-SNAPSHOT.jar:?]
	at org.apache.hadoop.ozone.protocolPB.OzoneManagerRequestHandler.handleReadRequest(OzoneManagerRequestHandler.java:217) ~[ozone-manager-1.3.0-SNAPSHOT.jar:?]
	at org.apache.hadoop.ozone.protocolPB.OzoneManagerProtocolServerSideTranslatorPB.submitReadRequestToOM(OzoneManagerProtocolServerSideTranslatorPB.java:226) ~[ozone-manager-1.3.0-SNAPSHOT.jar:?]
	at org.apache.hadoop.ozone.protocolPB.OzoneManagerProtocolServerSideTranslatorPB.processRequest(OzoneManagerProtocolServerSideTranslatorPB.java:175) ~[ozone-manager-1.3.0-SNAPSHOT.jar:?]
	at org.apache.hadoop.hdds.server.OzoneProtocolMessageDispatcher.processRequest(OzoneProtocolMessageDispatcher.java:87) [hdds-server-framework-1.3.0-SNAPSHOT.jar:?]
	at org.apache.hadoop.ozone.protocolPB.OzoneManagerProtocolServerSideTranslatorPB.submitRequest(OzoneManagerProtocolServerSideTranslatorPB.java:147) [ozone-manager-1.3.0-SNAPSHOT.jar:?]
	at org.apache.hadoop.ozone.protocol.proto.OzoneManagerProtocolProtos$OzoneManagerService$2.callBlockingMethod(OzoneManagerProtocolProtos.java) [ozone-interface-client-1.3.0-SNAPSHOT.jar:?]
	at org.apache.hadoop.ipc.ProtobufRpcEngine$Server.processCall(ProtobufRpcEngine.java:466) [hadoop-common-3.3.1.jar:?]
	at org.apache.hadoop.ipc.ProtobufRpcEngine2$Server$ProtoBufRpcInvoker.call(ProtobufRpcEngine2.java:574) [hadoop-common-3.3.1.jar:?]
	at org.apache.hadoop.ipc.ProtobufRpcEngine2$Server$ProtoBufRpcInvoker.call(ProtobufRpcEngine2.java:552) [hadoop-common-3.3.1.jar:?]
	at org.apache.hadoop.ipc.RPC$Server.call(RPC.java:1093) [hadoop-common-3.3.1.jar:?]
	at org.apache.hadoop.ipc.Server$RpcCall.run(Server.java:1035) [hadoop-common-3.3.1.jar:?]
	at org.apache.hadoop.ipc.Server$RpcCall.run(Server.java:963) [hadoop-common-3.3.1.jar:?]
	at java.security.AccessController.doPrivileged(Native Method) ~[?:1.8.0_332]
	at javax.security.auth.Subject.doAs(Subject.java:422) [?:1.8.0_332]
	at org.apache.hadoop.security.UserGroupInformation.doAs(UserGroupInformation.java:1878) [hadoop-common-3.3.1.jar:?]
	at org.apache.hadoop.ipc.Server$Handler.run(Server.java:2966) [hadoop-common-3.3.1.jar:?]
21:04:08.908 [IPC Server handler 6 on default port 43377] ERROR OMAudit - user=runner | ip=127.0.0.1 | op=GET_FILE_STATUS {volume=c05370e8-6791-43a7-bb76-da88b5e80bd6, bucket=df3304d9-f829-424e-a984-d671e3ce3e4b, key=.Trash/runner, dataSize=0, replicationConfig=null} | ret=FAILURE
org.apache.hadoop.ozone.om.exceptions.OMException: Unable to get file status: volume: c05370e8-6791-43a7-bb76-da88b5e80bd6 bucket: df3304d9-f829-424e-a984-d671e3ce3e4b key: .Trash/runner
	at org.apache.hadoop.ozone.om.KeyManagerImpl.getOzoneFileStatus(KeyManagerImpl.java:1311) ~[ozone-manager-1.3.0-SNAPSHOT.jar:?]
	at org.apache.hadoop.ozone.om.KeyManagerImpl.getFileStatus(KeyManagerImpl.java:1241) ~[ozone-manager-1.3.0-SNAPSHOT.jar:?]
	at org.apache.hadoop.ozone.om.OzoneManager.getFileStatus(OzoneManager.java:3419) ~[ozone-manager-1.3.0-SNAPSHOT.jar:?]
	at org.apache.hadoop.ozone.protocolPB.OzoneManagerRequestHandler.getOzoneFileStatus(OzoneManagerRequestHandler.java:871) ~[ozone-manager-1.3.0-SNAPSHOT.jar:?]
	at org.apache.hadoop.ozone.protocolPB.OzoneManagerRequestHandler.handleReadRequest(OzoneManagerRequestHandler.java:217) ~[ozone-manager-1.3.0-SNAPSHOT.jar:?]
	at org.apache.hadoop.ozone.protocolPB.OzoneManagerProtocolServerSideTranslatorPB.submitReadRequestToOM(OzoneManagerProtocolServerSideTranslatorPB.java:226) ~[ozone-manager-1.3.0-SNAPSHOT.jar:?]
	at org.apache.hadoop.ozone.protocolPB.OzoneManagerProtocolServerSideTranslatorPB.processRequest(OzoneManagerProtocolServerSideTranslatorPB.java:175) ~[ozone-manager-1.3.0-SNAPSHOT.jar:?]
	at org.apache.hadoop.hdds.server.OzoneProtocolMessageDispatcher.processRequest(OzoneProtocolMessageDispatcher.java:87) [hdds-server-framework-1.3.0-SNAPSHOT.jar:?]
	at org.apache.hadoop.ozone.protocolPB.OzoneManagerProtocolServerSideTranslatorPB.submitRequest(OzoneManagerProtocolServerSideTranslatorPB.java:147) [ozone-manager-1.3.0-SNAPSHOT.jar:?]
	at org.apache.hadoop.ozone.protocol.proto.OzoneManagerProtocolProtos$OzoneManagerService$2.callBlockingMethod(OzoneManagerProtocolProtos.java) [ozone-interface-client-1.3.0-SNAPSHOT.jar:?]
	at org.apache.hadoop.ipc.ProtobufRpcEngine$Server.processCall(ProtobufRpcEngine.java:466) [hadoop-common-3.3.1.jar:?]
	at org.apache.hadoop.ipc.ProtobufRpcEngine2$Server$ProtoBufRpcInvoker.call(ProtobufRpcEngine2.java:574) [hadoop-common-3.3.1.jar:?]
	at org.apache.hadoop.ipc.ProtobufRpcEngine2$Server$ProtoBufRpcInvoker.call(ProtobufRpcEngine2.java:552) [hadoop-common-3.3.1.jar:?]
	at org.apache.hadoop.ipc.RPC$Server.call(RPC.java:1093) [hadoop-common-3.3.1.jar:?]
	at org.apache.hadoop.ipc.Server$RpcCall.run(Server.java:1035) [hadoop-common-3.3.1.jar:?]
	at org.apache.hadoop.ipc.Server$RpcCall.run(Server.java:963) [hadoop-common-3.3.1.jar:?]
	at java.security.AccessController.doPrivileged(Native Method) ~[?:1.8.0_332]
	at javax.security.auth.Subject.doAs(Subject.java:422) [?:1.8.0_332]
	at org.apache.hadoop.security.UserGroupInformation.doAs(UserGroupInformation.java:1878) [hadoop-common-3.3.1.jar:?]
	at org.apache.hadoop.ipc.Server$Handler.run(Server.java:2966) [hadoop-common-3.3.1.jar:?]
21:04:08.914 [IPC Server handler 3 on default port 43377] ERROR OMAudit - user=runner | ip=127.0.0.1 | op=GET_FILE_STATUS {volume=volume04901, bucket=bucket19534, key=.Trash/runner, dataSize=0, replicationConfig=null} | ret=FAILURE
org.apache.hadoop.ozone.om.exceptions.OMException: Unable to get file status: volume: volume04901 bucket: bucket19534 key: .Trash/runner
	at org.apache.hadoop.ozone.om.KeyManagerImpl.getOzoneFileStatus(KeyManagerImpl.java:1311) ~[ozone-manager-1.3.0-SNAPSHOT.jar:?]
	at org.apache.hadoop.ozone.om.KeyManagerImpl.getFileStatus(KeyManagerImpl.java:1241) ~[ozone-manager-1.3.0-SNAPSHOT.jar:?]
	at org.apache.hadoop.ozone.om.OzoneManager.getFileStatus(OzoneManager.java:3419) ~[ozone-manager-1.3.0-SNAPSHOT.jar:?]
	at org.apache.hadoop.ozone.protocolPB.OzoneManagerRequestHandler.getOzoneFileStatus(OzoneManagerRequestHandler.java:871) ~[ozone-manager-1.3.0-SNAPSHOT.jar:?]
	at org.apache.hadoop.ozone.protocolPB.OzoneManagerRequestHandler.handleReadRequest(OzoneManagerRequestHandler.java:217) ~[ozone-manager-1.3.0-SNAPSHOT.jar:?]
	at org.apache.hadoop.ozone.protocolPB.OzoneManagerProtocolServerSideTranslatorPB.submitReadRequestToOM(OzoneManagerProtocolServerSideTranslatorPB.java:226) ~[ozone-manager-1.3.0-SNAPSHOT.jar:?]
	at org.apache.hadoop.ozone.protocolPB.OzoneManagerProtocolServerSideTranslatorPB.processRequest(OzoneManagerProtocolServerSideTranslatorPB.java:175) ~[ozone-manager-1.3.0-SNAPSHOT.jar:?]
	at org.apache.hadoop.hdds.server.OzoneProtocolMessageDispatcher.processRequest(OzoneProtocolMessageDispatcher.java:87) [hdds-server-framework-1.3.0-SNAPSHOT.jar:?]
	at org.apache.hadoop.ozone.protocolPB.OzoneManagerProtocolServerSideTranslatorPB.submitRequest(OzoneManagerProtocolServerSideTranslatorPB.java:147) [ozone-manager-1.3.0-SNAPSHOT.jar:?]
	at org.apache.hadoop.ozone.protocol.proto.OzoneManagerProtocolProtos$OzoneManagerService$2.callBlockingMethod(OzoneManagerProtocolProtos.java) [ozone-interface-client-1.3.0-SNAPSHOT.jar:?]
	at org.apache.hadoop.ipc.ProtobufRpcEngine$Server.processCall(ProtobufRpcEngine.java:466) [hadoop-common-3.3.1.jar:?]
	at org.apache.hadoop.ipc.ProtobufRpcEngine2$Server$ProtoBufRpcInvoker.call(ProtobufRpcEngine2.java:574) [hadoop-common-3.3.1.jar:?]
	at org.apache.hadoop.ipc.ProtobufRpcEngine2$Server$ProtoBufRpcInvoker.call(ProtobufRpcEngine2.java:552) [hadoop-common-3.3.1.jar:?]
	at org.apache.hadoop.ipc.RPC$Server.call(RPC.java:1093) [hadoop-common-3.3.1.jar:?]
	at org.apache.hadoop.ipc.Server$RpcCall.run(Server.java:1035) [hadoop-common-3.3.1.jar:?]
	at org.apache.hadoop.ipc.Server$RpcCall.run(Server.java:963) [hadoop-common-3.3.1.jar:?]
	at java.security.AccessController.doPrivileged(Native Method) ~[?:1.8.0_332]
	at javax.security.auth.Subject.doAs(Subject.java:422) [?:1.8.0_332]
	at org.apache.hadoop.security.UserGroupInformation.doAs(UserGroupInformation.java:1878) [hadoop-common-3.3.1.jar:?]
	at org.apache.hadoop.ipc.Server$Handler.run(Server.java:2966) [hadoop-common-3.3.1.jar:?]
21:04:08.932 [IPC Server handler 3 on default port 43377] ERROR OMAudit - user=runner | ip=127.0.0.1 | op=GET_FILE_STATUS {volume=c05370e8-6791-43a7-bb76-da88b5e80bd6, bucket=df3304d9-f829-424e-a984-d671e3ce3e4b, key=.Trash, dataSize=0, replicationConfig=null} | ret=FAILURE
org.apache.hadoop.ozone.om.exceptions.OMException: Unable to get file status: volume: c05370e8-6791-43a7-bb76-da88b5e80bd6 bucket: df3304d9-f829-424e-a984-d671e3ce3e4b key: .Trash
	at org.apache.hadoop.ozone.om.KeyManagerImpl.getOzoneFileStatus(KeyManagerImpl.java:1311) ~[ozone-manager-1.3.0-SNAPSHOT.jar:?]
	at org.apache.hadoop.ozone.om.KeyManagerImpl.getFileStatus(KeyManagerImpl.java:1241) ~[ozone-manager-1.3.0-SNAPSHOT.jar:?]
	at org.apache.hadoop.ozone.om.OzoneManager.getFileStatus(OzoneManager.java:3419) ~[ozone-manager-1.3.0-SNAPSHOT.jar:?]
	at org.apache.hadoop.ozone.protocolPB.OzoneManagerRequestHandler.getOzoneFileStatus(OzoneManagerRequestHandler.java:871) ~[ozone-manager-1.3.0-SNAPSHOT.jar:?]
	at org.apache.hadoop.ozone.protocolPB.OzoneManagerRequestHandler.handleReadRequest(OzoneManagerRequestHandler.java:217) ~[ozone-manager-1.3.0-SNAPSHOT.jar:?]
	at org.apache.hadoop.ozone.protocolPB.OzoneManagerProtocolServerSideTranslatorPB.submitReadRequestToOM(OzoneManagerProtocolServerSideTranslatorPB.java:226) ~[ozone-manager-1.3.0-SNAPSHOT.jar:?]
	at org.apache.hadoop.ozone.protocolPB.OzoneManagerProtocolServerSideTranslatorPB.processRequest(OzoneManagerProtocolServerSideTranslatorPB.java:175) ~[ozone-manager-1.3.0-SNAPSHOT.jar:?]
	at org.apache.hadoop.hdds.server.OzoneProtocolMessageDispatcher.processRequest(OzoneProtocolMessageDispatcher.java:87) [hdds-server-framework-1.3.0-SNAPSHOT.jar:?]
	at org.apache.hadoop.ozone.protocolPB.OzoneManagerProtocolServerSideTranslatorPB.submitRequest(OzoneManagerProtocolServerSideTranslatorPB.java:147) [ozone-manager-1.3.0-SNAPSHOT.jar:?]
	at org.apache.hadoop.ozone.protocol.proto.OzoneManagerProtocolProtos$OzoneManagerService$2.callBlockingMethod(OzoneManagerProtocolProtos.java) [ozone-interface-client-1.3.0-SNAPSHOT.jar:?]
	at org.apache.hadoop.ipc.ProtobufRpcEngine$Server.processCall(ProtobufRpcEngine.java:466) [hadoop-common-3.3.1.jar:?]
	at org.apache.hadoop.ipc.ProtobufRpcEngine2$Server$ProtoBufRpcInvoker.call(ProtobufRpcEngine2.java:574) [hadoop-common-3.3.1.jar:?]
	at org.apache.hadoop.ipc.ProtobufRpcEngine2$Server$ProtoBufRpcInvoker.call(ProtobufRpcEngine2.java:552) [hadoop-common-3.3.1.jar:?]
	at org.apache.hadoop.ipc.RPC$Server.call(RPC.java:1093) [hadoop-common-3.3.1.jar:?]
	at org.apache.hadoop.ipc.Server$RpcCall.run(Server.java:1035) [hadoop-common-3.3.1.jar:?]
	at org.apache.hadoop.ipc.Server$RpcCall.run(Server.java:963) [hadoop-common-3.3.1.jar:?]
	at java.security.AccessController.doPrivileged(Native Method) ~[?:1.8.0_332]
	at javax.security.auth.Subject.doAs(Subject.java:422) [?:1.8.0_332]
	at org.apache.hadoop.security.UserGroupInformation.doAs(UserGroupInformation.java:1878) [hadoop-common-3.3.1.jar:?]
	at org.apache.hadoop.ipc.Server$Handler.run(Server.java:2966) [hadoop-common-3.3.1.jar:?]
21:04:08.936 [IPC Server handler 16 on default port 43377] ERROR OMAudit - user=runner | ip=127.0.0.1 | op=GET_FILE_STATUS {volume=volume04901, bucket=bucket19534, key=.Trash, dataSize=0, replicationConfig=null} | ret=FAILURE
org.apache.hadoop.ozone.om.exceptions.OMException: Unable to get file status: volume: volume04901 bucket: bucket19534 key: .Trash
	at org.apache.hadoop.ozone.om.KeyManagerImpl.getOzoneFileStatus(KeyManagerImpl.java:1311) ~[ozone-manager-1.3.0-SNAPSHOT.jar:?]
	at org.apache.hadoop.ozone.om.KeyManagerImpl.getFileStatus(KeyManagerImpl.java:1241) ~[ozone-manager-1.3.0-SNAPSHOT.jar:?]
	at org.apache.hadoop.ozone.om.OzoneManager.getFileStatus(OzoneManager.java:3419) ~[ozone-manager-1.3.0-SNAPSHOT.jar:?]
	at org.apache.hadoop.ozone.protocolPB.OzoneManagerRequestHandler.getOzoneFileStatus(OzoneManagerRequestHandler.java:871) ~[ozone-manager-1.3.0-SNAPSHOT.jar:?]
	at org.apache.hadoop.ozone.protocolPB.OzoneManagerRequestHandler.handleReadRequest(OzoneManagerRequestHandler.java:217) ~[ozone-manager-1.3.0-SNAPSHOT.jar:?]
	at org.apache.hadoop.ozone.protocolPB.OzoneManagerProtocolServerSideTranslatorPB.submitReadRequestToOM(OzoneManagerProtocolServerSideTranslatorPB.java:226) ~[ozone-manager-1.3.0-SNAPSHOT.jar:?]
	at org.apache.hadoop.ozone.protocolPB.OzoneManagerProtocolServerSideTranslatorPB.processRequest(OzoneManagerProtocolServerSideTranslatorPB.java:175) ~[ozone-manager-1.3.0-SNAPSHOT.jar:?]
	at org.apache.hadoop.hdds.server.OzoneProtocolMessageDispatcher.processRequest(OzoneProtocolMessageDispatcher.java:87) [hdds-server-framework-1.3.0-SNAPSHOT.jar:?]
	at org.apache.hadoop.ozone.protocolPB.OzoneManagerProtocolServerSideTranslatorPB.submitRequest(OzoneManagerProtocolServerSideTranslatorPB.java:147) [ozone-manager-1.3.0-SNAPSHOT.jar:?]
	at org.apache.hadoop.ozone.protocol.proto.OzoneManagerProtocolProtos$OzoneManagerService$2.callBlockingMethod(OzoneManagerProtocolProtos.java) [ozone-interface-client-1.3.0-SNAPSHOT.jar:?]
	at org.apache.hadoop.ipc.ProtobufRpcEngine$Server.processCall(ProtobufRpcEngine.java:466) [hadoop-common-3.3.1.jar:?]
	at org.apache.hadoop.ipc.ProtobufRpcEngine2$Server$ProtoBufRpcInvoker.call(ProtobufRpcEngine2.java:574) [hadoop-common-3.3.1.jar:?]
	at org.apache.hadoop.ipc.ProtobufRpcEngine2$Server$ProtoBufRpcInvoker.call(ProtobufRpcEngine2.java:552) [hadoop-common-3.3.1.jar:?]
	at org.apache.hadoop.ipc.RPC$Server.call(RPC.java:1093) [hadoop-common-3.3.1.jar:?]
	at org.apache.hadoop.ipc.Server$RpcCall.run(Server.java:1035) [hadoop-common-3.3.1.jar:?]
	at org.apache.hadoop.ipc.Server$RpcCall.run(Server.java:963) [hadoop-common-3.3.1.jar:?]
	at java.security.AccessController.doPrivileged(Native Method) ~[?:1.8.0_332]
	at javax.security.auth.Subject.doAs(Subject.java:422) [?:1.8.0_332]
	at org.apache.hadoop.security.UserGroupInformation.doAs(UserGroupInformation.java:1878) [hadoop-common-3.3.1.jar:?]
	at org.apache.hadoop.ipc.Server$Handler.run(Server.java:2966) [hadoop-common-3.3.1.jar:?]
21:04:08.968 [IPC Server handler 10 on default port 43377] ERROR OMAudit - user=runner | ip=127.0.0.1 | op=GET_FILE_STATUS {volume=c05370e8-6791-43a7-bb76-da88b5e80bd6, bucket=df3304d9-f829-424e-a984-d671e3ce3e4b, key=.Trash/runner, dataSize=0, replicationConfig=null} | ret=FAILURE
org.apache.hadoop.ozone.om.exceptions.OMException: Unable to get file status: volume: c05370e8-6791-43a7-bb76-da88b5e80bd6 bucket: df3304d9-f829-424e-a984-d671e3ce3e4b key: .Trash/runner
	at org.apache.hadoop.ozone.om.KeyManagerImpl.getOzoneFileStatus(KeyManagerImpl.java:1311) ~[ozone-manager-1.3.0-SNAPSHOT.jar:?]
	at org.apache.hadoop.ozone.om.KeyManagerImpl.getFileStatus(KeyManagerImpl.java:1241) ~[ozone-manager-1.3.0-SNAPSHOT.jar:?]
	at org.apache.hadoop.ozone.om.OzoneManager.getFileStatus(OzoneManager.java:3419) ~[ozone-manager-1.3.0-SNAPSHOT.jar:?]
	at org.apache.hadoop.ozone.protocolPB.OzoneManagerRequestHandler.getOzoneFileStatus(OzoneManagerRequestHandler.java:871) ~[ozone-manager-1.3.0-SNAPSHOT.jar:?]
	at org.apache.hadoop.ozone.protocolPB.OzoneManagerRequestHandler.handleReadRequest(OzoneManagerRequestHandler.java:217) ~[ozone-manager-1.3.0-SNAPSHOT.jar:?]
	at org.apache.hadoop.ozone.protocolPB.OzoneManagerProtocolServerSideTranslatorPB.submitReadRequestToOM(OzoneManagerProtocolServerSideTranslatorPB.java:226) ~[ozone-manager-1.3.0-SNAPSHOT.jar:?]
	at org.apache.hadoop.ozone.protocolPB.OzoneManagerProtocolServerSideTranslatorPB.processRequest(OzoneManagerProtocolServerSideTranslatorPB.java:175) ~[ozone-manager-1.3.0-SNAPSHOT.jar:?]
	at org.apache.hadoop.hdds.server.OzoneProtocolMessageDispatcher.processRequest(OzoneProtocolMessageDispatcher.java:87) [hdds-server-framework-1.3.0-SNAPSHOT.jar:?]
	at org.apache.hadoop.ozone.protocolPB.OzoneManagerProtocolServerSideTranslatorPB.submitRequest(OzoneManagerProtocolServerSideTranslatorPB.java:147) [ozone-manager-1.3.0-SNAPSHOT.jar:?]
	at org.apache.hadoop.ozone.protocol.proto.OzoneManagerProtocolProtos$OzoneManagerService$2.callBlockingMethod(OzoneManagerProtocolProtos.java) [ozone-interface-client-1.3.0-SNAPSHOT.jar:?]
	at org.apache.hadoop.ipc.ProtobufRpcEngine$Server.processCall(ProtobufRpcEngine.java:466) [hadoop-common-3.3.1.jar:?]
	at org.apache.hadoop.ipc.ProtobufRpcEngine2$Server$ProtoBufRpcInvoker.call(ProtobufRpcEngine2.java:574) [hadoop-common-3.3.1.jar:?]
	at org.apache.hadoop.ipc.ProtobufRpcEngine2$Server$ProtoBufRpcInvoker.call(ProtobufRpcEngine2.java:552) [hadoop-common-3.3.1.jar:?]
	at org.apache.hadoop.ipc.RPC$Server.call(RPC.java:1093) [hadoop-common-3.3.1.jar:?]
	at org.apache.hadoop.ipc.Server$RpcCall.run(Server.java:1035) [hadoop-common-3.3.1.jar:?]
	at org.apache.hadoop.ipc.Server$RpcCall.run(Server.java:963) [hadoop-common-3.3.1.jar:?]
	at java.security.AccessController.doPrivileged(Native Method) ~[?:1.8.0_332]
	at javax.security.auth.Subject.doAs(Subject.java:422) [?:1.8.0_332]
	at org.apache.hadoop.security.UserGroupInformation.doAs(UserGroupInformation.java:1878) [hadoop-common-3.3.1.jar:?]
	at org.apache.hadoop.ipc.Server$Handler.run(Server.java:2966) [hadoop-common-3.3.1.jar:?]
21:04:08.972 [IPC Server handler 18 on default port 43377] ERROR OMAudit - user=runner | ip=127.0.0.1 | op=GET_FILE_STATUS {volume=volume04901, bucket=bucket19534, key=.Trash/runner, dataSize=0, replicationConfig=null} | ret=FAILURE
org.apache.hadoop.ozone.om.exceptions.OMException: Unable to get file status: volume: volume04901 bucket: bucket19534 key: .Trash/runner
	at org.apache.hadoop.ozone.om.KeyManagerImpl.getOzoneFileStatus(KeyManagerImpl.java:1311) ~[ozone-manager-1.3.0-SNAPSHOT.jar:?]
	at org.apache.hadoop.ozone.om.KeyManagerImpl.getFileStatus(KeyManagerImpl.java:1241) ~[ozone-manager-1.3.0-SNAPSHOT.jar:?]
	at org.apache.hadoop.ozone.om.OzoneManager.getFileStatus(OzoneManager.java:3419) ~[ozone-manager-1.3.0-SNAPSHOT.jar:?]
	at org.apache.hadoop.ozone.protocolPB.OzoneManagerRequestHandler.getOzoneFileStatus(OzoneManagerRequestHandler.java:871) ~[ozone-manager-1.3.0-SNAPSHOT.jar:?]
	at org.apache.hadoop.ozone.protocolPB.OzoneManagerRequestHandler.handleReadRequest(OzoneManagerRequestHandler.java:217) ~[ozone-manager-1.3.0-SNAPSHOT.jar:?]
	at org.apache.hadoop.ozone.protocolPB.OzoneManagerProtocolServerSideTranslatorPB.submitReadRequestToOM(OzoneManagerProtocolServerSideTranslatorPB.java:226) ~[ozone-manager-1.3.0-SNAPSHOT.jar:?]
	at org.apache.hadoop.ozone.protocolPB.OzoneManagerProtocolServerSideTranslatorPB.processRequest(OzoneManagerProtocolServerSideTranslatorPB.java:175) ~[ozone-manager-1.3.0-SNAPSHOT.jar:?]
	at org.apache.hadoop.hdds.server.OzoneProtocolMessageDispatcher.processRequest(OzoneProtocolMessageDispatcher.java:87) [hdds-server-framework-1.3.0-SNAPSHOT.jar:?]
	at org.apache.hadoop.ozone.protocolPB.OzoneManagerProtocolServerSideTranslatorPB.submitRequest(OzoneManagerProtocolServerSideTranslatorPB.java:147) [ozone-manager-1.3.0-SNAPSHOT.jar:?]
	at org.apache.hadoop.ozone.protocol.proto.OzoneManagerProtocolProtos$OzoneManagerService$2.callBlockingMethod(OzoneManagerProtocolProtos.java) [ozone-interface-client-1.3.0-SNAPSHOT.jar:?]
	at org.apache.hadoop.ipc.ProtobufRpcEngine$Server.processCall(ProtobufRpcEngine.java:466) [hadoop-common-3.3.1.jar:?]
	at org.apache.hadoop.ipc.ProtobufRpcEngine2$Server$ProtoBufRpcInvoker.call(ProtobufRpcEngine2.java:574) [hadoop-common-3.3.1.jar:?]
	at org.apache.hadoop.ipc.ProtobufRpcEngine2$Server$ProtoBufRpcInvoker.call(ProtobufRpcEngine2.java:552) [hadoop-common-3.3.1.jar:?]
	at org.apache.hadoop.ipc.RPC$Server.call(RPC.java:1093) [hadoop-common-3.3.1.jar:?]
	at org.apache.hadoop.ipc.Server$RpcCall.run(Server.java:1035) [hadoop-common-3.3.1.jar:?]
	at org.apache.hadoop.ipc.Server$RpcCall.run(Server.java:963) [hadoop-common-3.3.1.jar:?]
	at java.security.AccessController.doPrivileged(Native Method) ~[?:1.8.0_332]
	at javax.security.auth.Subject.doAs(Subject.java:422) [?:1.8.0_332]
	at org.apache.hadoop.security.UserGroupInformation.doAs(UserGroupInformation.java:1878) [hadoop-common-3.3.1.jar:?]
	at org.apache.hadoop.ipc.Server$Handler.run(Server.java:2966) [hadoop-common-3.3.1.jar:?]
21:04:08.981 [IPC Server handler 4 on default port 43377] ERROR OMAudit - user=runner | ip=127.0.0.1 | op=GET_FILE_STATUS {volume=volume12960, bucket=trashroottest2, key=.Trash/runner, dataSize=0, replicationConfig=null} | ret=FAILURE
org.apache.hadoop.ozone.om.exceptions.OMException: Unable to get file status: volume: volume12960 bucket: trashroottest2 key: .Trash/runner
	at org.apache.hadoop.ozone.om.KeyManagerImpl.getOzoneFileStatus(KeyManagerImpl.java:1311) ~[ozone-manager-1.3.0-SNAPSHOT.jar:?]
	at org.apache.hadoop.ozone.om.KeyManagerImpl.getFileStatus(KeyManagerImpl.java:1241) ~[ozone-manager-1.3.0-SNAPSHOT.jar:?]
	at org.apache.hadoop.ozone.om.OzoneManager.getFileStatus(OzoneManager.java:3419) ~[ozone-manager-1.3.0-SNAPSHOT.jar:?]
	at org.apache.hadoop.ozone.protocolPB.OzoneManagerRequestHandler.getOzoneFileStatus(OzoneManagerRequestHandler.java:871) ~[ozone-manager-1.3.0-SNAPSHOT.jar:?]
	at org.apache.hadoop.ozone.protocolPB.OzoneManagerRequestHandler.handleReadRequest(OzoneManagerRequestHandler.java:217) ~[ozone-manager-1.3.0-SNAPSHOT.jar:?]
	at org.apache.hadoop.ozone.protocolPB.OzoneManagerProtocolServerSideTranslatorPB.submitReadRequestToOM(OzoneManagerProtocolServerSideTranslatorPB.java:226) ~[ozone-manager-1.3.0-SNAPSHOT.jar:?]
	at org.apache.hadoop.ozone.protocolPB.OzoneManagerProtocolServerSideTranslatorPB.processRequest(OzoneManagerProtocolServerSideTranslatorPB.java:175) ~[ozone-manager-1.3.0-SNAPSHOT.jar:?]
	at org.apache.hadoop.hdds.server.OzoneProtocolMessageDispatcher.processRequest(OzoneProtocolMessageDispatcher.java:87) [hdds-server-framework-1.3.0-SNAPSHOT.jar:?]
	at org.apache.hadoop.ozone.protocolPB.OzoneManagerProtocolServerSideTranslatorPB.submitRequest(OzoneManagerProtocolServerSideTranslatorPB.java:147) [ozone-manager-1.3.0-SNAPSHOT.jar:?]
	at org.apache.hadoop.ozone.protocol.proto.OzoneManagerProtocolProtos$OzoneManagerService$2.callBlockingMethod(OzoneManagerProtocolProtos.java) [ozone-interface-client-1.3.0-SNAPSHOT.jar:?]
	at org.apache.hadoop.ipc.ProtobufRpcEngine$Server.processCall(ProtobufRpcEngine.java:466) [hadoop-common-3.3.1.jar:?]
	at org.apache.hadoop.ipc.ProtobufRpcEngine2$Server$ProtoBufRpcInvoker.call(ProtobufRpcEngine2.java:574) [hadoop-common-3.3.1.jar:?]
	at org.apache.hadoop.ipc.ProtobufRpcEngine2$Server$ProtoBufRpcInvoker.call(ProtobufRpcEngine2.java:552) [hadoop-common-3.3.1.jar:?]
	at org.apache.hadoop.ipc.RPC$Server.call(RPC.java:1093) [hadoop-common-3.3.1.jar:?]
	at org.apache.hadoop.ipc.Server$RpcCall.run(Server.java:1035) [hadoop-common-3.3.1.jar:?]
	at org.apache.hadoop.ipc.Server$RpcCall.run(Server.java:963) [hadoop-common-3.3.1.jar:?]
	at java.security.AccessController.doPrivileged(Native Method) ~[?:1.8.0_332]
	at javax.security.auth.Subject.doAs(Subject.java:422) [?:1.8.0_332]
	at org.apache.hadoop.security.UserGroupInformation.doAs(UserGroupInformation.java:1878) [hadoop-common-3.3.1.jar:?]
	at org.apache.hadoop.ipc.Server$Handler.run(Server.java:2966) [hadoop-common-3.3.1.jar:?]
21:04:08.986 [IPC Server handler 3 on default port 43377] ERROR OMAudit - user=runner | ip=127.0.0.1 | op=GET_FILE_STATUS {volume=c05370e8-6791-43a7-bb76-da88b5e80bd6, bucket=df3304d9-f829-424e-a984-d671e3ce3e4b, key=.Trash, dataSize=0, replicationConfig=null} | ret=FAILURE
org.apache.hadoop.ozone.om.exceptions.OMException: Unable to get file status: volume: c05370e8-6791-43a7-bb76-da88b5e80bd6 bucket: df3304d9-f829-424e-a984-d671e3ce3e4b key: .Trash
	at org.apache.hadoop.ozone.om.KeyManagerImpl.getOzoneFileStatus(KeyManagerImpl.java:1311) ~[ozone-manager-1.3.0-SNAPSHOT.jar:?]
	at org.apache.hadoop.ozone.om.KeyManagerImpl.getFileStatus(KeyManagerImpl.java:1241) ~[ozone-manager-1.3.0-SNAPSHOT.jar:?]
	at org.apache.hadoop.ozone.om.OzoneManager.getFileStatus(OzoneManager.java:3419) ~[ozone-manager-1.3.0-SNAPSHOT.jar:?]
	at org.apache.hadoop.ozone.protocolPB.OzoneManagerRequestHandler.getOzoneFileStatus(OzoneManagerRequestHandler.java:871) ~[ozone-manager-1.3.0-SNAPSHOT.jar:?]
	at org.apache.hadoop.ozone.protocolPB.OzoneManagerRequestHandler.handleReadRequest(OzoneManagerRequestHandler.java:217) ~[ozone-manager-1.3.0-SNAPSHOT.jar:?]
	at org.apache.hadoop.ozone.protocolPB.OzoneManagerProtocolServerSideTranslatorPB.submitReadRequestToOM(OzoneManagerProtocolServerSideTranslatorPB.java:226) ~[ozone-manager-1.3.0-SNAPSHOT.jar:?]
	at org.apache.hadoop.ozone.protocolPB.OzoneManagerProtocolServerSideTranslatorPB.processRequest(OzoneManagerProtocolServerSideTranslatorPB.java:175) ~[ozone-manager-1.3.0-SNAPSHOT.jar:?]
	at org.apache.hadoop.hdds.server.OzoneProtocolMessageDispatcher.processRequest(OzoneProtocolMessageDispatcher.java:87) [hdds-server-framework-1.3.0-SNAPSHOT.jar:?]
	at org.apache.hadoop.ozone.protocolPB.OzoneManagerProtocolServerSideTranslatorPB.submitRequest(OzoneManagerProtocolServerSideTranslatorPB.java:147) [ozone-manager-1.3.0-SNAPSHOT.jar:?]
	at org.apache.hadoop.ozone.protocol.proto.OzoneManagerProtocolProtos$OzoneManagerService$2.callBlockingMethod(OzoneManagerProtocolProtos.java) [ozone-interface-client-1.3.0-SNAPSHOT.jar:?]
	at org.apache.hadoop.ipc.ProtobufRpcEngine$Server.processCall(ProtobufRpcEngine.java:466) [hadoop-common-3.3.1.jar:?]
	at org.apache.hadoop.ipc.ProtobufRpcEngine2$Server$ProtoBufRpcInvoker.call(ProtobufRpcEngine2.java:574) [hadoop-common-3.3.1.jar:?]
	at org.apache.hadoop.ipc.ProtobufRpcEngine2$Server$ProtoBufRpcInvoker.call(ProtobufRpcEngine2.java:552) [hadoop-common-3.3.1.jar:?]
	at org.apache.hadoop.ipc.RPC$Server.call(RPC.java:1093) [hadoop-common-3.3.1.jar:?]
	at org.apache.hadoop.ipc.Server$RpcCall.run(Server.java:1035) [hadoop-common-3.3.1.jar:?]
	at org.apache.hadoop.ipc.Server$RpcCall.run(Server.java:963) [hadoop-common-3.3.1.jar:?]
	at java.security.AccessController.doPrivileged(Native Method) ~[?:1.8.0_332]
	at javax.security.auth.Subject.doAs(Subject.java:422) [?:1.8.0_332]
	at org.apache.hadoop.security.UserGroupInformation.doAs(UserGroupInformation.java:1878) [hadoop-common-3.3.1.jar:?]
	at org.apache.hadoop.ipc.Server$Handler.run(Server.java:2966) [hadoop-common-3.3.1.jar:?]
21:04:08.992 [IPC Server handler 16 on default port 43377] ERROR OMAudit - user=runner | ip=127.0.0.1 | op=GET_FILE_STATUS {volume=volume04901, bucket=bucket19534, key=.Trash, dataSize=0, replicationConfig=null} | ret=FAILURE
org.apache.hadoop.ozone.om.exceptions.OMException: Unable to get file status: volume: volume04901 bucket: bucket19534 key: .Trash
	at org.apache.hadoop.ozone.om.KeyManagerImpl.getOzoneFileStatus(KeyManagerImpl.java:1311) ~[ozone-manager-1.3.0-SNAPSHOT.jar:?]
	at org.apache.hadoop.ozone.om.KeyManagerImpl.getFileStatus(KeyManagerImpl.java:1241) ~[ozone-manager-1.3.0-SNAPSHOT.jar:?]
	at org.apache.hadoop.ozone.om.OzoneManager.getFileStatus(OzoneManager.java:3419) ~[ozone-manager-1.3.0-SNAPSHOT.jar:?]
	at org.apache.hadoop.ozone.protocolPB.OzoneManagerRequestHandler.getOzoneFileStatus(OzoneManagerRequestHandler.java:871) ~[ozone-manager-1.3.0-SNAPSHOT.jar:?]
	at org.apache.hadoop.ozone.protocolPB.OzoneManagerRequestHandler.handleReadRequest(OzoneManagerRequestHandler.java:217) ~[ozone-manager-1.3.0-SNAPSHOT.jar:?]
	at org.apache.hadoop.ozone.protocolPB.OzoneManagerProtocolServerSideTranslatorPB.submitReadRequestToOM(OzoneManagerProtocolServerSideTranslatorPB.java:226) ~[ozone-manager-1.3.0-SNAPSHOT.jar:?]
	at org.apache.hadoop.ozone.protocolPB.OzoneManagerProtocolServerSideTranslatorPB.processRequest(OzoneManagerProtocolServerSideTranslatorPB.java:175) ~[ozone-manager-1.3.0-SNAPSHOT.jar:?]
	at org.apache.hadoop.hdds.server.OzoneProtocolMessageDispatcher.processRequest(OzoneProtocolMessageDispatcher.java:87) [hdds-server-framework-1.3.0-SNAPSHOT.jar:?]
	at org.apache.hadoop.ozone.protocolPB.OzoneManagerProtocolServerSideTranslatorPB.submitRequest(OzoneManagerProtocolServerSideTranslatorPB.java:147) [ozone-manager-1.3.0-SNAPSHOT.jar:?]
	at org.apache.hadoop.ozone.protocol.proto.OzoneManagerProtocolProtos$OzoneManagerService$2.callBlockingMethod(OzoneManagerProtocolProtos.java) [ozone-interface-client-1.3.0-SNAPSHOT.jar:?]
	at org.apache.hadoop.ipc.ProtobufRpcEngine$Server.processCall(ProtobufRpcEngine.java:466) [hadoop-common-3.3.1.jar:?]
	at org.apache.hadoop.ipc.ProtobufRpcEngine2$Server$ProtoBufRpcInvoker.call(ProtobufRpcEngine2.java:574) [hadoop-common-3.3.1.jar:?]
	at org.apache.hadoop.ipc.ProtobufRpcEngine2$Server$ProtoBufRpcInvoker.call(ProtobufRpcEngine2.java:552) [hadoop-common-3.3.1.jar:?]
	at org.apache.hadoop.ipc.RPC$Server.call(RPC.java:1093) [hadoop-common-3.3.1.jar:?]
	at org.apache.hadoop.ipc.Server$RpcCall.run(Server.java:1035) [hadoop-common-3.3.1.jar:?]
	at org.apache.hadoop.ipc.Server$RpcCall.run(Server.java:963) [hadoop-common-3.3.1.jar:?]
	at java.security.AccessController.doPrivileged(Native Method) ~[?:1.8.0_332]
	at javax.security.auth.Subject.doAs(Subject.java:422) [?:1.8.0_332]
	at org.apache.hadoop.security.UserGroupInformation.doAs(UserGroupInformation.java:1878) [hadoop-common-3.3.1.jar:?]
	at org.apache.hadoop.ipc.Server$Handler.run(Server.java:2966) [hadoop-common-3.3.1.jar:?]
21:04:09.020 [IPC Server handler 7 on default port 43377] ERROR OMAudit - user=runner | ip=127.0.0.1 | op=GET_FILE_STATUS {volume=volume12960, bucket=trashroottest2, key=.Trash, dataSize=0, replicationConfig=null} | ret=FAILURE
org.apache.hadoop.ozone.om.exceptions.OMException: Unable to get file status: volume: volume12960 bucket: trashroottest2 key: .Trash
	at org.apache.hadoop.ozone.om.KeyManagerImpl.getOzoneFileStatus(KeyManagerImpl.java:1311) ~[ozone-manager-1.3.0-SNAPSHOT.jar:?]
	at org.apache.hadoop.ozone.om.KeyManagerImpl.getFileStatus(KeyManagerImpl.java:1241) ~[ozone-manager-1.3.0-SNAPSHOT.jar:?]
	at org.apache.hadoop.ozone.om.OzoneManager.getFileStatus(OzoneManager.java:3419) ~[ozone-manager-1.3.0-SNAPSHOT.jar:?]
	at org.apache.hadoop.ozone.protocolPB.OzoneManagerRequestHandler.getOzoneFileStatus(OzoneManagerRequestHandler.java:871) ~[ozone-manager-1.3.0-SNAPSHOT.jar:?]
	at org.apache.hadoop.ozone.protocolPB.OzoneManagerRequestHandler.handleReadRequest(OzoneManagerRequestHandler.java:217) ~[ozone-manager-1.3.0-SNAPSHOT.jar:?]
	at org.apache.hadoop.ozone.protocolPB.OzoneManagerProtocolServerSideTranslatorPB.submitReadRequestToOM(OzoneManagerProtocolServerSideTranslatorPB.java:226) ~[ozone-manager-1.3.0-SNAPSHOT.jar:?]
	at org.apache.hadoop.ozone.protocolPB.OzoneManagerProtocolServerSideTranslatorPB.processRequest(OzoneManagerProtocolServerSideTranslatorPB.java:175) ~[ozone-manager-1.3.0-SNAPSHOT.jar:?]
	at org.apache.hadoop.hdds.server.OzoneProtocolMessageDispatcher.processRequest(OzoneProtocolMessageDispatcher.java:87) [hdds-server-framework-1.3.0-SNAPSHOT.jar:?]
	at org.apache.hadoop.ozone.protocolPB.OzoneManagerProtocolServerSideTranslatorPB.submitRequest(OzoneManagerProtocolServerSideTranslatorPB.java:147) [ozone-manager-1.3.0-SNAPSHOT.jar:?]
	at org.apache.hadoop.ozone.protocol.proto.OzoneManagerProtocolProtos$OzoneManagerService$2.callBlockingMethod(OzoneManagerProtocolProtos.java) [ozone-interface-client-1.3.0-SNAPSHOT.jar:?]
	at org.apache.hadoop.ipc.ProtobufRpcEngine$Server.processCall(ProtobufRpcEngine.java:466) [hadoop-common-3.3.1.jar:?]
	at org.apache.hadoop.ipc.ProtobufRpcEngine2$Server$ProtoBufRpcInvoker.call(ProtobufRpcEngine2.java:574) [hadoop-common-3.3.1.jar:?]
	at org.apache.hadoop.ipc.ProtobufRpcEngine2$Server$ProtoBufRpcInvoker.call(ProtobufRpcEngine2.java:552) [hadoop-common-3.3.1.jar:?]
	at org.apache.hadoop.ipc.RPC$Server.call(RPC.java:1093) [hadoop-common-3.3.1.jar:?]
	at org.apache.hadoop.ipc.Server$RpcCall.run(Server.java:1035) [hadoop-common-3.3.1.jar:?]
	at org.apache.hadoop.ipc.Server$RpcCall.run(Server.java:963) [hadoop-common-3.3.1.jar:?]
	at java.security.AccessController.doPrivileged(Native Method) ~[?:1.8.0_332]
	at javax.security.auth.Subject.doAs(Subject.java:422) [?:1.8.0_332]
	at org.apache.hadoop.security.UserGroupInformation.doAs(UserGroupInformation.java:1878) [hadoop-common-3.3.1.jar:?]
	at org.apache.hadoop.ipc.Server$Handler.run(Server.java:2966) [hadoop-common-3.3.1.jar:?]
21:04:09.040 [IPC Server handler 6 on default port 43377] ERROR OMAudit - user=runner | ip=127.0.0.1 | op=GET_FILE_STATUS {volume=c05370e8-6791-43a7-bb76-da88b5e80bd6, bucket=df3304d9-f829-424e-a984-d671e3ce3e4b, key=.Trash/runner, dataSize=0, replicationConfig=null} | ret=FAILURE
org.apache.hadoop.ozone.om.exceptions.OMException: Unable to get file status: volume: c05370e8-6791-43a7-bb76-da88b5e80bd6 bucket: df3304d9-f829-424e-a984-d671e3ce3e4b key: .Trash/runner
	at org.apache.hadoop.ozone.om.KeyManagerImpl.getOzoneFileStatus(KeyManagerImpl.java:1311) ~[ozone-manager-1.3.0-SNAPSHOT.jar:?]
	at org.apache.hadoop.ozone.om.KeyManagerImpl.getFileStatus(KeyManagerImpl.java:1241) ~[ozone-manager-1.3.0-SNAPSHOT.jar:?]
	at org.apache.hadoop.ozone.om.OzoneManager.getFileStatus(OzoneManager.java:3419) ~[ozone-manager-1.3.0-SNAPSHOT.jar:?]
	at org.apache.hadoop.ozone.protocolPB.OzoneManagerRequestHandler.getOzoneFileStatus(OzoneManagerRequestHandler.java:871) ~[ozone-manager-1.3.0-SNAPSHOT.jar:?]
	at org.apache.hadoop.ozone.protocolPB.OzoneManagerRequestHandler.handleReadRequest(OzoneManagerRequestHandler.java:217) ~[ozone-manager-1.3.0-SNAPSHOT.jar:?]
	at org.apache.hadoop.ozone.protocolPB.OzoneManagerProtocolServerSideTranslatorPB.submitReadRequestToOM(OzoneManagerProtocolServerSideTranslatorPB.java:226) ~[ozone-manager-1.3.0-SNAPSHOT.jar:?]
	at org.apache.hadoop.ozone.protocolPB.OzoneManagerProtocolServerSideTranslatorPB.processRequest(OzoneManagerProtocolServerSideTranslatorPB.java:175) ~[ozone-manager-1.3.0-SNAPSHOT.jar:?]
	at org.apache.hadoop.hdds.server.OzoneProtocolMessageDispatcher.processRequest(OzoneProtocolMessageDispatcher.java:87) [hdds-server-framework-1.3.0-SNAPSHOT.jar:?]
	at org.apache.hadoop.ozone.protocolPB.OzoneManagerProtocolServerSideTranslatorPB.submitRequest(OzoneManagerProtocolServerSideTranslatorPB.java:147) [ozone-manager-1.3.0-SNAPSHOT.jar:?]
	at org.apache.hadoop.ozone.protocol.proto.OzoneManagerProtocolProtos$OzoneManagerService$2.callBlockingMethod(OzoneManagerProtocolProtos.java) [ozone-interface-client-1.3.0-SNAPSHOT.jar:?]
	at org.apache.hadoop.ipc.ProtobufRpcEngine$Server.processCall(ProtobufRpcEngine.java:466) [hadoop-common-3.3.1.jar:?]
	at org.apache.hadoop.ipc.ProtobufRpcEngine2$Server$ProtoBufRpcInvoker.call(ProtobufRpcEngine2.java:574) [hadoop-common-3.3.1.jar:?]
	at org.apache.hadoop.ipc.ProtobufRpcEngine2$Server$ProtoBufRpcInvoker.call(ProtobufRpcEngine2.java:552) [hadoop-common-3.3.1.jar:?]
	at org.apache.hadoop.ipc.RPC$Server.call(RPC.java:1093) [hadoop-common-3.3.1.jar:?]
	at org.apache.hadoop.ipc.Server$RpcCall.run(Server.java:1035) [hadoop-common-3.3.1.jar:?]
	at org.apache.hadoop.ipc.Server$RpcCall.run(Server.java:963) [hadoop-common-3.3.1.jar:?]
	at java.security.AccessController.doPrivileged(Native Method) ~[?:1.8.0_332]
	at javax.security.auth.Subject.doAs(Subject.java:422) [?:1.8.0_332]
	at org.apache.hadoop.security.UserGroupInformation.doAs(UserGroupInformation.java:1878) [hadoop-common-3.3.1.jar:?]
	at org.apache.hadoop.ipc.Server$Handler.run(Server.java:2966) [hadoop-common-3.3.1.jar:?]
21:04:09.044 [IPC Server handler 3 on default port 43377] ERROR OMAudit - user=runner | ip=127.0.0.1 | op=GET_FILE_STATUS {volume=volume04901, bucket=bucket19534, key=.Trash/runner, dataSize=0, replicationConfig=null} | ret=FAILURE
org.apache.hadoop.ozone.om.exceptions.OMException: Unable to get file status: volume: volume04901 bucket: bucket19534 key: .Trash/runner
	at org.apache.hadoop.ozone.om.KeyManagerImpl.getOzoneFileStatus(KeyManagerImpl.java:1311) ~[ozone-manager-1.3.0-SNAPSHOT.jar:?]
	at org.apache.hadoop.ozone.om.KeyManagerImpl.getFileStatus(KeyManagerImpl.java:1241) ~[ozone-manager-1.3.0-SNAPSHOT.jar:?]
	at org.apache.hadoop.ozone.om.OzoneManager.getFileStatus(OzoneManager.java:3419) ~[ozone-manager-1.3.0-SNAPSHOT.jar:?]
	at org.apache.hadoop.ozone.protocolPB.OzoneManagerRequestHandler.getOzoneFileStatus(OzoneManagerRequestHandler.java:871) ~[ozone-manager-1.3.0-SNAPSHOT.jar:?]
	at org.apache.hadoop.ozone.protocolPB.OzoneManagerRequestHandler.handleReadRequest(OzoneManagerRequestHandler.java:217) ~[ozone-manager-1.3.0-SNAPSHOT.jar:?]
	at org.apache.hadoop.ozone.protocolPB.OzoneManagerProtocolServerSideTranslatorPB.submitReadRequestToOM(OzoneManagerProtocolServerSideTranslatorPB.java:226) ~[ozone-manager-1.3.0-SNAPSHOT.jar:?]
	at org.apache.hadoop.ozone.protocolPB.OzoneManagerProtocolServerSideTranslatorPB.processRequest(OzoneManagerProtocolServerSideTranslatorPB.java:175) ~[ozone-manager-1.3.0-SNAPSHOT.jar:?]
	at org.apache.hadoop.hdds.server.OzoneProtocolMessageDispatcher.processRequest(OzoneProtocolMessageDispatcher.java:87) [hdds-server-framework-1.3.0-SNAPSHOT.jar:?]
	at org.apache.hadoop.ozone.protocolPB.OzoneManagerProtocolServerSideTranslatorPB.submitRequest(OzoneManagerProtocolServerSideTranslatorPB.java:147) [ozone-manager-1.3.0-SNAPSHOT.jar:?]
	at org.apache.hadoop.ozone.protocol.proto.OzoneManagerProtocolProtos$OzoneManagerService$2.callBlockingMethod(OzoneManagerProtocolProtos.java) [ozone-interface-client-1.3.0-SNAPSHOT.jar:?]
	at org.apache.hadoop.ipc.ProtobufRpcEngine$Server.processCall(ProtobufRpcEngine.java:466) [hadoop-common-3.3.1.jar:?]
	at org.apache.hadoop.ipc.ProtobufRpcEngine2$Server$ProtoBufRpcInvoker.call(ProtobufRpcEngine2.java:574) [hadoop-common-3.3.1.jar:?]
	at org.apache.hadoop.ipc.ProtobufRpcEngine2$Server$ProtoBufRpcInvoker.call(ProtobufRpcEngine2.java:552) [hadoop-common-3.3.1.jar:?]
	at org.apache.hadoop.ipc.RPC$Server.call(RPC.java:1093) [hadoop-common-3.3.1.jar:?]
	at org.apache.hadoop.ipc.Server$RpcCall.run(Server.java:1035) [hadoop-common-3.3.1.jar:?]
	at org.apache.hadoop.ipc.Server$RpcCall.run(Server.java:963) [hadoop-common-3.3.1.jar:?]
	at java.security.AccessController.doPrivileged(Native Method) ~[?:1.8.0_332]
	at javax.security.auth.Subject.doAs(Subject.java:422) [?:1.8.0_332]
	at org.apache.hadoop.security.UserGroupInformation.doAs(UserGroupInformation.java:1878) [hadoop-common-3.3.1.jar:?]
	at org.apache.hadoop.ipc.Server$Handler.run(Server.java:2966) [hadoop-common-3.3.1.jar:?]
21:04:09.058 [IPC Server handler 13 on default port 43377] ERROR OMAudit - user=runner | ip=127.0.0.1 | op=GET_FILE_STATUS {volume=volume12960, bucket=trashroottest2, key=.Trash/runner, dataSize=0, replicationConfig=null} | ret=FAILURE
org.apache.hadoop.ozone.om.exceptions.OMException: Unable to get file status: volume: volume12960 bucket: trashroottest2 key: .Trash/runner
	at org.apache.hadoop.ozone.om.KeyManagerImpl.getOzoneFileStatus(KeyManagerImpl.java:1311) ~[ozone-manager-1.3.0-SNAPSHOT.jar:?]
	at org.apache.hadoop.ozone.om.KeyManagerImpl.getFileStatus(KeyManagerImpl.java:1241) ~[ozone-manager-1.3.0-SNAPSHOT.jar:?]
	at org.apache.hadoop.ozone.om.OzoneManager.getFileStatus(OzoneManager.java:3419) ~[ozone-manager-1.3.0-SNAPSHOT.jar:?]
	at org.apache.hadoop.ozone.protocolPB.OzoneManagerRequestHandler.getOzoneFileStatus(OzoneManagerRequestHandler.java:871) ~[ozone-manager-1.3.0-SNAPSHOT.jar:?]
	at org.apache.hadoop.ozone.protocolPB.OzoneManagerRequestHandler.handleReadRequest(OzoneManagerRequestHandler.java:217) ~[ozone-manager-1.3.0-SNAPSHOT.jar:?]
	at org.apache.hadoop.ozone.protocolPB.OzoneManagerProtocolServerSideTranslatorPB.submitReadRequestToOM(OzoneManagerProtocolServerSideTranslatorPB.java:226) ~[ozone-manager-1.3.0-SNAPSHOT.jar:?]
	at org.apache.hadoop.ozone.protocolPB.OzoneManagerProtocolServerSideTranslatorPB.processRequest(OzoneManagerProtocolServerSideTranslatorPB.java:175) ~[ozone-manager-1.3.0-SNAPSHOT.jar:?]
	at org.apache.hadoop.hdds.server.OzoneProtocolMessageDispatcher.processRequest(OzoneProtocolMessageDispatcher.java:87) [hdds-server-framework-1.3.0-SNAPSHOT.jar:?]
	at org.apache.hadoop.ozone.protocolPB.OzoneManagerProtocolServerSideTranslatorPB.submitRequest(OzoneManagerProtocolServerSideTranslatorPB.java:147) [ozone-manager-1.3.0-SNAPSHOT.jar:?]
	at org.apache.hadoop.ozone.protocol.proto.OzoneManagerProtocolProtos$OzoneManagerService$2.callBlockingMethod(OzoneManagerProtocolProtos.java) [ozone-interface-client-1.3.0-SNAPSHOT.jar:?]
	at org.apache.hadoop.ipc.ProtobufRpcEngine$Server.processCall(ProtobufRpcEngine.java:466) [hadoop-common-3.3.1.jar:?]
	at org.apache.hadoop.ipc.ProtobufRpcEngine2$Server$ProtoBufRpcInvoker.call(ProtobufRpcEngine2.java:574) [hadoop-common-3.3.1.jar:?]
	at org.apache.hadoop.ipc.ProtobufRpcEngine2$Server$ProtoBufRpcInvoker.call(ProtobufRpcEngine2.java:552) [hadoop-common-3.3.1.jar:?]
	at org.apache.hadoop.ipc.RPC$Server.call(RPC.java:1093) [hadoop-common-3.3.1.jar:?]
	at org.apache.hadoop.ipc.Server$RpcCall.run(Server.java:1035) [hadoop-common-3.3.1.jar:?]
	at org.apache.hadoop.ipc.Server$RpcCall.run(Server.java:963) [hadoop-common-3.3.1.jar:?]
	at java.security.AccessController.doPrivileged(Native Method) ~[?:1.8.0_332]
	at javax.security.auth.Subject.doAs(Subject.java:422) [?:1.8.0_332]
	at org.apache.hadoop.security.UserGroupInformation.doAs(UserGroupInformation.java:1878) [hadoop-common-3.3.1.jar:?]
	at org.apache.hadoop.ipc.Server$Handler.run(Server.java:2966) [hadoop-common-3.3.1.jar:?]
21:04:09.065 [IPC Server handler 8 on default port 43377] ERROR OMAudit - user=runner | ip=127.0.0.1 | op=GET_FILE_STATUS {volume=c05370e8-6791-43a7-bb76-da88b5e80bd6, bucket=df3304d9-f829-424e-a984-d671e3ce3e4b, key=.Trash, dataSize=0, replicationConfig=null} | ret=FAILURE
org.apache.hadoop.ozone.om.exceptions.OMException: Unable to get file status: volume: c05370e8-6791-43a7-bb76-da88b5e80bd6 bucket: df3304d9-f829-424e-a984-d671e3ce3e4b key: .Trash
	at org.apache.hadoop.ozone.om.KeyManagerImpl.getOzoneFileStatus(KeyManagerImpl.java:1311) ~[ozone-manager-1.3.0-SNAPSHOT.jar:?]
	at org.apache.hadoop.ozone.om.KeyManagerImpl.getFileStatus(KeyManagerImpl.java:1241) ~[ozone-manager-1.3.0-SNAPSHOT.jar:?]
	at org.apache.hadoop.ozone.om.OzoneManager.getFileStatus(OzoneManager.java:3419) ~[ozone-manager-1.3.0-SNAPSHOT.jar:?]
	at org.apache.hadoop.ozone.protocolPB.OzoneManagerRequestHandler.getOzoneFileStatus(OzoneManagerRequestHandler.java:871) ~[ozone-manager-1.3.0-SNAPSHOT.jar:?]
	at org.apache.hadoop.ozone.protocolPB.OzoneManagerRequestHandler.handleReadRequest(OzoneManagerRequestHandler.java:217) ~[ozone-manager-1.3.0-SNAPSHOT.jar:?]
	at org.apache.hadoop.ozone.protocolPB.OzoneManagerProtocolServerSideTranslatorPB.submitReadRequestToOM(OzoneManagerProtocolServerSideTranslatorPB.java:226) ~[ozone-manager-1.3.0-SNAPSHOT.jar:?]
	at org.apache.hadoop.ozone.protocolPB.OzoneManagerProtocolServerSideTranslatorPB.processRequest(OzoneManagerProtocolServerSideTranslatorPB.java:175) ~[ozone-manager-1.3.0-SNAPSHOT.jar:?]
	at org.apache.hadoop.hdds.server.OzoneProtocolMessageDispatcher.processRequest(OzoneProtocolMessageDispatcher.java:87) [hdds-server-framework-1.3.0-SNAPSHOT.jar:?]
	at org.apache.hadoop.ozone.protocolPB.OzoneManagerProtocolServerSideTranslatorPB.submitRequest(OzoneManagerProtocolServerSideTranslatorPB.java:147) [ozone-manager-1.3.0-SNAPSHOT.jar:?]
	at org.apache.hadoop.ozone.protocol.proto.OzoneManagerProtocolProtos$OzoneManagerService$2.callBlockingMethod(OzoneManagerProtocolProtos.java) [ozone-interface-client-1.3.0-SNAPSHOT.jar:?]
	at org.apache.hadoop.ipc.ProtobufRpcEngine$Server.processCall(ProtobufRpcEngine.java:466) [hadoop-common-3.3.1.jar:?]
	at org.apache.hadoop.ipc.ProtobufRpcEngine2$Server$ProtoBufRpcInvoker.call(ProtobufRpcEngine2.java:574) [hadoop-common-3.3.1.jar:?]
	at org.apache.hadoop.ipc.ProtobufRpcEngine2$Server$ProtoBufRpcInvoker.call(ProtobufRpcEngine2.java:552) [hadoop-common-3.3.1.jar:?]
	at org.apache.hadoop.ipc.RPC$Server.call(RPC.java:1093) [hadoop-common-3.3.1.jar:?]
	at org.apache.hadoop.ipc.Server$RpcCall.run(Server.java:1035) [hadoop-common-3.3.1.jar:?]
	at org.apache.hadoop.ipc.Server$RpcCall.run(Server.java:963) [hadoop-common-3.3.1.jar:?]
	at java.security.AccessController.doPrivileged(Native Method) ~[?:1.8.0_332]
	at javax.security.auth.Subject.doAs(Subject.java:422) [?:1.8.0_332]
	at org.apache.hadoop.security.UserGroupInformation.doAs(UserGroupInformation.java:1878) [hadoop-common-3.3.1.jar:?]
	at org.apache.hadoop.ipc.Server$Handler.run(Server.java:2966) [hadoop-common-3.3.1.jar:?]
21:04:09.071 [IPC Server handler 0 on default port 43377] ERROR OMAudit - user=runner | ip=127.0.0.1 | op=GET_FILE_STATUS {volume=volume04901, bucket=bucket19534, key=.Trash, dataSize=0, replicationConfig=null} | ret=FAILURE
org.apache.hadoop.ozone.om.exceptions.OMException: Unable to get file status: volume: volume04901 bucket: bucket19534 key: .Trash
	at org.apache.hadoop.ozone.om.KeyManagerImpl.getOzoneFileStatus(KeyManagerImpl.java:1311) ~[ozone-manager-1.3.0-SNAPSHOT.jar:?]
	at org.apache.hadoop.ozone.om.KeyManagerImpl.getFileStatus(KeyManagerImpl.java:1241) ~[ozone-manager-1.3.0-SNAPSHOT.jar:?]
	at org.apache.hadoop.ozone.om.OzoneManager.getFileStatus(OzoneManager.java:3419) ~[ozone-manager-1.3.0-SNAPSHOT.jar:?]
	at org.apache.hadoop.ozone.protocolPB.OzoneManagerRequestHandler.getOzoneFileStatus(OzoneManagerRequestHandler.java:871) ~[ozone-manager-1.3.0-SNAPSHOT.jar:?]
	at org.apache.hadoop.ozone.protocolPB.OzoneManagerRequestHandler.handleReadRequest(OzoneManagerRequestHandler.java:217) ~[ozone-manager-1.3.0-SNAPSHOT.jar:?]
	at org.apache.hadoop.ozone.protocolPB.OzoneManagerProtocolServerSideTranslatorPB.submitReadRequestToOM(OzoneManagerProtocolServerSideTranslatorPB.java:226) ~[ozone-manager-1.3.0-SNAPSHOT.jar:?]
	at org.apache.hadoop.ozone.protocolPB.OzoneManagerProtocolServerSideTranslatorPB.processRequest(OzoneManagerProtocolServerSideTranslatorPB.java:175) ~[ozone-manager-1.3.0-SNAPSHOT.jar:?]
	at org.apache.hadoop.hdds.server.OzoneProtocolMessageDispatcher.processRequest(OzoneProtocolMessageDispatcher.java:87) [hdds-server-framework-1.3.0-SNAPSHOT.jar:?]
	at org.apache.hadoop.ozone.protocolPB.OzoneManagerProtocolServerSideTranslatorPB.submitRequest(OzoneManagerProtocolServerSideTranslatorPB.java:147) [ozone-manager-1.3.0-SNAPSHOT.jar:?]
	at org.apache.hadoop.ozone.protocol.proto.OzoneManagerProtocolProtos$OzoneManagerService$2.callBlockingMethod(OzoneManagerProtocolProtos.java) [ozone-interface-client-1.3.0-SNAPSHOT.jar:?]
	at org.apache.hadoop.ipc.ProtobufRpcEngine$Server.processCall(ProtobufRpcEngine.java:466) [hadoop-common-3.3.1.jar:?]
	at org.apache.hadoop.ipc.ProtobufRpcEngine2$Server$ProtoBufRpcInvoker.call(ProtobufRpcEngine2.java:574) [hadoop-common-3.3.1.jar:?]
	at org.apache.hadoop.ipc.ProtobufRpcEngine2$Server$ProtoBufRpcInvoker.call(ProtobufRpcEngine2.java:552) [hadoop-common-3.3.1.jar:?]
	at org.apache.hadoop.ipc.RPC$Server.call(RPC.java:1093) [hadoop-common-3.3.1.jar:?]
	at org.apache.hadoop.ipc.Server$RpcCall.run(Server.java:1035) [hadoop-common-3.3.1.jar:?]
	at org.apache.hadoop.ipc.Server$RpcCall.run(Server.java:963) [hadoop-common-3.3.1.jar:?]
	at java.security.AccessController.doPrivileged(Native Method) ~[?:1.8.0_332]
	at javax.security.auth.Subject.doAs(Subject.java:422) [?:1.8.0_332]
	at org.apache.hadoop.security.UserGroupInformation.doAs(UserGroupInformation.java:1878) [hadoop-common-3.3.1.jar:?]
	at org.apache.hadoop.ipc.Server$Handler.run(Server.java:2966) [hadoop-common-3.3.1.jar:?]
21:04:09.082 [IPC Server handler 2 on default port 43377] ERROR OMAudit - user=runner | ip=127.0.0.1 | op=GET_FILE_STATUS {volume=volume12960, bucket=trashroottest2, key=.Trash, dataSize=0, replicationConfig=null} | ret=FAILURE
org.apache.hadoop.ozone.om.exceptions.OMException: Unable to get file status: volume: volume12960 bucket: trashroottest2 key: .Trash
	at org.apache.hadoop.ozone.om.KeyManagerImpl.getOzoneFileStatus(KeyManagerImpl.java:1311) ~[ozone-manager-1.3.0-SNAPSHOT.jar:?]
	at org.apache.hadoop.ozone.om.KeyManagerImpl.getFileStatus(KeyManagerImpl.java:1241) ~[ozone-manager-1.3.0-SNAPSHOT.jar:?]
	at org.apache.hadoop.ozone.om.OzoneManager.getFileStatus(OzoneManager.java:3419) ~[ozone-manager-1.3.0-SNAPSHOT.jar:?]
	at org.apache.hadoop.ozone.protocolPB.OzoneManagerRequestHandler.getOzoneFileStatus(OzoneManagerRequestHandler.java:871) ~[ozone-manager-1.3.0-SNAPSHOT.jar:?]
	at org.apache.hadoop.ozone.protocolPB.OzoneManagerRequestHandler.handleReadRequest(OzoneManagerRequestHandler.java:217) ~[ozone-manager-1.3.0-SNAPSHOT.jar:?]
	at org.apache.hadoop.ozone.protocolPB.OzoneManagerProtocolServerSideTranslatorPB.submitReadRequestToOM(OzoneManagerProtocolServerSideTranslatorPB.java:226) ~[ozone-manager-1.3.0-SNAPSHOT.jar:?]
	at org.apache.hadoop.ozone.protocolPB.OzoneManagerProtocolServerSideTranslatorPB.processRequest(OzoneManagerProtocolServerSideTranslatorPB.java:175) ~[ozone-manager-1.3.0-SNAPSHOT.jar:?]
	at org.apache.hadoop.hdds.server.OzoneProtocolMessageDispatcher.processRequest(OzoneProtocolMessageDispatcher.java:87) [hdds-server-framework-1.3.0-SNAPSHOT.jar:?]
	at org.apache.hadoop.ozone.protocolPB.OzoneManagerProtocolServerSideTranslatorPB.submitRequest(OzoneManagerProtocolServerSideTranslatorPB.java:147) [ozone-manager-1.3.0-SNAPSHOT.jar:?]
	at org.apache.hadoop.ozone.protocol.proto.OzoneManagerProtocolProtos$OzoneManagerService$2.callBlockingMethod(OzoneManagerProtocolProtos.java) [ozone-interface-client-1.3.0-SNAPSHOT.jar:?]
	at org.apache.hadoop.ipc.ProtobufRpcEngine$Server.processCall(ProtobufRpcEngine.java:466) [hadoop-common-3.3.1.jar:?]
	at org.apache.hadoop.ipc.ProtobufRpcEngine2$Server$ProtoBufRpcInvoker.call(ProtobufRpcEngine2.java:574) [hadoop-common-3.3.1.jar:?]
	at org.apache.hadoop.ipc.ProtobufRpcEngine2$Server$ProtoBufRpcInvoker.call(ProtobufRpcEngine2.java:552) [hadoop-common-3.3.1.jar:?]
	at org.apache.hadoop.ipc.RPC$Server.call(RPC.java:1093) [hadoop-common-3.3.1.jar:?]
	at org.apache.hadoop.ipc.Server$RpcCall.run(Server.java:1035) [hadoop-common-3.3.1.jar:?]
	at org.apache.hadoop.ipc.Server$RpcCall.run(Server.java:963) [hadoop-common-3.3.1.jar:?]
	at java.security.AccessController.doPrivileged(Native Method) ~[?:1.8.0_332]
	at javax.security.auth.Subject.doAs(Subject.java:422) [?:1.8.0_332]
	at org.apache.hadoop.security.UserGroupInformation.doAs(UserGroupInformation.java:1878) [hadoop-common-3.3.1.jar:?]
	at org.apache.hadoop.ipc.Server$Handler.run(Server.java:2966) [hadoop-common-3.3.1.jar:?]
21:04:09.120 [IPC Server handler 15 on default port 43377] ERROR OMAudit - user=runner | ip=127.0.0.1 | op=GET_FILE_STATUS {volume=c05370e8-6791-43a7-bb76-da88b5e80bd6, bucket=df3304d9-f829-424e-a984-d671e3ce3e4b, key=.Trash/runner, dataSize=0, replicationConfig=null} | ret=FAILURE
org.apache.hadoop.ozone.om.exceptions.OMException: Unable to get file status: volume: c05370e8-6791-43a7-bb76-da88b5e80bd6 bucket: df3304d9-f829-424e-a984-d671e3ce3e4b key: .Trash/runner
	at org.apache.hadoop.ozone.om.KeyManagerImpl.getOzoneFileStatus(KeyManagerImpl.java:1311) ~[ozone-manager-1.3.0-SNAPSHOT.jar:?]
	at org.apache.hadoop.ozone.om.KeyManagerImpl.getFileStatus(KeyManagerImpl.java:1241) ~[ozone-manager-1.3.0-SNAPSHOT.jar:?]
	at org.apache.hadoop.ozone.om.OzoneManager.getFileStatus(OzoneManager.java:3419) ~[ozone-manager-1.3.0-SNAPSHOT.jar:?]
	at org.apache.hadoop.ozone.protocolPB.OzoneManagerRequestHandler.getOzoneFileStatus(OzoneManagerRequestHandler.java:871) ~[ozone-manager-1.3.0-SNAPSHOT.jar:?]
	at org.apache.hadoop.ozone.protocolPB.OzoneManagerRequestHandler.handleReadRequest(OzoneManagerRequestHandler.java:217) ~[ozone-manager-1.3.0-SNAPSHOT.jar:?]
	at org.apache.hadoop.ozone.protocolPB.OzoneManagerProtocolServerSideTranslatorPB.submitReadRequestToOM(OzoneManagerProtocolServerSideTranslatorPB.java:226) ~[ozone-manager-1.3.0-SNAPSHOT.jar:?]
	at org.apache.hadoop.ozone.protocolPB.OzoneManagerProtocolServerSideTranslatorPB.processRequest(OzoneManagerProtocolServerSideTranslatorPB.java:175) ~[ozone-manager-1.3.0-SNAPSHOT.jar:?]
	at org.apache.hadoop.hdds.server.OzoneProtocolMessageDispatcher.processRequest(OzoneProtocolMessageDispatcher.java:87) [hdds-server-framework-1.3.0-SNAPSHOT.jar:?]
	at org.apache.hadoop.ozone.protocolPB.OzoneManagerProtocolServerSideTranslatorPB.submitRequest(OzoneManagerProtocolServerSideTranslatorPB.java:147) [ozone-manager-1.3.0-SNAPSHOT.jar:?]
	at org.apache.hadoop.ozone.protocol.proto.OzoneManagerProtocolProtos$OzoneManagerService$2.callBlockingMethod(OzoneManagerProtocolProtos.java) [ozone-interface-client-1.3.0-SNAPSHOT.jar:?]
	at org.apache.hadoop.ipc.ProtobufRpcEngine$Server.processCall(ProtobufRpcEngine.java:466) [hadoop-common-3.3.1.jar:?]
	at org.apache.hadoop.ipc.ProtobufRpcEngine2$Server$ProtoBufRpcInvoker.call(ProtobufRpcEngine2.java:574) [hadoop-common-3.3.1.jar:?]
	at org.apache.hadoop.ipc.ProtobufRpcEngine2$Server$ProtoBufRpcInvoker.call(ProtobufRpcEngine2.java:552) [hadoop-common-3.3.1.jar:?]
	at org.apache.hadoop.ipc.RPC$Server.call(RPC.java:1093) [hadoop-common-3.3.1.jar:?]
	at org.apache.hadoop.ipc.Server$RpcCall.run(Server.java:1035) [hadoop-common-3.3.1.jar:?]
	at org.apache.hadoop.ipc.Server$RpcCall.run(Server.java:963) [hadoop-common-3.3.1.jar:?]
	at java.security.AccessController.doPrivileged(Native Method) ~[?:1.8.0_332]
	at javax.security.auth.Subject.doAs(Subject.java:422) [?:1.8.0_332]
	at org.apache.hadoop.security.UserGroupInformation.doAs(UserGroupInformation.java:1878) [hadoop-common-3.3.1.jar:?]
	at org.apache.hadoop.ipc.Server$Handler.run(Server.java:2966) [hadoop-common-3.3.1.jar:?]
21:04:09.125 [IPC Server handler 7 on default port 43377] ERROR OMAudit - user=runner | ip=127.0.0.1 | op=GET_FILE_STATUS {volume=volume12960, bucket=bucket62026, key=.Trash/runner, dataSize=0, replicationConfig=null} | ret=FAILURE
org.apache.hadoop.ozone.om.exceptions.OMException: Unable to get file status: volume: volume12960 bucket: bucket62026 key: .Trash/runner
	at org.apache.hadoop.ozone.om.KeyManagerImpl.getOzoneFileStatus(KeyManagerImpl.java:1311) ~[ozone-manager-1.3.0-SNAPSHOT.jar:?]
	at org.apache.hadoop.ozone.om.KeyManagerImpl.getFileStatus(KeyManagerImpl.java:1241) ~[ozone-manager-1.3.0-SNAPSHOT.jar:?]
	at org.apache.hadoop.ozone.om.OzoneManager.getFileStatus(OzoneManager.java:3419) ~[ozone-manager-1.3.0-SNAPSHOT.jar:?]
	at org.apache.hadoop.ozone.protocolPB.OzoneManagerRequestHandler.getOzoneFileStatus(OzoneManagerRequestHandler.java:871) ~[ozone-manager-1.3.0-SNAPSHOT.jar:?]
	at org.apache.hadoop.ozone.protocolPB.OzoneManagerRequestHandler.handleReadRequest(OzoneManagerRequestHandler.java:217) ~[ozone-manager-1.3.0-SNAPSHOT.jar:?]
	at org.apache.hadoop.ozone.protocolPB.OzoneManagerProtocolServerSideTranslatorPB.submitReadRequestToOM(OzoneManagerProtocolServerSideTranslatorPB.java:226) ~[ozone-manager-1.3.0-SNAPSHOT.jar:?]
	at org.apache.hadoop.ozone.protocolPB.OzoneManagerProtocolServerSideTranslatorPB.processRequest(OzoneManagerProtocolServerSideTranslatorPB.java:175) ~[ozone-manager-1.3.0-SNAPSHOT.jar:?]
	at org.apache.hadoop.hdds.server.OzoneProtocolMessageDispatcher.processRequest(OzoneProtocolMessageDispatcher.java:87) [hdds-server-framework-1.3.0-SNAPSHOT.jar:?]
	at org.apache.hadoop.ozone.protocolPB.OzoneManagerProtocolServerSideTranslatorPB.submitRequest(OzoneManagerProtocolServerSideTranslatorPB.java:147) [ozone-manager-1.3.0-SNAPSHOT.jar:?]
	at org.apache.hadoop.ozone.protocol.proto.OzoneManagerProtocolProtos$OzoneManagerService$2.callBlockingMethod(OzoneManagerProtocolProtos.java) [ozone-interface-client-1.3.0-SNAPSHOT.jar:?]
	at org.apache.hadoop.ipc.ProtobufRpcEngine$Server.processCall(ProtobufRpcEngine.java:466) [hadoop-common-3.3.1.jar:?]
	at org.apache.hadoop.ipc.ProtobufRpcEngine2$Server$ProtoBufRpcInvoker.call(ProtobufRpcEngine2.java:574) [hadoop-common-3.3.1.jar:?]
	at org.apache.hadoop.ipc.ProtobufRpcEngine2$Server$ProtoBufRpcInvoker.call(ProtobufRpcEngine2.java:552) [hadoop-common-3.3.1.jar:?]
	at org.apache.hadoop.ipc.RPC$Server.call(RPC.java:1093) [hadoop-common-3.3.1.jar:?]
	at org.apache.hadoop.ipc.Server$RpcCall.run(Server.java:1035) [hadoop-common-3.3.1.jar:?]
	at org.apache.hadoop.ipc.Server$RpcCall.run(Server.java:963) [hadoop-common-3.3.1.jar:?]
	at java.security.AccessController.doPrivileged(Native Method) ~[?:1.8.0_332]
	at javax.security.auth.Subject.doAs(Subject.java:422) [?:1.8.0_332]
	at org.apache.hadoop.security.UserGroupInformation.doAs(UserGroupInformation.java:1878) [hadoop-common-3.3.1.jar:?]
	at org.apache.hadoop.ipc.Server$Handler.run(Server.java:2966) [hadoop-common-3.3.1.jar:?]
21:04:09.131 [IPC Server handler 1 on default port 43377] ERROR OMAudit - user=runner | ip=127.0.0.1 | op=GET_FILE_STATUS {volume=c05370e8-6791-43a7-bb76-da88b5e80bd6, bucket=df3304d9-f829-424e-a984-d671e3ce3e4b, key=.Trash, dataSize=0, replicationConfig=null} | ret=FAILURE
org.apache.hadoop.ozone.om.exceptions.OMException: Unable to get file status: volume: c05370e8-6791-43a7-bb76-da88b5e80bd6 bucket: df3304d9-f829-424e-a984-d671e3ce3e4b key: .Trash
	at org.apache.hadoop.ozone.om.KeyManagerImpl.getOzoneFileStatus(KeyManagerImpl.java:1311) ~[ozone-manager-1.3.0-SNAPSHOT.jar:?]
	at org.apache.hadoop.ozone.om.KeyManagerImpl.getFileStatus(KeyManagerImpl.java:1241) ~[ozone-manager-1.3.0-SNAPSHOT.jar:?]
	at org.apache.hadoop.ozone.om.OzoneManager.getFileStatus(OzoneManager.java:3419) ~[ozone-manager-1.3.0-SNAPSHOT.jar:?]
	at org.apache.hadoop.ozone.protocolPB.OzoneManagerRequestHandler.getOzoneFileStatus(OzoneManagerRequestHandler.java:871) ~[ozone-manager-1.3.0-SNAPSHOT.jar:?]
	at org.apache.hadoop.ozone.protocolPB.OzoneManagerRequestHandler.handleReadRequest(OzoneManagerRequestHandler.java:217) ~[ozone-manager-1.3.0-SNAPSHOT.jar:?]
	at org.apache.hadoop.ozone.protocolPB.OzoneManagerProtocolServerSideTranslatorPB.submitReadRequestToOM(OzoneManagerProtocolServerSideTranslatorPB.java:226) ~[ozone-manager-1.3.0-SNAPSHOT.jar:?]
	at org.apache.hadoop.ozone.protocolPB.OzoneManagerProtocolServerSideTranslatorPB.processRequest(OzoneManagerProtocolServerSideTranslatorPB.java:175) ~[ozone-manager-1.3.0-SNAPSHOT.jar:?]
	at org.apache.hadoop.hdds.server.OzoneProtocolMessageDispatcher.processRequest(OzoneProtocolMessageDispatcher.java:87) [hdds-server-framework-1.3.0-SNAPSHOT.jar:?]
	at org.apache.hadoop.ozone.protocolPB.OzoneManagerProtocolServerSideTranslatorPB.submitRequest(OzoneManagerProtocolServerSideTranslatorPB.java:147) [ozone-manager-1.3.0-SNAPSHOT.jar:?]
	at org.apache.hadoop.ozone.protocol.proto.OzoneManagerProtocolProtos$OzoneManagerService$2.callBlockingMethod(OzoneManagerProtocolProtos.java) [ozone-interface-client-1.3.0-SNAPSHOT.jar:?]
	at org.apache.hadoop.ipc.ProtobufRpcEngine$Server.processCall(ProtobufRpcEngine.java:466) [hadoop-common-3.3.1.jar:?]
	at org.apache.hadoop.ipc.ProtobufRpcEngine2$Server$ProtoBufRpcInvoker.call(ProtobufRpcEngine2.java:574) [hadoop-common-3.3.1.jar:?]
	at org.apache.hadoop.ipc.ProtobufRpcEngine2$Server$ProtoBufRpcInvoker.call(ProtobufRpcEngine2.java:552) [hadoop-common-3.3.1.jar:?]
	at org.apache.hadoop.ipc.RPC$Server.call(RPC.java:1093) [hadoop-common-3.3.1.jar:?]
	at org.apache.hadoop.ipc.Server$RpcCall.run(Server.java:1035) [hadoop-common-3.3.1.jar:?]
	at org.apache.hadoop.ipc.Server$RpcCall.run(Server.java:963) [hadoop-common-3.3.1.jar:?]
	at java.security.AccessController.doPrivileged(Native Method) ~[?:1.8.0_332]
	at javax.security.auth.Subject.doAs(Subject.java:422) [?:1.8.0_332]
	at org.apache.hadoop.security.UserGroupInformation.doAs(UserGroupInformation.java:1878) [hadoop-common-3.3.1.jar:?]
	at org.apache.hadoop.ipc.Server$Handler.run(Server.java:2966) [hadoop-common-3.3.1.jar:?]
]]></system-out>
  </testcase>
  <testcase name="testGetTrashRoots" classname="TestRootedOzoneFileSystem" time="0.852">
    <system-out><![CDATA[2022-07-12 21:05:20,709 [Time-limited test] INFO  rpc.RpcClient (RpcClient.java:createVolume(466)) - Creating Volume: volume36216, with user33447 as owner and space quota set to -1 bytes, counts quota set to -1
2022-07-12 21:05:20,711 [OM StateMachine ApplyTransaction Thread - 0] INFO  volume.OMVolumeCreateRequest (OMVolumeCreateRequest.java:validateAndUpdateCache(195)) - created volume:volume36216 for user:user33447
2022-07-12 21:05:20,713 [Time-limited test] INFO  rpc.RpcClient (RpcClient.java:createBucket(669)) - Creating Bucket: volume36216/bucket86288, with bucket layout LEGACY, runner as owner, Versioning false, Storage Type set to DISK and Encryption set to false 
2022-07-12 21:05:20,714 [OM StateMachine ApplyTransaction Thread - 0] INFO  bucket.OMBucketCreateRequest (OMBucketCreateRequest.java:validateAndUpdateCache(260)) - created bucket: bucket86288 of layout LEGACY in volume: volume36216
21:05:20.721 [IPC Server handler 1 on default port 38457] ERROR OMAudit - user=runner | ip=127.0.0.1 | op=GET_FILE_STATUS {volume=volume36216, bucket=bucket86288, key=.Trash/runner, dataSize=0, replicationConfig=null} | ret=FAILURE
org.apache.hadoop.ozone.om.exceptions.OMException: Unable to get file status: volume: volume36216 bucket: bucket86288 key: .Trash/runner
	at org.apache.hadoop.ozone.om.KeyManagerImpl.getOzoneFileStatus(KeyManagerImpl.java:1311) ~[ozone-manager-1.3.0-SNAPSHOT.jar:?]
	at org.apache.hadoop.ozone.om.KeyManagerImpl.getFileStatus(KeyManagerImpl.java:1241) ~[ozone-manager-1.3.0-SNAPSHOT.jar:?]
	at org.apache.hadoop.ozone.om.OzoneManager.getFileStatus(OzoneManager.java:3419) ~[ozone-manager-1.3.0-SNAPSHOT.jar:?]
	at org.apache.hadoop.ozone.protocolPB.OzoneManagerRequestHandler.getOzoneFileStatus(OzoneManagerRequestHandler.java:871) ~[ozone-manager-1.3.0-SNAPSHOT.jar:?]
	at org.apache.hadoop.ozone.protocolPB.OzoneManagerRequestHandler.handleReadRequest(OzoneManagerRequestHandler.java:217) ~[ozone-manager-1.3.0-SNAPSHOT.jar:?]
	at org.apache.hadoop.ozone.protocolPB.OzoneManagerProtocolServerSideTranslatorPB.submitReadRequestToOM(OzoneManagerProtocolServerSideTranslatorPB.java:226) ~[ozone-manager-1.3.0-SNAPSHOT.jar:?]
	at org.apache.hadoop.ozone.protocolPB.OzoneManagerProtocolServerSideTranslatorPB.processRequest(OzoneManagerProtocolServerSideTranslatorPB.java:175) ~[ozone-manager-1.3.0-SNAPSHOT.jar:?]
	at org.apache.hadoop.hdds.server.OzoneProtocolMessageDispatcher.processRequest(OzoneProtocolMessageDispatcher.java:87) [hdds-server-framework-1.3.0-SNAPSHOT.jar:?]
	at org.apache.hadoop.ozone.protocolPB.OzoneManagerProtocolServerSideTranslatorPB.submitRequest(OzoneManagerProtocolServerSideTranslatorPB.java:147) [ozone-manager-1.3.0-SNAPSHOT.jar:?]
	at org.apache.hadoop.ozone.protocol.proto.OzoneManagerProtocolProtos$OzoneManagerService$2.callBlockingMethod(OzoneManagerProtocolProtos.java) [ozone-interface-client-1.3.0-SNAPSHOT.jar:?]
	at org.apache.hadoop.ipc.ProtobufRpcEngine$Server.processCall(ProtobufRpcEngine.java:466) [hadoop-common-3.3.1.jar:?]
	at org.apache.hadoop.ipc.ProtobufRpcEngine2$Server$ProtoBufRpcInvoker.call(ProtobufRpcEngine2.java:574) [hadoop-common-3.3.1.jar:?]
	at org.apache.hadoop.ipc.ProtobufRpcEngine2$Server$ProtoBufRpcInvoker.call(ProtobufRpcEngine2.java:552) [hadoop-common-3.3.1.jar:?]
	at org.apache.hadoop.ipc.RPC$Server.call(RPC.java:1093) [hadoop-common-3.3.1.jar:?]
	at org.apache.hadoop.ipc.Server$RpcCall.run(Server.java:1035) [hadoop-common-3.3.1.jar:?]
	at org.apache.hadoop.ipc.Server$RpcCall.run(Server.java:963) [hadoop-common-3.3.1.jar:?]
	at java.security.AccessController.doPrivileged(Native Method) ~[?:1.8.0_332]
	at javax.security.auth.Subject.doAs(Subject.java:422) [?:1.8.0_332]
	at org.apache.hadoop.security.UserGroupInformation.doAs(UserGroupInformation.java:1878) [hadoop-common-3.3.1.jar:?]
	at org.apache.hadoop.ipc.Server$Handler.run(Server.java:2966) [hadoop-common-3.3.1.jar:?]
21:05:20.724 [IPC Server handler 7 on default port 38457] ERROR OMAudit - user=runner | ip=127.0.0.1 | op=GET_FILE_STATUS {volume=936c4569-a829-48a3-bf34-57ba9a58537e, bucket=b129baa5-510d-4ab6-9046-d8b8dc92dd40, key=.Trash, dataSize=0, replicationConfig=null} | ret=FAILURE
org.apache.hadoop.ozone.om.exceptions.OMException: Unable to get file status: volume: 936c4569-a829-48a3-bf34-57ba9a58537e bucket: b129baa5-510d-4ab6-9046-d8b8dc92dd40 key: .Trash
	at org.apache.hadoop.ozone.om.KeyManagerImpl.getOzoneFileStatus(KeyManagerImpl.java:1311) ~[ozone-manager-1.3.0-SNAPSHOT.jar:?]
	at org.apache.hadoop.ozone.om.KeyManagerImpl.getFileStatus(KeyManagerImpl.java:1241) ~[ozone-manager-1.3.0-SNAPSHOT.jar:?]
	at org.apache.hadoop.ozone.om.OzoneManager.getFileStatus(OzoneManager.java:3419) ~[ozone-manager-1.3.0-SNAPSHOT.jar:?]
	at org.apache.hadoop.ozone.protocolPB.OzoneManagerRequestHandler.getOzoneFileStatus(OzoneManagerRequestHandler.java:871) ~[ozone-manager-1.3.0-SNAPSHOT.jar:?]
	at org.apache.hadoop.ozone.protocolPB.OzoneManagerRequestHandler.handleReadRequest(OzoneManagerRequestHandler.java:217) ~[ozone-manager-1.3.0-SNAPSHOT.jar:?]
	at org.apache.hadoop.ozone.protocolPB.OzoneManagerProtocolServerSideTranslatorPB.submitReadRequestToOM(OzoneManagerProtocolServerSideTranslatorPB.java:226) ~[ozone-manager-1.3.0-SNAPSHOT.jar:?]
	at org.apache.hadoop.ozone.protocolPB.OzoneManagerProtocolServerSideTranslatorPB.processRequest(OzoneManagerProtocolServerSideTranslatorPB.java:175) ~[ozone-manager-1.3.0-SNAPSHOT.jar:?]
	at org.apache.hadoop.hdds.server.OzoneProtocolMessageDispatcher.processRequest(OzoneProtocolMessageDispatcher.java:87) [hdds-server-framework-1.3.0-SNAPSHOT.jar:?]
	at org.apache.hadoop.ozone.protocolPB.OzoneManagerProtocolServerSideTranslatorPB.submitRequest(OzoneManagerProtocolServerSideTranslatorPB.java:147) [ozone-manager-1.3.0-SNAPSHOT.jar:?]
	at org.apache.hadoop.ozone.protocol.proto.OzoneManagerProtocolProtos$OzoneManagerService$2.callBlockingMethod(OzoneManagerProtocolProtos.java) [ozone-interface-client-1.3.0-SNAPSHOT.jar:?]
	at org.apache.hadoop.ipc.ProtobufRpcEngine$Server.processCall(ProtobufRpcEngine.java:466) [hadoop-common-3.3.1.jar:?]
	at org.apache.hadoop.ipc.ProtobufRpcEngine2$Server$ProtoBufRpcInvoker.call(ProtobufRpcEngine2.java:574) [hadoop-common-3.3.1.jar:?]
	at org.apache.hadoop.ipc.ProtobufRpcEngine2$Server$ProtoBufRpcInvoker.call(ProtobufRpcEngine2.java:552) [hadoop-common-3.3.1.jar:?]
	at org.apache.hadoop.ipc.RPC$Server.call(RPC.java:1093) [hadoop-common-3.3.1.jar:?]
	at org.apache.hadoop.ipc.Server$RpcCall.run(Server.java:1035) [hadoop-common-3.3.1.jar:?]
	at org.apache.hadoop.ipc.Server$RpcCall.run(Server.java:963) [hadoop-common-3.3.1.jar:?]
	at java.security.AccessController.doPrivileged(Native Method) ~[?:1.8.0_332]
	at javax.security.auth.Subject.doAs(Subject.java:422) [?:1.8.0_332]
	at org.apache.hadoop.security.UserGroupInformation.doAs(UserGroupInformation.java:1878) [hadoop-common-3.3.1.jar:?]
	at org.apache.hadoop.ipc.Server$Handler.run(Server.java:2966) [hadoop-common-3.3.1.jar:?]
21:05:20.727 [IPC Server handler 16 on default port 38457] ERROR OMAudit - user=runner | ip=127.0.0.1 | op=GET_FILE_STATUS {volume=volume36216, bucket=bucket86288, key=.Trash, dataSize=0, replicationConfig=null} | ret=FAILURE
org.apache.hadoop.ozone.om.exceptions.OMException: Unable to get file status: volume: volume36216 bucket: bucket86288 key: .Trash
	at org.apache.hadoop.ozone.om.KeyManagerImpl.getOzoneFileStatus(KeyManagerImpl.java:1311) ~[ozone-manager-1.3.0-SNAPSHOT.jar:?]
	at org.apache.hadoop.ozone.om.KeyManagerImpl.getFileStatus(KeyManagerImpl.java:1241) ~[ozone-manager-1.3.0-SNAPSHOT.jar:?]
	at org.apache.hadoop.ozone.om.OzoneManager.getFileStatus(OzoneManager.java:3419) ~[ozone-manager-1.3.0-SNAPSHOT.jar:?]
	at org.apache.hadoop.ozone.protocolPB.OzoneManagerRequestHandler.getOzoneFileStatus(OzoneManagerRequestHandler.java:871) ~[ozone-manager-1.3.0-SNAPSHOT.jar:?]
	at org.apache.hadoop.ozone.protocolPB.OzoneManagerRequestHandler.handleReadRequest(OzoneManagerRequestHandler.java:217) ~[ozone-manager-1.3.0-SNAPSHOT.jar:?]
	at org.apache.hadoop.ozone.protocolPB.OzoneManagerProtocolServerSideTranslatorPB.submitReadRequestToOM(OzoneManagerProtocolServerSideTranslatorPB.java:226) ~[ozone-manager-1.3.0-SNAPSHOT.jar:?]
	at org.apache.hadoop.ozone.protocolPB.OzoneManagerProtocolServerSideTranslatorPB.processRequest(OzoneManagerProtocolServerSideTranslatorPB.java:175) ~[ozone-manager-1.3.0-SNAPSHOT.jar:?]
	at org.apache.hadoop.hdds.server.OzoneProtocolMessageDispatcher.processRequest(OzoneProtocolMessageDispatcher.java:87) [hdds-server-framework-1.3.0-SNAPSHOT.jar:?]
	at org.apache.hadoop.ozone.protocolPB.OzoneManagerProtocolServerSideTranslatorPB.submitRequest(OzoneManagerProtocolServerSideTranslatorPB.java:147) [ozone-manager-1.3.0-SNAPSHOT.jar:?]
	at org.apache.hadoop.ozone.protocol.proto.OzoneManagerProtocolProtos$OzoneManagerService$2.callBlockingMethod(OzoneManagerProtocolProtos.java) [ozone-interface-client-1.3.0-SNAPSHOT.jar:?]
	at org.apache.hadoop.ipc.ProtobufRpcEngine$Server.processCall(ProtobufRpcEngine.java:466) [hadoop-common-3.3.1.jar:?]
	at org.apache.hadoop.ipc.ProtobufRpcEngine2$Server$ProtoBufRpcInvoker.call(ProtobufRpcEngine2.java:574) [hadoop-common-3.3.1.jar:?]
	at org.apache.hadoop.ipc.ProtobufRpcEngine2$Server$ProtoBufRpcInvoker.call(ProtobufRpcEngine2.java:552) [hadoop-common-3.3.1.jar:?]
	at org.apache.hadoop.ipc.RPC$Server.call(RPC.java:1093) [hadoop-common-3.3.1.jar:?]
	at org.apache.hadoop.ipc.Server$RpcCall.run(Server.java:1035) [hadoop-common-3.3.1.jar:?]
	at org.apache.hadoop.ipc.Server$RpcCall.run(Server.java:963) [hadoop-common-3.3.1.jar:?]
	at java.security.AccessController.doPrivileged(Native Method) ~[?:1.8.0_332]
	at javax.security.auth.Subject.doAs(Subject.java:422) [?:1.8.0_332]
	at org.apache.hadoop.security.UserGroupInformation.doAs(UserGroupInformation.java:1878) [hadoop-common-3.3.1.jar:?]
	at org.apache.hadoop.ipc.Server$Handler.run(Server.java:2966) [hadoop-common-3.3.1.jar:?]
21:05:20.736 [IPC Server handler 11 on default port 38457] ERROR OMAudit - user=runner | ip=127.0.0.1 | op=GET_FILE_STATUS {volume=936c4569-a829-48a3-bf34-57ba9a58537e, bucket=b129baa5-510d-4ab6-9046-d8b8dc92dd40, key=.Trash, dataSize=0, replicationConfig=null} | ret=FAILURE
org.apache.hadoop.ozone.om.exceptions.OMException: Unable to get file status: volume: 936c4569-a829-48a3-bf34-57ba9a58537e bucket: b129baa5-510d-4ab6-9046-d8b8dc92dd40 key: .Trash
	at org.apache.hadoop.ozone.om.KeyManagerImpl.getOzoneFileStatus(KeyManagerImpl.java:1311) ~[ozone-manager-1.3.0-SNAPSHOT.jar:?]
	at org.apache.hadoop.ozone.om.KeyManagerImpl.getFileStatus(KeyManagerImpl.java:1241) ~[ozone-manager-1.3.0-SNAPSHOT.jar:?]
	at org.apache.hadoop.ozone.om.OzoneManager.getFileStatus(OzoneManager.java:3419) ~[ozone-manager-1.3.0-SNAPSHOT.jar:?]
	at org.apache.hadoop.ozone.protocolPB.OzoneManagerRequestHandler.getOzoneFileStatus(OzoneManagerRequestHandler.java:871) ~[ozone-manager-1.3.0-SNAPSHOT.jar:?]
	at org.apache.hadoop.ozone.protocolPB.OzoneManagerRequestHandler.handleReadRequest(OzoneManagerRequestHandler.java:217) ~[ozone-manager-1.3.0-SNAPSHOT.jar:?]
	at org.apache.hadoop.ozone.protocolPB.OzoneManagerProtocolServerSideTranslatorPB.submitReadRequestToOM(OzoneManagerProtocolServerSideTranslatorPB.java:226) ~[ozone-manager-1.3.0-SNAPSHOT.jar:?]
	at org.apache.hadoop.ozone.protocolPB.OzoneManagerProtocolServerSideTranslatorPB.processRequest(OzoneManagerProtocolServerSideTranslatorPB.java:175) ~[ozone-manager-1.3.0-SNAPSHOT.jar:?]
	at org.apache.hadoop.hdds.server.OzoneProtocolMessageDispatcher.processRequest(OzoneProtocolMessageDispatcher.java:87) [hdds-server-framework-1.3.0-SNAPSHOT.jar:?]
	at org.apache.hadoop.ozone.protocolPB.OzoneManagerProtocolServerSideTranslatorPB.submitRequest(OzoneManagerProtocolServerSideTranslatorPB.java:147) [ozone-manager-1.3.0-SNAPSHOT.jar:?]
	at org.apache.hadoop.ozone.protocol.proto.OzoneManagerProtocolProtos$OzoneManagerService$2.callBlockingMethod(OzoneManagerProtocolProtos.java) [ozone-interface-client-1.3.0-SNAPSHOT.jar:?]
	at org.apache.hadoop.ipc.ProtobufRpcEngine$Server.processCall(ProtobufRpcEngine.java:466) [hadoop-common-3.3.1.jar:?]
	at org.apache.hadoop.ipc.ProtobufRpcEngine2$Server$ProtoBufRpcInvoker.call(ProtobufRpcEngine2.java:574) [hadoop-common-3.3.1.jar:?]
	at org.apache.hadoop.ipc.ProtobufRpcEngine2$Server$ProtoBufRpcInvoker.call(ProtobufRpcEngine2.java:552) [hadoop-common-3.3.1.jar:?]
	at org.apache.hadoop.ipc.RPC$Server.call(RPC.java:1093) [hadoop-common-3.3.1.jar:?]
	at org.apache.hadoop.ipc.Server$RpcCall.run(Server.java:1035) [hadoop-common-3.3.1.jar:?]
	at org.apache.hadoop.ipc.Server$RpcCall.run(Server.java:963) [hadoop-common-3.3.1.jar:?]
	at java.security.AccessController.doPrivileged(Native Method) ~[?:1.8.0_332]
	at javax.security.auth.Subject.doAs(Subject.java:422) [?:1.8.0_332]
	at org.apache.hadoop.security.UserGroupInformation.doAs(UserGroupInformation.java:1878) [hadoop-common-3.3.1.jar:?]
	at org.apache.hadoop.ipc.Server$Handler.run(Server.java:2966) [hadoop-common-3.3.1.jar:?]
21:05:20.750 [IPC Server handler 19 on default port 38457] ERROR OMAudit - user=runner | ip=127.0.0.1 | op=GET_FILE_STATUS {volume=936c4569-a829-48a3-bf34-57ba9a58537e, bucket=b129baa5-510d-4ab6-9046-d8b8dc92dd40, key=.Trash, dataSize=0, replicationConfig=null} | ret=FAILURE
org.apache.hadoop.ozone.om.exceptions.OMException: Unable to get file status: volume: 936c4569-a829-48a3-bf34-57ba9a58537e bucket: b129baa5-510d-4ab6-9046-d8b8dc92dd40 key: .Trash
	at org.apache.hadoop.ozone.om.KeyManagerImpl.getOzoneFileStatus(KeyManagerImpl.java:1311) ~[ozone-manager-1.3.0-SNAPSHOT.jar:?]
	at org.apache.hadoop.ozone.om.KeyManagerImpl.getFileStatus(KeyManagerImpl.java:1241) ~[ozone-manager-1.3.0-SNAPSHOT.jar:?]
	at org.apache.hadoop.ozone.om.OzoneManager.getFileStatus(OzoneManager.java:3419) ~[ozone-manager-1.3.0-SNAPSHOT.jar:?]
	at org.apache.hadoop.ozone.protocolPB.OzoneManagerRequestHandler.getOzoneFileStatus(OzoneManagerRequestHandler.java:871) ~[ozone-manager-1.3.0-SNAPSHOT.jar:?]
	at org.apache.hadoop.ozone.protocolPB.OzoneManagerRequestHandler.handleReadRequest(OzoneManagerRequestHandler.java:217) ~[ozone-manager-1.3.0-SNAPSHOT.jar:?]
	at org.apache.hadoop.ozone.protocolPB.OzoneManagerProtocolServerSideTranslatorPB.submitReadRequestToOM(OzoneManagerProtocolServerSideTranslatorPB.java:226) ~[ozone-manager-1.3.0-SNAPSHOT.jar:?]
	at org.apache.hadoop.ozone.protocolPB.OzoneManagerProtocolServerSideTranslatorPB.processRequest(OzoneManagerProtocolServerSideTranslatorPB.java:175) ~[ozone-manager-1.3.0-SNAPSHOT.jar:?]
	at org.apache.hadoop.hdds.server.OzoneProtocolMessageDispatcher.processRequest(OzoneProtocolMessageDispatcher.java:87) [hdds-server-framework-1.3.0-SNAPSHOT.jar:?]
	at org.apache.hadoop.ozone.protocolPB.OzoneManagerProtocolServerSideTranslatorPB.submitRequest(OzoneManagerProtocolServerSideTranslatorPB.java:147) [ozone-manager-1.3.0-SNAPSHOT.jar:?]
	at org.apache.hadoop.ozone.protocol.proto.OzoneManagerProtocolProtos$OzoneManagerService$2.callBlockingMethod(OzoneManagerProtocolProtos.java) [ozone-interface-client-1.3.0-SNAPSHOT.jar:?]
	at org.apache.hadoop.ipc.ProtobufRpcEngine$Server.processCall(ProtobufRpcEngine.java:466) [hadoop-common-3.3.1.jar:?]
	at org.apache.hadoop.ipc.ProtobufRpcEngine2$Server$ProtoBufRpcInvoker.call(ProtobufRpcEngine2.java:574) [hadoop-common-3.3.1.jar:?]
	at org.apache.hadoop.ipc.ProtobufRpcEngine2$Server$ProtoBufRpcInvoker.call(ProtobufRpcEngine2.java:552) [hadoop-common-3.3.1.jar:?]
	at org.apache.hadoop.ipc.RPC$Server.call(RPC.java:1093) [hadoop-common-3.3.1.jar:?]
	at org.apache.hadoop.ipc.Server$RpcCall.run(Server.java:1035) [hadoop-common-3.3.1.jar:?]
	at org.apache.hadoop.ipc.Server$RpcCall.run(Server.java:963) [hadoop-common-3.3.1.jar:?]
	at java.security.AccessController.doPrivileged(Native Method) ~[?:1.8.0_332]
	at javax.security.auth.Subject.doAs(Subject.java:422) [?:1.8.0_332]
	at org.apache.hadoop.security.UserGroupInformation.doAs(UserGroupInformation.java:1878) [hadoop-common-3.3.1.jar:?]
	at org.apache.hadoop.ipc.Server$Handler.run(Server.java:2966) [hadoop-common-3.3.1.jar:?]
2022-07-12 21:05:20,758 [Time-limited test] INFO  rpc.RpcClient (RpcClient.java:createBucket(669)) - Creating Bucket: volume36216/trashroottest2, with bucket layout LEGACY, runner as owner, Versioning false, Storage Type set to DISK and Encryption set to false 
2022-07-12 21:05:20,760 [OM StateMachine ApplyTransaction Thread - 0] INFO  bucket.OMBucketCreateRequest (OMBucketCreateRequest.java:validateAndUpdateCache(260)) - created bucket: trashroottest2 of layout LEGACY in volume: volume36216
2022-07-12 21:05:20,880 [e0395122-a850-434f-9bbf-3f60ac82720c@group-A48E3770D969-FollowerState] INFO  impl.FollowerState (FollowerState.java:run(143)) - e0395122-a850-434f-9bbf-3f60ac82720c@group-A48E3770D969-FollowerState: change to CANDIDATE, lastRpcElapsedTime:5047249589ns, electionTimeout:5003ms
2022-07-12 21:05:20,880 [e0395122-a850-434f-9bbf-3f60ac82720c@group-A48E3770D969-FollowerState] INFO  impl.RoleInfo (RoleInfo.java:shutdownFollowerState(110)) - e0395122-a850-434f-9bbf-3f60ac82720c: shutdown e0395122-a850-434f-9bbf-3f60ac82720c@group-A48E3770D969-FollowerState
2022-07-12 21:05:20,881 [e0395122-a850-434f-9bbf-3f60ac82720c@group-A48E3770D969-FollowerState] INFO  server.RaftServer$Division (RaftServerImpl.java:setRole(299)) - e0395122-a850-434f-9bbf-3f60ac82720c@group-A48E3770D969: changes role from  FOLLOWER to CANDIDATE at term 1 for changeToCandidate
2022-07-12 21:05:20,881 [e0395122-a850-434f-9bbf-3f60ac82720c@group-A48E3770D969-FollowerState] INFO  server.RaftServerConfigKeys (ConfUtils.java:logGet(46)) - raft.server.leaderelection.pre-vote = false (custom)
2022-07-12 21:05:20,881 [e0395122-a850-434f-9bbf-3f60ac82720c@group-A48E3770D969-FollowerState] INFO  impl.RoleInfo (RoleInfo.java:updateAndGet(139)) - e0395122-a850-434f-9bbf-3f60ac82720c: start e0395122-a850-434f-9bbf-3f60ac82720c@group-A48E3770D969-LeaderElection23
2022-07-12 21:05:20,906 [e0395122-a850-434f-9bbf-3f60ac82720c@group-A48E3770D969-LeaderElection23] INFO  impl.LeaderElection (LeaderElection.java:askForVotes(310)) - e0395122-a850-434f-9bbf-3f60ac82720c@group-A48E3770D969-LeaderElection23 ELECTION round 0: submit vote requests at term 2 for -1: [f5c54527-7221-49d9-b9b4-cc0a1023d383|rpc:10.1.0.20:37817|dataStream:|priority:0, e0395122-a850-434f-9bbf-3f60ac82720c|rpc:10.1.0.20:38137|dataStream:|priority:1, c45d84f2-9958-4641-906c-b1d7f28512e6|rpc:10.1.0.20:40679|dataStream:|priority:0], old=null
2022-07-12 21:05:20,943 [grpc-default-executor-1] INFO  server.RaftServer$Division (RaftServerImpl.java:requestVote(1152)) - f5c54527-7221-49d9-b9b4-cc0a1023d383@group-A48E3770D969: receive requestVote(ELECTION, e0395122-a850-434f-9bbf-3f60ac82720c, group-A48E3770D969, 2, (t:0, i:0))
2022-07-12 21:05:20,943 [grpc-default-executor-1] INFO  impl.VoteContext (VoteContext.java:log(48)) - f5c54527-7221-49d9-b9b4-cc0a1023d383@group-A48E3770D969-FOLLOWER: accept ELECTION from e0395122-a850-434f-9bbf-3f60ac82720c: our priority 0 <= candidate's priority 1
2022-07-12 21:05:20,943 [grpc-default-executor-1] INFO  server.RaftServer$Division (RaftServerImpl.java:setRole(299)) - f5c54527-7221-49d9-b9b4-cc0a1023d383@group-A48E3770D969: changes role from  FOLLOWER to FOLLOWER at term 2 for candidate:e0395122-a850-434f-9bbf-3f60ac82720c
2022-07-12 21:05:20,943 [grpc-default-executor-1] INFO  impl.RoleInfo (RoleInfo.java:shutdownFollowerState(110)) - f5c54527-7221-49d9-b9b4-cc0a1023d383: shutdown f5c54527-7221-49d9-b9b4-cc0a1023d383@group-A48E3770D969-FollowerState
2022-07-12 21:05:20,943 [grpc-default-executor-1] INFO  impl.RoleInfo (RoleInfo.java:updateAndGet(139)) - f5c54527-7221-49d9-b9b4-cc0a1023d383: start f5c54527-7221-49d9-b9b4-cc0a1023d383@group-A48E3770D969-FollowerState
2022-07-12 21:05:20,943 [f5c54527-7221-49d9-b9b4-cc0a1023d383@group-A48E3770D969-FollowerState] INFO  impl.FollowerState (FollowerState.java:run(152)) - f5c54527-7221-49d9-b9b4-cc0a1023d383@group-A48E3770D969-FollowerState was interrupted
21:05:20.966 [IPC Server handler 13 on default port 38457] ERROR OMAudit - user=runner | ip=127.0.0.1 | op=GET_FILE_STATUS {volume=936c4569-a829-48a3-bf34-57ba9a58537e, bucket=b129baa5-510d-4ab6-9046-d8b8dc92dd40, key=.Trash, dataSize=0, replicationConfig=null} | ret=FAILURE
org.apache.hadoop.ozone.om.exceptions.OMException: Unable to get file status: volume: 936c4569-a829-48a3-bf34-57ba9a58537e bucket: b129baa5-510d-4ab6-9046-d8b8dc92dd40 key: .Trash
	at org.apache.hadoop.ozone.om.KeyManagerImpl.getOzoneFileStatus(KeyManagerImpl.java:1311) ~[ozone-manager-1.3.0-SNAPSHOT.jar:?]
	at org.apache.hadoop.ozone.om.KeyManagerImpl.getFileStatus(KeyManagerImpl.java:1241) ~[ozone-manager-1.3.0-SNAPSHOT.jar:?]
	at org.apache.hadoop.ozone.om.OzoneManager.getFileStatus(OzoneManager.java:3419) ~[ozone-manager-1.3.0-SNAPSHOT.jar:?]
	at org.apache.hadoop.ozone.protocolPB.OzoneManagerRequestHandler.getOzoneFileStatus(OzoneManagerRequestHandler.java:871) ~[ozone-manager-1.3.0-SNAPSHOT.jar:?]
	at org.apache.hadoop.ozone.protocolPB.OzoneManagerRequestHandler.handleReadRequest(OzoneManagerRequestHandler.java:217) ~[ozone-manager-1.3.0-SNAPSHOT.jar:?]
	at org.apache.hadoop.ozone.protocolPB.OzoneManagerProtocolServerSideTranslatorPB.submitReadRequestToOM(OzoneManagerProtocolServerSideTranslatorPB.java:226) ~[ozone-manager-1.3.0-SNAPSHOT.jar:?]
	at org.apache.hadoop.ozone.protocolPB.OzoneManagerProtocolServerSideTranslatorPB.processRequest(OzoneManagerProtocolServerSideTranslatorPB.java:175) ~[ozone-manager-1.3.0-SNAPSHOT.jar:?]
	at org.apache.hadoop.hdds.server.OzoneProtocolMessageDispatcher.processRequest(OzoneProtocolMessageDispatcher.java:87) [hdds-server-framework-1.3.0-SNAPSHOT.jar:?]
	at org.apache.hadoop.ozone.protocolPB.OzoneManagerProtocolServerSideTranslatorPB.submitRequest(OzoneManagerProtocolServerSideTranslatorPB.java:147) [ozone-manager-1.3.0-SNAPSHOT.jar:?]
	at org.apache.hadoop.ozone.protocol.proto.OzoneManagerProtocolProtos$OzoneManagerService$2.callBlockingMethod(OzoneManagerProtocolProtos.java) [ozone-interface-client-1.3.0-SNAPSHOT.jar:?]
	at org.apache.hadoop.ipc.ProtobufRpcEngine$Server.processCall(ProtobufRpcEngine.java:466) [hadoop-common-3.3.1.jar:?]
	at org.apache.hadoop.ipc.ProtobufRpcEngine2$Server$ProtoBufRpcInvoker.call(ProtobufRpcEngine2.java:574) [hadoop-common-3.3.1.jar:?]
	at org.apache.hadoop.ipc.ProtobufRpcEngine2$Server$ProtoBufRpcInvoker.call(ProtobufRpcEngine2.java:552) [hadoop-common-3.3.1.jar:?]
	at org.apache.hadoop.ipc.RPC$Server.call(RPC.java:1093) [hadoop-common-3.3.1.jar:?]
	at org.apache.hadoop.ipc.Server$RpcCall.run(Server.java:1035) [hadoop-common-3.3.1.jar:?]
	at org.apache.hadoop.ipc.Server$RpcCall.run(Server.java:963) [hadoop-common-3.3.1.jar:?]
	at java.security.AccessController.doPrivileged(Native Method) ~[?:1.8.0_332]
	at javax.security.auth.Subject.doAs(Subject.java:422) [?:1.8.0_332]
	at org.apache.hadoop.security.UserGroupInformation.doAs(UserGroupInformation.java:1878) [hadoop-common-3.3.1.jar:?]
	at org.apache.hadoop.ipc.Server$Handler.run(Server.java:2966) [hadoop-common-3.3.1.jar:?]
2022-07-12 21:05:20,968 [c45d84f2-9958-4641-906c-b1d7f28512e6@group-A48E3770D969-FollowerState] INFO  impl.FollowerState (FollowerState.java:run(143)) - c45d84f2-9958-4641-906c-b1d7f28512e6@group-A48E3770D969-FollowerState: change to CANDIDATE, lastRpcElapsedTime:5083244486ns, electionTimeout:5068ms
2022-07-12 21:05:20,968 [c45d84f2-9958-4641-906c-b1d7f28512e6@group-A48E3770D969-FollowerState] INFO  impl.RoleInfo (RoleInfo.java:shutdownFollowerState(110)) - c45d84f2-9958-4641-906c-b1d7f28512e6: shutdown c45d84f2-9958-4641-906c-b1d7f28512e6@group-A48E3770D969-FollowerState
2022-07-12 21:05:20,968 [c45d84f2-9958-4641-906c-b1d7f28512e6@group-A48E3770D969-FollowerState] INFO  server.RaftServer$Division (RaftServerImpl.java:setRole(299)) - c45d84f2-9958-4641-906c-b1d7f28512e6@group-A48E3770D969: changes role from  FOLLOWER to CANDIDATE at term 1 for changeToCandidate
2022-07-12 21:05:20,968 [c45d84f2-9958-4641-906c-b1d7f28512e6@group-A48E3770D969-FollowerState] INFO  server.RaftServerConfigKeys (ConfUtils.java:logGet(46)) - raft.server.leaderelection.pre-vote = false (custom)
2022-07-12 21:05:20,968 [c45d84f2-9958-4641-906c-b1d7f28512e6@group-A48E3770D969-FollowerState] INFO  impl.RoleInfo (RoleInfo.java:updateAndGet(139)) - c45d84f2-9958-4641-906c-b1d7f28512e6: start c45d84f2-9958-4641-906c-b1d7f28512e6@group-A48E3770D969-LeaderElection24
2022-07-12 21:05:20,992 [grpc-default-executor-1] INFO  server.RaftServer$Division (RaftServerImpl.java:requestVote(1184)) - f5c54527-7221-49d9-b9b4-cc0a1023d383@group-A48E3770D969 replies to ELECTION vote request: e0395122-a850-434f-9bbf-3f60ac82720c<-f5c54527-7221-49d9-b9b4-cc0a1023d383#0:OK-t2. Peer's state: f5c54527-7221-49d9-b9b4-cc0a1023d383@group-A48E3770D969:t2, leader=null, voted=e0395122-a850-434f-9bbf-3f60ac82720c, raftlog=f5c54527-7221-49d9-b9b4-cc0a1023d383@group-A48E3770D969-SegmentedRaftLog:OPENED:c-1, conf=-1: [f5c54527-7221-49d9-b9b4-cc0a1023d383|rpc:10.1.0.20:37817|priority:0, e0395122-a850-434f-9bbf-3f60ac82720c|rpc:10.1.0.20:38137|priority:1, c45d84f2-9958-4641-906c-b1d7f28512e6|rpc:10.1.0.20:40679|priority:0], old=null
2022-07-12 21:05:21,010 [c45d84f2-9958-4641-906c-b1d7f28512e6@group-A48E3770D969-LeaderElection24] INFO  impl.LeaderElection (LeaderElection.java:askForVotes(310)) - c45d84f2-9958-4641-906c-b1d7f28512e6@group-A48E3770D969-LeaderElection24 ELECTION round 0: submit vote requests at term 2 for -1: [f5c54527-7221-49d9-b9b4-cc0a1023d383|rpc:10.1.0.20:37817|dataStream:|priority:0, e0395122-a850-434f-9bbf-3f60ac82720c|rpc:10.1.0.20:38137|dataStream:|priority:1, c45d84f2-9958-4641-906c-b1d7f28512e6|rpc:10.1.0.20:40679|dataStream:|priority:0], old=null
2022-07-12 21:05:21,031 [e0395122-a850-434f-9bbf-3f60ac82720c@group-A48E3770D969-LeaderElection23] INFO  impl.LeaderElection (LeaderElection.java:logAndReturn(90)) - e0395122-a850-434f-9bbf-3f60ac82720c@group-A48E3770D969-LeaderElection23: ELECTION PASSED received 1 response(s) and 0 exception(s):
2022-07-12 21:05:21,031 [e0395122-a850-434f-9bbf-3f60ac82720c@group-A48E3770D969-LeaderElection23] INFO  impl.LeaderElection (LeaderElection.java:logAndReturn(94)) -   Response 0: e0395122-a850-434f-9bbf-3f60ac82720c<-f5c54527-7221-49d9-b9b4-cc0a1023d383#0:OK-t2
2022-07-12 21:05:21,032 [e0395122-a850-434f-9bbf-3f60ac82720c@group-A48E3770D969-LeaderElection23] INFO  impl.LeaderElection (LeaderElection.java:askForVotes(312)) - e0395122-a850-434f-9bbf-3f60ac82720c@group-A48E3770D969-LeaderElection23 ELECTION round 0: result PASSED
2022-07-12 21:05:21,032 [e0395122-a850-434f-9bbf-3f60ac82720c@group-A48E3770D969-LeaderElection23] INFO  impl.RoleInfo (RoleInfo.java:shutdownLeaderElection(130)) - e0395122-a850-434f-9bbf-3f60ac82720c: shutdown e0395122-a850-434f-9bbf-3f60ac82720c@group-A48E3770D969-LeaderElection23
2022-07-12 21:05:21,032 [e0395122-a850-434f-9bbf-3f60ac82720c@group-A48E3770D969-LeaderElection23] INFO  server.RaftServer$Division (RaftServerImpl.java:setRole(299)) - e0395122-a850-434f-9bbf-3f60ac82720c@group-A48E3770D969: changes role from CANDIDATE to LEADER at term 2 for changeToLeader
2022-07-12 21:05:21,032 [e0395122-a850-434f-9bbf-3f60ac82720c@group-A48E3770D969-LeaderElection23] INFO  ratis.XceiverServerRatis (XceiverServerRatis.java:handleLeaderChangedNotification(863)) - Leader change notification received for group: group-A48E3770D969 with new leaderId: e0395122-a850-434f-9bbf-3f60ac82720c
2022-07-12 21:05:21,032 [e0395122-a850-434f-9bbf-3f60ac82720c@group-A48E3770D969-LeaderElection23] INFO  server.RaftServer$Division (ServerState.java:setLeader(287)) - e0395122-a850-434f-9bbf-3f60ac82720c@group-A48E3770D969: change Leader from null to e0395122-a850-434f-9bbf-3f60ac82720c at term 2 for becomeLeader, leader elected after 10229ms
2022-07-12 21:05:21,032 [e0395122-a850-434f-9bbf-3f60ac82720c@group-A48E3770D969-LeaderElection23] INFO  server.RaftServerConfigKeys (ConfUtils.java:logGet(46)) - raft.server.staging.catchup.gap = 1000 (default)
2022-07-12 21:05:21,032 [e0395122-a850-434f-9bbf-3f60ac82720c@group-A48E3770D969-LeaderElection23] INFO  server.RaftServerConfigKeys (ConfUtils.java:logGet(46)) - raft.server.write.element-limit = 1024 (custom)
2022-07-12 21:05:21,032 [e0395122-a850-434f-9bbf-3f60ac82720c@group-A48E3770D969-LeaderElection23] INFO  server.RaftServerConfigKeys (ConfUtils.java:logGet(46)) - raft.server.write.byte-limit = 1024 M (=1073741824) (custom)
2022-07-12 21:05:21,033 [e0395122-a850-434f-9bbf-3f60ac82720c@group-A48E3770D969-LeaderElection23] INFO  server.RaftServerConfigKeys (ConfUtils.java:logGet(46)) - raft.server.watch.timeout = 180s (custom)
2022-07-12 21:05:21,033 [e0395122-a850-434f-9bbf-3f60ac82720c@group-A48E3770D969-LeaderElection23] INFO  server.RaftServerConfigKeys (ConfUtils.java:logGet(46)) - raft.server.watch.timeout.denomination = 1s (default)
2022-07-12 21:05:21,033 [e0395122-a850-434f-9bbf-3f60ac82720c@group-A48E3770D969-LeaderElection23] INFO  server.RaftServerConfigKeys (ConfUtils.java:logGet(46)) - raft.server.watch.element-limit = 65536 (default)
2022-07-12 21:05:21,033 [e0395122-a850-434f-9bbf-3f60ac82720c@group-A48E3770D969-LeaderElection23] INFO  server.RaftServerConfigKeys (ConfUtils.java:logGet(46)) - raft.server.write.element-limit = 1024 (custom)
2022-07-12 21:05:21,033 [e0395122-a850-434f-9bbf-3f60ac82720c@group-A48E3770D969-LeaderElection23] INFO  server.RaftServerConfigKeys (ConfUtils.java:logGet(46)) - raft.server.write.follower.gap.ratio.max = -1.0 (default)
2022-07-12 21:05:21,033 [e0395122-a850-434f-9bbf-3f60ac82720c@group-A48E3770D969-LeaderElection23] INFO  server.RaftServerConfigKeys (ConfUtils.java:logGet(46)) - raft.server.log.appender.snapshot.chunk.size.max = 16MB (=16777216) (default)
2022-07-12 21:05:21,033 [e0395122-a850-434f-9bbf-3f60ac82720c@group-A48E3770D969-LeaderElection23] INFO  server.RaftServerConfigKeys (ConfUtils.java:logGet(46)) - raft.server.log.appender.buffer.byte-limit = 33554432 (custom)
2022-07-12 21:05:21,034 [e0395122-a850-434f-9bbf-3f60ac82720c@group-A48E3770D969-LeaderElection23] INFO  server.RaftServerConfigKeys (ConfUtils.java:logGet(46)) - raft.server.log.appender.buffer.element-limit = 1 (custom)
2022-07-12 21:05:21,034 [e0395122-a850-434f-9bbf-3f60ac82720c@group-A48E3770D969-LeaderElection23] INFO  grpc.GrpcConfigKeys (ConfUtils.java:logGet(46)) - raft.grpc.server.leader.outstanding.appends.max = 128 (default)
2022-07-12 21:05:21,034 [e0395122-a850-434f-9bbf-3f60ac82720c@group-A48E3770D969-LeaderElection23] INFO  server.RaftServerConfigKeys (ConfUtils.java:logGet(46)) - raft.server.rpc.request.timeout = 60s (custom)
2022-07-12 21:05:21,034 [e0395122-a850-434f-9bbf-3f60ac82720c@group-A48E3770D969-LeaderElection23] INFO  server.RaftServerConfigKeys (ConfUtils.java:logGet(46)) - raft.server.log.appender.install.snapshot.enabled = false (custom)
2022-07-12 21:05:21,034 [e0395122-a850-434f-9bbf-3f60ac82720c@group-A48E3770D969-LeaderElection23] INFO  server.RaftServerConfigKeys (ConfUtils.java:logGet(46)) - raft.server.log.appender.snapshot.chunk.size.max = 16MB (=16777216) (default)
2022-07-12 21:05:21,035 [e0395122-a850-434f-9bbf-3f60ac82720c@group-A48E3770D969-LeaderElection23] INFO  server.RaftServerConfigKeys (ConfUtils.java:logGet(46)) - raft.server.log.appender.buffer.byte-limit = 33554432 (custom)
2022-07-12 21:05:21,035 [e0395122-a850-434f-9bbf-3f60ac82720c@group-A48E3770D969-LeaderElection23] INFO  server.RaftServerConfigKeys (ConfUtils.java:logGet(46)) - raft.server.log.appender.buffer.element-limit = 1 (custom)
2022-07-12 21:05:21,035 [e0395122-a850-434f-9bbf-3f60ac82720c@group-A48E3770D969-LeaderElection23] INFO  grpc.GrpcConfigKeys (ConfUtils.java:logGet(46)) - raft.grpc.server.leader.outstanding.appends.max = 128 (default)
2022-07-12 21:05:21,035 [e0395122-a850-434f-9bbf-3f60ac82720c@group-A48E3770D969-LeaderElection23] INFO  server.RaftServerConfigKeys (ConfUtils.java:logGet(46)) - raft.server.rpc.request.timeout = 60s (custom)
2022-07-12 21:05:21,035 [e0395122-a850-434f-9bbf-3f60ac82720c@group-A48E3770D969-LeaderElection23] INFO  server.RaftServerConfigKeys (ConfUtils.java:logGet(46)) - raft.server.log.appender.install.snapshot.enabled = false (custom)
2022-07-12 21:05:21,035 [e0395122-a850-434f-9bbf-3f60ac82720c@group-A48E3770D969-LeaderElection23] INFO  impl.RoleInfo (RoleInfo.java:updateAndGet(139)) - e0395122-a850-434f-9bbf-3f60ac82720c: start e0395122-a850-434f-9bbf-3f60ac82720c@group-A48E3770D969-LeaderStateImpl
2022-07-12 21:05:21,035 [e0395122-a850-434f-9bbf-3f60ac82720c@group-A48E3770D969-LeaderElection23] INFO  segmented.SegmentedRaftLogWorker (SegmentedRaftLogWorker.java:startLogSegment(425)) - e0395122-a850-434f-9bbf-3f60ac82720c@group-A48E3770D969-SegmentedRaftLogWorker: Starting segment from index:0
2022-07-12 21:05:21,040 [grpc-default-executor-0] INFO  server.RaftServer$Division (RaftServerImpl.java:requestVote(1152)) - f5c54527-7221-49d9-b9b4-cc0a1023d383@group-A48E3770D969: receive requestVote(ELECTION, c45d84f2-9958-4641-906c-b1d7f28512e6, group-A48E3770D969, 2, (t:0, i:0))
2022-07-12 21:05:21,036 [EventQueue-PipelineReportForPipelineReportHandler] INFO  pipeline.PipelineManagerImpl (PipelineManagerImpl.java:openPipeline(359)) - Pipeline Pipeline[ Id: 32936255-cde6-4523-be8c-a48e3770d969, Nodes: f5c54527-7221-49d9-b9b4-cc0a1023d383{ip: 10.1.0.20, host: fv-az452-57.ku3lqr0aiaqu5kfj3xdpchcrvd.dx.internal.cloudapp.net, ports: [REPLICATION=37415, RATIS=37817, RATIS_ADMIN=37817, RATIS_SERVER=37817, STANDALONE=43931], networkLocation: /default-rack, certSerialId: null, persistedOpState: IN_SERVICE, persistedOpStateExpiryEpochSec: 0}c45d84f2-9958-4641-906c-b1d7f28512e6{ip: 10.1.0.20, host: fv-az452-57.ku3lqr0aiaqu5kfj3xdpchcrvd.dx.internal.cloudapp.net, ports: [REPLICATION=40477, RATIS=40679, RATIS_ADMIN=40679, RATIS_SERVER=40679, STANDALONE=43967], networkLocation: /default-rack, certSerialId: null, persistedOpState: IN_SERVICE, persistedOpStateExpiryEpochSec: 0}e0395122-a850-434f-9bbf-3f60ac82720c{ip: 10.1.0.20, host: fv-az452-57.ku3lqr0aiaqu5kfj3xdpchcrvd.dx.internal.cloudapp.net, ports: [REPLICATION=43939, RATIS=38137, RATIS_ADMIN=38137, RATIS_SERVER=38137, STANDALONE=41633], networkLocation: /default-rack, certSerialId: null, persistedOpState: IN_SERVICE, persistedOpStateExpiryEpochSec: 0}, ReplicationConfig: RATIS/THREE, State:ALLOCATED, leaderId:e0395122-a850-434f-9bbf-3f60ac82720c, CreationTimestamp2022-07-12T21:05:08.792Z[Etc/UTC]] moved to OPEN state
2022-07-12 21:05:21,049 [grpc-default-executor-0] INFO  impl.VoteContext (VoteContext.java:log(48)) - f5c54527-7221-49d9-b9b4-cc0a1023d383@group-A48E3770D969-FOLLOWER: reject ELECTION from c45d84f2-9958-4641-906c-b1d7f28512e6: already has voted for e0395122-a850-434f-9bbf-3f60ac82720c at current term 2
2022-07-12 21:05:21,049 [grpc-default-executor-0] INFO  server.RaftServer$Division (RaftServerImpl.java:requestVote(1184)) - f5c54527-7221-49d9-b9b4-cc0a1023d383@group-A48E3770D969 replies to ELECTION vote request: c45d84f2-9958-4641-906c-b1d7f28512e6<-f5c54527-7221-49d9-b9b4-cc0a1023d383#0:FAIL-t2. Peer's state: f5c54527-7221-49d9-b9b4-cc0a1023d383@group-A48E3770D969:t2, leader=null, voted=e0395122-a850-434f-9bbf-3f60ac82720c, raftlog=f5c54527-7221-49d9-b9b4-cc0a1023d383@group-A48E3770D969-SegmentedRaftLog:OPENED:c-1, conf=-1: [f5c54527-7221-49d9-b9b4-cc0a1023d383|rpc:10.1.0.20:37817|priority:0, e0395122-a850-434f-9bbf-3f60ac82720c|rpc:10.1.0.20:38137|priority:1, c45d84f2-9958-4641-906c-b1d7f28512e6|rpc:10.1.0.20:40679|priority:0], old=null
2022-07-12 21:05:21,051 [e0395122-a850-434f-9bbf-3f60ac82720c@group-A48E3770D969-SegmentedRaftLogWorker] INFO  segmented.SegmentedRaftLogWorker (SegmentedRaftLogWorker.java:execute(629)) - e0395122-a850-434f-9bbf-3f60ac82720c@group-A48E3770D969-SegmentedRaftLogWorker: created new log segment /home/runner/work/ozone/ozone/hadoop-ozone/integration-test/target/test-dir/MiniOzoneClusterImpl-82396f26-4b51-4819-9d3b-5aa507234af8/datanode-2/data/ratis/32936255-cde6-4523-be8c-a48e3770d969/current/log_inprogress_0
21:05:21.053 [IPC Server handler 2 on default port 38457] ERROR OMAudit - user=runner | ip=127.0.0.1 | op=GET_FILE_STATUS {volume=936c4569-a829-48a3-bf34-57ba9a58537e, bucket=b129baa5-510d-4ab6-9046-d8b8dc92dd40, key=.Trash, dataSize=0, replicationConfig=null} | ret=FAILURE
org.apache.hadoop.ozone.om.exceptions.OMException: Unable to get file status: volume: 936c4569-a829-48a3-bf34-57ba9a58537e bucket: b129baa5-510d-4ab6-9046-d8b8dc92dd40 key: .Trash
	at org.apache.hadoop.ozone.om.KeyManagerImpl.getOzoneFileStatus(KeyManagerImpl.java:1311) ~[ozone-manager-1.3.0-SNAPSHOT.jar:?]
	at org.apache.hadoop.ozone.om.KeyManagerImpl.getFileStatus(KeyManagerImpl.java:1241) ~[ozone-manager-1.3.0-SNAPSHOT.jar:?]
	at org.apache.hadoop.ozone.om.OzoneManager.getFileStatus(OzoneManager.java:3419) ~[ozone-manager-1.3.0-SNAPSHOT.jar:?]
	at org.apache.hadoop.ozone.protocolPB.OzoneManagerRequestHandler.getOzoneFileStatus(OzoneManagerRequestHandler.java:871) ~[ozone-manager-1.3.0-SNAPSHOT.jar:?]
	at org.apache.hadoop.ozone.protocolPB.OzoneManagerRequestHandler.handleReadRequest(OzoneManagerRequestHandler.java:217) ~[ozone-manager-1.3.0-SNAPSHOT.jar:?]
	at org.apache.hadoop.ozone.protocolPB.OzoneManagerProtocolServerSideTranslatorPB.submitReadRequestToOM(OzoneManagerProtocolServerSideTranslatorPB.java:226) ~[ozone-manager-1.3.0-SNAPSHOT.jar:?]
	at org.apache.hadoop.ozone.protocolPB.OzoneManagerProtocolServerSideTranslatorPB.processRequest(OzoneManagerProtocolServerSideTranslatorPB.java:175) ~[ozone-manager-1.3.0-SNAPSHOT.jar:?]
	at org.apache.hadoop.hdds.server.OzoneProtocolMessageDispatcher.processRequest(OzoneProtocolMessageDispatcher.java:87) [hdds-server-framework-1.3.0-SNAPSHOT.jar:?]
	at org.apache.hadoop.ozone.protocolPB.OzoneManagerProtocolServerSideTranslatorPB.submitRequest(OzoneManagerProtocolServerSideTranslatorPB.java:147) [ozone-manager-1.3.0-SNAPSHOT.jar:?]
	at org.apache.hadoop.ozone.protocol.proto.OzoneManagerProtocolProtos$OzoneManagerService$2.callBlockingMethod(OzoneManagerProtocolProtos.java) [ozone-interface-client-1.3.0-SNAPSHOT.jar:?]
	at org.apache.hadoop.ipc.ProtobufRpcEngine$Server.processCall(ProtobufRpcEngine.java:466) [hadoop-common-3.3.1.jar:?]
	at org.apache.hadoop.ipc.ProtobufRpcEngine2$Server$ProtoBufRpcInvoker.call(ProtobufRpcEngine2.java:574) [hadoop-common-3.3.1.jar:?]
	at org.apache.hadoop.ipc.ProtobufRpcEngine2$Server$ProtoBufRpcInvoker.call(ProtobufRpcEngine2.java:552) [hadoop-common-3.3.1.jar:?]
	at org.apache.hadoop.ipc.RPC$Server.call(RPC.java:1093) [hadoop-common-3.3.1.jar:?]
	at org.apache.hadoop.ipc.Server$RpcCall.run(Server.java:1035) [hadoop-common-3.3.1.jar:?]
	at org.apache.hadoop.ipc.Server$RpcCall.run(Server.java:963) [hadoop-common-3.3.1.jar:?]
	at java.security.AccessController.doPrivileged(Native Method) ~[?:1.8.0_332]
	at javax.security.auth.Subject.doAs(Subject.java:422) [?:1.8.0_332]
	at org.apache.hadoop.security.UserGroupInformation.doAs(UserGroupInformation.java:1878) [hadoop-common-3.3.1.jar:?]
	at org.apache.hadoop.ipc.Server$Handler.run(Server.java:2966) [hadoop-common-3.3.1.jar:?]
2022-07-12 21:05:21,066 [grpc-default-executor-0] INFO  server.RaftServer$Division (RaftServerImpl.java:requestVote(1152)) - e0395122-a850-434f-9bbf-3f60ac82720c@group-A48E3770D969: receive requestVote(ELECTION, c45d84f2-9958-4641-906c-b1d7f28512e6, group-A48E3770D969, 2, (t:0, i:0))
2022-07-12 21:05:21,077 [grpc-default-executor-1] INFO  server.RaftServer$Division (RaftServerImpl.java:requestVote(1152)) - c45d84f2-9958-4641-906c-b1d7f28512e6@group-A48E3770D969: receive requestVote(ELECTION, e0395122-a850-434f-9bbf-3f60ac82720c, group-A48E3770D969, 2, (t:0, i:0))
2022-07-12 21:05:21,077 [grpc-default-executor-1] INFO  impl.VoteContext (VoteContext.java:log(48)) - c45d84f2-9958-4641-906c-b1d7f28512e6@group-A48E3770D969-CANDIDATE: reject ELECTION from e0395122-a850-434f-9bbf-3f60ac82720c: already has voted for c45d84f2-9958-4641-906c-b1d7f28512e6 at current term 2
2022-07-12 21:05:21,077 [grpc-default-executor-1] INFO  server.RaftServer$Division (RaftServerImpl.java:requestVote(1184)) - c45d84f2-9958-4641-906c-b1d7f28512e6@group-A48E3770D969 replies to ELECTION vote request: e0395122-a850-434f-9bbf-3f60ac82720c<-c45d84f2-9958-4641-906c-b1d7f28512e6#0:FAIL-t2. Peer's state: c45d84f2-9958-4641-906c-b1d7f28512e6@group-A48E3770D969:t2, leader=null, voted=c45d84f2-9958-4641-906c-b1d7f28512e6, raftlog=c45d84f2-9958-4641-906c-b1d7f28512e6@group-A48E3770D969-SegmentedRaftLog:OPENED:c-1, conf=-1: [f5c54527-7221-49d9-b9b4-cc0a1023d383|rpc:10.1.0.20:37817|dataStream:|priority:0, e0395122-a850-434f-9bbf-3f60ac82720c|rpc:10.1.0.20:38137|dataStream:|priority:1, c45d84f2-9958-4641-906c-b1d7f28512e6|rpc:10.1.0.20:40679|dataStream:|priority:0], old=null
2022-07-12 21:05:21,079 [e0395122-a850-434f-9bbf-3f60ac82720c@group-A48E3770D969-LeaderElection23] INFO  server.RaftServer$Division (ServerState.java:setRaftConf(393)) - e0395122-a850-434f-9bbf-3f60ac82720c@group-A48E3770D969: set configuration 0: [f5c54527-7221-49d9-b9b4-cc0a1023d383|rpc:10.1.0.20:37817|dataStream:|priority:0, e0395122-a850-434f-9bbf-3f60ac82720c|rpc:10.1.0.20:38137|dataStream:|priority:1, c45d84f2-9958-4641-906c-b1d7f28512e6|rpc:10.1.0.20:40679|dataStream:|priority:0], old=null
2022-07-12 21:05:21,079 [grpc-default-executor-0] INFO  impl.VoteContext (VoteContext.java:log(48)) - e0395122-a850-434f-9bbf-3f60ac82720c@group-A48E3770D969-LEADER: reject ELECTION from c45d84f2-9958-4641-906c-b1d7f28512e6: already has voted for e0395122-a850-434f-9bbf-3f60ac82720c at current term 2
2022-07-12 21:05:21,079 [grpc-default-executor-0] INFO  server.RaftServer$Division (RaftServerImpl.java:requestVote(1184)) - e0395122-a850-434f-9bbf-3f60ac82720c@group-A48E3770D969 replies to ELECTION vote request: c45d84f2-9958-4641-906c-b1d7f28512e6<-e0395122-a850-434f-9bbf-3f60ac82720c#0:FAIL-t2. Peer's state: e0395122-a850-434f-9bbf-3f60ac82720c@group-A48E3770D969:t2, leader=e0395122-a850-434f-9bbf-3f60ac82720c, voted=e0395122-a850-434f-9bbf-3f60ac82720c, raftlog=e0395122-a850-434f-9bbf-3f60ac82720c@group-A48E3770D969-SegmentedRaftLog:OPENED:c0, conf=0: [f5c54527-7221-49d9-b9b4-cc0a1023d383|rpc:10.1.0.20:37817|dataStream:|priority:0, e0395122-a850-434f-9bbf-3f60ac82720c|rpc:10.1.0.20:38137|dataStream:|priority:1, c45d84f2-9958-4641-906c-b1d7f28512e6|rpc:10.1.0.20:40679|dataStream:|priority:0], old=null
2022-07-12 21:05:21,138 [c45d84f2-9958-4641-906c-b1d7f28512e6@group-A48E3770D969-LeaderElection24] INFO  impl.LeaderElection (LeaderElection.java:logAndReturn(90)) - c45d84f2-9958-4641-906c-b1d7f28512e6@group-A48E3770D969-LeaderElection24: ELECTION REJECTED received 2 response(s) and 0 exception(s):
2022-07-12 21:05:21,138 [c45d84f2-9958-4641-906c-b1d7f28512e6@group-A48E3770D969-LeaderElection24] INFO  impl.LeaderElection (LeaderElection.java:logAndReturn(94)) -   Response 0: c45d84f2-9958-4641-906c-b1d7f28512e6<-f5c54527-7221-49d9-b9b4-cc0a1023d383#0:FAIL-t2
2022-07-12 21:05:21,138 [c45d84f2-9958-4641-906c-b1d7f28512e6@group-A48E3770D969-LeaderElection24] INFO  impl.LeaderElection (LeaderElection.java:logAndReturn(94)) -   Response 1: c45d84f2-9958-4641-906c-b1d7f28512e6<-e0395122-a850-434f-9bbf-3f60ac82720c#0:FAIL-t2
2022-07-12 21:05:21,149 [f5c54527-7221-49d9-b9b4-cc0a1023d383-server-thread1] INFO  ratis.XceiverServerRatis (XceiverServerRatis.java:handleLeaderChangedNotification(863)) - Leader change notification received for group: group-A48E3770D969 with new leaderId: e0395122-a850-434f-9bbf-3f60ac82720c
2022-07-12 21:05:21,150 [f5c54527-7221-49d9-b9b4-cc0a1023d383-server-thread1] INFO  server.RaftServer$Division (ServerState.java:setLeader(287)) - f5c54527-7221-49d9-b9b4-cc0a1023d383@group-A48E3770D969: change Leader from null to e0395122-a850-434f-9bbf-3f60ac82720c at term 2 for appendEntries, leader elected after 10521ms
2022-07-12 21:05:21,171 [c45d84f2-9958-4641-906c-b1d7f28512e6@group-A48E3770D969-LeaderElection24] INFO  impl.LeaderElection (LeaderElection.java:askForVotes(312)) - c45d84f2-9958-4641-906c-b1d7f28512e6@group-A48E3770D969-LeaderElection24 ELECTION round 0: result REJECTED
2022-07-12 21:05:21,172 [c45d84f2-9958-4641-906c-b1d7f28512e6@group-A48E3770D969-LeaderElection24] INFO  server.RaftServer$Division (RaftServerImpl.java:setRole(299)) - c45d84f2-9958-4641-906c-b1d7f28512e6@group-A48E3770D969: changes role from CANDIDATE to FOLLOWER at term 2 for REJECTED
2022-07-12 21:05:21,172 [c45d84f2-9958-4641-906c-b1d7f28512e6@group-A48E3770D969-LeaderElection24] INFO  impl.RoleInfo (RoleInfo.java:shutdownLeaderElection(130)) - c45d84f2-9958-4641-906c-b1d7f28512e6: shutdown c45d84f2-9958-4641-906c-b1d7f28512e6@group-A48E3770D969-LeaderElection24
2022-07-12 21:05:21,192 [c45d84f2-9958-4641-906c-b1d7f28512e6@group-A48E3770D969-LeaderElection24] INFO  impl.RoleInfo (RoleInfo.java:updateAndGet(139)) - c45d84f2-9958-4641-906c-b1d7f28512e6: start c45d84f2-9958-4641-906c-b1d7f28512e6@group-A48E3770D969-FollowerState
2022-07-12 21:05:21,193 [c45d84f2-9958-4641-906c-b1d7f28512e6-server-thread1] INFO  ratis.XceiverServerRatis (XceiverServerRatis.java:handleLeaderChangedNotification(863)) - Leader change notification received for group: group-A48E3770D969 with new leaderId: e0395122-a850-434f-9bbf-3f60ac82720c
2022-07-12 21:05:21,193 [c45d84f2-9958-4641-906c-b1d7f28512e6-server-thread1] INFO  server.RaftServer$Division (ServerState.java:setLeader(287)) - c45d84f2-9958-4641-906c-b1d7f28512e6@group-A48E3770D969: change Leader from null to e0395122-a850-434f-9bbf-3f60ac82720c at term 2 for appendEntries, leader elected after 10493ms
2022-07-12 21:05:21,200 [c45d84f2-9958-4641-906c-b1d7f28512e6-server-thread1] INFO  server.RaftServer$Division (ServerState.java:setRaftConf(393)) - c45d84f2-9958-4641-906c-b1d7f28512e6@group-A48E3770D969: set configuration 0: [f5c54527-7221-49d9-b9b4-cc0a1023d383|rpc:10.1.0.20:37817|dataStream:|priority:0, e0395122-a850-434f-9bbf-3f60ac82720c|rpc:10.1.0.20:38137|dataStream:|priority:1, c45d84f2-9958-4641-906c-b1d7f28512e6|rpc:10.1.0.20:40679|dataStream:|priority:0], old=null
2022-07-12 21:05:21,200 [c45d84f2-9958-4641-906c-b1d7f28512e6-server-thread1] INFO  segmented.SegmentedRaftLogWorker (SegmentedRaftLogWorker.java:startLogSegment(425)) - c45d84f2-9958-4641-906c-b1d7f28512e6@group-A48E3770D969-SegmentedRaftLogWorker: Starting segment from index:0
2022-07-12 21:05:21,201 [c45d84f2-9958-4641-906c-b1d7f28512e6@group-A48E3770D969-SegmentedRaftLogWorker] INFO  segmented.SegmentedRaftLogWorker (SegmentedRaftLogWorker.java:execute(629)) - c45d84f2-9958-4641-906c-b1d7f28512e6@group-A48E3770D969-SegmentedRaftLogWorker: created new log segment /home/runner/work/ozone/ozone/hadoop-ozone/integration-test/target/test-dir/MiniOzoneClusterImpl-82396f26-4b51-4819-9d3b-5aa507234af8/datanode-1/data/ratis/32936255-cde6-4523-be8c-a48e3770d969/current/log_inprogress_0
2022-07-12 21:05:21,225 [Time-limited test] INFO  rpc.RpcClient (RpcClient.java:createVolume(466)) - Creating Volume: volume26353, with user97071 as owner and space quota set to -1 bytes, counts quota set to -1
2022-07-12 21:05:21,227 [OM StateMachine ApplyTransaction Thread - 0] INFO  volume.OMVolumeCreateRequest (OMVolumeCreateRequest.java:validateAndUpdateCache(195)) - created volume:volume26353 for user:user97071
2022-07-12 21:05:21,229 [Time-limited test] INFO  rpc.RpcClient (RpcClient.java:createBucket(669)) - Creating Bucket: volume26353/bucket73669, with bucket layout LEGACY, runner as owner, Versioning false, Storage Type set to DISK and Encryption set to false 
2022-07-12 21:05:21,230 [OM StateMachine ApplyTransaction Thread - 0] INFO  bucket.OMBucketCreateRequest (OMBucketCreateRequest.java:validateAndUpdateCache(260)) - created bucket: bucket73669 of layout LEGACY in volume: volume26353
2022-07-12 21:05:21,249 [f5c54527-7221-49d9-b9b4-cc0a1023d383-server-thread1] INFO  server.RaftServer$Division (ServerState.java:setRaftConf(393)) - f5c54527-7221-49d9-b9b4-cc0a1023d383@group-A48E3770D969: set configuration 0: [f5c54527-7221-49d9-b9b4-cc0a1023d383|rpc:10.1.0.20:37817|dataStream:|priority:0, e0395122-a850-434f-9bbf-3f60ac82720c|rpc:10.1.0.20:38137|dataStream:|priority:1, c45d84f2-9958-4641-906c-b1d7f28512e6|rpc:10.1.0.20:40679|dataStream:|priority:0], old=null
2022-07-12 21:05:21,249 [f5c54527-7221-49d9-b9b4-cc0a1023d383-server-thread1] INFO  segmented.SegmentedRaftLogWorker (SegmentedRaftLogWorker.java:startLogSegment(425)) - f5c54527-7221-49d9-b9b4-cc0a1023d383@group-A48E3770D969-SegmentedRaftLogWorker: Starting segment from index:0
2022-07-12 21:05:21,251 [f5c54527-7221-49d9-b9b4-cc0a1023d383@group-A48E3770D969-SegmentedRaftLogWorker] INFO  segmented.SegmentedRaftLogWorker (SegmentedRaftLogWorker.java:execute(629)) - f5c54527-7221-49d9-b9b4-cc0a1023d383@group-A48E3770D969-SegmentedRaftLogWorker: created new log segment /home/runner/work/ozone/ozone/hadoop-ozone/integration-test/target/test-dir/MiniOzoneClusterImpl-82396f26-4b51-4819-9d3b-5aa507234af8/datanode-0/data/ratis/32936255-cde6-4523-be8c-a48e3770d969/current/log_inprogress_0
21:05:21.256 [IPC Server handler 0 on default port 38457] ERROR OMAudit - user=runner | ip=127.0.0.1 | op=GET_FILE_STATUS {volume=936c4569-a829-48a3-bf34-57ba9a58537e, bucket=b129baa5-510d-4ab6-9046-d8b8dc92dd40, key=.Trash, dataSize=0, replicationConfig=null} | ret=FAILURE
org.apache.hadoop.ozone.om.exceptions.OMException: Unable to get file status: volume: 936c4569-a829-48a3-bf34-57ba9a58537e bucket: b129baa5-510d-4ab6-9046-d8b8dc92dd40 key: .Trash
	at org.apache.hadoop.ozone.om.KeyManagerImpl.getOzoneFileStatus(KeyManagerImpl.java:1311) ~[ozone-manager-1.3.0-SNAPSHOT.jar:?]
	at org.apache.hadoop.ozone.om.KeyManagerImpl.getFileStatus(KeyManagerImpl.java:1241) ~[ozone-manager-1.3.0-SNAPSHOT.jar:?]
	at org.apache.hadoop.ozone.om.OzoneManager.getFileStatus(OzoneManager.java:3419) ~[ozone-manager-1.3.0-SNAPSHOT.jar:?]
	at org.apache.hadoop.ozone.protocolPB.OzoneManagerRequestHandler.getOzoneFileStatus(OzoneManagerRequestHandler.java:871) ~[ozone-manager-1.3.0-SNAPSHOT.jar:?]
	at org.apache.hadoop.ozone.protocolPB.OzoneManagerRequestHandler.handleReadRequest(OzoneManagerRequestHandler.java:217) ~[ozone-manager-1.3.0-SNAPSHOT.jar:?]
	at org.apache.hadoop.ozone.protocolPB.OzoneManagerProtocolServerSideTranslatorPB.submitReadRequestToOM(OzoneManagerProtocolServerSideTranslatorPB.java:226) ~[ozone-manager-1.3.0-SNAPSHOT.jar:?]
	at org.apache.hadoop.ozone.protocolPB.OzoneManagerProtocolServerSideTranslatorPB.processRequest(OzoneManagerProtocolServerSideTranslatorPB.java:175) ~[ozone-manager-1.3.0-SNAPSHOT.jar:?]
	at org.apache.hadoop.hdds.server.OzoneProtocolMessageDispatcher.processRequest(OzoneProtocolMessageDispatcher.java:87) [hdds-server-framework-1.3.0-SNAPSHOT.jar:?]
	at org.apache.hadoop.ozone.protocolPB.OzoneManagerProtocolServerSideTranslatorPB.submitRequest(OzoneManagerProtocolServerSideTranslatorPB.java:147) [ozone-manager-1.3.0-SNAPSHOT.jar:?]
	at org.apache.hadoop.ozone.protocol.proto.OzoneManagerProtocolProtos$OzoneManagerService$2.callBlockingMethod(OzoneManagerProtocolProtos.java) [ozone-interface-client-1.3.0-SNAPSHOT.jar:?]
	at org.apache.hadoop.ipc.ProtobufRpcEngine$Server.processCall(ProtobufRpcEngine.java:466) [hadoop-common-3.3.1.jar:?]
	at org.apache.hadoop.ipc.ProtobufRpcEngine2$Server$ProtoBufRpcInvoker.call(ProtobufRpcEngine2.java:574) [hadoop-common-3.3.1.jar:?]
	at org.apache.hadoop.ipc.ProtobufRpcEngine2$Server$ProtoBufRpcInvoker.call(ProtobufRpcEngine2.java:552) [hadoop-common-3.3.1.jar:?]
	at org.apache.hadoop.ipc.RPC$Server.call(RPC.java:1093) [hadoop-common-3.3.1.jar:?]
	at org.apache.hadoop.ipc.Server$RpcCall.run(Server.java:1035) [hadoop-common-3.3.1.jar:?]
	at org.apache.hadoop.ipc.Server$RpcCall.run(Server.java:963) [hadoop-common-3.3.1.jar:?]
	at java.security.AccessController.doPrivileged(Native Method) ~[?:1.8.0_332]
	at javax.security.auth.Subject.doAs(Subject.java:422) [?:1.8.0_332]
	at org.apache.hadoop.security.UserGroupInformation.doAs(UserGroupInformation.java:1878) [hadoop-common-3.3.1.jar:?]
	at org.apache.hadoop.ipc.Server$Handler.run(Server.java:2966) [hadoop-common-3.3.1.jar:?]
21:05:21.290 [IPC Server handler 12 on default port 38457] ERROR OMAudit - user=runner | ip=127.0.0.1 | op=GET_FILE_STATUS {volume=936c4569-a829-48a3-bf34-57ba9a58537e, bucket=b129baa5-510d-4ab6-9046-d8b8dc92dd40, key=.Trash, dataSize=0, replicationConfig=null} | ret=FAILURE
org.apache.hadoop.ozone.om.exceptions.OMException: Unable to get file status: volume: 936c4569-a829-48a3-bf34-57ba9a58537e bucket: b129baa5-510d-4ab6-9046-d8b8dc92dd40 key: .Trash
	at org.apache.hadoop.ozone.om.KeyManagerImpl.getOzoneFileStatus(KeyManagerImpl.java:1311) ~[ozone-manager-1.3.0-SNAPSHOT.jar:?]
	at org.apache.hadoop.ozone.om.KeyManagerImpl.getFileStatus(KeyManagerImpl.java:1241) ~[ozone-manager-1.3.0-SNAPSHOT.jar:?]
	at org.apache.hadoop.ozone.om.OzoneManager.getFileStatus(OzoneManager.java:3419) ~[ozone-manager-1.3.0-SNAPSHOT.jar:?]
	at org.apache.hadoop.ozone.protocolPB.OzoneManagerRequestHandler.getOzoneFileStatus(OzoneManagerRequestHandler.java:871) ~[ozone-manager-1.3.0-SNAPSHOT.jar:?]
	at org.apache.hadoop.ozone.protocolPB.OzoneManagerRequestHandler.handleReadRequest(OzoneManagerRequestHandler.java:217) ~[ozone-manager-1.3.0-SNAPSHOT.jar:?]
	at org.apache.hadoop.ozone.protocolPB.OzoneManagerProtocolServerSideTranslatorPB.submitReadRequestToOM(OzoneManagerProtocolServerSideTranslatorPB.java:226) ~[ozone-manager-1.3.0-SNAPSHOT.jar:?]
	at org.apache.hadoop.ozone.protocolPB.OzoneManagerProtocolServerSideTranslatorPB.processRequest(OzoneManagerProtocolServerSideTranslatorPB.java:175) ~[ozone-manager-1.3.0-SNAPSHOT.jar:?]
	at org.apache.hadoop.hdds.server.OzoneProtocolMessageDispatcher.processRequest(OzoneProtocolMessageDispatcher.java:87) [hdds-server-framework-1.3.0-SNAPSHOT.jar:?]
	at org.apache.hadoop.ozone.protocolPB.OzoneManagerProtocolServerSideTranslatorPB.submitRequest(OzoneManagerProtocolServerSideTranslatorPB.java:147) [ozone-manager-1.3.0-SNAPSHOT.jar:?]
	at org.apache.hadoop.ozone.protocol.proto.OzoneManagerProtocolProtos$OzoneManagerService$2.callBlockingMethod(OzoneManagerProtocolProtos.java) [ozone-interface-client-1.3.0-SNAPSHOT.jar:?]
	at org.apache.hadoop.ipc.ProtobufRpcEngine$Server.processCall(ProtobufRpcEngine.java:466) [hadoop-common-3.3.1.jar:?]
	at org.apache.hadoop.ipc.ProtobufRpcEngine2$Server$ProtoBufRpcInvoker.call(ProtobufRpcEngine2.java:574) [hadoop-common-3.3.1.jar:?]
	at org.apache.hadoop.ipc.ProtobufRpcEngine2$Server$ProtoBufRpcInvoker.call(ProtobufRpcEngine2.java:552) [hadoop-common-3.3.1.jar:?]
	at org.apache.hadoop.ipc.RPC$Server.call(RPC.java:1093) [hadoop-common-3.3.1.jar:?]
	at org.apache.hadoop.ipc.Server$RpcCall.run(Server.java:1035) [hadoop-common-3.3.1.jar:?]
	at org.apache.hadoop.ipc.Server$RpcCall.run(Server.java:963) [hadoop-common-3.3.1.jar:?]
	at java.security.AccessController.doPrivileged(Native Method) ~[?:1.8.0_332]
	at javax.security.auth.Subject.doAs(Subject.java:422) [?:1.8.0_332]
	at org.apache.hadoop.security.UserGroupInformation.doAs(UserGroupInformation.java:1878) [hadoop-common-3.3.1.jar:?]
	at org.apache.hadoop.ipc.Server$Handler.run(Server.java:2966) [hadoop-common-3.3.1.jar:?]
21:05:21.321 [IPC Server handler 2 on default port 38457] ERROR OMAudit - user=runner | ip=127.0.0.1 | op=GET_FILE_STATUS {volume=volume26353, bucket=bucket73669, key=.Trash/runner, dataSize=0, replicationConfig=null} | ret=FAILURE
org.apache.hadoop.ozone.om.exceptions.OMException: Unable to get file status: volume: volume26353 bucket: bucket73669 key: .Trash/runner
	at org.apache.hadoop.ozone.om.KeyManagerImpl.getOzoneFileStatus(KeyManagerImpl.java:1311) ~[ozone-manager-1.3.0-SNAPSHOT.jar:?]
	at org.apache.hadoop.ozone.om.KeyManagerImpl.getFileStatus(KeyManagerImpl.java:1241) ~[ozone-manager-1.3.0-SNAPSHOT.jar:?]
	at org.apache.hadoop.ozone.om.OzoneManager.getFileStatus(OzoneManager.java:3419) ~[ozone-manager-1.3.0-SNAPSHOT.jar:?]
	at org.apache.hadoop.ozone.protocolPB.OzoneManagerRequestHandler.getOzoneFileStatus(OzoneManagerRequestHandler.java:871) ~[ozone-manager-1.3.0-SNAPSHOT.jar:?]
	at org.apache.hadoop.ozone.protocolPB.OzoneManagerRequestHandler.handleReadRequest(OzoneManagerRequestHandler.java:217) ~[ozone-manager-1.3.0-SNAPSHOT.jar:?]
	at org.apache.hadoop.ozone.protocolPB.OzoneManagerProtocolServerSideTranslatorPB.submitReadRequestToOM(OzoneManagerProtocolServerSideTranslatorPB.java:226) ~[ozone-manager-1.3.0-SNAPSHOT.jar:?]
	at org.apache.hadoop.ozone.protocolPB.OzoneManagerProtocolServerSideTranslatorPB.processRequest(OzoneManagerProtocolServerSideTranslatorPB.java:175) ~[ozone-manager-1.3.0-SNAPSHOT.jar:?]
	at org.apache.hadoop.hdds.server.OzoneProtocolMessageDispatcher.processRequest(OzoneProtocolMessageDispatcher.java:87) [hdds-server-framework-1.3.0-SNAPSHOT.jar:?]
	at org.apache.hadoop.ozone.protocolPB.OzoneManagerProtocolServerSideTranslatorPB.submitRequest(OzoneManagerProtocolServerSideTranslatorPB.java:147) [ozone-manager-1.3.0-SNAPSHOT.jar:?]
	at org.apache.hadoop.ozone.protocol.proto.OzoneManagerProtocolProtos$OzoneManagerService$2.callBlockingMethod(OzoneManagerProtocolProtos.java) [ozone-interface-client-1.3.0-SNAPSHOT.jar:?]
	at org.apache.hadoop.ipc.ProtobufRpcEngine$Server.processCall(ProtobufRpcEngine.java:466) [hadoop-common-3.3.1.jar:?]
	at org.apache.hadoop.ipc.ProtobufRpcEngine2$Server$ProtoBufRpcInvoker.call(ProtobufRpcEngine2.java:574) [hadoop-common-3.3.1.jar:?]
	at org.apache.hadoop.ipc.ProtobufRpcEngine2$Server$ProtoBufRpcInvoker.call(ProtobufRpcEngine2.java:552) [hadoop-common-3.3.1.jar:?]
	at org.apache.hadoop.ipc.RPC$Server.call(RPC.java:1093) [hadoop-common-3.3.1.jar:?]
	at org.apache.hadoop.ipc.Server$RpcCall.run(Server.java:1035) [hadoop-common-3.3.1.jar:?]
	at org.apache.hadoop.ipc.Server$RpcCall.run(Server.java:963) [hadoop-common-3.3.1.jar:?]
	at java.security.AccessController.doPrivileged(Native Method) ~[?:1.8.0_332]
	at javax.security.auth.Subject.doAs(Subject.java:422) [?:1.8.0_332]
	at org.apache.hadoop.security.UserGroupInformation.doAs(UserGroupInformation.java:1878) [hadoop-common-3.3.1.jar:?]
	at org.apache.hadoop.ipc.Server$Handler.run(Server.java:2966) [hadoop-common-3.3.1.jar:?]
21:05:21.338 [IPC Server handler 3 on default port 38457] ERROR OMAudit - user=runner | ip=127.0.0.1 | op=GET_FILE_STATUS {volume=936c4569-a829-48a3-bf34-57ba9a58537e, bucket=b129baa5-510d-4ab6-9046-d8b8dc92dd40, key=.Trash, dataSize=0, replicationConfig=null} | ret=FAILURE
org.apache.hadoop.ozone.om.exceptions.OMException: Unable to get file status: volume: 936c4569-a829-48a3-bf34-57ba9a58537e bucket: b129baa5-510d-4ab6-9046-d8b8dc92dd40 key: .Trash
	at org.apache.hadoop.ozone.om.KeyManagerImpl.getOzoneFileStatus(KeyManagerImpl.java:1311) ~[ozone-manager-1.3.0-SNAPSHOT.jar:?]
	at org.apache.hadoop.ozone.om.KeyManagerImpl.getFileStatus(KeyManagerImpl.java:1241) ~[ozone-manager-1.3.0-SNAPSHOT.jar:?]
	at org.apache.hadoop.ozone.om.OzoneManager.getFileStatus(OzoneManager.java:3419) ~[ozone-manager-1.3.0-SNAPSHOT.jar:?]
	at org.apache.hadoop.ozone.protocolPB.OzoneManagerRequestHandler.getOzoneFileStatus(OzoneManagerRequestHandler.java:871) ~[ozone-manager-1.3.0-SNAPSHOT.jar:?]
	at org.apache.hadoop.ozone.protocolPB.OzoneManagerRequestHandler.handleReadRequest(OzoneManagerRequestHandler.java:217) ~[ozone-manager-1.3.0-SNAPSHOT.jar:?]
	at org.apache.hadoop.ozone.protocolPB.OzoneManagerProtocolServerSideTranslatorPB.submitReadRequestToOM(OzoneManagerProtocolServerSideTranslatorPB.java:226) ~[ozone-manager-1.3.0-SNAPSHOT.jar:?]
	at org.apache.hadoop.ozone.protocolPB.OzoneManagerProtocolServerSideTranslatorPB.processRequest(OzoneManagerProtocolServerSideTranslatorPB.java:175) ~[ozone-manager-1.3.0-SNAPSHOT.jar:?]
	at org.apache.hadoop.hdds.server.OzoneProtocolMessageDispatcher.processRequest(OzoneProtocolMessageDispatcher.java:87) [hdds-server-framework-1.3.0-SNAPSHOT.jar:?]
	at org.apache.hadoop.ozone.protocolPB.OzoneManagerProtocolServerSideTranslatorPB.submitRequest(OzoneManagerProtocolServerSideTranslatorPB.java:147) [ozone-manager-1.3.0-SNAPSHOT.jar:?]
	at org.apache.hadoop.ozone.protocol.proto.OzoneManagerProtocolProtos$OzoneManagerService$2.callBlockingMethod(OzoneManagerProtocolProtos.java) [ozone-interface-client-1.3.0-SNAPSHOT.jar:?]
	at org.apache.hadoop.ipc.ProtobufRpcEngine$Server.processCall(ProtobufRpcEngine.java:466) [hadoop-common-3.3.1.jar:?]
	at org.apache.hadoop.ipc.ProtobufRpcEngine2$Server$ProtoBufRpcInvoker.call(ProtobufRpcEngine2.java:574) [hadoop-common-3.3.1.jar:?]
	at org.apache.hadoop.ipc.ProtobufRpcEngine2$Server$ProtoBufRpcInvoker.call(ProtobufRpcEngine2.java:552) [hadoop-common-3.3.1.jar:?]
	at org.apache.hadoop.ipc.RPC$Server.call(RPC.java:1093) [hadoop-common-3.3.1.jar:?]
	at org.apache.hadoop.ipc.Server$RpcCall.run(Server.java:1035) [hadoop-common-3.3.1.jar:?]
	at org.apache.hadoop.ipc.Server$RpcCall.run(Server.java:963) [hadoop-common-3.3.1.jar:?]
	at java.security.AccessController.doPrivileged(Native Method) ~[?:1.8.0_332]
	at javax.security.auth.Subject.doAs(Subject.java:422) [?:1.8.0_332]
	at org.apache.hadoop.security.UserGroupInformation.doAs(UserGroupInformation.java:1878) [hadoop-common-3.3.1.jar:?]
	at org.apache.hadoop.ipc.Server$Handler.run(Server.java:2966) [hadoop-common-3.3.1.jar:?]
21:05:21.340 [IPC Server handler 8 on default port 38457] ERROR OMAudit - user=runner | ip=127.0.0.1 | op=GET_FILE_STATUS {volume=volume26353, bucket=bucket73669, key=.Trash, dataSize=0, replicationConfig=null} | ret=FAILURE
org.apache.hadoop.ozone.om.exceptions.OMException: Unable to get file status: volume: volume26353 bucket: bucket73669 key: .Trash
	at org.apache.hadoop.ozone.om.KeyManagerImpl.getOzoneFileStatus(KeyManagerImpl.java:1311) ~[ozone-manager-1.3.0-SNAPSHOT.jar:?]
	at org.apache.hadoop.ozone.om.KeyManagerImpl.getFileStatus(KeyManagerImpl.java:1241) ~[ozone-manager-1.3.0-SNAPSHOT.jar:?]
	at org.apache.hadoop.ozone.om.OzoneManager.getFileStatus(OzoneManager.java:3419) ~[ozone-manager-1.3.0-SNAPSHOT.jar:?]
	at org.apache.hadoop.ozone.protocolPB.OzoneManagerRequestHandler.getOzoneFileStatus(OzoneManagerRequestHandler.java:871) ~[ozone-manager-1.3.0-SNAPSHOT.jar:?]
	at org.apache.hadoop.ozone.protocolPB.OzoneManagerRequestHandler.handleReadRequest(OzoneManagerRequestHandler.java:217) ~[ozone-manager-1.3.0-SNAPSHOT.jar:?]
	at org.apache.hadoop.ozone.protocolPB.OzoneManagerProtocolServerSideTranslatorPB.submitReadRequestToOM(OzoneManagerProtocolServerSideTranslatorPB.java:226) ~[ozone-manager-1.3.0-SNAPSHOT.jar:?]
	at org.apache.hadoop.ozone.protocolPB.OzoneManagerProtocolServerSideTranslatorPB.processRequest(OzoneManagerProtocolServerSideTranslatorPB.java:175) ~[ozone-manager-1.3.0-SNAPSHOT.jar:?]
	at org.apache.hadoop.hdds.server.OzoneProtocolMessageDispatcher.processRequest(OzoneProtocolMessageDispatcher.java:87) [hdds-server-framework-1.3.0-SNAPSHOT.jar:?]
	at org.apache.hadoop.ozone.protocolPB.OzoneManagerProtocolServerSideTranslatorPB.submitRequest(OzoneManagerProtocolServerSideTranslatorPB.java:147) [ozone-manager-1.3.0-SNAPSHOT.jar:?]
	at org.apache.hadoop.ozone.protocol.proto.OzoneManagerProtocolProtos$OzoneManagerService$2.callBlockingMethod(OzoneManagerProtocolProtos.java) [ozone-interface-client-1.3.0-SNAPSHOT.jar:?]
	at org.apache.hadoop.ipc.ProtobufRpcEngine$Server.processCall(ProtobufRpcEngine.java:466) [hadoop-common-3.3.1.jar:?]
	at org.apache.hadoop.ipc.ProtobufRpcEngine2$Server$ProtoBufRpcInvoker.call(ProtobufRpcEngine2.java:574) [hadoop-common-3.3.1.jar:?]
	at org.apache.hadoop.ipc.ProtobufRpcEngine2$Server$ProtoBufRpcInvoker.call(ProtobufRpcEngine2.java:552) [hadoop-common-3.3.1.jar:?]
	at org.apache.hadoop.ipc.RPC$Server.call(RPC.java:1093) [hadoop-common-3.3.1.jar:?]
	at org.apache.hadoop.ipc.Server$RpcCall.run(Server.java:1035) [hadoop-common-3.3.1.jar:?]
	at org.apache.hadoop.ipc.Server$RpcCall.run(Server.java:963) [hadoop-common-3.3.1.jar:?]
	at java.security.AccessController.doPrivileged(Native Method) ~[?:1.8.0_332]
	at javax.security.auth.Subject.doAs(Subject.java:422) [?:1.8.0_332]
	at org.apache.hadoop.security.UserGroupInformation.doAs(UserGroupInformation.java:1878) [hadoop-common-3.3.1.jar:?]
	at org.apache.hadoop.ipc.Server$Handler.run(Server.java:2966) [hadoop-common-3.3.1.jar:?]
21:05:21.363 [IPC Server handler 2 on default port 38457] ERROR OMAudit - user=runner | ip=127.0.0.1 | op=GET_FILE_STATUS {volume=volume26353, bucket=bucket73669, key=.Trash/runner, dataSize=0, replicationConfig=null} | ret=FAILURE
org.apache.hadoop.ozone.om.exceptions.OMException: Unable to get file status: volume: volume26353 bucket: bucket73669 key: .Trash/runner
	at org.apache.hadoop.ozone.om.KeyManagerImpl.getOzoneFileStatus(KeyManagerImpl.java:1311) ~[ozone-manager-1.3.0-SNAPSHOT.jar:?]
	at org.apache.hadoop.ozone.om.KeyManagerImpl.getFileStatus(KeyManagerImpl.java:1241) ~[ozone-manager-1.3.0-SNAPSHOT.jar:?]
	at org.apache.hadoop.ozone.om.OzoneManager.getFileStatus(OzoneManager.java:3419) ~[ozone-manager-1.3.0-SNAPSHOT.jar:?]
	at org.apache.hadoop.ozone.protocolPB.OzoneManagerRequestHandler.getOzoneFileStatus(OzoneManagerRequestHandler.java:871) ~[ozone-manager-1.3.0-SNAPSHOT.jar:?]
	at org.apache.hadoop.ozone.protocolPB.OzoneManagerRequestHandler.handleReadRequest(OzoneManagerRequestHandler.java:217) ~[ozone-manager-1.3.0-SNAPSHOT.jar:?]
	at org.apache.hadoop.ozone.protocolPB.OzoneManagerProtocolServerSideTranslatorPB.submitReadRequestToOM(OzoneManagerProtocolServerSideTranslatorPB.java:226) ~[ozone-manager-1.3.0-SNAPSHOT.jar:?]
	at org.apache.hadoop.ozone.protocolPB.OzoneManagerProtocolServerSideTranslatorPB.processRequest(OzoneManagerProtocolServerSideTranslatorPB.java:175) ~[ozone-manager-1.3.0-SNAPSHOT.jar:?]
	at org.apache.hadoop.hdds.server.OzoneProtocolMessageDispatcher.processRequest(OzoneProtocolMessageDispatcher.java:87) [hdds-server-framework-1.3.0-SNAPSHOT.jar:?]
	at org.apache.hadoop.ozone.protocolPB.OzoneManagerProtocolServerSideTranslatorPB.submitRequest(OzoneManagerProtocolServerSideTranslatorPB.java:147) [ozone-manager-1.3.0-SNAPSHOT.jar:?]
	at org.apache.hadoop.ozone.protocol.proto.OzoneManagerProtocolProtos$OzoneManagerService$2.callBlockingMethod(OzoneManagerProtocolProtos.java) [ozone-interface-client-1.3.0-SNAPSHOT.jar:?]
	at org.apache.hadoop.ipc.ProtobufRpcEngine$Server.processCall(ProtobufRpcEngine.java:466) [hadoop-common-3.3.1.jar:?]
	at org.apache.hadoop.ipc.ProtobufRpcEngine2$Server$ProtoBufRpcInvoker.call(ProtobufRpcEngine2.java:574) [hadoop-common-3.3.1.jar:?]
	at org.apache.hadoop.ipc.ProtobufRpcEngine2$Server$ProtoBufRpcInvoker.call(ProtobufRpcEngine2.java:552) [hadoop-common-3.3.1.jar:?]
	at org.apache.hadoop.ipc.RPC$Server.call(RPC.java:1093) [hadoop-common-3.3.1.jar:?]
	at org.apache.hadoop.ipc.Server$RpcCall.run(Server.java:1035) [hadoop-common-3.3.1.jar:?]
	at org.apache.hadoop.ipc.Server$RpcCall.run(Server.java:963) [hadoop-common-3.3.1.jar:?]
	at java.security.AccessController.doPrivileged(Native Method) ~[?:1.8.0_332]
	at javax.security.auth.Subject.doAs(Subject.java:422) [?:1.8.0_332]
	at org.apache.hadoop.security.UserGroupInformation.doAs(UserGroupInformation.java:1878) [hadoop-common-3.3.1.jar:?]
	at org.apache.hadoop.ipc.Server$Handler.run(Server.java:2966) [hadoop-common-3.3.1.jar:?]
21:05:21.369 [IPC Server handler 18 on default port 38457] ERROR OMAudit - user=runner | ip=127.0.0.1 | op=GET_FILE_STATUS {volume=volume36216, bucket=trashroottest2, key=.Trash/runner, dataSize=0, replicationConfig=null} | ret=FAILURE
org.apache.hadoop.ozone.om.exceptions.OMException: Unable to get file status: volume: volume36216 bucket: trashroottest2 key: .Trash/runner
	at org.apache.hadoop.ozone.om.KeyManagerImpl.getOzoneFileStatus(KeyManagerImpl.java:1311) ~[ozone-manager-1.3.0-SNAPSHOT.jar:?]
	at org.apache.hadoop.ozone.om.KeyManagerImpl.getFileStatus(KeyManagerImpl.java:1241) ~[ozone-manager-1.3.0-SNAPSHOT.jar:?]
	at org.apache.hadoop.ozone.om.OzoneManager.getFileStatus(OzoneManager.java:3419) ~[ozone-manager-1.3.0-SNAPSHOT.jar:?]
	at org.apache.hadoop.ozone.protocolPB.OzoneManagerRequestHandler.getOzoneFileStatus(OzoneManagerRequestHandler.java:871) ~[ozone-manager-1.3.0-SNAPSHOT.jar:?]
	at org.apache.hadoop.ozone.protocolPB.OzoneManagerRequestHandler.handleReadRequest(OzoneManagerRequestHandler.java:217) ~[ozone-manager-1.3.0-SNAPSHOT.jar:?]
	at org.apache.hadoop.ozone.protocolPB.OzoneManagerProtocolServerSideTranslatorPB.submitReadRequestToOM(OzoneManagerProtocolServerSideTranslatorPB.java:226) ~[ozone-manager-1.3.0-SNAPSHOT.jar:?]
	at org.apache.hadoop.ozone.protocolPB.OzoneManagerProtocolServerSideTranslatorPB.processRequest(OzoneManagerProtocolServerSideTranslatorPB.java:175) ~[ozone-manager-1.3.0-SNAPSHOT.jar:?]
	at org.apache.hadoop.hdds.server.OzoneProtocolMessageDispatcher.processRequest(OzoneProtocolMessageDispatcher.java:87) [hdds-server-framework-1.3.0-SNAPSHOT.jar:?]
	at org.apache.hadoop.ozone.protocolPB.OzoneManagerProtocolServerSideTranslatorPB.submitRequest(OzoneManagerProtocolServerSideTranslatorPB.java:147) [ozone-manager-1.3.0-SNAPSHOT.jar:?]
	at org.apache.hadoop.ozone.protocol.proto.OzoneManagerProtocolProtos$OzoneManagerService$2.callBlockingMethod(OzoneManagerProtocolProtos.java) [ozone-interface-client-1.3.0-SNAPSHOT.jar:?]
	at org.apache.hadoop.ipc.ProtobufRpcEngine$Server.processCall(ProtobufRpcEngine.java:466) [hadoop-common-3.3.1.jar:?]
	at org.apache.hadoop.ipc.ProtobufRpcEngine2$Server$ProtoBufRpcInvoker.call(ProtobufRpcEngine2.java:574) [hadoop-common-3.3.1.jar:?]
	at org.apache.hadoop.ipc.ProtobufRpcEngine2$Server$ProtoBufRpcInvoker.call(ProtobufRpcEngine2.java:552) [hadoop-common-3.3.1.jar:?]
	at org.apache.hadoop.ipc.RPC$Server.call(RPC.java:1093) [hadoop-common-3.3.1.jar:?]
	at org.apache.hadoop.ipc.Server$RpcCall.run(Server.java:1035) [hadoop-common-3.3.1.jar:?]
	at org.apache.hadoop.ipc.Server$RpcCall.run(Server.java:963) [hadoop-common-3.3.1.jar:?]
	at java.security.AccessController.doPrivileged(Native Method) ~[?:1.8.0_332]
	at javax.security.auth.Subject.doAs(Subject.java:422) [?:1.8.0_332]
	at org.apache.hadoop.security.UserGroupInformation.doAs(UserGroupInformation.java:1878) [hadoop-common-3.3.1.jar:?]
	at org.apache.hadoop.ipc.Server$Handler.run(Server.java:2966) [hadoop-common-3.3.1.jar:?]
21:05:21.377 [IPC Server handler 0 on default port 38457] ERROR OMAudit - user=runner | ip=127.0.0.1 | op=GET_FILE_STATUS {volume=936c4569-a829-48a3-bf34-57ba9a58537e, bucket=b129baa5-510d-4ab6-9046-d8b8dc92dd40, key=.Trash, dataSize=0, replicationConfig=null} | ret=FAILURE
org.apache.hadoop.ozone.om.exceptions.OMException: Unable to get file status: volume: 936c4569-a829-48a3-bf34-57ba9a58537e bucket: b129baa5-510d-4ab6-9046-d8b8dc92dd40 key: .Trash
	at org.apache.hadoop.ozone.om.KeyManagerImpl.getOzoneFileStatus(KeyManagerImpl.java:1311) ~[ozone-manager-1.3.0-SNAPSHOT.jar:?]
	at org.apache.hadoop.ozone.om.KeyManagerImpl.getFileStatus(KeyManagerImpl.java:1241) ~[ozone-manager-1.3.0-SNAPSHOT.jar:?]
	at org.apache.hadoop.ozone.om.OzoneManager.getFileStatus(OzoneManager.java:3419) ~[ozone-manager-1.3.0-SNAPSHOT.jar:?]
	at org.apache.hadoop.ozone.protocolPB.OzoneManagerRequestHandler.getOzoneFileStatus(OzoneManagerRequestHandler.java:871) ~[ozone-manager-1.3.0-SNAPSHOT.jar:?]
	at org.apache.hadoop.ozone.protocolPB.OzoneManagerRequestHandler.handleReadRequest(OzoneManagerRequestHandler.java:217) ~[ozone-manager-1.3.0-SNAPSHOT.jar:?]
	at org.apache.hadoop.ozone.protocolPB.OzoneManagerProtocolServerSideTranslatorPB.submitReadRequestToOM(OzoneManagerProtocolServerSideTranslatorPB.java:226) ~[ozone-manager-1.3.0-SNAPSHOT.jar:?]
	at org.apache.hadoop.ozone.protocolPB.OzoneManagerProtocolServerSideTranslatorPB.processRequest(OzoneManagerProtocolServerSideTranslatorPB.java:175) ~[ozone-manager-1.3.0-SNAPSHOT.jar:?]
	at org.apache.hadoop.hdds.server.OzoneProtocolMessageDispatcher.processRequest(OzoneProtocolMessageDispatcher.java:87) [hdds-server-framework-1.3.0-SNAPSHOT.jar:?]
	at org.apache.hadoop.ozone.protocolPB.OzoneManagerProtocolServerSideTranslatorPB.submitRequest(OzoneManagerProtocolServerSideTranslatorPB.java:147) [ozone-manager-1.3.0-SNAPSHOT.jar:?]
	at org.apache.hadoop.ozone.protocol.proto.OzoneManagerProtocolProtos$OzoneManagerService$2.callBlockingMethod(OzoneManagerProtocolProtos.java) [ozone-interface-client-1.3.0-SNAPSHOT.jar:?]
	at org.apache.hadoop.ipc.ProtobufRpcEngine$Server.processCall(ProtobufRpcEngine.java:466) [hadoop-common-3.3.1.jar:?]
	at org.apache.hadoop.ipc.ProtobufRpcEngine2$Server$ProtoBufRpcInvoker.call(ProtobufRpcEngine2.java:574) [hadoop-common-3.3.1.jar:?]
	at org.apache.hadoop.ipc.ProtobufRpcEngine2$Server$ProtoBufRpcInvoker.call(ProtobufRpcEngine2.java:552) [hadoop-common-3.3.1.jar:?]
	at org.apache.hadoop.ipc.RPC$Server.call(RPC.java:1093) [hadoop-common-3.3.1.jar:?]
	at org.apache.hadoop.ipc.Server$RpcCall.run(Server.java:1035) [hadoop-common-3.3.1.jar:?]
	at org.apache.hadoop.ipc.Server$RpcCall.run(Server.java:963) [hadoop-common-3.3.1.jar:?]
	at java.security.AccessController.doPrivileged(Native Method) ~[?:1.8.0_332]
	at javax.security.auth.Subject.doAs(Subject.java:422) [?:1.8.0_332]
	at org.apache.hadoop.security.UserGroupInformation.doAs(UserGroupInformation.java:1878) [hadoop-common-3.3.1.jar:?]
	at org.apache.hadoop.ipc.Server$Handler.run(Server.java:2966) [hadoop-common-3.3.1.jar:?]
21:05:21.379 [IPC Server handler 5 on default port 38457] ERROR OMAudit - user=runner | ip=127.0.0.1 | op=GET_FILE_STATUS {volume=volume26353, bucket=bucket73669, key=.Trash, dataSize=0, replicationConfig=null} | ret=FAILURE
org.apache.hadoop.ozone.om.exceptions.OMException: Unable to get file status: volume: volume26353 bucket: bucket73669 key: .Trash
	at org.apache.hadoop.ozone.om.KeyManagerImpl.getOzoneFileStatus(KeyManagerImpl.java:1311) ~[ozone-manager-1.3.0-SNAPSHOT.jar:?]
	at org.apache.hadoop.ozone.om.KeyManagerImpl.getFileStatus(KeyManagerImpl.java:1241) ~[ozone-manager-1.3.0-SNAPSHOT.jar:?]
	at org.apache.hadoop.ozone.om.OzoneManager.getFileStatus(OzoneManager.java:3419) ~[ozone-manager-1.3.0-SNAPSHOT.jar:?]
	at org.apache.hadoop.ozone.protocolPB.OzoneManagerRequestHandler.getOzoneFileStatus(OzoneManagerRequestHandler.java:871) ~[ozone-manager-1.3.0-SNAPSHOT.jar:?]
	at org.apache.hadoop.ozone.protocolPB.OzoneManagerRequestHandler.handleReadRequest(OzoneManagerRequestHandler.java:217) ~[ozone-manager-1.3.0-SNAPSHOT.jar:?]
	at org.apache.hadoop.ozone.protocolPB.OzoneManagerProtocolServerSideTranslatorPB.submitReadRequestToOM(OzoneManagerProtocolServerSideTranslatorPB.java:226) ~[ozone-manager-1.3.0-SNAPSHOT.jar:?]
	at org.apache.hadoop.ozone.protocolPB.OzoneManagerProtocolServerSideTranslatorPB.processRequest(OzoneManagerProtocolServerSideTranslatorPB.java:175) ~[ozone-manager-1.3.0-SNAPSHOT.jar:?]
	at org.apache.hadoop.hdds.server.OzoneProtocolMessageDispatcher.processRequest(OzoneProtocolMessageDispatcher.java:87) [hdds-server-framework-1.3.0-SNAPSHOT.jar:?]
	at org.apache.hadoop.ozone.protocolPB.OzoneManagerProtocolServerSideTranslatorPB.submitRequest(OzoneManagerProtocolServerSideTranslatorPB.java:147) [ozone-manager-1.3.0-SNAPSHOT.jar:?]
	at org.apache.hadoop.ozone.protocol.proto.OzoneManagerProtocolProtos$OzoneManagerService$2.callBlockingMethod(OzoneManagerProtocolProtos.java) [ozone-interface-client-1.3.0-SNAPSHOT.jar:?]
	at org.apache.hadoop.ipc.ProtobufRpcEngine$Server.processCall(ProtobufRpcEngine.java:466) [hadoop-common-3.3.1.jar:?]
	at org.apache.hadoop.ipc.ProtobufRpcEngine2$Server$ProtoBufRpcInvoker.call(ProtobufRpcEngine2.java:574) [hadoop-common-3.3.1.jar:?]
	at org.apache.hadoop.ipc.ProtobufRpcEngine2$Server$ProtoBufRpcInvoker.call(ProtobufRpcEngine2.java:552) [hadoop-common-3.3.1.jar:?]
	at org.apache.hadoop.ipc.RPC$Server.call(RPC.java:1093) [hadoop-common-3.3.1.jar:?]
	at org.apache.hadoop.ipc.Server$RpcCall.run(Server.java:1035) [hadoop-common-3.3.1.jar:?]
	at org.apache.hadoop.ipc.Server$RpcCall.run(Server.java:963) [hadoop-common-3.3.1.jar:?]
	at java.security.AccessController.doPrivileged(Native Method) ~[?:1.8.0_332]
	at javax.security.auth.Subject.doAs(Subject.java:422) [?:1.8.0_332]
	at org.apache.hadoop.security.UserGroupInformation.doAs(UserGroupInformation.java:1878) [hadoop-common-3.3.1.jar:?]
	at org.apache.hadoop.ipc.Server$Handler.run(Server.java:2966) [hadoop-common-3.3.1.jar:?]
21:05:21.388 [IPC Server handler 15 on default port 38457] ERROR OMAudit - user=runner | ip=127.0.0.1 | op=GET_FILE_STATUS {volume=volume36216, bucket=trashroottest2, key=.Trash, dataSize=0, replicationConfig=null} | ret=FAILURE
org.apache.hadoop.ozone.om.exceptions.OMException: Unable to get file status: volume: volume36216 bucket: trashroottest2 key: .Trash
	at org.apache.hadoop.ozone.om.KeyManagerImpl.getOzoneFileStatus(KeyManagerImpl.java:1311) ~[ozone-manager-1.3.0-SNAPSHOT.jar:?]
	at org.apache.hadoop.ozone.om.KeyManagerImpl.getFileStatus(KeyManagerImpl.java:1241) ~[ozone-manager-1.3.0-SNAPSHOT.jar:?]
	at org.apache.hadoop.ozone.om.OzoneManager.getFileStatus(OzoneManager.java:3419) ~[ozone-manager-1.3.0-SNAPSHOT.jar:?]
	at org.apache.hadoop.ozone.protocolPB.OzoneManagerRequestHandler.getOzoneFileStatus(OzoneManagerRequestHandler.java:871) ~[ozone-manager-1.3.0-SNAPSHOT.jar:?]
	at org.apache.hadoop.ozone.protocolPB.OzoneManagerRequestHandler.handleReadRequest(OzoneManagerRequestHandler.java:217) ~[ozone-manager-1.3.0-SNAPSHOT.jar:?]
	at org.apache.hadoop.ozone.protocolPB.OzoneManagerProtocolServerSideTranslatorPB.submitReadRequestToOM(OzoneManagerProtocolServerSideTranslatorPB.java:226) ~[ozone-manager-1.3.0-SNAPSHOT.jar:?]
	at org.apache.hadoop.ozone.protocolPB.OzoneManagerProtocolServerSideTranslatorPB.processRequest(OzoneManagerProtocolServerSideTranslatorPB.java:175) ~[ozone-manager-1.3.0-SNAPSHOT.jar:?]
	at org.apache.hadoop.hdds.server.OzoneProtocolMessageDispatcher.processRequest(OzoneProtocolMessageDispatcher.java:87) [hdds-server-framework-1.3.0-SNAPSHOT.jar:?]
	at org.apache.hadoop.ozone.protocolPB.OzoneManagerProtocolServerSideTranslatorPB.submitRequest(OzoneManagerProtocolServerSideTranslatorPB.java:147) [ozone-manager-1.3.0-SNAPSHOT.jar:?]
	at org.apache.hadoop.ozone.protocol.proto.OzoneManagerProtocolProtos$OzoneManagerService$2.callBlockingMethod(OzoneManagerProtocolProtos.java) [ozone-interface-client-1.3.0-SNAPSHOT.jar:?]
	at org.apache.hadoop.ipc.ProtobufRpcEngine$Server.processCall(ProtobufRpcEngine.java:466) [hadoop-common-3.3.1.jar:?]
	at org.apache.hadoop.ipc.ProtobufRpcEngine2$Server$ProtoBufRpcInvoker.call(ProtobufRpcEngine2.java:574) [hadoop-common-3.3.1.jar:?]
	at org.apache.hadoop.ipc.ProtobufRpcEngine2$Server$ProtoBufRpcInvoker.call(ProtobufRpcEngine2.java:552) [hadoop-common-3.3.1.jar:?]
	at org.apache.hadoop.ipc.RPC$Server.call(RPC.java:1093) [hadoop-common-3.3.1.jar:?]
	at org.apache.hadoop.ipc.Server$RpcCall.run(Server.java:1035) [hadoop-common-3.3.1.jar:?]
	at org.apache.hadoop.ipc.Server$RpcCall.run(Server.java:963) [hadoop-common-3.3.1.jar:?]
	at java.security.AccessController.doPrivileged(Native Method) ~[?:1.8.0_332]
	at javax.security.auth.Subject.doAs(Subject.java:422) [?:1.8.0_332]
	at org.apache.hadoop.security.UserGroupInformation.doAs(UserGroupInformation.java:1878) [hadoop-common-3.3.1.jar:?]
	at org.apache.hadoop.ipc.Server$Handler.run(Server.java:2966) [hadoop-common-3.3.1.jar:?]
21:05:21.400 [IPC Server handler 13 on default port 38457] ERROR OMAudit - user=runner | ip=127.0.0.1 | op=GET_FILE_STATUS {volume=volume26353, bucket=bucket73669, key=.Trash/runner, dataSize=0, replicationConfig=null} | ret=FAILURE
org.apache.hadoop.ozone.om.exceptions.OMException: Unable to get file status: volume: volume26353 bucket: bucket73669 key: .Trash/runner
	at org.apache.hadoop.ozone.om.KeyManagerImpl.getOzoneFileStatus(KeyManagerImpl.java:1311) ~[ozone-manager-1.3.0-SNAPSHOT.jar:?]
	at org.apache.hadoop.ozone.om.KeyManagerImpl.getFileStatus(KeyManagerImpl.java:1241) ~[ozone-manager-1.3.0-SNAPSHOT.jar:?]
	at org.apache.hadoop.ozone.om.OzoneManager.getFileStatus(OzoneManager.java:3419) ~[ozone-manager-1.3.0-SNAPSHOT.jar:?]
	at org.apache.hadoop.ozone.protocolPB.OzoneManagerRequestHandler.getOzoneFileStatus(OzoneManagerRequestHandler.java:871) ~[ozone-manager-1.3.0-SNAPSHOT.jar:?]
	at org.apache.hadoop.ozone.protocolPB.OzoneManagerRequestHandler.handleReadRequest(OzoneManagerRequestHandler.java:217) ~[ozone-manager-1.3.0-SNAPSHOT.jar:?]
	at org.apache.hadoop.ozone.protocolPB.OzoneManagerProtocolServerSideTranslatorPB.submitReadRequestToOM(OzoneManagerProtocolServerSideTranslatorPB.java:226) ~[ozone-manager-1.3.0-SNAPSHOT.jar:?]
	at org.apache.hadoop.ozone.protocolPB.OzoneManagerProtocolServerSideTranslatorPB.processRequest(OzoneManagerProtocolServerSideTranslatorPB.java:175) ~[ozone-manager-1.3.0-SNAPSHOT.jar:?]
	at org.apache.hadoop.hdds.server.OzoneProtocolMessageDispatcher.processRequest(OzoneProtocolMessageDispatcher.java:87) [hdds-server-framework-1.3.0-SNAPSHOT.jar:?]
	at org.apache.hadoop.ozone.protocolPB.OzoneManagerProtocolServerSideTranslatorPB.submitRequest(OzoneManagerProtocolServerSideTranslatorPB.java:147) [ozone-manager-1.3.0-SNAPSHOT.jar:?]
	at org.apache.hadoop.ozone.protocol.proto.OzoneManagerProtocolProtos$OzoneManagerService$2.callBlockingMethod(OzoneManagerProtocolProtos.java) [ozone-interface-client-1.3.0-SNAPSHOT.jar:?]
	at org.apache.hadoop.ipc.ProtobufRpcEngine$Server.processCall(ProtobufRpcEngine.java:466) [hadoop-common-3.3.1.jar:?]
	at org.apache.hadoop.ipc.ProtobufRpcEngine2$Server$ProtoBufRpcInvoker.call(ProtobufRpcEngine2.java:574) [hadoop-common-3.3.1.jar:?]
	at org.apache.hadoop.ipc.ProtobufRpcEngine2$Server$ProtoBufRpcInvoker.call(ProtobufRpcEngine2.java:552) [hadoop-common-3.3.1.jar:?]
	at org.apache.hadoop.ipc.RPC$Server.call(RPC.java:1093) [hadoop-common-3.3.1.jar:?]
	at org.apache.hadoop.ipc.Server$RpcCall.run(Server.java:1035) [hadoop-common-3.3.1.jar:?]
	at org.apache.hadoop.ipc.Server$RpcCall.run(Server.java:963) [hadoop-common-3.3.1.jar:?]
	at java.security.AccessController.doPrivileged(Native Method) ~[?:1.8.0_332]
	at javax.security.auth.Subject.doAs(Subject.java:422) [?:1.8.0_332]
	at org.apache.hadoop.security.UserGroupInformation.doAs(UserGroupInformation.java:1878) [hadoop-common-3.3.1.jar:?]
	at org.apache.hadoop.ipc.Server$Handler.run(Server.java:2966) [hadoop-common-3.3.1.jar:?]
21:05:21.405 [IPC Server handler 4 on default port 38457] ERROR OMAudit - user=runner | ip=127.0.0.1 | op=GET_FILE_STATUS {volume=volume36216, bucket=trashroottest2, key=.Trash/runner, dataSize=0, replicationConfig=null} | ret=FAILURE
org.apache.hadoop.ozone.om.exceptions.OMException: Unable to get file status: volume: volume36216 bucket: trashroottest2 key: .Trash/runner
	at org.apache.hadoop.ozone.om.KeyManagerImpl.getOzoneFileStatus(KeyManagerImpl.java:1311) ~[ozone-manager-1.3.0-SNAPSHOT.jar:?]
	at org.apache.hadoop.ozone.om.KeyManagerImpl.getFileStatus(KeyManagerImpl.java:1241) ~[ozone-manager-1.3.0-SNAPSHOT.jar:?]
	at org.apache.hadoop.ozone.om.OzoneManager.getFileStatus(OzoneManager.java:3419) ~[ozone-manager-1.3.0-SNAPSHOT.jar:?]
	at org.apache.hadoop.ozone.protocolPB.OzoneManagerRequestHandler.getOzoneFileStatus(OzoneManagerRequestHandler.java:871) ~[ozone-manager-1.3.0-SNAPSHOT.jar:?]
	at org.apache.hadoop.ozone.protocolPB.OzoneManagerRequestHandler.handleReadRequest(OzoneManagerRequestHandler.java:217) ~[ozone-manager-1.3.0-SNAPSHOT.jar:?]
	at org.apache.hadoop.ozone.protocolPB.OzoneManagerProtocolServerSideTranslatorPB.submitReadRequestToOM(OzoneManagerProtocolServerSideTranslatorPB.java:226) ~[ozone-manager-1.3.0-SNAPSHOT.jar:?]
	at org.apache.hadoop.ozone.protocolPB.OzoneManagerProtocolServerSideTranslatorPB.processRequest(OzoneManagerProtocolServerSideTranslatorPB.java:175) ~[ozone-manager-1.3.0-SNAPSHOT.jar:?]
	at org.apache.hadoop.hdds.server.OzoneProtocolMessageDispatcher.processRequest(OzoneProtocolMessageDispatcher.java:87) [hdds-server-framework-1.3.0-SNAPSHOT.jar:?]
	at org.apache.hadoop.ozone.protocolPB.OzoneManagerProtocolServerSideTranslatorPB.submitRequest(OzoneManagerProtocolServerSideTranslatorPB.java:147) [ozone-manager-1.3.0-SNAPSHOT.jar:?]
	at org.apache.hadoop.ozone.protocol.proto.OzoneManagerProtocolProtos$OzoneManagerService$2.callBlockingMethod(OzoneManagerProtocolProtos.java) [ozone-interface-client-1.3.0-SNAPSHOT.jar:?]
	at org.apache.hadoop.ipc.ProtobufRpcEngine$Server.processCall(ProtobufRpcEngine.java:466) [hadoop-common-3.3.1.jar:?]
	at org.apache.hadoop.ipc.ProtobufRpcEngine2$Server$ProtoBufRpcInvoker.call(ProtobufRpcEngine2.java:574) [hadoop-common-3.3.1.jar:?]
	at org.apache.hadoop.ipc.ProtobufRpcEngine2$Server$ProtoBufRpcInvoker.call(ProtobufRpcEngine2.java:552) [hadoop-common-3.3.1.jar:?]
	at org.apache.hadoop.ipc.RPC$Server.call(RPC.java:1093) [hadoop-common-3.3.1.jar:?]
	at org.apache.hadoop.ipc.Server$RpcCall.run(Server.java:1035) [hadoop-common-3.3.1.jar:?]
	at org.apache.hadoop.ipc.Server$RpcCall.run(Server.java:963) [hadoop-common-3.3.1.jar:?]
	at java.security.AccessController.doPrivileged(Native Method) ~[?:1.8.0_332]
	at javax.security.auth.Subject.doAs(Subject.java:422) [?:1.8.0_332]
	at org.apache.hadoop.security.UserGroupInformation.doAs(UserGroupInformation.java:1878) [hadoop-common-3.3.1.jar:?]
	at org.apache.hadoop.ipc.Server$Handler.run(Server.java:2966) [hadoop-common-3.3.1.jar:?]
21:05:21.408 [IPC Server handler 16 on default port 38457] ERROR OMAudit - user=runner | ip=127.0.0.1 | op=GET_FILE_STATUS {volume=936c4569-a829-48a3-bf34-57ba9a58537e, bucket=b129baa5-510d-4ab6-9046-d8b8dc92dd40, key=.Trash, dataSize=0, replicationConfig=null} | ret=FAILURE
org.apache.hadoop.ozone.om.exceptions.OMException: Unable to get file status: volume: 936c4569-a829-48a3-bf34-57ba9a58537e bucket: b129baa5-510d-4ab6-9046-d8b8dc92dd40 key: .Trash
	at org.apache.hadoop.ozone.om.KeyManagerImpl.getOzoneFileStatus(KeyManagerImpl.java:1311) ~[ozone-manager-1.3.0-SNAPSHOT.jar:?]
	at org.apache.hadoop.ozone.om.KeyManagerImpl.getFileStatus(KeyManagerImpl.java:1241) ~[ozone-manager-1.3.0-SNAPSHOT.jar:?]
	at org.apache.hadoop.ozone.om.OzoneManager.getFileStatus(OzoneManager.java:3419) ~[ozone-manager-1.3.0-SNAPSHOT.jar:?]
	at org.apache.hadoop.ozone.protocolPB.OzoneManagerRequestHandler.getOzoneFileStatus(OzoneManagerRequestHandler.java:871) ~[ozone-manager-1.3.0-SNAPSHOT.jar:?]
	at org.apache.hadoop.ozone.protocolPB.OzoneManagerRequestHandler.handleReadRequest(OzoneManagerRequestHandler.java:217) ~[ozone-manager-1.3.0-SNAPSHOT.jar:?]
	at org.apache.hadoop.ozone.protocolPB.OzoneManagerProtocolServerSideTranslatorPB.submitReadRequestToOM(OzoneManagerProtocolServerSideTranslatorPB.java:226) ~[ozone-manager-1.3.0-SNAPSHOT.jar:?]
	at org.apache.hadoop.ozone.protocolPB.OzoneManagerProtocolServerSideTranslatorPB.processRequest(OzoneManagerProtocolServerSideTranslatorPB.java:175) ~[ozone-manager-1.3.0-SNAPSHOT.jar:?]
	at org.apache.hadoop.hdds.server.OzoneProtocolMessageDispatcher.processRequest(OzoneProtocolMessageDispatcher.java:87) [hdds-server-framework-1.3.0-SNAPSHOT.jar:?]
	at org.apache.hadoop.ozone.protocolPB.OzoneManagerProtocolServerSideTranslatorPB.submitRequest(OzoneManagerProtocolServerSideTranslatorPB.java:147) [ozone-manager-1.3.0-SNAPSHOT.jar:?]
	at org.apache.hadoop.ozone.protocol.proto.OzoneManagerProtocolProtos$OzoneManagerService$2.callBlockingMethod(OzoneManagerProtocolProtos.java) [ozone-interface-client-1.3.0-SNAPSHOT.jar:?]
	at org.apache.hadoop.ipc.ProtobufRpcEngine$Server.processCall(ProtobufRpcEngine.java:466) [hadoop-common-3.3.1.jar:?]
	at org.apache.hadoop.ipc.ProtobufRpcEngine2$Server$ProtoBufRpcInvoker.call(ProtobufRpcEngine2.java:574) [hadoop-common-3.3.1.jar:?]
	at org.apache.hadoop.ipc.ProtobufRpcEngine2$Server$ProtoBufRpcInvoker.call(ProtobufRpcEngine2.java:552) [hadoop-common-3.3.1.jar:?]
	at org.apache.hadoop.ipc.RPC$Server.call(RPC.java:1093) [hadoop-common-3.3.1.jar:?]
	at org.apache.hadoop.ipc.Server$RpcCall.run(Server.java:1035) [hadoop-common-3.3.1.jar:?]
	at org.apache.hadoop.ipc.Server$RpcCall.run(Server.java:963) [hadoop-common-3.3.1.jar:?]
	at java.security.AccessController.doPrivileged(Native Method) ~[?:1.8.0_332]
	at javax.security.auth.Subject.doAs(Subject.java:422) [?:1.8.0_332]
	at org.apache.hadoop.security.UserGroupInformation.doAs(UserGroupInformation.java:1878) [hadoop-common-3.3.1.jar:?]
	at org.apache.hadoop.ipc.Server$Handler.run(Server.java:2966) [hadoop-common-3.3.1.jar:?]
21:05:21.413 [IPC Server handler 15 on default port 38457] ERROR OMAudit - user=runner | ip=127.0.0.1 | op=GET_FILE_STATUS {volume=volume26353, bucket=bucket73669, key=.Trash, dataSize=0, replicationConfig=null} | ret=FAILURE
org.apache.hadoop.ozone.om.exceptions.OMException: Unable to get file status: volume: volume26353 bucket: bucket73669 key: .Trash
	at org.apache.hadoop.ozone.om.KeyManagerImpl.getOzoneFileStatus(KeyManagerImpl.java:1311) ~[ozone-manager-1.3.0-SNAPSHOT.jar:?]
	at org.apache.hadoop.ozone.om.KeyManagerImpl.getFileStatus(KeyManagerImpl.java:1241) ~[ozone-manager-1.3.0-SNAPSHOT.jar:?]
	at org.apache.hadoop.ozone.om.OzoneManager.getFileStatus(OzoneManager.java:3419) ~[ozone-manager-1.3.0-SNAPSHOT.jar:?]
	at org.apache.hadoop.ozone.protocolPB.OzoneManagerRequestHandler.getOzoneFileStatus(OzoneManagerRequestHandler.java:871) ~[ozone-manager-1.3.0-SNAPSHOT.jar:?]
	at org.apache.hadoop.ozone.protocolPB.OzoneManagerRequestHandler.handleReadRequest(OzoneManagerRequestHandler.java:217) ~[ozone-manager-1.3.0-SNAPSHOT.jar:?]
	at org.apache.hadoop.ozone.protocolPB.OzoneManagerProtocolServerSideTranslatorPB.submitReadRequestToOM(OzoneManagerProtocolServerSideTranslatorPB.java:226) ~[ozone-manager-1.3.0-SNAPSHOT.jar:?]
	at org.apache.hadoop.ozone.protocolPB.OzoneManagerProtocolServerSideTranslatorPB.processRequest(OzoneManagerProtocolServerSideTranslatorPB.java:175) ~[ozone-manager-1.3.0-SNAPSHOT.jar:?]
	at org.apache.hadoop.hdds.server.OzoneProtocolMessageDispatcher.processRequest(OzoneProtocolMessageDispatcher.java:87) [hdds-server-framework-1.3.0-SNAPSHOT.jar:?]
	at org.apache.hadoop.ozone.protocolPB.OzoneManagerProtocolServerSideTranslatorPB.submitRequest(OzoneManagerProtocolServerSideTranslatorPB.java:147) [ozone-manager-1.3.0-SNAPSHOT.jar:?]
	at org.apache.hadoop.ozone.protocol.proto.OzoneManagerProtocolProtos$OzoneManagerService$2.callBlockingMethod(OzoneManagerProtocolProtos.java) [ozone-interface-client-1.3.0-SNAPSHOT.jar:?]
	at org.apache.hadoop.ipc.ProtobufRpcEngine$Server.processCall(ProtobufRpcEngine.java:466) [hadoop-common-3.3.1.jar:?]
	at org.apache.hadoop.ipc.ProtobufRpcEngine2$Server$ProtoBufRpcInvoker.call(ProtobufRpcEngine2.java:574) [hadoop-common-3.3.1.jar:?]
	at org.apache.hadoop.ipc.ProtobufRpcEngine2$Server$ProtoBufRpcInvoker.call(ProtobufRpcEngine2.java:552) [hadoop-common-3.3.1.jar:?]
	at org.apache.hadoop.ipc.RPC$Server.call(RPC.java:1093) [hadoop-common-3.3.1.jar:?]
	at org.apache.hadoop.ipc.Server$RpcCall.run(Server.java:1035) [hadoop-common-3.3.1.jar:?]
	at org.apache.hadoop.ipc.Server$RpcCall.run(Server.java:963) [hadoop-common-3.3.1.jar:?]
	at java.security.AccessController.doPrivileged(Native Method) ~[?:1.8.0_332]
	at javax.security.auth.Subject.doAs(Subject.java:422) [?:1.8.0_332]
	at org.apache.hadoop.security.UserGroupInformation.doAs(UserGroupInformation.java:1878) [hadoop-common-3.3.1.jar:?]
	at org.apache.hadoop.ipc.Server$Handler.run(Server.java:2966) [hadoop-common-3.3.1.jar:?]
21:05:21.417 [IPC Server handler 7 on default port 38457] ERROR OMAudit - user=runner | ip=127.0.0.1 | op=GET_FILE_STATUS {volume=volume36216, bucket=trashroottest2, key=.Trash, dataSize=0, replicationConfig=null} | ret=FAILURE
org.apache.hadoop.ozone.om.exceptions.OMException: Unable to get file status: volume: volume36216 bucket: trashroottest2 key: .Trash
	at org.apache.hadoop.ozone.om.KeyManagerImpl.getOzoneFileStatus(KeyManagerImpl.java:1311) ~[ozone-manager-1.3.0-SNAPSHOT.jar:?]
	at org.apache.hadoop.ozone.om.KeyManagerImpl.getFileStatus(KeyManagerImpl.java:1241) ~[ozone-manager-1.3.0-SNAPSHOT.jar:?]
	at org.apache.hadoop.ozone.om.OzoneManager.getFileStatus(OzoneManager.java:3419) ~[ozone-manager-1.3.0-SNAPSHOT.jar:?]
	at org.apache.hadoop.ozone.protocolPB.OzoneManagerRequestHandler.getOzoneFileStatus(OzoneManagerRequestHandler.java:871) ~[ozone-manager-1.3.0-SNAPSHOT.jar:?]
	at org.apache.hadoop.ozone.protocolPB.OzoneManagerRequestHandler.handleReadRequest(OzoneManagerRequestHandler.java:217) ~[ozone-manager-1.3.0-SNAPSHOT.jar:?]
	at org.apache.hadoop.ozone.protocolPB.OzoneManagerProtocolServerSideTranslatorPB.submitReadRequestToOM(OzoneManagerProtocolServerSideTranslatorPB.java:226) ~[ozone-manager-1.3.0-SNAPSHOT.jar:?]
	at org.apache.hadoop.ozone.protocolPB.OzoneManagerProtocolServerSideTranslatorPB.processRequest(OzoneManagerProtocolServerSideTranslatorPB.java:175) ~[ozone-manager-1.3.0-SNAPSHOT.jar:?]
	at org.apache.hadoop.hdds.server.OzoneProtocolMessageDispatcher.processRequest(OzoneProtocolMessageDispatcher.java:87) [hdds-server-framework-1.3.0-SNAPSHOT.jar:?]
	at org.apache.hadoop.ozone.protocolPB.OzoneManagerProtocolServerSideTranslatorPB.submitRequest(OzoneManagerProtocolServerSideTranslatorPB.java:147) [ozone-manager-1.3.0-SNAPSHOT.jar:?]
	at org.apache.hadoop.ozone.protocol.proto.OzoneManagerProtocolProtos$OzoneManagerService$2.callBlockingMethod(OzoneManagerProtocolProtos.java) [ozone-interface-client-1.3.0-SNAPSHOT.jar:?]
	at org.apache.hadoop.ipc.ProtobufRpcEngine$Server.processCall(ProtobufRpcEngine.java:466) [hadoop-common-3.3.1.jar:?]
	at org.apache.hadoop.ipc.ProtobufRpcEngine2$Server$ProtoBufRpcInvoker.call(ProtobufRpcEngine2.java:574) [hadoop-common-3.3.1.jar:?]
	at org.apache.hadoop.ipc.ProtobufRpcEngine2$Server$ProtoBufRpcInvoker.call(ProtobufRpcEngine2.java:552) [hadoop-common-3.3.1.jar:?]
	at org.apache.hadoop.ipc.RPC$Server.call(RPC.java:1093) [hadoop-common-3.3.1.jar:?]
	at org.apache.hadoop.ipc.Server$RpcCall.run(Server.java:1035) [hadoop-common-3.3.1.jar:?]
	at org.apache.hadoop.ipc.Server$RpcCall.run(Server.java:963) [hadoop-common-3.3.1.jar:?]
	at java.security.AccessController.doPrivileged(Native Method) ~[?:1.8.0_332]
	at javax.security.auth.Subject.doAs(Subject.java:422) [?:1.8.0_332]
	at org.apache.hadoop.security.UserGroupInformation.doAs(UserGroupInformation.java:1878) [hadoop-common-3.3.1.jar:?]
	at org.apache.hadoop.ipc.Server$Handler.run(Server.java:2966) [hadoop-common-3.3.1.jar:?]
21:05:21.434 [IPC Server handler 8 on default port 38457] ERROR OMAudit - user=runner | ip=127.0.0.1 | op=GET_FILE_STATUS {volume=volume36216, bucket=bucket86288, key=.Trash/runner, dataSize=0, replicationConfig=null} | ret=FAILURE
org.apache.hadoop.ozone.om.exceptions.OMException: Unable to get file status: volume: volume36216 bucket: bucket86288 key: .Trash/runner
	at org.apache.hadoop.ozone.om.KeyManagerImpl.getOzoneFileStatus(KeyManagerImpl.java:1311) ~[ozone-manager-1.3.0-SNAPSHOT.jar:?]
	at org.apache.hadoop.ozone.om.KeyManagerImpl.getFileStatus(KeyManagerImpl.java:1241) ~[ozone-manager-1.3.0-SNAPSHOT.jar:?]
	at org.apache.hadoop.ozone.om.OzoneManager.getFileStatus(OzoneManager.java:3419) ~[ozone-manager-1.3.0-SNAPSHOT.jar:?]
	at org.apache.hadoop.ozone.protocolPB.OzoneManagerRequestHandler.getOzoneFileStatus(OzoneManagerRequestHandler.java:871) ~[ozone-manager-1.3.0-SNAPSHOT.jar:?]
	at org.apache.hadoop.ozone.protocolPB.OzoneManagerRequestHandler.handleReadRequest(OzoneManagerRequestHandler.java:217) ~[ozone-manager-1.3.0-SNAPSHOT.jar:?]
	at org.apache.hadoop.ozone.protocolPB.OzoneManagerProtocolServerSideTranslatorPB.submitReadRequestToOM(OzoneManagerProtocolServerSideTranslatorPB.java:226) ~[ozone-manager-1.3.0-SNAPSHOT.jar:?]
	at org.apache.hadoop.ozone.protocolPB.OzoneManagerProtocolServerSideTranslatorPB.processRequest(OzoneManagerProtocolServerSideTranslatorPB.java:175) ~[ozone-manager-1.3.0-SNAPSHOT.jar:?]
	at org.apache.hadoop.hdds.server.OzoneProtocolMessageDispatcher.processRequest(OzoneProtocolMessageDispatcher.java:87) [hdds-server-framework-1.3.0-SNAPSHOT.jar:?]
	at org.apache.hadoop.ozone.protocolPB.OzoneManagerProtocolServerSideTranslatorPB.submitRequest(OzoneManagerProtocolServerSideTranslatorPB.java:147) [ozone-manager-1.3.0-SNAPSHOT.jar:?]
	at org.apache.hadoop.ozone.protocol.proto.OzoneManagerProtocolProtos$OzoneManagerService$2.callBlockingMethod(OzoneManagerProtocolProtos.java) [ozone-interface-client-1.3.0-SNAPSHOT.jar:?]
	at org.apache.hadoop.ipc.ProtobufRpcEngine$Server.processCall(ProtobufRpcEngine.java:466) [hadoop-common-3.3.1.jar:?]
	at org.apache.hadoop.ipc.ProtobufRpcEngine2$Server$ProtoBufRpcInvoker.call(ProtobufRpcEngine2.java:574) [hadoop-common-3.3.1.jar:?]
	at org.apache.hadoop.ipc.ProtobufRpcEngine2$Server$ProtoBufRpcInvoker.call(ProtobufRpcEngine2.java:552) [hadoop-common-3.3.1.jar:?]
	at org.apache.hadoop.ipc.RPC$Server.call(RPC.java:1093) [hadoop-common-3.3.1.jar:?]
	at org.apache.hadoop.ipc.Server$RpcCall.run(Server.java:1035) [hadoop-common-3.3.1.jar:?]
	at org.apache.hadoop.ipc.Server$RpcCall.run(Server.java:963) [hadoop-common-3.3.1.jar:?]
	at java.security.AccessController.doPrivileged(Native Method) ~[?:1.8.0_332]
	at javax.security.auth.Subject.doAs(Subject.java:422) [?:1.8.0_332]
	at org.apache.hadoop.security.UserGroupInformation.doAs(UserGroupInformation.java:1878) [hadoop-common-3.3.1.jar:?]
	at org.apache.hadoop.ipc.Server$Handler.run(Server.java:2966) [hadoop-common-3.3.1.jar:?]
21:05:21.437 [IPC Server handler 13 on default port 38457] ERROR OMAudit - user=runner | ip=127.0.0.1 | op=GET_FILE_STATUS {volume=936c4569-a829-48a3-bf34-57ba9a58537e, bucket=b129baa5-510d-4ab6-9046-d8b8dc92dd40, key=.Trash, dataSize=0, replicationConfig=null} | ret=FAILURE
org.apache.hadoop.ozone.om.exceptions.OMException: Unable to get file status: volume: 936c4569-a829-48a3-bf34-57ba9a58537e bucket: b129baa5-510d-4ab6-9046-d8b8dc92dd40 key: .Trash
	at org.apache.hadoop.ozone.om.KeyManagerImpl.getOzoneFileStatus(KeyManagerImpl.java:1311) ~[ozone-manager-1.3.0-SNAPSHOT.jar:?]
	at org.apache.hadoop.ozone.om.KeyManagerImpl.getFileStatus(KeyManagerImpl.java:1241) ~[ozone-manager-1.3.0-SNAPSHOT.jar:?]
	at org.apache.hadoop.ozone.om.OzoneManager.getFileStatus(OzoneManager.java:3419) ~[ozone-manager-1.3.0-SNAPSHOT.jar:?]
	at org.apache.hadoop.ozone.protocolPB.OzoneManagerRequestHandler.getOzoneFileStatus(OzoneManagerRequestHandler.java:871) ~[ozone-manager-1.3.0-SNAPSHOT.jar:?]
	at org.apache.hadoop.ozone.protocolPB.OzoneManagerRequestHandler.handleReadRequest(OzoneManagerRequestHandler.java:217) ~[ozone-manager-1.3.0-SNAPSHOT.jar:?]
	at org.apache.hadoop.ozone.protocolPB.OzoneManagerProtocolServerSideTranslatorPB.submitReadRequestToOM(OzoneManagerProtocolServerSideTranslatorPB.java:226) ~[ozone-manager-1.3.0-SNAPSHOT.jar:?]
	at org.apache.hadoop.ozone.protocolPB.OzoneManagerProtocolServerSideTranslatorPB.processRequest(OzoneManagerProtocolServerSideTranslatorPB.java:175) ~[ozone-manager-1.3.0-SNAPSHOT.jar:?]
	at org.apache.hadoop.hdds.server.OzoneProtocolMessageDispatcher.processRequest(OzoneProtocolMessageDispatcher.java:87) [hdds-server-framework-1.3.0-SNAPSHOT.jar:?]
	at org.apache.hadoop.ozone.protocolPB.OzoneManagerProtocolServerSideTranslatorPB.submitRequest(OzoneManagerProtocolServerSideTranslatorPB.java:147) [ozone-manager-1.3.0-SNAPSHOT.jar:?]
	at org.apache.hadoop.ozone.protocol.proto.OzoneManagerProtocolProtos$OzoneManagerService$2.callBlockingMethod(OzoneManagerProtocolProtos.java) [ozone-interface-client-1.3.0-SNAPSHOT.jar:?]
	at org.apache.hadoop.ipc.ProtobufRpcEngine$Server.processCall(ProtobufRpcEngine.java:466) [hadoop-common-3.3.1.jar:?]
	at org.apache.hadoop.ipc.ProtobufRpcEngine2$Server$ProtoBufRpcInvoker.call(ProtobufRpcEngine2.java:574) [hadoop-common-3.3.1.jar:?]
	at org.apache.hadoop.ipc.ProtobufRpcEngine2$Server$ProtoBufRpcInvoker.call(ProtobufRpcEngine2.java:552) [hadoop-common-3.3.1.jar:?]
	at org.apache.hadoop.ipc.RPC$Server.call(RPC.java:1093) [hadoop-common-3.3.1.jar:?]
	at org.apache.hadoop.ipc.Server$RpcCall.run(Server.java:1035) [hadoop-common-3.3.1.jar:?]
	at org.apache.hadoop.ipc.Server$RpcCall.run(Server.java:963) [hadoop-common-3.3.1.jar:?]
	at java.security.AccessController.doPrivileged(Native Method) ~[?:1.8.0_332]
	at javax.security.auth.Subject.doAs(Subject.java:422) [?:1.8.0_332]
	at org.apache.hadoop.security.UserGroupInformation.doAs(UserGroupInformation.java:1878) [hadoop-common-3.3.1.jar:?]
	at org.apache.hadoop.ipc.Server$Handler.run(Server.java:2966) [hadoop-common-3.3.1.jar:?]
]]></system-out>
  </testcase>
  <testcase name="testGetTrashRoots" classname="TestRootedOzoneFileSystem" time="0.962">
    <system-out><![CDATA[2022-07-12 21:06:34,609 [Time-limited test] INFO  rpc.RpcClient (RpcClient.java:createVolume(466)) - Creating Volume: volume58384, with user47852 as owner and space quota set to -1 bytes, counts quota set to -1
2022-07-12 21:06:34,616 [IPC Server handler 14 on default port 37581] INFO  volume.OMVolumeCreateRequest (OMVolumeCreateRequest.java:validateAndUpdateCache(195)) - created volume:volume58384 for user:user47852
2022-07-12 21:06:34,623 [Time-limited test] INFO  rpc.RpcClient (RpcClient.java:createBucket(669)) - Creating Bucket: volume58384/bucket13543, with bucket layout LEGACY, runner as owner, Versioning false, Storage Type set to DISK and Encryption set to false 
2022-07-12 21:06:34,624 [IPC Server handler 0 on default port 37581] INFO  bucket.OMBucketCreateRequest (OMBucketCreateRequest.java:validateAndUpdateCache(260)) - created bucket: bucket13543 of layout LEGACY in volume: volume58384
21:06:34.644 [IPC Server handler 19 on default port 37581] ERROR OMAudit - user=runner | ip=127.0.0.1 | op=GET_FILE_STATUS {volume=volume58384, bucket=bucket13543, key=.Trash/runner, dataSize=0, replicationConfig=null} | ret=FAILURE
org.apache.hadoop.ozone.om.exceptions.OMException: Unable to get file status: volume: volume58384 bucket: bucket13543 key: .Trash/runner
	at org.apache.hadoop.ozone.om.KeyManagerImpl.getOzoneFileStatus(KeyManagerImpl.java:1311) ~[ozone-manager-1.3.0-SNAPSHOT.jar:?]
	at org.apache.hadoop.ozone.om.KeyManagerImpl.getFileStatus(KeyManagerImpl.java:1241) ~[ozone-manager-1.3.0-SNAPSHOT.jar:?]
	at org.apache.hadoop.ozone.om.OzoneManager.getFileStatus(OzoneManager.java:3419) ~[ozone-manager-1.3.0-SNAPSHOT.jar:?]
	at org.apache.hadoop.ozone.protocolPB.OzoneManagerRequestHandler.getOzoneFileStatus(OzoneManagerRequestHandler.java:871) ~[ozone-manager-1.3.0-SNAPSHOT.jar:?]
	at org.apache.hadoop.ozone.protocolPB.OzoneManagerRequestHandler.handleReadRequest(OzoneManagerRequestHandler.java:217) ~[ozone-manager-1.3.0-SNAPSHOT.jar:?]
	at org.apache.hadoop.ozone.protocolPB.OzoneManagerProtocolServerSideTranslatorPB.submitRequestDirectlyToOM(OzoneManagerProtocolServerSideTranslatorPB.java:276) ~[ozone-manager-1.3.0-SNAPSHOT.jar:?]
	at org.apache.hadoop.ozone.protocolPB.OzoneManagerProtocolServerSideTranslatorPB.processRequest(OzoneManagerProtocolServerSideTranslatorPB.java:205) ~[ozone-manager-1.3.0-SNAPSHOT.jar:?]
	at org.apache.hadoop.hdds.server.OzoneProtocolMessageDispatcher.processRequest(OzoneProtocolMessageDispatcher.java:87) [hdds-server-framework-1.3.0-SNAPSHOT.jar:?]
	at org.apache.hadoop.ozone.protocolPB.OzoneManagerProtocolServerSideTranslatorPB.submitRequest(OzoneManagerProtocolServerSideTranslatorPB.java:147) [ozone-manager-1.3.0-SNAPSHOT.jar:?]
	at org.apache.hadoop.ozone.protocol.proto.OzoneManagerProtocolProtos$OzoneManagerService$2.callBlockingMethod(OzoneManagerProtocolProtos.java) [ozone-interface-client-1.3.0-SNAPSHOT.jar:?]
	at org.apache.hadoop.ipc.ProtobufRpcEngine$Server.processCall(ProtobufRpcEngine.java:466) [hadoop-common-3.3.1.jar:?]
	at org.apache.hadoop.ipc.ProtobufRpcEngine2$Server$ProtoBufRpcInvoker.call(ProtobufRpcEngine2.java:574) [hadoop-common-3.3.1.jar:?]
	at org.apache.hadoop.ipc.ProtobufRpcEngine2$Server$ProtoBufRpcInvoker.call(ProtobufRpcEngine2.java:552) [hadoop-common-3.3.1.jar:?]
	at org.apache.hadoop.ipc.RPC$Server.call(RPC.java:1093) [hadoop-common-3.3.1.jar:?]
	at org.apache.hadoop.ipc.Server$RpcCall.run(Server.java:1035) [hadoop-common-3.3.1.jar:?]
	at org.apache.hadoop.ipc.Server$RpcCall.run(Server.java:963) [hadoop-common-3.3.1.jar:?]
	at java.security.AccessController.doPrivileged(Native Method) ~[?:1.8.0_332]
	at javax.security.auth.Subject.doAs(Subject.java:422) [?:1.8.0_332]
	at org.apache.hadoop.security.UserGroupInformation.doAs(UserGroupInformation.java:1878) [hadoop-common-3.3.1.jar:?]
	at org.apache.hadoop.ipc.Server$Handler.run(Server.java:2966) [hadoop-common-3.3.1.jar:?]
21:06:34.649 [IPC Server handler 9 on default port 37581] ERROR OMAudit - user=runner | ip=127.0.0.1 | op=GET_FILE_STATUS {volume=7446faa4-1934-4ac5-bea6-0a36618ff738, bucket=4c9cb28d-bc18-40f0-bef1-ec01970c2e46, key=.Trash, dataSize=0, replicationConfig=null} | ret=FAILURE
org.apache.hadoop.ozone.om.exceptions.OMException: Unable to get file status: volume: 7446faa4-1934-4ac5-bea6-0a36618ff738 bucket: 4c9cb28d-bc18-40f0-bef1-ec01970c2e46 key: .Trash
	at org.apache.hadoop.ozone.om.KeyManagerImpl.getOzoneFileStatus(KeyManagerImpl.java:1311) ~[ozone-manager-1.3.0-SNAPSHOT.jar:?]
	at org.apache.hadoop.ozone.om.KeyManagerImpl.getFileStatus(KeyManagerImpl.java:1241) ~[ozone-manager-1.3.0-SNAPSHOT.jar:?]
	at org.apache.hadoop.ozone.om.OzoneManager.getFileStatus(OzoneManager.java:3419) ~[ozone-manager-1.3.0-SNAPSHOT.jar:?]
	at org.apache.hadoop.ozone.protocolPB.OzoneManagerRequestHandler.getOzoneFileStatus(OzoneManagerRequestHandler.java:871) ~[ozone-manager-1.3.0-SNAPSHOT.jar:?]
	at org.apache.hadoop.ozone.protocolPB.OzoneManagerRequestHandler.handleReadRequest(OzoneManagerRequestHandler.java:217) ~[ozone-manager-1.3.0-SNAPSHOT.jar:?]
	at org.apache.hadoop.ozone.protocolPB.OzoneManagerProtocolServerSideTranslatorPB.submitRequestDirectlyToOM(OzoneManagerProtocolServerSideTranslatorPB.java:276) ~[ozone-manager-1.3.0-SNAPSHOT.jar:?]
	at org.apache.hadoop.ozone.protocolPB.OzoneManagerProtocolServerSideTranslatorPB.processRequest(OzoneManagerProtocolServerSideTranslatorPB.java:205) ~[ozone-manager-1.3.0-SNAPSHOT.jar:?]
	at org.apache.hadoop.hdds.server.OzoneProtocolMessageDispatcher.processRequest(OzoneProtocolMessageDispatcher.java:87) [hdds-server-framework-1.3.0-SNAPSHOT.jar:?]
	at org.apache.hadoop.ozone.protocolPB.OzoneManagerProtocolServerSideTranslatorPB.submitRequest(OzoneManagerProtocolServerSideTranslatorPB.java:147) [ozone-manager-1.3.0-SNAPSHOT.jar:?]
	at org.apache.hadoop.ozone.protocol.proto.OzoneManagerProtocolProtos$OzoneManagerService$2.callBlockingMethod(OzoneManagerProtocolProtos.java) [ozone-interface-client-1.3.0-SNAPSHOT.jar:?]
	at org.apache.hadoop.ipc.ProtobufRpcEngine$Server.processCall(ProtobufRpcEngine.java:466) [hadoop-common-3.3.1.jar:?]
	at org.apache.hadoop.ipc.ProtobufRpcEngine2$Server$ProtoBufRpcInvoker.call(ProtobufRpcEngine2.java:574) [hadoop-common-3.3.1.jar:?]
	at org.apache.hadoop.ipc.ProtobufRpcEngine2$Server$ProtoBufRpcInvoker.call(ProtobufRpcEngine2.java:552) [hadoop-common-3.3.1.jar:?]
	at org.apache.hadoop.ipc.RPC$Server.call(RPC.java:1093) [hadoop-common-3.3.1.jar:?]
	at org.apache.hadoop.ipc.Server$RpcCall.run(Server.java:1035) [hadoop-common-3.3.1.jar:?]
	at org.apache.hadoop.ipc.Server$RpcCall.run(Server.java:963) [hadoop-common-3.3.1.jar:?]
	at java.security.AccessController.doPrivileged(Native Method) ~[?:1.8.0_332]
	at javax.security.auth.Subject.doAs(Subject.java:422) [?:1.8.0_332]
	at org.apache.hadoop.security.UserGroupInformation.doAs(UserGroupInformation.java:1878) [hadoop-common-3.3.1.jar:?]
	at org.apache.hadoop.ipc.Server$Handler.run(Server.java:2966) [hadoop-common-3.3.1.jar:?]
21:06:34.651 [IPC Server handler 15 on default port 37581] ERROR OMAudit - user=runner | ip=127.0.0.1 | op=GET_FILE_STATUS {volume=volume58384, bucket=bucket13543, key=.Trash, dataSize=0, replicationConfig=null} | ret=FAILURE
org.apache.hadoop.ozone.om.exceptions.OMException: Unable to get file status: volume: volume58384 bucket: bucket13543 key: .Trash
	at org.apache.hadoop.ozone.om.KeyManagerImpl.getOzoneFileStatus(KeyManagerImpl.java:1311) ~[ozone-manager-1.3.0-SNAPSHOT.jar:?]
	at org.apache.hadoop.ozone.om.KeyManagerImpl.getFileStatus(KeyManagerImpl.java:1241) ~[ozone-manager-1.3.0-SNAPSHOT.jar:?]
	at org.apache.hadoop.ozone.om.OzoneManager.getFileStatus(OzoneManager.java:3419) ~[ozone-manager-1.3.0-SNAPSHOT.jar:?]
	at org.apache.hadoop.ozone.protocolPB.OzoneManagerRequestHandler.getOzoneFileStatus(OzoneManagerRequestHandler.java:871) ~[ozone-manager-1.3.0-SNAPSHOT.jar:?]
	at org.apache.hadoop.ozone.protocolPB.OzoneManagerRequestHandler.handleReadRequest(OzoneManagerRequestHandler.java:217) ~[ozone-manager-1.3.0-SNAPSHOT.jar:?]
	at org.apache.hadoop.ozone.protocolPB.OzoneManagerProtocolServerSideTranslatorPB.submitRequestDirectlyToOM(OzoneManagerProtocolServerSideTranslatorPB.java:276) ~[ozone-manager-1.3.0-SNAPSHOT.jar:?]
	at org.apache.hadoop.ozone.protocolPB.OzoneManagerProtocolServerSideTranslatorPB.processRequest(OzoneManagerProtocolServerSideTranslatorPB.java:205) ~[ozone-manager-1.3.0-SNAPSHOT.jar:?]
	at org.apache.hadoop.hdds.server.OzoneProtocolMessageDispatcher.processRequest(OzoneProtocolMessageDispatcher.java:87) [hdds-server-framework-1.3.0-SNAPSHOT.jar:?]
	at org.apache.hadoop.ozone.protocolPB.OzoneManagerProtocolServerSideTranslatorPB.submitRequest(OzoneManagerProtocolServerSideTranslatorPB.java:147) [ozone-manager-1.3.0-SNAPSHOT.jar:?]
	at org.apache.hadoop.ozone.protocol.proto.OzoneManagerProtocolProtos$OzoneManagerService$2.callBlockingMethod(OzoneManagerProtocolProtos.java) [ozone-interface-client-1.3.0-SNAPSHOT.jar:?]
	at org.apache.hadoop.ipc.ProtobufRpcEngine$Server.processCall(ProtobufRpcEngine.java:466) [hadoop-common-3.3.1.jar:?]
	at org.apache.hadoop.ipc.ProtobufRpcEngine2$Server$ProtoBufRpcInvoker.call(ProtobufRpcEngine2.java:574) [hadoop-common-3.3.1.jar:?]
	at org.apache.hadoop.ipc.ProtobufRpcEngine2$Server$ProtoBufRpcInvoker.call(ProtobufRpcEngine2.java:552) [hadoop-common-3.3.1.jar:?]
	at org.apache.hadoop.ipc.RPC$Server.call(RPC.java:1093) [hadoop-common-3.3.1.jar:?]
	at org.apache.hadoop.ipc.Server$RpcCall.run(Server.java:1035) [hadoop-common-3.3.1.jar:?]
	at org.apache.hadoop.ipc.Server$RpcCall.run(Server.java:963) [hadoop-common-3.3.1.jar:?]
	at java.security.AccessController.doPrivileged(Native Method) ~[?:1.8.0_332]
	at javax.security.auth.Subject.doAs(Subject.java:422) [?:1.8.0_332]
	at org.apache.hadoop.security.UserGroupInformation.doAs(UserGroupInformation.java:1878) [hadoop-common-3.3.1.jar:?]
	at org.apache.hadoop.ipc.Server$Handler.run(Server.java:2966) [hadoop-common-3.3.1.jar:?]
21:06:34.658 [IPC Server handler 14 on default port 37581] ERROR OMAudit - user=runner | ip=127.0.0.1 | op=GET_FILE_STATUS {volume=7446faa4-1934-4ac5-bea6-0a36618ff738, bucket=4c9cb28d-bc18-40f0-bef1-ec01970c2e46, key=.Trash, dataSize=0, replicationConfig=null} | ret=FAILURE
org.apache.hadoop.ozone.om.exceptions.OMException: Unable to get file status: volume: 7446faa4-1934-4ac5-bea6-0a36618ff738 bucket: 4c9cb28d-bc18-40f0-bef1-ec01970c2e46 key: .Trash
	at org.apache.hadoop.ozone.om.KeyManagerImpl.getOzoneFileStatus(KeyManagerImpl.java:1311) ~[ozone-manager-1.3.0-SNAPSHOT.jar:?]
	at org.apache.hadoop.ozone.om.KeyManagerImpl.getFileStatus(KeyManagerImpl.java:1241) ~[ozone-manager-1.3.0-SNAPSHOT.jar:?]
	at org.apache.hadoop.ozone.om.OzoneManager.getFileStatus(OzoneManager.java:3419) ~[ozone-manager-1.3.0-SNAPSHOT.jar:?]
	at org.apache.hadoop.ozone.protocolPB.OzoneManagerRequestHandler.getOzoneFileStatus(OzoneManagerRequestHandler.java:871) ~[ozone-manager-1.3.0-SNAPSHOT.jar:?]
	at org.apache.hadoop.ozone.protocolPB.OzoneManagerRequestHandler.handleReadRequest(OzoneManagerRequestHandler.java:217) ~[ozone-manager-1.3.0-SNAPSHOT.jar:?]
	at org.apache.hadoop.ozone.protocolPB.OzoneManagerProtocolServerSideTranslatorPB.submitRequestDirectlyToOM(OzoneManagerProtocolServerSideTranslatorPB.java:276) ~[ozone-manager-1.3.0-SNAPSHOT.jar:?]
	at org.apache.hadoop.ozone.protocolPB.OzoneManagerProtocolServerSideTranslatorPB.processRequest(OzoneManagerProtocolServerSideTranslatorPB.java:205) ~[ozone-manager-1.3.0-SNAPSHOT.jar:?]
	at org.apache.hadoop.hdds.server.OzoneProtocolMessageDispatcher.processRequest(OzoneProtocolMessageDispatcher.java:87) [hdds-server-framework-1.3.0-SNAPSHOT.jar:?]
	at org.apache.hadoop.ozone.protocolPB.OzoneManagerProtocolServerSideTranslatorPB.submitRequest(OzoneManagerProtocolServerSideTranslatorPB.java:147) [ozone-manager-1.3.0-SNAPSHOT.jar:?]
	at org.apache.hadoop.ozone.protocol.proto.OzoneManagerProtocolProtos$OzoneManagerService$2.callBlockingMethod(OzoneManagerProtocolProtos.java) [ozone-interface-client-1.3.0-SNAPSHOT.jar:?]
	at org.apache.hadoop.ipc.ProtobufRpcEngine$Server.processCall(ProtobufRpcEngine.java:466) [hadoop-common-3.3.1.jar:?]
	at org.apache.hadoop.ipc.ProtobufRpcEngine2$Server$ProtoBufRpcInvoker.call(ProtobufRpcEngine2.java:574) [hadoop-common-3.3.1.jar:?]
	at org.apache.hadoop.ipc.ProtobufRpcEngine2$Server$ProtoBufRpcInvoker.call(ProtobufRpcEngine2.java:552) [hadoop-common-3.3.1.jar:?]
	at org.apache.hadoop.ipc.RPC$Server.call(RPC.java:1093) [hadoop-common-3.3.1.jar:?]
	at org.apache.hadoop.ipc.Server$RpcCall.run(Server.java:1035) [hadoop-common-3.3.1.jar:?]
	at org.apache.hadoop.ipc.Server$RpcCall.run(Server.java:963) [hadoop-common-3.3.1.jar:?]
	at java.security.AccessController.doPrivileged(Native Method) ~[?:1.8.0_332]
	at javax.security.auth.Subject.doAs(Subject.java:422) [?:1.8.0_332]
	at org.apache.hadoop.security.UserGroupInformation.doAs(UserGroupInformation.java:1878) [hadoop-common-3.3.1.jar:?]
	at org.apache.hadoop.ipc.Server$Handler.run(Server.java:2966) [hadoop-common-3.3.1.jar:?]
21:06:34.693 [IPC Server handler 11 on default port 37581] ERROR OMAudit - user=runner | ip=127.0.0.1 | op=GET_FILE_STATUS {volume=7446faa4-1934-4ac5-bea6-0a36618ff738, bucket=4c9cb28d-bc18-40f0-bef1-ec01970c2e46, key=.Trash, dataSize=0, replicationConfig=null} | ret=FAILURE
org.apache.hadoop.ozone.om.exceptions.OMException: Unable to get file status: volume: 7446faa4-1934-4ac5-bea6-0a36618ff738 bucket: 4c9cb28d-bc18-40f0-bef1-ec01970c2e46 key: .Trash
	at org.apache.hadoop.ozone.om.KeyManagerImpl.getOzoneFileStatus(KeyManagerImpl.java:1311) ~[ozone-manager-1.3.0-SNAPSHOT.jar:?]
	at org.apache.hadoop.ozone.om.KeyManagerImpl.getFileStatus(KeyManagerImpl.java:1241) ~[ozone-manager-1.3.0-SNAPSHOT.jar:?]
	at org.apache.hadoop.ozone.om.OzoneManager.getFileStatus(OzoneManager.java:3419) ~[ozone-manager-1.3.0-SNAPSHOT.jar:?]
	at org.apache.hadoop.ozone.protocolPB.OzoneManagerRequestHandler.getOzoneFileStatus(OzoneManagerRequestHandler.java:871) ~[ozone-manager-1.3.0-SNAPSHOT.jar:?]
	at org.apache.hadoop.ozone.protocolPB.OzoneManagerRequestHandler.handleReadRequest(OzoneManagerRequestHandler.java:217) ~[ozone-manager-1.3.0-SNAPSHOT.jar:?]
	at org.apache.hadoop.ozone.protocolPB.OzoneManagerProtocolServerSideTranslatorPB.submitRequestDirectlyToOM(OzoneManagerProtocolServerSideTranslatorPB.java:276) ~[ozone-manager-1.3.0-SNAPSHOT.jar:?]
	at org.apache.hadoop.ozone.protocolPB.OzoneManagerProtocolServerSideTranslatorPB.processRequest(OzoneManagerProtocolServerSideTranslatorPB.java:205) ~[ozone-manager-1.3.0-SNAPSHOT.jar:?]
	at org.apache.hadoop.hdds.server.OzoneProtocolMessageDispatcher.processRequest(OzoneProtocolMessageDispatcher.java:87) [hdds-server-framework-1.3.0-SNAPSHOT.jar:?]
	at org.apache.hadoop.ozone.protocolPB.OzoneManagerProtocolServerSideTranslatorPB.submitRequest(OzoneManagerProtocolServerSideTranslatorPB.java:147) [ozone-manager-1.3.0-SNAPSHOT.jar:?]
	at org.apache.hadoop.ozone.protocol.proto.OzoneManagerProtocolProtos$OzoneManagerService$2.callBlockingMethod(OzoneManagerProtocolProtos.java) [ozone-interface-client-1.3.0-SNAPSHOT.jar:?]
	at org.apache.hadoop.ipc.ProtobufRpcEngine$Server.processCall(ProtobufRpcEngine.java:466) [hadoop-common-3.3.1.jar:?]
	at org.apache.hadoop.ipc.ProtobufRpcEngine2$Server$ProtoBufRpcInvoker.call(ProtobufRpcEngine2.java:574) [hadoop-common-3.3.1.jar:?]
	at org.apache.hadoop.ipc.ProtobufRpcEngine2$Server$ProtoBufRpcInvoker.call(ProtobufRpcEngine2.java:552) [hadoop-common-3.3.1.jar:?]
	at org.apache.hadoop.ipc.RPC$Server.call(RPC.java:1093) [hadoop-common-3.3.1.jar:?]
	at org.apache.hadoop.ipc.Server$RpcCall.run(Server.java:1035) [hadoop-common-3.3.1.jar:?]
	at org.apache.hadoop.ipc.Server$RpcCall.run(Server.java:963) [hadoop-common-3.3.1.jar:?]
	at java.security.AccessController.doPrivileged(Native Method) ~[?:1.8.0_332]
	at javax.security.auth.Subject.doAs(Subject.java:422) [?:1.8.0_332]
	at org.apache.hadoop.security.UserGroupInformation.doAs(UserGroupInformation.java:1878) [hadoop-common-3.3.1.jar:?]
	at org.apache.hadoop.ipc.Server$Handler.run(Server.java:2966) [hadoop-common-3.3.1.jar:?]
2022-07-12 21:06:34,720 [Time-limited test] INFO  rpc.RpcClient (RpcClient.java:createBucket(669)) - Creating Bucket: volume58384/trashroottest2, with bucket layout LEGACY, runner as owner, Versioning false, Storage Type set to DISK and Encryption set to false 
2022-07-12 21:06:34,772 [IPC Server handler 0 on default port 37581] INFO  bucket.OMBucketCreateRequest (OMBucketCreateRequest.java:validateAndUpdateCache(260)) - created bucket: trashroottest2 of layout LEGACY in volume: volume58384
21:06:35.038 [IPC Server handler 3 on default port 37581] ERROR OMAudit - user=runner | ip=127.0.0.1 | op=GET_FILE_STATUS {volume=7446faa4-1934-4ac5-bea6-0a36618ff738, bucket=4c9cb28d-bc18-40f0-bef1-ec01970c2e46, key=.Trash, dataSize=0, replicationConfig=null} | ret=FAILURE
org.apache.hadoop.ozone.om.exceptions.OMException: Unable to get file status: volume: 7446faa4-1934-4ac5-bea6-0a36618ff738 bucket: 4c9cb28d-bc18-40f0-bef1-ec01970c2e46 key: .Trash
	at org.apache.hadoop.ozone.om.KeyManagerImpl.getOzoneFileStatus(KeyManagerImpl.java:1311) ~[ozone-manager-1.3.0-SNAPSHOT.jar:?]
	at org.apache.hadoop.ozone.om.KeyManagerImpl.getFileStatus(KeyManagerImpl.java:1241) ~[ozone-manager-1.3.0-SNAPSHOT.jar:?]
	at org.apache.hadoop.ozone.om.OzoneManager.getFileStatus(OzoneManager.java:3419) ~[ozone-manager-1.3.0-SNAPSHOT.jar:?]
	at org.apache.hadoop.ozone.protocolPB.OzoneManagerRequestHandler.getOzoneFileStatus(OzoneManagerRequestHandler.java:871) ~[ozone-manager-1.3.0-SNAPSHOT.jar:?]
	at org.apache.hadoop.ozone.protocolPB.OzoneManagerRequestHandler.handleReadRequest(OzoneManagerRequestHandler.java:217) ~[ozone-manager-1.3.0-SNAPSHOT.jar:?]
	at org.apache.hadoop.ozone.protocolPB.OzoneManagerProtocolServerSideTranslatorPB.submitRequestDirectlyToOM(OzoneManagerProtocolServerSideTranslatorPB.java:276) ~[ozone-manager-1.3.0-SNAPSHOT.jar:?]
	at org.apache.hadoop.ozone.protocolPB.OzoneManagerProtocolServerSideTranslatorPB.processRequest(OzoneManagerProtocolServerSideTranslatorPB.java:205) ~[ozone-manager-1.3.0-SNAPSHOT.jar:?]
	at org.apache.hadoop.hdds.server.OzoneProtocolMessageDispatcher.processRequest(OzoneProtocolMessageDispatcher.java:87) [hdds-server-framework-1.3.0-SNAPSHOT.jar:?]
	at org.apache.hadoop.ozone.protocolPB.OzoneManagerProtocolServerSideTranslatorPB.submitRequest(OzoneManagerProtocolServerSideTranslatorPB.java:147) [ozone-manager-1.3.0-SNAPSHOT.jar:?]
	at org.apache.hadoop.ozone.protocol.proto.OzoneManagerProtocolProtos$OzoneManagerService$2.callBlockingMethod(OzoneManagerProtocolProtos.java) [ozone-interface-client-1.3.0-SNAPSHOT.jar:?]
	at org.apache.hadoop.ipc.ProtobufRpcEngine$Server.processCall(ProtobufRpcEngine.java:466) [hadoop-common-3.3.1.jar:?]
	at org.apache.hadoop.ipc.ProtobufRpcEngine2$Server$ProtoBufRpcInvoker.call(ProtobufRpcEngine2.java:574) [hadoop-common-3.3.1.jar:?]
	at org.apache.hadoop.ipc.ProtobufRpcEngine2$Server$ProtoBufRpcInvoker.call(ProtobufRpcEngine2.java:552) [hadoop-common-3.3.1.jar:?]
	at org.apache.hadoop.ipc.RPC$Server.call(RPC.java:1093) [hadoop-common-3.3.1.jar:?]
	at org.apache.hadoop.ipc.Server$RpcCall.run(Server.java:1035) [hadoop-common-3.3.1.jar:?]
	at org.apache.hadoop.ipc.Server$RpcCall.run(Server.java:963) [hadoop-common-3.3.1.jar:?]
	at java.security.AccessController.doPrivileged(Native Method) ~[?:1.8.0_332]
	at javax.security.auth.Subject.doAs(Subject.java:422) [?:1.8.0_332]
	at org.apache.hadoop.security.UserGroupInformation.doAs(UserGroupInformation.java:1878) [hadoop-common-3.3.1.jar:?]
	at org.apache.hadoop.ipc.Server$Handler.run(Server.java:2966) [hadoop-common-3.3.1.jar:?]
21:06:35.087 [IPC Server handler 7 on default port 37581] ERROR OMAudit - user=runner | ip=127.0.0.1 | op=GET_FILE_STATUS {volume=7446faa4-1934-4ac5-bea6-0a36618ff738, bucket=4c9cb28d-bc18-40f0-bef1-ec01970c2e46, key=.Trash, dataSize=0, replicationConfig=null} | ret=FAILURE
org.apache.hadoop.ozone.om.exceptions.OMException: Unable to get file status: volume: 7446faa4-1934-4ac5-bea6-0a36618ff738 bucket: 4c9cb28d-bc18-40f0-bef1-ec01970c2e46 key: .Trash
	at org.apache.hadoop.ozone.om.KeyManagerImpl.getOzoneFileStatus(KeyManagerImpl.java:1311) ~[ozone-manager-1.3.0-SNAPSHOT.jar:?]
	at org.apache.hadoop.ozone.om.KeyManagerImpl.getFileStatus(KeyManagerImpl.java:1241) ~[ozone-manager-1.3.0-SNAPSHOT.jar:?]
	at org.apache.hadoop.ozone.om.OzoneManager.getFileStatus(OzoneManager.java:3419) ~[ozone-manager-1.3.0-SNAPSHOT.jar:?]
	at org.apache.hadoop.ozone.protocolPB.OzoneManagerRequestHandler.getOzoneFileStatus(OzoneManagerRequestHandler.java:871) ~[ozone-manager-1.3.0-SNAPSHOT.jar:?]
	at org.apache.hadoop.ozone.protocolPB.OzoneManagerRequestHandler.handleReadRequest(OzoneManagerRequestHandler.java:217) ~[ozone-manager-1.3.0-SNAPSHOT.jar:?]
	at org.apache.hadoop.ozone.protocolPB.OzoneManagerProtocolServerSideTranslatorPB.submitRequestDirectlyToOM(OzoneManagerProtocolServerSideTranslatorPB.java:276) ~[ozone-manager-1.3.0-SNAPSHOT.jar:?]
	at org.apache.hadoop.ozone.protocolPB.OzoneManagerProtocolServerSideTranslatorPB.processRequest(OzoneManagerProtocolServerSideTranslatorPB.java:205) ~[ozone-manager-1.3.0-SNAPSHOT.jar:?]
	at org.apache.hadoop.hdds.server.OzoneProtocolMessageDispatcher.processRequest(OzoneProtocolMessageDispatcher.java:87) [hdds-server-framework-1.3.0-SNAPSHOT.jar:?]
	at org.apache.hadoop.ozone.protocolPB.OzoneManagerProtocolServerSideTranslatorPB.submitRequest(OzoneManagerProtocolServerSideTranslatorPB.java:147) [ozone-manager-1.3.0-SNAPSHOT.jar:?]
	at org.apache.hadoop.ozone.protocol.proto.OzoneManagerProtocolProtos$OzoneManagerService$2.callBlockingMethod(OzoneManagerProtocolProtos.java) [ozone-interface-client-1.3.0-SNAPSHOT.jar:?]
	at org.apache.hadoop.ipc.ProtobufRpcEngine$Server.processCall(ProtobufRpcEngine.java:466) [hadoop-common-3.3.1.jar:?]
	at org.apache.hadoop.ipc.ProtobufRpcEngine2$Server$ProtoBufRpcInvoker.call(ProtobufRpcEngine2.java:574) [hadoop-common-3.3.1.jar:?]
	at org.apache.hadoop.ipc.ProtobufRpcEngine2$Server$ProtoBufRpcInvoker.call(ProtobufRpcEngine2.java:552) [hadoop-common-3.3.1.jar:?]
	at org.apache.hadoop.ipc.RPC$Server.call(RPC.java:1093) [hadoop-common-3.3.1.jar:?]
	at org.apache.hadoop.ipc.Server$RpcCall.run(Server.java:1035) [hadoop-common-3.3.1.jar:?]
	at org.apache.hadoop.ipc.Server$RpcCall.run(Server.java:963) [hadoop-common-3.3.1.jar:?]
	at java.security.AccessController.doPrivileged(Native Method) ~[?:1.8.0_332]
	at javax.security.auth.Subject.doAs(Subject.java:422) [?:1.8.0_332]
	at org.apache.hadoop.security.UserGroupInformation.doAs(UserGroupInformation.java:1878) [hadoop-common-3.3.1.jar:?]
	at org.apache.hadoop.ipc.Server$Handler.run(Server.java:2966) [hadoop-common-3.3.1.jar:?]
2022-07-12 21:06:35,216 [Time-limited test] INFO  rpc.RpcClient (RpcClient.java:createVolume(466)) - Creating Volume: volume29195, with user25289 as owner and space quota set to -1 bytes, counts quota set to -1
2022-07-12 21:06:35,217 [IPC Server handler 12 on default port 37581] INFO  volume.OMVolumeCreateRequest (OMVolumeCreateRequest.java:validateAndUpdateCache(195)) - created volume:volume29195 for user:user25289
2022-07-12 21:06:35,218 [Time-limited test] INFO  rpc.RpcClient (RpcClient.java:createBucket(669)) - Creating Bucket: volume29195/bucket42560, with bucket layout LEGACY, runner as owner, Versioning false, Storage Type set to DISK and Encryption set to false 
2022-07-12 21:06:35,219 [IPC Server handler 8 on default port 37581] INFO  bucket.OMBucketCreateRequest (OMBucketCreateRequest.java:validateAndUpdateCache(260)) - created bucket: bucket42560 of layout LEGACY in volume: volume29195
21:06:35.238 [IPC Server handler 19 on default port 37581] ERROR OMAudit - user=runner | ip=127.0.0.1 | op=GET_FILE_STATUS {volume=7446faa4-1934-4ac5-bea6-0a36618ff738, bucket=4c9cb28d-bc18-40f0-bef1-ec01970c2e46, key=.Trash, dataSize=0, replicationConfig=null} | ret=FAILURE
org.apache.hadoop.ozone.om.exceptions.OMException: Unable to get file status: volume: 7446faa4-1934-4ac5-bea6-0a36618ff738 bucket: 4c9cb28d-bc18-40f0-bef1-ec01970c2e46 key: .Trash
	at org.apache.hadoop.ozone.om.KeyManagerImpl.getOzoneFileStatus(KeyManagerImpl.java:1311) ~[ozone-manager-1.3.0-SNAPSHOT.jar:?]
	at org.apache.hadoop.ozone.om.KeyManagerImpl.getFileStatus(KeyManagerImpl.java:1241) ~[ozone-manager-1.3.0-SNAPSHOT.jar:?]
	at org.apache.hadoop.ozone.om.OzoneManager.getFileStatus(OzoneManager.java:3419) ~[ozone-manager-1.3.0-SNAPSHOT.jar:?]
	at org.apache.hadoop.ozone.protocolPB.OzoneManagerRequestHandler.getOzoneFileStatus(OzoneManagerRequestHandler.java:871) ~[ozone-manager-1.3.0-SNAPSHOT.jar:?]
	at org.apache.hadoop.ozone.protocolPB.OzoneManagerRequestHandler.handleReadRequest(OzoneManagerRequestHandler.java:217) ~[ozone-manager-1.3.0-SNAPSHOT.jar:?]
	at org.apache.hadoop.ozone.protocolPB.OzoneManagerProtocolServerSideTranslatorPB.submitRequestDirectlyToOM(OzoneManagerProtocolServerSideTranslatorPB.java:276) ~[ozone-manager-1.3.0-SNAPSHOT.jar:?]
	at org.apache.hadoop.ozone.protocolPB.OzoneManagerProtocolServerSideTranslatorPB.processRequest(OzoneManagerProtocolServerSideTranslatorPB.java:205) ~[ozone-manager-1.3.0-SNAPSHOT.jar:?]
	at org.apache.hadoop.hdds.server.OzoneProtocolMessageDispatcher.processRequest(OzoneProtocolMessageDispatcher.java:87) [hdds-server-framework-1.3.0-SNAPSHOT.jar:?]
	at org.apache.hadoop.ozone.protocolPB.OzoneManagerProtocolServerSideTranslatorPB.submitRequest(OzoneManagerProtocolServerSideTranslatorPB.java:147) [ozone-manager-1.3.0-SNAPSHOT.jar:?]
	at org.apache.hadoop.ozone.protocol.proto.OzoneManagerProtocolProtos$OzoneManagerService$2.callBlockingMethod(OzoneManagerProtocolProtos.java) [ozone-interface-client-1.3.0-SNAPSHOT.jar:?]
	at org.apache.hadoop.ipc.ProtobufRpcEngine$Server.processCall(ProtobufRpcEngine.java:466) [hadoop-common-3.3.1.jar:?]
	at org.apache.hadoop.ipc.ProtobufRpcEngine2$Server$ProtoBufRpcInvoker.call(ProtobufRpcEngine2.java:574) [hadoop-common-3.3.1.jar:?]
	at org.apache.hadoop.ipc.ProtobufRpcEngine2$Server$ProtoBufRpcInvoker.call(ProtobufRpcEngine2.java:552) [hadoop-common-3.3.1.jar:?]
	at org.apache.hadoop.ipc.RPC$Server.call(RPC.java:1093) [hadoop-common-3.3.1.jar:?]
	at org.apache.hadoop.ipc.Server$RpcCall.run(Server.java:1035) [hadoop-common-3.3.1.jar:?]
	at org.apache.hadoop.ipc.Server$RpcCall.run(Server.java:963) [hadoop-common-3.3.1.jar:?]
	at java.security.AccessController.doPrivileged(Native Method) ~[?:1.8.0_332]
	at javax.security.auth.Subject.doAs(Subject.java:422) [?:1.8.0_332]
	at org.apache.hadoop.security.UserGroupInformation.doAs(UserGroupInformation.java:1878) [hadoop-common-3.3.1.jar:?]
	at org.apache.hadoop.ipc.Server$Handler.run(Server.java:2966) [hadoop-common-3.3.1.jar:?]
21:06:35.290 [IPC Server handler 10 on default port 37581] ERROR OMAudit - user=runner | ip=127.0.0.1 | op=GET_FILE_STATUS {volume=7446faa4-1934-4ac5-bea6-0a36618ff738, bucket=4c9cb28d-bc18-40f0-bef1-ec01970c2e46, key=.Trash, dataSize=0, replicationConfig=null} | ret=FAILURE
org.apache.hadoop.ozone.om.exceptions.OMException: Unable to get file status: volume: 7446faa4-1934-4ac5-bea6-0a36618ff738 bucket: 4c9cb28d-bc18-40f0-bef1-ec01970c2e46 key: .Trash
	at org.apache.hadoop.ozone.om.KeyManagerImpl.getOzoneFileStatus(KeyManagerImpl.java:1311) ~[ozone-manager-1.3.0-SNAPSHOT.jar:?]
	at org.apache.hadoop.ozone.om.KeyManagerImpl.getFileStatus(KeyManagerImpl.java:1241) ~[ozone-manager-1.3.0-SNAPSHOT.jar:?]
	at org.apache.hadoop.ozone.om.OzoneManager.getFileStatus(OzoneManager.java:3419) ~[ozone-manager-1.3.0-SNAPSHOT.jar:?]
	at org.apache.hadoop.ozone.protocolPB.OzoneManagerRequestHandler.getOzoneFileStatus(OzoneManagerRequestHandler.java:871) ~[ozone-manager-1.3.0-SNAPSHOT.jar:?]
	at org.apache.hadoop.ozone.protocolPB.OzoneManagerRequestHandler.handleReadRequest(OzoneManagerRequestHandler.java:217) ~[ozone-manager-1.3.0-SNAPSHOT.jar:?]
	at org.apache.hadoop.ozone.protocolPB.OzoneManagerProtocolServerSideTranslatorPB.submitRequestDirectlyToOM(OzoneManagerProtocolServerSideTranslatorPB.java:276) ~[ozone-manager-1.3.0-SNAPSHOT.jar:?]
	at org.apache.hadoop.ozone.protocolPB.OzoneManagerProtocolServerSideTranslatorPB.processRequest(OzoneManagerProtocolServerSideTranslatorPB.java:205) ~[ozone-manager-1.3.0-SNAPSHOT.jar:?]
	at org.apache.hadoop.hdds.server.OzoneProtocolMessageDispatcher.processRequest(OzoneProtocolMessageDispatcher.java:87) [hdds-server-framework-1.3.0-SNAPSHOT.jar:?]
	at org.apache.hadoop.ozone.protocolPB.OzoneManagerProtocolServerSideTranslatorPB.submitRequest(OzoneManagerProtocolServerSideTranslatorPB.java:147) [ozone-manager-1.3.0-SNAPSHOT.jar:?]
	at org.apache.hadoop.ozone.protocol.proto.OzoneManagerProtocolProtos$OzoneManagerService$2.callBlockingMethod(OzoneManagerProtocolProtos.java) [ozone-interface-client-1.3.0-SNAPSHOT.jar:?]
	at org.apache.hadoop.ipc.ProtobufRpcEngine$Server.processCall(ProtobufRpcEngine.java:466) [hadoop-common-3.3.1.jar:?]
	at org.apache.hadoop.ipc.ProtobufRpcEngine2$Server$ProtoBufRpcInvoker.call(ProtobufRpcEngine2.java:574) [hadoop-common-3.3.1.jar:?]
	at org.apache.hadoop.ipc.ProtobufRpcEngine2$Server$ProtoBufRpcInvoker.call(ProtobufRpcEngine2.java:552) [hadoop-common-3.3.1.jar:?]
	at org.apache.hadoop.ipc.RPC$Server.call(RPC.java:1093) [hadoop-common-3.3.1.jar:?]
	at org.apache.hadoop.ipc.Server$RpcCall.run(Server.java:1035) [hadoop-common-3.3.1.jar:?]
	at org.apache.hadoop.ipc.Server$RpcCall.run(Server.java:963) [hadoop-common-3.3.1.jar:?]
	at java.security.AccessController.doPrivileged(Native Method) ~[?:1.8.0_332]
	at javax.security.auth.Subject.doAs(Subject.java:422) [?:1.8.0_332]
	at org.apache.hadoop.security.UserGroupInformation.doAs(UserGroupInformation.java:1878) [hadoop-common-3.3.1.jar:?]
	at org.apache.hadoop.ipc.Server$Handler.run(Server.java:2966) [hadoop-common-3.3.1.jar:?]
21:06:35.318 [IPC Server handler 10 on default port 37581] ERROR OMAudit - user=runner | ip=127.0.0.1 | op=GET_FILE_STATUS {volume=volume29195, bucket=bucket42560, key=.Trash/runner, dataSize=0, replicationConfig=null} | ret=FAILURE
org.apache.hadoop.ozone.om.exceptions.OMException: Unable to get file status: volume: volume29195 bucket: bucket42560 key: .Trash/runner
	at org.apache.hadoop.ozone.om.KeyManagerImpl.getOzoneFileStatus(KeyManagerImpl.java:1311) ~[ozone-manager-1.3.0-SNAPSHOT.jar:?]
	at org.apache.hadoop.ozone.om.KeyManagerImpl.getFileStatus(KeyManagerImpl.java:1241) ~[ozone-manager-1.3.0-SNAPSHOT.jar:?]
	at org.apache.hadoop.ozone.om.OzoneManager.getFileStatus(OzoneManager.java:3419) ~[ozone-manager-1.3.0-SNAPSHOT.jar:?]
	at org.apache.hadoop.ozone.protocolPB.OzoneManagerRequestHandler.getOzoneFileStatus(OzoneManagerRequestHandler.java:871) ~[ozone-manager-1.3.0-SNAPSHOT.jar:?]
	at org.apache.hadoop.ozone.protocolPB.OzoneManagerRequestHandler.handleReadRequest(OzoneManagerRequestHandler.java:217) ~[ozone-manager-1.3.0-SNAPSHOT.jar:?]
	at org.apache.hadoop.ozone.protocolPB.OzoneManagerProtocolServerSideTranslatorPB.submitRequestDirectlyToOM(OzoneManagerProtocolServerSideTranslatorPB.java:276) ~[ozone-manager-1.3.0-SNAPSHOT.jar:?]
	at org.apache.hadoop.ozone.protocolPB.OzoneManagerProtocolServerSideTranslatorPB.processRequest(OzoneManagerProtocolServerSideTranslatorPB.java:205) ~[ozone-manager-1.3.0-SNAPSHOT.jar:?]
	at org.apache.hadoop.hdds.server.OzoneProtocolMessageDispatcher.processRequest(OzoneProtocolMessageDispatcher.java:87) [hdds-server-framework-1.3.0-SNAPSHOT.jar:?]
	at org.apache.hadoop.ozone.protocolPB.OzoneManagerProtocolServerSideTranslatorPB.submitRequest(OzoneManagerProtocolServerSideTranslatorPB.java:147) [ozone-manager-1.3.0-SNAPSHOT.jar:?]
	at org.apache.hadoop.ozone.protocol.proto.OzoneManagerProtocolProtos$OzoneManagerService$2.callBlockingMethod(OzoneManagerProtocolProtos.java) [ozone-interface-client-1.3.0-SNAPSHOT.jar:?]
	at org.apache.hadoop.ipc.ProtobufRpcEngine$Server.processCall(ProtobufRpcEngine.java:466) [hadoop-common-3.3.1.jar:?]
	at org.apache.hadoop.ipc.ProtobufRpcEngine2$Server$ProtoBufRpcInvoker.call(ProtobufRpcEngine2.java:574) [hadoop-common-3.3.1.jar:?]
	at org.apache.hadoop.ipc.ProtobufRpcEngine2$Server$ProtoBufRpcInvoker.call(ProtobufRpcEngine2.java:552) [hadoop-common-3.3.1.jar:?]
	at org.apache.hadoop.ipc.RPC$Server.call(RPC.java:1093) [hadoop-common-3.3.1.jar:?]
	at org.apache.hadoop.ipc.Server$RpcCall.run(Server.java:1035) [hadoop-common-3.3.1.jar:?]
	at org.apache.hadoop.ipc.Server$RpcCall.run(Server.java:963) [hadoop-common-3.3.1.jar:?]
	at java.security.AccessController.doPrivileged(Native Method) ~[?:1.8.0_332]
	at javax.security.auth.Subject.doAs(Subject.java:422) [?:1.8.0_332]
	at org.apache.hadoop.security.UserGroupInformation.doAs(UserGroupInformation.java:1878) [hadoop-common-3.3.1.jar:?]
	at org.apache.hadoop.ipc.Server$Handler.run(Server.java:2966) [hadoop-common-3.3.1.jar:?]
21:06:35.329 [IPC Server handler 12 on default port 37581] ERROR OMAudit - user=runner | ip=127.0.0.1 | op=GET_FILE_STATUS {volume=7446faa4-1934-4ac5-bea6-0a36618ff738, bucket=4c9cb28d-bc18-40f0-bef1-ec01970c2e46, key=.Trash, dataSize=0, replicationConfig=null} | ret=FAILURE
org.apache.hadoop.ozone.om.exceptions.OMException: Unable to get file status: volume: 7446faa4-1934-4ac5-bea6-0a36618ff738 bucket: 4c9cb28d-bc18-40f0-bef1-ec01970c2e46 key: .Trash
	at org.apache.hadoop.ozone.om.KeyManagerImpl.getOzoneFileStatus(KeyManagerImpl.java:1311) ~[ozone-manager-1.3.0-SNAPSHOT.jar:?]
	at org.apache.hadoop.ozone.om.KeyManagerImpl.getFileStatus(KeyManagerImpl.java:1241) ~[ozone-manager-1.3.0-SNAPSHOT.jar:?]
	at org.apache.hadoop.ozone.om.OzoneManager.getFileStatus(OzoneManager.java:3419) ~[ozone-manager-1.3.0-SNAPSHOT.jar:?]
	at org.apache.hadoop.ozone.protocolPB.OzoneManagerRequestHandler.getOzoneFileStatus(OzoneManagerRequestHandler.java:871) ~[ozone-manager-1.3.0-SNAPSHOT.jar:?]
	at org.apache.hadoop.ozone.protocolPB.OzoneManagerRequestHandler.handleReadRequest(OzoneManagerRequestHandler.java:217) ~[ozone-manager-1.3.0-SNAPSHOT.jar:?]
	at org.apache.hadoop.ozone.protocolPB.OzoneManagerProtocolServerSideTranslatorPB.submitRequestDirectlyToOM(OzoneManagerProtocolServerSideTranslatorPB.java:276) ~[ozone-manager-1.3.0-SNAPSHOT.jar:?]
	at org.apache.hadoop.ozone.protocolPB.OzoneManagerProtocolServerSideTranslatorPB.processRequest(OzoneManagerProtocolServerSideTranslatorPB.java:205) ~[ozone-manager-1.3.0-SNAPSHOT.jar:?]
	at org.apache.hadoop.hdds.server.OzoneProtocolMessageDispatcher.processRequest(OzoneProtocolMessageDispatcher.java:87) [hdds-server-framework-1.3.0-SNAPSHOT.jar:?]
	at org.apache.hadoop.ozone.protocolPB.OzoneManagerProtocolServerSideTranslatorPB.submitRequest(OzoneManagerProtocolServerSideTranslatorPB.java:147) [ozone-manager-1.3.0-SNAPSHOT.jar:?]
	at org.apache.hadoop.ozone.protocol.proto.OzoneManagerProtocolProtos$OzoneManagerService$2.callBlockingMethod(OzoneManagerProtocolProtos.java) [ozone-interface-client-1.3.0-SNAPSHOT.jar:?]
	at org.apache.hadoop.ipc.ProtobufRpcEngine$Server.processCall(ProtobufRpcEngine.java:466) [hadoop-common-3.3.1.jar:?]
	at org.apache.hadoop.ipc.ProtobufRpcEngine2$Server$ProtoBufRpcInvoker.call(ProtobufRpcEngine2.java:574) [hadoop-common-3.3.1.jar:?]
	at org.apache.hadoop.ipc.ProtobufRpcEngine2$Server$ProtoBufRpcInvoker.call(ProtobufRpcEngine2.java:552) [hadoop-common-3.3.1.jar:?]
	at org.apache.hadoop.ipc.RPC$Server.call(RPC.java:1093) [hadoop-common-3.3.1.jar:?]
	at org.apache.hadoop.ipc.Server$RpcCall.run(Server.java:1035) [hadoop-common-3.3.1.jar:?]
	at org.apache.hadoop.ipc.Server$RpcCall.run(Server.java:963) [hadoop-common-3.3.1.jar:?]
	at java.security.AccessController.doPrivileged(Native Method) ~[?:1.8.0_332]
	at javax.security.auth.Subject.doAs(Subject.java:422) [?:1.8.0_332]
	at org.apache.hadoop.security.UserGroupInformation.doAs(UserGroupInformation.java:1878) [hadoop-common-3.3.1.jar:?]
	at org.apache.hadoop.ipc.Server$Handler.run(Server.java:2966) [hadoop-common-3.3.1.jar:?]
21:06:35.331 [IPC Server handler 17 on default port 37581] ERROR OMAudit - user=runner | ip=127.0.0.1 | op=GET_FILE_STATUS {volume=volume29195, bucket=bucket42560, key=.Trash, dataSize=0, replicationConfig=null} | ret=FAILURE
org.apache.hadoop.ozone.om.exceptions.OMException: Unable to get file status: volume: volume29195 bucket: bucket42560 key: .Trash
	at org.apache.hadoop.ozone.om.KeyManagerImpl.getOzoneFileStatus(KeyManagerImpl.java:1311) ~[ozone-manager-1.3.0-SNAPSHOT.jar:?]
	at org.apache.hadoop.ozone.om.KeyManagerImpl.getFileStatus(KeyManagerImpl.java:1241) ~[ozone-manager-1.3.0-SNAPSHOT.jar:?]
	at org.apache.hadoop.ozone.om.OzoneManager.getFileStatus(OzoneManager.java:3419) ~[ozone-manager-1.3.0-SNAPSHOT.jar:?]
	at org.apache.hadoop.ozone.protocolPB.OzoneManagerRequestHandler.getOzoneFileStatus(OzoneManagerRequestHandler.java:871) ~[ozone-manager-1.3.0-SNAPSHOT.jar:?]
	at org.apache.hadoop.ozone.protocolPB.OzoneManagerRequestHandler.handleReadRequest(OzoneManagerRequestHandler.java:217) ~[ozone-manager-1.3.0-SNAPSHOT.jar:?]
	at org.apache.hadoop.ozone.protocolPB.OzoneManagerProtocolServerSideTranslatorPB.submitRequestDirectlyToOM(OzoneManagerProtocolServerSideTranslatorPB.java:276) ~[ozone-manager-1.3.0-SNAPSHOT.jar:?]
	at org.apache.hadoop.ozone.protocolPB.OzoneManagerProtocolServerSideTranslatorPB.processRequest(OzoneManagerProtocolServerSideTranslatorPB.java:205) ~[ozone-manager-1.3.0-SNAPSHOT.jar:?]
	at org.apache.hadoop.hdds.server.OzoneProtocolMessageDispatcher.processRequest(OzoneProtocolMessageDispatcher.java:87) [hdds-server-framework-1.3.0-SNAPSHOT.jar:?]
	at org.apache.hadoop.ozone.protocolPB.OzoneManagerProtocolServerSideTranslatorPB.submitRequest(OzoneManagerProtocolServerSideTranslatorPB.java:147) [ozone-manager-1.3.0-SNAPSHOT.jar:?]
	at org.apache.hadoop.ozone.protocol.proto.OzoneManagerProtocolProtos$OzoneManagerService$2.callBlockingMethod(OzoneManagerProtocolProtos.java) [ozone-interface-client-1.3.0-SNAPSHOT.jar:?]
	at org.apache.hadoop.ipc.ProtobufRpcEngine$Server.processCall(ProtobufRpcEngine.java:466) [hadoop-common-3.3.1.jar:?]
	at org.apache.hadoop.ipc.ProtobufRpcEngine2$Server$ProtoBufRpcInvoker.call(ProtobufRpcEngine2.java:574) [hadoop-common-3.3.1.jar:?]
	at org.apache.hadoop.ipc.ProtobufRpcEngine2$Server$ProtoBufRpcInvoker.call(ProtobufRpcEngine2.java:552) [hadoop-common-3.3.1.jar:?]
	at org.apache.hadoop.ipc.RPC$Server.call(RPC.java:1093) [hadoop-common-3.3.1.jar:?]
	at org.apache.hadoop.ipc.Server$RpcCall.run(Server.java:1035) [hadoop-common-3.3.1.jar:?]
	at org.apache.hadoop.ipc.Server$RpcCall.run(Server.java:963) [hadoop-common-3.3.1.jar:?]
	at java.security.AccessController.doPrivileged(Native Method) ~[?:1.8.0_332]
	at javax.security.auth.Subject.doAs(Subject.java:422) [?:1.8.0_332]
	at org.apache.hadoop.security.UserGroupInformation.doAs(UserGroupInformation.java:1878) [hadoop-common-3.3.1.jar:?]
	at org.apache.hadoop.ipc.Server$Handler.run(Server.java:2966) [hadoop-common-3.3.1.jar:?]
21:06:35.369 [IPC Server handler 17 on default port 37581] ERROR OMAudit - user=runner | ip=127.0.0.1 | op=GET_FILE_STATUS {volume=volume58384, bucket=trashroottest2, key=.Trash/runner, dataSize=0, replicationConfig=null} | ret=FAILURE
org.apache.hadoop.ozone.om.exceptions.OMException: Unable to get file status: volume: volume58384 bucket: trashroottest2 key: .Trash/runner
	at org.apache.hadoop.ozone.om.KeyManagerImpl.getOzoneFileStatus(KeyManagerImpl.java:1311) ~[ozone-manager-1.3.0-SNAPSHOT.jar:?]
	at org.apache.hadoop.ozone.om.KeyManagerImpl.getFileStatus(KeyManagerImpl.java:1241) ~[ozone-manager-1.3.0-SNAPSHOT.jar:?]
	at org.apache.hadoop.ozone.om.OzoneManager.getFileStatus(OzoneManager.java:3419) ~[ozone-manager-1.3.0-SNAPSHOT.jar:?]
	at org.apache.hadoop.ozone.protocolPB.OzoneManagerRequestHandler.getOzoneFileStatus(OzoneManagerRequestHandler.java:871) ~[ozone-manager-1.3.0-SNAPSHOT.jar:?]
	at org.apache.hadoop.ozone.protocolPB.OzoneManagerRequestHandler.handleReadRequest(OzoneManagerRequestHandler.java:217) ~[ozone-manager-1.3.0-SNAPSHOT.jar:?]
	at org.apache.hadoop.ozone.protocolPB.OzoneManagerProtocolServerSideTranslatorPB.submitRequestDirectlyToOM(OzoneManagerProtocolServerSideTranslatorPB.java:276) ~[ozone-manager-1.3.0-SNAPSHOT.jar:?]
	at org.apache.hadoop.ozone.protocolPB.OzoneManagerProtocolServerSideTranslatorPB.processRequest(OzoneManagerProtocolServerSideTranslatorPB.java:205) ~[ozone-manager-1.3.0-SNAPSHOT.jar:?]
	at org.apache.hadoop.hdds.server.OzoneProtocolMessageDispatcher.processRequest(OzoneProtocolMessageDispatcher.java:87) [hdds-server-framework-1.3.0-SNAPSHOT.jar:?]
	at org.apache.hadoop.ozone.protocolPB.OzoneManagerProtocolServerSideTranslatorPB.submitRequest(OzoneManagerProtocolServerSideTranslatorPB.java:147) [ozone-manager-1.3.0-SNAPSHOT.jar:?]
	at org.apache.hadoop.ozone.protocol.proto.OzoneManagerProtocolProtos$OzoneManagerService$2.callBlockingMethod(OzoneManagerProtocolProtos.java) [ozone-interface-client-1.3.0-SNAPSHOT.jar:?]
	at org.apache.hadoop.ipc.ProtobufRpcEngine$Server.processCall(ProtobufRpcEngine.java:466) [hadoop-common-3.3.1.jar:?]
	at org.apache.hadoop.ipc.ProtobufRpcEngine2$Server$ProtoBufRpcInvoker.call(ProtobufRpcEngine2.java:574) [hadoop-common-3.3.1.jar:?]
	at org.apache.hadoop.ipc.ProtobufRpcEngine2$Server$ProtoBufRpcInvoker.call(ProtobufRpcEngine2.java:552) [hadoop-common-3.3.1.jar:?]
	at org.apache.hadoop.ipc.RPC$Server.call(RPC.java:1093) [hadoop-common-3.3.1.jar:?]
	at org.apache.hadoop.ipc.Server$RpcCall.run(Server.java:1035) [hadoop-common-3.3.1.jar:?]
	at org.apache.hadoop.ipc.Server$RpcCall.run(Server.java:963) [hadoop-common-3.3.1.jar:?]
	at java.security.AccessController.doPrivileged(Native Method) ~[?:1.8.0_332]
	at javax.security.auth.Subject.doAs(Subject.java:422) [?:1.8.0_332]
	at org.apache.hadoop.security.UserGroupInformation.doAs(UserGroupInformation.java:1878) [hadoop-common-3.3.1.jar:?]
	at org.apache.hadoop.ipc.Server$Handler.run(Server.java:2966) [hadoop-common-3.3.1.jar:?]
21:06:35.372 [IPC Server handler 1 on default port 37581] ERROR OMAudit - user=runner | ip=127.0.0.1 | op=GET_FILE_STATUS {volume=volume29195, bucket=bucket42560, key=.Trash/runner, dataSize=0, replicationConfig=null} | ret=FAILURE
org.apache.hadoop.ozone.om.exceptions.OMException: Unable to get file status: volume: volume29195 bucket: bucket42560 key: .Trash/runner
	at org.apache.hadoop.ozone.om.KeyManagerImpl.getOzoneFileStatus(KeyManagerImpl.java:1311) ~[ozone-manager-1.3.0-SNAPSHOT.jar:?]
	at org.apache.hadoop.ozone.om.KeyManagerImpl.getFileStatus(KeyManagerImpl.java:1241) ~[ozone-manager-1.3.0-SNAPSHOT.jar:?]
	at org.apache.hadoop.ozone.om.OzoneManager.getFileStatus(OzoneManager.java:3419) ~[ozone-manager-1.3.0-SNAPSHOT.jar:?]
	at org.apache.hadoop.ozone.protocolPB.OzoneManagerRequestHandler.getOzoneFileStatus(OzoneManagerRequestHandler.java:871) ~[ozone-manager-1.3.0-SNAPSHOT.jar:?]
	at org.apache.hadoop.ozone.protocolPB.OzoneManagerRequestHandler.handleReadRequest(OzoneManagerRequestHandler.java:217) ~[ozone-manager-1.3.0-SNAPSHOT.jar:?]
	at org.apache.hadoop.ozone.protocolPB.OzoneManagerProtocolServerSideTranslatorPB.submitRequestDirectlyToOM(OzoneManagerProtocolServerSideTranslatorPB.java:276) ~[ozone-manager-1.3.0-SNAPSHOT.jar:?]
	at org.apache.hadoop.ozone.protocolPB.OzoneManagerProtocolServerSideTranslatorPB.processRequest(OzoneManagerProtocolServerSideTranslatorPB.java:205) ~[ozone-manager-1.3.0-SNAPSHOT.jar:?]
	at org.apache.hadoop.hdds.server.OzoneProtocolMessageDispatcher.processRequest(OzoneProtocolMessageDispatcher.java:87) [hdds-server-framework-1.3.0-SNAPSHOT.jar:?]
	at org.apache.hadoop.ozone.protocolPB.OzoneManagerProtocolServerSideTranslatorPB.submitRequest(OzoneManagerProtocolServerSideTranslatorPB.java:147) [ozone-manager-1.3.0-SNAPSHOT.jar:?]
	at org.apache.hadoop.ozone.protocol.proto.OzoneManagerProtocolProtos$OzoneManagerService$2.callBlockingMethod(OzoneManagerProtocolProtos.java) [ozone-interface-client-1.3.0-SNAPSHOT.jar:?]
	at org.apache.hadoop.ipc.ProtobufRpcEngine$Server.processCall(ProtobufRpcEngine.java:466) [hadoop-common-3.3.1.jar:?]
	at org.apache.hadoop.ipc.ProtobufRpcEngine2$Server$ProtoBufRpcInvoker.call(ProtobufRpcEngine2.java:574) [hadoop-common-3.3.1.jar:?]
	at org.apache.hadoop.ipc.ProtobufRpcEngine2$Server$ProtoBufRpcInvoker.call(ProtobufRpcEngine2.java:552) [hadoop-common-3.3.1.jar:?]
	at org.apache.hadoop.ipc.RPC$Server.call(RPC.java:1093) [hadoop-common-3.3.1.jar:?]
	at org.apache.hadoop.ipc.Server$RpcCall.run(Server.java:1035) [hadoop-common-3.3.1.jar:?]
	at org.apache.hadoop.ipc.Server$RpcCall.run(Server.java:963) [hadoop-common-3.3.1.jar:?]
	at java.security.AccessController.doPrivileged(Native Method) ~[?:1.8.0_332]
	at javax.security.auth.Subject.doAs(Subject.java:422) [?:1.8.0_332]
	at org.apache.hadoop.security.UserGroupInformation.doAs(UserGroupInformation.java:1878) [hadoop-common-3.3.1.jar:?]
	at org.apache.hadoop.ipc.Server$Handler.run(Server.java:2966) [hadoop-common-3.3.1.jar:?]
21:06:35.376 [IPC Server handler 19 on default port 37581] ERROR OMAudit - user=runner | ip=127.0.0.1 | op=GET_FILE_STATUS {volume=7446faa4-1934-4ac5-bea6-0a36618ff738, bucket=4c9cb28d-bc18-40f0-bef1-ec01970c2e46, key=.Trash, dataSize=0, replicationConfig=null} | ret=FAILURE
org.apache.hadoop.ozone.om.exceptions.OMException: Unable to get file status: volume: 7446faa4-1934-4ac5-bea6-0a36618ff738 bucket: 4c9cb28d-bc18-40f0-bef1-ec01970c2e46 key: .Trash
	at org.apache.hadoop.ozone.om.KeyManagerImpl.getOzoneFileStatus(KeyManagerImpl.java:1311) ~[ozone-manager-1.3.0-SNAPSHOT.jar:?]
	at org.apache.hadoop.ozone.om.KeyManagerImpl.getFileStatus(KeyManagerImpl.java:1241) ~[ozone-manager-1.3.0-SNAPSHOT.jar:?]
	at org.apache.hadoop.ozone.om.OzoneManager.getFileStatus(OzoneManager.java:3419) ~[ozone-manager-1.3.0-SNAPSHOT.jar:?]
	at org.apache.hadoop.ozone.protocolPB.OzoneManagerRequestHandler.getOzoneFileStatus(OzoneManagerRequestHandler.java:871) ~[ozone-manager-1.3.0-SNAPSHOT.jar:?]
	at org.apache.hadoop.ozone.protocolPB.OzoneManagerRequestHandler.handleReadRequest(OzoneManagerRequestHandler.java:217) ~[ozone-manager-1.3.0-SNAPSHOT.jar:?]
	at org.apache.hadoop.ozone.protocolPB.OzoneManagerProtocolServerSideTranslatorPB.submitRequestDirectlyToOM(OzoneManagerProtocolServerSideTranslatorPB.java:276) ~[ozone-manager-1.3.0-SNAPSHOT.jar:?]
	at org.apache.hadoop.ozone.protocolPB.OzoneManagerProtocolServerSideTranslatorPB.processRequest(OzoneManagerProtocolServerSideTranslatorPB.java:205) ~[ozone-manager-1.3.0-SNAPSHOT.jar:?]
	at org.apache.hadoop.hdds.server.OzoneProtocolMessageDispatcher.processRequest(OzoneProtocolMessageDispatcher.java:87) [hdds-server-framework-1.3.0-SNAPSHOT.jar:?]
	at org.apache.hadoop.ozone.protocolPB.OzoneManagerProtocolServerSideTranslatorPB.submitRequest(OzoneManagerProtocolServerSideTranslatorPB.java:147) [ozone-manager-1.3.0-SNAPSHOT.jar:?]
	at org.apache.hadoop.ozone.protocol.proto.OzoneManagerProtocolProtos$OzoneManagerService$2.callBlockingMethod(OzoneManagerProtocolProtos.java) [ozone-interface-client-1.3.0-SNAPSHOT.jar:?]
	at org.apache.hadoop.ipc.ProtobufRpcEngine$Server.processCall(ProtobufRpcEngine.java:466) [hadoop-common-3.3.1.jar:?]
	at org.apache.hadoop.ipc.ProtobufRpcEngine2$Server$ProtoBufRpcInvoker.call(ProtobufRpcEngine2.java:574) [hadoop-common-3.3.1.jar:?]
	at org.apache.hadoop.ipc.ProtobufRpcEngine2$Server$ProtoBufRpcInvoker.call(ProtobufRpcEngine2.java:552) [hadoop-common-3.3.1.jar:?]
	at org.apache.hadoop.ipc.RPC$Server.call(RPC.java:1093) [hadoop-common-3.3.1.jar:?]
	at org.apache.hadoop.ipc.Server$RpcCall.run(Server.java:1035) [hadoop-common-3.3.1.jar:?]
	at org.apache.hadoop.ipc.Server$RpcCall.run(Server.java:963) [hadoop-common-3.3.1.jar:?]
	at java.security.AccessController.doPrivileged(Native Method) ~[?:1.8.0_332]
	at javax.security.auth.Subject.doAs(Subject.java:422) [?:1.8.0_332]
	at org.apache.hadoop.security.UserGroupInformation.doAs(UserGroupInformation.java:1878) [hadoop-common-3.3.1.jar:?]
	at org.apache.hadoop.ipc.Server$Handler.run(Server.java:2966) [hadoop-common-3.3.1.jar:?]
21:06:35.378 [IPC Server handler 6 on default port 37581] ERROR OMAudit - user=runner | ip=127.0.0.1 | op=GET_FILE_STATUS {volume=volume29195, bucket=bucket42560, key=.Trash, dataSize=0, replicationConfig=null} | ret=FAILURE
org.apache.hadoop.ozone.om.exceptions.OMException: Unable to get file status: volume: volume29195 bucket: bucket42560 key: .Trash
	at org.apache.hadoop.ozone.om.KeyManagerImpl.getOzoneFileStatus(KeyManagerImpl.java:1311) ~[ozone-manager-1.3.0-SNAPSHOT.jar:?]
	at org.apache.hadoop.ozone.om.KeyManagerImpl.getFileStatus(KeyManagerImpl.java:1241) ~[ozone-manager-1.3.0-SNAPSHOT.jar:?]
	at org.apache.hadoop.ozone.om.OzoneManager.getFileStatus(OzoneManager.java:3419) ~[ozone-manager-1.3.0-SNAPSHOT.jar:?]
	at org.apache.hadoop.ozone.protocolPB.OzoneManagerRequestHandler.getOzoneFileStatus(OzoneManagerRequestHandler.java:871) ~[ozone-manager-1.3.0-SNAPSHOT.jar:?]
	at org.apache.hadoop.ozone.protocolPB.OzoneManagerRequestHandler.handleReadRequest(OzoneManagerRequestHandler.java:217) ~[ozone-manager-1.3.0-SNAPSHOT.jar:?]
	at org.apache.hadoop.ozone.protocolPB.OzoneManagerProtocolServerSideTranslatorPB.submitRequestDirectlyToOM(OzoneManagerProtocolServerSideTranslatorPB.java:276) ~[ozone-manager-1.3.0-SNAPSHOT.jar:?]
	at org.apache.hadoop.ozone.protocolPB.OzoneManagerProtocolServerSideTranslatorPB.processRequest(OzoneManagerProtocolServerSideTranslatorPB.java:205) ~[ozone-manager-1.3.0-SNAPSHOT.jar:?]
	at org.apache.hadoop.hdds.server.OzoneProtocolMessageDispatcher.processRequest(OzoneProtocolMessageDispatcher.java:87) [hdds-server-framework-1.3.0-SNAPSHOT.jar:?]
	at org.apache.hadoop.ozone.protocolPB.OzoneManagerProtocolServerSideTranslatorPB.submitRequest(OzoneManagerProtocolServerSideTranslatorPB.java:147) [ozone-manager-1.3.0-SNAPSHOT.jar:?]
	at org.apache.hadoop.ozone.protocol.proto.OzoneManagerProtocolProtos$OzoneManagerService$2.callBlockingMethod(OzoneManagerProtocolProtos.java) [ozone-interface-client-1.3.0-SNAPSHOT.jar:?]
	at org.apache.hadoop.ipc.ProtobufRpcEngine$Server.processCall(ProtobufRpcEngine.java:466) [hadoop-common-3.3.1.jar:?]
	at org.apache.hadoop.ipc.ProtobufRpcEngine2$Server$ProtoBufRpcInvoker.call(ProtobufRpcEngine2.java:574) [hadoop-common-3.3.1.jar:?]
	at org.apache.hadoop.ipc.ProtobufRpcEngine2$Server$ProtoBufRpcInvoker.call(ProtobufRpcEngine2.java:552) [hadoop-common-3.3.1.jar:?]
	at org.apache.hadoop.ipc.RPC$Server.call(RPC.java:1093) [hadoop-common-3.3.1.jar:?]
	at org.apache.hadoop.ipc.Server$RpcCall.run(Server.java:1035) [hadoop-common-3.3.1.jar:?]
	at org.apache.hadoop.ipc.Server$RpcCall.run(Server.java:963) [hadoop-common-3.3.1.jar:?]
	at java.security.AccessController.doPrivileged(Native Method) ~[?:1.8.0_332]
	at javax.security.auth.Subject.doAs(Subject.java:422) [?:1.8.0_332]
	at org.apache.hadoop.security.UserGroupInformation.doAs(UserGroupInformation.java:1878) [hadoop-common-3.3.1.jar:?]
	at org.apache.hadoop.ipc.Server$Handler.run(Server.java:2966) [hadoop-common-3.3.1.jar:?]
21:06:35.392 [IPC Server handler 2 on default port 37581] ERROR OMAudit - user=runner | ip=127.0.0.1 | op=GET_FILE_STATUS {volume=volume58384, bucket=trashroottest2, key=.Trash, dataSize=0, replicationConfig=null} | ret=FAILURE
org.apache.hadoop.ozone.om.exceptions.OMException: Unable to get file status: volume: volume58384 bucket: trashroottest2 key: .Trash
	at org.apache.hadoop.ozone.om.KeyManagerImpl.getOzoneFileStatus(KeyManagerImpl.java:1311) ~[ozone-manager-1.3.0-SNAPSHOT.jar:?]
	at org.apache.hadoop.ozone.om.KeyManagerImpl.getFileStatus(KeyManagerImpl.java:1241) ~[ozone-manager-1.3.0-SNAPSHOT.jar:?]
	at org.apache.hadoop.ozone.om.OzoneManager.getFileStatus(OzoneManager.java:3419) ~[ozone-manager-1.3.0-SNAPSHOT.jar:?]
	at org.apache.hadoop.ozone.protocolPB.OzoneManagerRequestHandler.getOzoneFileStatus(OzoneManagerRequestHandler.java:871) ~[ozone-manager-1.3.0-SNAPSHOT.jar:?]
	at org.apache.hadoop.ozone.protocolPB.OzoneManagerRequestHandler.handleReadRequest(OzoneManagerRequestHandler.java:217) ~[ozone-manager-1.3.0-SNAPSHOT.jar:?]
	at org.apache.hadoop.ozone.protocolPB.OzoneManagerProtocolServerSideTranslatorPB.submitRequestDirectlyToOM(OzoneManagerProtocolServerSideTranslatorPB.java:276) ~[ozone-manager-1.3.0-SNAPSHOT.jar:?]
	at org.apache.hadoop.ozone.protocolPB.OzoneManagerProtocolServerSideTranslatorPB.processRequest(OzoneManagerProtocolServerSideTranslatorPB.java:205) ~[ozone-manager-1.3.0-SNAPSHOT.jar:?]
	at org.apache.hadoop.hdds.server.OzoneProtocolMessageDispatcher.processRequest(OzoneProtocolMessageDispatcher.java:87) [hdds-server-framework-1.3.0-SNAPSHOT.jar:?]
	at org.apache.hadoop.ozone.protocolPB.OzoneManagerProtocolServerSideTranslatorPB.submitRequest(OzoneManagerProtocolServerSideTranslatorPB.java:147) [ozone-manager-1.3.0-SNAPSHOT.jar:?]
	at org.apache.hadoop.ozone.protocol.proto.OzoneManagerProtocolProtos$OzoneManagerService$2.callBlockingMethod(OzoneManagerProtocolProtos.java) [ozone-interface-client-1.3.0-SNAPSHOT.jar:?]
	at org.apache.hadoop.ipc.ProtobufRpcEngine$Server.processCall(ProtobufRpcEngine.java:466) [hadoop-common-3.3.1.jar:?]
	at org.apache.hadoop.ipc.ProtobufRpcEngine2$Server$ProtoBufRpcInvoker.call(ProtobufRpcEngine2.java:574) [hadoop-common-3.3.1.jar:?]
	at org.apache.hadoop.ipc.ProtobufRpcEngine2$Server$ProtoBufRpcInvoker.call(ProtobufRpcEngine2.java:552) [hadoop-common-3.3.1.jar:?]
	at org.apache.hadoop.ipc.RPC$Server.call(RPC.java:1093) [hadoop-common-3.3.1.jar:?]
	at org.apache.hadoop.ipc.Server$RpcCall.run(Server.java:1035) [hadoop-common-3.3.1.jar:?]
	at org.apache.hadoop.ipc.Server$RpcCall.run(Server.java:963) [hadoop-common-3.3.1.jar:?]
	at java.security.AccessController.doPrivileged(Native Method) ~[?:1.8.0_332]
	at javax.security.auth.Subject.doAs(Subject.java:422) [?:1.8.0_332]
	at org.apache.hadoop.security.UserGroupInformation.doAs(UserGroupInformation.java:1878) [hadoop-common-3.3.1.jar:?]
	at org.apache.hadoop.ipc.Server$Handler.run(Server.java:2966) [hadoop-common-3.3.1.jar:?]
21:06:35.407 [IPC Server handler 4 on default port 37581] ERROR OMAudit - user=runner | ip=127.0.0.1 | op=GET_FILE_STATUS {volume=volume58384, bucket=trashroottest2, key=.Trash/runner, dataSize=0, replicationConfig=null} | ret=FAILURE
org.apache.hadoop.ozone.om.exceptions.OMException: Unable to get file status: volume: volume58384 bucket: trashroottest2 key: .Trash/runner
	at org.apache.hadoop.ozone.om.KeyManagerImpl.getOzoneFileStatus(KeyManagerImpl.java:1311) ~[ozone-manager-1.3.0-SNAPSHOT.jar:?]
	at org.apache.hadoop.ozone.om.KeyManagerImpl.getFileStatus(KeyManagerImpl.java:1241) ~[ozone-manager-1.3.0-SNAPSHOT.jar:?]
	at org.apache.hadoop.ozone.om.OzoneManager.getFileStatus(OzoneManager.java:3419) ~[ozone-manager-1.3.0-SNAPSHOT.jar:?]
	at org.apache.hadoop.ozone.protocolPB.OzoneManagerRequestHandler.getOzoneFileStatus(OzoneManagerRequestHandler.java:871) ~[ozone-manager-1.3.0-SNAPSHOT.jar:?]
	at org.apache.hadoop.ozone.protocolPB.OzoneManagerRequestHandler.handleReadRequest(OzoneManagerRequestHandler.java:217) ~[ozone-manager-1.3.0-SNAPSHOT.jar:?]
	at org.apache.hadoop.ozone.protocolPB.OzoneManagerProtocolServerSideTranslatorPB.submitRequestDirectlyToOM(OzoneManagerProtocolServerSideTranslatorPB.java:276) ~[ozone-manager-1.3.0-SNAPSHOT.jar:?]
	at org.apache.hadoop.ozone.protocolPB.OzoneManagerProtocolServerSideTranslatorPB.processRequest(OzoneManagerProtocolServerSideTranslatorPB.java:205) ~[ozone-manager-1.3.0-SNAPSHOT.jar:?]
	at org.apache.hadoop.hdds.server.OzoneProtocolMessageDispatcher.processRequest(OzoneProtocolMessageDispatcher.java:87) [hdds-server-framework-1.3.0-SNAPSHOT.jar:?]
	at org.apache.hadoop.ozone.protocolPB.OzoneManagerProtocolServerSideTranslatorPB.submitRequest(OzoneManagerProtocolServerSideTranslatorPB.java:147) [ozone-manager-1.3.0-SNAPSHOT.jar:?]
	at org.apache.hadoop.ozone.protocol.proto.OzoneManagerProtocolProtos$OzoneManagerService$2.callBlockingMethod(OzoneManagerProtocolProtos.java) [ozone-interface-client-1.3.0-SNAPSHOT.jar:?]
	at org.apache.hadoop.ipc.ProtobufRpcEngine$Server.processCall(ProtobufRpcEngine.java:466) [hadoop-common-3.3.1.jar:?]
	at org.apache.hadoop.ipc.ProtobufRpcEngine2$Server$ProtoBufRpcInvoker.call(ProtobufRpcEngine2.java:574) [hadoop-common-3.3.1.jar:?]
	at org.apache.hadoop.ipc.ProtobufRpcEngine2$Server$ProtoBufRpcInvoker.call(ProtobufRpcEngine2.java:552) [hadoop-common-3.3.1.jar:?]
	at org.apache.hadoop.ipc.RPC$Server.call(RPC.java:1093) [hadoop-common-3.3.1.jar:?]
	at org.apache.hadoop.ipc.Server$RpcCall.run(Server.java:1035) [hadoop-common-3.3.1.jar:?]
	at org.apache.hadoop.ipc.Server$RpcCall.run(Server.java:963) [hadoop-common-3.3.1.jar:?]
	at java.security.AccessController.doPrivileged(Native Method) ~[?:1.8.0_332]
	at javax.security.auth.Subject.doAs(Subject.java:422) [?:1.8.0_332]
	at org.apache.hadoop.security.UserGroupInformation.doAs(UserGroupInformation.java:1878) [hadoop-common-3.3.1.jar:?]
	at org.apache.hadoop.ipc.Server$Handler.run(Server.java:2966) [hadoop-common-3.3.1.jar:?]
21:06:35.409 [IPC Server handler 8 on default port 37581] ERROR OMAudit - user=runner | ip=127.0.0.1 | op=GET_FILE_STATUS {volume=volume29195, bucket=bucket42560, key=.Trash/runner, dataSize=0, replicationConfig=null} | ret=FAILURE
org.apache.hadoop.ozone.om.exceptions.OMException: Unable to get file status: volume: volume29195 bucket: bucket42560 key: .Trash/runner
	at org.apache.hadoop.ozone.om.KeyManagerImpl.getOzoneFileStatus(KeyManagerImpl.java:1311) ~[ozone-manager-1.3.0-SNAPSHOT.jar:?]
	at org.apache.hadoop.ozone.om.KeyManagerImpl.getFileStatus(KeyManagerImpl.java:1241) ~[ozone-manager-1.3.0-SNAPSHOT.jar:?]
	at org.apache.hadoop.ozone.om.OzoneManager.getFileStatus(OzoneManager.java:3419) ~[ozone-manager-1.3.0-SNAPSHOT.jar:?]
	at org.apache.hadoop.ozone.protocolPB.OzoneManagerRequestHandler.getOzoneFileStatus(OzoneManagerRequestHandler.java:871) ~[ozone-manager-1.3.0-SNAPSHOT.jar:?]
	at org.apache.hadoop.ozone.protocolPB.OzoneManagerRequestHandler.handleReadRequest(OzoneManagerRequestHandler.java:217) ~[ozone-manager-1.3.0-SNAPSHOT.jar:?]
	at org.apache.hadoop.ozone.protocolPB.OzoneManagerProtocolServerSideTranslatorPB.submitRequestDirectlyToOM(OzoneManagerProtocolServerSideTranslatorPB.java:276) ~[ozone-manager-1.3.0-SNAPSHOT.jar:?]
	at org.apache.hadoop.ozone.protocolPB.OzoneManagerProtocolServerSideTranslatorPB.processRequest(OzoneManagerProtocolServerSideTranslatorPB.java:205) ~[ozone-manager-1.3.0-SNAPSHOT.jar:?]
	at org.apache.hadoop.hdds.server.OzoneProtocolMessageDispatcher.processRequest(OzoneProtocolMessageDispatcher.java:87) [hdds-server-framework-1.3.0-SNAPSHOT.jar:?]
	at org.apache.hadoop.ozone.protocolPB.OzoneManagerProtocolServerSideTranslatorPB.submitRequest(OzoneManagerProtocolServerSideTranslatorPB.java:147) [ozone-manager-1.3.0-SNAPSHOT.jar:?]
	at org.apache.hadoop.ozone.protocol.proto.OzoneManagerProtocolProtos$OzoneManagerService$2.callBlockingMethod(OzoneManagerProtocolProtos.java) [ozone-interface-client-1.3.0-SNAPSHOT.jar:?]
	at org.apache.hadoop.ipc.ProtobufRpcEngine$Server.processCall(ProtobufRpcEngine.java:466) [hadoop-common-3.3.1.jar:?]
	at org.apache.hadoop.ipc.ProtobufRpcEngine2$Server$ProtoBufRpcInvoker.call(ProtobufRpcEngine2.java:574) [hadoop-common-3.3.1.jar:?]
	at org.apache.hadoop.ipc.ProtobufRpcEngine2$Server$ProtoBufRpcInvoker.call(ProtobufRpcEngine2.java:552) [hadoop-common-3.3.1.jar:?]
	at org.apache.hadoop.ipc.RPC$Server.call(RPC.java:1093) [hadoop-common-3.3.1.jar:?]
	at org.apache.hadoop.ipc.Server$RpcCall.run(Server.java:1035) [hadoop-common-3.3.1.jar:?]
	at org.apache.hadoop.ipc.Server$RpcCall.run(Server.java:963) [hadoop-common-3.3.1.jar:?]
	at java.security.AccessController.doPrivileged(Native Method) ~[?:1.8.0_332]
	at javax.security.auth.Subject.doAs(Subject.java:422) [?:1.8.0_332]
	at org.apache.hadoop.security.UserGroupInformation.doAs(UserGroupInformation.java:1878) [hadoop-common-3.3.1.jar:?]
	at org.apache.hadoop.ipc.Server$Handler.run(Server.java:2966) [hadoop-common-3.3.1.jar:?]
21:06:35.412 [IPC Server handler 15 on default port 37581] ERROR OMAudit - user=runner | ip=127.0.0.1 | op=GET_FILE_STATUS {volume=7446faa4-1934-4ac5-bea6-0a36618ff738, bucket=4c9cb28d-bc18-40f0-bef1-ec01970c2e46, key=.Trash, dataSize=0, replicationConfig=null} | ret=FAILURE
org.apache.hadoop.ozone.om.exceptions.OMException: Unable to get file status: volume: 7446faa4-1934-4ac5-bea6-0a36618ff738 bucket: 4c9cb28d-bc18-40f0-bef1-ec01970c2e46 key: .Trash
	at org.apache.hadoop.ozone.om.KeyManagerImpl.getOzoneFileStatus(KeyManagerImpl.java:1311) ~[ozone-manager-1.3.0-SNAPSHOT.jar:?]
	at org.apache.hadoop.ozone.om.KeyManagerImpl.getFileStatus(KeyManagerImpl.java:1241) ~[ozone-manager-1.3.0-SNAPSHOT.jar:?]
	at org.apache.hadoop.ozone.om.OzoneManager.getFileStatus(OzoneManager.java:3419) ~[ozone-manager-1.3.0-SNAPSHOT.jar:?]
	at org.apache.hadoop.ozone.protocolPB.OzoneManagerRequestHandler.getOzoneFileStatus(OzoneManagerRequestHandler.java:871) ~[ozone-manager-1.3.0-SNAPSHOT.jar:?]
	at org.apache.hadoop.ozone.protocolPB.OzoneManagerRequestHandler.handleReadRequest(OzoneManagerRequestHandler.java:217) ~[ozone-manager-1.3.0-SNAPSHOT.jar:?]
	at org.apache.hadoop.ozone.protocolPB.OzoneManagerProtocolServerSideTranslatorPB.submitRequestDirectlyToOM(OzoneManagerProtocolServerSideTranslatorPB.java:276) ~[ozone-manager-1.3.0-SNAPSHOT.jar:?]
	at org.apache.hadoop.ozone.protocolPB.OzoneManagerProtocolServerSideTranslatorPB.processRequest(OzoneManagerProtocolServerSideTranslatorPB.java:205) ~[ozone-manager-1.3.0-SNAPSHOT.jar:?]
	at org.apache.hadoop.hdds.server.OzoneProtocolMessageDispatcher.processRequest(OzoneProtocolMessageDispatcher.java:87) [hdds-server-framework-1.3.0-SNAPSHOT.jar:?]
	at org.apache.hadoop.ozone.protocolPB.OzoneManagerProtocolServerSideTranslatorPB.submitRequest(OzoneManagerProtocolServerSideTranslatorPB.java:147) [ozone-manager-1.3.0-SNAPSHOT.jar:?]
	at org.apache.hadoop.ozone.protocol.proto.OzoneManagerProtocolProtos$OzoneManagerService$2.callBlockingMethod(OzoneManagerProtocolProtos.java) [ozone-interface-client-1.3.0-SNAPSHOT.jar:?]
	at org.apache.hadoop.ipc.ProtobufRpcEngine$Server.processCall(ProtobufRpcEngine.java:466) [hadoop-common-3.3.1.jar:?]
	at org.apache.hadoop.ipc.ProtobufRpcEngine2$Server$ProtoBufRpcInvoker.call(ProtobufRpcEngine2.java:574) [hadoop-common-3.3.1.jar:?]
	at org.apache.hadoop.ipc.ProtobufRpcEngine2$Server$ProtoBufRpcInvoker.call(ProtobufRpcEngine2.java:552) [hadoop-common-3.3.1.jar:?]
	at org.apache.hadoop.ipc.RPC$Server.call(RPC.java:1093) [hadoop-common-3.3.1.jar:?]
	at org.apache.hadoop.ipc.Server$RpcCall.run(Server.java:1035) [hadoop-common-3.3.1.jar:?]
	at org.apache.hadoop.ipc.Server$RpcCall.run(Server.java:963) [hadoop-common-3.3.1.jar:?]
	at java.security.AccessController.doPrivileged(Native Method) ~[?:1.8.0_332]
	at javax.security.auth.Subject.doAs(Subject.java:422) [?:1.8.0_332]
	at org.apache.hadoop.security.UserGroupInformation.doAs(UserGroupInformation.java:1878) [hadoop-common-3.3.1.jar:?]
	at org.apache.hadoop.ipc.Server$Handler.run(Server.java:2966) [hadoop-common-3.3.1.jar:?]
21:06:35.414 [IPC Server handler 2 on default port 37581] ERROR OMAudit - user=runner | ip=127.0.0.1 | op=GET_FILE_STATUS {volume=volume29195, bucket=bucket42560, key=.Trash, dataSize=0, replicationConfig=null} | ret=FAILURE
org.apache.hadoop.ozone.om.exceptions.OMException: Unable to get file status: volume: volume29195 bucket: bucket42560 key: .Trash
	at org.apache.hadoop.ozone.om.KeyManagerImpl.getOzoneFileStatus(KeyManagerImpl.java:1311) ~[ozone-manager-1.3.0-SNAPSHOT.jar:?]
	at org.apache.hadoop.ozone.om.KeyManagerImpl.getFileStatus(KeyManagerImpl.java:1241) ~[ozone-manager-1.3.0-SNAPSHOT.jar:?]
	at org.apache.hadoop.ozone.om.OzoneManager.getFileStatus(OzoneManager.java:3419) ~[ozone-manager-1.3.0-SNAPSHOT.jar:?]
	at org.apache.hadoop.ozone.protocolPB.OzoneManagerRequestHandler.getOzoneFileStatus(OzoneManagerRequestHandler.java:871) ~[ozone-manager-1.3.0-SNAPSHOT.jar:?]
	at org.apache.hadoop.ozone.protocolPB.OzoneManagerRequestHandler.handleReadRequest(OzoneManagerRequestHandler.java:217) ~[ozone-manager-1.3.0-SNAPSHOT.jar:?]
	at org.apache.hadoop.ozone.protocolPB.OzoneManagerProtocolServerSideTranslatorPB.submitRequestDirectlyToOM(OzoneManagerProtocolServerSideTranslatorPB.java:276) ~[ozone-manager-1.3.0-SNAPSHOT.jar:?]
	at org.apache.hadoop.ozone.protocolPB.OzoneManagerProtocolServerSideTranslatorPB.processRequest(OzoneManagerProtocolServerSideTranslatorPB.java:205) ~[ozone-manager-1.3.0-SNAPSHOT.jar:?]
	at org.apache.hadoop.hdds.server.OzoneProtocolMessageDispatcher.processRequest(OzoneProtocolMessageDispatcher.java:87) [hdds-server-framework-1.3.0-SNAPSHOT.jar:?]
	at org.apache.hadoop.ozone.protocolPB.OzoneManagerProtocolServerSideTranslatorPB.submitRequest(OzoneManagerProtocolServerSideTranslatorPB.java:147) [ozone-manager-1.3.0-SNAPSHOT.jar:?]
	at org.apache.hadoop.ozone.protocol.proto.OzoneManagerProtocolProtos$OzoneManagerService$2.callBlockingMethod(OzoneManagerProtocolProtos.java) [ozone-interface-client-1.3.0-SNAPSHOT.jar:?]
	at org.apache.hadoop.ipc.ProtobufRpcEngine$Server.processCall(ProtobufRpcEngine.java:466) [hadoop-common-3.3.1.jar:?]
	at org.apache.hadoop.ipc.ProtobufRpcEngine2$Server$ProtoBufRpcInvoker.call(ProtobufRpcEngine2.java:574) [hadoop-common-3.3.1.jar:?]
	at org.apache.hadoop.ipc.ProtobufRpcEngine2$Server$ProtoBufRpcInvoker.call(ProtobufRpcEngine2.java:552) [hadoop-common-3.3.1.jar:?]
	at org.apache.hadoop.ipc.RPC$Server.call(RPC.java:1093) [hadoop-common-3.3.1.jar:?]
	at org.apache.hadoop.ipc.Server$RpcCall.run(Server.java:1035) [hadoop-common-3.3.1.jar:?]
	at org.apache.hadoop.ipc.Server$RpcCall.run(Server.java:963) [hadoop-common-3.3.1.jar:?]
	at java.security.AccessController.doPrivileged(Native Method) ~[?:1.8.0_332]
	at javax.security.auth.Subject.doAs(Subject.java:422) [?:1.8.0_332]
	at org.apache.hadoop.security.UserGroupInformation.doAs(UserGroupInformation.java:1878) [hadoop-common-3.3.1.jar:?]
	at org.apache.hadoop.ipc.Server$Handler.run(Server.java:2966) [hadoop-common-3.3.1.jar:?]
21:06:35.418 [IPC Server handler 9 on default port 37581] ERROR OMAudit - user=runner | ip=127.0.0.1 | op=GET_FILE_STATUS {volume=volume58384, bucket=trashroottest2, key=.Trash, dataSize=0, replicationConfig=null} | ret=FAILURE
org.apache.hadoop.ozone.om.exceptions.OMException: Unable to get file status: volume: volume58384 bucket: trashroottest2 key: .Trash
	at org.apache.hadoop.ozone.om.KeyManagerImpl.getOzoneFileStatus(KeyManagerImpl.java:1311) ~[ozone-manager-1.3.0-SNAPSHOT.jar:?]
	at org.apache.hadoop.ozone.om.KeyManagerImpl.getFileStatus(KeyManagerImpl.java:1241) ~[ozone-manager-1.3.0-SNAPSHOT.jar:?]
	at org.apache.hadoop.ozone.om.OzoneManager.getFileStatus(OzoneManager.java:3419) ~[ozone-manager-1.3.0-SNAPSHOT.jar:?]
	at org.apache.hadoop.ozone.protocolPB.OzoneManagerRequestHandler.getOzoneFileStatus(OzoneManagerRequestHandler.java:871) ~[ozone-manager-1.3.0-SNAPSHOT.jar:?]
	at org.apache.hadoop.ozone.protocolPB.OzoneManagerRequestHandler.handleReadRequest(OzoneManagerRequestHandler.java:217) ~[ozone-manager-1.3.0-SNAPSHOT.jar:?]
	at org.apache.hadoop.ozone.protocolPB.OzoneManagerProtocolServerSideTranslatorPB.submitRequestDirectlyToOM(OzoneManagerProtocolServerSideTranslatorPB.java:276) ~[ozone-manager-1.3.0-SNAPSHOT.jar:?]
	at org.apache.hadoop.ozone.protocolPB.OzoneManagerProtocolServerSideTranslatorPB.processRequest(OzoneManagerProtocolServerSideTranslatorPB.java:205) ~[ozone-manager-1.3.0-SNAPSHOT.jar:?]
	at org.apache.hadoop.hdds.server.OzoneProtocolMessageDispatcher.processRequest(OzoneProtocolMessageDispatcher.java:87) [hdds-server-framework-1.3.0-SNAPSHOT.jar:?]
	at org.apache.hadoop.ozone.protocolPB.OzoneManagerProtocolServerSideTranslatorPB.submitRequest(OzoneManagerProtocolServerSideTranslatorPB.java:147) [ozone-manager-1.3.0-SNAPSHOT.jar:?]
	at org.apache.hadoop.ozone.protocol.proto.OzoneManagerProtocolProtos$OzoneManagerService$2.callBlockingMethod(OzoneManagerProtocolProtos.java) [ozone-interface-client-1.3.0-SNAPSHOT.jar:?]
	at org.apache.hadoop.ipc.ProtobufRpcEngine$Server.processCall(ProtobufRpcEngine.java:466) [hadoop-common-3.3.1.jar:?]
	at org.apache.hadoop.ipc.ProtobufRpcEngine2$Server$ProtoBufRpcInvoker.call(ProtobufRpcEngine2.java:574) [hadoop-common-3.3.1.jar:?]
	at org.apache.hadoop.ipc.ProtobufRpcEngine2$Server$ProtoBufRpcInvoker.call(ProtobufRpcEngine2.java:552) [hadoop-common-3.3.1.jar:?]
	at org.apache.hadoop.ipc.RPC$Server.call(RPC.java:1093) [hadoop-common-3.3.1.jar:?]
	at org.apache.hadoop.ipc.Server$RpcCall.run(Server.java:1035) [hadoop-common-3.3.1.jar:?]
	at org.apache.hadoop.ipc.Server$RpcCall.run(Server.java:963) [hadoop-common-3.3.1.jar:?]
	at java.security.AccessController.doPrivileged(Native Method) ~[?:1.8.0_332]
	at javax.security.auth.Subject.doAs(Subject.java:422) [?:1.8.0_332]
	at org.apache.hadoop.security.UserGroupInformation.doAs(UserGroupInformation.java:1878) [hadoop-common-3.3.1.jar:?]
	at org.apache.hadoop.ipc.Server$Handler.run(Server.java:2966) [hadoop-common-3.3.1.jar:?]
21:06:35.432 [IPC Server handler 18 on default port 37581] ERROR OMAudit - user=runner | ip=127.0.0.1 | op=GET_FILE_STATUS {volume=volume58384, bucket=bucket13543, key=.Trash/runner, dataSize=0, replicationConfig=null} | ret=FAILURE
org.apache.hadoop.ozone.om.exceptions.OMException: Unable to get file status: volume: volume58384 bucket: bucket13543 key: .Trash/runner
	at org.apache.hadoop.ozone.om.KeyManagerImpl.getOzoneFileStatus(KeyManagerImpl.java:1311) ~[ozone-manager-1.3.0-SNAPSHOT.jar:?]
	at org.apache.hadoop.ozone.om.KeyManagerImpl.getFileStatus(KeyManagerImpl.java:1241) ~[ozone-manager-1.3.0-SNAPSHOT.jar:?]
	at org.apache.hadoop.ozone.om.OzoneManager.getFileStatus(OzoneManager.java:3419) ~[ozone-manager-1.3.0-SNAPSHOT.jar:?]
	at org.apache.hadoop.ozone.protocolPB.OzoneManagerRequestHandler.getOzoneFileStatus(OzoneManagerRequestHandler.java:871) ~[ozone-manager-1.3.0-SNAPSHOT.jar:?]
	at org.apache.hadoop.ozone.protocolPB.OzoneManagerRequestHandler.handleReadRequest(OzoneManagerRequestHandler.java:217) ~[ozone-manager-1.3.0-SNAPSHOT.jar:?]
	at org.apache.hadoop.ozone.protocolPB.OzoneManagerProtocolServerSideTranslatorPB.submitRequestDirectlyToOM(OzoneManagerProtocolServerSideTranslatorPB.java:276) ~[ozone-manager-1.3.0-SNAPSHOT.jar:?]
	at org.apache.hadoop.ozone.protocolPB.OzoneManagerProtocolServerSideTranslatorPB.processRequest(OzoneManagerProtocolServerSideTranslatorPB.java:205) ~[ozone-manager-1.3.0-SNAPSHOT.jar:?]
	at org.apache.hadoop.hdds.server.OzoneProtocolMessageDispatcher.processRequest(OzoneProtocolMessageDispatcher.java:87) [hdds-server-framework-1.3.0-SNAPSHOT.jar:?]
	at org.apache.hadoop.ozone.protocolPB.OzoneManagerProtocolServerSideTranslatorPB.submitRequest(OzoneManagerProtocolServerSideTranslatorPB.java:147) [ozone-manager-1.3.0-SNAPSHOT.jar:?]
	at org.apache.hadoop.ozone.protocol.proto.OzoneManagerProtocolProtos$OzoneManagerService$2.callBlockingMethod(OzoneManagerProtocolProtos.java) [ozone-interface-client-1.3.0-SNAPSHOT.jar:?]
	at org.apache.hadoop.ipc.ProtobufRpcEngine$Server.processCall(ProtobufRpcEngine.java:466) [hadoop-common-3.3.1.jar:?]
	at org.apache.hadoop.ipc.ProtobufRpcEngine2$Server$ProtoBufRpcInvoker.call(ProtobufRpcEngine2.java:574) [hadoop-common-3.3.1.jar:?]
	at org.apache.hadoop.ipc.ProtobufRpcEngine2$Server$ProtoBufRpcInvoker.call(ProtobufRpcEngine2.java:552) [hadoop-common-3.3.1.jar:?]
	at org.apache.hadoop.ipc.RPC$Server.call(RPC.java:1093) [hadoop-common-3.3.1.jar:?]
	at org.apache.hadoop.ipc.Server$RpcCall.run(Server.java:1035) [hadoop-common-3.3.1.jar:?]
	at org.apache.hadoop.ipc.Server$RpcCall.run(Server.java:963) [hadoop-common-3.3.1.jar:?]
	at java.security.AccessController.doPrivileged(Native Method) ~[?:1.8.0_332]
	at javax.security.auth.Subject.doAs(Subject.java:422) [?:1.8.0_332]
	at org.apache.hadoop.security.UserGroupInformation.doAs(UserGroupInformation.java:1878) [hadoop-common-3.3.1.jar:?]
	at org.apache.hadoop.ipc.Server$Handler.run(Server.java:2966) [hadoop-common-3.3.1.jar:?]
21:06:35.435 [IPC Server handler 3 on default port 37581] ERROR OMAudit - user=runner | ip=127.0.0.1 | op=GET_FILE_STATUS {volume=7446faa4-1934-4ac5-bea6-0a36618ff738, bucket=4c9cb28d-bc18-40f0-bef1-ec01970c2e46, key=.Trash, dataSize=0, replicationConfig=null} | ret=FAILURE
org.apache.hadoop.ozone.om.exceptions.OMException: Unable to get file status: volume: 7446faa4-1934-4ac5-bea6-0a36618ff738 bucket: 4c9cb28d-bc18-40f0-bef1-ec01970c2e46 key: .Trash
	at org.apache.hadoop.ozone.om.KeyManagerImpl.getOzoneFileStatus(KeyManagerImpl.java:1311) ~[ozone-manager-1.3.0-SNAPSHOT.jar:?]
	at org.apache.hadoop.ozone.om.KeyManagerImpl.getFileStatus(KeyManagerImpl.java:1241) ~[ozone-manager-1.3.0-SNAPSHOT.jar:?]
	at org.apache.hadoop.ozone.om.OzoneManager.getFileStatus(OzoneManager.java:3419) ~[ozone-manager-1.3.0-SNAPSHOT.jar:?]
	at org.apache.hadoop.ozone.protocolPB.OzoneManagerRequestHandler.getOzoneFileStatus(OzoneManagerRequestHandler.java:871) ~[ozone-manager-1.3.0-SNAPSHOT.jar:?]
	at org.apache.hadoop.ozone.protocolPB.OzoneManagerRequestHandler.handleReadRequest(OzoneManagerRequestHandler.java:217) ~[ozone-manager-1.3.0-SNAPSHOT.jar:?]
	at org.apache.hadoop.ozone.protocolPB.OzoneManagerProtocolServerSideTranslatorPB.submitRequestDirectlyToOM(OzoneManagerProtocolServerSideTranslatorPB.java:276) ~[ozone-manager-1.3.0-SNAPSHOT.jar:?]
	at org.apache.hadoop.ozone.protocolPB.OzoneManagerProtocolServerSideTranslatorPB.processRequest(OzoneManagerProtocolServerSideTranslatorPB.java:205) ~[ozone-manager-1.3.0-SNAPSHOT.jar:?]
	at org.apache.hadoop.hdds.server.OzoneProtocolMessageDispatcher.processRequest(OzoneProtocolMessageDispatcher.java:87) [hdds-server-framework-1.3.0-SNAPSHOT.jar:?]
	at org.apache.hadoop.ozone.protocolPB.OzoneManagerProtocolServerSideTranslatorPB.submitRequest(OzoneManagerProtocolServerSideTranslatorPB.java:147) [ozone-manager-1.3.0-SNAPSHOT.jar:?]
	at org.apache.hadoop.ozone.protocol.proto.OzoneManagerProtocolProtos$OzoneManagerService$2.callBlockingMethod(OzoneManagerProtocolProtos.java) [ozone-interface-client-1.3.0-SNAPSHOT.jar:?]
	at org.apache.hadoop.ipc.ProtobufRpcEngine$Server.processCall(ProtobufRpcEngine.java:466) [hadoop-common-3.3.1.jar:?]
	at org.apache.hadoop.ipc.ProtobufRpcEngine2$Server$ProtoBufRpcInvoker.call(ProtobufRpcEngine2.java:574) [hadoop-common-3.3.1.jar:?]
	at org.apache.hadoop.ipc.ProtobufRpcEngine2$Server$ProtoBufRpcInvoker.call(ProtobufRpcEngine2.java:552) [hadoop-common-3.3.1.jar:?]
	at org.apache.hadoop.ipc.RPC$Server.call(RPC.java:1093) [hadoop-common-3.3.1.jar:?]
	at org.apache.hadoop.ipc.Server$RpcCall.run(Server.java:1035) [hadoop-common-3.3.1.jar:?]
	at org.apache.hadoop.ipc.Server$RpcCall.run(Server.java:963) [hadoop-common-3.3.1.jar:?]
	at java.security.AccessController.doPrivileged(Native Method) ~[?:1.8.0_332]
	at javax.security.auth.Subject.doAs(Subject.java:422) [?:1.8.0_332]
	at org.apache.hadoop.security.UserGroupInformation.doAs(UserGroupInformation.java:1878) [hadoop-common-3.3.1.jar:?]
	at org.apache.hadoop.ipc.Server$Handler.run(Server.java:2966) [hadoop-common-3.3.1.jar:?]
]]></system-out>
  </testcase>
  <testcase name="testGetTrashRoots" classname="TestRootedOzoneFileSystem" time="1.071">
    <system-out><![CDATA[2022-07-12 21:07:56,369 [Time-limited test] INFO  rpc.RpcClient (RpcClient.java:createVolume(466)) - Creating Volume: volume71311, with user75041 as owner and space quota set to -1 bytes, counts quota set to -1
2022-07-12 21:07:56,380 [OM StateMachine ApplyTransaction Thread - 0] INFO  volume.OMVolumeCreateRequest (OMVolumeCreateRequest.java:validateAndUpdateCache(195)) - created volume:volume71311 for user:user75041
2022-07-12 21:07:56,381 [Time-limited test] INFO  rpc.RpcClient (RpcClient.java:createBucket(669)) - Creating Bucket: volume71311/bucket75989, with bucket layout LEGACY, runner as owner, Versioning false, Storage Type set to DISK and Encryption set to false 
2022-07-12 21:07:56,382 [OM StateMachine ApplyTransaction Thread - 0] INFO  bucket.OMBucketCreateRequest (OMBucketCreateRequest.java:validateAndUpdateCache(260)) - created bucket: bucket75989 of layout LEGACY in volume: volume71311
21:07:56.404 [IPC Server handler 7 on default port 33595] ERROR OMAudit - user=runner | ip=127.0.0.1 | op=GET_FILE_STATUS {volume=volume71311, bucket=bucket75989, key=.Trash/runner, dataSize=0, replicationConfig=null} | ret=FAILURE
org.apache.hadoop.ozone.om.exceptions.OMException: Unable to get file status: volume: volume71311 bucket: bucket75989 key: .Trash/runner
	at org.apache.hadoop.ozone.om.KeyManagerImpl.getOzoneFileStatus(KeyManagerImpl.java:1311) ~[ozone-manager-1.3.0-SNAPSHOT.jar:?]
	at org.apache.hadoop.ozone.om.KeyManagerImpl.getFileStatus(KeyManagerImpl.java:1241) ~[ozone-manager-1.3.0-SNAPSHOT.jar:?]
	at org.apache.hadoop.ozone.om.OzoneManager.getFileStatus(OzoneManager.java:3419) ~[ozone-manager-1.3.0-SNAPSHOT.jar:?]
	at org.apache.hadoop.ozone.protocolPB.OzoneManagerRequestHandler.getOzoneFileStatus(OzoneManagerRequestHandler.java:871) ~[ozone-manager-1.3.0-SNAPSHOT.jar:?]
	at org.apache.hadoop.ozone.protocolPB.OzoneManagerRequestHandler.handleReadRequest(OzoneManagerRequestHandler.java:217) ~[ozone-manager-1.3.0-SNAPSHOT.jar:?]
	at org.apache.hadoop.ozone.protocolPB.OzoneManagerProtocolServerSideTranslatorPB.submitReadRequestToOM(OzoneManagerProtocolServerSideTranslatorPB.java:226) ~[ozone-manager-1.3.0-SNAPSHOT.jar:?]
	at org.apache.hadoop.ozone.protocolPB.OzoneManagerProtocolServerSideTranslatorPB.processRequest(OzoneManagerProtocolServerSideTranslatorPB.java:175) ~[ozone-manager-1.3.0-SNAPSHOT.jar:?]
	at org.apache.hadoop.hdds.server.OzoneProtocolMessageDispatcher.processRequest(OzoneProtocolMessageDispatcher.java:87) [hdds-server-framework-1.3.0-SNAPSHOT.jar:?]
	at org.apache.hadoop.ozone.protocolPB.OzoneManagerProtocolServerSideTranslatorPB.submitRequest(OzoneManagerProtocolServerSideTranslatorPB.java:147) [ozone-manager-1.3.0-SNAPSHOT.jar:?]
	at org.apache.hadoop.ozone.protocol.proto.OzoneManagerProtocolProtos$OzoneManagerService$2.callBlockingMethod(OzoneManagerProtocolProtos.java) [ozone-interface-client-1.3.0-SNAPSHOT.jar:?]
	at org.apache.hadoop.ipc.ProtobufRpcEngine$Server.processCall(ProtobufRpcEngine.java:466) [hadoop-common-3.3.1.jar:?]
	at org.apache.hadoop.ipc.ProtobufRpcEngine2$Server$ProtoBufRpcInvoker.call(ProtobufRpcEngine2.java:574) [hadoop-common-3.3.1.jar:?]
	at org.apache.hadoop.ipc.ProtobufRpcEngine2$Server$ProtoBufRpcInvoker.call(ProtobufRpcEngine2.java:552) [hadoop-common-3.3.1.jar:?]
	at org.apache.hadoop.ipc.RPC$Server.call(RPC.java:1093) [hadoop-common-3.3.1.jar:?]
	at org.apache.hadoop.ipc.Server$RpcCall.run(Server.java:1035) [hadoop-common-3.3.1.jar:?]
	at org.apache.hadoop.ipc.Server$RpcCall.run(Server.java:963) [hadoop-common-3.3.1.jar:?]
	at java.security.AccessController.doPrivileged(Native Method) ~[?:1.8.0_332]
	at javax.security.auth.Subject.doAs(Subject.java:422) [?:1.8.0_332]
	at org.apache.hadoop.security.UserGroupInformation.doAs(UserGroupInformation.java:1878) [hadoop-common-3.3.1.jar:?]
	at org.apache.hadoop.ipc.Server$Handler.run(Server.java:2966) [hadoop-common-3.3.1.jar:?]
21:07:56.406 [IPC Server handler 10 on default port 33595] ERROR OMAudit - user=runner | ip=127.0.0.1 | op=GET_FILE_STATUS {volume=719f005b-7ce7-4497-a3c4-5a0502a87ab3, bucket=c4f6f902-b53b-49e0-ad8b-4a2eba0e140d, key=.Trash, dataSize=0, replicationConfig=null} | ret=FAILURE
org.apache.hadoop.ozone.om.exceptions.OMException: Unable to get file status: volume: 719f005b-7ce7-4497-a3c4-5a0502a87ab3 bucket: c4f6f902-b53b-49e0-ad8b-4a2eba0e140d key: .Trash
	at org.apache.hadoop.ozone.om.KeyManagerImpl.getOzoneFileStatus(KeyManagerImpl.java:1311) ~[ozone-manager-1.3.0-SNAPSHOT.jar:?]
	at org.apache.hadoop.ozone.om.KeyManagerImpl.getFileStatus(KeyManagerImpl.java:1241) ~[ozone-manager-1.3.0-SNAPSHOT.jar:?]
	at org.apache.hadoop.ozone.om.OzoneManager.getFileStatus(OzoneManager.java:3419) ~[ozone-manager-1.3.0-SNAPSHOT.jar:?]
	at org.apache.hadoop.ozone.protocolPB.OzoneManagerRequestHandler.getOzoneFileStatus(OzoneManagerRequestHandler.java:871) ~[ozone-manager-1.3.0-SNAPSHOT.jar:?]
	at org.apache.hadoop.ozone.protocolPB.OzoneManagerRequestHandler.handleReadRequest(OzoneManagerRequestHandler.java:217) ~[ozone-manager-1.3.0-SNAPSHOT.jar:?]
	at org.apache.hadoop.ozone.protocolPB.OzoneManagerProtocolServerSideTranslatorPB.submitReadRequestToOM(OzoneManagerProtocolServerSideTranslatorPB.java:226) ~[ozone-manager-1.3.0-SNAPSHOT.jar:?]
	at org.apache.hadoop.ozone.protocolPB.OzoneManagerProtocolServerSideTranslatorPB.processRequest(OzoneManagerProtocolServerSideTranslatorPB.java:175) ~[ozone-manager-1.3.0-SNAPSHOT.jar:?]
	at org.apache.hadoop.hdds.server.OzoneProtocolMessageDispatcher.processRequest(OzoneProtocolMessageDispatcher.java:87) [hdds-server-framework-1.3.0-SNAPSHOT.jar:?]
	at org.apache.hadoop.ozone.protocolPB.OzoneManagerProtocolServerSideTranslatorPB.submitRequest(OzoneManagerProtocolServerSideTranslatorPB.java:147) [ozone-manager-1.3.0-SNAPSHOT.jar:?]
	at org.apache.hadoop.ozone.protocol.proto.OzoneManagerProtocolProtos$OzoneManagerService$2.callBlockingMethod(OzoneManagerProtocolProtos.java) [ozone-interface-client-1.3.0-SNAPSHOT.jar:?]
	at org.apache.hadoop.ipc.ProtobufRpcEngine$Server.processCall(ProtobufRpcEngine.java:466) [hadoop-common-3.3.1.jar:?]
	at org.apache.hadoop.ipc.ProtobufRpcEngine2$Server$ProtoBufRpcInvoker.call(ProtobufRpcEngine2.java:574) [hadoop-common-3.3.1.jar:?]
	at org.apache.hadoop.ipc.ProtobufRpcEngine2$Server$ProtoBufRpcInvoker.call(ProtobufRpcEngine2.java:552) [hadoop-common-3.3.1.jar:?]
	at org.apache.hadoop.ipc.RPC$Server.call(RPC.java:1093) [hadoop-common-3.3.1.jar:?]
	at org.apache.hadoop.ipc.Server$RpcCall.run(Server.java:1035) [hadoop-common-3.3.1.jar:?]
	at org.apache.hadoop.ipc.Server$RpcCall.run(Server.java:963) [hadoop-common-3.3.1.jar:?]
	at java.security.AccessController.doPrivileged(Native Method) ~[?:1.8.0_332]
	at javax.security.auth.Subject.doAs(Subject.java:422) [?:1.8.0_332]
	at org.apache.hadoop.security.UserGroupInformation.doAs(UserGroupInformation.java:1878) [hadoop-common-3.3.1.jar:?]
	at org.apache.hadoop.ipc.Server$Handler.run(Server.java:2966) [hadoop-common-3.3.1.jar:?]
21:07:56.410 [IPC Server handler 6 on default port 33595] ERROR OMAudit - user=runner | ip=127.0.0.1 | op=GET_FILE_STATUS {volume=volume71311, bucket=bucket75989, key=.Trash, dataSize=0, replicationConfig=null} | ret=FAILURE
org.apache.hadoop.ozone.om.exceptions.OMException: Unable to get file status: volume: volume71311 bucket: bucket75989 key: .Trash
	at org.apache.hadoop.ozone.om.KeyManagerImpl.getOzoneFileStatus(KeyManagerImpl.java:1311) ~[ozone-manager-1.3.0-SNAPSHOT.jar:?]
	at org.apache.hadoop.ozone.om.KeyManagerImpl.getFileStatus(KeyManagerImpl.java:1241) ~[ozone-manager-1.3.0-SNAPSHOT.jar:?]
	at org.apache.hadoop.ozone.om.OzoneManager.getFileStatus(OzoneManager.java:3419) ~[ozone-manager-1.3.0-SNAPSHOT.jar:?]
	at org.apache.hadoop.ozone.protocolPB.OzoneManagerRequestHandler.getOzoneFileStatus(OzoneManagerRequestHandler.java:871) ~[ozone-manager-1.3.0-SNAPSHOT.jar:?]
	at org.apache.hadoop.ozone.protocolPB.OzoneManagerRequestHandler.handleReadRequest(OzoneManagerRequestHandler.java:217) ~[ozone-manager-1.3.0-SNAPSHOT.jar:?]
	at org.apache.hadoop.ozone.protocolPB.OzoneManagerProtocolServerSideTranslatorPB.submitReadRequestToOM(OzoneManagerProtocolServerSideTranslatorPB.java:226) ~[ozone-manager-1.3.0-SNAPSHOT.jar:?]
	at org.apache.hadoop.ozone.protocolPB.OzoneManagerProtocolServerSideTranslatorPB.processRequest(OzoneManagerProtocolServerSideTranslatorPB.java:175) ~[ozone-manager-1.3.0-SNAPSHOT.jar:?]
	at org.apache.hadoop.hdds.server.OzoneProtocolMessageDispatcher.processRequest(OzoneProtocolMessageDispatcher.java:87) [hdds-server-framework-1.3.0-SNAPSHOT.jar:?]
	at org.apache.hadoop.ozone.protocolPB.OzoneManagerProtocolServerSideTranslatorPB.submitRequest(OzoneManagerProtocolServerSideTranslatorPB.java:147) [ozone-manager-1.3.0-SNAPSHOT.jar:?]
	at org.apache.hadoop.ozone.protocol.proto.OzoneManagerProtocolProtos$OzoneManagerService$2.callBlockingMethod(OzoneManagerProtocolProtos.java) [ozone-interface-client-1.3.0-SNAPSHOT.jar:?]
	at org.apache.hadoop.ipc.ProtobufRpcEngine$Server.processCall(ProtobufRpcEngine.java:466) [hadoop-common-3.3.1.jar:?]
	at org.apache.hadoop.ipc.ProtobufRpcEngine2$Server$ProtoBufRpcInvoker.call(ProtobufRpcEngine2.java:574) [hadoop-common-3.3.1.jar:?]
	at org.apache.hadoop.ipc.ProtobufRpcEngine2$Server$ProtoBufRpcInvoker.call(ProtobufRpcEngine2.java:552) [hadoop-common-3.3.1.jar:?]
	at org.apache.hadoop.ipc.RPC$Server.call(RPC.java:1093) [hadoop-common-3.3.1.jar:?]
	at org.apache.hadoop.ipc.Server$RpcCall.run(Server.java:1035) [hadoop-common-3.3.1.jar:?]
	at org.apache.hadoop.ipc.Server$RpcCall.run(Server.java:963) [hadoop-common-3.3.1.jar:?]
	at java.security.AccessController.doPrivileged(Native Method) ~[?:1.8.0_332]
	at javax.security.auth.Subject.doAs(Subject.java:422) [?:1.8.0_332]
	at org.apache.hadoop.security.UserGroupInformation.doAs(UserGroupInformation.java:1878) [hadoop-common-3.3.1.jar:?]
	at org.apache.hadoop.ipc.Server$Handler.run(Server.java:2966) [hadoop-common-3.3.1.jar:?]
21:07:56.421 [IPC Server handler 17 on default port 33595] ERROR OMAudit - user=runner | ip=127.0.0.1 | op=GET_FILE_STATUS {volume=719f005b-7ce7-4497-a3c4-5a0502a87ab3, bucket=c4f6f902-b53b-49e0-ad8b-4a2eba0e140d, key=.Trash, dataSize=0, replicationConfig=null} | ret=FAILURE
org.apache.hadoop.ozone.om.exceptions.OMException: Unable to get file status: volume: 719f005b-7ce7-4497-a3c4-5a0502a87ab3 bucket: c4f6f902-b53b-49e0-ad8b-4a2eba0e140d key: .Trash
	at org.apache.hadoop.ozone.om.KeyManagerImpl.getOzoneFileStatus(KeyManagerImpl.java:1311) ~[ozone-manager-1.3.0-SNAPSHOT.jar:?]
	at org.apache.hadoop.ozone.om.KeyManagerImpl.getFileStatus(KeyManagerImpl.java:1241) ~[ozone-manager-1.3.0-SNAPSHOT.jar:?]
	at org.apache.hadoop.ozone.om.OzoneManager.getFileStatus(OzoneManager.java:3419) ~[ozone-manager-1.3.0-SNAPSHOT.jar:?]
	at org.apache.hadoop.ozone.protocolPB.OzoneManagerRequestHandler.getOzoneFileStatus(OzoneManagerRequestHandler.java:871) ~[ozone-manager-1.3.0-SNAPSHOT.jar:?]
	at org.apache.hadoop.ozone.protocolPB.OzoneManagerRequestHandler.handleReadRequest(OzoneManagerRequestHandler.java:217) ~[ozone-manager-1.3.0-SNAPSHOT.jar:?]
	at org.apache.hadoop.ozone.protocolPB.OzoneManagerProtocolServerSideTranslatorPB.submitReadRequestToOM(OzoneManagerProtocolServerSideTranslatorPB.java:226) ~[ozone-manager-1.3.0-SNAPSHOT.jar:?]
	at org.apache.hadoop.ozone.protocolPB.OzoneManagerProtocolServerSideTranslatorPB.processRequest(OzoneManagerProtocolServerSideTranslatorPB.java:175) ~[ozone-manager-1.3.0-SNAPSHOT.jar:?]
	at org.apache.hadoop.hdds.server.OzoneProtocolMessageDispatcher.processRequest(OzoneProtocolMessageDispatcher.java:87) [hdds-server-framework-1.3.0-SNAPSHOT.jar:?]
	at org.apache.hadoop.ozone.protocolPB.OzoneManagerProtocolServerSideTranslatorPB.submitRequest(OzoneManagerProtocolServerSideTranslatorPB.java:147) [ozone-manager-1.3.0-SNAPSHOT.jar:?]
	at org.apache.hadoop.ozone.protocol.proto.OzoneManagerProtocolProtos$OzoneManagerService$2.callBlockingMethod(OzoneManagerProtocolProtos.java) [ozone-interface-client-1.3.0-SNAPSHOT.jar:?]
	at org.apache.hadoop.ipc.ProtobufRpcEngine$Server.processCall(ProtobufRpcEngine.java:466) [hadoop-common-3.3.1.jar:?]
	at org.apache.hadoop.ipc.ProtobufRpcEngine2$Server$ProtoBufRpcInvoker.call(ProtobufRpcEngine2.java:574) [hadoop-common-3.3.1.jar:?]
	at org.apache.hadoop.ipc.ProtobufRpcEngine2$Server$ProtoBufRpcInvoker.call(ProtobufRpcEngine2.java:552) [hadoop-common-3.3.1.jar:?]
	at org.apache.hadoop.ipc.RPC$Server.call(RPC.java:1093) [hadoop-common-3.3.1.jar:?]
	at org.apache.hadoop.ipc.Server$RpcCall.run(Server.java:1035) [hadoop-common-3.3.1.jar:?]
	at org.apache.hadoop.ipc.Server$RpcCall.run(Server.java:963) [hadoop-common-3.3.1.jar:?]
	at java.security.AccessController.doPrivileged(Native Method) ~[?:1.8.0_332]
	at javax.security.auth.Subject.doAs(Subject.java:422) [?:1.8.0_332]
	at org.apache.hadoop.security.UserGroupInformation.doAs(UserGroupInformation.java:1878) [hadoop-common-3.3.1.jar:?]
	at org.apache.hadoop.ipc.Server$Handler.run(Server.java:2966) [hadoop-common-3.3.1.jar:?]
21:07:56.435 [IPC Server handler 5 on default port 33595] ERROR OMAudit - user=runner | ip=127.0.0.1 | op=GET_FILE_STATUS {volume=719f005b-7ce7-4497-a3c4-5a0502a87ab3, bucket=c4f6f902-b53b-49e0-ad8b-4a2eba0e140d, key=.Trash, dataSize=0, replicationConfig=null} | ret=FAILURE
org.apache.hadoop.ozone.om.exceptions.OMException: Unable to get file status: volume: 719f005b-7ce7-4497-a3c4-5a0502a87ab3 bucket: c4f6f902-b53b-49e0-ad8b-4a2eba0e140d key: .Trash
	at org.apache.hadoop.ozone.om.KeyManagerImpl.getOzoneFileStatus(KeyManagerImpl.java:1311) ~[ozone-manager-1.3.0-SNAPSHOT.jar:?]
	at org.apache.hadoop.ozone.om.KeyManagerImpl.getFileStatus(KeyManagerImpl.java:1241) ~[ozone-manager-1.3.0-SNAPSHOT.jar:?]
	at org.apache.hadoop.ozone.om.OzoneManager.getFileStatus(OzoneManager.java:3419) ~[ozone-manager-1.3.0-SNAPSHOT.jar:?]
	at org.apache.hadoop.ozone.protocolPB.OzoneManagerRequestHandler.getOzoneFileStatus(OzoneManagerRequestHandler.java:871) ~[ozone-manager-1.3.0-SNAPSHOT.jar:?]
	at org.apache.hadoop.ozone.protocolPB.OzoneManagerRequestHandler.handleReadRequest(OzoneManagerRequestHandler.java:217) ~[ozone-manager-1.3.0-SNAPSHOT.jar:?]
	at org.apache.hadoop.ozone.protocolPB.OzoneManagerProtocolServerSideTranslatorPB.submitReadRequestToOM(OzoneManagerProtocolServerSideTranslatorPB.java:226) ~[ozone-manager-1.3.0-SNAPSHOT.jar:?]
	at org.apache.hadoop.ozone.protocolPB.OzoneManagerProtocolServerSideTranslatorPB.processRequest(OzoneManagerProtocolServerSideTranslatorPB.java:175) ~[ozone-manager-1.3.0-SNAPSHOT.jar:?]
	at org.apache.hadoop.hdds.server.OzoneProtocolMessageDispatcher.processRequest(OzoneProtocolMessageDispatcher.java:87) [hdds-server-framework-1.3.0-SNAPSHOT.jar:?]
	at org.apache.hadoop.ozone.protocolPB.OzoneManagerProtocolServerSideTranslatorPB.submitRequest(OzoneManagerProtocolServerSideTranslatorPB.java:147) [ozone-manager-1.3.0-SNAPSHOT.jar:?]
	at org.apache.hadoop.ozone.protocol.proto.OzoneManagerProtocolProtos$OzoneManagerService$2.callBlockingMethod(OzoneManagerProtocolProtos.java) [ozone-interface-client-1.3.0-SNAPSHOT.jar:?]
	at org.apache.hadoop.ipc.ProtobufRpcEngine$Server.processCall(ProtobufRpcEngine.java:466) [hadoop-common-3.3.1.jar:?]
	at org.apache.hadoop.ipc.ProtobufRpcEngine2$Server$ProtoBufRpcInvoker.call(ProtobufRpcEngine2.java:574) [hadoop-common-3.3.1.jar:?]
	at org.apache.hadoop.ipc.ProtobufRpcEngine2$Server$ProtoBufRpcInvoker.call(ProtobufRpcEngine2.java:552) [hadoop-common-3.3.1.jar:?]
	at org.apache.hadoop.ipc.RPC$Server.call(RPC.java:1093) [hadoop-common-3.3.1.jar:?]
	at org.apache.hadoop.ipc.Server$RpcCall.run(Server.java:1035) [hadoop-common-3.3.1.jar:?]
	at org.apache.hadoop.ipc.Server$RpcCall.run(Server.java:963) [hadoop-common-3.3.1.jar:?]
	at java.security.AccessController.doPrivileged(Native Method) ~[?:1.8.0_332]
	at javax.security.auth.Subject.doAs(Subject.java:422) [?:1.8.0_332]
	at org.apache.hadoop.security.UserGroupInformation.doAs(UserGroupInformation.java:1878) [hadoop-common-3.3.1.jar:?]
	at org.apache.hadoop.ipc.Server$Handler.run(Server.java:2966) [hadoop-common-3.3.1.jar:?]
2022-07-12 21:07:56,467 [Time-limited test] INFO  rpc.RpcClient (RpcClient.java:createBucket(669)) - Creating Bucket: volume71311/trashroottest2, with bucket layout LEGACY, runner as owner, Versioning false, Storage Type set to DISK and Encryption set to false 
2022-07-12 21:07:56,504 [OM StateMachine ApplyTransaction Thread - 0] INFO  bucket.OMBucketCreateRequest (OMBucketCreateRequest.java:validateAndUpdateCache(260)) - created bucket: trashroottest2 of layout LEGACY in volume: volume71311
21:07:56.701 [IPC Server handler 8 on default port 33595] ERROR OMAudit - user=runner | ip=127.0.0.1 | op=GET_FILE_STATUS {volume=719f005b-7ce7-4497-a3c4-5a0502a87ab3, bucket=c4f6f902-b53b-49e0-ad8b-4a2eba0e140d, key=.Trash, dataSize=0, replicationConfig=null} | ret=FAILURE
org.apache.hadoop.ozone.om.exceptions.OMException: Unable to get file status: volume: 719f005b-7ce7-4497-a3c4-5a0502a87ab3 bucket: c4f6f902-b53b-49e0-ad8b-4a2eba0e140d key: .Trash
	at org.apache.hadoop.ozone.om.KeyManagerImpl.getOzoneFileStatus(KeyManagerImpl.java:1311) ~[ozone-manager-1.3.0-SNAPSHOT.jar:?]
	at org.apache.hadoop.ozone.om.KeyManagerImpl.getFileStatus(KeyManagerImpl.java:1241) ~[ozone-manager-1.3.0-SNAPSHOT.jar:?]
	at org.apache.hadoop.ozone.om.OzoneManager.getFileStatus(OzoneManager.java:3419) ~[ozone-manager-1.3.0-SNAPSHOT.jar:?]
	at org.apache.hadoop.ozone.protocolPB.OzoneManagerRequestHandler.getOzoneFileStatus(OzoneManagerRequestHandler.java:871) ~[ozone-manager-1.3.0-SNAPSHOT.jar:?]
	at org.apache.hadoop.ozone.protocolPB.OzoneManagerRequestHandler.handleReadRequest(OzoneManagerRequestHandler.java:217) ~[ozone-manager-1.3.0-SNAPSHOT.jar:?]
	at org.apache.hadoop.ozone.protocolPB.OzoneManagerProtocolServerSideTranslatorPB.submitReadRequestToOM(OzoneManagerProtocolServerSideTranslatorPB.java:226) ~[ozone-manager-1.3.0-SNAPSHOT.jar:?]
	at org.apache.hadoop.ozone.protocolPB.OzoneManagerProtocolServerSideTranslatorPB.processRequest(OzoneManagerProtocolServerSideTranslatorPB.java:175) ~[ozone-manager-1.3.0-SNAPSHOT.jar:?]
	at org.apache.hadoop.hdds.server.OzoneProtocolMessageDispatcher.processRequest(OzoneProtocolMessageDispatcher.java:87) [hdds-server-framework-1.3.0-SNAPSHOT.jar:?]
	at org.apache.hadoop.ozone.protocolPB.OzoneManagerProtocolServerSideTranslatorPB.submitRequest(OzoneManagerProtocolServerSideTranslatorPB.java:147) [ozone-manager-1.3.0-SNAPSHOT.jar:?]
	at org.apache.hadoop.ozone.protocol.proto.OzoneManagerProtocolProtos$OzoneManagerService$2.callBlockingMethod(OzoneManagerProtocolProtos.java) [ozone-interface-client-1.3.0-SNAPSHOT.jar:?]
	at org.apache.hadoop.ipc.ProtobufRpcEngine$Server.processCall(ProtobufRpcEngine.java:466) [hadoop-common-3.3.1.jar:?]
	at org.apache.hadoop.ipc.ProtobufRpcEngine2$Server$ProtoBufRpcInvoker.call(ProtobufRpcEngine2.java:574) [hadoop-common-3.3.1.jar:?]
	at org.apache.hadoop.ipc.ProtobufRpcEngine2$Server$ProtoBufRpcInvoker.call(ProtobufRpcEngine2.java:552) [hadoop-common-3.3.1.jar:?]
	at org.apache.hadoop.ipc.RPC$Server.call(RPC.java:1093) [hadoop-common-3.3.1.jar:?]
	at org.apache.hadoop.ipc.Server$RpcCall.run(Server.java:1035) [hadoop-common-3.3.1.jar:?]
	at org.apache.hadoop.ipc.Server$RpcCall.run(Server.java:963) [hadoop-common-3.3.1.jar:?]
	at java.security.AccessController.doPrivileged(Native Method) ~[?:1.8.0_332]
	at javax.security.auth.Subject.doAs(Subject.java:422) [?:1.8.0_332]
	at org.apache.hadoop.security.UserGroupInformation.doAs(UserGroupInformation.java:1878) [hadoop-common-3.3.1.jar:?]
	at org.apache.hadoop.ipc.Server$Handler.run(Server.java:2966) [hadoop-common-3.3.1.jar:?]
21:07:56.748 [IPC Server handler 3 on default port 33595] ERROR OMAudit - user=runner | ip=127.0.0.1 | op=GET_FILE_STATUS {volume=719f005b-7ce7-4497-a3c4-5a0502a87ab3, bucket=c4f6f902-b53b-49e0-ad8b-4a2eba0e140d, key=.Trash, dataSize=0, replicationConfig=null} | ret=FAILURE
org.apache.hadoop.ozone.om.exceptions.OMException: Unable to get file status: volume: 719f005b-7ce7-4497-a3c4-5a0502a87ab3 bucket: c4f6f902-b53b-49e0-ad8b-4a2eba0e140d key: .Trash
	at org.apache.hadoop.ozone.om.KeyManagerImpl.getOzoneFileStatus(KeyManagerImpl.java:1311) ~[ozone-manager-1.3.0-SNAPSHOT.jar:?]
	at org.apache.hadoop.ozone.om.KeyManagerImpl.getFileStatus(KeyManagerImpl.java:1241) ~[ozone-manager-1.3.0-SNAPSHOT.jar:?]
	at org.apache.hadoop.ozone.om.OzoneManager.getFileStatus(OzoneManager.java:3419) ~[ozone-manager-1.3.0-SNAPSHOT.jar:?]
	at org.apache.hadoop.ozone.protocolPB.OzoneManagerRequestHandler.getOzoneFileStatus(OzoneManagerRequestHandler.java:871) ~[ozone-manager-1.3.0-SNAPSHOT.jar:?]
	at org.apache.hadoop.ozone.protocolPB.OzoneManagerRequestHandler.handleReadRequest(OzoneManagerRequestHandler.java:217) ~[ozone-manager-1.3.0-SNAPSHOT.jar:?]
	at org.apache.hadoop.ozone.protocolPB.OzoneManagerProtocolServerSideTranslatorPB.submitReadRequestToOM(OzoneManagerProtocolServerSideTranslatorPB.java:226) ~[ozone-manager-1.3.0-SNAPSHOT.jar:?]
	at org.apache.hadoop.ozone.protocolPB.OzoneManagerProtocolServerSideTranslatorPB.processRequest(OzoneManagerProtocolServerSideTranslatorPB.java:175) ~[ozone-manager-1.3.0-SNAPSHOT.jar:?]
	at org.apache.hadoop.hdds.server.OzoneProtocolMessageDispatcher.processRequest(OzoneProtocolMessageDispatcher.java:87) [hdds-server-framework-1.3.0-SNAPSHOT.jar:?]
	at org.apache.hadoop.ozone.protocolPB.OzoneManagerProtocolServerSideTranslatorPB.submitRequest(OzoneManagerProtocolServerSideTranslatorPB.java:147) [ozone-manager-1.3.0-SNAPSHOT.jar:?]
	at org.apache.hadoop.ozone.protocol.proto.OzoneManagerProtocolProtos$OzoneManagerService$2.callBlockingMethod(OzoneManagerProtocolProtos.java) [ozone-interface-client-1.3.0-SNAPSHOT.jar:?]
	at org.apache.hadoop.ipc.ProtobufRpcEngine$Server.processCall(ProtobufRpcEngine.java:466) [hadoop-common-3.3.1.jar:?]
	at org.apache.hadoop.ipc.ProtobufRpcEngine2$Server$ProtoBufRpcInvoker.call(ProtobufRpcEngine2.java:574) [hadoop-common-3.3.1.jar:?]
	at org.apache.hadoop.ipc.ProtobufRpcEngine2$Server$ProtoBufRpcInvoker.call(ProtobufRpcEngine2.java:552) [hadoop-common-3.3.1.jar:?]
	at org.apache.hadoop.ipc.RPC$Server.call(RPC.java:1093) [hadoop-common-3.3.1.jar:?]
	at org.apache.hadoop.ipc.Server$RpcCall.run(Server.java:1035) [hadoop-common-3.3.1.jar:?]
	at org.apache.hadoop.ipc.Server$RpcCall.run(Server.java:963) [hadoop-common-3.3.1.jar:?]
	at java.security.AccessController.doPrivileged(Native Method) ~[?:1.8.0_332]
	at javax.security.auth.Subject.doAs(Subject.java:422) [?:1.8.0_332]
	at org.apache.hadoop.security.UserGroupInformation.doAs(UserGroupInformation.java:1878) [hadoop-common-3.3.1.jar:?]
	at org.apache.hadoop.ipc.Server$Handler.run(Server.java:2966) [hadoop-common-3.3.1.jar:?]
2022-07-12 21:07:56,879 [Time-limited test] INFO  rpc.RpcClient (RpcClient.java:createVolume(466)) - Creating Volume: volume32266, with user25658 as owner and space quota set to -1 bytes, counts quota set to -1
2022-07-12 21:07:56,881 [OM StateMachine ApplyTransaction Thread - 0] INFO  volume.OMVolumeCreateRequest (OMVolumeCreateRequest.java:validateAndUpdateCache(195)) - created volume:volume32266 for user:user25658
2022-07-12 21:07:56,883 [Time-limited test] INFO  rpc.RpcClient (RpcClient.java:createBucket(669)) - Creating Bucket: volume32266/bucket55491, with bucket layout LEGACY, runner as owner, Versioning false, Storage Type set to DISK and Encryption set to false 
2022-07-12 21:07:56,888 [OM StateMachine ApplyTransaction Thread - 0] INFO  bucket.OMBucketCreateRequest (OMBucketCreateRequest.java:validateAndUpdateCache(260)) - created bucket: bucket55491 of layout LEGACY in volume: volume32266
21:07:56.924 [IPC Server handler 7 on default port 33595] ERROR OMAudit - user=runner | ip=127.0.0.1 | op=GET_FILE_STATUS {volume=719f005b-7ce7-4497-a3c4-5a0502a87ab3, bucket=c4f6f902-b53b-49e0-ad8b-4a2eba0e140d, key=.Trash, dataSize=0, replicationConfig=null} | ret=FAILURE
org.apache.hadoop.ozone.om.exceptions.OMException: Unable to get file status: volume: 719f005b-7ce7-4497-a3c4-5a0502a87ab3 bucket: c4f6f902-b53b-49e0-ad8b-4a2eba0e140d key: .Trash
	at org.apache.hadoop.ozone.om.KeyManagerImpl.getOzoneFileStatus(KeyManagerImpl.java:1311) ~[ozone-manager-1.3.0-SNAPSHOT.jar:?]
	at org.apache.hadoop.ozone.om.KeyManagerImpl.getFileStatus(KeyManagerImpl.java:1241) ~[ozone-manager-1.3.0-SNAPSHOT.jar:?]
	at org.apache.hadoop.ozone.om.OzoneManager.getFileStatus(OzoneManager.java:3419) ~[ozone-manager-1.3.0-SNAPSHOT.jar:?]
	at org.apache.hadoop.ozone.protocolPB.OzoneManagerRequestHandler.getOzoneFileStatus(OzoneManagerRequestHandler.java:871) ~[ozone-manager-1.3.0-SNAPSHOT.jar:?]
	at org.apache.hadoop.ozone.protocolPB.OzoneManagerRequestHandler.handleReadRequest(OzoneManagerRequestHandler.java:217) ~[ozone-manager-1.3.0-SNAPSHOT.jar:?]
	at org.apache.hadoop.ozone.protocolPB.OzoneManagerProtocolServerSideTranslatorPB.submitReadRequestToOM(OzoneManagerProtocolServerSideTranslatorPB.java:226) ~[ozone-manager-1.3.0-SNAPSHOT.jar:?]
	at org.apache.hadoop.ozone.protocolPB.OzoneManagerProtocolServerSideTranslatorPB.processRequest(OzoneManagerProtocolServerSideTranslatorPB.java:175) ~[ozone-manager-1.3.0-SNAPSHOT.jar:?]
	at org.apache.hadoop.hdds.server.OzoneProtocolMessageDispatcher.processRequest(OzoneProtocolMessageDispatcher.java:87) [hdds-server-framework-1.3.0-SNAPSHOT.jar:?]
	at org.apache.hadoop.ozone.protocolPB.OzoneManagerProtocolServerSideTranslatorPB.submitRequest(OzoneManagerProtocolServerSideTranslatorPB.java:147) [ozone-manager-1.3.0-SNAPSHOT.jar:?]
	at org.apache.hadoop.ozone.protocol.proto.OzoneManagerProtocolProtos$OzoneManagerService$2.callBlockingMethod(OzoneManagerProtocolProtos.java) [ozone-interface-client-1.3.0-SNAPSHOT.jar:?]
	at org.apache.hadoop.ipc.ProtobufRpcEngine$Server.processCall(ProtobufRpcEngine.java:466) [hadoop-common-3.3.1.jar:?]
	at org.apache.hadoop.ipc.ProtobufRpcEngine2$Server$ProtoBufRpcInvoker.call(ProtobufRpcEngine2.java:574) [hadoop-common-3.3.1.jar:?]
	at org.apache.hadoop.ipc.ProtobufRpcEngine2$Server$ProtoBufRpcInvoker.call(ProtobufRpcEngine2.java:552) [hadoop-common-3.3.1.jar:?]
	at org.apache.hadoop.ipc.RPC$Server.call(RPC.java:1093) [hadoop-common-3.3.1.jar:?]
	at org.apache.hadoop.ipc.Server$RpcCall.run(Server.java:1035) [hadoop-common-3.3.1.jar:?]
	at org.apache.hadoop.ipc.Server$RpcCall.run(Server.java:963) [hadoop-common-3.3.1.jar:?]
	at java.security.AccessController.doPrivileged(Native Method) ~[?:1.8.0_332]
	at javax.security.auth.Subject.doAs(Subject.java:422) [?:1.8.0_332]
	at org.apache.hadoop.security.UserGroupInformation.doAs(UserGroupInformation.java:1878) [hadoop-common-3.3.1.jar:?]
	at org.apache.hadoop.ipc.Server$Handler.run(Server.java:2966) [hadoop-common-3.3.1.jar:?]
21:07:56.970 [IPC Server handler 19 on default port 33595] ERROR OMAudit - user=runner | ip=127.0.0.1 | op=GET_FILE_STATUS {volume=719f005b-7ce7-4497-a3c4-5a0502a87ab3, bucket=c4f6f902-b53b-49e0-ad8b-4a2eba0e140d, key=.Trash, dataSize=0, replicationConfig=null} | ret=FAILURE
org.apache.hadoop.ozone.om.exceptions.OMException: Unable to get file status: volume: 719f005b-7ce7-4497-a3c4-5a0502a87ab3 bucket: c4f6f902-b53b-49e0-ad8b-4a2eba0e140d key: .Trash
	at org.apache.hadoop.ozone.om.KeyManagerImpl.getOzoneFileStatus(KeyManagerImpl.java:1311) ~[ozone-manager-1.3.0-SNAPSHOT.jar:?]
	at org.apache.hadoop.ozone.om.KeyManagerImpl.getFileStatus(KeyManagerImpl.java:1241) ~[ozone-manager-1.3.0-SNAPSHOT.jar:?]
	at org.apache.hadoop.ozone.om.OzoneManager.getFileStatus(OzoneManager.java:3419) ~[ozone-manager-1.3.0-SNAPSHOT.jar:?]
	at org.apache.hadoop.ozone.protocolPB.OzoneManagerRequestHandler.getOzoneFileStatus(OzoneManagerRequestHandler.java:871) ~[ozone-manager-1.3.0-SNAPSHOT.jar:?]
	at org.apache.hadoop.ozone.protocolPB.OzoneManagerRequestHandler.handleReadRequest(OzoneManagerRequestHandler.java:217) ~[ozone-manager-1.3.0-SNAPSHOT.jar:?]
	at org.apache.hadoop.ozone.protocolPB.OzoneManagerProtocolServerSideTranslatorPB.submitReadRequestToOM(OzoneManagerProtocolServerSideTranslatorPB.java:226) ~[ozone-manager-1.3.0-SNAPSHOT.jar:?]
	at org.apache.hadoop.ozone.protocolPB.OzoneManagerProtocolServerSideTranslatorPB.processRequest(OzoneManagerProtocolServerSideTranslatorPB.java:175) ~[ozone-manager-1.3.0-SNAPSHOT.jar:?]
	at org.apache.hadoop.hdds.server.OzoneProtocolMessageDispatcher.processRequest(OzoneProtocolMessageDispatcher.java:87) [hdds-server-framework-1.3.0-SNAPSHOT.jar:?]
	at org.apache.hadoop.ozone.protocolPB.OzoneManagerProtocolServerSideTranslatorPB.submitRequest(OzoneManagerProtocolServerSideTranslatorPB.java:147) [ozone-manager-1.3.0-SNAPSHOT.jar:?]
	at org.apache.hadoop.ozone.protocol.proto.OzoneManagerProtocolProtos$OzoneManagerService$2.callBlockingMethod(OzoneManagerProtocolProtos.java) [ozone-interface-client-1.3.0-SNAPSHOT.jar:?]
	at org.apache.hadoop.ipc.ProtobufRpcEngine$Server.processCall(ProtobufRpcEngine.java:466) [hadoop-common-3.3.1.jar:?]
	at org.apache.hadoop.ipc.ProtobufRpcEngine2$Server$ProtoBufRpcInvoker.call(ProtobufRpcEngine2.java:574) [hadoop-common-3.3.1.jar:?]
	at org.apache.hadoop.ipc.ProtobufRpcEngine2$Server$ProtoBufRpcInvoker.call(ProtobufRpcEngine2.java:552) [hadoop-common-3.3.1.jar:?]
	at org.apache.hadoop.ipc.RPC$Server.call(RPC.java:1093) [hadoop-common-3.3.1.jar:?]
	at org.apache.hadoop.ipc.Server$RpcCall.run(Server.java:1035) [hadoop-common-3.3.1.jar:?]
	at org.apache.hadoop.ipc.Server$RpcCall.run(Server.java:963) [hadoop-common-3.3.1.jar:?]
	at java.security.AccessController.doPrivileged(Native Method) ~[?:1.8.0_332]
	at javax.security.auth.Subject.doAs(Subject.java:422) [?:1.8.0_332]
	at org.apache.hadoop.security.UserGroupInformation.doAs(UserGroupInformation.java:1878) [hadoop-common-3.3.1.jar:?]
	at org.apache.hadoop.ipc.Server$Handler.run(Server.java:2966) [hadoop-common-3.3.1.jar:?]
21:07:57.082 [IPC Server handler 19 on default port 33595] ERROR OMAudit - user=runner | ip=127.0.0.1 | op=GET_FILE_STATUS {volume=volume32266, bucket=bucket55491, key=.Trash/runner, dataSize=0, replicationConfig=null} | ret=FAILURE
org.apache.hadoop.ozone.om.exceptions.OMException: Unable to get file status: volume: volume32266 bucket: bucket55491 key: .Trash/runner
	at org.apache.hadoop.ozone.om.KeyManagerImpl.getOzoneFileStatus(KeyManagerImpl.java:1311) ~[ozone-manager-1.3.0-SNAPSHOT.jar:?]
	at org.apache.hadoop.ozone.om.KeyManagerImpl.getFileStatus(KeyManagerImpl.java:1241) ~[ozone-manager-1.3.0-SNAPSHOT.jar:?]
	at org.apache.hadoop.ozone.om.OzoneManager.getFileStatus(OzoneManager.java:3419) ~[ozone-manager-1.3.0-SNAPSHOT.jar:?]
	at org.apache.hadoop.ozone.protocolPB.OzoneManagerRequestHandler.getOzoneFileStatus(OzoneManagerRequestHandler.java:871) ~[ozone-manager-1.3.0-SNAPSHOT.jar:?]
	at org.apache.hadoop.ozone.protocolPB.OzoneManagerRequestHandler.handleReadRequest(OzoneManagerRequestHandler.java:217) ~[ozone-manager-1.3.0-SNAPSHOT.jar:?]
	at org.apache.hadoop.ozone.protocolPB.OzoneManagerProtocolServerSideTranslatorPB.submitReadRequestToOM(OzoneManagerProtocolServerSideTranslatorPB.java:226) ~[ozone-manager-1.3.0-SNAPSHOT.jar:?]
	at org.apache.hadoop.ozone.protocolPB.OzoneManagerProtocolServerSideTranslatorPB.processRequest(OzoneManagerProtocolServerSideTranslatorPB.java:175) ~[ozone-manager-1.3.0-SNAPSHOT.jar:?]
	at org.apache.hadoop.hdds.server.OzoneProtocolMessageDispatcher.processRequest(OzoneProtocolMessageDispatcher.java:87) [hdds-server-framework-1.3.0-SNAPSHOT.jar:?]
	at org.apache.hadoop.ozone.protocolPB.OzoneManagerProtocolServerSideTranslatorPB.submitRequest(OzoneManagerProtocolServerSideTranslatorPB.java:147) [ozone-manager-1.3.0-SNAPSHOT.jar:?]
	at org.apache.hadoop.ozone.protocol.proto.OzoneManagerProtocolProtos$OzoneManagerService$2.callBlockingMethod(OzoneManagerProtocolProtos.java) [ozone-interface-client-1.3.0-SNAPSHOT.jar:?]
	at org.apache.hadoop.ipc.ProtobufRpcEngine$Server.processCall(ProtobufRpcEngine.java:466) [hadoop-common-3.3.1.jar:?]
	at org.apache.hadoop.ipc.ProtobufRpcEngine2$Server$ProtoBufRpcInvoker.call(ProtobufRpcEngine2.java:574) [hadoop-common-3.3.1.jar:?]
	at org.apache.hadoop.ipc.ProtobufRpcEngine2$Server$ProtoBufRpcInvoker.call(ProtobufRpcEngine2.java:552) [hadoop-common-3.3.1.jar:?]
	at org.apache.hadoop.ipc.RPC$Server.call(RPC.java:1093) [hadoop-common-3.3.1.jar:?]
	at org.apache.hadoop.ipc.Server$RpcCall.run(Server.java:1035) [hadoop-common-3.3.1.jar:?]
	at org.apache.hadoop.ipc.Server$RpcCall.run(Server.java:963) [hadoop-common-3.3.1.jar:?]
	at java.security.AccessController.doPrivileged(Native Method) ~[?:1.8.0_332]
	at javax.security.auth.Subject.doAs(Subject.java:422) [?:1.8.0_332]
	at org.apache.hadoop.security.UserGroupInformation.doAs(UserGroupInformation.java:1878) [hadoop-common-3.3.1.jar:?]
	at org.apache.hadoop.ipc.Server$Handler.run(Server.java:2966) [hadoop-common-3.3.1.jar:?]
21:07:57.085 [IPC Server handler 9 on default port 33595] ERROR OMAudit - user=runner | ip=127.0.0.1 | op=GET_FILE_STATUS {volume=719f005b-7ce7-4497-a3c4-5a0502a87ab3, bucket=c4f6f902-b53b-49e0-ad8b-4a2eba0e140d, key=.Trash, dataSize=0, replicationConfig=null} | ret=FAILURE
org.apache.hadoop.ozone.om.exceptions.OMException: Unable to get file status: volume: 719f005b-7ce7-4497-a3c4-5a0502a87ab3 bucket: c4f6f902-b53b-49e0-ad8b-4a2eba0e140d key: .Trash
	at org.apache.hadoop.ozone.om.KeyManagerImpl.getOzoneFileStatus(KeyManagerImpl.java:1311) ~[ozone-manager-1.3.0-SNAPSHOT.jar:?]
	at org.apache.hadoop.ozone.om.KeyManagerImpl.getFileStatus(KeyManagerImpl.java:1241) ~[ozone-manager-1.3.0-SNAPSHOT.jar:?]
	at org.apache.hadoop.ozone.om.OzoneManager.getFileStatus(OzoneManager.java:3419) ~[ozone-manager-1.3.0-SNAPSHOT.jar:?]
	at org.apache.hadoop.ozone.protocolPB.OzoneManagerRequestHandler.getOzoneFileStatus(OzoneManagerRequestHandler.java:871) ~[ozone-manager-1.3.0-SNAPSHOT.jar:?]
	at org.apache.hadoop.ozone.protocolPB.OzoneManagerRequestHandler.handleReadRequest(OzoneManagerRequestHandler.java:217) ~[ozone-manager-1.3.0-SNAPSHOT.jar:?]
	at org.apache.hadoop.ozone.protocolPB.OzoneManagerProtocolServerSideTranslatorPB.submitReadRequestToOM(OzoneManagerProtocolServerSideTranslatorPB.java:226) ~[ozone-manager-1.3.0-SNAPSHOT.jar:?]
	at org.apache.hadoop.ozone.protocolPB.OzoneManagerProtocolServerSideTranslatorPB.processRequest(OzoneManagerProtocolServerSideTranslatorPB.java:175) ~[ozone-manager-1.3.0-SNAPSHOT.jar:?]
	at org.apache.hadoop.hdds.server.OzoneProtocolMessageDispatcher.processRequest(OzoneProtocolMessageDispatcher.java:87) [hdds-server-framework-1.3.0-SNAPSHOT.jar:?]
	at org.apache.hadoop.ozone.protocolPB.OzoneManagerProtocolServerSideTranslatorPB.submitRequest(OzoneManagerProtocolServerSideTranslatorPB.java:147) [ozone-manager-1.3.0-SNAPSHOT.jar:?]
	at org.apache.hadoop.ozone.protocol.proto.OzoneManagerProtocolProtos$OzoneManagerService$2.callBlockingMethod(OzoneManagerProtocolProtos.java) [ozone-interface-client-1.3.0-SNAPSHOT.jar:?]
	at org.apache.hadoop.ipc.ProtobufRpcEngine$Server.processCall(ProtobufRpcEngine.java:466) [hadoop-common-3.3.1.jar:?]
	at org.apache.hadoop.ipc.ProtobufRpcEngine2$Server$ProtoBufRpcInvoker.call(ProtobufRpcEngine2.java:574) [hadoop-common-3.3.1.jar:?]
	at org.apache.hadoop.ipc.ProtobufRpcEngine2$Server$ProtoBufRpcInvoker.call(ProtobufRpcEngine2.java:552) [hadoop-common-3.3.1.jar:?]
	at org.apache.hadoop.ipc.RPC$Server.call(RPC.java:1093) [hadoop-common-3.3.1.jar:?]
	at org.apache.hadoop.ipc.Server$RpcCall.run(Server.java:1035) [hadoop-common-3.3.1.jar:?]
	at org.apache.hadoop.ipc.Server$RpcCall.run(Server.java:963) [hadoop-common-3.3.1.jar:?]
	at java.security.AccessController.doPrivileged(Native Method) ~[?:1.8.0_332]
	at javax.security.auth.Subject.doAs(Subject.java:422) [?:1.8.0_332]
	at org.apache.hadoop.security.UserGroupInformation.doAs(UserGroupInformation.java:1878) [hadoop-common-3.3.1.jar:?]
	at org.apache.hadoop.ipc.Server$Handler.run(Server.java:2966) [hadoop-common-3.3.1.jar:?]
21:07:57.087 [IPC Server handler 13 on default port 33595] ERROR OMAudit - user=runner | ip=127.0.0.1 | op=GET_FILE_STATUS {volume=volume32266, bucket=bucket55491, key=.Trash, dataSize=0, replicationConfig=null} | ret=FAILURE
org.apache.hadoop.ozone.om.exceptions.OMException: Unable to get file status: volume: volume32266 bucket: bucket55491 key: .Trash
	at org.apache.hadoop.ozone.om.KeyManagerImpl.getOzoneFileStatus(KeyManagerImpl.java:1311) ~[ozone-manager-1.3.0-SNAPSHOT.jar:?]
	at org.apache.hadoop.ozone.om.KeyManagerImpl.getFileStatus(KeyManagerImpl.java:1241) ~[ozone-manager-1.3.0-SNAPSHOT.jar:?]
	at org.apache.hadoop.ozone.om.OzoneManager.getFileStatus(OzoneManager.java:3419) ~[ozone-manager-1.3.0-SNAPSHOT.jar:?]
	at org.apache.hadoop.ozone.protocolPB.OzoneManagerRequestHandler.getOzoneFileStatus(OzoneManagerRequestHandler.java:871) ~[ozone-manager-1.3.0-SNAPSHOT.jar:?]
	at org.apache.hadoop.ozone.protocolPB.OzoneManagerRequestHandler.handleReadRequest(OzoneManagerRequestHandler.java:217) ~[ozone-manager-1.3.0-SNAPSHOT.jar:?]
	at org.apache.hadoop.ozone.protocolPB.OzoneManagerProtocolServerSideTranslatorPB.submitReadRequestToOM(OzoneManagerProtocolServerSideTranslatorPB.java:226) ~[ozone-manager-1.3.0-SNAPSHOT.jar:?]
	at org.apache.hadoop.ozone.protocolPB.OzoneManagerProtocolServerSideTranslatorPB.processRequest(OzoneManagerProtocolServerSideTranslatorPB.java:175) ~[ozone-manager-1.3.0-SNAPSHOT.jar:?]
	at org.apache.hadoop.hdds.server.OzoneProtocolMessageDispatcher.processRequest(OzoneProtocolMessageDispatcher.java:87) [hdds-server-framework-1.3.0-SNAPSHOT.jar:?]
	at org.apache.hadoop.ozone.protocolPB.OzoneManagerProtocolServerSideTranslatorPB.submitRequest(OzoneManagerProtocolServerSideTranslatorPB.java:147) [ozone-manager-1.3.0-SNAPSHOT.jar:?]
	at org.apache.hadoop.ozone.protocol.proto.OzoneManagerProtocolProtos$OzoneManagerService$2.callBlockingMethod(OzoneManagerProtocolProtos.java) [ozone-interface-client-1.3.0-SNAPSHOT.jar:?]
	at org.apache.hadoop.ipc.ProtobufRpcEngine$Server.processCall(ProtobufRpcEngine.java:466) [hadoop-common-3.3.1.jar:?]
	at org.apache.hadoop.ipc.ProtobufRpcEngine2$Server$ProtoBufRpcInvoker.call(ProtobufRpcEngine2.java:574) [hadoop-common-3.3.1.jar:?]
	at org.apache.hadoop.ipc.ProtobufRpcEngine2$Server$ProtoBufRpcInvoker.call(ProtobufRpcEngine2.java:552) [hadoop-common-3.3.1.jar:?]
	at org.apache.hadoop.ipc.RPC$Server.call(RPC.java:1093) [hadoop-common-3.3.1.jar:?]
	at org.apache.hadoop.ipc.Server$RpcCall.run(Server.java:1035) [hadoop-common-3.3.1.jar:?]
	at org.apache.hadoop.ipc.Server$RpcCall.run(Server.java:963) [hadoop-common-3.3.1.jar:?]
	at java.security.AccessController.doPrivileged(Native Method) ~[?:1.8.0_332]
	at javax.security.auth.Subject.doAs(Subject.java:422) [?:1.8.0_332]
	at org.apache.hadoop.security.UserGroupInformation.doAs(UserGroupInformation.java:1878) [hadoop-common-3.3.1.jar:?]
	at org.apache.hadoop.ipc.Server$Handler.run(Server.java:2966) [hadoop-common-3.3.1.jar:?]
21:07:57.126 [IPC Server handler 13 on default port 33595] ERROR OMAudit - user=runner | ip=127.0.0.1 | op=GET_FILE_STATUS {volume=volume71311, bucket=trashroottest2, key=.Trash/runner, dataSize=0, replicationConfig=null} | ret=FAILURE
org.apache.hadoop.ozone.om.exceptions.OMException: Unable to get file status: volume: volume71311 bucket: trashroottest2 key: .Trash/runner
	at org.apache.hadoop.ozone.om.KeyManagerImpl.getOzoneFileStatus(KeyManagerImpl.java:1311) ~[ozone-manager-1.3.0-SNAPSHOT.jar:?]
	at org.apache.hadoop.ozone.om.KeyManagerImpl.getFileStatus(KeyManagerImpl.java:1241) ~[ozone-manager-1.3.0-SNAPSHOT.jar:?]
	at org.apache.hadoop.ozone.om.OzoneManager.getFileStatus(OzoneManager.java:3419) ~[ozone-manager-1.3.0-SNAPSHOT.jar:?]
	at org.apache.hadoop.ozone.protocolPB.OzoneManagerRequestHandler.getOzoneFileStatus(OzoneManagerRequestHandler.java:871) ~[ozone-manager-1.3.0-SNAPSHOT.jar:?]
	at org.apache.hadoop.ozone.protocolPB.OzoneManagerRequestHandler.handleReadRequest(OzoneManagerRequestHandler.java:217) ~[ozone-manager-1.3.0-SNAPSHOT.jar:?]
	at org.apache.hadoop.ozone.protocolPB.OzoneManagerProtocolServerSideTranslatorPB.submitReadRequestToOM(OzoneManagerProtocolServerSideTranslatorPB.java:226) ~[ozone-manager-1.3.0-SNAPSHOT.jar:?]
	at org.apache.hadoop.ozone.protocolPB.OzoneManagerProtocolServerSideTranslatorPB.processRequest(OzoneManagerProtocolServerSideTranslatorPB.java:175) ~[ozone-manager-1.3.0-SNAPSHOT.jar:?]
	at org.apache.hadoop.hdds.server.OzoneProtocolMessageDispatcher.processRequest(OzoneProtocolMessageDispatcher.java:87) [hdds-server-framework-1.3.0-SNAPSHOT.jar:?]
	at org.apache.hadoop.ozone.protocolPB.OzoneManagerProtocolServerSideTranslatorPB.submitRequest(OzoneManagerProtocolServerSideTranslatorPB.java:147) [ozone-manager-1.3.0-SNAPSHOT.jar:?]
	at org.apache.hadoop.ozone.protocol.proto.OzoneManagerProtocolProtos$OzoneManagerService$2.callBlockingMethod(OzoneManagerProtocolProtos.java) [ozone-interface-client-1.3.0-SNAPSHOT.jar:?]
	at org.apache.hadoop.ipc.ProtobufRpcEngine$Server.processCall(ProtobufRpcEngine.java:466) [hadoop-common-3.3.1.jar:?]
	at org.apache.hadoop.ipc.ProtobufRpcEngine2$Server$ProtoBufRpcInvoker.call(ProtobufRpcEngine2.java:574) [hadoop-common-3.3.1.jar:?]
	at org.apache.hadoop.ipc.ProtobufRpcEngine2$Server$ProtoBufRpcInvoker.call(ProtobufRpcEngine2.java:552) [hadoop-common-3.3.1.jar:?]
	at org.apache.hadoop.ipc.RPC$Server.call(RPC.java:1093) [hadoop-common-3.3.1.jar:?]
	at org.apache.hadoop.ipc.Server$RpcCall.run(Server.java:1035) [hadoop-common-3.3.1.jar:?]
	at org.apache.hadoop.ipc.Server$RpcCall.run(Server.java:963) [hadoop-common-3.3.1.jar:?]
	at java.security.AccessController.doPrivileged(Native Method) ~[?:1.8.0_332]
	at javax.security.auth.Subject.doAs(Subject.java:422) [?:1.8.0_332]
	at org.apache.hadoop.security.UserGroupInformation.doAs(UserGroupInformation.java:1878) [hadoop-common-3.3.1.jar:?]
	at org.apache.hadoop.ipc.Server$Handler.run(Server.java:2966) [hadoop-common-3.3.1.jar:?]
21:07:57.136 [IPC Server handler 0 on default port 33595] ERROR OMAudit - user=runner | ip=127.0.0.1 | op=GET_FILE_STATUS {volume=volume32266, bucket=bucket55491, key=.Trash/runner, dataSize=0, replicationConfig=null} | ret=FAILURE
org.apache.hadoop.ozone.om.exceptions.OMException: Unable to get file status: volume: volume32266 bucket: bucket55491 key: .Trash/runner
	at org.apache.hadoop.ozone.om.KeyManagerImpl.getOzoneFileStatus(KeyManagerImpl.java:1311) ~[ozone-manager-1.3.0-SNAPSHOT.jar:?]
	at org.apache.hadoop.ozone.om.KeyManagerImpl.getFileStatus(KeyManagerImpl.java:1241) ~[ozone-manager-1.3.0-SNAPSHOT.jar:?]
	at org.apache.hadoop.ozone.om.OzoneManager.getFileStatus(OzoneManager.java:3419) ~[ozone-manager-1.3.0-SNAPSHOT.jar:?]
	at org.apache.hadoop.ozone.protocolPB.OzoneManagerRequestHandler.getOzoneFileStatus(OzoneManagerRequestHandler.java:871) ~[ozone-manager-1.3.0-SNAPSHOT.jar:?]
	at org.apache.hadoop.ozone.protocolPB.OzoneManagerRequestHandler.handleReadRequest(OzoneManagerRequestHandler.java:217) ~[ozone-manager-1.3.0-SNAPSHOT.jar:?]
	at org.apache.hadoop.ozone.protocolPB.OzoneManagerProtocolServerSideTranslatorPB.submitReadRequestToOM(OzoneManagerProtocolServerSideTranslatorPB.java:226) ~[ozone-manager-1.3.0-SNAPSHOT.jar:?]
	at org.apache.hadoop.ozone.protocolPB.OzoneManagerProtocolServerSideTranslatorPB.processRequest(OzoneManagerProtocolServerSideTranslatorPB.java:175) ~[ozone-manager-1.3.0-SNAPSHOT.jar:?]
	at org.apache.hadoop.hdds.server.OzoneProtocolMessageDispatcher.processRequest(OzoneProtocolMessageDispatcher.java:87) [hdds-server-framework-1.3.0-SNAPSHOT.jar:?]
	at org.apache.hadoop.ozone.protocolPB.OzoneManagerProtocolServerSideTranslatorPB.submitRequest(OzoneManagerProtocolServerSideTranslatorPB.java:147) [ozone-manager-1.3.0-SNAPSHOT.jar:?]
	at org.apache.hadoop.ozone.protocol.proto.OzoneManagerProtocolProtos$OzoneManagerService$2.callBlockingMethod(OzoneManagerProtocolProtos.java) [ozone-interface-client-1.3.0-SNAPSHOT.jar:?]
	at org.apache.hadoop.ipc.ProtobufRpcEngine$Server.processCall(ProtobufRpcEngine.java:466) [hadoop-common-3.3.1.jar:?]
	at org.apache.hadoop.ipc.ProtobufRpcEngine2$Server$ProtoBufRpcInvoker.call(ProtobufRpcEngine2.java:574) [hadoop-common-3.3.1.jar:?]
	at org.apache.hadoop.ipc.ProtobufRpcEngine2$Server$ProtoBufRpcInvoker.call(ProtobufRpcEngine2.java:552) [hadoop-common-3.3.1.jar:?]
	at org.apache.hadoop.ipc.RPC$Server.call(RPC.java:1093) [hadoop-common-3.3.1.jar:?]
	at org.apache.hadoop.ipc.Server$RpcCall.run(Server.java:1035) [hadoop-common-3.3.1.jar:?]
	at org.apache.hadoop.ipc.Server$RpcCall.run(Server.java:963) [hadoop-common-3.3.1.jar:?]
	at java.security.AccessController.doPrivileged(Native Method) ~[?:1.8.0_332]
	at javax.security.auth.Subject.doAs(Subject.java:422) [?:1.8.0_332]
	at org.apache.hadoop.security.UserGroupInformation.doAs(UserGroupInformation.java:1878) [hadoop-common-3.3.1.jar:?]
	at org.apache.hadoop.ipc.Server$Handler.run(Server.java:2966) [hadoop-common-3.3.1.jar:?]
21:07:57.149 [IPC Server handler 7 on default port 33595] ERROR OMAudit - user=runner | ip=127.0.0.1 | op=GET_FILE_STATUS {volume=719f005b-7ce7-4497-a3c4-5a0502a87ab3, bucket=c4f6f902-b53b-49e0-ad8b-4a2eba0e140d, key=.Trash, dataSize=0, replicationConfig=null} | ret=FAILURE
org.apache.hadoop.ozone.om.exceptions.OMException: Unable to get file status: volume: 719f005b-7ce7-4497-a3c4-5a0502a87ab3 bucket: c4f6f902-b53b-49e0-ad8b-4a2eba0e140d key: .Trash
	at org.apache.hadoop.ozone.om.KeyManagerImpl.getOzoneFileStatus(KeyManagerImpl.java:1311) ~[ozone-manager-1.3.0-SNAPSHOT.jar:?]
	at org.apache.hadoop.ozone.om.KeyManagerImpl.getFileStatus(KeyManagerImpl.java:1241) ~[ozone-manager-1.3.0-SNAPSHOT.jar:?]
	at org.apache.hadoop.ozone.om.OzoneManager.getFileStatus(OzoneManager.java:3419) ~[ozone-manager-1.3.0-SNAPSHOT.jar:?]
	at org.apache.hadoop.ozone.protocolPB.OzoneManagerRequestHandler.getOzoneFileStatus(OzoneManagerRequestHandler.java:871) ~[ozone-manager-1.3.0-SNAPSHOT.jar:?]
	at org.apache.hadoop.ozone.protocolPB.OzoneManagerRequestHandler.handleReadRequest(OzoneManagerRequestHandler.java:217) ~[ozone-manager-1.3.0-SNAPSHOT.jar:?]
	at org.apache.hadoop.ozone.protocolPB.OzoneManagerProtocolServerSideTranslatorPB.submitReadRequestToOM(OzoneManagerProtocolServerSideTranslatorPB.java:226) ~[ozone-manager-1.3.0-SNAPSHOT.jar:?]
	at org.apache.hadoop.ozone.protocolPB.OzoneManagerProtocolServerSideTranslatorPB.processRequest(OzoneManagerProtocolServerSideTranslatorPB.java:175) ~[ozone-manager-1.3.0-SNAPSHOT.jar:?]
	at org.apache.hadoop.hdds.server.OzoneProtocolMessageDispatcher.processRequest(OzoneProtocolMessageDispatcher.java:87) [hdds-server-framework-1.3.0-SNAPSHOT.jar:?]
	at org.apache.hadoop.ozone.protocolPB.OzoneManagerProtocolServerSideTranslatorPB.submitRequest(OzoneManagerProtocolServerSideTranslatorPB.java:147) [ozone-manager-1.3.0-SNAPSHOT.jar:?]
	at org.apache.hadoop.ozone.protocol.proto.OzoneManagerProtocolProtos$OzoneManagerService$2.callBlockingMethod(OzoneManagerProtocolProtos.java) [ozone-interface-client-1.3.0-SNAPSHOT.jar:?]
	at org.apache.hadoop.ipc.ProtobufRpcEngine$Server.processCall(ProtobufRpcEngine.java:466) [hadoop-common-3.3.1.jar:?]
	at org.apache.hadoop.ipc.ProtobufRpcEngine2$Server$ProtoBufRpcInvoker.call(ProtobufRpcEngine2.java:574) [hadoop-common-3.3.1.jar:?]
	at org.apache.hadoop.ipc.ProtobufRpcEngine2$Server$ProtoBufRpcInvoker.call(ProtobufRpcEngine2.java:552) [hadoop-common-3.3.1.jar:?]
	at org.apache.hadoop.ipc.RPC$Server.call(RPC.java:1093) [hadoop-common-3.3.1.jar:?]
	at org.apache.hadoop.ipc.Server$RpcCall.run(Server.java:1035) [hadoop-common-3.3.1.jar:?]
	at org.apache.hadoop.ipc.Server$RpcCall.run(Server.java:963) [hadoop-common-3.3.1.jar:?]
	at java.security.AccessController.doPrivileged(Native Method) ~[?:1.8.0_332]
	at javax.security.auth.Subject.doAs(Subject.java:422) [?:1.8.0_332]
	at org.apache.hadoop.security.UserGroupInformation.doAs(UserGroupInformation.java:1878) [hadoop-common-3.3.1.jar:?]
	at org.apache.hadoop.ipc.Server$Handler.run(Server.java:2966) [hadoop-common-3.3.1.jar:?]
21:07:57.154 [IPC Server handler 2 on default port 33595] ERROR OMAudit - user=runner | ip=127.0.0.1 | op=GET_FILE_STATUS {volume=volume32266, bucket=bucket55491, key=.Trash, dataSize=0, replicationConfig=null} | ret=FAILURE
org.apache.hadoop.ozone.om.exceptions.OMException: Unable to get file status: volume: volume32266 bucket: bucket55491 key: .Trash
	at org.apache.hadoop.ozone.om.KeyManagerImpl.getOzoneFileStatus(KeyManagerImpl.java:1311) ~[ozone-manager-1.3.0-SNAPSHOT.jar:?]
	at org.apache.hadoop.ozone.om.KeyManagerImpl.getFileStatus(KeyManagerImpl.java:1241) ~[ozone-manager-1.3.0-SNAPSHOT.jar:?]
	at org.apache.hadoop.ozone.om.OzoneManager.getFileStatus(OzoneManager.java:3419) ~[ozone-manager-1.3.0-SNAPSHOT.jar:?]
	at org.apache.hadoop.ozone.protocolPB.OzoneManagerRequestHandler.getOzoneFileStatus(OzoneManagerRequestHandler.java:871) ~[ozone-manager-1.3.0-SNAPSHOT.jar:?]
	at org.apache.hadoop.ozone.protocolPB.OzoneManagerRequestHandler.handleReadRequest(OzoneManagerRequestHandler.java:217) ~[ozone-manager-1.3.0-SNAPSHOT.jar:?]
	at org.apache.hadoop.ozone.protocolPB.OzoneManagerProtocolServerSideTranslatorPB.submitReadRequestToOM(OzoneManagerProtocolServerSideTranslatorPB.java:226) ~[ozone-manager-1.3.0-SNAPSHOT.jar:?]
	at org.apache.hadoop.ozone.protocolPB.OzoneManagerProtocolServerSideTranslatorPB.processRequest(OzoneManagerProtocolServerSideTranslatorPB.java:175) ~[ozone-manager-1.3.0-SNAPSHOT.jar:?]
	at org.apache.hadoop.hdds.server.OzoneProtocolMessageDispatcher.processRequest(OzoneProtocolMessageDispatcher.java:87) [hdds-server-framework-1.3.0-SNAPSHOT.jar:?]
	at org.apache.hadoop.ozone.protocolPB.OzoneManagerProtocolServerSideTranslatorPB.submitRequest(OzoneManagerProtocolServerSideTranslatorPB.java:147) [ozone-manager-1.3.0-SNAPSHOT.jar:?]
	at org.apache.hadoop.ozone.protocol.proto.OzoneManagerProtocolProtos$OzoneManagerService$2.callBlockingMethod(OzoneManagerProtocolProtos.java) [ozone-interface-client-1.3.0-SNAPSHOT.jar:?]
	at org.apache.hadoop.ipc.ProtobufRpcEngine$Server.processCall(ProtobufRpcEngine.java:466) [hadoop-common-3.3.1.jar:?]
	at org.apache.hadoop.ipc.ProtobufRpcEngine2$Server$ProtoBufRpcInvoker.call(ProtobufRpcEngine2.java:574) [hadoop-common-3.3.1.jar:?]
	at org.apache.hadoop.ipc.ProtobufRpcEngine2$Server$ProtoBufRpcInvoker.call(ProtobufRpcEngine2.java:552) [hadoop-common-3.3.1.jar:?]
	at org.apache.hadoop.ipc.RPC$Server.call(RPC.java:1093) [hadoop-common-3.3.1.jar:?]
	at org.apache.hadoop.ipc.Server$RpcCall.run(Server.java:1035) [hadoop-common-3.3.1.jar:?]
	at org.apache.hadoop.ipc.Server$RpcCall.run(Server.java:963) [hadoop-common-3.3.1.jar:?]
	at java.security.AccessController.doPrivileged(Native Method) ~[?:1.8.0_332]
	at javax.security.auth.Subject.doAs(Subject.java:422) [?:1.8.0_332]
	at org.apache.hadoop.security.UserGroupInformation.doAs(UserGroupInformation.java:1878) [hadoop-common-3.3.1.jar:?]
	at org.apache.hadoop.ipc.Server$Handler.run(Server.java:2966) [hadoop-common-3.3.1.jar:?]
21:07:57.165 [IPC Server handler 16 on default port 33595] ERROR OMAudit - user=runner | ip=127.0.0.1 | op=GET_FILE_STATUS {volume=volume71311, bucket=trashroottest2, key=.Trash, dataSize=0, replicationConfig=null} | ret=FAILURE
org.apache.hadoop.ozone.om.exceptions.OMException: Unable to get file status: volume: volume71311 bucket: trashroottest2 key: .Trash
	at org.apache.hadoop.ozone.om.KeyManagerImpl.getOzoneFileStatus(KeyManagerImpl.java:1311) ~[ozone-manager-1.3.0-SNAPSHOT.jar:?]
	at org.apache.hadoop.ozone.om.KeyManagerImpl.getFileStatus(KeyManagerImpl.java:1241) ~[ozone-manager-1.3.0-SNAPSHOT.jar:?]
	at org.apache.hadoop.ozone.om.OzoneManager.getFileStatus(OzoneManager.java:3419) ~[ozone-manager-1.3.0-SNAPSHOT.jar:?]
	at org.apache.hadoop.ozone.protocolPB.OzoneManagerRequestHandler.getOzoneFileStatus(OzoneManagerRequestHandler.java:871) ~[ozone-manager-1.3.0-SNAPSHOT.jar:?]
	at org.apache.hadoop.ozone.protocolPB.OzoneManagerRequestHandler.handleReadRequest(OzoneManagerRequestHandler.java:217) ~[ozone-manager-1.3.0-SNAPSHOT.jar:?]
	at org.apache.hadoop.ozone.protocolPB.OzoneManagerProtocolServerSideTranslatorPB.submitReadRequestToOM(OzoneManagerProtocolServerSideTranslatorPB.java:226) ~[ozone-manager-1.3.0-SNAPSHOT.jar:?]
	at org.apache.hadoop.ozone.protocolPB.OzoneManagerProtocolServerSideTranslatorPB.processRequest(OzoneManagerProtocolServerSideTranslatorPB.java:175) ~[ozone-manager-1.3.0-SNAPSHOT.jar:?]
	at org.apache.hadoop.hdds.server.OzoneProtocolMessageDispatcher.processRequest(OzoneProtocolMessageDispatcher.java:87) [hdds-server-framework-1.3.0-SNAPSHOT.jar:?]
	at org.apache.hadoop.ozone.protocolPB.OzoneManagerProtocolServerSideTranslatorPB.submitRequest(OzoneManagerProtocolServerSideTranslatorPB.java:147) [ozone-manager-1.3.0-SNAPSHOT.jar:?]
	at org.apache.hadoop.ozone.protocol.proto.OzoneManagerProtocolProtos$OzoneManagerService$2.callBlockingMethod(OzoneManagerProtocolProtos.java) [ozone-interface-client-1.3.0-SNAPSHOT.jar:?]
	at org.apache.hadoop.ipc.ProtobufRpcEngine$Server.processCall(ProtobufRpcEngine.java:466) [hadoop-common-3.3.1.jar:?]
	at org.apache.hadoop.ipc.ProtobufRpcEngine2$Server$ProtoBufRpcInvoker.call(ProtobufRpcEngine2.java:574) [hadoop-common-3.3.1.jar:?]
	at org.apache.hadoop.ipc.ProtobufRpcEngine2$Server$ProtoBufRpcInvoker.call(ProtobufRpcEngine2.java:552) [hadoop-common-3.3.1.jar:?]
	at org.apache.hadoop.ipc.RPC$Server.call(RPC.java:1093) [hadoop-common-3.3.1.jar:?]
	at org.apache.hadoop.ipc.Server$RpcCall.run(Server.java:1035) [hadoop-common-3.3.1.jar:?]
	at org.apache.hadoop.ipc.Server$RpcCall.run(Server.java:963) [hadoop-common-3.3.1.jar:?]
	at java.security.AccessController.doPrivileged(Native Method) ~[?:1.8.0_332]
	at javax.security.auth.Subject.doAs(Subject.java:422) [?:1.8.0_332]
	at org.apache.hadoop.security.UserGroupInformation.doAs(UserGroupInformation.java:1878) [hadoop-common-3.3.1.jar:?]
	at org.apache.hadoop.ipc.Server$Handler.run(Server.java:2966) [hadoop-common-3.3.1.jar:?]
21:07:57.204 [IPC Server handler 4 on default port 33595] ERROR OMAudit - user=runner | ip=127.0.0.1 | op=GET_FILE_STATUS {volume=volume71311, bucket=trashroottest2, key=.Trash/runner, dataSize=0, replicationConfig=null} | ret=FAILURE
org.apache.hadoop.ozone.om.exceptions.OMException: Unable to get file status: volume: volume71311 bucket: trashroottest2 key: .Trash/runner
	at org.apache.hadoop.ozone.om.KeyManagerImpl.getOzoneFileStatus(KeyManagerImpl.java:1311) ~[ozone-manager-1.3.0-SNAPSHOT.jar:?]
	at org.apache.hadoop.ozone.om.KeyManagerImpl.getFileStatus(KeyManagerImpl.java:1241) ~[ozone-manager-1.3.0-SNAPSHOT.jar:?]
	at org.apache.hadoop.ozone.om.OzoneManager.getFileStatus(OzoneManager.java:3419) ~[ozone-manager-1.3.0-SNAPSHOT.jar:?]
	at org.apache.hadoop.ozone.protocolPB.OzoneManagerRequestHandler.getOzoneFileStatus(OzoneManagerRequestHandler.java:871) ~[ozone-manager-1.3.0-SNAPSHOT.jar:?]
	at org.apache.hadoop.ozone.protocolPB.OzoneManagerRequestHandler.handleReadRequest(OzoneManagerRequestHandler.java:217) ~[ozone-manager-1.3.0-SNAPSHOT.jar:?]
	at org.apache.hadoop.ozone.protocolPB.OzoneManagerProtocolServerSideTranslatorPB.submitReadRequestToOM(OzoneManagerProtocolServerSideTranslatorPB.java:226) ~[ozone-manager-1.3.0-SNAPSHOT.jar:?]
	at org.apache.hadoop.ozone.protocolPB.OzoneManagerProtocolServerSideTranslatorPB.processRequest(OzoneManagerProtocolServerSideTranslatorPB.java:175) ~[ozone-manager-1.3.0-SNAPSHOT.jar:?]
	at org.apache.hadoop.hdds.server.OzoneProtocolMessageDispatcher.processRequest(OzoneProtocolMessageDispatcher.java:87) [hdds-server-framework-1.3.0-SNAPSHOT.jar:?]
	at org.apache.hadoop.ozone.protocolPB.OzoneManagerProtocolServerSideTranslatorPB.submitRequest(OzoneManagerProtocolServerSideTranslatorPB.java:147) [ozone-manager-1.3.0-SNAPSHOT.jar:?]
	at org.apache.hadoop.ozone.protocol.proto.OzoneManagerProtocolProtos$OzoneManagerService$2.callBlockingMethod(OzoneManagerProtocolProtos.java) [ozone-interface-client-1.3.0-SNAPSHOT.jar:?]
	at org.apache.hadoop.ipc.ProtobufRpcEngine$Server.processCall(ProtobufRpcEngine.java:466) [hadoop-common-3.3.1.jar:?]
	at org.apache.hadoop.ipc.ProtobufRpcEngine2$Server$ProtoBufRpcInvoker.call(ProtobufRpcEngine2.java:574) [hadoop-common-3.3.1.jar:?]
	at org.apache.hadoop.ipc.ProtobufRpcEngine2$Server$ProtoBufRpcInvoker.call(ProtobufRpcEngine2.java:552) [hadoop-common-3.3.1.jar:?]
	at org.apache.hadoop.ipc.RPC$Server.call(RPC.java:1093) [hadoop-common-3.3.1.jar:?]
	at org.apache.hadoop.ipc.Server$RpcCall.run(Server.java:1035) [hadoop-common-3.3.1.jar:?]
	at org.apache.hadoop.ipc.Server$RpcCall.run(Server.java:963) [hadoop-common-3.3.1.jar:?]
	at java.security.AccessController.doPrivileged(Native Method) ~[?:1.8.0_332]
	at javax.security.auth.Subject.doAs(Subject.java:422) [?:1.8.0_332]
	at org.apache.hadoop.security.UserGroupInformation.doAs(UserGroupInformation.java:1878) [hadoop-common-3.3.1.jar:?]
	at org.apache.hadoop.ipc.Server$Handler.run(Server.java:2966) [hadoop-common-3.3.1.jar:?]
21:07:57.208 [IPC Server handler 14 on default port 33595] ERROR OMAudit - user=runner | ip=127.0.0.1 | op=GET_FILE_STATUS {volume=volume32266, bucket=bucket55491, key=.Trash/runner, dataSize=0, replicationConfig=null} | ret=FAILURE
org.apache.hadoop.ozone.om.exceptions.OMException: Unable to get file status: volume: volume32266 bucket: bucket55491 key: .Trash/runner
	at org.apache.hadoop.ozone.om.KeyManagerImpl.getOzoneFileStatus(KeyManagerImpl.java:1311) ~[ozone-manager-1.3.0-SNAPSHOT.jar:?]
	at org.apache.hadoop.ozone.om.KeyManagerImpl.getFileStatus(KeyManagerImpl.java:1241) ~[ozone-manager-1.3.0-SNAPSHOT.jar:?]
	at org.apache.hadoop.ozone.om.OzoneManager.getFileStatus(OzoneManager.java:3419) ~[ozone-manager-1.3.0-SNAPSHOT.jar:?]
	at org.apache.hadoop.ozone.protocolPB.OzoneManagerRequestHandler.getOzoneFileStatus(OzoneManagerRequestHandler.java:871) ~[ozone-manager-1.3.0-SNAPSHOT.jar:?]
	at org.apache.hadoop.ozone.protocolPB.OzoneManagerRequestHandler.handleReadRequest(OzoneManagerRequestHandler.java:217) ~[ozone-manager-1.3.0-SNAPSHOT.jar:?]
	at org.apache.hadoop.ozone.protocolPB.OzoneManagerProtocolServerSideTranslatorPB.submitReadRequestToOM(OzoneManagerProtocolServerSideTranslatorPB.java:226) ~[ozone-manager-1.3.0-SNAPSHOT.jar:?]
	at org.apache.hadoop.ozone.protocolPB.OzoneManagerProtocolServerSideTranslatorPB.processRequest(OzoneManagerProtocolServerSideTranslatorPB.java:175) ~[ozone-manager-1.3.0-SNAPSHOT.jar:?]
	at org.apache.hadoop.hdds.server.OzoneProtocolMessageDispatcher.processRequest(OzoneProtocolMessageDispatcher.java:87) [hdds-server-framework-1.3.0-SNAPSHOT.jar:?]
	at org.apache.hadoop.ozone.protocolPB.OzoneManagerProtocolServerSideTranslatorPB.submitRequest(OzoneManagerProtocolServerSideTranslatorPB.java:147) [ozone-manager-1.3.0-SNAPSHOT.jar:?]
	at org.apache.hadoop.ozone.protocol.proto.OzoneManagerProtocolProtos$OzoneManagerService$2.callBlockingMethod(OzoneManagerProtocolProtos.java) [ozone-interface-client-1.3.0-SNAPSHOT.jar:?]
	at org.apache.hadoop.ipc.ProtobufRpcEngine$Server.processCall(ProtobufRpcEngine.java:466) [hadoop-common-3.3.1.jar:?]
	at org.apache.hadoop.ipc.ProtobufRpcEngine2$Server$ProtoBufRpcInvoker.call(ProtobufRpcEngine2.java:574) [hadoop-common-3.3.1.jar:?]
	at org.apache.hadoop.ipc.ProtobufRpcEngine2$Server$ProtoBufRpcInvoker.call(ProtobufRpcEngine2.java:552) [hadoop-common-3.3.1.jar:?]
	at org.apache.hadoop.ipc.RPC$Server.call(RPC.java:1093) [hadoop-common-3.3.1.jar:?]
	at org.apache.hadoop.ipc.Server$RpcCall.run(Server.java:1035) [hadoop-common-3.3.1.jar:?]
	at org.apache.hadoop.ipc.Server$RpcCall.run(Server.java:963) [hadoop-common-3.3.1.jar:?]
	at java.security.AccessController.doPrivileged(Native Method) ~[?:1.8.0_332]
	at javax.security.auth.Subject.doAs(Subject.java:422) [?:1.8.0_332]
	at org.apache.hadoop.security.UserGroupInformation.doAs(UserGroupInformation.java:1878) [hadoop-common-3.3.1.jar:?]
	at org.apache.hadoop.ipc.Server$Handler.run(Server.java:2966) [hadoop-common-3.3.1.jar:?]
21:07:57.218 [IPC Server handler 6 on default port 33595] ERROR OMAudit - user=runner | ip=127.0.0.1 | op=GET_FILE_STATUS {volume=719f005b-7ce7-4497-a3c4-5a0502a87ab3, bucket=c4f6f902-b53b-49e0-ad8b-4a2eba0e140d, key=.Trash, dataSize=0, replicationConfig=null} | ret=FAILURE
org.apache.hadoop.ozone.om.exceptions.OMException: Unable to get file status: volume: 719f005b-7ce7-4497-a3c4-5a0502a87ab3 bucket: c4f6f902-b53b-49e0-ad8b-4a2eba0e140d key: .Trash
	at org.apache.hadoop.ozone.om.KeyManagerImpl.getOzoneFileStatus(KeyManagerImpl.java:1311) ~[ozone-manager-1.3.0-SNAPSHOT.jar:?]
	at org.apache.hadoop.ozone.om.KeyManagerImpl.getFileStatus(KeyManagerImpl.java:1241) ~[ozone-manager-1.3.0-SNAPSHOT.jar:?]
	at org.apache.hadoop.ozone.om.OzoneManager.getFileStatus(OzoneManager.java:3419) ~[ozone-manager-1.3.0-SNAPSHOT.jar:?]
	at org.apache.hadoop.ozone.protocolPB.OzoneManagerRequestHandler.getOzoneFileStatus(OzoneManagerRequestHandler.java:871) ~[ozone-manager-1.3.0-SNAPSHOT.jar:?]
	at org.apache.hadoop.ozone.protocolPB.OzoneManagerRequestHandler.handleReadRequest(OzoneManagerRequestHandler.java:217) ~[ozone-manager-1.3.0-SNAPSHOT.jar:?]
	at org.apache.hadoop.ozone.protocolPB.OzoneManagerProtocolServerSideTranslatorPB.submitReadRequestToOM(OzoneManagerProtocolServerSideTranslatorPB.java:226) ~[ozone-manager-1.3.0-SNAPSHOT.jar:?]
	at org.apache.hadoop.ozone.protocolPB.OzoneManagerProtocolServerSideTranslatorPB.processRequest(OzoneManagerProtocolServerSideTranslatorPB.java:175) ~[ozone-manager-1.3.0-SNAPSHOT.jar:?]
	at org.apache.hadoop.hdds.server.OzoneProtocolMessageDispatcher.processRequest(OzoneProtocolMessageDispatcher.java:87) [hdds-server-framework-1.3.0-SNAPSHOT.jar:?]
	at org.apache.hadoop.ozone.protocolPB.OzoneManagerProtocolServerSideTranslatorPB.submitRequest(OzoneManagerProtocolServerSideTranslatorPB.java:147) [ozone-manager-1.3.0-SNAPSHOT.jar:?]
	at org.apache.hadoop.ozone.protocol.proto.OzoneManagerProtocolProtos$OzoneManagerService$2.callBlockingMethod(OzoneManagerProtocolProtos.java) [ozone-interface-client-1.3.0-SNAPSHOT.jar:?]
	at org.apache.hadoop.ipc.ProtobufRpcEngine$Server.processCall(ProtobufRpcEngine.java:466) [hadoop-common-3.3.1.jar:?]
	at org.apache.hadoop.ipc.ProtobufRpcEngine2$Server$ProtoBufRpcInvoker.call(ProtobufRpcEngine2.java:574) [hadoop-common-3.3.1.jar:?]
	at org.apache.hadoop.ipc.ProtobufRpcEngine2$Server$ProtoBufRpcInvoker.call(ProtobufRpcEngine2.java:552) [hadoop-common-3.3.1.jar:?]
	at org.apache.hadoop.ipc.RPC$Server.call(RPC.java:1093) [hadoop-common-3.3.1.jar:?]
	at org.apache.hadoop.ipc.Server$RpcCall.run(Server.java:1035) [hadoop-common-3.3.1.jar:?]
	at org.apache.hadoop.ipc.Server$RpcCall.run(Server.java:963) [hadoop-common-3.3.1.jar:?]
	at java.security.AccessController.doPrivileged(Native Method) ~[?:1.8.0_332]
	at javax.security.auth.Subject.doAs(Subject.java:422) [?:1.8.0_332]
	at org.apache.hadoop.security.UserGroupInformation.doAs(UserGroupInformation.java:1878) [hadoop-common-3.3.1.jar:?]
	at org.apache.hadoop.ipc.Server$Handler.run(Server.java:2966) [hadoop-common-3.3.1.jar:?]
21:07:57.221 [IPC Server handler 16 on default port 33595] ERROR OMAudit - user=runner | ip=127.0.0.1 | op=GET_FILE_STATUS {volume=volume32266, bucket=bucket55491, key=.Trash, dataSize=0, replicationConfig=null} | ret=FAILURE
org.apache.hadoop.ozone.om.exceptions.OMException: Unable to get file status: volume: volume32266 bucket: bucket55491 key: .Trash
	at org.apache.hadoop.ozone.om.KeyManagerImpl.getOzoneFileStatus(KeyManagerImpl.java:1311) ~[ozone-manager-1.3.0-SNAPSHOT.jar:?]
	at org.apache.hadoop.ozone.om.KeyManagerImpl.getFileStatus(KeyManagerImpl.java:1241) ~[ozone-manager-1.3.0-SNAPSHOT.jar:?]
	at org.apache.hadoop.ozone.om.OzoneManager.getFileStatus(OzoneManager.java:3419) ~[ozone-manager-1.3.0-SNAPSHOT.jar:?]
	at org.apache.hadoop.ozone.protocolPB.OzoneManagerRequestHandler.getOzoneFileStatus(OzoneManagerRequestHandler.java:871) ~[ozone-manager-1.3.0-SNAPSHOT.jar:?]
	at org.apache.hadoop.ozone.protocolPB.OzoneManagerRequestHandler.handleReadRequest(OzoneManagerRequestHandler.java:217) ~[ozone-manager-1.3.0-SNAPSHOT.jar:?]
	at org.apache.hadoop.ozone.protocolPB.OzoneManagerProtocolServerSideTranslatorPB.submitReadRequestToOM(OzoneManagerProtocolServerSideTranslatorPB.java:226) ~[ozone-manager-1.3.0-SNAPSHOT.jar:?]
	at org.apache.hadoop.ozone.protocolPB.OzoneManagerProtocolServerSideTranslatorPB.processRequest(OzoneManagerProtocolServerSideTranslatorPB.java:175) ~[ozone-manager-1.3.0-SNAPSHOT.jar:?]
	at org.apache.hadoop.hdds.server.OzoneProtocolMessageDispatcher.processRequest(OzoneProtocolMessageDispatcher.java:87) [hdds-server-framework-1.3.0-SNAPSHOT.jar:?]
	at org.apache.hadoop.ozone.protocolPB.OzoneManagerProtocolServerSideTranslatorPB.submitRequest(OzoneManagerProtocolServerSideTranslatorPB.java:147) [ozone-manager-1.3.0-SNAPSHOT.jar:?]
	at org.apache.hadoop.ozone.protocol.proto.OzoneManagerProtocolProtos$OzoneManagerService$2.callBlockingMethod(OzoneManagerProtocolProtos.java) [ozone-interface-client-1.3.0-SNAPSHOT.jar:?]
	at org.apache.hadoop.ipc.ProtobufRpcEngine$Server.processCall(ProtobufRpcEngine.java:466) [hadoop-common-3.3.1.jar:?]
	at org.apache.hadoop.ipc.ProtobufRpcEngine2$Server$ProtoBufRpcInvoker.call(ProtobufRpcEngine2.java:574) [hadoop-common-3.3.1.jar:?]
	at org.apache.hadoop.ipc.ProtobufRpcEngine2$Server$ProtoBufRpcInvoker.call(ProtobufRpcEngine2.java:552) [hadoop-common-3.3.1.jar:?]
	at org.apache.hadoop.ipc.RPC$Server.call(RPC.java:1093) [hadoop-common-3.3.1.jar:?]
	at org.apache.hadoop.ipc.Server$RpcCall.run(Server.java:1035) [hadoop-common-3.3.1.jar:?]
	at org.apache.hadoop.ipc.Server$RpcCall.run(Server.java:963) [hadoop-common-3.3.1.jar:?]
	at java.security.AccessController.doPrivileged(Native Method) ~[?:1.8.0_332]
	at javax.security.auth.Subject.doAs(Subject.java:422) [?:1.8.0_332]
	at org.apache.hadoop.security.UserGroupInformation.doAs(UserGroupInformation.java:1878) [hadoop-common-3.3.1.jar:?]
	at org.apache.hadoop.ipc.Server$Handler.run(Server.java:2966) [hadoop-common-3.3.1.jar:?]
21:07:57.225 [IPC Server handler 10 on default port 33595] ERROR OMAudit - user=runner | ip=127.0.0.1 | op=GET_FILE_STATUS {volume=volume71311, bucket=trashroottest2, key=.Trash, dataSize=0, replicationConfig=null} | ret=FAILURE
org.apache.hadoop.ozone.om.exceptions.OMException: Unable to get file status: volume: volume71311 bucket: trashroottest2 key: .Trash
	at org.apache.hadoop.ozone.om.KeyManagerImpl.getOzoneFileStatus(KeyManagerImpl.java:1311) ~[ozone-manager-1.3.0-SNAPSHOT.jar:?]
	at org.apache.hadoop.ozone.om.KeyManagerImpl.getFileStatus(KeyManagerImpl.java:1241) ~[ozone-manager-1.3.0-SNAPSHOT.jar:?]
	at org.apache.hadoop.ozone.om.OzoneManager.getFileStatus(OzoneManager.java:3419) ~[ozone-manager-1.3.0-SNAPSHOT.jar:?]
	at org.apache.hadoop.ozone.protocolPB.OzoneManagerRequestHandler.getOzoneFileStatus(OzoneManagerRequestHandler.java:871) ~[ozone-manager-1.3.0-SNAPSHOT.jar:?]
	at org.apache.hadoop.ozone.protocolPB.OzoneManagerRequestHandler.handleReadRequest(OzoneManagerRequestHandler.java:217) ~[ozone-manager-1.3.0-SNAPSHOT.jar:?]
	at org.apache.hadoop.ozone.protocolPB.OzoneManagerProtocolServerSideTranslatorPB.submitReadRequestToOM(OzoneManagerProtocolServerSideTranslatorPB.java:226) ~[ozone-manager-1.3.0-SNAPSHOT.jar:?]
	at org.apache.hadoop.ozone.protocolPB.OzoneManagerProtocolServerSideTranslatorPB.processRequest(OzoneManagerProtocolServerSideTranslatorPB.java:175) ~[ozone-manager-1.3.0-SNAPSHOT.jar:?]
	at org.apache.hadoop.hdds.server.OzoneProtocolMessageDispatcher.processRequest(OzoneProtocolMessageDispatcher.java:87) [hdds-server-framework-1.3.0-SNAPSHOT.jar:?]
	at org.apache.hadoop.ozone.protocolPB.OzoneManagerProtocolServerSideTranslatorPB.submitRequest(OzoneManagerProtocolServerSideTranslatorPB.java:147) [ozone-manager-1.3.0-SNAPSHOT.jar:?]
	at org.apache.hadoop.ozone.protocol.proto.OzoneManagerProtocolProtos$OzoneManagerService$2.callBlockingMethod(OzoneManagerProtocolProtos.java) [ozone-interface-client-1.3.0-SNAPSHOT.jar:?]
	at org.apache.hadoop.ipc.ProtobufRpcEngine$Server.processCall(ProtobufRpcEngine.java:466) [hadoop-common-3.3.1.jar:?]
	at org.apache.hadoop.ipc.ProtobufRpcEngine2$Server$ProtoBufRpcInvoker.call(ProtobufRpcEngine2.java:574) [hadoop-common-3.3.1.jar:?]
	at org.apache.hadoop.ipc.ProtobufRpcEngine2$Server$ProtoBufRpcInvoker.call(ProtobufRpcEngine2.java:552) [hadoop-common-3.3.1.jar:?]
	at org.apache.hadoop.ipc.RPC$Server.call(RPC.java:1093) [hadoop-common-3.3.1.jar:?]
	at org.apache.hadoop.ipc.Server$RpcCall.run(Server.java:1035) [hadoop-common-3.3.1.jar:?]
	at org.apache.hadoop.ipc.Server$RpcCall.run(Server.java:963) [hadoop-common-3.3.1.jar:?]
	at java.security.AccessController.doPrivileged(Native Method) ~[?:1.8.0_332]
	at javax.security.auth.Subject.doAs(Subject.java:422) [?:1.8.0_332]
	at org.apache.hadoop.security.UserGroupInformation.doAs(UserGroupInformation.java:1878) [hadoop-common-3.3.1.jar:?]
	at org.apache.hadoop.ipc.Server$Handler.run(Server.java:2966) [hadoop-common-3.3.1.jar:?]
21:07:57.263 [IPC Server handler 11 on default port 33595] ERROR OMAudit - user=runner | ip=127.0.0.1 | op=GET_FILE_STATUS {volume=volume71311, bucket=bucket75989, key=.Trash/runner, dataSize=0, replicationConfig=null} | ret=FAILURE
org.apache.hadoop.ozone.om.exceptions.OMException: Unable to get file status: volume: volume71311 bucket: bucket75989 key: .Trash/runner
	at org.apache.hadoop.ozone.om.KeyManagerImpl.getOzoneFileStatus(KeyManagerImpl.java:1311) ~[ozone-manager-1.3.0-SNAPSHOT.jar:?]
	at org.apache.hadoop.ozone.om.KeyManagerImpl.getFileStatus(KeyManagerImpl.java:1241) ~[ozone-manager-1.3.0-SNAPSHOT.jar:?]
	at org.apache.hadoop.ozone.om.OzoneManager.getFileStatus(OzoneManager.java:3419) ~[ozone-manager-1.3.0-SNAPSHOT.jar:?]
	at org.apache.hadoop.ozone.protocolPB.OzoneManagerRequestHandler.getOzoneFileStatus(OzoneManagerRequestHandler.java:871) ~[ozone-manager-1.3.0-SNAPSHOT.jar:?]
	at org.apache.hadoop.ozone.protocolPB.OzoneManagerRequestHandler.handleReadRequest(OzoneManagerRequestHandler.java:217) ~[ozone-manager-1.3.0-SNAPSHOT.jar:?]
	at org.apache.hadoop.ozone.protocolPB.OzoneManagerProtocolServerSideTranslatorPB.submitReadRequestToOM(OzoneManagerProtocolServerSideTranslatorPB.java:226) ~[ozone-manager-1.3.0-SNAPSHOT.jar:?]
	at org.apache.hadoop.ozone.protocolPB.OzoneManagerProtocolServerSideTranslatorPB.processRequest(OzoneManagerProtocolServerSideTranslatorPB.java:175) ~[ozone-manager-1.3.0-SNAPSHOT.jar:?]
	at org.apache.hadoop.hdds.server.OzoneProtocolMessageDispatcher.processRequest(OzoneProtocolMessageDispatcher.java:87) [hdds-server-framework-1.3.0-SNAPSHOT.jar:?]
	at org.apache.hadoop.ozone.protocolPB.OzoneManagerProtocolServerSideTranslatorPB.submitRequest(OzoneManagerProtocolServerSideTranslatorPB.java:147) [ozone-manager-1.3.0-SNAPSHOT.jar:?]
	at org.apache.hadoop.ozone.protocol.proto.OzoneManagerProtocolProtos$OzoneManagerService$2.callBlockingMethod(OzoneManagerProtocolProtos.java) [ozone-interface-client-1.3.0-SNAPSHOT.jar:?]
	at org.apache.hadoop.ipc.ProtobufRpcEngine$Server.processCall(ProtobufRpcEngine.java:466) [hadoop-common-3.3.1.jar:?]
	at org.apache.hadoop.ipc.ProtobufRpcEngine2$Server$ProtoBufRpcInvoker.call(ProtobufRpcEngine2.java:574) [hadoop-common-3.3.1.jar:?]
	at org.apache.hadoop.ipc.ProtobufRpcEngine2$Server$ProtoBufRpcInvoker.call(ProtobufRpcEngine2.java:552) [hadoop-common-3.3.1.jar:?]
	at org.apache.hadoop.ipc.RPC$Server.call(RPC.java:1093) [hadoop-common-3.3.1.jar:?]
	at org.apache.hadoop.ipc.Server$RpcCall.run(Server.java:1035) [hadoop-common-3.3.1.jar:?]
	at org.apache.hadoop.ipc.Server$RpcCall.run(Server.java:963) [hadoop-common-3.3.1.jar:?]
	at java.security.AccessController.doPrivileged(Native Method) ~[?:1.8.0_332]
	at javax.security.auth.Subject.doAs(Subject.java:422) [?:1.8.0_332]
	at org.apache.hadoop.security.UserGroupInformation.doAs(UserGroupInformation.java:1878) [hadoop-common-3.3.1.jar:?]
	at org.apache.hadoop.ipc.Server$Handler.run(Server.java:2966) [hadoop-common-3.3.1.jar:?]
21:07:57.272 [IPC Server handler 8 on default port 33595] ERROR OMAudit - user=runner | ip=127.0.0.1 | op=GET_FILE_STATUS {volume=719f005b-7ce7-4497-a3c4-5a0502a87ab3, bucket=c4f6f902-b53b-49e0-ad8b-4a2eba0e140d, key=.Trash, dataSize=0, replicationConfig=null} | ret=FAILURE
org.apache.hadoop.ozone.om.exceptions.OMException: Unable to get file status: volume: 719f005b-7ce7-4497-a3c4-5a0502a87ab3 bucket: c4f6f902-b53b-49e0-ad8b-4a2eba0e140d key: .Trash
	at org.apache.hadoop.ozone.om.KeyManagerImpl.getOzoneFileStatus(KeyManagerImpl.java:1311) ~[ozone-manager-1.3.0-SNAPSHOT.jar:?]
	at org.apache.hadoop.ozone.om.KeyManagerImpl.getFileStatus(KeyManagerImpl.java:1241) ~[ozone-manager-1.3.0-SNAPSHOT.jar:?]
	at org.apache.hadoop.ozone.om.OzoneManager.getFileStatus(OzoneManager.java:3419) ~[ozone-manager-1.3.0-SNAPSHOT.jar:?]
	at org.apache.hadoop.ozone.protocolPB.OzoneManagerRequestHandler.getOzoneFileStatus(OzoneManagerRequestHandler.java:871) ~[ozone-manager-1.3.0-SNAPSHOT.jar:?]
	at org.apache.hadoop.ozone.protocolPB.OzoneManagerRequestHandler.handleReadRequest(OzoneManagerRequestHandler.java:217) ~[ozone-manager-1.3.0-SNAPSHOT.jar:?]
	at org.apache.hadoop.ozone.protocolPB.OzoneManagerProtocolServerSideTranslatorPB.submitReadRequestToOM(OzoneManagerProtocolServerSideTranslatorPB.java:226) ~[ozone-manager-1.3.0-SNAPSHOT.jar:?]
	at org.apache.hadoop.ozone.protocolPB.OzoneManagerProtocolServerSideTranslatorPB.processRequest(OzoneManagerProtocolServerSideTranslatorPB.java:175) ~[ozone-manager-1.3.0-SNAPSHOT.jar:?]
	at org.apache.hadoop.hdds.server.OzoneProtocolMessageDispatcher.processRequest(OzoneProtocolMessageDispatcher.java:87) [hdds-server-framework-1.3.0-SNAPSHOT.jar:?]
	at org.apache.hadoop.ozone.protocolPB.OzoneManagerProtocolServerSideTranslatorPB.submitRequest(OzoneManagerProtocolServerSideTranslatorPB.java:147) [ozone-manager-1.3.0-SNAPSHOT.jar:?]
	at org.apache.hadoop.ozone.protocol.proto.OzoneManagerProtocolProtos$OzoneManagerService$2.callBlockingMethod(OzoneManagerProtocolProtos.java) [ozone-interface-client-1.3.0-SNAPSHOT.jar:?]
	at org.apache.hadoop.ipc.ProtobufRpcEngine$Server.processCall(ProtobufRpcEngine.java:466) [hadoop-common-3.3.1.jar:?]
	at org.apache.hadoop.ipc.ProtobufRpcEngine2$Server$ProtoBufRpcInvoker.call(ProtobufRpcEngine2.java:574) [hadoop-common-3.3.1.jar:?]
	at org.apache.hadoop.ipc.ProtobufRpcEngine2$Server$ProtoBufRpcInvoker.call(ProtobufRpcEngine2.java:552) [hadoop-common-3.3.1.jar:?]
	at org.apache.hadoop.ipc.RPC$Server.call(RPC.java:1093) [hadoop-common-3.3.1.jar:?]
	at org.apache.hadoop.ipc.Server$RpcCall.run(Server.java:1035) [hadoop-common-3.3.1.jar:?]
	at org.apache.hadoop.ipc.Server$RpcCall.run(Server.java:963) [hadoop-common-3.3.1.jar:?]
	at java.security.AccessController.doPrivileged(Native Method) ~[?:1.8.0_332]
	at javax.security.auth.Subject.doAs(Subject.java:422) [?:1.8.0_332]
	at org.apache.hadoop.security.UserGroupInformation.doAs(UserGroupInformation.java:1878) [hadoop-common-3.3.1.jar:?]
	at org.apache.hadoop.ipc.Server$Handler.run(Server.java:2966) [hadoop-common-3.3.1.jar:?]
]]></system-out>
  </testcase>
  <testcase name="testGetTrashRoots" classname="TestRootedOzoneFileSystem" time="1.294">
    <system-out><![CDATA[2022-07-12 21:09:38,873 [Time-limited test] INFO  rpc.RpcClient (RpcClient.java:createVolume(466)) - Creating Volume: volume07912, with user57830 as owner and space quota set to -1 bytes, counts quota set to -1
2022-07-12 21:09:38,874 [IPC Server handler 2 on default port 32899] INFO  volume.OMVolumeCreateRequest (OMVolumeCreateRequest.java:validateAndUpdateCache(195)) - created volume:volume07912 for user:user57830
2022-07-12 21:09:38,884 [Time-limited test] INFO  rpc.RpcClient (RpcClient.java:createBucket(669)) - Creating Bucket: volume07912/bucket18844, with bucket layout LEGACY, runner as owner, Versioning false, Storage Type set to DISK and Encryption set to false 
2022-07-12 21:09:38,892 [IPC Server handler 12 on default port 32899] INFO  bucket.OMBucketCreateRequest (OMBucketCreateRequest.java:validateAndUpdateCache(260)) - created bucket: bucket18844 of layout LEGACY in volume: volume07912
21:09:38.905 [IPC Server handler 16 on default port 32899] ERROR OMAudit - user=runner | ip=127.0.0.1 | op=GET_FILE_STATUS {volume=volume07912, bucket=bucket18844, key=.Trash/runner, dataSize=0, replicationConfig=null} | ret=FAILURE
org.apache.hadoop.ozone.om.exceptions.OMException: Unable to get file status: volume: volume07912 bucket: bucket18844 key: .Trash/runner
	at org.apache.hadoop.ozone.om.KeyManagerImpl.getOzoneFileStatus(KeyManagerImpl.java:1311) ~[ozone-manager-1.3.0-SNAPSHOT.jar:?]
	at org.apache.hadoop.ozone.om.KeyManagerImpl.getFileStatus(KeyManagerImpl.java:1241) ~[ozone-manager-1.3.0-SNAPSHOT.jar:?]
	at org.apache.hadoop.ozone.om.OzoneManager.getFileStatus(OzoneManager.java:3419) ~[ozone-manager-1.3.0-SNAPSHOT.jar:?]
	at org.apache.hadoop.ozone.protocolPB.OzoneManagerRequestHandler.getOzoneFileStatus(OzoneManagerRequestHandler.java:871) ~[ozone-manager-1.3.0-SNAPSHOT.jar:?]
	at org.apache.hadoop.ozone.protocolPB.OzoneManagerRequestHandler.handleReadRequest(OzoneManagerRequestHandler.java:217) ~[ozone-manager-1.3.0-SNAPSHOT.jar:?]
	at org.apache.hadoop.ozone.protocolPB.OzoneManagerProtocolServerSideTranslatorPB.submitRequestDirectlyToOM(OzoneManagerProtocolServerSideTranslatorPB.java:276) ~[ozone-manager-1.3.0-SNAPSHOT.jar:?]
	at org.apache.hadoop.ozone.protocolPB.OzoneManagerProtocolServerSideTranslatorPB.processRequest(OzoneManagerProtocolServerSideTranslatorPB.java:205) ~[ozone-manager-1.3.0-SNAPSHOT.jar:?]
	at org.apache.hadoop.hdds.server.OzoneProtocolMessageDispatcher.processRequest(OzoneProtocolMessageDispatcher.java:87) [hdds-server-framework-1.3.0-SNAPSHOT.jar:?]
	at org.apache.hadoop.ozone.protocolPB.OzoneManagerProtocolServerSideTranslatorPB.submitRequest(OzoneManagerProtocolServerSideTranslatorPB.java:147) [ozone-manager-1.3.0-SNAPSHOT.jar:?]
	at org.apache.hadoop.ozone.protocol.proto.OzoneManagerProtocolProtos$OzoneManagerService$2.callBlockingMethod(OzoneManagerProtocolProtos.java) [ozone-interface-client-1.3.0-SNAPSHOT.jar:?]
	at org.apache.hadoop.ipc.ProtobufRpcEngine$Server.processCall(ProtobufRpcEngine.java:466) [hadoop-common-3.3.1.jar:?]
	at org.apache.hadoop.ipc.ProtobufRpcEngine2$Server$ProtoBufRpcInvoker.call(ProtobufRpcEngine2.java:574) [hadoop-common-3.3.1.jar:?]
	at org.apache.hadoop.ipc.ProtobufRpcEngine2$Server$ProtoBufRpcInvoker.call(ProtobufRpcEngine2.java:552) [hadoop-common-3.3.1.jar:?]
	at org.apache.hadoop.ipc.RPC$Server.call(RPC.java:1093) [hadoop-common-3.3.1.jar:?]
	at org.apache.hadoop.ipc.Server$RpcCall.run(Server.java:1035) [hadoop-common-3.3.1.jar:?]
	at org.apache.hadoop.ipc.Server$RpcCall.run(Server.java:963) [hadoop-common-3.3.1.jar:?]
	at java.security.AccessController.doPrivileged(Native Method) ~[?:1.8.0_332]
	at javax.security.auth.Subject.doAs(Subject.java:422) [?:1.8.0_332]
	at org.apache.hadoop.security.UserGroupInformation.doAs(UserGroupInformation.java:1878) [hadoop-common-3.3.1.jar:?]
	at org.apache.hadoop.ipc.Server$Handler.run(Server.java:2966) [hadoop-common-3.3.1.jar:?]
21:09:38.911 [IPC Server handler 3 on default port 32899] ERROR OMAudit - user=runner | ip=127.0.0.1 | op=GET_FILE_STATUS {volume=dd33d530-16cb-46de-b455-080a7bbfb62e, bucket=d9b95c46-d9aa-4050-a226-f1c9fccae728, key=.Trash, dataSize=0, replicationConfig=null} | ret=FAILURE
org.apache.hadoop.ozone.om.exceptions.OMException: Unable to get file status: volume: dd33d530-16cb-46de-b455-080a7bbfb62e bucket: d9b95c46-d9aa-4050-a226-f1c9fccae728 key: .Trash
	at org.apache.hadoop.ozone.om.KeyManagerImpl.getOzoneFileStatus(KeyManagerImpl.java:1311) ~[ozone-manager-1.3.0-SNAPSHOT.jar:?]
	at org.apache.hadoop.ozone.om.KeyManagerImpl.getFileStatus(KeyManagerImpl.java:1241) ~[ozone-manager-1.3.0-SNAPSHOT.jar:?]
	at org.apache.hadoop.ozone.om.OzoneManager.getFileStatus(OzoneManager.java:3419) ~[ozone-manager-1.3.0-SNAPSHOT.jar:?]
	at org.apache.hadoop.ozone.protocolPB.OzoneManagerRequestHandler.getOzoneFileStatus(OzoneManagerRequestHandler.java:871) ~[ozone-manager-1.3.0-SNAPSHOT.jar:?]
	at org.apache.hadoop.ozone.protocolPB.OzoneManagerRequestHandler.handleReadRequest(OzoneManagerRequestHandler.java:217) ~[ozone-manager-1.3.0-SNAPSHOT.jar:?]
	at org.apache.hadoop.ozone.protocolPB.OzoneManagerProtocolServerSideTranslatorPB.submitRequestDirectlyToOM(OzoneManagerProtocolServerSideTranslatorPB.java:276) ~[ozone-manager-1.3.0-SNAPSHOT.jar:?]
	at org.apache.hadoop.ozone.protocolPB.OzoneManagerProtocolServerSideTranslatorPB.processRequest(OzoneManagerProtocolServerSideTranslatorPB.java:205) ~[ozone-manager-1.3.0-SNAPSHOT.jar:?]
	at org.apache.hadoop.hdds.server.OzoneProtocolMessageDispatcher.processRequest(OzoneProtocolMessageDispatcher.java:87) [hdds-server-framework-1.3.0-SNAPSHOT.jar:?]
	at org.apache.hadoop.ozone.protocolPB.OzoneManagerProtocolServerSideTranslatorPB.submitRequest(OzoneManagerProtocolServerSideTranslatorPB.java:147) [ozone-manager-1.3.0-SNAPSHOT.jar:?]
	at org.apache.hadoop.ozone.protocol.proto.OzoneManagerProtocolProtos$OzoneManagerService$2.callBlockingMethod(OzoneManagerProtocolProtos.java) [ozone-interface-client-1.3.0-SNAPSHOT.jar:?]
	at org.apache.hadoop.ipc.ProtobufRpcEngine$Server.processCall(ProtobufRpcEngine.java:466) [hadoop-common-3.3.1.jar:?]
	at org.apache.hadoop.ipc.ProtobufRpcEngine2$Server$ProtoBufRpcInvoker.call(ProtobufRpcEngine2.java:574) [hadoop-common-3.3.1.jar:?]
	at org.apache.hadoop.ipc.ProtobufRpcEngine2$Server$ProtoBufRpcInvoker.call(ProtobufRpcEngine2.java:552) [hadoop-common-3.3.1.jar:?]
	at org.apache.hadoop.ipc.RPC$Server.call(RPC.java:1093) [hadoop-common-3.3.1.jar:?]
	at org.apache.hadoop.ipc.Server$RpcCall.run(Server.java:1035) [hadoop-common-3.3.1.jar:?]
	at org.apache.hadoop.ipc.Server$RpcCall.run(Server.java:963) [hadoop-common-3.3.1.jar:?]
	at java.security.AccessController.doPrivileged(Native Method) ~[?:1.8.0_332]
	at javax.security.auth.Subject.doAs(Subject.java:422) [?:1.8.0_332]
	at org.apache.hadoop.security.UserGroupInformation.doAs(UserGroupInformation.java:1878) [hadoop-common-3.3.1.jar:?]
	at org.apache.hadoop.ipc.Server$Handler.run(Server.java:2966) [hadoop-common-3.3.1.jar:?]
21:09:38.913 [IPC Server handler 4 on default port 32899] ERROR OMAudit - user=runner | ip=127.0.0.1 | op=GET_FILE_STATUS {volume=volume07912, bucket=bucket18844, key=.Trash, dataSize=0, replicationConfig=null} | ret=FAILURE
org.apache.hadoop.ozone.om.exceptions.OMException: Unable to get file status: volume: volume07912 bucket: bucket18844 key: .Trash
	at org.apache.hadoop.ozone.om.KeyManagerImpl.getOzoneFileStatus(KeyManagerImpl.java:1311) ~[ozone-manager-1.3.0-SNAPSHOT.jar:?]
	at org.apache.hadoop.ozone.om.KeyManagerImpl.getFileStatus(KeyManagerImpl.java:1241) ~[ozone-manager-1.3.0-SNAPSHOT.jar:?]
	at org.apache.hadoop.ozone.om.OzoneManager.getFileStatus(OzoneManager.java:3419) ~[ozone-manager-1.3.0-SNAPSHOT.jar:?]
	at org.apache.hadoop.ozone.protocolPB.OzoneManagerRequestHandler.getOzoneFileStatus(OzoneManagerRequestHandler.java:871) ~[ozone-manager-1.3.0-SNAPSHOT.jar:?]
	at org.apache.hadoop.ozone.protocolPB.OzoneManagerRequestHandler.handleReadRequest(OzoneManagerRequestHandler.java:217) ~[ozone-manager-1.3.0-SNAPSHOT.jar:?]
	at org.apache.hadoop.ozone.protocolPB.OzoneManagerProtocolServerSideTranslatorPB.submitRequestDirectlyToOM(OzoneManagerProtocolServerSideTranslatorPB.java:276) ~[ozone-manager-1.3.0-SNAPSHOT.jar:?]
	at org.apache.hadoop.ozone.protocolPB.OzoneManagerProtocolServerSideTranslatorPB.processRequest(OzoneManagerProtocolServerSideTranslatorPB.java:205) ~[ozone-manager-1.3.0-SNAPSHOT.jar:?]
	at org.apache.hadoop.hdds.server.OzoneProtocolMessageDispatcher.processRequest(OzoneProtocolMessageDispatcher.java:87) [hdds-server-framework-1.3.0-SNAPSHOT.jar:?]
	at org.apache.hadoop.ozone.protocolPB.OzoneManagerProtocolServerSideTranslatorPB.submitRequest(OzoneManagerProtocolServerSideTranslatorPB.java:147) [ozone-manager-1.3.0-SNAPSHOT.jar:?]
	at org.apache.hadoop.ozone.protocol.proto.OzoneManagerProtocolProtos$OzoneManagerService$2.callBlockingMethod(OzoneManagerProtocolProtos.java) [ozone-interface-client-1.3.0-SNAPSHOT.jar:?]
	at org.apache.hadoop.ipc.ProtobufRpcEngine$Server.processCall(ProtobufRpcEngine.java:466) [hadoop-common-3.3.1.jar:?]
	at org.apache.hadoop.ipc.ProtobufRpcEngine2$Server$ProtoBufRpcInvoker.call(ProtobufRpcEngine2.java:574) [hadoop-common-3.3.1.jar:?]
	at org.apache.hadoop.ipc.ProtobufRpcEngine2$Server$ProtoBufRpcInvoker.call(ProtobufRpcEngine2.java:552) [hadoop-common-3.3.1.jar:?]
	at org.apache.hadoop.ipc.RPC$Server.call(RPC.java:1093) [hadoop-common-3.3.1.jar:?]
	at org.apache.hadoop.ipc.Server$RpcCall.run(Server.java:1035) [hadoop-common-3.3.1.jar:?]
	at org.apache.hadoop.ipc.Server$RpcCall.run(Server.java:963) [hadoop-common-3.3.1.jar:?]
	at java.security.AccessController.doPrivileged(Native Method) ~[?:1.8.0_332]
	at javax.security.auth.Subject.doAs(Subject.java:422) [?:1.8.0_332]
	at org.apache.hadoop.security.UserGroupInformation.doAs(UserGroupInformation.java:1878) [hadoop-common-3.3.1.jar:?]
	at org.apache.hadoop.ipc.Server$Handler.run(Server.java:2966) [hadoop-common-3.3.1.jar:?]
21:09:38.920 [IPC Server handler 2 on default port 32899] ERROR OMAudit - user=runner | ip=127.0.0.1 | op=GET_FILE_STATUS {volume=dd33d530-16cb-46de-b455-080a7bbfb62e, bucket=d9b95c46-d9aa-4050-a226-f1c9fccae728, key=.Trash, dataSize=0, replicationConfig=null} | ret=FAILURE
org.apache.hadoop.ozone.om.exceptions.OMException: Unable to get file status: volume: dd33d530-16cb-46de-b455-080a7bbfb62e bucket: d9b95c46-d9aa-4050-a226-f1c9fccae728 key: .Trash
	at org.apache.hadoop.ozone.om.KeyManagerImpl.getOzoneFileStatus(KeyManagerImpl.java:1311) ~[ozone-manager-1.3.0-SNAPSHOT.jar:?]
	at org.apache.hadoop.ozone.om.KeyManagerImpl.getFileStatus(KeyManagerImpl.java:1241) ~[ozone-manager-1.3.0-SNAPSHOT.jar:?]
	at org.apache.hadoop.ozone.om.OzoneManager.getFileStatus(OzoneManager.java:3419) ~[ozone-manager-1.3.0-SNAPSHOT.jar:?]
	at org.apache.hadoop.ozone.protocolPB.OzoneManagerRequestHandler.getOzoneFileStatus(OzoneManagerRequestHandler.java:871) ~[ozone-manager-1.3.0-SNAPSHOT.jar:?]
	at org.apache.hadoop.ozone.protocolPB.OzoneManagerRequestHandler.handleReadRequest(OzoneManagerRequestHandler.java:217) ~[ozone-manager-1.3.0-SNAPSHOT.jar:?]
	at org.apache.hadoop.ozone.protocolPB.OzoneManagerProtocolServerSideTranslatorPB.submitRequestDirectlyToOM(OzoneManagerProtocolServerSideTranslatorPB.java:276) ~[ozone-manager-1.3.0-SNAPSHOT.jar:?]
	at org.apache.hadoop.ozone.protocolPB.OzoneManagerProtocolServerSideTranslatorPB.processRequest(OzoneManagerProtocolServerSideTranslatorPB.java:205) ~[ozone-manager-1.3.0-SNAPSHOT.jar:?]
	at org.apache.hadoop.hdds.server.OzoneProtocolMessageDispatcher.processRequest(OzoneProtocolMessageDispatcher.java:87) [hdds-server-framework-1.3.0-SNAPSHOT.jar:?]
	at org.apache.hadoop.ozone.protocolPB.OzoneManagerProtocolServerSideTranslatorPB.submitRequest(OzoneManagerProtocolServerSideTranslatorPB.java:147) [ozone-manager-1.3.0-SNAPSHOT.jar:?]
	at org.apache.hadoop.ozone.protocol.proto.OzoneManagerProtocolProtos$OzoneManagerService$2.callBlockingMethod(OzoneManagerProtocolProtos.java) [ozone-interface-client-1.3.0-SNAPSHOT.jar:?]
	at org.apache.hadoop.ipc.ProtobufRpcEngine$Server.processCall(ProtobufRpcEngine.java:466) [hadoop-common-3.3.1.jar:?]
	at org.apache.hadoop.ipc.ProtobufRpcEngine2$Server$ProtoBufRpcInvoker.call(ProtobufRpcEngine2.java:574) [hadoop-common-3.3.1.jar:?]
	at org.apache.hadoop.ipc.ProtobufRpcEngine2$Server$ProtoBufRpcInvoker.call(ProtobufRpcEngine2.java:552) [hadoop-common-3.3.1.jar:?]
	at org.apache.hadoop.ipc.RPC$Server.call(RPC.java:1093) [hadoop-common-3.3.1.jar:?]
	at org.apache.hadoop.ipc.Server$RpcCall.run(Server.java:1035) [hadoop-common-3.3.1.jar:?]
	at org.apache.hadoop.ipc.Server$RpcCall.run(Server.java:963) [hadoop-common-3.3.1.jar:?]
	at java.security.AccessController.doPrivileged(Native Method) ~[?:1.8.0_332]
	at javax.security.auth.Subject.doAs(Subject.java:422) [?:1.8.0_332]
	at org.apache.hadoop.security.UserGroupInformation.doAs(UserGroupInformation.java:1878) [hadoop-common-3.3.1.jar:?]
	at org.apache.hadoop.ipc.Server$Handler.run(Server.java:2966) [hadoop-common-3.3.1.jar:?]
21:09:38.993 [IPC Server handler 0 on default port 32899] ERROR OMAudit - user=runner | ip=127.0.0.1 | op=GET_FILE_STATUS {volume=dd33d530-16cb-46de-b455-080a7bbfb62e, bucket=d9b95c46-d9aa-4050-a226-f1c9fccae728, key=.Trash, dataSize=0, replicationConfig=null} | ret=FAILURE
org.apache.hadoop.ozone.om.exceptions.OMException: Unable to get file status: volume: dd33d530-16cb-46de-b455-080a7bbfb62e bucket: d9b95c46-d9aa-4050-a226-f1c9fccae728 key: .Trash
	at org.apache.hadoop.ozone.om.KeyManagerImpl.getOzoneFileStatus(KeyManagerImpl.java:1311) ~[ozone-manager-1.3.0-SNAPSHOT.jar:?]
	at org.apache.hadoop.ozone.om.KeyManagerImpl.getFileStatus(KeyManagerImpl.java:1241) ~[ozone-manager-1.3.0-SNAPSHOT.jar:?]
	at org.apache.hadoop.ozone.om.OzoneManager.getFileStatus(OzoneManager.java:3419) ~[ozone-manager-1.3.0-SNAPSHOT.jar:?]
	at org.apache.hadoop.ozone.protocolPB.OzoneManagerRequestHandler.getOzoneFileStatus(OzoneManagerRequestHandler.java:871) ~[ozone-manager-1.3.0-SNAPSHOT.jar:?]
	at org.apache.hadoop.ozone.protocolPB.OzoneManagerRequestHandler.handleReadRequest(OzoneManagerRequestHandler.java:217) ~[ozone-manager-1.3.0-SNAPSHOT.jar:?]
	at org.apache.hadoop.ozone.protocolPB.OzoneManagerProtocolServerSideTranslatorPB.submitRequestDirectlyToOM(OzoneManagerProtocolServerSideTranslatorPB.java:276) ~[ozone-manager-1.3.0-SNAPSHOT.jar:?]
	at org.apache.hadoop.ozone.protocolPB.OzoneManagerProtocolServerSideTranslatorPB.processRequest(OzoneManagerProtocolServerSideTranslatorPB.java:205) ~[ozone-manager-1.3.0-SNAPSHOT.jar:?]
	at org.apache.hadoop.hdds.server.OzoneProtocolMessageDispatcher.processRequest(OzoneProtocolMessageDispatcher.java:87) [hdds-server-framework-1.3.0-SNAPSHOT.jar:?]
	at org.apache.hadoop.ozone.protocolPB.OzoneManagerProtocolServerSideTranslatorPB.submitRequest(OzoneManagerProtocolServerSideTranslatorPB.java:147) [ozone-manager-1.3.0-SNAPSHOT.jar:?]
	at org.apache.hadoop.ozone.protocol.proto.OzoneManagerProtocolProtos$OzoneManagerService$2.callBlockingMethod(OzoneManagerProtocolProtos.java) [ozone-interface-client-1.3.0-SNAPSHOT.jar:?]
	at org.apache.hadoop.ipc.ProtobufRpcEngine$Server.processCall(ProtobufRpcEngine.java:466) [hadoop-common-3.3.1.jar:?]
	at org.apache.hadoop.ipc.ProtobufRpcEngine2$Server$ProtoBufRpcInvoker.call(ProtobufRpcEngine2.java:574) [hadoop-common-3.3.1.jar:?]
	at org.apache.hadoop.ipc.ProtobufRpcEngine2$Server$ProtoBufRpcInvoker.call(ProtobufRpcEngine2.java:552) [hadoop-common-3.3.1.jar:?]
	at org.apache.hadoop.ipc.RPC$Server.call(RPC.java:1093) [hadoop-common-3.3.1.jar:?]
	at org.apache.hadoop.ipc.Server$RpcCall.run(Server.java:1035) [hadoop-common-3.3.1.jar:?]
	at org.apache.hadoop.ipc.Server$RpcCall.run(Server.java:963) [hadoop-common-3.3.1.jar:?]
	at java.security.AccessController.doPrivileged(Native Method) ~[?:1.8.0_332]
	at javax.security.auth.Subject.doAs(Subject.java:422) [?:1.8.0_332]
	at org.apache.hadoop.security.UserGroupInformation.doAs(UserGroupInformation.java:1878) [hadoop-common-3.3.1.jar:?]
	at org.apache.hadoop.ipc.Server$Handler.run(Server.java:2966) [hadoop-common-3.3.1.jar:?]
2022-07-12 21:09:39,011 [Time-limited test] INFO  rpc.RpcClient (RpcClient.java:createBucket(669)) - Creating Bucket: volume07912/trashroottest2, with bucket layout LEGACY, runner as owner, Versioning false, Storage Type set to DISK and Encryption set to false 
2022-07-12 21:09:39,021 [IPC Server handler 12 on default port 32899] INFO  bucket.OMBucketCreateRequest (OMBucketCreateRequest.java:validateAndUpdateCache(260)) - created bucket: trashroottest2 of layout LEGACY in volume: volume07912
21:09:39.304 [IPC Server handler 10 on default port 32899] ERROR OMAudit - user=runner | ip=127.0.0.1 | op=GET_FILE_STATUS {volume=dd33d530-16cb-46de-b455-080a7bbfb62e, bucket=d9b95c46-d9aa-4050-a226-f1c9fccae728, key=.Trash, dataSize=0, replicationConfig=null} | ret=FAILURE
org.apache.hadoop.ozone.om.exceptions.OMException: Unable to get file status: volume: dd33d530-16cb-46de-b455-080a7bbfb62e bucket: d9b95c46-d9aa-4050-a226-f1c9fccae728 key: .Trash
	at org.apache.hadoop.ozone.om.KeyManagerImpl.getOzoneFileStatus(KeyManagerImpl.java:1311) ~[ozone-manager-1.3.0-SNAPSHOT.jar:?]
	at org.apache.hadoop.ozone.om.KeyManagerImpl.getFileStatus(KeyManagerImpl.java:1241) ~[ozone-manager-1.3.0-SNAPSHOT.jar:?]
	at org.apache.hadoop.ozone.om.OzoneManager.getFileStatus(OzoneManager.java:3419) ~[ozone-manager-1.3.0-SNAPSHOT.jar:?]
	at org.apache.hadoop.ozone.protocolPB.OzoneManagerRequestHandler.getOzoneFileStatus(OzoneManagerRequestHandler.java:871) ~[ozone-manager-1.3.0-SNAPSHOT.jar:?]
	at org.apache.hadoop.ozone.protocolPB.OzoneManagerRequestHandler.handleReadRequest(OzoneManagerRequestHandler.java:217) ~[ozone-manager-1.3.0-SNAPSHOT.jar:?]
	at org.apache.hadoop.ozone.protocolPB.OzoneManagerProtocolServerSideTranslatorPB.submitRequestDirectlyToOM(OzoneManagerProtocolServerSideTranslatorPB.java:276) ~[ozone-manager-1.3.0-SNAPSHOT.jar:?]
	at org.apache.hadoop.ozone.protocolPB.OzoneManagerProtocolServerSideTranslatorPB.processRequest(OzoneManagerProtocolServerSideTranslatorPB.java:205) ~[ozone-manager-1.3.0-SNAPSHOT.jar:?]
	at org.apache.hadoop.hdds.server.OzoneProtocolMessageDispatcher.processRequest(OzoneProtocolMessageDispatcher.java:87) [hdds-server-framework-1.3.0-SNAPSHOT.jar:?]
	at org.apache.hadoop.ozone.protocolPB.OzoneManagerProtocolServerSideTranslatorPB.submitRequest(OzoneManagerProtocolServerSideTranslatorPB.java:147) [ozone-manager-1.3.0-SNAPSHOT.jar:?]
	at org.apache.hadoop.ozone.protocol.proto.OzoneManagerProtocolProtos$OzoneManagerService$2.callBlockingMethod(OzoneManagerProtocolProtos.java) [ozone-interface-client-1.3.0-SNAPSHOT.jar:?]
	at org.apache.hadoop.ipc.ProtobufRpcEngine$Server.processCall(ProtobufRpcEngine.java:466) [hadoop-common-3.3.1.jar:?]
	at org.apache.hadoop.ipc.ProtobufRpcEngine2$Server$ProtoBufRpcInvoker.call(ProtobufRpcEngine2.java:574) [hadoop-common-3.3.1.jar:?]
	at org.apache.hadoop.ipc.ProtobufRpcEngine2$Server$ProtoBufRpcInvoker.call(ProtobufRpcEngine2.java:552) [hadoop-common-3.3.1.jar:?]
	at org.apache.hadoop.ipc.RPC$Server.call(RPC.java:1093) [hadoop-common-3.3.1.jar:?]
	at org.apache.hadoop.ipc.Server$RpcCall.run(Server.java:1035) [hadoop-common-3.3.1.jar:?]
	at org.apache.hadoop.ipc.Server$RpcCall.run(Server.java:963) [hadoop-common-3.3.1.jar:?]
	at java.security.AccessController.doPrivileged(Native Method) ~[?:1.8.0_332]
	at javax.security.auth.Subject.doAs(Subject.java:422) [?:1.8.0_332]
	at org.apache.hadoop.security.UserGroupInformation.doAs(UserGroupInformation.java:1878) [hadoop-common-3.3.1.jar:?]
	at org.apache.hadoop.ipc.Server$Handler.run(Server.java:2966) [hadoop-common-3.3.1.jar:?]
21:09:39.347 [IPC Server handler 18 on default port 32899] ERROR OMAudit - user=runner | ip=127.0.0.1 | op=GET_FILE_STATUS {volume=dd33d530-16cb-46de-b455-080a7bbfb62e, bucket=d9b95c46-d9aa-4050-a226-f1c9fccae728, key=.Trash, dataSize=0, replicationConfig=null} | ret=FAILURE
org.apache.hadoop.ozone.om.exceptions.OMException: Unable to get file status: volume: dd33d530-16cb-46de-b455-080a7bbfb62e bucket: d9b95c46-d9aa-4050-a226-f1c9fccae728 key: .Trash
	at org.apache.hadoop.ozone.om.KeyManagerImpl.getOzoneFileStatus(KeyManagerImpl.java:1311) ~[ozone-manager-1.3.0-SNAPSHOT.jar:?]
	at org.apache.hadoop.ozone.om.KeyManagerImpl.getFileStatus(KeyManagerImpl.java:1241) ~[ozone-manager-1.3.0-SNAPSHOT.jar:?]
	at org.apache.hadoop.ozone.om.OzoneManager.getFileStatus(OzoneManager.java:3419) ~[ozone-manager-1.3.0-SNAPSHOT.jar:?]
	at org.apache.hadoop.ozone.protocolPB.OzoneManagerRequestHandler.getOzoneFileStatus(OzoneManagerRequestHandler.java:871) ~[ozone-manager-1.3.0-SNAPSHOT.jar:?]
	at org.apache.hadoop.ozone.protocolPB.OzoneManagerRequestHandler.handleReadRequest(OzoneManagerRequestHandler.java:217) ~[ozone-manager-1.3.0-SNAPSHOT.jar:?]
	at org.apache.hadoop.ozone.protocolPB.OzoneManagerProtocolServerSideTranslatorPB.submitRequestDirectlyToOM(OzoneManagerProtocolServerSideTranslatorPB.java:276) ~[ozone-manager-1.3.0-SNAPSHOT.jar:?]
	at org.apache.hadoop.ozone.protocolPB.OzoneManagerProtocolServerSideTranslatorPB.processRequest(OzoneManagerProtocolServerSideTranslatorPB.java:205) ~[ozone-manager-1.3.0-SNAPSHOT.jar:?]
	at org.apache.hadoop.hdds.server.OzoneProtocolMessageDispatcher.processRequest(OzoneProtocolMessageDispatcher.java:87) [hdds-server-framework-1.3.0-SNAPSHOT.jar:?]
	at org.apache.hadoop.ozone.protocolPB.OzoneManagerProtocolServerSideTranslatorPB.submitRequest(OzoneManagerProtocolServerSideTranslatorPB.java:147) [ozone-manager-1.3.0-SNAPSHOT.jar:?]
	at org.apache.hadoop.ozone.protocol.proto.OzoneManagerProtocolProtos$OzoneManagerService$2.callBlockingMethod(OzoneManagerProtocolProtos.java) [ozone-interface-client-1.3.0-SNAPSHOT.jar:?]
	at org.apache.hadoop.ipc.ProtobufRpcEngine$Server.processCall(ProtobufRpcEngine.java:466) [hadoop-common-3.3.1.jar:?]
	at org.apache.hadoop.ipc.ProtobufRpcEngine2$Server$ProtoBufRpcInvoker.call(ProtobufRpcEngine2.java:574) [hadoop-common-3.3.1.jar:?]
	at org.apache.hadoop.ipc.ProtobufRpcEngine2$Server$ProtoBufRpcInvoker.call(ProtobufRpcEngine2.java:552) [hadoop-common-3.3.1.jar:?]
	at org.apache.hadoop.ipc.RPC$Server.call(RPC.java:1093) [hadoop-common-3.3.1.jar:?]
	at org.apache.hadoop.ipc.Server$RpcCall.run(Server.java:1035) [hadoop-common-3.3.1.jar:?]
	at org.apache.hadoop.ipc.Server$RpcCall.run(Server.java:963) [hadoop-common-3.3.1.jar:?]
	at java.security.AccessController.doPrivileged(Native Method) ~[?:1.8.0_332]
	at javax.security.auth.Subject.doAs(Subject.java:422) [?:1.8.0_332]
	at org.apache.hadoop.security.UserGroupInformation.doAs(UserGroupInformation.java:1878) [hadoop-common-3.3.1.jar:?]
	at org.apache.hadoop.ipc.Server$Handler.run(Server.java:2966) [hadoop-common-3.3.1.jar:?]
2022-07-12 21:09:39,573 [Time-limited test] INFO  rpc.RpcClient (RpcClient.java:createVolume(466)) - Creating Volume: volume89645, with user90517 as owner and space quota set to -1 bytes, counts quota set to -1
2022-07-12 21:09:39,573 [IPC Server handler 5 on default port 32899] INFO  volume.OMVolumeCreateRequest (OMVolumeCreateRequest.java:validateAndUpdateCache(195)) - created volume:volume89645 for user:user90517
2022-07-12 21:09:39,574 [Time-limited test] INFO  rpc.RpcClient (RpcClient.java:createBucket(669)) - Creating Bucket: volume89645/bucket92181, with bucket layout LEGACY, runner as owner, Versioning false, Storage Type set to DISK and Encryption set to false 
2022-07-12 21:09:39,575 [IPC Server handler 1 on default port 32899] INFO  bucket.OMBucketCreateRequest (OMBucketCreateRequest.java:validateAndUpdateCache(260)) - created bucket: bucket92181 of layout LEGACY in volume: volume89645
21:09:39.604 [IPC Server handler 16 on default port 32899] ERROR OMAudit - user=runner | ip=127.0.0.1 | op=GET_FILE_STATUS {volume=dd33d530-16cb-46de-b455-080a7bbfb62e, bucket=d9b95c46-d9aa-4050-a226-f1c9fccae728, key=.Trash, dataSize=0, replicationConfig=null} | ret=FAILURE
org.apache.hadoop.ozone.om.exceptions.OMException: Unable to get file status: volume: dd33d530-16cb-46de-b455-080a7bbfb62e bucket: d9b95c46-d9aa-4050-a226-f1c9fccae728 key: .Trash
	at org.apache.hadoop.ozone.om.KeyManagerImpl.getOzoneFileStatus(KeyManagerImpl.java:1311) ~[ozone-manager-1.3.0-SNAPSHOT.jar:?]
	at org.apache.hadoop.ozone.om.KeyManagerImpl.getFileStatus(KeyManagerImpl.java:1241) ~[ozone-manager-1.3.0-SNAPSHOT.jar:?]
	at org.apache.hadoop.ozone.om.OzoneManager.getFileStatus(OzoneManager.java:3419) ~[ozone-manager-1.3.0-SNAPSHOT.jar:?]
	at org.apache.hadoop.ozone.protocolPB.OzoneManagerRequestHandler.getOzoneFileStatus(OzoneManagerRequestHandler.java:871) ~[ozone-manager-1.3.0-SNAPSHOT.jar:?]
	at org.apache.hadoop.ozone.protocolPB.OzoneManagerRequestHandler.handleReadRequest(OzoneManagerRequestHandler.java:217) ~[ozone-manager-1.3.0-SNAPSHOT.jar:?]
	at org.apache.hadoop.ozone.protocolPB.OzoneManagerProtocolServerSideTranslatorPB.submitRequestDirectlyToOM(OzoneManagerProtocolServerSideTranslatorPB.java:276) ~[ozone-manager-1.3.0-SNAPSHOT.jar:?]
	at org.apache.hadoop.ozone.protocolPB.OzoneManagerProtocolServerSideTranslatorPB.processRequest(OzoneManagerProtocolServerSideTranslatorPB.java:205) ~[ozone-manager-1.3.0-SNAPSHOT.jar:?]
	at org.apache.hadoop.hdds.server.OzoneProtocolMessageDispatcher.processRequest(OzoneProtocolMessageDispatcher.java:87) [hdds-server-framework-1.3.0-SNAPSHOT.jar:?]
	at org.apache.hadoop.ozone.protocolPB.OzoneManagerProtocolServerSideTranslatorPB.submitRequest(OzoneManagerProtocolServerSideTranslatorPB.java:147) [ozone-manager-1.3.0-SNAPSHOT.jar:?]
	at org.apache.hadoop.ozone.protocol.proto.OzoneManagerProtocolProtos$OzoneManagerService$2.callBlockingMethod(OzoneManagerProtocolProtos.java) [ozone-interface-client-1.3.0-SNAPSHOT.jar:?]
	at org.apache.hadoop.ipc.ProtobufRpcEngine$Server.processCall(ProtobufRpcEngine.java:466) [hadoop-common-3.3.1.jar:?]
	at org.apache.hadoop.ipc.ProtobufRpcEngine2$Server$ProtoBufRpcInvoker.call(ProtobufRpcEngine2.java:574) [hadoop-common-3.3.1.jar:?]
	at org.apache.hadoop.ipc.ProtobufRpcEngine2$Server$ProtoBufRpcInvoker.call(ProtobufRpcEngine2.java:552) [hadoop-common-3.3.1.jar:?]
	at org.apache.hadoop.ipc.RPC$Server.call(RPC.java:1093) [hadoop-common-3.3.1.jar:?]
	at org.apache.hadoop.ipc.Server$RpcCall.run(Server.java:1035) [hadoop-common-3.3.1.jar:?]
	at org.apache.hadoop.ipc.Server$RpcCall.run(Server.java:963) [hadoop-common-3.3.1.jar:?]
	at java.security.AccessController.doPrivileged(Native Method) ~[?:1.8.0_332]
	at javax.security.auth.Subject.doAs(Subject.java:422) [?:1.8.0_332]
	at org.apache.hadoop.security.UserGroupInformation.doAs(UserGroupInformation.java:1878) [hadoop-common-3.3.1.jar:?]
	at org.apache.hadoop.ipc.Server$Handler.run(Server.java:2966) [hadoop-common-3.3.1.jar:?]
21:09:39.680 [IPC Server handler 15 on default port 32899] ERROR OMAudit - user=runner | ip=127.0.0.1 | op=GET_FILE_STATUS {volume=dd33d530-16cb-46de-b455-080a7bbfb62e, bucket=d9b95c46-d9aa-4050-a226-f1c9fccae728, key=.Trash, dataSize=0, replicationConfig=null} | ret=FAILURE
org.apache.hadoop.ozone.om.exceptions.OMException: Unable to get file status: volume: dd33d530-16cb-46de-b455-080a7bbfb62e bucket: d9b95c46-d9aa-4050-a226-f1c9fccae728 key: .Trash
	at org.apache.hadoop.ozone.om.KeyManagerImpl.getOzoneFileStatus(KeyManagerImpl.java:1311) ~[ozone-manager-1.3.0-SNAPSHOT.jar:?]
	at org.apache.hadoop.ozone.om.KeyManagerImpl.getFileStatus(KeyManagerImpl.java:1241) ~[ozone-manager-1.3.0-SNAPSHOT.jar:?]
	at org.apache.hadoop.ozone.om.OzoneManager.getFileStatus(OzoneManager.java:3419) ~[ozone-manager-1.3.0-SNAPSHOT.jar:?]
	at org.apache.hadoop.ozone.protocolPB.OzoneManagerRequestHandler.getOzoneFileStatus(OzoneManagerRequestHandler.java:871) ~[ozone-manager-1.3.0-SNAPSHOT.jar:?]
	at org.apache.hadoop.ozone.protocolPB.OzoneManagerRequestHandler.handleReadRequest(OzoneManagerRequestHandler.java:217) ~[ozone-manager-1.3.0-SNAPSHOT.jar:?]
	at org.apache.hadoop.ozone.protocolPB.OzoneManagerProtocolServerSideTranslatorPB.submitRequestDirectlyToOM(OzoneManagerProtocolServerSideTranslatorPB.java:276) ~[ozone-manager-1.3.0-SNAPSHOT.jar:?]
	at org.apache.hadoop.ozone.protocolPB.OzoneManagerProtocolServerSideTranslatorPB.processRequest(OzoneManagerProtocolServerSideTranslatorPB.java:205) ~[ozone-manager-1.3.0-SNAPSHOT.jar:?]
	at org.apache.hadoop.hdds.server.OzoneProtocolMessageDispatcher.processRequest(OzoneProtocolMessageDispatcher.java:87) [hdds-server-framework-1.3.0-SNAPSHOT.jar:?]
	at org.apache.hadoop.ozone.protocolPB.OzoneManagerProtocolServerSideTranslatorPB.submitRequest(OzoneManagerProtocolServerSideTranslatorPB.java:147) [ozone-manager-1.3.0-SNAPSHOT.jar:?]
	at org.apache.hadoop.ozone.protocol.proto.OzoneManagerProtocolProtos$OzoneManagerService$2.callBlockingMethod(OzoneManagerProtocolProtos.java) [ozone-interface-client-1.3.0-SNAPSHOT.jar:?]
	at org.apache.hadoop.ipc.ProtobufRpcEngine$Server.processCall(ProtobufRpcEngine.java:466) [hadoop-common-3.3.1.jar:?]
	at org.apache.hadoop.ipc.ProtobufRpcEngine2$Server$ProtoBufRpcInvoker.call(ProtobufRpcEngine2.java:574) [hadoop-common-3.3.1.jar:?]
	at org.apache.hadoop.ipc.ProtobufRpcEngine2$Server$ProtoBufRpcInvoker.call(ProtobufRpcEngine2.java:552) [hadoop-common-3.3.1.jar:?]
	at org.apache.hadoop.ipc.RPC$Server.call(RPC.java:1093) [hadoop-common-3.3.1.jar:?]
	at org.apache.hadoop.ipc.Server$RpcCall.run(Server.java:1035) [hadoop-common-3.3.1.jar:?]
	at org.apache.hadoop.ipc.Server$RpcCall.run(Server.java:963) [hadoop-common-3.3.1.jar:?]
	at java.security.AccessController.doPrivileged(Native Method) ~[?:1.8.0_332]
	at javax.security.auth.Subject.doAs(Subject.java:422) [?:1.8.0_332]
	at org.apache.hadoop.security.UserGroupInformation.doAs(UserGroupInformation.java:1878) [hadoop-common-3.3.1.jar:?]
	at org.apache.hadoop.ipc.Server$Handler.run(Server.java:2966) [hadoop-common-3.3.1.jar:?]
21:09:39.724 [IPC Server handler 15 on default port 32899] ERROR OMAudit - user=runner | ip=127.0.0.1 | op=GET_FILE_STATUS {volume=volume89645, bucket=bucket92181, key=.Trash/runner, dataSize=0, replicationConfig=null} | ret=FAILURE
org.apache.hadoop.ozone.om.exceptions.OMException: Unable to get file status: volume: volume89645 bucket: bucket92181 key: .Trash/runner
	at org.apache.hadoop.ozone.om.KeyManagerImpl.getOzoneFileStatus(KeyManagerImpl.java:1311) ~[ozone-manager-1.3.0-SNAPSHOT.jar:?]
	at org.apache.hadoop.ozone.om.KeyManagerImpl.getFileStatus(KeyManagerImpl.java:1241) ~[ozone-manager-1.3.0-SNAPSHOT.jar:?]
	at org.apache.hadoop.ozone.om.OzoneManager.getFileStatus(OzoneManager.java:3419) ~[ozone-manager-1.3.0-SNAPSHOT.jar:?]
	at org.apache.hadoop.ozone.protocolPB.OzoneManagerRequestHandler.getOzoneFileStatus(OzoneManagerRequestHandler.java:871) ~[ozone-manager-1.3.0-SNAPSHOT.jar:?]
	at org.apache.hadoop.ozone.protocolPB.OzoneManagerRequestHandler.handleReadRequest(OzoneManagerRequestHandler.java:217) ~[ozone-manager-1.3.0-SNAPSHOT.jar:?]
	at org.apache.hadoop.ozone.protocolPB.OzoneManagerProtocolServerSideTranslatorPB.submitRequestDirectlyToOM(OzoneManagerProtocolServerSideTranslatorPB.java:276) ~[ozone-manager-1.3.0-SNAPSHOT.jar:?]
	at org.apache.hadoop.ozone.protocolPB.OzoneManagerProtocolServerSideTranslatorPB.processRequest(OzoneManagerProtocolServerSideTranslatorPB.java:205) ~[ozone-manager-1.3.0-SNAPSHOT.jar:?]
	at org.apache.hadoop.hdds.server.OzoneProtocolMessageDispatcher.processRequest(OzoneProtocolMessageDispatcher.java:87) [hdds-server-framework-1.3.0-SNAPSHOT.jar:?]
	at org.apache.hadoop.ozone.protocolPB.OzoneManagerProtocolServerSideTranslatorPB.submitRequest(OzoneManagerProtocolServerSideTranslatorPB.java:147) [ozone-manager-1.3.0-SNAPSHOT.jar:?]
	at org.apache.hadoop.ozone.protocol.proto.OzoneManagerProtocolProtos$OzoneManagerService$2.callBlockingMethod(OzoneManagerProtocolProtos.java) [ozone-interface-client-1.3.0-SNAPSHOT.jar:?]
	at org.apache.hadoop.ipc.ProtobufRpcEngine$Server.processCall(ProtobufRpcEngine.java:466) [hadoop-common-3.3.1.jar:?]
	at org.apache.hadoop.ipc.ProtobufRpcEngine2$Server$ProtoBufRpcInvoker.call(ProtobufRpcEngine2.java:574) [hadoop-common-3.3.1.jar:?]
	at org.apache.hadoop.ipc.ProtobufRpcEngine2$Server$ProtoBufRpcInvoker.call(ProtobufRpcEngine2.java:552) [hadoop-common-3.3.1.jar:?]
	at org.apache.hadoop.ipc.RPC$Server.call(RPC.java:1093) [hadoop-common-3.3.1.jar:?]
	at org.apache.hadoop.ipc.Server$RpcCall.run(Server.java:1035) [hadoop-common-3.3.1.jar:?]
	at org.apache.hadoop.ipc.Server$RpcCall.run(Server.java:963) [hadoop-common-3.3.1.jar:?]
	at java.security.AccessController.doPrivileged(Native Method) ~[?:1.8.0_332]
	at javax.security.auth.Subject.doAs(Subject.java:422) [?:1.8.0_332]
	at org.apache.hadoop.security.UserGroupInformation.doAs(UserGroupInformation.java:1878) [hadoop-common-3.3.1.jar:?]
	at org.apache.hadoop.ipc.Server$Handler.run(Server.java:2966) [hadoop-common-3.3.1.jar:?]
21:09:39.727 [IPC Server handler 5 on default port 32899] ERROR OMAudit - user=runner | ip=127.0.0.1 | op=GET_FILE_STATUS {volume=dd33d530-16cb-46de-b455-080a7bbfb62e, bucket=d9b95c46-d9aa-4050-a226-f1c9fccae728, key=.Trash, dataSize=0, replicationConfig=null} | ret=FAILURE
org.apache.hadoop.ozone.om.exceptions.OMException: Unable to get file status: volume: dd33d530-16cb-46de-b455-080a7bbfb62e bucket: d9b95c46-d9aa-4050-a226-f1c9fccae728 key: .Trash
	at org.apache.hadoop.ozone.om.KeyManagerImpl.getOzoneFileStatus(KeyManagerImpl.java:1311) ~[ozone-manager-1.3.0-SNAPSHOT.jar:?]
	at org.apache.hadoop.ozone.om.KeyManagerImpl.getFileStatus(KeyManagerImpl.java:1241) ~[ozone-manager-1.3.0-SNAPSHOT.jar:?]
	at org.apache.hadoop.ozone.om.OzoneManager.getFileStatus(OzoneManager.java:3419) ~[ozone-manager-1.3.0-SNAPSHOT.jar:?]
	at org.apache.hadoop.ozone.protocolPB.OzoneManagerRequestHandler.getOzoneFileStatus(OzoneManagerRequestHandler.java:871) ~[ozone-manager-1.3.0-SNAPSHOT.jar:?]
	at org.apache.hadoop.ozone.protocolPB.OzoneManagerRequestHandler.handleReadRequest(OzoneManagerRequestHandler.java:217) ~[ozone-manager-1.3.0-SNAPSHOT.jar:?]
	at org.apache.hadoop.ozone.protocolPB.OzoneManagerProtocolServerSideTranslatorPB.submitRequestDirectlyToOM(OzoneManagerProtocolServerSideTranslatorPB.java:276) ~[ozone-manager-1.3.0-SNAPSHOT.jar:?]
	at org.apache.hadoop.ozone.protocolPB.OzoneManagerProtocolServerSideTranslatorPB.processRequest(OzoneManagerProtocolServerSideTranslatorPB.java:205) ~[ozone-manager-1.3.0-SNAPSHOT.jar:?]
	at org.apache.hadoop.hdds.server.OzoneProtocolMessageDispatcher.processRequest(OzoneProtocolMessageDispatcher.java:87) [hdds-server-framework-1.3.0-SNAPSHOT.jar:?]
	at org.apache.hadoop.ozone.protocolPB.OzoneManagerProtocolServerSideTranslatorPB.submitRequest(OzoneManagerProtocolServerSideTranslatorPB.java:147) [ozone-manager-1.3.0-SNAPSHOT.jar:?]
	at org.apache.hadoop.ozone.protocol.proto.OzoneManagerProtocolProtos$OzoneManagerService$2.callBlockingMethod(OzoneManagerProtocolProtos.java) [ozone-interface-client-1.3.0-SNAPSHOT.jar:?]
	at org.apache.hadoop.ipc.ProtobufRpcEngine$Server.processCall(ProtobufRpcEngine.java:466) [hadoop-common-3.3.1.jar:?]
	at org.apache.hadoop.ipc.ProtobufRpcEngine2$Server$ProtoBufRpcInvoker.call(ProtobufRpcEngine2.java:574) [hadoop-common-3.3.1.jar:?]
	at org.apache.hadoop.ipc.ProtobufRpcEngine2$Server$ProtoBufRpcInvoker.call(ProtobufRpcEngine2.java:552) [hadoop-common-3.3.1.jar:?]
	at org.apache.hadoop.ipc.RPC$Server.call(RPC.java:1093) [hadoop-common-3.3.1.jar:?]
	at org.apache.hadoop.ipc.Server$RpcCall.run(Server.java:1035) [hadoop-common-3.3.1.jar:?]
	at org.apache.hadoop.ipc.Server$RpcCall.run(Server.java:963) [hadoop-common-3.3.1.jar:?]
	at java.security.AccessController.doPrivileged(Native Method) ~[?:1.8.0_332]
	at javax.security.auth.Subject.doAs(Subject.java:422) [?:1.8.0_332]
	at org.apache.hadoop.security.UserGroupInformation.doAs(UserGroupInformation.java:1878) [hadoop-common-3.3.1.jar:?]
	at org.apache.hadoop.ipc.Server$Handler.run(Server.java:2966) [hadoop-common-3.3.1.jar:?]
21:09:39.744 [IPC Server handler 14 on default port 32899] ERROR OMAudit - user=runner | ip=127.0.0.1 | op=GET_FILE_STATUS {volume=volume89645, bucket=bucket92181, key=.Trash, dataSize=0, replicationConfig=null} | ret=FAILURE
org.apache.hadoop.ozone.om.exceptions.OMException: Unable to get file status: volume: volume89645 bucket: bucket92181 key: .Trash
	at org.apache.hadoop.ozone.om.KeyManagerImpl.getOzoneFileStatus(KeyManagerImpl.java:1311) ~[ozone-manager-1.3.0-SNAPSHOT.jar:?]
	at org.apache.hadoop.ozone.om.KeyManagerImpl.getFileStatus(KeyManagerImpl.java:1241) ~[ozone-manager-1.3.0-SNAPSHOT.jar:?]
	at org.apache.hadoop.ozone.om.OzoneManager.getFileStatus(OzoneManager.java:3419) ~[ozone-manager-1.3.0-SNAPSHOT.jar:?]
	at org.apache.hadoop.ozone.protocolPB.OzoneManagerRequestHandler.getOzoneFileStatus(OzoneManagerRequestHandler.java:871) ~[ozone-manager-1.3.0-SNAPSHOT.jar:?]
	at org.apache.hadoop.ozone.protocolPB.OzoneManagerRequestHandler.handleReadRequest(OzoneManagerRequestHandler.java:217) ~[ozone-manager-1.3.0-SNAPSHOT.jar:?]
	at org.apache.hadoop.ozone.protocolPB.OzoneManagerProtocolServerSideTranslatorPB.submitRequestDirectlyToOM(OzoneManagerProtocolServerSideTranslatorPB.java:276) ~[ozone-manager-1.3.0-SNAPSHOT.jar:?]
	at org.apache.hadoop.ozone.protocolPB.OzoneManagerProtocolServerSideTranslatorPB.processRequest(OzoneManagerProtocolServerSideTranslatorPB.java:205) ~[ozone-manager-1.3.0-SNAPSHOT.jar:?]
	at org.apache.hadoop.hdds.server.OzoneProtocolMessageDispatcher.processRequest(OzoneProtocolMessageDispatcher.java:87) [hdds-server-framework-1.3.0-SNAPSHOT.jar:?]
	at org.apache.hadoop.ozone.protocolPB.OzoneManagerProtocolServerSideTranslatorPB.submitRequest(OzoneManagerProtocolServerSideTranslatorPB.java:147) [ozone-manager-1.3.0-SNAPSHOT.jar:?]
	at org.apache.hadoop.ozone.protocol.proto.OzoneManagerProtocolProtos$OzoneManagerService$2.callBlockingMethod(OzoneManagerProtocolProtos.java) [ozone-interface-client-1.3.0-SNAPSHOT.jar:?]
	at org.apache.hadoop.ipc.ProtobufRpcEngine$Server.processCall(ProtobufRpcEngine.java:466) [hadoop-common-3.3.1.jar:?]
	at org.apache.hadoop.ipc.ProtobufRpcEngine2$Server$ProtoBufRpcInvoker.call(ProtobufRpcEngine2.java:574) [hadoop-common-3.3.1.jar:?]
	at org.apache.hadoop.ipc.ProtobufRpcEngine2$Server$ProtoBufRpcInvoker.call(ProtobufRpcEngine2.java:552) [hadoop-common-3.3.1.jar:?]
	at org.apache.hadoop.ipc.RPC$Server.call(RPC.java:1093) [hadoop-common-3.3.1.jar:?]
	at org.apache.hadoop.ipc.Server$RpcCall.run(Server.java:1035) [hadoop-common-3.3.1.jar:?]
	at org.apache.hadoop.ipc.Server$RpcCall.run(Server.java:963) [hadoop-common-3.3.1.jar:?]
	at java.security.AccessController.doPrivileged(Native Method) ~[?:1.8.0_332]
	at javax.security.auth.Subject.doAs(Subject.java:422) [?:1.8.0_332]
	at org.apache.hadoop.security.UserGroupInformation.doAs(UserGroupInformation.java:1878) [hadoop-common-3.3.1.jar:?]
	at org.apache.hadoop.ipc.Server$Handler.run(Server.java:2966) [hadoop-common-3.3.1.jar:?]
21:09:39.781 [IPC Server handler 8 on default port 32899] ERROR OMAudit - user=runner | ip=127.0.0.1 | op=GET_FILE_STATUS {volume=volume07912, bucket=trashroottest2, key=.Trash/runner, dataSize=0, replicationConfig=null} | ret=FAILURE
org.apache.hadoop.ozone.om.exceptions.OMException: Unable to get file status: volume: volume07912 bucket: trashroottest2 key: .Trash/runner
	at org.apache.hadoop.ozone.om.KeyManagerImpl.getOzoneFileStatus(KeyManagerImpl.java:1311) ~[ozone-manager-1.3.0-SNAPSHOT.jar:?]
	at org.apache.hadoop.ozone.om.KeyManagerImpl.getFileStatus(KeyManagerImpl.java:1241) ~[ozone-manager-1.3.0-SNAPSHOT.jar:?]
	at org.apache.hadoop.ozone.om.OzoneManager.getFileStatus(OzoneManager.java:3419) ~[ozone-manager-1.3.0-SNAPSHOT.jar:?]
	at org.apache.hadoop.ozone.protocolPB.OzoneManagerRequestHandler.getOzoneFileStatus(OzoneManagerRequestHandler.java:871) ~[ozone-manager-1.3.0-SNAPSHOT.jar:?]
	at org.apache.hadoop.ozone.protocolPB.OzoneManagerRequestHandler.handleReadRequest(OzoneManagerRequestHandler.java:217) ~[ozone-manager-1.3.0-SNAPSHOT.jar:?]
	at org.apache.hadoop.ozone.protocolPB.OzoneManagerProtocolServerSideTranslatorPB.submitRequestDirectlyToOM(OzoneManagerProtocolServerSideTranslatorPB.java:276) ~[ozone-manager-1.3.0-SNAPSHOT.jar:?]
	at org.apache.hadoop.ozone.protocolPB.OzoneManagerProtocolServerSideTranslatorPB.processRequest(OzoneManagerProtocolServerSideTranslatorPB.java:205) ~[ozone-manager-1.3.0-SNAPSHOT.jar:?]
	at org.apache.hadoop.hdds.server.OzoneProtocolMessageDispatcher.processRequest(OzoneProtocolMessageDispatcher.java:87) [hdds-server-framework-1.3.0-SNAPSHOT.jar:?]
	at org.apache.hadoop.ozone.protocolPB.OzoneManagerProtocolServerSideTranslatorPB.submitRequest(OzoneManagerProtocolServerSideTranslatorPB.java:147) [ozone-manager-1.3.0-SNAPSHOT.jar:?]
	at org.apache.hadoop.ozone.protocol.proto.OzoneManagerProtocolProtos$OzoneManagerService$2.callBlockingMethod(OzoneManagerProtocolProtos.java) [ozone-interface-client-1.3.0-SNAPSHOT.jar:?]
	at org.apache.hadoop.ipc.ProtobufRpcEngine$Server.processCall(ProtobufRpcEngine.java:466) [hadoop-common-3.3.1.jar:?]
	at org.apache.hadoop.ipc.ProtobufRpcEngine2$Server$ProtoBufRpcInvoker.call(ProtobufRpcEngine2.java:574) [hadoop-common-3.3.1.jar:?]
	at org.apache.hadoop.ipc.ProtobufRpcEngine2$Server$ProtoBufRpcInvoker.call(ProtobufRpcEngine2.java:552) [hadoop-common-3.3.1.jar:?]
	at org.apache.hadoop.ipc.RPC$Server.call(RPC.java:1093) [hadoop-common-3.3.1.jar:?]
	at org.apache.hadoop.ipc.Server$RpcCall.run(Server.java:1035) [hadoop-common-3.3.1.jar:?]
	at org.apache.hadoop.ipc.Server$RpcCall.run(Server.java:963) [hadoop-common-3.3.1.jar:?]
	at java.security.AccessController.doPrivileged(Native Method) ~[?:1.8.0_332]
	at javax.security.auth.Subject.doAs(Subject.java:422) [?:1.8.0_332]
	at org.apache.hadoop.security.UserGroupInformation.doAs(UserGroupInformation.java:1878) [hadoop-common-3.3.1.jar:?]
	at org.apache.hadoop.ipc.Server$Handler.run(Server.java:2966) [hadoop-common-3.3.1.jar:?]
21:09:39.783 [IPC Server handler 13 on default port 32899] ERROR OMAudit - user=runner | ip=127.0.0.1 | op=GET_FILE_STATUS {volume=volume89645, bucket=bucket92181, key=.Trash/runner, dataSize=0, replicationConfig=null} | ret=FAILURE
org.apache.hadoop.ozone.om.exceptions.OMException: Unable to get file status: volume: volume89645 bucket: bucket92181 key: .Trash/runner
	at org.apache.hadoop.ozone.om.KeyManagerImpl.getOzoneFileStatus(KeyManagerImpl.java:1311) ~[ozone-manager-1.3.0-SNAPSHOT.jar:?]
	at org.apache.hadoop.ozone.om.KeyManagerImpl.getFileStatus(KeyManagerImpl.java:1241) ~[ozone-manager-1.3.0-SNAPSHOT.jar:?]
	at org.apache.hadoop.ozone.om.OzoneManager.getFileStatus(OzoneManager.java:3419) ~[ozone-manager-1.3.0-SNAPSHOT.jar:?]
	at org.apache.hadoop.ozone.protocolPB.OzoneManagerRequestHandler.getOzoneFileStatus(OzoneManagerRequestHandler.java:871) ~[ozone-manager-1.3.0-SNAPSHOT.jar:?]
	at org.apache.hadoop.ozone.protocolPB.OzoneManagerRequestHandler.handleReadRequest(OzoneManagerRequestHandler.java:217) ~[ozone-manager-1.3.0-SNAPSHOT.jar:?]
	at org.apache.hadoop.ozone.protocolPB.OzoneManagerProtocolServerSideTranslatorPB.submitRequestDirectlyToOM(OzoneManagerProtocolServerSideTranslatorPB.java:276) ~[ozone-manager-1.3.0-SNAPSHOT.jar:?]
	at org.apache.hadoop.ozone.protocolPB.OzoneManagerProtocolServerSideTranslatorPB.processRequest(OzoneManagerProtocolServerSideTranslatorPB.java:205) ~[ozone-manager-1.3.0-SNAPSHOT.jar:?]
	at org.apache.hadoop.hdds.server.OzoneProtocolMessageDispatcher.processRequest(OzoneProtocolMessageDispatcher.java:87) [hdds-server-framework-1.3.0-SNAPSHOT.jar:?]
	at org.apache.hadoop.ozone.protocolPB.OzoneManagerProtocolServerSideTranslatorPB.submitRequest(OzoneManagerProtocolServerSideTranslatorPB.java:147) [ozone-manager-1.3.0-SNAPSHOT.jar:?]
	at org.apache.hadoop.ozone.protocol.proto.OzoneManagerProtocolProtos$OzoneManagerService$2.callBlockingMethod(OzoneManagerProtocolProtos.java) [ozone-interface-client-1.3.0-SNAPSHOT.jar:?]
	at org.apache.hadoop.ipc.ProtobufRpcEngine$Server.processCall(ProtobufRpcEngine.java:466) [hadoop-common-3.3.1.jar:?]
	at org.apache.hadoop.ipc.ProtobufRpcEngine2$Server$ProtoBufRpcInvoker.call(ProtobufRpcEngine2.java:574) [hadoop-common-3.3.1.jar:?]
	at org.apache.hadoop.ipc.ProtobufRpcEngine2$Server$ProtoBufRpcInvoker.call(ProtobufRpcEngine2.java:552) [hadoop-common-3.3.1.jar:?]
	at org.apache.hadoop.ipc.RPC$Server.call(RPC.java:1093) [hadoop-common-3.3.1.jar:?]
	at org.apache.hadoop.ipc.Server$RpcCall.run(Server.java:1035) [hadoop-common-3.3.1.jar:?]
	at org.apache.hadoop.ipc.Server$RpcCall.run(Server.java:963) [hadoop-common-3.3.1.jar:?]
	at java.security.AccessController.doPrivileged(Native Method) ~[?:1.8.0_332]
	at javax.security.auth.Subject.doAs(Subject.java:422) [?:1.8.0_332]
	at org.apache.hadoop.security.UserGroupInformation.doAs(UserGroupInformation.java:1878) [hadoop-common-3.3.1.jar:?]
	at org.apache.hadoop.ipc.Server$Handler.run(Server.java:2966) [hadoop-common-3.3.1.jar:?]
21:09:39.785 [IPC Server handler 16 on default port 32899] ERROR OMAudit - user=runner | ip=127.0.0.1 | op=GET_FILE_STATUS {volume=dd33d530-16cb-46de-b455-080a7bbfb62e, bucket=d9b95c46-d9aa-4050-a226-f1c9fccae728, key=.Trash, dataSize=0, replicationConfig=null} | ret=FAILURE
org.apache.hadoop.ozone.om.exceptions.OMException: Unable to get file status: volume: dd33d530-16cb-46de-b455-080a7bbfb62e bucket: d9b95c46-d9aa-4050-a226-f1c9fccae728 key: .Trash
	at org.apache.hadoop.ozone.om.KeyManagerImpl.getOzoneFileStatus(KeyManagerImpl.java:1311) ~[ozone-manager-1.3.0-SNAPSHOT.jar:?]
	at org.apache.hadoop.ozone.om.KeyManagerImpl.getFileStatus(KeyManagerImpl.java:1241) ~[ozone-manager-1.3.0-SNAPSHOT.jar:?]
	at org.apache.hadoop.ozone.om.OzoneManager.getFileStatus(OzoneManager.java:3419) ~[ozone-manager-1.3.0-SNAPSHOT.jar:?]
	at org.apache.hadoop.ozone.protocolPB.OzoneManagerRequestHandler.getOzoneFileStatus(OzoneManagerRequestHandler.java:871) ~[ozone-manager-1.3.0-SNAPSHOT.jar:?]
	at org.apache.hadoop.ozone.protocolPB.OzoneManagerRequestHandler.handleReadRequest(OzoneManagerRequestHandler.java:217) ~[ozone-manager-1.3.0-SNAPSHOT.jar:?]
	at org.apache.hadoop.ozone.protocolPB.OzoneManagerProtocolServerSideTranslatorPB.submitRequestDirectlyToOM(OzoneManagerProtocolServerSideTranslatorPB.java:276) ~[ozone-manager-1.3.0-SNAPSHOT.jar:?]
	at org.apache.hadoop.ozone.protocolPB.OzoneManagerProtocolServerSideTranslatorPB.processRequest(OzoneManagerProtocolServerSideTranslatorPB.java:205) ~[ozone-manager-1.3.0-SNAPSHOT.jar:?]
	at org.apache.hadoop.hdds.server.OzoneProtocolMessageDispatcher.processRequest(OzoneProtocolMessageDispatcher.java:87) [hdds-server-framework-1.3.0-SNAPSHOT.jar:?]
	at org.apache.hadoop.ozone.protocolPB.OzoneManagerProtocolServerSideTranslatorPB.submitRequest(OzoneManagerProtocolServerSideTranslatorPB.java:147) [ozone-manager-1.3.0-SNAPSHOT.jar:?]
	at org.apache.hadoop.ozone.protocol.proto.OzoneManagerProtocolProtos$OzoneManagerService$2.callBlockingMethod(OzoneManagerProtocolProtos.java) [ozone-interface-client-1.3.0-SNAPSHOT.jar:?]
	at org.apache.hadoop.ipc.ProtobufRpcEngine$Server.processCall(ProtobufRpcEngine.java:466) [hadoop-common-3.3.1.jar:?]
	at org.apache.hadoop.ipc.ProtobufRpcEngine2$Server$ProtoBufRpcInvoker.call(ProtobufRpcEngine2.java:574) [hadoop-common-3.3.1.jar:?]
	at org.apache.hadoop.ipc.ProtobufRpcEngine2$Server$ProtoBufRpcInvoker.call(ProtobufRpcEngine2.java:552) [hadoop-common-3.3.1.jar:?]
	at org.apache.hadoop.ipc.RPC$Server.call(RPC.java:1093) [hadoop-common-3.3.1.jar:?]
	at org.apache.hadoop.ipc.Server$RpcCall.run(Server.java:1035) [hadoop-common-3.3.1.jar:?]
	at org.apache.hadoop.ipc.Server$RpcCall.run(Server.java:963) [hadoop-common-3.3.1.jar:?]
	at java.security.AccessController.doPrivileged(Native Method) ~[?:1.8.0_332]
	at javax.security.auth.Subject.doAs(Subject.java:422) [?:1.8.0_332]
	at org.apache.hadoop.security.UserGroupInformation.doAs(UserGroupInformation.java:1878) [hadoop-common-3.3.1.jar:?]
	at org.apache.hadoop.ipc.Server$Handler.run(Server.java:2966) [hadoop-common-3.3.1.jar:?]
21:09:39.792 [IPC Server handler 12 on default port 32899] ERROR OMAudit - user=runner | ip=127.0.0.1 | op=GET_FILE_STATUS {volume=volume07912, bucket=trashroottest2, key=.Trash, dataSize=0, replicationConfig=null} | ret=FAILURE
org.apache.hadoop.ozone.om.exceptions.OMException: Unable to get file status: volume: volume07912 bucket: trashroottest2 key: .Trash
	at org.apache.hadoop.ozone.om.KeyManagerImpl.getOzoneFileStatus(KeyManagerImpl.java:1311) ~[ozone-manager-1.3.0-SNAPSHOT.jar:?]
	at org.apache.hadoop.ozone.om.KeyManagerImpl.getFileStatus(KeyManagerImpl.java:1241) ~[ozone-manager-1.3.0-SNAPSHOT.jar:?]
	at org.apache.hadoop.ozone.om.OzoneManager.getFileStatus(OzoneManager.java:3419) ~[ozone-manager-1.3.0-SNAPSHOT.jar:?]
	at org.apache.hadoop.ozone.protocolPB.OzoneManagerRequestHandler.getOzoneFileStatus(OzoneManagerRequestHandler.java:871) ~[ozone-manager-1.3.0-SNAPSHOT.jar:?]
	at org.apache.hadoop.ozone.protocolPB.OzoneManagerRequestHandler.handleReadRequest(OzoneManagerRequestHandler.java:217) ~[ozone-manager-1.3.0-SNAPSHOT.jar:?]
	at org.apache.hadoop.ozone.protocolPB.OzoneManagerProtocolServerSideTranslatorPB.submitRequestDirectlyToOM(OzoneManagerProtocolServerSideTranslatorPB.java:276) ~[ozone-manager-1.3.0-SNAPSHOT.jar:?]
	at org.apache.hadoop.ozone.protocolPB.OzoneManagerProtocolServerSideTranslatorPB.processRequest(OzoneManagerProtocolServerSideTranslatorPB.java:205) ~[ozone-manager-1.3.0-SNAPSHOT.jar:?]
	at org.apache.hadoop.hdds.server.OzoneProtocolMessageDispatcher.processRequest(OzoneProtocolMessageDispatcher.java:87) [hdds-server-framework-1.3.0-SNAPSHOT.jar:?]
	at org.apache.hadoop.ozone.protocolPB.OzoneManagerProtocolServerSideTranslatorPB.submitRequest(OzoneManagerProtocolServerSideTranslatorPB.java:147) [ozone-manager-1.3.0-SNAPSHOT.jar:?]
	at org.apache.hadoop.ozone.protocol.proto.OzoneManagerProtocolProtos$OzoneManagerService$2.callBlockingMethod(OzoneManagerProtocolProtos.java) [ozone-interface-client-1.3.0-SNAPSHOT.jar:?]
	at org.apache.hadoop.ipc.ProtobufRpcEngine$Server.processCall(ProtobufRpcEngine.java:466) [hadoop-common-3.3.1.jar:?]
	at org.apache.hadoop.ipc.ProtobufRpcEngine2$Server$ProtoBufRpcInvoker.call(ProtobufRpcEngine2.java:574) [hadoop-common-3.3.1.jar:?]
	at org.apache.hadoop.ipc.ProtobufRpcEngine2$Server$ProtoBufRpcInvoker.call(ProtobufRpcEngine2.java:552) [hadoop-common-3.3.1.jar:?]
	at org.apache.hadoop.ipc.RPC$Server.call(RPC.java:1093) [hadoop-common-3.3.1.jar:?]
	at org.apache.hadoop.ipc.Server$RpcCall.run(Server.java:1035) [hadoop-common-3.3.1.jar:?]
	at org.apache.hadoop.ipc.Server$RpcCall.run(Server.java:963) [hadoop-common-3.3.1.jar:?]
	at java.security.AccessController.doPrivileged(Native Method) ~[?:1.8.0_332]
	at javax.security.auth.Subject.doAs(Subject.java:422) [?:1.8.0_332]
	at org.apache.hadoop.security.UserGroupInformation.doAs(UserGroupInformation.java:1878) [hadoop-common-3.3.1.jar:?]
	at org.apache.hadoop.ipc.Server$Handler.run(Server.java:2966) [hadoop-common-3.3.1.jar:?]
21:09:39.795 [IPC Server handler 6 on default port 32899] ERROR OMAudit - user=runner | ip=127.0.0.1 | op=GET_FILE_STATUS {volume=volume89645, bucket=bucket92181, key=.Trash, dataSize=0, replicationConfig=null} | ret=FAILURE
org.apache.hadoop.ozone.om.exceptions.OMException: Unable to get file status: volume: volume89645 bucket: bucket92181 key: .Trash
	at org.apache.hadoop.ozone.om.KeyManagerImpl.getOzoneFileStatus(KeyManagerImpl.java:1311) ~[ozone-manager-1.3.0-SNAPSHOT.jar:?]
	at org.apache.hadoop.ozone.om.KeyManagerImpl.getFileStatus(KeyManagerImpl.java:1241) ~[ozone-manager-1.3.0-SNAPSHOT.jar:?]
	at org.apache.hadoop.ozone.om.OzoneManager.getFileStatus(OzoneManager.java:3419) ~[ozone-manager-1.3.0-SNAPSHOT.jar:?]
	at org.apache.hadoop.ozone.protocolPB.OzoneManagerRequestHandler.getOzoneFileStatus(OzoneManagerRequestHandler.java:871) ~[ozone-manager-1.3.0-SNAPSHOT.jar:?]
	at org.apache.hadoop.ozone.protocolPB.OzoneManagerRequestHandler.handleReadRequest(OzoneManagerRequestHandler.java:217) ~[ozone-manager-1.3.0-SNAPSHOT.jar:?]
	at org.apache.hadoop.ozone.protocolPB.OzoneManagerProtocolServerSideTranslatorPB.submitRequestDirectlyToOM(OzoneManagerProtocolServerSideTranslatorPB.java:276) ~[ozone-manager-1.3.0-SNAPSHOT.jar:?]
	at org.apache.hadoop.ozone.protocolPB.OzoneManagerProtocolServerSideTranslatorPB.processRequest(OzoneManagerProtocolServerSideTranslatorPB.java:205) ~[ozone-manager-1.3.0-SNAPSHOT.jar:?]
	at org.apache.hadoop.hdds.server.OzoneProtocolMessageDispatcher.processRequest(OzoneProtocolMessageDispatcher.java:87) [hdds-server-framework-1.3.0-SNAPSHOT.jar:?]
	at org.apache.hadoop.ozone.protocolPB.OzoneManagerProtocolServerSideTranslatorPB.submitRequest(OzoneManagerProtocolServerSideTranslatorPB.java:147) [ozone-manager-1.3.0-SNAPSHOT.jar:?]
	at org.apache.hadoop.ozone.protocol.proto.OzoneManagerProtocolProtos$OzoneManagerService$2.callBlockingMethod(OzoneManagerProtocolProtos.java) [ozone-interface-client-1.3.0-SNAPSHOT.jar:?]
	at org.apache.hadoop.ipc.ProtobufRpcEngine$Server.processCall(ProtobufRpcEngine.java:466) [hadoop-common-3.3.1.jar:?]
	at org.apache.hadoop.ipc.ProtobufRpcEngine2$Server$ProtoBufRpcInvoker.call(ProtobufRpcEngine2.java:574) [hadoop-common-3.3.1.jar:?]
	at org.apache.hadoop.ipc.ProtobufRpcEngine2$Server$ProtoBufRpcInvoker.call(ProtobufRpcEngine2.java:552) [hadoop-common-3.3.1.jar:?]
	at org.apache.hadoop.ipc.RPC$Server.call(RPC.java:1093) [hadoop-common-3.3.1.jar:?]
	at org.apache.hadoop.ipc.Server$RpcCall.run(Server.java:1035) [hadoop-common-3.3.1.jar:?]
	at org.apache.hadoop.ipc.Server$RpcCall.run(Server.java:963) [hadoop-common-3.3.1.jar:?]
	at java.security.AccessController.doPrivileged(Native Method) ~[?:1.8.0_332]
	at javax.security.auth.Subject.doAs(Subject.java:422) [?:1.8.0_332]
	at org.apache.hadoop.security.UserGroupInformation.doAs(UserGroupInformation.java:1878) [hadoop-common-3.3.1.jar:?]
	at org.apache.hadoop.ipc.Server$Handler.run(Server.java:2966) [hadoop-common-3.3.1.jar:?]
21:09:39.826 [IPC Server handler 17 on default port 32899] ERROR OMAudit - user=runner | ip=127.0.0.1 | op=GET_FILE_STATUS {volume=volume07912, bucket=trashroottest2, key=.Trash/runner, dataSize=0, replicationConfig=null} | ret=FAILURE
org.apache.hadoop.ozone.om.exceptions.OMException: Unable to get file status: volume: volume07912 bucket: trashroottest2 key: .Trash/runner
	at org.apache.hadoop.ozone.om.KeyManagerImpl.getOzoneFileStatus(KeyManagerImpl.java:1311) ~[ozone-manager-1.3.0-SNAPSHOT.jar:?]
	at org.apache.hadoop.ozone.om.KeyManagerImpl.getFileStatus(KeyManagerImpl.java:1241) ~[ozone-manager-1.3.0-SNAPSHOT.jar:?]
	at org.apache.hadoop.ozone.om.OzoneManager.getFileStatus(OzoneManager.java:3419) ~[ozone-manager-1.3.0-SNAPSHOT.jar:?]
	at org.apache.hadoop.ozone.protocolPB.OzoneManagerRequestHandler.getOzoneFileStatus(OzoneManagerRequestHandler.java:871) ~[ozone-manager-1.3.0-SNAPSHOT.jar:?]
	at org.apache.hadoop.ozone.protocolPB.OzoneManagerRequestHandler.handleReadRequest(OzoneManagerRequestHandler.java:217) ~[ozone-manager-1.3.0-SNAPSHOT.jar:?]
	at org.apache.hadoop.ozone.protocolPB.OzoneManagerProtocolServerSideTranslatorPB.submitRequestDirectlyToOM(OzoneManagerProtocolServerSideTranslatorPB.java:276) ~[ozone-manager-1.3.0-SNAPSHOT.jar:?]
	at org.apache.hadoop.ozone.protocolPB.OzoneManagerProtocolServerSideTranslatorPB.processRequest(OzoneManagerProtocolServerSideTranslatorPB.java:205) ~[ozone-manager-1.3.0-SNAPSHOT.jar:?]
	at org.apache.hadoop.hdds.server.OzoneProtocolMessageDispatcher.processRequest(OzoneProtocolMessageDispatcher.java:87) [hdds-server-framework-1.3.0-SNAPSHOT.jar:?]
	at org.apache.hadoop.ozone.protocolPB.OzoneManagerProtocolServerSideTranslatorPB.submitRequest(OzoneManagerProtocolServerSideTranslatorPB.java:147) [ozone-manager-1.3.0-SNAPSHOT.jar:?]
	at org.apache.hadoop.ozone.protocol.proto.OzoneManagerProtocolProtos$OzoneManagerService$2.callBlockingMethod(OzoneManagerProtocolProtos.java) [ozone-interface-client-1.3.0-SNAPSHOT.jar:?]
	at org.apache.hadoop.ipc.ProtobufRpcEngine$Server.processCall(ProtobufRpcEngine.java:466) [hadoop-common-3.3.1.jar:?]
	at org.apache.hadoop.ipc.ProtobufRpcEngine2$Server$ProtoBufRpcInvoker.call(ProtobufRpcEngine2.java:574) [hadoop-common-3.3.1.jar:?]
	at org.apache.hadoop.ipc.ProtobufRpcEngine2$Server$ProtoBufRpcInvoker.call(ProtobufRpcEngine2.java:552) [hadoop-common-3.3.1.jar:?]
	at org.apache.hadoop.ipc.RPC$Server.call(RPC.java:1093) [hadoop-common-3.3.1.jar:?]
	at org.apache.hadoop.ipc.Server$RpcCall.run(Server.java:1035) [hadoop-common-3.3.1.jar:?]
	at org.apache.hadoop.ipc.Server$RpcCall.run(Server.java:963) [hadoop-common-3.3.1.jar:?]
	at java.security.AccessController.doPrivileged(Native Method) ~[?:1.8.0_332]
	at javax.security.auth.Subject.doAs(Subject.java:422) [?:1.8.0_332]
	at org.apache.hadoop.security.UserGroupInformation.doAs(UserGroupInformation.java:1878) [hadoop-common-3.3.1.jar:?]
	at org.apache.hadoop.ipc.Server$Handler.run(Server.java:2966) [hadoop-common-3.3.1.jar:?]
21:09:39.828 [IPC Server handler 1 on default port 32899] ERROR OMAudit - user=runner | ip=127.0.0.1 | op=GET_FILE_STATUS {volume=volume89645, bucket=bucket92181, key=.Trash/runner, dataSize=0, replicationConfig=null} | ret=FAILURE
org.apache.hadoop.ozone.om.exceptions.OMException: Unable to get file status: volume: volume89645 bucket: bucket92181 key: .Trash/runner
	at org.apache.hadoop.ozone.om.KeyManagerImpl.getOzoneFileStatus(KeyManagerImpl.java:1311) ~[ozone-manager-1.3.0-SNAPSHOT.jar:?]
	at org.apache.hadoop.ozone.om.KeyManagerImpl.getFileStatus(KeyManagerImpl.java:1241) ~[ozone-manager-1.3.0-SNAPSHOT.jar:?]
	at org.apache.hadoop.ozone.om.OzoneManager.getFileStatus(OzoneManager.java:3419) ~[ozone-manager-1.3.0-SNAPSHOT.jar:?]
	at org.apache.hadoop.ozone.protocolPB.OzoneManagerRequestHandler.getOzoneFileStatus(OzoneManagerRequestHandler.java:871) ~[ozone-manager-1.3.0-SNAPSHOT.jar:?]
	at org.apache.hadoop.ozone.protocolPB.OzoneManagerRequestHandler.handleReadRequest(OzoneManagerRequestHandler.java:217) ~[ozone-manager-1.3.0-SNAPSHOT.jar:?]
	at org.apache.hadoop.ozone.protocolPB.OzoneManagerProtocolServerSideTranslatorPB.submitRequestDirectlyToOM(OzoneManagerProtocolServerSideTranslatorPB.java:276) ~[ozone-manager-1.3.0-SNAPSHOT.jar:?]
	at org.apache.hadoop.ozone.protocolPB.OzoneManagerProtocolServerSideTranslatorPB.processRequest(OzoneManagerProtocolServerSideTranslatorPB.java:205) ~[ozone-manager-1.3.0-SNAPSHOT.jar:?]
	at org.apache.hadoop.hdds.server.OzoneProtocolMessageDispatcher.processRequest(OzoneProtocolMessageDispatcher.java:87) [hdds-server-framework-1.3.0-SNAPSHOT.jar:?]
	at org.apache.hadoop.ozone.protocolPB.OzoneManagerProtocolServerSideTranslatorPB.submitRequest(OzoneManagerProtocolServerSideTranslatorPB.java:147) [ozone-manager-1.3.0-SNAPSHOT.jar:?]
	at org.apache.hadoop.ozone.protocol.proto.OzoneManagerProtocolProtos$OzoneManagerService$2.callBlockingMethod(OzoneManagerProtocolProtos.java) [ozone-interface-client-1.3.0-SNAPSHOT.jar:?]
	at org.apache.hadoop.ipc.ProtobufRpcEngine$Server.processCall(ProtobufRpcEngine.java:466) [hadoop-common-3.3.1.jar:?]
	at org.apache.hadoop.ipc.ProtobufRpcEngine2$Server$ProtoBufRpcInvoker.call(ProtobufRpcEngine2.java:574) [hadoop-common-3.3.1.jar:?]
	at org.apache.hadoop.ipc.ProtobufRpcEngine2$Server$ProtoBufRpcInvoker.call(ProtobufRpcEngine2.java:552) [hadoop-common-3.3.1.jar:?]
	at org.apache.hadoop.ipc.RPC$Server.call(RPC.java:1093) [hadoop-common-3.3.1.jar:?]
	at org.apache.hadoop.ipc.Server$RpcCall.run(Server.java:1035) [hadoop-common-3.3.1.jar:?]
	at org.apache.hadoop.ipc.Server$RpcCall.run(Server.java:963) [hadoop-common-3.3.1.jar:?]
	at java.security.AccessController.doPrivileged(Native Method) ~[?:1.8.0_332]
	at javax.security.auth.Subject.doAs(Subject.java:422) [?:1.8.0_332]
	at org.apache.hadoop.security.UserGroupInformation.doAs(UserGroupInformation.java:1878) [hadoop-common-3.3.1.jar:?]
	at org.apache.hadoop.ipc.Server$Handler.run(Server.java:2966) [hadoop-common-3.3.1.jar:?]
21:09:39.830 [IPC Server handler 4 on default port 32899] ERROR OMAudit - user=runner | ip=127.0.0.1 | op=GET_FILE_STATUS {volume=dd33d530-16cb-46de-b455-080a7bbfb62e, bucket=d9b95c46-d9aa-4050-a226-f1c9fccae728, key=.Trash, dataSize=0, replicationConfig=null} | ret=FAILURE
org.apache.hadoop.ozone.om.exceptions.OMException: Unable to get file status: volume: dd33d530-16cb-46de-b455-080a7bbfb62e bucket: d9b95c46-d9aa-4050-a226-f1c9fccae728 key: .Trash
	at org.apache.hadoop.ozone.om.KeyManagerImpl.getOzoneFileStatus(KeyManagerImpl.java:1311) ~[ozone-manager-1.3.0-SNAPSHOT.jar:?]
	at org.apache.hadoop.ozone.om.KeyManagerImpl.getFileStatus(KeyManagerImpl.java:1241) ~[ozone-manager-1.3.0-SNAPSHOT.jar:?]
	at org.apache.hadoop.ozone.om.OzoneManager.getFileStatus(OzoneManager.java:3419) ~[ozone-manager-1.3.0-SNAPSHOT.jar:?]
	at org.apache.hadoop.ozone.protocolPB.OzoneManagerRequestHandler.getOzoneFileStatus(OzoneManagerRequestHandler.java:871) ~[ozone-manager-1.3.0-SNAPSHOT.jar:?]
	at org.apache.hadoop.ozone.protocolPB.OzoneManagerRequestHandler.handleReadRequest(OzoneManagerRequestHandler.java:217) ~[ozone-manager-1.3.0-SNAPSHOT.jar:?]
	at org.apache.hadoop.ozone.protocolPB.OzoneManagerProtocolServerSideTranslatorPB.submitRequestDirectlyToOM(OzoneManagerProtocolServerSideTranslatorPB.java:276) ~[ozone-manager-1.3.0-SNAPSHOT.jar:?]
	at org.apache.hadoop.ozone.protocolPB.OzoneManagerProtocolServerSideTranslatorPB.processRequest(OzoneManagerProtocolServerSideTranslatorPB.java:205) ~[ozone-manager-1.3.0-SNAPSHOT.jar:?]
	at org.apache.hadoop.hdds.server.OzoneProtocolMessageDispatcher.processRequest(OzoneProtocolMessageDispatcher.java:87) [hdds-server-framework-1.3.0-SNAPSHOT.jar:?]
	at org.apache.hadoop.ozone.protocolPB.OzoneManagerProtocolServerSideTranslatorPB.submitRequest(OzoneManagerProtocolServerSideTranslatorPB.java:147) [ozone-manager-1.3.0-SNAPSHOT.jar:?]
	at org.apache.hadoop.ozone.protocol.proto.OzoneManagerProtocolProtos$OzoneManagerService$2.callBlockingMethod(OzoneManagerProtocolProtos.java) [ozone-interface-client-1.3.0-SNAPSHOT.jar:?]
	at org.apache.hadoop.ipc.ProtobufRpcEngine$Server.processCall(ProtobufRpcEngine.java:466) [hadoop-common-3.3.1.jar:?]
	at org.apache.hadoop.ipc.ProtobufRpcEngine2$Server$ProtoBufRpcInvoker.call(ProtobufRpcEngine2.java:574) [hadoop-common-3.3.1.jar:?]
	at org.apache.hadoop.ipc.ProtobufRpcEngine2$Server$ProtoBufRpcInvoker.call(ProtobufRpcEngine2.java:552) [hadoop-common-3.3.1.jar:?]
	at org.apache.hadoop.ipc.RPC$Server.call(RPC.java:1093) [hadoop-common-3.3.1.jar:?]
	at org.apache.hadoop.ipc.Server$RpcCall.run(Server.java:1035) [hadoop-common-3.3.1.jar:?]
	at org.apache.hadoop.ipc.Server$RpcCall.run(Server.java:963) [hadoop-common-3.3.1.jar:?]
	at java.security.AccessController.doPrivileged(Native Method) ~[?:1.8.0_332]
	at javax.security.auth.Subject.doAs(Subject.java:422) [?:1.8.0_332]
	at org.apache.hadoop.security.UserGroupInformation.doAs(UserGroupInformation.java:1878) [hadoop-common-3.3.1.jar:?]
	at org.apache.hadoop.ipc.Server$Handler.run(Server.java:2966) [hadoop-common-3.3.1.jar:?]
21:09:39.836 [IPC Server handler 18 on default port 32899] ERROR OMAudit - user=runner | ip=127.0.0.1 | op=GET_FILE_STATUS {volume=volume07912, bucket=trashroottest2, key=.Trash, dataSize=0, replicationConfig=null} | ret=FAILURE
org.apache.hadoop.ozone.om.exceptions.OMException: Unable to get file status: volume: volume07912 bucket: trashroottest2 key: .Trash
	at org.apache.hadoop.ozone.om.KeyManagerImpl.getOzoneFileStatus(KeyManagerImpl.java:1311) ~[ozone-manager-1.3.0-SNAPSHOT.jar:?]
	at org.apache.hadoop.ozone.om.KeyManagerImpl.getFileStatus(KeyManagerImpl.java:1241) ~[ozone-manager-1.3.0-SNAPSHOT.jar:?]
	at org.apache.hadoop.ozone.om.OzoneManager.getFileStatus(OzoneManager.java:3419) ~[ozone-manager-1.3.0-SNAPSHOT.jar:?]
	at org.apache.hadoop.ozone.protocolPB.OzoneManagerRequestHandler.getOzoneFileStatus(OzoneManagerRequestHandler.java:871) ~[ozone-manager-1.3.0-SNAPSHOT.jar:?]
	at org.apache.hadoop.ozone.protocolPB.OzoneManagerRequestHandler.handleReadRequest(OzoneManagerRequestHandler.java:217) ~[ozone-manager-1.3.0-SNAPSHOT.jar:?]
	at org.apache.hadoop.ozone.protocolPB.OzoneManagerProtocolServerSideTranslatorPB.submitRequestDirectlyToOM(OzoneManagerProtocolServerSideTranslatorPB.java:276) ~[ozone-manager-1.3.0-SNAPSHOT.jar:?]
	at org.apache.hadoop.ozone.protocolPB.OzoneManagerProtocolServerSideTranslatorPB.processRequest(OzoneManagerProtocolServerSideTranslatorPB.java:205) ~[ozone-manager-1.3.0-SNAPSHOT.jar:?]
	at org.apache.hadoop.hdds.server.OzoneProtocolMessageDispatcher.processRequest(OzoneProtocolMessageDispatcher.java:87) [hdds-server-framework-1.3.0-SNAPSHOT.jar:?]
	at org.apache.hadoop.ozone.protocolPB.OzoneManagerProtocolServerSideTranslatorPB.submitRequest(OzoneManagerProtocolServerSideTranslatorPB.java:147) [ozone-manager-1.3.0-SNAPSHOT.jar:?]
	at org.apache.hadoop.ozone.protocol.proto.OzoneManagerProtocolProtos$OzoneManagerService$2.callBlockingMethod(OzoneManagerProtocolProtos.java) [ozone-interface-client-1.3.0-SNAPSHOT.jar:?]
	at org.apache.hadoop.ipc.ProtobufRpcEngine$Server.processCall(ProtobufRpcEngine.java:466) [hadoop-common-3.3.1.jar:?]
	at org.apache.hadoop.ipc.ProtobufRpcEngine2$Server$ProtoBufRpcInvoker.call(ProtobufRpcEngine2.java:574) [hadoop-common-3.3.1.jar:?]
	at org.apache.hadoop.ipc.ProtobufRpcEngine2$Server$ProtoBufRpcInvoker.call(ProtobufRpcEngine2.java:552) [hadoop-common-3.3.1.jar:?]
	at org.apache.hadoop.ipc.RPC$Server.call(RPC.java:1093) [hadoop-common-3.3.1.jar:?]
	at org.apache.hadoop.ipc.Server$RpcCall.run(Server.java:1035) [hadoop-common-3.3.1.jar:?]
	at org.apache.hadoop.ipc.Server$RpcCall.run(Server.java:963) [hadoop-common-3.3.1.jar:?]
	at java.security.AccessController.doPrivileged(Native Method) ~[?:1.8.0_332]
	at javax.security.auth.Subject.doAs(Subject.java:422) [?:1.8.0_332]
	at org.apache.hadoop.security.UserGroupInformation.doAs(UserGroupInformation.java:1878) [hadoop-common-3.3.1.jar:?]
	at org.apache.hadoop.ipc.Server$Handler.run(Server.java:2966) [hadoop-common-3.3.1.jar:?]
21:09:39.851 [IPC Server handler 3 on default port 32899] ERROR OMAudit - user=runner | ip=127.0.0.1 | op=GET_FILE_STATUS {volume=volume89645, bucket=bucket92181, key=.Trash, dataSize=0, replicationConfig=null} | ret=FAILURE
org.apache.hadoop.ozone.om.exceptions.OMException: Unable to get file status: volume: volume89645 bucket: bucket92181 key: .Trash
	at org.apache.hadoop.ozone.om.KeyManagerImpl.getOzoneFileStatus(KeyManagerImpl.java:1311) ~[ozone-manager-1.3.0-SNAPSHOT.jar:?]
	at org.apache.hadoop.ozone.om.KeyManagerImpl.getFileStatus(KeyManagerImpl.java:1241) ~[ozone-manager-1.3.0-SNAPSHOT.jar:?]
	at org.apache.hadoop.ozone.om.OzoneManager.getFileStatus(OzoneManager.java:3419) ~[ozone-manager-1.3.0-SNAPSHOT.jar:?]
	at org.apache.hadoop.ozone.protocolPB.OzoneManagerRequestHandler.getOzoneFileStatus(OzoneManagerRequestHandler.java:871) ~[ozone-manager-1.3.0-SNAPSHOT.jar:?]
	at org.apache.hadoop.ozone.protocolPB.OzoneManagerRequestHandler.handleReadRequest(OzoneManagerRequestHandler.java:217) ~[ozone-manager-1.3.0-SNAPSHOT.jar:?]
	at org.apache.hadoop.ozone.protocolPB.OzoneManagerProtocolServerSideTranslatorPB.submitRequestDirectlyToOM(OzoneManagerProtocolServerSideTranslatorPB.java:276) ~[ozone-manager-1.3.0-SNAPSHOT.jar:?]
	at org.apache.hadoop.ozone.protocolPB.OzoneManagerProtocolServerSideTranslatorPB.processRequest(OzoneManagerProtocolServerSideTranslatorPB.java:205) ~[ozone-manager-1.3.0-SNAPSHOT.jar:?]
	at org.apache.hadoop.hdds.server.OzoneProtocolMessageDispatcher.processRequest(OzoneProtocolMessageDispatcher.java:87) [hdds-server-framework-1.3.0-SNAPSHOT.jar:?]
	at org.apache.hadoop.ozone.protocolPB.OzoneManagerProtocolServerSideTranslatorPB.submitRequest(OzoneManagerProtocolServerSideTranslatorPB.java:147) [ozone-manager-1.3.0-SNAPSHOT.jar:?]
	at org.apache.hadoop.ozone.protocol.proto.OzoneManagerProtocolProtos$OzoneManagerService$2.callBlockingMethod(OzoneManagerProtocolProtos.java) [ozone-interface-client-1.3.0-SNAPSHOT.jar:?]
	at org.apache.hadoop.ipc.ProtobufRpcEngine$Server.processCall(ProtobufRpcEngine.java:466) [hadoop-common-3.3.1.jar:?]
	at org.apache.hadoop.ipc.ProtobufRpcEngine2$Server$ProtoBufRpcInvoker.call(ProtobufRpcEngine2.java:574) [hadoop-common-3.3.1.jar:?]
	at org.apache.hadoop.ipc.ProtobufRpcEngine2$Server$ProtoBufRpcInvoker.call(ProtobufRpcEngine2.java:552) [hadoop-common-3.3.1.jar:?]
	at org.apache.hadoop.ipc.RPC$Server.call(RPC.java:1093) [hadoop-common-3.3.1.jar:?]
	at org.apache.hadoop.ipc.Server$RpcCall.run(Server.java:1035) [hadoop-common-3.3.1.jar:?]
	at org.apache.hadoop.ipc.Server$RpcCall.run(Server.java:963) [hadoop-common-3.3.1.jar:?]
	at java.security.AccessController.doPrivileged(Native Method) ~[?:1.8.0_332]
	at javax.security.auth.Subject.doAs(Subject.java:422) [?:1.8.0_332]
	at org.apache.hadoop.security.UserGroupInformation.doAs(UserGroupInformation.java:1878) [hadoop-common-3.3.1.jar:?]
	at org.apache.hadoop.ipc.Server$Handler.run(Server.java:2966) [hadoop-common-3.3.1.jar:?]
21:09:39.918 [IPC Server handler 7 on default port 32899] ERROR OMAudit - user=runner | ip=127.0.0.1 | op=GET_FILE_STATUS {volume=volume07912, bucket=bucket18844, key=.Trash/runner, dataSize=0, replicationConfig=null} | ret=FAILURE
org.apache.hadoop.ozone.om.exceptions.OMException: Unable to get file status: volume: volume07912 bucket: bucket18844 key: .Trash/runner
	at org.apache.hadoop.ozone.om.KeyManagerImpl.getOzoneFileStatus(KeyManagerImpl.java:1311) ~[ozone-manager-1.3.0-SNAPSHOT.jar:?]
	at org.apache.hadoop.ozone.om.KeyManagerImpl.getFileStatus(KeyManagerImpl.java:1241) ~[ozone-manager-1.3.0-SNAPSHOT.jar:?]
	at org.apache.hadoop.ozone.om.OzoneManager.getFileStatus(OzoneManager.java:3419) ~[ozone-manager-1.3.0-SNAPSHOT.jar:?]
	at org.apache.hadoop.ozone.protocolPB.OzoneManagerRequestHandler.getOzoneFileStatus(OzoneManagerRequestHandler.java:871) ~[ozone-manager-1.3.0-SNAPSHOT.jar:?]
	at org.apache.hadoop.ozone.protocolPB.OzoneManagerRequestHandler.handleReadRequest(OzoneManagerRequestHandler.java:217) ~[ozone-manager-1.3.0-SNAPSHOT.jar:?]
	at org.apache.hadoop.ozone.protocolPB.OzoneManagerProtocolServerSideTranslatorPB.submitRequestDirectlyToOM(OzoneManagerProtocolServerSideTranslatorPB.java:276) ~[ozone-manager-1.3.0-SNAPSHOT.jar:?]
	at org.apache.hadoop.ozone.protocolPB.OzoneManagerProtocolServerSideTranslatorPB.processRequest(OzoneManagerProtocolServerSideTranslatorPB.java:205) ~[ozone-manager-1.3.0-SNAPSHOT.jar:?]
	at org.apache.hadoop.hdds.server.OzoneProtocolMessageDispatcher.processRequest(OzoneProtocolMessageDispatcher.java:87) [hdds-server-framework-1.3.0-SNAPSHOT.jar:?]
	at org.apache.hadoop.ozone.protocolPB.OzoneManagerProtocolServerSideTranslatorPB.submitRequest(OzoneManagerProtocolServerSideTranslatorPB.java:147) [ozone-manager-1.3.0-SNAPSHOT.jar:?]
	at org.apache.hadoop.ozone.protocol.proto.OzoneManagerProtocolProtos$OzoneManagerService$2.callBlockingMethod(OzoneManagerProtocolProtos.java) [ozone-interface-client-1.3.0-SNAPSHOT.jar:?]
	at org.apache.hadoop.ipc.ProtobufRpcEngine$Server.processCall(ProtobufRpcEngine.java:466) [hadoop-common-3.3.1.jar:?]
	at org.apache.hadoop.ipc.ProtobufRpcEngine2$Server$ProtoBufRpcInvoker.call(ProtobufRpcEngine2.java:574) [hadoop-common-3.3.1.jar:?]
	at org.apache.hadoop.ipc.ProtobufRpcEngine2$Server$ProtoBufRpcInvoker.call(ProtobufRpcEngine2.java:552) [hadoop-common-3.3.1.jar:?]
	at org.apache.hadoop.ipc.RPC$Server.call(RPC.java:1093) [hadoop-common-3.3.1.jar:?]
	at org.apache.hadoop.ipc.Server$RpcCall.run(Server.java:1035) [hadoop-common-3.3.1.jar:?]
	at org.apache.hadoop.ipc.Server$RpcCall.run(Server.java:963) [hadoop-common-3.3.1.jar:?]
	at java.security.AccessController.doPrivileged(Native Method) ~[?:1.8.0_332]
	at javax.security.auth.Subject.doAs(Subject.java:422) [?:1.8.0_332]
	at org.apache.hadoop.security.UserGroupInformation.doAs(UserGroupInformation.java:1878) [hadoop-common-3.3.1.jar:?]
	at org.apache.hadoop.ipc.Server$Handler.run(Server.java:2966) [hadoop-common-3.3.1.jar:?]
21:09:39.922 [IPC Server handler 10 on default port 32899] ERROR OMAudit - user=runner | ip=127.0.0.1 | op=GET_FILE_STATUS {volume=dd33d530-16cb-46de-b455-080a7bbfb62e, bucket=d9b95c46-d9aa-4050-a226-f1c9fccae728, key=.Trash, dataSize=0, replicationConfig=null} | ret=FAILURE
org.apache.hadoop.ozone.om.exceptions.OMException: Unable to get file status: volume: dd33d530-16cb-46de-b455-080a7bbfb62e bucket: d9b95c46-d9aa-4050-a226-f1c9fccae728 key: .Trash
	at org.apache.hadoop.ozone.om.KeyManagerImpl.getOzoneFileStatus(KeyManagerImpl.java:1311) ~[ozone-manager-1.3.0-SNAPSHOT.jar:?]
	at org.apache.hadoop.ozone.om.KeyManagerImpl.getFileStatus(KeyManagerImpl.java:1241) ~[ozone-manager-1.3.0-SNAPSHOT.jar:?]
	at org.apache.hadoop.ozone.om.OzoneManager.getFileStatus(OzoneManager.java:3419) ~[ozone-manager-1.3.0-SNAPSHOT.jar:?]
	at org.apache.hadoop.ozone.protocolPB.OzoneManagerRequestHandler.getOzoneFileStatus(OzoneManagerRequestHandler.java:871) ~[ozone-manager-1.3.0-SNAPSHOT.jar:?]
	at org.apache.hadoop.ozone.protocolPB.OzoneManagerRequestHandler.handleReadRequest(OzoneManagerRequestHandler.java:217) ~[ozone-manager-1.3.0-SNAPSHOT.jar:?]
	at org.apache.hadoop.ozone.protocolPB.OzoneManagerProtocolServerSideTranslatorPB.submitRequestDirectlyToOM(OzoneManagerProtocolServerSideTranslatorPB.java:276) ~[ozone-manager-1.3.0-SNAPSHOT.jar:?]
	at org.apache.hadoop.ozone.protocolPB.OzoneManagerProtocolServerSideTranslatorPB.processRequest(OzoneManagerProtocolServerSideTranslatorPB.java:205) ~[ozone-manager-1.3.0-SNAPSHOT.jar:?]
	at org.apache.hadoop.hdds.server.OzoneProtocolMessageDispatcher.processRequest(OzoneProtocolMessageDispatcher.java:87) [hdds-server-framework-1.3.0-SNAPSHOT.jar:?]
	at org.apache.hadoop.ozone.protocolPB.OzoneManagerProtocolServerSideTranslatorPB.submitRequest(OzoneManagerProtocolServerSideTranslatorPB.java:147) [ozone-manager-1.3.0-SNAPSHOT.jar:?]
	at org.apache.hadoop.ozone.protocol.proto.OzoneManagerProtocolProtos$OzoneManagerService$2.callBlockingMethod(OzoneManagerProtocolProtos.java) [ozone-interface-client-1.3.0-SNAPSHOT.jar:?]
	at org.apache.hadoop.ipc.ProtobufRpcEngine$Server.processCall(ProtobufRpcEngine.java:466) [hadoop-common-3.3.1.jar:?]
	at org.apache.hadoop.ipc.ProtobufRpcEngine2$Server$ProtoBufRpcInvoker.call(ProtobufRpcEngine2.java:574) [hadoop-common-3.3.1.jar:?]
	at org.apache.hadoop.ipc.ProtobufRpcEngine2$Server$ProtoBufRpcInvoker.call(ProtobufRpcEngine2.java:552) [hadoop-common-3.3.1.jar:?]
	at org.apache.hadoop.ipc.RPC$Server.call(RPC.java:1093) [hadoop-common-3.3.1.jar:?]
	at org.apache.hadoop.ipc.Server$RpcCall.run(Server.java:1035) [hadoop-common-3.3.1.jar:?]
	at org.apache.hadoop.ipc.Server$RpcCall.run(Server.java:963) [hadoop-common-3.3.1.jar:?]
	at java.security.AccessController.doPrivileged(Native Method) ~[?:1.8.0_332]
	at javax.security.auth.Subject.doAs(Subject.java:422) [?:1.8.0_332]
	at org.apache.hadoop.security.UserGroupInformation.doAs(UserGroupInformation.java:1878) [hadoop-common-3.3.1.jar:?]
	at org.apache.hadoop.ipc.Server$Handler.run(Server.java:2966) [hadoop-common-3.3.1.jar:?]
]]></system-out>
  </testcase>
  <testcase name="testCreateDoesNotAddParentDirKeys" classname="TestRootedOzoneFileSystem" time="0.124">
    <system-out><![CDATA[2022-07-12 21:04:09,220 [Time-limited test] INFO  rpc.RpcClient (RpcClient.java:createVolume(466)) - Creating Volume: volume99710, with user79682 as owner and space quota set to -1 bytes, counts quota set to -1
2022-07-12 21:04:09,223 [OM StateMachine ApplyTransaction Thread - 0] INFO  volume.OMVolumeCreateRequest (OMVolumeCreateRequest.java:validateAndUpdateCache(195)) - created volume:volume99710 for user:user79682
2022-07-12 21:04:09,227 [Time-limited test] INFO  rpc.RpcClient (RpcClient.java:createBucket(669)) - Creating Bucket: volume99710/bucket64225, with bucket layout LEGACY, runner as owner, Versioning false, Storage Type set to DISK and Encryption set to false 
2022-07-12 21:04:09,230 [OM StateMachine ApplyTransaction Thread - 0] INFO  bucket.OMBucketCreateRequest (OMBucketCreateRequest.java:validateAndUpdateCache(260)) - created bucket: bucket64225 of layout LEGACY in volume: volume99710
21:04:09.278 [IPC Server handler 7 on default port 43377] ERROR OMAudit - user=runner | ip=127.0.0.1 | op=READ_KEY {volume=volume99710, bucket=bucket64225, key=testCreateDoesNotAddParentDirKeys/parent/, dataSize=0, replicationConfig=null} | ret=FAILURE
org.apache.hadoop.ozone.om.exceptions.OMException: Key:testCreateDoesNotAddParentDirKeys/parent not found
	at org.apache.hadoop.ozone.om.KeyManagerImpl.lookupKey(KeyManagerImpl.java:399) ~[ozone-manager-1.3.0-SNAPSHOT.jar:?]
	at org.apache.hadoop.ozone.om.OzoneManager.lookupKey(OzoneManager.java:2817) ~[ozone-manager-1.3.0-SNAPSHOT.jar:?]
	at org.apache.hadoop.ozone.protocolPB.OzoneManagerRequestHandler.lookupKey(OzoneManagerRequestHandler.java:484) ~[ozone-manager-1.3.0-SNAPSHOT.jar:?]
	at org.apache.hadoop.ozone.protocolPB.OzoneManagerRequestHandler.handleReadRequest(OzoneManagerRequestHandler.java:182) ~[ozone-manager-1.3.0-SNAPSHOT.jar:?]
	at org.apache.hadoop.ozone.protocolPB.OzoneManagerProtocolServerSideTranslatorPB.submitReadRequestToOM(OzoneManagerProtocolServerSideTranslatorPB.java:226) ~[ozone-manager-1.3.0-SNAPSHOT.jar:?]
	at org.apache.hadoop.ozone.protocolPB.OzoneManagerProtocolServerSideTranslatorPB.processRequest(OzoneManagerProtocolServerSideTranslatorPB.java:175) ~[ozone-manager-1.3.0-SNAPSHOT.jar:?]
	at org.apache.hadoop.hdds.server.OzoneProtocolMessageDispatcher.processRequest(OzoneProtocolMessageDispatcher.java:87) [hdds-server-framework-1.3.0-SNAPSHOT.jar:?]
	at org.apache.hadoop.ozone.protocolPB.OzoneManagerProtocolServerSideTranslatorPB.submitRequest(OzoneManagerProtocolServerSideTranslatorPB.java:147) [ozone-manager-1.3.0-SNAPSHOT.jar:?]
	at org.apache.hadoop.ozone.protocol.proto.OzoneManagerProtocolProtos$OzoneManagerService$2.callBlockingMethod(OzoneManagerProtocolProtos.java) [ozone-interface-client-1.3.0-SNAPSHOT.jar:?]
	at org.apache.hadoop.ipc.ProtobufRpcEngine$Server.processCall(ProtobufRpcEngine.java:466) [hadoop-common-3.3.1.jar:?]
	at org.apache.hadoop.ipc.ProtobufRpcEngine2$Server$ProtoBufRpcInvoker.call(ProtobufRpcEngine2.java:574) [hadoop-common-3.3.1.jar:?]
	at org.apache.hadoop.ipc.ProtobufRpcEngine2$Server$ProtoBufRpcInvoker.call(ProtobufRpcEngine2.java:552) [hadoop-common-3.3.1.jar:?]
	at org.apache.hadoop.ipc.RPC$Server.call(RPC.java:1093) [hadoop-common-3.3.1.jar:?]
	at org.apache.hadoop.ipc.Server$RpcCall.run(Server.java:1035) [hadoop-common-3.3.1.jar:?]
	at org.apache.hadoop.ipc.Server$RpcCall.run(Server.java:963) [hadoop-common-3.3.1.jar:?]
	at java.security.AccessController.doPrivileged(Native Method) ~[?:1.8.0_332]
	at javax.security.auth.Subject.doAs(Subject.java:422) [?:1.8.0_332]
	at org.apache.hadoop.security.UserGroupInformation.doAs(UserGroupInformation.java:1878) [hadoop-common-3.3.1.jar:?]
	at org.apache.hadoop.ipc.Server$Handler.run(Server.java:2966) [hadoop-common-3.3.1.jar:?]
]]></system-out>
  </testcase>
  <testcase name="testCreateDoesNotAddParentDirKeys" classname="TestRootedOzoneFileSystem" time="0.177">
    <system-out><![CDATA[2022-07-12 21:05:21,546 [Time-limited test] INFO  rpc.RpcClient (RpcClient.java:createVolume(466)) - Creating Volume: volume01755, with user21028 as owner and space quota set to -1 bytes, counts quota set to -1
2022-07-12 21:05:21,552 [OM StateMachine ApplyTransaction Thread - 0] INFO  volume.OMVolumeCreateRequest (OMVolumeCreateRequest.java:validateAndUpdateCache(195)) - created volume:volume01755 for user:user21028
2022-07-12 21:05:21,554 [Time-limited test] INFO  rpc.RpcClient (RpcClient.java:createBucket(669)) - Creating Bucket: volume01755/bucket91714, with bucket layout LEGACY, runner as owner, Versioning false, Storage Type set to DISK and Encryption set to false 
2022-07-12 21:05:21,559 [OM StateMachine ApplyTransaction Thread - 0] INFO  bucket.OMBucketCreateRequest (OMBucketCreateRequest.java:validateAndUpdateCache(260)) - created bucket: bucket91714 of layout LEGACY in volume: volume01755
21:05:21.623 [IPC Server handler 8 on default port 38457] ERROR OMAudit - user=runner | ip=127.0.0.1 | op=READ_KEY {volume=volume01755, bucket=bucket91714, key=testCreateDoesNotAddParentDirKeys/parent/, dataSize=0, replicationConfig=null} | ret=FAILURE
org.apache.hadoop.ozone.om.exceptions.OMException: Key:testCreateDoesNotAddParentDirKeys/parent not found
	at org.apache.hadoop.ozone.om.KeyManagerImpl.lookupKey(KeyManagerImpl.java:399) ~[ozone-manager-1.3.0-SNAPSHOT.jar:?]
	at org.apache.hadoop.ozone.om.OzoneManager.lookupKey(OzoneManager.java:2817) ~[ozone-manager-1.3.0-SNAPSHOT.jar:?]
	at org.apache.hadoop.ozone.protocolPB.OzoneManagerRequestHandler.lookupKey(OzoneManagerRequestHandler.java:484) ~[ozone-manager-1.3.0-SNAPSHOT.jar:?]
	at org.apache.hadoop.ozone.protocolPB.OzoneManagerRequestHandler.handleReadRequest(OzoneManagerRequestHandler.java:182) ~[ozone-manager-1.3.0-SNAPSHOT.jar:?]
	at org.apache.hadoop.ozone.protocolPB.OzoneManagerProtocolServerSideTranslatorPB.submitReadRequestToOM(OzoneManagerProtocolServerSideTranslatorPB.java:226) ~[ozone-manager-1.3.0-SNAPSHOT.jar:?]
	at org.apache.hadoop.ozone.protocolPB.OzoneManagerProtocolServerSideTranslatorPB.processRequest(OzoneManagerProtocolServerSideTranslatorPB.java:175) ~[ozone-manager-1.3.0-SNAPSHOT.jar:?]
	at org.apache.hadoop.hdds.server.OzoneProtocolMessageDispatcher.processRequest(OzoneProtocolMessageDispatcher.java:87) [hdds-server-framework-1.3.0-SNAPSHOT.jar:?]
	at org.apache.hadoop.ozone.protocolPB.OzoneManagerProtocolServerSideTranslatorPB.submitRequest(OzoneManagerProtocolServerSideTranslatorPB.java:147) [ozone-manager-1.3.0-SNAPSHOT.jar:?]
	at org.apache.hadoop.ozone.protocol.proto.OzoneManagerProtocolProtos$OzoneManagerService$2.callBlockingMethod(OzoneManagerProtocolProtos.java) [ozone-interface-client-1.3.0-SNAPSHOT.jar:?]
	at org.apache.hadoop.ipc.ProtobufRpcEngine$Server.processCall(ProtobufRpcEngine.java:466) [hadoop-common-3.3.1.jar:?]
	at org.apache.hadoop.ipc.ProtobufRpcEngine2$Server$ProtoBufRpcInvoker.call(ProtobufRpcEngine2.java:574) [hadoop-common-3.3.1.jar:?]
	at org.apache.hadoop.ipc.ProtobufRpcEngine2$Server$ProtoBufRpcInvoker.call(ProtobufRpcEngine2.java:552) [hadoop-common-3.3.1.jar:?]
	at org.apache.hadoop.ipc.RPC$Server.call(RPC.java:1093) [hadoop-common-3.3.1.jar:?]
	at org.apache.hadoop.ipc.Server$RpcCall.run(Server.java:1035) [hadoop-common-3.3.1.jar:?]
	at org.apache.hadoop.ipc.Server$RpcCall.run(Server.java:963) [hadoop-common-3.3.1.jar:?]
	at java.security.AccessController.doPrivileged(Native Method) ~[?:1.8.0_332]
	at javax.security.auth.Subject.doAs(Subject.java:422) [?:1.8.0_332]
	at org.apache.hadoop.security.UserGroupInformation.doAs(UserGroupInformation.java:1878) [hadoop-common-3.3.1.jar:?]
	at org.apache.hadoop.ipc.Server$Handler.run(Server.java:2966) [hadoop-common-3.3.1.jar:?]
]]></system-out>
  </testcase>
  <testcase name="testCreateDoesNotAddParentDirKeys" classname="TestRootedOzoneFileSystem" time="0.152">
    <system-out><![CDATA[2022-07-12 21:06:35,560 [Time-limited test] INFO  rpc.RpcClient (RpcClient.java:createVolume(466)) - Creating Volume: volume45581, with user30141 as owner and space quota set to -1 bytes, counts quota set to -1
2022-07-12 21:06:35,560 [IPC Server handler 3 on default port 37581] INFO  volume.OMVolumeCreateRequest (OMVolumeCreateRequest.java:validateAndUpdateCache(195)) - created volume:volume45581 for user:user30141
2022-07-12 21:06:35,561 [Time-limited test] INFO  rpc.RpcClient (RpcClient.java:createBucket(669)) - Creating Bucket: volume45581/bucket79877, with bucket layout LEGACY, runner as owner, Versioning false, Storage Type set to DISK and Encryption set to false 
2022-07-12 21:06:35,562 [IPC Server handler 2 on default port 37581] INFO  bucket.OMBucketCreateRequest (OMBucketCreateRequest.java:validateAndUpdateCache(260)) - created bucket: bucket79877 of layout LEGACY in volume: volume45581
21:06:35.608 [IPC Server handler 17 on default port 37581] ERROR OMAudit - user=runner | ip=127.0.0.1 | op=READ_KEY {volume=volume45581, bucket=bucket79877, key=testCreateDoesNotAddParentDirKeys/parent/, dataSize=0, replicationConfig=null} | ret=FAILURE
org.apache.hadoop.ozone.om.exceptions.OMException: Key:testCreateDoesNotAddParentDirKeys/parent not found
	at org.apache.hadoop.ozone.om.KeyManagerImpl.lookupKey(KeyManagerImpl.java:399) ~[ozone-manager-1.3.0-SNAPSHOT.jar:?]
	at org.apache.hadoop.ozone.om.OzoneManager.lookupKey(OzoneManager.java:2817) ~[ozone-manager-1.3.0-SNAPSHOT.jar:?]
	at org.apache.hadoop.ozone.protocolPB.OzoneManagerRequestHandler.lookupKey(OzoneManagerRequestHandler.java:484) ~[ozone-manager-1.3.0-SNAPSHOT.jar:?]
	at org.apache.hadoop.ozone.protocolPB.OzoneManagerRequestHandler.handleReadRequest(OzoneManagerRequestHandler.java:182) ~[ozone-manager-1.3.0-SNAPSHOT.jar:?]
	at org.apache.hadoop.ozone.protocolPB.OzoneManagerProtocolServerSideTranslatorPB.submitRequestDirectlyToOM(OzoneManagerProtocolServerSideTranslatorPB.java:276) ~[ozone-manager-1.3.0-SNAPSHOT.jar:?]
	at org.apache.hadoop.ozone.protocolPB.OzoneManagerProtocolServerSideTranslatorPB.processRequest(OzoneManagerProtocolServerSideTranslatorPB.java:205) ~[ozone-manager-1.3.0-SNAPSHOT.jar:?]
	at org.apache.hadoop.hdds.server.OzoneProtocolMessageDispatcher.processRequest(OzoneProtocolMessageDispatcher.java:87) [hdds-server-framework-1.3.0-SNAPSHOT.jar:?]
	at org.apache.hadoop.ozone.protocolPB.OzoneManagerProtocolServerSideTranslatorPB.submitRequest(OzoneManagerProtocolServerSideTranslatorPB.java:147) [ozone-manager-1.3.0-SNAPSHOT.jar:?]
	at org.apache.hadoop.ozone.protocol.proto.OzoneManagerProtocolProtos$OzoneManagerService$2.callBlockingMethod(OzoneManagerProtocolProtos.java) [ozone-interface-client-1.3.0-SNAPSHOT.jar:?]
	at org.apache.hadoop.ipc.ProtobufRpcEngine$Server.processCall(ProtobufRpcEngine.java:466) [hadoop-common-3.3.1.jar:?]
	at org.apache.hadoop.ipc.ProtobufRpcEngine2$Server$ProtoBufRpcInvoker.call(ProtobufRpcEngine2.java:574) [hadoop-common-3.3.1.jar:?]
	at org.apache.hadoop.ipc.ProtobufRpcEngine2$Server$ProtoBufRpcInvoker.call(ProtobufRpcEngine2.java:552) [hadoop-common-3.3.1.jar:?]
	at org.apache.hadoop.ipc.RPC$Server.call(RPC.java:1093) [hadoop-common-3.3.1.jar:?]
	at org.apache.hadoop.ipc.Server$RpcCall.run(Server.java:1035) [hadoop-common-3.3.1.jar:?]
	at org.apache.hadoop.ipc.Server$RpcCall.run(Server.java:963) [hadoop-common-3.3.1.jar:?]
	at java.security.AccessController.doPrivileged(Native Method) ~[?:1.8.0_332]
	at javax.security.auth.Subject.doAs(Subject.java:422) [?:1.8.0_332]
	at org.apache.hadoop.security.UserGroupInformation.doAs(UserGroupInformation.java:1878) [hadoop-common-3.3.1.jar:?]
	at org.apache.hadoop.ipc.Server$Handler.run(Server.java:2966) [hadoop-common-3.3.1.jar:?]
]]></system-out>
  </testcase>
  <testcase name="testCreateDoesNotAddParentDirKeys" classname="TestRootedOzoneFileSystem" time="0.264">
    <system-out><![CDATA[2022-07-12 21:07:57,470 [Time-limited test] INFO  rpc.RpcClient (RpcClient.java:createVolume(466)) - Creating Volume: volume70433, with user27868 as owner and space quota set to -1 bytes, counts quota set to -1
2022-07-12 21:07:57,472 [OM StateMachine ApplyTransaction Thread - 0] INFO  volume.OMVolumeCreateRequest (OMVolumeCreateRequest.java:validateAndUpdateCache(195)) - created volume:volume70433 for user:user27868
2022-07-12 21:07:57,473 [Time-limited test] INFO  rpc.RpcClient (RpcClient.java:createBucket(669)) - Creating Bucket: volume70433/bucket62882, with bucket layout LEGACY, runner as owner, Versioning false, Storage Type set to DISK and Encryption set to false 
2022-07-12 21:07:57,476 [OM StateMachine ApplyTransaction Thread - 0] INFO  bucket.OMBucketCreateRequest (OMBucketCreateRequest.java:validateAndUpdateCache(260)) - created bucket: bucket62882 of layout LEGACY in volume: volume70433
]]></system-out>
  </testcase>
  <testcase name="testCreateDoesNotAddParentDirKeys" classname="TestRootedOzoneFileSystem" time="0.264">
    <system-out><![CDATA[2022-07-12 21:09:40,109 [Time-limited test] INFO  rpc.RpcClient (RpcClient.java:createVolume(466)) - Creating Volume: volume02605, with user88581 as owner and space quota set to -1 bytes, counts quota set to -1
2022-07-12 21:09:40,109 [IPC Server handler 10 on default port 32899] INFO  volume.OMVolumeCreateRequest (OMVolumeCreateRequest.java:validateAndUpdateCache(195)) - created volume:volume02605 for user:user88581
2022-07-12 21:09:40,111 [Time-limited test] INFO  rpc.RpcClient (RpcClient.java:createBucket(669)) - Creating Bucket: volume02605/bucket87586, with bucket layout LEGACY, runner as owner, Versioning false, Storage Type set to DISK and Encryption set to false 
2022-07-12 21:09:40,112 [IPC Server handler 6 on default port 32899] INFO  bucket.OMBucketCreateRequest (OMBucketCreateRequest.java:validateAndUpdateCache(260)) - created bucket: bucket87586 of layout LEGACY in volume: volume02605
]]></system-out>
  </testcase>
  <testcase name="testMkdirNonExistentVolume" classname="TestRootedOzoneFileSystem" time="0.083">
    <system-out><![CDATA[2022-07-12 21:04:09,342 [Time-limited test] INFO  rpc.RpcClient (RpcClient.java:createVolume(466)) - Creating Volume: volume13119, with user34994 as owner and space quota set to -1 bytes, counts quota set to -1
2022-07-12 21:04:09,346 [OM StateMachine ApplyTransaction Thread - 0] INFO  volume.OMVolumeCreateRequest (OMVolumeCreateRequest.java:validateAndUpdateCache(195)) - created volume:volume13119 for user:user34994
2022-07-12 21:04:09,349 [Time-limited test] INFO  rpc.RpcClient (RpcClient.java:createBucket(669)) - Creating Bucket: volume13119/bucket72975, with bucket layout LEGACY, runner as owner, Versioning false, Storage Type set to DISK and Encryption set to false 
2022-07-12 21:04:09,353 [OM StateMachine ApplyTransaction Thread - 0] INFO  bucket.OMBucketCreateRequest (OMBucketCreateRequest.java:validateAndUpdateCache(260)) - created bucket: bucket72975 of layout LEGACY in volume: volume13119
2022-07-12 21:04:09,357 [Time-limited test] INFO  rpc.RpcClient (RpcClient.java:createVolume(466)) - Creating Volume: volume-65549, with runner as owner and space quota set to -1 bytes, counts quota set to -1
2022-07-12 21:04:09,360 [OM StateMachine ApplyTransaction Thread - 0] INFO  volume.OMVolumeCreateRequest (OMVolumeCreateRequest.java:validateAndUpdateCache(195)) - created volume:volume-65549 for user:runner
]]></system-out>
  </testcase>
  <testcase name="testMkdirNonExistentVolume" classname="TestRootedOzoneFileSystem" time="0.119">
    <system-out><![CDATA[2022-07-12 21:05:21,740 [Time-limited test] INFO  rpc.RpcClient (RpcClient.java:createVolume(466)) - Creating Volume: volume18131, with user29565 as owner and space quota set to -1 bytes, counts quota set to -1
2022-07-12 21:05:21,746 [OM StateMachine ApplyTransaction Thread - 0] INFO  volume.OMVolumeCreateRequest (OMVolumeCreateRequest.java:validateAndUpdateCache(195)) - created volume:volume18131 for user:user29565
2022-07-12 21:05:21,748 [Time-limited test] INFO  rpc.RpcClient (RpcClient.java:createBucket(669)) - Creating Bucket: volume18131/bucket06341, with bucket layout LEGACY, runner as owner, Versioning false, Storage Type set to DISK and Encryption set to false 
2022-07-12 21:05:21,749 [OM StateMachine ApplyTransaction Thread - 0] INFO  bucket.OMBucketCreateRequest (OMBucketCreateRequest.java:validateAndUpdateCache(260)) - created bucket: bucket06341 of layout LEGACY in volume: volume18131
2022-07-12 21:05:21,751 [Time-limited test] INFO  rpc.RpcClient (RpcClient.java:createVolume(466)) - Creating Volume: volume-98180, with runner as owner and space quota set to -1 bytes, counts quota set to -1
2022-07-12 21:05:21,752 [OM StateMachine ApplyTransaction Thread - 0] INFO  volume.OMVolumeCreateRequest (OMVolumeCreateRequest.java:validateAndUpdateCache(195)) - created volume:volume-98180 for user:runner
]]></system-out>
  </testcase>
  <testcase name="testMkdirNonExistentVolume" classname="TestRootedOzoneFileSystem" time="0.216">
    <system-out><![CDATA[2022-07-12 21:06:35,806 [Time-limited test] INFO  rpc.RpcClient (RpcClient.java:createVolume(466)) - Creating Volume: volume59949, with user38946 as owner and space quota set to -1 bytes, counts quota set to -1
2022-07-12 21:06:35,807 [IPC Server handler 7 on default port 37581] INFO  volume.OMVolumeCreateRequest (OMVolumeCreateRequest.java:validateAndUpdateCache(195)) - created volume:volume59949 for user:user38946
2022-07-12 21:06:35,808 [Time-limited test] INFO  rpc.RpcClient (RpcClient.java:createBucket(669)) - Creating Bucket: volume59949/bucket07328, with bucket layout LEGACY, runner as owner, Versioning false, Storage Type set to DISK and Encryption set to false 
2022-07-12 21:06:35,809 [IPC Server handler 6 on default port 37581] INFO  bucket.OMBucketCreateRequest (OMBucketCreateRequest.java:validateAndUpdateCache(260)) - created bucket: bucket07328 of layout LEGACY in volume: volume59949
2022-07-12 21:06:35,811 [Time-limited test] INFO  rpc.RpcClient (RpcClient.java:createVolume(466)) - Creating Volume: volume-66634, with runner as owner and space quota set to -1 bytes, counts quota set to -1
2022-07-12 21:06:35,811 [IPC Server handler 18 on default port 37581] INFO  volume.OMVolumeCreateRequest (OMVolumeCreateRequest.java:validateAndUpdateCache(195)) - created volume:volume-66634 for user:runner
]]></system-out>
  </testcase>
  <testcase name="testMkdirNonExistentVolume" classname="TestRootedOzoneFileSystem" time="0.171">
    <system-out><![CDATA[2022-07-12 21:07:57,706 [Time-limited test] INFO  rpc.RpcClient (RpcClient.java:createVolume(466)) - Creating Volume: volume32354, with user21501 as owner and space quota set to -1 bytes, counts quota set to -1
2022-07-12 21:07:57,714 [OM StateMachine ApplyTransaction Thread - 0] INFO  volume.OMVolumeCreateRequest (OMVolumeCreateRequest.java:validateAndUpdateCache(195)) - created volume:volume32354 for user:user21501
2022-07-12 21:07:57,716 [Time-limited test] INFO  rpc.RpcClient (RpcClient.java:createBucket(669)) - Creating Bucket: volume32354/bucket91598, with bucket layout LEGACY, runner as owner, Versioning false, Storage Type set to DISK and Encryption set to false 
2022-07-12 21:07:57,718 [OM StateMachine ApplyTransaction Thread - 0] INFO  bucket.OMBucketCreateRequest (OMBucketCreateRequest.java:validateAndUpdateCache(260)) - created bucket: bucket91598 of layout LEGACY in volume: volume32354
2022-07-12 21:07:57,720 [Time-limited test] INFO  rpc.RpcClient (RpcClient.java:createVolume(466)) - Creating Volume: volume-75441, with runner as owner and space quota set to -1 bytes, counts quota set to -1
2022-07-12 21:07:57,722 [OM StateMachine ApplyTransaction Thread - 0] INFO  volume.OMVolumeCreateRequest (OMVolumeCreateRequest.java:validateAndUpdateCache(195)) - created volume:volume-75441 for user:runner
]]></system-out>
  </testcase>
  <testcase name="testMkdirNonExistentVolume" classname="TestRootedOzoneFileSystem" time="0.205">
    <system-out><![CDATA[2022-07-12 21:09:40,382 [Time-limited test] INFO  rpc.RpcClient (RpcClient.java:createVolume(466)) - Creating Volume: volume22484, with user55636 as owner and space quota set to -1 bytes, counts quota set to -1
2022-07-12 21:09:40,383 [IPC Server handler 18 on default port 32899] INFO  volume.OMVolumeCreateRequest (OMVolumeCreateRequest.java:validateAndUpdateCache(195)) - created volume:volume22484 for user:user55636
2022-07-12 21:09:40,384 [Time-limited test] INFO  rpc.RpcClient (RpcClient.java:createBucket(669)) - Creating Bucket: volume22484/bucket14684, with bucket layout LEGACY, runner as owner, Versioning false, Storage Type set to DISK and Encryption set to false 
2022-07-12 21:09:40,385 [IPC Server handler 14 on default port 32899] INFO  bucket.OMBucketCreateRequest (OMBucketCreateRequest.java:validateAndUpdateCache(260)) - created bucket: bucket14684 of layout LEGACY in volume: volume22484
2022-07-12 21:09:40,392 [Time-limited test] INFO  rpc.RpcClient (RpcClient.java:createVolume(466)) - Creating Volume: volume-81956, with runner as owner and space quota set to -1 bytes, counts quota set to -1
2022-07-12 21:09:40,392 [IPC Server handler 7 on default port 32899] INFO  volume.OMVolumeCreateRequest (OMVolumeCreateRequest.java:validateAndUpdateCache(195)) - created volume:volume-81956 for user:runner
]]></system-out>
  </testcase>
  <testcase name="testDeleteCreatesFakeParentDir" classname="TestRootedOzoneFileSystem" time="0">
    <skipped type="org.junit.AssumptionViolatedException"><![CDATA[org.junit.AssumptionViolatedException: FS Path is enabled. Skipping this test as it is not tuned for FS Path yet
	at org.junit.Assume.assumeTrue(Assume.java:68)
	at org.apache.hadoop.fs.ozone.TestRootedOzoneFileSystem.testDeleteCreatesFakeParentDir(TestRootedOzoneFileSystem.java:318)
	at sun.reflect.NativeMethodAccessorImpl.invoke0(Native Method)
	at sun.reflect.NativeMethodAccessorImpl.invoke(NativeMethodAccessorImpl.java:62)
	at sun.reflect.DelegatingMethodAccessorImpl.invoke(DelegatingMethodAccessorImpl.java:43)
	at java.lang.reflect.Method.invoke(Method.java:498)
	at org.junit.runners.model.FrameworkMethod$1.runReflectiveCall(FrameworkMethod.java:59)
	at org.junit.internal.runners.model.ReflectiveCallable.run(ReflectiveCallable.java:12)
	at org.junit.runners.model.FrameworkMethod.invokeExplosively(FrameworkMethod.java:56)
	at org.junit.internal.runners.statements.InvokeMethod.evaluate(InvokeMethod.java:17)
	at org.junit.internal.runners.statements.RunBefores.evaluate(RunBefores.java:26)
	at org.junit.internal.runners.statements.RunAfters.evaluate(RunAfters.java:27)
	at org.junit.internal.runners.statements.FailOnTimeout$CallableStatement.call(FailOnTimeout.java:288)
	at org.junit.internal.runners.statements.FailOnTimeout$CallableStatement.call(FailOnTimeout.java:282)
	at java.util.concurrent.FutureTask.run(FutureTask.java:266)
	at java.lang.Thread.run(Thread.java:750)
]]></skipped>
    <system-out><![CDATA[2022-07-12 21:04:09,432 [Time-limited test] INFO  rpc.RpcClient (RpcClient.java:createVolume(466)) - Creating Volume: volume46827, with user24879 as owner and space quota set to -1 bytes, counts quota set to -1
2022-07-12 21:04:09,435 [OM StateMachine ApplyTransaction Thread - 0] INFO  volume.OMVolumeCreateRequest (OMVolumeCreateRequest.java:validateAndUpdateCache(195)) - created volume:volume46827 for user:user24879
2022-07-12 21:04:09,437 [Time-limited test] INFO  rpc.RpcClient (RpcClient.java:createBucket(669)) - Creating Bucket: volume46827/bucket29906, with bucket layout LEGACY, runner as owner, Versioning false, Storage Type set to DISK and Encryption set to false 
2022-07-12 21:04:09,441 [OM StateMachine ApplyTransaction Thread - 0] INFO  bucket.OMBucketCreateRequest (OMBucketCreateRequest.java:validateAndUpdateCache(260)) - created bucket: bucket29906 of layout LEGACY in volume: volume46827
]]></system-out>
  </testcase>
  <testcase name="testDeleteCreatesFakeParentDir" classname="TestRootedOzoneFileSystem" time="0">
    <skipped type="org.junit.AssumptionViolatedException"><![CDATA[org.junit.AssumptionViolatedException: FS Path is enabled. Skipping this test as it is not tuned for FS Path yet
	at org.junit.Assume.assumeTrue(Assume.java:68)
	at org.apache.hadoop.fs.ozone.TestRootedOzoneFileSystem.testDeleteCreatesFakeParentDir(TestRootedOzoneFileSystem.java:318)
	at sun.reflect.NativeMethodAccessorImpl.invoke0(Native Method)
	at sun.reflect.NativeMethodAccessorImpl.invoke(NativeMethodAccessorImpl.java:62)
	at sun.reflect.DelegatingMethodAccessorImpl.invoke(DelegatingMethodAccessorImpl.java:43)
	at java.lang.reflect.Method.invoke(Method.java:498)
	at org.junit.runners.model.FrameworkMethod$1.runReflectiveCall(FrameworkMethod.java:59)
	at org.junit.internal.runners.model.ReflectiveCallable.run(ReflectiveCallable.java:12)
	at org.junit.runners.model.FrameworkMethod.invokeExplosively(FrameworkMethod.java:56)
	at org.junit.internal.runners.statements.InvokeMethod.evaluate(InvokeMethod.java:17)
	at org.junit.internal.runners.statements.RunBefores.evaluate(RunBefores.java:26)
	at org.junit.internal.runners.statements.RunAfters.evaluate(RunAfters.java:27)
	at org.junit.internal.runners.statements.FailOnTimeout$CallableStatement.call(FailOnTimeout.java:288)
	at org.junit.internal.runners.statements.FailOnTimeout$CallableStatement.call(FailOnTimeout.java:282)
	at java.util.concurrent.FutureTask.run(FutureTask.java:266)
	at java.lang.Thread.run(Thread.java:750)
]]></skipped>
    <system-out><![CDATA[2022-07-12 21:05:21,821 [Time-limited test] INFO  rpc.RpcClient (RpcClient.java:createVolume(466)) - Creating Volume: volume16595, with user90354 as owner and space quota set to -1 bytes, counts quota set to -1
2022-07-12 21:05:21,828 [OM StateMachine ApplyTransaction Thread - 0] INFO  volume.OMVolumeCreateRequest (OMVolumeCreateRequest.java:validateAndUpdateCache(195)) - created volume:volume16595 for user:user90354
2022-07-12 21:05:21,829 [Time-limited test] INFO  rpc.RpcClient (RpcClient.java:createBucket(669)) - Creating Bucket: volume16595/bucket97434, with bucket layout LEGACY, runner as owner, Versioning false, Storage Type set to DISK and Encryption set to false 
2022-07-12 21:05:21,830 [OM StateMachine ApplyTransaction Thread - 0] INFO  bucket.OMBucketCreateRequest (OMBucketCreateRequest.java:validateAndUpdateCache(260)) - created bucket: bucket97434 of layout LEGACY in volume: volume16595
]]></system-out>
  </testcase>
  <testcase name="testDeleteCreatesFakeParentDir" classname="TestRootedOzoneFileSystem" time="0">
    <skipped type="org.junit.AssumptionViolatedException"><![CDATA[org.junit.AssumptionViolatedException: FS Path is enabled. Skipping this test as it is not tuned for FS Path yet
	at org.junit.Assume.assumeTrue(Assume.java:68)
	at org.apache.hadoop.fs.ozone.TestRootedOzoneFileSystem.testDeleteCreatesFakeParentDir(TestRootedOzoneFileSystem.java:318)
	at sun.reflect.NativeMethodAccessorImpl.invoke0(Native Method)
	at sun.reflect.NativeMethodAccessorImpl.invoke(NativeMethodAccessorImpl.java:62)
	at sun.reflect.DelegatingMethodAccessorImpl.invoke(DelegatingMethodAccessorImpl.java:43)
	at java.lang.reflect.Method.invoke(Method.java:498)
	at org.junit.runners.model.FrameworkMethod$1.runReflectiveCall(FrameworkMethod.java:59)
	at org.junit.internal.runners.model.ReflectiveCallable.run(ReflectiveCallable.java:12)
	at org.junit.runners.model.FrameworkMethod.invokeExplosively(FrameworkMethod.java:56)
	at org.junit.internal.runners.statements.InvokeMethod.evaluate(InvokeMethod.java:17)
	at org.junit.internal.runners.statements.RunBefores.evaluate(RunBefores.java:26)
	at org.junit.internal.runners.statements.RunAfters.evaluate(RunAfters.java:27)
	at org.junit.internal.runners.statements.FailOnTimeout$CallableStatement.call(FailOnTimeout.java:288)
	at org.junit.internal.runners.statements.FailOnTimeout$CallableStatement.call(FailOnTimeout.java:282)
	at java.util.concurrent.FutureTask.run(FutureTask.java:266)
	at java.lang.Thread.run(Thread.java:750)
]]></skipped>
    <system-out><![CDATA[2022-07-12 21:06:35,994 [Time-limited test] INFO  rpc.RpcClient (RpcClient.java:createVolume(466)) - Creating Volume: volume41294, with user09286 as owner and space quota set to -1 bytes, counts quota set to -1
2022-07-12 21:06:35,994 [IPC Server handler 18 on default port 37581] INFO  volume.OMVolumeCreateRequest (OMVolumeCreateRequest.java:validateAndUpdateCache(195)) - created volume:volume41294 for user:user09286
2022-07-12 21:06:35,996 [Time-limited test] INFO  rpc.RpcClient (RpcClient.java:createBucket(669)) - Creating Bucket: volume41294/bucket52159, with bucket layout LEGACY, runner as owner, Versioning false, Storage Type set to DISK and Encryption set to false 
2022-07-12 21:06:35,997 [IPC Server handler 16 on default port 37581] INFO  bucket.OMBucketCreateRequest (OMBucketCreateRequest.java:validateAndUpdateCache(260)) - created bucket: bucket52159 of layout LEGACY in volume: volume41294
]]></system-out>
  </testcase>
  <testcase name="testDeleteCreatesFakeParentDir" classname="TestRootedOzoneFileSystem" time="0.332">
    <system-out><![CDATA[2022-07-12 21:07:57,935 [Time-limited test] INFO  rpc.RpcClient (RpcClient.java:createVolume(466)) - Creating Volume: volume18744, with user80877 as owner and space quota set to -1 bytes, counts quota set to -1
2022-07-12 21:07:57,944 [OM StateMachine ApplyTransaction Thread - 0] INFO  volume.OMVolumeCreateRequest (OMVolumeCreateRequest.java:validateAndUpdateCache(195)) - created volume:volume18744 for user:user80877
2022-07-12 21:07:57,945 [Time-limited test] INFO  rpc.RpcClient (RpcClient.java:createBucket(669)) - Creating Bucket: volume18744/bucket66088, with bucket layout LEGACY, runner as owner, Versioning false, Storage Type set to DISK and Encryption set to false 
2022-07-12 21:07:57,952 [OM StateMachine ApplyTransaction Thread - 0] INFO  bucket.OMBucketCreateRequest (OMBucketCreateRequest.java:validateAndUpdateCache(260)) - created bucket: bucket66088 of layout LEGACY in volume: volume18744
]]></system-out>
  </testcase>
  <testcase name="testDeleteCreatesFakeParentDir" classname="TestRootedOzoneFileSystem" time="0.273">
    <system-out><![CDATA[2022-07-12 21:09:40,581 [Time-limited test] INFO  rpc.RpcClient (RpcClient.java:createVolume(466)) - Creating Volume: volume88863, with user67268 as owner and space quota set to -1 bytes, counts quota set to -1
2022-07-12 21:09:40,582 [IPC Server handler 7 on default port 32899] INFO  volume.OMVolumeCreateRequest (OMVolumeCreateRequest.java:validateAndUpdateCache(195)) - created volume:volume88863 for user:user67268
2022-07-12 21:09:40,586 [Time-limited test] INFO  rpc.RpcClient (RpcClient.java:createBucket(669)) - Creating Bucket: volume88863/bucket77886, with bucket layout LEGACY, runner as owner, Versioning false, Storage Type set to DISK and Encryption set to false 
2022-07-12 21:09:40,587 [IPC Server handler 9 on default port 32899] INFO  bucket.OMBucketCreateRequest (OMBucketCreateRequest.java:validateAndUpdateCache(260)) - created bucket: bucket77886 of layout LEGACY in volume: volume88863
]]></system-out>
  </testcase>
  <testcase name="testNonExplicitlyCreatedPathExistsAfterItsLeafsWereRemoved" classname="TestRootedOzoneFileSystem" time="0.116">
    <system-out><![CDATA[2022-07-12 21:04:09,489 [Time-limited test] INFO  rpc.RpcClient (RpcClient.java:createVolume(466)) - Creating Volume: volume79360, with user36495 as owner and space quota set to -1 bytes, counts quota set to -1
2022-07-12 21:04:09,493 [OM StateMachine ApplyTransaction Thread - 0] INFO  volume.OMVolumeCreateRequest (OMVolumeCreateRequest.java:validateAndUpdateCache(195)) - created volume:volume79360 for user:user36495
2022-07-12 21:04:09,495 [Time-limited test] INFO  rpc.RpcClient (RpcClient.java:createBucket(669)) - Creating Bucket: volume79360/bucket72966, with bucket layout LEGACY, runner as owner, Versioning false, Storage Type set to DISK and Encryption set to false 
2022-07-12 21:04:09,497 [OM StateMachine ApplyTransaction Thread - 0] INFO  bucket.OMBucketCreateRequest (OMBucketCreateRequest.java:validateAndUpdateCache(260)) - created bucket: bucket72966 of layout LEGACY in volume: volume79360
21:04:09.515 [IPC Server handler 2 on default port 43377] ERROR OMAudit - user=runner | ip=127.0.0.1 | op=GET_FILE_STATUS {volume=volume79360, bucket=bucket72966, key=target/leaf, dataSize=0, replicationConfig=null} | ret=FAILURE
org.apache.hadoop.ozone.om.exceptions.OMException: Unable to get file status: volume: volume79360 bucket: bucket72966 key: target/leaf
	at org.apache.hadoop.ozone.om.KeyManagerImpl.getOzoneFileStatus(KeyManagerImpl.java:1311) ~[ozone-manager-1.3.0-SNAPSHOT.jar:?]
	at org.apache.hadoop.ozone.om.KeyManagerImpl.getFileStatus(KeyManagerImpl.java:1241) ~[ozone-manager-1.3.0-SNAPSHOT.jar:?]
	at org.apache.hadoop.ozone.om.OzoneManager.getFileStatus(OzoneManager.java:3419) ~[ozone-manager-1.3.0-SNAPSHOT.jar:?]
	at org.apache.hadoop.ozone.protocolPB.OzoneManagerRequestHandler.getOzoneFileStatus(OzoneManagerRequestHandler.java:871) ~[ozone-manager-1.3.0-SNAPSHOT.jar:?]
	at org.apache.hadoop.ozone.protocolPB.OzoneManagerRequestHandler.handleReadRequest(OzoneManagerRequestHandler.java:217) ~[ozone-manager-1.3.0-SNAPSHOT.jar:?]
	at org.apache.hadoop.ozone.protocolPB.OzoneManagerProtocolServerSideTranslatorPB.submitReadRequestToOM(OzoneManagerProtocolServerSideTranslatorPB.java:226) ~[ozone-manager-1.3.0-SNAPSHOT.jar:?]
	at org.apache.hadoop.ozone.protocolPB.OzoneManagerProtocolServerSideTranslatorPB.processRequest(OzoneManagerProtocolServerSideTranslatorPB.java:175) ~[ozone-manager-1.3.0-SNAPSHOT.jar:?]
	at org.apache.hadoop.hdds.server.OzoneProtocolMessageDispatcher.processRequest(OzoneProtocolMessageDispatcher.java:87) [hdds-server-framework-1.3.0-SNAPSHOT.jar:?]
	at org.apache.hadoop.ozone.protocolPB.OzoneManagerProtocolServerSideTranslatorPB.submitRequest(OzoneManagerProtocolServerSideTranslatorPB.java:147) [ozone-manager-1.3.0-SNAPSHOT.jar:?]
	at org.apache.hadoop.ozone.protocol.proto.OzoneManagerProtocolProtos$OzoneManagerService$2.callBlockingMethod(OzoneManagerProtocolProtos.java) [ozone-interface-client-1.3.0-SNAPSHOT.jar:?]
	at org.apache.hadoop.ipc.ProtobufRpcEngine$Server.processCall(ProtobufRpcEngine.java:466) [hadoop-common-3.3.1.jar:?]
	at org.apache.hadoop.ipc.ProtobufRpcEngine2$Server$ProtoBufRpcInvoker.call(ProtobufRpcEngine2.java:574) [hadoop-common-3.3.1.jar:?]
	at org.apache.hadoop.ipc.ProtobufRpcEngine2$Server$ProtoBufRpcInvoker.call(ProtobufRpcEngine2.java:552) [hadoop-common-3.3.1.jar:?]
	at org.apache.hadoop.ipc.RPC$Server.call(RPC.java:1093) [hadoop-common-3.3.1.jar:?]
	at org.apache.hadoop.ipc.Server$RpcCall.run(Server.java:1035) [hadoop-common-3.3.1.jar:?]
	at org.apache.hadoop.ipc.Server$RpcCall.run(Server.java:963) [hadoop-common-3.3.1.jar:?]
	at java.security.AccessController.doPrivileged(Native Method) ~[?:1.8.0_332]
	at javax.security.auth.Subject.doAs(Subject.java:422) [?:1.8.0_332]
	at org.apache.hadoop.security.UserGroupInformation.doAs(UserGroupInformation.java:1878) [hadoop-common-3.3.1.jar:?]
	at org.apache.hadoop.ipc.Server$Handler.run(Server.java:2966) [hadoop-common-3.3.1.jar:?]
]]></system-out>
  </testcase>
  <testcase name="testNonExplicitlyCreatedPathExistsAfterItsLeafsWereRemoved" classname="TestRootedOzoneFileSystem" time="0.12">
    <system-out><![CDATA[2022-07-12 21:05:21,921 [Time-limited test] INFO  rpc.RpcClient (RpcClient.java:createVolume(466)) - Creating Volume: volume71502, with user92660 as owner and space quota set to -1 bytes, counts quota set to -1
2022-07-12 21:05:21,923 [OM StateMachine ApplyTransaction Thread - 0] INFO  volume.OMVolumeCreateRequest (OMVolumeCreateRequest.java:validateAndUpdateCache(195)) - created volume:volume71502 for user:user92660
2022-07-12 21:05:21,925 [Time-limited test] INFO  rpc.RpcClient (RpcClient.java:createBucket(669)) - Creating Bucket: volume71502/bucket02425, with bucket layout LEGACY, runner as owner, Versioning false, Storage Type set to DISK and Encryption set to false 
2022-07-12 21:05:21,926 [OM StateMachine ApplyTransaction Thread - 0] INFO  bucket.OMBucketCreateRequest (OMBucketCreateRequest.java:validateAndUpdateCache(260)) - created bucket: bucket02425 of layout LEGACY in volume: volume71502
21:05:21.934 [IPC Server handler 2 on default port 38457] ERROR OMAudit - user=runner | ip=127.0.0.1 | op=GET_FILE_STATUS {volume=volume71502, bucket=bucket02425, key=target/leaf, dataSize=0, replicationConfig=null} | ret=FAILURE
org.apache.hadoop.ozone.om.exceptions.OMException: Unable to get file status: volume: volume71502 bucket: bucket02425 key: target/leaf
	at org.apache.hadoop.ozone.om.KeyManagerImpl.getOzoneFileStatus(KeyManagerImpl.java:1311) ~[ozone-manager-1.3.0-SNAPSHOT.jar:?]
	at org.apache.hadoop.ozone.om.KeyManagerImpl.getFileStatus(KeyManagerImpl.java:1241) ~[ozone-manager-1.3.0-SNAPSHOT.jar:?]
	at org.apache.hadoop.ozone.om.OzoneManager.getFileStatus(OzoneManager.java:3419) ~[ozone-manager-1.3.0-SNAPSHOT.jar:?]
	at org.apache.hadoop.ozone.protocolPB.OzoneManagerRequestHandler.getOzoneFileStatus(OzoneManagerRequestHandler.java:871) ~[ozone-manager-1.3.0-SNAPSHOT.jar:?]
	at org.apache.hadoop.ozone.protocolPB.OzoneManagerRequestHandler.handleReadRequest(OzoneManagerRequestHandler.java:217) ~[ozone-manager-1.3.0-SNAPSHOT.jar:?]
	at org.apache.hadoop.ozone.protocolPB.OzoneManagerProtocolServerSideTranslatorPB.submitReadRequestToOM(OzoneManagerProtocolServerSideTranslatorPB.java:226) ~[ozone-manager-1.3.0-SNAPSHOT.jar:?]
	at org.apache.hadoop.ozone.protocolPB.OzoneManagerProtocolServerSideTranslatorPB.processRequest(OzoneManagerProtocolServerSideTranslatorPB.java:175) ~[ozone-manager-1.3.0-SNAPSHOT.jar:?]
	at org.apache.hadoop.hdds.server.OzoneProtocolMessageDispatcher.processRequest(OzoneProtocolMessageDispatcher.java:87) [hdds-server-framework-1.3.0-SNAPSHOT.jar:?]
	at org.apache.hadoop.ozone.protocolPB.OzoneManagerProtocolServerSideTranslatorPB.submitRequest(OzoneManagerProtocolServerSideTranslatorPB.java:147) [ozone-manager-1.3.0-SNAPSHOT.jar:?]
	at org.apache.hadoop.ozone.protocol.proto.OzoneManagerProtocolProtos$OzoneManagerService$2.callBlockingMethod(OzoneManagerProtocolProtos.java) [ozone-interface-client-1.3.0-SNAPSHOT.jar:?]
	at org.apache.hadoop.ipc.ProtobufRpcEngine$Server.processCall(ProtobufRpcEngine.java:466) [hadoop-common-3.3.1.jar:?]
	at org.apache.hadoop.ipc.ProtobufRpcEngine2$Server$ProtoBufRpcInvoker.call(ProtobufRpcEngine2.java:574) [hadoop-common-3.3.1.jar:?]
	at org.apache.hadoop.ipc.ProtobufRpcEngine2$Server$ProtoBufRpcInvoker.call(ProtobufRpcEngine2.java:552) [hadoop-common-3.3.1.jar:?]
	at org.apache.hadoop.ipc.RPC$Server.call(RPC.java:1093) [hadoop-common-3.3.1.jar:?]
	at org.apache.hadoop.ipc.Server$RpcCall.run(Server.java:1035) [hadoop-common-3.3.1.jar:?]
	at org.apache.hadoop.ipc.Server$RpcCall.run(Server.java:963) [hadoop-common-3.3.1.jar:?]
	at java.security.AccessController.doPrivileged(Native Method) ~[?:1.8.0_332]
	at javax.security.auth.Subject.doAs(Subject.java:422) [?:1.8.0_332]
	at org.apache.hadoop.security.UserGroupInformation.doAs(UserGroupInformation.java:1878) [hadoop-common-3.3.1.jar:?]
	at org.apache.hadoop.ipc.Server$Handler.run(Server.java:2966) [hadoop-common-3.3.1.jar:?]
]]></system-out>
  </testcase>
  <testcase name="testNonExplicitlyCreatedPathExistsAfterItsLeafsWereRemoved" classname="TestRootedOzoneFileSystem" time="0.242">
    <system-out><![CDATA[2022-07-12 21:06:36,177 [Time-limited test] INFO  rpc.RpcClient (RpcClient.java:createVolume(466)) - Creating Volume: volume18769, with user84730 as owner and space quota set to -1 bytes, counts quota set to -1
2022-07-12 21:06:36,184 [IPC Server handler 17 on default port 37581] INFO  volume.OMVolumeCreateRequest (OMVolumeCreateRequest.java:validateAndUpdateCache(195)) - created volume:volume18769 for user:user84730
2022-07-12 21:06:36,186 [Time-limited test] INFO  rpc.RpcClient (RpcClient.java:createBucket(669)) - Creating Bucket: volume18769/bucket65692, with bucket layout LEGACY, runner as owner, Versioning false, Storage Type set to DISK and Encryption set to false 
2022-07-12 21:06:36,190 [IPC Server handler 14 on default port 37581] INFO  bucket.OMBucketCreateRequest (OMBucketCreateRequest.java:validateAndUpdateCache(260)) - created bucket: bucket65692 of layout LEGACY in volume: volume18769
21:06:36.202 [IPC Server handler 7 on default port 37581] ERROR OMAudit - user=runner | ip=127.0.0.1 | op=GET_FILE_STATUS {volume=volume18769, bucket=bucket65692, key=target/leaf, dataSize=0, replicationConfig=null} | ret=FAILURE
org.apache.hadoop.ozone.om.exceptions.OMException: Unable to get file status: volume: volume18769 bucket: bucket65692 key: target/leaf
	at org.apache.hadoop.ozone.om.KeyManagerImpl.getOzoneFileStatus(KeyManagerImpl.java:1311) ~[ozone-manager-1.3.0-SNAPSHOT.jar:?]
	at org.apache.hadoop.ozone.om.KeyManagerImpl.getFileStatus(KeyManagerImpl.java:1241) ~[ozone-manager-1.3.0-SNAPSHOT.jar:?]
	at org.apache.hadoop.ozone.om.OzoneManager.getFileStatus(OzoneManager.java:3419) ~[ozone-manager-1.3.0-SNAPSHOT.jar:?]
	at org.apache.hadoop.ozone.protocolPB.OzoneManagerRequestHandler.getOzoneFileStatus(OzoneManagerRequestHandler.java:871) ~[ozone-manager-1.3.0-SNAPSHOT.jar:?]
	at org.apache.hadoop.ozone.protocolPB.OzoneManagerRequestHandler.handleReadRequest(OzoneManagerRequestHandler.java:217) ~[ozone-manager-1.3.0-SNAPSHOT.jar:?]
	at org.apache.hadoop.ozone.protocolPB.OzoneManagerProtocolServerSideTranslatorPB.submitRequestDirectlyToOM(OzoneManagerProtocolServerSideTranslatorPB.java:276) ~[ozone-manager-1.3.0-SNAPSHOT.jar:?]
	at org.apache.hadoop.ozone.protocolPB.OzoneManagerProtocolServerSideTranslatorPB.processRequest(OzoneManagerProtocolServerSideTranslatorPB.java:205) ~[ozone-manager-1.3.0-SNAPSHOT.jar:?]
	at org.apache.hadoop.hdds.server.OzoneProtocolMessageDispatcher.processRequest(OzoneProtocolMessageDispatcher.java:87) [hdds-server-framework-1.3.0-SNAPSHOT.jar:?]
	at org.apache.hadoop.ozone.protocolPB.OzoneManagerProtocolServerSideTranslatorPB.submitRequest(OzoneManagerProtocolServerSideTranslatorPB.java:147) [ozone-manager-1.3.0-SNAPSHOT.jar:?]
	at org.apache.hadoop.ozone.protocol.proto.OzoneManagerProtocolProtos$OzoneManagerService$2.callBlockingMethod(OzoneManagerProtocolProtos.java) [ozone-interface-client-1.3.0-SNAPSHOT.jar:?]
	at org.apache.hadoop.ipc.ProtobufRpcEngine$Server.processCall(ProtobufRpcEngine.java:466) [hadoop-common-3.3.1.jar:?]
	at org.apache.hadoop.ipc.ProtobufRpcEngine2$Server$ProtoBufRpcInvoker.call(ProtobufRpcEngine2.java:574) [hadoop-common-3.3.1.jar:?]
	at org.apache.hadoop.ipc.ProtobufRpcEngine2$Server$ProtoBufRpcInvoker.call(ProtobufRpcEngine2.java:552) [hadoop-common-3.3.1.jar:?]
	at org.apache.hadoop.ipc.RPC$Server.call(RPC.java:1093) [hadoop-common-3.3.1.jar:?]
	at org.apache.hadoop.ipc.Server$RpcCall.run(Server.java:1035) [hadoop-common-3.3.1.jar:?]
	at org.apache.hadoop.ipc.Server$RpcCall.run(Server.java:963) [hadoop-common-3.3.1.jar:?]
	at java.security.AccessController.doPrivileged(Native Method) ~[?:1.8.0_332]
	at javax.security.auth.Subject.doAs(Subject.java:422) [?:1.8.0_332]
	at org.apache.hadoop.security.UserGroupInformation.doAs(UserGroupInformation.java:1878) [hadoop-common-3.3.1.jar:?]
	at org.apache.hadoop.ipc.Server$Handler.run(Server.java:2966) [hadoop-common-3.3.1.jar:?]
]]></system-out>
  </testcase>
  <testcase name="testNonExplicitlyCreatedPathExistsAfterItsLeafsWereRemoved" classname="TestRootedOzoneFileSystem" time="0.284">
    <system-out><![CDATA[2022-07-12 21:07:58,254 [Time-limited test] INFO  rpc.RpcClient (RpcClient.java:createVolume(466)) - Creating Volume: volume54299, with user16682 as owner and space quota set to -1 bytes, counts quota set to -1
2022-07-12 21:07:58,268 [OM StateMachine ApplyTransaction Thread - 0] INFO  volume.OMVolumeCreateRequest (OMVolumeCreateRequest.java:validateAndUpdateCache(195)) - created volume:volume54299 for user:user16682
2022-07-12 21:07:58,269 [Time-limited test] INFO  rpc.RpcClient (RpcClient.java:createBucket(669)) - Creating Bucket: volume54299/bucket27189, with bucket layout LEGACY, runner as owner, Versioning false, Storage Type set to DISK and Encryption set to false 
2022-07-12 21:07:58,271 [OM StateMachine ApplyTransaction Thread - 0] INFO  bucket.OMBucketCreateRequest (OMBucketCreateRequest.java:validateAndUpdateCache(260)) - created bucket: bucket27189 of layout LEGACY in volume: volume54299
21:07:58.316 [IPC Server handler 6 on default port 33595] ERROR OMAudit - user=runner | ip=127.0.0.1 | op=GET_FILE_STATUS {volume=volume54299, bucket=bucket27189, key=target/leaf, dataSize=0, replicationConfig=null} | ret=FAILURE
org.apache.hadoop.ozone.om.exceptions.OMException: Unable to get file status: volume: volume54299 bucket: bucket27189 key: target/leaf
	at org.apache.hadoop.ozone.om.KeyManagerImpl.getOzoneFileStatus(KeyManagerImpl.java:1311) ~[ozone-manager-1.3.0-SNAPSHOT.jar:?]
	at org.apache.hadoop.ozone.om.KeyManagerImpl.getFileStatus(KeyManagerImpl.java:1241) ~[ozone-manager-1.3.0-SNAPSHOT.jar:?]
	at org.apache.hadoop.ozone.om.OzoneManager.getFileStatus(OzoneManager.java:3419) ~[ozone-manager-1.3.0-SNAPSHOT.jar:?]
	at org.apache.hadoop.ozone.protocolPB.OzoneManagerRequestHandler.getOzoneFileStatus(OzoneManagerRequestHandler.java:871) ~[ozone-manager-1.3.0-SNAPSHOT.jar:?]
	at org.apache.hadoop.ozone.protocolPB.OzoneManagerRequestHandler.handleReadRequest(OzoneManagerRequestHandler.java:217) ~[ozone-manager-1.3.0-SNAPSHOT.jar:?]
	at org.apache.hadoop.ozone.protocolPB.OzoneManagerProtocolServerSideTranslatorPB.submitReadRequestToOM(OzoneManagerProtocolServerSideTranslatorPB.java:226) ~[ozone-manager-1.3.0-SNAPSHOT.jar:?]
	at org.apache.hadoop.ozone.protocolPB.OzoneManagerProtocolServerSideTranslatorPB.processRequest(OzoneManagerProtocolServerSideTranslatorPB.java:175) ~[ozone-manager-1.3.0-SNAPSHOT.jar:?]
	at org.apache.hadoop.hdds.server.OzoneProtocolMessageDispatcher.processRequest(OzoneProtocolMessageDispatcher.java:87) [hdds-server-framework-1.3.0-SNAPSHOT.jar:?]
	at org.apache.hadoop.ozone.protocolPB.OzoneManagerProtocolServerSideTranslatorPB.submitRequest(OzoneManagerProtocolServerSideTranslatorPB.java:147) [ozone-manager-1.3.0-SNAPSHOT.jar:?]
	at org.apache.hadoop.ozone.protocol.proto.OzoneManagerProtocolProtos$OzoneManagerService$2.callBlockingMethod(OzoneManagerProtocolProtos.java) [ozone-interface-client-1.3.0-SNAPSHOT.jar:?]
	at org.apache.hadoop.ipc.ProtobufRpcEngine$Server.processCall(ProtobufRpcEngine.java:466) [hadoop-common-3.3.1.jar:?]
	at org.apache.hadoop.ipc.ProtobufRpcEngine2$Server$ProtoBufRpcInvoker.call(ProtobufRpcEngine2.java:574) [hadoop-common-3.3.1.jar:?]
	at org.apache.hadoop.ipc.ProtobufRpcEngine2$Server$ProtoBufRpcInvoker.call(ProtobufRpcEngine2.java:552) [hadoop-common-3.3.1.jar:?]
	at org.apache.hadoop.ipc.RPC$Server.call(RPC.java:1093) [hadoop-common-3.3.1.jar:?]
	at org.apache.hadoop.ipc.Server$RpcCall.run(Server.java:1035) [hadoop-common-3.3.1.jar:?]
	at org.apache.hadoop.ipc.Server$RpcCall.run(Server.java:963) [hadoop-common-3.3.1.jar:?]
	at java.security.AccessController.doPrivileged(Native Method) ~[?:1.8.0_332]
	at javax.security.auth.Subject.doAs(Subject.java:422) [?:1.8.0_332]
	at org.apache.hadoop.security.UserGroupInformation.doAs(UserGroupInformation.java:1878) [hadoop-common-3.3.1.jar:?]
	at org.apache.hadoop.ipc.Server$Handler.run(Server.java:2966) [hadoop-common-3.3.1.jar:?]
]]></system-out>
  </testcase>
  <testcase name="testNonExplicitlyCreatedPathExistsAfterItsLeafsWereRemoved" classname="TestRootedOzoneFileSystem" time="0.236">
    <system-out><![CDATA[2022-07-12 21:09:40,810 [Time-limited test] INFO  rpc.RpcClient (RpcClient.java:createVolume(466)) - Creating Volume: volume97796, with user51036 as owner and space quota set to -1 bytes, counts quota set to -1
2022-07-12 21:09:40,848 [IPC Server handler 15 on default port 32899] INFO  volume.OMVolumeCreateRequest (OMVolumeCreateRequest.java:validateAndUpdateCache(195)) - created volume:volume97796 for user:user51036
2022-07-12 21:09:40,864 [Time-limited test] INFO  rpc.RpcClient (RpcClient.java:createBucket(669)) - Creating Bucket: volume97796/bucket11176, with bucket layout LEGACY, runner as owner, Versioning false, Storage Type set to DISK and Encryption set to false 
2022-07-12 21:09:40,868 [IPC Server handler 16 on default port 32899] INFO  bucket.OMBucketCreateRequest (OMBucketCreateRequest.java:validateAndUpdateCache(260)) - created bucket: bucket11176 of layout LEGACY in volume: volume97796
21:09:40.909 [IPC Server handler 4 on default port 32899] ERROR OMAudit - user=runner | ip=127.0.0.1 | op=GET_FILE_STATUS {volume=volume97796, bucket=bucket11176, key=target/leaf, dataSize=0, replicationConfig=null} | ret=FAILURE
org.apache.hadoop.ozone.om.exceptions.OMException: Unable to get file status: volume: volume97796 bucket: bucket11176 key: target/leaf
	at org.apache.hadoop.ozone.om.KeyManagerImpl.getOzoneFileStatus(KeyManagerImpl.java:1311) ~[ozone-manager-1.3.0-SNAPSHOT.jar:?]
	at org.apache.hadoop.ozone.om.KeyManagerImpl.getFileStatus(KeyManagerImpl.java:1241) ~[ozone-manager-1.3.0-SNAPSHOT.jar:?]
	at org.apache.hadoop.ozone.om.OzoneManager.getFileStatus(OzoneManager.java:3419) ~[ozone-manager-1.3.0-SNAPSHOT.jar:?]
	at org.apache.hadoop.ozone.protocolPB.OzoneManagerRequestHandler.getOzoneFileStatus(OzoneManagerRequestHandler.java:871) ~[ozone-manager-1.3.0-SNAPSHOT.jar:?]
	at org.apache.hadoop.ozone.protocolPB.OzoneManagerRequestHandler.handleReadRequest(OzoneManagerRequestHandler.java:217) ~[ozone-manager-1.3.0-SNAPSHOT.jar:?]
	at org.apache.hadoop.ozone.protocolPB.OzoneManagerProtocolServerSideTranslatorPB.submitRequestDirectlyToOM(OzoneManagerProtocolServerSideTranslatorPB.java:276) ~[ozone-manager-1.3.0-SNAPSHOT.jar:?]
	at org.apache.hadoop.ozone.protocolPB.OzoneManagerProtocolServerSideTranslatorPB.processRequest(OzoneManagerProtocolServerSideTranslatorPB.java:205) ~[ozone-manager-1.3.0-SNAPSHOT.jar:?]
	at org.apache.hadoop.hdds.server.OzoneProtocolMessageDispatcher.processRequest(OzoneProtocolMessageDispatcher.java:87) [hdds-server-framework-1.3.0-SNAPSHOT.jar:?]
	at org.apache.hadoop.ozone.protocolPB.OzoneManagerProtocolServerSideTranslatorPB.submitRequest(OzoneManagerProtocolServerSideTranslatorPB.java:147) [ozone-manager-1.3.0-SNAPSHOT.jar:?]
	at org.apache.hadoop.ozone.protocol.proto.OzoneManagerProtocolProtos$OzoneManagerService$2.callBlockingMethod(OzoneManagerProtocolProtos.java) [ozone-interface-client-1.3.0-SNAPSHOT.jar:?]
	at org.apache.hadoop.ipc.ProtobufRpcEngine$Server.processCall(ProtobufRpcEngine.java:466) [hadoop-common-3.3.1.jar:?]
	at org.apache.hadoop.ipc.ProtobufRpcEngine2$Server$ProtoBufRpcInvoker.call(ProtobufRpcEngine2.java:574) [hadoop-common-3.3.1.jar:?]
	at org.apache.hadoop.ipc.ProtobufRpcEngine2$Server$ProtoBufRpcInvoker.call(ProtobufRpcEngine2.java:552) [hadoop-common-3.3.1.jar:?]
	at org.apache.hadoop.ipc.RPC$Server.call(RPC.java:1093) [hadoop-common-3.3.1.jar:?]
	at org.apache.hadoop.ipc.Server$RpcCall.run(Server.java:1035) [hadoop-common-3.3.1.jar:?]
	at org.apache.hadoop.ipc.Server$RpcCall.run(Server.java:963) [hadoop-common-3.3.1.jar:?]
	at java.security.AccessController.doPrivileged(Native Method) ~[?:1.8.0_332]
	at javax.security.auth.Subject.doAs(Subject.java:422) [?:1.8.0_332]
	at org.apache.hadoop.security.UserGroupInformation.doAs(UserGroupInformation.java:1878) [hadoop-common-3.3.1.jar:?]
	at org.apache.hadoop.ipc.Server$Handler.run(Server.java:2966) [hadoop-common-3.3.1.jar:?]
]]></system-out>
  </testcase>
  <testcase name="testFileDelete" classname="TestRootedOzoneFileSystem" time="0.248">
    <system-out><![CDATA[2022-07-12 21:04:09,601 [Time-limited test] INFO  rpc.RpcClient (RpcClient.java:createVolume(466)) - Creating Volume: volume91495, with user87406 as owner and space quota set to -1 bytes, counts quota set to -1
2022-07-12 21:04:09,604 [OM StateMachine ApplyTransaction Thread - 0] INFO  volume.OMVolumeCreateRequest (OMVolumeCreateRequest.java:validateAndUpdateCache(195)) - created volume:volume91495 for user:user87406
2022-07-12 21:04:09,606 [Time-limited test] INFO  rpc.RpcClient (RpcClient.java:createBucket(669)) - Creating Bucket: volume91495/bucket72136, with bucket layout LEGACY, runner as owner, Versioning false, Storage Type set to DISK and Encryption set to false 
2022-07-12 21:04:09,609 [OM StateMachine ApplyTransaction Thread - 0] INFO  bucket.OMBucketCreateRequest (OMBucketCreateRequest.java:validateAndUpdateCache(260)) - created bucket: bucket72136 of layout LEGACY in volume: volume91495
21:04:09.778 [IPC Server handler 9 on default port 43377] ERROR OMAudit - user=runner | ip=127.0.0.1 | op=GET_FILE_STATUS {volume=volume91495, bucket=bucket72136, key=testBatchDelete, dataSize=0, replicationConfig=null} | ret=FAILURE
org.apache.hadoop.ozone.om.exceptions.OMException: Unable to get file status: volume: volume91495 bucket: bucket72136 key: testBatchDelete
	at org.apache.hadoop.ozone.om.KeyManagerImpl.getOzoneFileStatus(KeyManagerImpl.java:1311) ~[ozone-manager-1.3.0-SNAPSHOT.jar:?]
	at org.apache.hadoop.ozone.om.KeyManagerImpl.getFileStatus(KeyManagerImpl.java:1241) ~[ozone-manager-1.3.0-SNAPSHOT.jar:?]
	at org.apache.hadoop.ozone.om.OzoneManager.getFileStatus(OzoneManager.java:3419) ~[ozone-manager-1.3.0-SNAPSHOT.jar:?]
	at org.apache.hadoop.ozone.protocolPB.OzoneManagerRequestHandler.getOzoneFileStatus(OzoneManagerRequestHandler.java:871) ~[ozone-manager-1.3.0-SNAPSHOT.jar:?]
	at org.apache.hadoop.ozone.protocolPB.OzoneManagerRequestHandler.handleReadRequest(OzoneManagerRequestHandler.java:217) ~[ozone-manager-1.3.0-SNAPSHOT.jar:?]
	at org.apache.hadoop.ozone.protocolPB.OzoneManagerProtocolServerSideTranslatorPB.submitReadRequestToOM(OzoneManagerProtocolServerSideTranslatorPB.java:226) ~[ozone-manager-1.3.0-SNAPSHOT.jar:?]
	at org.apache.hadoop.ozone.protocolPB.OzoneManagerProtocolServerSideTranslatorPB.processRequest(OzoneManagerProtocolServerSideTranslatorPB.java:175) ~[ozone-manager-1.3.0-SNAPSHOT.jar:?]
	at org.apache.hadoop.hdds.server.OzoneProtocolMessageDispatcher.processRequest(OzoneProtocolMessageDispatcher.java:87) [hdds-server-framework-1.3.0-SNAPSHOT.jar:?]
	at org.apache.hadoop.ozone.protocolPB.OzoneManagerProtocolServerSideTranslatorPB.submitRequest(OzoneManagerProtocolServerSideTranslatorPB.java:147) [ozone-manager-1.3.0-SNAPSHOT.jar:?]
	at org.apache.hadoop.ozone.protocol.proto.OzoneManagerProtocolProtos$OzoneManagerService$2.callBlockingMethod(OzoneManagerProtocolProtos.java) [ozone-interface-client-1.3.0-SNAPSHOT.jar:?]
	at org.apache.hadoop.ipc.ProtobufRpcEngine$Server.processCall(ProtobufRpcEngine.java:466) [hadoop-common-3.3.1.jar:?]
	at org.apache.hadoop.ipc.ProtobufRpcEngine2$Server$ProtoBufRpcInvoker.call(ProtobufRpcEngine2.java:574) [hadoop-common-3.3.1.jar:?]
	at org.apache.hadoop.ipc.ProtobufRpcEngine2$Server$ProtoBufRpcInvoker.call(ProtobufRpcEngine2.java:552) [hadoop-common-3.3.1.jar:?]
	at org.apache.hadoop.ipc.RPC$Server.call(RPC.java:1093) [hadoop-common-3.3.1.jar:?]
	at org.apache.hadoop.ipc.Server$RpcCall.run(Server.java:1035) [hadoop-common-3.3.1.jar:?]
	at org.apache.hadoop.ipc.Server$RpcCall.run(Server.java:963) [hadoop-common-3.3.1.jar:?]
	at java.security.AccessController.doPrivileged(Native Method) ~[?:1.8.0_332]
	at javax.security.auth.Subject.doAs(Subject.java:422) [?:1.8.0_332]
	at org.apache.hadoop.security.UserGroupInformation.doAs(UserGroupInformation.java:1878) [hadoop-common-3.3.1.jar:?]
	at org.apache.hadoop.ipc.Server$Handler.run(Server.java:2966) [hadoop-common-3.3.1.jar:?]
21:04:09.781 [IPC Server handler 18 on default port 43377] ERROR OMAudit - user=runner | ip=127.0.0.1 | op=GET_FILE_STATUS {volume=volume91495, bucket=bucket72136, key=testBatchDelete/parent/child0, dataSize=0, replicationConfig=null} | ret=FAILURE
org.apache.hadoop.ozone.om.exceptions.OMException: Unable to get file status: volume: volume91495 bucket: bucket72136 key: testBatchDelete/parent/child0
	at org.apache.hadoop.ozone.om.KeyManagerImpl.getOzoneFileStatus(KeyManagerImpl.java:1311) ~[ozone-manager-1.3.0-SNAPSHOT.jar:?]
	at org.apache.hadoop.ozone.om.KeyManagerImpl.getFileStatus(KeyManagerImpl.java:1241) ~[ozone-manager-1.3.0-SNAPSHOT.jar:?]
	at org.apache.hadoop.ozone.om.OzoneManager.getFileStatus(OzoneManager.java:3419) ~[ozone-manager-1.3.0-SNAPSHOT.jar:?]
	at org.apache.hadoop.ozone.protocolPB.OzoneManagerRequestHandler.getOzoneFileStatus(OzoneManagerRequestHandler.java:871) ~[ozone-manager-1.3.0-SNAPSHOT.jar:?]
	at org.apache.hadoop.ozone.protocolPB.OzoneManagerRequestHandler.handleReadRequest(OzoneManagerRequestHandler.java:217) ~[ozone-manager-1.3.0-SNAPSHOT.jar:?]
	at org.apache.hadoop.ozone.protocolPB.OzoneManagerProtocolServerSideTranslatorPB.submitReadRequestToOM(OzoneManagerProtocolServerSideTranslatorPB.java:226) ~[ozone-manager-1.3.0-SNAPSHOT.jar:?]
	at org.apache.hadoop.ozone.protocolPB.OzoneManagerProtocolServerSideTranslatorPB.processRequest(OzoneManagerProtocolServerSideTranslatorPB.java:175) ~[ozone-manager-1.3.0-SNAPSHOT.jar:?]
	at org.apache.hadoop.hdds.server.OzoneProtocolMessageDispatcher.processRequest(OzoneProtocolMessageDispatcher.java:87) [hdds-server-framework-1.3.0-SNAPSHOT.jar:?]
	at org.apache.hadoop.ozone.protocolPB.OzoneManagerProtocolServerSideTranslatorPB.submitRequest(OzoneManagerProtocolServerSideTranslatorPB.java:147) [ozone-manager-1.3.0-SNAPSHOT.jar:?]
	at org.apache.hadoop.ozone.protocol.proto.OzoneManagerProtocolProtos$OzoneManagerService$2.callBlockingMethod(OzoneManagerProtocolProtos.java) [ozone-interface-client-1.3.0-SNAPSHOT.jar:?]
	at org.apache.hadoop.ipc.ProtobufRpcEngine$Server.processCall(ProtobufRpcEngine.java:466) [hadoop-common-3.3.1.jar:?]
	at org.apache.hadoop.ipc.ProtobufRpcEngine2$Server$ProtoBufRpcInvoker.call(ProtobufRpcEngine2.java:574) [hadoop-common-3.3.1.jar:?]
	at org.apache.hadoop.ipc.ProtobufRpcEngine2$Server$ProtoBufRpcInvoker.call(ProtobufRpcEngine2.java:552) [hadoop-common-3.3.1.jar:?]
	at org.apache.hadoop.ipc.RPC$Server.call(RPC.java:1093) [hadoop-common-3.3.1.jar:?]
	at org.apache.hadoop.ipc.Server$RpcCall.run(Server.java:1035) [hadoop-common-3.3.1.jar:?]
	at org.apache.hadoop.ipc.Server$RpcCall.run(Server.java:963) [hadoop-common-3.3.1.jar:?]
	at java.security.AccessController.doPrivileged(Native Method) ~[?:1.8.0_332]
	at javax.security.auth.Subject.doAs(Subject.java:422) [?:1.8.0_332]
	at org.apache.hadoop.security.UserGroupInformation.doAs(UserGroupInformation.java:1878) [hadoop-common-3.3.1.jar:?]
	at org.apache.hadoop.ipc.Server$Handler.run(Server.java:2966) [hadoop-common-3.3.1.jar:?]
21:04:09.783 [IPC Server handler 19 on default port 43377] ERROR OMAudit - user=runner | ip=127.0.0.1 | op=GET_FILE_STATUS {volume=volume91495, bucket=bucket72136, key=testBatchDelete/parent/childFolder/child0, dataSize=0, replicationConfig=null} | ret=FAILURE
org.apache.hadoop.ozone.om.exceptions.OMException: Unable to get file status: volume: volume91495 bucket: bucket72136 key: testBatchDelete/parent/childFolder/child0
	at org.apache.hadoop.ozone.om.KeyManagerImpl.getOzoneFileStatus(KeyManagerImpl.java:1311) ~[ozone-manager-1.3.0-SNAPSHOT.jar:?]
	at org.apache.hadoop.ozone.om.KeyManagerImpl.getFileStatus(KeyManagerImpl.java:1241) ~[ozone-manager-1.3.0-SNAPSHOT.jar:?]
	at org.apache.hadoop.ozone.om.OzoneManager.getFileStatus(OzoneManager.java:3419) ~[ozone-manager-1.3.0-SNAPSHOT.jar:?]
	at org.apache.hadoop.ozone.protocolPB.OzoneManagerRequestHandler.getOzoneFileStatus(OzoneManagerRequestHandler.java:871) ~[ozone-manager-1.3.0-SNAPSHOT.jar:?]
	at org.apache.hadoop.ozone.protocolPB.OzoneManagerRequestHandler.handleReadRequest(OzoneManagerRequestHandler.java:217) ~[ozone-manager-1.3.0-SNAPSHOT.jar:?]
	at org.apache.hadoop.ozone.protocolPB.OzoneManagerProtocolServerSideTranslatorPB.submitReadRequestToOM(OzoneManagerProtocolServerSideTranslatorPB.java:226) ~[ozone-manager-1.3.0-SNAPSHOT.jar:?]
	at org.apache.hadoop.ozone.protocolPB.OzoneManagerProtocolServerSideTranslatorPB.processRequest(OzoneManagerProtocolServerSideTranslatorPB.java:175) ~[ozone-manager-1.3.0-SNAPSHOT.jar:?]
	at org.apache.hadoop.hdds.server.OzoneProtocolMessageDispatcher.processRequest(OzoneProtocolMessageDispatcher.java:87) [hdds-server-framework-1.3.0-SNAPSHOT.jar:?]
	at org.apache.hadoop.ozone.protocolPB.OzoneManagerProtocolServerSideTranslatorPB.submitRequest(OzoneManagerProtocolServerSideTranslatorPB.java:147) [ozone-manager-1.3.0-SNAPSHOT.jar:?]
	at org.apache.hadoop.ozone.protocol.proto.OzoneManagerProtocolProtos$OzoneManagerService$2.callBlockingMethod(OzoneManagerProtocolProtos.java) [ozone-interface-client-1.3.0-SNAPSHOT.jar:?]
	at org.apache.hadoop.ipc.ProtobufRpcEngine$Server.processCall(ProtobufRpcEngine.java:466) [hadoop-common-3.3.1.jar:?]
	at org.apache.hadoop.ipc.ProtobufRpcEngine2$Server$ProtoBufRpcInvoker.call(ProtobufRpcEngine2.java:574) [hadoop-common-3.3.1.jar:?]
	at org.apache.hadoop.ipc.ProtobufRpcEngine2$Server$ProtoBufRpcInvoker.call(ProtobufRpcEngine2.java:552) [hadoop-common-3.3.1.jar:?]
	at org.apache.hadoop.ipc.RPC$Server.call(RPC.java:1093) [hadoop-common-3.3.1.jar:?]
	at org.apache.hadoop.ipc.Server$RpcCall.run(Server.java:1035) [hadoop-common-3.3.1.jar:?]
	at org.apache.hadoop.ipc.Server$RpcCall.run(Server.java:963) [hadoop-common-3.3.1.jar:?]
	at java.security.AccessController.doPrivileged(Native Method) ~[?:1.8.0_332]
	at javax.security.auth.Subject.doAs(Subject.java:422) [?:1.8.0_332]
	at org.apache.hadoop.security.UserGroupInformation.doAs(UserGroupInformation.java:1878) [hadoop-common-3.3.1.jar:?]
	at org.apache.hadoop.ipc.Server$Handler.run(Server.java:2966) [hadoop-common-3.3.1.jar:?]
21:04:09.785 [IPC Server handler 17 on default port 43377] ERROR OMAudit - user=runner | ip=127.0.0.1 | op=GET_FILE_STATUS {volume=volume91495, bucket=bucket72136, key=testBatchDelete/parent/child1, dataSize=0, replicationConfig=null} | ret=FAILURE
org.apache.hadoop.ozone.om.exceptions.OMException: Unable to get file status: volume: volume91495 bucket: bucket72136 key: testBatchDelete/parent/child1
	at org.apache.hadoop.ozone.om.KeyManagerImpl.getOzoneFileStatus(KeyManagerImpl.java:1311) ~[ozone-manager-1.3.0-SNAPSHOT.jar:?]
	at org.apache.hadoop.ozone.om.KeyManagerImpl.getFileStatus(KeyManagerImpl.java:1241) ~[ozone-manager-1.3.0-SNAPSHOT.jar:?]
	at org.apache.hadoop.ozone.om.OzoneManager.getFileStatus(OzoneManager.java:3419) ~[ozone-manager-1.3.0-SNAPSHOT.jar:?]
	at org.apache.hadoop.ozone.protocolPB.OzoneManagerRequestHandler.getOzoneFileStatus(OzoneManagerRequestHandler.java:871) ~[ozone-manager-1.3.0-SNAPSHOT.jar:?]
	at org.apache.hadoop.ozone.protocolPB.OzoneManagerRequestHandler.handleReadRequest(OzoneManagerRequestHandler.java:217) ~[ozone-manager-1.3.0-SNAPSHOT.jar:?]
	at org.apache.hadoop.ozone.protocolPB.OzoneManagerProtocolServerSideTranslatorPB.submitReadRequestToOM(OzoneManagerProtocolServerSideTranslatorPB.java:226) ~[ozone-manager-1.3.0-SNAPSHOT.jar:?]
	at org.apache.hadoop.ozone.protocolPB.OzoneManagerProtocolServerSideTranslatorPB.processRequest(OzoneManagerProtocolServerSideTranslatorPB.java:175) ~[ozone-manager-1.3.0-SNAPSHOT.jar:?]
	at org.apache.hadoop.hdds.server.OzoneProtocolMessageDispatcher.processRequest(OzoneProtocolMessageDispatcher.java:87) [hdds-server-framework-1.3.0-SNAPSHOT.jar:?]
	at org.apache.hadoop.ozone.protocolPB.OzoneManagerProtocolServerSideTranslatorPB.submitRequest(OzoneManagerProtocolServerSideTranslatorPB.java:147) [ozone-manager-1.3.0-SNAPSHOT.jar:?]
	at org.apache.hadoop.ozone.protocol.proto.OzoneManagerProtocolProtos$OzoneManagerService$2.callBlockingMethod(OzoneManagerProtocolProtos.java) [ozone-interface-client-1.3.0-SNAPSHOT.jar:?]
	at org.apache.hadoop.ipc.ProtobufRpcEngine$Server.processCall(ProtobufRpcEngine.java:466) [hadoop-common-3.3.1.jar:?]
	at org.apache.hadoop.ipc.ProtobufRpcEngine2$Server$ProtoBufRpcInvoker.call(ProtobufRpcEngine2.java:574) [hadoop-common-3.3.1.jar:?]
	at org.apache.hadoop.ipc.ProtobufRpcEngine2$Server$ProtoBufRpcInvoker.call(ProtobufRpcEngine2.java:552) [hadoop-common-3.3.1.jar:?]
	at org.apache.hadoop.ipc.RPC$Server.call(RPC.java:1093) [hadoop-common-3.3.1.jar:?]
	at org.apache.hadoop.ipc.Server$RpcCall.run(Server.java:1035) [hadoop-common-3.3.1.jar:?]
	at org.apache.hadoop.ipc.Server$RpcCall.run(Server.java:963) [hadoop-common-3.3.1.jar:?]
	at java.security.AccessController.doPrivileged(Native Method) ~[?:1.8.0_332]
	at javax.security.auth.Subject.doAs(Subject.java:422) [?:1.8.0_332]
	at org.apache.hadoop.security.UserGroupInformation.doAs(UserGroupInformation.java:1878) [hadoop-common-3.3.1.jar:?]
	at org.apache.hadoop.ipc.Server$Handler.run(Server.java:2966) [hadoop-common-3.3.1.jar:?]
21:04:09.786 [IPC Server handler 13 on default port 43377] ERROR OMAudit - user=runner | ip=127.0.0.1 | op=GET_FILE_STATUS {volume=volume91495, bucket=bucket72136, key=testBatchDelete/parent/childFolder/child1, dataSize=0, replicationConfig=null} | ret=FAILURE
org.apache.hadoop.ozone.om.exceptions.OMException: Unable to get file status: volume: volume91495 bucket: bucket72136 key: testBatchDelete/parent/childFolder/child1
	at org.apache.hadoop.ozone.om.KeyManagerImpl.getOzoneFileStatus(KeyManagerImpl.java:1311) ~[ozone-manager-1.3.0-SNAPSHOT.jar:?]
	at org.apache.hadoop.ozone.om.KeyManagerImpl.getFileStatus(KeyManagerImpl.java:1241) ~[ozone-manager-1.3.0-SNAPSHOT.jar:?]
	at org.apache.hadoop.ozone.om.OzoneManager.getFileStatus(OzoneManager.java:3419) ~[ozone-manager-1.3.0-SNAPSHOT.jar:?]
	at org.apache.hadoop.ozone.protocolPB.OzoneManagerRequestHandler.getOzoneFileStatus(OzoneManagerRequestHandler.java:871) ~[ozone-manager-1.3.0-SNAPSHOT.jar:?]
	at org.apache.hadoop.ozone.protocolPB.OzoneManagerRequestHandler.handleReadRequest(OzoneManagerRequestHandler.java:217) ~[ozone-manager-1.3.0-SNAPSHOT.jar:?]
	at org.apache.hadoop.ozone.protocolPB.OzoneManagerProtocolServerSideTranslatorPB.submitReadRequestToOM(OzoneManagerProtocolServerSideTranslatorPB.java:226) ~[ozone-manager-1.3.0-SNAPSHOT.jar:?]
	at org.apache.hadoop.ozone.protocolPB.OzoneManagerProtocolServerSideTranslatorPB.processRequest(OzoneManagerProtocolServerSideTranslatorPB.java:175) ~[ozone-manager-1.3.0-SNAPSHOT.jar:?]
	at org.apache.hadoop.hdds.server.OzoneProtocolMessageDispatcher.processRequest(OzoneProtocolMessageDispatcher.java:87) [hdds-server-framework-1.3.0-SNAPSHOT.jar:?]
	at org.apache.hadoop.ozone.protocolPB.OzoneManagerProtocolServerSideTranslatorPB.submitRequest(OzoneManagerProtocolServerSideTranslatorPB.java:147) [ozone-manager-1.3.0-SNAPSHOT.jar:?]
	at org.apache.hadoop.ozone.protocol.proto.OzoneManagerProtocolProtos$OzoneManagerService$2.callBlockingMethod(OzoneManagerProtocolProtos.java) [ozone-interface-client-1.3.0-SNAPSHOT.jar:?]
	at org.apache.hadoop.ipc.ProtobufRpcEngine$Server.processCall(ProtobufRpcEngine.java:466) [hadoop-common-3.3.1.jar:?]
	at org.apache.hadoop.ipc.ProtobufRpcEngine2$Server$ProtoBufRpcInvoker.call(ProtobufRpcEngine2.java:574) [hadoop-common-3.3.1.jar:?]
	at org.apache.hadoop.ipc.ProtobufRpcEngine2$Server$ProtoBufRpcInvoker.call(ProtobufRpcEngine2.java:552) [hadoop-common-3.3.1.jar:?]
	at org.apache.hadoop.ipc.RPC$Server.call(RPC.java:1093) [hadoop-common-3.3.1.jar:?]
	at org.apache.hadoop.ipc.Server$RpcCall.run(Server.java:1035) [hadoop-common-3.3.1.jar:?]
	at org.apache.hadoop.ipc.Server$RpcCall.run(Server.java:963) [hadoop-common-3.3.1.jar:?]
	at java.security.AccessController.doPrivileged(Native Method) ~[?:1.8.0_332]
	at javax.security.auth.Subject.doAs(Subject.java:422) [?:1.8.0_332]
	at org.apache.hadoop.security.UserGroupInformation.doAs(UserGroupInformation.java:1878) [hadoop-common-3.3.1.jar:?]
	at org.apache.hadoop.ipc.Server$Handler.run(Server.java:2966) [hadoop-common-3.3.1.jar:?]
21:04:09.788 [IPC Server handler 15 on default port 43377] ERROR OMAudit - user=runner | ip=127.0.0.1 | op=GET_FILE_STATUS {volume=volume91495, bucket=bucket72136, key=testBatchDelete/parent/child2, dataSize=0, replicationConfig=null} | ret=FAILURE
org.apache.hadoop.ozone.om.exceptions.OMException: Unable to get file status: volume: volume91495 bucket: bucket72136 key: testBatchDelete/parent/child2
	at org.apache.hadoop.ozone.om.KeyManagerImpl.getOzoneFileStatus(KeyManagerImpl.java:1311) ~[ozone-manager-1.3.0-SNAPSHOT.jar:?]
	at org.apache.hadoop.ozone.om.KeyManagerImpl.getFileStatus(KeyManagerImpl.java:1241) ~[ozone-manager-1.3.0-SNAPSHOT.jar:?]
	at org.apache.hadoop.ozone.om.OzoneManager.getFileStatus(OzoneManager.java:3419) ~[ozone-manager-1.3.0-SNAPSHOT.jar:?]
	at org.apache.hadoop.ozone.protocolPB.OzoneManagerRequestHandler.getOzoneFileStatus(OzoneManagerRequestHandler.java:871) ~[ozone-manager-1.3.0-SNAPSHOT.jar:?]
	at org.apache.hadoop.ozone.protocolPB.OzoneManagerRequestHandler.handleReadRequest(OzoneManagerRequestHandler.java:217) ~[ozone-manager-1.3.0-SNAPSHOT.jar:?]
	at org.apache.hadoop.ozone.protocolPB.OzoneManagerProtocolServerSideTranslatorPB.submitReadRequestToOM(OzoneManagerProtocolServerSideTranslatorPB.java:226) ~[ozone-manager-1.3.0-SNAPSHOT.jar:?]
	at org.apache.hadoop.ozone.protocolPB.OzoneManagerProtocolServerSideTranslatorPB.processRequest(OzoneManagerProtocolServerSideTranslatorPB.java:175) ~[ozone-manager-1.3.0-SNAPSHOT.jar:?]
	at org.apache.hadoop.hdds.server.OzoneProtocolMessageDispatcher.processRequest(OzoneProtocolMessageDispatcher.java:87) [hdds-server-framework-1.3.0-SNAPSHOT.jar:?]
	at org.apache.hadoop.ozone.protocolPB.OzoneManagerProtocolServerSideTranslatorPB.submitRequest(OzoneManagerProtocolServerSideTranslatorPB.java:147) [ozone-manager-1.3.0-SNAPSHOT.jar:?]
	at org.apache.hadoop.ozone.protocol.proto.OzoneManagerProtocolProtos$OzoneManagerService$2.callBlockingMethod(OzoneManagerProtocolProtos.java) [ozone-interface-client-1.3.0-SNAPSHOT.jar:?]
	at org.apache.hadoop.ipc.ProtobufRpcEngine$Server.processCall(ProtobufRpcEngine.java:466) [hadoop-common-3.3.1.jar:?]
	at org.apache.hadoop.ipc.ProtobufRpcEngine2$Server$ProtoBufRpcInvoker.call(ProtobufRpcEngine2.java:574) [hadoop-common-3.3.1.jar:?]
	at org.apache.hadoop.ipc.ProtobufRpcEngine2$Server$ProtoBufRpcInvoker.call(ProtobufRpcEngine2.java:552) [hadoop-common-3.3.1.jar:?]
	at org.apache.hadoop.ipc.RPC$Server.call(RPC.java:1093) [hadoop-common-3.3.1.jar:?]
	at org.apache.hadoop.ipc.Server$RpcCall.run(Server.java:1035) [hadoop-common-3.3.1.jar:?]
	at org.apache.hadoop.ipc.Server$RpcCall.run(Server.java:963) [hadoop-common-3.3.1.jar:?]
	at java.security.AccessController.doPrivileged(Native Method) ~[?:1.8.0_332]
	at javax.security.auth.Subject.doAs(Subject.java:422) [?:1.8.0_332]
	at org.apache.hadoop.security.UserGroupInformation.doAs(UserGroupInformation.java:1878) [hadoop-common-3.3.1.jar:?]
	at org.apache.hadoop.ipc.Server$Handler.run(Server.java:2966) [hadoop-common-3.3.1.jar:?]
21:04:09.790 [IPC Server handler 4 on default port 43377] ERROR OMAudit - user=runner | ip=127.0.0.1 | op=GET_FILE_STATUS {volume=volume91495, bucket=bucket72136, key=testBatchDelete/parent/childFolder/child2, dataSize=0, replicationConfig=null} | ret=FAILURE
org.apache.hadoop.ozone.om.exceptions.OMException: Unable to get file status: volume: volume91495 bucket: bucket72136 key: testBatchDelete/parent/childFolder/child2
	at org.apache.hadoop.ozone.om.KeyManagerImpl.getOzoneFileStatus(KeyManagerImpl.java:1311) ~[ozone-manager-1.3.0-SNAPSHOT.jar:?]
	at org.apache.hadoop.ozone.om.KeyManagerImpl.getFileStatus(KeyManagerImpl.java:1241) ~[ozone-manager-1.3.0-SNAPSHOT.jar:?]
	at org.apache.hadoop.ozone.om.OzoneManager.getFileStatus(OzoneManager.java:3419) ~[ozone-manager-1.3.0-SNAPSHOT.jar:?]
	at org.apache.hadoop.ozone.protocolPB.OzoneManagerRequestHandler.getOzoneFileStatus(OzoneManagerRequestHandler.java:871) ~[ozone-manager-1.3.0-SNAPSHOT.jar:?]
	at org.apache.hadoop.ozone.protocolPB.OzoneManagerRequestHandler.handleReadRequest(OzoneManagerRequestHandler.java:217) ~[ozone-manager-1.3.0-SNAPSHOT.jar:?]
	at org.apache.hadoop.ozone.protocolPB.OzoneManagerProtocolServerSideTranslatorPB.submitReadRequestToOM(OzoneManagerProtocolServerSideTranslatorPB.java:226) ~[ozone-manager-1.3.0-SNAPSHOT.jar:?]
	at org.apache.hadoop.ozone.protocolPB.OzoneManagerProtocolServerSideTranslatorPB.processRequest(OzoneManagerProtocolServerSideTranslatorPB.java:175) ~[ozone-manager-1.3.0-SNAPSHOT.jar:?]
	at org.apache.hadoop.hdds.server.OzoneProtocolMessageDispatcher.processRequest(OzoneProtocolMessageDispatcher.java:87) [hdds-server-framework-1.3.0-SNAPSHOT.jar:?]
	at org.apache.hadoop.ozone.protocolPB.OzoneManagerProtocolServerSideTranslatorPB.submitRequest(OzoneManagerProtocolServerSideTranslatorPB.java:147) [ozone-manager-1.3.0-SNAPSHOT.jar:?]
	at org.apache.hadoop.ozone.protocol.proto.OzoneManagerProtocolProtos$OzoneManagerService$2.callBlockingMethod(OzoneManagerProtocolProtos.java) [ozone-interface-client-1.3.0-SNAPSHOT.jar:?]
	at org.apache.hadoop.ipc.ProtobufRpcEngine$Server.processCall(ProtobufRpcEngine.java:466) [hadoop-common-3.3.1.jar:?]
	at org.apache.hadoop.ipc.ProtobufRpcEngine2$Server$ProtoBufRpcInvoker.call(ProtobufRpcEngine2.java:574) [hadoop-common-3.3.1.jar:?]
	at org.apache.hadoop.ipc.ProtobufRpcEngine2$Server$ProtoBufRpcInvoker.call(ProtobufRpcEngine2.java:552) [hadoop-common-3.3.1.jar:?]
	at org.apache.hadoop.ipc.RPC$Server.call(RPC.java:1093) [hadoop-common-3.3.1.jar:?]
	at org.apache.hadoop.ipc.Server$RpcCall.run(Server.java:1035) [hadoop-common-3.3.1.jar:?]
	at org.apache.hadoop.ipc.Server$RpcCall.run(Server.java:963) [hadoop-common-3.3.1.jar:?]
	at java.security.AccessController.doPrivileged(Native Method) ~[?:1.8.0_332]
	at javax.security.auth.Subject.doAs(Subject.java:422) [?:1.8.0_332]
	at org.apache.hadoop.security.UserGroupInformation.doAs(UserGroupInformation.java:1878) [hadoop-common-3.3.1.jar:?]
	at org.apache.hadoop.ipc.Server$Handler.run(Server.java:2966) [hadoop-common-3.3.1.jar:?]
21:04:09.792 [IPC Server handler 8 on default port 43377] ERROR OMAudit - user=runner | ip=127.0.0.1 | op=GET_FILE_STATUS {volume=volume91495, bucket=bucket72136, key=testBatchDelete/parent/child3, dataSize=0, replicationConfig=null} | ret=FAILURE
org.apache.hadoop.ozone.om.exceptions.OMException: Unable to get file status: volume: volume91495 bucket: bucket72136 key: testBatchDelete/parent/child3
	at org.apache.hadoop.ozone.om.KeyManagerImpl.getOzoneFileStatus(KeyManagerImpl.java:1311) ~[ozone-manager-1.3.0-SNAPSHOT.jar:?]
	at org.apache.hadoop.ozone.om.KeyManagerImpl.getFileStatus(KeyManagerImpl.java:1241) ~[ozone-manager-1.3.0-SNAPSHOT.jar:?]
	at org.apache.hadoop.ozone.om.OzoneManager.getFileStatus(OzoneManager.java:3419) ~[ozone-manager-1.3.0-SNAPSHOT.jar:?]
	at org.apache.hadoop.ozone.protocolPB.OzoneManagerRequestHandler.getOzoneFileStatus(OzoneManagerRequestHandler.java:871) ~[ozone-manager-1.3.0-SNAPSHOT.jar:?]
	at org.apache.hadoop.ozone.protocolPB.OzoneManagerRequestHandler.handleReadRequest(OzoneManagerRequestHandler.java:217) ~[ozone-manager-1.3.0-SNAPSHOT.jar:?]
	at org.apache.hadoop.ozone.protocolPB.OzoneManagerProtocolServerSideTranslatorPB.submitReadRequestToOM(OzoneManagerProtocolServerSideTranslatorPB.java:226) ~[ozone-manager-1.3.0-SNAPSHOT.jar:?]
	at org.apache.hadoop.ozone.protocolPB.OzoneManagerProtocolServerSideTranslatorPB.processRequest(OzoneManagerProtocolServerSideTranslatorPB.java:175) ~[ozone-manager-1.3.0-SNAPSHOT.jar:?]
	at org.apache.hadoop.hdds.server.OzoneProtocolMessageDispatcher.processRequest(OzoneProtocolMessageDispatcher.java:87) [hdds-server-framework-1.3.0-SNAPSHOT.jar:?]
	at org.apache.hadoop.ozone.protocolPB.OzoneManagerProtocolServerSideTranslatorPB.submitRequest(OzoneManagerProtocolServerSideTranslatorPB.java:147) [ozone-manager-1.3.0-SNAPSHOT.jar:?]
	at org.apache.hadoop.ozone.protocol.proto.OzoneManagerProtocolProtos$OzoneManagerService$2.callBlockingMethod(OzoneManagerProtocolProtos.java) [ozone-interface-client-1.3.0-SNAPSHOT.jar:?]
	at org.apache.hadoop.ipc.ProtobufRpcEngine$Server.processCall(ProtobufRpcEngine.java:466) [hadoop-common-3.3.1.jar:?]
	at org.apache.hadoop.ipc.ProtobufRpcEngine2$Server$ProtoBufRpcInvoker.call(ProtobufRpcEngine2.java:574) [hadoop-common-3.3.1.jar:?]
	at org.apache.hadoop.ipc.ProtobufRpcEngine2$Server$ProtoBufRpcInvoker.call(ProtobufRpcEngine2.java:552) [hadoop-common-3.3.1.jar:?]
	at org.apache.hadoop.ipc.RPC$Server.call(RPC.java:1093) [hadoop-common-3.3.1.jar:?]
	at org.apache.hadoop.ipc.Server$RpcCall.run(Server.java:1035) [hadoop-common-3.3.1.jar:?]
	at org.apache.hadoop.ipc.Server$RpcCall.run(Server.java:963) [hadoop-common-3.3.1.jar:?]
	at java.security.AccessController.doPrivileged(Native Method) ~[?:1.8.0_332]
	at javax.security.auth.Subject.doAs(Subject.java:422) [?:1.8.0_332]
	at org.apache.hadoop.security.UserGroupInformation.doAs(UserGroupInformation.java:1878) [hadoop-common-3.3.1.jar:?]
	at org.apache.hadoop.ipc.Server$Handler.run(Server.java:2966) [hadoop-common-3.3.1.jar:?]
21:04:09.793 [IPC Server handler 10 on default port 43377] ERROR OMAudit - user=runner | ip=127.0.0.1 | op=GET_FILE_STATUS {volume=volume91495, bucket=bucket72136, key=testBatchDelete/parent/childFolder/child3, dataSize=0, replicationConfig=null} | ret=FAILURE
org.apache.hadoop.ozone.om.exceptions.OMException: Unable to get file status: volume: volume91495 bucket: bucket72136 key: testBatchDelete/parent/childFolder/child3
	at org.apache.hadoop.ozone.om.KeyManagerImpl.getOzoneFileStatus(KeyManagerImpl.java:1311) ~[ozone-manager-1.3.0-SNAPSHOT.jar:?]
	at org.apache.hadoop.ozone.om.KeyManagerImpl.getFileStatus(KeyManagerImpl.java:1241) ~[ozone-manager-1.3.0-SNAPSHOT.jar:?]
	at org.apache.hadoop.ozone.om.OzoneManager.getFileStatus(OzoneManager.java:3419) ~[ozone-manager-1.3.0-SNAPSHOT.jar:?]
	at org.apache.hadoop.ozone.protocolPB.OzoneManagerRequestHandler.getOzoneFileStatus(OzoneManagerRequestHandler.java:871) ~[ozone-manager-1.3.0-SNAPSHOT.jar:?]
	at org.apache.hadoop.ozone.protocolPB.OzoneManagerRequestHandler.handleReadRequest(OzoneManagerRequestHandler.java:217) ~[ozone-manager-1.3.0-SNAPSHOT.jar:?]
	at org.apache.hadoop.ozone.protocolPB.OzoneManagerProtocolServerSideTranslatorPB.submitReadRequestToOM(OzoneManagerProtocolServerSideTranslatorPB.java:226) ~[ozone-manager-1.3.0-SNAPSHOT.jar:?]
	at org.apache.hadoop.ozone.protocolPB.OzoneManagerProtocolServerSideTranslatorPB.processRequest(OzoneManagerProtocolServerSideTranslatorPB.java:175) ~[ozone-manager-1.3.0-SNAPSHOT.jar:?]
	at org.apache.hadoop.hdds.server.OzoneProtocolMessageDispatcher.processRequest(OzoneProtocolMessageDispatcher.java:87) [hdds-server-framework-1.3.0-SNAPSHOT.jar:?]
	at org.apache.hadoop.ozone.protocolPB.OzoneManagerProtocolServerSideTranslatorPB.submitRequest(OzoneManagerProtocolServerSideTranslatorPB.java:147) [ozone-manager-1.3.0-SNAPSHOT.jar:?]
	at org.apache.hadoop.ozone.protocol.proto.OzoneManagerProtocolProtos$OzoneManagerService$2.callBlockingMethod(OzoneManagerProtocolProtos.java) [ozone-interface-client-1.3.0-SNAPSHOT.jar:?]
	at org.apache.hadoop.ipc.ProtobufRpcEngine$Server.processCall(ProtobufRpcEngine.java:466) [hadoop-common-3.3.1.jar:?]
	at org.apache.hadoop.ipc.ProtobufRpcEngine2$Server$ProtoBufRpcInvoker.call(ProtobufRpcEngine2.java:574) [hadoop-common-3.3.1.jar:?]
	at org.apache.hadoop.ipc.ProtobufRpcEngine2$Server$ProtoBufRpcInvoker.call(ProtobufRpcEngine2.java:552) [hadoop-common-3.3.1.jar:?]
	at org.apache.hadoop.ipc.RPC$Server.call(RPC.java:1093) [hadoop-common-3.3.1.jar:?]
	at org.apache.hadoop.ipc.Server$RpcCall.run(Server.java:1035) [hadoop-common-3.3.1.jar:?]
	at org.apache.hadoop.ipc.Server$RpcCall.run(Server.java:963) [hadoop-common-3.3.1.jar:?]
	at java.security.AccessController.doPrivileged(Native Method) ~[?:1.8.0_332]
	at javax.security.auth.Subject.doAs(Subject.java:422) [?:1.8.0_332]
	at org.apache.hadoop.security.UserGroupInformation.doAs(UserGroupInformation.java:1878) [hadoop-common-3.3.1.jar:?]
	at org.apache.hadoop.ipc.Server$Handler.run(Server.java:2966) [hadoop-common-3.3.1.jar:?]
21:04:09.795 [IPC Server handler 3 on default port 43377] ERROR OMAudit - user=runner | ip=127.0.0.1 | op=GET_FILE_STATUS {volume=volume91495, bucket=bucket72136, key=testBatchDelete/parent/child4, dataSize=0, replicationConfig=null} | ret=FAILURE
org.apache.hadoop.ozone.om.exceptions.OMException: Unable to get file status: volume: volume91495 bucket: bucket72136 key: testBatchDelete/parent/child4
	at org.apache.hadoop.ozone.om.KeyManagerImpl.getOzoneFileStatus(KeyManagerImpl.java:1311) ~[ozone-manager-1.3.0-SNAPSHOT.jar:?]
	at org.apache.hadoop.ozone.om.KeyManagerImpl.getFileStatus(KeyManagerImpl.java:1241) ~[ozone-manager-1.3.0-SNAPSHOT.jar:?]
	at org.apache.hadoop.ozone.om.OzoneManager.getFileStatus(OzoneManager.java:3419) ~[ozone-manager-1.3.0-SNAPSHOT.jar:?]
	at org.apache.hadoop.ozone.protocolPB.OzoneManagerRequestHandler.getOzoneFileStatus(OzoneManagerRequestHandler.java:871) ~[ozone-manager-1.3.0-SNAPSHOT.jar:?]
	at org.apache.hadoop.ozone.protocolPB.OzoneManagerRequestHandler.handleReadRequest(OzoneManagerRequestHandler.java:217) ~[ozone-manager-1.3.0-SNAPSHOT.jar:?]
	at org.apache.hadoop.ozone.protocolPB.OzoneManagerProtocolServerSideTranslatorPB.submitReadRequestToOM(OzoneManagerProtocolServerSideTranslatorPB.java:226) ~[ozone-manager-1.3.0-SNAPSHOT.jar:?]
	at org.apache.hadoop.ozone.protocolPB.OzoneManagerProtocolServerSideTranslatorPB.processRequest(OzoneManagerProtocolServerSideTranslatorPB.java:175) ~[ozone-manager-1.3.0-SNAPSHOT.jar:?]
	at org.apache.hadoop.hdds.server.OzoneProtocolMessageDispatcher.processRequest(OzoneProtocolMessageDispatcher.java:87) [hdds-server-framework-1.3.0-SNAPSHOT.jar:?]
	at org.apache.hadoop.ozone.protocolPB.OzoneManagerProtocolServerSideTranslatorPB.submitRequest(OzoneManagerProtocolServerSideTranslatorPB.java:147) [ozone-manager-1.3.0-SNAPSHOT.jar:?]
	at org.apache.hadoop.ozone.protocol.proto.OzoneManagerProtocolProtos$OzoneManagerService$2.callBlockingMethod(OzoneManagerProtocolProtos.java) [ozone-interface-client-1.3.0-SNAPSHOT.jar:?]
	at org.apache.hadoop.ipc.ProtobufRpcEngine$Server.processCall(ProtobufRpcEngine.java:466) [hadoop-common-3.3.1.jar:?]
	at org.apache.hadoop.ipc.ProtobufRpcEngine2$Server$ProtoBufRpcInvoker.call(ProtobufRpcEngine2.java:574) [hadoop-common-3.3.1.jar:?]
	at org.apache.hadoop.ipc.ProtobufRpcEngine2$Server$ProtoBufRpcInvoker.call(ProtobufRpcEngine2.java:552) [hadoop-common-3.3.1.jar:?]
	at org.apache.hadoop.ipc.RPC$Server.call(RPC.java:1093) [hadoop-common-3.3.1.jar:?]
	at org.apache.hadoop.ipc.Server$RpcCall.run(Server.java:1035) [hadoop-common-3.3.1.jar:?]
	at org.apache.hadoop.ipc.Server$RpcCall.run(Server.java:963) [hadoop-common-3.3.1.jar:?]
	at java.security.AccessController.doPrivileged(Native Method) ~[?:1.8.0_332]
	at javax.security.auth.Subject.doAs(Subject.java:422) [?:1.8.0_332]
	at org.apache.hadoop.security.UserGroupInformation.doAs(UserGroupInformation.java:1878) [hadoop-common-3.3.1.jar:?]
	at org.apache.hadoop.ipc.Server$Handler.run(Server.java:2966) [hadoop-common-3.3.1.jar:?]
21:04:09.797 [IPC Server handler 9 on default port 43377] ERROR OMAudit - user=runner | ip=127.0.0.1 | op=GET_FILE_STATUS {volume=volume91495, bucket=bucket72136, key=testBatchDelete/parent/childFolder/child4, dataSize=0, replicationConfig=null} | ret=FAILURE
org.apache.hadoop.ozone.om.exceptions.OMException: Unable to get file status: volume: volume91495 bucket: bucket72136 key: testBatchDelete/parent/childFolder/child4
	at org.apache.hadoop.ozone.om.KeyManagerImpl.getOzoneFileStatus(KeyManagerImpl.java:1311) ~[ozone-manager-1.3.0-SNAPSHOT.jar:?]
	at org.apache.hadoop.ozone.om.KeyManagerImpl.getFileStatus(KeyManagerImpl.java:1241) ~[ozone-manager-1.3.0-SNAPSHOT.jar:?]
	at org.apache.hadoop.ozone.om.OzoneManager.getFileStatus(OzoneManager.java:3419) ~[ozone-manager-1.3.0-SNAPSHOT.jar:?]
	at org.apache.hadoop.ozone.protocolPB.OzoneManagerRequestHandler.getOzoneFileStatus(OzoneManagerRequestHandler.java:871) ~[ozone-manager-1.3.0-SNAPSHOT.jar:?]
	at org.apache.hadoop.ozone.protocolPB.OzoneManagerRequestHandler.handleReadRequest(OzoneManagerRequestHandler.java:217) ~[ozone-manager-1.3.0-SNAPSHOT.jar:?]
	at org.apache.hadoop.ozone.protocolPB.OzoneManagerProtocolServerSideTranslatorPB.submitReadRequestToOM(OzoneManagerProtocolServerSideTranslatorPB.java:226) ~[ozone-manager-1.3.0-SNAPSHOT.jar:?]
	at org.apache.hadoop.ozone.protocolPB.OzoneManagerProtocolServerSideTranslatorPB.processRequest(OzoneManagerProtocolServerSideTranslatorPB.java:175) ~[ozone-manager-1.3.0-SNAPSHOT.jar:?]
	at org.apache.hadoop.hdds.server.OzoneProtocolMessageDispatcher.processRequest(OzoneProtocolMessageDispatcher.java:87) [hdds-server-framework-1.3.0-SNAPSHOT.jar:?]
	at org.apache.hadoop.ozone.protocolPB.OzoneManagerProtocolServerSideTranslatorPB.submitRequest(OzoneManagerProtocolServerSideTranslatorPB.java:147) [ozone-manager-1.3.0-SNAPSHOT.jar:?]
	at org.apache.hadoop.ozone.protocol.proto.OzoneManagerProtocolProtos$OzoneManagerService$2.callBlockingMethod(OzoneManagerProtocolProtos.java) [ozone-interface-client-1.3.0-SNAPSHOT.jar:?]
	at org.apache.hadoop.ipc.ProtobufRpcEngine$Server.processCall(ProtobufRpcEngine.java:466) [hadoop-common-3.3.1.jar:?]
	at org.apache.hadoop.ipc.ProtobufRpcEngine2$Server$ProtoBufRpcInvoker.call(ProtobufRpcEngine2.java:574) [hadoop-common-3.3.1.jar:?]
	at org.apache.hadoop.ipc.ProtobufRpcEngine2$Server$ProtoBufRpcInvoker.call(ProtobufRpcEngine2.java:552) [hadoop-common-3.3.1.jar:?]
	at org.apache.hadoop.ipc.RPC$Server.call(RPC.java:1093) [hadoop-common-3.3.1.jar:?]
	at org.apache.hadoop.ipc.Server$RpcCall.run(Server.java:1035) [hadoop-common-3.3.1.jar:?]
	at org.apache.hadoop.ipc.Server$RpcCall.run(Server.java:963) [hadoop-common-3.3.1.jar:?]
	at java.security.AccessController.doPrivileged(Native Method) ~[?:1.8.0_332]
	at javax.security.auth.Subject.doAs(Subject.java:422) [?:1.8.0_332]
	at org.apache.hadoop.security.UserGroupInformation.doAs(UserGroupInformation.java:1878) [hadoop-common-3.3.1.jar:?]
	at org.apache.hadoop.ipc.Server$Handler.run(Server.java:2966) [hadoop-common-3.3.1.jar:?]
21:04:09.799 [IPC Server handler 18 on default port 43377] ERROR OMAudit - user=runner | ip=127.0.0.1 | op=GET_FILE_STATUS {volume=volume91495, bucket=bucket72136, key=testBatchDelete/parent/child5, dataSize=0, replicationConfig=null} | ret=FAILURE
org.apache.hadoop.ozone.om.exceptions.OMException: Unable to get file status: volume: volume91495 bucket: bucket72136 key: testBatchDelete/parent/child5
	at org.apache.hadoop.ozone.om.KeyManagerImpl.getOzoneFileStatus(KeyManagerImpl.java:1311) ~[ozone-manager-1.3.0-SNAPSHOT.jar:?]
	at org.apache.hadoop.ozone.om.KeyManagerImpl.getFileStatus(KeyManagerImpl.java:1241) ~[ozone-manager-1.3.0-SNAPSHOT.jar:?]
	at org.apache.hadoop.ozone.om.OzoneManager.getFileStatus(OzoneManager.java:3419) ~[ozone-manager-1.3.0-SNAPSHOT.jar:?]
	at org.apache.hadoop.ozone.protocolPB.OzoneManagerRequestHandler.getOzoneFileStatus(OzoneManagerRequestHandler.java:871) ~[ozone-manager-1.3.0-SNAPSHOT.jar:?]
	at org.apache.hadoop.ozone.protocolPB.OzoneManagerRequestHandler.handleReadRequest(OzoneManagerRequestHandler.java:217) ~[ozone-manager-1.3.0-SNAPSHOT.jar:?]
	at org.apache.hadoop.ozone.protocolPB.OzoneManagerProtocolServerSideTranslatorPB.submitReadRequestToOM(OzoneManagerProtocolServerSideTranslatorPB.java:226) ~[ozone-manager-1.3.0-SNAPSHOT.jar:?]
	at org.apache.hadoop.ozone.protocolPB.OzoneManagerProtocolServerSideTranslatorPB.processRequest(OzoneManagerProtocolServerSideTranslatorPB.java:175) ~[ozone-manager-1.3.0-SNAPSHOT.jar:?]
	at org.apache.hadoop.hdds.server.OzoneProtocolMessageDispatcher.processRequest(OzoneProtocolMessageDispatcher.java:87) [hdds-server-framework-1.3.0-SNAPSHOT.jar:?]
	at org.apache.hadoop.ozone.protocolPB.OzoneManagerProtocolServerSideTranslatorPB.submitRequest(OzoneManagerProtocolServerSideTranslatorPB.java:147) [ozone-manager-1.3.0-SNAPSHOT.jar:?]
	at org.apache.hadoop.ozone.protocol.proto.OzoneManagerProtocolProtos$OzoneManagerService$2.callBlockingMethod(OzoneManagerProtocolProtos.java) [ozone-interface-client-1.3.0-SNAPSHOT.jar:?]
	at org.apache.hadoop.ipc.ProtobufRpcEngine$Server.processCall(ProtobufRpcEngine.java:466) [hadoop-common-3.3.1.jar:?]
	at org.apache.hadoop.ipc.ProtobufRpcEngine2$Server$ProtoBufRpcInvoker.call(ProtobufRpcEngine2.java:574) [hadoop-common-3.3.1.jar:?]
	at org.apache.hadoop.ipc.ProtobufRpcEngine2$Server$ProtoBufRpcInvoker.call(ProtobufRpcEngine2.java:552) [hadoop-common-3.3.1.jar:?]
	at org.apache.hadoop.ipc.RPC$Server.call(RPC.java:1093) [hadoop-common-3.3.1.jar:?]
	at org.apache.hadoop.ipc.Server$RpcCall.run(Server.java:1035) [hadoop-common-3.3.1.jar:?]
	at org.apache.hadoop.ipc.Server$RpcCall.run(Server.java:963) [hadoop-common-3.3.1.jar:?]
	at java.security.AccessController.doPrivileged(Native Method) ~[?:1.8.0_332]
	at javax.security.auth.Subject.doAs(Subject.java:422) [?:1.8.0_332]
	at org.apache.hadoop.security.UserGroupInformation.doAs(UserGroupInformation.java:1878) [hadoop-common-3.3.1.jar:?]
	at org.apache.hadoop.ipc.Server$Handler.run(Server.java:2966) [hadoop-common-3.3.1.jar:?]
21:04:09.800 [IPC Server handler 19 on default port 43377] ERROR OMAudit - user=runner | ip=127.0.0.1 | op=GET_FILE_STATUS {volume=volume91495, bucket=bucket72136, key=testBatchDelete/parent/childFolder/child5, dataSize=0, replicationConfig=null} | ret=FAILURE
org.apache.hadoop.ozone.om.exceptions.OMException: Unable to get file status: volume: volume91495 bucket: bucket72136 key: testBatchDelete/parent/childFolder/child5
	at org.apache.hadoop.ozone.om.KeyManagerImpl.getOzoneFileStatus(KeyManagerImpl.java:1311) ~[ozone-manager-1.3.0-SNAPSHOT.jar:?]
	at org.apache.hadoop.ozone.om.KeyManagerImpl.getFileStatus(KeyManagerImpl.java:1241) ~[ozone-manager-1.3.0-SNAPSHOT.jar:?]
	at org.apache.hadoop.ozone.om.OzoneManager.getFileStatus(OzoneManager.java:3419) ~[ozone-manager-1.3.0-SNAPSHOT.jar:?]
	at org.apache.hadoop.ozone.protocolPB.OzoneManagerRequestHandler.getOzoneFileStatus(OzoneManagerRequestHandler.java:871) ~[ozone-manager-1.3.0-SNAPSHOT.jar:?]
	at org.apache.hadoop.ozone.protocolPB.OzoneManagerRequestHandler.handleReadRequest(OzoneManagerRequestHandler.java:217) ~[ozone-manager-1.3.0-SNAPSHOT.jar:?]
	at org.apache.hadoop.ozone.protocolPB.OzoneManagerProtocolServerSideTranslatorPB.submitReadRequestToOM(OzoneManagerProtocolServerSideTranslatorPB.java:226) ~[ozone-manager-1.3.0-SNAPSHOT.jar:?]
	at org.apache.hadoop.ozone.protocolPB.OzoneManagerProtocolServerSideTranslatorPB.processRequest(OzoneManagerProtocolServerSideTranslatorPB.java:175) ~[ozone-manager-1.3.0-SNAPSHOT.jar:?]
	at org.apache.hadoop.hdds.server.OzoneProtocolMessageDispatcher.processRequest(OzoneProtocolMessageDispatcher.java:87) [hdds-server-framework-1.3.0-SNAPSHOT.jar:?]
	at org.apache.hadoop.ozone.protocolPB.OzoneManagerProtocolServerSideTranslatorPB.submitRequest(OzoneManagerProtocolServerSideTranslatorPB.java:147) [ozone-manager-1.3.0-SNAPSHOT.jar:?]
	at org.apache.hadoop.ozone.protocol.proto.OzoneManagerProtocolProtos$OzoneManagerService$2.callBlockingMethod(OzoneManagerProtocolProtos.java) [ozone-interface-client-1.3.0-SNAPSHOT.jar:?]
	at org.apache.hadoop.ipc.ProtobufRpcEngine$Server.processCall(ProtobufRpcEngine.java:466) [hadoop-common-3.3.1.jar:?]
	at org.apache.hadoop.ipc.ProtobufRpcEngine2$Server$ProtoBufRpcInvoker.call(ProtobufRpcEngine2.java:574) [hadoop-common-3.3.1.jar:?]
	at org.apache.hadoop.ipc.ProtobufRpcEngine2$Server$ProtoBufRpcInvoker.call(ProtobufRpcEngine2.java:552) [hadoop-common-3.3.1.jar:?]
	at org.apache.hadoop.ipc.RPC$Server.call(RPC.java:1093) [hadoop-common-3.3.1.jar:?]
	at org.apache.hadoop.ipc.Server$RpcCall.run(Server.java:1035) [hadoop-common-3.3.1.jar:?]
	at org.apache.hadoop.ipc.Server$RpcCall.run(Server.java:963) [hadoop-common-3.3.1.jar:?]
	at java.security.AccessController.doPrivileged(Native Method) ~[?:1.8.0_332]
	at javax.security.auth.Subject.doAs(Subject.java:422) [?:1.8.0_332]
	at org.apache.hadoop.security.UserGroupInformation.doAs(UserGroupInformation.java:1878) [hadoop-common-3.3.1.jar:?]
	at org.apache.hadoop.ipc.Server$Handler.run(Server.java:2966) [hadoop-common-3.3.1.jar:?]
21:04:09.802 [IPC Server handler 17 on default port 43377] ERROR OMAudit - user=runner | ip=127.0.0.1 | op=GET_FILE_STATUS {volume=volume91495, bucket=bucket72136, key=testBatchDelete/parent/child6, dataSize=0, replicationConfig=null} | ret=FAILURE
org.apache.hadoop.ozone.om.exceptions.OMException: Unable to get file status: volume: volume91495 bucket: bucket72136 key: testBatchDelete/parent/child6
	at org.apache.hadoop.ozone.om.KeyManagerImpl.getOzoneFileStatus(KeyManagerImpl.java:1311) ~[ozone-manager-1.3.0-SNAPSHOT.jar:?]
	at org.apache.hadoop.ozone.om.KeyManagerImpl.getFileStatus(KeyManagerImpl.java:1241) ~[ozone-manager-1.3.0-SNAPSHOT.jar:?]
	at org.apache.hadoop.ozone.om.OzoneManager.getFileStatus(OzoneManager.java:3419) ~[ozone-manager-1.3.0-SNAPSHOT.jar:?]
	at org.apache.hadoop.ozone.protocolPB.OzoneManagerRequestHandler.getOzoneFileStatus(OzoneManagerRequestHandler.java:871) ~[ozone-manager-1.3.0-SNAPSHOT.jar:?]
	at org.apache.hadoop.ozone.protocolPB.OzoneManagerRequestHandler.handleReadRequest(OzoneManagerRequestHandler.java:217) ~[ozone-manager-1.3.0-SNAPSHOT.jar:?]
	at org.apache.hadoop.ozone.protocolPB.OzoneManagerProtocolServerSideTranslatorPB.submitReadRequestToOM(OzoneManagerProtocolServerSideTranslatorPB.java:226) ~[ozone-manager-1.3.0-SNAPSHOT.jar:?]
	at org.apache.hadoop.ozone.protocolPB.OzoneManagerProtocolServerSideTranslatorPB.processRequest(OzoneManagerProtocolServerSideTranslatorPB.java:175) ~[ozone-manager-1.3.0-SNAPSHOT.jar:?]
	at org.apache.hadoop.hdds.server.OzoneProtocolMessageDispatcher.processRequest(OzoneProtocolMessageDispatcher.java:87) [hdds-server-framework-1.3.0-SNAPSHOT.jar:?]
	at org.apache.hadoop.ozone.protocolPB.OzoneManagerProtocolServerSideTranslatorPB.submitRequest(OzoneManagerProtocolServerSideTranslatorPB.java:147) [ozone-manager-1.3.0-SNAPSHOT.jar:?]
	at org.apache.hadoop.ozone.protocol.proto.OzoneManagerProtocolProtos$OzoneManagerService$2.callBlockingMethod(OzoneManagerProtocolProtos.java) [ozone-interface-client-1.3.0-SNAPSHOT.jar:?]
	at org.apache.hadoop.ipc.ProtobufRpcEngine$Server.processCall(ProtobufRpcEngine.java:466) [hadoop-common-3.3.1.jar:?]
	at org.apache.hadoop.ipc.ProtobufRpcEngine2$Server$ProtoBufRpcInvoker.call(ProtobufRpcEngine2.java:574) [hadoop-common-3.3.1.jar:?]
	at org.apache.hadoop.ipc.ProtobufRpcEngine2$Server$ProtoBufRpcInvoker.call(ProtobufRpcEngine2.java:552) [hadoop-common-3.3.1.jar:?]
	at org.apache.hadoop.ipc.RPC$Server.call(RPC.java:1093) [hadoop-common-3.3.1.jar:?]
	at org.apache.hadoop.ipc.Server$RpcCall.run(Server.java:1035) [hadoop-common-3.3.1.jar:?]
	at org.apache.hadoop.ipc.Server$RpcCall.run(Server.java:963) [hadoop-common-3.3.1.jar:?]
	at java.security.AccessController.doPrivileged(Native Method) ~[?:1.8.0_332]
	at javax.security.auth.Subject.doAs(Subject.java:422) [?:1.8.0_332]
	at org.apache.hadoop.security.UserGroupInformation.doAs(UserGroupInformation.java:1878) [hadoop-common-3.3.1.jar:?]
	at org.apache.hadoop.ipc.Server$Handler.run(Server.java:2966) [hadoop-common-3.3.1.jar:?]
21:04:09.804 [IPC Server handler 13 on default port 43377] ERROR OMAudit - user=runner | ip=127.0.0.1 | op=GET_FILE_STATUS {volume=volume91495, bucket=bucket72136, key=testBatchDelete/parent/childFolder/child6, dataSize=0, replicationConfig=null} | ret=FAILURE
org.apache.hadoop.ozone.om.exceptions.OMException: Unable to get file status: volume: volume91495 bucket: bucket72136 key: testBatchDelete/parent/childFolder/child6
	at org.apache.hadoop.ozone.om.KeyManagerImpl.getOzoneFileStatus(KeyManagerImpl.java:1311) ~[ozone-manager-1.3.0-SNAPSHOT.jar:?]
	at org.apache.hadoop.ozone.om.KeyManagerImpl.getFileStatus(KeyManagerImpl.java:1241) ~[ozone-manager-1.3.0-SNAPSHOT.jar:?]
	at org.apache.hadoop.ozone.om.OzoneManager.getFileStatus(OzoneManager.java:3419) ~[ozone-manager-1.3.0-SNAPSHOT.jar:?]
	at org.apache.hadoop.ozone.protocolPB.OzoneManagerRequestHandler.getOzoneFileStatus(OzoneManagerRequestHandler.java:871) ~[ozone-manager-1.3.0-SNAPSHOT.jar:?]
	at org.apache.hadoop.ozone.protocolPB.OzoneManagerRequestHandler.handleReadRequest(OzoneManagerRequestHandler.java:217) ~[ozone-manager-1.3.0-SNAPSHOT.jar:?]
	at org.apache.hadoop.ozone.protocolPB.OzoneManagerProtocolServerSideTranslatorPB.submitReadRequestToOM(OzoneManagerProtocolServerSideTranslatorPB.java:226) ~[ozone-manager-1.3.0-SNAPSHOT.jar:?]
	at org.apache.hadoop.ozone.protocolPB.OzoneManagerProtocolServerSideTranslatorPB.processRequest(OzoneManagerProtocolServerSideTranslatorPB.java:175) ~[ozone-manager-1.3.0-SNAPSHOT.jar:?]
	at org.apache.hadoop.hdds.server.OzoneProtocolMessageDispatcher.processRequest(OzoneProtocolMessageDispatcher.java:87) [hdds-server-framework-1.3.0-SNAPSHOT.jar:?]
	at org.apache.hadoop.ozone.protocolPB.OzoneManagerProtocolServerSideTranslatorPB.submitRequest(OzoneManagerProtocolServerSideTranslatorPB.java:147) [ozone-manager-1.3.0-SNAPSHOT.jar:?]
	at org.apache.hadoop.ozone.protocol.proto.OzoneManagerProtocolProtos$OzoneManagerService$2.callBlockingMethod(OzoneManagerProtocolProtos.java) [ozone-interface-client-1.3.0-SNAPSHOT.jar:?]
	at org.apache.hadoop.ipc.ProtobufRpcEngine$Server.processCall(ProtobufRpcEngine.java:466) [hadoop-common-3.3.1.jar:?]
	at org.apache.hadoop.ipc.ProtobufRpcEngine2$Server$ProtoBufRpcInvoker.call(ProtobufRpcEngine2.java:574) [hadoop-common-3.3.1.jar:?]
	at org.apache.hadoop.ipc.ProtobufRpcEngine2$Server$ProtoBufRpcInvoker.call(ProtobufRpcEngine2.java:552) [hadoop-common-3.3.1.jar:?]
	at org.apache.hadoop.ipc.RPC$Server.call(RPC.java:1093) [hadoop-common-3.3.1.jar:?]
	at org.apache.hadoop.ipc.Server$RpcCall.run(Server.java:1035) [hadoop-common-3.3.1.jar:?]
	at org.apache.hadoop.ipc.Server$RpcCall.run(Server.java:963) [hadoop-common-3.3.1.jar:?]
	at java.security.AccessController.doPrivileged(Native Method) ~[?:1.8.0_332]
	at javax.security.auth.Subject.doAs(Subject.java:422) [?:1.8.0_332]
	at org.apache.hadoop.security.UserGroupInformation.doAs(UserGroupInformation.java:1878) [hadoop-common-3.3.1.jar:?]
	at org.apache.hadoop.ipc.Server$Handler.run(Server.java:2966) [hadoop-common-3.3.1.jar:?]
21:04:09.805 [IPC Server handler 15 on default port 43377] ERROR OMAudit - user=runner | ip=127.0.0.1 | op=GET_FILE_STATUS {volume=volume91495, bucket=bucket72136, key=testBatchDelete/parent/child7, dataSize=0, replicationConfig=null} | ret=FAILURE
org.apache.hadoop.ozone.om.exceptions.OMException: Unable to get file status: volume: volume91495 bucket: bucket72136 key: testBatchDelete/parent/child7
	at org.apache.hadoop.ozone.om.KeyManagerImpl.getOzoneFileStatus(KeyManagerImpl.java:1311) ~[ozone-manager-1.3.0-SNAPSHOT.jar:?]
	at org.apache.hadoop.ozone.om.KeyManagerImpl.getFileStatus(KeyManagerImpl.java:1241) ~[ozone-manager-1.3.0-SNAPSHOT.jar:?]
	at org.apache.hadoop.ozone.om.OzoneManager.getFileStatus(OzoneManager.java:3419) ~[ozone-manager-1.3.0-SNAPSHOT.jar:?]
	at org.apache.hadoop.ozone.protocolPB.OzoneManagerRequestHandler.getOzoneFileStatus(OzoneManagerRequestHandler.java:871) ~[ozone-manager-1.3.0-SNAPSHOT.jar:?]
	at org.apache.hadoop.ozone.protocolPB.OzoneManagerRequestHandler.handleReadRequest(OzoneManagerRequestHandler.java:217) ~[ozone-manager-1.3.0-SNAPSHOT.jar:?]
	at org.apache.hadoop.ozone.protocolPB.OzoneManagerProtocolServerSideTranslatorPB.submitReadRequestToOM(OzoneManagerProtocolServerSideTranslatorPB.java:226) ~[ozone-manager-1.3.0-SNAPSHOT.jar:?]
	at org.apache.hadoop.ozone.protocolPB.OzoneManagerProtocolServerSideTranslatorPB.processRequest(OzoneManagerProtocolServerSideTranslatorPB.java:175) ~[ozone-manager-1.3.0-SNAPSHOT.jar:?]
	at org.apache.hadoop.hdds.server.OzoneProtocolMessageDispatcher.processRequest(OzoneProtocolMessageDispatcher.java:87) [hdds-server-framework-1.3.0-SNAPSHOT.jar:?]
	at org.apache.hadoop.ozone.protocolPB.OzoneManagerProtocolServerSideTranslatorPB.submitRequest(OzoneManagerProtocolServerSideTranslatorPB.java:147) [ozone-manager-1.3.0-SNAPSHOT.jar:?]
	at org.apache.hadoop.ozone.protocol.proto.OzoneManagerProtocolProtos$OzoneManagerService$2.callBlockingMethod(OzoneManagerProtocolProtos.java) [ozone-interface-client-1.3.0-SNAPSHOT.jar:?]
	at org.apache.hadoop.ipc.ProtobufRpcEngine$Server.processCall(ProtobufRpcEngine.java:466) [hadoop-common-3.3.1.jar:?]
	at org.apache.hadoop.ipc.ProtobufRpcEngine2$Server$ProtoBufRpcInvoker.call(ProtobufRpcEngine2.java:574) [hadoop-common-3.3.1.jar:?]
	at org.apache.hadoop.ipc.ProtobufRpcEngine2$Server$ProtoBufRpcInvoker.call(ProtobufRpcEngine2.java:552) [hadoop-common-3.3.1.jar:?]
	at org.apache.hadoop.ipc.RPC$Server.call(RPC.java:1093) [hadoop-common-3.3.1.jar:?]
	at org.apache.hadoop.ipc.Server$RpcCall.run(Server.java:1035) [hadoop-common-3.3.1.jar:?]
	at org.apache.hadoop.ipc.Server$RpcCall.run(Server.java:963) [hadoop-common-3.3.1.jar:?]
	at java.security.AccessController.doPrivileged(Native Method) ~[?:1.8.0_332]
	at javax.security.auth.Subject.doAs(Subject.java:422) [?:1.8.0_332]
	at org.apache.hadoop.security.UserGroupInformation.doAs(UserGroupInformation.java:1878) [hadoop-common-3.3.1.jar:?]
	at org.apache.hadoop.ipc.Server$Handler.run(Server.java:2966) [hadoop-common-3.3.1.jar:?]
21:04:09.809 [IPC Server handler 4 on default port 43377] ERROR OMAudit - user=runner | ip=127.0.0.1 | op=GET_FILE_STATUS {volume=volume91495, bucket=bucket72136, key=testBatchDelete/parent/childFolder/child7, dataSize=0, replicationConfig=null} | ret=FAILURE
org.apache.hadoop.ozone.om.exceptions.OMException: Unable to get file status: volume: volume91495 bucket: bucket72136 key: testBatchDelete/parent/childFolder/child7
	at org.apache.hadoop.ozone.om.KeyManagerImpl.getOzoneFileStatus(KeyManagerImpl.java:1311) ~[ozone-manager-1.3.0-SNAPSHOT.jar:?]
	at org.apache.hadoop.ozone.om.KeyManagerImpl.getFileStatus(KeyManagerImpl.java:1241) ~[ozone-manager-1.3.0-SNAPSHOT.jar:?]
	at org.apache.hadoop.ozone.om.OzoneManager.getFileStatus(OzoneManager.java:3419) ~[ozone-manager-1.3.0-SNAPSHOT.jar:?]
	at org.apache.hadoop.ozone.protocolPB.OzoneManagerRequestHandler.getOzoneFileStatus(OzoneManagerRequestHandler.java:871) ~[ozone-manager-1.3.0-SNAPSHOT.jar:?]
	at org.apache.hadoop.ozone.protocolPB.OzoneManagerRequestHandler.handleReadRequest(OzoneManagerRequestHandler.java:217) ~[ozone-manager-1.3.0-SNAPSHOT.jar:?]
	at org.apache.hadoop.ozone.protocolPB.OzoneManagerProtocolServerSideTranslatorPB.submitReadRequestToOM(OzoneManagerProtocolServerSideTranslatorPB.java:226) ~[ozone-manager-1.3.0-SNAPSHOT.jar:?]
	at org.apache.hadoop.ozone.protocolPB.OzoneManagerProtocolServerSideTranslatorPB.processRequest(OzoneManagerProtocolServerSideTranslatorPB.java:175) ~[ozone-manager-1.3.0-SNAPSHOT.jar:?]
	at org.apache.hadoop.hdds.server.OzoneProtocolMessageDispatcher.processRequest(OzoneProtocolMessageDispatcher.java:87) [hdds-server-framework-1.3.0-SNAPSHOT.jar:?]
	at org.apache.hadoop.ozone.protocolPB.OzoneManagerProtocolServerSideTranslatorPB.submitRequest(OzoneManagerProtocolServerSideTranslatorPB.java:147) [ozone-manager-1.3.0-SNAPSHOT.jar:?]
	at org.apache.hadoop.ozone.protocol.proto.OzoneManagerProtocolProtos$OzoneManagerService$2.callBlockingMethod(OzoneManagerProtocolProtos.java) [ozone-interface-client-1.3.0-SNAPSHOT.jar:?]
	at org.apache.hadoop.ipc.ProtobufRpcEngine$Server.processCall(ProtobufRpcEngine.java:466) [hadoop-common-3.3.1.jar:?]
	at org.apache.hadoop.ipc.ProtobufRpcEngine2$Server$ProtoBufRpcInvoker.call(ProtobufRpcEngine2.java:574) [hadoop-common-3.3.1.jar:?]
	at org.apache.hadoop.ipc.ProtobufRpcEngine2$Server$ProtoBufRpcInvoker.call(ProtobufRpcEngine2.java:552) [hadoop-common-3.3.1.jar:?]
	at org.apache.hadoop.ipc.RPC$Server.call(RPC.java:1093) [hadoop-common-3.3.1.jar:?]
	at org.apache.hadoop.ipc.Server$RpcCall.run(Server.java:1035) [hadoop-common-3.3.1.jar:?]
	at org.apache.hadoop.ipc.Server$RpcCall.run(Server.java:963) [hadoop-common-3.3.1.jar:?]
	at java.security.AccessController.doPrivileged(Native Method) ~[?:1.8.0_332]
	at javax.security.auth.Subject.doAs(Subject.java:422) [?:1.8.0_332]
	at org.apache.hadoop.security.UserGroupInformation.doAs(UserGroupInformation.java:1878) [hadoop-common-3.3.1.jar:?]
	at org.apache.hadoop.ipc.Server$Handler.run(Server.java:2966) [hadoop-common-3.3.1.jar:?]
21:04:09.810 [IPC Server handler 8 on default port 43377] ERROR OMAudit - user=runner | ip=127.0.0.1 | op=GET_FILE_STATUS {volume=volume91495, bucket=bucket72136, key=testBatchDelete/parent, dataSize=0, replicationConfig=null} | ret=FAILURE
org.apache.hadoop.ozone.om.exceptions.OMException: Unable to get file status: volume: volume91495 bucket: bucket72136 key: testBatchDelete/parent
	at org.apache.hadoop.ozone.om.KeyManagerImpl.getOzoneFileStatus(KeyManagerImpl.java:1311) ~[ozone-manager-1.3.0-SNAPSHOT.jar:?]
	at org.apache.hadoop.ozone.om.KeyManagerImpl.getFileStatus(KeyManagerImpl.java:1241) ~[ozone-manager-1.3.0-SNAPSHOT.jar:?]
	at org.apache.hadoop.ozone.om.OzoneManager.getFileStatus(OzoneManager.java:3419) ~[ozone-manager-1.3.0-SNAPSHOT.jar:?]
	at org.apache.hadoop.ozone.protocolPB.OzoneManagerRequestHandler.getOzoneFileStatus(OzoneManagerRequestHandler.java:871) ~[ozone-manager-1.3.0-SNAPSHOT.jar:?]
	at org.apache.hadoop.ozone.protocolPB.OzoneManagerRequestHandler.handleReadRequest(OzoneManagerRequestHandler.java:217) ~[ozone-manager-1.3.0-SNAPSHOT.jar:?]
	at org.apache.hadoop.ozone.protocolPB.OzoneManagerProtocolServerSideTranslatorPB.submitReadRequestToOM(OzoneManagerProtocolServerSideTranslatorPB.java:226) ~[ozone-manager-1.3.0-SNAPSHOT.jar:?]
	at org.apache.hadoop.ozone.protocolPB.OzoneManagerProtocolServerSideTranslatorPB.processRequest(OzoneManagerProtocolServerSideTranslatorPB.java:175) ~[ozone-manager-1.3.0-SNAPSHOT.jar:?]
	at org.apache.hadoop.hdds.server.OzoneProtocolMessageDispatcher.processRequest(OzoneProtocolMessageDispatcher.java:87) [hdds-server-framework-1.3.0-SNAPSHOT.jar:?]
	at org.apache.hadoop.ozone.protocolPB.OzoneManagerProtocolServerSideTranslatorPB.submitRequest(OzoneManagerProtocolServerSideTranslatorPB.java:147) [ozone-manager-1.3.0-SNAPSHOT.jar:?]
	at org.apache.hadoop.ozone.protocol.proto.OzoneManagerProtocolProtos$OzoneManagerService$2.callBlockingMethod(OzoneManagerProtocolProtos.java) [ozone-interface-client-1.3.0-SNAPSHOT.jar:?]
	at org.apache.hadoop.ipc.ProtobufRpcEngine$Server.processCall(ProtobufRpcEngine.java:466) [hadoop-common-3.3.1.jar:?]
	at org.apache.hadoop.ipc.ProtobufRpcEngine2$Server$ProtoBufRpcInvoker.call(ProtobufRpcEngine2.java:574) [hadoop-common-3.3.1.jar:?]
	at org.apache.hadoop.ipc.ProtobufRpcEngine2$Server$ProtoBufRpcInvoker.call(ProtobufRpcEngine2.java:552) [hadoop-common-3.3.1.jar:?]
	at org.apache.hadoop.ipc.RPC$Server.call(RPC.java:1093) [hadoop-common-3.3.1.jar:?]
	at org.apache.hadoop.ipc.Server$RpcCall.run(Server.java:1035) [hadoop-common-3.3.1.jar:?]
	at org.apache.hadoop.ipc.Server$RpcCall.run(Server.java:963) [hadoop-common-3.3.1.jar:?]
	at java.security.AccessController.doPrivileged(Native Method) ~[?:1.8.0_332]
	at javax.security.auth.Subject.doAs(Subject.java:422) [?:1.8.0_332]
	at org.apache.hadoop.security.UserGroupInformation.doAs(UserGroupInformation.java:1878) [hadoop-common-3.3.1.jar:?]
	at org.apache.hadoop.ipc.Server$Handler.run(Server.java:2966) [hadoop-common-3.3.1.jar:?]
2022-07-12 21:04:09,811 [Time-limited test] WARN  ozone.BasicRootedOzoneFileSystem (BasicRootedOzoneFileSystem.java:delete(572)) - delete: Path does not exist: /volume91495/bucket72136/testBatchDelete/parent
]]></system-out>
  </testcase>
  <testcase name="testFileDelete" classname="TestRootedOzoneFileSystem" time="0.256">
    <system-out><![CDATA[2022-07-12 21:05:22,043 [Time-limited test] INFO  rpc.RpcClient (RpcClient.java:createVolume(466)) - Creating Volume: volume52914, with user18196 as owner and space quota set to -1 bytes, counts quota set to -1
2022-07-12 21:05:22,052 [OM StateMachine ApplyTransaction Thread - 0] INFO  volume.OMVolumeCreateRequest (OMVolumeCreateRequest.java:validateAndUpdateCache(195)) - created volume:volume52914 for user:user18196
2022-07-12 21:05:22,053 [Time-limited test] INFO  rpc.RpcClient (RpcClient.java:createBucket(669)) - Creating Bucket: volume52914/bucket59948, with bucket layout LEGACY, runner as owner, Versioning false, Storage Type set to DISK and Encryption set to false 
2022-07-12 21:05:22,055 [OM StateMachine ApplyTransaction Thread - 0] INFO  bucket.OMBucketCreateRequest (OMBucketCreateRequest.java:validateAndUpdateCache(260)) - created bucket: bucket59948 of layout LEGACY in volume: volume52914
21:05:22.187 [IPC Server handler 18 on default port 38457] ERROR OMAudit - user=runner | ip=127.0.0.1 | op=GET_FILE_STATUS {volume=volume52914, bucket=bucket59948, key=testBatchDelete, dataSize=0, replicationConfig=null} | ret=FAILURE
org.apache.hadoop.ozone.om.exceptions.OMException: Unable to get file status: volume: volume52914 bucket: bucket59948 key: testBatchDelete
	at org.apache.hadoop.ozone.om.KeyManagerImpl.getOzoneFileStatus(KeyManagerImpl.java:1311) ~[ozone-manager-1.3.0-SNAPSHOT.jar:?]
	at org.apache.hadoop.ozone.om.KeyManagerImpl.getFileStatus(KeyManagerImpl.java:1241) ~[ozone-manager-1.3.0-SNAPSHOT.jar:?]
	at org.apache.hadoop.ozone.om.OzoneManager.getFileStatus(OzoneManager.java:3419) ~[ozone-manager-1.3.0-SNAPSHOT.jar:?]
	at org.apache.hadoop.ozone.protocolPB.OzoneManagerRequestHandler.getOzoneFileStatus(OzoneManagerRequestHandler.java:871) ~[ozone-manager-1.3.0-SNAPSHOT.jar:?]
	at org.apache.hadoop.ozone.protocolPB.OzoneManagerRequestHandler.handleReadRequest(OzoneManagerRequestHandler.java:217) ~[ozone-manager-1.3.0-SNAPSHOT.jar:?]
	at org.apache.hadoop.ozone.protocolPB.OzoneManagerProtocolServerSideTranslatorPB.submitReadRequestToOM(OzoneManagerProtocolServerSideTranslatorPB.java:226) ~[ozone-manager-1.3.0-SNAPSHOT.jar:?]
	at org.apache.hadoop.ozone.protocolPB.OzoneManagerProtocolServerSideTranslatorPB.processRequest(OzoneManagerProtocolServerSideTranslatorPB.java:175) ~[ozone-manager-1.3.0-SNAPSHOT.jar:?]
	at org.apache.hadoop.hdds.server.OzoneProtocolMessageDispatcher.processRequest(OzoneProtocolMessageDispatcher.java:87) [hdds-server-framework-1.3.0-SNAPSHOT.jar:?]
	at org.apache.hadoop.ozone.protocolPB.OzoneManagerProtocolServerSideTranslatorPB.submitRequest(OzoneManagerProtocolServerSideTranslatorPB.java:147) [ozone-manager-1.3.0-SNAPSHOT.jar:?]
	at org.apache.hadoop.ozone.protocol.proto.OzoneManagerProtocolProtos$OzoneManagerService$2.callBlockingMethod(OzoneManagerProtocolProtos.java) [ozone-interface-client-1.3.0-SNAPSHOT.jar:?]
	at org.apache.hadoop.ipc.ProtobufRpcEngine$Server.processCall(ProtobufRpcEngine.java:466) [hadoop-common-3.3.1.jar:?]
	at org.apache.hadoop.ipc.ProtobufRpcEngine2$Server$ProtoBufRpcInvoker.call(ProtobufRpcEngine2.java:574) [hadoop-common-3.3.1.jar:?]
	at org.apache.hadoop.ipc.ProtobufRpcEngine2$Server$ProtoBufRpcInvoker.call(ProtobufRpcEngine2.java:552) [hadoop-common-3.3.1.jar:?]
	at org.apache.hadoop.ipc.RPC$Server.call(RPC.java:1093) [hadoop-common-3.3.1.jar:?]
	at org.apache.hadoop.ipc.Server$RpcCall.run(Server.java:1035) [hadoop-common-3.3.1.jar:?]
	at org.apache.hadoop.ipc.Server$RpcCall.run(Server.java:963) [hadoop-common-3.3.1.jar:?]
	at java.security.AccessController.doPrivileged(Native Method) ~[?:1.8.0_332]
	at javax.security.auth.Subject.doAs(Subject.java:422) [?:1.8.0_332]
	at org.apache.hadoop.security.UserGroupInformation.doAs(UserGroupInformation.java:1878) [hadoop-common-3.3.1.jar:?]
	at org.apache.hadoop.ipc.Server$Handler.run(Server.java:2966) [hadoop-common-3.3.1.jar:?]
21:05:22.188 [IPC Server handler 17 on default port 38457] ERROR OMAudit - user=runner | ip=127.0.0.1 | op=GET_FILE_STATUS {volume=volume52914, bucket=bucket59948, key=testBatchDelete/parent/child0, dataSize=0, replicationConfig=null} | ret=FAILURE
org.apache.hadoop.ozone.om.exceptions.OMException: Unable to get file status: volume: volume52914 bucket: bucket59948 key: testBatchDelete/parent/child0
	at org.apache.hadoop.ozone.om.KeyManagerImpl.getOzoneFileStatus(KeyManagerImpl.java:1311) ~[ozone-manager-1.3.0-SNAPSHOT.jar:?]
	at org.apache.hadoop.ozone.om.KeyManagerImpl.getFileStatus(KeyManagerImpl.java:1241) ~[ozone-manager-1.3.0-SNAPSHOT.jar:?]
	at org.apache.hadoop.ozone.om.OzoneManager.getFileStatus(OzoneManager.java:3419) ~[ozone-manager-1.3.0-SNAPSHOT.jar:?]
	at org.apache.hadoop.ozone.protocolPB.OzoneManagerRequestHandler.getOzoneFileStatus(OzoneManagerRequestHandler.java:871) ~[ozone-manager-1.3.0-SNAPSHOT.jar:?]
	at org.apache.hadoop.ozone.protocolPB.OzoneManagerRequestHandler.handleReadRequest(OzoneManagerRequestHandler.java:217) ~[ozone-manager-1.3.0-SNAPSHOT.jar:?]
	at org.apache.hadoop.ozone.protocolPB.OzoneManagerProtocolServerSideTranslatorPB.submitReadRequestToOM(OzoneManagerProtocolServerSideTranslatorPB.java:226) ~[ozone-manager-1.3.0-SNAPSHOT.jar:?]
	at org.apache.hadoop.ozone.protocolPB.OzoneManagerProtocolServerSideTranslatorPB.processRequest(OzoneManagerProtocolServerSideTranslatorPB.java:175) ~[ozone-manager-1.3.0-SNAPSHOT.jar:?]
	at org.apache.hadoop.hdds.server.OzoneProtocolMessageDispatcher.processRequest(OzoneProtocolMessageDispatcher.java:87) [hdds-server-framework-1.3.0-SNAPSHOT.jar:?]
	at org.apache.hadoop.ozone.protocolPB.OzoneManagerProtocolServerSideTranslatorPB.submitRequest(OzoneManagerProtocolServerSideTranslatorPB.java:147) [ozone-manager-1.3.0-SNAPSHOT.jar:?]
	at org.apache.hadoop.ozone.protocol.proto.OzoneManagerProtocolProtos$OzoneManagerService$2.callBlockingMethod(OzoneManagerProtocolProtos.java) [ozone-interface-client-1.3.0-SNAPSHOT.jar:?]
	at org.apache.hadoop.ipc.ProtobufRpcEngine$Server.processCall(ProtobufRpcEngine.java:466) [hadoop-common-3.3.1.jar:?]
	at org.apache.hadoop.ipc.ProtobufRpcEngine2$Server$ProtoBufRpcInvoker.call(ProtobufRpcEngine2.java:574) [hadoop-common-3.3.1.jar:?]
	at org.apache.hadoop.ipc.ProtobufRpcEngine2$Server$ProtoBufRpcInvoker.call(ProtobufRpcEngine2.java:552) [hadoop-common-3.3.1.jar:?]
	at org.apache.hadoop.ipc.RPC$Server.call(RPC.java:1093) [hadoop-common-3.3.1.jar:?]
	at org.apache.hadoop.ipc.Server$RpcCall.run(Server.java:1035) [hadoop-common-3.3.1.jar:?]
	at org.apache.hadoop.ipc.Server$RpcCall.run(Server.java:963) [hadoop-common-3.3.1.jar:?]
	at java.security.AccessController.doPrivileged(Native Method) ~[?:1.8.0_332]
	at javax.security.auth.Subject.doAs(Subject.java:422) [?:1.8.0_332]
	at org.apache.hadoop.security.UserGroupInformation.doAs(UserGroupInformation.java:1878) [hadoop-common-3.3.1.jar:?]
	at org.apache.hadoop.ipc.Server$Handler.run(Server.java:2966) [hadoop-common-3.3.1.jar:?]
21:05:22.189 [IPC Server handler 12 on default port 38457] ERROR OMAudit - user=runner | ip=127.0.0.1 | op=GET_FILE_STATUS {volume=volume52914, bucket=bucket59948, key=testBatchDelete/parent/childFolder/child0, dataSize=0, replicationConfig=null} | ret=FAILURE
org.apache.hadoop.ozone.om.exceptions.OMException: Unable to get file status: volume: volume52914 bucket: bucket59948 key: testBatchDelete/parent/childFolder/child0
	at org.apache.hadoop.ozone.om.KeyManagerImpl.getOzoneFileStatus(KeyManagerImpl.java:1311) ~[ozone-manager-1.3.0-SNAPSHOT.jar:?]
	at org.apache.hadoop.ozone.om.KeyManagerImpl.getFileStatus(KeyManagerImpl.java:1241) ~[ozone-manager-1.3.0-SNAPSHOT.jar:?]
	at org.apache.hadoop.ozone.om.OzoneManager.getFileStatus(OzoneManager.java:3419) ~[ozone-manager-1.3.0-SNAPSHOT.jar:?]
	at org.apache.hadoop.ozone.protocolPB.OzoneManagerRequestHandler.getOzoneFileStatus(OzoneManagerRequestHandler.java:871) ~[ozone-manager-1.3.0-SNAPSHOT.jar:?]
	at org.apache.hadoop.ozone.protocolPB.OzoneManagerRequestHandler.handleReadRequest(OzoneManagerRequestHandler.java:217) ~[ozone-manager-1.3.0-SNAPSHOT.jar:?]
	at org.apache.hadoop.ozone.protocolPB.OzoneManagerProtocolServerSideTranslatorPB.submitReadRequestToOM(OzoneManagerProtocolServerSideTranslatorPB.java:226) ~[ozone-manager-1.3.0-SNAPSHOT.jar:?]
	at org.apache.hadoop.ozone.protocolPB.OzoneManagerProtocolServerSideTranslatorPB.processRequest(OzoneManagerProtocolServerSideTranslatorPB.java:175) ~[ozone-manager-1.3.0-SNAPSHOT.jar:?]
	at org.apache.hadoop.hdds.server.OzoneProtocolMessageDispatcher.processRequest(OzoneProtocolMessageDispatcher.java:87) [hdds-server-framework-1.3.0-SNAPSHOT.jar:?]
	at org.apache.hadoop.ozone.protocolPB.OzoneManagerProtocolServerSideTranslatorPB.submitRequest(OzoneManagerProtocolServerSideTranslatorPB.java:147) [ozone-manager-1.3.0-SNAPSHOT.jar:?]
	at org.apache.hadoop.ozone.protocol.proto.OzoneManagerProtocolProtos$OzoneManagerService$2.callBlockingMethod(OzoneManagerProtocolProtos.java) [ozone-interface-client-1.3.0-SNAPSHOT.jar:?]
	at org.apache.hadoop.ipc.ProtobufRpcEngine$Server.processCall(ProtobufRpcEngine.java:466) [hadoop-common-3.3.1.jar:?]
	at org.apache.hadoop.ipc.ProtobufRpcEngine2$Server$ProtoBufRpcInvoker.call(ProtobufRpcEngine2.java:574) [hadoop-common-3.3.1.jar:?]
	at org.apache.hadoop.ipc.ProtobufRpcEngine2$Server$ProtoBufRpcInvoker.call(ProtobufRpcEngine2.java:552) [hadoop-common-3.3.1.jar:?]
	at org.apache.hadoop.ipc.RPC$Server.call(RPC.java:1093) [hadoop-common-3.3.1.jar:?]
	at org.apache.hadoop.ipc.Server$RpcCall.run(Server.java:1035) [hadoop-common-3.3.1.jar:?]
	at org.apache.hadoop.ipc.Server$RpcCall.run(Server.java:963) [hadoop-common-3.3.1.jar:?]
	at java.security.AccessController.doPrivileged(Native Method) ~[?:1.8.0_332]
	at javax.security.auth.Subject.doAs(Subject.java:422) [?:1.8.0_332]
	at org.apache.hadoop.security.UserGroupInformation.doAs(UserGroupInformation.java:1878) [hadoop-common-3.3.1.jar:?]
	at org.apache.hadoop.ipc.Server$Handler.run(Server.java:2966) [hadoop-common-3.3.1.jar:?]
21:05:22.191 [IPC Server handler 0 on default port 38457] ERROR OMAudit - user=runner | ip=127.0.0.1 | op=GET_FILE_STATUS {volume=volume52914, bucket=bucket59948, key=testBatchDelete/parent/child1, dataSize=0, replicationConfig=null} | ret=FAILURE
org.apache.hadoop.ozone.om.exceptions.OMException: Unable to get file status: volume: volume52914 bucket: bucket59948 key: testBatchDelete/parent/child1
	at org.apache.hadoop.ozone.om.KeyManagerImpl.getOzoneFileStatus(KeyManagerImpl.java:1311) ~[ozone-manager-1.3.0-SNAPSHOT.jar:?]
	at org.apache.hadoop.ozone.om.KeyManagerImpl.getFileStatus(KeyManagerImpl.java:1241) ~[ozone-manager-1.3.0-SNAPSHOT.jar:?]
	at org.apache.hadoop.ozone.om.OzoneManager.getFileStatus(OzoneManager.java:3419) ~[ozone-manager-1.3.0-SNAPSHOT.jar:?]
	at org.apache.hadoop.ozone.protocolPB.OzoneManagerRequestHandler.getOzoneFileStatus(OzoneManagerRequestHandler.java:871) ~[ozone-manager-1.3.0-SNAPSHOT.jar:?]
	at org.apache.hadoop.ozone.protocolPB.OzoneManagerRequestHandler.handleReadRequest(OzoneManagerRequestHandler.java:217) ~[ozone-manager-1.3.0-SNAPSHOT.jar:?]
	at org.apache.hadoop.ozone.protocolPB.OzoneManagerProtocolServerSideTranslatorPB.submitReadRequestToOM(OzoneManagerProtocolServerSideTranslatorPB.java:226) ~[ozone-manager-1.3.0-SNAPSHOT.jar:?]
	at org.apache.hadoop.ozone.protocolPB.OzoneManagerProtocolServerSideTranslatorPB.processRequest(OzoneManagerProtocolServerSideTranslatorPB.java:175) ~[ozone-manager-1.3.0-SNAPSHOT.jar:?]
	at org.apache.hadoop.hdds.server.OzoneProtocolMessageDispatcher.processRequest(OzoneProtocolMessageDispatcher.java:87) [hdds-server-framework-1.3.0-SNAPSHOT.jar:?]
	at org.apache.hadoop.ozone.protocolPB.OzoneManagerProtocolServerSideTranslatorPB.submitRequest(OzoneManagerProtocolServerSideTranslatorPB.java:147) [ozone-manager-1.3.0-SNAPSHOT.jar:?]
	at org.apache.hadoop.ozone.protocol.proto.OzoneManagerProtocolProtos$OzoneManagerService$2.callBlockingMethod(OzoneManagerProtocolProtos.java) [ozone-interface-client-1.3.0-SNAPSHOT.jar:?]
	at org.apache.hadoop.ipc.ProtobufRpcEngine$Server.processCall(ProtobufRpcEngine.java:466) [hadoop-common-3.3.1.jar:?]
	at org.apache.hadoop.ipc.ProtobufRpcEngine2$Server$ProtoBufRpcInvoker.call(ProtobufRpcEngine2.java:574) [hadoop-common-3.3.1.jar:?]
	at org.apache.hadoop.ipc.ProtobufRpcEngine2$Server$ProtoBufRpcInvoker.call(ProtobufRpcEngine2.java:552) [hadoop-common-3.3.1.jar:?]
	at org.apache.hadoop.ipc.RPC$Server.call(RPC.java:1093) [hadoop-common-3.3.1.jar:?]
	at org.apache.hadoop.ipc.Server$RpcCall.run(Server.java:1035) [hadoop-common-3.3.1.jar:?]
	at org.apache.hadoop.ipc.Server$RpcCall.run(Server.java:963) [hadoop-common-3.3.1.jar:?]
	at java.security.AccessController.doPrivileged(Native Method) ~[?:1.8.0_332]
	at javax.security.auth.Subject.doAs(Subject.java:422) [?:1.8.0_332]
	at org.apache.hadoop.security.UserGroupInformation.doAs(UserGroupInformation.java:1878) [hadoop-common-3.3.1.jar:?]
	at org.apache.hadoop.ipc.Server$Handler.run(Server.java:2966) [hadoop-common-3.3.1.jar:?]
21:05:22.192 [IPC Server handler 6 on default port 38457] ERROR OMAudit - user=runner | ip=127.0.0.1 | op=GET_FILE_STATUS {volume=volume52914, bucket=bucket59948, key=testBatchDelete/parent/childFolder/child1, dataSize=0, replicationConfig=null} | ret=FAILURE
org.apache.hadoop.ozone.om.exceptions.OMException: Unable to get file status: volume: volume52914 bucket: bucket59948 key: testBatchDelete/parent/childFolder/child1
	at org.apache.hadoop.ozone.om.KeyManagerImpl.getOzoneFileStatus(KeyManagerImpl.java:1311) ~[ozone-manager-1.3.0-SNAPSHOT.jar:?]
	at org.apache.hadoop.ozone.om.KeyManagerImpl.getFileStatus(KeyManagerImpl.java:1241) ~[ozone-manager-1.3.0-SNAPSHOT.jar:?]
	at org.apache.hadoop.ozone.om.OzoneManager.getFileStatus(OzoneManager.java:3419) ~[ozone-manager-1.3.0-SNAPSHOT.jar:?]
	at org.apache.hadoop.ozone.protocolPB.OzoneManagerRequestHandler.getOzoneFileStatus(OzoneManagerRequestHandler.java:871) ~[ozone-manager-1.3.0-SNAPSHOT.jar:?]
	at org.apache.hadoop.ozone.protocolPB.OzoneManagerRequestHandler.handleReadRequest(OzoneManagerRequestHandler.java:217) ~[ozone-manager-1.3.0-SNAPSHOT.jar:?]
	at org.apache.hadoop.ozone.protocolPB.OzoneManagerProtocolServerSideTranslatorPB.submitReadRequestToOM(OzoneManagerProtocolServerSideTranslatorPB.java:226) ~[ozone-manager-1.3.0-SNAPSHOT.jar:?]
	at org.apache.hadoop.ozone.protocolPB.OzoneManagerProtocolServerSideTranslatorPB.processRequest(OzoneManagerProtocolServerSideTranslatorPB.java:175) ~[ozone-manager-1.3.0-SNAPSHOT.jar:?]
	at org.apache.hadoop.hdds.server.OzoneProtocolMessageDispatcher.processRequest(OzoneProtocolMessageDispatcher.java:87) [hdds-server-framework-1.3.0-SNAPSHOT.jar:?]
	at org.apache.hadoop.ozone.protocolPB.OzoneManagerProtocolServerSideTranslatorPB.submitRequest(OzoneManagerProtocolServerSideTranslatorPB.java:147) [ozone-manager-1.3.0-SNAPSHOT.jar:?]
	at org.apache.hadoop.ozone.protocol.proto.OzoneManagerProtocolProtos$OzoneManagerService$2.callBlockingMethod(OzoneManagerProtocolProtos.java) [ozone-interface-client-1.3.0-SNAPSHOT.jar:?]
	at org.apache.hadoop.ipc.ProtobufRpcEngine$Server.processCall(ProtobufRpcEngine.java:466) [hadoop-common-3.3.1.jar:?]
	at org.apache.hadoop.ipc.ProtobufRpcEngine2$Server$ProtoBufRpcInvoker.call(ProtobufRpcEngine2.java:574) [hadoop-common-3.3.1.jar:?]
	at org.apache.hadoop.ipc.ProtobufRpcEngine2$Server$ProtoBufRpcInvoker.call(ProtobufRpcEngine2.java:552) [hadoop-common-3.3.1.jar:?]
	at org.apache.hadoop.ipc.RPC$Server.call(RPC.java:1093) [hadoop-common-3.3.1.jar:?]
	at org.apache.hadoop.ipc.Server$RpcCall.run(Server.java:1035) [hadoop-common-3.3.1.jar:?]
	at org.apache.hadoop.ipc.Server$RpcCall.run(Server.java:963) [hadoop-common-3.3.1.jar:?]
	at java.security.AccessController.doPrivileged(Native Method) ~[?:1.8.0_332]
	at javax.security.auth.Subject.doAs(Subject.java:422) [?:1.8.0_332]
	at org.apache.hadoop.security.UserGroupInformation.doAs(UserGroupInformation.java:1878) [hadoop-common-3.3.1.jar:?]
	at org.apache.hadoop.ipc.Server$Handler.run(Server.java:2966) [hadoop-common-3.3.1.jar:?]
21:05:22.193 [IPC Server handler 3 on default port 38457] ERROR OMAudit - user=runner | ip=127.0.0.1 | op=GET_FILE_STATUS {volume=volume52914, bucket=bucket59948, key=testBatchDelete/parent/child2, dataSize=0, replicationConfig=null} | ret=FAILURE
org.apache.hadoop.ozone.om.exceptions.OMException: Unable to get file status: volume: volume52914 bucket: bucket59948 key: testBatchDelete/parent/child2
	at org.apache.hadoop.ozone.om.KeyManagerImpl.getOzoneFileStatus(KeyManagerImpl.java:1311) ~[ozone-manager-1.3.0-SNAPSHOT.jar:?]
	at org.apache.hadoop.ozone.om.KeyManagerImpl.getFileStatus(KeyManagerImpl.java:1241) ~[ozone-manager-1.3.0-SNAPSHOT.jar:?]
	at org.apache.hadoop.ozone.om.OzoneManager.getFileStatus(OzoneManager.java:3419) ~[ozone-manager-1.3.0-SNAPSHOT.jar:?]
	at org.apache.hadoop.ozone.protocolPB.OzoneManagerRequestHandler.getOzoneFileStatus(OzoneManagerRequestHandler.java:871) ~[ozone-manager-1.3.0-SNAPSHOT.jar:?]
	at org.apache.hadoop.ozone.protocolPB.OzoneManagerRequestHandler.handleReadRequest(OzoneManagerRequestHandler.java:217) ~[ozone-manager-1.3.0-SNAPSHOT.jar:?]
	at org.apache.hadoop.ozone.protocolPB.OzoneManagerProtocolServerSideTranslatorPB.submitReadRequestToOM(OzoneManagerProtocolServerSideTranslatorPB.java:226) ~[ozone-manager-1.3.0-SNAPSHOT.jar:?]
	at org.apache.hadoop.ozone.protocolPB.OzoneManagerProtocolServerSideTranslatorPB.processRequest(OzoneManagerProtocolServerSideTranslatorPB.java:175) ~[ozone-manager-1.3.0-SNAPSHOT.jar:?]
	at org.apache.hadoop.hdds.server.OzoneProtocolMessageDispatcher.processRequest(OzoneProtocolMessageDispatcher.java:87) [hdds-server-framework-1.3.0-SNAPSHOT.jar:?]
	at org.apache.hadoop.ozone.protocolPB.OzoneManagerProtocolServerSideTranslatorPB.submitRequest(OzoneManagerProtocolServerSideTranslatorPB.java:147) [ozone-manager-1.3.0-SNAPSHOT.jar:?]
	at org.apache.hadoop.ozone.protocol.proto.OzoneManagerProtocolProtos$OzoneManagerService$2.callBlockingMethod(OzoneManagerProtocolProtos.java) [ozone-interface-client-1.3.0-SNAPSHOT.jar:?]
	at org.apache.hadoop.ipc.ProtobufRpcEngine$Server.processCall(ProtobufRpcEngine.java:466) [hadoop-common-3.3.1.jar:?]
	at org.apache.hadoop.ipc.ProtobufRpcEngine2$Server$ProtoBufRpcInvoker.call(ProtobufRpcEngine2.java:574) [hadoop-common-3.3.1.jar:?]
	at org.apache.hadoop.ipc.ProtobufRpcEngine2$Server$ProtoBufRpcInvoker.call(ProtobufRpcEngine2.java:552) [hadoop-common-3.3.1.jar:?]
	at org.apache.hadoop.ipc.RPC$Server.call(RPC.java:1093) [hadoop-common-3.3.1.jar:?]
	at org.apache.hadoop.ipc.Server$RpcCall.run(Server.java:1035) [hadoop-common-3.3.1.jar:?]
	at org.apache.hadoop.ipc.Server$RpcCall.run(Server.java:963) [hadoop-common-3.3.1.jar:?]
	at java.security.AccessController.doPrivileged(Native Method) ~[?:1.8.0_332]
	at javax.security.auth.Subject.doAs(Subject.java:422) [?:1.8.0_332]
	at org.apache.hadoop.security.UserGroupInformation.doAs(UserGroupInformation.java:1878) [hadoop-common-3.3.1.jar:?]
	at org.apache.hadoop.ipc.Server$Handler.run(Server.java:2966) [hadoop-common-3.3.1.jar:?]
21:05:22.194 [IPC Server handler 4 on default port 38457] ERROR OMAudit - user=runner | ip=127.0.0.1 | op=GET_FILE_STATUS {volume=volume52914, bucket=bucket59948, key=testBatchDelete/parent/childFolder/child2, dataSize=0, replicationConfig=null} | ret=FAILURE
org.apache.hadoop.ozone.om.exceptions.OMException: Unable to get file status: volume: volume52914 bucket: bucket59948 key: testBatchDelete/parent/childFolder/child2
	at org.apache.hadoop.ozone.om.KeyManagerImpl.getOzoneFileStatus(KeyManagerImpl.java:1311) ~[ozone-manager-1.3.0-SNAPSHOT.jar:?]
	at org.apache.hadoop.ozone.om.KeyManagerImpl.getFileStatus(KeyManagerImpl.java:1241) ~[ozone-manager-1.3.0-SNAPSHOT.jar:?]
	at org.apache.hadoop.ozone.om.OzoneManager.getFileStatus(OzoneManager.java:3419) ~[ozone-manager-1.3.0-SNAPSHOT.jar:?]
	at org.apache.hadoop.ozone.protocolPB.OzoneManagerRequestHandler.getOzoneFileStatus(OzoneManagerRequestHandler.java:871) ~[ozone-manager-1.3.0-SNAPSHOT.jar:?]
	at org.apache.hadoop.ozone.protocolPB.OzoneManagerRequestHandler.handleReadRequest(OzoneManagerRequestHandler.java:217) ~[ozone-manager-1.3.0-SNAPSHOT.jar:?]
	at org.apache.hadoop.ozone.protocolPB.OzoneManagerProtocolServerSideTranslatorPB.submitReadRequestToOM(OzoneManagerProtocolServerSideTranslatorPB.java:226) ~[ozone-manager-1.3.0-SNAPSHOT.jar:?]
	at org.apache.hadoop.ozone.protocolPB.OzoneManagerProtocolServerSideTranslatorPB.processRequest(OzoneManagerProtocolServerSideTranslatorPB.java:175) ~[ozone-manager-1.3.0-SNAPSHOT.jar:?]
	at org.apache.hadoop.hdds.server.OzoneProtocolMessageDispatcher.processRequest(OzoneProtocolMessageDispatcher.java:87) [hdds-server-framework-1.3.0-SNAPSHOT.jar:?]
	at org.apache.hadoop.ozone.protocolPB.OzoneManagerProtocolServerSideTranslatorPB.submitRequest(OzoneManagerProtocolServerSideTranslatorPB.java:147) [ozone-manager-1.3.0-SNAPSHOT.jar:?]
	at org.apache.hadoop.ozone.protocol.proto.OzoneManagerProtocolProtos$OzoneManagerService$2.callBlockingMethod(OzoneManagerProtocolProtos.java) [ozone-interface-client-1.3.0-SNAPSHOT.jar:?]
	at org.apache.hadoop.ipc.ProtobufRpcEngine$Server.processCall(ProtobufRpcEngine.java:466) [hadoop-common-3.3.1.jar:?]
	at org.apache.hadoop.ipc.ProtobufRpcEngine2$Server$ProtoBufRpcInvoker.call(ProtobufRpcEngine2.java:574) [hadoop-common-3.3.1.jar:?]
	at org.apache.hadoop.ipc.ProtobufRpcEngine2$Server$ProtoBufRpcInvoker.call(ProtobufRpcEngine2.java:552) [hadoop-common-3.3.1.jar:?]
	at org.apache.hadoop.ipc.RPC$Server.call(RPC.java:1093) [hadoop-common-3.3.1.jar:?]
	at org.apache.hadoop.ipc.Server$RpcCall.run(Server.java:1035) [hadoop-common-3.3.1.jar:?]
	at org.apache.hadoop.ipc.Server$RpcCall.run(Server.java:963) [hadoop-common-3.3.1.jar:?]
	at java.security.AccessController.doPrivileged(Native Method) ~[?:1.8.0_332]
	at javax.security.auth.Subject.doAs(Subject.java:422) [?:1.8.0_332]
	at org.apache.hadoop.security.UserGroupInformation.doAs(UserGroupInformation.java:1878) [hadoop-common-3.3.1.jar:?]
	at org.apache.hadoop.ipc.Server$Handler.run(Server.java:2966) [hadoop-common-3.3.1.jar:?]
21:05:22.195 [IPC Server handler 9 on default port 38457] ERROR OMAudit - user=runner | ip=127.0.0.1 | op=GET_FILE_STATUS {volume=volume52914, bucket=bucket59948, key=testBatchDelete/parent/child3, dataSize=0, replicationConfig=null} | ret=FAILURE
org.apache.hadoop.ozone.om.exceptions.OMException: Unable to get file status: volume: volume52914 bucket: bucket59948 key: testBatchDelete/parent/child3
	at org.apache.hadoop.ozone.om.KeyManagerImpl.getOzoneFileStatus(KeyManagerImpl.java:1311) ~[ozone-manager-1.3.0-SNAPSHOT.jar:?]
	at org.apache.hadoop.ozone.om.KeyManagerImpl.getFileStatus(KeyManagerImpl.java:1241) ~[ozone-manager-1.3.0-SNAPSHOT.jar:?]
	at org.apache.hadoop.ozone.om.OzoneManager.getFileStatus(OzoneManager.java:3419) ~[ozone-manager-1.3.0-SNAPSHOT.jar:?]
	at org.apache.hadoop.ozone.protocolPB.OzoneManagerRequestHandler.getOzoneFileStatus(OzoneManagerRequestHandler.java:871) ~[ozone-manager-1.3.0-SNAPSHOT.jar:?]
	at org.apache.hadoop.ozone.protocolPB.OzoneManagerRequestHandler.handleReadRequest(OzoneManagerRequestHandler.java:217) ~[ozone-manager-1.3.0-SNAPSHOT.jar:?]
	at org.apache.hadoop.ozone.protocolPB.OzoneManagerProtocolServerSideTranslatorPB.submitReadRequestToOM(OzoneManagerProtocolServerSideTranslatorPB.java:226) ~[ozone-manager-1.3.0-SNAPSHOT.jar:?]
	at org.apache.hadoop.ozone.protocolPB.OzoneManagerProtocolServerSideTranslatorPB.processRequest(OzoneManagerProtocolServerSideTranslatorPB.java:175) ~[ozone-manager-1.3.0-SNAPSHOT.jar:?]
	at org.apache.hadoop.hdds.server.OzoneProtocolMessageDispatcher.processRequest(OzoneProtocolMessageDispatcher.java:87) [hdds-server-framework-1.3.0-SNAPSHOT.jar:?]
	at org.apache.hadoop.ozone.protocolPB.OzoneManagerProtocolServerSideTranslatorPB.submitRequest(OzoneManagerProtocolServerSideTranslatorPB.java:147) [ozone-manager-1.3.0-SNAPSHOT.jar:?]
	at org.apache.hadoop.ozone.protocol.proto.OzoneManagerProtocolProtos$OzoneManagerService$2.callBlockingMethod(OzoneManagerProtocolProtos.java) [ozone-interface-client-1.3.0-SNAPSHOT.jar:?]
	at org.apache.hadoop.ipc.ProtobufRpcEngine$Server.processCall(ProtobufRpcEngine.java:466) [hadoop-common-3.3.1.jar:?]
	at org.apache.hadoop.ipc.ProtobufRpcEngine2$Server$ProtoBufRpcInvoker.call(ProtobufRpcEngine2.java:574) [hadoop-common-3.3.1.jar:?]
	at org.apache.hadoop.ipc.ProtobufRpcEngine2$Server$ProtoBufRpcInvoker.call(ProtobufRpcEngine2.java:552) [hadoop-common-3.3.1.jar:?]
	at org.apache.hadoop.ipc.RPC$Server.call(RPC.java:1093) [hadoop-common-3.3.1.jar:?]
	at org.apache.hadoop.ipc.Server$RpcCall.run(Server.java:1035) [hadoop-common-3.3.1.jar:?]
	at org.apache.hadoop.ipc.Server$RpcCall.run(Server.java:963) [hadoop-common-3.3.1.jar:?]
	at java.security.AccessController.doPrivileged(Native Method) ~[?:1.8.0_332]
	at javax.security.auth.Subject.doAs(Subject.java:422) [?:1.8.0_332]
	at org.apache.hadoop.security.UserGroupInformation.doAs(UserGroupInformation.java:1878) [hadoop-common-3.3.1.jar:?]
	at org.apache.hadoop.ipc.Server$Handler.run(Server.java:2966) [hadoop-common-3.3.1.jar:?]
21:05:22.196 [IPC Server handler 10 on default port 38457] ERROR OMAudit - user=runner | ip=127.0.0.1 | op=GET_FILE_STATUS {volume=volume52914, bucket=bucket59948, key=testBatchDelete/parent/childFolder/child3, dataSize=0, replicationConfig=null} | ret=FAILURE
org.apache.hadoop.ozone.om.exceptions.OMException: Unable to get file status: volume: volume52914 bucket: bucket59948 key: testBatchDelete/parent/childFolder/child3
	at org.apache.hadoop.ozone.om.KeyManagerImpl.getOzoneFileStatus(KeyManagerImpl.java:1311) ~[ozone-manager-1.3.0-SNAPSHOT.jar:?]
	at org.apache.hadoop.ozone.om.KeyManagerImpl.getFileStatus(KeyManagerImpl.java:1241) ~[ozone-manager-1.3.0-SNAPSHOT.jar:?]
	at org.apache.hadoop.ozone.om.OzoneManager.getFileStatus(OzoneManager.java:3419) ~[ozone-manager-1.3.0-SNAPSHOT.jar:?]
	at org.apache.hadoop.ozone.protocolPB.OzoneManagerRequestHandler.getOzoneFileStatus(OzoneManagerRequestHandler.java:871) ~[ozone-manager-1.3.0-SNAPSHOT.jar:?]
	at org.apache.hadoop.ozone.protocolPB.OzoneManagerRequestHandler.handleReadRequest(OzoneManagerRequestHandler.java:217) ~[ozone-manager-1.3.0-SNAPSHOT.jar:?]
	at org.apache.hadoop.ozone.protocolPB.OzoneManagerProtocolServerSideTranslatorPB.submitReadRequestToOM(OzoneManagerProtocolServerSideTranslatorPB.java:226) ~[ozone-manager-1.3.0-SNAPSHOT.jar:?]
	at org.apache.hadoop.ozone.protocolPB.OzoneManagerProtocolServerSideTranslatorPB.processRequest(OzoneManagerProtocolServerSideTranslatorPB.java:175) ~[ozone-manager-1.3.0-SNAPSHOT.jar:?]
	at org.apache.hadoop.hdds.server.OzoneProtocolMessageDispatcher.processRequest(OzoneProtocolMessageDispatcher.java:87) [hdds-server-framework-1.3.0-SNAPSHOT.jar:?]
	at org.apache.hadoop.ozone.protocolPB.OzoneManagerProtocolServerSideTranslatorPB.submitRequest(OzoneManagerProtocolServerSideTranslatorPB.java:147) [ozone-manager-1.3.0-SNAPSHOT.jar:?]
	at org.apache.hadoop.ozone.protocol.proto.OzoneManagerProtocolProtos$OzoneManagerService$2.callBlockingMethod(OzoneManagerProtocolProtos.java) [ozone-interface-client-1.3.0-SNAPSHOT.jar:?]
	at org.apache.hadoop.ipc.ProtobufRpcEngine$Server.processCall(ProtobufRpcEngine.java:466) [hadoop-common-3.3.1.jar:?]
	at org.apache.hadoop.ipc.ProtobufRpcEngine2$Server$ProtoBufRpcInvoker.call(ProtobufRpcEngine2.java:574) [hadoop-common-3.3.1.jar:?]
	at org.apache.hadoop.ipc.ProtobufRpcEngine2$Server$ProtoBufRpcInvoker.call(ProtobufRpcEngine2.java:552) [hadoop-common-3.3.1.jar:?]
	at org.apache.hadoop.ipc.RPC$Server.call(RPC.java:1093) [hadoop-common-3.3.1.jar:?]
	at org.apache.hadoop.ipc.Server$RpcCall.run(Server.java:1035) [hadoop-common-3.3.1.jar:?]
	at org.apache.hadoop.ipc.Server$RpcCall.run(Server.java:963) [hadoop-common-3.3.1.jar:?]
	at java.security.AccessController.doPrivileged(Native Method) ~[?:1.8.0_332]
	at javax.security.auth.Subject.doAs(Subject.java:422) [?:1.8.0_332]
	at org.apache.hadoop.security.UserGroupInformation.doAs(UserGroupInformation.java:1878) [hadoop-common-3.3.1.jar:?]
	at org.apache.hadoop.ipc.Server$Handler.run(Server.java:2966) [hadoop-common-3.3.1.jar:?]
21:05:22.197 [IPC Server handler 16 on default port 38457] ERROR OMAudit - user=runner | ip=127.0.0.1 | op=GET_FILE_STATUS {volume=volume52914, bucket=bucket59948, key=testBatchDelete/parent/child4, dataSize=0, replicationConfig=null} | ret=FAILURE
org.apache.hadoop.ozone.om.exceptions.OMException: Unable to get file status: volume: volume52914 bucket: bucket59948 key: testBatchDelete/parent/child4
	at org.apache.hadoop.ozone.om.KeyManagerImpl.getOzoneFileStatus(KeyManagerImpl.java:1311) ~[ozone-manager-1.3.0-SNAPSHOT.jar:?]
	at org.apache.hadoop.ozone.om.KeyManagerImpl.getFileStatus(KeyManagerImpl.java:1241) ~[ozone-manager-1.3.0-SNAPSHOT.jar:?]
	at org.apache.hadoop.ozone.om.OzoneManager.getFileStatus(OzoneManager.java:3419) ~[ozone-manager-1.3.0-SNAPSHOT.jar:?]
	at org.apache.hadoop.ozone.protocolPB.OzoneManagerRequestHandler.getOzoneFileStatus(OzoneManagerRequestHandler.java:871) ~[ozone-manager-1.3.0-SNAPSHOT.jar:?]
	at org.apache.hadoop.ozone.protocolPB.OzoneManagerRequestHandler.handleReadRequest(OzoneManagerRequestHandler.java:217) ~[ozone-manager-1.3.0-SNAPSHOT.jar:?]
	at org.apache.hadoop.ozone.protocolPB.OzoneManagerProtocolServerSideTranslatorPB.submitReadRequestToOM(OzoneManagerProtocolServerSideTranslatorPB.java:226) ~[ozone-manager-1.3.0-SNAPSHOT.jar:?]
	at org.apache.hadoop.ozone.protocolPB.OzoneManagerProtocolServerSideTranslatorPB.processRequest(OzoneManagerProtocolServerSideTranslatorPB.java:175) ~[ozone-manager-1.3.0-SNAPSHOT.jar:?]
	at org.apache.hadoop.hdds.server.OzoneProtocolMessageDispatcher.processRequest(OzoneProtocolMessageDispatcher.java:87) [hdds-server-framework-1.3.0-SNAPSHOT.jar:?]
	at org.apache.hadoop.ozone.protocolPB.OzoneManagerProtocolServerSideTranslatorPB.submitRequest(OzoneManagerProtocolServerSideTranslatorPB.java:147) [ozone-manager-1.3.0-SNAPSHOT.jar:?]
	at org.apache.hadoop.ozone.protocol.proto.OzoneManagerProtocolProtos$OzoneManagerService$2.callBlockingMethod(OzoneManagerProtocolProtos.java) [ozone-interface-client-1.3.0-SNAPSHOT.jar:?]
	at org.apache.hadoop.ipc.ProtobufRpcEngine$Server.processCall(ProtobufRpcEngine.java:466) [hadoop-common-3.3.1.jar:?]
	at org.apache.hadoop.ipc.ProtobufRpcEngine2$Server$ProtoBufRpcInvoker.call(ProtobufRpcEngine2.java:574) [hadoop-common-3.3.1.jar:?]
	at org.apache.hadoop.ipc.ProtobufRpcEngine2$Server$ProtoBufRpcInvoker.call(ProtobufRpcEngine2.java:552) [hadoop-common-3.3.1.jar:?]
	at org.apache.hadoop.ipc.RPC$Server.call(RPC.java:1093) [hadoop-common-3.3.1.jar:?]
	at org.apache.hadoop.ipc.Server$RpcCall.run(Server.java:1035) [hadoop-common-3.3.1.jar:?]
	at org.apache.hadoop.ipc.Server$RpcCall.run(Server.java:963) [hadoop-common-3.3.1.jar:?]
	at java.security.AccessController.doPrivileged(Native Method) ~[?:1.8.0_332]
	at javax.security.auth.Subject.doAs(Subject.java:422) [?:1.8.0_332]
	at org.apache.hadoop.security.UserGroupInformation.doAs(UserGroupInformation.java:1878) [hadoop-common-3.3.1.jar:?]
	at org.apache.hadoop.ipc.Server$Handler.run(Server.java:2966) [hadoop-common-3.3.1.jar:?]
21:05:22.198 [IPC Server handler 18 on default port 38457] ERROR OMAudit - user=runner | ip=127.0.0.1 | op=GET_FILE_STATUS {volume=volume52914, bucket=bucket59948, key=testBatchDelete/parent/childFolder/child4, dataSize=0, replicationConfig=null} | ret=FAILURE
org.apache.hadoop.ozone.om.exceptions.OMException: Unable to get file status: volume: volume52914 bucket: bucket59948 key: testBatchDelete/parent/childFolder/child4
	at org.apache.hadoop.ozone.om.KeyManagerImpl.getOzoneFileStatus(KeyManagerImpl.java:1311) ~[ozone-manager-1.3.0-SNAPSHOT.jar:?]
	at org.apache.hadoop.ozone.om.KeyManagerImpl.getFileStatus(KeyManagerImpl.java:1241) ~[ozone-manager-1.3.0-SNAPSHOT.jar:?]
	at org.apache.hadoop.ozone.om.OzoneManager.getFileStatus(OzoneManager.java:3419) ~[ozone-manager-1.3.0-SNAPSHOT.jar:?]
	at org.apache.hadoop.ozone.protocolPB.OzoneManagerRequestHandler.getOzoneFileStatus(OzoneManagerRequestHandler.java:871) ~[ozone-manager-1.3.0-SNAPSHOT.jar:?]
	at org.apache.hadoop.ozone.protocolPB.OzoneManagerRequestHandler.handleReadRequest(OzoneManagerRequestHandler.java:217) ~[ozone-manager-1.3.0-SNAPSHOT.jar:?]
	at org.apache.hadoop.ozone.protocolPB.OzoneManagerProtocolServerSideTranslatorPB.submitReadRequestToOM(OzoneManagerProtocolServerSideTranslatorPB.java:226) ~[ozone-manager-1.3.0-SNAPSHOT.jar:?]
	at org.apache.hadoop.ozone.protocolPB.OzoneManagerProtocolServerSideTranslatorPB.processRequest(OzoneManagerProtocolServerSideTranslatorPB.java:175) ~[ozone-manager-1.3.0-SNAPSHOT.jar:?]
	at org.apache.hadoop.hdds.server.OzoneProtocolMessageDispatcher.processRequest(OzoneProtocolMessageDispatcher.java:87) [hdds-server-framework-1.3.0-SNAPSHOT.jar:?]
	at org.apache.hadoop.ozone.protocolPB.OzoneManagerProtocolServerSideTranslatorPB.submitRequest(OzoneManagerProtocolServerSideTranslatorPB.java:147) [ozone-manager-1.3.0-SNAPSHOT.jar:?]
	at org.apache.hadoop.ozone.protocol.proto.OzoneManagerProtocolProtos$OzoneManagerService$2.callBlockingMethod(OzoneManagerProtocolProtos.java) [ozone-interface-client-1.3.0-SNAPSHOT.jar:?]
	at org.apache.hadoop.ipc.ProtobufRpcEngine$Server.processCall(ProtobufRpcEngine.java:466) [hadoop-common-3.3.1.jar:?]
	at org.apache.hadoop.ipc.ProtobufRpcEngine2$Server$ProtoBufRpcInvoker.call(ProtobufRpcEngine2.java:574) [hadoop-common-3.3.1.jar:?]
	at org.apache.hadoop.ipc.ProtobufRpcEngine2$Server$ProtoBufRpcInvoker.call(ProtobufRpcEngine2.java:552) [hadoop-common-3.3.1.jar:?]
	at org.apache.hadoop.ipc.RPC$Server.call(RPC.java:1093) [hadoop-common-3.3.1.jar:?]
	at org.apache.hadoop.ipc.Server$RpcCall.run(Server.java:1035) [hadoop-common-3.3.1.jar:?]
	at org.apache.hadoop.ipc.Server$RpcCall.run(Server.java:963) [hadoop-common-3.3.1.jar:?]
	at java.security.AccessController.doPrivileged(Native Method) ~[?:1.8.0_332]
	at javax.security.auth.Subject.doAs(Subject.java:422) [?:1.8.0_332]
	at org.apache.hadoop.security.UserGroupInformation.doAs(UserGroupInformation.java:1878) [hadoop-common-3.3.1.jar:?]
	at org.apache.hadoop.ipc.Server$Handler.run(Server.java:2966) [hadoop-common-3.3.1.jar:?]
21:05:22.199 [IPC Server handler 17 on default port 38457] ERROR OMAudit - user=runner | ip=127.0.0.1 | op=GET_FILE_STATUS {volume=volume52914, bucket=bucket59948, key=testBatchDelete/parent/child5, dataSize=0, replicationConfig=null} | ret=FAILURE
org.apache.hadoop.ozone.om.exceptions.OMException: Unable to get file status: volume: volume52914 bucket: bucket59948 key: testBatchDelete/parent/child5
	at org.apache.hadoop.ozone.om.KeyManagerImpl.getOzoneFileStatus(KeyManagerImpl.java:1311) ~[ozone-manager-1.3.0-SNAPSHOT.jar:?]
	at org.apache.hadoop.ozone.om.KeyManagerImpl.getFileStatus(KeyManagerImpl.java:1241) ~[ozone-manager-1.3.0-SNAPSHOT.jar:?]
	at org.apache.hadoop.ozone.om.OzoneManager.getFileStatus(OzoneManager.java:3419) ~[ozone-manager-1.3.0-SNAPSHOT.jar:?]
	at org.apache.hadoop.ozone.protocolPB.OzoneManagerRequestHandler.getOzoneFileStatus(OzoneManagerRequestHandler.java:871) ~[ozone-manager-1.3.0-SNAPSHOT.jar:?]
	at org.apache.hadoop.ozone.protocolPB.OzoneManagerRequestHandler.handleReadRequest(OzoneManagerRequestHandler.java:217) ~[ozone-manager-1.3.0-SNAPSHOT.jar:?]
	at org.apache.hadoop.ozone.protocolPB.OzoneManagerProtocolServerSideTranslatorPB.submitReadRequestToOM(OzoneManagerProtocolServerSideTranslatorPB.java:226) ~[ozone-manager-1.3.0-SNAPSHOT.jar:?]
	at org.apache.hadoop.ozone.protocolPB.OzoneManagerProtocolServerSideTranslatorPB.processRequest(OzoneManagerProtocolServerSideTranslatorPB.java:175) ~[ozone-manager-1.3.0-SNAPSHOT.jar:?]
	at org.apache.hadoop.hdds.server.OzoneProtocolMessageDispatcher.processRequest(OzoneProtocolMessageDispatcher.java:87) [hdds-server-framework-1.3.0-SNAPSHOT.jar:?]
	at org.apache.hadoop.ozone.protocolPB.OzoneManagerProtocolServerSideTranslatorPB.submitRequest(OzoneManagerProtocolServerSideTranslatorPB.java:147) [ozone-manager-1.3.0-SNAPSHOT.jar:?]
	at org.apache.hadoop.ozone.protocol.proto.OzoneManagerProtocolProtos$OzoneManagerService$2.callBlockingMethod(OzoneManagerProtocolProtos.java) [ozone-interface-client-1.3.0-SNAPSHOT.jar:?]
	at org.apache.hadoop.ipc.ProtobufRpcEngine$Server.processCall(ProtobufRpcEngine.java:466) [hadoop-common-3.3.1.jar:?]
	at org.apache.hadoop.ipc.ProtobufRpcEngine2$Server$ProtoBufRpcInvoker.call(ProtobufRpcEngine2.java:574) [hadoop-common-3.3.1.jar:?]
	at org.apache.hadoop.ipc.ProtobufRpcEngine2$Server$ProtoBufRpcInvoker.call(ProtobufRpcEngine2.java:552) [hadoop-common-3.3.1.jar:?]
	at org.apache.hadoop.ipc.RPC$Server.call(RPC.java:1093) [hadoop-common-3.3.1.jar:?]
	at org.apache.hadoop.ipc.Server$RpcCall.run(Server.java:1035) [hadoop-common-3.3.1.jar:?]
	at org.apache.hadoop.ipc.Server$RpcCall.run(Server.java:963) [hadoop-common-3.3.1.jar:?]
	at java.security.AccessController.doPrivileged(Native Method) ~[?:1.8.0_332]
	at javax.security.auth.Subject.doAs(Subject.java:422) [?:1.8.0_332]
	at org.apache.hadoop.security.UserGroupInformation.doAs(UserGroupInformation.java:1878) [hadoop-common-3.3.1.jar:?]
	at org.apache.hadoop.ipc.Server$Handler.run(Server.java:2966) [hadoop-common-3.3.1.jar:?]
21:05:22.200 [IPC Server handler 12 on default port 38457] ERROR OMAudit - user=runner | ip=127.0.0.1 | op=GET_FILE_STATUS {volume=volume52914, bucket=bucket59948, key=testBatchDelete/parent/childFolder/child5, dataSize=0, replicationConfig=null} | ret=FAILURE
org.apache.hadoop.ozone.om.exceptions.OMException: Unable to get file status: volume: volume52914 bucket: bucket59948 key: testBatchDelete/parent/childFolder/child5
	at org.apache.hadoop.ozone.om.KeyManagerImpl.getOzoneFileStatus(KeyManagerImpl.java:1311) ~[ozone-manager-1.3.0-SNAPSHOT.jar:?]
	at org.apache.hadoop.ozone.om.KeyManagerImpl.getFileStatus(KeyManagerImpl.java:1241) ~[ozone-manager-1.3.0-SNAPSHOT.jar:?]
	at org.apache.hadoop.ozone.om.OzoneManager.getFileStatus(OzoneManager.java:3419) ~[ozone-manager-1.3.0-SNAPSHOT.jar:?]
	at org.apache.hadoop.ozone.protocolPB.OzoneManagerRequestHandler.getOzoneFileStatus(OzoneManagerRequestHandler.java:871) ~[ozone-manager-1.3.0-SNAPSHOT.jar:?]
	at org.apache.hadoop.ozone.protocolPB.OzoneManagerRequestHandler.handleReadRequest(OzoneManagerRequestHandler.java:217) ~[ozone-manager-1.3.0-SNAPSHOT.jar:?]
	at org.apache.hadoop.ozone.protocolPB.OzoneManagerProtocolServerSideTranslatorPB.submitReadRequestToOM(OzoneManagerProtocolServerSideTranslatorPB.java:226) ~[ozone-manager-1.3.0-SNAPSHOT.jar:?]
	at org.apache.hadoop.ozone.protocolPB.OzoneManagerProtocolServerSideTranslatorPB.processRequest(OzoneManagerProtocolServerSideTranslatorPB.java:175) ~[ozone-manager-1.3.0-SNAPSHOT.jar:?]
	at org.apache.hadoop.hdds.server.OzoneProtocolMessageDispatcher.processRequest(OzoneProtocolMessageDispatcher.java:87) [hdds-server-framework-1.3.0-SNAPSHOT.jar:?]
	at org.apache.hadoop.ozone.protocolPB.OzoneManagerProtocolServerSideTranslatorPB.submitRequest(OzoneManagerProtocolServerSideTranslatorPB.java:147) [ozone-manager-1.3.0-SNAPSHOT.jar:?]
	at org.apache.hadoop.ozone.protocol.proto.OzoneManagerProtocolProtos$OzoneManagerService$2.callBlockingMethod(OzoneManagerProtocolProtos.java) [ozone-interface-client-1.3.0-SNAPSHOT.jar:?]
	at org.apache.hadoop.ipc.ProtobufRpcEngine$Server.processCall(ProtobufRpcEngine.java:466) [hadoop-common-3.3.1.jar:?]
	at org.apache.hadoop.ipc.ProtobufRpcEngine2$Server$ProtoBufRpcInvoker.call(ProtobufRpcEngine2.java:574) [hadoop-common-3.3.1.jar:?]
	at org.apache.hadoop.ipc.ProtobufRpcEngine2$Server$ProtoBufRpcInvoker.call(ProtobufRpcEngine2.java:552) [hadoop-common-3.3.1.jar:?]
	at org.apache.hadoop.ipc.RPC$Server.call(RPC.java:1093) [hadoop-common-3.3.1.jar:?]
	at org.apache.hadoop.ipc.Server$RpcCall.run(Server.java:1035) [hadoop-common-3.3.1.jar:?]
	at org.apache.hadoop.ipc.Server$RpcCall.run(Server.java:963) [hadoop-common-3.3.1.jar:?]
	at java.security.AccessController.doPrivileged(Native Method) ~[?:1.8.0_332]
	at javax.security.auth.Subject.doAs(Subject.java:422) [?:1.8.0_332]
	at org.apache.hadoop.security.UserGroupInformation.doAs(UserGroupInformation.java:1878) [hadoop-common-3.3.1.jar:?]
	at org.apache.hadoop.ipc.Server$Handler.run(Server.java:2966) [hadoop-common-3.3.1.jar:?]
21:05:22.201 [IPC Server handler 0 on default port 38457] ERROR OMAudit - user=runner | ip=127.0.0.1 | op=GET_FILE_STATUS {volume=volume52914, bucket=bucket59948, key=testBatchDelete/parent/child6, dataSize=0, replicationConfig=null} | ret=FAILURE
org.apache.hadoop.ozone.om.exceptions.OMException: Unable to get file status: volume: volume52914 bucket: bucket59948 key: testBatchDelete/parent/child6
	at org.apache.hadoop.ozone.om.KeyManagerImpl.getOzoneFileStatus(KeyManagerImpl.java:1311) ~[ozone-manager-1.3.0-SNAPSHOT.jar:?]
	at org.apache.hadoop.ozone.om.KeyManagerImpl.getFileStatus(KeyManagerImpl.java:1241) ~[ozone-manager-1.3.0-SNAPSHOT.jar:?]
	at org.apache.hadoop.ozone.om.OzoneManager.getFileStatus(OzoneManager.java:3419) ~[ozone-manager-1.3.0-SNAPSHOT.jar:?]
	at org.apache.hadoop.ozone.protocolPB.OzoneManagerRequestHandler.getOzoneFileStatus(OzoneManagerRequestHandler.java:871) ~[ozone-manager-1.3.0-SNAPSHOT.jar:?]
	at org.apache.hadoop.ozone.protocolPB.OzoneManagerRequestHandler.handleReadRequest(OzoneManagerRequestHandler.java:217) ~[ozone-manager-1.3.0-SNAPSHOT.jar:?]
	at org.apache.hadoop.ozone.protocolPB.OzoneManagerProtocolServerSideTranslatorPB.submitReadRequestToOM(OzoneManagerProtocolServerSideTranslatorPB.java:226) ~[ozone-manager-1.3.0-SNAPSHOT.jar:?]
	at org.apache.hadoop.ozone.protocolPB.OzoneManagerProtocolServerSideTranslatorPB.processRequest(OzoneManagerProtocolServerSideTranslatorPB.java:175) ~[ozone-manager-1.3.0-SNAPSHOT.jar:?]
	at org.apache.hadoop.hdds.server.OzoneProtocolMessageDispatcher.processRequest(OzoneProtocolMessageDispatcher.java:87) [hdds-server-framework-1.3.0-SNAPSHOT.jar:?]
	at org.apache.hadoop.ozone.protocolPB.OzoneManagerProtocolServerSideTranslatorPB.submitRequest(OzoneManagerProtocolServerSideTranslatorPB.java:147) [ozone-manager-1.3.0-SNAPSHOT.jar:?]
	at org.apache.hadoop.ozone.protocol.proto.OzoneManagerProtocolProtos$OzoneManagerService$2.callBlockingMethod(OzoneManagerProtocolProtos.java) [ozone-interface-client-1.3.0-SNAPSHOT.jar:?]
	at org.apache.hadoop.ipc.ProtobufRpcEngine$Server.processCall(ProtobufRpcEngine.java:466) [hadoop-common-3.3.1.jar:?]
	at org.apache.hadoop.ipc.ProtobufRpcEngine2$Server$ProtoBufRpcInvoker.call(ProtobufRpcEngine2.java:574) [hadoop-common-3.3.1.jar:?]
	at org.apache.hadoop.ipc.ProtobufRpcEngine2$Server$ProtoBufRpcInvoker.call(ProtobufRpcEngine2.java:552) [hadoop-common-3.3.1.jar:?]
	at org.apache.hadoop.ipc.RPC$Server.call(RPC.java:1093) [hadoop-common-3.3.1.jar:?]
	at org.apache.hadoop.ipc.Server$RpcCall.run(Server.java:1035) [hadoop-common-3.3.1.jar:?]
	at org.apache.hadoop.ipc.Server$RpcCall.run(Server.java:963) [hadoop-common-3.3.1.jar:?]
	at java.security.AccessController.doPrivileged(Native Method) ~[?:1.8.0_332]
	at javax.security.auth.Subject.doAs(Subject.java:422) [?:1.8.0_332]
	at org.apache.hadoop.security.UserGroupInformation.doAs(UserGroupInformation.java:1878) [hadoop-common-3.3.1.jar:?]
	at org.apache.hadoop.ipc.Server$Handler.run(Server.java:2966) [hadoop-common-3.3.1.jar:?]
21:05:22.202 [IPC Server handler 6 on default port 38457] ERROR OMAudit - user=runner | ip=127.0.0.1 | op=GET_FILE_STATUS {volume=volume52914, bucket=bucket59948, key=testBatchDelete/parent/childFolder/child6, dataSize=0, replicationConfig=null} | ret=FAILURE
org.apache.hadoop.ozone.om.exceptions.OMException: Unable to get file status: volume: volume52914 bucket: bucket59948 key: testBatchDelete/parent/childFolder/child6
	at org.apache.hadoop.ozone.om.KeyManagerImpl.getOzoneFileStatus(KeyManagerImpl.java:1311) ~[ozone-manager-1.3.0-SNAPSHOT.jar:?]
	at org.apache.hadoop.ozone.om.KeyManagerImpl.getFileStatus(KeyManagerImpl.java:1241) ~[ozone-manager-1.3.0-SNAPSHOT.jar:?]
	at org.apache.hadoop.ozone.om.OzoneManager.getFileStatus(OzoneManager.java:3419) ~[ozone-manager-1.3.0-SNAPSHOT.jar:?]
	at org.apache.hadoop.ozone.protocolPB.OzoneManagerRequestHandler.getOzoneFileStatus(OzoneManagerRequestHandler.java:871) ~[ozone-manager-1.3.0-SNAPSHOT.jar:?]
	at org.apache.hadoop.ozone.protocolPB.OzoneManagerRequestHandler.handleReadRequest(OzoneManagerRequestHandler.java:217) ~[ozone-manager-1.3.0-SNAPSHOT.jar:?]
	at org.apache.hadoop.ozone.protocolPB.OzoneManagerProtocolServerSideTranslatorPB.submitReadRequestToOM(OzoneManagerProtocolServerSideTranslatorPB.java:226) ~[ozone-manager-1.3.0-SNAPSHOT.jar:?]
	at org.apache.hadoop.ozone.protocolPB.OzoneManagerProtocolServerSideTranslatorPB.processRequest(OzoneManagerProtocolServerSideTranslatorPB.java:175) ~[ozone-manager-1.3.0-SNAPSHOT.jar:?]
	at org.apache.hadoop.hdds.server.OzoneProtocolMessageDispatcher.processRequest(OzoneProtocolMessageDispatcher.java:87) [hdds-server-framework-1.3.0-SNAPSHOT.jar:?]
	at org.apache.hadoop.ozone.protocolPB.OzoneManagerProtocolServerSideTranslatorPB.submitRequest(OzoneManagerProtocolServerSideTranslatorPB.java:147) [ozone-manager-1.3.0-SNAPSHOT.jar:?]
	at org.apache.hadoop.ozone.protocol.proto.OzoneManagerProtocolProtos$OzoneManagerService$2.callBlockingMethod(OzoneManagerProtocolProtos.java) [ozone-interface-client-1.3.0-SNAPSHOT.jar:?]
	at org.apache.hadoop.ipc.ProtobufRpcEngine$Server.processCall(ProtobufRpcEngine.java:466) [hadoop-common-3.3.1.jar:?]
	at org.apache.hadoop.ipc.ProtobufRpcEngine2$Server$ProtoBufRpcInvoker.call(ProtobufRpcEngine2.java:574) [hadoop-common-3.3.1.jar:?]
	at org.apache.hadoop.ipc.ProtobufRpcEngine2$Server$ProtoBufRpcInvoker.call(ProtobufRpcEngine2.java:552) [hadoop-common-3.3.1.jar:?]
	at org.apache.hadoop.ipc.RPC$Server.call(RPC.java:1093) [hadoop-common-3.3.1.jar:?]
	at org.apache.hadoop.ipc.Server$RpcCall.run(Server.java:1035) [hadoop-common-3.3.1.jar:?]
	at org.apache.hadoop.ipc.Server$RpcCall.run(Server.java:963) [hadoop-common-3.3.1.jar:?]
	at java.security.AccessController.doPrivileged(Native Method) ~[?:1.8.0_332]
	at javax.security.auth.Subject.doAs(Subject.java:422) [?:1.8.0_332]
	at org.apache.hadoop.security.UserGroupInformation.doAs(UserGroupInformation.java:1878) [hadoop-common-3.3.1.jar:?]
	at org.apache.hadoop.ipc.Server$Handler.run(Server.java:2966) [hadoop-common-3.3.1.jar:?]
21:05:22.203 [IPC Server handler 3 on default port 38457] ERROR OMAudit - user=runner | ip=127.0.0.1 | op=GET_FILE_STATUS {volume=volume52914, bucket=bucket59948, key=testBatchDelete/parent/child7, dataSize=0, replicationConfig=null} | ret=FAILURE
org.apache.hadoop.ozone.om.exceptions.OMException: Unable to get file status: volume: volume52914 bucket: bucket59948 key: testBatchDelete/parent/child7
	at org.apache.hadoop.ozone.om.KeyManagerImpl.getOzoneFileStatus(KeyManagerImpl.java:1311) ~[ozone-manager-1.3.0-SNAPSHOT.jar:?]
	at org.apache.hadoop.ozone.om.KeyManagerImpl.getFileStatus(KeyManagerImpl.java:1241) ~[ozone-manager-1.3.0-SNAPSHOT.jar:?]
	at org.apache.hadoop.ozone.om.OzoneManager.getFileStatus(OzoneManager.java:3419) ~[ozone-manager-1.3.0-SNAPSHOT.jar:?]
	at org.apache.hadoop.ozone.protocolPB.OzoneManagerRequestHandler.getOzoneFileStatus(OzoneManagerRequestHandler.java:871) ~[ozone-manager-1.3.0-SNAPSHOT.jar:?]
	at org.apache.hadoop.ozone.protocolPB.OzoneManagerRequestHandler.handleReadRequest(OzoneManagerRequestHandler.java:217) ~[ozone-manager-1.3.0-SNAPSHOT.jar:?]
	at org.apache.hadoop.ozone.protocolPB.OzoneManagerProtocolServerSideTranslatorPB.submitReadRequestToOM(OzoneManagerProtocolServerSideTranslatorPB.java:226) ~[ozone-manager-1.3.0-SNAPSHOT.jar:?]
	at org.apache.hadoop.ozone.protocolPB.OzoneManagerProtocolServerSideTranslatorPB.processRequest(OzoneManagerProtocolServerSideTranslatorPB.java:175) ~[ozone-manager-1.3.0-SNAPSHOT.jar:?]
	at org.apache.hadoop.hdds.server.OzoneProtocolMessageDispatcher.processRequest(OzoneProtocolMessageDispatcher.java:87) [hdds-server-framework-1.3.0-SNAPSHOT.jar:?]
	at org.apache.hadoop.ozone.protocolPB.OzoneManagerProtocolServerSideTranslatorPB.submitRequest(OzoneManagerProtocolServerSideTranslatorPB.java:147) [ozone-manager-1.3.0-SNAPSHOT.jar:?]
	at org.apache.hadoop.ozone.protocol.proto.OzoneManagerProtocolProtos$OzoneManagerService$2.callBlockingMethod(OzoneManagerProtocolProtos.java) [ozone-interface-client-1.3.0-SNAPSHOT.jar:?]
	at org.apache.hadoop.ipc.ProtobufRpcEngine$Server.processCall(ProtobufRpcEngine.java:466) [hadoop-common-3.3.1.jar:?]
	at org.apache.hadoop.ipc.ProtobufRpcEngine2$Server$ProtoBufRpcInvoker.call(ProtobufRpcEngine2.java:574) [hadoop-common-3.3.1.jar:?]
	at org.apache.hadoop.ipc.ProtobufRpcEngine2$Server$ProtoBufRpcInvoker.call(ProtobufRpcEngine2.java:552) [hadoop-common-3.3.1.jar:?]
	at org.apache.hadoop.ipc.RPC$Server.call(RPC.java:1093) [hadoop-common-3.3.1.jar:?]
	at org.apache.hadoop.ipc.Server$RpcCall.run(Server.java:1035) [hadoop-common-3.3.1.jar:?]
	at org.apache.hadoop.ipc.Server$RpcCall.run(Server.java:963) [hadoop-common-3.3.1.jar:?]
	at java.security.AccessController.doPrivileged(Native Method) ~[?:1.8.0_332]
	at javax.security.auth.Subject.doAs(Subject.java:422) [?:1.8.0_332]
	at org.apache.hadoop.security.UserGroupInformation.doAs(UserGroupInformation.java:1878) [hadoop-common-3.3.1.jar:?]
	at org.apache.hadoop.ipc.Server$Handler.run(Server.java:2966) [hadoop-common-3.3.1.jar:?]
21:05:22.205 [IPC Server handler 4 on default port 38457] ERROR OMAudit - user=runner | ip=127.0.0.1 | op=GET_FILE_STATUS {volume=volume52914, bucket=bucket59948, key=testBatchDelete/parent/childFolder/child7, dataSize=0, replicationConfig=null} | ret=FAILURE
org.apache.hadoop.ozone.om.exceptions.OMException: Unable to get file status: volume: volume52914 bucket: bucket59948 key: testBatchDelete/parent/childFolder/child7
	at org.apache.hadoop.ozone.om.KeyManagerImpl.getOzoneFileStatus(KeyManagerImpl.java:1311) ~[ozone-manager-1.3.0-SNAPSHOT.jar:?]
	at org.apache.hadoop.ozone.om.KeyManagerImpl.getFileStatus(KeyManagerImpl.java:1241) ~[ozone-manager-1.3.0-SNAPSHOT.jar:?]
	at org.apache.hadoop.ozone.om.OzoneManager.getFileStatus(OzoneManager.java:3419) ~[ozone-manager-1.3.0-SNAPSHOT.jar:?]
	at org.apache.hadoop.ozone.protocolPB.OzoneManagerRequestHandler.getOzoneFileStatus(OzoneManagerRequestHandler.java:871) ~[ozone-manager-1.3.0-SNAPSHOT.jar:?]
	at org.apache.hadoop.ozone.protocolPB.OzoneManagerRequestHandler.handleReadRequest(OzoneManagerRequestHandler.java:217) ~[ozone-manager-1.3.0-SNAPSHOT.jar:?]
	at org.apache.hadoop.ozone.protocolPB.OzoneManagerProtocolServerSideTranslatorPB.submitReadRequestToOM(OzoneManagerProtocolServerSideTranslatorPB.java:226) ~[ozone-manager-1.3.0-SNAPSHOT.jar:?]
	at org.apache.hadoop.ozone.protocolPB.OzoneManagerProtocolServerSideTranslatorPB.processRequest(OzoneManagerProtocolServerSideTranslatorPB.java:175) ~[ozone-manager-1.3.0-SNAPSHOT.jar:?]
	at org.apache.hadoop.hdds.server.OzoneProtocolMessageDispatcher.processRequest(OzoneProtocolMessageDispatcher.java:87) [hdds-server-framework-1.3.0-SNAPSHOT.jar:?]
	at org.apache.hadoop.ozone.protocolPB.OzoneManagerProtocolServerSideTranslatorPB.submitRequest(OzoneManagerProtocolServerSideTranslatorPB.java:147) [ozone-manager-1.3.0-SNAPSHOT.jar:?]
	at org.apache.hadoop.ozone.protocol.proto.OzoneManagerProtocolProtos$OzoneManagerService$2.callBlockingMethod(OzoneManagerProtocolProtos.java) [ozone-interface-client-1.3.0-SNAPSHOT.jar:?]
	at org.apache.hadoop.ipc.ProtobufRpcEngine$Server.processCall(ProtobufRpcEngine.java:466) [hadoop-common-3.3.1.jar:?]
	at org.apache.hadoop.ipc.ProtobufRpcEngine2$Server$ProtoBufRpcInvoker.call(ProtobufRpcEngine2.java:574) [hadoop-common-3.3.1.jar:?]
	at org.apache.hadoop.ipc.ProtobufRpcEngine2$Server$ProtoBufRpcInvoker.call(ProtobufRpcEngine2.java:552) [hadoop-common-3.3.1.jar:?]
	at org.apache.hadoop.ipc.RPC$Server.call(RPC.java:1093) [hadoop-common-3.3.1.jar:?]
	at org.apache.hadoop.ipc.Server$RpcCall.run(Server.java:1035) [hadoop-common-3.3.1.jar:?]
	at org.apache.hadoop.ipc.Server$RpcCall.run(Server.java:963) [hadoop-common-3.3.1.jar:?]
	at java.security.AccessController.doPrivileged(Native Method) ~[?:1.8.0_332]
	at javax.security.auth.Subject.doAs(Subject.java:422) [?:1.8.0_332]
	at org.apache.hadoop.security.UserGroupInformation.doAs(UserGroupInformation.java:1878) [hadoop-common-3.3.1.jar:?]
	at org.apache.hadoop.ipc.Server$Handler.run(Server.java:2966) [hadoop-common-3.3.1.jar:?]
21:05:22.206 [IPC Server handler 9 on default port 38457] ERROR OMAudit - user=runner | ip=127.0.0.1 | op=GET_FILE_STATUS {volume=volume52914, bucket=bucket59948, key=testBatchDelete/parent, dataSize=0, replicationConfig=null} | ret=FAILURE
org.apache.hadoop.ozone.om.exceptions.OMException: Unable to get file status: volume: volume52914 bucket: bucket59948 key: testBatchDelete/parent
	at org.apache.hadoop.ozone.om.KeyManagerImpl.getOzoneFileStatus(KeyManagerImpl.java:1311) ~[ozone-manager-1.3.0-SNAPSHOT.jar:?]
	at org.apache.hadoop.ozone.om.KeyManagerImpl.getFileStatus(KeyManagerImpl.java:1241) ~[ozone-manager-1.3.0-SNAPSHOT.jar:?]
	at org.apache.hadoop.ozone.om.OzoneManager.getFileStatus(OzoneManager.java:3419) ~[ozone-manager-1.3.0-SNAPSHOT.jar:?]
	at org.apache.hadoop.ozone.protocolPB.OzoneManagerRequestHandler.getOzoneFileStatus(OzoneManagerRequestHandler.java:871) ~[ozone-manager-1.3.0-SNAPSHOT.jar:?]
	at org.apache.hadoop.ozone.protocolPB.OzoneManagerRequestHandler.handleReadRequest(OzoneManagerRequestHandler.java:217) ~[ozone-manager-1.3.0-SNAPSHOT.jar:?]
	at org.apache.hadoop.ozone.protocolPB.OzoneManagerProtocolServerSideTranslatorPB.submitReadRequestToOM(OzoneManagerProtocolServerSideTranslatorPB.java:226) ~[ozone-manager-1.3.0-SNAPSHOT.jar:?]
	at org.apache.hadoop.ozone.protocolPB.OzoneManagerProtocolServerSideTranslatorPB.processRequest(OzoneManagerProtocolServerSideTranslatorPB.java:175) ~[ozone-manager-1.3.0-SNAPSHOT.jar:?]
	at org.apache.hadoop.hdds.server.OzoneProtocolMessageDispatcher.processRequest(OzoneProtocolMessageDispatcher.java:87) [hdds-server-framework-1.3.0-SNAPSHOT.jar:?]
	at org.apache.hadoop.ozone.protocolPB.OzoneManagerProtocolServerSideTranslatorPB.submitRequest(OzoneManagerProtocolServerSideTranslatorPB.java:147) [ozone-manager-1.3.0-SNAPSHOT.jar:?]
	at org.apache.hadoop.ozone.protocol.proto.OzoneManagerProtocolProtos$OzoneManagerService$2.callBlockingMethod(OzoneManagerProtocolProtos.java) [ozone-interface-client-1.3.0-SNAPSHOT.jar:?]
	at org.apache.hadoop.ipc.ProtobufRpcEngine$Server.processCall(ProtobufRpcEngine.java:466) [hadoop-common-3.3.1.jar:?]
	at org.apache.hadoop.ipc.ProtobufRpcEngine2$Server$ProtoBufRpcInvoker.call(ProtobufRpcEngine2.java:574) [hadoop-common-3.3.1.jar:?]
	at org.apache.hadoop.ipc.ProtobufRpcEngine2$Server$ProtoBufRpcInvoker.call(ProtobufRpcEngine2.java:552) [hadoop-common-3.3.1.jar:?]
	at org.apache.hadoop.ipc.RPC$Server.call(RPC.java:1093) [hadoop-common-3.3.1.jar:?]
	at org.apache.hadoop.ipc.Server$RpcCall.run(Server.java:1035) [hadoop-common-3.3.1.jar:?]
	at org.apache.hadoop.ipc.Server$RpcCall.run(Server.java:963) [hadoop-common-3.3.1.jar:?]
	at java.security.AccessController.doPrivileged(Native Method) ~[?:1.8.0_332]
	at javax.security.auth.Subject.doAs(Subject.java:422) [?:1.8.0_332]
	at org.apache.hadoop.security.UserGroupInformation.doAs(UserGroupInformation.java:1878) [hadoop-common-3.3.1.jar:?]
	at org.apache.hadoop.ipc.Server$Handler.run(Server.java:2966) [hadoop-common-3.3.1.jar:?]
2022-07-12 21:05:22,206 [Time-limited test] WARN  ozone.BasicRootedOzoneFileSystem (BasicRootedOzoneFileSystem.java:delete(572)) - delete: Path does not exist: /volume52914/bucket59948/testBatchDelete/parent
]]></system-out>
  </testcase>
  <testcase name="testFileDelete" classname="TestRootedOzoneFileSystem" time="0.254">
    <system-out><![CDATA[2022-07-12 21:06:36,387 [Time-limited test] INFO  rpc.RpcClient (RpcClient.java:createVolume(466)) - Creating Volume: volume94811, with user73505 as owner and space quota set to -1 bytes, counts quota set to -1
2022-07-12 21:06:36,388 [IPC Server handler 19 on default port 37581] INFO  volume.OMVolumeCreateRequest (OMVolumeCreateRequest.java:validateAndUpdateCache(195)) - created volume:volume94811 for user:user73505
2022-07-12 21:06:36,390 [Time-limited test] INFO  rpc.RpcClient (RpcClient.java:createBucket(669)) - Creating Bucket: volume94811/bucket46332, with bucket layout LEGACY, runner as owner, Versioning false, Storage Type set to DISK and Encryption set to false 
2022-07-12 21:06:36,391 [IPC Server handler 5 on default port 37581] INFO  bucket.OMBucketCreateRequest (OMBucketCreateRequest.java:validateAndUpdateCache(260)) - created bucket: bucket46332 of layout LEGACY in volume: volume94811
21:06:36.478 [IPC Server handler 1 on default port 37581] ERROR OMAudit - user=runner | ip=127.0.0.1 | op=GET_FILE_STATUS {volume=volume94811, bucket=bucket46332, key=testBatchDelete, dataSize=0, replicationConfig=null} | ret=FAILURE
org.apache.hadoop.ozone.om.exceptions.OMException: Unable to get file status: volume: volume94811 bucket: bucket46332 key: testBatchDelete
	at org.apache.hadoop.ozone.om.KeyManagerImpl.getOzoneFileStatus(KeyManagerImpl.java:1311) ~[ozone-manager-1.3.0-SNAPSHOT.jar:?]
	at org.apache.hadoop.ozone.om.KeyManagerImpl.getFileStatus(KeyManagerImpl.java:1241) ~[ozone-manager-1.3.0-SNAPSHOT.jar:?]
	at org.apache.hadoop.ozone.om.OzoneManager.getFileStatus(OzoneManager.java:3419) ~[ozone-manager-1.3.0-SNAPSHOT.jar:?]
	at org.apache.hadoop.ozone.protocolPB.OzoneManagerRequestHandler.getOzoneFileStatus(OzoneManagerRequestHandler.java:871) ~[ozone-manager-1.3.0-SNAPSHOT.jar:?]
	at org.apache.hadoop.ozone.protocolPB.OzoneManagerRequestHandler.handleReadRequest(OzoneManagerRequestHandler.java:217) ~[ozone-manager-1.3.0-SNAPSHOT.jar:?]
	at org.apache.hadoop.ozone.protocolPB.OzoneManagerProtocolServerSideTranslatorPB.submitRequestDirectlyToOM(OzoneManagerProtocolServerSideTranslatorPB.java:276) ~[ozone-manager-1.3.0-SNAPSHOT.jar:?]
	at org.apache.hadoop.ozone.protocolPB.OzoneManagerProtocolServerSideTranslatorPB.processRequest(OzoneManagerProtocolServerSideTranslatorPB.java:205) ~[ozone-manager-1.3.0-SNAPSHOT.jar:?]
	at org.apache.hadoop.hdds.server.OzoneProtocolMessageDispatcher.processRequest(OzoneProtocolMessageDispatcher.java:87) [hdds-server-framework-1.3.0-SNAPSHOT.jar:?]
	at org.apache.hadoop.ozone.protocolPB.OzoneManagerProtocolServerSideTranslatorPB.submitRequest(OzoneManagerProtocolServerSideTranslatorPB.java:147) [ozone-manager-1.3.0-SNAPSHOT.jar:?]
	at org.apache.hadoop.ozone.protocol.proto.OzoneManagerProtocolProtos$OzoneManagerService$2.callBlockingMethod(OzoneManagerProtocolProtos.java) [ozone-interface-client-1.3.0-SNAPSHOT.jar:?]
	at org.apache.hadoop.ipc.ProtobufRpcEngine$Server.processCall(ProtobufRpcEngine.java:466) [hadoop-common-3.3.1.jar:?]
	at org.apache.hadoop.ipc.ProtobufRpcEngine2$Server$ProtoBufRpcInvoker.call(ProtobufRpcEngine2.java:574) [hadoop-common-3.3.1.jar:?]
	at org.apache.hadoop.ipc.ProtobufRpcEngine2$Server$ProtoBufRpcInvoker.call(ProtobufRpcEngine2.java:552) [hadoop-common-3.3.1.jar:?]
	at org.apache.hadoop.ipc.RPC$Server.call(RPC.java:1093) [hadoop-common-3.3.1.jar:?]
	at org.apache.hadoop.ipc.Server$RpcCall.run(Server.java:1035) [hadoop-common-3.3.1.jar:?]
	at org.apache.hadoop.ipc.Server$RpcCall.run(Server.java:963) [hadoop-common-3.3.1.jar:?]
	at java.security.AccessController.doPrivileged(Native Method) ~[?:1.8.0_332]
	at javax.security.auth.Subject.doAs(Subject.java:422) [?:1.8.0_332]
	at org.apache.hadoop.security.UserGroupInformation.doAs(UserGroupInformation.java:1878) [hadoop-common-3.3.1.jar:?]
	at org.apache.hadoop.ipc.Server$Handler.run(Server.java:2966) [hadoop-common-3.3.1.jar:?]
21:06:36.479 [IPC Server handler 13 on default port 37581] ERROR OMAudit - user=runner | ip=127.0.0.1 | op=GET_FILE_STATUS {volume=volume94811, bucket=bucket46332, key=testBatchDelete/parent/child0, dataSize=0, replicationConfig=null} | ret=FAILURE
org.apache.hadoop.ozone.om.exceptions.OMException: Unable to get file status: volume: volume94811 bucket: bucket46332 key: testBatchDelete/parent/child0
	at org.apache.hadoop.ozone.om.KeyManagerImpl.getOzoneFileStatus(KeyManagerImpl.java:1311) ~[ozone-manager-1.3.0-SNAPSHOT.jar:?]
	at org.apache.hadoop.ozone.om.KeyManagerImpl.getFileStatus(KeyManagerImpl.java:1241) ~[ozone-manager-1.3.0-SNAPSHOT.jar:?]
	at org.apache.hadoop.ozone.om.OzoneManager.getFileStatus(OzoneManager.java:3419) ~[ozone-manager-1.3.0-SNAPSHOT.jar:?]
	at org.apache.hadoop.ozone.protocolPB.OzoneManagerRequestHandler.getOzoneFileStatus(OzoneManagerRequestHandler.java:871) ~[ozone-manager-1.3.0-SNAPSHOT.jar:?]
	at org.apache.hadoop.ozone.protocolPB.OzoneManagerRequestHandler.handleReadRequest(OzoneManagerRequestHandler.java:217) ~[ozone-manager-1.3.0-SNAPSHOT.jar:?]
	at org.apache.hadoop.ozone.protocolPB.OzoneManagerProtocolServerSideTranslatorPB.submitRequestDirectlyToOM(OzoneManagerProtocolServerSideTranslatorPB.java:276) ~[ozone-manager-1.3.0-SNAPSHOT.jar:?]
	at org.apache.hadoop.ozone.protocolPB.OzoneManagerProtocolServerSideTranslatorPB.processRequest(OzoneManagerProtocolServerSideTranslatorPB.java:205) ~[ozone-manager-1.3.0-SNAPSHOT.jar:?]
	at org.apache.hadoop.hdds.server.OzoneProtocolMessageDispatcher.processRequest(OzoneProtocolMessageDispatcher.java:87) [hdds-server-framework-1.3.0-SNAPSHOT.jar:?]
	at org.apache.hadoop.ozone.protocolPB.OzoneManagerProtocolServerSideTranslatorPB.submitRequest(OzoneManagerProtocolServerSideTranslatorPB.java:147) [ozone-manager-1.3.0-SNAPSHOT.jar:?]
	at org.apache.hadoop.ozone.protocol.proto.OzoneManagerProtocolProtos$OzoneManagerService$2.callBlockingMethod(OzoneManagerProtocolProtos.java) [ozone-interface-client-1.3.0-SNAPSHOT.jar:?]
	at org.apache.hadoop.ipc.ProtobufRpcEngine$Server.processCall(ProtobufRpcEngine.java:466) [hadoop-common-3.3.1.jar:?]
	at org.apache.hadoop.ipc.ProtobufRpcEngine2$Server$ProtoBufRpcInvoker.call(ProtobufRpcEngine2.java:574) [hadoop-common-3.3.1.jar:?]
	at org.apache.hadoop.ipc.ProtobufRpcEngine2$Server$ProtoBufRpcInvoker.call(ProtobufRpcEngine2.java:552) [hadoop-common-3.3.1.jar:?]
	at org.apache.hadoop.ipc.RPC$Server.call(RPC.java:1093) [hadoop-common-3.3.1.jar:?]
	at org.apache.hadoop.ipc.Server$RpcCall.run(Server.java:1035) [hadoop-common-3.3.1.jar:?]
	at org.apache.hadoop.ipc.Server$RpcCall.run(Server.java:963) [hadoop-common-3.3.1.jar:?]
	at java.security.AccessController.doPrivileged(Native Method) ~[?:1.8.0_332]
	at javax.security.auth.Subject.doAs(Subject.java:422) [?:1.8.0_332]
	at org.apache.hadoop.security.UserGroupInformation.doAs(UserGroupInformation.java:1878) [hadoop-common-3.3.1.jar:?]
	at org.apache.hadoop.ipc.Server$Handler.run(Server.java:2966) [hadoop-common-3.3.1.jar:?]
21:06:36.480 [IPC Server handler 10 on default port 37581] ERROR OMAudit - user=runner | ip=127.0.0.1 | op=GET_FILE_STATUS {volume=volume94811, bucket=bucket46332, key=testBatchDelete/parent/childFolder/child0, dataSize=0, replicationConfig=null} | ret=FAILURE
org.apache.hadoop.ozone.om.exceptions.OMException: Unable to get file status: volume: volume94811 bucket: bucket46332 key: testBatchDelete/parent/childFolder/child0
	at org.apache.hadoop.ozone.om.KeyManagerImpl.getOzoneFileStatus(KeyManagerImpl.java:1311) ~[ozone-manager-1.3.0-SNAPSHOT.jar:?]
	at org.apache.hadoop.ozone.om.KeyManagerImpl.getFileStatus(KeyManagerImpl.java:1241) ~[ozone-manager-1.3.0-SNAPSHOT.jar:?]
	at org.apache.hadoop.ozone.om.OzoneManager.getFileStatus(OzoneManager.java:3419) ~[ozone-manager-1.3.0-SNAPSHOT.jar:?]
	at org.apache.hadoop.ozone.protocolPB.OzoneManagerRequestHandler.getOzoneFileStatus(OzoneManagerRequestHandler.java:871) ~[ozone-manager-1.3.0-SNAPSHOT.jar:?]
	at org.apache.hadoop.ozone.protocolPB.OzoneManagerRequestHandler.handleReadRequest(OzoneManagerRequestHandler.java:217) ~[ozone-manager-1.3.0-SNAPSHOT.jar:?]
	at org.apache.hadoop.ozone.protocolPB.OzoneManagerProtocolServerSideTranslatorPB.submitRequestDirectlyToOM(OzoneManagerProtocolServerSideTranslatorPB.java:276) ~[ozone-manager-1.3.0-SNAPSHOT.jar:?]
	at org.apache.hadoop.ozone.protocolPB.OzoneManagerProtocolServerSideTranslatorPB.processRequest(OzoneManagerProtocolServerSideTranslatorPB.java:205) ~[ozone-manager-1.3.0-SNAPSHOT.jar:?]
	at org.apache.hadoop.hdds.server.OzoneProtocolMessageDispatcher.processRequest(OzoneProtocolMessageDispatcher.java:87) [hdds-server-framework-1.3.0-SNAPSHOT.jar:?]
	at org.apache.hadoop.ozone.protocolPB.OzoneManagerProtocolServerSideTranslatorPB.submitRequest(OzoneManagerProtocolServerSideTranslatorPB.java:147) [ozone-manager-1.3.0-SNAPSHOT.jar:?]
	at org.apache.hadoop.ozone.protocol.proto.OzoneManagerProtocolProtos$OzoneManagerService$2.callBlockingMethod(OzoneManagerProtocolProtos.java) [ozone-interface-client-1.3.0-SNAPSHOT.jar:?]
	at org.apache.hadoop.ipc.ProtobufRpcEngine$Server.processCall(ProtobufRpcEngine.java:466) [hadoop-common-3.3.1.jar:?]
	at org.apache.hadoop.ipc.ProtobufRpcEngine2$Server$ProtoBufRpcInvoker.call(ProtobufRpcEngine2.java:574) [hadoop-common-3.3.1.jar:?]
	at org.apache.hadoop.ipc.ProtobufRpcEngine2$Server$ProtoBufRpcInvoker.call(ProtobufRpcEngine2.java:552) [hadoop-common-3.3.1.jar:?]
	at org.apache.hadoop.ipc.RPC$Server.call(RPC.java:1093) [hadoop-common-3.3.1.jar:?]
	at org.apache.hadoop.ipc.Server$RpcCall.run(Server.java:1035) [hadoop-common-3.3.1.jar:?]
	at org.apache.hadoop.ipc.Server$RpcCall.run(Server.java:963) [hadoop-common-3.3.1.jar:?]
	at java.security.AccessController.doPrivileged(Native Method) ~[?:1.8.0_332]
	at javax.security.auth.Subject.doAs(Subject.java:422) [?:1.8.0_332]
	at org.apache.hadoop.security.UserGroupInformation.doAs(UserGroupInformation.java:1878) [hadoop-common-3.3.1.jar:?]
	at org.apache.hadoop.ipc.Server$Handler.run(Server.java:2966) [hadoop-common-3.3.1.jar:?]
21:06:36.481 [IPC Server handler 19 on default port 37581] ERROR OMAudit - user=runner | ip=127.0.0.1 | op=GET_FILE_STATUS {volume=volume94811, bucket=bucket46332, key=testBatchDelete/parent/child1, dataSize=0, replicationConfig=null} | ret=FAILURE
org.apache.hadoop.ozone.om.exceptions.OMException: Unable to get file status: volume: volume94811 bucket: bucket46332 key: testBatchDelete/parent/child1
	at org.apache.hadoop.ozone.om.KeyManagerImpl.getOzoneFileStatus(KeyManagerImpl.java:1311) ~[ozone-manager-1.3.0-SNAPSHOT.jar:?]
	at org.apache.hadoop.ozone.om.KeyManagerImpl.getFileStatus(KeyManagerImpl.java:1241) ~[ozone-manager-1.3.0-SNAPSHOT.jar:?]
	at org.apache.hadoop.ozone.om.OzoneManager.getFileStatus(OzoneManager.java:3419) ~[ozone-manager-1.3.0-SNAPSHOT.jar:?]
	at org.apache.hadoop.ozone.protocolPB.OzoneManagerRequestHandler.getOzoneFileStatus(OzoneManagerRequestHandler.java:871) ~[ozone-manager-1.3.0-SNAPSHOT.jar:?]
	at org.apache.hadoop.ozone.protocolPB.OzoneManagerRequestHandler.handleReadRequest(OzoneManagerRequestHandler.java:217) ~[ozone-manager-1.3.0-SNAPSHOT.jar:?]
	at org.apache.hadoop.ozone.protocolPB.OzoneManagerProtocolServerSideTranslatorPB.submitRequestDirectlyToOM(OzoneManagerProtocolServerSideTranslatorPB.java:276) ~[ozone-manager-1.3.0-SNAPSHOT.jar:?]
	at org.apache.hadoop.ozone.protocolPB.OzoneManagerProtocolServerSideTranslatorPB.processRequest(OzoneManagerProtocolServerSideTranslatorPB.java:205) ~[ozone-manager-1.3.0-SNAPSHOT.jar:?]
	at org.apache.hadoop.hdds.server.OzoneProtocolMessageDispatcher.processRequest(OzoneProtocolMessageDispatcher.java:87) [hdds-server-framework-1.3.0-SNAPSHOT.jar:?]
	at org.apache.hadoop.ozone.protocolPB.OzoneManagerProtocolServerSideTranslatorPB.submitRequest(OzoneManagerProtocolServerSideTranslatorPB.java:147) [ozone-manager-1.3.0-SNAPSHOT.jar:?]
	at org.apache.hadoop.ozone.protocol.proto.OzoneManagerProtocolProtos$OzoneManagerService$2.callBlockingMethod(OzoneManagerProtocolProtos.java) [ozone-interface-client-1.3.0-SNAPSHOT.jar:?]
	at org.apache.hadoop.ipc.ProtobufRpcEngine$Server.processCall(ProtobufRpcEngine.java:466) [hadoop-common-3.3.1.jar:?]
	at org.apache.hadoop.ipc.ProtobufRpcEngine2$Server$ProtoBufRpcInvoker.call(ProtobufRpcEngine2.java:574) [hadoop-common-3.3.1.jar:?]
	at org.apache.hadoop.ipc.ProtobufRpcEngine2$Server$ProtoBufRpcInvoker.call(ProtobufRpcEngine2.java:552) [hadoop-common-3.3.1.jar:?]
	at org.apache.hadoop.ipc.RPC$Server.call(RPC.java:1093) [hadoop-common-3.3.1.jar:?]
	at org.apache.hadoop.ipc.Server$RpcCall.run(Server.java:1035) [hadoop-common-3.3.1.jar:?]
	at org.apache.hadoop.ipc.Server$RpcCall.run(Server.java:963) [hadoop-common-3.3.1.jar:?]
	at java.security.AccessController.doPrivileged(Native Method) ~[?:1.8.0_332]
	at javax.security.auth.Subject.doAs(Subject.java:422) [?:1.8.0_332]
	at org.apache.hadoop.security.UserGroupInformation.doAs(UserGroupInformation.java:1878) [hadoop-common-3.3.1.jar:?]
	at org.apache.hadoop.ipc.Server$Handler.run(Server.java:2966) [hadoop-common-3.3.1.jar:?]
21:06:36.482 [IPC Server handler 5 on default port 37581] ERROR OMAudit - user=runner | ip=127.0.0.1 | op=GET_FILE_STATUS {volume=volume94811, bucket=bucket46332, key=testBatchDelete/parent/childFolder/child1, dataSize=0, replicationConfig=null} | ret=FAILURE
org.apache.hadoop.ozone.om.exceptions.OMException: Unable to get file status: volume: volume94811 bucket: bucket46332 key: testBatchDelete/parent/childFolder/child1
	at org.apache.hadoop.ozone.om.KeyManagerImpl.getOzoneFileStatus(KeyManagerImpl.java:1311) ~[ozone-manager-1.3.0-SNAPSHOT.jar:?]
	at org.apache.hadoop.ozone.om.KeyManagerImpl.getFileStatus(KeyManagerImpl.java:1241) ~[ozone-manager-1.3.0-SNAPSHOT.jar:?]
	at org.apache.hadoop.ozone.om.OzoneManager.getFileStatus(OzoneManager.java:3419) ~[ozone-manager-1.3.0-SNAPSHOT.jar:?]
	at org.apache.hadoop.ozone.protocolPB.OzoneManagerRequestHandler.getOzoneFileStatus(OzoneManagerRequestHandler.java:871) ~[ozone-manager-1.3.0-SNAPSHOT.jar:?]
	at org.apache.hadoop.ozone.protocolPB.OzoneManagerRequestHandler.handleReadRequest(OzoneManagerRequestHandler.java:217) ~[ozone-manager-1.3.0-SNAPSHOT.jar:?]
	at org.apache.hadoop.ozone.protocolPB.OzoneManagerProtocolServerSideTranslatorPB.submitRequestDirectlyToOM(OzoneManagerProtocolServerSideTranslatorPB.java:276) ~[ozone-manager-1.3.0-SNAPSHOT.jar:?]
	at org.apache.hadoop.ozone.protocolPB.OzoneManagerProtocolServerSideTranslatorPB.processRequest(OzoneManagerProtocolServerSideTranslatorPB.java:205) ~[ozone-manager-1.3.0-SNAPSHOT.jar:?]
	at org.apache.hadoop.hdds.server.OzoneProtocolMessageDispatcher.processRequest(OzoneProtocolMessageDispatcher.java:87) [hdds-server-framework-1.3.0-SNAPSHOT.jar:?]
	at org.apache.hadoop.ozone.protocolPB.OzoneManagerProtocolServerSideTranslatorPB.submitRequest(OzoneManagerProtocolServerSideTranslatorPB.java:147) [ozone-manager-1.3.0-SNAPSHOT.jar:?]
	at org.apache.hadoop.ozone.protocol.proto.OzoneManagerProtocolProtos$OzoneManagerService$2.callBlockingMethod(OzoneManagerProtocolProtos.java) [ozone-interface-client-1.3.0-SNAPSHOT.jar:?]
	at org.apache.hadoop.ipc.ProtobufRpcEngine$Server.processCall(ProtobufRpcEngine.java:466) [hadoop-common-3.3.1.jar:?]
	at org.apache.hadoop.ipc.ProtobufRpcEngine2$Server$ProtoBufRpcInvoker.call(ProtobufRpcEngine2.java:574) [hadoop-common-3.3.1.jar:?]
	at org.apache.hadoop.ipc.ProtobufRpcEngine2$Server$ProtoBufRpcInvoker.call(ProtobufRpcEngine2.java:552) [hadoop-common-3.3.1.jar:?]
	at org.apache.hadoop.ipc.RPC$Server.call(RPC.java:1093) [hadoop-common-3.3.1.jar:?]
	at org.apache.hadoop.ipc.Server$RpcCall.run(Server.java:1035) [hadoop-common-3.3.1.jar:?]
	at org.apache.hadoop.ipc.Server$RpcCall.run(Server.java:963) [hadoop-common-3.3.1.jar:?]
	at java.security.AccessController.doPrivileged(Native Method) ~[?:1.8.0_332]
	at javax.security.auth.Subject.doAs(Subject.java:422) [?:1.8.0_332]
	at org.apache.hadoop.security.UserGroupInformation.doAs(UserGroupInformation.java:1878) [hadoop-common-3.3.1.jar:?]
	at org.apache.hadoop.ipc.Server$Handler.run(Server.java:2966) [hadoop-common-3.3.1.jar:?]
21:06:36.483 [IPC Server handler 12 on default port 37581] ERROR OMAudit - user=runner | ip=127.0.0.1 | op=GET_FILE_STATUS {volume=volume94811, bucket=bucket46332, key=testBatchDelete/parent/child2, dataSize=0, replicationConfig=null} | ret=FAILURE
org.apache.hadoop.ozone.om.exceptions.OMException: Unable to get file status: volume: volume94811 bucket: bucket46332 key: testBatchDelete/parent/child2
	at org.apache.hadoop.ozone.om.KeyManagerImpl.getOzoneFileStatus(KeyManagerImpl.java:1311) ~[ozone-manager-1.3.0-SNAPSHOT.jar:?]
	at org.apache.hadoop.ozone.om.KeyManagerImpl.getFileStatus(KeyManagerImpl.java:1241) ~[ozone-manager-1.3.0-SNAPSHOT.jar:?]
	at org.apache.hadoop.ozone.om.OzoneManager.getFileStatus(OzoneManager.java:3419) ~[ozone-manager-1.3.0-SNAPSHOT.jar:?]
	at org.apache.hadoop.ozone.protocolPB.OzoneManagerRequestHandler.getOzoneFileStatus(OzoneManagerRequestHandler.java:871) ~[ozone-manager-1.3.0-SNAPSHOT.jar:?]
	at org.apache.hadoop.ozone.protocolPB.OzoneManagerRequestHandler.handleReadRequest(OzoneManagerRequestHandler.java:217) ~[ozone-manager-1.3.0-SNAPSHOT.jar:?]
	at org.apache.hadoop.ozone.protocolPB.OzoneManagerProtocolServerSideTranslatorPB.submitRequestDirectlyToOM(OzoneManagerProtocolServerSideTranslatorPB.java:276) ~[ozone-manager-1.3.0-SNAPSHOT.jar:?]
	at org.apache.hadoop.ozone.protocolPB.OzoneManagerProtocolServerSideTranslatorPB.processRequest(OzoneManagerProtocolServerSideTranslatorPB.java:205) ~[ozone-manager-1.3.0-SNAPSHOT.jar:?]
	at org.apache.hadoop.hdds.server.OzoneProtocolMessageDispatcher.processRequest(OzoneProtocolMessageDispatcher.java:87) [hdds-server-framework-1.3.0-SNAPSHOT.jar:?]
	at org.apache.hadoop.ozone.protocolPB.OzoneManagerProtocolServerSideTranslatorPB.submitRequest(OzoneManagerProtocolServerSideTranslatorPB.java:147) [ozone-manager-1.3.0-SNAPSHOT.jar:?]
	at org.apache.hadoop.ozone.protocol.proto.OzoneManagerProtocolProtos$OzoneManagerService$2.callBlockingMethod(OzoneManagerProtocolProtos.java) [ozone-interface-client-1.3.0-SNAPSHOT.jar:?]
	at org.apache.hadoop.ipc.ProtobufRpcEngine$Server.processCall(ProtobufRpcEngine.java:466) [hadoop-common-3.3.1.jar:?]
	at org.apache.hadoop.ipc.ProtobufRpcEngine2$Server$ProtoBufRpcInvoker.call(ProtobufRpcEngine2.java:574) [hadoop-common-3.3.1.jar:?]
	at org.apache.hadoop.ipc.ProtobufRpcEngine2$Server$ProtoBufRpcInvoker.call(ProtobufRpcEngine2.java:552) [hadoop-common-3.3.1.jar:?]
	at org.apache.hadoop.ipc.RPC$Server.call(RPC.java:1093) [hadoop-common-3.3.1.jar:?]
	at org.apache.hadoop.ipc.Server$RpcCall.run(Server.java:1035) [hadoop-common-3.3.1.jar:?]
	at org.apache.hadoop.ipc.Server$RpcCall.run(Server.java:963) [hadoop-common-3.3.1.jar:?]
	at java.security.AccessController.doPrivileged(Native Method) ~[?:1.8.0_332]
	at javax.security.auth.Subject.doAs(Subject.java:422) [?:1.8.0_332]
	at org.apache.hadoop.security.UserGroupInformation.doAs(UserGroupInformation.java:1878) [hadoop-common-3.3.1.jar:?]
	at org.apache.hadoop.ipc.Server$Handler.run(Server.java:2966) [hadoop-common-3.3.1.jar:?]
21:06:36.484 [IPC Server handler 8 on default port 37581] ERROR OMAudit - user=runner | ip=127.0.0.1 | op=GET_FILE_STATUS {volume=volume94811, bucket=bucket46332, key=testBatchDelete/parent/childFolder/child2, dataSize=0, replicationConfig=null} | ret=FAILURE
org.apache.hadoop.ozone.om.exceptions.OMException: Unable to get file status: volume: volume94811 bucket: bucket46332 key: testBatchDelete/parent/childFolder/child2
	at org.apache.hadoop.ozone.om.KeyManagerImpl.getOzoneFileStatus(KeyManagerImpl.java:1311) ~[ozone-manager-1.3.0-SNAPSHOT.jar:?]
	at org.apache.hadoop.ozone.om.KeyManagerImpl.getFileStatus(KeyManagerImpl.java:1241) ~[ozone-manager-1.3.0-SNAPSHOT.jar:?]
	at org.apache.hadoop.ozone.om.OzoneManager.getFileStatus(OzoneManager.java:3419) ~[ozone-manager-1.3.0-SNAPSHOT.jar:?]
	at org.apache.hadoop.ozone.protocolPB.OzoneManagerRequestHandler.getOzoneFileStatus(OzoneManagerRequestHandler.java:871) ~[ozone-manager-1.3.0-SNAPSHOT.jar:?]
	at org.apache.hadoop.ozone.protocolPB.OzoneManagerRequestHandler.handleReadRequest(OzoneManagerRequestHandler.java:217) ~[ozone-manager-1.3.0-SNAPSHOT.jar:?]
	at org.apache.hadoop.ozone.protocolPB.OzoneManagerProtocolServerSideTranslatorPB.submitRequestDirectlyToOM(OzoneManagerProtocolServerSideTranslatorPB.java:276) ~[ozone-manager-1.3.0-SNAPSHOT.jar:?]
	at org.apache.hadoop.ozone.protocolPB.OzoneManagerProtocolServerSideTranslatorPB.processRequest(OzoneManagerProtocolServerSideTranslatorPB.java:205) ~[ozone-manager-1.3.0-SNAPSHOT.jar:?]
	at org.apache.hadoop.hdds.server.OzoneProtocolMessageDispatcher.processRequest(OzoneProtocolMessageDispatcher.java:87) [hdds-server-framework-1.3.0-SNAPSHOT.jar:?]
	at org.apache.hadoop.ozone.protocolPB.OzoneManagerProtocolServerSideTranslatorPB.submitRequest(OzoneManagerProtocolServerSideTranslatorPB.java:147) [ozone-manager-1.3.0-SNAPSHOT.jar:?]
	at org.apache.hadoop.ozone.protocol.proto.OzoneManagerProtocolProtos$OzoneManagerService$2.callBlockingMethod(OzoneManagerProtocolProtos.java) [ozone-interface-client-1.3.0-SNAPSHOT.jar:?]
	at org.apache.hadoop.ipc.ProtobufRpcEngine$Server.processCall(ProtobufRpcEngine.java:466) [hadoop-common-3.3.1.jar:?]
	at org.apache.hadoop.ipc.ProtobufRpcEngine2$Server$ProtoBufRpcInvoker.call(ProtobufRpcEngine2.java:574) [hadoop-common-3.3.1.jar:?]
	at org.apache.hadoop.ipc.ProtobufRpcEngine2$Server$ProtoBufRpcInvoker.call(ProtobufRpcEngine2.java:552) [hadoop-common-3.3.1.jar:?]
	at org.apache.hadoop.ipc.RPC$Server.call(RPC.java:1093) [hadoop-common-3.3.1.jar:?]
	at org.apache.hadoop.ipc.Server$RpcCall.run(Server.java:1035) [hadoop-common-3.3.1.jar:?]
	at org.apache.hadoop.ipc.Server$RpcCall.run(Server.java:963) [hadoop-common-3.3.1.jar:?]
	at java.security.AccessController.doPrivileged(Native Method) ~[?:1.8.0_332]
	at javax.security.auth.Subject.doAs(Subject.java:422) [?:1.8.0_332]
	at org.apache.hadoop.security.UserGroupInformation.doAs(UserGroupInformation.java:1878) [hadoop-common-3.3.1.jar:?]
	at org.apache.hadoop.ipc.Server$Handler.run(Server.java:2966) [hadoop-common-3.3.1.jar:?]
21:06:36.485 [IPC Server handler 18 on default port 37581] ERROR OMAudit - user=runner | ip=127.0.0.1 | op=GET_FILE_STATUS {volume=volume94811, bucket=bucket46332, key=testBatchDelete/parent/child3, dataSize=0, replicationConfig=null} | ret=FAILURE
org.apache.hadoop.ozone.om.exceptions.OMException: Unable to get file status: volume: volume94811 bucket: bucket46332 key: testBatchDelete/parent/child3
	at org.apache.hadoop.ozone.om.KeyManagerImpl.getOzoneFileStatus(KeyManagerImpl.java:1311) ~[ozone-manager-1.3.0-SNAPSHOT.jar:?]
	at org.apache.hadoop.ozone.om.KeyManagerImpl.getFileStatus(KeyManagerImpl.java:1241) ~[ozone-manager-1.3.0-SNAPSHOT.jar:?]
	at org.apache.hadoop.ozone.om.OzoneManager.getFileStatus(OzoneManager.java:3419) ~[ozone-manager-1.3.0-SNAPSHOT.jar:?]
	at org.apache.hadoop.ozone.protocolPB.OzoneManagerRequestHandler.getOzoneFileStatus(OzoneManagerRequestHandler.java:871) ~[ozone-manager-1.3.0-SNAPSHOT.jar:?]
	at org.apache.hadoop.ozone.protocolPB.OzoneManagerRequestHandler.handleReadRequest(OzoneManagerRequestHandler.java:217) ~[ozone-manager-1.3.0-SNAPSHOT.jar:?]
	at org.apache.hadoop.ozone.protocolPB.OzoneManagerProtocolServerSideTranslatorPB.submitRequestDirectlyToOM(OzoneManagerProtocolServerSideTranslatorPB.java:276) ~[ozone-manager-1.3.0-SNAPSHOT.jar:?]
	at org.apache.hadoop.ozone.protocolPB.OzoneManagerProtocolServerSideTranslatorPB.processRequest(OzoneManagerProtocolServerSideTranslatorPB.java:205) ~[ozone-manager-1.3.0-SNAPSHOT.jar:?]
	at org.apache.hadoop.hdds.server.OzoneProtocolMessageDispatcher.processRequest(OzoneProtocolMessageDispatcher.java:87) [hdds-server-framework-1.3.0-SNAPSHOT.jar:?]
	at org.apache.hadoop.ozone.protocolPB.OzoneManagerProtocolServerSideTranslatorPB.submitRequest(OzoneManagerProtocolServerSideTranslatorPB.java:147) [ozone-manager-1.3.0-SNAPSHOT.jar:?]
	at org.apache.hadoop.ozone.protocol.proto.OzoneManagerProtocolProtos$OzoneManagerService$2.callBlockingMethod(OzoneManagerProtocolProtos.java) [ozone-interface-client-1.3.0-SNAPSHOT.jar:?]
	at org.apache.hadoop.ipc.ProtobufRpcEngine$Server.processCall(ProtobufRpcEngine.java:466) [hadoop-common-3.3.1.jar:?]
	at org.apache.hadoop.ipc.ProtobufRpcEngine2$Server$ProtoBufRpcInvoker.call(ProtobufRpcEngine2.java:574) [hadoop-common-3.3.1.jar:?]
	at org.apache.hadoop.ipc.ProtobufRpcEngine2$Server$ProtoBufRpcInvoker.call(ProtobufRpcEngine2.java:552) [hadoop-common-3.3.1.jar:?]
	at org.apache.hadoop.ipc.RPC$Server.call(RPC.java:1093) [hadoop-common-3.3.1.jar:?]
	at org.apache.hadoop.ipc.Server$RpcCall.run(Server.java:1035) [hadoop-common-3.3.1.jar:?]
	at org.apache.hadoop.ipc.Server$RpcCall.run(Server.java:963) [hadoop-common-3.3.1.jar:?]
	at java.security.AccessController.doPrivileged(Native Method) ~[?:1.8.0_332]
	at javax.security.auth.Subject.doAs(Subject.java:422) [?:1.8.0_332]
	at org.apache.hadoop.security.UserGroupInformation.doAs(UserGroupInformation.java:1878) [hadoop-common-3.3.1.jar:?]
	at org.apache.hadoop.ipc.Server$Handler.run(Server.java:2966) [hadoop-common-3.3.1.jar:?]
21:06:36.486 [IPC Server handler 16 on default port 37581] ERROR OMAudit - user=runner | ip=127.0.0.1 | op=GET_FILE_STATUS {volume=volume94811, bucket=bucket46332, key=testBatchDelete/parent/childFolder/child3, dataSize=0, replicationConfig=null} | ret=FAILURE
org.apache.hadoop.ozone.om.exceptions.OMException: Unable to get file status: volume: volume94811 bucket: bucket46332 key: testBatchDelete/parent/childFolder/child3
	at org.apache.hadoop.ozone.om.KeyManagerImpl.getOzoneFileStatus(KeyManagerImpl.java:1311) ~[ozone-manager-1.3.0-SNAPSHOT.jar:?]
	at org.apache.hadoop.ozone.om.KeyManagerImpl.getFileStatus(KeyManagerImpl.java:1241) ~[ozone-manager-1.3.0-SNAPSHOT.jar:?]
	at org.apache.hadoop.ozone.om.OzoneManager.getFileStatus(OzoneManager.java:3419) ~[ozone-manager-1.3.0-SNAPSHOT.jar:?]
	at org.apache.hadoop.ozone.protocolPB.OzoneManagerRequestHandler.getOzoneFileStatus(OzoneManagerRequestHandler.java:871) ~[ozone-manager-1.3.0-SNAPSHOT.jar:?]
	at org.apache.hadoop.ozone.protocolPB.OzoneManagerRequestHandler.handleReadRequest(OzoneManagerRequestHandler.java:217) ~[ozone-manager-1.3.0-SNAPSHOT.jar:?]
	at org.apache.hadoop.ozone.protocolPB.OzoneManagerProtocolServerSideTranslatorPB.submitRequestDirectlyToOM(OzoneManagerProtocolServerSideTranslatorPB.java:276) ~[ozone-manager-1.3.0-SNAPSHOT.jar:?]
	at org.apache.hadoop.ozone.protocolPB.OzoneManagerProtocolServerSideTranslatorPB.processRequest(OzoneManagerProtocolServerSideTranslatorPB.java:205) ~[ozone-manager-1.3.0-SNAPSHOT.jar:?]
	at org.apache.hadoop.hdds.server.OzoneProtocolMessageDispatcher.processRequest(OzoneProtocolMessageDispatcher.java:87) [hdds-server-framework-1.3.0-SNAPSHOT.jar:?]
	at org.apache.hadoop.ozone.protocolPB.OzoneManagerProtocolServerSideTranslatorPB.submitRequest(OzoneManagerProtocolServerSideTranslatorPB.java:147) [ozone-manager-1.3.0-SNAPSHOT.jar:?]
	at org.apache.hadoop.ozone.protocol.proto.OzoneManagerProtocolProtos$OzoneManagerService$2.callBlockingMethod(OzoneManagerProtocolProtos.java) [ozone-interface-client-1.3.0-SNAPSHOT.jar:?]
	at org.apache.hadoop.ipc.ProtobufRpcEngine$Server.processCall(ProtobufRpcEngine.java:466) [hadoop-common-3.3.1.jar:?]
	at org.apache.hadoop.ipc.ProtobufRpcEngine2$Server$ProtoBufRpcInvoker.call(ProtobufRpcEngine2.java:574) [hadoop-common-3.3.1.jar:?]
	at org.apache.hadoop.ipc.ProtobufRpcEngine2$Server$ProtoBufRpcInvoker.call(ProtobufRpcEngine2.java:552) [hadoop-common-3.3.1.jar:?]
	at org.apache.hadoop.ipc.RPC$Server.call(RPC.java:1093) [hadoop-common-3.3.1.jar:?]
	at org.apache.hadoop.ipc.Server$RpcCall.run(Server.java:1035) [hadoop-common-3.3.1.jar:?]
	at org.apache.hadoop.ipc.Server$RpcCall.run(Server.java:963) [hadoop-common-3.3.1.jar:?]
	at java.security.AccessController.doPrivileged(Native Method) ~[?:1.8.0_332]
	at javax.security.auth.Subject.doAs(Subject.java:422) [?:1.8.0_332]
	at org.apache.hadoop.security.UserGroupInformation.doAs(UserGroupInformation.java:1878) [hadoop-common-3.3.1.jar:?]
	at org.apache.hadoop.ipc.Server$Handler.run(Server.java:2966) [hadoop-common-3.3.1.jar:?]
21:06:36.487 [IPC Server handler 15 on default port 37581] ERROR OMAudit - user=runner | ip=127.0.0.1 | op=GET_FILE_STATUS {volume=volume94811, bucket=bucket46332, key=testBatchDelete/parent/child4, dataSize=0, replicationConfig=null} | ret=FAILURE
org.apache.hadoop.ozone.om.exceptions.OMException: Unable to get file status: volume: volume94811 bucket: bucket46332 key: testBatchDelete/parent/child4
	at org.apache.hadoop.ozone.om.KeyManagerImpl.getOzoneFileStatus(KeyManagerImpl.java:1311) ~[ozone-manager-1.3.0-SNAPSHOT.jar:?]
	at org.apache.hadoop.ozone.om.KeyManagerImpl.getFileStatus(KeyManagerImpl.java:1241) ~[ozone-manager-1.3.0-SNAPSHOT.jar:?]
	at org.apache.hadoop.ozone.om.OzoneManager.getFileStatus(OzoneManager.java:3419) ~[ozone-manager-1.3.0-SNAPSHOT.jar:?]
	at org.apache.hadoop.ozone.protocolPB.OzoneManagerRequestHandler.getOzoneFileStatus(OzoneManagerRequestHandler.java:871) ~[ozone-manager-1.3.0-SNAPSHOT.jar:?]
	at org.apache.hadoop.ozone.protocolPB.OzoneManagerRequestHandler.handleReadRequest(OzoneManagerRequestHandler.java:217) ~[ozone-manager-1.3.0-SNAPSHOT.jar:?]
	at org.apache.hadoop.ozone.protocolPB.OzoneManagerProtocolServerSideTranslatorPB.submitRequestDirectlyToOM(OzoneManagerProtocolServerSideTranslatorPB.java:276) ~[ozone-manager-1.3.0-SNAPSHOT.jar:?]
	at org.apache.hadoop.ozone.protocolPB.OzoneManagerProtocolServerSideTranslatorPB.processRequest(OzoneManagerProtocolServerSideTranslatorPB.java:205) ~[ozone-manager-1.3.0-SNAPSHOT.jar:?]
	at org.apache.hadoop.hdds.server.OzoneProtocolMessageDispatcher.processRequest(OzoneProtocolMessageDispatcher.java:87) [hdds-server-framework-1.3.0-SNAPSHOT.jar:?]
	at org.apache.hadoop.ozone.protocolPB.OzoneManagerProtocolServerSideTranslatorPB.submitRequest(OzoneManagerProtocolServerSideTranslatorPB.java:147) [ozone-manager-1.3.0-SNAPSHOT.jar:?]
	at org.apache.hadoop.ozone.protocol.proto.OzoneManagerProtocolProtos$OzoneManagerService$2.callBlockingMethod(OzoneManagerProtocolProtos.java) [ozone-interface-client-1.3.0-SNAPSHOT.jar:?]
	at org.apache.hadoop.ipc.ProtobufRpcEngine$Server.processCall(ProtobufRpcEngine.java:466) [hadoop-common-3.3.1.jar:?]
	at org.apache.hadoop.ipc.ProtobufRpcEngine2$Server$ProtoBufRpcInvoker.call(ProtobufRpcEngine2.java:574) [hadoop-common-3.3.1.jar:?]
	at org.apache.hadoop.ipc.ProtobufRpcEngine2$Server$ProtoBufRpcInvoker.call(ProtobufRpcEngine2.java:552) [hadoop-common-3.3.1.jar:?]
	at org.apache.hadoop.ipc.RPC$Server.call(RPC.java:1093) [hadoop-common-3.3.1.jar:?]
	at org.apache.hadoop.ipc.Server$RpcCall.run(Server.java:1035) [hadoop-common-3.3.1.jar:?]
	at org.apache.hadoop.ipc.Server$RpcCall.run(Server.java:963) [hadoop-common-3.3.1.jar:?]
	at java.security.AccessController.doPrivileged(Native Method) ~[?:1.8.0_332]
	at javax.security.auth.Subject.doAs(Subject.java:422) [?:1.8.0_332]
	at org.apache.hadoop.security.UserGroupInformation.doAs(UserGroupInformation.java:1878) [hadoop-common-3.3.1.jar:?]
	at org.apache.hadoop.ipc.Server$Handler.run(Server.java:2966) [hadoop-common-3.3.1.jar:?]
21:06:36.488 [IPC Server handler 1 on default port 37581] ERROR OMAudit - user=runner | ip=127.0.0.1 | op=GET_FILE_STATUS {volume=volume94811, bucket=bucket46332, key=testBatchDelete/parent/childFolder/child4, dataSize=0, replicationConfig=null} | ret=FAILURE
org.apache.hadoop.ozone.om.exceptions.OMException: Unable to get file status: volume: volume94811 bucket: bucket46332 key: testBatchDelete/parent/childFolder/child4
	at org.apache.hadoop.ozone.om.KeyManagerImpl.getOzoneFileStatus(KeyManagerImpl.java:1311) ~[ozone-manager-1.3.0-SNAPSHOT.jar:?]
	at org.apache.hadoop.ozone.om.KeyManagerImpl.getFileStatus(KeyManagerImpl.java:1241) ~[ozone-manager-1.3.0-SNAPSHOT.jar:?]
	at org.apache.hadoop.ozone.om.OzoneManager.getFileStatus(OzoneManager.java:3419) ~[ozone-manager-1.3.0-SNAPSHOT.jar:?]
	at org.apache.hadoop.ozone.protocolPB.OzoneManagerRequestHandler.getOzoneFileStatus(OzoneManagerRequestHandler.java:871) ~[ozone-manager-1.3.0-SNAPSHOT.jar:?]
	at org.apache.hadoop.ozone.protocolPB.OzoneManagerRequestHandler.handleReadRequest(OzoneManagerRequestHandler.java:217) ~[ozone-manager-1.3.0-SNAPSHOT.jar:?]
	at org.apache.hadoop.ozone.protocolPB.OzoneManagerProtocolServerSideTranslatorPB.submitRequestDirectlyToOM(OzoneManagerProtocolServerSideTranslatorPB.java:276) ~[ozone-manager-1.3.0-SNAPSHOT.jar:?]
	at org.apache.hadoop.ozone.protocolPB.OzoneManagerProtocolServerSideTranslatorPB.processRequest(OzoneManagerProtocolServerSideTranslatorPB.java:205) ~[ozone-manager-1.3.0-SNAPSHOT.jar:?]
	at org.apache.hadoop.hdds.server.OzoneProtocolMessageDispatcher.processRequest(OzoneProtocolMessageDispatcher.java:87) [hdds-server-framework-1.3.0-SNAPSHOT.jar:?]
	at org.apache.hadoop.ozone.protocolPB.OzoneManagerProtocolServerSideTranslatorPB.submitRequest(OzoneManagerProtocolServerSideTranslatorPB.java:147) [ozone-manager-1.3.0-SNAPSHOT.jar:?]
	at org.apache.hadoop.ozone.protocol.proto.OzoneManagerProtocolProtos$OzoneManagerService$2.callBlockingMethod(OzoneManagerProtocolProtos.java) [ozone-interface-client-1.3.0-SNAPSHOT.jar:?]
	at org.apache.hadoop.ipc.ProtobufRpcEngine$Server.processCall(ProtobufRpcEngine.java:466) [hadoop-common-3.3.1.jar:?]
	at org.apache.hadoop.ipc.ProtobufRpcEngine2$Server$ProtoBufRpcInvoker.call(ProtobufRpcEngine2.java:574) [hadoop-common-3.3.1.jar:?]
	at org.apache.hadoop.ipc.ProtobufRpcEngine2$Server$ProtoBufRpcInvoker.call(ProtobufRpcEngine2.java:552) [hadoop-common-3.3.1.jar:?]
	at org.apache.hadoop.ipc.RPC$Server.call(RPC.java:1093) [hadoop-common-3.3.1.jar:?]
	at org.apache.hadoop.ipc.Server$RpcCall.run(Server.java:1035) [hadoop-common-3.3.1.jar:?]
	at org.apache.hadoop.ipc.Server$RpcCall.run(Server.java:963) [hadoop-common-3.3.1.jar:?]
	at java.security.AccessController.doPrivileged(Native Method) ~[?:1.8.0_332]
	at javax.security.auth.Subject.doAs(Subject.java:422) [?:1.8.0_332]
	at org.apache.hadoop.security.UserGroupInformation.doAs(UserGroupInformation.java:1878) [hadoop-common-3.3.1.jar:?]
	at org.apache.hadoop.ipc.Server$Handler.run(Server.java:2966) [hadoop-common-3.3.1.jar:?]
21:06:36.489 [IPC Server handler 13 on default port 37581] ERROR OMAudit - user=runner | ip=127.0.0.1 | op=GET_FILE_STATUS {volume=volume94811, bucket=bucket46332, key=testBatchDelete/parent/child5, dataSize=0, replicationConfig=null} | ret=FAILURE
org.apache.hadoop.ozone.om.exceptions.OMException: Unable to get file status: volume: volume94811 bucket: bucket46332 key: testBatchDelete/parent/child5
	at org.apache.hadoop.ozone.om.KeyManagerImpl.getOzoneFileStatus(KeyManagerImpl.java:1311) ~[ozone-manager-1.3.0-SNAPSHOT.jar:?]
	at org.apache.hadoop.ozone.om.KeyManagerImpl.getFileStatus(KeyManagerImpl.java:1241) ~[ozone-manager-1.3.0-SNAPSHOT.jar:?]
	at org.apache.hadoop.ozone.om.OzoneManager.getFileStatus(OzoneManager.java:3419) ~[ozone-manager-1.3.0-SNAPSHOT.jar:?]
	at org.apache.hadoop.ozone.protocolPB.OzoneManagerRequestHandler.getOzoneFileStatus(OzoneManagerRequestHandler.java:871) ~[ozone-manager-1.3.0-SNAPSHOT.jar:?]
	at org.apache.hadoop.ozone.protocolPB.OzoneManagerRequestHandler.handleReadRequest(OzoneManagerRequestHandler.java:217) ~[ozone-manager-1.3.0-SNAPSHOT.jar:?]
	at org.apache.hadoop.ozone.protocolPB.OzoneManagerProtocolServerSideTranslatorPB.submitRequestDirectlyToOM(OzoneManagerProtocolServerSideTranslatorPB.java:276) ~[ozone-manager-1.3.0-SNAPSHOT.jar:?]
	at org.apache.hadoop.ozone.protocolPB.OzoneManagerProtocolServerSideTranslatorPB.processRequest(OzoneManagerProtocolServerSideTranslatorPB.java:205) ~[ozone-manager-1.3.0-SNAPSHOT.jar:?]
	at org.apache.hadoop.hdds.server.OzoneProtocolMessageDispatcher.processRequest(OzoneProtocolMessageDispatcher.java:87) [hdds-server-framework-1.3.0-SNAPSHOT.jar:?]
	at org.apache.hadoop.ozone.protocolPB.OzoneManagerProtocolServerSideTranslatorPB.submitRequest(OzoneManagerProtocolServerSideTranslatorPB.java:147) [ozone-manager-1.3.0-SNAPSHOT.jar:?]
	at org.apache.hadoop.ozone.protocol.proto.OzoneManagerProtocolProtos$OzoneManagerService$2.callBlockingMethod(OzoneManagerProtocolProtos.java) [ozone-interface-client-1.3.0-SNAPSHOT.jar:?]
	at org.apache.hadoop.ipc.ProtobufRpcEngine$Server.processCall(ProtobufRpcEngine.java:466) [hadoop-common-3.3.1.jar:?]
	at org.apache.hadoop.ipc.ProtobufRpcEngine2$Server$ProtoBufRpcInvoker.call(ProtobufRpcEngine2.java:574) [hadoop-common-3.3.1.jar:?]
	at org.apache.hadoop.ipc.ProtobufRpcEngine2$Server$ProtoBufRpcInvoker.call(ProtobufRpcEngine2.java:552) [hadoop-common-3.3.1.jar:?]
	at org.apache.hadoop.ipc.RPC$Server.call(RPC.java:1093) [hadoop-common-3.3.1.jar:?]
	at org.apache.hadoop.ipc.Server$RpcCall.run(Server.java:1035) [hadoop-common-3.3.1.jar:?]
	at org.apache.hadoop.ipc.Server$RpcCall.run(Server.java:963) [hadoop-common-3.3.1.jar:?]
	at java.security.AccessController.doPrivileged(Native Method) ~[?:1.8.0_332]
	at javax.security.auth.Subject.doAs(Subject.java:422) [?:1.8.0_332]
	at org.apache.hadoop.security.UserGroupInformation.doAs(UserGroupInformation.java:1878) [hadoop-common-3.3.1.jar:?]
	at org.apache.hadoop.ipc.Server$Handler.run(Server.java:2966) [hadoop-common-3.3.1.jar:?]
21:06:36.491 [IPC Server handler 10 on default port 37581] ERROR OMAudit - user=runner | ip=127.0.0.1 | op=GET_FILE_STATUS {volume=volume94811, bucket=bucket46332, key=testBatchDelete/parent/childFolder/child5, dataSize=0, replicationConfig=null} | ret=FAILURE
org.apache.hadoop.ozone.om.exceptions.OMException: Unable to get file status: volume: volume94811 bucket: bucket46332 key: testBatchDelete/parent/childFolder/child5
	at org.apache.hadoop.ozone.om.KeyManagerImpl.getOzoneFileStatus(KeyManagerImpl.java:1311) ~[ozone-manager-1.3.0-SNAPSHOT.jar:?]
	at org.apache.hadoop.ozone.om.KeyManagerImpl.getFileStatus(KeyManagerImpl.java:1241) ~[ozone-manager-1.3.0-SNAPSHOT.jar:?]
	at org.apache.hadoop.ozone.om.OzoneManager.getFileStatus(OzoneManager.java:3419) ~[ozone-manager-1.3.0-SNAPSHOT.jar:?]
	at org.apache.hadoop.ozone.protocolPB.OzoneManagerRequestHandler.getOzoneFileStatus(OzoneManagerRequestHandler.java:871) ~[ozone-manager-1.3.0-SNAPSHOT.jar:?]
	at org.apache.hadoop.ozone.protocolPB.OzoneManagerRequestHandler.handleReadRequest(OzoneManagerRequestHandler.java:217) ~[ozone-manager-1.3.0-SNAPSHOT.jar:?]
	at org.apache.hadoop.ozone.protocolPB.OzoneManagerProtocolServerSideTranslatorPB.submitRequestDirectlyToOM(OzoneManagerProtocolServerSideTranslatorPB.java:276) ~[ozone-manager-1.3.0-SNAPSHOT.jar:?]
	at org.apache.hadoop.ozone.protocolPB.OzoneManagerProtocolServerSideTranslatorPB.processRequest(OzoneManagerProtocolServerSideTranslatorPB.java:205) ~[ozone-manager-1.3.0-SNAPSHOT.jar:?]
	at org.apache.hadoop.hdds.server.OzoneProtocolMessageDispatcher.processRequest(OzoneProtocolMessageDispatcher.java:87) [hdds-server-framework-1.3.0-SNAPSHOT.jar:?]
	at org.apache.hadoop.ozone.protocolPB.OzoneManagerProtocolServerSideTranslatorPB.submitRequest(OzoneManagerProtocolServerSideTranslatorPB.java:147) [ozone-manager-1.3.0-SNAPSHOT.jar:?]
	at org.apache.hadoop.ozone.protocol.proto.OzoneManagerProtocolProtos$OzoneManagerService$2.callBlockingMethod(OzoneManagerProtocolProtos.java) [ozone-interface-client-1.3.0-SNAPSHOT.jar:?]
	at org.apache.hadoop.ipc.ProtobufRpcEngine$Server.processCall(ProtobufRpcEngine.java:466) [hadoop-common-3.3.1.jar:?]
	at org.apache.hadoop.ipc.ProtobufRpcEngine2$Server$ProtoBufRpcInvoker.call(ProtobufRpcEngine2.java:574) [hadoop-common-3.3.1.jar:?]
	at org.apache.hadoop.ipc.ProtobufRpcEngine2$Server$ProtoBufRpcInvoker.call(ProtobufRpcEngine2.java:552) [hadoop-common-3.3.1.jar:?]
	at org.apache.hadoop.ipc.RPC$Server.call(RPC.java:1093) [hadoop-common-3.3.1.jar:?]
	at org.apache.hadoop.ipc.Server$RpcCall.run(Server.java:1035) [hadoop-common-3.3.1.jar:?]
	at org.apache.hadoop.ipc.Server$RpcCall.run(Server.java:963) [hadoop-common-3.3.1.jar:?]
	at java.security.AccessController.doPrivileged(Native Method) ~[?:1.8.0_332]
	at javax.security.auth.Subject.doAs(Subject.java:422) [?:1.8.0_332]
	at org.apache.hadoop.security.UserGroupInformation.doAs(UserGroupInformation.java:1878) [hadoop-common-3.3.1.jar:?]
	at org.apache.hadoop.ipc.Server$Handler.run(Server.java:2966) [hadoop-common-3.3.1.jar:?]
21:06:36.492 [IPC Server handler 19 on default port 37581] ERROR OMAudit - user=runner | ip=127.0.0.1 | op=GET_FILE_STATUS {volume=volume94811, bucket=bucket46332, key=testBatchDelete/parent/child6, dataSize=0, replicationConfig=null} | ret=FAILURE
org.apache.hadoop.ozone.om.exceptions.OMException: Unable to get file status: volume: volume94811 bucket: bucket46332 key: testBatchDelete/parent/child6
	at org.apache.hadoop.ozone.om.KeyManagerImpl.getOzoneFileStatus(KeyManagerImpl.java:1311) ~[ozone-manager-1.3.0-SNAPSHOT.jar:?]
	at org.apache.hadoop.ozone.om.KeyManagerImpl.getFileStatus(KeyManagerImpl.java:1241) ~[ozone-manager-1.3.0-SNAPSHOT.jar:?]
	at org.apache.hadoop.ozone.om.OzoneManager.getFileStatus(OzoneManager.java:3419) ~[ozone-manager-1.3.0-SNAPSHOT.jar:?]
	at org.apache.hadoop.ozone.protocolPB.OzoneManagerRequestHandler.getOzoneFileStatus(OzoneManagerRequestHandler.java:871) ~[ozone-manager-1.3.0-SNAPSHOT.jar:?]
	at org.apache.hadoop.ozone.protocolPB.OzoneManagerRequestHandler.handleReadRequest(OzoneManagerRequestHandler.java:217) ~[ozone-manager-1.3.0-SNAPSHOT.jar:?]
	at org.apache.hadoop.ozone.protocolPB.OzoneManagerProtocolServerSideTranslatorPB.submitRequestDirectlyToOM(OzoneManagerProtocolServerSideTranslatorPB.java:276) ~[ozone-manager-1.3.0-SNAPSHOT.jar:?]
	at org.apache.hadoop.ozone.protocolPB.OzoneManagerProtocolServerSideTranslatorPB.processRequest(OzoneManagerProtocolServerSideTranslatorPB.java:205) ~[ozone-manager-1.3.0-SNAPSHOT.jar:?]
	at org.apache.hadoop.hdds.server.OzoneProtocolMessageDispatcher.processRequest(OzoneProtocolMessageDispatcher.java:87) [hdds-server-framework-1.3.0-SNAPSHOT.jar:?]
	at org.apache.hadoop.ozone.protocolPB.OzoneManagerProtocolServerSideTranslatorPB.submitRequest(OzoneManagerProtocolServerSideTranslatorPB.java:147) [ozone-manager-1.3.0-SNAPSHOT.jar:?]
	at org.apache.hadoop.ozone.protocol.proto.OzoneManagerProtocolProtos$OzoneManagerService$2.callBlockingMethod(OzoneManagerProtocolProtos.java) [ozone-interface-client-1.3.0-SNAPSHOT.jar:?]
	at org.apache.hadoop.ipc.ProtobufRpcEngine$Server.processCall(ProtobufRpcEngine.java:466) [hadoop-common-3.3.1.jar:?]
	at org.apache.hadoop.ipc.ProtobufRpcEngine2$Server$ProtoBufRpcInvoker.call(ProtobufRpcEngine2.java:574) [hadoop-common-3.3.1.jar:?]
	at org.apache.hadoop.ipc.ProtobufRpcEngine2$Server$ProtoBufRpcInvoker.call(ProtobufRpcEngine2.java:552) [hadoop-common-3.3.1.jar:?]
	at org.apache.hadoop.ipc.RPC$Server.call(RPC.java:1093) [hadoop-common-3.3.1.jar:?]
	at org.apache.hadoop.ipc.Server$RpcCall.run(Server.java:1035) [hadoop-common-3.3.1.jar:?]
	at org.apache.hadoop.ipc.Server$RpcCall.run(Server.java:963) [hadoop-common-3.3.1.jar:?]
	at java.security.AccessController.doPrivileged(Native Method) ~[?:1.8.0_332]
	at javax.security.auth.Subject.doAs(Subject.java:422) [?:1.8.0_332]
	at org.apache.hadoop.security.UserGroupInformation.doAs(UserGroupInformation.java:1878) [hadoop-common-3.3.1.jar:?]
	at org.apache.hadoop.ipc.Server$Handler.run(Server.java:2966) [hadoop-common-3.3.1.jar:?]
21:06:36.496 [IPC Server handler 5 on default port 37581] ERROR OMAudit - user=runner | ip=127.0.0.1 | op=GET_FILE_STATUS {volume=volume94811, bucket=bucket46332, key=testBatchDelete/parent/childFolder/child6, dataSize=0, replicationConfig=null} | ret=FAILURE
org.apache.hadoop.ozone.om.exceptions.OMException: Unable to get file status: volume: volume94811 bucket: bucket46332 key: testBatchDelete/parent/childFolder/child6
	at org.apache.hadoop.ozone.om.KeyManagerImpl.getOzoneFileStatus(KeyManagerImpl.java:1311) ~[ozone-manager-1.3.0-SNAPSHOT.jar:?]
	at org.apache.hadoop.ozone.om.KeyManagerImpl.getFileStatus(KeyManagerImpl.java:1241) ~[ozone-manager-1.3.0-SNAPSHOT.jar:?]
	at org.apache.hadoop.ozone.om.OzoneManager.getFileStatus(OzoneManager.java:3419) ~[ozone-manager-1.3.0-SNAPSHOT.jar:?]
	at org.apache.hadoop.ozone.protocolPB.OzoneManagerRequestHandler.getOzoneFileStatus(OzoneManagerRequestHandler.java:871) ~[ozone-manager-1.3.0-SNAPSHOT.jar:?]
	at org.apache.hadoop.ozone.protocolPB.OzoneManagerRequestHandler.handleReadRequest(OzoneManagerRequestHandler.java:217) ~[ozone-manager-1.3.0-SNAPSHOT.jar:?]
	at org.apache.hadoop.ozone.protocolPB.OzoneManagerProtocolServerSideTranslatorPB.submitRequestDirectlyToOM(OzoneManagerProtocolServerSideTranslatorPB.java:276) ~[ozone-manager-1.3.0-SNAPSHOT.jar:?]
	at org.apache.hadoop.ozone.protocolPB.OzoneManagerProtocolServerSideTranslatorPB.processRequest(OzoneManagerProtocolServerSideTranslatorPB.java:205) ~[ozone-manager-1.3.0-SNAPSHOT.jar:?]
	at org.apache.hadoop.hdds.server.OzoneProtocolMessageDispatcher.processRequest(OzoneProtocolMessageDispatcher.java:87) [hdds-server-framework-1.3.0-SNAPSHOT.jar:?]
	at org.apache.hadoop.ozone.protocolPB.OzoneManagerProtocolServerSideTranslatorPB.submitRequest(OzoneManagerProtocolServerSideTranslatorPB.java:147) [ozone-manager-1.3.0-SNAPSHOT.jar:?]
	at org.apache.hadoop.ozone.protocol.proto.OzoneManagerProtocolProtos$OzoneManagerService$2.callBlockingMethod(OzoneManagerProtocolProtos.java) [ozone-interface-client-1.3.0-SNAPSHOT.jar:?]
	at org.apache.hadoop.ipc.ProtobufRpcEngine$Server.processCall(ProtobufRpcEngine.java:466) [hadoop-common-3.3.1.jar:?]
	at org.apache.hadoop.ipc.ProtobufRpcEngine2$Server$ProtoBufRpcInvoker.call(ProtobufRpcEngine2.java:574) [hadoop-common-3.3.1.jar:?]
	at org.apache.hadoop.ipc.ProtobufRpcEngine2$Server$ProtoBufRpcInvoker.call(ProtobufRpcEngine2.java:552) [hadoop-common-3.3.1.jar:?]
	at org.apache.hadoop.ipc.RPC$Server.call(RPC.java:1093) [hadoop-common-3.3.1.jar:?]
	at org.apache.hadoop.ipc.Server$RpcCall.run(Server.java:1035) [hadoop-common-3.3.1.jar:?]
	at org.apache.hadoop.ipc.Server$RpcCall.run(Server.java:963) [hadoop-common-3.3.1.jar:?]
	at java.security.AccessController.doPrivileged(Native Method) ~[?:1.8.0_332]
	at javax.security.auth.Subject.doAs(Subject.java:422) [?:1.8.0_332]
	at org.apache.hadoop.security.UserGroupInformation.doAs(UserGroupInformation.java:1878) [hadoop-common-3.3.1.jar:?]
	at org.apache.hadoop.ipc.Server$Handler.run(Server.java:2966) [hadoop-common-3.3.1.jar:?]
21:06:36.497 [IPC Server handler 12 on default port 37581] ERROR OMAudit - user=runner | ip=127.0.0.1 | op=GET_FILE_STATUS {volume=volume94811, bucket=bucket46332, key=testBatchDelete/parent/child7, dataSize=0, replicationConfig=null} | ret=FAILURE
org.apache.hadoop.ozone.om.exceptions.OMException: Unable to get file status: volume: volume94811 bucket: bucket46332 key: testBatchDelete/parent/child7
	at org.apache.hadoop.ozone.om.KeyManagerImpl.getOzoneFileStatus(KeyManagerImpl.java:1311) ~[ozone-manager-1.3.0-SNAPSHOT.jar:?]
	at org.apache.hadoop.ozone.om.KeyManagerImpl.getFileStatus(KeyManagerImpl.java:1241) ~[ozone-manager-1.3.0-SNAPSHOT.jar:?]
	at org.apache.hadoop.ozone.om.OzoneManager.getFileStatus(OzoneManager.java:3419) ~[ozone-manager-1.3.0-SNAPSHOT.jar:?]
	at org.apache.hadoop.ozone.protocolPB.OzoneManagerRequestHandler.getOzoneFileStatus(OzoneManagerRequestHandler.java:871) ~[ozone-manager-1.3.0-SNAPSHOT.jar:?]
	at org.apache.hadoop.ozone.protocolPB.OzoneManagerRequestHandler.handleReadRequest(OzoneManagerRequestHandler.java:217) ~[ozone-manager-1.3.0-SNAPSHOT.jar:?]
	at org.apache.hadoop.ozone.protocolPB.OzoneManagerProtocolServerSideTranslatorPB.submitRequestDirectlyToOM(OzoneManagerProtocolServerSideTranslatorPB.java:276) ~[ozone-manager-1.3.0-SNAPSHOT.jar:?]
	at org.apache.hadoop.ozone.protocolPB.OzoneManagerProtocolServerSideTranslatorPB.processRequest(OzoneManagerProtocolServerSideTranslatorPB.java:205) ~[ozone-manager-1.3.0-SNAPSHOT.jar:?]
	at org.apache.hadoop.hdds.server.OzoneProtocolMessageDispatcher.processRequest(OzoneProtocolMessageDispatcher.java:87) [hdds-server-framework-1.3.0-SNAPSHOT.jar:?]
	at org.apache.hadoop.ozone.protocolPB.OzoneManagerProtocolServerSideTranslatorPB.submitRequest(OzoneManagerProtocolServerSideTranslatorPB.java:147) [ozone-manager-1.3.0-SNAPSHOT.jar:?]
	at org.apache.hadoop.ozone.protocol.proto.OzoneManagerProtocolProtos$OzoneManagerService$2.callBlockingMethod(OzoneManagerProtocolProtos.java) [ozone-interface-client-1.3.0-SNAPSHOT.jar:?]
	at org.apache.hadoop.ipc.ProtobufRpcEngine$Server.processCall(ProtobufRpcEngine.java:466) [hadoop-common-3.3.1.jar:?]
	at org.apache.hadoop.ipc.ProtobufRpcEngine2$Server$ProtoBufRpcInvoker.call(ProtobufRpcEngine2.java:574) [hadoop-common-3.3.1.jar:?]
	at org.apache.hadoop.ipc.ProtobufRpcEngine2$Server$ProtoBufRpcInvoker.call(ProtobufRpcEngine2.java:552) [hadoop-common-3.3.1.jar:?]
	at org.apache.hadoop.ipc.RPC$Server.call(RPC.java:1093) [hadoop-common-3.3.1.jar:?]
	at org.apache.hadoop.ipc.Server$RpcCall.run(Server.java:1035) [hadoop-common-3.3.1.jar:?]
	at org.apache.hadoop.ipc.Server$RpcCall.run(Server.java:963) [hadoop-common-3.3.1.jar:?]
	at java.security.AccessController.doPrivileged(Native Method) ~[?:1.8.0_332]
	at javax.security.auth.Subject.doAs(Subject.java:422) [?:1.8.0_332]
	at org.apache.hadoop.security.UserGroupInformation.doAs(UserGroupInformation.java:1878) [hadoop-common-3.3.1.jar:?]
	at org.apache.hadoop.ipc.Server$Handler.run(Server.java:2966) [hadoop-common-3.3.1.jar:?]
21:06:36.499 [IPC Server handler 8 on default port 37581] ERROR OMAudit - user=runner | ip=127.0.0.1 | op=GET_FILE_STATUS {volume=volume94811, bucket=bucket46332, key=testBatchDelete/parent/childFolder/child7, dataSize=0, replicationConfig=null} | ret=FAILURE
org.apache.hadoop.ozone.om.exceptions.OMException: Unable to get file status: volume: volume94811 bucket: bucket46332 key: testBatchDelete/parent/childFolder/child7
	at org.apache.hadoop.ozone.om.KeyManagerImpl.getOzoneFileStatus(KeyManagerImpl.java:1311) ~[ozone-manager-1.3.0-SNAPSHOT.jar:?]
	at org.apache.hadoop.ozone.om.KeyManagerImpl.getFileStatus(KeyManagerImpl.java:1241) ~[ozone-manager-1.3.0-SNAPSHOT.jar:?]
	at org.apache.hadoop.ozone.om.OzoneManager.getFileStatus(OzoneManager.java:3419) ~[ozone-manager-1.3.0-SNAPSHOT.jar:?]
	at org.apache.hadoop.ozone.protocolPB.OzoneManagerRequestHandler.getOzoneFileStatus(OzoneManagerRequestHandler.java:871) ~[ozone-manager-1.3.0-SNAPSHOT.jar:?]
	at org.apache.hadoop.ozone.protocolPB.OzoneManagerRequestHandler.handleReadRequest(OzoneManagerRequestHandler.java:217) ~[ozone-manager-1.3.0-SNAPSHOT.jar:?]
	at org.apache.hadoop.ozone.protocolPB.OzoneManagerProtocolServerSideTranslatorPB.submitRequestDirectlyToOM(OzoneManagerProtocolServerSideTranslatorPB.java:276) ~[ozone-manager-1.3.0-SNAPSHOT.jar:?]
	at org.apache.hadoop.ozone.protocolPB.OzoneManagerProtocolServerSideTranslatorPB.processRequest(OzoneManagerProtocolServerSideTranslatorPB.java:205) ~[ozone-manager-1.3.0-SNAPSHOT.jar:?]
	at org.apache.hadoop.hdds.server.OzoneProtocolMessageDispatcher.processRequest(OzoneProtocolMessageDispatcher.java:87) [hdds-server-framework-1.3.0-SNAPSHOT.jar:?]
	at org.apache.hadoop.ozone.protocolPB.OzoneManagerProtocolServerSideTranslatorPB.submitRequest(OzoneManagerProtocolServerSideTranslatorPB.java:147) [ozone-manager-1.3.0-SNAPSHOT.jar:?]
	at org.apache.hadoop.ozone.protocol.proto.OzoneManagerProtocolProtos$OzoneManagerService$2.callBlockingMethod(OzoneManagerProtocolProtos.java) [ozone-interface-client-1.3.0-SNAPSHOT.jar:?]
	at org.apache.hadoop.ipc.ProtobufRpcEngine$Server.processCall(ProtobufRpcEngine.java:466) [hadoop-common-3.3.1.jar:?]
	at org.apache.hadoop.ipc.ProtobufRpcEngine2$Server$ProtoBufRpcInvoker.call(ProtobufRpcEngine2.java:574) [hadoop-common-3.3.1.jar:?]
	at org.apache.hadoop.ipc.ProtobufRpcEngine2$Server$ProtoBufRpcInvoker.call(ProtobufRpcEngine2.java:552) [hadoop-common-3.3.1.jar:?]
	at org.apache.hadoop.ipc.RPC$Server.call(RPC.java:1093) [hadoop-common-3.3.1.jar:?]
	at org.apache.hadoop.ipc.Server$RpcCall.run(Server.java:1035) [hadoop-common-3.3.1.jar:?]
	at org.apache.hadoop.ipc.Server$RpcCall.run(Server.java:963) [hadoop-common-3.3.1.jar:?]
	at java.security.AccessController.doPrivileged(Native Method) ~[?:1.8.0_332]
	at javax.security.auth.Subject.doAs(Subject.java:422) [?:1.8.0_332]
	at org.apache.hadoop.security.UserGroupInformation.doAs(UserGroupInformation.java:1878) [hadoop-common-3.3.1.jar:?]
	at org.apache.hadoop.ipc.Server$Handler.run(Server.java:2966) [hadoop-common-3.3.1.jar:?]
21:06:36.500 [IPC Server handler 18 on default port 37581] ERROR OMAudit - user=runner | ip=127.0.0.1 | op=GET_FILE_STATUS {volume=volume94811, bucket=bucket46332, key=testBatchDelete/parent, dataSize=0, replicationConfig=null} | ret=FAILURE
org.apache.hadoop.ozone.om.exceptions.OMException: Unable to get file status: volume: volume94811 bucket: bucket46332 key: testBatchDelete/parent
	at org.apache.hadoop.ozone.om.KeyManagerImpl.getOzoneFileStatus(KeyManagerImpl.java:1311) ~[ozone-manager-1.3.0-SNAPSHOT.jar:?]
	at org.apache.hadoop.ozone.om.KeyManagerImpl.getFileStatus(KeyManagerImpl.java:1241) ~[ozone-manager-1.3.0-SNAPSHOT.jar:?]
	at org.apache.hadoop.ozone.om.OzoneManager.getFileStatus(OzoneManager.java:3419) ~[ozone-manager-1.3.0-SNAPSHOT.jar:?]
	at org.apache.hadoop.ozone.protocolPB.OzoneManagerRequestHandler.getOzoneFileStatus(OzoneManagerRequestHandler.java:871) ~[ozone-manager-1.3.0-SNAPSHOT.jar:?]
	at org.apache.hadoop.ozone.protocolPB.OzoneManagerRequestHandler.handleReadRequest(OzoneManagerRequestHandler.java:217) ~[ozone-manager-1.3.0-SNAPSHOT.jar:?]
	at org.apache.hadoop.ozone.protocolPB.OzoneManagerProtocolServerSideTranslatorPB.submitRequestDirectlyToOM(OzoneManagerProtocolServerSideTranslatorPB.java:276) ~[ozone-manager-1.3.0-SNAPSHOT.jar:?]
	at org.apache.hadoop.ozone.protocolPB.OzoneManagerProtocolServerSideTranslatorPB.processRequest(OzoneManagerProtocolServerSideTranslatorPB.java:205) ~[ozone-manager-1.3.0-SNAPSHOT.jar:?]
	at org.apache.hadoop.hdds.server.OzoneProtocolMessageDispatcher.processRequest(OzoneProtocolMessageDispatcher.java:87) [hdds-server-framework-1.3.0-SNAPSHOT.jar:?]
	at org.apache.hadoop.ozone.protocolPB.OzoneManagerProtocolServerSideTranslatorPB.submitRequest(OzoneManagerProtocolServerSideTranslatorPB.java:147) [ozone-manager-1.3.0-SNAPSHOT.jar:?]
	at org.apache.hadoop.ozone.protocol.proto.OzoneManagerProtocolProtos$OzoneManagerService$2.callBlockingMethod(OzoneManagerProtocolProtos.java) [ozone-interface-client-1.3.0-SNAPSHOT.jar:?]
	at org.apache.hadoop.ipc.ProtobufRpcEngine$Server.processCall(ProtobufRpcEngine.java:466) [hadoop-common-3.3.1.jar:?]
	at org.apache.hadoop.ipc.ProtobufRpcEngine2$Server$ProtoBufRpcInvoker.call(ProtobufRpcEngine2.java:574) [hadoop-common-3.3.1.jar:?]
	at org.apache.hadoop.ipc.ProtobufRpcEngine2$Server$ProtoBufRpcInvoker.call(ProtobufRpcEngine2.java:552) [hadoop-common-3.3.1.jar:?]
	at org.apache.hadoop.ipc.RPC$Server.call(RPC.java:1093) [hadoop-common-3.3.1.jar:?]
	at org.apache.hadoop.ipc.Server$RpcCall.run(Server.java:1035) [hadoop-common-3.3.1.jar:?]
	at org.apache.hadoop.ipc.Server$RpcCall.run(Server.java:963) [hadoop-common-3.3.1.jar:?]
	at java.security.AccessController.doPrivileged(Native Method) ~[?:1.8.0_332]
	at javax.security.auth.Subject.doAs(Subject.java:422) [?:1.8.0_332]
	at org.apache.hadoop.security.UserGroupInformation.doAs(UserGroupInformation.java:1878) [hadoop-common-3.3.1.jar:?]
	at org.apache.hadoop.ipc.Server$Handler.run(Server.java:2966) [hadoop-common-3.3.1.jar:?]
2022-07-12 21:06:36,501 [Time-limited test] WARN  ozone.BasicRootedOzoneFileSystem (BasicRootedOzoneFileSystem.java:delete(572)) - delete: Path does not exist: /volume94811/bucket46332/testBatchDelete/parent
]]></system-out>
  </testcase>
  <testcase name="testFileDelete" classname="TestRootedOzoneFileSystem" time="0.397">
    <system-out><![CDATA[2022-07-12 21:07:58,486 [Time-limited test] INFO  rpc.RpcClient (RpcClient.java:createVolume(466)) - Creating Volume: volume55828, with user74240 as owner and space quota set to -1 bytes, counts quota set to -1
2022-07-12 21:07:58,488 [OM StateMachine ApplyTransaction Thread - 0] INFO  volume.OMVolumeCreateRequest (OMVolumeCreateRequest.java:validateAndUpdateCache(195)) - created volume:volume55828 for user:user74240
2022-07-12 21:07:58,489 [Time-limited test] INFO  rpc.RpcClient (RpcClient.java:createBucket(669)) - Creating Bucket: volume55828/bucket33932, with bucket layout LEGACY, runner as owner, Versioning false, Storage Type set to DISK and Encryption set to false 
2022-07-12 21:07:58,491 [OM StateMachine ApplyTransaction Thread - 0] INFO  bucket.OMBucketCreateRequest (OMBucketCreateRequest.java:validateAndUpdateCache(260)) - created bucket: bucket33932 of layout LEGACY in volume: volume55828
21:07:58.681 [IPC Server handler 3 on default port 33595] ERROR OMAudit - user=runner | ip=127.0.0.1 | op=GET_FILE_STATUS {volume=volume55828, bucket=bucket33932, key=testBatchDelete, dataSize=0, replicationConfig=null} | ret=FAILURE
org.apache.hadoop.ozone.om.exceptions.OMException: Unable to get file status: volume: volume55828 bucket: bucket33932 key: testBatchDelete
	at org.apache.hadoop.ozone.om.KeyManagerImpl.getOzoneFileStatus(KeyManagerImpl.java:1311) ~[ozone-manager-1.3.0-SNAPSHOT.jar:?]
	at org.apache.hadoop.ozone.om.KeyManagerImpl.getFileStatus(KeyManagerImpl.java:1241) ~[ozone-manager-1.3.0-SNAPSHOT.jar:?]
	at org.apache.hadoop.ozone.om.OzoneManager.getFileStatus(OzoneManager.java:3419) ~[ozone-manager-1.3.0-SNAPSHOT.jar:?]
	at org.apache.hadoop.ozone.protocolPB.OzoneManagerRequestHandler.getOzoneFileStatus(OzoneManagerRequestHandler.java:871) ~[ozone-manager-1.3.0-SNAPSHOT.jar:?]
	at org.apache.hadoop.ozone.protocolPB.OzoneManagerRequestHandler.handleReadRequest(OzoneManagerRequestHandler.java:217) ~[ozone-manager-1.3.0-SNAPSHOT.jar:?]
	at org.apache.hadoop.ozone.protocolPB.OzoneManagerProtocolServerSideTranslatorPB.submitReadRequestToOM(OzoneManagerProtocolServerSideTranslatorPB.java:226) ~[ozone-manager-1.3.0-SNAPSHOT.jar:?]
	at org.apache.hadoop.ozone.protocolPB.OzoneManagerProtocolServerSideTranslatorPB.processRequest(OzoneManagerProtocolServerSideTranslatorPB.java:175) ~[ozone-manager-1.3.0-SNAPSHOT.jar:?]
	at org.apache.hadoop.hdds.server.OzoneProtocolMessageDispatcher.processRequest(OzoneProtocolMessageDispatcher.java:87) [hdds-server-framework-1.3.0-SNAPSHOT.jar:?]
	at org.apache.hadoop.ozone.protocolPB.OzoneManagerProtocolServerSideTranslatorPB.submitRequest(OzoneManagerProtocolServerSideTranslatorPB.java:147) [ozone-manager-1.3.0-SNAPSHOT.jar:?]
	at org.apache.hadoop.ozone.protocol.proto.OzoneManagerProtocolProtos$OzoneManagerService$2.callBlockingMethod(OzoneManagerProtocolProtos.java) [ozone-interface-client-1.3.0-SNAPSHOT.jar:?]
	at org.apache.hadoop.ipc.ProtobufRpcEngine$Server.processCall(ProtobufRpcEngine.java:466) [hadoop-common-3.3.1.jar:?]
	at org.apache.hadoop.ipc.ProtobufRpcEngine2$Server$ProtoBufRpcInvoker.call(ProtobufRpcEngine2.java:574) [hadoop-common-3.3.1.jar:?]
	at org.apache.hadoop.ipc.ProtobufRpcEngine2$Server$ProtoBufRpcInvoker.call(ProtobufRpcEngine2.java:552) [hadoop-common-3.3.1.jar:?]
	at org.apache.hadoop.ipc.RPC$Server.call(RPC.java:1093) [hadoop-common-3.3.1.jar:?]
	at org.apache.hadoop.ipc.Server$RpcCall.run(Server.java:1035) [hadoop-common-3.3.1.jar:?]
	at org.apache.hadoop.ipc.Server$RpcCall.run(Server.java:963) [hadoop-common-3.3.1.jar:?]
	at java.security.AccessController.doPrivileged(Native Method) ~[?:1.8.0_332]
	at javax.security.auth.Subject.doAs(Subject.java:422) [?:1.8.0_332]
	at org.apache.hadoop.security.UserGroupInformation.doAs(UserGroupInformation.java:1878) [hadoop-common-3.3.1.jar:?]
	at org.apache.hadoop.ipc.Server$Handler.run(Server.java:2966) [hadoop-common-3.3.1.jar:?]
21:07:58.682 [IPC Server handler 2 on default port 33595] ERROR OMAudit - user=runner | ip=127.0.0.1 | op=GET_FILE_STATUS {volume=volume55828, bucket=bucket33932, key=testBatchDelete/parent/child0, dataSize=0, replicationConfig=null} | ret=FAILURE
org.apache.hadoop.ozone.om.exceptions.OMException: Unable to get file status: volume: volume55828 bucket: bucket33932 key: testBatchDelete/parent/child0
	at org.apache.hadoop.ozone.om.KeyManagerImpl.getOzoneFileStatus(KeyManagerImpl.java:1311) ~[ozone-manager-1.3.0-SNAPSHOT.jar:?]
	at org.apache.hadoop.ozone.om.KeyManagerImpl.getFileStatus(KeyManagerImpl.java:1241) ~[ozone-manager-1.3.0-SNAPSHOT.jar:?]
	at org.apache.hadoop.ozone.om.OzoneManager.getFileStatus(OzoneManager.java:3419) ~[ozone-manager-1.3.0-SNAPSHOT.jar:?]
	at org.apache.hadoop.ozone.protocolPB.OzoneManagerRequestHandler.getOzoneFileStatus(OzoneManagerRequestHandler.java:871) ~[ozone-manager-1.3.0-SNAPSHOT.jar:?]
	at org.apache.hadoop.ozone.protocolPB.OzoneManagerRequestHandler.handleReadRequest(OzoneManagerRequestHandler.java:217) ~[ozone-manager-1.3.0-SNAPSHOT.jar:?]
	at org.apache.hadoop.ozone.protocolPB.OzoneManagerProtocolServerSideTranslatorPB.submitReadRequestToOM(OzoneManagerProtocolServerSideTranslatorPB.java:226) ~[ozone-manager-1.3.0-SNAPSHOT.jar:?]
	at org.apache.hadoop.ozone.protocolPB.OzoneManagerProtocolServerSideTranslatorPB.processRequest(OzoneManagerProtocolServerSideTranslatorPB.java:175) ~[ozone-manager-1.3.0-SNAPSHOT.jar:?]
	at org.apache.hadoop.hdds.server.OzoneProtocolMessageDispatcher.processRequest(OzoneProtocolMessageDispatcher.java:87) [hdds-server-framework-1.3.0-SNAPSHOT.jar:?]
	at org.apache.hadoop.ozone.protocolPB.OzoneManagerProtocolServerSideTranslatorPB.submitRequest(OzoneManagerProtocolServerSideTranslatorPB.java:147) [ozone-manager-1.3.0-SNAPSHOT.jar:?]
	at org.apache.hadoop.ozone.protocol.proto.OzoneManagerProtocolProtos$OzoneManagerService$2.callBlockingMethod(OzoneManagerProtocolProtos.java) [ozone-interface-client-1.3.0-SNAPSHOT.jar:?]
	at org.apache.hadoop.ipc.ProtobufRpcEngine$Server.processCall(ProtobufRpcEngine.java:466) [hadoop-common-3.3.1.jar:?]
	at org.apache.hadoop.ipc.ProtobufRpcEngine2$Server$ProtoBufRpcInvoker.call(ProtobufRpcEngine2.java:574) [hadoop-common-3.3.1.jar:?]
	at org.apache.hadoop.ipc.ProtobufRpcEngine2$Server$ProtoBufRpcInvoker.call(ProtobufRpcEngine2.java:552) [hadoop-common-3.3.1.jar:?]
	at org.apache.hadoop.ipc.RPC$Server.call(RPC.java:1093) [hadoop-common-3.3.1.jar:?]
	at org.apache.hadoop.ipc.Server$RpcCall.run(Server.java:1035) [hadoop-common-3.3.1.jar:?]
	at org.apache.hadoop.ipc.Server$RpcCall.run(Server.java:963) [hadoop-common-3.3.1.jar:?]
	at java.security.AccessController.doPrivileged(Native Method) ~[?:1.8.0_332]
	at javax.security.auth.Subject.doAs(Subject.java:422) [?:1.8.0_332]
	at org.apache.hadoop.security.UserGroupInformation.doAs(UserGroupInformation.java:1878) [hadoop-common-3.3.1.jar:?]
	at org.apache.hadoop.ipc.Server$Handler.run(Server.java:2966) [hadoop-common-3.3.1.jar:?]
21:07:58.683 [IPC Server handler 10 on default port 33595] ERROR OMAudit - user=runner | ip=127.0.0.1 | op=GET_FILE_STATUS {volume=volume55828, bucket=bucket33932, key=testBatchDelete/parent/childFolder/child0, dataSize=0, replicationConfig=null} | ret=FAILURE
org.apache.hadoop.ozone.om.exceptions.OMException: Unable to get file status: volume: volume55828 bucket: bucket33932 key: testBatchDelete/parent/childFolder/child0
	at org.apache.hadoop.ozone.om.KeyManagerImpl.getOzoneFileStatus(KeyManagerImpl.java:1311) ~[ozone-manager-1.3.0-SNAPSHOT.jar:?]
	at org.apache.hadoop.ozone.om.KeyManagerImpl.getFileStatus(KeyManagerImpl.java:1241) ~[ozone-manager-1.3.0-SNAPSHOT.jar:?]
	at org.apache.hadoop.ozone.om.OzoneManager.getFileStatus(OzoneManager.java:3419) ~[ozone-manager-1.3.0-SNAPSHOT.jar:?]
	at org.apache.hadoop.ozone.protocolPB.OzoneManagerRequestHandler.getOzoneFileStatus(OzoneManagerRequestHandler.java:871) ~[ozone-manager-1.3.0-SNAPSHOT.jar:?]
	at org.apache.hadoop.ozone.protocolPB.OzoneManagerRequestHandler.handleReadRequest(OzoneManagerRequestHandler.java:217) ~[ozone-manager-1.3.0-SNAPSHOT.jar:?]
	at org.apache.hadoop.ozone.protocolPB.OzoneManagerProtocolServerSideTranslatorPB.submitReadRequestToOM(OzoneManagerProtocolServerSideTranslatorPB.java:226) ~[ozone-manager-1.3.0-SNAPSHOT.jar:?]
	at org.apache.hadoop.ozone.protocolPB.OzoneManagerProtocolServerSideTranslatorPB.processRequest(OzoneManagerProtocolServerSideTranslatorPB.java:175) ~[ozone-manager-1.3.0-SNAPSHOT.jar:?]
	at org.apache.hadoop.hdds.server.OzoneProtocolMessageDispatcher.processRequest(OzoneProtocolMessageDispatcher.java:87) [hdds-server-framework-1.3.0-SNAPSHOT.jar:?]
	at org.apache.hadoop.ozone.protocolPB.OzoneManagerProtocolServerSideTranslatorPB.submitRequest(OzoneManagerProtocolServerSideTranslatorPB.java:147) [ozone-manager-1.3.0-SNAPSHOT.jar:?]
	at org.apache.hadoop.ozone.protocol.proto.OzoneManagerProtocolProtos$OzoneManagerService$2.callBlockingMethod(OzoneManagerProtocolProtos.java) [ozone-interface-client-1.3.0-SNAPSHOT.jar:?]
	at org.apache.hadoop.ipc.ProtobufRpcEngine$Server.processCall(ProtobufRpcEngine.java:466) [hadoop-common-3.3.1.jar:?]
	at org.apache.hadoop.ipc.ProtobufRpcEngine2$Server$ProtoBufRpcInvoker.call(ProtobufRpcEngine2.java:574) [hadoop-common-3.3.1.jar:?]
	at org.apache.hadoop.ipc.ProtobufRpcEngine2$Server$ProtoBufRpcInvoker.call(ProtobufRpcEngine2.java:552) [hadoop-common-3.3.1.jar:?]
	at org.apache.hadoop.ipc.RPC$Server.call(RPC.java:1093) [hadoop-common-3.3.1.jar:?]
	at org.apache.hadoop.ipc.Server$RpcCall.run(Server.java:1035) [hadoop-common-3.3.1.jar:?]
	at org.apache.hadoop.ipc.Server$RpcCall.run(Server.java:963) [hadoop-common-3.3.1.jar:?]
	at java.security.AccessController.doPrivileged(Native Method) ~[?:1.8.0_332]
	at javax.security.auth.Subject.doAs(Subject.java:422) [?:1.8.0_332]
	at org.apache.hadoop.security.UserGroupInformation.doAs(UserGroupInformation.java:1878) [hadoop-common-3.3.1.jar:?]
	at org.apache.hadoop.ipc.Server$Handler.run(Server.java:2966) [hadoop-common-3.3.1.jar:?]
21:07:58.684 [IPC Server handler 13 on default port 33595] ERROR OMAudit - user=runner | ip=127.0.0.1 | op=GET_FILE_STATUS {volume=volume55828, bucket=bucket33932, key=testBatchDelete/parent/child1, dataSize=0, replicationConfig=null} | ret=FAILURE
org.apache.hadoop.ozone.om.exceptions.OMException: Unable to get file status: volume: volume55828 bucket: bucket33932 key: testBatchDelete/parent/child1
	at org.apache.hadoop.ozone.om.KeyManagerImpl.getOzoneFileStatus(KeyManagerImpl.java:1311) ~[ozone-manager-1.3.0-SNAPSHOT.jar:?]
	at org.apache.hadoop.ozone.om.KeyManagerImpl.getFileStatus(KeyManagerImpl.java:1241) ~[ozone-manager-1.3.0-SNAPSHOT.jar:?]
	at org.apache.hadoop.ozone.om.OzoneManager.getFileStatus(OzoneManager.java:3419) ~[ozone-manager-1.3.0-SNAPSHOT.jar:?]
	at org.apache.hadoop.ozone.protocolPB.OzoneManagerRequestHandler.getOzoneFileStatus(OzoneManagerRequestHandler.java:871) ~[ozone-manager-1.3.0-SNAPSHOT.jar:?]
	at org.apache.hadoop.ozone.protocolPB.OzoneManagerRequestHandler.handleReadRequest(OzoneManagerRequestHandler.java:217) ~[ozone-manager-1.3.0-SNAPSHOT.jar:?]
	at org.apache.hadoop.ozone.protocolPB.OzoneManagerProtocolServerSideTranslatorPB.submitReadRequestToOM(OzoneManagerProtocolServerSideTranslatorPB.java:226) ~[ozone-manager-1.3.0-SNAPSHOT.jar:?]
	at org.apache.hadoop.ozone.protocolPB.OzoneManagerProtocolServerSideTranslatorPB.processRequest(OzoneManagerProtocolServerSideTranslatorPB.java:175) ~[ozone-manager-1.3.0-SNAPSHOT.jar:?]
	at org.apache.hadoop.hdds.server.OzoneProtocolMessageDispatcher.processRequest(OzoneProtocolMessageDispatcher.java:87) [hdds-server-framework-1.3.0-SNAPSHOT.jar:?]
	at org.apache.hadoop.ozone.protocolPB.OzoneManagerProtocolServerSideTranslatorPB.submitRequest(OzoneManagerProtocolServerSideTranslatorPB.java:147) [ozone-manager-1.3.0-SNAPSHOT.jar:?]
	at org.apache.hadoop.ozone.protocol.proto.OzoneManagerProtocolProtos$OzoneManagerService$2.callBlockingMethod(OzoneManagerProtocolProtos.java) [ozone-interface-client-1.3.0-SNAPSHOT.jar:?]
	at org.apache.hadoop.ipc.ProtobufRpcEngine$Server.processCall(ProtobufRpcEngine.java:466) [hadoop-common-3.3.1.jar:?]
	at org.apache.hadoop.ipc.ProtobufRpcEngine2$Server$ProtoBufRpcInvoker.call(ProtobufRpcEngine2.java:574) [hadoop-common-3.3.1.jar:?]
	at org.apache.hadoop.ipc.ProtobufRpcEngine2$Server$ProtoBufRpcInvoker.call(ProtobufRpcEngine2.java:552) [hadoop-common-3.3.1.jar:?]
	at org.apache.hadoop.ipc.RPC$Server.call(RPC.java:1093) [hadoop-common-3.3.1.jar:?]
	at org.apache.hadoop.ipc.Server$RpcCall.run(Server.java:1035) [hadoop-common-3.3.1.jar:?]
	at org.apache.hadoop.ipc.Server$RpcCall.run(Server.java:963) [hadoop-common-3.3.1.jar:?]
	at java.security.AccessController.doPrivileged(Native Method) ~[?:1.8.0_332]
	at javax.security.auth.Subject.doAs(Subject.java:422) [?:1.8.0_332]
	at org.apache.hadoop.security.UserGroupInformation.doAs(UserGroupInformation.java:1878) [hadoop-common-3.3.1.jar:?]
	at org.apache.hadoop.ipc.Server$Handler.run(Server.java:2966) [hadoop-common-3.3.1.jar:?]
21:07:58.685 [IPC Server handler 17 on default port 33595] ERROR OMAudit - user=runner | ip=127.0.0.1 | op=GET_FILE_STATUS {volume=volume55828, bucket=bucket33932, key=testBatchDelete/parent/childFolder/child1, dataSize=0, replicationConfig=null} | ret=FAILURE
org.apache.hadoop.ozone.om.exceptions.OMException: Unable to get file status: volume: volume55828 bucket: bucket33932 key: testBatchDelete/parent/childFolder/child1
	at org.apache.hadoop.ozone.om.KeyManagerImpl.getOzoneFileStatus(KeyManagerImpl.java:1311) ~[ozone-manager-1.3.0-SNAPSHOT.jar:?]
	at org.apache.hadoop.ozone.om.KeyManagerImpl.getFileStatus(KeyManagerImpl.java:1241) ~[ozone-manager-1.3.0-SNAPSHOT.jar:?]
	at org.apache.hadoop.ozone.om.OzoneManager.getFileStatus(OzoneManager.java:3419) ~[ozone-manager-1.3.0-SNAPSHOT.jar:?]
	at org.apache.hadoop.ozone.protocolPB.OzoneManagerRequestHandler.getOzoneFileStatus(OzoneManagerRequestHandler.java:871) ~[ozone-manager-1.3.0-SNAPSHOT.jar:?]
	at org.apache.hadoop.ozone.protocolPB.OzoneManagerRequestHandler.handleReadRequest(OzoneManagerRequestHandler.java:217) ~[ozone-manager-1.3.0-SNAPSHOT.jar:?]
	at org.apache.hadoop.ozone.protocolPB.OzoneManagerProtocolServerSideTranslatorPB.submitReadRequestToOM(OzoneManagerProtocolServerSideTranslatorPB.java:226) ~[ozone-manager-1.3.0-SNAPSHOT.jar:?]
	at org.apache.hadoop.ozone.protocolPB.OzoneManagerProtocolServerSideTranslatorPB.processRequest(OzoneManagerProtocolServerSideTranslatorPB.java:175) ~[ozone-manager-1.3.0-SNAPSHOT.jar:?]
	at org.apache.hadoop.hdds.server.OzoneProtocolMessageDispatcher.processRequest(OzoneProtocolMessageDispatcher.java:87) [hdds-server-framework-1.3.0-SNAPSHOT.jar:?]
	at org.apache.hadoop.ozone.protocolPB.OzoneManagerProtocolServerSideTranslatorPB.submitRequest(OzoneManagerProtocolServerSideTranslatorPB.java:147) [ozone-manager-1.3.0-SNAPSHOT.jar:?]
	at org.apache.hadoop.ozone.protocol.proto.OzoneManagerProtocolProtos$OzoneManagerService$2.callBlockingMethod(OzoneManagerProtocolProtos.java) [ozone-interface-client-1.3.0-SNAPSHOT.jar:?]
	at org.apache.hadoop.ipc.ProtobufRpcEngine$Server.processCall(ProtobufRpcEngine.java:466) [hadoop-common-3.3.1.jar:?]
	at org.apache.hadoop.ipc.ProtobufRpcEngine2$Server$ProtoBufRpcInvoker.call(ProtobufRpcEngine2.java:574) [hadoop-common-3.3.1.jar:?]
	at org.apache.hadoop.ipc.ProtobufRpcEngine2$Server$ProtoBufRpcInvoker.call(ProtobufRpcEngine2.java:552) [hadoop-common-3.3.1.jar:?]
	at org.apache.hadoop.ipc.RPC$Server.call(RPC.java:1093) [hadoop-common-3.3.1.jar:?]
	at org.apache.hadoop.ipc.Server$RpcCall.run(Server.java:1035) [hadoop-common-3.3.1.jar:?]
	at org.apache.hadoop.ipc.Server$RpcCall.run(Server.java:963) [hadoop-common-3.3.1.jar:?]
	at java.security.AccessController.doPrivileged(Native Method) ~[?:1.8.0_332]
	at javax.security.auth.Subject.doAs(Subject.java:422) [?:1.8.0_332]
	at org.apache.hadoop.security.UserGroupInformation.doAs(UserGroupInformation.java:1878) [hadoop-common-3.3.1.jar:?]
	at org.apache.hadoop.ipc.Server$Handler.run(Server.java:2966) [hadoop-common-3.3.1.jar:?]
21:07:58.686 [IPC Server handler 18 on default port 33595] ERROR OMAudit - user=runner | ip=127.0.0.1 | op=GET_FILE_STATUS {volume=volume55828, bucket=bucket33932, key=testBatchDelete/parent/child2, dataSize=0, replicationConfig=null} | ret=FAILURE
org.apache.hadoop.ozone.om.exceptions.OMException: Unable to get file status: volume: volume55828 bucket: bucket33932 key: testBatchDelete/parent/child2
	at org.apache.hadoop.ozone.om.KeyManagerImpl.getOzoneFileStatus(KeyManagerImpl.java:1311) ~[ozone-manager-1.3.0-SNAPSHOT.jar:?]
	at org.apache.hadoop.ozone.om.KeyManagerImpl.getFileStatus(KeyManagerImpl.java:1241) ~[ozone-manager-1.3.0-SNAPSHOT.jar:?]
	at org.apache.hadoop.ozone.om.OzoneManager.getFileStatus(OzoneManager.java:3419) ~[ozone-manager-1.3.0-SNAPSHOT.jar:?]
	at org.apache.hadoop.ozone.protocolPB.OzoneManagerRequestHandler.getOzoneFileStatus(OzoneManagerRequestHandler.java:871) ~[ozone-manager-1.3.0-SNAPSHOT.jar:?]
	at org.apache.hadoop.ozone.protocolPB.OzoneManagerRequestHandler.handleReadRequest(OzoneManagerRequestHandler.java:217) ~[ozone-manager-1.3.0-SNAPSHOT.jar:?]
	at org.apache.hadoop.ozone.protocolPB.OzoneManagerProtocolServerSideTranslatorPB.submitReadRequestToOM(OzoneManagerProtocolServerSideTranslatorPB.java:226) ~[ozone-manager-1.3.0-SNAPSHOT.jar:?]
	at org.apache.hadoop.ozone.protocolPB.OzoneManagerProtocolServerSideTranslatorPB.processRequest(OzoneManagerProtocolServerSideTranslatorPB.java:175) ~[ozone-manager-1.3.0-SNAPSHOT.jar:?]
	at org.apache.hadoop.hdds.server.OzoneProtocolMessageDispatcher.processRequest(OzoneProtocolMessageDispatcher.java:87) [hdds-server-framework-1.3.0-SNAPSHOT.jar:?]
	at org.apache.hadoop.ozone.protocolPB.OzoneManagerProtocolServerSideTranslatorPB.submitRequest(OzoneManagerProtocolServerSideTranslatorPB.java:147) [ozone-manager-1.3.0-SNAPSHOT.jar:?]
	at org.apache.hadoop.ozone.protocol.proto.OzoneManagerProtocolProtos$OzoneManagerService$2.callBlockingMethod(OzoneManagerProtocolProtos.java) [ozone-interface-client-1.3.0-SNAPSHOT.jar:?]
	at org.apache.hadoop.ipc.ProtobufRpcEngine$Server.processCall(ProtobufRpcEngine.java:466) [hadoop-common-3.3.1.jar:?]
	at org.apache.hadoop.ipc.ProtobufRpcEngine2$Server$ProtoBufRpcInvoker.call(ProtobufRpcEngine2.java:574) [hadoop-common-3.3.1.jar:?]
	at org.apache.hadoop.ipc.ProtobufRpcEngine2$Server$ProtoBufRpcInvoker.call(ProtobufRpcEngine2.java:552) [hadoop-common-3.3.1.jar:?]
	at org.apache.hadoop.ipc.RPC$Server.call(RPC.java:1093) [hadoop-common-3.3.1.jar:?]
	at org.apache.hadoop.ipc.Server$RpcCall.run(Server.java:1035) [hadoop-common-3.3.1.jar:?]
	at org.apache.hadoop.ipc.Server$RpcCall.run(Server.java:963) [hadoop-common-3.3.1.jar:?]
	at java.security.AccessController.doPrivileged(Native Method) ~[?:1.8.0_332]
	at javax.security.auth.Subject.doAs(Subject.java:422) [?:1.8.0_332]
	at org.apache.hadoop.security.UserGroupInformation.doAs(UserGroupInformation.java:1878) [hadoop-common-3.3.1.jar:?]
	at org.apache.hadoop.ipc.Server$Handler.run(Server.java:2966) [hadoop-common-3.3.1.jar:?]
21:07:58.687 [IPC Server handler 8 on default port 33595] ERROR OMAudit - user=runner | ip=127.0.0.1 | op=GET_FILE_STATUS {volume=volume55828, bucket=bucket33932, key=testBatchDelete/parent/childFolder/child2, dataSize=0, replicationConfig=null} | ret=FAILURE
org.apache.hadoop.ozone.om.exceptions.OMException: Unable to get file status: volume: volume55828 bucket: bucket33932 key: testBatchDelete/parent/childFolder/child2
	at org.apache.hadoop.ozone.om.KeyManagerImpl.getOzoneFileStatus(KeyManagerImpl.java:1311) ~[ozone-manager-1.3.0-SNAPSHOT.jar:?]
	at org.apache.hadoop.ozone.om.KeyManagerImpl.getFileStatus(KeyManagerImpl.java:1241) ~[ozone-manager-1.3.0-SNAPSHOT.jar:?]
	at org.apache.hadoop.ozone.om.OzoneManager.getFileStatus(OzoneManager.java:3419) ~[ozone-manager-1.3.0-SNAPSHOT.jar:?]
	at org.apache.hadoop.ozone.protocolPB.OzoneManagerRequestHandler.getOzoneFileStatus(OzoneManagerRequestHandler.java:871) ~[ozone-manager-1.3.0-SNAPSHOT.jar:?]
	at org.apache.hadoop.ozone.protocolPB.OzoneManagerRequestHandler.handleReadRequest(OzoneManagerRequestHandler.java:217) ~[ozone-manager-1.3.0-SNAPSHOT.jar:?]
	at org.apache.hadoop.ozone.protocolPB.OzoneManagerProtocolServerSideTranslatorPB.submitReadRequestToOM(OzoneManagerProtocolServerSideTranslatorPB.java:226) ~[ozone-manager-1.3.0-SNAPSHOT.jar:?]
	at org.apache.hadoop.ozone.protocolPB.OzoneManagerProtocolServerSideTranslatorPB.processRequest(OzoneManagerProtocolServerSideTranslatorPB.java:175) ~[ozone-manager-1.3.0-SNAPSHOT.jar:?]
	at org.apache.hadoop.hdds.server.OzoneProtocolMessageDispatcher.processRequest(OzoneProtocolMessageDispatcher.java:87) [hdds-server-framework-1.3.0-SNAPSHOT.jar:?]
	at org.apache.hadoop.ozone.protocolPB.OzoneManagerProtocolServerSideTranslatorPB.submitRequest(OzoneManagerProtocolServerSideTranslatorPB.java:147) [ozone-manager-1.3.0-SNAPSHOT.jar:?]
	at org.apache.hadoop.ozone.protocol.proto.OzoneManagerProtocolProtos$OzoneManagerService$2.callBlockingMethod(OzoneManagerProtocolProtos.java) [ozone-interface-client-1.3.0-SNAPSHOT.jar:?]
	at org.apache.hadoop.ipc.ProtobufRpcEngine$Server.processCall(ProtobufRpcEngine.java:466) [hadoop-common-3.3.1.jar:?]
	at org.apache.hadoop.ipc.ProtobufRpcEngine2$Server$ProtoBufRpcInvoker.call(ProtobufRpcEngine2.java:574) [hadoop-common-3.3.1.jar:?]
	at org.apache.hadoop.ipc.ProtobufRpcEngine2$Server$ProtoBufRpcInvoker.call(ProtobufRpcEngine2.java:552) [hadoop-common-3.3.1.jar:?]
	at org.apache.hadoop.ipc.RPC$Server.call(RPC.java:1093) [hadoop-common-3.3.1.jar:?]
	at org.apache.hadoop.ipc.Server$RpcCall.run(Server.java:1035) [hadoop-common-3.3.1.jar:?]
	at org.apache.hadoop.ipc.Server$RpcCall.run(Server.java:963) [hadoop-common-3.3.1.jar:?]
	at java.security.AccessController.doPrivileged(Native Method) ~[?:1.8.0_332]
	at javax.security.auth.Subject.doAs(Subject.java:422) [?:1.8.0_332]
	at org.apache.hadoop.security.UserGroupInformation.doAs(UserGroupInformation.java:1878) [hadoop-common-3.3.1.jar:?]
	at org.apache.hadoop.ipc.Server$Handler.run(Server.java:2966) [hadoop-common-3.3.1.jar:?]
21:07:58.688 [IPC Server handler 16 on default port 33595] ERROR OMAudit - user=runner | ip=127.0.0.1 | op=GET_FILE_STATUS {volume=volume55828, bucket=bucket33932, key=testBatchDelete/parent/child3, dataSize=0, replicationConfig=null} | ret=FAILURE
org.apache.hadoop.ozone.om.exceptions.OMException: Unable to get file status: volume: volume55828 bucket: bucket33932 key: testBatchDelete/parent/child3
	at org.apache.hadoop.ozone.om.KeyManagerImpl.getOzoneFileStatus(KeyManagerImpl.java:1311) ~[ozone-manager-1.3.0-SNAPSHOT.jar:?]
	at org.apache.hadoop.ozone.om.KeyManagerImpl.getFileStatus(KeyManagerImpl.java:1241) ~[ozone-manager-1.3.0-SNAPSHOT.jar:?]
	at org.apache.hadoop.ozone.om.OzoneManager.getFileStatus(OzoneManager.java:3419) ~[ozone-manager-1.3.0-SNAPSHOT.jar:?]
	at org.apache.hadoop.ozone.protocolPB.OzoneManagerRequestHandler.getOzoneFileStatus(OzoneManagerRequestHandler.java:871) ~[ozone-manager-1.3.0-SNAPSHOT.jar:?]
	at org.apache.hadoop.ozone.protocolPB.OzoneManagerRequestHandler.handleReadRequest(OzoneManagerRequestHandler.java:217) ~[ozone-manager-1.3.0-SNAPSHOT.jar:?]
	at org.apache.hadoop.ozone.protocolPB.OzoneManagerProtocolServerSideTranslatorPB.submitReadRequestToOM(OzoneManagerProtocolServerSideTranslatorPB.java:226) ~[ozone-manager-1.3.0-SNAPSHOT.jar:?]
	at org.apache.hadoop.ozone.protocolPB.OzoneManagerProtocolServerSideTranslatorPB.processRequest(OzoneManagerProtocolServerSideTranslatorPB.java:175) ~[ozone-manager-1.3.0-SNAPSHOT.jar:?]
	at org.apache.hadoop.hdds.server.OzoneProtocolMessageDispatcher.processRequest(OzoneProtocolMessageDispatcher.java:87) [hdds-server-framework-1.3.0-SNAPSHOT.jar:?]
	at org.apache.hadoop.ozone.protocolPB.OzoneManagerProtocolServerSideTranslatorPB.submitRequest(OzoneManagerProtocolServerSideTranslatorPB.java:147) [ozone-manager-1.3.0-SNAPSHOT.jar:?]
	at org.apache.hadoop.ozone.protocol.proto.OzoneManagerProtocolProtos$OzoneManagerService$2.callBlockingMethod(OzoneManagerProtocolProtos.java) [ozone-interface-client-1.3.0-SNAPSHOT.jar:?]
	at org.apache.hadoop.ipc.ProtobufRpcEngine$Server.processCall(ProtobufRpcEngine.java:466) [hadoop-common-3.3.1.jar:?]
	at org.apache.hadoop.ipc.ProtobufRpcEngine2$Server$ProtoBufRpcInvoker.call(ProtobufRpcEngine2.java:574) [hadoop-common-3.3.1.jar:?]
	at org.apache.hadoop.ipc.ProtobufRpcEngine2$Server$ProtoBufRpcInvoker.call(ProtobufRpcEngine2.java:552) [hadoop-common-3.3.1.jar:?]
	at org.apache.hadoop.ipc.RPC$Server.call(RPC.java:1093) [hadoop-common-3.3.1.jar:?]
	at org.apache.hadoop.ipc.Server$RpcCall.run(Server.java:1035) [hadoop-common-3.3.1.jar:?]
	at org.apache.hadoop.ipc.Server$RpcCall.run(Server.java:963) [hadoop-common-3.3.1.jar:?]
	at java.security.AccessController.doPrivileged(Native Method) ~[?:1.8.0_332]
	at javax.security.auth.Subject.doAs(Subject.java:422) [?:1.8.0_332]
	at org.apache.hadoop.security.UserGroupInformation.doAs(UserGroupInformation.java:1878) [hadoop-common-3.3.1.jar:?]
	at org.apache.hadoop.ipc.Server$Handler.run(Server.java:2966) [hadoop-common-3.3.1.jar:?]
21:07:58.708 [IPC Server handler 5 on default port 33595] ERROR OMAudit - user=runner | ip=127.0.0.1 | op=GET_FILE_STATUS {volume=volume55828, bucket=bucket33932, key=testBatchDelete/parent/childFolder/child3, dataSize=0, replicationConfig=null} | ret=FAILURE
org.apache.hadoop.ozone.om.exceptions.OMException: Unable to get file status: volume: volume55828 bucket: bucket33932 key: testBatchDelete/parent/childFolder/child3
	at org.apache.hadoop.ozone.om.KeyManagerImpl.getOzoneFileStatus(KeyManagerImpl.java:1311) ~[ozone-manager-1.3.0-SNAPSHOT.jar:?]
	at org.apache.hadoop.ozone.om.KeyManagerImpl.getFileStatus(KeyManagerImpl.java:1241) ~[ozone-manager-1.3.0-SNAPSHOT.jar:?]
	at org.apache.hadoop.ozone.om.OzoneManager.getFileStatus(OzoneManager.java:3419) ~[ozone-manager-1.3.0-SNAPSHOT.jar:?]
	at org.apache.hadoop.ozone.protocolPB.OzoneManagerRequestHandler.getOzoneFileStatus(OzoneManagerRequestHandler.java:871) ~[ozone-manager-1.3.0-SNAPSHOT.jar:?]
	at org.apache.hadoop.ozone.protocolPB.OzoneManagerRequestHandler.handleReadRequest(OzoneManagerRequestHandler.java:217) ~[ozone-manager-1.3.0-SNAPSHOT.jar:?]
	at org.apache.hadoop.ozone.protocolPB.OzoneManagerProtocolServerSideTranslatorPB.submitReadRequestToOM(OzoneManagerProtocolServerSideTranslatorPB.java:226) ~[ozone-manager-1.3.0-SNAPSHOT.jar:?]
	at org.apache.hadoop.ozone.protocolPB.OzoneManagerProtocolServerSideTranslatorPB.processRequest(OzoneManagerProtocolServerSideTranslatorPB.java:175) ~[ozone-manager-1.3.0-SNAPSHOT.jar:?]
	at org.apache.hadoop.hdds.server.OzoneProtocolMessageDispatcher.processRequest(OzoneProtocolMessageDispatcher.java:87) [hdds-server-framework-1.3.0-SNAPSHOT.jar:?]
	at org.apache.hadoop.ozone.protocolPB.OzoneManagerProtocolServerSideTranslatorPB.submitRequest(OzoneManagerProtocolServerSideTranslatorPB.java:147) [ozone-manager-1.3.0-SNAPSHOT.jar:?]
	at org.apache.hadoop.ozone.protocol.proto.OzoneManagerProtocolProtos$OzoneManagerService$2.callBlockingMethod(OzoneManagerProtocolProtos.java) [ozone-interface-client-1.3.0-SNAPSHOT.jar:?]
	at org.apache.hadoop.ipc.ProtobufRpcEngine$Server.processCall(ProtobufRpcEngine.java:466) [hadoop-common-3.3.1.jar:?]
	at org.apache.hadoop.ipc.ProtobufRpcEngine2$Server$ProtoBufRpcInvoker.call(ProtobufRpcEngine2.java:574) [hadoop-common-3.3.1.jar:?]
	at org.apache.hadoop.ipc.ProtobufRpcEngine2$Server$ProtoBufRpcInvoker.call(ProtobufRpcEngine2.java:552) [hadoop-common-3.3.1.jar:?]
	at org.apache.hadoop.ipc.RPC$Server.call(RPC.java:1093) [hadoop-common-3.3.1.jar:?]
	at org.apache.hadoop.ipc.Server$RpcCall.run(Server.java:1035) [hadoop-common-3.3.1.jar:?]
	at org.apache.hadoop.ipc.Server$RpcCall.run(Server.java:963) [hadoop-common-3.3.1.jar:?]
	at java.security.AccessController.doPrivileged(Native Method) ~[?:1.8.0_332]
	at javax.security.auth.Subject.doAs(Subject.java:422) [?:1.8.0_332]
	at org.apache.hadoop.security.UserGroupInformation.doAs(UserGroupInformation.java:1878) [hadoop-common-3.3.1.jar:?]
	at org.apache.hadoop.ipc.Server$Handler.run(Server.java:2966) [hadoop-common-3.3.1.jar:?]
21:07:58.721 [IPC Server handler 4 on default port 33595] ERROR OMAudit - user=runner | ip=127.0.0.1 | op=GET_FILE_STATUS {volume=volume55828, bucket=bucket33932, key=testBatchDelete/parent/child4, dataSize=0, replicationConfig=null} | ret=FAILURE
org.apache.hadoop.ozone.om.exceptions.OMException: Unable to get file status: volume: volume55828 bucket: bucket33932 key: testBatchDelete/parent/child4
	at org.apache.hadoop.ozone.om.KeyManagerImpl.getOzoneFileStatus(KeyManagerImpl.java:1311) ~[ozone-manager-1.3.0-SNAPSHOT.jar:?]
	at org.apache.hadoop.ozone.om.KeyManagerImpl.getFileStatus(KeyManagerImpl.java:1241) ~[ozone-manager-1.3.0-SNAPSHOT.jar:?]
	at org.apache.hadoop.ozone.om.OzoneManager.getFileStatus(OzoneManager.java:3419) ~[ozone-manager-1.3.0-SNAPSHOT.jar:?]
	at org.apache.hadoop.ozone.protocolPB.OzoneManagerRequestHandler.getOzoneFileStatus(OzoneManagerRequestHandler.java:871) ~[ozone-manager-1.3.0-SNAPSHOT.jar:?]
	at org.apache.hadoop.ozone.protocolPB.OzoneManagerRequestHandler.handleReadRequest(OzoneManagerRequestHandler.java:217) ~[ozone-manager-1.3.0-SNAPSHOT.jar:?]
	at org.apache.hadoop.ozone.protocolPB.OzoneManagerProtocolServerSideTranslatorPB.submitReadRequestToOM(OzoneManagerProtocolServerSideTranslatorPB.java:226) ~[ozone-manager-1.3.0-SNAPSHOT.jar:?]
	at org.apache.hadoop.ozone.protocolPB.OzoneManagerProtocolServerSideTranslatorPB.processRequest(OzoneManagerProtocolServerSideTranslatorPB.java:175) ~[ozone-manager-1.3.0-SNAPSHOT.jar:?]
	at org.apache.hadoop.hdds.server.OzoneProtocolMessageDispatcher.processRequest(OzoneProtocolMessageDispatcher.java:87) [hdds-server-framework-1.3.0-SNAPSHOT.jar:?]
	at org.apache.hadoop.ozone.protocolPB.OzoneManagerProtocolServerSideTranslatorPB.submitRequest(OzoneManagerProtocolServerSideTranslatorPB.java:147) [ozone-manager-1.3.0-SNAPSHOT.jar:?]
	at org.apache.hadoop.ozone.protocol.proto.OzoneManagerProtocolProtos$OzoneManagerService$2.callBlockingMethod(OzoneManagerProtocolProtos.java) [ozone-interface-client-1.3.0-SNAPSHOT.jar:?]
	at org.apache.hadoop.ipc.ProtobufRpcEngine$Server.processCall(ProtobufRpcEngine.java:466) [hadoop-common-3.3.1.jar:?]
	at org.apache.hadoop.ipc.ProtobufRpcEngine2$Server$ProtoBufRpcInvoker.call(ProtobufRpcEngine2.java:574) [hadoop-common-3.3.1.jar:?]
	at org.apache.hadoop.ipc.ProtobufRpcEngine2$Server$ProtoBufRpcInvoker.call(ProtobufRpcEngine2.java:552) [hadoop-common-3.3.1.jar:?]
	at org.apache.hadoop.ipc.RPC$Server.call(RPC.java:1093) [hadoop-common-3.3.1.jar:?]
	at org.apache.hadoop.ipc.Server$RpcCall.run(Server.java:1035) [hadoop-common-3.3.1.jar:?]
	at org.apache.hadoop.ipc.Server$RpcCall.run(Server.java:963) [hadoop-common-3.3.1.jar:?]
	at java.security.AccessController.doPrivileged(Native Method) ~[?:1.8.0_332]
	at javax.security.auth.Subject.doAs(Subject.java:422) [?:1.8.0_332]
	at org.apache.hadoop.security.UserGroupInformation.doAs(UserGroupInformation.java:1878) [hadoop-common-3.3.1.jar:?]
	at org.apache.hadoop.ipc.Server$Handler.run(Server.java:2966) [hadoop-common-3.3.1.jar:?]
21:07:58.722 [IPC Server handler 3 on default port 33595] ERROR OMAudit - user=runner | ip=127.0.0.1 | op=GET_FILE_STATUS {volume=volume55828, bucket=bucket33932, key=testBatchDelete/parent/childFolder/child4, dataSize=0, replicationConfig=null} | ret=FAILURE
org.apache.hadoop.ozone.om.exceptions.OMException: Unable to get file status: volume: volume55828 bucket: bucket33932 key: testBatchDelete/parent/childFolder/child4
	at org.apache.hadoop.ozone.om.KeyManagerImpl.getOzoneFileStatus(KeyManagerImpl.java:1311) ~[ozone-manager-1.3.0-SNAPSHOT.jar:?]
	at org.apache.hadoop.ozone.om.KeyManagerImpl.getFileStatus(KeyManagerImpl.java:1241) ~[ozone-manager-1.3.0-SNAPSHOT.jar:?]
	at org.apache.hadoop.ozone.om.OzoneManager.getFileStatus(OzoneManager.java:3419) ~[ozone-manager-1.3.0-SNAPSHOT.jar:?]
	at org.apache.hadoop.ozone.protocolPB.OzoneManagerRequestHandler.getOzoneFileStatus(OzoneManagerRequestHandler.java:871) ~[ozone-manager-1.3.0-SNAPSHOT.jar:?]
	at org.apache.hadoop.ozone.protocolPB.OzoneManagerRequestHandler.handleReadRequest(OzoneManagerRequestHandler.java:217) ~[ozone-manager-1.3.0-SNAPSHOT.jar:?]
	at org.apache.hadoop.ozone.protocolPB.OzoneManagerProtocolServerSideTranslatorPB.submitReadRequestToOM(OzoneManagerProtocolServerSideTranslatorPB.java:226) ~[ozone-manager-1.3.0-SNAPSHOT.jar:?]
	at org.apache.hadoop.ozone.protocolPB.OzoneManagerProtocolServerSideTranslatorPB.processRequest(OzoneManagerProtocolServerSideTranslatorPB.java:175) ~[ozone-manager-1.3.0-SNAPSHOT.jar:?]
	at org.apache.hadoop.hdds.server.OzoneProtocolMessageDispatcher.processRequest(OzoneProtocolMessageDispatcher.java:87) [hdds-server-framework-1.3.0-SNAPSHOT.jar:?]
	at org.apache.hadoop.ozone.protocolPB.OzoneManagerProtocolServerSideTranslatorPB.submitRequest(OzoneManagerProtocolServerSideTranslatorPB.java:147) [ozone-manager-1.3.0-SNAPSHOT.jar:?]
	at org.apache.hadoop.ozone.protocol.proto.OzoneManagerProtocolProtos$OzoneManagerService$2.callBlockingMethod(OzoneManagerProtocolProtos.java) [ozone-interface-client-1.3.0-SNAPSHOT.jar:?]
	at org.apache.hadoop.ipc.ProtobufRpcEngine$Server.processCall(ProtobufRpcEngine.java:466) [hadoop-common-3.3.1.jar:?]
	at org.apache.hadoop.ipc.ProtobufRpcEngine2$Server$ProtoBufRpcInvoker.call(ProtobufRpcEngine2.java:574) [hadoop-common-3.3.1.jar:?]
	at org.apache.hadoop.ipc.ProtobufRpcEngine2$Server$ProtoBufRpcInvoker.call(ProtobufRpcEngine2.java:552) [hadoop-common-3.3.1.jar:?]
	at org.apache.hadoop.ipc.RPC$Server.call(RPC.java:1093) [hadoop-common-3.3.1.jar:?]
	at org.apache.hadoop.ipc.Server$RpcCall.run(Server.java:1035) [hadoop-common-3.3.1.jar:?]
	at org.apache.hadoop.ipc.Server$RpcCall.run(Server.java:963) [hadoop-common-3.3.1.jar:?]
	at java.security.AccessController.doPrivileged(Native Method) ~[?:1.8.0_332]
	at javax.security.auth.Subject.doAs(Subject.java:422) [?:1.8.0_332]
	at org.apache.hadoop.security.UserGroupInformation.doAs(UserGroupInformation.java:1878) [hadoop-common-3.3.1.jar:?]
	at org.apache.hadoop.ipc.Server$Handler.run(Server.java:2966) [hadoop-common-3.3.1.jar:?]
21:07:58.723 [IPC Server handler 2 on default port 33595] ERROR OMAudit - user=runner | ip=127.0.0.1 | op=GET_FILE_STATUS {volume=volume55828, bucket=bucket33932, key=testBatchDelete/parent/child5, dataSize=0, replicationConfig=null} | ret=FAILURE
org.apache.hadoop.ozone.om.exceptions.OMException: Unable to get file status: volume: volume55828 bucket: bucket33932 key: testBatchDelete/parent/child5
	at org.apache.hadoop.ozone.om.KeyManagerImpl.getOzoneFileStatus(KeyManagerImpl.java:1311) ~[ozone-manager-1.3.0-SNAPSHOT.jar:?]
	at org.apache.hadoop.ozone.om.KeyManagerImpl.getFileStatus(KeyManagerImpl.java:1241) ~[ozone-manager-1.3.0-SNAPSHOT.jar:?]
	at org.apache.hadoop.ozone.om.OzoneManager.getFileStatus(OzoneManager.java:3419) ~[ozone-manager-1.3.0-SNAPSHOT.jar:?]
	at org.apache.hadoop.ozone.protocolPB.OzoneManagerRequestHandler.getOzoneFileStatus(OzoneManagerRequestHandler.java:871) ~[ozone-manager-1.3.0-SNAPSHOT.jar:?]
	at org.apache.hadoop.ozone.protocolPB.OzoneManagerRequestHandler.handleReadRequest(OzoneManagerRequestHandler.java:217) ~[ozone-manager-1.3.0-SNAPSHOT.jar:?]
	at org.apache.hadoop.ozone.protocolPB.OzoneManagerProtocolServerSideTranslatorPB.submitReadRequestToOM(OzoneManagerProtocolServerSideTranslatorPB.java:226) ~[ozone-manager-1.3.0-SNAPSHOT.jar:?]
	at org.apache.hadoop.ozone.protocolPB.OzoneManagerProtocolServerSideTranslatorPB.processRequest(OzoneManagerProtocolServerSideTranslatorPB.java:175) ~[ozone-manager-1.3.0-SNAPSHOT.jar:?]
	at org.apache.hadoop.hdds.server.OzoneProtocolMessageDispatcher.processRequest(OzoneProtocolMessageDispatcher.java:87) [hdds-server-framework-1.3.0-SNAPSHOT.jar:?]
	at org.apache.hadoop.ozone.protocolPB.OzoneManagerProtocolServerSideTranslatorPB.submitRequest(OzoneManagerProtocolServerSideTranslatorPB.java:147) [ozone-manager-1.3.0-SNAPSHOT.jar:?]
	at org.apache.hadoop.ozone.protocol.proto.OzoneManagerProtocolProtos$OzoneManagerService$2.callBlockingMethod(OzoneManagerProtocolProtos.java) [ozone-interface-client-1.3.0-SNAPSHOT.jar:?]
	at org.apache.hadoop.ipc.ProtobufRpcEngine$Server.processCall(ProtobufRpcEngine.java:466) [hadoop-common-3.3.1.jar:?]
	at org.apache.hadoop.ipc.ProtobufRpcEngine2$Server$ProtoBufRpcInvoker.call(ProtobufRpcEngine2.java:574) [hadoop-common-3.3.1.jar:?]
	at org.apache.hadoop.ipc.ProtobufRpcEngine2$Server$ProtoBufRpcInvoker.call(ProtobufRpcEngine2.java:552) [hadoop-common-3.3.1.jar:?]
	at org.apache.hadoop.ipc.RPC$Server.call(RPC.java:1093) [hadoop-common-3.3.1.jar:?]
	at org.apache.hadoop.ipc.Server$RpcCall.run(Server.java:1035) [hadoop-common-3.3.1.jar:?]
	at org.apache.hadoop.ipc.Server$RpcCall.run(Server.java:963) [hadoop-common-3.3.1.jar:?]
	at java.security.AccessController.doPrivileged(Native Method) ~[?:1.8.0_332]
	at javax.security.auth.Subject.doAs(Subject.java:422) [?:1.8.0_332]
	at org.apache.hadoop.security.UserGroupInformation.doAs(UserGroupInformation.java:1878) [hadoop-common-3.3.1.jar:?]
	at org.apache.hadoop.ipc.Server$Handler.run(Server.java:2966) [hadoop-common-3.3.1.jar:?]
21:07:58.724 [IPC Server handler 10 on default port 33595] ERROR OMAudit - user=runner | ip=127.0.0.1 | op=GET_FILE_STATUS {volume=volume55828, bucket=bucket33932, key=testBatchDelete/parent/childFolder/child5, dataSize=0, replicationConfig=null} | ret=FAILURE
org.apache.hadoop.ozone.om.exceptions.OMException: Unable to get file status: volume: volume55828 bucket: bucket33932 key: testBatchDelete/parent/childFolder/child5
	at org.apache.hadoop.ozone.om.KeyManagerImpl.getOzoneFileStatus(KeyManagerImpl.java:1311) ~[ozone-manager-1.3.0-SNAPSHOT.jar:?]
	at org.apache.hadoop.ozone.om.KeyManagerImpl.getFileStatus(KeyManagerImpl.java:1241) ~[ozone-manager-1.3.0-SNAPSHOT.jar:?]
	at org.apache.hadoop.ozone.om.OzoneManager.getFileStatus(OzoneManager.java:3419) ~[ozone-manager-1.3.0-SNAPSHOT.jar:?]
	at org.apache.hadoop.ozone.protocolPB.OzoneManagerRequestHandler.getOzoneFileStatus(OzoneManagerRequestHandler.java:871) ~[ozone-manager-1.3.0-SNAPSHOT.jar:?]
	at org.apache.hadoop.ozone.protocolPB.OzoneManagerRequestHandler.handleReadRequest(OzoneManagerRequestHandler.java:217) ~[ozone-manager-1.3.0-SNAPSHOT.jar:?]
	at org.apache.hadoop.ozone.protocolPB.OzoneManagerProtocolServerSideTranslatorPB.submitReadRequestToOM(OzoneManagerProtocolServerSideTranslatorPB.java:226) ~[ozone-manager-1.3.0-SNAPSHOT.jar:?]
	at org.apache.hadoop.ozone.protocolPB.OzoneManagerProtocolServerSideTranslatorPB.processRequest(OzoneManagerProtocolServerSideTranslatorPB.java:175) ~[ozone-manager-1.3.0-SNAPSHOT.jar:?]
	at org.apache.hadoop.hdds.server.OzoneProtocolMessageDispatcher.processRequest(OzoneProtocolMessageDispatcher.java:87) [hdds-server-framework-1.3.0-SNAPSHOT.jar:?]
	at org.apache.hadoop.ozone.protocolPB.OzoneManagerProtocolServerSideTranslatorPB.submitRequest(OzoneManagerProtocolServerSideTranslatorPB.java:147) [ozone-manager-1.3.0-SNAPSHOT.jar:?]
	at org.apache.hadoop.ozone.protocol.proto.OzoneManagerProtocolProtos$OzoneManagerService$2.callBlockingMethod(OzoneManagerProtocolProtos.java) [ozone-interface-client-1.3.0-SNAPSHOT.jar:?]
	at org.apache.hadoop.ipc.ProtobufRpcEngine$Server.processCall(ProtobufRpcEngine.java:466) [hadoop-common-3.3.1.jar:?]
	at org.apache.hadoop.ipc.ProtobufRpcEngine2$Server$ProtoBufRpcInvoker.call(ProtobufRpcEngine2.java:574) [hadoop-common-3.3.1.jar:?]
	at org.apache.hadoop.ipc.ProtobufRpcEngine2$Server$ProtoBufRpcInvoker.call(ProtobufRpcEngine2.java:552) [hadoop-common-3.3.1.jar:?]
	at org.apache.hadoop.ipc.RPC$Server.call(RPC.java:1093) [hadoop-common-3.3.1.jar:?]
	at org.apache.hadoop.ipc.Server$RpcCall.run(Server.java:1035) [hadoop-common-3.3.1.jar:?]
	at org.apache.hadoop.ipc.Server$RpcCall.run(Server.java:963) [hadoop-common-3.3.1.jar:?]
	at java.security.AccessController.doPrivileged(Native Method) ~[?:1.8.0_332]
	at javax.security.auth.Subject.doAs(Subject.java:422) [?:1.8.0_332]
	at org.apache.hadoop.security.UserGroupInformation.doAs(UserGroupInformation.java:1878) [hadoop-common-3.3.1.jar:?]
	at org.apache.hadoop.ipc.Server$Handler.run(Server.java:2966) [hadoop-common-3.3.1.jar:?]
21:07:58.725 [IPC Server handler 13 on default port 33595] ERROR OMAudit - user=runner | ip=127.0.0.1 | op=GET_FILE_STATUS {volume=volume55828, bucket=bucket33932, key=testBatchDelete/parent/child6, dataSize=0, replicationConfig=null} | ret=FAILURE
org.apache.hadoop.ozone.om.exceptions.OMException: Unable to get file status: volume: volume55828 bucket: bucket33932 key: testBatchDelete/parent/child6
	at org.apache.hadoop.ozone.om.KeyManagerImpl.getOzoneFileStatus(KeyManagerImpl.java:1311) ~[ozone-manager-1.3.0-SNAPSHOT.jar:?]
	at org.apache.hadoop.ozone.om.KeyManagerImpl.getFileStatus(KeyManagerImpl.java:1241) ~[ozone-manager-1.3.0-SNAPSHOT.jar:?]
	at org.apache.hadoop.ozone.om.OzoneManager.getFileStatus(OzoneManager.java:3419) ~[ozone-manager-1.3.0-SNAPSHOT.jar:?]
	at org.apache.hadoop.ozone.protocolPB.OzoneManagerRequestHandler.getOzoneFileStatus(OzoneManagerRequestHandler.java:871) ~[ozone-manager-1.3.0-SNAPSHOT.jar:?]
	at org.apache.hadoop.ozone.protocolPB.OzoneManagerRequestHandler.handleReadRequest(OzoneManagerRequestHandler.java:217) ~[ozone-manager-1.3.0-SNAPSHOT.jar:?]
	at org.apache.hadoop.ozone.protocolPB.OzoneManagerProtocolServerSideTranslatorPB.submitReadRequestToOM(OzoneManagerProtocolServerSideTranslatorPB.java:226) ~[ozone-manager-1.3.0-SNAPSHOT.jar:?]
	at org.apache.hadoop.ozone.protocolPB.OzoneManagerProtocolServerSideTranslatorPB.processRequest(OzoneManagerProtocolServerSideTranslatorPB.java:175) ~[ozone-manager-1.3.0-SNAPSHOT.jar:?]
	at org.apache.hadoop.hdds.server.OzoneProtocolMessageDispatcher.processRequest(OzoneProtocolMessageDispatcher.java:87) [hdds-server-framework-1.3.0-SNAPSHOT.jar:?]
	at org.apache.hadoop.ozone.protocolPB.OzoneManagerProtocolServerSideTranslatorPB.submitRequest(OzoneManagerProtocolServerSideTranslatorPB.java:147) [ozone-manager-1.3.0-SNAPSHOT.jar:?]
	at org.apache.hadoop.ozone.protocol.proto.OzoneManagerProtocolProtos$OzoneManagerService$2.callBlockingMethod(OzoneManagerProtocolProtos.java) [ozone-interface-client-1.3.0-SNAPSHOT.jar:?]
	at org.apache.hadoop.ipc.ProtobufRpcEngine$Server.processCall(ProtobufRpcEngine.java:466) [hadoop-common-3.3.1.jar:?]
	at org.apache.hadoop.ipc.ProtobufRpcEngine2$Server$ProtoBufRpcInvoker.call(ProtobufRpcEngine2.java:574) [hadoop-common-3.3.1.jar:?]
	at org.apache.hadoop.ipc.ProtobufRpcEngine2$Server$ProtoBufRpcInvoker.call(ProtobufRpcEngine2.java:552) [hadoop-common-3.3.1.jar:?]
	at org.apache.hadoop.ipc.RPC$Server.call(RPC.java:1093) [hadoop-common-3.3.1.jar:?]
	at org.apache.hadoop.ipc.Server$RpcCall.run(Server.java:1035) [hadoop-common-3.3.1.jar:?]
	at org.apache.hadoop.ipc.Server$RpcCall.run(Server.java:963) [hadoop-common-3.3.1.jar:?]
	at java.security.AccessController.doPrivileged(Native Method) ~[?:1.8.0_332]
	at javax.security.auth.Subject.doAs(Subject.java:422) [?:1.8.0_332]
	at org.apache.hadoop.security.UserGroupInformation.doAs(UserGroupInformation.java:1878) [hadoop-common-3.3.1.jar:?]
	at org.apache.hadoop.ipc.Server$Handler.run(Server.java:2966) [hadoop-common-3.3.1.jar:?]
21:07:58.726 [IPC Server handler 17 on default port 33595] ERROR OMAudit - user=runner | ip=127.0.0.1 | op=GET_FILE_STATUS {volume=volume55828, bucket=bucket33932, key=testBatchDelete/parent/childFolder/child6, dataSize=0, replicationConfig=null} | ret=FAILURE
org.apache.hadoop.ozone.om.exceptions.OMException: Unable to get file status: volume: volume55828 bucket: bucket33932 key: testBatchDelete/parent/childFolder/child6
	at org.apache.hadoop.ozone.om.KeyManagerImpl.getOzoneFileStatus(KeyManagerImpl.java:1311) ~[ozone-manager-1.3.0-SNAPSHOT.jar:?]
	at org.apache.hadoop.ozone.om.KeyManagerImpl.getFileStatus(KeyManagerImpl.java:1241) ~[ozone-manager-1.3.0-SNAPSHOT.jar:?]
	at org.apache.hadoop.ozone.om.OzoneManager.getFileStatus(OzoneManager.java:3419) ~[ozone-manager-1.3.0-SNAPSHOT.jar:?]
	at org.apache.hadoop.ozone.protocolPB.OzoneManagerRequestHandler.getOzoneFileStatus(OzoneManagerRequestHandler.java:871) ~[ozone-manager-1.3.0-SNAPSHOT.jar:?]
	at org.apache.hadoop.ozone.protocolPB.OzoneManagerRequestHandler.handleReadRequest(OzoneManagerRequestHandler.java:217) ~[ozone-manager-1.3.0-SNAPSHOT.jar:?]
	at org.apache.hadoop.ozone.protocolPB.OzoneManagerProtocolServerSideTranslatorPB.submitReadRequestToOM(OzoneManagerProtocolServerSideTranslatorPB.java:226) ~[ozone-manager-1.3.0-SNAPSHOT.jar:?]
	at org.apache.hadoop.ozone.protocolPB.OzoneManagerProtocolServerSideTranslatorPB.processRequest(OzoneManagerProtocolServerSideTranslatorPB.java:175) ~[ozone-manager-1.3.0-SNAPSHOT.jar:?]
	at org.apache.hadoop.hdds.server.OzoneProtocolMessageDispatcher.processRequest(OzoneProtocolMessageDispatcher.java:87) [hdds-server-framework-1.3.0-SNAPSHOT.jar:?]
	at org.apache.hadoop.ozone.protocolPB.OzoneManagerProtocolServerSideTranslatorPB.submitRequest(OzoneManagerProtocolServerSideTranslatorPB.java:147) [ozone-manager-1.3.0-SNAPSHOT.jar:?]
	at org.apache.hadoop.ozone.protocol.proto.OzoneManagerProtocolProtos$OzoneManagerService$2.callBlockingMethod(OzoneManagerProtocolProtos.java) [ozone-interface-client-1.3.0-SNAPSHOT.jar:?]
	at org.apache.hadoop.ipc.ProtobufRpcEngine$Server.processCall(ProtobufRpcEngine.java:466) [hadoop-common-3.3.1.jar:?]
	at org.apache.hadoop.ipc.ProtobufRpcEngine2$Server$ProtoBufRpcInvoker.call(ProtobufRpcEngine2.java:574) [hadoop-common-3.3.1.jar:?]
	at org.apache.hadoop.ipc.ProtobufRpcEngine2$Server$ProtoBufRpcInvoker.call(ProtobufRpcEngine2.java:552) [hadoop-common-3.3.1.jar:?]
	at org.apache.hadoop.ipc.RPC$Server.call(RPC.java:1093) [hadoop-common-3.3.1.jar:?]
	at org.apache.hadoop.ipc.Server$RpcCall.run(Server.java:1035) [hadoop-common-3.3.1.jar:?]
	at org.apache.hadoop.ipc.Server$RpcCall.run(Server.java:963) [hadoop-common-3.3.1.jar:?]
	at java.security.AccessController.doPrivileged(Native Method) ~[?:1.8.0_332]
	at javax.security.auth.Subject.doAs(Subject.java:422) [?:1.8.0_332]
	at org.apache.hadoop.security.UserGroupInformation.doAs(UserGroupInformation.java:1878) [hadoop-common-3.3.1.jar:?]
	at org.apache.hadoop.ipc.Server$Handler.run(Server.java:2966) [hadoop-common-3.3.1.jar:?]
21:07:58.727 [IPC Server handler 18 on default port 33595] ERROR OMAudit - user=runner | ip=127.0.0.1 | op=GET_FILE_STATUS {volume=volume55828, bucket=bucket33932, key=testBatchDelete/parent/child7, dataSize=0, replicationConfig=null} | ret=FAILURE
org.apache.hadoop.ozone.om.exceptions.OMException: Unable to get file status: volume: volume55828 bucket: bucket33932 key: testBatchDelete/parent/child7
	at org.apache.hadoop.ozone.om.KeyManagerImpl.getOzoneFileStatus(KeyManagerImpl.java:1311) ~[ozone-manager-1.3.0-SNAPSHOT.jar:?]
	at org.apache.hadoop.ozone.om.KeyManagerImpl.getFileStatus(KeyManagerImpl.java:1241) ~[ozone-manager-1.3.0-SNAPSHOT.jar:?]
	at org.apache.hadoop.ozone.om.OzoneManager.getFileStatus(OzoneManager.java:3419) ~[ozone-manager-1.3.0-SNAPSHOT.jar:?]
	at org.apache.hadoop.ozone.protocolPB.OzoneManagerRequestHandler.getOzoneFileStatus(OzoneManagerRequestHandler.java:871) ~[ozone-manager-1.3.0-SNAPSHOT.jar:?]
	at org.apache.hadoop.ozone.protocolPB.OzoneManagerRequestHandler.handleReadRequest(OzoneManagerRequestHandler.java:217) ~[ozone-manager-1.3.0-SNAPSHOT.jar:?]
	at org.apache.hadoop.ozone.protocolPB.OzoneManagerProtocolServerSideTranslatorPB.submitReadRequestToOM(OzoneManagerProtocolServerSideTranslatorPB.java:226) ~[ozone-manager-1.3.0-SNAPSHOT.jar:?]
	at org.apache.hadoop.ozone.protocolPB.OzoneManagerProtocolServerSideTranslatorPB.processRequest(OzoneManagerProtocolServerSideTranslatorPB.java:175) ~[ozone-manager-1.3.0-SNAPSHOT.jar:?]
	at org.apache.hadoop.hdds.server.OzoneProtocolMessageDispatcher.processRequest(OzoneProtocolMessageDispatcher.java:87) [hdds-server-framework-1.3.0-SNAPSHOT.jar:?]
	at org.apache.hadoop.ozone.protocolPB.OzoneManagerProtocolServerSideTranslatorPB.submitRequest(OzoneManagerProtocolServerSideTranslatorPB.java:147) [ozone-manager-1.3.0-SNAPSHOT.jar:?]
	at org.apache.hadoop.ozone.protocol.proto.OzoneManagerProtocolProtos$OzoneManagerService$2.callBlockingMethod(OzoneManagerProtocolProtos.java) [ozone-interface-client-1.3.0-SNAPSHOT.jar:?]
	at org.apache.hadoop.ipc.ProtobufRpcEngine$Server.processCall(ProtobufRpcEngine.java:466) [hadoop-common-3.3.1.jar:?]
	at org.apache.hadoop.ipc.ProtobufRpcEngine2$Server$ProtoBufRpcInvoker.call(ProtobufRpcEngine2.java:574) [hadoop-common-3.3.1.jar:?]
	at org.apache.hadoop.ipc.ProtobufRpcEngine2$Server$ProtoBufRpcInvoker.call(ProtobufRpcEngine2.java:552) [hadoop-common-3.3.1.jar:?]
	at org.apache.hadoop.ipc.RPC$Server.call(RPC.java:1093) [hadoop-common-3.3.1.jar:?]
	at org.apache.hadoop.ipc.Server$RpcCall.run(Server.java:1035) [hadoop-common-3.3.1.jar:?]
	at org.apache.hadoop.ipc.Server$RpcCall.run(Server.java:963) [hadoop-common-3.3.1.jar:?]
	at java.security.AccessController.doPrivileged(Native Method) ~[?:1.8.0_332]
	at javax.security.auth.Subject.doAs(Subject.java:422) [?:1.8.0_332]
	at org.apache.hadoop.security.UserGroupInformation.doAs(UserGroupInformation.java:1878) [hadoop-common-3.3.1.jar:?]
	at org.apache.hadoop.ipc.Server$Handler.run(Server.java:2966) [hadoop-common-3.3.1.jar:?]
21:07:58.729 [IPC Server handler 8 on default port 33595] ERROR OMAudit - user=runner | ip=127.0.0.1 | op=GET_FILE_STATUS {volume=volume55828, bucket=bucket33932, key=testBatchDelete/parent/childFolder/child7, dataSize=0, replicationConfig=null} | ret=FAILURE
org.apache.hadoop.ozone.om.exceptions.OMException: Unable to get file status: volume: volume55828 bucket: bucket33932 key: testBatchDelete/parent/childFolder/child7
	at org.apache.hadoop.ozone.om.KeyManagerImpl.getOzoneFileStatus(KeyManagerImpl.java:1311) ~[ozone-manager-1.3.0-SNAPSHOT.jar:?]
	at org.apache.hadoop.ozone.om.KeyManagerImpl.getFileStatus(KeyManagerImpl.java:1241) ~[ozone-manager-1.3.0-SNAPSHOT.jar:?]
	at org.apache.hadoop.ozone.om.OzoneManager.getFileStatus(OzoneManager.java:3419) ~[ozone-manager-1.3.0-SNAPSHOT.jar:?]
	at org.apache.hadoop.ozone.protocolPB.OzoneManagerRequestHandler.getOzoneFileStatus(OzoneManagerRequestHandler.java:871) ~[ozone-manager-1.3.0-SNAPSHOT.jar:?]
	at org.apache.hadoop.ozone.protocolPB.OzoneManagerRequestHandler.handleReadRequest(OzoneManagerRequestHandler.java:217) ~[ozone-manager-1.3.0-SNAPSHOT.jar:?]
	at org.apache.hadoop.ozone.protocolPB.OzoneManagerProtocolServerSideTranslatorPB.submitReadRequestToOM(OzoneManagerProtocolServerSideTranslatorPB.java:226) ~[ozone-manager-1.3.0-SNAPSHOT.jar:?]
	at org.apache.hadoop.ozone.protocolPB.OzoneManagerProtocolServerSideTranslatorPB.processRequest(OzoneManagerProtocolServerSideTranslatorPB.java:175) ~[ozone-manager-1.3.0-SNAPSHOT.jar:?]
	at org.apache.hadoop.hdds.server.OzoneProtocolMessageDispatcher.processRequest(OzoneProtocolMessageDispatcher.java:87) [hdds-server-framework-1.3.0-SNAPSHOT.jar:?]
	at org.apache.hadoop.ozone.protocolPB.OzoneManagerProtocolServerSideTranslatorPB.submitRequest(OzoneManagerProtocolServerSideTranslatorPB.java:147) [ozone-manager-1.3.0-SNAPSHOT.jar:?]
	at org.apache.hadoop.ozone.protocol.proto.OzoneManagerProtocolProtos$OzoneManagerService$2.callBlockingMethod(OzoneManagerProtocolProtos.java) [ozone-interface-client-1.3.0-SNAPSHOT.jar:?]
	at org.apache.hadoop.ipc.ProtobufRpcEngine$Server.processCall(ProtobufRpcEngine.java:466) [hadoop-common-3.3.1.jar:?]
	at org.apache.hadoop.ipc.ProtobufRpcEngine2$Server$ProtoBufRpcInvoker.call(ProtobufRpcEngine2.java:574) [hadoop-common-3.3.1.jar:?]
	at org.apache.hadoop.ipc.ProtobufRpcEngine2$Server$ProtoBufRpcInvoker.call(ProtobufRpcEngine2.java:552) [hadoop-common-3.3.1.jar:?]
	at org.apache.hadoop.ipc.RPC$Server.call(RPC.java:1093) [hadoop-common-3.3.1.jar:?]
	at org.apache.hadoop.ipc.Server$RpcCall.run(Server.java:1035) [hadoop-common-3.3.1.jar:?]
	at org.apache.hadoop.ipc.Server$RpcCall.run(Server.java:963) [hadoop-common-3.3.1.jar:?]
	at java.security.AccessController.doPrivileged(Native Method) ~[?:1.8.0_332]
	at javax.security.auth.Subject.doAs(Subject.java:422) [?:1.8.0_332]
	at org.apache.hadoop.security.UserGroupInformation.doAs(UserGroupInformation.java:1878) [hadoop-common-3.3.1.jar:?]
	at org.apache.hadoop.ipc.Server$Handler.run(Server.java:2966) [hadoop-common-3.3.1.jar:?]
21:07:58.730 [IPC Server handler 16 on default port 33595] ERROR OMAudit - user=runner | ip=127.0.0.1 | op=GET_FILE_STATUS {volume=volume55828, bucket=bucket33932, key=testBatchDelete/parent, dataSize=0, replicationConfig=null} | ret=FAILURE
org.apache.hadoop.ozone.om.exceptions.OMException: Unable to get file status: volume: volume55828 bucket: bucket33932 key: testBatchDelete/parent
	at org.apache.hadoop.ozone.om.KeyManagerImpl.getOzoneFileStatus(KeyManagerImpl.java:1311) ~[ozone-manager-1.3.0-SNAPSHOT.jar:?]
	at org.apache.hadoop.ozone.om.KeyManagerImpl.getFileStatus(KeyManagerImpl.java:1241) ~[ozone-manager-1.3.0-SNAPSHOT.jar:?]
	at org.apache.hadoop.ozone.om.OzoneManager.getFileStatus(OzoneManager.java:3419) ~[ozone-manager-1.3.0-SNAPSHOT.jar:?]
	at org.apache.hadoop.ozone.protocolPB.OzoneManagerRequestHandler.getOzoneFileStatus(OzoneManagerRequestHandler.java:871) ~[ozone-manager-1.3.0-SNAPSHOT.jar:?]
	at org.apache.hadoop.ozone.protocolPB.OzoneManagerRequestHandler.handleReadRequest(OzoneManagerRequestHandler.java:217) ~[ozone-manager-1.3.0-SNAPSHOT.jar:?]
	at org.apache.hadoop.ozone.protocolPB.OzoneManagerProtocolServerSideTranslatorPB.submitReadRequestToOM(OzoneManagerProtocolServerSideTranslatorPB.java:226) ~[ozone-manager-1.3.0-SNAPSHOT.jar:?]
	at org.apache.hadoop.ozone.protocolPB.OzoneManagerProtocolServerSideTranslatorPB.processRequest(OzoneManagerProtocolServerSideTranslatorPB.java:175) ~[ozone-manager-1.3.0-SNAPSHOT.jar:?]
	at org.apache.hadoop.hdds.server.OzoneProtocolMessageDispatcher.processRequest(OzoneProtocolMessageDispatcher.java:87) [hdds-server-framework-1.3.0-SNAPSHOT.jar:?]
	at org.apache.hadoop.ozone.protocolPB.OzoneManagerProtocolServerSideTranslatorPB.submitRequest(OzoneManagerProtocolServerSideTranslatorPB.java:147) [ozone-manager-1.3.0-SNAPSHOT.jar:?]
	at org.apache.hadoop.ozone.protocol.proto.OzoneManagerProtocolProtos$OzoneManagerService$2.callBlockingMethod(OzoneManagerProtocolProtos.java) [ozone-interface-client-1.3.0-SNAPSHOT.jar:?]
	at org.apache.hadoop.ipc.ProtobufRpcEngine$Server.processCall(ProtobufRpcEngine.java:466) [hadoop-common-3.3.1.jar:?]
	at org.apache.hadoop.ipc.ProtobufRpcEngine2$Server$ProtoBufRpcInvoker.call(ProtobufRpcEngine2.java:574) [hadoop-common-3.3.1.jar:?]
	at org.apache.hadoop.ipc.ProtobufRpcEngine2$Server$ProtoBufRpcInvoker.call(ProtobufRpcEngine2.java:552) [hadoop-common-3.3.1.jar:?]
	at org.apache.hadoop.ipc.RPC$Server.call(RPC.java:1093) [hadoop-common-3.3.1.jar:?]
	at org.apache.hadoop.ipc.Server$RpcCall.run(Server.java:1035) [hadoop-common-3.3.1.jar:?]
	at org.apache.hadoop.ipc.Server$RpcCall.run(Server.java:963) [hadoop-common-3.3.1.jar:?]
	at java.security.AccessController.doPrivileged(Native Method) ~[?:1.8.0_332]
	at javax.security.auth.Subject.doAs(Subject.java:422) [?:1.8.0_332]
	at org.apache.hadoop.security.UserGroupInformation.doAs(UserGroupInformation.java:1878) [hadoop-common-3.3.1.jar:?]
	at org.apache.hadoop.ipc.Server$Handler.run(Server.java:2966) [hadoop-common-3.3.1.jar:?]
2022-07-12 21:07:58,731 [Time-limited test] WARN  ozone.BasicRootedOzoneFileSystem (BasicRootedOzoneFileSystem.java:delete(572)) - delete: Path does not exist: /volume55828/bucket33932/testBatchDelete/parent
]]></system-out>
  </testcase>
  <testcase name="testFileDelete" classname="TestRootedOzoneFileSystem" time="0.454">
    <system-out><![CDATA[2022-07-12 21:09:41,119 [Time-limited test] INFO  rpc.RpcClient (RpcClient.java:createVolume(466)) - Creating Volume: volume80401, with user58364 as owner and space quota set to -1 bytes, counts quota set to -1
2022-07-12 21:09:41,128 [IPC Server handler 8 on default port 32899] INFO  volume.OMVolumeCreateRequest (OMVolumeCreateRequest.java:validateAndUpdateCache(195)) - created volume:volume80401 for user:user58364
2022-07-12 21:09:41,139 [Time-limited test] INFO  rpc.RpcClient (RpcClient.java:createBucket(669)) - Creating Bucket: volume80401/bucket88421, with bucket layout LEGACY, runner as owner, Versioning false, Storage Type set to DISK and Encryption set to false 
2022-07-12 21:09:41,140 [IPC Server handler 2 on default port 32899] INFO  bucket.OMBucketCreateRequest (OMBucketCreateRequest.java:validateAndUpdateCache(260)) - created bucket: bucket88421 of layout LEGACY in volume: volume80401
21:09:41.291 [IPC Server handler 18 on default port 32899] ERROR OMAudit - user=runner | ip=127.0.0.1 | op=GET_FILE_STATUS {volume=volume80401, bucket=bucket88421, key=testBatchDelete, dataSize=0, replicationConfig=null} | ret=FAILURE
org.apache.hadoop.ozone.om.exceptions.OMException: Unable to get file status: volume: volume80401 bucket: bucket88421 key: testBatchDelete
	at org.apache.hadoop.ozone.om.KeyManagerImpl.getOzoneFileStatus(KeyManagerImpl.java:1311) ~[ozone-manager-1.3.0-SNAPSHOT.jar:?]
	at org.apache.hadoop.ozone.om.KeyManagerImpl.getFileStatus(KeyManagerImpl.java:1241) ~[ozone-manager-1.3.0-SNAPSHOT.jar:?]
	at org.apache.hadoop.ozone.om.OzoneManager.getFileStatus(OzoneManager.java:3419) ~[ozone-manager-1.3.0-SNAPSHOT.jar:?]
	at org.apache.hadoop.ozone.protocolPB.OzoneManagerRequestHandler.getOzoneFileStatus(OzoneManagerRequestHandler.java:871) ~[ozone-manager-1.3.0-SNAPSHOT.jar:?]
	at org.apache.hadoop.ozone.protocolPB.OzoneManagerRequestHandler.handleReadRequest(OzoneManagerRequestHandler.java:217) ~[ozone-manager-1.3.0-SNAPSHOT.jar:?]
	at org.apache.hadoop.ozone.protocolPB.OzoneManagerProtocolServerSideTranslatorPB.submitRequestDirectlyToOM(OzoneManagerProtocolServerSideTranslatorPB.java:276) ~[ozone-manager-1.3.0-SNAPSHOT.jar:?]
	at org.apache.hadoop.ozone.protocolPB.OzoneManagerProtocolServerSideTranslatorPB.processRequest(OzoneManagerProtocolServerSideTranslatorPB.java:205) ~[ozone-manager-1.3.0-SNAPSHOT.jar:?]
	at org.apache.hadoop.hdds.server.OzoneProtocolMessageDispatcher.processRequest(OzoneProtocolMessageDispatcher.java:87) [hdds-server-framework-1.3.0-SNAPSHOT.jar:?]
	at org.apache.hadoop.ozone.protocolPB.OzoneManagerProtocolServerSideTranslatorPB.submitRequest(OzoneManagerProtocolServerSideTranslatorPB.java:147) [ozone-manager-1.3.0-SNAPSHOT.jar:?]
	at org.apache.hadoop.ozone.protocol.proto.OzoneManagerProtocolProtos$OzoneManagerService$2.callBlockingMethod(OzoneManagerProtocolProtos.java) [ozone-interface-client-1.3.0-SNAPSHOT.jar:?]
	at org.apache.hadoop.ipc.ProtobufRpcEngine$Server.processCall(ProtobufRpcEngine.java:466) [hadoop-common-3.3.1.jar:?]
	at org.apache.hadoop.ipc.ProtobufRpcEngine2$Server$ProtoBufRpcInvoker.call(ProtobufRpcEngine2.java:574) [hadoop-common-3.3.1.jar:?]
	at org.apache.hadoop.ipc.ProtobufRpcEngine2$Server$ProtoBufRpcInvoker.call(ProtobufRpcEngine2.java:552) [hadoop-common-3.3.1.jar:?]
	at org.apache.hadoop.ipc.RPC$Server.call(RPC.java:1093) [hadoop-common-3.3.1.jar:?]
	at org.apache.hadoop.ipc.Server$RpcCall.run(Server.java:1035) [hadoop-common-3.3.1.jar:?]
	at org.apache.hadoop.ipc.Server$RpcCall.run(Server.java:963) [hadoop-common-3.3.1.jar:?]
	at java.security.AccessController.doPrivileged(Native Method) ~[?:1.8.0_332]
	at javax.security.auth.Subject.doAs(Subject.java:422) [?:1.8.0_332]
	at org.apache.hadoop.security.UserGroupInformation.doAs(UserGroupInformation.java:1878) [hadoop-common-3.3.1.jar:?]
	at org.apache.hadoop.ipc.Server$Handler.run(Server.java:2966) [hadoop-common-3.3.1.jar:?]
21:09:41.292 [IPC Server handler 14 on default port 32899] ERROR OMAudit - user=runner | ip=127.0.0.1 | op=GET_FILE_STATUS {volume=volume80401, bucket=bucket88421, key=testBatchDelete/parent/child0, dataSize=0, replicationConfig=null} | ret=FAILURE
org.apache.hadoop.ozone.om.exceptions.OMException: Unable to get file status: volume: volume80401 bucket: bucket88421 key: testBatchDelete/parent/child0
	at org.apache.hadoop.ozone.om.KeyManagerImpl.getOzoneFileStatus(KeyManagerImpl.java:1311) ~[ozone-manager-1.3.0-SNAPSHOT.jar:?]
	at org.apache.hadoop.ozone.om.KeyManagerImpl.getFileStatus(KeyManagerImpl.java:1241) ~[ozone-manager-1.3.0-SNAPSHOT.jar:?]
	at org.apache.hadoop.ozone.om.OzoneManager.getFileStatus(OzoneManager.java:3419) ~[ozone-manager-1.3.0-SNAPSHOT.jar:?]
	at org.apache.hadoop.ozone.protocolPB.OzoneManagerRequestHandler.getOzoneFileStatus(OzoneManagerRequestHandler.java:871) ~[ozone-manager-1.3.0-SNAPSHOT.jar:?]
	at org.apache.hadoop.ozone.protocolPB.OzoneManagerRequestHandler.handleReadRequest(OzoneManagerRequestHandler.java:217) ~[ozone-manager-1.3.0-SNAPSHOT.jar:?]
	at org.apache.hadoop.ozone.protocolPB.OzoneManagerProtocolServerSideTranslatorPB.submitRequestDirectlyToOM(OzoneManagerProtocolServerSideTranslatorPB.java:276) ~[ozone-manager-1.3.0-SNAPSHOT.jar:?]
	at org.apache.hadoop.ozone.protocolPB.OzoneManagerProtocolServerSideTranslatorPB.processRequest(OzoneManagerProtocolServerSideTranslatorPB.java:205) ~[ozone-manager-1.3.0-SNAPSHOT.jar:?]
	at org.apache.hadoop.hdds.server.OzoneProtocolMessageDispatcher.processRequest(OzoneProtocolMessageDispatcher.java:87) [hdds-server-framework-1.3.0-SNAPSHOT.jar:?]
	at org.apache.hadoop.ozone.protocolPB.OzoneManagerProtocolServerSideTranslatorPB.submitRequest(OzoneManagerProtocolServerSideTranslatorPB.java:147) [ozone-manager-1.3.0-SNAPSHOT.jar:?]
	at org.apache.hadoop.ozone.protocol.proto.OzoneManagerProtocolProtos$OzoneManagerService$2.callBlockingMethod(OzoneManagerProtocolProtos.java) [ozone-interface-client-1.3.0-SNAPSHOT.jar:?]
	at org.apache.hadoop.ipc.ProtobufRpcEngine$Server.processCall(ProtobufRpcEngine.java:466) [hadoop-common-3.3.1.jar:?]
	at org.apache.hadoop.ipc.ProtobufRpcEngine2$Server$ProtoBufRpcInvoker.call(ProtobufRpcEngine2.java:574) [hadoop-common-3.3.1.jar:?]
	at org.apache.hadoop.ipc.ProtobufRpcEngine2$Server$ProtoBufRpcInvoker.call(ProtobufRpcEngine2.java:552) [hadoop-common-3.3.1.jar:?]
	at org.apache.hadoop.ipc.RPC$Server.call(RPC.java:1093) [hadoop-common-3.3.1.jar:?]
	at org.apache.hadoop.ipc.Server$RpcCall.run(Server.java:1035) [hadoop-common-3.3.1.jar:?]
	at org.apache.hadoop.ipc.Server$RpcCall.run(Server.java:963) [hadoop-common-3.3.1.jar:?]
	at java.security.AccessController.doPrivileged(Native Method) ~[?:1.8.0_332]
	at javax.security.auth.Subject.doAs(Subject.java:422) [?:1.8.0_332]
	at org.apache.hadoop.security.UserGroupInformation.doAs(UserGroupInformation.java:1878) [hadoop-common-3.3.1.jar:?]
	at org.apache.hadoop.ipc.Server$Handler.run(Server.java:2966) [hadoop-common-3.3.1.jar:?]
21:09:41.301 [IPC Server handler 3 on default port 32899] ERROR OMAudit - user=runner | ip=127.0.0.1 | op=GET_FILE_STATUS {volume=volume80401, bucket=bucket88421, key=testBatchDelete/parent/childFolder/child0, dataSize=0, replicationConfig=null} | ret=FAILURE
org.apache.hadoop.ozone.om.exceptions.OMException: Unable to get file status: volume: volume80401 bucket: bucket88421 key: testBatchDelete/parent/childFolder/child0
	at org.apache.hadoop.ozone.om.KeyManagerImpl.getOzoneFileStatus(KeyManagerImpl.java:1311) ~[ozone-manager-1.3.0-SNAPSHOT.jar:?]
	at org.apache.hadoop.ozone.om.KeyManagerImpl.getFileStatus(KeyManagerImpl.java:1241) ~[ozone-manager-1.3.0-SNAPSHOT.jar:?]
	at org.apache.hadoop.ozone.om.OzoneManager.getFileStatus(OzoneManager.java:3419) ~[ozone-manager-1.3.0-SNAPSHOT.jar:?]
	at org.apache.hadoop.ozone.protocolPB.OzoneManagerRequestHandler.getOzoneFileStatus(OzoneManagerRequestHandler.java:871) ~[ozone-manager-1.3.0-SNAPSHOT.jar:?]
	at org.apache.hadoop.ozone.protocolPB.OzoneManagerRequestHandler.handleReadRequest(OzoneManagerRequestHandler.java:217) ~[ozone-manager-1.3.0-SNAPSHOT.jar:?]
	at org.apache.hadoop.ozone.protocolPB.OzoneManagerProtocolServerSideTranslatorPB.submitRequestDirectlyToOM(OzoneManagerProtocolServerSideTranslatorPB.java:276) ~[ozone-manager-1.3.0-SNAPSHOT.jar:?]
	at org.apache.hadoop.ozone.protocolPB.OzoneManagerProtocolServerSideTranslatorPB.processRequest(OzoneManagerProtocolServerSideTranslatorPB.java:205) ~[ozone-manager-1.3.0-SNAPSHOT.jar:?]
	at org.apache.hadoop.hdds.server.OzoneProtocolMessageDispatcher.processRequest(OzoneProtocolMessageDispatcher.java:87) [hdds-server-framework-1.3.0-SNAPSHOT.jar:?]
	at org.apache.hadoop.ozone.protocolPB.OzoneManagerProtocolServerSideTranslatorPB.submitRequest(OzoneManagerProtocolServerSideTranslatorPB.java:147) [ozone-manager-1.3.0-SNAPSHOT.jar:?]
	at org.apache.hadoop.ozone.protocol.proto.OzoneManagerProtocolProtos$OzoneManagerService$2.callBlockingMethod(OzoneManagerProtocolProtos.java) [ozone-interface-client-1.3.0-SNAPSHOT.jar:?]
	at org.apache.hadoop.ipc.ProtobufRpcEngine$Server.processCall(ProtobufRpcEngine.java:466) [hadoop-common-3.3.1.jar:?]
	at org.apache.hadoop.ipc.ProtobufRpcEngine2$Server$ProtoBufRpcInvoker.call(ProtobufRpcEngine2.java:574) [hadoop-common-3.3.1.jar:?]
	at org.apache.hadoop.ipc.ProtobufRpcEngine2$Server$ProtoBufRpcInvoker.call(ProtobufRpcEngine2.java:552) [hadoop-common-3.3.1.jar:?]
	at org.apache.hadoop.ipc.RPC$Server.call(RPC.java:1093) [hadoop-common-3.3.1.jar:?]
	at org.apache.hadoop.ipc.Server$RpcCall.run(Server.java:1035) [hadoop-common-3.3.1.jar:?]
	at org.apache.hadoop.ipc.Server$RpcCall.run(Server.java:963) [hadoop-common-3.3.1.jar:?]
	at java.security.AccessController.doPrivileged(Native Method) ~[?:1.8.0_332]
	at javax.security.auth.Subject.doAs(Subject.java:422) [?:1.8.0_332]
	at org.apache.hadoop.security.UserGroupInformation.doAs(UserGroupInformation.java:1878) [hadoop-common-3.3.1.jar:?]
	at org.apache.hadoop.ipc.Server$Handler.run(Server.java:2966) [hadoop-common-3.3.1.jar:?]
21:09:41.311 [IPC Server handler 8 on default port 32899] ERROR OMAudit - user=runner | ip=127.0.0.1 | op=GET_FILE_STATUS {volume=volume80401, bucket=bucket88421, key=testBatchDelete/parent/child1, dataSize=0, replicationConfig=null} | ret=FAILURE
org.apache.hadoop.ozone.om.exceptions.OMException: Unable to get file status: volume: volume80401 bucket: bucket88421 key: testBatchDelete/parent/child1
	at org.apache.hadoop.ozone.om.KeyManagerImpl.getOzoneFileStatus(KeyManagerImpl.java:1311) ~[ozone-manager-1.3.0-SNAPSHOT.jar:?]
	at org.apache.hadoop.ozone.om.KeyManagerImpl.getFileStatus(KeyManagerImpl.java:1241) ~[ozone-manager-1.3.0-SNAPSHOT.jar:?]
	at org.apache.hadoop.ozone.om.OzoneManager.getFileStatus(OzoneManager.java:3419) ~[ozone-manager-1.3.0-SNAPSHOT.jar:?]
	at org.apache.hadoop.ozone.protocolPB.OzoneManagerRequestHandler.getOzoneFileStatus(OzoneManagerRequestHandler.java:871) ~[ozone-manager-1.3.0-SNAPSHOT.jar:?]
	at org.apache.hadoop.ozone.protocolPB.OzoneManagerRequestHandler.handleReadRequest(OzoneManagerRequestHandler.java:217) ~[ozone-manager-1.3.0-SNAPSHOT.jar:?]
	at org.apache.hadoop.ozone.protocolPB.OzoneManagerProtocolServerSideTranslatorPB.submitRequestDirectlyToOM(OzoneManagerProtocolServerSideTranslatorPB.java:276) ~[ozone-manager-1.3.0-SNAPSHOT.jar:?]
	at org.apache.hadoop.ozone.protocolPB.OzoneManagerProtocolServerSideTranslatorPB.processRequest(OzoneManagerProtocolServerSideTranslatorPB.java:205) ~[ozone-manager-1.3.0-SNAPSHOT.jar:?]
	at org.apache.hadoop.hdds.server.OzoneProtocolMessageDispatcher.processRequest(OzoneProtocolMessageDispatcher.java:87) [hdds-server-framework-1.3.0-SNAPSHOT.jar:?]
	at org.apache.hadoop.ozone.protocolPB.OzoneManagerProtocolServerSideTranslatorPB.submitRequest(OzoneManagerProtocolServerSideTranslatorPB.java:147) [ozone-manager-1.3.0-SNAPSHOT.jar:?]
	at org.apache.hadoop.ozone.protocol.proto.OzoneManagerProtocolProtos$OzoneManagerService$2.callBlockingMethod(OzoneManagerProtocolProtos.java) [ozone-interface-client-1.3.0-SNAPSHOT.jar:?]
	at org.apache.hadoop.ipc.ProtobufRpcEngine$Server.processCall(ProtobufRpcEngine.java:466) [hadoop-common-3.3.1.jar:?]
	at org.apache.hadoop.ipc.ProtobufRpcEngine2$Server$ProtoBufRpcInvoker.call(ProtobufRpcEngine2.java:574) [hadoop-common-3.3.1.jar:?]
	at org.apache.hadoop.ipc.ProtobufRpcEngine2$Server$ProtoBufRpcInvoker.call(ProtobufRpcEngine2.java:552) [hadoop-common-3.3.1.jar:?]
	at org.apache.hadoop.ipc.RPC$Server.call(RPC.java:1093) [hadoop-common-3.3.1.jar:?]
	at org.apache.hadoop.ipc.Server$RpcCall.run(Server.java:1035) [hadoop-common-3.3.1.jar:?]
	at org.apache.hadoop.ipc.Server$RpcCall.run(Server.java:963) [hadoop-common-3.3.1.jar:?]
	at java.security.AccessController.doPrivileged(Native Method) ~[?:1.8.0_332]
	at javax.security.auth.Subject.doAs(Subject.java:422) [?:1.8.0_332]
	at org.apache.hadoop.security.UserGroupInformation.doAs(UserGroupInformation.java:1878) [hadoop-common-3.3.1.jar:?]
	at org.apache.hadoop.ipc.Server$Handler.run(Server.java:2966) [hadoop-common-3.3.1.jar:?]
21:09:41.315 [IPC Server handler 2 on default port 32899] ERROR OMAudit - user=runner | ip=127.0.0.1 | op=GET_FILE_STATUS {volume=volume80401, bucket=bucket88421, key=testBatchDelete/parent/childFolder/child1, dataSize=0, replicationConfig=null} | ret=FAILURE
org.apache.hadoop.ozone.om.exceptions.OMException: Unable to get file status: volume: volume80401 bucket: bucket88421 key: testBatchDelete/parent/childFolder/child1
	at org.apache.hadoop.ozone.om.KeyManagerImpl.getOzoneFileStatus(KeyManagerImpl.java:1311) ~[ozone-manager-1.3.0-SNAPSHOT.jar:?]
	at org.apache.hadoop.ozone.om.KeyManagerImpl.getFileStatus(KeyManagerImpl.java:1241) ~[ozone-manager-1.3.0-SNAPSHOT.jar:?]
	at org.apache.hadoop.ozone.om.OzoneManager.getFileStatus(OzoneManager.java:3419) ~[ozone-manager-1.3.0-SNAPSHOT.jar:?]
	at org.apache.hadoop.ozone.protocolPB.OzoneManagerRequestHandler.getOzoneFileStatus(OzoneManagerRequestHandler.java:871) ~[ozone-manager-1.3.0-SNAPSHOT.jar:?]
	at org.apache.hadoop.ozone.protocolPB.OzoneManagerRequestHandler.handleReadRequest(OzoneManagerRequestHandler.java:217) ~[ozone-manager-1.3.0-SNAPSHOT.jar:?]
	at org.apache.hadoop.ozone.protocolPB.OzoneManagerProtocolServerSideTranslatorPB.submitRequestDirectlyToOM(OzoneManagerProtocolServerSideTranslatorPB.java:276) ~[ozone-manager-1.3.0-SNAPSHOT.jar:?]
	at org.apache.hadoop.ozone.protocolPB.OzoneManagerProtocolServerSideTranslatorPB.processRequest(OzoneManagerProtocolServerSideTranslatorPB.java:205) ~[ozone-manager-1.3.0-SNAPSHOT.jar:?]
	at org.apache.hadoop.hdds.server.OzoneProtocolMessageDispatcher.processRequest(OzoneProtocolMessageDispatcher.java:87) [hdds-server-framework-1.3.0-SNAPSHOT.jar:?]
	at org.apache.hadoop.ozone.protocolPB.OzoneManagerProtocolServerSideTranslatorPB.submitRequest(OzoneManagerProtocolServerSideTranslatorPB.java:147) [ozone-manager-1.3.0-SNAPSHOT.jar:?]
	at org.apache.hadoop.ozone.protocol.proto.OzoneManagerProtocolProtos$OzoneManagerService$2.callBlockingMethod(OzoneManagerProtocolProtos.java) [ozone-interface-client-1.3.0-SNAPSHOT.jar:?]
	at org.apache.hadoop.ipc.ProtobufRpcEngine$Server.processCall(ProtobufRpcEngine.java:466) [hadoop-common-3.3.1.jar:?]
	at org.apache.hadoop.ipc.ProtobufRpcEngine2$Server$ProtoBufRpcInvoker.call(ProtobufRpcEngine2.java:574) [hadoop-common-3.3.1.jar:?]
	at org.apache.hadoop.ipc.ProtobufRpcEngine2$Server$ProtoBufRpcInvoker.call(ProtobufRpcEngine2.java:552) [hadoop-common-3.3.1.jar:?]
	at org.apache.hadoop.ipc.RPC$Server.call(RPC.java:1093) [hadoop-common-3.3.1.jar:?]
	at org.apache.hadoop.ipc.Server$RpcCall.run(Server.java:1035) [hadoop-common-3.3.1.jar:?]
	at org.apache.hadoop.ipc.Server$RpcCall.run(Server.java:963) [hadoop-common-3.3.1.jar:?]
	at java.security.AccessController.doPrivileged(Native Method) ~[?:1.8.0_332]
	at javax.security.auth.Subject.doAs(Subject.java:422) [?:1.8.0_332]
	at org.apache.hadoop.security.UserGroupInformation.doAs(UserGroupInformation.java:1878) [hadoop-common-3.3.1.jar:?]
	at org.apache.hadoop.ipc.Server$Handler.run(Server.java:2966) [hadoop-common-3.3.1.jar:?]
21:09:41.332 [IPC Server handler 12 on default port 32899] ERROR OMAudit - user=runner | ip=127.0.0.1 | op=GET_FILE_STATUS {volume=volume80401, bucket=bucket88421, key=testBatchDelete/parent/child2, dataSize=0, replicationConfig=null} | ret=FAILURE
org.apache.hadoop.ozone.om.exceptions.OMException: Unable to get file status: volume: volume80401 bucket: bucket88421 key: testBatchDelete/parent/child2
	at org.apache.hadoop.ozone.om.KeyManagerImpl.getOzoneFileStatus(KeyManagerImpl.java:1311) ~[ozone-manager-1.3.0-SNAPSHOT.jar:?]
	at org.apache.hadoop.ozone.om.KeyManagerImpl.getFileStatus(KeyManagerImpl.java:1241) ~[ozone-manager-1.3.0-SNAPSHOT.jar:?]
	at org.apache.hadoop.ozone.om.OzoneManager.getFileStatus(OzoneManager.java:3419) ~[ozone-manager-1.3.0-SNAPSHOT.jar:?]
	at org.apache.hadoop.ozone.protocolPB.OzoneManagerRequestHandler.getOzoneFileStatus(OzoneManagerRequestHandler.java:871) ~[ozone-manager-1.3.0-SNAPSHOT.jar:?]
	at org.apache.hadoop.ozone.protocolPB.OzoneManagerRequestHandler.handleReadRequest(OzoneManagerRequestHandler.java:217) ~[ozone-manager-1.3.0-SNAPSHOT.jar:?]
	at org.apache.hadoop.ozone.protocolPB.OzoneManagerProtocolServerSideTranslatorPB.submitRequestDirectlyToOM(OzoneManagerProtocolServerSideTranslatorPB.java:276) ~[ozone-manager-1.3.0-SNAPSHOT.jar:?]
	at org.apache.hadoop.ozone.protocolPB.OzoneManagerProtocolServerSideTranslatorPB.processRequest(OzoneManagerProtocolServerSideTranslatorPB.java:205) ~[ozone-manager-1.3.0-SNAPSHOT.jar:?]
	at org.apache.hadoop.hdds.server.OzoneProtocolMessageDispatcher.processRequest(OzoneProtocolMessageDispatcher.java:87) [hdds-server-framework-1.3.0-SNAPSHOT.jar:?]
	at org.apache.hadoop.ozone.protocolPB.OzoneManagerProtocolServerSideTranslatorPB.submitRequest(OzoneManagerProtocolServerSideTranslatorPB.java:147) [ozone-manager-1.3.0-SNAPSHOT.jar:?]
	at org.apache.hadoop.ozone.protocol.proto.OzoneManagerProtocolProtos$OzoneManagerService$2.callBlockingMethod(OzoneManagerProtocolProtos.java) [ozone-interface-client-1.3.0-SNAPSHOT.jar:?]
	at org.apache.hadoop.ipc.ProtobufRpcEngine$Server.processCall(ProtobufRpcEngine.java:466) [hadoop-common-3.3.1.jar:?]
	at org.apache.hadoop.ipc.ProtobufRpcEngine2$Server$ProtoBufRpcInvoker.call(ProtobufRpcEngine2.java:574) [hadoop-common-3.3.1.jar:?]
	at org.apache.hadoop.ipc.ProtobufRpcEngine2$Server$ProtoBufRpcInvoker.call(ProtobufRpcEngine2.java:552) [hadoop-common-3.3.1.jar:?]
	at org.apache.hadoop.ipc.RPC$Server.call(RPC.java:1093) [hadoop-common-3.3.1.jar:?]
	at org.apache.hadoop.ipc.Server$RpcCall.run(Server.java:1035) [hadoop-common-3.3.1.jar:?]
	at org.apache.hadoop.ipc.Server$RpcCall.run(Server.java:963) [hadoop-common-3.3.1.jar:?]
	at java.security.AccessController.doPrivileged(Native Method) ~[?:1.8.0_332]
	at javax.security.auth.Subject.doAs(Subject.java:422) [?:1.8.0_332]
	at org.apache.hadoop.security.UserGroupInformation.doAs(UserGroupInformation.java:1878) [hadoop-common-3.3.1.jar:?]
	at org.apache.hadoop.ipc.Server$Handler.run(Server.java:2966) [hadoop-common-3.3.1.jar:?]
21:09:41.333 [IPC Server handler 10 on default port 32899] ERROR OMAudit - user=runner | ip=127.0.0.1 | op=GET_FILE_STATUS {volume=volume80401, bucket=bucket88421, key=testBatchDelete/parent/childFolder/child2, dataSize=0, replicationConfig=null} | ret=FAILURE
org.apache.hadoop.ozone.om.exceptions.OMException: Unable to get file status: volume: volume80401 bucket: bucket88421 key: testBatchDelete/parent/childFolder/child2
	at org.apache.hadoop.ozone.om.KeyManagerImpl.getOzoneFileStatus(KeyManagerImpl.java:1311) ~[ozone-manager-1.3.0-SNAPSHOT.jar:?]
	at org.apache.hadoop.ozone.om.KeyManagerImpl.getFileStatus(KeyManagerImpl.java:1241) ~[ozone-manager-1.3.0-SNAPSHOT.jar:?]
	at org.apache.hadoop.ozone.om.OzoneManager.getFileStatus(OzoneManager.java:3419) ~[ozone-manager-1.3.0-SNAPSHOT.jar:?]
	at org.apache.hadoop.ozone.protocolPB.OzoneManagerRequestHandler.getOzoneFileStatus(OzoneManagerRequestHandler.java:871) ~[ozone-manager-1.3.0-SNAPSHOT.jar:?]
	at org.apache.hadoop.ozone.protocolPB.OzoneManagerRequestHandler.handleReadRequest(OzoneManagerRequestHandler.java:217) ~[ozone-manager-1.3.0-SNAPSHOT.jar:?]
	at org.apache.hadoop.ozone.protocolPB.OzoneManagerProtocolServerSideTranslatorPB.submitRequestDirectlyToOM(OzoneManagerProtocolServerSideTranslatorPB.java:276) ~[ozone-manager-1.3.0-SNAPSHOT.jar:?]
	at org.apache.hadoop.ozone.protocolPB.OzoneManagerProtocolServerSideTranslatorPB.processRequest(OzoneManagerProtocolServerSideTranslatorPB.java:205) ~[ozone-manager-1.3.0-SNAPSHOT.jar:?]
	at org.apache.hadoop.hdds.server.OzoneProtocolMessageDispatcher.processRequest(OzoneProtocolMessageDispatcher.java:87) [hdds-server-framework-1.3.0-SNAPSHOT.jar:?]
	at org.apache.hadoop.ozone.protocolPB.OzoneManagerProtocolServerSideTranslatorPB.submitRequest(OzoneManagerProtocolServerSideTranslatorPB.java:147) [ozone-manager-1.3.0-SNAPSHOT.jar:?]
	at org.apache.hadoop.ozone.protocol.proto.OzoneManagerProtocolProtos$OzoneManagerService$2.callBlockingMethod(OzoneManagerProtocolProtos.java) [ozone-interface-client-1.3.0-SNAPSHOT.jar:?]
	at org.apache.hadoop.ipc.ProtobufRpcEngine$Server.processCall(ProtobufRpcEngine.java:466) [hadoop-common-3.3.1.jar:?]
	at org.apache.hadoop.ipc.ProtobufRpcEngine2$Server$ProtoBufRpcInvoker.call(ProtobufRpcEngine2.java:574) [hadoop-common-3.3.1.jar:?]
	at org.apache.hadoop.ipc.ProtobufRpcEngine2$Server$ProtoBufRpcInvoker.call(ProtobufRpcEngine2.java:552) [hadoop-common-3.3.1.jar:?]
	at org.apache.hadoop.ipc.RPC$Server.call(RPC.java:1093) [hadoop-common-3.3.1.jar:?]
	at org.apache.hadoop.ipc.Server$RpcCall.run(Server.java:1035) [hadoop-common-3.3.1.jar:?]
	at org.apache.hadoop.ipc.Server$RpcCall.run(Server.java:963) [hadoop-common-3.3.1.jar:?]
	at java.security.AccessController.doPrivileged(Native Method) ~[?:1.8.0_332]
	at javax.security.auth.Subject.doAs(Subject.java:422) [?:1.8.0_332]
	at org.apache.hadoop.security.UserGroupInformation.doAs(UserGroupInformation.java:1878) [hadoop-common-3.3.1.jar:?]
	at org.apache.hadoop.ipc.Server$Handler.run(Server.java:2966) [hadoop-common-3.3.1.jar:?]
21:09:41.334 [IPC Server handler 6 on default port 32899] ERROR OMAudit - user=runner | ip=127.0.0.1 | op=GET_FILE_STATUS {volume=volume80401, bucket=bucket88421, key=testBatchDelete/parent/child3, dataSize=0, replicationConfig=null} | ret=FAILURE
org.apache.hadoop.ozone.om.exceptions.OMException: Unable to get file status: volume: volume80401 bucket: bucket88421 key: testBatchDelete/parent/child3
	at org.apache.hadoop.ozone.om.KeyManagerImpl.getOzoneFileStatus(KeyManagerImpl.java:1311) ~[ozone-manager-1.3.0-SNAPSHOT.jar:?]
	at org.apache.hadoop.ozone.om.KeyManagerImpl.getFileStatus(KeyManagerImpl.java:1241) ~[ozone-manager-1.3.0-SNAPSHOT.jar:?]
	at org.apache.hadoop.ozone.om.OzoneManager.getFileStatus(OzoneManager.java:3419) ~[ozone-manager-1.3.0-SNAPSHOT.jar:?]
	at org.apache.hadoop.ozone.protocolPB.OzoneManagerRequestHandler.getOzoneFileStatus(OzoneManagerRequestHandler.java:871) ~[ozone-manager-1.3.0-SNAPSHOT.jar:?]
	at org.apache.hadoop.ozone.protocolPB.OzoneManagerRequestHandler.handleReadRequest(OzoneManagerRequestHandler.java:217) ~[ozone-manager-1.3.0-SNAPSHOT.jar:?]
	at org.apache.hadoop.ozone.protocolPB.OzoneManagerProtocolServerSideTranslatorPB.submitRequestDirectlyToOM(OzoneManagerProtocolServerSideTranslatorPB.java:276) ~[ozone-manager-1.3.0-SNAPSHOT.jar:?]
	at org.apache.hadoop.ozone.protocolPB.OzoneManagerProtocolServerSideTranslatorPB.processRequest(OzoneManagerProtocolServerSideTranslatorPB.java:205) ~[ozone-manager-1.3.0-SNAPSHOT.jar:?]
	at org.apache.hadoop.hdds.server.OzoneProtocolMessageDispatcher.processRequest(OzoneProtocolMessageDispatcher.java:87) [hdds-server-framework-1.3.0-SNAPSHOT.jar:?]
	at org.apache.hadoop.ozone.protocolPB.OzoneManagerProtocolServerSideTranslatorPB.submitRequest(OzoneManagerProtocolServerSideTranslatorPB.java:147) [ozone-manager-1.3.0-SNAPSHOT.jar:?]
	at org.apache.hadoop.ozone.protocol.proto.OzoneManagerProtocolProtos$OzoneManagerService$2.callBlockingMethod(OzoneManagerProtocolProtos.java) [ozone-interface-client-1.3.0-SNAPSHOT.jar:?]
	at org.apache.hadoop.ipc.ProtobufRpcEngine$Server.processCall(ProtobufRpcEngine.java:466) [hadoop-common-3.3.1.jar:?]
	at org.apache.hadoop.ipc.ProtobufRpcEngine2$Server$ProtoBufRpcInvoker.call(ProtobufRpcEngine2.java:574) [hadoop-common-3.3.1.jar:?]
	at org.apache.hadoop.ipc.ProtobufRpcEngine2$Server$ProtoBufRpcInvoker.call(ProtobufRpcEngine2.java:552) [hadoop-common-3.3.1.jar:?]
	at org.apache.hadoop.ipc.RPC$Server.call(RPC.java:1093) [hadoop-common-3.3.1.jar:?]
	at org.apache.hadoop.ipc.Server$RpcCall.run(Server.java:1035) [hadoop-common-3.3.1.jar:?]
	at org.apache.hadoop.ipc.Server$RpcCall.run(Server.java:963) [hadoop-common-3.3.1.jar:?]
	at java.security.AccessController.doPrivileged(Native Method) ~[?:1.8.0_332]
	at javax.security.auth.Subject.doAs(Subject.java:422) [?:1.8.0_332]
	at org.apache.hadoop.security.UserGroupInformation.doAs(UserGroupInformation.java:1878) [hadoop-common-3.3.1.jar:?]
	at org.apache.hadoop.ipc.Server$Handler.run(Server.java:2966) [hadoop-common-3.3.1.jar:?]
21:09:41.335 [IPC Server handler 0 on default port 32899] ERROR OMAudit - user=runner | ip=127.0.0.1 | op=GET_FILE_STATUS {volume=volume80401, bucket=bucket88421, key=testBatchDelete/parent/childFolder/child3, dataSize=0, replicationConfig=null} | ret=FAILURE
org.apache.hadoop.ozone.om.exceptions.OMException: Unable to get file status: volume: volume80401 bucket: bucket88421 key: testBatchDelete/parent/childFolder/child3
	at org.apache.hadoop.ozone.om.KeyManagerImpl.getOzoneFileStatus(KeyManagerImpl.java:1311) ~[ozone-manager-1.3.0-SNAPSHOT.jar:?]
	at org.apache.hadoop.ozone.om.KeyManagerImpl.getFileStatus(KeyManagerImpl.java:1241) ~[ozone-manager-1.3.0-SNAPSHOT.jar:?]
	at org.apache.hadoop.ozone.om.OzoneManager.getFileStatus(OzoneManager.java:3419) ~[ozone-manager-1.3.0-SNAPSHOT.jar:?]
	at org.apache.hadoop.ozone.protocolPB.OzoneManagerRequestHandler.getOzoneFileStatus(OzoneManagerRequestHandler.java:871) ~[ozone-manager-1.3.0-SNAPSHOT.jar:?]
	at org.apache.hadoop.ozone.protocolPB.OzoneManagerRequestHandler.handleReadRequest(OzoneManagerRequestHandler.java:217) ~[ozone-manager-1.3.0-SNAPSHOT.jar:?]
	at org.apache.hadoop.ozone.protocolPB.OzoneManagerProtocolServerSideTranslatorPB.submitRequestDirectlyToOM(OzoneManagerProtocolServerSideTranslatorPB.java:276) ~[ozone-manager-1.3.0-SNAPSHOT.jar:?]
	at org.apache.hadoop.ozone.protocolPB.OzoneManagerProtocolServerSideTranslatorPB.processRequest(OzoneManagerProtocolServerSideTranslatorPB.java:205) ~[ozone-manager-1.3.0-SNAPSHOT.jar:?]
	at org.apache.hadoop.hdds.server.OzoneProtocolMessageDispatcher.processRequest(OzoneProtocolMessageDispatcher.java:87) [hdds-server-framework-1.3.0-SNAPSHOT.jar:?]
	at org.apache.hadoop.ozone.protocolPB.OzoneManagerProtocolServerSideTranslatorPB.submitRequest(OzoneManagerProtocolServerSideTranslatorPB.java:147) [ozone-manager-1.3.0-SNAPSHOT.jar:?]
	at org.apache.hadoop.ozone.protocol.proto.OzoneManagerProtocolProtos$OzoneManagerService$2.callBlockingMethod(OzoneManagerProtocolProtos.java) [ozone-interface-client-1.3.0-SNAPSHOT.jar:?]
	at org.apache.hadoop.ipc.ProtobufRpcEngine$Server.processCall(ProtobufRpcEngine.java:466) [hadoop-common-3.3.1.jar:?]
	at org.apache.hadoop.ipc.ProtobufRpcEngine2$Server$ProtoBufRpcInvoker.call(ProtobufRpcEngine2.java:574) [hadoop-common-3.3.1.jar:?]
	at org.apache.hadoop.ipc.ProtobufRpcEngine2$Server$ProtoBufRpcInvoker.call(ProtobufRpcEngine2.java:552) [hadoop-common-3.3.1.jar:?]
	at org.apache.hadoop.ipc.RPC$Server.call(RPC.java:1093) [hadoop-common-3.3.1.jar:?]
	at org.apache.hadoop.ipc.Server$RpcCall.run(Server.java:1035) [hadoop-common-3.3.1.jar:?]
	at org.apache.hadoop.ipc.Server$RpcCall.run(Server.java:963) [hadoop-common-3.3.1.jar:?]
	at java.security.AccessController.doPrivileged(Native Method) ~[?:1.8.0_332]
	at javax.security.auth.Subject.doAs(Subject.java:422) [?:1.8.0_332]
	at org.apache.hadoop.security.UserGroupInformation.doAs(UserGroupInformation.java:1878) [hadoop-common-3.3.1.jar:?]
	at org.apache.hadoop.ipc.Server$Handler.run(Server.java:2966) [hadoop-common-3.3.1.jar:?]
21:09:41.336 [IPC Server handler 17 on default port 32899] ERROR OMAudit - user=runner | ip=127.0.0.1 | op=GET_FILE_STATUS {volume=volume80401, bucket=bucket88421, key=testBatchDelete/parent/child4, dataSize=0, replicationConfig=null} | ret=FAILURE
org.apache.hadoop.ozone.om.exceptions.OMException: Unable to get file status: volume: volume80401 bucket: bucket88421 key: testBatchDelete/parent/child4
	at org.apache.hadoop.ozone.om.KeyManagerImpl.getOzoneFileStatus(KeyManagerImpl.java:1311) ~[ozone-manager-1.3.0-SNAPSHOT.jar:?]
	at org.apache.hadoop.ozone.om.KeyManagerImpl.getFileStatus(KeyManagerImpl.java:1241) ~[ozone-manager-1.3.0-SNAPSHOT.jar:?]
	at org.apache.hadoop.ozone.om.OzoneManager.getFileStatus(OzoneManager.java:3419) ~[ozone-manager-1.3.0-SNAPSHOT.jar:?]
	at org.apache.hadoop.ozone.protocolPB.OzoneManagerRequestHandler.getOzoneFileStatus(OzoneManagerRequestHandler.java:871) ~[ozone-manager-1.3.0-SNAPSHOT.jar:?]
	at org.apache.hadoop.ozone.protocolPB.OzoneManagerRequestHandler.handleReadRequest(OzoneManagerRequestHandler.java:217) ~[ozone-manager-1.3.0-SNAPSHOT.jar:?]
	at org.apache.hadoop.ozone.protocolPB.OzoneManagerProtocolServerSideTranslatorPB.submitRequestDirectlyToOM(OzoneManagerProtocolServerSideTranslatorPB.java:276) ~[ozone-manager-1.3.0-SNAPSHOT.jar:?]
	at org.apache.hadoop.ozone.protocolPB.OzoneManagerProtocolServerSideTranslatorPB.processRequest(OzoneManagerProtocolServerSideTranslatorPB.java:205) ~[ozone-manager-1.3.0-SNAPSHOT.jar:?]
	at org.apache.hadoop.hdds.server.OzoneProtocolMessageDispatcher.processRequest(OzoneProtocolMessageDispatcher.java:87) [hdds-server-framework-1.3.0-SNAPSHOT.jar:?]
	at org.apache.hadoop.ozone.protocolPB.OzoneManagerProtocolServerSideTranslatorPB.submitRequest(OzoneManagerProtocolServerSideTranslatorPB.java:147) [ozone-manager-1.3.0-SNAPSHOT.jar:?]
	at org.apache.hadoop.ozone.protocol.proto.OzoneManagerProtocolProtos$OzoneManagerService$2.callBlockingMethod(OzoneManagerProtocolProtos.java) [ozone-interface-client-1.3.0-SNAPSHOT.jar:?]
	at org.apache.hadoop.ipc.ProtobufRpcEngine$Server.processCall(ProtobufRpcEngine.java:466) [hadoop-common-3.3.1.jar:?]
	at org.apache.hadoop.ipc.ProtobufRpcEngine2$Server$ProtoBufRpcInvoker.call(ProtobufRpcEngine2.java:574) [hadoop-common-3.3.1.jar:?]
	at org.apache.hadoop.ipc.ProtobufRpcEngine2$Server$ProtoBufRpcInvoker.call(ProtobufRpcEngine2.java:552) [hadoop-common-3.3.1.jar:?]
	at org.apache.hadoop.ipc.RPC$Server.call(RPC.java:1093) [hadoop-common-3.3.1.jar:?]
	at org.apache.hadoop.ipc.Server$RpcCall.run(Server.java:1035) [hadoop-common-3.3.1.jar:?]
	at org.apache.hadoop.ipc.Server$RpcCall.run(Server.java:963) [hadoop-common-3.3.1.jar:?]
	at java.security.AccessController.doPrivileged(Native Method) ~[?:1.8.0_332]
	at javax.security.auth.Subject.doAs(Subject.java:422) [?:1.8.0_332]
	at org.apache.hadoop.security.UserGroupInformation.doAs(UserGroupInformation.java:1878) [hadoop-common-3.3.1.jar:?]
	at org.apache.hadoop.ipc.Server$Handler.run(Server.java:2966) [hadoop-common-3.3.1.jar:?]
21:09:41.336 [IPC Server handler 18 on default port 32899] ERROR OMAudit - user=runner | ip=127.0.0.1 | op=GET_FILE_STATUS {volume=volume80401, bucket=bucket88421, key=testBatchDelete/parent/childFolder/child4, dataSize=0, replicationConfig=null} | ret=FAILURE
org.apache.hadoop.ozone.om.exceptions.OMException: Unable to get file status: volume: volume80401 bucket: bucket88421 key: testBatchDelete/parent/childFolder/child4
	at org.apache.hadoop.ozone.om.KeyManagerImpl.getOzoneFileStatus(KeyManagerImpl.java:1311) ~[ozone-manager-1.3.0-SNAPSHOT.jar:?]
	at org.apache.hadoop.ozone.om.KeyManagerImpl.getFileStatus(KeyManagerImpl.java:1241) ~[ozone-manager-1.3.0-SNAPSHOT.jar:?]
	at org.apache.hadoop.ozone.om.OzoneManager.getFileStatus(OzoneManager.java:3419) ~[ozone-manager-1.3.0-SNAPSHOT.jar:?]
	at org.apache.hadoop.ozone.protocolPB.OzoneManagerRequestHandler.getOzoneFileStatus(OzoneManagerRequestHandler.java:871) ~[ozone-manager-1.3.0-SNAPSHOT.jar:?]
	at org.apache.hadoop.ozone.protocolPB.OzoneManagerRequestHandler.handleReadRequest(OzoneManagerRequestHandler.java:217) ~[ozone-manager-1.3.0-SNAPSHOT.jar:?]
	at org.apache.hadoop.ozone.protocolPB.OzoneManagerProtocolServerSideTranslatorPB.submitRequestDirectlyToOM(OzoneManagerProtocolServerSideTranslatorPB.java:276) ~[ozone-manager-1.3.0-SNAPSHOT.jar:?]
	at org.apache.hadoop.ozone.protocolPB.OzoneManagerProtocolServerSideTranslatorPB.processRequest(OzoneManagerProtocolServerSideTranslatorPB.java:205) ~[ozone-manager-1.3.0-SNAPSHOT.jar:?]
	at org.apache.hadoop.hdds.server.OzoneProtocolMessageDispatcher.processRequest(OzoneProtocolMessageDispatcher.java:87) [hdds-server-framework-1.3.0-SNAPSHOT.jar:?]
	at org.apache.hadoop.ozone.protocolPB.OzoneManagerProtocolServerSideTranslatorPB.submitRequest(OzoneManagerProtocolServerSideTranslatorPB.java:147) [ozone-manager-1.3.0-SNAPSHOT.jar:?]
	at org.apache.hadoop.ozone.protocol.proto.OzoneManagerProtocolProtos$OzoneManagerService$2.callBlockingMethod(OzoneManagerProtocolProtos.java) [ozone-interface-client-1.3.0-SNAPSHOT.jar:?]
	at org.apache.hadoop.ipc.ProtobufRpcEngine$Server.processCall(ProtobufRpcEngine.java:466) [hadoop-common-3.3.1.jar:?]
	at org.apache.hadoop.ipc.ProtobufRpcEngine2$Server$ProtoBufRpcInvoker.call(ProtobufRpcEngine2.java:574) [hadoop-common-3.3.1.jar:?]
	at org.apache.hadoop.ipc.ProtobufRpcEngine2$Server$ProtoBufRpcInvoker.call(ProtobufRpcEngine2.java:552) [hadoop-common-3.3.1.jar:?]
	at org.apache.hadoop.ipc.RPC$Server.call(RPC.java:1093) [hadoop-common-3.3.1.jar:?]
	at org.apache.hadoop.ipc.Server$RpcCall.run(Server.java:1035) [hadoop-common-3.3.1.jar:?]
	at org.apache.hadoop.ipc.Server$RpcCall.run(Server.java:963) [hadoop-common-3.3.1.jar:?]
	at java.security.AccessController.doPrivileged(Native Method) ~[?:1.8.0_332]
	at javax.security.auth.Subject.doAs(Subject.java:422) [?:1.8.0_332]
	at org.apache.hadoop.security.UserGroupInformation.doAs(UserGroupInformation.java:1878) [hadoop-common-3.3.1.jar:?]
	at org.apache.hadoop.ipc.Server$Handler.run(Server.java:2966) [hadoop-common-3.3.1.jar:?]
21:09:41.337 [IPC Server handler 14 on default port 32899] ERROR OMAudit - user=runner | ip=127.0.0.1 | op=GET_FILE_STATUS {volume=volume80401, bucket=bucket88421, key=testBatchDelete/parent/child5, dataSize=0, replicationConfig=null} | ret=FAILURE
org.apache.hadoop.ozone.om.exceptions.OMException: Unable to get file status: volume: volume80401 bucket: bucket88421 key: testBatchDelete/parent/child5
	at org.apache.hadoop.ozone.om.KeyManagerImpl.getOzoneFileStatus(KeyManagerImpl.java:1311) ~[ozone-manager-1.3.0-SNAPSHOT.jar:?]
	at org.apache.hadoop.ozone.om.KeyManagerImpl.getFileStatus(KeyManagerImpl.java:1241) ~[ozone-manager-1.3.0-SNAPSHOT.jar:?]
	at org.apache.hadoop.ozone.om.OzoneManager.getFileStatus(OzoneManager.java:3419) ~[ozone-manager-1.3.0-SNAPSHOT.jar:?]
	at org.apache.hadoop.ozone.protocolPB.OzoneManagerRequestHandler.getOzoneFileStatus(OzoneManagerRequestHandler.java:871) ~[ozone-manager-1.3.0-SNAPSHOT.jar:?]
	at org.apache.hadoop.ozone.protocolPB.OzoneManagerRequestHandler.handleReadRequest(OzoneManagerRequestHandler.java:217) ~[ozone-manager-1.3.0-SNAPSHOT.jar:?]
	at org.apache.hadoop.ozone.protocolPB.OzoneManagerProtocolServerSideTranslatorPB.submitRequestDirectlyToOM(OzoneManagerProtocolServerSideTranslatorPB.java:276) ~[ozone-manager-1.3.0-SNAPSHOT.jar:?]
	at org.apache.hadoop.ozone.protocolPB.OzoneManagerProtocolServerSideTranslatorPB.processRequest(OzoneManagerProtocolServerSideTranslatorPB.java:205) ~[ozone-manager-1.3.0-SNAPSHOT.jar:?]
	at org.apache.hadoop.hdds.server.OzoneProtocolMessageDispatcher.processRequest(OzoneProtocolMessageDispatcher.java:87) [hdds-server-framework-1.3.0-SNAPSHOT.jar:?]
	at org.apache.hadoop.ozone.protocolPB.OzoneManagerProtocolServerSideTranslatorPB.submitRequest(OzoneManagerProtocolServerSideTranslatorPB.java:147) [ozone-manager-1.3.0-SNAPSHOT.jar:?]
	at org.apache.hadoop.ozone.protocol.proto.OzoneManagerProtocolProtos$OzoneManagerService$2.callBlockingMethod(OzoneManagerProtocolProtos.java) [ozone-interface-client-1.3.0-SNAPSHOT.jar:?]
	at org.apache.hadoop.ipc.ProtobufRpcEngine$Server.processCall(ProtobufRpcEngine.java:466) [hadoop-common-3.3.1.jar:?]
	at org.apache.hadoop.ipc.ProtobufRpcEngine2$Server$ProtoBufRpcInvoker.call(ProtobufRpcEngine2.java:574) [hadoop-common-3.3.1.jar:?]
	at org.apache.hadoop.ipc.ProtobufRpcEngine2$Server$ProtoBufRpcInvoker.call(ProtobufRpcEngine2.java:552) [hadoop-common-3.3.1.jar:?]
	at org.apache.hadoop.ipc.RPC$Server.call(RPC.java:1093) [hadoop-common-3.3.1.jar:?]
	at org.apache.hadoop.ipc.Server$RpcCall.run(Server.java:1035) [hadoop-common-3.3.1.jar:?]
	at org.apache.hadoop.ipc.Server$RpcCall.run(Server.java:963) [hadoop-common-3.3.1.jar:?]
	at java.security.AccessController.doPrivileged(Native Method) ~[?:1.8.0_332]
	at javax.security.auth.Subject.doAs(Subject.java:422) [?:1.8.0_332]
	at org.apache.hadoop.security.UserGroupInformation.doAs(UserGroupInformation.java:1878) [hadoop-common-3.3.1.jar:?]
	at org.apache.hadoop.ipc.Server$Handler.run(Server.java:2966) [hadoop-common-3.3.1.jar:?]
21:09:41.349 [IPC Server handler 3 on default port 32899] ERROR OMAudit - user=runner | ip=127.0.0.1 | op=GET_FILE_STATUS {volume=volume80401, bucket=bucket88421, key=testBatchDelete/parent/childFolder/child5, dataSize=0, replicationConfig=null} | ret=FAILURE
org.apache.hadoop.ozone.om.exceptions.OMException: Unable to get file status: volume: volume80401 bucket: bucket88421 key: testBatchDelete/parent/childFolder/child5
	at org.apache.hadoop.ozone.om.KeyManagerImpl.getOzoneFileStatus(KeyManagerImpl.java:1311) ~[ozone-manager-1.3.0-SNAPSHOT.jar:?]
	at org.apache.hadoop.ozone.om.KeyManagerImpl.getFileStatus(KeyManagerImpl.java:1241) ~[ozone-manager-1.3.0-SNAPSHOT.jar:?]
	at org.apache.hadoop.ozone.om.OzoneManager.getFileStatus(OzoneManager.java:3419) ~[ozone-manager-1.3.0-SNAPSHOT.jar:?]
	at org.apache.hadoop.ozone.protocolPB.OzoneManagerRequestHandler.getOzoneFileStatus(OzoneManagerRequestHandler.java:871) ~[ozone-manager-1.3.0-SNAPSHOT.jar:?]
	at org.apache.hadoop.ozone.protocolPB.OzoneManagerRequestHandler.handleReadRequest(OzoneManagerRequestHandler.java:217) ~[ozone-manager-1.3.0-SNAPSHOT.jar:?]
	at org.apache.hadoop.ozone.protocolPB.OzoneManagerProtocolServerSideTranslatorPB.submitRequestDirectlyToOM(OzoneManagerProtocolServerSideTranslatorPB.java:276) ~[ozone-manager-1.3.0-SNAPSHOT.jar:?]
	at org.apache.hadoop.ozone.protocolPB.OzoneManagerProtocolServerSideTranslatorPB.processRequest(OzoneManagerProtocolServerSideTranslatorPB.java:205) ~[ozone-manager-1.3.0-SNAPSHOT.jar:?]
	at org.apache.hadoop.hdds.server.OzoneProtocolMessageDispatcher.processRequest(OzoneProtocolMessageDispatcher.java:87) [hdds-server-framework-1.3.0-SNAPSHOT.jar:?]
	at org.apache.hadoop.ozone.protocolPB.OzoneManagerProtocolServerSideTranslatorPB.submitRequest(OzoneManagerProtocolServerSideTranslatorPB.java:147) [ozone-manager-1.3.0-SNAPSHOT.jar:?]
	at org.apache.hadoop.ozone.protocol.proto.OzoneManagerProtocolProtos$OzoneManagerService$2.callBlockingMethod(OzoneManagerProtocolProtos.java) [ozone-interface-client-1.3.0-SNAPSHOT.jar:?]
	at org.apache.hadoop.ipc.ProtobufRpcEngine$Server.processCall(ProtobufRpcEngine.java:466) [hadoop-common-3.3.1.jar:?]
	at org.apache.hadoop.ipc.ProtobufRpcEngine2$Server$ProtoBufRpcInvoker.call(ProtobufRpcEngine2.java:574) [hadoop-common-3.3.1.jar:?]
	at org.apache.hadoop.ipc.ProtobufRpcEngine2$Server$ProtoBufRpcInvoker.call(ProtobufRpcEngine2.java:552) [hadoop-common-3.3.1.jar:?]
	at org.apache.hadoop.ipc.RPC$Server.call(RPC.java:1093) [hadoop-common-3.3.1.jar:?]
	at org.apache.hadoop.ipc.Server$RpcCall.run(Server.java:1035) [hadoop-common-3.3.1.jar:?]
	at org.apache.hadoop.ipc.Server$RpcCall.run(Server.java:963) [hadoop-common-3.3.1.jar:?]
	at java.security.AccessController.doPrivileged(Native Method) ~[?:1.8.0_332]
	at javax.security.auth.Subject.doAs(Subject.java:422) [?:1.8.0_332]
	at org.apache.hadoop.security.UserGroupInformation.doAs(UserGroupInformation.java:1878) [hadoop-common-3.3.1.jar:?]
	at org.apache.hadoop.ipc.Server$Handler.run(Server.java:2966) [hadoop-common-3.3.1.jar:?]
21:09:41.352 [IPC Server handler 8 on default port 32899] ERROR OMAudit - user=runner | ip=127.0.0.1 | op=GET_FILE_STATUS {volume=volume80401, bucket=bucket88421, key=testBatchDelete/parent/child6, dataSize=0, replicationConfig=null} | ret=FAILURE
org.apache.hadoop.ozone.om.exceptions.OMException: Unable to get file status: volume: volume80401 bucket: bucket88421 key: testBatchDelete/parent/child6
	at org.apache.hadoop.ozone.om.KeyManagerImpl.getOzoneFileStatus(KeyManagerImpl.java:1311) ~[ozone-manager-1.3.0-SNAPSHOT.jar:?]
	at org.apache.hadoop.ozone.om.KeyManagerImpl.getFileStatus(KeyManagerImpl.java:1241) ~[ozone-manager-1.3.0-SNAPSHOT.jar:?]
	at org.apache.hadoop.ozone.om.OzoneManager.getFileStatus(OzoneManager.java:3419) ~[ozone-manager-1.3.0-SNAPSHOT.jar:?]
	at org.apache.hadoop.ozone.protocolPB.OzoneManagerRequestHandler.getOzoneFileStatus(OzoneManagerRequestHandler.java:871) ~[ozone-manager-1.3.0-SNAPSHOT.jar:?]
	at org.apache.hadoop.ozone.protocolPB.OzoneManagerRequestHandler.handleReadRequest(OzoneManagerRequestHandler.java:217) ~[ozone-manager-1.3.0-SNAPSHOT.jar:?]
	at org.apache.hadoop.ozone.protocolPB.OzoneManagerProtocolServerSideTranslatorPB.submitRequestDirectlyToOM(OzoneManagerProtocolServerSideTranslatorPB.java:276) ~[ozone-manager-1.3.0-SNAPSHOT.jar:?]
	at org.apache.hadoop.ozone.protocolPB.OzoneManagerProtocolServerSideTranslatorPB.processRequest(OzoneManagerProtocolServerSideTranslatorPB.java:205) ~[ozone-manager-1.3.0-SNAPSHOT.jar:?]
	at org.apache.hadoop.hdds.server.OzoneProtocolMessageDispatcher.processRequest(OzoneProtocolMessageDispatcher.java:87) [hdds-server-framework-1.3.0-SNAPSHOT.jar:?]
	at org.apache.hadoop.ozone.protocolPB.OzoneManagerProtocolServerSideTranslatorPB.submitRequest(OzoneManagerProtocolServerSideTranslatorPB.java:147) [ozone-manager-1.3.0-SNAPSHOT.jar:?]
	at org.apache.hadoop.ozone.protocol.proto.OzoneManagerProtocolProtos$OzoneManagerService$2.callBlockingMethod(OzoneManagerProtocolProtos.java) [ozone-interface-client-1.3.0-SNAPSHOT.jar:?]
	at org.apache.hadoop.ipc.ProtobufRpcEngine$Server.processCall(ProtobufRpcEngine.java:466) [hadoop-common-3.3.1.jar:?]
	at org.apache.hadoop.ipc.ProtobufRpcEngine2$Server$ProtoBufRpcInvoker.call(ProtobufRpcEngine2.java:574) [hadoop-common-3.3.1.jar:?]
	at org.apache.hadoop.ipc.ProtobufRpcEngine2$Server$ProtoBufRpcInvoker.call(ProtobufRpcEngine2.java:552) [hadoop-common-3.3.1.jar:?]
	at org.apache.hadoop.ipc.RPC$Server.call(RPC.java:1093) [hadoop-common-3.3.1.jar:?]
	at org.apache.hadoop.ipc.Server$RpcCall.run(Server.java:1035) [hadoop-common-3.3.1.jar:?]
	at org.apache.hadoop.ipc.Server$RpcCall.run(Server.java:963) [hadoop-common-3.3.1.jar:?]
	at java.security.AccessController.doPrivileged(Native Method) ~[?:1.8.0_332]
	at javax.security.auth.Subject.doAs(Subject.java:422) [?:1.8.0_332]
	at org.apache.hadoop.security.UserGroupInformation.doAs(UserGroupInformation.java:1878) [hadoop-common-3.3.1.jar:?]
	at org.apache.hadoop.ipc.Server$Handler.run(Server.java:2966) [hadoop-common-3.3.1.jar:?]
21:09:41.354 [IPC Server handler 2 on default port 32899] ERROR OMAudit - user=runner | ip=127.0.0.1 | op=GET_FILE_STATUS {volume=volume80401, bucket=bucket88421, key=testBatchDelete/parent/childFolder/child6, dataSize=0, replicationConfig=null} | ret=FAILURE
org.apache.hadoop.ozone.om.exceptions.OMException: Unable to get file status: volume: volume80401 bucket: bucket88421 key: testBatchDelete/parent/childFolder/child6
	at org.apache.hadoop.ozone.om.KeyManagerImpl.getOzoneFileStatus(KeyManagerImpl.java:1311) ~[ozone-manager-1.3.0-SNAPSHOT.jar:?]
	at org.apache.hadoop.ozone.om.KeyManagerImpl.getFileStatus(KeyManagerImpl.java:1241) ~[ozone-manager-1.3.0-SNAPSHOT.jar:?]
	at org.apache.hadoop.ozone.om.OzoneManager.getFileStatus(OzoneManager.java:3419) ~[ozone-manager-1.3.0-SNAPSHOT.jar:?]
	at org.apache.hadoop.ozone.protocolPB.OzoneManagerRequestHandler.getOzoneFileStatus(OzoneManagerRequestHandler.java:871) ~[ozone-manager-1.3.0-SNAPSHOT.jar:?]
	at org.apache.hadoop.ozone.protocolPB.OzoneManagerRequestHandler.handleReadRequest(OzoneManagerRequestHandler.java:217) ~[ozone-manager-1.3.0-SNAPSHOT.jar:?]
	at org.apache.hadoop.ozone.protocolPB.OzoneManagerProtocolServerSideTranslatorPB.submitRequestDirectlyToOM(OzoneManagerProtocolServerSideTranslatorPB.java:276) ~[ozone-manager-1.3.0-SNAPSHOT.jar:?]
	at org.apache.hadoop.ozone.protocolPB.OzoneManagerProtocolServerSideTranslatorPB.processRequest(OzoneManagerProtocolServerSideTranslatorPB.java:205) ~[ozone-manager-1.3.0-SNAPSHOT.jar:?]
	at org.apache.hadoop.hdds.server.OzoneProtocolMessageDispatcher.processRequest(OzoneProtocolMessageDispatcher.java:87) [hdds-server-framework-1.3.0-SNAPSHOT.jar:?]
	at org.apache.hadoop.ozone.protocolPB.OzoneManagerProtocolServerSideTranslatorPB.submitRequest(OzoneManagerProtocolServerSideTranslatorPB.java:147) [ozone-manager-1.3.0-SNAPSHOT.jar:?]
	at org.apache.hadoop.ozone.protocol.proto.OzoneManagerProtocolProtos$OzoneManagerService$2.callBlockingMethod(OzoneManagerProtocolProtos.java) [ozone-interface-client-1.3.0-SNAPSHOT.jar:?]
	at org.apache.hadoop.ipc.ProtobufRpcEngine$Server.processCall(ProtobufRpcEngine.java:466) [hadoop-common-3.3.1.jar:?]
	at org.apache.hadoop.ipc.ProtobufRpcEngine2$Server$ProtoBufRpcInvoker.call(ProtobufRpcEngine2.java:574) [hadoop-common-3.3.1.jar:?]
	at org.apache.hadoop.ipc.ProtobufRpcEngine2$Server$ProtoBufRpcInvoker.call(ProtobufRpcEngine2.java:552) [hadoop-common-3.3.1.jar:?]
	at org.apache.hadoop.ipc.RPC$Server.call(RPC.java:1093) [hadoop-common-3.3.1.jar:?]
	at org.apache.hadoop.ipc.Server$RpcCall.run(Server.java:1035) [hadoop-common-3.3.1.jar:?]
	at org.apache.hadoop.ipc.Server$RpcCall.run(Server.java:963) [hadoop-common-3.3.1.jar:?]
	at java.security.AccessController.doPrivileged(Native Method) ~[?:1.8.0_332]
	at javax.security.auth.Subject.doAs(Subject.java:422) [?:1.8.0_332]
	at org.apache.hadoop.security.UserGroupInformation.doAs(UserGroupInformation.java:1878) [hadoop-common-3.3.1.jar:?]
	at org.apache.hadoop.ipc.Server$Handler.run(Server.java:2966) [hadoop-common-3.3.1.jar:?]
21:09:41.355 [IPC Server handler 12 on default port 32899] ERROR OMAudit - user=runner | ip=127.0.0.1 | op=GET_FILE_STATUS {volume=volume80401, bucket=bucket88421, key=testBatchDelete/parent/child7, dataSize=0, replicationConfig=null} | ret=FAILURE
org.apache.hadoop.ozone.om.exceptions.OMException: Unable to get file status: volume: volume80401 bucket: bucket88421 key: testBatchDelete/parent/child7
	at org.apache.hadoop.ozone.om.KeyManagerImpl.getOzoneFileStatus(KeyManagerImpl.java:1311) ~[ozone-manager-1.3.0-SNAPSHOT.jar:?]
	at org.apache.hadoop.ozone.om.KeyManagerImpl.getFileStatus(KeyManagerImpl.java:1241) ~[ozone-manager-1.3.0-SNAPSHOT.jar:?]
	at org.apache.hadoop.ozone.om.OzoneManager.getFileStatus(OzoneManager.java:3419) ~[ozone-manager-1.3.0-SNAPSHOT.jar:?]
	at org.apache.hadoop.ozone.protocolPB.OzoneManagerRequestHandler.getOzoneFileStatus(OzoneManagerRequestHandler.java:871) ~[ozone-manager-1.3.0-SNAPSHOT.jar:?]
	at org.apache.hadoop.ozone.protocolPB.OzoneManagerRequestHandler.handleReadRequest(OzoneManagerRequestHandler.java:217) ~[ozone-manager-1.3.0-SNAPSHOT.jar:?]
	at org.apache.hadoop.ozone.protocolPB.OzoneManagerProtocolServerSideTranslatorPB.submitRequestDirectlyToOM(OzoneManagerProtocolServerSideTranslatorPB.java:276) ~[ozone-manager-1.3.0-SNAPSHOT.jar:?]
	at org.apache.hadoop.ozone.protocolPB.OzoneManagerProtocolServerSideTranslatorPB.processRequest(OzoneManagerProtocolServerSideTranslatorPB.java:205) ~[ozone-manager-1.3.0-SNAPSHOT.jar:?]
	at org.apache.hadoop.hdds.server.OzoneProtocolMessageDispatcher.processRequest(OzoneProtocolMessageDispatcher.java:87) [hdds-server-framework-1.3.0-SNAPSHOT.jar:?]
	at org.apache.hadoop.ozone.protocolPB.OzoneManagerProtocolServerSideTranslatorPB.submitRequest(OzoneManagerProtocolServerSideTranslatorPB.java:147) [ozone-manager-1.3.0-SNAPSHOT.jar:?]
	at org.apache.hadoop.ozone.protocol.proto.OzoneManagerProtocolProtos$OzoneManagerService$2.callBlockingMethod(OzoneManagerProtocolProtos.java) [ozone-interface-client-1.3.0-SNAPSHOT.jar:?]
	at org.apache.hadoop.ipc.ProtobufRpcEngine$Server.processCall(ProtobufRpcEngine.java:466) [hadoop-common-3.3.1.jar:?]
	at org.apache.hadoop.ipc.ProtobufRpcEngine2$Server$ProtoBufRpcInvoker.call(ProtobufRpcEngine2.java:574) [hadoop-common-3.3.1.jar:?]
	at org.apache.hadoop.ipc.ProtobufRpcEngine2$Server$ProtoBufRpcInvoker.call(ProtobufRpcEngine2.java:552) [hadoop-common-3.3.1.jar:?]
	at org.apache.hadoop.ipc.RPC$Server.call(RPC.java:1093) [hadoop-common-3.3.1.jar:?]
	at org.apache.hadoop.ipc.Server$RpcCall.run(Server.java:1035) [hadoop-common-3.3.1.jar:?]
	at org.apache.hadoop.ipc.Server$RpcCall.run(Server.java:963) [hadoop-common-3.3.1.jar:?]
	at java.security.AccessController.doPrivileged(Native Method) ~[?:1.8.0_332]
	at javax.security.auth.Subject.doAs(Subject.java:422) [?:1.8.0_332]
	at org.apache.hadoop.security.UserGroupInformation.doAs(UserGroupInformation.java:1878) [hadoop-common-3.3.1.jar:?]
	at org.apache.hadoop.ipc.Server$Handler.run(Server.java:2966) [hadoop-common-3.3.1.jar:?]
21:09:41.357 [IPC Server handler 10 on default port 32899] ERROR OMAudit - user=runner | ip=127.0.0.1 | op=GET_FILE_STATUS {volume=volume80401, bucket=bucket88421, key=testBatchDelete/parent/childFolder/child7, dataSize=0, replicationConfig=null} | ret=FAILURE
org.apache.hadoop.ozone.om.exceptions.OMException: Unable to get file status: volume: volume80401 bucket: bucket88421 key: testBatchDelete/parent/childFolder/child7
	at org.apache.hadoop.ozone.om.KeyManagerImpl.getOzoneFileStatus(KeyManagerImpl.java:1311) ~[ozone-manager-1.3.0-SNAPSHOT.jar:?]
	at org.apache.hadoop.ozone.om.KeyManagerImpl.getFileStatus(KeyManagerImpl.java:1241) ~[ozone-manager-1.3.0-SNAPSHOT.jar:?]
	at org.apache.hadoop.ozone.om.OzoneManager.getFileStatus(OzoneManager.java:3419) ~[ozone-manager-1.3.0-SNAPSHOT.jar:?]
	at org.apache.hadoop.ozone.protocolPB.OzoneManagerRequestHandler.getOzoneFileStatus(OzoneManagerRequestHandler.java:871) ~[ozone-manager-1.3.0-SNAPSHOT.jar:?]
	at org.apache.hadoop.ozone.protocolPB.OzoneManagerRequestHandler.handleReadRequest(OzoneManagerRequestHandler.java:217) ~[ozone-manager-1.3.0-SNAPSHOT.jar:?]
	at org.apache.hadoop.ozone.protocolPB.OzoneManagerProtocolServerSideTranslatorPB.submitRequestDirectlyToOM(OzoneManagerProtocolServerSideTranslatorPB.java:276) ~[ozone-manager-1.3.0-SNAPSHOT.jar:?]
	at org.apache.hadoop.ozone.protocolPB.OzoneManagerProtocolServerSideTranslatorPB.processRequest(OzoneManagerProtocolServerSideTranslatorPB.java:205) ~[ozone-manager-1.3.0-SNAPSHOT.jar:?]
	at org.apache.hadoop.hdds.server.OzoneProtocolMessageDispatcher.processRequest(OzoneProtocolMessageDispatcher.java:87) [hdds-server-framework-1.3.0-SNAPSHOT.jar:?]
	at org.apache.hadoop.ozone.protocolPB.OzoneManagerProtocolServerSideTranslatorPB.submitRequest(OzoneManagerProtocolServerSideTranslatorPB.java:147) [ozone-manager-1.3.0-SNAPSHOT.jar:?]
	at org.apache.hadoop.ozone.protocol.proto.OzoneManagerProtocolProtos$OzoneManagerService$2.callBlockingMethod(OzoneManagerProtocolProtos.java) [ozone-interface-client-1.3.0-SNAPSHOT.jar:?]
	at org.apache.hadoop.ipc.ProtobufRpcEngine$Server.processCall(ProtobufRpcEngine.java:466) [hadoop-common-3.3.1.jar:?]
	at org.apache.hadoop.ipc.ProtobufRpcEngine2$Server$ProtoBufRpcInvoker.call(ProtobufRpcEngine2.java:574) [hadoop-common-3.3.1.jar:?]
	at org.apache.hadoop.ipc.ProtobufRpcEngine2$Server$ProtoBufRpcInvoker.call(ProtobufRpcEngine2.java:552) [hadoop-common-3.3.1.jar:?]
	at org.apache.hadoop.ipc.RPC$Server.call(RPC.java:1093) [hadoop-common-3.3.1.jar:?]
	at org.apache.hadoop.ipc.Server$RpcCall.run(Server.java:1035) [hadoop-common-3.3.1.jar:?]
	at org.apache.hadoop.ipc.Server$RpcCall.run(Server.java:963) [hadoop-common-3.3.1.jar:?]
	at java.security.AccessController.doPrivileged(Native Method) ~[?:1.8.0_332]
	at javax.security.auth.Subject.doAs(Subject.java:422) [?:1.8.0_332]
	at org.apache.hadoop.security.UserGroupInformation.doAs(UserGroupInformation.java:1878) [hadoop-common-3.3.1.jar:?]
	at org.apache.hadoop.ipc.Server$Handler.run(Server.java:2966) [hadoop-common-3.3.1.jar:?]
21:09:41.358 [IPC Server handler 6 on default port 32899] ERROR OMAudit - user=runner | ip=127.0.0.1 | op=GET_FILE_STATUS {volume=volume80401, bucket=bucket88421, key=testBatchDelete/parent, dataSize=0, replicationConfig=null} | ret=FAILURE
org.apache.hadoop.ozone.om.exceptions.OMException: Unable to get file status: volume: volume80401 bucket: bucket88421 key: testBatchDelete/parent
	at org.apache.hadoop.ozone.om.KeyManagerImpl.getOzoneFileStatus(KeyManagerImpl.java:1311) ~[ozone-manager-1.3.0-SNAPSHOT.jar:?]
	at org.apache.hadoop.ozone.om.KeyManagerImpl.getFileStatus(KeyManagerImpl.java:1241) ~[ozone-manager-1.3.0-SNAPSHOT.jar:?]
	at org.apache.hadoop.ozone.om.OzoneManager.getFileStatus(OzoneManager.java:3419) ~[ozone-manager-1.3.0-SNAPSHOT.jar:?]
	at org.apache.hadoop.ozone.protocolPB.OzoneManagerRequestHandler.getOzoneFileStatus(OzoneManagerRequestHandler.java:871) ~[ozone-manager-1.3.0-SNAPSHOT.jar:?]
	at org.apache.hadoop.ozone.protocolPB.OzoneManagerRequestHandler.handleReadRequest(OzoneManagerRequestHandler.java:217) ~[ozone-manager-1.3.0-SNAPSHOT.jar:?]
	at org.apache.hadoop.ozone.protocolPB.OzoneManagerProtocolServerSideTranslatorPB.submitRequestDirectlyToOM(OzoneManagerProtocolServerSideTranslatorPB.java:276) ~[ozone-manager-1.3.0-SNAPSHOT.jar:?]
	at org.apache.hadoop.ozone.protocolPB.OzoneManagerProtocolServerSideTranslatorPB.processRequest(OzoneManagerProtocolServerSideTranslatorPB.java:205) ~[ozone-manager-1.3.0-SNAPSHOT.jar:?]
	at org.apache.hadoop.hdds.server.OzoneProtocolMessageDispatcher.processRequest(OzoneProtocolMessageDispatcher.java:87) [hdds-server-framework-1.3.0-SNAPSHOT.jar:?]
	at org.apache.hadoop.ozone.protocolPB.OzoneManagerProtocolServerSideTranslatorPB.submitRequest(OzoneManagerProtocolServerSideTranslatorPB.java:147) [ozone-manager-1.3.0-SNAPSHOT.jar:?]
	at org.apache.hadoop.ozone.protocol.proto.OzoneManagerProtocolProtos$OzoneManagerService$2.callBlockingMethod(OzoneManagerProtocolProtos.java) [ozone-interface-client-1.3.0-SNAPSHOT.jar:?]
	at org.apache.hadoop.ipc.ProtobufRpcEngine$Server.processCall(ProtobufRpcEngine.java:466) [hadoop-common-3.3.1.jar:?]
	at org.apache.hadoop.ipc.ProtobufRpcEngine2$Server$ProtoBufRpcInvoker.call(ProtobufRpcEngine2.java:574) [hadoop-common-3.3.1.jar:?]
	at org.apache.hadoop.ipc.ProtobufRpcEngine2$Server$ProtoBufRpcInvoker.call(ProtobufRpcEngine2.java:552) [hadoop-common-3.3.1.jar:?]
	at org.apache.hadoop.ipc.RPC$Server.call(RPC.java:1093) [hadoop-common-3.3.1.jar:?]
	at org.apache.hadoop.ipc.Server$RpcCall.run(Server.java:1035) [hadoop-common-3.3.1.jar:?]
	at org.apache.hadoop.ipc.Server$RpcCall.run(Server.java:963) [hadoop-common-3.3.1.jar:?]
	at java.security.AccessController.doPrivileged(Native Method) ~[?:1.8.0_332]
	at javax.security.auth.Subject.doAs(Subject.java:422) [?:1.8.0_332]
	at org.apache.hadoop.security.UserGroupInformation.doAs(UserGroupInformation.java:1878) [hadoop-common-3.3.1.jar:?]
	at org.apache.hadoop.ipc.Server$Handler.run(Server.java:2966) [hadoop-common-3.3.1.jar:?]
2022-07-12 21:09:41,359 [Time-limited test] WARN  ozone.BasicRootedOzoneFileSystem (BasicRootedOzoneFileSystem.java:delete(572)) - delete: Path does not exist: /volume80401/bucket88421/testBatchDelete/parent
]]></system-out>
  </testcase>
  <testcase name="testRenameToTrashEnabled" classname="TestRootedOzoneFileSystem" time="0.266">
    <system-out><![CDATA[2022-07-12 21:04:09,852 [Time-limited test] INFO  rpc.RpcClient (RpcClient.java:createVolume(466)) - Creating Volume: volume88724, with user88715 as owner and space quota set to -1 bytes, counts quota set to -1
2022-07-12 21:04:09,858 [OM StateMachine ApplyTransaction Thread - 0] INFO  volume.OMVolumeCreateRequest (OMVolumeCreateRequest.java:validateAndUpdateCache(195)) - created volume:volume88724 for user:user88715
2022-07-12 21:04:09,863 [Time-limited test] INFO  rpc.RpcClient (RpcClient.java:createBucket(669)) - Creating Bucket: volume88724/bucket30486, with bucket layout LEGACY, runner as owner, Versioning false, Storage Type set to DISK and Encryption set to false 
2022-07-12 21:04:09,865 [OM StateMachine ApplyTransaction Thread - 0] INFO  bucket.OMBucketCreateRequest (OMBucketCreateRequest.java:validateAndUpdateCache(260)) - created bucket: bucket30486 of layout LEGACY in volume: volume88724
21:04:10.033 [IPC Server handler 17 on default port 43377] ERROR OMAudit - user=runner | ip=127.0.0.1 | op=GET_FILE_STATUS {volume=volume88724, bucket=bucket30486, key=.Trash/runner/Current/volume88724/bucket30486/testKey2, dataSize=0, replicationConfig=null} | ret=FAILURE
org.apache.hadoop.ozone.om.exceptions.OMException: Unable to get file status: volume: volume88724 bucket: bucket30486 key: .Trash/runner/Current/volume88724/bucket30486/testKey2
	at org.apache.hadoop.ozone.om.KeyManagerImpl.getOzoneFileStatus(KeyManagerImpl.java:1311) ~[ozone-manager-1.3.0-SNAPSHOT.jar:?]
	at org.apache.hadoop.ozone.om.KeyManagerImpl.getFileStatus(KeyManagerImpl.java:1241) ~[ozone-manager-1.3.0-SNAPSHOT.jar:?]
	at org.apache.hadoop.ozone.om.OzoneManager.getFileStatus(OzoneManager.java:3419) ~[ozone-manager-1.3.0-SNAPSHOT.jar:?]
	at org.apache.hadoop.ozone.protocolPB.OzoneManagerRequestHandler.getOzoneFileStatus(OzoneManagerRequestHandler.java:871) ~[ozone-manager-1.3.0-SNAPSHOT.jar:?]
	at org.apache.hadoop.ozone.protocolPB.OzoneManagerRequestHandler.handleReadRequest(OzoneManagerRequestHandler.java:217) ~[ozone-manager-1.3.0-SNAPSHOT.jar:?]
	at org.apache.hadoop.ozone.protocolPB.OzoneManagerProtocolServerSideTranslatorPB.submitReadRequestToOM(OzoneManagerProtocolServerSideTranslatorPB.java:226) ~[ozone-manager-1.3.0-SNAPSHOT.jar:?]
	at org.apache.hadoop.ozone.protocolPB.OzoneManagerProtocolServerSideTranslatorPB.processRequest(OzoneManagerProtocolServerSideTranslatorPB.java:175) ~[ozone-manager-1.3.0-SNAPSHOT.jar:?]
	at org.apache.hadoop.hdds.server.OzoneProtocolMessageDispatcher.processRequest(OzoneProtocolMessageDispatcher.java:87) [hdds-server-framework-1.3.0-SNAPSHOT.jar:?]
	at org.apache.hadoop.ozone.protocolPB.OzoneManagerProtocolServerSideTranslatorPB.submitRequest(OzoneManagerProtocolServerSideTranslatorPB.java:147) [ozone-manager-1.3.0-SNAPSHOT.jar:?]
	at org.apache.hadoop.ozone.protocol.proto.OzoneManagerProtocolProtos$OzoneManagerService$2.callBlockingMethod(OzoneManagerProtocolProtos.java) [ozone-interface-client-1.3.0-SNAPSHOT.jar:?]
	at org.apache.hadoop.ipc.ProtobufRpcEngine$Server.processCall(ProtobufRpcEngine.java:466) [hadoop-common-3.3.1.jar:?]
	at org.apache.hadoop.ipc.ProtobufRpcEngine2$Server$ProtoBufRpcInvoker.call(ProtobufRpcEngine2.java:574) [hadoop-common-3.3.1.jar:?]
	at org.apache.hadoop.ipc.ProtobufRpcEngine2$Server$ProtoBufRpcInvoker.call(ProtobufRpcEngine2.java:552) [hadoop-common-3.3.1.jar:?]
	at org.apache.hadoop.ipc.RPC$Server.call(RPC.java:1093) [hadoop-common-3.3.1.jar:?]
	at org.apache.hadoop.ipc.Server$RpcCall.run(Server.java:1035) [hadoop-common-3.3.1.jar:?]
	at org.apache.hadoop.ipc.Server$RpcCall.run(Server.java:963) [hadoop-common-3.3.1.jar:?]
	at java.security.AccessController.doPrivileged(Native Method) ~[?:1.8.0_332]
	at javax.security.auth.Subject.doAs(Subject.java:422) [?:1.8.0_332]
	at org.apache.hadoop.security.UserGroupInformation.doAs(UserGroupInformation.java:1878) [hadoop-common-3.3.1.jar:?]
	at org.apache.hadoop.ipc.Server$Handler.run(Server.java:2966) [hadoop-common-3.3.1.jar:?]
21:04:10.040 [IPC Server handler 5 on default port 43377] ERROR OMAudit - user=runner | ip=127.0.0.1 | op=GET_FILE_STATUS {volume=volume88724, bucket=bucket30486, key=.Trash/runner/Current/volume88724/bucket30486/testKey2, dataSize=0, replicationConfig=null} | ret=FAILURE
org.apache.hadoop.ozone.om.exceptions.OMException: Unable to get file status: volume: volume88724 bucket: bucket30486 key: .Trash/runner/Current/volume88724/bucket30486/testKey2
	at org.apache.hadoop.ozone.om.KeyManagerImpl.getOzoneFileStatus(KeyManagerImpl.java:1311) ~[ozone-manager-1.3.0-SNAPSHOT.jar:?]
	at org.apache.hadoop.ozone.om.KeyManagerImpl.getFileStatus(KeyManagerImpl.java:1241) ~[ozone-manager-1.3.0-SNAPSHOT.jar:?]
	at org.apache.hadoop.ozone.om.OzoneManager.getFileStatus(OzoneManager.java:3419) ~[ozone-manager-1.3.0-SNAPSHOT.jar:?]
	at org.apache.hadoop.ozone.protocolPB.OzoneManagerRequestHandler.getOzoneFileStatus(OzoneManagerRequestHandler.java:871) ~[ozone-manager-1.3.0-SNAPSHOT.jar:?]
	at org.apache.hadoop.ozone.protocolPB.OzoneManagerRequestHandler.handleReadRequest(OzoneManagerRequestHandler.java:217) ~[ozone-manager-1.3.0-SNAPSHOT.jar:?]
	at org.apache.hadoop.ozone.protocolPB.OzoneManagerProtocolServerSideTranslatorPB.submitReadRequestToOM(OzoneManagerProtocolServerSideTranslatorPB.java:226) ~[ozone-manager-1.3.0-SNAPSHOT.jar:?]
	at org.apache.hadoop.ozone.protocolPB.OzoneManagerProtocolServerSideTranslatorPB.processRequest(OzoneManagerProtocolServerSideTranslatorPB.java:175) ~[ozone-manager-1.3.0-SNAPSHOT.jar:?]
	at org.apache.hadoop.hdds.server.OzoneProtocolMessageDispatcher.processRequest(OzoneProtocolMessageDispatcher.java:87) [hdds-server-framework-1.3.0-SNAPSHOT.jar:?]
	at org.apache.hadoop.ozone.protocolPB.OzoneManagerProtocolServerSideTranslatorPB.submitRequest(OzoneManagerProtocolServerSideTranslatorPB.java:147) [ozone-manager-1.3.0-SNAPSHOT.jar:?]
	at org.apache.hadoop.ozone.protocol.proto.OzoneManagerProtocolProtos$OzoneManagerService$2.callBlockingMethod(OzoneManagerProtocolProtos.java) [ozone-interface-client-1.3.0-SNAPSHOT.jar:?]
	at org.apache.hadoop.ipc.ProtobufRpcEngine$Server.processCall(ProtobufRpcEngine.java:466) [hadoop-common-3.3.1.jar:?]
	at org.apache.hadoop.ipc.ProtobufRpcEngine2$Server$ProtoBufRpcInvoker.call(ProtobufRpcEngine2.java:574) [hadoop-common-3.3.1.jar:?]
	at org.apache.hadoop.ipc.ProtobufRpcEngine2$Server$ProtoBufRpcInvoker.call(ProtobufRpcEngine2.java:552) [hadoop-common-3.3.1.jar:?]
	at org.apache.hadoop.ipc.RPC$Server.call(RPC.java:1093) [hadoop-common-3.3.1.jar:?]
	at org.apache.hadoop.ipc.Server$RpcCall.run(Server.java:1035) [hadoop-common-3.3.1.jar:?]
	at org.apache.hadoop.ipc.Server$RpcCall.run(Server.java:963) [hadoop-common-3.3.1.jar:?]
	at java.security.AccessController.doPrivileged(Native Method) ~[?:1.8.0_332]
	at javax.security.auth.Subject.doAs(Subject.java:422) [?:1.8.0_332]
	at org.apache.hadoop.security.UserGroupInformation.doAs(UserGroupInformation.java:1878) [hadoop-common-3.3.1.jar:?]
	at org.apache.hadoop.ipc.Server$Handler.run(Server.java:2966) [hadoop-common-3.3.1.jar:?]
2022-07-12 21:04:10,054 [Time-limited test] INFO  fs.TrashPolicyDefault (TrashPolicyDefault.java:moveToTrash(188)) - Moved: '/volume88724/bucket30486/testKey2' to trash at: ofs:/volume88724/bucket30486/.Trash/runner/Current/volume88724/bucket30486/testKey2
]]></system-out>
  </testcase>
  <testcase name="testRenameToTrashEnabled" classname="TestRootedOzoneFileSystem" time="0.617">
    <system-out><![CDATA[2022-07-12 21:05:22,296 [Time-limited test] INFO  rpc.RpcClient (RpcClient.java:createVolume(466)) - Creating Volume: volume14431, with user80639 as owner and space quota set to -1 bytes, counts quota set to -1
2022-07-12 21:05:22,298 [OM StateMachine ApplyTransaction Thread - 0] INFO  volume.OMVolumeCreateRequest (OMVolumeCreateRequest.java:validateAndUpdateCache(195)) - created volume:volume14431 for user:user80639
2022-07-12 21:05:22,299 [Time-limited test] INFO  rpc.RpcClient (RpcClient.java:createBucket(669)) - Creating Bucket: volume14431/bucket18090, with bucket layout LEGACY, runner as owner, Versioning false, Storage Type set to DISK and Encryption set to false 
2022-07-12 21:05:22,301 [OM StateMachine ApplyTransaction Thread - 0] INFO  bucket.OMBucketCreateRequest (OMBucketCreateRequest.java:validateAndUpdateCache(260)) - created bucket: bucket18090 of layout LEGACY in volume: volume14431
21:05:22.775 [IPC Server handler 0 on default port 38457] ERROR OMAudit - user=runner | ip=127.0.0.1 | op=GET_FILE_STATUS {volume=volume14431, bucket=bucket18090, key=.Trash/runner/Current/volume14431/bucket18090/testKey2, dataSize=0, replicationConfig=null} | ret=FAILURE
org.apache.hadoop.ozone.om.exceptions.OMException: Unable to get file status: volume: volume14431 bucket: bucket18090 key: .Trash/runner/Current/volume14431/bucket18090/testKey2
	at org.apache.hadoop.ozone.om.KeyManagerImpl.getOzoneFileStatus(KeyManagerImpl.java:1311) ~[ozone-manager-1.3.0-SNAPSHOT.jar:?]
	at org.apache.hadoop.ozone.om.KeyManagerImpl.getFileStatus(KeyManagerImpl.java:1241) ~[ozone-manager-1.3.0-SNAPSHOT.jar:?]
	at org.apache.hadoop.ozone.om.OzoneManager.getFileStatus(OzoneManager.java:3419) ~[ozone-manager-1.3.0-SNAPSHOT.jar:?]
	at org.apache.hadoop.ozone.protocolPB.OzoneManagerRequestHandler.getOzoneFileStatus(OzoneManagerRequestHandler.java:871) ~[ozone-manager-1.3.0-SNAPSHOT.jar:?]
	at org.apache.hadoop.ozone.protocolPB.OzoneManagerRequestHandler.handleReadRequest(OzoneManagerRequestHandler.java:217) ~[ozone-manager-1.3.0-SNAPSHOT.jar:?]
	at org.apache.hadoop.ozone.protocolPB.OzoneManagerProtocolServerSideTranslatorPB.submitReadRequestToOM(OzoneManagerProtocolServerSideTranslatorPB.java:226) ~[ozone-manager-1.3.0-SNAPSHOT.jar:?]
	at org.apache.hadoop.ozone.protocolPB.OzoneManagerProtocolServerSideTranslatorPB.processRequest(OzoneManagerProtocolServerSideTranslatorPB.java:175) ~[ozone-manager-1.3.0-SNAPSHOT.jar:?]
	at org.apache.hadoop.hdds.server.OzoneProtocolMessageDispatcher.processRequest(OzoneProtocolMessageDispatcher.java:87) [hdds-server-framework-1.3.0-SNAPSHOT.jar:?]
	at org.apache.hadoop.ozone.protocolPB.OzoneManagerProtocolServerSideTranslatorPB.submitRequest(OzoneManagerProtocolServerSideTranslatorPB.java:147) [ozone-manager-1.3.0-SNAPSHOT.jar:?]
	at org.apache.hadoop.ozone.protocol.proto.OzoneManagerProtocolProtos$OzoneManagerService$2.callBlockingMethod(OzoneManagerProtocolProtos.java) [ozone-interface-client-1.3.0-SNAPSHOT.jar:?]
	at org.apache.hadoop.ipc.ProtobufRpcEngine$Server.processCall(ProtobufRpcEngine.java:466) [hadoop-common-3.3.1.jar:?]
	at org.apache.hadoop.ipc.ProtobufRpcEngine2$Server$ProtoBufRpcInvoker.call(ProtobufRpcEngine2.java:574) [hadoop-common-3.3.1.jar:?]
	at org.apache.hadoop.ipc.ProtobufRpcEngine2$Server$ProtoBufRpcInvoker.call(ProtobufRpcEngine2.java:552) [hadoop-common-3.3.1.jar:?]
	at org.apache.hadoop.ipc.RPC$Server.call(RPC.java:1093) [hadoop-common-3.3.1.jar:?]
	at org.apache.hadoop.ipc.Server$RpcCall.run(Server.java:1035) [hadoop-common-3.3.1.jar:?]
	at org.apache.hadoop.ipc.Server$RpcCall.run(Server.java:963) [hadoop-common-3.3.1.jar:?]
	at java.security.AccessController.doPrivileged(Native Method) ~[?:1.8.0_332]
	at javax.security.auth.Subject.doAs(Subject.java:422) [?:1.8.0_332]
	at org.apache.hadoop.security.UserGroupInformation.doAs(UserGroupInformation.java:1878) [hadoop-common-3.3.1.jar:?]
	at org.apache.hadoop.ipc.Server$Handler.run(Server.java:2966) [hadoop-common-3.3.1.jar:?]
21:05:22.778 [IPC Server handler 5 on default port 38457] ERROR OMAudit - user=runner | ip=127.0.0.1 | op=GET_FILE_STATUS {volume=volume14431, bucket=bucket18090, key=.Trash/runner/Current/volume14431/bucket18090/testKey2, dataSize=0, replicationConfig=null} | ret=FAILURE
org.apache.hadoop.ozone.om.exceptions.OMException: Unable to get file status: volume: volume14431 bucket: bucket18090 key: .Trash/runner/Current/volume14431/bucket18090/testKey2
	at org.apache.hadoop.ozone.om.KeyManagerImpl.getOzoneFileStatus(KeyManagerImpl.java:1311) ~[ozone-manager-1.3.0-SNAPSHOT.jar:?]
	at org.apache.hadoop.ozone.om.KeyManagerImpl.getFileStatus(KeyManagerImpl.java:1241) ~[ozone-manager-1.3.0-SNAPSHOT.jar:?]
	at org.apache.hadoop.ozone.om.OzoneManager.getFileStatus(OzoneManager.java:3419) ~[ozone-manager-1.3.0-SNAPSHOT.jar:?]
	at org.apache.hadoop.ozone.protocolPB.OzoneManagerRequestHandler.getOzoneFileStatus(OzoneManagerRequestHandler.java:871) ~[ozone-manager-1.3.0-SNAPSHOT.jar:?]
	at org.apache.hadoop.ozone.protocolPB.OzoneManagerRequestHandler.handleReadRequest(OzoneManagerRequestHandler.java:217) ~[ozone-manager-1.3.0-SNAPSHOT.jar:?]
	at org.apache.hadoop.ozone.protocolPB.OzoneManagerProtocolServerSideTranslatorPB.submitReadRequestToOM(OzoneManagerProtocolServerSideTranslatorPB.java:226) ~[ozone-manager-1.3.0-SNAPSHOT.jar:?]
	at org.apache.hadoop.ozone.protocolPB.OzoneManagerProtocolServerSideTranslatorPB.processRequest(OzoneManagerProtocolServerSideTranslatorPB.java:175) ~[ozone-manager-1.3.0-SNAPSHOT.jar:?]
	at org.apache.hadoop.hdds.server.OzoneProtocolMessageDispatcher.processRequest(OzoneProtocolMessageDispatcher.java:87) [hdds-server-framework-1.3.0-SNAPSHOT.jar:?]
	at org.apache.hadoop.ozone.protocolPB.OzoneManagerProtocolServerSideTranslatorPB.submitRequest(OzoneManagerProtocolServerSideTranslatorPB.java:147) [ozone-manager-1.3.0-SNAPSHOT.jar:?]
	at org.apache.hadoop.ozone.protocol.proto.OzoneManagerProtocolProtos$OzoneManagerService$2.callBlockingMethod(OzoneManagerProtocolProtos.java) [ozone-interface-client-1.3.0-SNAPSHOT.jar:?]
	at org.apache.hadoop.ipc.ProtobufRpcEngine$Server.processCall(ProtobufRpcEngine.java:466) [hadoop-common-3.3.1.jar:?]
	at org.apache.hadoop.ipc.ProtobufRpcEngine2$Server$ProtoBufRpcInvoker.call(ProtobufRpcEngine2.java:574) [hadoop-common-3.3.1.jar:?]
	at org.apache.hadoop.ipc.ProtobufRpcEngine2$Server$ProtoBufRpcInvoker.call(ProtobufRpcEngine2.java:552) [hadoop-common-3.3.1.jar:?]
	at org.apache.hadoop.ipc.RPC$Server.call(RPC.java:1093) [hadoop-common-3.3.1.jar:?]
	at org.apache.hadoop.ipc.Server$RpcCall.run(Server.java:1035) [hadoop-common-3.3.1.jar:?]
	at org.apache.hadoop.ipc.Server$RpcCall.run(Server.java:963) [hadoop-common-3.3.1.jar:?]
	at java.security.AccessController.doPrivileged(Native Method) ~[?:1.8.0_332]
	at javax.security.auth.Subject.doAs(Subject.java:422) [?:1.8.0_332]
	at org.apache.hadoop.security.UserGroupInformation.doAs(UserGroupInformation.java:1878) [hadoop-common-3.3.1.jar:?]
	at org.apache.hadoop.ipc.Server$Handler.run(Server.java:2966) [hadoop-common-3.3.1.jar:?]
2022-07-12 21:05:22,786 [Time-limited test] INFO  fs.TrashPolicyDefault (TrashPolicyDefault.java:moveToTrash(188)) - Moved: '/volume14431/bucket18090/testKey2' to trash at: ofs:/volume14431/bucket18090/.Trash/runner/Current/volume14431/bucket18090/testKey2
]]></system-out>
  </testcase>
  <testcase name="testRenameToTrashEnabled" classname="TestRootedOzoneFileSystem" time="0.352">
    <system-out><![CDATA[2022-07-12 21:06:36,633 [Time-limited test] INFO  rpc.RpcClient (RpcClient.java:createVolume(466)) - Creating Volume: volume23752, with user14983 as owner and space quota set to -1 bytes, counts quota set to -1
2022-07-12 21:06:36,634 [IPC Server handler 8 on default port 37581] INFO  volume.OMVolumeCreateRequest (OMVolumeCreateRequest.java:validateAndUpdateCache(195)) - created volume:volume23752 for user:user14983
2022-07-12 21:06:36,634 [Time-limited test] INFO  rpc.RpcClient (RpcClient.java:createBucket(669)) - Creating Bucket: volume23752/bucket45227, with bucket layout LEGACY, runner as owner, Versioning false, Storage Type set to DISK and Encryption set to false 
2022-07-12 21:06:36,635 [IPC Server handler 18 on default port 37581] INFO  bucket.OMBucketCreateRequest (OMBucketCreateRequest.java:validateAndUpdateCache(260)) - created bucket: bucket45227 of layout LEGACY in volume: volume23752
21:06:36.823 [IPC Server handler 19 on default port 37581] ERROR OMAudit - user=runner | ip=127.0.0.1 | op=GET_FILE_STATUS {volume=volume23752, bucket=bucket45227, key=.Trash/runner/Current/volume23752/bucket45227/testKey2, dataSize=0, replicationConfig=null} | ret=FAILURE
org.apache.hadoop.ozone.om.exceptions.OMException: Unable to get file status: volume: volume23752 bucket: bucket45227 key: .Trash/runner/Current/volume23752/bucket45227/testKey2
	at org.apache.hadoop.ozone.om.KeyManagerImpl.getOzoneFileStatus(KeyManagerImpl.java:1311) ~[ozone-manager-1.3.0-SNAPSHOT.jar:?]
	at org.apache.hadoop.ozone.om.KeyManagerImpl.getFileStatus(KeyManagerImpl.java:1241) ~[ozone-manager-1.3.0-SNAPSHOT.jar:?]
	at org.apache.hadoop.ozone.om.OzoneManager.getFileStatus(OzoneManager.java:3419) ~[ozone-manager-1.3.0-SNAPSHOT.jar:?]
	at org.apache.hadoop.ozone.protocolPB.OzoneManagerRequestHandler.getOzoneFileStatus(OzoneManagerRequestHandler.java:871) ~[ozone-manager-1.3.0-SNAPSHOT.jar:?]
	at org.apache.hadoop.ozone.protocolPB.OzoneManagerRequestHandler.handleReadRequest(OzoneManagerRequestHandler.java:217) ~[ozone-manager-1.3.0-SNAPSHOT.jar:?]
	at org.apache.hadoop.ozone.protocolPB.OzoneManagerProtocolServerSideTranslatorPB.submitRequestDirectlyToOM(OzoneManagerProtocolServerSideTranslatorPB.java:276) ~[ozone-manager-1.3.0-SNAPSHOT.jar:?]
	at org.apache.hadoop.ozone.protocolPB.OzoneManagerProtocolServerSideTranslatorPB.processRequest(OzoneManagerProtocolServerSideTranslatorPB.java:205) ~[ozone-manager-1.3.0-SNAPSHOT.jar:?]
	at org.apache.hadoop.hdds.server.OzoneProtocolMessageDispatcher.processRequest(OzoneProtocolMessageDispatcher.java:87) [hdds-server-framework-1.3.0-SNAPSHOT.jar:?]
	at org.apache.hadoop.ozone.protocolPB.OzoneManagerProtocolServerSideTranslatorPB.submitRequest(OzoneManagerProtocolServerSideTranslatorPB.java:147) [ozone-manager-1.3.0-SNAPSHOT.jar:?]
	at org.apache.hadoop.ozone.protocol.proto.OzoneManagerProtocolProtos$OzoneManagerService$2.callBlockingMethod(OzoneManagerProtocolProtos.java) [ozone-interface-client-1.3.0-SNAPSHOT.jar:?]
	at org.apache.hadoop.ipc.ProtobufRpcEngine$Server.processCall(ProtobufRpcEngine.java:466) [hadoop-common-3.3.1.jar:?]
	at org.apache.hadoop.ipc.ProtobufRpcEngine2$Server$ProtoBufRpcInvoker.call(ProtobufRpcEngine2.java:574) [hadoop-common-3.3.1.jar:?]
	at org.apache.hadoop.ipc.ProtobufRpcEngine2$Server$ProtoBufRpcInvoker.call(ProtobufRpcEngine2.java:552) [hadoop-common-3.3.1.jar:?]
	at org.apache.hadoop.ipc.RPC$Server.call(RPC.java:1093) [hadoop-common-3.3.1.jar:?]
	at org.apache.hadoop.ipc.Server$RpcCall.run(Server.java:1035) [hadoop-common-3.3.1.jar:?]
	at org.apache.hadoop.ipc.Server$RpcCall.run(Server.java:963) [hadoop-common-3.3.1.jar:?]
	at java.security.AccessController.doPrivileged(Native Method) ~[?:1.8.0_332]
	at javax.security.auth.Subject.doAs(Subject.java:422) [?:1.8.0_332]
	at org.apache.hadoop.security.UserGroupInformation.doAs(UserGroupInformation.java:1878) [hadoop-common-3.3.1.jar:?]
	at org.apache.hadoop.ipc.Server$Handler.run(Server.java:2966) [hadoop-common-3.3.1.jar:?]
21:06:36.827 [IPC Server handler 6 on default port 37581] ERROR OMAudit - user=runner | ip=127.0.0.1 | op=GET_FILE_STATUS {volume=volume23752, bucket=bucket45227, key=.Trash/runner/Current/volume23752/bucket45227/testKey2, dataSize=0, replicationConfig=null} | ret=FAILURE
org.apache.hadoop.ozone.om.exceptions.OMException: Unable to get file status: volume: volume23752 bucket: bucket45227 key: .Trash/runner/Current/volume23752/bucket45227/testKey2
	at org.apache.hadoop.ozone.om.KeyManagerImpl.getOzoneFileStatus(KeyManagerImpl.java:1311) ~[ozone-manager-1.3.0-SNAPSHOT.jar:?]
	at org.apache.hadoop.ozone.om.KeyManagerImpl.getFileStatus(KeyManagerImpl.java:1241) ~[ozone-manager-1.3.0-SNAPSHOT.jar:?]
	at org.apache.hadoop.ozone.om.OzoneManager.getFileStatus(OzoneManager.java:3419) ~[ozone-manager-1.3.0-SNAPSHOT.jar:?]
	at org.apache.hadoop.ozone.protocolPB.OzoneManagerRequestHandler.getOzoneFileStatus(OzoneManagerRequestHandler.java:871) ~[ozone-manager-1.3.0-SNAPSHOT.jar:?]
	at org.apache.hadoop.ozone.protocolPB.OzoneManagerRequestHandler.handleReadRequest(OzoneManagerRequestHandler.java:217) ~[ozone-manager-1.3.0-SNAPSHOT.jar:?]
	at org.apache.hadoop.ozone.protocolPB.OzoneManagerProtocolServerSideTranslatorPB.submitRequestDirectlyToOM(OzoneManagerProtocolServerSideTranslatorPB.java:276) ~[ozone-manager-1.3.0-SNAPSHOT.jar:?]
	at org.apache.hadoop.ozone.protocolPB.OzoneManagerProtocolServerSideTranslatorPB.processRequest(OzoneManagerProtocolServerSideTranslatorPB.java:205) ~[ozone-manager-1.3.0-SNAPSHOT.jar:?]
	at org.apache.hadoop.hdds.server.OzoneProtocolMessageDispatcher.processRequest(OzoneProtocolMessageDispatcher.java:87) [hdds-server-framework-1.3.0-SNAPSHOT.jar:?]
	at org.apache.hadoop.ozone.protocolPB.OzoneManagerProtocolServerSideTranslatorPB.submitRequest(OzoneManagerProtocolServerSideTranslatorPB.java:147) [ozone-manager-1.3.0-SNAPSHOT.jar:?]
	at org.apache.hadoop.ozone.protocol.proto.OzoneManagerProtocolProtos$OzoneManagerService$2.callBlockingMethod(OzoneManagerProtocolProtos.java) [ozone-interface-client-1.3.0-SNAPSHOT.jar:?]
	at org.apache.hadoop.ipc.ProtobufRpcEngine$Server.processCall(ProtobufRpcEngine.java:466) [hadoop-common-3.3.1.jar:?]
	at org.apache.hadoop.ipc.ProtobufRpcEngine2$Server$ProtoBufRpcInvoker.call(ProtobufRpcEngine2.java:574) [hadoop-common-3.3.1.jar:?]
	at org.apache.hadoop.ipc.ProtobufRpcEngine2$Server$ProtoBufRpcInvoker.call(ProtobufRpcEngine2.java:552) [hadoop-common-3.3.1.jar:?]
	at org.apache.hadoop.ipc.RPC$Server.call(RPC.java:1093) [hadoop-common-3.3.1.jar:?]
	at org.apache.hadoop.ipc.Server$RpcCall.run(Server.java:1035) [hadoop-common-3.3.1.jar:?]
	at org.apache.hadoop.ipc.Server$RpcCall.run(Server.java:963) [hadoop-common-3.3.1.jar:?]
	at java.security.AccessController.doPrivileged(Native Method) ~[?:1.8.0_332]
	at javax.security.auth.Subject.doAs(Subject.java:422) [?:1.8.0_332]
	at org.apache.hadoop.security.UserGroupInformation.doAs(UserGroupInformation.java:1878) [hadoop-common-3.3.1.jar:?]
	at org.apache.hadoop.ipc.Server$Handler.run(Server.java:2966) [hadoop-common-3.3.1.jar:?]
2022-07-12 21:06:36,832 [Time-limited test] INFO  fs.TrashPolicyDefault (TrashPolicyDefault.java:moveToTrash(188)) - Moved: '/volume23752/bucket45227/testKey2' to trash at: ofs:/volume23752/bucket45227/.Trash/runner/Current/volume23752/bucket45227/testKey2
]]></system-out>
  </testcase>
  <testcase name="testRenameToTrashEnabled" classname="TestRootedOzoneFileSystem" time="0.392">
    <system-out><![CDATA[2022-07-12 21:07:58,917 [Time-limited test] INFO  rpc.RpcClient (RpcClient.java:createVolume(466)) - Creating Volume: volume03787, with user65112 as owner and space quota set to -1 bytes, counts quota set to -1
2022-07-12 21:07:58,919 [OM StateMachine ApplyTransaction Thread - 0] INFO  volume.OMVolumeCreateRequest (OMVolumeCreateRequest.java:validateAndUpdateCache(195)) - created volume:volume03787 for user:user65112
2022-07-12 21:07:58,922 [Time-limited test] INFO  rpc.RpcClient (RpcClient.java:createBucket(669)) - Creating Bucket: volume03787/bucket14223, with bucket layout LEGACY, runner as owner, Versioning false, Storage Type set to DISK and Encryption set to false 
2022-07-12 21:07:58,936 [OM StateMachine ApplyTransaction Thread - 0] INFO  bucket.OMBucketCreateRequest (OMBucketCreateRequest.java:validateAndUpdateCache(260)) - created bucket: bucket14223 of layout LEGACY in volume: volume03787
21:07:59.125 [IPC Server handler 13 on default port 33595] ERROR OMAudit - user=runner | ip=127.0.0.1 | op=GET_FILE_STATUS {volume=volume03787, bucket=bucket14223, key=.Trash/runner/Current/volume03787/bucket14223/testKey2, dataSize=0, replicationConfig=null} | ret=FAILURE
org.apache.hadoop.ozone.om.exceptions.OMException: Unable to get file status: volume: volume03787 bucket: bucket14223 key: .Trash/runner/Current/volume03787/bucket14223/testKey2
	at org.apache.hadoop.ozone.om.KeyManagerImpl.getOzoneFileStatus(KeyManagerImpl.java:1311) ~[ozone-manager-1.3.0-SNAPSHOT.jar:?]
	at org.apache.hadoop.ozone.om.KeyManagerImpl.getFileStatus(KeyManagerImpl.java:1241) ~[ozone-manager-1.3.0-SNAPSHOT.jar:?]
	at org.apache.hadoop.ozone.om.OzoneManager.getFileStatus(OzoneManager.java:3419) ~[ozone-manager-1.3.0-SNAPSHOT.jar:?]
	at org.apache.hadoop.ozone.protocolPB.OzoneManagerRequestHandler.getOzoneFileStatus(OzoneManagerRequestHandler.java:871) ~[ozone-manager-1.3.0-SNAPSHOT.jar:?]
	at org.apache.hadoop.ozone.protocolPB.OzoneManagerRequestHandler.handleReadRequest(OzoneManagerRequestHandler.java:217) ~[ozone-manager-1.3.0-SNAPSHOT.jar:?]
	at org.apache.hadoop.ozone.protocolPB.OzoneManagerProtocolServerSideTranslatorPB.submitReadRequestToOM(OzoneManagerProtocolServerSideTranslatorPB.java:226) ~[ozone-manager-1.3.0-SNAPSHOT.jar:?]
	at org.apache.hadoop.ozone.protocolPB.OzoneManagerProtocolServerSideTranslatorPB.processRequest(OzoneManagerProtocolServerSideTranslatorPB.java:175) ~[ozone-manager-1.3.0-SNAPSHOT.jar:?]
	at org.apache.hadoop.hdds.server.OzoneProtocolMessageDispatcher.processRequest(OzoneProtocolMessageDispatcher.java:87) [hdds-server-framework-1.3.0-SNAPSHOT.jar:?]
	at org.apache.hadoop.ozone.protocolPB.OzoneManagerProtocolServerSideTranslatorPB.submitRequest(OzoneManagerProtocolServerSideTranslatorPB.java:147) [ozone-manager-1.3.0-SNAPSHOT.jar:?]
	at org.apache.hadoop.ozone.protocol.proto.OzoneManagerProtocolProtos$OzoneManagerService$2.callBlockingMethod(OzoneManagerProtocolProtos.java) [ozone-interface-client-1.3.0-SNAPSHOT.jar:?]
	at org.apache.hadoop.ipc.ProtobufRpcEngine$Server.processCall(ProtobufRpcEngine.java:466) [hadoop-common-3.3.1.jar:?]
	at org.apache.hadoop.ipc.ProtobufRpcEngine2$Server$ProtoBufRpcInvoker.call(ProtobufRpcEngine2.java:574) [hadoop-common-3.3.1.jar:?]
	at org.apache.hadoop.ipc.ProtobufRpcEngine2$Server$ProtoBufRpcInvoker.call(ProtobufRpcEngine2.java:552) [hadoop-common-3.3.1.jar:?]
	at org.apache.hadoop.ipc.RPC$Server.call(RPC.java:1093) [hadoop-common-3.3.1.jar:?]
	at org.apache.hadoop.ipc.Server$RpcCall.run(Server.java:1035) [hadoop-common-3.3.1.jar:?]
	at org.apache.hadoop.ipc.Server$RpcCall.run(Server.java:963) [hadoop-common-3.3.1.jar:?]
	at java.security.AccessController.doPrivileged(Native Method) ~[?:1.8.0_332]
	at javax.security.auth.Subject.doAs(Subject.java:422) [?:1.8.0_332]
	at org.apache.hadoop.security.UserGroupInformation.doAs(UserGroupInformation.java:1878) [hadoop-common-3.3.1.jar:?]
	at org.apache.hadoop.ipc.Server$Handler.run(Server.java:2966) [hadoop-common-3.3.1.jar:?]
21:07:59.128 [IPC Server handler 0 on default port 33595] ERROR OMAudit - user=runner | ip=127.0.0.1 | op=GET_FILE_STATUS {volume=volume03787, bucket=bucket14223, key=.Trash/runner/Current/volume03787/bucket14223/testKey2, dataSize=0, replicationConfig=null} | ret=FAILURE
org.apache.hadoop.ozone.om.exceptions.OMException: Unable to get file status: volume: volume03787 bucket: bucket14223 key: .Trash/runner/Current/volume03787/bucket14223/testKey2
	at org.apache.hadoop.ozone.om.KeyManagerImpl.getOzoneFileStatus(KeyManagerImpl.java:1311) ~[ozone-manager-1.3.0-SNAPSHOT.jar:?]
	at org.apache.hadoop.ozone.om.KeyManagerImpl.getFileStatus(KeyManagerImpl.java:1241) ~[ozone-manager-1.3.0-SNAPSHOT.jar:?]
	at org.apache.hadoop.ozone.om.OzoneManager.getFileStatus(OzoneManager.java:3419) ~[ozone-manager-1.3.0-SNAPSHOT.jar:?]
	at org.apache.hadoop.ozone.protocolPB.OzoneManagerRequestHandler.getOzoneFileStatus(OzoneManagerRequestHandler.java:871) ~[ozone-manager-1.3.0-SNAPSHOT.jar:?]
	at org.apache.hadoop.ozone.protocolPB.OzoneManagerRequestHandler.handleReadRequest(OzoneManagerRequestHandler.java:217) ~[ozone-manager-1.3.0-SNAPSHOT.jar:?]
	at org.apache.hadoop.ozone.protocolPB.OzoneManagerProtocolServerSideTranslatorPB.submitReadRequestToOM(OzoneManagerProtocolServerSideTranslatorPB.java:226) ~[ozone-manager-1.3.0-SNAPSHOT.jar:?]
	at org.apache.hadoop.ozone.protocolPB.OzoneManagerProtocolServerSideTranslatorPB.processRequest(OzoneManagerProtocolServerSideTranslatorPB.java:175) ~[ozone-manager-1.3.0-SNAPSHOT.jar:?]
	at org.apache.hadoop.hdds.server.OzoneProtocolMessageDispatcher.processRequest(OzoneProtocolMessageDispatcher.java:87) [hdds-server-framework-1.3.0-SNAPSHOT.jar:?]
	at org.apache.hadoop.ozone.protocolPB.OzoneManagerProtocolServerSideTranslatorPB.submitRequest(OzoneManagerProtocolServerSideTranslatorPB.java:147) [ozone-manager-1.3.0-SNAPSHOT.jar:?]
	at org.apache.hadoop.ozone.protocol.proto.OzoneManagerProtocolProtos$OzoneManagerService$2.callBlockingMethod(OzoneManagerProtocolProtos.java) [ozone-interface-client-1.3.0-SNAPSHOT.jar:?]
	at org.apache.hadoop.ipc.ProtobufRpcEngine$Server.processCall(ProtobufRpcEngine.java:466) [hadoop-common-3.3.1.jar:?]
	at org.apache.hadoop.ipc.ProtobufRpcEngine2$Server$ProtoBufRpcInvoker.call(ProtobufRpcEngine2.java:574) [hadoop-common-3.3.1.jar:?]
	at org.apache.hadoop.ipc.ProtobufRpcEngine2$Server$ProtoBufRpcInvoker.call(ProtobufRpcEngine2.java:552) [hadoop-common-3.3.1.jar:?]
	at org.apache.hadoop.ipc.RPC$Server.call(RPC.java:1093) [hadoop-common-3.3.1.jar:?]
	at org.apache.hadoop.ipc.Server$RpcCall.run(Server.java:1035) [hadoop-common-3.3.1.jar:?]
	at org.apache.hadoop.ipc.Server$RpcCall.run(Server.java:963) [hadoop-common-3.3.1.jar:?]
	at java.security.AccessController.doPrivileged(Native Method) ~[?:1.8.0_332]
	at javax.security.auth.Subject.doAs(Subject.java:422) [?:1.8.0_332]
	at org.apache.hadoop.security.UserGroupInformation.doAs(UserGroupInformation.java:1878) [hadoop-common-3.3.1.jar:?]
	at org.apache.hadoop.ipc.Server$Handler.run(Server.java:2966) [hadoop-common-3.3.1.jar:?]
2022-07-12 21:07:59,134 [Time-limited test] INFO  fs.TrashPolicyDefault (TrashPolicyDefault.java:moveToTrash(188)) - Moved: '/volume03787/bucket14223/testKey2' to trash at: ofs:/volume03787/bucket14223/.Trash/runner/Current/volume03787/bucket14223/testKey2
]]></system-out>
  </testcase>
  <testcase name="testRenameToTrashEnabled" classname="TestRootedOzoneFileSystem" time="0.439">
    <system-out><![CDATA[2022-07-12 21:09:41,531 [Time-limited test] INFO  rpc.RpcClient (RpcClient.java:createVolume(466)) - Creating Volume: volume41232, with user96326 as owner and space quota set to -1 bytes, counts quota set to -1
2022-07-12 21:09:41,532 [IPC Server handler 10 on default port 32899] INFO  volume.OMVolumeCreateRequest (OMVolumeCreateRequest.java:validateAndUpdateCache(195)) - created volume:volume41232 for user:user96326
2022-07-12 21:09:41,533 [Time-limited test] INFO  rpc.RpcClient (RpcClient.java:createBucket(669)) - Creating Bucket: volume41232/bucket99369, with bucket layout LEGACY, runner as owner, Versioning false, Storage Type set to DISK and Encryption set to false 
2022-07-12 21:09:41,534 [IPC Server handler 6 on default port 32899] INFO  bucket.OMBucketCreateRequest (OMBucketCreateRequest.java:validateAndUpdateCache(260)) - created bucket: bucket99369 of layout LEGACY in volume: volume41232
21:09:41.740 [IPC Server handler 8 on default port 32899] ERROR OMAudit - user=runner | ip=127.0.0.1 | op=GET_FILE_STATUS {volume=volume41232, bucket=bucket99369, key=.Trash/runner/Current/volume41232/bucket99369/testKey2, dataSize=0, replicationConfig=null} | ret=FAILURE
org.apache.hadoop.ozone.om.exceptions.OMException: Unable to get file status: volume: volume41232 bucket: bucket99369 key: .Trash/runner/Current/volume41232/bucket99369/testKey2
	at org.apache.hadoop.ozone.om.KeyManagerImpl.getOzoneFileStatus(KeyManagerImpl.java:1311) ~[ozone-manager-1.3.0-SNAPSHOT.jar:?]
	at org.apache.hadoop.ozone.om.KeyManagerImpl.getFileStatus(KeyManagerImpl.java:1241) ~[ozone-manager-1.3.0-SNAPSHOT.jar:?]
	at org.apache.hadoop.ozone.om.OzoneManager.getFileStatus(OzoneManager.java:3419) ~[ozone-manager-1.3.0-SNAPSHOT.jar:?]
	at org.apache.hadoop.ozone.protocolPB.OzoneManagerRequestHandler.getOzoneFileStatus(OzoneManagerRequestHandler.java:871) ~[ozone-manager-1.3.0-SNAPSHOT.jar:?]
	at org.apache.hadoop.ozone.protocolPB.OzoneManagerRequestHandler.handleReadRequest(OzoneManagerRequestHandler.java:217) ~[ozone-manager-1.3.0-SNAPSHOT.jar:?]
	at org.apache.hadoop.ozone.protocolPB.OzoneManagerProtocolServerSideTranslatorPB.submitRequestDirectlyToOM(OzoneManagerProtocolServerSideTranslatorPB.java:276) ~[ozone-manager-1.3.0-SNAPSHOT.jar:?]
	at org.apache.hadoop.ozone.protocolPB.OzoneManagerProtocolServerSideTranslatorPB.processRequest(OzoneManagerProtocolServerSideTranslatorPB.java:205) ~[ozone-manager-1.3.0-SNAPSHOT.jar:?]
	at org.apache.hadoop.hdds.server.OzoneProtocolMessageDispatcher.processRequest(OzoneProtocolMessageDispatcher.java:87) [hdds-server-framework-1.3.0-SNAPSHOT.jar:?]
	at org.apache.hadoop.ozone.protocolPB.OzoneManagerProtocolServerSideTranslatorPB.submitRequest(OzoneManagerProtocolServerSideTranslatorPB.java:147) [ozone-manager-1.3.0-SNAPSHOT.jar:?]
	at org.apache.hadoop.ozone.protocol.proto.OzoneManagerProtocolProtos$OzoneManagerService$2.callBlockingMethod(OzoneManagerProtocolProtos.java) [ozone-interface-client-1.3.0-SNAPSHOT.jar:?]
	at org.apache.hadoop.ipc.ProtobufRpcEngine$Server.processCall(ProtobufRpcEngine.java:466) [hadoop-common-3.3.1.jar:?]
	at org.apache.hadoop.ipc.ProtobufRpcEngine2$Server$ProtoBufRpcInvoker.call(ProtobufRpcEngine2.java:574) [hadoop-common-3.3.1.jar:?]
	at org.apache.hadoop.ipc.ProtobufRpcEngine2$Server$ProtoBufRpcInvoker.call(ProtobufRpcEngine2.java:552) [hadoop-common-3.3.1.jar:?]
	at org.apache.hadoop.ipc.RPC$Server.call(RPC.java:1093) [hadoop-common-3.3.1.jar:?]
	at org.apache.hadoop.ipc.Server$RpcCall.run(Server.java:1035) [hadoop-common-3.3.1.jar:?]
	at org.apache.hadoop.ipc.Server$RpcCall.run(Server.java:963) [hadoop-common-3.3.1.jar:?]
	at java.security.AccessController.doPrivileged(Native Method) ~[?:1.8.0_332]
	at javax.security.auth.Subject.doAs(Subject.java:422) [?:1.8.0_332]
	at org.apache.hadoop.security.UserGroupInformation.doAs(UserGroupInformation.java:1878) [hadoop-common-3.3.1.jar:?]
	at org.apache.hadoop.ipc.Server$Handler.run(Server.java:2966) [hadoop-common-3.3.1.jar:?]
21:09:41.752 [IPC Server handler 13 on default port 32899] ERROR OMAudit - user=runner | ip=127.0.0.1 | op=GET_FILE_STATUS {volume=volume41232, bucket=bucket99369, key=.Trash/runner/Current/volume41232/bucket99369/testKey2, dataSize=0, replicationConfig=null} | ret=FAILURE
org.apache.hadoop.ozone.om.exceptions.OMException: Unable to get file status: volume: volume41232 bucket: bucket99369 key: .Trash/runner/Current/volume41232/bucket99369/testKey2
	at org.apache.hadoop.ozone.om.KeyManagerImpl.getOzoneFileStatus(KeyManagerImpl.java:1311) ~[ozone-manager-1.3.0-SNAPSHOT.jar:?]
	at org.apache.hadoop.ozone.om.KeyManagerImpl.getFileStatus(KeyManagerImpl.java:1241) ~[ozone-manager-1.3.0-SNAPSHOT.jar:?]
	at org.apache.hadoop.ozone.om.OzoneManager.getFileStatus(OzoneManager.java:3419) ~[ozone-manager-1.3.0-SNAPSHOT.jar:?]
	at org.apache.hadoop.ozone.protocolPB.OzoneManagerRequestHandler.getOzoneFileStatus(OzoneManagerRequestHandler.java:871) ~[ozone-manager-1.3.0-SNAPSHOT.jar:?]
	at org.apache.hadoop.ozone.protocolPB.OzoneManagerRequestHandler.handleReadRequest(OzoneManagerRequestHandler.java:217) ~[ozone-manager-1.3.0-SNAPSHOT.jar:?]
	at org.apache.hadoop.ozone.protocolPB.OzoneManagerProtocolServerSideTranslatorPB.submitRequestDirectlyToOM(OzoneManagerProtocolServerSideTranslatorPB.java:276) ~[ozone-manager-1.3.0-SNAPSHOT.jar:?]
	at org.apache.hadoop.ozone.protocolPB.OzoneManagerProtocolServerSideTranslatorPB.processRequest(OzoneManagerProtocolServerSideTranslatorPB.java:205) ~[ozone-manager-1.3.0-SNAPSHOT.jar:?]
	at org.apache.hadoop.hdds.server.OzoneProtocolMessageDispatcher.processRequest(OzoneProtocolMessageDispatcher.java:87) [hdds-server-framework-1.3.0-SNAPSHOT.jar:?]
	at org.apache.hadoop.ozone.protocolPB.OzoneManagerProtocolServerSideTranslatorPB.submitRequest(OzoneManagerProtocolServerSideTranslatorPB.java:147) [ozone-manager-1.3.0-SNAPSHOT.jar:?]
	at org.apache.hadoop.ozone.protocol.proto.OzoneManagerProtocolProtos$OzoneManagerService$2.callBlockingMethod(OzoneManagerProtocolProtos.java) [ozone-interface-client-1.3.0-SNAPSHOT.jar:?]
	at org.apache.hadoop.ipc.ProtobufRpcEngine$Server.processCall(ProtobufRpcEngine.java:466) [hadoop-common-3.3.1.jar:?]
	at org.apache.hadoop.ipc.ProtobufRpcEngine2$Server$ProtoBufRpcInvoker.call(ProtobufRpcEngine2.java:574) [hadoop-common-3.3.1.jar:?]
	at org.apache.hadoop.ipc.ProtobufRpcEngine2$Server$ProtoBufRpcInvoker.call(ProtobufRpcEngine2.java:552) [hadoop-common-3.3.1.jar:?]
	at org.apache.hadoop.ipc.RPC$Server.call(RPC.java:1093) [hadoop-common-3.3.1.jar:?]
	at org.apache.hadoop.ipc.Server$RpcCall.run(Server.java:1035) [hadoop-common-3.3.1.jar:?]
	at org.apache.hadoop.ipc.Server$RpcCall.run(Server.java:963) [hadoop-common-3.3.1.jar:?]
	at java.security.AccessController.doPrivileged(Native Method) ~[?:1.8.0_332]
	at javax.security.auth.Subject.doAs(Subject.java:422) [?:1.8.0_332]
	at org.apache.hadoop.security.UserGroupInformation.doAs(UserGroupInformation.java:1878) [hadoop-common-3.3.1.jar:?]
	at org.apache.hadoop.ipc.Server$Handler.run(Server.java:2966) [hadoop-common-3.3.1.jar:?]
2022-07-12 21:09:41,761 [Time-limited test] INFO  fs.TrashPolicyDefault (TrashPolicyDefault.java:moveToTrash(188)) - Moved: '/volume41232/bucket99369/testKey2' to trash at: ofs:/volume41232/bucket99369/.Trash/runner/Current/volume41232/bucket99369/testKey2
]]></system-out>
  </testcase>
  <testcase name="testMkdirOnNonExistentVolumeBucketDir" classname="TestRootedOzoneFileSystem" time="0">
    <skipped type="org.junit.AssumptionViolatedException"><![CDATA[org.junit.AssumptionViolatedException: FS Path is enabled. Skipping this test as it is not tuned for FS Path yet
	at org.junit.Assume.assumeTrue(Assume.java:68)
	at org.apache.hadoop.fs.ozone.TestRootedOzoneFileSystem.testMkdirOnNonExistentVolumeBucketDir(TestRootedOzoneFileSystem.java:421)
	at sun.reflect.NativeMethodAccessorImpl.invoke0(Native Method)
	at sun.reflect.NativeMethodAccessorImpl.invoke(NativeMethodAccessorImpl.java:62)
	at sun.reflect.DelegatingMethodAccessorImpl.invoke(DelegatingMethodAccessorImpl.java:43)
	at java.lang.reflect.Method.invoke(Method.java:498)
	at org.junit.runners.model.FrameworkMethod$1.runReflectiveCall(FrameworkMethod.java:59)
	at org.junit.internal.runners.model.ReflectiveCallable.run(ReflectiveCallable.java:12)
	at org.junit.runners.model.FrameworkMethod.invokeExplosively(FrameworkMethod.java:56)
	at org.junit.internal.runners.statements.InvokeMethod.evaluate(InvokeMethod.java:17)
	at org.junit.internal.runners.statements.RunBefores.evaluate(RunBefores.java:26)
	at org.junit.internal.runners.statements.RunAfters.evaluate(RunAfters.java:27)
	at org.junit.internal.runners.statements.FailOnTimeout$CallableStatement.call(FailOnTimeout.java:288)
	at org.junit.internal.runners.statements.FailOnTimeout$CallableStatement.call(FailOnTimeout.java:282)
	at java.util.concurrent.FutureTask.run(FutureTask.java:266)
	at java.lang.Thread.run(Thread.java:750)
]]></skipped>
    <system-out><![CDATA[2022-07-12 21:04:10,125 [Time-limited test] INFO  rpc.RpcClient (RpcClient.java:createVolume(466)) - Creating Volume: volume62084, with user14117 as owner and space quota set to -1 bytes, counts quota set to -1
2022-07-12 21:04:10,128 [OM StateMachine ApplyTransaction Thread - 0] INFO  volume.OMVolumeCreateRequest (OMVolumeCreateRequest.java:validateAndUpdateCache(195)) - created volume:volume62084 for user:user14117
2022-07-12 21:04:10,131 [Time-limited test] INFO  rpc.RpcClient (RpcClient.java:createBucket(669)) - Creating Bucket: volume62084/bucket78918, with bucket layout LEGACY, runner as owner, Versioning false, Storage Type set to DISK and Encryption set to false 
2022-07-12 21:04:10,135 [OM StateMachine ApplyTransaction Thread - 0] INFO  bucket.OMBucketCreateRequest (OMBucketCreateRequest.java:validateAndUpdateCache(260)) - created bucket: bucket78918 of layout LEGACY in volume: volume62084
]]></system-out>
  </testcase>
  <testcase name="testMkdirOnNonExistentVolumeBucketDir" classname="TestRootedOzoneFileSystem" time="0">
    <skipped type="org.junit.AssumptionViolatedException"><![CDATA[org.junit.AssumptionViolatedException: FS Path is enabled. Skipping this test as it is not tuned for FS Path yet
	at org.junit.Assume.assumeTrue(Assume.java:68)
	at org.apache.hadoop.fs.ozone.TestRootedOzoneFileSystem.testMkdirOnNonExistentVolumeBucketDir(TestRootedOzoneFileSystem.java:421)
	at sun.reflect.NativeMethodAccessorImpl.invoke0(Native Method)
	at sun.reflect.NativeMethodAccessorImpl.invoke(NativeMethodAccessorImpl.java:62)
	at sun.reflect.DelegatingMethodAccessorImpl.invoke(DelegatingMethodAccessorImpl.java:43)
	at java.lang.reflect.Method.invoke(Method.java:498)
	at org.junit.runners.model.FrameworkMethod$1.runReflectiveCall(FrameworkMethod.java:59)
	at org.junit.internal.runners.model.ReflectiveCallable.run(ReflectiveCallable.java:12)
	at org.junit.runners.model.FrameworkMethod.invokeExplosively(FrameworkMethod.java:56)
	at org.junit.internal.runners.statements.InvokeMethod.evaluate(InvokeMethod.java:17)
	at org.junit.internal.runners.statements.RunBefores.evaluate(RunBefores.java:26)
	at org.junit.internal.runners.statements.RunAfters.evaluate(RunAfters.java:27)
	at org.junit.internal.runners.statements.FailOnTimeout$CallableStatement.call(FailOnTimeout.java:288)
	at org.junit.internal.runners.statements.FailOnTimeout$CallableStatement.call(FailOnTimeout.java:282)
	at java.util.concurrent.FutureTask.run(FutureTask.java:266)
	at java.lang.Thread.run(Thread.java:750)
]]></skipped>
    <system-out><![CDATA[2022-07-12 21:05:22,921 [Time-limited test] INFO  rpc.RpcClient (RpcClient.java:createVolume(466)) - Creating Volume: volume64004, with user13065 as owner and space quota set to -1 bytes, counts quota set to -1
2022-07-12 21:05:22,928 [OM StateMachine ApplyTransaction Thread - 0] INFO  volume.OMVolumeCreateRequest (OMVolumeCreateRequest.java:validateAndUpdateCache(195)) - created volume:volume64004 for user:user13065
2022-07-12 21:05:22,929 [Time-limited test] INFO  rpc.RpcClient (RpcClient.java:createBucket(669)) - Creating Bucket: volume64004/bucket51285, with bucket layout LEGACY, runner as owner, Versioning false, Storage Type set to DISK and Encryption set to false 
2022-07-12 21:05:22,930 [OM StateMachine ApplyTransaction Thread - 0] INFO  bucket.OMBucketCreateRequest (OMBucketCreateRequest.java:validateAndUpdateCache(260)) - created bucket: bucket51285 of layout LEGACY in volume: volume64004
]]></system-out>
  </testcase>
  <testcase name="testMkdirOnNonExistentVolumeBucketDir" classname="TestRootedOzoneFileSystem" time="0">
    <skipped type="org.junit.AssumptionViolatedException"><![CDATA[org.junit.AssumptionViolatedException: FS Path is enabled. Skipping this test as it is not tuned for FS Path yet
	at org.junit.Assume.assumeTrue(Assume.java:68)
	at org.apache.hadoop.fs.ozone.TestRootedOzoneFileSystem.testMkdirOnNonExistentVolumeBucketDir(TestRootedOzoneFileSystem.java:421)
	at sun.reflect.NativeMethodAccessorImpl.invoke0(Native Method)
	at sun.reflect.NativeMethodAccessorImpl.invoke(NativeMethodAccessorImpl.java:62)
	at sun.reflect.DelegatingMethodAccessorImpl.invoke(DelegatingMethodAccessorImpl.java:43)
	at java.lang.reflect.Method.invoke(Method.java:498)
	at org.junit.runners.model.FrameworkMethod$1.runReflectiveCall(FrameworkMethod.java:59)
	at org.junit.internal.runners.model.ReflectiveCallable.run(ReflectiveCallable.java:12)
	at org.junit.runners.model.FrameworkMethod.invokeExplosively(FrameworkMethod.java:56)
	at org.junit.internal.runners.statements.InvokeMethod.evaluate(InvokeMethod.java:17)
	at org.junit.internal.runners.statements.RunBefores.evaluate(RunBefores.java:26)
	at org.junit.internal.runners.statements.RunAfters.evaluate(RunAfters.java:27)
	at org.junit.internal.runners.statements.FailOnTimeout$CallableStatement.call(FailOnTimeout.java:288)
	at org.junit.internal.runners.statements.FailOnTimeout$CallableStatement.call(FailOnTimeout.java:282)
	at java.util.concurrent.FutureTask.run(FutureTask.java:266)
	at java.lang.Thread.run(Thread.java:750)
]]></skipped>
    <system-out><![CDATA[2022-07-12 21:06:37,008 [Time-limited test] INFO  rpc.RpcClient (RpcClient.java:createVolume(466)) - Creating Volume: volume94290, with user37151 as owner and space quota set to -1 bytes, counts quota set to -1
2022-07-12 21:06:37,009 [IPC Server handler 16 on default port 37581] INFO  volume.OMVolumeCreateRequest (OMVolumeCreateRequest.java:validateAndUpdateCache(195)) - created volume:volume94290 for user:user37151
2022-07-12 21:06:37,010 [Time-limited test] INFO  rpc.RpcClient (RpcClient.java:createBucket(669)) - Creating Bucket: volume94290/bucket54825, with bucket layout LEGACY, runner as owner, Versioning false, Storage Type set to DISK and Encryption set to false 
2022-07-12 21:06:37,011 [IPC Server handler 15 on default port 37581] INFO  bucket.OMBucketCreateRequest (OMBucketCreateRequest.java:validateAndUpdateCache(260)) - created bucket: bucket54825 of layout LEGACY in volume: volume94290
]]></system-out>
  </testcase>
  <testcase name="testMkdirOnNonExistentVolumeBucketDir" classname="TestRootedOzoneFileSystem" time="0.181">
    <system-out><![CDATA[2022-07-12 21:07:59,238 [Time-limited test] INFO  rpc.RpcClient (RpcClient.java:createVolume(466)) - Creating Volume: volume18222, with user56240 as owner and space quota set to -1 bytes, counts quota set to -1
2022-07-12 21:07:59,247 [OM StateMachine ApplyTransaction Thread - 0] INFO  volume.OMVolumeCreateRequest (OMVolumeCreateRequest.java:validateAndUpdateCache(195)) - created volume:volume18222 for user:user56240
2022-07-12 21:07:59,251 [Time-limited test] INFO  rpc.RpcClient (RpcClient.java:createBucket(669)) - Creating Bucket: volume18222/bucket22920, with bucket layout LEGACY, runner as owner, Versioning false, Storage Type set to DISK and Encryption set to false 
2022-07-12 21:07:59,253 [OM StateMachine ApplyTransaction Thread - 0] INFO  bucket.OMBucketCreateRequest (OMBucketCreateRequest.java:validateAndUpdateCache(260)) - created bucket: bucket22920 of layout LEGACY in volume: volume18222
21:07:59.254 [IPC Server handler 9 on default port 33595] ERROR OMAudit - user=runner | ip=127.0.0.1 | op=READ_BUCKET {volume=volume-71022, bucket=bucket-62024} | ret=FAILURE
org.apache.hadoop.ozone.om.exceptions.OMException: Volume not found when getting bucket info
	at org.apache.hadoop.ozone.om.BucketManagerImpl.getBucketInfo(BucketManagerImpl.java:127) ~[ozone-manager-1.3.0-SNAPSHOT.jar:?]
	at org.apache.hadoop.ozone.om.OzoneManager.getBucketInfo(OzoneManager.java:2778) ~[ozone-manager-1.3.0-SNAPSHOT.jar:?]
	at org.apache.hadoop.ozone.protocolPB.OzoneManagerRequestHandler.infoBucket(OzoneManagerRequestHandler.java:464) ~[ozone-manager-1.3.0-SNAPSHOT.jar:?]
	at org.apache.hadoop.ozone.protocolPB.OzoneManagerRequestHandler.handleReadRequest(OzoneManagerRequestHandler.java:172) ~[ozone-manager-1.3.0-SNAPSHOT.jar:?]
	at org.apache.hadoop.ozone.protocolPB.OzoneManagerProtocolServerSideTranslatorPB.submitReadRequestToOM(OzoneManagerProtocolServerSideTranslatorPB.java:226) ~[ozone-manager-1.3.0-SNAPSHOT.jar:?]
	at org.apache.hadoop.ozone.protocolPB.OzoneManagerProtocolServerSideTranslatorPB.processRequest(OzoneManagerProtocolServerSideTranslatorPB.java:175) ~[ozone-manager-1.3.0-SNAPSHOT.jar:?]
	at org.apache.hadoop.hdds.server.OzoneProtocolMessageDispatcher.processRequest(OzoneProtocolMessageDispatcher.java:87) [hdds-server-framework-1.3.0-SNAPSHOT.jar:?]
	at org.apache.hadoop.ozone.protocolPB.OzoneManagerProtocolServerSideTranslatorPB.submitRequest(OzoneManagerProtocolServerSideTranslatorPB.java:147) [ozone-manager-1.3.0-SNAPSHOT.jar:?]
	at org.apache.hadoop.ozone.protocol.proto.OzoneManagerProtocolProtos$OzoneManagerService$2.callBlockingMethod(OzoneManagerProtocolProtos.java) [ozone-interface-client-1.3.0-SNAPSHOT.jar:?]
	at org.apache.hadoop.ipc.ProtobufRpcEngine$Server.processCall(ProtobufRpcEngine.java:466) [hadoop-common-3.3.1.jar:?]
	at org.apache.hadoop.ipc.ProtobufRpcEngine2$Server$ProtoBufRpcInvoker.call(ProtobufRpcEngine2.java:574) [hadoop-common-3.3.1.jar:?]
	at org.apache.hadoop.ipc.ProtobufRpcEngine2$Server$ProtoBufRpcInvoker.call(ProtobufRpcEngine2.java:552) [hadoop-common-3.3.1.jar:?]
	at org.apache.hadoop.ipc.RPC$Server.call(RPC.java:1093) [hadoop-common-3.3.1.jar:?]
	at org.apache.hadoop.ipc.Server$RpcCall.run(Server.java:1035) [hadoop-common-3.3.1.jar:?]
	at org.apache.hadoop.ipc.Server$RpcCall.run(Server.java:963) [hadoop-common-3.3.1.jar:?]
	at java.security.AccessController.doPrivileged(Native Method) ~[?:1.8.0_332]
	at javax.security.auth.Subject.doAs(Subject.java:422) [?:1.8.0_332]
	at org.apache.hadoop.security.UserGroupInformation.doAs(UserGroupInformation.java:1878) [hadoop-common-3.3.1.jar:?]
	at org.apache.hadoop.ipc.Server$Handler.run(Server.java:2966) [hadoop-common-3.3.1.jar:?]
2022-07-12 21:07:59,255 [Time-limited test] INFO  rpc.RpcClient (RpcClient.java:createVolume(466)) - Creating Volume: volume-71022, with runner as owner and space quota set to -1 bytes, counts quota set to -1
2022-07-12 21:07:59,256 [OM StateMachine ApplyTransaction Thread - 0] INFO  volume.OMVolumeCreateRequest (OMVolumeCreateRequest.java:validateAndUpdateCache(195)) - created volume:volume-71022 for user:runner
2022-07-12 21:07:59,257 [Time-limited test] INFO  rpc.RpcClient (RpcClient.java:createBucket(669)) - Creating Bucket: volume-71022/bucket-62024, with bucket layout LEGACY, runner as owner, Versioning false, Storage Type set to DISK and Encryption set to false 
2022-07-12 21:07:59,269 [OM StateMachine ApplyTransaction Thread - 0] INFO  bucket.OMBucketCreateRequest (OMBucketCreateRequest.java:validateAndUpdateCache(260)) - created bucket: bucket-62024 of layout LEGACY in volume: volume-71022
]]></system-out>
  </testcase>
  <testcase name="testMkdirOnNonExistentVolumeBucketDir" classname="TestRootedOzoneFileSystem" time="0.299">
    <system-out><![CDATA[2022-07-12 21:09:41,989 [Time-limited test] INFO  rpc.RpcClient (RpcClient.java:createVolume(466)) - Creating Volume: volume43570, with user67903 as owner and space quota set to -1 bytes, counts quota set to -1
2022-07-12 21:09:41,990 [IPC Server handler 0 on default port 32899] INFO  volume.OMVolumeCreateRequest (OMVolumeCreateRequest.java:validateAndUpdateCache(195)) - created volume:volume43570 for user:user67903
2022-07-12 21:09:41,991 [Time-limited test] INFO  rpc.RpcClient (RpcClient.java:createBucket(669)) - Creating Bucket: volume43570/bucket45022, with bucket layout LEGACY, runner as owner, Versioning false, Storage Type set to DISK and Encryption set to false 
2022-07-12 21:09:41,992 [IPC Server handler 17 on default port 32899] INFO  bucket.OMBucketCreateRequest (OMBucketCreateRequest.java:validateAndUpdateCache(260)) - created bucket: bucket45022 of layout LEGACY in volume: volume43570
21:09:41.993 [IPC Server handler 5 on default port 32899] ERROR OMAudit - user=runner | ip=127.0.0.1 | op=READ_BUCKET {volume=volume-87697, bucket=bucket-45827} | ret=FAILURE
org.apache.hadoop.ozone.om.exceptions.OMException: Volume not found when getting bucket info
	at org.apache.hadoop.ozone.om.BucketManagerImpl.getBucketInfo(BucketManagerImpl.java:127) ~[ozone-manager-1.3.0-SNAPSHOT.jar:?]
	at org.apache.hadoop.ozone.om.OzoneManager.getBucketInfo(OzoneManager.java:2778) ~[ozone-manager-1.3.0-SNAPSHOT.jar:?]
	at org.apache.hadoop.ozone.protocolPB.OzoneManagerRequestHandler.infoBucket(OzoneManagerRequestHandler.java:464) ~[ozone-manager-1.3.0-SNAPSHOT.jar:?]
	at org.apache.hadoop.ozone.protocolPB.OzoneManagerRequestHandler.handleReadRequest(OzoneManagerRequestHandler.java:172) ~[ozone-manager-1.3.0-SNAPSHOT.jar:?]
	at org.apache.hadoop.ozone.protocolPB.OzoneManagerProtocolServerSideTranslatorPB.submitRequestDirectlyToOM(OzoneManagerProtocolServerSideTranslatorPB.java:276) ~[ozone-manager-1.3.0-SNAPSHOT.jar:?]
	at org.apache.hadoop.ozone.protocolPB.OzoneManagerProtocolServerSideTranslatorPB.processRequest(OzoneManagerProtocolServerSideTranslatorPB.java:205) ~[ozone-manager-1.3.0-SNAPSHOT.jar:?]
	at org.apache.hadoop.hdds.server.OzoneProtocolMessageDispatcher.processRequest(OzoneProtocolMessageDispatcher.java:87) [hdds-server-framework-1.3.0-SNAPSHOT.jar:?]
	at org.apache.hadoop.ozone.protocolPB.OzoneManagerProtocolServerSideTranslatorPB.submitRequest(OzoneManagerProtocolServerSideTranslatorPB.java:147) [ozone-manager-1.3.0-SNAPSHOT.jar:?]
	at org.apache.hadoop.ozone.protocol.proto.OzoneManagerProtocolProtos$OzoneManagerService$2.callBlockingMethod(OzoneManagerProtocolProtos.java) [ozone-interface-client-1.3.0-SNAPSHOT.jar:?]
	at org.apache.hadoop.ipc.ProtobufRpcEngine$Server.processCall(ProtobufRpcEngine.java:466) [hadoop-common-3.3.1.jar:?]
	at org.apache.hadoop.ipc.ProtobufRpcEngine2$Server$ProtoBufRpcInvoker.call(ProtobufRpcEngine2.java:574) [hadoop-common-3.3.1.jar:?]
	at org.apache.hadoop.ipc.ProtobufRpcEngine2$Server$ProtoBufRpcInvoker.call(ProtobufRpcEngine2.java:552) [hadoop-common-3.3.1.jar:?]
	at org.apache.hadoop.ipc.RPC$Server.call(RPC.java:1093) [hadoop-common-3.3.1.jar:?]
	at org.apache.hadoop.ipc.Server$RpcCall.run(Server.java:1035) [hadoop-common-3.3.1.jar:?]
	at org.apache.hadoop.ipc.Server$RpcCall.run(Server.java:963) [hadoop-common-3.3.1.jar:?]
	at java.security.AccessController.doPrivileged(Native Method) ~[?:1.8.0_332]
	at javax.security.auth.Subject.doAs(Subject.java:422) [?:1.8.0_332]
	at org.apache.hadoop.security.UserGroupInformation.doAs(UserGroupInformation.java:1878) [hadoop-common-3.3.1.jar:?]
	at org.apache.hadoop.ipc.Server$Handler.run(Server.java:2966) [hadoop-common-3.3.1.jar:?]
2022-07-12 21:09:41,993 [Time-limited test] INFO  rpc.RpcClient (RpcClient.java:createVolume(466)) - Creating Volume: volume-87697, with runner as owner and space quota set to -1 bytes, counts quota set to -1
2022-07-12 21:09:41,994 [IPC Server handler 14 on default port 32899] INFO  volume.OMVolumeCreateRequest (OMVolumeCreateRequest.java:validateAndUpdateCache(195)) - created volume:volume-87697 for user:runner
2022-07-12 21:09:41,994 [Time-limited test] INFO  rpc.RpcClient (RpcClient.java:createBucket(669)) - Creating Bucket: volume-87697/bucket-45827, with bucket layout LEGACY, runner as owner, Versioning false, Storage Type set to DISK and Encryption set to false 
2022-07-12 21:09:41,995 [IPC Server handler 3 on default port 32899] INFO  bucket.OMBucketCreateRequest (OMBucketCreateRequest.java:validateAndUpdateCache(260)) - created bucket: bucket-45827 of layout LEGACY in volume: volume-87697
]]></system-out>
  </testcase>
  <testcase name="testListStatusOnLargeDirectory" classname="TestRootedOzoneFileSystem" time="15.999">
    <system-out><![CDATA[2022-07-12 21:04:10,183 [Time-limited test] INFO  rpc.RpcClient (RpcClient.java:createVolume(466)) - Creating Volume: volume57130, with user33529 as owner and space quota set to -1 bytes, counts quota set to -1
2022-07-12 21:04:10,185 [OM StateMachine ApplyTransaction Thread - 0] INFO  volume.OMVolumeCreateRequest (OMVolumeCreateRequest.java:validateAndUpdateCache(195)) - created volume:volume57130 for user:user33529
2022-07-12 21:04:10,189 [Time-limited test] INFO  rpc.RpcClient (RpcClient.java:createBucket(669)) - Creating Bucket: volume57130/bucket55667, with bucket layout LEGACY, runner as owner, Versioning false, Storage Type set to DISK and Encryption set to false 
2022-07-12 21:04:10,191 [OM StateMachine ApplyTransaction Thread - 0] INFO  bucket.OMBucketCreateRequest (OMBucketCreateRequest.java:validateAndUpdateCache(260)) - created bucket: bucket55667 of layout LEGACY in volume: volume57130
]]></system-out>
  </testcase>
  <testcase name="testListStatusOnLargeDirectory" classname="TestRootedOzoneFileSystem" time="12.653">
    <system-out><![CDATA[2022-07-12 21:05:23,019 [Time-limited test] INFO  rpc.RpcClient (RpcClient.java:createVolume(466)) - Creating Volume: volume59194, with user15663 as owner and space quota set to -1 bytes, counts quota set to -1
2022-07-12 21:05:23,021 [OM StateMachine ApplyTransaction Thread - 0] INFO  volume.OMVolumeCreateRequest (OMVolumeCreateRequest.java:validateAndUpdateCache(195)) - created volume:volume59194 for user:user15663
2022-07-12 21:05:23,022 [Time-limited test] INFO  rpc.RpcClient (RpcClient.java:createBucket(669)) - Creating Bucket: volume59194/bucket03292, with bucket layout LEGACY, runner as owner, Versioning false, Storage Type set to DISK and Encryption set to false 
2022-07-12 21:05:23,023 [OM StateMachine ApplyTransaction Thread - 0] INFO  bucket.OMBucketCreateRequest (OMBucketCreateRequest.java:validateAndUpdateCache(260)) - created bucket: bucket03292 of layout LEGACY in volume: volume59194
]]></system-out>
  </testcase>
  <testcase name="testListStatusOnLargeDirectory" classname="TestRootedOzoneFileSystem" time="14.604">
    <system-out><![CDATA[2022-07-12 21:06:37,223 [Time-limited test] INFO  rpc.RpcClient (RpcClient.java:createVolume(466)) - Creating Volume: volume47581, with user18770 as owner and space quota set to -1 bytes, counts quota set to -1
2022-07-12 21:06:37,224 [IPC Server handler 14 on default port 37581] INFO  volume.OMVolumeCreateRequest (OMVolumeCreateRequest.java:validateAndUpdateCache(195)) - created volume:volume47581 for user:user18770
2022-07-12 21:06:37,228 [Time-limited test] INFO  rpc.RpcClient (RpcClient.java:createBucket(669)) - Creating Bucket: volume47581/bucket85641, with bucket layout LEGACY, runner as owner, Versioning false, Storage Type set to DISK and Encryption set to false 
2022-07-12 21:06:37,229 [IPC Server handler 0 on default port 37581] INFO  bucket.OMBucketCreateRequest (OMBucketCreateRequest.java:validateAndUpdateCache(260)) - created bucket: bucket85641 of layout LEGACY in volume: volume47581
2022-07-12 21:06:37,459 [6d03a90d-b393-4c2b-aa32-f45668f1c5ca@group-C0EB019A3F66-FollowerState] INFO  impl.FollowerState (FollowerState.java:run(143)) - 6d03a90d-b393-4c2b-aa32-f45668f1c5ca@group-C0EB019A3F66-FollowerState: change to CANDIDATE, lastRpcElapsedTime:5058858246ns, electionTimeout:5058ms
2022-07-12 21:06:37,460 [6d03a90d-b393-4c2b-aa32-f45668f1c5ca@group-C0EB019A3F66-FollowerState] INFO  impl.RoleInfo (RoleInfo.java:shutdownFollowerState(110)) - 6d03a90d-b393-4c2b-aa32-f45668f1c5ca: shutdown 6d03a90d-b393-4c2b-aa32-f45668f1c5ca@group-C0EB019A3F66-FollowerState
2022-07-12 21:06:37,460 [6d03a90d-b393-4c2b-aa32-f45668f1c5ca@group-C0EB019A3F66-FollowerState] INFO  server.RaftServer$Division (RaftServerImpl.java:setRole(299)) - 6d03a90d-b393-4c2b-aa32-f45668f1c5ca@group-C0EB019A3F66: changes role from  FOLLOWER to CANDIDATE at term 2 for changeToCandidate
2022-07-12 21:06:37,460 [6d03a90d-b393-4c2b-aa32-f45668f1c5ca@group-C0EB019A3F66-FollowerState] INFO  server.RaftServerConfigKeys (ConfUtils.java:logGet(46)) - raft.server.leaderelection.pre-vote = false (custom)
2022-07-12 21:06:37,460 [6d03a90d-b393-4c2b-aa32-f45668f1c5ca@group-C0EB019A3F66-FollowerState] INFO  impl.RoleInfo (RoleInfo.java:updateAndGet(139)) - 6d03a90d-b393-4c2b-aa32-f45668f1c5ca: start 6d03a90d-b393-4c2b-aa32-f45668f1c5ca@group-C0EB019A3F66-LeaderElection37
2022-07-12 21:06:37,494 [6d03a90d-b393-4c2b-aa32-f45668f1c5ca@group-C0EB019A3F66-LeaderElection37] INFO  impl.LeaderElection (LeaderElection.java:askForVotes(310)) - 6d03a90d-b393-4c2b-aa32-f45668f1c5ca@group-C0EB019A3F66-LeaderElection37 ELECTION round 0: submit vote requests at term 3 for -1: [b88517ff-a734-4baa-8e75-48c6a6d5a3f3|rpc:10.1.0.20:38005|priority:1, 6d03a90d-b393-4c2b-aa32-f45668f1c5ca|rpc:10.1.0.20:39877|priority:0, ac679b26-c737-4eb4-ba39-fe3b144a3424|rpc:10.1.0.20:34833|priority:0], old=null
2022-07-12 21:06:37,521 [grpc-default-executor-1] INFO  server.RaftServer$Division (RaftServerImpl.java:requestVote(1152)) - b88517ff-a734-4baa-8e75-48c6a6d5a3f3@group-C0EB019A3F66: receive requestVote(ELECTION, 6d03a90d-b393-4c2b-aa32-f45668f1c5ca, group-C0EB019A3F66, 3, (t:0, i:0))
2022-07-12 21:06:37,522 [grpc-default-executor-1] INFO  impl.VoteContext (VoteContext.java:log(48)) - b88517ff-a734-4baa-8e75-48c6a6d5a3f3@group-C0EB019A3F66-FOLLOWER: reject ELECTION from 6d03a90d-b393-4c2b-aa32-f45668f1c5ca: our priority 1 > candidate's priority 0
2022-07-12 21:06:37,522 [grpc-default-executor-1] INFO  server.RaftServer$Division (RaftServerImpl.java:setRole(299)) - b88517ff-a734-4baa-8e75-48c6a6d5a3f3@group-C0EB019A3F66: changes role from  FOLLOWER to FOLLOWER at term 3 for candidate:6d03a90d-b393-4c2b-aa32-f45668f1c5ca
2022-07-12 21:06:37,522 [grpc-default-executor-1] INFO  impl.RoleInfo (RoleInfo.java:shutdownFollowerState(110)) - b88517ff-a734-4baa-8e75-48c6a6d5a3f3: shutdown b88517ff-a734-4baa-8e75-48c6a6d5a3f3@group-C0EB019A3F66-FollowerState
2022-07-12 21:06:37,522 [grpc-default-executor-1] INFO  impl.RoleInfo (RoleInfo.java:updateAndGet(139)) - b88517ff-a734-4baa-8e75-48c6a6d5a3f3: start b88517ff-a734-4baa-8e75-48c6a6d5a3f3@group-C0EB019A3F66-FollowerState
2022-07-12 21:06:37,522 [b88517ff-a734-4baa-8e75-48c6a6d5a3f3@group-C0EB019A3F66-FollowerState] INFO  impl.FollowerState (FollowerState.java:run(152)) - b88517ff-a734-4baa-8e75-48c6a6d5a3f3@group-C0EB019A3F66-FollowerState was interrupted
2022-07-12 21:06:37,583 [grpc-default-executor-1] INFO  server.RaftServer$Division (RaftServerImpl.java:requestVote(1184)) - b88517ff-a734-4baa-8e75-48c6a6d5a3f3@group-C0EB019A3F66 replies to ELECTION vote request: 6d03a90d-b393-4c2b-aa32-f45668f1c5ca<-b88517ff-a734-4baa-8e75-48c6a6d5a3f3#0:FAIL-t3. Peer's state: b88517ff-a734-4baa-8e75-48c6a6d5a3f3@group-C0EB019A3F66:t3, leader=null, voted=null, raftlog=b88517ff-a734-4baa-8e75-48c6a6d5a3f3@group-C0EB019A3F66-SegmentedRaftLog:OPENED:c-1, conf=-1: [b88517ff-a734-4baa-8e75-48c6a6d5a3f3|rpc:10.1.0.20:38005|dataStream:|priority:1, 6d03a90d-b393-4c2b-aa32-f45668f1c5ca|rpc:10.1.0.20:39877|dataStream:|priority:0, ac679b26-c737-4eb4-ba39-fe3b144a3424|rpc:10.1.0.20:34833|dataStream:|priority:0], old=null
2022-07-12 21:06:37,619 [ac679b26-c737-4eb4-ba39-fe3b144a3424@group-C0EB019A3F66-FollowerState] INFO  impl.FollowerState (FollowerState.java:run(143)) - ac679b26-c737-4eb4-ba39-fe3b144a3424@group-C0EB019A3F66-FollowerState: change to CANDIDATE, lastRpcElapsedTime:5171012640ns, electionTimeout:5099ms
2022-07-12 21:06:37,619 [ac679b26-c737-4eb4-ba39-fe3b144a3424@group-C0EB019A3F66-FollowerState] INFO  impl.RoleInfo (RoleInfo.java:shutdownFollowerState(110)) - ac679b26-c737-4eb4-ba39-fe3b144a3424: shutdown ac679b26-c737-4eb4-ba39-fe3b144a3424@group-C0EB019A3F66-FollowerState
2022-07-12 21:06:37,619 [ac679b26-c737-4eb4-ba39-fe3b144a3424@group-C0EB019A3F66-FollowerState] INFO  server.RaftServer$Division (RaftServerImpl.java:setRole(299)) - ac679b26-c737-4eb4-ba39-fe3b144a3424@group-C0EB019A3F66: changes role from  FOLLOWER to CANDIDATE at term 2 for changeToCandidate
2022-07-12 21:06:37,621 [grpc-default-executor-3] INFO  server.RaftServer$Division (RaftServerImpl.java:requestVote(1152)) - ac679b26-c737-4eb4-ba39-fe3b144a3424@group-C0EB019A3F66: receive requestVote(ELECTION, 6d03a90d-b393-4c2b-aa32-f45668f1c5ca, group-C0EB019A3F66, 3, (t:0, i:0))
2022-07-12 21:06:37,624 [6d03a90d-b393-4c2b-aa32-f45668f1c5ca@group-C0EB019A3F66-LeaderElection37] INFO  impl.LeaderElection (LeaderElection.java:logAndReturn(90)) - 6d03a90d-b393-4c2b-aa32-f45668f1c5ca@group-C0EB019A3F66-LeaderElection37: ELECTION REJECTED received 1 response(s) and 0 exception(s):
2022-07-12 21:06:37,624 [6d03a90d-b393-4c2b-aa32-f45668f1c5ca@group-C0EB019A3F66-LeaderElection37] INFO  impl.LeaderElection (LeaderElection.java:logAndReturn(94)) -   Response 0: 6d03a90d-b393-4c2b-aa32-f45668f1c5ca<-b88517ff-a734-4baa-8e75-48c6a6d5a3f3#0:FAIL-t3
2022-07-12 21:06:37,624 [6d03a90d-b393-4c2b-aa32-f45668f1c5ca@group-C0EB019A3F66-LeaderElection37] INFO  impl.LeaderElection (LeaderElection.java:askForVotes(312)) - 6d03a90d-b393-4c2b-aa32-f45668f1c5ca@group-C0EB019A3F66-LeaderElection37 ELECTION round 0: result REJECTED
2022-07-12 21:06:37,624 [6d03a90d-b393-4c2b-aa32-f45668f1c5ca@group-C0EB019A3F66-LeaderElection37] INFO  server.RaftServer$Division (RaftServerImpl.java:setRole(299)) - 6d03a90d-b393-4c2b-aa32-f45668f1c5ca@group-C0EB019A3F66: changes role from CANDIDATE to FOLLOWER at term 3 for REJECTED
2022-07-12 21:06:37,624 [6d03a90d-b393-4c2b-aa32-f45668f1c5ca@group-C0EB019A3F66-LeaderElection37] INFO  impl.RoleInfo (RoleInfo.java:shutdownLeaderElection(130)) - 6d03a90d-b393-4c2b-aa32-f45668f1c5ca: shutdown 6d03a90d-b393-4c2b-aa32-f45668f1c5ca@group-C0EB019A3F66-LeaderElection37
2022-07-12 21:06:37,624 [6d03a90d-b393-4c2b-aa32-f45668f1c5ca@group-C0EB019A3F66-LeaderElection37] INFO  impl.RoleInfo (RoleInfo.java:updateAndGet(139)) - 6d03a90d-b393-4c2b-aa32-f45668f1c5ca: start 6d03a90d-b393-4c2b-aa32-f45668f1c5ca@group-C0EB019A3F66-FollowerState
2022-07-12 21:06:37,674 [ac679b26-c737-4eb4-ba39-fe3b144a3424@group-C0EB019A3F66-FollowerState] INFO  server.RaftServerConfigKeys (ConfUtils.java:logGet(46)) - raft.server.leaderelection.pre-vote = false (custom)
2022-07-12 21:06:37,674 [ac679b26-c737-4eb4-ba39-fe3b144a3424@group-C0EB019A3F66-FollowerState] INFO  impl.RoleInfo (RoleInfo.java:updateAndGet(139)) - ac679b26-c737-4eb4-ba39-fe3b144a3424: start ac679b26-c737-4eb4-ba39-fe3b144a3424@group-C0EB019A3F66-LeaderElection38
2022-07-12 21:06:37,684 [grpc-default-executor-3] INFO  impl.VoteContext (VoteContext.java:log(48)) - ac679b26-c737-4eb4-ba39-fe3b144a3424@group-C0EB019A3F66-CANDIDATE: accept ELECTION from 6d03a90d-b393-4c2b-aa32-f45668f1c5ca: our priority 0 <= candidate's priority 0
2022-07-12 21:06:37,684 [grpc-default-executor-3] INFO  server.RaftServer$Division (RaftServerImpl.java:setRole(299)) - ac679b26-c737-4eb4-ba39-fe3b144a3424@group-C0EB019A3F66: changes role from CANDIDATE to FOLLOWER at term 3 for candidate:6d03a90d-b393-4c2b-aa32-f45668f1c5ca
2022-07-12 21:06:37,684 [grpc-default-executor-3] INFO  impl.RoleInfo (RoleInfo.java:shutdownLeaderElection(130)) - ac679b26-c737-4eb4-ba39-fe3b144a3424: shutdown ac679b26-c737-4eb4-ba39-fe3b144a3424@group-C0EB019A3F66-LeaderElection38
2022-07-12 21:06:37,684 [grpc-default-executor-3] INFO  impl.RoleInfo (RoleInfo.java:updateAndGet(139)) - ac679b26-c737-4eb4-ba39-fe3b144a3424: start ac679b26-c737-4eb4-ba39-fe3b144a3424@group-C0EB019A3F66-FollowerState
2022-07-12 21:06:37,684 [ac679b26-c737-4eb4-ba39-fe3b144a3424@group-C0EB019A3F66-LeaderElection38] INFO  impl.LeaderElection (LeaderElection.java:run(231)) - ac679b26-c737-4eb4-ba39-fe3b144a3424@group-C0EB019A3F66-LeaderElection38: skip running since this is already CLOSING
2022-07-12 21:06:37,691 [grpc-default-executor-3] INFO  server.RaftServer$Division (RaftServerImpl.java:requestVote(1184)) - ac679b26-c737-4eb4-ba39-fe3b144a3424@group-C0EB019A3F66 replies to ELECTION vote request: 6d03a90d-b393-4c2b-aa32-f45668f1c5ca<-ac679b26-c737-4eb4-ba39-fe3b144a3424#0:OK-t3. Peer's state: ac679b26-c737-4eb4-ba39-fe3b144a3424@group-C0EB019A3F66:t3, leader=null, voted=6d03a90d-b393-4c2b-aa32-f45668f1c5ca, raftlog=ac679b26-c737-4eb4-ba39-fe3b144a3424@group-C0EB019A3F66-SegmentedRaftLog:OPENED:c-1, conf=-1: [b88517ff-a734-4baa-8e75-48c6a6d5a3f3|rpc:10.1.0.20:38005|dataStream:|priority:1, 6d03a90d-b393-4c2b-aa32-f45668f1c5ca|rpc:10.1.0.20:39877|dataStream:|priority:0, ac679b26-c737-4eb4-ba39-fe3b144a3424|rpc:10.1.0.20:34833|dataStream:|priority:0], old=null
2022-07-12 21:06:42,578 [b88517ff-a734-4baa-8e75-48c6a6d5a3f3@group-C0EB019A3F66-FollowerState] INFO  impl.FollowerState (FollowerState.java:run(143)) - b88517ff-a734-4baa-8e75-48c6a6d5a3f3@group-C0EB019A3F66-FollowerState: change to CANDIDATE, lastRpcElapsedTime:5056390278ns, electionTimeout:5040ms
2022-07-12 21:06:42,578 [b88517ff-a734-4baa-8e75-48c6a6d5a3f3@group-C0EB019A3F66-FollowerState] INFO  impl.RoleInfo (RoleInfo.java:shutdownFollowerState(110)) - b88517ff-a734-4baa-8e75-48c6a6d5a3f3: shutdown b88517ff-a734-4baa-8e75-48c6a6d5a3f3@group-C0EB019A3F66-FollowerState
2022-07-12 21:06:42,579 [b88517ff-a734-4baa-8e75-48c6a6d5a3f3@group-C0EB019A3F66-FollowerState] INFO  server.RaftServer$Division (RaftServerImpl.java:setRole(299)) - b88517ff-a734-4baa-8e75-48c6a6d5a3f3@group-C0EB019A3F66: changes role from  FOLLOWER to CANDIDATE at term 3 for changeToCandidate
2022-07-12 21:06:42,579 [b88517ff-a734-4baa-8e75-48c6a6d5a3f3@group-C0EB019A3F66-FollowerState] INFO  server.RaftServerConfigKeys (ConfUtils.java:logGet(46)) - raft.server.leaderelection.pre-vote = false (custom)
2022-07-12 21:06:42,579 [b88517ff-a734-4baa-8e75-48c6a6d5a3f3@group-C0EB019A3F66-FollowerState] INFO  impl.RoleInfo (RoleInfo.java:updateAndGet(139)) - b88517ff-a734-4baa-8e75-48c6a6d5a3f3: start b88517ff-a734-4baa-8e75-48c6a6d5a3f3@group-C0EB019A3F66-LeaderElection39
2022-07-12 21:06:42,630 [b88517ff-a734-4baa-8e75-48c6a6d5a3f3@group-C0EB019A3F66-LeaderElection39] INFO  impl.LeaderElection (LeaderElection.java:askForVotes(310)) - b88517ff-a734-4baa-8e75-48c6a6d5a3f3@group-C0EB019A3F66-LeaderElection39 ELECTION round 0: submit vote requests at term 4 for -1: [b88517ff-a734-4baa-8e75-48c6a6d5a3f3|rpc:10.1.0.20:38005|dataStream:|priority:1, 6d03a90d-b393-4c2b-aa32-f45668f1c5ca|rpc:10.1.0.20:39877|dataStream:|priority:0, ac679b26-c737-4eb4-ba39-fe3b144a3424|rpc:10.1.0.20:34833|dataStream:|priority:0], old=null
2022-07-12 21:06:42,657 [grpc-default-executor-3] INFO  server.RaftServer$Division (RaftServerImpl.java:requestVote(1152)) - 6d03a90d-b393-4c2b-aa32-f45668f1c5ca@group-C0EB019A3F66: receive requestVote(ELECTION, b88517ff-a734-4baa-8e75-48c6a6d5a3f3, group-C0EB019A3F66, 4, (t:0, i:0))
2022-07-12 21:06:42,657 [grpc-default-executor-3] INFO  impl.VoteContext (VoteContext.java:log(48)) - 6d03a90d-b393-4c2b-aa32-f45668f1c5ca@group-C0EB019A3F66-FOLLOWER: accept ELECTION from b88517ff-a734-4baa-8e75-48c6a6d5a3f3: our priority 0 <= candidate's priority 1
2022-07-12 21:06:42,657 [grpc-default-executor-3] INFO  server.RaftServer$Division (RaftServerImpl.java:setRole(299)) - 6d03a90d-b393-4c2b-aa32-f45668f1c5ca@group-C0EB019A3F66: changes role from  FOLLOWER to FOLLOWER at term 4 for candidate:b88517ff-a734-4baa-8e75-48c6a6d5a3f3
2022-07-12 21:06:42,657 [grpc-default-executor-3] INFO  impl.RoleInfo (RoleInfo.java:shutdownFollowerState(110)) - 6d03a90d-b393-4c2b-aa32-f45668f1c5ca: shutdown 6d03a90d-b393-4c2b-aa32-f45668f1c5ca@group-C0EB019A3F66-FollowerState
2022-07-12 21:06:42,657 [grpc-default-executor-3] INFO  impl.RoleInfo (RoleInfo.java:updateAndGet(139)) - 6d03a90d-b393-4c2b-aa32-f45668f1c5ca: start 6d03a90d-b393-4c2b-aa32-f45668f1c5ca@group-C0EB019A3F66-FollowerState
2022-07-12 21:06:42,657 [6d03a90d-b393-4c2b-aa32-f45668f1c5ca@group-C0EB019A3F66-FollowerState] INFO  impl.FollowerState (FollowerState.java:run(152)) - 6d03a90d-b393-4c2b-aa32-f45668f1c5ca@group-C0EB019A3F66-FollowerState was interrupted
2022-07-12 21:06:42,660 [grpc-default-executor-3] INFO  server.RaftServer$Division (RaftServerImpl.java:requestVote(1184)) - 6d03a90d-b393-4c2b-aa32-f45668f1c5ca@group-C0EB019A3F66 replies to ELECTION vote request: b88517ff-a734-4baa-8e75-48c6a6d5a3f3<-6d03a90d-b393-4c2b-aa32-f45668f1c5ca#0:OK-t4. Peer's state: 6d03a90d-b393-4c2b-aa32-f45668f1c5ca@group-C0EB019A3F66:t4, leader=null, voted=b88517ff-a734-4baa-8e75-48c6a6d5a3f3, raftlog=6d03a90d-b393-4c2b-aa32-f45668f1c5ca@group-C0EB019A3F66-SegmentedRaftLog:OPENED:c-1, conf=-1: [b88517ff-a734-4baa-8e75-48c6a6d5a3f3|rpc:10.1.0.20:38005|priority:1, 6d03a90d-b393-4c2b-aa32-f45668f1c5ca|rpc:10.1.0.20:39877|priority:0, ac679b26-c737-4eb4-ba39-fe3b144a3424|rpc:10.1.0.20:34833|priority:0], old=null
2022-07-12 21:06:42,686 [b88517ff-a734-4baa-8e75-48c6a6d5a3f3@group-C0EB019A3F66-LeaderElection39] INFO  impl.LeaderElection (LeaderElection.java:logAndReturn(90)) - b88517ff-a734-4baa-8e75-48c6a6d5a3f3@group-C0EB019A3F66-LeaderElection39: ELECTION PASSED received 1 response(s) and 0 exception(s):
2022-07-12 21:06:42,686 [b88517ff-a734-4baa-8e75-48c6a6d5a3f3@group-C0EB019A3F66-LeaderElection39] INFO  impl.LeaderElection (LeaderElection.java:logAndReturn(94)) -   Response 0: b88517ff-a734-4baa-8e75-48c6a6d5a3f3<-6d03a90d-b393-4c2b-aa32-f45668f1c5ca#0:OK-t4
2022-07-12 21:06:42,686 [b88517ff-a734-4baa-8e75-48c6a6d5a3f3@group-C0EB019A3F66-LeaderElection39] INFO  impl.LeaderElection (LeaderElection.java:askForVotes(312)) - b88517ff-a734-4baa-8e75-48c6a6d5a3f3@group-C0EB019A3F66-LeaderElection39 ELECTION round 0: result PASSED
2022-07-12 21:06:42,686 [b88517ff-a734-4baa-8e75-48c6a6d5a3f3@group-C0EB019A3F66-LeaderElection39] INFO  impl.RoleInfo (RoleInfo.java:shutdownLeaderElection(130)) - b88517ff-a734-4baa-8e75-48c6a6d5a3f3: shutdown b88517ff-a734-4baa-8e75-48c6a6d5a3f3@group-C0EB019A3F66-LeaderElection39
2022-07-12 21:06:42,686 [b88517ff-a734-4baa-8e75-48c6a6d5a3f3@group-C0EB019A3F66-LeaderElection39] INFO  server.RaftServer$Division (RaftServerImpl.java:setRole(299)) - b88517ff-a734-4baa-8e75-48c6a6d5a3f3@group-C0EB019A3F66: changes role from CANDIDATE to LEADER at term 4 for changeToLeader
2022-07-12 21:06:42,686 [b88517ff-a734-4baa-8e75-48c6a6d5a3f3@group-C0EB019A3F66-LeaderElection39] INFO  ratis.XceiverServerRatis (XceiverServerRatis.java:handleLeaderChangedNotification(863)) - Leader change notification received for group: group-C0EB019A3F66 with new leaderId: b88517ff-a734-4baa-8e75-48c6a6d5a3f3
2022-07-12 21:06:42,686 [b88517ff-a734-4baa-8e75-48c6a6d5a3f3@group-C0EB019A3F66-LeaderElection39] INFO  server.RaftServer$Division (ServerState.java:setLeader(287)) - b88517ff-a734-4baa-8e75-48c6a6d5a3f3@group-C0EB019A3F66: change Leader from null to b88517ff-a734-4baa-8e75-48c6a6d5a3f3 at term 4 for becomeLeader, leader elected after 20526ms
2022-07-12 21:06:42,686 [b88517ff-a734-4baa-8e75-48c6a6d5a3f3@group-C0EB019A3F66-LeaderElection39] INFO  server.RaftServerConfigKeys (ConfUtils.java:logGet(46)) - raft.server.staging.catchup.gap = 1000 (default)
2022-07-12 21:06:42,687 [b88517ff-a734-4baa-8e75-48c6a6d5a3f3@group-C0EB019A3F66-LeaderElection39] INFO  server.RaftServerConfigKeys (ConfUtils.java:logGet(46)) - raft.server.write.element-limit = 1024 (custom)
2022-07-12 21:06:42,687 [b88517ff-a734-4baa-8e75-48c6a6d5a3f3@group-C0EB019A3F66-LeaderElection39] INFO  server.RaftServerConfigKeys (ConfUtils.java:logGet(46)) - raft.server.write.byte-limit = 1024 M (=1073741824) (custom)
2022-07-12 21:06:42,687 [b88517ff-a734-4baa-8e75-48c6a6d5a3f3@group-C0EB019A3F66-LeaderElection39] INFO  server.RaftServerConfigKeys (ConfUtils.java:logGet(46)) - raft.server.watch.timeout = 180s (custom)
2022-07-12 21:06:42,687 [b88517ff-a734-4baa-8e75-48c6a6d5a3f3@group-C0EB019A3F66-LeaderElection39] INFO  server.RaftServerConfigKeys (ConfUtils.java:logGet(46)) - raft.server.watch.timeout.denomination = 1s (default)
2022-07-12 21:06:42,687 [b88517ff-a734-4baa-8e75-48c6a6d5a3f3@group-C0EB019A3F66-LeaderElection39] INFO  server.RaftServerConfigKeys (ConfUtils.java:logGet(46)) - raft.server.watch.element-limit = 65536 (default)
2022-07-12 21:06:42,687 [b88517ff-a734-4baa-8e75-48c6a6d5a3f3@group-C0EB019A3F66-LeaderElection39] INFO  server.RaftServerConfigKeys (ConfUtils.java:logGet(46)) - raft.server.write.element-limit = 1024 (custom)
2022-07-12 21:06:42,687 [b88517ff-a734-4baa-8e75-48c6a6d5a3f3@group-C0EB019A3F66-LeaderElection39] INFO  server.RaftServerConfigKeys (ConfUtils.java:logGet(46)) - raft.server.write.follower.gap.ratio.max = -1.0 (default)
2022-07-12 21:06:42,688 [b88517ff-a734-4baa-8e75-48c6a6d5a3f3@group-C0EB019A3F66-LeaderElection39] INFO  server.RaftServerConfigKeys (ConfUtils.java:logGet(46)) - raft.server.log.appender.snapshot.chunk.size.max = 16MB (=16777216) (default)
2022-07-12 21:06:42,688 [b88517ff-a734-4baa-8e75-48c6a6d5a3f3@group-C0EB019A3F66-LeaderElection39] INFO  server.RaftServerConfigKeys (ConfUtils.java:logGet(46)) - raft.server.log.appender.buffer.byte-limit = 33554432 (custom)
2022-07-12 21:06:42,688 [b88517ff-a734-4baa-8e75-48c6a6d5a3f3@group-C0EB019A3F66-LeaderElection39] INFO  server.RaftServerConfigKeys (ConfUtils.java:logGet(46)) - raft.server.log.appender.buffer.element-limit = 1 (custom)
2022-07-12 21:06:42,688 [b88517ff-a734-4baa-8e75-48c6a6d5a3f3@group-C0EB019A3F66-LeaderElection39] INFO  grpc.GrpcConfigKeys (ConfUtils.java:logGet(46)) - raft.grpc.server.leader.outstanding.appends.max = 128 (default)
2022-07-12 21:06:42,688 [b88517ff-a734-4baa-8e75-48c6a6d5a3f3@group-C0EB019A3F66-LeaderElection39] INFO  server.RaftServerConfigKeys (ConfUtils.java:logGet(46)) - raft.server.rpc.request.timeout = 60s (custom)
2022-07-12 21:06:42,688 [b88517ff-a734-4baa-8e75-48c6a6d5a3f3@group-C0EB019A3F66-LeaderElection39] INFO  server.RaftServerConfigKeys (ConfUtils.java:logGet(46)) - raft.server.log.appender.install.snapshot.enabled = false (custom)
2022-07-12 21:06:42,689 [b88517ff-a734-4baa-8e75-48c6a6d5a3f3@group-C0EB019A3F66-LeaderElection39] INFO  server.RaftServerConfigKeys (ConfUtils.java:logGet(46)) - raft.server.log.appender.snapshot.chunk.size.max = 16MB (=16777216) (default)
2022-07-12 21:06:42,689 [b88517ff-a734-4baa-8e75-48c6a6d5a3f3@group-C0EB019A3F66-LeaderElection39] INFO  server.RaftServerConfigKeys (ConfUtils.java:logGet(46)) - raft.server.log.appender.buffer.byte-limit = 33554432 (custom)
2022-07-12 21:06:42,704 [b88517ff-a734-4baa-8e75-48c6a6d5a3f3@group-C0EB019A3F66-LeaderElection39] INFO  server.RaftServerConfigKeys (ConfUtils.java:logGet(46)) - raft.server.log.appender.buffer.element-limit = 1 (custom)
2022-07-12 21:06:42,704 [b88517ff-a734-4baa-8e75-48c6a6d5a3f3@group-C0EB019A3F66-LeaderElection39] INFO  grpc.GrpcConfigKeys (ConfUtils.java:logGet(46)) - raft.grpc.server.leader.outstanding.appends.max = 128 (default)
2022-07-12 21:06:42,704 [b88517ff-a734-4baa-8e75-48c6a6d5a3f3@group-C0EB019A3F66-LeaderElection39] INFO  server.RaftServerConfigKeys (ConfUtils.java:logGet(46)) - raft.server.rpc.request.timeout = 60s (custom)
2022-07-12 21:06:42,704 [b88517ff-a734-4baa-8e75-48c6a6d5a3f3@group-C0EB019A3F66-LeaderElection39] INFO  server.RaftServerConfigKeys (ConfUtils.java:logGet(46)) - raft.server.log.appender.install.snapshot.enabled = false (custom)
2022-07-12 21:06:42,704 [b88517ff-a734-4baa-8e75-48c6a6d5a3f3@group-C0EB019A3F66-LeaderElection39] INFO  impl.RoleInfo (RoleInfo.java:updateAndGet(139)) - b88517ff-a734-4baa-8e75-48c6a6d5a3f3: start b88517ff-a734-4baa-8e75-48c6a6d5a3f3@group-C0EB019A3F66-LeaderStateImpl
2022-07-12 21:06:42,705 [b88517ff-a734-4baa-8e75-48c6a6d5a3f3@group-C0EB019A3F66-LeaderElection39] INFO  segmented.SegmentedRaftLogWorker (SegmentedRaftLogWorker.java:startLogSegment(425)) - b88517ff-a734-4baa-8e75-48c6a6d5a3f3@group-C0EB019A3F66-SegmentedRaftLogWorker: Starting segment from index:0
2022-07-12 21:06:42,695 [grpc-default-executor-3] INFO  server.RaftServer$Division (RaftServerImpl.java:requestVote(1152)) - ac679b26-c737-4eb4-ba39-fe3b144a3424@group-C0EB019A3F66: receive requestVote(ELECTION, b88517ff-a734-4baa-8e75-48c6a6d5a3f3, group-C0EB019A3F66, 4, (t:0, i:0))
2022-07-12 21:06:42,705 [grpc-default-executor-3] INFO  impl.VoteContext (VoteContext.java:log(48)) - ac679b26-c737-4eb4-ba39-fe3b144a3424@group-C0EB019A3F66-FOLLOWER: accept ELECTION from b88517ff-a734-4baa-8e75-48c6a6d5a3f3: our priority 0 <= candidate's priority 1
2022-07-12 21:06:42,706 [grpc-default-executor-3] INFO  server.RaftServer$Division (RaftServerImpl.java:setRole(299)) - ac679b26-c737-4eb4-ba39-fe3b144a3424@group-C0EB019A3F66: changes role from  FOLLOWER to FOLLOWER at term 4 for candidate:b88517ff-a734-4baa-8e75-48c6a6d5a3f3
2022-07-12 21:06:42,706 [grpc-default-executor-3] INFO  impl.RoleInfo (RoleInfo.java:shutdownFollowerState(110)) - ac679b26-c737-4eb4-ba39-fe3b144a3424: shutdown ac679b26-c737-4eb4-ba39-fe3b144a3424@group-C0EB019A3F66-FollowerState
2022-07-12 21:06:42,708 [b88517ff-a734-4baa-8e75-48c6a6d5a3f3@group-C0EB019A3F66-SegmentedRaftLogWorker] INFO  segmented.SegmentedRaftLogWorker (SegmentedRaftLogWorker.java:execute(629)) - b88517ff-a734-4baa-8e75-48c6a6d5a3f3@group-C0EB019A3F66-SegmentedRaftLogWorker: created new log segment /home/runner/work/ozone/ozone/hadoop-ozone/integration-test/target/test-dir/MiniOzoneClusterImpl-f732ff5a-6050-490e-9ecc-7e3ed1996e94/datanode-1/data/ratis/08541ec7-9ede-4229-bab4-c0eb019a3f66/current/log_inprogress_0
2022-07-12 21:06:42,733 [b88517ff-a734-4baa-8e75-48c6a6d5a3f3@group-C0EB019A3F66-LeaderElection39] INFO  server.RaftServer$Division (ServerState.java:setRaftConf(393)) - b88517ff-a734-4baa-8e75-48c6a6d5a3f3@group-C0EB019A3F66: set configuration 0: [b88517ff-a734-4baa-8e75-48c6a6d5a3f3|rpc:10.1.0.20:38005|dataStream:|priority:1, 6d03a90d-b393-4c2b-aa32-f45668f1c5ca|rpc:10.1.0.20:39877|dataStream:|priority:0, ac679b26-c737-4eb4-ba39-fe3b144a3424|rpc:10.1.0.20:34833|dataStream:|priority:0], old=null
2022-07-12 21:06:42,760 [grpc-default-executor-3] INFO  impl.RoleInfo (RoleInfo.java:updateAndGet(139)) - ac679b26-c737-4eb4-ba39-fe3b144a3424: start ac679b26-c737-4eb4-ba39-fe3b144a3424@group-C0EB019A3F66-FollowerState
2022-07-12 21:06:42,760 [6d03a90d-b393-4c2b-aa32-f45668f1c5ca-server-thread1] INFO  ratis.XceiverServerRatis (XceiverServerRatis.java:handleLeaderChangedNotification(863)) - Leader change notification received for group: group-C0EB019A3F66 with new leaderId: b88517ff-a734-4baa-8e75-48c6a6d5a3f3
2022-07-12 21:06:42,760 [6d03a90d-b393-4c2b-aa32-f45668f1c5ca-server-thread1] INFO  server.RaftServer$Division (ServerState.java:setLeader(287)) - 6d03a90d-b393-4c2b-aa32-f45668f1c5ca@group-C0EB019A3F66: change Leader from null to b88517ff-a734-4baa-8e75-48c6a6d5a3f3 at term 4 for appendEntries, leader elected after 21039ms
2022-07-12 21:06:42,772 [EventQueue-PipelineReportForPipelineReportHandler] INFO  pipeline.PipelineManagerImpl (PipelineManagerImpl.java:openPipeline(359)) - Pipeline Pipeline[ Id: 08541ec7-9ede-4229-bab4-c0eb019a3f66, Nodes: 6d03a90d-b393-4c2b-aa32-f45668f1c5ca{ip: 10.1.0.20, host: fv-az452-57.ku3lqr0aiaqu5kfj3xdpchcrvd.dx.internal.cloudapp.net, ports: [REPLICATION=46381, RATIS=39877, RATIS_ADMIN=39877, RATIS_SERVER=39877, STANDALONE=44331], networkLocation: /default-rack, certSerialId: null, persistedOpState: IN_SERVICE, persistedOpStateExpiryEpochSec: 0}ac679b26-c737-4eb4-ba39-fe3b144a3424{ip: 10.1.0.20, host: fv-az452-57.ku3lqr0aiaqu5kfj3xdpchcrvd.dx.internal.cloudapp.net, ports: [REPLICATION=35251, RATIS=34833, RATIS_ADMIN=34833, RATIS_SERVER=34833, STANDALONE=33465], networkLocation: /default-rack, certSerialId: null, persistedOpState: IN_SERVICE, persistedOpStateExpiryEpochSec: 0}b88517ff-a734-4baa-8e75-48c6a6d5a3f3{ip: 10.1.0.20, host: fv-az452-57.ku3lqr0aiaqu5kfj3xdpchcrvd.dx.internal.cloudapp.net, ports: [REPLICATION=35831, RATIS=38005, RATIS_ADMIN=38005, RATIS_SERVER=38005, STANDALONE=34055], networkLocation: /default-rack, certSerialId: null, persistedOpState: IN_SERVICE, persistedOpStateExpiryEpochSec: 0}, ReplicationConfig: RATIS/THREE, State:ALLOCATED, leaderId:b88517ff-a734-4baa-8e75-48c6a6d5a3f3, CreationTimestamp2022-07-12T21:06:21.442Z[Etc/UTC]] moved to OPEN state
2022-07-12 21:06:42,772 [ac679b26-c737-4eb4-ba39-fe3b144a3424@group-C0EB019A3F66-FollowerState] INFO  impl.FollowerState (FollowerState.java:run(152)) - ac679b26-c737-4eb4-ba39-fe3b144a3424@group-C0EB019A3F66-FollowerState was interrupted
2022-07-12 21:06:42,866 [6d03a90d-b393-4c2b-aa32-f45668f1c5ca-server-thread1] INFO  server.RaftServer$Division (ServerState.java:setRaftConf(393)) - 6d03a90d-b393-4c2b-aa32-f45668f1c5ca@group-C0EB019A3F66: set configuration 0: [b88517ff-a734-4baa-8e75-48c6a6d5a3f3|rpc:10.1.0.20:38005|dataStream:|priority:1, 6d03a90d-b393-4c2b-aa32-f45668f1c5ca|rpc:10.1.0.20:39877|dataStream:|priority:0, ac679b26-c737-4eb4-ba39-fe3b144a3424|rpc:10.1.0.20:34833|dataStream:|priority:0], old=null
2022-07-12 21:06:42,866 [grpc-default-executor-3] INFO  server.RaftServer$Division (RaftServerImpl.java:requestVote(1184)) - ac679b26-c737-4eb4-ba39-fe3b144a3424@group-C0EB019A3F66 replies to ELECTION vote request: b88517ff-a734-4baa-8e75-48c6a6d5a3f3<-ac679b26-c737-4eb4-ba39-fe3b144a3424#0:OK-t4. Peer's state: ac679b26-c737-4eb4-ba39-fe3b144a3424@group-C0EB019A3F66:t4, leader=null, voted=b88517ff-a734-4baa-8e75-48c6a6d5a3f3, raftlog=ac679b26-c737-4eb4-ba39-fe3b144a3424@group-C0EB019A3F66-SegmentedRaftLog:OPENED:c-1, conf=-1: [b88517ff-a734-4baa-8e75-48c6a6d5a3f3|rpc:10.1.0.20:38005|dataStream:|priority:1, 6d03a90d-b393-4c2b-aa32-f45668f1c5ca|rpc:10.1.0.20:39877|dataStream:|priority:0, ac679b26-c737-4eb4-ba39-fe3b144a3424|rpc:10.1.0.20:34833|dataStream:|priority:0], old=null
2022-07-12 21:06:42,866 [6d03a90d-b393-4c2b-aa32-f45668f1c5ca-server-thread1] INFO  segmented.SegmentedRaftLogWorker (SegmentedRaftLogWorker.java:startLogSegment(425)) - 6d03a90d-b393-4c2b-aa32-f45668f1c5ca@group-C0EB019A3F66-SegmentedRaftLogWorker: Starting segment from index:0
2022-07-12 21:06:42,869 [ac679b26-c737-4eb4-ba39-fe3b144a3424-server-thread1] INFO  ratis.XceiverServerRatis (XceiverServerRatis.java:handleLeaderChangedNotification(863)) - Leader change notification received for group: group-C0EB019A3F66 with new leaderId: b88517ff-a734-4baa-8e75-48c6a6d5a3f3
2022-07-12 21:06:42,869 [ac679b26-c737-4eb4-ba39-fe3b144a3424-server-thread1] INFO  server.RaftServer$Division (ServerState.java:setLeader(287)) - ac679b26-c737-4eb4-ba39-fe3b144a3424@group-C0EB019A3F66: change Leader from null to b88517ff-a734-4baa-8e75-48c6a6d5a3f3 at term 4 for appendEntries, leader elected after 20945ms
2022-07-12 21:06:42,873 [6d03a90d-b393-4c2b-aa32-f45668f1c5ca@group-C0EB019A3F66-SegmentedRaftLogWorker] INFO  segmented.SegmentedRaftLogWorker (SegmentedRaftLogWorker.java:execute(629)) - 6d03a90d-b393-4c2b-aa32-f45668f1c5ca@group-C0EB019A3F66-SegmentedRaftLogWorker: created new log segment /home/runner/work/ozone/ozone/hadoop-ozone/integration-test/target/test-dir/MiniOzoneClusterImpl-f732ff5a-6050-490e-9ecc-7e3ed1996e94/datanode-0/data/ratis/08541ec7-9ede-4229-bab4-c0eb019a3f66/current/log_inprogress_0
2022-07-12 21:06:42,933 [ac679b26-c737-4eb4-ba39-fe3b144a3424-server-thread1] INFO  server.RaftServer$Division (ServerState.java:setRaftConf(393)) - ac679b26-c737-4eb4-ba39-fe3b144a3424@group-C0EB019A3F66: set configuration 0: [b88517ff-a734-4baa-8e75-48c6a6d5a3f3|rpc:10.1.0.20:38005|dataStream:|priority:1, 6d03a90d-b393-4c2b-aa32-f45668f1c5ca|rpc:10.1.0.20:39877|dataStream:|priority:0, ac679b26-c737-4eb4-ba39-fe3b144a3424|rpc:10.1.0.20:34833|dataStream:|priority:0], old=null
2022-07-12 21:06:42,933 [ac679b26-c737-4eb4-ba39-fe3b144a3424-server-thread1] INFO  segmented.SegmentedRaftLogWorker (SegmentedRaftLogWorker.java:startLogSegment(425)) - ac679b26-c737-4eb4-ba39-fe3b144a3424@group-C0EB019A3F66-SegmentedRaftLogWorker: Starting segment from index:0
2022-07-12 21:06:42,935 [ac679b26-c737-4eb4-ba39-fe3b144a3424@group-C0EB019A3F66-SegmentedRaftLogWorker] INFO  segmented.SegmentedRaftLogWorker (SegmentedRaftLogWorker.java:execute(629)) - ac679b26-c737-4eb4-ba39-fe3b144a3424@group-C0EB019A3F66-SegmentedRaftLogWorker: created new log segment /home/runner/work/ozone/ozone/hadoop-ozone/integration-test/target/test-dir/MiniOzoneClusterImpl-f732ff5a-6050-490e-9ecc-7e3ed1996e94/datanode-2/data/ratis/08541ec7-9ede-4229-bab4-c0eb019a3f66/current/log_inprogress_0
]]></system-out>
  </testcase>
  <testcase name="testListStatusOnLargeDirectory" classname="TestRootedOzoneFileSystem" time="20.453">
    <system-out><![CDATA[2022-07-12 21:07:59,487 [Time-limited test] INFO  rpc.RpcClient (RpcClient.java:createVolume(466)) - Creating Volume: volume80067, with user36539 as owner and space quota set to -1 bytes, counts quota set to -1
2022-07-12 21:07:59,497 [OM StateMachine ApplyTransaction Thread - 0] INFO  volume.OMVolumeCreateRequest (OMVolumeCreateRequest.java:validateAndUpdateCache(195)) - created volume:volume80067 for user:user36539
2022-07-12 21:07:59,498 [Time-limited test] INFO  rpc.RpcClient (RpcClient.java:createBucket(669)) - Creating Bucket: volume80067/bucket85674, with bucket layout LEGACY, runner as owner, Versioning false, Storage Type set to DISK and Encryption set to false 
2022-07-12 21:07:59,500 [OM StateMachine ApplyTransaction Thread - 0] INFO  bucket.OMBucketCreateRequest (OMBucketCreateRequest.java:validateAndUpdateCache(260)) - created bucket: bucket85674 of layout LEGACY in volume: volume80067
]]></system-out>
  </testcase>
  <testcase name="testListStatusOnLargeDirectory" classname="TestRootedOzoneFileSystem" time="23.282">
    <system-out><![CDATA[2022-07-12 21:09:42,340 [Time-limited test] INFO  rpc.RpcClient (RpcClient.java:createVolume(466)) - Creating Volume: volume83520, with user52557 as owner and space quota set to -1 bytes, counts quota set to -1
2022-07-12 21:09:42,344 [IPC Server handler 1 on default port 32899] INFO  volume.OMVolumeCreateRequest (OMVolumeCreateRequest.java:validateAndUpdateCache(195)) - created volume:volume83520 for user:user52557
2022-07-12 21:09:42,345 [Time-limited test] INFO  rpc.RpcClient (RpcClient.java:createBucket(669)) - Creating Bucket: volume83520/bucket76013, with bucket layout LEGACY, runner as owner, Versioning false, Storage Type set to DISK and Encryption set to false 
2022-07-12 21:09:42,345 [IPC Server handler 7 on default port 32899] INFO  bucket.OMBucketCreateRequest (OMBucketCreateRequest.java:validateAndUpdateCache(260)) - created bucket: bucket76013 of layout LEGACY in volume: volume83520
2022-07-12 21:09:42,483 [9ca81a7d-c27a-485e-9d50-743190b649b9@group-C3BB33E871CC-FollowerState] INFO  impl.FollowerState (FollowerState.java:run(143)) - 9ca81a7d-c27a-485e-9d50-743190b649b9@group-C3BB33E871CC-FollowerState: change to CANDIDATE, lastRpcElapsedTime:5139156142ns, electionTimeout:5043ms
2022-07-12 21:09:42,483 [9ca81a7d-c27a-485e-9d50-743190b649b9@group-C3BB33E871CC-FollowerState] INFO  impl.RoleInfo (RoleInfo.java:shutdownFollowerState(110)) - 9ca81a7d-c27a-485e-9d50-743190b649b9: shutdown 9ca81a7d-c27a-485e-9d50-743190b649b9@group-C3BB33E871CC-FollowerState
2022-07-12 21:09:42,484 [9ca81a7d-c27a-485e-9d50-743190b649b9@group-C3BB33E871CC-FollowerState] INFO  server.RaftServer$Division (RaftServerImpl.java:setRole(299)) - 9ca81a7d-c27a-485e-9d50-743190b649b9@group-C3BB33E871CC: changes role from  FOLLOWER to CANDIDATE at term 5 for changeToCandidate
2022-07-12 21:09:42,484 [9ca81a7d-c27a-485e-9d50-743190b649b9@group-C3BB33E871CC-FollowerState] INFO  server.RaftServerConfigKeys (ConfUtils.java:logGet(46)) - raft.server.leaderelection.pre-vote = false (custom)
2022-07-12 21:09:42,484 [9ca81a7d-c27a-485e-9d50-743190b649b9@group-C3BB33E871CC-FollowerState] INFO  impl.RoleInfo (RoleInfo.java:updateAndGet(139)) - 9ca81a7d-c27a-485e-9d50-743190b649b9: start 9ca81a7d-c27a-485e-9d50-743190b649b9@group-C3BB33E871CC-LeaderElection74
2022-07-12 21:09:42,531 [024a366d-d9bd-4389-bd26-fa648e81fb63@group-C3BB33E871CC-FollowerState] INFO  impl.FollowerState (FollowerState.java:run(143)) - 024a366d-d9bd-4389-bd26-fa648e81fb63@group-C3BB33E871CC-FollowerState: change to CANDIDATE, lastRpcElapsedTime:5113271960ns, electionTimeout:5094ms
2022-07-12 21:09:42,531 [024a366d-d9bd-4389-bd26-fa648e81fb63@group-C3BB33E871CC-FollowerState] INFO  impl.RoleInfo (RoleInfo.java:shutdownFollowerState(110)) - 024a366d-d9bd-4389-bd26-fa648e81fb63: shutdown 024a366d-d9bd-4389-bd26-fa648e81fb63@group-C3BB33E871CC-FollowerState
2022-07-12 21:09:42,531 [024a366d-d9bd-4389-bd26-fa648e81fb63@group-C3BB33E871CC-FollowerState] INFO  server.RaftServer$Division (RaftServerImpl.java:setRole(299)) - 024a366d-d9bd-4389-bd26-fa648e81fb63@group-C3BB33E871CC: changes role from  FOLLOWER to CANDIDATE at term 5 for changeToCandidate
2022-07-12 21:09:42,531 [024a366d-d9bd-4389-bd26-fa648e81fb63@group-C3BB33E871CC-FollowerState] INFO  server.RaftServerConfigKeys (ConfUtils.java:logGet(46)) - raft.server.leaderelection.pre-vote = false (custom)
2022-07-12 21:09:42,532 [024a366d-d9bd-4389-bd26-fa648e81fb63@group-C3BB33E871CC-FollowerState] INFO  impl.RoleInfo (RoleInfo.java:updateAndGet(139)) - 024a366d-d9bd-4389-bd26-fa648e81fb63: start 024a366d-d9bd-4389-bd26-fa648e81fb63@group-C3BB33E871CC-LeaderElection75
2022-07-12 21:09:42,561 [76813abd-30d7-4706-b809-3e10cf795ab1@group-C3BB33E871CC-FollowerState] INFO  impl.FollowerState (FollowerState.java:run(143)) - 76813abd-30d7-4706-b809-3e10cf795ab1@group-C3BB33E871CC-FollowerState: change to CANDIDATE, lastRpcElapsedTime:5170144613ns, electionTimeout:5158ms
2022-07-12 21:09:42,561 [76813abd-30d7-4706-b809-3e10cf795ab1@group-C3BB33E871CC-FollowerState] INFO  impl.RoleInfo (RoleInfo.java:shutdownFollowerState(110)) - 76813abd-30d7-4706-b809-3e10cf795ab1: shutdown 76813abd-30d7-4706-b809-3e10cf795ab1@group-C3BB33E871CC-FollowerState
2022-07-12 21:09:42,561 [76813abd-30d7-4706-b809-3e10cf795ab1@group-C3BB33E871CC-FollowerState] INFO  server.RaftServer$Division (RaftServerImpl.java:setRole(299)) - 76813abd-30d7-4706-b809-3e10cf795ab1@group-C3BB33E871CC: changes role from  FOLLOWER to CANDIDATE at term 5 for changeToCandidate
2022-07-12 21:09:42,561 [76813abd-30d7-4706-b809-3e10cf795ab1@group-C3BB33E871CC-FollowerState] INFO  server.RaftServerConfigKeys (ConfUtils.java:logGet(46)) - raft.server.leaderelection.pre-vote = false (custom)
2022-07-12 21:09:42,561 [76813abd-30d7-4706-b809-3e10cf795ab1@group-C3BB33E871CC-FollowerState] INFO  impl.RoleInfo (RoleInfo.java:updateAndGet(139)) - 76813abd-30d7-4706-b809-3e10cf795ab1: start 76813abd-30d7-4706-b809-3e10cf795ab1@group-C3BB33E871CC-LeaderElection76
2022-07-12 21:09:42,591 [9ca81a7d-c27a-485e-9d50-743190b649b9@group-C3BB33E871CC-LeaderElection74] INFO  impl.LeaderElection (LeaderElection.java:askForVotes(310)) - 9ca81a7d-c27a-485e-9d50-743190b649b9@group-C3BB33E871CC-LeaderElection74 ELECTION round 0: submit vote requests at term 6 for -1: [76813abd-30d7-4706-b809-3e10cf795ab1|rpc:10.1.0.20:33965|priority:1, 9ca81a7d-c27a-485e-9d50-743190b649b9|rpc:10.1.0.20:33467|priority:0, 024a366d-d9bd-4389-bd26-fa648e81fb63|rpc:10.1.0.20:34045|priority:0], old=null
2022-07-12 21:09:42,657 [grpc-default-executor-0] INFO  server.RaftServer$Division (RaftServerImpl.java:requestVote(1152)) - 76813abd-30d7-4706-b809-3e10cf795ab1@group-C3BB33E871CC: receive requestVote(ELECTION, 9ca81a7d-c27a-485e-9d50-743190b649b9, group-C3BB33E871CC, 6, (t:0, i:0))
2022-07-12 21:09:42,657 [grpc-default-executor-3] INFO  server.RaftServer$Division (RaftServerImpl.java:requestVote(1152)) - 024a366d-d9bd-4389-bd26-fa648e81fb63@group-C3BB33E871CC: receive requestVote(ELECTION, 9ca81a7d-c27a-485e-9d50-743190b649b9, group-C3BB33E871CC, 6, (t:0, i:0))
2022-07-12 21:09:42,696 [76813abd-30d7-4706-b809-3e10cf795ab1@group-C3BB33E871CC-LeaderElection76] INFO  impl.LeaderElection (LeaderElection.java:askForVotes(310)) - 76813abd-30d7-4706-b809-3e10cf795ab1@group-C3BB33E871CC-LeaderElection76 ELECTION round 0: submit vote requests at term 6 for -1: [76813abd-30d7-4706-b809-3e10cf795ab1|rpc:10.1.0.20:33965|dataStream:|priority:1, 9ca81a7d-c27a-485e-9d50-743190b649b9|rpc:10.1.0.20:33467|dataStream:|priority:0, 024a366d-d9bd-4389-bd26-fa648e81fb63|rpc:10.1.0.20:34045|dataStream:|priority:0], old=null
2022-07-12 21:09:42,696 [grpc-default-executor-0] INFO  impl.VoteContext (VoteContext.java:log(48)) - 76813abd-30d7-4706-b809-3e10cf795ab1@group-C3BB33E871CC-CANDIDATE: reject ELECTION from 9ca81a7d-c27a-485e-9d50-743190b649b9: already has voted for 76813abd-30d7-4706-b809-3e10cf795ab1 at current term 6
2022-07-12 21:09:42,696 [grpc-default-executor-0] INFO  server.RaftServer$Division (RaftServerImpl.java:requestVote(1184)) - 76813abd-30d7-4706-b809-3e10cf795ab1@group-C3BB33E871CC replies to ELECTION vote request: 9ca81a7d-c27a-485e-9d50-743190b649b9<-76813abd-30d7-4706-b809-3e10cf795ab1#0:FAIL-t6. Peer's state: 76813abd-30d7-4706-b809-3e10cf795ab1@group-C3BB33E871CC:t6, leader=null, voted=76813abd-30d7-4706-b809-3e10cf795ab1, raftlog=76813abd-30d7-4706-b809-3e10cf795ab1@group-C3BB33E871CC-SegmentedRaftLog:OPENED:c-1, conf=-1: [76813abd-30d7-4706-b809-3e10cf795ab1|rpc:10.1.0.20:33965|dataStream:|priority:1, 9ca81a7d-c27a-485e-9d50-743190b649b9|rpc:10.1.0.20:33467|dataStream:|priority:0, 024a366d-d9bd-4389-bd26-fa648e81fb63|rpc:10.1.0.20:34045|dataStream:|priority:0], old=null
2022-07-12 21:09:42,698 [024a366d-d9bd-4389-bd26-fa648e81fb63@group-C3BB33E871CC-LeaderElection75] INFO  impl.LeaderElection (LeaderElection.java:askForVotes(310)) - 024a366d-d9bd-4389-bd26-fa648e81fb63@group-C3BB33E871CC-LeaderElection75 ELECTION round 0: submit vote requests at term 6 for -1: [76813abd-30d7-4706-b809-3e10cf795ab1|rpc:10.1.0.20:33965|dataStream:|priority:1, 9ca81a7d-c27a-485e-9d50-743190b649b9|rpc:10.1.0.20:33467|dataStream:|priority:0, 024a366d-d9bd-4389-bd26-fa648e81fb63|rpc:10.1.0.20:34045|dataStream:|priority:0], old=null
2022-07-12 21:09:42,698 [grpc-default-executor-3] INFO  impl.VoteContext (VoteContext.java:log(48)) - 024a366d-d9bd-4389-bd26-fa648e81fb63@group-C3BB33E871CC-CANDIDATE: reject ELECTION from 9ca81a7d-c27a-485e-9d50-743190b649b9: already has voted for 024a366d-d9bd-4389-bd26-fa648e81fb63 at current term 6
2022-07-12 21:09:42,698 [grpc-default-executor-3] INFO  server.RaftServer$Division (RaftServerImpl.java:requestVote(1184)) - 024a366d-d9bd-4389-bd26-fa648e81fb63@group-C3BB33E871CC replies to ELECTION vote request: 9ca81a7d-c27a-485e-9d50-743190b649b9<-024a366d-d9bd-4389-bd26-fa648e81fb63#0:FAIL-t6. Peer's state: 024a366d-d9bd-4389-bd26-fa648e81fb63@group-C3BB33E871CC:t6, leader=null, voted=024a366d-d9bd-4389-bd26-fa648e81fb63, raftlog=024a366d-d9bd-4389-bd26-fa648e81fb63@group-C3BB33E871CC-SegmentedRaftLog:OPENED:c-1, conf=-1: [76813abd-30d7-4706-b809-3e10cf795ab1|rpc:10.1.0.20:33965|dataStream:|priority:1, 9ca81a7d-c27a-485e-9d50-743190b649b9|rpc:10.1.0.20:33467|dataStream:|priority:0, 024a366d-d9bd-4389-bd26-fa648e81fb63|rpc:10.1.0.20:34045|dataStream:|priority:0], old=null
2022-07-12 21:09:42,752 [grpc-default-executor-3] INFO  server.RaftServer$Division (RaftServerImpl.java:requestVote(1152)) - 9ca81a7d-c27a-485e-9d50-743190b649b9@group-C3BB33E871CC: receive requestVote(ELECTION, 76813abd-30d7-4706-b809-3e10cf795ab1, group-C3BB33E871CC, 6, (t:0, i:0))
2022-07-12 21:09:42,752 [grpc-default-executor-3] INFO  impl.VoteContext (VoteContext.java:log(48)) - 9ca81a7d-c27a-485e-9d50-743190b649b9@group-C3BB33E871CC-CANDIDATE: reject ELECTION from 76813abd-30d7-4706-b809-3e10cf795ab1: already has voted for 9ca81a7d-c27a-485e-9d50-743190b649b9 at current term 6
2022-07-12 21:09:42,752 [grpc-default-executor-3] INFO  server.RaftServer$Division (RaftServerImpl.java:requestVote(1184)) - 9ca81a7d-c27a-485e-9d50-743190b649b9@group-C3BB33E871CC replies to ELECTION vote request: 76813abd-30d7-4706-b809-3e10cf795ab1<-9ca81a7d-c27a-485e-9d50-743190b649b9#0:FAIL-t6. Peer's state: 9ca81a7d-c27a-485e-9d50-743190b649b9@group-C3BB33E871CC:t6, leader=null, voted=9ca81a7d-c27a-485e-9d50-743190b649b9, raftlog=9ca81a7d-c27a-485e-9d50-743190b649b9@group-C3BB33E871CC-SegmentedRaftLog:OPENED:c-1, conf=-1: [76813abd-30d7-4706-b809-3e10cf795ab1|rpc:10.1.0.20:33965|priority:1, 9ca81a7d-c27a-485e-9d50-743190b649b9|rpc:10.1.0.20:33467|priority:0, 024a366d-d9bd-4389-bd26-fa648e81fb63|rpc:10.1.0.20:34045|priority:0], old=null
2022-07-12 21:09:42,776 [grpc-default-executor-0] INFO  server.RaftServer$Division (RaftServerImpl.java:requestVote(1152)) - 024a366d-d9bd-4389-bd26-fa648e81fb63@group-C3BB33E871CC: receive requestVote(ELECTION, 76813abd-30d7-4706-b809-3e10cf795ab1, group-C3BB33E871CC, 6, (t:0, i:0))
2022-07-12 21:09:42,776 [grpc-default-executor-0] INFO  impl.VoteContext (VoteContext.java:log(48)) - 024a366d-d9bd-4389-bd26-fa648e81fb63@group-C3BB33E871CC-CANDIDATE: reject ELECTION from 76813abd-30d7-4706-b809-3e10cf795ab1: already has voted for 024a366d-d9bd-4389-bd26-fa648e81fb63 at current term 6
2022-07-12 21:09:42,777 [grpc-default-executor-0] INFO  server.RaftServer$Division (RaftServerImpl.java:requestVote(1184)) - 024a366d-d9bd-4389-bd26-fa648e81fb63@group-C3BB33E871CC replies to ELECTION vote request: 76813abd-30d7-4706-b809-3e10cf795ab1<-024a366d-d9bd-4389-bd26-fa648e81fb63#0:FAIL-t6. Peer's state: 024a366d-d9bd-4389-bd26-fa648e81fb63@group-C3BB33E871CC:t6, leader=null, voted=024a366d-d9bd-4389-bd26-fa648e81fb63, raftlog=024a366d-d9bd-4389-bd26-fa648e81fb63@group-C3BB33E871CC-SegmentedRaftLog:OPENED:c-1, conf=-1: [76813abd-30d7-4706-b809-3e10cf795ab1|rpc:10.1.0.20:33965|dataStream:|priority:1, 9ca81a7d-c27a-485e-9d50-743190b649b9|rpc:10.1.0.20:33467|dataStream:|priority:0, 024a366d-d9bd-4389-bd26-fa648e81fb63|rpc:10.1.0.20:34045|dataStream:|priority:0], old=null
2022-07-12 21:09:42,777 [9ca81a7d-c27a-485e-9d50-743190b649b9@group-C3BB33E871CC-LeaderElection74] INFO  impl.LeaderElection (LeaderElection.java:logAndReturn(90)) - 9ca81a7d-c27a-485e-9d50-743190b649b9@group-C3BB33E871CC-LeaderElection74: ELECTION REJECTED received 2 response(s) and 0 exception(s):
2022-07-12 21:09:42,777 [9ca81a7d-c27a-485e-9d50-743190b649b9@group-C3BB33E871CC-LeaderElection74] INFO  impl.LeaderElection (LeaderElection.java:logAndReturn(94)) -   Response 0: 9ca81a7d-c27a-485e-9d50-743190b649b9<-76813abd-30d7-4706-b809-3e10cf795ab1#0:FAIL-t6
2022-07-12 21:09:42,777 [9ca81a7d-c27a-485e-9d50-743190b649b9@group-C3BB33E871CC-LeaderElection74] INFO  impl.LeaderElection (LeaderElection.java:logAndReturn(94)) -   Response 1: 9ca81a7d-c27a-485e-9d50-743190b649b9<-024a366d-d9bd-4389-bd26-fa648e81fb63#0:FAIL-t6
2022-07-12 21:09:42,777 [9ca81a7d-c27a-485e-9d50-743190b649b9@group-C3BB33E871CC-LeaderElection74] INFO  impl.LeaderElection (LeaderElection.java:askForVotes(312)) - 9ca81a7d-c27a-485e-9d50-743190b649b9@group-C3BB33E871CC-LeaderElection74 ELECTION round 0: result REJECTED
2022-07-12 21:09:42,777 [9ca81a7d-c27a-485e-9d50-743190b649b9@group-C3BB33E871CC-LeaderElection74] INFO  server.RaftServer$Division (RaftServerImpl.java:setRole(299)) - 9ca81a7d-c27a-485e-9d50-743190b649b9@group-C3BB33E871CC: changes role from CANDIDATE to FOLLOWER at term 6 for REJECTED
2022-07-12 21:09:42,777 [9ca81a7d-c27a-485e-9d50-743190b649b9@group-C3BB33E871CC-LeaderElection74] INFO  impl.RoleInfo (RoleInfo.java:shutdownLeaderElection(130)) - 9ca81a7d-c27a-485e-9d50-743190b649b9: shutdown 9ca81a7d-c27a-485e-9d50-743190b649b9@group-C3BB33E871CC-LeaderElection74
2022-07-12 21:09:42,777 [9ca81a7d-c27a-485e-9d50-743190b649b9@group-C3BB33E871CC-LeaderElection74] INFO  impl.RoleInfo (RoleInfo.java:updateAndGet(139)) - 9ca81a7d-c27a-485e-9d50-743190b649b9: start 9ca81a7d-c27a-485e-9d50-743190b649b9@group-C3BB33E871CC-FollowerState
2022-07-12 21:09:42,787 [76813abd-30d7-4706-b809-3e10cf795ab1@group-C3BB33E871CC-LeaderElection76] INFO  impl.LeaderElection (LeaderElection.java:logAndReturn(90)) - 76813abd-30d7-4706-b809-3e10cf795ab1@group-C3BB33E871CC-LeaderElection76: ELECTION REJECTED received 2 response(s) and 0 exception(s):
2022-07-12 21:09:42,787 [76813abd-30d7-4706-b809-3e10cf795ab1@group-C3BB33E871CC-LeaderElection76] INFO  impl.LeaderElection (LeaderElection.java:logAndReturn(94)) -   Response 0: 76813abd-30d7-4706-b809-3e10cf795ab1<-9ca81a7d-c27a-485e-9d50-743190b649b9#0:FAIL-t6
2022-07-12 21:09:42,787 [76813abd-30d7-4706-b809-3e10cf795ab1@group-C3BB33E871CC-LeaderElection76] INFO  impl.LeaderElection (LeaderElection.java:logAndReturn(94)) -   Response 1: 76813abd-30d7-4706-b809-3e10cf795ab1<-024a366d-d9bd-4389-bd26-fa648e81fb63#0:FAIL-t6
2022-07-12 21:09:42,788 [76813abd-30d7-4706-b809-3e10cf795ab1@group-C3BB33E871CC-LeaderElection76] INFO  impl.LeaderElection (LeaderElection.java:askForVotes(312)) - 76813abd-30d7-4706-b809-3e10cf795ab1@group-C3BB33E871CC-LeaderElection76 ELECTION round 0: result REJECTED
2022-07-12 21:09:42,788 [76813abd-30d7-4706-b809-3e10cf795ab1@group-C3BB33E871CC-LeaderElection76] INFO  server.RaftServer$Division (RaftServerImpl.java:setRole(299)) - 76813abd-30d7-4706-b809-3e10cf795ab1@group-C3BB33E871CC: changes role from CANDIDATE to FOLLOWER at term 6 for REJECTED
2022-07-12 21:09:42,788 [76813abd-30d7-4706-b809-3e10cf795ab1@group-C3BB33E871CC-LeaderElection76] INFO  impl.RoleInfo (RoleInfo.java:shutdownLeaderElection(130)) - 76813abd-30d7-4706-b809-3e10cf795ab1: shutdown 76813abd-30d7-4706-b809-3e10cf795ab1@group-C3BB33E871CC-LeaderElection76
2022-07-12 21:09:42,788 [76813abd-30d7-4706-b809-3e10cf795ab1@group-C3BB33E871CC-LeaderElection76] INFO  impl.RoleInfo (RoleInfo.java:updateAndGet(139)) - 76813abd-30d7-4706-b809-3e10cf795ab1: start 76813abd-30d7-4706-b809-3e10cf795ab1@group-C3BB33E871CC-FollowerState
2022-07-12 21:09:42,795 [grpc-default-executor-3] INFO  server.RaftServer$Division (RaftServerImpl.java:requestVote(1152)) - 76813abd-30d7-4706-b809-3e10cf795ab1@group-C3BB33E871CC: receive requestVote(ELECTION, 024a366d-d9bd-4389-bd26-fa648e81fb63, group-C3BB33E871CC, 6, (t:0, i:0))
2022-07-12 21:09:42,795 [grpc-default-executor-3] INFO  impl.VoteContext (VoteContext.java:log(48)) - 76813abd-30d7-4706-b809-3e10cf795ab1@group-C3BB33E871CC-FOLLOWER: reject ELECTION from 024a366d-d9bd-4389-bd26-fa648e81fb63: already has voted for 76813abd-30d7-4706-b809-3e10cf795ab1 at current term 6
2022-07-12 21:09:42,795 [grpc-default-executor-3] INFO  server.RaftServer$Division (RaftServerImpl.java:requestVote(1184)) - 76813abd-30d7-4706-b809-3e10cf795ab1@group-C3BB33E871CC replies to ELECTION vote request: 024a366d-d9bd-4389-bd26-fa648e81fb63<-76813abd-30d7-4706-b809-3e10cf795ab1#0:FAIL-t6. Peer's state: 76813abd-30d7-4706-b809-3e10cf795ab1@group-C3BB33E871CC:t6, leader=null, voted=76813abd-30d7-4706-b809-3e10cf795ab1, raftlog=76813abd-30d7-4706-b809-3e10cf795ab1@group-C3BB33E871CC-SegmentedRaftLog:OPENED:c-1, conf=-1: [76813abd-30d7-4706-b809-3e10cf795ab1|rpc:10.1.0.20:33965|dataStream:|priority:1, 9ca81a7d-c27a-485e-9d50-743190b649b9|rpc:10.1.0.20:33467|dataStream:|priority:0, 024a366d-d9bd-4389-bd26-fa648e81fb63|rpc:10.1.0.20:34045|dataStream:|priority:0], old=null
2022-07-12 21:09:42,795 [grpc-default-executor-0] INFO  server.RaftServer$Division (RaftServerImpl.java:requestVote(1152)) - 9ca81a7d-c27a-485e-9d50-743190b649b9@group-C3BB33E871CC: receive requestVote(ELECTION, 024a366d-d9bd-4389-bd26-fa648e81fb63, group-C3BB33E871CC, 6, (t:0, i:0))
2022-07-12 21:09:42,799 [grpc-default-executor-0] INFO  impl.VoteContext (VoteContext.java:log(48)) - 9ca81a7d-c27a-485e-9d50-743190b649b9@group-C3BB33E871CC-FOLLOWER: reject ELECTION from 024a366d-d9bd-4389-bd26-fa648e81fb63: already has voted for 9ca81a7d-c27a-485e-9d50-743190b649b9 at current term 6
2022-07-12 21:09:42,799 [grpc-default-executor-0] INFO  server.RaftServer$Division (RaftServerImpl.java:requestVote(1184)) - 9ca81a7d-c27a-485e-9d50-743190b649b9@group-C3BB33E871CC replies to ELECTION vote request: 024a366d-d9bd-4389-bd26-fa648e81fb63<-9ca81a7d-c27a-485e-9d50-743190b649b9#0:FAIL-t6. Peer's state: 9ca81a7d-c27a-485e-9d50-743190b649b9@group-C3BB33E871CC:t6, leader=null, voted=9ca81a7d-c27a-485e-9d50-743190b649b9, raftlog=9ca81a7d-c27a-485e-9d50-743190b649b9@group-C3BB33E871CC-SegmentedRaftLog:OPENED:c-1, conf=-1: [76813abd-30d7-4706-b809-3e10cf795ab1|rpc:10.1.0.20:33965|priority:1, 9ca81a7d-c27a-485e-9d50-743190b649b9|rpc:10.1.0.20:33467|priority:0, 024a366d-d9bd-4389-bd26-fa648e81fb63|rpc:10.1.0.20:34045|priority:0], old=null
2022-07-12 21:09:42,827 [024a366d-d9bd-4389-bd26-fa648e81fb63@group-C3BB33E871CC-LeaderElection75] INFO  impl.LeaderElection (LeaderElection.java:logAndReturn(90)) - 024a366d-d9bd-4389-bd26-fa648e81fb63@group-C3BB33E871CC-LeaderElection75: ELECTION REJECTED received 2 response(s) and 0 exception(s):
2022-07-12 21:09:42,827 [024a366d-d9bd-4389-bd26-fa648e81fb63@group-C3BB33E871CC-LeaderElection75] INFO  impl.LeaderElection (LeaderElection.java:logAndReturn(94)) -   Response 0: 024a366d-d9bd-4389-bd26-fa648e81fb63<-76813abd-30d7-4706-b809-3e10cf795ab1#0:FAIL-t6
2022-07-12 21:09:42,827 [024a366d-d9bd-4389-bd26-fa648e81fb63@group-C3BB33E871CC-LeaderElection75] INFO  impl.LeaderElection (LeaderElection.java:logAndReturn(94)) -   Response 1: 024a366d-d9bd-4389-bd26-fa648e81fb63<-9ca81a7d-c27a-485e-9d50-743190b649b9#0:FAIL-t6
2022-07-12 21:09:42,828 [024a366d-d9bd-4389-bd26-fa648e81fb63@group-C3BB33E871CC-LeaderElection75] INFO  impl.LeaderElection (LeaderElection.java:askForVotes(312)) - 024a366d-d9bd-4389-bd26-fa648e81fb63@group-C3BB33E871CC-LeaderElection75 ELECTION round 0: result REJECTED
2022-07-12 21:09:42,828 [024a366d-d9bd-4389-bd26-fa648e81fb63@group-C3BB33E871CC-LeaderElection75] INFO  server.RaftServer$Division (RaftServerImpl.java:setRole(299)) - 024a366d-d9bd-4389-bd26-fa648e81fb63@group-C3BB33E871CC: changes role from CANDIDATE to FOLLOWER at term 6 for REJECTED
2022-07-12 21:09:42,828 [024a366d-d9bd-4389-bd26-fa648e81fb63@group-C3BB33E871CC-LeaderElection75] INFO  impl.RoleInfo (RoleInfo.java:shutdownLeaderElection(130)) - 024a366d-d9bd-4389-bd26-fa648e81fb63: shutdown 024a366d-d9bd-4389-bd26-fa648e81fb63@group-C3BB33E871CC-LeaderElection75
2022-07-12 21:09:42,828 [024a366d-d9bd-4389-bd26-fa648e81fb63@group-C3BB33E871CC-LeaderElection75] INFO  impl.RoleInfo (RoleInfo.java:updateAndGet(139)) - 024a366d-d9bd-4389-bd26-fa648e81fb63: start 024a366d-d9bd-4389-bd26-fa648e81fb63@group-C3BB33E871CC-FollowerState
2022-07-12 21:09:47,823 [76813abd-30d7-4706-b809-3e10cf795ab1@group-C3BB33E871CC-FollowerState] INFO  impl.FollowerState (FollowerState.java:run(143)) - 76813abd-30d7-4706-b809-3e10cf795ab1@group-C3BB33E871CC-FollowerState: change to CANDIDATE, lastRpcElapsedTime:5035626631ns, electionTimeout:5035ms
2022-07-12 21:09:47,823 [76813abd-30d7-4706-b809-3e10cf795ab1@group-C3BB33E871CC-FollowerState] INFO  impl.RoleInfo (RoleInfo.java:shutdownFollowerState(110)) - 76813abd-30d7-4706-b809-3e10cf795ab1: shutdown 76813abd-30d7-4706-b809-3e10cf795ab1@group-C3BB33E871CC-FollowerState
2022-07-12 21:09:47,824 [76813abd-30d7-4706-b809-3e10cf795ab1@group-C3BB33E871CC-FollowerState] INFO  server.RaftServer$Division (RaftServerImpl.java:setRole(299)) - 76813abd-30d7-4706-b809-3e10cf795ab1@group-C3BB33E871CC: changes role from  FOLLOWER to CANDIDATE at term 6 for changeToCandidate
2022-07-12 21:09:47,824 [76813abd-30d7-4706-b809-3e10cf795ab1@group-C3BB33E871CC-FollowerState] INFO  server.RaftServerConfigKeys (ConfUtils.java:logGet(46)) - raft.server.leaderelection.pre-vote = false (custom)
2022-07-12 21:09:47,824 [76813abd-30d7-4706-b809-3e10cf795ab1@group-C3BB33E871CC-FollowerState] INFO  impl.RoleInfo (RoleInfo.java:updateAndGet(139)) - 76813abd-30d7-4706-b809-3e10cf795ab1: start 76813abd-30d7-4706-b809-3e10cf795ab1@group-C3BB33E871CC-LeaderElection77
2022-07-12 21:09:47,862 [024a366d-d9bd-4389-bd26-fa648e81fb63@group-C3BB33E871CC-FollowerState] INFO  impl.FollowerState (FollowerState.java:run(143)) - 024a366d-d9bd-4389-bd26-fa648e81fb63@group-C3BB33E871CC-FollowerState: change to CANDIDATE, lastRpcElapsedTime:5034475165ns, electionTimeout:5010ms
2022-07-12 21:09:47,862 [024a366d-d9bd-4389-bd26-fa648e81fb63@group-C3BB33E871CC-FollowerState] INFO  impl.RoleInfo (RoleInfo.java:shutdownFollowerState(110)) - 024a366d-d9bd-4389-bd26-fa648e81fb63: shutdown 024a366d-d9bd-4389-bd26-fa648e81fb63@group-C3BB33E871CC-FollowerState
2022-07-12 21:09:47,862 [024a366d-d9bd-4389-bd26-fa648e81fb63@group-C3BB33E871CC-FollowerState] INFO  server.RaftServer$Division (RaftServerImpl.java:setRole(299)) - 024a366d-d9bd-4389-bd26-fa648e81fb63@group-C3BB33E871CC: changes role from  FOLLOWER to CANDIDATE at term 6 for changeToCandidate
2022-07-12 21:09:47,862 [024a366d-d9bd-4389-bd26-fa648e81fb63@group-C3BB33E871CC-FollowerState] INFO  server.RaftServerConfigKeys (ConfUtils.java:logGet(46)) - raft.server.leaderelection.pre-vote = false (custom)
2022-07-12 21:09:47,862 [024a366d-d9bd-4389-bd26-fa648e81fb63@group-C3BB33E871CC-FollowerState] INFO  impl.RoleInfo (RoleInfo.java:updateAndGet(139)) - 024a366d-d9bd-4389-bd26-fa648e81fb63: start 024a366d-d9bd-4389-bd26-fa648e81fb63@group-C3BB33E871CC-LeaderElection78
2022-07-12 21:09:47,865 [9ca81a7d-c27a-485e-9d50-743190b649b9@group-C3BB33E871CC-FollowerState] INFO  impl.FollowerState (FollowerState.java:run(143)) - 9ca81a7d-c27a-485e-9d50-743190b649b9@group-C3BB33E871CC-FollowerState: change to CANDIDATE, lastRpcElapsedTime:5088019427ns, electionTimeout:5077ms
2022-07-12 21:09:47,865 [9ca81a7d-c27a-485e-9d50-743190b649b9@group-C3BB33E871CC-FollowerState] INFO  impl.RoleInfo (RoleInfo.java:shutdownFollowerState(110)) - 9ca81a7d-c27a-485e-9d50-743190b649b9: shutdown 9ca81a7d-c27a-485e-9d50-743190b649b9@group-C3BB33E871CC-FollowerState
2022-07-12 21:09:47,865 [9ca81a7d-c27a-485e-9d50-743190b649b9@group-C3BB33E871CC-FollowerState] INFO  server.RaftServer$Division (RaftServerImpl.java:setRole(299)) - 9ca81a7d-c27a-485e-9d50-743190b649b9@group-C3BB33E871CC: changes role from  FOLLOWER to CANDIDATE at term 6 for changeToCandidate
2022-07-12 21:09:47,929 [76813abd-30d7-4706-b809-3e10cf795ab1@group-C3BB33E871CC-LeaderElection77] INFO  impl.LeaderElection (LeaderElection.java:askForVotes(310)) - 76813abd-30d7-4706-b809-3e10cf795ab1@group-C3BB33E871CC-LeaderElection77 ELECTION round 0: submit vote requests at term 7 for -1: [76813abd-30d7-4706-b809-3e10cf795ab1|rpc:10.1.0.20:33965|dataStream:|priority:1, 9ca81a7d-c27a-485e-9d50-743190b649b9|rpc:10.1.0.20:33467|dataStream:|priority:0, 024a366d-d9bd-4389-bd26-fa648e81fb63|rpc:10.1.0.20:34045|dataStream:|priority:0], old=null
2022-07-12 21:09:47,988 [9ca81a7d-c27a-485e-9d50-743190b649b9@group-C3BB33E871CC-FollowerState] INFO  server.RaftServerConfigKeys (ConfUtils.java:logGet(46)) - raft.server.leaderelection.pre-vote = false (custom)
2022-07-12 21:09:47,988 [9ca81a7d-c27a-485e-9d50-743190b649b9@group-C3BB33E871CC-FollowerState] INFO  impl.RoleInfo (RoleInfo.java:updateAndGet(139)) - 9ca81a7d-c27a-485e-9d50-743190b649b9: start 9ca81a7d-c27a-485e-9d50-743190b649b9@group-C3BB33E871CC-LeaderElection79
2022-07-12 21:09:47,989 [024a366d-d9bd-4389-bd26-fa648e81fb63@group-C3BB33E871CC-LeaderElection78] INFO  impl.LeaderElection (LeaderElection.java:askForVotes(310)) - 024a366d-d9bd-4389-bd26-fa648e81fb63@group-C3BB33E871CC-LeaderElection78 ELECTION round 0: submit vote requests at term 7 for -1: [76813abd-30d7-4706-b809-3e10cf795ab1|rpc:10.1.0.20:33965|dataStream:|priority:1, 9ca81a7d-c27a-485e-9d50-743190b649b9|rpc:10.1.0.20:33467|dataStream:|priority:0, 024a366d-d9bd-4389-bd26-fa648e81fb63|rpc:10.1.0.20:34045|dataStream:|priority:0], old=null
2022-07-12 21:09:48,047 [grpc-default-executor-0] INFO  server.RaftServer$Division (RaftServerImpl.java:requestVote(1152)) - 9ca81a7d-c27a-485e-9d50-743190b649b9@group-C3BB33E871CC: receive requestVote(ELECTION, 76813abd-30d7-4706-b809-3e10cf795ab1, group-C3BB33E871CC, 7, (t:0, i:0))
2022-07-12 21:09:48,048 [grpc-default-executor-0] INFO  impl.VoteContext (VoteContext.java:log(48)) - 9ca81a7d-c27a-485e-9d50-743190b649b9@group-C3BB33E871CC-CANDIDATE: accept ELECTION from 76813abd-30d7-4706-b809-3e10cf795ab1: our priority 0 <= candidate's priority 1
2022-07-12 21:09:48,048 [grpc-default-executor-0] INFO  server.RaftServer$Division (RaftServerImpl.java:setRole(299)) - 9ca81a7d-c27a-485e-9d50-743190b649b9@group-C3BB33E871CC: changes role from CANDIDATE to FOLLOWER at term 7 for candidate:76813abd-30d7-4706-b809-3e10cf795ab1
2022-07-12 21:09:48,048 [grpc-default-executor-0] INFO  impl.RoleInfo (RoleInfo.java:shutdownLeaderElection(130)) - 9ca81a7d-c27a-485e-9d50-743190b649b9: shutdown 9ca81a7d-c27a-485e-9d50-743190b649b9@group-C3BB33E871CC-LeaderElection79
2022-07-12 21:09:48,048 [grpc-default-executor-0] INFO  impl.RoleInfo (RoleInfo.java:updateAndGet(139)) - 9ca81a7d-c27a-485e-9d50-743190b649b9: start 9ca81a7d-c27a-485e-9d50-743190b649b9@group-C3BB33E871CC-FollowerState
2022-07-12 21:09:48,048 [grpc-default-executor-3] INFO  server.RaftServer$Division (RaftServerImpl.java:requestVote(1152)) - 024a366d-d9bd-4389-bd26-fa648e81fb63@group-C3BB33E871CC: receive requestVote(ELECTION, 76813abd-30d7-4706-b809-3e10cf795ab1, group-C3BB33E871CC, 7, (t:0, i:0))
2022-07-12 21:09:48,048 [grpc-default-executor-3] INFO  impl.VoteContext (VoteContext.java:log(48)) - 024a366d-d9bd-4389-bd26-fa648e81fb63@group-C3BB33E871CC-CANDIDATE: reject ELECTION from 76813abd-30d7-4706-b809-3e10cf795ab1: already has voted for 024a366d-d9bd-4389-bd26-fa648e81fb63 at current term 7
2022-07-12 21:09:48,048 [grpc-default-executor-3] INFO  server.RaftServer$Division (RaftServerImpl.java:requestVote(1184)) - 024a366d-d9bd-4389-bd26-fa648e81fb63@group-C3BB33E871CC replies to ELECTION vote request: 76813abd-30d7-4706-b809-3e10cf795ab1<-024a366d-d9bd-4389-bd26-fa648e81fb63#0:FAIL-t7. Peer's state: 024a366d-d9bd-4389-bd26-fa648e81fb63@group-C3BB33E871CC:t7, leader=null, voted=024a366d-d9bd-4389-bd26-fa648e81fb63, raftlog=024a366d-d9bd-4389-bd26-fa648e81fb63@group-C3BB33E871CC-SegmentedRaftLog:OPENED:c-1, conf=-1: [76813abd-30d7-4706-b809-3e10cf795ab1|rpc:10.1.0.20:33965|dataStream:|priority:1, 9ca81a7d-c27a-485e-9d50-743190b649b9|rpc:10.1.0.20:33467|dataStream:|priority:0, 024a366d-d9bd-4389-bd26-fa648e81fb63|rpc:10.1.0.20:34045|dataStream:|priority:0], old=null
2022-07-12 21:09:48,058 [grpc-default-executor-0] INFO  server.RaftServer$Division (RaftServerImpl.java:requestVote(1184)) - 9ca81a7d-c27a-485e-9d50-743190b649b9@group-C3BB33E871CC replies to ELECTION vote request: 76813abd-30d7-4706-b809-3e10cf795ab1<-9ca81a7d-c27a-485e-9d50-743190b649b9#0:OK-t7. Peer's state: 9ca81a7d-c27a-485e-9d50-743190b649b9@group-C3BB33E871CC:t7, leader=null, voted=76813abd-30d7-4706-b809-3e10cf795ab1, raftlog=9ca81a7d-c27a-485e-9d50-743190b649b9@group-C3BB33E871CC-SegmentedRaftLog:OPENED:c-1, conf=-1: [76813abd-30d7-4706-b809-3e10cf795ab1|rpc:10.1.0.20:33965|priority:1, 9ca81a7d-c27a-485e-9d50-743190b649b9|rpc:10.1.0.20:33467|priority:0, 024a366d-d9bd-4389-bd26-fa648e81fb63|rpc:10.1.0.20:34045|priority:0], old=null
2022-07-12 21:09:48,088 [9ca81a7d-c27a-485e-9d50-743190b649b9@group-C3BB33E871CC-LeaderElection79] INFO  impl.LeaderElection (LeaderElection.java:run(231)) - 9ca81a7d-c27a-485e-9d50-743190b649b9@group-C3BB33E871CC-LeaderElection79: skip running since this is already CLOSING
2022-07-12 21:09:48,112 [76813abd-30d7-4706-b809-3e10cf795ab1@group-C3BB33E871CC-LeaderElection77] INFO  impl.LeaderElection (LeaderElection.java:logAndReturn(90)) - 76813abd-30d7-4706-b809-3e10cf795ab1@group-C3BB33E871CC-LeaderElection77: ELECTION PASSED received 2 response(s) and 0 exception(s):
2022-07-12 21:09:48,112 [76813abd-30d7-4706-b809-3e10cf795ab1@group-C3BB33E871CC-LeaderElection77] INFO  impl.LeaderElection (LeaderElection.java:logAndReturn(94)) -   Response 0: 76813abd-30d7-4706-b809-3e10cf795ab1<-9ca81a7d-c27a-485e-9d50-743190b649b9#0:OK-t7
2022-07-12 21:09:48,112 [76813abd-30d7-4706-b809-3e10cf795ab1@group-C3BB33E871CC-LeaderElection77] INFO  impl.LeaderElection (LeaderElection.java:logAndReturn(94)) -   Response 1: 76813abd-30d7-4706-b809-3e10cf795ab1<-024a366d-d9bd-4389-bd26-fa648e81fb63#0:FAIL-t7
2022-07-12 21:09:48,112 [76813abd-30d7-4706-b809-3e10cf795ab1@group-C3BB33E871CC-LeaderElection77] INFO  impl.LeaderElection (LeaderElection.java:askForVotes(312)) - 76813abd-30d7-4706-b809-3e10cf795ab1@group-C3BB33E871CC-LeaderElection77 ELECTION round 0: result PASSED
2022-07-12 21:09:48,112 [76813abd-30d7-4706-b809-3e10cf795ab1@group-C3BB33E871CC-LeaderElection77] INFO  impl.RoleInfo (RoleInfo.java:shutdownLeaderElection(130)) - 76813abd-30d7-4706-b809-3e10cf795ab1: shutdown 76813abd-30d7-4706-b809-3e10cf795ab1@group-C3BB33E871CC-LeaderElection77
2022-07-12 21:09:48,112 [76813abd-30d7-4706-b809-3e10cf795ab1@group-C3BB33E871CC-LeaderElection77] INFO  server.RaftServer$Division (RaftServerImpl.java:setRole(299)) - 76813abd-30d7-4706-b809-3e10cf795ab1@group-C3BB33E871CC: changes role from CANDIDATE to LEADER at term 7 for changeToLeader
2022-07-12 21:09:48,112 [76813abd-30d7-4706-b809-3e10cf795ab1@group-C3BB33E871CC-LeaderElection77] INFO  ratis.XceiverServerRatis (XceiverServerRatis.java:handleLeaderChangedNotification(863)) - Leader change notification received for group: group-C3BB33E871CC with new leaderId: 76813abd-30d7-4706-b809-3e10cf795ab1
2022-07-12 21:09:48,112 [grpc-default-executor-0] INFO  server.RaftServer$Division (RaftServerImpl.java:requestVote(1152)) - 76813abd-30d7-4706-b809-3e10cf795ab1@group-C3BB33E871CC: receive requestVote(ELECTION, 024a366d-d9bd-4389-bd26-fa648e81fb63, group-C3BB33E871CC, 7, (t:0, i:0))
2022-07-12 21:09:48,112 [76813abd-30d7-4706-b809-3e10cf795ab1@group-C3BB33E871CC-LeaderElection77] INFO  server.RaftServer$Division (ServerState.java:setLeader(287)) - 76813abd-30d7-4706-b809-3e10cf795ab1@group-C3BB33E871CC: change Leader from null to 76813abd-30d7-4706-b809-3e10cf795ab1 at term 7 for becomeLeader, leader elected after 36795ms
2022-07-12 21:09:48,112 [76813abd-30d7-4706-b809-3e10cf795ab1@group-C3BB33E871CC-LeaderElection77] INFO  server.RaftServerConfigKeys (ConfUtils.java:logGet(46)) - raft.server.staging.catchup.gap = 1000 (default)
2022-07-12 21:09:48,113 [76813abd-30d7-4706-b809-3e10cf795ab1@group-C3BB33E871CC-LeaderElection77] INFO  server.RaftServerConfigKeys (ConfUtils.java:logGet(46)) - raft.server.write.element-limit = 1024 (custom)
2022-07-12 21:09:48,113 [76813abd-30d7-4706-b809-3e10cf795ab1@group-C3BB33E871CC-LeaderElection77] INFO  server.RaftServerConfigKeys (ConfUtils.java:logGet(46)) - raft.server.write.byte-limit = 1024 M (=1073741824) (custom)
2022-07-12 21:09:48,113 [76813abd-30d7-4706-b809-3e10cf795ab1@group-C3BB33E871CC-LeaderElection77] INFO  server.RaftServerConfigKeys (ConfUtils.java:logGet(46)) - raft.server.watch.timeout = 180s (custom)
2022-07-12 21:09:48,113 [76813abd-30d7-4706-b809-3e10cf795ab1@group-C3BB33E871CC-LeaderElection77] INFO  server.RaftServerConfigKeys (ConfUtils.java:logGet(46)) - raft.server.watch.timeout.denomination = 1s (default)
2022-07-12 21:09:48,113 [76813abd-30d7-4706-b809-3e10cf795ab1@group-C3BB33E871CC-LeaderElection77] INFO  server.RaftServerConfigKeys (ConfUtils.java:logGet(46)) - raft.server.watch.element-limit = 65536 (default)
2022-07-12 21:09:48,113 [76813abd-30d7-4706-b809-3e10cf795ab1@group-C3BB33E871CC-LeaderElection77] INFO  server.RaftServerConfigKeys (ConfUtils.java:logGet(46)) - raft.server.write.element-limit = 1024 (custom)
2022-07-12 21:09:48,113 [76813abd-30d7-4706-b809-3e10cf795ab1@group-C3BB33E871CC-LeaderElection77] INFO  server.RaftServerConfigKeys (ConfUtils.java:logGet(46)) - raft.server.write.follower.gap.ratio.max = -1.0 (default)
2022-07-12 21:09:48,114 [76813abd-30d7-4706-b809-3e10cf795ab1@group-C3BB33E871CC-LeaderElection77] INFO  server.RaftServerConfigKeys (ConfUtils.java:logGet(46)) - raft.server.log.appender.snapshot.chunk.size.max = 16MB (=16777216) (default)
2022-07-12 21:09:48,115 [76813abd-30d7-4706-b809-3e10cf795ab1@group-C3BB33E871CC-LeaderElection77] INFO  server.RaftServerConfigKeys (ConfUtils.java:logGet(46)) - raft.server.log.appender.buffer.byte-limit = 33554432 (custom)
2022-07-12 21:09:48,115 [76813abd-30d7-4706-b809-3e10cf795ab1@group-C3BB33E871CC-LeaderElection77] INFO  server.RaftServerConfigKeys (ConfUtils.java:logGet(46)) - raft.server.log.appender.buffer.element-limit = 1 (custom)
2022-07-12 21:09:48,115 [76813abd-30d7-4706-b809-3e10cf795ab1@group-C3BB33E871CC-LeaderElection77] INFO  grpc.GrpcConfigKeys (ConfUtils.java:logGet(46)) - raft.grpc.server.leader.outstanding.appends.max = 128 (default)
2022-07-12 21:09:48,115 [76813abd-30d7-4706-b809-3e10cf795ab1@group-C3BB33E871CC-LeaderElection77] INFO  server.RaftServerConfigKeys (ConfUtils.java:logGet(46)) - raft.server.rpc.request.timeout = 60s (custom)
2022-07-12 21:09:48,115 [76813abd-30d7-4706-b809-3e10cf795ab1@group-C3BB33E871CC-LeaderElection77] INFO  server.RaftServerConfigKeys (ConfUtils.java:logGet(46)) - raft.server.log.appender.install.snapshot.enabled = false (custom)
2022-07-12 21:09:48,117 [76813abd-30d7-4706-b809-3e10cf795ab1@group-C3BB33E871CC-LeaderElection77] INFO  server.RaftServerConfigKeys (ConfUtils.java:logGet(46)) - raft.server.log.appender.snapshot.chunk.size.max = 16MB (=16777216) (default)
2022-07-12 21:09:48,117 [76813abd-30d7-4706-b809-3e10cf795ab1@group-C3BB33E871CC-LeaderElection77] INFO  server.RaftServerConfigKeys (ConfUtils.java:logGet(46)) - raft.server.log.appender.buffer.byte-limit = 33554432 (custom)
2022-07-12 21:09:48,117 [76813abd-30d7-4706-b809-3e10cf795ab1@group-C3BB33E871CC-LeaderElection77] INFO  server.RaftServerConfigKeys (ConfUtils.java:logGet(46)) - raft.server.log.appender.buffer.element-limit = 1 (custom)
2022-07-12 21:09:48,117 [76813abd-30d7-4706-b809-3e10cf795ab1@group-C3BB33E871CC-LeaderElection77] INFO  grpc.GrpcConfigKeys (ConfUtils.java:logGet(46)) - raft.grpc.server.leader.outstanding.appends.max = 128 (default)
2022-07-12 21:09:48,117 [76813abd-30d7-4706-b809-3e10cf795ab1@group-C3BB33E871CC-LeaderElection77] INFO  server.RaftServerConfigKeys (ConfUtils.java:logGet(46)) - raft.server.rpc.request.timeout = 60s (custom)
2022-07-12 21:09:48,117 [76813abd-30d7-4706-b809-3e10cf795ab1@group-C3BB33E871CC-LeaderElection77] INFO  server.RaftServerConfigKeys (ConfUtils.java:logGet(46)) - raft.server.log.appender.install.snapshot.enabled = false (custom)
2022-07-12 21:09:48,118 [76813abd-30d7-4706-b809-3e10cf795ab1@group-C3BB33E871CC-LeaderElection77] INFO  impl.RoleInfo (RoleInfo.java:updateAndGet(139)) - 76813abd-30d7-4706-b809-3e10cf795ab1: start 76813abd-30d7-4706-b809-3e10cf795ab1@group-C3BB33E871CC-LeaderStateImpl
2022-07-12 21:09:48,118 [76813abd-30d7-4706-b809-3e10cf795ab1@group-C3BB33E871CC-LeaderElection77] INFO  segmented.SegmentedRaftLogWorker (SegmentedRaftLogWorker.java:startLogSegment(425)) - 76813abd-30d7-4706-b809-3e10cf795ab1@group-C3BB33E871CC-SegmentedRaftLogWorker: Starting segment from index:0
2022-07-12 21:09:48,127 [76813abd-30d7-4706-b809-3e10cf795ab1@group-C3BB33E871CC-SegmentedRaftLogWorker] INFO  segmented.SegmentedRaftLogWorker (SegmentedRaftLogWorker.java:execute(629)) - 76813abd-30d7-4706-b809-3e10cf795ab1@group-C3BB33E871CC-SegmentedRaftLogWorker: created new log segment /home/runner/work/ozone/ozone/hadoop-ozone/integration-test/target/test-dir/MiniOzoneClusterImpl-97a7afd9-f57e-4952-bd34-49a096582c21/datanode-0/data/ratis/da45c5f5-0c35-43a7-9f85-c3bb33e871cc/current/log_inprogress_0
2022-07-12 21:09:48,137 [EventQueue-PipelineReportForPipelineReportHandler] INFO  pipeline.PipelineManagerImpl (PipelineManagerImpl.java:openPipeline(359)) - Pipeline Pipeline[ Id: da45c5f5-0c35-43a7-9f85-c3bb33e871cc, Nodes: 76813abd-30d7-4706-b809-3e10cf795ab1{ip: 10.1.0.20, host: fv-az452-57.ku3lqr0aiaqu5kfj3xdpchcrvd.dx.internal.cloudapp.net, ports: [REPLICATION=34833, RATIS=33965, RATIS_ADMIN=33965, RATIS_SERVER=33965, STANDALONE=45257], networkLocation: /default-rack, certSerialId: null, persistedOpState: IN_SERVICE, persistedOpStateExpiryEpochSec: 0}9ca81a7d-c27a-485e-9d50-743190b649b9{ip: 10.1.0.20, host: fv-az452-57.ku3lqr0aiaqu5kfj3xdpchcrvd.dx.internal.cloudapp.net, ports: [REPLICATION=33171, RATIS=33467, RATIS_ADMIN=33467, RATIS_SERVER=33467, STANDALONE=33945], networkLocation: /default-rack, certSerialId: null, persistedOpState: IN_SERVICE, persistedOpStateExpiryEpochSec: 0}024a366d-d9bd-4389-bd26-fa648e81fb63{ip: 10.1.0.20, host: fv-az452-57.ku3lqr0aiaqu5kfj3xdpchcrvd.dx.internal.cloudapp.net, ports: [REPLICATION=44895, RATIS=34045, RATIS_ADMIN=34045, RATIS_SERVER=34045, STANDALONE=44955], networkLocation: /default-rack, certSerialId: null, persistedOpState: IN_SERVICE, persistedOpStateExpiryEpochSec: 0}, ReplicationConfig: RATIS/THREE, State:ALLOCATED, leaderId:76813abd-30d7-4706-b809-3e10cf795ab1, CreationTimestamp2022-07-12T21:09:09.659Z[Etc/UTC]] moved to OPEN state
2022-07-12 21:09:48,138 [grpc-default-executor-3] INFO  server.RaftServer$Division (RaftServerImpl.java:requestVote(1152)) - 9ca81a7d-c27a-485e-9d50-743190b649b9@group-C3BB33E871CC: receive requestVote(ELECTION, 024a366d-d9bd-4389-bd26-fa648e81fb63, group-C3BB33E871CC, 7, (t:0, i:0))
2022-07-12 21:09:48,138 [grpc-default-executor-3] INFO  impl.VoteContext (VoteContext.java:log(48)) - 9ca81a7d-c27a-485e-9d50-743190b649b9@group-C3BB33E871CC-FOLLOWER: reject ELECTION from 024a366d-d9bd-4389-bd26-fa648e81fb63: already has voted for 76813abd-30d7-4706-b809-3e10cf795ab1 at current term 7
2022-07-12 21:09:48,138 [grpc-default-executor-3] INFO  server.RaftServer$Division (RaftServerImpl.java:requestVote(1184)) - 9ca81a7d-c27a-485e-9d50-743190b649b9@group-C3BB33E871CC replies to ELECTION vote request: 024a366d-d9bd-4389-bd26-fa648e81fb63<-9ca81a7d-c27a-485e-9d50-743190b649b9#0:FAIL-t7. Peer's state: 9ca81a7d-c27a-485e-9d50-743190b649b9@group-C3BB33E871CC:t7, leader=null, voted=76813abd-30d7-4706-b809-3e10cf795ab1, raftlog=9ca81a7d-c27a-485e-9d50-743190b649b9@group-C3BB33E871CC-SegmentedRaftLog:OPENED:c-1, conf=-1: [76813abd-30d7-4706-b809-3e10cf795ab1|rpc:10.1.0.20:33965|priority:1, 9ca81a7d-c27a-485e-9d50-743190b649b9|rpc:10.1.0.20:33467|priority:0, 024a366d-d9bd-4389-bd26-fa648e81fb63|rpc:10.1.0.20:34045|priority:0], old=null
2022-07-12 21:09:48,221 [76813abd-30d7-4706-b809-3e10cf795ab1@group-C3BB33E871CC-LeaderElection77] INFO  server.RaftServer$Division (ServerState.java:setRaftConf(393)) - 76813abd-30d7-4706-b809-3e10cf795ab1@group-C3BB33E871CC: set configuration 0: [76813abd-30d7-4706-b809-3e10cf795ab1|rpc:10.1.0.20:33965|dataStream:|priority:1, 9ca81a7d-c27a-485e-9d50-743190b649b9|rpc:10.1.0.20:33467|dataStream:|priority:0, 024a366d-d9bd-4389-bd26-fa648e81fb63|rpc:10.1.0.20:34045|dataStream:|priority:0], old=null
2022-07-12 21:09:48,265 [grpc-default-executor-0] INFO  impl.VoteContext (VoteContext.java:log(48)) - 76813abd-30d7-4706-b809-3e10cf795ab1@group-C3BB33E871CC-LEADER: reject ELECTION from 024a366d-d9bd-4389-bd26-fa648e81fb63: already has voted for 76813abd-30d7-4706-b809-3e10cf795ab1 at current term 7
2022-07-12 21:09:48,266 [grpc-default-executor-0] INFO  server.RaftServer$Division (RaftServerImpl.java:requestVote(1184)) - 76813abd-30d7-4706-b809-3e10cf795ab1@group-C3BB33E871CC replies to ELECTION vote request: 024a366d-d9bd-4389-bd26-fa648e81fb63<-76813abd-30d7-4706-b809-3e10cf795ab1#0:FAIL-t7. Peer's state: 76813abd-30d7-4706-b809-3e10cf795ab1@group-C3BB33E871CC:t7, leader=76813abd-30d7-4706-b809-3e10cf795ab1, voted=76813abd-30d7-4706-b809-3e10cf795ab1, raftlog=76813abd-30d7-4706-b809-3e10cf795ab1@group-C3BB33E871CC-SegmentedRaftLog:OPENED:c0, conf=0: [76813abd-30d7-4706-b809-3e10cf795ab1|rpc:10.1.0.20:33965|dataStream:|priority:1, 9ca81a7d-c27a-485e-9d50-743190b649b9|rpc:10.1.0.20:33467|dataStream:|priority:0, 024a366d-d9bd-4389-bd26-fa648e81fb63|rpc:10.1.0.20:34045|dataStream:|priority:0], old=null
2022-07-12 21:09:48,267 [024a366d-d9bd-4389-bd26-fa648e81fb63@group-C3BB33E871CC-LeaderElection78] INFO  impl.LeaderElection (LeaderElection.java:logAndReturn(90)) - 024a366d-d9bd-4389-bd26-fa648e81fb63@group-C3BB33E871CC-LeaderElection78: ELECTION REJECTED received 2 response(s) and 0 exception(s):
2022-07-12 21:09:48,267 [024a366d-d9bd-4389-bd26-fa648e81fb63@group-C3BB33E871CC-LeaderElection78] INFO  impl.LeaderElection (LeaderElection.java:logAndReturn(94)) -   Response 0: 024a366d-d9bd-4389-bd26-fa648e81fb63<-76813abd-30d7-4706-b809-3e10cf795ab1#0:FAIL-t7
2022-07-12 21:09:48,267 [024a366d-d9bd-4389-bd26-fa648e81fb63@group-C3BB33E871CC-LeaderElection78] INFO  impl.LeaderElection (LeaderElection.java:logAndReturn(94)) -   Response 1: 024a366d-d9bd-4389-bd26-fa648e81fb63<-9ca81a7d-c27a-485e-9d50-743190b649b9#0:FAIL-t7
2022-07-12 21:09:48,267 [024a366d-d9bd-4389-bd26-fa648e81fb63@group-C3BB33E871CC-LeaderElection78] INFO  impl.LeaderElection (LeaderElection.java:askForVotes(312)) - 024a366d-d9bd-4389-bd26-fa648e81fb63@group-C3BB33E871CC-LeaderElection78 ELECTION round 0: result REJECTED
2022-07-12 21:09:48,267 [024a366d-d9bd-4389-bd26-fa648e81fb63@group-C3BB33E871CC-LeaderElection78] INFO  server.RaftServer$Division (RaftServerImpl.java:setRole(299)) - 024a366d-d9bd-4389-bd26-fa648e81fb63@group-C3BB33E871CC: changes role from CANDIDATE to FOLLOWER at term 7 for REJECTED
2022-07-12 21:09:48,267 [024a366d-d9bd-4389-bd26-fa648e81fb63@group-C3BB33E871CC-LeaderElection78] INFO  impl.RoleInfo (RoleInfo.java:shutdownLeaderElection(130)) - 024a366d-d9bd-4389-bd26-fa648e81fb63: shutdown 024a366d-d9bd-4389-bd26-fa648e81fb63@group-C3BB33E871CC-LeaderElection78
2022-07-12 21:09:48,267 [024a366d-d9bd-4389-bd26-fa648e81fb63@group-C3BB33E871CC-LeaderElection78] INFO  impl.RoleInfo (RoleInfo.java:updateAndGet(139)) - 024a366d-d9bd-4389-bd26-fa648e81fb63: start 024a366d-d9bd-4389-bd26-fa648e81fb63@group-C3BB33E871CC-FollowerState
2022-07-12 21:09:48,268 [9ca81a7d-c27a-485e-9d50-743190b649b9-server-thread1] INFO  ratis.XceiverServerRatis (XceiverServerRatis.java:handleLeaderChangedNotification(863)) - Leader change notification received for group: group-C3BB33E871CC with new leaderId: 76813abd-30d7-4706-b809-3e10cf795ab1
2022-07-12 21:09:48,271 [9ca81a7d-c27a-485e-9d50-743190b649b9-server-thread1] INFO  server.RaftServer$Division (ServerState.java:setLeader(287)) - 9ca81a7d-c27a-485e-9d50-743190b649b9@group-C3BB33E871CC: change Leader from null to 76813abd-30d7-4706-b809-3e10cf795ab1 at term 7 for appendEntries, leader elected after 37164ms
2022-07-12 21:09:48,333 [024a366d-d9bd-4389-bd26-fa648e81fb63-server-thread1] INFO  ratis.XceiverServerRatis (XceiverServerRatis.java:handleLeaderChangedNotification(863)) - Leader change notification received for group: group-C3BB33E871CC with new leaderId: 76813abd-30d7-4706-b809-3e10cf795ab1
2022-07-12 21:09:48,334 [024a366d-d9bd-4389-bd26-fa648e81fb63-server-thread1] INFO  server.RaftServer$Division (ServerState.java:setLeader(287)) - 024a366d-d9bd-4389-bd26-fa648e81fb63@group-C3BB33E871CC: change Leader from null to 76813abd-30d7-4706-b809-3e10cf795ab1 at term 7 for appendEntries, leader elected after 36705ms
2022-07-12 21:09:48,476 [9ca81a7d-c27a-485e-9d50-743190b649b9-server-thread1] INFO  server.RaftServer$Division (ServerState.java:setRaftConf(393)) - 9ca81a7d-c27a-485e-9d50-743190b649b9@group-C3BB33E871CC: set configuration 0: [76813abd-30d7-4706-b809-3e10cf795ab1|rpc:10.1.0.20:33965|dataStream:|priority:1, 9ca81a7d-c27a-485e-9d50-743190b649b9|rpc:10.1.0.20:33467|dataStream:|priority:0, 024a366d-d9bd-4389-bd26-fa648e81fb63|rpc:10.1.0.20:34045|dataStream:|priority:0], old=null
2022-07-12 21:09:48,476 [9ca81a7d-c27a-485e-9d50-743190b649b9-server-thread1] INFO  segmented.SegmentedRaftLogWorker (SegmentedRaftLogWorker.java:startLogSegment(425)) - 9ca81a7d-c27a-485e-9d50-743190b649b9@group-C3BB33E871CC-SegmentedRaftLogWorker: Starting segment from index:0
2022-07-12 21:09:48,476 [024a366d-d9bd-4389-bd26-fa648e81fb63-server-thread1] INFO  server.RaftServer$Division (ServerState.java:setRaftConf(393)) - 024a366d-d9bd-4389-bd26-fa648e81fb63@group-C3BB33E871CC: set configuration 0: [76813abd-30d7-4706-b809-3e10cf795ab1|rpc:10.1.0.20:33965|dataStream:|priority:1, 9ca81a7d-c27a-485e-9d50-743190b649b9|rpc:10.1.0.20:33467|dataStream:|priority:0, 024a366d-d9bd-4389-bd26-fa648e81fb63|rpc:10.1.0.20:34045|dataStream:|priority:0], old=null
2022-07-12 21:09:48,477 [024a366d-d9bd-4389-bd26-fa648e81fb63-server-thread1] INFO  segmented.SegmentedRaftLogWorker (SegmentedRaftLogWorker.java:startLogSegment(425)) - 024a366d-d9bd-4389-bd26-fa648e81fb63@group-C3BB33E871CC-SegmentedRaftLogWorker: Starting segment from index:0
2022-07-12 21:09:48,482 [024a366d-d9bd-4389-bd26-fa648e81fb63@group-C3BB33E871CC-SegmentedRaftLogWorker] INFO  segmented.SegmentedRaftLogWorker (SegmentedRaftLogWorker.java:execute(629)) - 024a366d-d9bd-4389-bd26-fa648e81fb63@group-C3BB33E871CC-SegmentedRaftLogWorker: created new log segment /home/runner/work/ozone/ozone/hadoop-ozone/integration-test/target/test-dir/MiniOzoneClusterImpl-97a7afd9-f57e-4952-bd34-49a096582c21/datanode-2/data/ratis/da45c5f5-0c35-43a7-9f85-c3bb33e871cc/current/log_inprogress_0
2022-07-12 21:09:48,483 [9ca81a7d-c27a-485e-9d50-743190b649b9@group-C3BB33E871CC-SegmentedRaftLogWorker] INFO  segmented.SegmentedRaftLogWorker (SegmentedRaftLogWorker.java:execute(629)) - 9ca81a7d-c27a-485e-9d50-743190b649b9@group-C3BB33E871CC-SegmentedRaftLogWorker: created new log segment /home/runner/work/ozone/ozone/hadoop-ozone/integration-test/target/test-dir/MiniOzoneClusterImpl-97a7afd9-f57e-4952-bd34-49a096582c21/datanode-1/data/ratis/da45c5f5-0c35-43a7-9f85-c3bb33e871cc/current/log_inprogress_0
2022-07-12 21:09:59,074 [IPC Server handler 18 on default port 46379] INFO  ha.SequenceIdGenerator (SequenceIdGenerator.java:getNextId(128)) - Allocate a batch for delTxnId, change lastId from 0 to 1000.
]]></system-out>
  </testcase>
  <testcase name="testRenameToDifferentBucket" classname="TestRootedOzoneFileSystem" time="0.079">
    <system-out><![CDATA[2022-07-12 21:04:26,198 [Time-limited test] INFO  rpc.RpcClient (RpcClient.java:createVolume(466)) - Creating Volume: volume35542, with user63607 as owner and space quota set to -1 bytes, counts quota set to -1
2022-07-12 21:04:26,201 [OM StateMachine ApplyTransaction Thread - 0] INFO  volume.OMVolumeCreateRequest (OMVolumeCreateRequest.java:validateAndUpdateCache(195)) - created volume:volume35542 for user:user63607
2022-07-12 21:04:26,202 [Time-limited test] INFO  rpc.RpcClient (RpcClient.java:createBucket(669)) - Creating Bucket: volume35542/bucket58478, with bucket layout LEGACY, runner as owner, Versioning false, Storage Type set to DISK and Encryption set to false 
2022-07-12 21:04:26,204 [OM StateMachine ApplyTransaction Thread - 0] INFO  bucket.OMBucketCreateRequest (OMBucketCreateRequest.java:validateAndUpdateCache(260)) - created bucket: bucket58478 of layout LEGACY in volume: volume35542
]]></system-out>
  </testcase>
  <testcase name="testRenameToDifferentBucket" classname="TestRootedOzoneFileSystem" time="0.121">
    <system-out><![CDATA[2022-07-12 21:05:35,675 [Time-limited test] INFO  rpc.RpcClient (RpcClient.java:createVolume(466)) - Creating Volume: volume95517, with user47210 as owner and space quota set to -1 bytes, counts quota set to -1
2022-07-12 21:05:35,692 [OM StateMachine ApplyTransaction Thread - 0] INFO  volume.OMVolumeCreateRequest (OMVolumeCreateRequest.java:validateAndUpdateCache(195)) - created volume:volume95517 for user:user47210
2022-07-12 21:05:35,696 [Time-limited test] INFO  rpc.RpcClient (RpcClient.java:createBucket(669)) - Creating Bucket: volume95517/bucket02772, with bucket layout LEGACY, runner as owner, Versioning false, Storage Type set to DISK and Encryption set to false 
2022-07-12 21:05:35,697 [OM StateMachine ApplyTransaction Thread - 0] INFO  bucket.OMBucketCreateRequest (OMBucketCreateRequest.java:validateAndUpdateCache(260)) - created bucket: bucket02772 of layout LEGACY in volume: volume95517
]]></system-out>
  </testcase>
  <testcase name="testRenameToDifferentBucket" classname="TestRootedOzoneFileSystem" time="0.163">
    <system-out><![CDATA[2022-07-12 21:06:51,737 [Time-limited test] INFO  rpc.RpcClient (RpcClient.java:createVolume(466)) - Creating Volume: volume98701, with user97935 as owner and space quota set to -1 bytes, counts quota set to -1
2022-07-12 21:06:51,744 [IPC Server handler 19 on default port 37581] INFO  volume.OMVolumeCreateRequest (OMVolumeCreateRequest.java:validateAndUpdateCache(195)) - created volume:volume98701 for user:user97935
2022-07-12 21:06:51,746 [Time-limited test] INFO  rpc.RpcClient (RpcClient.java:createBucket(669)) - Creating Bucket: volume98701/bucket60450, with bucket layout LEGACY, runner as owner, Versioning false, Storage Type set to DISK and Encryption set to false 
2022-07-12 21:06:51,746 [IPC Server handler 5 on default port 37581] INFO  bucket.OMBucketCreateRequest (OMBucketCreateRequest.java:validateAndUpdateCache(260)) - created bucket: bucket60450 of layout LEGACY in volume: volume98701
]]></system-out>
  </testcase>
  <testcase name="testRenameToDifferentBucket" classname="TestRootedOzoneFileSystem" time="0.223">
    <system-out><![CDATA[2022-07-12 21:08:19,943 [Time-limited test] INFO  rpc.RpcClient (RpcClient.java:createVolume(466)) - Creating Volume: volume35273, with user49073 as owner and space quota set to -1 bytes, counts quota set to -1
2022-07-12 21:08:19,964 [OM StateMachine ApplyTransaction Thread - 0] INFO  volume.OMVolumeCreateRequest (OMVolumeCreateRequest.java:validateAndUpdateCache(195)) - created volume:volume35273 for user:user49073
2022-07-12 21:08:19,972 [Time-limited test] INFO  rpc.RpcClient (RpcClient.java:createBucket(669)) - Creating Bucket: volume35273/bucket61614, with bucket layout LEGACY, runner as owner, Versioning false, Storage Type set to DISK and Encryption set to false 
2022-07-12 21:08:19,977 [OM StateMachine ApplyTransaction Thread - 0] INFO  bucket.OMBucketCreateRequest (OMBucketCreateRequest.java:validateAndUpdateCache(260)) - created bucket: bucket61614 of layout LEGACY in volume: volume35273
]]></system-out>
  </testcase>
  <testcase name="testRenameToDifferentBucket" classname="TestRootedOzoneFileSystem" time="0.249">
    <system-out><![CDATA[2022-07-12 21:10:05,597 [Time-limited test] INFO  rpc.RpcClient (RpcClient.java:createVolume(466)) - Creating Volume: volume06913, with user51397 as owner and space quota set to -1 bytes, counts quota set to -1
2022-07-12 21:10:05,598 [IPC Server handler 10 on default port 32899] INFO  volume.OMVolumeCreateRequest (OMVolumeCreateRequest.java:validateAndUpdateCache(195)) - created volume:volume06913 for user:user51397
2022-07-12 21:10:05,599 [Time-limited test] INFO  rpc.RpcClient (RpcClient.java:createBucket(669)) - Creating Bucket: volume06913/bucket15382, with bucket layout LEGACY, runner as owner, Versioning false, Storage Type set to DISK and Encryption set to false 
2022-07-12 21:10:05,600 [IPC Server handler 6 on default port 32899] INFO  bucket.OMBucketCreateRequest (OMBucketCreateRequest.java:validateAndUpdateCache(260)) - created bucket: bucket15382 of layout LEGACY in volume: volume06913
]]></system-out>
  </testcase>
  <testcase name="testBucketDefaultsShouldBeInheritedToFileForEC" classname="TestRootedOzoneFileSystem" time="0.928">
    <system-out><![CDATA[2022-07-12 21:04:26,266 [Time-limited test] INFO  rpc.RpcClient (RpcClient.java:createVolume(466)) - Creating Volume: volume44305, with user92052 as owner and space quota set to -1 bytes, counts quota set to -1
2022-07-12 21:04:26,268 [OM StateMachine ApplyTransaction Thread - 0] INFO  volume.OMVolumeCreateRequest (OMVolumeCreateRequest.java:validateAndUpdateCache(195)) - created volume:volume44305 for user:user92052
2022-07-12 21:04:26,271 [Time-limited test] INFO  rpc.RpcClient (RpcClient.java:createBucket(669)) - Creating Bucket: volume44305/bucket18830, with bucket layout LEGACY, runner as owner, Versioning false, Storage Type set to DISK and Encryption set to false 
2022-07-12 21:04:26,273 [OM StateMachine ApplyTransaction Thread - 0] INFO  bucket.OMBucketCreateRequest (OMBucketCreateRequest.java:validateAndUpdateCache(260)) - created bucket: bucket18830 of layout LEGACY in volume: volume44305
2022-07-12 21:04:26,298 [Time-limited test] INFO  rpc.RpcClient (RpcClient.java:createVolume(466)) - Creating Volume: 026332f4-7cc9-4cae-bbdb-6b2a4beeb4ac, with user15842 as owner and space quota set to -1 bytes, counts quota set to -1
2022-07-12 21:04:26,300 [OM StateMachine ApplyTransaction Thread - 0] INFO  volume.OMVolumeCreateRequest (OMVolumeCreateRequest.java:validateAndUpdateCache(195)) - created volume:026332f4-7cc9-4cae-bbdb-6b2a4beeb4ac for user:user15842
2022-07-12 21:04:26,301 [Time-limited test] INFO  rpc.RpcClient (RpcClient.java:createBucket(669)) - Creating Bucket: 026332f4-7cc9-4cae-bbdb-6b2a4beeb4ac/69deae10-ceb6-49db-9802-f205561dd63b, with bucket layout LEGACY, runner as owner, Versioning false, Storage Type set to DISK and Encryption set to false 
2022-07-12 21:04:26,305 [OM StateMachine ApplyTransaction Thread - 0] INFO  bucket.OMBucketCreateRequest (OMBucketCreateRequest.java:validateAndUpdateCache(260)) - created bucket: 69deae10-ceb6-49db-9802-f205561dd63b of layout LEGACY in volume: 026332f4-7cc9-4cae-bbdb-6b2a4beeb4ac
2022-07-12 21:04:26,312 [IPC Server handler 8 on default port 39995] INFO  pipeline.PipelineStateManagerImpl (PipelineStateManagerImpl.java:addPipeline(103)) - Created pipeline Pipeline[ Id: 4fc0aff1-9ca8-4cba-988f-6807152f9b92, Nodes: a2583cd9-0c52-4aa7-80e6-e7269a14a582{ip: 10.1.0.20, host: fv-az452-57.ku3lqr0aiaqu5kfj3xdpchcrvd.dx.internal.cloudapp.net, ports: [REPLICATION=44645, RATIS=44379, RATIS_ADMIN=44379, RATIS_SERVER=44379, STANDALONE=37647], networkLocation: /default-rack, certSerialId: null, persistedOpState: null, persistedOpStateExpiryEpochSec: 0}7b64d61e-992d-46f7-bdd8-85e232d42a6f{ip: 10.1.0.20, host: fv-az452-57.ku3lqr0aiaqu5kfj3xdpchcrvd.dx.internal.cloudapp.net, ports: [REPLICATION=35039, RATIS=38563, RATIS_ADMIN=38563, RATIS_SERVER=38563, STANDALONE=34815], networkLocation: /default-rack, certSerialId: null, persistedOpState: null, persistedOpStateExpiryEpochSec: 0}b9db4bf7-af66-49a0-9c75-3548e23876bf{ip: 10.1.0.20, host: fv-az452-57.ku3lqr0aiaqu5kfj3xdpchcrvd.dx.internal.cloudapp.net, ports: [REPLICATION=34001, RATIS=39019, RATIS_ADMIN=39019, RATIS_SERVER=39019, STANDALONE=34003], networkLocation: /default-rack, certSerialId: null, persistedOpState: null, persistedOpStateExpiryEpochSec: 0}046fb0e2-bb03-40db-8ebc-6f41cc3991b2{ip: 10.1.0.20, host: fv-az452-57.ku3lqr0aiaqu5kfj3xdpchcrvd.dx.internal.cloudapp.net, ports: [REPLICATION=39015, RATIS=36213, RATIS_ADMIN=36213, RATIS_SERVER=36213, STANDALONE=37525], networkLocation: /default-rack, certSerialId: null, persistedOpState: null, persistedOpStateExpiryEpochSec: 0}b22e6e25-1e95-4e3d-b66d-658eeab2c33a{ip: 10.1.0.20, host: fv-az452-57.ku3lqr0aiaqu5kfj3xdpchcrvd.dx.internal.cloudapp.net, ports: [REPLICATION=43729, RATIS=45285, RATIS_ADMIN=45285, RATIS_SERVER=45285, STANDALONE=46647], networkLocation: /default-rack, certSerialId: null, persistedOpState: null, persistedOpStateExpiryEpochSec: 0}, ReplicationConfig: EC/ECReplicationConfig{data=3, parity=2, ecChunkSize=1024, codec=rs}, State:ALLOCATED, leaderId:, CreationTimestamp2022-07-12T21:04:26.311Z[Etc/UTC]].
2022-07-12 21:04:26,313 [IPC Server handler 8 on default port 39995] INFO  pipeline.PipelineManagerImpl (PipelineManagerImpl.java:openPipeline(359)) - Pipeline Pipeline[ Id: 4fc0aff1-9ca8-4cba-988f-6807152f9b92, Nodes: a2583cd9-0c52-4aa7-80e6-e7269a14a582{ip: 10.1.0.20, host: fv-az452-57.ku3lqr0aiaqu5kfj3xdpchcrvd.dx.internal.cloudapp.net, ports: [REPLICATION=44645, RATIS=44379, RATIS_ADMIN=44379, RATIS_SERVER=44379, STANDALONE=37647], networkLocation: /default-rack, certSerialId: null, persistedOpState: null, persistedOpStateExpiryEpochSec: 0}7b64d61e-992d-46f7-bdd8-85e232d42a6f{ip: 10.1.0.20, host: fv-az452-57.ku3lqr0aiaqu5kfj3xdpchcrvd.dx.internal.cloudapp.net, ports: [REPLICATION=35039, RATIS=38563, RATIS_ADMIN=38563, RATIS_SERVER=38563, STANDALONE=34815], networkLocation: /default-rack, certSerialId: null, persistedOpState: null, persistedOpStateExpiryEpochSec: 0}b9db4bf7-af66-49a0-9c75-3548e23876bf{ip: 10.1.0.20, host: fv-az452-57.ku3lqr0aiaqu5kfj3xdpchcrvd.dx.internal.cloudapp.net, ports: [REPLICATION=34001, RATIS=39019, RATIS_ADMIN=39019, RATIS_SERVER=39019, STANDALONE=34003], networkLocation: /default-rack, certSerialId: null, persistedOpState: null, persistedOpStateExpiryEpochSec: 0}046fb0e2-bb03-40db-8ebc-6f41cc3991b2{ip: 10.1.0.20, host: fv-az452-57.ku3lqr0aiaqu5kfj3xdpchcrvd.dx.internal.cloudapp.net, ports: [REPLICATION=39015, RATIS=36213, RATIS_ADMIN=36213, RATIS_SERVER=36213, STANDALONE=37525], networkLocation: /default-rack, certSerialId: null, persistedOpState: null, persistedOpStateExpiryEpochSec: 0}b22e6e25-1e95-4e3d-b66d-658eeab2c33a{ip: 10.1.0.20, host: fv-az452-57.ku3lqr0aiaqu5kfj3xdpchcrvd.dx.internal.cloudapp.net, ports: [REPLICATION=43729, RATIS=45285, RATIS_ADMIN=45285, RATIS_SERVER=45285, STANDALONE=46647], networkLocation: /default-rack, certSerialId: null, persistedOpState: null, persistedOpStateExpiryEpochSec: 0}, ReplicationConfig: EC/ECReplicationConfig{data=3, parity=2, ecChunkSize=1024, codec=rs}, State:ALLOCATED, leaderId:, CreationTimestamp2022-07-12T21:04:26.311Z[Etc/UTC]] moved to OPEN state
2022-07-12 21:04:26,363 [Time-limited test] WARN  erasurecode.ErasureCodeNative (ErasureCodeNative.java:<clinit>(55)) - ISA-L support is not available in your platform... using builtin-java codec where applicable
2022-07-12 21:04:26,774 [org.apache.ratis.util.JvmPauseMonitor$$Lambda$613/1050667922@445b5cec] WARN  util.JvmPauseMonitor (JvmPauseMonitor.java:detectPause(124)) - JvmPauseMonitor-b9db4bf7-af66-49a0-9c75-3548e23876bf: Detected pause in JVM or host machine (eg GC): pause of approximately 211630025ns.
GC pool 'PS MarkSweep' had collection(s): count=1 time=204ms
GC pool 'PS Scavenge' had collection(s): count=1 time=63ms
2022-07-12 21:04:26,775 [org.apache.ratis.util.JvmPauseMonitor$$Lambda$613/1050667922@4b52e9cc] WARN  util.JvmPauseMonitor (JvmPauseMonitor.java:detectPause(124)) - JvmPauseMonitor-om1: Detected pause in JVM or host machine (eg GC): pause of approximately 266829262ns.
GC pool 'PS MarkSweep' had collection(s): count=1 time=204ms
GC pool 'PS Scavenge' had collection(s): count=1 time=63ms
]]></system-out>
  </testcase>
  <testcase name="testBucketDefaultsShouldBeInheritedToFileForEC" classname="TestRootedOzoneFileSystem" time="1.079">
    <system-out><![CDATA[2022-07-12 21:05:35,794 [Time-limited test] INFO  rpc.RpcClient (RpcClient.java:createVolume(466)) - Creating Volume: volume53198, with user76462 as owner and space quota set to -1 bytes, counts quota set to -1
2022-07-12 21:05:35,796 [OM StateMachine ApplyTransaction Thread - 0] INFO  volume.OMVolumeCreateRequest (OMVolumeCreateRequest.java:validateAndUpdateCache(195)) - created volume:volume53198 for user:user76462
2022-07-12 21:05:35,797 [Time-limited test] INFO  rpc.RpcClient (RpcClient.java:createBucket(669)) - Creating Bucket: volume53198/bucket04610, with bucket layout LEGACY, runner as owner, Versioning false, Storage Type set to DISK and Encryption set to false 
2022-07-12 21:05:35,799 [OM StateMachine ApplyTransaction Thread - 0] INFO  bucket.OMBucketCreateRequest (OMBucketCreateRequest.java:validateAndUpdateCache(260)) - created bucket: bucket04610 of layout LEGACY in volume: volume53198
2022-07-12 21:05:35,876 [Time-limited test] INFO  rpc.RpcClient (RpcClient.java:createVolume(466)) - Creating Volume: 70304ba0-987e-47fa-8d1c-56c01aa1c95f, with user84493 as owner and space quota set to -1 bytes, counts quota set to -1
2022-07-12 21:05:35,878 [OM StateMachine ApplyTransaction Thread - 0] INFO  volume.OMVolumeCreateRequest (OMVolumeCreateRequest.java:validateAndUpdateCache(195)) - created volume:70304ba0-987e-47fa-8d1c-56c01aa1c95f for user:user84493
2022-07-12 21:05:35,879 [Time-limited test] INFO  rpc.RpcClient (RpcClient.java:createBucket(669)) - Creating Bucket: 70304ba0-987e-47fa-8d1c-56c01aa1c95f/6a8f534d-59fc-4c7f-9259-c48125f0b834, with bucket layout LEGACY, runner as owner, Versioning false, Storage Type set to DISK and Encryption set to false 
2022-07-12 21:05:35,882 [OM StateMachine ApplyTransaction Thread - 0] INFO  bucket.OMBucketCreateRequest (OMBucketCreateRequest.java:validateAndUpdateCache(260)) - created bucket: 6a8f534d-59fc-4c7f-9259-c48125f0b834 of layout LEGACY in volume: 70304ba0-987e-47fa-8d1c-56c01aa1c95f
2022-07-12 21:05:35,887 [IPC Server handler 11 on default port 44993] INFO  pipeline.PipelineStateManagerImpl (PipelineStateManagerImpl.java:addPipeline(103)) - Created pipeline Pipeline[ Id: e7584863-ec4f-430b-9385-0fd73558cc2a, Nodes: e0395122-a850-434f-9bbf-3f60ac82720c{ip: 10.1.0.20, host: fv-az452-57.ku3lqr0aiaqu5kfj3xdpchcrvd.dx.internal.cloudapp.net, ports: [REPLICATION=43939, RATIS=38137, RATIS_ADMIN=38137, RATIS_SERVER=38137, STANDALONE=41633], networkLocation: /default-rack, certSerialId: null, persistedOpState: null, persistedOpStateExpiryEpochSec: 0}c45d84f2-9958-4641-906c-b1d7f28512e6{ip: 10.1.0.20, host: fv-az452-57.ku3lqr0aiaqu5kfj3xdpchcrvd.dx.internal.cloudapp.net, ports: [REPLICATION=40477, RATIS=40679, RATIS_ADMIN=40679, RATIS_SERVER=40679, STANDALONE=43967], networkLocation: /default-rack, certSerialId: null, persistedOpState: null, persistedOpStateExpiryEpochSec: 0}f5c54527-7221-49d9-b9b4-cc0a1023d383{ip: 10.1.0.20, host: fv-az452-57.ku3lqr0aiaqu5kfj3xdpchcrvd.dx.internal.cloudapp.net, ports: [REPLICATION=37415, RATIS=37817, RATIS_ADMIN=37817, RATIS_SERVER=37817, STANDALONE=43931], networkLocation: /default-rack, certSerialId: null, persistedOpState: null, persistedOpStateExpiryEpochSec: 0}78fcb3e9-d6c5-4f6f-a049-b9f080c7e3b8{ip: 10.1.0.20, host: fv-az452-57.ku3lqr0aiaqu5kfj3xdpchcrvd.dx.internal.cloudapp.net, ports: [REPLICATION=46095, RATIS=41539, RATIS_ADMIN=41539, RATIS_SERVER=41539, STANDALONE=44681], networkLocation: /default-rack, certSerialId: null, persistedOpState: null, persistedOpStateExpiryEpochSec: 0}c0705ae6-2331-49ba-9982-fffa5d94ae7b{ip: 10.1.0.20, host: fv-az452-57.ku3lqr0aiaqu5kfj3xdpchcrvd.dx.internal.cloudapp.net, ports: [REPLICATION=45511, RATIS=42627, RATIS_ADMIN=42627, RATIS_SERVER=42627, STANDALONE=37947], networkLocation: /default-rack, certSerialId: null, persistedOpState: null, persistedOpStateExpiryEpochSec: 0}, ReplicationConfig: EC/ECReplicationConfig{data=3, parity=2, ecChunkSize=1024, codec=rs}, State:ALLOCATED, leaderId:, CreationTimestamp2022-07-12T21:05:35.885Z[Etc/UTC]].
2022-07-12 21:05:35,888 [IPC Server handler 11 on default port 44993] INFO  pipeline.PipelineManagerImpl (PipelineManagerImpl.java:openPipeline(359)) - Pipeline Pipeline[ Id: e7584863-ec4f-430b-9385-0fd73558cc2a, Nodes: e0395122-a850-434f-9bbf-3f60ac82720c{ip: 10.1.0.20, host: fv-az452-57.ku3lqr0aiaqu5kfj3xdpchcrvd.dx.internal.cloudapp.net, ports: [REPLICATION=43939, RATIS=38137, RATIS_ADMIN=38137, RATIS_SERVER=38137, STANDALONE=41633], networkLocation: /default-rack, certSerialId: null, persistedOpState: null, persistedOpStateExpiryEpochSec: 0}c45d84f2-9958-4641-906c-b1d7f28512e6{ip: 10.1.0.20, host: fv-az452-57.ku3lqr0aiaqu5kfj3xdpchcrvd.dx.internal.cloudapp.net, ports: [REPLICATION=40477, RATIS=40679, RATIS_ADMIN=40679, RATIS_SERVER=40679, STANDALONE=43967], networkLocation: /default-rack, certSerialId: null, persistedOpState: null, persistedOpStateExpiryEpochSec: 0}f5c54527-7221-49d9-b9b4-cc0a1023d383{ip: 10.1.0.20, host: fv-az452-57.ku3lqr0aiaqu5kfj3xdpchcrvd.dx.internal.cloudapp.net, ports: [REPLICATION=37415, RATIS=37817, RATIS_ADMIN=37817, RATIS_SERVER=37817, STANDALONE=43931], networkLocation: /default-rack, certSerialId: null, persistedOpState: null, persistedOpStateExpiryEpochSec: 0}78fcb3e9-d6c5-4f6f-a049-b9f080c7e3b8{ip: 10.1.0.20, host: fv-az452-57.ku3lqr0aiaqu5kfj3xdpchcrvd.dx.internal.cloudapp.net, ports: [REPLICATION=46095, RATIS=41539, RATIS_ADMIN=41539, RATIS_SERVER=41539, STANDALONE=44681], networkLocation: /default-rack, certSerialId: null, persistedOpState: null, persistedOpStateExpiryEpochSec: 0}c0705ae6-2331-49ba-9982-fffa5d94ae7b{ip: 10.1.0.20, host: fv-az452-57.ku3lqr0aiaqu5kfj3xdpchcrvd.dx.internal.cloudapp.net, ports: [REPLICATION=45511, RATIS=42627, RATIS_ADMIN=42627, RATIS_SERVER=42627, STANDALONE=37947], networkLocation: /default-rack, certSerialId: null, persistedOpState: null, persistedOpStateExpiryEpochSec: 0}, ReplicationConfig: EC/ECReplicationConfig{data=3, parity=2, ecChunkSize=1024, codec=rs}, State:ALLOCATED, leaderId:, CreationTimestamp2022-07-12T21:05:35.885Z[Etc/UTC]] moved to OPEN state
]]></system-out>
  </testcase>
  <testcase name="testBucketDefaultsShouldBeInheritedToFileForEC" classname="TestRootedOzoneFileSystem" time="1.235">
    <system-out><![CDATA[2022-07-12 21:06:51,894 [Time-limited test] INFO  rpc.RpcClient (RpcClient.java:createVolume(466)) - Creating Volume: volume49151, with user61463 as owner and space quota set to -1 bytes, counts quota set to -1
2022-07-12 21:06:51,902 [IPC Server handler 14 on default port 37581] INFO  volume.OMVolumeCreateRequest (OMVolumeCreateRequest.java:validateAndUpdateCache(195)) - created volume:volume49151 for user:user61463
2022-07-12 21:06:51,903 [Time-limited test] INFO  rpc.RpcClient (RpcClient.java:createBucket(669)) - Creating Bucket: volume49151/bucket96199, with bucket layout LEGACY, runner as owner, Versioning false, Storage Type set to DISK and Encryption set to false 
2022-07-12 21:06:51,905 [IPC Server handler 0 on default port 37581] INFO  bucket.OMBucketCreateRequest (OMBucketCreateRequest.java:validateAndUpdateCache(260)) - created bucket: bucket96199 of layout LEGACY in volume: volume49151
2022-07-12 21:06:52,014 [Time-limited test] INFO  rpc.RpcClient (RpcClient.java:createVolume(466)) - Creating Volume: ae5603de-2ca3-4b06-b93c-e67e8e5d845d, with user15090 as owner and space quota set to -1 bytes, counts quota set to -1
2022-07-12 21:06:52,016 [IPC Server handler 13 on default port 37581] INFO  volume.OMVolumeCreateRequest (OMVolumeCreateRequest.java:validateAndUpdateCache(195)) - created volume:ae5603de-2ca3-4b06-b93c-e67e8e5d845d for user:user15090
2022-07-12 21:06:52,017 [Time-limited test] INFO  rpc.RpcClient (RpcClient.java:createBucket(669)) - Creating Bucket: ae5603de-2ca3-4b06-b93c-e67e8e5d845d/abafc9f6-e7a5-4d76-b66a-6b3822baee9f, with bucket layout LEGACY, runner as owner, Versioning false, Storage Type set to DISK and Encryption set to false 
2022-07-12 21:06:52,018 [IPC Server handler 10 on default port 37581] INFO  bucket.OMBucketCreateRequest (OMBucketCreateRequest.java:validateAndUpdateCache(260)) - created bucket: abafc9f6-e7a5-4d76-b66a-6b3822baee9f of layout LEGACY in volume: ae5603de-2ca3-4b06-b93c-e67e8e5d845d
2022-07-12 21:06:52,044 [IPC Server handler 5 on default port 34473] INFO  pipeline.PipelineStateManagerImpl (PipelineStateManagerImpl.java:addPipeline(103)) - Created pipeline Pipeline[ Id: 1ed83784-89ee-43aa-8705-aa707b20e0c7, Nodes: 0047f0d6-cad6-4c01-8720-7c34e3f82305{ip: 10.1.0.20, host: fv-az452-57.ku3lqr0aiaqu5kfj3xdpchcrvd.dx.internal.cloudapp.net, ports: [REPLICATION=44005, RATIS=43179, RATIS_ADMIN=43179, RATIS_SERVER=43179, STANDALONE=34315], networkLocation: /default-rack, certSerialId: null, persistedOpState: null, persistedOpStateExpiryEpochSec: 0}ac679b26-c737-4eb4-ba39-fe3b144a3424{ip: 10.1.0.20, host: fv-az452-57.ku3lqr0aiaqu5kfj3xdpchcrvd.dx.internal.cloudapp.net, ports: [REPLICATION=35251, RATIS=34833, RATIS_ADMIN=34833, RATIS_SERVER=34833, STANDALONE=33465], networkLocation: /default-rack, certSerialId: null, persistedOpState: null, persistedOpStateExpiryEpochSec: 0}b88517ff-a734-4baa-8e75-48c6a6d5a3f3{ip: 10.1.0.20, host: fv-az452-57.ku3lqr0aiaqu5kfj3xdpchcrvd.dx.internal.cloudapp.net, ports: [REPLICATION=35831, RATIS=38005, RATIS_ADMIN=38005, RATIS_SERVER=38005, STANDALONE=34055], networkLocation: /default-rack, certSerialId: null, persistedOpState: null, persistedOpStateExpiryEpochSec: 0}6d03a90d-b393-4c2b-aa32-f45668f1c5ca{ip: 10.1.0.20, host: fv-az452-57.ku3lqr0aiaqu5kfj3xdpchcrvd.dx.internal.cloudapp.net, ports: [REPLICATION=46381, RATIS=39877, RATIS_ADMIN=39877, RATIS_SERVER=39877, STANDALONE=44331], networkLocation: /default-rack, certSerialId: null, persistedOpState: null, persistedOpStateExpiryEpochSec: 0}8bf5e825-cafb-4359-a872-18b2ce7984ce{ip: 10.1.0.20, host: fv-az452-57.ku3lqr0aiaqu5kfj3xdpchcrvd.dx.internal.cloudapp.net, ports: [REPLICATION=33703, RATIS=44517, RATIS_ADMIN=44517, RATIS_SERVER=44517, STANDALONE=46403], networkLocation: /default-rack, certSerialId: null, persistedOpState: null, persistedOpStateExpiryEpochSec: 0}, ReplicationConfig: EC/ECReplicationConfig{data=3, parity=2, ecChunkSize=1024, codec=rs}, State:ALLOCATED, leaderId:, CreationTimestamp2022-07-12T21:06:52.029Z[Etc/UTC]].
2022-07-12 21:06:52,045 [IPC Server handler 5 on default port 34473] INFO  pipeline.PipelineManagerImpl (PipelineManagerImpl.java:openPipeline(359)) - Pipeline Pipeline[ Id: 1ed83784-89ee-43aa-8705-aa707b20e0c7, Nodes: 0047f0d6-cad6-4c01-8720-7c34e3f82305{ip: 10.1.0.20, host: fv-az452-57.ku3lqr0aiaqu5kfj3xdpchcrvd.dx.internal.cloudapp.net, ports: [REPLICATION=44005, RATIS=43179, RATIS_ADMIN=43179, RATIS_SERVER=43179, STANDALONE=34315], networkLocation: /default-rack, certSerialId: null, persistedOpState: null, persistedOpStateExpiryEpochSec: 0}ac679b26-c737-4eb4-ba39-fe3b144a3424{ip: 10.1.0.20, host: fv-az452-57.ku3lqr0aiaqu5kfj3xdpchcrvd.dx.internal.cloudapp.net, ports: [REPLICATION=35251, RATIS=34833, RATIS_ADMIN=34833, RATIS_SERVER=34833, STANDALONE=33465], networkLocation: /default-rack, certSerialId: null, persistedOpState: null, persistedOpStateExpiryEpochSec: 0}b88517ff-a734-4baa-8e75-48c6a6d5a3f3{ip: 10.1.0.20, host: fv-az452-57.ku3lqr0aiaqu5kfj3xdpchcrvd.dx.internal.cloudapp.net, ports: [REPLICATION=35831, RATIS=38005, RATIS_ADMIN=38005, RATIS_SERVER=38005, STANDALONE=34055], networkLocation: /default-rack, certSerialId: null, persistedOpState: null, persistedOpStateExpiryEpochSec: 0}6d03a90d-b393-4c2b-aa32-f45668f1c5ca{ip: 10.1.0.20, host: fv-az452-57.ku3lqr0aiaqu5kfj3xdpchcrvd.dx.internal.cloudapp.net, ports: [REPLICATION=46381, RATIS=39877, RATIS_ADMIN=39877, RATIS_SERVER=39877, STANDALONE=44331], networkLocation: /default-rack, certSerialId: null, persistedOpState: null, persistedOpStateExpiryEpochSec: 0}8bf5e825-cafb-4359-a872-18b2ce7984ce{ip: 10.1.0.20, host: fv-az452-57.ku3lqr0aiaqu5kfj3xdpchcrvd.dx.internal.cloudapp.net, ports: [REPLICATION=33703, RATIS=44517, RATIS_ADMIN=44517, RATIS_SERVER=44517, STANDALONE=46403], networkLocation: /default-rack, certSerialId: null, persistedOpState: null, persistedOpStateExpiryEpochSec: 0}, ReplicationConfig: EC/ECReplicationConfig{data=3, parity=2, ecChunkSize=1024, codec=rs}, State:ALLOCATED, leaderId:, CreationTimestamp2022-07-12T21:06:52.029Z[Etc/UTC]] moved to OPEN state
]]></system-out>
  </testcase>
  <testcase name="testBucketDefaultsShouldBeInheritedToFileForEC" classname="TestRootedOzoneFileSystem" time="1.396">
    <system-out><![CDATA[2022-07-12 21:08:20,127 [Time-limited test] INFO  rpc.RpcClient (RpcClient.java:createVolume(466)) - Creating Volume: volume35908, with user63481 as owner and space quota set to -1 bytes, counts quota set to -1
2022-07-12 21:08:20,129 [OM StateMachine ApplyTransaction Thread - 0] INFO  volume.OMVolumeCreateRequest (OMVolumeCreateRequest.java:validateAndUpdateCache(195)) - created volume:volume35908 for user:user63481
2022-07-12 21:08:20,131 [Time-limited test] INFO  rpc.RpcClient (RpcClient.java:createBucket(669)) - Creating Bucket: volume35908/bucket87544, with bucket layout LEGACY, runner as owner, Versioning false, Storage Type set to DISK and Encryption set to false 
2022-07-12 21:08:20,140 [OM StateMachine ApplyTransaction Thread - 0] INFO  bucket.OMBucketCreateRequest (OMBucketCreateRequest.java:validateAndUpdateCache(260)) - created bucket: bucket87544 of layout LEGACY in volume: volume35908
2022-07-12 21:08:20,256 [Time-limited test] INFO  rpc.RpcClient (RpcClient.java:createVolume(466)) - Creating Volume: 5dd4dd8a-fd82-4586-be64-d6f09814685b, with user88163 as owner and space quota set to -1 bytes, counts quota set to -1
2022-07-12 21:08:20,259 [OM StateMachine ApplyTransaction Thread - 0] INFO  volume.OMVolumeCreateRequest (OMVolumeCreateRequest.java:validateAndUpdateCache(195)) - created volume:5dd4dd8a-fd82-4586-be64-d6f09814685b for user:user88163
2022-07-12 21:08:20,260 [Time-limited test] INFO  rpc.RpcClient (RpcClient.java:createBucket(669)) - Creating Bucket: 5dd4dd8a-fd82-4586-be64-d6f09814685b/cd020ba8-5600-4add-9a77-7615c4cd48b6, with bucket layout LEGACY, runner as owner, Versioning false, Storage Type set to DISK and Encryption set to false 
2022-07-12 21:08:20,261 [OM StateMachine ApplyTransaction Thread - 0] INFO  bucket.OMBucketCreateRequest (OMBucketCreateRequest.java:validateAndUpdateCache(260)) - created bucket: cd020ba8-5600-4add-9a77-7615c4cd48b6 of layout LEGACY in volume: 5dd4dd8a-fd82-4586-be64-d6f09814685b
2022-07-12 21:08:20,275 [IPC Server handler 16 on default port 41613] INFO  pipeline.PipelineStateManagerImpl (PipelineStateManagerImpl.java:addPipeline(103)) - Created pipeline Pipeline[ Id: 8d1f59a3-b973-41f3-9fc6-af667cc8db3a, Nodes: a8440338-9c05-4a69-82ce-0c098fe5e8a5{ip: 10.1.0.20, host: fv-az452-57.ku3lqr0aiaqu5kfj3xdpchcrvd.dx.internal.cloudapp.net, ports: [REPLICATION=46061, RATIS=39637, RATIS_ADMIN=39637, RATIS_SERVER=39637, STANDALONE=41085], networkLocation: /default-rack, certSerialId: null, persistedOpState: null, persistedOpStateExpiryEpochSec: 0}a073d587-6aa7-4ca3-9889-8ecc19e2905e{ip: 10.1.0.20, host: fv-az452-57.ku3lqr0aiaqu5kfj3xdpchcrvd.dx.internal.cloudapp.net, ports: [REPLICATION=39359, RATIS=32847, RATIS_ADMIN=32847, RATIS_SERVER=32847, STANDALONE=35931], networkLocation: /default-rack, certSerialId: null, persistedOpState: null, persistedOpStateExpiryEpochSec: 0}ddb9d7c4-a5dc-476f-83e2-b66bdd4cd965{ip: 10.1.0.20, host: fv-az452-57.ku3lqr0aiaqu5kfj3xdpchcrvd.dx.internal.cloudapp.net, ports: [REPLICATION=46187, RATIS=35703, RATIS_ADMIN=35703, RATIS_SERVER=35703, STANDALONE=37875], networkLocation: /default-rack, certSerialId: null, persistedOpState: null, persistedOpStateExpiryEpochSec: 0}29d43e8b-b8c3-435a-bf60-ec797ee46bf5{ip: 10.1.0.20, host: fv-az452-57.ku3lqr0aiaqu5kfj3xdpchcrvd.dx.internal.cloudapp.net, ports: [REPLICATION=37409, RATIS=33347, RATIS_ADMIN=33347, RATIS_SERVER=33347, STANDALONE=33283], networkLocation: /default-rack, certSerialId: null, persistedOpState: null, persistedOpStateExpiryEpochSec: 0}227bf7d9-d38a-4d6d-9648-c1fd7cd9c2e7{ip: 10.1.0.20, host: fv-az452-57.ku3lqr0aiaqu5kfj3xdpchcrvd.dx.internal.cloudapp.net, ports: [REPLICATION=42629, RATIS=33185, RATIS_ADMIN=33185, RATIS_SERVER=33185, STANDALONE=33287], networkLocation: /default-rack, certSerialId: null, persistedOpState: null, persistedOpStateExpiryEpochSec: 0}, ReplicationConfig: EC/ECReplicationConfig{data=3, parity=2, ecChunkSize=1024, codec=rs}, State:ALLOCATED, leaderId:, CreationTimestamp2022-07-12T21:08:20.273Z[Etc/UTC]].
2022-07-12 21:08:20,275 [IPC Server handler 16 on default port 41613] INFO  pipeline.PipelineManagerImpl (PipelineManagerImpl.java:openPipeline(359)) - Pipeline Pipeline[ Id: 8d1f59a3-b973-41f3-9fc6-af667cc8db3a, Nodes: a8440338-9c05-4a69-82ce-0c098fe5e8a5{ip: 10.1.0.20, host: fv-az452-57.ku3lqr0aiaqu5kfj3xdpchcrvd.dx.internal.cloudapp.net, ports: [REPLICATION=46061, RATIS=39637, RATIS_ADMIN=39637, RATIS_SERVER=39637, STANDALONE=41085], networkLocation: /default-rack, certSerialId: null, persistedOpState: null, persistedOpStateExpiryEpochSec: 0}a073d587-6aa7-4ca3-9889-8ecc19e2905e{ip: 10.1.0.20, host: fv-az452-57.ku3lqr0aiaqu5kfj3xdpchcrvd.dx.internal.cloudapp.net, ports: [REPLICATION=39359, RATIS=32847, RATIS_ADMIN=32847, RATIS_SERVER=32847, STANDALONE=35931], networkLocation: /default-rack, certSerialId: null, persistedOpState: null, persistedOpStateExpiryEpochSec: 0}ddb9d7c4-a5dc-476f-83e2-b66bdd4cd965{ip: 10.1.0.20, host: fv-az452-57.ku3lqr0aiaqu5kfj3xdpchcrvd.dx.internal.cloudapp.net, ports: [REPLICATION=46187, RATIS=35703, RATIS_ADMIN=35703, RATIS_SERVER=35703, STANDALONE=37875], networkLocation: /default-rack, certSerialId: null, persistedOpState: null, persistedOpStateExpiryEpochSec: 0}29d43e8b-b8c3-435a-bf60-ec797ee46bf5{ip: 10.1.0.20, host: fv-az452-57.ku3lqr0aiaqu5kfj3xdpchcrvd.dx.internal.cloudapp.net, ports: [REPLICATION=37409, RATIS=33347, RATIS_ADMIN=33347, RATIS_SERVER=33347, STANDALONE=33283], networkLocation: /default-rack, certSerialId: null, persistedOpState: null, persistedOpStateExpiryEpochSec: 0}227bf7d9-d38a-4d6d-9648-c1fd7cd9c2e7{ip: 10.1.0.20, host: fv-az452-57.ku3lqr0aiaqu5kfj3xdpchcrvd.dx.internal.cloudapp.net, ports: [REPLICATION=42629, RATIS=33185, RATIS_ADMIN=33185, RATIS_SERVER=33185, STANDALONE=33287], networkLocation: /default-rack, certSerialId: null, persistedOpState: null, persistedOpStateExpiryEpochSec: 0}, ReplicationConfig: EC/ECReplicationConfig{data=3, parity=2, ecChunkSize=1024, codec=rs}, State:ALLOCATED, leaderId:, CreationTimestamp2022-07-12T21:08:20.273Z[Etc/UTC]] moved to OPEN state
]]></system-out>
  </testcase>
  <testcase name="testBucketDefaultsShouldBeInheritedToFileForEC" classname="TestRootedOzoneFileSystem" time="1.974">
    <system-out><![CDATA[2022-07-12 21:10:05,722 [Time-limited test] INFO  rpc.RpcClient (RpcClient.java:createVolume(466)) - Creating Volume: volume77489, with user25329 as owner and space quota set to -1 bytes, counts quota set to -1
2022-07-12 21:10:05,722 [IPC Server handler 1 on default port 32899] INFO  volume.OMVolumeCreateRequest (OMVolumeCreateRequest.java:validateAndUpdateCache(195)) - created volume:volume77489 for user:user25329
2022-07-12 21:10:05,732 [Time-limited test] INFO  rpc.RpcClient (RpcClient.java:createBucket(669)) - Creating Bucket: volume77489/bucket73443, with bucket layout LEGACY, runner as owner, Versioning false, Storage Type set to DISK and Encryption set to false 
2022-07-12 21:10:05,740 [IPC Server handler 7 on default port 32899] INFO  bucket.OMBucketCreateRequest (OMBucketCreateRequest.java:validateAndUpdateCache(260)) - created bucket: bucket73443 of layout LEGACY in volume: volume77489
2022-07-12 21:10:05,904 [Time-limited test] INFO  rpc.RpcClient (RpcClient.java:createVolume(466)) - Creating Volume: d6ee7d9c-105e-4819-a539-f901248fced5, with user33582 as owner and space quota set to -1 bytes, counts quota set to -1
2022-07-12 21:10:05,905 [IPC Server handler 2 on default port 32899] INFO  volume.OMVolumeCreateRequest (OMVolumeCreateRequest.java:validateAndUpdateCache(195)) - created volume:d6ee7d9c-105e-4819-a539-f901248fced5 for user:user33582
2022-07-12 21:10:05,908 [Time-limited test] INFO  rpc.RpcClient (RpcClient.java:createBucket(669)) - Creating Bucket: d6ee7d9c-105e-4819-a539-f901248fced5/d5f35819-db8b-4b92-8322-aed0632010a9, with bucket layout LEGACY, runner as owner, Versioning false, Storage Type set to DISK and Encryption set to false 
2022-07-12 21:10:05,952 [IPC Server handler 12 on default port 32899] INFO  bucket.OMBucketCreateRequest (OMBucketCreateRequest.java:validateAndUpdateCache(260)) - created bucket: d5f35819-db8b-4b92-8322-aed0632010a9 of layout LEGACY in volume: d6ee7d9c-105e-4819-a539-f901248fced5
2022-07-12 21:10:05,981 [IPC Server handler 11 on default port 46379] INFO  pipeline.PipelineStateManagerImpl (PipelineStateManagerImpl.java:addPipeline(103)) - Created pipeline Pipeline[ Id: e8fd479c-33ce-4136-b7be-0ad0214019f1, Nodes: 024a366d-d9bd-4389-bd26-fa648e81fb63{ip: 10.1.0.20, host: fv-az452-57.ku3lqr0aiaqu5kfj3xdpchcrvd.dx.internal.cloudapp.net, ports: [REPLICATION=44895, RATIS=34045, RATIS_ADMIN=34045, RATIS_SERVER=34045, STANDALONE=44955], networkLocation: /default-rack, certSerialId: null, persistedOpState: null, persistedOpStateExpiryEpochSec: 0}372730cf-c512-4d87-8955-2c00451c14e7{ip: 10.1.0.20, host: fv-az452-57.ku3lqr0aiaqu5kfj3xdpchcrvd.dx.internal.cloudapp.net, ports: [REPLICATION=43373, RATIS=41971, RATIS_ADMIN=41971, RATIS_SERVER=41971, STANDALONE=37885], networkLocation: /default-rack, certSerialId: null, persistedOpState: null, persistedOpStateExpiryEpochSec: 0}9c422c08-b59e-40fe-822f-86e01b4532cd{ip: 10.1.0.20, host: fv-az452-57.ku3lqr0aiaqu5kfj3xdpchcrvd.dx.internal.cloudapp.net, ports: [REPLICATION=33495, RATIS=43985, RATIS_ADMIN=43985, RATIS_SERVER=43985, STANDALONE=42053], networkLocation: /default-rack, certSerialId: null, persistedOpState: null, persistedOpStateExpiryEpochSec: 0}76813abd-30d7-4706-b809-3e10cf795ab1{ip: 10.1.0.20, host: fv-az452-57.ku3lqr0aiaqu5kfj3xdpchcrvd.dx.internal.cloudapp.net, ports: [REPLICATION=34833, RATIS=33965, RATIS_ADMIN=33965, RATIS_SERVER=33965, STANDALONE=45257], networkLocation: /default-rack, certSerialId: null, persistedOpState: null, persistedOpStateExpiryEpochSec: 0}9ca81a7d-c27a-485e-9d50-743190b649b9{ip: 10.1.0.20, host: fv-az452-57.ku3lqr0aiaqu5kfj3xdpchcrvd.dx.internal.cloudapp.net, ports: [REPLICATION=33171, RATIS=33467, RATIS_ADMIN=33467, RATIS_SERVER=33467, STANDALONE=33945], networkLocation: /default-rack, certSerialId: null, persistedOpState: null, persistedOpStateExpiryEpochSec: 0}, ReplicationConfig: EC/ECReplicationConfig{data=3, parity=2, ecChunkSize=1024, codec=rs}, State:ALLOCATED, leaderId:, CreationTimestamp2022-07-12T21:10:05.972Z[Etc/UTC]].
2022-07-12 21:10:05,981 [IPC Server handler 11 on default port 46379] INFO  pipeline.PipelineManagerImpl (PipelineManagerImpl.java:openPipeline(359)) - Pipeline Pipeline[ Id: e8fd479c-33ce-4136-b7be-0ad0214019f1, Nodes: 024a366d-d9bd-4389-bd26-fa648e81fb63{ip: 10.1.0.20, host: fv-az452-57.ku3lqr0aiaqu5kfj3xdpchcrvd.dx.internal.cloudapp.net, ports: [REPLICATION=44895, RATIS=34045, RATIS_ADMIN=34045, RATIS_SERVER=34045, STANDALONE=44955], networkLocation: /default-rack, certSerialId: null, persistedOpState: null, persistedOpStateExpiryEpochSec: 0}372730cf-c512-4d87-8955-2c00451c14e7{ip: 10.1.0.20, host: fv-az452-57.ku3lqr0aiaqu5kfj3xdpchcrvd.dx.internal.cloudapp.net, ports: [REPLICATION=43373, RATIS=41971, RATIS_ADMIN=41971, RATIS_SERVER=41971, STANDALONE=37885], networkLocation: /default-rack, certSerialId: null, persistedOpState: null, persistedOpStateExpiryEpochSec: 0}9c422c08-b59e-40fe-822f-86e01b4532cd{ip: 10.1.0.20, host: fv-az452-57.ku3lqr0aiaqu5kfj3xdpchcrvd.dx.internal.cloudapp.net, ports: [REPLICATION=33495, RATIS=43985, RATIS_ADMIN=43985, RATIS_SERVER=43985, STANDALONE=42053], networkLocation: /default-rack, certSerialId: null, persistedOpState: null, persistedOpStateExpiryEpochSec: 0}76813abd-30d7-4706-b809-3e10cf795ab1{ip: 10.1.0.20, host: fv-az452-57.ku3lqr0aiaqu5kfj3xdpchcrvd.dx.internal.cloudapp.net, ports: [REPLICATION=34833, RATIS=33965, RATIS_ADMIN=33965, RATIS_SERVER=33965, STANDALONE=45257], networkLocation: /default-rack, certSerialId: null, persistedOpState: null, persistedOpStateExpiryEpochSec: 0}9ca81a7d-c27a-485e-9d50-743190b649b9{ip: 10.1.0.20, host: fv-az452-57.ku3lqr0aiaqu5kfj3xdpchcrvd.dx.internal.cloudapp.net, ports: [REPLICATION=33171, RATIS=33467, RATIS_ADMIN=33467, RATIS_SERVER=33467, STANDALONE=33945], networkLocation: /default-rack, certSerialId: null, persistedOpState: null, persistedOpStateExpiryEpochSec: 0}, ReplicationConfig: EC/ECReplicationConfig{data=3, parity=2, ecChunkSize=1024, codec=rs}, State:ALLOCATED, leaderId:, CreationTimestamp2022-07-12T21:10:05.972Z[Etc/UTC]] moved to OPEN state
]]></system-out>
  </testcase>
  <testcase name="testListStatusInBucket" classname="TestRootedOzoneFileSystem" time="0.066">
    <system-out><![CDATA[2022-07-12 21:04:27,186 [Time-limited test] INFO  rpc.RpcClient (RpcClient.java:createVolume(466)) - Creating Volume: volume22668, with user29176 as owner and space quota set to -1 bytes, counts quota set to -1
2022-07-12 21:04:27,188 [OM StateMachine ApplyTransaction Thread - 0] INFO  volume.OMVolumeCreateRequest (OMVolumeCreateRequest.java:validateAndUpdateCache(195)) - created volume:volume22668 for user:user29176
2022-07-12 21:04:27,193 [Time-limited test] INFO  rpc.RpcClient (RpcClient.java:createBucket(669)) - Creating Bucket: volume22668/bucket01270, with bucket layout LEGACY, runner as owner, Versioning false, Storage Type set to DISK and Encryption set to false 
2022-07-12 21:04:27,195 [OM StateMachine ApplyTransaction Thread - 0] INFO  bucket.OMBucketCreateRequest (OMBucketCreateRequest.java:validateAndUpdateCache(260)) - created bucket: bucket01270 of layout LEGACY in volume: volume22668
]]></system-out>
  </testcase>
  <testcase name="testListStatusInBucket" classname="TestRootedOzoneFileSystem" time="0.154">
    <system-out><![CDATA[2022-07-12 21:05:36,924 [Time-limited test] INFO  rpc.RpcClient (RpcClient.java:createVolume(466)) - Creating Volume: volume64249, with user42582 as owner and space quota set to -1 bytes, counts quota set to -1
2022-07-12 21:05:36,926 [OM StateMachine ApplyTransaction Thread - 0] INFO  volume.OMVolumeCreateRequest (OMVolumeCreateRequest.java:validateAndUpdateCache(195)) - created volume:volume64249 for user:user42582
2022-07-12 21:05:36,927 [Time-limited test] INFO  rpc.RpcClient (RpcClient.java:createBucket(669)) - Creating Bucket: volume64249/bucket84401, with bucket layout LEGACY, runner as owner, Versioning false, Storage Type set to DISK and Encryption set to false 
2022-07-12 21:05:36,929 [OM StateMachine ApplyTransaction Thread - 0] INFO  bucket.OMBucketCreateRequest (OMBucketCreateRequest.java:validateAndUpdateCache(260)) - created bucket: bucket84401 of layout LEGACY in volume: volume64249
]]></system-out>
  </testcase>
  <testcase name="testListStatusInBucket" classname="TestRootedOzoneFileSystem" time="0.168">
    <system-out><![CDATA[2022-07-12 21:06:53,142 [Time-limited test] INFO  rpc.RpcClient (RpcClient.java:createVolume(466)) - Creating Volume: volume41969, with user22769 as owner and space quota set to -1 bytes, counts quota set to -1
2022-07-12 21:06:53,143 [IPC Server handler 11 on default port 37581] INFO  volume.OMVolumeCreateRequest (OMVolumeCreateRequest.java:validateAndUpdateCache(195)) - created volume:volume41969 for user:user22769
2022-07-12 21:06:53,154 [Time-limited test] INFO  rpc.RpcClient (RpcClient.java:createBucket(669)) - Creating Bucket: volume41969/bucket03353, with bucket layout LEGACY, runner as owner, Versioning false, Storage Type set to DISK and Encryption set to false 
2022-07-12 21:06:53,155 [IPC Server handler 19 on default port 37581] INFO  bucket.OMBucketCreateRequest (OMBucketCreateRequest.java:validateAndUpdateCache(260)) - created bucket: bucket03353 of layout LEGACY in volume: volume41969
]]></system-out>
  </testcase>
  <testcase name="testListStatusInBucket" classname="TestRootedOzoneFileSystem" time="0.153">
    <system-out><![CDATA[2022-07-12 21:08:21,483 [Time-limited test] INFO  rpc.RpcClient (RpcClient.java:createVolume(466)) - Creating Volume: volume93421, with user27338 as owner and space quota set to -1 bytes, counts quota set to -1
2022-07-12 21:08:21,488 [OM StateMachine ApplyTransaction Thread - 0] INFO  volume.OMVolumeCreateRequest (OMVolumeCreateRequest.java:validateAndUpdateCache(195)) - created volume:volume93421 for user:user27338
2022-07-12 21:08:21,492 [Time-limited test] INFO  rpc.RpcClient (RpcClient.java:createBucket(669)) - Creating Bucket: volume93421/bucket84965, with bucket layout LEGACY, runner as owner, Versioning false, Storage Type set to DISK and Encryption set to false 
2022-07-12 21:08:21,502 [OM StateMachine ApplyTransaction Thread - 0] INFO  bucket.OMBucketCreateRequest (OMBucketCreateRequest.java:validateAndUpdateCache(260)) - created bucket: bucket84965 of layout LEGACY in volume: volume93421
]]></system-out>
  </testcase>
  <testcase name="testListStatusInBucket" classname="TestRootedOzoneFileSystem" time="0.323">
    <system-out><![CDATA[2022-07-12 21:10:07,872 [Time-limited test] INFO  rpc.RpcClient (RpcClient.java:createVolume(466)) - Creating Volume: volume99287, with user13048 as owner and space quota set to -1 bytes, counts quota set to -1
2022-07-12 21:10:07,874 [IPC Server handler 17 on default port 32899] INFO  volume.OMVolumeCreateRequest (OMVolumeCreateRequest.java:validateAndUpdateCache(195)) - created volume:volume99287 for user:user13048
2022-07-12 21:10:07,877 [Time-limited test] INFO  rpc.RpcClient (RpcClient.java:createBucket(669)) - Creating Bucket: volume99287/bucket52284, with bucket layout LEGACY, runner as owner, Versioning false, Storage Type set to DISK and Encryption set to false 
2022-07-12 21:10:07,878 [IPC Server handler 15 on default port 32899] INFO  bucket.OMBucketCreateRequest (OMBucketCreateRequest.java:validateAndUpdateCache(260)) - created bucket: bucket52284 of layout LEGACY in volume: volume99287
]]></system-out>
  </testcase>
  <testcase name="testRenameFileToDir" classname="TestRootedOzoneFileSystem" time="0.064">
    <system-out><![CDATA[2022-07-12 21:04:27,252 [Time-limited test] INFO  rpc.RpcClient (RpcClient.java:createVolume(466)) - Creating Volume: volume19660, with user00523 as owner and space quota set to -1 bytes, counts quota set to -1
2022-07-12 21:04:27,254 [OM StateMachine ApplyTransaction Thread - 0] INFO  volume.OMVolumeCreateRequest (OMVolumeCreateRequest.java:validateAndUpdateCache(195)) - created volume:volume19660 for user:user00523
2022-07-12 21:04:27,255 [Time-limited test] INFO  rpc.RpcClient (RpcClient.java:createBucket(669)) - Creating Bucket: volume19660/bucket48486, with bucket layout LEGACY, runner as owner, Versioning false, Storage Type set to DISK and Encryption set to false 
2022-07-12 21:04:27,257 [OM StateMachine ApplyTransaction Thread - 0] INFO  bucket.OMBucketCreateRequest (OMBucketCreateRequest.java:validateAndUpdateCache(260)) - created bucket: bucket48486 of layout LEGACY in volume: volume19660
21:04:27.274 [IPC Server handler 10 on default port 43377] ERROR OMAudit - user=runner | ip=127.0.0.1 | op=LIST_STATUS {volume=volume19660, bucket=bucket48486, key=a/b/c/file1, dataSize=0, replicationConfig=null} | ret=FAILURE
org.apache.hadoop.ozone.om.exceptions.OMException: Unable to get file status: volume: volume19660 bucket: bucket48486 key: a/b/c/file1
	at org.apache.hadoop.ozone.om.KeyManagerImpl.getOzoneFileStatus(KeyManagerImpl.java:1311) ~[ozone-manager-1.3.0-SNAPSHOT.jar:?]
	at org.apache.hadoop.ozone.om.KeyManagerImpl.getFileStatus(KeyManagerImpl.java:1241) ~[ozone-manager-1.3.0-SNAPSHOT.jar:?]
	at org.apache.hadoop.ozone.om.KeyManagerImpl.listStatus(KeyManagerImpl.java:1565) ~[ozone-manager-1.3.0-SNAPSHOT.jar:?]
	at org.apache.hadoop.ozone.om.OzoneManager.listStatus(OzoneManager.java:3497) ~[ozone-manager-1.3.0-SNAPSHOT.jar:?]
	at org.apache.hadoop.ozone.protocolPB.OzoneManagerRequestHandler.listStatus(OzoneManagerRequestHandler.java:1028) ~[ozone-manager-1.3.0-SNAPSHOT.jar:?]
	at org.apache.hadoop.ozone.protocolPB.OzoneManagerRequestHandler.handleReadRequest(OzoneManagerRequestHandler.java:228) ~[ozone-manager-1.3.0-SNAPSHOT.jar:?]
	at org.apache.hadoop.ozone.protocolPB.OzoneManagerProtocolServerSideTranslatorPB.submitReadRequestToOM(OzoneManagerProtocolServerSideTranslatorPB.java:226) ~[ozone-manager-1.3.0-SNAPSHOT.jar:?]
	at org.apache.hadoop.ozone.protocolPB.OzoneManagerProtocolServerSideTranslatorPB.processRequest(OzoneManagerProtocolServerSideTranslatorPB.java:175) ~[ozone-manager-1.3.0-SNAPSHOT.jar:?]
	at org.apache.hadoop.hdds.server.OzoneProtocolMessageDispatcher.processRequest(OzoneProtocolMessageDispatcher.java:87) [hdds-server-framework-1.3.0-SNAPSHOT.jar:?]
	at org.apache.hadoop.ozone.protocolPB.OzoneManagerProtocolServerSideTranslatorPB.submitRequest(OzoneManagerProtocolServerSideTranslatorPB.java:147) [ozone-manager-1.3.0-SNAPSHOT.jar:?]
	at org.apache.hadoop.ozone.protocol.proto.OzoneManagerProtocolProtos$OzoneManagerService$2.callBlockingMethod(OzoneManagerProtocolProtos.java) [ozone-interface-client-1.3.0-SNAPSHOT.jar:?]
	at org.apache.hadoop.ipc.ProtobufRpcEngine$Server.processCall(ProtobufRpcEngine.java:466) [hadoop-common-3.3.1.jar:?]
	at org.apache.hadoop.ipc.ProtobufRpcEngine2$Server$ProtoBufRpcInvoker.call(ProtobufRpcEngine2.java:574) [hadoop-common-3.3.1.jar:?]
	at org.apache.hadoop.ipc.ProtobufRpcEngine2$Server$ProtoBufRpcInvoker.call(ProtobufRpcEngine2.java:552) [hadoop-common-3.3.1.jar:?]
	at org.apache.hadoop.ipc.RPC$Server.call(RPC.java:1093) [hadoop-common-3.3.1.jar:?]
	at org.apache.hadoop.ipc.Server$RpcCall.run(Server.java:1035) [hadoop-common-3.3.1.jar:?]
	at org.apache.hadoop.ipc.Server$RpcCall.run(Server.java:963) [hadoop-common-3.3.1.jar:?]
	at java.security.AccessController.doPrivileged(Native Method) ~[?:1.8.0_332]
	at javax.security.auth.Subject.doAs(Subject.java:422) [?:1.8.0_332]
	at org.apache.hadoop.security.UserGroupInformation.doAs(UserGroupInformation.java:1878) [hadoop-common-3.3.1.jar:?]
	at org.apache.hadoop.ipc.Server$Handler.run(Server.java:2966) [hadoop-common-3.3.1.jar:?]
]]></system-out>
  </testcase>
  <testcase name="testRenameFileToDir" classname="TestRootedOzoneFileSystem" time="0.139">
    <system-out><![CDATA[2022-07-12 21:05:37,053 [Time-limited test] INFO  rpc.RpcClient (RpcClient.java:createVolume(466)) - Creating Volume: volume48580, with user59939 as owner and space quota set to -1 bytes, counts quota set to -1
2022-07-12 21:05:37,060 [OM StateMachine ApplyTransaction Thread - 0] INFO  volume.OMVolumeCreateRequest (OMVolumeCreateRequest.java:validateAndUpdateCache(195)) - created volume:volume48580 for user:user59939
2022-07-12 21:05:37,061 [Time-limited test] INFO  rpc.RpcClient (RpcClient.java:createBucket(669)) - Creating Bucket: volume48580/bucket77563, with bucket layout LEGACY, runner as owner, Versioning false, Storage Type set to DISK and Encryption set to false 
2022-07-12 21:05:37,062 [OM StateMachine ApplyTransaction Thread - 0] INFO  bucket.OMBucketCreateRequest (OMBucketCreateRequest.java:validateAndUpdateCache(260)) - created bucket: bucket77563 of layout LEGACY in volume: volume48580
21:05:37.077 [IPC Server handler 19 on default port 38457] ERROR OMAudit - user=runner | ip=127.0.0.1 | op=LIST_STATUS {volume=volume48580, bucket=bucket77563, key=a/b/c/file1, dataSize=0, replicationConfig=null} | ret=FAILURE
org.apache.hadoop.ozone.om.exceptions.OMException: Unable to get file status: volume: volume48580 bucket: bucket77563 key: a/b/c/file1
	at org.apache.hadoop.ozone.om.KeyManagerImpl.getOzoneFileStatus(KeyManagerImpl.java:1311) ~[ozone-manager-1.3.0-SNAPSHOT.jar:?]
	at org.apache.hadoop.ozone.om.KeyManagerImpl.getFileStatus(KeyManagerImpl.java:1241) ~[ozone-manager-1.3.0-SNAPSHOT.jar:?]
	at org.apache.hadoop.ozone.om.KeyManagerImpl.listStatus(KeyManagerImpl.java:1565) ~[ozone-manager-1.3.0-SNAPSHOT.jar:?]
	at org.apache.hadoop.ozone.om.OzoneManager.listStatus(OzoneManager.java:3497) ~[ozone-manager-1.3.0-SNAPSHOT.jar:?]
	at org.apache.hadoop.ozone.protocolPB.OzoneManagerRequestHandler.listStatus(OzoneManagerRequestHandler.java:1028) ~[ozone-manager-1.3.0-SNAPSHOT.jar:?]
	at org.apache.hadoop.ozone.protocolPB.OzoneManagerRequestHandler.handleReadRequest(OzoneManagerRequestHandler.java:228) ~[ozone-manager-1.3.0-SNAPSHOT.jar:?]
	at org.apache.hadoop.ozone.protocolPB.OzoneManagerProtocolServerSideTranslatorPB.submitReadRequestToOM(OzoneManagerProtocolServerSideTranslatorPB.java:226) ~[ozone-manager-1.3.0-SNAPSHOT.jar:?]
	at org.apache.hadoop.ozone.protocolPB.OzoneManagerProtocolServerSideTranslatorPB.processRequest(OzoneManagerProtocolServerSideTranslatorPB.java:175) ~[ozone-manager-1.3.0-SNAPSHOT.jar:?]
	at org.apache.hadoop.hdds.server.OzoneProtocolMessageDispatcher.processRequest(OzoneProtocolMessageDispatcher.java:87) [hdds-server-framework-1.3.0-SNAPSHOT.jar:?]
	at org.apache.hadoop.ozone.protocolPB.OzoneManagerProtocolServerSideTranslatorPB.submitRequest(OzoneManagerProtocolServerSideTranslatorPB.java:147) [ozone-manager-1.3.0-SNAPSHOT.jar:?]
	at org.apache.hadoop.ozone.protocol.proto.OzoneManagerProtocolProtos$OzoneManagerService$2.callBlockingMethod(OzoneManagerProtocolProtos.java) [ozone-interface-client-1.3.0-SNAPSHOT.jar:?]
	at org.apache.hadoop.ipc.ProtobufRpcEngine$Server.processCall(ProtobufRpcEngine.java:466) [hadoop-common-3.3.1.jar:?]
	at org.apache.hadoop.ipc.ProtobufRpcEngine2$Server$ProtoBufRpcInvoker.call(ProtobufRpcEngine2.java:574) [hadoop-common-3.3.1.jar:?]
	at org.apache.hadoop.ipc.ProtobufRpcEngine2$Server$ProtoBufRpcInvoker.call(ProtobufRpcEngine2.java:552) [hadoop-common-3.3.1.jar:?]
	at org.apache.hadoop.ipc.RPC$Server.call(RPC.java:1093) [hadoop-common-3.3.1.jar:?]
	at org.apache.hadoop.ipc.Server$RpcCall.run(Server.java:1035) [hadoop-common-3.3.1.jar:?]
	at org.apache.hadoop.ipc.Server$RpcCall.run(Server.java:963) [hadoop-common-3.3.1.jar:?]
	at java.security.AccessController.doPrivileged(Native Method) ~[?:1.8.0_332]
	at javax.security.auth.Subject.doAs(Subject.java:422) [?:1.8.0_332]
	at org.apache.hadoop.security.UserGroupInformation.doAs(UserGroupInformation.java:1878) [hadoop-common-3.3.1.jar:?]
	at org.apache.hadoop.ipc.Server$Handler.run(Server.java:2966) [hadoop-common-3.3.1.jar:?]
]]></system-out>
  </testcase>
  <testcase name="testRenameFileToDir" classname="TestRootedOzoneFileSystem" time="0.151">
    <system-out><![CDATA[2022-07-12 21:06:53,316 [Time-limited test] INFO  rpc.RpcClient (RpcClient.java:createVolume(466)) - Creating Volume: volume30408, with user24303 as owner and space quota set to -1 bytes, counts quota set to -1
2022-07-12 21:06:53,319 [IPC Server handler 17 on default port 37581] INFO  volume.OMVolumeCreateRequest (OMVolumeCreateRequest.java:validateAndUpdateCache(195)) - created volume:volume30408 for user:user24303
2022-07-12 21:06:53,320 [Time-limited test] INFO  rpc.RpcClient (RpcClient.java:createBucket(669)) - Creating Bucket: volume30408/bucket45840, with bucket layout LEGACY, runner as owner, Versioning false, Storage Type set to DISK and Encryption set to false 
2022-07-12 21:06:53,321 [IPC Server handler 15 on default port 37581] INFO  bucket.OMBucketCreateRequest (OMBucketCreateRequest.java:validateAndUpdateCache(260)) - created bucket: bucket45840 of layout LEGACY in volume: volume30408
21:06:53.349 [IPC Server handler 8 on default port 37581] ERROR OMAudit - user=runner | ip=127.0.0.1 | op=LIST_STATUS {volume=volume30408, bucket=bucket45840, key=a/b/c/file1, dataSize=0, replicationConfig=null} | ret=FAILURE
org.apache.hadoop.ozone.om.exceptions.OMException: Unable to get file status: volume: volume30408 bucket: bucket45840 key: a/b/c/file1
	at org.apache.hadoop.ozone.om.KeyManagerImpl.getOzoneFileStatus(KeyManagerImpl.java:1311) ~[ozone-manager-1.3.0-SNAPSHOT.jar:?]
	at org.apache.hadoop.ozone.om.KeyManagerImpl.getFileStatus(KeyManagerImpl.java:1241) ~[ozone-manager-1.3.0-SNAPSHOT.jar:?]
	at org.apache.hadoop.ozone.om.KeyManagerImpl.listStatus(KeyManagerImpl.java:1565) ~[ozone-manager-1.3.0-SNAPSHOT.jar:?]
	at org.apache.hadoop.ozone.om.OzoneManager.listStatus(OzoneManager.java:3497) ~[ozone-manager-1.3.0-SNAPSHOT.jar:?]
	at org.apache.hadoop.ozone.protocolPB.OzoneManagerRequestHandler.listStatus(OzoneManagerRequestHandler.java:1028) ~[ozone-manager-1.3.0-SNAPSHOT.jar:?]
	at org.apache.hadoop.ozone.protocolPB.OzoneManagerRequestHandler.handleReadRequest(OzoneManagerRequestHandler.java:228) ~[ozone-manager-1.3.0-SNAPSHOT.jar:?]
	at org.apache.hadoop.ozone.protocolPB.OzoneManagerProtocolServerSideTranslatorPB.submitRequestDirectlyToOM(OzoneManagerProtocolServerSideTranslatorPB.java:276) ~[ozone-manager-1.3.0-SNAPSHOT.jar:?]
	at org.apache.hadoop.ozone.protocolPB.OzoneManagerProtocolServerSideTranslatorPB.processRequest(OzoneManagerProtocolServerSideTranslatorPB.java:205) ~[ozone-manager-1.3.0-SNAPSHOT.jar:?]
	at org.apache.hadoop.hdds.server.OzoneProtocolMessageDispatcher.processRequest(OzoneProtocolMessageDispatcher.java:87) [hdds-server-framework-1.3.0-SNAPSHOT.jar:?]
	at org.apache.hadoop.ozone.protocolPB.OzoneManagerProtocolServerSideTranslatorPB.submitRequest(OzoneManagerProtocolServerSideTranslatorPB.java:147) [ozone-manager-1.3.0-SNAPSHOT.jar:?]
	at org.apache.hadoop.ozone.protocol.proto.OzoneManagerProtocolProtos$OzoneManagerService$2.callBlockingMethod(OzoneManagerProtocolProtos.java) [ozone-interface-client-1.3.0-SNAPSHOT.jar:?]
	at org.apache.hadoop.ipc.ProtobufRpcEngine$Server.processCall(ProtobufRpcEngine.java:466) [hadoop-common-3.3.1.jar:?]
	at org.apache.hadoop.ipc.ProtobufRpcEngine2$Server$ProtoBufRpcInvoker.call(ProtobufRpcEngine2.java:574) [hadoop-common-3.3.1.jar:?]
	at org.apache.hadoop.ipc.ProtobufRpcEngine2$Server$ProtoBufRpcInvoker.call(ProtobufRpcEngine2.java:552) [hadoop-common-3.3.1.jar:?]
	at org.apache.hadoop.ipc.RPC$Server.call(RPC.java:1093) [hadoop-common-3.3.1.jar:?]
	at org.apache.hadoop.ipc.Server$RpcCall.run(Server.java:1035) [hadoop-common-3.3.1.jar:?]
	at org.apache.hadoop.ipc.Server$RpcCall.run(Server.java:963) [hadoop-common-3.3.1.jar:?]
	at java.security.AccessController.doPrivileged(Native Method) ~[?:1.8.0_332]
	at javax.security.auth.Subject.doAs(Subject.java:422) [?:1.8.0_332]
	at org.apache.hadoop.security.UserGroupInformation.doAs(UserGroupInformation.java:1878) [hadoop-common-3.3.1.jar:?]
	at org.apache.hadoop.ipc.Server$Handler.run(Server.java:2966) [hadoop-common-3.3.1.jar:?]
]]></system-out>
  </testcase>
  <testcase name="testRenameFileToDir" classname="TestRootedOzoneFileSystem" time="0.243">
    <system-out><![CDATA[2022-07-12 21:08:21,730 [Time-limited test] INFO  rpc.RpcClient (RpcClient.java:createVolume(466)) - Creating Volume: volume95693, with user23031 as owner and space quota set to -1 bytes, counts quota set to -1
2022-07-12 21:08:21,736 [OM StateMachine ApplyTransaction Thread - 0] INFO  volume.OMVolumeCreateRequest (OMVolumeCreateRequest.java:validateAndUpdateCache(195)) - created volume:volume95693 for user:user23031
2022-07-12 21:08:21,740 [Time-limited test] INFO  rpc.RpcClient (RpcClient.java:createBucket(669)) - Creating Bucket: volume95693/bucket01058, with bucket layout LEGACY, runner as owner, Versioning false, Storage Type set to DISK and Encryption set to false 
2022-07-12 21:08:21,743 [OM StateMachine ApplyTransaction Thread - 0] INFO  bucket.OMBucketCreateRequest (OMBucketCreateRequest.java:validateAndUpdateCache(260)) - created bucket: bucket01058 of layout LEGACY in volume: volume95693
21:08:21.764 [IPC Server handler 2 on default port 33595] ERROR OMAudit - user=runner | ip=127.0.0.1 | op=LIST_STATUS {volume=volume95693, bucket=bucket01058, key=a/b/c/file1, dataSize=0, replicationConfig=null} | ret=FAILURE
org.apache.hadoop.ozone.om.exceptions.OMException: Unable to get file status: volume: volume95693 bucket: bucket01058 key: a/b/c/file1
	at org.apache.hadoop.ozone.om.KeyManagerImpl.getOzoneFileStatus(KeyManagerImpl.java:1311) ~[ozone-manager-1.3.0-SNAPSHOT.jar:?]
	at org.apache.hadoop.ozone.om.KeyManagerImpl.getFileStatus(KeyManagerImpl.java:1241) ~[ozone-manager-1.3.0-SNAPSHOT.jar:?]
	at org.apache.hadoop.ozone.om.KeyManagerImpl.listStatus(KeyManagerImpl.java:1565) ~[ozone-manager-1.3.0-SNAPSHOT.jar:?]
	at org.apache.hadoop.ozone.om.OzoneManager.listStatus(OzoneManager.java:3497) ~[ozone-manager-1.3.0-SNAPSHOT.jar:?]
	at org.apache.hadoop.ozone.protocolPB.OzoneManagerRequestHandler.listStatus(OzoneManagerRequestHandler.java:1028) ~[ozone-manager-1.3.0-SNAPSHOT.jar:?]
	at org.apache.hadoop.ozone.protocolPB.OzoneManagerRequestHandler.handleReadRequest(OzoneManagerRequestHandler.java:228) ~[ozone-manager-1.3.0-SNAPSHOT.jar:?]
	at org.apache.hadoop.ozone.protocolPB.OzoneManagerProtocolServerSideTranslatorPB.submitReadRequestToOM(OzoneManagerProtocolServerSideTranslatorPB.java:226) ~[ozone-manager-1.3.0-SNAPSHOT.jar:?]
	at org.apache.hadoop.ozone.protocolPB.OzoneManagerProtocolServerSideTranslatorPB.processRequest(OzoneManagerProtocolServerSideTranslatorPB.java:175) ~[ozone-manager-1.3.0-SNAPSHOT.jar:?]
	at org.apache.hadoop.hdds.server.OzoneProtocolMessageDispatcher.processRequest(OzoneProtocolMessageDispatcher.java:87) [hdds-server-framework-1.3.0-SNAPSHOT.jar:?]
	at org.apache.hadoop.ozone.protocolPB.OzoneManagerProtocolServerSideTranslatorPB.submitRequest(OzoneManagerProtocolServerSideTranslatorPB.java:147) [ozone-manager-1.3.0-SNAPSHOT.jar:?]
	at org.apache.hadoop.ozone.protocol.proto.OzoneManagerProtocolProtos$OzoneManagerService$2.callBlockingMethod(OzoneManagerProtocolProtos.java) [ozone-interface-client-1.3.0-SNAPSHOT.jar:?]
	at org.apache.hadoop.ipc.ProtobufRpcEngine$Server.processCall(ProtobufRpcEngine.java:466) [hadoop-common-3.3.1.jar:?]
	at org.apache.hadoop.ipc.ProtobufRpcEngine2$Server$ProtoBufRpcInvoker.call(ProtobufRpcEngine2.java:574) [hadoop-common-3.3.1.jar:?]
	at org.apache.hadoop.ipc.ProtobufRpcEngine2$Server$ProtoBufRpcInvoker.call(ProtobufRpcEngine2.java:552) [hadoop-common-3.3.1.jar:?]
	at org.apache.hadoop.ipc.RPC$Server.call(RPC.java:1093) [hadoop-common-3.3.1.jar:?]
	at org.apache.hadoop.ipc.Server$RpcCall.run(Server.java:1035) [hadoop-common-3.3.1.jar:?]
	at org.apache.hadoop.ipc.Server$RpcCall.run(Server.java:963) [hadoop-common-3.3.1.jar:?]
	at java.security.AccessController.doPrivileged(Native Method) ~[?:1.8.0_332]
	at javax.security.auth.Subject.doAs(Subject.java:422) [?:1.8.0_332]
	at org.apache.hadoop.security.UserGroupInformation.doAs(UserGroupInformation.java:1878) [hadoop-common-3.3.1.jar:?]
	at org.apache.hadoop.ipc.Server$Handler.run(Server.java:2966) [hadoop-common-3.3.1.jar:?]
]]></system-out>
  </testcase>
  <testcase name="testRenameFileToDir" classname="TestRootedOzoneFileSystem" time="0.29">
    <system-out><![CDATA[2022-07-12 21:10:08,132 [Time-limited test] INFO  rpc.RpcClient (RpcClient.java:createVolume(466)) - Creating Volume: volume95783, with user32724 as owner and space quota set to -1 bytes, counts quota set to -1
2022-07-12 21:10:08,133 [IPC Server handler 8 on default port 32899] INFO  volume.OMVolumeCreateRequest (OMVolumeCreateRequest.java:validateAndUpdateCache(195)) - created volume:volume95783 for user:user32724
2022-07-12 21:10:08,134 [Time-limited test] INFO  rpc.RpcClient (RpcClient.java:createBucket(669)) - Creating Bucket: volume95783/bucket11419, with bucket layout LEGACY, runner as owner, Versioning false, Storage Type set to DISK and Encryption set to false 
2022-07-12 21:10:08,135 [IPC Server handler 9 on default port 32899] INFO  bucket.OMBucketCreateRequest (OMBucketCreateRequest.java:validateAndUpdateCache(260)) - created bucket: bucket11419 of layout LEGACY in volume: volume95783
21:10:08.186 [IPC Server handler 14 on default port 32899] ERROR OMAudit - user=runner | ip=127.0.0.1 | op=LIST_STATUS {volume=volume95783, bucket=bucket11419, key=a/b/c/file1, dataSize=0, replicationConfig=null} | ret=FAILURE
org.apache.hadoop.ozone.om.exceptions.OMException: Unable to get file status: volume: volume95783 bucket: bucket11419 key: a/b/c/file1
	at org.apache.hadoop.ozone.om.KeyManagerImpl.getOzoneFileStatus(KeyManagerImpl.java:1311) ~[ozone-manager-1.3.0-SNAPSHOT.jar:?]
	at org.apache.hadoop.ozone.om.KeyManagerImpl.getFileStatus(KeyManagerImpl.java:1241) ~[ozone-manager-1.3.0-SNAPSHOT.jar:?]
	at org.apache.hadoop.ozone.om.KeyManagerImpl.listStatus(KeyManagerImpl.java:1565) ~[ozone-manager-1.3.0-SNAPSHOT.jar:?]
	at org.apache.hadoop.ozone.om.OzoneManager.listStatus(OzoneManager.java:3497) ~[ozone-manager-1.3.0-SNAPSHOT.jar:?]
	at org.apache.hadoop.ozone.protocolPB.OzoneManagerRequestHandler.listStatus(OzoneManagerRequestHandler.java:1028) ~[ozone-manager-1.3.0-SNAPSHOT.jar:?]
	at org.apache.hadoop.ozone.protocolPB.OzoneManagerRequestHandler.handleReadRequest(OzoneManagerRequestHandler.java:228) ~[ozone-manager-1.3.0-SNAPSHOT.jar:?]
	at org.apache.hadoop.ozone.protocolPB.OzoneManagerProtocolServerSideTranslatorPB.submitRequestDirectlyToOM(OzoneManagerProtocolServerSideTranslatorPB.java:276) ~[ozone-manager-1.3.0-SNAPSHOT.jar:?]
	at org.apache.hadoop.ozone.protocolPB.OzoneManagerProtocolServerSideTranslatorPB.processRequest(OzoneManagerProtocolServerSideTranslatorPB.java:205) ~[ozone-manager-1.3.0-SNAPSHOT.jar:?]
	at org.apache.hadoop.hdds.server.OzoneProtocolMessageDispatcher.processRequest(OzoneProtocolMessageDispatcher.java:87) [hdds-server-framework-1.3.0-SNAPSHOT.jar:?]
	at org.apache.hadoop.ozone.protocolPB.OzoneManagerProtocolServerSideTranslatorPB.submitRequest(OzoneManagerProtocolServerSideTranslatorPB.java:147) [ozone-manager-1.3.0-SNAPSHOT.jar:?]
	at org.apache.hadoop.ozone.protocol.proto.OzoneManagerProtocolProtos$OzoneManagerService$2.callBlockingMethod(OzoneManagerProtocolProtos.java) [ozone-interface-client-1.3.0-SNAPSHOT.jar:?]
	at org.apache.hadoop.ipc.ProtobufRpcEngine$Server.processCall(ProtobufRpcEngine.java:466) [hadoop-common-3.3.1.jar:?]
	at org.apache.hadoop.ipc.ProtobufRpcEngine2$Server$ProtoBufRpcInvoker.call(ProtobufRpcEngine2.java:574) [hadoop-common-3.3.1.jar:?]
	at org.apache.hadoop.ipc.ProtobufRpcEngine2$Server$ProtoBufRpcInvoker.call(ProtobufRpcEngine2.java:552) [hadoop-common-3.3.1.jar:?]
	at org.apache.hadoop.ipc.RPC$Server.call(RPC.java:1093) [hadoop-common-3.3.1.jar:?]
	at org.apache.hadoop.ipc.Server$RpcCall.run(Server.java:1035) [hadoop-common-3.3.1.jar:?]
	at org.apache.hadoop.ipc.Server$RpcCall.run(Server.java:963) [hadoop-common-3.3.1.jar:?]
	at java.security.AccessController.doPrivileged(Native Method) ~[?:1.8.0_332]
	at javax.security.auth.Subject.doAs(Subject.java:422) [?:1.8.0_332]
	at org.apache.hadoop.security.UserGroupInformation.doAs(UserGroupInformation.java:1878) [hadoop-common-3.3.1.jar:?]
	at org.apache.hadoop.ipc.Server$Handler.run(Server.java:2966) [hadoop-common-3.3.1.jar:?]
]]></system-out>
  </testcase>
</testsuite>